<?xml version="1.0" encoding="UTF-8"?>
<testsuites tests="58" failures="46" errors="46" skipped="0">
  <testsuite timestamp="2025-04-27T17:13:11" time="969.421" tests="11" failures="8" errors="8" skipped="0">
    <properties>
      <property name="specId" value="0" />
      <property name="suiteName" value="Billing confirm US117289" />
      <property name="capabilities" value="chrome.135_0_7049_96.windows" />
      <property name="file" value="file:///D:/a/1/s/test/specs/BTS/billing-confirm.spec.js" />
    </properties>
    <testcase classname="chrome.135_0_7049_96.windows.Billing_confirm_US117289" name="Should create a new yard" time="123.602">
      <system-out><![CDATA[
COMMAND: POST /session/b7ba4cc64eff0f9e2c488515e19366a0/window/fullscreen - {}
RESULT: {}
COMMAND: POST /session/b7ba4cc64eff0f9e2c488515e19366a0/execute/async - {"script":"<script> [1562 bytes]","args":[{"selector":{"controlType":"sap.m.GenericTile","properties":{"header":"Manage Yards"}},"wdio_ui5_key":"sapm.GenericTile{\"header\":\"Manage Yards\"}"}]}
RESULT: {"script":"<script> [1562 bytes]","args":[{"selector":{"controlType":"sap.m.GenericTile","properties":{"header":"Manage Yards"}},"wdio_ui5_key":"sapm.GenericTile{\"header\":\"Manage Yards\"}"}]}
RESULT: undefined
COMMAND: POST /session/b7ba4cc64eff0f9e2c488515e19366a0/element - {"using":"xpath","value":"//*[@id=\"__tile41\"]"}
RESULT: {"using":"xpath","value":"//*[@id=\"__tile41\"]"}
COMMAND: POST /session/b7ba4cc64eff0f9e2c488515e19366a0/element/f.C1A8CAC93E6CD690700888AD19FFBF78.d.80FD11F986AE53493F46E9A2995C7F62.e.157/click - {}
RESULT: {}
COMMAND: POST /session/b7ba4cc64eff0f9e2c488515e19366a0/element - {"using":"xpath","value":"//button[@data-kt=\"addNewYardOverflowToolbarButton\"]"}
COMMAND: GET /session/b7ba4cc64eff0f9e2c488515e19366a0/screenshot - {}
RESULT: {"using":"xpath","value":"//button[@data-kt=\"addNewYardOverflowToolbarButton\"]"}
COMMAND: POST /session/b7ba4cc64eff0f9e2c488515e19366a0/elements - {"using":"xpath","value":"//button[@data-kt=\"addNewYardOverflowToolbarButton\"]"}
RESULT: {}
RESULT: {"using":"xpath","value":"//button[@data-kt=\"addNewYardOverflowToolbarButton\"]"}
COMMAND: POST /session/b7ba4cc64eff0f9e2c488515e19366a0/elements - {"using":"xpath","value":"//button[@data-kt=\"addNewYardOverflowToolbarButton\"]"}
RESULT: {"using":"xpath","value":"//button[@data-kt=\"addNewYardOverflowToolbarButton\"]"}
COMMAND: POST /session/b7ba4cc64eff0f9e2c488515e19366a0/elements - {"using":"xpath","value":"//button[@data-kt=\"addNewYardOverflowToolbarButton\"]"}
RESULT: {"using":"xpath","value":"//button[@data-kt=\"addNewYardOverflowToolbarButton\"]"}
COMMAND: POST /session/b7ba4cc64eff0f9e2c488515e19366a0/elements - {"using":"xpath","value":"//button[@data-kt=\"addNewYardOverflowToolbarButton\"]"}
RESULT: {"using":"xpath","value":"//button[@data-kt=\"addNewYardOverflowToolbarButton\"]"}
COMMAND: POST /session/b7ba4cc64eff0f9e2c488515e19366a0/elements - {"using":"xpath","value":"//button[@data-kt=\"addNewYardOverflowToolbarButton\"]"}
RESULT: {"using":"xpath","value":"//button[@data-kt=\"addNewYardOverflowToolbarButton\"]"}
COMMAND: POST /session/b7ba4cc64eff0f9e2c488515e19366a0/elements - {"using":"xpath","value":"//button[@data-kt=\"addNewYardOverflowToolbarButton\"]"}
RESULT: {"using":"xpath","value":"//button[@data-kt=\"addNewYardOverflowToolbarButton\"]"}
COMMAND: POST /session/b7ba4cc64eff0f9e2c488515e19366a0/elements - {"using":"xpath","value":"//button[@data-kt=\"addNewYardOverflowToolbarButton\"]"}
RESULT: {"using":"xpath","value":"//button[@data-kt=\"addNewYardOverflowToolbarButton\"]"}
COMMAND: POST /session/b7ba4cc64eff0f9e2c488515e19366a0/elements - {"using":"xpath","value":"//button[@data-kt=\"addNewYardOverflowToolbarButton\"]"}
RESULT: {"using":"xpath","value":"//button[@data-kt=\"addNewYardOverflowToolbarButton\"]"}
COMMAND: POST /session/b7ba4cc64eff0f9e2c488515e19366a0/elements - {"using":"xpath","value":"//button[@data-kt=\"addNewYardOverflowToolbarButton\"]"}
RESULT: {"using":"xpath","value":"//button[@data-kt=\"addNewYardOverflowToolbarButton\"]"}
COMMAND: POST /session/b7ba4cc64eff0f9e2c488515e19366a0/elements - {"using":"xpath","value":"//button[@data-kt=\"addNewYardOverflowToolbarButton\"]"}
RESULT: {"using":"xpath","value":"//button[@data-kt=\"addNewYardOverflowToolbarButton\"]"}
COMMAND: POST /session/b7ba4cc64eff0f9e2c488515e19366a0/elements - {"using":"xpath","value":"//button[@data-kt=\"addNewYardOverflowToolbarButton\"]"}
RESULT: {"using":"xpath","value":"//button[@data-kt=\"addNewYardOverflowToolbarButton\"]"}
COMMAND: POST /session/b7ba4cc64eff0f9e2c488515e19366a0/elements - {"using":"xpath","value":"//button[@data-kt=\"addNewYardOverflowToolbarButton\"]"}
RESULT: {"using":"xpath","value":"//button[@data-kt=\"addNewYardOverflowToolbarButton\"]"}
COMMAND: POST /session/b7ba4cc64eff0f9e2c488515e19366a0/elements - {"using":"xpath","value":"//button[@data-kt=\"addNewYardOverflowToolbarButton\"]"}
RESULT: {"using":"xpath","value":"//button[@data-kt=\"addNewYardOverflowToolbarButton\"]"}
COMMAND: POST /session/b7ba4cc64eff0f9e2c488515e19366a0/elements - {"using":"xpath","value":"//button[@data-kt=\"addNewYardOverflowToolbarButton\"]"}
RESULT: {"using":"xpath","value":"//button[@data-kt=\"addNewYardOverflowToolbarButton\"]"}
COMMAND: POST /session/b7ba4cc64eff0f9e2c488515e19366a0/elements - {"using":"xpath","value":"//button[@data-kt=\"addNewYardOverflowToolbarButton\"]"}
RESULT: {"using":"xpath","value":"//button[@data-kt=\"addNewYardOverflowToolbarButton\"]"}
COMMAND: POST /session/b7ba4cc64eff0f9e2c488515e19366a0/elements - {"using":"xpath","value":"//button[@data-kt=\"addNewYardOverflowToolbarButton\"]"}
RESULT: {"using":"xpath","value":"//button[@data-kt=\"addNewYardOverflowToolbarButton\"]"}
COMMAND: POST /session/b7ba4cc64eff0f9e2c488515e19366a0/elements - {"using":"xpath","value":"//button[@data-kt=\"addNewYardOverflowToolbarButton\"]"}
RESULT: {"using":"xpath","value":"//button[@data-kt=\"addNewYardOverflowToolbarButton\"]"}
COMMAND: POST /session/b7ba4cc64eff0f9e2c488515e19366a0/elements - {"using":"xpath","value":"//button[@data-kt=\"addNewYardOverflowToolbarButton\"]"}
RESULT: {"using":"xpath","value":"//button[@data-kt=\"addNewYardOverflowToolbarButton\"]"}
COMMAND: POST /session/b7ba4cc64eff0f9e2c488515e19366a0/elements - {"using":"xpath","value":"//button[@data-kt=\"addNewYardOverflowToolbarButton\"]"}
RESULT: {"using":"xpath","value":"//button[@data-kt=\"addNewYardOverflowToolbarButton\"]"}
COMMAND: POST /session/b7ba4cc64eff0f9e2c488515e19366a0/elements - {"using":"xpath","value":"//button[@data-kt=\"addNewYardOverflowToolbarButton\"]"}
RESULT: {"using":"xpath","value":"//button[@data-kt=\"addNewYardOverflowToolbarButton\"]"}
COMMAND: POST /session/b7ba4cc64eff0f9e2c488515e19366a0/elements - {"using":"xpath","value":"//button[@data-kt=\"addNewYardOverflowToolbarButton\"]"}
RESULT: {"using":"xpath","value":"//button[@data-kt=\"addNewYardOverflowToolbarButton\"]"}
COMMAND: POST /session/b7ba4cc64eff0f9e2c488515e19366a0/elements - {"using":"xpath","value":"//button[@data-kt=\"addNewYardOverflowToolbarButton\"]"}
RESULT: {"using":"xpath","value":"//button[@data-kt=\"addNewYardOverflowToolbarButton\"]"}
COMMAND: POST /session/b7ba4cc64eff0f9e2c488515e19366a0/elements - {"using":"xpath","value":"//button[@data-kt=\"addNewYardOverflowToolbarButton\"]"}
RESULT: {"using":"xpath","value":"//button[@data-kt=\"addNewYardOverflowToolbarButton\"]"}
COMMAND: POST /session/b7ba4cc64eff0f9e2c488515e19366a0/elements - {"using":"xpath","value":"//button[@data-kt=\"addNewYardOverflowToolbarButton\"]"}
RESULT: {"using":"xpath","value":"//button[@data-kt=\"addNewYardOverflowToolbarButton\"]"}
COMMAND: POST /session/b7ba4cc64eff0f9e2c488515e19366a0/elements - {"using":"xpath","value":"//button[@data-kt=\"addNewYardOverflowToolbarButton\"]"}
RESULT: {"using":"xpath","value":"//button[@data-kt=\"addNewYardOverflowToolbarButton\"]"}
COMMAND: POST /session/b7ba4cc64eff0f9e2c488515e19366a0/elements - {"using":"xpath","value":"//button[@data-kt=\"addNewYardOverflowToolbarButton\"]"}
RESULT: {"using":"xpath","value":"//button[@data-kt=\"addNewYardOverflowToolbarButton\"]"}
COMMAND: POST /session/b7ba4cc64eff0f9e2c488515e19366a0/elements - {"using":"xpath","value":"//button[@data-kt=\"addNewYardOverflowToolbarButton\"]"}
RESULT: {"using":"xpath","value":"//button[@data-kt=\"addNewYardOverflowToolbarButton\"]"}
COMMAND: POST /session/b7ba4cc64eff0f9e2c488515e19366a0/elements - {"using":"xpath","value":"//button[@data-kt=\"addNewYardOverflowToolbarButton\"]"}
RESULT: {"using":"xpath","value":"//button[@data-kt=\"addNewYardOverflowToolbarButton\"]"}
COMMAND: POST /session/b7ba4cc64eff0f9e2c488515e19366a0/elements - {"using":"xpath","value":"//button[@data-kt=\"addNewYardOverflowToolbarButton\"]"}
RESULT: {"using":"xpath","value":"//button[@data-kt=\"addNewYardOverflowToolbarButton\"]"}
COMMAND: POST /session/b7ba4cc64eff0f9e2c488515e19366a0/elements - {"using":"xpath","value":"//button[@data-kt=\"addNewYardOverflowToolbarButton\"]"}
RESULT: {"using":"xpath","value":"//button[@data-kt=\"addNewYardOverflowToolbarButton\"]"}
COMMAND: POST /session/b7ba4cc64eff0f9e2c488515e19366a0/elements - {"using":"xpath","value":"//button[@data-kt=\"addNewYardOverflowToolbarButton\"]"}
RESULT: {"using":"xpath","value":"//button[@data-kt=\"addNewYardOverflowToolbarButton\"]"}
COMMAND: POST /session/b7ba4cc64eff0f9e2c488515e19366a0/elements - {"using":"xpath","value":"//button[@data-kt=\"addNewYardOverflowToolbarButton\"]"}
RESULT: {"using":"xpath","value":"//button[@data-kt=\"addNewYardOverflowToolbarButton\"]"}
COMMAND: POST /session/b7ba4cc64eff0f9e2c488515e19366a0/element - {"using":"xpath","value":"//button[@data-kt=\"addNewYardOverflowToolbarButton\"]"}
RESULT: {"using":"xpath","value":"//button[@data-kt=\"addNewYardOverflowToolbarButton\"]"}
COMMAND: POST /session/b7ba4cc64eff0f9e2c488515e19366a0/execute/sync - {"script":"<script> [8489 bytes]","args":[{"element-6066-11e4-a52e-4f735466cecf":"f.C1A8CAC93E6CD690700888AD19FFBF78.d.80FD11F986AE53493F46E9A2995C7F62.e.294","ELEMENT":"f.C1A8CAC93E6CD690700888AD19FFBF78.d.80FD11F986AE53493F46E9A2995C7F62.e.294"}]}
RESULT: {"script":"<script> [8489 bytes]","args":[{"element-6066-11e4-a52e-4f735466cecf":"f.C1A8CAC93E6CD690700888AD19FFBF78.d.80FD11F986AE53493F46E9A2995C7F62.e.294","ELEMENT":"f.C1A8CAC93E6CD690700888AD19FFBF78.d.80FD11F986AE53493F46E9A2995C7F62.e.294"}]}
COMMAND: GET /session/b7ba4cc64eff0f9e2c488515e19366a0/element/f.C1A8CAC93E6CD690700888AD19FFBF78.d.80FD11F986AE53493F46E9A2995C7F62.e.294/enabled - {}
COMMAND: GET /session/b7ba4cc64eff0f9e2c488515e19366a0/screenshot - {}
RESULT: {}
COMMAND: POST /session/b7ba4cc64eff0f9e2c488515e19366a0/execute/sync - {"script":"<script> [8489 bytes]","args":[{"element-6066-11e4-a52e-4f735466cecf":"f.C1A8CAC93E6CD690700888AD19FFBF78.d.80FD11F986AE53493F46E9A2995C7F62.e.294","ELEMENT":"f.C1A8CAC93E6CD690700888AD19FFBF78.d.80FD11F986AE53493F46E9A2995C7F62.e.294"}]}
COMMAND: GET /session/b7ba4cc64eff0f9e2c488515e19366a0/screenshot - {}
RESULT: {}
RESULT: {"script":"<script> [8489 bytes]","args":[{"element-6066-11e4-a52e-4f735466cecf":"f.C1A8CAC93E6CD690700888AD19FFBF78.d.80FD11F986AE53493F46E9A2995C7F62.e.294","ELEMENT":"f.C1A8CAC93E6CD690700888AD19FFBF78.d.80FD11F986AE53493F46E9A2995C7F62.e.294"}]}
COMMAND: POST /session/b7ba4cc64eff0f9e2c488515e19366a0/execute/sync - {"script":"<script> [5351 bytes]","args":[{"element-6066-11e4-a52e-4f735466cecf":"f.C1A8CAC93E6CD690700888AD19FFBF78.d.80FD11F986AE53493F46E9A2995C7F62.e.294","ELEMENT":"f.C1A8CAC93E6CD690700888AD19FFBF78.d.80FD11F986AE53493F46E9A2995C7F62.e.294"}]}
COMMAND: GET /session/b7ba4cc64eff0f9e2c488515e19366a0/screenshot - {}
RESULT: {}
RESULT: {"script":"<script> [5351 bytes]","args":[{"element-6066-11e4-a52e-4f735466cecf":"f.C1A8CAC93E6CD690700888AD19FFBF78.d.80FD11F986AE53493F46E9A2995C7F62.e.294","ELEMENT":"f.C1A8CAC93E6CD690700888AD19FFBF78.d.80FD11F986AE53493F46E9A2995C7F62.e.294"}]}
COMMAND: POST /session/b7ba4cc64eff0f9e2c488515e19366a0/element/f.C1A8CAC93E6CD690700888AD19FFBF78.d.80FD11F986AE53493F46E9A2995C7F62.e.294/click - {}
COMMAND: GET /session/b7ba4cc64eff0f9e2c488515e19366a0/screenshot - {}
RESULT: {}
RESULT: {}
COMMAND: GET /session/b7ba4cc64eff0f9e2c488515e19366a0/screenshot - {}
COMMAND: POST /session/b7ba4cc64eff0f9e2c488515e19366a0/element - {"using":"xpath","value":"//input[@id=\"application-manageyards-display-component---NewYard--yardId-inner\"]"}
RESULT: {}
RESULT: {}
RESULT: {"using":"xpath","value":"//input[@id=\"application-manageyards-display-component---NewYard--yardId-inner\"]"}
COMMAND: POST /session/b7ba4cc64eff0f9e2c488515e19366a0/element - {"using":"xpath","value":"//input[@id=\"application-manageyards-display-component---NewYard--yardId-inner\"]"}
RESULT: {"using":"xpath","value":"//input[@id=\"application-manageyards-display-component---NewYard--yardId-inner\"]"}
COMMAND: POST /session/b7ba4cc64eff0f9e2c488515e19366a0/execute/async - {"script":"<script> [1562 bytes]","args":[{"selector":{"id":"application-manageyards-display-component---NewYard--addressDetailDetailsName1","interaction":{"idSuffix":"inner"}},"wdio_ui5_key":"applicationmanageyards-display-component---NewYard--addressDetailDetailsName1"}]}
RESULT: {"script":"<script> [1562 bytes]","args":[{"selector":{"id":"application-manageyards-display-component---NewYard--addressDetailDetailsName1","interaction":{"idSuffix":"inner"}},"wdio_ui5_key":"applicationmanageyards-display-component---NewYard--addressDetailDetailsName1"}]}
RESULT: undefined
COMMAND: POST /session/b7ba4cc64eff0f9e2c488515e19366a0/execute/async - {"script":"<script> [776 bytes]","args":[{"enterText":"Intracompany Yard wdIO","selector":{"id":"application-manageyards-display-component---NewYard--addressDetailDetailsName1","interaction":{"idSuffix":"inner"}},"clearTextFirst":true,"interactionType":"ENTER_TEXT"}]}
RESULT: {"script":"<script> [776 bytes]","args":[{"enterText":"Intracompany Yard wdIO","selector":{"id":"application-manageyards-display-component---NewYard--addressDetailDetailsName1","interaction":{"idSuffix":"inner"}},"clearTextFirst":true,"interactionType":"ENTER_TEXT"}]}
COMMAND: POST /session/b7ba4cc64eff0f9e2c488515e19366a0/execute/async - {"script":"<script> [1562 bytes]","args":[{"selector":{"id":"application-manageyards-display-component---NewYard--addressDetailDetailsLanguage-arrow"},"wdio_ui5_key":"applicationmanageyards-display-component---NewYard--addressDetailDetailsLanguage-arrow"}]}
RESULT: {"script":"<script> [1562 bytes]","args":[{"selector":{"id":"application-manageyards-display-component---NewYard--addressDetailDetailsLanguage-arrow"},"wdio_ui5_key":"applicationmanageyards-display-component---NewYard--addressDetailDetailsLanguage-arrow"}]}
RESULT: undefined
COMMAND: POST /session/b7ba4cc64eff0f9e2c488515e19366a0/element - {"using":"xpath","value":"//*[@id=\"application-manageyards-display-component---NewYard--addressDetailDetailsLanguage-arrow\"]"}
RESULT: {"using":"xpath","value":"//*[@id=\"application-manageyards-display-component---NewYard--addressDetailDetailsLanguage-arrow\"]"}
COMMAND: POST /session/b7ba4cc64eff0f9e2c488515e19366a0/element/f.C1A8CAC93E6CD690700888AD19FFBF78.d.80FD11F986AE53493F46E9A2995C7F62.e.721/click - {}
RESULT: {}
COMMAND: POST /session/b7ba4cc64eff0f9e2c488515e19366a0/element - {"using":"xpath","value":"//span[contains(text(), \"English\")]"}
COMMAND: GET /session/b7ba4cc64eff0f9e2c488515e19366a0/screenshot - {}
RESULT: {"using":"xpath","value":"//span[contains(text(), \"English\")]"}
COMMAND: POST /session/b7ba4cc64eff0f9e2c488515e19366a0/element/f.C1A8CAC93E6CD690700888AD19FFBF78.d.80FD11F986AE53493F46E9A2995C7F62.e.722/click - {}
RESULT: {}
RESULT: {}
COMMAND: POST /session/b7ba4cc64eff0f9e2c488515e19366a0/execute/async - {"script":"<script> [1562 bytes]","args":[{"selector":{"id":"application-manageyards-display-component---NewYard--addressDetailDetailsCity1","interaction":{"idSuffix":"inner"}},"wdio_ui5_key":"applicationmanageyards-display-component---NewYard--addressDetailDetailsCity1"}]}
COMMAND: GET /session/b7ba4cc64eff0f9e2c488515e19366a0/screenshot - {}
RESULT: {"script":"<script> [1562 bytes]","args":[{"selector":{"id":"application-manageyards-display-component---NewYard--addressDetailDetailsCity1","interaction":{"idSuffix":"inner"}},"wdio_ui5_key":"applicationmanageyards-display-component---NewYard--addressDetailDetailsCity1"}]}
RESULT: undefined
COMMAND: POST /session/b7ba4cc64eff0f9e2c488515e19366a0/execute/async - {"script":"<script> [776 bytes]","args":[{"enterText":"Rosario","selector":{"id":"application-manageyards-display-component---NewYard--addressDetailDetailsCity1","interaction":{"idSuffix":"inner"}},"clearTextFirst":true,"interactionType":"ENTER_TEXT"}]}
RESULT: {}
RESULT: {"script":"<script> [776 bytes]","args":[{"enterText":"Rosario","selector":{"id":"application-manageyards-display-component---NewYard--addressDetailDetailsCity1","interaction":{"idSuffix":"inner"}},"clearTextFirst":true,"interactionType":"ENTER_TEXT"}]}
COMMAND: POST /session/b7ba4cc64eff0f9e2c488515e19366a0/execute/async - {"script":"<script> [1562 bytes]","args":[{"selector":{"id":"application-manageyards-display-component---NewYard--addressDetailDetailsCountry-arrow"},"wdio_ui5_key":"applicationmanageyards-display-component---NewYard--addressDetailDetailsCountry-arrow"}]}
RESULT: {"script":"<script> [1562 bytes]","args":[{"selector":{"id":"application-manageyards-display-component---NewYard--addressDetailDetailsCountry-arrow"},"wdio_ui5_key":"applicationmanageyards-display-component---NewYard--addressDetailDetailsCountry-arrow"}]}
RESULT: undefined
COMMAND: POST /session/b7ba4cc64eff0f9e2c488515e19366a0/element - {"using":"xpath","value":"//*[@id=\"application-manageyards-display-component---NewYard--addressDetailDetailsCountry-arrow\"]"}
RESULT: {"using":"xpath","value":"//*[@id=\"application-manageyards-display-component---NewYard--addressDetailDetailsCountry-arrow\"]"}
COMMAND: POST /session/b7ba4cc64eff0f9e2c488515e19366a0/element/f.C1A8CAC93E6CD690700888AD19FFBF78.d.80FD11F986AE53493F46E9A2995C7F62.e.724/click - {}
RESULT: {}
COMMAND: POST /session/b7ba4cc64eff0f9e2c488515e19366a0/element - {"using":"xpath","value":"//span[contains(text(), \"Argentina\")]"}
COMMAND: GET /session/b7ba4cc64eff0f9e2c488515e19366a0/screenshot - {}
RESULT: {"using":"xpath","value":"//span[contains(text(), \"Argentina\")]"}
COMMAND: POST /session/b7ba4cc64eff0f9e2c488515e19366a0/element/f.C1A8CAC93E6CD690700888AD19FFBF78.d.80FD11F986AE53493F46E9A2995C7F62.e.725/click - {}
RESULT: {}
RESULT: {}
COMMAND: POST /session/b7ba4cc64eff0f9e2c488515e19366a0/execute/async - {"script":"<script> [1562 bytes]","args":[{"selector":{"id":"application-manageyards-display-component---NewYard--addressEditDetailsCostObjectCstType-arrow"},"wdio_ui5_key":"applicationmanageyards-display-component---NewYard--addressEditDetailsCostObjectCstType-arrow"}]}
COMMAND: GET /session/b7ba4cc64eff0f9e2c488515e19366a0/screenshot - {}
RESULT: {"script":"<script> [1562 bytes]","args":[{"selector":{"id":"application-manageyards-display-component---NewYard--addressEditDetailsCostObjectCstType-arrow"},"wdio_ui5_key":"applicationmanageyards-display-component---NewYard--addressEditDetailsCostObjectCstType-arrow"}]}
RESULT: undefined
COMMAND: POST /session/b7ba4cc64eff0f9e2c488515e19366a0/element - {"using":"xpath","value":"//*[@id=\"application-manageyards-display-component---NewYard--addressEditDetailsCostObjectCstType-arrow\"]"}
RESULT: {}
RESULT: {"using":"xpath","value":"//*[@id=\"application-manageyards-display-component---NewYard--addressEditDetailsCostObjectCstType-arrow\"]"}
COMMAND: POST /session/b7ba4cc64eff0f9e2c488515e19366a0/element/f.C1A8CAC93E6CD690700888AD19FFBF78.d.80FD11F986AE53493F46E9A2995C7F62.e.726/click - {}
RESULT: {}
COMMAND: POST /session/b7ba4cc64eff0f9e2c488515e19366a0/element - {"using":"xpath","value":"//span[contains(text(), \"Cost Center\")]"}
COMMAND: GET /session/b7ba4cc64eff0f9e2c488515e19366a0/screenshot - {}
RESULT: {"using":"xpath","value":"//span[contains(text(), \"Cost Center\")]"}
COMMAND: POST /session/b7ba4cc64eff0f9e2c488515e19366a0/element/f.C1A8CAC93E6CD690700888AD19FFBF78.d.80FD11F986AE53493F46E9A2995C7F62.e.727/click - {}
RESULT: {}
RESULT: {}
COMMAND: GET /session/b7ba4cc64eff0f9e2c488515e19366a0/screenshot - {}
RESULT: {}
COMMAND: POST /session/b7ba4cc64eff0f9e2c488515e19366a0/element - {"using":"xpath","value":"//span[@id=\"application-manageyards-display-component---NewYard--addressNewCostObjectCstID-vhi\"]"}
RESULT: {"using":"xpath","value":"//span[@id=\"application-manageyards-display-component---NewYard--addressNewCostObjectCstID-vhi\"]"}
COMMAND: POST /session/b7ba4cc64eff0f9e2c488515e19366a0/execute/sync - {"script":"<script> [8489 bytes]","args":[{"element-6066-11e4-a52e-4f735466cecf":"f.C1A8CAC93E6CD690700888AD19FFBF78.d.80FD11F986AE53493F46E9A2995C7F62.e.731","ELEMENT":"f.C1A8CAC93E6CD690700888AD19FFBF78.d.80FD11F986AE53493F46E9A2995C7F62.e.731"}]}
RESULT: {"script":"<script> [8489 bytes]","args":[{"element-6066-11e4-a52e-4f735466cecf":"f.C1A8CAC93E6CD690700888AD19FFBF78.d.80FD11F986AE53493F46E9A2995C7F62.e.731","ELEMENT":"f.C1A8CAC93E6CD690700888AD19FFBF78.d.80FD11F986AE53493F46E9A2995C7F62.e.731"}]}
COMMAND: POST /session/b7ba4cc64eff0f9e2c488515e19366a0/execute/async - {"script":"<script> [1562 bytes]","args":[{"selector":{"id":"application-manageyards-display-component---NewYard--addressNewCostObjectCstID-vhi"},"wdio_ui5_key":"applicationmanageyards-display-component---NewYard--addressNewCostObjectCstID-vhi"}]}
COMMAND: GET /session/b7ba4cc64eff0f9e2c488515e19366a0/screenshot - {}
RESULT: {"script":"<script> [1562 bytes]","args":[{"selector":{"id":"application-manageyards-display-component---NewYard--addressNewCostObjectCstID-vhi"},"wdio_ui5_key":"applicationmanageyards-display-component---NewYard--addressNewCostObjectCstID-vhi"}]}
RESULT: undefined
COMMAND: POST /session/b7ba4cc64eff0f9e2c488515e19366a0/element - {"using":"xpath","value":"//*[@id=\"application-manageyards-display-component---NewYard--addressNewCostObjectCstID-vhi\"]"}
RESULT: {}
RESULT: {"using":"xpath","value":"//*[@id=\"application-manageyards-display-component---NewYard--addressNewCostObjectCstID-vhi\"]"}
COMMAND: POST /session/b7ba4cc64eff0f9e2c488515e19366a0/element/f.C1A8CAC93E6CD690700888AD19FFBF78.d.80FD11F986AE53493F46E9A2995C7F62.e.731/click - {}
RESULT: {}
COMMAND: GET /session/b7ba4cc64eff0f9e2c488515e19366a0/screenshot - {}
RESULT: {}
COMMAND: POST /session/b7ba4cc64eff0f9e2c488515e19366a0/execute/async - {"script":"<script> [1562 bytes]","args":[{"selector":{"controlType":"sap.m.SearchField","properties":{"placeholder":"Search"},"searchOpenDialogs":true,"interaction":{"idSuffix":"I"}},"wdio_ui5_key":"sapm.SearchField{\"placeholder\":\"Search\"}"}]}
RESULT: {"script":"<script> [1562 bytes]","args":[{"selector":{"controlType":"sap.m.SearchField","properties":{"placeholder":"Search"},"searchOpenDialogs":true,"interaction":{"idSuffix":"I"}},"wdio_ui5_key":"sapm.SearchField{\"placeholder\":\"Search\"}"}]}
RESULT: undefined
COMMAND: POST /session/b7ba4cc64eff0f9e2c488515e19366a0/execute/async - {"script":"<script> [776 bytes]","args":[{"enterText":"10001013","selector":{"controlType":"sap.m.SearchField","properties":{"placeholder":"Search"},"searchOpenDialogs":true,"interaction":{"idSuffix":"I"}},"clearTextFirst":true,"interactionType":"ENTER_TEXT"}]}
RESULT: {"script":"<script> [776 bytes]","args":[{"enterText":"10001013","selector":{"controlType":"sap.m.SearchField","properties":{"placeholder":"Search"},"searchOpenDialogs":true,"interaction":{"idSuffix":"I"}},"clearTextFirst":true,"interactionType":"ENTER_TEXT"}]}
COMMAND: POST /session/b7ba4cc64eff0f9e2c488515e19366a0/actions - {"actions":[{"id":"action1","type":"key","parameters":{},"actions":[{"type":"keyDown","value":"î€‡"},{"type":"pause","duration":10},{"type":"keyUp","value":"î€‡"}]}]}
RESULT: {"actions":[{"id":"action1","type":"key","parameters":{},"actions":[{"type":"keyDown","value":"î€‡"},{"type":"pause","duration":10},{"type":"keyUp","value":"î€‡"}]}]}
COMMAND: GET /session/b7ba4cc64eff0f9e2c488515e19366a0/screenshot - {}
RESULT: {}
COMMAND: POST /session/b7ba4cc64eff0f9e2c488515e19366a0/element - {"using":"xpath","value":"//span[contains(text(), \"General Management\")]"}
RESULT: {"using":"xpath","value":"//span[contains(text(), \"General Management\")]"}
COMMAND: POST /session/b7ba4cc64eff0f9e2c488515e19366a0/element/f.C1A8CAC93E6CD690700888AD19FFBF78.d.80FD11F986AE53493F46E9A2995C7F62.e.771/click - {}
RESULT: {}
COMMAND: GET /session/b7ba4cc64eff0f9e2c488515e19366a0/screenshot - {}
RESULT: {}
COMMAND: POST /session/b7ba4cc64eff0f9e2c488515e19366a0/element - {"using":"xpath","value":"//bdi[contains(text(), \"OK\")]"}
RESULT: {"using":"xpath","value":"//bdi[contains(text(), \"OK\")]"}
COMMAND: POST /session/b7ba4cc64eff0f9e2c488515e19366a0/element/f.C1A8CAC93E6CD690700888AD19FFBF78.d.80FD11F986AE53493F46E9A2995C7F62.e.772/click - {}
RESULT: {}
COMMAND: GET /session/b7ba4cc64eff0f9e2c488515e19366a0/screenshot - {}
RESULT: {}
COMMAND: POST /session/b7ba4cc64eff0f9e2c488515e19366a0/execute/async - {"script":"<script> [1562 bytes]","args":[{"selector":{"id":"application-manageyards-display-component---NewYard--addressEditDetailsCurrency-arrow"},"wdio_ui5_key":"applicationmanageyards-display-component---NewYard--addressEditDetailsCurrency-arrow"}]}
RESULT: {"script":"<script> [1562 bytes]","args":[{"selector":{"id":"application-manageyards-display-component---NewYard--addressEditDetailsCurrency-arrow"},"wdio_ui5_key":"applicationmanageyards-display-component---NewYard--addressEditDetailsCurrency-arrow"}]}
RESULT: undefined
COMMAND: POST /session/b7ba4cc64eff0f9e2c488515e19366a0/element - {"using":"xpath","value":"//*[@id=\"application-manageyards-display-component---NewYard--addressEditDetailsCurrency-arrow\"]"}
RESULT: {"using":"xpath","value":"//*[@id=\"application-manageyards-display-component---NewYard--addressEditDetailsCurrency-arrow\"]"}
COMMAND: POST /session/b7ba4cc64eff0f9e2c488515e19366a0/element/f.C1A8CAC93E6CD690700888AD19FFBF78.d.80FD11F986AE53493F46E9A2995C7F62.e.775/click - {}
RESULT: {}
COMMAND: POST /session/b7ba4cc64eff0f9e2c488515e19366a0/element - {"using":"xpath","value":"//span[contains(text(), \"Euro\")]"}
COMMAND: GET /session/b7ba4cc64eff0f9e2c488515e19366a0/screenshot - {}
RESULT: {"using":"xpath","value":"//span[contains(text(), \"Euro\")]"}
COMMAND: POST /session/b7ba4cc64eff0f9e2c488515e19366a0/element/f.C1A8CAC93E6CD690700888AD19FFBF78.d.80FD11F986AE53493F46E9A2995C7F62.e.776/click - {}
RESULT: {}
RESULT: {}
COMMAND: POST /session/b7ba4cc64eff0f9e2c488515e19366a0/execute/async - {"script":"<script> [1562 bytes]","args":[{"selector":{"controlType":"sap.m.Input","viewName":"etm.portal.ui.manageyards.view.New","viewId":"application-manageyards-display-component---NewYard","bindingPath":{"path":"","propertyPath":"/CONTROLLING_AREA","modelName":"NewYardModel"},"interaction":{"idSuffix":"inner"}},"wdio_ui5_key":"etmportal.ui.manageyards.view.Newsap.m.Input{\"path\":\"\",\"propertyPath\":\"/CONTROLLING_AREA\",\"modelName\":\"NewYardModel\"}"}]}
COMMAND: GET /session/b7ba4cc64eff0f9e2c488515e19366a0/screenshot - {}
RESULT: {"script":"<script> [1562 bytes]","args":[{"selector":{"controlType":"sap.m.Input","viewName":"etm.portal.ui.manageyards.view.New","viewId":"application-manageyards-display-component---NewYard","bindingPath":{"path":"","propertyPath":"/CONTROLLING_AREA","modelName":"NewYardModel"},"interaction":{"idSuffix":"inner"}},"wdio_ui5_key":"etmportal.ui.manageyards.view.Newsap.m.Input{\"path\":\"\",\"propertyPath\":\"/CONTROLLING_AREA\",\"modelName\":\"NewYardModel\"}"}]}
RESULT: undefined
COMMAND: POST /session/b7ba4cc64eff0f9e2c488515e19366a0/execute/async - {"script":"<script> [776 bytes]","args":[{"enterText":"Z001","selector":{"controlType":"sap.m.Input","viewName":"etm.portal.ui.manageyards.view.New","viewId":"application-manageyards-display-component---NewYard","bindingPath":{"path":"","propertyPath":"/CONTROLLING_AREA","modelName":"NewYardModel"},"interaction":{"idSuffix":"inner"}},"clearTextFirst":true,"interactionType":"ENTER_TEXT"}]}
RESULT: {}
RESULT: {"script":"<script> [776 bytes]","args":[{"enterText":"Z001","selector":{"controlType":"sap.m.Input","viewName":"etm.portal.ui.manageyards.view.New","viewId":"application-manageyards-display-component---NewYard","bindingPath":{"path":"","propertyPath":"/CONTROLLING_AREA","modelName":"NewYardModel"},"interaction":{"idSuffix":"inner"}},"clearTextFirst":true,"interactionType":"ENTER_TEXT"}]}
COMMAND: POST /session/b7ba4cc64eff0f9e2c488515e19366a0/execute/async - {"script":"<script> [1562 bytes]","args":[{"selector":{"id":"application-manageyards-display-component---NewYard--companyCodeComboBox","interaction":{"idSuffix":"inner"}},"wdio_ui5_key":"applicationmanageyards-display-component---NewYard--companyCodeComboBox"}]}
RESULT: {"script":"<script> [1562 bytes]","args":[{"selector":{"id":"application-manageyards-display-component---NewYard--companyCodeComboBox","interaction":{"idSuffix":"inner"}},"wdio_ui5_key":"applicationmanageyards-display-component---NewYard--companyCodeComboBox"}]}
RESULT: undefined
COMMAND: POST /session/b7ba4cc64eff0f9e2c488515e19366a0/execute/async - {"script":"<script> [776 bytes]","args":[{"enterText":"1000","selector":{"id":"application-manageyards-display-component---NewYard--companyCodeComboBox","interaction":{"idSuffix":"inner"}},"clearTextFirst":true,"interactionType":"ENTER_TEXT"}]}
RESULT: {"script":"<script> [776 bytes]","args":[{"enterText":"1000","selector":{"id":"application-manageyards-display-component---NewYard--companyCodeComboBox","interaction":{"idSuffix":"inner"}},"clearTextFirst":true,"interactionType":"ENTER_TEXT"}]}
COMMAND: POST /session/b7ba4cc64eff0f9e2c488515e19366a0/execute/async - {"script":"<script> [1562 bytes]","args":[{"selector":{"controlType":"sap.m.Input","viewName":"etm.portal.ui.manageyards.view.New","viewId":"application-manageyards-display-component---NewYard","bindingPath":{"path":"","propertyPath":"/PLANT","modelName":"NewYardModel"},"interaction":{"idSuffix":"inner"}},"wdio_ui5_key":"etmportal.ui.manageyards.view.Newsap.m.Input{\"path\":\"\",\"propertyPath\":\"/PLANT\",\"modelName\":\"NewYardModel\"}"}]}
RESULT: {"script":"<script> [1562 bytes]","args":[{"selector":{"controlType":"sap.m.Input","viewName":"etm.portal.ui.manageyards.view.New","viewId":"application-manageyards-display-component---NewYard","bindingPath":{"path":"","propertyPath":"/PLANT","modelName":"NewYardModel"},"interaction":{"idSuffix":"inner"}},"wdio_ui5_key":"etmportal.ui.manageyards.view.Newsap.m.Input{\"path\":\"\",\"propertyPath\":\"/PLANT\",\"modelName\":\"NewYardModel\"}"}]}
RESULT: undefined
COMMAND: POST /session/b7ba4cc64eff0f9e2c488515e19366a0/execute/async - {"script":"<script> [776 bytes]","args":[{"enterText":"1001","selector":{"controlType":"sap.m.Input","viewName":"etm.portal.ui.manageyards.view.New","viewId":"application-manageyards-display-component---NewYard","bindingPath":{"path":"","propertyPath":"/PLANT","modelName":"NewYardModel"},"interaction":{"idSuffix":"inner"}},"clearTextFirst":true,"interactionType":"ENTER_TEXT"}]}
RESULT: {"script":"<script> [776 bytes]","args":[{"enterText":"1001","selector":{"controlType":"sap.m.Input","viewName":"etm.portal.ui.manageyards.view.New","viewId":"application-manageyards-display-component---NewYard","bindingPath":{"path":"","propertyPath":"/PLANT","modelName":"NewYardModel"},"interaction":{"idSuffix":"inner"}},"clearTextFirst":true,"interactionType":"ENTER_TEXT"}]}
COMMAND: POST /session/b7ba4cc64eff0f9e2c488515e19366a0/execute/async - {"script":"<script> [1562 bytes]","args":[{"selector":{"controlType":"sap.m.Input","viewName":"etm.portal.ui.manageyards.view.New","viewId":"application-manageyards-display-component---NewYard","bindingPath":{"path":"","propertyPath":"/SALES_AREA_VKORG","modelName":"NewYardModel"},"interaction":{"idSuffix":"inner"}},"wdio_ui5_key":"etmportal.ui.manageyards.view.Newsap.m.Input{\"path\":\"\",\"propertyPath\":\"/SALES_AREA_VKORG\",\"modelName\":\"NewYardModel\"}"}]}
RESULT: {"script":"<script> [1562 bytes]","args":[{"selector":{"controlType":"sap.m.Input","viewName":"etm.portal.ui.manageyards.view.New","viewId":"application-manageyards-display-component---NewYard","bindingPath":{"path":"","propertyPath":"/SALES_AREA_VKORG","modelName":"NewYardModel"},"interaction":{"idSuffix":"inner"}},"wdio_ui5_key":"etmportal.ui.manageyards.view.Newsap.m.Input{\"path\":\"\",\"propertyPath\":\"/SALES_AREA_VKORG\",\"modelName\":\"NewYardModel\"}"}]}
RESULT: undefined
COMMAND: POST /session/b7ba4cc64eff0f9e2c488515e19366a0/execute/async - {"script":"<script> [776 bytes]","args":[{"enterText":"C002","selector":{"controlType":"sap.m.Input","viewName":"etm.portal.ui.manageyards.view.New","viewId":"application-manageyards-display-component---NewYard","bindingPath":{"path":"","propertyPath":"/SALES_AREA_VKORG","modelName":"NewYardModel"},"interaction":{"idSuffix":"inner"}},"clearTextFirst":true,"interactionType":"ENTER_TEXT"}]}
RESULT: {"script":"<script> [776 bytes]","args":[{"enterText":"C002","selector":{"controlType":"sap.m.Input","viewName":"etm.portal.ui.manageyards.view.New","viewId":"application-manageyards-display-component---NewYard","bindingPath":{"path":"","propertyPath":"/SALES_AREA_VKORG","modelName":"NewYardModel"},"interaction":{"idSuffix":"inner"}},"clearTextFirst":true,"interactionType":"ENTER_TEXT"}]}
COMMAND: POST /session/b7ba4cc64eff0f9e2c488515e19366a0/execute/async - {"script":"<script> [1562 bytes]","args":[{"selector":{"controlType":"sap.m.Input","viewName":"etm.portal.ui.manageyards.view.New","viewId":"application-manageyards-display-component---NewYard","bindingPath":{"path":"","propertyPath":"/SALES_AREA_VTWEG","modelName":"NewYardModel"},"interaction":{"idSuffix":"inner"}},"wdio_ui5_key":"etmportal.ui.manageyards.view.Newsap.m.Input{\"path\":\"\",\"propertyPath\":\"/SALES_AREA_VTWEG\",\"modelName\":\"NewYardModel\"}"}]}
RESULT: {"script":"<script> [1562 bytes]","args":[{"selector":{"controlType":"sap.m.Input","viewName":"etm.portal.ui.manageyards.view.New","viewId":"application-manageyards-display-component---NewYard","bindingPath":{"path":"","propertyPath":"/SALES_AREA_VTWEG","modelName":"NewYardModel"},"interaction":{"idSuffix":"inner"}},"wdio_ui5_key":"etmportal.ui.manageyards.view.Newsap.m.Input{\"path\":\"\",\"propertyPath\":\"/SALES_AREA_VTWEG\",\"modelName\":\"NewYardModel\"}"}]}
RESULT: undefined
COMMAND: POST /session/b7ba4cc64eff0f9e2c488515e19366a0/execute/async - {"script":"<script> [776 bytes]","args":[{"enterText":"C2","selector":{"controlType":"sap.m.Input","viewName":"etm.portal.ui.manageyards.view.New","viewId":"application-manageyards-display-component---NewYard","bindingPath":{"path":"","propertyPath":"/SALES_AREA_VTWEG","modelName":"NewYardModel"},"interaction":{"idSuffix":"inner"}},"clearTextFirst":true,"interactionType":"ENTER_TEXT"}]}
RESULT: {"script":"<script> [776 bytes]","args":[{"enterText":"C2","selector":{"controlType":"sap.m.Input","viewName":"etm.portal.ui.manageyards.view.New","viewId":"application-manageyards-display-component---NewYard","bindingPath":{"path":"","propertyPath":"/SALES_AREA_VTWEG","modelName":"NewYardModel"},"interaction":{"idSuffix":"inner"}},"clearTextFirst":true,"interactionType":"ENTER_TEXT"}]}
COMMAND: POST /session/b7ba4cc64eff0f9e2c488515e19366a0/execute/async - {"script":"<script> [1562 bytes]","args":[{"selector":{"controlType":"sap.m.Input","viewName":"etm.portal.ui.manageyards.view.New","viewId":"application-manageyards-display-component---NewYard","bindingPath":{"path":"","propertyPath":"/SALES_AREA_SPART","modelName":"NewYardModel"},"interaction":{"idSuffix":"inner"}},"wdio_ui5_key":"etmportal.ui.manageyards.view.Newsap.m.Input{\"path\":\"\",\"propertyPath\":\"/SALES_AREA_SPART\",\"modelName\":\"NewYardModel\"}"}]}
RESULT: {"script":"<script> [1562 bytes]","args":[{"selector":{"controlType":"sap.m.Input","viewName":"etm.portal.ui.manageyards.view.New","viewId":"application-manageyards-display-component---NewYard","bindingPath":{"path":"","propertyPath":"/SALES_AREA_SPART","modelName":"NewYardModel"},"interaction":{"idSuffix":"inner"}},"wdio_ui5_key":"etmportal.ui.manageyards.view.Newsap.m.Input{\"path\":\"\",\"propertyPath\":\"/SALES_AREA_SPART\",\"modelName\":\"NewYardModel\"}"}]}
RESULT: undefined
COMMAND: POST /session/b7ba4cc64eff0f9e2c488515e19366a0/execute/async - {"script":"<script> [776 bytes]","args":[{"enterText":"C2","selector":{"controlType":"sap.m.Input","viewName":"etm.portal.ui.manageyards.view.New","viewId":"application-manageyards-display-component---NewYard","bindingPath":{"path":"","propertyPath":"/SALES_AREA_SPART","modelName":"NewYardModel"},"interaction":{"idSuffix":"inner"}},"clearTextFirst":true,"interactionType":"ENTER_TEXT"}]}
RESULT: {"script":"<script> [776 bytes]","args":[{"enterText":"C2","selector":{"controlType":"sap.m.Input","viewName":"etm.portal.ui.manageyards.view.New","viewId":"application-manageyards-display-component---NewYard","bindingPath":{"path":"","propertyPath":"/SALES_AREA_SPART","modelName":"NewYardModel"},"interaction":{"idSuffix":"inner"}},"clearTextFirst":true,"interactionType":"ENTER_TEXT"}]}
COMMAND: POST /session/b7ba4cc64eff0f9e2c488515e19366a0/execute/async - {"script":"<script> [1562 bytes]","args":[{"selector":{"controlType":"sap.m.Input","viewName":"etm.portal.ui.manageyards.view.New","viewId":"application-manageyards-display-component---NewYard","bindingPath":{"path":"","propertyPath":"/SHIP_POINT","modelName":"NewYardModel"},"interaction":{"idSuffix":"inner"}},"wdio_ui5_key":"etmportal.ui.manageyards.view.Newsap.m.Input{\"path\":\"\",\"propertyPath\":\"/SHIP_POINT\",\"modelName\":\"NewYardModel\"}"}]}
RESULT: {"script":"<script> [1562 bytes]","args":[{"selector":{"controlType":"sap.m.Input","viewName":"etm.portal.ui.manageyards.view.New","viewId":"application-manageyards-display-component---NewYard","bindingPath":{"path":"","propertyPath":"/SHIP_POINT","modelName":"NewYardModel"},"interaction":{"idSuffix":"inner"}},"wdio_ui5_key":"etmportal.ui.manageyards.view.Newsap.m.Input{\"path\":\"\",\"propertyPath\":\"/SHIP_POINT\",\"modelName\":\"NewYardModel\"}"}]}
RESULT: undefined
COMMAND: POST /session/b7ba4cc64eff0f9e2c488515e19366a0/execute/async - {"script":"<script> [776 bytes]","args":[{"enterText":"1710","selector":{"controlType":"sap.m.Input","viewName":"etm.portal.ui.manageyards.view.New","viewId":"application-manageyards-display-component---NewYard","bindingPath":{"path":"","propertyPath":"/SHIP_POINT","modelName":"NewYardModel"},"interaction":{"idSuffix":"inner"}},"clearTextFirst":true,"interactionType":"ENTER_TEXT"}]}
RESULT: {"script":"<script> [776 bytes]","args":[{"enterText":"1710","selector":{"controlType":"sap.m.Input","viewName":"etm.portal.ui.manageyards.view.New","viewId":"application-manageyards-display-component---NewYard","bindingPath":{"path":"","propertyPath":"/SHIP_POINT","modelName":"NewYardModel"},"interaction":{"idSuffix":"inner"}},"clearTextFirst":true,"interactionType":"ENTER_TEXT"}]}
COMMAND: POST /session/b7ba4cc64eff0f9e2c488515e19366a0/execute/async - {"script":"<script> [1562 bytes]","args":[{"selector":{"controlType":"sap.m.Input","viewName":"etm.portal.ui.manageyards.view.New","viewId":"application-manageyards-display-component---NewYard","bindingPath":{"path":"","propertyPath":"/DELIVERY_TYPE","modelName":"NewYardModel"},"interaction":{"idSuffix":"inner"}},"wdio_ui5_key":"etmportal.ui.manageyards.view.Newsap.m.Input{\"path\":\"\",\"propertyPath\":\"/DELIVERY_TYPE\",\"modelName\":\"NewYardModel\"}"}]}
RESULT: {"script":"<script> [1562 bytes]","args":[{"selector":{"controlType":"sap.m.Input","viewName":"etm.portal.ui.manageyards.view.New","viewId":"application-manageyards-display-component---NewYard","bindingPath":{"path":"","propertyPath":"/DELIVERY_TYPE","modelName":"NewYardModel"},"interaction":{"idSuffix":"inner"}},"wdio_ui5_key":"etmportal.ui.manageyards.view.Newsap.m.Input{\"path\":\"\",\"propertyPath\":\"/DELIVERY_TYPE\",\"modelName\":\"NewYardModel\"}"}]}
RESULT: undefined
COMMAND: POST /session/b7ba4cc64eff0f9e2c488515e19366a0/execute/async - {"script":"<script> [776 bytes]","args":[{"enterText":"ZL01","selector":{"controlType":"sap.m.Input","viewName":"etm.portal.ui.manageyards.view.New","viewId":"application-manageyards-display-component---NewYard","bindingPath":{"path":"","propertyPath":"/DELIVERY_TYPE","modelName":"NewYardModel"},"interaction":{"idSuffix":"inner"}},"clearTextFirst":true,"interactionType":"ENTER_TEXT"}]}
RESULT: {"script":"<script> [776 bytes]","args":[{"enterText":"ZL01","selector":{"controlType":"sap.m.Input","viewName":"etm.portal.ui.manageyards.view.New","viewId":"application-manageyards-display-component---NewYard","bindingPath":{"path":"","propertyPath":"/DELIVERY_TYPE","modelName":"NewYardModel"},"interaction":{"idSuffix":"inner"}},"clearTextFirst":true,"interactionType":"ENTER_TEXT"}]}
COMMAND: POST /session/b7ba4cc64eff0f9e2c488515e19366a0/execute/async - {"script":"<script> [1562 bytes]","args":[{"selector":{"controlType":"sap.m.Input","viewName":"etm.portal.ui.manageyards.view.New","viewId":"application-manageyards-display-component---NewYard","bindingPath":{"path":"","propertyPath":"/AUART","modelName":"NewYardModel"},"interaction":{"idSuffix":"inner"}},"wdio_ui5_key":"etmportal.ui.manageyards.view.Newsap.m.Input{\"path\":\"\",\"propertyPath\":\"/AUART\",\"modelName\":\"NewYardModel\"}"}]}
RESULT: {"script":"<script> [1562 bytes]","args":[{"selector":{"controlType":"sap.m.Input","viewName":"etm.portal.ui.manageyards.view.New","viewId":"application-manageyards-display-component---NewYard","bindingPath":{"path":"","propertyPath":"/AUART","modelName":"NewYardModel"},"interaction":{"idSuffix":"inner"}},"wdio_ui5_key":"etmportal.ui.manageyards.view.Newsap.m.Input{\"path\":\"\",\"propertyPath\":\"/AUART\",\"modelName\":\"NewYardModel\"}"}]}
RESULT: undefined
COMMAND: POST /session/b7ba4cc64eff0f9e2c488515e19366a0/execute/async - {"script":"<script> [776 bytes]","args":[{"enterText":"TA","selector":{"controlType":"sap.m.Input","viewName":"etm.portal.ui.manageyards.view.New","viewId":"application-manageyards-display-component---NewYard","bindingPath":{"path":"","propertyPath":"/AUART","modelName":"NewYardModel"},"interaction":{"idSuffix":"inner"}},"clearTextFirst":true,"interactionType":"ENTER_TEXT"}]}
RESULT: {"script":"<script> [776 bytes]","args":[{"enterText":"TA","selector":{"controlType":"sap.m.Input","viewName":"etm.portal.ui.manageyards.view.New","viewId":"application-manageyards-display-component---NewYard","bindingPath":{"path":"","propertyPath":"/AUART","modelName":"NewYardModel"},"interaction":{"idSuffix":"inner"}},"clearTextFirst":true,"interactionType":"ENTER_TEXT"}]}
COMMAND: POST /session/b7ba4cc64eff0f9e2c488515e19366a0/element - {"using":"xpath","value":"//button[@data-kt=\"newYardSaveButton\"]"}
RESULT: {"using":"xpath","value":"//button[@data-kt=\"newYardSaveButton\"]"}
COMMAND: POST /session/b7ba4cc64eff0f9e2c488515e19366a0/element/f.C1A8CAC93E6CD690700888AD19FFBF78.d.80FD11F986AE53493F46E9A2995C7F62.e.705/click - {}
RESULT: {}
COMMAND: GET /session/b7ba4cc64eff0f9e2c488515e19366a0/screenshot - {}
RESULT: {}
COMMAND: POST /session/b7ba4cc64eff0f9e2c488515e19366a0/element - {"using":"xpath","value":"//header[contains(@id, 'ObjectPageLayout-headerTitle')]/div[1]/div[2]/div[1]/span[1]"}
RESULT: {"using":"xpath","value":"//header[contains(@id, 'ObjectPageLayout-headerTitle')]/div[1]/div[2]/div[1]/span[1]"}
COMMAND: POST /session/b7ba4cc64eff0f9e2c488515e19366a0/elements - {"using":"xpath","value":"//header[contains(@id, 'ObjectPageLayout-headerTitle')]/div[1]/div[2]/div[1]/span[1]"}
RESULT: {"using":"xpath","value":"//header[contains(@id, 'ObjectPageLayout-headerTitle')]/div[1]/div[2]/div[1]/span[1]"}
COMMAND: POST /session/b7ba4cc64eff0f9e2c488515e19366a0/execute/sync - {"script":"<script> [56 bytes]","args":[{"element-6066-11e4-a52e-4f735466cecf":"f.C1A8CAC93E6CD690700888AD19FFBF78.d.80FD11F986AE53493F46E9A2995C7F62.e.1003","ELEMENT":"f.C1A8CAC93E6CD690700888AD19FFBF78.d.80FD11F986AE53493F46E9A2995C7F62.e.1003"}]}
RESULT: {"script":"<script> [56 bytes]","args":[{"element-6066-11e4-a52e-4f735466cecf":"f.C1A8CAC93E6CD690700888AD19FFBF78.d.80FD11F986AE53493F46E9A2995C7F62.e.1003","ELEMENT":"f.C1A8CAC93E6CD690700888AD19FFBF78.d.80FD11F986AE53493F46E9A2995C7F62.e.1003"}]}
COMMAND: GET /session/b7ba4cc64eff0f9e2c488515e19366a0/screenshot - {}
RESULT: {}
COMMAND: POST /session/b7ba4cc64eff0f9e2c488515e19366a0/element - {"using":"css selector","value":"#shell-header-logo"}
RESULT: {"using":"css selector","value":"#shell-header-logo"}
COMMAND: POST /session/b7ba4cc64eff0f9e2c488515e19366a0/element/f.C1A8CAC93E6CD690700888AD19FFBF78.d.80FD11F986AE53493F46E9A2995C7F62.e.264/click - {}
RESULT: {}
COMMAND: GET /session/b7ba4cc64eff0f9e2c488515e19366a0/screenshot - {}
RESULT: {}
COMMAND: POST /session/b7ba4cc64eff0f9e2c488515e19366a0/execute/sync - {"script":"<script> [299 bytes]","args":[["getModel","getResource"]]}
RESULT: {"script":"<script> [299 bytes]","args":[["getModel","getResource"]]}
COMMAND: GET /session/b7ba4cc64eff0f9e2c488515e19366a0/screenshot - {}
]]></system-out>
    </testcase>
    <testcase classname="chrome.135_0_7049_96.windows.Billing_confirm_US117289" name="Should create a new partner" time="145.422">
      <system-out><![CDATA[
COMMAND: POST /session/b7ba4cc64eff0f9e2c488515e19366a0/window/fullscreen - {}
RESULT: {}
RESULT: {}
COMMAND: POST /session/b7ba4cc64eff0f9e2c488515e19366a0/execute/async - {"script":"<script> [1562 bytes]","args":[{"selector":{"controlType":"sap.m.GenericTile","properties":{"header":"Manage Partners"}},"wdio_ui5_key":"sapm.GenericTile{\"header\":\"Manage Partners\"}"}]}
RESULT: {"script":"<script> [1562 bytes]","args":[{"selector":{"controlType":"sap.m.GenericTile","properties":{"header":"Manage Partners"}},"wdio_ui5_key":"sapm.GenericTile{\"header\":\"Manage Partners\"}"}]}
RESULT: undefined
COMMAND: POST /session/b7ba4cc64eff0f9e2c488515e19366a0/element - {"using":"xpath","value":"//*[@id=\"__tile38\"]"}
RESULT: {"using":"xpath","value":"//*[@id=\"__tile38\"]"}
COMMAND: POST /session/b7ba4cc64eff0f9e2c488515e19366a0/element/f.C1A8CAC93E6CD690700888AD19FFBF78.d.80FD11F986AE53493F46E9A2995C7F62.e.148/click - {}
RESULT: {}
COMMAND: POST /session/b7ba4cc64eff0f9e2c488515e19366a0/element - {"using":"xpath","value":"//button[@data-kt=\"addButton\"]"}
COMMAND: GET /session/b7ba4cc64eff0f9e2c488515e19366a0/screenshot - {}
RESULT: {"using":"xpath","value":"//button[@data-kt=\"addButton\"]"}
COMMAND: POST /session/b7ba4cc64eff0f9e2c488515e19366a0/elements - {"using":"xpath","value":"//button[@data-kt=\"addButton\"]"}
RESULT: {}
RESULT: {"using":"xpath","value":"//button[@data-kt=\"addButton\"]"}
COMMAND: POST /session/b7ba4cc64eff0f9e2c488515e19366a0/elements - {"using":"xpath","value":"//button[@data-kt=\"addButton\"]"}
RESULT: {"using":"xpath","value":"//button[@data-kt=\"addButton\"]"}
COMMAND: POST /session/b7ba4cc64eff0f9e2c488515e19366a0/elements - {"using":"xpath","value":"//button[@data-kt=\"addButton\"]"}
RESULT: {"using":"xpath","value":"//button[@data-kt=\"addButton\"]"}
COMMAND: POST /session/b7ba4cc64eff0f9e2c488515e19366a0/elements - {"using":"xpath","value":"//button[@data-kt=\"addButton\"]"}
RESULT: {"using":"xpath","value":"//button[@data-kt=\"addButton\"]"}
COMMAND: POST /session/b7ba4cc64eff0f9e2c488515e19366a0/elements - {"using":"xpath","value":"//button[@data-kt=\"addButton\"]"}
RESULT: {"using":"xpath","value":"//button[@data-kt=\"addButton\"]"}
COMMAND: POST /session/b7ba4cc64eff0f9e2c488515e19366a0/elements - {"using":"xpath","value":"//button[@data-kt=\"addButton\"]"}
RESULT: {"using":"xpath","value":"//button[@data-kt=\"addButton\"]"}
COMMAND: POST /session/b7ba4cc64eff0f9e2c488515e19366a0/elements - {"using":"xpath","value":"//button[@data-kt=\"addButton\"]"}
RESULT: {"using":"xpath","value":"//button[@data-kt=\"addButton\"]"}
COMMAND: POST /session/b7ba4cc64eff0f9e2c488515e19366a0/elements - {"using":"xpath","value":"//button[@data-kt=\"addButton\"]"}
RESULT: {"using":"xpath","value":"//button[@data-kt=\"addButton\"]"}
COMMAND: POST /session/b7ba4cc64eff0f9e2c488515e19366a0/elements - {"using":"xpath","value":"//button[@data-kt=\"addButton\"]"}
RESULT: {"using":"xpath","value":"//button[@data-kt=\"addButton\"]"}
COMMAND: POST /session/b7ba4cc64eff0f9e2c488515e19366a0/elements - {"using":"xpath","value":"//button[@data-kt=\"addButton\"]"}
RESULT: {"using":"xpath","value":"//button[@data-kt=\"addButton\"]"}
COMMAND: POST /session/b7ba4cc64eff0f9e2c488515e19366a0/elements - {"using":"xpath","value":"//button[@data-kt=\"addButton\"]"}
RESULT: {"using":"xpath","value":"//button[@data-kt=\"addButton\"]"}
COMMAND: POST /session/b7ba4cc64eff0f9e2c488515e19366a0/elements - {"using":"xpath","value":"//button[@data-kt=\"addButton\"]"}
RESULT: {"using":"xpath","value":"//button[@data-kt=\"addButton\"]"}
COMMAND: POST /session/b7ba4cc64eff0f9e2c488515e19366a0/elements - {"using":"xpath","value":"//button[@data-kt=\"addButton\"]"}
RESULT: {"using":"xpath","value":"//button[@data-kt=\"addButton\"]"}
COMMAND: POST /session/b7ba4cc64eff0f9e2c488515e19366a0/elements - {"using":"xpath","value":"//button[@data-kt=\"addButton\"]"}
RESULT: {"using":"xpath","value":"//button[@data-kt=\"addButton\"]"}
COMMAND: POST /session/b7ba4cc64eff0f9e2c488515e19366a0/elements - {"using":"xpath","value":"//button[@data-kt=\"addButton\"]"}
RESULT: {"using":"xpath","value":"//button[@data-kt=\"addButton\"]"}
COMMAND: POST /session/b7ba4cc64eff0f9e2c488515e19366a0/elements - {"using":"xpath","value":"//button[@data-kt=\"addButton\"]"}
RESULT: {"using":"xpath","value":"//button[@data-kt=\"addButton\"]"}
COMMAND: POST /session/b7ba4cc64eff0f9e2c488515e19366a0/elements - {"using":"xpath","value":"//button[@data-kt=\"addButton\"]"}
RESULT: {"using":"xpath","value":"//button[@data-kt=\"addButton\"]"}
COMMAND: POST /session/b7ba4cc64eff0f9e2c488515e19366a0/elements - {"using":"xpath","value":"//button[@data-kt=\"addButton\"]"}
RESULT: {"using":"xpath","value":"//button[@data-kt=\"addButton\"]"}
COMMAND: POST /session/b7ba4cc64eff0f9e2c488515e19366a0/elements - {"using":"xpath","value":"//button[@data-kt=\"addButton\"]"}
RESULT: {"using":"xpath","value":"//button[@data-kt=\"addButton\"]"}
COMMAND: POST /session/b7ba4cc64eff0f9e2c488515e19366a0/element - {"using":"xpath","value":"//button[@data-kt=\"addButton\"]"}
RESULT: {"using":"xpath","value":"//button[@data-kt=\"addButton\"]"}
COMMAND: POST /session/b7ba4cc64eff0f9e2c488515e19366a0/execute/sync - {"script":"<script> [8489 bytes]","args":[{"element-6066-11e4-a52e-4f735466cecf":"f.C1A8CAC93E6CD690700888AD19FFBF78.d.80FD11F986AE53493F46E9A2995C7F62.e.1041","ELEMENT":"f.C1A8CAC93E6CD690700888AD19FFBF78.d.80FD11F986AE53493F46E9A2995C7F62.e.1041"}]}
RESULT: {"script":"<script> [8489 bytes]","args":[{"element-6066-11e4-a52e-4f735466cecf":"f.C1A8CAC93E6CD690700888AD19FFBF78.d.80FD11F986AE53493F46E9A2995C7F62.e.1041","ELEMENT":"f.C1A8CAC93E6CD690700888AD19FFBF78.d.80FD11F986AE53493F46E9A2995C7F62.e.1041"}]}
COMMAND: GET /session/b7ba4cc64eff0f9e2c488515e19366a0/element/f.C1A8CAC93E6CD690700888AD19FFBF78.d.80FD11F986AE53493F46E9A2995C7F62.e.1041/enabled - {}
COMMAND: GET /session/b7ba4cc64eff0f9e2c488515e19366a0/screenshot - {}
RESULT: {}
COMMAND: POST /session/b7ba4cc64eff0f9e2c488515e19366a0/execute/sync - {"script":"<script> [8489 bytes]","args":[{"element-6066-11e4-a52e-4f735466cecf":"f.C1A8CAC93E6CD690700888AD19FFBF78.d.80FD11F986AE53493F46E9A2995C7F62.e.1041","ELEMENT":"f.C1A8CAC93E6CD690700888AD19FFBF78.d.80FD11F986AE53493F46E9A2995C7F62.e.1041"}]}
COMMAND: GET /session/b7ba4cc64eff0f9e2c488515e19366a0/screenshot - {}
RESULT: {}
RESULT: {"script":"<script> [8489 bytes]","args":[{"element-6066-11e4-a52e-4f735466cecf":"f.C1A8CAC93E6CD690700888AD19FFBF78.d.80FD11F986AE53493F46E9A2995C7F62.e.1041","ELEMENT":"f.C1A8CAC93E6CD690700888AD19FFBF78.d.80FD11F986AE53493F46E9A2995C7F62.e.1041"}]}
COMMAND: POST /session/b7ba4cc64eff0f9e2c488515e19366a0/execute/sync - {"script":"<script> [5351 bytes]","args":[{"element-6066-11e4-a52e-4f735466cecf":"f.C1A8CAC93E6CD690700888AD19FFBF78.d.80FD11F986AE53493F46E9A2995C7F62.e.1041","ELEMENT":"f.C1A8CAC93E6CD690700888AD19FFBF78.d.80FD11F986AE53493F46E9A2995C7F62.e.1041"}]}
COMMAND: GET /session/b7ba4cc64eff0f9e2c488515e19366a0/screenshot - {}
RESULT: {}
RESULT: {"script":"<script> [5351 bytes]","args":[{"element-6066-11e4-a52e-4f735466cecf":"f.C1A8CAC93E6CD690700888AD19FFBF78.d.80FD11F986AE53493F46E9A2995C7F62.e.1041","ELEMENT":"f.C1A8CAC93E6CD690700888AD19FFBF78.d.80FD11F986AE53493F46E9A2995C7F62.e.1041"}]}
COMMAND: POST /session/b7ba4cc64eff0f9e2c488515e19366a0/element/f.C1A8CAC93E6CD690700888AD19FFBF78.d.80FD11F986AE53493F46E9A2995C7F62.e.1041/click - {}
COMMAND: GET /session/b7ba4cc64eff0f9e2c488515e19366a0/screenshot - {}
RESULT: {}
RESULT: {}
COMMAND: GET /session/b7ba4cc64eff0f9e2c488515e19366a0/screenshot - {}
RESULT: {}
RESULT: {}
COMMAND: POST /session/b7ba4cc64eff0f9e2c488515e19366a0/execute/async - {"script":"<script> [1562 bytes]","args":[{"selector":{"id":"application-managepartners-display-component---NewPartner--addressDetailDetailsName1","interaction":{"idSuffix":"inner"}},"wdio_ui5_key":"applicationmanagepartners-display-component---NewPartner--addressDetailDetailsName1"}]}
RESULT: {"script":"<script> [1562 bytes]","args":[{"selector":{"id":"application-managepartners-display-component---NewPartner--addressDetailDetailsName1","interaction":{"idSuffix":"inner"}},"wdio_ui5_key":"applicationmanagepartners-display-component---NewPartner--addressDetailDetailsName1"}]}
RESULT: undefined
COMMAND: POST /session/b7ba4cc64eff0f9e2c488515e19366a0/execute/async - {"script":"<script> [776 bytes]","args":[{"enterText":"Intracompany Partner WDIO","selector":{"id":"application-managepartners-display-component---NewPartner--addressDetailDetailsName1","interaction":{"idSuffix":"inner"}},"clearTextFirst":true,"interactionType":"ENTER_TEXT"}]}
RESULT: {"script":"<script> [776 bytes]","args":[{"enterText":"Intracompany Partner WDIO","selector":{"id":"application-managepartners-display-component---NewPartner--addressDetailDetailsName1","interaction":{"idSuffix":"inner"}},"clearTextFirst":true,"interactionType":"ENTER_TEXT"}]}
COMMAND: POST /session/b7ba4cc64eff0f9e2c488515e19366a0/execute/async - {"script":"<script> [1562 bytes]","args":[{"selector":{"id":"application-managepartners-display-component---NewPartner--addressDetailDetailsLanguage-arrow"},"wdio_ui5_key":"applicationmanagepartners-display-component---NewPartner--addressDetailDetailsLanguage-arrow"}]}
RESULT: {"script":"<script> [1562 bytes]","args":[{"selector":{"id":"application-managepartners-display-component---NewPartner--addressDetailDetailsLanguage-arrow"},"wdio_ui5_key":"applicationmanagepartners-display-component---NewPartner--addressDetailDetailsLanguage-arrow"}]}
RESULT: undefined
COMMAND: POST /session/b7ba4cc64eff0f9e2c488515e19366a0/element - {"using":"xpath","value":"//*[@id=\"application-managepartners-display-component---NewPartner--addressDetailDetailsLanguage-arrow\"]"}
RESULT: {"using":"xpath","value":"//*[@id=\"application-managepartners-display-component---NewPartner--addressDetailDetailsLanguage-arrow\"]"}
COMMAND: POST /session/b7ba4cc64eff0f9e2c488515e19366a0/element/f.C1A8CAC93E6CD690700888AD19FFBF78.d.80FD11F986AE53493F46E9A2995C7F62.e.1483/click - {}
RESULT: {}
COMMAND: POST /session/b7ba4cc64eff0f9e2c488515e19366a0/element - {"using":"xpath","value":"//span[contains(text(), \"English\")]"}
COMMAND: GET /session/b7ba4cc64eff0f9e2c488515e19366a0/screenshot - {}
RESULT: {"using":"xpath","value":"//span[contains(text(), \"English\")]"}
COMMAND: POST /session/b7ba4cc64eff0f9e2c488515e19366a0/element/f.C1A8CAC93E6CD690700888AD19FFBF78.d.80FD11F986AE53493F46E9A2995C7F62.e.1484/click - {}
RESULT: {}
RESULT: {}
COMMAND: GET /session/b7ba4cc64eff0f9e2c488515e19366a0/screenshot - {}
RESULT: {}
COMMAND: POST /session/b7ba4cc64eff0f9e2c488515e19366a0/execute/async - {"script":"<script> [1562 bytes]","args":[{"selector":{"id":"application-managepartners-display-component---NewPartner--addressDetailDetailsCity1","interaction":{"idSuffix":"inner"}},"wdio_ui5_key":"applicationmanagepartners-display-component---NewPartner--addressDetailDetailsCity1"}]}
RESULT: {"script":"<script> [1562 bytes]","args":[{"selector":{"id":"application-managepartners-display-component---NewPartner--addressDetailDetailsCity1","interaction":{"idSuffix":"inner"}},"wdio_ui5_key":"applicationmanagepartners-display-component---NewPartner--addressDetailDetailsCity1"}]}
RESULT: undefined
COMMAND: POST /session/b7ba4cc64eff0f9e2c488515e19366a0/execute/async - {"script":"<script> [776 bytes]","args":[{"enterText":"Rosario","selector":{"id":"application-managepartners-display-component---NewPartner--addressDetailDetailsCity1","interaction":{"idSuffix":"inner"}},"clearTextFirst":true,"interactionType":"ENTER_TEXT"}]}
RESULT: {"script":"<script> [776 bytes]","args":[{"enterText":"Rosario","selector":{"id":"application-managepartners-display-component---NewPartner--addressDetailDetailsCity1","interaction":{"idSuffix":"inner"}},"clearTextFirst":true,"interactionType":"ENTER_TEXT"}]}
COMMAND: POST /session/b7ba4cc64eff0f9e2c488515e19366a0/execute/async - {"script":"<script> [1562 bytes]","args":[{"selector":{"id":"application-managepartners-display-component---NewPartner--addressDetailDetailsCountry-arrow"},"wdio_ui5_key":"applicationmanagepartners-display-component---NewPartner--addressDetailDetailsCountry-arrow"}]}
RESULT: {"script":"<script> [1562 bytes]","args":[{"selector":{"id":"application-managepartners-display-component---NewPartner--addressDetailDetailsCountry-arrow"},"wdio_ui5_key":"applicationmanagepartners-display-component---NewPartner--addressDetailDetailsCountry-arrow"}]}
RESULT: undefined
COMMAND: POST /session/b7ba4cc64eff0f9e2c488515e19366a0/element - {"using":"xpath","value":"//*[@id=\"application-managepartners-display-component---NewPartner--addressDetailDetailsCountry-arrow\"]"}
RESULT: {"using":"xpath","value":"//*[@id=\"application-managepartners-display-component---NewPartner--addressDetailDetailsCountry-arrow\"]"}
COMMAND: POST /session/b7ba4cc64eff0f9e2c488515e19366a0/element/f.C1A8CAC93E6CD690700888AD19FFBF78.d.80FD11F986AE53493F46E9A2995C7F62.e.1437/click - {}
RESULT: {}
COMMAND: POST /session/b7ba4cc64eff0f9e2c488515e19366a0/element - {"using":"xpath","value":"//span[contains(text(), \"Argentina\")]"}
COMMAND: GET /session/b7ba4cc64eff0f9e2c488515e19366a0/screenshot - {}
RESULT: {"using":"xpath","value":"//span[contains(text(), \"Argentina\")]"}
COMMAND: POST /session/b7ba4cc64eff0f9e2c488515e19366a0/element/f.C1A8CAC93E6CD690700888AD19FFBF78.d.80FD11F986AE53493F46E9A2995C7F62.e.1486/click - {}
RESULT: {}
RESULT: {}
COMMAND: GET /session/b7ba4cc64eff0f9e2c488515e19366a0/screenshot - {}
RESULT: {}
COMMAND: POST /session/b7ba4cc64eff0f9e2c488515e19366a0/element - {"using":"xpath","value":"//bdi[contains(text(), \"Commercial\")]"}
RESULT: {"using":"xpath","value":"//bdi[contains(text(), \"Commercial\")]"}
COMMAND: POST /session/b7ba4cc64eff0f9e2c488515e19366a0/element/f.C1A8CAC93E6CD690700888AD19FFBF78.d.80FD11F986AE53493F46E9A2995C7F62.e.1487/click - {}
RESULT: {}
COMMAND: GET /session/b7ba4cc64eff0f9e2c488515e19366a0/screenshot - {}
RESULT: {}
COMMAND: POST /session/b7ba4cc64eff0f9e2c488515e19366a0/execute/async - {"script":"<script> [1562 bytes]","args":[{"selector":{"id":"application-managepartners-display-component---NewPartner--partnerDetailInternal-arrow"},"wdio_ui5_key":"applicationmanagepartners-display-component---NewPartner--partnerDetailInternal-arrow"}]}
RESULT: {"script":"<script> [1562 bytes]","args":[{"selector":{"id":"application-managepartners-display-component---NewPartner--partnerDetailInternal-arrow"},"wdio_ui5_key":"applicationmanagepartners-display-component---NewPartner--partnerDetailInternal-arrow"}]}
RESULT: undefined
COMMAND: POST /session/b7ba4cc64eff0f9e2c488515e19366a0/element - {"using":"xpath","value":"//*[@id=\"application-managepartners-display-component---NewPartner--partnerDetailInternal-arrow\"]"}
RESULT: {"using":"xpath","value":"//*[@id=\"application-managepartners-display-component---NewPartner--partnerDetailInternal-arrow\"]"}
COMMAND: POST /session/b7ba4cc64eff0f9e2c488515e19366a0/element/f.C1A8CAC93E6CD690700888AD19FFBF78.d.80FD11F986AE53493F46E9A2995C7F62.e.1493/click - {}
RESULT: {}
COMMAND: POST /session/b7ba4cc64eff0f9e2c488515e19366a0/element - {"using":"xpath","value":"//span[contains(text(), \"Affiliated company\")]"}
COMMAND: GET /session/b7ba4cc64eff0f9e2c488515e19366a0/screenshot - {}
RESULT: {"using":"xpath","value":"//span[contains(text(), \"Affiliated company\")]"}
COMMAND: POST /session/b7ba4cc64eff0f9e2c488515e19366a0/element/f.C1A8CAC93E6CD690700888AD19FFBF78.d.80FD11F986AE53493F46E9A2995C7F62.e.1494/click - {}
RESULT: {}
RESULT: {}
COMMAND: POST /session/b7ba4cc64eff0f9e2c488515e19366a0/execute/async - {"script":"<script> [1562 bytes]","args":[{"selector":{"id":"application-managepartners-display-component---NewPartner--partnerDetailsCurrency-arrow"},"wdio_ui5_key":"applicationmanagepartners-display-component---NewPartner--partnerDetailsCurrency-arrow"}]}
COMMAND: GET /session/b7ba4cc64eff0f9e2c488515e19366a0/screenshot - {}
RESULT: {"script":"<script> [1562 bytes]","args":[{"selector":{"id":"application-managepartners-display-component---NewPartner--partnerDetailsCurrency-arrow"},"wdio_ui5_key":"applicationmanagepartners-display-component---NewPartner--partnerDetailsCurrency-arrow"}]}
RESULT: undefined
COMMAND: POST /session/b7ba4cc64eff0f9e2c488515e19366a0/element - {"using":"xpath","value":"//*[@id=\"application-managepartners-display-component---NewPartner--partnerDetailsCurrency-arrow\"]"}
RESULT: {}
RESULT: {"using":"xpath","value":"//*[@id=\"application-managepartners-display-component---NewPartner--partnerDetailsCurrency-arrow\"]"}
COMMAND: POST /session/b7ba4cc64eff0f9e2c488515e19366a0/element/f.C1A8CAC93E6CD690700888AD19FFBF78.d.80FD11F986AE53493F46E9A2995C7F62.e.1501/click - {}
RESULT: {}
COMMAND: POST /session/b7ba4cc64eff0f9e2c488515e19366a0/element - {"using":"xpath","value":"//span[contains(text(), \"Euro\")]"}
COMMAND: GET /session/b7ba4cc64eff0f9e2c488515e19366a0/screenshot - {}
RESULT: {"using":"xpath","value":"//span[contains(text(), \"Euro\")]"}
COMMAND: POST /session/b7ba4cc64eff0f9e2c488515e19366a0/element/f.C1A8CAC93E6CD690700888AD19FFBF78.d.80FD11F986AE53493F46E9A2995C7F62.e.1502/click - {}
RESULT: {}
RESULT: {}
COMMAND: POST /session/b7ba4cc64eff0f9e2c488515e19366a0/execute/async - {"script":"<script> [1562 bytes]","args":[{"selector":{"id":"application-managepartners-display-component---NewPartner--addressEditDetailsCostObjectCstType-arrow"},"wdio_ui5_key":"applicationmanagepartners-display-component---NewPartner--addressEditDetailsCostObjectCstType-arrow"}]}
COMMAND: GET /session/b7ba4cc64eff0f9e2c488515e19366a0/screenshot - {}
RESULT: {"script":"<script> [1562 bytes]","args":[{"selector":{"id":"application-managepartners-display-component---NewPartner--addressEditDetailsCostObjectCstType-arrow"},"wdio_ui5_key":"applicationmanagepartners-display-component---NewPartner--addressEditDetailsCostObjectCstType-arrow"}]}
RESULT: undefined
COMMAND: POST /session/b7ba4cc64eff0f9e2c488515e19366a0/element - {"using":"xpath","value":"//*[@id=\"application-managepartners-display-component---NewPartner--addressEditDetailsCostObjectCstType-arrow\"]"}
RESULT: {}
RESULT: {"using":"xpath","value":"//*[@id=\"application-managepartners-display-component---NewPartner--addressEditDetailsCostObjectCstType-arrow\"]"}
COMMAND: POST /session/b7ba4cc64eff0f9e2c488515e19366a0/element/f.C1A8CAC93E6CD690700888AD19FFBF78.d.80FD11F986AE53493F46E9A2995C7F62.e.1503/click - {}
RESULT: {}
COMMAND: POST /session/b7ba4cc64eff0f9e2c488515e19366a0/element - {"using":"xpath","value":"//span[contains(text(), \"Cost Center\")]"}
COMMAND: GET /session/b7ba4cc64eff0f9e2c488515e19366a0/screenshot - {}
RESULT: {"using":"xpath","value":"//span[contains(text(), \"Cost Center\")]"}
COMMAND: POST /session/b7ba4cc64eff0f9e2c488515e19366a0/element/f.C1A8CAC93E6CD690700888AD19FFBF78.d.80FD11F986AE53493F46E9A2995C7F62.e.1504/click - {}
RESULT: {}
RESULT: {}
COMMAND: GET /session/b7ba4cc64eff0f9e2c488515e19366a0/screenshot - {}
RESULT: {}
COMMAND: POST /session/b7ba4cc64eff0f9e2c488515e19366a0/element - {"using":"xpath","value":"//span[@id=\"application-managepartners-display-component---NewPartner--addressNewCostObjectCstID-vhi\"]"}
RESULT: {"using":"xpath","value":"//span[@id=\"application-managepartners-display-component---NewPartner--addressNewCostObjectCstID-vhi\"]"}
COMMAND: POST /session/b7ba4cc64eff0f9e2c488515e19366a0/execute/sync - {"script":"<script> [8489 bytes]","args":[{"element-6066-11e4-a52e-4f735466cecf":"f.C1A8CAC93E6CD690700888AD19FFBF78.d.80FD11F986AE53493F46E9A2995C7F62.e.1508","ELEMENT":"f.C1A8CAC93E6CD690700888AD19FFBF78.d.80FD11F986AE53493F46E9A2995C7F62.e.1508"}]}
RESULT: {"script":"<script> [8489 bytes]","args":[{"element-6066-11e4-a52e-4f735466cecf":"f.C1A8CAC93E6CD690700888AD19FFBF78.d.80FD11F986AE53493F46E9A2995C7F62.e.1508","ELEMENT":"f.C1A8CAC93E6CD690700888AD19FFBF78.d.80FD11F986AE53493F46E9A2995C7F62.e.1508"}]}
COMMAND: POST /session/b7ba4cc64eff0f9e2c488515e19366a0/execute/async - {"script":"<script> [1562 bytes]","args":[{"selector":{"id":"application-managepartners-display-component---NewPartner--addressNewCostObjectCstID-vhi"},"wdio_ui5_key":"applicationmanagepartners-display-component---NewPartner--addressNewCostObjectCstID-vhi"}]}
COMMAND: GET /session/b7ba4cc64eff0f9e2c488515e19366a0/screenshot - {}
RESULT: {"script":"<script> [1562 bytes]","args":[{"selector":{"id":"application-managepartners-display-component---NewPartner--addressNewCostObjectCstID-vhi"},"wdio_ui5_key":"applicationmanagepartners-display-component---NewPartner--addressNewCostObjectCstID-vhi"}]}
RESULT: undefined
COMMAND: POST /session/b7ba4cc64eff0f9e2c488515e19366a0/element - {"using":"xpath","value":"//*[@id=\"application-managepartners-display-component---NewPartner--addressNewCostObjectCstID-vhi\"]"}
RESULT: {}
RESULT: {"using":"xpath","value":"//*[@id=\"application-managepartners-display-component---NewPartner--addressNewCostObjectCstID-vhi\"]"}
COMMAND: POST /session/b7ba4cc64eff0f9e2c488515e19366a0/element/f.C1A8CAC93E6CD690700888AD19FFBF78.d.80FD11F986AE53493F46E9A2995C7F62.e.1508/click - {}
RESULT: {}
COMMAND: GET /session/b7ba4cc64eff0f9e2c488515e19366a0/screenshot - {}
RESULT: {}
RESULT: undefined
COMMAND: POST /session/b7ba4cc64eff0f9e2c488515e19366a0/execute/async - {"script":"<script> [776 bytes]","args":[{"enterText":"10001013","selector":{"controlType":"sap.m.SearchField","properties":{"placeholder":"Search"},"searchOpenDialogs":true,"interaction":{"idSuffix":"I"}},"clearTextFirst":true,"interactionType":"ENTER_TEXT"}]}
RESULT: {"script":"<script> [776 bytes]","args":[{"enterText":"10001013","selector":{"controlType":"sap.m.SearchField","properties":{"placeholder":"Search"},"searchOpenDialogs":true,"interaction":{"idSuffix":"I"}},"clearTextFirst":true,"interactionType":"ENTER_TEXT"}]}
COMMAND: POST /session/b7ba4cc64eff0f9e2c488515e19366a0/actions - {"actions":[{"id":"action2","type":"key","parameters":{},"actions":[{"type":"keyDown","value":"î€‡"},{"type":"pause","duration":10},{"type":"keyUp","value":"î€‡"}]}]}
RESULT: {"actions":[{"id":"action2","type":"key","parameters":{},"actions":[{"type":"keyDown","value":"î€‡"},{"type":"pause","duration":10},{"type":"keyUp","value":"î€‡"}]}]}
COMMAND: GET /session/b7ba4cc64eff0f9e2c488515e19366a0/screenshot - {}
RESULT: {}
COMMAND: POST /session/b7ba4cc64eff0f9e2c488515e19366a0/element - {"using":"xpath","value":"//span[contains(text(), \"General Management\")]"}
RESULT: {"using":"xpath","value":"//span[contains(text(), \"General Management\")]"}
COMMAND: POST /session/b7ba4cc64eff0f9e2c488515e19366a0/element/f.C1A8CAC93E6CD690700888AD19FFBF78.d.80FD11F986AE53493F46E9A2995C7F62.e.1548/click - {}
RESULT: {}
COMMAND: GET /session/b7ba4cc64eff0f9e2c488515e19366a0/screenshot - {}
RESULT: {}
COMMAND: POST /session/b7ba4cc64eff0f9e2c488515e19366a0/element - {"using":"xpath","value":"//bdi[contains(text(), \"OK\")]"}
RESULT: {"using":"xpath","value":"//bdi[contains(text(), \"OK\")]"}
COMMAND: POST /session/b7ba4cc64eff0f9e2c488515e19366a0/element/f.C1A8CAC93E6CD690700888AD19FFBF78.d.80FD11F986AE53493F46E9A2995C7F62.e.1549/click - {}
RESULT: {}
COMMAND: GET /session/b7ba4cc64eff0f9e2c488515e19366a0/screenshot - {}
RESULT: {}
COMMAND: POST /session/b7ba4cc64eff0f9e2c488515e19366a0/element - {"using":"xpath","value":"//input[@id=\"application-managepartners-display-component---NewPartner--companyCodeComboBox-inner\"]"}
RESULT: {"using":"xpath","value":"//input[@id=\"application-managepartners-display-component---NewPartner--companyCodeComboBox-inner\"]"}
COMMAND: POST /session/b7ba4cc64eff0f9e2c488515e19366a0/element/f.C1A8CAC93E6CD690700888AD19FFBF78.d.80FD11F986AE53493F46E9A2995C7F62.e.1432/clear - {}
RESULT: {}
COMMAND: POST /session/b7ba4cc64eff0f9e2c488515e19366a0/element/f.C1A8CAC93E6CD690700888AD19FFBF78.d.80FD11F986AE53493F46E9A2995C7F62.e.1432/value - {"text":"1000"}
COMMAND: GET /session/b7ba4cc64eff0f9e2c488515e19366a0/screenshot - {}
RESULT: {"text":"1000"}
COMMAND: GET /session/b7ba4cc64eff0f9e2c488515e19366a0/screenshot - {}
RESULT: {}
RESULT: {}
COMMAND: POST /session/b7ba4cc64eff0f9e2c488515e19366a0/element - {"using":"xpath","value":"//span[contains(text(), \"1000\")]"}
RESULT: {"using":"xpath","value":"//span[contains(text(), \"1000\")]"}
COMMAND: POST /session/b7ba4cc64eff0f9e2c488515e19366a0/element/f.C1A8CAC93E6CD690700888AD19FFBF78.d.80FD11F986AE53493F46E9A2995C7F62.e.1555/click - {}
RESULT: {}
COMMAND: GET /session/b7ba4cc64eff0f9e2c488515e19366a0/screenshot - {}
RESULT: {}
COMMAND: POST /session/b7ba4cc64eff0f9e2c488515e19366a0/execute/async - {"script":"<script> [1562 bytes]","args":[{"selector":{"id":"application-managepartners-display-component---NewPartner--btnAddTableRow-img"},"wdio_ui5_key":"applicationmanagepartners-display-component---NewPartner--btnAddTableRow-img"}]}
RESULT: {"script":"<script> [1562 bytes]","args":[{"selector":{"id":"application-managepartners-display-component---NewPartner--btnAddTableRow-img"},"wdio_ui5_key":"applicationmanagepartners-display-component---NewPartner--btnAddTableRow-img"}]}
RESULT: undefined
COMMAND: POST /session/b7ba4cc64eff0f9e2c488515e19366a0/element - {"using":"xpath","value":"//*[@id=\"application-managepartners-display-component---NewPartner--btnAddTableRow-img\"]"}
RESULT: {"using":"xpath","value":"//*[@id=\"application-managepartners-display-component---NewPartner--btnAddTableRow-img\"]"}
COMMAND: POST /session/b7ba4cc64eff0f9e2c488515e19366a0/element/f.C1A8CAC93E6CD690700888AD19FFBF78.d.80FD11F986AE53493F46E9A2995C7F62.e.1556/click - {}
RESULT: {}
COMMAND: GET /session/b7ba4cc64eff0f9e2c488515e19366a0/screenshot - {}
RESULT: {}
COMMAND: POST /session/b7ba4cc64eff0f9e2c488515e19366a0/element - {"using":"xpath","value":"//input[@id=\"application-managepartners-display-component---NewPartner--assignmentYard-application-managepartners-display-component---NewPartner--assignmentsTable-0-inner\"]"}
RESULT: {"using":"xpath","value":"//input[@id=\"application-managepartners-display-component---NewPartner--assignmentYard-application-managepartners-display-component---NewPartner--assignmentsTable-0-inner\"]"}
COMMAND: POST /session/b7ba4cc64eff0f9e2c488515e19366a0/element/f.C1A8CAC93E6CD690700888AD19FFBF78.d.80FD11F986AE53493F46E9A2995C7F62.e.1559/clear - {}
RESULT: {}
COMMAND: POST /session/b7ba4cc64eff0f9e2c488515e19366a0/element/f.C1A8CAC93E6CD690700888AD19FFBF78.d.80FD11F986AE53493F46E9A2995C7F62.e.1559/value - {"text":"294"}
COMMAND: GET /session/b7ba4cc64eff0f9e2c488515e19366a0/screenshot - {}
RESULT: {"text":"294"}
COMMAND: GET /session/b7ba4cc64eff0f9e2c488515e19366a0/screenshot - {}
RESULT: {}
RESULT: {}
COMMAND: POST /session/b7ba4cc64eff0f9e2c488515e19366a0/element - {"using":"xpath","value":"//li[.//span[text()='294']]"}
RESULT: {"using":"xpath","value":"//li[.//span[text()='294']]"}
COMMAND: POST /session/b7ba4cc64eff0f9e2c488515e19366a0/element/f.C1A8CAC93E6CD690700888AD19FFBF78.d.80FD11F986AE53493F46E9A2995C7F62.e.1569/click - {}
RESULT: {}
COMMAND: GET /session/b7ba4cc64eff0f9e2c488515e19366a0/screenshot - {}
RESULT: {}
COMMAND: POST /session/b7ba4cc64eff0f9e2c488515e19366a0/actions - {"actions":[{"id":"action3","type":"key","parameters":{},"actions":[{"type":"keyDown","value":"î€‡"},{"type":"pause","duration":10},{"type":"keyUp","value":"î€‡"}]}]}
RESULT: {"actions":[{"id":"action3","type":"key","parameters":{},"actions":[{"type":"keyDown","value":"î€‡"},{"type":"pause","duration":10},{"type":"keyUp","value":"î€‡"}]}]}
COMMAND: POST /session/b7ba4cc64eff0f9e2c488515e19366a0/execute/async - {"script":"<script> [1562 bytes]","args":[{"selector":{"id":"application-managepartners-display-component---NewPartner--externalCustomerComboBox-application-managepartners-display-component---NewPartner--assignmentsTable-0-vhi"},"wdio_ui5_key":"applicationmanagepartners-display-component---NewPartner--externalCustomerComboBox-application-managepartners-display-component---NewPartner--assignmentsTable-0-vhi"}]}
COMMAND: GET /session/b7ba4cc64eff0f9e2c488515e19366a0/screenshot - {}
RESULT: {"script":"<script> [1562 bytes]","args":[{"selector":{"id":"application-managepartners-display-component---NewPartner--externalCustomerComboBox-application-managepartners-display-component---NewPartner--assignmentsTable-0-vhi"},"wdio_ui5_key":"applicationmanagepartners-display-component---NewPartner--externalCustomerComboBox-application-managepartners-display-component---NewPartner--assignmentsTable-0-vhi"}]}
RESULT: undefined
COMMAND: POST /session/b7ba4cc64eff0f9e2c488515e19366a0/element - {"using":"xpath","value":"//*[@id=\"application-managepartners-display-component---NewPartner--externalCustomerComboBox-application-managepartners-display-component---NewPartner--assignmentsTable-0-vhi\"]"}
RESULT: {}
RESULT: {"using":"xpath","value":"//*[@id=\"application-managepartners-display-component---NewPartner--externalCustomerComboBox-application-managepartners-display-component---NewPartner--assignmentsTable-0-vhi\"]"}
COMMAND: POST /session/b7ba4cc64eff0f9e2c488515e19366a0/element/f.C1A8CAC93E6CD690700888AD19FFBF78.d.80FD11F986AE53493F46E9A2995C7F62.e.1573/click - {}
RESULT: {}
RESULT: undefined
COMMAND: POST /session/b7ba4cc64eff0f9e2c488515e19366a0/execute/async - {"script":"<script> [776 bytes]","args":[{"enterText":"300003","selector":{"controlType":"sap.m.SearchField","properties":{"placeholder":"Search"},"searchOpenDialogs":true,"interaction":{"idSuffix":"I"}},"clearTextFirst":true,"interactionType":"ENTER_TEXT"}]}
COMMAND: GET /session/b7ba4cc64eff0f9e2c488515e19366a0/screenshot - {}
RESULT: {"script":"<script> [776 bytes]","args":[{"enterText":"300003","selector":{"controlType":"sap.m.SearchField","properties":{"placeholder":"Search"},"searchOpenDialogs":true,"interaction":{"idSuffix":"I"}},"clearTextFirst":true,"interactionType":"ENTER_TEXT"}]}
COMMAND: POST /session/b7ba4cc64eff0f9e2c488515e19366a0/actions - {"actions":[{"id":"action4","type":"key","parameters":{},"actions":[{"type":"keyDown","value":"î€‡"},{"type":"pause","duration":10},{"type":"keyUp","value":"î€‡"}]}]}
RESULT: {}
RESULT: {"actions":[{"id":"action4","type":"key","parameters":{},"actions":[{"type":"keyDown","value":"î€‡"},{"type":"pause","duration":10},{"type":"keyUp","value":"î€‡"}]}]}
COMMAND: GET /session/b7ba4cc64eff0f9e2c488515e19366a0/screenshot - {}
RESULT: {}
COMMAND: POST /session/b7ba4cc64eff0f9e2c488515e19366a0/element - {"using":"xpath","value":"//span[contains(text(), \"300003\")]"}
RESULT: {"using":"xpath","value":"//span[contains(text(), \"300003\")]"}
COMMAND: POST /session/b7ba4cc64eff0f9e2c488515e19366a0/element/f.C1A8CAC93E6CD690700888AD19FFBF78.d.80FD11F986AE53493F46E9A2995C7F62.e.1593/click - {}
RESULT: {}
COMMAND: GET /session/b7ba4cc64eff0f9e2c488515e19366a0/screenshot - {}
RESULT: {}
COMMAND: POST /session/b7ba4cc64eff0f9e2c488515e19366a0/element - {"using":"xpath","value":"//bdi[contains(text(), \"OK\")]"}
RESULT: {"using":"xpath","value":"//bdi[contains(text(), \"OK\")]"}
COMMAND: POST /session/b7ba4cc64eff0f9e2c488515e19366a0/element/f.C1A8CAC93E6CD690700888AD19FFBF78.d.80FD11F986AE53493F46E9A2995C7F62.e.1595/click - {}
RESULT: {}
COMMAND: GET /session/b7ba4cc64eff0f9e2c488515e19366a0/screenshot - {}
RESULT: {}
COMMAND: POST /session/b7ba4cc64eff0f9e2c488515e19366a0/execute/async - {"script":"<script> [1562 bytes]","args":[{"selector":{"id":"application-managepartners-display-component---NewPartner--intercompVendorComboBox-application-managepartners-display-component---NewPartner--assignmentsTable-0-vhi"},"wdio_ui5_key":"applicationmanagepartners-display-component---NewPartner--intercompVendorComboBox-application-managepartners-display-component---NewPartner--assignmentsTable-0-vhi"}]}
RESULT: {"script":"<script> [1562 bytes]","args":[{"selector":{"id":"application-managepartners-display-component---NewPartner--intercompVendorComboBox-application-managepartners-display-component---NewPartner--assignmentsTable-0-vhi"},"wdio_ui5_key":"applicationmanagepartners-display-component---NewPartner--intercompVendorComboBox-application-managepartners-display-component---NewPartner--assignmentsTable-0-vhi"}]}
RESULT: undefined
COMMAND: POST /session/b7ba4cc64eff0f9e2c488515e19366a0/element - {"using":"xpath","value":"//*[@id=\"application-managepartners-display-component---NewPartner--intercompVendorComboBox-application-managepartners-display-component---NewPartner--assignmentsTable-0-vhi\"]"}
RESULT: {"using":"xpath","value":"//*[@id=\"application-managepartners-display-component---NewPartner--intercompVendorComboBox-application-managepartners-display-component---NewPartner--assignmentsTable-0-vhi\"]"}
COMMAND: POST /session/b7ba4cc64eff0f9e2c488515e19366a0/element/f.C1A8CAC93E6CD690700888AD19FFBF78.d.80FD11F986AE53493F46E9A2995C7F62.e.1599/click - {}
RESULT: {}
RESULT: undefined
COMMAND: POST /session/b7ba4cc64eff0f9e2c488515e19366a0/execute/async - {"script":"<script> [776 bytes]","args":[{"enterText":"100005","selector":{"controlType":"sap.m.SearchField","properties":{"placeholder":"Search"},"searchOpenDialogs":true,"interaction":{"idSuffix":"I"}},"clearTextFirst":true,"interactionType":"ENTER_TEXT"}]}
COMMAND: GET /session/b7ba4cc64eff0f9e2c488515e19366a0/screenshot - {}
RESULT: {"script":"<script> [776 bytes]","args":[{"enterText":"100005","selector":{"controlType":"sap.m.SearchField","properties":{"placeholder":"Search"},"searchOpenDialogs":true,"interaction":{"idSuffix":"I"}},"clearTextFirst":true,"interactionType":"ENTER_TEXT"}]}
COMMAND: POST /session/b7ba4cc64eff0f9e2c488515e19366a0/actions - {"actions":[{"id":"action5","type":"key","parameters":{},"actions":[{"type":"keyDown","value":"î€‡"},{"type":"pause","duration":10},{"type":"keyUp","value":"î€‡"}]}]}
RESULT: {}
RESULT: {"actions":[{"id":"action5","type":"key","parameters":{},"actions":[{"type":"keyDown","value":"î€‡"},{"type":"pause","duration":10},{"type":"keyUp","value":"î€‡"}]}]}
COMMAND: GET /session/b7ba4cc64eff0f9e2c488515e19366a0/screenshot - {}
RESULT: {}
COMMAND: POST /session/b7ba4cc64eff0f9e2c488515e19366a0/element - {"using":"xpath","value":"//span[contains(text(), \"Penguins - Field/12345 Berlin\")]"}
RESULT: {"using":"xpath","value":"//span[contains(text(), \"Penguins - Field/12345 Berlin\")]"}
COMMAND: POST /session/b7ba4cc64eff0f9e2c488515e19366a0/element/f.C1A8CAC93E6CD690700888AD19FFBF78.d.80FD11F986AE53493F46E9A2995C7F62.e.1618/click - {}
RESULT: {}
COMMAND: GET /session/b7ba4cc64eff0f9e2c488515e19366a0/screenshot - {}
RESULT: {}
COMMAND: POST /session/b7ba4cc64eff0f9e2c488515e19366a0/element - {"using":"xpath","value":"//bdi[contains(text(), \"OK\")]"}
RESULT: {"using":"xpath","value":"//bdi[contains(text(), \"OK\")]"}
COMMAND: POST /session/b7ba4cc64eff0f9e2c488515e19366a0/element/f.C1A8CAC93E6CD690700888AD19FFBF78.d.80FD11F986AE53493F46E9A2995C7F62.e.1620/click - {}
RESULT: {}
COMMAND: GET /session/b7ba4cc64eff0f9e2c488515e19366a0/screenshot - {}
RESULT: {}
COMMAND: POST /session/b7ba4cc64eff0f9e2c488515e19366a0/element - {"using":"xpath","value":"//button[@data-kt=\"saveButton\"]"}
RESULT: {"using":"xpath","value":"//button[@data-kt=\"saveButton\"]"}
COMMAND: POST /session/b7ba4cc64eff0f9e2c488515e19366a0/element/f.C1A8CAC93E6CD690700888AD19FFBF78.d.80FD11F986AE53493F46E9A2995C7F62.e.1468/click - {}
RESULT: {}
COMMAND: GET /session/b7ba4cc64eff0f9e2c488515e19366a0/screenshot - {}
RESULT: {}
COMMAND: POST /session/b7ba4cc64eff0f9e2c488515e19366a0/element - {"using":"xpath","value":"//header[contains(@id, 'ObjectPageLayout-headerTitle')]/div[1]/div[2]/div[2]/span[1]"}
RESULT: {"using":"xpath","value":"//header[contains(@id, 'ObjectPageLayout-headerTitle')]/div[1]/div[2]/div[2]/span[1]"}
COMMAND: POST /session/b7ba4cc64eff0f9e2c488515e19366a0/elements - {"using":"xpath","value":"//header[contains(@id, 'ObjectPageLayout-headerTitle')]/div[1]/div[2]/div[2]/span[1]"}
RESULT: {"using":"xpath","value":"//header[contains(@id, 'ObjectPageLayout-headerTitle')]/div[1]/div[2]/div[2]/span[1]"}
COMMAND: POST /session/b7ba4cc64eff0f9e2c488515e19366a0/execute/sync - {"script":"<script> [56 bytes]","args":[{"element-6066-11e4-a52e-4f735466cecf":"f.C1A8CAC93E6CD690700888AD19FFBF78.d.80FD11F986AE53493F46E9A2995C7F62.e.1786","ELEMENT":"f.C1A8CAC93E6CD690700888AD19FFBF78.d.80FD11F986AE53493F46E9A2995C7F62.e.1786"}]}
RESULT: {"script":"<script> [56 bytes]","args":[{"element-6066-11e4-a52e-4f735466cecf":"f.C1A8CAC93E6CD690700888AD19FFBF78.d.80FD11F986AE53493F46E9A2995C7F62.e.1786","ELEMENT":"f.C1A8CAC93E6CD690700888AD19FFBF78.d.80FD11F986AE53493F46E9A2995C7F62.e.1786"}]}
COMMAND: POST /session/b7ba4cc64eff0f9e2c488515e19366a0/element - {"using":"css selector","value":"#shell-header-logo"}
COMMAND: GET /session/b7ba4cc64eff0f9e2c488515e19366a0/screenshot - {}
RESULT: {"using":"css selector","value":"#shell-header-logo"}
COMMAND: POST /session/b7ba4cc64eff0f9e2c488515e19366a0/element/f.C1A8CAC93E6CD690700888AD19FFBF78.d.80FD11F986AE53493F46E9A2995C7F62.e.1007/click - {}
RESULT: {}
RESULT: {}
COMMAND: GET /session/b7ba4cc64eff0f9e2c488515e19366a0/screenshot - {}
RESULT: {}
COMMAND: POST /session/b7ba4cc64eff0f9e2c488515e19366a0/execute/sync - {"script":"<script> [299 bytes]","args":[["getModel","getResource"]]}
RESULT: {"script":"<script> [299 bytes]","args":[["getModel","getResource"]]}
COMMAND: GET /session/b7ba4cc64eff0f9e2c488515e19366a0/screenshot - {}
]]></system-out>
    </testcase>
    <testcase classname="chrome.135_0_7049_96.windows.Billing_confirm_US117289" name="Should create a new site" time="104.669">
      <system-out><![CDATA[
COMMAND: POST /session/b7ba4cc64eff0f9e2c488515e19366a0/execute/async - {"script":"<script> [1562 bytes]","args":[{"selector":{"controlType":"sap.m.TileContent","bindingPath":{"path":"","propertyPath":"/properties/info"},"ancestor":{"controlType":"sap.m.GenericTile","properties":{"header":"Manage Sites"}}},"wdio_ui5_key":"sapm.TileContent{\"path\":\"\",\"propertyPath\":\"/properties/info\"}{\"controlType\":\"sap.m.GenericTile\",\"properties\":{\"header\":\"Manage Sites\"}}"}]}
RESULT: {}
RESULT: {"script":"<script> [1562 bytes]","args":[{"selector":{"controlType":"sap.m.TileContent","bindingPath":{"path":"","propertyPath":"/properties/info"},"ancestor":{"controlType":"sap.m.GenericTile","properties":{"header":"Manage Sites"}}},"wdio_ui5_key":"sapm.TileContent{\"path\":\"\",\"propertyPath\":\"/properties/info\"}{\"controlType\":\"sap.m.GenericTile\",\"properties\":{\"header\":\"Manage Sites\"}}"}]}
RESULT: undefined
COMMAND: POST /session/b7ba4cc64eff0f9e2c488515e19366a0/element - {"using":"xpath","value":"//*[@id=\"__xmlview7--numericTileContent\"]"}
RESULT: {"using":"xpath","value":"//*[@id=\"__xmlview7--numericTileContent\"]"}
COMMAND: POST /session/b7ba4cc64eff0f9e2c488515e19366a0/element/f.C1A8CAC93E6CD690700888AD19FFBF78.d.80FD11F986AE53493F46E9A2995C7F62.e.1788/click - {}
RESULT: {}
COMMAND: POST /session/b7ba4cc64eff0f9e2c488515e19366a0/element - {"using":"xpath","value":"//button[@data-kt=\"addOverflowToolbarButton\"]"}
COMMAND: GET /session/b7ba4cc64eff0f9e2c488515e19366a0/screenshot - {}
RESULT: {"using":"xpath","value":"//button[@data-kt=\"addOverflowToolbarButton\"]"}
COMMAND: POST /session/b7ba4cc64eff0f9e2c488515e19366a0/elements - {"using":"xpath","value":"//button[@data-kt=\"addOverflowToolbarButton\"]"}
RESULT: {}
RESULT: {"using":"xpath","value":"//button[@data-kt=\"addOverflowToolbarButton\"]"}
COMMAND: POST /session/b7ba4cc64eff0f9e2c488515e19366a0/elements - {"using":"xpath","value":"//button[@data-kt=\"addOverflowToolbarButton\"]"}
RESULT: {"using":"xpath","value":"//button[@data-kt=\"addOverflowToolbarButton\"]"}
COMMAND: POST /session/b7ba4cc64eff0f9e2c488515e19366a0/elements - {"using":"xpath","value":"//button[@data-kt=\"addOverflowToolbarButton\"]"}
RESULT: {"using":"xpath","value":"//button[@data-kt=\"addOverflowToolbarButton\"]"}
COMMAND: POST /session/b7ba4cc64eff0f9e2c488515e19366a0/elements - {"using":"xpath","value":"//button[@data-kt=\"addOverflowToolbarButton\"]"}
RESULT: {"using":"xpath","value":"//button[@data-kt=\"addOverflowToolbarButton\"]"}
COMMAND: POST /session/b7ba4cc64eff0f9e2c488515e19366a0/element - {"using":"xpath","value":"//button[@data-kt=\"addOverflowToolbarButton\"]"}
RESULT: {"using":"xpath","value":"//button[@data-kt=\"addOverflowToolbarButton\"]"}
COMMAND: POST /session/b7ba4cc64eff0f9e2c488515e19366a0/execute/sync - {"script":"<script> [8489 bytes]","args":[{"element-6066-11e4-a52e-4f735466cecf":"f.C1A8CAC93E6CD690700888AD19FFBF78.d.80FD11F986AE53493F46E9A2995C7F62.e.1802","ELEMENT":"f.C1A8CAC93E6CD690700888AD19FFBF78.d.80FD11F986AE53493F46E9A2995C7F62.e.1802"}]}
RESULT: {"script":"<script> [8489 bytes]","args":[{"element-6066-11e4-a52e-4f735466cecf":"f.C1A8CAC93E6CD690700888AD19FFBF78.d.80FD11F986AE53493F46E9A2995C7F62.e.1802","ELEMENT":"f.C1A8CAC93E6CD690700888AD19FFBF78.d.80FD11F986AE53493F46E9A2995C7F62.e.1802"}]}
COMMAND: GET /session/b7ba4cc64eff0f9e2c488515e19366a0/element/f.C1A8CAC93E6CD690700888AD19FFBF78.d.80FD11F986AE53493F46E9A2995C7F62.e.1802/enabled - {}
COMMAND: GET /session/b7ba4cc64eff0f9e2c488515e19366a0/screenshot - {}
RESULT: {}
COMMAND: POST /session/b7ba4cc64eff0f9e2c488515e19366a0/execute/sync - {"script":"<script> [8489 bytes]","args":[{"element-6066-11e4-a52e-4f735466cecf":"f.C1A8CAC93E6CD690700888AD19FFBF78.d.80FD11F986AE53493F46E9A2995C7F62.e.1802","ELEMENT":"f.C1A8CAC93E6CD690700888AD19FFBF78.d.80FD11F986AE53493F46E9A2995C7F62.e.1802"}]}
COMMAND: GET /session/b7ba4cc64eff0f9e2c488515e19366a0/screenshot - {}
RESULT: {}
RESULT: {"script":"<script> [8489 bytes]","args":[{"element-6066-11e4-a52e-4f735466cecf":"f.C1A8CAC93E6CD690700888AD19FFBF78.d.80FD11F986AE53493F46E9A2995C7F62.e.1802","ELEMENT":"f.C1A8CAC93E6CD690700888AD19FFBF78.d.80FD11F986AE53493F46E9A2995C7F62.e.1802"}]}
COMMAND: POST /session/b7ba4cc64eff0f9e2c488515e19366a0/execute/sync - {"script":"<script> [5351 bytes]","args":[{"element-6066-11e4-a52e-4f735466cecf":"f.C1A8CAC93E6CD690700888AD19FFBF78.d.80FD11F986AE53493F46E9A2995C7F62.e.1802","ELEMENT":"f.C1A8CAC93E6CD690700888AD19FFBF78.d.80FD11F986AE53493F46E9A2995C7F62.e.1802"}]}
COMMAND: GET /session/b7ba4cc64eff0f9e2c488515e19366a0/screenshot - {}
RESULT: {}
RESULT: {"script":"<script> [5351 bytes]","args":[{"element-6066-11e4-a52e-4f735466cecf":"f.C1A8CAC93E6CD690700888AD19FFBF78.d.80FD11F986AE53493F46E9A2995C7F62.e.1802","ELEMENT":"f.C1A8CAC93E6CD690700888AD19FFBF78.d.80FD11F986AE53493F46E9A2995C7F62.e.1802"}]}
COMMAND: POST /session/b7ba4cc64eff0f9e2c488515e19366a0/element/f.C1A8CAC93E6CD690700888AD19FFBF78.d.80FD11F986AE53493F46E9A2995C7F62.e.1802/click - {}
COMMAND: GET /session/b7ba4cc64eff0f9e2c488515e19366a0/screenshot - {}
RESULT: {}
RESULT: {}
COMMAND: GET /session/b7ba4cc64eff0f9e2c488515e19366a0/screenshot - {}
COMMAND: POST /session/b7ba4cc64eff0f9e2c488515e19366a0/execute/async - {"script":"<script> [1562 bytes]","args":[{"selector":{"id":"application-managesites-display-component---NewSite--addressDetailDetailsName1","interaction":{"idSuffix":"inner"}},"wdio_ui5_key":"applicationmanagesites-display-component---NewSite--addressDetailDetailsName1"}]}
RESULT: {}
RESULT: {}
RESULT: {"script":"<script> [1562 bytes]","args":[{"selector":{"id":"application-managesites-display-component---NewSite--addressDetailDetailsName1","interaction":{"idSuffix":"inner"}},"wdio_ui5_key":"applicationmanagesites-display-component---NewSite--addressDetailDetailsName1"}]}
RESULT: undefined
COMMAND: POST /session/b7ba4cc64eff0f9e2c488515e19366a0/execute/async - {"script":"<script> [776 bytes]","args":[{"enterText":"Intracompany Site wdIO","selector":{"id":"application-managesites-display-component---NewSite--addressDetailDetailsName1","interaction":{"idSuffix":"inner"}},"clearTextFirst":true,"interactionType":"ENTER_TEXT"}]}
RESULT: {"script":"<script> [776 bytes]","args":[{"enterText":"Intracompany Site wdIO","selector":{"id":"application-managesites-display-component---NewSite--addressDetailDetailsName1","interaction":{"idSuffix":"inner"}},"clearTextFirst":true,"interactionType":"ENTER_TEXT"}]}
COMMAND: POST /session/b7ba4cc64eff0f9e2c488515e19366a0/execute/async - {"script":"<script> [1562 bytes]","args":[{"selector":{"id":"application-managesites-display-component---NewSite--addressDetailDetailsLanguage-arrow"},"wdio_ui5_key":"applicationmanagesites-display-component---NewSite--addressDetailDetailsLanguage-arrow"}]}
RESULT: {"script":"<script> [1562 bytes]","args":[{"selector":{"id":"application-managesites-display-component---NewSite--addressDetailDetailsLanguage-arrow"},"wdio_ui5_key":"applicationmanagesites-display-component---NewSite--addressDetailDetailsLanguage-arrow"}]}
RESULT: undefined
COMMAND: POST /session/b7ba4cc64eff0f9e2c488515e19366a0/element - {"using":"xpath","value":"//*[@id=\"application-managesites-display-component---NewSite--addressDetailDetailsLanguage-arrow\"]"}
RESULT: {"using":"xpath","value":"//*[@id=\"application-managesites-display-component---NewSite--addressDetailDetailsLanguage-arrow\"]"}
COMMAND: POST /session/b7ba4cc64eff0f9e2c488515e19366a0/element/f.C1A8CAC93E6CD690700888AD19FFBF78.d.80FD11F986AE53493F46E9A2995C7F62.e.2136/click - {}
RESULT: {}
COMMAND: POST /session/b7ba4cc64eff0f9e2c488515e19366a0/element - {"using":"xpath","value":"//span[contains(text(), \"English\")]"}
COMMAND: GET /session/b7ba4cc64eff0f9e2c488515e19366a0/screenshot - {}
RESULT: {"using":"xpath","value":"//span[contains(text(), \"English\")]"}
COMMAND: POST /session/b7ba4cc64eff0f9e2c488515e19366a0/element/f.C1A8CAC93E6CD690700888AD19FFBF78.d.80FD11F986AE53493F46E9A2995C7F62.e.2137/click - {}
RESULT: {}
RESULT: {}
COMMAND: POST /session/b7ba4cc64eff0f9e2c488515e19366a0/execute/async - {"script":"<script> [1562 bytes]","args":[{"selector":{"id":"application-managesites-display-component---NewSite--addressDetailDetailsCity1","interaction":{"idSuffix":"inner"}},"wdio_ui5_key":"applicationmanagesites-display-component---NewSite--addressDetailDetailsCity1"}]}
COMMAND: GET /session/b7ba4cc64eff0f9e2c488515e19366a0/screenshot - {}
RESULT: {"script":"<script> [1562 bytes]","args":[{"selector":{"id":"application-managesites-display-component---NewSite--addressDetailDetailsCity1","interaction":{"idSuffix":"inner"}},"wdio_ui5_key":"applicationmanagesites-display-component---NewSite--addressDetailDetailsCity1"}]}
RESULT: undefined
COMMAND: POST /session/b7ba4cc64eff0f9e2c488515e19366a0/execute/async - {"script":"<script> [776 bytes]","args":[{"enterText":"Rosario","selector":{"id":"application-managesites-display-component---NewSite--addressDetailDetailsCity1","interaction":{"idSuffix":"inner"}},"clearTextFirst":true,"interactionType":"ENTER_TEXT"}]}
RESULT: {}
RESULT: {"script":"<script> [776 bytes]","args":[{"enterText":"Rosario","selector":{"id":"application-managesites-display-component---NewSite--addressDetailDetailsCity1","interaction":{"idSuffix":"inner"}},"clearTextFirst":true,"interactionType":"ENTER_TEXT"}]}
COMMAND: POST /session/b7ba4cc64eff0f9e2c488515e19366a0/execute/async - {"script":"<script> [1562 bytes]","args":[{"selector":{"id":"application-managesites-display-component---NewSite--addressDetailDetailsCountry-arrow"},"wdio_ui5_key":"applicationmanagesites-display-component---NewSite--addressDetailDetailsCountry-arrow"}]}
RESULT: {"script":"<script> [1562 bytes]","args":[{"selector":{"id":"application-managesites-display-component---NewSite--addressDetailDetailsCountry-arrow"},"wdio_ui5_key":"applicationmanagesites-display-component---NewSite--addressDetailDetailsCountry-arrow"}]}
RESULT: undefined
COMMAND: POST /session/b7ba4cc64eff0f9e2c488515e19366a0/element - {"using":"xpath","value":"//*[@id=\"application-managesites-display-component---NewSite--addressDetailDetailsCountry-arrow\"]"}
RESULT: {"using":"xpath","value":"//*[@id=\"application-managesites-display-component---NewSite--addressDetailDetailsCountry-arrow\"]"}
COMMAND: POST /session/b7ba4cc64eff0f9e2c488515e19366a0/element/f.C1A8CAC93E6CD690700888AD19FFBF78.d.80FD11F986AE53493F46E9A2995C7F62.e.2139/click - {}
RESULT: {}
COMMAND: POST /session/b7ba4cc64eff0f9e2c488515e19366a0/element - {"using":"xpath","value":"//span[contains(text(), \"Argentina\")]"}
COMMAND: GET /session/b7ba4cc64eff0f9e2c488515e19366a0/screenshot - {}
RESULT: {"using":"xpath","value":"//span[contains(text(), \"Argentina\")]"}
COMMAND: POST /session/b7ba4cc64eff0f9e2c488515e19366a0/element/f.C1A8CAC93E6CD690700888AD19FFBF78.d.80FD11F986AE53493F46E9A2995C7F62.e.2140/click - {}
RESULT: {}
RESULT: {}
COMMAND: GET /session/b7ba4cc64eff0f9e2c488515e19366a0/screenshot - {}
RESULT: {}
COMMAND: POST /session/b7ba4cc64eff0f9e2c488515e19366a0/execute/async - {"script":"<script> [1562 bytes]","args":[{"selector":{"id":"application-managesites-display-component---NewSite--addressEditDetailsCostObjectCstType-arrow"},"wdio_ui5_key":"applicationmanagesites-display-component---NewSite--addressEditDetailsCostObjectCstType-arrow"}]}
RESULT: {"script":"<script> [1562 bytes]","args":[{"selector":{"id":"application-managesites-display-component---NewSite--addressEditDetailsCostObjectCstType-arrow"},"wdio_ui5_key":"applicationmanagesites-display-component---NewSite--addressEditDetailsCostObjectCstType-arrow"}]}
RESULT: undefined
COMMAND: POST /session/b7ba4cc64eff0f9e2c488515e19366a0/element - {"using":"xpath","value":"//*[@id=\"application-managesites-display-component---NewSite--addressEditDetailsCostObjectCstType-arrow\"]"}
RESULT: {"using":"xpath","value":"//*[@id=\"application-managesites-display-component---NewSite--addressEditDetailsCostObjectCstType-arrow\"]"}
COMMAND: POST /session/b7ba4cc64eff0f9e2c488515e19366a0/element/f.C1A8CAC93E6CD690700888AD19FFBF78.d.80FD11F986AE53493F46E9A2995C7F62.e.2142/click - {}
RESULT: {}
COMMAND: POST /session/b7ba4cc64eff0f9e2c488515e19366a0/element - {"using":"xpath","value":"//span[contains(text(), \"Cost Center\")]"}
COMMAND: GET /session/b7ba4cc64eff0f9e2c488515e19366a0/screenshot - {}
RESULT: {"using":"xpath","value":"//span[contains(text(), \"Cost Center\")]"}
COMMAND: POST /session/b7ba4cc64eff0f9e2c488515e19366a0/element/f.C1A8CAC93E6CD690700888AD19FFBF78.d.80FD11F986AE53493F46E9A2995C7F62.e.2143/click - {}
RESULT: {}
RESULT: {}
COMMAND: GET /session/b7ba4cc64eff0f9e2c488515e19366a0/screenshot - {}
RESULT: {}
COMMAND: POST /session/b7ba4cc64eff0f9e2c488515e19366a0/element - {"using":"xpath","value":"//span[@id=\"application-managesites-display-component---NewSite--addressNewCostObjectCstID-vhi\"]"}
RESULT: {"using":"xpath","value":"//span[@id=\"application-managesites-display-component---NewSite--addressNewCostObjectCstID-vhi\"]"}
COMMAND: POST /session/b7ba4cc64eff0f9e2c488515e19366a0/execute/sync - {"script":"<script> [8489 bytes]","args":[{"element-6066-11e4-a52e-4f735466cecf":"f.C1A8CAC93E6CD690700888AD19FFBF78.d.80FD11F986AE53493F46E9A2995C7F62.e.2148","ELEMENT":"f.C1A8CAC93E6CD690700888AD19FFBF78.d.80FD11F986AE53493F46E9A2995C7F62.e.2148"}]}
RESULT: {"script":"<script> [8489 bytes]","args":[{"element-6066-11e4-a52e-4f735466cecf":"f.C1A8CAC93E6CD690700888AD19FFBF78.d.80FD11F986AE53493F46E9A2995C7F62.e.2148","ELEMENT":"f.C1A8CAC93E6CD690700888AD19FFBF78.d.80FD11F986AE53493F46E9A2995C7F62.e.2148"}]}
COMMAND: POST /session/b7ba4cc64eff0f9e2c488515e19366a0/execute/async - {"script":"<script> [1562 bytes]","args":[{"selector":{"id":"application-managesites-display-component---NewSite--addressNewCostObjectCstID-vhi"},"wdio_ui5_key":"applicationmanagesites-display-component---NewSite--addressNewCostObjectCstID-vhi"}]}
COMMAND: GET /session/b7ba4cc64eff0f9e2c488515e19366a0/screenshot - {}
RESULT: {"script":"<script> [1562 bytes]","args":[{"selector":{"id":"application-managesites-display-component---NewSite--addressNewCostObjectCstID-vhi"},"wdio_ui5_key":"applicationmanagesites-display-component---NewSite--addressNewCostObjectCstID-vhi"}]}
RESULT: undefined
COMMAND: POST /session/b7ba4cc64eff0f9e2c488515e19366a0/element - {"using":"xpath","value":"//*[@id=\"application-managesites-display-component---NewSite--addressNewCostObjectCstID-vhi\"]"}
RESULT: {}
RESULT: {"using":"xpath","value":"//*[@id=\"application-managesites-display-component---NewSite--addressNewCostObjectCstID-vhi\"]"}
COMMAND: POST /session/b7ba4cc64eff0f9e2c488515e19366a0/element/f.C1A8CAC93E6CD690700888AD19FFBF78.d.80FD11F986AE53493F46E9A2995C7F62.e.2148/click - {}
RESULT: {}
COMMAND: GET /session/b7ba4cc64eff0f9e2c488515e19366a0/screenshot - {}
RESULT: {}
RESULT: undefined
COMMAND: POST /session/b7ba4cc64eff0f9e2c488515e19366a0/execute/async - {"script":"<script> [776 bytes]","args":[{"enterText":"10001013","selector":{"controlType":"sap.m.SearchField","properties":{"placeholder":"Search"},"searchOpenDialogs":true,"interaction":{"idSuffix":"I"}},"clearTextFirst":true,"interactionType":"ENTER_TEXT"}]}
RESULT: {"script":"<script> [776 bytes]","args":[{"enterText":"10001013","selector":{"controlType":"sap.m.SearchField","properties":{"placeholder":"Search"},"searchOpenDialogs":true,"interaction":{"idSuffix":"I"}},"clearTextFirst":true,"interactionType":"ENTER_TEXT"}]}
COMMAND: POST /session/b7ba4cc64eff0f9e2c488515e19366a0/actions - {"actions":[{"id":"action6","type":"key","parameters":{},"actions":[{"type":"keyDown","value":"î€‡"},{"type":"pause","duration":10},{"type":"keyUp","value":"î€‡"}]}]}
RESULT: {"actions":[{"id":"action6","type":"key","parameters":{},"actions":[{"type":"keyDown","value":"î€‡"},{"type":"pause","duration":10},{"type":"keyUp","value":"î€‡"}]}]}
COMMAND: GET /session/b7ba4cc64eff0f9e2c488515e19366a0/screenshot - {}
RESULT: {}
COMMAND: POST /session/b7ba4cc64eff0f9e2c488515e19366a0/element - {"using":"xpath","value":"//span[contains(text(), \"General Management\")]"}
RESULT: {"using":"xpath","value":"//span[contains(text(), \"General Management\")]"}
COMMAND: POST /session/b7ba4cc64eff0f9e2c488515e19366a0/element/f.C1A8CAC93E6CD690700888AD19FFBF78.d.80FD11F986AE53493F46E9A2995C7F62.e.2186/click - {}
RESULT: {}
COMMAND: GET /session/b7ba4cc64eff0f9e2c488515e19366a0/screenshot - {}
RESULT: {}
COMMAND: POST /session/b7ba4cc64eff0f9e2c488515e19366a0/element - {"using":"xpath","value":"//bdi[contains(text(), \"OK\")]"}
RESULT: {"using":"xpath","value":"//bdi[contains(text(), \"OK\")]"}
COMMAND: POST /session/b7ba4cc64eff0f9e2c488515e19366a0/element/f.C1A8CAC93E6CD690700888AD19FFBF78.d.80FD11F986AE53493F46E9A2995C7F62.e.2187/click - {}
RESULT: {}
COMMAND: GET /session/b7ba4cc64eff0f9e2c488515e19366a0/screenshot - {}
RESULT: {}
COMMAND: POST /session/b7ba4cc64eff0f9e2c488515e19366a0/element - {"using":"xpath","value":"//input[@id=\"application-managesites-display-component---NewSite--addressDetailDetailsCalendar-inner\"]"}
RESULT: {"using":"xpath","value":"//input[@id=\"application-managesites-display-component---NewSite--addressDetailDetailsCalendar-inner\"]"}
COMMAND: POST /session/b7ba4cc64eff0f9e2c488515e19366a0/element/f.C1A8CAC93E6CD690700888AD19FFBF78.d.80FD11F986AE53493F46E9A2995C7F62.e.1902/clear - {}
RESULT: {}
COMMAND: POST /session/b7ba4cc64eff0f9e2c488515e19366a0/element/f.C1A8CAC93E6CD690700888AD19FFBF78.d.80FD11F986AE53493F46E9A2995C7F62.e.1902/value - {"text":"Unit"}
COMMAND: GET /session/b7ba4cc64eff0f9e2c488515e19366a0/screenshot - {}
RESULT: {"text":"Unit"}
COMMAND: GET /session/b7ba4cc64eff0f9e2c488515e19366a0/screenshot - {}
RESULT: {}
RESULT: {}
COMMAND: POST /session/b7ba4cc64eff0f9e2c488515e19366a0/actions - {"actions":[{"id":"action7","type":"key","parameters":{},"actions":[{"type":"keyDown","value":"î€‡"},{"type":"pause","duration":10},{"type":"keyUp","value":"î€‡"}]}]}
RESULT: {"actions":[{"id":"action7","type":"key","parameters":{},"actions":[{"type":"keyDown","value":"î€‡"},{"type":"pause","duration":10},{"type":"keyUp","value":"î€‡"}]}]}
COMMAND: POST /session/b7ba4cc64eff0f9e2c488515e19366a0/element - {"using":"xpath","value":"//input[@id=\"application-managesites-display-component---NewSite--addressDetailDetailsYard-inner\"]"}
COMMAND: GET /session/b7ba4cc64eff0f9e2c488515e19366a0/screenshot - {}
RESULT: {"using":"xpath","value":"//input[@id=\"application-managesites-display-component---NewSite--addressDetailDetailsYard-inner\"]"}
COMMAND: POST /session/b7ba4cc64eff0f9e2c488515e19366a0/element/f.C1A8CAC93E6CD690700888AD19FFBF78.d.80FD11F986AE53493F46E9A2995C7F62.e.1903/clear - {}
RESULT: {}
RESULT: {}
COMMAND: POST /session/b7ba4cc64eff0f9e2c488515e19366a0/element/f.C1A8CAC93E6CD690700888AD19FFBF78.d.80FD11F986AE53493F46E9A2995C7F62.e.1903/value - {"text":"294"}
COMMAND: GET /session/b7ba4cc64eff0f9e2c488515e19366a0/screenshot - {}
RESULT: {"text":"294"}
COMMAND: GET /session/b7ba4cc64eff0f9e2c488515e19366a0/screenshot - {}
RESULT: {}
RESULT: {}
COMMAND: POST /session/b7ba4cc64eff0f9e2c488515e19366a0/element - {"using":"xpath","value":"//li[.//span[text()='294']]"}
RESULT: {"using":"xpath","value":"//li[.//span[text()='294']]"}
COMMAND: POST /session/b7ba4cc64eff0f9e2c488515e19366a0/element/f.C1A8CAC93E6CD690700888AD19FFBF78.d.80FD11F986AE53493F46E9A2995C7F62.e.2195/click - {}
RESULT: {}
COMMAND: GET /session/b7ba4cc64eff0f9e2c488515e19366a0/screenshot - {}
RESULT: {}
COMMAND: POST /session/b7ba4cc64eff0f9e2c488515e19366a0/element - {"using":"xpath","value":"//input[@id=\"application-managesites-display-component---NewSite--addressDetailDetailsPartner-inner\"]"}
RESULT: {"using":"xpath","value":"//input[@id=\"application-managesites-display-component---NewSite--addressDetailDetailsPartner-inner\"]"}
COMMAND: POST /session/b7ba4cc64eff0f9e2c488515e19366a0/element - {"using":"xpath","value":"//input[@id=\"application-managesites-display-component---NewSite--addressDetailDetailsPartner-inner\"]"}
RESULT: {"using":"xpath","value":"//input[@id=\"application-managesites-display-component---NewSite--addressDetailDetailsPartner-inner\"]"}
COMMAND: POST /session/b7ba4cc64eff0f9e2c488515e19366a0/element - {"using":"xpath","value":"//button[@data-kt=\"saveButton\"]"}
RESULT: {"using":"xpath","value":"//button[@data-kt=\"saveButton\"]"}
COMMAND: POST /session/b7ba4cc64eff0f9e2c488515e19366a0/element/f.C1A8CAC93E6CD690700888AD19FFBF78.d.80FD11F986AE53493F46E9A2995C7F62.e.2129/click - {}
RESULT: {}
COMMAND: GET /session/b7ba4cc64eff0f9e2c488515e19366a0/screenshot - {}
COMMAND: POST /session/b7ba4cc64eff0f9e2c488515e19366a0/element - {"using":"xpath","value":"//header[contains(@id, 'ObjectPageLayout-headerTitle')]/div[1]/div[2]/div[2]/span[1]"}
RESULT: {}
RESULT: {"using":"xpath","value":"//header[contains(@id, 'ObjectPageLayout-headerTitle')]/div[1]/div[2]/div[2]/span[1]"}
COMMAND: POST /session/b7ba4cc64eff0f9e2c488515e19366a0/elements - {"using":"xpath","value":"//header[contains(@id, 'ObjectPageLayout-headerTitle')]/div[1]/div[2]/div[2]/span[1]"}
RESULT: {"using":"xpath","value":"//header[contains(@id, 'ObjectPageLayout-headerTitle')]/div[1]/div[2]/div[2]/span[1]"}
COMMAND: POST /session/b7ba4cc64eff0f9e2c488515e19366a0/execute/sync - {"script":"<script> [56 bytes]","args":[{"element-6066-11e4-a52e-4f735466cecf":"f.C1A8CAC93E6CD690700888AD19FFBF78.d.80FD11F986AE53493F46E9A2995C7F62.e.2392","ELEMENT":"f.C1A8CAC93E6CD690700888AD19FFBF78.d.80FD11F986AE53493F46E9A2995C7F62.e.2392"}]}
RESULT: {"script":"<script> [56 bytes]","args":[{"element-6066-11e4-a52e-4f735466cecf":"f.C1A8CAC93E6CD690700888AD19FFBF78.d.80FD11F986AE53493F46E9A2995C7F62.e.2392","ELEMENT":"f.C1A8CAC93E6CD690700888AD19FFBF78.d.80FD11F986AE53493F46E9A2995C7F62.e.2392"}]}
COMMAND: POST /session/b7ba4cc64eff0f9e2c488515e19366a0/element - {"using":"css selector","value":"#shell-header-logo"}
COMMAND: GET /session/b7ba4cc64eff0f9e2c488515e19366a0/screenshot - {}
RESULT: {"using":"css selector","value":"#shell-header-logo"}
COMMAND: POST /session/b7ba4cc64eff0f9e2c488515e19366a0/element/f.C1A8CAC93E6CD690700888AD19FFBF78.d.80FD11F986AE53493F46E9A2995C7F62.e.1792/click - {}
RESULT: {}
RESULT: {}
COMMAND: GET /session/b7ba4cc64eff0f9e2c488515e19366a0/screenshot - {}
RESULT: {}
COMMAND: POST /session/b7ba4cc64eff0f9e2c488515e19366a0/execute/sync - {"script":"<script> [299 bytes]","args":[["getModel","getResource"]]}
RESULT: {"script":"<script> [299 bytes]","args":[["getModel","getResource"]]}
]]></system-out>
    </testcase>
  </testsuite>
  <testsuite timestamp="2025-04-27T17:29:20" time="1055.337" tests="14" failures="11" errors="11" skipped="0">
    <properties>
      <property name="specId" value="0" />
      <property name="suiteName" value="Create master data for mixed billing &amp; do billing calculation US151661" />
      <property name="capabilities" value="chrome.135_0_7049_96.windows" />
      <property name="file" value="file:///D:/a/1/s/test/specs/BTS/billing-calculation-mixed.spec.js" />
    </properties>
    <testcase classname="chrome.135_0_7049_96.windows.Create_master_data_for_mixed_billing_&amp;_do_billing_calculation_US151661" name="Should create a new yard" time="121.185">
      <system-out><![CDATA[
COMMAND: POST /session/b7ba4cc64eff0f9e2c488515e19366a0/window/fullscreen - {}
RESULT: {}
COMMAND: POST /session/b7ba4cc64eff0f9e2c488515e19366a0/execute/async - {"script":"<script> [1562 bytes]","args":[{"selector":{"controlType":"sap.m.GenericTile","properties":{"header":"Manage Yards"}},"wdio_ui5_key":"sapm.GenericTile{\"header\":\"Manage Yards\"}"}]}
RESULT: {"script":"<script> [1562 bytes]","args":[{"selector":{"controlType":"sap.m.GenericTile","properties":{"header":"Manage Yards"}},"wdio_ui5_key":"sapm.GenericTile{\"header\":\"Manage Yards\"}"}]}
RESULT: undefined
COMMAND: POST /session/b7ba4cc64eff0f9e2c488515e19366a0/element - {"using":"xpath","value":"//*[@id=\"__tile41\"]"}
RESULT: {"using":"xpath","value":"//*[@id=\"__tile41\"]"}
COMMAND: POST /session/b7ba4cc64eff0f9e2c488515e19366a0/element/f.C1A8CAC93E6CD690700888AD19FFBF78.d.75A5FBE1C70D5E2A64C1F1118DEC598A.e.3134/click - {}
RESULT: {}
COMMAND: POST /session/b7ba4cc64eff0f9e2c488515e19366a0/element - {"using":"xpath","value":"//button[@data-kt=\"addNewYardOverflowToolbarButton\"]"}
COMMAND: GET /session/b7ba4cc64eff0f9e2c488515e19366a0/screenshot - {}
RESULT: {"using":"xpath","value":"//button[@data-kt=\"addNewYardOverflowToolbarButton\"]"}
COMMAND: POST /session/b7ba4cc64eff0f9e2c488515e19366a0/elements - {"using":"xpath","value":"//button[@data-kt=\"addNewYardOverflowToolbarButton\"]"}
RESULT: {}
RESULT: {"using":"xpath","value":"//button[@data-kt=\"addNewYardOverflowToolbarButton\"]"}
COMMAND: POST /session/b7ba4cc64eff0f9e2c488515e19366a0/elements - {"using":"xpath","value":"//button[@data-kt=\"addNewYardOverflowToolbarButton\"]"}
RESULT: {"using":"xpath","value":"//button[@data-kt=\"addNewYardOverflowToolbarButton\"]"}
COMMAND: POST /session/b7ba4cc64eff0f9e2c488515e19366a0/elements - {"using":"xpath","value":"//button[@data-kt=\"addNewYardOverflowToolbarButton\"]"}
RESULT: {"using":"xpath","value":"//button[@data-kt=\"addNewYardOverflowToolbarButton\"]"}
COMMAND: POST /session/b7ba4cc64eff0f9e2c488515e19366a0/elements - {"using":"xpath","value":"//button[@data-kt=\"addNewYardOverflowToolbarButton\"]"}
RESULT: {"using":"xpath","value":"//button[@data-kt=\"addNewYardOverflowToolbarButton\"]"}
COMMAND: POST /session/b7ba4cc64eff0f9e2c488515e19366a0/elements - {"using":"xpath","value":"//button[@data-kt=\"addNewYardOverflowToolbarButton\"]"}
RESULT: {"using":"xpath","value":"//button[@data-kt=\"addNewYardOverflowToolbarButton\"]"}
COMMAND: POST /session/b7ba4cc64eff0f9e2c488515e19366a0/elements - {"using":"xpath","value":"//button[@data-kt=\"addNewYardOverflowToolbarButton\"]"}
RESULT: {"using":"xpath","value":"//button[@data-kt=\"addNewYardOverflowToolbarButton\"]"}
COMMAND: POST /session/b7ba4cc64eff0f9e2c488515e19366a0/elements - {"using":"xpath","value":"//button[@data-kt=\"addNewYardOverflowToolbarButton\"]"}
RESULT: {"using":"xpath","value":"//button[@data-kt=\"addNewYardOverflowToolbarButton\"]"}
COMMAND: POST /session/b7ba4cc64eff0f9e2c488515e19366a0/elements - {"using":"xpath","value":"//button[@data-kt=\"addNewYardOverflowToolbarButton\"]"}
RESULT: {"using":"xpath","value":"//button[@data-kt=\"addNewYardOverflowToolbarButton\"]"}
COMMAND: POST /session/b7ba4cc64eff0f9e2c488515e19366a0/elements - {"using":"xpath","value":"//button[@data-kt=\"addNewYardOverflowToolbarButton\"]"}
RESULT: {"using":"xpath","value":"//button[@data-kt=\"addNewYardOverflowToolbarButton\"]"}
COMMAND: POST /session/b7ba4cc64eff0f9e2c488515e19366a0/elements - {"using":"xpath","value":"//button[@data-kt=\"addNewYardOverflowToolbarButton\"]"}
RESULT: {"using":"xpath","value":"//button[@data-kt=\"addNewYardOverflowToolbarButton\"]"}
COMMAND: POST /session/b7ba4cc64eff0f9e2c488515e19366a0/elements - {"using":"xpath","value":"//button[@data-kt=\"addNewYardOverflowToolbarButton\"]"}
RESULT: {"using":"xpath","value":"//button[@data-kt=\"addNewYardOverflowToolbarButton\"]"}
COMMAND: POST /session/b7ba4cc64eff0f9e2c488515e19366a0/elements - {"using":"xpath","value":"//button[@data-kt=\"addNewYardOverflowToolbarButton\"]"}
RESULT: {"using":"xpath","value":"//button[@data-kt=\"addNewYardOverflowToolbarButton\"]"}
COMMAND: POST /session/b7ba4cc64eff0f9e2c488515e19366a0/elements - {"using":"xpath","value":"//button[@data-kt=\"addNewYardOverflowToolbarButton\"]"}
RESULT: {"using":"xpath","value":"//button[@data-kt=\"addNewYardOverflowToolbarButton\"]"}
COMMAND: POST /session/b7ba4cc64eff0f9e2c488515e19366a0/elements - {"using":"xpath","value":"//button[@data-kt=\"addNewYardOverflowToolbarButton\"]"}
RESULT: {"using":"xpath","value":"//button[@data-kt=\"addNewYardOverflowToolbarButton\"]"}
COMMAND: POST /session/b7ba4cc64eff0f9e2c488515e19366a0/elements - {"using":"xpath","value":"//button[@data-kt=\"addNewYardOverflowToolbarButton\"]"}
RESULT: {"using":"xpath","value":"//button[@data-kt=\"addNewYardOverflowToolbarButton\"]"}
COMMAND: POST /session/b7ba4cc64eff0f9e2c488515e19366a0/elements - {"using":"xpath","value":"//button[@data-kt=\"addNewYardOverflowToolbarButton\"]"}
RESULT: {"using":"xpath","value":"//button[@data-kt=\"addNewYardOverflowToolbarButton\"]"}
COMMAND: POST /session/b7ba4cc64eff0f9e2c488515e19366a0/elements - {"using":"xpath","value":"//button[@data-kt=\"addNewYardOverflowToolbarButton\"]"}
RESULT: {"using":"xpath","value":"//button[@data-kt=\"addNewYardOverflowToolbarButton\"]"}
COMMAND: POST /session/b7ba4cc64eff0f9e2c488515e19366a0/elements - {"using":"xpath","value":"//button[@data-kt=\"addNewYardOverflowToolbarButton\"]"}
RESULT: {"using":"xpath","value":"//button[@data-kt=\"addNewYardOverflowToolbarButton\"]"}
COMMAND: POST /session/b7ba4cc64eff0f9e2c488515e19366a0/elements - {"using":"xpath","value":"//button[@data-kt=\"addNewYardOverflowToolbarButton\"]"}
RESULT: {"using":"xpath","value":"//button[@data-kt=\"addNewYardOverflowToolbarButton\"]"}
COMMAND: POST /session/b7ba4cc64eff0f9e2c488515e19366a0/elements - {"using":"xpath","value":"//button[@data-kt=\"addNewYardOverflowToolbarButton\"]"}
RESULT: {"using":"xpath","value":"//button[@data-kt=\"addNewYardOverflowToolbarButton\"]"}
COMMAND: POST /session/b7ba4cc64eff0f9e2c488515e19366a0/elements - {"using":"xpath","value":"//button[@data-kt=\"addNewYardOverflowToolbarButton\"]"}
RESULT: {"using":"xpath","value":"//button[@data-kt=\"addNewYardOverflowToolbarButton\"]"}
COMMAND: POST /session/b7ba4cc64eff0f9e2c488515e19366a0/elements - {"using":"xpath","value":"//button[@data-kt=\"addNewYardOverflowToolbarButton\"]"}
RESULT: {"using":"xpath","value":"//button[@data-kt=\"addNewYardOverflowToolbarButton\"]"}
COMMAND: POST /session/b7ba4cc64eff0f9e2c488515e19366a0/elements - {"using":"xpath","value":"//button[@data-kt=\"addNewYardOverflowToolbarButton\"]"}
RESULT: {"using":"xpath","value":"//button[@data-kt=\"addNewYardOverflowToolbarButton\"]"}
COMMAND: POST /session/b7ba4cc64eff0f9e2c488515e19366a0/elements - {"using":"xpath","value":"//button[@data-kt=\"addNewYardOverflowToolbarButton\"]"}
RESULT: {"using":"xpath","value":"//button[@data-kt=\"addNewYardOverflowToolbarButton\"]"}
COMMAND: POST /session/b7ba4cc64eff0f9e2c488515e19366a0/elements - {"using":"xpath","value":"//button[@data-kt=\"addNewYardOverflowToolbarButton\"]"}
RESULT: {"using":"xpath","value":"//button[@data-kt=\"addNewYardOverflowToolbarButton\"]"}
COMMAND: POST /session/b7ba4cc64eff0f9e2c488515e19366a0/elements - {"using":"xpath","value":"//button[@data-kt=\"addNewYardOverflowToolbarButton\"]"}
RESULT: {"using":"xpath","value":"//button[@data-kt=\"addNewYardOverflowToolbarButton\"]"}
COMMAND: POST /session/b7ba4cc64eff0f9e2c488515e19366a0/elements - {"using":"xpath","value":"//button[@data-kt=\"addNewYardOverflowToolbarButton\"]"}
RESULT: {"using":"xpath","value":"//button[@data-kt=\"addNewYardOverflowToolbarButton\"]"}
COMMAND: POST /session/b7ba4cc64eff0f9e2c488515e19366a0/elements - {"using":"xpath","value":"//button[@data-kt=\"addNewYardOverflowToolbarButton\"]"}
RESULT: {"using":"xpath","value":"//button[@data-kt=\"addNewYardOverflowToolbarButton\"]"}
COMMAND: POST /session/b7ba4cc64eff0f9e2c488515e19366a0/elements - {"using":"xpath","value":"//button[@data-kt=\"addNewYardOverflowToolbarButton\"]"}
RESULT: {"using":"xpath","value":"//button[@data-kt=\"addNewYardOverflowToolbarButton\"]"}
COMMAND: POST /session/b7ba4cc64eff0f9e2c488515e19366a0/elements - {"using":"xpath","value":"//button[@data-kt=\"addNewYardOverflowToolbarButton\"]"}
RESULT: {"using":"xpath","value":"//button[@data-kt=\"addNewYardOverflowToolbarButton\"]"}
COMMAND: POST /session/b7ba4cc64eff0f9e2c488515e19366a0/elements - {"using":"xpath","value":"//button[@data-kt=\"addNewYardOverflowToolbarButton\"]"}
RESULT: {"using":"xpath","value":"//button[@data-kt=\"addNewYardOverflowToolbarButton\"]"}
COMMAND: POST /session/b7ba4cc64eff0f9e2c488515e19366a0/elements - {"using":"xpath","value":"//button[@data-kt=\"addNewYardOverflowToolbarButton\"]"}
RESULT: {"using":"xpath","value":"//button[@data-kt=\"addNewYardOverflowToolbarButton\"]"}
COMMAND: POST /session/b7ba4cc64eff0f9e2c488515e19366a0/element - {"using":"xpath","value":"//button[@data-kt=\"addNewYardOverflowToolbarButton\"]"}
RESULT: {"using":"xpath","value":"//button[@data-kt=\"addNewYardOverflowToolbarButton\"]"}
COMMAND: POST /session/b7ba4cc64eff0f9e2c488515e19366a0/execute/sync - {"script":"<script> [8489 bytes]","args":[{"element-6066-11e4-a52e-4f735466cecf":"f.C1A8CAC93E6CD690700888AD19FFBF78.d.75A5FBE1C70D5E2A64C1F1118DEC598A.e.3270","ELEMENT":"f.C1A8CAC93E6CD690700888AD19FFBF78.d.75A5FBE1C70D5E2A64C1F1118DEC598A.e.3270"}]}
RESULT: {"script":"<script> [8489 bytes]","args":[{"element-6066-11e4-a52e-4f735466cecf":"f.C1A8CAC93E6CD690700888AD19FFBF78.d.75A5FBE1C70D5E2A64C1F1118DEC598A.e.3270","ELEMENT":"f.C1A8CAC93E6CD690700888AD19FFBF78.d.75A5FBE1C70D5E2A64C1F1118DEC598A.e.3270"}]}
COMMAND: GET /session/b7ba4cc64eff0f9e2c488515e19366a0/element/f.C1A8CAC93E6CD690700888AD19FFBF78.d.75A5FBE1C70D5E2A64C1F1118DEC598A.e.3270/enabled - {}
COMMAND: GET /session/b7ba4cc64eff0f9e2c488515e19366a0/screenshot - {}
RESULT: {}
COMMAND: POST /session/b7ba4cc64eff0f9e2c488515e19366a0/execute/sync - {"script":"<script> [8489 bytes]","args":[{"element-6066-11e4-a52e-4f735466cecf":"f.C1A8CAC93E6CD690700888AD19FFBF78.d.75A5FBE1C70D5E2A64C1F1118DEC598A.e.3270","ELEMENT":"f.C1A8CAC93E6CD690700888AD19FFBF78.d.75A5FBE1C70D5E2A64C1F1118DEC598A.e.3270"}]}
COMMAND: GET /session/b7ba4cc64eff0f9e2c488515e19366a0/screenshot - {}
RESULT: {}
RESULT: {"script":"<script> [8489 bytes]","args":[{"element-6066-11e4-a52e-4f735466cecf":"f.C1A8CAC93E6CD690700888AD19FFBF78.d.75A5FBE1C70D5E2A64C1F1118DEC598A.e.3270","ELEMENT":"f.C1A8CAC93E6CD690700888AD19FFBF78.d.75A5FBE1C70D5E2A64C1F1118DEC598A.e.3270"}]}
COMMAND: POST /session/b7ba4cc64eff0f9e2c488515e19366a0/execute/sync - {"script":"<script> [5351 bytes]","args":[{"element-6066-11e4-a52e-4f735466cecf":"f.C1A8CAC93E6CD690700888AD19FFBF78.d.75A5FBE1C70D5E2A64C1F1118DEC598A.e.3270","ELEMENT":"f.C1A8CAC93E6CD690700888AD19FFBF78.d.75A5FBE1C70D5E2A64C1F1118DEC598A.e.3270"}]}
COMMAND: GET /session/b7ba4cc64eff0f9e2c488515e19366a0/screenshot - {}
RESULT: {}
RESULT: {"script":"<script> [5351 bytes]","args":[{"element-6066-11e4-a52e-4f735466cecf":"f.C1A8CAC93E6CD690700888AD19FFBF78.d.75A5FBE1C70D5E2A64C1F1118DEC598A.e.3270","ELEMENT":"f.C1A8CAC93E6CD690700888AD19FFBF78.d.75A5FBE1C70D5E2A64C1F1118DEC598A.e.3270"}]}
COMMAND: POST /session/b7ba4cc64eff0f9e2c488515e19366a0/element/f.C1A8CAC93E6CD690700888AD19FFBF78.d.75A5FBE1C70D5E2A64C1F1118DEC598A.e.3270/click - {}
COMMAND: GET /session/b7ba4cc64eff0f9e2c488515e19366a0/screenshot - {}
RESULT: {}
RESULT: {}
COMMAND: GET /session/b7ba4cc64eff0f9e2c488515e19366a0/screenshot - {}
COMMAND: POST /session/b7ba4cc64eff0f9e2c488515e19366a0/element - {"using":"xpath","value":"//input[@id=\"application-manageyards-display-component---NewYard--yardId-inner\"]"}
RESULT: {}
RESULT: {}
RESULT: {"using":"xpath","value":"//input[@id=\"application-manageyards-display-component---NewYard--yardId-inner\"]"}
COMMAND: POST /session/b7ba4cc64eff0f9e2c488515e19366a0/element - {"using":"xpath","value":"//input[@id=\"application-manageyards-display-component---NewYard--yardId-inner\"]"}
RESULT: {"using":"xpath","value":"//input[@id=\"application-manageyards-display-component---NewYard--yardId-inner\"]"}
COMMAND: POST /session/b7ba4cc64eff0f9e2c488515e19366a0/execute/async - {"script":"<script> [1562 bytes]","args":[{"selector":{"id":"application-manageyards-display-component---NewYard--addressDetailDetailsName1","interaction":{"idSuffix":"inner"}},"wdio_ui5_key":"applicationmanageyards-display-component---NewYard--addressDetailDetailsName1"}]}
RESULT: {"script":"<script> [1562 bytes]","args":[{"selector":{"id":"application-manageyards-display-component---NewYard--addressDetailDetailsName1","interaction":{"idSuffix":"inner"}},"wdio_ui5_key":"applicationmanageyards-display-component---NewYard--addressDetailDetailsName1"}]}
RESULT: undefined
COMMAND: POST /session/b7ba4cc64eff0f9e2c488515e19366a0/execute/async - {"script":"<script> [776 bytes]","args":[{"enterText":"Intercompany Yard wdIO","selector":{"id":"application-manageyards-display-component---NewYard--addressDetailDetailsName1","interaction":{"idSuffix":"inner"}},"clearTextFirst":true,"interactionType":"ENTER_TEXT"}]}
RESULT: {"script":"<script> [776 bytes]","args":[{"enterText":"Intercompany Yard wdIO","selector":{"id":"application-manageyards-display-component---NewYard--addressDetailDetailsName1","interaction":{"idSuffix":"inner"}},"clearTextFirst":true,"interactionType":"ENTER_TEXT"}]}
COMMAND: POST /session/b7ba4cc64eff0f9e2c488515e19366a0/execute/async - {"script":"<script> [1562 bytes]","args":[{"selector":{"id":"application-manageyards-display-component---NewYard--addressDetailDetailsLanguage-arrow"},"wdio_ui5_key":"applicationmanageyards-display-component---NewYard--addressDetailDetailsLanguage-arrow"}]}
RESULT: {"script":"<script> [1562 bytes]","args":[{"selector":{"id":"application-manageyards-display-component---NewYard--addressDetailDetailsLanguage-arrow"},"wdio_ui5_key":"applicationmanageyards-display-component---NewYard--addressDetailDetailsLanguage-arrow"}]}
RESULT: undefined
COMMAND: POST /session/b7ba4cc64eff0f9e2c488515e19366a0/element - {"using":"xpath","value":"//*[@id=\"application-manageyards-display-component---NewYard--addressDetailDetailsLanguage-arrow\"]"}
RESULT: {"using":"xpath","value":"//*[@id=\"application-manageyards-display-component---NewYard--addressDetailDetailsLanguage-arrow\"]"}
COMMAND: POST /session/b7ba4cc64eff0f9e2c488515e19366a0/element/f.C1A8CAC93E6CD690700888AD19FFBF78.d.75A5FBE1C70D5E2A64C1F1118DEC598A.e.3703/click - {}
RESULT: {}
COMMAND: POST /session/b7ba4cc64eff0f9e2c488515e19366a0/element - {"using":"xpath","value":"//span[contains(text(), \"English\")]"}
COMMAND: GET /session/b7ba4cc64eff0f9e2c488515e19366a0/screenshot - {}
RESULT: {"using":"xpath","value":"//span[contains(text(), \"English\")]"}
COMMAND: POST /session/b7ba4cc64eff0f9e2c488515e19366a0/element/f.C1A8CAC93E6CD690700888AD19FFBF78.d.75A5FBE1C70D5E2A64C1F1118DEC598A.e.3704/click - {}
RESULT: {}
RESULT: {}
COMMAND: POST /session/b7ba4cc64eff0f9e2c488515e19366a0/execute/async - {"script":"<script> [1562 bytes]","args":[{"selector":{"id":"application-manageyards-display-component---NewYard--addressDetailDetailsCity1","interaction":{"idSuffix":"inner"}},"wdio_ui5_key":"applicationmanageyards-display-component---NewYard--addressDetailDetailsCity1"}]}
COMMAND: GET /session/b7ba4cc64eff0f9e2c488515e19366a0/screenshot - {}
RESULT: {"script":"<script> [1562 bytes]","args":[{"selector":{"id":"application-manageyards-display-component---NewYard--addressDetailDetailsCity1","interaction":{"idSuffix":"inner"}},"wdio_ui5_key":"applicationmanageyards-display-component---NewYard--addressDetailDetailsCity1"}]}
RESULT: undefined
COMMAND: POST /session/b7ba4cc64eff0f9e2c488515e19366a0/execute/async - {"script":"<script> [776 bytes]","args":[{"enterText":"Rosario","selector":{"id":"application-manageyards-display-component---NewYard--addressDetailDetailsCity1","interaction":{"idSuffix":"inner"}},"clearTextFirst":true,"interactionType":"ENTER_TEXT"}]}
RESULT: {}
RESULT: {"script":"<script> [776 bytes]","args":[{"enterText":"Rosario","selector":{"id":"application-manageyards-display-component---NewYard--addressDetailDetailsCity1","interaction":{"idSuffix":"inner"}},"clearTextFirst":true,"interactionType":"ENTER_TEXT"}]}
COMMAND: POST /session/b7ba4cc64eff0f9e2c488515e19366a0/execute/async - {"script":"<script> [1562 bytes]","args":[{"selector":{"id":"application-manageyards-display-component---NewYard--addressDetailDetailsCountry-arrow"},"wdio_ui5_key":"applicationmanageyards-display-component---NewYard--addressDetailDetailsCountry-arrow"}]}
RESULT: {"script":"<script> [1562 bytes]","args":[{"selector":{"id":"application-manageyards-display-component---NewYard--addressDetailDetailsCountry-arrow"},"wdio_ui5_key":"applicationmanageyards-display-component---NewYard--addressDetailDetailsCountry-arrow"}]}
RESULT: undefined
COMMAND: POST /session/b7ba4cc64eff0f9e2c488515e19366a0/element - {"using":"xpath","value":"//*[@id=\"application-manageyards-display-component---NewYard--addressDetailDetailsCountry-arrow\"]"}
RESULT: {"using":"xpath","value":"//*[@id=\"application-manageyards-display-component---NewYard--addressDetailDetailsCountry-arrow\"]"}
COMMAND: POST /session/b7ba4cc64eff0f9e2c488515e19366a0/element/f.C1A8CAC93E6CD690700888AD19FFBF78.d.75A5FBE1C70D5E2A64C1F1118DEC598A.e.3706/click - {}
RESULT: {}
COMMAND: POST /session/b7ba4cc64eff0f9e2c488515e19366a0/element - {"using":"xpath","value":"//span[contains(text(), \"Argentina\")]"}
COMMAND: GET /session/b7ba4cc64eff0f9e2c488515e19366a0/screenshot - {}
RESULT: {"using":"xpath","value":"//span[contains(text(), \"Argentina\")]"}
COMMAND: POST /session/b7ba4cc64eff0f9e2c488515e19366a0/element/f.C1A8CAC93E6CD690700888AD19FFBF78.d.75A5FBE1C70D5E2A64C1F1118DEC598A.e.3707/click - {}
RESULT: {}
RESULT: {}
COMMAND: POST /session/b7ba4cc64eff0f9e2c488515e19366a0/execute/async - {"script":"<script> [1562 bytes]","args":[{"selector":{"id":"application-manageyards-display-component---NewYard--addressEditDetailsCostObjectCstType-arrow"},"wdio_ui5_key":"applicationmanageyards-display-component---NewYard--addressEditDetailsCostObjectCstType-arrow"}]}
COMMAND: GET /session/b7ba4cc64eff0f9e2c488515e19366a0/screenshot - {}
RESULT: {"script":"<script> [1562 bytes]","args":[{"selector":{"id":"application-manageyards-display-component---NewYard--addressEditDetailsCostObjectCstType-arrow"},"wdio_ui5_key":"applicationmanageyards-display-component---NewYard--addressEditDetailsCostObjectCstType-arrow"}]}
RESULT: undefined
COMMAND: POST /session/b7ba4cc64eff0f9e2c488515e19366a0/element - {"using":"xpath","value":"//*[@id=\"application-manageyards-display-component---NewYard--addressEditDetailsCostObjectCstType-arrow\"]"}
RESULT: {}
RESULT: {"using":"xpath","value":"//*[@id=\"application-manageyards-display-component---NewYard--addressEditDetailsCostObjectCstType-arrow\"]"}
COMMAND: POST /session/b7ba4cc64eff0f9e2c488515e19366a0/element/f.C1A8CAC93E6CD690700888AD19FFBF78.d.75A5FBE1C70D5E2A64C1F1118DEC598A.e.3709/click - {}
RESULT: {}
COMMAND: POST /session/b7ba4cc64eff0f9e2c488515e19366a0/element - {"using":"xpath","value":"//span[contains(text(), \"Cost Center\")]"}
COMMAND: GET /session/b7ba4cc64eff0f9e2c488515e19366a0/screenshot - {}
RESULT: {"using":"xpath","value":"//span[contains(text(), \"Cost Center\")]"}
COMMAND: POST /session/b7ba4cc64eff0f9e2c488515e19366a0/element/f.C1A8CAC93E6CD690700888AD19FFBF78.d.75A5FBE1C70D5E2A64C1F1118DEC598A.e.3710/click - {}
RESULT: {}
RESULT: {}
COMMAND: GET /session/b7ba4cc64eff0f9e2c488515e19366a0/screenshot - {}
RESULT: {}
COMMAND: POST /session/b7ba4cc64eff0f9e2c488515e19366a0/element - {"using":"xpath","value":"//span[@id=\"application-manageyards-display-component---NewYard--addressNewCostObjectCstID-vhi\"]"}
RESULT: {"using":"xpath","value":"//span[@id=\"application-manageyards-display-component---NewYard--addressNewCostObjectCstID-vhi\"]"}
COMMAND: POST /session/b7ba4cc64eff0f9e2c488515e19366a0/execute/sync - {"script":"<script> [8489 bytes]","args":[{"element-6066-11e4-a52e-4f735466cecf":"f.C1A8CAC93E6CD690700888AD19FFBF78.d.75A5FBE1C70D5E2A64C1F1118DEC598A.e.3714","ELEMENT":"f.C1A8CAC93E6CD690700888AD19FFBF78.d.75A5FBE1C70D5E2A64C1F1118DEC598A.e.3714"}]}
RESULT: {"script":"<script> [8489 bytes]","args":[{"element-6066-11e4-a52e-4f735466cecf":"f.C1A8CAC93E6CD690700888AD19FFBF78.d.75A5FBE1C70D5E2A64C1F1118DEC598A.e.3714","ELEMENT":"f.C1A8CAC93E6CD690700888AD19FFBF78.d.75A5FBE1C70D5E2A64C1F1118DEC598A.e.3714"}]}
COMMAND: POST /session/b7ba4cc64eff0f9e2c488515e19366a0/execute/async - {"script":"<script> [1562 bytes]","args":[{"selector":{"id":"application-manageyards-display-component---NewYard--addressNewCostObjectCstID-vhi"},"wdio_ui5_key":"applicationmanageyards-display-component---NewYard--addressNewCostObjectCstID-vhi"}]}
COMMAND: GET /session/b7ba4cc64eff0f9e2c488515e19366a0/screenshot - {}
RESULT: {"script":"<script> [1562 bytes]","args":[{"selector":{"id":"application-manageyards-display-component---NewYard--addressNewCostObjectCstID-vhi"},"wdio_ui5_key":"applicationmanageyards-display-component---NewYard--addressNewCostObjectCstID-vhi"}]}
RESULT: undefined
COMMAND: POST /session/b7ba4cc64eff0f9e2c488515e19366a0/element - {"using":"xpath","value":"//*[@id=\"application-manageyards-display-component---NewYard--addressNewCostObjectCstID-vhi\"]"}
RESULT: {}
RESULT: {"using":"xpath","value":"//*[@id=\"application-manageyards-display-component---NewYard--addressNewCostObjectCstID-vhi\"]"}
COMMAND: POST /session/b7ba4cc64eff0f9e2c488515e19366a0/element/f.C1A8CAC93E6CD690700888AD19FFBF78.d.75A5FBE1C70D5E2A64C1F1118DEC598A.e.3714/click - {}
RESULT: {}
COMMAND: GET /session/b7ba4cc64eff0f9e2c488515e19366a0/screenshot - {}
RESULT: {}
COMMAND: POST /session/b7ba4cc64eff0f9e2c488515e19366a0/execute/async - {"script":"<script> [1562 bytes]","args":[{"selector":{"controlType":"sap.m.SearchField","properties":{"placeholder":"Search"},"searchOpenDialogs":true,"interaction":{"idSuffix":"I"}},"wdio_ui5_key":"sapm.SearchField{\"placeholder\":\"Search\"}"}]}
RESULT: {"script":"<script> [1562 bytes]","args":[{"selector":{"controlType":"sap.m.SearchField","properties":{"placeholder":"Search"},"searchOpenDialogs":true,"interaction":{"idSuffix":"I"}},"wdio_ui5_key":"sapm.SearchField{\"placeholder\":\"Search\"}"}]}
RESULT: undefined
COMMAND: POST /session/b7ba4cc64eff0f9e2c488515e19366a0/execute/async - {"script":"<script> [776 bytes]","args":[{"enterText":"10001013","selector":{"controlType":"sap.m.SearchField","properties":{"placeholder":"Search"},"searchOpenDialogs":true,"interaction":{"idSuffix":"I"}},"clearTextFirst":true,"interactionType":"ENTER_TEXT"}]}
RESULT: {"script":"<script> [776 bytes]","args":[{"enterText":"10001013","selector":{"controlType":"sap.m.SearchField","properties":{"placeholder":"Search"},"searchOpenDialogs":true,"interaction":{"idSuffix":"I"}},"clearTextFirst":true,"interactionType":"ENTER_TEXT"}]}
COMMAND: POST /session/b7ba4cc64eff0f9e2c488515e19366a0/actions - {"actions":[{"id":"action11","type":"key","parameters":{},"actions":[{"type":"keyDown","value":"î€‡"},{"type":"pause","duration":10},{"type":"keyUp","value":"î€‡"}]}]}
RESULT: {"actions":[{"id":"action11","type":"key","parameters":{},"actions":[{"type":"keyDown","value":"î€‡"},{"type":"pause","duration":10},{"type":"keyUp","value":"î€‡"}]}]}
COMMAND: GET /session/b7ba4cc64eff0f9e2c488515e19366a0/screenshot - {}
RESULT: {}
COMMAND: POST /session/b7ba4cc64eff0f9e2c488515e19366a0/element - {"using":"xpath","value":"//span[contains(text(), \"General Management\")]"}
RESULT: {"using":"xpath","value":"//span[contains(text(), \"General Management\")]"}
COMMAND: POST /session/b7ba4cc64eff0f9e2c488515e19366a0/element/f.C1A8CAC93E6CD690700888AD19FFBF78.d.75A5FBE1C70D5E2A64C1F1118DEC598A.e.3755/click - {}
RESULT: {}
COMMAND: GET /session/b7ba4cc64eff0f9e2c488515e19366a0/screenshot - {}
RESULT: {}
COMMAND: POST /session/b7ba4cc64eff0f9e2c488515e19366a0/element - {"using":"xpath","value":"//bdi[contains(text(), \"OK\")]"}
RESULT: {"using":"xpath","value":"//bdi[contains(text(), \"OK\")]"}
COMMAND: POST /session/b7ba4cc64eff0f9e2c488515e19366a0/element/f.C1A8CAC93E6CD690700888AD19FFBF78.d.75A5FBE1C70D5E2A64C1F1118DEC598A.e.3756/click - {}
RESULT: {}
COMMAND: GET /session/b7ba4cc64eff0f9e2c488515e19366a0/screenshot - {}
RESULT: {}
COMMAND: POST /session/b7ba4cc64eff0f9e2c488515e19366a0/execute/async - {"script":"<script> [1562 bytes]","args":[{"selector":{"id":"application-manageyards-display-component---NewYard--addressEditDetailsCurrency-arrow"},"wdio_ui5_key":"applicationmanageyards-display-component---NewYard--addressEditDetailsCurrency-arrow"}]}
RESULT: {"script":"<script> [1562 bytes]","args":[{"selector":{"id":"application-manageyards-display-component---NewYard--addressEditDetailsCurrency-arrow"},"wdio_ui5_key":"applicationmanageyards-display-component---NewYard--addressEditDetailsCurrency-arrow"}]}
RESULT: undefined
COMMAND: POST /session/b7ba4cc64eff0f9e2c488515e19366a0/element - {"using":"xpath","value":"//*[@id=\"application-manageyards-display-component---NewYard--addressEditDetailsCurrency-arrow\"]"}
RESULT: {"using":"xpath","value":"//*[@id=\"application-manageyards-display-component---NewYard--addressEditDetailsCurrency-arrow\"]"}
COMMAND: POST /session/b7ba4cc64eff0f9e2c488515e19366a0/element/f.C1A8CAC93E6CD690700888AD19FFBF78.d.75A5FBE1C70D5E2A64C1F1118DEC598A.e.3759/click - {}
RESULT: {}
COMMAND: POST /session/b7ba4cc64eff0f9e2c488515e19366a0/element - {"using":"xpath","value":"//span[contains(text(), \"Euro\")]"}
COMMAND: GET /session/b7ba4cc64eff0f9e2c488515e19366a0/screenshot - {}
RESULT: {"using":"xpath","value":"//span[contains(text(), \"Euro\")]"}
COMMAND: POST /session/b7ba4cc64eff0f9e2c488515e19366a0/element/f.C1A8CAC93E6CD690700888AD19FFBF78.d.75A5FBE1C70D5E2A64C1F1118DEC598A.e.3760/click - {}
RESULT: {}
RESULT: {}
COMMAND: POST /session/b7ba4cc64eff0f9e2c488515e19366a0/execute/async - {"script":"<script> [1562 bytes]","args":[{"selector":{"controlType":"sap.m.Input","viewName":"etm.portal.ui.manageyards.view.New","viewId":"application-manageyards-display-component---NewYard","bindingPath":{"path":"","propertyPath":"/CONTROLLING_AREA","modelName":"NewYardModel"},"interaction":{"idSuffix":"inner"}},"wdio_ui5_key":"etmportal.ui.manageyards.view.Newsap.m.Input{\"path\":\"\",\"propertyPath\":\"/CONTROLLING_AREA\",\"modelName\":\"NewYardModel\"}"}]}
COMMAND: GET /session/b7ba4cc64eff0f9e2c488515e19366a0/screenshot - {}
RESULT: {"script":"<script> [1562 bytes]","args":[{"selector":{"controlType":"sap.m.Input","viewName":"etm.portal.ui.manageyards.view.New","viewId":"application-manageyards-display-component---NewYard","bindingPath":{"path":"","propertyPath":"/CONTROLLING_AREA","modelName":"NewYardModel"},"interaction":{"idSuffix":"inner"}},"wdio_ui5_key":"etmportal.ui.manageyards.view.Newsap.m.Input{\"path\":\"\",\"propertyPath\":\"/CONTROLLING_AREA\",\"modelName\":\"NewYardModel\"}"}]}
RESULT: undefined
COMMAND: POST /session/b7ba4cc64eff0f9e2c488515e19366a0/execute/async - {"script":"<script> [776 bytes]","args":[{"enterText":"Z001","selector":{"controlType":"sap.m.Input","viewName":"etm.portal.ui.manageyards.view.New","viewId":"application-manageyards-display-component---NewYard","bindingPath":{"path":"","propertyPath":"/CONTROLLING_AREA","modelName":"NewYardModel"},"interaction":{"idSuffix":"inner"}},"clearTextFirst":true,"interactionType":"ENTER_TEXT"}]}
RESULT: {}
RESULT: {"script":"<script> [776 bytes]","args":[{"enterText":"Z001","selector":{"controlType":"sap.m.Input","viewName":"etm.portal.ui.manageyards.view.New","viewId":"application-manageyards-display-component---NewYard","bindingPath":{"path":"","propertyPath":"/CONTROLLING_AREA","modelName":"NewYardModel"},"interaction":{"idSuffix":"inner"}},"clearTextFirst":true,"interactionType":"ENTER_TEXT"}]}
COMMAND: POST /session/b7ba4cc64eff0f9e2c488515e19366a0/execute/async - {"script":"<script> [1562 bytes]","args":[{"selector":{"id":"application-manageyards-display-component---NewYard--companyCodeComboBox","interaction":{"idSuffix":"inner"}},"wdio_ui5_key":"applicationmanageyards-display-component---NewYard--companyCodeComboBox"}]}
RESULT: {"script":"<script> [1562 bytes]","args":[{"selector":{"id":"application-manageyards-display-component---NewYard--companyCodeComboBox","interaction":{"idSuffix":"inner"}},"wdio_ui5_key":"applicationmanageyards-display-component---NewYard--companyCodeComboBox"}]}
RESULT: undefined
COMMAND: POST /session/b7ba4cc64eff0f9e2c488515e19366a0/execute/async - {"script":"<script> [776 bytes]","args":[{"enterText":"1000","selector":{"id":"application-manageyards-display-component---NewYard--companyCodeComboBox","interaction":{"idSuffix":"inner"}},"clearTextFirst":true,"interactionType":"ENTER_TEXT"}]}
RESULT: {"script":"<script> [776 bytes]","args":[{"enterText":"1000","selector":{"id":"application-manageyards-display-component---NewYard--companyCodeComboBox","interaction":{"idSuffix":"inner"}},"clearTextFirst":true,"interactionType":"ENTER_TEXT"}]}
COMMAND: POST /session/b7ba4cc64eff0f9e2c488515e19366a0/execute/async - {"script":"<script> [1562 bytes]","args":[{"selector":{"controlType":"sap.m.Input","viewName":"etm.portal.ui.manageyards.view.New","viewId":"application-manageyards-display-component---NewYard","bindingPath":{"path":"","propertyPath":"/PLANT","modelName":"NewYardModel"},"interaction":{"idSuffix":"inner"}},"wdio_ui5_key":"etmportal.ui.manageyards.view.Newsap.m.Input{\"path\":\"\",\"propertyPath\":\"/PLANT\",\"modelName\":\"NewYardModel\"}"}]}
RESULT: {"script":"<script> [1562 bytes]","args":[{"selector":{"controlType":"sap.m.Input","viewName":"etm.portal.ui.manageyards.view.New","viewId":"application-manageyards-display-component---NewYard","bindingPath":{"path":"","propertyPath":"/PLANT","modelName":"NewYardModel"},"interaction":{"idSuffix":"inner"}},"wdio_ui5_key":"etmportal.ui.manageyards.view.Newsap.m.Input{\"path\":\"\",\"propertyPath\":\"/PLANT\",\"modelName\":\"NewYardModel\"}"}]}
RESULT: undefined
COMMAND: POST /session/b7ba4cc64eff0f9e2c488515e19366a0/execute/async - {"script":"<script> [776 bytes]","args":[{"enterText":"1001","selector":{"controlType":"sap.m.Input","viewName":"etm.portal.ui.manageyards.view.New","viewId":"application-manageyards-display-component---NewYard","bindingPath":{"path":"","propertyPath":"/PLANT","modelName":"NewYardModel"},"interaction":{"idSuffix":"inner"}},"clearTextFirst":true,"interactionType":"ENTER_TEXT"}]}
RESULT: {"script":"<script> [776 bytes]","args":[{"enterText":"1001","selector":{"controlType":"sap.m.Input","viewName":"etm.portal.ui.manageyards.view.New","viewId":"application-manageyards-display-component---NewYard","bindingPath":{"path":"","propertyPath":"/PLANT","modelName":"NewYardModel"},"interaction":{"idSuffix":"inner"}},"clearTextFirst":true,"interactionType":"ENTER_TEXT"}]}
COMMAND: POST /session/b7ba4cc64eff0f9e2c488515e19366a0/execute/async - {"script":"<script> [1562 bytes]","args":[{"selector":{"controlType":"sap.m.Input","viewName":"etm.portal.ui.manageyards.view.New","viewId":"application-manageyards-display-component---NewYard","bindingPath":{"path":"","propertyPath":"/SALES_AREA_VKORG","modelName":"NewYardModel"},"interaction":{"idSuffix":"inner"}},"wdio_ui5_key":"etmportal.ui.manageyards.view.Newsap.m.Input{\"path\":\"\",\"propertyPath\":\"/SALES_AREA_VKORG\",\"modelName\":\"NewYardModel\"}"}]}
RESULT: {"script":"<script> [1562 bytes]","args":[{"selector":{"controlType":"sap.m.Input","viewName":"etm.portal.ui.manageyards.view.New","viewId":"application-manageyards-display-component---NewYard","bindingPath":{"path":"","propertyPath":"/SALES_AREA_VKORG","modelName":"NewYardModel"},"interaction":{"idSuffix":"inner"}},"wdio_ui5_key":"etmportal.ui.manageyards.view.Newsap.m.Input{\"path\":\"\",\"propertyPath\":\"/SALES_AREA_VKORG\",\"modelName\":\"NewYardModel\"}"}]}
RESULT: undefined
COMMAND: POST /session/b7ba4cc64eff0f9e2c488515e19366a0/execute/async - {"script":"<script> [776 bytes]","args":[{"enterText":"C002","selector":{"controlType":"sap.m.Input","viewName":"etm.portal.ui.manageyards.view.New","viewId":"application-manageyards-display-component---NewYard","bindingPath":{"path":"","propertyPath":"/SALES_AREA_VKORG","modelName":"NewYardModel"},"interaction":{"idSuffix":"inner"}},"clearTextFirst":true,"interactionType":"ENTER_TEXT"}]}
RESULT: {"script":"<script> [776 bytes]","args":[{"enterText":"C002","selector":{"controlType":"sap.m.Input","viewName":"etm.portal.ui.manageyards.view.New","viewId":"application-manageyards-display-component---NewYard","bindingPath":{"path":"","propertyPath":"/SALES_AREA_VKORG","modelName":"NewYardModel"},"interaction":{"idSuffix":"inner"}},"clearTextFirst":true,"interactionType":"ENTER_TEXT"}]}
COMMAND: POST /session/b7ba4cc64eff0f9e2c488515e19366a0/execute/async - {"script":"<script> [1562 bytes]","args":[{"selector":{"controlType":"sap.m.Input","viewName":"etm.portal.ui.manageyards.view.New","viewId":"application-manageyards-display-component---NewYard","bindingPath":{"path":"","propertyPath":"/SALES_AREA_VTWEG","modelName":"NewYardModel"},"interaction":{"idSuffix":"inner"}},"wdio_ui5_key":"etmportal.ui.manageyards.view.Newsap.m.Input{\"path\":\"\",\"propertyPath\":\"/SALES_AREA_VTWEG\",\"modelName\":\"NewYardModel\"}"}]}
RESULT: {"script":"<script> [1562 bytes]","args":[{"selector":{"controlType":"sap.m.Input","viewName":"etm.portal.ui.manageyards.view.New","viewId":"application-manageyards-display-component---NewYard","bindingPath":{"path":"","propertyPath":"/SALES_AREA_VTWEG","modelName":"NewYardModel"},"interaction":{"idSuffix":"inner"}},"wdio_ui5_key":"etmportal.ui.manageyards.view.Newsap.m.Input{\"path\":\"\",\"propertyPath\":\"/SALES_AREA_VTWEG\",\"modelName\":\"NewYardModel\"}"}]}
RESULT: undefined
COMMAND: POST /session/b7ba4cc64eff0f9e2c488515e19366a0/execute/async - {"script":"<script> [776 bytes]","args":[{"enterText":"C2","selector":{"controlType":"sap.m.Input","viewName":"etm.portal.ui.manageyards.view.New","viewId":"application-manageyards-display-component---NewYard","bindingPath":{"path":"","propertyPath":"/SALES_AREA_VTWEG","modelName":"NewYardModel"},"interaction":{"idSuffix":"inner"}},"clearTextFirst":true,"interactionType":"ENTER_TEXT"}]}
RESULT: {"script":"<script> [776 bytes]","args":[{"enterText":"C2","selector":{"controlType":"sap.m.Input","viewName":"etm.portal.ui.manageyards.view.New","viewId":"application-manageyards-display-component---NewYard","bindingPath":{"path":"","propertyPath":"/SALES_AREA_VTWEG","modelName":"NewYardModel"},"interaction":{"idSuffix":"inner"}},"clearTextFirst":true,"interactionType":"ENTER_TEXT"}]}
COMMAND: POST /session/b7ba4cc64eff0f9e2c488515e19366a0/execute/async - {"script":"<script> [1562 bytes]","args":[{"selector":{"controlType":"sap.m.Input","viewName":"etm.portal.ui.manageyards.view.New","viewId":"application-manageyards-display-component---NewYard","bindingPath":{"path":"","propertyPath":"/SALES_AREA_SPART","modelName":"NewYardModel"},"interaction":{"idSuffix":"inner"}},"wdio_ui5_key":"etmportal.ui.manageyards.view.Newsap.m.Input{\"path\":\"\",\"propertyPath\":\"/SALES_AREA_SPART\",\"modelName\":\"NewYardModel\"}"}]}
RESULT: {"script":"<script> [1562 bytes]","args":[{"selector":{"controlType":"sap.m.Input","viewName":"etm.portal.ui.manageyards.view.New","viewId":"application-manageyards-display-component---NewYard","bindingPath":{"path":"","propertyPath":"/SALES_AREA_SPART","modelName":"NewYardModel"},"interaction":{"idSuffix":"inner"}},"wdio_ui5_key":"etmportal.ui.manageyards.view.Newsap.m.Input{\"path\":\"\",\"propertyPath\":\"/SALES_AREA_SPART\",\"modelName\":\"NewYardModel\"}"}]}
RESULT: undefined
COMMAND: POST /session/b7ba4cc64eff0f9e2c488515e19366a0/execute/async - {"script":"<script> [776 bytes]","args":[{"enterText":"C2","selector":{"controlType":"sap.m.Input","viewName":"etm.portal.ui.manageyards.view.New","viewId":"application-manageyards-display-component---NewYard","bindingPath":{"path":"","propertyPath":"/SALES_AREA_SPART","modelName":"NewYardModel"},"interaction":{"idSuffix":"inner"}},"clearTextFirst":true,"interactionType":"ENTER_TEXT"}]}
RESULT: {"script":"<script> [776 bytes]","args":[{"enterText":"C2","selector":{"controlType":"sap.m.Input","viewName":"etm.portal.ui.manageyards.view.New","viewId":"application-manageyards-display-component---NewYard","bindingPath":{"path":"","propertyPath":"/SALES_AREA_SPART","modelName":"NewYardModel"},"interaction":{"idSuffix":"inner"}},"clearTextFirst":true,"interactionType":"ENTER_TEXT"}]}
COMMAND: POST /session/b7ba4cc64eff0f9e2c488515e19366a0/execute/async - {"script":"<script> [1562 bytes]","args":[{"selector":{"controlType":"sap.m.Input","viewName":"etm.portal.ui.manageyards.view.New","viewId":"application-manageyards-display-component---NewYard","bindingPath":{"path":"","propertyPath":"/SHIP_POINT","modelName":"NewYardModel"},"interaction":{"idSuffix":"inner"}},"wdio_ui5_key":"etmportal.ui.manageyards.view.Newsap.m.Input{\"path\":\"\",\"propertyPath\":\"/SHIP_POINT\",\"modelName\":\"NewYardModel\"}"}]}
RESULT: {"script":"<script> [1562 bytes]","args":[{"selector":{"controlType":"sap.m.Input","viewName":"etm.portal.ui.manageyards.view.New","viewId":"application-manageyards-display-component---NewYard","bindingPath":{"path":"","propertyPath":"/SHIP_POINT","modelName":"NewYardModel"},"interaction":{"idSuffix":"inner"}},"wdio_ui5_key":"etmportal.ui.manageyards.view.Newsap.m.Input{\"path\":\"\",\"propertyPath\":\"/SHIP_POINT\",\"modelName\":\"NewYardModel\"}"}]}
RESULT: undefined
COMMAND: POST /session/b7ba4cc64eff0f9e2c488515e19366a0/execute/async - {"script":"<script> [776 bytes]","args":[{"enterText":"1710","selector":{"controlType":"sap.m.Input","viewName":"etm.portal.ui.manageyards.view.New","viewId":"application-manageyards-display-component---NewYard","bindingPath":{"path":"","propertyPath":"/SHIP_POINT","modelName":"NewYardModel"},"interaction":{"idSuffix":"inner"}},"clearTextFirst":true,"interactionType":"ENTER_TEXT"}]}
RESULT: {"script":"<script> [776 bytes]","args":[{"enterText":"1710","selector":{"controlType":"sap.m.Input","viewName":"etm.portal.ui.manageyards.view.New","viewId":"application-manageyards-display-component---NewYard","bindingPath":{"path":"","propertyPath":"/SHIP_POINT","modelName":"NewYardModel"},"interaction":{"idSuffix":"inner"}},"clearTextFirst":true,"interactionType":"ENTER_TEXT"}]}
COMMAND: POST /session/b7ba4cc64eff0f9e2c488515e19366a0/execute/async - {"script":"<script> [1562 bytes]","args":[{"selector":{"controlType":"sap.m.Input","viewName":"etm.portal.ui.manageyards.view.New","viewId":"application-manageyards-display-component---NewYard","bindingPath":{"path":"","propertyPath":"/DELIVERY_TYPE","modelName":"NewYardModel"},"interaction":{"idSuffix":"inner"}},"wdio_ui5_key":"etmportal.ui.manageyards.view.Newsap.m.Input{\"path\":\"\",\"propertyPath\":\"/DELIVERY_TYPE\",\"modelName\":\"NewYardModel\"}"}]}
RESULT: {"script":"<script> [1562 bytes]","args":[{"selector":{"controlType":"sap.m.Input","viewName":"etm.portal.ui.manageyards.view.New","viewId":"application-manageyards-display-component---NewYard","bindingPath":{"path":"","propertyPath":"/DELIVERY_TYPE","modelName":"NewYardModel"},"interaction":{"idSuffix":"inner"}},"wdio_ui5_key":"etmportal.ui.manageyards.view.Newsap.m.Input{\"path\":\"\",\"propertyPath\":\"/DELIVERY_TYPE\",\"modelName\":\"NewYardModel\"}"}]}
RESULT: undefined
COMMAND: POST /session/b7ba4cc64eff0f9e2c488515e19366a0/execute/async - {"script":"<script> [776 bytes]","args":[{"enterText":"ZL01","selector":{"controlType":"sap.m.Input","viewName":"etm.portal.ui.manageyards.view.New","viewId":"application-manageyards-display-component---NewYard","bindingPath":{"path":"","propertyPath":"/DELIVERY_TYPE","modelName":"NewYardModel"},"interaction":{"idSuffix":"inner"}},"clearTextFirst":true,"interactionType":"ENTER_TEXT"}]}
RESULT: {"script":"<script> [776 bytes]","args":[{"enterText":"ZL01","selector":{"controlType":"sap.m.Input","viewName":"etm.portal.ui.manageyards.view.New","viewId":"application-manageyards-display-component---NewYard","bindingPath":{"path":"","propertyPath":"/DELIVERY_TYPE","modelName":"NewYardModel"},"interaction":{"idSuffix":"inner"}},"clearTextFirst":true,"interactionType":"ENTER_TEXT"}]}
COMMAND: POST /session/b7ba4cc64eff0f9e2c488515e19366a0/execute/async - {"script":"<script> [1562 bytes]","args":[{"selector":{"controlType":"sap.m.Input","viewName":"etm.portal.ui.manageyards.view.New","viewId":"application-manageyards-display-component---NewYard","bindingPath":{"path":"","propertyPath":"/AUART","modelName":"NewYardModel"},"interaction":{"idSuffix":"inner"}},"wdio_ui5_key":"etmportal.ui.manageyards.view.Newsap.m.Input{\"path\":\"\",\"propertyPath\":\"/AUART\",\"modelName\":\"NewYardModel\"}"}]}
RESULT: {"script":"<script> [1562 bytes]","args":[{"selector":{"controlType":"sap.m.Input","viewName":"etm.portal.ui.manageyards.view.New","viewId":"application-manageyards-display-component---NewYard","bindingPath":{"path":"","propertyPath":"/AUART","modelName":"NewYardModel"},"interaction":{"idSuffix":"inner"}},"wdio_ui5_key":"etmportal.ui.manageyards.view.Newsap.m.Input{\"path\":\"\",\"propertyPath\":\"/AUART\",\"modelName\":\"NewYardModel\"}"}]}
RESULT: undefined
COMMAND: POST /session/b7ba4cc64eff0f9e2c488515e19366a0/execute/async - {"script":"<script> [776 bytes]","args":[{"enterText":"TA","selector":{"controlType":"sap.m.Input","viewName":"etm.portal.ui.manageyards.view.New","viewId":"application-manageyards-display-component---NewYard","bindingPath":{"path":"","propertyPath":"/AUART","modelName":"NewYardModel"},"interaction":{"idSuffix":"inner"}},"clearTextFirst":true,"interactionType":"ENTER_TEXT"}]}
RESULT: {"script":"<script> [776 bytes]","args":[{"enterText":"TA","selector":{"controlType":"sap.m.Input","viewName":"etm.portal.ui.manageyards.view.New","viewId":"application-manageyards-display-component---NewYard","bindingPath":{"path":"","propertyPath":"/AUART","modelName":"NewYardModel"},"interaction":{"idSuffix":"inner"}},"clearTextFirst":true,"interactionType":"ENTER_TEXT"}]}
COMMAND: POST /session/b7ba4cc64eff0f9e2c488515e19366a0/element - {"using":"xpath","value":"//button[@data-kt=\"newYardSaveButton\"]"}
RESULT: {"using":"xpath","value":"//button[@data-kt=\"newYardSaveButton\"]"}
COMMAND: POST /session/b7ba4cc64eff0f9e2c488515e19366a0/element/f.C1A8CAC93E6CD690700888AD19FFBF78.d.75A5FBE1C70D5E2A64C1F1118DEC598A.e.3688/click - {}
RESULT: {}
COMMAND: GET /session/b7ba4cc64eff0f9e2c488515e19366a0/screenshot - {}
RESULT: {}
COMMAND: POST /session/b7ba4cc64eff0f9e2c488515e19366a0/element - {"using":"xpath","value":"//header[contains(@id, 'ObjectPageLayout-headerTitle')]/div[1]/div[2]/div[1]/span[1]"}
RESULT: {"using":"xpath","value":"//header[contains(@id, 'ObjectPageLayout-headerTitle')]/div[1]/div[2]/div[1]/span[1]"}
COMMAND: POST /session/b7ba4cc64eff0f9e2c488515e19366a0/elements - {"using":"xpath","value":"//header[contains(@id, 'ObjectPageLayout-headerTitle')]/div[1]/div[2]/div[1]/span[1]"}
RESULT: {"using":"xpath","value":"//header[contains(@id, 'ObjectPageLayout-headerTitle')]/div[1]/div[2]/div[1]/span[1]"}
COMMAND: POST /session/b7ba4cc64eff0f9e2c488515e19366a0/execute/sync - {"script":"<script> [56 bytes]","args":[{"element-6066-11e4-a52e-4f735466cecf":"f.C1A8CAC93E6CD690700888AD19FFBF78.d.75A5FBE1C70D5E2A64C1F1118DEC598A.e.3979","ELEMENT":"f.C1A8CAC93E6CD690700888AD19FFBF78.d.75A5FBE1C70D5E2A64C1F1118DEC598A.e.3979"}]}
RESULT: {"script":"<script> [56 bytes]","args":[{"element-6066-11e4-a52e-4f735466cecf":"f.C1A8CAC93E6CD690700888AD19FFBF78.d.75A5FBE1C70D5E2A64C1F1118DEC598A.e.3979","ELEMENT":"f.C1A8CAC93E6CD690700888AD19FFBF78.d.75A5FBE1C70D5E2A64C1F1118DEC598A.e.3979"}]}
COMMAND: GET /session/b7ba4cc64eff0f9e2c488515e19366a0/screenshot - {}
RESULT: {}
COMMAND: POST /session/b7ba4cc64eff0f9e2c488515e19366a0/execute/sync - {"script":"<script> [56 bytes]","args":[{"element-6066-11e4-a52e-4f735466cecf":"f.C1A8CAC93E6CD690700888AD19FFBF78.d.75A5FBE1C70D5E2A64C1F1118DEC598A.e.3979","ELEMENT":"f.C1A8CAC93E6CD690700888AD19FFBF78.d.75A5FBE1C70D5E2A64C1F1118DEC598A.e.3979"}]}
RESULT: {"script":"<script> [56 bytes]","args":[{"element-6066-11e4-a52e-4f735466cecf":"f.C1A8CAC93E6CD690700888AD19FFBF78.d.75A5FBE1C70D5E2A64C1F1118DEC598A.e.3979","ELEMENT":"f.C1A8CAC93E6CD690700888AD19FFBF78.d.75A5FBE1C70D5E2A64C1F1118DEC598A.e.3979"}]}
COMMAND: GET /session/b7ba4cc64eff0f9e2c488515e19366a0/screenshot - {}
COMMAND: POST /session/b7ba4cc64eff0f9e2c488515e19366a0/execute/sync - {"script":"<script> [56 bytes]","args":[{"element-6066-11e4-a52e-4f735466cecf":"f.C1A8CAC93E6CD690700888AD19FFBF78.d.75A5FBE1C70D5E2A64C1F1118DEC598A.e.3979","ELEMENT":"f.C1A8CAC93E6CD690700888AD19FFBF78.d.75A5FBE1C70D5E2A64C1F1118DEC598A.e.3979"}]}
RESULT: {}
RESULT: {"script":"<script> [56 bytes]","args":[{"element-6066-11e4-a52e-4f735466cecf":"f.C1A8CAC93E6CD690700888AD19FFBF78.d.75A5FBE1C70D5E2A64C1F1118DEC598A.e.3979","ELEMENT":"f.C1A8CAC93E6CD690700888AD19FFBF78.d.75A5FBE1C70D5E2A64C1F1118DEC598A.e.3979"}]}
COMMAND: GET /session/b7ba4cc64eff0f9e2c488515e19366a0/screenshot - {}
RESULT: {}
COMMAND: POST /session/b7ba4cc64eff0f9e2c488515e19366a0/element - {"using":"css selector","value":"#shell-header-logo"}
RESULT: {"using":"css selector","value":"#shell-header-logo"}
COMMAND: POST /session/b7ba4cc64eff0f9e2c488515e19366a0/element/f.C1A8CAC93E6CD690700888AD19FFBF78.d.75A5FBE1C70D5E2A64C1F1118DEC598A.e.3237/click - {}
RESULT: {}
COMMAND: GET /session/b7ba4cc64eff0f9e2c488515e19366a0/screenshot - {}
RESULT: {}
COMMAND: POST /session/b7ba4cc64eff0f9e2c488515e19366a0/execute/sync - {"script":"<script> [299 bytes]","args":[["getModel","getResource"]]}
RESULT: {"script":"<script> [299 bytes]","args":[["getModel","getResource"]]}
]]></system-out>
    </testcase>
    <testcase classname="chrome.135_0_7049_96.windows.Create_master_data_for_mixed_billing_&amp;_do_billing_calculation_US151661" name="Should create a new partner" time="122.962">
      <system-out><![CDATA[
COMMAND: GET /session/b7ba4cc64eff0f9e2c488515e19366a0/screenshot - {}
COMMAND: POST /session/b7ba4cc64eff0f9e2c488515e19366a0/window/fullscreen - {}
RESULT: {}
RESULT: {}
COMMAND: POST /session/b7ba4cc64eff0f9e2c488515e19366a0/execute/async - {"script":"<script> [1562 bytes]","args":[{"selector":{"controlType":"sap.m.GenericTile","properties":{"header":"Manage Partners"}},"wdio_ui5_key":"sapm.GenericTile{\"header\":\"Manage Partners\"}"}]}
RESULT: {"script":"<script> [1562 bytes]","args":[{"selector":{"controlType":"sap.m.GenericTile","properties":{"header":"Manage Partners"}},"wdio_ui5_key":"sapm.GenericTile{\"header\":\"Manage Partners\"}"}]}
RESULT: undefined
COMMAND: POST /session/b7ba4cc64eff0f9e2c488515e19366a0/element - {"using":"xpath","value":"//*[@id=\"__tile38\"]"}
RESULT: {"using":"xpath","value":"//*[@id=\"__tile38\"]"}
COMMAND: POST /session/b7ba4cc64eff0f9e2c488515e19366a0/element/f.C1A8CAC93E6CD690700888AD19FFBF78.d.75A5FBE1C70D5E2A64C1F1118DEC598A.e.3125/click - {}
RESULT: {}
COMMAND: POST /session/b7ba4cc64eff0f9e2c488515e19366a0/element - {"using":"xpath","value":"//button[@data-kt=\"addButton\"]"}
COMMAND: GET /session/b7ba4cc64eff0f9e2c488515e19366a0/screenshot - {}
RESULT: {"using":"xpath","value":"//button[@data-kt=\"addButton\"]"}
COMMAND: POST /session/b7ba4cc64eff0f9e2c488515e19366a0/elements - {"using":"xpath","value":"//button[@data-kt=\"addButton\"]"}
RESULT: {}
RESULT: {"using":"xpath","value":"//button[@data-kt=\"addButton\"]"}
COMMAND: POST /session/b7ba4cc64eff0f9e2c488515e19366a0/elements - {"using":"xpath","value":"//button[@data-kt=\"addButton\"]"}
RESULT: {"using":"xpath","value":"//button[@data-kt=\"addButton\"]"}
COMMAND: POST /session/b7ba4cc64eff0f9e2c488515e19366a0/elements - {"using":"xpath","value":"//button[@data-kt=\"addButton\"]"}
RESULT: {"using":"xpath","value":"//button[@data-kt=\"addButton\"]"}
COMMAND: POST /session/b7ba4cc64eff0f9e2c488515e19366a0/elements - {"using":"xpath","value":"//button[@data-kt=\"addButton\"]"}
RESULT: {"using":"xpath","value":"//button[@data-kt=\"addButton\"]"}
COMMAND: POST /session/b7ba4cc64eff0f9e2c488515e19366a0/elements - {"using":"xpath","value":"//button[@data-kt=\"addButton\"]"}
RESULT: {"using":"xpath","value":"//button[@data-kt=\"addButton\"]"}
COMMAND: POST /session/b7ba4cc64eff0f9e2c488515e19366a0/elements - {"using":"xpath","value":"//button[@data-kt=\"addButton\"]"}
RESULT: {"using":"xpath","value":"//button[@data-kt=\"addButton\"]"}
COMMAND: POST /session/b7ba4cc64eff0f9e2c488515e19366a0/elements - {"using":"xpath","value":"//button[@data-kt=\"addButton\"]"}
RESULT: {"using":"xpath","value":"//button[@data-kt=\"addButton\"]"}
COMMAND: POST /session/b7ba4cc64eff0f9e2c488515e19366a0/elements - {"using":"xpath","value":"//button[@data-kt=\"addButton\"]"}
RESULT: {"using":"xpath","value":"//button[@data-kt=\"addButton\"]"}
COMMAND: POST /session/b7ba4cc64eff0f9e2c488515e19366a0/elements - {"using":"xpath","value":"//button[@data-kt=\"addButton\"]"}
RESULT: {"using":"xpath","value":"//button[@data-kt=\"addButton\"]"}
COMMAND: POST /session/b7ba4cc64eff0f9e2c488515e19366a0/elements - {"using":"xpath","value":"//button[@data-kt=\"addButton\"]"}
RESULT: {"using":"xpath","value":"//button[@data-kt=\"addButton\"]"}
COMMAND: POST /session/b7ba4cc64eff0f9e2c488515e19366a0/elements - {"using":"xpath","value":"//button[@data-kt=\"addButton\"]"}
RESULT: {"using":"xpath","value":"//button[@data-kt=\"addButton\"]"}
COMMAND: POST /session/b7ba4cc64eff0f9e2c488515e19366a0/elements - {"using":"xpath","value":"//button[@data-kt=\"addButton\"]"}
RESULT: {"using":"xpath","value":"//button[@data-kt=\"addButton\"]"}
COMMAND: POST /session/b7ba4cc64eff0f9e2c488515e19366a0/elements - {"using":"xpath","value":"//button[@data-kt=\"addButton\"]"}
RESULT: {"using":"xpath","value":"//button[@data-kt=\"addButton\"]"}
COMMAND: POST /session/b7ba4cc64eff0f9e2c488515e19366a0/elements - {"using":"xpath","value":"//button[@data-kt=\"addButton\"]"}
RESULT: {"using":"xpath","value":"//button[@data-kt=\"addButton\"]"}
COMMAND: POST /session/b7ba4cc64eff0f9e2c488515e19366a0/elements - {"using":"xpath","value":"//button[@data-kt=\"addButton\"]"}
RESULT: {"using":"xpath","value":"//button[@data-kt=\"addButton\"]"}
COMMAND: POST /session/b7ba4cc64eff0f9e2c488515e19366a0/elements - {"using":"xpath","value":"//button[@data-kt=\"addButton\"]"}
RESULT: {"using":"xpath","value":"//button[@data-kt=\"addButton\"]"}
COMMAND: POST /session/b7ba4cc64eff0f9e2c488515e19366a0/elements - {"using":"xpath","value":"//button[@data-kt=\"addButton\"]"}
RESULT: {"using":"xpath","value":"//button[@data-kt=\"addButton\"]"}
COMMAND: POST /session/b7ba4cc64eff0f9e2c488515e19366a0/elements - {"using":"xpath","value":"//button[@data-kt=\"addButton\"]"}
RESULT: {"using":"xpath","value":"//button[@data-kt=\"addButton\"]"}
COMMAND: POST /session/b7ba4cc64eff0f9e2c488515e19366a0/elements - {"using":"xpath","value":"//button[@data-kt=\"addButton\"]"}
RESULT: {"using":"xpath","value":"//button[@data-kt=\"addButton\"]"}
COMMAND: POST /session/b7ba4cc64eff0f9e2c488515e19366a0/elements - {"using":"xpath","value":"//button[@data-kt=\"addButton\"]"}
RESULT: {"using":"xpath","value":"//button[@data-kt=\"addButton\"]"}
COMMAND: POST /session/b7ba4cc64eff0f9e2c488515e19366a0/elements - {"using":"xpath","value":"//button[@data-kt=\"addButton\"]"}
RESULT: {"using":"xpath","value":"//button[@data-kt=\"addButton\"]"}
COMMAND: POST /session/b7ba4cc64eff0f9e2c488515e19366a0/elements - {"using":"xpath","value":"//button[@data-kt=\"addButton\"]"}
RESULT: {"using":"xpath","value":"//button[@data-kt=\"addButton\"]"}
COMMAND: POST /session/b7ba4cc64eff0f9e2c488515e19366a0/elements - {"using":"xpath","value":"//button[@data-kt=\"addButton\"]"}
RESULT: {"using":"xpath","value":"//button[@data-kt=\"addButton\"]"}
COMMAND: POST /session/b7ba4cc64eff0f9e2c488515e19366a0/elements - {"using":"xpath","value":"//button[@data-kt=\"addButton\"]"}
RESULT: {"using":"xpath","value":"//button[@data-kt=\"addButton\"]"}
COMMAND: POST /session/b7ba4cc64eff0f9e2c488515e19366a0/elements - {"using":"xpath","value":"//button[@data-kt=\"addButton\"]"}
RESULT: {"using":"xpath","value":"//button[@data-kt=\"addButton\"]"}
COMMAND: POST /session/b7ba4cc64eff0f9e2c488515e19366a0/element - {"using":"xpath","value":"//button[@data-kt=\"addButton\"]"}
RESULT: {"using":"xpath","value":"//button[@data-kt=\"addButton\"]"}
COMMAND: POST /session/b7ba4cc64eff0f9e2c488515e19366a0/execute/sync - {"script":"<script> [8489 bytes]","args":[{"element-6066-11e4-a52e-4f735466cecf":"f.C1A8CAC93E6CD690700888AD19FFBF78.d.75A5FBE1C70D5E2A64C1F1118DEC598A.e.4019","ELEMENT":"f.C1A8CAC93E6CD690700888AD19FFBF78.d.75A5FBE1C70D5E2A64C1F1118DEC598A.e.4019"}]}
RESULT: {"script":"<script> [8489 bytes]","args":[{"element-6066-11e4-a52e-4f735466cecf":"f.C1A8CAC93E6CD690700888AD19FFBF78.d.75A5FBE1C70D5E2A64C1F1118DEC598A.e.4019","ELEMENT":"f.C1A8CAC93E6CD690700888AD19FFBF78.d.75A5FBE1C70D5E2A64C1F1118DEC598A.e.4019"}]}
COMMAND: GET /session/b7ba4cc64eff0f9e2c488515e19366a0/element/f.C1A8CAC93E6CD690700888AD19FFBF78.d.75A5FBE1C70D5E2A64C1F1118DEC598A.e.4019/enabled - {}
COMMAND: GET /session/b7ba4cc64eff0f9e2c488515e19366a0/screenshot - {}
RESULT: {}
COMMAND: POST /session/b7ba4cc64eff0f9e2c488515e19366a0/execute/sync - {"script":"<script> [8489 bytes]","args":[{"element-6066-11e4-a52e-4f735466cecf":"f.C1A8CAC93E6CD690700888AD19FFBF78.d.75A5FBE1C70D5E2A64C1F1118DEC598A.e.4019","ELEMENT":"f.C1A8CAC93E6CD690700888AD19FFBF78.d.75A5FBE1C70D5E2A64C1F1118DEC598A.e.4019"}]}
COMMAND: GET /session/b7ba4cc64eff0f9e2c488515e19366a0/screenshot - {}
RESULT: {}
RESULT: {"script":"<script> [8489 bytes]","args":[{"element-6066-11e4-a52e-4f735466cecf":"f.C1A8CAC93E6CD690700888AD19FFBF78.d.75A5FBE1C70D5E2A64C1F1118DEC598A.e.4019","ELEMENT":"f.C1A8CAC93E6CD690700888AD19FFBF78.d.75A5FBE1C70D5E2A64C1F1118DEC598A.e.4019"}]}
COMMAND: POST /session/b7ba4cc64eff0f9e2c488515e19366a0/execute/sync - {"script":"<script> [5351 bytes]","args":[{"element-6066-11e4-a52e-4f735466cecf":"f.C1A8CAC93E6CD690700888AD19FFBF78.d.75A5FBE1C70D5E2A64C1F1118DEC598A.e.4019","ELEMENT":"f.C1A8CAC93E6CD690700888AD19FFBF78.d.75A5FBE1C70D5E2A64C1F1118DEC598A.e.4019"}]}
COMMAND: GET /session/b7ba4cc64eff0f9e2c488515e19366a0/screenshot - {}
RESULT: {}
RESULT: {"script":"<script> [5351 bytes]","args":[{"element-6066-11e4-a52e-4f735466cecf":"f.C1A8CAC93E6CD690700888AD19FFBF78.d.75A5FBE1C70D5E2A64C1F1118DEC598A.e.4019","ELEMENT":"f.C1A8CAC93E6CD690700888AD19FFBF78.d.75A5FBE1C70D5E2A64C1F1118DEC598A.e.4019"}]}
COMMAND: POST /session/b7ba4cc64eff0f9e2c488515e19366a0/element/f.C1A8CAC93E6CD690700888AD19FFBF78.d.75A5FBE1C70D5E2A64C1F1118DEC598A.e.4019/click - {}
COMMAND: GET /session/b7ba4cc64eff0f9e2c488515e19366a0/screenshot - {}
RESULT: {}
RESULT: {}
COMMAND: GET /session/b7ba4cc64eff0f9e2c488515e19366a0/screenshot - {}
RESULT: {}
RESULT: {}
COMMAND: POST /session/b7ba4cc64eff0f9e2c488515e19366a0/execute/async - {"script":"<script> [1562 bytes]","args":[{"selector":{"id":"application-managepartners-display-component---NewPartner--addressDetailDetailsName1","interaction":{"idSuffix":"inner"}},"wdio_ui5_key":"applicationmanagepartners-display-component---NewPartner--addressDetailDetailsName1"}]}
RESULT: {"script":"<script> [1562 bytes]","args":[{"selector":{"id":"application-managepartners-display-component---NewPartner--addressDetailDetailsName1","interaction":{"idSuffix":"inner"}},"wdio_ui5_key":"applicationmanagepartners-display-component---NewPartner--addressDetailDetailsName1"}]}
RESULT: undefined
COMMAND: POST /session/b7ba4cc64eff0f9e2c488515e19366a0/execute/async - {"script":"<script> [776 bytes]","args":[{"enterText":"Intercompany Partner WDIO","selector":{"id":"application-managepartners-display-component---NewPartner--addressDetailDetailsName1","interaction":{"idSuffix":"inner"}},"clearTextFirst":true,"interactionType":"ENTER_TEXT"}]}
RESULT: {"script":"<script> [776 bytes]","args":[{"enterText":"Intercompany Partner WDIO","selector":{"id":"application-managepartners-display-component---NewPartner--addressDetailDetailsName1","interaction":{"idSuffix":"inner"}},"clearTextFirst":true,"interactionType":"ENTER_TEXT"}]}
COMMAND: POST /session/b7ba4cc64eff0f9e2c488515e19366a0/execute/async - {"script":"<script> [1562 bytes]","args":[{"selector":{"id":"application-managepartners-display-component---NewPartner--addressDetailDetailsLanguage-arrow"},"wdio_ui5_key":"applicationmanagepartners-display-component---NewPartner--addressDetailDetailsLanguage-arrow"}]}
RESULT: {"script":"<script> [1562 bytes]","args":[{"selector":{"id":"application-managepartners-display-component---NewPartner--addressDetailDetailsLanguage-arrow"},"wdio_ui5_key":"applicationmanagepartners-display-component---NewPartner--addressDetailDetailsLanguage-arrow"}]}
RESULT: undefined
COMMAND: POST /session/b7ba4cc64eff0f9e2c488515e19366a0/element - {"using":"xpath","value":"//*[@id=\"application-managepartners-display-component---NewPartner--addressDetailDetailsLanguage-arrow\"]"}
RESULT: {"using":"xpath","value":"//*[@id=\"application-managepartners-display-component---NewPartner--addressDetailDetailsLanguage-arrow\"]"}
COMMAND: POST /session/b7ba4cc64eff0f9e2c488515e19366a0/element/f.C1A8CAC93E6CD690700888AD19FFBF78.d.75A5FBE1C70D5E2A64C1F1118DEC598A.e.4338/click - {}
RESULT: {}
COMMAND: POST /session/b7ba4cc64eff0f9e2c488515e19366a0/element - {"using":"xpath","value":"//span[contains(text(), \"English\")]"}
COMMAND: GET /session/b7ba4cc64eff0f9e2c488515e19366a0/screenshot - {}
RESULT: {"using":"xpath","value":"//span[contains(text(), \"English\")]"}
COMMAND: POST /session/b7ba4cc64eff0f9e2c488515e19366a0/element/f.C1A8CAC93E6CD690700888AD19FFBF78.d.75A5FBE1C70D5E2A64C1F1118DEC598A.e.4339/click - {}
RESULT: {}
RESULT: {}
COMMAND: GET /session/b7ba4cc64eff0f9e2c488515e19366a0/screenshot - {}
RESULT: {}
COMMAND: POST /session/b7ba4cc64eff0f9e2c488515e19366a0/execute/async - {"script":"<script> [1562 bytes]","args":[{"selector":{"id":"application-managepartners-display-component---NewPartner--addressDetailDetailsCity1","interaction":{"idSuffix":"inner"}},"wdio_ui5_key":"applicationmanagepartners-display-component---NewPartner--addressDetailDetailsCity1"}]}
RESULT: {"script":"<script> [1562 bytes]","args":[{"selector":{"id":"application-managepartners-display-component---NewPartner--addressDetailDetailsCity1","interaction":{"idSuffix":"inner"}},"wdio_ui5_key":"applicationmanagepartners-display-component---NewPartner--addressDetailDetailsCity1"}]}
RESULT: undefined
COMMAND: POST /session/b7ba4cc64eff0f9e2c488515e19366a0/execute/async - {"script":"<script> [776 bytes]","args":[{"enterText":"Rosario","selector":{"id":"application-managepartners-display-component---NewPartner--addressDetailDetailsCity1","interaction":{"idSuffix":"inner"}},"clearTextFirst":true,"interactionType":"ENTER_TEXT"}]}
RESULT: {"script":"<script> [776 bytes]","args":[{"enterText":"Rosario","selector":{"id":"application-managepartners-display-component---NewPartner--addressDetailDetailsCity1","interaction":{"idSuffix":"inner"}},"clearTextFirst":true,"interactionType":"ENTER_TEXT"}]}
COMMAND: POST /session/b7ba4cc64eff0f9e2c488515e19366a0/execute/async - {"script":"<script> [1562 bytes]","args":[{"selector":{"id":"application-managepartners-display-component---NewPartner--addressDetailDetailsCountry-arrow"},"wdio_ui5_key":"applicationmanagepartners-display-component---NewPartner--addressDetailDetailsCountry-arrow"}]}
RESULT: {"script":"<script> [1562 bytes]","args":[{"selector":{"id":"application-managepartners-display-component---NewPartner--addressDetailDetailsCountry-arrow"},"wdio_ui5_key":"applicationmanagepartners-display-component---NewPartner--addressDetailDetailsCountry-arrow"}]}
RESULT: undefined
COMMAND: POST /session/b7ba4cc64eff0f9e2c488515e19366a0/element - {"using":"xpath","value":"//*[@id=\"application-managepartners-display-component---NewPartner--addressDetailDetailsCountry-arrow\"]"}
RESULT: {"using":"xpath","value":"//*[@id=\"application-managepartners-display-component---NewPartner--addressDetailDetailsCountry-arrow\"]"}
COMMAND: POST /session/b7ba4cc64eff0f9e2c488515e19366a0/element/f.C1A8CAC93E6CD690700888AD19FFBF78.d.75A5FBE1C70D5E2A64C1F1118DEC598A.e.4302/click - {}
RESULT: {}
COMMAND: POST /session/b7ba4cc64eff0f9e2c488515e19366a0/element - {"using":"xpath","value":"//span[contains(text(), \"Argentina\")]"}
COMMAND: GET /session/b7ba4cc64eff0f9e2c488515e19366a0/screenshot - {}
RESULT: {"using":"xpath","value":"//span[contains(text(), \"Argentina\")]"}
COMMAND: POST /session/b7ba4cc64eff0f9e2c488515e19366a0/element/f.C1A8CAC93E6CD690700888AD19FFBF78.d.75A5FBE1C70D5E2A64C1F1118DEC598A.e.4341/click - {}
RESULT: {}
RESULT: {}
COMMAND: GET /session/b7ba4cc64eff0f9e2c488515e19366a0/screenshot - {}
RESULT: {}
COMMAND: POST /session/b7ba4cc64eff0f9e2c488515e19366a0/element - {"using":"xpath","value":"//bdi[contains(text(), \"Commercial\")]"}
RESULT: {"using":"xpath","value":"//bdi[contains(text(), \"Commercial\")]"}
COMMAND: POST /session/b7ba4cc64eff0f9e2c488515e19366a0/element/f.C1A8CAC93E6CD690700888AD19FFBF78.d.75A5FBE1C70D5E2A64C1F1118DEC598A.e.4342/click - {}
RESULT: {}
COMMAND: GET /session/b7ba4cc64eff0f9e2c488515e19366a0/screenshot - {}
RESULT: {}
COMMAND: POST /session/b7ba4cc64eff0f9e2c488515e19366a0/execute/async - {"script":"<script> [1562 bytes]","args":[{"selector":{"id":"application-managepartners-display-component---NewPartner--partnerDetailInternal-arrow"},"wdio_ui5_key":"applicationmanagepartners-display-component---NewPartner--partnerDetailInternal-arrow"}]}
RESULT: {"script":"<script> [1562 bytes]","args":[{"selector":{"id":"application-managepartners-display-component---NewPartner--partnerDetailInternal-arrow"},"wdio_ui5_key":"applicationmanagepartners-display-component---NewPartner--partnerDetailInternal-arrow"}]}
RESULT: undefined
COMMAND: POST /session/b7ba4cc64eff0f9e2c488515e19366a0/element - {"using":"xpath","value":"//*[@id=\"application-managepartners-display-component---NewPartner--partnerDetailInternal-arrow\"]"}
RESULT: {"using":"xpath","value":"//*[@id=\"application-managepartners-display-component---NewPartner--partnerDetailInternal-arrow\"]"}
COMMAND: POST /session/b7ba4cc64eff0f9e2c488515e19366a0/element/f.C1A8CAC93E6CD690700888AD19FFBF78.d.75A5FBE1C70D5E2A64C1F1118DEC598A.e.4348/click - {}
RESULT: {}
COMMAND: POST /session/b7ba4cc64eff0f9e2c488515e19366a0/element - {"using":"xpath","value":"//span[contains(text(), \"Affiliated company\")]"}
COMMAND: GET /session/b7ba4cc64eff0f9e2c488515e19366a0/screenshot - {}
RESULT: {"using":"xpath","value":"//span[contains(text(), \"Affiliated company\")]"}
COMMAND: POST /session/b7ba4cc64eff0f9e2c488515e19366a0/element/f.C1A8CAC93E6CD690700888AD19FFBF78.d.75A5FBE1C70D5E2A64C1F1118DEC598A.e.4349/click - {}
RESULT: {}
RESULT: {}
COMMAND: POST /session/b7ba4cc64eff0f9e2c488515e19366a0/execute/async - {"script":"<script> [1562 bytes]","args":[{"selector":{"id":"application-managepartners-display-component---NewPartner--partnerDetailsCurrency-arrow"},"wdio_ui5_key":"applicationmanagepartners-display-component---NewPartner--partnerDetailsCurrency-arrow"}]}
COMMAND: GET /session/b7ba4cc64eff0f9e2c488515e19366a0/screenshot - {}
RESULT: {"script":"<script> [1562 bytes]","args":[{"selector":{"id":"application-managepartners-display-component---NewPartner--partnerDetailsCurrency-arrow"},"wdio_ui5_key":"applicationmanagepartners-display-component---NewPartner--partnerDetailsCurrency-arrow"}]}
RESULT: undefined
COMMAND: POST /session/b7ba4cc64eff0f9e2c488515e19366a0/element - {"using":"xpath","value":"//*[@id=\"application-managepartners-display-component---NewPartner--partnerDetailsCurrency-arrow\"]"}
RESULT: {}
RESULT: {"using":"xpath","value":"//*[@id=\"application-managepartners-display-component---NewPartner--partnerDetailsCurrency-arrow\"]"}
COMMAND: POST /session/b7ba4cc64eff0f9e2c488515e19366a0/element/f.C1A8CAC93E6CD690700888AD19FFBF78.d.75A5FBE1C70D5E2A64C1F1118DEC598A.e.4356/click - {}
RESULT: {}
COMMAND: POST /session/b7ba4cc64eff0f9e2c488515e19366a0/element - {"using":"xpath","value":"//span[contains(text(), \"Euro\")]"}
COMMAND: GET /session/b7ba4cc64eff0f9e2c488515e19366a0/screenshot - {}
RESULT: {"using":"xpath","value":"//span[contains(text(), \"Euro\")]"}
COMMAND: POST /session/b7ba4cc64eff0f9e2c488515e19366a0/element/f.C1A8CAC93E6CD690700888AD19FFBF78.d.75A5FBE1C70D5E2A64C1F1118DEC598A.e.4357/click - {}
RESULT: {}
RESULT: {}
COMMAND: POST /session/b7ba4cc64eff0f9e2c488515e19366a0/execute/async - {"script":"<script> [1562 bytes]","args":[{"selector":{"id":"application-managepartners-display-component---NewPartner--addressEditDetailsCostObjectCstType-arrow"},"wdio_ui5_key":"applicationmanagepartners-display-component---NewPartner--addressEditDetailsCostObjectCstType-arrow"}]}
COMMAND: GET /session/b7ba4cc64eff0f9e2c488515e19366a0/screenshot - {}
RESULT: {"script":"<script> [1562 bytes]","args":[{"selector":{"id":"application-managepartners-display-component---NewPartner--addressEditDetailsCostObjectCstType-arrow"},"wdio_ui5_key":"applicationmanagepartners-display-component---NewPartner--addressEditDetailsCostObjectCstType-arrow"}]}
RESULT: undefined
COMMAND: POST /session/b7ba4cc64eff0f9e2c488515e19366a0/element - {"using":"xpath","value":"//*[@id=\"application-managepartners-display-component---NewPartner--addressEditDetailsCostObjectCstType-arrow\"]"}
RESULT: {}
RESULT: {"using":"xpath","value":"//*[@id=\"application-managepartners-display-component---NewPartner--addressEditDetailsCostObjectCstType-arrow\"]"}
COMMAND: POST /session/b7ba4cc64eff0f9e2c488515e19366a0/element/f.C1A8CAC93E6CD690700888AD19FFBF78.d.75A5FBE1C70D5E2A64C1F1118DEC598A.e.4358/click - {}
RESULT: {}
COMMAND: POST /session/b7ba4cc64eff0f9e2c488515e19366a0/element - {"using":"xpath","value":"//span[contains(text(), \"Cost Center\")]"}
COMMAND: GET /session/b7ba4cc64eff0f9e2c488515e19366a0/screenshot - {}
RESULT: {"using":"xpath","value":"//span[contains(text(), \"Cost Center\")]"}
COMMAND: POST /session/b7ba4cc64eff0f9e2c488515e19366a0/element/f.C1A8CAC93E6CD690700888AD19FFBF78.d.75A5FBE1C70D5E2A64C1F1118DEC598A.e.4359/click - {}
RESULT: {}
RESULT: {}
COMMAND: GET /session/b7ba4cc64eff0f9e2c488515e19366a0/screenshot - {}
RESULT: {}
COMMAND: POST /session/b7ba4cc64eff0f9e2c488515e19366a0/element - {"using":"xpath","value":"//span[@id=\"application-managepartners-display-component---NewPartner--addressNewCostObjectCstID-vhi\"]"}
RESULT: {"using":"xpath","value":"//span[@id=\"application-managepartners-display-component---NewPartner--addressNewCostObjectCstID-vhi\"]"}
COMMAND: POST /session/b7ba4cc64eff0f9e2c488515e19366a0/element - {"using":"xpath","value":"//span[@id=\"application-managepartners-display-component---NewPartner--addressNewCostObjectCstID-vhi\"]"}
RESULT: {"using":"xpath","value":"//span[@id=\"application-managepartners-display-component---NewPartner--addressNewCostObjectCstID-vhi\"]"}
COMMAND: POST /session/b7ba4cc64eff0f9e2c488515e19366a0/element - {"using":"xpath","value":"//input[@id=\"application-managepartners-display-component---NewPartner--addressNewCostObjectCstID-inner\"]"}
RESULT: {"using":"xpath","value":"//input[@id=\"application-managepartners-display-component---NewPartner--addressNewCostObjectCstID-inner\"]"}
COMMAND: POST /session/b7ba4cc64eff0f9e2c488515e19366a0/execute/sync - {"script":"<script> [8489 bytes]","args":[{"element-6066-11e4-a52e-4f735466cecf":"f.C1A8CAC93E6CD690700888AD19FFBF78.d.75A5FBE1C70D5E2A64C1F1118DEC598A.e.4362","ELEMENT":"f.C1A8CAC93E6CD690700888AD19FFBF78.d.75A5FBE1C70D5E2A64C1F1118DEC598A.e.4362"}]}
RESULT: {"script":"<script> [8489 bytes]","args":[{"element-6066-11e4-a52e-4f735466cecf":"f.C1A8CAC93E6CD690700888AD19FFBF78.d.75A5FBE1C70D5E2A64C1F1118DEC598A.e.4362","ELEMENT":"f.C1A8CAC93E6CD690700888AD19FFBF78.d.75A5FBE1C70D5E2A64C1F1118DEC598A.e.4362"}]}
COMMAND: POST /session/b7ba4cc64eff0f9e2c488515e19366a0/element/f.C1A8CAC93E6CD690700888AD19FFBF78.d.75A5FBE1C70D5E2A64C1F1118DEC598A.e.4362/clear - {}
COMMAND: GET /session/b7ba4cc64eff0f9e2c488515e19366a0/screenshot - {}
RESULT: {}
COMMAND: POST /session/b7ba4cc64eff0f9e2c488515e19366a0/element/f.C1A8CAC93E6CD690700888AD19FFBF78.d.75A5FBE1C70D5E2A64C1F1118DEC598A.e.4362/value - {"text":"10001013"}
COMMAND: GET /session/b7ba4cc64eff0f9e2c488515e19366a0/screenshot - {}
RESULT: {}
RESULT: {"text":"10001013"}
COMMAND: GET /session/b7ba4cc64eff0f9e2c488515e19366a0/screenshot - {}
RESULT: {}
RESULT: {}
COMMAND: POST /session/b7ba4cc64eff0f9e2c488515e19366a0/element - {"using":"xpath","value":"//input[@id=\"application-managepartners-display-component---NewPartner--companyCodeComboBox-inner\"]"}
RESULT: {"using":"xpath","value":"//input[@id=\"application-managepartners-display-component---NewPartner--companyCodeComboBox-inner\"]"}
COMMAND: POST /session/b7ba4cc64eff0f9e2c488515e19366a0/element/f.C1A8CAC93E6CD690700888AD19FFBF78.d.75A5FBE1C70D5E2A64C1F1118DEC598A.e.4200/clear - {}
RESULT: {}
COMMAND: POST /session/b7ba4cc64eff0f9e2c488515e19366a0/element/f.C1A8CAC93E6CD690700888AD19FFBF78.d.75A5FBE1C70D5E2A64C1F1118DEC598A.e.4200/value - {"text":"C002"}
COMMAND: GET /session/b7ba4cc64eff0f9e2c488515e19366a0/screenshot - {}
RESULT: {}
RESULT: {"text":"C002"}
COMMAND: GET /session/b7ba4cc64eff0f9e2c488515e19366a0/screenshot - {}
RESULT: {}
COMMAND: POST /session/b7ba4cc64eff0f9e2c488515e19366a0/element - {"using":"xpath","value":"//span[contains(text(), \"C002\")]"}
RESULT: {"using":"xpath","value":"//span[contains(text(), \"C002\")]"}
COMMAND: POST /session/b7ba4cc64eff0f9e2c488515e19366a0/element/f.C1A8CAC93E6CD690700888AD19FFBF78.d.75A5FBE1C70D5E2A64C1F1118DEC598A.e.4369/click - {}
RESULT: {}
COMMAND: GET /session/b7ba4cc64eff0f9e2c488515e19366a0/screenshot - {}
RESULT: {}
COMMAND: POST /session/b7ba4cc64eff0f9e2c488515e19366a0/execute/async - {"script":"<script> [1562 bytes]","args":[{"selector":{"id":"application-managepartners-display-component---NewPartner--btnAddTableRow-img"},"wdio_ui5_key":"applicationmanagepartners-display-component---NewPartner--btnAddTableRow-img"}]}
RESULT: {"script":"<script> [1562 bytes]","args":[{"selector":{"id":"application-managepartners-display-component---NewPartner--btnAddTableRow-img"},"wdio_ui5_key":"applicationmanagepartners-display-component---NewPartner--btnAddTableRow-img"}]}
RESULT: undefined
COMMAND: POST /session/b7ba4cc64eff0f9e2c488515e19366a0/element - {"using":"xpath","value":"//*[@id=\"application-managepartners-display-component---NewPartner--btnAddTableRow-img\"]"}
RESULT: {"using":"xpath","value":"//*[@id=\"application-managepartners-display-component---NewPartner--btnAddTableRow-img\"]"}
COMMAND: POST /session/b7ba4cc64eff0f9e2c488515e19366a0/element/f.C1A8CAC93E6CD690700888AD19FFBF78.d.75A5FBE1C70D5E2A64C1F1118DEC598A.e.4370/click - {}
RESULT: {}
COMMAND: GET /session/b7ba4cc64eff0f9e2c488515e19366a0/screenshot - {}
RESULT: {}
COMMAND: POST /session/b7ba4cc64eff0f9e2c488515e19366a0/element - {"using":"xpath","value":"//input[@id=\"application-managepartners-display-component---NewPartner--assignmentYard-application-managepartners-display-component---NewPartner--assignmentsTable-0-inner\"]"}
RESULT: {"using":"xpath","value":"//input[@id=\"application-managepartners-display-component---NewPartner--assignmentYard-application-managepartners-display-component---NewPartner--assignmentsTable-0-inner\"]"}
COMMAND: POST /session/b7ba4cc64eff0f9e2c488515e19366a0/element/f.C1A8CAC93E6CD690700888AD19FFBF78.d.75A5FBE1C70D5E2A64C1F1118DEC598A.e.4373/clear - {}
RESULT: {}
COMMAND: POST /session/b7ba4cc64eff0f9e2c488515e19366a0/element/f.C1A8CAC93E6CD690700888AD19FFBF78.d.75A5FBE1C70D5E2A64C1F1118DEC598A.e.4373/value - {"text":"297"}
COMMAND: GET /session/b7ba4cc64eff0f9e2c488515e19366a0/screenshot - {}
RESULT: {"text":"297"}
COMMAND: GET /session/b7ba4cc64eff0f9e2c488515e19366a0/screenshot - {}
RESULT: {}
RESULT: {}
COMMAND: POST /session/b7ba4cc64eff0f9e2c488515e19366a0/element - {"using":"xpath","value":"//li[.//span[text()='297']]"}
RESULT: {"using":"xpath","value":"//li[.//span[text()='297']]"}
COMMAND: POST /session/b7ba4cc64eff0f9e2c488515e19366a0/element/f.C1A8CAC93E6CD690700888AD19FFBF78.d.75A5FBE1C70D5E2A64C1F1118DEC598A.e.4382/click - {}
RESULT: {}
COMMAND: GET /session/b7ba4cc64eff0f9e2c488515e19366a0/screenshot - {}
RESULT: {}
COMMAND: POST /session/b7ba4cc64eff0f9e2c488515e19366a0/actions - {"actions":[{"id":"action12","type":"key","parameters":{},"actions":[{"type":"keyDown","value":"î€‡"},{"type":"pause","duration":10},{"type":"keyUp","value":"î€‡"}]}]}
RESULT: {"actions":[{"id":"action12","type":"key","parameters":{},"actions":[{"type":"keyDown","value":"î€‡"},{"type":"pause","duration":10},{"type":"keyUp","value":"î€‡"}]}]}
COMMAND: POST /session/b7ba4cc64eff0f9e2c488515e19366a0/execute/async - {"script":"<script> [1562 bytes]","args":[{"selector":{"id":"application-managepartners-display-component---NewPartner--externalCustomerComboBox-application-managepartners-display-component---NewPartner--assignmentsTable-0-vhi"},"wdio_ui5_key":"applicationmanagepartners-display-component---NewPartner--externalCustomerComboBox-application-managepartners-display-component---NewPartner--assignmentsTable-0-vhi"}]}
COMMAND: GET /session/b7ba4cc64eff0f9e2c488515e19366a0/screenshot - {}
RESULT: {"script":"<script> [1562 bytes]","args":[{"selector":{"id":"application-managepartners-display-component---NewPartner--externalCustomerComboBox-application-managepartners-display-component---NewPartner--assignmentsTable-0-vhi"},"wdio_ui5_key":"applicationmanagepartners-display-component---NewPartner--externalCustomerComboBox-application-managepartners-display-component---NewPartner--assignmentsTable-0-vhi"}]}
RESULT: undefined
COMMAND: POST /session/b7ba4cc64eff0f9e2c488515e19366a0/element - {"using":"xpath","value":"//*[@id=\"application-managepartners-display-component---NewPartner--externalCustomerComboBox-application-managepartners-display-component---NewPartner--assignmentsTable-0-vhi\"]"}
RESULT: {}
RESULT: {"using":"xpath","value":"//*[@id=\"application-managepartners-display-component---NewPartner--externalCustomerComboBox-application-managepartners-display-component---NewPartner--assignmentsTable-0-vhi\"]"}
COMMAND: POST /session/b7ba4cc64eff0f9e2c488515e19366a0/element/f.C1A8CAC93E6CD690700888AD19FFBF78.d.75A5FBE1C70D5E2A64C1F1118DEC598A.e.4386/click - {}
RESULT: {}
RESULT: undefined
COMMAND: POST /session/b7ba4cc64eff0f9e2c488515e19366a0/execute/async - {"script":"<script> [776 bytes]","args":[{"enterText":"300003","selector":{"controlType":"sap.m.SearchField","properties":{"placeholder":"Search"},"searchOpenDialogs":true,"interaction":{"idSuffix":"I"}},"clearTextFirst":true,"interactionType":"ENTER_TEXT"}]}
COMMAND: GET /session/b7ba4cc64eff0f9e2c488515e19366a0/screenshot - {}
RESULT: {"script":"<script> [776 bytes]","args":[{"enterText":"300003","selector":{"controlType":"sap.m.SearchField","properties":{"placeholder":"Search"},"searchOpenDialogs":true,"interaction":{"idSuffix":"I"}},"clearTextFirst":true,"interactionType":"ENTER_TEXT"}]}
COMMAND: POST /session/b7ba4cc64eff0f9e2c488515e19366a0/actions - {"actions":[{"id":"action13","type":"key","parameters":{},"actions":[{"type":"keyDown","value":"î€‡"},{"type":"pause","duration":10},{"type":"keyUp","value":"î€‡"}]}]}
RESULT: {}
RESULT: {"actions":[{"id":"action13","type":"key","parameters":{},"actions":[{"type":"keyDown","value":"î€‡"},{"type":"pause","duration":10},{"type":"keyUp","value":"î€‡"}]}]}
COMMAND: GET /session/b7ba4cc64eff0f9e2c488515e19366a0/screenshot - {}
RESULT: {}
COMMAND: POST /session/b7ba4cc64eff0f9e2c488515e19366a0/element - {"using":"xpath","value":"//span[contains(text(), \"300003\")]"}
RESULT: {"using":"xpath","value":"//span[contains(text(), \"300003\")]"}
COMMAND: POST /session/b7ba4cc64eff0f9e2c488515e19366a0/element/f.C1A8CAC93E6CD690700888AD19FFBF78.d.75A5FBE1C70D5E2A64C1F1118DEC598A.e.4405/click - {}
RESULT: {}
COMMAND: GET /session/b7ba4cc64eff0f9e2c488515e19366a0/screenshot - {}
RESULT: {}
COMMAND: POST /session/b7ba4cc64eff0f9e2c488515e19366a0/element - {"using":"xpath","value":"//bdi[contains(text(), \"OK\")]"}
RESULT: {"using":"xpath","value":"//bdi[contains(text(), \"OK\")]"}
COMMAND: POST /session/b7ba4cc64eff0f9e2c488515e19366a0/element/f.C1A8CAC93E6CD690700888AD19FFBF78.d.75A5FBE1C70D5E2A64C1F1118DEC598A.e.4407/click - {}
RESULT: {}
COMMAND: GET /session/b7ba4cc64eff0f9e2c488515e19366a0/screenshot - {}
RESULT: {}
COMMAND: POST /session/b7ba4cc64eff0f9e2c488515e19366a0/execute/async - {"script":"<script> [1562 bytes]","args":[{"selector":{"id":"application-managepartners-display-component---NewPartner--intercompVendorComboBox-application-managepartners-display-component---NewPartner--assignmentsTable-0-vhi"},"wdio_ui5_key":"applicationmanagepartners-display-component---NewPartner--intercompVendorComboBox-application-managepartners-display-component---NewPartner--assignmentsTable-0-vhi"}]}
RESULT: {"script":"<script> [1562 bytes]","args":[{"selector":{"id":"application-managepartners-display-component---NewPartner--intercompVendorComboBox-application-managepartners-display-component---NewPartner--assignmentsTable-0-vhi"},"wdio_ui5_key":"applicationmanagepartners-display-component---NewPartner--intercompVendorComboBox-application-managepartners-display-component---NewPartner--assignmentsTable-0-vhi"}]}
RESULT: undefined
COMMAND: POST /session/b7ba4cc64eff0f9e2c488515e19366a0/element - {"using":"xpath","value":"//*[@id=\"application-managepartners-display-component---NewPartner--intercompVendorComboBox-application-managepartners-display-component---NewPartner--assignmentsTable-0-vhi\"]"}
RESULT: {"using":"xpath","value":"//*[@id=\"application-managepartners-display-component---NewPartner--intercompVendorComboBox-application-managepartners-display-component---NewPartner--assignmentsTable-0-vhi\"]"}
COMMAND: POST /session/b7ba4cc64eff0f9e2c488515e19366a0/element/f.C1A8CAC93E6CD690700888AD19FFBF78.d.75A5FBE1C70D5E2A64C1F1118DEC598A.e.4410/click - {}
RESULT: {}
RESULT: undefined
COMMAND: POST /session/b7ba4cc64eff0f9e2c488515e19366a0/execute/async - {"script":"<script> [776 bytes]","args":[{"enterText":"100005","selector":{"controlType":"sap.m.SearchField","properties":{"placeholder":"Search"},"searchOpenDialogs":true,"interaction":{"idSuffix":"I"}},"clearTextFirst":true,"interactionType":"ENTER_TEXT"}]}
COMMAND: GET /session/b7ba4cc64eff0f9e2c488515e19366a0/screenshot - {}
RESULT: {"script":"<script> [776 bytes]","args":[{"enterText":"100005","selector":{"controlType":"sap.m.SearchField","properties":{"placeholder":"Search"},"searchOpenDialogs":true,"interaction":{"idSuffix":"I"}},"clearTextFirst":true,"interactionType":"ENTER_TEXT"}]}
COMMAND: POST /session/b7ba4cc64eff0f9e2c488515e19366a0/actions - {"actions":[{"id":"action14","type":"key","parameters":{},"actions":[{"type":"keyDown","value":"î€‡"},{"type":"pause","duration":10},{"type":"keyUp","value":"î€‡"}]}]}
RESULT: {}
RESULT: {"actions":[{"id":"action14","type":"key","parameters":{},"actions":[{"type":"keyDown","value":"î€‡"},{"type":"pause","duration":10},{"type":"keyUp","value":"î€‡"}]}]}
COMMAND: GET /session/b7ba4cc64eff0f9e2c488515e19366a0/screenshot - {}
RESULT: {}
COMMAND: POST /session/b7ba4cc64eff0f9e2c488515e19366a0/element - {"using":"xpath","value":"//span[contains(text(), \"Penguins - Field/12345 Berlin\")]"}
RESULT: {"using":"xpath","value":"//span[contains(text(), \"Penguins - Field/12345 Berlin\")]"}
COMMAND: POST /session/b7ba4cc64eff0f9e2c488515e19366a0/element/f.C1A8CAC93E6CD690700888AD19FFBF78.d.75A5FBE1C70D5E2A64C1F1118DEC598A.e.4429/click - {}
RESULT: {}
COMMAND: GET /session/b7ba4cc64eff0f9e2c488515e19366a0/screenshot - {}
RESULT: {}
COMMAND: POST /session/b7ba4cc64eff0f9e2c488515e19366a0/element - {"using":"xpath","value":"//bdi[contains(text(), \"OK\")]"}
RESULT: {"using":"xpath","value":"//bdi[contains(text(), \"OK\")]"}
COMMAND: POST /session/b7ba4cc64eff0f9e2c488515e19366a0/element/f.C1A8CAC93E6CD690700888AD19FFBF78.d.75A5FBE1C70D5E2A64C1F1118DEC598A.e.4430/click - {}
RESULT: {}
COMMAND: GET /session/b7ba4cc64eff0f9e2c488515e19366a0/screenshot - {}
RESULT: {}
COMMAND: POST /session/b7ba4cc64eff0f9e2c488515e19366a0/element - {"using":"xpath","value":"//button[@data-kt=\"saveButton\"]"}
RESULT: {"using":"xpath","value":"//button[@data-kt=\"saveButton\"]"}
COMMAND: POST /session/b7ba4cc64eff0f9e2c488515e19366a0/element/f.C1A8CAC93E6CD690700888AD19FFBF78.d.75A5FBE1C70D5E2A64C1F1118DEC598A.e.4323/click - {}
RESULT: {}
COMMAND: GET /session/b7ba4cc64eff0f9e2c488515e19366a0/screenshot - {}
RESULT: {}
COMMAND: POST /session/b7ba4cc64eff0f9e2c488515e19366a0/element - {"using":"xpath","value":"//header[contains(@id, 'ObjectPageLayout-headerTitle')]/div[1]/div[2]/div[2]/span[1]"}
RESULT: {"using":"xpath","value":"//header[contains(@id, 'ObjectPageLayout-headerTitle')]/div[1]/div[2]/div[2]/span[1]"}
COMMAND: POST /session/b7ba4cc64eff0f9e2c488515e19366a0/elements - {"using":"xpath","value":"//header[contains(@id, 'ObjectPageLayout-headerTitle')]/div[1]/div[2]/div[2]/span[1]"}
RESULT: {"using":"xpath","value":"//header[contains(@id, 'ObjectPageLayout-headerTitle')]/div[1]/div[2]/div[2]/span[1]"}
COMMAND: POST /session/b7ba4cc64eff0f9e2c488515e19366a0/execute/sync - {"script":"<script> [56 bytes]","args":[{"element-6066-11e4-a52e-4f735466cecf":"f.C1A8CAC93E6CD690700888AD19FFBF78.d.75A5FBE1C70D5E2A64C1F1118DEC598A.e.4597","ELEMENT":"f.C1A8CAC93E6CD690700888AD19FFBF78.d.75A5FBE1C70D5E2A64C1F1118DEC598A.e.4597"}]}
RESULT: {"script":"<script> [56 bytes]","args":[{"element-6066-11e4-a52e-4f735466cecf":"f.C1A8CAC93E6CD690700888AD19FFBF78.d.75A5FBE1C70D5E2A64C1F1118DEC598A.e.4597","ELEMENT":"f.C1A8CAC93E6CD690700888AD19FFBF78.d.75A5FBE1C70D5E2A64C1F1118DEC598A.e.4597"}]}
COMMAND: POST /session/b7ba4cc64eff0f9e2c488515e19366a0/element - {"using":"css selector","value":"#shell-header-logo"}
COMMAND: GET /session/b7ba4cc64eff0f9e2c488515e19366a0/screenshot - {}
RESULT: {"using":"css selector","value":"#shell-header-logo"}
COMMAND: POST /session/b7ba4cc64eff0f9e2c488515e19366a0/element/f.C1A8CAC93E6CD690700888AD19FFBF78.d.75A5FBE1C70D5E2A64C1F1118DEC598A.e.3986/click - {}
RESULT: {}
RESULT: {}
COMMAND: GET /session/b7ba4cc64eff0f9e2c488515e19366a0/screenshot - {}
RESULT: {}
COMMAND: POST /session/b7ba4cc64eff0f9e2c488515e19366a0/execute/sync - {"script":"<script> [299 bytes]","args":[["getModel","getResource"]]}
RESULT: {"script":"<script> [299 bytes]","args":[["getModel","getResource"]]}
COMMAND: GET /session/b7ba4cc64eff0f9e2c488515e19366a0/screenshot - {}
]]></system-out>
    </testcase>
    <testcase classname="chrome.135_0_7049_96.windows.Create_master_data_for_mixed_billing_&amp;_do_billing_calculation_US151661" name="Should create a new site" time="111.211">
      <system-out><![CDATA[
COMMAND: POST /session/b7ba4cc64eff0f9e2c488515e19366a0/execute/async - {"script":"<script> [1562 bytes]","args":[{"selector":{"controlType":"sap.m.TileContent","bindingPath":{"path":"","propertyPath":"/properties/info"},"ancestor":{"controlType":"sap.m.GenericTile","properties":{"header":"Manage Sites"}}},"wdio_ui5_key":"sapm.TileContent{\"path\":\"\",\"propertyPath\":\"/properties/info\"}{\"controlType\":\"sap.m.GenericTile\",\"properties\":{\"header\":\"Manage Sites\"}}"}]}
RESULT: {}
RESULT: {"script":"<script> [1562 bytes]","args":[{"selector":{"controlType":"sap.m.TileContent","bindingPath":{"path":"","propertyPath":"/properties/info"},"ancestor":{"controlType":"sap.m.GenericTile","properties":{"header":"Manage Sites"}}},"wdio_ui5_key":"sapm.TileContent{\"path\":\"\",\"propertyPath\":\"/properties/info\"}{\"controlType\":\"sap.m.GenericTile\",\"properties\":{\"header\":\"Manage Sites\"}}"}]}
RESULT: undefined
COMMAND: POST /session/b7ba4cc64eff0f9e2c488515e19366a0/element - {"using":"xpath","value":"//*[@id=\"__xmlview7--numericTileContent\"]"}
RESULT: {"using":"xpath","value":"//*[@id=\"__xmlview7--numericTileContent\"]"}
COMMAND: POST /session/b7ba4cc64eff0f9e2c488515e19366a0/element/f.C1A8CAC93E6CD690700888AD19FFBF78.d.75A5FBE1C70D5E2A64C1F1118DEC598A.e.4599/click - {}
RESULT: {}
COMMAND: POST /session/b7ba4cc64eff0f9e2c488515e19366a0/element - {"using":"xpath","value":"//button[@data-kt=\"addOverflowToolbarButton\"]"}
COMMAND: GET /session/b7ba4cc64eff0f9e2c488515e19366a0/screenshot - {}
RESULT: {"using":"xpath","value":"//button[@data-kt=\"addOverflowToolbarButton\"]"}
COMMAND: POST /session/b7ba4cc64eff0f9e2c488515e19366a0/elements - {"using":"xpath","value":"//button[@data-kt=\"addOverflowToolbarButton\"]"}
RESULT: {}
RESULT: {"using":"xpath","value":"//button[@data-kt=\"addOverflowToolbarButton\"]"}
COMMAND: POST /session/b7ba4cc64eff0f9e2c488515e19366a0/elements - {"using":"xpath","value":"//button[@data-kt=\"addOverflowToolbarButton\"]"}
RESULT: {"using":"xpath","value":"//button[@data-kt=\"addOverflowToolbarButton\"]"}
COMMAND: POST /session/b7ba4cc64eff0f9e2c488515e19366a0/elements - {"using":"xpath","value":"//button[@data-kt=\"addOverflowToolbarButton\"]"}
RESULT: {"using":"xpath","value":"//button[@data-kt=\"addOverflowToolbarButton\"]"}
COMMAND: POST /session/b7ba4cc64eff0f9e2c488515e19366a0/elements - {"using":"xpath","value":"//button[@data-kt=\"addOverflowToolbarButton\"]"}
RESULT: {"using":"xpath","value":"//button[@data-kt=\"addOverflowToolbarButton\"]"}
COMMAND: POST /session/b7ba4cc64eff0f9e2c488515e19366a0/element - {"using":"xpath","value":"//button[@data-kt=\"addOverflowToolbarButton\"]"}
RESULT: {"using":"xpath","value":"//button[@data-kt=\"addOverflowToolbarButton\"]"}
COMMAND: POST /session/b7ba4cc64eff0f9e2c488515e19366a0/execute/sync - {"script":"<script> [8489 bytes]","args":[{"element-6066-11e4-a52e-4f735466cecf":"f.C1A8CAC93E6CD690700888AD19FFBF78.d.75A5FBE1C70D5E2A64C1F1118DEC598A.e.4645","ELEMENT":"f.C1A8CAC93E6CD690700888AD19FFBF78.d.75A5FBE1C70D5E2A64C1F1118DEC598A.e.4645"}]}
RESULT: {"script":"<script> [8489 bytes]","args":[{"element-6066-11e4-a52e-4f735466cecf":"f.C1A8CAC93E6CD690700888AD19FFBF78.d.75A5FBE1C70D5E2A64C1F1118DEC598A.e.4645","ELEMENT":"f.C1A8CAC93E6CD690700888AD19FFBF78.d.75A5FBE1C70D5E2A64C1F1118DEC598A.e.4645"}]}
COMMAND: GET /session/b7ba4cc64eff0f9e2c488515e19366a0/element/f.C1A8CAC93E6CD690700888AD19FFBF78.d.75A5FBE1C70D5E2A64C1F1118DEC598A.e.4645/enabled - {}
COMMAND: GET /session/b7ba4cc64eff0f9e2c488515e19366a0/screenshot - {}
RESULT: {}
COMMAND: POST /session/b7ba4cc64eff0f9e2c488515e19366a0/execute/sync - {"script":"<script> [8489 bytes]","args":[{"element-6066-11e4-a52e-4f735466cecf":"f.C1A8CAC93E6CD690700888AD19FFBF78.d.75A5FBE1C70D5E2A64C1F1118DEC598A.e.4645","ELEMENT":"f.C1A8CAC93E6CD690700888AD19FFBF78.d.75A5FBE1C70D5E2A64C1F1118DEC598A.e.4645"}]}
COMMAND: GET /session/b7ba4cc64eff0f9e2c488515e19366a0/screenshot - {}
RESULT: {}
RESULT: {"script":"<script> [8489 bytes]","args":[{"element-6066-11e4-a52e-4f735466cecf":"f.C1A8CAC93E6CD690700888AD19FFBF78.d.75A5FBE1C70D5E2A64C1F1118DEC598A.e.4645","ELEMENT":"f.C1A8CAC93E6CD690700888AD19FFBF78.d.75A5FBE1C70D5E2A64C1F1118DEC598A.e.4645"}]}
COMMAND: POST /session/b7ba4cc64eff0f9e2c488515e19366a0/execute/sync - {"script":"<script> [5351 bytes]","args":[{"element-6066-11e4-a52e-4f735466cecf":"f.C1A8CAC93E6CD690700888AD19FFBF78.d.75A5FBE1C70D5E2A64C1F1118DEC598A.e.4645","ELEMENT":"f.C1A8CAC93E6CD690700888AD19FFBF78.d.75A5FBE1C70D5E2A64C1F1118DEC598A.e.4645"}]}
COMMAND: GET /session/b7ba4cc64eff0f9e2c488515e19366a0/screenshot - {}
RESULT: {}
RESULT: {"script":"<script> [5351 bytes]","args":[{"element-6066-11e4-a52e-4f735466cecf":"f.C1A8CAC93E6CD690700888AD19FFBF78.d.75A5FBE1C70D5E2A64C1F1118DEC598A.e.4645","ELEMENT":"f.C1A8CAC93E6CD690700888AD19FFBF78.d.75A5FBE1C70D5E2A64C1F1118DEC598A.e.4645"}]}
COMMAND: POST /session/b7ba4cc64eff0f9e2c488515e19366a0/element/f.C1A8CAC93E6CD690700888AD19FFBF78.d.75A5FBE1C70D5E2A64C1F1118DEC598A.e.4645/click - {}
COMMAND: GET /session/b7ba4cc64eff0f9e2c488515e19366a0/screenshot - {}
RESULT: {}
RESULT: {}
COMMAND: GET /session/b7ba4cc64eff0f9e2c488515e19366a0/screenshot - {}
COMMAND: POST /session/b7ba4cc64eff0f9e2c488515e19366a0/execute/async - {"script":"<script> [1562 bytes]","args":[{"selector":{"id":"application-managesites-display-component---NewSite--addressDetailDetailsName1","interaction":{"idSuffix":"inner"}},"wdio_ui5_key":"applicationmanagesites-display-component---NewSite--addressDetailDetailsName1"}]}
RESULT: {}
RESULT: {}
RESULT: {"script":"<script> [1562 bytes]","args":[{"selector":{"id":"application-managesites-display-component---NewSite--addressDetailDetailsName1","interaction":{"idSuffix":"inner"}},"wdio_ui5_key":"applicationmanagesites-display-component---NewSite--addressDetailDetailsName1"}]}
RESULT: undefined
COMMAND: POST /session/b7ba4cc64eff0f9e2c488515e19366a0/execute/async - {"script":"<script> [776 bytes]","args":[{"enterText":"Intercompany Site wdIO","selector":{"id":"application-managesites-display-component---NewSite--addressDetailDetailsName1","interaction":{"idSuffix":"inner"}},"clearTextFirst":true,"interactionType":"ENTER_TEXT"}]}
RESULT: {"script":"<script> [776 bytes]","args":[{"enterText":"Intercompany Site wdIO","selector":{"id":"application-managesites-display-component---NewSite--addressDetailDetailsName1","interaction":{"idSuffix":"inner"}},"clearTextFirst":true,"interactionType":"ENTER_TEXT"}]}
COMMAND: POST /session/b7ba4cc64eff0f9e2c488515e19366a0/execute/async - {"script":"<script> [1562 bytes]","args":[{"selector":{"id":"application-managesites-display-component---NewSite--addressDetailDetailsLanguage-arrow"},"wdio_ui5_key":"applicationmanagesites-display-component---NewSite--addressDetailDetailsLanguage-arrow"}]}
RESULT: {"script":"<script> [1562 bytes]","args":[{"selector":{"id":"application-managesites-display-component---NewSite--addressDetailDetailsLanguage-arrow"},"wdio_ui5_key":"applicationmanagesites-display-component---NewSite--addressDetailDetailsLanguage-arrow"}]}
RESULT: undefined
COMMAND: POST /session/b7ba4cc64eff0f9e2c488515e19366a0/element - {"using":"xpath","value":"//*[@id=\"application-managesites-display-component---NewSite--addressDetailDetailsLanguage-arrow\"]"}
RESULT: {"using":"xpath","value":"//*[@id=\"application-managesites-display-component---NewSite--addressDetailDetailsLanguage-arrow\"]"}
COMMAND: POST /session/b7ba4cc64eff0f9e2c488515e19366a0/element/f.C1A8CAC93E6CD690700888AD19FFBF78.d.75A5FBE1C70D5E2A64C1F1118DEC598A.e.5044/click - {}
RESULT: {}
COMMAND: POST /session/b7ba4cc64eff0f9e2c488515e19366a0/element - {"using":"xpath","value":"//span[contains(text(), \"English\")]"}
COMMAND: GET /session/b7ba4cc64eff0f9e2c488515e19366a0/screenshot - {}
RESULT: {"using":"xpath","value":"//span[contains(text(), \"English\")]"}
COMMAND: POST /session/b7ba4cc64eff0f9e2c488515e19366a0/element/f.C1A8CAC93E6CD690700888AD19FFBF78.d.75A5FBE1C70D5E2A64C1F1118DEC598A.e.5045/click - {}
RESULT: {}
RESULT: {}
COMMAND: POST /session/b7ba4cc64eff0f9e2c488515e19366a0/execute/async - {"script":"<script> [1562 bytes]","args":[{"selector":{"id":"application-managesites-display-component---NewSite--addressDetailDetailsCity1","interaction":{"idSuffix":"inner"}},"wdio_ui5_key":"applicationmanagesites-display-component---NewSite--addressDetailDetailsCity1"}]}
COMMAND: GET /session/b7ba4cc64eff0f9e2c488515e19366a0/screenshot - {}
RESULT: {"script":"<script> [1562 bytes]","args":[{"selector":{"id":"application-managesites-display-component---NewSite--addressDetailDetailsCity1","interaction":{"idSuffix":"inner"}},"wdio_ui5_key":"applicationmanagesites-display-component---NewSite--addressDetailDetailsCity1"}]}
RESULT: undefined
COMMAND: POST /session/b7ba4cc64eff0f9e2c488515e19366a0/execute/async - {"script":"<script> [776 bytes]","args":[{"enterText":"Rosario","selector":{"id":"application-managesites-display-component---NewSite--addressDetailDetailsCity1","interaction":{"idSuffix":"inner"}},"clearTextFirst":true,"interactionType":"ENTER_TEXT"}]}
RESULT: {}
RESULT: {"script":"<script> [776 bytes]","args":[{"enterText":"Rosario","selector":{"id":"application-managesites-display-component---NewSite--addressDetailDetailsCity1","interaction":{"idSuffix":"inner"}},"clearTextFirst":true,"interactionType":"ENTER_TEXT"}]}
COMMAND: POST /session/b7ba4cc64eff0f9e2c488515e19366a0/execute/async - {"script":"<script> [1562 bytes]","args":[{"selector":{"id":"application-managesites-display-component---NewSite--addressDetailDetailsCountry-arrow"},"wdio_ui5_key":"applicationmanagesites-display-component---NewSite--addressDetailDetailsCountry-arrow"}]}
RESULT: {"script":"<script> [1562 bytes]","args":[{"selector":{"id":"application-managesites-display-component---NewSite--addressDetailDetailsCountry-arrow"},"wdio_ui5_key":"applicationmanagesites-display-component---NewSite--addressDetailDetailsCountry-arrow"}]}
RESULT: undefined
COMMAND: POST /session/b7ba4cc64eff0f9e2c488515e19366a0/element - {"using":"xpath","value":"//*[@id=\"application-managesites-display-component---NewSite--addressDetailDetailsCountry-arrow\"]"}
RESULT: {"using":"xpath","value":"//*[@id=\"application-managesites-display-component---NewSite--addressDetailDetailsCountry-arrow\"]"}
COMMAND: POST /session/b7ba4cc64eff0f9e2c488515e19366a0/element/f.C1A8CAC93E6CD690700888AD19FFBF78.d.75A5FBE1C70D5E2A64C1F1118DEC598A.e.5047/click - {}
RESULT: {}
COMMAND: POST /session/b7ba4cc64eff0f9e2c488515e19366a0/element - {"using":"xpath","value":"//span[contains(text(), \"Argentina\")]"}
COMMAND: GET /session/b7ba4cc64eff0f9e2c488515e19366a0/screenshot - {}
RESULT: {"using":"xpath","value":"//span[contains(text(), \"Argentina\")]"}
COMMAND: POST /session/b7ba4cc64eff0f9e2c488515e19366a0/element/f.C1A8CAC93E6CD690700888AD19FFBF78.d.75A5FBE1C70D5E2A64C1F1118DEC598A.e.5048/click - {}
RESULT: {}
RESULT: {}
COMMAND: GET /session/b7ba4cc64eff0f9e2c488515e19366a0/screenshot - {}
RESULT: {}
COMMAND: POST /session/b7ba4cc64eff0f9e2c488515e19366a0/execute/async - {"script":"<script> [1562 bytes]","args":[{"selector":{"id":"application-managesites-display-component---NewSite--addressEditDetailsCostObjectCstType-arrow"},"wdio_ui5_key":"applicationmanagesites-display-component---NewSite--addressEditDetailsCostObjectCstType-arrow"}]}
RESULT: {"script":"<script> [1562 bytes]","args":[{"selector":{"id":"application-managesites-display-component---NewSite--addressEditDetailsCostObjectCstType-arrow"},"wdio_ui5_key":"applicationmanagesites-display-component---NewSite--addressEditDetailsCostObjectCstType-arrow"}]}
RESULT: undefined
COMMAND: POST /session/b7ba4cc64eff0f9e2c488515e19366a0/element - {"using":"xpath","value":"//*[@id=\"application-managesites-display-component---NewSite--addressEditDetailsCostObjectCstType-arrow\"]"}
RESULT: {"using":"xpath","value":"//*[@id=\"application-managesites-display-component---NewSite--addressEditDetailsCostObjectCstType-arrow\"]"}
COMMAND: POST /session/b7ba4cc64eff0f9e2c488515e19366a0/element/f.C1A8CAC93E6CD690700888AD19FFBF78.d.75A5FBE1C70D5E2A64C1F1118DEC598A.e.5050/click - {}
RESULT: {}
COMMAND: POST /session/b7ba4cc64eff0f9e2c488515e19366a0/element - {"using":"xpath","value":"//span[contains(text(), \"Cost Center\")]"}
COMMAND: GET /session/b7ba4cc64eff0f9e2c488515e19366a0/screenshot - {}
RESULT: {"using":"xpath","value":"//span[contains(text(), \"Cost Center\")]"}
COMMAND: POST /session/b7ba4cc64eff0f9e2c488515e19366a0/element/f.C1A8CAC93E6CD690700888AD19FFBF78.d.75A5FBE1C70D5E2A64C1F1118DEC598A.e.5051/click - {}
RESULT: {}
RESULT: {}
COMMAND: GET /session/b7ba4cc64eff0f9e2c488515e19366a0/screenshot - {}
RESULT: {}
COMMAND: POST /session/b7ba4cc64eff0f9e2c488515e19366a0/element - {"using":"xpath","value":"//span[@id=\"application-managesites-display-component---NewSite--addressNewCostObjectCstID-vhi\"]"}
RESULT: {"using":"xpath","value":"//span[@id=\"application-managesites-display-component---NewSite--addressNewCostObjectCstID-vhi\"]"}
COMMAND: POST /session/b7ba4cc64eff0f9e2c488515e19366a0/execute/sync - {"script":"<script> [8489 bytes]","args":[{"element-6066-11e4-a52e-4f735466cecf":"f.C1A8CAC93E6CD690700888AD19FFBF78.d.75A5FBE1C70D5E2A64C1F1118DEC598A.e.5056","ELEMENT":"f.C1A8CAC93E6CD690700888AD19FFBF78.d.75A5FBE1C70D5E2A64C1F1118DEC598A.e.5056"}]}
RESULT: {"script":"<script> [8489 bytes]","args":[{"element-6066-11e4-a52e-4f735466cecf":"f.C1A8CAC93E6CD690700888AD19FFBF78.d.75A5FBE1C70D5E2A64C1F1118DEC598A.e.5056","ELEMENT":"f.C1A8CAC93E6CD690700888AD19FFBF78.d.75A5FBE1C70D5E2A64C1F1118DEC598A.e.5056"}]}
COMMAND: POST /session/b7ba4cc64eff0f9e2c488515e19366a0/execute/async - {"script":"<script> [1562 bytes]","args":[{"selector":{"id":"application-managesites-display-component---NewSite--addressNewCostObjectCstID-vhi"},"wdio_ui5_key":"applicationmanagesites-display-component---NewSite--addressNewCostObjectCstID-vhi"}]}
COMMAND: GET /session/b7ba4cc64eff0f9e2c488515e19366a0/screenshot - {}
RESULT: {"script":"<script> [1562 bytes]","args":[{"selector":{"id":"application-managesites-display-component---NewSite--addressNewCostObjectCstID-vhi"},"wdio_ui5_key":"applicationmanagesites-display-component---NewSite--addressNewCostObjectCstID-vhi"}]}
RESULT: undefined
COMMAND: POST /session/b7ba4cc64eff0f9e2c488515e19366a0/element - {"using":"xpath","value":"//*[@id=\"application-managesites-display-component---NewSite--addressNewCostObjectCstID-vhi\"]"}
RESULT: {}
RESULT: {"using":"xpath","value":"//*[@id=\"application-managesites-display-component---NewSite--addressNewCostObjectCstID-vhi\"]"}
COMMAND: POST /session/b7ba4cc64eff0f9e2c488515e19366a0/element/f.C1A8CAC93E6CD690700888AD19FFBF78.d.75A5FBE1C70D5E2A64C1F1118DEC598A.e.5056/click - {}
RESULT: {}
COMMAND: GET /session/b7ba4cc64eff0f9e2c488515e19366a0/screenshot - {}
RESULT: {}
RESULT: undefined
COMMAND: POST /session/b7ba4cc64eff0f9e2c488515e19366a0/execute/async - {"script":"<script> [776 bytes]","args":[{"enterText":"10001013","selector":{"controlType":"sap.m.SearchField","properties":{"placeholder":"Search"},"searchOpenDialogs":true,"interaction":{"idSuffix":"I"}},"clearTextFirst":true,"interactionType":"ENTER_TEXT"}]}
RESULT: {"script":"<script> [776 bytes]","args":[{"enterText":"10001013","selector":{"controlType":"sap.m.SearchField","properties":{"placeholder":"Search"},"searchOpenDialogs":true,"interaction":{"idSuffix":"I"}},"clearTextFirst":true,"interactionType":"ENTER_TEXT"}]}
COMMAND: POST /session/b7ba4cc64eff0f9e2c488515e19366a0/actions - {"actions":[{"id":"action15","type":"key","parameters":{},"actions":[{"type":"keyDown","value":"î€‡"},{"type":"pause","duration":10},{"type":"keyUp","value":"î€‡"}]}]}
RESULT: {"actions":[{"id":"action15","type":"key","parameters":{},"actions":[{"type":"keyDown","value":"î€‡"},{"type":"pause","duration":10},{"type":"keyUp","value":"î€‡"}]}]}
COMMAND: GET /session/b7ba4cc64eff0f9e2c488515e19366a0/screenshot - {}
RESULT: {}
COMMAND: POST /session/b7ba4cc64eff0f9e2c488515e19366a0/element - {"using":"xpath","value":"//span[contains(text(), \"General Management\")]"}
RESULT: {"using":"xpath","value":"//span[contains(text(), \"General Management\")]"}
COMMAND: POST /session/b7ba4cc64eff0f9e2c488515e19366a0/element/f.C1A8CAC93E6CD690700888AD19FFBF78.d.75A5FBE1C70D5E2A64C1F1118DEC598A.e.5096/click - {}
RESULT: {}
COMMAND: GET /session/b7ba4cc64eff0f9e2c488515e19366a0/screenshot - {}
RESULT: {}
COMMAND: POST /session/b7ba4cc64eff0f9e2c488515e19366a0/element - {"using":"xpath","value":"//bdi[contains(text(), \"OK\")]"}
RESULT: {"using":"xpath","value":"//bdi[contains(text(), \"OK\")]"}
COMMAND: POST /session/b7ba4cc64eff0f9e2c488515e19366a0/element/f.C1A8CAC93E6CD690700888AD19FFBF78.d.75A5FBE1C70D5E2A64C1F1118DEC598A.e.5097/click - {}
RESULT: {}
COMMAND: GET /session/b7ba4cc64eff0f9e2c488515e19366a0/screenshot - {}
RESULT: {}
COMMAND: POST /session/b7ba4cc64eff0f9e2c488515e19366a0/element - {"using":"xpath","value":"//input[@id=\"application-managesites-display-component---NewSite--addressDetailDetailsCalendar-inner\"]"}
RESULT: {"using":"xpath","value":"//input[@id=\"application-managesites-display-component---NewSite--addressDetailDetailsCalendar-inner\"]"}
COMMAND: POST /session/b7ba4cc64eff0f9e2c488515e19366a0/element/f.C1A8CAC93E6CD690700888AD19FFBF78.d.75A5FBE1C70D5E2A64C1F1118DEC598A.e.4842/clear - {}
RESULT: {}
COMMAND: POST /session/b7ba4cc64eff0f9e2c488515e19366a0/element/f.C1A8CAC93E6CD690700888AD19FFBF78.d.75A5FBE1C70D5E2A64C1F1118DEC598A.e.4842/value - {"text":"Unit"}
COMMAND: GET /session/b7ba4cc64eff0f9e2c488515e19366a0/screenshot - {}
RESULT: {"text":"Unit"}
COMMAND: GET /session/b7ba4cc64eff0f9e2c488515e19366a0/screenshot - {}
RESULT: {}
RESULT: {}
COMMAND: POST /session/b7ba4cc64eff0f9e2c488515e19366a0/actions - {"actions":[{"id":"action16","type":"key","parameters":{},"actions":[{"type":"keyDown","value":"î€‡"},{"type":"pause","duration":10},{"type":"keyUp","value":"î€‡"}]}]}
RESULT: {"actions":[{"id":"action16","type":"key","parameters":{},"actions":[{"type":"keyDown","value":"î€‡"},{"type":"pause","duration":10},{"type":"keyUp","value":"î€‡"}]}]}
COMMAND: POST /session/b7ba4cc64eff0f9e2c488515e19366a0/element - {"using":"xpath","value":"//input[@id=\"application-managesites-display-component---NewSite--addressDetailDetailsYard-inner\"]"}
COMMAND: GET /session/b7ba4cc64eff0f9e2c488515e19366a0/screenshot - {}
RESULT: {"using":"xpath","value":"//input[@id=\"application-managesites-display-component---NewSite--addressDetailDetailsYard-inner\"]"}
COMMAND: POST /session/b7ba4cc64eff0f9e2c488515e19366a0/element/f.C1A8CAC93E6CD690700888AD19FFBF78.d.75A5FBE1C70D5E2A64C1F1118DEC598A.e.4843/clear - {}
RESULT: {}
RESULT: {}
COMMAND: POST /session/b7ba4cc64eff0f9e2c488515e19366a0/element/f.C1A8CAC93E6CD690700888AD19FFBF78.d.75A5FBE1C70D5E2A64C1F1118DEC598A.e.4843/value - {"text":"297"}
COMMAND: GET /session/b7ba4cc64eff0f9e2c488515e19366a0/screenshot - {}
RESULT: {"text":"297"}
COMMAND: GET /session/b7ba4cc64eff0f9e2c488515e19366a0/screenshot - {}
RESULT: {}
RESULT: {}
COMMAND: POST /session/b7ba4cc64eff0f9e2c488515e19366a0/element - {"using":"xpath","value":"//li[.//span[text()='297']]"}
RESULT: {"using":"xpath","value":"//li[.//span[text()='297']]"}
COMMAND: POST /session/b7ba4cc64eff0f9e2c488515e19366a0/element/f.C1A8CAC93E6CD690700888AD19FFBF78.d.75A5FBE1C70D5E2A64C1F1118DEC598A.e.5105/click - {}
RESULT: {}
COMMAND: GET /session/b7ba4cc64eff0f9e2c488515e19366a0/screenshot - {}
RESULT: {}
COMMAND: POST /session/b7ba4cc64eff0f9e2c488515e19366a0/element - {"using":"xpath","value":"//input[@id=\"application-managesites-display-component---NewSite--addressDetailDetailsPartner-inner\"]"}
RESULT: {"using":"xpath","value":"//input[@id=\"application-managesites-display-component---NewSite--addressDetailDetailsPartner-inner\"]"}
COMMAND: POST /session/b7ba4cc64eff0f9e2c488515e19366a0/element - {"using":"xpath","value":"//input[@id=\"application-managesites-display-component---NewSite--addressDetailDetailsPartner-inner\"]"}
RESULT: {"using":"xpath","value":"//input[@id=\"application-managesites-display-component---NewSite--addressDetailDetailsPartner-inner\"]"}
COMMAND: POST /session/b7ba4cc64eff0f9e2c488515e19366a0/element - {"using":"xpath","value":"//button[@data-kt=\"saveButton\"]"}
RESULT: {"using":"xpath","value":"//button[@data-kt=\"saveButton\"]"}
COMMAND: POST /session/b7ba4cc64eff0f9e2c488515e19366a0/element/f.C1A8CAC93E6CD690700888AD19FFBF78.d.75A5FBE1C70D5E2A64C1F1118DEC598A.e.5037/click - {}
RESULT: {}
COMMAND: GET /session/b7ba4cc64eff0f9e2c488515e19366a0/screenshot - {}
RESULT: {}
COMMAND: POST /session/b7ba4cc64eff0f9e2c488515e19366a0/element - {"using":"xpath","value":"//header[contains(@id, 'ObjectPageLayout-headerTitle')]/div[1]/div[2]/div[2]/span[1]"}
RESULT: {"using":"xpath","value":"//header[contains(@id, 'ObjectPageLayout-headerTitle')]/div[1]/div[2]/div[2]/span[1]"}
COMMAND: POST /session/b7ba4cc64eff0f9e2c488515e19366a0/elements - {"using":"xpath","value":"//header[contains(@id, 'ObjectPageLayout-headerTitle')]/div[1]/div[2]/div[2]/span[1]"}
RESULT: {"using":"xpath","value":"//header[contains(@id, 'ObjectPageLayout-headerTitle')]/div[1]/div[2]/div[2]/span[1]"}
COMMAND: POST /session/b7ba4cc64eff0f9e2c488515e19366a0/execute/sync - {"script":"<script> [56 bytes]","args":[{"element-6066-11e4-a52e-4f735466cecf":"f.C1A8CAC93E6CD690700888AD19FFBF78.d.75A5FBE1C70D5E2A64C1F1118DEC598A.e.5309","ELEMENT":"f.C1A8CAC93E6CD690700888AD19FFBF78.d.75A5FBE1C70D5E2A64C1F1118DEC598A.e.5309"}]}
RESULT: {"script":"<script> [56 bytes]","args":[{"element-6066-11e4-a52e-4f735466cecf":"f.C1A8CAC93E6CD690700888AD19FFBF78.d.75A5FBE1C70D5E2A64C1F1118DEC598A.e.5309","ELEMENT":"f.C1A8CAC93E6CD690700888AD19FFBF78.d.75A5FBE1C70D5E2A64C1F1118DEC598A.e.5309"}]}
COMMAND: POST /session/b7ba4cc64eff0f9e2c488515e19366a0/element - {"using":"css selector","value":"#shell-header-logo"}
COMMAND: GET /session/b7ba4cc64eff0f9e2c488515e19366a0/screenshot - {}
RESULT: {"using":"css selector","value":"#shell-header-logo"}
COMMAND: POST /session/b7ba4cc64eff0f9e2c488515e19366a0/element/f.C1A8CAC93E6CD690700888AD19FFBF78.d.75A5FBE1C70D5E2A64C1F1118DEC598A.e.4603/click - {}
RESULT: {}
RESULT: {}
COMMAND: GET /session/b7ba4cc64eff0f9e2c488515e19366a0/screenshot - {}
RESULT: {}
COMMAND: POST /session/b7ba4cc64eff0f9e2c488515e19366a0/execute/sync - {"script":"<script> [299 bytes]","args":[["getModel","getResource"]]}
RESULT: {"script":"<script> [299 bytes]","args":[["getModel","getResource"]]}
]]></system-out>
    </testcase>
  </testsuite>
  <testsuite timestamp="2025-04-27T17:46:55" time="645.675" tests="13" failures="10" errors="10" skipped="0">
    <properties>
      <property name="specId" value="0" />
      <property name="suiteName" value="Performance based billing (work days) US139742" />
      <property name="capabilities" value="chrome.135_0_7049_96.windows" />
      <property name="file" value="file:///D:/a/1/s/test/specs/BTS/billing-performance-workdays.spec.js" />
    </properties>
    <testcase classname="chrome.135_0_7049_96.windows.Performance_based_billing_(work_days)_US139742" name="Should create a new yard" time="0.016">
      <system-out><![CDATA[
COMMAND: POST /session/b7ba4cc64eff0f9e2c488515e19366a0/window/fullscreen - {}
RESULT: {}
]]></system-out>
    </testcase>
    <testcase classname="chrome.135_0_7049_96.windows.Performance_based_billing_(work_days)_US139742" name="Should create a new partner" time="0.005" />
    <testcase classname="chrome.135_0_7049_96.windows.Performance_based_billing_(work_days)_US139742" name="Should create a new site" time="0.004" />
  </testsuite>
  <testsuite timestamp="2025-04-27T17:57:41" time="1089.357" tests="20" failures="17" errors="17" skipped="0">
    <properties>
      <property name="specId" value="0" />
      <property name="suiteName" value="Billing Calculation - Time based (considering transport times) US139738" />
      <property name="capabilities" value="chrome.135_0_7049_96.windows" />
      <property name="file" value="file:///D:/a/1/s/test/specs/BTS/billing-calculation-transp-times.spec.js" />
    </properties>
    <testcase classname="chrome.135_0_7049_96.windows.Billing_Calculation_-_Time_based_(considering_transport_times)_US139738" name="Should create a new yard" time="2.809">
      <system-out><![CDATA[
COMMAND: POST /session/b7ba4cc64eff0f9e2c488515e19366a0/window/fullscreen - {}
RESULT: {}
]]></system-out>
    </testcase>
    <testcase classname="chrome.135_0_7049_96.windows.Billing_Calculation_-_Time_based_(considering_transport_times)_US139738" name="Should create a new partner" time="0.004" />
    <testcase classname="chrome.135_0_7049_96.windows.Billing_Calculation_-_Time_based_(considering_transport_times)_US139738" name="Should create a new site" time="0.005" />
  </testsuite>
</testsuites>