<?xml version="1.0" encoding="UTF-8"?>
<testsuites tests="58" failures="31" errors="31" skipped="0">
  <testsuite timestamp="2025-06-05T17:10:49" time="987.595" tests="11" failures="5" errors="5" skipped="0">
    <properties>
      <property name="specId" value="0" />
      <property name="suiteName" value="Billing confirm US117289" />
      <property name="capabilities" value="chrome.137_0_7151_69.windows" />
      <property name="file" value="file:///D:/a/1/s/test/specs/BTS/billing-confirm.spec.js" />
    </properties>
    <testcase classname="chrome.137_0_7151_69.windows.Billing_confirm_US117289" name="Should create a new yard" time="122.717">
      <system-out><![CDATA[
COMMAND: POST /session/e486a1c8754caeb8d733034d4643631f/window/fullscreen - {}
RESULT: {}
COMMAND: POST /session/e486a1c8754caeb8d733034d4643631f/execute/async - {"script":"<script> [1562 bytes]","args":[{"selector":{"controlType":"sap.m.GenericTile","properties":{"header":"Manage Yards"}},"wdio_ui5_key":"sapm.GenericTile{\"header\":\"Manage Yards\"}"}]}
RESULT: {"script":"<script> [1562 bytes]","args":[{"selector":{"controlType":"sap.m.GenericTile","properties":{"header":"Manage Yards"}},"wdio_ui5_key":"sapm.GenericTile{\"header\":\"Manage Yards\"}"}]}
RESULT: undefined
COMMAND: POST /session/e486a1c8754caeb8d733034d4643631f/element - {"using":"xpath","value":"//*[@id=\"__tile41\"]"}
RESULT: {"using":"xpath","value":"//*[@id=\"__tile41\"]"}
COMMAND: POST /session/e486a1c8754caeb8d733034d4643631f/element/f.1A55FC214BCDC1A6E941175A5A5DD598.d.4D72DA063A7DD70E43526D2F9A5E61CC.e.155/click - {}
RESULT: {}
COMMAND: GET /session/e486a1c8754caeb8d733034d4643631f/screenshot - {}
RESULT: {}
COMMAND: POST /session/e486a1c8754caeb8d733034d4643631f/elements - {"using":"xpath","value":"//span[text()='Error']"}
RESULT: {"using":"xpath","value":"//span[text()='Error']"}
COMMAND: POST /session/e486a1c8754caeb8d733034d4643631f/element - {"using":"xpath","value":"//button[@data-kt=\"addNewYardOverflowToolbarButton\"]"}
RESULT: {"using":"xpath","value":"//button[@data-kt=\"addNewYardOverflowToolbarButton\"]"}
COMMAND: POST /session/e486a1c8754caeb8d733034d4643631f/elements - {"using":"xpath","value":"//button[@data-kt=\"addNewYardOverflowToolbarButton\"]"}
RESULT: {"using":"xpath","value":"//button[@data-kt=\"addNewYardOverflowToolbarButton\"]"}
COMMAND: POST /session/e486a1c8754caeb8d733034d4643631f/execute/sync - {"script":"<script> [8489 bytes]","args":[{"element-6066-11e4-a52e-4f735466cecf":"f.1A55FC214BCDC1A6E941175A5A5DD598.d.4D72DA063A7DD70E43526D2F9A5E61CC.e.302","ELEMENT":"f.1A55FC214BCDC1A6E941175A5A5DD598.d.4D72DA063A7DD70E43526D2F9A5E61CC.e.302"}]}
RESULT: {"script":"<script> [8489 bytes]","args":[{"element-6066-11e4-a52e-4f735466cecf":"f.1A55FC214BCDC1A6E941175A5A5DD598.d.4D72DA063A7DD70E43526D2F9A5E61CC.e.302","ELEMENT":"f.1A55FC214BCDC1A6E941175A5A5DD598.d.4D72DA063A7DD70E43526D2F9A5E61CC.e.302"}]}
COMMAND: GET /session/e486a1c8754caeb8d733034d4643631f/element/f.1A55FC214BCDC1A6E941175A5A5DD598.d.4D72DA063A7DD70E43526D2F9A5E61CC.e.302/enabled - {}
COMMAND: GET /session/e486a1c8754caeb8d733034d4643631f/screenshot - {}
RESULT: {}
COMMAND: POST /session/e486a1c8754caeb8d733034d4643631f/execute/sync - {"script":"<script> [8489 bytes]","args":[{"element-6066-11e4-a52e-4f735466cecf":"f.1A55FC214BCDC1A6E941175A5A5DD598.d.4D72DA063A7DD70E43526D2F9A5E61CC.e.302","ELEMENT":"f.1A55FC214BCDC1A6E941175A5A5DD598.d.4D72DA063A7DD70E43526D2F9A5E61CC.e.302"}]}
COMMAND: GET /session/e486a1c8754caeb8d733034d4643631f/screenshot - {}
RESULT: {}
RESULT: {"script":"<script> [8489 bytes]","args":[{"element-6066-11e4-a52e-4f735466cecf":"f.1A55FC214BCDC1A6E941175A5A5DD598.d.4D72DA063A7DD70E43526D2F9A5E61CC.e.302","ELEMENT":"f.1A55FC214BCDC1A6E941175A5A5DD598.d.4D72DA063A7DD70E43526D2F9A5E61CC.e.302"}]}
COMMAND: POST /session/e486a1c8754caeb8d733034d4643631f/execute/sync - {"script":"<script> [5351 bytes]","args":[{"element-6066-11e4-a52e-4f735466cecf":"f.1A55FC214BCDC1A6E941175A5A5DD598.d.4D72DA063A7DD70E43526D2F9A5E61CC.e.302","ELEMENT":"f.1A55FC214BCDC1A6E941175A5A5DD598.d.4D72DA063A7DD70E43526D2F9A5E61CC.e.302"}]}
COMMAND: GET /session/e486a1c8754caeb8d733034d4643631f/screenshot - {}
RESULT: {}
RESULT: {"script":"<script> [5351 bytes]","args":[{"element-6066-11e4-a52e-4f735466cecf":"f.1A55FC214BCDC1A6E941175A5A5DD598.d.4D72DA063A7DD70E43526D2F9A5E61CC.e.302","ELEMENT":"f.1A55FC214BCDC1A6E941175A5A5DD598.d.4D72DA063A7DD70E43526D2F9A5E61CC.e.302"}]}
COMMAND: POST /session/e486a1c8754caeb8d733034d4643631f/element/f.1A55FC214BCDC1A6E941175A5A5DD598.d.4D72DA063A7DD70E43526D2F9A5E61CC.e.302/click - {}
COMMAND: GET /session/e486a1c8754caeb8d733034d4643631f/screenshot - {}
RESULT: {}
RESULT: {}
COMMAND: GET /session/e486a1c8754caeb8d733034d4643631f/screenshot - {}
COMMAND: POST /session/e486a1c8754caeb8d733034d4643631f/element - {"using":"xpath","value":"//input[@id=\"application-manageyards-display-component---NewYard--yardId-inner\"]"}
RESULT: {}
RESULT: {}
RESULT: {"using":"xpath","value":"//input[@id=\"application-manageyards-display-component---NewYard--yardId-inner\"]"}
COMMAND: POST /session/e486a1c8754caeb8d733034d4643631f/element - {"using":"xpath","value":"//input[@id=\"application-manageyards-display-component---NewYard--yardId-inner\"]"}
RESULT: {"using":"xpath","value":"//input[@id=\"application-manageyards-display-component---NewYard--yardId-inner\"]"}
COMMAND: POST /session/e486a1c8754caeb8d733034d4643631f/execute/async - {"script":"<script> [1562 bytes]","args":[{"selector":{"id":"application-manageyards-display-component---NewYard--addressDetailDetailsName1","interaction":{"idSuffix":"inner"}},"wdio_ui5_key":"applicationmanageyards-display-component---NewYard--addressDetailDetailsName1"}]}
RESULT: {"script":"<script> [1562 bytes]","args":[{"selector":{"id":"application-manageyards-display-component---NewYard--addressDetailDetailsName1","interaction":{"idSuffix":"inner"}},"wdio_ui5_key":"applicationmanageyards-display-component---NewYard--addressDetailDetailsName1"}]}
RESULT: undefined
COMMAND: POST /session/e486a1c8754caeb8d733034d4643631f/execute/async - {"script":"<script> [776 bytes]","args":[{"enterText":"Intracompany Yard wdIO","selector":{"id":"application-manageyards-display-component---NewYard--addressDetailDetailsName1","interaction":{"idSuffix":"inner"}},"clearTextFirst":true,"interactionType":"ENTER_TEXT"}]}
RESULT: {"script":"<script> [776 bytes]","args":[{"enterText":"Intracompany Yard wdIO","selector":{"id":"application-manageyards-display-component---NewYard--addressDetailDetailsName1","interaction":{"idSuffix":"inner"}},"clearTextFirst":true,"interactionType":"ENTER_TEXT"}]}
COMMAND: POST /session/e486a1c8754caeb8d733034d4643631f/execute/async - {"script":"<script> [1562 bytes]","args":[{"selector":{"id":"application-manageyards-display-component---NewYard--addressDetailDetailsLanguage-arrow"},"wdio_ui5_key":"applicationmanageyards-display-component---NewYard--addressDetailDetailsLanguage-arrow"}]}
RESULT: {"script":"<script> [1562 bytes]","args":[{"selector":{"id":"application-manageyards-display-component---NewYard--addressDetailDetailsLanguage-arrow"},"wdio_ui5_key":"applicationmanageyards-display-component---NewYard--addressDetailDetailsLanguage-arrow"}]}
RESULT: undefined
COMMAND: POST /session/e486a1c8754caeb8d733034d4643631f/element - {"using":"xpath","value":"//*[@id=\"application-manageyards-display-component---NewYard--addressDetailDetailsLanguage-arrow\"]"}
RESULT: {"using":"xpath","value":"//*[@id=\"application-manageyards-display-component---NewYard--addressDetailDetailsLanguage-arrow\"]"}
COMMAND: POST /session/e486a1c8754caeb8d733034d4643631f/element/f.1A55FC214BCDC1A6E941175A5A5DD598.d.4D72DA063A7DD70E43526D2F9A5E61CC.e.720/click - {}
RESULT: {}
COMMAND: POST /session/e486a1c8754caeb8d733034d4643631f/element - {"using":"xpath","value":"//span[contains(text(), \"English\")]"}
COMMAND: GET /session/e486a1c8754caeb8d733034d4643631f/screenshot - {}
RESULT: {"using":"xpath","value":"//span[contains(text(), \"English\")]"}
COMMAND: POST /session/e486a1c8754caeb8d733034d4643631f/element/f.1A55FC214BCDC1A6E941175A5A5DD598.d.4D72DA063A7DD70E43526D2F9A5E61CC.e.721/click - {}
RESULT: {}
RESULT: {}
COMMAND: POST /session/e486a1c8754caeb8d733034d4643631f/execute/async - {"script":"<script> [1562 bytes]","args":[{"selector":{"id":"application-manageyards-display-component---NewYard--addressDetailDetailsCity1","interaction":{"idSuffix":"inner"}},"wdio_ui5_key":"applicationmanageyards-display-component---NewYard--addressDetailDetailsCity1"}]}
COMMAND: GET /session/e486a1c8754caeb8d733034d4643631f/screenshot - {}
RESULT: {"script":"<script> [1562 bytes]","args":[{"selector":{"id":"application-manageyards-display-component---NewYard--addressDetailDetailsCity1","interaction":{"idSuffix":"inner"}},"wdio_ui5_key":"applicationmanageyards-display-component---NewYard--addressDetailDetailsCity1"}]}
RESULT: undefined
COMMAND: POST /session/e486a1c8754caeb8d733034d4643631f/execute/async - {"script":"<script> [776 bytes]","args":[{"enterText":"Rosario","selector":{"id":"application-manageyards-display-component---NewYard--addressDetailDetailsCity1","interaction":{"idSuffix":"inner"}},"clearTextFirst":true,"interactionType":"ENTER_TEXT"}]}
RESULT: {}
RESULT: {"script":"<script> [776 bytes]","args":[{"enterText":"Rosario","selector":{"id":"application-manageyards-display-component---NewYard--addressDetailDetailsCity1","interaction":{"idSuffix":"inner"}},"clearTextFirst":true,"interactionType":"ENTER_TEXT"}]}
COMMAND: POST /session/e486a1c8754caeb8d733034d4643631f/execute/async - {"script":"<script> [1562 bytes]","args":[{"selector":{"id":"application-manageyards-display-component---NewYard--addressDetailDetailsCountry-arrow"},"wdio_ui5_key":"applicationmanageyards-display-component---NewYard--addressDetailDetailsCountry-arrow"}]}
RESULT: {"script":"<script> [1562 bytes]","args":[{"selector":{"id":"application-manageyards-display-component---NewYard--addressDetailDetailsCountry-arrow"},"wdio_ui5_key":"applicationmanageyards-display-component---NewYard--addressDetailDetailsCountry-arrow"}]}
RESULT: undefined
COMMAND: POST /session/e486a1c8754caeb8d733034d4643631f/element - {"using":"xpath","value":"//*[@id=\"application-manageyards-display-component---NewYard--addressDetailDetailsCountry-arrow\"]"}
RESULT: {"using":"xpath","value":"//*[@id=\"application-manageyards-display-component---NewYard--addressDetailDetailsCountry-arrow\"]"}
COMMAND: POST /session/e486a1c8754caeb8d733034d4643631f/element/f.1A55FC214BCDC1A6E941175A5A5DD598.d.4D72DA063A7DD70E43526D2F9A5E61CC.e.723/click - {}
RESULT: {}
COMMAND: POST /session/e486a1c8754caeb8d733034d4643631f/element - {"using":"xpath","value":"//span[contains(text(), \"Argentina\")]"}
COMMAND: GET /session/e486a1c8754caeb8d733034d4643631f/screenshot - {}
RESULT: {"using":"xpath","value":"//span[contains(text(), \"Argentina\")]"}
COMMAND: POST /session/e486a1c8754caeb8d733034d4643631f/element/f.1A55FC214BCDC1A6E941175A5A5DD598.d.4D72DA063A7DD70E43526D2F9A5E61CC.e.724/click - {}
RESULT: {}
RESULT: {}
COMMAND: POST /session/e486a1c8754caeb8d733034d4643631f/execute/async - {"script":"<script> [1562 bytes]","args":[{"selector":{"id":"application-manageyards-display-component---NewYard--addressEditDetailsCostObjectCstType-arrow"},"wdio_ui5_key":"applicationmanageyards-display-component---NewYard--addressEditDetailsCostObjectCstType-arrow"}]}
COMMAND: GET /session/e486a1c8754caeb8d733034d4643631f/screenshot - {}
RESULT: {"script":"<script> [1562 bytes]","args":[{"selector":{"id":"application-manageyards-display-component---NewYard--addressEditDetailsCostObjectCstType-arrow"},"wdio_ui5_key":"applicationmanageyards-display-component---NewYard--addressEditDetailsCostObjectCstType-arrow"}]}
RESULT: undefined
COMMAND: POST /session/e486a1c8754caeb8d733034d4643631f/element - {"using":"xpath","value":"//*[@id=\"application-manageyards-display-component---NewYard--addressEditDetailsCostObjectCstType-arrow\"]"}
RESULT: {}
RESULT: {"using":"xpath","value":"//*[@id=\"application-manageyards-display-component---NewYard--addressEditDetailsCostObjectCstType-arrow\"]"}
COMMAND: POST /session/e486a1c8754caeb8d733034d4643631f/element/f.1A55FC214BCDC1A6E941175A5A5DD598.d.4D72DA063A7DD70E43526D2F9A5E61CC.e.725/click - {}
RESULT: {}
COMMAND: POST /session/e486a1c8754caeb8d733034d4643631f/element - {"using":"xpath","value":"//span[contains(text(), \"Cost Center\")]"}
COMMAND: GET /session/e486a1c8754caeb8d733034d4643631f/screenshot - {}
RESULT: {"using":"xpath","value":"//span[contains(text(), \"Cost Center\")]"}
COMMAND: POST /session/e486a1c8754caeb8d733034d4643631f/element/f.1A55FC214BCDC1A6E941175A5A5DD598.d.4D72DA063A7DD70E43526D2F9A5E61CC.e.726/click - {}
RESULT: {}
RESULT: {}
COMMAND: GET /session/e486a1c8754caeb8d733034d4643631f/screenshot - {}
RESULT: {}
COMMAND: POST /session/e486a1c8754caeb8d733034d4643631f/element - {"using":"xpath","value":"//span[@id=\"application-manageyards-display-component---NewYard--addressNewCostObjectCstID-vhi\"]"}
RESULT: {"using":"xpath","value":"//span[@id=\"application-manageyards-display-component---NewYard--addressNewCostObjectCstID-vhi\"]"}
COMMAND: POST /session/e486a1c8754caeb8d733034d4643631f/execute/sync - {"script":"<script> [8489 bytes]","args":[{"element-6066-11e4-a52e-4f735466cecf":"f.1A55FC214BCDC1A6E941175A5A5DD598.d.4D72DA063A7DD70E43526D2F9A5E61CC.e.730","ELEMENT":"f.1A55FC214BCDC1A6E941175A5A5DD598.d.4D72DA063A7DD70E43526D2F9A5E61CC.e.730"}]}
RESULT: {"script":"<script> [8489 bytes]","args":[{"element-6066-11e4-a52e-4f735466cecf":"f.1A55FC214BCDC1A6E941175A5A5DD598.d.4D72DA063A7DD70E43526D2F9A5E61CC.e.730","ELEMENT":"f.1A55FC214BCDC1A6E941175A5A5DD598.d.4D72DA063A7DD70E43526D2F9A5E61CC.e.730"}]}
COMMAND: POST /session/e486a1c8754caeb8d733034d4643631f/execute/async - {"script":"<script> [1562 bytes]","args":[{"selector":{"id":"application-manageyards-display-component---NewYard--addressNewCostObjectCstID-vhi"},"wdio_ui5_key":"applicationmanageyards-display-component---NewYard--addressNewCostObjectCstID-vhi"}]}
COMMAND: GET /session/e486a1c8754caeb8d733034d4643631f/screenshot - {}
RESULT: {"script":"<script> [1562 bytes]","args":[{"selector":{"id":"application-manageyards-display-component---NewYard--addressNewCostObjectCstID-vhi"},"wdio_ui5_key":"applicationmanageyards-display-component---NewYard--addressNewCostObjectCstID-vhi"}]}
RESULT: undefined
COMMAND: POST /session/e486a1c8754caeb8d733034d4643631f/element - {"using":"xpath","value":"//*[@id=\"application-manageyards-display-component---NewYard--addressNewCostObjectCstID-vhi\"]"}
RESULT: {}
RESULT: {"using":"xpath","value":"//*[@id=\"application-manageyards-display-component---NewYard--addressNewCostObjectCstID-vhi\"]"}
COMMAND: POST /session/e486a1c8754caeb8d733034d4643631f/element/f.1A55FC214BCDC1A6E941175A5A5DD598.d.4D72DA063A7DD70E43526D2F9A5E61CC.e.730/click - {}
RESULT: {}
COMMAND: GET /session/e486a1c8754caeb8d733034d4643631f/screenshot - {}
RESULT: {}
COMMAND: POST /session/e486a1c8754caeb8d733034d4643631f/execute/async - {"script":"<script> [1562 bytes]","args":[{"selector":{"controlType":"sap.m.SearchField","properties":{"placeholder":"Search"},"searchOpenDialogs":true,"interaction":{"idSuffix":"I"}},"wdio_ui5_key":"sapm.SearchField{\"placeholder\":\"Search\"}"}]}
RESULT: {"script":"<script> [1562 bytes]","args":[{"selector":{"controlType":"sap.m.SearchField","properties":{"placeholder":"Search"},"searchOpenDialogs":true,"interaction":{"idSuffix":"I"}},"wdio_ui5_key":"sapm.SearchField{\"placeholder\":\"Search\"}"}]}
RESULT: undefined
COMMAND: POST /session/e486a1c8754caeb8d733034d4643631f/execute/async - {"script":"<script> [776 bytes]","args":[{"enterText":"bauh_b","selector":{"controlType":"sap.m.SearchField","properties":{"placeholder":"Search"},"searchOpenDialogs":true,"interaction":{"idSuffix":"I"}},"clearTextFirst":true,"interactionType":"ENTER_TEXT"}]}
RESULT: {"script":"<script> [776 bytes]","args":[{"enterText":"bauh_b","selector":{"controlType":"sap.m.SearchField","properties":{"placeholder":"Search"},"searchOpenDialogs":true,"interaction":{"idSuffix":"I"}},"clearTextFirst":true,"interactionType":"ENTER_TEXT"}]}
COMMAND: POST /session/e486a1c8754caeb8d733034d4643631f/actions - {"actions":[{"id":"action1","type":"key","parameters":{},"actions":[{"type":"keyDown","value":"î€‡"},{"type":"pause","duration":10},{"type":"keyUp","value":"î€‡"}]}]}
RESULT: {"actions":[{"id":"action1","type":"key","parameters":{},"actions":[{"type":"keyDown","value":"î€‡"},{"type":"pause","duration":10},{"type":"keyUp","value":"î€‡"}]}]}
COMMAND: GET /session/e486a1c8754caeb8d733034d4643631f/screenshot - {}
RESULT: {}
COMMAND: POST /session/e486a1c8754caeb8d733034d4643631f/element - {"using":"xpath","value":"//span[contains(text(), \"Demo Yard\")]"}
RESULT: {"using":"xpath","value":"//span[contains(text(), \"Demo Yard\")]"}
COMMAND: POST /session/e486a1c8754caeb8d733034d4643631f/element/f.1A55FC214BCDC1A6E941175A5A5DD598.d.4D72DA063A7DD70E43526D2F9A5E61CC.e.770/click - {}
RESULT: {}
COMMAND: GET /session/e486a1c8754caeb8d733034d4643631f/screenshot - {}
RESULT: {}
COMMAND: POST /session/e486a1c8754caeb8d733034d4643631f/element - {"using":"xpath","value":"//bdi[contains(text(), \"OK\")]"}
RESULT: {"using":"xpath","value":"//bdi[contains(text(), \"OK\")]"}
COMMAND: POST /session/e486a1c8754caeb8d733034d4643631f/element/f.1A55FC214BCDC1A6E941175A5A5DD598.d.4D72DA063A7DD70E43526D2F9A5E61CC.e.771/click - {}
RESULT: {}
COMMAND: GET /session/e486a1c8754caeb8d733034d4643631f/screenshot - {}
RESULT: {}
COMMAND: POST /session/e486a1c8754caeb8d733034d4643631f/execute/async - {"script":"<script> [1562 bytes]","args":[{"selector":{"id":"application-manageyards-display-component---NewYard--addressEditDetailsCurrency-arrow"},"wdio_ui5_key":"applicationmanageyards-display-component---NewYard--addressEditDetailsCurrency-arrow"}]}
RESULT: {"script":"<script> [1562 bytes]","args":[{"selector":{"id":"application-manageyards-display-component---NewYard--addressEditDetailsCurrency-arrow"},"wdio_ui5_key":"applicationmanageyards-display-component---NewYard--addressEditDetailsCurrency-arrow"}]}
RESULT: undefined
COMMAND: POST /session/e486a1c8754caeb8d733034d4643631f/element - {"using":"xpath","value":"//*[@id=\"application-manageyards-display-component---NewYard--addressEditDetailsCurrency-arrow\"]"}
RESULT: {"using":"xpath","value":"//*[@id=\"application-manageyards-display-component---NewYard--addressEditDetailsCurrency-arrow\"]"}
COMMAND: POST /session/e486a1c8754caeb8d733034d4643631f/element/f.1A55FC214BCDC1A6E941175A5A5DD598.d.4D72DA063A7DD70E43526D2F9A5E61CC.e.774/click - {}
RESULT: {}
COMMAND: POST /session/e486a1c8754caeb8d733034d4643631f/element - {"using":"xpath","value":"//span[contains(text(), \"Euro\")]"}
COMMAND: GET /session/e486a1c8754caeb8d733034d4643631f/screenshot - {}
RESULT: {"using":"xpath","value":"//span[contains(text(), \"Euro\")]"}
COMMAND: POST /session/e486a1c8754caeb8d733034d4643631f/element/f.1A55FC214BCDC1A6E941175A5A5DD598.d.4D72DA063A7DD70E43526D2F9A5E61CC.e.775/click - {}
RESULT: {}
RESULT: {}
COMMAND: POST /session/e486a1c8754caeb8d733034d4643631f/execute/async - {"script":"<script> [1562 bytes]","args":[{"selector":{"controlType":"sap.m.Input","viewName":"etm.portal.ui.manageyards.view.New","viewId":"application-manageyards-display-component---NewYard","bindingPath":{"path":"","propertyPath":"/CONTROLLING_AREA","modelName":"NewYardModel"},"interaction":{"idSuffix":"inner"}},"wdio_ui5_key":"etmportal.ui.manageyards.view.Newsap.m.Input{\"path\":\"\",\"propertyPath\":\"/CONTROLLING_AREA\",\"modelName\":\"NewYardModel\"}"}]}
COMMAND: GET /session/e486a1c8754caeb8d733034d4643631f/screenshot - {}
RESULT: {"script":"<script> [1562 bytes]","args":[{"selector":{"controlType":"sap.m.Input","viewName":"etm.portal.ui.manageyards.view.New","viewId":"application-manageyards-display-component---NewYard","bindingPath":{"path":"","propertyPath":"/CONTROLLING_AREA","modelName":"NewYardModel"},"interaction":{"idSuffix":"inner"}},"wdio_ui5_key":"etmportal.ui.manageyards.view.Newsap.m.Input{\"path\":\"\",\"propertyPath\":\"/CONTROLLING_AREA\",\"modelName\":\"NewYardModel\"}"}]}
RESULT: undefined
COMMAND: POST /session/e486a1c8754caeb8d733034d4643631f/execute/async - {"script":"<script> [776 bytes]","args":[{"enterText":"Z001","selector":{"controlType":"sap.m.Input","viewName":"etm.portal.ui.manageyards.view.New","viewId":"application-manageyards-display-component---NewYard","bindingPath":{"path":"","propertyPath":"/CONTROLLING_AREA","modelName":"NewYardModel"},"interaction":{"idSuffix":"inner"}},"clearTextFirst":true,"interactionType":"ENTER_TEXT"}]}
RESULT: {}
RESULT: {"script":"<script> [776 bytes]","args":[{"enterText":"Z001","selector":{"controlType":"sap.m.Input","viewName":"etm.portal.ui.manageyards.view.New","viewId":"application-manageyards-display-component---NewYard","bindingPath":{"path":"","propertyPath":"/CONTROLLING_AREA","modelName":"NewYardModel"},"interaction":{"idSuffix":"inner"}},"clearTextFirst":true,"interactionType":"ENTER_TEXT"}]}
COMMAND: POST /session/e486a1c8754caeb8d733034d4643631f/execute/async - {"script":"<script> [1562 bytes]","args":[{"selector":{"id":"application-manageyards-display-component---NewYard--companyCodeComboBox","interaction":{"idSuffix":"inner"}},"wdio_ui5_key":"applicationmanageyards-display-component---NewYard--companyCodeComboBox"}]}
RESULT: {"script":"<script> [1562 bytes]","args":[{"selector":{"id":"application-manageyards-display-component---NewYard--companyCodeComboBox","interaction":{"idSuffix":"inner"}},"wdio_ui5_key":"applicationmanageyards-display-component---NewYard--companyCodeComboBox"}]}
RESULT: undefined
COMMAND: POST /session/e486a1c8754caeb8d733034d4643631f/execute/async - {"script":"<script> [776 bytes]","args":[{"enterText":"1000","selector":{"id":"application-manageyards-display-component---NewYard--companyCodeComboBox","interaction":{"idSuffix":"inner"}},"clearTextFirst":true,"interactionType":"ENTER_TEXT"}]}
RESULT: {"script":"<script> [776 bytes]","args":[{"enterText":"1000","selector":{"id":"application-manageyards-display-component---NewYard--companyCodeComboBox","interaction":{"idSuffix":"inner"}},"clearTextFirst":true,"interactionType":"ENTER_TEXT"}]}
COMMAND: POST /session/e486a1c8754caeb8d733034d4643631f/execute/async - {"script":"<script> [1562 bytes]","args":[{"selector":{"controlType":"sap.m.Input","viewName":"etm.portal.ui.manageyards.view.New","viewId":"application-manageyards-display-component---NewYard","bindingPath":{"path":"","propertyPath":"/PLANT","modelName":"NewYardModel"},"interaction":{"idSuffix":"inner"}},"wdio_ui5_key":"etmportal.ui.manageyards.view.Newsap.m.Input{\"path\":\"\",\"propertyPath\":\"/PLANT\",\"modelName\":\"NewYardModel\"}"}]}
RESULT: {"script":"<script> [1562 bytes]","args":[{"selector":{"controlType":"sap.m.Input","viewName":"etm.portal.ui.manageyards.view.New","viewId":"application-manageyards-display-component---NewYard","bindingPath":{"path":"","propertyPath":"/PLANT","modelName":"NewYardModel"},"interaction":{"idSuffix":"inner"}},"wdio_ui5_key":"etmportal.ui.manageyards.view.Newsap.m.Input{\"path\":\"\",\"propertyPath\":\"/PLANT\",\"modelName\":\"NewYardModel\"}"}]}
RESULT: undefined
COMMAND: POST /session/e486a1c8754caeb8d733034d4643631f/execute/async - {"script":"<script> [776 bytes]","args":[{"enterText":"1001","selector":{"controlType":"sap.m.Input","viewName":"etm.portal.ui.manageyards.view.New","viewId":"application-manageyards-display-component---NewYard","bindingPath":{"path":"","propertyPath":"/PLANT","modelName":"NewYardModel"},"interaction":{"idSuffix":"inner"}},"clearTextFirst":true,"interactionType":"ENTER_TEXT"}]}
RESULT: {"script":"<script> [776 bytes]","args":[{"enterText":"1001","selector":{"controlType":"sap.m.Input","viewName":"etm.portal.ui.manageyards.view.New","viewId":"application-manageyards-display-component---NewYard","bindingPath":{"path":"","propertyPath":"/PLANT","modelName":"NewYardModel"},"interaction":{"idSuffix":"inner"}},"clearTextFirst":true,"interactionType":"ENTER_TEXT"}]}
COMMAND: POST /session/e486a1c8754caeb8d733034d4643631f/execute/async - {"script":"<script> [1562 bytes]","args":[{"selector":{"controlType":"sap.m.Input","viewName":"etm.portal.ui.manageyards.view.New","viewId":"application-manageyards-display-component---NewYard","bindingPath":{"path":"","propertyPath":"/SALES_AREA_VKORG","modelName":"NewYardModel"},"interaction":{"idSuffix":"inner"}},"wdio_ui5_key":"etmportal.ui.manageyards.view.Newsap.m.Input{\"path\":\"\",\"propertyPath\":\"/SALES_AREA_VKORG\",\"modelName\":\"NewYardModel\"}"}]}
RESULT: {"script":"<script> [1562 bytes]","args":[{"selector":{"controlType":"sap.m.Input","viewName":"etm.portal.ui.manageyards.view.New","viewId":"application-manageyards-display-component---NewYard","bindingPath":{"path":"","propertyPath":"/SALES_AREA_VKORG","modelName":"NewYardModel"},"interaction":{"idSuffix":"inner"}},"wdio_ui5_key":"etmportal.ui.manageyards.view.Newsap.m.Input{\"path\":\"\",\"propertyPath\":\"/SALES_AREA_VKORG\",\"modelName\":\"NewYardModel\"}"}]}
RESULT: undefined
COMMAND: POST /session/e486a1c8754caeb8d733034d4643631f/execute/async - {"script":"<script> [776 bytes]","args":[{"enterText":"C002","selector":{"controlType":"sap.m.Input","viewName":"etm.portal.ui.manageyards.view.New","viewId":"application-manageyards-display-component---NewYard","bindingPath":{"path":"","propertyPath":"/SALES_AREA_VKORG","modelName":"NewYardModel"},"interaction":{"idSuffix":"inner"}},"clearTextFirst":true,"interactionType":"ENTER_TEXT"}]}
RESULT: {"script":"<script> [776 bytes]","args":[{"enterText":"C002","selector":{"controlType":"sap.m.Input","viewName":"etm.portal.ui.manageyards.view.New","viewId":"application-manageyards-display-component---NewYard","bindingPath":{"path":"","propertyPath":"/SALES_AREA_VKORG","modelName":"NewYardModel"},"interaction":{"idSuffix":"inner"}},"clearTextFirst":true,"interactionType":"ENTER_TEXT"}]}
COMMAND: POST /session/e486a1c8754caeb8d733034d4643631f/execute/async - {"script":"<script> [1562 bytes]","args":[{"selector":{"controlType":"sap.m.Input","viewName":"etm.portal.ui.manageyards.view.New","viewId":"application-manageyards-display-component---NewYard","bindingPath":{"path":"","propertyPath":"/SALES_AREA_VTWEG","modelName":"NewYardModel"},"interaction":{"idSuffix":"inner"}},"wdio_ui5_key":"etmportal.ui.manageyards.view.Newsap.m.Input{\"path\":\"\",\"propertyPath\":\"/SALES_AREA_VTWEG\",\"modelName\":\"NewYardModel\"}"}]}
RESULT: {"script":"<script> [1562 bytes]","args":[{"selector":{"controlType":"sap.m.Input","viewName":"etm.portal.ui.manageyards.view.New","viewId":"application-manageyards-display-component---NewYard","bindingPath":{"path":"","propertyPath":"/SALES_AREA_VTWEG","modelName":"NewYardModel"},"interaction":{"idSuffix":"inner"}},"wdio_ui5_key":"etmportal.ui.manageyards.view.Newsap.m.Input{\"path\":\"\",\"propertyPath\":\"/SALES_AREA_VTWEG\",\"modelName\":\"NewYardModel\"}"}]}
RESULT: undefined
COMMAND: POST /session/e486a1c8754caeb8d733034d4643631f/execute/async - {"script":"<script> [776 bytes]","args":[{"enterText":"C2","selector":{"controlType":"sap.m.Input","viewName":"etm.portal.ui.manageyards.view.New","viewId":"application-manageyards-display-component---NewYard","bindingPath":{"path":"","propertyPath":"/SALES_AREA_VTWEG","modelName":"NewYardModel"},"interaction":{"idSuffix":"inner"}},"clearTextFirst":true,"interactionType":"ENTER_TEXT"}]}
RESULT: {"script":"<script> [776 bytes]","args":[{"enterText":"C2","selector":{"controlType":"sap.m.Input","viewName":"etm.portal.ui.manageyards.view.New","viewId":"application-manageyards-display-component---NewYard","bindingPath":{"path":"","propertyPath":"/SALES_AREA_VTWEG","modelName":"NewYardModel"},"interaction":{"idSuffix":"inner"}},"clearTextFirst":true,"interactionType":"ENTER_TEXT"}]}
COMMAND: POST /session/e486a1c8754caeb8d733034d4643631f/execute/async - {"script":"<script> [1562 bytes]","args":[{"selector":{"controlType":"sap.m.Input","viewName":"etm.portal.ui.manageyards.view.New","viewId":"application-manageyards-display-component---NewYard","bindingPath":{"path":"","propertyPath":"/SALES_AREA_SPART","modelName":"NewYardModel"},"interaction":{"idSuffix":"inner"}},"wdio_ui5_key":"etmportal.ui.manageyards.view.Newsap.m.Input{\"path\":\"\",\"propertyPath\":\"/SALES_AREA_SPART\",\"modelName\":\"NewYardModel\"}"}]}
RESULT: {"script":"<script> [1562 bytes]","args":[{"selector":{"controlType":"sap.m.Input","viewName":"etm.portal.ui.manageyards.view.New","viewId":"application-manageyards-display-component---NewYard","bindingPath":{"path":"","propertyPath":"/SALES_AREA_SPART","modelName":"NewYardModel"},"interaction":{"idSuffix":"inner"}},"wdio_ui5_key":"etmportal.ui.manageyards.view.Newsap.m.Input{\"path\":\"\",\"propertyPath\":\"/SALES_AREA_SPART\",\"modelName\":\"NewYardModel\"}"}]}
RESULT: undefined
COMMAND: POST /session/e486a1c8754caeb8d733034d4643631f/execute/async - {"script":"<script> [776 bytes]","args":[{"enterText":"C2","selector":{"controlType":"sap.m.Input","viewName":"etm.portal.ui.manageyards.view.New","viewId":"application-manageyards-display-component---NewYard","bindingPath":{"path":"","propertyPath":"/SALES_AREA_SPART","modelName":"NewYardModel"},"interaction":{"idSuffix":"inner"}},"clearTextFirst":true,"interactionType":"ENTER_TEXT"}]}
RESULT: {"script":"<script> [776 bytes]","args":[{"enterText":"C2","selector":{"controlType":"sap.m.Input","viewName":"etm.portal.ui.manageyards.view.New","viewId":"application-manageyards-display-component---NewYard","bindingPath":{"path":"","propertyPath":"/SALES_AREA_SPART","modelName":"NewYardModel"},"interaction":{"idSuffix":"inner"}},"clearTextFirst":true,"interactionType":"ENTER_TEXT"}]}
COMMAND: POST /session/e486a1c8754caeb8d733034d4643631f/execute/async - {"script":"<script> [1562 bytes]","args":[{"selector":{"controlType":"sap.m.Input","viewName":"etm.portal.ui.manageyards.view.New","viewId":"application-manageyards-display-component---NewYard","bindingPath":{"path":"","propertyPath":"/SHIP_POINT","modelName":"NewYardModel"},"interaction":{"idSuffix":"inner"}},"wdio_ui5_key":"etmportal.ui.manageyards.view.Newsap.m.Input{\"path\":\"\",\"propertyPath\":\"/SHIP_POINT\",\"modelName\":\"NewYardModel\"}"}]}
RESULT: {"script":"<script> [1562 bytes]","args":[{"selector":{"controlType":"sap.m.Input","viewName":"etm.portal.ui.manageyards.view.New","viewId":"application-manageyards-display-component---NewYard","bindingPath":{"path":"","propertyPath":"/SHIP_POINT","modelName":"NewYardModel"},"interaction":{"idSuffix":"inner"}},"wdio_ui5_key":"etmportal.ui.manageyards.view.Newsap.m.Input{\"path\":\"\",\"propertyPath\":\"/SHIP_POINT\",\"modelName\":\"NewYardModel\"}"}]}
RESULT: undefined
COMMAND: POST /session/e486a1c8754caeb8d733034d4643631f/execute/async - {"script":"<script> [776 bytes]","args":[{"enterText":"1710","selector":{"controlType":"sap.m.Input","viewName":"etm.portal.ui.manageyards.view.New","viewId":"application-manageyards-display-component---NewYard","bindingPath":{"path":"","propertyPath":"/SHIP_POINT","modelName":"NewYardModel"},"interaction":{"idSuffix":"inner"}},"clearTextFirst":true,"interactionType":"ENTER_TEXT"}]}
RESULT: {"script":"<script> [776 bytes]","args":[{"enterText":"1710","selector":{"controlType":"sap.m.Input","viewName":"etm.portal.ui.manageyards.view.New","viewId":"application-manageyards-display-component---NewYard","bindingPath":{"path":"","propertyPath":"/SHIP_POINT","modelName":"NewYardModel"},"interaction":{"idSuffix":"inner"}},"clearTextFirst":true,"interactionType":"ENTER_TEXT"}]}
COMMAND: POST /session/e486a1c8754caeb8d733034d4643631f/execute/async - {"script":"<script> [1562 bytes]","args":[{"selector":{"controlType":"sap.m.Input","viewName":"etm.portal.ui.manageyards.view.New","viewId":"application-manageyards-display-component---NewYard","bindingPath":{"path":"","propertyPath":"/DELIVERY_TYPE","modelName":"NewYardModel"},"interaction":{"idSuffix":"inner"}},"wdio_ui5_key":"etmportal.ui.manageyards.view.Newsap.m.Input{\"path\":\"\",\"propertyPath\":\"/DELIVERY_TYPE\",\"modelName\":\"NewYardModel\"}"}]}
RESULT: {"script":"<script> [1562 bytes]","args":[{"selector":{"controlType":"sap.m.Input","viewName":"etm.portal.ui.manageyards.view.New","viewId":"application-manageyards-display-component---NewYard","bindingPath":{"path":"","propertyPath":"/DELIVERY_TYPE","modelName":"NewYardModel"},"interaction":{"idSuffix":"inner"}},"wdio_ui5_key":"etmportal.ui.manageyards.view.Newsap.m.Input{\"path\":\"\",\"propertyPath\":\"/DELIVERY_TYPE\",\"modelName\":\"NewYardModel\"}"}]}
RESULT: undefined
COMMAND: POST /session/e486a1c8754caeb8d733034d4643631f/execute/async - {"script":"<script> [776 bytes]","args":[{"enterText":"ZL01","selector":{"controlType":"sap.m.Input","viewName":"etm.portal.ui.manageyards.view.New","viewId":"application-manageyards-display-component---NewYard","bindingPath":{"path":"","propertyPath":"/DELIVERY_TYPE","modelName":"NewYardModel"},"interaction":{"idSuffix":"inner"}},"clearTextFirst":true,"interactionType":"ENTER_TEXT"}]}
RESULT: {"script":"<script> [776 bytes]","args":[{"enterText":"ZL01","selector":{"controlType":"sap.m.Input","viewName":"etm.portal.ui.manageyards.view.New","viewId":"application-manageyards-display-component---NewYard","bindingPath":{"path":"","propertyPath":"/DELIVERY_TYPE","modelName":"NewYardModel"},"interaction":{"idSuffix":"inner"}},"clearTextFirst":true,"interactionType":"ENTER_TEXT"}]}
COMMAND: POST /session/e486a1c8754caeb8d733034d4643631f/execute/async - {"script":"<script> [1562 bytes]","args":[{"selector":{"controlType":"sap.m.Input","viewName":"etm.portal.ui.manageyards.view.New","viewId":"application-manageyards-display-component---NewYard","bindingPath":{"path":"","propertyPath":"/AUART","modelName":"NewYardModel"},"interaction":{"idSuffix":"inner"}},"wdio_ui5_key":"etmportal.ui.manageyards.view.Newsap.m.Input{\"path\":\"\",\"propertyPath\":\"/AUART\",\"modelName\":\"NewYardModel\"}"}]}
RESULT: {"script":"<script> [1562 bytes]","args":[{"selector":{"controlType":"sap.m.Input","viewName":"etm.portal.ui.manageyards.view.New","viewId":"application-manageyards-display-component---NewYard","bindingPath":{"path":"","propertyPath":"/AUART","modelName":"NewYardModel"},"interaction":{"idSuffix":"inner"}},"wdio_ui5_key":"etmportal.ui.manageyards.view.Newsap.m.Input{\"path\":\"\",\"propertyPath\":\"/AUART\",\"modelName\":\"NewYardModel\"}"}]}
RESULT: undefined
COMMAND: POST /session/e486a1c8754caeb8d733034d4643631f/execute/async - {"script":"<script> [776 bytes]","args":[{"enterText":"TA","selector":{"controlType":"sap.m.Input","viewName":"etm.portal.ui.manageyards.view.New","viewId":"application-manageyards-display-component---NewYard","bindingPath":{"path":"","propertyPath":"/AUART","modelName":"NewYardModel"},"interaction":{"idSuffix":"inner"}},"clearTextFirst":true,"interactionType":"ENTER_TEXT"}]}
RESULT: {"script":"<script> [776 bytes]","args":[{"enterText":"TA","selector":{"controlType":"sap.m.Input","viewName":"etm.portal.ui.manageyards.view.New","viewId":"application-manageyards-display-component---NewYard","bindingPath":{"path":"","propertyPath":"/AUART","modelName":"NewYardModel"},"interaction":{"idSuffix":"inner"}},"clearTextFirst":true,"interactionType":"ENTER_TEXT"}]}
COMMAND: POST /session/e486a1c8754caeb8d733034d4643631f/element - {"using":"xpath","value":"//button[@data-kt=\"newYardSaveButton\"]"}
RESULT: {"using":"xpath","value":"//button[@data-kt=\"newYardSaveButton\"]"}
COMMAND: POST /session/e486a1c8754caeb8d733034d4643631f/element/f.1A55FC214BCDC1A6E941175A5A5DD598.d.4D72DA063A7DD70E43526D2F9A5E61CC.e.688/click - {}
RESULT: {}
COMMAND: GET /session/e486a1c8754caeb8d733034d4643631f/screenshot - {}
RESULT: {}
COMMAND: POST /session/e486a1c8754caeb8d733034d4643631f/element - {"using":"xpath","value":"//header[contains(@id, 'ObjectPageLayout-headerTitle')]/div[1]/div[2]/div[1]/span[1]"}
RESULT: {"using":"xpath","value":"//header[contains(@id, 'ObjectPageLayout-headerTitle')]/div[1]/div[2]/div[1]/span[1]"}
COMMAND: POST /session/e486a1c8754caeb8d733034d4643631f/elements - {"using":"xpath","value":"//header[contains(@id, 'ObjectPageLayout-headerTitle')]/div[1]/div[2]/div[1]/span[1]"}
RESULT: {"using":"xpath","value":"//header[contains(@id, 'ObjectPageLayout-headerTitle')]/div[1]/div[2]/div[1]/span[1]"}
COMMAND: POST /session/e486a1c8754caeb8d733034d4643631f/execute/sync - {"script":"<script> [56 bytes]","args":[{"element-6066-11e4-a52e-4f735466cecf":"f.1A55FC214BCDC1A6E941175A5A5DD598.d.4D72DA063A7DD70E43526D2F9A5E61CC.e.1001","ELEMENT":"f.1A55FC214BCDC1A6E941175A5A5DD598.d.4D72DA063A7DD70E43526D2F9A5E61CC.e.1001"}]}
RESULT: {"script":"<script> [56 bytes]","args":[{"element-6066-11e4-a52e-4f735466cecf":"f.1A55FC214BCDC1A6E941175A5A5DD598.d.4D72DA063A7DD70E43526D2F9A5E61CC.e.1001","ELEMENT":"f.1A55FC214BCDC1A6E941175A5A5DD598.d.4D72DA063A7DD70E43526D2F9A5E61CC.e.1001"}]}
COMMAND: GET /session/e486a1c8754caeb8d733034d4643631f/screenshot - {}
RESULT: {}
COMMAND: POST /session/e486a1c8754caeb8d733034d4643631f/element - {"using":"css selector","value":"#shell-header-logo"}
RESULT: {"using":"css selector","value":"#shell-header-logo"}
COMMAND: POST /session/e486a1c8754caeb8d733034d4643631f/element/f.1A55FC214BCDC1A6E941175A5A5DD598.d.4D72DA063A7DD70E43526D2F9A5E61CC.e.259/click - {}
RESULT: {}
COMMAND: GET /session/e486a1c8754caeb8d733034d4643631f/screenshot - {}
RESULT: {}
COMMAND: POST /session/e486a1c8754caeb8d733034d4643631f/execute/sync - {"script":"<script> [299 bytes]","args":[["getModel","getResource"]]}
RESULT: {"script":"<script> [299 bytes]","args":[["getModel","getResource"]]}
COMMAND: GET /session/e486a1c8754caeb8d733034d4643631f/screenshot - {}
]]></system-out>
    </testcase>
    <testcase classname="chrome.137_0_7151_69.windows.Billing_confirm_US117289" name="Should create a new partner" time="130.745">
      <system-out><![CDATA[
COMMAND: POST /session/e486a1c8754caeb8d733034d4643631f/window/fullscreen - {}
RESULT: {}
RESULT: {}
COMMAND: POST /session/e486a1c8754caeb8d733034d4643631f/execute/async - {"script":"<script> [1562 bytes]","args":[{"selector":{"controlType":"sap.m.GenericTile","properties":{"header":"Manage Partners"}},"wdio_ui5_key":"sapm.GenericTile{\"header\":\"Manage Partners\"}"}]}
RESULT: {"script":"<script> [1562 bytes]","args":[{"selector":{"controlType":"sap.m.GenericTile","properties":{"header":"Manage Partners"}},"wdio_ui5_key":"sapm.GenericTile{\"header\":\"Manage Partners\"}"}]}
RESULT: undefined
COMMAND: POST /session/e486a1c8754caeb8d733034d4643631f/element - {"using":"xpath","value":"//*[@id=\"__tile38\"]"}
RESULT: {"using":"xpath","value":"//*[@id=\"__tile38\"]"}
COMMAND: POST /session/e486a1c8754caeb8d733034d4643631f/element/f.1A55FC214BCDC1A6E941175A5A5DD598.d.4D72DA063A7DD70E43526D2F9A5E61CC.e.146/click - {}
RESULT: {}
COMMAND: GET /session/e486a1c8754caeb8d733034d4643631f/screenshot - {}
RESULT: {}
COMMAND: POST /session/e486a1c8754caeb8d733034d4643631f/elements - {"using":"xpath","value":"//span[text()='Error']"}
RESULT: {"using":"xpath","value":"//span[text()='Error']"}
COMMAND: POST /session/e486a1c8754caeb8d733034d4643631f/element - {"using":"xpath","value":"//button[@data-kt=\"addButton\"]"}
RESULT: {"using":"xpath","value":"//button[@data-kt=\"addButton\"]"}
COMMAND: POST /session/e486a1c8754caeb8d733034d4643631f/elements - {"using":"xpath","value":"//button[@data-kt=\"addButton\"]"}
RESULT: {"using":"xpath","value":"//button[@data-kt=\"addButton\"]"}
COMMAND: POST /session/e486a1c8754caeb8d733034d4643631f/execute/sync - {"script":"<script> [8489 bytes]","args":[{"element-6066-11e4-a52e-4f735466cecf":"f.1A55FC214BCDC1A6E941175A5A5DD598.d.4D72DA063A7DD70E43526D2F9A5E61CC.e.1050","ELEMENT":"f.1A55FC214BCDC1A6E941175A5A5DD598.d.4D72DA063A7DD70E43526D2F9A5E61CC.e.1050"}]}
RESULT: {"script":"<script> [8489 bytes]","args":[{"element-6066-11e4-a52e-4f735466cecf":"f.1A55FC214BCDC1A6E941175A5A5DD598.d.4D72DA063A7DD70E43526D2F9A5E61CC.e.1050","ELEMENT":"f.1A55FC214BCDC1A6E941175A5A5DD598.d.4D72DA063A7DD70E43526D2F9A5E61CC.e.1050"}]}
COMMAND: GET /session/e486a1c8754caeb8d733034d4643631f/element/f.1A55FC214BCDC1A6E941175A5A5DD598.d.4D72DA063A7DD70E43526D2F9A5E61CC.e.1050/enabled - {}
COMMAND: GET /session/e486a1c8754caeb8d733034d4643631f/screenshot - {}
RESULT: {}
COMMAND: POST /session/e486a1c8754caeb8d733034d4643631f/execute/sync - {"script":"<script> [8489 bytes]","args":[{"element-6066-11e4-a52e-4f735466cecf":"f.1A55FC214BCDC1A6E941175A5A5DD598.d.4D72DA063A7DD70E43526D2F9A5E61CC.e.1050","ELEMENT":"f.1A55FC214BCDC1A6E941175A5A5DD598.d.4D72DA063A7DD70E43526D2F9A5E61CC.e.1050"}]}
COMMAND: GET /session/e486a1c8754caeb8d733034d4643631f/screenshot - {}
RESULT: {}
RESULT: {"script":"<script> [8489 bytes]","args":[{"element-6066-11e4-a52e-4f735466cecf":"f.1A55FC214BCDC1A6E941175A5A5DD598.d.4D72DA063A7DD70E43526D2F9A5E61CC.e.1050","ELEMENT":"f.1A55FC214BCDC1A6E941175A5A5DD598.d.4D72DA063A7DD70E43526D2F9A5E61CC.e.1050"}]}
COMMAND: POST /session/e486a1c8754caeb8d733034d4643631f/execute/sync - {"script":"<script> [5351 bytes]","args":[{"element-6066-11e4-a52e-4f735466cecf":"f.1A55FC214BCDC1A6E941175A5A5DD598.d.4D72DA063A7DD70E43526D2F9A5E61CC.e.1050","ELEMENT":"f.1A55FC214BCDC1A6E941175A5A5DD598.d.4D72DA063A7DD70E43526D2F9A5E61CC.e.1050"}]}
COMMAND: GET /session/e486a1c8754caeb8d733034d4643631f/screenshot - {}
RESULT: {}
RESULT: {}
RESULT: {"script":"<script> [5351 bytes]","args":[{"element-6066-11e4-a52e-4f735466cecf":"f.1A55FC214BCDC1A6E941175A5A5DD598.d.4D72DA063A7DD70E43526D2F9A5E61CC.e.1050","ELEMENT":"f.1A55FC214BCDC1A6E941175A5A5DD598.d.4D72DA063A7DD70E43526D2F9A5E61CC.e.1050"}]}
COMMAND: POST /session/e486a1c8754caeb8d733034d4643631f/element/f.1A55FC214BCDC1A6E941175A5A5DD598.d.4D72DA063A7DD70E43526D2F9A5E61CC.e.1050/click - {}
COMMAND: GET /session/e486a1c8754caeb8d733034d4643631f/screenshot - {}
RESULT: {}
COMMAND: GET /session/e486a1c8754caeb8d733034d4643631f/screenshot - {}
COMMAND: POST /session/e486a1c8754caeb8d733034d4643631f/execute/async - {"script":"<script> [1562 bytes]","args":[{"selector":{"id":"application-managepartners-display-component---NewPartner--addressDetailDetailsName1","interaction":{"idSuffix":"inner"}},"wdio_ui5_key":"applicationmanagepartners-display-component---NewPartner--addressDetailDetailsName1"}]}
RESULT: {}
RESULT: {}
RESULT: {"script":"<script> [1562 bytes]","args":[{"selector":{"id":"application-managepartners-display-component---NewPartner--addressDetailDetailsName1","interaction":{"idSuffix":"inner"}},"wdio_ui5_key":"applicationmanagepartners-display-component---NewPartner--addressDetailDetailsName1"}]}
RESULT: undefined
COMMAND: POST /session/e486a1c8754caeb8d733034d4643631f/execute/async - {"script":"<script> [776 bytes]","args":[{"enterText":"Intracompany Partner WDIO","selector":{"id":"application-managepartners-display-component---NewPartner--addressDetailDetailsName1","interaction":{"idSuffix":"inner"}},"clearTextFirst":true,"interactionType":"ENTER_TEXT"}]}
RESULT: {"script":"<script> [776 bytes]","args":[{"enterText":"Intracompany Partner WDIO","selector":{"id":"application-managepartners-display-component---NewPartner--addressDetailDetailsName1","interaction":{"idSuffix":"inner"}},"clearTextFirst":true,"interactionType":"ENTER_TEXT"}]}
COMMAND: POST /session/e486a1c8754caeb8d733034d4643631f/execute/async - {"script":"<script> [1562 bytes]","args":[{"selector":{"id":"application-managepartners-display-component---NewPartner--addressDetailDetailsLanguage-arrow"},"wdio_ui5_key":"applicationmanagepartners-display-component---NewPartner--addressDetailDetailsLanguage-arrow"}]}
RESULT: {"script":"<script> [1562 bytes]","args":[{"selector":{"id":"application-managepartners-display-component---NewPartner--addressDetailDetailsLanguage-arrow"},"wdio_ui5_key":"applicationmanagepartners-display-component---NewPartner--addressDetailDetailsLanguage-arrow"}]}
RESULT: undefined
COMMAND: POST /session/e486a1c8754caeb8d733034d4643631f/element - {"using":"xpath","value":"//*[@id=\"application-managepartners-display-component---NewPartner--addressDetailDetailsLanguage-arrow\"]"}
RESULT: {"using":"xpath","value":"//*[@id=\"application-managepartners-display-component---NewPartner--addressDetailDetailsLanguage-arrow\"]"}
COMMAND: POST /session/e486a1c8754caeb8d733034d4643631f/element/f.1A55FC214BCDC1A6E941175A5A5DD598.d.4D72DA063A7DD70E43526D2F9A5E61CC.e.1497/click - {}
RESULT: {}
COMMAND: POST /session/e486a1c8754caeb8d733034d4643631f/element - {"using":"xpath","value":"//span[contains(text(), \"English\")]"}
COMMAND: GET /session/e486a1c8754caeb8d733034d4643631f/screenshot - {}
RESULT: {"using":"xpath","value":"//span[contains(text(), \"English\")]"}
COMMAND: POST /session/e486a1c8754caeb8d733034d4643631f/element/f.1A55FC214BCDC1A6E941175A5A5DD598.d.4D72DA063A7DD70E43526D2F9A5E61CC.e.1498/click - {}
RESULT: {}
RESULT: {}
COMMAND: GET /session/e486a1c8754caeb8d733034d4643631f/screenshot - {}
RESULT: {}
COMMAND: POST /session/e486a1c8754caeb8d733034d4643631f/execute/async - {"script":"<script> [1562 bytes]","args":[{"selector":{"id":"application-managepartners-display-component---NewPartner--addressDetailDetailsCity1","interaction":{"idSuffix":"inner"}},"wdio_ui5_key":"applicationmanagepartners-display-component---NewPartner--addressDetailDetailsCity1"}]}
RESULT: {"script":"<script> [1562 bytes]","args":[{"selector":{"id":"application-managepartners-display-component---NewPartner--addressDetailDetailsCity1","interaction":{"idSuffix":"inner"}},"wdio_ui5_key":"applicationmanagepartners-display-component---NewPartner--addressDetailDetailsCity1"}]}
RESULT: undefined
COMMAND: POST /session/e486a1c8754caeb8d733034d4643631f/execute/async - {"script":"<script> [776 bytes]","args":[{"enterText":"Rosario","selector":{"id":"application-managepartners-display-component---NewPartner--addressDetailDetailsCity1","interaction":{"idSuffix":"inner"}},"clearTextFirst":true,"interactionType":"ENTER_TEXT"}]}
RESULT: {"script":"<script> [776 bytes]","args":[{"enterText":"Rosario","selector":{"id":"application-managepartners-display-component---NewPartner--addressDetailDetailsCity1","interaction":{"idSuffix":"inner"}},"clearTextFirst":true,"interactionType":"ENTER_TEXT"}]}
COMMAND: POST /session/e486a1c8754caeb8d733034d4643631f/execute/async - {"script":"<script> [1562 bytes]","args":[{"selector":{"id":"application-managepartners-display-component---NewPartner--addressDetailDetailsCountry-arrow"},"wdio_ui5_key":"applicationmanagepartners-display-component---NewPartner--addressDetailDetailsCountry-arrow"}]}
RESULT: {"script":"<script> [1562 bytes]","args":[{"selector":{"id":"application-managepartners-display-component---NewPartner--addressDetailDetailsCountry-arrow"},"wdio_ui5_key":"applicationmanagepartners-display-component---NewPartner--addressDetailDetailsCountry-arrow"}]}
RESULT: undefined
COMMAND: POST /session/e486a1c8754caeb8d733034d4643631f/element - {"using":"xpath","value":"//*[@id=\"application-managepartners-display-component---NewPartner--addressDetailDetailsCountry-arrow\"]"}
RESULT: {"using":"xpath","value":"//*[@id=\"application-managepartners-display-component---NewPartner--addressDetailDetailsCountry-arrow\"]"}
COMMAND: POST /session/e486a1c8754caeb8d733034d4643631f/element/f.1A55FC214BCDC1A6E941175A5A5DD598.d.4D72DA063A7DD70E43526D2F9A5E61CC.e.1484/click - {}
RESULT: {}
COMMAND: POST /session/e486a1c8754caeb8d733034d4643631f/element - {"using":"xpath","value":"//span[contains(text(), \"Argentina\")]"}
COMMAND: GET /session/e486a1c8754caeb8d733034d4643631f/screenshot - {}
RESULT: {"using":"xpath","value":"//span[contains(text(), \"Argentina\")]"}
COMMAND: POST /session/e486a1c8754caeb8d733034d4643631f/element/f.1A55FC214BCDC1A6E941175A5A5DD598.d.4D72DA063A7DD70E43526D2F9A5E61CC.e.1500/click - {}
RESULT: {}
RESULT: {}
COMMAND: GET /session/e486a1c8754caeb8d733034d4643631f/screenshot - {}
RESULT: {}
COMMAND: POST /session/e486a1c8754caeb8d733034d4643631f/element - {"using":"xpath","value":"//bdi[contains(text(), \"Commercial\")]"}
RESULT: {"using":"xpath","value":"//bdi[contains(text(), \"Commercial\")]"}
COMMAND: POST /session/e486a1c8754caeb8d733034d4643631f/element/f.1A55FC214BCDC1A6E941175A5A5DD598.d.4D72DA063A7DD70E43526D2F9A5E61CC.e.1501/click - {}
RESULT: {}
COMMAND: GET /session/e486a1c8754caeb8d733034d4643631f/screenshot - {}
RESULT: {}
COMMAND: POST /session/e486a1c8754caeb8d733034d4643631f/execute/async - {"script":"<script> [1562 bytes]","args":[{"selector":{"id":"application-managepartners-display-component---NewPartner--partnerDetailInternal-arrow"},"wdio_ui5_key":"applicationmanagepartners-display-component---NewPartner--partnerDetailInternal-arrow"}]}
RESULT: {"script":"<script> [1562 bytes]","args":[{"selector":{"id":"application-managepartners-display-component---NewPartner--partnerDetailInternal-arrow"},"wdio_ui5_key":"applicationmanagepartners-display-component---NewPartner--partnerDetailInternal-arrow"}]}
RESULT: undefined
COMMAND: POST /session/e486a1c8754caeb8d733034d4643631f/element - {"using":"xpath","value":"//*[@id=\"application-managepartners-display-component---NewPartner--partnerDetailInternal-arrow\"]"}
RESULT: {"using":"xpath","value":"//*[@id=\"application-managepartners-display-component---NewPartner--partnerDetailInternal-arrow\"]"}
COMMAND: POST /session/e486a1c8754caeb8d733034d4643631f/element/f.1A55FC214BCDC1A6E941175A5A5DD598.d.4D72DA063A7DD70E43526D2F9A5E61CC.e.1505/click - {}
RESULT: {}
COMMAND: POST /session/e486a1c8754caeb8d733034d4643631f/element - {"using":"xpath","value":"//span[contains(text(), \"Affiliated company\")]"}
COMMAND: GET /session/e486a1c8754caeb8d733034d4643631f/screenshot - {}
RESULT: {"using":"xpath","value":"//span[contains(text(), \"Affiliated company\")]"}
COMMAND: POST /session/e486a1c8754caeb8d733034d4643631f/element/f.1A55FC214BCDC1A6E941175A5A5DD598.d.4D72DA063A7DD70E43526D2F9A5E61CC.e.1509/click - {}
RESULT: {}
RESULT: {}
COMMAND: POST /session/e486a1c8754caeb8d733034d4643631f/execute/async - {"script":"<script> [1562 bytes]","args":[{"selector":{"id":"application-managepartners-display-component---NewPartner--partnerDetailsCurrency-arrow"},"wdio_ui5_key":"applicationmanagepartners-display-component---NewPartner--partnerDetailsCurrency-arrow"}]}
COMMAND: GET /session/e486a1c8754caeb8d733034d4643631f/screenshot - {}
RESULT: {"script":"<script> [1562 bytes]","args":[{"selector":{"id":"application-managepartners-display-component---NewPartner--partnerDetailsCurrency-arrow"},"wdio_ui5_key":"applicationmanagepartners-display-component---NewPartner--partnerDetailsCurrency-arrow"}]}
RESULT: undefined
COMMAND: POST /session/e486a1c8754caeb8d733034d4643631f/element - {"using":"xpath","value":"//*[@id=\"application-managepartners-display-component---NewPartner--partnerDetailsCurrency-arrow\"]"}
RESULT: {}
RESULT: {"using":"xpath","value":"//*[@id=\"application-managepartners-display-component---NewPartner--partnerDetailsCurrency-arrow\"]"}
COMMAND: POST /session/e486a1c8754caeb8d733034d4643631f/element/f.1A55FC214BCDC1A6E941175A5A5DD598.d.4D72DA063A7DD70E43526D2F9A5E61CC.e.1516/click - {}
RESULT: {}
COMMAND: POST /session/e486a1c8754caeb8d733034d4643631f/element - {"using":"xpath","value":"//span[contains(text(), \"Euro\")]"}
COMMAND: GET /session/e486a1c8754caeb8d733034d4643631f/screenshot - {}
RESULT: {"using":"xpath","value":"//span[contains(text(), \"Euro\")]"}
COMMAND: POST /session/e486a1c8754caeb8d733034d4643631f/element/f.1A55FC214BCDC1A6E941175A5A5DD598.d.4D72DA063A7DD70E43526D2F9A5E61CC.e.1517/click - {}
RESULT: {}
RESULT: {}
COMMAND: POST /session/e486a1c8754caeb8d733034d4643631f/execute/async - {"script":"<script> [1562 bytes]","args":[{"selector":{"id":"application-managepartners-display-component---NewPartner--addressEditDetailsCostObjectCstType-arrow"},"wdio_ui5_key":"applicationmanagepartners-display-component---NewPartner--addressEditDetailsCostObjectCstType-arrow"}]}
COMMAND: GET /session/e486a1c8754caeb8d733034d4643631f/screenshot - {}
RESULT: {"script":"<script> [1562 bytes]","args":[{"selector":{"id":"application-managepartners-display-component---NewPartner--addressEditDetailsCostObjectCstType-arrow"},"wdio_ui5_key":"applicationmanagepartners-display-component---NewPartner--addressEditDetailsCostObjectCstType-arrow"}]}
RESULT: undefined
COMMAND: POST /session/e486a1c8754caeb8d733034d4643631f/element - {"using":"xpath","value":"//*[@id=\"application-managepartners-display-component---NewPartner--addressEditDetailsCostObjectCstType-arrow\"]"}
RESULT: {}
RESULT: {"using":"xpath","value":"//*[@id=\"application-managepartners-display-component---NewPartner--addressEditDetailsCostObjectCstType-arrow\"]"}
COMMAND: POST /session/e486a1c8754caeb8d733034d4643631f/element/f.1A55FC214BCDC1A6E941175A5A5DD598.d.4D72DA063A7DD70E43526D2F9A5E61CC.e.1518/click - {}
RESULT: {}
COMMAND: POST /session/e486a1c8754caeb8d733034d4643631f/element - {"using":"xpath","value":"//span[contains(text(), \"Cost Center\")]"}
COMMAND: GET /session/e486a1c8754caeb8d733034d4643631f/screenshot - {}
RESULT: {"using":"xpath","value":"//span[contains(text(), \"Cost Center\")]"}
COMMAND: POST /session/e486a1c8754caeb8d733034d4643631f/element/f.1A55FC214BCDC1A6E941175A5A5DD598.d.4D72DA063A7DD70E43526D2F9A5E61CC.e.1519/click - {}
RESULT: {}
RESULT: {}
COMMAND: GET /session/e486a1c8754caeb8d733034d4643631f/screenshot - {}
RESULT: {}
COMMAND: POST /session/e486a1c8754caeb8d733034d4643631f/element - {"using":"xpath","value":"//span[@id=\"application-managepartners-display-component---NewPartner--addressNewCostObjectCstID-vhi\"]"}
RESULT: {"using":"xpath","value":"//span[@id=\"application-managepartners-display-component---NewPartner--addressNewCostObjectCstID-vhi\"]"}
COMMAND: POST /session/e486a1c8754caeb8d733034d4643631f/execute/sync - {"script":"<script> [8489 bytes]","args":[{"element-6066-11e4-a52e-4f735466cecf":"f.1A55FC214BCDC1A6E941175A5A5DD598.d.4D72DA063A7DD70E43526D2F9A5E61CC.e.1523","ELEMENT":"f.1A55FC214BCDC1A6E941175A5A5DD598.d.4D72DA063A7DD70E43526D2F9A5E61CC.e.1523"}]}
RESULT: {"script":"<script> [8489 bytes]","args":[{"element-6066-11e4-a52e-4f735466cecf":"f.1A55FC214BCDC1A6E941175A5A5DD598.d.4D72DA063A7DD70E43526D2F9A5E61CC.e.1523","ELEMENT":"f.1A55FC214BCDC1A6E941175A5A5DD598.d.4D72DA063A7DD70E43526D2F9A5E61CC.e.1523"}]}
COMMAND: POST /session/e486a1c8754caeb8d733034d4643631f/execute/async - {"script":"<script> [1562 bytes]","args":[{"selector":{"id":"application-managepartners-display-component---NewPartner--addressNewCostObjectCstID-vhi"},"wdio_ui5_key":"applicationmanagepartners-display-component---NewPartner--addressNewCostObjectCstID-vhi"}]}
COMMAND: GET /session/e486a1c8754caeb8d733034d4643631f/screenshot - {}
RESULT: {"script":"<script> [1562 bytes]","args":[{"selector":{"id":"application-managepartners-display-component---NewPartner--addressNewCostObjectCstID-vhi"},"wdio_ui5_key":"applicationmanagepartners-display-component---NewPartner--addressNewCostObjectCstID-vhi"}]}
RESULT: undefined
COMMAND: POST /session/e486a1c8754caeb8d733034d4643631f/element - {"using":"xpath","value":"//*[@id=\"application-managepartners-display-component---NewPartner--addressNewCostObjectCstID-vhi\"]"}
RESULT: {}
RESULT: {"using":"xpath","value":"//*[@id=\"application-managepartners-display-component---NewPartner--addressNewCostObjectCstID-vhi\"]"}
COMMAND: POST /session/e486a1c8754caeb8d733034d4643631f/element/f.1A55FC214BCDC1A6E941175A5A5DD598.d.4D72DA063A7DD70E43526D2F9A5E61CC.e.1523/click - {}
RESULT: {}
COMMAND: GET /session/e486a1c8754caeb8d733034d4643631f/screenshot - {}
RESULT: {}
RESULT: undefined
COMMAND: POST /session/e486a1c8754caeb8d733034d4643631f/execute/async - {"script":"<script> [776 bytes]","args":[{"enterText":"10001013","selector":{"controlType":"sap.m.SearchField","properties":{"placeholder":"Search"},"searchOpenDialogs":true,"interaction":{"idSuffix":"I"}},"clearTextFirst":true,"interactionType":"ENTER_TEXT"}]}
RESULT: {"script":"<script> [776 bytes]","args":[{"enterText":"10001013","selector":{"controlType":"sap.m.SearchField","properties":{"placeholder":"Search"},"searchOpenDialogs":true,"interaction":{"idSuffix":"I"}},"clearTextFirst":true,"interactionType":"ENTER_TEXT"}]}
COMMAND: POST /session/e486a1c8754caeb8d733034d4643631f/actions - {"actions":[{"id":"action2","type":"key","parameters":{},"actions":[{"type":"keyDown","value":"î€‡"},{"type":"pause","duration":10},{"type":"keyUp","value":"î€‡"}]}]}
RESULT: {"actions":[{"id":"action2","type":"key","parameters":{},"actions":[{"type":"keyDown","value":"î€‡"},{"type":"pause","duration":10},{"type":"keyUp","value":"î€‡"}]}]}
COMMAND: GET /session/e486a1c8754caeb8d733034d4643631f/screenshot - {}
RESULT: {}
COMMAND: POST /session/e486a1c8754caeb8d733034d4643631f/element - {"using":"xpath","value":"//span[contains(text(), \"General Management\")]"}
RESULT: {"using":"xpath","value":"//span[contains(text(), \"General Management\")]"}
COMMAND: POST /session/e486a1c8754caeb8d733034d4643631f/element/f.1A55FC214BCDC1A6E941175A5A5DD598.d.4D72DA063A7DD70E43526D2F9A5E61CC.e.1563/click - {}
RESULT: {}
COMMAND: GET /session/e486a1c8754caeb8d733034d4643631f/screenshot - {}
RESULT: {}
COMMAND: POST /session/e486a1c8754caeb8d733034d4643631f/element - {"using":"xpath","value":"//bdi[contains(text(), \"OK\")]"}
RESULT: {"using":"xpath","value":"//bdi[contains(text(), \"OK\")]"}
COMMAND: POST /session/e486a1c8754caeb8d733034d4643631f/element/f.1A55FC214BCDC1A6E941175A5A5DD598.d.4D72DA063A7DD70E43526D2F9A5E61CC.e.1564/click - {}
RESULT: {}
COMMAND: GET /session/e486a1c8754caeb8d733034d4643631f/screenshot - {}
RESULT: {}
COMMAND: POST /session/e486a1c8754caeb8d733034d4643631f/element - {"using":"xpath","value":"//input[@id=\"application-managepartners-display-component---NewPartner--companyCodeComboBox-inner\"]"}
RESULT: {"using":"xpath","value":"//input[@id=\"application-managepartners-display-component---NewPartner--companyCodeComboBox-inner\"]"}
COMMAND: POST /session/e486a1c8754caeb8d733034d4643631f/element/f.1A55FC214BCDC1A6E941175A5A5DD598.d.4D72DA063A7DD70E43526D2F9A5E61CC.e.1352/clear - {}
RESULT: {}
COMMAND: POST /session/e486a1c8754caeb8d733034d4643631f/element/f.1A55FC214BCDC1A6E941175A5A5DD598.d.4D72DA063A7DD70E43526D2F9A5E61CC.e.1352/value - {"text":"1000"}
COMMAND: GET /session/e486a1c8754caeb8d733034d4643631f/screenshot - {}
RESULT: {"text":"1000"}
COMMAND: GET /session/e486a1c8754caeb8d733034d4643631f/screenshot - {}
RESULT: {}
RESULT: {}
COMMAND: POST /session/e486a1c8754caeb8d733034d4643631f/element - {"using":"xpath","value":"//li[.//span[text()= \"1000\"]]"}
RESULT: {"using":"xpath","value":"//li[.//span[text()= \"1000\"]]"}
COMMAND: POST /session/e486a1c8754caeb8d733034d4643631f/element/f.1A55FC214BCDC1A6E941175A5A5DD598.d.4D72DA063A7DD70E43526D2F9A5E61CC.e.1570/click - {}
RESULT: {}
COMMAND: GET /session/e486a1c8754caeb8d733034d4643631f/screenshot - {}
RESULT: {}
COMMAND: POST /session/e486a1c8754caeb8d733034d4643631f/execute/async - {"script":"<script> [1562 bytes]","args":[{"selector":{"id":"application-managepartners-display-component---NewPartner--btnAddTableRow-img"},"wdio_ui5_key":"applicationmanagepartners-display-component---NewPartner--btnAddTableRow-img"}]}
RESULT: {"script":"<script> [1562 bytes]","args":[{"selector":{"id":"application-managepartners-display-component---NewPartner--btnAddTableRow-img"},"wdio_ui5_key":"applicationmanagepartners-display-component---NewPartner--btnAddTableRow-img"}]}
RESULT: undefined
COMMAND: POST /session/e486a1c8754caeb8d733034d4643631f/element - {"using":"xpath","value":"//*[@id=\"application-managepartners-display-component---NewPartner--btnAddTableRow-img\"]"}
RESULT: {"using":"xpath","value":"//*[@id=\"application-managepartners-display-component---NewPartner--btnAddTableRow-img\"]"}
COMMAND: POST /session/e486a1c8754caeb8d733034d4643631f/element/f.1A55FC214BCDC1A6E941175A5A5DD598.d.4D72DA063A7DD70E43526D2F9A5E61CC.e.1571/click - {}
RESULT: {}
COMMAND: GET /session/e486a1c8754caeb8d733034d4643631f/screenshot - {}
RESULT: {}
COMMAND: POST /session/e486a1c8754caeb8d733034d4643631f/element - {"using":"xpath","value":"//input[@id=\"application-managepartners-display-component---NewPartner--assignmentYard-application-managepartners-display-component---NewPartner--assignmentsTable-0-inner\"]"}
RESULT: {"using":"xpath","value":"//input[@id=\"application-managepartners-display-component---NewPartner--assignmentYard-application-managepartners-display-component---NewPartner--assignmentsTable-0-inner\"]"}
COMMAND: POST /session/e486a1c8754caeb8d733034d4643631f/element/f.1A55FC214BCDC1A6E941175A5A5DD598.d.4D72DA063A7DD70E43526D2F9A5E61CC.e.1574/clear - {}
RESULT: {}
COMMAND: POST /session/e486a1c8754caeb8d733034d4643631f/element/f.1A55FC214BCDC1A6E941175A5A5DD598.d.4D72DA063A7DD70E43526D2F9A5E61CC.e.1574/value - {"text":"688"}
COMMAND: GET /session/e486a1c8754caeb8d733034d4643631f/screenshot - {}
RESULT: {"text":"688"}
COMMAND: GET /session/e486a1c8754caeb8d733034d4643631f/screenshot - {}
RESULT: {}
RESULT: {}
COMMAND: POST /session/e486a1c8754caeb8d733034d4643631f/element - {"using":"xpath","value":"//li[.//span[text()='688']]"}
RESULT: {"using":"xpath","value":"//li[.//span[text()='688']]"}
COMMAND: POST /session/e486a1c8754caeb8d733034d4643631f/element/f.1A55FC214BCDC1A6E941175A5A5DD598.d.4D72DA063A7DD70E43526D2F9A5E61CC.e.1583/click - {}
RESULT: {}
COMMAND: GET /session/e486a1c8754caeb8d733034d4643631f/screenshot - {}
RESULT: {}
COMMAND: POST /session/e486a1c8754caeb8d733034d4643631f/actions - {"actions":[{"id":"action3","type":"key","parameters":{},"actions":[{"type":"keyDown","value":"î€‡"},{"type":"pause","duration":10},{"type":"keyUp","value":"î€‡"}]}]}
RESULT: {"actions":[{"id":"action3","type":"key","parameters":{},"actions":[{"type":"keyDown","value":"î€‡"},{"type":"pause","duration":10},{"type":"keyUp","value":"î€‡"}]}]}
COMMAND: POST /session/e486a1c8754caeb8d733034d4643631f/execute/async - {"script":"<script> [1562 bytes]","args":[{"selector":{"id":"application-managepartners-display-component---NewPartner--externalCustomerComboBox-application-managepartners-display-component---NewPartner--assignmentsTable-0-vhi"},"wdio_ui5_key":"applicationmanagepartners-display-component---NewPartner--externalCustomerComboBox-application-managepartners-display-component---NewPartner--assignmentsTable-0-vhi"}]}
COMMAND: GET /session/e486a1c8754caeb8d733034d4643631f/screenshot - {}
RESULT: {"script":"<script> [1562 bytes]","args":[{"selector":{"id":"application-managepartners-display-component---NewPartner--externalCustomerComboBox-application-managepartners-display-component---NewPartner--assignmentsTable-0-vhi"},"wdio_ui5_key":"applicationmanagepartners-display-component---NewPartner--externalCustomerComboBox-application-managepartners-display-component---NewPartner--assignmentsTable-0-vhi"}]}
RESULT: undefined
COMMAND: POST /session/e486a1c8754caeb8d733034d4643631f/element - {"using":"xpath","value":"//*[@id=\"application-managepartners-display-component---NewPartner--externalCustomerComboBox-application-managepartners-display-component---NewPartner--assignmentsTable-0-vhi\"]"}
RESULT: {}
RESULT: {"using":"xpath","value":"//*[@id=\"application-managepartners-display-component---NewPartner--externalCustomerComboBox-application-managepartners-display-component---NewPartner--assignmentsTable-0-vhi\"]"}
COMMAND: POST /session/e486a1c8754caeb8d733034d4643631f/element/f.1A55FC214BCDC1A6E941175A5A5DD598.d.4D72DA063A7DD70E43526D2F9A5E61CC.e.1587/click - {}
RESULT: {}
RESULT: undefined
COMMAND: POST /session/e486a1c8754caeb8d733034d4643631f/execute/async - {"script":"<script> [776 bytes]","args":[{"enterText":"300003","selector":{"controlType":"sap.m.SearchField","properties":{"placeholder":"Search"},"searchOpenDialogs":true,"interaction":{"idSuffix":"I"}},"clearTextFirst":true,"interactionType":"ENTER_TEXT"}]}
COMMAND: GET /session/e486a1c8754caeb8d733034d4643631f/screenshot - {}
RESULT: {"script":"<script> [776 bytes]","args":[{"enterText":"300003","selector":{"controlType":"sap.m.SearchField","properties":{"placeholder":"Search"},"searchOpenDialogs":true,"interaction":{"idSuffix":"I"}},"clearTextFirst":true,"interactionType":"ENTER_TEXT"}]}
COMMAND: POST /session/e486a1c8754caeb8d733034d4643631f/actions - {"actions":[{"id":"action4","type":"key","parameters":{},"actions":[{"type":"keyDown","value":"î€‡"},{"type":"pause","duration":10},{"type":"keyUp","value":"î€‡"}]}]}
RESULT: {}
RESULT: {"actions":[{"id":"action4","type":"key","parameters":{},"actions":[{"type":"keyDown","value":"î€‡"},{"type":"pause","duration":10},{"type":"keyUp","value":"î€‡"}]}]}
COMMAND: GET /session/e486a1c8754caeb8d733034d4643631f/screenshot - {}
RESULT: {}
COMMAND: POST /session/e486a1c8754caeb8d733034d4643631f/element - {"using":"xpath","value":"//span[contains(text(), \"300003\")]"}
RESULT: {"using":"xpath","value":"//span[contains(text(), \"300003\")]"}
COMMAND: POST /session/e486a1c8754caeb8d733034d4643631f/element/f.1A55FC214BCDC1A6E941175A5A5DD598.d.4D72DA063A7DD70E43526D2F9A5E61CC.e.1604/click - {}
RESULT: {}
COMMAND: GET /session/e486a1c8754caeb8d733034d4643631f/screenshot - {}
RESULT: {}
COMMAND: POST /session/e486a1c8754caeb8d733034d4643631f/element - {"using":"xpath","value":"//bdi[contains(text(), \"OK\")]"}
RESULT: {"using":"xpath","value":"//bdi[contains(text(), \"OK\")]"}
COMMAND: POST /session/e486a1c8754caeb8d733034d4643631f/element/f.1A55FC214BCDC1A6E941175A5A5DD598.d.4D72DA063A7DD70E43526D2F9A5E61CC.e.1606/click - {}
RESULT: {}
COMMAND: GET /session/e486a1c8754caeb8d733034d4643631f/screenshot - {}
RESULT: {}
COMMAND: POST /session/e486a1c8754caeb8d733034d4643631f/execute/async - {"script":"<script> [1562 bytes]","args":[{"selector":{"id":"application-managepartners-display-component---NewPartner--intercompVendorComboBox-application-managepartners-display-component---NewPartner--assignmentsTable-0-vhi"},"wdio_ui5_key":"applicationmanagepartners-display-component---NewPartner--intercompVendorComboBox-application-managepartners-display-component---NewPartner--assignmentsTable-0-vhi"}]}
RESULT: {"script":"<script> [1562 bytes]","args":[{"selector":{"id":"application-managepartners-display-component---NewPartner--intercompVendorComboBox-application-managepartners-display-component---NewPartner--assignmentsTable-0-vhi"},"wdio_ui5_key":"applicationmanagepartners-display-component---NewPartner--intercompVendorComboBox-application-managepartners-display-component---NewPartner--assignmentsTable-0-vhi"}]}
RESULT: undefined
COMMAND: POST /session/e486a1c8754caeb8d733034d4643631f/element - {"using":"xpath","value":"//*[@id=\"application-managepartners-display-component---NewPartner--intercompVendorComboBox-application-managepartners-display-component---NewPartner--assignmentsTable-0-vhi\"]"}
RESULT: {"using":"xpath","value":"//*[@id=\"application-managepartners-display-component---NewPartner--intercompVendorComboBox-application-managepartners-display-component---NewPartner--assignmentsTable-0-vhi\"]"}
COMMAND: POST /session/e486a1c8754caeb8d733034d4643631f/element/f.1A55FC214BCDC1A6E941175A5A5DD598.d.4D72DA063A7DD70E43526D2F9A5E61CC.e.1609/click - {}
RESULT: {}
RESULT: undefined
COMMAND: POST /session/e486a1c8754caeb8d733034d4643631f/execute/async - {"script":"<script> [776 bytes]","args":[{"enterText":"100005","selector":{"controlType":"sap.m.SearchField","properties":{"placeholder":"Search"},"searchOpenDialogs":true,"interaction":{"idSuffix":"I"}},"clearTextFirst":true,"interactionType":"ENTER_TEXT"}]}
COMMAND: GET /session/e486a1c8754caeb8d733034d4643631f/screenshot - {}
RESULT: {"script":"<script> [776 bytes]","args":[{"enterText":"100005","selector":{"controlType":"sap.m.SearchField","properties":{"placeholder":"Search"},"searchOpenDialogs":true,"interaction":{"idSuffix":"I"}},"clearTextFirst":true,"interactionType":"ENTER_TEXT"}]}
COMMAND: POST /session/e486a1c8754caeb8d733034d4643631f/actions - {"actions":[{"id":"action5","type":"key","parameters":{},"actions":[{"type":"keyDown","value":"î€‡"},{"type":"pause","duration":10},{"type":"keyUp","value":"î€‡"}]}]}
RESULT: {}
RESULT: {"actions":[{"id":"action5","type":"key","parameters":{},"actions":[{"type":"keyDown","value":"î€‡"},{"type":"pause","duration":10},{"type":"keyUp","value":"î€‡"}]}]}
COMMAND: GET /session/e486a1c8754caeb8d733034d4643631f/screenshot - {}
RESULT: {}
COMMAND: POST /session/e486a1c8754caeb8d733034d4643631f/element - {"using":"xpath","value":"//span[contains(text(), \"Penguins - Field/12345 Berlin\")]"}
RESULT: {"using":"xpath","value":"//span[contains(text(), \"Penguins - Field/12345 Berlin\")]"}
COMMAND: POST /session/e486a1c8754caeb8d733034d4643631f/element/f.1A55FC214BCDC1A6E941175A5A5DD598.d.4D72DA063A7DD70E43526D2F9A5E61CC.e.1626/click - {}
RESULT: {}
COMMAND: GET /session/e486a1c8754caeb8d733034d4643631f/screenshot - {}
RESULT: {}
COMMAND: POST /session/e486a1c8754caeb8d733034d4643631f/element - {"using":"xpath","value":"//bdi[contains(text(), \"OK\")]"}
RESULT: {"using":"xpath","value":"//bdi[contains(text(), \"OK\")]"}
COMMAND: POST /session/e486a1c8754caeb8d733034d4643631f/element/f.1A55FC214BCDC1A6E941175A5A5DD598.d.4D72DA063A7DD70E43526D2F9A5E61CC.e.1627/click - {}
RESULT: {}
COMMAND: GET /session/e486a1c8754caeb8d733034d4643631f/screenshot - {}
RESULT: {}
COMMAND: POST /session/e486a1c8754caeb8d733034d4643631f/element - {"using":"xpath","value":"//button[@data-kt=\"saveButton\"]"}
RESULT: {"using":"xpath","value":"//button[@data-kt=\"saveButton\"]"}
COMMAND: POST /session/e486a1c8754caeb8d733034d4643631f/element/f.1A55FC214BCDC1A6E941175A5A5DD598.d.4D72DA063A7DD70E43526D2F9A5E61CC.e.1434/click - {}
RESULT: {}
COMMAND: GET /session/e486a1c8754caeb8d733034d4643631f/screenshot - {}
RESULT: {}
COMMAND: POST /session/e486a1c8754caeb8d733034d4643631f/element - {"using":"xpath","value":"//header[contains(@id, 'ObjectPageLayout-headerTitle')]/div[1]/div[2]/div[2]/span[1]"}
RESULT: {"using":"xpath","value":"//header[contains(@id, 'ObjectPageLayout-headerTitle')]/div[1]/div[2]/div[2]/span[1]"}
COMMAND: POST /session/e486a1c8754caeb8d733034d4643631f/elements - {"using":"xpath","value":"//header[contains(@id, 'ObjectPageLayout-headerTitle')]/div[1]/div[2]/div[2]/span[1]"}
RESULT: {"using":"xpath","value":"//header[contains(@id, 'ObjectPageLayout-headerTitle')]/div[1]/div[2]/div[2]/span[1]"}
COMMAND: POST /session/e486a1c8754caeb8d733034d4643631f/execute/sync - {"script":"<script> [56 bytes]","args":[{"element-6066-11e4-a52e-4f735466cecf":"f.1A55FC214BCDC1A6E941175A5A5DD598.d.4D72DA063A7DD70E43526D2F9A5E61CC.e.1792","ELEMENT":"f.1A55FC214BCDC1A6E941175A5A5DD598.d.4D72DA063A7DD70E43526D2F9A5E61CC.e.1792"}]}
RESULT: {"script":"<script> [56 bytes]","args":[{"element-6066-11e4-a52e-4f735466cecf":"f.1A55FC214BCDC1A6E941175A5A5DD598.d.4D72DA063A7DD70E43526D2F9A5E61CC.e.1792","ELEMENT":"f.1A55FC214BCDC1A6E941175A5A5DD598.d.4D72DA063A7DD70E43526D2F9A5E61CC.e.1792"}]}
COMMAND: POST /session/e486a1c8754caeb8d733034d4643631f/element - {"using":"css selector","value":"#shell-header-logo"}
COMMAND: GET /session/e486a1c8754caeb8d733034d4643631f/screenshot - {}
RESULT: {"using":"css selector","value":"#shell-header-logo"}
COMMAND: POST /session/e486a1c8754caeb8d733034d4643631f/element/f.1A55FC214BCDC1A6E941175A5A5DD598.d.4D72DA063A7DD70E43526D2F9A5E61CC.e.1006/click - {}
RESULT: {}
RESULT: {}
COMMAND: GET /session/e486a1c8754caeb8d733034d4643631f/screenshot - {}
RESULT: {}
COMMAND: POST /session/e486a1c8754caeb8d733034d4643631f/execute/sync - {"script":"<script> [299 bytes]","args":[["getModel","getResource"]]}
RESULT: {"script":"<script> [299 bytes]","args":[["getModel","getResource"]]}
COMMAND: GET /session/e486a1c8754caeb8d733034d4643631f/screenshot - {}
]]></system-out>
    </testcase>
    <testcase classname="chrome.137_0_7151_69.windows.Billing_confirm_US117289" name="Should create a new site" time="89.812">
      <system-out><![CDATA[
COMMAND: POST /session/e486a1c8754caeb8d733034d4643631f/execute/async - {"script":"<script> [1562 bytes]","args":[{"selector":{"controlType":"sap.m.GenericTile","properties":{"header":"Manage Sites"}},"wdio_ui5_key":"sapm.GenericTile{\"header\":\"Manage Sites\"}"}]}
RESULT: {}
RESULT: {"script":"<script> [1562 bytes]","args":[{"selector":{"controlType":"sap.m.GenericTile","properties":{"header":"Manage Sites"}},"wdio_ui5_key":"sapm.GenericTile{\"header\":\"Manage Sites\"}"}]}
RESULT: undefined
COMMAND: POST /session/e486a1c8754caeb8d733034d4643631f/element - {"using":"xpath","value":"//*[@id=\"__tile40\"]"}
RESULT: {"using":"xpath","value":"//*[@id=\"__tile40\"]"}
COMMAND: POST /session/e486a1c8754caeb8d733034d4643631f/element/f.1A55FC214BCDC1A6E941175A5A5DD598.d.4D72DA063A7DD70E43526D2F9A5E61CC.e.152/click - {}
RESULT: {}
COMMAND: GET /session/e486a1c8754caeb8d733034d4643631f/screenshot - {}
RESULT: {}
COMMAND: POST /session/e486a1c8754caeb8d733034d4643631f/elements - {"using":"xpath","value":"//span[text()='Error']"}
RESULT: {"using":"xpath","value":"//span[text()='Error']"}
COMMAND: POST /session/e486a1c8754caeb8d733034d4643631f/element - {"using":"xpath","value":"//button[@data-kt=\"addOverflowToolbarButton\"]"}
RESULT: {"using":"xpath","value":"//button[@data-kt=\"addOverflowToolbarButton\"]"}
COMMAND: POST /session/e486a1c8754caeb8d733034d4643631f/elements - {"using":"xpath","value":"//button[@data-kt=\"addOverflowToolbarButton\"]"}
RESULT: {"using":"xpath","value":"//button[@data-kt=\"addOverflowToolbarButton\"]"}
COMMAND: POST /session/e486a1c8754caeb8d733034d4643631f/execute/sync - {"script":"<script> [8489 bytes]","args":[{"element-6066-11e4-a52e-4f735466cecf":"f.1A55FC214BCDC1A6E941175A5A5DD598.d.4D72DA063A7DD70E43526D2F9A5E61CC.e.1839","ELEMENT":"f.1A55FC214BCDC1A6E941175A5A5DD598.d.4D72DA063A7DD70E43526D2F9A5E61CC.e.1839"}]}
RESULT: {"script":"<script> [8489 bytes]","args":[{"element-6066-11e4-a52e-4f735466cecf":"f.1A55FC214BCDC1A6E941175A5A5DD598.d.4D72DA063A7DD70E43526D2F9A5E61CC.e.1839","ELEMENT":"f.1A55FC214BCDC1A6E941175A5A5DD598.d.4D72DA063A7DD70E43526D2F9A5E61CC.e.1839"}]}
COMMAND: GET /session/e486a1c8754caeb8d733034d4643631f/element/f.1A55FC214BCDC1A6E941175A5A5DD598.d.4D72DA063A7DD70E43526D2F9A5E61CC.e.1839/enabled - {}
COMMAND: GET /session/e486a1c8754caeb8d733034d4643631f/screenshot - {}
RESULT: {}
COMMAND: POST /session/e486a1c8754caeb8d733034d4643631f/execute/sync - {"script":"<script> [8489 bytes]","args":[{"element-6066-11e4-a52e-4f735466cecf":"f.1A55FC214BCDC1A6E941175A5A5DD598.d.4D72DA063A7DD70E43526D2F9A5E61CC.e.1839","ELEMENT":"f.1A55FC214BCDC1A6E941175A5A5DD598.d.4D72DA063A7DD70E43526D2F9A5E61CC.e.1839"}]}
COMMAND: GET /session/e486a1c8754caeb8d733034d4643631f/screenshot - {}
RESULT: {}
RESULT: {"script":"<script> [8489 bytes]","args":[{"element-6066-11e4-a52e-4f735466cecf":"f.1A55FC214BCDC1A6E941175A5A5DD598.d.4D72DA063A7DD70E43526D2F9A5E61CC.e.1839","ELEMENT":"f.1A55FC214BCDC1A6E941175A5A5DD598.d.4D72DA063A7DD70E43526D2F9A5E61CC.e.1839"}]}
COMMAND: POST /session/e486a1c8754caeb8d733034d4643631f/execute/sync - {"script":"<script> [5351 bytes]","args":[{"element-6066-11e4-a52e-4f735466cecf":"f.1A55FC214BCDC1A6E941175A5A5DD598.d.4D72DA063A7DD70E43526D2F9A5E61CC.e.1839","ELEMENT":"f.1A55FC214BCDC1A6E941175A5A5DD598.d.4D72DA063A7DD70E43526D2F9A5E61CC.e.1839"}]}
COMMAND: GET /session/e486a1c8754caeb8d733034d4643631f/screenshot - {}
RESULT: {}
RESULT: {"script":"<script> [5351 bytes]","args":[{"element-6066-11e4-a52e-4f735466cecf":"f.1A55FC214BCDC1A6E941175A5A5DD598.d.4D72DA063A7DD70E43526D2F9A5E61CC.e.1839","ELEMENT":"f.1A55FC214BCDC1A6E941175A5A5DD598.d.4D72DA063A7DD70E43526D2F9A5E61CC.e.1839"}]}
COMMAND: POST /session/e486a1c8754caeb8d733034d4643631f/element/f.1A55FC214BCDC1A6E941175A5A5DD598.d.4D72DA063A7DD70E43526D2F9A5E61CC.e.1839/click - {}
COMMAND: GET /session/e486a1c8754caeb8d733034d4643631f/screenshot - {}
RESULT: {}
RESULT: {}
COMMAND: GET /session/e486a1c8754caeb8d733034d4643631f/screenshot - {}
RESULT: {}
RESULT: {}
COMMAND: POST /session/e486a1c8754caeb8d733034d4643631f/element - {"using":"xpath","value":"//input[@id=\"application-managesites-display-component---NewSite--siteId-inner\"]"}
RESULT: {"using":"xpath","value":"//input[@id=\"application-managesites-display-component---NewSite--siteId-inner\"]"}
COMMAND: POST /session/e486a1c8754caeb8d733034d4643631f/element - {"using":"xpath","value":"//input[@id=\"application-managesites-display-component---NewSite--siteId-inner\"]"}
RESULT: {"using":"xpath","value":"//input[@id=\"application-managesites-display-component---NewSite--siteId-inner\"]"}
COMMAND: POST /session/e486a1c8754caeb8d733034d4643631f/execute/async - {"script":"<script> [1562 bytes]","args":[{"selector":{"id":"application-managesites-display-component---NewSite--addressDetailDetailsName1","interaction":{"idSuffix":"inner"}},"wdio_ui5_key":"applicationmanagesites-display-component---NewSite--addressDetailDetailsName1"}]}
RESULT: {"script":"<script> [1562 bytes]","args":[{"selector":{"id":"application-managesites-display-component---NewSite--addressDetailDetailsName1","interaction":{"idSuffix":"inner"}},"wdio_ui5_key":"applicationmanagesites-display-component---NewSite--addressDetailDetailsName1"}]}
RESULT: undefined
COMMAND: POST /session/e486a1c8754caeb8d733034d4643631f/execute/async - {"script":"<script> [776 bytes]","args":[{"enterText":"Intracompany Site wdIO","selector":{"id":"application-managesites-display-component---NewSite--addressDetailDetailsName1","interaction":{"idSuffix":"inner"}},"clearTextFirst":true,"interactionType":"ENTER_TEXT"}]}
RESULT: {"script":"<script> [776 bytes]","args":[{"enterText":"Intracompany Site wdIO","selector":{"id":"application-managesites-display-component---NewSite--addressDetailDetailsName1","interaction":{"idSuffix":"inner"}},"clearTextFirst":true,"interactionType":"ENTER_TEXT"}]}
COMMAND: POST /session/e486a1c8754caeb8d733034d4643631f/execute/async - {"script":"<script> [1562 bytes]","args":[{"selector":{"id":"application-managesites-display-component---NewSite--addressDetailDetailsLanguage-arrow"},"wdio_ui5_key":"applicationmanagesites-display-component---NewSite--addressDetailDetailsLanguage-arrow"}]}
RESULT: {"script":"<script> [1562 bytes]","args":[{"selector":{"id":"application-managesites-display-component---NewSite--addressDetailDetailsLanguage-arrow"},"wdio_ui5_key":"applicationmanagesites-display-component---NewSite--addressDetailDetailsLanguage-arrow"}]}
RESULT: undefined
COMMAND: POST /session/e486a1c8754caeb8d733034d4643631f/element - {"using":"xpath","value":"//*[@id=\"application-managesites-display-component---NewSite--addressDetailDetailsLanguage-arrow\"]"}
RESULT: {"using":"xpath","value":"//*[@id=\"application-managesites-display-component---NewSite--addressDetailDetailsLanguage-arrow\"]"}
COMMAND: POST /session/e486a1c8754caeb8d733034d4643631f/element/f.1A55FC214BCDC1A6E941175A5A5DD598.d.4D72DA063A7DD70E43526D2F9A5E61CC.e.2244/click - {}
RESULT: {}
COMMAND: POST /session/e486a1c8754caeb8d733034d4643631f/element - {"using":"xpath","value":"//span[contains(text(), \"English\")]"}
COMMAND: GET /session/e486a1c8754caeb8d733034d4643631f/screenshot - {}
RESULT: {"using":"xpath","value":"//span[contains(text(), \"English\")]"}
COMMAND: POST /session/e486a1c8754caeb8d733034d4643631f/element/f.1A55FC214BCDC1A6E941175A5A5DD598.d.4D72DA063A7DD70E43526D2F9A5E61CC.e.2245/click - {}
RESULT: {}
RESULT: {}
COMMAND: POST /session/e486a1c8754caeb8d733034d4643631f/execute/async - {"script":"<script> [1562 bytes]","args":[{"selector":{"id":"application-managesites-display-component---NewSite--addressDetailDetailsCity1","interaction":{"idSuffix":"inner"}},"wdio_ui5_key":"applicationmanagesites-display-component---NewSite--addressDetailDetailsCity1"}]}
COMMAND: GET /session/e486a1c8754caeb8d733034d4643631f/screenshot - {}
RESULT: {"script":"<script> [1562 bytes]","args":[{"selector":{"id":"application-managesites-display-component---NewSite--addressDetailDetailsCity1","interaction":{"idSuffix":"inner"}},"wdio_ui5_key":"applicationmanagesites-display-component---NewSite--addressDetailDetailsCity1"}]}
RESULT: undefined
COMMAND: POST /session/e486a1c8754caeb8d733034d4643631f/execute/async - {"script":"<script> [776 bytes]","args":[{"enterText":"Rosario","selector":{"id":"application-managesites-display-component---NewSite--addressDetailDetailsCity1","interaction":{"idSuffix":"inner"}},"clearTextFirst":true,"interactionType":"ENTER_TEXT"}]}
RESULT: {}
RESULT: {"script":"<script> [776 bytes]","args":[{"enterText":"Rosario","selector":{"id":"application-managesites-display-component---NewSite--addressDetailDetailsCity1","interaction":{"idSuffix":"inner"}},"clearTextFirst":true,"interactionType":"ENTER_TEXT"}]}
COMMAND: POST /session/e486a1c8754caeb8d733034d4643631f/execute/async - {"script":"<script> [1562 bytes]","args":[{"selector":{"id":"application-managesites-display-component---NewSite--addressDetailDetailsCountry-arrow"},"wdio_ui5_key":"applicationmanagesites-display-component---NewSite--addressDetailDetailsCountry-arrow"}]}
RESULT: {"script":"<script> [1562 bytes]","args":[{"selector":{"id":"application-managesites-display-component---NewSite--addressDetailDetailsCountry-arrow"},"wdio_ui5_key":"applicationmanagesites-display-component---NewSite--addressDetailDetailsCountry-arrow"}]}
RESULT: undefined
COMMAND: POST /session/e486a1c8754caeb8d733034d4643631f/element - {"using":"xpath","value":"//*[@id=\"application-managesites-display-component---NewSite--addressDetailDetailsCountry-arrow\"]"}
RESULT: {"using":"xpath","value":"//*[@id=\"application-managesites-display-component---NewSite--addressDetailDetailsCountry-arrow\"]"}
COMMAND: POST /session/e486a1c8754caeb8d733034d4643631f/element/f.1A55FC214BCDC1A6E941175A5A5DD598.d.4D72DA063A7DD70E43526D2F9A5E61CC.e.2247/click - {}
RESULT: {}
COMMAND: POST /session/e486a1c8754caeb8d733034d4643631f/element - {"using":"xpath","value":"//span[contains(text(), \"Argentina\")]"}
COMMAND: GET /session/e486a1c8754caeb8d733034d4643631f/screenshot - {}
RESULT: {"using":"xpath","value":"//span[contains(text(), \"Argentina\")]"}
COMMAND: POST /session/e486a1c8754caeb8d733034d4643631f/element/f.1A55FC214BCDC1A6E941175A5A5DD598.d.4D72DA063A7DD70E43526D2F9A5E61CC.e.2248/click - {}
RESULT: {}
RESULT: {}
COMMAND: GET /session/e486a1c8754caeb8d733034d4643631f/screenshot - {}
RESULT: {}
COMMAND: POST /session/e486a1c8754caeb8d733034d4643631f/execute/async - {"script":"<script> [1562 bytes]","args":[{"selector":{"id":"application-managesites-display-component---NewSite--addressEditDetailsCostObjectCstType-arrow"},"wdio_ui5_key":"applicationmanagesites-display-component---NewSite--addressEditDetailsCostObjectCstType-arrow"}]}
RESULT: {"script":"<script> [1562 bytes]","args":[{"selector":{"id":"application-managesites-display-component---NewSite--addressEditDetailsCostObjectCstType-arrow"},"wdio_ui5_key":"applicationmanagesites-display-component---NewSite--addressEditDetailsCostObjectCstType-arrow"}]}
RESULT: undefined
COMMAND: POST /session/e486a1c8754caeb8d733034d4643631f/element - {"using":"xpath","value":"//*[@id=\"application-managesites-display-component---NewSite--addressEditDetailsCostObjectCstType-arrow\"]"}
RESULT: {"using":"xpath","value":"//*[@id=\"application-managesites-display-component---NewSite--addressEditDetailsCostObjectCstType-arrow\"]"}
COMMAND: POST /session/e486a1c8754caeb8d733034d4643631f/element/f.1A55FC214BCDC1A6E941175A5A5DD598.d.4D72DA063A7DD70E43526D2F9A5E61CC.e.2250/click - {}
RESULT: {}
COMMAND: POST /session/e486a1c8754caeb8d733034d4643631f/element - {"using":"xpath","value":"//span[contains(text(), \"Cost Center\")]"}
COMMAND: GET /session/e486a1c8754caeb8d733034d4643631f/screenshot - {}
RESULT: {"using":"xpath","value":"//span[contains(text(), \"Cost Center\")]"}
COMMAND: POST /session/e486a1c8754caeb8d733034d4643631f/element/f.1A55FC214BCDC1A6E941175A5A5DD598.d.4D72DA063A7DD70E43526D2F9A5E61CC.e.2251/click - {}
RESULT: {}
RESULT: {}
COMMAND: GET /session/e486a1c8754caeb8d733034d4643631f/screenshot - {}
RESULT: {}
COMMAND: POST /session/e486a1c8754caeb8d733034d4643631f/element - {"using":"xpath","value":"//span[@id=\"application-managesites-display-component---NewSite--addressNewCostObjectCstID-vhi\"]"}
RESULT: {"using":"xpath","value":"//span[@id=\"application-managesites-display-component---NewSite--addressNewCostObjectCstID-vhi\"]"}
COMMAND: POST /session/e486a1c8754caeb8d733034d4643631f/execute/sync - {"script":"<script> [8489 bytes]","args":[{"element-6066-11e4-a52e-4f735466cecf":"f.1A55FC214BCDC1A6E941175A5A5DD598.d.4D72DA063A7DD70E43526D2F9A5E61CC.e.2256","ELEMENT":"f.1A55FC214BCDC1A6E941175A5A5DD598.d.4D72DA063A7DD70E43526D2F9A5E61CC.e.2256"}]}
RESULT: {"script":"<script> [8489 bytes]","args":[{"element-6066-11e4-a52e-4f735466cecf":"f.1A55FC214BCDC1A6E941175A5A5DD598.d.4D72DA063A7DD70E43526D2F9A5E61CC.e.2256","ELEMENT":"f.1A55FC214BCDC1A6E941175A5A5DD598.d.4D72DA063A7DD70E43526D2F9A5E61CC.e.2256"}]}
COMMAND: POST /session/e486a1c8754caeb8d733034d4643631f/execute/async - {"script":"<script> [1562 bytes]","args":[{"selector":{"id":"application-managesites-display-component---NewSite--addressNewCostObjectCstID-vhi"},"wdio_ui5_key":"applicationmanagesites-display-component---NewSite--addressNewCostObjectCstID-vhi"}]}
COMMAND: GET /session/e486a1c8754caeb8d733034d4643631f/screenshot - {}
RESULT: {"script":"<script> [1562 bytes]","args":[{"selector":{"id":"application-managesites-display-component---NewSite--addressNewCostObjectCstID-vhi"},"wdio_ui5_key":"applicationmanagesites-display-component---NewSite--addressNewCostObjectCstID-vhi"}]}
RESULT: undefined
COMMAND: POST /session/e486a1c8754caeb8d733034d4643631f/element - {"using":"xpath","value":"//*[@id=\"application-managesites-display-component---NewSite--addressNewCostObjectCstID-vhi\"]"}
RESULT: {}
RESULT: {"using":"xpath","value":"//*[@id=\"application-managesites-display-component---NewSite--addressNewCostObjectCstID-vhi\"]"}
COMMAND: POST /session/e486a1c8754caeb8d733034d4643631f/element/f.1A55FC214BCDC1A6E941175A5A5DD598.d.4D72DA063A7DD70E43526D2F9A5E61CC.e.2256/click - {}
RESULT: {}
COMMAND: GET /session/e486a1c8754caeb8d733034d4643631f/screenshot - {}
RESULT: {}
RESULT: undefined
COMMAND: POST /session/e486a1c8754caeb8d733034d4643631f/execute/async - {"script":"<script> [776 bytes]","args":[{"enterText":"10001013","selector":{"controlType":"sap.m.SearchField","properties":{"placeholder":"Search"},"searchOpenDialogs":true,"interaction":{"idSuffix":"I"}},"clearTextFirst":true,"interactionType":"ENTER_TEXT"}]}
RESULT: {"script":"<script> [776 bytes]","args":[{"enterText":"10001013","selector":{"controlType":"sap.m.SearchField","properties":{"placeholder":"Search"},"searchOpenDialogs":true,"interaction":{"idSuffix":"I"}},"clearTextFirst":true,"interactionType":"ENTER_TEXT"}]}
COMMAND: POST /session/e486a1c8754caeb8d733034d4643631f/actions - {"actions":[{"id":"action6","type":"key","parameters":{},"actions":[{"type":"keyDown","value":"î€‡"},{"type":"pause","duration":10},{"type":"keyUp","value":"î€‡"}]}]}
RESULT: {"actions":[{"id":"action6","type":"key","parameters":{},"actions":[{"type":"keyDown","value":"î€‡"},{"type":"pause","duration":10},{"type":"keyUp","value":"î€‡"}]}]}
COMMAND: GET /session/e486a1c8754caeb8d733034d4643631f/screenshot - {}
RESULT: {}
COMMAND: POST /session/e486a1c8754caeb8d733034d4643631f/element - {"using":"xpath","value":"//span[contains(text(), \"General Management\")]"}
RESULT: {"using":"xpath","value":"//span[contains(text(), \"General Management\")]"}
COMMAND: POST /session/e486a1c8754caeb8d733034d4643631f/element/f.1A55FC214BCDC1A6E941175A5A5DD598.d.4D72DA063A7DD70E43526D2F9A5E61CC.e.2296/click - {}
RESULT: {}
COMMAND: GET /session/e486a1c8754caeb8d733034d4643631f/screenshot - {}
RESULT: {}
COMMAND: POST /session/e486a1c8754caeb8d733034d4643631f/element - {"using":"xpath","value":"//bdi[contains(text(), \"OK\")]"}
RESULT: {"using":"xpath","value":"//bdi[contains(text(), \"OK\")]"}
COMMAND: POST /session/e486a1c8754caeb8d733034d4643631f/element/f.1A55FC214BCDC1A6E941175A5A5DD598.d.4D72DA063A7DD70E43526D2F9A5E61CC.e.2297/click - {}
RESULT: {}
COMMAND: GET /session/e486a1c8754caeb8d733034d4643631f/screenshot - {}
RESULT: {}
COMMAND: POST /session/e486a1c8754caeb8d733034d4643631f/element - {"using":"xpath","value":"//input[@id=\"application-managesites-display-component---NewSite--addressDetailDetailsCalendar-inner\"]"}
RESULT: {"using":"xpath","value":"//input[@id=\"application-managesites-display-component---NewSite--addressDetailDetailsCalendar-inner\"]"}
COMMAND: POST /session/e486a1c8754caeb8d733034d4643631f/element/f.1A55FC214BCDC1A6E941175A5A5DD598.d.4D72DA063A7DD70E43526D2F9A5E61CC.e.2035/clear - {}
RESULT: {}
COMMAND: POST /session/e486a1c8754caeb8d733034d4643631f/element/f.1A55FC214BCDC1A6E941175A5A5DD598.d.4D72DA063A7DD70E43526D2F9A5E61CC.e.2035/value - {"text":"Unit"}
COMMAND: GET /session/e486a1c8754caeb8d733034d4643631f/screenshot - {}
RESULT: {"text":"Unit"}
COMMAND: GET /session/e486a1c8754caeb8d733034d4643631f/screenshot - {}
RESULT: {}
RESULT: {}
COMMAND: POST /session/e486a1c8754caeb8d733034d4643631f/actions - {"actions":[{"id":"action7","type":"key","parameters":{},"actions":[{"type":"keyDown","value":"î€‡"},{"type":"pause","duration":10},{"type":"keyUp","value":"î€‡"}]}]}
RESULT: {"actions":[{"id":"action7","type":"key","parameters":{},"actions":[{"type":"keyDown","value":"î€‡"},{"type":"pause","duration":10},{"type":"keyUp","value":"î€‡"}]}]}
COMMAND: POST /session/e486a1c8754caeb8d733034d4643631f/element - {"using":"xpath","value":"//input[@id=\"application-managesites-display-component---NewSite--addressDetailDetailsYard-inner\"]"}
COMMAND: GET /session/e486a1c8754caeb8d733034d4643631f/screenshot - {}
RESULT: {"using":"xpath","value":"//input[@id=\"application-managesites-display-component---NewSite--addressDetailDetailsYard-inner\"]"}
COMMAND: POST /session/e486a1c8754caeb8d733034d4643631f/element/f.1A55FC214BCDC1A6E941175A5A5DD598.d.4D72DA063A7DD70E43526D2F9A5E61CC.e.2036/clear - {}
RESULT: {}
RESULT: {}
COMMAND: POST /session/e486a1c8754caeb8d733034d4643631f/element/f.1A55FC214BCDC1A6E941175A5A5DD598.d.4D72DA063A7DD70E43526D2F9A5E61CC.e.2036/value - {"text":"688"}
COMMAND: GET /session/e486a1c8754caeb8d733034d4643631f/screenshot - {}
RESULT: {"text":"688"}
COMMAND: GET /session/e486a1c8754caeb8d733034d4643631f/screenshot - {}
RESULT: {}
RESULT: {}
COMMAND: POST /session/e486a1c8754caeb8d733034d4643631f/element - {"using":"xpath","value":"//li[.//span[text()='688']]"}
RESULT: {"using":"xpath","value":"//li[.//span[text()='688']]"}
COMMAND: POST /session/e486a1c8754caeb8d733034d4643631f/element/f.1A55FC214BCDC1A6E941175A5A5DD598.d.4D72DA063A7DD70E43526D2F9A5E61CC.e.2324/click - {}
RESULT: {}
COMMAND: GET /session/e486a1c8754caeb8d733034d4643631f/screenshot - {}
RESULT: {}
COMMAND: POST /session/e486a1c8754caeb8d733034d4643631f/element - {"using":"xpath","value":"//input[@id=\"application-managesites-display-component---NewSite--addressDetailDetailsPartner-inner\"]"}
RESULT: {"using":"xpath","value":"//input[@id=\"application-managesites-display-component---NewSite--addressDetailDetailsPartner-inner\"]"}
COMMAND: POST /session/e486a1c8754caeb8d733034d4643631f/element - {"using":"xpath","value":"//input[@id=\"application-managesites-display-component---NewSite--addressDetailDetailsPartner-inner\"]"}
RESULT: {"using":"xpath","value":"//input[@id=\"application-managesites-display-component---NewSite--addressDetailDetailsPartner-inner\"]"}
COMMAND: POST /session/e486a1c8754caeb8d733034d4643631f/element - {"using":"xpath","value":"//button[@data-kt=\"saveButton\"]"}
RESULT: {"using":"xpath","value":"//button[@data-kt=\"saveButton\"]"}
COMMAND: POST /session/e486a1c8754caeb8d733034d4643631f/element/f.1A55FC214BCDC1A6E941175A5A5DD598.d.4D72DA063A7DD70E43526D2F9A5E61CC.e.2229/click - {}
RESULT: {}
COMMAND: GET /session/e486a1c8754caeb8d733034d4643631f/screenshot - {}
RESULT: {}
COMMAND: POST /session/e486a1c8754caeb8d733034d4643631f/element - {"using":"xpath","value":"//header[contains(@id, 'ObjectPageLayout-headerTitle')]/div[1]/div[2]/div[2]/span[1]"}
RESULT: {"using":"xpath","value":"//header[contains(@id, 'ObjectPageLayout-headerTitle')]/div[1]/div[2]/div[2]/span[1]"}
COMMAND: POST /session/e486a1c8754caeb8d733034d4643631f/elements - {"using":"xpath","value":"//header[contains(@id, 'ObjectPageLayout-headerTitle')]/div[1]/div[2]/div[2]/span[1]"}
RESULT: {"using":"xpath","value":"//header[contains(@id, 'ObjectPageLayout-headerTitle')]/div[1]/div[2]/div[2]/span[1]"}
COMMAND: POST /session/e486a1c8754caeb8d733034d4643631f/execute/sync - {"script":"<script> [56 bytes]","args":[{"element-6066-11e4-a52e-4f735466cecf":"f.1A55FC214BCDC1A6E941175A5A5DD598.d.4D72DA063A7DD70E43526D2F9A5E61CC.e.2525","ELEMENT":"f.1A55FC214BCDC1A6E941175A5A5DD598.d.4D72DA063A7DD70E43526D2F9A5E61CC.e.2525"}]}
RESULT: {"script":"<script> [56 bytes]","args":[{"element-6066-11e4-a52e-4f735466cecf":"f.1A55FC214BCDC1A6E941175A5A5DD598.d.4D72DA063A7DD70E43526D2F9A5E61CC.e.2525","ELEMENT":"f.1A55FC214BCDC1A6E941175A5A5DD598.d.4D72DA063A7DD70E43526D2F9A5E61CC.e.2525"}]}
COMMAND: POST /session/e486a1c8754caeb8d733034d4643631f/element - {"using":"css selector","value":"#shell-header-logo"}
COMMAND: GET /session/e486a1c8754caeb8d733034d4643631f/screenshot - {}
RESULT: {"using":"css selector","value":"#shell-header-logo"}
COMMAND: POST /session/e486a1c8754caeb8d733034d4643631f/element/f.1A55FC214BCDC1A6E941175A5A5DD598.d.4D72DA063A7DD70E43526D2F9A5E61CC.e.1797/click - {}
RESULT: {}
RESULT: {}
COMMAND: GET /session/e486a1c8754caeb8d733034d4643631f/screenshot - {}
RESULT: {}
COMMAND: POST /session/e486a1c8754caeb8d733034d4643631f/execute/sync - {"script":"<script> [299 bytes]","args":[["getModel","getResource"]]}
RESULT: {"script":"<script> [299 bytes]","args":[["getModel","getResource"]]}
COMMAND: GET /session/e486a1c8754caeb8d733034d4643631f/screenshot - {}
]]></system-out>
    </testcase>
    <testcase classname="chrome.137_0_7151_69.windows.Billing_confirm_US117289" name="Should create a new equipment" time="128.104">
      <system-out><![CDATA[
COMMAND: POST /session/e486a1c8754caeb8d733034d4643631f/execute/async - {"script":"<script> [1562 bytes]","args":[{"selector":{"controlType":"sap.m.GenericTile","properties":{"header":"Manage Resources"}},"wdio_ui5_key":"sapm.GenericTile{\"header\":\"Manage Resources\"}"}]}
RESULT: {}
RESULT: {"script":"<script> [1562 bytes]","args":[{"selector":{"controlType":"sap.m.GenericTile","properties":{"header":"Manage Resources"}},"wdio_ui5_key":"sapm.GenericTile{\"header\":\"Manage Resources\"}"}]}
RESULT: undefined
COMMAND: POST /session/e486a1c8754caeb8d733034d4643631f/element - {"using":"xpath","value":"//*[@id=\"__tile39\"]"}
RESULT: {"using":"xpath","value":"//*[@id=\"__tile39\"]"}
COMMAND: POST /session/e486a1c8754caeb8d733034d4643631f/element/f.1A55FC214BCDC1A6E941175A5A5DD598.d.4D72DA063A7DD70E43526D2F9A5E61CC.e.149/click - {}
RESULT: {}
COMMAND: GET /session/e486a1c8754caeb8d733034d4643631f/screenshot - {}
RESULT: {}
COMMAND: POST /session/e486a1c8754caeb8d733034d4643631f/elements - {"using":"xpath","value":"//span[text()='Error']"}
RESULT: {"using":"xpath","value":"//span[text()='Error']"}
COMMAND: POST /session/e486a1c8754caeb8d733034d4643631f/element - {"using":"xpath","value":"//button[@data-kt=\"addNewRUOverflowToolbarButton\"]"}
RESULT: {"using":"xpath","value":"//button[@data-kt=\"addNewRUOverflowToolbarButton\"]"}
COMMAND: POST /session/e486a1c8754caeb8d733034d4643631f/elements - {"using":"xpath","value":"//button[@data-kt=\"addNewRUOverflowToolbarButton\"]"}
RESULT: {"using":"xpath","value":"//button[@data-kt=\"addNewRUOverflowToolbarButton\"]"}
COMMAND: POST /session/e486a1c8754caeb8d733034d4643631f/execute/sync - {"script":"<script> [8489 bytes]","args":[{"element-6066-11e4-a52e-4f735466cecf":"f.1A55FC214BCDC1A6E941175A5A5DD598.d.4D72DA063A7DD70E43526D2F9A5E61CC.e.2559","ELEMENT":"f.1A55FC214BCDC1A6E941175A5A5DD598.d.4D72DA063A7DD70E43526D2F9A5E61CC.e.2559"}]}
RESULT: {"script":"<script> [8489 bytes]","args":[{"element-6066-11e4-a52e-4f735466cecf":"f.1A55FC214BCDC1A6E941175A5A5DD598.d.4D72DA063A7DD70E43526D2F9A5E61CC.e.2559","ELEMENT":"f.1A55FC214BCDC1A6E941175A5A5DD598.d.4D72DA063A7DD70E43526D2F9A5E61CC.e.2559"}]}
COMMAND: GET /session/e486a1c8754caeb8d733034d4643631f/element/f.1A55FC214BCDC1A6E941175A5A5DD598.d.4D72DA063A7DD70E43526D2F9A5E61CC.e.2559/enabled - {}
COMMAND: GET /session/e486a1c8754caeb8d733034d4643631f/screenshot - {}
RESULT: {}
COMMAND: POST /session/e486a1c8754caeb8d733034d4643631f/execute/sync - {"script":"<script> [8489 bytes]","args":[{"element-6066-11e4-a52e-4f735466cecf":"f.1A55FC214BCDC1A6E941175A5A5DD598.d.4D72DA063A7DD70E43526D2F9A5E61CC.e.2559","ELEMENT":"f.1A55FC214BCDC1A6E941175A5A5DD598.d.4D72DA063A7DD70E43526D2F9A5E61CC.e.2559"}]}
COMMAND: GET /session/e486a1c8754caeb8d733034d4643631f/screenshot - {}
RESULT: {}
RESULT: {"script":"<script> [8489 bytes]","args":[{"element-6066-11e4-a52e-4f735466cecf":"f.1A55FC214BCDC1A6E941175A5A5DD598.d.4D72DA063A7DD70E43526D2F9A5E61CC.e.2559","ELEMENT":"f.1A55FC214BCDC1A6E941175A5A5DD598.d.4D72DA063A7DD70E43526D2F9A5E61CC.e.2559"}]}
COMMAND: POST /session/e486a1c8754caeb8d733034d4643631f/execute/sync - {"script":"<script> [5351 bytes]","args":[{"element-6066-11e4-a52e-4f735466cecf":"f.1A55FC214BCDC1A6E941175A5A5DD598.d.4D72DA063A7DD70E43526D2F9A5E61CC.e.2559","ELEMENT":"f.1A55FC214BCDC1A6E941175A5A5DD598.d.4D72DA063A7DD70E43526D2F9A5E61CC.e.2559"}]}
COMMAND: GET /session/e486a1c8754caeb8d733034d4643631f/screenshot - {}
RESULT: {}
RESULT: {"script":"<script> [5351 bytes]","args":[{"element-6066-11e4-a52e-4f735466cecf":"f.1A55FC214BCDC1A6E941175A5A5DD598.d.4D72DA063A7DD70E43526D2F9A5E61CC.e.2559","ELEMENT":"f.1A55FC214BCDC1A6E941175A5A5DD598.d.4D72DA063A7DD70E43526D2F9A5E61CC.e.2559"}]}
COMMAND: POST /session/e486a1c8754caeb8d733034d4643631f/element/f.1A55FC214BCDC1A6E941175A5A5DD598.d.4D72DA063A7DD70E43526D2F9A5E61CC.e.2559/click - {}
COMMAND: GET /session/e486a1c8754caeb8d733034d4643631f/screenshot - {}
RESULT: {}
RESULT: {}
COMMAND: GET /session/e486a1c8754caeb8d733034d4643631f/screenshot - {}
RESULT: {}
COMMAND: POST /session/e486a1c8754caeb8d733034d4643631f/execute/async - {"script":"<script> [1562 bytes]","args":[{"selector":{"id":"application-manageresources-display-component---newResourceUnit--TYPE-arrow"},"wdio_ui5_key":"applicationmanageresources-display-component---newResourceUnit--TYPE-arrow"}]}
RESULT: {}
RESULT: {"script":"<script> [1562 bytes]","args":[{"selector":{"id":"application-manageresources-display-component---newResourceUnit--TYPE-arrow"},"wdio_ui5_key":"applicationmanageresources-display-component---newResourceUnit--TYPE-arrow"}]}
RESULT: undefined
COMMAND: POST /session/e486a1c8754caeb8d733034d4643631f/element - {"using":"xpath","value":"//*[@id=\"application-manageresources-display-component---newResourceUnit--TYPE-arrow\"]"}
RESULT: {"using":"xpath","value":"//*[@id=\"application-manageresources-display-component---newResourceUnit--TYPE-arrow\"]"}
COMMAND: POST /session/e486a1c8754caeb8d733034d4643631f/element/f.1A55FC214BCDC1A6E941175A5A5DD598.d.4D72DA063A7DD70E43526D2F9A5E61CC.e.2931/click - {}
RESULT: {}
COMMAND: POST /session/e486a1c8754caeb8d733034d4643631f/element - {"using":"xpath","value":"//input[@id=\"application-manageresources-display-component---newResourceUnit--TYPE-inner\"]"}
COMMAND: GET /session/e486a1c8754caeb8d733034d4643631f/screenshot - {}
RESULT: {"using":"xpath","value":"//input[@id=\"application-manageresources-display-component---newResourceUnit--TYPE-inner\"]"}
COMMAND: POST /session/e486a1c8754caeb8d733034d4643631f/element/f.1A55FC214BCDC1A6E941175A5A5DD598.d.4D72DA063A7DD70E43526D2F9A5E61CC.e.2912/clear - {}
RESULT: {}
RESULT: {}
COMMAND: POST /session/e486a1c8754caeb8d733034d4643631f/element/f.1A55FC214BCDC1A6E941175A5A5DD598.d.4D72DA063A7DD70E43526D2F9A5E61CC.e.2912/value - {"text":"Equipment"}
COMMAND: GET /session/e486a1c8754caeb8d733034d4643631f/screenshot - {}
RESULT: {"text":"Equipment"}
COMMAND: GET /session/e486a1c8754caeb8d733034d4643631f/screenshot - {}
RESULT: {}
RESULT: {}
COMMAND: POST /session/e486a1c8754caeb8d733034d4643631f/actions - {"actions":[{"id":"action8","type":"key","parameters":{},"actions":[{"type":"keyDown","value":"î€‡"},{"type":"pause","duration":10},{"type":"keyUp","value":"î€‡"}]}]}
RESULT: {"actions":[{"id":"action8","type":"key","parameters":{},"actions":[{"type":"keyDown","value":"î€‡"},{"type":"pause","duration":10},{"type":"keyUp","value":"î€‡"}]}]}
COMMAND: POST /session/e486a1c8754caeb8d733034d4643631f/execute/async - {"script":"<script> [1562 bytes]","args":[{"selector":{"id":"application-manageresources-display-component---newResourceUnit--resourceId","interaction":{"idSuffix":"inner"}},"wdio_ui5_key":"applicationmanageresources-display-component---newResourceUnit--resourceId"}]}
COMMAND: GET /session/e486a1c8754caeb8d733034d4643631f/screenshot - {}
RESULT: {"script":"<script> [1562 bytes]","args":[{"selector":{"id":"application-manageresources-display-component---newResourceUnit--resourceId","interaction":{"idSuffix":"inner"}},"wdio_ui5_key":"applicationmanageresources-display-component---newResourceUnit--resourceId"}]}
RESULT: undefined
COMMAND: POST /session/e486a1c8754caeb8d733034d4643631f/execute/async - {"script":"<script> [776 bytes]","args":[{"enterText":"mXdQ6plEei","selector":{"id":"application-manageresources-display-component---newResourceUnit--resourceId","interaction":{"idSuffix":"inner"}},"clearTextFirst":true,"interactionType":"ENTER_TEXT"}]}
RESULT: {}
RESULT: {"script":"<script> [776 bytes]","args":[{"enterText":"mXdQ6plEei","selector":{"id":"application-manageresources-display-component---newResourceUnit--resourceId","interaction":{"idSuffix":"inner"}},"clearTextFirst":true,"interactionType":"ENTER_TEXT"}]}
COMMAND: POST /session/e486a1c8754caeb8d733034d4643631f/execute/async - {"script":"<script> [1562 bytes]","args":[{"selector":{"id":"application-manageresources-display-component---newResourceUnit--SHORT_TEXT","interaction":{"idSuffix":"inner"}},"wdio_ui5_key":"applicationmanageresources-display-component---newResourceUnit--SHORT_TEXT"}]}
RESULT: {"script":"<script> [1562 bytes]","args":[{"selector":{"id":"application-manageresources-display-component---newResourceUnit--SHORT_TEXT","interaction":{"idSuffix":"inner"}},"wdio_ui5_key":"applicationmanageresources-display-component---newResourceUnit--SHORT_TEXT"}]}
RESULT: undefined
COMMAND: POST /session/e486a1c8754caeb8d733034d4643631f/execute/async - {"script":"<script> [776 bytes]","args":[{"enterText":"Intercompany Equipment WDIO","selector":{"id":"application-manageresources-display-component---newResourceUnit--SHORT_TEXT","interaction":{"idSuffix":"inner"}},"clearTextFirst":true,"interactionType":"ENTER_TEXT"}]}
RESULT: {"script":"<script> [776 bytes]","args":[{"enterText":"Intercompany Equipment WDIO","selector":{"id":"application-manageresources-display-component---newResourceUnit--SHORT_TEXT","interaction":{"idSuffix":"inner"}},"clearTextFirst":true,"interactionType":"ENTER_TEXT"}]}
COMMAND: POST /session/e486a1c8754caeb8d733034d4643631f/execute/async - {"script":"<script> [1562 bytes]","args":[{"selector":{"id":"application-manageresources-display-component---newResourceUnit--BASE_UNIT_OF_MEASURE","interaction":{"idSuffix":"inner"}},"wdio_ui5_key":"applicationmanageresources-display-component---newResourceUnit--BASE_UNIT_OF_MEASURE"}]}
RESULT: {"script":"<script> [1562 bytes]","args":[{"selector":{"id":"application-manageresources-display-component---newResourceUnit--BASE_UNIT_OF_MEASURE","interaction":{"idSuffix":"inner"}},"wdio_ui5_key":"applicationmanageresources-display-component---newResourceUnit--BASE_UNIT_OF_MEASURE"}]}
RESULT: undefined
COMMAND: POST /session/e486a1c8754caeb8d733034d4643631f/execute/async - {"script":"<script> [776 bytes]","args":[{"enterText":"Piece","selector":{"id":"application-manageresources-display-component---newResourceUnit--BASE_UNIT_OF_MEASURE","interaction":{"idSuffix":"inner"}},"clearTextFirst":true,"interactionType":"ENTER_TEXT"}]}
RESULT: {"script":"<script> [776 bytes]","args":[{"enterText":"Piece","selector":{"id":"application-manageresources-display-component---newResourceUnit--BASE_UNIT_OF_MEASURE","interaction":{"idSuffix":"inner"}},"clearTextFirst":true,"interactionType":"ENTER_TEXT"}]}
COMMAND: POST /session/e486a1c8754caeb8d733034d4643631f/execute/async - {"script":"<script> [1562 bytes]","args":[{"selector":{"id":"application-manageresources-display-component---newResourceUnit--WEIGHT_UNIT","interaction":{"idSuffix":"inner"}},"wdio_ui5_key":"applicationmanageresources-display-component---newResourceUnit--WEIGHT_UNIT"}]}
RESULT: {"script":"<script> [1562 bytes]","args":[{"selector":{"id":"application-manageresources-display-component---newResourceUnit--WEIGHT_UNIT","interaction":{"idSuffix":"inner"}},"wdio_ui5_key":"applicationmanageresources-display-component---newResourceUnit--WEIGHT_UNIT"}]}
RESULT: undefined
COMMAND: POST /session/e486a1c8754caeb8d733034d4643631f/execute/async - {"script":"<script> [776 bytes]","args":[{"enterText":"Gram","selector":{"id":"application-manageresources-display-component---newResourceUnit--WEIGHT_UNIT","interaction":{"idSuffix":"inner"}},"clearTextFirst":true,"interactionType":"ENTER_TEXT"}]}
RESULT: {"script":"<script> [776 bytes]","args":[{"enterText":"Gram","selector":{"id":"application-manageresources-display-component---newResourceUnit--WEIGHT_UNIT","interaction":{"idSuffix":"inner"}},"clearTextFirst":true,"interactionType":"ENTER_TEXT"}]}
COMMAND: POST /session/e486a1c8754caeb8d733034d4643631f/execute/async - {"script":"<script> [1562 bytes]","args":[{"selector":{"id":"application-manageresources-display-component---newResourceUnit--DIMENSION_UNIT","interaction":{"idSuffix":"inner"}},"wdio_ui5_key":"applicationmanageresources-display-component---newResourceUnit--DIMENSION_UNIT"}]}
RESULT: {"script":"<script> [1562 bytes]","args":[{"selector":{"id":"application-manageresources-display-component---newResourceUnit--DIMENSION_UNIT","interaction":{"idSuffix":"inner"}},"wdio_ui5_key":"applicationmanageresources-display-component---newResourceUnit--DIMENSION_UNIT"}]}
RESULT: undefined
COMMAND: POST /session/e486a1c8754caeb8d733034d4643631f/execute/async - {"script":"<script> [776 bytes]","args":[{"enterText":"Meter","selector":{"id":"application-manageresources-display-component---newResourceUnit--DIMENSION_UNIT","interaction":{"idSuffix":"inner"}},"clearTextFirst":true,"interactionType":"ENTER_TEXT"}]}
RESULT: {"script":"<script> [776 bytes]","args":[{"enterText":"Meter","selector":{"id":"application-manageresources-display-component---newResourceUnit--DIMENSION_UNIT","interaction":{"idSuffix":"inner"}},"clearTextFirst":true,"interactionType":"ENTER_TEXT"}]}
COMMAND: POST /session/e486a1c8754caeb8d733034d4643631f/execute/async - {"script":"<script> [1562 bytes]","args":[{"selector":{"id":"application-manageresources-display-component---newResourceUnit--newRRUPage-anchBar-application-manageresources-display-component---newResourceUnit--control-anchor","interaction":{"idSuffix":"BDI-content"}},"wdio_ui5_key":"applicationmanageresources-display-component---newResourceUnit--newRRUPage-anchBar-application-manageresources-display-component---newResourceUnit--control-anchor"}]}
RESULT: {"script":"<script> [1562 bytes]","args":[{"selector":{"id":"application-manageresources-display-component---newResourceUnit--newRRUPage-anchBar-application-manageresources-display-component---newResourceUnit--control-anchor","interaction":{"idSuffix":"BDI-content"}},"wdio_ui5_key":"applicationmanageresources-display-component---newResourceUnit--newRRUPage-anchBar-application-manageresources-display-component---newResourceUnit--control-anchor"}]}
RESULT: undefined
COMMAND: POST /session/e486a1c8754caeb8d733034d4643631f/element - {"using":"xpath","value":"//*[@id=\"application-manageresources-display-component---newResourceUnit--newRRUPage-anchBar-application-manageresources-display-component---newResourceUnit--control-anchor\"]"}
RESULT: {"using":"xpath","value":"//*[@id=\"application-manageresources-display-component---newResourceUnit--newRRUPage-anchBar-application-manageresources-display-component---newResourceUnit--control-anchor\"]"}
COMMAND: POST /session/e486a1c8754caeb8d733034d4643631f/element/f.1A55FC214BCDC1A6E941175A5A5DD598.d.4D72DA063A7DD70E43526D2F9A5E61CC.e.3088/click - {}
RESULT: {}
COMMAND: POST /session/e486a1c8754caeb8d733034d4643631f/execute/async - {"script":"<script> [1562 bytes]","args":[{"selector":{"id":"application-manageresources-display-component---newResourceUnit--PLANNING_GROUP","interaction":{"idSuffix":"inner"}},"wdio_ui5_key":"applicationmanageresources-display-component---newResourceUnit--PLANNING_GROUP"}]}
COMMAND: GET /session/e486a1c8754caeb8d733034d4643631f/screenshot - {}
RESULT: {"script":"<script> [1562 bytes]","args":[{"selector":{"id":"application-manageresources-display-component---newResourceUnit--PLANNING_GROUP","interaction":{"idSuffix":"inner"}},"wdio_ui5_key":"applicationmanageresources-display-component---newResourceUnit--PLANNING_GROUP"}]}
RESULT: undefined
COMMAND: POST /session/e486a1c8754caeb8d733034d4643631f/execute/async - {"script":"<script> [776 bytes]","args":[{"enterText":"Heavy Equi","selector":{"id":"application-manageresources-display-component---newResourceUnit--PLANNING_GROUP","interaction":{"idSuffix":"inner"}},"clearTextFirst":true,"interactionType":"ENTER_TEXT"}]}
RESULT: {}
RESULT: {"script":"<script> [776 bytes]","args":[{"enterText":"Heavy Equi","selector":{"id":"application-manageresources-display-component---newResourceUnit--PLANNING_GROUP","interaction":{"idSuffix":"inner"}},"clearTextFirst":true,"interactionType":"ENTER_TEXT"}]}
COMMAND: POST /session/e486a1c8754caeb8d733034d4643631f/execute/async - {"script":"<script> [1562 bytes]","args":[{"selector":{"id":"application-manageresources-display-component---newResourceUnit--ITEM_TYPE-arrow"},"wdio_ui5_key":"applicationmanageresources-display-component---newResourceUnit--ITEM_TYPE-arrow"}]}
RESULT: {"script":"<script> [1562 bytes]","args":[{"selector":{"id":"application-manageresources-display-component---newResourceUnit--ITEM_TYPE-arrow"},"wdio_ui5_key":"applicationmanageresources-display-component---newResourceUnit--ITEM_TYPE-arrow"}]}
RESULT: undefined
COMMAND: POST /session/e486a1c8754caeb8d733034d4643631f/element - {"using":"xpath","value":"//*[@id=\"application-manageresources-display-component---newResourceUnit--ITEM_TYPE-arrow\"]"}
RESULT: {"using":"xpath","value":"//*[@id=\"application-manageresources-display-component---newResourceUnit--ITEM_TYPE-arrow\"]"}
COMMAND: POST /session/e486a1c8754caeb8d733034d4643631f/element/f.1A55FC214BCDC1A6E941175A5A5DD598.d.4D72DA063A7DD70E43526D2F9A5E61CC.e.3097/click - {}
RESULT: {}
COMMAND: POST /session/e486a1c8754caeb8d733034d4643631f/element - {"using":"xpath","value":"//ul[contains(@id,\"ITEM_TYPE-popup-list-listUl\")]//li[.//span[contains(text(),\"Resource Unit\")]]"}
COMMAND: GET /session/e486a1c8754caeb8d733034d4643631f/screenshot - {}
RESULT: {"using":"xpath","value":"//ul[contains(@id,\"ITEM_TYPE-popup-list-listUl\")]//li[.//span[contains(text(),\"Resource Unit\")]]"}
COMMAND: POST /session/e486a1c8754caeb8d733034d4643631f/element/f.1A55FC214BCDC1A6E941175A5A5DD598.d.4D72DA063A7DD70E43526D2F9A5E61CC.e.3098/click - {}
RESULT: {}
RESULT: {}
COMMAND: GET /session/e486a1c8754caeb8d733034d4643631f/screenshot - {}
RESULT: {}
COMMAND: POST /session/e486a1c8754caeb8d733034d4643631f/element - {"using":"css selector","value":"#application-manageresources-display-component---newResourceUnit--btnAddTimeSegment"}
RESULT: {"using":"css selector","value":"#application-manageresources-display-component---newResourceUnit--btnAddTimeSegment"}
COMMAND: GET /session/e486a1c8754caeb8d733034d4643631f/element/f.1A55FC214BCDC1A6E941175A5A5DD598.d.4D72DA063A7DD70E43526D2F9A5E61CC.e.3105/rect - {}
RESULT: {}
COMMAND: GET /session/e486a1c8754caeb8d733034d4643631f/window/rect - {}
RESULT: {}
COMMAND: POST /session/e486a1c8754caeb8d733034d4643631f/execute/sync - {"script":"<script> [92 bytes]","args":[]}
RESULT: {"script":"<script> [92 bytes]","args":[]}
COMMAND: POST /session/e486a1c8754caeb8d733034d4643631f/actions - {"actions":[{"id":"action9","type":"wheel","parameters":{},"actions":[{"type":"scroll","x":-1888,"y":-32,"deltaX":0,"deltaY":0,"duration":0,"origin":{"element-6066-11e4-a52e-4f735466cecf":"f.1A55FC214BCDC1A6E941175A5A5DD598.d.4D72DA063A7DD70E43526D2F9A5E61CC.e.3105"}}]}]}
COMMAND: GET /session/e486a1c8754caeb8d733034d4643631f/screenshot - {}
RESULT: {}
COMMAND: POST /session/e486a1c8754caeb8d733034d4643631f/execute/sync - {"script":"<script> [79 bytes]","args":[{"element-6066-11e4-a52e-4f735466cecf":"f.1A55FC214BCDC1A6E941175A5A5DD598.d.4D72DA063A7DD70E43526D2F9A5E61CC.e.3105","ELEMENT":"f.1A55FC214BCDC1A6E941175A5A5DD598.d.4D72DA063A7DD70E43526D2F9A5E61CC.e.3105"},{"block":"start","inline":"nearest"}]}
RESULT: {"script":"<script> [79 bytes]","args":[{"element-6066-11e4-a52e-4f735466cecf":"f.1A55FC214BCDC1A6E941175A5A5DD598.d.4D72DA063A7DD70E43526D2F9A5E61CC.e.3105","ELEMENT":"f.1A55FC214BCDC1A6E941175A5A5DD598.d.4D72DA063A7DD70E43526D2F9A5E61CC.e.3105"},{"block":"start","inline":"nearest"}]}
COMMAND: POST /session/e486a1c8754caeb8d733034d4643631f/execute/async - {"script":"<script> [1562 bytes]","args":[{"selector":{"id":"application-manageresources-display-component---newResourceUnit--btnAddTimeSegment","interaction":{"idSuffix":"inner"}},"wdio_ui5_key":"applicationmanageresources-display-component---newResourceUnit--btnAddTimeSegment"}]}
COMMAND: GET /session/e486a1c8754caeb8d733034d4643631f/screenshot - {}
RESULT: {"script":"<script> [1562 bytes]","args":[{"selector":{"id":"application-manageresources-display-component---newResourceUnit--btnAddTimeSegment","interaction":{"idSuffix":"inner"}},"wdio_ui5_key":"applicationmanageresources-display-component---newResourceUnit--btnAddTimeSegment"}]}
RESULT: undefined
COMMAND: POST /session/e486a1c8754caeb8d733034d4643631f/element - {"using":"xpath","value":"//*[@id=\"application-manageresources-display-component---newResourceUnit--btnAddTimeSegment\"]"}
RESULT: {}
RESULT: {"using":"xpath","value":"//*[@id=\"application-manageresources-display-component---newResourceUnit--btnAddTimeSegment\"]"}
COMMAND: POST /session/e486a1c8754caeb8d733034d4643631f/element/f.1A55FC214BCDC1A6E941175A5A5DD598.d.4D72DA063A7DD70E43526D2F9A5E61CC.e.3105/click - {}
RESULT: {}
COMMAND: GET /session/e486a1c8754caeb8d733034d4643631f/screenshot - {}
RESULT: {}
COMMAND: POST /session/e486a1c8754caeb8d733034d4643631f/element - {"using":"xpath","value":"//input[@id=\"application-manageresources-display-component---newResourceUnit--idRuTSAdmin-application-manageresources-display-component---newResourceUnit--RUTimeSegment-0-inner\"]"}
RESULT: {"using":"xpath","value":"//input[@id=\"application-manageresources-display-component---newResourceUnit--idRuTSAdmin-application-manageresources-display-component---newResourceUnit--RUTimeSegment-0-inner\"]"}
COMMAND: POST /session/e486a1c8754caeb8d733034d4643631f/element/f.1A55FC214BCDC1A6E941175A5A5DD598.d.4D72DA063A7DD70E43526D2F9A5E61CC.e.3111/clear - {}
RESULT: {}
COMMAND: POST /session/e486a1c8754caeb8d733034d4643631f/element/f.1A55FC214BCDC1A6E941175A5A5DD598.d.4D72DA063A7DD70E43526D2F9A5E61CC.e.3111/value - {"text":"688"}
COMMAND: GET /session/e486a1c8754caeb8d733034d4643631f/screenshot - {}
RESULT: {"text":"688"}
COMMAND: GET /session/e486a1c8754caeb8d733034d4643631f/screenshot - {}
RESULT: {}
RESULT: {}
COMMAND: POST /session/e486a1c8754caeb8d733034d4643631f/element - {"using":"xpath","value":"//li[.//span[text()='688']]"}
RESULT: {"using":"xpath","value":"//li[.//span[text()='688']]"}
COMMAND: POST /session/e486a1c8754caeb8d733034d4643631f/element/f.1A55FC214BCDC1A6E941175A5A5DD598.d.4D72DA063A7DD70E43526D2F9A5E61CC.e.3123/click - {}
RESULT: {}
COMMAND: GET /session/e486a1c8754caeb8d733034d4643631f/screenshot - {}
RESULT: {}
COMMAND: POST /session/e486a1c8754caeb8d733034d4643631f/element - {"using":"xpath","value":"(//span[contains(@id, \"-application-manageresources-display-component---newResourceUnit--RUTimeSegment-0-arrow\")])[6]"}
RESULT: {"using":"xpath","value":"(//span[contains(@id, \"-application-manageresources-display-component---newResourceUnit--RUTimeSegment-0-arrow\")])[6]"}
COMMAND: POST /session/e486a1c8754caeb8d733034d4643631f/element/f.1A55FC214BCDC1A6E941175A5A5DD598.d.4D72DA063A7DD70E43526D2F9A5E61CC.e.3124/click - {}
RESULT: {}
COMMAND: GET /session/e486a1c8754caeb8d733034d4643631f/screenshot - {}
RESULT: {}
COMMAND: POST /session/e486a1c8754caeb8d733034d4643631f/element - {"using":"xpath","value":"//span[contains(text(), \"PM Order\")]"}
RESULT: {"using":"xpath","value":"//span[contains(text(), \"PM Order\")]"}
COMMAND: POST /session/e486a1c8754caeb8d733034d4643631f/element/f.1A55FC214BCDC1A6E941175A5A5DD598.d.4D72DA063A7DD70E43526D2F9A5E61CC.e.3127/click - {}
RESULT: {}
COMMAND: GET /session/e486a1c8754caeb8d733034d4643631f/screenshot - {}
RESULT: {}
COMMAND: POST /session/e486a1c8754caeb8d733034d4643631f/element - {"using":"xpath","value":"(//span[contains(@id ,\"manageresources-display-component---newResourceUnit--RUTimeSegment-0-vhi\")])[1]"}
RESULT: {"using":"xpath","value":"(//span[contains(@id ,\"manageresources-display-component---newResourceUnit--RUTimeSegment-0-vhi\")])[1]"}
COMMAND: GET /session/e486a1c8754caeb8d733034d4643631f/element/f.1A55FC214BCDC1A6E941175A5A5DD598.d.4D72DA063A7DD70E43526D2F9A5E61CC.e.3131/rect - {}
RESULT: {}
COMMAND: GET /session/e486a1c8754caeb8d733034d4643631f/window/rect - {}
RESULT: {}
COMMAND: POST /session/e486a1c8754caeb8d733034d4643631f/execute/sync - {"script":"<script> [92 bytes]","args":[]}
RESULT: {"script":"<script> [92 bytes]","args":[]}
COMMAND: POST /session/e486a1c8754caeb8d733034d4643631f/actions - {"actions":[{"id":"action10","type":"wheel","parameters":{},"actions":[{"type":"scroll","x":-869,"y":-24,"deltaX":0,"deltaY":0,"duration":0,"origin":{"element-6066-11e4-a52e-4f735466cecf":"f.1A55FC214BCDC1A6E941175A5A5DD598.d.4D72DA063A7DD70E43526D2F9A5E61CC.e.3131"}}]}]}
COMMAND: GET /session/e486a1c8754caeb8d733034d4643631f/screenshot - {}
RESULT: {"actions":[{"id":"action10","type":"wheel","parameters":{},"actions":[{"type":"scroll","x":-869,"y":-24,"deltaX":0,"deltaY":0,"duration":0,"origin":{"element-6066-11e4-a52e-4f735466cecf":"f.1A55FC214BCDC1A6E941175A5A5DD598.d.4D72DA063A7DD70E43526D2F9A5E61CC.e.3131"}}]}]}
COMMAND: DELETE /session/e486a1c8754caeb8d733034d4643631f/actions - {}
COMMAND: GET /session/e486a1c8754caeb8d733034d4643631f/screenshot - {}
RESULT: {}
RESULT: {}
COMMAND: GET /session/e486a1c8754caeb8d733034d4643631f/screenshot - {}
RESULT: {}
RESULT: {}
COMMAND: POST /session/e486a1c8754caeb8d733034d4643631f/element/f.1A55FC214BCDC1A6E941175A5A5DD598.d.4D72DA063A7DD70E43526D2F9A5E61CC.e.3131/click - {}
RESULT: {}
COMMAND: GET /session/e486a1c8754caeb8d733034d4643631f/screenshot - {}
RESULT: {}
RESULT: undefined
COMMAND: POST /session/e486a1c8754caeb8d733034d4643631f/execute/async - {"script":"<script> [776 bytes]","args":[{"enterText":"4000360","selector":{"controlType":"sap.m.SearchField","properties":{"placeholder":"Search"},"searchOpenDialogs":true,"interaction":{"idSuffix":"I"}},"clearTextFirst":true,"interactionType":"ENTER_TEXT"}]}
RESULT: {"script":"<script> [776 bytes]","args":[{"enterText":"4000360","selector":{"controlType":"sap.m.SearchField","properties":{"placeholder":"Search"},"searchOpenDialogs":true,"interaction":{"idSuffix":"I"}},"clearTextFirst":true,"interactionType":"ENTER_TEXT"}]}
COMMAND: POST /session/e486a1c8754caeb8d733034d4643631f/actions - {"actions":[{"id":"action11","type":"key","parameters":{},"actions":[{"type":"keyDown","value":"î€‡"},{"type":"pause","duration":10},{"type":"keyUp","value":"î€‡"}]}]}
RESULT: {"actions":[{"id":"action11","type":"key","parameters":{},"actions":[{"type":"keyDown","value":"î€‡"},{"type":"pause","duration":10},{"type":"keyUp","value":"î€‡"}]}]}
COMMAND: GET /session/e486a1c8754caeb8d733034d4643631f/screenshot - {}
RESULT: {}
COMMAND: POST /session/e486a1c8754caeb8d733034d4643631f/element - {"using":"xpath","value":"//td/div/span[contains(text(), \"BGL Vehicles\")]"}
RESULT: {"using":"xpath","value":"//td/div/span[contains(text(), \"BGL Vehicles\")]"}
COMMAND: POST /session/e486a1c8754caeb8d733034d4643631f/element/f.1A55FC214BCDC1A6E941175A5A5DD598.d.4D72DA063A7DD70E43526D2F9A5E61CC.e.3151/click - {}
RESULT: {}
COMMAND: GET /session/e486a1c8754caeb8d733034d4643631f/screenshot - {}
RESULT: {}
COMMAND: POST /session/e486a1c8754caeb8d733034d4643631f/element - {"using":"xpath","value":"//bdi[contains(text(), \"OK\")]"}
RESULT: {"using":"xpath","value":"//bdi[contains(text(), \"OK\")]"}
COMMAND: POST /session/e486a1c8754caeb8d733034d4643631f/element/f.1A55FC214BCDC1A6E941175A5A5DD598.d.4D72DA063A7DD70E43526D2F9A5E61CC.e.3152/click - {}
RESULT: {}
COMMAND: GET /session/e486a1c8754caeb8d733034d4643631f/screenshot - {}
RESULT: {}
COMMAND: POST /session/e486a1c8754caeb8d733034d4643631f/execute/async - {"script":"<script> [1562 bytes]","args":[{"selector":{"id":"application-manageresources-display-component---newResourceUnit--newRRUPage-anchBar-application-manageresources-display-component---newResourceUnit--resource-anchor","interaction":{"idSuffix":"BDI-content"}},"wdio_ui5_key":"applicationmanageresources-display-component---newResourceUnit--newRRUPage-anchBar-application-manageresources-display-component---newResourceUnit--resource-anchor"}]}
RESULT: {"script":"<script> [1562 bytes]","args":[{"selector":{"id":"application-manageresources-display-component---newResourceUnit--newRRUPage-anchBar-application-manageresources-display-component---newResourceUnit--resource-anchor","interaction":{"idSuffix":"BDI-content"}},"wdio_ui5_key":"applicationmanageresources-display-component---newResourceUnit--newRRUPage-anchBar-application-manageresources-display-component---newResourceUnit--resource-anchor"}]}
RESULT: undefined
COMMAND: POST /session/e486a1c8754caeb8d733034d4643631f/element - {"using":"xpath","value":"//*[@id=\"application-manageresources-display-component---newResourceUnit--newRRUPage-anchBar-application-manageresources-display-component---newResourceUnit--resource-anchor\"]"}
RESULT: {"using":"xpath","value":"//*[@id=\"application-manageresources-display-component---newResourceUnit--newRRUPage-anchBar-application-manageresources-display-component---newResourceUnit--resource-anchor\"]"}
COMMAND: POST /session/e486a1c8754caeb8d733034d4643631f/element/f.1A55FC214BCDC1A6E941175A5A5DD598.d.4D72DA063A7DD70E43526D2F9A5E61CC.e.3156/click - {}
RESULT: {}
COMMAND: POST /session/e486a1c8754caeb8d733034d4643631f/execute/async - {"script":"<script> [1562 bytes]","args":[{"selector":{"id":"application-manageresources-display-component---newResourceUnit--PLANNED_DELIVERY_DATE","interaction":{"idSuffix":"inner"}},"wdio_ui5_key":"applicationmanageresources-display-component---newResourceUnit--PLANNED_DELIVERY_DATE"}]}
COMMAND: GET /session/e486a1c8754caeb8d733034d4643631f/screenshot - {}
RESULT: {"script":"<script> [1562 bytes]","args":[{"selector":{"id":"application-manageresources-display-component---newResourceUnit--PLANNED_DELIVERY_DATE","interaction":{"idSuffix":"inner"}},"wdio_ui5_key":"applicationmanageresources-display-component---newResourceUnit--PLANNED_DELIVERY_DATE"}]}
RESULT: undefined
COMMAND: POST /session/e486a1c8754caeb8d733034d4643631f/execute/async - {"script":"<script> [6424 bytes]","args":[{"element-6066-11e4-a52e-4f735466cecf":"f.1A55FC214BCDC1A6E941175A5A5DD598.d.4D72DA063A7DD70E43526D2F9A5E61CC.e.2987"},"setValue",["6/5/25"]]}
RESULT: {}
RESULT: {"script":"<script> [6424 bytes]","args":[{"element-6066-11e4-a52e-4f735466cecf":"f.1A55FC214BCDC1A6E941175A5A5DD598.d.4D72DA063A7DD70E43526D2F9A5E61CC.e.2987"},"setValue",["6/5/25"]]}
COMMAND: POST /session/e486a1c8754caeb8d733034d4643631f/element - {"using":"xpath","value":"//label[contains(@class, 'sapMLabelRequired') and .//bdi[contains(text(), 'Planned Retirement')]]"}
RESULT: {"using":"xpath","value":"//label[contains(@class, 'sapMLabelRequired') and .//bdi[contains(text(), 'Planned Retirement')]]"}
COMMAND: POST /session/e486a1c8754caeb8d733034d4643631f/elements - {"using":"xpath","value":"//label[contains(@class, 'sapMLabelRequired') and .//bdi[contains(text(), 'Planned Retirement')]]"}
RESULT: {"using":"xpath","value":"//label[contains(@class, 'sapMLabelRequired') and .//bdi[contains(text(), 'Planned Retirement')]]"}
COMMAND: POST /session/e486a1c8754caeb8d733034d4643631f/element - {"using":"xpath","value":"//button[@data-kt=\"resourceUnitSaveButton\"]"}
RESULT: {"using":"xpath","value":"//button[@data-kt=\"resourceUnitSaveButton\"]"}
COMMAND: POST /session/e486a1c8754caeb8d733034d4643631f/element/f.1A55FC214BCDC1A6E941175A5A5DD598.d.4D72DA063A7DD70E43526D2F9A5E61CC.e.2947/click - {}
RESULT: {}
COMMAND: GET /session/e486a1c8754caeb8d733034d4643631f/screenshot - {}
RESULT: {}
COMMAND: POST /session/e486a1c8754caeb8d733034d4643631f/element - {"using":"xpath","value":"//bdi[contains(text(), \"Close\")]"}
RESULT: {"using":"xpath","value":"//bdi[contains(text(), \"Close\")]"}
COMMAND: POST /session/e486a1c8754caeb8d733034d4643631f/element/f.1A55FC214BCDC1A6E941175A5A5DD598.d.4D72DA063A7DD70E43526D2F9A5E61CC.e.3164/click - {}
RESULT: {}
COMMAND: GET /session/e486a1c8754caeb8d733034d4643631f/screenshot - {}
RESULT: {}
COMMAND: POST /session/e486a1c8754caeb8d733034d4643631f/element - {"using":"xpath","value":"(//button[contains(@id ,\"actionsToolbar-overflowButton\")])[1]"}
RESULT: {"using":"xpath","value":"(//button[contains(@id ,\"actionsToolbar-overflowButton\")])[1]"}
COMMAND: POST /session/e486a1c8754caeb8d733034d4643631f/element/f.1A55FC214BCDC1A6E941175A5A5DD598.d.4D72DA063A7DD70E43526D2F9A5E61CC.e.3232/click - {}
RESULT: {}
COMMAND: GET /session/e486a1c8754caeb8d733034d4643631f/screenshot - {}
RESULT: {}
COMMAND: POST /session/e486a1c8754caeb8d733034d4643631f/element - {"using":"xpath","value":"//button[@data-kt=\"priceInfoButton\"]"}
RESULT: {"using":"xpath","value":"//button[@data-kt=\"priceInfoButton\"]"}
COMMAND: POST /session/e486a1c8754caeb8d733034d4643631f/element/f.1A55FC214BCDC1A6E941175A5A5DD598.d.4D72DA063A7DD70E43526D2F9A5E61CC.e.3234/click - {}
RESULT: {}
COMMAND: GET /session/e486a1c8754caeb8d733034d4643631f/screenshot - {}
RESULT: {}
]]></system-out>
    </testcase>
    <testcase classname="chrome.137_0_7151_69.windows.Billing_confirm_US117289" name="Should create new pricing rule" time="50.08">
      <system-out><![CDATA[
COMMAND: POST /session/e486a1c8754caeb8d733034d4643631f/element - {"using":"xpath","value":"//button[@data-kt=\"addButton\"]"}
RESULT: {"using":"xpath","value":"//button[@data-kt=\"addButton\"]"}
COMMAND: POST /session/e486a1c8754caeb8d733034d4643631f/elements - {"using":"xpath","value":"//button[@data-kt=\"addButton\"]"}
RESULT: {"using":"xpath","value":"//button[@data-kt=\"addButton\"]"}
COMMAND: POST /session/e486a1c8754caeb8d733034d4643631f/elements - {"using":"xpath","value":"//button[@data-kt=\"addButton\"]"}
RESULT: {"using":"xpath","value":"//button[@data-kt=\"addButton\"]"}
COMMAND: POST /session/e486a1c8754caeb8d733034d4643631f/element - {"using":"xpath","value":"//button[@data-kt=\"addButton\"]"}
RESULT: {"using":"xpath","value":"//button[@data-kt=\"addButton\"]"}
COMMAND: POST /session/e486a1c8754caeb8d733034d4643631f/execute/sync - {"script":"<script> [8489 bytes]","args":[{"element-6066-11e4-a52e-4f735466cecf":"f.1A55FC214BCDC1A6E941175A5A5DD598.d.4D72DA063A7DD70E43526D2F9A5E61CC.e.3271","ELEMENT":"f.1A55FC214BCDC1A6E941175A5A5DD598.d.4D72DA063A7DD70E43526D2F9A5E61CC.e.3271"}]}
RESULT: {"script":"<script> [8489 bytes]","args":[{"element-6066-11e4-a52e-4f735466cecf":"f.1A55FC214BCDC1A6E941175A5A5DD598.d.4D72DA063A7DD70E43526D2F9A5E61CC.e.3271","ELEMENT":"f.1A55FC214BCDC1A6E941175A5A5DD598.d.4D72DA063A7DD70E43526D2F9A5E61CC.e.3271"}]}
COMMAND: GET /session/e486a1c8754caeb8d733034d4643631f/element/f.1A55FC214BCDC1A6E941175A5A5DD598.d.4D72DA063A7DD70E43526D2F9A5E61CC.e.3271/enabled - {}
COMMAND: GET /session/e486a1c8754caeb8d733034d4643631f/screenshot - {}
RESULT: {}
COMMAND: POST /session/e486a1c8754caeb8d733034d4643631f/execute/sync - {"script":"<script> [8489 bytes]","args":[{"element-6066-11e4-a52e-4f735466cecf":"f.1A55FC214BCDC1A6E941175A5A5DD598.d.4D72DA063A7DD70E43526D2F9A5E61CC.e.3271","ELEMENT":"f.1A55FC214BCDC1A6E941175A5A5DD598.d.4D72DA063A7DD70E43526D2F9A5E61CC.e.3271"}]}
COMMAND: GET /session/e486a1c8754caeb8d733034d4643631f/screenshot - {}
RESULT: {}
RESULT: {"script":"<script> [8489 bytes]","args":[{"element-6066-11e4-a52e-4f735466cecf":"f.1A55FC214BCDC1A6E941175A5A5DD598.d.4D72DA063A7DD70E43526D2F9A5E61CC.e.3271","ELEMENT":"f.1A55FC214BCDC1A6E941175A5A5DD598.d.4D72DA063A7DD70E43526D2F9A5E61CC.e.3271"}]}
COMMAND: POST /session/e486a1c8754caeb8d733034d4643631f/execute/sync - {"script":"<script> [5351 bytes]","args":[{"element-6066-11e4-a52e-4f735466cecf":"f.1A55FC214BCDC1A6E941175A5A5DD598.d.4D72DA063A7DD70E43526D2F9A5E61CC.e.3271","ELEMENT":"f.1A55FC214BCDC1A6E941175A5A5DD598.d.4D72DA063A7DD70E43526D2F9A5E61CC.e.3271"}]}
COMMAND: GET /session/e486a1c8754caeb8d733034d4643631f/screenshot - {}
RESULT: {}
RESULT: {"script":"<script> [5351 bytes]","args":[{"element-6066-11e4-a52e-4f735466cecf":"f.1A55FC214BCDC1A6E941175A5A5DD598.d.4D72DA063A7DD70E43526D2F9A5E61CC.e.3271","ELEMENT":"f.1A55FC214BCDC1A6E941175A5A5DD598.d.4D72DA063A7DD70E43526D2F9A5E61CC.e.3271"}]}
COMMAND: POST /session/e486a1c8754caeb8d733034d4643631f/element/f.1A55FC214BCDC1A6E941175A5A5DD598.d.4D72DA063A7DD70E43526D2F9A5E61CC.e.3271/click - {}
COMMAND: GET /session/e486a1c8754caeb8d733034d4643631f/screenshot - {}
RESULT: {}
RESULT: {}
COMMAND: GET /session/e486a1c8754caeb8d733034d4643631f/screenshot - {}
RESULT: {}
RESULT: {}
COMMAND: POST /session/e486a1c8754caeb8d733034d4643631f/execute/async - {"script":"<script> [1562 bytes]","args":[{"selector":{"controlType":"sap.m.Title","viewName":"etm.portal.ui.managepricingrules.view.NewItem","viewId":"application-managepricingrules-display-component---newInfoPriceItem","properties":{"text":"New Pricing Rules - Item Level"}},"wdio_ui5_key":"etmportal.ui.managepricingrules.view.NewItemsap.m.Title{\"text\":\"New Pricing Rules - Item Level\"}"}]}
RESULT: {"script":"<script> [1562 bytes]","args":[{"selector":{"controlType":"sap.m.Title","viewName":"etm.portal.ui.managepricingrules.view.NewItem","viewId":"application-managepricingrules-display-component---newInfoPriceItem","properties":{"text":"New Pricing Rules - Item Level"}},"wdio_ui5_key":"etmportal.ui.managepricingrules.view.NewItemsap.m.Title{\"text\":\"New Pricing Rules - Item Level\"}"}]}
RESULT: undefined
COMMAND: POST /session/e486a1c8754caeb8d733034d4643631f/execute/async - {"script":"<script> [6424 bytes]","args":[{"element-6066-11e4-a52e-4f735466cecf":"f.1A55FC214BCDC1A6E941175A5A5DD598.d.4D72DA063A7DD70E43526D2F9A5E61CC.e.3446"},"getText",[]]}
RESULT: {"script":"<script> [6424 bytes]","args":[{"element-6066-11e4-a52e-4f735466cecf":"f.1A55FC214BCDC1A6E941175A5A5DD598.d.4D72DA063A7DD70E43526D2F9A5E61CC.e.3446"},"getText",[]]}
COMMAND: POST /session/e486a1c8754caeb8d733034d4643631f/execute/async - {"script":"<script> [1562 bytes]","args":[{"selector":{"id":"application-managepricingrules-display-component---newInfoPriceItem--condValidTo","interaction":{"idSuffix":"inner"}},"wdio_ui5_key":"applicationmanagepricingrules-display-component---newInfoPriceItem--condValidTo"}]}
RESULT: {"script":"<script> [1562 bytes]","args":[{"selector":{"id":"application-managepricingrules-display-component---newInfoPriceItem--condValidTo","interaction":{"idSuffix":"inner"}},"wdio_ui5_key":"applicationmanagepricingrules-display-component---newInfoPriceItem--condValidTo"}]}
RESULT: undefined
COMMAND: POST /session/e486a1c8754caeb8d733034d4643631f/execute/async - {"script":"<script> [776 bytes]","args":[{"enterText":"2/5/26","selector":{"id":"application-managepricingrules-display-component---newInfoPriceItem--condValidTo","interaction":{"idSuffix":"inner"}},"clearTextFirst":true,"interactionType":"ENTER_TEXT"}]}
RESULT: {"script":"<script> [776 bytes]","args":[{"enterText":"2/5/26","selector":{"id":"application-managepricingrules-display-component---newInfoPriceItem--condValidTo","interaction":{"idSuffix":"inner"}},"clearTextFirst":true,"interactionType":"ENTER_TEXT"}]}
COMMAND: POST /session/e486a1c8754caeb8d733034d4643631f/execute/async - {"script":"<script> [1562 bytes]","args":[{"selector":{"id":"application-managepricingrules-display-component---newInfoPriceItem--billType-arrow"},"wdio_ui5_key":"applicationmanagepricingrules-display-component---newInfoPriceItem--billType-arrow"}]}
RESULT: {"script":"<script> [1562 bytes]","args":[{"selector":{"id":"application-managepricingrules-display-component---newInfoPriceItem--billType-arrow"},"wdio_ui5_key":"applicationmanagepricingrules-display-component---newInfoPriceItem--billType-arrow"}]}
RESULT: undefined
COMMAND: POST /session/e486a1c8754caeb8d733034d4643631f/element - {"using":"xpath","value":"//*[@id=\"application-managepricingrules-display-component---newInfoPriceItem--billType-arrow\"]"}
RESULT: {"using":"xpath","value":"//*[@id=\"application-managepricingrules-display-component---newInfoPriceItem--billType-arrow\"]"}
COMMAND: POST /session/e486a1c8754caeb8d733034d4643631f/element/f.1A55FC214BCDC1A6E941175A5A5DD598.d.4D72DA063A7DD70E43526D2F9A5E61CC.e.3407/click - {}
RESULT: {}
COMMAND: POST /session/e486a1c8754caeb8d733034d4643631f/element - {"using":"xpath","value":"//span[contains(text(), \"TB - Time based\")]"}
COMMAND: GET /session/e486a1c8754caeb8d733034d4643631f/screenshot - {}
RESULT: {"using":"xpath","value":"//span[contains(text(), \"TB - Time based\")]"}
COMMAND: POST /session/e486a1c8754caeb8d733034d4643631f/element/f.1A55FC214BCDC1A6E941175A5A5DD598.d.4D72DA063A7DD70E43526D2F9A5E61CC.e.3450/click - {}
RESULT: {}
RESULT: {}
COMMAND: POST /session/e486a1c8754caeb8d733034d4643631f/execute/async - {"script":"<script> [1562 bytes]","args":[{"selector":{"id":"application-managepricingrules-display-component---newInfoPriceItem--priceProc-arrow"},"wdio_ui5_key":"applicationmanagepricingrules-display-component---newInfoPriceItem--priceProc-arrow"}]}
COMMAND: GET /session/e486a1c8754caeb8d733034d4643631f/screenshot - {}
RESULT: {"script":"<script> [1562 bytes]","args":[{"selector":{"id":"application-managepricingrules-display-component---newInfoPriceItem--priceProc-arrow"},"wdio_ui5_key":"applicationmanagepricingrules-display-component---newInfoPriceItem--priceProc-arrow"}]}
RESULT: undefined
COMMAND: POST /session/e486a1c8754caeb8d733034d4643631f/element - {"using":"xpath","value":"//*[@id=\"application-managepricingrules-display-component---newInfoPriceItem--priceProc-arrow\"]"}
RESULT: {}
RESULT: {"using":"xpath","value":"//*[@id=\"application-managepricingrules-display-component---newInfoPriceItem--priceProc-arrow\"]"}
COMMAND: POST /session/e486a1c8754caeb8d733034d4643631f/element/f.1A55FC214BCDC1A6E941175A5A5DD598.d.4D72DA063A7DD70E43526D2F9A5E61CC.e.3414/click - {}
RESULT: {}
COMMAND: POST /session/e486a1c8754caeb8d733034d4643631f/element - {"using":"xpath","value":"//span[contains(text(), \"TBS - Time based standard\")]"}
COMMAND: GET /session/e486a1c8754caeb8d733034d4643631f/screenshot - {}
RESULT: {"using":"xpath","value":"//span[contains(text(), \"TBS - Time based standard\")]"}
COMMAND: POST /session/e486a1c8754caeb8d733034d4643631f/element/f.1A55FC214BCDC1A6E941175A5A5DD598.d.4D72DA063A7DD70E43526D2F9A5E61CC.e.3451/click - {}
RESULT: {}
RESULT: {}
COMMAND: POST /session/e486a1c8754caeb8d733034d4643631f/execute/async - {"script":"<script> [1562 bytes]","args":[{"selector":{"id":"application-managepricingrules-display-component---newInfoPriceItem--calcBase-arrow"},"wdio_ui5_key":"applicationmanagepricingrules-display-component---newInfoPriceItem--calcBase-arrow"}]}
COMMAND: GET /session/e486a1c8754caeb8d733034d4643631f/screenshot - {}
RESULT: {"script":"<script> [1562 bytes]","args":[{"selector":{"id":"application-managepricingrules-display-component---newInfoPriceItem--calcBase-arrow"},"wdio_ui5_key":"applicationmanagepricingrules-display-component---newInfoPriceItem--calcBase-arrow"}]}
RESULT: undefined
COMMAND: POST /session/e486a1c8754caeb8d733034d4643631f/element - {"using":"xpath","value":"//*[@id=\"application-managepricingrules-display-component---newInfoPriceItem--calcBase-arrow\"]"}
RESULT: {}
RESULT: {"using":"xpath","value":"//*[@id=\"application-managepricingrules-display-component---newInfoPriceItem--calcBase-arrow\"]"}
COMMAND: POST /session/e486a1c8754caeb8d733034d4643631f/element/f.1A55FC214BCDC1A6E941175A5A5DD598.d.4D72DA063A7DD70E43526D2F9A5E61CC.e.3421/click - {}
RESULT: {}
COMMAND: GET /session/e486a1c8754caeb8d733034d4643631f/screenshot - {}
RESULT: {}
COMMAND: POST /session/e486a1c8754caeb8d733034d4643631f/element - {"using":"xpath","value":"//span[contains(text(), \"0006 - TB(calendar days)\")]"}
RESULT: {"using":"xpath","value":"//span[contains(text(), \"0006 - TB(calendar days)\")]"}
COMMAND: POST /session/e486a1c8754caeb8d733034d4643631f/element/f.1A55FC214BCDC1A6E941175A5A5DD598.d.4D72DA063A7DD70E43526D2F9A5E61CC.e.3452/click - {}
RESULT: {}
COMMAND: GET /session/e486a1c8754caeb8d733034d4643631f/screenshot - {}
RESULT: {}
COMMAND: POST /session/e486a1c8754caeb8d733034d4643631f/execute/async - {"script":"<script> [1562 bytes]","args":[{"selector":{"id":"application-managepricingrules-display-component---newInfoPriceItem--daysMonth","interaction":{"idSuffix":"inner"}},"wdio_ui5_key":"applicationmanagepricingrules-display-component---newInfoPriceItem--daysMonth"}]}
RESULT: {"script":"<script> [1562 bytes]","args":[{"selector":{"id":"application-managepricingrules-display-component---newInfoPriceItem--daysMonth","interaction":{"idSuffix":"inner"}},"wdio_ui5_key":"applicationmanagepricingrules-display-component---newInfoPriceItem--daysMonth"}]}
RESULT: undefined
COMMAND: POST /session/e486a1c8754caeb8d733034d4643631f/execute/async - {"script":"<script> [776 bytes]","args":[{"enterText":"30","selector":{"id":"application-managepricingrules-display-component---newInfoPriceItem--daysMonth","interaction":{"idSuffix":"inner"}},"clearTextFirst":true,"interactionType":"ENTER_TEXT"}]}
RESULT: {"script":"<script> [776 bytes]","args":[{"enterText":"30","selector":{"id":"application-managepricingrules-display-component---newInfoPriceItem--daysMonth","interaction":{"idSuffix":"inner"}},"clearTextFirst":true,"interactionType":"ENTER_TEXT"}]}
COMMAND: POST /session/e486a1c8754caeb8d733034d4643631f/element - {"using":"xpath","value":"//button[@data-kt=\"saveNewRuleButton\"]"}
RESULT: {"using":"xpath","value":"//button[@data-kt=\"saveNewRuleButton\"]"}
COMMAND: POST /session/e486a1c8754caeb8d733034d4643631f/element/f.1A55FC214BCDC1A6E941175A5A5DD598.d.4D72DA063A7DD70E43526D2F9A5E61CC.e.3441/click - {}
RESULT: {}
COMMAND: GET /session/e486a1c8754caeb8d733034d4643631f/screenshot - {}
RESULT: {}
COMMAND: POST /session/e486a1c8754caeb8d733034d4643631f/execute/async - {"script":"<script> [1562 bytes]","args":[{"selector":{"id":"application-managepricingrules-display-component---priceInfoItem--smartFilterBar-btnBasicSearch","interaction":{"idSuffix":"I"}},"wdio_ui5_key":"applicationmanagepricingrules-display-component---priceInfoItem--smartFilterBar-btnBasicSearch"}]}
RESULT: {"script":"<script> [1562 bytes]","args":[{"selector":{"id":"application-managepricingrules-display-component---priceInfoItem--smartFilterBar-btnBasicSearch","interaction":{"idSuffix":"I"}},"wdio_ui5_key":"applicationmanagepricingrules-display-component---priceInfoItem--smartFilterBar-btnBasicSearch"}]}
RESULT: undefined
COMMAND: POST /session/e486a1c8754caeb8d733034d4643631f/execute/async - {"script":"<script> [776 bytes]","args":[{"enterText":"mXdQ6plEei","selector":{"id":"application-managepricingrules-display-component---priceInfoItem--smartFilterBar-btnBasicSearch","interaction":{"idSuffix":"I"}},"clearTextFirst":true,"interactionType":"ENTER_TEXT"}]}
RESULT: {"script":"<script> [776 bytes]","args":[{"enterText":"mXdQ6plEei","selector":{"id":"application-managepricingrules-display-component---priceInfoItem--smartFilterBar-btnBasicSearch","interaction":{"idSuffix":"I"}},"clearTextFirst":true,"interactionType":"ENTER_TEXT"}]}
COMMAND: POST /session/e486a1c8754caeb8d733034d4643631f/actions - {"actions":[{"id":"action12","type":"key","parameters":{},"actions":[{"type":"keyDown","value":"î€‡"},{"type":"pause","duration":10},{"type":"keyUp","value":"î€‡"}]}]}
RESULT: {"actions":[{"id":"action12","type":"key","parameters":{},"actions":[{"type":"keyDown","value":"î€‡"},{"type":"pause","duration":10},{"type":"keyUp","value":"î€‡"}]}]}
COMMAND: GET /session/e486a1c8754caeb8d733034d4643631f/screenshot - {}
RESULT: {}
COMMAND: POST /session/e486a1c8754caeb8d733034d4643631f/element - {"using":"xpath","value":"//span[@id=\"application-managepricingrules-display-component---priceInfoItem--smartTable-header-inner\"]"}
RESULT: {"using":"xpath","value":"//span[@id=\"application-managepricingrules-display-component---priceInfoItem--smartTable-header-inner\"]"}
COMMAND: POST /session/e486a1c8754caeb8d733034d4643631f/elements - {"using":"xpath","value":"//span[@id=\"application-managepricingrules-display-component---priceInfoItem--smartTable-header-inner\"]"}
RESULT: {"using":"xpath","value":"//span[@id=\"application-managepricingrules-display-component---priceInfoItem--smartTable-header-inner\"]"}
COMMAND: POST /session/e486a1c8754caeb8d733034d4643631f/execute/sync - {"script":"<script> [56 bytes]","args":[{"element-6066-11e4-a52e-4f735466cecf":"f.1A55FC214BCDC1A6E941175A5A5DD598.d.4D72DA063A7DD70E43526D2F9A5E61CC.e.3477","ELEMENT":"f.1A55FC214BCDC1A6E941175A5A5DD598.d.4D72DA063A7DD70E43526D2F9A5E61CC.e.3477"}]}
RESULT: {"script":"<script> [56 bytes]","args":[{"element-6066-11e4-a52e-4f735466cecf":"f.1A55FC214BCDC1A6E941175A5A5DD598.d.4D72DA063A7DD70E43526D2F9A5E61CC.e.3477","ELEMENT":"f.1A55FC214BCDC1A6E941175A5A5DD598.d.4D72DA063A7DD70E43526D2F9A5E61CC.e.3477"}]}
COMMAND: POST /session/e486a1c8754caeb8d733034d4643631f/element - {"using":"css selector","value":"#shell-header-logo"}
COMMAND: GET /session/e486a1c8754caeb8d733034d4643631f/screenshot - {}
RESULT: {"using":"css selector","value":"#shell-header-logo"}
COMMAND: POST /session/e486a1c8754caeb8d733034d4643631f/element/f.1A55FC214BCDC1A6E941175A5A5DD598.d.4D72DA063A7DD70E43526D2F9A5E61CC.e.2529/click - {}
RESULT: {}
RESULT: {}
COMMAND: GET /session/e486a1c8754caeb8d733034d4643631f/screenshot - {}
RESULT: {}
]]></system-out>
    </testcase>
    <testcase classname="chrome.137_0_7151_69.windows.Billing_confirm_US117289" name="Should create new condition for equipment" time="63.299">
      <system-out><![CDATA[
COMMAND: POST /session/e486a1c8754caeb8d733034d4643631f/execute/async - {"script":"<script> [1562 bytes]","args":[{"selector":{"controlType":"sap.m.GenericTile","properties":{"header":"Manage Conditions & Prices"}},"wdio_ui5_key":"sapm.GenericTile{\"header\":\"Manage Conditions & Prices\"}"}]}
RESULT: {"script":"<script> [1562 bytes]","args":[{"selector":{"controlType":"sap.m.GenericTile","properties":{"header":"Manage Conditions & Prices"}},"wdio_ui5_key":"sapm.GenericTile{\"header\":\"Manage Conditions & Prices\"}"}]}
RESULT: undefined
COMMAND: POST /session/e486a1c8754caeb8d733034d4643631f/element - {"using":"xpath","value":"//*[@id=\"__tile53\"]"}
RESULT: {"using":"xpath","value":"//*[@id=\"__tile53\"]"}
COMMAND: POST /session/e486a1c8754caeb8d733034d4643631f/element/f.1A55FC214BCDC1A6E941175A5A5DD598.d.4D72DA063A7DD70E43526D2F9A5E61CC.e.195/click - {}
RESULT: {}
COMMAND: GET /session/e486a1c8754caeb8d733034d4643631f/screenshot - {}
RESULT: {}
COMMAND: POST /session/e486a1c8754caeb8d733034d4643631f/elements - {"using":"xpath","value":"//span[text()='Error']"}
RESULT: {"using":"xpath","value":"//span[text()='Error']"}
COMMAND: POST /session/e486a1c8754caeb8d733034d4643631f/element - {"using":"xpath","value":"//button[@aria-label=\"Create\"]"}
RESULT: {"using":"xpath","value":"//button[@aria-label=\"Create\"]"}
COMMAND: POST /session/e486a1c8754caeb8d733034d4643631f/elements - {"using":"xpath","value":"//button[@aria-label=\"Create\"]"}
RESULT: {"using":"xpath","value":"//button[@aria-label=\"Create\"]"}
COMMAND: POST /session/e486a1c8754caeb8d733034d4643631f/execute/sync - {"script":"<script> [8489 bytes]","args":[{"element-6066-11e4-a52e-4f735466cecf":"f.1A55FC214BCDC1A6E941175A5A5DD598.d.4D72DA063A7DD70E43526D2F9A5E61CC.e.3513","ELEMENT":"f.1A55FC214BCDC1A6E941175A5A5DD598.d.4D72DA063A7DD70E43526D2F9A5E61CC.e.3513"}]}
RESULT: {"script":"<script> [8489 bytes]","args":[{"element-6066-11e4-a52e-4f735466cecf":"f.1A55FC214BCDC1A6E941175A5A5DD598.d.4D72DA063A7DD70E43526D2F9A5E61CC.e.3513","ELEMENT":"f.1A55FC214BCDC1A6E941175A5A5DD598.d.4D72DA063A7DD70E43526D2F9A5E61CC.e.3513"}]}
COMMAND: GET /session/e486a1c8754caeb8d733034d4643631f/element/f.1A55FC214BCDC1A6E941175A5A5DD598.d.4D72DA063A7DD70E43526D2F9A5E61CC.e.3513/enabled - {}
COMMAND: GET /session/e486a1c8754caeb8d733034d4643631f/screenshot - {}
RESULT: {}
COMMAND: POST /session/e486a1c8754caeb8d733034d4643631f/execute/sync - {"script":"<script> [8489 bytes]","args":[{"element-6066-11e4-a52e-4f735466cecf":"f.1A55FC214BCDC1A6E941175A5A5DD598.d.4D72DA063A7DD70E43526D2F9A5E61CC.e.3513","ELEMENT":"f.1A55FC214BCDC1A6E941175A5A5DD598.d.4D72DA063A7DD70E43526D2F9A5E61CC.e.3513"}]}
COMMAND: GET /session/e486a1c8754caeb8d733034d4643631f/screenshot - {}
RESULT: {}
RESULT: {"script":"<script> [8489 bytes]","args":[{"element-6066-11e4-a52e-4f735466cecf":"f.1A55FC214BCDC1A6E941175A5A5DD598.d.4D72DA063A7DD70E43526D2F9A5E61CC.e.3513","ELEMENT":"f.1A55FC214BCDC1A6E941175A5A5DD598.d.4D72DA063A7DD70E43526D2F9A5E61CC.e.3513"}]}
COMMAND: POST /session/e486a1c8754caeb8d733034d4643631f/execute/sync - {"script":"<script> [5351 bytes]","args":[{"element-6066-11e4-a52e-4f735466cecf":"f.1A55FC214BCDC1A6E941175A5A5DD598.d.4D72DA063A7DD70E43526D2F9A5E61CC.e.3513","ELEMENT":"f.1A55FC214BCDC1A6E941175A5A5DD598.d.4D72DA063A7DD70E43526D2F9A5E61CC.e.3513"}]}
COMMAND: GET /session/e486a1c8754caeb8d733034d4643631f/screenshot - {}
RESULT: {}
RESULT: {"script":"<script> [5351 bytes]","args":[{"element-6066-11e4-a52e-4f735466cecf":"f.1A55FC214BCDC1A6E941175A5A5DD598.d.4D72DA063A7DD70E43526D2F9A5E61CC.e.3513","ELEMENT":"f.1A55FC214BCDC1A6E941175A5A5DD598.d.4D72DA063A7DD70E43526D2F9A5E61CC.e.3513"}]}
COMMAND: POST /session/e486a1c8754caeb8d733034d4643631f/element/f.1A55FC214BCDC1A6E941175A5A5DD598.d.4D72DA063A7DD70E43526D2F9A5E61CC.e.3513/click - {}
COMMAND: GET /session/e486a1c8754caeb8d733034d4643631f/screenshot - {}
RESULT: {}
RESULT: {}
COMMAND: GET /session/e486a1c8754caeb8d733034d4643631f/screenshot - {}
RESULT: {}
RESULT: {}
COMMAND: POST /session/e486a1c8754caeb8d733034d4643631f/actions - {"actions":[{"id":"action13","type":"key","parameters":{},"actions":[{"type":"keyDown","value":"î€‡"},{"type":"pause","duration":10},{"type":"keyUp","value":"î€‡"}]}]}
RESULT: {"actions":[{"id":"action13","type":"key","parameters":{},"actions":[{"type":"keyDown","value":"î€‡"},{"type":"pause","duration":10},{"type":"keyUp","value":"î€‡"}]}]}
COMMAND: GET /session/e486a1c8754caeb8d733034d4643631f/screenshot - {}
RESULT: {}
COMMAND: POST /session/e486a1c8754caeb8d733034d4643631f/execute/async - {"script":"<script> [1562 bytes]","args":[{"selector":{"id":"application-manageconditionprice-display-component---newCondition--condBillCond-arrow"},"wdio_ui5_key":"applicationmanageconditionprice-display-component---newCondition--condBillCond-arrow"}]}
RESULT: {"script":"<script> [1562 bytes]","args":[{"selector":{"id":"application-manageconditionprice-display-component---newCondition--condBillCond-arrow"},"wdio_ui5_key":"applicationmanageconditionprice-display-component---newCondition--condBillCond-arrow"}]}
RESULT: undefined
COMMAND: POST /session/e486a1c8754caeb8d733034d4643631f/element - {"using":"xpath","value":"//*[@id=\"application-manageconditionprice-display-component---newCondition--condBillCond-arrow\"]"}
RESULT: {"using":"xpath","value":"//*[@id=\"application-manageconditionprice-display-component---newCondition--condBillCond-arrow\"]"}
COMMAND: POST /session/e486a1c8754caeb8d733034d4643631f/element/f.1A55FC214BCDC1A6E941175A5A5DD598.d.4D72DA063A7DD70E43526D2F9A5E61CC.e.3693/click - {}
RESULT: {}
COMMAND: GET /session/e486a1c8754caeb8d733034d4643631f/screenshot - {}
RESULT: {}
COMMAND: POST /session/e486a1c8754caeb8d733034d4643631f/element - {"using":"xpath","value":"//li[.//span[contains(text(), \"DISP - D&I special price\")]]"}
RESULT: {"using":"xpath","value":"//li[.//span[contains(text(), \"DISP - D&I special price\")]]"}
COMMAND: POST /session/e486a1c8754caeb8d733034d4643631f/element/f.1A55FC214BCDC1A6E941175A5A5DD598.d.4D72DA063A7DD70E43526D2F9A5E61CC.e.3696/click - {}
RESULT: {}
COMMAND: GET /session/e486a1c8754caeb8d733034d4643631f/screenshot - {}
RESULT: {}
COMMAND: POST /session/e486a1c8754caeb8d733034d4643631f/execute/async - {"script":"<script> [1562 bytes]","args":[{"selector":{"id":"application-manageconditionprice-display-component---newCondition--condValidTo","interaction":{"idSuffix":"inner"}},"wdio_ui5_key":"applicationmanageconditionprice-display-component---newCondition--condValidTo"}]}
RESULT: {"script":"<script> [1562 bytes]","args":[{"selector":{"id":"application-manageconditionprice-display-component---newCondition--condValidTo","interaction":{"idSuffix":"inner"}},"wdio_ui5_key":"applicationmanageconditionprice-display-component---newCondition--condValidTo"}]}
RESULT: undefined
COMMAND: POST /session/e486a1c8754caeb8d733034d4643631f/execute/async - {"script":"<script> [776 bytes]","args":[{"enterText":"2/5/26","selector":{"id":"application-manageconditionprice-display-component---newCondition--condValidTo","interaction":{"idSuffix":"inner"}},"clearTextFirst":true,"interactionType":"ENTER_TEXT"}]}
RESULT: {"script":"<script> [776 bytes]","args":[{"enterText":"2/5/26","selector":{"id":"application-manageconditionprice-display-component---newCondition--condValidTo","interaction":{"idSuffix":"inner"}},"clearTextFirst":true,"interactionType":"ENTER_TEXT"}]}
COMMAND: POST /session/e486a1c8754caeb8d733034d4643631f/element - {"using":"xpath","value":"//input[@id=\"application-manageconditionprice-display-component---newCondition--condRU-inner\"]"}
RESULT: {"using":"xpath","value":"//input[@id=\"application-manageconditionprice-display-component---newCondition--condRU-inner\"]"}
COMMAND: POST /session/e486a1c8754caeb8d733034d4643631f/element/f.1A55FC214BCDC1A6E941175A5A5DD598.d.4D72DA063A7DD70E43526D2F9A5E61CC.e.3558/clear - {}
RESULT: {}
COMMAND: POST /session/e486a1c8754caeb8d733034d4643631f/element/f.1A55FC214BCDC1A6E941175A5A5DD598.d.4D72DA063A7DD70E43526D2F9A5E61CC.e.3558/value - {"text":"mXdQ6plEei"}
COMMAND: GET /session/e486a1c8754caeb8d733034d4643631f/screenshot - {}
RESULT: {"text":"mXdQ6plEei"}
COMMAND: GET /session/e486a1c8754caeb8d733034d4643631f/screenshot - {}
RESULT: {}
RESULT: {}
COMMAND: POST /session/e486a1c8754caeb8d733034d4643631f/actions - {"actions":[{"id":"action14","type":"key","parameters":{},"actions":[{"type":"keyDown","value":"î€‡"},{"type":"pause","duration":10},{"type":"keyUp","value":"î€‡"}]}]}
RESULT: {"actions":[{"id":"action14","type":"key","parameters":{},"actions":[{"type":"keyDown","value":"î€‡"},{"type":"pause","duration":10},{"type":"keyUp","value":"î€‡"}]}]}
COMMAND: POST /session/e486a1c8754caeb8d733034d4643631f/execute/async - {"script":"<script> [1562 bytes]","args":[{"selector":{"id":"application-manageconditionprice-display-component---newCondition--condBaseQty","interaction":{"idSuffix":"inner"}},"wdio_ui5_key":"applicationmanageconditionprice-display-component---newCondition--condBaseQty"}]}
COMMAND: GET /session/e486a1c8754caeb8d733034d4643631f/screenshot - {}
RESULT: {"script":"<script> [1562 bytes]","args":[{"selector":{"id":"application-manageconditionprice-display-component---newCondition--condBaseQty","interaction":{"idSuffix":"inner"}},"wdio_ui5_key":"applicationmanageconditionprice-display-component---newCondition--condBaseQty"}]}
RESULT: undefined
COMMAND: POST /session/e486a1c8754caeb8d733034d4643631f/execute/async - {"script":"<script> [776 bytes]","args":[{"enterText":"1","selector":{"id":"application-manageconditionprice-display-component---newCondition--condBaseQty","interaction":{"idSuffix":"inner"}},"clearTextFirst":true,"interactionType":"ENTER_TEXT"}]}
RESULT: {}
RESULT: {"script":"<script> [776 bytes]","args":[{"enterText":"1","selector":{"id":"application-manageconditionprice-display-component---newCondition--condBaseQty","interaction":{"idSuffix":"inner"}},"clearTextFirst":true,"interactionType":"ENTER_TEXT"}]}
COMMAND: POST /session/e486a1c8754caeb8d733034d4643631f/execute/async - {"script":"<script> [1562 bytes]","args":[{"selector":{"id":"application-manageconditionprice-display-component---newCondition--condValue","interaction":{"idSuffix":"inner"}},"wdio_ui5_key":"applicationmanageconditionprice-display-component---newCondition--condValue"}]}
RESULT: {"script":"<script> [1562 bytes]","args":[{"selector":{"id":"application-manageconditionprice-display-component---newCondition--condValue","interaction":{"idSuffix":"inner"}},"wdio_ui5_key":"applicationmanageconditionprice-display-component---newCondition--condValue"}]}
RESULT: undefined
COMMAND: POST /session/e486a1c8754caeb8d733034d4643631f/execute/async - {"script":"<script> [776 bytes]","args":[{"enterText":"100","selector":{"id":"application-manageconditionprice-display-component---newCondition--condValue","interaction":{"idSuffix":"inner"}},"clearTextFirst":true,"interactionType":"ENTER_TEXT"}]}
RESULT: {"script":"<script> [776 bytes]","args":[{"enterText":"100","selector":{"id":"application-manageconditionprice-display-component---newCondition--condValue","interaction":{"idSuffix":"inner"}},"clearTextFirst":true,"interactionType":"ENTER_TEXT"}]}
COMMAND: POST /session/e486a1c8754caeb8d733034d4643631f/execute/async - {"script":"<script> [1562 bytes]","args":[{"selector":{"id":"application-manageconditionprice-display-component---newCondition--condCurr-arrow"},"wdio_ui5_key":"applicationmanageconditionprice-display-component---newCondition--condCurr-arrow"}]}
RESULT: {"script":"<script> [1562 bytes]","args":[{"selector":{"id":"application-manageconditionprice-display-component---newCondition--condCurr-arrow"},"wdio_ui5_key":"applicationmanageconditionprice-display-component---newCondition--condCurr-arrow"}]}
RESULT: undefined
COMMAND: POST /session/e486a1c8754caeb8d733034d4643631f/element - {"using":"xpath","value":"//*[@id=\"application-manageconditionprice-display-component---newCondition--condCurr-arrow\"]"}
RESULT: {"using":"xpath","value":"//*[@id=\"application-manageconditionprice-display-component---newCondition--condCurr-arrow\"]"}
COMMAND: POST /session/e486a1c8754caeb8d733034d4643631f/element/f.1A55FC214BCDC1A6E941175A5A5DD598.d.4D72DA063A7DD70E43526D2F9A5E61CC.e.3664/click - {}
RESULT: {}
COMMAND: POST /session/e486a1c8754caeb8d733034d4643631f/element - {"using":"xpath","value":"//span[contains(text(), \"Euro\")]"}
COMMAND: GET /session/e486a1c8754caeb8d733034d4643631f/screenshot - {}
RESULT: {"using":"xpath","value":"//span[contains(text(), \"Euro\")]"}
COMMAND: POST /session/e486a1c8754caeb8d733034d4643631f/element/f.1A55FC214BCDC1A6E941175A5A5DD598.d.4D72DA063A7DD70E43526D2F9A5E61CC.e.3733/click - {}
RESULT: {}
RESULT: {}
COMMAND: POST /session/e486a1c8754caeb8d733034d4643631f/element - {"using":"xpath","value":"//button[@data-kt=\"saveButton\"]"}
COMMAND: GET /session/e486a1c8754caeb8d733034d4643631f/screenshot - {}
RESULT: {"using":"xpath","value":"//button[@data-kt=\"saveButton\"]"}
COMMAND: POST /session/e486a1c8754caeb8d733034d4643631f/element/f.1A55FC214BCDC1A6E941175A5A5DD598.d.4D72DA063A7DD70E43526D2F9A5E61CC.e.3665/click - {}
RESULT: {}
RESULT: {}
COMMAND: GET /session/e486a1c8754caeb8d733034d4643631f/screenshot - {}
RESULT: {}
COMMAND: POST /session/e486a1c8754caeb8d733034d4643631f/execute/async - {"script":"<script> [1562 bytes]","args":[{"selector":{"id":"application-manageconditionprice-display-component---conditions--smartFilterBar-btnBasicSearch","interaction":{"idSuffix":"I"}},"wdio_ui5_key":"applicationmanageconditionprice-display-component---conditions--smartFilterBar-btnBasicSearch"}]}
RESULT: {"script":"<script> [1562 bytes]","args":[{"selector":{"id":"application-manageconditionprice-display-component---conditions--smartFilterBar-btnBasicSearch","interaction":{"idSuffix":"I"}},"wdio_ui5_key":"applicationmanageconditionprice-display-component---conditions--smartFilterBar-btnBasicSearch"}]}
RESULT: undefined
COMMAND: POST /session/e486a1c8754caeb8d733034d4643631f/execute/async - {"script":"<script> [776 bytes]","args":[{"enterText":"mXdQ6plEei","selector":{"id":"application-manageconditionprice-display-component---conditions--smartFilterBar-btnBasicSearch","interaction":{"idSuffix":"I"}},"clearTextFirst":true,"interactionType":"ENTER_TEXT"}]}
RESULT: {"script":"<script> [776 bytes]","args":[{"enterText":"mXdQ6plEei","selector":{"id":"application-manageconditionprice-display-component---conditions--smartFilterBar-btnBasicSearch","interaction":{"idSuffix":"I"}},"clearTextFirst":true,"interactionType":"ENTER_TEXT"}]}
COMMAND: POST /session/e486a1c8754caeb8d733034d4643631f/actions - {"actions":[{"id":"action15","type":"key","parameters":{},"actions":[{"type":"keyDown","value":"î€‡"},{"type":"pause","duration":10},{"type":"keyUp","value":"î€‡"}]}]}
RESULT: {"actions":[{"id":"action15","type":"key","parameters":{},"actions":[{"type":"keyDown","value":"î€‡"},{"type":"pause","duration":10},{"type":"keyUp","value":"î€‡"}]}]}
COMMAND: GET /session/e486a1c8754caeb8d733034d4643631f/screenshot - {}
RESULT: {}
COMMAND: POST /session/e486a1c8754caeb8d733034d4643631f/execute/async - {"script":"<script> [1562 bytes]","args":[{"selector":{"id":"application-manageconditionprice-display-component---conditions--smartFilterBar-filterItemControl_BASIC-BILL_TYPES-vhi"},"wdio_ui5_key":"applicationmanageconditionprice-display-component---conditions--smartFilterBar-filterItemControl_BASIC-BILL_TYPES-vhi"}]}
RESULT: {"script":"<script> [1562 bytes]","args":[{"selector":{"id":"application-manageconditionprice-display-component---conditions--smartFilterBar-filterItemControl_BASIC-BILL_TYPES-vhi"},"wdio_ui5_key":"applicationmanageconditionprice-display-component---conditions--smartFilterBar-filterItemControl_BASIC-BILL_TYPES-vhi"}]}
RESULT: undefined
COMMAND: POST /session/e486a1c8754caeb8d733034d4643631f/element - {"using":"xpath","value":"//*[@id=\"application-manageconditionprice-display-component---conditions--smartFilterBar-filterItemControl_BASIC-BILL_TYPES-vhi\"]"}
RESULT: {"using":"xpath","value":"//*[@id=\"application-manageconditionprice-display-component---conditions--smartFilterBar-filterItemControl_BASIC-BILL_TYPES-vhi\"]"}
COMMAND: POST /session/e486a1c8754caeb8d733034d4643631f/element/f.1A55FC214BCDC1A6E941175A5A5DD598.d.4D72DA063A7DD70E43526D2F9A5E61CC.e.3749/click - {}
RESULT: {}
COMMAND: POST /session/e486a1c8754caeb8d733034d4643631f/execute/async - {"script":"<script> [1562 bytes]","args":[{"selector":{"id":"application-manageconditionprice-display-component---conditions--smartFilterBar-filterItemControl_BASIC-BILL_TYPES-valueHelpDialog-smartFilterBar-btnBasicSearch","searchOpenDialogs":true,"interaction":{"idSuffix":"I"}},"wdio_ui5_key":"applicationmanageconditionprice-display-component---conditions--smartFilterBar-filterItemControl_BASIC-BILL_TYPES-valueHelpDialog-smartFilterBar-btnBasicSearch"}]}
COMMAND: GET /session/e486a1c8754caeb8d733034d4643631f/screenshot - {}
RESULT: {"script":"<script> [1562 bytes]","args":[{"selector":{"id":"application-manageconditionprice-display-component---conditions--smartFilterBar-filterItemControl_BASIC-BILL_TYPES-valueHelpDialog-smartFilterBar-btnBasicSearch","searchOpenDialogs":true,"interaction":{"idSuffix":"I"}},"wdio_ui5_key":"applicationmanageconditionprice-display-component---conditions--smartFilterBar-filterItemControl_BASIC-BILL_TYPES-valueHelpDialog-smartFilterBar-btnBasicSearch"}]}
RESULT: undefined
COMMAND: POST /session/e486a1c8754caeb8d733034d4643631f/execute/async - {"script":"<script> [776 bytes]","args":[{"enterText":"TB","selector":{"id":"application-manageconditionprice-display-component---conditions--smartFilterBar-filterItemControl_BASIC-BILL_TYPES-valueHelpDialog-smartFilterBar-btnBasicSearch","searchOpenDialogs":true,"interaction":{"idSuffix":"I"}},"clearTextFirst":true,"interactionType":"ENTER_TEXT"}]}
RESULT: {}
RESULT: {"script":"<script> [776 bytes]","args":[{"enterText":"TB","selector":{"id":"application-manageconditionprice-display-component---conditions--smartFilterBar-filterItemControl_BASIC-BILL_TYPES-valueHelpDialog-smartFilterBar-btnBasicSearch","searchOpenDialogs":true,"interaction":{"idSuffix":"I"}},"clearTextFirst":true,"interactionType":"ENTER_TEXT"}]}
COMMAND: POST /session/e486a1c8754caeb8d733034d4643631f/actions - {"actions":[{"id":"action16","type":"key","parameters":{},"actions":[{"type":"keyDown","value":"î€‡"},{"type":"pause","duration":10},{"type":"keyUp","value":"î€‡"}]}]}
RESULT: {"actions":[{"id":"action16","type":"key","parameters":{},"actions":[{"type":"keyDown","value":"î€‡"},{"type":"pause","duration":10},{"type":"keyUp","value":"î€‡"}]}]}
COMMAND: GET /session/e486a1c8754caeb8d733034d4643631f/screenshot - {}
RESULT: {}
COMMAND: POST /session/e486a1c8754caeb8d733034d4643631f/element - {"using":"xpath","value":"//div[contains(@id, 'application-manageconditionprice-display-component---conditions--smartFilterBar-filterItemControl_BASIC-BILL_TYPES-valueHelpDialog-table-rowsel0')]"}
RESULT: {"using":"xpath","value":"//div[contains(@id, 'application-manageconditionprice-display-component---conditions--smartFilterBar-filterItemControl_BASIC-BILL_TYPES-valueHelpDialog-table-rowsel0')]"}
COMMAND: POST /session/e486a1c8754caeb8d733034d4643631f/element/f.1A55FC214BCDC1A6E941175A5A5DD598.d.4D72DA063A7DD70E43526D2F9A5E61CC.e.3759/click - {}
RESULT: {}
COMMAND: GET /session/e486a1c8754caeb8d733034d4643631f/screenshot - {}
RESULT: {}
COMMAND: POST /session/e486a1c8754caeb8d733034d4643631f/element - {"using":"xpath","value":"//bdi[contains(text(), \"OK\")]"}
RESULT: {"using":"xpath","value":"//bdi[contains(text(), \"OK\")]"}
COMMAND: POST /session/e486a1c8754caeb8d733034d4643631f/element/f.1A55FC214BCDC1A6E941175A5A5DD598.d.4D72DA063A7DD70E43526D2F9A5E61CC.e.3761/click - {}
RESULT: {}
COMMAND: GET /session/e486a1c8754caeb8d733034d4643631f/screenshot - {}
RESULT: {}
COMMAND: POST /session/e486a1c8754caeb8d733034d4643631f/element - {"using":"xpath","value":"//span[@id=\"application-manageconditionprice-display-component---conditions--smartTable-header-inner\"]"}
RESULT: {"using":"xpath","value":"//span[@id=\"application-manageconditionprice-display-component---conditions--smartTable-header-inner\"]"}
COMMAND: POST /session/e486a1c8754caeb8d733034d4643631f/elements - {"using":"xpath","value":"//span[@id=\"application-manageconditionprice-display-component---conditions--smartTable-header-inner\"]"}
RESULT: {"using":"xpath","value":"//span[@id=\"application-manageconditionprice-display-component---conditions--smartTable-header-inner\"]"}
COMMAND: POST /session/e486a1c8754caeb8d733034d4643631f/execute/sync - {"script":"<script> [56 bytes]","args":[{"element-6066-11e4-a52e-4f735466cecf":"f.1A55FC214BCDC1A6E941175A5A5DD598.d.4D72DA063A7DD70E43526D2F9A5E61CC.e.3764","ELEMENT":"f.1A55FC214BCDC1A6E941175A5A5DD598.d.4D72DA063A7DD70E43526D2F9A5E61CC.e.3764"}]}
RESULT: {"script":"<script> [56 bytes]","args":[{"element-6066-11e4-a52e-4f735466cecf":"f.1A55FC214BCDC1A6E941175A5A5DD598.d.4D72DA063A7DD70E43526D2F9A5E61CC.e.3764","ELEMENT":"f.1A55FC214BCDC1A6E941175A5A5DD598.d.4D72DA063A7DD70E43526D2F9A5E61CC.e.3764"}]}
COMMAND: POST /session/e486a1c8754caeb8d733034d4643631f/element - {"using":"css selector","value":"#shell-header-logo"}
COMMAND: GET /session/e486a1c8754caeb8d733034d4643631f/screenshot - {}
RESULT: {"using":"css selector","value":"#shell-header-logo"}
COMMAND: POST /session/e486a1c8754caeb8d733034d4643631f/element/f.1A55FC214BCDC1A6E941175A5A5DD598.d.4D72DA063A7DD70E43526D2F9A5E61CC.e.3481/click - {}
RESULT: {}
RESULT: {}
COMMAND: GET /session/e486a1c8754caeb8d733034d4643631f/screenshot - {}
RESULT: {}
]]></system-out>
    </testcase>
  </testsuite>
  <testsuite timestamp="2025-06-05T17:27:17" time="1215.6" tests="14" failures="6" errors="6" skipped="0">
    <properties>
      <property name="specId" value="0" />
      <property name="suiteName" value="Create master data for mixed billing &amp; do billing calculation US151661" />
      <property name="capabilities" value="chrome.137_0_7151_69.windows" />
      <property name="file" value="file:///D:/a/1/s/test/specs/BTS/billing-calculation-mixed.spec.js" />
    </properties>
    <testcase classname="chrome.137_0_7151_69.windows.Create_master_data_for_mixed_billing_&amp;_do_billing_calculation_US151661" name="Should create a new yard" time="112.519">
      <system-out><![CDATA[
COMMAND: POST /session/e486a1c8754caeb8d733034d4643631f/window/fullscreen - {}
RESULT: {}
COMMAND: POST /session/e486a1c8754caeb8d733034d4643631f/execute/async - {"script":"<script> [1562 bytes]","args":[{"selector":{"controlType":"sap.m.GenericTile","properties":{"header":"Manage Yards"}},"wdio_ui5_key":"sapm.GenericTile{\"header\":\"Manage Yards\"}"}]}
RESULT: {"script":"<script> [1562 bytes]","args":[{"selector":{"controlType":"sap.m.GenericTile","properties":{"header":"Manage Yards"}},"wdio_ui5_key":"sapm.GenericTile{\"header\":\"Manage Yards\"}"}]}
RESULT: undefined
COMMAND: POST /session/e486a1c8754caeb8d733034d4643631f/element - {"using":"xpath","value":"//*[@id=\"__tile41\"]"}
RESULT: {"using":"xpath","value":"//*[@id=\"__tile41\"]"}
COMMAND: POST /session/e486a1c8754caeb8d733034d4643631f/element/f.1A55FC214BCDC1A6E941175A5A5DD598.d.C5B39F9AC7C23057FDFC0C4F135480B9.e.4367/click - {}
RESULT: {}
COMMAND: GET /session/e486a1c8754caeb8d733034d4643631f/screenshot - {}
RESULT: {}
COMMAND: POST /session/e486a1c8754caeb8d733034d4643631f/elements - {"using":"xpath","value":"//span[text()='Error']"}
RESULT: {"using":"xpath","value":"//span[text()='Error']"}
COMMAND: POST /session/e486a1c8754caeb8d733034d4643631f/element - {"using":"xpath","value":"//button[@data-kt=\"addNewYardOverflowToolbarButton\"]"}
RESULT: {"using":"xpath","value":"//button[@data-kt=\"addNewYardOverflowToolbarButton\"]"}
COMMAND: POST /session/e486a1c8754caeb8d733034d4643631f/elements - {"using":"xpath","value":"//button[@data-kt=\"addNewYardOverflowToolbarButton\"]"}
RESULT: {"using":"xpath","value":"//button[@data-kt=\"addNewYardOverflowToolbarButton\"]"}
COMMAND: POST /session/e486a1c8754caeb8d733034d4643631f/execute/sync - {"script":"<script> [8489 bytes]","args":[{"element-6066-11e4-a52e-4f735466cecf":"f.1A55FC214BCDC1A6E941175A5A5DD598.d.C5B39F9AC7C23057FDFC0C4F135480B9.e.4491","ELEMENT":"f.1A55FC214BCDC1A6E941175A5A5DD598.d.C5B39F9AC7C23057FDFC0C4F135480B9.e.4491"}]}
RESULT: {"script":"<script> [8489 bytes]","args":[{"element-6066-11e4-a52e-4f735466cecf":"f.1A55FC214BCDC1A6E941175A5A5DD598.d.C5B39F9AC7C23057FDFC0C4F135480B9.e.4491","ELEMENT":"f.1A55FC214BCDC1A6E941175A5A5DD598.d.C5B39F9AC7C23057FDFC0C4F135480B9.e.4491"}]}
COMMAND: GET /session/e486a1c8754caeb8d733034d4643631f/element/f.1A55FC214BCDC1A6E941175A5A5DD598.d.C5B39F9AC7C23057FDFC0C4F135480B9.e.4491/enabled - {}
COMMAND: GET /session/e486a1c8754caeb8d733034d4643631f/screenshot - {}
RESULT: {}
COMMAND: POST /session/e486a1c8754caeb8d733034d4643631f/execute/sync - {"script":"<script> [8489 bytes]","args":[{"element-6066-11e4-a52e-4f735466cecf":"f.1A55FC214BCDC1A6E941175A5A5DD598.d.C5B39F9AC7C23057FDFC0C4F135480B9.e.4491","ELEMENT":"f.1A55FC214BCDC1A6E941175A5A5DD598.d.C5B39F9AC7C23057FDFC0C4F135480B9.e.4491"}]}
COMMAND: GET /session/e486a1c8754caeb8d733034d4643631f/screenshot - {}
RESULT: {}
RESULT: {"script":"<script> [8489 bytes]","args":[{"element-6066-11e4-a52e-4f735466cecf":"f.1A55FC214BCDC1A6E941175A5A5DD598.d.C5B39F9AC7C23057FDFC0C4F135480B9.e.4491","ELEMENT":"f.1A55FC214BCDC1A6E941175A5A5DD598.d.C5B39F9AC7C23057FDFC0C4F135480B9.e.4491"}]}
COMMAND: POST /session/e486a1c8754caeb8d733034d4643631f/execute/sync - {"script":"<script> [5351 bytes]","args":[{"element-6066-11e4-a52e-4f735466cecf":"f.1A55FC214BCDC1A6E941175A5A5DD598.d.C5B39F9AC7C23057FDFC0C4F135480B9.e.4491","ELEMENT":"f.1A55FC214BCDC1A6E941175A5A5DD598.d.C5B39F9AC7C23057FDFC0C4F135480B9.e.4491"}]}
COMMAND: GET /session/e486a1c8754caeb8d733034d4643631f/screenshot - {}
RESULT: {}
RESULT: {"script":"<script> [5351 bytes]","args":[{"element-6066-11e4-a52e-4f735466cecf":"f.1A55FC214BCDC1A6E941175A5A5DD598.d.C5B39F9AC7C23057FDFC0C4F135480B9.e.4491","ELEMENT":"f.1A55FC214BCDC1A6E941175A5A5DD598.d.C5B39F9AC7C23057FDFC0C4F135480B9.e.4491"}]}
COMMAND: POST /session/e486a1c8754caeb8d733034d4643631f/element/f.1A55FC214BCDC1A6E941175A5A5DD598.d.C5B39F9AC7C23057FDFC0C4F135480B9.e.4491/click - {}
COMMAND: GET /session/e486a1c8754caeb8d733034d4643631f/screenshot - {}
RESULT: {}
RESULT: {}
COMMAND: GET /session/e486a1c8754caeb8d733034d4643631f/screenshot - {}
RESULT: {}
RESULT: {}
COMMAND: POST /session/e486a1c8754caeb8d733034d4643631f/element - {"using":"xpath","value":"//input[@id=\"application-manageyards-display-component---NewYard--yardId-inner\"]"}
RESULT: {"using":"xpath","value":"//input[@id=\"application-manageyards-display-component---NewYard--yardId-inner\"]"}
COMMAND: POST /session/e486a1c8754caeb8d733034d4643631f/element - {"using":"xpath","value":"//input[@id=\"application-manageyards-display-component---NewYard--yardId-inner\"]"}
RESULT: {"using":"xpath","value":"//input[@id=\"application-manageyards-display-component---NewYard--yardId-inner\"]"}
COMMAND: POST /session/e486a1c8754caeb8d733034d4643631f/execute/async - {"script":"<script> [1562 bytes]","args":[{"selector":{"id":"application-manageyards-display-component---NewYard--addressDetailDetailsName1","interaction":{"idSuffix":"inner"}},"wdio_ui5_key":"applicationmanageyards-display-component---NewYard--addressDetailDetailsName1"}]}
RESULT: {"script":"<script> [1562 bytes]","args":[{"selector":{"id":"application-manageyards-display-component---NewYard--addressDetailDetailsName1","interaction":{"idSuffix":"inner"}},"wdio_ui5_key":"applicationmanageyards-display-component---NewYard--addressDetailDetailsName1"}]}
RESULT: undefined
COMMAND: POST /session/e486a1c8754caeb8d733034d4643631f/execute/async - {"script":"<script> [776 bytes]","args":[{"enterText":"Intercompany Yard wdIO","selector":{"id":"application-manageyards-display-component---NewYard--addressDetailDetailsName1","interaction":{"idSuffix":"inner"}},"clearTextFirst":true,"interactionType":"ENTER_TEXT"}]}
RESULT: {"script":"<script> [776 bytes]","args":[{"enterText":"Intercompany Yard wdIO","selector":{"id":"application-manageyards-display-component---NewYard--addressDetailDetailsName1","interaction":{"idSuffix":"inner"}},"clearTextFirst":true,"interactionType":"ENTER_TEXT"}]}
COMMAND: POST /session/e486a1c8754caeb8d733034d4643631f/execute/async - {"script":"<script> [1562 bytes]","args":[{"selector":{"id":"application-manageyards-display-component---NewYard--addressDetailDetailsLanguage-arrow"},"wdio_ui5_key":"applicationmanageyards-display-component---NewYard--addressDetailDetailsLanguage-arrow"}]}
RESULT: {"script":"<script> [1562 bytes]","args":[{"selector":{"id":"application-manageyards-display-component---NewYard--addressDetailDetailsLanguage-arrow"},"wdio_ui5_key":"applicationmanageyards-display-component---NewYard--addressDetailDetailsLanguage-arrow"}]}
RESULT: undefined
COMMAND: POST /session/e486a1c8754caeb8d733034d4643631f/element - {"using":"xpath","value":"//*[@id=\"application-manageyards-display-component---NewYard--addressDetailDetailsLanguage-arrow\"]"}
RESULT: {"using":"xpath","value":"//*[@id=\"application-manageyards-display-component---NewYard--addressDetailDetailsLanguage-arrow\"]"}
COMMAND: POST /session/e486a1c8754caeb8d733034d4643631f/element/f.1A55FC214BCDC1A6E941175A5A5DD598.d.C5B39F9AC7C23057FDFC0C4F135480B9.e.4924/click - {}
RESULT: {}
COMMAND: POST /session/e486a1c8754caeb8d733034d4643631f/element - {"using":"xpath","value":"//span[contains(text(), \"English\")]"}
COMMAND: GET /session/e486a1c8754caeb8d733034d4643631f/screenshot - {}
RESULT: {"using":"xpath","value":"//span[contains(text(), \"English\")]"}
COMMAND: POST /session/e486a1c8754caeb8d733034d4643631f/element/f.1A55FC214BCDC1A6E941175A5A5DD598.d.C5B39F9AC7C23057FDFC0C4F135480B9.e.4925/click - {}
RESULT: {}
RESULT: {}
COMMAND: POST /session/e486a1c8754caeb8d733034d4643631f/execute/async - {"script":"<script> [1562 bytes]","args":[{"selector":{"id":"application-manageyards-display-component---NewYard--addressDetailDetailsCity1","interaction":{"idSuffix":"inner"}},"wdio_ui5_key":"applicationmanageyards-display-component---NewYard--addressDetailDetailsCity1"}]}
COMMAND: GET /session/e486a1c8754caeb8d733034d4643631f/screenshot - {}
RESULT: {"script":"<script> [1562 bytes]","args":[{"selector":{"id":"application-manageyards-display-component---NewYard--addressDetailDetailsCity1","interaction":{"idSuffix":"inner"}},"wdio_ui5_key":"applicationmanageyards-display-component---NewYard--addressDetailDetailsCity1"}]}
RESULT: undefined
COMMAND: POST /session/e486a1c8754caeb8d733034d4643631f/execute/async - {"script":"<script> [776 bytes]","args":[{"enterText":"Rosario","selector":{"id":"application-manageyards-display-component---NewYard--addressDetailDetailsCity1","interaction":{"idSuffix":"inner"}},"clearTextFirst":true,"interactionType":"ENTER_TEXT"}]}
RESULT: {}
RESULT: {"script":"<script> [776 bytes]","args":[{"enterText":"Rosario","selector":{"id":"application-manageyards-display-component---NewYard--addressDetailDetailsCity1","interaction":{"idSuffix":"inner"}},"clearTextFirst":true,"interactionType":"ENTER_TEXT"}]}
COMMAND: POST /session/e486a1c8754caeb8d733034d4643631f/execute/async - {"script":"<script> [1562 bytes]","args":[{"selector":{"id":"application-manageyards-display-component---NewYard--addressDetailDetailsCountry-arrow"},"wdio_ui5_key":"applicationmanageyards-display-component---NewYard--addressDetailDetailsCountry-arrow"}]}
RESULT: {"script":"<script> [1562 bytes]","args":[{"selector":{"id":"application-manageyards-display-component---NewYard--addressDetailDetailsCountry-arrow"},"wdio_ui5_key":"applicationmanageyards-display-component---NewYard--addressDetailDetailsCountry-arrow"}]}
RESULT: undefined
COMMAND: POST /session/e486a1c8754caeb8d733034d4643631f/element - {"using":"xpath","value":"//*[@id=\"application-manageyards-display-component---NewYard--addressDetailDetailsCountry-arrow\"]"}
RESULT: {"using":"xpath","value":"//*[@id=\"application-manageyards-display-component---NewYard--addressDetailDetailsCountry-arrow\"]"}
COMMAND: POST /session/e486a1c8754caeb8d733034d4643631f/element/f.1A55FC214BCDC1A6E941175A5A5DD598.d.C5B39F9AC7C23057FDFC0C4F135480B9.e.4927/click - {}
RESULT: {}
COMMAND: POST /session/e486a1c8754caeb8d733034d4643631f/element - {"using":"xpath","value":"//span[contains(text(), \"Argentina\")]"}
COMMAND: GET /session/e486a1c8754caeb8d733034d4643631f/screenshot - {}
RESULT: {"using":"xpath","value":"//span[contains(text(), \"Argentina\")]"}
COMMAND: POST /session/e486a1c8754caeb8d733034d4643631f/element/f.1A55FC214BCDC1A6E941175A5A5DD598.d.C5B39F9AC7C23057FDFC0C4F135480B9.e.4929/click - {}
RESULT: {}
RESULT: {}
COMMAND: POST /session/e486a1c8754caeb8d733034d4643631f/execute/async - {"script":"<script> [1562 bytes]","args":[{"selector":{"id":"application-manageyards-display-component---NewYard--addressEditDetailsCostObjectCstType-arrow"},"wdio_ui5_key":"applicationmanageyards-display-component---NewYard--addressEditDetailsCostObjectCstType-arrow"}]}
COMMAND: GET /session/e486a1c8754caeb8d733034d4643631f/screenshot - {}
RESULT: {"script":"<script> [1562 bytes]","args":[{"selector":{"id":"application-manageyards-display-component---NewYard--addressEditDetailsCostObjectCstType-arrow"},"wdio_ui5_key":"applicationmanageyards-display-component---NewYard--addressEditDetailsCostObjectCstType-arrow"}]}
RESULT: undefined
COMMAND: POST /session/e486a1c8754caeb8d733034d4643631f/element - {"using":"xpath","value":"//*[@id=\"application-manageyards-display-component---NewYard--addressEditDetailsCostObjectCstType-arrow\"]"}
RESULT: {}
RESULT: {"using":"xpath","value":"//*[@id=\"application-manageyards-display-component---NewYard--addressEditDetailsCostObjectCstType-arrow\"]"}
COMMAND: POST /session/e486a1c8754caeb8d733034d4643631f/element/f.1A55FC214BCDC1A6E941175A5A5DD598.d.C5B39F9AC7C23057FDFC0C4F135480B9.e.4930/click - {}
RESULT: {}
COMMAND: POST /session/e486a1c8754caeb8d733034d4643631f/element - {"using":"xpath","value":"//span[contains(text(), \"Cost Center\")]"}
COMMAND: GET /session/e486a1c8754caeb8d733034d4643631f/screenshot - {}
RESULT: {"using":"xpath","value":"//span[contains(text(), \"Cost Center\")]"}
COMMAND: POST /session/e486a1c8754caeb8d733034d4643631f/element/f.1A55FC214BCDC1A6E941175A5A5DD598.d.C5B39F9AC7C23057FDFC0C4F135480B9.e.4931/click - {}
RESULT: {}
RESULT: {}
COMMAND: GET /session/e486a1c8754caeb8d733034d4643631f/screenshot - {}
RESULT: {}
COMMAND: POST /session/e486a1c8754caeb8d733034d4643631f/element - {"using":"xpath","value":"//span[@id=\"application-manageyards-display-component---NewYard--addressNewCostObjectCstID-vhi\"]"}
RESULT: {"using":"xpath","value":"//span[@id=\"application-manageyards-display-component---NewYard--addressNewCostObjectCstID-vhi\"]"}
COMMAND: POST /session/e486a1c8754caeb8d733034d4643631f/execute/sync - {"script":"<script> [8489 bytes]","args":[{"element-6066-11e4-a52e-4f735466cecf":"f.1A55FC214BCDC1A6E941175A5A5DD598.d.C5B39F9AC7C23057FDFC0C4F135480B9.e.4935","ELEMENT":"f.1A55FC214BCDC1A6E941175A5A5DD598.d.C5B39F9AC7C23057FDFC0C4F135480B9.e.4935"}]}
RESULT: {"script":"<script> [8489 bytes]","args":[{"element-6066-11e4-a52e-4f735466cecf":"f.1A55FC214BCDC1A6E941175A5A5DD598.d.C5B39F9AC7C23057FDFC0C4F135480B9.e.4935","ELEMENT":"f.1A55FC214BCDC1A6E941175A5A5DD598.d.C5B39F9AC7C23057FDFC0C4F135480B9.e.4935"}]}
COMMAND: POST /session/e486a1c8754caeb8d733034d4643631f/execute/async - {"script":"<script> [1562 bytes]","args":[{"selector":{"id":"application-manageyards-display-component---NewYard--addressNewCostObjectCstID-vhi"},"wdio_ui5_key":"applicationmanageyards-display-component---NewYard--addressNewCostObjectCstID-vhi"}]}
COMMAND: GET /session/e486a1c8754caeb8d733034d4643631f/screenshot - {}
RESULT: {"script":"<script> [1562 bytes]","args":[{"selector":{"id":"application-manageyards-display-component---NewYard--addressNewCostObjectCstID-vhi"},"wdio_ui5_key":"applicationmanageyards-display-component---NewYard--addressNewCostObjectCstID-vhi"}]}
RESULT: undefined
COMMAND: POST /session/e486a1c8754caeb8d733034d4643631f/element - {"using":"xpath","value":"//*[@id=\"application-manageyards-display-component---NewYard--addressNewCostObjectCstID-vhi\"]"}
RESULT: {}
RESULT: {"using":"xpath","value":"//*[@id=\"application-manageyards-display-component---NewYard--addressNewCostObjectCstID-vhi\"]"}
COMMAND: POST /session/e486a1c8754caeb8d733034d4643631f/element/f.1A55FC214BCDC1A6E941175A5A5DD598.d.C5B39F9AC7C23057FDFC0C4F135480B9.e.4935/click - {}
RESULT: {}
COMMAND: GET /session/e486a1c8754caeb8d733034d4643631f/screenshot - {}
RESULT: {}
COMMAND: POST /session/e486a1c8754caeb8d733034d4643631f/execute/async - {"script":"<script> [1562 bytes]","args":[{"selector":{"controlType":"sap.m.SearchField","properties":{"placeholder":"Search"},"searchOpenDialogs":true,"interaction":{"idSuffix":"I"}},"wdio_ui5_key":"sapm.SearchField{\"placeholder\":\"Search\"}"}]}
RESULT: {"script":"<script> [1562 bytes]","args":[{"selector":{"controlType":"sap.m.SearchField","properties":{"placeholder":"Search"},"searchOpenDialogs":true,"interaction":{"idSuffix":"I"}},"wdio_ui5_key":"sapm.SearchField{\"placeholder\":\"Search\"}"}]}
RESULT: undefined
COMMAND: POST /session/e486a1c8754caeb8d733034d4643631f/execute/async - {"script":"<script> [776 bytes]","args":[{"enterText":"bauh_b","selector":{"controlType":"sap.m.SearchField","properties":{"placeholder":"Search"},"searchOpenDialogs":true,"interaction":{"idSuffix":"I"}},"clearTextFirst":true,"interactionType":"ENTER_TEXT"}]}
RESULT: {"script":"<script> [776 bytes]","args":[{"enterText":"bauh_b","selector":{"controlType":"sap.m.SearchField","properties":{"placeholder":"Search"},"searchOpenDialogs":true,"interaction":{"idSuffix":"I"}},"clearTextFirst":true,"interactionType":"ENTER_TEXT"}]}
COMMAND: POST /session/e486a1c8754caeb8d733034d4643631f/actions - {"actions":[{"id":"action18","type":"key","parameters":{},"actions":[{"type":"keyDown","value":"î€‡"},{"type":"pause","duration":10},{"type":"keyUp","value":"î€‡"}]}]}
RESULT: {"actions":[{"id":"action18","type":"key","parameters":{},"actions":[{"type":"keyDown","value":"î€‡"},{"type":"pause","duration":10},{"type":"keyUp","value":"î€‡"}]}]}
COMMAND: GET /session/e486a1c8754caeb8d733034d4643631f/screenshot - {}
RESULT: {}
COMMAND: POST /session/e486a1c8754caeb8d733034d4643631f/element - {"using":"xpath","value":"//span[contains(text(), \"Demo Yard\")]"}
RESULT: {"using":"xpath","value":"//span[contains(text(), \"Demo Yard\")]"}
COMMAND: POST /session/e486a1c8754caeb8d733034d4643631f/element/f.1A55FC214BCDC1A6E941175A5A5DD598.d.C5B39F9AC7C23057FDFC0C4F135480B9.e.4975/click - {}
RESULT: {}
COMMAND: GET /session/e486a1c8754caeb8d733034d4643631f/screenshot - {}
RESULT: {}
COMMAND: POST /session/e486a1c8754caeb8d733034d4643631f/element - {"using":"xpath","value":"//bdi[contains(text(), \"OK\")]"}
RESULT: {"using":"xpath","value":"//bdi[contains(text(), \"OK\")]"}
COMMAND: POST /session/e486a1c8754caeb8d733034d4643631f/element/f.1A55FC214BCDC1A6E941175A5A5DD598.d.C5B39F9AC7C23057FDFC0C4F135480B9.e.4976/click - {}
RESULT: {}
COMMAND: GET /session/e486a1c8754caeb8d733034d4643631f/screenshot - {}
RESULT: {}
COMMAND: POST /session/e486a1c8754caeb8d733034d4643631f/execute/async - {"script":"<script> [1562 bytes]","args":[{"selector":{"id":"application-manageyards-display-component---NewYard--addressEditDetailsCurrency-arrow"},"wdio_ui5_key":"applicationmanageyards-display-component---NewYard--addressEditDetailsCurrency-arrow"}]}
RESULT: {"script":"<script> [1562 bytes]","args":[{"selector":{"id":"application-manageyards-display-component---NewYard--addressEditDetailsCurrency-arrow"},"wdio_ui5_key":"applicationmanageyards-display-component---NewYard--addressEditDetailsCurrency-arrow"}]}
RESULT: undefined
COMMAND: POST /session/e486a1c8754caeb8d733034d4643631f/element - {"using":"xpath","value":"//*[@id=\"application-manageyards-display-component---NewYard--addressEditDetailsCurrency-arrow\"]"}
RESULT: {"using":"xpath","value":"//*[@id=\"application-manageyards-display-component---NewYard--addressEditDetailsCurrency-arrow\"]"}
COMMAND: POST /session/e486a1c8754caeb8d733034d4643631f/element/f.1A55FC214BCDC1A6E941175A5A5DD598.d.C5B39F9AC7C23057FDFC0C4F135480B9.e.4979/click - {}
RESULT: {}
COMMAND: POST /session/e486a1c8754caeb8d733034d4643631f/element - {"using":"xpath","value":"//span[contains(text(), \"Euro\")]"}
COMMAND: GET /session/e486a1c8754caeb8d733034d4643631f/screenshot - {}
RESULT: {"using":"xpath","value":"//span[contains(text(), \"Euro\")]"}
COMMAND: POST /session/e486a1c8754caeb8d733034d4643631f/element/f.1A55FC214BCDC1A6E941175A5A5DD598.d.C5B39F9AC7C23057FDFC0C4F135480B9.e.4980/click - {}
RESULT: {}
RESULT: {}
COMMAND: POST /session/e486a1c8754caeb8d733034d4643631f/execute/async - {"script":"<script> [1562 bytes]","args":[{"selector":{"controlType":"sap.m.Input","viewName":"etm.portal.ui.manageyards.view.New","viewId":"application-manageyards-display-component---NewYard","bindingPath":{"path":"","propertyPath":"/CONTROLLING_AREA","modelName":"NewYardModel"},"interaction":{"idSuffix":"inner"}},"wdio_ui5_key":"etmportal.ui.manageyards.view.Newsap.m.Input{\"path\":\"\",\"propertyPath\":\"/CONTROLLING_AREA\",\"modelName\":\"NewYardModel\"}"}]}
COMMAND: GET /session/e486a1c8754caeb8d733034d4643631f/screenshot - {}
RESULT: {"script":"<script> [1562 bytes]","args":[{"selector":{"controlType":"sap.m.Input","viewName":"etm.portal.ui.manageyards.view.New","viewId":"application-manageyards-display-component---NewYard","bindingPath":{"path":"","propertyPath":"/CONTROLLING_AREA","modelName":"NewYardModel"},"interaction":{"idSuffix":"inner"}},"wdio_ui5_key":"etmportal.ui.manageyards.view.Newsap.m.Input{\"path\":\"\",\"propertyPath\":\"/CONTROLLING_AREA\",\"modelName\":\"NewYardModel\"}"}]}
RESULT: undefined
COMMAND: POST /session/e486a1c8754caeb8d733034d4643631f/execute/async - {"script":"<script> [776 bytes]","args":[{"enterText":"Z001","selector":{"controlType":"sap.m.Input","viewName":"etm.portal.ui.manageyards.view.New","viewId":"application-manageyards-display-component---NewYard","bindingPath":{"path":"","propertyPath":"/CONTROLLING_AREA","modelName":"NewYardModel"},"interaction":{"idSuffix":"inner"}},"clearTextFirst":true,"interactionType":"ENTER_TEXT"}]}
RESULT: {}
RESULT: {"script":"<script> [776 bytes]","args":[{"enterText":"Z001","selector":{"controlType":"sap.m.Input","viewName":"etm.portal.ui.manageyards.view.New","viewId":"application-manageyards-display-component---NewYard","bindingPath":{"path":"","propertyPath":"/CONTROLLING_AREA","modelName":"NewYardModel"},"interaction":{"idSuffix":"inner"}},"clearTextFirst":true,"interactionType":"ENTER_TEXT"}]}
COMMAND: POST /session/e486a1c8754caeb8d733034d4643631f/execute/async - {"script":"<script> [1562 bytes]","args":[{"selector":{"id":"application-manageyards-display-component---NewYard--companyCodeComboBox","interaction":{"idSuffix":"inner"}},"wdio_ui5_key":"applicationmanageyards-display-component---NewYard--companyCodeComboBox"}]}
RESULT: {"script":"<script> [1562 bytes]","args":[{"selector":{"id":"application-manageyards-display-component---NewYard--companyCodeComboBox","interaction":{"idSuffix":"inner"}},"wdio_ui5_key":"applicationmanageyards-display-component---NewYard--companyCodeComboBox"}]}
RESULT: undefined
COMMAND: POST /session/e486a1c8754caeb8d733034d4643631f/execute/async - {"script":"<script> [776 bytes]","args":[{"enterText":"1000","selector":{"id":"application-manageyards-display-component---NewYard--companyCodeComboBox","interaction":{"idSuffix":"inner"}},"clearTextFirst":true,"interactionType":"ENTER_TEXT"}]}
RESULT: {"script":"<script> [776 bytes]","args":[{"enterText":"1000","selector":{"id":"application-manageyards-display-component---NewYard--companyCodeComboBox","interaction":{"idSuffix":"inner"}},"clearTextFirst":true,"interactionType":"ENTER_TEXT"}]}
COMMAND: POST /session/e486a1c8754caeb8d733034d4643631f/execute/async - {"script":"<script> [1562 bytes]","args":[{"selector":{"controlType":"sap.m.Input","viewName":"etm.portal.ui.manageyards.view.New","viewId":"application-manageyards-display-component---NewYard","bindingPath":{"path":"","propertyPath":"/PLANT","modelName":"NewYardModel"},"interaction":{"idSuffix":"inner"}},"wdio_ui5_key":"etmportal.ui.manageyards.view.Newsap.m.Input{\"path\":\"\",\"propertyPath\":\"/PLANT\",\"modelName\":\"NewYardModel\"}"}]}
RESULT: {"script":"<script> [1562 bytes]","args":[{"selector":{"controlType":"sap.m.Input","viewName":"etm.portal.ui.manageyards.view.New","viewId":"application-manageyards-display-component---NewYard","bindingPath":{"path":"","propertyPath":"/PLANT","modelName":"NewYardModel"},"interaction":{"idSuffix":"inner"}},"wdio_ui5_key":"etmportal.ui.manageyards.view.Newsap.m.Input{\"path\":\"\",\"propertyPath\":\"/PLANT\",\"modelName\":\"NewYardModel\"}"}]}
RESULT: undefined
COMMAND: POST /session/e486a1c8754caeb8d733034d4643631f/execute/async - {"script":"<script> [776 bytes]","args":[{"enterText":"1001","selector":{"controlType":"sap.m.Input","viewName":"etm.portal.ui.manageyards.view.New","viewId":"application-manageyards-display-component---NewYard","bindingPath":{"path":"","propertyPath":"/PLANT","modelName":"NewYardModel"},"interaction":{"idSuffix":"inner"}},"clearTextFirst":true,"interactionType":"ENTER_TEXT"}]}
RESULT: {"script":"<script> [776 bytes]","args":[{"enterText":"1001","selector":{"controlType":"sap.m.Input","viewName":"etm.portal.ui.manageyards.view.New","viewId":"application-manageyards-display-component---NewYard","bindingPath":{"path":"","propertyPath":"/PLANT","modelName":"NewYardModel"},"interaction":{"idSuffix":"inner"}},"clearTextFirst":true,"interactionType":"ENTER_TEXT"}]}
COMMAND: POST /session/e486a1c8754caeb8d733034d4643631f/execute/async - {"script":"<script> [1562 bytes]","args":[{"selector":{"controlType":"sap.m.Input","viewName":"etm.portal.ui.manageyards.view.New","viewId":"application-manageyards-display-component---NewYard","bindingPath":{"path":"","propertyPath":"/SALES_AREA_VKORG","modelName":"NewYardModel"},"interaction":{"idSuffix":"inner"}},"wdio_ui5_key":"etmportal.ui.manageyards.view.Newsap.m.Input{\"path\":\"\",\"propertyPath\":\"/SALES_AREA_VKORG\",\"modelName\":\"NewYardModel\"}"}]}
RESULT: {"script":"<script> [1562 bytes]","args":[{"selector":{"controlType":"sap.m.Input","viewName":"etm.portal.ui.manageyards.view.New","viewId":"application-manageyards-display-component---NewYard","bindingPath":{"path":"","propertyPath":"/SALES_AREA_VKORG","modelName":"NewYardModel"},"interaction":{"idSuffix":"inner"}},"wdio_ui5_key":"etmportal.ui.manageyards.view.Newsap.m.Input{\"path\":\"\",\"propertyPath\":\"/SALES_AREA_VKORG\",\"modelName\":\"NewYardModel\"}"}]}
RESULT: undefined
COMMAND: POST /session/e486a1c8754caeb8d733034d4643631f/execute/async - {"script":"<script> [776 bytes]","args":[{"enterText":"C002","selector":{"controlType":"sap.m.Input","viewName":"etm.portal.ui.manageyards.view.New","viewId":"application-manageyards-display-component---NewYard","bindingPath":{"path":"","propertyPath":"/SALES_AREA_VKORG","modelName":"NewYardModel"},"interaction":{"idSuffix":"inner"}},"clearTextFirst":true,"interactionType":"ENTER_TEXT"}]}
RESULT: {"script":"<script> [776 bytes]","args":[{"enterText":"C002","selector":{"controlType":"sap.m.Input","viewName":"etm.portal.ui.manageyards.view.New","viewId":"application-manageyards-display-component---NewYard","bindingPath":{"path":"","propertyPath":"/SALES_AREA_VKORG","modelName":"NewYardModel"},"interaction":{"idSuffix":"inner"}},"clearTextFirst":true,"interactionType":"ENTER_TEXT"}]}
COMMAND: POST /session/e486a1c8754caeb8d733034d4643631f/execute/async - {"script":"<script> [1562 bytes]","args":[{"selector":{"controlType":"sap.m.Input","viewName":"etm.portal.ui.manageyards.view.New","viewId":"application-manageyards-display-component---NewYard","bindingPath":{"path":"","propertyPath":"/SALES_AREA_VTWEG","modelName":"NewYardModel"},"interaction":{"idSuffix":"inner"}},"wdio_ui5_key":"etmportal.ui.manageyards.view.Newsap.m.Input{\"path\":\"\",\"propertyPath\":\"/SALES_AREA_VTWEG\",\"modelName\":\"NewYardModel\"}"}]}
RESULT: {"script":"<script> [1562 bytes]","args":[{"selector":{"controlType":"sap.m.Input","viewName":"etm.portal.ui.manageyards.view.New","viewId":"application-manageyards-display-component---NewYard","bindingPath":{"path":"","propertyPath":"/SALES_AREA_VTWEG","modelName":"NewYardModel"},"interaction":{"idSuffix":"inner"}},"wdio_ui5_key":"etmportal.ui.manageyards.view.Newsap.m.Input{\"path\":\"\",\"propertyPath\":\"/SALES_AREA_VTWEG\",\"modelName\":\"NewYardModel\"}"}]}
RESULT: undefined
COMMAND: POST /session/e486a1c8754caeb8d733034d4643631f/execute/async - {"script":"<script> [776 bytes]","args":[{"enterText":"C2","selector":{"controlType":"sap.m.Input","viewName":"etm.portal.ui.manageyards.view.New","viewId":"application-manageyards-display-component---NewYard","bindingPath":{"path":"","propertyPath":"/SALES_AREA_VTWEG","modelName":"NewYardModel"},"interaction":{"idSuffix":"inner"}},"clearTextFirst":true,"interactionType":"ENTER_TEXT"}]}
RESULT: {"script":"<script> [776 bytes]","args":[{"enterText":"C2","selector":{"controlType":"sap.m.Input","viewName":"etm.portal.ui.manageyards.view.New","viewId":"application-manageyards-display-component---NewYard","bindingPath":{"path":"","propertyPath":"/SALES_AREA_VTWEG","modelName":"NewYardModel"},"interaction":{"idSuffix":"inner"}},"clearTextFirst":true,"interactionType":"ENTER_TEXT"}]}
COMMAND: POST /session/e486a1c8754caeb8d733034d4643631f/execute/async - {"script":"<script> [1562 bytes]","args":[{"selector":{"controlType":"sap.m.Input","viewName":"etm.portal.ui.manageyards.view.New","viewId":"application-manageyards-display-component---NewYard","bindingPath":{"path":"","propertyPath":"/SALES_AREA_SPART","modelName":"NewYardModel"},"interaction":{"idSuffix":"inner"}},"wdio_ui5_key":"etmportal.ui.manageyards.view.Newsap.m.Input{\"path\":\"\",\"propertyPath\":\"/SALES_AREA_SPART\",\"modelName\":\"NewYardModel\"}"}]}
RESULT: {"script":"<script> [1562 bytes]","args":[{"selector":{"controlType":"sap.m.Input","viewName":"etm.portal.ui.manageyards.view.New","viewId":"application-manageyards-display-component---NewYard","bindingPath":{"path":"","propertyPath":"/SALES_AREA_SPART","modelName":"NewYardModel"},"interaction":{"idSuffix":"inner"}},"wdio_ui5_key":"etmportal.ui.manageyards.view.Newsap.m.Input{\"path\":\"\",\"propertyPath\":\"/SALES_AREA_SPART\",\"modelName\":\"NewYardModel\"}"}]}
RESULT: undefined
COMMAND: POST /session/e486a1c8754caeb8d733034d4643631f/execute/async - {"script":"<script> [776 bytes]","args":[{"enterText":"C2","selector":{"controlType":"sap.m.Input","viewName":"etm.portal.ui.manageyards.view.New","viewId":"application-manageyards-display-component---NewYard","bindingPath":{"path":"","propertyPath":"/SALES_AREA_SPART","modelName":"NewYardModel"},"interaction":{"idSuffix":"inner"}},"clearTextFirst":true,"interactionType":"ENTER_TEXT"}]}
RESULT: {"script":"<script> [776 bytes]","args":[{"enterText":"C2","selector":{"controlType":"sap.m.Input","viewName":"etm.portal.ui.manageyards.view.New","viewId":"application-manageyards-display-component---NewYard","bindingPath":{"path":"","propertyPath":"/SALES_AREA_SPART","modelName":"NewYardModel"},"interaction":{"idSuffix":"inner"}},"clearTextFirst":true,"interactionType":"ENTER_TEXT"}]}
COMMAND: POST /session/e486a1c8754caeb8d733034d4643631f/execute/async - {"script":"<script> [1562 bytes]","args":[{"selector":{"controlType":"sap.m.Input","viewName":"etm.portal.ui.manageyards.view.New","viewId":"application-manageyards-display-component---NewYard","bindingPath":{"path":"","propertyPath":"/SHIP_POINT","modelName":"NewYardModel"},"interaction":{"idSuffix":"inner"}},"wdio_ui5_key":"etmportal.ui.manageyards.view.Newsap.m.Input{\"path\":\"\",\"propertyPath\":\"/SHIP_POINT\",\"modelName\":\"NewYardModel\"}"}]}
RESULT: {"script":"<script> [1562 bytes]","args":[{"selector":{"controlType":"sap.m.Input","viewName":"etm.portal.ui.manageyards.view.New","viewId":"application-manageyards-display-component---NewYard","bindingPath":{"path":"","propertyPath":"/SHIP_POINT","modelName":"NewYardModel"},"interaction":{"idSuffix":"inner"}},"wdio_ui5_key":"etmportal.ui.manageyards.view.Newsap.m.Input{\"path\":\"\",\"propertyPath\":\"/SHIP_POINT\",\"modelName\":\"NewYardModel\"}"}]}
RESULT: undefined
COMMAND: POST /session/e486a1c8754caeb8d733034d4643631f/execute/async - {"script":"<script> [776 bytes]","args":[{"enterText":"1710","selector":{"controlType":"sap.m.Input","viewName":"etm.portal.ui.manageyards.view.New","viewId":"application-manageyards-display-component---NewYard","bindingPath":{"path":"","propertyPath":"/SHIP_POINT","modelName":"NewYardModel"},"interaction":{"idSuffix":"inner"}},"clearTextFirst":true,"interactionType":"ENTER_TEXT"}]}
RESULT: {"script":"<script> [776 bytes]","args":[{"enterText":"1710","selector":{"controlType":"sap.m.Input","viewName":"etm.portal.ui.manageyards.view.New","viewId":"application-manageyards-display-component---NewYard","bindingPath":{"path":"","propertyPath":"/SHIP_POINT","modelName":"NewYardModel"},"interaction":{"idSuffix":"inner"}},"clearTextFirst":true,"interactionType":"ENTER_TEXT"}]}
COMMAND: POST /session/e486a1c8754caeb8d733034d4643631f/execute/async - {"script":"<script> [1562 bytes]","args":[{"selector":{"controlType":"sap.m.Input","viewName":"etm.portal.ui.manageyards.view.New","viewId":"application-manageyards-display-component---NewYard","bindingPath":{"path":"","propertyPath":"/DELIVERY_TYPE","modelName":"NewYardModel"},"interaction":{"idSuffix":"inner"}},"wdio_ui5_key":"etmportal.ui.manageyards.view.Newsap.m.Input{\"path\":\"\",\"propertyPath\":\"/DELIVERY_TYPE\",\"modelName\":\"NewYardModel\"}"}]}
RESULT: {"script":"<script> [1562 bytes]","args":[{"selector":{"controlType":"sap.m.Input","viewName":"etm.portal.ui.manageyards.view.New","viewId":"application-manageyards-display-component---NewYard","bindingPath":{"path":"","propertyPath":"/DELIVERY_TYPE","modelName":"NewYardModel"},"interaction":{"idSuffix":"inner"}},"wdio_ui5_key":"etmportal.ui.manageyards.view.Newsap.m.Input{\"path\":\"\",\"propertyPath\":\"/DELIVERY_TYPE\",\"modelName\":\"NewYardModel\"}"}]}
RESULT: undefined
COMMAND: POST /session/e486a1c8754caeb8d733034d4643631f/execute/async - {"script":"<script> [776 bytes]","args":[{"enterText":"ZL01","selector":{"controlType":"sap.m.Input","viewName":"etm.portal.ui.manageyards.view.New","viewId":"application-manageyards-display-component---NewYard","bindingPath":{"path":"","propertyPath":"/DELIVERY_TYPE","modelName":"NewYardModel"},"interaction":{"idSuffix":"inner"}},"clearTextFirst":true,"interactionType":"ENTER_TEXT"}]}
RESULT: {"script":"<script> [776 bytes]","args":[{"enterText":"ZL01","selector":{"controlType":"sap.m.Input","viewName":"etm.portal.ui.manageyards.view.New","viewId":"application-manageyards-display-component---NewYard","bindingPath":{"path":"","propertyPath":"/DELIVERY_TYPE","modelName":"NewYardModel"},"interaction":{"idSuffix":"inner"}},"clearTextFirst":true,"interactionType":"ENTER_TEXT"}]}
COMMAND: POST /session/e486a1c8754caeb8d733034d4643631f/execute/async - {"script":"<script> [1562 bytes]","args":[{"selector":{"controlType":"sap.m.Input","viewName":"etm.portal.ui.manageyards.view.New","viewId":"application-manageyards-display-component---NewYard","bindingPath":{"path":"","propertyPath":"/AUART","modelName":"NewYardModel"},"interaction":{"idSuffix":"inner"}},"wdio_ui5_key":"etmportal.ui.manageyards.view.Newsap.m.Input{\"path\":\"\",\"propertyPath\":\"/AUART\",\"modelName\":\"NewYardModel\"}"}]}
RESULT: {"script":"<script> [1562 bytes]","args":[{"selector":{"controlType":"sap.m.Input","viewName":"etm.portal.ui.manageyards.view.New","viewId":"application-manageyards-display-component---NewYard","bindingPath":{"path":"","propertyPath":"/AUART","modelName":"NewYardModel"},"interaction":{"idSuffix":"inner"}},"wdio_ui5_key":"etmportal.ui.manageyards.view.Newsap.m.Input{\"path\":\"\",\"propertyPath\":\"/AUART\",\"modelName\":\"NewYardModel\"}"}]}
RESULT: undefined
COMMAND: POST /session/e486a1c8754caeb8d733034d4643631f/execute/async - {"script":"<script> [776 bytes]","args":[{"enterText":"TA","selector":{"controlType":"sap.m.Input","viewName":"etm.portal.ui.manageyards.view.New","viewId":"application-manageyards-display-component---NewYard","bindingPath":{"path":"","propertyPath":"/AUART","modelName":"NewYardModel"},"interaction":{"idSuffix":"inner"}},"clearTextFirst":true,"interactionType":"ENTER_TEXT"}]}
RESULT: {"script":"<script> [776 bytes]","args":[{"enterText":"TA","selector":{"controlType":"sap.m.Input","viewName":"etm.portal.ui.manageyards.view.New","viewId":"application-manageyards-display-component---NewYard","bindingPath":{"path":"","propertyPath":"/AUART","modelName":"NewYardModel"},"interaction":{"idSuffix":"inner"}},"clearTextFirst":true,"interactionType":"ENTER_TEXT"}]}
COMMAND: POST /session/e486a1c8754caeb8d733034d4643631f/element - {"using":"xpath","value":"//button[@data-kt=\"newYardSaveButton\"]"}
RESULT: {"using":"xpath","value":"//button[@data-kt=\"newYardSaveButton\"]"}
COMMAND: POST /session/e486a1c8754caeb8d733034d4643631f/element/f.1A55FC214BCDC1A6E941175A5A5DD598.d.C5B39F9AC7C23057FDFC0C4F135480B9.e.4909/click - {}
RESULT: {}
COMMAND: GET /session/e486a1c8754caeb8d733034d4643631f/screenshot - {}
RESULT: {}
COMMAND: POST /session/e486a1c8754caeb8d733034d4643631f/element - {"using":"xpath","value":"//header[contains(@id, 'ObjectPageLayout-headerTitle')]/div[1]/div[2]/div[1]/span[1]"}
RESULT: {"using":"xpath","value":"//header[contains(@id, 'ObjectPageLayout-headerTitle')]/div[1]/div[2]/div[1]/span[1]"}
COMMAND: POST /session/e486a1c8754caeb8d733034d4643631f/elements - {"using":"xpath","value":"//header[contains(@id, 'ObjectPageLayout-headerTitle')]/div[1]/div[2]/div[1]/span[1]"}
RESULT: {"using":"xpath","value":"//header[contains(@id, 'ObjectPageLayout-headerTitle')]/div[1]/div[2]/div[1]/span[1]"}
COMMAND: POST /session/e486a1c8754caeb8d733034d4643631f/execute/sync - {"script":"<script> [56 bytes]","args":[{"element-6066-11e4-a52e-4f735466cecf":"f.1A55FC214BCDC1A6E941175A5A5DD598.d.C5B39F9AC7C23057FDFC0C4F135480B9.e.5198","ELEMENT":"f.1A55FC214BCDC1A6E941175A5A5DD598.d.C5B39F9AC7C23057FDFC0C4F135480B9.e.5198"}]}
RESULT: {"script":"<script> [56 bytes]","args":[{"element-6066-11e4-a52e-4f735466cecf":"f.1A55FC214BCDC1A6E941175A5A5DD598.d.C5B39F9AC7C23057FDFC0C4F135480B9.e.5198","ELEMENT":"f.1A55FC214BCDC1A6E941175A5A5DD598.d.C5B39F9AC7C23057FDFC0C4F135480B9.e.5198"}]}
COMMAND: GET /session/e486a1c8754caeb8d733034d4643631f/screenshot - {}
RESULT: {}
COMMAND: POST /session/e486a1c8754caeb8d733034d4643631f/element - {"using":"css selector","value":"#shell-header-logo"}
RESULT: {"using":"css selector","value":"#shell-header-logo"}
COMMAND: POST /session/e486a1c8754caeb8d733034d4643631f/element/f.1A55FC214BCDC1A6E941175A5A5DD598.d.C5B39F9AC7C23057FDFC0C4F135480B9.e.4460/click - {}
RESULT: {}
COMMAND: GET /session/e486a1c8754caeb8d733034d4643631f/screenshot - {}
RESULT: {}
COMMAND: POST /session/e486a1c8754caeb8d733034d4643631f/execute/sync - {"script":"<script> [299 bytes]","args":[["getModel","getResource"]]}
RESULT: {"script":"<script> [299 bytes]","args":[["getModel","getResource"]]}
COMMAND: GET /session/e486a1c8754caeb8d733034d4643631f/screenshot - {}
]]></system-out>
    </testcase>
    <testcase classname="chrome.137_0_7151_69.windows.Create_master_data_for_mixed_billing_&amp;_do_billing_calculation_US151661" name="Should create a new partner" time="128.333">
      <system-out><![CDATA[
COMMAND: POST /session/e486a1c8754caeb8d733034d4643631f/window/fullscreen - {}
RESULT: {}
RESULT: {}
COMMAND: POST /session/e486a1c8754caeb8d733034d4643631f/execute/async - {"script":"<script> [1562 bytes]","args":[{"selector":{"controlType":"sap.m.GenericTile","properties":{"header":"Manage Partners"}},"wdio_ui5_key":"sapm.GenericTile{\"header\":\"Manage Partners\"}"}]}
RESULT: {"script":"<script> [1562 bytes]","args":[{"selector":{"controlType":"sap.m.GenericTile","properties":{"header":"Manage Partners"}},"wdio_ui5_key":"sapm.GenericTile{\"header\":\"Manage Partners\"}"}]}
RESULT: undefined
COMMAND: POST /session/e486a1c8754caeb8d733034d4643631f/element - {"using":"xpath","value":"//*[@id=\"__tile38\"]"}
RESULT: {"using":"xpath","value":"//*[@id=\"__tile38\"]"}
COMMAND: POST /session/e486a1c8754caeb8d733034d4643631f/element/f.1A55FC214BCDC1A6E941175A5A5DD598.d.C5B39F9AC7C23057FDFC0C4F135480B9.e.4358/click - {}
RESULT: {}
COMMAND: GET /session/e486a1c8754caeb8d733034d4643631f/screenshot - {}
RESULT: {}
COMMAND: POST /session/e486a1c8754caeb8d733034d4643631f/elements - {"using":"xpath","value":"//span[text()='Error']"}
RESULT: {"using":"xpath","value":"//span[text()='Error']"}
COMMAND: POST /session/e486a1c8754caeb8d733034d4643631f/element - {"using":"xpath","value":"//button[@data-kt=\"addButton\"]"}
RESULT: {"using":"xpath","value":"//button[@data-kt=\"addButton\"]"}
COMMAND: POST /session/e486a1c8754caeb8d733034d4643631f/elements - {"using":"xpath","value":"//button[@data-kt=\"addButton\"]"}
RESULT: {"using":"xpath","value":"//button[@data-kt=\"addButton\"]"}
COMMAND: POST /session/e486a1c8754caeb8d733034d4643631f/execute/sync - {"script":"<script> [8489 bytes]","args":[{"element-6066-11e4-a52e-4f735466cecf":"f.1A55FC214BCDC1A6E941175A5A5DD598.d.C5B39F9AC7C23057FDFC0C4F135480B9.e.5246","ELEMENT":"f.1A55FC214BCDC1A6E941175A5A5DD598.d.C5B39F9AC7C23057FDFC0C4F135480B9.e.5246"}]}
RESULT: {"script":"<script> [8489 bytes]","args":[{"element-6066-11e4-a52e-4f735466cecf":"f.1A55FC214BCDC1A6E941175A5A5DD598.d.C5B39F9AC7C23057FDFC0C4F135480B9.e.5246","ELEMENT":"f.1A55FC214BCDC1A6E941175A5A5DD598.d.C5B39F9AC7C23057FDFC0C4F135480B9.e.5246"}]}
COMMAND: GET /session/e486a1c8754caeb8d733034d4643631f/element/f.1A55FC214BCDC1A6E941175A5A5DD598.d.C5B39F9AC7C23057FDFC0C4F135480B9.e.5246/enabled - {}
COMMAND: GET /session/e486a1c8754caeb8d733034d4643631f/screenshot - {}
RESULT: {}
COMMAND: POST /session/e486a1c8754caeb8d733034d4643631f/execute/sync - {"script":"<script> [8489 bytes]","args":[{"element-6066-11e4-a52e-4f735466cecf":"f.1A55FC214BCDC1A6E941175A5A5DD598.d.C5B39F9AC7C23057FDFC0C4F135480B9.e.5246","ELEMENT":"f.1A55FC214BCDC1A6E941175A5A5DD598.d.C5B39F9AC7C23057FDFC0C4F135480B9.e.5246"}]}
COMMAND: GET /session/e486a1c8754caeb8d733034d4643631f/screenshot - {}
RESULT: {}
RESULT: {"script":"<script> [8489 bytes]","args":[{"element-6066-11e4-a52e-4f735466cecf":"f.1A55FC214BCDC1A6E941175A5A5DD598.d.C5B39F9AC7C23057FDFC0C4F135480B9.e.5246","ELEMENT":"f.1A55FC214BCDC1A6E941175A5A5DD598.d.C5B39F9AC7C23057FDFC0C4F135480B9.e.5246"}]}
COMMAND: POST /session/e486a1c8754caeb8d733034d4643631f/execute/sync - {"script":"<script> [5351 bytes]","args":[{"element-6066-11e4-a52e-4f735466cecf":"f.1A55FC214BCDC1A6E941175A5A5DD598.d.C5B39F9AC7C23057FDFC0C4F135480B9.e.5246","ELEMENT":"f.1A55FC214BCDC1A6E941175A5A5DD598.d.C5B39F9AC7C23057FDFC0C4F135480B9.e.5246"}]}
COMMAND: GET /session/e486a1c8754caeb8d733034d4643631f/screenshot - {}
RESULT: {}
RESULT: {"script":"<script> [5351 bytes]","args":[{"element-6066-11e4-a52e-4f735466cecf":"f.1A55FC214BCDC1A6E941175A5A5DD598.d.C5B39F9AC7C23057FDFC0C4F135480B9.e.5246","ELEMENT":"f.1A55FC214BCDC1A6E941175A5A5DD598.d.C5B39F9AC7C23057FDFC0C4F135480B9.e.5246"}]}
COMMAND: POST /session/e486a1c8754caeb8d733034d4643631f/element/f.1A55FC214BCDC1A6E941175A5A5DD598.d.C5B39F9AC7C23057FDFC0C4F135480B9.e.5246/click - {}
COMMAND: GET /session/e486a1c8754caeb8d733034d4643631f/screenshot - {}
RESULT: {}
RESULT: {}
COMMAND: GET /session/e486a1c8754caeb8d733034d4643631f/screenshot - {}
COMMAND: POST /session/e486a1c8754caeb8d733034d4643631f/execute/async - {"script":"<script> [1562 bytes]","args":[{"selector":{"id":"application-managepartners-display-component---NewPartner--addressDetailDetailsName1","interaction":{"idSuffix":"inner"}},"wdio_ui5_key":"applicationmanagepartners-display-component---NewPartner--addressDetailDetailsName1"}]}
RESULT: {}
RESULT: {}
RESULT: {"script":"<script> [1562 bytes]","args":[{"selector":{"id":"application-managepartners-display-component---NewPartner--addressDetailDetailsName1","interaction":{"idSuffix":"inner"}},"wdio_ui5_key":"applicationmanagepartners-display-component---NewPartner--addressDetailDetailsName1"}]}
RESULT: undefined
COMMAND: POST /session/e486a1c8754caeb8d733034d4643631f/execute/async - {"script":"<script> [776 bytes]","args":[{"enterText":"Intercompany Partner WDIO","selector":{"id":"application-managepartners-display-component---NewPartner--addressDetailDetailsName1","interaction":{"idSuffix":"inner"}},"clearTextFirst":true,"interactionType":"ENTER_TEXT"}]}
RESULT: {"script":"<script> [776 bytes]","args":[{"enterText":"Intercompany Partner WDIO","selector":{"id":"application-managepartners-display-component---NewPartner--addressDetailDetailsName1","interaction":{"idSuffix":"inner"}},"clearTextFirst":true,"interactionType":"ENTER_TEXT"}]}
COMMAND: POST /session/e486a1c8754caeb8d733034d4643631f/execute/async - {"script":"<script> [1562 bytes]","args":[{"selector":{"id":"application-managepartners-display-component---NewPartner--addressDetailDetailsLanguage-arrow"},"wdio_ui5_key":"applicationmanagepartners-display-component---NewPartner--addressDetailDetailsLanguage-arrow"}]}
RESULT: {"script":"<script> [1562 bytes]","args":[{"selector":{"id":"application-managepartners-display-component---NewPartner--addressDetailDetailsLanguage-arrow"},"wdio_ui5_key":"applicationmanagepartners-display-component---NewPartner--addressDetailDetailsLanguage-arrow"}]}
RESULT: undefined
COMMAND: POST /session/e486a1c8754caeb8d733034d4643631f/element - {"using":"xpath","value":"//*[@id=\"application-managepartners-display-component---NewPartner--addressDetailDetailsLanguage-arrow\"]"}
RESULT: {"using":"xpath","value":"//*[@id=\"application-managepartners-display-component---NewPartner--addressDetailDetailsLanguage-arrow\"]"}
COMMAND: POST /session/e486a1c8754caeb8d733034d4643631f/element/f.1A55FC214BCDC1A6E941175A5A5DD598.d.C5B39F9AC7C23057FDFC0C4F135480B9.e.5681/click - {}
RESULT: {}
COMMAND: POST /session/e486a1c8754caeb8d733034d4643631f/element - {"using":"xpath","value":"//span[contains(text(), \"English\")]"}
COMMAND: GET /session/e486a1c8754caeb8d733034d4643631f/screenshot - {}
RESULT: {"using":"xpath","value":"//span[contains(text(), \"English\")]"}
COMMAND: POST /session/e486a1c8754caeb8d733034d4643631f/element/f.1A55FC214BCDC1A6E941175A5A5DD598.d.C5B39F9AC7C23057FDFC0C4F135480B9.e.5682/click - {}
RESULT: {}
RESULT: {}
COMMAND: GET /session/e486a1c8754caeb8d733034d4643631f/screenshot - {}
RESULT: {}
COMMAND: POST /session/e486a1c8754caeb8d733034d4643631f/execute/async - {"script":"<script> [1562 bytes]","args":[{"selector":{"id":"application-managepartners-display-component---NewPartner--addressDetailDetailsCity1","interaction":{"idSuffix":"inner"}},"wdio_ui5_key":"applicationmanagepartners-display-component---NewPartner--addressDetailDetailsCity1"}]}
RESULT: {"script":"<script> [1562 bytes]","args":[{"selector":{"id":"application-managepartners-display-component---NewPartner--addressDetailDetailsCity1","interaction":{"idSuffix":"inner"}},"wdio_ui5_key":"applicationmanagepartners-display-component---NewPartner--addressDetailDetailsCity1"}]}
RESULT: undefined
COMMAND: POST /session/e486a1c8754caeb8d733034d4643631f/execute/async - {"script":"<script> [776 bytes]","args":[{"enterText":"Rosario","selector":{"id":"application-managepartners-display-component---NewPartner--addressDetailDetailsCity1","interaction":{"idSuffix":"inner"}},"clearTextFirst":true,"interactionType":"ENTER_TEXT"}]}
RESULT: {"script":"<script> [776 bytes]","args":[{"enterText":"Rosario","selector":{"id":"application-managepartners-display-component---NewPartner--addressDetailDetailsCity1","interaction":{"idSuffix":"inner"}},"clearTextFirst":true,"interactionType":"ENTER_TEXT"}]}
COMMAND: POST /session/e486a1c8754caeb8d733034d4643631f/execute/async - {"script":"<script> [1562 bytes]","args":[{"selector":{"id":"application-managepartners-display-component---NewPartner--addressDetailDetailsCountry-arrow"},"wdio_ui5_key":"applicationmanagepartners-display-component---NewPartner--addressDetailDetailsCountry-arrow"}]}
RESULT: {"script":"<script> [1562 bytes]","args":[{"selector":{"id":"application-managepartners-display-component---NewPartner--addressDetailDetailsCountry-arrow"},"wdio_ui5_key":"applicationmanagepartners-display-component---NewPartner--addressDetailDetailsCountry-arrow"}]}
RESULT: undefined
COMMAND: POST /session/e486a1c8754caeb8d733034d4643631f/element - {"using":"xpath","value":"//*[@id=\"application-managepartners-display-component---NewPartner--addressDetailDetailsCountry-arrow\"]"}
RESULT: {"using":"xpath","value":"//*[@id=\"application-managepartners-display-component---NewPartner--addressDetailDetailsCountry-arrow\"]"}
COMMAND: POST /session/e486a1c8754caeb8d733034d4643631f/element/f.1A55FC214BCDC1A6E941175A5A5DD598.d.C5B39F9AC7C23057FDFC0C4F135480B9.e.5663/click - {}
RESULT: {}
COMMAND: POST /session/e486a1c8754caeb8d733034d4643631f/element - {"using":"xpath","value":"//span[contains(text(), \"Argentina\")]"}
COMMAND: GET /session/e486a1c8754caeb8d733034d4643631f/screenshot - {}
RESULT: {"using":"xpath","value":"//span[contains(text(), \"Argentina\")]"}
COMMAND: POST /session/e486a1c8754caeb8d733034d4643631f/element/f.1A55FC214BCDC1A6E941175A5A5DD598.d.C5B39F9AC7C23057FDFC0C4F135480B9.e.5684/click - {}
RESULT: {}
RESULT: {}
COMMAND: GET /session/e486a1c8754caeb8d733034d4643631f/screenshot - {}
RESULT: {}
COMMAND: POST /session/e486a1c8754caeb8d733034d4643631f/element - {"using":"xpath","value":"//bdi[contains(text(), \"Commercial\")]"}
RESULT: {"using":"xpath","value":"//bdi[contains(text(), \"Commercial\")]"}
COMMAND: POST /session/e486a1c8754caeb8d733034d4643631f/element/f.1A55FC214BCDC1A6E941175A5A5DD598.d.C5B39F9AC7C23057FDFC0C4F135480B9.e.5685/click - {}
RESULT: {}
COMMAND: GET /session/e486a1c8754caeb8d733034d4643631f/screenshot - {}
RESULT: {}
COMMAND: POST /session/e486a1c8754caeb8d733034d4643631f/execute/async - {"script":"<script> [1562 bytes]","args":[{"selector":{"id":"application-managepartners-display-component---NewPartner--partnerDetailInternal-arrow"},"wdio_ui5_key":"applicationmanagepartners-display-component---NewPartner--partnerDetailInternal-arrow"}]}
RESULT: {"script":"<script> [1562 bytes]","args":[{"selector":{"id":"application-managepartners-display-component---NewPartner--partnerDetailInternal-arrow"},"wdio_ui5_key":"applicationmanagepartners-display-component---NewPartner--partnerDetailInternal-arrow"}]}
RESULT: undefined
COMMAND: POST /session/e486a1c8754caeb8d733034d4643631f/element - {"using":"xpath","value":"//*[@id=\"application-managepartners-display-component---NewPartner--partnerDetailInternal-arrow\"]"}
RESULT: {"using":"xpath","value":"//*[@id=\"application-managepartners-display-component---NewPartner--partnerDetailInternal-arrow\"]"}
COMMAND: POST /session/e486a1c8754caeb8d733034d4643631f/element/f.1A55FC214BCDC1A6E941175A5A5DD598.d.C5B39F9AC7C23057FDFC0C4F135480B9.e.5691/click - {}
RESULT: {}
COMMAND: POST /session/e486a1c8754caeb8d733034d4643631f/element - {"using":"xpath","value":"//span[contains(text(), \"Affiliated company\")]"}
COMMAND: GET /session/e486a1c8754caeb8d733034d4643631f/screenshot - {}
RESULT: {"using":"xpath","value":"//span[contains(text(), \"Affiliated company\")]"}
COMMAND: POST /session/e486a1c8754caeb8d733034d4643631f/element/f.1A55FC214BCDC1A6E941175A5A5DD598.d.C5B39F9AC7C23057FDFC0C4F135480B9.e.5694/click - {}
RESULT: {}
RESULT: {}
COMMAND: POST /session/e486a1c8754caeb8d733034d4643631f/execute/async - {"script":"<script> [1562 bytes]","args":[{"selector":{"id":"application-managepartners-display-component---NewPartner--partnerDetailsCurrency-arrow"},"wdio_ui5_key":"applicationmanagepartners-display-component---NewPartner--partnerDetailsCurrency-arrow"}]}
COMMAND: GET /session/e486a1c8754caeb8d733034d4643631f/screenshot - {}
RESULT: {"script":"<script> [1562 bytes]","args":[{"selector":{"id":"application-managepartners-display-component---NewPartner--partnerDetailsCurrency-arrow"},"wdio_ui5_key":"applicationmanagepartners-display-component---NewPartner--partnerDetailsCurrency-arrow"}]}
RESULT: undefined
COMMAND: POST /session/e486a1c8754caeb8d733034d4643631f/element - {"using":"xpath","value":"//*[@id=\"application-managepartners-display-component---NewPartner--partnerDetailsCurrency-arrow\"]"}
RESULT: {}
RESULT: {"using":"xpath","value":"//*[@id=\"application-managepartners-display-component---NewPartner--partnerDetailsCurrency-arrow\"]"}
COMMAND: POST /session/e486a1c8754caeb8d733034d4643631f/element/f.1A55FC214BCDC1A6E941175A5A5DD598.d.C5B39F9AC7C23057FDFC0C4F135480B9.e.5701/click - {}
RESULT: {}
COMMAND: POST /session/e486a1c8754caeb8d733034d4643631f/element - {"using":"xpath","value":"//span[contains(text(), \"Euro\")]"}
COMMAND: GET /session/e486a1c8754caeb8d733034d4643631f/screenshot - {}
RESULT: {"using":"xpath","value":"//span[contains(text(), \"Euro\")]"}
COMMAND: POST /session/e486a1c8754caeb8d733034d4643631f/element/f.1A55FC214BCDC1A6E941175A5A5DD598.d.C5B39F9AC7C23057FDFC0C4F135480B9.e.5702/click - {}
RESULT: {}
RESULT: {}
COMMAND: POST /session/e486a1c8754caeb8d733034d4643631f/execute/async - {"script":"<script> [1562 bytes]","args":[{"selector":{"id":"application-managepartners-display-component---NewPartner--addressEditDetailsCostObjectCstType-arrow"},"wdio_ui5_key":"applicationmanagepartners-display-component---NewPartner--addressEditDetailsCostObjectCstType-arrow"}]}
COMMAND: GET /session/e486a1c8754caeb8d733034d4643631f/screenshot - {}
RESULT: {"script":"<script> [1562 bytes]","args":[{"selector":{"id":"application-managepartners-display-component---NewPartner--addressEditDetailsCostObjectCstType-arrow"},"wdio_ui5_key":"applicationmanagepartners-display-component---NewPartner--addressEditDetailsCostObjectCstType-arrow"}]}
RESULT: undefined
COMMAND: POST /session/e486a1c8754caeb8d733034d4643631f/element - {"using":"xpath","value":"//*[@id=\"application-managepartners-display-component---NewPartner--addressEditDetailsCostObjectCstType-arrow\"]"}
RESULT: {}
RESULT: {"using":"xpath","value":"//*[@id=\"application-managepartners-display-component---NewPartner--addressEditDetailsCostObjectCstType-arrow\"]"}
COMMAND: POST /session/e486a1c8754caeb8d733034d4643631f/element/f.1A55FC214BCDC1A6E941175A5A5DD598.d.C5B39F9AC7C23057FDFC0C4F135480B9.e.5703/click - {}
RESULT: {}
COMMAND: POST /session/e486a1c8754caeb8d733034d4643631f/element - {"using":"xpath","value":"//span[contains(text(), \"Cost Center\")]"}
COMMAND: GET /session/e486a1c8754caeb8d733034d4643631f/screenshot - {}
RESULT: {"using":"xpath","value":"//span[contains(text(), \"Cost Center\")]"}
COMMAND: POST /session/e486a1c8754caeb8d733034d4643631f/element/f.1A55FC214BCDC1A6E941175A5A5DD598.d.C5B39F9AC7C23057FDFC0C4F135480B9.e.5704/click - {}
RESULT: {}
RESULT: {}
COMMAND: GET /session/e486a1c8754caeb8d733034d4643631f/screenshot - {}
RESULT: {}
COMMAND: POST /session/e486a1c8754caeb8d733034d4643631f/element - {"using":"xpath","value":"//span[@id=\"application-managepartners-display-component---NewPartner--addressNewCostObjectCstID-vhi\"]"}
RESULT: {"using":"xpath","value":"//span[@id=\"application-managepartners-display-component---NewPartner--addressNewCostObjectCstID-vhi\"]"}
COMMAND: POST /session/e486a1c8754caeb8d733034d4643631f/execute/sync - {"script":"<script> [8489 bytes]","args":[{"element-6066-11e4-a52e-4f735466cecf":"f.1A55FC214BCDC1A6E941175A5A5DD598.d.C5B39F9AC7C23057FDFC0C4F135480B9.e.5708","ELEMENT":"f.1A55FC214BCDC1A6E941175A5A5DD598.d.C5B39F9AC7C23057FDFC0C4F135480B9.e.5708"}]}
RESULT: {"script":"<script> [8489 bytes]","args":[{"element-6066-11e4-a52e-4f735466cecf":"f.1A55FC214BCDC1A6E941175A5A5DD598.d.C5B39F9AC7C23057FDFC0C4F135480B9.e.5708","ELEMENT":"f.1A55FC214BCDC1A6E941175A5A5DD598.d.C5B39F9AC7C23057FDFC0C4F135480B9.e.5708"}]}
COMMAND: POST /session/e486a1c8754caeb8d733034d4643631f/execute/async - {"script":"<script> [1562 bytes]","args":[{"selector":{"id":"application-managepartners-display-component---NewPartner--addressNewCostObjectCstID-vhi"},"wdio_ui5_key":"applicationmanagepartners-display-component---NewPartner--addressNewCostObjectCstID-vhi"}]}
COMMAND: GET /session/e486a1c8754caeb8d733034d4643631f/screenshot - {}
RESULT: {"script":"<script> [1562 bytes]","args":[{"selector":{"id":"application-managepartners-display-component---NewPartner--addressNewCostObjectCstID-vhi"},"wdio_ui5_key":"applicationmanagepartners-display-component---NewPartner--addressNewCostObjectCstID-vhi"}]}
RESULT: undefined
COMMAND: POST /session/e486a1c8754caeb8d733034d4643631f/element - {"using":"xpath","value":"//*[@id=\"application-managepartners-display-component---NewPartner--addressNewCostObjectCstID-vhi\"]"}
RESULT: {}
RESULT: {"using":"xpath","value":"//*[@id=\"application-managepartners-display-component---NewPartner--addressNewCostObjectCstID-vhi\"]"}
COMMAND: POST /session/e486a1c8754caeb8d733034d4643631f/element/f.1A55FC214BCDC1A6E941175A5A5DD598.d.C5B39F9AC7C23057FDFC0C4F135480B9.e.5708/click - {}
RESULT: {}
COMMAND: GET /session/e486a1c8754caeb8d733034d4643631f/screenshot - {}
RESULT: {}
RESULT: undefined
COMMAND: POST /session/e486a1c8754caeb8d733034d4643631f/execute/async - {"script":"<script> [776 bytes]","args":[{"enterText":"10001013","selector":{"controlType":"sap.m.SearchField","properties":{"placeholder":"Search"},"searchOpenDialogs":true,"interaction":{"idSuffix":"I"}},"clearTextFirst":true,"interactionType":"ENTER_TEXT"}]}
RESULT: {"script":"<script> [776 bytes]","args":[{"enterText":"10001013","selector":{"controlType":"sap.m.SearchField","properties":{"placeholder":"Search"},"searchOpenDialogs":true,"interaction":{"idSuffix":"I"}},"clearTextFirst":true,"interactionType":"ENTER_TEXT"}]}
COMMAND: POST /session/e486a1c8754caeb8d733034d4643631f/actions - {"actions":[{"id":"action19","type":"key","parameters":{},"actions":[{"type":"keyDown","value":"î€‡"},{"type":"pause","duration":10},{"type":"keyUp","value":"î€‡"}]}]}
RESULT: {"actions":[{"id":"action19","type":"key","parameters":{},"actions":[{"type":"keyDown","value":"î€‡"},{"type":"pause","duration":10},{"type":"keyUp","value":"î€‡"}]}]}
COMMAND: GET /session/e486a1c8754caeb8d733034d4643631f/screenshot - {}
RESULT: {}
COMMAND: POST /session/e486a1c8754caeb8d733034d4643631f/element - {"using":"xpath","value":"//span[contains(text(), \"General Management\")]"}
RESULT: {"using":"xpath","value":"//span[contains(text(), \"General Management\")]"}
COMMAND: POST /session/e486a1c8754caeb8d733034d4643631f/element/f.1A55FC214BCDC1A6E941175A5A5DD598.d.C5B39F9AC7C23057FDFC0C4F135480B9.e.5747/click - {}
RESULT: {}
COMMAND: GET /session/e486a1c8754caeb8d733034d4643631f/screenshot - {}
RESULT: {}
COMMAND: POST /session/e486a1c8754caeb8d733034d4643631f/element - {"using":"xpath","value":"//bdi[contains(text(), \"OK\")]"}
RESULT: {"using":"xpath","value":"//bdi[contains(text(), \"OK\")]"}
COMMAND: POST /session/e486a1c8754caeb8d733034d4643631f/element/f.1A55FC214BCDC1A6E941175A5A5DD598.d.C5B39F9AC7C23057FDFC0C4F135480B9.e.5748/click - {}
RESULT: {}
COMMAND: GET /session/e486a1c8754caeb8d733034d4643631f/screenshot - {}
RESULT: {}
COMMAND: POST /session/e486a1c8754caeb8d733034d4643631f/element - {"using":"xpath","value":"//input[@id=\"application-managepartners-display-component---NewPartner--companyCodeComboBox-inner\"]"}
RESULT: {"using":"xpath","value":"//input[@id=\"application-managepartners-display-component---NewPartner--companyCodeComboBox-inner\"]"}
COMMAND: POST /session/e486a1c8754caeb8d733034d4643631f/element/f.1A55FC214BCDC1A6E941175A5A5DD598.d.C5B39F9AC7C23057FDFC0C4F135480B9.e.5548/clear - {}
RESULT: {}
COMMAND: POST /session/e486a1c8754caeb8d733034d4643631f/element/f.1A55FC214BCDC1A6E941175A5A5DD598.d.C5B39F9AC7C23057FDFC0C4F135480B9.e.5548/value - {"text":"C002"}
COMMAND: GET /session/e486a1c8754caeb8d733034d4643631f/screenshot - {}
RESULT: {"text":"C002"}
COMMAND: GET /session/e486a1c8754caeb8d733034d4643631f/screenshot - {}
RESULT: {}
RESULT: {}
COMMAND: POST /session/e486a1c8754caeb8d733034d4643631f/element - {"using":"xpath","value":"//li[.//span[text()= \"C002\"]]"}
RESULT: {"using":"xpath","value":"//li[.//span[text()= \"C002\"]]"}
COMMAND: POST /session/e486a1c8754caeb8d733034d4643631f/element/f.1A55FC214BCDC1A6E941175A5A5DD598.d.C5B39F9AC7C23057FDFC0C4F135480B9.e.5754/click - {}
RESULT: {}
COMMAND: GET /session/e486a1c8754caeb8d733034d4643631f/screenshot - {}
RESULT: {}
COMMAND: POST /session/e486a1c8754caeb8d733034d4643631f/execute/async - {"script":"<script> [1562 bytes]","args":[{"selector":{"id":"application-managepartners-display-component---NewPartner--btnAddTableRow-img"},"wdio_ui5_key":"applicationmanagepartners-display-component---NewPartner--btnAddTableRow-img"}]}
RESULT: {"script":"<script> [1562 bytes]","args":[{"selector":{"id":"application-managepartners-display-component---NewPartner--btnAddTableRow-img"},"wdio_ui5_key":"applicationmanagepartners-display-component---NewPartner--btnAddTableRow-img"}]}
RESULT: undefined
COMMAND: POST /session/e486a1c8754caeb8d733034d4643631f/element - {"using":"xpath","value":"//*[@id=\"application-managepartners-display-component---NewPartner--btnAddTableRow-img\"]"}
RESULT: {"using":"xpath","value":"//*[@id=\"application-managepartners-display-component---NewPartner--btnAddTableRow-img\"]"}
COMMAND: POST /session/e486a1c8754caeb8d733034d4643631f/element/f.1A55FC214BCDC1A6E941175A5A5DD598.d.C5B39F9AC7C23057FDFC0C4F135480B9.e.5755/click - {}
RESULT: {}
COMMAND: GET /session/e486a1c8754caeb8d733034d4643631f/screenshot - {}
RESULT: {}
COMMAND: POST /session/e486a1c8754caeb8d733034d4643631f/element - {"using":"xpath","value":"//input[@id=\"application-managepartners-display-component---NewPartner--assignmentYard-application-managepartners-display-component---NewPartner--assignmentsTable-0-inner\"]"}
RESULT: {"using":"xpath","value":"//input[@id=\"application-managepartners-display-component---NewPartner--assignmentYard-application-managepartners-display-component---NewPartner--assignmentsTable-0-inner\"]"}
COMMAND: POST /session/e486a1c8754caeb8d733034d4643631f/element/f.1A55FC214BCDC1A6E941175A5A5DD598.d.C5B39F9AC7C23057FDFC0C4F135480B9.e.5758/clear - {}
RESULT: {}
COMMAND: POST /session/e486a1c8754caeb8d733034d4643631f/element/f.1A55FC214BCDC1A6E941175A5A5DD598.d.C5B39F9AC7C23057FDFC0C4F135480B9.e.5758/value - {"text":"690"}
COMMAND: GET /session/e486a1c8754caeb8d733034d4643631f/screenshot - {}
RESULT: {"text":"690"}
COMMAND: GET /session/e486a1c8754caeb8d733034d4643631f/screenshot - {}
RESULT: {}
RESULT: {}
COMMAND: POST /session/e486a1c8754caeb8d733034d4643631f/element - {"using":"xpath","value":"//li[.//span[text()='690']]"}
RESULT: {"using":"xpath","value":"//li[.//span[text()='690']]"}
COMMAND: POST /session/e486a1c8754caeb8d733034d4643631f/element/f.1A55FC214BCDC1A6E941175A5A5DD598.d.C5B39F9AC7C23057FDFC0C4F135480B9.e.5767/click - {}
RESULT: {}
COMMAND: GET /session/e486a1c8754caeb8d733034d4643631f/screenshot - {}
RESULT: {}
COMMAND: POST /session/e486a1c8754caeb8d733034d4643631f/actions - {"actions":[{"id":"action20","type":"key","parameters":{},"actions":[{"type":"keyDown","value":"î€‡"},{"type":"pause","duration":10},{"type":"keyUp","value":"î€‡"}]}]}
RESULT: {"actions":[{"id":"action20","type":"key","parameters":{},"actions":[{"type":"keyDown","value":"î€‡"},{"type":"pause","duration":10},{"type":"keyUp","value":"î€‡"}]}]}
COMMAND: POST /session/e486a1c8754caeb8d733034d4643631f/execute/async - {"script":"<script> [1562 bytes]","args":[{"selector":{"id":"application-managepartners-display-component---NewPartner--externalCustomerComboBox-application-managepartners-display-component---NewPartner--assignmentsTable-0-vhi"},"wdio_ui5_key":"applicationmanagepartners-display-component---NewPartner--externalCustomerComboBox-application-managepartners-display-component---NewPartner--assignmentsTable-0-vhi"}]}
COMMAND: GET /session/e486a1c8754caeb8d733034d4643631f/screenshot - {}
RESULT: {"script":"<script> [1562 bytes]","args":[{"selector":{"id":"application-managepartners-display-component---NewPartner--externalCustomerComboBox-application-managepartners-display-component---NewPartner--assignmentsTable-0-vhi"},"wdio_ui5_key":"applicationmanagepartners-display-component---NewPartner--externalCustomerComboBox-application-managepartners-display-component---NewPartner--assignmentsTable-0-vhi"}]}
RESULT: undefined
COMMAND: POST /session/e486a1c8754caeb8d733034d4643631f/element - {"using":"xpath","value":"//*[@id=\"application-managepartners-display-component---NewPartner--externalCustomerComboBox-application-managepartners-display-component---NewPartner--assignmentsTable-0-vhi\"]"}
RESULT: {}
RESULT: {"using":"xpath","value":"//*[@id=\"application-managepartners-display-component---NewPartner--externalCustomerComboBox-application-managepartners-display-component---NewPartner--assignmentsTable-0-vhi\"]"}
COMMAND: POST /session/e486a1c8754caeb8d733034d4643631f/element/f.1A55FC214BCDC1A6E941175A5A5DD598.d.C5B39F9AC7C23057FDFC0C4F135480B9.e.5771/click - {}
RESULT: {}
RESULT: undefined
COMMAND: POST /session/e486a1c8754caeb8d733034d4643631f/execute/async - {"script":"<script> [776 bytes]","args":[{"enterText":"300003","selector":{"controlType":"sap.m.SearchField","properties":{"placeholder":"Search"},"searchOpenDialogs":true,"interaction":{"idSuffix":"I"}},"clearTextFirst":true,"interactionType":"ENTER_TEXT"}]}
COMMAND: GET /session/e486a1c8754caeb8d733034d4643631f/screenshot - {}
RESULT: {"script":"<script> [776 bytes]","args":[{"enterText":"300003","selector":{"controlType":"sap.m.SearchField","properties":{"placeholder":"Search"},"searchOpenDialogs":true,"interaction":{"idSuffix":"I"}},"clearTextFirst":true,"interactionType":"ENTER_TEXT"}]}
COMMAND: POST /session/e486a1c8754caeb8d733034d4643631f/actions - {"actions":[{"id":"action21","type":"key","parameters":{},"actions":[{"type":"keyDown","value":"î€‡"},{"type":"pause","duration":10},{"type":"keyUp","value":"î€‡"}]}]}
RESULT: {}
RESULT: {"actions":[{"id":"action21","type":"key","parameters":{},"actions":[{"type":"keyDown","value":"î€‡"},{"type":"pause","duration":10},{"type":"keyUp","value":"î€‡"}]}]}
COMMAND: GET /session/e486a1c8754caeb8d733034d4643631f/screenshot - {}
RESULT: {}
COMMAND: POST /session/e486a1c8754caeb8d733034d4643631f/element - {"using":"xpath","value":"//span[contains(text(), \"300003\")]"}
RESULT: {"using":"xpath","value":"//span[contains(text(), \"300003\")]"}
COMMAND: POST /session/e486a1c8754caeb8d733034d4643631f/element/f.1A55FC214BCDC1A6E941175A5A5DD598.d.C5B39F9AC7C23057FDFC0C4F135480B9.e.5788/click - {}
RESULT: {}
COMMAND: GET /session/e486a1c8754caeb8d733034d4643631f/screenshot - {}
RESULT: {}
COMMAND: POST /session/e486a1c8754caeb8d733034d4643631f/element - {"using":"xpath","value":"//bdi[contains(text(), \"OK\")]"}
RESULT: {"using":"xpath","value":"//bdi[contains(text(), \"OK\")]"}
COMMAND: POST /session/e486a1c8754caeb8d733034d4643631f/element/f.1A55FC214BCDC1A6E941175A5A5DD598.d.C5B39F9AC7C23057FDFC0C4F135480B9.e.5790/click - {}
RESULT: {}
COMMAND: GET /session/e486a1c8754caeb8d733034d4643631f/screenshot - {}
RESULT: {}
COMMAND: POST /session/e486a1c8754caeb8d733034d4643631f/execute/async - {"script":"<script> [1562 bytes]","args":[{"selector":{"id":"application-managepartners-display-component---NewPartner--intercompVendorComboBox-application-managepartners-display-component---NewPartner--assignmentsTable-0-vhi"},"wdio_ui5_key":"applicationmanagepartners-display-component---NewPartner--intercompVendorComboBox-application-managepartners-display-component---NewPartner--assignmentsTable-0-vhi"}]}
RESULT: {"script":"<script> [1562 bytes]","args":[{"selector":{"id":"application-managepartners-display-component---NewPartner--intercompVendorComboBox-application-managepartners-display-component---NewPartner--assignmentsTable-0-vhi"},"wdio_ui5_key":"applicationmanagepartners-display-component---NewPartner--intercompVendorComboBox-application-managepartners-display-component---NewPartner--assignmentsTable-0-vhi"}]}
RESULT: undefined
COMMAND: POST /session/e486a1c8754caeb8d733034d4643631f/element - {"using":"xpath","value":"//*[@id=\"application-managepartners-display-component---NewPartner--intercompVendorComboBox-application-managepartners-display-component---NewPartner--assignmentsTable-0-vhi\"]"}
RESULT: {"using":"xpath","value":"//*[@id=\"application-managepartners-display-component---NewPartner--intercompVendorComboBox-application-managepartners-display-component---NewPartner--assignmentsTable-0-vhi\"]"}
COMMAND: POST /session/e486a1c8754caeb8d733034d4643631f/element/f.1A55FC214BCDC1A6E941175A5A5DD598.d.C5B39F9AC7C23057FDFC0C4F135480B9.e.5794/click - {}
RESULT: {}
RESULT: undefined
COMMAND: POST /session/e486a1c8754caeb8d733034d4643631f/execute/async - {"script":"<script> [776 bytes]","args":[{"enterText":"100005","selector":{"controlType":"sap.m.SearchField","properties":{"placeholder":"Search"},"searchOpenDialogs":true,"interaction":{"idSuffix":"I"}},"clearTextFirst":true,"interactionType":"ENTER_TEXT"}]}
COMMAND: GET /session/e486a1c8754caeb8d733034d4643631f/screenshot - {}
RESULT: {"script":"<script> [776 bytes]","args":[{"enterText":"100005","selector":{"controlType":"sap.m.SearchField","properties":{"placeholder":"Search"},"searchOpenDialogs":true,"interaction":{"idSuffix":"I"}},"clearTextFirst":true,"interactionType":"ENTER_TEXT"}]}
COMMAND: POST /session/e486a1c8754caeb8d733034d4643631f/actions - {"actions":[{"id":"action22","type":"key","parameters":{},"actions":[{"type":"keyDown","value":"î€‡"},{"type":"pause","duration":10},{"type":"keyUp","value":"î€‡"}]}]}
RESULT: {}
RESULT: {"actions":[{"id":"action22","type":"key","parameters":{},"actions":[{"type":"keyDown","value":"î€‡"},{"type":"pause","duration":10},{"type":"keyUp","value":"î€‡"}]}]}
COMMAND: GET /session/e486a1c8754caeb8d733034d4643631f/screenshot - {}
RESULT: {}
COMMAND: POST /session/e486a1c8754caeb8d733034d4643631f/element - {"using":"xpath","value":"//span[contains(text(), \"Penguins - Field/12345 Berlin\")]"}
RESULT: {"using":"xpath","value":"//span[contains(text(), \"Penguins - Field/12345 Berlin\")]"}
COMMAND: POST /session/e486a1c8754caeb8d733034d4643631f/element/f.1A55FC214BCDC1A6E941175A5A5DD598.d.C5B39F9AC7C23057FDFC0C4F135480B9.e.5813/click - {}
RESULT: {}
COMMAND: GET /session/e486a1c8754caeb8d733034d4643631f/screenshot - {}
RESULT: {}
COMMAND: POST /session/e486a1c8754caeb8d733034d4643631f/element - {"using":"xpath","value":"//bdi[contains(text(), \"OK\")]"}
RESULT: {"using":"xpath","value":"//bdi[contains(text(), \"OK\")]"}
COMMAND: POST /session/e486a1c8754caeb8d733034d4643631f/element/f.1A55FC214BCDC1A6E941175A5A5DD598.d.C5B39F9AC7C23057FDFC0C4F135480B9.e.5814/click - {}
RESULT: {}
COMMAND: GET /session/e486a1c8754caeb8d733034d4643631f/screenshot - {}
RESULT: {}
COMMAND: POST /session/e486a1c8754caeb8d733034d4643631f/element - {"using":"xpath","value":"//button[@data-kt=\"saveButton\"]"}
RESULT: {"using":"xpath","value":"//button[@data-kt=\"saveButton\"]"}
COMMAND: POST /session/e486a1c8754caeb8d733034d4643631f/element/f.1A55FC214BCDC1A6E941175A5A5DD598.d.C5B39F9AC7C23057FDFC0C4F135480B9.e.5665/click - {}
RESULT: {}
COMMAND: GET /session/e486a1c8754caeb8d733034d4643631f/screenshot - {}
RESULT: {}
COMMAND: POST /session/e486a1c8754caeb8d733034d4643631f/element - {"using":"xpath","value":"//header[contains(@id, 'ObjectPageLayout-headerTitle')]/div[1]/div[2]/div[2]/span[1]"}
RESULT: {"using":"xpath","value":"//header[contains(@id, 'ObjectPageLayout-headerTitle')]/div[1]/div[2]/div[2]/span[1]"}
COMMAND: POST /session/e486a1c8754caeb8d733034d4643631f/elements - {"using":"xpath","value":"//header[contains(@id, 'ObjectPageLayout-headerTitle')]/div[1]/div[2]/div[2]/span[1]"}
RESULT: {"using":"xpath","value":"//header[contains(@id, 'ObjectPageLayout-headerTitle')]/div[1]/div[2]/div[2]/span[1]"}
COMMAND: POST /session/e486a1c8754caeb8d733034d4643631f/execute/sync - {"script":"<script> [56 bytes]","args":[{"element-6066-11e4-a52e-4f735466cecf":"f.1A55FC214BCDC1A6E941175A5A5DD598.d.C5B39F9AC7C23057FDFC0C4F135480B9.e.5979","ELEMENT":"f.1A55FC214BCDC1A6E941175A5A5DD598.d.C5B39F9AC7C23057FDFC0C4F135480B9.e.5979"}]}
RESULT: {"script":"<script> [56 bytes]","args":[{"element-6066-11e4-a52e-4f735466cecf":"f.1A55FC214BCDC1A6E941175A5A5DD598.d.C5B39F9AC7C23057FDFC0C4F135480B9.e.5979","ELEMENT":"f.1A55FC214BCDC1A6E941175A5A5DD598.d.C5B39F9AC7C23057FDFC0C4F135480B9.e.5979"}]}
COMMAND: POST /session/e486a1c8754caeb8d733034d4643631f/element - {"using":"css selector","value":"#shell-header-logo"}
COMMAND: GET /session/e486a1c8754caeb8d733034d4643631f/screenshot - {}
RESULT: {"using":"css selector","value":"#shell-header-logo"}
COMMAND: POST /session/e486a1c8754caeb8d733034d4643631f/element/f.1A55FC214BCDC1A6E941175A5A5DD598.d.C5B39F9AC7C23057FDFC0C4F135480B9.e.5201/click - {}
RESULT: {}
RESULT: {}
COMMAND: GET /session/e486a1c8754caeb8d733034d4643631f/screenshot - {}
RESULT: {}
COMMAND: POST /session/e486a1c8754caeb8d733034d4643631f/execute/sync - {"script":"<script> [299 bytes]","args":[["getModel","getResource"]]}
RESULT: {"script":"<script> [299 bytes]","args":[["getModel","getResource"]]}
]]></system-out>
    </testcase>
    <testcase classname="chrome.137_0_7151_69.windows.Create_master_data_for_mixed_billing_&amp;_do_billing_calculation_US151661" name="Should create a new site" time="142.817">
      <system-out><![CDATA[
COMMAND: POST /session/e486a1c8754caeb8d733034d4643631f/execute/async - {"script":"<script> [1562 bytes]","args":[{"selector":{"controlType":"sap.m.GenericTile","properties":{"header":"Manage Sites"}},"wdio_ui5_key":"sapm.GenericTile{\"header\":\"Manage Sites\"}"}]}
COMMAND: GET /session/e486a1c8754caeb8d733034d4643631f/screenshot - {}
RESULT: {"script":"<script> [1562 bytes]","args":[{"selector":{"controlType":"sap.m.GenericTile","properties":{"header":"Manage Sites"}},"wdio_ui5_key":"sapm.GenericTile{\"header\":\"Manage Sites\"}"}]}
RESULT: undefined
COMMAND: POST /session/e486a1c8754caeb8d733034d4643631f/element - {"using":"xpath","value":"//*[@id=\"__tile40\"]"}
RESULT: {}
RESULT: {"using":"xpath","value":"//*[@id=\"__tile40\"]"}
COMMAND: POST /session/e486a1c8754caeb8d733034d4643631f/element/f.1A55FC214BCDC1A6E941175A5A5DD598.d.C5B39F9AC7C23057FDFC0C4F135480B9.e.4364/click - {}
RESULT: {}
COMMAND: GET /session/e486a1c8754caeb8d733034d4643631f/screenshot - {}
RESULT: {}
COMMAND: POST /session/e486a1c8754caeb8d733034d4643631f/elements - {"using":"xpath","value":"//span[text()='Error']"}
RESULT: {"using":"xpath","value":"//span[text()='Error']"}
COMMAND: POST /session/e486a1c8754caeb8d733034d4643631f/element - {"using":"xpath","value":"//button[@data-kt=\"addOverflowToolbarButton\"]"}
RESULT: {"using":"xpath","value":"//button[@data-kt=\"addOverflowToolbarButton\"]"}
COMMAND: POST /session/e486a1c8754caeb8d733034d4643631f/elements - {"using":"xpath","value":"//button[@data-kt=\"addOverflowToolbarButton\"]"}
RESULT: {"using":"xpath","value":"//button[@data-kt=\"addOverflowToolbarButton\"]"}
COMMAND: POST /session/e486a1c8754caeb8d733034d4643631f/execute/sync - {"script":"<script> [8489 bytes]","args":[{"element-6066-11e4-a52e-4f735466cecf":"f.1A55FC214BCDC1A6E941175A5A5DD598.d.C5B39F9AC7C23057FDFC0C4F135480B9.e.6026","ELEMENT":"f.1A55FC214BCDC1A6E941175A5A5DD598.d.C5B39F9AC7C23057FDFC0C4F135480B9.e.6026"}]}
RESULT: {"script":"<script> [8489 bytes]","args":[{"element-6066-11e4-a52e-4f735466cecf":"f.1A55FC214BCDC1A6E941175A5A5DD598.d.C5B39F9AC7C23057FDFC0C4F135480B9.e.6026","ELEMENT":"f.1A55FC214BCDC1A6E941175A5A5DD598.d.C5B39F9AC7C23057FDFC0C4F135480B9.e.6026"}]}
COMMAND: GET /session/e486a1c8754caeb8d733034d4643631f/element/f.1A55FC214BCDC1A6E941175A5A5DD598.d.C5B39F9AC7C23057FDFC0C4F135480B9.e.6026/enabled - {}
COMMAND: GET /session/e486a1c8754caeb8d733034d4643631f/screenshot - {}
RESULT: {}
COMMAND: POST /session/e486a1c8754caeb8d733034d4643631f/execute/sync - {"script":"<script> [8489 bytes]","args":[{"element-6066-11e4-a52e-4f735466cecf":"f.1A55FC214BCDC1A6E941175A5A5DD598.d.C5B39F9AC7C23057FDFC0C4F135480B9.e.6026","ELEMENT":"f.1A55FC214BCDC1A6E941175A5A5DD598.d.C5B39F9AC7C23057FDFC0C4F135480B9.e.6026"}]}
COMMAND: GET /session/e486a1c8754caeb8d733034d4643631f/screenshot - {}
RESULT: {}
RESULT: {"script":"<script> [8489 bytes]","args":[{"element-6066-11e4-a52e-4f735466cecf":"f.1A55FC214BCDC1A6E941175A5A5DD598.d.C5B39F9AC7C23057FDFC0C4F135480B9.e.6026","ELEMENT":"f.1A55FC214BCDC1A6E941175A5A5DD598.d.C5B39F9AC7C23057FDFC0C4F135480B9.e.6026"}]}
COMMAND: POST /session/e486a1c8754caeb8d733034d4643631f/execute/sync - {"script":"<script> [5351 bytes]","args":[{"element-6066-11e4-a52e-4f735466cecf":"f.1A55FC214BCDC1A6E941175A5A5DD598.d.C5B39F9AC7C23057FDFC0C4F135480B9.e.6026","ELEMENT":"f.1A55FC214BCDC1A6E941175A5A5DD598.d.C5B39F9AC7C23057FDFC0C4F135480B9.e.6026"}]}
COMMAND: GET /session/e486a1c8754caeb8d733034d4643631f/screenshot - {}
RESULT: {}
RESULT: {"script":"<script> [5351 bytes]","args":[{"element-6066-11e4-a52e-4f735466cecf":"f.1A55FC214BCDC1A6E941175A5A5DD598.d.C5B39F9AC7C23057FDFC0C4F135480B9.e.6026","ELEMENT":"f.1A55FC214BCDC1A6E941175A5A5DD598.d.C5B39F9AC7C23057FDFC0C4F135480B9.e.6026"}]}
COMMAND: POST /session/e486a1c8754caeb8d733034d4643631f/element/f.1A55FC214BCDC1A6E941175A5A5DD598.d.C5B39F9AC7C23057FDFC0C4F135480B9.e.6026/click - {}
COMMAND: GET /session/e486a1c8754caeb8d733034d4643631f/screenshot - {}
RESULT: {}
RESULT: {}
COMMAND: GET /session/e486a1c8754caeb8d733034d4643631f/screenshot - {}
RESULT: {}
RESULT: {}
COMMAND: POST /session/e486a1c8754caeb8d733034d4643631f/element - {"using":"xpath","value":"//input[@id=\"application-managesites-display-component---NewSite--siteId-inner\"]"}
RESULT: {"using":"xpath","value":"//input[@id=\"application-managesites-display-component---NewSite--siteId-inner\"]"}
COMMAND: POST /session/e486a1c8754caeb8d733034d4643631f/element - {"using":"xpath","value":"//input[@id=\"application-managesites-display-component---NewSite--siteId-inner\"]"}
RESULT: {"using":"xpath","value":"//input[@id=\"application-managesites-display-component---NewSite--siteId-inner\"]"}
COMMAND: POST /session/e486a1c8754caeb8d733034d4643631f/execute/async - {"script":"<script> [1562 bytes]","args":[{"selector":{"id":"application-managesites-display-component---NewSite--addressDetailDetailsName1","interaction":{"idSuffix":"inner"}},"wdio_ui5_key":"applicationmanagesites-display-component---NewSite--addressDetailDetailsName1"}]}
RESULT: {"script":"<script> [1562 bytes]","args":[{"selector":{"id":"application-managesites-display-component---NewSite--addressDetailDetailsName1","interaction":{"idSuffix":"inner"}},"wdio_ui5_key":"applicationmanagesites-display-component---NewSite--addressDetailDetailsName1"}]}
RESULT: undefined
COMMAND: POST /session/e486a1c8754caeb8d733034d4643631f/execute/async - {"script":"<script> [776 bytes]","args":[{"enterText":"Intercompany Site wdIO","selector":{"id":"application-managesites-display-component---NewSite--addressDetailDetailsName1","interaction":{"idSuffix":"inner"}},"clearTextFirst":true,"interactionType":"ENTER_TEXT"}]}
RESULT: {"script":"<script> [776 bytes]","args":[{"enterText":"Intercompany Site wdIO","selector":{"id":"application-managesites-display-component---NewSite--addressDetailDetailsName1","interaction":{"idSuffix":"inner"}},"clearTextFirst":true,"interactionType":"ENTER_TEXT"}]}
COMMAND: POST /session/e486a1c8754caeb8d733034d4643631f/execute/async - {"script":"<script> [1562 bytes]","args":[{"selector":{"id":"application-managesites-display-component---NewSite--addressDetailDetailsLanguage-arrow"},"wdio_ui5_key":"applicationmanagesites-display-component---NewSite--addressDetailDetailsLanguage-arrow"}]}
RESULT: {"script":"<script> [1562 bytes]","args":[{"selector":{"id":"application-managesites-display-component---NewSite--addressDetailDetailsLanguage-arrow"},"wdio_ui5_key":"applicationmanagesites-display-component---NewSite--addressDetailDetailsLanguage-arrow"}]}
RESULT: undefined
COMMAND: POST /session/e486a1c8754caeb8d733034d4643631f/element - {"using":"xpath","value":"//*[@id=\"application-managesites-display-component---NewSite--addressDetailDetailsLanguage-arrow\"]"}
RESULT: {"using":"xpath","value":"//*[@id=\"application-managesites-display-component---NewSite--addressDetailDetailsLanguage-arrow\"]"}
COMMAND: POST /session/e486a1c8754caeb8d733034d4643631f/element/f.1A55FC214BCDC1A6E941175A5A5DD598.d.C5B39F9AC7C23057FDFC0C4F135480B9.e.6655/click - {}
RESULT: {}
COMMAND: POST /session/e486a1c8754caeb8d733034d4643631f/element - {"using":"xpath","value":"//span[contains(text(), \"English\")]"}
COMMAND: GET /session/e486a1c8754caeb8d733034d4643631f/screenshot - {}
RESULT: {"using":"xpath","value":"//span[contains(text(), \"English\")]"}
COMMAND: POST /session/e486a1c8754caeb8d733034d4643631f/element/f.1A55FC214BCDC1A6E941175A5A5DD598.d.C5B39F9AC7C23057FDFC0C4F135480B9.e.6656/click - {}
RESULT: {}
RESULT: {}
COMMAND: POST /session/e486a1c8754caeb8d733034d4643631f/execute/async - {"script":"<script> [1562 bytes]","args":[{"selector":{"id":"application-managesites-display-component---NewSite--addressDetailDetailsCity1","interaction":{"idSuffix":"inner"}},"wdio_ui5_key":"applicationmanagesites-display-component---NewSite--addressDetailDetailsCity1"}]}
COMMAND: GET /session/e486a1c8754caeb8d733034d4643631f/screenshot - {}
RESULT: {"script":"<script> [1562 bytes]","args":[{"selector":{"id":"application-managesites-display-component---NewSite--addressDetailDetailsCity1","interaction":{"idSuffix":"inner"}},"wdio_ui5_key":"applicationmanagesites-display-component---NewSite--addressDetailDetailsCity1"}]}
RESULT: undefined
COMMAND: POST /session/e486a1c8754caeb8d733034d4643631f/execute/async - {"script":"<script> [776 bytes]","args":[{"enterText":"Rosario","selector":{"id":"application-managesites-display-component---NewSite--addressDetailDetailsCity1","interaction":{"idSuffix":"inner"}},"clearTextFirst":true,"interactionType":"ENTER_TEXT"}]}
RESULT: {}
RESULT: {"script":"<script> [776 bytes]","args":[{"enterText":"Rosario","selector":{"id":"application-managesites-display-component---NewSite--addressDetailDetailsCity1","interaction":{"idSuffix":"inner"}},"clearTextFirst":true,"interactionType":"ENTER_TEXT"}]}
COMMAND: POST /session/e486a1c8754caeb8d733034d4643631f/execute/async - {"script":"<script> [1562 bytes]","args":[{"selector":{"id":"application-managesites-display-component---NewSite--addressDetailDetailsCountry-arrow"},"wdio_ui5_key":"applicationmanagesites-display-component---NewSite--addressDetailDetailsCountry-arrow"}]}
RESULT: {"script":"<script> [1562 bytes]","args":[{"selector":{"id":"application-managesites-display-component---NewSite--addressDetailDetailsCountry-arrow"},"wdio_ui5_key":"applicationmanagesites-display-component---NewSite--addressDetailDetailsCountry-arrow"}]}
RESULT: undefined
COMMAND: POST /session/e486a1c8754caeb8d733034d4643631f/element - {"using":"xpath","value":"//*[@id=\"application-managesites-display-component---NewSite--addressDetailDetailsCountry-arrow\"]"}
RESULT: {"using":"xpath","value":"//*[@id=\"application-managesites-display-component---NewSite--addressDetailDetailsCountry-arrow\"]"}
COMMAND: POST /session/e486a1c8754caeb8d733034d4643631f/element/f.1A55FC214BCDC1A6E941175A5A5DD598.d.C5B39F9AC7C23057FDFC0C4F135480B9.e.6658/click - {}
RESULT: {}
COMMAND: POST /session/e486a1c8754caeb8d733034d4643631f/element - {"using":"xpath","value":"//span[contains(text(), \"Argentina\")]"}
COMMAND: GET /session/e486a1c8754caeb8d733034d4643631f/screenshot - {}
RESULT: {"using":"xpath","value":"//span[contains(text(), \"Argentina\")]"}
COMMAND: POST /session/e486a1c8754caeb8d733034d4643631f/element/f.1A55FC214BCDC1A6E941175A5A5DD598.d.C5B39F9AC7C23057FDFC0C4F135480B9.e.6659/click - {}
RESULT: {}
RESULT: {}
COMMAND: GET /session/e486a1c8754caeb8d733034d4643631f/screenshot - {}
RESULT: {}
COMMAND: POST /session/e486a1c8754caeb8d733034d4643631f/execute/async - {"script":"<script> [1562 bytes]","args":[{"selector":{"id":"application-managesites-display-component---NewSite--addressEditDetailsCostObjectCstType-arrow"},"wdio_ui5_key":"applicationmanagesites-display-component---NewSite--addressEditDetailsCostObjectCstType-arrow"}]}
RESULT: {"script":"<script> [1562 bytes]","args":[{"selector":{"id":"application-managesites-display-component---NewSite--addressEditDetailsCostObjectCstType-arrow"},"wdio_ui5_key":"applicationmanagesites-display-component---NewSite--addressEditDetailsCostObjectCstType-arrow"}]}
RESULT: undefined
COMMAND: POST /session/e486a1c8754caeb8d733034d4643631f/element - {"using":"xpath","value":"//*[@id=\"application-managesites-display-component---NewSite--addressEditDetailsCostObjectCstType-arrow\"]"}
RESULT: {"using":"xpath","value":"//*[@id=\"application-managesites-display-component---NewSite--addressEditDetailsCostObjectCstType-arrow\"]"}
COMMAND: POST /session/e486a1c8754caeb8d733034d4643631f/element/f.1A55FC214BCDC1A6E941175A5A5DD598.d.C5B39F9AC7C23057FDFC0C4F135480B9.e.6661/click - {}
RESULT: {}
COMMAND: POST /session/e486a1c8754caeb8d733034d4643631f/element - {"using":"xpath","value":"//span[contains(text(), \"Cost Center\")]"}
COMMAND: GET /session/e486a1c8754caeb8d733034d4643631f/screenshot - {}
RESULT: {"using":"xpath","value":"//span[contains(text(), \"Cost Center\")]"}
COMMAND: POST /session/e486a1c8754caeb8d733034d4643631f/element/f.1A55FC214BCDC1A6E941175A5A5DD598.d.C5B39F9AC7C23057FDFC0C4F135480B9.e.6662/click - {}
RESULT: {}
RESULT: {}
COMMAND: GET /session/e486a1c8754caeb8d733034d4643631f/screenshot - {}
RESULT: {}
COMMAND: POST /session/e486a1c8754caeb8d733034d4643631f/element - {"using":"xpath","value":"//span[@id=\"application-managesites-display-component---NewSite--addressNewCostObjectCstID-vhi\"]"}
RESULT: {"using":"xpath","value":"//span[@id=\"application-managesites-display-component---NewSite--addressNewCostObjectCstID-vhi\"]"}
COMMAND: POST /session/e486a1c8754caeb8d733034d4643631f/execute/sync - {"script":"<script> [8489 bytes]","args":[{"element-6066-11e4-a52e-4f735466cecf":"f.1A55FC214BCDC1A6E941175A5A5DD598.d.C5B39F9AC7C23057FDFC0C4F135480B9.e.6667","ELEMENT":"f.1A55FC214BCDC1A6E941175A5A5DD598.d.C5B39F9AC7C23057FDFC0C4F135480B9.e.6667"}]}
RESULT: {"script":"<script> [8489 bytes]","args":[{"element-6066-11e4-a52e-4f735466cecf":"f.1A55FC214BCDC1A6E941175A5A5DD598.d.C5B39F9AC7C23057FDFC0C4F135480B9.e.6667","ELEMENT":"f.1A55FC214BCDC1A6E941175A5A5DD598.d.C5B39F9AC7C23057FDFC0C4F135480B9.e.6667"}]}
COMMAND: POST /session/e486a1c8754caeb8d733034d4643631f/execute/async - {"script":"<script> [1562 bytes]","args":[{"selector":{"id":"application-managesites-display-component---NewSite--addressNewCostObjectCstID-vhi"},"wdio_ui5_key":"applicationmanagesites-display-component---NewSite--addressNewCostObjectCstID-vhi"}]}
COMMAND: GET /session/e486a1c8754caeb8d733034d4643631f/screenshot - {}
RESULT: {"script":"<script> [1562 bytes]","args":[{"selector":{"id":"application-managesites-display-component---NewSite--addressNewCostObjectCstID-vhi"},"wdio_ui5_key":"applicationmanagesites-display-component---NewSite--addressNewCostObjectCstID-vhi"}]}
RESULT: undefined
COMMAND: POST /session/e486a1c8754caeb8d733034d4643631f/element - {"using":"xpath","value":"//*[@id=\"application-managesites-display-component---NewSite--addressNewCostObjectCstID-vhi\"]"}
RESULT: {}
RESULT: {"using":"xpath","value":"//*[@id=\"application-managesites-display-component---NewSite--addressNewCostObjectCstID-vhi\"]"}
COMMAND: POST /session/e486a1c8754caeb8d733034d4643631f/element/f.1A55FC214BCDC1A6E941175A5A5DD598.d.C5B39F9AC7C23057FDFC0C4F135480B9.e.6667/click - {}
RESULT: {}
COMMAND: GET /session/e486a1c8754caeb8d733034d4643631f/screenshot - {}
RESULT: {}
RESULT: undefined
COMMAND: POST /session/e486a1c8754caeb8d733034d4643631f/execute/async - {"script":"<script> [776 bytes]","args":[{"enterText":"10001013","selector":{"controlType":"sap.m.SearchField","properties":{"placeholder":"Search"},"searchOpenDialogs":true,"interaction":{"idSuffix":"I"}},"clearTextFirst":true,"interactionType":"ENTER_TEXT"}]}
RESULT: {"script":"<script> [776 bytes]","args":[{"enterText":"10001013","selector":{"controlType":"sap.m.SearchField","properties":{"placeholder":"Search"},"searchOpenDialogs":true,"interaction":{"idSuffix":"I"}},"clearTextFirst":true,"interactionType":"ENTER_TEXT"}]}
COMMAND: POST /session/e486a1c8754caeb8d733034d4643631f/actions - {"actions":[{"id":"action23","type":"key","parameters":{},"actions":[{"type":"keyDown","value":"î€‡"},{"type":"pause","duration":10},{"type":"keyUp","value":"î€‡"}]}]}
RESULT: {"actions":[{"id":"action23","type":"key","parameters":{},"actions":[{"type":"keyDown","value":"î€‡"},{"type":"pause","duration":10},{"type":"keyUp","value":"î€‡"}]}]}
COMMAND: GET /session/e486a1c8754caeb8d733034d4643631f/screenshot - {}
RESULT: {}
COMMAND: POST /session/e486a1c8754caeb8d733034d4643631f/element - {"using":"xpath","value":"//span[contains(text(), \"General Management\")]"}
RESULT: {"using":"xpath","value":"//span[contains(text(), \"General Management\")]"}
COMMAND: POST /session/e486a1c8754caeb8d733034d4643631f/element/f.1A55FC214BCDC1A6E941175A5A5DD598.d.C5B39F9AC7C23057FDFC0C4F135480B9.e.6706/click - {}
RESULT: {}
COMMAND: GET /session/e486a1c8754caeb8d733034d4643631f/screenshot - {}
RESULT: {}
COMMAND: POST /session/e486a1c8754caeb8d733034d4643631f/element - {"using":"xpath","value":"//bdi[contains(text(), \"OK\")]"}
RESULT: {"using":"xpath","value":"//bdi[contains(text(), \"OK\")]"}
COMMAND: POST /session/e486a1c8754caeb8d733034d4643631f/element/f.1A55FC214BCDC1A6E941175A5A5DD598.d.C5B39F9AC7C23057FDFC0C4F135480B9.e.6707/click - {}
RESULT: {}
COMMAND: GET /session/e486a1c8754caeb8d733034d4643631f/screenshot - {}
RESULT: {}
COMMAND: POST /session/e486a1c8754caeb8d733034d4643631f/element - {"using":"xpath","value":"//input[@id=\"application-managesites-display-component---NewSite--addressDetailDetailsCalendar-inner\"]"}
RESULT: {"using":"xpath","value":"//input[@id=\"application-managesites-display-component---NewSite--addressDetailDetailsCalendar-inner\"]"}
COMMAND: POST /session/e486a1c8754caeb8d733034d4643631f/element/f.1A55FC214BCDC1A6E941175A5A5DD598.d.C5B39F9AC7C23057FDFC0C4F135480B9.e.6453/clear - {}
RESULT: {}
COMMAND: POST /session/e486a1c8754caeb8d733034d4643631f/element/f.1A55FC214BCDC1A6E941175A5A5DD598.d.C5B39F9AC7C23057FDFC0C4F135480B9.e.6453/value - {"text":"Unit"}
COMMAND: GET /session/e486a1c8754caeb8d733034d4643631f/screenshot - {}
RESULT: {"text":"Unit"}
COMMAND: GET /session/e486a1c8754caeb8d733034d4643631f/screenshot - {}
RESULT: {}
RESULT: {}
COMMAND: POST /session/e486a1c8754caeb8d733034d4643631f/actions - {"actions":[{"id":"action24","type":"key","parameters":{},"actions":[{"type":"keyDown","value":"î€‡"},{"type":"pause","duration":10},{"type":"keyUp","value":"î€‡"}]}]}
RESULT: {"actions":[{"id":"action24","type":"key","parameters":{},"actions":[{"type":"keyDown","value":"î€‡"},{"type":"pause","duration":10},{"type":"keyUp","value":"î€‡"}]}]}
COMMAND: POST /session/e486a1c8754caeb8d733034d4643631f/element - {"using":"xpath","value":"//input[@id=\"application-managesites-display-component---NewSite--addressDetailDetailsYard-inner\"]"}
COMMAND: GET /session/e486a1c8754caeb8d733034d4643631f/screenshot - {}
RESULT: {"using":"xpath","value":"//input[@id=\"application-managesites-display-component---NewSite--addressDetailDetailsYard-inner\"]"}
COMMAND: POST /session/e486a1c8754caeb8d733034d4643631f/element/f.1A55FC214BCDC1A6E941175A5A5DD598.d.C5B39F9AC7C23057FDFC0C4F135480B9.e.6454/clear - {}
RESULT: {}
RESULT: {}
COMMAND: POST /session/e486a1c8754caeb8d733034d4643631f/element/f.1A55FC214BCDC1A6E941175A5A5DD598.d.C5B39F9AC7C23057FDFC0C4F135480B9.e.6454/value - {"text":"690"}
COMMAND: GET /session/e486a1c8754caeb8d733034d4643631f/screenshot - {}
RESULT: {"text":"690"}
COMMAND: GET /session/e486a1c8754caeb8d733034d4643631f/screenshot - {}
RESULT: {}
RESULT: {}
COMMAND: POST /session/e486a1c8754caeb8d733034d4643631f/element - {"using":"xpath","value":"//li[.//span[text()='690']]"}
RESULT: {"using":"xpath","value":"//li[.//span[text()='690']]"}
COMMAND: POST /session/e486a1c8754caeb8d733034d4643631f/element/f.1A55FC214BCDC1A6E941175A5A5DD598.d.C5B39F9AC7C23057FDFC0C4F135480B9.e.6734/click - {}
RESULT: {}
COMMAND: GET /session/e486a1c8754caeb8d733034d4643631f/screenshot - {}
RESULT: {}
COMMAND: POST /session/e486a1c8754caeb8d733034d4643631f/element - {"using":"xpath","value":"//input[@id=\"application-managesites-display-component---NewSite--addressDetailDetailsPartner-inner\"]"}
RESULT: {"using":"xpath","value":"//input[@id=\"application-managesites-display-component---NewSite--addressDetailDetailsPartner-inner\"]"}
COMMAND: POST /session/e486a1c8754caeb8d733034d4643631f/element - {"using":"xpath","value":"//input[@id=\"application-managesites-display-component---NewSite--addressDetailDetailsPartner-inner\"]"}
RESULT: {"using":"xpath","value":"//input[@id=\"application-managesites-display-component---NewSite--addressDetailDetailsPartner-inner\"]"}
COMMAND: POST /session/e486a1c8754caeb8d733034d4643631f/element - {"using":"xpath","value":"//button[@data-kt=\"saveButton\"]"}
RESULT: {"using":"xpath","value":"//button[@data-kt=\"saveButton\"]"}
COMMAND: POST /session/e486a1c8754caeb8d733034d4643631f/element/f.1A55FC214BCDC1A6E941175A5A5DD598.d.C5B39F9AC7C23057FDFC0C4F135480B9.e.6606/click - {}
RESULT: {}
COMMAND: GET /session/e486a1c8754caeb8d733034d4643631f/screenshot - {}
RESULT: {}
COMMAND: POST /session/e486a1c8754caeb8d733034d4643631f/element - {"using":"xpath","value":"//header[contains(@id, 'ObjectPageLayout-headerTitle')]/div[1]/div[2]/div[2]/span[1]"}
RESULT: {"using":"xpath","value":"//header[contains(@id, 'ObjectPageLayout-headerTitle')]/div[1]/div[2]/div[2]/span[1]"}
COMMAND: POST /session/e486a1c8754caeb8d733034d4643631f/elements - {"using":"xpath","value":"//header[contains(@id, 'ObjectPageLayout-headerTitle')]/div[1]/div[2]/div[2]/span[1]"}
RESULT: {"using":"xpath","value":"//header[contains(@id, 'ObjectPageLayout-headerTitle')]/div[1]/div[2]/div[2]/span[1]"}
COMMAND: POST /session/e486a1c8754caeb8d733034d4643631f/execute/sync - {"script":"<script> [56 bytes]","args":[{"element-6066-11e4-a52e-4f735466cecf":"f.1A55FC214BCDC1A6E941175A5A5DD598.d.C5B39F9AC7C23057FDFC0C4F135480B9.e.6936","ELEMENT":"f.1A55FC214BCDC1A6E941175A5A5DD598.d.C5B39F9AC7C23057FDFC0C4F135480B9.e.6936"}]}
RESULT: {"script":"<script> [56 bytes]","args":[{"element-6066-11e4-a52e-4f735466cecf":"f.1A55FC214BCDC1A6E941175A5A5DD598.d.C5B39F9AC7C23057FDFC0C4F135480B9.e.6936","ELEMENT":"f.1A55FC214BCDC1A6E941175A5A5DD598.d.C5B39F9AC7C23057FDFC0C4F135480B9.e.6936"}]}
COMMAND: POST /session/e486a1c8754caeb8d733034d4643631f/element - {"using":"css selector","value":"#shell-header-logo"}
COMMAND: GET /session/e486a1c8754caeb8d733034d4643631f/screenshot - {}
RESULT: {"using":"css selector","value":"#shell-header-logo"}
COMMAND: POST /session/e486a1c8754caeb8d733034d4643631f/element/f.1A55FC214BCDC1A6E941175A5A5DD598.d.C5B39F9AC7C23057FDFC0C4F135480B9.e.5983/click - {}
RESULT: {}
RESULT: {}
COMMAND: GET /session/e486a1c8754caeb8d733034d4643631f/screenshot - {}
RESULT: {}
COMMAND: POST /session/e486a1c8754caeb8d733034d4643631f/execute/sync - {"script":"<script> [299 bytes]","args":[["getModel","getResource"]]}
RESULT: {"script":"<script> [299 bytes]","args":[["getModel","getResource"]]}
COMMAND: POST /session/e486a1c8754caeb8d733034d4643631f/actions - {"actions":[{"id":"action25","type":"key","parameters":{},"actions":[{"type":"keyDown","value":"î€‡"},{"type":"pause","duration":10},{"type":"keyUp","value":"î€‡"}]}]}
COMMAND: GET /session/e486a1c8754caeb8d733034d4643631f/screenshot - {}
RESULT: {"actions":[{"id":"action25","type":"key","parameters":{},"actions":[{"type":"keyDown","value":"î€‡"},{"type":"pause","duration":10},{"type":"keyUp","value":"î€‡"}]}]}
COMMAND: GET /session/e486a1c8754caeb8d733034d4643631f/screenshot - {}
RESULT: {}
RESULT: {}
COMMAND: POST /session/e486a1c8754caeb8d733034d4643631f/refresh - {}
RESULT: {}
COMMAND: GET /session/e486a1c8754caeb8d733034d4643631f/screenshot - {}
RESULT: {}
COMMAND: POST /session/e486a1c8754caeb8d733034d4643631f/refresh - {}
RESULT: {}
COMMAND: GET /session/e486a1c8754caeb8d733034d4643631f/screenshot - {}
RESULT: {}
COMMAND: POST /session/e486a1c8754caeb8d733034d4643631f/window/fullscreen - {}
RESULT: {}
COMMAND: POST /session/e486a1c8754caeb8d733034d4643631f/execute/async - {"script":"<script> [189 bytes]","args":[]}
RESULT: {"script":"<script> [189 bytes]","args":[]}
COMMAND: POST /session/e486a1c8754caeb8d733034d4643631f/execute/async - {"script":"<script> [123 bytes]","args":[]}
RESULT: {"script":"<script> [123 bytes]","args":[]}
COMMAND: POST /session/e486a1c8754caeb8d733034d4643631f/timeouts - {"script":"<number>"}
RESULT: {"script":"<number>"}
COMMAND: GET /session/e486a1c8754caeb8d733034d4643631f/timeouts - {}
RESULT: {}
RESULT: undefined
COMMAND: POST /session/e486a1c8754caeb8d733034d4643631f/execute/async - {"script":"<script> [2676 bytes]","args":[]}
RESULT: {"script":"<script> [2676 bytes]","args":[]}
COMMAND: POST /session/e486a1c8754caeb8d733034d4643631f/execute/async - {"script":"<script> [2342 bytes]","args":[{"protocol":"http","hostname":"0.0.0.0","path":"/","capabilities":{"browserName":"chrome","goog:chromeOptions":{"binary":"C:\\Program Files\\Google\\Chrome\\Application\\chrome.exe","args":["--start-maximized"]}},"logLevel":"warn","connectionRetryTimeout":120000,"connectionRetryCount":3,"logLevels":{},"enableDirectConnect":true,"strictSSL":true,"_":"65 more keys: [\"cacheDir\",\"port\",\"requestedCapabilities\",\"automationProtocol\",\"baseUrl\",\"waitforInterval\",\"waitforTimeout\",\"onReload\",\"beforeCommand\",\"afterCommand\",\"rootDir\",\"specs\",\"suites\",\"exclude\",\"groupLogsByTestSpec\",\"excludeDriverLogs\",\"bail\",\"framework\",\"reporters\",\"services\",\"maxInstances\",\"maxInstancesPerCapability\",\"injectGlobals\",\"filesToWatch\",\"execArgv\",\"runnerEnv\",\"runner\",\"shard\",\"specFileRetries\",\"specFileRetriesDelay\",\"specFileRetriesDeferred\",\"reporterSyncInterval\",\"reporterSyncTimeout\",\"cucumberFeaturesWithLineNumbers\",\"autoCompileOpts\",\"mochaOpts\",\"jasmineOpts\",\"cucumberOpts\",\"onPrepare\",\"onWorkerStart\",\"onWorkerEnd\",\"before\",\"beforeSession\",\"beforeSuite\",\"beforeHook\",\"beforeTest\",\"afterTest\",\"afterHook\",\"afterSuite\",\"afterSession\",\"after\",\"onComplete\",\"beforeAssertion\",\"afterAssertion\",\"beforeFeature\",\"beforeScenario\",\"beforeStep\",\"afterStep\",\"afterScenario\",\"afterFeature\",\"_\",\"suite\",\"$0\",\"ignoredWorkerServices\",\"wdi5\"]"}]}
RESULT: {"script":"<script> [2342 bytes]","args":[{"protocol":"http","hostname":"0.0.0.0","path":"/","capabilities":{"browserName":"chrome","goog:chromeOptions":{"binary":"C:\\Program Files\\Google\\Chrome\\Application\\chrome.exe","args":["--start-maximized"]}},"logLevel":"warn","connectionRetryTimeout":120000,"connectionRetryCount":3,"logLevels":{},"enableDirectConnect":true,"strictSSL":true,"_":"65 more keys: [\"cacheDir\",\"port\",\"requestedCapabilities\",\"automationProtocol\",\"baseUrl\",\"waitforInterval\",\"waitforTimeout\",\"onReload\",\"beforeCommand\",\"afterCommand\",\"rootDir\",\"specs\",\"suites\",\"exclude\",\"groupLogsByTestSpec\",\"excludeDriverLogs\",\"bail\",\"framework\",\"reporters\",\"services\",\"maxInstances\",\"maxInstancesPerCapability\",\"injectGlobals\",\"filesToWatch\",\"execArgv\",\"runnerEnv\",\"runner\",\"shard\",\"specFileRetries\",\"specFileRetriesDelay\",\"specFileRetriesDeferred\",\"reporterSyncInterval\",\"reporterSyncTimeout\",\"cucumberFeaturesWithLineNumbers\",\"autoCompileOpts\",\"mochaOpts\",\"jasmineOpts\",\"cucumberOpts\",\"onPrepare\",\"onWorkerStart\",\"onWorkerEnd\",\"before\",\"beforeSession\",\"beforeSuite\",\"beforeHook\",\"beforeTest\",\"afterTest\",\"afterHook\",\"afterSuite\",\"afterSession\",\"after\",\"onComplete\",\"beforeAssertion\",\"afterAssertion\",\"beforeFeature\",\"beforeScenario\",\"beforeStep\",\"afterStep\",\"afterScenario\",\"afterFeature\",\"_\",\"suite\",\"$0\",\"ignoredWorkerServices\",\"wdi5\"]"}]}
COMMAND: POST /session/e486a1c8754caeb8d733034d4643631f/execute/async - {"script":"<script> [21126 bytes]","args":[35000]}
RESULT: {"script":"<script> [21126 bytes]","args":[35000]}
COMMAND: POST /session/e486a1c8754caeb8d733034d4643631f/window/fullscreen - {}
RESULT: {}
]]></system-out>
    </testcase>
    <testcase classname="chrome.137_0_7151_69.windows.Create_master_data_for_mixed_billing_&amp;_do_billing_calculation_US151661" name="Should create a new equipment and add a counter to it" time="170.197">
      <system-out><![CDATA[
COMMAND: POST /session/e486a1c8754caeb8d733034d4643631f/execute/async - {"script":"<script> [1562 bytes]","args":[{"selector":{"controlType":"sap.m.GenericTile","properties":{"header":"Manage Resources"}},"wdio_ui5_key":"sapm.GenericTile{\"header\":\"Manage Resources\"}"}]}
RESULT: {"script":"<script> [1562 bytes]","args":[{"selector":{"controlType":"sap.m.GenericTile","properties":{"header":"Manage Resources"}},"wdio_ui5_key":"sapm.GenericTile{\"header\":\"Manage Resources\"}"}]}
RESULT: undefined
COMMAND: POST /session/e486a1c8754caeb8d733034d4643631f/element - {"using":"xpath","value":"//*[@id=\"__tile31\"]"}
RESULT: {"using":"xpath","value":"//*[@id=\"__tile31\"]"}
COMMAND: POST /session/e486a1c8754caeb8d733034d4643631f/element/f.1A55FC214BCDC1A6E941175A5A5DD598.d.F597874F21C41C3111B69BC101B8A26E.e.7006/click - {}
RESULT: {}
COMMAND: GET /session/e486a1c8754caeb8d733034d4643631f/screenshot - {}
RESULT: {}
COMMAND: POST /session/e486a1c8754caeb8d733034d4643631f/elements - {"using":"xpath","value":"//span[text()='Error']"}
RESULT: {"using":"xpath","value":"//span[text()='Error']"}
COMMAND: POST /session/e486a1c8754caeb8d733034d4643631f/element - {"using":"xpath","value":"//button[@data-kt=\"addNewRUOverflowToolbarButton\"]"}
RESULT: {"using":"xpath","value":"//button[@data-kt=\"addNewRUOverflowToolbarButton\"]"}
COMMAND: POST /session/e486a1c8754caeb8d733034d4643631f/elements - {"using":"xpath","value":"//button[@data-kt=\"addNewRUOverflowToolbarButton\"]"}
RESULT: {"using":"xpath","value":"//button[@data-kt=\"addNewRUOverflowToolbarButton\"]"}
COMMAND: POST /session/e486a1c8754caeb8d733034d4643631f/elements - {"using":"xpath","value":"//button[@data-kt=\"addNewRUOverflowToolbarButton\"]"}
RESULT: {"using":"xpath","value":"//button[@data-kt=\"addNewRUOverflowToolbarButton\"]"}
COMMAND: POST /session/e486a1c8754caeb8d733034d4643631f/elements - {"using":"xpath","value":"//button[@data-kt=\"addNewRUOverflowToolbarButton\"]"}
RESULT: {"using":"xpath","value":"//button[@data-kt=\"addNewRUOverflowToolbarButton\"]"}
COMMAND: POST /session/e486a1c8754caeb8d733034d4643631f/element - {"using":"xpath","value":"//button[@data-kt=\"addNewRUOverflowToolbarButton\"]"}
RESULT: {"using":"xpath","value":"//button[@data-kt=\"addNewRUOverflowToolbarButton\"]"}
COMMAND: POST /session/e486a1c8754caeb8d733034d4643631f/execute/sync - {"script":"<script> [8489 bytes]","args":[{"element-6066-11e4-a52e-4f735466cecf":"f.1A55FC214BCDC1A6E941175A5A5DD598.d.F597874F21C41C3111B69BC101B8A26E.e.7114","ELEMENT":"f.1A55FC214BCDC1A6E941175A5A5DD598.d.F597874F21C41C3111B69BC101B8A26E.e.7114"}]}
RESULT: {"script":"<script> [8489 bytes]","args":[{"element-6066-11e4-a52e-4f735466cecf":"f.1A55FC214BCDC1A6E941175A5A5DD598.d.F597874F21C41C3111B69BC101B8A26E.e.7114","ELEMENT":"f.1A55FC214BCDC1A6E941175A5A5DD598.d.F597874F21C41C3111B69BC101B8A26E.e.7114"}]}
COMMAND: GET /session/e486a1c8754caeb8d733034d4643631f/element/f.1A55FC214BCDC1A6E941175A5A5DD598.d.F597874F21C41C3111B69BC101B8A26E.e.7114/enabled - {}
COMMAND: GET /session/e486a1c8754caeb8d733034d4643631f/screenshot - {}
RESULT: {}
COMMAND: POST /session/e486a1c8754caeb8d733034d4643631f/execute/sync - {"script":"<script> [8489 bytes]","args":[{"element-6066-11e4-a52e-4f735466cecf":"f.1A55FC214BCDC1A6E941175A5A5DD598.d.F597874F21C41C3111B69BC101B8A26E.e.7114","ELEMENT":"f.1A55FC214BCDC1A6E941175A5A5DD598.d.F597874F21C41C3111B69BC101B8A26E.e.7114"}]}
COMMAND: GET /session/e486a1c8754caeb8d733034d4643631f/screenshot - {}
RESULT: {}
RESULT: {"script":"<script> [8489 bytes]","args":[{"element-6066-11e4-a52e-4f735466cecf":"f.1A55FC214BCDC1A6E941175A5A5DD598.d.F597874F21C41C3111B69BC101B8A26E.e.7114","ELEMENT":"f.1A55FC214BCDC1A6E941175A5A5DD598.d.F597874F21C41C3111B69BC101B8A26E.e.7114"}]}
COMMAND: POST /session/e486a1c8754caeb8d733034d4643631f/execute/sync - {"script":"<script> [5351 bytes]","args":[{"element-6066-11e4-a52e-4f735466cecf":"f.1A55FC214BCDC1A6E941175A5A5DD598.d.F597874F21C41C3111B69BC101B8A26E.e.7114","ELEMENT":"f.1A55FC214BCDC1A6E941175A5A5DD598.d.F597874F21C41C3111B69BC101B8A26E.e.7114"}]}
RESULT: {}
COMMAND: GET /session/e486a1c8754caeb8d733034d4643631f/screenshot - {}
RESULT: {"script":"<script> [5351 bytes]","args":[{"element-6066-11e4-a52e-4f735466cecf":"f.1A55FC214BCDC1A6E941175A5A5DD598.d.F597874F21C41C3111B69BC101B8A26E.e.7114","ELEMENT":"f.1A55FC214BCDC1A6E941175A5A5DD598.d.F597874F21C41C3111B69BC101B8A26E.e.7114"}]}
COMMAND: POST /session/e486a1c8754caeb8d733034d4643631f/element/f.1A55FC214BCDC1A6E941175A5A5DD598.d.F597874F21C41C3111B69BC101B8A26E.e.7114/click - {}
COMMAND: GET /session/e486a1c8754caeb8d733034d4643631f/screenshot - {}
RESULT: {}
RESULT: {}
COMMAND: GET /session/e486a1c8754caeb8d733034d4643631f/screenshot - {}
RESULT: {}
RESULT: {}
COMMAND: POST /session/e486a1c8754caeb8d733034d4643631f/execute/async - {"script":"<script> [1562 bytes]","args":[{"selector":{"id":"application-manageresources-display-component---newResourceUnit--TYPE-arrow"},"wdio_ui5_key":"applicationmanageresources-display-component---newResourceUnit--TYPE-arrow"}]}
RESULT: {"script":"<script> [1562 bytes]","args":[{"selector":{"id":"application-manageresources-display-component---newResourceUnit--TYPE-arrow"},"wdio_ui5_key":"applicationmanageresources-display-component---newResourceUnit--TYPE-arrow"}]}
RESULT: undefined
COMMAND: POST /session/e486a1c8754caeb8d733034d4643631f/element - {"using":"xpath","value":"//*[@id=\"application-manageresources-display-component---newResourceUnit--TYPE-arrow\"]"}
RESULT: {"using":"xpath","value":"//*[@id=\"application-manageresources-display-component---newResourceUnit--TYPE-arrow\"]"}
COMMAND: POST /session/e486a1c8754caeb8d733034d4643631f/element/f.1A55FC214BCDC1A6E941175A5A5DD598.d.F597874F21C41C3111B69BC101B8A26E.e.7489/click - {}
RESULT: {}
COMMAND: POST /session/e486a1c8754caeb8d733034d4643631f/element - {"using":"xpath","value":"//input[@id=\"application-manageresources-display-component---newResourceUnit--TYPE-inner\"]"}
COMMAND: GET /session/e486a1c8754caeb8d733034d4643631f/screenshot - {}
RESULT: {"using":"xpath","value":"//input[@id=\"application-manageresources-display-component---newResourceUnit--TYPE-inner\"]"}
COMMAND: POST /session/e486a1c8754caeb8d733034d4643631f/element/f.1A55FC214BCDC1A6E941175A5A5DD598.d.F597874F21C41C3111B69BC101B8A26E.e.7463/clear - {}
RESULT: {}
RESULT: {}
COMMAND: POST /session/e486a1c8754caeb8d733034d4643631f/element/f.1A55FC214BCDC1A6E941175A5A5DD598.d.F597874F21C41C3111B69BC101B8A26E.e.7463/value - {"text":"Equipment"}
COMMAND: GET /session/e486a1c8754caeb8d733034d4643631f/screenshot - {}
RESULT: {"text":"Equipment"}
COMMAND: GET /session/e486a1c8754caeb8d733034d4643631f/screenshot - {}
RESULT: {}
RESULT: {}
COMMAND: POST /session/e486a1c8754caeb8d733034d4643631f/actions - {"actions":[{"id":"action26","type":"key","parameters":{},"actions":[{"type":"keyDown","value":"î€‡"},{"type":"pause","duration":10},{"type":"keyUp","value":"î€‡"}]}]}
RESULT: {"actions":[{"id":"action26","type":"key","parameters":{},"actions":[{"type":"keyDown","value":"î€‡"},{"type":"pause","duration":10},{"type":"keyUp","value":"î€‡"}]}]}
COMMAND: POST /session/e486a1c8754caeb8d733034d4643631f/execute/async - {"script":"<script> [1562 bytes]","args":[{"selector":{"id":"application-manageresources-display-component---newResourceUnit--resourceId","interaction":{"idSuffix":"inner"}},"wdio_ui5_key":"applicationmanageresources-display-component---newResourceUnit--resourceId"}]}
COMMAND: GET /session/e486a1c8754caeb8d733034d4643631f/screenshot - {}
RESULT: {"script":"<script> [1562 bytes]","args":[{"selector":{"id":"application-manageresources-display-component---newResourceUnit--resourceId","interaction":{"idSuffix":"inner"}},"wdio_ui5_key":"applicationmanageresources-display-component---newResourceUnit--resourceId"}]}
RESULT: undefined
COMMAND: POST /session/e486a1c8754caeb8d733034d4643631f/execute/async - {"script":"<script> [776 bytes]","args":[{"enterText":"rwLZqHCA8E","selector":{"id":"application-manageresources-display-component---newResourceUnit--resourceId","interaction":{"idSuffix":"inner"}},"clearTextFirst":true,"interactionType":"ENTER_TEXT"}]}
RESULT: {}
RESULT: {"script":"<script> [776 bytes]","args":[{"enterText":"rwLZqHCA8E","selector":{"id":"application-manageresources-display-component---newResourceUnit--resourceId","interaction":{"idSuffix":"inner"}},"clearTextFirst":true,"interactionType":"ENTER_TEXT"}]}
COMMAND: POST /session/e486a1c8754caeb8d733034d4643631f/execute/async - {"script":"<script> [1562 bytes]","args":[{"selector":{"id":"application-manageresources-display-component---newResourceUnit--SHORT_TEXT","interaction":{"idSuffix":"inner"}},"wdio_ui5_key":"applicationmanageresources-display-component---newResourceUnit--SHORT_TEXT"}]}
RESULT: {"script":"<script> [1562 bytes]","args":[{"selector":{"id":"application-manageresources-display-component---newResourceUnit--SHORT_TEXT","interaction":{"idSuffix":"inner"}},"wdio_ui5_key":"applicationmanageresources-display-component---newResourceUnit--SHORT_TEXT"}]}
RESULT: undefined
COMMAND: POST /session/e486a1c8754caeb8d733034d4643631f/execute/async - {"script":"<script> [776 bytes]","args":[{"enterText":"Intercompany Equipment WDIO","selector":{"id":"application-manageresources-display-component---newResourceUnit--SHORT_TEXT","interaction":{"idSuffix":"inner"}},"clearTextFirst":true,"interactionType":"ENTER_TEXT"}]}
RESULT: {"script":"<script> [776 bytes]","args":[{"enterText":"Intercompany Equipment WDIO","selector":{"id":"application-manageresources-display-component---newResourceUnit--SHORT_TEXT","interaction":{"idSuffix":"inner"}},"clearTextFirst":true,"interactionType":"ENTER_TEXT"}]}
COMMAND: POST /session/e486a1c8754caeb8d733034d4643631f/execute/async - {"script":"<script> [1562 bytes]","args":[{"selector":{"id":"application-manageresources-display-component---newResourceUnit--BASE_UNIT_OF_MEASURE","interaction":{"idSuffix":"inner"}},"wdio_ui5_key":"applicationmanageresources-display-component---newResourceUnit--BASE_UNIT_OF_MEASURE"}]}
RESULT: {"script":"<script> [1562 bytes]","args":[{"selector":{"id":"application-manageresources-display-component---newResourceUnit--BASE_UNIT_OF_MEASURE","interaction":{"idSuffix":"inner"}},"wdio_ui5_key":"applicationmanageresources-display-component---newResourceUnit--BASE_UNIT_OF_MEASURE"}]}
RESULT: undefined
COMMAND: POST /session/e486a1c8754caeb8d733034d4643631f/execute/async - {"script":"<script> [776 bytes]","args":[{"enterText":"Piece","selector":{"id":"application-manageresources-display-component---newResourceUnit--BASE_UNIT_OF_MEASURE","interaction":{"idSuffix":"inner"}},"clearTextFirst":true,"interactionType":"ENTER_TEXT"}]}
RESULT: {"script":"<script> [776 bytes]","args":[{"enterText":"Piece","selector":{"id":"application-manageresources-display-component---newResourceUnit--BASE_UNIT_OF_MEASURE","interaction":{"idSuffix":"inner"}},"clearTextFirst":true,"interactionType":"ENTER_TEXT"}]}
COMMAND: POST /session/e486a1c8754caeb8d733034d4643631f/execute/async - {"script":"<script> [1562 bytes]","args":[{"selector":{"id":"application-manageresources-display-component---newResourceUnit--WEIGHT_UNIT","interaction":{"idSuffix":"inner"}},"wdio_ui5_key":"applicationmanageresources-display-component---newResourceUnit--WEIGHT_UNIT"}]}
RESULT: {"script":"<script> [1562 bytes]","args":[{"selector":{"id":"application-manageresources-display-component---newResourceUnit--WEIGHT_UNIT","interaction":{"idSuffix":"inner"}},"wdio_ui5_key":"applicationmanageresources-display-component---newResourceUnit--WEIGHT_UNIT"}]}
RESULT: undefined
COMMAND: POST /session/e486a1c8754caeb8d733034d4643631f/execute/async - {"script":"<script> [776 bytes]","args":[{"enterText":"Gram","selector":{"id":"application-manageresources-display-component---newResourceUnit--WEIGHT_UNIT","interaction":{"idSuffix":"inner"}},"clearTextFirst":true,"interactionType":"ENTER_TEXT"}]}
RESULT: {"script":"<script> [776 bytes]","args":[{"enterText":"Gram","selector":{"id":"application-manageresources-display-component---newResourceUnit--WEIGHT_UNIT","interaction":{"idSuffix":"inner"}},"clearTextFirst":true,"interactionType":"ENTER_TEXT"}]}
COMMAND: POST /session/e486a1c8754caeb8d733034d4643631f/execute/async - {"script":"<script> [1562 bytes]","args":[{"selector":{"id":"application-manageresources-display-component---newResourceUnit--DIMENSION_UNIT","interaction":{"idSuffix":"inner"}},"wdio_ui5_key":"applicationmanageresources-display-component---newResourceUnit--DIMENSION_UNIT"}]}
RESULT: {"script":"<script> [1562 bytes]","args":[{"selector":{"id":"application-manageresources-display-component---newResourceUnit--DIMENSION_UNIT","interaction":{"idSuffix":"inner"}},"wdio_ui5_key":"applicationmanageresources-display-component---newResourceUnit--DIMENSION_UNIT"}]}
RESULT: undefined
COMMAND: POST /session/e486a1c8754caeb8d733034d4643631f/execute/async - {"script":"<script> [776 bytes]","args":[{"enterText":"Meter","selector":{"id":"application-manageresources-display-component---newResourceUnit--DIMENSION_UNIT","interaction":{"idSuffix":"inner"}},"clearTextFirst":true,"interactionType":"ENTER_TEXT"}]}
RESULT: {"script":"<script> [776 bytes]","args":[{"enterText":"Meter","selector":{"id":"application-manageresources-display-component---newResourceUnit--DIMENSION_UNIT","interaction":{"idSuffix":"inner"}},"clearTextFirst":true,"interactionType":"ENTER_TEXT"}]}
COMMAND: POST /session/e486a1c8754caeb8d733034d4643631f/execute/async - {"script":"<script> [1562 bytes]","args":[{"selector":{"id":"application-manageresources-display-component---newResourceUnit--newRRUPage-anchBar-application-manageresources-display-component---newResourceUnit--control-anchor","interaction":{"idSuffix":"BDI-content"}},"wdio_ui5_key":"applicationmanageresources-display-component---newResourceUnit--newRRUPage-anchBar-application-manageresources-display-component---newResourceUnit--control-anchor"}]}
RESULT: {"script":"<script> [1562 bytes]","args":[{"selector":{"id":"application-manageresources-display-component---newResourceUnit--newRRUPage-anchBar-application-manageresources-display-component---newResourceUnit--control-anchor","interaction":{"idSuffix":"BDI-content"}},"wdio_ui5_key":"applicationmanageresources-display-component---newResourceUnit--newRRUPage-anchBar-application-manageresources-display-component---newResourceUnit--control-anchor"}]}
RESULT: undefined
COMMAND: POST /session/e486a1c8754caeb8d733034d4643631f/element - {"using":"xpath","value":"//*[@id=\"application-manageresources-display-component---newResourceUnit--newRRUPage-anchBar-application-manageresources-display-component---newResourceUnit--control-anchor\"]"}
RESULT: {"using":"xpath","value":"//*[@id=\"application-manageresources-display-component---newResourceUnit--newRRUPage-anchBar-application-manageresources-display-component---newResourceUnit--control-anchor\"]"}
COMMAND: POST /session/e486a1c8754caeb8d733034d4643631f/element/f.1A55FC214BCDC1A6E941175A5A5DD598.d.F597874F21C41C3111B69BC101B8A26E.e.7648/click - {}
RESULT: {}
COMMAND: POST /session/e486a1c8754caeb8d733034d4643631f/execute/async - {"script":"<script> [1562 bytes]","args":[{"selector":{"id":"application-manageresources-display-component---newResourceUnit--PLANNING_GROUP","interaction":{"idSuffix":"inner"}},"wdio_ui5_key":"applicationmanageresources-display-component---newResourceUnit--PLANNING_GROUP"}]}
COMMAND: GET /session/e486a1c8754caeb8d733034d4643631f/screenshot - {}
RESULT: {"script":"<script> [1562 bytes]","args":[{"selector":{"id":"application-manageresources-display-component---newResourceUnit--PLANNING_GROUP","interaction":{"idSuffix":"inner"}},"wdio_ui5_key":"applicationmanageresources-display-component---newResourceUnit--PLANNING_GROUP"}]}
RESULT: undefined
COMMAND: POST /session/e486a1c8754caeb8d733034d4643631f/execute/async - {"script":"<script> [776 bytes]","args":[{"enterText":"Heavy Equi","selector":{"id":"application-manageresources-display-component---newResourceUnit--PLANNING_GROUP","interaction":{"idSuffix":"inner"}},"clearTextFirst":true,"interactionType":"ENTER_TEXT"}]}
RESULT: {}
RESULT: {"script":"<script> [776 bytes]","args":[{"enterText":"Heavy Equi","selector":{"id":"application-manageresources-display-component---newResourceUnit--PLANNING_GROUP","interaction":{"idSuffix":"inner"}},"clearTextFirst":true,"interactionType":"ENTER_TEXT"}]}
COMMAND: POST /session/e486a1c8754caeb8d733034d4643631f/execute/async - {"script":"<script> [1562 bytes]","args":[{"selector":{"id":"application-manageresources-display-component---newResourceUnit--ITEM_TYPE-arrow"},"wdio_ui5_key":"applicationmanageresources-display-component---newResourceUnit--ITEM_TYPE-arrow"}]}
RESULT: {"script":"<script> [1562 bytes]","args":[{"selector":{"id":"application-manageresources-display-component---newResourceUnit--ITEM_TYPE-arrow"},"wdio_ui5_key":"applicationmanageresources-display-component---newResourceUnit--ITEM_TYPE-arrow"}]}
RESULT: undefined
COMMAND: POST /session/e486a1c8754caeb8d733034d4643631f/element - {"using":"xpath","value":"//*[@id=\"application-manageresources-display-component---newResourceUnit--ITEM_TYPE-arrow\"]"}
RESULT: {"using":"xpath","value":"//*[@id=\"application-manageresources-display-component---newResourceUnit--ITEM_TYPE-arrow\"]"}
COMMAND: POST /session/e486a1c8754caeb8d733034d4643631f/element/f.1A55FC214BCDC1A6E941175A5A5DD598.d.F597874F21C41C3111B69BC101B8A26E.e.7657/click - {}
RESULT: {}
COMMAND: POST /session/e486a1c8754caeb8d733034d4643631f/element - {"using":"xpath","value":"//ul[contains(@id,\"ITEM_TYPE-popup-list-listUl\")]//li[.//span[contains(text(),\"Resource Unit\")]]"}
COMMAND: GET /session/e486a1c8754caeb8d733034d4643631f/screenshot - {}
RESULT: {"using":"xpath","value":"//ul[contains(@id,\"ITEM_TYPE-popup-list-listUl\")]//li[.//span[contains(text(),\"Resource Unit\")]]"}
COMMAND: POST /session/e486a1c8754caeb8d733034d4643631f/element/f.1A55FC214BCDC1A6E941175A5A5DD598.d.F597874F21C41C3111B69BC101B8A26E.e.7658/click - {}
RESULT: {}
RESULT: {}
COMMAND: GET /session/e486a1c8754caeb8d733034d4643631f/screenshot - {}
RESULT: {}
COMMAND: POST /session/e486a1c8754caeb8d733034d4643631f/element - {"using":"css selector","value":"#application-manageresources-display-component---newResourceUnit--btnAddTimeSegment"}
RESULT: {"using":"css selector","value":"#application-manageresources-display-component---newResourceUnit--btnAddTimeSegment"}
COMMAND: GET /session/e486a1c8754caeb8d733034d4643631f/element/f.1A55FC214BCDC1A6E941175A5A5DD598.d.F597874F21C41C3111B69BC101B8A26E.e.7666/rect - {}
RESULT: {}
COMMAND: GET /session/e486a1c8754caeb8d733034d4643631f/window/rect - {}
RESULT: {}
COMMAND: POST /session/e486a1c8754caeb8d733034d4643631f/execute/sync - {"script":"<script> [92 bytes]","args":[]}
RESULT: {"script":"<script> [92 bytes]","args":[]}
COMMAND: POST /session/e486a1c8754caeb8d733034d4643631f/actions - {"actions":[{"id":"action27","type":"wheel","parameters":{},"actions":[{"type":"scroll","x":-1888,"y":-32,"deltaX":0,"deltaY":0,"duration":0,"origin":{"element-6066-11e4-a52e-4f735466cecf":"f.1A55FC214BCDC1A6E941175A5A5DD598.d.F597874F21C41C3111B69BC101B8A26E.e.7666"}}]}]}
COMMAND: GET /session/e486a1c8754caeb8d733034d4643631f/screenshot - {}
RESULT: {}
COMMAND: POST /session/e486a1c8754caeb8d733034d4643631f/execute/sync - {"script":"<script> [79 bytes]","args":[{"element-6066-11e4-a52e-4f735466cecf":"f.1A55FC214BCDC1A6E941175A5A5DD598.d.F597874F21C41C3111B69BC101B8A26E.e.7666","ELEMENT":"f.1A55FC214BCDC1A6E941175A5A5DD598.d.F597874F21C41C3111B69BC101B8A26E.e.7666"},{"block":"start","inline":"nearest"}]}
RESULT: {"script":"<script> [79 bytes]","args":[{"element-6066-11e4-a52e-4f735466cecf":"f.1A55FC214BCDC1A6E941175A5A5DD598.d.F597874F21C41C3111B69BC101B8A26E.e.7666","ELEMENT":"f.1A55FC214BCDC1A6E941175A5A5DD598.d.F597874F21C41C3111B69BC101B8A26E.e.7666"},{"block":"start","inline":"nearest"}]}
COMMAND: POST /session/e486a1c8754caeb8d733034d4643631f/execute/async - {"script":"<script> [1562 bytes]","args":[{"selector":{"id":"application-manageresources-display-component---newResourceUnit--btnAddTimeSegment","interaction":{"idSuffix":"inner"}},"wdio_ui5_key":"applicationmanageresources-display-component---newResourceUnit--btnAddTimeSegment"}]}
COMMAND: GET /session/e486a1c8754caeb8d733034d4643631f/screenshot - {}
RESULT: {"script":"<script> [1562 bytes]","args":[{"selector":{"id":"application-manageresources-display-component---newResourceUnit--btnAddTimeSegment","interaction":{"idSuffix":"inner"}},"wdio_ui5_key":"applicationmanageresources-display-component---newResourceUnit--btnAddTimeSegment"}]}
RESULT: undefined
COMMAND: POST /session/e486a1c8754caeb8d733034d4643631f/element - {"using":"xpath","value":"//*[@id=\"application-manageresources-display-component---newResourceUnit--btnAddTimeSegment\"]"}
RESULT: {}
RESULT: {"using":"xpath","value":"//*[@id=\"application-manageresources-display-component---newResourceUnit--btnAddTimeSegment\"]"}
COMMAND: POST /session/e486a1c8754caeb8d733034d4643631f/element/f.1A55FC214BCDC1A6E941175A5A5DD598.d.F597874F21C41C3111B69BC101B8A26E.e.7666/click - {}
RESULT: {}
COMMAND: GET /session/e486a1c8754caeb8d733034d4643631f/screenshot - {}
RESULT: {}
COMMAND: POST /session/e486a1c8754caeb8d733034d4643631f/element - {"using":"xpath","value":"//input[@id=\"application-manageresources-display-component---newResourceUnit--idRuTSAdmin-application-manageresources-display-component---newResourceUnit--RUTimeSegment-0-inner\"]"}
RESULT: {"using":"xpath","value":"//input[@id=\"application-manageresources-display-component---newResourceUnit--idRuTSAdmin-application-manageresources-display-component---newResourceUnit--RUTimeSegment-0-inner\"]"}
COMMAND: POST /session/e486a1c8754caeb8d733034d4643631f/element/f.1A55FC214BCDC1A6E941175A5A5DD598.d.F597874F21C41C3111B69BC101B8A26E.e.7672/clear - {}
RESULT: {}
COMMAND: POST /session/e486a1c8754caeb8d733034d4643631f/element/f.1A55FC214BCDC1A6E941175A5A5DD598.d.F597874F21C41C3111B69BC101B8A26E.e.7672/value - {"text":"690"}
COMMAND: GET /session/e486a1c8754caeb8d733034d4643631f/screenshot - {}
RESULT: {"text":"690"}
COMMAND: GET /session/e486a1c8754caeb8d733034d4643631f/screenshot - {}
RESULT: {}
RESULT: {}
COMMAND: POST /session/e486a1c8754caeb8d733034d4643631f/element - {"using":"xpath","value":"//li[.//span[text()='690']]"}
RESULT: {"using":"xpath","value":"//li[.//span[text()='690']]"}
COMMAND: POST /session/e486a1c8754caeb8d733034d4643631f/element/f.1A55FC214BCDC1A6E941175A5A5DD598.d.F597874F21C41C3111B69BC101B8A26E.e.7684/click - {}
RESULT: {}
COMMAND: GET /session/e486a1c8754caeb8d733034d4643631f/screenshot - {}
RESULT: {}
COMMAND: POST /session/e486a1c8754caeb8d733034d4643631f/element - {"using":"xpath","value":"(//span[contains(@id, \"-application-manageresources-display-component---newResourceUnit--RUTimeSegment-0-arrow\")])[6]"}
RESULT: {"using":"xpath","value":"(//span[contains(@id, \"-application-manageresources-display-component---newResourceUnit--RUTimeSegment-0-arrow\")])[6]"}
COMMAND: POST /session/e486a1c8754caeb8d733034d4643631f/element/f.1A55FC214BCDC1A6E941175A5A5DD598.d.F597874F21C41C3111B69BC101B8A26E.e.7685/click - {}
RESULT: {}
COMMAND: GET /session/e486a1c8754caeb8d733034d4643631f/screenshot - {}
RESULT: {}
COMMAND: POST /session/e486a1c8754caeb8d733034d4643631f/element - {"using":"xpath","value":"//span[contains(text(), \"PM Order\")]"}
RESULT: {"using":"xpath","value":"//span[contains(text(), \"PM Order\")]"}
COMMAND: POST /session/e486a1c8754caeb8d733034d4643631f/element/f.1A55FC214BCDC1A6E941175A5A5DD598.d.F597874F21C41C3111B69BC101B8A26E.e.7688/click - {}
RESULT: {}
COMMAND: GET /session/e486a1c8754caeb8d733034d4643631f/screenshot - {}
RESULT: {}
COMMAND: POST /session/e486a1c8754caeb8d733034d4643631f/element - {"using":"xpath","value":"(//span[contains(@id ,\"manageresources-display-component---newResourceUnit--RUTimeSegment-0-vhi\")])[1]"}
RESULT: {"using":"xpath","value":"(//span[contains(@id ,\"manageresources-display-component---newResourceUnit--RUTimeSegment-0-vhi\")])[1]"}
COMMAND: GET /session/e486a1c8754caeb8d733034d4643631f/element/f.1A55FC214BCDC1A6E941175A5A5DD598.d.F597874F21C41C3111B69BC101B8A26E.e.7692/rect - {}
RESULT: {}
COMMAND: GET /session/e486a1c8754caeb8d733034d4643631f/window/rect - {}
RESULT: {}
COMMAND: POST /session/e486a1c8754caeb8d733034d4643631f/execute/sync - {"script":"<script> [92 bytes]","args":[]}
RESULT: {"script":"<script> [92 bytes]","args":[]}
COMMAND: POST /session/e486a1c8754caeb8d733034d4643631f/actions - {"actions":[{"id":"action28","type":"wheel","parameters":{},"actions":[{"type":"scroll","x":-869,"y":-24,"deltaX":0,"deltaY":0,"duration":0,"origin":{"element-6066-11e4-a52e-4f735466cecf":"f.1A55FC214BCDC1A6E941175A5A5DD598.d.F597874F21C41C3111B69BC101B8A26E.e.7692"}}]}]}
COMMAND: GET /session/e486a1c8754caeb8d733034d4643631f/screenshot - {}
RESULT: {"actions":[{"id":"action28","type":"wheel","parameters":{},"actions":[{"type":"scroll","x":-869,"y":-24,"deltaX":0,"deltaY":0,"duration":0,"origin":{"element-6066-11e4-a52e-4f735466cecf":"f.1A55FC214BCDC1A6E941175A5A5DD598.d.F597874F21C41C3111B69BC101B8A26E.e.7692"}}]}]}
COMMAND: DELETE /session/e486a1c8754caeb8d733034d4643631f/actions - {}
COMMAND: GET /session/e486a1c8754caeb8d733034d4643631f/screenshot - {}
RESULT: {}
RESULT: {}
COMMAND: GET /session/e486a1c8754caeb8d733034d4643631f/screenshot - {}
RESULT: {}
RESULT: {}
COMMAND: POST /session/e486a1c8754caeb8d733034d4643631f/element/f.1A55FC214BCDC1A6E941175A5A5DD598.d.F597874F21C41C3111B69BC101B8A26E.e.7692/click - {}
RESULT: {}
COMMAND: GET /session/e486a1c8754caeb8d733034d4643631f/screenshot - {}
RESULT: {}
COMMAND: POST /session/e486a1c8754caeb8d733034d4643631f/execute/async - {"script":"<script> [1562 bytes]","args":[{"selector":{"controlType":"sap.m.SearchField","properties":{"placeholder":"Search"},"searchOpenDialogs":true,"interaction":{"idSuffix":"I"}},"wdio_ui5_key":"sapm.SearchField{\"placeholder\":\"Search\"}"}]}
RESULT: {"script":"<script> [1562 bytes]","args":[{"selector":{"controlType":"sap.m.SearchField","properties":{"placeholder":"Search"},"searchOpenDialogs":true,"interaction":{"idSuffix":"I"}},"wdio_ui5_key":"sapm.SearchField{\"placeholder\":\"Search\"}"}]}
RESULT: undefined
COMMAND: POST /session/e486a1c8754caeb8d733034d4643631f/execute/async - {"script":"<script> [776 bytes]","args":[{"enterText":"4000360","selector":{"controlType":"sap.m.SearchField","properties":{"placeholder":"Search"},"searchOpenDialogs":true,"interaction":{"idSuffix":"I"}},"clearTextFirst":true,"interactionType":"ENTER_TEXT"}]}
RESULT: {"script":"<script> [776 bytes]","args":[{"enterText":"4000360","selector":{"controlType":"sap.m.SearchField","properties":{"placeholder":"Search"},"searchOpenDialogs":true,"interaction":{"idSuffix":"I"}},"clearTextFirst":true,"interactionType":"ENTER_TEXT"}]}
COMMAND: POST /session/e486a1c8754caeb8d733034d4643631f/actions - {"actions":[{"id":"action29","type":"key","parameters":{},"actions":[{"type":"keyDown","value":"î€‡"},{"type":"pause","duration":10},{"type":"keyUp","value":"î€‡"}]}]}
RESULT: {"actions":[{"id":"action29","type":"key","parameters":{},"actions":[{"type":"keyDown","value":"î€‡"},{"type":"pause","duration":10},{"type":"keyUp","value":"î€‡"}]}]}
COMMAND: GET /session/e486a1c8754caeb8d733034d4643631f/screenshot - {}
RESULT: {}
COMMAND: POST /session/e486a1c8754caeb8d733034d4643631f/element - {"using":"xpath","value":"//td/div/span[contains(text(), \"BGL Vehicles\")]"}
RESULT: {"using":"xpath","value":"//td/div/span[contains(text(), \"BGL Vehicles\")]"}
COMMAND: POST /session/e486a1c8754caeb8d733034d4643631f/element/f.1A55FC214BCDC1A6E941175A5A5DD598.d.F597874F21C41C3111B69BC101B8A26E.e.7714/click - {}
RESULT: {}
COMMAND: GET /session/e486a1c8754caeb8d733034d4643631f/screenshot - {}
RESULT: {}
COMMAND: POST /session/e486a1c8754caeb8d733034d4643631f/element - {"using":"xpath","value":"//bdi[contains(text(), \"OK\")]"}
RESULT: {"using":"xpath","value":"//bdi[contains(text(), \"OK\")]"}
COMMAND: POST /session/e486a1c8754caeb8d733034d4643631f/element/f.1A55FC214BCDC1A6E941175A5A5DD598.d.F597874F21C41C3111B69BC101B8A26E.e.7715/click - {}
RESULT: {}
COMMAND: GET /session/e486a1c8754caeb8d733034d4643631f/screenshot - {}
RESULT: {}
COMMAND: POST /session/e486a1c8754caeb8d733034d4643631f/execute/async - {"script":"<script> [1562 bytes]","args":[{"selector":{"id":"application-manageresources-display-component---newResourceUnit--newRRUPage-anchBar-application-manageresources-display-component---newResourceUnit--resource-anchor","interaction":{"idSuffix":"BDI-content"}},"wdio_ui5_key":"applicationmanageresources-display-component---newResourceUnit--newRRUPage-anchBar-application-manageresources-display-component---newResourceUnit--resource-anchor"}]}
RESULT: {"script":"<script> [1562 bytes]","args":[{"selector":{"id":"application-manageresources-display-component---newResourceUnit--newRRUPage-anchBar-application-manageresources-display-component---newResourceUnit--resource-anchor","interaction":{"idSuffix":"BDI-content"}},"wdio_ui5_key":"applicationmanageresources-display-component---newResourceUnit--newRRUPage-anchBar-application-manageresources-display-component---newResourceUnit--resource-anchor"}]}
RESULT: undefined
COMMAND: POST /session/e486a1c8754caeb8d733034d4643631f/element - {"using":"xpath","value":"//*[@id=\"application-manageresources-display-component---newResourceUnit--newRRUPage-anchBar-application-manageresources-display-component---newResourceUnit--resource-anchor\"]"}
RESULT: {"using":"xpath","value":"//*[@id=\"application-manageresources-display-component---newResourceUnit--newRRUPage-anchBar-application-manageresources-display-component---newResourceUnit--resource-anchor\"]"}
COMMAND: POST /session/e486a1c8754caeb8d733034d4643631f/element/f.1A55FC214BCDC1A6E941175A5A5DD598.d.F597874F21C41C3111B69BC101B8A26E.e.7719/click - {}
RESULT: {}
COMMAND: POST /session/e486a1c8754caeb8d733034d4643631f/execute/async - {"script":"<script> [1562 bytes]","args":[{"selector":{"id":"application-manageresources-display-component---newResourceUnit--PLANNED_DELIVERY_DATE","interaction":{"idSuffix":"inner"}},"wdio_ui5_key":"applicationmanageresources-display-component---newResourceUnit--PLANNED_DELIVERY_DATE"}]}
COMMAND: GET /session/e486a1c8754caeb8d733034d4643631f/screenshot - {}
RESULT: {"script":"<script> [1562 bytes]","args":[{"selector":{"id":"application-manageresources-display-component---newResourceUnit--PLANNED_DELIVERY_DATE","interaction":{"idSuffix":"inner"}},"wdio_ui5_key":"applicationmanageresources-display-component---newResourceUnit--PLANNED_DELIVERY_DATE"}]}
RESULT: undefined
COMMAND: POST /session/e486a1c8754caeb8d733034d4643631f/execute/async - {"script":"<script> [6424 bytes]","args":[{"element-6066-11e4-a52e-4f735466cecf":"f.1A55FC214BCDC1A6E941175A5A5DD598.d.F597874F21C41C3111B69BC101B8A26E.e.7546"},"setValue",["6/5/25"]]}
RESULT: {}
RESULT: {"script":"<script> [6424 bytes]","args":[{"element-6066-11e4-a52e-4f735466cecf":"f.1A55FC214BCDC1A6E941175A5A5DD598.d.F597874F21C41C3111B69BC101B8A26E.e.7546"},"setValue",["6/5/25"]]}
COMMAND: POST /session/e486a1c8754caeb8d733034d4643631f/element - {"using":"xpath","value":"//label[contains(@class, 'sapMLabelRequired') and .//bdi[contains(text(), 'Planned Retirement')]]"}
RESULT: {"using":"xpath","value":"//label[contains(@class, 'sapMLabelRequired') and .//bdi[contains(text(), 'Planned Retirement')]]"}
COMMAND: POST /session/e486a1c8754caeb8d733034d4643631f/elements - {"using":"xpath","value":"//label[contains(@class, 'sapMLabelRequired') and .//bdi[contains(text(), 'Planned Retirement')]]"}
RESULT: {"using":"xpath","value":"//label[contains(@class, 'sapMLabelRequired') and .//bdi[contains(text(), 'Planned Retirement')]]"}
COMMAND: POST /session/e486a1c8754caeb8d733034d4643631f/element - {"using":"xpath","value":"//button[@data-kt=\"resourceUnitSaveButton\"]"}
RESULT: {"using":"xpath","value":"//button[@data-kt=\"resourceUnitSaveButton\"]"}
COMMAND: POST /session/e486a1c8754caeb8d733034d4643631f/element/f.1A55FC214BCDC1A6E941175A5A5DD598.d.F597874F21C41C3111B69BC101B8A26E.e.7505/click - {}
RESULT: {}
COMMAND: GET /session/e486a1c8754caeb8d733034d4643631f/screenshot - {}
RESULT: {}
COMMAND: POST /session/e486a1c8754caeb8d733034d4643631f/element - {"using":"xpath","value":"//bdi[contains(text(), \"Close\")]"}
RESULT: {"using":"xpath","value":"//bdi[contains(text(), \"Close\")]"}
COMMAND: POST /session/e486a1c8754caeb8d733034d4643631f/element/f.1A55FC214BCDC1A6E941175A5A5DD598.d.F597874F21C41C3111B69BC101B8A26E.e.7727/click - {}
RESULT: {}
COMMAND: GET /session/e486a1c8754caeb8d733034d4643631f/screenshot - {}
RESULT: {}
COMMAND: POST /session/e486a1c8754caeb8d733034d4643631f/element - {"using":"xpath","value":"//bdi[contains(text(), \"Edit\")]"}
RESULT: {"using":"xpath","value":"//bdi[contains(text(), \"Edit\")]"}
COMMAND: POST /session/e486a1c8754caeb8d733034d4643631f/execute/sync - {"script":"<script> [8489 bytes]","args":[{"element-6066-11e4-a52e-4f735466cecf":"f.1A55FC214BCDC1A6E941175A5A5DD598.d.F597874F21C41C3111B69BC101B8A26E.e.7786","ELEMENT":"f.1A55FC214BCDC1A6E941175A5A5DD598.d.F597874F21C41C3111B69BC101B8A26E.e.7786"}]}
RESULT: {"script":"<script> [8489 bytes]","args":[{"element-6066-11e4-a52e-4f735466cecf":"f.1A55FC214BCDC1A6E941175A5A5DD598.d.F597874F21C41C3111B69BC101B8A26E.e.7786","ELEMENT":"f.1A55FC214BCDC1A6E941175A5A5DD598.d.F597874F21C41C3111B69BC101B8A26E.e.7786"}]}
COMMAND: POST /session/e486a1c8754caeb8d733034d4643631f/element/f.1A55FC214BCDC1A6E941175A5A5DD598.d.F597874F21C41C3111B69BC101B8A26E.e.7786/click - {}
COMMAND: GET /session/e486a1c8754caeb8d733034d4643631f/screenshot - {}
RESULT: {}
COMMAND: GET /session/e486a1c8754caeb8d733034d4643631f/screenshot - {}
RESULT: {}
RESULT: {}
COMMAND: POST /session/e486a1c8754caeb8d733034d4643631f/execute/async - {"script":"<script> [1562 bytes]","args":[{"selector":{"id":"application-manageresources-display-component---editResource--editRruPage-anchBar-application-manageresources-display-component---editResource--counters-anchor","interaction":{"idSuffix":"BDI-content"}},"wdio_ui5_key":"applicationmanageresources-display-component---editResource--editRruPage-anchBar-application-manageresources-display-component---editResource--counters-anchor"}]}
RESULT: {"script":"<script> [1562 bytes]","args":[{"selector":{"id":"application-manageresources-display-component---editResource--editRruPage-anchBar-application-manageresources-display-component---editResource--counters-anchor","interaction":{"idSuffix":"BDI-content"}},"wdio_ui5_key":"applicationmanageresources-display-component---editResource--editRruPage-anchBar-application-manageresources-display-component---editResource--counters-anchor"}]}
RESULT: undefined
COMMAND: POST /session/e486a1c8754caeb8d733034d4643631f/element - {"using":"xpath","value":"//*[@id=\"application-manageresources-display-component---editResource--editRruPage-anchBar-application-manageresources-display-component---editResource--counters-anchor\"]"}
RESULT: {"using":"xpath","value":"//*[@id=\"application-manageresources-display-component---editResource--editRruPage-anchBar-application-manageresources-display-component---editResource--counters-anchor\"]"}
COMMAND: POST /session/e486a1c8754caeb8d733034d4643631f/element/f.1A55FC214BCDC1A6E941175A5A5DD598.d.F597874F21C41C3111B69BC101B8A26E.e.7931/click - {}
RESULT: {}
COMMAND: GET /session/e486a1c8754caeb8d733034d4643631f/screenshot - {}
RESULT: {}
COMMAND: POST /session/e486a1c8754caeb8d733034d4643631f/execute/async - {"script":"<script> [1562 bytes]","args":[{"selector":{"id":"application-manageresources-display-component---editResource--btnAddCounter-img"},"wdio_ui5_key":"applicationmanageresources-display-component---editResource--btnAddCounter-img"}]}
RESULT: {"script":"<script> [1562 bytes]","args":[{"selector":{"id":"application-manageresources-display-component---editResource--btnAddCounter-img"},"wdio_ui5_key":"applicationmanageresources-display-component---editResource--btnAddCounter-img"}]}
RESULT: undefined
COMMAND: POST /session/e486a1c8754caeb8d733034d4643631f/element - {"using":"xpath","value":"//*[@id=\"application-manageresources-display-component---editResource--btnAddCounter-img\"]"}
RESULT: {"using":"xpath","value":"//*[@id=\"application-manageresources-display-component---editResource--btnAddCounter-img\"]"}
COMMAND: POST /session/e486a1c8754caeb8d733034d4643631f/element/f.1A55FC214BCDC1A6E941175A5A5DD598.d.F597874F21C41C3111B69BC101B8A26E.e.7936/click - {}
RESULT: {}
COMMAND: POST /session/e486a1c8754caeb8d733034d4643631f/execute/async - {"script":"<script> [1562 bytes]","args":[{"selector":{"id":"application-manageresources-display-component---editResource--COUNTER_ID-application-manageresources-display-component---editResource--RUCounters-0-arrow"},"wdio_ui5_key":"applicationmanageresources-display-component---editResource--COUNTER_ID-application-manageresources-display-component---editResource--RUCounters-0-arrow"}]}
COMMAND: GET /session/e486a1c8754caeb8d733034d4643631f/screenshot - {}
RESULT: {"script":"<script> [1562 bytes]","args":[{"selector":{"id":"application-manageresources-display-component---editResource--COUNTER_ID-application-manageresources-display-component---editResource--RUCounters-0-arrow"},"wdio_ui5_key":"applicationmanageresources-display-component---editResource--COUNTER_ID-application-manageresources-display-component---editResource--RUCounters-0-arrow"}]}
RESULT: undefined
COMMAND: POST /session/e486a1c8754caeb8d733034d4643631f/element - {"using":"xpath","value":"//*[@id=\"application-manageresources-display-component---editResource--COUNTER_ID-application-manageresources-display-component---editResource--RUCounters-0-arrow\"]"}
RESULT: {}
RESULT: {"using":"xpath","value":"//*[@id=\"application-manageresources-display-component---editResource--COUNTER_ID-application-manageresources-display-component---editResource--RUCounters-0-arrow\"]"}
COMMAND: POST /session/e486a1c8754caeb8d733034d4643631f/element/f.1A55FC214BCDC1A6E941175A5A5DD598.d.F597874F21C41C3111B69BC101B8A26E.e.7943/click - {}
RESULT: {}
COMMAND: POST /session/e486a1c8754caeb8d733034d4643631f/execute/async - {"script":"<script> [1562 bytes]","args":[{"selector":{"controlType":"sap.m.StandardListItem","viewName":"etm.portal.ui.manageresources.view.EditResource","viewId":"application-manageresources-display-component---editResource","properties":{"title":"fuel"},"searchOpenDialogs":true,"interaction":{"idSuffix":"content"}},"wdio_ui5_key":"etmportal.ui.manageresources.view.EditResourcesap.m.StandardListItem{\"title\":\"fuel\"}"}]}
COMMAND: GET /session/e486a1c8754caeb8d733034d4643631f/screenshot - {}
RESULT: {"script":"<script> [1562 bytes]","args":[{"selector":{"controlType":"sap.m.StandardListItem","viewName":"etm.portal.ui.manageresources.view.EditResource","viewId":"application-manageresources-display-component---editResource","properties":{"title":"fuel"},"searchOpenDialogs":true,"interaction":{"idSuffix":"content"}},"wdio_ui5_key":"etmportal.ui.manageresources.view.EditResourcesap.m.StandardListItem{\"title\":\"fuel\"}"}]}
RESULT: undefined
COMMAND: POST /session/e486a1c8754caeb8d733034d4643631f/element - {"using":"xpath","value":"//*[@id=\"__item1260\"]"}
RESULT: {}
RESULT: {"using":"xpath","value":"//*[@id=\"__item1260\"]"}
COMMAND: POST /session/e486a1c8754caeb8d733034d4643631f/element/f.1A55FC214BCDC1A6E941175A5A5DD598.d.F597874F21C41C3111B69BC101B8A26E.e.7945/click - {}
RESULT: {}
COMMAND: GET /session/e486a1c8754caeb8d733034d4643631f/screenshot - {}
RESULT: {}
COMMAND: POST /session/e486a1c8754caeb8d733034d4643631f/element - {"using":"xpath","value":"//button[@data-kt=\"saveButton\"]"}
RESULT: {"using":"xpath","value":"//button[@data-kt=\"saveButton\"]"}
COMMAND: POST /session/e486a1c8754caeb8d733034d4643631f/element/f.1A55FC214BCDC1A6E941175A5A5DD598.d.F597874F21C41C3111B69BC101B8A26E.e.7946/click - {}
RESULT: {}
COMMAND: GET /session/e486a1c8754caeb8d733034d4643631f/screenshot - {}
RESULT: {}
COMMAND: POST /session/e486a1c8754caeb8d733034d4643631f/element - {"using":"xpath","value":"(//button[contains(@id ,\"actionsToolbar-overflowButton\")])[1]"}
RESULT: {"using":"xpath","value":"(//button[contains(@id ,\"actionsToolbar-overflowButton\")])[1]"}
COMMAND: POST /session/e486a1c8754caeb8d733034d4643631f/element/f.1A55FC214BCDC1A6E941175A5A5DD598.d.F597874F21C41C3111B69BC101B8A26E.e.7958/click - {}
RESULT: {}
COMMAND: GET /session/e486a1c8754caeb8d733034d4643631f/screenshot - {}
RESULT: {}
COMMAND: POST /session/e486a1c8754caeb8d733034d4643631f/element - {"using":"xpath","value":"//button[@data-kt=\"priceInfoButton\"]"}
RESULT: {"using":"xpath","value":"//button[@data-kt=\"priceInfoButton\"]"}
COMMAND: POST /session/e486a1c8754caeb8d733034d4643631f/element/f.1A55FC214BCDC1A6E941175A5A5DD598.d.F597874F21C41C3111B69BC101B8A26E.e.7960/click - {}
RESULT: {}
COMMAND: GET /session/e486a1c8754caeb8d733034d4643631f/screenshot - {}
RESULT: {}
]]></system-out>
    </testcase>
    <testcase classname="chrome.137_0_7151_69.windows.Create_master_data_for_mixed_billing_&amp;_do_billing_calculation_US151661" name="Should create a TB pricing procedure" time="52.249">
      <system-out><![CDATA[
COMMAND: POST /session/e486a1c8754caeb8d733034d4643631f/element - {"using":"xpath","value":"//button[@data-kt=\"addButton\"]"}
RESULT: {"using":"xpath","value":"//button[@data-kt=\"addButton\"]"}
COMMAND: POST /session/e486a1c8754caeb8d733034d4643631f/elements - {"using":"xpath","value":"//button[@data-kt=\"addButton\"]"}
RESULT: {"using":"xpath","value":"//button[@data-kt=\"addButton\"]"}
COMMAND: POST /session/e486a1c8754caeb8d733034d4643631f/elements - {"using":"xpath","value":"//button[@data-kt=\"addButton\"]"}
RESULT: {"using":"xpath","value":"//button[@data-kt=\"addButton\"]"}
COMMAND: POST /session/e486a1c8754caeb8d733034d4643631f/element - {"using":"xpath","value":"//button[@data-kt=\"addButton\"]"}
RESULT: {"using":"xpath","value":"//button[@data-kt=\"addButton\"]"}
COMMAND: POST /session/e486a1c8754caeb8d733034d4643631f/execute/sync - {"script":"<script> [8489 bytes]","args":[{"element-6066-11e4-a52e-4f735466cecf":"f.1A55FC214BCDC1A6E941175A5A5DD598.d.F597874F21C41C3111B69BC101B8A26E.e.7996","ELEMENT":"f.1A55FC214BCDC1A6E941175A5A5DD598.d.F597874F21C41C3111B69BC101B8A26E.e.7996"}]}
RESULT: {"script":"<script> [8489 bytes]","args":[{"element-6066-11e4-a52e-4f735466cecf":"f.1A55FC214BCDC1A6E941175A5A5DD598.d.F597874F21C41C3111B69BC101B8A26E.e.7996","ELEMENT":"f.1A55FC214BCDC1A6E941175A5A5DD598.d.F597874F21C41C3111B69BC101B8A26E.e.7996"}]}
COMMAND: GET /session/e486a1c8754caeb8d733034d4643631f/element/f.1A55FC214BCDC1A6E941175A5A5DD598.d.F597874F21C41C3111B69BC101B8A26E.e.7996/enabled - {}
COMMAND: GET /session/e486a1c8754caeb8d733034d4643631f/screenshot - {}
RESULT: {}
COMMAND: POST /session/e486a1c8754caeb8d733034d4643631f/execute/sync - {"script":"<script> [8489 bytes]","args":[{"element-6066-11e4-a52e-4f735466cecf":"f.1A55FC214BCDC1A6E941175A5A5DD598.d.F597874F21C41C3111B69BC101B8A26E.e.7996","ELEMENT":"f.1A55FC214BCDC1A6E941175A5A5DD598.d.F597874F21C41C3111B69BC101B8A26E.e.7996"}]}
COMMAND: GET /session/e486a1c8754caeb8d733034d4643631f/screenshot - {}
RESULT: {}
RESULT: {"script":"<script> [8489 bytes]","args":[{"element-6066-11e4-a52e-4f735466cecf":"f.1A55FC214BCDC1A6E941175A5A5DD598.d.F597874F21C41C3111B69BC101B8A26E.e.7996","ELEMENT":"f.1A55FC214BCDC1A6E941175A5A5DD598.d.F597874F21C41C3111B69BC101B8A26E.e.7996"}]}
COMMAND: POST /session/e486a1c8754caeb8d733034d4643631f/execute/sync - {"script":"<script> [5351 bytes]","args":[{"element-6066-11e4-a52e-4f735466cecf":"f.1A55FC214BCDC1A6E941175A5A5DD598.d.F597874F21C41C3111B69BC101B8A26E.e.7996","ELEMENT":"f.1A55FC214BCDC1A6E941175A5A5DD598.d.F597874F21C41C3111B69BC101B8A26E.e.7996"}]}
COMMAND: GET /session/e486a1c8754caeb8d733034d4643631f/screenshot - {}
RESULT: {}
RESULT: {"script":"<script> [5351 bytes]","args":[{"element-6066-11e4-a52e-4f735466cecf":"f.1A55FC214BCDC1A6E941175A5A5DD598.d.F597874F21C41C3111B69BC101B8A26E.e.7996","ELEMENT":"f.1A55FC214BCDC1A6E941175A5A5DD598.d.F597874F21C41C3111B69BC101B8A26E.e.7996"}]}
COMMAND: POST /session/e486a1c8754caeb8d733034d4643631f/element/f.1A55FC214BCDC1A6E941175A5A5DD598.d.F597874F21C41C3111B69BC101B8A26E.e.7996/click - {}
COMMAND: GET /session/e486a1c8754caeb8d733034d4643631f/screenshot - {}
RESULT: {}
RESULT: {}
COMMAND: GET /session/e486a1c8754caeb8d733034d4643631f/screenshot - {}
RESULT: {}
RESULT: {}
COMMAND: POST /session/e486a1c8754caeb8d733034d4643631f/execute/async - {"script":"<script> [1562 bytes]","args":[{"selector":{"controlType":"sap.m.Title","viewName":"etm.portal.ui.managepricingrules.view.NewItem","viewId":"application-managepricingrules-display-component---newInfoPriceItem","properties":{"text":"New Pricing Rules - Item Level"}},"wdio_ui5_key":"etmportal.ui.managepricingrules.view.NewItemsap.m.Title{\"text\":\"New Pricing Rules - Item Level\"}"}]}
RESULT: {"script":"<script> [1562 bytes]","args":[{"selector":{"controlType":"sap.m.Title","viewName":"etm.portal.ui.managepricingrules.view.NewItem","viewId":"application-managepricingrules-display-component---newInfoPriceItem","properties":{"text":"New Pricing Rules - Item Level"}},"wdio_ui5_key":"etmportal.ui.managepricingrules.view.NewItemsap.m.Title{\"text\":\"New Pricing Rules - Item Level\"}"}]}
RESULT: undefined
COMMAND: POST /session/e486a1c8754caeb8d733034d4643631f/execute/async - {"script":"<script> [6424 bytes]","args":[{"element-6066-11e4-a52e-4f735466cecf":"f.1A55FC214BCDC1A6E941175A5A5DD598.d.F597874F21C41C3111B69BC101B8A26E.e.8167"},"getText",[]]}
RESULT: {"script":"<script> [6424 bytes]","args":[{"element-6066-11e4-a52e-4f735466cecf":"f.1A55FC214BCDC1A6E941175A5A5DD598.d.F597874F21C41C3111B69BC101B8A26E.e.8167"},"getText",[]]}
COMMAND: POST /session/e486a1c8754caeb8d733034d4643631f/execute/async - {"script":"<script> [1562 bytes]","args":[{"selector":{"id":"application-managepricingrules-display-component---newInfoPriceItem--condValidTo","interaction":{"idSuffix":"inner"}},"wdio_ui5_key":"applicationmanagepricingrules-display-component---newInfoPriceItem--condValidTo"}]}
RESULT: {"script":"<script> [1562 bytes]","args":[{"selector":{"id":"application-managepricingrules-display-component---newInfoPriceItem--condValidTo","interaction":{"idSuffix":"inner"}},"wdio_ui5_key":"applicationmanagepricingrules-display-component---newInfoPriceItem--condValidTo"}]}
RESULT: undefined
COMMAND: POST /session/e486a1c8754caeb8d733034d4643631f/execute/async - {"script":"<script> [776 bytes]","args":[{"enterText":"2/5/26","selector":{"id":"application-managepricingrules-display-component---newInfoPriceItem--condValidTo","interaction":{"idSuffix":"inner"}},"clearTextFirst":true,"interactionType":"ENTER_TEXT"}]}
RESULT: {"script":"<script> [776 bytes]","args":[{"enterText":"2/5/26","selector":{"id":"application-managepricingrules-display-component---newInfoPriceItem--condValidTo","interaction":{"idSuffix":"inner"}},"clearTextFirst":true,"interactionType":"ENTER_TEXT"}]}
COMMAND: POST /session/e486a1c8754caeb8d733034d4643631f/execute/async - {"script":"<script> [1562 bytes]","args":[{"selector":{"id":"application-managepricingrules-display-component---newInfoPriceItem--billType-arrow"},"wdio_ui5_key":"applicationmanagepricingrules-display-component---newInfoPriceItem--billType-arrow"}]}
RESULT: {"script":"<script> [1562 bytes]","args":[{"selector":{"id":"application-managepricingrules-display-component---newInfoPriceItem--billType-arrow"},"wdio_ui5_key":"applicationmanagepricingrules-display-component---newInfoPriceItem--billType-arrow"}]}
RESULT: undefined
COMMAND: POST /session/e486a1c8754caeb8d733034d4643631f/element - {"using":"xpath","value":"//*[@id=\"application-managepricingrules-display-component---newInfoPriceItem--billType-arrow\"]"}
RESULT: {"using":"xpath","value":"//*[@id=\"application-managepricingrules-display-component---newInfoPriceItem--billType-arrow\"]"}
COMMAND: POST /session/e486a1c8754caeb8d733034d4643631f/element/f.1A55FC214BCDC1A6E941175A5A5DD598.d.F597874F21C41C3111B69BC101B8A26E.e.8125/click - {}
RESULT: {}
COMMAND: POST /session/e486a1c8754caeb8d733034d4643631f/element - {"using":"xpath","value":"//span[contains(text(), \"TB - Time based\")]"}
COMMAND: GET /session/e486a1c8754caeb8d733034d4643631f/screenshot - {}
RESULT: {"using":"xpath","value":"//span[contains(text(), \"TB - Time based\")]"}
COMMAND: POST /session/e486a1c8754caeb8d733034d4643631f/element/f.1A55FC214BCDC1A6E941175A5A5DD598.d.F597874F21C41C3111B69BC101B8A26E.e.8169/click - {}
RESULT: {}
RESULT: {}
COMMAND: POST /session/e486a1c8754caeb8d733034d4643631f/execute/async - {"script":"<script> [1562 bytes]","args":[{"selector":{"id":"application-managepricingrules-display-component---newInfoPriceItem--priceProc-arrow"},"wdio_ui5_key":"applicationmanagepricingrules-display-component---newInfoPriceItem--priceProc-arrow"}]}
COMMAND: GET /session/e486a1c8754caeb8d733034d4643631f/screenshot - {}
RESULT: {"script":"<script> [1562 bytes]","args":[{"selector":{"id":"application-managepricingrules-display-component---newInfoPriceItem--priceProc-arrow"},"wdio_ui5_key":"applicationmanagepricingrules-display-component---newInfoPriceItem--priceProc-arrow"}]}
RESULT: undefined
COMMAND: POST /session/e486a1c8754caeb8d733034d4643631f/element - {"using":"xpath","value":"//*[@id=\"application-managepricingrules-display-component---newInfoPriceItem--priceProc-arrow\"]"}
RESULT: {}
RESULT: {"using":"xpath","value":"//*[@id=\"application-managepricingrules-display-component---newInfoPriceItem--priceProc-arrow\"]"}
COMMAND: POST /session/e486a1c8754caeb8d733034d4643631f/element/f.1A55FC214BCDC1A6E941175A5A5DD598.d.F597874F21C41C3111B69BC101B8A26E.e.8132/click - {}
RESULT: {}
COMMAND: POST /session/e486a1c8754caeb8d733034d4643631f/element - {"using":"xpath","value":"//span[contains(text(), \"TB - Time based BGL\")]"}
COMMAND: GET /session/e486a1c8754caeb8d733034d4643631f/screenshot - {}
RESULT: {"using":"xpath","value":"//span[contains(text(), \"TB - Time based BGL\")]"}
COMMAND: POST /session/e486a1c8754caeb8d733034d4643631f/element/f.1A55FC214BCDC1A6E941175A5A5DD598.d.F597874F21C41C3111B69BC101B8A26E.e.8170/click - {}
RESULT: {}
RESULT: {}
COMMAND: POST /session/e486a1c8754caeb8d733034d4643631f/execute/async - {"script":"<script> [1562 bytes]","args":[{"selector":{"id":"application-managepricingrules-display-component---newInfoPriceItem--calcBase-arrow"},"wdio_ui5_key":"applicationmanagepricingrules-display-component---newInfoPriceItem--calcBase-arrow"}]}
COMMAND: GET /session/e486a1c8754caeb8d733034d4643631f/screenshot - {}
RESULT: {"script":"<script> [1562 bytes]","args":[{"selector":{"id":"application-managepricingrules-display-component---newInfoPriceItem--calcBase-arrow"},"wdio_ui5_key":"applicationmanagepricingrules-display-component---newInfoPriceItem--calcBase-arrow"}]}
RESULT: undefined
COMMAND: POST /session/e486a1c8754caeb8d733034d4643631f/element - {"using":"xpath","value":"//*[@id=\"application-managepricingrules-display-component---newInfoPriceItem--calcBase-arrow\"]"}
RESULT: {}
RESULT: {"using":"xpath","value":"//*[@id=\"application-managepricingrules-display-component---newInfoPriceItem--calcBase-arrow\"]"}
COMMAND: POST /session/e486a1c8754caeb8d733034d4643631f/element/f.1A55FC214BCDC1A6E941175A5A5DD598.d.F597874F21C41C3111B69BC101B8A26E.e.8139/click - {}
RESULT: {}
COMMAND: GET /session/e486a1c8754caeb8d733034d4643631f/screenshot - {}
RESULT: {}
COMMAND: POST /session/e486a1c8754caeb8d733034d4643631f/element - {"using":"xpath","value":"//span[contains(text(), \"0006 - TB(calendar days)\")]"}
RESULT: {"using":"xpath","value":"//span[contains(text(), \"0006 - TB(calendar days)\")]"}
COMMAND: POST /session/e486a1c8754caeb8d733034d4643631f/element/f.1A55FC214BCDC1A6E941175A5A5DD598.d.F597874F21C41C3111B69BC101B8A26E.e.8171/click - {}
RESULT: {}
COMMAND: GET /session/e486a1c8754caeb8d733034d4643631f/screenshot - {}
RESULT: {}
COMMAND: POST /session/e486a1c8754caeb8d733034d4643631f/execute/async - {"script":"<script> [1562 bytes]","args":[{"selector":{"id":"application-managepricingrules-display-component---newInfoPriceItem--hoursMonth","interaction":{"idSuffix":"inner"}},"wdio_ui5_key":"applicationmanagepricingrules-display-component---newInfoPriceItem--hoursMonth"}]}
RESULT: {"script":"<script> [1562 bytes]","args":[{"selector":{"id":"application-managepricingrules-display-component---newInfoPriceItem--hoursMonth","interaction":{"idSuffix":"inner"}},"wdio_ui5_key":"applicationmanagepricingrules-display-component---newInfoPriceItem--hoursMonth"}]}
RESULT: undefined
COMMAND: POST /session/e486a1c8754caeb8d733034d4643631f/execute/async - {"script":"<script> [776 bytes]","args":[{"enterText":"160","selector":{"id":"application-managepricingrules-display-component---newInfoPriceItem--hoursMonth","interaction":{"idSuffix":"inner"}},"clearTextFirst":true,"interactionType":"ENTER_TEXT"}]}
RESULT: {"script":"<script> [776 bytes]","args":[{"enterText":"160","selector":{"id":"application-managepricingrules-display-component---newInfoPriceItem--hoursMonth","interaction":{"idSuffix":"inner"}},"clearTextFirst":true,"interactionType":"ENTER_TEXT"}]}
COMMAND: POST /session/e486a1c8754caeb8d733034d4643631f/execute/async - {"script":"<script> [1562 bytes]","args":[{"selector":{"id":"application-managepricingrules-display-component---newInfoPriceItem--daysMonth","interaction":{"idSuffix":"inner"}},"wdio_ui5_key":"applicationmanagepricingrules-display-component---newInfoPriceItem--daysMonth"}]}
RESULT: {"script":"<script> [1562 bytes]","args":[{"selector":{"id":"application-managepricingrules-display-component---newInfoPriceItem--daysMonth","interaction":{"idSuffix":"inner"}},"wdio_ui5_key":"applicationmanagepricingrules-display-component---newInfoPriceItem--daysMonth"}]}
RESULT: undefined
COMMAND: POST /session/e486a1c8754caeb8d733034d4643631f/execute/async - {"script":"<script> [776 bytes]","args":[{"enterText":"30","selector":{"id":"application-managepricingrules-display-component---newInfoPriceItem--daysMonth","interaction":{"idSuffix":"inner"}},"clearTextFirst":true,"interactionType":"ENTER_TEXT"}]}
RESULT: {"script":"<script> [776 bytes]","args":[{"enterText":"30","selector":{"id":"application-managepricingrules-display-component---newInfoPriceItem--daysMonth","interaction":{"idSuffix":"inner"}},"clearTextFirst":true,"interactionType":"ENTER_TEXT"}]}
COMMAND: POST /session/e486a1c8754caeb8d733034d4643631f/element - {"using":"xpath","value":"//button[@data-kt=\"saveNewRuleButton\"]"}
RESULT: {"using":"xpath","value":"//button[@data-kt=\"saveNewRuleButton\"]"}
COMMAND: POST /session/e486a1c8754caeb8d733034d4643631f/element/f.1A55FC214BCDC1A6E941175A5A5DD598.d.F597874F21C41C3111B69BC101B8A26E.e.8159/click - {}
RESULT: {}
COMMAND: GET /session/e486a1c8754caeb8d733034d4643631f/screenshot - {}
RESULT: {}
COMMAND: POST /session/e486a1c8754caeb8d733034d4643631f/execute/async - {"script":"<script> [1562 bytes]","args":[{"selector":{"id":"application-managepricingrules-display-component---priceInfoItem--smartFilterBar-btnBasicSearch","interaction":{"idSuffix":"I"}},"wdio_ui5_key":"applicationmanagepricingrules-display-component---priceInfoItem--smartFilterBar-btnBasicSearch"}]}
RESULT: {"script":"<script> [1562 bytes]","args":[{"selector":{"id":"application-managepricingrules-display-component---priceInfoItem--smartFilterBar-btnBasicSearch","interaction":{"idSuffix":"I"}},"wdio_ui5_key":"applicationmanagepricingrules-display-component---priceInfoItem--smartFilterBar-btnBasicSearch"}]}
RESULT: undefined
COMMAND: POST /session/e486a1c8754caeb8d733034d4643631f/execute/async - {"script":"<script> [776 bytes]","args":[{"enterText":"rwLZqHCA8E","selector":{"id":"application-managepricingrules-display-component---priceInfoItem--smartFilterBar-btnBasicSearch","interaction":{"idSuffix":"I"}},"clearTextFirst":true,"interactionType":"ENTER_TEXT"}]}
RESULT: {"script":"<script> [776 bytes]","args":[{"enterText":"rwLZqHCA8E","selector":{"id":"application-managepricingrules-display-component---priceInfoItem--smartFilterBar-btnBasicSearch","interaction":{"idSuffix":"I"}},"clearTextFirst":true,"interactionType":"ENTER_TEXT"}]}
COMMAND: POST /session/e486a1c8754caeb8d733034d4643631f/actions - {"actions":[{"id":"action30","type":"key","parameters":{},"actions":[{"type":"keyDown","value":"î€‡"},{"type":"pause","duration":10},{"type":"keyUp","value":"î€‡"}]}]}
RESULT: {"actions":[{"id":"action30","type":"key","parameters":{},"actions":[{"type":"keyDown","value":"î€‡"},{"type":"pause","duration":10},{"type":"keyUp","value":"î€‡"}]}]}
COMMAND: GET /session/e486a1c8754caeb8d733034d4643631f/screenshot - {}
RESULT: {}
COMMAND: POST /session/e486a1c8754caeb8d733034d4643631f/element - {"using":"xpath","value":"//span[@id=\"application-managepricingrules-display-component---priceInfoItem--smartTable-header-inner\"]"}
RESULT: {"using":"xpath","value":"//span[@id=\"application-managepricingrules-display-component---priceInfoItem--smartTable-header-inner\"]"}
COMMAND: POST /session/e486a1c8754caeb8d733034d4643631f/elements - {"using":"xpath","value":"//span[@id=\"application-managepricingrules-display-component---priceInfoItem--smartTable-header-inner\"]"}
RESULT: {"using":"xpath","value":"//span[@id=\"application-managepricingrules-display-component---priceInfoItem--smartTable-header-inner\"]"}
COMMAND: POST /session/e486a1c8754caeb8d733034d4643631f/execute/sync - {"script":"<script> [56 bytes]","args":[{"element-6066-11e4-a52e-4f735466cecf":"f.1A55FC214BCDC1A6E941175A5A5DD598.d.F597874F21C41C3111B69BC101B8A26E.e.8185","ELEMENT":"f.1A55FC214BCDC1A6E941175A5A5DD598.d.F597874F21C41C3111B69BC101B8A26E.e.8185"}]}
RESULT: {"script":"<script> [56 bytes]","args":[{"element-6066-11e4-a52e-4f735466cecf":"f.1A55FC214BCDC1A6E941175A5A5DD598.d.F597874F21C41C3111B69BC101B8A26E.e.8185","ELEMENT":"f.1A55FC214BCDC1A6E941175A5A5DD598.d.F597874F21C41C3111B69BC101B8A26E.e.8185"}]}
COMMAND: POST /session/e486a1c8754caeb8d733034d4643631f/element - {"using":"css selector","value":"#shell-header-logo"}
COMMAND: GET /session/e486a1c8754caeb8d733034d4643631f/screenshot - {}
RESULT: {"using":"css selector","value":"#shell-header-logo"}
COMMAND: POST /session/e486a1c8754caeb8d733034d4643631f/element/f.1A55FC214BCDC1A6E941175A5A5DD598.d.F597874F21C41C3111B69BC101B8A26E.e.7083/click - {}
RESULT: {}
RESULT: {}
COMMAND: GET /session/e486a1c8754caeb8d733034d4643631f/screenshot - {}
RESULT: {}
]]></system-out>
    </testcase>
    <testcase classname="chrome.137_0_7151_69.windows.Create_master_data_for_mixed_billing_&amp;_do_billing_calculation_US151661" name="Should add one time condition" time="63">
      <system-out><![CDATA[
COMMAND: POST /session/e486a1c8754caeb8d733034d4643631f/execute/async - {"script":"<script> [1562 bytes]","args":[{"selector":{"controlType":"sap.m.GenericTile","properties":{"header":"Manage Conditions & Prices"}},"wdio_ui5_key":"sapm.GenericTile{\"header\":\"Manage Conditions & Prices\"}"}]}
RESULT: {"script":"<script> [1562 bytes]","args":[{"selector":{"controlType":"sap.m.GenericTile","properties":{"header":"Manage Conditions & Prices"}},"wdio_ui5_key":"sapm.GenericTile{\"header\":\"Manage Conditions & Prices\"}"}]}
RESULT: undefined
COMMAND: POST /session/e486a1c8754caeb8d733034d4643631f/element - {"using":"xpath","value":"//*[@id=\"__tile93\"]"}
RESULT: {"using":"xpath","value":"//*[@id=\"__tile93\"]"}
COMMAND: POST /session/e486a1c8754caeb8d733034d4643631f/element/f.1A55FC214BCDC1A6E941175A5A5DD598.d.F597874F21C41C3111B69BC101B8A26E.e.7069/click - {}
RESULT: {}
COMMAND: GET /session/e486a1c8754caeb8d733034d4643631f/screenshot - {}
RESULT: {}
COMMAND: POST /session/e486a1c8754caeb8d733034d4643631f/elements - {"using":"xpath","value":"//span[text()='Error']"}
RESULT: {"using":"xpath","value":"//span[text()='Error']"}
COMMAND: POST /session/e486a1c8754caeb8d733034d4643631f/element - {"using":"xpath","value":"//button[@aria-label=\"Create\"]"}
RESULT: {"using":"xpath","value":"//button[@aria-label=\"Create\"]"}
COMMAND: POST /session/e486a1c8754caeb8d733034d4643631f/elements - {"using":"xpath","value":"//button[@aria-label=\"Create\"]"}
RESULT: {"using":"xpath","value":"//button[@aria-label=\"Create\"]"}
COMMAND: POST /session/e486a1c8754caeb8d733034d4643631f/execute/sync - {"script":"<script> [8489 bytes]","args":[{"element-6066-11e4-a52e-4f735466cecf":"f.1A55FC214BCDC1A6E941175A5A5DD598.d.F597874F21C41C3111B69BC101B8A26E.e.8220","ELEMENT":"f.1A55FC214BCDC1A6E941175A5A5DD598.d.F597874F21C41C3111B69BC101B8A26E.e.8220"}]}
RESULT: {"script":"<script> [8489 bytes]","args":[{"element-6066-11e4-a52e-4f735466cecf":"f.1A55FC214BCDC1A6E941175A5A5DD598.d.F597874F21C41C3111B69BC101B8A26E.e.8220","ELEMENT":"f.1A55FC214BCDC1A6E941175A5A5DD598.d.F597874F21C41C3111B69BC101B8A26E.e.8220"}]}
COMMAND: GET /session/e486a1c8754caeb8d733034d4643631f/element/f.1A55FC214BCDC1A6E941175A5A5DD598.d.F597874F21C41C3111B69BC101B8A26E.e.8220/enabled - {}
COMMAND: GET /session/e486a1c8754caeb8d733034d4643631f/screenshot - {}
RESULT: {}
COMMAND: POST /session/e486a1c8754caeb8d733034d4643631f/execute/sync - {"script":"<script> [8489 bytes]","args":[{"element-6066-11e4-a52e-4f735466cecf":"f.1A55FC214BCDC1A6E941175A5A5DD598.d.F597874F21C41C3111B69BC101B8A26E.e.8220","ELEMENT":"f.1A55FC214BCDC1A6E941175A5A5DD598.d.F597874F21C41C3111B69BC101B8A26E.e.8220"}]}
COMMAND: GET /session/e486a1c8754caeb8d733034d4643631f/screenshot - {}
RESULT: {}
RESULT: {"script":"<script> [8489 bytes]","args":[{"element-6066-11e4-a52e-4f735466cecf":"f.1A55FC214BCDC1A6E941175A5A5DD598.d.F597874F21C41C3111B69BC101B8A26E.e.8220","ELEMENT":"f.1A55FC214BCDC1A6E941175A5A5DD598.d.F597874F21C41C3111B69BC101B8A26E.e.8220"}]}
COMMAND: POST /session/e486a1c8754caeb8d733034d4643631f/execute/sync - {"script":"<script> [5351 bytes]","args":[{"element-6066-11e4-a52e-4f735466cecf":"f.1A55FC214BCDC1A6E941175A5A5DD598.d.F597874F21C41C3111B69BC101B8A26E.e.8220","ELEMENT":"f.1A55FC214BCDC1A6E941175A5A5DD598.d.F597874F21C41C3111B69BC101B8A26E.e.8220"}]}
COMMAND: GET /session/e486a1c8754caeb8d733034d4643631f/screenshot - {}
RESULT: {}
RESULT: {"script":"<script> [5351 bytes]","args":[{"element-6066-11e4-a52e-4f735466cecf":"f.1A55FC214BCDC1A6E941175A5A5DD598.d.F597874F21C41C3111B69BC101B8A26E.e.8220","ELEMENT":"f.1A55FC214BCDC1A6E941175A5A5DD598.d.F597874F21C41C3111B69BC101B8A26E.e.8220"}]}
COMMAND: POST /session/e486a1c8754caeb8d733034d4643631f/element/f.1A55FC214BCDC1A6E941175A5A5DD598.d.F597874F21C41C3111B69BC101B8A26E.e.8220/click - {}
COMMAND: GET /session/e486a1c8754caeb8d733034d4643631f/screenshot - {}
RESULT: {}
RESULT: {}
COMMAND: GET /session/e486a1c8754caeb8d733034d4643631f/screenshot - {}
RESULT: {}
RESULT: {}
COMMAND: POST /session/e486a1c8754caeb8d733034d4643631f/actions - {"actions":[{"id":"action31","type":"key","parameters":{},"actions":[{"type":"keyDown","value":"î€‡"},{"type":"pause","duration":10},{"type":"keyUp","value":"î€‡"}]}]}
RESULT: {"actions":[{"id":"action31","type":"key","parameters":{},"actions":[{"type":"keyDown","value":"î€‡"},{"type":"pause","duration":10},{"type":"keyUp","value":"î€‡"}]}]}
COMMAND: GET /session/e486a1c8754caeb8d733034d4643631f/screenshot - {}
RESULT: {}
COMMAND: POST /session/e486a1c8754caeb8d733034d4643631f/execute/async - {"script":"<script> [1562 bytes]","args":[{"selector":{"id":"application-manageconditionprice-display-component---newCondition--condBillCond-arrow"},"wdio_ui5_key":"applicationmanageconditionprice-display-component---newCondition--condBillCond-arrow"}]}
RESULT: {"script":"<script> [1562 bytes]","args":[{"selector":{"id":"application-manageconditionprice-display-component---newCondition--condBillCond-arrow"},"wdio_ui5_key":"applicationmanageconditionprice-display-component---newCondition--condBillCond-arrow"}]}
RESULT: undefined
COMMAND: POST /session/e486a1c8754caeb8d733034d4643631f/element - {"using":"xpath","value":"//*[@id=\"application-manageconditionprice-display-component---newCondition--condBillCond-arrow\"]"}
RESULT: {"using":"xpath","value":"//*[@id=\"application-manageconditionprice-display-component---newCondition--condBillCond-arrow\"]"}
COMMAND: POST /session/e486a1c8754caeb8d733034d4643631f/element/f.1A55FC214BCDC1A6E941175A5A5DD598.d.F597874F21C41C3111B69BC101B8A26E.e.8400/click - {}
RESULT: {}
COMMAND: GET /session/e486a1c8754caeb8d733034d4643631f/screenshot - {}
RESULT: {}
COMMAND: POST /session/e486a1c8754caeb8d733034d4643631f/element - {"using":"xpath","value":"//li[.//span[contains(text(), \"SAPR - Sales price\")]]"}
RESULT: {"using":"xpath","value":"//li[.//span[contains(text(), \"SAPR - Sales price\")]]"}
COMMAND: POST /session/e486a1c8754caeb8d733034d4643631f/element/f.1A55FC214BCDC1A6E941175A5A5DD598.d.F597874F21C41C3111B69BC101B8A26E.e.8403/click - {}
RESULT: {}
COMMAND: GET /session/e486a1c8754caeb8d733034d4643631f/screenshot - {}
RESULT: {}
COMMAND: POST /session/e486a1c8754caeb8d733034d4643631f/execute/async - {"script":"<script> [1562 bytes]","args":[{"selector":{"id":"application-manageconditionprice-display-component---newCondition--condValidTo","interaction":{"idSuffix":"inner"}},"wdio_ui5_key":"applicationmanageconditionprice-display-component---newCondition--condValidTo"}]}
RESULT: {"script":"<script> [1562 bytes]","args":[{"selector":{"id":"application-manageconditionprice-display-component---newCondition--condValidTo","interaction":{"idSuffix":"inner"}},"wdio_ui5_key":"applicationmanageconditionprice-display-component---newCondition--condValidTo"}]}
RESULT: undefined
COMMAND: POST /session/e486a1c8754caeb8d733034d4643631f/execute/async - {"script":"<script> [776 bytes]","args":[{"enterText":"2/5/26","selector":{"id":"application-manageconditionprice-display-component---newCondition--condValidTo","interaction":{"idSuffix":"inner"}},"clearTextFirst":true,"interactionType":"ENTER_TEXT"}]}
RESULT: {"script":"<script> [776 bytes]","args":[{"enterText":"2/5/26","selector":{"id":"application-manageconditionprice-display-component---newCondition--condValidTo","interaction":{"idSuffix":"inner"}},"clearTextFirst":true,"interactionType":"ENTER_TEXT"}]}
COMMAND: POST /session/e486a1c8754caeb8d733034d4643631f/element - {"using":"xpath","value":"//input[@id=\"application-manageconditionprice-display-component---newCondition--condRU-inner\"]"}
RESULT: {"using":"xpath","value":"//input[@id=\"application-manageconditionprice-display-component---newCondition--condRU-inner\"]"}
COMMAND: POST /session/e486a1c8754caeb8d733034d4643631f/element/f.1A55FC214BCDC1A6E941175A5A5DD598.d.F597874F21C41C3111B69BC101B8A26E.e.8236/clear - {}
RESULT: {}
COMMAND: POST /session/e486a1c8754caeb8d733034d4643631f/element/f.1A55FC214BCDC1A6E941175A5A5DD598.d.F597874F21C41C3111B69BC101B8A26E.e.8236/value - {"text":"rwLZqHCA8E"}
COMMAND: GET /session/e486a1c8754caeb8d733034d4643631f/screenshot - {}
RESULT: {}
RESULT: {"text":"rwLZqHCA8E"}
COMMAND: GET /session/e486a1c8754caeb8d733034d4643631f/screenshot - {}
RESULT: {}
COMMAND: POST /session/e486a1c8754caeb8d733034d4643631f/actions - {"actions":[{"id":"action32","type":"key","parameters":{},"actions":[{"type":"keyDown","value":"î€‡"},{"type":"pause","duration":10},{"type":"keyUp","value":"î€‡"}]}]}
RESULT: {"actions":[{"id":"action32","type":"key","parameters":{},"actions":[{"type":"keyDown","value":"î€‡"},{"type":"pause","duration":10},{"type":"keyUp","value":"î€‡"}]}]}
COMMAND: POST /session/e486a1c8754caeb8d733034d4643631f/execute/async - {"script":"<script> [1562 bytes]","args":[{"selector":{"id":"application-manageconditionprice-display-component---newCondition--condBaseQty","interaction":{"idSuffix":"inner"}},"wdio_ui5_key":"applicationmanageconditionprice-display-component---newCondition--condBaseQty"}]}
COMMAND: GET /session/e486a1c8754caeb8d733034d4643631f/screenshot - {}
RESULT: {"script":"<script> [1562 bytes]","args":[{"selector":{"id":"application-manageconditionprice-display-component---newCondition--condBaseQty","interaction":{"idSuffix":"inner"}},"wdio_ui5_key":"applicationmanageconditionprice-display-component---newCondition--condBaseQty"}]}
RESULT: undefined
COMMAND: POST /session/e486a1c8754caeb8d733034d4643631f/execute/async - {"script":"<script> [776 bytes]","args":[{"enterText":"1","selector":{"id":"application-manageconditionprice-display-component---newCondition--condBaseQty","interaction":{"idSuffix":"inner"}},"clearTextFirst":true,"interactionType":"ENTER_TEXT"}]}
RESULT: {}
RESULT: {"script":"<script> [776 bytes]","args":[{"enterText":"1","selector":{"id":"application-manageconditionprice-display-component---newCondition--condBaseQty","interaction":{"idSuffix":"inner"}},"clearTextFirst":true,"interactionType":"ENTER_TEXT"}]}
COMMAND: POST /session/e486a1c8754caeb8d733034d4643631f/execute/async - {"script":"<script> [1562 bytes]","args":[{"selector":{"id":"application-manageconditionprice-display-component---newCondition--condValue","interaction":{"idSuffix":"inner"}},"wdio_ui5_key":"applicationmanageconditionprice-display-component---newCondition--condValue"}]}
RESULT: {"script":"<script> [1562 bytes]","args":[{"selector":{"id":"application-manageconditionprice-display-component---newCondition--condValue","interaction":{"idSuffix":"inner"}},"wdio_ui5_key":"applicationmanageconditionprice-display-component---newCondition--condValue"}]}
RESULT: undefined
COMMAND: POST /session/e486a1c8754caeb8d733034d4643631f/execute/async - {"script":"<script> [776 bytes]","args":[{"enterText":"200","selector":{"id":"application-manageconditionprice-display-component---newCondition--condValue","interaction":{"idSuffix":"inner"}},"clearTextFirst":true,"interactionType":"ENTER_TEXT"}]}
RESULT: {"script":"<script> [776 bytes]","args":[{"enterText":"200","selector":{"id":"application-manageconditionprice-display-component---newCondition--condValue","interaction":{"idSuffix":"inner"}},"clearTextFirst":true,"interactionType":"ENTER_TEXT"}]}
COMMAND: POST /session/e486a1c8754caeb8d733034d4643631f/execute/async - {"script":"<script> [1562 bytes]","args":[{"selector":{"id":"application-manageconditionprice-display-component---newCondition--condCurr-arrow"},"wdio_ui5_key":"applicationmanageconditionprice-display-component---newCondition--condCurr-arrow"}]}
RESULT: {"script":"<script> [1562 bytes]","args":[{"selector":{"id":"application-manageconditionprice-display-component---newCondition--condCurr-arrow"},"wdio_ui5_key":"applicationmanageconditionprice-display-component---newCondition--condCurr-arrow"}]}
RESULT: undefined
COMMAND: POST /session/e486a1c8754caeb8d733034d4643631f/element - {"using":"xpath","value":"//*[@id=\"application-manageconditionprice-display-component---newCondition--condCurr-arrow\"]"}
RESULT: {"using":"xpath","value":"//*[@id=\"application-manageconditionprice-display-component---newCondition--condCurr-arrow\"]"}
COMMAND: POST /session/e486a1c8754caeb8d733034d4643631f/element/f.1A55FC214BCDC1A6E941175A5A5DD598.d.F597874F21C41C3111B69BC101B8A26E.e.8381/click - {}
RESULT: {}
COMMAND: POST /session/e486a1c8754caeb8d733034d4643631f/element - {"using":"xpath","value":"//span[contains(text(), \"Euro\")]"}
COMMAND: GET /session/e486a1c8754caeb8d733034d4643631f/screenshot - {}
RESULT: {"using":"xpath","value":"//span[contains(text(), \"Euro\")]"}
COMMAND: POST /session/e486a1c8754caeb8d733034d4643631f/element/f.1A55FC214BCDC1A6E941175A5A5DD598.d.F597874F21C41C3111B69BC101B8A26E.e.8437/click - {}
RESULT: {}
RESULT: {}
COMMAND: POST /session/e486a1c8754caeb8d733034d4643631f/element - {"using":"xpath","value":"//button[@data-kt=\"saveButton\"]"}
COMMAND: GET /session/e486a1c8754caeb8d733034d4643631f/screenshot - {}
RESULT: {"using":"xpath","value":"//button[@data-kt=\"saveButton\"]"}
COMMAND: POST /session/e486a1c8754caeb8d733034d4643631f/element/f.1A55FC214BCDC1A6E941175A5A5DD598.d.F597874F21C41C3111B69BC101B8A26E.e.8382/click - {}
RESULT: {}
RESULT: {}
COMMAND: GET /session/e486a1c8754caeb8d733034d4643631f/screenshot - {}
RESULT: {}
COMMAND: POST /session/e486a1c8754caeb8d733034d4643631f/execute/async - {"script":"<script> [1562 bytes]","args":[{"selector":{"id":"application-manageconditionprice-display-component---conditions--smartFilterBar-btnBasicSearch","interaction":{"idSuffix":"I"}},"wdio_ui5_key":"applicationmanageconditionprice-display-component---conditions--smartFilterBar-btnBasicSearch"}]}
RESULT: {"script":"<script> [1562 bytes]","args":[{"selector":{"id":"application-manageconditionprice-display-component---conditions--smartFilterBar-btnBasicSearch","interaction":{"idSuffix":"I"}},"wdio_ui5_key":"applicationmanageconditionprice-display-component---conditions--smartFilterBar-btnBasicSearch"}]}
RESULT: undefined
COMMAND: POST /session/e486a1c8754caeb8d733034d4643631f/execute/async - {"script":"<script> [776 bytes]","args":[{"enterText":"rwLZqHCA8E","selector":{"id":"application-manageconditionprice-display-component---conditions--smartFilterBar-btnBasicSearch","interaction":{"idSuffix":"I"}},"clearTextFirst":true,"interactionType":"ENTER_TEXT"}]}
RESULT: {"script":"<script> [776 bytes]","args":[{"enterText":"rwLZqHCA8E","selector":{"id":"application-manageconditionprice-display-component---conditions--smartFilterBar-btnBasicSearch","interaction":{"idSuffix":"I"}},"clearTextFirst":true,"interactionType":"ENTER_TEXT"}]}
COMMAND: POST /session/e486a1c8754caeb8d733034d4643631f/actions - {"actions":[{"id":"action33","type":"key","parameters":{},"actions":[{"type":"keyDown","value":"î€‡"},{"type":"pause","duration":10},{"type":"keyUp","value":"î€‡"}]}]}
RESULT: {"actions":[{"id":"action33","type":"key","parameters":{},"actions":[{"type":"keyDown","value":"î€‡"},{"type":"pause","duration":10},{"type":"keyUp","value":"î€‡"}]}]}
COMMAND: GET /session/e486a1c8754caeb8d733034d4643631f/screenshot - {}
RESULT: {}
COMMAND: POST /session/e486a1c8754caeb8d733034d4643631f/execute/async - {"script":"<script> [1562 bytes]","args":[{"selector":{"id":"application-manageconditionprice-display-component---conditions--smartFilterBar-filterItemControl_BASIC-BILL_TYPES-vhi"},"wdio_ui5_key":"applicationmanageconditionprice-display-component---conditions--smartFilterBar-filterItemControl_BASIC-BILL_TYPES-vhi"}]}
RESULT: {"script":"<script> [1562 bytes]","args":[{"selector":{"id":"application-manageconditionprice-display-component---conditions--smartFilterBar-filterItemControl_BASIC-BILL_TYPES-vhi"},"wdio_ui5_key":"applicationmanageconditionprice-display-component---conditions--smartFilterBar-filterItemControl_BASIC-BILL_TYPES-vhi"}]}
RESULT: undefined
COMMAND: POST /session/e486a1c8754caeb8d733034d4643631f/element - {"using":"xpath","value":"//*[@id=\"application-manageconditionprice-display-component---conditions--smartFilterBar-filterItemControl_BASIC-BILL_TYPES-vhi\"]"}
RESULT: {"using":"xpath","value":"//*[@id=\"application-manageconditionprice-display-component---conditions--smartFilterBar-filterItemControl_BASIC-BILL_TYPES-vhi\"]"}
COMMAND: POST /session/e486a1c8754caeb8d733034d4643631f/element/f.1A55FC214BCDC1A6E941175A5A5DD598.d.F597874F21C41C3111B69BC101B8A26E.e.8453/click - {}
RESULT: {}
COMMAND: POST /session/e486a1c8754caeb8d733034d4643631f/execute/async - {"script":"<script> [1562 bytes]","args":[{"selector":{"id":"application-manageconditionprice-display-component---conditions--smartFilterBar-filterItemControl_BASIC-BILL_TYPES-valueHelpDialog-smartFilterBar-btnBasicSearch","searchOpenDialogs":true,"interaction":{"idSuffix":"I"}},"wdio_ui5_key":"applicationmanageconditionprice-display-component---conditions--smartFilterBar-filterItemControl_BASIC-BILL_TYPES-valueHelpDialog-smartFilterBar-btnBasicSearch"}]}
COMMAND: GET /session/e486a1c8754caeb8d733034d4643631f/screenshot - {}
RESULT: {"script":"<script> [1562 bytes]","args":[{"selector":{"id":"application-manageconditionprice-display-component---conditions--smartFilterBar-filterItemControl_BASIC-BILL_TYPES-valueHelpDialog-smartFilterBar-btnBasicSearch","searchOpenDialogs":true,"interaction":{"idSuffix":"I"}},"wdio_ui5_key":"applicationmanageconditionprice-display-component---conditions--smartFilterBar-filterItemControl_BASIC-BILL_TYPES-valueHelpDialog-smartFilterBar-btnBasicSearch"}]}
RESULT: undefined
COMMAND: POST /session/e486a1c8754caeb8d733034d4643631f/execute/async - {"script":"<script> [776 bytes]","args":[{"enterText":"one","selector":{"id":"application-manageconditionprice-display-component---conditions--smartFilterBar-filterItemControl_BASIC-BILL_TYPES-valueHelpDialog-smartFilterBar-btnBasicSearch","searchOpenDialogs":true,"interaction":{"idSuffix":"I"}},"clearTextFirst":true,"interactionType":"ENTER_TEXT"}]}
RESULT: {}
RESULT: {"script":"<script> [776 bytes]","args":[{"enterText":"one","selector":{"id":"application-manageconditionprice-display-component---conditions--smartFilterBar-filterItemControl_BASIC-BILL_TYPES-valueHelpDialog-smartFilterBar-btnBasicSearch","searchOpenDialogs":true,"interaction":{"idSuffix":"I"}},"clearTextFirst":true,"interactionType":"ENTER_TEXT"}]}
COMMAND: POST /session/e486a1c8754caeb8d733034d4643631f/actions - {"actions":[{"id":"action34","type":"key","parameters":{},"actions":[{"type":"keyDown","value":"î€‡"},{"type":"pause","duration":10},{"type":"keyUp","value":"î€‡"}]}]}
RESULT: {"actions":[{"id":"action34","type":"key","parameters":{},"actions":[{"type":"keyDown","value":"î€‡"},{"type":"pause","duration":10},{"type":"keyUp","value":"î€‡"}]}]}
COMMAND: GET /session/e486a1c8754caeb8d733034d4643631f/screenshot - {}
RESULT: {}
COMMAND: POST /session/e486a1c8754caeb8d733034d4643631f/element - {"using":"xpath","value":"//div[contains(@id, 'application-manageconditionprice-display-component---conditions--smartFilterBar-filterItemControl_BASIC-BILL_TYPES-valueHelpDialog-table-rowsel0')]"}
RESULT: {"using":"xpath","value":"//div[contains(@id, 'application-manageconditionprice-display-component---conditions--smartFilterBar-filterItemControl_BASIC-BILL_TYPES-valueHelpDialog-table-rowsel0')]"}
COMMAND: POST /session/e486a1c8754caeb8d733034d4643631f/element/f.1A55FC214BCDC1A6E941175A5A5DD598.d.F597874F21C41C3111B69BC101B8A26E.e.8463/click - {}
RESULT: {}
COMMAND: GET /session/e486a1c8754caeb8d733034d4643631f/screenshot - {}
RESULT: {}
COMMAND: POST /session/e486a1c8754caeb8d733034d4643631f/element - {"using":"xpath","value":"//bdi[contains(text(), \"OK\")]"}
RESULT: {"using":"xpath","value":"//bdi[contains(text(), \"OK\")]"}
COMMAND: POST /session/e486a1c8754caeb8d733034d4643631f/element/f.1A55FC214BCDC1A6E941175A5A5DD598.d.F597874F21C41C3111B69BC101B8A26E.e.8465/click - {}
RESULT: {}
COMMAND: GET /session/e486a1c8754caeb8d733034d4643631f/screenshot - {}
RESULT: {}
COMMAND: POST /session/e486a1c8754caeb8d733034d4643631f/element - {"using":"xpath","value":"//span[@id=\"application-manageconditionprice-display-component---conditions--smartTable-header-inner\"]"}
RESULT: {"using":"xpath","value":"//span[@id=\"application-manageconditionprice-display-component---conditions--smartTable-header-inner\"]"}
COMMAND: POST /session/e486a1c8754caeb8d733034d4643631f/elements - {"using":"xpath","value":"//span[@id=\"application-manageconditionprice-display-component---conditions--smartTable-header-inner\"]"}
RESULT: {"using":"xpath","value":"//span[@id=\"application-manageconditionprice-display-component---conditions--smartTable-header-inner\"]"}
COMMAND: POST /session/e486a1c8754caeb8d733034d4643631f/execute/sync - {"script":"<script> [56 bytes]","args":[{"element-6066-11e4-a52e-4f735466cecf":"f.1A55FC214BCDC1A6E941175A5A5DD598.d.F597874F21C41C3111B69BC101B8A26E.e.8468","ELEMENT":"f.1A55FC214BCDC1A6E941175A5A5DD598.d.F597874F21C41C3111B69BC101B8A26E.e.8468"}]}
RESULT: {"script":"<script> [56 bytes]","args":[{"element-6066-11e4-a52e-4f735466cecf":"f.1A55FC214BCDC1A6E941175A5A5DD598.d.F597874F21C41C3111B69BC101B8A26E.e.8468","ELEMENT":"f.1A55FC214BCDC1A6E941175A5A5DD598.d.F597874F21C41C3111B69BC101B8A26E.e.8468"}]}
COMMAND: POST /session/e486a1c8754caeb8d733034d4643631f/element - {"using":"css selector","value":"#shell-header-logo"}
COMMAND: GET /session/e486a1c8754caeb8d733034d4643631f/screenshot - {}
RESULT: {"using":"css selector","value":"#shell-header-logo"}
COMMAND: POST /session/e486a1c8754caeb8d733034d4643631f/element/f.1A55FC214BCDC1A6E941175A5A5DD598.d.F597874F21C41C3111B69BC101B8A26E.e.8188/click - {}
RESULT: {}
RESULT: {}
COMMAND: GET /session/e486a1c8754caeb8d733034d4643631f/screenshot - {}
RESULT: {}
]]></system-out>
    </testcase>
    <testcase classname="chrome.137_0_7151_69.windows.Create_master_data_for_mixed_billing_&amp;_do_billing_calculation_US151661" name="Should add performance based condition" time="64.64">
      <system-out><![CDATA[
RESULT: undefined
COMMAND: POST /session/e486a1c8754caeb8d733034d4643631f/element - {"using":"xpath","value":"//*[@id=\"__tile93\"]"}
RESULT: {"using":"xpath","value":"//*[@id=\"__tile93\"]"}
COMMAND: POST /session/e486a1c8754caeb8d733034d4643631f/element/f.1A55FC214BCDC1A6E941175A5A5DD598.d.F597874F21C41C3111B69BC101B8A26E.e.7069/click - {}
RESULT: {}
COMMAND: GET /session/e486a1c8754caeb8d733034d4643631f/screenshot - {}
RESULT: {}
COMMAND: POST /session/e486a1c8754caeb8d733034d4643631f/elements - {"using":"xpath","value":"//span[text()='Error']"}
RESULT: {"using":"xpath","value":"//span[text()='Error']"}
COMMAND: POST /session/e486a1c8754caeb8d733034d4643631f/element - {"using":"xpath","value":"//button[@aria-label=\"Create\"]"}
RESULT: {"using":"xpath","value":"//button[@aria-label=\"Create\"]"}
COMMAND: POST /session/e486a1c8754caeb8d733034d4643631f/elements - {"using":"xpath","value":"//button[@aria-label=\"Create\"]"}
RESULT: {"using":"xpath","value":"//button[@aria-label=\"Create\"]"}
COMMAND: POST /session/e486a1c8754caeb8d733034d4643631f/execute/sync - {"script":"<script> [8489 bytes]","args":[{"element-6066-11e4-a52e-4f735466cecf":"f.1A55FC214BCDC1A6E941175A5A5DD598.d.F597874F21C41C3111B69BC101B8A26E.e.8518","ELEMENT":"f.1A55FC214BCDC1A6E941175A5A5DD598.d.F597874F21C41C3111B69BC101B8A26E.e.8518"}]}
RESULT: {"script":"<script> [8489 bytes]","args":[{"element-6066-11e4-a52e-4f735466cecf":"f.1A55FC214BCDC1A6E941175A5A5DD598.d.F597874F21C41C3111B69BC101B8A26E.e.8518","ELEMENT":"f.1A55FC214BCDC1A6E941175A5A5DD598.d.F597874F21C41C3111B69BC101B8A26E.e.8518"}]}
COMMAND: GET /session/e486a1c8754caeb8d733034d4643631f/element/f.1A55FC214BCDC1A6E941175A5A5DD598.d.F597874F21C41C3111B69BC101B8A26E.e.8518/enabled - {}
COMMAND: GET /session/e486a1c8754caeb8d733034d4643631f/screenshot - {}
RESULT: {}
COMMAND: POST /session/e486a1c8754caeb8d733034d4643631f/execute/sync - {"script":"<script> [8489 bytes]","args":[{"element-6066-11e4-a52e-4f735466cecf":"f.1A55FC214BCDC1A6E941175A5A5DD598.d.F597874F21C41C3111B69BC101B8A26E.e.8518","ELEMENT":"f.1A55FC214BCDC1A6E941175A5A5DD598.d.F597874F21C41C3111B69BC101B8A26E.e.8518"}]}
COMMAND: GET /session/e486a1c8754caeb8d733034d4643631f/screenshot - {}
RESULT: {}
RESULT: {"script":"<script> [8489 bytes]","args":[{"element-6066-11e4-a52e-4f735466cecf":"f.1A55FC214BCDC1A6E941175A5A5DD598.d.F597874F21C41C3111B69BC101B8A26E.e.8518","ELEMENT":"f.1A55FC214BCDC1A6E941175A5A5DD598.d.F597874F21C41C3111B69BC101B8A26E.e.8518"}]}
COMMAND: POST /session/e486a1c8754caeb8d733034d4643631f/execute/sync - {"script":"<script> [5351 bytes]","args":[{"element-6066-11e4-a52e-4f735466cecf":"f.1A55FC214BCDC1A6E941175A5A5DD598.d.F597874F21C41C3111B69BC101B8A26E.e.8518","ELEMENT":"f.1A55FC214BCDC1A6E941175A5A5DD598.d.F597874F21C41C3111B69BC101B8A26E.e.8518"}]}
COMMAND: GET /session/e486a1c8754caeb8d733034d4643631f/screenshot - {}
RESULT: {}
RESULT: {"script":"<script> [5351 bytes]","args":[{"element-6066-11e4-a52e-4f735466cecf":"f.1A55FC214BCDC1A6E941175A5A5DD598.d.F597874F21C41C3111B69BC101B8A26E.e.8518","ELEMENT":"f.1A55FC214BCDC1A6E941175A5A5DD598.d.F597874F21C41C3111B69BC101B8A26E.e.8518"}]}
COMMAND: POST /session/e486a1c8754caeb8d733034d4643631f/element/f.1A55FC214BCDC1A6E941175A5A5DD598.d.F597874F21C41C3111B69BC101B8A26E.e.8518/click - {}
COMMAND: GET /session/e486a1c8754caeb8d733034d4643631f/screenshot - {}
RESULT: {}
RESULT: {}
COMMAND: GET /session/e486a1c8754caeb8d733034d4643631f/screenshot - {}
RESULT: {}
RESULT: {}
COMMAND: POST /session/e486a1c8754caeb8d733034d4643631f/actions - {"actions":[{"id":"action35","type":"key","parameters":{},"actions":[{"type":"keyDown","value":"î€‡"},{"type":"pause","duration":10},{"type":"keyUp","value":"î€‡"}]}]}
RESULT: {"actions":[{"id":"action35","type":"key","parameters":{},"actions":[{"type":"keyDown","value":"î€‡"},{"type":"pause","duration":10},{"type":"keyUp","value":"î€‡"}]}]}
COMMAND: GET /session/e486a1c8754caeb8d733034d4643631f/screenshot - {}
RESULT: undefined
COMMAND: POST /session/e486a1c8754caeb8d733034d4643631f/element - {"using":"xpath","value":"//*[@id=\"application-manageconditionprice-display-component---newCondition--condBillCond-arrow\"]"}
RESULT: {}
RESULT: {"using":"xpath","value":"//*[@id=\"application-manageconditionprice-display-component---newCondition--condBillCond-arrow\"]"}
COMMAND: POST /session/e486a1c8754caeb8d733034d4643631f/element/f.1A55FC214BCDC1A6E941175A5A5DD598.d.F597874F21C41C3111B69BC101B8A26E.e.9003/click - {}
RESULT: {}
COMMAND: GET /session/e486a1c8754caeb8d733034d4643631f/screenshot - {}
RESULT: {}
COMMAND: POST /session/e486a1c8754caeb8d733034d4643631f/element - {"using":"xpath","value":"//li[.//span[contains(text(), \"PC06 - Performance Price - fuel\")]]"}
RESULT: {"using":"xpath","value":"//li[.//span[contains(text(), \"PC06 - Performance Price - fuel\")]]"}
COMMAND: POST /session/e486a1c8754caeb8d733034d4643631f/element/f.1A55FC214BCDC1A6E941175A5A5DD598.d.F597874F21C41C3111B69BC101B8A26E.e.9008/click - {}
RESULT: {}
COMMAND: GET /session/e486a1c8754caeb8d733034d4643631f/screenshot - {}
RESULT: {}
RESULT: undefined
COMMAND: POST /session/e486a1c8754caeb8d733034d4643631f/execute/async - {"script":"<script> [776 bytes]","args":[{"enterText":"2/5/26","selector":{"id":"application-manageconditionprice-display-component---newCondition--condValidTo","interaction":{"idSuffix":"inner"}},"clearTextFirst":true,"interactionType":"ENTER_TEXT"}]}
RESULT: {"script":"<script> [776 bytes]","args":[{"enterText":"2/5/26","selector":{"id":"application-manageconditionprice-display-component---newCondition--condValidTo","interaction":{"idSuffix":"inner"}},"clearTextFirst":true,"interactionType":"ENTER_TEXT"}]}
COMMAND: POST /session/e486a1c8754caeb8d733034d4643631f/element - {"using":"xpath","value":"//input[@id=\"application-manageconditionprice-display-component---newCondition--condRU-inner\"]"}
RESULT: {"using":"xpath","value":"//input[@id=\"application-manageconditionprice-display-component---newCondition--condRU-inner\"]"}
COMMAND: POST /session/e486a1c8754caeb8d733034d4643631f/element/f.1A55FC214BCDC1A6E941175A5A5DD598.d.F597874F21C41C3111B69BC101B8A26E.e.8723/clear - {}
RESULT: {}
COMMAND: POST /session/e486a1c8754caeb8d733034d4643631f/element/f.1A55FC214BCDC1A6E941175A5A5DD598.d.F597874F21C41C3111B69BC101B8A26E.e.8723/value - {"text":"rwLZqHCA8E"}
COMMAND: GET /session/e486a1c8754caeb8d733034d4643631f/screenshot - {}
RESULT: {"text":"rwLZqHCA8E"}
COMMAND: GET /session/e486a1c8754caeb8d733034d4643631f/screenshot - {}
RESULT: {}
RESULT: {}
COMMAND: POST /session/e486a1c8754caeb8d733034d4643631f/actions - {"actions":[{"id":"action36","type":"key","parameters":{},"actions":[{"type":"keyDown","value":"î€‡"},{"type":"pause","duration":10},{"type":"keyUp","value":"î€‡"}]}]}
RESULT: {"actions":[{"id":"action36","type":"key","parameters":{},"actions":[{"type":"keyDown","value":"î€‡"},{"type":"pause","duration":10},{"type":"keyUp","value":"î€‡"}]}]}
RESULT: undefined
COMMAND: POST /session/e486a1c8754caeb8d733034d4643631f/execute/async - {"script":"<script> [776 bytes]","args":[{"enterText":"1","selector":{"id":"application-manageconditionprice-display-component---newCondition--condBaseQty","interaction":{"idSuffix":"inner"}},"clearTextFirst":true,"interactionType":"ENTER_TEXT"}]}
COMMAND: GET /session/e486a1c8754caeb8d733034d4643631f/screenshot - {}
RESULT: {"script":"<script> [776 bytes]","args":[{"enterText":"1","selector":{"id":"application-manageconditionprice-display-component---newCondition--condBaseQty","interaction":{"idSuffix":"inner"}},"clearTextFirst":true,"interactionType":"ENTER_TEXT"}]}
RESULT: undefined
COMMAND: POST /session/e486a1c8754caeb8d733034d4643631f/execute/async - {"script":"<script> [776 bytes]","args":[{"enterText":"10","selector":{"id":"application-manageconditionprice-display-component---newCondition--condValue","interaction":{"idSuffix":"inner"}},"clearTextFirst":true,"interactionType":"ENTER_TEXT"}]}
RESULT: {}
RESULT: {"script":"<script> [776 bytes]","args":[{"enterText":"10","selector":{"id":"application-manageconditionprice-display-component---newCondition--condValue","interaction":{"idSuffix":"inner"}},"clearTextFirst":true,"interactionType":"ENTER_TEXT"}]}
RESULT: undefined
COMMAND: POST /session/e486a1c8754caeb8d733034d4643631f/element - {"using":"xpath","value":"//*[@id=\"application-manageconditionprice-display-component---newCondition--condCurr-arrow\"]"}
RESULT: {"using":"xpath","value":"//*[@id=\"application-manageconditionprice-display-component---newCondition--condCurr-arrow\"]"}
COMMAND: POST /session/e486a1c8754caeb8d733034d4643631f/element/f.1A55FC214BCDC1A6E941175A5A5DD598.d.F597874F21C41C3111B69BC101B8A26E.e.8939/click - {}
RESULT: {}
COMMAND: POST /session/e486a1c8754caeb8d733034d4643631f/element - {"using":"xpath","value":"//span[contains(text(), \"Euro\")]"}
COMMAND: GET /session/e486a1c8754caeb8d733034d4643631f/screenshot - {}
RESULT: {"using":"xpath","value":"//span[contains(text(), \"Euro\")]"}
COMMAND: POST /session/e486a1c8754caeb8d733034d4643631f/element/f.1A55FC214BCDC1A6E941175A5A5DD598.d.F597874F21C41C3111B69BC101B8A26E.e.9041/click - {}
RESULT: {}
RESULT: {}
COMMAND: POST /session/e486a1c8754caeb8d733034d4643631f/element - {"using":"xpath","value":"//button[@data-kt=\"saveButton\"]"}
COMMAND: GET /session/e486a1c8754caeb8d733034d4643631f/screenshot - {}
RESULT: {"using":"xpath","value":"//button[@data-kt=\"saveButton\"]"}
COMMAND: POST /session/e486a1c8754caeb8d733034d4643631f/element/f.1A55FC214BCDC1A6E941175A5A5DD598.d.F597874F21C41C3111B69BC101B8A26E.e.8940/click - {}
RESULT: {}
RESULT: {}
COMMAND: GET /session/e486a1c8754caeb8d733034d4643631f/screenshot - {}
RESULT: {}
RESULT: undefined
COMMAND: POST /session/e486a1c8754caeb8d733034d4643631f/execute/async - {"script":"<script> [776 bytes]","args":[{"enterText":"rwLZqHCA8E","selector":{"id":"application-manageconditionprice-display-component---conditions--smartFilterBar-btnBasicSearch","interaction":{"idSuffix":"I"}},"clearTextFirst":true,"interactionType":"ENTER_TEXT"}]}
RESULT: {"script":"<script> [776 bytes]","args":[{"enterText":"rwLZqHCA8E","selector":{"id":"application-manageconditionprice-display-component---conditions--smartFilterBar-btnBasicSearch","interaction":{"idSuffix":"I"}},"clearTextFirst":true,"interactionType":"ENTER_TEXT"}]}
COMMAND: POST /session/e486a1c8754caeb8d733034d4643631f/actions - {"actions":[{"id":"action37","type":"key","parameters":{},"actions":[{"type":"keyDown","value":"î€‡"},{"type":"pause","duration":10},{"type":"keyUp","value":"î€‡"}]}]}
RESULT: {"actions":[{"id":"action37","type":"key","parameters":{},"actions":[{"type":"keyDown","value":"î€‡"},{"type":"pause","duration":10},{"type":"keyUp","value":"î€‡"}]}]}
COMMAND: GET /session/e486a1c8754caeb8d733034d4643631f/screenshot - {}
RESULT: {}
RESULT: undefined
COMMAND: POST /session/e486a1c8754caeb8d733034d4643631f/element - {"using":"xpath","value":"//*[@id=\"application-manageconditionprice-display-component---conditions--smartFilterBar-filterItemControl_BASIC-BILL_TYPES-vhi\"]"}
RESULT: {"using":"xpath","value":"//*[@id=\"application-manageconditionprice-display-component---conditions--smartFilterBar-filterItemControl_BASIC-BILL_TYPES-vhi\"]"}
COMMAND: POST /session/e486a1c8754caeb8d733034d4643631f/element/f.1A55FC214BCDC1A6E941175A5A5DD598.d.F597874F21C41C3111B69BC101B8A26E.e.9062/click - {}
RESULT: {}
RESULT: undefined
COMMAND: POST /session/e486a1c8754caeb8d733034d4643631f/execute/async - {"script":"<script> [776 bytes]","args":[{"enterText":"PB","selector":{"id":"application-manageconditionprice-display-component---conditions--smartFilterBar-filterItemControl_BASIC-BILL_TYPES-valueHelpDialog-smartFilterBar-btnBasicSearch","searchOpenDialogs":true,"interaction":{"idSuffix":"I"}},"clearTextFirst":true,"interactionType":"ENTER_TEXT"}]}
COMMAND: GET /session/e486a1c8754caeb8d733034d4643631f/screenshot - {}
RESULT: {"script":"<script> [776 bytes]","args":[{"enterText":"PB","selector":{"id":"application-manageconditionprice-display-component---conditions--smartFilterBar-filterItemControl_BASIC-BILL_TYPES-valueHelpDialog-smartFilterBar-btnBasicSearch","searchOpenDialogs":true,"interaction":{"idSuffix":"I"}},"clearTextFirst":true,"interactionType":"ENTER_TEXT"}]}
COMMAND: POST /session/e486a1c8754caeb8d733034d4643631f/actions - {"actions":[{"id":"action38","type":"key","parameters":{},"actions":[{"type":"keyDown","value":"î€‡"},{"type":"pause","duration":10},{"type":"keyUp","value":"î€‡"}]}]}
RESULT: {}
RESULT: {"actions":[{"id":"action38","type":"key","parameters":{},"actions":[{"type":"keyDown","value":"î€‡"},{"type":"pause","duration":10},{"type":"keyUp","value":"î€‡"}]}]}
COMMAND: GET /session/e486a1c8754caeb8d733034d4643631f/screenshot - {}
RESULT: {}
COMMAND: POST /session/e486a1c8754caeb8d733034d4643631f/element - {"using":"xpath","value":"//div[contains(@id, 'application-manageconditionprice-display-component---conditions--smartFilterBar-filterItemControl_BASIC-BILL_TYPES-valueHelpDialog-table-rowsel0')]"}
RESULT: {"using":"xpath","value":"//div[contains(@id, 'application-manageconditionprice-display-component---conditions--smartFilterBar-filterItemControl_BASIC-BILL_TYPES-valueHelpDialog-table-rowsel0')]"}
COMMAND: POST /session/e486a1c8754caeb8d733034d4643631f/element/f.1A55FC214BCDC1A6E941175A5A5DD598.d.F597874F21C41C3111B69BC101B8A26E.e.9069/click - {}
RESULT: {}
COMMAND: GET /session/e486a1c8754caeb8d733034d4643631f/screenshot - {}
RESULT: {}
COMMAND: POST /session/e486a1c8754caeb8d733034d4643631f/element - {"using":"xpath","value":"//bdi[contains(text(), \"OK\")]"}
RESULT: {"using":"xpath","value":"//bdi[contains(text(), \"OK\")]"}
COMMAND: POST /session/e486a1c8754caeb8d733034d4643631f/element/f.1A55FC214BCDC1A6E941175A5A5DD598.d.F597874F21C41C3111B69BC101B8A26E.e.9071/click - {}
RESULT: {}
COMMAND: GET /session/e486a1c8754caeb8d733034d4643631f/screenshot - {}
RESULT: {}
COMMAND: POST /session/e486a1c8754caeb8d733034d4643631f/element - {"using":"xpath","value":"//span[@id=\"application-manageconditionprice-display-component---conditions--smartTable-header-inner\"]"}
RESULT: {"using":"xpath","value":"//span[@id=\"application-manageconditionprice-display-component---conditions--smartTable-header-inner\"]"}
COMMAND: POST /session/e486a1c8754caeb8d733034d4643631f/elements - {"using":"xpath","value":"//span[@id=\"application-manageconditionprice-display-component---conditions--smartTable-header-inner\"]"}
RESULT: {"using":"xpath","value":"//span[@id=\"application-manageconditionprice-display-component---conditions--smartTable-header-inner\"]"}
COMMAND: POST /session/e486a1c8754caeb8d733034d4643631f/execute/sync - {"script":"<script> [56 bytes]","args":[{"element-6066-11e4-a52e-4f735466cecf":"f.1A55FC214BCDC1A6E941175A5A5DD598.d.F597874F21C41C3111B69BC101B8A26E.e.9075","ELEMENT":"f.1A55FC214BCDC1A6E941175A5A5DD598.d.F597874F21C41C3111B69BC101B8A26E.e.9075"}]}
RESULT: {"script":"<script> [56 bytes]","args":[{"element-6066-11e4-a52e-4f735466cecf":"f.1A55FC214BCDC1A6E941175A5A5DD598.d.F597874F21C41C3111B69BC101B8A26E.e.9075","ELEMENT":"f.1A55FC214BCDC1A6E941175A5A5DD598.d.F597874F21C41C3111B69BC101B8A26E.e.9075"}]}
COMMAND: POST /session/e486a1c8754caeb8d733034d4643631f/element - {"using":"css selector","value":"#shell-header-logo"}
COMMAND: GET /session/e486a1c8754caeb8d733034d4643631f/screenshot - {}
RESULT: {"using":"css selector","value":"#shell-header-logo"}
COMMAND: POST /session/e486a1c8754caeb8d733034d4643631f/element/f.1A55FC214BCDC1A6E941175A5A5DD598.d.F597874F21C41C3111B69BC101B8A26E.e.8476/click - {}
RESULT: {}
RESULT: {}
COMMAND: GET /session/e486a1c8754caeb8d733034d4643631f/screenshot - {}
RESULT: {}
]]></system-out>
    </testcase>
    <testcase classname="chrome.137_0_7151_69.windows.Create_master_data_for_mixed_billing_&amp;_do_billing_calculation_US151661" name="Should add time based condition" time="62.91">
      <system-out><![CDATA[
RESULT: undefined
COMMAND: POST /session/e486a1c8754caeb8d733034d4643631f/element - {"using":"xpath","value":"//*[@id=\"__tile93\"]"}
RESULT: {"using":"xpath","value":"//*[@id=\"__tile93\"]"}
COMMAND: POST /session/e486a1c8754caeb8d733034d4643631f/element/f.1A55FC214BCDC1A6E941175A5A5DD598.d.F597874F21C41C3111B69BC101B8A26E.e.7069/click - {}
RESULT: {}
COMMAND: GET /session/e486a1c8754caeb8d733034d4643631f/screenshot - {}
RESULT: {}
COMMAND: POST /session/e486a1c8754caeb8d733034d4643631f/elements - {"using":"xpath","value":"//span[text()='Error']"}
RESULT: {"using":"xpath","value":"//span[text()='Error']"}
COMMAND: POST /session/e486a1c8754caeb8d733034d4643631f/element - {"using":"xpath","value":"//button[@aria-label=\"Create\"]"}
RESULT: {"using":"xpath","value":"//button[@aria-label=\"Create\"]"}
COMMAND: POST /session/e486a1c8754caeb8d733034d4643631f/elements - {"using":"xpath","value":"//button[@aria-label=\"Create\"]"}
RESULT: {"using":"xpath","value":"//button[@aria-label=\"Create\"]"}
COMMAND: POST /session/e486a1c8754caeb8d733034d4643631f/execute/sync - {"script":"<script> [8489 bytes]","args":[{"element-6066-11e4-a52e-4f735466cecf":"f.1A55FC214BCDC1A6E941175A5A5DD598.d.F597874F21C41C3111B69BC101B8A26E.e.9141","ELEMENT":"f.1A55FC214BCDC1A6E941175A5A5DD598.d.F597874F21C41C3111B69BC101B8A26E.e.9141"}]}
RESULT: {"script":"<script> [8489 bytes]","args":[{"element-6066-11e4-a52e-4f735466cecf":"f.1A55FC214BCDC1A6E941175A5A5DD598.d.F597874F21C41C3111B69BC101B8A26E.e.9141","ELEMENT":"f.1A55FC214BCDC1A6E941175A5A5DD598.d.F597874F21C41C3111B69BC101B8A26E.e.9141"}]}
COMMAND: GET /session/e486a1c8754caeb8d733034d4643631f/element/f.1A55FC214BCDC1A6E941175A5A5DD598.d.F597874F21C41C3111B69BC101B8A26E.e.9141/enabled - {}
COMMAND: GET /session/e486a1c8754caeb8d733034d4643631f/screenshot - {}
RESULT: {}
COMMAND: POST /session/e486a1c8754caeb8d733034d4643631f/execute/sync - {"script":"<script> [8489 bytes]","args":[{"element-6066-11e4-a52e-4f735466cecf":"f.1A55FC214BCDC1A6E941175A5A5DD598.d.F597874F21C41C3111B69BC101B8A26E.e.9141","ELEMENT":"f.1A55FC214BCDC1A6E941175A5A5DD598.d.F597874F21C41C3111B69BC101B8A26E.e.9141"}]}
COMMAND: GET /session/e486a1c8754caeb8d733034d4643631f/screenshot - {}
RESULT: {}
RESULT: {"script":"<script> [8489 bytes]","args":[{"element-6066-11e4-a52e-4f735466cecf":"f.1A55FC214BCDC1A6E941175A5A5DD598.d.F597874F21C41C3111B69BC101B8A26E.e.9141","ELEMENT":"f.1A55FC214BCDC1A6E941175A5A5DD598.d.F597874F21C41C3111B69BC101B8A26E.e.9141"}]}
COMMAND: POST /session/e486a1c8754caeb8d733034d4643631f/execute/sync - {"script":"<script> [5351 bytes]","args":[{"element-6066-11e4-a52e-4f735466cecf":"f.1A55FC214BCDC1A6E941175A5A5DD598.d.F597874F21C41C3111B69BC101B8A26E.e.9141","ELEMENT":"f.1A55FC214BCDC1A6E941175A5A5DD598.d.F597874F21C41C3111B69BC101B8A26E.e.9141"}]}
COMMAND: GET /session/e486a1c8754caeb8d733034d4643631f/screenshot - {}
RESULT: {}
RESULT: {"script":"<script> [5351 bytes]","args":[{"element-6066-11e4-a52e-4f735466cecf":"f.1A55FC214BCDC1A6E941175A5A5DD598.d.F597874F21C41C3111B69BC101B8A26E.e.9141","ELEMENT":"f.1A55FC214BCDC1A6E941175A5A5DD598.d.F597874F21C41C3111B69BC101B8A26E.e.9141"}]}
COMMAND: POST /session/e486a1c8754caeb8d733034d4643631f/element/f.1A55FC214BCDC1A6E941175A5A5DD598.d.F597874F21C41C3111B69BC101B8A26E.e.9141/click - {}
COMMAND: GET /session/e486a1c8754caeb8d733034d4643631f/screenshot - {}
RESULT: {}
RESULT: {}
COMMAND: GET /session/e486a1c8754caeb8d733034d4643631f/screenshot - {}
RESULT: {}
RESULT: {}
COMMAND: POST /session/e486a1c8754caeb8d733034d4643631f/actions - {"actions":[{"id":"action39","type":"key","parameters":{},"actions":[{"type":"keyDown","value":"î€‡"},{"type":"pause","duration":10},{"type":"keyUp","value":"î€‡"}]}]}
RESULT: {"actions":[{"id":"action39","type":"key","parameters":{},"actions":[{"type":"keyDown","value":"î€‡"},{"type":"pause","duration":10},{"type":"keyUp","value":"î€‡"}]}]}
COMMAND: GET /session/e486a1c8754caeb8d733034d4643631f/screenshot - {}
RESULT: undefined
COMMAND: POST /session/e486a1c8754caeb8d733034d4643631f/element - {"using":"xpath","value":"//*[@id=\"application-manageconditionprice-display-component---newCondition--condBillCond-arrow\"]"}
RESULT: {}
RESULT: {"using":"xpath","value":"//*[@id=\"application-manageconditionprice-display-component---newCondition--condBillCond-arrow\"]"}
COMMAND: POST /session/e486a1c8754caeb8d733034d4643631f/element/f.1A55FC214BCDC1A6E941175A5A5DD598.d.F597874F21C41C3111B69BC101B8A26E.e.9937/click - {}
RESULT: {}
COMMAND: GET /session/e486a1c8754caeb8d733034d4643631f/screenshot - {}
RESULT: {}
COMMAND: POST /session/e486a1c8754caeb8d733034d4643631f/element - {"using":"xpath","value":"//li[.//span[contains(text(), \"DISP - D&I special price\")]]"}
RESULT: {"using":"xpath","value":"//li[.//span[contains(text(), \"DISP - D&I special price\")]]"}
COMMAND: POST /session/e486a1c8754caeb8d733034d4643631f/element/f.1A55FC214BCDC1A6E941175A5A5DD598.d.F597874F21C41C3111B69BC101B8A26E.e.9942/click - {}
RESULT: {}
COMMAND: GET /session/e486a1c8754caeb8d733034d4643631f/screenshot - {}
RESULT: {}
RESULT: undefined
COMMAND: POST /session/e486a1c8754caeb8d733034d4643631f/execute/async - {"script":"<script> [776 bytes]","args":[{"enterText":"2/5/26","selector":{"id":"application-manageconditionprice-display-component---newCondition--condValidTo","interaction":{"idSuffix":"inner"}},"clearTextFirst":true,"interactionType":"ENTER_TEXT"}]}
RESULT: {"script":"<script> [776 bytes]","args":[{"enterText":"2/5/26","selector":{"id":"application-manageconditionprice-display-component---newCondition--condValidTo","interaction":{"idSuffix":"inner"}},"clearTextFirst":true,"interactionType":"ENTER_TEXT"}]}
COMMAND: POST /session/e486a1c8754caeb8d733034d4643631f/element - {"using":"xpath","value":"//input[@id=\"application-manageconditionprice-display-component---newCondition--condRU-inner\"]"}
RESULT: {"using":"xpath","value":"//input[@id=\"application-manageconditionprice-display-component---newCondition--condRU-inner\"]"}
COMMAND: POST /session/e486a1c8754caeb8d733034d4643631f/element/f.1A55FC214BCDC1A6E941175A5A5DD598.d.F597874F21C41C3111B69BC101B8A26E.e.9658/clear - {}
RESULT: {}
COMMAND: POST /session/e486a1c8754caeb8d733034d4643631f/element/f.1A55FC214BCDC1A6E941175A5A5DD598.d.F597874F21C41C3111B69BC101B8A26E.e.9658/value - {"text":"rwLZqHCA8E"}
COMMAND: GET /session/e486a1c8754caeb8d733034d4643631f/screenshot - {}
RESULT: {"text":"rwLZqHCA8E"}
COMMAND: GET /session/e486a1c8754caeb8d733034d4643631f/screenshot - {}
RESULT: {}
RESULT: {}
COMMAND: POST /session/e486a1c8754caeb8d733034d4643631f/actions - {"actions":[{"id":"action40","type":"key","parameters":{},"actions":[{"type":"keyDown","value":"î€‡"},{"type":"pause","duration":10},{"type":"keyUp","value":"î€‡"}]}]}
RESULT: {"actions":[{"id":"action40","type":"key","parameters":{},"actions":[{"type":"keyDown","value":"î€‡"},{"type":"pause","duration":10},{"type":"keyUp","value":"î€‡"}]}]}
RESULT: undefined
COMMAND: POST /session/e486a1c8754caeb8d733034d4643631f/execute/async - {"script":"<script> [776 bytes]","args":[{"enterText":"1","selector":{"id":"application-manageconditionprice-display-component---newCondition--condBaseQty","interaction":{"idSuffix":"inner"}},"clearTextFirst":true,"interactionType":"ENTER_TEXT"}]}
COMMAND: GET /session/e486a1c8754caeb8d733034d4643631f/screenshot - {}
RESULT: {"script":"<script> [776 bytes]","args":[{"enterText":"1","selector":{"id":"application-manageconditionprice-display-component---newCondition--condBaseQty","interaction":{"idSuffix":"inner"}},"clearTextFirst":true,"interactionType":"ENTER_TEXT"}]}
RESULT: undefined
COMMAND: POST /session/e486a1c8754caeb8d733034d4643631f/execute/async - {"script":"<script> [776 bytes]","args":[{"enterText":"100","selector":{"id":"application-manageconditionprice-display-component---newCondition--condValue","interaction":{"idSuffix":"inner"}},"clearTextFirst":true,"interactionType":"ENTER_TEXT"}]}
RESULT: {}
RESULT: {"script":"<script> [776 bytes]","args":[{"enterText":"100","selector":{"id":"application-manageconditionprice-display-component---newCondition--condValue","interaction":{"idSuffix":"inner"}},"clearTextFirst":true,"interactionType":"ENTER_TEXT"}]}
RESULT: undefined
COMMAND: POST /session/e486a1c8754caeb8d733034d4643631f/element - {"using":"xpath","value":"//*[@id=\"application-manageconditionprice-display-component---newCondition--condCurr-arrow\"]"}
RESULT: {"using":"xpath","value":"//*[@id=\"application-manageconditionprice-display-component---newCondition--condCurr-arrow\"]"}
COMMAND: POST /session/e486a1c8754caeb8d733034d4643631f/element/f.1A55FC214BCDC1A6E941175A5A5DD598.d.F597874F21C41C3111B69BC101B8A26E.e.9868/click - {}
RESULT: {}
COMMAND: POST /session/e486a1c8754caeb8d733034d4643631f/element - {"using":"xpath","value":"//span[contains(text(), \"Euro\")]"}
COMMAND: GET /session/e486a1c8754caeb8d733034d4643631f/screenshot - {}
RESULT: {"using":"xpath","value":"//span[contains(text(), \"Euro\")]"}
COMMAND: POST /session/e486a1c8754caeb8d733034d4643631f/element/f.1A55FC214BCDC1A6E941175A5A5DD598.d.F597874F21C41C3111B69BC101B8A26E.e.9977/click - {}
RESULT: {}
RESULT: {}
COMMAND: POST /session/e486a1c8754caeb8d733034d4643631f/element - {"using":"xpath","value":"//button[@data-kt=\"saveButton\"]"}
COMMAND: GET /session/e486a1c8754caeb8d733034d4643631f/screenshot - {}
RESULT: {"using":"xpath","value":"//button[@data-kt=\"saveButton\"]"}
COMMAND: POST /session/e486a1c8754caeb8d733034d4643631f/element/f.1A55FC214BCDC1A6E941175A5A5DD598.d.F597874F21C41C3111B69BC101B8A26E.e.9869/click - {}
RESULT: {}
RESULT: {}
COMMAND: GET /session/e486a1c8754caeb8d733034d4643631f/screenshot - {}
RESULT: {}
RESULT: undefined
COMMAND: POST /session/e486a1c8754caeb8d733034d4643631f/execute/async - {"script":"<script> [776 bytes]","args":[{"enterText":"rwLZqHCA8E","selector":{"id":"application-manageconditionprice-display-component---conditions--smartFilterBar-btnBasicSearch","interaction":{"idSuffix":"I"}},"clearTextFirst":true,"interactionType":"ENTER_TEXT"}]}
RESULT: {"script":"<script> [776 bytes]","args":[{"enterText":"rwLZqHCA8E","selector":{"id":"application-manageconditionprice-display-component---conditions--smartFilterBar-btnBasicSearch","interaction":{"idSuffix":"I"}},"clearTextFirst":true,"interactionType":"ENTER_TEXT"}]}
COMMAND: POST /session/e486a1c8754caeb8d733034d4643631f/actions - {"actions":[{"id":"action41","type":"key","parameters":{},"actions":[{"type":"keyDown","value":"î€‡"},{"type":"pause","duration":10},{"type":"keyUp","value":"î€‡"}]}]}
RESULT: {"actions":[{"id":"action41","type":"key","parameters":{},"actions":[{"type":"keyDown","value":"î€‡"},{"type":"pause","duration":10},{"type":"keyUp","value":"î€‡"}]}]}
COMMAND: GET /session/e486a1c8754caeb8d733034d4643631f/screenshot - {}
RESULT: {}
RESULT: undefined
COMMAND: POST /session/e486a1c8754caeb8d733034d4643631f/element - {"using":"xpath","value":"//*[@id=\"application-manageconditionprice-display-component---conditions--smartFilterBar-filterItemControl_BASIC-BILL_TYPES-vhi\"]"}
RESULT: {"using":"xpath","value":"//*[@id=\"application-manageconditionprice-display-component---conditions--smartFilterBar-filterItemControl_BASIC-BILL_TYPES-vhi\"]"}
COMMAND: POST /session/e486a1c8754caeb8d733034d4643631f/element/f.1A55FC214BCDC1A6E941175A5A5DD598.d.F597874F21C41C3111B69BC101B8A26E.e.9995/click - {}
RESULT: {}
RESULT: undefined
COMMAND: POST /session/e486a1c8754caeb8d733034d4643631f/execute/async - {"script":"<script> [776 bytes]","args":[{"enterText":"TB","selector":{"id":"application-manageconditionprice-display-component---conditions--smartFilterBar-filterItemControl_BASIC-BILL_TYPES-valueHelpDialog-smartFilterBar-btnBasicSearch","searchOpenDialogs":true,"interaction":{"idSuffix":"I"}},"clearTextFirst":true,"interactionType":"ENTER_TEXT"}]}
COMMAND: GET /session/e486a1c8754caeb8d733034d4643631f/screenshot - {}
RESULT: {"script":"<script> [776 bytes]","args":[{"enterText":"TB","selector":{"id":"application-manageconditionprice-display-component---conditions--smartFilterBar-filterItemControl_BASIC-BILL_TYPES-valueHelpDialog-smartFilterBar-btnBasicSearch","searchOpenDialogs":true,"interaction":{"idSuffix":"I"}},"clearTextFirst":true,"interactionType":"ENTER_TEXT"}]}
COMMAND: POST /session/e486a1c8754caeb8d733034d4643631f/actions - {"actions":[{"id":"action42","type":"key","parameters":{},"actions":[{"type":"keyDown","value":"î€‡"},{"type":"pause","duration":10},{"type":"keyUp","value":"î€‡"}]}]}
RESULT: {}
RESULT: {"actions":[{"id":"action42","type":"key","parameters":{},"actions":[{"type":"keyDown","value":"î€‡"},{"type":"pause","duration":10},{"type":"keyUp","value":"î€‡"}]}]}
COMMAND: GET /session/e486a1c8754caeb8d733034d4643631f/screenshot - {}
RESULT: {}
COMMAND: POST /session/e486a1c8754caeb8d733034d4643631f/element - {"using":"xpath","value":"//div[contains(@id, 'application-manageconditionprice-display-component---conditions--smartFilterBar-filterItemControl_BASIC-BILL_TYPES-valueHelpDialog-table-rowsel0')]"}
RESULT: {"using":"xpath","value":"//div[contains(@id, 'application-manageconditionprice-display-component---conditions--smartFilterBar-filterItemControl_BASIC-BILL_TYPES-valueHelpDialog-table-rowsel0')]"}
COMMAND: POST /session/e486a1c8754caeb8d733034d4643631f/element/f.1A55FC214BCDC1A6E941175A5A5DD598.d.F597874F21C41C3111B69BC101B8A26E.e.10003/click - {}
RESULT: {}
COMMAND: GET /session/e486a1c8754caeb8d733034d4643631f/screenshot - {}
RESULT: {}
COMMAND: POST /session/e486a1c8754caeb8d733034d4643631f/element - {"using":"xpath","value":"//bdi[contains(text(), \"OK\")]"}
RESULT: {"using":"xpath","value":"//bdi[contains(text(), \"OK\")]"}
COMMAND: POST /session/e486a1c8754caeb8d733034d4643631f/element/f.1A55FC214BCDC1A6E941175A5A5DD598.d.F597874F21C41C3111B69BC101B8A26E.e.10005/click - {}
RESULT: {}
COMMAND: GET /session/e486a1c8754caeb8d733034d4643631f/screenshot - {}
RESULT: {}
COMMAND: POST /session/e486a1c8754caeb8d733034d4643631f/element - {"using":"xpath","value":"//span[@id=\"application-manageconditionprice-display-component---conditions--smartTable-header-inner\"]"}
RESULT: {"using":"xpath","value":"//span[@id=\"application-manageconditionprice-display-component---conditions--smartTable-header-inner\"]"}
COMMAND: POST /session/e486a1c8754caeb8d733034d4643631f/elements - {"using":"xpath","value":"//span[@id=\"application-manageconditionprice-display-component---conditions--smartTable-header-inner\"]"}
RESULT: {"using":"xpath","value":"//span[@id=\"application-manageconditionprice-display-component---conditions--smartTable-header-inner\"]"}
COMMAND: POST /session/e486a1c8754caeb8d733034d4643631f/execute/sync - {"script":"<script> [56 bytes]","args":[{"element-6066-11e4-a52e-4f735466cecf":"f.1A55FC214BCDC1A6E941175A5A5DD598.d.F597874F21C41C3111B69BC101B8A26E.e.10010","ELEMENT":"f.1A55FC214BCDC1A6E941175A5A5DD598.d.F597874F21C41C3111B69BC101B8A26E.e.10010"}]}
RESULT: {"script":"<script> [56 bytes]","args":[{"element-6066-11e4-a52e-4f735466cecf":"f.1A55FC214BCDC1A6E941175A5A5DD598.d.F597874F21C41C3111B69BC101B8A26E.e.10010","ELEMENT":"f.1A55FC214BCDC1A6E941175A5A5DD598.d.F597874F21C41C3111B69BC101B8A26E.e.10010"}]}
COMMAND: POST /session/e486a1c8754caeb8d733034d4643631f/element - {"using":"css selector","value":"#shell-header-logo"}
COMMAND: GET /session/e486a1c8754caeb8d733034d4643631f/screenshot - {}
RESULT: {"using":"css selector","value":"#shell-header-logo"}
COMMAND: POST /session/e486a1c8754caeb8d733034d4643631f/element/f.1A55FC214BCDC1A6E941175A5A5DD598.d.F597874F21C41C3111B69BC101B8A26E.e.9080/click - {}
RESULT: {}
RESULT: {}
COMMAND: GET /session/e486a1c8754caeb8d733034d4643631f/screenshot - {}
RESULT: {}
]]></system-out>
    </testcase>
  </testsuite>
  <testsuite timestamp="2025-06-05T17:47:32" time="733.29" tests="13" failures="6" errors="6" skipped="0">
    <properties>
      <property name="specId" value="0" />
      <property name="suiteName" value="Performance based billing (work days) US139742" />
      <property name="capabilities" value="chrome.137_0_7151_69.windows" />
      <property name="file" value="file:///D:/a/1/s/test/specs/BTS/billing-performance-workdays.spec.js" />
    </properties>
    <testcase classname="chrome.137_0_7151_69.windows.Performance_based_billing_(work_days)_US139742" name="Should create a new yard" time="0.011">
      <system-out><![CDATA[
COMMAND: POST /session/e486a1c8754caeb8d733034d4643631f/window/fullscreen - {}
RESULT: {}
]]></system-out>
    </testcase>
    <testcase classname="chrome.137_0_7151_69.windows.Performance_based_billing_(work_days)_US139742" name="Should create a new partner" time="0.001" />
    <testcase classname="chrome.137_0_7151_69.windows.Performance_based_billing_(work_days)_US139742" name="Should create a new site" time="0.001" />
    <testcase classname="chrome.137_0_7151_69.windows.Performance_based_billing_(work_days)_US139742" name="Should do prerequisite steps add equipment" time="127.292">
      <system-out><![CDATA[
COMMAND: POST /session/e486a1c8754caeb8d733034d4643631f/execute/async - {"script":"<script> [1562 bytes]","args":[{"selector":{"controlType":"sap.m.GenericTile","properties":{"header":"Manage Resources"}},"wdio_ui5_key":"sapm.GenericTile{\"header\":\"Manage Resources\"}"}]}
RESULT: {"script":"<script> [1562 bytes]","args":[{"selector":{"controlType":"sap.m.GenericTile","properties":{"header":"Manage Resources"}},"wdio_ui5_key":"sapm.GenericTile{\"header\":\"Manage Resources\"}"}]}
RESULT: undefined
COMMAND: POST /session/e486a1c8754caeb8d733034d4643631f/element - {"using":"xpath","value":"//*[@id=\"__tile39\"]"}
RESULT: {"using":"xpath","value":"//*[@id=\"__tile39\"]"}
COMMAND: POST /session/e486a1c8754caeb8d733034d4643631f/element/f.1A55FC214BCDC1A6E941175A5A5DD598.d.BC300532E7A3D1584606A7A2867BEFDC.e.10579/click - {}
RESULT: {}
COMMAND: GET /session/e486a1c8754caeb8d733034d4643631f/screenshot - {}
RESULT: {}
COMMAND: POST /session/e486a1c8754caeb8d733034d4643631f/elements - {"using":"xpath","value":"//span[text()='Error']"}
RESULT: {"using":"xpath","value":"//span[text()='Error']"}
COMMAND: POST /session/e486a1c8754caeb8d733034d4643631f/element - {"using":"xpath","value":"//button[@data-kt=\"addNewRUOverflowToolbarButton\"]"}
RESULT: {"using":"xpath","value":"//button[@data-kt=\"addNewRUOverflowToolbarButton\"]"}
COMMAND: POST /session/e486a1c8754caeb8d733034d4643631f/elements - {"using":"xpath","value":"//button[@data-kt=\"addNewRUOverflowToolbarButton\"]"}
RESULT: {"using":"xpath","value":"//button[@data-kt=\"addNewRUOverflowToolbarButton\"]"}
COMMAND: POST /session/e486a1c8754caeb8d733034d4643631f/element - {"using":"xpath","value":"//button[@data-kt=\"addNewRUOverflowToolbarButton\"]"}
RESULT: {"using":"xpath","value":"//button[@data-kt=\"addNewRUOverflowToolbarButton\"]"}
COMMAND: POST /session/e486a1c8754caeb8d733034d4643631f/execute/sync - {"script":"<script> [8489 bytes]","args":[{"element-6066-11e4-a52e-4f735466cecf":"f.1A55FC214BCDC1A6E941175A5A5DD598.d.BC300532E7A3D1584606A7A2867BEFDC.e.10708","ELEMENT":"f.1A55FC214BCDC1A6E941175A5A5DD598.d.BC300532E7A3D1584606A7A2867BEFDC.e.10708"}]}
RESULT: {"script":"<script> [8489 bytes]","args":[{"element-6066-11e4-a52e-4f735466cecf":"f.1A55FC214BCDC1A6E941175A5A5DD598.d.BC300532E7A3D1584606A7A2867BEFDC.e.10708","ELEMENT":"f.1A55FC214BCDC1A6E941175A5A5DD598.d.BC300532E7A3D1584606A7A2867BEFDC.e.10708"}]}
COMMAND: GET /session/e486a1c8754caeb8d733034d4643631f/element/f.1A55FC214BCDC1A6E941175A5A5DD598.d.BC300532E7A3D1584606A7A2867BEFDC.e.10708/enabled - {}
COMMAND: GET /session/e486a1c8754caeb8d733034d4643631f/screenshot - {}
RESULT: {}
COMMAND: POST /session/e486a1c8754caeb8d733034d4643631f/execute/sync - {"script":"<script> [8489 bytes]","args":[{"element-6066-11e4-a52e-4f735466cecf":"f.1A55FC214BCDC1A6E941175A5A5DD598.d.BC300532E7A3D1584606A7A2867BEFDC.e.10708","ELEMENT":"f.1A55FC214BCDC1A6E941175A5A5DD598.d.BC300532E7A3D1584606A7A2867BEFDC.e.10708"}]}
COMMAND: GET /session/e486a1c8754caeb8d733034d4643631f/screenshot - {}
RESULT: {}
RESULT: {"script":"<script> [8489 bytes]","args":[{"element-6066-11e4-a52e-4f735466cecf":"f.1A55FC214BCDC1A6E941175A5A5DD598.d.BC300532E7A3D1584606A7A2867BEFDC.e.10708","ELEMENT":"f.1A55FC214BCDC1A6E941175A5A5DD598.d.BC300532E7A3D1584606A7A2867BEFDC.e.10708"}]}
COMMAND: POST /session/e486a1c8754caeb8d733034d4643631f/execute/sync - {"script":"<script> [5351 bytes]","args":[{"element-6066-11e4-a52e-4f735466cecf":"f.1A55FC214BCDC1A6E941175A5A5DD598.d.BC300532E7A3D1584606A7A2867BEFDC.e.10708","ELEMENT":"f.1A55FC214BCDC1A6E941175A5A5DD598.d.BC300532E7A3D1584606A7A2867BEFDC.e.10708"}]}
COMMAND: GET /session/e486a1c8754caeb8d733034d4643631f/screenshot - {}
RESULT: {}
RESULT: {"script":"<script> [5351 bytes]","args":[{"element-6066-11e4-a52e-4f735466cecf":"f.1A55FC214BCDC1A6E941175A5A5DD598.d.BC300532E7A3D1584606A7A2867BEFDC.e.10708","ELEMENT":"f.1A55FC214BCDC1A6E941175A5A5DD598.d.BC300532E7A3D1584606A7A2867BEFDC.e.10708"}]}
COMMAND: POST /session/e486a1c8754caeb8d733034d4643631f/element/f.1A55FC214BCDC1A6E941175A5A5DD598.d.BC300532E7A3D1584606A7A2867BEFDC.e.10708/click - {}
COMMAND: GET /session/e486a1c8754caeb8d733034d4643631f/screenshot - {}
RESULT: {}
RESULT: {}
COMMAND: GET /session/e486a1c8754caeb8d733034d4643631f/screenshot - {}
COMMAND: POST /session/e486a1c8754caeb8d733034d4643631f/execute/async - {"script":"<script> [1562 bytes]","args":[{"selector":{"id":"application-manageresources-display-component---newResourceUnit--TYPE-arrow"},"wdio_ui5_key":"applicationmanageresources-display-component---newResourceUnit--TYPE-arrow"}]}
RESULT: {}
RESULT: {}
RESULT: {"script":"<script> [1562 bytes]","args":[{"selector":{"id":"application-manageresources-display-component---newResourceUnit--TYPE-arrow"},"wdio_ui5_key":"applicationmanageresources-display-component---newResourceUnit--TYPE-arrow"}]}
RESULT: undefined
COMMAND: POST /session/e486a1c8754caeb8d733034d4643631f/element - {"using":"xpath","value":"//*[@id=\"application-manageresources-display-component---newResourceUnit--TYPE-arrow\"]"}
RESULT: {"using":"xpath","value":"//*[@id=\"application-manageresources-display-component---newResourceUnit--TYPE-arrow\"]"}
COMMAND: POST /session/e486a1c8754caeb8d733034d4643631f/element/f.1A55FC214BCDC1A6E941175A5A5DD598.d.BC300532E7A3D1584606A7A2867BEFDC.e.10879/click - {}
RESULT: {}
COMMAND: POST /session/e486a1c8754caeb8d733034d4643631f/element - {"using":"xpath","value":"//input[@id=\"application-manageresources-display-component---newResourceUnit--TYPE-inner\"]"}
COMMAND: GET /session/e486a1c8754caeb8d733034d4643631f/screenshot - {}
RESULT: {"using":"xpath","value":"//input[@id=\"application-manageresources-display-component---newResourceUnit--TYPE-inner\"]"}
COMMAND: POST /session/e486a1c8754caeb8d733034d4643631f/element/f.1A55FC214BCDC1A6E941175A5A5DD598.d.BC300532E7A3D1584606A7A2867BEFDC.e.10760/clear - {}
RESULT: {}
RESULT: {}
COMMAND: POST /session/e486a1c8754caeb8d733034d4643631f/element/f.1A55FC214BCDC1A6E941175A5A5DD598.d.BC300532E7A3D1584606A7A2867BEFDC.e.10760/value - {"text":"Equipment"}
COMMAND: GET /session/e486a1c8754caeb8d733034d4643631f/screenshot - {}
RESULT: {"text":"Equipment"}
COMMAND: GET /session/e486a1c8754caeb8d733034d4643631f/screenshot - {}
RESULT: {}
RESULT: {}
COMMAND: POST /session/e486a1c8754caeb8d733034d4643631f/actions - {"actions":[{"id":"action45","type":"key","parameters":{},"actions":[{"type":"keyDown","value":"î€‡"},{"type":"pause","duration":10},{"type":"keyUp","value":"î€‡"}]}]}
RESULT: {"actions":[{"id":"action45","type":"key","parameters":{},"actions":[{"type":"keyDown","value":"î€‡"},{"type":"pause","duration":10},{"type":"keyUp","value":"î€‡"}]}]}
COMMAND: POST /session/e486a1c8754caeb8d733034d4643631f/execute/async - {"script":"<script> [1562 bytes]","args":[{"selector":{"id":"application-manageresources-display-component---newResourceUnit--resourceId","interaction":{"idSuffix":"inner"}},"wdio_ui5_key":"applicationmanageresources-display-component---newResourceUnit--resourceId"}]}
COMMAND: GET /session/e486a1c8754caeb8d733034d4643631f/screenshot - {}
RESULT: {"script":"<script> [1562 bytes]","args":[{"selector":{"id":"application-manageresources-display-component---newResourceUnit--resourceId","interaction":{"idSuffix":"inner"}},"wdio_ui5_key":"applicationmanageresources-display-component---newResourceUnit--resourceId"}]}
RESULT: undefined
COMMAND: POST /session/e486a1c8754caeb8d733034d4643631f/execute/async - {"script":"<script> [776 bytes]","args":[{"enterText":"uS910oBAaV","selector":{"id":"application-manageresources-display-component---newResourceUnit--resourceId","interaction":{"idSuffix":"inner"}},"clearTextFirst":true,"interactionType":"ENTER_TEXT"}]}
RESULT: {}
RESULT: {"script":"<script> [776 bytes]","args":[{"enterText":"uS910oBAaV","selector":{"id":"application-manageresources-display-component---newResourceUnit--resourceId","interaction":{"idSuffix":"inner"}},"clearTextFirst":true,"interactionType":"ENTER_TEXT"}]}
COMMAND: POST /session/e486a1c8754caeb8d733034d4643631f/execute/async - {"script":"<script> [1562 bytes]","args":[{"selector":{"id":"application-manageresources-display-component---newResourceUnit--SHORT_TEXT","interaction":{"idSuffix":"inner"}},"wdio_ui5_key":"applicationmanageresources-display-component---newResourceUnit--SHORT_TEXT"}]}
RESULT: {"script":"<script> [1562 bytes]","args":[{"selector":{"id":"application-manageresources-display-component---newResourceUnit--SHORT_TEXT","interaction":{"idSuffix":"inner"}},"wdio_ui5_key":"applicationmanageresources-display-component---newResourceUnit--SHORT_TEXT"}]}
RESULT: undefined
COMMAND: POST /session/e486a1c8754caeb8d733034d4643631f/execute/async - {"script":"<script> [776 bytes]","args":[{"enterText":"Intercompany Equipment WDIO","selector":{"id":"application-manageresources-display-component---newResourceUnit--SHORT_TEXT","interaction":{"idSuffix":"inner"}},"clearTextFirst":true,"interactionType":"ENTER_TEXT"}]}
RESULT: {"script":"<script> [776 bytes]","args":[{"enterText":"Intercompany Equipment WDIO","selector":{"id":"application-manageresources-display-component---newResourceUnit--SHORT_TEXT","interaction":{"idSuffix":"inner"}},"clearTextFirst":true,"interactionType":"ENTER_TEXT"}]}
COMMAND: POST /session/e486a1c8754caeb8d733034d4643631f/execute/async - {"script":"<script> [1562 bytes]","args":[{"selector":{"id":"application-manageresources-display-component---newResourceUnit--BASE_UNIT_OF_MEASURE","interaction":{"idSuffix":"inner"}},"wdio_ui5_key":"applicationmanageresources-display-component---newResourceUnit--BASE_UNIT_OF_MEASURE"}]}
RESULT: {"script":"<script> [1562 bytes]","args":[{"selector":{"id":"application-manageresources-display-component---newResourceUnit--BASE_UNIT_OF_MEASURE","interaction":{"idSuffix":"inner"}},"wdio_ui5_key":"applicationmanageresources-display-component---newResourceUnit--BASE_UNIT_OF_MEASURE"}]}
RESULT: undefined
COMMAND: POST /session/e486a1c8754caeb8d733034d4643631f/execute/async - {"script":"<script> [776 bytes]","args":[{"enterText":"Piece","selector":{"id":"application-manageresources-display-component---newResourceUnit--BASE_UNIT_OF_MEASURE","interaction":{"idSuffix":"inner"}},"clearTextFirst":true,"interactionType":"ENTER_TEXT"}]}
RESULT: {"script":"<script> [776 bytes]","args":[{"enterText":"Piece","selector":{"id":"application-manageresources-display-component---newResourceUnit--BASE_UNIT_OF_MEASURE","interaction":{"idSuffix":"inner"}},"clearTextFirst":true,"interactionType":"ENTER_TEXT"}]}
COMMAND: POST /session/e486a1c8754caeb8d733034d4643631f/execute/async - {"script":"<script> [1562 bytes]","args":[{"selector":{"id":"application-manageresources-display-component---newResourceUnit--WEIGHT_UNIT","interaction":{"idSuffix":"inner"}},"wdio_ui5_key":"applicationmanageresources-display-component---newResourceUnit--WEIGHT_UNIT"}]}
RESULT: {"script":"<script> [1562 bytes]","args":[{"selector":{"id":"application-manageresources-display-component---newResourceUnit--WEIGHT_UNIT","interaction":{"idSuffix":"inner"}},"wdio_ui5_key":"applicationmanageresources-display-component---newResourceUnit--WEIGHT_UNIT"}]}
RESULT: undefined
COMMAND: POST /session/e486a1c8754caeb8d733034d4643631f/execute/async - {"script":"<script> [776 bytes]","args":[{"enterText":"Gram","selector":{"id":"application-manageresources-display-component---newResourceUnit--WEIGHT_UNIT","interaction":{"idSuffix":"inner"}},"clearTextFirst":true,"interactionType":"ENTER_TEXT"}]}
RESULT: {"script":"<script> [776 bytes]","args":[{"enterText":"Gram","selector":{"id":"application-manageresources-display-component---newResourceUnit--WEIGHT_UNIT","interaction":{"idSuffix":"inner"}},"clearTextFirst":true,"interactionType":"ENTER_TEXT"}]}
COMMAND: POST /session/e486a1c8754caeb8d733034d4643631f/execute/async - {"script":"<script> [1562 bytes]","args":[{"selector":{"id":"application-manageresources-display-component---newResourceUnit--DIMENSION_UNIT","interaction":{"idSuffix":"inner"}},"wdio_ui5_key":"applicationmanageresources-display-component---newResourceUnit--DIMENSION_UNIT"}]}
RESULT: {"script":"<script> [1562 bytes]","args":[{"selector":{"id":"application-manageresources-display-component---newResourceUnit--DIMENSION_UNIT","interaction":{"idSuffix":"inner"}},"wdio_ui5_key":"applicationmanageresources-display-component---newResourceUnit--DIMENSION_UNIT"}]}
RESULT: undefined
COMMAND: POST /session/e486a1c8754caeb8d733034d4643631f/execute/async - {"script":"<script> [776 bytes]","args":[{"enterText":"Meter","selector":{"id":"application-manageresources-display-component---newResourceUnit--DIMENSION_UNIT","interaction":{"idSuffix":"inner"}},"clearTextFirst":true,"interactionType":"ENTER_TEXT"}]}
RESULT: {"script":"<script> [776 bytes]","args":[{"enterText":"Meter","selector":{"id":"application-manageresources-display-component---newResourceUnit--DIMENSION_UNIT","interaction":{"idSuffix":"inner"}},"clearTextFirst":true,"interactionType":"ENTER_TEXT"}]}
COMMAND: POST /session/e486a1c8754caeb8d733034d4643631f/execute/async - {"script":"<script> [1562 bytes]","args":[{"selector":{"id":"application-manageresources-display-component---newResourceUnit--newRRUPage-anchBar-application-manageresources-display-component---newResourceUnit--control-anchor","interaction":{"idSuffix":"BDI-content"}},"wdio_ui5_key":"applicationmanageresources-display-component---newResourceUnit--newRRUPage-anchBar-application-manageresources-display-component---newResourceUnit--control-anchor"}]}
RESULT: {"script":"<script> [1562 bytes]","args":[{"selector":{"id":"application-manageresources-display-component---newResourceUnit--newRRUPage-anchBar-application-manageresources-display-component---newResourceUnit--control-anchor","interaction":{"idSuffix":"BDI-content"}},"wdio_ui5_key":"applicationmanageresources-display-component---newResourceUnit--newRRUPage-anchBar-application-manageresources-display-component---newResourceUnit--control-anchor"}]}
RESULT: undefined
COMMAND: POST /session/e486a1c8754caeb8d733034d4643631f/element - {"using":"xpath","value":"//*[@id=\"application-manageresources-display-component---newResourceUnit--newRRUPage-anchBar-application-manageresources-display-component---newResourceUnit--control-anchor\"]"}
RESULT: {"using":"xpath","value":"//*[@id=\"application-manageresources-display-component---newResourceUnit--newRRUPage-anchBar-application-manageresources-display-component---newResourceUnit--control-anchor\"]"}
COMMAND: POST /session/e486a1c8754caeb8d733034d4643631f/element/f.1A55FC214BCDC1A6E941175A5A5DD598.d.BC300532E7A3D1584606A7A2867BEFDC.e.11040/click - {}
RESULT: {}
COMMAND: POST /session/e486a1c8754caeb8d733034d4643631f/execute/async - {"script":"<script> [1562 bytes]","args":[{"selector":{"id":"application-manageresources-display-component---newResourceUnit--PLANNING_GROUP","interaction":{"idSuffix":"inner"}},"wdio_ui5_key":"applicationmanageresources-display-component---newResourceUnit--PLANNING_GROUP"}]}
COMMAND: GET /session/e486a1c8754caeb8d733034d4643631f/screenshot - {}
RESULT: {"script":"<script> [1562 bytes]","args":[{"selector":{"id":"application-manageresources-display-component---newResourceUnit--PLANNING_GROUP","interaction":{"idSuffix":"inner"}},"wdio_ui5_key":"applicationmanageresources-display-component---newResourceUnit--PLANNING_GROUP"}]}
RESULT: undefined
COMMAND: POST /session/e486a1c8754caeb8d733034d4643631f/execute/async - {"script":"<script> [776 bytes]","args":[{"enterText":"Heavy Equi","selector":{"id":"application-manageresources-display-component---newResourceUnit--PLANNING_GROUP","interaction":{"idSuffix":"inner"}},"clearTextFirst":true,"interactionType":"ENTER_TEXT"}]}
RESULT: {}
RESULT: {"script":"<script> [776 bytes]","args":[{"enterText":"Heavy Equi","selector":{"id":"application-manageresources-display-component---newResourceUnit--PLANNING_GROUP","interaction":{"idSuffix":"inner"}},"clearTextFirst":true,"interactionType":"ENTER_TEXT"}]}
COMMAND: POST /session/e486a1c8754caeb8d733034d4643631f/execute/async - {"script":"<script> [1562 bytes]","args":[{"selector":{"id":"application-manageresources-display-component---newResourceUnit--ITEM_TYPE-arrow"},"wdio_ui5_key":"applicationmanageresources-display-component---newResourceUnit--ITEM_TYPE-arrow"}]}
RESULT: {"script":"<script> [1562 bytes]","args":[{"selector":{"id":"application-manageresources-display-component---newResourceUnit--ITEM_TYPE-arrow"},"wdio_ui5_key":"applicationmanageresources-display-component---newResourceUnit--ITEM_TYPE-arrow"}]}
RESULT: undefined
COMMAND: POST /session/e486a1c8754caeb8d733034d4643631f/element - {"using":"xpath","value":"//*[@id=\"application-manageresources-display-component---newResourceUnit--ITEM_TYPE-arrow\"]"}
RESULT: {"using":"xpath","value":"//*[@id=\"application-manageresources-display-component---newResourceUnit--ITEM_TYPE-arrow\"]"}
COMMAND: POST /session/e486a1c8754caeb8d733034d4643631f/element/f.1A55FC214BCDC1A6E941175A5A5DD598.d.BC300532E7A3D1584606A7A2867BEFDC.e.11049/click - {}
RESULT: {}
COMMAND: POST /session/e486a1c8754caeb8d733034d4643631f/element - {"using":"xpath","value":"//ul[contains(@id,\"ITEM_TYPE-popup-list-listUl\")]//li[.//span[contains(text(),\"Resource Unit\")]]"}
COMMAND: GET /session/e486a1c8754caeb8d733034d4643631f/screenshot - {}
RESULT: {"using":"xpath","value":"//ul[contains(@id,\"ITEM_TYPE-popup-list-listUl\")]//li[.//span[contains(text(),\"Resource Unit\")]]"}
COMMAND: POST /session/e486a1c8754caeb8d733034d4643631f/element/f.1A55FC214BCDC1A6E941175A5A5DD598.d.BC300532E7A3D1584606A7A2867BEFDC.e.11050/click - {}
RESULT: {}
RESULT: {}
COMMAND: GET /session/e486a1c8754caeb8d733034d4643631f/screenshot - {}
RESULT: {}
COMMAND: POST /session/e486a1c8754caeb8d733034d4643631f/element - {"using":"css selector","value":"#application-manageresources-display-component---newResourceUnit--btnAddTimeSegment"}
RESULT: {"using":"css selector","value":"#application-manageresources-display-component---newResourceUnit--btnAddTimeSegment"}
COMMAND: GET /session/e486a1c8754caeb8d733034d4643631f/element/f.1A55FC214BCDC1A6E941175A5A5DD598.d.BC300532E7A3D1584606A7A2867BEFDC.e.11057/rect - {}
RESULT: {}
COMMAND: GET /session/e486a1c8754caeb8d733034d4643631f/window/rect - {}
RESULT: {}
COMMAND: POST /session/e486a1c8754caeb8d733034d4643631f/execute/sync - {"script":"<script> [92 bytes]","args":[]}
RESULT: {"script":"<script> [92 bytes]","args":[]}
COMMAND: POST /session/e486a1c8754caeb8d733034d4643631f/actions - {"actions":[{"id":"action46","type":"wheel","parameters":{},"actions":[{"type":"scroll","x":-1888,"y":-32,"deltaX":0,"deltaY":0,"duration":0,"origin":{"element-6066-11e4-a52e-4f735466cecf":"f.1A55FC214BCDC1A6E941175A5A5DD598.d.BC300532E7A3D1584606A7A2867BEFDC.e.11057"}}]}]}
COMMAND: GET /session/e486a1c8754caeb8d733034d4643631f/screenshot - {}
RESULT: {}
COMMAND: POST /session/e486a1c8754caeb8d733034d4643631f/execute/sync - {"script":"<script> [79 bytes]","args":[{"element-6066-11e4-a52e-4f735466cecf":"f.1A55FC214BCDC1A6E941175A5A5DD598.d.BC300532E7A3D1584606A7A2867BEFDC.e.11057","ELEMENT":"f.1A55FC214BCDC1A6E941175A5A5DD598.d.BC300532E7A3D1584606A7A2867BEFDC.e.11057"},{"block":"start","inline":"nearest"}]}
RESULT: {"script":"<script> [79 bytes]","args":[{"element-6066-11e4-a52e-4f735466cecf":"f.1A55FC214BCDC1A6E941175A5A5DD598.d.BC300532E7A3D1584606A7A2867BEFDC.e.11057","ELEMENT":"f.1A55FC214BCDC1A6E941175A5A5DD598.d.BC300532E7A3D1584606A7A2867BEFDC.e.11057"},{"block":"start","inline":"nearest"}]}
COMMAND: POST /session/e486a1c8754caeb8d733034d4643631f/execute/async - {"script":"<script> [1562 bytes]","args":[{"selector":{"id":"application-manageresources-display-component---newResourceUnit--btnAddTimeSegment","interaction":{"idSuffix":"inner"}},"wdio_ui5_key":"applicationmanageresources-display-component---newResourceUnit--btnAddTimeSegment"}]}
COMMAND: GET /session/e486a1c8754caeb8d733034d4643631f/screenshot - {}
RESULT: {"script":"<script> [1562 bytes]","args":[{"selector":{"id":"application-manageresources-display-component---newResourceUnit--btnAddTimeSegment","interaction":{"idSuffix":"inner"}},"wdio_ui5_key":"applicationmanageresources-display-component---newResourceUnit--btnAddTimeSegment"}]}
RESULT: undefined
COMMAND: POST /session/e486a1c8754caeb8d733034d4643631f/element - {"using":"xpath","value":"//*[@id=\"application-manageresources-display-component---newResourceUnit--btnAddTimeSegment\"]"}
RESULT: {}
RESULT: {"using":"xpath","value":"//*[@id=\"application-manageresources-display-component---newResourceUnit--btnAddTimeSegment\"]"}
COMMAND: POST /session/e486a1c8754caeb8d733034d4643631f/element/f.1A55FC214BCDC1A6E941175A5A5DD598.d.BC300532E7A3D1584606A7A2867BEFDC.e.11057/click - {}
RESULT: {}
COMMAND: GET /session/e486a1c8754caeb8d733034d4643631f/screenshot - {}
RESULT: {}
COMMAND: POST /session/e486a1c8754caeb8d733034d4643631f/element - {"using":"xpath","value":"//input[@id=\"application-manageresources-display-component---newResourceUnit--idRuTSAdmin-application-manageresources-display-component---newResourceUnit--RUTimeSegment-0-inner\"]"}
RESULT: {"using":"xpath","value":"//input[@id=\"application-manageresources-display-component---newResourceUnit--idRuTSAdmin-application-manageresources-display-component---newResourceUnit--RUTimeSegment-0-inner\"]"}
COMMAND: POST /session/e486a1c8754caeb8d733034d4643631f/element/f.1A55FC214BCDC1A6E941175A5A5DD598.d.BC300532E7A3D1584606A7A2867BEFDC.e.11063/clear - {}
RESULT: {}
COMMAND: POST /session/e486a1c8754caeb8d733034d4643631f/element/f.1A55FC214BCDC1A6E941175A5A5DD598.d.BC300532E7A3D1584606A7A2867BEFDC.e.11063/value - {"text":"690"}
COMMAND: GET /session/e486a1c8754caeb8d733034d4643631f/screenshot - {}
RESULT: {"text":"690"}
COMMAND: GET /session/e486a1c8754caeb8d733034d4643631f/screenshot - {}
RESULT: {}
RESULT: {}
COMMAND: POST /session/e486a1c8754caeb8d733034d4643631f/element - {"using":"xpath","value":"//li[.//span[text()='690']]"}
RESULT: {"using":"xpath","value":"//li[.//span[text()='690']]"}
COMMAND: POST /session/e486a1c8754caeb8d733034d4643631f/element/f.1A55FC214BCDC1A6E941175A5A5DD598.d.BC300532E7A3D1584606A7A2867BEFDC.e.11075/click - {}
RESULT: {}
COMMAND: GET /session/e486a1c8754caeb8d733034d4643631f/screenshot - {}
RESULT: {}
COMMAND: POST /session/e486a1c8754caeb8d733034d4643631f/element - {"using":"xpath","value":"(//span[contains(@id, \"-application-manageresources-display-component---newResourceUnit--RUTimeSegment-0-arrow\")])[6]"}
RESULT: {"using":"xpath","value":"(//span[contains(@id, \"-application-manageresources-display-component---newResourceUnit--RUTimeSegment-0-arrow\")])[6]"}
COMMAND: POST /session/e486a1c8754caeb8d733034d4643631f/element/f.1A55FC214BCDC1A6E941175A5A5DD598.d.BC300532E7A3D1584606A7A2867BEFDC.e.11076/click - {}
RESULT: {}
COMMAND: GET /session/e486a1c8754caeb8d733034d4643631f/screenshot - {}
RESULT: {}
COMMAND: POST /session/e486a1c8754caeb8d733034d4643631f/element - {"using":"xpath","value":"//span[contains(text(), \"PM Order\")]"}
RESULT: {"using":"xpath","value":"//span[contains(text(), \"PM Order\")]"}
COMMAND: POST /session/e486a1c8754caeb8d733034d4643631f/element/f.1A55FC214BCDC1A6E941175A5A5DD598.d.BC300532E7A3D1584606A7A2867BEFDC.e.11079/click - {}
RESULT: {}
COMMAND: GET /session/e486a1c8754caeb8d733034d4643631f/screenshot - {}
RESULT: {}
COMMAND: POST /session/e486a1c8754caeb8d733034d4643631f/element - {"using":"xpath","value":"(//span[contains(@id ,\"manageresources-display-component---newResourceUnit--RUTimeSegment-0-vhi\")])[1]"}
RESULT: {"using":"xpath","value":"(//span[contains(@id ,\"manageresources-display-component---newResourceUnit--RUTimeSegment-0-vhi\")])[1]"}
COMMAND: GET /session/e486a1c8754caeb8d733034d4643631f/element/f.1A55FC214BCDC1A6E941175A5A5DD598.d.BC300532E7A3D1584606A7A2867BEFDC.e.11083/rect - {}
RESULT: {}
COMMAND: GET /session/e486a1c8754caeb8d733034d4643631f/window/rect - {}
RESULT: {}
COMMAND: POST /session/e486a1c8754caeb8d733034d4643631f/execute/sync - {"script":"<script> [92 bytes]","args":[]}
RESULT: {"script":"<script> [92 bytes]","args":[]}
COMMAND: POST /session/e486a1c8754caeb8d733034d4643631f/actions - {"actions":[{"id":"action47","type":"wheel","parameters":{},"actions":[{"type":"scroll","x":-869,"y":-24,"deltaX":0,"deltaY":0,"duration":0,"origin":{"element-6066-11e4-a52e-4f735466cecf":"f.1A55FC214BCDC1A6E941175A5A5DD598.d.BC300532E7A3D1584606A7A2867BEFDC.e.11083"}}]}]}
COMMAND: GET /session/e486a1c8754caeb8d733034d4643631f/screenshot - {}
RESULT: {"actions":[{"id":"action47","type":"wheel","parameters":{},"actions":[{"type":"scroll","x":-869,"y":-24,"deltaX":0,"deltaY":0,"duration":0,"origin":{"element-6066-11e4-a52e-4f735466cecf":"f.1A55FC214BCDC1A6E941175A5A5DD598.d.BC300532E7A3D1584606A7A2867BEFDC.e.11083"}}]}]}
COMMAND: DELETE /session/e486a1c8754caeb8d733034d4643631f/actions - {}
COMMAND: GET /session/e486a1c8754caeb8d733034d4643631f/screenshot - {}
RESULT: {}
RESULT: {}
COMMAND: GET /session/e486a1c8754caeb8d733034d4643631f/screenshot - {}
RESULT: {}
RESULT: {}
COMMAND: POST /session/e486a1c8754caeb8d733034d4643631f/element/f.1A55FC214BCDC1A6E941175A5A5DD598.d.BC300532E7A3D1584606A7A2867BEFDC.e.11083/click - {}
RESULT: {}
COMMAND: GET /session/e486a1c8754caeb8d733034d4643631f/screenshot - {}
RESULT: {}
COMMAND: POST /session/e486a1c8754caeb8d733034d4643631f/execute/async - {"script":"<script> [1562 bytes]","args":[{"selector":{"controlType":"sap.m.SearchField","properties":{"placeholder":"Search"},"searchOpenDialogs":true,"interaction":{"idSuffix":"I"}},"wdio_ui5_key":"sapm.SearchField{\"placeholder\":\"Search\"}"}]}
RESULT: {"script":"<script> [1562 bytes]","args":[{"selector":{"controlType":"sap.m.SearchField","properties":{"placeholder":"Search"},"searchOpenDialogs":true,"interaction":{"idSuffix":"I"}},"wdio_ui5_key":"sapm.SearchField{\"placeholder\":\"Search\"}"}]}
RESULT: undefined
COMMAND: POST /session/e486a1c8754caeb8d733034d4643631f/execute/async - {"script":"<script> [776 bytes]","args":[{"enterText":"4000360","selector":{"controlType":"sap.m.SearchField","properties":{"placeholder":"Search"},"searchOpenDialogs":true,"interaction":{"idSuffix":"I"}},"clearTextFirst":true,"interactionType":"ENTER_TEXT"}]}
RESULT: {"script":"<script> [776 bytes]","args":[{"enterText":"4000360","selector":{"controlType":"sap.m.SearchField","properties":{"placeholder":"Search"},"searchOpenDialogs":true,"interaction":{"idSuffix":"I"}},"clearTextFirst":true,"interactionType":"ENTER_TEXT"}]}
COMMAND: POST /session/e486a1c8754caeb8d733034d4643631f/actions - {"actions":[{"id":"action48","type":"key","parameters":{},"actions":[{"type":"keyDown","value":"î€‡"},{"type":"pause","duration":10},{"type":"keyUp","value":"î€‡"}]}]}
RESULT: {"actions":[{"id":"action48","type":"key","parameters":{},"actions":[{"type":"keyDown","value":"î€‡"},{"type":"pause","duration":10},{"type":"keyUp","value":"î€‡"}]}]}
COMMAND: GET /session/e486a1c8754caeb8d733034d4643631f/screenshot - {}
RESULT: {}
COMMAND: POST /session/e486a1c8754caeb8d733034d4643631f/element - {"using":"xpath","value":"//td/div/span[contains(text(), \"BGL Vehicles\")]"}
RESULT: {"using":"xpath","value":"//td/div/span[contains(text(), \"BGL Vehicles\")]"}
COMMAND: POST /session/e486a1c8754caeb8d733034d4643631f/element/f.1A55FC214BCDC1A6E941175A5A5DD598.d.BC300532E7A3D1584606A7A2867BEFDC.e.11104/click - {}
RESULT: {}
COMMAND: GET /session/e486a1c8754caeb8d733034d4643631f/screenshot - {}
RESULT: {}
COMMAND: POST /session/e486a1c8754caeb8d733034d4643631f/element - {"using":"xpath","value":"//bdi[contains(text(), \"OK\")]"}
RESULT: {"using":"xpath","value":"//bdi[contains(text(), \"OK\")]"}
COMMAND: POST /session/e486a1c8754caeb8d733034d4643631f/element/f.1A55FC214BCDC1A6E941175A5A5DD598.d.BC300532E7A3D1584606A7A2867BEFDC.e.11105/click - {}
RESULT: {}
COMMAND: GET /session/e486a1c8754caeb8d733034d4643631f/screenshot - {}
RESULT: {}
COMMAND: POST /session/e486a1c8754caeb8d733034d4643631f/execute/async - {"script":"<script> [1562 bytes]","args":[{"selector":{"id":"application-manageresources-display-component---newResourceUnit--newRRUPage-anchBar-application-manageresources-display-component---newResourceUnit--resource-anchor","interaction":{"idSuffix":"BDI-content"}},"wdio_ui5_key":"applicationmanageresources-display-component---newResourceUnit--newRRUPage-anchBar-application-manageresources-display-component---newResourceUnit--resource-anchor"}]}
RESULT: {"script":"<script> [1562 bytes]","args":[{"selector":{"id":"application-manageresources-display-component---newResourceUnit--newRRUPage-anchBar-application-manageresources-display-component---newResourceUnit--resource-anchor","interaction":{"idSuffix":"BDI-content"}},"wdio_ui5_key":"applicationmanageresources-display-component---newResourceUnit--newRRUPage-anchBar-application-manageresources-display-component---newResourceUnit--resource-anchor"}]}
RESULT: undefined
COMMAND: POST /session/e486a1c8754caeb8d733034d4643631f/element - {"using":"xpath","value":"//*[@id=\"application-manageresources-display-component---newResourceUnit--newRRUPage-anchBar-application-manageresources-display-component---newResourceUnit--resource-anchor\"]"}
RESULT: {"using":"xpath","value":"//*[@id=\"application-manageresources-display-component---newResourceUnit--newRRUPage-anchBar-application-manageresources-display-component---newResourceUnit--resource-anchor\"]"}
COMMAND: POST /session/e486a1c8754caeb8d733034d4643631f/element/f.1A55FC214BCDC1A6E941175A5A5DD598.d.BC300532E7A3D1584606A7A2867BEFDC.e.11109/click - {}
RESULT: {}
COMMAND: POST /session/e486a1c8754caeb8d733034d4643631f/execute/async - {"script":"<script> [1562 bytes]","args":[{"selector":{"id":"application-manageresources-display-component---newResourceUnit--PLANNED_DELIVERY_DATE","interaction":{"idSuffix":"inner"}},"wdio_ui5_key":"applicationmanageresources-display-component---newResourceUnit--PLANNED_DELIVERY_DATE"}]}
COMMAND: GET /session/e486a1c8754caeb8d733034d4643631f/screenshot - {}
RESULT: {"script":"<script> [1562 bytes]","args":[{"selector":{"id":"application-manageresources-display-component---newResourceUnit--PLANNED_DELIVERY_DATE","interaction":{"idSuffix":"inner"}},"wdio_ui5_key":"applicationmanageresources-display-component---newResourceUnit--PLANNED_DELIVERY_DATE"}]}
RESULT: undefined
COMMAND: POST /session/e486a1c8754caeb8d733034d4643631f/execute/async - {"script":"<script> [6424 bytes]","args":[{"element-6066-11e4-a52e-4f735466cecf":"f.1A55FC214BCDC1A6E941175A5A5DD598.d.BC300532E7A3D1584606A7A2867BEFDC.e.10938"},"setValue",["6/5/25"]]}
RESULT: {}
RESULT: {"script":"<script> [6424 bytes]","args":[{"element-6066-11e4-a52e-4f735466cecf":"f.1A55FC214BCDC1A6E941175A5A5DD598.d.BC300532E7A3D1584606A7A2867BEFDC.e.10938"},"setValue",["6/5/25"]]}
COMMAND: POST /session/e486a1c8754caeb8d733034d4643631f/element - {"using":"xpath","value":"//label[contains(@class, 'sapMLabelRequired') and .//bdi[contains(text(), 'Planned Retirement')]]"}
RESULT: {"using":"xpath","value":"//label[contains(@class, 'sapMLabelRequired') and .//bdi[contains(text(), 'Planned Retirement')]]"}
COMMAND: POST /session/e486a1c8754caeb8d733034d4643631f/elements - {"using":"xpath","value":"//label[contains(@class, 'sapMLabelRequired') and .//bdi[contains(text(), 'Planned Retirement')]]"}
RESULT: {"using":"xpath","value":"//label[contains(@class, 'sapMLabelRequired') and .//bdi[contains(text(), 'Planned Retirement')]]"}
COMMAND: POST /session/e486a1c8754caeb8d733034d4643631f/element - {"using":"xpath","value":"//button[@data-kt=\"resourceUnitSaveButton\"]"}
RESULT: {"using":"xpath","value":"//button[@data-kt=\"resourceUnitSaveButton\"]"}
COMMAND: POST /session/e486a1c8754caeb8d733034d4643631f/element/f.1A55FC214BCDC1A6E941175A5A5DD598.d.BC300532E7A3D1584606A7A2867BEFDC.e.10898/click - {}
RESULT: {}
COMMAND: GET /session/e486a1c8754caeb8d733034d4643631f/screenshot - {}
RESULT: {}
COMMAND: POST /session/e486a1c8754caeb8d733034d4643631f/element - {"using":"xpath","value":"//bdi[contains(text(), \"Close\")]"}
RESULT: {"using":"xpath","value":"//bdi[contains(text(), \"Close\")]"}
COMMAND: POST /session/e486a1c8754caeb8d733034d4643631f/element/f.1A55FC214BCDC1A6E941175A5A5DD598.d.BC300532E7A3D1584606A7A2867BEFDC.e.11117/click - {}
RESULT: {}
COMMAND: GET /session/e486a1c8754caeb8d733034d4643631f/screenshot - {}
RESULT: {}
COMMAND: POST /session/e486a1c8754caeb8d733034d4643631f/element - {"using":"xpath","value":"(//button[contains(@id ,\"actionsToolbar-overflowButton\")])[1]"}
RESULT: {"using":"xpath","value":"(//button[contains(@id ,\"actionsToolbar-overflowButton\")])[1]"}
COMMAND: POST /session/e486a1c8754caeb8d733034d4643631f/element/f.1A55FC214BCDC1A6E941175A5A5DD598.d.BC300532E7A3D1584606A7A2867BEFDC.e.11184/click - {}
RESULT: {}
COMMAND: GET /session/e486a1c8754caeb8d733034d4643631f/screenshot - {}
RESULT: {}
COMMAND: POST /session/e486a1c8754caeb8d733034d4643631f/element - {"using":"xpath","value":"//button[@data-kt=\"priceInfoButton\"]"}
RESULT: {"using":"xpath","value":"//button[@data-kt=\"priceInfoButton\"]"}
COMMAND: POST /session/e486a1c8754caeb8d733034d4643631f/element/f.1A55FC214BCDC1A6E941175A5A5DD598.d.BC300532E7A3D1584606A7A2867BEFDC.e.11186/click - {}
RESULT: {}
COMMAND: GET /session/e486a1c8754caeb8d733034d4643631f/screenshot - {}
RESULT: {}
]]></system-out>
    </testcase>
    <testcase classname="chrome.137_0_7151_69.windows.Performance_based_billing_(work_days)_US139742" name="Should create a pricing rule perf based on the equipment" time="48.441">
      <system-out><![CDATA[
COMMAND: POST /session/e486a1c8754caeb8d733034d4643631f/element - {"using":"xpath","value":"//button[@data-kt=\"addButton\"]"}
RESULT: {"using":"xpath","value":"//button[@data-kt=\"addButton\"]"}
COMMAND: POST /session/e486a1c8754caeb8d733034d4643631f/elements - {"using":"xpath","value":"//button[@data-kt=\"addButton\"]"}
RESULT: {"using":"xpath","value":"//button[@data-kt=\"addButton\"]"}
COMMAND: POST /session/e486a1c8754caeb8d733034d4643631f/elements - {"using":"xpath","value":"//button[@data-kt=\"addButton\"]"}
RESULT: {"using":"xpath","value":"//button[@data-kt=\"addButton\"]"}
COMMAND: POST /session/e486a1c8754caeb8d733034d4643631f/element - {"using":"xpath","value":"//button[@data-kt=\"addButton\"]"}
RESULT: {"using":"xpath","value":"//button[@data-kt=\"addButton\"]"}
COMMAND: POST /session/e486a1c8754caeb8d733034d4643631f/execute/sync - {"script":"<script> [8489 bytes]","args":[{"element-6066-11e4-a52e-4f735466cecf":"f.1A55FC214BCDC1A6E941175A5A5DD598.d.BC300532E7A3D1584606A7A2867BEFDC.e.11222","ELEMENT":"f.1A55FC214BCDC1A6E941175A5A5DD598.d.BC300532E7A3D1584606A7A2867BEFDC.e.11222"}]}
RESULT: {"script":"<script> [8489 bytes]","args":[{"element-6066-11e4-a52e-4f735466cecf":"f.1A55FC214BCDC1A6E941175A5A5DD598.d.BC300532E7A3D1584606A7A2867BEFDC.e.11222","ELEMENT":"f.1A55FC214BCDC1A6E941175A5A5DD598.d.BC300532E7A3D1584606A7A2867BEFDC.e.11222"}]}
COMMAND: GET /session/e486a1c8754caeb8d733034d4643631f/element/f.1A55FC214BCDC1A6E941175A5A5DD598.d.BC300532E7A3D1584606A7A2867BEFDC.e.11222/enabled - {}
COMMAND: GET /session/e486a1c8754caeb8d733034d4643631f/screenshot - {}
RESULT: {}
COMMAND: POST /session/e486a1c8754caeb8d733034d4643631f/execute/sync - {"script":"<script> [8489 bytes]","args":[{"element-6066-11e4-a52e-4f735466cecf":"f.1A55FC214BCDC1A6E941175A5A5DD598.d.BC300532E7A3D1584606A7A2867BEFDC.e.11222","ELEMENT":"f.1A55FC214BCDC1A6E941175A5A5DD598.d.BC300532E7A3D1584606A7A2867BEFDC.e.11222"}]}
COMMAND: GET /session/e486a1c8754caeb8d733034d4643631f/screenshot - {}
RESULT: {}
RESULT: {"script":"<script> [8489 bytes]","args":[{"element-6066-11e4-a52e-4f735466cecf":"f.1A55FC214BCDC1A6E941175A5A5DD598.d.BC300532E7A3D1584606A7A2867BEFDC.e.11222","ELEMENT":"f.1A55FC214BCDC1A6E941175A5A5DD598.d.BC300532E7A3D1584606A7A2867BEFDC.e.11222"}]}
COMMAND: POST /session/e486a1c8754caeb8d733034d4643631f/execute/sync - {"script":"<script> [5351 bytes]","args":[{"element-6066-11e4-a52e-4f735466cecf":"f.1A55FC214BCDC1A6E941175A5A5DD598.d.BC300532E7A3D1584606A7A2867BEFDC.e.11222","ELEMENT":"f.1A55FC214BCDC1A6E941175A5A5DD598.d.BC300532E7A3D1584606A7A2867BEFDC.e.11222"}]}
COMMAND: GET /session/e486a1c8754caeb8d733034d4643631f/screenshot - {}
RESULT: {}
RESULT: {"script":"<script> [5351 bytes]","args":[{"element-6066-11e4-a52e-4f735466cecf":"f.1A55FC214BCDC1A6E941175A5A5DD598.d.BC300532E7A3D1584606A7A2867BEFDC.e.11222","ELEMENT":"f.1A55FC214BCDC1A6E941175A5A5DD598.d.BC300532E7A3D1584606A7A2867BEFDC.e.11222"}]}
COMMAND: POST /session/e486a1c8754caeb8d733034d4643631f/element/f.1A55FC214BCDC1A6E941175A5A5DD598.d.BC300532E7A3D1584606A7A2867BEFDC.e.11222/click - {}
COMMAND: GET /session/e486a1c8754caeb8d733034d4643631f/screenshot - {}
RESULT: {}
RESULT: {}
COMMAND: GET /session/e486a1c8754caeb8d733034d4643631f/screenshot - {}
RESULT: {}
RESULT: {}
COMMAND: POST /session/e486a1c8754caeb8d733034d4643631f/execute/async - {"script":"<script> [1562 bytes]","args":[{"selector":{"controlType":"sap.m.Title","viewName":"etm.portal.ui.managepricingrules.view.NewItem","viewId":"application-managepricingrules-display-component---newInfoPriceItem","properties":{"text":"New Pricing Rules - Item Level"}},"wdio_ui5_key":"etmportal.ui.managepricingrules.view.NewItemsap.m.Title{\"text\":\"New Pricing Rules - Item Level\"}"}]}
RESULT: {"script":"<script> [1562 bytes]","args":[{"selector":{"controlType":"sap.m.Title","viewName":"etm.portal.ui.managepricingrules.view.NewItem","viewId":"application-managepricingrules-display-component---newInfoPriceItem","properties":{"text":"New Pricing Rules - Item Level"}},"wdio_ui5_key":"etmportal.ui.managepricingrules.view.NewItemsap.m.Title{\"text\":\"New Pricing Rules - Item Level\"}"}]}
RESULT: undefined
COMMAND: POST /session/e486a1c8754caeb8d733034d4643631f/execute/async - {"script":"<script> [6424 bytes]","args":[{"element-6066-11e4-a52e-4f735466cecf":"f.1A55FC214BCDC1A6E941175A5A5DD598.d.BC300532E7A3D1584606A7A2867BEFDC.e.11383"},"getText",[]]}
RESULT: {"script":"<script> [6424 bytes]","args":[{"element-6066-11e4-a52e-4f735466cecf":"f.1A55FC214BCDC1A6E941175A5A5DD598.d.BC300532E7A3D1584606A7A2867BEFDC.e.11383"},"getText",[]]}
COMMAND: POST /session/e486a1c8754caeb8d733034d4643631f/execute/async - {"script":"<script> [1562 bytes]","args":[{"selector":{"id":"application-managepricingrules-display-component---newInfoPriceItem--condValidTo","interaction":{"idSuffix":"inner"}},"wdio_ui5_key":"applicationmanagepricingrules-display-component---newInfoPriceItem--condValidTo"}]}
RESULT: {"script":"<script> [1562 bytes]","args":[{"selector":{"id":"application-managepricingrules-display-component---newInfoPriceItem--condValidTo","interaction":{"idSuffix":"inner"}},"wdio_ui5_key":"applicationmanagepricingrules-display-component---newInfoPriceItem--condValidTo"}]}
RESULT: undefined
COMMAND: POST /session/e486a1c8754caeb8d733034d4643631f/execute/async - {"script":"<script> [776 bytes]","args":[{"enterText":"2/5/26","selector":{"id":"application-managepricingrules-display-component---newInfoPriceItem--condValidTo","interaction":{"idSuffix":"inner"}},"clearTextFirst":true,"interactionType":"ENTER_TEXT"}]}
RESULT: {"script":"<script> [776 bytes]","args":[{"enterText":"2/5/26","selector":{"id":"application-managepricingrules-display-component---newInfoPriceItem--condValidTo","interaction":{"idSuffix":"inner"}},"clearTextFirst":true,"interactionType":"ENTER_TEXT"}]}
COMMAND: POST /session/e486a1c8754caeb8d733034d4643631f/execute/async - {"script":"<script> [1562 bytes]","args":[{"selector":{"id":"application-managepricingrules-display-component---newInfoPriceItem--billType-arrow"},"wdio_ui5_key":"applicationmanagepricingrules-display-component---newInfoPriceItem--billType-arrow"}]}
RESULT: {"script":"<script> [1562 bytes]","args":[{"selector":{"id":"application-managepricingrules-display-component---newInfoPriceItem--billType-arrow"},"wdio_ui5_key":"applicationmanagepricingrules-display-component---newInfoPriceItem--billType-arrow"}]}
RESULT: undefined
COMMAND: POST /session/e486a1c8754caeb8d733034d4643631f/element - {"using":"xpath","value":"//*[@id=\"application-managepricingrules-display-component---newInfoPriceItem--billType-arrow\"]"}
RESULT: {"using":"xpath","value":"//*[@id=\"application-managepricingrules-display-component---newInfoPriceItem--billType-arrow\"]"}
COMMAND: POST /session/e486a1c8754caeb8d733034d4643631f/element/f.1A55FC214BCDC1A6E941175A5A5DD598.d.BC300532E7A3D1584606A7A2867BEFDC.e.11385/click - {}
RESULT: {}
COMMAND: POST /session/e486a1c8754caeb8d733034d4643631f/element - {"using":"xpath","value":"//span[contains(text(), \"PB - Performance based\")]"}
COMMAND: GET /session/e486a1c8754caeb8d733034d4643631f/screenshot - {}
RESULT: {"using":"xpath","value":"//span[contains(text(), \"PB - Performance based\")]"}
COMMAND: POST /session/e486a1c8754caeb8d733034d4643631f/element/f.1A55FC214BCDC1A6E941175A5A5DD598.d.BC300532E7A3D1584606A7A2867BEFDC.e.11386/click - {}
RESULT: {}
RESULT: {}
COMMAND: POST /session/e486a1c8754caeb8d733034d4643631f/execute/async - {"script":"<script> [1562 bytes]","args":[{"selector":{"id":"application-managepricingrules-display-component---newInfoPriceItem--priceProc-arrow"},"wdio_ui5_key":"applicationmanagepricingrules-display-component---newInfoPriceItem--priceProc-arrow"}]}
COMMAND: GET /session/e486a1c8754caeb8d733034d4643631f/screenshot - {}
RESULT: {"script":"<script> [1562 bytes]","args":[{"selector":{"id":"application-managepricingrules-display-component---newInfoPriceItem--priceProc-arrow"},"wdio_ui5_key":"applicationmanagepricingrules-display-component---newInfoPriceItem--priceProc-arrow"}]}
RESULT: undefined
COMMAND: POST /session/e486a1c8754caeb8d733034d4643631f/element - {"using":"xpath","value":"//*[@id=\"application-managepricingrules-display-component---newInfoPriceItem--priceProc-arrow\"]"}
RESULT: {}
RESULT: {"using":"xpath","value":"//*[@id=\"application-managepricingrules-display-component---newInfoPriceItem--priceProc-arrow\"]"}
COMMAND: POST /session/e486a1c8754caeb8d733034d4643631f/element/f.1A55FC214BCDC1A6E941175A5A5DD598.d.BC300532E7A3D1584606A7A2867BEFDC.e.11349/click - {}
RESULT: {}
COMMAND: POST /session/e486a1c8754caeb8d733034d4643631f/element - {"using":"xpath","value":"//span[contains(text(), \"PRF - Performance based\")]"}
COMMAND: GET /session/e486a1c8754caeb8d733034d4643631f/screenshot - {}
RESULT: {"using":"xpath","value":"//span[contains(text(), \"PRF - Performance based\")]"}
COMMAND: POST /session/e486a1c8754caeb8d733034d4643631f/element/f.1A55FC214BCDC1A6E941175A5A5DD598.d.BC300532E7A3D1584606A7A2867BEFDC.e.11387/click - {}
RESULT: {}
RESULT: {}
COMMAND: POST /session/e486a1c8754caeb8d733034d4643631f/execute/async - {"script":"<script> [1562 bytes]","args":[{"selector":{"id":"application-managepricingrules-display-component---newInfoPriceItem--calcBase-arrow"},"wdio_ui5_key":"applicationmanagepricingrules-display-component---newInfoPriceItem--calcBase-arrow"}]}
COMMAND: GET /session/e486a1c8754caeb8d733034d4643631f/screenshot - {}
RESULT: {"script":"<script> [1562 bytes]","args":[{"selector":{"id":"application-managepricingrules-display-component---newInfoPriceItem--calcBase-arrow"},"wdio_ui5_key":"applicationmanagepricingrules-display-component---newInfoPriceItem--calcBase-arrow"}]}
RESULT: undefined
COMMAND: POST /session/e486a1c8754caeb8d733034d4643631f/element - {"using":"xpath","value":"//*[@id=\"application-managepricingrules-display-component---newInfoPriceItem--calcBase-arrow\"]"}
RESULT: {}
RESULT: {"using":"xpath","value":"//*[@id=\"application-managepricingrules-display-component---newInfoPriceItem--calcBase-arrow\"]"}
COMMAND: POST /session/e486a1c8754caeb8d733034d4643631f/element/f.1A55FC214BCDC1A6E941175A5A5DD598.d.BC300532E7A3D1584606A7A2867BEFDC.e.11356/click - {}
RESULT: {}
COMMAND: GET /session/e486a1c8754caeb8d733034d4643631f/screenshot - {}
RESULT: {}
COMMAND: POST /session/e486a1c8754caeb8d733034d4643631f/element - {"using":"xpath","value":"//span[contains(text(), \"0007 - PB(work days)\")]"}
RESULT: {"using":"xpath","value":"//span[contains(text(), \"0007 - PB(work days)\")]"}
COMMAND: POST /session/e486a1c8754caeb8d733034d4643631f/element/f.1A55FC214BCDC1A6E941175A5A5DD598.d.BC300532E7A3D1584606A7A2867BEFDC.e.11388/click - {}
RESULT: {}
COMMAND: GET /session/e486a1c8754caeb8d733034d4643631f/screenshot - {}
RESULT: {}
COMMAND: POST /session/e486a1c8754caeb8d733034d4643631f/execute/async - {"script":"<script> [1562 bytes]","args":[{"selector":{"id":"application-managepricingrules-display-component---newInfoPriceItem--hoursMonth","interaction":{"idSuffix":"inner"}},"wdio_ui5_key":"applicationmanagepricingrules-display-component---newInfoPriceItem--hoursMonth"}]}
RESULT: {"script":"<script> [1562 bytes]","args":[{"selector":{"id":"application-managepricingrules-display-component---newInfoPriceItem--hoursMonth","interaction":{"idSuffix":"inner"}},"wdio_ui5_key":"applicationmanagepricingrules-display-component---newInfoPriceItem--hoursMonth"}]}
RESULT: undefined
COMMAND: POST /session/e486a1c8754caeb8d733034d4643631f/execute/async - {"script":"<script> [776 bytes]","args":[{"enterText":"160","selector":{"id":"application-managepricingrules-display-component---newInfoPriceItem--hoursMonth","interaction":{"idSuffix":"inner"}},"clearTextFirst":true,"interactionType":"ENTER_TEXT"}]}
RESULT: {"script":"<script> [776 bytes]","args":[{"enterText":"160","selector":{"id":"application-managepricingrules-display-component---newInfoPriceItem--hoursMonth","interaction":{"idSuffix":"inner"}},"clearTextFirst":true,"interactionType":"ENTER_TEXT"}]}
COMMAND: POST /session/e486a1c8754caeb8d733034d4643631f/element - {"using":"xpath","value":"//button[@data-kt=\"saveNewRuleButton\"]"}
RESULT: {"using":"xpath","value":"//button[@data-kt=\"saveNewRuleButton\"]"}
COMMAND: POST /session/e486a1c8754caeb8d733034d4643631f/element/f.1A55FC214BCDC1A6E941175A5A5DD598.d.BC300532E7A3D1584606A7A2867BEFDC.e.11374/click - {}
RESULT: {}
COMMAND: GET /session/e486a1c8754caeb8d733034d4643631f/screenshot - {}
RESULT: {}
COMMAND: POST /session/e486a1c8754caeb8d733034d4643631f/execute/async - {"script":"<script> [1562 bytes]","args":[{"selector":{"id":"application-managepricingrules-display-component---priceInfoItem--smartFilterBar-btnBasicSearch","interaction":{"idSuffix":"I"}},"wdio_ui5_key":"applicationmanagepricingrules-display-component---priceInfoItem--smartFilterBar-btnBasicSearch"}]}
RESULT: {"script":"<script> [1562 bytes]","args":[{"selector":{"id":"application-managepricingrules-display-component---priceInfoItem--smartFilterBar-btnBasicSearch","interaction":{"idSuffix":"I"}},"wdio_ui5_key":"applicationmanagepricingrules-display-component---priceInfoItem--smartFilterBar-btnBasicSearch"}]}
RESULT: undefined
COMMAND: POST /session/e486a1c8754caeb8d733034d4643631f/execute/async - {"script":"<script> [776 bytes]","args":[{"enterText":"uS910oBAaV","selector":{"id":"application-managepricingrules-display-component---priceInfoItem--smartFilterBar-btnBasicSearch","interaction":{"idSuffix":"I"}},"clearTextFirst":true,"interactionType":"ENTER_TEXT"}]}
RESULT: {"script":"<script> [776 bytes]","args":[{"enterText":"uS910oBAaV","selector":{"id":"application-managepricingrules-display-component---priceInfoItem--smartFilterBar-btnBasicSearch","interaction":{"idSuffix":"I"}},"clearTextFirst":true,"interactionType":"ENTER_TEXT"}]}
COMMAND: POST /session/e486a1c8754caeb8d733034d4643631f/actions - {"actions":[{"id":"action49","type":"key","parameters":{},"actions":[{"type":"keyDown","value":"î€‡"},{"type":"pause","duration":10},{"type":"keyUp","value":"î€‡"}]}]}
RESULT: {"actions":[{"id":"action49","type":"key","parameters":{},"actions":[{"type":"keyDown","value":"î€‡"},{"type":"pause","duration":10},{"type":"keyUp","value":"î€‡"}]}]}
COMMAND: GET /session/e486a1c8754caeb8d733034d4643631f/screenshot - {}
RESULT: {}
COMMAND: POST /session/e486a1c8754caeb8d733034d4643631f/element - {"using":"xpath","value":"//span[@id=\"application-managepricingrules-display-component---priceInfoItem--smartTable-header-inner\"]"}
RESULT: {"using":"xpath","value":"//span[@id=\"application-managepricingrules-display-component---priceInfoItem--smartTable-header-inner\"]"}
COMMAND: POST /session/e486a1c8754caeb8d733034d4643631f/elements - {"using":"xpath","value":"//span[@id=\"application-managepricingrules-display-component---priceInfoItem--smartTable-header-inner\"]"}
RESULT: {"using":"xpath","value":"//span[@id=\"application-managepricingrules-display-component---priceInfoItem--smartTable-header-inner\"]"}
COMMAND: POST /session/e486a1c8754caeb8d733034d4643631f/execute/sync - {"script":"<script> [56 bytes]","args":[{"element-6066-11e4-a52e-4f735466cecf":"f.1A55FC214BCDC1A6E941175A5A5DD598.d.BC300532E7A3D1584606A7A2867BEFDC.e.11401","ELEMENT":"f.1A55FC214BCDC1A6E941175A5A5DD598.d.BC300532E7A3D1584606A7A2867BEFDC.e.11401"}]}
RESULT: {"script":"<script> [56 bytes]","args":[{"element-6066-11e4-a52e-4f735466cecf":"f.1A55FC214BCDC1A6E941175A5A5DD598.d.BC300532E7A3D1584606A7A2867BEFDC.e.11401","ELEMENT":"f.1A55FC214BCDC1A6E941175A5A5DD598.d.BC300532E7A3D1584606A7A2867BEFDC.e.11401"}]}
COMMAND: POST /session/e486a1c8754caeb8d733034d4643631f/element - {"using":"css selector","value":"#shell-header-logo"}
COMMAND: GET /session/e486a1c8754caeb8d733034d4643631f/screenshot - {}
RESULT: {"using":"css selector","value":"#shell-header-logo"}
COMMAND: POST /session/e486a1c8754caeb8d733034d4643631f/element/f.1A55FC214BCDC1A6E941175A5A5DD598.d.BC300532E7A3D1584606A7A2867BEFDC.e.10678/click - {}
RESULT: {}
RESULT: {}
COMMAND: GET /session/e486a1c8754caeb8d733034d4643631f/screenshot - {}
RESULT: {}
]]></system-out>
    </testcase>
    <testcase classname="chrome.137_0_7151_69.windows.Performance_based_billing_(work_days)_US139742" name="Should create a performance based billing condition on the equipment" time="63.108">
      <system-out><![CDATA[
COMMAND: POST /session/e486a1c8754caeb8d733034d4643631f/execute/async - {"script":"<script> [1562 bytes]","args":[{"selector":{"controlType":"sap.m.GenericTile","properties":{"header":"Manage Conditions & Prices"}},"wdio_ui5_key":"sapm.GenericTile{\"header\":\"Manage Conditions & Prices\"}"}]}
RESULT: {"script":"<script> [1562 bytes]","args":[{"selector":{"controlType":"sap.m.GenericTile","properties":{"header":"Manage Conditions & Prices"}},"wdio_ui5_key":"sapm.GenericTile{\"header\":\"Manage Conditions & Prices\"}"}]}
RESULT: undefined
COMMAND: POST /session/e486a1c8754caeb8d733034d4643631f/element - {"using":"xpath","value":"//*[@id=\"__tile53\"]"}
RESULT: {"using":"xpath","value":"//*[@id=\"__tile53\"]"}
COMMAND: POST /session/e486a1c8754caeb8d733034d4643631f/element/f.1A55FC214BCDC1A6E941175A5A5DD598.d.BC300532E7A3D1584606A7A2867BEFDC.e.10625/click - {}
RESULT: {}
COMMAND: GET /session/e486a1c8754caeb8d733034d4643631f/screenshot - {}
RESULT: {}
COMMAND: POST /session/e486a1c8754caeb8d733034d4643631f/elements - {"using":"xpath","value":"//span[text()='Error']"}
RESULT: {"using":"xpath","value":"//span[text()='Error']"}
COMMAND: POST /session/e486a1c8754caeb8d733034d4643631f/element - {"using":"xpath","value":"//button[@aria-label=\"Create\"]"}
RESULT: {"using":"xpath","value":"//button[@aria-label=\"Create\"]"}
COMMAND: POST /session/e486a1c8754caeb8d733034d4643631f/elements - {"using":"xpath","value":"//button[@aria-label=\"Create\"]"}
RESULT: {"using":"xpath","value":"//button[@aria-label=\"Create\"]"}
COMMAND: POST /session/e486a1c8754caeb8d733034d4643631f/execute/sync - {"script":"<script> [8489 bytes]","args":[{"element-6066-11e4-a52e-4f735466cecf":"f.1A55FC214BCDC1A6E941175A5A5DD598.d.BC300532E7A3D1584606A7A2867BEFDC.e.11436","ELEMENT":"f.1A55FC214BCDC1A6E941175A5A5DD598.d.BC300532E7A3D1584606A7A2867BEFDC.e.11436"}]}
RESULT: {"script":"<script> [8489 bytes]","args":[{"element-6066-11e4-a52e-4f735466cecf":"f.1A55FC214BCDC1A6E941175A5A5DD598.d.BC300532E7A3D1584606A7A2867BEFDC.e.11436","ELEMENT":"f.1A55FC214BCDC1A6E941175A5A5DD598.d.BC300532E7A3D1584606A7A2867BEFDC.e.11436"}]}
COMMAND: GET /session/e486a1c8754caeb8d733034d4643631f/element/f.1A55FC214BCDC1A6E941175A5A5DD598.d.BC300532E7A3D1584606A7A2867BEFDC.e.11436/enabled - {}
COMMAND: GET /session/e486a1c8754caeb8d733034d4643631f/screenshot - {}
RESULT: {}
COMMAND: POST /session/e486a1c8754caeb8d733034d4643631f/execute/sync - {"script":"<script> [8489 bytes]","args":[{"element-6066-11e4-a52e-4f735466cecf":"f.1A55FC214BCDC1A6E941175A5A5DD598.d.BC300532E7A3D1584606A7A2867BEFDC.e.11436","ELEMENT":"f.1A55FC214BCDC1A6E941175A5A5DD598.d.BC300532E7A3D1584606A7A2867BEFDC.e.11436"}]}
COMMAND: GET /session/e486a1c8754caeb8d733034d4643631f/screenshot - {}
RESULT: {}
RESULT: {"script":"<script> [8489 bytes]","args":[{"element-6066-11e4-a52e-4f735466cecf":"f.1A55FC214BCDC1A6E941175A5A5DD598.d.BC300532E7A3D1584606A7A2867BEFDC.e.11436","ELEMENT":"f.1A55FC214BCDC1A6E941175A5A5DD598.d.BC300532E7A3D1584606A7A2867BEFDC.e.11436"}]}
COMMAND: POST /session/e486a1c8754caeb8d733034d4643631f/execute/sync - {"script":"<script> [5351 bytes]","args":[{"element-6066-11e4-a52e-4f735466cecf":"f.1A55FC214BCDC1A6E941175A5A5DD598.d.BC300532E7A3D1584606A7A2867BEFDC.e.11436","ELEMENT":"f.1A55FC214BCDC1A6E941175A5A5DD598.d.BC300532E7A3D1584606A7A2867BEFDC.e.11436"}]}
COMMAND: GET /session/e486a1c8754caeb8d733034d4643631f/screenshot - {}
RESULT: {}
RESULT: {"script":"<script> [5351 bytes]","args":[{"element-6066-11e4-a52e-4f735466cecf":"f.1A55FC214BCDC1A6E941175A5A5DD598.d.BC300532E7A3D1584606A7A2867BEFDC.e.11436","ELEMENT":"f.1A55FC214BCDC1A6E941175A5A5DD598.d.BC300532E7A3D1584606A7A2867BEFDC.e.11436"}]}
COMMAND: POST /session/e486a1c8754caeb8d733034d4643631f/element/f.1A55FC214BCDC1A6E941175A5A5DD598.d.BC300532E7A3D1584606A7A2867BEFDC.e.11436/click - {}
COMMAND: GET /session/e486a1c8754caeb8d733034d4643631f/screenshot - {}
RESULT: {}
RESULT: {}
COMMAND: GET /session/e486a1c8754caeb8d733034d4643631f/screenshot - {}
RESULT: {}
RESULT: {}
COMMAND: POST /session/e486a1c8754caeb8d733034d4643631f/actions - {"actions":[{"id":"action50","type":"key","parameters":{},"actions":[{"type":"keyDown","value":"î€‡"},{"type":"pause","duration":10},{"type":"keyUp","value":"î€‡"}]}]}
RESULT: {"actions":[{"id":"action50","type":"key","parameters":{},"actions":[{"type":"keyDown","value":"î€‡"},{"type":"pause","duration":10},{"type":"keyUp","value":"î€‡"}]}]}
COMMAND: GET /session/e486a1c8754caeb8d733034d4643631f/screenshot - {}
RESULT: {}
COMMAND: POST /session/e486a1c8754caeb8d733034d4643631f/execute/async - {"script":"<script> [1562 bytes]","args":[{"selector":{"id":"application-manageconditionprice-display-component---newCondition--condBillCond-arrow"},"wdio_ui5_key":"applicationmanageconditionprice-display-component---newCondition--condBillCond-arrow"}]}
RESULT: {"script":"<script> [1562 bytes]","args":[{"selector":{"id":"application-manageconditionprice-display-component---newCondition--condBillCond-arrow"},"wdio_ui5_key":"applicationmanageconditionprice-display-component---newCondition--condBillCond-arrow"}]}
RESULT: undefined
COMMAND: POST /session/e486a1c8754caeb8d733034d4643631f/element - {"using":"xpath","value":"//*[@id=\"application-manageconditionprice-display-component---newCondition--condBillCond-arrow\"]"}
RESULT: {"using":"xpath","value":"//*[@id=\"application-manageconditionprice-display-component---newCondition--condBillCond-arrow\"]"}
COMMAND: POST /session/e486a1c8754caeb8d733034d4643631f/element/f.1A55FC214BCDC1A6E941175A5A5DD598.d.BC300532E7A3D1584606A7A2867BEFDC.e.11613/click - {}
RESULT: {}
COMMAND: GET /session/e486a1c8754caeb8d733034d4643631f/screenshot - {}
RESULT: {}
COMMAND: POST /session/e486a1c8754caeb8d733034d4643631f/element - {"using":"xpath","value":"//li[.//span[contains(text(), \"PC06 - Performance Price - fuel\")]]"}
RESULT: {"using":"xpath","value":"//li[.//span[contains(text(), \"PC06 - Performance Price - fuel\")]]"}
COMMAND: POST /session/e486a1c8754caeb8d733034d4643631f/element/f.1A55FC214BCDC1A6E941175A5A5DD598.d.BC300532E7A3D1584606A7A2867BEFDC.e.11616/click - {}
RESULT: {}
COMMAND: GET /session/e486a1c8754caeb8d733034d4643631f/screenshot - {}
RESULT: {}
COMMAND: POST /session/e486a1c8754caeb8d733034d4643631f/execute/async - {"script":"<script> [1562 bytes]","args":[{"selector":{"id":"application-manageconditionprice-display-component---newCondition--condValidTo","interaction":{"idSuffix":"inner"}},"wdio_ui5_key":"applicationmanageconditionprice-display-component---newCondition--condValidTo"}]}
RESULT: {"script":"<script> [1562 bytes]","args":[{"selector":{"id":"application-manageconditionprice-display-component---newCondition--condValidTo","interaction":{"idSuffix":"inner"}},"wdio_ui5_key":"applicationmanageconditionprice-display-component---newCondition--condValidTo"}]}
RESULT: undefined
COMMAND: POST /session/e486a1c8754caeb8d733034d4643631f/execute/async - {"script":"<script> [776 bytes]","args":[{"enterText":"2/5/26","selector":{"id":"application-manageconditionprice-display-component---newCondition--condValidTo","interaction":{"idSuffix":"inner"}},"clearTextFirst":true,"interactionType":"ENTER_TEXT"}]}
RESULT: {"script":"<script> [776 bytes]","args":[{"enterText":"2/5/26","selector":{"id":"application-manageconditionprice-display-component---newCondition--condValidTo","interaction":{"idSuffix":"inner"}},"clearTextFirst":true,"interactionType":"ENTER_TEXT"}]}
COMMAND: POST /session/e486a1c8754caeb8d733034d4643631f/element - {"using":"xpath","value":"//input[@id=\"application-manageconditionprice-display-component---newCondition--condRU-inner\"]"}
RESULT: {"using":"xpath","value":"//input[@id=\"application-manageconditionprice-display-component---newCondition--condRU-inner\"]"}
COMMAND: POST /session/e486a1c8754caeb8d733034d4643631f/element/f.1A55FC214BCDC1A6E941175A5A5DD598.d.BC300532E7A3D1584606A7A2867BEFDC.e.11478/clear - {}
RESULT: {}
COMMAND: POST /session/e486a1c8754caeb8d733034d4643631f/element/f.1A55FC214BCDC1A6E941175A5A5DD598.d.BC300532E7A3D1584606A7A2867BEFDC.e.11478/value - {"text":"uS910oBAaV"}
COMMAND: GET /session/e486a1c8754caeb8d733034d4643631f/screenshot - {}
RESULT: {"text":"uS910oBAaV"}
COMMAND: GET /session/e486a1c8754caeb8d733034d4643631f/screenshot - {}
RESULT: {}
RESULT: {}
COMMAND: POST /session/e486a1c8754caeb8d733034d4643631f/actions - {"actions":[{"id":"action51","type":"key","parameters":{},"actions":[{"type":"keyDown","value":"î€‡"},{"type":"pause","duration":10},{"type":"keyUp","value":"î€‡"}]}]}
RESULT: {"actions":[{"id":"action51","type":"key","parameters":{},"actions":[{"type":"keyDown","value":"î€‡"},{"type":"pause","duration":10},{"type":"keyUp","value":"î€‡"}]}]}
COMMAND: POST /session/e486a1c8754caeb8d733034d4643631f/execute/async - {"script":"<script> [1562 bytes]","args":[{"selector":{"id":"application-manageconditionprice-display-component---newCondition--condBaseQty","interaction":{"idSuffix":"inner"}},"wdio_ui5_key":"applicationmanageconditionprice-display-component---newCondition--condBaseQty"}]}
COMMAND: GET /session/e486a1c8754caeb8d733034d4643631f/screenshot - {}
RESULT: {"script":"<script> [1562 bytes]","args":[{"selector":{"id":"application-manageconditionprice-display-component---newCondition--condBaseQty","interaction":{"idSuffix":"inner"}},"wdio_ui5_key":"applicationmanageconditionprice-display-component---newCondition--condBaseQty"}]}
RESULT: undefined
COMMAND: POST /session/e486a1c8754caeb8d733034d4643631f/execute/async - {"script":"<script> [776 bytes]","args":[{"enterText":"1","selector":{"id":"application-manageconditionprice-display-component---newCondition--condBaseQty","interaction":{"idSuffix":"inner"}},"clearTextFirst":true,"interactionType":"ENTER_TEXT"}]}
RESULT: {}
RESULT: {"script":"<script> [776 bytes]","args":[{"enterText":"1","selector":{"id":"application-manageconditionprice-display-component---newCondition--condBaseQty","interaction":{"idSuffix":"inner"}},"clearTextFirst":true,"interactionType":"ENTER_TEXT"}]}
COMMAND: POST /session/e486a1c8754caeb8d733034d4643631f/execute/async - {"script":"<script> [1562 bytes]","args":[{"selector":{"id":"application-manageconditionprice-display-component---newCondition--condValue","interaction":{"idSuffix":"inner"}},"wdio_ui5_key":"applicationmanageconditionprice-display-component---newCondition--condValue"}]}
RESULT: {"script":"<script> [1562 bytes]","args":[{"selector":{"id":"application-manageconditionprice-display-component---newCondition--condValue","interaction":{"idSuffix":"inner"}},"wdio_ui5_key":"applicationmanageconditionprice-display-component---newCondition--condValue"}]}
RESULT: undefined
COMMAND: POST /session/e486a1c8754caeb8d733034d4643631f/execute/async - {"script":"<script> [776 bytes]","args":[{"enterText":"10","selector":{"id":"application-manageconditionprice-display-component---newCondition--condValue","interaction":{"idSuffix":"inner"}},"clearTextFirst":true,"interactionType":"ENTER_TEXT"}]}
RESULT: {"script":"<script> [776 bytes]","args":[{"enterText":"10","selector":{"id":"application-manageconditionprice-display-component---newCondition--condValue","interaction":{"idSuffix":"inner"}},"clearTextFirst":true,"interactionType":"ENTER_TEXT"}]}
COMMAND: POST /session/e486a1c8754caeb8d733034d4643631f/execute/async - {"script":"<script> [1562 bytes]","args":[{"selector":{"id":"application-manageconditionprice-display-component---newCondition--condCurr-arrow"},"wdio_ui5_key":"applicationmanageconditionprice-display-component---newCondition--condCurr-arrow"}]}
RESULT: {"script":"<script> [1562 bytes]","args":[{"selector":{"id":"application-manageconditionprice-display-component---newCondition--condCurr-arrow"},"wdio_ui5_key":"applicationmanageconditionprice-display-component---newCondition--condCurr-arrow"}]}
RESULT: undefined
COMMAND: POST /session/e486a1c8754caeb8d733034d4643631f/element - {"using":"xpath","value":"//*[@id=\"application-manageconditionprice-display-component---newCondition--condCurr-arrow\"]"}
RESULT: {"using":"xpath","value":"//*[@id=\"application-manageconditionprice-display-component---newCondition--condCurr-arrow\"]"}
COMMAND: POST /session/e486a1c8754caeb8d733034d4643631f/element/f.1A55FC214BCDC1A6E941175A5A5DD598.d.BC300532E7A3D1584606A7A2867BEFDC.e.11596/click - {}
RESULT: {}
COMMAND: POST /session/e486a1c8754caeb8d733034d4643631f/element - {"using":"xpath","value":"//span[contains(text(), \"Euro\")]"}
COMMAND: GET /session/e486a1c8754caeb8d733034d4643631f/screenshot - {}
RESULT: {"using":"xpath","value":"//span[contains(text(), \"Euro\")]"}
COMMAND: POST /session/e486a1c8754caeb8d733034d4643631f/element/f.1A55FC214BCDC1A6E941175A5A5DD598.d.BC300532E7A3D1584606A7A2867BEFDC.e.11651/click - {}
RESULT: {}
RESULT: {}
COMMAND: POST /session/e486a1c8754caeb8d733034d4643631f/element - {"using":"xpath","value":"//button[@data-kt=\"saveButton\"]"}
COMMAND: GET /session/e486a1c8754caeb8d733034d4643631f/screenshot - {}
RESULT: {"using":"xpath","value":"//button[@data-kt=\"saveButton\"]"}
COMMAND: POST /session/e486a1c8754caeb8d733034d4643631f/element/f.1A55FC214BCDC1A6E941175A5A5DD598.d.BC300532E7A3D1584606A7A2867BEFDC.e.11597/click - {}
RESULT: {}
RESULT: {}
COMMAND: GET /session/e486a1c8754caeb8d733034d4643631f/screenshot - {}
RESULT: {}
COMMAND: POST /session/e486a1c8754caeb8d733034d4643631f/execute/async - {"script":"<script> [1562 bytes]","args":[{"selector":{"id":"application-manageconditionprice-display-component---conditions--smartFilterBar-btnBasicSearch","interaction":{"idSuffix":"I"}},"wdio_ui5_key":"applicationmanageconditionprice-display-component---conditions--smartFilterBar-btnBasicSearch"}]}
RESULT: {"script":"<script> [1562 bytes]","args":[{"selector":{"id":"application-manageconditionprice-display-component---conditions--smartFilterBar-btnBasicSearch","interaction":{"idSuffix":"I"}},"wdio_ui5_key":"applicationmanageconditionprice-display-component---conditions--smartFilterBar-btnBasicSearch"}]}
RESULT: undefined
COMMAND: POST /session/e486a1c8754caeb8d733034d4643631f/execute/async - {"script":"<script> [776 bytes]","args":[{"enterText":"uS910oBAaV","selector":{"id":"application-manageconditionprice-display-component---conditions--smartFilterBar-btnBasicSearch","interaction":{"idSuffix":"I"}},"clearTextFirst":true,"interactionType":"ENTER_TEXT"}]}
RESULT: {"script":"<script> [776 bytes]","args":[{"enterText":"uS910oBAaV","selector":{"id":"application-manageconditionprice-display-component---conditions--smartFilterBar-btnBasicSearch","interaction":{"idSuffix":"I"}},"clearTextFirst":true,"interactionType":"ENTER_TEXT"}]}
COMMAND: POST /session/e486a1c8754caeb8d733034d4643631f/actions - {"actions":[{"id":"action52","type":"key","parameters":{},"actions":[{"type":"keyDown","value":"î€‡"},{"type":"pause","duration":10},{"type":"keyUp","value":"î€‡"}]}]}
RESULT: {"actions":[{"id":"action52","type":"key","parameters":{},"actions":[{"type":"keyDown","value":"î€‡"},{"type":"pause","duration":10},{"type":"keyUp","value":"î€‡"}]}]}
COMMAND: GET /session/e486a1c8754caeb8d733034d4643631f/screenshot - {}
RESULT: {}
COMMAND: POST /session/e486a1c8754caeb8d733034d4643631f/execute/async - {"script":"<script> [1562 bytes]","args":[{"selector":{"id":"application-manageconditionprice-display-component---conditions--smartFilterBar-filterItemControl_BASIC-BILL_TYPES-vhi"},"wdio_ui5_key":"applicationmanageconditionprice-display-component---conditions--smartFilterBar-filterItemControl_BASIC-BILL_TYPES-vhi"}]}
RESULT: {"script":"<script> [1562 bytes]","args":[{"selector":{"id":"application-manageconditionprice-display-component---conditions--smartFilterBar-filterItemControl_BASIC-BILL_TYPES-vhi"},"wdio_ui5_key":"applicationmanageconditionprice-display-component---conditions--smartFilterBar-filterItemControl_BASIC-BILL_TYPES-vhi"}]}
RESULT: undefined
COMMAND: POST /session/e486a1c8754caeb8d733034d4643631f/element - {"using":"xpath","value":"//*[@id=\"application-manageconditionprice-display-component---conditions--smartFilterBar-filterItemControl_BASIC-BILL_TYPES-vhi\"]"}
RESULT: {"using":"xpath","value":"//*[@id=\"application-manageconditionprice-display-component---conditions--smartFilterBar-filterItemControl_BASIC-BILL_TYPES-vhi\"]"}
COMMAND: POST /session/e486a1c8754caeb8d733034d4643631f/element/f.1A55FC214BCDC1A6E941175A5A5DD598.d.BC300532E7A3D1584606A7A2867BEFDC.e.11667/click - {}
RESULT: {}
COMMAND: POST /session/e486a1c8754caeb8d733034d4643631f/execute/async - {"script":"<script> [1562 bytes]","args":[{"selector":{"id":"application-manageconditionprice-display-component---conditions--smartFilterBar-filterItemControl_BASIC-BILL_TYPES-valueHelpDialog-smartFilterBar-btnBasicSearch","searchOpenDialogs":true,"interaction":{"idSuffix":"I"}},"wdio_ui5_key":"applicationmanageconditionprice-display-component---conditions--smartFilterBar-filterItemControl_BASIC-BILL_TYPES-valueHelpDialog-smartFilterBar-btnBasicSearch"}]}
COMMAND: GET /session/e486a1c8754caeb8d733034d4643631f/screenshot - {}
RESULT: {"script":"<script> [1562 bytes]","args":[{"selector":{"id":"application-manageconditionprice-display-component---conditions--smartFilterBar-filterItemControl_BASIC-BILL_TYPES-valueHelpDialog-smartFilterBar-btnBasicSearch","searchOpenDialogs":true,"interaction":{"idSuffix":"I"}},"wdio_ui5_key":"applicationmanageconditionprice-display-component---conditions--smartFilterBar-filterItemControl_BASIC-BILL_TYPES-valueHelpDialog-smartFilterBar-btnBasicSearch"}]}
RESULT: undefined
COMMAND: POST /session/e486a1c8754caeb8d733034d4643631f/execute/async - {"script":"<script> [776 bytes]","args":[{"enterText":"PB","selector":{"id":"application-manageconditionprice-display-component---conditions--smartFilterBar-filterItemControl_BASIC-BILL_TYPES-valueHelpDialog-smartFilterBar-btnBasicSearch","searchOpenDialogs":true,"interaction":{"idSuffix":"I"}},"clearTextFirst":true,"interactionType":"ENTER_TEXT"}]}
RESULT: {}
RESULT: {"script":"<script> [776 bytes]","args":[{"enterText":"PB","selector":{"id":"application-manageconditionprice-display-component---conditions--smartFilterBar-filterItemControl_BASIC-BILL_TYPES-valueHelpDialog-smartFilterBar-btnBasicSearch","searchOpenDialogs":true,"interaction":{"idSuffix":"I"}},"clearTextFirst":true,"interactionType":"ENTER_TEXT"}]}
COMMAND: POST /session/e486a1c8754caeb8d733034d4643631f/actions - {"actions":[{"id":"action53","type":"key","parameters":{},"actions":[{"type":"keyDown","value":"î€‡"},{"type":"pause","duration":10},{"type":"keyUp","value":"î€‡"}]}]}
RESULT: {"actions":[{"id":"action53","type":"key","parameters":{},"actions":[{"type":"keyDown","value":"î€‡"},{"type":"pause","duration":10},{"type":"keyUp","value":"î€‡"}]}]}
COMMAND: GET /session/e486a1c8754caeb8d733034d4643631f/screenshot - {}
RESULT: {}
COMMAND: POST /session/e486a1c8754caeb8d733034d4643631f/element - {"using":"xpath","value":"//div[contains(@id, 'application-manageconditionprice-display-component---conditions--smartFilterBar-filterItemControl_BASIC-BILL_TYPES-valueHelpDialog-table-rowsel0')]"}
RESULT: {"using":"xpath","value":"//div[contains(@id, 'application-manageconditionprice-display-component---conditions--smartFilterBar-filterItemControl_BASIC-BILL_TYPES-valueHelpDialog-table-rowsel0')]"}
COMMAND: POST /session/e486a1c8754caeb8d733034d4643631f/element/f.1A55FC214BCDC1A6E941175A5A5DD598.d.BC300532E7A3D1584606A7A2867BEFDC.e.11676/click - {}
RESULT: {}
COMMAND: GET /session/e486a1c8754caeb8d733034d4643631f/screenshot - {}
RESULT: {}
COMMAND: POST /session/e486a1c8754caeb8d733034d4643631f/element - {"using":"xpath","value":"//bdi[contains(text(), \"OK\")]"}
RESULT: {"using":"xpath","value":"//bdi[contains(text(), \"OK\")]"}
COMMAND: POST /session/e486a1c8754caeb8d733034d4643631f/element/f.1A55FC214BCDC1A6E941175A5A5DD598.d.BC300532E7A3D1584606A7A2867BEFDC.e.11678/click - {}
RESULT: {}
COMMAND: GET /session/e486a1c8754caeb8d733034d4643631f/screenshot - {}
RESULT: {}
COMMAND: POST /session/e486a1c8754caeb8d733034d4643631f/element - {"using":"xpath","value":"//span[@id=\"application-manageconditionprice-display-component---conditions--smartTable-header-inner\"]"}
RESULT: {"using":"xpath","value":"//span[@id=\"application-manageconditionprice-display-component---conditions--smartTable-header-inner\"]"}
COMMAND: POST /session/e486a1c8754caeb8d733034d4643631f/elements - {"using":"xpath","value":"//span[@id=\"application-manageconditionprice-display-component---conditions--smartTable-header-inner\"]"}
RESULT: {"using":"xpath","value":"//span[@id=\"application-manageconditionprice-display-component---conditions--smartTable-header-inner\"]"}
COMMAND: POST /session/e486a1c8754caeb8d733034d4643631f/execute/sync - {"script":"<script> [56 bytes]","args":[{"element-6066-11e4-a52e-4f735466cecf":"f.1A55FC214BCDC1A6E941175A5A5DD598.d.BC300532E7A3D1584606A7A2867BEFDC.e.11681","ELEMENT":"f.1A55FC214BCDC1A6E941175A5A5DD598.d.BC300532E7A3D1584606A7A2867BEFDC.e.11681"}]}
RESULT: {"script":"<script> [56 bytes]","args":[{"element-6066-11e4-a52e-4f735466cecf":"f.1A55FC214BCDC1A6E941175A5A5DD598.d.BC300532E7A3D1584606A7A2867BEFDC.e.11681","ELEMENT":"f.1A55FC214BCDC1A6E941175A5A5DD598.d.BC300532E7A3D1584606A7A2867BEFDC.e.11681"}]}
COMMAND: POST /session/e486a1c8754caeb8d733034d4643631f/element - {"using":"css selector","value":"#shell-header-logo"}
COMMAND: GET /session/e486a1c8754caeb8d733034d4643631f/screenshot - {}
RESULT: {"using":"css selector","value":"#shell-header-logo"}
COMMAND: POST /session/e486a1c8754caeb8d733034d4643631f/element/f.1A55FC214BCDC1A6E941175A5A5DD598.d.BC300532E7A3D1584606A7A2867BEFDC.e.11404/click - {}
RESULT: {}
RESULT: {}
COMMAND: GET /session/e486a1c8754caeb8d733034d4643631f/screenshot - {}
RESULT: {}
]]></system-out>
    </testcase>
    <testcase classname="chrome.137_0_7151_69.windows.Performance_based_billing_(work_days)_US139742" name="Should add a counter to the equipment" time="47.812">
      <system-out><![CDATA[
RESULT: undefined
COMMAND: POST /session/e486a1c8754caeb8d733034d4643631f/element - {"using":"xpath","value":"//*[@id=\"__tile39\"]"}
RESULT: {"using":"xpath","value":"//*[@id=\"__tile39\"]"}
COMMAND: POST /session/e486a1c8754caeb8d733034d4643631f/element/f.1A55FC214BCDC1A6E941175A5A5DD598.d.BC300532E7A3D1584606A7A2867BEFDC.e.10579/click - {}
RESULT: {}
COMMAND: GET /session/e486a1c8754caeb8d733034d4643631f/screenshot - {}
RESULT: {}
COMMAND: POST /session/e486a1c8754caeb8d733034d4643631f/elements - {"using":"xpath","value":"//span[text()='Error']"}
RESULT: {"using":"xpath","value":"//span[text()='Error']"}
COMMAND: POST /session/e486a1c8754caeb8d733034d4643631f/execute/async - {"script":"<script> [1562 bytes]","args":[{"selector":{"id":"application-manageresources-display-component---masterRU--smartFilterBar-btnBasicSearch","interaction":{"idSuffix":"I"}},"wdio_ui5_key":"applicationmanageresources-display-component---masterRU--smartFilterBar-btnBasicSearch"}]}
RESULT: {"script":"<script> [1562 bytes]","args":[{"selector":{"id":"application-manageresources-display-component---masterRU--smartFilterBar-btnBasicSearch","interaction":{"idSuffix":"I"}},"wdio_ui5_key":"applicationmanageresources-display-component---masterRU--smartFilterBar-btnBasicSearch"}]}
RESULT: undefined
COMMAND: POST /session/e486a1c8754caeb8d733034d4643631f/execute/async - {"script":"<script> [776 bytes]","args":[{"enterText":"uS910oBAaV","selector":{"id":"application-manageresources-display-component---masterRU--smartFilterBar-btnBasicSearch","interaction":{"idSuffix":"I"}},"clearTextFirst":true,"interactionType":"ENTER_TEXT"}]}
RESULT: {"script":"<script> [776 bytes]","args":[{"enterText":"uS910oBAaV","selector":{"id":"application-manageresources-display-component---masterRU--smartFilterBar-btnBasicSearch","interaction":{"idSuffix":"I"}},"clearTextFirst":true,"interactionType":"ENTER_TEXT"}]}
COMMAND: POST /session/e486a1c8754caeb8d733034d4643631f/actions - {"actions":[{"id":"action54","type":"key","parameters":{},"actions":[{"type":"keyDown","value":"î€‡"},{"type":"pause","duration":10},{"type":"keyUp","value":"î€‡"}]}]}
RESULT: {"actions":[{"id":"action54","type":"key","parameters":{},"actions":[{"type":"keyDown","value":"î€‡"},{"type":"pause","duration":10},{"type":"keyUp","value":"î€‡"}]}]}
COMMAND: GET /session/e486a1c8754caeb8d733034d4643631f/screenshot - {}
RESULT: {}
COMMAND: POST /session/e486a1c8754caeb8d733034d4643631f/execute/async - {"script":"<script> [1562 bytes]","args":[{"selector":{"id":"application-manageresources-display-component---masterRU--smartTable-header"},"wdio_ui5_key":"applicationmanageresources-display-component---masterRU--smartTable-header"}]}
RESULT: {"script":"<script> [1562 bytes]","args":[{"selector":{"id":"application-manageresources-display-component---masterRU--smartTable-header"},"wdio_ui5_key":"applicationmanageresources-display-component---masterRU--smartTable-header"}]}
RESULT: undefined
COMMAND: POST /session/e486a1c8754caeb8d733034d4643631f/execute/async - {"script":"<script> [6424 bytes]","args":[{"element-6066-11e4-a52e-4f735466cecf":"f.1A55FC214BCDC1A6E941175A5A5DD598.d.BC300532E7A3D1584606A7A2867BEFDC.e.11868"},"getText",[]]}
RESULT: {"script":"<script> [6424 bytes]","args":[{"element-6066-11e4-a52e-4f735466cecf":"f.1A55FC214BCDC1A6E941175A5A5DD598.d.BC300532E7A3D1584606A7A2867BEFDC.e.11868"},"getText",[]]}
COMMAND: POST /session/e486a1c8754caeb8d733034d4643631f/execute/async - {"script":"<script> [1562 bytes]","args":[{"selector":{"controlType":"sap.ui.core.Icon","viewName":"etm.portal.ui.manageresources.view.Master","viewId":"application-manageresources-display-component---masterRU","properties":{"src":{"regex":{"source":"slim\\-arrow\\-right"}}}},"wdio_ui5_key":"etmportal.ui.manageresources.view.Mastersap.ui.core.Icon{\"src\":{\"regex\":{\"source\":\"slim\\\\-arrow\\\\-right\"}}}"}]}
RESULT: {"script":"<script> [1562 bytes]","args":[{"selector":{"controlType":"sap.ui.core.Icon","viewName":"etm.portal.ui.manageresources.view.Master","viewId":"application-manageresources-display-component---masterRU","properties":{"src":{"regex":{"source":"slim\\-arrow\\-right"}}}},"wdio_ui5_key":"etmportal.ui.manageresources.view.Mastersap.ui.core.Icon{\"src\":{\"regex\":{\"source\":\"slim\\\\-arrow\\\\-right\"}}}"}]}
RESULT: undefined
COMMAND: POST /session/e486a1c8754caeb8d733034d4643631f/element - {"using":"xpath","value":"//*[@id=\"__item1265-__clone3344-imgNav\"]"}
RESULT: {"using":"xpath","value":"//*[@id=\"__item1265-__clone3344-imgNav\"]"}
COMMAND: POST /session/e486a1c8754caeb8d733034d4643631f/element/f.1A55FC214BCDC1A6E941175A5A5DD598.d.BC300532E7A3D1584606A7A2867BEFDC.e.11867/click - {}
RESULT: {}
COMMAND: GET /session/e486a1c8754caeb8d733034d4643631f/screenshot - {}
RESULT: {}
COMMAND: POST /session/e486a1c8754caeb8d733034d4643631f/element - {"using":"xpath","value":"//bdi[contains(text(), \"Edit\")]"}
RESULT: {"using":"xpath","value":"//bdi[contains(text(), \"Edit\")]"}
COMMAND: POST /session/e486a1c8754caeb8d733034d4643631f/execute/sync - {"script":"<script> [8489 bytes]","args":[{"element-6066-11e4-a52e-4f735466cecf":"f.1A55FC214BCDC1A6E941175A5A5DD598.d.BC300532E7A3D1584606A7A2867BEFDC.e.11977","ELEMENT":"f.1A55FC214BCDC1A6E941175A5A5DD598.d.BC300532E7A3D1584606A7A2867BEFDC.e.11977"}]}
RESULT: {"script":"<script> [8489 bytes]","args":[{"element-6066-11e4-a52e-4f735466cecf":"f.1A55FC214BCDC1A6E941175A5A5DD598.d.BC300532E7A3D1584606A7A2867BEFDC.e.11977","ELEMENT":"f.1A55FC214BCDC1A6E941175A5A5DD598.d.BC300532E7A3D1584606A7A2867BEFDC.e.11977"}]}
COMMAND: POST /session/e486a1c8754caeb8d733034d4643631f/element/f.1A55FC214BCDC1A6E941175A5A5DD598.d.BC300532E7A3D1584606A7A2867BEFDC.e.11977/click - {}
COMMAND: GET /session/e486a1c8754caeb8d733034d4643631f/screenshot - {}
RESULT: {}
RESULT: {}
COMMAND: GET /session/e486a1c8754caeb8d733034d4643631f/screenshot - {}
RESULT: {}
COMMAND: POST /session/e486a1c8754caeb8d733034d4643631f/execute/async - {"script":"<script> [1562 bytes]","args":[{"selector":{"id":"application-manageresources-display-component---editResource--editRruPage-anchBar-application-manageresources-display-component---editResource--counters-anchor","interaction":{"idSuffix":"BDI-content"}},"wdio_ui5_key":"applicationmanageresources-display-component---editResource--editRruPage-anchBar-application-manageresources-display-component---editResource--counters-anchor"}]}
RESULT: {"script":"<script> [1562 bytes]","args":[{"selector":{"id":"application-manageresources-display-component---editResource--editRruPage-anchBar-application-manageresources-display-component---editResource--counters-anchor","interaction":{"idSuffix":"BDI-content"}},"wdio_ui5_key":"applicationmanageresources-display-component---editResource--editRruPage-anchBar-application-manageresources-display-component---editResource--counters-anchor"}]}
RESULT: undefined
COMMAND: POST /session/e486a1c8754caeb8d733034d4643631f/element - {"using":"xpath","value":"//*[@id=\"application-manageresources-display-component---editResource--editRruPage-anchBar-application-manageresources-display-component---editResource--counters-anchor\"]"}
RESULT: {"using":"xpath","value":"//*[@id=\"application-manageresources-display-component---editResource--editRruPage-anchBar-application-manageresources-display-component---editResource--counters-anchor\"]"}
COMMAND: POST /session/e486a1c8754caeb8d733034d4643631f/element/f.1A55FC214BCDC1A6E941175A5A5DD598.d.BC300532E7A3D1584606A7A2867BEFDC.e.12233/click - {}
RESULT: {}
COMMAND: GET /session/e486a1c8754caeb8d733034d4643631f/screenshot - {}
RESULT: {}
COMMAND: POST /session/e486a1c8754caeb8d733034d4643631f/execute/async - {"script":"<script> [1562 bytes]","args":[{"selector":{"id":"application-manageresources-display-component---editResource--btnAddCounter-img"},"wdio_ui5_key":"applicationmanageresources-display-component---editResource--btnAddCounter-img"}]}
RESULT: {"script":"<script> [1562 bytes]","args":[{"selector":{"id":"application-manageresources-display-component---editResource--btnAddCounter-img"},"wdio_ui5_key":"applicationmanageresources-display-component---editResource--btnAddCounter-img"}]}
RESULT: undefined
COMMAND: POST /session/e486a1c8754caeb8d733034d4643631f/element - {"using":"xpath","value":"//*[@id=\"application-manageresources-display-component---editResource--btnAddCounter-img\"]"}
RESULT: {"using":"xpath","value":"//*[@id=\"application-manageresources-display-component---editResource--btnAddCounter-img\"]"}
COMMAND: POST /session/e486a1c8754caeb8d733034d4643631f/element/f.1A55FC214BCDC1A6E941175A5A5DD598.d.BC300532E7A3D1584606A7A2867BEFDC.e.12238/click - {}
RESULT: {}
COMMAND: POST /session/e486a1c8754caeb8d733034d4643631f/execute/async - {"script":"<script> [1562 bytes]","args":[{"selector":{"id":"application-manageresources-display-component---editResource--COUNTER_ID-application-manageresources-display-component---editResource--RUCounters-0-arrow"},"wdio_ui5_key":"applicationmanageresources-display-component---editResource--COUNTER_ID-application-manageresources-display-component---editResource--RUCounters-0-arrow"}]}
COMMAND: GET /session/e486a1c8754caeb8d733034d4643631f/screenshot - {}
RESULT: {"script":"<script> [1562 bytes]","args":[{"selector":{"id":"application-manageresources-display-component---editResource--COUNTER_ID-application-manageresources-display-component---editResource--RUCounters-0-arrow"},"wdio_ui5_key":"applicationmanageresources-display-component---editResource--COUNTER_ID-application-manageresources-display-component---editResource--RUCounters-0-arrow"}]}
RESULT: undefined
COMMAND: POST /session/e486a1c8754caeb8d733034d4643631f/element - {"using":"xpath","value":"//*[@id=\"application-manageresources-display-component---editResource--COUNTER_ID-application-manageresources-display-component---editResource--RUCounters-0-arrow\"]"}
RESULT: {}
RESULT: {"using":"xpath","value":"//*[@id=\"application-manageresources-display-component---editResource--COUNTER_ID-application-manageresources-display-component---editResource--RUCounters-0-arrow\"]"}
COMMAND: POST /session/e486a1c8754caeb8d733034d4643631f/element/f.1A55FC214BCDC1A6E941175A5A5DD598.d.BC300532E7A3D1584606A7A2867BEFDC.e.12251/click - {}
RESULT: {}
COMMAND: POST /session/e486a1c8754caeb8d733034d4643631f/execute/async - {"script":"<script> [1562 bytes]","args":[{"selector":{"controlType":"sap.m.StandardListItem","viewName":"etm.portal.ui.manageresources.view.EditResource","viewId":"application-manageresources-display-component---editResource","properties":{"title":"fuel"},"searchOpenDialogs":true,"interaction":{"idSuffix":"content"}},"wdio_ui5_key":"etmportal.ui.manageresources.view.EditResourcesap.m.StandardListItem{\"title\":\"fuel\"}"}]}
COMMAND: GET /session/e486a1c8754caeb8d733034d4643631f/screenshot - {}
RESULT: {"script":"<script> [1562 bytes]","args":[{"selector":{"controlType":"sap.m.StandardListItem","viewName":"etm.portal.ui.manageresources.view.EditResource","viewId":"application-manageresources-display-component---editResource","properties":{"title":"fuel"},"searchOpenDialogs":true,"interaction":{"idSuffix":"content"}},"wdio_ui5_key":"etmportal.ui.manageresources.view.EditResourcesap.m.StandardListItem{\"title\":\"fuel\"}"}]}
RESULT: undefined
COMMAND: POST /session/e486a1c8754caeb8d733034d4643631f/element - {"using":"xpath","value":"//*[@id=\"__item1593\"]"}
RESULT: {}
RESULT: {"using":"xpath","value":"//*[@id=\"__item1593\"]"}
COMMAND: POST /session/e486a1c8754caeb8d733034d4643631f/element/f.1A55FC214BCDC1A6E941175A5A5DD598.d.BC300532E7A3D1584606A7A2867BEFDC.e.12253/click - {}
RESULT: {}
COMMAND: POST /session/e486a1c8754caeb8d733034d4643631f/execute/async - {"script":"<script> [1562 bytes]","args":[{"selector":{"controlType":"sap.m.Button","viewName":"etm.portal.ui.manageresources.view.EditResource","viewId":"application-manageresources-display-component---editResource","i18NText":{"propertyName":"text","key":"save"},"interaction":{"idSuffix":"BDI-content"}},"wdio_ui5_key":"etmportal.ui.manageresources.view.EditResourcesap.m.Button{\"propertyName\":\"text\",\"key\":\"save\"}"}]}
COMMAND: GET /session/e486a1c8754caeb8d733034d4643631f/screenshot - {}
RESULT: {"script":"<script> [1562 bytes]","args":[{"selector":{"controlType":"sap.m.Button","viewName":"etm.portal.ui.manageresources.view.EditResource","viewId":"application-manageresources-display-component---editResource","i18NText":{"propertyName":"text","key":"save"},"interaction":{"idSuffix":"BDI-content"}},"wdio_ui5_key":"etmportal.ui.manageresources.view.EditResourcesap.m.Button{\"propertyName\":\"text\",\"key\":\"save\"}"}]}
RESULT: undefined
COMMAND: POST /session/e486a1c8754caeb8d733034d4643631f/element - {"using":"xpath","value":"//*[@id=\"__button189\"]"}
RESULT: {}
RESULT: {"using":"xpath","value":"//*[@id=\"__button189\"]"}
COMMAND: POST /session/e486a1c8754caeb8d733034d4643631f/element/f.1A55FC214BCDC1A6E941175A5A5DD598.d.BC300532E7A3D1584606A7A2867BEFDC.e.12255/click - {}
RESULT: {}
COMMAND: GET /session/e486a1c8754caeb8d733034d4643631f/screenshot - {}
RESULT: {}
COMMAND: POST /session/e486a1c8754caeb8d733034d4643631f/element - {"using":"css selector","value":"#shell-header-logo"}
RESULT: {"using":"css selector","value":"#shell-header-logo"}
COMMAND: POST /session/e486a1c8754caeb8d733034d4643631f/element/f.1A55FC214BCDC1A6E941175A5A5DD598.d.BC300532E7A3D1584606A7A2867BEFDC.e.11686/click - {}
RESULT: {}
COMMAND: GET /session/e486a1c8754caeb8d733034d4643631f/screenshot - {}
RESULT: {}
]]></system-out>
    </testcase>
  </testsuite>
  <testsuite timestamp="2025-06-05T17:59:45" time="1208.941" tests="20" failures="14" errors="14" skipped="0">
    <properties>
      <property name="specId" value="0" />
      <property name="suiteName" value="Billing Calculation - Time based (considering transport times) US139738" />
      <property name="capabilities" value="chrome.137_0_7151_69.windows" />
      <property name="file" value="file:///D:/a/1/s/test/specs/BTS/billing-calculation-transp-times.spec.js" />
    </properties>
    <testcase classname="chrome.137_0_7151_69.windows.Billing_Calculation_-_Time_based_(considering_transport_times)_US139738" name="Should create a new yard" time="0.011">
      <system-out><![CDATA[
COMMAND: POST /session/e486a1c8754caeb8d733034d4643631f/window/fullscreen - {}
RESULT: {}
]]></system-out>
    </testcase>
    <testcase classname="chrome.137_0_7151_69.windows.Billing_Calculation_-_Time_based_(considering_transport_times)_US139738" name="Should create a new partner" time="0.002" />
    <testcase classname="chrome.137_0_7151_69.windows.Billing_Calculation_-_Time_based_(considering_transport_times)_US139738" name="Should create a new site" time="0.002" />
    <testcase classname="chrome.137_0_7151_69.windows.Billing_Calculation_-_Time_based_(considering_transport_times)_US139738" name="Should create the equipment" time="134.3">
      <system-out><![CDATA[
COMMAND: POST /session/e486a1c8754caeb8d733034d4643631f/execute/async - {"script":"<script> [1562 bytes]","args":[{"selector":{"controlType":"sap.m.GenericTile","properties":{"header":"Manage Resources"}},"wdio_ui5_key":"sapm.GenericTile{\"header\":\"Manage Resources\"}"}]}
RESULT: {"script":"<script> [1562 bytes]","args":[{"selector":{"controlType":"sap.m.GenericTile","properties":{"header":"Manage Resources"}},"wdio_ui5_key":"sapm.GenericTile{\"header\":\"Manage Resources\"}"}]}
RESULT: undefined
COMMAND: POST /session/e486a1c8754caeb8d733034d4643631f/element - {"using":"xpath","value":"//*[@id=\"__tile39\"]"}
RESULT: {"using":"xpath","value":"//*[@id=\"__tile39\"]"}
COMMAND: POST /session/e486a1c8754caeb8d733034d4643631f/element/f.1A55FC214BCDC1A6E941175A5A5DD598.d.D21C07CB567D2884805880FC09F3F58B.e.12857/click - {}
RESULT: {}
COMMAND: GET /session/e486a1c8754caeb8d733034d4643631f/screenshot - {}
RESULT: {}
COMMAND: POST /session/e486a1c8754caeb8d733034d4643631f/elements - {"using":"xpath","value":"//span[text()='Error']"}
RESULT: {"using":"xpath","value":"//span[text()='Error']"}
COMMAND: POST /session/e486a1c8754caeb8d733034d4643631f/element - {"using":"xpath","value":"//button[@data-kt=\"addNewRUOverflowToolbarButton\"]"}
RESULT: {"using":"xpath","value":"//button[@data-kt=\"addNewRUOverflowToolbarButton\"]"}
COMMAND: POST /session/e486a1c8754caeb8d733034d4643631f/elements - {"using":"xpath","value":"//button[@data-kt=\"addNewRUOverflowToolbarButton\"]"}
RESULT: {"using":"xpath","value":"//button[@data-kt=\"addNewRUOverflowToolbarButton\"]"}
COMMAND: POST /session/e486a1c8754caeb8d733034d4643631f/elements - {"using":"xpath","value":"//button[@data-kt=\"addNewRUOverflowToolbarButton\"]"}
RESULT: {"using":"xpath","value":"//button[@data-kt=\"addNewRUOverflowToolbarButton\"]"}
COMMAND: POST /session/e486a1c8754caeb8d733034d4643631f/elements - {"using":"xpath","value":"//button[@data-kt=\"addNewRUOverflowToolbarButton\"]"}
RESULT: {"using":"xpath","value":"//button[@data-kt=\"addNewRUOverflowToolbarButton\"]"}
COMMAND: POST /session/e486a1c8754caeb8d733034d4643631f/elements - {"using":"xpath","value":"//button[@data-kt=\"addNewRUOverflowToolbarButton\"]"}
RESULT: {"using":"xpath","value":"//button[@data-kt=\"addNewRUOverflowToolbarButton\"]"}
COMMAND: POST /session/e486a1c8754caeb8d733034d4643631f/elements - {"using":"xpath","value":"//button[@data-kt=\"addNewRUOverflowToolbarButton\"]"}
RESULT: {"using":"xpath","value":"//button[@data-kt=\"addNewRUOverflowToolbarButton\"]"}
COMMAND: POST /session/e486a1c8754caeb8d733034d4643631f/elements - {"using":"xpath","value":"//button[@data-kt=\"addNewRUOverflowToolbarButton\"]"}
RESULT: {"using":"xpath","value":"//button[@data-kt=\"addNewRUOverflowToolbarButton\"]"}
COMMAND: POST /session/e486a1c8754caeb8d733034d4643631f/element - {"using":"xpath","value":"//button[@data-kt=\"addNewRUOverflowToolbarButton\"]"}
RESULT: {"using":"xpath","value":"//button[@data-kt=\"addNewRUOverflowToolbarButton\"]"}
COMMAND: POST /session/e486a1c8754caeb8d733034d4643631f/execute/sync - {"script":"<script> [8489 bytes]","args":[{"element-6066-11e4-a52e-4f735466cecf":"f.1A55FC214BCDC1A6E941175A5A5DD598.d.D21C07CB567D2884805880FC09F3F58B.e.12997","ELEMENT":"f.1A55FC214BCDC1A6E941175A5A5DD598.d.D21C07CB567D2884805880FC09F3F58B.e.12997"}]}
RESULT: {"script":"<script> [8489 bytes]","args":[{"element-6066-11e4-a52e-4f735466cecf":"f.1A55FC214BCDC1A6E941175A5A5DD598.d.D21C07CB567D2884805880FC09F3F58B.e.12997","ELEMENT":"f.1A55FC214BCDC1A6E941175A5A5DD598.d.D21C07CB567D2884805880FC09F3F58B.e.12997"}]}
COMMAND: GET /session/e486a1c8754caeb8d733034d4643631f/element/f.1A55FC214BCDC1A6E941175A5A5DD598.d.D21C07CB567D2884805880FC09F3F58B.e.12997/enabled - {}
COMMAND: GET /session/e486a1c8754caeb8d733034d4643631f/screenshot - {}
RESULT: {}
COMMAND: POST /session/e486a1c8754caeb8d733034d4643631f/execute/sync - {"script":"<script> [8489 bytes]","args":[{"element-6066-11e4-a52e-4f735466cecf":"f.1A55FC214BCDC1A6E941175A5A5DD598.d.D21C07CB567D2884805880FC09F3F58B.e.12997","ELEMENT":"f.1A55FC214BCDC1A6E941175A5A5DD598.d.D21C07CB567D2884805880FC09F3F58B.e.12997"}]}
COMMAND: GET /session/e486a1c8754caeb8d733034d4643631f/screenshot - {}
RESULT: {}
RESULT: {"script":"<script> [8489 bytes]","args":[{"element-6066-11e4-a52e-4f735466cecf":"f.1A55FC214BCDC1A6E941175A5A5DD598.d.D21C07CB567D2884805880FC09F3F58B.e.12997","ELEMENT":"f.1A55FC214BCDC1A6E941175A5A5DD598.d.D21C07CB567D2884805880FC09F3F58B.e.12997"}]}
COMMAND: POST /session/e486a1c8754caeb8d733034d4643631f/execute/sync - {"script":"<script> [5351 bytes]","args":[{"element-6066-11e4-a52e-4f735466cecf":"f.1A55FC214BCDC1A6E941175A5A5DD598.d.D21C07CB567D2884805880FC09F3F58B.e.12997","ELEMENT":"f.1A55FC214BCDC1A6E941175A5A5DD598.d.D21C07CB567D2884805880FC09F3F58B.e.12997"}]}
COMMAND: GET /session/e486a1c8754caeb8d733034d4643631f/screenshot - {}
RESULT: {}
RESULT: {"script":"<script> [5351 bytes]","args":[{"element-6066-11e4-a52e-4f735466cecf":"f.1A55FC214BCDC1A6E941175A5A5DD598.d.D21C07CB567D2884805880FC09F3F58B.e.12997","ELEMENT":"f.1A55FC214BCDC1A6E941175A5A5DD598.d.D21C07CB567D2884805880FC09F3F58B.e.12997"}]}
COMMAND: POST /session/e486a1c8754caeb8d733034d4643631f/element/f.1A55FC214BCDC1A6E941175A5A5DD598.d.D21C07CB567D2884805880FC09F3F58B.e.12997/click - {}
COMMAND: GET /session/e486a1c8754caeb8d733034d4643631f/screenshot - {}
RESULT: {}
RESULT: {}
RESULT: {}
COMMAND: GET /session/e486a1c8754caeb8d733034d4643631f/screenshot - {}
RESULT: {}
COMMAND: POST /session/e486a1c8754caeb8d733034d4643631f/execute/async - {"script":"<script> [1562 bytes]","args":[{"selector":{"id":"application-manageresources-display-component---newResourceUnit--TYPE-arrow"},"wdio_ui5_key":"applicationmanageresources-display-component---newResourceUnit--TYPE-arrow"}]}
RESULT: {"script":"<script> [1562 bytes]","args":[{"selector":{"id":"application-manageresources-display-component---newResourceUnit--TYPE-arrow"},"wdio_ui5_key":"applicationmanageresources-display-component---newResourceUnit--TYPE-arrow"}]}
RESULT: undefined
COMMAND: POST /session/e486a1c8754caeb8d733034d4643631f/element - {"using":"xpath","value":"//*[@id=\"application-manageresources-display-component---newResourceUnit--TYPE-arrow\"]"}
RESULT: {"using":"xpath","value":"//*[@id=\"application-manageresources-display-component---newResourceUnit--TYPE-arrow\"]"}
COMMAND: POST /session/e486a1c8754caeb8d733034d4643631f/element/f.1A55FC214BCDC1A6E941175A5A5DD598.d.D21C07CB567D2884805880FC09F3F58B.e.13366/click - {}
RESULT: {}
COMMAND: POST /session/e486a1c8754caeb8d733034d4643631f/element - {"using":"xpath","value":"//input[@id=\"application-manageresources-display-component---newResourceUnit--TYPE-inner\"]"}
COMMAND: GET /session/e486a1c8754caeb8d733034d4643631f/screenshot - {}
RESULT: {"using":"xpath","value":"//input[@id=\"application-manageresources-display-component---newResourceUnit--TYPE-inner\"]"}
COMMAND: POST /session/e486a1c8754caeb8d733034d4643631f/element/f.1A55FC214BCDC1A6E941175A5A5DD598.d.D21C07CB567D2884805880FC09F3F58B.e.13346/clear - {}
RESULT: {}
RESULT: {}
COMMAND: POST /session/e486a1c8754caeb8d733034d4643631f/element/f.1A55FC214BCDC1A6E941175A5A5DD598.d.D21C07CB567D2884805880FC09F3F58B.e.13346/value - {"text":"Equipment"}
COMMAND: GET /session/e486a1c8754caeb8d733034d4643631f/screenshot - {}
RESULT: {"text":"Equipment"}
COMMAND: GET /session/e486a1c8754caeb8d733034d4643631f/screenshot - {}
RESULT: {}
RESULT: {}
COMMAND: POST /session/e486a1c8754caeb8d733034d4643631f/actions - {"actions":[{"id":"action56","type":"key","parameters":{},"actions":[{"type":"keyDown","value":"î€‡"},{"type":"pause","duration":10},{"type":"keyUp","value":"î€‡"}]}]}
RESULT: {"actions":[{"id":"action56","type":"key","parameters":{},"actions":[{"type":"keyDown","value":"î€‡"},{"type":"pause","duration":10},{"type":"keyUp","value":"î€‡"}]}]}
COMMAND: POST /session/e486a1c8754caeb8d733034d4643631f/execute/async - {"script":"<script> [1562 bytes]","args":[{"selector":{"id":"application-manageresources-display-component---newResourceUnit--resourceId","interaction":{"idSuffix":"inner"}},"wdio_ui5_key":"applicationmanageresources-display-component---newResourceUnit--resourceId"}]}
COMMAND: GET /session/e486a1c8754caeb8d733034d4643631f/screenshot - {}
RESULT: {"script":"<script> [1562 bytes]","args":[{"selector":{"id":"application-manageresources-display-component---newResourceUnit--resourceId","interaction":{"idSuffix":"inner"}},"wdio_ui5_key":"applicationmanageresources-display-component---newResourceUnit--resourceId"}]}
RESULT: undefined
COMMAND: POST /session/e486a1c8754caeb8d733034d4643631f/execute/async - {"script":"<script> [776 bytes]","args":[{"enterText":"L21Puvuouk","selector":{"id":"application-manageresources-display-component---newResourceUnit--resourceId","interaction":{"idSuffix":"inner"}},"clearTextFirst":true,"interactionType":"ENTER_TEXT"}]}
RESULT: {}
RESULT: {"script":"<script> [776 bytes]","args":[{"enterText":"L21Puvuouk","selector":{"id":"application-manageresources-display-component---newResourceUnit--resourceId","interaction":{"idSuffix":"inner"}},"clearTextFirst":true,"interactionType":"ENTER_TEXT"}]}
COMMAND: POST /session/e486a1c8754caeb8d733034d4643631f/execute/async - {"script":"<script> [1562 bytes]","args":[{"selector":{"id":"application-manageresources-display-component---newResourceUnit--SHORT_TEXT","interaction":{"idSuffix":"inner"}},"wdio_ui5_key":"applicationmanageresources-display-component---newResourceUnit--SHORT_TEXT"}]}
RESULT: {"script":"<script> [1562 bytes]","args":[{"selector":{"id":"application-manageresources-display-component---newResourceUnit--SHORT_TEXT","interaction":{"idSuffix":"inner"}},"wdio_ui5_key":"applicationmanageresources-display-component---newResourceUnit--SHORT_TEXT"}]}
RESULT: undefined
COMMAND: POST /session/e486a1c8754caeb8d733034d4643631f/execute/async - {"script":"<script> [776 bytes]","args":[{"enterText":"Intercompany Equipment WDIO","selector":{"id":"application-manageresources-display-component---newResourceUnit--SHORT_TEXT","interaction":{"idSuffix":"inner"}},"clearTextFirst":true,"interactionType":"ENTER_TEXT"}]}
RESULT: {"script":"<script> [776 bytes]","args":[{"enterText":"Intercompany Equipment WDIO","selector":{"id":"application-manageresources-display-component---newResourceUnit--SHORT_TEXT","interaction":{"idSuffix":"inner"}},"clearTextFirst":true,"interactionType":"ENTER_TEXT"}]}
COMMAND: POST /session/e486a1c8754caeb8d733034d4643631f/execute/async - {"script":"<script> [1562 bytes]","args":[{"selector":{"id":"application-manageresources-display-component---newResourceUnit--BASE_UNIT_OF_MEASURE","interaction":{"idSuffix":"inner"}},"wdio_ui5_key":"applicationmanageresources-display-component---newResourceUnit--BASE_UNIT_OF_MEASURE"}]}
RESULT: {"script":"<script> [1562 bytes]","args":[{"selector":{"id":"application-manageresources-display-component---newResourceUnit--BASE_UNIT_OF_MEASURE","interaction":{"idSuffix":"inner"}},"wdio_ui5_key":"applicationmanageresources-display-component---newResourceUnit--BASE_UNIT_OF_MEASURE"}]}
RESULT: undefined
COMMAND: POST /session/e486a1c8754caeb8d733034d4643631f/execute/async - {"script":"<script> [776 bytes]","args":[{"enterText":"Piece","selector":{"id":"application-manageresources-display-component---newResourceUnit--BASE_UNIT_OF_MEASURE","interaction":{"idSuffix":"inner"}},"clearTextFirst":true,"interactionType":"ENTER_TEXT"}]}
RESULT: {"script":"<script> [776 bytes]","args":[{"enterText":"Piece","selector":{"id":"application-manageresources-display-component---newResourceUnit--BASE_UNIT_OF_MEASURE","interaction":{"idSuffix":"inner"}},"clearTextFirst":true,"interactionType":"ENTER_TEXT"}]}
COMMAND: POST /session/e486a1c8754caeb8d733034d4643631f/execute/async - {"script":"<script> [1562 bytes]","args":[{"selector":{"id":"application-manageresources-display-component---newResourceUnit--WEIGHT_UNIT","interaction":{"idSuffix":"inner"}},"wdio_ui5_key":"applicationmanageresources-display-component---newResourceUnit--WEIGHT_UNIT"}]}
RESULT: {"script":"<script> [1562 bytes]","args":[{"selector":{"id":"application-manageresources-display-component---newResourceUnit--WEIGHT_UNIT","interaction":{"idSuffix":"inner"}},"wdio_ui5_key":"applicationmanageresources-display-component---newResourceUnit--WEIGHT_UNIT"}]}
RESULT: undefined
COMMAND: POST /session/e486a1c8754caeb8d733034d4643631f/execute/async - {"script":"<script> [776 bytes]","args":[{"enterText":"Gram","selector":{"id":"application-manageresources-display-component---newResourceUnit--WEIGHT_UNIT","interaction":{"idSuffix":"inner"}},"clearTextFirst":true,"interactionType":"ENTER_TEXT"}]}
RESULT: {"script":"<script> [776 bytes]","args":[{"enterText":"Gram","selector":{"id":"application-manageresources-display-component---newResourceUnit--WEIGHT_UNIT","interaction":{"idSuffix":"inner"}},"clearTextFirst":true,"interactionType":"ENTER_TEXT"}]}
COMMAND: POST /session/e486a1c8754caeb8d733034d4643631f/execute/async - {"script":"<script> [1562 bytes]","args":[{"selector":{"id":"application-manageresources-display-component---newResourceUnit--DIMENSION_UNIT","interaction":{"idSuffix":"inner"}},"wdio_ui5_key":"applicationmanageresources-display-component---newResourceUnit--DIMENSION_UNIT"}]}
RESULT: {"script":"<script> [1562 bytes]","args":[{"selector":{"id":"application-manageresources-display-component---newResourceUnit--DIMENSION_UNIT","interaction":{"idSuffix":"inner"}},"wdio_ui5_key":"applicationmanageresources-display-component---newResourceUnit--DIMENSION_UNIT"}]}
RESULT: undefined
COMMAND: POST /session/e486a1c8754caeb8d733034d4643631f/execute/async - {"script":"<script> [776 bytes]","args":[{"enterText":"Meter","selector":{"id":"application-manageresources-display-component---newResourceUnit--DIMENSION_UNIT","interaction":{"idSuffix":"inner"}},"clearTextFirst":true,"interactionType":"ENTER_TEXT"}]}
RESULT: {"script":"<script> [776 bytes]","args":[{"enterText":"Meter","selector":{"id":"application-manageresources-display-component---newResourceUnit--DIMENSION_UNIT","interaction":{"idSuffix":"inner"}},"clearTextFirst":true,"interactionType":"ENTER_TEXT"}]}
COMMAND: POST /session/e486a1c8754caeb8d733034d4643631f/execute/async - {"script":"<script> [1562 bytes]","args":[{"selector":{"id":"application-manageresources-display-component---newResourceUnit--newRRUPage-anchBar-application-manageresources-display-component---newResourceUnit--control-anchor","interaction":{"idSuffix":"BDI-content"}},"wdio_ui5_key":"applicationmanageresources-display-component---newResourceUnit--newRRUPage-anchBar-application-manageresources-display-component---newResourceUnit--control-anchor"}]}
RESULT: {"script":"<script> [1562 bytes]","args":[{"selector":{"id":"application-manageresources-display-component---newResourceUnit--newRRUPage-anchBar-application-manageresources-display-component---newResourceUnit--control-anchor","interaction":{"idSuffix":"BDI-content"}},"wdio_ui5_key":"applicationmanageresources-display-component---newResourceUnit--newRRUPage-anchBar-application-manageresources-display-component---newResourceUnit--control-anchor"}]}
RESULT: undefined
COMMAND: POST /session/e486a1c8754caeb8d733034d4643631f/element - {"using":"xpath","value":"//*[@id=\"application-manageresources-display-component---newResourceUnit--newRRUPage-anchBar-application-manageresources-display-component---newResourceUnit--control-anchor\"]"}
RESULT: {"using":"xpath","value":"//*[@id=\"application-manageresources-display-component---newResourceUnit--newRRUPage-anchBar-application-manageresources-display-component---newResourceUnit--control-anchor\"]"}
COMMAND: POST /session/e486a1c8754caeb8d733034d4643631f/element/f.1A55FC214BCDC1A6E941175A5A5DD598.d.D21C07CB567D2884805880FC09F3F58B.e.13525/click - {}
RESULT: {}
COMMAND: POST /session/e486a1c8754caeb8d733034d4643631f/execute/async - {"script":"<script> [1562 bytes]","args":[{"selector":{"id":"application-manageresources-display-component---newResourceUnit--PLANNING_GROUP","interaction":{"idSuffix":"inner"}},"wdio_ui5_key":"applicationmanageresources-display-component---newResourceUnit--PLANNING_GROUP"}]}
COMMAND: GET /session/e486a1c8754caeb8d733034d4643631f/screenshot - {}
RESULT: {"script":"<script> [1562 bytes]","args":[{"selector":{"id":"application-manageresources-display-component---newResourceUnit--PLANNING_GROUP","interaction":{"idSuffix":"inner"}},"wdio_ui5_key":"applicationmanageresources-display-component---newResourceUnit--PLANNING_GROUP"}]}
RESULT: undefined
COMMAND: POST /session/e486a1c8754caeb8d733034d4643631f/execute/async - {"script":"<script> [776 bytes]","args":[{"enterText":"Heavy Equi","selector":{"id":"application-manageresources-display-component---newResourceUnit--PLANNING_GROUP","interaction":{"idSuffix":"inner"}},"clearTextFirst":true,"interactionType":"ENTER_TEXT"}]}
RESULT: {}
RESULT: {"script":"<script> [776 bytes]","args":[{"enterText":"Heavy Equi","selector":{"id":"application-manageresources-display-component---newResourceUnit--PLANNING_GROUP","interaction":{"idSuffix":"inner"}},"clearTextFirst":true,"interactionType":"ENTER_TEXT"}]}
COMMAND: POST /session/e486a1c8754caeb8d733034d4643631f/execute/async - {"script":"<script> [1562 bytes]","args":[{"selector":{"id":"application-manageresources-display-component---newResourceUnit--ITEM_TYPE-arrow"},"wdio_ui5_key":"applicationmanageresources-display-component---newResourceUnit--ITEM_TYPE-arrow"}]}
RESULT: {"script":"<script> [1562 bytes]","args":[{"selector":{"id":"application-manageresources-display-component---newResourceUnit--ITEM_TYPE-arrow"},"wdio_ui5_key":"applicationmanageresources-display-component---newResourceUnit--ITEM_TYPE-arrow"}]}
RESULT: undefined
COMMAND: POST /session/e486a1c8754caeb8d733034d4643631f/element - {"using":"xpath","value":"//*[@id=\"application-manageresources-display-component---newResourceUnit--ITEM_TYPE-arrow\"]"}
RESULT: {"using":"xpath","value":"//*[@id=\"application-manageresources-display-component---newResourceUnit--ITEM_TYPE-arrow\"]"}
COMMAND: POST /session/e486a1c8754caeb8d733034d4643631f/element/f.1A55FC214BCDC1A6E941175A5A5DD598.d.D21C07CB567D2884805880FC09F3F58B.e.13532/click - {}
RESULT: {}
COMMAND: POST /session/e486a1c8754caeb8d733034d4643631f/element - {"using":"xpath","value":"//ul[contains(@id,\"ITEM_TYPE-popup-list-listUl\")]//li[.//span[contains(text(),\"Resource Unit\")]]"}
COMMAND: GET /session/e486a1c8754caeb8d733034d4643631f/screenshot - {}
RESULT: {"using":"xpath","value":"//ul[contains(@id,\"ITEM_TYPE-popup-list-listUl\")]//li[.//span[contains(text(),\"Resource Unit\")]]"}
COMMAND: POST /session/e486a1c8754caeb8d733034d4643631f/element/f.1A55FC214BCDC1A6E941175A5A5DD598.d.D21C07CB567D2884805880FC09F3F58B.e.13533/click - {}
RESULT: {}
RESULT: {}
COMMAND: GET /session/e486a1c8754caeb8d733034d4643631f/screenshot - {}
RESULT: {}
COMMAND: POST /session/e486a1c8754caeb8d733034d4643631f/element - {"using":"css selector","value":"#application-manageresources-display-component---newResourceUnit--btnAddTimeSegment"}
RESULT: {"using":"css selector","value":"#application-manageresources-display-component---newResourceUnit--btnAddTimeSegment"}
COMMAND: GET /session/e486a1c8754caeb8d733034d4643631f/element/f.1A55FC214BCDC1A6E941175A5A5DD598.d.D21C07CB567D2884805880FC09F3F58B.e.13540/rect - {}
RESULT: {}
COMMAND: GET /session/e486a1c8754caeb8d733034d4643631f/window/rect - {}
RESULT: {}
COMMAND: POST /session/e486a1c8754caeb8d733034d4643631f/execute/sync - {"script":"<script> [92 bytes]","args":[]}
RESULT: {"script":"<script> [92 bytes]","args":[]}
COMMAND: POST /session/e486a1c8754caeb8d733034d4643631f/actions - {"actions":[{"id":"action57","type":"wheel","parameters":{},"actions":[{"type":"scroll","x":-1888,"y":-32,"deltaX":0,"deltaY":0,"duration":0,"origin":{"element-6066-11e4-a52e-4f735466cecf":"f.1A55FC214BCDC1A6E941175A5A5DD598.d.D21C07CB567D2884805880FC09F3F58B.e.13540"}}]}]}
COMMAND: GET /session/e486a1c8754caeb8d733034d4643631f/screenshot - {}
RESULT: {}
COMMAND: POST /session/e486a1c8754caeb8d733034d4643631f/execute/sync - {"script":"<script> [79 bytes]","args":[{"element-6066-11e4-a52e-4f735466cecf":"f.1A55FC214BCDC1A6E941175A5A5DD598.d.D21C07CB567D2884805880FC09F3F58B.e.13540","ELEMENT":"f.1A55FC214BCDC1A6E941175A5A5DD598.d.D21C07CB567D2884805880FC09F3F58B.e.13540"},{"block":"start","inline":"nearest"}]}
RESULT: {"script":"<script> [79 bytes]","args":[{"element-6066-11e4-a52e-4f735466cecf":"f.1A55FC214BCDC1A6E941175A5A5DD598.d.D21C07CB567D2884805880FC09F3F58B.e.13540","ELEMENT":"f.1A55FC214BCDC1A6E941175A5A5DD598.d.D21C07CB567D2884805880FC09F3F58B.e.13540"},{"block":"start","inline":"nearest"}]}
COMMAND: POST /session/e486a1c8754caeb8d733034d4643631f/execute/async - {"script":"<script> [1562 bytes]","args":[{"selector":{"id":"application-manageresources-display-component---newResourceUnit--btnAddTimeSegment","interaction":{"idSuffix":"inner"}},"wdio_ui5_key":"applicationmanageresources-display-component---newResourceUnit--btnAddTimeSegment"}]}
COMMAND: GET /session/e486a1c8754caeb8d733034d4643631f/screenshot - {}
RESULT: {}
RESULT: {"script":"<script> [1562 bytes]","args":[{"selector":{"id":"application-manageresources-display-component---newResourceUnit--btnAddTimeSegment","interaction":{"idSuffix":"inner"}},"wdio_ui5_key":"applicationmanageresources-display-component---newResourceUnit--btnAddTimeSegment"}]}
RESULT: undefined
COMMAND: POST /session/e486a1c8754caeb8d733034d4643631f/element - {"using":"xpath","value":"//*[@id=\"application-manageresources-display-component---newResourceUnit--btnAddTimeSegment\"]"}
RESULT: {"using":"xpath","value":"//*[@id=\"application-manageresources-display-component---newResourceUnit--btnAddTimeSegment\"]"}
COMMAND: POST /session/e486a1c8754caeb8d733034d4643631f/element/f.1A55FC214BCDC1A6E941175A5A5DD598.d.D21C07CB567D2884805880FC09F3F58B.e.13540/click - {}
RESULT: {}
COMMAND: GET /session/e486a1c8754caeb8d733034d4643631f/screenshot - {}
RESULT: {}
COMMAND: POST /session/e486a1c8754caeb8d733034d4643631f/element - {"using":"xpath","value":"//input[@id=\"application-manageresources-display-component---newResourceUnit--idRuTSAdmin-application-manageresources-display-component---newResourceUnit--RUTimeSegment-0-inner\"]"}
RESULT: {"using":"xpath","value":"//input[@id=\"application-manageresources-display-component---newResourceUnit--idRuTSAdmin-application-manageresources-display-component---newResourceUnit--RUTimeSegment-0-inner\"]"}
COMMAND: POST /session/e486a1c8754caeb8d733034d4643631f/element/f.1A55FC214BCDC1A6E941175A5A5DD598.d.D21C07CB567D2884805880FC09F3F58B.e.13546/clear - {}
RESULT: {}
COMMAND: POST /session/e486a1c8754caeb8d733034d4643631f/element/f.1A55FC214BCDC1A6E941175A5A5DD598.d.D21C07CB567D2884805880FC09F3F58B.e.13546/value - {"text":"688"}
COMMAND: GET /session/e486a1c8754caeb8d733034d4643631f/screenshot - {}
RESULT: {"text":"688"}
COMMAND: GET /session/e486a1c8754caeb8d733034d4643631f/screenshot - {}
RESULT: {}
RESULT: {}
COMMAND: POST /session/e486a1c8754caeb8d733034d4643631f/element - {"using":"xpath","value":"//li[.//span[text()='688']]"}
RESULT: {"using":"xpath","value":"//li[.//span[text()='688']]"}
COMMAND: POST /session/e486a1c8754caeb8d733034d4643631f/element/f.1A55FC214BCDC1A6E941175A5A5DD598.d.D21C07CB567D2884805880FC09F3F58B.e.13560/click - {}
RESULT: {}
COMMAND: GET /session/e486a1c8754caeb8d733034d4643631f/screenshot - {}
RESULT: {}
COMMAND: POST /session/e486a1c8754caeb8d733034d4643631f/element - {"using":"xpath","value":"(//span[contains(@id, \"-application-manageresources-display-component---newResourceUnit--RUTimeSegment-0-arrow\")])[6]"}
RESULT: {"using":"xpath","value":"(//span[contains(@id, \"-application-manageresources-display-component---newResourceUnit--RUTimeSegment-0-arrow\")])[6]"}
COMMAND: POST /session/e486a1c8754caeb8d733034d4643631f/element/f.1A55FC214BCDC1A6E941175A5A5DD598.d.D21C07CB567D2884805880FC09F3F58B.e.13561/click - {}
RESULT: {}
COMMAND: GET /session/e486a1c8754caeb8d733034d4643631f/screenshot - {}
RESULT: {}
COMMAND: POST /session/e486a1c8754caeb8d733034d4643631f/element - {"using":"xpath","value":"//span[contains(text(), \"PM Order\")]"}
RESULT: {"using":"xpath","value":"//span[contains(text(), \"PM Order\")]"}
COMMAND: POST /session/e486a1c8754caeb8d733034d4643631f/element/f.1A55FC214BCDC1A6E941175A5A5DD598.d.D21C07CB567D2884805880FC09F3F58B.e.13564/click - {}
RESULT: {}
COMMAND: GET /session/e486a1c8754caeb8d733034d4643631f/screenshot - {}
RESULT: {}
COMMAND: POST /session/e486a1c8754caeb8d733034d4643631f/element - {"using":"xpath","value":"(//span[contains(@id ,\"manageresources-display-component---newResourceUnit--RUTimeSegment-0-vhi\")])[1]"}
RESULT: {"using":"xpath","value":"(//span[contains(@id ,\"manageresources-display-component---newResourceUnit--RUTimeSegment-0-vhi\")])[1]"}
COMMAND: GET /session/e486a1c8754caeb8d733034d4643631f/element/f.1A55FC214BCDC1A6E941175A5A5DD598.d.D21C07CB567D2884805880FC09F3F58B.e.13568/rect - {}
RESULT: {}
COMMAND: GET /session/e486a1c8754caeb8d733034d4643631f/window/rect - {}
RESULT: {}
COMMAND: POST /session/e486a1c8754caeb8d733034d4643631f/execute/sync - {"script":"<script> [92 bytes]","args":[]}
RESULT: {"script":"<script> [92 bytes]","args":[]}
COMMAND: POST /session/e486a1c8754caeb8d733034d4643631f/actions - {"actions":[{"id":"action58","type":"wheel","parameters":{},"actions":[{"type":"scroll","x":-869,"y":-24,"deltaX":0,"deltaY":0,"duration":0,"origin":{"element-6066-11e4-a52e-4f735466cecf":"f.1A55FC214BCDC1A6E941175A5A5DD598.d.D21C07CB567D2884805880FC09F3F58B.e.13568"}}]}]}
COMMAND: GET /session/e486a1c8754caeb8d733034d4643631f/screenshot - {}
RESULT: {"actions":[{"id":"action58","type":"wheel","parameters":{},"actions":[{"type":"scroll","x":-869,"y":-24,"deltaX":0,"deltaY":0,"duration":0,"origin":{"element-6066-11e4-a52e-4f735466cecf":"f.1A55FC214BCDC1A6E941175A5A5DD598.d.D21C07CB567D2884805880FC09F3F58B.e.13568"}}]}]}
COMMAND: DELETE /session/e486a1c8754caeb8d733034d4643631f/actions - {}
COMMAND: GET /session/e486a1c8754caeb8d733034d4643631f/screenshot - {}
RESULT: {}
RESULT: {}
COMMAND: GET /session/e486a1c8754caeb8d733034d4643631f/screenshot - {}
RESULT: {}
RESULT: {}
COMMAND: POST /session/e486a1c8754caeb8d733034d4643631f/element/f.1A55FC214BCDC1A6E941175A5A5DD598.d.D21C07CB567D2884805880FC09F3F58B.e.13568/click - {}
RESULT: {}
COMMAND: GET /session/e486a1c8754caeb8d733034d4643631f/screenshot - {}
RESULT: {}
COMMAND: POST /session/e486a1c8754caeb8d733034d4643631f/execute/async - {"script":"<script> [1562 bytes]","args":[{"selector":{"controlType":"sap.m.SearchField","properties":{"placeholder":"Search"},"searchOpenDialogs":true,"interaction":{"idSuffix":"I"}},"wdio_ui5_key":"sapm.SearchField{\"placeholder\":\"Search\"}"}]}
RESULT: {"script":"<script> [1562 bytes]","args":[{"selector":{"controlType":"sap.m.SearchField","properties":{"placeholder":"Search"},"searchOpenDialogs":true,"interaction":{"idSuffix":"I"}},"wdio_ui5_key":"sapm.SearchField{\"placeholder\":\"Search\"}"}]}
RESULT: undefined
COMMAND: POST /session/e486a1c8754caeb8d733034d4643631f/execute/async - {"script":"<script> [776 bytes]","args":[{"enterText":"4000360","selector":{"controlType":"sap.m.SearchField","properties":{"placeholder":"Search"},"searchOpenDialogs":true,"interaction":{"idSuffix":"I"}},"clearTextFirst":true,"interactionType":"ENTER_TEXT"}]}
RESULT: {"script":"<script> [776 bytes]","args":[{"enterText":"4000360","selector":{"controlType":"sap.m.SearchField","properties":{"placeholder":"Search"},"searchOpenDialogs":true,"interaction":{"idSuffix":"I"}},"clearTextFirst":true,"interactionType":"ENTER_TEXT"}]}
COMMAND: POST /session/e486a1c8754caeb8d733034d4643631f/actions - {"actions":[{"id":"action59","type":"key","parameters":{},"actions":[{"type":"keyDown","value":"î€‡"},{"type":"pause","duration":10},{"type":"keyUp","value":"î€‡"}]}]}
RESULT: {"actions":[{"id":"action59","type":"key","parameters":{},"actions":[{"type":"keyDown","value":"î€‡"},{"type":"pause","duration":10},{"type":"keyUp","value":"î€‡"}]}]}
COMMAND: GET /session/e486a1c8754caeb8d733034d4643631f/screenshot - {}
RESULT: {}
COMMAND: POST /session/e486a1c8754caeb8d733034d4643631f/element - {"using":"xpath","value":"//td/div/span[contains(text(), \"BGL Vehicles\")]"}
RESULT: {"using":"xpath","value":"//td/div/span[contains(text(), \"BGL Vehicles\")]"}
COMMAND: POST /session/e486a1c8754caeb8d733034d4643631f/element/f.1A55FC214BCDC1A6E941175A5A5DD598.d.D21C07CB567D2884805880FC09F3F58B.e.13590/click - {}
RESULT: {}
COMMAND: GET /session/e486a1c8754caeb8d733034d4643631f/screenshot - {}
RESULT: {}
COMMAND: POST /session/e486a1c8754caeb8d733034d4643631f/element - {"using":"xpath","value":"//bdi[contains(text(), \"OK\")]"}
RESULT: {"using":"xpath","value":"//bdi[contains(text(), \"OK\")]"}
COMMAND: POST /session/e486a1c8754caeb8d733034d4643631f/element/f.1A55FC214BCDC1A6E941175A5A5DD598.d.D21C07CB567D2884805880FC09F3F58B.e.13591/click - {}
RESULT: {}
COMMAND: GET /session/e486a1c8754caeb8d733034d4643631f/screenshot - {}
RESULT: {}
COMMAND: POST /session/e486a1c8754caeb8d733034d4643631f/execute/async - {"script":"<script> [1562 bytes]","args":[{"selector":{"id":"application-manageresources-display-component---newResourceUnit--newRRUPage-anchBar-application-manageresources-display-component---newResourceUnit--resource-anchor","interaction":{"idSuffix":"BDI-content"}},"wdio_ui5_key":"applicationmanageresources-display-component---newResourceUnit--newRRUPage-anchBar-application-manageresources-display-component---newResourceUnit--resource-anchor"}]}
RESULT: {"script":"<script> [1562 bytes]","args":[{"selector":{"id":"application-manageresources-display-component---newResourceUnit--newRRUPage-anchBar-application-manageresources-display-component---newResourceUnit--resource-anchor","interaction":{"idSuffix":"BDI-content"}},"wdio_ui5_key":"applicationmanageresources-display-component---newResourceUnit--newRRUPage-anchBar-application-manageresources-display-component---newResourceUnit--resource-anchor"}]}
RESULT: undefined
COMMAND: POST /session/e486a1c8754caeb8d733034d4643631f/element - {"using":"xpath","value":"//*[@id=\"application-manageresources-display-component---newResourceUnit--newRRUPage-anchBar-application-manageresources-display-component---newResourceUnit--resource-anchor\"]"}
RESULT: {"using":"xpath","value":"//*[@id=\"application-manageresources-display-component---newResourceUnit--newRRUPage-anchBar-application-manageresources-display-component---newResourceUnit--resource-anchor\"]"}
COMMAND: POST /session/e486a1c8754caeb8d733034d4643631f/element/f.1A55FC214BCDC1A6E941175A5A5DD598.d.D21C07CB567D2884805880FC09F3F58B.e.13595/click - {}
RESULT: {}
COMMAND: POST /session/e486a1c8754caeb8d733034d4643631f/execute/async - {"script":"<script> [1562 bytes]","args":[{"selector":{"id":"application-manageresources-display-component---newResourceUnit--PLANNED_DELIVERY_DATE","interaction":{"idSuffix":"inner"}},"wdio_ui5_key":"applicationmanageresources-display-component---newResourceUnit--PLANNED_DELIVERY_DATE"}]}
COMMAND: GET /session/e486a1c8754caeb8d733034d4643631f/screenshot - {}
RESULT: {"script":"<script> [1562 bytes]","args":[{"selector":{"id":"application-manageresources-display-component---newResourceUnit--PLANNED_DELIVERY_DATE","interaction":{"idSuffix":"inner"}},"wdio_ui5_key":"applicationmanageresources-display-component---newResourceUnit--PLANNED_DELIVERY_DATE"}]}
RESULT: undefined
COMMAND: POST /session/e486a1c8754caeb8d733034d4643631f/execute/async - {"script":"<script> [6424 bytes]","args":[{"element-6066-11e4-a52e-4f735466cecf":"f.1A55FC214BCDC1A6E941175A5A5DD598.d.D21C07CB567D2884805880FC09F3F58B.e.13424"},"setValue",["6/5/25"]]}
RESULT: {}
RESULT: {"script":"<script> [6424 bytes]","args":[{"element-6066-11e4-a52e-4f735466cecf":"f.1A55FC214BCDC1A6E941175A5A5DD598.d.D21C07CB567D2884805880FC09F3F58B.e.13424"},"setValue",["6/5/25"]]}
COMMAND: POST /session/e486a1c8754caeb8d733034d4643631f/element - {"using":"xpath","value":"//label[contains(@class, 'sapMLabelRequired') and .//bdi[contains(text(), 'Planned Retirement')]]"}
RESULT: {"using":"xpath","value":"//label[contains(@class, 'sapMLabelRequired') and .//bdi[contains(text(), 'Planned Retirement')]]"}
COMMAND: POST /session/e486a1c8754caeb8d733034d4643631f/elements - {"using":"xpath","value":"//label[contains(@class, 'sapMLabelRequired') and .//bdi[contains(text(), 'Planned Retirement')]]"}
RESULT: {"using":"xpath","value":"//label[contains(@class, 'sapMLabelRequired') and .//bdi[contains(text(), 'Planned Retirement')]]"}
COMMAND: POST /session/e486a1c8754caeb8d733034d4643631f/element - {"using":"xpath","value":"//button[@data-kt=\"resourceUnitSaveButton\"]"}
RESULT: {"using":"xpath","value":"//button[@data-kt=\"resourceUnitSaveButton\"]"}
COMMAND: POST /session/e486a1c8754caeb8d733034d4643631f/element/f.1A55FC214BCDC1A6E941175A5A5DD598.d.D21C07CB567D2884805880FC09F3F58B.e.13384/click - {}
RESULT: {}
COMMAND: GET /session/e486a1c8754caeb8d733034d4643631f/screenshot - {}
RESULT: {}
COMMAND: POST /session/e486a1c8754caeb8d733034d4643631f/element - {"using":"xpath","value":"//bdi[contains(text(), \"Close\")]"}
RESULT: {"using":"xpath","value":"//bdi[contains(text(), \"Close\")]"}
COMMAND: POST /session/e486a1c8754caeb8d733034d4643631f/element/f.1A55FC214BCDC1A6E941175A5A5DD598.d.D21C07CB567D2884805880FC09F3F58B.e.13603/click - {}
RESULT: {}
COMMAND: GET /session/e486a1c8754caeb8d733034d4643631f/screenshot - {}
RESULT: {}
COMMAND: POST /session/e486a1c8754caeb8d733034d4643631f/element - {"using":"xpath","value":"(//button[contains(@id ,\"actionsToolbar-overflowButton\")])[1]"}
RESULT: {"using":"xpath","value":"(//button[contains(@id ,\"actionsToolbar-overflowButton\")])[1]"}
COMMAND: POST /session/e486a1c8754caeb8d733034d4643631f/element/f.1A55FC214BCDC1A6E941175A5A5DD598.d.D21C07CB567D2884805880FC09F3F58B.e.13636/click - {}
RESULT: {}
COMMAND: GET /session/e486a1c8754caeb8d733034d4643631f/screenshot - {}
RESULT: {}
COMMAND: POST /session/e486a1c8754caeb8d733034d4643631f/element - {"using":"xpath","value":"//button[@data-kt=\"priceInfoButton\"]"}
RESULT: {"using":"xpath","value":"//button[@data-kt=\"priceInfoButton\"]"}
COMMAND: POST /session/e486a1c8754caeb8d733034d4643631f/element/f.1A55FC214BCDC1A6E941175A5A5DD598.d.D21C07CB567D2884805880FC09F3F58B.e.13638/click - {}
RESULT: {}
COMMAND: GET /session/e486a1c8754caeb8d733034d4643631f/screenshot - {}
RESULT: {}
]]></system-out>
    </testcase>
    <testcase classname="chrome.137_0_7151_69.windows.Billing_Calculation_-_Time_based_(considering_transport_times)_US139738" name="Should create new pricing rule for the equipment" time="47.905">
      <system-out><![CDATA[
COMMAND: POST /session/e486a1c8754caeb8d733034d4643631f/element - {"using":"xpath","value":"//button[@data-kt=\"addButton\"]"}
RESULT: {"using":"xpath","value":"//button[@data-kt=\"addButton\"]"}
COMMAND: POST /session/e486a1c8754caeb8d733034d4643631f/elements - {"using":"xpath","value":"//button[@data-kt=\"addButton\"]"}
RESULT: {"using":"xpath","value":"//button[@data-kt=\"addButton\"]"}
COMMAND: POST /session/e486a1c8754caeb8d733034d4643631f/elements - {"using":"xpath","value":"//button[@data-kt=\"addButton\"]"}
RESULT: {"using":"xpath","value":"//button[@data-kt=\"addButton\"]"}
COMMAND: POST /session/e486a1c8754caeb8d733034d4643631f/element - {"using":"xpath","value":"//button[@data-kt=\"addButton\"]"}
RESULT: {"using":"xpath","value":"//button[@data-kt=\"addButton\"]"}
COMMAND: POST /session/e486a1c8754caeb8d733034d4643631f/execute/sync - {"script":"<script> [8489 bytes]","args":[{"element-6066-11e4-a52e-4f735466cecf":"f.1A55FC214BCDC1A6E941175A5A5DD598.d.D21C07CB567D2884805880FC09F3F58B.e.13674","ELEMENT":"f.1A55FC214BCDC1A6E941175A5A5DD598.d.D21C07CB567D2884805880FC09F3F58B.e.13674"}]}
RESULT: {"script":"<script> [8489 bytes]","args":[{"element-6066-11e4-a52e-4f735466cecf":"f.1A55FC214BCDC1A6E941175A5A5DD598.d.D21C07CB567D2884805880FC09F3F58B.e.13674","ELEMENT":"f.1A55FC214BCDC1A6E941175A5A5DD598.d.D21C07CB567D2884805880FC09F3F58B.e.13674"}]}
COMMAND: GET /session/e486a1c8754caeb8d733034d4643631f/element/f.1A55FC214BCDC1A6E941175A5A5DD598.d.D21C07CB567D2884805880FC09F3F58B.e.13674/enabled - {}
COMMAND: GET /session/e486a1c8754caeb8d733034d4643631f/screenshot - {}
RESULT: {}
COMMAND: POST /session/e486a1c8754caeb8d733034d4643631f/execute/sync - {"script":"<script> [8489 bytes]","args":[{"element-6066-11e4-a52e-4f735466cecf":"f.1A55FC214BCDC1A6E941175A5A5DD598.d.D21C07CB567D2884805880FC09F3F58B.e.13674","ELEMENT":"f.1A55FC214BCDC1A6E941175A5A5DD598.d.D21C07CB567D2884805880FC09F3F58B.e.13674"}]}
COMMAND: GET /session/e486a1c8754caeb8d733034d4643631f/screenshot - {}
RESULT: {}
RESULT: {"script":"<script> [8489 bytes]","args":[{"element-6066-11e4-a52e-4f735466cecf":"f.1A55FC214BCDC1A6E941175A5A5DD598.d.D21C07CB567D2884805880FC09F3F58B.e.13674","ELEMENT":"f.1A55FC214BCDC1A6E941175A5A5DD598.d.D21C07CB567D2884805880FC09F3F58B.e.13674"}]}
COMMAND: POST /session/e486a1c8754caeb8d733034d4643631f/execute/sync - {"script":"<script> [5351 bytes]","args":[{"element-6066-11e4-a52e-4f735466cecf":"f.1A55FC214BCDC1A6E941175A5A5DD598.d.D21C07CB567D2884805880FC09F3F58B.e.13674","ELEMENT":"f.1A55FC214BCDC1A6E941175A5A5DD598.d.D21C07CB567D2884805880FC09F3F58B.e.13674"}]}
COMMAND: GET /session/e486a1c8754caeb8d733034d4643631f/screenshot - {}
RESULT: {}
RESULT: {"script":"<script> [5351 bytes]","args":[{"element-6066-11e4-a52e-4f735466cecf":"f.1A55FC214BCDC1A6E941175A5A5DD598.d.D21C07CB567D2884805880FC09F3F58B.e.13674","ELEMENT":"f.1A55FC214BCDC1A6E941175A5A5DD598.d.D21C07CB567D2884805880FC09F3F58B.e.13674"}]}
COMMAND: POST /session/e486a1c8754caeb8d733034d4643631f/element/f.1A55FC214BCDC1A6E941175A5A5DD598.d.D21C07CB567D2884805880FC09F3F58B.e.13674/click - {}
COMMAND: GET /session/e486a1c8754caeb8d733034d4643631f/screenshot - {}
RESULT: {}
RESULT: {}
COMMAND: GET /session/e486a1c8754caeb8d733034d4643631f/screenshot - {}
RESULT: {}
RESULT: {}
COMMAND: POST /session/e486a1c8754caeb8d733034d4643631f/execute/async - {"script":"<script> [1562 bytes]","args":[{"selector":{"controlType":"sap.m.Title","viewName":"etm.portal.ui.managepricingrules.view.NewItem","viewId":"application-managepricingrules-display-component---newInfoPriceItem","properties":{"text":"New Pricing Rules - Item Level"}},"wdio_ui5_key":"etmportal.ui.managepricingrules.view.NewItemsap.m.Title{\"text\":\"New Pricing Rules - Item Level\"}"}]}
RESULT: {"script":"<script> [1562 bytes]","args":[{"selector":{"controlType":"sap.m.Title","viewName":"etm.portal.ui.managepricingrules.view.NewItem","viewId":"application-managepricingrules-display-component---newInfoPriceItem","properties":{"text":"New Pricing Rules - Item Level"}},"wdio_ui5_key":"etmportal.ui.managepricingrules.view.NewItemsap.m.Title{\"text\":\"New Pricing Rules - Item Level\"}"}]}
RESULT: undefined
COMMAND: POST /session/e486a1c8754caeb8d733034d4643631f/execute/async - {"script":"<script> [6424 bytes]","args":[{"element-6066-11e4-a52e-4f735466cecf":"f.1A55FC214BCDC1A6E941175A5A5DD598.d.D21C07CB567D2884805880FC09F3F58B.e.13844"},"getText",[]]}
RESULT: {"script":"<script> [6424 bytes]","args":[{"element-6066-11e4-a52e-4f735466cecf":"f.1A55FC214BCDC1A6E941175A5A5DD598.d.D21C07CB567D2884805880FC09F3F58B.e.13844"},"getText",[]]}
COMMAND: POST /session/e486a1c8754caeb8d733034d4643631f/execute/async - {"script":"<script> [1562 bytes]","args":[{"selector":{"id":"application-managepricingrules-display-component---newInfoPriceItem--condValidTo","interaction":{"idSuffix":"inner"}},"wdio_ui5_key":"applicationmanagepricingrules-display-component---newInfoPriceItem--condValidTo"}]}
RESULT: {"script":"<script> [1562 bytes]","args":[{"selector":{"id":"application-managepricingrules-display-component---newInfoPriceItem--condValidTo","interaction":{"idSuffix":"inner"}},"wdio_ui5_key":"applicationmanagepricingrules-display-component---newInfoPriceItem--condValidTo"}]}
RESULT: undefined
COMMAND: POST /session/e486a1c8754caeb8d733034d4643631f/execute/async - {"script":"<script> [776 bytes]","args":[{"enterText":"2/5/26","selector":{"id":"application-managepricingrules-display-component---newInfoPriceItem--condValidTo","interaction":{"idSuffix":"inner"}},"clearTextFirst":true,"interactionType":"ENTER_TEXT"}]}
RESULT: {"script":"<script> [776 bytes]","args":[{"enterText":"2/5/26","selector":{"id":"application-managepricingrules-display-component---newInfoPriceItem--condValidTo","interaction":{"idSuffix":"inner"}},"clearTextFirst":true,"interactionType":"ENTER_TEXT"}]}
COMMAND: POST /session/e486a1c8754caeb8d733034d4643631f/execute/async - {"script":"<script> [1562 bytes]","args":[{"selector":{"id":"application-managepricingrules-display-component---newInfoPriceItem--billType-arrow"},"wdio_ui5_key":"applicationmanagepricingrules-display-component---newInfoPriceItem--billType-arrow"}]}
RESULT: {"script":"<script> [1562 bytes]","args":[{"selector":{"id":"application-managepricingrules-display-component---newInfoPriceItem--billType-arrow"},"wdio_ui5_key":"applicationmanagepricingrules-display-component---newInfoPriceItem--billType-arrow"}]}
RESULT: undefined
COMMAND: POST /session/e486a1c8754caeb8d733034d4643631f/element - {"using":"xpath","value":"//*[@id=\"application-managepricingrules-display-component---newInfoPriceItem--billType-arrow\"]"}
RESULT: {"using":"xpath","value":"//*[@id=\"application-managepricingrules-display-component---newInfoPriceItem--billType-arrow\"]"}
COMMAND: POST /session/e486a1c8754caeb8d733034d4643631f/element/f.1A55FC214BCDC1A6E941175A5A5DD598.d.D21C07CB567D2884805880FC09F3F58B.e.13804/click - {}
RESULT: {}
COMMAND: POST /session/e486a1c8754caeb8d733034d4643631f/element - {"using":"xpath","value":"//span[contains(text(), \"TB - Time based\")]"}
COMMAND: GET /session/e486a1c8754caeb8d733034d4643631f/screenshot - {}
RESULT: {"using":"xpath","value":"//span[contains(text(), \"TB - Time based\")]"}
COMMAND: POST /session/e486a1c8754caeb8d733034d4643631f/element/f.1A55FC214BCDC1A6E941175A5A5DD598.d.D21C07CB567D2884805880FC09F3F58B.e.13846/click - {}
RESULT: {}
RESULT: {}
COMMAND: POST /session/e486a1c8754caeb8d733034d4643631f/execute/async - {"script":"<script> [1562 bytes]","args":[{"selector":{"id":"application-managepricingrules-display-component---newInfoPriceItem--priceProc-arrow"},"wdio_ui5_key":"applicationmanagepricingrules-display-component---newInfoPriceItem--priceProc-arrow"}]}
COMMAND: GET /session/e486a1c8754caeb8d733034d4643631f/screenshot - {}
RESULT: {"script":"<script> [1562 bytes]","args":[{"selector":{"id":"application-managepricingrules-display-component---newInfoPriceItem--priceProc-arrow"},"wdio_ui5_key":"applicationmanagepricingrules-display-component---newInfoPriceItem--priceProc-arrow"}]}
RESULT: undefined
COMMAND: POST /session/e486a1c8754caeb8d733034d4643631f/element - {"using":"xpath","value":"//*[@id=\"application-managepricingrules-display-component---newInfoPriceItem--priceProc-arrow\"]"}
RESULT: {}
RESULT: {"using":"xpath","value":"//*[@id=\"application-managepricingrules-display-component---newInfoPriceItem--priceProc-arrow\"]"}
COMMAND: POST /session/e486a1c8754caeb8d733034d4643631f/element/f.1A55FC214BCDC1A6E941175A5A5DD598.d.D21C07CB567D2884805880FC09F3F58B.e.13811/click - {}
RESULT: {}
COMMAND: POST /session/e486a1c8754caeb8d733034d4643631f/element - {"using":"xpath","value":"//span[contains(text(), \"TBS - Time based standard\")]"}
COMMAND: GET /session/e486a1c8754caeb8d733034d4643631f/screenshot - {}
RESULT: {"using":"xpath","value":"//span[contains(text(), \"TBS - Time based standard\")]"}
COMMAND: POST /session/e486a1c8754caeb8d733034d4643631f/element/f.1A55FC214BCDC1A6E941175A5A5DD598.d.D21C07CB567D2884805880FC09F3F58B.e.13847/click - {}
RESULT: {}
RESULT: {}
COMMAND: POST /session/e486a1c8754caeb8d733034d4643631f/execute/async - {"script":"<script> [1562 bytes]","args":[{"selector":{"id":"application-managepricingrules-display-component---newInfoPriceItem--calcBase-arrow"},"wdio_ui5_key":"applicationmanagepricingrules-display-component---newInfoPriceItem--calcBase-arrow"}]}
COMMAND: GET /session/e486a1c8754caeb8d733034d4643631f/screenshot - {}
RESULT: {"script":"<script> [1562 bytes]","args":[{"selector":{"id":"application-managepricingrules-display-component---newInfoPriceItem--calcBase-arrow"},"wdio_ui5_key":"applicationmanagepricingrules-display-component---newInfoPriceItem--calcBase-arrow"}]}
RESULT: undefined
COMMAND: POST /session/e486a1c8754caeb8d733034d4643631f/element - {"using":"xpath","value":"//*[@id=\"application-managepricingrules-display-component---newInfoPriceItem--calcBase-arrow\"]"}
RESULT: {}
RESULT: {"using":"xpath","value":"//*[@id=\"application-managepricingrules-display-component---newInfoPriceItem--calcBase-arrow\"]"}
COMMAND: POST /session/e486a1c8754caeb8d733034d4643631f/element/f.1A55FC214BCDC1A6E941175A5A5DD598.d.D21C07CB567D2884805880FC09F3F58B.e.13818/click - {}
RESULT: {}
COMMAND: GET /session/e486a1c8754caeb8d733034d4643631f/screenshot - {}
RESULT: {}
COMMAND: POST /session/e486a1c8754caeb8d733034d4643631f/element - {"using":"xpath","value":"//span[contains(text(), \"0006 - TB(calendar days)\")]"}
RESULT: {"using":"xpath","value":"//span[contains(text(), \"0006 - TB(calendar days)\")]"}
COMMAND: POST /session/e486a1c8754caeb8d733034d4643631f/element/f.1A55FC214BCDC1A6E941175A5A5DD598.d.D21C07CB567D2884805880FC09F3F58B.e.13848/click - {}
RESULT: {}
COMMAND: GET /session/e486a1c8754caeb8d733034d4643631f/screenshot - {}
RESULT: {}
COMMAND: POST /session/e486a1c8754caeb8d733034d4643631f/execute/async - {"script":"<script> [1562 bytes]","args":[{"selector":{"id":"application-managepricingrules-display-component---newInfoPriceItem--daysMonth","interaction":{"idSuffix":"inner"}},"wdio_ui5_key":"applicationmanagepricingrules-display-component---newInfoPriceItem--daysMonth"}]}
RESULT: {"script":"<script> [1562 bytes]","args":[{"selector":{"id":"application-managepricingrules-display-component---newInfoPriceItem--daysMonth","interaction":{"idSuffix":"inner"}},"wdio_ui5_key":"applicationmanagepricingrules-display-component---newInfoPriceItem--daysMonth"}]}
RESULT: undefined
COMMAND: POST /session/e486a1c8754caeb8d733034d4643631f/execute/async - {"script":"<script> [776 bytes]","args":[{"enterText":"30","selector":{"id":"application-managepricingrules-display-component---newInfoPriceItem--daysMonth","interaction":{"idSuffix":"inner"}},"clearTextFirst":true,"interactionType":"ENTER_TEXT"}]}
RESULT: {"script":"<script> [776 bytes]","args":[{"enterText":"30","selector":{"id":"application-managepricingrules-display-component---newInfoPriceItem--daysMonth","interaction":{"idSuffix":"inner"}},"clearTextFirst":true,"interactionType":"ENTER_TEXT"}]}
COMMAND: POST /session/e486a1c8754caeb8d733034d4643631f/element - {"using":"xpath","value":"//button[@data-kt=\"saveNewRuleButton\"]"}
RESULT: {"using":"xpath","value":"//button[@data-kt=\"saveNewRuleButton\"]"}
COMMAND: POST /session/e486a1c8754caeb8d733034d4643631f/element/f.1A55FC214BCDC1A6E941175A5A5DD598.d.D21C07CB567D2884805880FC09F3F58B.e.13838/click - {}
RESULT: {}
COMMAND: GET /session/e486a1c8754caeb8d733034d4643631f/screenshot - {}
RESULT: {}
COMMAND: POST /session/e486a1c8754caeb8d733034d4643631f/execute/async - {"script":"<script> [1562 bytes]","args":[{"selector":{"id":"application-managepricingrules-display-component---priceInfoItem--smartFilterBar-btnBasicSearch","interaction":{"idSuffix":"I"}},"wdio_ui5_key":"applicationmanagepricingrules-display-component---priceInfoItem--smartFilterBar-btnBasicSearch"}]}
RESULT: {"script":"<script> [1562 bytes]","args":[{"selector":{"id":"application-managepricingrules-display-component---priceInfoItem--smartFilterBar-btnBasicSearch","interaction":{"idSuffix":"I"}},"wdio_ui5_key":"applicationmanagepricingrules-display-component---priceInfoItem--smartFilterBar-btnBasicSearch"}]}
RESULT: undefined
COMMAND: POST /session/e486a1c8754caeb8d733034d4643631f/execute/async - {"script":"<script> [776 bytes]","args":[{"enterText":"L21Puvuouk","selector":{"id":"application-managepricingrules-display-component---priceInfoItem--smartFilterBar-btnBasicSearch","interaction":{"idSuffix":"I"}},"clearTextFirst":true,"interactionType":"ENTER_TEXT"}]}
RESULT: {"script":"<script> [776 bytes]","args":[{"enterText":"L21Puvuouk","selector":{"id":"application-managepricingrules-display-component---priceInfoItem--smartFilterBar-btnBasicSearch","interaction":{"idSuffix":"I"}},"clearTextFirst":true,"interactionType":"ENTER_TEXT"}]}
COMMAND: POST /session/e486a1c8754caeb8d733034d4643631f/actions - {"actions":[{"id":"action60","type":"key","parameters":{},"actions":[{"type":"keyDown","value":"î€‡"},{"type":"pause","duration":10},{"type":"keyUp","value":"î€‡"}]}]}
RESULT: {"actions":[{"id":"action60","type":"key","parameters":{},"actions":[{"type":"keyDown","value":"î€‡"},{"type":"pause","duration":10},{"type":"keyUp","value":"î€‡"}]}]}
COMMAND: GET /session/e486a1c8754caeb8d733034d4643631f/screenshot - {}
RESULT: {}
COMMAND: POST /session/e486a1c8754caeb8d733034d4643631f/element - {"using":"xpath","value":"//span[@id=\"application-managepricingrules-display-component---priceInfoItem--smartTable-header-inner\"]"}
RESULT: {"using":"xpath","value":"//span[@id=\"application-managepricingrules-display-component---priceInfoItem--smartTable-header-inner\"]"}
COMMAND: POST /session/e486a1c8754caeb8d733034d4643631f/elements - {"using":"xpath","value":"//span[@id=\"application-managepricingrules-display-component---priceInfoItem--smartTable-header-inner\"]"}
RESULT: {"using":"xpath","value":"//span[@id=\"application-managepricingrules-display-component---priceInfoItem--smartTable-header-inner\"]"}
COMMAND: POST /session/e486a1c8754caeb8d733034d4643631f/execute/sync - {"script":"<script> [56 bytes]","args":[{"element-6066-11e4-a52e-4f735466cecf":"f.1A55FC214BCDC1A6E941175A5A5DD598.d.D21C07CB567D2884805880FC09F3F58B.e.13873","ELEMENT":"f.1A55FC214BCDC1A6E941175A5A5DD598.d.D21C07CB567D2884805880FC09F3F58B.e.13873"}]}
RESULT: {"script":"<script> [56 bytes]","args":[{"element-6066-11e4-a52e-4f735466cecf":"f.1A55FC214BCDC1A6E941175A5A5DD598.d.D21C07CB567D2884805880FC09F3F58B.e.13873","ELEMENT":"f.1A55FC214BCDC1A6E941175A5A5DD598.d.D21C07CB567D2884805880FC09F3F58B.e.13873"}]}
COMMAND: POST /session/e486a1c8754caeb8d733034d4643631f/element - {"using":"css selector","value":"#shell-header-logo"}
COMMAND: GET /session/e486a1c8754caeb8d733034d4643631f/screenshot - {}
RESULT: {"using":"css selector","value":"#shell-header-logo"}
COMMAND: POST /session/e486a1c8754caeb8d733034d4643631f/element/f.1A55FC214BCDC1A6E941175A5A5DD598.d.D21C07CB567D2884805880FC09F3F58B.e.12966/click - {}
RESULT: {}
RESULT: {}
COMMAND: GET /session/e486a1c8754caeb8d733034d4643631f/screenshot - {}
RESULT: {}
]]></system-out>
    </testcase>
    <testcase classname="chrome.137_0_7151_69.windows.Billing_Calculation_-_Time_based_(considering_transport_times)_US139738" name="Should create new pricing condition for the equipment" time="63.215">
      <system-out><![CDATA[
COMMAND: POST /session/e486a1c8754caeb8d733034d4643631f/execute/async - {"script":"<script> [1562 bytes]","args":[{"selector":{"controlType":"sap.m.GenericTile","properties":{"header":"Manage Conditions & Prices"}},"wdio_ui5_key":"sapm.GenericTile{\"header\":\"Manage Conditions & Prices\"}"}]}
RESULT: {"script":"<script> [1562 bytes]","args":[{"selector":{"controlType":"sap.m.GenericTile","properties":{"header":"Manage Conditions & Prices"}},"wdio_ui5_key":"sapm.GenericTile{\"header\":\"Manage Conditions & Prices\"}"}]}
RESULT: undefined
COMMAND: POST /session/e486a1c8754caeb8d733034d4643631f/element - {"using":"xpath","value":"//*[@id=\"__tile53\"]"}
RESULT: {"using":"xpath","value":"//*[@id=\"__tile53\"]"}
COMMAND: POST /session/e486a1c8754caeb8d733034d4643631f/element/f.1A55FC214BCDC1A6E941175A5A5DD598.d.D21C07CB567D2884805880FC09F3F58B.e.12904/click - {}
RESULT: {}
COMMAND: GET /session/e486a1c8754caeb8d733034d4643631f/screenshot - {}
RESULT: {}
COMMAND: POST /session/e486a1c8754caeb8d733034d4643631f/elements - {"using":"xpath","value":"//span[text()='Error']"}
RESULT: {"using":"xpath","value":"//span[text()='Error']"}
COMMAND: POST /session/e486a1c8754caeb8d733034d4643631f/element - {"using":"xpath","value":"//button[@aria-label=\"Create\"]"}
RESULT: {"using":"xpath","value":"//button[@aria-label=\"Create\"]"}
COMMAND: POST /session/e486a1c8754caeb8d733034d4643631f/elements - {"using":"xpath","value":"//button[@aria-label=\"Create\"]"}
RESULT: {"using":"xpath","value":"//button[@aria-label=\"Create\"]"}
COMMAND: POST /session/e486a1c8754caeb8d733034d4643631f/execute/sync - {"script":"<script> [8489 bytes]","args":[{"element-6066-11e4-a52e-4f735466cecf":"f.1A55FC214BCDC1A6E941175A5A5DD598.d.D21C07CB567D2884805880FC09F3F58B.e.13908","ELEMENT":"f.1A55FC214BCDC1A6E941175A5A5DD598.d.D21C07CB567D2884805880FC09F3F58B.e.13908"}]}
RESULT: {"script":"<script> [8489 bytes]","args":[{"element-6066-11e4-a52e-4f735466cecf":"f.1A55FC214BCDC1A6E941175A5A5DD598.d.D21C07CB567D2884805880FC09F3F58B.e.13908","ELEMENT":"f.1A55FC214BCDC1A6E941175A5A5DD598.d.D21C07CB567D2884805880FC09F3F58B.e.13908"}]}
COMMAND: GET /session/e486a1c8754caeb8d733034d4643631f/element/f.1A55FC214BCDC1A6E941175A5A5DD598.d.D21C07CB567D2884805880FC09F3F58B.e.13908/enabled - {}
COMMAND: GET /session/e486a1c8754caeb8d733034d4643631f/screenshot - {}
RESULT: {}
COMMAND: POST /session/e486a1c8754caeb8d733034d4643631f/execute/sync - {"script":"<script> [8489 bytes]","args":[{"element-6066-11e4-a52e-4f735466cecf":"f.1A55FC214BCDC1A6E941175A5A5DD598.d.D21C07CB567D2884805880FC09F3F58B.e.13908","ELEMENT":"f.1A55FC214BCDC1A6E941175A5A5DD598.d.D21C07CB567D2884805880FC09F3F58B.e.13908"}]}
COMMAND: GET /session/e486a1c8754caeb8d733034d4643631f/screenshot - {}
RESULT: {}
RESULT: {"script":"<script> [8489 bytes]","args":[{"element-6066-11e4-a52e-4f735466cecf":"f.1A55FC214BCDC1A6E941175A5A5DD598.d.D21C07CB567D2884805880FC09F3F58B.e.13908","ELEMENT":"f.1A55FC214BCDC1A6E941175A5A5DD598.d.D21C07CB567D2884805880FC09F3F58B.e.13908"}]}
COMMAND: POST /session/e486a1c8754caeb8d733034d4643631f/execute/sync - {"script":"<script> [5351 bytes]","args":[{"element-6066-11e4-a52e-4f735466cecf":"f.1A55FC214BCDC1A6E941175A5A5DD598.d.D21C07CB567D2884805880FC09F3F58B.e.13908","ELEMENT":"f.1A55FC214BCDC1A6E941175A5A5DD598.d.D21C07CB567D2884805880FC09F3F58B.e.13908"}]}
COMMAND: GET /session/e486a1c8754caeb8d733034d4643631f/screenshot - {}
RESULT: {}
RESULT: {"script":"<script> [5351 bytes]","args":[{"element-6066-11e4-a52e-4f735466cecf":"f.1A55FC214BCDC1A6E941175A5A5DD598.d.D21C07CB567D2884805880FC09F3F58B.e.13908","ELEMENT":"f.1A55FC214BCDC1A6E941175A5A5DD598.d.D21C07CB567D2884805880FC09F3F58B.e.13908"}]}
COMMAND: POST /session/e486a1c8754caeb8d733034d4643631f/element/f.1A55FC214BCDC1A6E941175A5A5DD598.d.D21C07CB567D2884805880FC09F3F58B.e.13908/click - {}
COMMAND: GET /session/e486a1c8754caeb8d733034d4643631f/screenshot - {}
RESULT: {}
RESULT: {}
RESULT: {}
COMMAND: GET /session/e486a1c8754caeb8d733034d4643631f/screenshot - {}
RESULT: {}
COMMAND: POST /session/e486a1c8754caeb8d733034d4643631f/actions - {"actions":[{"id":"action61","type":"key","parameters":{},"actions":[{"type":"keyDown","value":"î€‡"},{"type":"pause","duration":10},{"type":"keyUp","value":"î€‡"}]}]}
RESULT: {"actions":[{"id":"action61","type":"key","parameters":{},"actions":[{"type":"keyDown","value":"î€‡"},{"type":"pause","duration":10},{"type":"keyUp","value":"î€‡"}]}]}
COMMAND: GET /session/e486a1c8754caeb8d733034d4643631f/screenshot - {}
RESULT: {}
COMMAND: POST /session/e486a1c8754caeb8d733034d4643631f/execute/async - {"script":"<script> [1562 bytes]","args":[{"selector":{"id":"application-manageconditionprice-display-component---newCondition--condBillCond-arrow"},"wdio_ui5_key":"applicationmanageconditionprice-display-component---newCondition--condBillCond-arrow"}]}
RESULT: {"script":"<script> [1562 bytes]","args":[{"selector":{"id":"application-manageconditionprice-display-component---newCondition--condBillCond-arrow"},"wdio_ui5_key":"applicationmanageconditionprice-display-component---newCondition--condBillCond-arrow"}]}
RESULT: undefined
COMMAND: POST /session/e486a1c8754caeb8d733034d4643631f/element - {"using":"xpath","value":"//*[@id=\"application-manageconditionprice-display-component---newCondition--condBillCond-arrow\"]"}
RESULT: {"using":"xpath","value":"//*[@id=\"application-manageconditionprice-display-component---newCondition--condBillCond-arrow\"]"}
COMMAND: POST /session/e486a1c8754caeb8d733034d4643631f/element/f.1A55FC214BCDC1A6E941175A5A5DD598.d.D21C07CB567D2884805880FC09F3F58B.e.14085/click - {}
RESULT: {}
COMMAND: GET /session/e486a1c8754caeb8d733034d4643631f/screenshot - {}
RESULT: {}
COMMAND: POST /session/e486a1c8754caeb8d733034d4643631f/element - {"using":"xpath","value":"//li[.//span[contains(text(), \"DISP - D&I special price\")]]"}
RESULT: {"using":"xpath","value":"//li[.//span[contains(text(), \"DISP - D&I special price\")]]"}
COMMAND: POST /session/e486a1c8754caeb8d733034d4643631f/element/f.1A55FC214BCDC1A6E941175A5A5DD598.d.D21C07CB567D2884805880FC09F3F58B.e.14088/click - {}
RESULT: {}
COMMAND: GET /session/e486a1c8754caeb8d733034d4643631f/screenshot - {}
RESULT: {}
COMMAND: POST /session/e486a1c8754caeb8d733034d4643631f/execute/async - {"script":"<script> [1562 bytes]","args":[{"selector":{"id":"application-manageconditionprice-display-component---newCondition--condValidTo","interaction":{"idSuffix":"inner"}},"wdio_ui5_key":"applicationmanageconditionprice-display-component---newCondition--condValidTo"}]}
RESULT: {"script":"<script> [1562 bytes]","args":[{"selector":{"id":"application-manageconditionprice-display-component---newCondition--condValidTo","interaction":{"idSuffix":"inner"}},"wdio_ui5_key":"applicationmanageconditionprice-display-component---newCondition--condValidTo"}]}
RESULT: undefined
COMMAND: POST /session/e486a1c8754caeb8d733034d4643631f/execute/async - {"script":"<script> [776 bytes]","args":[{"enterText":"2/5/26","selector":{"id":"application-manageconditionprice-display-component---newCondition--condValidTo","interaction":{"idSuffix":"inner"}},"clearTextFirst":true,"interactionType":"ENTER_TEXT"}]}
RESULT: {"script":"<script> [776 bytes]","args":[{"enterText":"2/5/26","selector":{"id":"application-manageconditionprice-display-component---newCondition--condValidTo","interaction":{"idSuffix":"inner"}},"clearTextFirst":true,"interactionType":"ENTER_TEXT"}]}
COMMAND: POST /session/e486a1c8754caeb8d733034d4643631f/element - {"using":"xpath","value":"//input[@id=\"application-manageconditionprice-display-component---newCondition--condRU-inner\"]"}
RESULT: {"using":"xpath","value":"//input[@id=\"application-manageconditionprice-display-component---newCondition--condRU-inner\"]"}
COMMAND: POST /session/e486a1c8754caeb8d733034d4643631f/element/f.1A55FC214BCDC1A6E941175A5A5DD598.d.D21C07CB567D2884805880FC09F3F58B.e.13949/clear - {}
RESULT: {}
COMMAND: POST /session/e486a1c8754caeb8d733034d4643631f/element/f.1A55FC214BCDC1A6E941175A5A5DD598.d.D21C07CB567D2884805880FC09F3F58B.e.13949/value - {"text":"L21Puvuouk"}
COMMAND: GET /session/e486a1c8754caeb8d733034d4643631f/screenshot - {}
RESULT: {"text":"L21Puvuouk"}
COMMAND: GET /session/e486a1c8754caeb8d733034d4643631f/screenshot - {}
RESULT: {}
RESULT: {}
COMMAND: POST /session/e486a1c8754caeb8d733034d4643631f/actions - {"actions":[{"id":"action62","type":"key","parameters":{},"actions":[{"type":"keyDown","value":"î€‡"},{"type":"pause","duration":10},{"type":"keyUp","value":"î€‡"}]}]}
RESULT: {"actions":[{"id":"action62","type":"key","parameters":{},"actions":[{"type":"keyDown","value":"î€‡"},{"type":"pause","duration":10},{"type":"keyUp","value":"î€‡"}]}]}
COMMAND: POST /session/e486a1c8754caeb8d733034d4643631f/execute/async - {"script":"<script> [1562 bytes]","args":[{"selector":{"id":"application-manageconditionprice-display-component---newCondition--condBaseQty","interaction":{"idSuffix":"inner"}},"wdio_ui5_key":"applicationmanageconditionprice-display-component---newCondition--condBaseQty"}]}
COMMAND: GET /session/e486a1c8754caeb8d733034d4643631f/screenshot - {}
RESULT: {"script":"<script> [1562 bytes]","args":[{"selector":{"id":"application-manageconditionprice-display-component---newCondition--condBaseQty","interaction":{"idSuffix":"inner"}},"wdio_ui5_key":"applicationmanageconditionprice-display-component---newCondition--condBaseQty"}]}
RESULT: undefined
COMMAND: POST /session/e486a1c8754caeb8d733034d4643631f/execute/async - {"script":"<script> [776 bytes]","args":[{"enterText":"1","selector":{"id":"application-manageconditionprice-display-component---newCondition--condBaseQty","interaction":{"idSuffix":"inner"}},"clearTextFirst":true,"interactionType":"ENTER_TEXT"}]}
RESULT: {}
RESULT: {"script":"<script> [776 bytes]","args":[{"enterText":"1","selector":{"id":"application-manageconditionprice-display-component---newCondition--condBaseQty","interaction":{"idSuffix":"inner"}},"clearTextFirst":true,"interactionType":"ENTER_TEXT"}]}
COMMAND: POST /session/e486a1c8754caeb8d733034d4643631f/execute/async - {"script":"<script> [1562 bytes]","args":[{"selector":{"id":"application-manageconditionprice-display-component---newCondition--condValue","interaction":{"idSuffix":"inner"}},"wdio_ui5_key":"applicationmanageconditionprice-display-component---newCondition--condValue"}]}
RESULT: {"script":"<script> [1562 bytes]","args":[{"selector":{"id":"application-manageconditionprice-display-component---newCondition--condValue","interaction":{"idSuffix":"inner"}},"wdio_ui5_key":"applicationmanageconditionprice-display-component---newCondition--condValue"}]}
RESULT: undefined
COMMAND: POST /session/e486a1c8754caeb8d733034d4643631f/execute/async - {"script":"<script> [776 bytes]","args":[{"enterText":"100","selector":{"id":"application-manageconditionprice-display-component---newCondition--condValue","interaction":{"idSuffix":"inner"}},"clearTextFirst":true,"interactionType":"ENTER_TEXT"}]}
RESULT: {"script":"<script> [776 bytes]","args":[{"enterText":"100","selector":{"id":"application-manageconditionprice-display-component---newCondition--condValue","interaction":{"idSuffix":"inner"}},"clearTextFirst":true,"interactionType":"ENTER_TEXT"}]}
COMMAND: POST /session/e486a1c8754caeb8d733034d4643631f/execute/async - {"script":"<script> [1562 bytes]","args":[{"selector":{"id":"application-manageconditionprice-display-component---newCondition--condCurr-arrow"},"wdio_ui5_key":"applicationmanageconditionprice-display-component---newCondition--condCurr-arrow"}]}
RESULT: {"script":"<script> [1562 bytes]","args":[{"selector":{"id":"application-manageconditionprice-display-component---newCondition--condCurr-arrow"},"wdio_ui5_key":"applicationmanageconditionprice-display-component---newCondition--condCurr-arrow"}]}
RESULT: undefined
COMMAND: POST /session/e486a1c8754caeb8d733034d4643631f/element - {"using":"xpath","value":"//*[@id=\"application-manageconditionprice-display-component---newCondition--condCurr-arrow\"]"}
RESULT: {"using":"xpath","value":"//*[@id=\"application-manageconditionprice-display-component---newCondition--condCurr-arrow\"]"}
COMMAND: POST /session/e486a1c8754caeb8d733034d4643631f/element/f.1A55FC214BCDC1A6E941175A5A5DD598.d.D21C07CB567D2884805880FC09F3F58B.e.14068/click - {}
RESULT: {}
COMMAND: POST /session/e486a1c8754caeb8d733034d4643631f/element - {"using":"xpath","value":"//span[contains(text(), \"Euro\")]"}
COMMAND: GET /session/e486a1c8754caeb8d733034d4643631f/screenshot - {}
RESULT: {"using":"xpath","value":"//span[contains(text(), \"Euro\")]"}
COMMAND: POST /session/e486a1c8754caeb8d733034d4643631f/element/f.1A55FC214BCDC1A6E941175A5A5DD598.d.D21C07CB567D2884805880FC09F3F58B.e.14125/click - {}
RESULT: {}
RESULT: {}
COMMAND: POST /session/e486a1c8754caeb8d733034d4643631f/element - {"using":"xpath","value":"//button[@data-kt=\"saveButton\"]"}
COMMAND: GET /session/e486a1c8754caeb8d733034d4643631f/screenshot - {}
RESULT: {"using":"xpath","value":"//button[@data-kt=\"saveButton\"]"}
COMMAND: POST /session/e486a1c8754caeb8d733034d4643631f/element/f.1A55FC214BCDC1A6E941175A5A5DD598.d.D21C07CB567D2884805880FC09F3F58B.e.14069/click - {}
RESULT: {}
RESULT: {}
COMMAND: GET /session/e486a1c8754caeb8d733034d4643631f/screenshot - {}
RESULT: {}
COMMAND: POST /session/e486a1c8754caeb8d733034d4643631f/execute/async - {"script":"<script> [1562 bytes]","args":[{"selector":{"id":"application-manageconditionprice-display-component---conditions--smartFilterBar-btnBasicSearch","interaction":{"idSuffix":"I"}},"wdio_ui5_key":"applicationmanageconditionprice-display-component---conditions--smartFilterBar-btnBasicSearch"}]}
RESULT: {"script":"<script> [1562 bytes]","args":[{"selector":{"id":"application-manageconditionprice-display-component---conditions--smartFilterBar-btnBasicSearch","interaction":{"idSuffix":"I"}},"wdio_ui5_key":"applicationmanageconditionprice-display-component---conditions--smartFilterBar-btnBasicSearch"}]}
RESULT: undefined
COMMAND: POST /session/e486a1c8754caeb8d733034d4643631f/execute/async - {"script":"<script> [776 bytes]","args":[{"enterText":"L21Puvuouk","selector":{"id":"application-manageconditionprice-display-component---conditions--smartFilterBar-btnBasicSearch","interaction":{"idSuffix":"I"}},"clearTextFirst":true,"interactionType":"ENTER_TEXT"}]}
RESULT: {"script":"<script> [776 bytes]","args":[{"enterText":"L21Puvuouk","selector":{"id":"application-manageconditionprice-display-component---conditions--smartFilterBar-btnBasicSearch","interaction":{"idSuffix":"I"}},"clearTextFirst":true,"interactionType":"ENTER_TEXT"}]}
COMMAND: POST /session/e486a1c8754caeb8d733034d4643631f/actions - {"actions":[{"id":"action63","type":"key","parameters":{},"actions":[{"type":"keyDown","value":"î€‡"},{"type":"pause","duration":10},{"type":"keyUp","value":"î€‡"}]}]}
RESULT: {"actions":[{"id":"action63","type":"key","parameters":{},"actions":[{"type":"keyDown","value":"î€‡"},{"type":"pause","duration":10},{"type":"keyUp","value":"î€‡"}]}]}
COMMAND: GET /session/e486a1c8754caeb8d733034d4643631f/screenshot - {}
RESULT: {}
COMMAND: POST /session/e486a1c8754caeb8d733034d4643631f/execute/async - {"script":"<script> [1562 bytes]","args":[{"selector":{"id":"application-manageconditionprice-display-component---conditions--smartFilterBar-filterItemControl_BASIC-BILL_TYPES-vhi"},"wdio_ui5_key":"applicationmanageconditionprice-display-component---conditions--smartFilterBar-filterItemControl_BASIC-BILL_TYPES-vhi"}]}
RESULT: {"script":"<script> [1562 bytes]","args":[{"selector":{"id":"application-manageconditionprice-display-component---conditions--smartFilterBar-filterItemControl_BASIC-BILL_TYPES-vhi"},"wdio_ui5_key":"applicationmanageconditionprice-display-component---conditions--smartFilterBar-filterItemControl_BASIC-BILL_TYPES-vhi"}]}
RESULT: undefined
COMMAND: POST /session/e486a1c8754caeb8d733034d4643631f/element - {"using":"xpath","value":"//*[@id=\"application-manageconditionprice-display-component---conditions--smartFilterBar-filterItemControl_BASIC-BILL_TYPES-vhi\"]"}
RESULT: {"using":"xpath","value":"//*[@id=\"application-manageconditionprice-display-component---conditions--smartFilterBar-filterItemControl_BASIC-BILL_TYPES-vhi\"]"}
COMMAND: POST /session/e486a1c8754caeb8d733034d4643631f/element/f.1A55FC214BCDC1A6E941175A5A5DD598.d.D21C07CB567D2884805880FC09F3F58B.e.14141/click - {}
RESULT: {}
COMMAND: POST /session/e486a1c8754caeb8d733034d4643631f/execute/async - {"script":"<script> [1562 bytes]","args":[{"selector":{"id":"application-manageconditionprice-display-component---conditions--smartFilterBar-filterItemControl_BASIC-BILL_TYPES-valueHelpDialog-smartFilterBar-btnBasicSearch","searchOpenDialogs":true,"interaction":{"idSuffix":"I"}},"wdio_ui5_key":"applicationmanageconditionprice-display-component---conditions--smartFilterBar-filterItemControl_BASIC-BILL_TYPES-valueHelpDialog-smartFilterBar-btnBasicSearch"}]}
COMMAND: GET /session/e486a1c8754caeb8d733034d4643631f/screenshot - {}
RESULT: {"script":"<script> [1562 bytes]","args":[{"selector":{"id":"application-manageconditionprice-display-component---conditions--smartFilterBar-filterItemControl_BASIC-BILL_TYPES-valueHelpDialog-smartFilterBar-btnBasicSearch","searchOpenDialogs":true,"interaction":{"idSuffix":"I"}},"wdio_ui5_key":"applicationmanageconditionprice-display-component---conditions--smartFilterBar-filterItemControl_BASIC-BILL_TYPES-valueHelpDialog-smartFilterBar-btnBasicSearch"}]}
RESULT: undefined
COMMAND: POST /session/e486a1c8754caeb8d733034d4643631f/execute/async - {"script":"<script> [776 bytes]","args":[{"enterText":"TB","selector":{"id":"application-manageconditionprice-display-component---conditions--smartFilterBar-filterItemControl_BASIC-BILL_TYPES-valueHelpDialog-smartFilterBar-btnBasicSearch","searchOpenDialogs":true,"interaction":{"idSuffix":"I"}},"clearTextFirst":true,"interactionType":"ENTER_TEXT"}]}
RESULT: {}
RESULT: {"script":"<script> [776 bytes]","args":[{"enterText":"TB","selector":{"id":"application-manageconditionprice-display-component---conditions--smartFilterBar-filterItemControl_BASIC-BILL_TYPES-valueHelpDialog-smartFilterBar-btnBasicSearch","searchOpenDialogs":true,"interaction":{"idSuffix":"I"}},"clearTextFirst":true,"interactionType":"ENTER_TEXT"}]}
COMMAND: POST /session/e486a1c8754caeb8d733034d4643631f/actions - {"actions":[{"id":"action64","type":"key","parameters":{},"actions":[{"type":"keyDown","value":"î€‡"},{"type":"pause","duration":10},{"type":"keyUp","value":"î€‡"}]}]}
RESULT: {"actions":[{"id":"action64","type":"key","parameters":{},"actions":[{"type":"keyDown","value":"î€‡"},{"type":"pause","duration":10},{"type":"keyUp","value":"î€‡"}]}]}
COMMAND: GET /session/e486a1c8754caeb8d733034d4643631f/screenshot - {}
RESULT: {}
COMMAND: POST /session/e486a1c8754caeb8d733034d4643631f/element - {"using":"xpath","value":"//div[contains(@id, 'application-manageconditionprice-display-component---conditions--smartFilterBar-filterItemControl_BASIC-BILL_TYPES-valueHelpDialog-table-rowsel0')]"}
RESULT: {"using":"xpath","value":"//div[contains(@id, 'application-manageconditionprice-display-component---conditions--smartFilterBar-filterItemControl_BASIC-BILL_TYPES-valueHelpDialog-table-rowsel0')]"}
COMMAND: POST /session/e486a1c8754caeb8d733034d4643631f/element/f.1A55FC214BCDC1A6E941175A5A5DD598.d.D21C07CB567D2884805880FC09F3F58B.e.14150/click - {}
RESULT: {}
COMMAND: GET /session/e486a1c8754caeb8d733034d4643631f/screenshot - {}
RESULT: {}
COMMAND: POST /session/e486a1c8754caeb8d733034d4643631f/element - {"using":"xpath","value":"//bdi[contains(text(), \"OK\")]"}
RESULT: {"using":"xpath","value":"//bdi[contains(text(), \"OK\")]"}
COMMAND: POST /session/e486a1c8754caeb8d733034d4643631f/element/f.1A55FC214BCDC1A6E941175A5A5DD598.d.D21C07CB567D2884805880FC09F3F58B.e.14152/click - {}
RESULT: {}
COMMAND: GET /session/e486a1c8754caeb8d733034d4643631f/screenshot - {}
RESULT: {}
COMMAND: POST /session/e486a1c8754caeb8d733034d4643631f/element - {"using":"xpath","value":"//span[@id=\"application-manageconditionprice-display-component---conditions--smartTable-header-inner\"]"}
RESULT: {"using":"xpath","value":"//span[@id=\"application-manageconditionprice-display-component---conditions--smartTable-header-inner\"]"}
COMMAND: POST /session/e486a1c8754caeb8d733034d4643631f/elements - {"using":"xpath","value":"//span[@id=\"application-manageconditionprice-display-component---conditions--smartTable-header-inner\"]"}
RESULT: {"using":"xpath","value":"//span[@id=\"application-manageconditionprice-display-component---conditions--smartTable-header-inner\"]"}
COMMAND: POST /session/e486a1c8754caeb8d733034d4643631f/execute/sync - {"script":"<script> [56 bytes]","args":[{"element-6066-11e4-a52e-4f735466cecf":"f.1A55FC214BCDC1A6E941175A5A5DD598.d.D21C07CB567D2884805880FC09F3F58B.e.14155","ELEMENT":"f.1A55FC214BCDC1A6E941175A5A5DD598.d.D21C07CB567D2884805880FC09F3F58B.e.14155"}]}
RESULT: {"script":"<script> [56 bytes]","args":[{"element-6066-11e4-a52e-4f735466cecf":"f.1A55FC214BCDC1A6E941175A5A5DD598.d.D21C07CB567D2884805880FC09F3F58B.e.14155","ELEMENT":"f.1A55FC214BCDC1A6E941175A5A5DD598.d.D21C07CB567D2884805880FC09F3F58B.e.14155"}]}
COMMAND: POST /session/e486a1c8754caeb8d733034d4643631f/element - {"using":"css selector","value":"#shell-header-logo"}
COMMAND: GET /session/e486a1c8754caeb8d733034d4643631f/screenshot - {}
RESULT: {"using":"css selector","value":"#shell-header-logo"}
COMMAND: POST /session/e486a1c8754caeb8d733034d4643631f/element/f.1A55FC214BCDC1A6E941175A5A5DD598.d.D21C07CB567D2884805880FC09F3F58B.e.13876/click - {}
RESULT: {}
RESULT: {}
COMMAND: GET /session/e486a1c8754caeb8d733034d4643631f/screenshot - {}
RESULT: {}
]]></system-out>
    </testcase>
  </testsuite>
</testsuites>