<?xml version="1.0" encoding="UTF-8"?>
<testsuites tests="76" failures="41" errors="41" skipped="0">
  <testsuite timestamp="2025-05-05T16:19:08" time="84.426" tests="1" failures="0" errors="0" skipped="0">
    <properties>
      <property name="specId" value="0" />
      <property name="suiteName" value="US104422 Create new bin &amp; section - select nothing " />
      <property name="capabilities" value="chrome.135_0_7049_115.windows" />
      <property name="file" value="file:///D:/a/1/s/test/specs/HTR/create-bin.spec.js" />
    </properties>
    <testcase classname="chrome.135_0_7049_115.windows.US104422_Create_new_bin_&amp;_section_-_select_nothing_" name="Create new bin section" time="61.31">
      <system-out><![CDATA[
COMMAND: POST /session/8690b08f518c8418ef29018541b658af/element - {"using":"xpath","value":"//div[text()='Warehouse']"}
RESULT: {"using":"xpath","value":"//div[text()='Warehouse']"}
COMMAND: POST /session/8690b08f518c8418ef29018541b658af/elements - {"using":"xpath","value":"//div[text()='Warehouse']"}
RESULT: {"using":"xpath","value":"//div[text()='Warehouse']"}
COMMAND: POST /session/8690b08f518c8418ef29018541b658af/element/f.032590EE386F29951754CC6C5B23B0CB.d.0891EB0653AE096992D81A0861FF8101.e.117/click - {}
RESULT: {}
COMMAND: POST /session/8690b08f518c8418ef29018541b658af/execute/async - {"script":"<script> [1562 bytes]","args":[{"selector":{"controlType":"sap.m.GenericTile","properties":{"header":"Bin Status Report"}},"wdio_ui5_key":"sapm.GenericTile{\"header\":\"Bin Status Report\"}"}]}
COMMAND: GET /session/8690b08f518c8418ef29018541b658af/screenshot - {}
RESULT: {"script":"<script> [1562 bytes]","args":[{"selector":{"controlType":"sap.m.GenericTile","properties":{"header":"Bin Status Report"}},"wdio_ui5_key":"sapm.GenericTile{\"header\":\"Bin Status Report\"}"}]}
RESULT: undefined
COMMAND: POST /session/8690b08f518c8418ef29018541b658af/element - {"using":"xpath","value":"//*[@id=\"__tile104\"]"}
RESULT: {}
RESULT: {"using":"xpath","value":"//*[@id=\"__tile104\"]"}
COMMAND: POST /session/8690b08f518c8418ef29018541b658af/element/f.032590EE386F29951754CC6C5B23B0CB.d.0891EB0653AE096992D81A0861FF8101.e.120/click - {}
RESULT: {}
COMMAND: GET /session/8690b08f518c8418ef29018541b658af/screenshot - {}
RESULT: {}
COMMAND: POST /session/8690b08f518c8418ef29018541b658af/element - {"using":"xpath","value":"//bdi[text()='Create New Organization']"}
RESULT: {"using":"xpath","value":"//bdi[text()='Create New Organization']"}
COMMAND: POST /session/8690b08f518c8418ef29018541b658af/elements - {"using":"xpath","value":"//bdi[text()='Create New Organization']"}
RESULT: {"using":"xpath","value":"//bdi[text()='Create New Organization']"}
COMMAND: POST /session/8690b08f518c8418ef29018541b658af/elements - {"using":"xpath","value":"//bdi[text()='Create New Organization']"}
RESULT: {"using":"xpath","value":"//bdi[text()='Create New Organization']"}
COMMAND: POST /session/8690b08f518c8418ef29018541b658af/elements - {"using":"xpath","value":"//bdi[text()='Create New Organization']"}
RESULT: {"using":"xpath","value":"//bdi[text()='Create New Organization']"}
COMMAND: POST /session/8690b08f518c8418ef29018541b658af/elements - {"using":"xpath","value":"//bdi[text()='Create New Organization']"}
RESULT: {"using":"xpath","value":"//bdi[text()='Create New Organization']"}
COMMAND: POST /session/8690b08f518c8418ef29018541b658af/elements - {"using":"xpath","value":"//bdi[text()='Create New Organization']"}
RESULT: {"using":"xpath","value":"//bdi[text()='Create New Organization']"}
COMMAND: POST /session/8690b08f518c8418ef29018541b658af/elements - {"using":"xpath","value":"//bdi[text()='Create New Organization']"}
RESULT: {"using":"xpath","value":"//bdi[text()='Create New Organization']"}
COMMAND: POST /session/8690b08f518c8418ef29018541b658af/elements - {"using":"xpath","value":"//bdi[text()='Create New Organization']"}
RESULT: {"using":"xpath","value":"//bdi[text()='Create New Organization']"}
COMMAND: POST /session/8690b08f518c8418ef29018541b658af/elements - {"using":"xpath","value":"//bdi[text()='Create New Organization']"}
RESULT: {"using":"xpath","value":"//bdi[text()='Create New Organization']"}
COMMAND: POST /session/8690b08f518c8418ef29018541b658af/elements - {"using":"xpath","value":"//bdi[text()='Create New Organization']"}
RESULT: {"using":"xpath","value":"//bdi[text()='Create New Organization']"}
COMMAND: POST /session/8690b08f518c8418ef29018541b658af/elements - {"using":"xpath","value":"//bdi[text()='Create New Organization']"}
RESULT: {"using":"xpath","value":"//bdi[text()='Create New Organization']"}
COMMAND: POST /session/8690b08f518c8418ef29018541b658af/elements - {"using":"xpath","value":"//bdi[text()='Create New Organization']"}
RESULT: {"using":"xpath","value":"//bdi[text()='Create New Organization']"}
COMMAND: POST /session/8690b08f518c8418ef29018541b658af/elements - {"using":"xpath","value":"//bdi[text()='Create New Organization']"}
RESULT: {"using":"xpath","value":"//bdi[text()='Create New Organization']"}
COMMAND: POST /session/8690b08f518c8418ef29018541b658af/elements - {"using":"xpath","value":"//bdi[text()='Create New Organization']"}
RESULT: {"using":"xpath","value":"//bdi[text()='Create New Organization']"}
COMMAND: POST /session/8690b08f518c8418ef29018541b658af/elements - {"using":"xpath","value":"//bdi[text()='Create New Organization']"}
RESULT: {"using":"xpath","value":"//bdi[text()='Create New Organization']"}
COMMAND: POST /session/8690b08f518c8418ef29018541b658af/elements - {"using":"xpath","value":"//bdi[text()='Create New Organization']"}
RESULT: {"using":"xpath","value":"//bdi[text()='Create New Organization']"}
COMMAND: POST /session/8690b08f518c8418ef29018541b658af/elements - {"using":"xpath","value":"//bdi[text()='Create New Organization']"}
RESULT: {"using":"xpath","value":"//bdi[text()='Create New Organization']"}
COMMAND: POST /session/8690b08f518c8418ef29018541b658af/element - {"using":"xpath","value":"//bdi[text()='Create New Organization']"}
RESULT: {"using":"xpath","value":"//bdi[text()='Create New Organization']"}
COMMAND: GET /session/8690b08f518c8418ef29018541b658af/element/f.032590EE386F29951754CC6C5B23B0CB.d.0891EB0653AE096992D81A0861FF8101.e.156/enabled - {}
RESULT: {}
COMMAND: POST /session/8690b08f518c8418ef29018541b658af/execute/sync - {"script":"<script> [8489 bytes]","args":[{"element-6066-11e4-a52e-4f735466cecf":"f.032590EE386F29951754CC6C5B23B0CB.d.0891EB0653AE096992D81A0861FF8101.e.156","ELEMENT":"f.032590EE386F29951754CC6C5B23B0CB.d.0891EB0653AE096992D81A0861FF8101.e.156"}]}
COMMAND: GET /session/8690b08f518c8418ef29018541b658af/screenshot - {}
RESULT: {"script":"<script> [8489 bytes]","args":[{"element-6066-11e4-a52e-4f735466cecf":"f.032590EE386F29951754CC6C5B23B0CB.d.0891EB0653AE096992D81A0861FF8101.e.156","ELEMENT":"f.032590EE386F29951754CC6C5B23B0CB.d.0891EB0653AE096992D81A0861FF8101.e.156"}]}
COMMAND: POST /session/8690b08f518c8418ef29018541b658af/execute/sync - {"script":"<script> [5351 bytes]","args":[{"element-6066-11e4-a52e-4f735466cecf":"f.032590EE386F29951754CC6C5B23B0CB.d.0891EB0653AE096992D81A0861FF8101.e.156","ELEMENT":"f.032590EE386F29951754CC6C5B23B0CB.d.0891EB0653AE096992D81A0861FF8101.e.156"}]}
COMMAND: GET /session/8690b08f518c8418ef29018541b658af/screenshot - {}
RESULT: {}
RESULT: {"script":"<script> [5351 bytes]","args":[{"element-6066-11e4-a52e-4f735466cecf":"f.032590EE386F29951754CC6C5B23B0CB.d.0891EB0653AE096992D81A0861FF8101.e.156","ELEMENT":"f.032590EE386F29951754CC6C5B23B0CB.d.0891EB0653AE096992D81A0861FF8101.e.156"}]}
COMMAND: POST /session/8690b08f518c8418ef29018541b658af/element/f.032590EE386F29951754CC6C5B23B0CB.d.0891EB0653AE096992D81A0861FF8101.e.156/click - {}
COMMAND: GET /session/8690b08f518c8418ef29018541b658af/screenshot - {}
RESULT: {}
RESULT: {}
COMMAND: POST /session/8690b08f518c8418ef29018541b658af/execute/async - {"script":"<script> [1562 bytes]","args":[{"selector":{"id":"createOrganizationPop--sectionInput","searchOpenDialogs":true,"interaction":{"idSuffix":"inner"}},"wdio_ui5_key":"createOrganizationPopsectionInput"}]}
COMMAND: GET /session/8690b08f518c8418ef29018541b658af/screenshot - {}
RESULT: {}
RESULT: {"script":"<script> [1562 bytes]","args":[{"selector":{"id":"createOrganizationPop--sectionInput","searchOpenDialogs":true,"interaction":{"idSuffix":"inner"}},"wdio_ui5_key":"createOrganizationPopsectionInput"}]}
RESULT: undefined
COMMAND: POST /session/8690b08f518c8418ef29018541b658af/execute/async - {"script":"<script> [776 bytes]","args":[{"enterText":"WHImypgqu8glwsz86sueqxzgnnmqgqdfnaxoy8olrwcae2jkaddypfhwiietl9z1c9qzcy908bu6nb5worfe8xtf8ccwy7ddokam499c7c37c7lrak2ieo0w1nxxqu0nmajbytpfizsgvkcr3sw31sk7xvct5zybeicescaow13gijp089q0nl2m9eyz56chl7drd075 ... (803 more bytes)","selector":{"id":"createOrganizationPop--sectionInput","searchOpenDialogs":true,"interaction":{"idSuffix":"inner"}},"clearTextFirst":true,"interactionType":"ENTER_TEXT"}]}
RESULT: {}
RESULT: {"script":"<script> [776 bytes]","args":[{"enterText":"WHImypgqu8glwsz86sueqxzgnnmqgqdfnaxoy8olrwcae2jkaddypfhwiietl9z1c9qzcy908bu6nb5worfe8xtf8ccwy7ddokam499c7c37c7lrak2ieo0w1nxxqu0nmajbytpfizsgvkcr3sw31sk7xvct5zybeicescaow13gijp089q0nl2m9eyz56chl7drd075 ... (803 more bytes)","selector":{"id":"createOrganizationPop--sectionInput","searchOpenDialogs":true,"interaction":{"idSuffix":"inner"}},"clearTextFirst":true,"interactionType":"ENTER_TEXT"}]}
COMMAND: POST /session/8690b08f518c8418ef29018541b658af/execute/async - {"script":"<script> [1562 bytes]","args":[{"selector":{"id":"createOrganizationPop--descriptionInput","searchOpenDialogs":true,"interaction":{"idSuffix":"inner"}},"wdio_ui5_key":"createOrganizationPopdescriptionInput"}]}
RESULT: {"script":"<script> [1562 bytes]","args":[{"selector":{"id":"createOrganizationPop--descriptionInput","searchOpenDialogs":true,"interaction":{"idSuffix":"inner"}},"wdio_ui5_key":"createOrganizationPopdescriptionInput"}]}
RESULT: undefined
COMMAND: POST /session/8690b08f518c8418ef29018541b658af/execute/async - {"script":"<script> [776 bytes]","args":[{"enterText":"WHImypgqu8glwsz86sueqxzgnnmqgqdfnaxoy8olrwcae2jkaddypfhwiietl9z1c9qzcy908bu6nb5worfe8xtf8ccwy7ddokam499c7c37c7lrak2ieo0w1nxxqu0nmajbytpfizsgvkcr3sw31sk7xvct5zybeicescaow13gijp089q0nl2m9eyz56chl7drd075 ... (803 more bytes)","selector":{"id":"createOrganizationPop--descriptionInput","searchOpenDialogs":true,"interaction":{"idSuffix":"inner"}},"clearTextFirst":true,"interactionType":"ENTER_TEXT"}]}
RESULT: {"script":"<script> [776 bytes]","args":[{"enterText":"WHImypgqu8glwsz86sueqxzgnnmqgqdfnaxoy8olrwcae2jkaddypfhwiietl9z1c9qzcy908bu6nb5worfe8xtf8ccwy7ddokam499c7c37c7lrak2ieo0w1nxxqu0nmajbytpfizsgvkcr3sw31sk7xvct5zybeicescaow13gijp089q0nl2m9eyz56chl7drd075 ... (803 more bytes)","selector":{"id":"createOrganizationPop--descriptionInput","searchOpenDialogs":true,"interaction":{"idSuffix":"inner"}},"clearTextFirst":true,"interactionType":"ENTER_TEXT"}]}
COMMAND: POST /session/8690b08f518c8418ef29018541b658af/element - {"using":"css selector","value":"#createOrganizationPop--yardOrg-inner"}
RESULT: {"using":"css selector","value":"#createOrganizationPop--yardOrg-inner"}
COMMAND: POST /session/8690b08f518c8418ef29018541b658af/element/f.032590EE386F29951754CC6C5B23B0CB.d.0891EB0653AE096992D81A0861FF8101.e.204/clear - {}
RESULT: {}
COMMAND: POST /session/8690b08f518c8418ef29018541b658af/element/f.032590EE386F29951754CC6C5B23B0CB.d.0891EB0653AE096992D81A0861FF8101.e.204/value - {"text":"WHM"}
COMMAND: GET /session/8690b08f518c8418ef29018541b658af/screenshot - {}
RESULT: {"text":"WHM"}
COMMAND: GET /session/8690b08f518c8418ef29018541b658af/screenshot - {}
RESULT: {}
RESULT: {}
COMMAND: POST /session/8690b08f518c8418ef29018541b658af/actions - {"actions":[{"id":"action1","type":"key","parameters":{},"actions":[{"type":"keyDown","value":"î€‡"},{"type":"pause","duration":10},{"type":"keyUp","value":"î€‡"}]}]}
RESULT: {"actions":[{"id":"action1","type":"key","parameters":{},"actions":[{"type":"keyDown","value":"î€‡"},{"type":"pause","duration":10},{"type":"keyUp","value":"î€‡"}]}]}
COMMAND: POST /session/8690b08f518c8418ef29018541b658af/execute/async - {"script":"<script> [1562 bytes]","args":[{"selector":{"id":"createOrganizationPop--grZone","searchOpenDialogs":true,"interaction":{"idSuffix":"CbBg"}},"wdio_ui5_key":"createOrganizationPopgrZone"}]}
COMMAND: GET /session/8690b08f518c8418ef29018541b658af/screenshot - {}
RESULT: {"script":"<script> [1562 bytes]","args":[{"selector":{"id":"createOrganizationPop--grZone","searchOpenDialogs":true,"interaction":{"idSuffix":"CbBg"}},"wdio_ui5_key":"createOrganizationPopgrZone"}]}
RESULT: undefined
COMMAND: POST /session/8690b08f518c8418ef29018541b658af/element - {"using":"xpath","value":"//*[@id=\"createOrganizationPop--grZone\"]"}
RESULT: {}
RESULT: {"using":"xpath","value":"//*[@id=\"createOrganizationPop--grZone\"]"}
COMMAND: POST /session/8690b08f518c8418ef29018541b658af/element/f.032590EE386F29951754CC6C5B23B0CB.d.0891EB0653AE096992D81A0861FF8101.e.226/click - {}
RESULT: {}
COMMAND: POST /session/8690b08f518c8418ef29018541b658af/execute/async - {"script":"<script> [1562 bytes]","args":[{"selector":{"id":"createOrganizationPop--giZone","searchOpenDialogs":true,"interaction":{"idSuffix":"CbBg"}},"wdio_ui5_key":"createOrganizationPopgiZone"}]}
COMMAND: GET /session/8690b08f518c8418ef29018541b658af/screenshot - {}
RESULT: {"script":"<script> [1562 bytes]","args":[{"selector":{"id":"createOrganizationPop--giZone","searchOpenDialogs":true,"interaction":{"idSuffix":"CbBg"}},"wdio_ui5_key":"createOrganizationPopgiZone"}]}
RESULT: undefined
COMMAND: POST /session/8690b08f518c8418ef29018541b658af/element - {"using":"xpath","value":"//*[@id=\"createOrganizationPop--giZone\"]"}
RESULT: {}
RESULT: {"using":"xpath","value":"//*[@id=\"createOrganizationPop--giZone\"]"}
COMMAND: POST /session/8690b08f518c8418ef29018541b658af/element/f.032590EE386F29951754CC6C5B23B0CB.d.0891EB0653AE096992D81A0861FF8101.e.228/click - {}
RESULT: {}
COMMAND: POST /session/8690b08f518c8418ef29018541b658af/execute/async - {"script":"<script> [1562 bytes]","args":[{"selector":{"id":"createOrganizationPop--binNoInput","searchOpenDialogs":true,"interaction":{"idSuffix":"inner"}},"wdio_ui5_key":"createOrganizationPopbinNoInput"}]}
COMMAND: GET /session/8690b08f518c8418ef29018541b658af/screenshot - {}
RESULT: {"script":"<script> [1562 bytes]","args":[{"selector":{"id":"createOrganizationPop--binNoInput","searchOpenDialogs":true,"interaction":{"idSuffix":"inner"}},"wdio_ui5_key":"createOrganizationPopbinNoInput"}]}
RESULT: undefined
COMMAND: POST /session/8690b08f518c8418ef29018541b658af/execute/async - {"script":"<script> [776 bytes]","args":[{"enterText":"Bin-Wd","selector":{"id":"createOrganizationPop--binNoInput","searchOpenDialogs":true,"interaction":{"idSuffix":"inner"}},"clearTextFirst":true,"interactionType":"ENTER_TEXT"}]}
RESULT: {}
RESULT: {"script":"<script> [776 bytes]","args":[{"enterText":"Bin-Wd","selector":{"id":"createOrganizationPop--binNoInput","searchOpenDialogs":true,"interaction":{"idSuffix":"inner"}},"clearTextFirst":true,"interactionType":"ENTER_TEXT"}]}
COMMAND: POST /session/8690b08f518c8418ef29018541b658af/execute/async - {"script":"<script> [1562 bytes]","args":[{"selector":{"id":"createOrganizationPop--descriptionId","searchOpenDialogs":true,"interaction":{"idSuffix":"inner"}},"wdio_ui5_key":"createOrganizationPopdescriptionId"}]}
RESULT: {"script":"<script> [1562 bytes]","args":[{"selector":{"id":"createOrganizationPop--descriptionId","searchOpenDialogs":true,"interaction":{"idSuffix":"inner"}},"wdio_ui5_key":"createOrganizationPopdescriptionId"}]}
RESULT: undefined
COMMAND: POST /session/8690b08f518c8418ef29018541b658af/execute/async - {"script":"<script> [776 bytes]","args":[{"enterText":"Shipping-Wd","selector":{"id":"createOrganizationPop--descriptionId","searchOpenDialogs":true,"interaction":{"idSuffix":"inner"}},"clearTextFirst":true,"interactionType":"ENTER_TEXT"}]}
RESULT: {"script":"<script> [776 bytes]","args":[{"enterText":"Shipping-Wd","selector":{"id":"createOrganizationPop--descriptionId","searchOpenDialogs":true,"interaction":{"idSuffix":"inner"}},"clearTextFirst":true,"interactionType":"ENTER_TEXT"}]}
COMMAND: POST /session/8690b08f518c8418ef29018541b658af/execute/async - {"script":"<script> [1562 bytes]","args":[{"selector":{"controlType":"sap.m.CheckBox","viewName":"etm.portal.ui.binstatusreport.view.MasterWareBins","viewId":"application-binstatusreport-display-component---warehousing","bindingPath":{"path":"","propertyPath":"/ZONE","modelName":"newBin"},"searchOpenDialogs":true,"interaction":{"idSuffix":"CbBg"}},"wdio_ui5_key":"etmportal.ui.binstatusreport.view.MasterWareBinssap.m.CheckBox{\"path\":\"\",\"propertyPath\":\"/ZONE\",\"modelName\":\"newBin\"}"}]}
RESULT: {"script":"<script> [1562 bytes]","args":[{"selector":{"controlType":"sap.m.CheckBox","viewName":"etm.portal.ui.binstatusreport.view.MasterWareBins","viewId":"application-binstatusreport-display-component---warehousing","bindingPath":{"path":"","propertyPath":"/ZONE","modelName":"newBin"},"searchOpenDialogs":true,"interaction":{"idSuffix":"CbBg"}},"wdio_ui5_key":"etmportal.ui.binstatusreport.view.MasterWareBinssap.m.CheckBox{\"path\":\"\",\"propertyPath\":\"/ZONE\",\"modelName\":\"newBin\"}"}]}
RESULT: undefined
COMMAND: POST /session/8690b08f518c8418ef29018541b658af/element - {"using":"xpath","value":"//*[@id=\"__box12\"]"}
RESULT: {"using":"xpath","value":"//*[@id=\"__box12\"]"}
COMMAND: POST /session/8690b08f518c8418ef29018541b658af/element/f.032590EE386F29951754CC6C5B23B0CB.d.0891EB0653AE096992D81A0861FF8101.e.232/click - {}
RESULT: {}
COMMAND: POST /session/8690b08f518c8418ef29018541b658af/execute/async - {"script":"<script> [1562 bytes]","args":[{"selector":{"id":"createOrganizationPop--binTypesCB-arrow","searchOpenDialogs":true},"wdio_ui5_key":"createOrganizationPopbinTypesCB-arrow"}]}
COMMAND: GET /session/8690b08f518c8418ef29018541b658af/screenshot - {}
RESULT: {"script":"<script> [1562 bytes]","args":[{"selector":{"id":"createOrganizationPop--binTypesCB-arrow","searchOpenDialogs":true},"wdio_ui5_key":"createOrganizationPopbinTypesCB-arrow"}]}
RESULT: undefined
COMMAND: POST /session/8690b08f518c8418ef29018541b658af/element - {"using":"xpath","value":"//*[@id=\"createOrganizationPop--binTypesCB-arrow\"]"}
RESULT: {}
RESULT: {"using":"xpath","value":"//*[@id=\"createOrganizationPop--binTypesCB-arrow\"]"}
COMMAND: POST /session/8690b08f518c8418ef29018541b658af/element/f.032590EE386F29951754CC6C5B23B0CB.d.0891EB0653AE096992D81A0861FF8101.e.233/click - {}
RESULT: {}
COMMAND: POST /session/8690b08f518c8418ef29018541b658af/execute/async - {"script":"<script> [1562 bytes]","args":[{"selector":{"id":"createOrganizationPop--binTypesCB","searchOpenDialogs":true,"interaction":{"idSuffix":"inner"}},"wdio_ui5_key":"createOrganizationPopbinTypesCB"}]}
COMMAND: GET /session/8690b08f518c8418ef29018541b658af/screenshot - {}
RESULT: {"script":"<script> [1562 bytes]","args":[{"selector":{"id":"createOrganizationPop--binTypesCB","searchOpenDialogs":true,"interaction":{"idSuffix":"inner"}},"wdio_ui5_key":"createOrganizationPopbinTypesCB"}]}
RESULT: undefined
COMMAND: POST /session/8690b08f518c8418ef29018541b658af/execute/async - {"script":"<script> [776 bytes]","args":[{"enterText":"1 - General / No capacity check","selector":{"id":"createOrganizationPop--binTypesCB","searchOpenDialogs":true,"interaction":{"idSuffix":"inner"}},"clearTextFirst":true,"interactionType":"ENTER_TEXT"}]}
RESULT: {}
RESULT: {"script":"<script> [776 bytes]","args":[{"enterText":"1 - General / No capacity check","selector":{"id":"createOrganizationPop--binTypesCB","searchOpenDialogs":true,"interaction":{"idSuffix":"inner"}},"clearTextFirst":true,"interactionType":"ENTER_TEXT"}]}
COMMAND: POST /session/8690b08f518c8418ef29018541b658af/actions - {"actions":[{"id":"action2","type":"key","parameters":{},"actions":[{"type":"keyDown","value":"î€‡"},{"type":"pause","duration":10},{"type":"keyUp","value":"î€‡"}]}]}
RESULT: {"actions":[{"id":"action2","type":"key","parameters":{},"actions":[{"type":"keyDown","value":"î€‡"},{"type":"pause","duration":10},{"type":"keyUp","value":"î€‡"}]}]}
COMMAND: GET /session/8690b08f518c8418ef29018541b658af/screenshot - {}
RESULT: {}
COMMAND: POST /session/8690b08f518c8418ef29018541b658af/execute/async - {"script":"<script> [1562 bytes]","args":[{"selector":{"id":"createOrganizationPop--finishBtn","searchOpenDialogs":true,"interaction":{"idSuffix":"BDI-content"}},"wdio_ui5_key":"createOrganizationPopfinishBtn"}]}
RESULT: {"script":"<script> [1562 bytes]","args":[{"selector":{"id":"createOrganizationPop--finishBtn","searchOpenDialogs":true,"interaction":{"idSuffix":"BDI-content"}},"wdio_ui5_key":"createOrganizationPopfinishBtn"}]}
RESULT: undefined
COMMAND: POST /session/8690b08f518c8418ef29018541b658af/element - {"using":"xpath","value":"//*[@id=\"createOrganizationPop--finishBtn\"]"}
RESULT: {"using":"xpath","value":"//*[@id=\"createOrganizationPop--finishBtn\"]"}
COMMAND: POST /session/8690b08f518c8418ef29018541b658af/element/f.032590EE386F29951754CC6C5B23B0CB.d.0891EB0653AE096992D81A0861FF8101.e.236/click - {}
RESULT: {}
COMMAND: POST /session/8690b08f518c8418ef29018541b658af/element - {"using":"css selector","value":"#j_username"}
COMMAND: POST /session/8690b08f518c8418ef29018541b658af/url - {"url":"https://qa-testing-00-live-etm-ui.cfapps.eu10-004.hana.ondemand.com/"}
COMMAND: GET /session/8690b08f518c8418ef29018541b658af/screenshot - {}
RESULT: {"url":"https://qa-testing-00-live-etm-ui.cfapps.eu10-004.hana.ondemand.com/"}
RESULT: undefined
COMMAND: GET /session/8690b08f518c8418ef29018541b658af/screenshot - {}
RESULT: {"using":"css selector","value":"#j_username"}
COMMAND: POST /session/8690b08f518c8418ef29018541b658af/element - {"using":"css selector","value":"#j_username"}
RESULT: {}
RESULT: {}
RESULT: {"using":"css selector","value":"#j_username"}
COMMAND: POST /session/8690b08f518c8418ef29018541b658af/element - {"using":"css selector","value":"#shell-header-logo"}
RESULT: {"using":"css selector","value":"#shell-header-logo"}
COMMAND: POST /session/8690b08f518c8418ef29018541b658af/execute/sync - {"script":"<script> [8489 bytes]","args":[{"element-6066-11e4-a52e-4f735466cecf":"f.032590EE386F29951754CC6C5B23B0CB.d.74E0027535496BA8B81EFFF3AD304E01.e.248","ELEMENT":"f.032590EE386F29951754CC6C5B23B0CB.d.74E0027535496BA8B81EFFF3AD304E01.e.248"}]}
RESULT: {"script":"<script> [8489 bytes]","args":[{"element-6066-11e4-a52e-4f735466cecf":"f.032590EE386F29951754CC6C5B23B0CB.d.74E0027535496BA8B81EFFF3AD304E01.e.248","ELEMENT":"f.032590EE386F29951754CC6C5B23B0CB.d.74E0027535496BA8B81EFFF3AD304E01.e.248"}]}
COMMAND: POST /session/8690b08f518c8418ef29018541b658af/element - {"using":"css selector","value":"#shell-header-logo"}
COMMAND: GET /session/8690b08f518c8418ef29018541b658af/screenshot - {}
RESULT: {"using":"css selector","value":"#shell-header-logo"}
COMMAND: POST /session/8690b08f518c8418ef29018541b658af/execute/sync - {"script":"<script> [8489 bytes]","args":[{"element-6066-11e4-a52e-4f735466cecf":"f.032590EE386F29951754CC6C5B23B0CB.d.74E0027535496BA8B81EFFF3AD304E01.e.248","ELEMENT":"f.032590EE386F29951754CC6C5B23B0CB.d.74E0027535496BA8B81EFFF3AD304E01.e.248"}]}
RESULT: {}
RESULT: {"script":"<script> [8489 bytes]","args":[{"element-6066-11e4-a52e-4f735466cecf":"f.032590EE386F29951754CC6C5B23B0CB.d.74E0027535496BA8B81EFFF3AD304E01.e.248","ELEMENT":"f.032590EE386F29951754CC6C5B23B0CB.d.74E0027535496BA8B81EFFF3AD304E01.e.248"}]}
COMMAND: POST /session/8690b08f518c8418ef29018541b658af/execute/sync - {"script":"<script> [5351 bytes]","args":[{"element-6066-11e4-a52e-4f735466cecf":"f.032590EE386F29951754CC6C5B23B0CB.d.74E0027535496BA8B81EFFF3AD304E01.e.248","ELEMENT":"f.032590EE386F29951754CC6C5B23B0CB.d.74E0027535496BA8B81EFFF3AD304E01.e.248"}]}
COMMAND: GET /session/8690b08f518c8418ef29018541b658af/screenshot - {}
RESULT: {"script":"<script> [5351 bytes]","args":[{"element-6066-11e4-a52e-4f735466cecf":"f.032590EE386F29951754CC6C5B23B0CB.d.74E0027535496BA8B81EFFF3AD304E01.e.248","ELEMENT":"f.032590EE386F29951754CC6C5B23B0CB.d.74E0027535496BA8B81EFFF3AD304E01.e.248"}]}
COMMAND: POST /session/8690b08f518c8418ef29018541b658af/element - {"using":"css selector","value":"#shell-header-logo"}
COMMAND: GET /session/8690b08f518c8418ef29018541b658af/screenshot - {}
RESULT: {}
RESULT: {"using":"css selector","value":"#shell-header-logo"}
COMMAND: POST /session/8690b08f518c8418ef29018541b658af/element/f.032590EE386F29951754CC6C5B23B0CB.d.74E0027535496BA8B81EFFF3AD304E01.e.248/click - {}
RESULT: {}
RESULT: {}
COMMAND: GET /session/8690b08f518c8418ef29018541b658af/screenshot - {}
RESULT: {}
COMMAND: POST /session/8690b08f518c8418ef29018541b658af/execute/async - {"script":"<script> [189 bytes]","args":[]}
RESULT: {"script":"<script> [189 bytes]","args":[]}
COMMAND: POST /session/8690b08f518c8418ef29018541b658af/execute/async - {"script":"<script> [123 bytes]","args":[]}
RESULT: {"script":"<script> [123 bytes]","args":[]}
COMMAND: POST /session/8690b08f518c8418ef29018541b658af/timeouts - {"script":"<number>"}
RESULT: {"script":"<number>"}
COMMAND: GET /session/8690b08f518c8418ef29018541b658af/timeouts - {}
RESULT: {}
RESULT: undefined
COMMAND: POST /session/8690b08f518c8418ef29018541b658af/execute/async - {"script":"<script> [2676 bytes]","args":[]}
RESULT: {"script":"<script> [2676 bytes]","args":[]}
COMMAND: POST /session/8690b08f518c8418ef29018541b658af/execute/async - {"script":"<script> [2342 bytes]","args":[{"protocol":"http","hostname":"0.0.0.0","path":"/","capabilities":{"browserName":"chrome","goog:chromeOptions":{"binary":"C:\\Program Files\\Google\\Chrome\\Application\\chrome.exe","args":["--start-maximized"]}},"logLevel":"warn","connectionRetryTimeout":120000,"connectionRetryCount":3,"logLevels":{},"enableDirectConnect":true,"strictSSL":true,"_":"65 more keys: [\"cacheDir\",\"port\",\"requestedCapabilities\",\"automationProtocol\",\"baseUrl\",\"waitforInterval\",\"waitforTimeout\",\"onReload\",\"beforeCommand\",\"afterCommand\",\"rootDir\",\"specs\",\"suites\",\"exclude\",\"groupLogsByTestSpec\",\"excludeDriverLogs\",\"bail\",\"framework\",\"reporters\",\"services\",\"maxInstances\",\"maxInstancesPerCapability\",\"injectGlobals\",\"filesToWatch\",\"execArgv\",\"runnerEnv\",\"runner\",\"shard\",\"specFileRetries\",\"specFileRetriesDelay\",\"specFileRetriesDeferred\",\"reporterSyncInterval\",\"reporterSyncTimeout\",\"cucumberFeaturesWithLineNumbers\",\"autoCompileOpts\",\"mochaOpts\",\"jasmineOpts\",\"cucumberOpts\",\"onPrepare\",\"onWorkerStart\",\"onWorkerEnd\",\"before\",\"beforeSession\",\"beforeSuite\",\"beforeHook\",\"beforeTest\",\"afterTest\",\"afterHook\",\"afterSuite\",\"afterSession\",\"after\",\"onComplete\",\"beforeAssertion\",\"afterAssertion\",\"beforeFeature\",\"beforeScenario\",\"beforeStep\",\"afterStep\",\"afterScenario\",\"afterFeature\",\"_\",\"suite\",\"$0\",\"ignoredWorkerServices\",\"wdi5\"]"}]}
RESULT: {"script":"<script> [2342 bytes]","args":[{"protocol":"http","hostname":"0.0.0.0","path":"/","capabilities":{"browserName":"chrome","goog:chromeOptions":{"binary":"C:\\Program Files\\Google\\Chrome\\Application\\chrome.exe","args":["--start-maximized"]}},"logLevel":"warn","connectionRetryTimeout":120000,"connectionRetryCount":3,"logLevels":{},"enableDirectConnect":true,"strictSSL":true,"_":"65 more keys: [\"cacheDir\",\"port\",\"requestedCapabilities\",\"automationProtocol\",\"baseUrl\",\"waitforInterval\",\"waitforTimeout\",\"onReload\",\"beforeCommand\",\"afterCommand\",\"rootDir\",\"specs\",\"suites\",\"exclude\",\"groupLogsByTestSpec\",\"excludeDriverLogs\",\"bail\",\"framework\",\"reporters\",\"services\",\"maxInstances\",\"maxInstancesPerCapability\",\"injectGlobals\",\"filesToWatch\",\"execArgv\",\"runnerEnv\",\"runner\",\"shard\",\"specFileRetries\",\"specFileRetriesDelay\",\"specFileRetriesDeferred\",\"reporterSyncInterval\",\"reporterSyncTimeout\",\"cucumberFeaturesWithLineNumbers\",\"autoCompileOpts\",\"mochaOpts\",\"jasmineOpts\",\"cucumberOpts\",\"onPrepare\",\"onWorkerStart\",\"onWorkerEnd\",\"before\",\"beforeSession\",\"beforeSuite\",\"beforeHook\",\"beforeTest\",\"afterTest\",\"afterHook\",\"afterSuite\",\"afterSession\",\"after\",\"onComplete\",\"beforeAssertion\",\"afterAssertion\",\"beforeFeature\",\"beforeScenario\",\"beforeStep\",\"afterStep\",\"afterScenario\",\"afterFeature\",\"_\",\"suite\",\"$0\",\"ignoredWorkerServices\",\"wdi5\"]"}]}
COMMAND: POST /session/8690b08f518c8418ef29018541b658af/execute/async - {"script":"<script> [21126 bytes]","args":[35000]}
RESULT: {"script":"<script> [21126 bytes]","args":[35000]}
COMMAND: POST /session/8690b08f518c8418ef29018541b658af/window/maximize - {}
RESULT: {}
COMMAND: POST /session/8690b08f518c8418ef29018541b658af/execute/async - {"script":"<script> [1562 bytes]","args":[{"selector":{"id":"shell-header","interaction":{"idSuffix":"icon"}},"wdio_ui5_key":"shellheader"}]}
COMMAND: GET /session/8690b08f518c8418ef29018541b658af/screenshot - {}
RESULT: {"script":"<script> [1562 bytes]","args":[{"selector":{"id":"shell-header","interaction":{"idSuffix":"icon"}},"wdio_ui5_key":"shellheader"}]}
RESULT: undefined
]]></system-out>
    </testcase>
  </testsuite>
  <testsuite timestamp="2025-05-05T16:20:32" time="838.697" tests="8" failures="0" errors="0" skipped="0">
    <properties>
      <property name="specId" value="0" />
      <property name="suiteName" value="Stock increase - with WHM US125587" />
      <property name="capabilities" value="chrome.135_0_7049_115.windows" />
      <property name="file" value="file:///D:/a/1/s/test/specs/HTR/stock-increase.spec.js" />
    </properties>
    <testcase classname="chrome.135_0_7049_115.windows.Stock_increase_-_with_WHM_US125587" name="Should create a WHM yard" time="116.669">
      <system-out><![CDATA[
COMMAND: POST /session/8690b08f518c8418ef29018541b658af/element - {"using":"css selector","value":"#shell-header-logo"}
RESULT: {}
RESULT: {"using":"css selector","value":"#shell-header-logo"}
COMMAND: POST /session/8690b08f518c8418ef29018541b658af/element/f.032590EE386F29951754CC6C5B23B0CB.d.74E0027535496BA8B81EFFF3AD304E01.e.248/click - {}
RESULT: {}
COMMAND: GET /session/8690b08f518c8418ef29018541b658af/screenshot - {}
RESULT: {}
COMMAND: POST /session/8690b08f518c8418ef29018541b658af/execute/async - {"script":"<script> [1562 bytes]","args":[{"selector":{"controlType":"sap.m.GenericTile","properties":{"header":"Manage Yards"}},"wdio_ui5_key":"sapm.GenericTile{\"header\":\"Manage Yards\"}"}]}
RESULT: {"script":"<script> [1562 bytes]","args":[{"selector":{"controlType":"sap.m.GenericTile","properties":{"header":"Manage Yards"}},"wdio_ui5_key":"sapm.GenericTile{\"header\":\"Manage Yards\"}"}]}
RESULT: undefined
COMMAND: POST /session/8690b08f518c8418ef29018541b658af/element - {"using":"xpath","value":"//*[@id=\"__tile41\"]"}
RESULT: {"using":"xpath","value":"//*[@id=\"__tile41\"]"}
COMMAND: POST /session/8690b08f518c8418ef29018541b658af/element/f.032590EE386F29951754CC6C5B23B0CB.d.74E0027535496BA8B81EFFF3AD304E01.e.260/click - {}
RESULT: {}
COMMAND: GET /session/8690b08f518c8418ef29018541b658af/screenshot - {}
RESULT: {}
COMMAND: POST /session/8690b08f518c8418ef29018541b658af/execute/async - {"script":"<script> [1562 bytes]","args":[{"selector":{"controlType":"sap.ui.core.Icon","viewName":"etm.portal.ui.manageyards.view.Master","viewId":"application-manageyards-display-component---masterYard","properties":{"src":{"regex":{"source":"add"}}}},"wdio_ui5_key":"etmportal.ui.manageyards.view.Mastersap.ui.core.Icon{\"src\":{\"regex\":{\"source\":\"add\"}}}"}]}
RESULT: {"script":"<script> [1562 bytes]","args":[{"selector":{"controlType":"sap.ui.core.Icon","viewName":"etm.portal.ui.manageyards.view.Master","viewId":"application-manageyards-display-component---masterYard","properties":{"src":{"regex":{"source":"add"}}}},"wdio_ui5_key":"etmportal.ui.manageyards.view.Mastersap.ui.core.Icon{\"src\":{\"regex\":{\"source\":\"add\"}}}"}]}
RESULT: undefined
COMMAND: POST /session/8690b08f518c8418ef29018541b658af/element - {"using":"xpath","value":"//*[@id=\"__button4-img\"]"}
RESULT: {"using":"xpath","value":"//*[@id=\"__button4-img\"]"}
COMMAND: POST /session/8690b08f518c8418ef29018541b658af/element/f.032590EE386F29951754CC6C5B23B0CB.d.74E0027535496BA8B81EFFF3AD304E01.e.306/click - {}
RESULT: {}
COMMAND: GET /session/8690b08f518c8418ef29018541b658af/screenshot - {}
RESULT: {}
COMMAND: POST /session/8690b08f518c8418ef29018541b658af/execute/async - {"script":"<script> [1562 bytes]","args":[{"selector":{"id":"application-manageyards-display-component---NewYard--yardId","interaction":{"idSuffix":"inner"}},"wdio_ui5_key":"applicationmanageyards-display-component---NewYard--yardId"}]}
RESULT: {"script":"<script> [1562 bytes]","args":[{"selector":{"id":"application-manageyards-display-component---NewYard--yardId","interaction":{"idSuffix":"inner"}},"wdio_ui5_key":"applicationmanageyards-display-component---NewYard--yardId"}]}
RESULT: undefined
COMMAND: POST /session/8690b08f518c8418ef29018541b658af/element - {"using":"xpath","value":"//*[@id=\"application-manageyards-display-component---NewYard--addressDetailDetailsName1-inner\"]"}
RESULT: {"using":"xpath","value":"//*[@id=\"application-manageyards-display-component---NewYard--addressDetailDetailsName1-inner\"]"}
COMMAND: POST /session/8690b08f518c8418ef29018541b658af/element/f.032590EE386F29951754CC6C5B23B0CB.d.74E0027535496BA8B81EFFF3AD304E01.e.520/clear - {}
RESULT: {}
COMMAND: POST /session/8690b08f518c8418ef29018541b658af/element/f.032590EE386F29951754CC6C5B23B0CB.d.74E0027535496BA8B81EFFF3AD304E01.e.520/value - {"text":"WebdriverWHMYardrlmm3f"}
COMMAND: GET /session/8690b08f518c8418ef29018541b658af/screenshot - {}
RESULT: {"text":"WebdriverWHMYardrlmm3f"}
COMMAND: POST /session/8690b08f518c8418ef29018541b658af/element - {"using":"xpath","value":"//*[@id=\"application-manageyards-display-component---NewYard--addressDetailDetailsLanguage-inner\"]"}
COMMAND: GET /session/8690b08f518c8418ef29018541b658af/screenshot - {}
RESULT: {}
RESULT: {"using":"xpath","value":"//*[@id=\"application-manageyards-display-component---NewYard--addressDetailDetailsLanguage-inner\"]"}
COMMAND: POST /session/8690b08f518c8418ef29018541b658af/element/f.032590EE386F29951754CC6C5B23B0CB.d.74E0027535496BA8B81EFFF3AD304E01.e.521/clear - {}
RESULT: {}
RESULT: {}
COMMAND: POST /session/8690b08f518c8418ef29018541b658af/element/f.032590EE386F29951754CC6C5B23B0CB.d.74E0027535496BA8B81EFFF3AD304E01.e.521/value - {"text":"Romanian"}
COMMAND: GET /session/8690b08f518c8418ef29018541b658af/screenshot - {}
RESULT: {"text":"Romanian"}
COMMAND: GET /session/8690b08f518c8418ef29018541b658af/screenshot - {}
RESULT: {}
RESULT: {}
COMMAND: POST /session/8690b08f518c8418ef29018541b658af/element - {"using":"xpath","value":"//*[@id=\"application-manageyards-display-component---NewYard--addressDetailDetailsCity1-inner\"]"}
RESULT: {"using":"xpath","value":"//*[@id=\"application-manageyards-display-component---NewYard--addressDetailDetailsCity1-inner\"]"}
COMMAND: POST /session/8690b08f518c8418ef29018541b658af/element/f.032590EE386F29951754CC6C5B23B0CB.d.74E0027535496BA8B81EFFF3AD304E01.e.523/clear - {}
RESULT: {}
COMMAND: POST /session/8690b08f518c8418ef29018541b658af/element/f.032590EE386F29951754CC6C5B23B0CB.d.74E0027535496BA8B81EFFF3AD304E01.e.523/value - {"text":"Bucuresti"}
COMMAND: GET /session/8690b08f518c8418ef29018541b658af/screenshot - {}
RESULT: {"text":"Bucuresti"}
COMMAND: GET /session/8690b08f518c8418ef29018541b658af/screenshot - {}
RESULT: {}
RESULT: {}
COMMAND: POST /session/8690b08f518c8418ef29018541b658af/element - {"using":"xpath","value":"//*[@id=\"application-manageyards-display-component---NewYard--addressDetailDetailsCountry-inner\"]"}
RESULT: {"using":"xpath","value":"//*[@id=\"application-manageyards-display-component---NewYard--addressDetailDetailsCountry-inner\"]"}
COMMAND: POST /session/8690b08f518c8418ef29018541b658af/element/f.032590EE386F29951754CC6C5B23B0CB.d.74E0027535496BA8B81EFFF3AD304E01.e.527/clear - {}
RESULT: {}
COMMAND: POST /session/8690b08f518c8418ef29018541b658af/element/f.032590EE386F29951754CC6C5B23B0CB.d.74E0027535496BA8B81EFFF3AD304E01.e.527/value - {"text":"Romania"}
COMMAND: GET /session/8690b08f518c8418ef29018541b658af/screenshot - {}
RESULT: {"text":"Romania"}
COMMAND: GET /session/8690b08f518c8418ef29018541b658af/screenshot - {}
RESULT: {}
RESULT: {}
COMMAND: POST /session/8690b08f518c8418ef29018541b658af/execute/async - {"script":"<script> [1562 bytes]","args":[{"selector":{"controlType":"sap.m.Button","viewName":"etm.portal.ui.manageyards.view.New","viewId":"application-manageyards-display-component---NewYard","properties":{"text":"Commercial"},"interaction":{"idSuffix":"BDI-content"}},"wdio_ui5_key":"etmportal.ui.manageyards.view.Newsap.m.Button{\"text\":\"Commercial\"}"}]}
RESULT: {"script":"<script> [1562 bytes]","args":[{"selector":{"controlType":"sap.m.Button","viewName":"etm.portal.ui.manageyards.view.New","viewId":"application-manageyards-display-component---NewYard","properties":{"text":"Commercial"},"interaction":{"idSuffix":"BDI-content"}},"wdio_ui5_key":"etmportal.ui.manageyards.view.Newsap.m.Button{\"text\":\"Commercial\"}"}]}
RESULT: undefined
COMMAND: POST /session/8690b08f518c8418ef29018541b658af/element - {"using":"xpath","value":"//*[@id=\"application-manageyards-display-component---NewYard--ObjectPageLayout-anchBar-__section5-anchor\"]"}
RESULT: {"using":"xpath","value":"//*[@id=\"application-manageyards-display-component---NewYard--ObjectPageLayout-anchBar-__section5-anchor\"]"}
COMMAND: POST /session/8690b08f518c8418ef29018541b658af/element/f.032590EE386F29951754CC6C5B23B0CB.d.74E0027535496BA8B81EFFF3AD304E01.e.717/click - {}
RESULT: {}
COMMAND: GET /session/8690b08f518c8418ef29018541b658af/screenshot - {}
RESULT: {}
COMMAND: POST /session/8690b08f518c8418ef29018541b658af/element - {"using":"xpath","value":"//input[@id='application-manageyards-display-component---NewYard--addressEditDetailsCostObjectCstType-inner']"}
RESULT: {"using":"xpath","value":"//input[@id='application-manageyards-display-component---NewYard--addressEditDetailsCostObjectCstType-inner']"}
COMMAND: POST /session/8690b08f518c8418ef29018541b658af/execute/sync - {"script":"<script> [8489 bytes]","args":[{"element-6066-11e4-a52e-4f735466cecf":"f.032590EE386F29951754CC6C5B23B0CB.d.74E0027535496BA8B81EFFF3AD304E01.e.533","ELEMENT":"f.032590EE386F29951754CC6C5B23B0CB.d.74E0027535496BA8B81EFFF3AD304E01.e.533"}]}
RESULT: {"script":"<script> [8489 bytes]","args":[{"element-6066-11e4-a52e-4f735466cecf":"f.032590EE386F29951754CC6C5B23B0CB.d.74E0027535496BA8B81EFFF3AD304E01.e.533","ELEMENT":"f.032590EE386F29951754CC6C5B23B0CB.d.74E0027535496BA8B81EFFF3AD304E01.e.533"}]}
COMMAND: POST /session/8690b08f518c8418ef29018541b658af/element/f.032590EE386F29951754CC6C5B23B0CB.d.74E0027535496BA8B81EFFF3AD304E01.e.533/clear - {}
COMMAND: GET /session/8690b08f518c8418ef29018541b658af/screenshot - {}
RESULT: {}
COMMAND: POST /session/8690b08f518c8418ef29018541b658af/element/f.032590EE386F29951754CC6C5B23B0CB.d.74E0027535496BA8B81EFFF3AD304E01.e.533/value - {"text":"Cost"}
COMMAND: GET /session/8690b08f518c8418ef29018541b658af/screenshot - {}
RESULT: {}
RESULT: {"text":"Cost"}
COMMAND: GET /session/8690b08f518c8418ef29018541b658af/screenshot - {}
RESULT: {}
RESULT: {}
COMMAND: POST /session/8690b08f518c8418ef29018541b658af/execute/async - {"script":"<script> [1562 bytes]","args":[{"selector":{"id":"application-manageyards-display-component---NewYard--addressNewCostObjectCstID","interaction":{"idSuffix":"inner"}},"wdio_ui5_key":"applicationmanageyards-display-component---NewYard--addressNewCostObjectCstID"}]}
RESULT: {"script":"<script> [1562 bytes]","args":[{"selector":{"id":"application-manageyards-display-component---NewYard--addressNewCostObjectCstID","interaction":{"idSuffix":"inner"}},"wdio_ui5_key":"applicationmanageyards-display-component---NewYard--addressNewCostObjectCstID"}]}
RESULT: undefined
COMMAND: POST /session/8690b08f518c8418ef29018541b658af/execute/async - {"script":"<script> [776 bytes]","args":[{"enterText":"10001013","selector":{"id":"application-manageyards-display-component---NewYard--addressNewCostObjectCstID","interaction":{"idSuffix":"inner"}},"clearTextFirst":true,"interactionType":"ENTER_TEXT"}]}
RESULT: {"script":"<script> [776 bytes]","args":[{"enterText":"10001013","selector":{"id":"application-manageyards-display-component---NewYard--addressNewCostObjectCstID","interaction":{"idSuffix":"inner"}},"clearTextFirst":true,"interactionType":"ENTER_TEXT"}]}
COMMAND: POST /session/8690b08f518c8418ef29018541b658af/actions - {"actions":[{"id":"action3","type":"key","parameters":{},"actions":[{"type":"keyDown","value":"î€‡"},{"type":"pause","duration":10},{"type":"keyUp","value":"î€‡"}]}]}
RESULT: {"actions":[{"id":"action3","type":"key","parameters":{},"actions":[{"type":"keyDown","value":"î€‡"},{"type":"pause","duration":10},{"type":"keyUp","value":"î€‡"}]}]}
COMMAND: POST /session/8690b08f518c8418ef29018541b658af/execute/async - {"script":"<script> [1562 bytes]","args":[{"selector":{"id":"application-manageyards-display-component---NewYard--addressEditDetailsCurrency","interaction":{"idSuffix":"inner"}},"wdio_ui5_key":"applicationmanageyards-display-component---NewYard--addressEditDetailsCurrency"}]}
COMMAND: GET /session/8690b08f518c8418ef29018541b658af/screenshot - {}
RESULT: {"script":"<script> [1562 bytes]","args":[{"selector":{"id":"application-manageyards-display-component---NewYard--addressEditDetailsCurrency","interaction":{"idSuffix":"inner"}},"wdio_ui5_key":"applicationmanageyards-display-component---NewYard--addressEditDetailsCurrency"}]}
RESULT: undefined
COMMAND: POST /session/8690b08f518c8418ef29018541b658af/execute/async - {"script":"<script> [776 bytes]","args":[{"enterText":"Euro","selector":{"id":"application-manageyards-display-component---NewYard--addressEditDetailsCurrency","interaction":{"idSuffix":"inner"}},"clearTextFirst":true,"interactionType":"ENTER_TEXT"}]}
RESULT: {}
RESULT: {"script":"<script> [776 bytes]","args":[{"enterText":"Euro","selector":{"id":"application-manageyards-display-component---NewYard--addressEditDetailsCurrency","interaction":{"idSuffix":"inner"}},"clearTextFirst":true,"interactionType":"ENTER_TEXT"}]}
COMMAND: POST /session/8690b08f518c8418ef29018541b658af/execute/async - {"script":"<script> [1562 bytes]","args":[{"selector":{"controlType":"sap.m.Input","viewName":"etm.portal.ui.manageyards.view.New","viewId":"application-manageyards-display-component---NewYard","bindingPath":{"path":"","propertyPath":"/CONTROLLING_AREA","modelName":"NewYardModel"},"interaction":{"idSuffix":"inner"}},"wdio_ui5_key":"etmportal.ui.manageyards.view.Newsap.m.Input{\"path\":\"\",\"propertyPath\":\"/CONTROLLING_AREA\",\"modelName\":\"NewYardModel\"}"}]}
RESULT: {"script":"<script> [1562 bytes]","args":[{"selector":{"controlType":"sap.m.Input","viewName":"etm.portal.ui.manageyards.view.New","viewId":"application-manageyards-display-component---NewYard","bindingPath":{"path":"","propertyPath":"/CONTROLLING_AREA","modelName":"NewYardModel"},"interaction":{"idSuffix":"inner"}},"wdio_ui5_key":"etmportal.ui.manageyards.view.Newsap.m.Input{\"path\":\"\",\"propertyPath\":\"/CONTROLLING_AREA\",\"modelName\":\"NewYardModel\"}"}]}
RESULT: undefined
COMMAND: POST /session/8690b08f518c8418ef29018541b658af/execute/async - {"script":"<script> [776 bytes]","args":[{"enterText":"Z001","selector":{"controlType":"sap.m.Input","viewName":"etm.portal.ui.manageyards.view.New","viewId":"application-manageyards-display-component---NewYard","bindingPath":{"path":"","propertyPath":"/CONTROLLING_AREA","modelName":"NewYardModel"},"interaction":{"idSuffix":"inner"}},"clearTextFirst":true,"interactionType":"ENTER_TEXT"}]}
RESULT: {"script":"<script> [776 bytes]","args":[{"enterText":"Z001","selector":{"controlType":"sap.m.Input","viewName":"etm.portal.ui.manageyards.view.New","viewId":"application-manageyards-display-component---NewYard","bindingPath":{"path":"","propertyPath":"/CONTROLLING_AREA","modelName":"NewYardModel"},"interaction":{"idSuffix":"inner"}},"clearTextFirst":true,"interactionType":"ENTER_TEXT"}]}
COMMAND: POST /session/8690b08f518c8418ef29018541b658af/execute/async - {"script":"<script> [1562 bytes]","args":[{"selector":{"id":"application-manageyards-display-component---NewYard--companyCodeComboBox","interaction":{"idSuffix":"inner"}},"wdio_ui5_key":"applicationmanageyards-display-component---NewYard--companyCodeComboBox"}]}
RESULT: {"script":"<script> [1562 bytes]","args":[{"selector":{"id":"application-manageyards-display-component---NewYard--companyCodeComboBox","interaction":{"idSuffix":"inner"}},"wdio_ui5_key":"applicationmanageyards-display-component---NewYard--companyCodeComboBox"}]}
RESULT: undefined
COMMAND: POST /session/8690b08f518c8418ef29018541b658af/execute/async - {"script":"<script> [776 bytes]","args":[{"enterText":"1000","selector":{"id":"application-manageyards-display-component---NewYard--companyCodeComboBox","interaction":{"idSuffix":"inner"}},"clearTextFirst":true,"interactionType":"ENTER_TEXT"}]}
RESULT: {"script":"<script> [776 bytes]","args":[{"enterText":"1000","selector":{"id":"application-manageyards-display-component---NewYard--companyCodeComboBox","interaction":{"idSuffix":"inner"}},"clearTextFirst":true,"interactionType":"ENTER_TEXT"}]}
COMMAND: POST /session/8690b08f518c8418ef29018541b658af/actions - {"actions":[{"id":"action4","type":"key","parameters":{},"actions":[{"type":"keyDown","value":"î€‡"},{"type":"pause","duration":10},{"type":"keyUp","value":"î€‡"}]}]}
RESULT: {"actions":[{"id":"action4","type":"key","parameters":{},"actions":[{"type":"keyDown","value":"î€‡"},{"type":"pause","duration":10},{"type":"keyUp","value":"î€‡"}]}]}
COMMAND: POST /session/8690b08f518c8418ef29018541b658af/execute/async - {"script":"<script> [1562 bytes]","args":[{"selector":{"controlType":"sap.m.Input","viewName":"etm.portal.ui.manageyards.view.New","viewId":"application-manageyards-display-component---NewYard","bindingPath":{"path":"","propertyPath":"/PLANT","modelName":"NewYardModel"},"interaction":{"idSuffix":"inner"}},"wdio_ui5_key":"etmportal.ui.manageyards.view.Newsap.m.Input{\"path\":\"\",\"propertyPath\":\"/PLANT\",\"modelName\":\"NewYardModel\"}"}]}
COMMAND: GET /session/8690b08f518c8418ef29018541b658af/screenshot - {}
RESULT: {"script":"<script> [1562 bytes]","args":[{"selector":{"controlType":"sap.m.Input","viewName":"etm.portal.ui.manageyards.view.New","viewId":"application-manageyards-display-component---NewYard","bindingPath":{"path":"","propertyPath":"/PLANT","modelName":"NewYardModel"},"interaction":{"idSuffix":"inner"}},"wdio_ui5_key":"etmportal.ui.manageyards.view.Newsap.m.Input{\"path\":\"\",\"propertyPath\":\"/PLANT\",\"modelName\":\"NewYardModel\"}"}]}
RESULT: undefined
COMMAND: POST /session/8690b08f518c8418ef29018541b658af/execute/async - {"script":"<script> [776 bytes]","args":[{"enterText":"1001","selector":{"controlType":"sap.m.Input","viewName":"etm.portal.ui.manageyards.view.New","viewId":"application-manageyards-display-component---NewYard","bindingPath":{"path":"","propertyPath":"/PLANT","modelName":"NewYardModel"},"interaction":{"idSuffix":"inner"}},"clearTextFirst":true,"interactionType":"ENTER_TEXT"}]}
RESULT: {}
RESULT: {"script":"<script> [776 bytes]","args":[{"enterText":"1001","selector":{"controlType":"sap.m.Input","viewName":"etm.portal.ui.manageyards.view.New","viewId":"application-manageyards-display-component---NewYard","bindingPath":{"path":"","propertyPath":"/PLANT","modelName":"NewYardModel"},"interaction":{"idSuffix":"inner"}},"clearTextFirst":true,"interactionType":"ENTER_TEXT"}]}
COMMAND: POST /session/8690b08f518c8418ef29018541b658af/execute/async - {"script":"<script> [1562 bytes]","args":[{"selector":{"controlType":"sap.m.Input","viewName":"etm.portal.ui.manageyards.view.New","viewId":"application-manageyards-display-component---NewYard","bindingPath":{"path":"","propertyPath":"/SALES_AREA_VKORG","modelName":"NewYardModel"},"interaction":{"idSuffix":"inner"}},"wdio_ui5_key":"etmportal.ui.manageyards.view.Newsap.m.Input{\"path\":\"\",\"propertyPath\":\"/SALES_AREA_VKORG\",\"modelName\":\"NewYardModel\"}"}]}
RESULT: {"script":"<script> [1562 bytes]","args":[{"selector":{"controlType":"sap.m.Input","viewName":"etm.portal.ui.manageyards.view.New","viewId":"application-manageyards-display-component---NewYard","bindingPath":{"path":"","propertyPath":"/SALES_AREA_VKORG","modelName":"NewYardModel"},"interaction":{"idSuffix":"inner"}},"wdio_ui5_key":"etmportal.ui.manageyards.view.Newsap.m.Input{\"path\":\"\",\"propertyPath\":\"/SALES_AREA_VKORG\",\"modelName\":\"NewYardModel\"}"}]}
RESULT: undefined
COMMAND: POST /session/8690b08f518c8418ef29018541b658af/execute/async - {"script":"<script> [776 bytes]","args":[{"enterText":"C002","selector":{"controlType":"sap.m.Input","viewName":"etm.portal.ui.manageyards.view.New","viewId":"application-manageyards-display-component---NewYard","bindingPath":{"path":"","propertyPath":"/SALES_AREA_VKORG","modelName":"NewYardModel"},"interaction":{"idSuffix":"inner"}},"clearTextFirst":true,"interactionType":"ENTER_TEXT"}]}
RESULT: {"script":"<script> [776 bytes]","args":[{"enterText":"C002","selector":{"controlType":"sap.m.Input","viewName":"etm.portal.ui.manageyards.view.New","viewId":"application-manageyards-display-component---NewYard","bindingPath":{"path":"","propertyPath":"/SALES_AREA_VKORG","modelName":"NewYardModel"},"interaction":{"idSuffix":"inner"}},"clearTextFirst":true,"interactionType":"ENTER_TEXT"}]}
COMMAND: POST /session/8690b08f518c8418ef29018541b658af/execute/async - {"script":"<script> [1562 bytes]","args":[{"selector":{"controlType":"sap.m.Input","viewName":"etm.portal.ui.manageyards.view.New","viewId":"application-manageyards-display-component---NewYard","bindingPath":{"path":"","propertyPath":"/SALES_AREA_VTWEG","modelName":"NewYardModel"},"interaction":{"idSuffix":"inner"}},"wdio_ui5_key":"etmportal.ui.manageyards.view.Newsap.m.Input{\"path\":\"\",\"propertyPath\":\"/SALES_AREA_VTWEG\",\"modelName\":\"NewYardModel\"}"}]}
RESULT: {"script":"<script> [1562 bytes]","args":[{"selector":{"controlType":"sap.m.Input","viewName":"etm.portal.ui.manageyards.view.New","viewId":"application-manageyards-display-component---NewYard","bindingPath":{"path":"","propertyPath":"/SALES_AREA_VTWEG","modelName":"NewYardModel"},"interaction":{"idSuffix":"inner"}},"wdio_ui5_key":"etmportal.ui.manageyards.view.Newsap.m.Input{\"path\":\"\",\"propertyPath\":\"/SALES_AREA_VTWEG\",\"modelName\":\"NewYardModel\"}"}]}
RESULT: undefined
COMMAND: POST /session/8690b08f518c8418ef29018541b658af/execute/async - {"script":"<script> [776 bytes]","args":[{"enterText":"C2","selector":{"controlType":"sap.m.Input","viewName":"etm.portal.ui.manageyards.view.New","viewId":"application-manageyards-display-component---NewYard","bindingPath":{"path":"","propertyPath":"/SALES_AREA_VTWEG","modelName":"NewYardModel"},"interaction":{"idSuffix":"inner"}},"clearTextFirst":true,"interactionType":"ENTER_TEXT"}]}
RESULT: {"script":"<script> [776 bytes]","args":[{"enterText":"C2","selector":{"controlType":"sap.m.Input","viewName":"etm.portal.ui.manageyards.view.New","viewId":"application-manageyards-display-component---NewYard","bindingPath":{"path":"","propertyPath":"/SALES_AREA_VTWEG","modelName":"NewYardModel"},"interaction":{"idSuffix":"inner"}},"clearTextFirst":true,"interactionType":"ENTER_TEXT"}]}
COMMAND: POST /session/8690b08f518c8418ef29018541b658af/execute/async - {"script":"<script> [1562 bytes]","args":[{"selector":{"controlType":"sap.m.Input","viewName":"etm.portal.ui.manageyards.view.New","viewId":"application-manageyards-display-component---NewYard","bindingPath":{"path":"","propertyPath":"/SALES_AREA_SPART","modelName":"NewYardModel"},"interaction":{"idSuffix":"inner"}},"wdio_ui5_key":"etmportal.ui.manageyards.view.Newsap.m.Input{\"path\":\"\",\"propertyPath\":\"/SALES_AREA_SPART\",\"modelName\":\"NewYardModel\"}"}]}
RESULT: {"script":"<script> [1562 bytes]","args":[{"selector":{"controlType":"sap.m.Input","viewName":"etm.portal.ui.manageyards.view.New","viewId":"application-manageyards-display-component---NewYard","bindingPath":{"path":"","propertyPath":"/SALES_AREA_SPART","modelName":"NewYardModel"},"interaction":{"idSuffix":"inner"}},"wdio_ui5_key":"etmportal.ui.manageyards.view.Newsap.m.Input{\"path\":\"\",\"propertyPath\":\"/SALES_AREA_SPART\",\"modelName\":\"NewYardModel\"}"}]}
RESULT: undefined
COMMAND: POST /session/8690b08f518c8418ef29018541b658af/execute/async - {"script":"<script> [776 bytes]","args":[{"enterText":"C2","selector":{"controlType":"sap.m.Input","viewName":"etm.portal.ui.manageyards.view.New","viewId":"application-manageyards-display-component---NewYard","bindingPath":{"path":"","propertyPath":"/SALES_AREA_SPART","modelName":"NewYardModel"},"interaction":{"idSuffix":"inner"}},"clearTextFirst":true,"interactionType":"ENTER_TEXT"}]}
RESULT: {"script":"<script> [776 bytes]","args":[{"enterText":"C2","selector":{"controlType":"sap.m.Input","viewName":"etm.portal.ui.manageyards.view.New","viewId":"application-manageyards-display-component---NewYard","bindingPath":{"path":"","propertyPath":"/SALES_AREA_SPART","modelName":"NewYardModel"},"interaction":{"idSuffix":"inner"}},"clearTextFirst":true,"interactionType":"ENTER_TEXT"}]}
COMMAND: POST /session/8690b08f518c8418ef29018541b658af/execute/async - {"script":"<script> [1562 bytes]","args":[{"selector":{"id":"application-manageyards-display-component---NewYard--whmCheckBox","interaction":{"idSuffix":"CbBg"}},"wdio_ui5_key":"applicationmanageyards-display-component---NewYard--whmCheckBox"}]}
RESULT: {"script":"<script> [1562 bytes]","args":[{"selector":{"id":"application-manageyards-display-component---NewYard--whmCheckBox","interaction":{"idSuffix":"CbBg"}},"wdio_ui5_key":"applicationmanageyards-display-component---NewYard--whmCheckBox"}]}
RESULT: undefined
COMMAND: POST /session/8690b08f518c8418ef29018541b658af/element - {"using":"xpath","value":"//*[@id=\"application-manageyards-display-component---NewYard--whmCheckBox\"]"}
RESULT: {"using":"xpath","value":"//*[@id=\"application-manageyards-display-component---NewYard--whmCheckBox\"]"}
COMMAND: POST /session/8690b08f518c8418ef29018541b658af/element/f.032590EE386F29951754CC6C5B23B0CB.d.74E0027535496BA8B81EFFF3AD304E01.e.748/click - {}
RESULT: {}
COMMAND: POST /session/8690b08f518c8418ef29018541b658af/execute/async - {"script":"<script> [1562 bytes]","args":[{"selector":{"controlType":"sap.m.Button","viewName":"etm.portal.ui.manageyards.view.New","viewId":"application-manageyards-display-component---NewYard","i18NText":{"propertyName":"text","key":"save"},"interaction":{"idSuffix":"inner"}},"wdio_ui5_key":"etmportal.ui.manageyards.view.Newsap.m.Button{\"propertyName\":\"text\",\"key\":\"save\"}"}]}
COMMAND: GET /session/8690b08f518c8418ef29018541b658af/screenshot - {}
RESULT: {"script":"<script> [1562 bytes]","args":[{"selector":{"controlType":"sap.m.Button","viewName":"etm.portal.ui.manageyards.view.New","viewId":"application-manageyards-display-component---NewYard","i18NText":{"propertyName":"text","key":"save"},"interaction":{"idSuffix":"inner"}},"wdio_ui5_key":"etmportal.ui.manageyards.view.Newsap.m.Button{\"propertyName\":\"text\",\"key\":\"save\"}"}]}
RESULT: undefined
COMMAND: POST /session/8690b08f518c8418ef29018541b658af/element - {"using":"xpath","value":"//*[@id=\"__button18\"]"}
RESULT: {}
RESULT: {"using":"xpath","value":"//*[@id=\"__button18\"]"}
COMMAND: POST /session/8690b08f518c8418ef29018541b658af/element/f.032590EE386F29951754CC6C5B23B0CB.d.74E0027535496BA8B81EFFF3AD304E01.e.704/click - {}
RESULT: {}
COMMAND: GET /session/8690b08f518c8418ef29018541b658af/screenshot - {}
RESULT: {}
COMMAND: POST /session/8690b08f518c8418ef29018541b658af/element - {"using":"xpath","value":"//header/div/div/div/div/div/div[2]/div/span"}
RESULT: {"using":"xpath","value":"//header/div/div/div/div/div/div[2]/div/span"}
COMMAND: GET /session/8690b08f518c8418ef29018541b658af/element/f.032590EE386F29951754CC6C5B23B0CB.d.74E0027535496BA8B81EFFF3AD304E01.e.945/text - {}
RESULT: {}
COMMAND: POST /session/8690b08f518c8418ef29018541b658af/element - {"using":"xpath","value":"//header/div/div[2]/div[2]/span"}
RESULT: {"using":"xpath","value":"//header/div/div[2]/div[2]/span"}
COMMAND: GET /session/8690b08f518c8418ef29018541b658af/element/f.032590EE386F29951754CC6C5B23B0CB.d.74E0027535496BA8B81EFFF3AD304E01.e.946/text - {}
RESULT: {}
]]></system-out>
    </testcase>
    <testcase classname="chrome.135_0_7049_115.windows.Stock_increase_-_with_WHM_US125587" name="Should create new whm partner" time="115.714">
      <system-out><![CDATA[
COMMAND: POST /session/8690b08f518c8418ef29018541b658af/element - {"using":"css selector","value":"#shell-header-logo"}
RESULT: {"using":"css selector","value":"#shell-header-logo"}
COMMAND: POST /session/8690b08f518c8418ef29018541b658af/element/f.032590EE386F29951754CC6C5B23B0CB.d.74E0027535496BA8B81EFFF3AD304E01.e.248/click - {}
RESULT: {}
COMMAND: GET /session/8690b08f518c8418ef29018541b658af/screenshot - {}
RESULT: {}
COMMAND: POST /session/8690b08f518c8418ef29018541b658af/execute/async - {"script":"<script> [1562 bytes]","args":[{"selector":{"controlType":"sap.m.GenericTile","properties":{"header":"Manage Partners"}},"wdio_ui5_key":"sapm.GenericTile{\"header\":\"Manage Partners\"}"}]}
RESULT: {"script":"<script> [1562 bytes]","args":[{"selector":{"controlType":"sap.m.GenericTile","properties":{"header":"Manage Partners"}},"wdio_ui5_key":"sapm.GenericTile{\"header\":\"Manage Partners\"}"}]}
RESULT: undefined
COMMAND: POST /session/8690b08f518c8418ef29018541b658af/element - {"using":"xpath","value":"//*[@id=\"__tile38\"]"}
RESULT: {"using":"xpath","value":"//*[@id=\"__tile38\"]"}
COMMAND: POST /session/8690b08f518c8418ef29018541b658af/element/f.032590EE386F29951754CC6C5B23B0CB.d.74E0027535496BA8B81EFFF3AD304E01.e.949/click - {}
RESULT: {}
COMMAND: GET /session/8690b08f518c8418ef29018541b658af/screenshot - {}
RESULT: {}
COMMAND: POST /session/8690b08f518c8418ef29018541b658af/refresh - {}
RESULT: {}
COMMAND: GET /session/8690b08f518c8418ef29018541b658af/screenshot - {}
RESULT: {}
COMMAND: POST /session/8690b08f518c8418ef29018541b658af/refresh - {}
RESULT: {}
COMMAND: GET /session/8690b08f518c8418ef29018541b658af/screenshot - {}
RESULT: {}
COMMAND: POST /session/8690b08f518c8418ef29018541b658af/window/fullscreen - {}
RESULT: {}
COMMAND: POST /session/8690b08f518c8418ef29018541b658af/execute/async - {"script":"<script> [189 bytes]","args":[]}
RESULT: {"script":"<script> [189 bytes]","args":[]}
COMMAND: POST /session/8690b08f518c8418ef29018541b658af/execute/async - {"script":"<script> [123 bytes]","args":[]}
RESULT: {"script":"<script> [123 bytes]","args":[]}
COMMAND: POST /session/8690b08f518c8418ef29018541b658af/timeouts - {"script":"<number>"}
RESULT: {"script":"<number>"}
COMMAND: GET /session/8690b08f518c8418ef29018541b658af/timeouts - {}
RESULT: {}
RESULT: undefined
COMMAND: POST /session/8690b08f518c8418ef29018541b658af/execute/async - {"script":"<script> [2676 bytes]","args":[]}
RESULT: {"script":"<script> [2676 bytes]","args":[]}
COMMAND: POST /session/8690b08f518c8418ef29018541b658af/execute/async - {"script":"<script> [2342 bytes]","args":[{"protocol":"http","hostname":"0.0.0.0","path":"/","capabilities":{"browserName":"chrome","goog:chromeOptions":{"binary":"C:\\Program Files\\Google\\Chrome\\Application\\chrome.exe","args":["--start-maximized"]}},"logLevel":"warn","connectionRetryTimeout":120000,"connectionRetryCount":3,"logLevels":{},"enableDirectConnect":true,"strictSSL":true,"_":"65 more keys: [\"cacheDir\",\"port\",\"requestedCapabilities\",\"automationProtocol\",\"baseUrl\",\"waitforInterval\",\"waitforTimeout\",\"onReload\",\"beforeCommand\",\"afterCommand\",\"rootDir\",\"specs\",\"suites\",\"exclude\",\"groupLogsByTestSpec\",\"excludeDriverLogs\",\"bail\",\"framework\",\"reporters\",\"services\",\"maxInstances\",\"maxInstancesPerCapability\",\"injectGlobals\",\"filesToWatch\",\"execArgv\",\"runnerEnv\",\"runner\",\"shard\",\"specFileRetries\",\"specFileRetriesDelay\",\"specFileRetriesDeferred\",\"reporterSyncInterval\",\"reporterSyncTimeout\",\"cucumberFeaturesWithLineNumbers\",\"autoCompileOpts\",\"mochaOpts\",\"jasmineOpts\",\"cucumberOpts\",\"onPrepare\",\"onWorkerStart\",\"onWorkerEnd\",\"before\",\"beforeSession\",\"beforeSuite\",\"beforeHook\",\"beforeTest\",\"afterTest\",\"afterHook\",\"afterSuite\",\"afterSession\",\"after\",\"onComplete\",\"beforeAssertion\",\"afterAssertion\",\"beforeFeature\",\"beforeScenario\",\"beforeStep\",\"afterStep\",\"afterScenario\",\"afterFeature\",\"_\",\"suite\",\"$0\",\"ignoredWorkerServices\",\"wdi5\"]"}]}
RESULT: {"script":"<script> [2342 bytes]","args":[{"protocol":"http","hostname":"0.0.0.0","path":"/","capabilities":{"browserName":"chrome","goog:chromeOptions":{"binary":"C:\\Program Files\\Google\\Chrome\\Application\\chrome.exe","args":["--start-maximized"]}},"logLevel":"warn","connectionRetryTimeout":120000,"connectionRetryCount":3,"logLevels":{},"enableDirectConnect":true,"strictSSL":true,"_":"65 more keys: [\"cacheDir\",\"port\",\"requestedCapabilities\",\"automationProtocol\",\"baseUrl\",\"waitforInterval\",\"waitforTimeout\",\"onReload\",\"beforeCommand\",\"afterCommand\",\"rootDir\",\"specs\",\"suites\",\"exclude\",\"groupLogsByTestSpec\",\"excludeDriverLogs\",\"bail\",\"framework\",\"reporters\",\"services\",\"maxInstances\",\"maxInstancesPerCapability\",\"injectGlobals\",\"filesToWatch\",\"execArgv\",\"runnerEnv\",\"runner\",\"shard\",\"specFileRetries\",\"specFileRetriesDelay\",\"specFileRetriesDeferred\",\"reporterSyncInterval\",\"reporterSyncTimeout\",\"cucumberFeaturesWithLineNumbers\",\"autoCompileOpts\",\"mochaOpts\",\"jasmineOpts\",\"cucumberOpts\",\"onPrepare\",\"onWorkerStart\",\"onWorkerEnd\",\"before\",\"beforeSession\",\"beforeSuite\",\"beforeHook\",\"beforeTest\",\"afterTest\",\"afterHook\",\"afterSuite\",\"afterSession\",\"after\",\"onComplete\",\"beforeAssertion\",\"afterAssertion\",\"beforeFeature\",\"beforeScenario\",\"beforeStep\",\"afterStep\",\"afterScenario\",\"afterFeature\",\"_\",\"suite\",\"$0\",\"ignoredWorkerServices\",\"wdi5\"]"}]}
COMMAND: POST /session/8690b08f518c8418ef29018541b658af/execute/async - {"script":"<script> [21126 bytes]","args":[35000]}
RESULT: {"script":"<script> [21126 bytes]","args":[35000]}
COMMAND: POST /session/8690b08f518c8418ef29018541b658af/execute/async - {"script":"<script> [1562 bytes]","args":[{"selector":{"controlType":"sap.ui.core.Icon","viewName":"etm.portal.ui.managepartners.view.Master","viewId":"application-managepartners-display-component---masterPtm","properties":{"src":{"regex":{"source":"add"}}}},"wdio_ui5_key":"etmportal.ui.managepartners.view.Mastersap.ui.core.Icon{\"src\":{\"regex\":{\"source\":\"add\"}}}"}]}
RESULT: {"script":"<script> [1562 bytes]","args":[{"selector":{"controlType":"sap.ui.core.Icon","viewName":"etm.portal.ui.managepartners.view.Master","viewId":"application-managepartners-display-component---masterPtm","properties":{"src":{"regex":{"source":"add"}}}},"wdio_ui5_key":"etmportal.ui.managepartners.view.Mastersap.ui.core.Icon{\"src\":{\"regex\":{\"source\":\"add\"}}}"}]}
RESULT: undefined
COMMAND: POST /session/8690b08f518c8418ef29018541b658af/element - {"using":"xpath","value":"//*[@id=\"__button2-img\"]"}
RESULT: {"using":"xpath","value":"//*[@id=\"__button2-img\"]"}
COMMAND: POST /session/8690b08f518c8418ef29018541b658af/element/f.032590EE386F29951754CC6C5B23B0CB.d.608415345E9AAA44B30FB6BB4F51845F.e.1183/click - {}
RESULT: {}
COMMAND: GET /session/8690b08f518c8418ef29018541b658af/screenshot - {}
RESULT: {}
COMMAND: POST /session/8690b08f518c8418ef29018541b658af/execute/async - {"script":"<script> [1562 bytes]","args":[{"selector":{"controlType":"sap.m.Title","viewName":"etm.portal.ui.managepartners.view.NewPartner","viewId":"application-managepartners-display-component---NewPartner","i18NText":{"propertyName":"text","key":"newPartner"},"interaction":{"idSuffix":"inner"}},"wdio_ui5_key":"etmportal.ui.managepartners.view.NewPartnersap.m.Title{\"propertyName\":\"text\",\"key\":\"newPartner\"}"}]}
RESULT: {"script":"<script> [1562 bytes]","args":[{"selector":{"controlType":"sap.m.Title","viewName":"etm.portal.ui.managepartners.view.NewPartner","viewId":"application-managepartners-display-component---NewPartner","i18NText":{"propertyName":"text","key":"newPartner"},"interaction":{"idSuffix":"inner"}},"wdio_ui5_key":"etmportal.ui.managepartners.view.NewPartnersap.m.Title{\"propertyName\":\"text\",\"key\":\"newPartner\"}"}]}
RESULT: undefined
COMMAND: POST /session/8690b08f518c8418ef29018541b658af/execute/async - {"script":"<script> [6424 bytes]","args":[{"element-6066-11e4-a52e-4f735466cecf":"f.032590EE386F29951754CC6C5B23B0CB.d.608415345E9AAA44B30FB6BB4F51845F.e.1618"},"getText",[]]}
RESULT: {"script":"<script> [6424 bytes]","args":[{"element-6066-11e4-a52e-4f735466cecf":"f.032590EE386F29951754CC6C5B23B0CB.d.608415345E9AAA44B30FB6BB4F51845F.e.1618"},"getText",[]]}
COMMAND: POST /session/8690b08f518c8418ef29018541b658af/execute/async - {"script":"<script> [1562 bytes]","args":[{"selector":{"id":"application-managepartners-display-component---NewPartner--partnerId","interaction":{"idSuffix":"inner"}},"wdio_ui5_key":"applicationmanagepartners-display-component---NewPartner--partnerId"}]}
RESULT: {"script":"<script> [1562 bytes]","args":[{"selector":{"id":"application-managepartners-display-component---NewPartner--partnerId","interaction":{"idSuffix":"inner"}},"wdio_ui5_key":"applicationmanagepartners-display-component---NewPartner--partnerId"}]}
RESULT: undefined
COMMAND: POST /session/8690b08f518c8418ef29018541b658af/execute/async - {"script":"<script> [1562 bytes]","args":[{"selector":{"id":"application-managepartners-display-component---NewPartner--addressDetailDetailsName1","interaction":{"idSuffix":"inner"}},"wdio_ui5_key":"applicationmanagepartners-display-component---NewPartner--addressDetailDetailsName1"}]}
RESULT: {"script":"<script> [1562 bytes]","args":[{"selector":{"id":"application-managepartners-display-component---NewPartner--addressDetailDetailsName1","interaction":{"idSuffix":"inner"}},"wdio_ui5_key":"applicationmanagepartners-display-component---NewPartner--addressDetailDetailsName1"}]}
RESULT: undefined
COMMAND: POST /session/8690b08f518c8418ef29018541b658af/execute/async - {"script":"<script> [776 bytes]","args":[{"enterText":"WebdriverWHMPartnerrlmm3f","selector":{"id":"application-managepartners-display-component---NewPartner--addressDetailDetailsName1","interaction":{"idSuffix":"inner"}},"clearTextFirst":true,"interactionType":"ENTER_TEXT"}]}
RESULT: {"script":"<script> [776 bytes]","args":[{"enterText":"WebdriverWHMPartnerrlmm3f","selector":{"id":"application-managepartners-display-component---NewPartner--addressDetailDetailsName1","interaction":{"idSuffix":"inner"}},"clearTextFirst":true,"interactionType":"ENTER_TEXT"}]}
COMMAND: POST /session/8690b08f518c8418ef29018541b658af/execute/async - {"script":"<script> [1562 bytes]","args":[{"selector":{"id":"application-managepartners-display-component---NewPartner--addressDetailDetailsLanguage","interaction":{"idSuffix":"inner"}},"wdio_ui5_key":"applicationmanagepartners-display-component---NewPartner--addressDetailDetailsLanguage"}]}
RESULT: {"script":"<script> [1562 bytes]","args":[{"selector":{"id":"application-managepartners-display-component---NewPartner--addressDetailDetailsLanguage","interaction":{"idSuffix":"inner"}},"wdio_ui5_key":"applicationmanagepartners-display-component---NewPartner--addressDetailDetailsLanguage"}]}
RESULT: undefined
COMMAND: POST /session/8690b08f518c8418ef29018541b658af/execute/async - {"script":"<script> [776 bytes]","args":[{"enterText":"Romanian","selector":{"id":"application-managepartners-display-component---NewPartner--addressDetailDetailsLanguage","interaction":{"idSuffix":"inner"}},"clearTextFirst":true,"interactionType":"ENTER_TEXT"}]}
RESULT: {"script":"<script> [776 bytes]","args":[{"enterText":"Romanian","selector":{"id":"application-managepartners-display-component---NewPartner--addressDetailDetailsLanguage","interaction":{"idSuffix":"inner"}},"clearTextFirst":true,"interactionType":"ENTER_TEXT"}]}
COMMAND: POST /session/8690b08f518c8418ef29018541b658af/execute/async - {"script":"<script> [1562 bytes]","args":[{"selector":{"controlType":"sap.m.StandardListItem","viewName":"etm.portal.ui.managepartners.view.NewPartner","viewId":"application-managepartners-display-component---NewPartner","properties":{"type":"Active"},"searchOpenDialogs":true,"interaction":{"idSuffix":"content"}},"wdio_ui5_key":"etmportal.ui.managepartners.view.NewPartnersap.m.StandardListItem{\"type\":\"Active\"}"}]}
RESULT: {"script":"<script> [1562 bytes]","args":[{"selector":{"controlType":"sap.m.StandardListItem","viewName":"etm.portal.ui.managepartners.view.NewPartner","viewId":"application-managepartners-display-component---NewPartner","properties":{"type":"Active"},"searchOpenDialogs":true,"interaction":{"idSuffix":"content"}},"wdio_ui5_key":"etmportal.ui.managepartners.view.NewPartnersap.m.StandardListItem{\"type\":\"Active\"}"}]}
RESULT: undefined
COMMAND: POST /session/8690b08f518c8418ef29018541b658af/element - {"using":"xpath","value":"//*[@id=\"__item131\"]"}
RESULT: {"using":"xpath","value":"//*[@id=\"__item131\"]"}
COMMAND: POST /session/8690b08f518c8418ef29018541b658af/element/f.032590EE386F29951754CC6C5B23B0CB.d.608415345E9AAA44B30FB6BB4F51845F.e.1622/click - {}
RESULT: {}
COMMAND: POST /session/8690b08f518c8418ef29018541b658af/execute/async - {"script":"<script> [1562 bytes]","args":[{"selector":{"id":"application-managepartners-display-component---NewPartner--addressDetailDetailsCity1","interaction":{"idSuffix":"inner"}},"wdio_ui5_key":"applicationmanagepartners-display-component---NewPartner--addressDetailDetailsCity1"}]}
COMMAND: GET /session/8690b08f518c8418ef29018541b658af/screenshot - {}
RESULT: {"script":"<script> [1562 bytes]","args":[{"selector":{"id":"application-managepartners-display-component---NewPartner--addressDetailDetailsCity1","interaction":{"idSuffix":"inner"}},"wdio_ui5_key":"applicationmanagepartners-display-component---NewPartner--addressDetailDetailsCity1"}]}
RESULT: undefined
COMMAND: POST /session/8690b08f518c8418ef29018541b658af/execute/async - {"script":"<script> [776 bytes]","args":[{"enterText":"Cluj","selector":{"id":"application-managepartners-display-component---NewPartner--addressDetailDetailsCity1","interaction":{"idSuffix":"inner"}},"clearTextFirst":true,"interactionType":"ENTER_TEXT"}]}
RESULT: {}
RESULT: {"script":"<script> [776 bytes]","args":[{"enterText":"Cluj","selector":{"id":"application-managepartners-display-component---NewPartner--addressDetailDetailsCity1","interaction":{"idSuffix":"inner"}},"clearTextFirst":true,"interactionType":"ENTER_TEXT"}]}
COMMAND: POST /session/8690b08f518c8418ef29018541b658af/execute/async - {"script":"<script> [1562 bytes]","args":[{"selector":{"id":"application-managepartners-display-component---NewPartner--addressDetailDetailsCountry","interaction":{"idSuffix":"inner"}},"wdio_ui5_key":"applicationmanagepartners-display-component---NewPartner--addressDetailDetailsCountry"}]}
RESULT: {"script":"<script> [1562 bytes]","args":[{"selector":{"id":"application-managepartners-display-component---NewPartner--addressDetailDetailsCountry","interaction":{"idSuffix":"inner"}},"wdio_ui5_key":"applicationmanagepartners-display-component---NewPartner--addressDetailDetailsCountry"}]}
RESULT: undefined
COMMAND: POST /session/8690b08f518c8418ef29018541b658af/execute/async - {"script":"<script> [6424 bytes]","args":[{"element-6066-11e4-a52e-4f735466cecf":"f.032590EE386F29951754CC6C5B23B0CB.d.608415345E9AAA44B30FB6BB4F51845F.e.1415"},"setValue",["Romania"]]}
RESULT: {"script":"<script> [6424 bytes]","args":[{"element-6066-11e4-a52e-4f735466cecf":"f.032590EE386F29951754CC6C5B23B0CB.d.608415345E9AAA44B30FB6BB4F51845F.e.1415"},"setValue",["Romania"]]}
COMMAND: POST /session/8690b08f518c8418ef29018541b658af/execute/async - {"script":"<script> [1562 bytes]","args":[{"selector":{"id":"application-managepartners-display-component---NewPartner--partnerDetailInternal","interaction":{"idSuffix":"inner"}},"wdio_ui5_key":"applicationmanagepartners-display-component---NewPartner--partnerDetailInternal"}]}
RESULT: {"script":"<script> [1562 bytes]","args":[{"selector":{"id":"application-managepartners-display-component---NewPartner--partnerDetailInternal","interaction":{"idSuffix":"inner"}},"wdio_ui5_key":"applicationmanagepartners-display-component---NewPartner--partnerDetailInternal"}]}
RESULT: undefined
COMMAND: POST /session/8690b08f518c8418ef29018541b658af/execute/async - {"script":"<script> [776 bytes]","args":[{"enterText":"External partner","selector":{"id":"application-managepartners-display-component---NewPartner--partnerDetailInternal","interaction":{"idSuffix":"inner"}},"clearTextFirst":true,"interactionType":"ENTER_TEXT"}]}
RESULT: {"script":"<script> [776 bytes]","args":[{"enterText":"External partner","selector":{"id":"application-managepartners-display-component---NewPartner--partnerDetailInternal","interaction":{"idSuffix":"inner"}},"clearTextFirst":true,"interactionType":"ENTER_TEXT"}]}
COMMAND: POST /session/8690b08f518c8418ef29018541b658af/execute/async - {"script":"<script> [1562 bytes]","args":[{"selector":{"id":"application-managepartners-display-component---NewPartner--partnerDetailsCurrency","interaction":{"idSuffix":"inner"}},"wdio_ui5_key":"applicationmanagepartners-display-component---NewPartner--partnerDetailsCurrency"}]}
RESULT: {"script":"<script> [1562 bytes]","args":[{"selector":{"id":"application-managepartners-display-component---NewPartner--partnerDetailsCurrency","interaction":{"idSuffix":"inner"}},"wdio_ui5_key":"applicationmanagepartners-display-component---NewPartner--partnerDetailsCurrency"}]}
RESULT: undefined
COMMAND: POST /session/8690b08f518c8418ef29018541b658af/execute/async - {"script":"<script> [776 bytes]","args":[{"enterText":"Euro","selector":{"id":"application-managepartners-display-component---NewPartner--partnerDetailsCurrency","interaction":{"idSuffix":"inner"}},"clearTextFirst":true,"interactionType":"ENTER_TEXT"}]}
RESULT: {"script":"<script> [776 bytes]","args":[{"enterText":"Euro","selector":{"id":"application-managepartners-display-component---NewPartner--partnerDetailsCurrency","interaction":{"idSuffix":"inner"}},"clearTextFirst":true,"interactionType":"ENTER_TEXT"}]}
COMMAND: POST /session/8690b08f518c8418ef29018541b658af/execute/async - {"script":"<script> [1562 bytes]","args":[{"selector":{"controlType":"sap.m.Button","viewName":"etm.portal.ui.managepartners.view.NewPartner","viewId":"application-managepartners-display-component---NewPartner","properties":{"text":"Commercial"},"interaction":{"idSuffix":"BDI-content"}},"wdio_ui5_key":"etmportal.ui.managepartners.view.NewPartnersap.m.Button{\"text\":\"Commercial\"}"}]}
RESULT: {"script":"<script> [1562 bytes]","args":[{"selector":{"controlType":"sap.m.Button","viewName":"etm.portal.ui.managepartners.view.NewPartner","viewId":"application-managepartners-display-component---NewPartner","properties":{"text":"Commercial"},"interaction":{"idSuffix":"BDI-content"}},"wdio_ui5_key":"etmportal.ui.managepartners.view.NewPartnersap.m.Button{\"text\":\"Commercial\"}"}]}
RESULT: undefined
COMMAND: POST /session/8690b08f518c8418ef29018541b658af/element - {"using":"xpath","value":"//*[@id=\"application-managepartners-display-component---NewPartner--ObjectPageLayout-anchBar-__section5-anchor\"]"}
RESULT: {"using":"xpath","value":"//*[@id=\"application-managepartners-display-component---NewPartner--ObjectPageLayout-anchBar-__section5-anchor\"]"}
COMMAND: POST /session/8690b08f518c8418ef29018541b658af/element/f.032590EE386F29951754CC6C5B23B0CB.d.608415345E9AAA44B30FB6BB4F51845F.e.1628/click - {}
RESULT: {}
COMMAND: GET /session/8690b08f518c8418ef29018541b658af/screenshot - {}
RESULT: {}
COMMAND: POST /session/8690b08f518c8418ef29018541b658af/execute/async - {"script":"<script> [1562 bytes]","args":[{"selector":{"id":"application-managepartners-display-component---NewPartner--btnAddTableRow-img"},"wdio_ui5_key":"applicationmanagepartners-display-component---NewPartner--btnAddTableRow-img"}]}
RESULT: {"script":"<script> [1562 bytes]","args":[{"selector":{"id":"application-managepartners-display-component---NewPartner--btnAddTableRow-img"},"wdio_ui5_key":"applicationmanagepartners-display-component---NewPartner--btnAddTableRow-img"}]}
RESULT: undefined
COMMAND: POST /session/8690b08f518c8418ef29018541b658af/element - {"using":"xpath","value":"//*[@id=\"application-managepartners-display-component---NewPartner--btnAddTableRow-img\"]"}
RESULT: {"using":"xpath","value":"//*[@id=\"application-managepartners-display-component---NewPartner--btnAddTableRow-img\"]"}
COMMAND: POST /session/8690b08f518c8418ef29018541b658af/element/f.032590EE386F29951754CC6C5B23B0CB.d.608415345E9AAA44B30FB6BB4F51845F.e.1633/click - {}
RESULT: {}
COMMAND: POST /session/8690b08f518c8418ef29018541b658af/element - {"using":"xpath","value":"//input[contains(@id ,\"application-managepartners-display-component---NewPartner--assignmentYard-application-managepartners-display-component---NewPartner\")]"}
COMMAND: GET /session/8690b08f518c8418ef29018541b658af/screenshot - {}
RESULT: {"using":"xpath","value":"//input[contains(@id ,\"application-managepartners-display-component---NewPartner--assignmentYard-application-managepartners-display-component---NewPartner\")]"}
COMMAND: POST /session/8690b08f518c8418ef29018541b658af/elements - {"using":"xpath","value":"//input[contains(@id ,\"application-managepartners-display-component---NewPartner--assignmentYard-application-managepartners-display-component---NewPartner\")]"}
RESULT: {}
RESULT: {"using":"xpath","value":"//input[contains(@id ,\"application-managepartners-display-component---NewPartner--assignmentYard-application-managepartners-display-component---NewPartner\")]"}
COMMAND: POST /session/8690b08f518c8418ef29018541b658af/element/f.032590EE386F29951754CC6C5B23B0CB.d.608415345E9AAA44B30FB6BB4F51845F.e.1636/value - {"text":"589"}
RESULT: {"text":"589"}
COMMAND: GET /session/8690b08f518c8418ef29018541b658af/screenshot - {}
RESULT: {}
COMMAND: POST /session/8690b08f518c8418ef29018541b658af/actions - {"actions":[{"id":"action5","type":"key","parameters":{},"actions":[{"type":"keyDown","value":"î€‡"},{"type":"pause","duration":10},{"type":"keyUp","value":"î€‡"}]}]}
RESULT: {"actions":[{"id":"action5","type":"key","parameters":{},"actions":[{"type":"keyDown","value":"î€‡"},{"type":"pause","duration":10},{"type":"keyUp","value":"î€‡"}]}]}
COMMAND: POST /session/8690b08f518c8418ef29018541b658af/execute/async - {"script":"<script> [1562 bytes]","args":[{"selector":{"controlType":"sap.m.Button","viewName":"etm.portal.ui.managepartners.view.NewPartner","viewId":"application-managepartners-display-component---NewPartner","i18NText":{"propertyName":"text","key":"save"},"interaction":{"idSuffix":"BDI-content"}},"wdio_ui5_key":"etmportal.ui.managepartners.view.NewPartnersap.m.Button{\"propertyName\":\"text\",\"key\":\"save\"}"}]}
COMMAND: GET /session/8690b08f518c8418ef29018541b658af/screenshot - {}
RESULT: {"script":"<script> [1562 bytes]","args":[{"selector":{"controlType":"sap.m.Button","viewName":"etm.portal.ui.managepartners.view.NewPartner","viewId":"application-managepartners-display-component---NewPartner","i18NText":{"propertyName":"text","key":"save"},"interaction":{"idSuffix":"BDI-content"}},"wdio_ui5_key":"etmportal.ui.managepartners.view.NewPartnersap.m.Button{\"propertyName\":\"text\",\"key\":\"save\"}"}]}
RESULT: undefined
COMMAND: POST /session/8690b08f518c8418ef29018541b658af/element - {"using":"xpath","value":"//*[@id=\"__button10\"]"}
RESULT: {}
RESULT: {"using":"xpath","value":"//*[@id=\"__button10\"]"}
COMMAND: POST /session/8690b08f518c8418ef29018541b658af/element/f.032590EE386F29951754CC6C5B23B0CB.d.608415345E9AAA44B30FB6BB4F51845F.e.1594/click - {}
RESULT: {}
COMMAND: GET /session/8690b08f518c8418ef29018541b658af/screenshot - {}
RESULT: {}
COMMAND: POST /session/8690b08f518c8418ef29018541b658af/element - {"using":"xpath","value":"//header/div/div[2]/div[2]/span"}
RESULT: {"using":"xpath","value":"//header/div/div[2]/div[2]/span"}
COMMAND: POST /session/8690b08f518c8418ef29018541b658af/elements - {"using":"xpath","value":"//header/div/div[2]/div[2]/span"}
RESULT: {"using":"xpath","value":"//header/div/div[2]/div[2]/span"}
COMMAND: POST /session/8690b08f518c8418ef29018541b658af/execute/sync - {"script":"<script> [8489 bytes]","args":[{"element-6066-11e4-a52e-4f735466cecf":"f.032590EE386F29951754CC6C5B23B0CB.d.608415345E9AAA44B30FB6BB4F51845F.e.1803","ELEMENT":"f.032590EE386F29951754CC6C5B23B0CB.d.608415345E9AAA44B30FB6BB4F51845F.e.1803"}]}
RESULT: {"script":"<script> [8489 bytes]","args":[{"element-6066-11e4-a52e-4f735466cecf":"f.032590EE386F29951754CC6C5B23B0CB.d.608415345E9AAA44B30FB6BB4F51845F.e.1803","ELEMENT":"f.032590EE386F29951754CC6C5B23B0CB.d.608415345E9AAA44B30FB6BB4F51845F.e.1803"}]}
COMMAND: GET /session/8690b08f518c8418ef29018541b658af/element/f.032590EE386F29951754CC6C5B23B0CB.d.608415345E9AAA44B30FB6BB4F51845F.e.1803/text - {}
COMMAND: GET /session/8690b08f518c8418ef29018541b658af/screenshot - {}
RESULT: {}
COMMAND: POST /session/8690b08f518c8418ef29018541b658af/element - {"using":"xpath","value":"//header/div/div/div/div/div/div[2]/div/span"}
RESULT: {}
RESULT: {"using":"xpath","value":"//header/div/div/div/div/div/div[2]/div/span"}
COMMAND: POST /session/8690b08f518c8418ef29018541b658af/elements - {"using":"xpath","value":"//header/div/div/div/div/div/div[2]/div/span"}
RESULT: {"using":"xpath","value":"//header/div/div/div/div/div/div[2]/div/span"}
COMMAND: POST /session/8690b08f518c8418ef29018541b658af/execute/sync - {"script":"<script> [8489 bytes]","args":[{"element-6066-11e4-a52e-4f735466cecf":"f.032590EE386F29951754CC6C5B23B0CB.d.608415345E9AAA44B30FB6BB4F51845F.e.1804","ELEMENT":"f.032590EE386F29951754CC6C5B23B0CB.d.608415345E9AAA44B30FB6BB4F51845F.e.1804"}]}
RESULT: {"script":"<script> [8489 bytes]","args":[{"element-6066-11e4-a52e-4f735466cecf":"f.032590EE386F29951754CC6C5B23B0CB.d.608415345E9AAA44B30FB6BB4F51845F.e.1804","ELEMENT":"f.032590EE386F29951754CC6C5B23B0CB.d.608415345E9AAA44B30FB6BB4F51845F.e.1804"}]}
COMMAND: GET /session/8690b08f518c8418ef29018541b658af/element/f.032590EE386F29951754CC6C5B23B0CB.d.608415345E9AAA44B30FB6BB4F51845F.e.1804/text - {}
COMMAND: GET /session/8690b08f518c8418ef29018541b658af/screenshot - {}
RESULT: {}
]]></system-out>
    </testcase>
    <testcase classname="chrome.135_0_7049_115.windows.Stock_increase_-_with_WHM_US125587" name="Should create WHM site" time="100.598">
      <system-out><![CDATA[
COMMAND: POST /session/8690b08f518c8418ef29018541b658af/element - {"using":"css selector","value":"#shell-header-logo"}
RESULT: {}
RESULT: {"using":"css selector","value":"#shell-header-logo"}
COMMAND: POST /session/8690b08f518c8418ef29018541b658af/element/f.032590EE386F29951754CC6C5B23B0CB.d.608415345E9AAA44B30FB6BB4F51845F.e.1136/click - {}
RESULT: {}
COMMAND: GET /session/8690b08f518c8418ef29018541b658af/screenshot - {}
RESULT: {}
COMMAND: POST /session/8690b08f518c8418ef29018541b658af/execute/async - {"script":"<script> [1562 bytes]","args":[{"selector":{"controlType":"sap.m.GenericTile","properties":{"header":"Manage Sites"}},"wdio_ui5_key":"sapm.GenericTile{\"header\":\"Manage Sites\"}"}]}
RESULT: {"script":"<script> [1562 bytes]","args":[{"selector":{"controlType":"sap.m.GenericTile","properties":{"header":"Manage Sites"}},"wdio_ui5_key":"sapm.GenericTile{\"header\":\"Manage Sites\"}"}]}
RESULT: undefined
COMMAND: POST /session/8690b08f518c8418ef29018541b658af/element - {"using":"xpath","value":"//*[@id=\"__tile51\"]"}
RESULT: {"using":"xpath","value":"//*[@id=\"__tile51\"]"}
COMMAND: POST /session/8690b08f518c8418ef29018541b658af/element/f.032590EE386F29951754CC6C5B23B0CB.d.608415345E9AAA44B30FB6BB4F51845F.e.1823/click - {}
RESULT: {}
COMMAND: GET /session/8690b08f518c8418ef29018541b658af/screenshot - {}
RESULT: {}
COMMAND: POST /session/8690b08f518c8418ef29018541b658af/execute/async - {"script":"<script> [1562 bytes]","args":[{"selector":{"controlType":"sap.ui.core.Icon","viewName":"etm.portal.ui.managesites.view.Master","viewId":"application-managesites-display-component---masterSite","properties":{"src":{"regex":{"source":"add"}}}},"wdio_ui5_key":"etmportal.ui.managesites.view.Mastersap.ui.core.Icon{\"src\":{\"regex\":{\"source\":\"add\"}}}"}]}
RESULT: {"script":"<script> [1562 bytes]","args":[{"selector":{"controlType":"sap.ui.core.Icon","viewName":"etm.portal.ui.managesites.view.Master","viewId":"application-managesites-display-component---masterSite","properties":{"src":{"regex":{"source":"add"}}}},"wdio_ui5_key":"etmportal.ui.managesites.view.Mastersap.ui.core.Icon{\"src\":{\"regex\":{\"source\":\"add\"}}}"}]}
RESULT: undefined
COMMAND: POST /session/8690b08f518c8418ef29018541b658af/element - {"using":"xpath","value":"//*[@id=\"__button52-img\"]"}
RESULT: {"using":"xpath","value":"//*[@id=\"__button52-img\"]"}
COMMAND: POST /session/8690b08f518c8418ef29018541b658af/element/f.032590EE386F29951754CC6C5B23B0CB.d.608415345E9AAA44B30FB6BB4F51845F.e.1872/click - {}
RESULT: {}
COMMAND: GET /session/8690b08f518c8418ef29018541b658af/screenshot - {}
COMMAND: POST /session/8690b08f518c8418ef29018541b658af/execute/async - {"script":"<script> [1562 bytes]","args":[{"selector":{"id":"application-managesites-display-component---NewSite--siteId","interaction":{"idSuffix":"inner"}},"wdio_ui5_key":"applicationmanagesites-display-component---NewSite--siteId"}]}
RESULT: {}
RESULT: {"script":"<script> [1562 bytes]","args":[{"selector":{"id":"application-managesites-display-component---NewSite--siteId","interaction":{"idSuffix":"inner"}},"wdio_ui5_key":"applicationmanagesites-display-component---NewSite--siteId"}]}
RESULT: undefined
COMMAND: POST /session/8690b08f518c8418ef29018541b658af/execute/async - {"script":"<script> [1562 bytes]","args":[{"selector":{"controlType":"sap.m.Button","viewName":"etm.portal.ui.managesites.view.NewSmartSite","viewId":"application-managesites-display-component---NewSite","properties":{"text":"General Information"},"interaction":{"idSuffix":"BDI-content"}},"wdio_ui5_key":"etmportal.ui.managesites.view.NewSmartSitesap.m.Button{\"text\":\"General Information\"}"}]}
RESULT: {"script":"<script> [1562 bytes]","args":[{"selector":{"controlType":"sap.m.Button","viewName":"etm.portal.ui.managesites.view.NewSmartSite","viewId":"application-managesites-display-component---NewSite","properties":{"text":"General Information"},"interaction":{"idSuffix":"BDI-content"}},"wdio_ui5_key":"etmportal.ui.managesites.view.NewSmartSitesap.m.Button{\"text\":\"General Information\"}"}]}
RESULT: undefined
COMMAND: POST /session/8690b08f518c8418ef29018541b658af/element - {"using":"xpath","value":"//*[@id=\"application-managesites-display-component---NewSite--ObjectPageLayout-anchBar-__section29-anchor\"]"}
RESULT: {"using":"xpath","value":"//*[@id=\"application-managesites-display-component---NewSite--ObjectPageLayout-anchBar-__section29-anchor\"]"}
COMMAND: POST /session/8690b08f518c8418ef29018541b658af/element/f.032590EE386F29951754CC6C5B23B0CB.d.608415345E9AAA44B30FB6BB4F51845F.e.2277/click - {}
RESULT: {}
COMMAND: POST /session/8690b08f518c8418ef29018541b658af/execute/async - {"script":"<script> [1562 bytes]","args":[{"selector":{"id":"application-managesites-display-component---NewSite--addressDetailDetailsName1","interaction":{"idSuffix":"inner"}},"wdio_ui5_key":"applicationmanagesites-display-component---NewSite--addressDetailDetailsName1"}]}
COMMAND: GET /session/8690b08f518c8418ef29018541b658af/screenshot - {}
RESULT: {"script":"<script> [1562 bytes]","args":[{"selector":{"id":"application-managesites-display-component---NewSite--addressDetailDetailsName1","interaction":{"idSuffix":"inner"}},"wdio_ui5_key":"applicationmanagesites-display-component---NewSite--addressDetailDetailsName1"}]}
RESULT: undefined
COMMAND: POST /session/8690b08f518c8418ef29018541b658af/execute/async - {"script":"<script> [776 bytes]","args":[{"enterText":"WebdriverWHMSiterlmm3f","selector":{"id":"application-managesites-display-component---NewSite--addressDetailDetailsName1","interaction":{"idSuffix":"inner"}},"clearTextFirst":true,"interactionType":"ENTER_TEXT"}]}
RESULT: {}
RESULT: {"script":"<script> [776 bytes]","args":[{"enterText":"WebdriverWHMSiterlmm3f","selector":{"id":"application-managesites-display-component---NewSite--addressDetailDetailsName1","interaction":{"idSuffix":"inner"}},"clearTextFirst":true,"interactionType":"ENTER_TEXT"}]}
COMMAND: POST /session/8690b08f518c8418ef29018541b658af/execute/async - {"script":"<script> [1562 bytes]","args":[{"selector":{"id":"application-managesites-display-component---NewSite--addressDetailDetailsLanguage","interaction":{"idSuffix":"inner"}},"wdio_ui5_key":"applicationmanagesites-display-component---NewSite--addressDetailDetailsLanguage"}]}
RESULT: {"script":"<script> [1562 bytes]","args":[{"selector":{"id":"application-managesites-display-component---NewSite--addressDetailDetailsLanguage","interaction":{"idSuffix":"inner"}},"wdio_ui5_key":"applicationmanagesites-display-component---NewSite--addressDetailDetailsLanguage"}]}
RESULT: undefined
COMMAND: POST /session/8690b08f518c8418ef29018541b658af/execute/async - {"script":"<script> [776 bytes]","args":[{"enterText":"Romanian","selector":{"id":"application-managesites-display-component---NewSite--addressDetailDetailsLanguage","interaction":{"idSuffix":"inner"}},"clearTextFirst":true,"interactionType":"ENTER_TEXT"}]}
RESULT: {"script":"<script> [776 bytes]","args":[{"enterText":"Romanian","selector":{"id":"application-managesites-display-component---NewSite--addressDetailDetailsLanguage","interaction":{"idSuffix":"inner"}},"clearTextFirst":true,"interactionType":"ENTER_TEXT"}]}
COMMAND: POST /session/8690b08f518c8418ef29018541b658af/actions - {"actions":[{"id":"action6","type":"key","parameters":{},"actions":[{"type":"keyDown","value":"î€‡"},{"type":"pause","duration":10},{"type":"keyUp","value":"î€‡"}]}]}
RESULT: {"actions":[{"id":"action6","type":"key","parameters":{},"actions":[{"type":"keyDown","value":"î€‡"},{"type":"pause","duration":10},{"type":"keyUp","value":"î€‡"}]}]}
COMMAND: POST /session/8690b08f518c8418ef29018541b658af/execute/async - {"script":"<script> [1562 bytes]","args":[{"selector":{"id":"application-managesites-display-component---NewSite--addressDetailDetailsCity1","interaction":{"idSuffix":"inner"}},"wdio_ui5_key":"applicationmanagesites-display-component---NewSite--addressDetailDetailsCity1"}]}
COMMAND: GET /session/8690b08f518c8418ef29018541b658af/screenshot - {}
RESULT: {"script":"<script> [1562 bytes]","args":[{"selector":{"id":"application-managesites-display-component---NewSite--addressDetailDetailsCity1","interaction":{"idSuffix":"inner"}},"wdio_ui5_key":"applicationmanagesites-display-component---NewSite--addressDetailDetailsCity1"}]}
RESULT: undefined
COMMAND: POST /session/8690b08f518c8418ef29018541b658af/execute/async - {"script":"<script> [776 bytes]","args":[{"enterText":"Bucharest","selector":{"id":"application-managesites-display-component---NewSite--addressDetailDetailsCity1","interaction":{"idSuffix":"inner"}},"clearTextFirst":true,"interactionType":"ENTER_TEXT"}]}
RESULT: {}
RESULT: {"script":"<script> [776 bytes]","args":[{"enterText":"Bucharest","selector":{"id":"application-managesites-display-component---NewSite--addressDetailDetailsCity1","interaction":{"idSuffix":"inner"}},"clearTextFirst":true,"interactionType":"ENTER_TEXT"}]}
COMMAND: POST /session/8690b08f518c8418ef29018541b658af/actions - {"actions":[{"id":"action7","type":"key","parameters":{},"actions":[{"type":"keyDown","value":"î€‡"},{"type":"pause","duration":10},{"type":"keyUp","value":"î€‡"}]}]}
RESULT: {"actions":[{"id":"action7","type":"key","parameters":{},"actions":[{"type":"keyDown","value":"î€‡"},{"type":"pause","duration":10},{"type":"keyUp","value":"î€‡"}]}]}
COMMAND: POST /session/8690b08f518c8418ef29018541b658af/execute/async - {"script":"<script> [1562 bytes]","args":[{"selector":{"id":"application-managesites-display-component---NewSite--addressDetailDetailsCountry","interaction":{"idSuffix":"inner"}},"wdio_ui5_key":"applicationmanagesites-display-component---NewSite--addressDetailDetailsCountry"}]}
COMMAND: GET /session/8690b08f518c8418ef29018541b658af/screenshot - {}
RESULT: {"script":"<script> [1562 bytes]","args":[{"selector":{"id":"application-managesites-display-component---NewSite--addressDetailDetailsCountry","interaction":{"idSuffix":"inner"}},"wdio_ui5_key":"applicationmanagesites-display-component---NewSite--addressDetailDetailsCountry"}]}
RESULT: undefined
COMMAND: POST /session/8690b08f518c8418ef29018541b658af/execute/async - {"script":"<script> [6424 bytes]","args":[{"element-6066-11e4-a52e-4f735466cecf":"f.032590EE386F29951754CC6C5B23B0CB.d.608415345E9AAA44B30FB6BB4F51845F.e.2057"},"setValue",["Romania"]]}
RESULT: {}
RESULT: {"script":"<script> [6424 bytes]","args":[{"element-6066-11e4-a52e-4f735466cecf":"f.032590EE386F29951754CC6C5B23B0CB.d.608415345E9AAA44B30FB6BB4F51845F.e.2057"},"setValue",["Romania"]]}
COMMAND: POST /session/8690b08f518c8418ef29018541b658af/actions - {"actions":[{"id":"action8","type":"key","parameters":{},"actions":[{"type":"keyDown","value":"î€‡"},{"type":"pause","duration":10},{"type":"keyUp","value":"î€‡"}]}]}
RESULT: {"actions":[{"id":"action8","type":"key","parameters":{},"actions":[{"type":"keyDown","value":"î€‡"},{"type":"pause","duration":10},{"type":"keyUp","value":"î€‡"}]}]}
COMMAND: POST /session/8690b08f518c8418ef29018541b658af/execute/async - {"script":"<script> [1562 bytes]","args":[{"selector":{"id":"application-managesites-display-component---NewSite--addressDetailDetailsCalendar","interaction":{"idSuffix":"inner"}},"wdio_ui5_key":"applicationmanagesites-display-component---NewSite--addressDetailDetailsCalendar"}]}
COMMAND: GET /session/8690b08f518c8418ef29018541b658af/screenshot - {}
RESULT: {"script":"<script> [1562 bytes]","args":[{"selector":{"id":"application-managesites-display-component---NewSite--addressDetailDetailsCalendar","interaction":{"idSuffix":"inner"}},"wdio_ui5_key":"applicationmanagesites-display-component---NewSite--addressDetailDetailsCalendar"}]}
RESULT: undefined
COMMAND: POST /session/8690b08f518c8418ef29018541b658af/execute/async - {"script":"<script> [776 bytes]","args":[{"enterText":"Germany","selector":{"id":"application-managesites-display-component---NewSite--addressDetailDetailsCalendar","interaction":{"idSuffix":"inner"}},"clearTextFirst":true,"interactionType":"ENTER_TEXT"}]}
RESULT: {}
RESULT: {"script":"<script> [776 bytes]","args":[{"enterText":"Germany","selector":{"id":"application-managesites-display-component---NewSite--addressDetailDetailsCalendar","interaction":{"idSuffix":"inner"}},"clearTextFirst":true,"interactionType":"ENTER_TEXT"}]}
COMMAND: POST /session/8690b08f518c8418ef29018541b658af/actions - {"actions":[{"id":"action9","type":"key","parameters":{},"actions":[{"type":"keyDown","value":"î€‡"},{"type":"pause","duration":10},{"type":"keyUp","value":"î€‡"}]}]}
RESULT: {"actions":[{"id":"action9","type":"key","parameters":{},"actions":[{"type":"keyDown","value":"î€‡"},{"type":"pause","duration":10},{"type":"keyUp","value":"î€‡"}]}]}
COMMAND: POST /session/8690b08f518c8418ef29018541b658af/execute/async - {"script":"<script> [1562 bytes]","args":[{"selector":{"id":"application-managesites-display-component---NewSite--addressEditDetailsCostObjectCstType","interaction":{"idSuffix":"inner"}},"wdio_ui5_key":"applicationmanagesites-display-component---NewSite--addressEditDetailsCostObjectCstType"}]}
COMMAND: GET /session/8690b08f518c8418ef29018541b658af/screenshot - {}
RESULT: {"script":"<script> [1562 bytes]","args":[{"selector":{"id":"application-managesites-display-component---NewSite--addressEditDetailsCostObjectCstType","interaction":{"idSuffix":"inner"}},"wdio_ui5_key":"applicationmanagesites-display-component---NewSite--addressEditDetailsCostObjectCstType"}]}
RESULT: undefined
COMMAND: POST /session/8690b08f518c8418ef29018541b658af/execute/async - {"script":"<script> [776 bytes]","args":[{"enterText":"Cost","selector":{"id":"application-managesites-display-component---NewSite--addressEditDetailsCostObjectCstType","interaction":{"idSuffix":"inner"}},"clearTextFirst":true,"interactionType":"ENTER_TEXT"}]}
RESULT: {}
RESULT: {"script":"<script> [776 bytes]","args":[{"enterText":"Cost","selector":{"id":"application-managesites-display-component---NewSite--addressEditDetailsCostObjectCstType","interaction":{"idSuffix":"inner"}},"clearTextFirst":true,"interactionType":"ENTER_TEXT"}]}
COMMAND: POST /session/8690b08f518c8418ef29018541b658af/actions - {"actions":[{"id":"action10","type":"key","parameters":{},"actions":[{"type":"keyDown","value":"î€‡"},{"type":"pause","duration":10},{"type":"keyUp","value":"î€‡"}]}]}
RESULT: {"actions":[{"id":"action10","type":"key","parameters":{},"actions":[{"type":"keyDown","value":"î€‡"},{"type":"pause","duration":10},{"type":"keyUp","value":"î€‡"}]}]}
COMMAND: POST /session/8690b08f518c8418ef29018541b658af/execute/async - {"script":"<script> [1562 bytes]","args":[{"selector":{"id":"application-managesites-display-component---NewSite--addressNewCostObjectCstID","interaction":{"idSuffix":"inner"}},"wdio_ui5_key":"applicationmanagesites-display-component---NewSite--addressNewCostObjectCstID"}]}
COMMAND: GET /session/8690b08f518c8418ef29018541b658af/screenshot - {}
RESULT: {"script":"<script> [1562 bytes]","args":[{"selector":{"id":"application-managesites-display-component---NewSite--addressNewCostObjectCstID","interaction":{"idSuffix":"inner"}},"wdio_ui5_key":"applicationmanagesites-display-component---NewSite--addressNewCostObjectCstID"}]}
RESULT: undefined
COMMAND: POST /session/8690b08f518c8418ef29018541b658af/execute/async - {"script":"<script> [776 bytes]","args":[{"enterText":"1001","selector":{"id":"application-managesites-display-component---NewSite--addressNewCostObjectCstID","interaction":{"idSuffix":"inner"}},"clearTextFirst":true,"interactionType":"ENTER_TEXT"}]}
RESULT: {}
RESULT: {"script":"<script> [776 bytes]","args":[{"enterText":"1001","selector":{"id":"application-managesites-display-component---NewSite--addressNewCostObjectCstID","interaction":{"idSuffix":"inner"}},"clearTextFirst":true,"interactionType":"ENTER_TEXT"}]}
COMMAND: POST /session/8690b08f518c8418ef29018541b658af/actions - {"actions":[{"id":"action11","type":"key","parameters":{},"actions":[{"type":"keyDown","value":"î€‡"},{"type":"pause","duration":10},{"type":"keyUp","value":"î€‡"}]}]}
RESULT: {"actions":[{"id":"action11","type":"key","parameters":{},"actions":[{"type":"keyDown","value":"î€‡"},{"type":"pause","duration":10},{"type":"keyUp","value":"î€‡"}]}]}
COMMAND: POST /session/8690b08f518c8418ef29018541b658af/element - {"using":"xpath","value":"//input[@id=\"application-managesites-display-component---NewSite--addressDetailDetailsYard-inner\"]"}
COMMAND: GET /session/8690b08f518c8418ef29018541b658af/screenshot - {}
RESULT: {"using":"xpath","value":"//input[@id=\"application-managesites-display-component---NewSite--addressDetailDetailsYard-inner\"]"}
COMMAND: POST /session/8690b08f518c8418ef29018541b658af/element/f.032590EE386F29951754CC6C5B23B0CB.d.608415345E9AAA44B30FB6BB4F51845F.e.2068/value - {"text":"589"}
RESULT: {}
RESULT: {"text":"589"}
COMMAND: GET /session/8690b08f518c8418ef29018541b658af/screenshot - {}
RESULT: {}
COMMAND: POST /session/8690b08f518c8418ef29018541b658af/actions - {"actions":[{"id":"action12","type":"key","parameters":{},"actions":[{"type":"keyDown","value":"î€‡"},{"type":"pause","duration":10},{"type":"keyUp","value":"î€‡"}]}]}
RESULT: {"actions":[{"id":"action12","type":"key","parameters":{},"actions":[{"type":"keyDown","value":"î€‡"},{"type":"pause","duration":10},{"type":"keyUp","value":"î€‡"}]}]}
COMMAND: GET /session/8690b08f518c8418ef29018541b658af/screenshot - {}
RESULT: {}
COMMAND: POST /session/8690b08f518c8418ef29018541b658af/element - {"using":"xpath","value":"//input[@id=\"application-managesites-display-component---NewSite--addressDetailDetailsPartner-inner\"]"}
RESULT: {"using":"xpath","value":"//input[@id=\"application-managesites-display-component---NewSite--addressDetailDetailsPartner-inner\"]"}
COMMAND: POST /session/8690b08f518c8418ef29018541b658af/elements - {"using":"xpath","value":"//input[@id=\"application-managesites-display-component---NewSite--addressDetailDetailsPartner-inner\"]"}
RESULT: {"using":"xpath","value":"//input[@id=\"application-managesites-display-component---NewSite--addressDetailDetailsPartner-inner\"]"}
COMMAND: POST /session/8690b08f518c8418ef29018541b658af/execute/async - {"script":"<script> [1562 bytes]","args":[{"selector":{"controlType":"sap.m.Button","viewName":"etm.portal.ui.managesites.view.NewSmartSite","viewId":"application-managesites-display-component---NewSite","properties":{"text":"Commercial"},"interaction":{"idSuffix":"BDI-content"}},"wdio_ui5_key":"etmportal.ui.managesites.view.NewSmartSitesap.m.Button{\"text\":\"Commercial\"}"}]}
RESULT: {"script":"<script> [1562 bytes]","args":[{"selector":{"controlType":"sap.m.Button","viewName":"etm.portal.ui.managesites.view.NewSmartSite","viewId":"application-managesites-display-component---NewSite","properties":{"text":"Commercial"},"interaction":{"idSuffix":"BDI-content"}},"wdio_ui5_key":"etmportal.ui.managesites.view.NewSmartSitesap.m.Button{\"text\":\"Commercial\"}"}]}
RESULT: undefined
COMMAND: POST /session/8690b08f518c8418ef29018541b658af/element - {"using":"xpath","value":"//*[@id=\"application-managesites-display-component---NewSite--ObjectPageLayout-anchBar-__section31-anchor\"]"}
RESULT: {"using":"xpath","value":"//*[@id=\"application-managesites-display-component---NewSite--ObjectPageLayout-anchBar-__section31-anchor\"]"}
COMMAND: POST /session/8690b08f518c8418ef29018541b658af/element/f.032590EE386F29951754CC6C5B23B0CB.d.608415345E9AAA44B30FB6BB4F51845F.e.2289/click - {}
RESULT: {}
COMMAND: POST /session/8690b08f518c8418ef29018541b658af/execute/async - {"script":"<script> [1562 bytes]","args":[{"selector":{"id":"application-managesites-display-component---NewSite--siteWhmCheckBox-label","interaction":{"idSuffix":"bdi"}},"wdio_ui5_key":"applicationmanagesites-display-component---NewSite--siteWhmCheckBox-label"}]}
COMMAND: GET /session/8690b08f518c8418ef29018541b658af/screenshot - {}
RESULT: {"script":"<script> [1562 bytes]","args":[{"selector":{"id":"application-managesites-display-component---NewSite--siteWhmCheckBox-label","interaction":{"idSuffix":"bdi"}},"wdio_ui5_key":"applicationmanagesites-display-component---NewSite--siteWhmCheckBox-label"}]}
RESULT: undefined
COMMAND: POST /session/8690b08f518c8418ef29018541b658af/element - {"using":"xpath","value":"//*[@id=\"application-managesites-display-component---NewSite--siteWhmCheckBox-label\"]"}
RESULT: {}
RESULT: {"using":"xpath","value":"//*[@id=\"application-managesites-display-component---NewSite--siteWhmCheckBox-label\"]"}
COMMAND: POST /session/8690b08f518c8418ef29018541b658af/element/f.032590EE386F29951754CC6C5B23B0CB.d.608415345E9AAA44B30FB6BB4F51845F.e.2298/click - {}
RESULT: {}
COMMAND: POST /session/8690b08f518c8418ef29018541b658af/execute/async - {"script":"<script> [1562 bytes]","args":[{"selector":{"controlType":"sap.m.Button","viewName":"etm.portal.ui.managesites.view.NewSmartSite","viewId":"application-managesites-display-component---NewSite","i18NText":{"propertyName":"text","key":"save"},"interaction":{"idSuffix":"BDI-content"}},"wdio_ui5_key":"etmportal.ui.managesites.view.NewSmartSitesap.m.Button{\"propertyName\":\"text\",\"key\":\"save\"}"}]}
COMMAND: GET /session/8690b08f518c8418ef29018541b658af/screenshot - {}
RESULT: {"script":"<script> [1562 bytes]","args":[{"selector":{"controlType":"sap.m.Button","viewName":"etm.portal.ui.managesites.view.NewSmartSite","viewId":"application-managesites-display-component---NewSite","i18NText":{"propertyName":"text","key":"save"},"interaction":{"idSuffix":"BDI-content"}},"wdio_ui5_key":"etmportal.ui.managesites.view.NewSmartSitesap.m.Button{\"propertyName\":\"text\",\"key\":\"save\"}"}]}
RESULT: undefined
COMMAND: POST /session/8690b08f518c8418ef29018541b658af/element - {"using":"xpath","value":"//*[@id=\"__button64\"]"}
RESULT: {}
RESULT: {"using":"xpath","value":"//*[@id=\"__button64\"]"}
COMMAND: POST /session/8690b08f518c8418ef29018541b658af/element/f.032590EE386F29951754CC6C5B23B0CB.d.608415345E9AAA44B30FB6BB4F51845F.e.2262/click - {}
RESULT: {}
COMMAND: GET /session/8690b08f518c8418ef29018541b658af/screenshot - {}
RESULT: {}
COMMAND: POST /session/8690b08f518c8418ef29018541b658af/element - {"using":"xpath","value":"//header/div/div[2]/div[2]/span"}
RESULT: {"using":"xpath","value":"//header/div/div[2]/div[2]/span"}
COMMAND: GET /session/8690b08f518c8418ef29018541b658af/element/f.032590EE386F29951754CC6C5B23B0CB.d.608415345E9AAA44B30FB6BB4F51845F.e.2504/text - {}
RESULT: {}
COMMAND: POST /session/8690b08f518c8418ef29018541b658af/execute/async - {"script":"<script> [1562 bytes]","args":[{"selector":{"id":"application-managesites-display-component---detailSite--addressDetailDetailsYardText"},"wdio_ui5_key":"applicationmanagesites-display-component---detailSite--addressDetailDetailsYardText"}]}
RESULT: {"script":"<script> [1562 bytes]","args":[{"selector":{"id":"application-managesites-display-component---detailSite--addressDetailDetailsYardText"},"wdio_ui5_key":"applicationmanagesites-display-component---detailSite--addressDetailDetailsYardText"}]}
RESULT: undefined
COMMAND: POST /session/8690b08f518c8418ef29018541b658af/execute/async - {"script":"<script> [1562 bytes]","args":[{"selector":{"controlType":"sap.m.Label","viewName":"etm.portal.ui.managesites.view.Detail","viewId":"application-managesites-display-component---detailSite","i18NText":{"propertyName":"text","key":"status"}},"wdio_ui5_key":"etmportal.ui.managesites.view.Detailsap.m.Label{\"propertyName\":\"text\",\"key\":\"status\"}"}]}
RESULT: {"script":"<script> [1562 bytes]","args":[{"selector":{"controlType":"sap.m.Label","viewName":"etm.portal.ui.managesites.view.Detail","viewId":"application-managesites-display-component---detailSite","i18NText":{"propertyName":"text","key":"status"}},"wdio_ui5_key":"etmportal.ui.managesites.view.Detailsap.m.Label{\"propertyName\":\"text\",\"key\":\"status\"}"}]}
RESULT: undefined
COMMAND: POST /session/8690b08f518c8418ef29018541b658af/execute/async - {"script":"<script> [6424 bytes]","args":[{"element-6066-11e4-a52e-4f735466cecf":"f.032590EE386F29951754CC6C5B23B0CB.d.608415345E9AAA44B30FB6BB4F51845F.e.2493"},"getText",[]]}
RESULT: {"script":"<script> [6424 bytes]","args":[{"element-6066-11e4-a52e-4f735466cecf":"f.032590EE386F29951754CC6C5B23B0CB.d.608415345E9AAA44B30FB6BB4F51845F.e.2493"},"getText",[]]}
COMMAND: POST /session/8690b08f518c8418ef29018541b658af/execute/async - {"script":"<script> [1562 bytes]","args":[{"selector":{"id":"shell-header","interaction":{"idSuffix":"icon"}},"wdio_ui5_key":"shellheader"}]}
RESULT: {"script":"<script> [1562 bytes]","args":[{"selector":{"id":"shell-header","interaction":{"idSuffix":"icon"}},"wdio_ui5_key":"shellheader"}]}
RESULT: undefined
COMMAND: POST /session/8690b08f518c8418ef29018541b658af/element - {"using":"xpath","value":"//*[@id=\"shell-header\"]"}
RESULT: {"using":"xpath","value":"//*[@id=\"shell-header\"]"}
COMMAND: POST /session/8690b08f518c8418ef29018541b658af/element/f.032590EE386F29951754CC6C5B23B0CB.d.608415345E9AAA44B30FB6BB4F51845F.e.2505/click - {}
RESULT: {}
]]></system-out>
    </testcase>
    <testcase classname="chrome.135_0_7049_115.windows.Stock_increase_-_with_WHM_US125587" name="Create WHM material" time="252.66">
      <system-out><![CDATA[
COMMAND: GET /session/8690b08f518c8418ef29018541b658af/screenshot - {}
COMMAND: POST /session/8690b08f518c8418ef29018541b658af/element - {"using":"css selector","value":"#shell-header-logo"}
RESULT: {}
RESULT: {"using":"css selector","value":"#shell-header-logo"}
COMMAND: POST /session/8690b08f518c8418ef29018541b658af/element/f.032590EE386F29951754CC6C5B23B0CB.d.608415345E9AAA44B30FB6BB4F51845F.e.1828/click - {}
RESULT: {}
COMMAND: GET /session/8690b08f518c8418ef29018541b658af/screenshot - {}
RESULT: {}
COMMAND: POST /session/8690b08f518c8418ef29018541b658af/execute/async - {"script":"<script> [1562 bytes]","args":[{"selector":{"controlType":"sap.m.GenericTile","properties":{"header":"Manage Resources"}},"wdio_ui5_key":"sapm.GenericTile{\"header\":\"Manage Resources\"}"}]}
RESULT: {"script":"<script> [1562 bytes]","args":[{"selector":{"controlType":"sap.m.GenericTile","properties":{"header":"Manage Resources"}},"wdio_ui5_key":"sapm.GenericTile{\"header\":\"Manage Resources\"}"}]}
RESULT: undefined
COMMAND: POST /session/8690b08f518c8418ef29018541b658af/element - {"using":"xpath","value":"//*[@id=\"__tile50\"]"}
RESULT: {"using":"xpath","value":"//*[@id=\"__tile50\"]"}
COMMAND: POST /session/8690b08f518c8418ef29018541b658af/element/f.032590EE386F29951754CC6C5B23B0CB.d.608415345E9AAA44B30FB6BB4F51845F.e.2511/click - {}
RESULT: {}
COMMAND: GET /session/8690b08f518c8418ef29018541b658af/screenshot - {}
RESULT: {}
COMMAND: POST /session/8690b08f518c8418ef29018541b658af/element - {"using":"xpath","value":"//button[@data-kt=\"addNewRUOverflowToolbarButton\"]"}
RESULT: {"using":"xpath","value":"//button[@data-kt=\"addNewRUOverflowToolbarButton\"]"}
COMMAND: POST /session/8690b08f518c8418ef29018541b658af/element - {"using":"xpath","value":"//button[@data-kt=\"addNewRUOverflowToolbarButton\"]"}
RESULT: {"using":"xpath","value":"//button[@data-kt=\"addNewRUOverflowToolbarButton\"]"}
COMMAND: POST /session/8690b08f518c8418ef29018541b658af/element - {"using":"xpath","value":"//button[@data-kt=\"addNewRUOverflowToolbarButton\"]"}
RESULT: {"using":"xpath","value":"//button[@data-kt=\"addNewRUOverflowToolbarButton\"]"}
COMMAND: POST /session/8690b08f518c8418ef29018541b658af/element - {"using":"xpath","value":"//button[@data-kt=\"addNewRUOverflowToolbarButton\"]"}
RESULT: {"using":"xpath","value":"//button[@data-kt=\"addNewRUOverflowToolbarButton\"]"}
COMMAND: POST /session/8690b08f518c8418ef29018541b658af/element - {"using":"xpath","value":"//button[@data-kt=\"addNewRUOverflowToolbarButton\"]"}
RESULT: {"using":"xpath","value":"//button[@data-kt=\"addNewRUOverflowToolbarButton\"]"}
COMMAND: POST /session/8690b08f518c8418ef29018541b658af/element - {"using":"xpath","value":"//button[@data-kt=\"addNewRUOverflowToolbarButton\"]"}
RESULT: {"using":"xpath","value":"//button[@data-kt=\"addNewRUOverflowToolbarButton\"]"}
COMMAND: POST /session/8690b08f518c8418ef29018541b658af/element - {"using":"xpath","value":"//button[@data-kt=\"addNewRUOverflowToolbarButton\"]"}
COMMAND: POST /session/8690b08f518c8418ef29018541b658af/execute/async - {"script":"<script> [1562 bytes]","args":[{"selector":{"controlType":"sap.ui.core.Icon","viewName":"etm.portal.ui.manageresources.view.Master","viewId":"application-manageresources-display-component---masterRU","properties":{"src":{"regex":{"source":"add"}}}},"wdio_ui5_key":"etmportal.ui.manageresources.view.Mastersap.ui.core.Icon{\"src\":{\"regex\":{\"source\":\"add\"}}}"}]}
RESULT: {"using":"xpath","value":"//button[@data-kt=\"addNewRUOverflowToolbarButton\"]"}
COMMAND: POST /session/8690b08f518c8418ef29018541b658af/execute/sync - {"script":"<script> [8489 bytes]","args":[{"element-6066-11e4-a52e-4f735466cecf":"f.032590EE386F29951754CC6C5B23B0CB.d.608415345E9AAA44B30FB6BB4F51845F.e.2538","ELEMENT":"f.032590EE386F29951754CC6C5B23B0CB.d.608415345E9AAA44B30FB6BB4F51845F.e.2538"}]}
RESULT: {"script":"<script> [1562 bytes]","args":[{"selector":{"controlType":"sap.ui.core.Icon","viewName":"etm.portal.ui.manageresources.view.Master","viewId":"application-manageresources-display-component---masterRU","properties":{"src":{"regex":{"source":"add"}}}},"wdio_ui5_key":"etmportal.ui.manageresources.view.Mastersap.ui.core.Icon{\"src\":{\"regex\":{\"source\":\"add\"}}}"}]}
RESULT: undefined
COMMAND: POST /session/8690b08f518c8418ef29018541b658af/element - {"using":"xpath","value":"//*[@id=\"__button108-img\"]"}
RESULT: {"script":"<script> [8489 bytes]","args":[{"element-6066-11e4-a52e-4f735466cecf":"f.032590EE386F29951754CC6C5B23B0CB.d.608415345E9AAA44B30FB6BB4F51845F.e.2538","ELEMENT":"f.032590EE386F29951754CC6C5B23B0CB.d.608415345E9AAA44B30FB6BB4F51845F.e.2538"}]}
COMMAND: GET /session/8690b08f518c8418ef29018541b658af/screenshot - {}
RESULT: {"using":"xpath","value":"//*[@id=\"__button108-img\"]"}
COMMAND: POST /session/8690b08f518c8418ef29018541b658af/element/f.032590EE386F29951754CC6C5B23B0CB.d.608415345E9AAA44B30FB6BB4F51845F.e.2658/click - {}
RESULT: {}
RESULT: {}
COMMAND: GET /session/8690b08f518c8418ef29018541b658af/screenshot - {}
COMMAND: POST /session/8690b08f518c8418ef29018541b658af/execute/async - {"script":"<script> [1562 bytes]","args":[{"selector":{"controlType":"sap.m.ComboBox","viewName":"reusables.view.manageresources.NewResourceUnit","viewId":"application-manageresources-display-component---newResourceUnit","bindingPath":{"path":"","propertyPath":"/RuTypes","modelName":"catalogModel"},"searchOpenDialogs":true},"wdio_ui5_key":"reusablesview.manageresources.NewResourceUnitsap.m.ComboBox{\"path\":\"\",\"propertyPath\":\"/RuTypes\",\"modelName\":\"catalogModel\"}"}]}
RESULT: {}
RESULT: {"script":"<script> [1562 bytes]","args":[{"selector":{"controlType":"sap.m.ComboBox","viewName":"reusables.view.manageresources.NewResourceUnit","viewId":"application-manageresources-display-component---newResourceUnit","bindingPath":{"path":"","propertyPath":"/RuTypes","modelName":"catalogModel"},"searchOpenDialogs":true},"wdio_ui5_key":"reusablesview.manageresources.NewResourceUnitsap.m.ComboBox{\"path\":\"\",\"propertyPath\":\"/RuTypes\",\"modelName\":\"catalogModel\"}"}]}
RESULT: undefined
COMMAND: POST /session/8690b08f518c8418ef29018541b658af/execute/async - {"script":"<script> [1562 bytes]","args":[{"selector":{"controlType":"sap.m.ComboBox","viewName":"reusables.view.manageresources.NewResourceUnit","viewId":"application-manageresources-display-component---newResourceUnit","bindingPath":{"path":"","propertyPath":"/Yards","modelName":"catalogModel"},"searchOpenDialogs":true},"wdio_ui5_key":"reusablesview.manageresources.NewResourceUnitsap.m.ComboBox{\"path\":\"\",\"propertyPath\":\"/Yards\",\"modelName\":\"catalogModel\"}"}]}
RESULT: {"script":"<script> [1562 bytes]","args":[{"selector":{"controlType":"sap.m.ComboBox","viewName":"reusables.view.manageresources.NewResourceUnit","viewId":"application-manageresources-display-component---newResourceUnit","bindingPath":{"path":"","propertyPath":"/Yards","modelName":"catalogModel"},"searchOpenDialogs":true},"wdio_ui5_key":"reusablesview.manageresources.NewResourceUnitsap.m.ComboBox{\"path\":\"\",\"propertyPath\":\"/Yards\",\"modelName\":\"catalogModel\"}"}]}
RESULT: undefined
COMMAND: POST /session/8690b08f518c8418ef29018541b658af/execute/async - {"script":"<script> [1562 bytes]","args":[{"selector":{"controlType":"etm.portal.ui.reusables.customControls.LiveSearchComboBox","viewName":"reusables.view.manageresources.NewResourceUnit","viewId":"application-manageresources-display-component---newResourceUnit","bindingPath":{"path":"","propertyPath":"/CatalogItems","modelName":"catalogModel"},"searchOpenDialogs":true},"wdio_ui5_key":"reusablesview.manageresources.NewResourceUnitetm.portal.ui.reusables.customControls.LiveSearchComboBox{\"path\":\"\",\"propertyPath\":\"/CatalogItems\",\"modelName\":\"catalogModel\"}"}]}
RESULT: {"script":"<script> [1562 bytes]","args":[{"selector":{"controlType":"etm.portal.ui.reusables.customControls.LiveSearchComboBox","viewName":"reusables.view.manageresources.NewResourceUnit","viewId":"application-manageresources-display-component---newResourceUnit","bindingPath":{"path":"","propertyPath":"/CatalogItems","modelName":"catalogModel"},"searchOpenDialogs":true},"wdio_ui5_key":"reusablesview.manageresources.NewResourceUnitetm.portal.ui.reusables.customControls.LiveSearchComboBox{\"path\":\"\",\"propertyPath\":\"/CatalogItems\",\"modelName\":\"catalogModel\"}"}]}
RESULT: undefined
COMMAND: POST /session/8690b08f518c8418ef29018541b658af/element - {"using":"xpath","value":"//bdi[text()=\"OK\"]"}
RESULT: {"using":"xpath","value":"//bdi[text()=\"OK\"]"}
COMMAND: POST /session/8690b08f518c8418ef29018541b658af/elements - {"using":"xpath","value":"//bdi[text()=\"OK\"]"}
RESULT: {"using":"xpath","value":"//bdi[text()=\"OK\"]"}
COMMAND: POST /session/8690b08f518c8418ef29018541b658af/elements - {"using":"xpath","value":"//bdi[text()=\"OK\"]"}
RESULT: {"using":"xpath","value":"//bdi[text()=\"OK\"]"}
COMMAND: POST /session/8690b08f518c8418ef29018541b658af/elements - {"using":"xpath","value":"//bdi[text()=\"OK\"]"}
RESULT: {"using":"xpath","value":"//bdi[text()=\"OK\"]"}
COMMAND: POST /session/8690b08f518c8418ef29018541b658af/elements - {"using":"xpath","value":"//bdi[text()=\"OK\"]"}
RESULT: {"using":"xpath","value":"//bdi[text()=\"OK\"]"}
COMMAND: POST /session/8690b08f518c8418ef29018541b658af/elements - {"using":"xpath","value":"//bdi[text()=\"OK\"]"}
RESULT: {"using":"xpath","value":"//bdi[text()=\"OK\"]"}
COMMAND: POST /session/8690b08f518c8418ef29018541b658af/elements - {"using":"xpath","value":"//bdi[text()=\"OK\"]"}
RESULT: {"using":"xpath","value":"//bdi[text()=\"OK\"]"}
COMMAND: POST /session/8690b08f518c8418ef29018541b658af/elements - {"using":"xpath","value":"//bdi[text()=\"OK\"]"}
RESULT: {"using":"xpath","value":"//bdi[text()=\"OK\"]"}
COMMAND: POST /session/8690b08f518c8418ef29018541b658af/elements - {"using":"xpath","value":"//bdi[text()=\"OK\"]"}
RESULT: {"using":"xpath","value":"//bdi[text()=\"OK\"]"}
COMMAND: POST /session/8690b08f518c8418ef29018541b658af/elements - {"using":"xpath","value":"//bdi[text()=\"OK\"]"}
RESULT: {"using":"xpath","value":"//bdi[text()=\"OK\"]"}
COMMAND: POST /session/8690b08f518c8418ef29018541b658af/elements - {"using":"xpath","value":"//bdi[text()=\"OK\"]"}
RESULT: {"using":"xpath","value":"//bdi[text()=\"OK\"]"}
COMMAND: POST /session/8690b08f518c8418ef29018541b658af/elements - {"using":"xpath","value":"//bdi[text()=\"OK\"]"}
RESULT: {"using":"xpath","value":"//bdi[text()=\"OK\"]"}
COMMAND: POST /session/8690b08f518c8418ef29018541b658af/elements - {"using":"xpath","value":"//bdi[text()=\"OK\"]"}
RESULT: {"using":"xpath","value":"//bdi[text()=\"OK\"]"}
COMMAND: POST /session/8690b08f518c8418ef29018541b658af/elements - {"using":"xpath","value":"//bdi[text()=\"OK\"]"}
RESULT: {"using":"xpath","value":"//bdi[text()=\"OK\"]"}
COMMAND: POST /session/8690b08f518c8418ef29018541b658af/elements - {"using":"xpath","value":"//bdi[text()=\"OK\"]"}
RESULT: {"using":"xpath","value":"//bdi[text()=\"OK\"]"}
COMMAND: POST /session/8690b08f518c8418ef29018541b658af/elements - {"using":"xpath","value":"//bdi[text()=\"OK\"]"}
RESULT: {"using":"xpath","value":"//bdi[text()=\"OK\"]"}
COMMAND: POST /session/8690b08f518c8418ef29018541b658af/elements - {"using":"xpath","value":"//bdi[text()=\"OK\"]"}
RESULT: {"using":"xpath","value":"//bdi[text()=\"OK\"]"}
COMMAND: POST /session/8690b08f518c8418ef29018541b658af/elements - {"using":"xpath","value":"//bdi[text()=\"OK\"]"}
RESULT: {"using":"xpath","value":"//bdi[text()=\"OK\"]"}
COMMAND: POST /session/8690b08f518c8418ef29018541b658af/elements - {"using":"xpath","value":"//bdi[text()=\"OK\"]"}
RESULT: {"using":"xpath","value":"//bdi[text()=\"OK\"]"}
COMMAND: POST /session/8690b08f518c8418ef29018541b658af/elements - {"using":"xpath","value":"//bdi[text()=\"OK\"]"}
RESULT: {"using":"xpath","value":"//bdi[text()=\"OK\"]"}
COMMAND: POST /session/8690b08f518c8418ef29018541b658af/elements - {"using":"xpath","value":"//bdi[text()=\"OK\"]"}
RESULT: {"using":"xpath","value":"//bdi[text()=\"OK\"]"}
COMMAND: POST /session/8690b08f518c8418ef29018541b658af/elements - {"using":"xpath","value":"//bdi[text()=\"OK\"]"}
RESULT: {"using":"xpath","value":"//bdi[text()=\"OK\"]"}
COMMAND: POST /session/8690b08f518c8418ef29018541b658af/elements - {"using":"xpath","value":"//bdi[text()=\"OK\"]"}
RESULT: {"using":"xpath","value":"//bdi[text()=\"OK\"]"}
COMMAND: POST /session/8690b08f518c8418ef29018541b658af/elements - {"using":"xpath","value":"//bdi[text()=\"OK\"]"}
RESULT: {"using":"xpath","value":"//bdi[text()=\"OK\"]"}
COMMAND: POST /session/8690b08f518c8418ef29018541b658af/elements - {"using":"xpath","value":"//bdi[text()=\"OK\"]"}
RESULT: {"using":"xpath","value":"//bdi[text()=\"OK\"]"}
COMMAND: POST /session/8690b08f518c8418ef29018541b658af/elements - {"using":"xpath","value":"//bdi[text()=\"OK\"]"}
RESULT: {"using":"xpath","value":"//bdi[text()=\"OK\"]"}
COMMAND: POST /session/8690b08f518c8418ef29018541b658af/elements - {"using":"xpath","value":"//bdi[text()=\"OK\"]"}
RESULT: {"using":"xpath","value":"//bdi[text()=\"OK\"]"}
COMMAND: POST /session/8690b08f518c8418ef29018541b658af/elements - {"using":"xpath","value":"//bdi[text()=\"OK\"]"}
RESULT: {"using":"xpath","value":"//bdi[text()=\"OK\"]"}
COMMAND: POST /session/8690b08f518c8418ef29018541b658af/elements - {"using":"xpath","value":"//bdi[text()=\"OK\"]"}
RESULT: {"using":"xpath","value":"//bdi[text()=\"OK\"]"}
COMMAND: POST /session/8690b08f518c8418ef29018541b658af/elements - {"using":"xpath","value":"//bdi[text()=\"OK\"]"}
RESULT: {"using":"xpath","value":"//bdi[text()=\"OK\"]"}
COMMAND: POST /session/8690b08f518c8418ef29018541b658af/elements - {"using":"xpath","value":"//bdi[text()=\"OK\"]"}
RESULT: {"using":"xpath","value":"//bdi[text()=\"OK\"]"}
COMMAND: POST /session/8690b08f518c8418ef29018541b658af/elements - {"using":"xpath","value":"//bdi[text()=\"OK\"]"}
RESULT: {"using":"xpath","value":"//bdi[text()=\"OK\"]"}
COMMAND: POST /session/8690b08f518c8418ef29018541b658af/elements - {"using":"xpath","value":"//bdi[text()=\"OK\"]"}
RESULT: {"using":"xpath","value":"//bdi[text()=\"OK\"]"}
COMMAND: POST /session/8690b08f518c8418ef29018541b658af/elements - {"using":"xpath","value":"//bdi[text()=\"OK\"]"}
RESULT: {"using":"xpath","value":"//bdi[text()=\"OK\"]"}
COMMAND: POST /session/8690b08f518c8418ef29018541b658af/elements - {"using":"xpath","value":"//bdi[text()=\"OK\"]"}
RESULT: {"using":"xpath","value":"//bdi[text()=\"OK\"]"}
COMMAND: POST /session/8690b08f518c8418ef29018541b658af/elements - {"using":"xpath","value":"//bdi[text()=\"OK\"]"}
RESULT: {"using":"xpath","value":"//bdi[text()=\"OK\"]"}
COMMAND: POST /session/8690b08f518c8418ef29018541b658af/elements - {"using":"xpath","value":"//bdi[text()=\"OK\"]"}
RESULT: {"using":"xpath","value":"//bdi[text()=\"OK\"]"}
COMMAND: POST /session/8690b08f518c8418ef29018541b658af/elements - {"using":"xpath","value":"//bdi[text()=\"OK\"]"}
RESULT: {"using":"xpath","value":"//bdi[text()=\"OK\"]"}
COMMAND: POST /session/8690b08f518c8418ef29018541b658af/elements - {"using":"xpath","value":"//bdi[text()=\"OK\"]"}
RESULT: {"using":"xpath","value":"//bdi[text()=\"OK\"]"}
COMMAND: POST /session/8690b08f518c8418ef29018541b658af/elements - {"using":"xpath","value":"//bdi[text()=\"OK\"]"}
RESULT: {"using":"xpath","value":"//bdi[text()=\"OK\"]"}
COMMAND: POST /session/8690b08f518c8418ef29018541b658af/elements - {"using":"xpath","value":"//bdi[text()=\"OK\"]"}
RESULT: {"using":"xpath","value":"//bdi[text()=\"OK\"]"}
COMMAND: POST /session/8690b08f518c8418ef29018541b658af/elements - {"using":"xpath","value":"//bdi[text()=\"OK\"]"}
RESULT: {"using":"xpath","value":"//bdi[text()=\"OK\"]"}
COMMAND: POST /session/8690b08f518c8418ef29018541b658af/elements - {"using":"xpath","value":"//bdi[text()=\"OK\"]"}
RESULT: {"using":"xpath","value":"//bdi[text()=\"OK\"]"}
COMMAND: POST /session/8690b08f518c8418ef29018541b658af/elements - {"using":"xpath","value":"//bdi[text()=\"OK\"]"}
RESULT: {"using":"xpath","value":"//bdi[text()=\"OK\"]"}
COMMAND: POST /session/8690b08f518c8418ef29018541b658af/elements - {"using":"xpath","value":"//bdi[text()=\"OK\"]"}
RESULT: {"using":"xpath","value":"//bdi[text()=\"OK\"]"}
COMMAND: POST /session/8690b08f518c8418ef29018541b658af/elements - {"using":"xpath","value":"//bdi[text()=\"OK\"]"}
RESULT: {"using":"xpath","value":"//bdi[text()=\"OK\"]"}
COMMAND: POST /session/8690b08f518c8418ef29018541b658af/elements - {"using":"xpath","value":"//bdi[text()=\"OK\"]"}
RESULT: {"using":"xpath","value":"//bdi[text()=\"OK\"]"}
COMMAND: POST /session/8690b08f518c8418ef29018541b658af/elements - {"using":"xpath","value":"//bdi[text()=\"OK\"]"}
RESULT: {"using":"xpath","value":"//bdi[text()=\"OK\"]"}
COMMAND: POST /session/8690b08f518c8418ef29018541b658af/elements - {"using":"xpath","value":"//bdi[text()=\"OK\"]"}
RESULT: {"using":"xpath","value":"//bdi[text()=\"OK\"]"}
COMMAND: POST /session/8690b08f518c8418ef29018541b658af/elements - {"using":"xpath","value":"//bdi[text()=\"OK\"]"}
RESULT: {"using":"xpath","value":"//bdi[text()=\"OK\"]"}
COMMAND: POST /session/8690b08f518c8418ef29018541b658af/elements - {"using":"xpath","value":"//bdi[text()=\"OK\"]"}
RESULT: {"using":"xpath","value":"//bdi[text()=\"OK\"]"}
COMMAND: POST /session/8690b08f518c8418ef29018541b658af/elements - {"using":"xpath","value":"//bdi[text()=\"OK\"]"}
RESULT: {"using":"xpath","value":"//bdi[text()=\"OK\"]"}
COMMAND: POST /session/8690b08f518c8418ef29018541b658af/elements - {"using":"xpath","value":"//bdi[text()=\"OK\"]"}
RESULT: {"using":"xpath","value":"//bdi[text()=\"OK\"]"}
COMMAND: POST /session/8690b08f518c8418ef29018541b658af/elements - {"using":"xpath","value":"//bdi[text()=\"OK\"]"}
RESULT: {"using":"xpath","value":"//bdi[text()=\"OK\"]"}
COMMAND: POST /session/8690b08f518c8418ef29018541b658af/elements - {"using":"xpath","value":"//bdi[text()=\"OK\"]"}
RESULT: {"using":"xpath","value":"//bdi[text()=\"OK\"]"}
COMMAND: POST /session/8690b08f518c8418ef29018541b658af/elements - {"using":"xpath","value":"//bdi[text()=\"OK\"]"}
RESULT: {"using":"xpath","value":"//bdi[text()=\"OK\"]"}
COMMAND: POST /session/8690b08f518c8418ef29018541b658af/elements - {"using":"xpath","value":"//bdi[text()=\"OK\"]"}
RESULT: {"using":"xpath","value":"//bdi[text()=\"OK\"]"}
COMMAND: POST /session/8690b08f518c8418ef29018541b658af/elements - {"using":"xpath","value":"//bdi[text()=\"OK\"]"}
RESULT: {"using":"xpath","value":"//bdi[text()=\"OK\"]"}
COMMAND: POST /session/8690b08f518c8418ef29018541b658af/elements - {"using":"xpath","value":"//bdi[text()=\"OK\"]"}
RESULT: {"using":"xpath","value":"//bdi[text()=\"OK\"]"}
COMMAND: POST /session/8690b08f518c8418ef29018541b658af/elements - {"using":"xpath","value":"//bdi[text()=\"OK\"]"}
RESULT: {"using":"xpath","value":"//bdi[text()=\"OK\"]"}
COMMAND: POST /session/8690b08f518c8418ef29018541b658af/elements - {"using":"xpath","value":"//bdi[text()=\"OK\"]"}
RESULT: {"using":"xpath","value":"//bdi[text()=\"OK\"]"}
COMMAND: POST /session/8690b08f518c8418ef29018541b658af/elements - {"using":"xpath","value":"//bdi[text()=\"OK\"]"}
RESULT: {"using":"xpath","value":"//bdi[text()=\"OK\"]"}
COMMAND: POST /session/8690b08f518c8418ef29018541b658af/elements - {"using":"xpath","value":"//bdi[text()=\"OK\"]"}
RESULT: {"using":"xpath","value":"//bdi[text()=\"OK\"]"}
COMMAND: POST /session/8690b08f518c8418ef29018541b658af/elements - {"using":"xpath","value":"//bdi[text()=\"OK\"]"}
RESULT: {"using":"xpath","value":"//bdi[text()=\"OK\"]"}
COMMAND: POST /session/8690b08f518c8418ef29018541b658af/elements - {"using":"xpath","value":"//bdi[text()=\"OK\"]"}
RESULT: {"using":"xpath","value":"//bdi[text()=\"OK\"]"}
COMMAND: POST /session/8690b08f518c8418ef29018541b658af/elements - {"using":"xpath","value":"//bdi[text()=\"OK\"]"}
RESULT: {"using":"xpath","value":"//bdi[text()=\"OK\"]"}
COMMAND: POST /session/8690b08f518c8418ef29018541b658af/elements - {"using":"xpath","value":"//bdi[text()=\"OK\"]"}
RESULT: {"using":"xpath","value":"//bdi[text()=\"OK\"]"}
COMMAND: POST /session/8690b08f518c8418ef29018541b658af/elements - {"using":"xpath","value":"//bdi[text()=\"OK\"]"}
RESULT: {"using":"xpath","value":"//bdi[text()=\"OK\"]"}
COMMAND: POST /session/8690b08f518c8418ef29018541b658af/elements - {"using":"xpath","value":"//bdi[text()=\"OK\"]"}
RESULT: {"using":"xpath","value":"//bdi[text()=\"OK\"]"}
COMMAND: POST /session/8690b08f518c8418ef29018541b658af/elements - {"using":"xpath","value":"//bdi[text()=\"OK\"]"}
RESULT: {"using":"xpath","value":"//bdi[text()=\"OK\"]"}
COMMAND: POST /session/8690b08f518c8418ef29018541b658af/elements - {"using":"xpath","value":"//bdi[text()=\"OK\"]"}
RESULT: {"using":"xpath","value":"//bdi[text()=\"OK\"]"}
COMMAND: POST /session/8690b08f518c8418ef29018541b658af/elements - {"using":"xpath","value":"//bdi[text()=\"OK\"]"}
RESULT: {"using":"xpath","value":"//bdi[text()=\"OK\"]"}
COMMAND: POST /session/8690b08f518c8418ef29018541b658af/elements - {"using":"xpath","value":"//bdi[text()=\"OK\"]"}
RESULT: {"using":"xpath","value":"//bdi[text()=\"OK\"]"}
COMMAND: POST /session/8690b08f518c8418ef29018541b658af/elements - {"using":"xpath","value":"//bdi[text()=\"OK\"]"}
RESULT: {"using":"xpath","value":"//bdi[text()=\"OK\"]"}
COMMAND: POST /session/8690b08f518c8418ef29018541b658af/elements - {"using":"xpath","value":"//bdi[text()=\"OK\"]"}
RESULT: {"using":"xpath","value":"//bdi[text()=\"OK\"]"}
COMMAND: POST /session/8690b08f518c8418ef29018541b658af/elements - {"using":"xpath","value":"//bdi[text()=\"OK\"]"}
RESULT: {"using":"xpath","value":"//bdi[text()=\"OK\"]"}
COMMAND: POST /session/8690b08f518c8418ef29018541b658af/elements - {"using":"xpath","value":"//bdi[text()=\"OK\"]"}
RESULT: {"using":"xpath","value":"//bdi[text()=\"OK\"]"}
COMMAND: POST /session/8690b08f518c8418ef29018541b658af/elements - {"using":"xpath","value":"//bdi[text()=\"OK\"]"}
RESULT: {"using":"xpath","value":"//bdi[text()=\"OK\"]"}
COMMAND: POST /session/8690b08f518c8418ef29018541b658af/elements - {"using":"xpath","value":"//bdi[text()=\"OK\"]"}
RESULT: {"using":"xpath","value":"//bdi[text()=\"OK\"]"}
COMMAND: POST /session/8690b08f518c8418ef29018541b658af/elements - {"using":"xpath","value":"//bdi[text()=\"OK\"]"}
RESULT: {"using":"xpath","value":"//bdi[text()=\"OK\"]"}
COMMAND: POST /session/8690b08f518c8418ef29018541b658af/elements - {"using":"xpath","value":"//bdi[text()=\"OK\"]"}
RESULT: {"using":"xpath","value":"//bdi[text()=\"OK\"]"}
COMMAND: POST /session/8690b08f518c8418ef29018541b658af/elements - {"using":"xpath","value":"//bdi[text()=\"OK\"]"}
RESULT: {"using":"xpath","value":"//bdi[text()=\"OK\"]"}
COMMAND: POST /session/8690b08f518c8418ef29018541b658af/elements - {"using":"xpath","value":"//bdi[text()=\"OK\"]"}
RESULT: {"using":"xpath","value":"//bdi[text()=\"OK\"]"}
COMMAND: POST /session/8690b08f518c8418ef29018541b658af/elements - {"using":"xpath","value":"//bdi[text()=\"OK\"]"}
RESULT: {"using":"xpath","value":"//bdi[text()=\"OK\"]"}
COMMAND: POST /session/8690b08f518c8418ef29018541b658af/elements - {"using":"xpath","value":"//bdi[text()=\"OK\"]"}
RESULT: {"using":"xpath","value":"//bdi[text()=\"OK\"]"}
COMMAND: POST /session/8690b08f518c8418ef29018541b658af/elements - {"using":"xpath","value":"//bdi[text()=\"OK\"]"}
RESULT: {"using":"xpath","value":"//bdi[text()=\"OK\"]"}
COMMAND: POST /session/8690b08f518c8418ef29018541b658af/elements - {"using":"xpath","value":"//bdi[text()=\"OK\"]"}
RESULT: {"using":"xpath","value":"//bdi[text()=\"OK\"]"}
COMMAND: POST /session/8690b08f518c8418ef29018541b658af/elements - {"using":"xpath","value":"//bdi[text()=\"OK\"]"}
RESULT: {"using":"xpath","value":"//bdi[text()=\"OK\"]"}
COMMAND: POST /session/8690b08f518c8418ef29018541b658af/elements - {"using":"xpath","value":"//bdi[text()=\"OK\"]"}
RESULT: {"using":"xpath","value":"//bdi[text()=\"OK\"]"}
COMMAND: POST /session/8690b08f518c8418ef29018541b658af/elements - {"using":"xpath","value":"//bdi[text()=\"OK\"]"}
RESULT: {"using":"xpath","value":"//bdi[text()=\"OK\"]"}
COMMAND: POST /session/8690b08f518c8418ef29018541b658af/elements - {"using":"xpath","value":"//bdi[text()=\"OK\"]"}
RESULT: {"using":"xpath","value":"//bdi[text()=\"OK\"]"}
COMMAND: POST /session/8690b08f518c8418ef29018541b658af/elements - {"using":"xpath","value":"//bdi[text()=\"OK\"]"}
RESULT: {"using":"xpath","value":"//bdi[text()=\"OK\"]"}
COMMAND: POST /session/8690b08f518c8418ef29018541b658af/elements - {"using":"xpath","value":"//bdi[text()=\"OK\"]"}
RESULT: {"using":"xpath","value":"//bdi[text()=\"OK\"]"}
COMMAND: POST /session/8690b08f518c8418ef29018541b658af/elements - {"using":"xpath","value":"//bdi[text()=\"OK\"]"}
RESULT: {"using":"xpath","value":"//bdi[text()=\"OK\"]"}
COMMAND: POST /session/8690b08f518c8418ef29018541b658af/elements - {"using":"xpath","value":"//bdi[text()=\"OK\"]"}
RESULT: {"using":"xpath","value":"//bdi[text()=\"OK\"]"}
COMMAND: POST /session/8690b08f518c8418ef29018541b658af/elements - {"using":"xpath","value":"//bdi[text()=\"OK\"]"}
RESULT: {"using":"xpath","value":"//bdi[text()=\"OK\"]"}
COMMAND: POST /session/8690b08f518c8418ef29018541b658af/elements - {"using":"xpath","value":"//bdi[text()=\"OK\"]"}
RESULT: {"using":"xpath","value":"//bdi[text()=\"OK\"]"}
COMMAND: POST /session/8690b08f518c8418ef29018541b658af/elements - {"using":"xpath","value":"//bdi[text()=\"OK\"]"}
RESULT: {"using":"xpath","value":"//bdi[text()=\"OK\"]"}
COMMAND: POST /session/8690b08f518c8418ef29018541b658af/elements - {"using":"xpath","value":"//bdi[text()=\"OK\"]"}
RESULT: {"using":"xpath","value":"//bdi[text()=\"OK\"]"}
COMMAND: POST /session/8690b08f518c8418ef29018541b658af/elements - {"using":"xpath","value":"//bdi[text()=\"OK\"]"}
RESULT: {"using":"xpath","value":"//bdi[text()=\"OK\"]"}
COMMAND: POST /session/8690b08f518c8418ef29018541b658af/elements - {"using":"xpath","value":"//bdi[text()=\"OK\"]"}
RESULT: {"using":"xpath","value":"//bdi[text()=\"OK\"]"}
COMMAND: POST /session/8690b08f518c8418ef29018541b658af/elements - {"using":"xpath","value":"//bdi[text()=\"OK\"]"}
RESULT: {"using":"xpath","value":"//bdi[text()=\"OK\"]"}
COMMAND: POST /session/8690b08f518c8418ef29018541b658af/elements - {"using":"xpath","value":"//bdi[text()=\"OK\"]"}
RESULT: {"using":"xpath","value":"//bdi[text()=\"OK\"]"}
COMMAND: POST /session/8690b08f518c8418ef29018541b658af/elements - {"using":"xpath","value":"//bdi[text()=\"OK\"]"}
RESULT: {"using":"xpath","value":"//bdi[text()=\"OK\"]"}
COMMAND: POST /session/8690b08f518c8418ef29018541b658af/elements - {"using":"xpath","value":"//bdi[text()=\"OK\"]"}
RESULT: {"using":"xpath","value":"//bdi[text()=\"OK\"]"}
COMMAND: POST /session/8690b08f518c8418ef29018541b658af/elements - {"using":"xpath","value":"//bdi[text()=\"OK\"]"}
RESULT: {"using":"xpath","value":"//bdi[text()=\"OK\"]"}
COMMAND: POST /session/8690b08f518c8418ef29018541b658af/elements - {"using":"xpath","value":"//bdi[text()=\"OK\"]"}
RESULT: {"using":"xpath","value":"//bdi[text()=\"OK\"]"}
COMMAND: POST /session/8690b08f518c8418ef29018541b658af/elements - {"using":"xpath","value":"//bdi[text()=\"OK\"]"}
RESULT: {"using":"xpath","value":"//bdi[text()=\"OK\"]"}
COMMAND: POST /session/8690b08f518c8418ef29018541b658af/elements - {"using":"xpath","value":"//bdi[text()=\"OK\"]"}
RESULT: {"using":"xpath","value":"//bdi[text()=\"OK\"]"}
COMMAND: POST /session/8690b08f518c8418ef29018541b658af/elements - {"using":"xpath","value":"//bdi[text()=\"OK\"]"}
RESULT: {"using":"xpath","value":"//bdi[text()=\"OK\"]"}
COMMAND: POST /session/8690b08f518c8418ef29018541b658af/elements - {"using":"xpath","value":"//bdi[text()=\"OK\"]"}
RESULT: {"using":"xpath","value":"//bdi[text()=\"OK\"]"}
COMMAND: POST /session/8690b08f518c8418ef29018541b658af/elements - {"using":"xpath","value":"//bdi[text()=\"OK\"]"}
RESULT: {"using":"xpath","value":"//bdi[text()=\"OK\"]"}
COMMAND: POST /session/8690b08f518c8418ef29018541b658af/elements - {"using":"xpath","value":"//bdi[text()=\"OK\"]"}
RESULT: {"using":"xpath","value":"//bdi[text()=\"OK\"]"}
COMMAND: POST /session/8690b08f518c8418ef29018541b658af/elements - {"using":"xpath","value":"//bdi[text()=\"OK\"]"}
RESULT: {"using":"xpath","value":"//bdi[text()=\"OK\"]"}
COMMAND: POST /session/8690b08f518c8418ef29018541b658af/elements - {"using":"xpath","value":"//bdi[text()=\"OK\"]"}
RESULT: {"using":"xpath","value":"//bdi[text()=\"OK\"]"}
COMMAND: POST /session/8690b08f518c8418ef29018541b658af/elements - {"using":"xpath","value":"//bdi[text()=\"OK\"]"}
RESULT: {"using":"xpath","value":"//bdi[text()=\"OK\"]"}
COMMAND: POST /session/8690b08f518c8418ef29018541b658af/elements - {"using":"xpath","value":"//bdi[text()=\"OK\"]"}
RESULT: {"using":"xpath","value":"//bdi[text()=\"OK\"]"}
COMMAND: POST /session/8690b08f518c8418ef29018541b658af/elements - {"using":"xpath","value":"//bdi[text()=\"OK\"]"}
RESULT: {"using":"xpath","value":"//bdi[text()=\"OK\"]"}
COMMAND: POST /session/8690b08f518c8418ef29018541b658af/elements - {"using":"xpath","value":"//bdi[text()=\"OK\"]"}
RESULT: {"using":"xpath","value":"//bdi[text()=\"OK\"]"}
COMMAND: POST /session/8690b08f518c8418ef29018541b658af/elements - {"using":"xpath","value":"//bdi[text()=\"OK\"]"}
RESULT: {"using":"xpath","value":"//bdi[text()=\"OK\"]"}
COMMAND: POST /session/8690b08f518c8418ef29018541b658af/elements - {"using":"xpath","value":"//bdi[text()=\"OK\"]"}
RESULT: {"using":"xpath","value":"//bdi[text()=\"OK\"]"}
COMMAND: POST /session/8690b08f518c8418ef29018541b658af/element - {"using":"xpath","value":"//bdi[text()=\"OK\"]"}
RESULT: {"using":"xpath","value":"//bdi[text()=\"OK\"]"}
COMMAND: POST /session/8690b08f518c8418ef29018541b658af/elements - {"using":"xpath","value":"//bdi[text()=\"OK\"]"}
RESULT: {"using":"xpath","value":"//bdi[text()=\"OK\"]"}
COMMAND: POST /session/8690b08f518c8418ef29018541b658af/elements - {"using":"xpath","value":"//bdi[text()=\"OK\"]"}
RESULT: {"using":"xpath","value":"//bdi[text()=\"OK\"]"}
COMMAND: POST /session/8690b08f518c8418ef29018541b658af/elements - {"using":"xpath","value":"//bdi[text()=\"OK\"]"}
RESULT: {"using":"xpath","value":"//bdi[text()=\"OK\"]"}
COMMAND: POST /session/8690b08f518c8418ef29018541b658af/elements - {"using":"xpath","value":"//bdi[text()=\"OK\"]"}
RESULT: {"using":"xpath","value":"//bdi[text()=\"OK\"]"}
COMMAND: POST /session/8690b08f518c8418ef29018541b658af/elements - {"using":"xpath","value":"//bdi[text()=\"OK\"]"}
RESULT: {"using":"xpath","value":"//bdi[text()=\"OK\"]"}
COMMAND: POST /session/8690b08f518c8418ef29018541b658af/elements - {"using":"xpath","value":"//bdi[text()=\"OK\"]"}
RESULT: {"using":"xpath","value":"//bdi[text()=\"OK\"]"}
COMMAND: POST /session/8690b08f518c8418ef29018541b658af/elements - {"using":"xpath","value":"//bdi[text()=\"OK\"]"}
RESULT: {"using":"xpath","value":"//bdi[text()=\"OK\"]"}
COMMAND: POST /session/8690b08f518c8418ef29018541b658af/elements - {"using":"xpath","value":"//bdi[text()=\"OK\"]"}
RESULT: {"using":"xpath","value":"//bdi[text()=\"OK\"]"}
COMMAND: POST /session/8690b08f518c8418ef29018541b658af/elements - {"using":"xpath","value":"//bdi[text()=\"OK\"]"}
RESULT: {"using":"xpath","value":"//bdi[text()=\"OK\"]"}
COMMAND: POST /session/8690b08f518c8418ef29018541b658af/elements - {"using":"xpath","value":"//bdi[text()=\"OK\"]"}
RESULT: {"using":"xpath","value":"//bdi[text()=\"OK\"]"}
COMMAND: POST /session/8690b08f518c8418ef29018541b658af/elements - {"using":"xpath","value":"//bdi[text()=\"OK\"]"}
RESULT: {"using":"xpath","value":"//bdi[text()=\"OK\"]"}
COMMAND: POST /session/8690b08f518c8418ef29018541b658af/elements - {"using":"xpath","value":"//bdi[text()=\"OK\"]"}
RESULT: {"using":"xpath","value":"//bdi[text()=\"OK\"]"}
COMMAND: POST /session/8690b08f518c8418ef29018541b658af/elements - {"using":"xpath","value":"//bdi[text()=\"OK\"]"}
RESULT: {"using":"xpath","value":"//bdi[text()=\"OK\"]"}
COMMAND: POST /session/8690b08f518c8418ef29018541b658af/elements - {"using":"xpath","value":"//bdi[text()=\"OK\"]"}
RESULT: {"using":"xpath","value":"//bdi[text()=\"OK\"]"}
COMMAND: POST /session/8690b08f518c8418ef29018541b658af/elements - {"using":"xpath","value":"//bdi[text()=\"OK\"]"}
RESULT: {"using":"xpath","value":"//bdi[text()=\"OK\"]"}
COMMAND: POST /session/8690b08f518c8418ef29018541b658af/elements - {"using":"xpath","value":"//bdi[text()=\"OK\"]"}
RESULT: {"using":"xpath","value":"//bdi[text()=\"OK\"]"}
COMMAND: POST /session/8690b08f518c8418ef29018541b658af/elements - {"using":"xpath","value":"//bdi[text()=\"OK\"]"}
RESULT: {"using":"xpath","value":"//bdi[text()=\"OK\"]"}
COMMAND: POST /session/8690b08f518c8418ef29018541b658af/elements - {"using":"xpath","value":"//bdi[text()=\"OK\"]"}
RESULT: {"using":"xpath","value":"//bdi[text()=\"OK\"]"}
COMMAND: POST /session/8690b08f518c8418ef29018541b658af/elements - {"using":"xpath","value":"//bdi[text()=\"OK\"]"}
RESULT: {"using":"xpath","value":"//bdi[text()=\"OK\"]"}
COMMAND: POST /session/8690b08f518c8418ef29018541b658af/elements - {"using":"xpath","value":"//bdi[text()=\"OK\"]"}
RESULT: {"using":"xpath","value":"//bdi[text()=\"OK\"]"}
COMMAND: POST /session/8690b08f518c8418ef29018541b658af/elements - {"using":"xpath","value":"//bdi[text()=\"OK\"]"}
RESULT: {"using":"xpath","value":"//bdi[text()=\"OK\"]"}
COMMAND: POST /session/8690b08f518c8418ef29018541b658af/elements - {"using":"xpath","value":"//bdi[text()=\"OK\"]"}
RESULT: {"using":"xpath","value":"//bdi[text()=\"OK\"]"}
COMMAND: POST /session/8690b08f518c8418ef29018541b658af/elements - {"using":"xpath","value":"//bdi[text()=\"OK\"]"}
RESULT: {"using":"xpath","value":"//bdi[text()=\"OK\"]"}
COMMAND: POST /session/8690b08f518c8418ef29018541b658af/elements - {"using":"xpath","value":"//bdi[text()=\"OK\"]"}
RESULT: {"using":"xpath","value":"//bdi[text()=\"OK\"]"}
COMMAND: POST /session/8690b08f518c8418ef29018541b658af/elements - {"using":"xpath","value":"//bdi[text()=\"OK\"]"}
RESULT: {"using":"xpath","value":"//bdi[text()=\"OK\"]"}
COMMAND: POST /session/8690b08f518c8418ef29018541b658af/elements - {"using":"xpath","value":"//bdi[text()=\"OK\"]"}
RESULT: {"using":"xpath","value":"//bdi[text()=\"OK\"]"}
COMMAND: POST /session/8690b08f518c8418ef29018541b658af/elements - {"using":"xpath","value":"//bdi[text()=\"OK\"]"}
RESULT: {"using":"xpath","value":"//bdi[text()=\"OK\"]"}
COMMAND: POST /session/8690b08f518c8418ef29018541b658af/elements - {"using":"xpath","value":"//bdi[text()=\"OK\"]"}
RESULT: {"using":"xpath","value":"//bdi[text()=\"OK\"]"}
COMMAND: POST /session/8690b08f518c8418ef29018541b658af/elements - {"using":"xpath","value":"//bdi[text()=\"OK\"]"}
RESULT: {"using":"xpath","value":"//bdi[text()=\"OK\"]"}
COMMAND: POST /session/8690b08f518c8418ef29018541b658af/elements - {"using":"xpath","value":"//bdi[text()=\"OK\"]"}
RESULT: {"using":"xpath","value":"//bdi[text()=\"OK\"]"}
COMMAND: POST /session/8690b08f518c8418ef29018541b658af/elements - {"using":"xpath","value":"//bdi[text()=\"OK\"]"}
RESULT: {"using":"xpath","value":"//bdi[text()=\"OK\"]"}
COMMAND: POST /session/8690b08f518c8418ef29018541b658af/elements - {"using":"xpath","value":"//bdi[text()=\"OK\"]"}
RESULT: {"using":"xpath","value":"//bdi[text()=\"OK\"]"}
COMMAND: POST /session/8690b08f518c8418ef29018541b658af/elements - {"using":"xpath","value":"//bdi[text()=\"OK\"]"}
RESULT: {"using":"xpath","value":"//bdi[text()=\"OK\"]"}
COMMAND: POST /session/8690b08f518c8418ef29018541b658af/elements - {"using":"xpath","value":"//bdi[text()=\"OK\"]"}
RESULT: {"using":"xpath","value":"//bdi[text()=\"OK\"]"}
COMMAND: POST /session/8690b08f518c8418ef29018541b658af/elements - {"using":"xpath","value":"//bdi[text()=\"OK\"]"}
RESULT: {"using":"xpath","value":"//bdi[text()=\"OK\"]"}
COMMAND: POST /session/8690b08f518c8418ef29018541b658af/elements - {"using":"xpath","value":"//bdi[text()=\"OK\"]"}
RESULT: {"using":"xpath","value":"//bdi[text()=\"OK\"]"}
COMMAND: POST /session/8690b08f518c8418ef29018541b658af/elements - {"using":"xpath","value":"//bdi[text()=\"OK\"]"}
RESULT: {"using":"xpath","value":"//bdi[text()=\"OK\"]"}
COMMAND: POST /session/8690b08f518c8418ef29018541b658af/elements - {"using":"xpath","value":"//bdi[text()=\"OK\"]"}
RESULT: {"using":"xpath","value":"//bdi[text()=\"OK\"]"}
COMMAND: POST /session/8690b08f518c8418ef29018541b658af/elements - {"using":"xpath","value":"//bdi[text()=\"OK\"]"}
RESULT: {"using":"xpath","value":"//bdi[text()=\"OK\"]"}
COMMAND: POST /session/8690b08f518c8418ef29018541b658af/elements - {"using":"xpath","value":"//bdi[text()=\"OK\"]"}
RESULT: {"using":"xpath","value":"//bdi[text()=\"OK\"]"}
COMMAND: POST /session/8690b08f518c8418ef29018541b658af/elements - {"using":"xpath","value":"//bdi[text()=\"OK\"]"}
RESULT: {"using":"xpath","value":"//bdi[text()=\"OK\"]"}
COMMAND: POST /session/8690b08f518c8418ef29018541b658af/elements - {"using":"xpath","value":"//bdi[text()=\"OK\"]"}
RESULT: {"using":"xpath","value":"//bdi[text()=\"OK\"]"}
COMMAND: POST /session/8690b08f518c8418ef29018541b658af/elements - {"using":"xpath","value":"//bdi[text()=\"OK\"]"}
RESULT: {"using":"xpath","value":"//bdi[text()=\"OK\"]"}
COMMAND: POST /session/8690b08f518c8418ef29018541b658af/elements - {"using":"xpath","value":"//bdi[text()=\"OK\"]"}
RESULT: {"using":"xpath","value":"//bdi[text()=\"OK\"]"}
COMMAND: POST /session/8690b08f518c8418ef29018541b658af/elements - {"using":"xpath","value":"//bdi[text()=\"OK\"]"}
RESULT: {"using":"xpath","value":"//bdi[text()=\"OK\"]"}
COMMAND: POST /session/8690b08f518c8418ef29018541b658af/elements - {"using":"xpath","value":"//bdi[text()=\"OK\"]"}
RESULT: {"using":"xpath","value":"//bdi[text()=\"OK\"]"}
COMMAND: POST /session/8690b08f518c8418ef29018541b658af/elements - {"using":"xpath","value":"//bdi[text()=\"OK\"]"}
RESULT: {"using":"xpath","value":"//bdi[text()=\"OK\"]"}
COMMAND: POST /session/8690b08f518c8418ef29018541b658af/elements - {"using":"xpath","value":"//bdi[text()=\"OK\"]"}
RESULT: {"using":"xpath","value":"//bdi[text()=\"OK\"]"}
COMMAND: POST /session/8690b08f518c8418ef29018541b658af/elements - {"using":"xpath","value":"//bdi[text()=\"OK\"]"}
RESULT: {"using":"xpath","value":"//bdi[text()=\"OK\"]"}
COMMAND: POST /session/8690b08f518c8418ef29018541b658af/elements - {"using":"xpath","value":"//bdi[text()=\"OK\"]"}
RESULT: {"using":"xpath","value":"//bdi[text()=\"OK\"]"}
COMMAND: POST /session/8690b08f518c8418ef29018541b658af/elements - {"using":"xpath","value":"//bdi[text()=\"OK\"]"}
RESULT: {"using":"xpath","value":"//bdi[text()=\"OK\"]"}
COMMAND: POST /session/8690b08f518c8418ef29018541b658af/elements - {"using":"xpath","value":"//bdi[text()=\"OK\"]"}
RESULT: {"using":"xpath","value":"//bdi[text()=\"OK\"]"}
COMMAND: POST /session/8690b08f518c8418ef29018541b658af/elements - {"using":"xpath","value":"//bdi[text()=\"OK\"]"}
RESULT: {"using":"xpath","value":"//bdi[text()=\"OK\"]"}
COMMAND: POST /session/8690b08f518c8418ef29018541b658af/elements - {"using":"xpath","value":"//bdi[text()=\"OK\"]"}
RESULT: {"using":"xpath","value":"//bdi[text()=\"OK\"]"}
COMMAND: POST /session/8690b08f518c8418ef29018541b658af/elements - {"using":"xpath","value":"//bdi[text()=\"OK\"]"}
RESULT: {"using":"xpath","value":"//bdi[text()=\"OK\"]"}
COMMAND: POST /session/8690b08f518c8418ef29018541b658af/elements - {"using":"xpath","value":"//bdi[text()=\"OK\"]"}
RESULT: {"using":"xpath","value":"//bdi[text()=\"OK\"]"}
COMMAND: POST /session/8690b08f518c8418ef29018541b658af/elements - {"using":"xpath","value":"//bdi[text()=\"OK\"]"}
RESULT: {"using":"xpath","value":"//bdi[text()=\"OK\"]"}
COMMAND: POST /session/8690b08f518c8418ef29018541b658af/elements - {"using":"xpath","value":"//bdi[text()=\"OK\"]"}
RESULT: {"using":"xpath","value":"//bdi[text()=\"OK\"]"}
COMMAND: POST /session/8690b08f518c8418ef29018541b658af/elements - {"using":"xpath","value":"//bdi[text()=\"OK\"]"}
RESULT: {"using":"xpath","value":"//bdi[text()=\"OK\"]"}
COMMAND: POST /session/8690b08f518c8418ef29018541b658af/elements - {"using":"xpath","value":"//bdi[text()=\"OK\"]"}
RESULT: {"using":"xpath","value":"//bdi[text()=\"OK\"]"}
COMMAND: POST /session/8690b08f518c8418ef29018541b658af/elements - {"using":"xpath","value":"//bdi[text()=\"OK\"]"}
RESULT: {"using":"xpath","value":"//bdi[text()=\"OK\"]"}
COMMAND: POST /session/8690b08f518c8418ef29018541b658af/elements - {"using":"xpath","value":"//bdi[text()=\"OK\"]"}
RESULT: {"using":"xpath","value":"//bdi[text()=\"OK\"]"}
COMMAND: POST /session/8690b08f518c8418ef29018541b658af/elements - {"using":"xpath","value":"//bdi[text()=\"OK\"]"}
RESULT: {"using":"xpath","value":"//bdi[text()=\"OK\"]"}
COMMAND: POST /session/8690b08f518c8418ef29018541b658af/elements - {"using":"xpath","value":"//bdi[text()=\"OK\"]"}
RESULT: {"using":"xpath","value":"//bdi[text()=\"OK\"]"}
COMMAND: POST /session/8690b08f518c8418ef29018541b658af/elements - {"using":"xpath","value":"//bdi[text()=\"OK\"]"}
RESULT: {"using":"xpath","value":"//bdi[text()=\"OK\"]"}
COMMAND: POST /session/8690b08f518c8418ef29018541b658af/elements - {"using":"xpath","value":"//bdi[text()=\"OK\"]"}
RESULT: {"using":"xpath","value":"//bdi[text()=\"OK\"]"}
COMMAND: POST /session/8690b08f518c8418ef29018541b658af/elements - {"using":"xpath","value":"//bdi[text()=\"OK\"]"}
RESULT: {"using":"xpath","value":"//bdi[text()=\"OK\"]"}
COMMAND: POST /session/8690b08f518c8418ef29018541b658af/elements - {"using":"xpath","value":"//bdi[text()=\"OK\"]"}
RESULT: {"using":"xpath","value":"//bdi[text()=\"OK\"]"}
COMMAND: POST /session/8690b08f518c8418ef29018541b658af/elements - {"using":"xpath","value":"//bdi[text()=\"OK\"]"}
RESULT: {"using":"xpath","value":"//bdi[text()=\"OK\"]"}
COMMAND: POST /session/8690b08f518c8418ef29018541b658af/elements - {"using":"xpath","value":"//bdi[text()=\"OK\"]"}
RESULT: {"using":"xpath","value":"//bdi[text()=\"OK\"]"}
COMMAND: POST /session/8690b08f518c8418ef29018541b658af/elements - {"using":"xpath","value":"//bdi[text()=\"OK\"]"}
RESULT: {"using":"xpath","value":"//bdi[text()=\"OK\"]"}
COMMAND: POST /session/8690b08f518c8418ef29018541b658af/elements - {"using":"xpath","value":"//bdi[text()=\"OK\"]"}
RESULT: {"using":"xpath","value":"//bdi[text()=\"OK\"]"}
COMMAND: POST /session/8690b08f518c8418ef29018541b658af/elements - {"using":"xpath","value":"//bdi[text()=\"OK\"]"}
RESULT: {"using":"xpath","value":"//bdi[text()=\"OK\"]"}
COMMAND: POST /session/8690b08f518c8418ef29018541b658af/elements - {"using":"xpath","value":"//bdi[text()=\"OK\"]"}
RESULT: {"using":"xpath","value":"//bdi[text()=\"OK\"]"}
COMMAND: POST /session/8690b08f518c8418ef29018541b658af/elements - {"using":"xpath","value":"//bdi[text()=\"OK\"]"}
RESULT: {"using":"xpath","value":"//bdi[text()=\"OK\"]"}
COMMAND: POST /session/8690b08f518c8418ef29018541b658af/elements - {"using":"xpath","value":"//bdi[text()=\"OK\"]"}
RESULT: {"using":"xpath","value":"//bdi[text()=\"OK\"]"}
COMMAND: POST /session/8690b08f518c8418ef29018541b658af/elements - {"using":"xpath","value":"//bdi[text()=\"OK\"]"}
RESULT: {"using":"xpath","value":"//bdi[text()=\"OK\"]"}
COMMAND: POST /session/8690b08f518c8418ef29018541b658af/elements - {"using":"xpath","value":"//bdi[text()=\"OK\"]"}
RESULT: {"using":"xpath","value":"//bdi[text()=\"OK\"]"}
COMMAND: POST /session/8690b08f518c8418ef29018541b658af/elements - {"using":"xpath","value":"//bdi[text()=\"OK\"]"}
RESULT: {"using":"xpath","value":"//bdi[text()=\"OK\"]"}
COMMAND: POST /session/8690b08f518c8418ef29018541b658af/elements - {"using":"xpath","value":"//bdi[text()=\"OK\"]"}
RESULT: {"using":"xpath","value":"//bdi[text()=\"OK\"]"}
COMMAND: POST /session/8690b08f518c8418ef29018541b658af/elements - {"using":"xpath","value":"//bdi[text()=\"OK\"]"}
RESULT: {"using":"xpath","value":"//bdi[text()=\"OK\"]"}
COMMAND: POST /session/8690b08f518c8418ef29018541b658af/elements - {"using":"xpath","value":"//bdi[text()=\"OK\"]"}
RESULT: {"using":"xpath","value":"//bdi[text()=\"OK\"]"}
COMMAND: POST /session/8690b08f518c8418ef29018541b658af/elements - {"using":"xpath","value":"//bdi[text()=\"OK\"]"}
RESULT: {"using":"xpath","value":"//bdi[text()=\"OK\"]"}
COMMAND: POST /session/8690b08f518c8418ef29018541b658af/elements - {"using":"xpath","value":"//bdi[text()=\"OK\"]"}
RESULT: {"using":"xpath","value":"//bdi[text()=\"OK\"]"}
COMMAND: POST /session/8690b08f518c8418ef29018541b658af/elements - {"using":"xpath","value":"//bdi[text()=\"OK\"]"}
RESULT: {"using":"xpath","value":"//bdi[text()=\"OK\"]"}
COMMAND: POST /session/8690b08f518c8418ef29018541b658af/elements - {"using":"xpath","value":"//bdi[text()=\"OK\"]"}
RESULT: {"using":"xpath","value":"//bdi[text()=\"OK\"]"}
COMMAND: POST /session/8690b08f518c8418ef29018541b658af/elements - {"using":"xpath","value":"//bdi[text()=\"OK\"]"}
RESULT: {"using":"xpath","value":"//bdi[text()=\"OK\"]"}
COMMAND: POST /session/8690b08f518c8418ef29018541b658af/elements - {"using":"xpath","value":"//bdi[text()=\"OK\"]"}
RESULT: {"using":"xpath","value":"//bdi[text()=\"OK\"]"}
COMMAND: POST /session/8690b08f518c8418ef29018541b658af/elements - {"using":"xpath","value":"//bdi[text()=\"OK\"]"}
RESULT: {"using":"xpath","value":"//bdi[text()=\"OK\"]"}
COMMAND: POST /session/8690b08f518c8418ef29018541b658af/elements - {"using":"xpath","value":"//bdi[text()=\"OK\"]"}
RESULT: {"using":"xpath","value":"//bdi[text()=\"OK\"]"}
COMMAND: POST /session/8690b08f518c8418ef29018541b658af/elements - {"using":"xpath","value":"//bdi[text()=\"OK\"]"}
RESULT: {"using":"xpath","value":"//bdi[text()=\"OK\"]"}
COMMAND: POST /session/8690b08f518c8418ef29018541b658af/elements - {"using":"xpath","value":"//bdi[text()=\"OK\"]"}
RESULT: {"using":"xpath","value":"//bdi[text()=\"OK\"]"}
COMMAND: POST /session/8690b08f518c8418ef29018541b658af/elements - {"using":"xpath","value":"//bdi[text()=\"OK\"]"}
RESULT: {"using":"xpath","value":"//bdi[text()=\"OK\"]"}
COMMAND: POST /session/8690b08f518c8418ef29018541b658af/elements - {"using":"xpath","value":"//bdi[text()=\"OK\"]"}
RESULT: {"using":"xpath","value":"//bdi[text()=\"OK\"]"}
COMMAND: POST /session/8690b08f518c8418ef29018541b658af/elements - {"using":"xpath","value":"//bdi[text()=\"OK\"]"}
RESULT: {"using":"xpath","value":"//bdi[text()=\"OK\"]"}
COMMAND: POST /session/8690b08f518c8418ef29018541b658af/elements - {"using":"xpath","value":"//bdi[text()=\"OK\"]"}
RESULT: {"using":"xpath","value":"//bdi[text()=\"OK\"]"}
COMMAND: POST /session/8690b08f518c8418ef29018541b658af/elements - {"using":"xpath","value":"//bdi[text()=\"OK\"]"}
RESULT: {"using":"xpath","value":"//bdi[text()=\"OK\"]"}
COMMAND: POST /session/8690b08f518c8418ef29018541b658af/elements - {"using":"xpath","value":"//bdi[text()=\"OK\"]"}
RESULT: {"using":"xpath","value":"//bdi[text()=\"OK\"]"}
COMMAND: POST /session/8690b08f518c8418ef29018541b658af/elements - {"using":"xpath","value":"//bdi[text()=\"OK\"]"}
RESULT: {"using":"xpath","value":"//bdi[text()=\"OK\"]"}
COMMAND: POST /session/8690b08f518c8418ef29018541b658af/elements - {"using":"xpath","value":"//bdi[text()=\"OK\"]"}
RESULT: {"using":"xpath","value":"//bdi[text()=\"OK\"]"}
COMMAND: POST /session/8690b08f518c8418ef29018541b658af/elements - {"using":"xpath","value":"//bdi[text()=\"OK\"]"}
RESULT: {"using":"xpath","value":"//bdi[text()=\"OK\"]"}
COMMAND: POST /session/8690b08f518c8418ef29018541b658af/elements - {"using":"xpath","value":"//bdi[text()=\"OK\"]"}
RESULT: {"using":"xpath","value":"//bdi[text()=\"OK\"]"}
COMMAND: POST /session/8690b08f518c8418ef29018541b658af/elements - {"using":"xpath","value":"//bdi[text()=\"OK\"]"}
RESULT: {"using":"xpath","value":"//bdi[text()=\"OK\"]"}
COMMAND: POST /session/8690b08f518c8418ef29018541b658af/elements - {"using":"xpath","value":"//bdi[text()=\"OK\"]"}
RESULT: {"using":"xpath","value":"//bdi[text()=\"OK\"]"}
COMMAND: POST /session/8690b08f518c8418ef29018541b658af/elements - {"using":"xpath","value":"//bdi[text()=\"OK\"]"}
RESULT: {"using":"xpath","value":"//bdi[text()=\"OK\"]"}
COMMAND: POST /session/8690b08f518c8418ef29018541b658af/elements - {"using":"xpath","value":"//bdi[text()=\"OK\"]"}
RESULT: {"using":"xpath","value":"//bdi[text()=\"OK\"]"}
COMMAND: POST /session/8690b08f518c8418ef29018541b658af/elements - {"using":"xpath","value":"//bdi[text()=\"OK\"]"}
RESULT: {"using":"xpath","value":"//bdi[text()=\"OK\"]"}
COMMAND: POST /session/8690b08f518c8418ef29018541b658af/elements - {"using":"xpath","value":"//bdi[text()=\"OK\"]"}
RESULT: {"using":"xpath","value":"//bdi[text()=\"OK\"]"}
COMMAND: POST /session/8690b08f518c8418ef29018541b658af/elements - {"using":"xpath","value":"//bdi[text()=\"OK\"]"}
RESULT: {"using":"xpath","value":"//bdi[text()=\"OK\"]"}
COMMAND: POST /session/8690b08f518c8418ef29018541b658af/elements - {"using":"xpath","value":"//bdi[text()=\"OK\"]"}
RESULT: {"using":"xpath","value":"//bdi[text()=\"OK\"]"}
COMMAND: POST /session/8690b08f518c8418ef29018541b658af/elements - {"using":"xpath","value":"//bdi[text()=\"OK\"]"}
RESULT: {"using":"xpath","value":"//bdi[text()=\"OK\"]"}
COMMAND: POST /session/8690b08f518c8418ef29018541b658af/elements - {"using":"xpath","value":"//bdi[text()=\"OK\"]"}
RESULT: {"using":"xpath","value":"//bdi[text()=\"OK\"]"}
COMMAND: POST /session/8690b08f518c8418ef29018541b658af/elements - {"using":"xpath","value":"//bdi[text()=\"OK\"]"}
RESULT: {"using":"xpath","value":"//bdi[text()=\"OK\"]"}
COMMAND: POST /session/8690b08f518c8418ef29018541b658af/elements - {"using":"xpath","value":"//bdi[text()=\"OK\"]"}
RESULT: {"using":"xpath","value":"//bdi[text()=\"OK\"]"}
COMMAND: POST /session/8690b08f518c8418ef29018541b658af/elements - {"using":"xpath","value":"//bdi[text()=\"OK\"]"}
RESULT: {"using":"xpath","value":"//bdi[text()=\"OK\"]"}
COMMAND: POST /session/8690b08f518c8418ef29018541b658af/elements - {"using":"xpath","value":"//bdi[text()=\"OK\"]"}
RESULT: {"using":"xpath","value":"//bdi[text()=\"OK\"]"}
COMMAND: POST /session/8690b08f518c8418ef29018541b658af/elements - {"using":"xpath","value":"//bdi[text()=\"OK\"]"}
RESULT: {"using":"xpath","value":"//bdi[text()=\"OK\"]"}
COMMAND: POST /session/8690b08f518c8418ef29018541b658af/elements - {"using":"xpath","value":"//bdi[text()=\"OK\"]"}
RESULT: {"using":"xpath","value":"//bdi[text()=\"OK\"]"}
COMMAND: POST /session/8690b08f518c8418ef29018541b658af/elements - {"using":"xpath","value":"//bdi[text()=\"OK\"]"}
RESULT: {"using":"xpath","value":"//bdi[text()=\"OK\"]"}
COMMAND: POST /session/8690b08f518c8418ef29018541b658af/elements - {"using":"xpath","value":"//bdi[text()=\"OK\"]"}
RESULT: {"using":"xpath","value":"//bdi[text()=\"OK\"]"}
COMMAND: POST /session/8690b08f518c8418ef29018541b658af/execute/async - {"script":"<script> [1562 bytes]","args":[{"selector":{"id":"application-manageresources-display-component---newResourceUnit--TYPE-arrow"},"wdio_ui5_key":"applicationmanageresources-display-component---newResourceUnit--TYPE-arrow"}]}
RESULT: {"script":"<script> [1562 bytes]","args":[{"selector":{"id":"application-manageresources-display-component---newResourceUnit--TYPE-arrow"},"wdio_ui5_key":"applicationmanageresources-display-component---newResourceUnit--TYPE-arrow"}]}
RESULT: undefined
COMMAND: POST /session/8690b08f518c8418ef29018541b658af/element - {"using":"xpath","value":"//*[@id=\"application-manageresources-display-component---newResourceUnit--TYPE-arrow\"]"}
RESULT: {"using":"xpath","value":"//*[@id=\"application-manageresources-display-component---newResourceUnit--TYPE-arrow\"]"}
COMMAND: POST /session/8690b08f518c8418ef29018541b658af/element/f.032590EE386F29951754CC6C5B23B0CB.d.608415345E9AAA44B30FB6BB4F51845F.e.2899/click - {}
RESULT: {}
COMMAND: POST /session/8690b08f518c8418ef29018541b658af/execute/async - {"script":"<script> [1562 bytes]","args":[{"selector":{"controlType":"sap.m.StandardListItem","viewName":"reusables.view.manageresources.NewResourceUnit","viewId":"application-manageresources-display-component---newResourceUnit","properties":{"title":"Material"},"searchOpenDialogs":true,"interaction":{"idSuffix":"titleText"}},"wdio_ui5_key":"reusablesview.manageresources.NewResourceUnitsap.m.StandardListItem{\"title\":\"Material\"}"}]}
COMMAND: GET /session/8690b08f518c8418ef29018541b658af/screenshot - {}
RESULT: {"script":"<script> [1562 bytes]","args":[{"selector":{"controlType":"sap.m.StandardListItem","viewName":"reusables.view.manageresources.NewResourceUnit","viewId":"application-manageresources-display-component---newResourceUnit","properties":{"title":"Material"},"searchOpenDialogs":true,"interaction":{"idSuffix":"titleText"}},"wdio_ui5_key":"reusablesview.manageresources.NewResourceUnitsap.m.StandardListItem{\"title\":\"Material\"}"}]}
RESULT: undefined
COMMAND: POST /session/8690b08f518c8418ef29018541b658af/element - {"using":"xpath","value":"//*[@id=\"__item1066\"]"}
RESULT: {}
RESULT: {"using":"xpath","value":"//*[@id=\"__item1066\"]"}
COMMAND: POST /session/8690b08f518c8418ef29018541b658af/element/f.032590EE386F29951754CC6C5B23B0CB.d.608415345E9AAA44B30FB6BB4F51845F.e.2902/click - {}
RESULT: {}
COMMAND: GET /session/8690b08f518c8418ef29018541b658af/screenshot - {}
RESULT: {}
COMMAND: POST /session/8690b08f518c8418ef29018541b658af/execute/async - {"script":"<script> [1562 bytes]","args":[{"selector":{"id":"application-manageresources-display-component---newResourceUnit--newRRUPage-OPHeaderContent-collapseBtn-img"},"wdio_ui5_key":"applicationmanageresources-display-component---newResourceUnit--newRRUPage-OPHeaderContent-collapseBtn-img"}]}
RESULT: {"script":"<script> [1562 bytes]","args":[{"selector":{"id":"application-manageresources-display-component---newResourceUnit--newRRUPage-OPHeaderContent-collapseBtn-img"},"wdio_ui5_key":"applicationmanageresources-display-component---newResourceUnit--newRRUPage-OPHeaderContent-collapseBtn-img"}]}
RESULT: undefined
COMMAND: POST /session/8690b08f518c8418ef29018541b658af/element - {"using":"xpath","value":"//*[@id=\"application-manageresources-display-component---newResourceUnit--newRRUPage-OPHeaderContent-collapseBtn-img\"]"}
RESULT: {"using":"xpath","value":"//*[@id=\"application-manageresources-display-component---newResourceUnit--newRRUPage-OPHeaderContent-collapseBtn-img\"]"}
COMMAND: POST /session/8690b08f518c8418ef29018541b658af/element/f.032590EE386F29951754CC6C5B23B0CB.d.608415345E9AAA44B30FB6BB4F51845F.e.2909/click - {}
RESULT: {}
COMMAND: GET /session/8690b08f518c8418ef29018541b658af/screenshot - {}
RESULT: {}
COMMAND: POST /session/8690b08f518c8418ef29018541b658af/execute/async - {"script":"<script> [1562 bytes]","args":[{"selector":{"id":"application-manageresources-display-component---newResourceUnit--SHORT_TEXT","interaction":{"idSuffix":"inner"}},"wdio_ui5_key":"applicationmanageresources-display-component---newResourceUnit--SHORT_TEXT"}]}
RESULT: {"script":"<script> [1562 bytes]","args":[{"selector":{"id":"application-manageresources-display-component---newResourceUnit--SHORT_TEXT","interaction":{"idSuffix":"inner"}},"wdio_ui5_key":"applicationmanageresources-display-component---newResourceUnit--SHORT_TEXT"}]}
RESULT: undefined
COMMAND: POST /session/8690b08f518c8418ef29018541b658af/execute/async - {"script":"<script> [776 bytes]","args":[{"enterText":"WebdriverWHM_RUR2Crlmm3f","selector":{"id":"application-manageresources-display-component---newResourceUnit--SHORT_TEXT","interaction":{"idSuffix":"inner"}},"clearTextFirst":true,"interactionType":"ENTER_TEXT"}]}
RESULT: {"script":"<script> [776 bytes]","args":[{"enterText":"WebdriverWHM_RUR2Crlmm3f","selector":{"id":"application-manageresources-display-component---newResourceUnit--SHORT_TEXT","interaction":{"idSuffix":"inner"}},"clearTextFirst":true,"interactionType":"ENTER_TEXT"}]}
COMMAND: POST /session/8690b08f518c8418ef29018541b658af/execute/async - {"script":"<script> [1562 bytes]","args":[{"selector":{"id":"application-manageresources-display-component---newResourceUnit--BASE_UNIT_OF_MEASURE-arrow"},"wdio_ui5_key":"applicationmanageresources-display-component---newResourceUnit--BASE_UNIT_OF_MEASURE-arrow"}]}
RESULT: {"script":"<script> [1562 bytes]","args":[{"selector":{"id":"application-manageresources-display-component---newResourceUnit--BASE_UNIT_OF_MEASURE-arrow"},"wdio_ui5_key":"applicationmanageresources-display-component---newResourceUnit--BASE_UNIT_OF_MEASURE-arrow"}]}
RESULT: undefined
COMMAND: POST /session/8690b08f518c8418ef29018541b658af/element - {"using":"xpath","value":"//*[@id=\"application-manageresources-display-component---newResourceUnit--BASE_UNIT_OF_MEASURE-arrow\"]"}
RESULT: {"using":"xpath","value":"//*[@id=\"application-manageresources-display-component---newResourceUnit--BASE_UNIT_OF_MEASURE-arrow\"]"}
COMMAND: POST /session/8690b08f518c8418ef29018541b658af/element/f.032590EE386F29951754CC6C5B23B0CB.d.608415345E9AAA44B30FB6BB4F51845F.e.2962/click - {}
RESULT: {}
COMMAND: POST /session/8690b08f518c8418ef29018541b658af/execute/async - {"script":"<script> [1562 bytes]","args":[{"selector":{"controlType":"sap.m.StandardListItem","viewName":"reusables.view.manageresources.NewResourceUnit","viewId":"application-manageresources-display-component---newResourceUnit","properties":{"title":"Piece"},"searchOpenDialogs":true,"interaction":{"idSuffix":"content"}},"wdio_ui5_key":"reusablesview.manageresources.NewResourceUnitsap.m.StandardListItem{\"title\":\"Piece\"}"}]}
COMMAND: GET /session/8690b08f518c8418ef29018541b658af/screenshot - {}
RESULT: {"script":"<script> [1562 bytes]","args":[{"selector":{"controlType":"sap.m.StandardListItem","viewName":"reusables.view.manageresources.NewResourceUnit","viewId":"application-manageresources-display-component---newResourceUnit","properties":{"title":"Piece"},"searchOpenDialogs":true,"interaction":{"idSuffix":"content"}},"wdio_ui5_key":"reusablesview.manageresources.NewResourceUnitsap.m.StandardListItem{\"title\":\"Piece\"}"}]}
RESULT: undefined
COMMAND: POST /session/8690b08f518c8418ef29018541b658af/element - {"using":"xpath","value":"//*[@id=\"__item1110\"]"}
RESULT: {}
RESULT: {"using":"xpath","value":"//*[@id=\"__item1110\"]"}
COMMAND: POST /session/8690b08f518c8418ef29018541b658af/element/f.032590EE386F29951754CC6C5B23B0CB.d.608415345E9AAA44B30FB6BB4F51845F.e.2964/click - {}
RESULT: {}
COMMAND: POST /session/8690b08f518c8418ef29018541b658af/execute/async - {"script":"<script> [1562 bytes]","args":[{"selector":{"id":"application-manageresources-display-component---newResourceUnit--WEIGHT_UNIT-arrow"},"wdio_ui5_key":"applicationmanageresources-display-component---newResourceUnit--WEIGHT_UNIT-arrow"}]}
COMMAND: GET /session/8690b08f518c8418ef29018541b658af/screenshot - {}
RESULT: {"script":"<script> [1562 bytes]","args":[{"selector":{"id":"application-manageresources-display-component---newResourceUnit--WEIGHT_UNIT-arrow"},"wdio_ui5_key":"applicationmanageresources-display-component---newResourceUnit--WEIGHT_UNIT-arrow"}]}
RESULT: undefined
COMMAND: POST /session/8690b08f518c8418ef29018541b658af/element - {"using":"xpath","value":"//*[@id=\"application-manageresources-display-component---newResourceUnit--WEIGHT_UNIT-arrow\"]"}
RESULT: {}
RESULT: {"using":"xpath","value":"//*[@id=\"application-manageresources-display-component---newResourceUnit--WEIGHT_UNIT-arrow\"]"}
COMMAND: POST /session/8690b08f518c8418ef29018541b658af/element/f.032590EE386F29951754CC6C5B23B0CB.d.608415345E9AAA44B30FB6BB4F51845F.e.2965/click - {}
RESULT: {}
COMMAND: POST /session/8690b08f518c8418ef29018541b658af/execute/async - {"script":"<script> [1562 bytes]","args":[{"selector":{"controlType":"sap.m.StandardListItem","viewName":"reusables.view.manageresources.NewResourceUnit","viewId":"application-manageresources-display-component---newResourceUnit","properties":{"title":"Gram"},"searchOpenDialogs":true,"interaction":{"idSuffix":"content"}},"wdio_ui5_key":"reusablesview.manageresources.NewResourceUnitsap.m.StandardListItem{\"title\":\"Gram\"}"}]}
COMMAND: GET /session/8690b08f518c8418ef29018541b658af/screenshot - {}
RESULT: {"script":"<script> [1562 bytes]","args":[{"selector":{"controlType":"sap.m.StandardListItem","viewName":"reusables.view.manageresources.NewResourceUnit","viewId":"application-manageresources-display-component---newResourceUnit","properties":{"title":"Gram"},"searchOpenDialogs":true,"interaction":{"idSuffix":"content"}},"wdio_ui5_key":"reusablesview.manageresources.NewResourceUnitsap.m.StandardListItem{\"title\":\"Gram\"}"}]}
RESULT: undefined
COMMAND: POST /session/8690b08f518c8418ef29018541b658af/element - {"using":"xpath","value":"//*[@id=\"__item1175\"]"}
RESULT: {}
RESULT: {"using":"xpath","value":"//*[@id=\"__item1175\"]"}
COMMAND: POST /session/8690b08f518c8418ef29018541b658af/element/f.032590EE386F29951754CC6C5B23B0CB.d.608415345E9AAA44B30FB6BB4F51845F.e.2967/click - {}
RESULT: {}
COMMAND: POST /session/8690b08f518c8418ef29018541b658af/element - {"using":"xpath","value":"//bdi[text()='Reference']"}
COMMAND: GET /session/8690b08f518c8418ef29018541b658af/screenshot - {}
RESULT: {"using":"xpath","value":"//bdi[text()='Reference']"}
COMMAND: GET /session/8690b08f518c8418ef29018541b658af/element/f.032590EE386F29951754CC6C5B23B0CB.d.608415345E9AAA44B30FB6BB4F51845F.e.2968/enabled - {}
RESULT: {}
RESULT: {}
COMMAND: POST /session/8690b08f518c8418ef29018541b658af/execute/sync - {"script":"<script> [8489 bytes]","args":[{"element-6066-11e4-a52e-4f735466cecf":"f.032590EE386F29951754CC6C5B23B0CB.d.608415345E9AAA44B30FB6BB4F51845F.e.2968","ELEMENT":"f.032590EE386F29951754CC6C5B23B0CB.d.608415345E9AAA44B30FB6BB4F51845F.e.2968"}]}
COMMAND: GET /session/8690b08f518c8418ef29018541b658af/screenshot - {}
RESULT: {"script":"<script> [8489 bytes]","args":[{"element-6066-11e4-a52e-4f735466cecf":"f.032590EE386F29951754CC6C5B23B0CB.d.608415345E9AAA44B30FB6BB4F51845F.e.2968","ELEMENT":"f.032590EE386F29951754CC6C5B23B0CB.d.608415345E9AAA44B30FB6BB4F51845F.e.2968"}]}
COMMAND: POST /session/8690b08f518c8418ef29018541b658af/execute/sync - {"script":"<script> [5351 bytes]","args":[{"element-6066-11e4-a52e-4f735466cecf":"f.032590EE386F29951754CC6C5B23B0CB.d.608415345E9AAA44B30FB6BB4F51845F.e.2968","ELEMENT":"f.032590EE386F29951754CC6C5B23B0CB.d.608415345E9AAA44B30FB6BB4F51845F.e.2968"}]}
COMMAND: GET /session/8690b08f518c8418ef29018541b658af/screenshot - {}
RESULT: {}
RESULT: {"script":"<script> [5351 bytes]","args":[{"element-6066-11e4-a52e-4f735466cecf":"f.032590EE386F29951754CC6C5B23B0CB.d.608415345E9AAA44B30FB6BB4F51845F.e.2968","ELEMENT":"f.032590EE386F29951754CC6C5B23B0CB.d.608415345E9AAA44B30FB6BB4F51845F.e.2968"}]}
COMMAND: POST /session/8690b08f518c8418ef29018541b658af/element/f.032590EE386F29951754CC6C5B23B0CB.d.608415345E9AAA44B30FB6BB4F51845F.e.2968/click - {}
COMMAND: GET /session/8690b08f518c8418ef29018541b658af/screenshot - {}
RESULT: {}
RESULT: {}
RESULT: {}
COMMAND: POST /session/8690b08f518c8418ef29018541b658af/element - {"using":"xpath","value":"//bdi[text()='General Information']"}
COMMAND: GET /session/8690b08f518c8418ef29018541b658af/screenshot - {}
RESULT: {"using":"xpath","value":"//bdi[text()='General Information']"}
COMMAND: GET /session/8690b08f518c8418ef29018541b658af/element/f.032590EE386F29951754CC6C5B23B0CB.d.608415345E9AAA44B30FB6BB4F51845F.e.2971/enabled - {}
RESULT: {}
RESULT: {}
COMMAND: POST /session/8690b08f518c8418ef29018541b658af/execute/sync - {"script":"<script> [8489 bytes]","args":[{"element-6066-11e4-a52e-4f735466cecf":"f.032590EE386F29951754CC6C5B23B0CB.d.608415345E9AAA44B30FB6BB4F51845F.e.2971","ELEMENT":"f.032590EE386F29951754CC6C5B23B0CB.d.608415345E9AAA44B30FB6BB4F51845F.e.2971"}]}
COMMAND: GET /session/8690b08f518c8418ef29018541b658af/screenshot - {}
RESULT: {"script":"<script> [8489 bytes]","args":[{"element-6066-11e4-a52e-4f735466cecf":"f.032590EE386F29951754CC6C5B23B0CB.d.608415345E9AAA44B30FB6BB4F51845F.e.2971","ELEMENT":"f.032590EE386F29951754CC6C5B23B0CB.d.608415345E9AAA44B30FB6BB4F51845F.e.2971"}]}
COMMAND: POST /session/8690b08f518c8418ef29018541b658af/execute/sync - {"script":"<script> [5351 bytes]","args":[{"element-6066-11e4-a52e-4f735466cecf":"f.032590EE386F29951754CC6C5B23B0CB.d.608415345E9AAA44B30FB6BB4F51845F.e.2971","ELEMENT":"f.032590EE386F29951754CC6C5B23B0CB.d.608415345E9AAA44B30FB6BB4F51845F.e.2971"}]}
COMMAND: GET /session/8690b08f518c8418ef29018541b658af/screenshot - {}
RESULT: {}
RESULT: {"script":"<script> [5351 bytes]","args":[{"element-6066-11e4-a52e-4f735466cecf":"f.032590EE386F29951754CC6C5B23B0CB.d.608415345E9AAA44B30FB6BB4F51845F.e.2971","ELEMENT":"f.032590EE386F29951754CC6C5B23B0CB.d.608415345E9AAA44B30FB6BB4F51845F.e.2971"}]}
COMMAND: POST /session/8690b08f518c8418ef29018541b658af/element/f.032590EE386F29951754CC6C5B23B0CB.d.608415345E9AAA44B30FB6BB4F51845F.e.2971/click - {}
COMMAND: GET /session/8690b08f518c8418ef29018541b658af/screenshot - {}
RESULT: {}
RESULT: {}
COMMAND: POST /session/8690b08f518c8418ef29018541b658af/execute/async - {"script":"<script> [1562 bytes]","args":[{"selector":{"id":"application-manageresources-display-component---newResourceUnit--DIMENSION_UNIT-arrow"},"wdio_ui5_key":"applicationmanageresources-display-component---newResourceUnit--DIMENSION_UNIT-arrow"}]}
COMMAND: GET /session/8690b08f518c8418ef29018541b658af/screenshot - {}
RESULT: {}
RESULT: {"script":"<script> [1562 bytes]","args":[{"selector":{"id":"application-manageresources-display-component---newResourceUnit--DIMENSION_UNIT-arrow"},"wdio_ui5_key":"applicationmanageresources-display-component---newResourceUnit--DIMENSION_UNIT-arrow"}]}
RESULT: undefined
COMMAND: POST /session/8690b08f518c8418ef29018541b658af/element - {"using":"xpath","value":"//*[@id=\"application-manageresources-display-component---newResourceUnit--DIMENSION_UNIT-arrow\"]"}
RESULT: {}
RESULT: {"using":"xpath","value":"//*[@id=\"application-manageresources-display-component---newResourceUnit--DIMENSION_UNIT-arrow\"]"}
COMMAND: POST /session/8690b08f518c8418ef29018541b658af/element/f.032590EE386F29951754CC6C5B23B0CB.d.608415345E9AAA44B30FB6BB4F51845F.e.2975/click - {}
RESULT: {}
COMMAND: GET /session/8690b08f518c8418ef29018541b658af/screenshot - {}
RESULT: {}
COMMAND: POST /session/8690b08f518c8418ef29018541b658af/execute/async - {"script":"<script> [1562 bytes]","args":[{"selector":{"controlType":"sap.m.StandardListItem","viewName":"reusables.view.manageresources.NewResourceUnit","viewId":"application-manageresources-display-component---newResourceUnit","properties":{"title":"Centimeter"},"searchOpenDialogs":true,"interaction":{"idSuffix":"titleText"}},"wdio_ui5_key":"reusablesview.manageresources.NewResourceUnitsap.m.StandardListItem{\"title\":\"Centimeter\"}"}]}
RESULT: {"script":"<script> [1562 bytes]","args":[{"selector":{"controlType":"sap.m.StandardListItem","viewName":"reusables.view.manageresources.NewResourceUnit","viewId":"application-manageresources-display-component---newResourceUnit","properties":{"title":"Centimeter"},"searchOpenDialogs":true,"interaction":{"idSuffix":"titleText"}},"wdio_ui5_key":"reusablesview.manageresources.NewResourceUnitsap.m.StandardListItem{\"title\":\"Centimeter\"}"}]}
RESULT: undefined
COMMAND: POST /session/8690b08f518c8418ef29018541b658af/element - {"using":"xpath","value":"//*[@id=\"__item1178\"]"}
RESULT: {"using":"xpath","value":"//*[@id=\"__item1178\"]"}
COMMAND: POST /session/8690b08f518c8418ef29018541b658af/element/f.032590EE386F29951754CC6C5B23B0CB.d.608415345E9AAA44B30FB6BB4F51845F.e.2977/click - {}
RESULT: {}
COMMAND: POST /session/8690b08f518c8418ef29018541b658af/execute/async - {"script":"<script> [1562 bytes]","args":[{"selector":{"id":"application-manageresources-display-component---newResourceUnit--newRRUPage-anchBar-application-manageresources-display-component---newResourceUnit--reference-anchor","interaction":{"idSuffix":"BDI-content"}},"wdio_ui5_key":"applicationmanageresources-display-component---newResourceUnit--newRRUPage-anchBar-application-manageresources-display-component---newResourceUnit--reference-anchor"}]}
COMMAND: GET /session/8690b08f518c8418ef29018541b658af/screenshot - {}
RESULT: {"script":"<script> [1562 bytes]","args":[{"selector":{"id":"application-manageresources-display-component---newResourceUnit--newRRUPage-anchBar-application-manageresources-display-component---newResourceUnit--reference-anchor","interaction":{"idSuffix":"BDI-content"}},"wdio_ui5_key":"applicationmanageresources-display-component---newResourceUnit--newRRUPage-anchBar-application-manageresources-display-component---newResourceUnit--reference-anchor"}]}
RESULT: undefined
COMMAND: POST /session/8690b08f518c8418ef29018541b658af/element - {"using":"xpath","value":"//*[@id=\"application-manageresources-display-component---newResourceUnit--newRRUPage-anchBar-application-manageresources-display-component---newResourceUnit--reference-anchor\"]"}
RESULT: {}
RESULT: {"using":"xpath","value":"//*[@id=\"application-manageresources-display-component---newResourceUnit--newRRUPage-anchBar-application-manageresources-display-component---newResourceUnit--reference-anchor\"]"}
COMMAND: POST /session/8690b08f518c8418ef29018541b658af/element/f.032590EE386F29951754CC6C5B23B0CB.d.608415345E9AAA44B30FB6BB4F51845F.e.2969/click - {}
RESULT: {}
COMMAND: POST /session/8690b08f518c8418ef29018541b658af/execute/async - {"script":"<script> [1562 bytes]","args":[{"selector":{"id":"application-manageresources-display-component---newResourceUnit--PLANNING_GROUP-arrow"},"wdio_ui5_key":"applicationmanageresources-display-component---newResourceUnit--PLANNING_GROUP-arrow"}]}
COMMAND: GET /session/8690b08f518c8418ef29018541b658af/screenshot - {}
RESULT: {"script":"<script> [1562 bytes]","args":[{"selector":{"id":"application-manageresources-display-component---newResourceUnit--PLANNING_GROUP-arrow"},"wdio_ui5_key":"applicationmanageresources-display-component---newResourceUnit--PLANNING_GROUP-arrow"}]}
RESULT: undefined
COMMAND: POST /session/8690b08f518c8418ef29018541b658af/element - {"using":"xpath","value":"//*[@id=\"application-manageresources-display-component---newResourceUnit--PLANNING_GROUP-arrow\"]"}
RESULT: {}
RESULT: {"using":"xpath","value":"//*[@id=\"application-manageresources-display-component---newResourceUnit--PLANNING_GROUP-arrow\"]"}
COMMAND: POST /session/8690b08f518c8418ef29018541b658af/element/f.032590EE386F29951754CC6C5B23B0CB.d.608415345E9AAA44B30FB6BB4F51845F.e.2980/click - {}
RESULT: {}
COMMAND: POST /session/8690b08f518c8418ef29018541b658af/execute/async - {"script":"<script> [1562 bytes]","args":[{"selector":{"controlType":"sap.m.StandardListItem","viewName":"reusables.view.manageresources.NewResourceUnit","viewId":"application-manageresources-display-component---newResourceUnit","properties":{"title":"Heavy Equi"},"searchOpenDialogs":true,"interaction":{"idSuffix":"content"}},"wdio_ui5_key":"reusablesview.manageresources.NewResourceUnitsap.m.StandardListItem{\"title\":\"Heavy Equi\"}"}]}
COMMAND: GET /session/8690b08f518c8418ef29018541b658af/screenshot - {}
RESULT: {"script":"<script> [1562 bytes]","args":[{"selector":{"controlType":"sap.m.StandardListItem","viewName":"reusables.view.manageresources.NewResourceUnit","viewId":"application-manageresources-display-component---newResourceUnit","properties":{"title":"Heavy Equi"},"searchOpenDialogs":true,"interaction":{"idSuffix":"content"}},"wdio_ui5_key":"reusablesview.manageresources.NewResourceUnitsap.m.StandardListItem{\"title\":\"Heavy Equi\"}"}]}
RESULT: undefined
COMMAND: POST /session/8690b08f518c8418ef29018541b658af/element - {"using":"xpath","value":"//*[@id=\"__item1186\"]"}
RESULT: {}
RESULT: {"using":"xpath","value":"//*[@id=\"__item1186\"]"}
COMMAND: POST /session/8690b08f518c8418ef29018541b658af/element/f.032590EE386F29951754CC6C5B23B0CB.d.608415345E9AAA44B30FB6BB4F51845F.e.2982/click - {}
RESULT: {}
COMMAND: GET /session/8690b08f518c8418ef29018541b658af/screenshot - {}
RESULT: {}
COMMAND: POST /session/8690b08f518c8418ef29018541b658af/execute/async - {"script":"<script> [1562 bytes]","args":[{"selector":{"id":"application-manageresources-display-component---newResourceUnit--PLANNING_INDICATOR-arrow"},"wdio_ui5_key":"applicationmanageresources-display-component---newResourceUnit--PLANNING_INDICATOR-arrow"}]}
RESULT: {"script":"<script> [1562 bytes]","args":[{"selector":{"id":"application-manageresources-display-component---newResourceUnit--PLANNING_INDICATOR-arrow"},"wdio_ui5_key":"applicationmanageresources-display-component---newResourceUnit--PLANNING_INDICATOR-arrow"}]}
RESULT: undefined
COMMAND: POST /session/8690b08f518c8418ef29018541b658af/element - {"using":"xpath","value":"//*[@id=\"application-manageresources-display-component---newResourceUnit--PLANNING_INDICATOR-arrow\"]"}
RESULT: {"using":"xpath","value":"//*[@id=\"application-manageresources-display-component---newResourceUnit--PLANNING_INDICATOR-arrow\"]"}
COMMAND: POST /session/8690b08f518c8418ef29018541b658af/element/f.032590EE386F29951754CC6C5B23B0CB.d.608415345E9AAA44B30FB6BB4F51845F.e.2983/click - {}
RESULT: {}
COMMAND: POST /session/8690b08f518c8418ef29018541b658af/execute/async - {"script":"<script> [1562 bytes]","args":[{"selector":{"controlType":"sap.m.StandardListItem","viewName":"reusables.view.manageresources.NewResourceUnit","viewId":"application-manageresources-display-component---newResourceUnit","properties":{"title":"10 - infinite"},"searchOpenDialogs":true,"interaction":{"idSuffix":"content"}},"wdio_ui5_key":"reusablesview.manageresources.NewResourceUnitsap.m.StandardListItem{\"title\":\"10 - infinite\"}"}]}
COMMAND: GET /session/8690b08f518c8418ef29018541b658af/screenshot - {}
RESULT: {"script":"<script> [1562 bytes]","args":[{"selector":{"controlType":"sap.m.StandardListItem","viewName":"reusables.view.manageresources.NewResourceUnit","viewId":"application-manageresources-display-component---newResourceUnit","properties":{"title":"10 - infinite"},"searchOpenDialogs":true,"interaction":{"idSuffix":"content"}},"wdio_ui5_key":"reusablesview.manageresources.NewResourceUnitsap.m.StandardListItem{\"title\":\"10 - infinite\"}"}]}
RESULT: undefined
COMMAND: POST /session/8690b08f518c8418ef29018541b658af/element - {"using":"xpath","value":"//*[@id=\"__item1196\"]"}
RESULT: {}
RESULT: {"using":"xpath","value":"//*[@id=\"__item1196\"]"}
COMMAND: POST /session/8690b08f518c8418ef29018541b658af/element/f.032590EE386F29951754CC6C5B23B0CB.d.608415345E9AAA44B30FB6BB4F51845F.e.2985/click - {}
RESULT: {}
COMMAND: GET /session/8690b08f518c8418ef29018541b658af/screenshot - {}
RESULT: {}
COMMAND: POST /session/8690b08f518c8418ef29018541b658af/element - {"using":"xpath","value":"//bdi[contains(text(), \"Time Segment\")]"}
RESULT: {"using":"xpath","value":"//bdi[contains(text(), \"Time Segment\")]"}
COMMAND: GET /session/8690b08f518c8418ef29018541b658af/element/f.032590EE386F29951754CC6C5B23B0CB.d.608415345E9AAA44B30FB6BB4F51845F.e.2986/rect - {}
RESULT: {}
COMMAND: GET /session/8690b08f518c8418ef29018541b658af/window/rect - {}
RESULT: {}
COMMAND: POST /session/8690b08f518c8418ef29018541b658af/execute/sync - {"script":"<script> [92 bytes]","args":[]}
RESULT: {"script":"<script> [92 bytes]","args":[]}
COMMAND: POST /session/8690b08f518c8418ef29018541b658af/actions - {"actions":[{"id":"action13","type":"wheel","parameters":{},"actions":[{"type":"scroll","x":-1804,"y":-21,"deltaX":0,"deltaY":0,"duration":0,"origin":{"element-6066-11e4-a52e-4f735466cecf":"f.032590EE386F29951754CC6C5B23B0CB.d.608415345E9AAA44B30FB6BB4F51845F.e.2986"}}]}]}
COMMAND: GET /session/8690b08f518c8418ef29018541b658af/screenshot - {}
RESULT: {}
COMMAND: POST /session/8690b08f518c8418ef29018541b658af/execute/sync - {"script":"<script> [79 bytes]","args":[{"element-6066-11e4-a52e-4f735466cecf":"f.032590EE386F29951754CC6C5B23B0CB.d.608415345E9AAA44B30FB6BB4F51845F.e.2986","ELEMENT":"f.032590EE386F29951754CC6C5B23B0CB.d.608415345E9AAA44B30FB6BB4F51845F.e.2986"},{"block":"start","inline":"nearest"}]}
RESULT: {"script":"<script> [79 bytes]","args":[{"element-6066-11e4-a52e-4f735466cecf":"f.032590EE386F29951754CC6C5B23B0CB.d.608415345E9AAA44B30FB6BB4F51845F.e.2986","ELEMENT":"f.032590EE386F29951754CC6C5B23B0CB.d.608415345E9AAA44B30FB6BB4F51845F.e.2986"},{"block":"start","inline":"nearest"}]}
COMMAND: GET /session/8690b08f518c8418ef29018541b658af/screenshot - {}
RESULT: {}
COMMAND: POST /session/8690b08f518c8418ef29018541b658af/element - {"using":"xpath","value":"//span[@id=\"application-manageresources-display-component---newResourceUnit--btnAddTimeSegment-img\"]"}
RESULT: {"using":"xpath","value":"//span[@id=\"application-manageresources-display-component---newResourceUnit--btnAddTimeSegment-img\"]"}
COMMAND: POST /session/8690b08f518c8418ef29018541b658af/execute/sync - {"script":"<script> [8489 bytes]","args":[{"element-6066-11e4-a52e-4f735466cecf":"f.032590EE386F29951754CC6C5B23B0CB.d.608415345E9AAA44B30FB6BB4F51845F.e.2989","ELEMENT":"f.032590EE386F29951754CC6C5B23B0CB.d.608415345E9AAA44B30FB6BB4F51845F.e.2989"}]}
RESULT: {"script":"<script> [8489 bytes]","args":[{"element-6066-11e4-a52e-4f735466cecf":"f.032590EE386F29951754CC6C5B23B0CB.d.608415345E9AAA44B30FB6BB4F51845F.e.2989","ELEMENT":"f.032590EE386F29951754CC6C5B23B0CB.d.608415345E9AAA44B30FB6BB4F51845F.e.2989"}]}
COMMAND: POST /session/8690b08f518c8418ef29018541b658af/element/f.032590EE386F29951754CC6C5B23B0CB.d.608415345E9AAA44B30FB6BB4F51845F.e.2989/click - {}
COMMAND: GET /session/8690b08f518c8418ef29018541b658af/screenshot - {}
RESULT: {}
COMMAND: GET /session/8690b08f518c8418ef29018541b658af/screenshot - {}
COMMAND: POST /session/8690b08f518c8418ef29018541b658af/element - {"using":"xpath","value":"//input[@id=\"application-manageresources-display-component---newResourceUnit--idRuTSAdmin-application-manageresources-display-component---newResourceUnit--RUTimeSegment-0-inner\"]"}
RESULT: {}
RESULT: {}
RESULT: {"using":"xpath","value":"//input[@id=\"application-manageresources-display-component---newResourceUnit--idRuTSAdmin-application-manageresources-display-component---newResourceUnit--RUTimeSegment-0-inner\"]"}
COMMAND: POST /session/8690b08f518c8418ef29018541b658af/element/f.032590EE386F29951754CC6C5B23B0CB.d.608415345E9AAA44B30FB6BB4F51845F.e.2992/clear - {}
RESULT: {}
COMMAND: POST /session/8690b08f518c8418ef29018541b658af/element/f.032590EE386F29951754CC6C5B23B0CB.d.608415345E9AAA44B30FB6BB4F51845F.e.2992/value - {"text":"589"}
COMMAND: GET /session/8690b08f518c8418ef29018541b658af/screenshot - {}
RESULT: {"text":"589"}
COMMAND: GET /session/8690b08f518c8418ef29018541b658af/screenshot - {}
RESULT: {}
RESULT: {}
COMMAND: POST /session/8690b08f518c8418ef29018541b658af/actions - {"actions":[{"id":"action14","type":"key","parameters":{},"actions":[{"type":"keyDown","value":"î€‡"},{"type":"pause","duration":10},{"type":"keyUp","value":"î€‡"}]}]}
RESULT: {"actions":[{"id":"action14","type":"key","parameters":{},"actions":[{"type":"keyDown","value":"î€‡"},{"type":"pause","duration":10},{"type":"keyUp","value":"î€‡"}]}]}
COMMAND: POST /session/8690b08f518c8418ef29018541b658af/execute/async - {"script":"<script> [1562 bytes]","args":[{"selector":{"controlType":"sap.m.Button","viewName":"reusables.view.manageresources.NewResourceUnit","viewId":"application-manageresources-display-component---newResourceUnit","i18NText":{"propertyName":"tooltip","key":"save"},"interaction":{"idSuffix":"BDI-content"}},"wdio_ui5_key":"reusablesview.manageresources.NewResourceUnitsap.m.Button{\"propertyName\":\"tooltip\",\"key\":\"save\"}"}]}
COMMAND: GET /session/8690b08f518c8418ef29018541b658af/screenshot - {}
RESULT: {"script":"<script> [1562 bytes]","args":[{"selector":{"controlType":"sap.m.Button","viewName":"reusables.view.manageresources.NewResourceUnit","viewId":"application-manageresources-display-component---newResourceUnit","i18NText":{"propertyName":"tooltip","key":"save"},"interaction":{"idSuffix":"BDI-content"}},"wdio_ui5_key":"reusablesview.manageresources.NewResourceUnitsap.m.Button{\"propertyName\":\"tooltip\",\"key\":\"save\"}"}]}
RESULT: undefined
COMMAND: POST /session/8690b08f518c8418ef29018541b658af/element - {"using":"xpath","value":"//*[@id=\"application-manageresources-display-component---newResourceUnit--createRuButton\"]"}
RESULT: {}
RESULT: {"using":"xpath","value":"//*[@id=\"application-manageresources-display-component---newResourceUnit--createRuButton\"]"}
COMMAND: POST /session/8690b08f518c8418ef29018541b658af/element/f.032590EE386F29951754CC6C5B23B0CB.d.608415345E9AAA44B30FB6BB4F51845F.e.2915/click - {}
RESULT: {}
COMMAND: GET /session/8690b08f518c8418ef29018541b658af/screenshot - {}
RESULT: {}
COMMAND: POST /session/8690b08f518c8418ef29018541b658af/execute/async - {"script":"<script> [1562 bytes]","args":[{"selector":{"controlType":"sap.m.Title","properties":{"text":"Success"},"searchOpenDialogs":true},"wdio_ui5_key":"sapm.Title{\"text\":\"Success\"}"}]}
RESULT: {"script":"<script> [1562 bytes]","args":[{"selector":{"controlType":"sap.m.Title","properties":{"text":"Success"},"searchOpenDialogs":true},"wdio_ui5_key":"sapm.Title{\"text\":\"Success\"}"}]}
RESULT: undefined
COMMAND: POST /session/8690b08f518c8418ef29018541b658af/execute/async - {"script":"<script> [6424 bytes]","args":[{"element-6066-11e4-a52e-4f735466cecf":"f.032590EE386F29951754CC6C5B23B0CB.d.608415345E9AAA44B30FB6BB4F51845F.e.3007"},"getText",[]]}
RESULT: {"script":"<script> [6424 bytes]","args":[{"element-6066-11e4-a52e-4f735466cecf":"f.032590EE386F29951754CC6C5B23B0CB.d.608415345E9AAA44B30FB6BB4F51845F.e.3007"},"getText",[]]}
COMMAND: POST /session/8690b08f518c8418ef29018541b658af/element - {"using":"xpath","value":"//*[contains(@id, '__text') and (contains(text(), 'successfully created') or contains(., 'successfully created'))]"}
RESULT: {"using":"xpath","value":"//*[contains(@id, '__text') and (contains(text(), 'successfully created') or contains(., 'successfully created'))]"}
COMMAND: GET /session/8690b08f518c8418ef29018541b658af/element/f.032590EE386F29951754CC6C5B23B0CB.d.608415345E9AAA44B30FB6BB4F51845F.e.3005/text - {}
RESULT: {}
COMMAND: POST /session/8690b08f518c8418ef29018541b658af/execute/async - {"script":"<script> [1562 bytes]","args":[{"selector":{"controlType":"sap.m.Button","properties":{"text":"Close"},"searchOpenDialogs":true,"interaction":{"idSuffix":"BDI-content"}},"wdio_ui5_key":"sapm.Button{\"text\":\"Close\"}"}]}
RESULT: {"script":"<script> [1562 bytes]","args":[{"selector":{"controlType":"sap.m.Button","properties":{"text":"Close"},"searchOpenDialogs":true,"interaction":{"idSuffix":"BDI-content"}},"wdio_ui5_key":"sapm.Button{\"text\":\"Close\"}"}]}
RESULT: undefined
COMMAND: POST /session/8690b08f518c8418ef29018541b658af/element - {"using":"xpath","value":"//*[@id=\"__mbox-btn-0\"]"}
RESULT: {"using":"xpath","value":"//*[@id=\"__mbox-btn-0\"]"}
COMMAND: POST /session/8690b08f518c8418ef29018541b658af/element/f.032590EE386F29951754CC6C5B23B0CB.d.608415345E9AAA44B30FB6BB4F51845F.e.3003/click - {}
RESULT: {}
COMMAND: GET /session/8690b08f518c8418ef29018541b658af/screenshot - {}
RESULT: {}
COMMAND: POST /session/8690b08f518c8418ef29018541b658af/execute/async - {"script":"<script> [1562 bytes]","args":[{"selector":{"controlType":"sap.ui.core.Icon","viewName":"etm.portal.ui.manageresources.view.Detail","viewId":"application-manageresources-display-component---detailRU","properties":{"src":{"regex":{"source":"overflow"}}}},"wdio_ui5_key":"etmportal.ui.manageresources.view.Detailsap.ui.core.Icon{\"src\":{\"regex\":{\"source\":\"overflow\"}}}"}]}
RESULT: {"script":"<script> [1562 bytes]","args":[{"selector":{"controlType":"sap.ui.core.Icon","viewName":"etm.portal.ui.manageresources.view.Detail","viewId":"application-manageresources-display-component---detailRU","properties":{"src":{"regex":{"source":"overflow"}}}},"wdio_ui5_key":"etmportal.ui.manageresources.view.Detailsap.ui.core.Icon{\"src\":{\"regex\":{\"source\":\"overflow\"}}}"}]}
RESULT: undefined
COMMAND: POST /session/8690b08f518c8418ef29018541b658af/element - {"using":"xpath","value":"//*[@id=\"__title35-_actionsToolbar-overflowButton-img\"]"}
RESULT: {"using":"xpath","value":"//*[@id=\"__title35-_actionsToolbar-overflowButton-img\"]"}
COMMAND: POST /session/8690b08f518c8418ef29018541b658af/element/f.032590EE386F29951754CC6C5B23B0CB.d.608415345E9AAA44B30FB6BB4F51845F.e.3037/click - {}
RESULT: {}
COMMAND: POST /session/8690b08f518c8418ef29018541b658af/execute/async - {"script":"<script> [1562 bytes]","args":[{"selector":{"controlType":"sap.m.Button","viewName":"etm.portal.ui.manageresources.view.Detail","viewId":"application-manageresources-display-component---detailRU","i18NText":{"propertyName":"tooltip","key":"closeColumn"},"searchOpenDialogs":true,"interaction":{"idSuffix":"inner"}},"wdio_ui5_key":"etmportal.ui.manageresources.view.Detailsap.m.Button{\"propertyName\":\"tooltip\",\"key\":\"closeColumn\"}"}]}
COMMAND: GET /session/8690b08f518c8418ef29018541b658af/screenshot - {}
RESULT: {"script":"<script> [1562 bytes]","args":[{"selector":{"controlType":"sap.m.Button","viewName":"etm.portal.ui.manageresources.view.Detail","viewId":"application-manageresources-display-component---detailRU","i18NText":{"propertyName":"tooltip","key":"closeColumn"},"searchOpenDialogs":true,"interaction":{"idSuffix":"inner"}},"wdio_ui5_key":"etmportal.ui.manageresources.view.Detailsap.m.Button{\"propertyName\":\"tooltip\",\"key\":\"closeColumn\"}"}]}
RESULT: undefined
COMMAND: POST /session/8690b08f518c8418ef29018541b658af/element - {"using":"xpath","value":"//*[@id=\"__button146\"]"}
RESULT: {}
RESULT: {"using":"xpath","value":"//*[@id=\"__button146\"]"}
COMMAND: POST /session/8690b08f518c8418ef29018541b658af/element/f.032590EE386F29951754CC6C5B23B0CB.d.608415345E9AAA44B30FB6BB4F51845F.e.3039/click - {}
RESULT: {}
COMMAND: POST /session/8690b08f518c8418ef29018541b658af/element - {"using":"css selector","value":"#shell-header-logo"}
COMMAND: GET /session/8690b08f518c8418ef29018541b658af/screenshot - {}
RESULT: {"using":"css selector","value":"#shell-header-logo"}
COMMAND: POST /session/8690b08f518c8418ef29018541b658af/element/f.032590EE386F29951754CC6C5B23B0CB.d.608415345E9AAA44B30FB6BB4F51845F.e.2514/click - {}
RESULT: {}
RESULT: {}
COMMAND: GET /session/8690b08f518c8418ef29018541b658af/screenshot - {}
RESULT: {}
]]></system-out>
    </testcase>
    <testcase classname="chrome.135_0_7049_115.windows.Stock_increase_-_with_WHM_US125587" name="Bin Status Report Should Create New Organization yard" time="52.792">
      <system-out><![CDATA[
COMMAND: POST /session/8690b08f518c8418ef29018541b658af/element - {"using":"xpath","value":"//div[text()='Warehouse']"}
RESULT: {"using":"xpath","value":"//div[text()='Warehouse']"}
COMMAND: POST /session/8690b08f518c8418ef29018541b658af/elements - {"using":"xpath","value":"//div[text()='Warehouse']"}
RESULT: {"using":"xpath","value":"//div[text()='Warehouse']"}
COMMAND: POST /session/8690b08f518c8418ef29018541b658af/element/f.032590EE386F29951754CC6C5B23B0CB.d.608415345E9AAA44B30FB6BB4F51845F.e.3107/click - {}
RESULT: {}
COMMAND: POST /session/8690b08f518c8418ef29018541b658af/execute/async - {"script":"<script> [1562 bytes]","args":[{"selector":{"controlType":"sap.m.GenericTile","properties":{"header":"Bin Status Report"}},"wdio_ui5_key":"sapm.GenericTile{\"header\":\"Bin Status Report\"}"}]}
COMMAND: GET /session/8690b08f518c8418ef29018541b658af/screenshot - {}
RESULT: {"script":"<script> [1562 bytes]","args":[{"selector":{"controlType":"sap.m.GenericTile","properties":{"header":"Bin Status Report"}},"wdio_ui5_key":"sapm.GenericTile{\"header\":\"Bin Status Report\"}"}]}
RESULT: undefined
COMMAND: POST /session/8690b08f518c8418ef29018541b658af/element - {"using":"xpath","value":"//*[@id=\"__tile108\"]"}
RESULT: {}
RESULT: {"using":"xpath","value":"//*[@id=\"__tile108\"]"}
COMMAND: POST /session/8690b08f518c8418ef29018541b658af/element/f.032590EE386F29951754CC6C5B23B0CB.d.608415345E9AAA44B30FB6BB4F51845F.e.3110/click - {}
RESULT: {}
COMMAND: GET /session/8690b08f518c8418ef29018541b658af/screenshot - {}
RESULT: {}
COMMAND: POST /session/8690b08f518c8418ef29018541b658af/element - {"using":"xpath","value":"//bdi[text()='Create New Organization']"}
RESULT: {"using":"xpath","value":"//bdi[text()='Create New Organization']"}
COMMAND: POST /session/8690b08f518c8418ef29018541b658af/elements - {"using":"xpath","value":"//bdi[text()='Create New Organization']"}
RESULT: {"using":"xpath","value":"//bdi[text()='Create New Organization']"}
COMMAND: POST /session/8690b08f518c8418ef29018541b658af/element/f.032590EE386F29951754CC6C5B23B0CB.d.608415345E9AAA44B30FB6BB4F51845F.e.3210/click - {}
RESULT: {}
COMMAND: POST /session/8690b08f518c8418ef29018541b658af/execute/async - {"script":"<script> [1562 bytes]","args":[{"selector":{"id":"createOrganizationPop--sectionInput","searchOpenDialogs":true,"interaction":{"idSuffix":"inner"}},"wdio_ui5_key":"createOrganizationPopsectionInput"}]}
COMMAND: GET /session/8690b08f518c8418ef29018541b658af/screenshot - {}
RESULT: {"script":"<script> [1562 bytes]","args":[{"selector":{"id":"createOrganizationPop--sectionInput","searchOpenDialogs":true,"interaction":{"idSuffix":"inner"}},"wdio_ui5_key":"createOrganizationPopsectionInput"}]}
RESULT: undefined
COMMAND: POST /session/8690b08f518c8418ef29018541b658af/execute/async - {"script":"<script> [776 bytes]","args":[{"enterText":"WHIrlmm3f","selector":{"id":"createOrganizationPop--sectionInput","searchOpenDialogs":true,"interaction":{"idSuffix":"inner"}},"clearTextFirst":true,"interactionType":"ENTER_TEXT"}]}
RESULT: {}
RESULT: {"script":"<script> [776 bytes]","args":[{"enterText":"WHIrlmm3f","selector":{"id":"createOrganizationPop--sectionInput","searchOpenDialogs":true,"interaction":{"idSuffix":"inner"}},"clearTextFirst":true,"interactionType":"ENTER_TEXT"}]}
COMMAND: POST /session/8690b08f518c8418ef29018541b658af/execute/async - {"script":"<script> [1562 bytes]","args":[{"selector":{"id":"createOrganizationPop--descriptionInput","searchOpenDialogs":true,"interaction":{"idSuffix":"inner"}},"wdio_ui5_key":"createOrganizationPopdescriptionInput"}]}
RESULT: {"script":"<script> [1562 bytes]","args":[{"selector":{"id":"createOrganizationPop--descriptionInput","searchOpenDialogs":true,"interaction":{"idSuffix":"inner"}},"wdio_ui5_key":"createOrganizationPopdescriptionInput"}]}
RESULT: undefined
COMMAND: POST /session/8690b08f518c8418ef29018541b658af/execute/async - {"script":"<script> [776 bytes]","args":[{"enterText":"WHIrlmm3f","selector":{"id":"createOrganizationPop--descriptionInput","searchOpenDialogs":true,"interaction":{"idSuffix":"inner"}},"clearTextFirst":true,"interactionType":"ENTER_TEXT"}]}
RESULT: {"script":"<script> [776 bytes]","args":[{"enterText":"WHIrlmm3f","selector":{"id":"createOrganizationPop--descriptionInput","searchOpenDialogs":true,"interaction":{"idSuffix":"inner"}},"clearTextFirst":true,"interactionType":"ENTER_TEXT"}]}
COMMAND: POST /session/8690b08f518c8418ef29018541b658af/element - {"using":"css selector","value":"#createOrganizationPop--yardOrg-inner"}
RESULT: {"using":"css selector","value":"#createOrganizationPop--yardOrg-inner"}
COMMAND: POST /session/8690b08f518c8418ef29018541b658af/element/f.032590EE386F29951754CC6C5B23B0CB.d.608415345E9AAA44B30FB6BB4F51845F.e.3213/clear - {}
RESULT: {}
COMMAND: POST /session/8690b08f518c8418ef29018541b658af/element/f.032590EE386F29951754CC6C5B23B0CB.d.608415345E9AAA44B30FB6BB4F51845F.e.3213/value - {"text":"589"}
COMMAND: GET /session/8690b08f518c8418ef29018541b658af/screenshot - {}
RESULT: {"text":"589"}
COMMAND: GET /session/8690b08f518c8418ef29018541b658af/screenshot - {}
RESULT: {}
RESULT: {}
COMMAND: POST /session/8690b08f518c8418ef29018541b658af/actions - {"actions":[{"id":"action15","type":"key","parameters":{},"actions":[{"type":"keyDown","value":"î€‡"},{"type":"pause","duration":10},{"type":"keyUp","value":"î€‡"}]}]}
RESULT: {"actions":[{"id":"action15","type":"key","parameters":{},"actions":[{"type":"keyDown","value":"î€‡"},{"type":"pause","duration":10},{"type":"keyUp","value":"î€‡"}]}]}
COMMAND: POST /session/8690b08f518c8418ef29018541b658af/execute/async - {"script":"<script> [1562 bytes]","args":[{"selector":{"id":"createOrganizationPop--grZone","searchOpenDialogs":true,"interaction":{"idSuffix":"CbBg"}},"wdio_ui5_key":"createOrganizationPopgrZone"}]}
COMMAND: GET /session/8690b08f518c8418ef29018541b658af/screenshot - {}
RESULT: {"script":"<script> [1562 bytes]","args":[{"selector":{"id":"createOrganizationPop--grZone","searchOpenDialogs":true,"interaction":{"idSuffix":"CbBg"}},"wdio_ui5_key":"createOrganizationPopgrZone"}]}
RESULT: undefined
COMMAND: POST /session/8690b08f518c8418ef29018541b658af/element - {"using":"xpath","value":"//*[@id=\"createOrganizationPop--grZone\"]"}
RESULT: {}
RESULT: {"using":"xpath","value":"//*[@id=\"createOrganizationPop--grZone\"]"}
COMMAND: POST /session/8690b08f518c8418ef29018541b658af/element/f.032590EE386F29951754CC6C5B23B0CB.d.608415345E9AAA44B30FB6BB4F51845F.e.3234/click - {}
RESULT: {}
COMMAND: POST /session/8690b08f518c8418ef29018541b658af/execute/async - {"script":"<script> [1562 bytes]","args":[{"selector":{"id":"createOrganizationPop--giZone","searchOpenDialogs":true,"interaction":{"idSuffix":"CbBg"}},"wdio_ui5_key":"createOrganizationPopgiZone"}]}
COMMAND: GET /session/8690b08f518c8418ef29018541b658af/screenshot - {}
RESULT: {"script":"<script> [1562 bytes]","args":[{"selector":{"id":"createOrganizationPop--giZone","searchOpenDialogs":true,"interaction":{"idSuffix":"CbBg"}},"wdio_ui5_key":"createOrganizationPopgiZone"}]}
RESULT: undefined
COMMAND: POST /session/8690b08f518c8418ef29018541b658af/element - {"using":"xpath","value":"//*[@id=\"createOrganizationPop--giZone\"]"}
RESULT: {}
RESULT: {"using":"xpath","value":"//*[@id=\"createOrganizationPop--giZone\"]"}
COMMAND: POST /session/8690b08f518c8418ef29018541b658af/element/f.032590EE386F29951754CC6C5B23B0CB.d.608415345E9AAA44B30FB6BB4F51845F.e.3236/click - {}
RESULT: {}
COMMAND: POST /session/8690b08f518c8418ef29018541b658af/execute/async - {"script":"<script> [1562 bytes]","args":[{"selector":{"id":"createOrganizationPop--binNoInput","searchOpenDialogs":true,"interaction":{"idSuffix":"inner"}},"wdio_ui5_key":"createOrganizationPopbinNoInput"}]}
COMMAND: GET /session/8690b08f518c8418ef29018541b658af/screenshot - {}
RESULT: {"script":"<script> [1562 bytes]","args":[{"selector":{"id":"createOrganizationPop--binNoInput","searchOpenDialogs":true,"interaction":{"idSuffix":"inner"}},"wdio_ui5_key":"createOrganizationPopbinNoInput"}]}
RESULT: undefined
COMMAND: POST /session/8690b08f518c8418ef29018541b658af/execute/async - {"script":"<script> [776 bytes]","args":[{"enterText":"Bin-Wd","selector":{"id":"createOrganizationPop--binNoInput","searchOpenDialogs":true,"interaction":{"idSuffix":"inner"}},"clearTextFirst":true,"interactionType":"ENTER_TEXT"}]}
RESULT: {}
RESULT: {"script":"<script> [776 bytes]","args":[{"enterText":"Bin-Wd","selector":{"id":"createOrganizationPop--binNoInput","searchOpenDialogs":true,"interaction":{"idSuffix":"inner"}},"clearTextFirst":true,"interactionType":"ENTER_TEXT"}]}
COMMAND: POST /session/8690b08f518c8418ef29018541b658af/execute/async - {"script":"<script> [1562 bytes]","args":[{"selector":{"id":"createOrganizationPop--descriptionId","searchOpenDialogs":true,"interaction":{"idSuffix":"inner"}},"wdio_ui5_key":"createOrganizationPopdescriptionId"}]}
RESULT: {"script":"<script> [1562 bytes]","args":[{"selector":{"id":"createOrganizationPop--descriptionId","searchOpenDialogs":true,"interaction":{"idSuffix":"inner"}},"wdio_ui5_key":"createOrganizationPopdescriptionId"}]}
RESULT: undefined
COMMAND: POST /session/8690b08f518c8418ef29018541b658af/execute/async - {"script":"<script> [776 bytes]","args":[{"enterText":"Shipping-Wd","selector":{"id":"createOrganizationPop--descriptionId","searchOpenDialogs":true,"interaction":{"idSuffix":"inner"}},"clearTextFirst":true,"interactionType":"ENTER_TEXT"}]}
RESULT: {"script":"<script> [776 bytes]","args":[{"enterText":"Shipping-Wd","selector":{"id":"createOrganizationPop--descriptionId","searchOpenDialogs":true,"interaction":{"idSuffix":"inner"}},"clearTextFirst":true,"interactionType":"ENTER_TEXT"}]}
COMMAND: POST /session/8690b08f518c8418ef29018541b658af/execute/async - {"script":"<script> [1562 bytes]","args":[{"selector":{"controlType":"sap.m.CheckBox","viewName":"etm.portal.ui.binstatusreport.view.MasterWareBins","viewId":"application-binstatusreport-display-component---warehousing","bindingPath":{"path":"","propertyPath":"/ZONE","modelName":"newBin"},"searchOpenDialogs":true,"interaction":{"idSuffix":"CbBg"}},"wdio_ui5_key":"etmportal.ui.binstatusreport.view.MasterWareBinssap.m.CheckBox{\"path\":\"\",\"propertyPath\":\"/ZONE\",\"modelName\":\"newBin\"}"}]}
RESULT: {"script":"<script> [1562 bytes]","args":[{"selector":{"controlType":"sap.m.CheckBox","viewName":"etm.portal.ui.binstatusreport.view.MasterWareBins","viewId":"application-binstatusreport-display-component---warehousing","bindingPath":{"path":"","propertyPath":"/ZONE","modelName":"newBin"},"searchOpenDialogs":true,"interaction":{"idSuffix":"CbBg"}},"wdio_ui5_key":"etmportal.ui.binstatusreport.view.MasterWareBinssap.m.CheckBox{\"path\":\"\",\"propertyPath\":\"/ZONE\",\"modelName\":\"newBin\"}"}]}
RESULT: undefined
COMMAND: POST /session/8690b08f518c8418ef29018541b658af/element - {"using":"xpath","value":"//*[@id=\"__box41\"]"}
RESULT: {"using":"xpath","value":"//*[@id=\"__box41\"]"}
COMMAND: POST /session/8690b08f518c8418ef29018541b658af/element/f.032590EE386F29951754CC6C5B23B0CB.d.608415345E9AAA44B30FB6BB4F51845F.e.3240/click - {}
RESULT: {}
COMMAND: POST /session/8690b08f518c8418ef29018541b658af/execute/async - {"script":"<script> [1562 bytes]","args":[{"selector":{"id":"createOrganizationPop--binTypesCB-arrow","searchOpenDialogs":true},"wdio_ui5_key":"createOrganizationPopbinTypesCB-arrow"}]}
COMMAND: GET /session/8690b08f518c8418ef29018541b658af/screenshot - {}
RESULT: {"script":"<script> [1562 bytes]","args":[{"selector":{"id":"createOrganizationPop--binTypesCB-arrow","searchOpenDialogs":true},"wdio_ui5_key":"createOrganizationPopbinTypesCB-arrow"}]}
RESULT: undefined
COMMAND: POST /session/8690b08f518c8418ef29018541b658af/element - {"using":"xpath","value":"//*[@id=\"createOrganizationPop--binTypesCB-arrow\"]"}
RESULT: {}
RESULT: {"using":"xpath","value":"//*[@id=\"createOrganizationPop--binTypesCB-arrow\"]"}
COMMAND: POST /session/8690b08f518c8418ef29018541b658af/element/f.032590EE386F29951754CC6C5B23B0CB.d.608415345E9AAA44B30FB6BB4F51845F.e.3246/click - {}
RESULT: {}
COMMAND: POST /session/8690b08f518c8418ef29018541b658af/execute/async - {"script":"<script> [1562 bytes]","args":[{"selector":{"id":"createOrganizationPop--binTypesCB","searchOpenDialogs":true,"interaction":{"idSuffix":"inner"}},"wdio_ui5_key":"createOrganizationPopbinTypesCB"}]}
COMMAND: GET /session/8690b08f518c8418ef29018541b658af/screenshot - {}
RESULT: {"script":"<script> [1562 bytes]","args":[{"selector":{"id":"createOrganizationPop--binTypesCB","searchOpenDialogs":true,"interaction":{"idSuffix":"inner"}},"wdio_ui5_key":"createOrganizationPopbinTypesCB"}]}
RESULT: undefined
COMMAND: POST /session/8690b08f518c8418ef29018541b658af/execute/async - {"script":"<script> [776 bytes]","args":[{"enterText":"1 - General / No capacity check","selector":{"id":"createOrganizationPop--binTypesCB","searchOpenDialogs":true,"interaction":{"idSuffix":"inner"}},"clearTextFirst":true,"interactionType":"ENTER_TEXT"}]}
RESULT: {}
RESULT: {"script":"<script> [776 bytes]","args":[{"enterText":"1 - General / No capacity check","selector":{"id":"createOrganizationPop--binTypesCB","searchOpenDialogs":true,"interaction":{"idSuffix":"inner"}},"clearTextFirst":true,"interactionType":"ENTER_TEXT"}]}
COMMAND: POST /session/8690b08f518c8418ef29018541b658af/actions - {"actions":[{"id":"action16","type":"key","parameters":{},"actions":[{"type":"keyDown","value":"î€‡"},{"type":"pause","duration":10},{"type":"keyUp","value":"î€‡"}]}]}
RESULT: {"actions":[{"id":"action16","type":"key","parameters":{},"actions":[{"type":"keyDown","value":"î€‡"},{"type":"pause","duration":10},{"type":"keyUp","value":"î€‡"}]}]}
COMMAND: GET /session/8690b08f518c8418ef29018541b658af/screenshot - {}
RESULT: {}
COMMAND: POST /session/8690b08f518c8418ef29018541b658af/execute/async - {"script":"<script> [1562 bytes]","args":[{"selector":{"id":"createOrganizationPop--finishBtn","searchOpenDialogs":true,"interaction":{"idSuffix":"BDI-content"}},"wdio_ui5_key":"createOrganizationPopfinishBtn"}]}
RESULT: {"script":"<script> [1562 bytes]","args":[{"selector":{"id":"createOrganizationPop--finishBtn","searchOpenDialogs":true,"interaction":{"idSuffix":"BDI-content"}},"wdio_ui5_key":"createOrganizationPopfinishBtn"}]}
RESULT: undefined
COMMAND: POST /session/8690b08f518c8418ef29018541b658af/element - {"using":"xpath","value":"//*[@id=\"createOrganizationPop--finishBtn\"]"}
RESULT: {"using":"xpath","value":"//*[@id=\"createOrganizationPop--finishBtn\"]"}
COMMAND: POST /session/8690b08f518c8418ef29018541b658af/element/f.032590EE386F29951754CC6C5B23B0CB.d.608415345E9AAA44B30FB6BB4F51845F.e.3249/click - {}
RESULT: {}
]]></system-out>
    </testcase>
    <testcase classname="chrome.135_0_7049_115.windows.Stock_increase_-_with_WHM_US125587" name="Bin Status Report Should Create New Organization for Site" time="61.06">
      <system-out><![CDATA[
COMMAND: GET /session/8690b08f518c8418ef29018541b658af/screenshot - {}
RESULT: {}
COMMAND: POST /session/8690b08f518c8418ef29018541b658af/execute/async - {"script":"<script> [1562 bytes]","args":[{"selector":{"id":"application-binstatusreport-display-component---warehousing--createOrgBtn","interaction":{"idSuffix":"content"}},"wdio_ui5_key":"applicationbinstatusreport-display-component---warehousing--createOrgBtn"}]}
RESULT: {"script":"<script> [1562 bytes]","args":[{"selector":{"id":"application-binstatusreport-display-component---warehousing--createOrgBtn","interaction":{"idSuffix":"content"}},"wdio_ui5_key":"applicationbinstatusreport-display-component---warehousing--createOrgBtn"}]}
RESULT: undefined
COMMAND: POST /session/8690b08f518c8418ef29018541b658af/element - {"using":"xpath","value":"//*[@id=\"application-binstatusreport-display-component---warehousing--createOrgBtn\"]"}
RESULT: {"using":"xpath","value":"//*[@id=\"application-binstatusreport-display-component---warehousing--createOrgBtn\"]"}
COMMAND: POST /session/8690b08f518c8418ef29018541b658af/element/f.032590EE386F29951754CC6C5B23B0CB.d.608415345E9AAA44B30FB6BB4F51845F.e.3149/click - {}
RESULT: {}
RESULT: undefined
COMMAND: POST /session/8690b08f518c8418ef29018541b658af/execute/async - {"script":"<script> [776 bytes]","args":[{"enterText":"2423","selector":{"id":"createOrganizationPop--sectionInput","searchOpenDialogs":true,"interaction":{"idSuffix":"inner"}},"clearTextFirst":true,"interactionType":"ENTER_TEXT"}]}
COMMAND: GET /session/8690b08f518c8418ef29018541b658af/screenshot - {}
RESULT: {"script":"<script> [776 bytes]","args":[{"enterText":"2423","selector":{"id":"createOrganizationPop--sectionInput","searchOpenDialogs":true,"interaction":{"idSuffix":"inner"}},"clearTextFirst":true,"interactionType":"ENTER_TEXT"}]}
RESULT: undefined
COMMAND: POST /session/8690b08f518c8418ef29018541b658af/execute/async - {"script":"<script> [776 bytes]","args":[{"enterText":"2423","selector":{"id":"createOrganizationPop--descriptionInput","searchOpenDialogs":true,"interaction":{"idSuffix":"inner"}},"clearTextFirst":true,"interactionType":"ENTER_TEXT"}]}
RESULT: {}
RESULT: {"script":"<script> [776 bytes]","args":[{"enterText":"2423","selector":{"id":"createOrganizationPop--descriptionInput","searchOpenDialogs":true,"interaction":{"idSuffix":"inner"}},"clearTextFirst":true,"interactionType":"ENTER_TEXT"}]}
COMMAND: POST /session/8690b08f518c8418ef29018541b658af/element - {"using":"css selector","value":"#createOrganizationPop--siteOrg-inner"}
RESULT: {"using":"css selector","value":"#createOrganizationPop--siteOrg-inner"}
COMMAND: POST /session/8690b08f518c8418ef29018541b658af/element/f.032590EE386F29951754CC6C5B23B0CB.d.608415345E9AAA44B30FB6BB4F51845F.e.3256/clear - {}
RESULT: {}
COMMAND: POST /session/8690b08f518c8418ef29018541b658af/element/f.032590EE386F29951754CC6C5B23B0CB.d.608415345E9AAA44B30FB6BB4F51845F.e.3256/value - {"text":"2423"}
COMMAND: GET /session/8690b08f518c8418ef29018541b658af/screenshot - {}
RESULT: {"text":"2423"}
COMMAND: GET /session/8690b08f518c8418ef29018541b658af/screenshot - {}
RESULT: {}
RESULT: {}
COMMAND: POST /session/8690b08f518c8418ef29018541b658af/actions - {"actions":[{"id":"action17","type":"key","parameters":{},"actions":[{"type":"keyDown","value":"î€‡"},{"type":"pause","duration":10},{"type":"keyUp","value":"î€‡"}]}]}
RESULT: {"actions":[{"id":"action17","type":"key","parameters":{},"actions":[{"type":"keyDown","value":"î€‡"},{"type":"pause","duration":10},{"type":"keyUp","value":"î€‡"}]}]}
RESULT: undefined
COMMAND: POST /session/8690b08f518c8418ef29018541b658af/element - {"using":"xpath","value":"//*[@id=\"createOrganizationPop--giZone\"]"}
COMMAND: GET /session/8690b08f518c8418ef29018541b658af/screenshot - {}
RESULT: {"using":"xpath","value":"//*[@id=\"createOrganizationPop--giZone\"]"}
COMMAND: POST /session/8690b08f518c8418ef29018541b658af/element/f.032590EE386F29951754CC6C5B23B0CB.d.608415345E9AAA44B30FB6BB4F51845F.e.3273/click - {}
RESULT: {}
RESULT: {}
RESULT: undefined
COMMAND: POST /session/8690b08f518c8418ef29018541b658af/execute/async - {"script":"<script> [776 bytes]","args":[{"enterText":"WD-BIN","selector":{"id":"createOrganizationPop--binNoInput","searchOpenDialogs":true,"interaction":{"idSuffix":"inner"}},"clearTextFirst":true,"interactionType":"ENTER_TEXT"}]}
COMMAND: GET /session/8690b08f518c8418ef29018541b658af/screenshot - {}
RESULT: {"script":"<script> [776 bytes]","args":[{"enterText":"WD-BIN","selector":{"id":"createOrganizationPop--binNoInput","searchOpenDialogs":true,"interaction":{"idSuffix":"inner"}},"clearTextFirst":true,"interactionType":"ENTER_TEXT"}]}
RESULT: undefined
COMMAND: POST /session/8690b08f518c8418ef29018541b658af/execute/async - {"script":"<script> [776 bytes]","args":[{"enterText":"WD-BIN","selector":{"id":"createOrganizationPop--descriptionId","searchOpenDialogs":true,"interaction":{"idSuffix":"inner"}},"clearTextFirst":true,"interactionType":"ENTER_TEXT"}]}
RESULT: {}
RESULT: {"script":"<script> [776 bytes]","args":[{"enterText":"WD-BIN","selector":{"id":"createOrganizationPop--descriptionId","searchOpenDialogs":true,"interaction":{"idSuffix":"inner"}},"clearTextFirst":true,"interactionType":"ENTER_TEXT"}]}
COMMAND: POST /session/8690b08f518c8418ef29018541b658af/execute/async - {"script":"<script> [1562 bytes]","args":[{"selector":{"controlType":"sap.m.CheckBox","viewName":"etm.portal.ui.binstatusreport.view.MasterWareBins","viewId":"application-binstatusreport-display-component---warehousing","bindingPath":{"propertyPath":"/ZONE","modelName":"newBin"},"searchOpenDialogs":true,"interaction":{"idSuffix":"CbBg"}},"wdio_ui5_key":"etmportal.ui.binstatusreport.view.MasterWareBinssap.m.CheckBox{\"propertyPath\":\"/ZONE\",\"modelName\":\"newBin\"}"}]}
RESULT: {"script":"<script> [1562 bytes]","args":[{"selector":{"controlType":"sap.m.CheckBox","viewName":"etm.portal.ui.binstatusreport.view.MasterWareBins","viewId":"application-binstatusreport-display-component---warehousing","bindingPath":{"propertyPath":"/ZONE","modelName":"newBin"},"searchOpenDialogs":true,"interaction":{"idSuffix":"CbBg"}},"wdio_ui5_key":"etmportal.ui.binstatusreport.view.MasterWareBinssap.m.CheckBox{\"propertyPath\":\"/ZONE\",\"modelName\":\"newBin\"}"}]}
RESULT: undefined
COMMAND: POST /session/8690b08f518c8418ef29018541b658af/element - {"using":"xpath","value":"//*[@id=\"__box44\"]"}
RESULT: {"using":"xpath","value":"//*[@id=\"__box44\"]"}
COMMAND: POST /session/8690b08f518c8418ef29018541b658af/element/f.032590EE386F29951754CC6C5B23B0CB.d.608415345E9AAA44B30FB6BB4F51845F.e.3275/click - {}
RESULT: {}
COMMAND: GET /session/8690b08f518c8418ef29018541b658af/screenshot - {}
RESULT: {}
RESULT: undefined
COMMAND: POST /session/8690b08f518c8418ef29018541b658af/execute/async - {"script":"<script> [776 bytes]","args":[{"enterText":"1 - General / No capacity check","selector":{"id":"createOrganizationPop--binTypesCB","searchOpenDialogs":true,"interaction":{"idSuffix":"inner"}},"clearTextFirst":true,"interactionType":"ENTER_TEXT"}]}
RESULT: {"script":"<script> [776 bytes]","args":[{"enterText":"1 - General / No capacity check","selector":{"id":"createOrganizationPop--binTypesCB","searchOpenDialogs":true,"interaction":{"idSuffix":"inner"}},"clearTextFirst":true,"interactionType":"ENTER_TEXT"}]}
COMMAND: POST /session/8690b08f518c8418ef29018541b658af/execute/async - {"script":"<script> [1562 bytes]","args":[{"selector":{"id":"createOrganizationPop--capacityId","searchOpenDialogs":true,"interaction":{"idSuffix":"inner"}},"wdio_ui5_key":"createOrganizationPopcapacityId"}]}
RESULT: {"script":"<script> [1562 bytes]","args":[{"selector":{"id":"createOrganizationPop--capacityId","searchOpenDialogs":true,"interaction":{"idSuffix":"inner"}},"wdio_ui5_key":"createOrganizationPopcapacityId"}]}
RESULT: undefined
COMMAND: POST /session/8690b08f518c8418ef29018541b658af/actions - {"actions":[{"id":"action18","type":"key","parameters":{},"actions":[{"type":"keyDown","value":"î€‡"},{"type":"pause","duration":10},{"type":"keyUp","value":"î€‡"}]}]}
RESULT: {"actions":[{"id":"action18","type":"key","parameters":{},"actions":[{"type":"keyDown","value":"î€‡"},{"type":"pause","duration":10},{"type":"keyUp","value":"î€‡"}]}]}
COMMAND: GET /session/8690b08f518c8418ef29018541b658af/screenshot - {}
RESULT: {}
RESULT: undefined
COMMAND: POST /session/8690b08f518c8418ef29018541b658af/element - {"using":"xpath","value":"//*[@id=\"createOrganizationPop--finishBtn\"]"}
RESULT: {"using":"xpath","value":"//*[@id=\"createOrganizationPop--finishBtn\"]"}
COMMAND: POST /session/8690b08f518c8418ef29018541b658af/element/f.032590EE386F29951754CC6C5B23B0CB.d.608415345E9AAA44B30FB6BB4F51845F.e.3276/click - {}
RESULT: {}
COMMAND: GET /session/8690b08f518c8418ef29018541b658af/screenshot - {}
RESULT: {}
COMMAND: POST /session/8690b08f518c8418ef29018541b658af/element - {"using":"css selector","value":"#shell-header-icon"}
RESULT: {"using":"css selector","value":"#shell-header-icon"}
COMMAND: POST /session/8690b08f518c8418ef29018541b658af/execute/sync - {"script":"<script> [8489 bytes]","args":[{"element-6066-11e4-a52e-4f735466cecf":"f.032590EE386F29951754CC6C5B23B0CB.d.608415345E9AAA44B30FB6BB4F51845F.e.3106","ELEMENT":"f.032590EE386F29951754CC6C5B23B0CB.d.608415345E9AAA44B30FB6BB4F51845F.e.3106"}]}
RESULT: {"script":"<script> [8489 bytes]","args":[{"element-6066-11e4-a52e-4f735466cecf":"f.032590EE386F29951754CC6C5B23B0CB.d.608415345E9AAA44B30FB6BB4F51845F.e.3106","ELEMENT":"f.032590EE386F29951754CC6C5B23B0CB.d.608415345E9AAA44B30FB6BB4F51845F.e.3106"}]}
COMMAND: GET /session/8690b08f518c8418ef29018541b658af/element/f.032590EE386F29951754CC6C5B23B0CB.d.608415345E9AAA44B30FB6BB4F51845F.e.3106/enabled - {}
COMMAND: GET /session/8690b08f518c8418ef29018541b658af/screenshot - {}
RESULT: {}
COMMAND: POST /session/8690b08f518c8418ef29018541b658af/element/f.032590EE386F29951754CC6C5B23B0CB.d.608415345E9AAA44B30FB6BB4F51845F.e.3106/click - {}
COMMAND: GET /session/8690b08f518c8418ef29018541b658af/screenshot - {}
RESULT: {}
RESULT: {}
COMMAND: GET /session/8690b08f518c8418ef29018541b658af/screenshot - {}
RESULT: {}
RESULT: {}
]]></system-out>
    </testcase>
    <testcase classname="chrome.135_0_7049_115.windows.Stock_increase_-_with_WHM_US125587" name="create a whm for yard" time="33.936">
      <system-out><![CDATA[
COMMAND: POST /session/8690b08f518c8418ef29018541b658af/element - {"using":"xpath","value":"//div[text()='Warehouse']"}
RESULT: {"using":"xpath","value":"//div[text()='Warehouse']"}
COMMAND: POST /session/8690b08f518c8418ef29018541b658af/elements - {"using":"xpath","value":"//div[text()='Warehouse']"}
RESULT: {"using":"xpath","value":"//div[text()='Warehouse']"}
COMMAND: POST /session/8690b08f518c8418ef29018541b658af/element/f.032590EE386F29951754CC6C5B23B0CB.d.608415345E9AAA44B30FB6BB4F51845F.e.3107/click - {}
RESULT: {}
COMMAND: POST /session/8690b08f518c8418ef29018541b658af/element - {"using":"xpath","value":"//span[text()='Manage Warehouse Movements']"}
COMMAND: GET /session/8690b08f518c8418ef29018541b658af/screenshot - {}
RESULT: {"using":"xpath","value":"//span[text()='Manage Warehouse Movements']"}
COMMAND: POST /session/8690b08f518c8418ef29018541b658af/elements - {"using":"xpath","value":"//span[text()='Manage Warehouse Movements']"}
RESULT: {}
RESULT: {"using":"xpath","value":"//span[text()='Manage Warehouse Movements']"}
COMMAND: POST /session/8690b08f518c8418ef29018541b658af/element - {"using":"xpath","value":"//input[@id='application-warehousemovements-display-component---warehouseMovements--smartFilterBar-filterItemControl_BASIC-YARD-inner']"}
RESULT: {"using":"xpath","value":"//input[@id='application-warehousemovements-display-component---warehouseMovements--smartFilterBar-filterItemControl_BASIC-YARD-inner']"}
COMMAND: POST /session/8690b08f518c8418ef29018541b658af/element - {"using":"xpath","value":"//input[@id='application-warehousemovements-display-component---warehouseMovements--smartFilterBar-filterItemControl_BASIC-YARD-inner']"}
RESULT: {"using":"xpath","value":"//input[@id='application-warehousemovements-display-component---warehouseMovements--smartFilterBar-filterItemControl_BASIC-YARD-inner']"}
COMMAND: POST /session/8690b08f518c8418ef29018541b658af/actions - {"actions":[{"id":"action19","type":"key","parameters":{},"actions":[{"type":"keyDown","value":"î€‡"},{"type":"pause","duration":10},{"type":"keyUp","value":"î€‡"}]}]}
RESULT: {"actions":[{"id":"action19","type":"key","parameters":{},"actions":[{"type":"keyDown","value":"î€‡"},{"type":"pause","duration":10},{"type":"keyUp","value":"î€‡"}]}]}
COMMAND: POST /session/8690b08f518c8418ef29018541b658af/element - {"using":"xpath","value":"(//*[@title=\"Add New Movement\"])[1]"}
COMMAND: GET /session/8690b08f518c8418ef29018541b658af/screenshot - {}
RESULT: {"using":"xpath","value":"(//*[@title=\"Add New Movement\"])[1]"}
COMMAND: POST /session/8690b08f518c8418ef29018541b658af/element - {"using":"xpath","value":"(//*[@title=\"Add New Movement\"])[1]"}
RESULT: {}
RESULT: {"using":"xpath","value":"(//*[@title=\"Add New Movement\"])[1]"}
COMMAND: POST /session/8690b08f518c8418ef29018541b658af/element - {"using":"xpath","value":"//*[@id=\"application-warehousemovements-display-component---addMovement--sectionsList-arrow\"]"}
RESULT: {"using":"xpath","value":"//*[@id=\"application-warehousemovements-display-component---addMovement--sectionsList-arrow\"]"}
COMMAND: POST /session/8690b08f518c8418ef29018541b658af/element - {"using":"xpath","value":"//*[@id=\"application-warehousemovements-display-component---addMovement--sectionsList-arrow\"]"}
RESULT: {"using":"xpath","value":"//*[@id=\"application-warehousemovements-display-component---addMovement--sectionsList-arrow\"]"}
COMMAND: POST /session/8690b08f518c8418ef29018541b658af/element - {"using":"xpath","value":"//*[@id=\"application-warehousemovements-display-component---addMovement--saveMovementBtn-BDI-content\" and text()=\"Save\"]"}
RESULT: {"using":"xpath","value":"//*[@id=\"application-warehousemovements-display-component---addMovement--saveMovementBtn-BDI-content\" and text()=\"Save\"]"}
COMMAND: POST /session/8690b08f518c8418ef29018541b658af/element - {"using":"xpath","value":"//*[@id=\"application-warehousemovements-display-component---addMovement--saveMovementBtn-BDI-content\" and text()=\"Save\"]"}
RESULT: {"using":"xpath","value":"//*[@id=\"application-warehousemovements-display-component---addMovement--saveMovementBtn-BDI-content\" and text()=\"Save\"]"}
COMMAND: POST /session/8690b08f518c8418ef29018541b658af/element - {"using":"css selector","value":"#shell-header-icon"}
RESULT: {"using":"css selector","value":"#shell-header-icon"}
COMMAND: POST /session/8690b08f518c8418ef29018541b658af/execute/sync - {"script":"<script> [8489 bytes]","args":[{"element-6066-11e4-a52e-4f735466cecf":"f.032590EE386F29951754CC6C5B23B0CB.d.608415345E9AAA44B30FB6BB4F51845F.e.3278","ELEMENT":"f.032590EE386F29951754CC6C5B23B0CB.d.608415345E9AAA44B30FB6BB4F51845F.e.3278"}]}
RESULT: {"script":"<script> [8489 bytes]","args":[{"element-6066-11e4-a52e-4f735466cecf":"f.032590EE386F29951754CC6C5B23B0CB.d.608415345E9AAA44B30FB6BB4F51845F.e.3278","ELEMENT":"f.032590EE386F29951754CC6C5B23B0CB.d.608415345E9AAA44B30FB6BB4F51845F.e.3278"}]}
COMMAND: GET /session/8690b08f518c8418ef29018541b658af/element/f.032590EE386F29951754CC6C5B23B0CB.d.608415345E9AAA44B30FB6BB4F51845F.e.3278/enabled - {}
COMMAND: GET /session/8690b08f518c8418ef29018541b658af/screenshot - {}
RESULT: {}
COMMAND: POST /session/8690b08f518c8418ef29018541b658af/element/f.032590EE386F29951754CC6C5B23B0CB.d.608415345E9AAA44B30FB6BB4F51845F.e.3278/click - {}
COMMAND: GET /session/8690b08f518c8418ef29018541b658af/screenshot - {}
RESULT: {}
RESULT: {}
COMMAND: GET /session/8690b08f518c8418ef29018541b658af/screenshot - {}
RESULT: {}
RESULT: {}
]]></system-out>
    </testcase>
    <testcase classname="chrome.135_0_7049_115.windows.Stock_increase_-_with_WHM_US125587" name="Should do a stock increase handover" time="83.163">
      <system-out><![CDATA[
COMMAND: POST /session/8690b08f518c8418ef29018541b658af/execute/async - {"script":"<script> [1562 bytes]","args":[{"selector":{"controlType":"sap.m.Text","viewName":"etm.portal.ui.managehandoverstile.view.Master","properties":{"text":"Manage Handovers"},"interaction":{"idSuffix":"inner"}},"wdio_ui5_key":"etmportal.ui.managehandoverstile.view.Mastersap.m.Text{\"text\":\"Manage Handovers\"}"}]}
RESULT: {"script":"<script> [1562 bytes]","args":[{"selector":{"controlType":"sap.m.Text","viewName":"etm.portal.ui.managehandoverstile.view.Master","properties":{"text":"Manage Handovers"},"interaction":{"idSuffix":"inner"}},"wdio_ui5_key":"etmportal.ui.managehandoverstile.view.Mastersap.m.Text{\"text\":\"Manage Handovers\"}"}]}
RESULT: undefined
COMMAND: POST /session/8690b08f518c8418ef29018541b658af/element - {"using":"xpath","value":"//*[@id=\"__tile131-title\"]"}
RESULT: {"using":"xpath","value":"//*[@id=\"__tile131-title\"]"}
COMMAND: POST /session/8690b08f518c8418ef29018541b658af/element/f.032590EE386F29951754CC6C5B23B0CB.d.608415345E9AAA44B30FB6BB4F51845F.e.3281/click - {}
RESULT: {}
COMMAND: GET /session/8690b08f518c8418ef29018541b658af/screenshot - {}
RESULT: {}
COMMAND: POST /session/8690b08f518c8418ef29018541b658af/execute/async - {"script":"<script> [1562 bytes]","args":[{"selector":{"controlType":"sap.ui.core.Icon","viewName":"etm.portal.ui.managehandovers.view.MasterHO","properties":{"src":{"regex":{"source":"add"}}}},"wdio_ui5_key":"etmportal.ui.managehandovers.view.MasterHOsap.ui.core.Icon{\"src\":{\"regex\":{\"source\":\"add\"}}}"}]}
RESULT: {"script":"<script> [1562 bytes]","args":[{"selector":{"controlType":"sap.ui.core.Icon","viewName":"etm.portal.ui.managehandovers.view.MasterHO","properties":{"src":{"regex":{"source":"add"}}}},"wdio_ui5_key":"etmportal.ui.managehandovers.view.MasterHOsap.ui.core.Icon{\"src\":{\"regex\":{\"source\":\"add\"}}}"}]}
RESULT: undefined
COMMAND: POST /session/8690b08f518c8418ef29018541b658af/element - {"using":"xpath","value":"//*[@id=\"__button179-img\"]"}
RESULT: {"using":"xpath","value":"//*[@id=\"__button179-img\"]"}
COMMAND: POST /session/8690b08f518c8418ef29018541b658af/element/f.032590EE386F29951754CC6C5B23B0CB.d.608415345E9AAA44B30FB6BB4F51845F.e.3322/click - {}
RESULT: {}
COMMAND: GET /session/8690b08f518c8418ef29018541b658af/screenshot - {}
RESULT: {}
COMMAND: POST /session/8690b08f518c8418ef29018541b658af/execute/async - {"script":"<script> [1562 bytes]","args":[{"selector":{"id":"application-managehandovers-display-component---AddNewHO--typeSelect","interaction":{"idSuffix":"arrow"}},"wdio_ui5_key":"applicationmanagehandovers-display-component---AddNewHO--typeSelect"}]}
RESULT: {"script":"<script> [1562 bytes]","args":[{"selector":{"id":"application-managehandovers-display-component---AddNewHO--typeSelect","interaction":{"idSuffix":"arrow"}},"wdio_ui5_key":"applicationmanagehandovers-display-component---AddNewHO--typeSelect"}]}
RESULT: undefined
COMMAND: POST /session/8690b08f518c8418ef29018541b658af/element - {"using":"xpath","value":"//*[@id=\"application-managehandovers-display-component---AddNewHO--typeSelect\"]"}
RESULT: {"using":"xpath","value":"//*[@id=\"application-managehandovers-display-component---AddNewHO--typeSelect\"]"}
COMMAND: POST /session/8690b08f518c8418ef29018541b658af/element/f.032590EE386F29951754CC6C5B23B0CB.d.608415345E9AAA44B30FB6BB4F51845F.e.3667/click - {}
RESULT: {}
COMMAND: POST /session/8690b08f518c8418ef29018541b658af/execute/async - {"script":"<script> [1562 bytes]","args":[{"selector":{"controlType":"sap.ui.core.Item","viewName":"etm.portal.ui.managehandovers.view.AddNewHO","viewId":"application-managehandovers-display-component---AddNewHO","bindingPath":{"path":"/HandOverTypes('100')","propertyPath":"ID","modelName":"catalogModel"},"searchOpenDialogs":true},"wdio_ui5_key":"etmportal.ui.managehandovers.view.AddNewHOsap.ui.core.Item{\"path\":\"/HandOverTypes('100')\",\"propertyPath\":\"ID\",\"modelName\":\"catalogModel\"}"}]}
COMMAND: GET /session/8690b08f518c8418ef29018541b658af/screenshot - {}
RESULT: {"script":"<script> [1562 bytes]","args":[{"selector":{"controlType":"sap.ui.core.Item","viewName":"etm.portal.ui.managehandovers.view.AddNewHO","viewId":"application-managehandovers-display-component---AddNewHO","bindingPath":{"path":"/HandOverTypes('100')","propertyPath":"ID","modelName":"catalogModel"},"searchOpenDialogs":true},"wdio_ui5_key":"etmportal.ui.managehandovers.view.AddNewHOsap.ui.core.Item{\"path\":\"/HandOverTypes('100')\",\"propertyPath\":\"ID\",\"modelName\":\"catalogModel\"}"}]}
RESULT: undefined
COMMAND: POST /session/8690b08f518c8418ef29018541b658af/element - {"using":"xpath","value":"//*[@id=\"__item1906-application-managehandovers-display-component---AddNewHO--typeSelect-1\"]"}
RESULT: {}
RESULT: {"using":"xpath","value":"//*[@id=\"__item1906-application-managehandovers-display-component---AddNewHO--typeSelect-1\"]"}
COMMAND: POST /session/8690b08f518c8418ef29018541b658af/element/f.032590EE386F29951754CC6C5B23B0CB.d.608415345E9AAA44B30FB6BB4F51845F.e.3668/click - {}
RESULT: {}
COMMAND: POST /session/8690b08f518c8418ef29018541b658af/element - {"using":"css selector","value":"#application-managehandovers-display-component---AddNewHO--oneStep-CB"}
COMMAND: GET /session/8690b08f518c8418ef29018541b658af/screenshot - {}
RESULT: {"using":"css selector","value":"#application-managehandovers-display-component---AddNewHO--oneStep-CB"}
COMMAND: POST /session/8690b08f518c8418ef29018541b658af/execute/sync - {"script":"<script> [8489 bytes]","args":[{"element-6066-11e4-a52e-4f735466cecf":"f.032590EE386F29951754CC6C5B23B0CB.d.608415345E9AAA44B30FB6BB4F51845F.e.3676","ELEMENT":"f.032590EE386F29951754CC6C5B23B0CB.d.608415345E9AAA44B30FB6BB4F51845F.e.3676"}]}
RESULT: {}
RESULT: {"script":"<script> [8489 bytes]","args":[{"element-6066-11e4-a52e-4f735466cecf":"f.032590EE386F29951754CC6C5B23B0CB.d.608415345E9AAA44B30FB6BB4F51845F.e.3676","ELEMENT":"f.032590EE386F29951754CC6C5B23B0CB.d.608415345E9AAA44B30FB6BB4F51845F.e.3676"}]}
COMMAND: GET /session/8690b08f518c8418ef29018541b658af/screenshot - {}
RESULT: {}
COMMAND: POST /session/8690b08f518c8418ef29018541b658af/element - {"using":"css selector","value":"input[id=\"generalSectionFrg--receiveYard-inner\"]"}
RESULT: {"using":"css selector","value":"input[id=\"generalSectionFrg--receiveYard-inner\"]"}
COMMAND: POST /session/8690b08f518c8418ef29018541b658af/element/f.032590EE386F29951754CC6C5B23B0CB.d.608415345E9AAA44B30FB6BB4F51845F.e.3678/clear - {}
RESULT: {}
COMMAND: POST /session/8690b08f518c8418ef29018541b658af/element/f.032590EE386F29951754CC6C5B23B0CB.d.608415345E9AAA44B30FB6BB4F51845F.e.3678/value - {"text":"589"}
COMMAND: GET /session/8690b08f518c8418ef29018541b658af/screenshot - {}
RESULT: {"text":"589"}
COMMAND: GET /session/8690b08f518c8418ef29018541b658af/screenshot - {}
RESULT: {}
RESULT: {}
COMMAND: POST /session/8690b08f518c8418ef29018541b658af/element - {"using":"css selector","value":"#application-managehandovers-display-component---AddNewHO--dueDate-inner"}
RESULT: {"using":"css selector","value":"#application-managehandovers-display-component---AddNewHO--dueDate-inner"}
COMMAND: POST /session/8690b08f518c8418ef29018541b658af/element/f.032590EE386F29951754CC6C5B23B0CB.d.608415345E9AAA44B30FB6BB4F51845F.e.3672/clear - {}
RESULT: {}
COMMAND: POST /session/8690b08f518c8418ef29018541b658af/element/f.032590EE386F29951754CC6C5B23B0CB.d.608415345E9AAA44B30FB6BB4F51845F.e.3672/value - {"text":"5/5/25"}
COMMAND: GET /session/8690b08f518c8418ef29018541b658af/screenshot - {}
RESULT: {"text":"5/5/25"}
COMMAND: GET /session/8690b08f518c8418ef29018541b658af/screenshot - {}
RESULT: {}
RESULT: {}
COMMAND: POST /session/8690b08f518c8418ef29018541b658af/element - {"using":"xpath","value":"//bdi[(text() = 'Items' or . = 'Items')]"}
RESULT: {"using":"xpath","value":"//bdi[(text() = 'Items' or . = 'Items')]"}
COMMAND: POST /session/8690b08f518c8418ef29018541b658af/element/f.032590EE386F29951754CC6C5B23B0CB.d.608415345E9AAA44B30FB6BB4F51845F.e.3694/click - {}
RESULT: {}
COMMAND: GET /session/8690b08f518c8418ef29018541b658af/screenshot - {}
RESULT: {}
COMMAND: POST /session/8690b08f518c8418ef29018541b658af/element - {"using":"xpath","value":"//button[@aria-label=\"Add\"]"}
RESULT: {"using":"xpath","value":"//button[@aria-label=\"Add\"]"}
COMMAND: POST /session/8690b08f518c8418ef29018541b658af/element/f.032590EE386F29951754CC6C5B23B0CB.d.608415345E9AAA44B30FB6BB4F51845F.e.3699/click - {}
RESULT: {}
COMMAND: GET /session/8690b08f518c8418ef29018541b658af/screenshot - {}
RESULT: {}
COMMAND: POST /session/8690b08f518c8418ef29018541b658af/element - {"using":"css selector","value":"input[id= \"application-managehandovers-display-component---AddNewHO--smartFilterBar-btnBasicSearch-I\"]"}
RESULT: {"using":"css selector","value":"input[id= \"application-managehandovers-display-component---AddNewHO--smartFilterBar-btnBasicSearch-I\"]"}
COMMAND: POST /session/8690b08f518c8418ef29018541b658af/element/f.032590EE386F29951754CC6C5B23B0CB.d.608415345E9AAA44B30FB6BB4F51845F.e.3703/clear - {}
RESULT: {}
COMMAND: POST /session/8690b08f518c8418ef29018541b658af/element/f.032590EE386F29951754CC6C5B23B0CB.d.608415345E9AAA44B30FB6BB4F51845F.e.3703/value - {"text":"200326"}
COMMAND: GET /session/8690b08f518c8418ef29018541b658af/screenshot - {}
RESULT: {"text":"200326"}
COMMAND: POST /session/8690b08f518c8418ef29018541b658af/actions - {"actions":[{"id":"action20","type":"key","parameters":{},"actions":[{"type":"keyDown","value":"î€‡"},{"type":"pause","duration":10},{"type":"keyUp","value":"î€‡"}]}]}
COMMAND: GET /session/8690b08f518c8418ef29018541b658af/screenshot - {}
RESULT: {}
RESULT: {"actions":[{"id":"action20","type":"key","parameters":{},"actions":[{"type":"keyDown","value":"î€‡"},{"type":"pause","duration":10},{"type":"keyUp","value":"î€‡"}]}]}
COMMAND: POST /session/8690b08f518c8418ef29018541b658af/element - {"using":"css selector","value":"div[id= \"application-managehandovers-display-component---AddNewHO--smartFilterBar-btnBasicSearch-search\"]"}
COMMAND: GET /session/8690b08f518c8418ef29018541b658af/screenshot - {}
RESULT: {}
RESULT: {"using":"css selector","value":"div[id= \"application-managehandovers-display-component---AddNewHO--smartFilterBar-btnBasicSearch-search\"]"}
COMMAND: POST /session/8690b08f518c8418ef29018541b658af/element/f.032590EE386F29951754CC6C5B23B0CB.d.608415345E9AAA44B30FB6BB4F51845F.e.3852/click - {}
RESULT: {}
RESULT: {}
COMMAND: GET /session/8690b08f518c8418ef29018541b658af/screenshot - {}
RESULT: {}
COMMAND: POST /session/8690b08f518c8418ef29018541b658af/element - {"using":"css selector","value":"div[id= \"application-managehandovers-display-component---AddNewHO--popup-sa-CbBg\"]"}
RESULT: {"using":"css selector","value":"div[id= \"application-managehandovers-display-component---AddNewHO--popup-sa-CbBg\"]"}
COMMAND: POST /session/8690b08f518c8418ef29018541b658af/element/f.032590EE386F29951754CC6C5B23B0CB.d.608415345E9AAA44B30FB6BB4F51845F.e.3853/click - {}
RESULT: {}
COMMAND: POST /session/8690b08f518c8418ef29018541b658af/element - {"using":"xpath","value":"//bdi[(text() = 'Select' or . = 'Select')]"}
COMMAND: GET /session/8690b08f518c8418ef29018541b658af/screenshot - {}
RESULT: {"using":"xpath","value":"//bdi[(text() = 'Select' or . = 'Select')]"}
COMMAND: POST /session/8690b08f518c8418ef29018541b658af/element/f.032590EE386F29951754CC6C5B23B0CB.d.608415345E9AAA44B30FB6BB4F51845F.e.3854/click - {}
RESULT: {}
RESULT: {}
COMMAND: GET /session/8690b08f518c8418ef29018541b658af/screenshot - {}
RESULT: {}
COMMAND: POST /session/8690b08f518c8418ef29018541b658af/element - {"using":"xpath","value":"//bdi[(text() = 'Save' or . = 'Save')]"}
RESULT: {"using":"xpath","value":"//bdi[(text() = 'Save' or . = 'Save')]"}
COMMAND: POST /session/8690b08f518c8418ef29018541b658af/element/f.032590EE386F29951754CC6C5B23B0CB.d.608415345E9AAA44B30FB6BB4F51845F.e.3858/click - {}
RESULT: {}
COMMAND: GET /session/8690b08f518c8418ef29018541b658af/screenshot - {}
RESULT: {}
COMMAND: POST /session/8690b08f518c8418ef29018541b658af/element - {"using":"xpath","value":"//input[contains(@id ,\"receiptDatePicker-inner\")]"}
RESULT: {"using":"xpath","value":"//input[contains(@id ,\"receiptDatePicker-inner\")]"}
COMMAND: POST /session/8690b08f518c8418ef29018541b658af/element/f.032590EE386F29951754CC6C5B23B0CB.d.608415345E9AAA44B30FB6BB4F51845F.e.3874/click - {}
RESULT: {}
COMMAND: POST /session/8690b08f518c8418ef29018541b658af/element - {"using":"xpath","value":"//input[contains(@id ,\"receiptDatePicker-inner\")]"}
COMMAND: GET /session/8690b08f518c8418ef29018541b658af/screenshot - {}
RESULT: {"using":"xpath","value":"//input[contains(@id ,\"receiptDatePicker-inner\")]"}
COMMAND: POST /session/8690b08f518c8418ef29018541b658af/element/f.032590EE386F29951754CC6C5B23B0CB.d.608415345E9AAA44B30FB6BB4F51845F.e.3874/clear - {}
RESULT: {}
RESULT: {}
COMMAND: POST /session/8690b08f518c8418ef29018541b658af/element/f.032590EE386F29951754CC6C5B23B0CB.d.608415345E9AAA44B30FB6BB4F51845F.e.3874/value - {"text":"5/5/25"}
COMMAND: GET /session/8690b08f518c8418ef29018541b658af/screenshot - {}
RESULT: {"text":"5/5/25"}
COMMAND: GET /session/8690b08f518c8418ef29018541b658af/screenshot - {}
RESULT: {}
RESULT: {}
COMMAND: POST /session/8690b08f518c8418ef29018541b658af/execute/async - {"script":"<script> [1562 bytes]","args":[{"selector":{"id":"administrationTabFilter","viewName":"etm.portal.ui.managehandovers.view.DetailExecuteHO","interaction":{"idSuffix":"text"}},"wdio_ui5_key":"administrationTabFilteretmportal.ui.managehandovers.view.DetailExecuteHO"}]}
RESULT: {"script":"<script> [1562 bytes]","args":[{"selector":{"id":"administrationTabFilter","viewName":"etm.portal.ui.managehandovers.view.DetailExecuteHO","interaction":{"idSuffix":"text"}},"wdio_ui5_key":"administrationTabFilteretmportal.ui.managehandovers.view.DetailExecuteHO"}]}
RESULT: undefined
COMMAND: POST /session/8690b08f518c8418ef29018541b658af/element - {"using":"xpath","value":"//*[@id=\"__xmlview61--administrationTabFilter\"]"}
RESULT: {"using":"xpath","value":"//*[@id=\"__xmlview61--administrationTabFilter\"]"}
COMMAND: POST /session/8690b08f518c8418ef29018541b658af/element/f.032590EE386F29951754CC6C5B23B0CB.d.608415345E9AAA44B30FB6BB4F51845F.e.3900/click - {}
RESULT: {}
RESULT: undefined
COMMAND: POST /session/8690b08f518c8418ef29018541b658af/element - {"using":"xpath","value":"//*[@id=\"__xmlview61--administrationTabFilter\"]"}
COMMAND: GET /session/8690b08f518c8418ef29018541b658af/screenshot - {}
RESULT: {"using":"xpath","value":"//*[@id=\"__xmlview61--administrationTabFilter\"]"}
COMMAND: POST /session/8690b08f518c8418ef29018541b658af/element/f.032590EE386F29951754CC6C5B23B0CB.d.608415345E9AAA44B30FB6BB4F51845F.e.3900/click - {}
RESULT: {}
RESULT: {}
COMMAND: GET /session/8690b08f518c8418ef29018541b658af/screenshot - {}
RESULT: {}
COMMAND: POST /session/8690b08f518c8418ef29018541b658af/element - {"using":"xpath","value":"//bdi[(text() = 'Confirm' or . = 'Confirm')]"}
RESULT: {"using":"xpath","value":"//bdi[(text() = 'Confirm' or . = 'Confirm')]"}
COMMAND: POST /session/8690b08f518c8418ef29018541b658af/element/f.032590EE386F29951754CC6C5B23B0CB.d.608415345E9AAA44B30FB6BB4F51845F.e.3911/click - {}
RESULT: {}
COMMAND: GET /session/8690b08f518c8418ef29018541b658af/screenshot - {}
RESULT: {}
COMMAND: POST /session/8690b08f518c8418ef29018541b658af/execute/async - {"script":"<script> [1562 bytes]","args":[{"selector":{"id":"confirmationButton","viewName":"etm.portal.ui.managehandovers.view.DetailExecuteHO","interaction":{"idSuffix":"BDI-content"}},"wdio_ui5_key":"confirmationButtonetmportal.ui.managehandovers.view.DetailExecuteHO"}]}
RESULT: {"script":"<script> [1562 bytes]","args":[{"selector":{"id":"confirmationButton","viewName":"etm.portal.ui.managehandovers.view.DetailExecuteHO","interaction":{"idSuffix":"BDI-content"}},"wdio_ui5_key":"confirmationButtonetmportal.ui.managehandovers.view.DetailExecuteHO"}]}
RESULT: undefined
COMMAND: POST /session/8690b08f518c8418ef29018541b658af/element - {"using":"css selector","value":"bdi[aria-live=\"off\"][text=\"Close\"]"}
RESULT: {"using":"css selector","value":"bdi[aria-live=\"off\"][text=\"Close\"]"}
COMMAND: POST /session/8690b08f518c8418ef29018541b658af/element - {"using":"css selector","value":"bdi[aria-live=\"off\"][text=\"Close\"]"}
RESULT: {"using":"css selector","value":"bdi[aria-live=\"off\"][text=\"Close\"]"}
COMMAND: POST /session/8690b08f518c8418ef29018541b658af/element - {"using":"css selector","value":"#shell-header-logo"}
RESULT: {"using":"css selector","value":"#shell-header-logo"}
COMMAND: POST /session/8690b08f518c8418ef29018541b658af/element/f.032590EE386F29951754CC6C5B23B0CB.d.608415345E9AAA44B30FB6BB4F51845F.e.3285/click - {}
RESULT: {}
COMMAND: GET /session/8690b08f518c8418ef29018541b658af/screenshot - {}
RESULT: {}
COMMAND: POST /session/8690b08f518c8418ef29018541b658af/element - {"using":"css selector","value":"#j_username"}
COMMAND: POST /session/8690b08f518c8418ef29018541b658af/url - {"url":"https://qa-testing-00-live-etm-ui.cfapps.eu10-004.hana.ondemand.com/"}
RESULT: {"using":"css selector","value":"#j_username"}
COMMAND: POST /session/8690b08f518c8418ef29018541b658af/element - {"using":"css selector","value":"#j_username"}
RESULT: {"url":"https://qa-testing-00-live-etm-ui.cfapps.eu10-004.hana.ondemand.com/"}
RESULT: undefined
COMMAND: GET /session/8690b08f518c8418ef29018541b658af/screenshot - {}
RESULT: {"using":"css selector","value":"#j_username"}
COMMAND: POST /session/8690b08f518c8418ef29018541b658af/element - {"using":"css selector","value":"#shell-header-logo"}
RESULT: {}
RESULT: {"using":"css selector","value":"#shell-header-logo"}
COMMAND: POST /session/8690b08f518c8418ef29018541b658af/execute/sync - {"script":"<script> [8489 bytes]","args":[{"element-6066-11e4-a52e-4f735466cecf":"f.032590EE386F29951754CC6C5B23B0CB.d.4D04F6EC5C41005B0AA7EEEE4A8028DA.e.3927","ELEMENT":"f.032590EE386F29951754CC6C5B23B0CB.d.4D04F6EC5C41005B0AA7EEEE4A8028DA.e.3927"}]}
RESULT: {"script":"<script> [8489 bytes]","args":[{"element-6066-11e4-a52e-4f735466cecf":"f.032590EE386F29951754CC6C5B23B0CB.d.4D04F6EC5C41005B0AA7EEEE4A8028DA.e.3927","ELEMENT":"f.032590EE386F29951754CC6C5B23B0CB.d.4D04F6EC5C41005B0AA7EEEE4A8028DA.e.3927"}]}
COMMAND: POST /session/8690b08f518c8418ef29018541b658af/element - {"using":"css selector","value":"#shell-header-logo"}
COMMAND: GET /session/8690b08f518c8418ef29018541b658af/screenshot - {}
RESULT: {"using":"css selector","value":"#shell-header-logo"}
COMMAND: POST /session/8690b08f518c8418ef29018541b658af/execute/sync - {"script":"<script> [8489 bytes]","args":[{"element-6066-11e4-a52e-4f735466cecf":"f.032590EE386F29951754CC6C5B23B0CB.d.4D04F6EC5C41005B0AA7EEEE4A8028DA.e.3927","ELEMENT":"f.032590EE386F29951754CC6C5B23B0CB.d.4D04F6EC5C41005B0AA7EEEE4A8028DA.e.3927"}]}
RESULT: {}
RESULT: {"script":"<script> [8489 bytes]","args":[{"element-6066-11e4-a52e-4f735466cecf":"f.032590EE386F29951754CC6C5B23B0CB.d.4D04F6EC5C41005B0AA7EEEE4A8028DA.e.3927","ELEMENT":"f.032590EE386F29951754CC6C5B23B0CB.d.4D04F6EC5C41005B0AA7EEEE4A8028DA.e.3927"}]}
COMMAND: POST /session/8690b08f518c8418ef29018541b658af/execute/sync - {"script":"<script> [5351 bytes]","args":[{"element-6066-11e4-a52e-4f735466cecf":"f.032590EE386F29951754CC6C5B23B0CB.d.4D04F6EC5C41005B0AA7EEEE4A8028DA.e.3927","ELEMENT":"f.032590EE386F29951754CC6C5B23B0CB.d.4D04F6EC5C41005B0AA7EEEE4A8028DA.e.3927"}]}
COMMAND: GET /session/8690b08f518c8418ef29018541b658af/screenshot - {}
RESULT: {"script":"<script> [5351 bytes]","args":[{"element-6066-11e4-a52e-4f735466cecf":"f.032590EE386F29951754CC6C5B23B0CB.d.4D04F6EC5C41005B0AA7EEEE4A8028DA.e.3927","ELEMENT":"f.032590EE386F29951754CC6C5B23B0CB.d.4D04F6EC5C41005B0AA7EEEE4A8028DA.e.3927"}]}
COMMAND: POST /session/8690b08f518c8418ef29018541b658af/element - {"using":"css selector","value":"#shell-header-logo"}
COMMAND: GET /session/8690b08f518c8418ef29018541b658af/screenshot - {}
RESULT: {}
RESULT: {"using":"css selector","value":"#shell-header-logo"}
COMMAND: POST /session/8690b08f518c8418ef29018541b658af/element/f.032590EE386F29951754CC6C5B23B0CB.d.4D04F6EC5C41005B0AA7EEEE4A8028DA.e.3927/click - {}
RESULT: {}
RESULT: {}
COMMAND: GET /session/8690b08f518c8418ef29018541b658af/screenshot - {}
RESULT: {}
COMMAND: POST /session/8690b08f518c8418ef29018541b658af/execute/async - {"script":"<script> [189 bytes]","args":[]}
RESULT: {"script":"<script> [189 bytes]","args":[]}
COMMAND: POST /session/8690b08f518c8418ef29018541b658af/execute/async - {"script":"<script> [123 bytes]","args":[]}
RESULT: {"script":"<script> [123 bytes]","args":[]}
COMMAND: POST /session/8690b08f518c8418ef29018541b658af/timeouts - {"script":"<number>"}
RESULT: {"script":"<number>"}
COMMAND: GET /session/8690b08f518c8418ef29018541b658af/timeouts - {}
RESULT: {}
RESULT: undefined
COMMAND: POST /session/8690b08f518c8418ef29018541b658af/execute/async - {"script":"<script> [2676 bytes]","args":[]}
RESULT: {"script":"<script> [2676 bytes]","args":[]}
COMMAND: POST /session/8690b08f518c8418ef29018541b658af/execute/async - {"script":"<script> [2342 bytes]","args":[{"protocol":"http","hostname":"0.0.0.0","path":"/","capabilities":{"browserName":"chrome","goog:chromeOptions":{"binary":"C:\\Program Files\\Google\\Chrome\\Application\\chrome.exe","args":["--start-maximized"]}},"logLevel":"warn","connectionRetryTimeout":120000,"connectionRetryCount":3,"logLevels":{},"enableDirectConnect":true,"strictSSL":true,"_":"65 more keys: [\"cacheDir\",\"port\",\"requestedCapabilities\",\"automationProtocol\",\"baseUrl\",\"waitforInterval\",\"waitforTimeout\",\"onReload\",\"beforeCommand\",\"afterCommand\",\"rootDir\",\"specs\",\"suites\",\"exclude\",\"groupLogsByTestSpec\",\"excludeDriverLogs\",\"bail\",\"framework\",\"reporters\",\"services\",\"maxInstances\",\"maxInstancesPerCapability\",\"injectGlobals\",\"filesToWatch\",\"execArgv\",\"runnerEnv\",\"runner\",\"shard\",\"specFileRetries\",\"specFileRetriesDelay\",\"specFileRetriesDeferred\",\"reporterSyncInterval\",\"reporterSyncTimeout\",\"cucumberFeaturesWithLineNumbers\",\"autoCompileOpts\",\"mochaOpts\",\"jasmineOpts\",\"cucumberOpts\",\"onPrepare\",\"onWorkerStart\",\"onWorkerEnd\",\"before\",\"beforeSession\",\"beforeSuite\",\"beforeHook\",\"beforeTest\",\"afterTest\",\"afterHook\",\"afterSuite\",\"afterSession\",\"after\",\"onComplete\",\"beforeAssertion\",\"afterAssertion\",\"beforeFeature\",\"beforeScenario\",\"beforeStep\",\"afterStep\",\"afterScenario\",\"afterFeature\",\"_\",\"suite\",\"$0\",\"ignoredWorkerServices\",\"wdi5\"]"}]}
RESULT: {"script":"<script> [2342 bytes]","args":[{"protocol":"http","hostname":"0.0.0.0","path":"/","capabilities":{"browserName":"chrome","goog:chromeOptions":{"binary":"C:\\Program Files\\Google\\Chrome\\Application\\chrome.exe","args":["--start-maximized"]}},"logLevel":"warn","connectionRetryTimeout":120000,"connectionRetryCount":3,"logLevels":{},"enableDirectConnect":true,"strictSSL":true,"_":"65 more keys: [\"cacheDir\",\"port\",\"requestedCapabilities\",\"automationProtocol\",\"baseUrl\",\"waitforInterval\",\"waitforTimeout\",\"onReload\",\"beforeCommand\",\"afterCommand\",\"rootDir\",\"specs\",\"suites\",\"exclude\",\"groupLogsByTestSpec\",\"excludeDriverLogs\",\"bail\",\"framework\",\"reporters\",\"services\",\"maxInstances\",\"maxInstancesPerCapability\",\"injectGlobals\",\"filesToWatch\",\"execArgv\",\"runnerEnv\",\"runner\",\"shard\",\"specFileRetries\",\"specFileRetriesDelay\",\"specFileRetriesDeferred\",\"reporterSyncInterval\",\"reporterSyncTimeout\",\"cucumberFeaturesWithLineNumbers\",\"autoCompileOpts\",\"mochaOpts\",\"jasmineOpts\",\"cucumberOpts\",\"onPrepare\",\"onWorkerStart\",\"onWorkerEnd\",\"before\",\"beforeSession\",\"beforeSuite\",\"beforeHook\",\"beforeTest\",\"afterTest\",\"afterHook\",\"afterSuite\",\"afterSession\",\"after\",\"onComplete\",\"beforeAssertion\",\"afterAssertion\",\"beforeFeature\",\"beforeScenario\",\"beforeStep\",\"afterStep\",\"afterScenario\",\"afterFeature\",\"_\",\"suite\",\"$0\",\"ignoredWorkerServices\",\"wdi5\"]"}]}
COMMAND: POST /session/8690b08f518c8418ef29018541b658af/execute/async - {"script":"<script> [21126 bytes]","args":[35000]}
RESULT: {"script":"<script> [21126 bytes]","args":[35000]}
COMMAND: POST /session/8690b08f518c8418ef29018541b658af/window/maximize - {}
RESULT: {}
COMMAND: POST /session/8690b08f518c8418ef29018541b658af/execute/async - {"script":"<script> [1562 bytes]","args":[{"selector":{"id":"shell-header","interaction":{"idSuffix":"icon"}},"wdio_ui5_key":"shellheader"}]}
COMMAND: GET /session/8690b08f518c8418ef29018541b658af/screenshot - {}
RESULT: {"script":"<script> [1562 bytes]","args":[{"selector":{"id":"shell-header","interaction":{"idSuffix":"icon"}},"wdio_ui5_key":"shellheader"}]}
RESULT: undefined
]]></system-out>
    </testcase>
  </testsuite>
  <testsuite timestamp="2025-05-05T16:34:31" time="459.96" tests="6" failures="6" errors="6" skipped="0">
    <properties>
      <property name="specId" value="0" />
      <property name="suiteName" value="Provide to Site w/ warehouse management w/ clarification US115878" />
      <property name="capabilities" value="chrome.135_0_7049_115.windows" />
      <property name="file" value="file:///D:/a/1/s/test/specs/HTR/provide-to-site-w-warehouse-w-clarification.spec.js" />
    </properties>
  </testsuite>
  <testsuite timestamp="2025-05-05T16:42:11" time="493.899" tests="6" failures="6" errors="6" skipped="0">
    <properties>
      <property name="specId" value="0" />
      <property name="suiteName" value="Provide to Site w/ warehouse management w clarification" />
      <property name="capabilities" value="chrome.135_0_7049_115.windows" />
      <property name="file" value="file:///D:/a/1/s/test/specs/HTR/provide-to-site-w-warehouse-w-clarification.spec.js" />
    </properties>
  </testsuite>
  <testsuite timestamp="2025-05-05T16:50:25" time="495.523" tests="6" failures="6" errors="6" skipped="0">
    <properties>
      <property name="specId" value="0" />
      <property name="suiteName" value="Provide to Site w/ warehouse management w/o clarification US113782 " />
      <property name="capabilities" value="chrome.135_0_7049_115.windows" />
      <property name="file" value="file:///D:/a/1/s/test/specs/HTR/provide-to-site-w-warehouse-wo-clarification.spec.js" />
    </properties>
  </testsuite>
  <testsuite timestamp="2025-05-05T16:58:40" time="324.574" tests="5" failures="5" errors="5" skipped="0">
    <properties>
      <property name="specId" value="0" />
      <property name="suiteName" value="Provide to Site w/ warehouse management wo clarification" />
      <property name="capabilities" value="chrome.135_0_7049_115.windows" />
      <property name="file" value="file:///D:/a/1/s/test/specs/HTR/provide-to-site-w-warehouse-wo-clarification.spec.js" />
    </properties>
  </testsuite>
  <testsuite timestamp="2025-05-05T17:04:05" time="312.898" tests="4" failures="4" errors="4" skipped="0">
    <properties>
      <property name="specId" value="0" />
      <property name="suiteName" value="Provide to Site w/o warehouse management w/ clarification US116605" />
      <property name="capabilities" value="chrome.135_0_7049_115.windows" />
      <property name="file" value="file:///D:/a/1/s/test/specs/HTR/provide-to-site-wo-warehouse-w-clarification.spec.js" />
    </properties>
  </testsuite>
  <testsuite timestamp="2025-05-05T17:09:18" time="461.277" tests="6" failures="4" errors="4" skipped="0">
    <properties>
      <property name="specId" value="0" />
      <property name="suiteName" value="Provide to Site w/o warehouse management w clarification" />
      <property name="capabilities" value="chrome.135_0_7049_115.windows" />
      <property name="file" value="file:///D:/a/1/s/test/specs/HTR/provide-to-site-wo-warehouse-w-clarification.spec.js" />
    </properties>
    <testcase classname="chrome.135_0_7049_115.windows.Provide_to_Site_w/o_warehouse_management_w_clarification" name="Should Test for Handover Execution" time="172.928">
      <system-out><![CDATA[
COMMAND: POST /session/8690b08f518c8418ef29018541b658af/element - {"using":"xpath","value":"//*[text()='Provide to site']"}
COMMAND: GET /session/8690b08f518c8418ef29018541b658af/screenshot - {}
RESULT: {"using":"xpath","value":"//*[text()='Provide to site']"}
COMMAND: POST /session/8690b08f518c8418ef29018541b658af/elements - {"using":"xpath","value":"//*[text()='Provide to site']"}
RESULT: {}
RESULT: {"using":"xpath","value":"//*[text()='Provide to site']"}
COMMAND: POST /session/8690b08f518c8418ef29018541b658af/elements - {"using":"xpath","value":"//*[text()='Provide to site']"}
RESULT: {"using":"xpath","value":"//*[text()='Provide to site']"}
COMMAND: POST /session/8690b08f518c8418ef29018541b658af/elements - {"using":"xpath","value":"//*[text()='Provide to site']"}
RESULT: {"using":"xpath","value":"//*[text()='Provide to site']"}
COMMAND: POST /session/8690b08f518c8418ef29018541b658af/elements - {"using":"xpath","value":"//*[text()='Provide to site']"}
RESULT: {"using":"xpath","value":"//*[text()='Provide to site']"}
COMMAND: POST /session/8690b08f518c8418ef29018541b658af/elements - {"using":"xpath","value":"//*[text()='Provide to site']"}
RESULT: {"using":"xpath","value":"//*[text()='Provide to site']"}
COMMAND: POST /session/8690b08f518c8418ef29018541b658af/elements - {"using":"xpath","value":"//*[text()='Provide to site']"}
RESULT: {"using":"xpath","value":"//*[text()='Provide to site']"}
COMMAND: POST /session/8690b08f518c8418ef29018541b658af/elements - {"using":"xpath","value":"//*[text()='Provide to site']"}
RESULT: {"using":"xpath","value":"//*[text()='Provide to site']"}
COMMAND: POST /session/8690b08f518c8418ef29018541b658af/elements - {"using":"xpath","value":"//*[text()='Provide to site']"}
RESULT: {"using":"xpath","value":"//*[text()='Provide to site']"}
COMMAND: POST /session/8690b08f518c8418ef29018541b658af/elements - {"using":"xpath","value":"//*[text()='Provide to site']"}
RESULT: {"using":"xpath","value":"//*[text()='Provide to site']"}
COMMAND: POST /session/8690b08f518c8418ef29018541b658af/elements - {"using":"xpath","value":"//*[text()='Provide to site']"}
RESULT: {"using":"xpath","value":"//*[text()='Provide to site']"}
COMMAND: POST /session/8690b08f518c8418ef29018541b658af/elements - {"using":"xpath","value":"//*[text()='Provide to site']"}
RESULT: {"using":"xpath","value":"//*[text()='Provide to site']"}
COMMAND: POST /session/8690b08f518c8418ef29018541b658af/elements - {"using":"xpath","value":"//*[text()='Provide to site']"}
RESULT: {"using":"xpath","value":"//*[text()='Provide to site']"}
COMMAND: POST /session/8690b08f518c8418ef29018541b658af/elements - {"using":"xpath","value":"//*[text()='Provide to site']"}
RESULT: {"using":"xpath","value":"//*[text()='Provide to site']"}
COMMAND: POST /session/8690b08f518c8418ef29018541b658af/elements - {"using":"xpath","value":"//*[text()='Provide to site']"}
RESULT: {"using":"xpath","value":"//*[text()='Provide to site']"}
COMMAND: POST /session/8690b08f518c8418ef29018541b658af/elements - {"using":"xpath","value":"//*[text()='Provide to site']"}
RESULT: {"using":"xpath","value":"//*[text()='Provide to site']"}
COMMAND: POST /session/8690b08f518c8418ef29018541b658af/elements - {"using":"xpath","value":"//*[text()='Provide to site']"}
RESULT: {"using":"xpath","value":"//*[text()='Provide to site']"}
COMMAND: POST /session/8690b08f518c8418ef29018541b658af/elements - {"using":"xpath","value":"//*[text()='Provide to site']"}
RESULT: {"using":"xpath","value":"//*[text()='Provide to site']"}
COMMAND: POST /session/8690b08f518c8418ef29018541b658af/elements - {"using":"xpath","value":"//*[text()='Provide to site']"}
RESULT: {"using":"xpath","value":"//*[text()='Provide to site']"}
COMMAND: POST /session/8690b08f518c8418ef29018541b658af/elements - {"using":"xpath","value":"//*[text()='Provide to site']"}
RESULT: {"using":"xpath","value":"//*[text()='Provide to site']"}
COMMAND: POST /session/8690b08f518c8418ef29018541b658af/elements - {"using":"xpath","value":"//*[text()='Provide to site']"}
RESULT: {"using":"xpath","value":"//*[text()='Provide to site']"}
COMMAND: POST /session/8690b08f518c8418ef29018541b658af/elements - {"using":"xpath","value":"//*[text()='Provide to site']"}
RESULT: {"using":"xpath","value":"//*[text()='Provide to site']"}
COMMAND: POST /session/8690b08f518c8418ef29018541b658af/elements - {"using":"xpath","value":"//*[text()='Provide to site']"}
RESULT: {"using":"xpath","value":"//*[text()='Provide to site']"}
COMMAND: POST /session/8690b08f518c8418ef29018541b658af/elements - {"using":"xpath","value":"//*[text()='Provide to site']"}
RESULT: {"using":"xpath","value":"//*[text()='Provide to site']"}
COMMAND: POST /session/8690b08f518c8418ef29018541b658af/elements - {"using":"xpath","value":"//*[text()='Provide to site']"}
RESULT: {"using":"xpath","value":"//*[text()='Provide to site']"}
COMMAND: POST /session/8690b08f518c8418ef29018541b658af/elements - {"using":"xpath","value":"//*[text()='Provide to site']"}
RESULT: {"using":"xpath","value":"//*[text()='Provide to site']"}
COMMAND: POST /session/8690b08f518c8418ef29018541b658af/elements - {"using":"xpath","value":"//*[text()='Provide to site']"}
RESULT: {"using":"xpath","value":"//*[text()='Provide to site']"}
COMMAND: POST /session/8690b08f518c8418ef29018541b658af/elements - {"using":"xpath","value":"//*[text()='Provide to site']"}
RESULT: {"using":"xpath","value":"//*[text()='Provide to site']"}
COMMAND: POST /session/8690b08f518c8418ef29018541b658af/elements - {"using":"xpath","value":"//*[text()='Provide to site']"}
RESULT: {"using":"xpath","value":"//*[text()='Provide to site']"}
COMMAND: POST /session/8690b08f518c8418ef29018541b658af/elements - {"using":"xpath","value":"//*[text()='Provide to site']"}
RESULT: {"using":"xpath","value":"//*[text()='Provide to site']"}
COMMAND: POST /session/8690b08f518c8418ef29018541b658af/elements - {"using":"xpath","value":"//*[text()='Provide to site']"}
RESULT: {"using":"xpath","value":"//*[text()='Provide to site']"}
COMMAND: POST /session/8690b08f518c8418ef29018541b658af/elements - {"using":"xpath","value":"//*[text()='Provide to site']"}
RESULT: {"using":"xpath","value":"//*[text()='Provide to site']"}
COMMAND: POST /session/8690b08f518c8418ef29018541b658af/elements - {"using":"xpath","value":"//*[text()='Provide to site']"}
RESULT: {"using":"xpath","value":"//*[text()='Provide to site']"}
COMMAND: POST /session/8690b08f518c8418ef29018541b658af/elements - {"using":"xpath","value":"//*[text()='Provide to site']"}
RESULT: {"using":"xpath","value":"//*[text()='Provide to site']"}
COMMAND: POST /session/8690b08f518c8418ef29018541b658af/elements - {"using":"xpath","value":"//*[text()='Provide to site']"}
RESULT: {"using":"xpath","value":"//*[text()='Provide to site']"}
COMMAND: POST /session/8690b08f518c8418ef29018541b658af/elements - {"using":"xpath","value":"//*[text()='Provide to site']"}
RESULT: {"using":"xpath","value":"//*[text()='Provide to site']"}
COMMAND: POST /session/8690b08f518c8418ef29018541b658af/elements - {"using":"xpath","value":"//*[text()='Provide to site']"}
RESULT: {"using":"xpath","value":"//*[text()='Provide to site']"}
COMMAND: POST /session/8690b08f518c8418ef29018541b658af/elements - {"using":"xpath","value":"//*[text()='Provide to site']"}
RESULT: {"using":"xpath","value":"//*[text()='Provide to site']"}
COMMAND: POST /session/8690b08f518c8418ef29018541b658af/elements - {"using":"xpath","value":"//*[text()='Provide to site']"}
RESULT: {"using":"xpath","value":"//*[text()='Provide to site']"}
COMMAND: POST /session/8690b08f518c8418ef29018541b658af/elements - {"using":"xpath","value":"//*[text()='Provide to site']"}
RESULT: {"using":"xpath","value":"//*[text()='Provide to site']"}
COMMAND: POST /session/8690b08f518c8418ef29018541b658af/elements - {"using":"xpath","value":"//*[text()='Provide to site']"}
RESULT: {"using":"xpath","value":"//*[text()='Provide to site']"}
COMMAND: POST /session/8690b08f518c8418ef29018541b658af/elements - {"using":"xpath","value":"//*[text()='Provide to site']"}
RESULT: {"using":"xpath","value":"//*[text()='Provide to site']"}
COMMAND: POST /session/8690b08f518c8418ef29018541b658af/elements - {"using":"xpath","value":"//*[text()='Provide to site']"}
RESULT: {"using":"xpath","value":"//*[text()='Provide to site']"}
COMMAND: POST /session/8690b08f518c8418ef29018541b658af/elements - {"using":"xpath","value":"//*[text()='Provide to site']"}
RESULT: {"using":"xpath","value":"//*[text()='Provide to site']"}
COMMAND: POST /session/8690b08f518c8418ef29018541b658af/elements - {"using":"xpath","value":"//*[text()='Provide to site']"}
RESULT: {"using":"xpath","value":"//*[text()='Provide to site']"}
COMMAND: POST /session/8690b08f518c8418ef29018541b658af/elements - {"using":"xpath","value":"//*[text()='Provide to site']"}
RESULT: {"using":"xpath","value":"//*[text()='Provide to site']"}
COMMAND: POST /session/8690b08f518c8418ef29018541b658af/elements - {"using":"xpath","value":"//*[text()='Provide to site']"}
RESULT: {"using":"xpath","value":"//*[text()='Provide to site']"}
COMMAND: POST /session/8690b08f518c8418ef29018541b658af/elements - {"using":"xpath","value":"//*[text()='Provide to site']"}
RESULT: {"using":"xpath","value":"//*[text()='Provide to site']"}
COMMAND: POST /session/8690b08f518c8418ef29018541b658af/elements - {"using":"xpath","value":"//*[text()='Provide to site']"}
RESULT: {"using":"xpath","value":"//*[text()='Provide to site']"}
COMMAND: POST /session/8690b08f518c8418ef29018541b658af/elements - {"using":"xpath","value":"//*[text()='Provide to site']"}
RESULT: {"using":"xpath","value":"//*[text()='Provide to site']"}
COMMAND: POST /session/8690b08f518c8418ef29018541b658af/elements - {"using":"xpath","value":"//*[text()='Provide to site']"}
RESULT: {"using":"xpath","value":"//*[text()='Provide to site']"}
COMMAND: POST /session/8690b08f518c8418ef29018541b658af/elements - {"using":"xpath","value":"//*[text()='Provide to site']"}
RESULT: {"using":"xpath","value":"//*[text()='Provide to site']"}
COMMAND: POST /session/8690b08f518c8418ef29018541b658af/elements - {"using":"xpath","value":"//*[text()='Provide to site']"}
RESULT: {"using":"xpath","value":"//*[text()='Provide to site']"}
COMMAND: POST /session/8690b08f518c8418ef29018541b658af/elements - {"using":"xpath","value":"//*[text()='Provide to site']"}
RESULT: {"using":"xpath","value":"//*[text()='Provide to site']"}
COMMAND: POST /session/8690b08f518c8418ef29018541b658af/elements - {"using":"xpath","value":"//*[text()='Provide to site']"}
RESULT: {"using":"xpath","value":"//*[text()='Provide to site']"}
COMMAND: POST /session/8690b08f518c8418ef29018541b658af/elements - {"using":"xpath","value":"//*[text()='Provide to site']"}
RESULT: {"using":"xpath","value":"//*[text()='Provide to site']"}
COMMAND: POST /session/8690b08f518c8418ef29018541b658af/elements - {"using":"xpath","value":"//*[text()='Provide to site']"}
RESULT: {"using":"xpath","value":"//*[text()='Provide to site']"}
COMMAND: POST /session/8690b08f518c8418ef29018541b658af/elements - {"using":"xpath","value":"//*[text()='Provide to site']"}
RESULT: {"using":"xpath","value":"//*[text()='Provide to site']"}
COMMAND: POST /session/8690b08f518c8418ef29018541b658af/elements - {"using":"xpath","value":"//*[text()='Provide to site']"}
RESULT: {"using":"xpath","value":"//*[text()='Provide to site']"}
COMMAND: POST /session/8690b08f518c8418ef29018541b658af/elements - {"using":"xpath","value":"//*[text()='Provide to site']"}
RESULT: {"using":"xpath","value":"//*[text()='Provide to site']"}
COMMAND: POST /session/8690b08f518c8418ef29018541b658af/elements - {"using":"xpath","value":"//*[text()='Provide to site']"}
RESULT: {"using":"xpath","value":"//*[text()='Provide to site']"}
COMMAND: POST /session/8690b08f518c8418ef29018541b658af/elements - {"using":"xpath","value":"//*[text()='Provide to site']"}
RESULT: {"using":"xpath","value":"//*[text()='Provide to site']"}
COMMAND: POST /session/8690b08f518c8418ef29018541b658af/elements - {"using":"xpath","value":"//*[text()='Provide to site']"}
RESULT: {"using":"xpath","value":"//*[text()='Provide to site']"}
COMMAND: POST /session/8690b08f518c8418ef29018541b658af/elements - {"using":"xpath","value":"//*[text()='Provide to site']"}
RESULT: {"using":"xpath","value":"//*[text()='Provide to site']"}
COMMAND: POST /session/8690b08f518c8418ef29018541b658af/elements - {"using":"xpath","value":"//*[text()='Provide to site']"}
RESULT: {"using":"xpath","value":"//*[text()='Provide to site']"}
COMMAND: POST /session/8690b08f518c8418ef29018541b658af/elements - {"using":"xpath","value":"//*[text()='Provide to site']"}
RESULT: {"using":"xpath","value":"//*[text()='Provide to site']"}
COMMAND: POST /session/8690b08f518c8418ef29018541b658af/elements - {"using":"xpath","value":"//*[text()='Provide to site']"}
RESULT: {"using":"xpath","value":"//*[text()='Provide to site']"}
COMMAND: POST /session/8690b08f518c8418ef29018541b658af/elements - {"using":"xpath","value":"//*[text()='Provide to site']"}
RESULT: {"using":"xpath","value":"//*[text()='Provide to site']"}
COMMAND: POST /session/8690b08f518c8418ef29018541b658af/elements - {"using":"xpath","value":"//*[text()='Provide to site']"}
RESULT: {"using":"xpath","value":"//*[text()='Provide to site']"}
COMMAND: POST /session/8690b08f518c8418ef29018541b658af/elements - {"using":"xpath","value":"//*[text()='Provide to site']"}
RESULT: {"using":"xpath","value":"//*[text()='Provide to site']"}
COMMAND: POST /session/8690b08f518c8418ef29018541b658af/elements - {"using":"xpath","value":"//*[text()='Provide to site']"}
RESULT: {"using":"xpath","value":"//*[text()='Provide to site']"}
COMMAND: POST /session/8690b08f518c8418ef29018541b658af/elements - {"using":"xpath","value":"//*[text()='Provide to site']"}
RESULT: {"using":"xpath","value":"//*[text()='Provide to site']"}
COMMAND: POST /session/8690b08f518c8418ef29018541b658af/elements - {"using":"xpath","value":"//*[text()='Provide to site']"}
RESULT: {"using":"xpath","value":"//*[text()='Provide to site']"}
COMMAND: POST /session/8690b08f518c8418ef29018541b658af/elements - {"using":"xpath","value":"//*[text()='Provide to site']"}
RESULT: {"using":"xpath","value":"//*[text()='Provide to site']"}
COMMAND: POST /session/8690b08f518c8418ef29018541b658af/elements - {"using":"xpath","value":"//*[text()='Provide to site']"}
RESULT: {"using":"xpath","value":"//*[text()='Provide to site']"}
COMMAND: POST /session/8690b08f518c8418ef29018541b658af/elements - {"using":"xpath","value":"//*[text()='Provide to site']"}
RESULT: {"using":"xpath","value":"//*[text()='Provide to site']"}
COMMAND: POST /session/8690b08f518c8418ef29018541b658af/elements - {"using":"xpath","value":"//*[text()='Provide to site']"}
RESULT: {"using":"xpath","value":"//*[text()='Provide to site']"}
COMMAND: POST /session/8690b08f518c8418ef29018541b658af/elements - {"using":"xpath","value":"//*[text()='Provide to site']"}
RESULT: {"using":"xpath","value":"//*[text()='Provide to site']"}
COMMAND: POST /session/8690b08f518c8418ef29018541b658af/elements - {"using":"xpath","value":"//*[text()='Provide to site']"}
RESULT: {"using":"xpath","value":"//*[text()='Provide to site']"}
COMMAND: POST /session/8690b08f518c8418ef29018541b658af/elements - {"using":"xpath","value":"//*[text()='Provide to site']"}
RESULT: {"using":"xpath","value":"//*[text()='Provide to site']"}
COMMAND: POST /session/8690b08f518c8418ef29018541b658af/elements - {"using":"xpath","value":"//*[text()='Provide to site']"}
RESULT: {"using":"xpath","value":"//*[text()='Provide to site']"}
COMMAND: POST /session/8690b08f518c8418ef29018541b658af/elements - {"using":"xpath","value":"//*[text()='Provide to site']"}
RESULT: {"using":"xpath","value":"//*[text()='Provide to site']"}
COMMAND: POST /session/8690b08f518c8418ef29018541b658af/elements - {"using":"xpath","value":"//*[text()='Provide to site']"}
RESULT: {"using":"xpath","value":"//*[text()='Provide to site']"}
COMMAND: POST /session/8690b08f518c8418ef29018541b658af/elements - {"using":"xpath","value":"//*[text()='Provide to site']"}
RESULT: {"using":"xpath","value":"//*[text()='Provide to site']"}
COMMAND: POST /session/8690b08f518c8418ef29018541b658af/elements - {"using":"xpath","value":"//*[text()='Provide to site']"}
RESULT: {"using":"xpath","value":"//*[text()='Provide to site']"}
COMMAND: POST /session/8690b08f518c8418ef29018541b658af/elements - {"using":"xpath","value":"//*[text()='Provide to site']"}
RESULT: {"using":"xpath","value":"//*[text()='Provide to site']"}
COMMAND: POST /session/8690b08f518c8418ef29018541b658af/elements - {"using":"xpath","value":"//*[text()='Provide to site']"}
RESULT: {"using":"xpath","value":"//*[text()='Provide to site']"}
COMMAND: POST /session/8690b08f518c8418ef29018541b658af/elements - {"using":"xpath","value":"//*[text()='Provide to site']"}
RESULT: {"using":"xpath","value":"//*[text()='Provide to site']"}
COMMAND: POST /session/8690b08f518c8418ef29018541b658af/elements - {"using":"xpath","value":"//*[text()='Provide to site']"}
RESULT: {"using":"xpath","value":"//*[text()='Provide to site']"}
COMMAND: POST /session/8690b08f518c8418ef29018541b658af/elements - {"using":"xpath","value":"//*[text()='Provide to site']"}
RESULT: {"using":"xpath","value":"//*[text()='Provide to site']"}
COMMAND: POST /session/8690b08f518c8418ef29018541b658af/elements - {"using":"xpath","value":"//*[text()='Provide to site']"}
RESULT: {"using":"xpath","value":"//*[text()='Provide to site']"}
COMMAND: POST /session/8690b08f518c8418ef29018541b658af/element - {"using":"xpath","value":"//span[text()='Provide to site - Completed']"}
RESULT: {"using":"xpath","value":"//span[text()='Provide to site - Completed']"}
COMMAND: POST /session/8690b08f518c8418ef29018541b658af/elements - {"using":"xpath","value":"//span[text()='Provide to site - Completed']"}
RESULT: {"using":"xpath","value":"//span[text()='Provide to site - Completed']"}
COMMAND: POST /session/8690b08f518c8418ef29018541b658af/elements - {"using":"xpath","value":"//span[text()='Provide to site - Completed']"}
RESULT: {"using":"xpath","value":"//span[text()='Provide to site - Completed']"}
COMMAND: POST /session/8690b08f518c8418ef29018541b658af/elements - {"using":"xpath","value":"//span[text()='Provide to site - Completed']"}
RESULT: {"using":"xpath","value":"//span[text()='Provide to site - Completed']"}
COMMAND: POST /session/8690b08f518c8418ef29018541b658af/elements - {"using":"xpath","value":"//span[text()='Provide to site - Completed']"}
RESULT: {"using":"xpath","value":"//span[text()='Provide to site - Completed']"}
COMMAND: POST /session/8690b08f518c8418ef29018541b658af/elements - {"using":"xpath","value":"//span[text()='Provide to site - Completed']"}
RESULT: {"using":"xpath","value":"//span[text()='Provide to site - Completed']"}
COMMAND: POST /session/8690b08f518c8418ef29018541b658af/elements - {"using":"xpath","value":"//span[text()='Provide to site - Completed']"}
RESULT: {"using":"xpath","value":"//span[text()='Provide to site - Completed']"}
COMMAND: POST /session/8690b08f518c8418ef29018541b658af/elements - {"using":"xpath","value":"//span[text()='Provide to site - Completed']"}
RESULT: {"using":"xpath","value":"//span[text()='Provide to site - Completed']"}
COMMAND: POST /session/8690b08f518c8418ef29018541b658af/elements - {"using":"xpath","value":"//span[text()='Provide to site - Completed']"}
RESULT: {"using":"xpath","value":"//span[text()='Provide to site - Completed']"}
COMMAND: POST /session/8690b08f518c8418ef29018541b658af/elements - {"using":"xpath","value":"//span[text()='Provide to site - Completed']"}
RESULT: {"using":"xpath","value":"//span[text()='Provide to site - Completed']"}
COMMAND: POST /session/8690b08f518c8418ef29018541b658af/elements - {"using":"xpath","value":"//span[text()='Provide to site - Completed']"}
RESULT: {"using":"xpath","value":"//span[text()='Provide to site - Completed']"}
COMMAND: POST /session/8690b08f518c8418ef29018541b658af/elements - {"using":"xpath","value":"//span[text()='Provide to site - Completed']"}
RESULT: {"using":"xpath","value":"//span[text()='Provide to site - Completed']"}
COMMAND: POST /session/8690b08f518c8418ef29018541b658af/elements - {"using":"xpath","value":"//span[text()='Provide to site - Completed']"}
RESULT: {"using":"xpath","value":"//span[text()='Provide to site - Completed']"}
COMMAND: POST /session/8690b08f518c8418ef29018541b658af/elements - {"using":"xpath","value":"//span[text()='Provide to site - Completed']"}
RESULT: {"using":"xpath","value":"//span[text()='Provide to site - Completed']"}
COMMAND: POST /session/8690b08f518c8418ef29018541b658af/elements - {"using":"xpath","value":"//span[text()='Provide to site - Completed']"}
RESULT: {"using":"xpath","value":"//span[text()='Provide to site - Completed']"}
COMMAND: POST /session/8690b08f518c8418ef29018541b658af/elements - {"using":"xpath","value":"//span[text()='Provide to site - Completed']"}
RESULT: {"using":"xpath","value":"//span[text()='Provide to site - Completed']"}
COMMAND: POST /session/8690b08f518c8418ef29018541b658af/elements - {"using":"xpath","value":"//span[text()='Provide to site - Completed']"}
RESULT: {"using":"xpath","value":"//span[text()='Provide to site - Completed']"}
COMMAND: POST /session/8690b08f518c8418ef29018541b658af/elements - {"using":"xpath","value":"//span[text()='Provide to site - Completed']"}
RESULT: {"using":"xpath","value":"//span[text()='Provide to site - Completed']"}
COMMAND: POST /session/8690b08f518c8418ef29018541b658af/elements - {"using":"xpath","value":"//span[text()='Provide to site - Completed']"}
RESULT: {"using":"xpath","value":"//span[text()='Provide to site - Completed']"}
COMMAND: POST /session/8690b08f518c8418ef29018541b658af/elements - {"using":"xpath","value":"//span[text()='Provide to site - Completed']"}
RESULT: {"using":"xpath","value":"//span[text()='Provide to site - Completed']"}
COMMAND: POST /session/8690b08f518c8418ef29018541b658af/elements - {"using":"xpath","value":"//span[text()='Provide to site - Completed']"}
RESULT: {"using":"xpath","value":"//span[text()='Provide to site - Completed']"}
COMMAND: POST /session/8690b08f518c8418ef29018541b658af/elements - {"using":"xpath","value":"//span[text()='Provide to site - Completed']"}
RESULT: {"using":"xpath","value":"//span[text()='Provide to site - Completed']"}
COMMAND: POST /session/8690b08f518c8418ef29018541b658af/elements - {"using":"xpath","value":"//span[text()='Provide to site - Completed']"}
RESULT: {"using":"xpath","value":"//span[text()='Provide to site - Completed']"}
COMMAND: POST /session/8690b08f518c8418ef29018541b658af/elements - {"using":"xpath","value":"//span[text()='Provide to site - Completed']"}
RESULT: {"using":"xpath","value":"//span[text()='Provide to site - Completed']"}
COMMAND: POST /session/8690b08f518c8418ef29018541b658af/elements - {"using":"xpath","value":"//span[text()='Provide to site - Completed']"}
RESULT: {"using":"xpath","value":"//span[text()='Provide to site - Completed']"}
COMMAND: POST /session/8690b08f518c8418ef29018541b658af/elements - {"using":"xpath","value":"//span[text()='Provide to site - Completed']"}
RESULT: {"using":"xpath","value":"//span[text()='Provide to site - Completed']"}
COMMAND: POST /session/8690b08f518c8418ef29018541b658af/elements - {"using":"xpath","value":"//span[text()='Provide to site - Completed']"}
RESULT: {"using":"xpath","value":"//span[text()='Provide to site - Completed']"}
COMMAND: POST /session/8690b08f518c8418ef29018541b658af/elements - {"using":"xpath","value":"//span[text()='Provide to site - Completed']"}
RESULT: {"using":"xpath","value":"//span[text()='Provide to site - Completed']"}
COMMAND: POST /session/8690b08f518c8418ef29018541b658af/elements - {"using":"xpath","value":"//span[text()='Provide to site - Completed']"}
RESULT: {"using":"xpath","value":"//span[text()='Provide to site - Completed']"}
COMMAND: POST /session/8690b08f518c8418ef29018541b658af/elements - {"using":"xpath","value":"//span[text()='Provide to site - Completed']"}
RESULT: {"using":"xpath","value":"//span[text()='Provide to site - Completed']"}
COMMAND: POST /session/8690b08f518c8418ef29018541b658af/elements - {"using":"xpath","value":"//span[text()='Provide to site - Completed']"}
RESULT: {"using":"xpath","value":"//span[text()='Provide to site - Completed']"}
COMMAND: POST /session/8690b08f518c8418ef29018541b658af/elements - {"using":"xpath","value":"//span[text()='Provide to site - Completed']"}
RESULT: {"using":"xpath","value":"//span[text()='Provide to site - Completed']"}
COMMAND: POST /session/8690b08f518c8418ef29018541b658af/elements - {"using":"xpath","value":"//span[text()='Provide to site - Completed']"}
RESULT: {"using":"xpath","value":"//span[text()='Provide to site - Completed']"}
COMMAND: POST /session/8690b08f518c8418ef29018541b658af/elements - {"using":"xpath","value":"//span[text()='Provide to site - Completed']"}
RESULT: {"using":"xpath","value":"//span[text()='Provide to site - Completed']"}
COMMAND: POST /session/8690b08f518c8418ef29018541b658af/elements - {"using":"xpath","value":"//span[text()='Provide to site - Completed']"}
RESULT: {"using":"xpath","value":"//span[text()='Provide to site - Completed']"}
COMMAND: POST /session/8690b08f518c8418ef29018541b658af/elements - {"using":"xpath","value":"//span[text()='Provide to site - Completed']"}
RESULT: {"using":"xpath","value":"//span[text()='Provide to site - Completed']"}
COMMAND: POST /session/8690b08f518c8418ef29018541b658af/elements - {"using":"xpath","value":"//span[text()='Provide to site - Completed']"}
RESULT: {"using":"xpath","value":"//span[text()='Provide to site - Completed']"}
COMMAND: POST /session/8690b08f518c8418ef29018541b658af/elements - {"using":"xpath","value":"//span[text()='Provide to site - Completed']"}
RESULT: {"using":"xpath","value":"//span[text()='Provide to site - Completed']"}
COMMAND: POST /session/8690b08f518c8418ef29018541b658af/elements - {"using":"xpath","value":"//span[text()='Provide to site - Completed']"}
RESULT: {"using":"xpath","value":"//span[text()='Provide to site - Completed']"}
COMMAND: POST /session/8690b08f518c8418ef29018541b658af/elements - {"using":"xpath","value":"//span[text()='Provide to site - Completed']"}
RESULT: {"using":"xpath","value":"//span[text()='Provide to site - Completed']"}
COMMAND: POST /session/8690b08f518c8418ef29018541b658af/elements - {"using":"xpath","value":"//span[text()='Provide to site - Completed']"}
RESULT: {"using":"xpath","value":"//span[text()='Provide to site - Completed']"}
COMMAND: POST /session/8690b08f518c8418ef29018541b658af/elements - {"using":"xpath","value":"//span[text()='Provide to site - Completed']"}
RESULT: {"using":"xpath","value":"//span[text()='Provide to site - Completed']"}
COMMAND: POST /session/8690b08f518c8418ef29018541b658af/elements - {"using":"xpath","value":"//span[text()='Provide to site - Completed']"}
RESULT: {"using":"xpath","value":"//span[text()='Provide to site - Completed']"}
COMMAND: POST /session/8690b08f518c8418ef29018541b658af/elements - {"using":"xpath","value":"//span[text()='Provide to site - Completed']"}
RESULT: {"using":"xpath","value":"//span[text()='Provide to site - Completed']"}
COMMAND: POST /session/8690b08f518c8418ef29018541b658af/elements - {"using":"xpath","value":"//span[text()='Provide to site - Completed']"}
RESULT: {"using":"xpath","value":"//span[text()='Provide to site - Completed']"}
COMMAND: POST /session/8690b08f518c8418ef29018541b658af/elements - {"using":"xpath","value":"//span[text()='Provide to site - Completed']"}
RESULT: {"using":"xpath","value":"//span[text()='Provide to site - Completed']"}
COMMAND: POST /session/8690b08f518c8418ef29018541b658af/elements - {"using":"xpath","value":"//span[text()='Provide to site - Completed']"}
RESULT: {"using":"xpath","value":"//span[text()='Provide to site - Completed']"}
COMMAND: POST /session/8690b08f518c8418ef29018541b658af/elements - {"using":"xpath","value":"//span[text()='Provide to site - Completed']"}
RESULT: {"using":"xpath","value":"//span[text()='Provide to site - Completed']"}
COMMAND: POST /session/8690b08f518c8418ef29018541b658af/elements - {"using":"xpath","value":"//span[text()='Provide to site - Completed']"}
RESULT: {"using":"xpath","value":"//span[text()='Provide to site - Completed']"}
COMMAND: POST /session/8690b08f518c8418ef29018541b658af/elements - {"using":"xpath","value":"//span[text()='Provide to site - Completed']"}
RESULT: {"using":"xpath","value":"//span[text()='Provide to site - Completed']"}
COMMAND: POST /session/8690b08f518c8418ef29018541b658af/elements - {"using":"xpath","value":"//span[text()='Provide to site - Completed']"}
RESULT: {"using":"xpath","value":"//span[text()='Provide to site - Completed']"}
COMMAND: POST /session/8690b08f518c8418ef29018541b658af/elements - {"using":"xpath","value":"//span[text()='Provide to site - Completed']"}
RESULT: {"using":"xpath","value":"//span[text()='Provide to site - Completed']"}
COMMAND: POST /session/8690b08f518c8418ef29018541b658af/elements - {"using":"xpath","value":"//span[text()='Provide to site - Completed']"}
RESULT: {"using":"xpath","value":"//span[text()='Provide to site - Completed']"}
COMMAND: POST /session/8690b08f518c8418ef29018541b658af/elements - {"using":"xpath","value":"//span[text()='Provide to site - Completed']"}
RESULT: {"using":"xpath","value":"//span[text()='Provide to site - Completed']"}
COMMAND: POST /session/8690b08f518c8418ef29018541b658af/elements - {"using":"xpath","value":"//span[text()='Provide to site - Completed']"}
RESULT: {"using":"xpath","value":"//span[text()='Provide to site - Completed']"}
COMMAND: POST /session/8690b08f518c8418ef29018541b658af/elements - {"using":"xpath","value":"//span[text()='Provide to site - Completed']"}
RESULT: {"using":"xpath","value":"//span[text()='Provide to site - Completed']"}
COMMAND: POST /session/8690b08f518c8418ef29018541b658af/elements - {"using":"xpath","value":"//span[text()='Provide to site - Completed']"}
RESULT: {"using":"xpath","value":"//span[text()='Provide to site - Completed']"}
COMMAND: POST /session/8690b08f518c8418ef29018541b658af/elements - {"using":"xpath","value":"//span[text()='Provide to site - Completed']"}
RESULT: {"using":"xpath","value":"//span[text()='Provide to site - Completed']"}
COMMAND: POST /session/8690b08f518c8418ef29018541b658af/elements - {"using":"xpath","value":"//span[text()='Provide to site - Completed']"}
RESULT: {"using":"xpath","value":"//span[text()='Provide to site - Completed']"}
COMMAND: POST /session/8690b08f518c8418ef29018541b658af/elements - {"using":"xpath","value":"//span[text()='Provide to site - Completed']"}
RESULT: {"using":"xpath","value":"//span[text()='Provide to site - Completed']"}
COMMAND: POST /session/8690b08f518c8418ef29018541b658af/elements - {"using":"xpath","value":"//span[text()='Provide to site - Completed']"}
RESULT: {"using":"xpath","value":"//span[text()='Provide to site - Completed']"}
COMMAND: POST /session/8690b08f518c8418ef29018541b658af/elements - {"using":"xpath","value":"//span[text()='Provide to site - Completed']"}
RESULT: {"using":"xpath","value":"//span[text()='Provide to site - Completed']"}
COMMAND: POST /session/8690b08f518c8418ef29018541b658af/elements - {"using":"xpath","value":"//span[text()='Provide to site - Completed']"}
RESULT: {"using":"xpath","value":"//span[text()='Provide to site - Completed']"}
COMMAND: POST /session/8690b08f518c8418ef29018541b658af/elements - {"using":"xpath","value":"//span[text()='Provide to site - Completed']"}
RESULT: {"using":"xpath","value":"//span[text()='Provide to site - Completed']"}
COMMAND: POST /session/8690b08f518c8418ef29018541b658af/elements - {"using":"xpath","value":"//span[text()='Provide to site - Completed']"}
RESULT: {"using":"xpath","value":"//span[text()='Provide to site - Completed']"}
COMMAND: POST /session/8690b08f518c8418ef29018541b658af/elements - {"using":"xpath","value":"//span[text()='Provide to site - Completed']"}
RESULT: {"using":"xpath","value":"//span[text()='Provide to site - Completed']"}
COMMAND: POST /session/8690b08f518c8418ef29018541b658af/elements - {"using":"xpath","value":"//span[text()='Provide to site - Completed']"}
RESULT: {"using":"xpath","value":"//span[text()='Provide to site - Completed']"}
COMMAND: POST /session/8690b08f518c8418ef29018541b658af/elements - {"using":"xpath","value":"//span[text()='Provide to site - Completed']"}
RESULT: {"using":"xpath","value":"//span[text()='Provide to site - Completed']"}
COMMAND: POST /session/8690b08f518c8418ef29018541b658af/elements - {"using":"xpath","value":"//span[text()='Provide to site - Completed']"}
RESULT: {"using":"xpath","value":"//span[text()='Provide to site - Completed']"}
COMMAND: POST /session/8690b08f518c8418ef29018541b658af/elements - {"using":"xpath","value":"//span[text()='Provide to site - Completed']"}
RESULT: {"using":"xpath","value":"//span[text()='Provide to site - Completed']"}
COMMAND: POST /session/8690b08f518c8418ef29018541b658af/elements - {"using":"xpath","value":"//span[text()='Provide to site - Completed']"}
RESULT: {"using":"xpath","value":"//span[text()='Provide to site - Completed']"}
COMMAND: POST /session/8690b08f518c8418ef29018541b658af/elements - {"using":"xpath","value":"//span[text()='Provide to site - Completed']"}
RESULT: {"using":"xpath","value":"//span[text()='Provide to site - Completed']"}
COMMAND: POST /session/8690b08f518c8418ef29018541b658af/elements - {"using":"xpath","value":"//span[text()='Provide to site - Completed']"}
RESULT: {"using":"xpath","value":"//span[text()='Provide to site - Completed']"}
COMMAND: POST /session/8690b08f518c8418ef29018541b658af/elements - {"using":"xpath","value":"//span[text()='Provide to site - Completed']"}
RESULT: {"using":"xpath","value":"//span[text()='Provide to site - Completed']"}
COMMAND: POST /session/8690b08f518c8418ef29018541b658af/elements - {"using":"xpath","value":"//span[text()='Provide to site - Completed']"}
RESULT: {"using":"xpath","value":"//span[text()='Provide to site - Completed']"}
COMMAND: POST /session/8690b08f518c8418ef29018541b658af/elements - {"using":"xpath","value":"//span[text()='Provide to site - Completed']"}
RESULT: {"using":"xpath","value":"//span[text()='Provide to site - Completed']"}
COMMAND: POST /session/8690b08f518c8418ef29018541b658af/elements - {"using":"xpath","value":"//span[text()='Provide to site - Completed']"}
RESULT: {"using":"xpath","value":"//span[text()='Provide to site - Completed']"}
COMMAND: POST /session/8690b08f518c8418ef29018541b658af/elements - {"using":"xpath","value":"//span[text()='Provide to site - Completed']"}
RESULT: {"using":"xpath","value":"//span[text()='Provide to site - Completed']"}
COMMAND: POST /session/8690b08f518c8418ef29018541b658af/elements - {"using":"xpath","value":"//span[text()='Provide to site - Completed']"}
RESULT: {"using":"xpath","value":"//span[text()='Provide to site - Completed']"}
COMMAND: POST /session/8690b08f518c8418ef29018541b658af/elements - {"using":"xpath","value":"//span[text()='Provide to site - Completed']"}
RESULT: {"using":"xpath","value":"//span[text()='Provide to site - Completed']"}
COMMAND: POST /session/8690b08f518c8418ef29018541b658af/elements - {"using":"xpath","value":"//span[text()='Provide to site - Completed']"}
RESULT: {"using":"xpath","value":"//span[text()='Provide to site - Completed']"}
COMMAND: POST /session/8690b08f518c8418ef29018541b658af/elements - {"using":"xpath","value":"//span[text()='Provide to site - Completed']"}
RESULT: {"using":"xpath","value":"//span[text()='Provide to site - Completed']"}
COMMAND: POST /session/8690b08f518c8418ef29018541b658af/elements - {"using":"xpath","value":"//span[text()='Provide to site - Completed']"}
RESULT: {"using":"xpath","value":"//span[text()='Provide to site - Completed']"}
COMMAND: POST /session/8690b08f518c8418ef29018541b658af/elements - {"using":"xpath","value":"//span[text()='Provide to site - Completed']"}
RESULT: {"using":"xpath","value":"//span[text()='Provide to site - Completed']"}
COMMAND: POST /session/8690b08f518c8418ef29018541b658af/elements - {"using":"xpath","value":"//span[text()='Provide to site - Completed']"}
RESULT: {"using":"xpath","value":"//span[text()='Provide to site - Completed']"}
COMMAND: POST /session/8690b08f518c8418ef29018541b658af/elements - {"using":"xpath","value":"//span[text()='Provide to site - Completed']"}
RESULT: {"using":"xpath","value":"//span[text()='Provide to site - Completed']"}
COMMAND: POST /session/8690b08f518c8418ef29018541b658af/elements - {"using":"xpath","value":"//span[text()='Provide to site - Completed']"}
RESULT: {"using":"xpath","value":"//span[text()='Provide to site - Completed']"}
COMMAND: POST /session/8690b08f518c8418ef29018541b658af/elements - {"using":"xpath","value":"//span[text()='Provide to site - Completed']"}
RESULT: {"using":"xpath","value":"//span[text()='Provide to site - Completed']"}
COMMAND: POST /session/8690b08f518c8418ef29018541b658af/elements - {"using":"xpath","value":"//span[text()='Provide to site - Completed']"}
RESULT: {"using":"xpath","value":"//span[text()='Provide to site - Completed']"}
COMMAND: POST /session/8690b08f518c8418ef29018541b658af/elements - {"using":"xpath","value":"//span[text()='Provide to site - Completed']"}
RESULT: {"using":"xpath","value":"//span[text()='Provide to site - Completed']"}
COMMAND: POST /session/8690b08f518c8418ef29018541b658af/elements - {"using":"xpath","value":"//span[text()='Provide to site - Completed']"}
RESULT: {"using":"xpath","value":"//span[text()='Provide to site - Completed']"}
COMMAND: POST /session/8690b08f518c8418ef29018541b658af/elements - {"using":"xpath","value":"//span[text()='Provide to site - Completed']"}
COMMAND: POST /session/8690b08f518c8418ef29018541b658af/execute/async - {"script":"<script> [1562 bytes]","args":[{"selector":{"controlType":"sap.m.Button","viewName":"etm.portal.ui.managehandovers.view.DetailExecuteHO","i18NText":{"propertyName":"text","key":"pickQty"},"interaction":{"idSuffix":"BDI-content"}},"wdio_ui5_key":"etmportal.ui.managehandovers.view.DetailExecuteHOsap.m.Button{\"propertyName\":\"text\",\"key\":\"pickQty\"}"}]}
RESULT: {"using":"xpath","value":"//span[text()='Provide to site - Completed']"}
RESULT: {"script":"<script> [1562 bytes]","args":[{"selector":{"controlType":"sap.m.Button","viewName":"etm.portal.ui.managehandovers.view.DetailExecuteHO","i18NText":{"propertyName":"text","key":"pickQty"},"interaction":{"idSuffix":"BDI-content"}},"wdio_ui5_key":"etmportal.ui.managehandovers.view.DetailExecuteHOsap.m.Button{\"propertyName\":\"text\",\"key\":\"pickQty\"}"}]}
RESULT: undefined
COMMAND: POST /session/8690b08f518c8418ef29018541b658af/execute/async - {"script":"<script> [1562 bytes]","args":[{"selector":{"controlType":"sap.m.Link","viewName":"etm.portal.ui.managehandovers.view.DetailExecuteHO","bindingPath":{"path":"","propertyPath":"/wmDoc","modelName":"warehouseMovModel"}},"wdio_ui5_key":"etmportal.ui.managehandovers.view.DetailExecuteHOsap.m.Link{\"path\":\"\",\"propertyPath\":\"/wmDoc\",\"modelName\":\"warehouseMovModel\"}"}]}
RESULT: {"script":"<script> [1562 bytes]","args":[{"selector":{"controlType":"sap.m.Link","viewName":"etm.portal.ui.managehandovers.view.DetailExecuteHO","bindingPath":{"path":"","propertyPath":"/wmDoc","modelName":"warehouseMovModel"}},"wdio_ui5_key":"etmportal.ui.managehandovers.view.DetailExecuteHOsap.m.Link{\"path\":\"\",\"propertyPath\":\"/wmDoc\",\"modelName\":\"warehouseMovModel\"}"}]}
RESULT: undefined
COMMAND: POST /session/8690b08f518c8418ef29018541b658af/execute/async - {"script":"<script> [1562 bytes]","args":[{"selector":{"controlType":"sap.m.Link","viewName":"etm.portal.ui.managehandovers.view.DetailExecuteHO","properties":{"text":"Warehouse Overview"},"searchOpenDialogs":true},"wdio_ui5_key":"etmportal.ui.managehandovers.view.DetailExecuteHOsap.m.Link{\"text\":\"Warehouse Overview\"}"}]}
RESULT: {"script":"<script> [1562 bytes]","args":[{"selector":{"controlType":"sap.m.Link","viewName":"etm.portal.ui.managehandovers.view.DetailExecuteHO","properties":{"text":"Warehouse Overview"},"searchOpenDialogs":true},"wdio_ui5_key":"etmportal.ui.managehandovers.view.DetailExecuteHOsap.m.Link{\"text\":\"Warehouse Overview\"}"}]}
RESULT: undefined
COMMAND: POST /session/8690b08f518c8418ef29018541b658af/execute/async - {"script":"<script> [1562 bytes]","args":[{"selector":{"controlType":"sap.m.Button","viewName":"etm.portal.ui.warehousemovements.view.DisplayMovement","viewId":"application-warehousemovements-display-component---displayMovement","i18NText":{"propertyName":"text","key":"execution"},"interaction":{"idSuffix":"BDI-content"}},"wdio_ui5_key":"etmportal.ui.warehousemovements.view.DisplayMovementsap.m.Button{\"propertyName\":\"text\",\"key\":\"execution\"}"}]}
RESULT: {"script":"<script> [1562 bytes]","args":[{"selector":{"controlType":"sap.m.Button","viewName":"etm.portal.ui.warehousemovements.view.DisplayMovement","viewId":"application-warehousemovements-display-component---displayMovement","i18NText":{"propertyName":"text","key":"execution"},"interaction":{"idSuffix":"BDI-content"}},"wdio_ui5_key":"etmportal.ui.warehousemovements.view.DisplayMovementsap.m.Button{\"propertyName\":\"text\",\"key\":\"execution\"}"}]}
RESULT: undefined
COMMAND: POST /session/8690b08f518c8418ef29018541b658af/execute/async - {"script":"<script> [1562 bytes]","args":[{"selector":{"controlType":"sap.m.Button","viewName":"etm.portal.ui.warehousemovements.view.ExecuteMovement","viewId":"application-warehousemovements-display-component---executeMovement","properties":{"text":"Items"},"interaction":{"idSuffix":"BDI-content"}},"wdio_ui5_key":"etmportal.ui.warehousemovements.view.ExecuteMovementsap.m.Button{\"text\":\"Items\"}"}]}
RESULT: {"script":"<script> [1562 bytes]","args":[{"selector":{"controlType":"sap.m.Button","viewName":"etm.portal.ui.warehousemovements.view.ExecuteMovement","viewId":"application-warehousemovements-display-component---executeMovement","properties":{"text":"Items"},"interaction":{"idSuffix":"BDI-content"}},"wdio_ui5_key":"etmportal.ui.warehousemovements.view.ExecuteMovementsap.m.Button{\"text\":\"Items\"}"}]}
RESULT: undefined
COMMAND: POST /session/8690b08f518c8418ef29018541b658af/execute/async - {"script":"<script> [1562 bytes]","args":[{"selector":{"controlType":"sap.m.ToggleButton","viewName":"etm.portal.ui.warehousemovements.view.ExecuteMovement","viewId":"application-warehousemovements-display-component---executeMovement","bindingPath":{"propertyPath":"STATUS","modelName":"catalogModel"},"interaction":{"idSuffix":"BDI-content"}},"wdio_ui5_key":"etmportal.ui.warehousemovements.view.ExecuteMovementsap.m.ToggleButton{\"propertyPath\":\"STATUS\",\"modelName\":\"catalogModel\"}"}]}
RESULT: {"script":"<script> [1562 bytes]","args":[{"selector":{"controlType":"sap.m.ToggleButton","viewName":"etm.portal.ui.warehousemovements.view.ExecuteMovement","viewId":"application-warehousemovements-display-component---executeMovement","bindingPath":{"propertyPath":"STATUS","modelName":"catalogModel"},"interaction":{"idSuffix":"BDI-content"}},"wdio_ui5_key":"etmportal.ui.warehousemovements.view.ExecuteMovementsap.m.ToggleButton{\"propertyPath\":\"STATUS\",\"modelName\":\"catalogModel\"}"}]}
RESULT: undefined
RESULT: undefined
RESULT: undefined
COMMAND: POST /session/8690b08f518c8418ef29018541b658af/execute/async - {"script":"<script> [1562 bytes]","args":[{"selector":{"id":"application-warehousemovements-display-component---executeMovement--executeId","interaction":{"idSuffix":"BDI-content"}},"wdio_ui5_key":"applicationwarehousemovements-display-component---executeMovement--executeId"}]}
RESULT: {"script":"<script> [1562 bytes]","args":[{"selector":{"id":"application-warehousemovements-display-component---executeMovement--executeId","interaction":{"idSuffix":"BDI-content"}},"wdio_ui5_key":"applicationwarehousemovements-display-component---executeMovement--executeId"}]}
RESULT: undefined
COMMAND: POST /session/8690b08f518c8418ef29018541b658af/element - {"using":"css selector","value":"#shell-header-logo"}
RESULT: {"using":"css selector","value":"#shell-header-logo"}
COMMAND: POST /session/8690b08f518c8418ef29018541b658af/element/f.032590EE386F29951754CC6C5B23B0CB.d.5A27EEEB004DDED927B23823FF6A63A1.e.5231/click - {}
RESULT: {}
COMMAND: GET /session/8690b08f518c8418ef29018541b658af/screenshot - {}
RESULT: {}
RESULT: undefined
COMMAND: POST /session/8690b08f518c8418ef29018541b658af/execute/async - {"script":"<script> [1562 bytes]","args":[{"selector":{"controlType":"sap.m.SearchField","viewName":"etm.portal.ui.managehandovers.view.MasterHO","bindingPath":{"propertyPath":"/_BASIC_SEARCH_FIELD","modelName":"fi1t3rM0d31"},"interaction":{"idSuffix":"I"}},"wdio_ui5_key":"etmportal.ui.managehandovers.view.MasterHOsap.m.SearchField{\"propertyPath\":\"/_BASIC_SEARCH_FIELD\",\"modelName\":\"fi1t3rM0d31\"}"}]}
RESULT: {"script":"<script> [1562 bytes]","args":[{"selector":{"controlType":"sap.m.SearchField","viewName":"etm.portal.ui.managehandovers.view.MasterHO","bindingPath":{"propertyPath":"/_BASIC_SEARCH_FIELD","modelName":"fi1t3rM0d31"},"interaction":{"idSuffix":"I"}},"wdio_ui5_key":"etmportal.ui.managehandovers.view.MasterHOsap.m.SearchField{\"propertyPath\":\"/_BASIC_SEARCH_FIELD\",\"modelName\":\"fi1t3rM0d31\"}"}]}
RESULT: undefined
COMMAND: POST /session/8690b08f518c8418ef29018541b658af/actions - {"actions":[{"id":"action29","type":"key","parameters":{},"actions":[{"type":"keyDown","value":"î€‡"},{"type":"pause","duration":10},{"type":"keyUp","value":"î€‡"}]}]}
RESULT: {"actions":[{"id":"action29","type":"key","parameters":{},"actions":[{"type":"keyDown","value":"î€‡"},{"type":"pause","duration":10},{"type":"keyUp","value":"î€‡"}]}]}
COMMAND: GET /session/8690b08f518c8418ef29018541b658af/screenshot - {}
COMMAND: POST /session/8690b08f518c8418ef29018541b658af/execute/async - {"script":"<script> [1562 bytes]","args":[{"selector":{"controlType":"sap.ui.core.Icon","viewName":"etm.portal.ui.managehandovers.view.MasterHO","properties":{"src":{"regex":{"source":"slim\\-arrow\\-right"}}}},"wdio_ui5_key":"etmportal.ui.managehandovers.view.MasterHOsap.ui.core.Icon{\"src\":{\"regex\":{\"source\":\"slim\\\\-arrow\\\\-right\"}}}"}]}
RESULT: {}
RESULT: {"script":"<script> [1562 bytes]","args":[{"selector":{"controlType":"sap.ui.core.Icon","viewName":"etm.portal.ui.managehandovers.view.MasterHO","properties":{"src":{"regex":{"source":"slim\\-arrow\\-right"}}}},"wdio_ui5_key":"etmportal.ui.managehandovers.view.MasterHOsap.ui.core.Icon{\"src\":{\"regex\":{\"source\":\"slim\\\\-arrow\\\\-right\"}}}"}]}
RESULT: undefined
COMMAND: POST /session/8690b08f518c8418ef29018541b658af/execute/async - {"script":"<script> [1562 bytes]","args":[{"selector":{"controlType":"sap.m.Button","viewName":"etm.portal.ui.managehandovers.view.DetailExecuteHO","i18NText":{"propertyName":"text","key":"confirmAll"},"interaction":{"idSuffix":"BDI-content"}},"wdio_ui5_key":"etmportal.ui.managehandovers.view.DetailExecuteHOsap.m.Button{\"propertyName\":\"text\",\"key\":\"confirmAll\"}"}]}
RESULT: {"script":"<script> [1562 bytes]","args":[{"selector":{"controlType":"sap.m.Button","viewName":"etm.portal.ui.managehandovers.view.DetailExecuteHO","i18NText":{"propertyName":"text","key":"confirmAll"},"interaction":{"idSuffix":"BDI-content"}},"wdio_ui5_key":"etmportal.ui.managehandovers.view.DetailExecuteHOsap.m.Button{\"propertyName\":\"text\",\"key\":\"confirmAll\"}"}]}
RESULT: undefined
COMMAND: POST /session/8690b08f518c8418ef29018541b658af/actions - {"actions":[{"id":"action30","type":"key","parameters":{},"actions":[{"type":"keyDown","value":"î€‡"},{"type":"pause","duration":10},{"type":"keyUp","value":"î€‡"}]}]}
RESULT: {"actions":[{"id":"action30","type":"key","parameters":{},"actions":[{"type":"keyDown","value":"î€‡"},{"type":"pause","duration":10},{"type":"keyUp","value":"î€‡"}]}]}
COMMAND: GET /session/8690b08f518c8418ef29018541b658af/screenshot - {}
RESULT: {}
COMMAND: POST /session/8690b08f518c8418ef29018541b658af/execute/async - {"script":"<script> [1562 bytes]","args":[{"selector":{"id":"confirmationButton","viewName":"etm.portal.ui.managehandovers.view.DetailExecuteHO","properties":{"text":"Issue"},"interaction":{"idSuffix":"BDI-content"}},"wdio_ui5_key":"confirmationButtonetmportal.ui.managehandovers.view.DetailExecuteHO{\"text\":\"Issue\"}"}]}
RESULT: {"script":"<script> [1562 bytes]","args":[{"selector":{"id":"confirmationButton","viewName":"etm.portal.ui.managehandovers.view.DetailExecuteHO","properties":{"text":"Issue"},"interaction":{"idSuffix":"BDI-content"}},"wdio_ui5_key":"confirmationButtonetmportal.ui.managehandovers.view.DetailExecuteHO{\"text\":\"Issue\"}"}]}
RESULT: undefined
RESULT: undefined
COMMAND: POST /session/8690b08f518c8418ef29018541b658af/actions - {"actions":[{"id":"action31","type":"key","parameters":{},"actions":[{"type":"keyDown","value":"î€‡"},{"type":"pause","duration":10},{"type":"keyUp","value":"î€‡"}]}]}
RESULT: {"actions":[{"id":"action31","type":"key","parameters":{},"actions":[{"type":"keyDown","value":"î€‡"},{"type":"pause","duration":10},{"type":"keyUp","value":"î€‡"}]}]}
COMMAND: GET /session/8690b08f518c8418ef29018541b658af/screenshot - {}
RESULT: {}
RESULT: undefined
COMMAND: POST /session/8690b08f518c8418ef29018541b658af/execute/async - {"script":"<script> [1562 bytes]","args":[{"selector":{"id":"instructionsTabFilter","viewName":"etm.portal.ui.managehandovers.view.DetailExecuteHO","interaction":{"idSuffix":"text"}},"wdio_ui5_key":"instructionsTabFilteretmportal.ui.managehandovers.view.DetailExecuteHO"}]}
RESULT: {"script":"<script> [1562 bytes]","args":[{"selector":{"id":"instructionsTabFilter","viewName":"etm.portal.ui.managehandovers.view.DetailExecuteHO","interaction":{"idSuffix":"text"}},"wdio_ui5_key":"instructionsTabFilteretmportal.ui.managehandovers.view.DetailExecuteHO"}]}
RESULT: undefined
RESULT: undefined
COMMAND: POST /session/8690b08f518c8418ef29018541b658af/execute/async - {"script":"<script> [1562 bytes]","args":[{"selector":{"controlType":"sap.m.ComboBox","viewName":"etm.portal.ui.managehandovers.view.DetailExecuteHO","bindingPath":{"propertyPath":"RECEIVING_SECTION","modelName":"catalogModel"},"interaction":{"idSuffix":"inner"}},"wdio_ui5_key":"etmportal.ui.managehandovers.view.DetailExecuteHOsap.m.ComboBox{\"propertyPath\":\"RECEIVING_SECTION\",\"modelName\":\"catalogModel\"}"}]}
RESULT: {"script":"<script> [1562 bytes]","args":[{"selector":{"controlType":"sap.m.ComboBox","viewName":"etm.portal.ui.managehandovers.view.DetailExecuteHO","bindingPath":{"propertyPath":"RECEIVING_SECTION","modelName":"catalogModel"},"interaction":{"idSuffix":"inner"}},"wdio_ui5_key":"etmportal.ui.managehandovers.view.DetailExecuteHOsap.m.ComboBox{\"propertyPath\":\"RECEIVING_SECTION\",\"modelName\":\"catalogModel\"}"}]}
RESULT: undefined
COMMAND: POST /session/8690b08f518c8418ef29018541b658af/actions - {"actions":[{"id":"action32","type":"key","parameters":{},"actions":[{"type":"keyDown","value":"î€‡"},{"type":"pause","duration":10},{"type":"keyUp","value":"î€‡"}]}]}
RESULT: {"actions":[{"id":"action32","type":"key","parameters":{},"actions":[{"type":"keyDown","value":"î€‡"},{"type":"pause","duration":10},{"type":"keyUp","value":"î€‡"}]}]}
COMMAND: GET /session/8690b08f518c8418ef29018541b658af/screenshot - {}
RESULT: {}
COMMAND: POST /session/8690b08f518c8418ef29018541b658af/execute/async - {"script":"<script> [1562 bytes]","args":[{"selector":{"id":"confirmationButton","viewName":"etm.portal.ui.managehandovers.view.DetailExecuteHO","properties":{"text":"Receive"},"interaction":{"idSuffix":"BDI-content"}},"wdio_ui5_key":"confirmationButtonetmportal.ui.managehandovers.view.DetailExecuteHO{\"text\":\"Receive\"}"}]}
RESULT: {"script":"<script> [1562 bytes]","args":[{"selector":{"id":"confirmationButton","viewName":"etm.portal.ui.managehandovers.view.DetailExecuteHO","properties":{"text":"Receive"},"interaction":{"idSuffix":"BDI-content"}},"wdio_ui5_key":"confirmationButtonetmportal.ui.managehandovers.view.DetailExecuteHO{\"text\":\"Receive\"}"}]}
RESULT: undefined
COMMAND: POST /session/8690b08f518c8418ef29018541b658af/execute/async - {"script":"<script> [1562 bytes]","args":[{"selector":{"controlType":"sap.m.Button","properties":{"text":"Continue"},"searchOpenDialogs":true,"interaction":{"idSuffix":"content"}},"wdio_ui5_key":"sapm.Button{\"text\":\"Continue\"}"}]}
RESULT: {"script":"<script> [1562 bytes]","args":[{"selector":{"controlType":"sap.m.Button","properties":{"text":"Continue"},"searchOpenDialogs":true,"interaction":{"idSuffix":"content"}},"wdio_ui5_key":"sapm.Button{\"text\":\"Continue\"}"}]}
RESULT: undefined
]]></system-out>
    </testcase>
    <testcase classname="chrome.135_0_7049_115.windows.Provide_to_Site_w/o_warehouse_management_w_clarification" name="Should test for Clarification" time="27.036">
      <system-out><![CDATA[
RESULT: undefined
RESULT: undefined
COMMAND: POST /session/8690b08f518c8418ef29018541b658af/actions - {"actions":[{"id":"action33","type":"key","parameters":{},"actions":[{"type":"keyDown","value":"î€‡"},{"type":"pause","duration":10},{"type":"keyUp","value":"î€‡"}]}]}
RESULT: {"actions":[{"id":"action33","type":"key","parameters":{},"actions":[{"type":"keyDown","value":"î€‡"},{"type":"pause","duration":10},{"type":"keyUp","value":"î€‡"}]}]}
COMMAND: GET /session/8690b08f518c8418ef29018541b658af/screenshot - {}
RESULT: {}
RESULT: undefined
RESULT: undefined
RESULT: undefined
COMMAND: POST /session/8690b08f518c8418ef29018541b658af/execute/async - {"script":"<script> [1562 bytes]","args":[{"selector":{"controlType":"sap.m.ToggleButton","viewName":"etm.portal.ui.managehandovers.view.DetailExecuteHO","i18NText":{"propertyName":"text","key":"refuse"},"interaction":{"idSuffix":"BDI-content"}},"wdio_ui5_key":"etmportal.ui.managehandovers.view.DetailExecuteHOsap.m.ToggleButton{\"propertyName\":\"text\",\"key\":\"refuse\"}"}]}
RESULT: {"script":"<script> [1562 bytes]","args":[{"selector":{"controlType":"sap.m.ToggleButton","viewName":"etm.portal.ui.managehandovers.view.DetailExecuteHO","i18NText":{"propertyName":"text","key":"refuse"},"interaction":{"idSuffix":"BDI-content"}},"wdio_ui5_key":"etmportal.ui.managehandovers.view.DetailExecuteHOsap.m.ToggleButton{\"propertyName\":\"text\",\"key\":\"refuse\"}"}]}
RESULT: undefined
COMMAND: POST /session/8690b08f518c8418ef29018541b658af/execute/async - {"script":"<script> [1562 bytes]","args":[{"selector":{"id":"confirmationButton","viewName":"etm.portal.ui.managehandovers.view.DetailExecuteHO","interaction":{"idSuffix":"BDI-content"},"properties":{"text":"Receive / Refuse"}},"wdio_ui5_key":"confirmationButtonetmportal.ui.managehandovers.view.DetailExecuteHO{\"text\":\"Receive / Refuse\"}"}]}
RESULT: {"script":"<script> [1562 bytes]","args":[{"selector":{"id":"confirmationButton","viewName":"etm.portal.ui.managehandovers.view.DetailExecuteHO","interaction":{"idSuffix":"BDI-content"},"properties":{"text":"Receive / Refuse"}},"wdio_ui5_key":"confirmationButtonetmportal.ui.managehandovers.view.DetailExecuteHO{\"text\":\"Receive / Refuse\"}"}]}
RESULT: undefined
COMMAND: POST /session/8690b08f518c8418ef29018541b658af/element - {"using":"css selector","value":"#j_username"}
COMMAND: POST /session/8690b08f518c8418ef29018541b658af/url - {"url":"https://qa-testing-00-live-etm-ui.cfapps.eu10-004.hana.ondemand.com/"}
COMMAND: GET /session/8690b08f518c8418ef29018541b658af/screenshot - {}
RESULT: {"using":"css selector","value":"#j_username"}
COMMAND: POST /session/8690b08f518c8418ef29018541b658af/element - {"using":"css selector","value":"#j_username"}
RESULT: {"url":"https://qa-testing-00-live-etm-ui.cfapps.eu10-004.hana.ondemand.com/"}
RESULT: undefined
COMMAND: GET /session/8690b08f518c8418ef29018541b658af/screenshot - {}
RESULT: {}
RESULT: {"using":"css selector","value":"#j_username"}
COMMAND: POST /session/8690b08f518c8418ef29018541b658af/element - {"using":"css selector","value":"#shell-header-logo"}
RESULT: {}
RESULT: {"using":"css selector","value":"#shell-header-logo"}
COMMAND: POST /session/8690b08f518c8418ef29018541b658af/execute/sync - {"script":"<script> [8489 bytes]","args":[{"element-6066-11e4-a52e-4f735466cecf":"f.032590EE386F29951754CC6C5B23B0CB.d.4F7211B38649641B3789A7AF39EC40A0.e.5899","ELEMENT":"f.032590EE386F29951754CC6C5B23B0CB.d.4F7211B38649641B3789A7AF39EC40A0.e.5899"}]}
RESULT: {"script":"<script> [8489 bytes]","args":[{"element-6066-11e4-a52e-4f735466cecf":"f.032590EE386F29951754CC6C5B23B0CB.d.4F7211B38649641B3789A7AF39EC40A0.e.5899","ELEMENT":"f.032590EE386F29951754CC6C5B23B0CB.d.4F7211B38649641B3789A7AF39EC40A0.e.5899"}]}
COMMAND: POST /session/8690b08f518c8418ef29018541b658af/element - {"using":"css selector","value":"#shell-header-logo"}
COMMAND: GET /session/8690b08f518c8418ef29018541b658af/screenshot - {}
RESULT: {"using":"css selector","value":"#shell-header-logo"}
COMMAND: POST /session/8690b08f518c8418ef29018541b658af/execute/sync - {"script":"<script> [8489 bytes]","args":[{"element-6066-11e4-a52e-4f735466cecf":"f.032590EE386F29951754CC6C5B23B0CB.d.4F7211B38649641B3789A7AF39EC40A0.e.5899","ELEMENT":"f.032590EE386F29951754CC6C5B23B0CB.d.4F7211B38649641B3789A7AF39EC40A0.e.5899"}]}
RESULT: {}
RESULT: {"script":"<script> [8489 bytes]","args":[{"element-6066-11e4-a52e-4f735466cecf":"f.032590EE386F29951754CC6C5B23B0CB.d.4F7211B38649641B3789A7AF39EC40A0.e.5899","ELEMENT":"f.032590EE386F29951754CC6C5B23B0CB.d.4F7211B38649641B3789A7AF39EC40A0.e.5899"}]}
COMMAND: POST /session/8690b08f518c8418ef29018541b658af/execute/sync - {"script":"<script> [5351 bytes]","args":[{"element-6066-11e4-a52e-4f735466cecf":"f.032590EE386F29951754CC6C5B23B0CB.d.4F7211B38649641B3789A7AF39EC40A0.e.5899","ELEMENT":"f.032590EE386F29951754CC6C5B23B0CB.d.4F7211B38649641B3789A7AF39EC40A0.e.5899"}]}
COMMAND: GET /session/8690b08f518c8418ef29018541b658af/screenshot - {}
RESULT: {"script":"<script> [5351 bytes]","args":[{"element-6066-11e4-a52e-4f735466cecf":"f.032590EE386F29951754CC6C5B23B0CB.d.4F7211B38649641B3789A7AF39EC40A0.e.5899","ELEMENT":"f.032590EE386F29951754CC6C5B23B0CB.d.4F7211B38649641B3789A7AF39EC40A0.e.5899"}]}
COMMAND: POST /session/8690b08f518c8418ef29018541b658af/element - {"using":"css selector","value":"#shell-header-logo"}
COMMAND: GET /session/8690b08f518c8418ef29018541b658af/screenshot - {}
RESULT: {}
RESULT: {"using":"css selector","value":"#shell-header-logo"}
COMMAND: POST /session/8690b08f518c8418ef29018541b658af/element/f.032590EE386F29951754CC6C5B23B0CB.d.4F7211B38649641B3789A7AF39EC40A0.e.5899/click - {}
RESULT: {}
RESULT: {}
COMMAND: GET /session/8690b08f518c8418ef29018541b658af/screenshot - {}
RESULT: {}
COMMAND: POST /session/8690b08f518c8418ef29018541b658af/execute/async - {"script":"<script> [189 bytes]","args":[]}
RESULT: {"script":"<script> [189 bytes]","args":[]}
COMMAND: POST /session/8690b08f518c8418ef29018541b658af/execute/async - {"script":"<script> [123 bytes]","args":[]}
RESULT: {"script":"<script> [123 bytes]","args":[]}
COMMAND: POST /session/8690b08f518c8418ef29018541b658af/timeouts - {"script":"<number>"}
RESULT: {"script":"<number>"}
COMMAND: GET /session/8690b08f518c8418ef29018541b658af/timeouts - {}
RESULT: {}
RESULT: undefined
COMMAND: POST /session/8690b08f518c8418ef29018541b658af/execute/async - {"script":"<script> [2676 bytes]","args":[]}
RESULT: {"script":"<script> [2676 bytes]","args":[]}
COMMAND: POST /session/8690b08f518c8418ef29018541b658af/execute/async - {"script":"<script> [2342 bytes]","args":[{"protocol":"http","hostname":"0.0.0.0","path":"/","capabilities":{"browserName":"chrome","goog:chromeOptions":{"binary":"C:\\Program Files\\Google\\Chrome\\Application\\chrome.exe","args":["--start-maximized"]}},"logLevel":"warn","connectionRetryTimeout":120000,"connectionRetryCount":3,"logLevels":{},"enableDirectConnect":true,"strictSSL":true,"_":"65 more keys: [\"cacheDir\",\"port\",\"requestedCapabilities\",\"automationProtocol\",\"baseUrl\",\"waitforInterval\",\"waitforTimeout\",\"onReload\",\"beforeCommand\",\"afterCommand\",\"rootDir\",\"specs\",\"suites\",\"exclude\",\"groupLogsByTestSpec\",\"excludeDriverLogs\",\"bail\",\"framework\",\"reporters\",\"services\",\"maxInstances\",\"maxInstancesPerCapability\",\"injectGlobals\",\"filesToWatch\",\"execArgv\",\"runnerEnv\",\"runner\",\"shard\",\"specFileRetries\",\"specFileRetriesDelay\",\"specFileRetriesDeferred\",\"reporterSyncInterval\",\"reporterSyncTimeout\",\"cucumberFeaturesWithLineNumbers\",\"autoCompileOpts\",\"mochaOpts\",\"jasmineOpts\",\"cucumberOpts\",\"onPrepare\",\"onWorkerStart\",\"onWorkerEnd\",\"before\",\"beforeSession\",\"beforeSuite\",\"beforeHook\",\"beforeTest\",\"afterTest\",\"afterHook\",\"afterSuite\",\"afterSession\",\"after\",\"onComplete\",\"beforeAssertion\",\"afterAssertion\",\"beforeFeature\",\"beforeScenario\",\"beforeStep\",\"afterStep\",\"afterScenario\",\"afterFeature\",\"_\",\"suite\",\"$0\",\"ignoredWorkerServices\",\"wdi5\"]"}]}
RESULT: {"script":"<script> [2342 bytes]","args":[{"protocol":"http","hostname":"0.0.0.0","path":"/","capabilities":{"browserName":"chrome","goog:chromeOptions":{"binary":"C:\\Program Files\\Google\\Chrome\\Application\\chrome.exe","args":["--start-maximized"]}},"logLevel":"warn","connectionRetryTimeout":120000,"connectionRetryCount":3,"logLevels":{},"enableDirectConnect":true,"strictSSL":true,"_":"65 more keys: [\"cacheDir\",\"port\",\"requestedCapabilities\",\"automationProtocol\",\"baseUrl\",\"waitforInterval\",\"waitforTimeout\",\"onReload\",\"beforeCommand\",\"afterCommand\",\"rootDir\",\"specs\",\"suites\",\"exclude\",\"groupLogsByTestSpec\",\"excludeDriverLogs\",\"bail\",\"framework\",\"reporters\",\"services\",\"maxInstances\",\"maxInstancesPerCapability\",\"injectGlobals\",\"filesToWatch\",\"execArgv\",\"runnerEnv\",\"runner\",\"shard\",\"specFileRetries\",\"specFileRetriesDelay\",\"specFileRetriesDeferred\",\"reporterSyncInterval\",\"reporterSyncTimeout\",\"cucumberFeaturesWithLineNumbers\",\"autoCompileOpts\",\"mochaOpts\",\"jasmineOpts\",\"cucumberOpts\",\"onPrepare\",\"onWorkerStart\",\"onWorkerEnd\",\"before\",\"beforeSession\",\"beforeSuite\",\"beforeHook\",\"beforeTest\",\"afterTest\",\"afterHook\",\"afterSuite\",\"afterSession\",\"after\",\"onComplete\",\"beforeAssertion\",\"afterAssertion\",\"beforeFeature\",\"beforeScenario\",\"beforeStep\",\"afterStep\",\"afterScenario\",\"afterFeature\",\"_\",\"suite\",\"$0\",\"ignoredWorkerServices\",\"wdi5\"]"}]}
COMMAND: POST /session/8690b08f518c8418ef29018541b658af/execute/async - {"script":"<script> [21126 bytes]","args":[35000]}
RESULT: {"script":"<script> [21126 bytes]","args":[35000]}
COMMAND: POST /session/8690b08f518c8418ef29018541b658af/window/maximize - {}
RESULT: {}
COMMAND: POST /session/8690b08f518c8418ef29018541b658af/execute/async - {"script":"<script> [1562 bytes]","args":[{"selector":{"id":"shell-header","interaction":{"idSuffix":"icon"}},"wdio_ui5_key":"shellheader"}]}
COMMAND: GET /session/8690b08f518c8418ef29018541b658af/screenshot - {}
RESULT: {"script":"<script> [1562 bytes]","args":[{"selector":{"id":"shell-header","interaction":{"idSuffix":"icon"}},"wdio_ui5_key":"shellheader"}]}
RESULT: undefined
]]></system-out>
    </testcase>
  </testsuite>
  <testsuite timestamp="2025-05-05T17:16:59" time="325.202" tests="4" failures="0" errors="0" skipped="0">
    <properties>
      <property name="specId" value="0" />
      <property name="suiteName" value="Provide to Site w/o warehouse management w/o clarification US116612" />
      <property name="capabilities" value="chrome.135_0_7049_115.windows" />
      <property name="file" value="file:///D:/a/1/s/test/specs/HTR/provide-to-site-wo-warehouse-wo-clarification.spec.js" />
    </properties>
    <testcase classname="chrome.135_0_7049_115.windows.Provide_to_Site_w/o_warehouse_management_w/o_clarification_US116612" name="Should create a WHM yard" time="97.277">
      <system-out><![CDATA[
COMMAND: POST /session/8690b08f518c8418ef29018541b658af/execute/async - {"script":"<script> [1562 bytes]","args":[{"selector":{"controlType":"sap.m.GenericTile","properties":{"header":"Manage Yards"}},"wdio_ui5_key":"sapm.GenericTile{\"header\":\"Manage Yards\"}"}]}
RESULT: {}
RESULT: {"script":"<script> [1562 bytes]","args":[{"selector":{"controlType":"sap.m.GenericTile","properties":{"header":"Manage Yards"}},"wdio_ui5_key":"sapm.GenericTile{\"header\":\"Manage Yards\"}"}]}
RESULT: undefined
COMMAND: POST /session/8690b08f518c8418ef29018541b658af/element - {"using":"xpath","value":"//*[@id=\"__tile41\"]"}
RESULT: {"using":"xpath","value":"//*[@id=\"__tile41\"]"}
COMMAND: POST /session/8690b08f518c8418ef29018541b658af/element/f.032590EE386F29951754CC6C5B23B0CB.d.4F7211B38649641B3789A7AF39EC40A0.e.5909/click - {}
RESULT: {}
COMMAND: POST /session/8690b08f518c8418ef29018541b658af/execute/async - {"script":"<script> [1562 bytes]","args":[{"selector":{"controlType":"sap.ui.core.Icon","viewName":"etm.portal.ui.manageyards.view.Master","viewId":"application-manageyards-display-component---masterYard","properties":{"src":{"regex":{"source":"add"}}}},"wdio_ui5_key":"etmportal.ui.manageyards.view.Mastersap.ui.core.Icon{\"src\":{\"regex\":{\"source\":\"add\"}}}"}]}
COMMAND: GET /session/8690b08f518c8418ef29018541b658af/screenshot - {}
RESULT: {"script":"<script> [1562 bytes]","args":[{"selector":{"controlType":"sap.ui.core.Icon","viewName":"etm.portal.ui.manageyards.view.Master","viewId":"application-manageyards-display-component---masterYard","properties":{"src":{"regex":{"source":"add"}}}},"wdio_ui5_key":"etmportal.ui.manageyards.view.Mastersap.ui.core.Icon{\"src\":{\"regex\":{\"source\":\"add\"}}}"}]}
RESULT: undefined
COMMAND: POST /session/8690b08f518c8418ef29018541b658af/element - {"using":"xpath","value":"//*[@id=\"__button4-img\"]"}
RESULT: {}
RESULT: {"using":"xpath","value":"//*[@id=\"__button4-img\"]"}
COMMAND: POST /session/8690b08f518c8418ef29018541b658af/element/f.032590EE386F29951754CC6C5B23B0CB.d.4F7211B38649641B3789A7AF39EC40A0.e.5955/click - {}
RESULT: {}
COMMAND: POST /session/8690b08f518c8418ef29018541b658af/execute/async - {"script":"<script> [1562 bytes]","args":[{"selector":{"id":"application-manageyards-display-component---NewYard--addressDetailDetailsName1","interaction":{"idSuffix":"inner"}},"wdio_ui5_key":"applicationmanageyards-display-component---NewYard--addressDetailDetailsName1"}]}
COMMAND: GET /session/8690b08f518c8418ef29018541b658af/screenshot - {}
RESULT: {"script":"<script> [1562 bytes]","args":[{"selector":{"id":"application-manageyards-display-component---NewYard--addressDetailDetailsName1","interaction":{"idSuffix":"inner"}},"wdio_ui5_key":"applicationmanageyards-display-component---NewYard--addressDetailDetailsName1"}]}
RESULT: undefined
COMMAND: POST /session/8690b08f518c8418ef29018541b658af/execute/async - {"script":"<script> [776 bytes]","args":[{"enterText":"warehouse managed Yard","selector":{"id":"application-manageyards-display-component---NewYard--addressDetailDetailsName1","interaction":{"idSuffix":"inner"}},"clearTextFirst":true,"interactionType":"ENTER_TEXT"}]}
RESULT: {}
RESULT: {"script":"<script> [776 bytes]","args":[{"enterText":"warehouse managed Yard","selector":{"id":"application-manageyards-display-component---NewYard--addressDetailDetailsName1","interaction":{"idSuffix":"inner"}},"clearTextFirst":true,"interactionType":"ENTER_TEXT"}]}
COMMAND: POST /session/8690b08f518c8418ef29018541b658af/execute/async - {"script":"<script> [1562 bytes]","args":[{"selector":{"id":"application-manageyards-display-component---NewYard--addressDetailDetailsLanguage-arrow"},"wdio_ui5_key":"applicationmanageyards-display-component---NewYard--addressDetailDetailsLanguage-arrow"}]}
RESULT: {"script":"<script> [1562 bytes]","args":[{"selector":{"id":"application-manageyards-display-component---NewYard--addressDetailDetailsLanguage-arrow"},"wdio_ui5_key":"applicationmanageyards-display-component---NewYard--addressDetailDetailsLanguage-arrow"}]}
RESULT: undefined
COMMAND: POST /session/8690b08f518c8418ef29018541b658af/element - {"using":"xpath","value":"//*[@id=\"application-manageyards-display-component---NewYard--addressDetailDetailsLanguage-arrow\"]"}
RESULT: {"using":"xpath","value":"//*[@id=\"application-manageyards-display-component---NewYard--addressDetailDetailsLanguage-arrow\"]"}
COMMAND: POST /session/8690b08f518c8418ef29018541b658af/element/f.032590EE386F29951754CC6C5B23B0CB.d.4F7211B38649641B3789A7AF39EC40A0.e.6362/click - {}
RESULT: {}
COMMAND: POST /session/8690b08f518c8418ef29018541b658af/execute/async - {"script":"<script> [1562 bytes]","args":[{"selector":{"controlType":"sap.m.StandardListItem","viewName":"etm.portal.ui.manageyards.view.New","viewId":"application-manageyards-display-component---NewYard","properties":{"title":"English"},"searchOpenDialogs":true,"interaction":{"idSuffix":"content"}},"wdio_ui5_key":"etmportal.ui.manageyards.view.Newsap.m.StandardListItem{\"title\":\"English\"}"}]}
COMMAND: GET /session/8690b08f518c8418ef29018541b658af/screenshot - {}
RESULT: {"script":"<script> [1562 bytes]","args":[{"selector":{"controlType":"sap.m.StandardListItem","viewName":"etm.portal.ui.manageyards.view.New","viewId":"application-manageyards-display-component---NewYard","properties":{"title":"English"},"searchOpenDialogs":true,"interaction":{"idSuffix":"content"}},"wdio_ui5_key":"etmportal.ui.manageyards.view.Newsap.m.StandardListItem{\"title\":\"English\"}"}]}
RESULT: undefined
COMMAND: POST /session/8690b08f518c8418ef29018541b658af/element - {"using":"xpath","value":"//*[@id=\"__item101\"]"}
RESULT: {}
RESULT: {"using":"xpath","value":"//*[@id=\"__item101\"]"}
COMMAND: POST /session/8690b08f518c8418ef29018541b658af/element/f.032590EE386F29951754CC6C5B23B0CB.d.4F7211B38649641B3789A7AF39EC40A0.e.6364/click - {}
RESULT: {}
COMMAND: POST /session/8690b08f518c8418ef29018541b658af/execute/async - {"script":"<script> [1562 bytes]","args":[{"selector":{"id":"application-manageyards-display-component---NewYard--addressDetailDetailsCity1","interaction":{"idSuffix":"inner"}},"wdio_ui5_key":"applicationmanageyards-display-component---NewYard--addressDetailDetailsCity1"}]}
COMMAND: GET /session/8690b08f518c8418ef29018541b658af/screenshot - {}
RESULT: {"script":"<script> [1562 bytes]","args":[{"selector":{"id":"application-manageyards-display-component---NewYard--addressDetailDetailsCity1","interaction":{"idSuffix":"inner"}},"wdio_ui5_key":"applicationmanageyards-display-component---NewYard--addressDetailDetailsCity1"}]}
RESULT: undefined
COMMAND: POST /session/8690b08f518c8418ef29018541b658af/execute/async - {"script":"<script> [776 bytes]","args":[{"enterText":"Rosario","selector":{"id":"application-manageyards-display-component---NewYard--addressDetailDetailsCity1","interaction":{"idSuffix":"inner"}},"clearTextFirst":true,"interactionType":"ENTER_TEXT"}]}
RESULT: {}
RESULT: {"script":"<script> [776 bytes]","args":[{"enterText":"Rosario","selector":{"id":"application-manageyards-display-component---NewYard--addressDetailDetailsCity1","interaction":{"idSuffix":"inner"}},"clearTextFirst":true,"interactionType":"ENTER_TEXT"}]}
COMMAND: POST /session/8690b08f518c8418ef29018541b658af/execute/async - {"script":"<script> [1562 bytes]","args":[{"selector":{"id":"application-manageyards-display-component---NewYard--addressDetailDetailsCountry-arrow"},"wdio_ui5_key":"applicationmanageyards-display-component---NewYard--addressDetailDetailsCountry-arrow"}]}
RESULT: {"script":"<script> [1562 bytes]","args":[{"selector":{"id":"application-manageyards-display-component---NewYard--addressDetailDetailsCountry-arrow"},"wdio_ui5_key":"applicationmanageyards-display-component---NewYard--addressDetailDetailsCountry-arrow"}]}
RESULT: undefined
COMMAND: POST /session/8690b08f518c8418ef29018541b658af/element - {"using":"xpath","value":"//*[@id=\"application-manageyards-display-component---NewYard--addressDetailDetailsCountry-arrow\"]"}
RESULT: {"using":"xpath","value":"//*[@id=\"application-manageyards-display-component---NewYard--addressDetailDetailsCountry-arrow\"]"}
COMMAND: POST /session/8690b08f518c8418ef29018541b658af/element/f.032590EE386F29951754CC6C5B23B0CB.d.4F7211B38649641B3789A7AF39EC40A0.e.6325/click - {}
RESULT: {}
COMMAND: POST /session/8690b08f518c8418ef29018541b658af/execute/async - {"script":"<script> [1562 bytes]","args":[{"selector":{"controlType":"sap.m.StandardListItem","viewName":"etm.portal.ui.manageyards.view.New","viewId":"application-manageyards-display-component---NewYard","properties":{"title":"Argentina"},"searchOpenDialogs":true,"interaction":{"idSuffix":"content"}},"wdio_ui5_key":"etmportal.ui.manageyards.view.Newsap.m.StandardListItem{\"title\":\"Argentina\"}"}]}
COMMAND: GET /session/8690b08f518c8418ef29018541b658af/screenshot - {}
RESULT: {"script":"<script> [1562 bytes]","args":[{"selector":{"controlType":"sap.m.StandardListItem","viewName":"etm.portal.ui.manageyards.view.New","viewId":"application-manageyards-display-component---NewYard","properties":{"title":"Argentina"},"searchOpenDialogs":true,"interaction":{"idSuffix":"content"}},"wdio_ui5_key":"etmportal.ui.manageyards.view.Newsap.m.StandardListItem{\"title\":\"Argentina\"}"}]}
RESULT: undefined
COMMAND: POST /session/8690b08f518c8418ef29018541b658af/element - {"using":"xpath","value":"//*[@id=\"__item144\"]"}
RESULT: {}
RESULT: {"using":"xpath","value":"//*[@id=\"__item144\"]"}
COMMAND: POST /session/8690b08f518c8418ef29018541b658af/element/f.032590EE386F29951754CC6C5B23B0CB.d.4F7211B38649641B3789A7AF39EC40A0.e.6368/click - {}
RESULT: {}
COMMAND: POST /session/8690b08f518c8418ef29018541b658af/execute/async - {"script":"<script> [1562 bytes]","args":[{"selector":{"controlType":"sap.m.Button","viewName":"etm.portal.ui.manageyards.view.New","viewId":"application-manageyards-display-component---NewYard","properties":{"text":"Commercial"},"interaction":{"idSuffix":"BDI-content"}},"wdio_ui5_key":"etmportal.ui.manageyards.view.Newsap.m.Button{\"text\":\"Commercial\"}"}]}
COMMAND: GET /session/8690b08f518c8418ef29018541b658af/screenshot - {}
RESULT: {"script":"<script> [1562 bytes]","args":[{"selector":{"controlType":"sap.m.Button","viewName":"etm.portal.ui.manageyards.view.New","viewId":"application-manageyards-display-component---NewYard","properties":{"text":"Commercial"},"interaction":{"idSuffix":"BDI-content"}},"wdio_ui5_key":"etmportal.ui.manageyards.view.Newsap.m.Button{\"text\":\"Commercial\"}"}]}
RESULT: undefined
COMMAND: POST /session/8690b08f518c8418ef29018541b658af/element - {"using":"xpath","value":"//*[@id=\"application-manageyards-display-component---NewYard--ObjectPageLayout-anchBar-__section5-anchor\"]"}
RESULT: {}
RESULT: {"using":"xpath","value":"//*[@id=\"application-manageyards-display-component---NewYard--ObjectPageLayout-anchBar-__section5-anchor\"]"}
COMMAND: POST /session/8690b08f518c8418ef29018541b658af/element/f.032590EE386F29951754CC6C5B23B0CB.d.4F7211B38649641B3789A7AF39EC40A0.e.6370/click - {}
RESULT: {}
COMMAND: GET /session/8690b08f518c8418ef29018541b658af/screenshot - {}
RESULT: {}
COMMAND: POST /session/8690b08f518c8418ef29018541b658af/execute/async - {"script":"<script> [1562 bytes]","args":[{"selector":{"id":"application-manageyards-display-component---NewYard--addressEditDetailsCostObjectCstType-arrow"},"wdio_ui5_key":"applicationmanageyards-display-component---NewYard--addressEditDetailsCostObjectCstType-arrow"}]}
RESULT: {"script":"<script> [1562 bytes]","args":[{"selector":{"id":"application-manageyards-display-component---NewYard--addressEditDetailsCostObjectCstType-arrow"},"wdio_ui5_key":"applicationmanageyards-display-component---NewYard--addressEditDetailsCostObjectCstType-arrow"}]}
RESULT: undefined
COMMAND: POST /session/8690b08f518c8418ef29018541b658af/element - {"using":"xpath","value":"//*[@id=\"application-manageyards-display-component---NewYard--addressEditDetailsCostObjectCstType-arrow\"]"}
RESULT: {"using":"xpath","value":"//*[@id=\"application-manageyards-display-component---NewYard--addressEditDetailsCostObjectCstType-arrow\"]"}
COMMAND: POST /session/8690b08f518c8418ef29018541b658af/element/f.032590EE386F29951754CC6C5B23B0CB.d.4F7211B38649641B3789A7AF39EC40A0.e.6381/click - {}
RESULT: {}
COMMAND: GET /session/8690b08f518c8418ef29018541b658af/screenshot - {}
RESULT: {}
COMMAND: POST /session/8690b08f518c8418ef29018541b658af/execute/async - {"script":"<script> [1562 bytes]","args":[{"selector":{"controlType":"sap.m.StandardListItem","viewName":"etm.portal.ui.manageyards.view.New","viewId":"application-manageyards-display-component---NewYard","properties":{"title":"Cost Center"},"searchOpenDialogs":true,"interaction":{"idSuffix":"titleText"}},"wdio_ui5_key":"etmportal.ui.manageyards.view.Newsap.m.StandardListItem{\"title\":\"Cost Center\"}"}]}
RESULT: {"script":"<script> [1562 bytes]","args":[{"selector":{"controlType":"sap.m.StandardListItem","viewName":"etm.portal.ui.manageyards.view.New","viewId":"application-manageyards-display-component---NewYard","properties":{"title":"Cost Center"},"searchOpenDialogs":true,"interaction":{"idSuffix":"titleText"}},"wdio_ui5_key":"etmportal.ui.manageyards.view.Newsap.m.StandardListItem{\"title\":\"Cost Center\"}"}]}
RESULT: undefined
COMMAND: POST /session/8690b08f518c8418ef29018541b658af/element - {"using":"xpath","value":"//*[@id=\"__item234\"]"}
RESULT: {"using":"xpath","value":"//*[@id=\"__item234\"]"}
COMMAND: POST /session/8690b08f518c8418ef29018541b658af/element/f.032590EE386F29951754CC6C5B23B0CB.d.4F7211B38649641B3789A7AF39EC40A0.e.6383/click - {}
RESULT: {}
COMMAND: POST /session/8690b08f518c8418ef29018541b658af/element - {"using":"xpath","value":"//input[@id=\"application-manageyards-display-component---NewYard--addressNewCostObjectCstID-inner\"]"}
COMMAND: GET /session/8690b08f518c8418ef29018541b658af/screenshot - {}
RESULT: {"using":"xpath","value":"//input[@id=\"application-manageyards-display-component---NewYard--addressNewCostObjectCstID-inner\"]"}
COMMAND: POST /session/8690b08f518c8418ef29018541b658af/element/f.032590EE386F29951754CC6C5B23B0CB.d.4F7211B38649641B3789A7AF39EC40A0.e.6203/clear - {}
RESULT: {}
COMMAND: POST /session/8690b08f518c8418ef29018541b658af/element - {"using":"xpath","value":"//input[@id=\"application-manageyards-display-component---NewYard--addressNewCostObjectCstID-inner\"]"}
RESULT: {"using":"xpath","value":"//input[@id=\"application-manageyards-display-component---NewYard--addressNewCostObjectCstID-inner\"]"}
COMMAND: POST /session/8690b08f518c8418ef29018541b658af/element/f.032590EE386F29951754CC6C5B23B0CB.d.4F7211B38649641B3789A7AF39EC40A0.e.6203/clear - {}
COMMAND: POST /session/8690b08f518c8418ef29018541b658af/element - {"using":"xpath","value":"//input[@id=\"application-manageyards-display-component---NewYard--addressNewCostObjectCstID-inner\"]"}
RESULT: {"using":"xpath","value":"//input[@id=\"application-manageyards-display-component---NewYard--addressNewCostObjectCstID-inner\"]"}
COMMAND: POST /session/8690b08f518c8418ef29018541b658af/element/f.032590EE386F29951754CC6C5B23B0CB.d.4F7211B38649641B3789A7AF39EC40A0.e.6386/clear - {}
COMMAND: POST /session/8690b08f518c8418ef29018541b658af/element - {"using":"xpath","value":"//input[@id=\"application-manageyards-display-component---NewYard--addressNewCostObjectCstID-inner\"]"}
RESULT: {"using":"xpath","value":"//input[@id=\"application-manageyards-display-component---NewYard--addressNewCostObjectCstID-inner\"]"}
COMMAND: POST /session/8690b08f518c8418ef29018541b658af/element/f.032590EE386F29951754CC6C5B23B0CB.d.4F7211B38649641B3789A7AF39EC40A0.e.6386/clear - {}
COMMAND: POST /session/8690b08f518c8418ef29018541b658af/element - {"using":"xpath","value":"//input[@id=\"application-manageyards-display-component---NewYard--addressNewCostObjectCstID-inner\"]"}
RESULT: {"using":"xpath","value":"//input[@id=\"application-manageyards-display-component---NewYard--addressNewCostObjectCstID-inner\"]"}
COMMAND: POST /session/8690b08f518c8418ef29018541b658af/element/f.032590EE386F29951754CC6C5B23B0CB.d.4F7211B38649641B3789A7AF39EC40A0.e.6388/clear - {}
RESULT: {}
COMMAND: POST /session/8690b08f518c8418ef29018541b658af/element/f.032590EE386F29951754CC6C5B23B0CB.d.4F7211B38649641B3789A7AF39EC40A0.e.6388/value - {"text":"10001013"}
COMMAND: GET /session/8690b08f518c8418ef29018541b658af/screenshot - {}
RESULT: {"text":"10001013"}
COMMAND: GET /session/8690b08f518c8418ef29018541b658af/screenshot - {}
RESULT: {}
RESULT: {}
COMMAND: POST /session/8690b08f518c8418ef29018541b658af/execute/async - {"script":"<script> [1562 bytes]","args":[{"selector":{"controlType":"sap.m.StandardListItem","viewName":"etm.portal.ui.manageyards.view.New","viewId":"application-manageyards-display-component---NewYard","properties":{"type":"Active"},"searchOpenDialogs":true,"interaction":{"idSuffix":"titleText"}},"wdio_ui5_key":"etmportal.ui.manageyards.view.Newsap.m.StandardListItem{\"type\":\"Active\"}"}]}
RESULT: {"script":"<script> [1562 bytes]","args":[{"selector":{"controlType":"sap.m.StandardListItem","viewName":"etm.portal.ui.manageyards.view.New","viewId":"application-manageyards-display-component---NewYard","properties":{"type":"Active"},"searchOpenDialogs":true,"interaction":{"idSuffix":"titleText"}},"wdio_ui5_key":"etmportal.ui.manageyards.view.Newsap.m.StandardListItem{\"type\":\"Active\"}"}]}
RESULT: undefined
COMMAND: POST /session/8690b08f518c8418ef29018541b658af/element - {"using":"xpath","value":"//*[@id=\"__item339\"]"}
RESULT: {"using":"xpath","value":"//*[@id=\"__item339\"]"}
COMMAND: POST /session/8690b08f518c8418ef29018541b658af/element/f.032590EE386F29951754CC6C5B23B0CB.d.4F7211B38649641B3789A7AF39EC40A0.e.6392/click - {}
RESULT: {}
COMMAND: POST /session/8690b08f518c8418ef29018541b658af/execute/async - {"script":"<script> [1562 bytes]","args":[{"selector":{"id":"application-manageyards-display-component---NewYard--addressEditDetailsCurrency-arrow"},"wdio_ui5_key":"applicationmanageyards-display-component---NewYard--addressEditDetailsCurrency-arrow"}]}
COMMAND: GET /session/8690b08f518c8418ef29018541b658af/screenshot - {}
RESULT: {"script":"<script> [1562 bytes]","args":[{"selector":{"id":"application-manageyards-display-component---NewYard--addressEditDetailsCurrency-arrow"},"wdio_ui5_key":"applicationmanageyards-display-component---NewYard--addressEditDetailsCurrency-arrow"}]}
RESULT: undefined
COMMAND: POST /session/8690b08f518c8418ef29018541b658af/element - {"using":"xpath","value":"//*[@id=\"application-manageyards-display-component---NewYard--addressEditDetailsCurrency-arrow\"]"}
RESULT: {}
RESULT: {"using":"xpath","value":"//*[@id=\"application-manageyards-display-component---NewYard--addressEditDetailsCurrency-arrow\"]"}
COMMAND: POST /session/8690b08f518c8418ef29018541b658af/element/f.032590EE386F29951754CC6C5B23B0CB.d.4F7211B38649641B3789A7AF39EC40A0.e.6394/click - {}
RESULT: {}
COMMAND: POST /session/8690b08f518c8418ef29018541b658af/execute/async - {"script":"<script> [1562 bytes]","args":[{"selector":{"controlType":"sap.m.StandardListItem","viewName":"etm.portal.ui.manageyards.view.New","viewId":"application-manageyards-display-component---NewYard","properties":{"title":"Euro"},"searchOpenDialogs":true,"interaction":{"idSuffix":"content"}},"wdio_ui5_key":"etmportal.ui.manageyards.view.Newsap.m.StandardListItem{\"title\":\"Euro\"}"}]}
COMMAND: GET /session/8690b08f518c8418ef29018541b658af/screenshot - {}
RESULT: {"script":"<script> [1562 bytes]","args":[{"selector":{"controlType":"sap.m.StandardListItem","viewName":"etm.portal.ui.manageyards.view.New","viewId":"application-manageyards-display-component---NewYard","properties":{"title":"Euro"},"searchOpenDialogs":true,"interaction":{"idSuffix":"content"}},"wdio_ui5_key":"etmportal.ui.manageyards.view.Newsap.m.StandardListItem{\"title\":\"Euro\"}"}]}
RESULT: undefined
COMMAND: POST /session/8690b08f518c8418ef29018541b658af/element - {"using":"xpath","value":"//*[@id=\"__item340\"]"}
RESULT: {}
RESULT: {"using":"xpath","value":"//*[@id=\"__item340\"]"}
COMMAND: POST /session/8690b08f518c8418ef29018541b658af/element/f.032590EE386F29951754CC6C5B23B0CB.d.4F7211B38649641B3789A7AF39EC40A0.e.6396/click - {}
RESULT: {}
COMMAND: POST /session/8690b08f518c8418ef29018541b658af/execute/async - {"script":"<script> [1562 bytes]","args":[{"selector":{"controlType":"sap.m.Input","viewName":"etm.portal.ui.manageyards.view.New","viewId":"application-manageyards-display-component---NewYard","bindingPath":{"path":"","propertyPath":"/CONTROLLING_AREA","modelName":"NewYardModel"},"interaction":{"idSuffix":"inner"}},"wdio_ui5_key":"etmportal.ui.manageyards.view.Newsap.m.Input{\"path\":\"\",\"propertyPath\":\"/CONTROLLING_AREA\",\"modelName\":\"NewYardModel\"}"}]}
COMMAND: GET /session/8690b08f518c8418ef29018541b658af/screenshot - {}
RESULT: {"script":"<script> [1562 bytes]","args":[{"selector":{"controlType":"sap.m.Input","viewName":"etm.portal.ui.manageyards.view.New","viewId":"application-manageyards-display-component---NewYard","bindingPath":{"path":"","propertyPath":"/CONTROLLING_AREA","modelName":"NewYardModel"},"interaction":{"idSuffix":"inner"}},"wdio_ui5_key":"etmportal.ui.manageyards.view.Newsap.m.Input{\"path\":\"\",\"propertyPath\":\"/CONTROLLING_AREA\",\"modelName\":\"NewYardModel\"}"}]}
RESULT: undefined
COMMAND: POST /session/8690b08f518c8418ef29018541b658af/execute/async - {"script":"<script> [776 bytes]","args":[{"enterText":"Z001","selector":{"controlType":"sap.m.Input","viewName":"etm.portal.ui.manageyards.view.New","viewId":"application-manageyards-display-component---NewYard","bindingPath":{"path":"","propertyPath":"/CONTROLLING_AREA","modelName":"NewYardModel"},"interaction":{"idSuffix":"inner"}},"clearTextFirst":true,"interactionType":"ENTER_TEXT"}]}
RESULT: {}
RESULT: {"script":"<script> [776 bytes]","args":[{"enterText":"Z001","selector":{"controlType":"sap.m.Input","viewName":"etm.portal.ui.manageyards.view.New","viewId":"application-manageyards-display-component---NewYard","bindingPath":{"path":"","propertyPath":"/CONTROLLING_AREA","modelName":"NewYardModel"},"interaction":{"idSuffix":"inner"}},"clearTextFirst":true,"interactionType":"ENTER_TEXT"}]}
COMMAND: POST /session/8690b08f518c8418ef29018541b658af/execute/async - {"script":"<script> [1562 bytes]","args":[{"selector":{"id":"application-manageyards-display-component---NewYard--companyCodeComboBox","interaction":{"idSuffix":"inner"}},"wdio_ui5_key":"applicationmanageyards-display-component---NewYard--companyCodeComboBox"}]}
RESULT: {"script":"<script> [1562 bytes]","args":[{"selector":{"id":"application-manageyards-display-component---NewYard--companyCodeComboBox","interaction":{"idSuffix":"inner"}},"wdio_ui5_key":"applicationmanageyards-display-component---NewYard--companyCodeComboBox"}]}
RESULT: undefined
COMMAND: POST /session/8690b08f518c8418ef29018541b658af/execute/async - {"script":"<script> [776 bytes]","args":[{"enterText":"1000","selector":{"id":"application-manageyards-display-component---NewYard--companyCodeComboBox","interaction":{"idSuffix":"inner"}},"clearTextFirst":true,"interactionType":"ENTER_TEXT"}]}
RESULT: {"script":"<script> [776 bytes]","args":[{"enterText":"1000","selector":{"id":"application-manageyards-display-component---NewYard--companyCodeComboBox","interaction":{"idSuffix":"inner"}},"clearTextFirst":true,"interactionType":"ENTER_TEXT"}]}
COMMAND: POST /session/8690b08f518c8418ef29018541b658af/execute/async - {"script":"<script> [1562 bytes]","args":[{"selector":{"controlType":"sap.m.Input","viewName":"etm.portal.ui.manageyards.view.New","viewId":"application-manageyards-display-component---NewYard","bindingPath":{"path":"","propertyPath":"/PLANT","modelName":"NewYardModel"},"interaction":{"idSuffix":"inner"}},"wdio_ui5_key":"etmportal.ui.manageyards.view.Newsap.m.Input{\"path\":\"\",\"propertyPath\":\"/PLANT\",\"modelName\":\"NewYardModel\"}"}]}
RESULT: {"script":"<script> [1562 bytes]","args":[{"selector":{"controlType":"sap.m.Input","viewName":"etm.portal.ui.manageyards.view.New","viewId":"application-manageyards-display-component---NewYard","bindingPath":{"path":"","propertyPath":"/PLANT","modelName":"NewYardModel"},"interaction":{"idSuffix":"inner"}},"wdio_ui5_key":"etmportal.ui.manageyards.view.Newsap.m.Input{\"path\":\"\",\"propertyPath\":\"/PLANT\",\"modelName\":\"NewYardModel\"}"}]}
RESULT: undefined
COMMAND: POST /session/8690b08f518c8418ef29018541b658af/execute/async - {"script":"<script> [776 bytes]","args":[{"enterText":"1001","selector":{"controlType":"sap.m.Input","viewName":"etm.portal.ui.manageyards.view.New","viewId":"application-manageyards-display-component---NewYard","bindingPath":{"path":"","propertyPath":"/PLANT","modelName":"NewYardModel"},"interaction":{"idSuffix":"inner"}},"clearTextFirst":true,"interactionType":"ENTER_TEXT"}]}
RESULT: {"script":"<script> [776 bytes]","args":[{"enterText":"1001","selector":{"controlType":"sap.m.Input","viewName":"etm.portal.ui.manageyards.view.New","viewId":"application-manageyards-display-component---NewYard","bindingPath":{"path":"","propertyPath":"/PLANT","modelName":"NewYardModel"},"interaction":{"idSuffix":"inner"}},"clearTextFirst":true,"interactionType":"ENTER_TEXT"}]}
COMMAND: POST /session/8690b08f518c8418ef29018541b658af/execute/async - {"script":"<script> [1562 bytes]","args":[{"selector":{"controlType":"sap.m.Input","viewName":"etm.portal.ui.manageyards.view.New","viewId":"application-manageyards-display-component---NewYard","bindingPath":{"path":"","propertyPath":"/SALES_AREA_VKORG","modelName":"NewYardModel"},"interaction":{"idSuffix":"inner"}},"wdio_ui5_key":"etmportal.ui.manageyards.view.Newsap.m.Input{\"path\":\"\",\"propertyPath\":\"/SALES_AREA_VKORG\",\"modelName\":\"NewYardModel\"}"}]}
RESULT: {"script":"<script> [1562 bytes]","args":[{"selector":{"controlType":"sap.m.Input","viewName":"etm.portal.ui.manageyards.view.New","viewId":"application-manageyards-display-component---NewYard","bindingPath":{"path":"","propertyPath":"/SALES_AREA_VKORG","modelName":"NewYardModel"},"interaction":{"idSuffix":"inner"}},"wdio_ui5_key":"etmportal.ui.manageyards.view.Newsap.m.Input{\"path\":\"\",\"propertyPath\":\"/SALES_AREA_VKORG\",\"modelName\":\"NewYardModel\"}"}]}
RESULT: undefined
COMMAND: POST /session/8690b08f518c8418ef29018541b658af/execute/async - {"script":"<script> [776 bytes]","args":[{"enterText":"C002","selector":{"controlType":"sap.m.Input","viewName":"etm.portal.ui.manageyards.view.New","viewId":"application-manageyards-display-component---NewYard","bindingPath":{"path":"","propertyPath":"/SALES_AREA_VKORG","modelName":"NewYardModel"},"interaction":{"idSuffix":"inner"}},"clearTextFirst":true,"interactionType":"ENTER_TEXT"}]}
RESULT: {"script":"<script> [776 bytes]","args":[{"enterText":"C002","selector":{"controlType":"sap.m.Input","viewName":"etm.portal.ui.manageyards.view.New","viewId":"application-manageyards-display-component---NewYard","bindingPath":{"path":"","propertyPath":"/SALES_AREA_VKORG","modelName":"NewYardModel"},"interaction":{"idSuffix":"inner"}},"clearTextFirst":true,"interactionType":"ENTER_TEXT"}]}
COMMAND: POST /session/8690b08f518c8418ef29018541b658af/execute/async - {"script":"<script> [1562 bytes]","args":[{"selector":{"controlType":"sap.m.Input","viewName":"etm.portal.ui.manageyards.view.New","viewId":"application-manageyards-display-component---NewYard","bindingPath":{"path":"","propertyPath":"/SALES_AREA_VTWEG","modelName":"NewYardModel"},"interaction":{"idSuffix":"inner"}},"wdio_ui5_key":"etmportal.ui.manageyards.view.Newsap.m.Input{\"path\":\"\",\"propertyPath\":\"/SALES_AREA_VTWEG\",\"modelName\":\"NewYardModel\"}"}]}
RESULT: {"script":"<script> [1562 bytes]","args":[{"selector":{"controlType":"sap.m.Input","viewName":"etm.portal.ui.manageyards.view.New","viewId":"application-manageyards-display-component---NewYard","bindingPath":{"path":"","propertyPath":"/SALES_AREA_VTWEG","modelName":"NewYardModel"},"interaction":{"idSuffix":"inner"}},"wdio_ui5_key":"etmportal.ui.manageyards.view.Newsap.m.Input{\"path\":\"\",\"propertyPath\":\"/SALES_AREA_VTWEG\",\"modelName\":\"NewYardModel\"}"}]}
RESULT: undefined
COMMAND: POST /session/8690b08f518c8418ef29018541b658af/execute/async - {"script":"<script> [776 bytes]","args":[{"enterText":"C2","selector":{"controlType":"sap.m.Input","viewName":"etm.portal.ui.manageyards.view.New","viewId":"application-manageyards-display-component---NewYard","bindingPath":{"path":"","propertyPath":"/SALES_AREA_VTWEG","modelName":"NewYardModel"},"interaction":{"idSuffix":"inner"}},"clearTextFirst":true,"interactionType":"ENTER_TEXT"}]}
RESULT: {"script":"<script> [776 bytes]","args":[{"enterText":"C2","selector":{"controlType":"sap.m.Input","viewName":"etm.portal.ui.manageyards.view.New","viewId":"application-manageyards-display-component---NewYard","bindingPath":{"path":"","propertyPath":"/SALES_AREA_VTWEG","modelName":"NewYardModel"},"interaction":{"idSuffix":"inner"}},"clearTextFirst":true,"interactionType":"ENTER_TEXT"}]}
COMMAND: POST /session/8690b08f518c8418ef29018541b658af/execute/async - {"script":"<script> [1562 bytes]","args":[{"selector":{"controlType":"sap.m.Input","viewName":"etm.portal.ui.manageyards.view.New","viewId":"application-manageyards-display-component---NewYard","bindingPath":{"path":"","propertyPath":"/SALES_AREA_SPART","modelName":"NewYardModel"},"interaction":{"idSuffix":"inner"}},"wdio_ui5_key":"etmportal.ui.manageyards.view.Newsap.m.Input{\"path\":\"\",\"propertyPath\":\"/SALES_AREA_SPART\",\"modelName\":\"NewYardModel\"}"}]}
RESULT: {"script":"<script> [1562 bytes]","args":[{"selector":{"controlType":"sap.m.Input","viewName":"etm.portal.ui.manageyards.view.New","viewId":"application-manageyards-display-component---NewYard","bindingPath":{"path":"","propertyPath":"/SALES_AREA_SPART","modelName":"NewYardModel"},"interaction":{"idSuffix":"inner"}},"wdio_ui5_key":"etmportal.ui.manageyards.view.Newsap.m.Input{\"path\":\"\",\"propertyPath\":\"/SALES_AREA_SPART\",\"modelName\":\"NewYardModel\"}"}]}
RESULT: undefined
COMMAND: POST /session/8690b08f518c8418ef29018541b658af/execute/async - {"script":"<script> [776 bytes]","args":[{"enterText":"C2","selector":{"controlType":"sap.m.Input","viewName":"etm.portal.ui.manageyards.view.New","viewId":"application-manageyards-display-component---NewYard","bindingPath":{"path":"","propertyPath":"/SALES_AREA_SPART","modelName":"NewYardModel"},"interaction":{"idSuffix":"inner"}},"clearTextFirst":true,"interactionType":"ENTER_TEXT"}]}
RESULT: {"script":"<script> [776 bytes]","args":[{"enterText":"C2","selector":{"controlType":"sap.m.Input","viewName":"etm.portal.ui.manageyards.view.New","viewId":"application-manageyards-display-component---NewYard","bindingPath":{"path":"","propertyPath":"/SALES_AREA_SPART","modelName":"NewYardModel"},"interaction":{"idSuffix":"inner"}},"clearTextFirst":true,"interactionType":"ENTER_TEXT"}]}
COMMAND: POST /session/8690b08f518c8418ef29018541b658af/execute/async - {"script":"<script> [1562 bytes]","args":[{"selector":{"controlType":"sap.m.Input","viewName":"etm.portal.ui.manageyards.view.New","viewId":"application-manageyards-display-component---NewYard","bindingPath":{"path":"","propertyPath":"/SHIP_POINT","modelName":"NewYardModel"},"interaction":{"idSuffix":"inner"}},"wdio_ui5_key":"etmportal.ui.manageyards.view.Newsap.m.Input{\"path\":\"\",\"propertyPath\":\"/SHIP_POINT\",\"modelName\":\"NewYardModel\"}"}]}
RESULT: {"script":"<script> [1562 bytes]","args":[{"selector":{"controlType":"sap.m.Input","viewName":"etm.portal.ui.manageyards.view.New","viewId":"application-manageyards-display-component---NewYard","bindingPath":{"path":"","propertyPath":"/SHIP_POINT","modelName":"NewYardModel"},"interaction":{"idSuffix":"inner"}},"wdio_ui5_key":"etmportal.ui.manageyards.view.Newsap.m.Input{\"path\":\"\",\"propertyPath\":\"/SHIP_POINT\",\"modelName\":\"NewYardModel\"}"}]}
RESULT: undefined
COMMAND: POST /session/8690b08f518c8418ef29018541b658af/execute/async - {"script":"<script> [776 bytes]","args":[{"enterText":"1710","selector":{"controlType":"sap.m.Input","viewName":"etm.portal.ui.manageyards.view.New","viewId":"application-manageyards-display-component---NewYard","bindingPath":{"path":"","propertyPath":"/SHIP_POINT","modelName":"NewYardModel"},"interaction":{"idSuffix":"inner"}},"clearTextFirst":true,"interactionType":"ENTER_TEXT"}]}
RESULT: {"script":"<script> [776 bytes]","args":[{"enterText":"1710","selector":{"controlType":"sap.m.Input","viewName":"etm.portal.ui.manageyards.view.New","viewId":"application-manageyards-display-component---NewYard","bindingPath":{"path":"","propertyPath":"/SHIP_POINT","modelName":"NewYardModel"},"interaction":{"idSuffix":"inner"}},"clearTextFirst":true,"interactionType":"ENTER_TEXT"}]}
COMMAND: POST /session/8690b08f518c8418ef29018541b658af/execute/async - {"script":"<script> [1562 bytes]","args":[{"selector":{"controlType":"sap.m.Input","viewName":"etm.portal.ui.manageyards.view.New","viewId":"application-manageyards-display-component---NewYard","bindingPath":{"path":"","propertyPath":"/DELIVERY_TYPE","modelName":"NewYardModel"},"interaction":{"idSuffix":"inner"}},"wdio_ui5_key":"etmportal.ui.manageyards.view.Newsap.m.Input{\"path\":\"\",\"propertyPath\":\"/DELIVERY_TYPE\",\"modelName\":\"NewYardModel\"}"}]}
RESULT: {"script":"<script> [1562 bytes]","args":[{"selector":{"controlType":"sap.m.Input","viewName":"etm.portal.ui.manageyards.view.New","viewId":"application-manageyards-display-component---NewYard","bindingPath":{"path":"","propertyPath":"/DELIVERY_TYPE","modelName":"NewYardModel"},"interaction":{"idSuffix":"inner"}},"wdio_ui5_key":"etmportal.ui.manageyards.view.Newsap.m.Input{\"path\":\"\",\"propertyPath\":\"/DELIVERY_TYPE\",\"modelName\":\"NewYardModel\"}"}]}
RESULT: undefined
COMMAND: POST /session/8690b08f518c8418ef29018541b658af/execute/async - {"script":"<script> [776 bytes]","args":[{"enterText":"ZL01","selector":{"controlType":"sap.m.Input","viewName":"etm.portal.ui.manageyards.view.New","viewId":"application-manageyards-display-component---NewYard","bindingPath":{"path":"","propertyPath":"/DELIVERY_TYPE","modelName":"NewYardModel"},"interaction":{"idSuffix":"inner"}},"clearTextFirst":true,"interactionType":"ENTER_TEXT"}]}
RESULT: {"script":"<script> [776 bytes]","args":[{"enterText":"ZL01","selector":{"controlType":"sap.m.Input","viewName":"etm.portal.ui.manageyards.view.New","viewId":"application-manageyards-display-component---NewYard","bindingPath":{"path":"","propertyPath":"/DELIVERY_TYPE","modelName":"NewYardModel"},"interaction":{"idSuffix":"inner"}},"clearTextFirst":true,"interactionType":"ENTER_TEXT"}]}
COMMAND: POST /session/8690b08f518c8418ef29018541b658af/execute/async - {"script":"<script> [1562 bytes]","args":[{"selector":{"controlType":"sap.m.Input","viewName":"etm.portal.ui.manageyards.view.New","viewId":"application-manageyards-display-component---NewYard","bindingPath":{"path":"","propertyPath":"/AUART","modelName":"NewYardModel"},"interaction":{"idSuffix":"inner"}},"wdio_ui5_key":"etmportal.ui.manageyards.view.Newsap.m.Input{\"path\":\"\",\"propertyPath\":\"/AUART\",\"modelName\":\"NewYardModel\"}"}]}
RESULT: {"script":"<script> [1562 bytes]","args":[{"selector":{"controlType":"sap.m.Input","viewName":"etm.portal.ui.manageyards.view.New","viewId":"application-manageyards-display-component---NewYard","bindingPath":{"path":"","propertyPath":"/AUART","modelName":"NewYardModel"},"interaction":{"idSuffix":"inner"}},"wdio_ui5_key":"etmportal.ui.manageyards.view.Newsap.m.Input{\"path\":\"\",\"propertyPath\":\"/AUART\",\"modelName\":\"NewYardModel\"}"}]}
RESULT: undefined
COMMAND: POST /session/8690b08f518c8418ef29018541b658af/execute/async - {"script":"<script> [776 bytes]","args":[{"enterText":"TA","selector":{"controlType":"sap.m.Input","viewName":"etm.portal.ui.manageyards.view.New","viewId":"application-manageyards-display-component---NewYard","bindingPath":{"path":"","propertyPath":"/AUART","modelName":"NewYardModel"},"interaction":{"idSuffix":"inner"}},"clearTextFirst":true,"interactionType":"ENTER_TEXT"}]}
RESULT: {"script":"<script> [776 bytes]","args":[{"enterText":"TA","selector":{"controlType":"sap.m.Input","viewName":"etm.portal.ui.manageyards.view.New","viewId":"application-manageyards-display-component---NewYard","bindingPath":{"path":"","propertyPath":"/AUART","modelName":"NewYardModel"},"interaction":{"idSuffix":"inner"}},"clearTextFirst":true,"interactionType":"ENTER_TEXT"}]}
COMMAND: POST /session/8690b08f518c8418ef29018541b658af/execute/async - {"script":"<script> [1562 bytes]","args":[{"selector":{"controlType":"sap.m.Button","viewName":"etm.portal.ui.manageyards.view.New","viewId":"application-manageyards-display-component---NewYard","i18NText":{"propertyName":"text","key":"save"},"interaction":{"idSuffix":"BDI-content"}},"wdio_ui5_key":"etmportal.ui.manageyards.view.Newsap.m.Button{\"propertyName\":\"text\",\"key\":\"save\"}"}]}
RESULT: {"script":"<script> [1562 bytes]","args":[{"selector":{"controlType":"sap.m.Button","viewName":"etm.portal.ui.manageyards.view.New","viewId":"application-manageyards-display-component---NewYard","i18NText":{"propertyName":"text","key":"save"},"interaction":{"idSuffix":"BDI-content"}},"wdio_ui5_key":"etmportal.ui.manageyards.view.Newsap.m.Button{\"propertyName\":\"text\",\"key\":\"save\"}"}]}
RESULT: undefined
COMMAND: POST /session/8690b08f518c8418ef29018541b658af/element - {"using":"xpath","value":"//*[@id=\"__button18\"]"}
RESULT: {"using":"xpath","value":"//*[@id=\"__button18\"]"}
COMMAND: POST /session/8690b08f518c8418ef29018541b658af/element/f.032590EE386F29951754CC6C5B23B0CB.d.4F7211B38649641B3789A7AF39EC40A0.e.6347/click - {}
RESULT: {}
COMMAND: GET /session/8690b08f518c8418ef29018541b658af/screenshot - {}
RESULT: {}
COMMAND: POST /session/8690b08f518c8418ef29018541b658af/execute/async - {"script":"<script> [1562 bytes]","args":[{"selector":{"controlType":"sap.m.Text","viewName":"etm.portal.ui.manageyards.view.Detail","viewId":"application-manageyards-display-component---detailYard","bindingPath":{"propertyPath":"ID","modelName":"catalogModel"}},"wdio_ui5_key":"etmportal.ui.manageyards.view.Detailsap.m.Text{\"propertyPath\":\"ID\",\"modelName\":\"catalogModel\"}"}]}
RESULT: {"script":"<script> [1562 bytes]","args":[{"selector":{"controlType":"sap.m.Text","viewName":"etm.portal.ui.manageyards.view.Detail","viewId":"application-manageyards-display-component---detailYard","bindingPath":{"propertyPath":"ID","modelName":"catalogModel"}},"wdio_ui5_key":"etmportal.ui.manageyards.view.Detailsap.m.Text{\"propertyPath\":\"ID\",\"modelName\":\"catalogModel\"}"}]}
RESULT: undefined
COMMAND: POST /session/8690b08f518c8418ef29018541b658af/execute/async - {"script":"<script> [6424 bytes]","args":[{"element-6066-11e4-a52e-4f735466cecf":"f.032590EE386F29951754CC6C5B23B0CB.d.4F7211B38649641B3789A7AF39EC40A0.e.6601"},"getText",[]]}
RESULT: {"script":"<script> [6424 bytes]","args":[{"element-6066-11e4-a52e-4f735466cecf":"f.032590EE386F29951754CC6C5B23B0CB.d.4F7211B38649641B3789A7AF39EC40A0.e.6601"},"getText",[]]}
COMMAND: POST /session/8690b08f518c8418ef29018541b658af/element - {"using":"css selector","value":"#shell-header-logo"}
RESULT: {"using":"css selector","value":"#shell-header-logo"}
COMMAND: POST /session/8690b08f518c8418ef29018541b658af/element/f.032590EE386F29951754CC6C5B23B0CB.d.4F7211B38649641B3789A7AF39EC40A0.e.5899/click - {}
RESULT: {}
COMMAND: GET /session/8690b08f518c8418ef29018541b658af/screenshot - {}
RESULT: {}
]]></system-out>
    </testcase>
    <testcase classname="chrome.135_0_7049_115.windows.Provide_to_Site_w/o_warehouse_management_w/o_clarification_US116612" name="Should create WHM site" time="57.584">
      <system-out><![CDATA[
COMMAND: POST /session/8690b08f518c8418ef29018541b658af/execute/async - {"script":"<script> [1562 bytes]","args":[{"selector":{"controlType":"sap.m.GenericTile","properties":{"header":"Manage Sites"}},"wdio_ui5_key":"sapm.GenericTile{\"header\":\"Manage Sites\"}"}]}
RESULT: {"script":"<script> [1562 bytes]","args":[{"selector":{"controlType":"sap.m.GenericTile","properties":{"header":"Manage Sites"}},"wdio_ui5_key":"sapm.GenericTile{\"header\":\"Manage Sites\"}"}]}
RESULT: undefined
COMMAND: POST /session/8690b08f518c8418ef29018541b658af/element - {"using":"xpath","value":"//*[@id=\"__tile40\"]"}
RESULT: {"using":"xpath","value":"//*[@id=\"__tile40\"]"}
COMMAND: POST /session/8690b08f518c8418ef29018541b658af/element/f.032590EE386F29951754CC6C5B23B0CB.d.4F7211B38649641B3789A7AF39EC40A0.e.6603/click - {}
RESULT: {}
COMMAND: GET /session/8690b08f518c8418ef29018541b658af/screenshot - {}
COMMAND: POST /session/8690b08f518c8418ef29018541b658af/execute/async - {"script":"<script> [1562 bytes]","args":[{"selector":{"controlType":"sap.ui.core.Icon","viewName":"etm.portal.ui.managesites.view.Master","viewId":"application-managesites-display-component---masterSite","properties":{"src":{"regex":{"source":"add"}}}},"wdio_ui5_key":"etmportal.ui.managesites.view.Mastersap.ui.core.Icon{\"src\":{\"regex\":{\"source\":\"add\"}}}"}]}
RESULT: {}
RESULT: {"script":"<script> [1562 bytes]","args":[{"selector":{"controlType":"sap.ui.core.Icon","viewName":"etm.portal.ui.managesites.view.Master","viewId":"application-managesites-display-component---masterSite","properties":{"src":{"regex":{"source":"add"}}}},"wdio_ui5_key":"etmportal.ui.managesites.view.Mastersap.ui.core.Icon{\"src\":{\"regex\":{\"source\":\"add\"}}}"}]}
RESULT: undefined
COMMAND: POST /session/8690b08f518c8418ef29018541b658af/element - {"using":"xpath","value":"//*[@id=\"__button64-img\"]"}
RESULT: {"using":"xpath","value":"//*[@id=\"__button64-img\"]"}
COMMAND: POST /session/8690b08f518c8418ef29018541b658af/element/f.032590EE386F29951754CC6C5B23B0CB.d.4F7211B38649641B3789A7AF39EC40A0.e.6660/click - {}
RESULT: {}
COMMAND: GET /session/8690b08f518c8418ef29018541b658af/screenshot - {}
RESULT: {}
COMMAND: POST /session/8690b08f518c8418ef29018541b658af/execute/async - {"script":"<script> [1562 bytes]","args":[{"selector":{"controlType":"sap.m.Button","viewName":"etm.portal.ui.managesites.view.NewSmartSite","viewId":"application-managesites-display-component---NewSite","properties":{"text":"General Information"},"interaction":{"idSuffix":"BDI-content"}},"wdio_ui5_key":"etmportal.ui.managesites.view.NewSmartSitesap.m.Button{\"text\":\"General Information\"}"}]}
RESULT: {"script":"<script> [1562 bytes]","args":[{"selector":{"controlType":"sap.m.Button","viewName":"etm.portal.ui.managesites.view.NewSmartSite","viewId":"application-managesites-display-component---NewSite","properties":{"text":"General Information"},"interaction":{"idSuffix":"BDI-content"}},"wdio_ui5_key":"etmportal.ui.managesites.view.NewSmartSitesap.m.Button{\"text\":\"General Information\"}"}]}
RESULT: undefined
COMMAND: POST /session/8690b08f518c8418ef29018541b658af/element - {"using":"xpath","value":"//*[@id=\"application-managesites-display-component---NewSite--ObjectPageLayout-anchBar-__section31-anchor\"]"}
RESULT: {"using":"xpath","value":"//*[@id=\"application-managesites-display-component---NewSite--ObjectPageLayout-anchBar-__section31-anchor\"]"}
COMMAND: POST /session/8690b08f518c8418ef29018541b658af/element/f.032590EE386F29951754CC6C5B23B0CB.d.4F7211B38649641B3789A7AF39EC40A0.e.7039/click - {}
RESULT: {}
COMMAND: POST /session/8690b08f518c8418ef29018541b658af/execute/async - {"script":"<script> [1562 bytes]","args":[{"selector":{"id":"application-managesites-display-component---NewSite--addressDetailDetailsName1","interaction":{"idSuffix":"inner"}},"wdio_ui5_key":"applicationmanagesites-display-component---NewSite--addressDetailDetailsName1"}]}
COMMAND: GET /session/8690b08f518c8418ef29018541b658af/screenshot - {}
RESULT: {"script":"<script> [1562 bytes]","args":[{"selector":{"id":"application-managesites-display-component---NewSite--addressDetailDetailsName1","interaction":{"idSuffix":"inner"}},"wdio_ui5_key":"applicationmanagesites-display-component---NewSite--addressDetailDetailsName1"}]}
RESULT: undefined
COMMAND: POST /session/8690b08f518c8418ef29018541b658af/execute/async - {"script":"<script> [776 bytes]","args":[{"enterText":"WDI5 WHM Site","selector":{"id":"application-managesites-display-component---NewSite--addressDetailDetailsName1","interaction":{"idSuffix":"inner"}},"clearTextFirst":true,"interactionType":"ENTER_TEXT"}]}
RESULT: {}
RESULT: {"script":"<script> [776 bytes]","args":[{"enterText":"WDI5 WHM Site","selector":{"id":"application-managesites-display-component---NewSite--addressDetailDetailsName1","interaction":{"idSuffix":"inner"}},"clearTextFirst":true,"interactionType":"ENTER_TEXT"}]}
COMMAND: POST /session/8690b08f518c8418ef29018541b658af/execute/async - {"script":"<script> [1562 bytes]","args":[{"selector":{"id":"application-managesites-display-component---NewSite--addressDetailDetailsLanguage","interaction":{"idSuffix":"inner"}},"wdio_ui5_key":"applicationmanagesites-display-component---NewSite--addressDetailDetailsLanguage"}]}
RESULT: {"script":"<script> [1562 bytes]","args":[{"selector":{"id":"application-managesites-display-component---NewSite--addressDetailDetailsLanguage","interaction":{"idSuffix":"inner"}},"wdio_ui5_key":"applicationmanagesites-display-component---NewSite--addressDetailDetailsLanguage"}]}
RESULT: undefined
COMMAND: POST /session/8690b08f518c8418ef29018541b658af/execute/async - {"script":"<script> [776 bytes]","args":[{"enterText":"Romanian","selector":{"id":"application-managesites-display-component---NewSite--addressDetailDetailsLanguage","interaction":{"idSuffix":"inner"}},"clearTextFirst":true,"interactionType":"ENTER_TEXT"}]}
RESULT: {"script":"<script> [776 bytes]","args":[{"enterText":"Romanian","selector":{"id":"application-managesites-display-component---NewSite--addressDetailDetailsLanguage","interaction":{"idSuffix":"inner"}},"clearTextFirst":true,"interactionType":"ENTER_TEXT"}]}
COMMAND: POST /session/8690b08f518c8418ef29018541b658af/execute/async - {"script":"<script> [1562 bytes]","args":[{"selector":{"id":"application-managesites-display-component---NewSite--addressDetailDetailsCity1","interaction":{"idSuffix":"inner"}},"wdio_ui5_key":"applicationmanagesites-display-component---NewSite--addressDetailDetailsCity1"}]}
RESULT: {"script":"<script> [1562 bytes]","args":[{"selector":{"id":"application-managesites-display-component---NewSite--addressDetailDetailsCity1","interaction":{"idSuffix":"inner"}},"wdio_ui5_key":"applicationmanagesites-display-component---NewSite--addressDetailDetailsCity1"}]}
RESULT: undefined
COMMAND: POST /session/8690b08f518c8418ef29018541b658af/execute/async - {"script":"<script> [776 bytes]","args":[{"enterText":"Bucharest","selector":{"id":"application-managesites-display-component---NewSite--addressDetailDetailsCity1","interaction":{"idSuffix":"inner"}},"clearTextFirst":true,"interactionType":"ENTER_TEXT"}]}
RESULT: {"script":"<script> [776 bytes]","args":[{"enterText":"Bucharest","selector":{"id":"application-managesites-display-component---NewSite--addressDetailDetailsCity1","interaction":{"idSuffix":"inner"}},"clearTextFirst":true,"interactionType":"ENTER_TEXT"}]}
COMMAND: POST /session/8690b08f518c8418ef29018541b658af/execute/async - {"script":"<script> [1562 bytes]","args":[{"selector":{"id":"application-managesites-display-component---NewSite--addressDetailDetailsCountry","interaction":{"idSuffix":"inner"}},"wdio_ui5_key":"applicationmanagesites-display-component---NewSite--addressDetailDetailsCountry"}]}
RESULT: {"script":"<script> [1562 bytes]","args":[{"selector":{"id":"application-managesites-display-component---NewSite--addressDetailDetailsCountry","interaction":{"idSuffix":"inner"}},"wdio_ui5_key":"applicationmanagesites-display-component---NewSite--addressDetailDetailsCountry"}]}
RESULT: undefined
COMMAND: POST /session/8690b08f518c8418ef29018541b658af/execute/async - {"script":"<script> [6424 bytes]","args":[{"element-6066-11e4-a52e-4f735466cecf":"f.032590EE386F29951754CC6C5B23B0CB.d.4F7211B38649641B3789A7AF39EC40A0.e.6837"},"setValue",["Romania"]]}
RESULT: {"script":"<script> [6424 bytes]","args":[{"element-6066-11e4-a52e-4f735466cecf":"f.032590EE386F29951754CC6C5B23B0CB.d.4F7211B38649641B3789A7AF39EC40A0.e.6837"},"setValue",["Romania"]]}
COMMAND: POST /session/8690b08f518c8418ef29018541b658af/execute/async - {"script":"<script> [1562 bytes]","args":[{"selector":{"id":"application-managesites-display-component---NewSite--addressDetailDetailsCalendar","interaction":{"idSuffix":"inner"}},"wdio_ui5_key":"applicationmanagesites-display-component---NewSite--addressDetailDetailsCalendar"}]}
RESULT: {"script":"<script> [1562 bytes]","args":[{"selector":{"id":"application-managesites-display-component---NewSite--addressDetailDetailsCalendar","interaction":{"idSuffix":"inner"}},"wdio_ui5_key":"applicationmanagesites-display-component---NewSite--addressDetailDetailsCalendar"}]}
RESULT: undefined
COMMAND: POST /session/8690b08f518c8418ef29018541b658af/execute/async - {"script":"<script> [776 bytes]","args":[{"enterText":"8 - Germany (Standard)","selector":{"id":"application-managesites-display-component---NewSite--addressDetailDetailsCalendar","interaction":{"idSuffix":"inner"}},"clearTextFirst":true,"interactionType":"ENTER_TEXT"}]}
RESULT: {"script":"<script> [776 bytes]","args":[{"enterText":"8 - Germany (Standard)","selector":{"id":"application-managesites-display-component---NewSite--addressDetailDetailsCalendar","interaction":{"idSuffix":"inner"}},"clearTextFirst":true,"interactionType":"ENTER_TEXT"}]}
COMMAND: POST /session/8690b08f518c8418ef29018541b658af/element - {"using":"xpath","value":"//input[@id=\"application-managesites-display-component---NewSite--addressDetailDetailsYard-inner\"]"}
RESULT: {"using":"xpath","value":"//input[@id=\"application-managesites-display-component---NewSite--addressDetailDetailsYard-inner\"]"}
COMMAND: POST /session/8690b08f518c8418ef29018541b658af/element/f.032590EE386F29951754CC6C5B23B0CB.d.4F7211B38649641B3789A7AF39EC40A0.e.6848/clear - {}
RESULT: {}
COMMAND: POST /session/8690b08f518c8418ef29018541b658af/element/f.032590EE386F29951754CC6C5B23B0CB.d.4F7211B38649641B3789A7AF39EC40A0.e.6848/value - {"text":"596"}
COMMAND: GET /session/8690b08f518c8418ef29018541b658af/screenshot - {}
RESULT: {"text":"596"}
COMMAND: GET /session/8690b08f518c8418ef29018541b658af/screenshot - {}
RESULT: {}
RESULT: {}
COMMAND: POST /session/8690b08f518c8418ef29018541b658af/execute/async - {"script":"<script> [1562 bytes]","args":[{"selector":{"controlType":"sap.m.Button","viewName":"etm.portal.ui.managesites.view.NewSmartSite","viewId":"application-managesites-display-component---NewSite","properties":{"text":"Commercial"},"interaction":{"idSuffix":"BDI-content"}},"wdio_ui5_key":"etmportal.ui.managesites.view.NewSmartSitesap.m.Button{\"text\":\"Commercial\"}"}]}
RESULT: {"script":"<script> [1562 bytes]","args":[{"selector":{"controlType":"sap.m.Button","viewName":"etm.portal.ui.managesites.view.NewSmartSite","viewId":"application-managesites-display-component---NewSite","properties":{"text":"Commercial"},"interaction":{"idSuffix":"BDI-content"}},"wdio_ui5_key":"etmportal.ui.managesites.view.NewSmartSitesap.m.Button{\"text\":\"Commercial\"}"}]}
RESULT: undefined
COMMAND: POST /session/8690b08f518c8418ef29018541b658af/element - {"using":"xpath","value":"//*[@id=\"application-managesites-display-component---NewSite--ObjectPageLayout-anchBar-__section33-anchor\"]"}
RESULT: {"using":"xpath","value":"//*[@id=\"application-managesites-display-component---NewSite--ObjectPageLayout-anchBar-__section33-anchor\"]"}
COMMAND: POST /session/8690b08f518c8418ef29018541b658af/element/f.032590EE386F29951754CC6C5B23B0CB.d.4F7211B38649641B3789A7AF39EC40A0.e.7049/click - {}
RESULT: {}
COMMAND: POST /session/8690b08f518c8418ef29018541b658af/execute/async - {"script":"<script> [1562 bytes]","args":[{"selector":{"controlType":"sap.m.Button","viewName":"etm.portal.ui.managesites.view.NewSmartSite","viewId":"application-managesites-display-component---NewSite","i18NText":{"propertyName":"text","key":"save"},"interaction":{"idSuffix":"BDI-content"}},"wdio_ui5_key":"etmportal.ui.managesites.view.NewSmartSitesap.m.Button{\"propertyName\":\"text\",\"key\":\"save\"}"}]}
COMMAND: GET /session/8690b08f518c8418ef29018541b658af/screenshot - {}
RESULT: {"script":"<script> [1562 bytes]","args":[{"selector":{"controlType":"sap.m.Button","viewName":"etm.portal.ui.managesites.view.NewSmartSite","viewId":"application-managesites-display-component---NewSite","i18NText":{"propertyName":"text","key":"save"},"interaction":{"idSuffix":"BDI-content"}},"wdio_ui5_key":"etmportal.ui.managesites.view.NewSmartSitesap.m.Button{\"propertyName\":\"text\",\"key\":\"save\"}"}]}
RESULT: undefined
COMMAND: POST /session/8690b08f518c8418ef29018541b658af/element - {"using":"xpath","value":"//*[@id=\"__button76\"]"}
RESULT: {}
RESULT: {"using":"xpath","value":"//*[@id=\"__button76\"]"}
COMMAND: POST /session/8690b08f518c8418ef29018541b658af/element/f.032590EE386F29951754CC6C5B23B0CB.d.4F7211B38649641B3789A7AF39EC40A0.e.7019/click - {}
RESULT: {}
COMMAND: GET /session/8690b08f518c8418ef29018541b658af/screenshot - {}
COMMAND: POST /session/8690b08f518c8418ef29018541b658af/execute/async - {"script":"<script> [1562 bytes]","args":[{"selector":{"controlType":"sap.m.Text","viewName":"etm.portal.ui.managesites.view.Detail","viewId":"application-managesites-display-component---detailSite","bindingPath":{"propertyPath":"ID","modelName":"catalogModel"}},"wdio_ui5_key":"etmportal.ui.managesites.view.Detailsap.m.Text{\"propertyPath\":\"ID\",\"modelName\":\"catalogModel\"}"}]}
RESULT: {}
RESULT: {"script":"<script> [1562 bytes]","args":[{"selector":{"controlType":"sap.m.Text","viewName":"etm.portal.ui.managesites.view.Detail","viewId":"application-managesites-display-component---detailSite","bindingPath":{"propertyPath":"ID","modelName":"catalogModel"}},"wdio_ui5_key":"etmportal.ui.managesites.view.Detailsap.m.Text{\"propertyPath\":\"ID\",\"modelName\":\"catalogModel\"}"}]}
RESULT: undefined
COMMAND: POST /session/8690b08f518c8418ef29018541b658af/execute/async - {"script":"<script> [6424 bytes]","args":[{"element-6066-11e4-a52e-4f735466cecf":"f.032590EE386F29951754CC6C5B23B0CB.d.4F7211B38649641B3789A7AF39EC40A0.e.7249"},"getText",[]]}
RESULT: {"script":"<script> [6424 bytes]","args":[{"element-6066-11e4-a52e-4f735466cecf":"f.032590EE386F29951754CC6C5B23B0CB.d.4F7211B38649641B3789A7AF39EC40A0.e.7249"},"getText",[]]}
COMMAND: POST /session/8690b08f518c8418ef29018541b658af/execute/async - {"script":"<script> [1562 bytes]","args":[{"selector":{"controlType":"sap.m.Label","viewName":"etm.portal.ui.managesites.view.Detail","viewId":"application-managesites-display-component---detailSite","i18NText":{"propertyName":"text","key":"status"}},"wdio_ui5_key":"etmportal.ui.managesites.view.Detailsap.m.Label{\"propertyName\":\"text\",\"key\":\"status\"}"}]}
RESULT: {"script":"<script> [1562 bytes]","args":[{"selector":{"controlType":"sap.m.Label","viewName":"etm.portal.ui.managesites.view.Detail","viewId":"application-managesites-display-component---detailSite","i18NText":{"propertyName":"text","key":"status"}},"wdio_ui5_key":"etmportal.ui.managesites.view.Detailsap.m.Label{\"propertyName\":\"text\",\"key\":\"status\"}"}]}
RESULT: undefined
COMMAND: POST /session/8690b08f518c8418ef29018541b658af/execute/async - {"script":"<script> [6424 bytes]","args":[{"element-6066-11e4-a52e-4f735466cecf":"f.032590EE386F29951754CC6C5B23B0CB.d.4F7211B38649641B3789A7AF39EC40A0.e.7237"},"getText",[]]}
RESULT: {"script":"<script> [6424 bytes]","args":[{"element-6066-11e4-a52e-4f735466cecf":"f.032590EE386F29951754CC6C5B23B0CB.d.4F7211B38649641B3789A7AF39EC40A0.e.7237"},"getText",[]]}
RESULT: undefined
COMMAND: POST /session/8690b08f518c8418ef29018541b658af/element - {"using":"xpath","value":"//*[@id=\"shell-header\"]"}
RESULT: {"using":"xpath","value":"//*[@id=\"shell-header\"]"}
COMMAND: POST /session/8690b08f518c8418ef29018541b658af/element/f.032590EE386F29951754CC6C5B23B0CB.d.4F7211B38649641B3789A7AF39EC40A0.e.7250/click - {}
RESULT: {}
COMMAND: POST /session/8690b08f518c8418ef29018541b658af/element - {"using":"css selector","value":"#shell-header-logo"}
COMMAND: GET /session/8690b08f518c8418ef29018541b658af/screenshot - {}
RESULT: {"using":"css selector","value":"#shell-header-logo"}
COMMAND: POST /session/8690b08f518c8418ef29018541b658af/element/f.032590EE386F29951754CC6C5B23B0CB.d.4F7211B38649641B3789A7AF39EC40A0.e.6615/click - {}
RESULT: {}
RESULT: {}
]]></system-out>
    </testcase>
    <testcase classname="chrome.135_0_7049_115.windows.Provide_to_Site_w/o_warehouse_management_w/o_clarification_US116612" name="Should create WHM Partner" time="65.033">
      <system-out><![CDATA[
COMMAND: POST /session/8690b08f518c8418ef29018541b658af/execute/async - {"script":"<script> [1562 bytes]","args":[{"selector":{"controlType":"sap.m.GenericTile","properties":{"header":"Manage Partners"}},"wdio_ui5_key":"sapm.GenericTile{\"header\":\"Manage Partners\"}"}]}
COMMAND: GET /session/8690b08f518c8418ef29018541b658af/screenshot - {}
RESULT: {"script":"<script> [1562 bytes]","args":[{"selector":{"controlType":"sap.m.GenericTile","properties":{"header":"Manage Partners"}},"wdio_ui5_key":"sapm.GenericTile{\"header\":\"Manage Partners\"}"}]}
RESULT: undefined
COMMAND: POST /session/8690b08f518c8418ef29018541b658af/element - {"using":"xpath","value":"//*[@id=\"__tile38\"]"}
RESULT: {}
RESULT: {"using":"xpath","value":"//*[@id=\"__tile38\"]"}
COMMAND: POST /session/8690b08f518c8418ef29018541b658af/element/f.032590EE386F29951754CC6C5B23B0CB.d.4F7211B38649641B3789A7AF39EC40A0.e.7256/click - {}
RESULT: {}
COMMAND: GET /session/8690b08f518c8418ef29018541b658af/screenshot - {}
COMMAND: POST /session/8690b08f518c8418ef29018541b658af/element - {"using":"xpath","value":"//button[(@data-kt = 'addButton')]"}
RESULT: {}
RESULT: {"using":"xpath","value":"//button[(@data-kt = 'addButton')]"}
COMMAND: POST /session/8690b08f518c8418ef29018541b658af/elements - {"using":"xpath","value":"//button[(@data-kt = 'addButton')]"}
RESULT: {"using":"xpath","value":"//button[(@data-kt = 'addButton')]"}
COMMAND: POST /session/8690b08f518c8418ef29018541b658af/elements - {"using":"xpath","value":"//button[(@data-kt = 'addButton')]"}
RESULT: {"using":"xpath","value":"//button[(@data-kt = 'addButton')]"}
COMMAND: POST /session/8690b08f518c8418ef29018541b658af/element - {"using":"xpath","value":"//button[(@data-kt = 'addButton')]"}
RESULT: {"using":"xpath","value":"//button[(@data-kt = 'addButton')]"}
COMMAND: POST /session/8690b08f518c8418ef29018541b658af/element/f.032590EE386F29951754CC6C5B23B0CB.d.4F7211B38649641B3789A7AF39EC40A0.e.7304/click - {}
RESULT: {}
COMMAND: POST /session/8690b08f518c8418ef29018541b658af/execute/async - {"script":"<script> [1562 bytes]","args":[{"selector":{"id":"application-managepartners-display-component---NewPartner--addressDetailDetailsName1","interaction":{"idSuffix":"inner"}},"wdio_ui5_key":"applicationmanagepartners-display-component---NewPartner--addressDetailDetailsName1"}]}
COMMAND: GET /session/8690b08f518c8418ef29018541b658af/screenshot - {}
RESULT: {"script":"<script> [1562 bytes]","args":[{"selector":{"id":"application-managepartners-display-component---NewPartner--addressDetailDetailsName1","interaction":{"idSuffix":"inner"}},"wdio_ui5_key":"applicationmanagepartners-display-component---NewPartner--addressDetailDetailsName1"}]}
RESULT: undefined
COMMAND: POST /session/8690b08f518c8418ef29018541b658af/execute/async - {"script":"<script> [776 bytes]","args":[{"enterText":"WDI5-Partners","selector":{"id":"application-managepartners-display-component---NewPartner--addressDetailDetailsName1","interaction":{"idSuffix":"inner"}},"clearTextFirst":true,"interactionType":"ENTER_TEXT"}]}
RESULT: {}
RESULT: {"script":"<script> [776 bytes]","args":[{"enterText":"WDI5-Partners","selector":{"id":"application-managepartners-display-component---NewPartner--addressDetailDetailsName1","interaction":{"idSuffix":"inner"}},"clearTextFirst":true,"interactionType":"ENTER_TEXT"}]}
COMMAND: POST /session/8690b08f518c8418ef29018541b658af/execute/async - {"script":"<script> [1562 bytes]","args":[{"selector":{"id":"application-managepartners-display-component---NewPartner--addressDetailDetailsLanguage-arrow"},"wdio_ui5_key":"applicationmanagepartners-display-component---NewPartner--addressDetailDetailsLanguage-arrow"}]}
RESULT: {"script":"<script> [1562 bytes]","args":[{"selector":{"id":"application-managepartners-display-component---NewPartner--addressDetailDetailsLanguage-arrow"},"wdio_ui5_key":"applicationmanagepartners-display-component---NewPartner--addressDetailDetailsLanguage-arrow"}]}
RESULT: undefined
COMMAND: POST /session/8690b08f518c8418ef29018541b658af/element - {"using":"xpath","value":"//*[@id=\"application-managepartners-display-component---NewPartner--addressDetailDetailsLanguage-arrow\"]"}
RESULT: {"using":"xpath","value":"//*[@id=\"application-managepartners-display-component---NewPartner--addressDetailDetailsLanguage-arrow\"]"}
COMMAND: POST /session/8690b08f518c8418ef29018541b658af/element/f.032590EE386F29951754CC6C5B23B0CB.d.4F7211B38649641B3789A7AF39EC40A0.e.7723/click - {}
RESULT: {}
COMMAND: POST /session/8690b08f518c8418ef29018541b658af/execute/async - {"script":"<script> [1562 bytes]","args":[{"selector":{"controlType":"sap.m.StandardListItem","viewName":"etm.portal.ui.managepartners.view.NewPartner","viewId":"application-managepartners-display-component---NewPartner","properties":{"title":"English"},"searchOpenDialogs":true,"interaction":{"idSuffix":"content"}},"wdio_ui5_key":"etmportal.ui.managepartners.view.NewPartnersap.m.StandardListItem{\"title\":\"English\"}"}]}
COMMAND: GET /session/8690b08f518c8418ef29018541b658af/screenshot - {}
RESULT: {"script":"<script> [1562 bytes]","args":[{"selector":{"controlType":"sap.m.StandardListItem","viewName":"etm.portal.ui.managepartners.view.NewPartner","viewId":"application-managepartners-display-component---NewPartner","properties":{"title":"English"},"searchOpenDialogs":true,"interaction":{"idSuffix":"content"}},"wdio_ui5_key":"etmportal.ui.managepartners.view.NewPartnersap.m.StandardListItem{\"title\":\"English\"}"}]}
RESULT: undefined
COMMAND: POST /session/8690b08f518c8418ef29018541b658af/element - {"using":"xpath","value":"//*[@id=\"__item1218\"]"}
RESULT: {}
RESULT: {"using":"xpath","value":"//*[@id=\"__item1218\"]"}
COMMAND: POST /session/8690b08f518c8418ef29018541b658af/element/f.032590EE386F29951754CC6C5B23B0CB.d.4F7211B38649641B3789A7AF39EC40A0.e.7725/click - {}
RESULT: {}
COMMAND: POST /session/8690b08f518c8418ef29018541b658af/execute/async - {"script":"<script> [1562 bytes]","args":[{"selector":{"id":"application-managepartners-display-component---NewPartner--addressDetailDetailsCity1","interaction":{"idSuffix":"inner"}},"wdio_ui5_key":"applicationmanagepartners-display-component---NewPartner--addressDetailDetailsCity1"}]}
COMMAND: GET /session/8690b08f518c8418ef29018541b658af/screenshot - {}
RESULT: {"script":"<script> [1562 bytes]","args":[{"selector":{"id":"application-managepartners-display-component---NewPartner--addressDetailDetailsCity1","interaction":{"idSuffix":"inner"}},"wdio_ui5_key":"applicationmanagepartners-display-component---NewPartner--addressDetailDetailsCity1"}]}
RESULT: undefined
COMMAND: POST /session/8690b08f518c8418ef29018541b658af/execute/async - {"script":"<script> [776 bytes]","args":[{"enterText":"Bangalore","selector":{"id":"application-managepartners-display-component---NewPartner--addressDetailDetailsCity1","interaction":{"idSuffix":"inner"}},"clearTextFirst":true,"interactionType":"ENTER_TEXT"}]}
RESULT: {}
RESULT: {"script":"<script> [776 bytes]","args":[{"enterText":"Bangalore","selector":{"id":"application-managepartners-display-component---NewPartner--addressDetailDetailsCity1","interaction":{"idSuffix":"inner"}},"clearTextFirst":true,"interactionType":"ENTER_TEXT"}]}
COMMAND: POST /session/8690b08f518c8418ef29018541b658af/execute/async - {"script":"<script> [1562 bytes]","args":[{"selector":{"id":"application-managepartners-display-component---NewPartner--addressDetailDetailsCountry-arrow"},"wdio_ui5_key":"applicationmanagepartners-display-component---NewPartner--addressDetailDetailsCountry-arrow"}]}
RESULT: {"script":"<script> [1562 bytes]","args":[{"selector":{"id":"application-managepartners-display-component---NewPartner--addressDetailDetailsCountry-arrow"},"wdio_ui5_key":"applicationmanagepartners-display-component---NewPartner--addressDetailDetailsCountry-arrow"}]}
RESULT: undefined
COMMAND: POST /session/8690b08f518c8418ef29018541b658af/element - {"using":"xpath","value":"//*[@id=\"application-managepartners-display-component---NewPartner--addressDetailDetailsCountry-arrow\"]"}
RESULT: {"using":"xpath","value":"//*[@id=\"application-managepartners-display-component---NewPartner--addressDetailDetailsCountry-arrow\"]"}
COMMAND: POST /session/8690b08f518c8418ef29018541b658af/element/f.032590EE386F29951754CC6C5B23B0CB.d.4F7211B38649641B3789A7AF39EC40A0.e.7727/click - {}
RESULT: {}
COMMAND: POST /session/8690b08f518c8418ef29018541b658af/execute/async - {"script":"<script> [1562 bytes]","args":[{"selector":{"id":"application-managepartners-display-component---NewPartner--addressDetailDetailsCountry","interaction":{"idSuffix":"inner"}},"wdio_ui5_key":"applicationmanagepartners-display-component---NewPartner--addressDetailDetailsCountry"}]}
COMMAND: GET /session/8690b08f518c8418ef29018541b658af/screenshot - {}
RESULT: {"script":"<script> [1562 bytes]","args":[{"selector":{"id":"application-managepartners-display-component---NewPartner--addressDetailDetailsCountry","interaction":{"idSuffix":"inner"}},"wdio_ui5_key":"applicationmanagepartners-display-component---NewPartner--addressDetailDetailsCountry"}]}
RESULT: undefined
COMMAND: POST /session/8690b08f518c8418ef29018541b658af/execute/async - {"script":"<script> [776 bytes]","args":[{"enterText":"India","selector":{"id":"application-managepartners-display-component---NewPartner--addressDetailDetailsCountry","interaction":{"idSuffix":"inner"}},"clearTextFirst":true,"interactionType":"ENTER_TEXT"}]}
RESULT: {}
RESULT: {"script":"<script> [776 bytes]","args":[{"enterText":"India","selector":{"id":"application-managepartners-display-component---NewPartner--addressDetailDetailsCountry","interaction":{"idSuffix":"inner"}},"clearTextFirst":true,"interactionType":"ENTER_TEXT"}]}
COMMAND: POST /session/8690b08f518c8418ef29018541b658af/execute/async - {"script":"<script> [1562 bytes]","args":[{"selector":{"controlType":"sap.m.StandardListItem","viewName":"etm.portal.ui.managepartners.view.NewPartner","viewId":"application-managepartners-display-component---NewPartner","properties":{"title":"India"},"searchOpenDialogs":true,"interaction":{"idSuffix":"content"}},"wdio_ui5_key":"etmportal.ui.managepartners.view.NewPartnersap.m.StandardListItem{\"title\":\"India\"}"}]}
RESULT: {"script":"<script> [1562 bytes]","args":[{"selector":{"controlType":"sap.m.StandardListItem","viewName":"etm.portal.ui.managepartners.view.NewPartner","viewId":"application-managepartners-display-component---NewPartner","properties":{"title":"India"},"searchOpenDialogs":true,"interaction":{"idSuffix":"content"}},"wdio_ui5_key":"etmportal.ui.managepartners.view.NewPartnersap.m.StandardListItem{\"title\":\"India\"}"}]}
RESULT: undefined
COMMAND: POST /session/8690b08f518c8418ef29018541b658af/execute/async - {"script":"<script> [1562 bytes]","args":[{"selector":{"controlType":"sap.m.Button","viewName":"etm.portal.ui.managepartners.view.NewPartner","viewId":"application-managepartners-display-component---NewPartner","properties":{"text":"Commercial"},"interaction":{"idSuffix":"BDI-content"}},"wdio_ui5_key":"etmportal.ui.managepartners.view.NewPartnersap.m.Button{\"text\":\"Commercial\"}"}]}
RESULT: {"script":"<script> [1562 bytes]","args":[{"selector":{"controlType":"sap.m.Button","viewName":"etm.portal.ui.managepartners.view.NewPartner","viewId":"application-managepartners-display-component---NewPartner","properties":{"text":"Commercial"},"interaction":{"idSuffix":"BDI-content"}},"wdio_ui5_key":"etmportal.ui.managepartners.view.NewPartnersap.m.Button{\"text\":\"Commercial\"}"}]}
RESULT: undefined
COMMAND: POST /session/8690b08f518c8418ef29018541b658af/element - {"using":"xpath","value":"//*[@id=\"application-managepartners-display-component---NewPartner--ObjectPageLayout-anchBar-__section57-anchor\"]"}
RESULT: {"using":"xpath","value":"//*[@id=\"application-managepartners-display-component---NewPartner--ObjectPageLayout-anchBar-__section57-anchor\"]"}
COMMAND: POST /session/8690b08f518c8418ef29018541b658af/element/f.032590EE386F29951754CC6C5B23B0CB.d.4F7211B38649641B3789A7AF39EC40A0.e.7732/click - {}
RESULT: {}
COMMAND: POST /session/8690b08f518c8418ef29018541b658af/execute/async - {"script":"<script> [1562 bytes]","args":[{"selector":{"id":"application-managepartners-display-component---NewPartner--partnerDetailInternal-arrow"},"wdio_ui5_key":"applicationmanagepartners-display-component---NewPartner--partnerDetailInternal-arrow"}]}
COMMAND: GET /session/8690b08f518c8418ef29018541b658af/screenshot - {}
RESULT: {"script":"<script> [1562 bytes]","args":[{"selector":{"id":"application-managepartners-display-component---NewPartner--partnerDetailInternal-arrow"},"wdio_ui5_key":"applicationmanagepartners-display-component---NewPartner--partnerDetailInternal-arrow"}]}
RESULT: undefined
COMMAND: POST /session/8690b08f518c8418ef29018541b658af/element - {"using":"xpath","value":"//*[@id=\"application-managepartners-display-component---NewPartner--partnerDetailInternal-arrow\"]"}
RESULT: {}
RESULT: {"using":"xpath","value":"//*[@id=\"application-managepartners-display-component---NewPartner--partnerDetailInternal-arrow\"]"}
COMMAND: POST /session/8690b08f518c8418ef29018541b658af/element/f.032590EE386F29951754CC6C5B23B0CB.d.4F7211B38649641B3789A7AF39EC40A0.e.7737/click - {}
RESULT: {}
COMMAND: POST /session/8690b08f518c8418ef29018541b658af/execute/async - {"script":"<script> [1562 bytes]","args":[{"selector":{"controlType":"sap.m.StandardListItem","viewName":"etm.portal.ui.managepartners.view.NewPartner","viewId":"application-managepartners-display-component---NewPartner","properties":{"title":"External partner"},"searchOpenDialogs":true,"interaction":{"idSuffix":"content"}},"wdio_ui5_key":"etmportal.ui.managepartners.view.NewPartnersap.m.StandardListItem{\"title\":\"External partner\"}"}]}
COMMAND: GET /session/8690b08f518c8418ef29018541b658af/screenshot - {}
RESULT: {"script":"<script> [1562 bytes]","args":[{"selector":{"controlType":"sap.m.StandardListItem","viewName":"etm.portal.ui.managepartners.view.NewPartner","viewId":"application-managepartners-display-component---NewPartner","properties":{"title":"External partner"},"searchOpenDialogs":true,"interaction":{"idSuffix":"content"}},"wdio_ui5_key":"etmportal.ui.managepartners.view.NewPartnersap.m.StandardListItem{\"title\":\"External partner\"}"}]}
RESULT: undefined
COMMAND: POST /session/8690b08f518c8418ef29018541b658af/element - {"using":"xpath","value":"//*[@id=\"__item1352\"]"}
RESULT: {}
RESULT: {"using":"xpath","value":"//*[@id=\"__item1352\"]"}
COMMAND: POST /session/8690b08f518c8418ef29018541b658af/element/f.032590EE386F29951754CC6C5B23B0CB.d.4F7211B38649641B3789A7AF39EC40A0.e.7739/click - {}
RESULT: {}
COMMAND: POST /session/8690b08f518c8418ef29018541b658af/execute/async - {"script":"<script> [1562 bytes]","args":[{"selector":{"id":"application-managepartners-display-component---NewPartner--partnerDetailsCurrency-arrow"},"wdio_ui5_key":"applicationmanagepartners-display-component---NewPartner--partnerDetailsCurrency-arrow"}]}
COMMAND: GET /session/8690b08f518c8418ef29018541b658af/screenshot - {}
RESULT: {"script":"<script> [1562 bytes]","args":[{"selector":{"id":"application-managepartners-display-component---NewPartner--partnerDetailsCurrency-arrow"},"wdio_ui5_key":"applicationmanagepartners-display-component---NewPartner--partnerDetailsCurrency-arrow"}]}
RESULT: undefined
COMMAND: POST /session/8690b08f518c8418ef29018541b658af/element - {"using":"xpath","value":"//*[@id=\"application-managepartners-display-component---NewPartner--partnerDetailsCurrency-arrow\"]"}
RESULT: {}
RESULT: {"using":"xpath","value":"//*[@id=\"application-managepartners-display-component---NewPartner--partnerDetailsCurrency-arrow\"]"}
COMMAND: POST /session/8690b08f518c8418ef29018541b658af/element/f.032590EE386F29951754CC6C5B23B0CB.d.4F7211B38649641B3789A7AF39EC40A0.e.7744/click - {}
RESULT: {}
COMMAND: POST /session/8690b08f518c8418ef29018541b658af/execute/async - {"script":"<script> [1562 bytes]","args":[{"selector":{"controlType":"sap.m.StandardListItem","viewName":"etm.portal.ui.managepartners.view.NewPartner","viewId":"application-managepartners-display-component---NewPartner","properties":{"title":"Euro"},"searchOpenDialogs":true,"interaction":{"idSuffix":"content"}},"wdio_ui5_key":"etmportal.ui.managepartners.view.NewPartnersap.m.StandardListItem{\"title\":\"Euro\"}"}]}
COMMAND: GET /session/8690b08f518c8418ef29018541b658af/screenshot - {}
RESULT: {"script":"<script> [1562 bytes]","args":[{"selector":{"controlType":"sap.m.StandardListItem","viewName":"etm.portal.ui.managepartners.view.NewPartner","viewId":"application-managepartners-display-component---NewPartner","properties":{"title":"Euro"},"searchOpenDialogs":true,"interaction":{"idSuffix":"content"}},"wdio_ui5_key":"etmportal.ui.managepartners.view.NewPartnersap.m.StandardListItem{\"title\":\"Euro\"}"}]}
RESULT: undefined
COMMAND: POST /session/8690b08f518c8418ef29018541b658af/element - {"using":"xpath","value":"//*[@id=\"__item1354\"]"}
RESULT: {}
RESULT: {"using":"xpath","value":"//*[@id=\"__item1354\"]"}
COMMAND: POST /session/8690b08f518c8418ef29018541b658af/element/f.032590EE386F29951754CC6C5B23B0CB.d.4F7211B38649641B3789A7AF39EC40A0.e.7746/click - {}
RESULT: {}
COMMAND: POST /session/8690b08f518c8418ef29018541b658af/execute/async - {"script":"<script> [1562 bytes]","args":[{"selector":{"controlType":"sap.m.Button","viewName":"etm.portal.ui.managepartners.view.NewPartner","viewId":"application-managepartners-display-component---NewPartner","properties":{"text":"Assignments"},"interaction":{"idSuffix":"BDI-content"}},"wdio_ui5_key":"etmportal.ui.managepartners.view.NewPartnersap.m.Button{\"text\":\"Assignments\"}"}]}
COMMAND: GET /session/8690b08f518c8418ef29018541b658af/screenshot - {}
RESULT: {"script":"<script> [1562 bytes]","args":[{"selector":{"controlType":"sap.m.Button","viewName":"etm.portal.ui.managepartners.view.NewPartner","viewId":"application-managepartners-display-component---NewPartner","properties":{"text":"Assignments"},"interaction":{"idSuffix":"BDI-content"}},"wdio_ui5_key":"etmportal.ui.managepartners.view.NewPartnersap.m.Button{\"text\":\"Assignments\"}"}]}
RESULT: undefined
COMMAND: POST /session/8690b08f518c8418ef29018541b658af/element - {"using":"xpath","value":"//*[@id=\"application-managepartners-display-component---NewPartner--ObjectPageLayout-anchBar-__section61-anchor\"]"}
RESULT: {}
RESULT: {"using":"xpath","value":"//*[@id=\"application-managepartners-display-component---NewPartner--ObjectPageLayout-anchBar-__section61-anchor\"]"}
COMMAND: POST /session/8690b08f518c8418ef29018541b658af/element/f.032590EE386F29951754CC6C5B23B0CB.d.4F7211B38649641B3789A7AF39EC40A0.e.7748/click - {}
RESULT: {}
COMMAND: POST /session/8690b08f518c8418ef29018541b658af/execute/async - {"script":"<script> [1562 bytes]","args":[{"selector":{"id":"application-managepartners-display-component---NewPartner--btnAddTableRow","interaction":{"idSuffix":"inner"}},"wdio_ui5_key":"applicationmanagepartners-display-component---NewPartner--btnAddTableRow"}]}
COMMAND: GET /session/8690b08f518c8418ef29018541b658af/screenshot - {}
RESULT: {"script":"<script> [1562 bytes]","args":[{"selector":{"id":"application-managepartners-display-component---NewPartner--btnAddTableRow","interaction":{"idSuffix":"inner"}},"wdio_ui5_key":"applicationmanagepartners-display-component---NewPartner--btnAddTableRow"}]}
RESULT: undefined
COMMAND: POST /session/8690b08f518c8418ef29018541b658af/element - {"using":"xpath","value":"//*[@id=\"application-managepartners-display-component---NewPartner--btnAddTableRow\"]"}
RESULT: {}
RESULT: {"using":"xpath","value":"//*[@id=\"application-managepartners-display-component---NewPartner--btnAddTableRow\"]"}
COMMAND: POST /session/8690b08f518c8418ef29018541b658af/element/f.032590EE386F29951754CC6C5B23B0CB.d.4F7211B38649641B3789A7AF39EC40A0.e.7753/click - {}
RESULT: {}
COMMAND: POST /session/8690b08f518c8418ef29018541b658af/element - {"using":"css selector","value":"#application-managepartners-display-component---NewPartner--assignmentYard-application-managepartners-display-component---NewPartner--assignmentsTable-0-inner"}
COMMAND: GET /session/8690b08f518c8418ef29018541b658af/screenshot - {}
RESULT: {"using":"css selector","value":"#application-managepartners-display-component---NewPartner--assignmentYard-application-managepartners-display-component---NewPartner--assignmentsTable-0-inner"}
COMMAND: POST /session/8690b08f518c8418ef29018541b658af/element/f.032590EE386F29951754CC6C5B23B0CB.d.4F7211B38649641B3789A7AF39EC40A0.e.7755/clear - {}
RESULT: {}
RESULT: {}
COMMAND: POST /session/8690b08f518c8418ef29018541b658af/element/f.032590EE386F29951754CC6C5B23B0CB.d.4F7211B38649641B3789A7AF39EC40A0.e.7755/value - {"text":"596"}
COMMAND: GET /session/8690b08f518c8418ef29018541b658af/screenshot - {}
RESULT: {"text":"596"}
COMMAND: POST /session/8690b08f518c8418ef29018541b658af/execute/async - {"script":"<script> [1562 bytes]","args":[{"selector":{"id":"application-managepartners-display-component---NewPartner--assignmentYard-application-managepartners-display-component---NewPartner--assignmentsTable-0-arrow"},"wdio_ui5_key":"applicationmanagepartners-display-component---NewPartner--assignmentYard-application-managepartners-display-component---NewPartner--assignmentsTable-0-arrow"}]}
COMMAND: GET /session/8690b08f518c8418ef29018541b658af/screenshot - {}
RESULT: {}
RESULT: {"script":"<script> [1562 bytes]","args":[{"selector":{"id":"application-managepartners-display-component---NewPartner--assignmentYard-application-managepartners-display-component---NewPartner--assignmentsTable-0-arrow"},"wdio_ui5_key":"applicationmanagepartners-display-component---NewPartner--assignmentYard-application-managepartners-display-component---NewPartner--assignmentsTable-0-arrow"}]}
RESULT: undefined
COMMAND: POST /session/8690b08f518c8418ef29018541b658af/element - {"using":"xpath","value":"//*[@id=\"application-managepartners-display-component---NewPartner--assignmentYard-application-managepartners-display-component---NewPartner--assignmentsTable-0-arrow\"]"}
RESULT: {}
RESULT: {"using":"xpath","value":"//*[@id=\"application-managepartners-display-component---NewPartner--assignmentYard-application-managepartners-display-component---NewPartner--assignmentsTable-0-arrow\"]"}
COMMAND: POST /session/8690b08f518c8418ef29018541b658af/element/f.032590EE386F29951754CC6C5B23B0CB.d.4F7211B38649641B3789A7AF39EC40A0.e.7763/click - {}
RESULT: {}
COMMAND: GET /session/8690b08f518c8418ef29018541b658af/screenshot - {}
RESULT: {}
COMMAND: POST /session/8690b08f518c8418ef29018541b658af/execute/async - {"script":"<script> [1562 bytes]","args":[{"selector":{"controlType":"sap.m.Button","viewName":"etm.portal.ui.managepartners.view.NewPartner","viewId":"application-managepartners-display-component---NewPartner","i18NText":{"propertyName":"text","key":"save"},"interaction":{"idSuffix":"BDI-content"}},"wdio_ui5_key":"etmportal.ui.managepartners.view.NewPartnersap.m.Button{\"propertyName\":\"text\",\"key\":\"save\"}"}]}
RESULT: {"script":"<script> [1562 bytes]","args":[{"selector":{"controlType":"sap.m.Button","viewName":"etm.portal.ui.managepartners.view.NewPartner","viewId":"application-managepartners-display-component---NewPartner","i18NText":{"propertyName":"text","key":"save"},"interaction":{"idSuffix":"BDI-content"}},"wdio_ui5_key":"etmportal.ui.managepartners.view.NewPartnersap.m.Button{\"propertyName\":\"text\",\"key\":\"save\"}"}]}
RESULT: undefined
COMMAND: POST /session/8690b08f518c8418ef29018541b658af/element - {"using":"xpath","value":"//*[@id=\"__button127\"]"}
RESULT: {"using":"xpath","value":"//*[@id=\"__button127\"]"}
COMMAND: POST /session/8690b08f518c8418ef29018541b658af/element/f.032590EE386F29951754CC6C5B23B0CB.d.4F7211B38649641B3789A7AF39EC40A0.e.7709/click - {}
RESULT: {}
COMMAND: GET /session/8690b08f518c8418ef29018541b658af/screenshot - {}
RESULT: {}
COMMAND: POST /session/8690b08f518c8418ef29018541b658af/execute/async - {"script":"<script> [1562 bytes]","args":[{"selector":{"controlType":"sap.m.Text","viewName":"etm.portal.ui.managepartners.view.Detail","viewId":"application-managepartners-display-component---detailPtm","bindingPath":{"propertyPath":"ID","modelName":"catalogModel"}},"wdio_ui5_key":"etmportal.ui.managepartners.view.Detailsap.m.Text{\"propertyPath\":\"ID\",\"modelName\":\"catalogModel\"}"}]}
RESULT: {"script":"<script> [1562 bytes]","args":[{"selector":{"controlType":"sap.m.Text","viewName":"etm.portal.ui.managepartners.view.Detail","viewId":"application-managepartners-display-component---detailPtm","bindingPath":{"propertyPath":"ID","modelName":"catalogModel"}},"wdio_ui5_key":"etmportal.ui.managepartners.view.Detailsap.m.Text{\"propertyPath\":\"ID\",\"modelName\":\"catalogModel\"}"}]}
RESULT: undefined
COMMAND: POST /session/8690b08f518c8418ef29018541b658af/execute/async - {"script":"<script> [6424 bytes]","args":[{"element-6066-11e4-a52e-4f735466cecf":"f.032590EE386F29951754CC6C5B23B0CB.d.4F7211B38649641B3789A7AF39EC40A0.e.7926"},"getText",[]]}
RESULT: {"script":"<script> [6424 bytes]","args":[{"element-6066-11e4-a52e-4f735466cecf":"f.032590EE386F29951754CC6C5B23B0CB.d.4F7211B38649641B3789A7AF39EC40A0.e.7926"},"getText",[]]}
COMMAND: POST /session/8690b08f518c8418ef29018541b658af/element - {"using":"css selector","value":"#shell-header-logo"}
RESULT: {"using":"css selector","value":"#shell-header-logo"}
COMMAND: POST /session/8690b08f518c8418ef29018541b658af/element/f.032590EE386F29951754CC6C5B23B0CB.d.4F7211B38649641B3789A7AF39EC40A0.e.7258/click - {}
RESULT: {}
COMMAND: GET /session/8690b08f518c8418ef29018541b658af/screenshot - {}
]]></system-out>
    </testcase>
    <testcase classname="chrome.135_0_7049_115.windows.Provide_to_Site_w/o_warehouse_management_w/o_clarification_US116612" name="Should create a new WHM Material" time="87.171">
      <system-out><![CDATA[
COMMAND: POST /session/8690b08f518c8418ef29018541b658af/execute/async - {"script":"<script> [1562 bytes]","args":[{"selector":{"controlType":"sap.m.GenericTile","properties":{"header":"Manage Resources"}},"wdio_ui5_key":"sapm.GenericTile{\"header\":\"Manage Resources\"}"}]}
RESULT: {"script":"<script> [1562 bytes]","args":[{"selector":{"controlType":"sap.m.GenericTile","properties":{"header":"Manage Resources"}},"wdio_ui5_key":"sapm.GenericTile{\"header\":\"Manage Resources\"}"}]}
RESULT: undefined
COMMAND: POST /session/8690b08f518c8418ef29018541b658af/element - {"using":"xpath","value":"//*[@id=\"__tile39\"]"}
RESULT: {}
RESULT: {"using":"xpath","value":"//*[@id=\"__tile39\"]"}
COMMAND: POST /session/8690b08f518c8418ef29018541b658af/element/f.032590EE386F29951754CC6C5B23B0CB.d.4F7211B38649641B3789A7AF39EC40A0.e.7928/click - {}
RESULT: {}
COMMAND: POST /session/8690b08f518c8418ef29018541b658af/execute/async - {"script":"<script> [1562 bytes]","args":[{"selector":{"controlType":"sap.m.OverflowToolbarButton","viewName":"etm.portal.ui.manageresources.view.Master","viewId":"application-manageresources-display-component---masterRU","bindingPath":{"path":"","propertyPath":"/isLogbook","modelName":"minimumStockRPGModel"},"interaction":{"idSuffix":"inner"}},"wdio_ui5_key":"etmportal.ui.manageresources.view.Mastersap.m.OverflowToolbarButton{\"path\":\"\",\"propertyPath\":\"/isLogbook\",\"modelName\":\"minimumStockRPGModel\"}"}]}
COMMAND: GET /session/8690b08f518c8418ef29018541b658af/screenshot - {}
RESULT: {"script":"<script> [1562 bytes]","args":[{"selector":{"controlType":"sap.m.OverflowToolbarButton","viewName":"etm.portal.ui.manageresources.view.Master","viewId":"application-manageresources-display-component---masterRU","bindingPath":{"path":"","propertyPath":"/isLogbook","modelName":"minimumStockRPGModel"},"interaction":{"idSuffix":"inner"}},"wdio_ui5_key":"etmportal.ui.manageresources.view.Mastersap.m.OverflowToolbarButton{\"path\":\"\",\"propertyPath\":\"/isLogbook\",\"modelName\":\"minimumStockRPGModel\"}"}]}
RESULT: undefined
COMMAND: POST /session/8690b08f518c8418ef29018541b658af/element - {"using":"xpath","value":"//*[@id=\"__button168\"]"}
RESULT: {}
RESULT: {"using":"xpath","value":"//*[@id=\"__button168\"]"}
COMMAND: POST /session/8690b08f518c8418ef29018541b658af/element/f.032590EE386F29951754CC6C5B23B0CB.d.4F7211B38649641B3789A7AF39EC40A0.e.7969/click - {}
RESULT: {}
COMMAND: GET /session/8690b08f518c8418ef29018541b658af/screenshot - {}
COMMAND: POST /session/8690b08f518c8418ef29018541b658af/execute/async - {"script":"<script> [1562 bytes]","args":[{"selector":{"id":"application-manageresources-display-component---newResourceUnit--TYPE-arrow"},"wdio_ui5_key":"applicationmanageresources-display-component---newResourceUnit--TYPE-arrow"}]}
RESULT: {}
RESULT: {"script":"<script> [1562 bytes]","args":[{"selector":{"id":"application-manageresources-display-component---newResourceUnit--TYPE-arrow"},"wdio_ui5_key":"applicationmanageresources-display-component---newResourceUnit--TYPE-arrow"}]}
RESULT: undefined
COMMAND: POST /session/8690b08f518c8418ef29018541b658af/element - {"using":"xpath","value":"//*[@id=\"application-manageresources-display-component---newResourceUnit--TYPE-arrow\"]"}
RESULT: {"using":"xpath","value":"//*[@id=\"application-manageresources-display-component---newResourceUnit--TYPE-arrow\"]"}
COMMAND: POST /session/8690b08f518c8418ef29018541b658af/element/f.032590EE386F29951754CC6C5B23B0CB.d.4F7211B38649641B3789A7AF39EC40A0.e.8283/click - {}
RESULT: {}
COMMAND: POST /session/8690b08f518c8418ef29018541b658af/execute/async - {"script":"<script> [1562 bytes]","args":[{"selector":{"controlType":"sap.m.StandardListItem","viewName":"reusables.view.manageresources.NewResourceUnit","viewId":"application-manageresources-display-component---newResourceUnit","properties":{"title":"Material"},"searchOpenDialogs":true,"interaction":{"idSuffix":"content"}},"wdio_ui5_key":"reusablesview.manageresources.NewResourceUnitsap.m.StandardListItem{\"title\":\"Material\"}"}]}
COMMAND: GET /session/8690b08f518c8418ef29018541b658af/screenshot - {}
RESULT: {"script":"<script> [1562 bytes]","args":[{"selector":{"controlType":"sap.m.StandardListItem","viewName":"reusables.view.manageresources.NewResourceUnit","viewId":"application-manageresources-display-component---newResourceUnit","properties":{"title":"Material"},"searchOpenDialogs":true,"interaction":{"idSuffix":"content"}},"wdio_ui5_key":"reusablesview.manageresources.NewResourceUnitsap.m.StandardListItem{\"title\":\"Material\"}"}]}
RESULT: undefined
COMMAND: POST /session/8690b08f518c8418ef29018541b658af/element - {"using":"xpath","value":"//*[@id=\"__item1627\"]"}
RESULT: {}
RESULT: {"using":"xpath","value":"//*[@id=\"__item1627\"]"}
COMMAND: POST /session/8690b08f518c8418ef29018541b658af/element/f.032590EE386F29951754CC6C5B23B0CB.d.4F7211B38649641B3789A7AF39EC40A0.e.8286/click - {}
RESULT: {}
COMMAND: POST /session/8690b08f518c8418ef29018541b658af/execute/async - {"script":"<script> [1562 bytes]","args":[{"selector":{"id":"application-manageresources-display-component---newResourceUnit--resourceId","interaction":{"idSuffix":"inner"}},"wdio_ui5_key":"applicationmanageresources-display-component---newResourceUnit--resourceId"}]}
COMMAND: GET /session/8690b08f518c8418ef29018541b658af/screenshot - {}
RESULT: {"script":"<script> [1562 bytes]","args":[{"selector":{"id":"application-manageresources-display-component---newResourceUnit--resourceId","interaction":{"idSuffix":"inner"}},"wdio_ui5_key":"applicationmanageresources-display-component---newResourceUnit--resourceId"}]}
RESULT: undefined
COMMAND: POST /session/8690b08f518c8418ef29018541b658af/execute/async - {"script":"<script> [1562 bytes]","args":[{"selector":{"id":"application-manageresources-display-component---newResourceUnit--SHORT_TEXT","interaction":{"idSuffix":"inner"}},"wdio_ui5_key":"applicationmanageresources-display-component---newResourceUnit--SHORT_TEXT"}]}
RESULT: {}
RESULT: {"script":"<script> [1562 bytes]","args":[{"selector":{"id":"application-manageresources-display-component---newResourceUnit--SHORT_TEXT","interaction":{"idSuffix":"inner"}},"wdio_ui5_key":"applicationmanageresources-display-component---newResourceUnit--SHORT_TEXT"}]}
RESULT: undefined
COMMAND: POST /session/8690b08f518c8418ef29018541b658af/execute/async - {"script":"<script> [776 bytes]","args":[{"enterText":"material WHM","selector":{"id":"application-manageresources-display-component---newResourceUnit--SHORT_TEXT","interaction":{"idSuffix":"inner"}},"clearTextFirst":true,"interactionType":"ENTER_TEXT"}]}
RESULT: {"script":"<script> [776 bytes]","args":[{"enterText":"material WHM","selector":{"id":"application-manageresources-display-component---newResourceUnit--SHORT_TEXT","interaction":{"idSuffix":"inner"}},"clearTextFirst":true,"interactionType":"ENTER_TEXT"}]}
COMMAND: POST /session/8690b08f518c8418ef29018541b658af/execute/async - {"script":"<script> [1562 bytes]","args":[{"selector":{"id":"application-manageresources-display-component---newResourceUnit--BASE_UNIT_OF_MEASURE","interaction":{"idSuffix":"inner"}},"wdio_ui5_key":"applicationmanageresources-display-component---newResourceUnit--BASE_UNIT_OF_MEASURE"}]}
RESULT: {"script":"<script> [1562 bytes]","args":[{"selector":{"id":"application-manageresources-display-component---newResourceUnit--BASE_UNIT_OF_MEASURE","interaction":{"idSuffix":"inner"}},"wdio_ui5_key":"applicationmanageresources-display-component---newResourceUnit--BASE_UNIT_OF_MEASURE"}]}
RESULT: undefined
COMMAND: POST /session/8690b08f518c8418ef29018541b658af/execute/async - {"script":"<script> [776 bytes]","args":[{"enterText":"Piece","selector":{"id":"application-manageresources-display-component---newResourceUnit--BASE_UNIT_OF_MEASURE","interaction":{"idSuffix":"inner"}},"clearTextFirst":true,"interactionType":"ENTER_TEXT"}]}
RESULT: {"script":"<script> [776 bytes]","args":[{"enterText":"Piece","selector":{"id":"application-manageresources-display-component---newResourceUnit--BASE_UNIT_OF_MEASURE","interaction":{"idSuffix":"inner"}},"clearTextFirst":true,"interactionType":"ENTER_TEXT"}]}
COMMAND: POST /session/8690b08f518c8418ef29018541b658af/execute/async - {"script":"<script> [1562 bytes]","args":[{"selector":{"id":"application-manageresources-display-component---newResourceUnit--WEIGHT_UNIT","interaction":{"idSuffix":"inner"}},"wdio_ui5_key":"applicationmanageresources-display-component---newResourceUnit--WEIGHT_UNIT"}]}
RESULT: {"script":"<script> [1562 bytes]","args":[{"selector":{"id":"application-manageresources-display-component---newResourceUnit--WEIGHT_UNIT","interaction":{"idSuffix":"inner"}},"wdio_ui5_key":"applicationmanageresources-display-component---newResourceUnit--WEIGHT_UNIT"}]}
RESULT: undefined
COMMAND: POST /session/8690b08f518c8418ef29018541b658af/execute/async - {"script":"<script> [776 bytes]","args":[{"enterText":"Gram","selector":{"id":"application-manageresources-display-component---newResourceUnit--WEIGHT_UNIT","interaction":{"idSuffix":"inner"}},"clearTextFirst":true,"interactionType":"ENTER_TEXT"}]}
RESULT: {"script":"<script> [776 bytes]","args":[{"enterText":"Gram","selector":{"id":"application-manageresources-display-component---newResourceUnit--WEIGHT_UNIT","interaction":{"idSuffix":"inner"}},"clearTextFirst":true,"interactionType":"ENTER_TEXT"}]}
COMMAND: POST /session/8690b08f518c8418ef29018541b658af/execute/async - {"script":"<script> [1562 bytes]","args":[{"selector":{"id":"application-manageresources-display-component---newResourceUnit--DIMENSION_UNIT","interaction":{"idSuffix":"inner"}},"wdio_ui5_key":"applicationmanageresources-display-component---newResourceUnit--DIMENSION_UNIT"}]}
RESULT: {"script":"<script> [1562 bytes]","args":[{"selector":{"id":"application-manageresources-display-component---newResourceUnit--DIMENSION_UNIT","interaction":{"idSuffix":"inner"}},"wdio_ui5_key":"applicationmanageresources-display-component---newResourceUnit--DIMENSION_UNIT"}]}
RESULT: undefined
COMMAND: POST /session/8690b08f518c8418ef29018541b658af/execute/async - {"script":"<script> [776 bytes]","args":[{"enterText":"Meter","selector":{"id":"application-manageresources-display-component---newResourceUnit--DIMENSION_UNIT","interaction":{"idSuffix":"inner"}},"clearTextFirst":true,"interactionType":"ENTER_TEXT"}]}
RESULT: {"script":"<script> [776 bytes]","args":[{"enterText":"Meter","selector":{"id":"application-manageresources-display-component---newResourceUnit--DIMENSION_UNIT","interaction":{"idSuffix":"inner"}},"clearTextFirst":true,"interactionType":"ENTER_TEXT"}]}
COMMAND: POST /session/8690b08f518c8418ef29018541b658af/execute/async - {"script":"<script> [1562 bytes]","args":[{"selector":{"id":"application-manageresources-display-component---newResourceUnit--newRRUPage-anchBar-application-manageresources-display-component---newResourceUnit--control-anchor","interaction":{"idSuffix":"content"}},"wdio_ui5_key":"applicationmanageresources-display-component---newResourceUnit--newRRUPage-anchBar-application-manageresources-display-component---newResourceUnit--control-anchor"}]}
RESULT: {"script":"<script> [1562 bytes]","args":[{"selector":{"id":"application-manageresources-display-component---newResourceUnit--newRRUPage-anchBar-application-manageresources-display-component---newResourceUnit--control-anchor","interaction":{"idSuffix":"content"}},"wdio_ui5_key":"applicationmanageresources-display-component---newResourceUnit--newRRUPage-anchBar-application-manageresources-display-component---newResourceUnit--control-anchor"}]}
RESULT: undefined
COMMAND: POST /session/8690b08f518c8418ef29018541b658af/element - {"using":"xpath","value":"//*[@id=\"application-manageresources-display-component---newResourceUnit--newRRUPage-anchBar-application-manageresources-display-component---newResourceUnit--control-anchor\"]"}
RESULT: {"using":"xpath","value":"//*[@id=\"application-manageresources-display-component---newResourceUnit--newRRUPage-anchBar-application-manageresources-display-component---newResourceUnit--control-anchor\"]"}
COMMAND: POST /session/8690b08f518c8418ef29018541b658af/element/f.032590EE386F29951754CC6C5B23B0CB.d.4F7211B38649641B3789A7AF39EC40A0.e.8350/click - {}
RESULT: {}
COMMAND: POST /session/8690b08f518c8418ef29018541b658af/execute/async - {"script":"<script> [1562 bytes]","args":[{"selector":{"id":"application-manageresources-display-component---newResourceUnit--PLANNING_GROUP","interaction":{"idSuffix":"inner"}},"wdio_ui5_key":"applicationmanageresources-display-component---newResourceUnit--PLANNING_GROUP"}]}
COMMAND: GET /session/8690b08f518c8418ef29018541b658af/screenshot - {}
RESULT: {"script":"<script> [1562 bytes]","args":[{"selector":{"id":"application-manageresources-display-component---newResourceUnit--PLANNING_GROUP","interaction":{"idSuffix":"inner"}},"wdio_ui5_key":"applicationmanageresources-display-component---newResourceUnit--PLANNING_GROUP"}]}
RESULT: undefined
COMMAND: POST /session/8690b08f518c8418ef29018541b658af/execute/async - {"script":"<script> [776 bytes]","args":[{"enterText":"Heavy Equi","selector":{"id":"application-manageresources-display-component---newResourceUnit--PLANNING_GROUP","interaction":{"idSuffix":"inner"}},"clearTextFirst":true,"interactionType":"ENTER_TEXT"}]}
RESULT: {}
RESULT: {"script":"<script> [776 bytes]","args":[{"enterText":"Heavy Equi","selector":{"id":"application-manageresources-display-component---newResourceUnit--PLANNING_GROUP","interaction":{"idSuffix":"inner"}},"clearTextFirst":true,"interactionType":"ENTER_TEXT"}]}
COMMAND: POST /session/8690b08f518c8418ef29018541b658af/execute/async - {"script":"<script> [1562 bytes]","args":[{"selector":{"id":"application-manageresources-display-component---newResourceUnit--PLANNING_INDICATOR","interaction":{"idSuffix":"inner"}},"wdio_ui5_key":"applicationmanageresources-display-component---newResourceUnit--PLANNING_INDICATOR"}]}
RESULT: {"script":"<script> [1562 bytes]","args":[{"selector":{"id":"application-manageresources-display-component---newResourceUnit--PLANNING_INDICATOR","interaction":{"idSuffix":"inner"}},"wdio_ui5_key":"applicationmanageresources-display-component---newResourceUnit--PLANNING_INDICATOR"}]}
RESULT: undefined
COMMAND: POST /session/8690b08f518c8418ef29018541b658af/execute/async - {"script":"<script> [776 bytes]","args":[{"enterText":"10 - infinite","selector":{"id":"application-manageresources-display-component---newResourceUnit--PLANNING_INDICATOR","interaction":{"idSuffix":"inner"}},"clearTextFirst":true,"interactionType":"ENTER_TEXT"}]}
RESULT: {"script":"<script> [776 bytes]","args":[{"enterText":"10 - infinite","selector":{"id":"application-manageresources-display-component---newResourceUnit--PLANNING_INDICATOR","interaction":{"idSuffix":"inner"}},"clearTextFirst":true,"interactionType":"ENTER_TEXT"}]}
COMMAND: POST /session/8690b08f518c8418ef29018541b658af/actions - {"actions":[{"id":"action34","type":"key","parameters":{},"actions":[{"type":"keyDown","value":"î€‡"},{"type":"pause","duration":10},{"type":"keyUp","value":"î€‡"}]}]}
RESULT: {"actions":[{"id":"action34","type":"key","parameters":{},"actions":[{"type":"keyDown","value":"î€‡"},{"type":"pause","duration":10},{"type":"keyUp","value":"î€‡"}]}]}
COMMAND: POST /session/8690b08f518c8418ef29018541b658af/execute/async - {"script":"<script> [1562 bytes]","args":[{"selector":{"id":"application-manageresources-display-component---newResourceUnit--ITEM_TYPE-arrow"},"wdio_ui5_key":"applicationmanageresources-display-component---newResourceUnit--ITEM_TYPE-arrow"}]}
COMMAND: GET /session/8690b08f518c8418ef29018541b658af/screenshot - {}
RESULT: {"script":"<script> [1562 bytes]","args":[{"selector":{"id":"application-manageresources-display-component---newResourceUnit--ITEM_TYPE-arrow"},"wdio_ui5_key":"applicationmanageresources-display-component---newResourceUnit--ITEM_TYPE-arrow"}]}
RESULT: undefined
COMMAND: POST /session/8690b08f518c8418ef29018541b658af/element - {"using":"xpath","value":"//*[@id=\"application-manageresources-display-component---newResourceUnit--ITEM_TYPE-arrow\"]"}
RESULT: {}
RESULT: {"using":"xpath","value":"//*[@id=\"application-manageresources-display-component---newResourceUnit--ITEM_TYPE-arrow\"]"}
COMMAND: POST /session/8690b08f518c8418ef29018541b658af/element/f.032590EE386F29951754CC6C5B23B0CB.d.4F7211B38649641B3789A7AF39EC40A0.e.8358/click - {}
RESULT: {}
COMMAND: POST /session/8690b08f518c8418ef29018541b658af/execute/async - {"script":"<script> [1562 bytes]","args":[{"selector":{"controlType":"sap.m.StandardListItem","viewName":"reusables.view.manageresources.NewResourceUnit","viewId":"application-manageresources-display-component---newResourceUnit","properties":{"title":"Resource Unit"},"searchOpenDialogs":true,"interaction":{"idSuffix":"titleText"}},"wdio_ui5_key":"reusablesview.manageresources.NewResourceUnitsap.m.StandardListItem{\"title\":\"Resource Unit\"}"}]}
COMMAND: GET /session/8690b08f518c8418ef29018541b658af/screenshot - {}
RESULT: {"script":"<script> [1562 bytes]","args":[{"selector":{"controlType":"sap.m.StandardListItem","viewName":"reusables.view.manageresources.NewResourceUnit","viewId":"application-manageresources-display-component---newResourceUnit","properties":{"title":"Resource Unit"},"searchOpenDialogs":true,"interaction":{"idSuffix":"titleText"}},"wdio_ui5_key":"reusablesview.manageresources.NewResourceUnitsap.m.StandardListItem{\"title\":\"Resource Unit\"}"}]}
RESULT: undefined
RESULT: {}
COMMAND: POST /session/8690b08f518c8418ef29018541b658af/execute/async - {"script":"<script> [1562 bytes]","args":[{"selector":{"controlType":"sap.m.Label","viewName":"reusables.view.manageresources.NewResourceUnit","viewId":"application-manageresources-display-component---newResourceUnit","i18NText":{"propertyName":"text","key":"planningGroup"},"interaction":{"idSuffix":"bdi"}},"wdio_ui5_key":"reusablesview.manageresources.NewResourceUnitsap.m.Label{\"propertyName\":\"text\",\"key\":\"planningGroup\"}"}]}
RESULT: {"script":"<script> [1562 bytes]","args":[{"selector":{"controlType":"sap.m.Label","viewName":"reusables.view.manageresources.NewResourceUnit","viewId":"application-manageresources-display-component---newResourceUnit","i18NText":{"propertyName":"text","key":"planningGroup"},"interaction":{"idSuffix":"bdi"}},"wdio_ui5_key":"reusablesview.manageresources.NewResourceUnitsap.m.Label{\"propertyName\":\"text\",\"key\":\"planningGroup\"}"}]}
RESULT: undefined
COMMAND: POST /session/8690b08f518c8418ef29018541b658af/element - {"using":"xpath","value":"//*[@id=\"__label263\"]"}
RESULT: {"using":"xpath","value":"//*[@id=\"__label263\"]"}
COMMAND: POST /session/8690b08f518c8418ef29018541b658af/element/f.032590EE386F29951754CC6C5B23B0CB.d.4F7211B38649641B3789A7AF39EC40A0.e.8360/click - {}
RESULT: {}
COMMAND: GET /session/8690b08f518c8418ef29018541b658af/screenshot - {}
RESULT: {}
COMMAND: POST /session/8690b08f518c8418ef29018541b658af/actions - {"actions":[{"type":"key","id":"keyboard","actions":[{"type":"keyDown","value":"î›"}]}]}
RESULT: {"actions":[{"type":"key","id":"keyboard","actions":[{"type":"keyDown","value":"î›"}]}]}
COMMAND: GET /session/8690b08f518c8418ef29018541b658af/screenshot - {}
RESULT: {}
COMMAND: POST /session/8690b08f518c8418ef29018541b658af/actions - {"actions":[{"type":"key","id":"keyboard","actions":[{"type":"keyDown","value":"î›"}]}]}
RESULT: {"actions":[{"type":"key","id":"keyboard","actions":[{"type":"keyDown","value":"î›"}]}]}
COMMAND: GET /session/8690b08f518c8418ef29018541b658af/screenshot - {}
RESULT: {}
COMMAND: POST /session/8690b08f518c8418ef29018541b658af/actions - {"actions":[{"type":"key","id":"keyboard","actions":[{"type":"keyDown","value":"î›"}]}]}
RESULT: {"actions":[{"type":"key","id":"keyboard","actions":[{"type":"keyDown","value":"î›"}]}]}
COMMAND: GET /session/8690b08f518c8418ef29018541b658af/screenshot - {}
RESULT: {}
COMMAND: POST /session/8690b08f518c8418ef29018541b658af/actions - {"actions":[{"type":"key","id":"keyboard","actions":[{"type":"keyDown","value":"î›"}]}]}
RESULT: {"actions":[{"type":"key","id":"keyboard","actions":[{"type":"keyDown","value":"î›"}]}]}
COMMAND: GET /session/8690b08f518c8418ef29018541b658af/screenshot - {}
RESULT: {}
COMMAND: POST /session/8690b08f518c8418ef29018541b658af/actions - {"actions":[{"type":"key","id":"keyboard","actions":[{"type":"keyDown","value":"î›"}]}]}
RESULT: {"actions":[{"type":"key","id":"keyboard","actions":[{"type":"keyDown","value":"î›"}]}]}
COMMAND: GET /session/8690b08f518c8418ef29018541b658af/screenshot - {}
RESULT: {}
COMMAND: POST /session/8690b08f518c8418ef29018541b658af/actions - {"actions":[{"type":"key","id":"keyboard","actions":[{"type":"keyDown","value":"î›"}]}]}
RESULT: {"actions":[{"type":"key","id":"keyboard","actions":[{"type":"keyDown","value":"î›"}]}]}
COMMAND: GET /session/8690b08f518c8418ef29018541b658af/screenshot - {}
RESULT: {}
COMMAND: POST /session/8690b08f518c8418ef29018541b658af/execute/async - {"script":"<script> [1562 bytes]","args":[{"selector":{"id":"application-manageresources-display-component---newResourceUnit--btnAddTimeSegment-img"},"wdio_ui5_key":"applicationmanageresources-display-component---newResourceUnit--btnAddTimeSegment-img"}]}
RESULT: {"script":"<script> [1562 bytes]","args":[{"selector":{"id":"application-manageresources-display-component---newResourceUnit--btnAddTimeSegment-img"},"wdio_ui5_key":"applicationmanageresources-display-component---newResourceUnit--btnAddTimeSegment-img"}]}
RESULT: undefined
COMMAND: POST /session/8690b08f518c8418ef29018541b658af/element - {"using":"xpath","value":"//*[@id=\"application-manageresources-display-component---newResourceUnit--btnAddTimeSegment-img\"]"}
RESULT: {"using":"xpath","value":"//*[@id=\"application-manageresources-display-component---newResourceUnit--btnAddTimeSegment-img\"]"}
COMMAND: POST /session/8690b08f518c8418ef29018541b658af/element/f.032590EE386F29951754CC6C5B23B0CB.d.4F7211B38649641B3789A7AF39EC40A0.e.8361/click - {}
RESULT: {}
COMMAND: POST /session/8690b08f518c8418ef29018541b658af/element - {"using":"xpath","value":"//input[@id=\"application-manageresources-display-component---newResourceUnit--idRuTSAdmin-application-manageresources-display-component---newResourceUnit--RUTimeSegment-0-inner\"]"}
COMMAND: GET /session/8690b08f518c8418ef29018541b658af/screenshot - {}
RESULT: {"using":"xpath","value":"//input[@id=\"application-manageresources-display-component---newResourceUnit--idRuTSAdmin-application-manageresources-display-component---newResourceUnit--RUTimeSegment-0-inner\"]"}
COMMAND: POST /session/8690b08f518c8418ef29018541b658af/element/f.032590EE386F29951754CC6C5B23B0CB.d.4F7211B38649641B3789A7AF39EC40A0.e.8364/clear - {}
RESULT: {}
RESULT: {}
COMMAND: POST /session/8690b08f518c8418ef29018541b658af/element/f.032590EE386F29951754CC6C5B23B0CB.d.4F7211B38649641B3789A7AF39EC40A0.e.8364/value - {"text":"596"}
COMMAND: GET /session/8690b08f518c8418ef29018541b658af/screenshot - {}
RESULT: {"text":"596"}
COMMAND: GET /session/8690b08f518c8418ef29018541b658af/screenshot - {}
RESULT: {}
RESULT: {}
COMMAND: POST /session/8690b08f518c8418ef29018541b658af/actions - {"actions":[{"id":"action35","type":"key","parameters":{},"actions":[{"type":"keyDown","value":"î€‡"},{"type":"pause","duration":10},{"type":"keyUp","value":"î€‡"}]}]}
RESULT: {"actions":[{"id":"action35","type":"key","parameters":{},"actions":[{"type":"keyDown","value":"î€‡"},{"type":"pause","duration":10},{"type":"keyUp","value":"î€‡"}]}]}
COMMAND: GET /session/8690b08f518c8418ef29018541b658af/screenshot - {}
RESULT: {}
COMMAND: POST /session/8690b08f518c8418ef29018541b658af/execute/async - {"script":"<script> [1562 bytes]","args":[{"selector":{"controlType":"sap.m.Button","viewName":"reusables.view.manageresources.NewResourceUnit","viewId":"application-manageresources-display-component---newResourceUnit","i18NText":{"propertyName":"tooltip","key":"save"},"interaction":{"idSuffix":"BDI-content"}},"wdio_ui5_key":"reusablesview.manageresources.NewResourceUnitsap.m.Button{\"propertyName\":\"tooltip\",\"key\":\"save\"}"}]}
RESULT: {"script":"<script> [1562 bytes]","args":[{"selector":{"controlType":"sap.m.Button","viewName":"reusables.view.manageresources.NewResourceUnit","viewId":"application-manageresources-display-component---newResourceUnit","i18NText":{"propertyName":"tooltip","key":"save"},"interaction":{"idSuffix":"BDI-content"}},"wdio_ui5_key":"reusablesview.manageresources.NewResourceUnitsap.m.Button{\"propertyName\":\"tooltip\",\"key\":\"save\"}"}]}
RESULT: undefined
COMMAND: POST /session/8690b08f518c8418ef29018541b658af/element - {"using":"xpath","value":"//*[@id=\"application-manageresources-display-component---newResourceUnit--createRuButton\"]"}
RESULT: {"using":"xpath","value":"//*[@id=\"application-manageresources-display-component---newResourceUnit--createRuButton\"]"}
COMMAND: POST /session/8690b08f518c8418ef29018541b658af/element/f.032590EE386F29951754CC6C5B23B0CB.d.4F7211B38649641B3789A7AF39EC40A0.e.8299/click - {}
RESULT: {}
COMMAND: POST /session/8690b08f518c8418ef29018541b658af/execute/async - {"script":"<script> [1562 bytes]","args":[{"selector":{"controlType":"sap.m.Button","properties":{"text":"Close"},"searchOpenDialogs":true,"interaction":{"idSuffix":"BDI-content"}},"wdio_ui5_key":"sapm.Button{\"text\":\"Close\"}"}]}
COMMAND: GET /session/8690b08f518c8418ef29018541b658af/screenshot - {}
RESULT: {"script":"<script> [1562 bytes]","args":[{"selector":{"controlType":"sap.m.Button","properties":{"text":"Close"},"searchOpenDialogs":true,"interaction":{"idSuffix":"BDI-content"}},"wdio_ui5_key":"sapm.Button{\"text\":\"Close\"}"}]}
RESULT: undefined
COMMAND: POST /session/8690b08f518c8418ef29018541b658af/element - {"using":"xpath","value":"//*[@id=\"__mbox-btn-0\"]"}
RESULT: {}
RESULT: {"using":"xpath","value":"//*[@id=\"__mbox-btn-0\"]"}
COMMAND: POST /session/8690b08f518c8418ef29018541b658af/element/f.032590EE386F29951754CC6C5B23B0CB.d.4F7211B38649641B3789A7AF39EC40A0.e.8379/click - {}
RESULT: {}
COMMAND: GET /session/8690b08f518c8418ef29018541b658af/screenshot - {}
RESULT: {}
COMMAND: POST /session/8690b08f518c8418ef29018541b658af/execute/async - {"script":"<script> [1562 bytes]","args":[{"selector":{"controlType":"sap.m.Text","viewName":"etm.portal.ui.manageresources.view.Detail","viewId":"application-manageresources-display-component---detailRU","bindingPath":{"propertyPath":"ID","modelName":"catalogModel"}},"wdio_ui5_key":"etmportal.ui.manageresources.view.Detailsap.m.Text{\"propertyPath\":\"ID\",\"modelName\":\"catalogModel\"}"}]}
RESULT: {"script":"<script> [1562 bytes]","args":[{"selector":{"controlType":"sap.m.Text","viewName":"etm.portal.ui.manageresources.view.Detail","viewId":"application-manageresources-display-component---detailRU","bindingPath":{"propertyPath":"ID","modelName":"catalogModel"}},"wdio_ui5_key":"etmportal.ui.manageresources.view.Detailsap.m.Text{\"propertyPath\":\"ID\",\"modelName\":\"catalogModel\"}"}]}
RESULT: undefined
COMMAND: POST /session/8690b08f518c8418ef29018541b658af/execute/async - {"script":"<script> [6424 bytes]","args":[{"element-6066-11e4-a52e-4f735466cecf":"f.032590EE386F29951754CC6C5B23B0CB.d.4F7211B38649641B3789A7AF39EC40A0.e.8410"},"getText",[]]}
RESULT: {"script":"<script> [6424 bytes]","args":[{"element-6066-11e4-a52e-4f735466cecf":"f.032590EE386F29951754CC6C5B23B0CB.d.4F7211B38649641B3789A7AF39EC40A0.e.8410"},"getText",[]]}
COMMAND: POST /session/8690b08f518c8418ef29018541b658af/element - {"using":"css selector","value":"#shell-header-logo"}
RESULT: {"using":"css selector","value":"#shell-header-logo"}
COMMAND: POST /session/8690b08f518c8418ef29018541b658af/element/f.032590EE386F29951754CC6C5B23B0CB.d.4F7211B38649641B3789A7AF39EC40A0.e.7930/click - {}
RESULT: {}
COMMAND: GET /session/8690b08f518c8418ef29018541b658af/screenshot - {}
RESULT: {}
]]></system-out>
    </testcase>
  </testsuite>
  <testsuite timestamp="2025-05-05T17:22:24" time="635.48" tests="5" failures="0" errors="0" skipped="0">
    <properties>
      <property name="specId" value="0" />
      <property name="suiteName" value="Provide to Site w/o warehouse management wo clarification" />
      <property name="capabilities" value="chrome.135_0_7049_115.windows" />
      <property name="file" value="file:///D:/a/1/s/test/specs/HTR/provide-to-site-wo-warehouse-wo-clarification.spec.js" />
    </properties>
    <testcase classname="chrome.135_0_7049_115.windows.Provide_to_Site_w/o_warehouse_management_wo_clarification" name="Should do a stock increase handover" time="76.843">
      <system-out><![CDATA[
COMMAND: POST /session/8690b08f518c8418ef29018541b658af/execute/async - {"script":"<script> [1562 bytes]","args":[{"selector":{"controlType":"sap.m.GenericTile","properties":{"header":"Manage Handovers"}},"wdio_ui5_key":"sapm.GenericTile{\"header\":\"Manage Handovers\"}"}]}
RESULT: {"script":"<script> [1562 bytes]","args":[{"selector":{"controlType":"sap.m.GenericTile","properties":{"header":"Manage Handovers"}},"wdio_ui5_key":"sapm.GenericTile{\"header\":\"Manage Handovers\"}"}]}
RESULT: undefined
COMMAND: POST /session/8690b08f518c8418ef29018541b658af/element - {"using":"xpath","value":"//*[@id=\"__tile132\"]"}
RESULT: {"using":"xpath","value":"//*[@id=\"__tile132\"]"}
COMMAND: POST /session/8690b08f518c8418ef29018541b658af/element/f.032590EE386F29951754CC6C5B23B0CB.d.4F7211B38649641B3789A7AF39EC40A0.e.8414/click - {}
RESULT: {}
COMMAND: GET /session/8690b08f518c8418ef29018541b658af/screenshot - {}
COMMAND: POST /session/8690b08f518c8418ef29018541b658af/element - {"using":"xpath","value":"//button[(@data-kt = 'masterHOAddButton')]"}
RESULT: {}
RESULT: {"using":"xpath","value":"//button[(@data-kt = 'masterHOAddButton')]"}
COMMAND: POST /session/8690b08f518c8418ef29018541b658af/element/f.032590EE386F29951754CC6C5B23B0CB.d.4F7211B38649641B3789A7AF39EC40A0.e.8453/click - {}
RESULT: {}
COMMAND: POST /session/8690b08f518c8418ef29018541b658af/element - {"using":"css selector","value":"span[id=\"application-managehandovers-display-component---AddNewHO--typeSelect-label\"]"}
COMMAND: GET /session/8690b08f518c8418ef29018541b658af/screenshot - {}
RESULT: {"using":"css selector","value":"span[id=\"application-managehandovers-display-component---AddNewHO--typeSelect-label\"]"}
COMMAND: POST /session/8690b08f518c8418ef29018541b658af/element/f.032590EE386F29951754CC6C5B23B0CB.d.4F7211B38649641B3789A7AF39EC40A0.e.8749/click - {}
RESULT: {}
RESULT: {}
COMMAND: POST /session/8690b08f518c8418ef29018541b658af/element - {"using":"css selector","value":"#application-managehandovers-display-component---AddNewHO--oneStep-CB"}
COMMAND: GET /session/8690b08f518c8418ef29018541b658af/screenshot - {}
RESULT: {"using":"css selector","value":"#application-managehandovers-display-component---AddNewHO--oneStep-CB"}
COMMAND: GET /session/8690b08f518c8418ef29018541b658af/element/f.032590EE386F29951754CC6C5B23B0CB.d.4F7211B38649641B3789A7AF39EC40A0.e.8687/selected - {}
RESULT: {}
RESULT: {}
COMMAND: POST /session/8690b08f518c8418ef29018541b658af/element - {"using":"xpath","value":"//li[contains(text(), \"stock increase yard\")]"}
COMMAND: GET /session/8690b08f518c8418ef29018541b658af/screenshot - {}
RESULT: {"using":"xpath","value":"//li[contains(text(), \"stock increase yard\")]"}
COMMAND: POST /session/8690b08f518c8418ef29018541b658af/element/f.032590EE386F29951754CC6C5B23B0CB.d.4F7211B38649641B3789A7AF39EC40A0.e.8750/click - {}
RESULT: {}
RESULT: {}
COMMAND: GET /session/8690b08f518c8418ef29018541b658af/screenshot - {}
RESULT: {}
COMMAND: POST /session/8690b08f518c8418ef29018541b658af/element - {"using":"css selector","value":"input[id=\"generalSectionFrg--receiveYard-inner\"]"}
RESULT: {"using":"css selector","value":"input[id=\"generalSectionFrg--receiveYard-inner\"]"}
COMMAND: POST /session/8690b08f518c8418ef29018541b658af/element/f.032590EE386F29951754CC6C5B23B0CB.d.4F7211B38649641B3789A7AF39EC40A0.e.8760/clear - {}
RESULT: {}
COMMAND: POST /session/8690b08f518c8418ef29018541b658af/element/f.032590EE386F29951754CC6C5B23B0CB.d.4F7211B38649641B3789A7AF39EC40A0.e.8760/value - {"text":"596"}
COMMAND: GET /session/8690b08f518c8418ef29018541b658af/screenshot - {}
RESULT: {"text":"596"}
COMMAND: GET /session/8690b08f518c8418ef29018541b658af/screenshot - {}
RESULT: {}
RESULT: {}
COMMAND: POST /session/8690b08f518c8418ef29018541b658af/element - {"using":"css selector","value":"#application-managehandovers-display-component---AddNewHO--dueDate-inner"}
RESULT: {"using":"css selector","value":"#application-managehandovers-display-component---AddNewHO--dueDate-inner"}
COMMAND: POST /session/8690b08f518c8418ef29018541b658af/element/f.032590EE386F29951754CC6C5B23B0CB.d.4F7211B38649641B3789A7AF39EC40A0.e.8754/clear - {}
RESULT: {}
COMMAND: POST /session/8690b08f518c8418ef29018541b658af/element/f.032590EE386F29951754CC6C5B23B0CB.d.4F7211B38649641B3789A7AF39EC40A0.e.8754/value - {"text":"5/5/25"}
COMMAND: GET /session/8690b08f518c8418ef29018541b658af/screenshot - {}
RESULT: {"text":"5/5/25"}
COMMAND: GET /session/8690b08f518c8418ef29018541b658af/screenshot - {}
RESULT: {}
RESULT: {}
COMMAND: POST /session/8690b08f518c8418ef29018541b658af/element - {"using":"xpath","value":"//bdi[(text() = 'Items' or . = 'Items')]"}
RESULT: {"using":"xpath","value":"//bdi[(text() = 'Items' or . = 'Items')]"}
COMMAND: POST /session/8690b08f518c8418ef29018541b658af/element/f.032590EE386F29951754CC6C5B23B0CB.d.4F7211B38649641B3789A7AF39EC40A0.e.8777/click - {}
RESULT: {}
COMMAND: GET /session/8690b08f518c8418ef29018541b658af/screenshot - {}
RESULT: {}
COMMAND: POST /session/8690b08f518c8418ef29018541b658af/element - {"using":"xpath","value":"//button[@aria-label=\"Add\"]"}
RESULT: {"using":"xpath","value":"//button[@aria-label=\"Add\"]"}
COMMAND: POST /session/8690b08f518c8418ef29018541b658af/element/f.032590EE386F29951754CC6C5B23B0CB.d.4F7211B38649641B3789A7AF39EC40A0.e.8782/click - {}
RESULT: {}
COMMAND: GET /session/8690b08f518c8418ef29018541b658af/screenshot - {}
RESULT: {}
COMMAND: POST /session/8690b08f518c8418ef29018541b658af/element - {"using":"css selector","value":"input[id= \"application-managehandovers-display-component---AddNewHO--smartFilterBar-btnBasicSearch-I\"]"}
RESULT: {"using":"css selector","value":"input[id= \"application-managehandovers-display-component---AddNewHO--smartFilterBar-btnBasicSearch-I\"]"}
COMMAND: POST /session/8690b08f518c8418ef29018541b658af/element/f.032590EE386F29951754CC6C5B23B0CB.d.4F7211B38649641B3789A7AF39EC40A0.e.8785/clear - {}
RESULT: {}
COMMAND: POST /session/8690b08f518c8418ef29018541b658af/element/f.032590EE386F29951754CC6C5B23B0CB.d.4F7211B38649641B3789A7AF39EC40A0.e.8785/value - {"text":"200333"}
COMMAND: GET /session/8690b08f518c8418ef29018541b658af/screenshot - {}
RESULT: {"text":"200333"}
COMMAND: POST /session/8690b08f518c8418ef29018541b658af/actions - {"actions":[{"id":"action36","type":"key","parameters":{},"actions":[{"type":"keyDown","value":"î€‡"},{"type":"pause","duration":10},{"type":"keyUp","value":"î€‡"}]}]}
COMMAND: GET /session/8690b08f518c8418ef29018541b658af/screenshot - {}
RESULT: {}
RESULT: {"actions":[{"id":"action36","type":"key","parameters":{},"actions":[{"type":"keyDown","value":"î€‡"},{"type":"pause","duration":10},{"type":"keyUp","value":"î€‡"}]}]}
COMMAND: POST /session/8690b08f518c8418ef29018541b658af/element - {"using":"css selector","value":"div[id= \"application-managehandovers-display-component---AddNewHO--smartFilterBar-btnBasicSearch-search\"]"}
COMMAND: GET /session/8690b08f518c8418ef29018541b658af/screenshot - {}
RESULT: {}
RESULT: {"using":"css selector","value":"div[id= \"application-managehandovers-display-component---AddNewHO--smartFilterBar-btnBasicSearch-search\"]"}
COMMAND: POST /session/8690b08f518c8418ef29018541b658af/element/f.032590EE386F29951754CC6C5B23B0CB.d.4F7211B38649641B3789A7AF39EC40A0.e.8935/click - {}
RESULT: {}
RESULT: {}
COMMAND: GET /session/8690b08f518c8418ef29018541b658af/screenshot - {}
RESULT: {}
COMMAND: POST /session/8690b08f518c8418ef29018541b658af/element - {"using":"css selector","value":"div[id= \"application-managehandovers-display-component---AddNewHO--popup-sa-CbBg\"]"}
RESULT: {"using":"css selector","value":"div[id= \"application-managehandovers-display-component---AddNewHO--popup-sa-CbBg\"]"}
COMMAND: POST /session/8690b08f518c8418ef29018541b658af/element/f.032590EE386F29951754CC6C5B23B0CB.d.4F7211B38649641B3789A7AF39EC40A0.e.8936/click - {}
RESULT: {}
COMMAND: POST /session/8690b08f518c8418ef29018541b658af/element - {"using":"xpath","value":"//bdi[(text() = 'Select' or . = 'Select')]"}
COMMAND: GET /session/8690b08f518c8418ef29018541b658af/screenshot - {}
RESULT: {"using":"xpath","value":"//bdi[(text() = 'Select' or . = 'Select')]"}
COMMAND: POST /session/8690b08f518c8418ef29018541b658af/element/f.032590EE386F29951754CC6C5B23B0CB.d.4F7211B38649641B3789A7AF39EC40A0.e.8937/click - {}
RESULT: {}
RESULT: {}
COMMAND: GET /session/8690b08f518c8418ef29018541b658af/screenshot - {}
RESULT: {}
COMMAND: POST /session/8690b08f518c8418ef29018541b658af/element - {"using":"xpath","value":"//bdi[(text() = 'Save' or . = 'Save')]"}
RESULT: {"using":"xpath","value":"//bdi[(text() = 'Save' or . = 'Save')]"}
COMMAND: POST /session/8690b08f518c8418ef29018541b658af/element/f.032590EE386F29951754CC6C5B23B0CB.d.4F7211B38649641B3789A7AF39EC40A0.e.8941/click - {}
RESULT: {}
COMMAND: GET /session/8690b08f518c8418ef29018541b658af/screenshot - {}
RESULT: {}
COMMAND: POST /session/8690b08f518c8418ef29018541b658af/element - {"using":"xpath","value":"//input[contains(@id ,\"receiptDatePicker-inner\")]"}
RESULT: {"using":"xpath","value":"//input[contains(@id ,\"receiptDatePicker-inner\")]"}
COMMAND: POST /session/8690b08f518c8418ef29018541b658af/element/f.032590EE386F29951754CC6C5B23B0CB.d.4F7211B38649641B3789A7AF39EC40A0.e.8969/click - {}
RESULT: {}
COMMAND: POST /session/8690b08f518c8418ef29018541b658af/element - {"using":"xpath","value":"//input[contains(@id ,\"receiptDatePicker-inner\")]"}
COMMAND: GET /session/8690b08f518c8418ef29018541b658af/screenshot - {}
RESULT: {"using":"xpath","value":"//input[contains(@id ,\"receiptDatePicker-inner\")]"}
COMMAND: POST /session/8690b08f518c8418ef29018541b658af/element/f.032590EE386F29951754CC6C5B23B0CB.d.4F7211B38649641B3789A7AF39EC40A0.e.8969/clear - {}
RESULT: {}
RESULT: {}
COMMAND: POST /session/8690b08f518c8418ef29018541b658af/element/f.032590EE386F29951754CC6C5B23B0CB.d.4F7211B38649641B3789A7AF39EC40A0.e.8969/value - {"text":"5/5/25"}
COMMAND: GET /session/8690b08f518c8418ef29018541b658af/screenshot - {}
RESULT: {"text":"5/5/25"}
COMMAND: GET /session/8690b08f518c8418ef29018541b658af/screenshot - {}
RESULT: {}
RESULT: {}
COMMAND: POST /session/8690b08f518c8418ef29018541b658af/execute/async - {"script":"<script> [1562 bytes]","args":[{"selector":{"id":"administrationTabFilter","viewName":"etm.portal.ui.managehandovers.view.DetailExecuteHO","interaction":{"idSuffix":"text"}},"wdio_ui5_key":"administrationTabFilteretmportal.ui.managehandovers.view.DetailExecuteHO"}]}
RESULT: {"script":"<script> [1562 bytes]","args":[{"selector":{"id":"administrationTabFilter","viewName":"etm.portal.ui.managehandovers.view.DetailExecuteHO","interaction":{"idSuffix":"text"}},"wdio_ui5_key":"administrationTabFilteretmportal.ui.managehandovers.view.DetailExecuteHO"}]}
RESULT: undefined
COMMAND: POST /session/8690b08f518c8418ef29018541b658af/element - {"using":"xpath","value":"//*[@id=\"__xmlview59--administrationTabFilter\"]"}
RESULT: {"using":"xpath","value":"//*[@id=\"__xmlview59--administrationTabFilter\"]"}
COMMAND: POST /session/8690b08f518c8418ef29018541b658af/element/f.032590EE386F29951754CC6C5B23B0CB.d.4F7211B38649641B3789A7AF39EC40A0.e.8986/click - {}
RESULT: {}
RESULT: undefined
COMMAND: POST /session/8690b08f518c8418ef29018541b658af/element - {"using":"xpath","value":"//*[@id=\"__xmlview59--administrationTabFilter\"]"}
COMMAND: GET /session/8690b08f518c8418ef29018541b658af/screenshot - {}
RESULT: {"using":"xpath","value":"//*[@id=\"__xmlview59--administrationTabFilter\"]"}
COMMAND: POST /session/8690b08f518c8418ef29018541b658af/element/f.032590EE386F29951754CC6C5B23B0CB.d.4F7211B38649641B3789A7AF39EC40A0.e.8986/click - {}
RESULT: {}
RESULT: {}
COMMAND: GET /session/8690b08f518c8418ef29018541b658af/screenshot - {}
RESULT: {}
COMMAND: POST /session/8690b08f518c8418ef29018541b658af/element - {"using":"xpath","value":"//bdi[(text() = 'Confirm' or . = 'Confirm')]"}
RESULT: {"using":"xpath","value":"//bdi[(text() = 'Confirm' or . = 'Confirm')]"}
COMMAND: POST /session/8690b08f518c8418ef29018541b658af/element/f.032590EE386F29951754CC6C5B23B0CB.d.4F7211B38649641B3789A7AF39EC40A0.e.8994/click - {}
RESULT: {}
COMMAND: GET /session/8690b08f518c8418ef29018541b658af/screenshot - {}
RESULT: {}
COMMAND: POST /session/8690b08f518c8418ef29018541b658af/execute/async - {"script":"<script> [1562 bytes]","args":[{"selector":{"id":"confirmationButton","viewName":"etm.portal.ui.managehandovers.view.DetailExecuteHO","interaction":{"idSuffix":"BDI-content"}},"wdio_ui5_key":"confirmationButtonetmportal.ui.managehandovers.view.DetailExecuteHO"}]}
RESULT: {"script":"<script> [1562 bytes]","args":[{"selector":{"id":"confirmationButton","viewName":"etm.portal.ui.managehandovers.view.DetailExecuteHO","interaction":{"idSuffix":"BDI-content"}},"wdio_ui5_key":"confirmationButtonetmportal.ui.managehandovers.view.DetailExecuteHO"}]}
RESULT: undefined
COMMAND: POST /session/8690b08f518c8418ef29018541b658af/element - {"using":"xpath","value":"(//bdi[text()='Receive'])[2]"}
RESULT: {"using":"xpath","value":"(//bdi[text()='Receive'])[2]"}
COMMAND: GET /session/8690b08f518c8418ef29018541b658af/element/f.032590EE386F29951754CC6C5B23B0CB.d.4F7211B38649641B3789A7AF39EC40A0.e.8998/enabled - {}
RESULT: {}
COMMAND: POST /session/8690b08f518c8418ef29018541b658af/execute/sync - {"script":"<script> [8489 bytes]","args":[{"element-6066-11e4-a52e-4f735466cecf":"f.032590EE386F29951754CC6C5B23B0CB.d.4F7211B38649641B3789A7AF39EC40A0.e.8998","ELEMENT":"f.032590EE386F29951754CC6C5B23B0CB.d.4F7211B38649641B3789A7AF39EC40A0.e.8998"}]}
COMMAND: GET /session/8690b08f518c8418ef29018541b658af/screenshot - {}
RESULT: {"script":"<script> [8489 bytes]","args":[{"element-6066-11e4-a52e-4f735466cecf":"f.032590EE386F29951754CC6C5B23B0CB.d.4F7211B38649641B3789A7AF39EC40A0.e.8998","ELEMENT":"f.032590EE386F29951754CC6C5B23B0CB.d.4F7211B38649641B3789A7AF39EC40A0.e.8998"}]}
COMMAND: POST /session/8690b08f518c8418ef29018541b658af/execute/sync - {"script":"<script> [5351 bytes]","args":[{"element-6066-11e4-a52e-4f735466cecf":"f.032590EE386F29951754CC6C5B23B0CB.d.4F7211B38649641B3789A7AF39EC40A0.e.8998","ELEMENT":"f.032590EE386F29951754CC6C5B23B0CB.d.4F7211B38649641B3789A7AF39EC40A0.e.8998"}]}
COMMAND: GET /session/8690b08f518c8418ef29018541b658af/screenshot - {}
RESULT: {}
RESULT: {"script":"<script> [5351 bytes]","args":[{"element-6066-11e4-a52e-4f735466cecf":"f.032590EE386F29951754CC6C5B23B0CB.d.4F7211B38649641B3789A7AF39EC40A0.e.8998","ELEMENT":"f.032590EE386F29951754CC6C5B23B0CB.d.4F7211B38649641B3789A7AF39EC40A0.e.8998"}]}
COMMAND: POST /session/8690b08f518c8418ef29018541b658af/element/f.032590EE386F29951754CC6C5B23B0CB.d.4F7211B38649641B3789A7AF39EC40A0.e.8998/click - {}
COMMAND: GET /session/8690b08f518c8418ef29018541b658af/screenshot - {}
RESULT: {}
RESULT: {}
COMMAND: GET /session/8690b08f518c8418ef29018541b658af/screenshot - {}
RESULT: {}
RESULT: {}
COMMAND: POST /session/8690b08f518c8418ef29018541b658af/element - {"using":"css selector","value":"#shell-header-logo"}
RESULT: {"using":"css selector","value":"#shell-header-logo"}
COMMAND: POST /session/8690b08f518c8418ef29018541b658af/element/f.032590EE386F29951754CC6C5B23B0CB.d.4F7211B38649641B3789A7AF39EC40A0.e.8417/click - {}
RESULT: {}
COMMAND: GET /session/8690b08f518c8418ef29018541b658af/screenshot - {}
RESULT: {}
]]></system-out>
    </testcase>
    <testcase classname="chrome.135_0_7049_115.windows.Provide_to_Site_w/o_warehouse_management_wo_clarification" name="Should create a new contract" time="62.61">
      <system-out><![CDATA[
COMMAND: POST /session/8690b08f518c8418ef29018541b658af/execute/async - {"script":"<script> [1562 bytes]","args":[{"selector":{"controlType":"sap.m.GenericTile","properties":{"header":"Manage Contracts"}},"wdio_ui5_key":"sapm.GenericTile{\"header\":\"Manage Contracts\"}"}]}
RESULT: {"script":"<script> [1562 bytes]","args":[{"selector":{"controlType":"sap.m.GenericTile","properties":{"header":"Manage Contracts"}},"wdio_ui5_key":"sapm.GenericTile{\"header\":\"Manage Contracts\"}"}]}
RESULT: undefined
COMMAND: POST /session/8690b08f518c8418ef29018541b658af/element - {"using":"xpath","value":"//*[@id=\"__tile133\"]"}
RESULT: {"using":"xpath","value":"//*[@id=\"__tile133\"]"}
COMMAND: POST /session/8690b08f518c8418ef29018541b658af/element/f.032590EE386F29951754CC6C5B23B0CB.d.4F7211B38649641B3789A7AF39EC40A0.e.9150/click - {}
RESULT: {}
COMMAND: GET /session/8690b08f518c8418ef29018541b658af/screenshot - {}
RESULT: {}
COMMAND: POST /session/8690b08f518c8418ef29018541b658af/execute/async - {"script":"<script> [1562 bytes]","args":[{"selector":{"controlType":"sap.ui.core.Icon","viewName":"etm.portal.ui.managecontracts.view.Master","properties":{"src":{"regex":{"source":"add"}}}},"wdio_ui5_key":"etmportal.ui.managecontracts.view.Mastersap.ui.core.Icon{\"src\":{\"regex\":{\"source\":\"add\"}}}"}]}
RESULT: {"script":"<script> [1562 bytes]","args":[{"selector":{"controlType":"sap.ui.core.Icon","viewName":"etm.portal.ui.managecontracts.view.Master","properties":{"src":{"regex":{"source":"add"}}}},"wdio_ui5_key":"etmportal.ui.managecontracts.view.Mastersap.ui.core.Icon{\"src\":{\"regex\":{\"source\":\"add\"}}}"}]}
RESULT: undefined
COMMAND: POST /session/8690b08f518c8418ef29018541b658af/element - {"using":"xpath","value":"//*[@id=\"__button298-img\"]"}
RESULT: {"using":"xpath","value":"//*[@id=\"__button298-img\"]"}
COMMAND: POST /session/8690b08f518c8418ef29018541b658af/element/f.032590EE386F29951754CC6C5B23B0CB.d.4F7211B38649641B3789A7AF39EC40A0.e.9230/click - {}
RESULT: {}
COMMAND: POST /session/8690b08f518c8418ef29018541b658af/execute/async - {"script":"<script> [1562 bytes]","args":[{"selector":{"id":"application-managecontracts-display-component---AddNewContract--projectDescription","interaction":{"idSuffix":"inner"}},"wdio_ui5_key":"applicationmanagecontracts-display-component---AddNewContract--projectDescription"}]}
COMMAND: GET /session/8690b08f518c8418ef29018541b658af/screenshot - {}
RESULT: {"script":"<script> [1562 bytes]","args":[{"selector":{"id":"application-managecontracts-display-component---AddNewContract--projectDescription","interaction":{"idSuffix":"inner"}},"wdio_ui5_key":"applicationmanagecontracts-display-component---AddNewContract--projectDescription"}]}
RESULT: undefined
COMMAND: POST /session/8690b08f518c8418ef29018541b658af/execute/async - {"script":"<script> [776 bytes]","args":[{"enterText":"wdi5 contract for billing","selector":{"id":"application-managecontracts-display-component---AddNewContract--projectDescription","interaction":{"idSuffix":"inner"}},"clearTextFirst":true,"interactionType":"ENTER_TEXT"}]}
RESULT: {}
RESULT: {"script":"<script> [776 bytes]","args":[{"enterText":"wdi5 contract for billing","selector":{"id":"application-managecontracts-display-component---AddNewContract--projectDescription","interaction":{"idSuffix":"inner"}},"clearTextFirst":true,"interactionType":"ENTER_TEXT"}]}
COMMAND: POST /session/8690b08f518c8418ef29018541b658af/element - {"using":"xpath","value":"//input[@id=\"application-managecontracts-display-component---AddNewContract--customerSelect-inner\"]"}
RESULT: {"using":"xpath","value":"//input[@id=\"application-managecontracts-display-component---AddNewContract--customerSelect-inner\"]"}
COMMAND: POST /session/8690b08f518c8418ef29018541b658af/element/f.032590EE386F29951754CC6C5B23B0CB.d.4F7211B38649641B3789A7AF39EC40A0.e.9477/clear - {}
RESULT: {}
COMMAND: POST /session/8690b08f518c8418ef29018541b658af/element/f.032590EE386F29951754CC6C5B23B0CB.d.4F7211B38649641B3789A7AF39EC40A0.e.9477/value - {"text":"1469"}
COMMAND: GET /session/8690b08f518c8418ef29018541b658af/screenshot - {}
RESULT: {"text":"1469"}
COMMAND: GET /session/8690b08f518c8418ef29018541b658af/screenshot - {}
RESULT: {}
RESULT: {}
COMMAND: POST /session/8690b08f518c8418ef29018541b658af/actions - {"actions":[{"id":"action37","type":"key","parameters":{},"actions":[{"type":"keyDown","value":"î€‡"},{"type":"pause","duration":10},{"type":"keyUp","value":"î€‡"}]}]}
RESULT: {"actions":[{"id":"action37","type":"key","parameters":{},"actions":[{"type":"keyDown","value":"î€‡"},{"type":"pause","duration":10},{"type":"keyUp","value":"î€‡"}]}]}
COMMAND: POST /session/8690b08f518c8418ef29018541b658af/element - {"using":"xpath","value":"//input[@id=\"application-managecontracts-display-component---AddNewContract--site-inner\"]"}
COMMAND: GET /session/8690b08f518c8418ef29018541b658af/screenshot - {}
RESULT: {"using":"xpath","value":"//input[@id=\"application-managecontracts-display-component---AddNewContract--site-inner\"]"}
COMMAND: POST /session/8690b08f518c8418ef29018541b658af/element/f.032590EE386F29951754CC6C5B23B0CB.d.4F7211B38649641B3789A7AF39EC40A0.e.9478/clear - {}
RESULT: {}
RESULT: {}
COMMAND: POST /session/8690b08f518c8418ef29018541b658af/element/f.032590EE386F29951754CC6C5B23B0CB.d.4F7211B38649641B3789A7AF39EC40A0.e.9478/value - {"text":"2431"}
COMMAND: GET /session/8690b08f518c8418ef29018541b658af/screenshot - {}
RESULT: {"text":"2431"}
COMMAND: GET /session/8690b08f518c8418ef29018541b658af/screenshot - {}
RESULT: {}
RESULT: {}
COMMAND: POST /session/8690b08f518c8418ef29018541b658af/actions - {"actions":[{"id":"action38","type":"key","parameters":{},"actions":[{"type":"keyDown","value":"î€‡"},{"type":"pause","duration":10},{"type":"keyUp","value":"î€‡"}]}]}
RESULT: {"actions":[{"id":"action38","type":"key","parameters":{},"actions":[{"type":"keyDown","value":"î€‡"},{"type":"pause","duration":10},{"type":"keyUp","value":"î€‡"}]}]}
COMMAND: POST /session/8690b08f518c8418ef29018541b658af/execute/async - {"script":"<script> [1562 bytes]","args":[{"selector":{"id":"application-managecontracts-display-component---AddNewContract--calendarInput","interaction":{"idSuffix":"inner"}},"wdio_ui5_key":"applicationmanagecontracts-display-component---AddNewContract--calendarInput"}]}
COMMAND: GET /session/8690b08f518c8418ef29018541b658af/screenshot - {}
RESULT: {"script":"<script> [1562 bytes]","args":[{"selector":{"id":"application-managecontracts-display-component---AddNewContract--calendarInput","interaction":{"idSuffix":"inner"}},"wdio_ui5_key":"applicationmanagecontracts-display-component---AddNewContract--calendarInput"}]}
RESULT: undefined
COMMAND: POST /session/8690b08f518c8418ef29018541b658af/execute/async - {"script":"<script> [776 bytes]","args":[{"enterText":"1 - Calendar unit test patch","selector":{"id":"application-managecontracts-display-component---AddNewContract--calendarInput","interaction":{"idSuffix":"inner"}},"clearTextFirst":true,"interactionType":"ENTER_TEXT"}]}
RESULT: {}
RESULT: {"script":"<script> [776 bytes]","args":[{"enterText":"1 - Calendar unit test patch","selector":{"id":"application-managecontracts-display-component---AddNewContract--calendarInput","interaction":{"idSuffix":"inner"}},"clearTextFirst":true,"interactionType":"ENTER_TEXT"}]}
COMMAND: POST /session/8690b08f518c8418ef29018541b658af/actions - {"actions":[{"id":"action39","type":"key","parameters":{},"actions":[{"type":"keyDown","value":"î€‡"},{"type":"pause","duration":10},{"type":"keyUp","value":"î€‡"}]}]}
RESULT: {"actions":[{"id":"action39","type":"key","parameters":{},"actions":[{"type":"keyDown","value":"î€‡"},{"type":"pause","duration":10},{"type":"keyUp","value":"î€‡"}]}]}
COMMAND: POST /session/8690b08f518c8418ef29018541b658af/execute/async - {"script":"<script> [1562 bytes]","args":[{"selector":{"id":"application-managecontracts-display-component---AddNewContract--languageCB","interaction":{"idSuffix":"inner"}},"wdio_ui5_key":"applicationmanagecontracts-display-component---AddNewContract--languageCB"}]}
COMMAND: GET /session/8690b08f518c8418ef29018541b658af/screenshot - {}
RESULT: {"script":"<script> [1562 bytes]","args":[{"selector":{"id":"application-managecontracts-display-component---AddNewContract--languageCB","interaction":{"idSuffix":"inner"}},"wdio_ui5_key":"applicationmanagecontracts-display-component---AddNewContract--languageCB"}]}
RESULT: undefined
COMMAND: POST /session/8690b08f518c8418ef29018541b658af/execute/async - {"script":"<script> [776 bytes]","args":[{"enterText":"EN - English","selector":{"id":"application-managecontracts-display-component---AddNewContract--languageCB","interaction":{"idSuffix":"inner"}},"clearTextFirst":true,"interactionType":"ENTER_TEXT"}]}
RESULT: {}
RESULT: {"script":"<script> [776 bytes]","args":[{"enterText":"EN - English","selector":{"id":"application-managecontracts-display-component---AddNewContract--languageCB","interaction":{"idSuffix":"inner"}},"clearTextFirst":true,"interactionType":"ENTER_TEXT"}]}
COMMAND: POST /session/8690b08f518c8418ef29018541b658af/actions - {"actions":[{"id":"action40","type":"key","parameters":{},"actions":[{"type":"keyDown","value":"î€‡"},{"type":"pause","duration":10},{"type":"keyUp","value":"î€‡"}]}]}
RESULT: {"actions":[{"id":"action40","type":"key","parameters":{},"actions":[{"type":"keyDown","value":"î€‡"},{"type":"pause","duration":10},{"type":"keyUp","value":"î€‡"}]}]}
COMMAND: POST /session/8690b08f518c8418ef29018541b658af/execute/async - {"script":"<script> [1562 bytes]","args":[{"selector":{"id":"application-managecontracts-display-component---AddNewContract--saveBtn","interaction":{"idSuffix":"BDI-content"}},"wdio_ui5_key":"applicationmanagecontracts-display-component---AddNewContract--saveBtn"}]}
COMMAND: GET /session/8690b08f518c8418ef29018541b658af/screenshot - {}
RESULT: {"script":"<script> [1562 bytes]","args":[{"selector":{"id":"application-managecontracts-display-component---AddNewContract--saveBtn","interaction":{"idSuffix":"BDI-content"}},"wdio_ui5_key":"applicationmanagecontracts-display-component---AddNewContract--saveBtn"}]}
RESULT: undefined
COMMAND: POST /session/8690b08f518c8418ef29018541b658af/element - {"using":"xpath","value":"//*[@id=\"application-managecontracts-display-component---AddNewContract--saveBtn\"]"}
RESULT: {}
RESULT: {"using":"xpath","value":"//*[@id=\"application-managecontracts-display-component---AddNewContract--saveBtn\"]"}
COMMAND: POST /session/8690b08f518c8418ef29018541b658af/element/f.032590EE386F29951754CC6C5B23B0CB.d.4F7211B38649641B3789A7AF39EC40A0.e.9495/click - {}
RESULT: {}
COMMAND: GET /session/8690b08f518c8418ef29018541b658af/screenshot - {}
RESULT: {}
COMMAND: POST /session/8690b08f518c8418ef29018541b658af/execute/async - {"script":"<script> [1562 bytes]","args":[{"selector":{"id":"contractDetailTitleNoExpanded","viewName":"etm.portal.ui.managecontracts.view.Detail"},"wdio_ui5_key":"contractDetailTitleNoExpandedetmportal.ui.managecontracts.view.Detail"}]}
RESULT: {"script":"<script> [1562 bytes]","args":[{"selector":{"id":"contractDetailTitleNoExpanded","viewName":"etm.portal.ui.managecontracts.view.Detail"},"wdio_ui5_key":"contractDetailTitleNoExpandedetmportal.ui.managecontracts.view.Detail"}]}
RESULT: undefined
COMMAND: POST /session/8690b08f518c8418ef29018541b658af/execute/async - {"script":"<script> [6424 bytes]","args":[{"element-6066-11e4-a52e-4f735466cecf":"f.032590EE386F29951754CC6C5B23B0CB.d.4F7211B38649641B3789A7AF39EC40A0.e.9579"},"getText",[]]}
RESULT: {"script":"<script> [6424 bytes]","args":[{"element-6066-11e4-a52e-4f735466cecf":"f.032590EE386F29951754CC6C5B23B0CB.d.4F7211B38649641B3789A7AF39EC40A0.e.9579"},"getText",[]]}
]]></system-out>
    </testcase>
    <testcase classname="chrome.135_0_7049_115.windows.Provide_to_Site_w/o_warehouse_management_wo_clarification" name="Should add resource to the contract" time="61.226">
      <system-out><![CDATA[
COMMAND: POST /session/8690b08f518c8418ef29018541b658af/execute/async - {"script":"<script> [1562 bytes]","args":[{"selector":{"id":"contractDetailEditBtn","viewName":"etm.portal.ui.managecontracts.view.Detail","interaction":{"idSuffix":"BDI-content"}},"wdio_ui5_key":"contractDetailEditBtnetmportal.ui.managecontracts.view.Detail"}]}
RESULT: {"script":"<script> [1562 bytes]","args":[{"selector":{"id":"contractDetailEditBtn","viewName":"etm.portal.ui.managecontracts.view.Detail","interaction":{"idSuffix":"BDI-content"}},"wdio_ui5_key":"contractDetailEditBtnetmportal.ui.managecontracts.view.Detail"}]}
RESULT: undefined
COMMAND: POST /session/8690b08f518c8418ef29018541b658af/element - {"using":"xpath","value":"//*[@id=\"__xmlview61--contractDetailEditBtn\"]"}
RESULT: {"using":"xpath","value":"//*[@id=\"__xmlview61--contractDetailEditBtn\"]"}
COMMAND: POST /session/8690b08f518c8418ef29018541b658af/element/f.032590EE386F29951754CC6C5B23B0CB.d.4F7211B38649641B3789A7AF39EC40A0.e.9581/click - {}
RESULT: {}
COMMAND: GET /session/8690b08f518c8418ef29018541b658af/screenshot - {}
RESULT: {}
COMMAND: POST /session/8690b08f518c8418ef29018541b658af/execute/async - {"script":"<script> [1562 bytes]","args":[{"selector":{"id":"additionalAddressesTabFilter","viewName":"etm.portal.ui.managecontracts.view.EditContract","interaction":{"idSuffix":"text"}},"wdio_ui5_key":"additionalAddressesTabFilteretmportal.ui.managecontracts.view.EditContract"}]}
RESULT: {"script":"<script> [1562 bytes]","args":[{"selector":{"id":"additionalAddressesTabFilter","viewName":"etm.portal.ui.managecontracts.view.EditContract","interaction":{"idSuffix":"text"}},"wdio_ui5_key":"additionalAddressesTabFilteretmportal.ui.managecontracts.view.EditContract"}]}
RESULT: undefined
COMMAND: POST /session/8690b08f518c8418ef29018541b658af/element - {"using":"xpath","value":"//*[@id=\"__xmlview62--additionalAddressesTabFilter\"]"}
RESULT: {"using":"xpath","value":"//*[@id=\"__xmlview62--additionalAddressesTabFilter\"]"}
COMMAND: POST /session/8690b08f518c8418ef29018541b658af/element/f.032590EE386F29951754CC6C5B23B0CB.d.4F7211B38649641B3789A7AF39EC40A0.e.9637/click - {}
RESULT: {}
RESULT: undefined
COMMAND: POST /session/8690b08f518c8418ef29018541b658af/element - {"using":"xpath","value":"//*[@id=\"__xmlview62--additionalAddressesTabFilter\"]"}
COMMAND: GET /session/8690b08f518c8418ef29018541b658af/screenshot - {}
RESULT: {"using":"xpath","value":"//*[@id=\"__xmlview62--additionalAddressesTabFilter\"]"}
COMMAND: POST /session/8690b08f518c8418ef29018541b658af/element/f.032590EE386F29951754CC6C5B23B0CB.d.4F7211B38649641B3789A7AF39EC40A0.e.9637/click - {}
RESULT: {}
RESULT: {}
COMMAND: POST /session/8690b08f518c8418ef29018541b658af/execute/async - {"script":"<script> [1562 bytes]","args":[{"selector":{"controlType":"sap.ui.core.Icon","viewName":"etm.portal.ui.managecontracts.view.EditContract","properties":{"src":{"regex":{"source":"add"}}}},"wdio_ui5_key":"etmportal.ui.managecontracts.view.EditContractsap.ui.core.Icon{\"src\":{\"regex\":{\"source\":\"add\"}}}"}]}
COMMAND: GET /session/8690b08f518c8418ef29018541b658af/screenshot - {}
RESULT: {"script":"<script> [1562 bytes]","args":[{"selector":{"controlType":"sap.ui.core.Icon","viewName":"etm.portal.ui.managecontracts.view.EditContract","properties":{"src":{"regex":{"source":"add"}}}},"wdio_ui5_key":"etmportal.ui.managecontracts.view.EditContractsap.ui.core.Icon{\"src\":{\"regex\":{\"source\":\"add\"}}}"}]}
RESULT: undefined
COMMAND: POST /session/8690b08f518c8418ef29018541b658af/element - {"using":"xpath","value":"//*[@id=\"__xmlview62--btnAddTableRow-img\"]"}
RESULT: {}
RESULT: {"using":"xpath","value":"//*[@id=\"__xmlview62--btnAddTableRow-img\"]"}
COMMAND: POST /session/8690b08f518c8418ef29018541b658af/element/f.032590EE386F29951754CC6C5B23B0CB.d.4F7211B38649641B3789A7AF39EC40A0.e.9642/click - {}
RESULT: {}
COMMAND: POST /session/8690b08f518c8418ef29018541b658af/element - {"using":"xpath","value":"//div[(text() = 'Standard Entry' or . = 'Standard Entry')]"}
COMMAND: GET /session/8690b08f518c8418ef29018541b658af/screenshot - {}
RESULT: {"using":"xpath","value":"//div[(text() = 'Standard Entry' or . = 'Standard Entry')]"}
COMMAND: POST /session/8690b08f518c8418ef29018541b658af/element/f.032590EE386F29951754CC6C5B23B0CB.d.4F7211B38649641B3789A7AF39EC40A0.e.9644/click - {}
RESULT: {}
RESULT: {}
COMMAND: POST /session/8690b08f518c8418ef29018541b658af/execute/async - {"script":"<script> [1562 bytes]","args":[{"selector":{"controlType":"sap.ui.core.Icon","viewName":"etm.portal.ui.managecontracts.view.EditContract","properties":{"src":{"regex":{"source":"inspect"}}}},"wdio_ui5_key":"etmportal.ui.managecontracts.view.EditContractsap.ui.core.Icon{\"src\":{\"regex\":{\"source\":\"inspect\"}}}"}]}
COMMAND: GET /session/8690b08f518c8418ef29018541b658af/screenshot - {}
RESULT: {"script":"<script> [1562 bytes]","args":[{"selector":{"controlType":"sap.ui.core.Icon","viewName":"etm.portal.ui.managecontracts.view.EditContract","properties":{"src":{"regex":{"source":"inspect"}}}},"wdio_ui5_key":"etmportal.ui.managecontracts.view.EditContractsap.ui.core.Icon{\"src\":{\"regex\":{\"source\":\"inspect\"}}}"}]}
RESULT: undefined
COMMAND: POST /session/8690b08f518c8418ef29018541b658af/element - {"using":"xpath","value":"//*[@id=\"__button324-img\"]"}
RESULT: {}
RESULT: {"using":"xpath","value":"//*[@id=\"__button324-img\"]"}
COMMAND: POST /session/8690b08f518c8418ef29018541b658af/element/f.032590EE386F29951754CC6C5B23B0CB.d.4F7211B38649641B3789A7AF39EC40A0.e.9656/click - {}
RESULT: {}
COMMAND: GET /session/8690b08f518c8418ef29018541b658af/screenshot - {}
RESULT: {}
COMMAND: POST /session/8690b08f518c8418ef29018541b658af/element - {"using":"xpath","value":"//td[6]/div/div/input[1]"}
RESULT: {"using":"xpath","value":"//td[6]/div/div/input[1]"}
COMMAND: POST /session/8690b08f518c8418ef29018541b658af/element/f.032590EE386F29951754CC6C5B23B0CB.d.4F7211B38649641B3789A7AF39EC40A0.e.9646/clear - {}
RESULT: {}
COMMAND: GET /session/8690b08f518c8418ef29018541b658af/screenshot - {}
RESULT: {}
COMMAND: POST /session/8690b08f518c8418ef29018541b658af/element - {"using":"xpath","value":"//td[6]/div/div/input[1]"}
RESULT: {"using":"xpath","value":"//td[6]/div/div/input[1]"}
COMMAND: POST /session/8690b08f518c8418ef29018541b658af/element/f.032590EE386F29951754CC6C5B23B0CB.d.4F7211B38649641B3789A7AF39EC40A0.e.9672/click - {}
RESULT: {}
COMMAND: POST /session/8690b08f518c8418ef29018541b658af/actions - {"actions":[{"id":"action41","type":"key","parameters":{},"actions":[{"type":"keyDown","value":"î€ƒ"},{"type":"pause","duration":10},{"type":"keyUp","value":"î€ƒ"}]}]}
COMMAND: GET /session/8690b08f518c8418ef29018541b658af/screenshot - {}
RESULT: {"actions":[{"id":"action41","type":"key","parameters":{},"actions":[{"type":"keyDown","value":"î€ƒ"},{"type":"pause","duration":10},{"type":"keyUp","value":"î€ƒ"}]}]}
COMMAND: POST /session/8690b08f518c8418ef29018541b658af/element - {"using":"xpath","value":"//td[6]/div/div/input[1]"}
COMMAND: GET /session/8690b08f518c8418ef29018541b658af/screenshot - {}
RESULT: {}
RESULT: {}
RESULT: {"using":"xpath","value":"//td[6]/div/div/input[1]"}
COMMAND: POST /session/8690b08f518c8418ef29018541b658af/element/f.032590EE386F29951754CC6C5B23B0CB.d.4F7211B38649641B3789A7AF39EC40A0.e.9672/clear - {}
RESULT: {}
COMMAND: POST /session/8690b08f518c8418ef29018541b658af/element/f.032590EE386F29951754CC6C5B23B0CB.d.4F7211B38649641B3789A7AF39EC40A0.e.9672/value - {"text":"Material"}
COMMAND: GET /session/8690b08f518c8418ef29018541b658af/screenshot - {}
RESULT: {"text":"Material"}
COMMAND: GET /session/8690b08f518c8418ef29018541b658af/screenshot - {}
RESULT: {}
RESULT: {}
COMMAND: POST /session/8690b08f518c8418ef29018541b658af/actions - {"actions":[{"id":"action42","type":"key","parameters":{},"actions":[{"type":"keyDown","value":"î€‡"},{"type":"pause","duration":10},{"type":"keyUp","value":"î€‡"}]}]}
RESULT: {"actions":[{"id":"action42","type":"key","parameters":{},"actions":[{"type":"keyDown","value":"î€‡"},{"type":"pause","duration":10},{"type":"keyUp","value":"î€‡"}]}]}
COMMAND: POST /session/8690b08f518c8418ef29018541b658af/element - {"using":"xpath","value":"//td[7]/div/div/input[1]"}
COMMAND: GET /session/8690b08f518c8418ef29018541b658af/screenshot - {}
RESULT: {"using":"xpath","value":"//td[7]/div/div/input[1]"}
COMMAND: POST /session/8690b08f518c8418ef29018541b658af/element/f.032590EE386F29951754CC6C5B23B0CB.d.4F7211B38649641B3789A7AF39EC40A0.e.9694/clear - {}
RESULT: {}
RESULT: {}
COMMAND: POST /session/8690b08f518c8418ef29018541b658af/element/f.032590EE386F29951754CC6C5B23B0CB.d.4F7211B38649641B3789A7AF39EC40A0.e.9694/value - {"text":"200333"}
COMMAND: GET /session/8690b08f518c8418ef29018541b658af/screenshot - {}
RESULT: {"text":"200333"}
COMMAND: GET /session/8690b08f518c8418ef29018541b658af/screenshot - {}
RESULT: {}
RESULT: {}
COMMAND: POST /session/8690b08f518c8418ef29018541b658af/actions - {"actions":[{"id":"action43","type":"key","parameters":{},"actions":[{"type":"keyDown","value":"î€‡"},{"type":"pause","duration":10},{"type":"keyUp","value":"î€‡"}]}]}
RESULT: {"actions":[{"id":"action43","type":"key","parameters":{},"actions":[{"type":"keyDown","value":"î€‡"},{"type":"pause","duration":10},{"type":"keyUp","value":"î€‡"}]}]}
COMMAND: POST /session/8690b08f518c8418ef29018541b658af/execute/async - {"script":"<script> [1562 bytes]","args":[{"selector":{"controlType":"sap.m.Button","properties":{"text":"OK"},"searchOpenDialogs":true,"interaction":{"idSuffix":"BDI-content"}},"wdio_ui5_key":"sapm.Button{\"text\":\"OK\"}"}]}
COMMAND: GET /session/8690b08f518c8418ef29018541b658af/screenshot - {}
RESULT: {"script":"<script> [1562 bytes]","args":[{"selector":{"controlType":"sap.m.Button","properties":{"text":"OK"},"searchOpenDialogs":true,"interaction":{"idSuffix":"BDI-content"}},"wdio_ui5_key":"sapm.Button{\"text\":\"OK\"}"}]}
RESULT: undefined
COMMAND: POST /session/8690b08f518c8418ef29018541b658af/element - {"using":"xpath","value":"//*[@id=\"__mbox-btn-1\"]"}
RESULT: {}
RESULT: {"using":"xpath","value":"//*[@id=\"__mbox-btn-1\"]"}
COMMAND: POST /session/8690b08f518c8418ef29018541b658af/element/f.032590EE386F29951754CC6C5B23B0CB.d.4F7211B38649641B3789A7AF39EC40A0.e.9715/click - {}
RESULT: {}
COMMAND: POST /session/8690b08f518c8418ef29018541b658af/execute/async - {"script":"<script> [1562 bytes]","args":[{"selector":{"id":"saveBtn","viewName":"etm.portal.ui.managecontracts.view.EditContract","interaction":{"idSuffix":"BDI-content"}},"wdio_ui5_key":"saveBtnetmportal.ui.managecontracts.view.EditContract"}]}
COMMAND: GET /session/8690b08f518c8418ef29018541b658af/screenshot - {}
RESULT: {"script":"<script> [1562 bytes]","args":[{"selector":{"id":"saveBtn","viewName":"etm.portal.ui.managecontracts.view.EditContract","interaction":{"idSuffix":"BDI-content"}},"wdio_ui5_key":"saveBtnetmportal.ui.managecontracts.view.EditContract"}]}
RESULT: undefined
COMMAND: POST /session/8690b08f518c8418ef29018541b658af/element - {"using":"xpath","value":"//*[@id=\"__xmlview62--saveBtn\"]"}
RESULT: {}
RESULT: {"using":"xpath","value":"//*[@id=\"__xmlview62--saveBtn\"]"}
COMMAND: POST /session/8690b08f518c8418ef29018541b658af/element/f.032590EE386F29951754CC6C5B23B0CB.d.4F7211B38649641B3789A7AF39EC40A0.e.9741/click - {}
RESULT: {}
COMMAND: GET /session/8690b08f518c8418ef29018541b658af/screenshot - {}
RESULT: {}
COMMAND: POST /session/8690b08f518c8418ef29018541b658af/execute/async - {"script":"<script> [1562 bytes]","args":[{"selector":{"id":"additionalAddressesTabFilter","viewName":"etm.portal.ui.managecontracts.view.Detail","interaction":{"idSuffix":"text"}},"wdio_ui5_key":"additionalAddressesTabFilteretmportal.ui.managecontracts.view.Detail"}]}
RESULT: {"script":"<script> [1562 bytes]","args":[{"selector":{"id":"additionalAddressesTabFilter","viewName":"etm.portal.ui.managecontracts.view.Detail","interaction":{"idSuffix":"text"}},"wdio_ui5_key":"additionalAddressesTabFilteretmportal.ui.managecontracts.view.Detail"}]}
RESULT: undefined
COMMAND: POST /session/8690b08f518c8418ef29018541b658af/element - {"using":"xpath","value":"//*[@id=\"__xmlview61--additionalAddressesTabFilter\"]"}
RESULT: {"using":"xpath","value":"//*[@id=\"__xmlview61--additionalAddressesTabFilter\"]"}
COMMAND: POST /session/8690b08f518c8418ef29018541b658af/element/f.032590EE386F29951754CC6C5B23B0CB.d.4F7211B38649641B3789A7AF39EC40A0.e.9745/click - {}
RESULT: {}
COMMAND: POST /session/8690b08f518c8418ef29018541b658af/execute/async - {"script":"<script> [1562 bytes]","args":[{"selector":{"id":"contractDetailProvideButton","viewName":"etm.portal.ui.managecontracts.view.Detail","interaction":{"idSuffix":"BDI-content"}},"wdio_ui5_key":"contractDetailProvideButtonetmportal.ui.managecontracts.view.Detail"}]}
COMMAND: GET /session/8690b08f518c8418ef29018541b658af/screenshot - {}
RESULT: {"script":"<script> [1562 bytes]","args":[{"selector":{"id":"contractDetailProvideButton","viewName":"etm.portal.ui.managecontracts.view.Detail","interaction":{"idSuffix":"BDI-content"}},"wdio_ui5_key":"contractDetailProvideButtonetmportal.ui.managecontracts.view.Detail"}]}
RESULT: undefined
COMMAND: POST /session/8690b08f518c8418ef29018541b658af/element - {"using":"xpath","value":"//*[@id=\"__xmlview61--contractDetailProvideButton\"]"}
RESULT: {}
RESULT: {"using":"xpath","value":"//*[@id=\"__xmlview61--contractDetailProvideButton\"]"}
COMMAND: POST /session/8690b08f518c8418ef29018541b658af/element/f.032590EE386F29951754CC6C5B23B0CB.d.4F7211B38649641B3789A7AF39EC40A0.e.9750/click - {}
RESULT: {}
COMMAND: GET /session/8690b08f518c8418ef29018541b658af/screenshot - {}
RESULT: {}
]]></system-out>
    </testcase>
    <testcase classname="chrome.135_0_7049_115.windows.Provide_to_Site_w/o_warehouse_management_wo_clarification" name="Should Create HandOvers provide to site" time="179.406">
      <system-out><![CDATA[
COMMAND: POST /session/8690b08f518c8418ef29018541b658af/element - {"using":"css selector","value":"#application-managehandovers-display-component---AddNewHO--dueDate-inner"}
RESULT: {"using":"css selector","value":"#application-managehandovers-display-component---AddNewHO--dueDate-inner"}
COMMAND: POST /session/8690b08f518c8418ef29018541b658af/element/f.032590EE386F29951754CC6C5B23B0CB.d.4F7211B38649641B3789A7AF39EC40A0.e.9824/clear - {}
RESULT: {}
COMMAND: POST /session/8690b08f518c8418ef29018541b658af/element/f.032590EE386F29951754CC6C5B23B0CB.d.4F7211B38649641B3789A7AF39EC40A0.e.9824/value - {"text":"5/5/25"}
COMMAND: GET /session/8690b08f518c8418ef29018541b658af/screenshot - {}
RESULT: {"text":"5/5/25"}
COMMAND: POST /session/8690b08f518c8418ef29018541b658af/element - {"using":"xpath","value":"//bdi[(text() = 'Items' or . = 'Items')]"}
COMMAND: GET /session/8690b08f518c8418ef29018541b658af/screenshot - {}
RESULT: {}
RESULT: {"using":"xpath","value":"//bdi[(text() = 'Items' or . = 'Items')]"}
COMMAND: POST /session/8690b08f518c8418ef29018541b658af/element/f.032590EE386F29951754CC6C5B23B0CB.d.4F7211B38649641B3789A7AF39EC40A0.e.9941/click - {}
RESULT: {}
RESULT: {}
COMMAND: POST /session/8690b08f518c8418ef29018541b658af/execute/async - {"script":"<script> [1562 bytes]","args":[{"selector":{"controlType":"sap.m.Button","viewName":"etm.portal.ui.managehandovers.view.AddNewHO","viewId":"application-managehandovers-display-component---AddNewHO","i18NText":{"propertyName":"tooltip","key":"addItems"}},"wdio_ui5_key":"etmportal.ui.managehandovers.view.AddNewHOsap.m.Button{\"propertyName\":\"tooltip\",\"key\":\"addItems\"}"}]}
COMMAND: GET /session/8690b08f518c8418ef29018541b658af/screenshot - {}
RESULT: {"script":"<script> [1562 bytes]","args":[{"selector":{"controlType":"sap.m.Button","viewName":"etm.portal.ui.managehandovers.view.AddNewHO","viewId":"application-managehandovers-display-component---AddNewHO","i18NText":{"propertyName":"tooltip","key":"addItems"}},"wdio_ui5_key":"etmportal.ui.managehandovers.view.AddNewHOsap.m.Button{\"propertyName\":\"tooltip\",\"key\":\"addItems\"}"}]}
RESULT: undefined
COMMAND: POST /session/8690b08f518c8418ef29018541b658af/element - {"using":"xpath","value":"//*[@id=\"__button349\"]"}
RESULT: {}
RESULT: {"using":"xpath","value":"//*[@id=\"__button349\"]"}
COMMAND: POST /session/8690b08f518c8418ef29018541b658af/element/f.032590EE386F29951754CC6C5B23B0CB.d.4F7211B38649641B3789A7AF39EC40A0.e.9946/click - {}
RESULT: {}
COMMAND: GET /session/8690b08f518c8418ef29018541b658af/screenshot - {}
RESULT: {}
COMMAND: POST /session/8690b08f518c8418ef29018541b658af/element - {"using":"css selector","value":"div[id= \"application-managehandovers-display-component---AddNewHO--popup-sa-CbBg\"]"}
RESULT: {"using":"css selector","value":"div[id= \"application-managehandovers-display-component---AddNewHO--popup-sa-CbBg\"]"}
COMMAND: POST /session/8690b08f518c8418ef29018541b658af/element/f.032590EE386F29951754CC6C5B23B0CB.d.4F7211B38649641B3789A7AF39EC40A0.e.9952/click - {}
RESULT: {}
COMMAND: GET /session/8690b08f518c8418ef29018541b658af/screenshot - {}
RESULT: {}
COMMAND: POST /session/8690b08f518c8418ef29018541b658af/element - {"using":"xpath","value":"//bdi[(text() = 'Select' or . = 'Select')]"}
RESULT: {"using":"xpath","value":"//bdi[(text() = 'Select' or . = 'Select')]"}
COMMAND: POST /session/8690b08f518c8418ef29018541b658af/element/f.032590EE386F29951754CC6C5B23B0CB.d.4F7211B38649641B3789A7AF39EC40A0.e.9954/click - {}
RESULT: {}
COMMAND: GET /session/8690b08f518c8418ef29018541b658af/screenshot - {}
RESULT: {}
COMMAND: POST /session/8690b08f518c8418ef29018541b658af/element - {"using":"xpath","value":"//bdi[(text() = 'Save' or . = 'Save')]"}
RESULT: {"using":"xpath","value":"//bdi[(text() = 'Save' or . = 'Save')]"}
COMMAND: POST /session/8690b08f518c8418ef29018541b658af/element/f.032590EE386F29951754CC6C5B23B0CB.d.4F7211B38649641B3789A7AF39EC40A0.e.9962/click - {}
RESULT: {}
COMMAND: GET /session/8690b08f518c8418ef29018541b658af/screenshot - {}
RESULT: {}
COMMAND: POST /session/8690b08f518c8418ef29018541b658af/element - {"using":"xpath","value":"//*[text()='OK']"}
RESULT: {"using":"xpath","value":"//*[text()='OK']"}
COMMAND: POST /session/8690b08f518c8418ef29018541b658af/elements - {"using":"xpath","value":"//*[text()='OK']"}
RESULT: {"using":"xpath","value":"//*[text()='OK']"}
COMMAND: POST /session/8690b08f518c8418ef29018541b658af/elements - {"using":"xpath","value":"//*[text()='OK']"}
RESULT: {"using":"xpath","value":"//*[text()='OK']"}
COMMAND: POST /session/8690b08f518c8418ef29018541b658af/elements - {"using":"xpath","value":"//*[text()='OK']"}
RESULT: {"using":"xpath","value":"//*[text()='OK']"}
COMMAND: POST /session/8690b08f518c8418ef29018541b658af/elements - {"using":"xpath","value":"//*[text()='OK']"}
RESULT: {"using":"xpath","value":"//*[text()='OK']"}
COMMAND: POST /session/8690b08f518c8418ef29018541b658af/elements - {"using":"xpath","value":"//*[text()='OK']"}
RESULT: {"using":"xpath","value":"//*[text()='OK']"}
COMMAND: POST /session/8690b08f518c8418ef29018541b658af/elements - {"using":"xpath","value":"//*[text()='OK']"}
RESULT: {"using":"xpath","value":"//*[text()='OK']"}
COMMAND: POST /session/8690b08f518c8418ef29018541b658af/elements - {"using":"xpath","value":"//*[text()='OK']"}
RESULT: {"using":"xpath","value":"//*[text()='OK']"}
COMMAND: POST /session/8690b08f518c8418ef29018541b658af/elements - {"using":"xpath","value":"//*[text()='OK']"}
RESULT: {"using":"xpath","value":"//*[text()='OK']"}
COMMAND: POST /session/8690b08f518c8418ef29018541b658af/elements - {"using":"xpath","value":"//*[text()='OK']"}
RESULT: {"using":"xpath","value":"//*[text()='OK']"}
COMMAND: POST /session/8690b08f518c8418ef29018541b658af/elements - {"using":"xpath","value":"//*[text()='OK']"}
RESULT: {"using":"xpath","value":"//*[text()='OK']"}
COMMAND: POST /session/8690b08f518c8418ef29018541b658af/elements - {"using":"xpath","value":"//*[text()='OK']"}
RESULT: {"using":"xpath","value":"//*[text()='OK']"}
COMMAND: POST /session/8690b08f518c8418ef29018541b658af/elements - {"using":"xpath","value":"//*[text()='OK']"}
RESULT: {"using":"xpath","value":"//*[text()='OK']"}
COMMAND: POST /session/8690b08f518c8418ef29018541b658af/elements - {"using":"xpath","value":"//*[text()='OK']"}
RESULT: {"using":"xpath","value":"//*[text()='OK']"}
COMMAND: POST /session/8690b08f518c8418ef29018541b658af/elements - {"using":"xpath","value":"//*[text()='OK']"}
RESULT: {"using":"xpath","value":"//*[text()='OK']"}
COMMAND: POST /session/8690b08f518c8418ef29018541b658af/elements - {"using":"xpath","value":"//*[text()='OK']"}
RESULT: {"using":"xpath","value":"//*[text()='OK']"}
COMMAND: POST /session/8690b08f518c8418ef29018541b658af/elements - {"using":"xpath","value":"//*[text()='OK']"}
RESULT: {"using":"xpath","value":"//*[text()='OK']"}
COMMAND: POST /session/8690b08f518c8418ef29018541b658af/elements - {"using":"xpath","value":"//*[text()='OK']"}
RESULT: {"using":"xpath","value":"//*[text()='OK']"}
COMMAND: POST /session/8690b08f518c8418ef29018541b658af/elements - {"using":"xpath","value":"//*[text()='OK']"}
RESULT: {"using":"xpath","value":"//*[text()='OK']"}
COMMAND: POST /session/8690b08f518c8418ef29018541b658af/elements - {"using":"xpath","value":"//*[text()='OK']"}
RESULT: {"using":"xpath","value":"//*[text()='OK']"}
COMMAND: POST /session/8690b08f518c8418ef29018541b658af/elements - {"using":"xpath","value":"//*[text()='OK']"}
RESULT: {"using":"xpath","value":"//*[text()='OK']"}
COMMAND: POST /session/8690b08f518c8418ef29018541b658af/elements - {"using":"xpath","value":"//*[text()='OK']"}
RESULT: {"using":"xpath","value":"//*[text()='OK']"}
COMMAND: POST /session/8690b08f518c8418ef29018541b658af/elements - {"using":"xpath","value":"//*[text()='OK']"}
RESULT: {"using":"xpath","value":"//*[text()='OK']"}
COMMAND: POST /session/8690b08f518c8418ef29018541b658af/elements - {"using":"xpath","value":"//*[text()='OK']"}
RESULT: {"using":"xpath","value":"//*[text()='OK']"}
COMMAND: POST /session/8690b08f518c8418ef29018541b658af/elements - {"using":"xpath","value":"//*[text()='OK']"}
RESULT: {"using":"xpath","value":"//*[text()='OK']"}
COMMAND: POST /session/8690b08f518c8418ef29018541b658af/elements - {"using":"xpath","value":"//*[text()='OK']"}
RESULT: {"using":"xpath","value":"//*[text()='OK']"}
COMMAND: POST /session/8690b08f518c8418ef29018541b658af/elements - {"using":"xpath","value":"//*[text()='OK']"}
RESULT: {"using":"xpath","value":"//*[text()='OK']"}
COMMAND: POST /session/8690b08f518c8418ef29018541b658af/elements - {"using":"xpath","value":"//*[text()='OK']"}
RESULT: {"using":"xpath","value":"//*[text()='OK']"}
COMMAND: POST /session/8690b08f518c8418ef29018541b658af/elements - {"using":"xpath","value":"//*[text()='OK']"}
RESULT: {"using":"xpath","value":"//*[text()='OK']"}
COMMAND: POST /session/8690b08f518c8418ef29018541b658af/elements - {"using":"xpath","value":"//*[text()='OK']"}
RESULT: {"using":"xpath","value":"//*[text()='OK']"}
COMMAND: POST /session/8690b08f518c8418ef29018541b658af/elements - {"using":"xpath","value":"//*[text()='OK']"}
RESULT: {"using":"xpath","value":"//*[text()='OK']"}
COMMAND: POST /session/8690b08f518c8418ef29018541b658af/elements - {"using":"xpath","value":"//*[text()='OK']"}
RESULT: {"using":"xpath","value":"//*[text()='OK']"}
COMMAND: POST /session/8690b08f518c8418ef29018541b658af/elements - {"using":"xpath","value":"//*[text()='OK']"}
RESULT: {"using":"xpath","value":"//*[text()='OK']"}
COMMAND: POST /session/8690b08f518c8418ef29018541b658af/elements - {"using":"xpath","value":"//*[text()='OK']"}
RESULT: {"using":"xpath","value":"//*[text()='OK']"}
COMMAND: POST /session/8690b08f518c8418ef29018541b658af/elements - {"using":"xpath","value":"//*[text()='OK']"}
RESULT: {"using":"xpath","value":"//*[text()='OK']"}
COMMAND: POST /session/8690b08f518c8418ef29018541b658af/elements - {"using":"xpath","value":"//*[text()='OK']"}
RESULT: {"using":"xpath","value":"//*[text()='OK']"}
COMMAND: POST /session/8690b08f518c8418ef29018541b658af/elements - {"using":"xpath","value":"//*[text()='OK']"}
RESULT: {"using":"xpath","value":"//*[text()='OK']"}
COMMAND: POST /session/8690b08f518c8418ef29018541b658af/elements - {"using":"xpath","value":"//*[text()='OK']"}
RESULT: {"using":"xpath","value":"//*[text()='OK']"}
COMMAND: POST /session/8690b08f518c8418ef29018541b658af/elements - {"using":"xpath","value":"//*[text()='OK']"}
RESULT: {"using":"xpath","value":"//*[text()='OK']"}
COMMAND: POST /session/8690b08f518c8418ef29018541b658af/elements - {"using":"xpath","value":"//*[text()='OK']"}
RESULT: {"using":"xpath","value":"//*[text()='OK']"}
COMMAND: POST /session/8690b08f518c8418ef29018541b658af/elements - {"using":"xpath","value":"//*[text()='OK']"}
RESULT: {"using":"xpath","value":"//*[text()='OK']"}
COMMAND: POST /session/8690b08f518c8418ef29018541b658af/elements - {"using":"xpath","value":"//*[text()='OK']"}
RESULT: {"using":"xpath","value":"//*[text()='OK']"}
COMMAND: POST /session/8690b08f518c8418ef29018541b658af/elements - {"using":"xpath","value":"//*[text()='OK']"}
RESULT: {"using":"xpath","value":"//*[text()='OK']"}
COMMAND: POST /session/8690b08f518c8418ef29018541b658af/elements - {"using":"xpath","value":"//*[text()='OK']"}
RESULT: {"using":"xpath","value":"//*[text()='OK']"}
COMMAND: POST /session/8690b08f518c8418ef29018541b658af/elements - {"using":"xpath","value":"//*[text()='OK']"}
RESULT: {"using":"xpath","value":"//*[text()='OK']"}
COMMAND: POST /session/8690b08f518c8418ef29018541b658af/elements - {"using":"xpath","value":"//*[text()='OK']"}
RESULT: {"using":"xpath","value":"//*[text()='OK']"}
COMMAND: POST /session/8690b08f518c8418ef29018541b658af/elements - {"using":"xpath","value":"//*[text()='OK']"}
RESULT: {"using":"xpath","value":"//*[text()='OK']"}
COMMAND: POST /session/8690b08f518c8418ef29018541b658af/elements - {"using":"xpath","value":"//*[text()='OK']"}
RESULT: {"using":"xpath","value":"//*[text()='OK']"}
COMMAND: POST /session/8690b08f518c8418ef29018541b658af/elements - {"using":"xpath","value":"//*[text()='OK']"}
RESULT: {"using":"xpath","value":"//*[text()='OK']"}
COMMAND: POST /session/8690b08f518c8418ef29018541b658af/elements - {"using":"xpath","value":"//*[text()='OK']"}
RESULT: {"using":"xpath","value":"//*[text()='OK']"}
COMMAND: POST /session/8690b08f518c8418ef29018541b658af/elements - {"using":"xpath","value":"//*[text()='OK']"}
RESULT: {"using":"xpath","value":"//*[text()='OK']"}
COMMAND: POST /session/8690b08f518c8418ef29018541b658af/elements - {"using":"xpath","value":"//*[text()='OK']"}
RESULT: {"using":"xpath","value":"//*[text()='OK']"}
COMMAND: POST /session/8690b08f518c8418ef29018541b658af/elements - {"using":"xpath","value":"//*[text()='OK']"}
RESULT: {"using":"xpath","value":"//*[text()='OK']"}
COMMAND: POST /session/8690b08f518c8418ef29018541b658af/elements - {"using":"xpath","value":"//*[text()='OK']"}
RESULT: {"using":"xpath","value":"//*[text()='OK']"}
COMMAND: POST /session/8690b08f518c8418ef29018541b658af/elements - {"using":"xpath","value":"//*[text()='OK']"}
RESULT: {"using":"xpath","value":"//*[text()='OK']"}
COMMAND: POST /session/8690b08f518c8418ef29018541b658af/elements - {"using":"xpath","value":"//*[text()='OK']"}
RESULT: {"using":"xpath","value":"//*[text()='OK']"}
COMMAND: POST /session/8690b08f518c8418ef29018541b658af/elements - {"using":"xpath","value":"//*[text()='OK']"}
RESULT: {"using":"xpath","value":"//*[text()='OK']"}
COMMAND: POST /session/8690b08f518c8418ef29018541b658af/elements - {"using":"xpath","value":"//*[text()='OK']"}
RESULT: {"using":"xpath","value":"//*[text()='OK']"}
COMMAND: POST /session/8690b08f518c8418ef29018541b658af/elements - {"using":"xpath","value":"//*[text()='OK']"}
RESULT: {"using":"xpath","value":"//*[text()='OK']"}
COMMAND: POST /session/8690b08f518c8418ef29018541b658af/elements - {"using":"xpath","value":"//*[text()='OK']"}
RESULT: {"using":"xpath","value":"//*[text()='OK']"}
COMMAND: POST /session/8690b08f518c8418ef29018541b658af/elements - {"using":"xpath","value":"//*[text()='OK']"}
RESULT: {"using":"xpath","value":"//*[text()='OK']"}
COMMAND: POST /session/8690b08f518c8418ef29018541b658af/elements - {"using":"xpath","value":"//*[text()='OK']"}
RESULT: {"using":"xpath","value":"//*[text()='OK']"}
COMMAND: POST /session/8690b08f518c8418ef29018541b658af/elements - {"using":"xpath","value":"//*[text()='OK']"}
RESULT: {"using":"xpath","value":"//*[text()='OK']"}
COMMAND: POST /session/8690b08f518c8418ef29018541b658af/elements - {"using":"xpath","value":"//*[text()='OK']"}
RESULT: {"using":"xpath","value":"//*[text()='OK']"}
COMMAND: POST /session/8690b08f518c8418ef29018541b658af/elements - {"using":"xpath","value":"//*[text()='OK']"}
RESULT: {"using":"xpath","value":"//*[text()='OK']"}
COMMAND: POST /session/8690b08f518c8418ef29018541b658af/elements - {"using":"xpath","value":"//*[text()='OK']"}
RESULT: {"using":"xpath","value":"//*[text()='OK']"}
COMMAND: POST /session/8690b08f518c8418ef29018541b658af/elements - {"using":"xpath","value":"//*[text()='OK']"}
RESULT: {"using":"xpath","value":"//*[text()='OK']"}
COMMAND: POST /session/8690b08f518c8418ef29018541b658af/elements - {"using":"xpath","value":"//*[text()='OK']"}
RESULT: {"using":"xpath","value":"//*[text()='OK']"}
COMMAND: POST /session/8690b08f518c8418ef29018541b658af/elements - {"using":"xpath","value":"//*[text()='OK']"}
RESULT: {"using":"xpath","value":"//*[text()='OK']"}
COMMAND: POST /session/8690b08f518c8418ef29018541b658af/elements - {"using":"xpath","value":"//*[text()='OK']"}
RESULT: {"using":"xpath","value":"//*[text()='OK']"}
COMMAND: POST /session/8690b08f518c8418ef29018541b658af/elements - {"using":"xpath","value":"//*[text()='OK']"}
RESULT: {"using":"xpath","value":"//*[text()='OK']"}
COMMAND: POST /session/8690b08f518c8418ef29018541b658af/elements - {"using":"xpath","value":"//*[text()='OK']"}
RESULT: {"using":"xpath","value":"//*[text()='OK']"}
COMMAND: POST /session/8690b08f518c8418ef29018541b658af/elements - {"using":"xpath","value":"//*[text()='OK']"}
RESULT: {"using":"xpath","value":"//*[text()='OK']"}
COMMAND: POST /session/8690b08f518c8418ef29018541b658af/elements - {"using":"xpath","value":"//*[text()='OK']"}
RESULT: {"using":"xpath","value":"//*[text()='OK']"}
COMMAND: POST /session/8690b08f518c8418ef29018541b658af/elements - {"using":"xpath","value":"//*[text()='OK']"}
RESULT: {"using":"xpath","value":"//*[text()='OK']"}
COMMAND: POST /session/8690b08f518c8418ef29018541b658af/elements - {"using":"xpath","value":"//*[text()='OK']"}
RESULT: {"using":"xpath","value":"//*[text()='OK']"}
COMMAND: POST /session/8690b08f518c8418ef29018541b658af/elements - {"using":"xpath","value":"//*[text()='OK']"}
RESULT: {"using":"xpath","value":"//*[text()='OK']"}
COMMAND: POST /session/8690b08f518c8418ef29018541b658af/elements - {"using":"xpath","value":"//*[text()='OK']"}
RESULT: {"using":"xpath","value":"//*[text()='OK']"}
COMMAND: POST /session/8690b08f518c8418ef29018541b658af/elements - {"using":"xpath","value":"//*[text()='OK']"}
RESULT: {"using":"xpath","value":"//*[text()='OK']"}
COMMAND: POST /session/8690b08f518c8418ef29018541b658af/elements - {"using":"xpath","value":"//*[text()='OK']"}
RESULT: {"using":"xpath","value":"//*[text()='OK']"}
COMMAND: POST /session/8690b08f518c8418ef29018541b658af/elements - {"using":"xpath","value":"//*[text()='OK']"}
RESULT: {"using":"xpath","value":"//*[text()='OK']"}
COMMAND: POST /session/8690b08f518c8418ef29018541b658af/elements - {"using":"xpath","value":"//*[text()='OK']"}
RESULT: {"using":"xpath","value":"//*[text()='OK']"}
COMMAND: POST /session/8690b08f518c8418ef29018541b658af/elements - {"using":"xpath","value":"//*[text()='OK']"}
RESULT: {"using":"xpath","value":"//*[text()='OK']"}
COMMAND: POST /session/8690b08f518c8418ef29018541b658af/elements - {"using":"xpath","value":"//*[text()='OK']"}
RESULT: {"using":"xpath","value":"//*[text()='OK']"}
COMMAND: POST /session/8690b08f518c8418ef29018541b658af/elements - {"using":"xpath","value":"//*[text()='OK']"}
RESULT: {"using":"xpath","value":"//*[text()='OK']"}
COMMAND: POST /session/8690b08f518c8418ef29018541b658af/elements - {"using":"xpath","value":"//*[text()='OK']"}
RESULT: {"using":"xpath","value":"//*[text()='OK']"}
COMMAND: POST /session/8690b08f518c8418ef29018541b658af/elements - {"using":"xpath","value":"//*[text()='OK']"}
RESULT: {"using":"xpath","value":"//*[text()='OK']"}
COMMAND: POST /session/8690b08f518c8418ef29018541b658af/elements - {"using":"xpath","value":"//*[text()='OK']"}
RESULT: {"using":"xpath","value":"//*[text()='OK']"}
COMMAND: POST /session/8690b08f518c8418ef29018541b658af/elements - {"using":"xpath","value":"//*[text()='OK']"}
RESULT: {"using":"xpath","value":"//*[text()='OK']"}
COMMAND: POST /session/8690b08f518c8418ef29018541b658af/elements - {"using":"xpath","value":"//*[text()='OK']"}
RESULT: {"using":"xpath","value":"//*[text()='OK']"}
COMMAND: POST /session/8690b08f518c8418ef29018541b658af/elements - {"using":"xpath","value":"//*[text()='OK']"}
RESULT: {"using":"xpath","value":"//*[text()='OK']"}
COMMAND: POST /session/8690b08f518c8418ef29018541b658af/element - {"using":"xpath","value":"//*[text()='provide (prepared)']"}
RESULT: {"using":"xpath","value":"//*[text()='provide (prepared)']"}
COMMAND: GET /session/8690b08f518c8418ef29018541b658af/element/f.032590EE386F29951754CC6C5B23B0CB.d.4F7211B38649641B3789A7AF39EC40A0.e.10008/text - {}
RESULT: {}
COMMAND: POST /session/8690b08f518c8418ef29018541b658af/element - {"using":"xpath","value":"//*[contains(text(), \"Instructions\")][@class=\"sapMITHTextContent\"]"}
RESULT: {"using":"xpath","value":"//*[contains(text(), \"Instructions\")][@class=\"sapMITHTextContent\"]"}
COMMAND: POST /session/8690b08f518c8418ef29018541b658af/execute/sync - {"script":"<script> [8489 bytes]","args":[{"element-6066-11e4-a52e-4f735466cecf":"f.032590EE386F29951754CC6C5B23B0CB.d.4F7211B38649641B3789A7AF39EC40A0.e.10009","ELEMENT":"f.032590EE386F29951754CC6C5B23B0CB.d.4F7211B38649641B3789A7AF39EC40A0.e.10009"}]}
RESULT: {"script":"<script> [8489 bytes]","args":[{"element-6066-11e4-a52e-4f735466cecf":"f.032590EE386F29951754CC6C5B23B0CB.d.4F7211B38649641B3789A7AF39EC40A0.e.10009","ELEMENT":"f.032590EE386F29951754CC6C5B23B0CB.d.4F7211B38649641B3789A7AF39EC40A0.e.10009"}]}
COMMAND: POST /session/8690b08f518c8418ef29018541b658af/execute/sync - {"script":"<script> [5351 bytes]","args":[{"element-6066-11e4-a52e-4f735466cecf":"f.032590EE386F29951754CC6C5B23B0CB.d.4F7211B38649641B3789A7AF39EC40A0.e.10009","ELEMENT":"f.032590EE386F29951754CC6C5B23B0CB.d.4F7211B38649641B3789A7AF39EC40A0.e.10009"}]}
COMMAND: GET /session/8690b08f518c8418ef29018541b658af/screenshot - {}
RESULT: {"script":"<script> [5351 bytes]","args":[{"element-6066-11e4-a52e-4f735466cecf":"f.032590EE386F29951754CC6C5B23B0CB.d.4F7211B38649641B3789A7AF39EC40A0.e.10009","ELEMENT":"f.032590EE386F29951754CC6C5B23B0CB.d.4F7211B38649641B3789A7AF39EC40A0.e.10009"}]}
COMMAND: POST /session/8690b08f518c8418ef29018541b658af/element/f.032590EE386F29951754CC6C5B23B0CB.d.4F7211B38649641B3789A7AF39EC40A0.e.10009/click - {}
COMMAND: GET /session/8690b08f518c8418ef29018541b658af/screenshot - {}
RESULT: {}
RESULT: {}
COMMAND: POST /session/8690b08f518c8418ef29018541b658af/actions - {"actions":[{"id":"action44","type":"key","parameters":{},"actions":[{"type":"keyDown","value":"î€‡"},{"type":"pause","duration":10},{"type":"keyUp","value":"î€‡"}]}]}
COMMAND: GET /session/8690b08f518c8418ef29018541b658af/screenshot - {}
RESULT: {}
RESULT: {"actions":[{"id":"action44","type":"key","parameters":{},"actions":[{"type":"keyDown","value":"î€‡"},{"type":"pause","duration":10},{"type":"keyUp","value":"î€‡"}]}]}
COMMAND: POST /session/8690b08f518c8418ef29018541b658af/element - {"using":"css selector","value":"#pickDialog--hoItemsTable-sa-CbBg"}
COMMAND: GET /session/8690b08f518c8418ef29018541b658af/screenshot - {}
RESULT: {}
RESULT: {"using":"css selector","value":"#pickDialog--hoItemsTable-sa-CbBg"}
COMMAND: GET /session/8690b08f518c8418ef29018541b658af/element/f.032590EE386F29951754CC6C5B23B0CB.d.4F7211B38649641B3789A7AF39EC40A0.e.10017/enabled - {}
RESULT: {}
RESULT: {}
COMMAND: POST /session/8690b08f518c8418ef29018541b658af/execute/sync - {"script":"<script> [8489 bytes]","args":[{"element-6066-11e4-a52e-4f735466cecf":"f.032590EE386F29951754CC6C5B23B0CB.d.4F7211B38649641B3789A7AF39EC40A0.e.10017","ELEMENT":"f.032590EE386F29951754CC6C5B23B0CB.d.4F7211B38649641B3789A7AF39EC40A0.e.10017"}]}
COMMAND: GET /session/8690b08f518c8418ef29018541b658af/screenshot - {}
RESULT: {"script":"<script> [8489 bytes]","args":[{"element-6066-11e4-a52e-4f735466cecf":"f.032590EE386F29951754CC6C5B23B0CB.d.4F7211B38649641B3789A7AF39EC40A0.e.10017","ELEMENT":"f.032590EE386F29951754CC6C5B23B0CB.d.4F7211B38649641B3789A7AF39EC40A0.e.10017"}]}
COMMAND: POST /session/8690b08f518c8418ef29018541b658af/execute/sync - {"script":"<script> [5351 bytes]","args":[{"element-6066-11e4-a52e-4f735466cecf":"f.032590EE386F29951754CC6C5B23B0CB.d.4F7211B38649641B3789A7AF39EC40A0.e.10017","ELEMENT":"f.032590EE386F29951754CC6C5B23B0CB.d.4F7211B38649641B3789A7AF39EC40A0.e.10017"}]}
COMMAND: GET /session/8690b08f518c8418ef29018541b658af/screenshot - {}
RESULT: {}
RESULT: {"script":"<script> [5351 bytes]","args":[{"element-6066-11e4-a52e-4f735466cecf":"f.032590EE386F29951754CC6C5B23B0CB.d.4F7211B38649641B3789A7AF39EC40A0.e.10017","ELEMENT":"f.032590EE386F29951754CC6C5B23B0CB.d.4F7211B38649641B3789A7AF39EC40A0.e.10017"}]}
COMMAND: POST /session/8690b08f518c8418ef29018541b658af/element/f.032590EE386F29951754CC6C5B23B0CB.d.4F7211B38649641B3789A7AF39EC40A0.e.10017/click - {}
COMMAND: GET /session/8690b08f518c8418ef29018541b658af/screenshot - {}
RESULT: {}
RESULT: {}
COMMAND: POST /session/8690b08f518c8418ef29018541b658af/element - {"using":"xpath","value":"//bdi[text()='Confirm All']"}
COMMAND: GET /session/8690b08f518c8418ef29018541b658af/screenshot - {}
RESULT: {}
RESULT: {"using":"xpath","value":"//bdi[text()='Confirm All']"}
COMMAND: GET /session/8690b08f518c8418ef29018541b658af/element/f.032590EE386F29951754CC6C5B23B0CB.d.4F7211B38649641B3789A7AF39EC40A0.e.10020/enabled - {}
RESULT: {}
RESULT: {}
COMMAND: POST /session/8690b08f518c8418ef29018541b658af/execute/sync - {"script":"<script> [8489 bytes]","args":[{"element-6066-11e4-a52e-4f735466cecf":"f.032590EE386F29951754CC6C5B23B0CB.d.4F7211B38649641B3789A7AF39EC40A0.e.10020","ELEMENT":"f.032590EE386F29951754CC6C5B23B0CB.d.4F7211B38649641B3789A7AF39EC40A0.e.10020"}]}
COMMAND: GET /session/8690b08f518c8418ef29018541b658af/screenshot - {}
RESULT: {}
RESULT: {"script":"<script> [8489 bytes]","args":[{"element-6066-11e4-a52e-4f735466cecf":"f.032590EE386F29951754CC6C5B23B0CB.d.4F7211B38649641B3789A7AF39EC40A0.e.10020","ELEMENT":"f.032590EE386F29951754CC6C5B23B0CB.d.4F7211B38649641B3789A7AF39EC40A0.e.10020"}]}
COMMAND: POST /session/8690b08f518c8418ef29018541b658af/execute/sync - {"script":"<script> [5351 bytes]","args":[{"element-6066-11e4-a52e-4f735466cecf":"f.032590EE386F29951754CC6C5B23B0CB.d.4F7211B38649641B3789A7AF39EC40A0.e.10020","ELEMENT":"f.032590EE386F29951754CC6C5B23B0CB.d.4F7211B38649641B3789A7AF39EC40A0.e.10020"}]}
COMMAND: GET /session/8690b08f518c8418ef29018541b658af/screenshot - {}
RESULT: {"script":"<script> [5351 bytes]","args":[{"element-6066-11e4-a52e-4f735466cecf":"f.032590EE386F29951754CC6C5B23B0CB.d.4F7211B38649641B3789A7AF39EC40A0.e.10020","ELEMENT":"f.032590EE386F29951754CC6C5B23B0CB.d.4F7211B38649641B3789A7AF39EC40A0.e.10020"}]}
COMMAND: POST /session/8690b08f518c8418ef29018541b658af/element/f.032590EE386F29951754CC6C5B23B0CB.d.4F7211B38649641B3789A7AF39EC40A0.e.10020/click - {}
COMMAND: GET /session/8690b08f518c8418ef29018541b658af/screenshot - {}
RESULT: {}
RESULT: {}
COMMAND: GET /session/8690b08f518c8418ef29018541b658af/screenshot - {}
RESULT: {}
RESULT: {}
COMMAND: POST /session/8690b08f518c8418ef29018541b658af/actions - {"actions":[{"id":"action45","type":"key","parameters":{},"actions":[{"type":"keyDown","value":"î€‡"},{"type":"pause","duration":10},{"type":"keyUp","value":"î€‡"}]}]}
RESULT: {"actions":[{"id":"action45","type":"key","parameters":{},"actions":[{"type":"keyDown","value":"î€‡"},{"type":"pause","duration":10},{"type":"keyUp","value":"î€‡"}]}]}
COMMAND: POST /session/8690b08f518c8418ef29018541b658af/actions - {"actions":[{"id":"action46","type":"key","parameters":{},"actions":[{"type":"keyDown","value":"î€‡"},{"type":"pause","duration":10},{"type":"keyUp","value":"î€‡"}]}]}
COMMAND: GET /session/8690b08f518c8418ef29018541b658af/screenshot - {}
RESULT: {"actions":[{"id":"action46","type":"key","parameters":{},"actions":[{"type":"keyDown","value":"î€‡"},{"type":"pause","duration":10},{"type":"keyUp","value":"î€‡"}]}]}
COMMAND: POST /session/8690b08f518c8418ef29018541b658af/execute/async - {"script":"<script> [1562 bytes]","args":[{"selector":{"id":"statesDialog--okBttnStatesDialog","searchOpenDialogs":true,"interaction":{"idSuffix":"BDI-content"}},"wdio_ui5_key":"statesDialogokBttnStatesDialog"}]}
COMMAND: GET /session/8690b08f518c8418ef29018541b658af/screenshot - {}
RESULT: {}
RESULT: {"script":"<script> [1562 bytes]","args":[{"selector":{"id":"statesDialog--okBttnStatesDialog","searchOpenDialogs":true,"interaction":{"idSuffix":"BDI-content"}},"wdio_ui5_key":"statesDialogokBttnStatesDialog"}]}
RESULT: undefined
RESULT: {}
RESULT: undefined
RESULT: undefined
COMMAND: POST /session/8690b08f518c8418ef29018541b658af/actions - {"actions":[{"id":"action47","type":"key","parameters":{},"actions":[{"type":"keyDown","value":"î€‡"},{"type":"pause","duration":10},{"type":"keyUp","value":"î€‡"}]}]}
RESULT: {"actions":[{"id":"action47","type":"key","parameters":{},"actions":[{"type":"keyDown","value":"î€‡"},{"type":"pause","duration":10},{"type":"keyUp","value":"î€‡"}]}]}
COMMAND: POST /session/8690b08f518c8418ef29018541b658af/execute/async - {"script":"<script> [1562 bytes]","args":[{"selector":{"controlType":"sap.m.Text","viewName":"etm.portal.ui.managehandovers.view.DetailExecuteHO","bindingPath":{"propertyPath":"NO","modelName":"catalogModel"}},"wdio_ui5_key":"etmportal.ui.managehandovers.view.DetailExecuteHOsap.m.Text{\"propertyPath\":\"NO\",\"modelName\":\"catalogModel\"}"}]}
COMMAND: GET /session/8690b08f518c8418ef29018541b658af/screenshot - {}
RESULT: {"script":"<script> [1562 bytes]","args":[{"selector":{"controlType":"sap.m.Text","viewName":"etm.portal.ui.managehandovers.view.DetailExecuteHO","bindingPath":{"propertyPath":"NO","modelName":"catalogModel"}},"wdio_ui5_key":"etmportal.ui.managehandovers.view.DetailExecuteHOsap.m.Text{\"propertyPath\":\"NO\",\"modelName\":\"catalogModel\"}"}]}
RESULT: undefined
COMMAND: POST /session/8690b08f518c8418ef29018541b658af/execute/async - {"script":"<script> [6424 bytes]","args":[{"element-6066-11e4-a52e-4f735466cecf":"f.032590EE386F29951754CC6C5B23B0CB.d.4F7211B38649641B3789A7AF39EC40A0.e.10026"},"getText",[]]}
RESULT: {}
RESULT: {"script":"<script> [6424 bytes]","args":[{"element-6066-11e4-a52e-4f735466cecf":"f.032590EE386F29951754CC6C5B23B0CB.d.4F7211B38649641B3789A7AF39EC40A0.e.10026"},"getText",[]]}
COMMAND: POST /session/8690b08f518c8418ef29018541b658af/actions - {"actions":[{"id":"action48","type":"key","parameters":{},"actions":[{"type":"keyDown","value":"î€‡"},{"type":"pause","duration":10},{"type":"keyUp","value":"î€‡"}]}]}
RESULT: {"actions":[{"id":"action48","type":"key","parameters":{},"actions":[{"type":"keyDown","value":"î€‡"},{"type":"pause","duration":10},{"type":"keyUp","value":"î€‡"}]}]}
COMMAND: GET /session/8690b08f518c8418ef29018541b658af/screenshot - {}
RESULT: {}
COMMAND: POST /session/8690b08f518c8418ef29018541b658af/element - {"using":"xpath","value":"//bdi[text()='OK']"}
RESULT: {"using":"xpath","value":"//bdi[text()='OK']"}
COMMAND: POST /session/8690b08f518c8418ef29018541b658af/element - {"using":"xpath","value":"//bdi[text()='OK']"}
RESULT: {"using":"xpath","value":"//bdi[text()='OK']"}
COMMAND: POST /session/8690b08f518c8418ef29018541b658af/actions - {"actions":[{"id":"action49","type":"key","parameters":{},"actions":[{"type":"keyDown","value":"î€‡"},{"type":"pause","duration":10},{"type":"keyUp","value":"î€‡"}]}]}
RESULT: {"actions":[{"id":"action49","type":"key","parameters":{},"actions":[{"type":"keyDown","value":"î€‡"},{"type":"pause","duration":10},{"type":"keyUp","value":"î€‡"}]}]}
COMMAND: POST /session/8690b08f518c8418ef29018541b658af/element - {"using":"xpath","value":"//bdi[(text() = 'Confirm' or . = 'Confirm')]"}
COMMAND: GET /session/8690b08f518c8418ef29018541b658af/screenshot - {}
RESULT: {"using":"xpath","value":"//bdi[(text() = 'Confirm' or . = 'Confirm')]"}
COMMAND: POST /session/8690b08f518c8418ef29018541b658af/execute/sync - {"script":"<script> [8489 bytes]","args":[{"element-6066-11e4-a52e-4f735466cecf":"f.032590EE386F29951754CC6C5B23B0CB.d.4F7211B38649641B3789A7AF39EC40A0.e.10029","ELEMENT":"f.032590EE386F29951754CC6C5B23B0CB.d.4F7211B38649641B3789A7AF39EC40A0.e.10029"}]}
RESULT: {}
RESULT: {"script":"<script> [8489 bytes]","args":[{"element-6066-11e4-a52e-4f735466cecf":"f.032590EE386F29951754CC6C5B23B0CB.d.4F7211B38649641B3789A7AF39EC40A0.e.10029","ELEMENT":"f.032590EE386F29951754CC6C5B23B0CB.d.4F7211B38649641B3789A7AF39EC40A0.e.10029"}]}
COMMAND: POST /session/8690b08f518c8418ef29018541b658af/execute/sync - {"script":"<script> [8489 bytes]","args":[{"element-6066-11e4-a52e-4f735466cecf":"f.032590EE386F29951754CC6C5B23B0CB.d.4F7211B38649641B3789A7AF39EC40A0.e.10029","ELEMENT":"f.032590EE386F29951754CC6C5B23B0CB.d.4F7211B38649641B3789A7AF39EC40A0.e.10029"}]}
COMMAND: GET /session/8690b08f518c8418ef29018541b658af/screenshot - {}
RESULT: {"script":"<script> [8489 bytes]","args":[{"element-6066-11e4-a52e-4f735466cecf":"f.032590EE386F29951754CC6C5B23B0CB.d.4F7211B38649641B3789A7AF39EC40A0.e.10029","ELEMENT":"f.032590EE386F29951754CC6C5B23B0CB.d.4F7211B38649641B3789A7AF39EC40A0.e.10029"}]}
COMMAND: POST /session/8690b08f518c8418ef29018541b658af/execute/sync - {"script":"<script> [5351 bytes]","args":[{"element-6066-11e4-a52e-4f735466cecf":"f.032590EE386F29951754CC6C5B23B0CB.d.4F7211B38649641B3789A7AF39EC40A0.e.10029","ELEMENT":"f.032590EE386F29951754CC6C5B23B0CB.d.4F7211B38649641B3789A7AF39EC40A0.e.10029"}]}
COMMAND: GET /session/8690b08f518c8418ef29018541b658af/screenshot - {}
RESULT: {}
RESULT: {"script":"<script> [5351 bytes]","args":[{"element-6066-11e4-a52e-4f735466cecf":"f.032590EE386F29951754CC6C5B23B0CB.d.4F7211B38649641B3789A7AF39EC40A0.e.10029","ELEMENT":"f.032590EE386F29951754CC6C5B23B0CB.d.4F7211B38649641B3789A7AF39EC40A0.e.10029"}]}
COMMAND: POST /session/8690b08f518c8418ef29018541b658af/actions - {"actions":[{"id":"action50","type":"key","parameters":{},"actions":[{"type":"keyDown","value":"î€‡"},{"type":"pause","duration":10},{"type":"keyUp","value":"î€‡"}]}]}
COMMAND: GET /session/8690b08f518c8418ef29018541b658af/screenshot - {}
RESULT: {}
RESULT: {"actions":[{"id":"action50","type":"key","parameters":{},"actions":[{"type":"keyDown","value":"î€‡"},{"type":"pause","duration":10},{"type":"keyUp","value":"î€‡"}]}]}
COMMAND: POST /session/8690b08f518c8418ef29018541b658af/element - {"using":"xpath","value":"(//bdi[text()='Pick'])[1]"}
COMMAND: GET /session/8690b08f518c8418ef29018541b658af/screenshot - {}
RESULT: {}
RESULT: {"using":"xpath","value":"(//bdi[text()='Pick'])[1]"}
COMMAND: GET /session/8690b08f518c8418ef29018541b658af/element/f.032590EE386F29951754CC6C5B23B0CB.d.4F7211B38649641B3789A7AF39EC40A0.e.10030/enabled - {}
RESULT: {}
RESULT: {}
COMMAND: POST /session/8690b08f518c8418ef29018541b658af/execute/sync - {"script":"<script> [8489 bytes]","args":[{"element-6066-11e4-a52e-4f735466cecf":"f.032590EE386F29951754CC6C5B23B0CB.d.4F7211B38649641B3789A7AF39EC40A0.e.10030","ELEMENT":"f.032590EE386F29951754CC6C5B23B0CB.d.4F7211B38649641B3789A7AF39EC40A0.e.10030"}]}
COMMAND: GET /session/8690b08f518c8418ef29018541b658af/screenshot - {}
RESULT: {"script":"<script> [8489 bytes]","args":[{"element-6066-11e4-a52e-4f735466cecf":"f.032590EE386F29951754CC6C5B23B0CB.d.4F7211B38649641B3789A7AF39EC40A0.e.10030","ELEMENT":"f.032590EE386F29951754CC6C5B23B0CB.d.4F7211B38649641B3789A7AF39EC40A0.e.10030"}]}
COMMAND: POST /session/8690b08f518c8418ef29018541b658af/execute/sync - {"script":"<script> [5351 bytes]","args":[{"element-6066-11e4-a52e-4f735466cecf":"f.032590EE386F29951754CC6C5B23B0CB.d.4F7211B38649641B3789A7AF39EC40A0.e.10030","ELEMENT":"f.032590EE386F29951754CC6C5B23B0CB.d.4F7211B38649641B3789A7AF39EC40A0.e.10030"}]}
COMMAND: GET /session/8690b08f518c8418ef29018541b658af/screenshot - {}
RESULT: {}
RESULT: {"script":"<script> [5351 bytes]","args":[{"element-6066-11e4-a52e-4f735466cecf":"f.032590EE386F29951754CC6C5B23B0CB.d.4F7211B38649641B3789A7AF39EC40A0.e.10030","ELEMENT":"f.032590EE386F29951754CC6C5B23B0CB.d.4F7211B38649641B3789A7AF39EC40A0.e.10030"}]}
COMMAND: POST /session/8690b08f518c8418ef29018541b658af/element/f.032590EE386F29951754CC6C5B23B0CB.d.4F7211B38649641B3789A7AF39EC40A0.e.10030/click - {}
COMMAND: GET /session/8690b08f518c8418ef29018541b658af/screenshot - {}
RESULT: {}
RESULT: {}
COMMAND: POST /session/8690b08f518c8418ef29018541b658af/actions - {"actions":[{"id":"action51","type":"key","parameters":{},"actions":[{"type":"keyDown","value":"î€‡"},{"type":"pause","duration":10},{"type":"keyUp","value":"î€‡"}]}]}
COMMAND: GET /session/8690b08f518c8418ef29018541b658af/screenshot - {}
RESULT: {}
RESULT: {"actions":[{"id":"action51","type":"key","parameters":{},"actions":[{"type":"keyDown","value":"î€‡"},{"type":"pause","duration":10},{"type":"keyUp","value":"î€‡"}]}]}
COMMAND: GET /session/8690b08f518c8418ef29018541b658af/screenshot - {}
RESULT: {}
RESULT: {}
COMMAND: POST /session/8690b08f518c8418ef29018541b658af/execute/async - {"script":"<script> [1562 bytes]","args":[{"selector":{"controlType":"sap.m.SearchField","viewName":"etm.portal.ui.managehandovers.view.MasterHO","bindingPath":{"path":"","propertyPath":"/_BASIC_SEARCH_FIELD","modelName":"fi1t3rM0d31"},"interaction":{"idSuffix":"I"}},"wdio_ui5_key":"etmportal.ui.managehandovers.view.MasterHOsap.m.SearchField{\"path\":\"\",\"propertyPath\":\"/_BASIC_SEARCH_FIELD\",\"modelName\":\"fi1t3rM0d31\"}"}]}
RESULT: {"script":"<script> [1562 bytes]","args":[{"selector":{"controlType":"sap.m.SearchField","viewName":"etm.portal.ui.managehandovers.view.MasterHO","bindingPath":{"path":"","propertyPath":"/_BASIC_SEARCH_FIELD","modelName":"fi1t3rM0d31"},"interaction":{"idSuffix":"I"}},"wdio_ui5_key":"etmportal.ui.managehandovers.view.MasterHOsap.m.SearchField{\"path\":\"\",\"propertyPath\":\"/_BASIC_SEARCH_FIELD\",\"modelName\":\"fi1t3rM0d31\"}"}]}
RESULT: undefined
COMMAND: POST /session/8690b08f518c8418ef29018541b658af/execute/async - {"script":"<script> [776 bytes]","args":[{"enterText":"30815","selector":{"controlType":"sap.m.SearchField","viewName":"etm.portal.ui.managehandovers.view.MasterHO","bindingPath":{"path":"","propertyPath":"/_BASIC_SEARCH_FIELD","modelName":"fi1t3rM0d31"},"interaction":{"idSuffix":"I"}},"clearTextFirst":true,"interactionType":"ENTER_TEXT"}]}
RESULT: {"script":"<script> [776 bytes]","args":[{"enterText":"30815","selector":{"controlType":"sap.m.SearchField","viewName":"etm.portal.ui.managehandovers.view.MasterHO","bindingPath":{"path":"","propertyPath":"/_BASIC_SEARCH_FIELD","modelName":"fi1t3rM0d31"},"interaction":{"idSuffix":"I"}},"clearTextFirst":true,"interactionType":"ENTER_TEXT"}]}
COMMAND: POST /session/8690b08f518c8418ef29018541b658af/actions - {"actions":[{"id":"action52","type":"key","parameters":{},"actions":[{"type":"keyDown","value":"î€‡"},{"type":"pause","duration":10},{"type":"keyUp","value":"î€‡"}]}]}
RESULT: {"actions":[{"id":"action52","type":"key","parameters":{},"actions":[{"type":"keyDown","value":"î€‡"},{"type":"pause","duration":10},{"type":"keyUp","value":"î€‡"}]}]}
COMMAND: GET /session/8690b08f518c8418ef29018541b658af/screenshot - {}
RESULT: {}
COMMAND: POST /session/8690b08f518c8418ef29018541b658af/execute/async - {"script":"<script> [1562 bytes]","args":[{"selector":{"controlType":"sap.ui.core.Icon","viewName":"etm.portal.ui.managehandovers.view.MasterHO","properties":{"src":{"regex":{"source":"slim\\-arrow\\-right"}}}},"wdio_ui5_key":"etmportal.ui.managehandovers.view.MasterHOsap.ui.core.Icon{\"src\":{\"regex\":{\"source\":\"slim\\\\-arrow\\\\-right\"}}}"}]}
RESULT: {"script":"<script> [1562 bytes]","args":[{"selector":{"controlType":"sap.ui.core.Icon","viewName":"etm.portal.ui.managehandovers.view.MasterHO","properties":{"src":{"regex":{"source":"slim\\-arrow\\-right"}}}},"wdio_ui5_key":"etmportal.ui.managehandovers.view.MasterHOsap.ui.core.Icon{\"src\":{\"regex\":{\"source\":\"slim\\\\-arrow\\\\-right\"}}}"}]}
RESULT: undefined
COMMAND: POST /session/8690b08f518c8418ef29018541b658af/element - {"using":"xpath","value":"//*[@id=\"__item3813-__clone9790-imgNav\"]"}
RESULT: {"using":"xpath","value":"//*[@id=\"__item3813-__clone9790-imgNav\"]"}
COMMAND: POST /session/8690b08f518c8418ef29018541b658af/element/f.032590EE386F29951754CC6C5B23B0CB.d.4F7211B38649641B3789A7AF39EC40A0.e.10225/click - {}
RESULT: {}
COMMAND: POST /session/8690b08f518c8418ef29018541b658af/element - {"using":"xpath","value":"(//span[text()='Instructions'])[2]"}
COMMAND: GET /session/8690b08f518c8418ef29018541b658af/screenshot - {}
RESULT: {"using":"xpath","value":"(//span[text()='Instructions'])[2]"}
COMMAND: GET /session/8690b08f518c8418ef29018541b658af/element/f.032590EE386F29951754CC6C5B23B0CB.d.4F7211B38649641B3789A7AF39EC40A0.e.10009/enabled - {}
RESULT: {}
RESULT: {}
COMMAND: POST /session/8690b08f518c8418ef29018541b658af/execute/sync - {"script":"<script> [8489 bytes]","args":[{"element-6066-11e4-a52e-4f735466cecf":"f.032590EE386F29951754CC6C5B23B0CB.d.4F7211B38649641B3789A7AF39EC40A0.e.10009","ELEMENT":"f.032590EE386F29951754CC6C5B23B0CB.d.4F7211B38649641B3789A7AF39EC40A0.e.10009"}]}
COMMAND: GET /session/8690b08f518c8418ef29018541b658af/screenshot - {}
RESULT: {"script":"<script> [8489 bytes]","args":[{"element-6066-11e4-a52e-4f735466cecf":"f.032590EE386F29951754CC6C5B23B0CB.d.4F7211B38649641B3789A7AF39EC40A0.e.10009","ELEMENT":"f.032590EE386F29951754CC6C5B23B0CB.d.4F7211B38649641B3789A7AF39EC40A0.e.10009"}]}
COMMAND: POST /session/8690b08f518c8418ef29018541b658af/execute/sync - {"script":"<script> [5351 bytes]","args":[{"element-6066-11e4-a52e-4f735466cecf":"f.032590EE386F29951754CC6C5B23B0CB.d.4F7211B38649641B3789A7AF39EC40A0.e.10009","ELEMENT":"f.032590EE386F29951754CC6C5B23B0CB.d.4F7211B38649641B3789A7AF39EC40A0.e.10009"}]}
COMMAND: GET /session/8690b08f518c8418ef29018541b658af/screenshot - {}
RESULT: {}
RESULT: {"script":"<script> [5351 bytes]","args":[{"element-6066-11e4-a52e-4f735466cecf":"f.032590EE386F29951754CC6C5B23B0CB.d.4F7211B38649641B3789A7AF39EC40A0.e.10009","ELEMENT":"f.032590EE386F29951754CC6C5B23B0CB.d.4F7211B38649641B3789A7AF39EC40A0.e.10009"}]}
COMMAND: POST /session/8690b08f518c8418ef29018541b658af/element/f.032590EE386F29951754CC6C5B23B0CB.d.4F7211B38649641B3789A7AF39EC40A0.e.10009/click - {}
COMMAND: GET /session/8690b08f518c8418ef29018541b658af/screenshot - {}
RESULT: {}
RESULT: {}
COMMAND: POST /session/8690b08f518c8418ef29018541b658af/element - {"using":"xpath","value":"//bdi[text()='Confirm']"}
COMMAND: GET /session/8690b08f518c8418ef29018541b658af/screenshot - {}
RESULT: {}
RESULT: {"using":"xpath","value":"//bdi[text()='Confirm']"}
COMMAND: GET /session/8690b08f518c8418ef29018541b658af/element/f.032590EE386F29951754CC6C5B23B0CB.d.4F7211B38649641B3789A7AF39EC40A0.e.10278/enabled - {}
RESULT: {}
RESULT: {}
COMMAND: POST /session/8690b08f518c8418ef29018541b658af/execute/sync - {"script":"<script> [8489 bytes]","args":[{"element-6066-11e4-a52e-4f735466cecf":"f.032590EE386F29951754CC6C5B23B0CB.d.4F7211B38649641B3789A7AF39EC40A0.e.10278","ELEMENT":"f.032590EE386F29951754CC6C5B23B0CB.d.4F7211B38649641B3789A7AF39EC40A0.e.10278"}]}
COMMAND: GET /session/8690b08f518c8418ef29018541b658af/screenshot - {}
RESULT: {"script":"<script> [8489 bytes]","args":[{"element-6066-11e4-a52e-4f735466cecf":"f.032590EE386F29951754CC6C5B23B0CB.d.4F7211B38649641B3789A7AF39EC40A0.e.10278","ELEMENT":"f.032590EE386F29951754CC6C5B23B0CB.d.4F7211B38649641B3789A7AF39EC40A0.e.10278"}]}
COMMAND: POST /session/8690b08f518c8418ef29018541b658af/execute/sync - {"script":"<script> [5351 bytes]","args":[{"element-6066-11e4-a52e-4f735466cecf":"f.032590EE386F29951754CC6C5B23B0CB.d.4F7211B38649641B3789A7AF39EC40A0.e.10278","ELEMENT":"f.032590EE386F29951754CC6C5B23B0CB.d.4F7211B38649641B3789A7AF39EC40A0.e.10278"}]}
COMMAND: GET /session/8690b08f518c8418ef29018541b658af/screenshot - {}
RESULT: {}
RESULT: {"script":"<script> [5351 bytes]","args":[{"element-6066-11e4-a52e-4f735466cecf":"f.032590EE386F29951754CC6C5B23B0CB.d.4F7211B38649641B3789A7AF39EC40A0.e.10278","ELEMENT":"f.032590EE386F29951754CC6C5B23B0CB.d.4F7211B38649641B3789A7AF39EC40A0.e.10278"}]}
COMMAND: POST /session/8690b08f518c8418ef29018541b658af/element/f.032590EE386F29951754CC6C5B23B0CB.d.4F7211B38649641B3789A7AF39EC40A0.e.10278/click - {}
COMMAND: GET /session/8690b08f518c8418ef29018541b658af/screenshot - {}
RESULT: {}
RESULT: {}
COMMAND: POST /session/8690b08f518c8418ef29018541b658af/actions - {"actions":[{"id":"action53","type":"key","parameters":{},"actions":[{"type":"keyDown","value":"î€‡"},{"type":"pause","duration":10},{"type":"keyUp","value":"î€‡"}]}]}
COMMAND: GET /session/8690b08f518c8418ef29018541b658af/screenshot - {}
RESULT: {}
RESULT: {"actions":[{"id":"action53","type":"key","parameters":{},"actions":[{"type":"keyDown","value":"î€‡"},{"type":"pause","duration":10},{"type":"keyUp","value":"î€‡"}]}]}
COMMAND: POST /session/8690b08f518c8418ef29018541b658af/element - {"using":"xpath","value":"//bdi[text()='Issue']"}
COMMAND: GET /session/8690b08f518c8418ef29018541b658af/screenshot - {}
RESULT: {}
RESULT: {"using":"xpath","value":"//bdi[text()='Issue']"}
COMMAND: GET /session/8690b08f518c8418ef29018541b658af/element/f.032590EE386F29951754CC6C5B23B0CB.d.4F7211B38649641B3789A7AF39EC40A0.e.10282/enabled - {}
RESULT: {}
RESULT: {}
COMMAND: POST /session/8690b08f518c8418ef29018541b658af/execute/sync - {"script":"<script> [8489 bytes]","args":[{"element-6066-11e4-a52e-4f735466cecf":"f.032590EE386F29951754CC6C5B23B0CB.d.4F7211B38649641B3789A7AF39EC40A0.e.10282","ELEMENT":"f.032590EE386F29951754CC6C5B23B0CB.d.4F7211B38649641B3789A7AF39EC40A0.e.10282"}]}
COMMAND: GET /session/8690b08f518c8418ef29018541b658af/screenshot - {}
RESULT: {"script":"<script> [8489 bytes]","args":[{"element-6066-11e4-a52e-4f735466cecf":"f.032590EE386F29951754CC6C5B23B0CB.d.4F7211B38649641B3789A7AF39EC40A0.e.10282","ELEMENT":"f.032590EE386F29951754CC6C5B23B0CB.d.4F7211B38649641B3789A7AF39EC40A0.e.10282"}]}
COMMAND: POST /session/8690b08f518c8418ef29018541b658af/execute/sync - {"script":"<script> [5351 bytes]","args":[{"element-6066-11e4-a52e-4f735466cecf":"f.032590EE386F29951754CC6C5B23B0CB.d.4F7211B38649641B3789A7AF39EC40A0.e.10282","ELEMENT":"f.032590EE386F29951754CC6C5B23B0CB.d.4F7211B38649641B3789A7AF39EC40A0.e.10282"}]}
COMMAND: GET /session/8690b08f518c8418ef29018541b658af/screenshot - {}
RESULT: {}
RESULT: {"script":"<script> [5351 bytes]","args":[{"element-6066-11e4-a52e-4f735466cecf":"f.032590EE386F29951754CC6C5B23B0CB.d.4F7211B38649641B3789A7AF39EC40A0.e.10282","ELEMENT":"f.032590EE386F29951754CC6C5B23B0CB.d.4F7211B38649641B3789A7AF39EC40A0.e.10282"}]}
COMMAND: POST /session/8690b08f518c8418ef29018541b658af/element/f.032590EE386F29951754CC6C5B23B0CB.d.4F7211B38649641B3789A7AF39EC40A0.e.10282/click - {}
COMMAND: GET /session/8690b08f518c8418ef29018541b658af/screenshot - {}
RESULT: {}
RESULT: {}
COMMAND: POST /session/8690b08f518c8418ef29018541b658af/element - {"using":"xpath","value":"//*[text()='Provide to site']"}
COMMAND: GET /session/8690b08f518c8418ef29018541b658af/screenshot - {}
RESULT: {}
RESULT: {"using":"xpath","value":"//*[text()='Provide to site']"}
COMMAND: POST /session/8690b08f518c8418ef29018541b658af/elements - {"using":"xpath","value":"//*[text()='Provide to site']"}
RESULT: {}
RESULT: {"using":"xpath","value":"//*[text()='Provide to site']"}
COMMAND: POST /session/8690b08f518c8418ef29018541b658af/elements - {"using":"xpath","value":"//*[text()='Provide to site']"}
RESULT: {"using":"xpath","value":"//*[text()='Provide to site']"}
COMMAND: POST /session/8690b08f518c8418ef29018541b658af/elements - {"using":"xpath","value":"//*[text()='Provide to site']"}
RESULT: {"using":"xpath","value":"//*[text()='Provide to site']"}
COMMAND: POST /session/8690b08f518c8418ef29018541b658af/elements - {"using":"xpath","value":"//*[text()='Provide to site']"}
RESULT: {"using":"xpath","value":"//*[text()='Provide to site']"}
COMMAND: POST /session/8690b08f518c8418ef29018541b658af/elements - {"using":"xpath","value":"//*[text()='Provide to site']"}
RESULT: {"using":"xpath","value":"//*[text()='Provide to site']"}
COMMAND: POST /session/8690b08f518c8418ef29018541b658af/elements - {"using":"xpath","value":"//*[text()='Provide to site']"}
RESULT: {"using":"xpath","value":"//*[text()='Provide to site']"}
COMMAND: POST /session/8690b08f518c8418ef29018541b658af/elements - {"using":"xpath","value":"//*[text()='Provide to site']"}
RESULT: {"using":"xpath","value":"//*[text()='Provide to site']"}
COMMAND: POST /session/8690b08f518c8418ef29018541b658af/elements - {"using":"xpath","value":"//*[text()='Provide to site']"}
RESULT: {"using":"xpath","value":"//*[text()='Provide to site']"}
COMMAND: POST /session/8690b08f518c8418ef29018541b658af/elements - {"using":"xpath","value":"//*[text()='Provide to site']"}
RESULT: {"using":"xpath","value":"//*[text()='Provide to site']"}
COMMAND: POST /session/8690b08f518c8418ef29018541b658af/elements - {"using":"xpath","value":"//*[text()='Provide to site']"}
RESULT: {"using":"xpath","value":"//*[text()='Provide to site']"}
COMMAND: POST /session/8690b08f518c8418ef29018541b658af/elements - {"using":"xpath","value":"//*[text()='Provide to site']"}
RESULT: {"using":"xpath","value":"//*[text()='Provide to site']"}
COMMAND: POST /session/8690b08f518c8418ef29018541b658af/elements - {"using":"xpath","value":"//*[text()='Provide to site']"}
RESULT: {"using":"xpath","value":"//*[text()='Provide to site']"}
COMMAND: POST /session/8690b08f518c8418ef29018541b658af/elements - {"using":"xpath","value":"//*[text()='Provide to site']"}
RESULT: {"using":"xpath","value":"//*[text()='Provide to site']"}
COMMAND: POST /session/8690b08f518c8418ef29018541b658af/elements - {"using":"xpath","value":"//*[text()='Provide to site']"}
RESULT: {"using":"xpath","value":"//*[text()='Provide to site']"}
COMMAND: POST /session/8690b08f518c8418ef29018541b658af/elements - {"using":"xpath","value":"//*[text()='Provide to site']"}
RESULT: {"using":"xpath","value":"//*[text()='Provide to site']"}
COMMAND: POST /session/8690b08f518c8418ef29018541b658af/elements - {"using":"xpath","value":"//*[text()='Provide to site']"}
RESULT: {"using":"xpath","value":"//*[text()='Provide to site']"}
COMMAND: POST /session/8690b08f518c8418ef29018541b658af/elements - {"using":"xpath","value":"//*[text()='Provide to site']"}
RESULT: {"using":"xpath","value":"//*[text()='Provide to site']"}
COMMAND: POST /session/8690b08f518c8418ef29018541b658af/elements - {"using":"xpath","value":"//*[text()='Provide to site']"}
RESULT: {"using":"xpath","value":"//*[text()='Provide to site']"}
COMMAND: POST /session/8690b08f518c8418ef29018541b658af/elements - {"using":"xpath","value":"//*[text()='Provide to site']"}
RESULT: {"using":"xpath","value":"//*[text()='Provide to site']"}
COMMAND: POST /session/8690b08f518c8418ef29018541b658af/elements - {"using":"xpath","value":"//*[text()='Provide to site']"}
RESULT: {"using":"xpath","value":"//*[text()='Provide to site']"}
COMMAND: POST /session/8690b08f518c8418ef29018541b658af/elements - {"using":"xpath","value":"//*[text()='Provide to site']"}
RESULT: {"using":"xpath","value":"//*[text()='Provide to site']"}
COMMAND: POST /session/8690b08f518c8418ef29018541b658af/elements - {"using":"xpath","value":"//*[text()='Provide to site']"}
RESULT: {"using":"xpath","value":"//*[text()='Provide to site']"}
COMMAND: POST /session/8690b08f518c8418ef29018541b658af/elements - {"using":"xpath","value":"//*[text()='Provide to site']"}
RESULT: {"using":"xpath","value":"//*[text()='Provide to site']"}
COMMAND: POST /session/8690b08f518c8418ef29018541b658af/elements - {"using":"xpath","value":"//*[text()='Provide to site']"}
RESULT: {"using":"xpath","value":"//*[text()='Provide to site']"}
COMMAND: POST /session/8690b08f518c8418ef29018541b658af/elements - {"using":"xpath","value":"//*[text()='Provide to site']"}
RESULT: {"using":"xpath","value":"//*[text()='Provide to site']"}
COMMAND: POST /session/8690b08f518c8418ef29018541b658af/elements - {"using":"xpath","value":"//*[text()='Provide to site']"}
RESULT: {"using":"xpath","value":"//*[text()='Provide to site']"}
COMMAND: POST /session/8690b08f518c8418ef29018541b658af/elements - {"using":"xpath","value":"//*[text()='Provide to site']"}
RESULT: {"using":"xpath","value":"//*[text()='Provide to site']"}
COMMAND: POST /session/8690b08f518c8418ef29018541b658af/elements - {"using":"xpath","value":"//*[text()='Provide to site']"}
RESULT: {"using":"xpath","value":"//*[text()='Provide to site']"}
COMMAND: POST /session/8690b08f518c8418ef29018541b658af/elements - {"using":"xpath","value":"//*[text()='Provide to site']"}
RESULT: {"using":"xpath","value":"//*[text()='Provide to site']"}
COMMAND: POST /session/8690b08f518c8418ef29018541b658af/elements - {"using":"xpath","value":"//*[text()='Provide to site']"}
RESULT: {"using":"xpath","value":"//*[text()='Provide to site']"}
COMMAND: POST /session/8690b08f518c8418ef29018541b658af/elements - {"using":"xpath","value":"//*[text()='Provide to site']"}
RESULT: {"using":"xpath","value":"//*[text()='Provide to site']"}
COMMAND: POST /session/8690b08f518c8418ef29018541b658af/elements - {"using":"xpath","value":"//*[text()='Provide to site']"}
RESULT: {"using":"xpath","value":"//*[text()='Provide to site']"}
COMMAND: POST /session/8690b08f518c8418ef29018541b658af/elements - {"using":"xpath","value":"//*[text()='Provide to site']"}
RESULT: {"using":"xpath","value":"//*[text()='Provide to site']"}
COMMAND: POST /session/8690b08f518c8418ef29018541b658af/elements - {"using":"xpath","value":"//*[text()='Provide to site']"}
RESULT: {"using":"xpath","value":"//*[text()='Provide to site']"}
COMMAND: POST /session/8690b08f518c8418ef29018541b658af/elements - {"using":"xpath","value":"//*[text()='Provide to site']"}
RESULT: {"using":"xpath","value":"//*[text()='Provide to site']"}
COMMAND: POST /session/8690b08f518c8418ef29018541b658af/elements - {"using":"xpath","value":"//*[text()='Provide to site']"}
RESULT: {"using":"xpath","value":"//*[text()='Provide to site']"}
COMMAND: POST /session/8690b08f518c8418ef29018541b658af/elements - {"using":"xpath","value":"//*[text()='Provide to site']"}
RESULT: {"using":"xpath","value":"//*[text()='Provide to site']"}
COMMAND: POST /session/8690b08f518c8418ef29018541b658af/elements - {"using":"xpath","value":"//*[text()='Provide to site']"}
RESULT: {"using":"xpath","value":"//*[text()='Provide to site']"}
COMMAND: POST /session/8690b08f518c8418ef29018541b658af/elements - {"using":"xpath","value":"//*[text()='Provide to site']"}
RESULT: {"using":"xpath","value":"//*[text()='Provide to site']"}
COMMAND: POST /session/8690b08f518c8418ef29018541b658af/elements - {"using":"xpath","value":"//*[text()='Provide to site']"}
RESULT: {"using":"xpath","value":"//*[text()='Provide to site']"}
COMMAND: POST /session/8690b08f518c8418ef29018541b658af/elements - {"using":"xpath","value":"//*[text()='Provide to site']"}
RESULT: {"using":"xpath","value":"//*[text()='Provide to site']"}
COMMAND: POST /session/8690b08f518c8418ef29018541b658af/elements - {"using":"xpath","value":"//*[text()='Provide to site']"}
RESULT: {"using":"xpath","value":"//*[text()='Provide to site']"}
COMMAND: POST /session/8690b08f518c8418ef29018541b658af/elements - {"using":"xpath","value":"//*[text()='Provide to site']"}
RESULT: {"using":"xpath","value":"//*[text()='Provide to site']"}
COMMAND: POST /session/8690b08f518c8418ef29018541b658af/elements - {"using":"xpath","value":"//*[text()='Provide to site']"}
RESULT: {"using":"xpath","value":"//*[text()='Provide to site']"}
COMMAND: POST /session/8690b08f518c8418ef29018541b658af/elements - {"using":"xpath","value":"//*[text()='Provide to site']"}
RESULT: {"using":"xpath","value":"//*[text()='Provide to site']"}
COMMAND: POST /session/8690b08f518c8418ef29018541b658af/elements - {"using":"xpath","value":"//*[text()='Provide to site']"}
RESULT: {"using":"xpath","value":"//*[text()='Provide to site']"}
COMMAND: POST /session/8690b08f518c8418ef29018541b658af/elements - {"using":"xpath","value":"//*[text()='Provide to site']"}
RESULT: {"using":"xpath","value":"//*[text()='Provide to site']"}
COMMAND: POST /session/8690b08f518c8418ef29018541b658af/elements - {"using":"xpath","value":"//*[text()='Provide to site']"}
RESULT: {"using":"xpath","value":"//*[text()='Provide to site']"}
COMMAND: POST /session/8690b08f518c8418ef29018541b658af/elements - {"using":"xpath","value":"//*[text()='Provide to site']"}
RESULT: {"using":"xpath","value":"//*[text()='Provide to site']"}
COMMAND: POST /session/8690b08f518c8418ef29018541b658af/elements - {"using":"xpath","value":"//*[text()='Provide to site']"}
RESULT: {"using":"xpath","value":"//*[text()='Provide to site']"}
COMMAND: POST /session/8690b08f518c8418ef29018541b658af/elements - {"using":"xpath","value":"//*[text()='Provide to site']"}
RESULT: {"using":"xpath","value":"//*[text()='Provide to site']"}
COMMAND: POST /session/8690b08f518c8418ef29018541b658af/elements - {"using":"xpath","value":"//*[text()='Provide to site']"}
RESULT: {"using":"xpath","value":"//*[text()='Provide to site']"}
COMMAND: POST /session/8690b08f518c8418ef29018541b658af/elements - {"using":"xpath","value":"//*[text()='Provide to site']"}
RESULT: {"using":"xpath","value":"//*[text()='Provide to site']"}
COMMAND: POST /session/8690b08f518c8418ef29018541b658af/elements - {"using":"xpath","value":"//*[text()='Provide to site']"}
RESULT: {"using":"xpath","value":"//*[text()='Provide to site']"}
COMMAND: POST /session/8690b08f518c8418ef29018541b658af/elements - {"using":"xpath","value":"//*[text()='Provide to site']"}
RESULT: {"using":"xpath","value":"//*[text()='Provide to site']"}
COMMAND: POST /session/8690b08f518c8418ef29018541b658af/elements - {"using":"xpath","value":"//*[text()='Provide to site']"}
RESULT: {"using":"xpath","value":"//*[text()='Provide to site']"}
COMMAND: POST /session/8690b08f518c8418ef29018541b658af/elements - {"using":"xpath","value":"//*[text()='Provide to site']"}
RESULT: {"using":"xpath","value":"//*[text()='Provide to site']"}
COMMAND: POST /session/8690b08f518c8418ef29018541b658af/elements - {"using":"xpath","value":"//*[text()='Provide to site']"}
RESULT: {"using":"xpath","value":"//*[text()='Provide to site']"}
COMMAND: POST /session/8690b08f518c8418ef29018541b658af/elements - {"using":"xpath","value":"//*[text()='Provide to site']"}
RESULT: {"using":"xpath","value":"//*[text()='Provide to site']"}
COMMAND: POST /session/8690b08f518c8418ef29018541b658af/elements - {"using":"xpath","value":"//*[text()='Provide to site']"}
RESULT: {"using":"xpath","value":"//*[text()='Provide to site']"}
COMMAND: POST /session/8690b08f518c8418ef29018541b658af/elements - {"using":"xpath","value":"//*[text()='Provide to site']"}
RESULT: {"using":"xpath","value":"//*[text()='Provide to site']"}
COMMAND: POST /session/8690b08f518c8418ef29018541b658af/elements - {"using":"xpath","value":"//*[text()='Provide to site']"}
RESULT: {"using":"xpath","value":"//*[text()='Provide to site']"}
COMMAND: POST /session/8690b08f518c8418ef29018541b658af/elements - {"using":"xpath","value":"//*[text()='Provide to site']"}
RESULT: {"using":"xpath","value":"//*[text()='Provide to site']"}
COMMAND: POST /session/8690b08f518c8418ef29018541b658af/elements - {"using":"xpath","value":"//*[text()='Provide to site']"}
RESULT: {"using":"xpath","value":"//*[text()='Provide to site']"}
COMMAND: POST /session/8690b08f518c8418ef29018541b658af/elements - {"using":"xpath","value":"//*[text()='Provide to site']"}
RESULT: {"using":"xpath","value":"//*[text()='Provide to site']"}
COMMAND: POST /session/8690b08f518c8418ef29018541b658af/elements - {"using":"xpath","value":"//*[text()='Provide to site']"}
RESULT: {"using":"xpath","value":"//*[text()='Provide to site']"}
COMMAND: POST /session/8690b08f518c8418ef29018541b658af/elements - {"using":"xpath","value":"//*[text()='Provide to site']"}
RESULT: {"using":"xpath","value":"//*[text()='Provide to site']"}
COMMAND: POST /session/8690b08f518c8418ef29018541b658af/elements - {"using":"xpath","value":"//*[text()='Provide to site']"}
RESULT: {"using":"xpath","value":"//*[text()='Provide to site']"}
COMMAND: POST /session/8690b08f518c8418ef29018541b658af/elements - {"using":"xpath","value":"//*[text()='Provide to site']"}
RESULT: {"using":"xpath","value":"//*[text()='Provide to site']"}
COMMAND: POST /session/8690b08f518c8418ef29018541b658af/elements - {"using":"xpath","value":"//*[text()='Provide to site']"}
RESULT: {"using":"xpath","value":"//*[text()='Provide to site']"}
COMMAND: POST /session/8690b08f518c8418ef29018541b658af/elements - {"using":"xpath","value":"//*[text()='Provide to site']"}
RESULT: {"using":"xpath","value":"//*[text()='Provide to site']"}
COMMAND: POST /session/8690b08f518c8418ef29018541b658af/elements - {"using":"xpath","value":"//*[text()='Provide to site']"}
RESULT: {"using":"xpath","value":"//*[text()='Provide to site']"}
COMMAND: POST /session/8690b08f518c8418ef29018541b658af/elements - {"using":"xpath","value":"//*[text()='Provide to site']"}
RESULT: {"using":"xpath","value":"//*[text()='Provide to site']"}
COMMAND: POST /session/8690b08f518c8418ef29018541b658af/elements - {"using":"xpath","value":"//*[text()='Provide to site']"}
RESULT: {"using":"xpath","value":"//*[text()='Provide to site']"}
COMMAND: POST /session/8690b08f518c8418ef29018541b658af/elements - {"using":"xpath","value":"//*[text()='Provide to site']"}
RESULT: {"using":"xpath","value":"//*[text()='Provide to site']"}
COMMAND: POST /session/8690b08f518c8418ef29018541b658af/elements - {"using":"xpath","value":"//*[text()='Provide to site']"}
RESULT: {"using":"xpath","value":"//*[text()='Provide to site']"}
COMMAND: POST /session/8690b08f518c8418ef29018541b658af/elements - {"using":"xpath","value":"//*[text()='Provide to site']"}
RESULT: {"using":"xpath","value":"//*[text()='Provide to site']"}
COMMAND: POST /session/8690b08f518c8418ef29018541b658af/elements - {"using":"xpath","value":"//*[text()='Provide to site']"}
RESULT: {"using":"xpath","value":"//*[text()='Provide to site']"}
COMMAND: POST /session/8690b08f518c8418ef29018541b658af/elements - {"using":"xpath","value":"//*[text()='Provide to site']"}
RESULT: {"using":"xpath","value":"//*[text()='Provide to site']"}
COMMAND: POST /session/8690b08f518c8418ef29018541b658af/elements - {"using":"xpath","value":"//*[text()='Provide to site']"}
RESULT: {"using":"xpath","value":"//*[text()='Provide to site']"}
COMMAND: POST /session/8690b08f518c8418ef29018541b658af/elements - {"using":"xpath","value":"//*[text()='Provide to site']"}
RESULT: {"using":"xpath","value":"//*[text()='Provide to site']"}
COMMAND: POST /session/8690b08f518c8418ef29018541b658af/elements - {"using":"xpath","value":"//*[text()='Provide to site']"}
RESULT: {"using":"xpath","value":"//*[text()='Provide to site']"}
COMMAND: POST /session/8690b08f518c8418ef29018541b658af/elements - {"using":"xpath","value":"//*[text()='Provide to site']"}
RESULT: {"using":"xpath","value":"//*[text()='Provide to site']"}
COMMAND: POST /session/8690b08f518c8418ef29018541b658af/elements - {"using":"xpath","value":"//*[text()='Provide to site']"}
RESULT: {"using":"xpath","value":"//*[text()='Provide to site']"}
COMMAND: POST /session/8690b08f518c8418ef29018541b658af/elements - {"using":"xpath","value":"//*[text()='Provide to site']"}
RESULT: {"using":"xpath","value":"//*[text()='Provide to site']"}
COMMAND: POST /session/8690b08f518c8418ef29018541b658af/elements - {"using":"xpath","value":"//*[text()='Provide to site']"}
RESULT: {"using":"xpath","value":"//*[text()='Provide to site']"}
COMMAND: POST /session/8690b08f518c8418ef29018541b658af/elements - {"using":"xpath","value":"//*[text()='Provide to site']"}
RESULT: {"using":"xpath","value":"//*[text()='Provide to site']"}
COMMAND: POST /session/8690b08f518c8418ef29018541b658af/elements - {"using":"xpath","value":"//*[text()='Provide to site']"}
RESULT: {"using":"xpath","value":"//*[text()='Provide to site']"}
COMMAND: POST /session/8690b08f518c8418ef29018541b658af/elements - {"using":"xpath","value":"//*[text()='Provide to site']"}
RESULT: {"using":"xpath","value":"//*[text()='Provide to site']"}
COMMAND: POST /session/8690b08f518c8418ef29018541b658af/elements - {"using":"xpath","value":"//*[text()='Provide to site']"}
RESULT: {"using":"xpath","value":"//*[text()='Provide to site']"}
COMMAND: POST /session/8690b08f518c8418ef29018541b658af/elements - {"using":"xpath","value":"//*[text()='Provide to site']"}
COMMAND: POST /session/8690b08f518c8418ef29018541b658af/elements - {"using":"xpath","value":"//*[text()='provide (received)']"}
RESULT: {"using":"xpath","value":"//*[text()='Provide to site']"}
RESULT: {"using":"xpath","value":"//*[text()='provide (received)']"}
]]></system-out>
    </testcase>
    <testcase classname="chrome.135_0_7049_115.windows.Provide_to_Site_w/o_warehouse_management_wo_clarification" name="Should Test for Handover Execution" time="255.386">
      <system-out><![CDATA[
COMMAND: POST /session/8690b08f518c8418ef29018541b658af/element - {"using":"xpath","value":"//*[text()='false']"}
RESULT: {"using":"xpath","value":"//*[text()='false']"}
COMMAND: GET /session/8690b08f518c8418ef29018541b658af/element/f.032590EE386F29951754CC6C5B23B0CB.d.4F7211B38649641B3789A7AF39EC40A0.e.10316/enabled - {}
RESULT: {}
COMMAND: POST /session/8690b08f518c8418ef29018541b658af/execute/sync - {"script":"<script> [8489 bytes]","args":[{"element-6066-11e4-a52e-4f735466cecf":"f.032590EE386F29951754CC6C5B23B0CB.d.4F7211B38649641B3789A7AF39EC40A0.e.10316","ELEMENT":"f.032590EE386F29951754CC6C5B23B0CB.d.4F7211B38649641B3789A7AF39EC40A0.e.10316"}]}
COMMAND: GET /session/8690b08f518c8418ef29018541b658af/screenshot - {}
RESULT: {"script":"<script> [8489 bytes]","args":[{"element-6066-11e4-a52e-4f735466cecf":"f.032590EE386F29951754CC6C5B23B0CB.d.4F7211B38649641B3789A7AF39EC40A0.e.10316","ELEMENT":"f.032590EE386F29951754CC6C5B23B0CB.d.4F7211B38649641B3789A7AF39EC40A0.e.10316"}]}
COMMAND: POST /session/8690b08f518c8418ef29018541b658af/execute/sync - {"script":"<script> [5351 bytes]","args":[{"element-6066-11e4-a52e-4f735466cecf":"f.032590EE386F29951754CC6C5B23B0CB.d.4F7211B38649641B3789A7AF39EC40A0.e.10316","ELEMENT":"f.032590EE386F29951754CC6C5B23B0CB.d.4F7211B38649641B3789A7AF39EC40A0.e.10316"}]}
COMMAND: GET /session/8690b08f518c8418ef29018541b658af/screenshot - {}
RESULT: {}
RESULT: {"script":"<script> [5351 bytes]","args":[{"element-6066-11e4-a52e-4f735466cecf":"f.032590EE386F29951754CC6C5B23B0CB.d.4F7211B38649641B3789A7AF39EC40A0.e.10316","ELEMENT":"f.032590EE386F29951754CC6C5B23B0CB.d.4F7211B38649641B3789A7AF39EC40A0.e.10316"}]}
COMMAND: POST /session/8690b08f518c8418ef29018541b658af/element/f.032590EE386F29951754CC6C5B23B0CB.d.4F7211B38649641B3789A7AF39EC40A0.e.10316/click - {}
COMMAND: GET /session/8690b08f518c8418ef29018541b658af/screenshot - {}
RESULT: {}
RESULT: {}
COMMAND: POST /session/8690b08f518c8418ef29018541b658af/element - {"using":"xpath","value":"//span[text()='Provide to site - Completed']"}
COMMAND: GET /session/8690b08f518c8418ef29018541b658af/screenshot - {}
RESULT: {}
RESULT: {"using":"xpath","value":"//span[text()='Provide to site - Completed']"}
COMMAND: POST /session/8690b08f518c8418ef29018541b658af/elements - {"using":"xpath","value":"//span[text()='Provide to site - Completed']"}
RESULT: {}
RESULT: {"using":"xpath","value":"//span[text()='Provide to site - Completed']"}
COMMAND: POST /session/8690b08f518c8418ef29018541b658af/elements - {"using":"xpath","value":"//span[text()='Provide to site - Completed']"}
RESULT: {"using":"xpath","value":"//span[text()='Provide to site - Completed']"}
COMMAND: POST /session/8690b08f518c8418ef29018541b658af/elements - {"using":"xpath","value":"//span[text()='Provide to site - Completed']"}
RESULT: {"using":"xpath","value":"//span[text()='Provide to site - Completed']"}
COMMAND: POST /session/8690b08f518c8418ef29018541b658af/element - {"using":"xpath","value":"//span[text()='Provide to site - Completed']"}
RESULT: {"using":"xpath","value":"//span[text()='Provide to site - Completed']"}
COMMAND: GET /session/8690b08f518c8418ef29018541b658af/element/f.032590EE386F29951754CC6C5B23B0CB.d.4F7211B38649641B3789A7AF39EC40A0.e.10347/enabled - {}
RESULT: {}
COMMAND: POST /session/8690b08f518c8418ef29018541b658af/execute/sync - {"script":"<script> [8489 bytes]","args":[{"element-6066-11e4-a52e-4f735466cecf":"f.032590EE386F29951754CC6C5B23B0CB.d.4F7211B38649641B3789A7AF39EC40A0.e.10347","ELEMENT":"f.032590EE386F29951754CC6C5B23B0CB.d.4F7211B38649641B3789A7AF39EC40A0.e.10347"}]}
COMMAND: GET /session/8690b08f518c8418ef29018541b658af/screenshot - {}
RESULT: {"script":"<script> [8489 bytes]","args":[{"element-6066-11e4-a52e-4f735466cecf":"f.032590EE386F29951754CC6C5B23B0CB.d.4F7211B38649641B3789A7AF39EC40A0.e.10347","ELEMENT":"f.032590EE386F29951754CC6C5B23B0CB.d.4F7211B38649641B3789A7AF39EC40A0.e.10347"}]}
COMMAND: GET /session/8690b08f518c8418ef29018541b658af/screenshot - {}
RESULT: {}
COMMAND: POST /session/8690b08f518c8418ef29018541b658af/execute/sync - {"script":"<script> [8489 bytes]","args":[{"element-6066-11e4-a52e-4f735466cecf":"f.032590EE386F29951754CC6C5B23B0CB.d.4F7211B38649641B3789A7AF39EC40A0.e.10347","ELEMENT":"f.032590EE386F29951754CC6C5B23B0CB.d.4F7211B38649641B3789A7AF39EC40A0.e.10347"}]}
RESULT: {}
RESULT: {"script":"<script> [8489 bytes]","args":[{"element-6066-11e4-a52e-4f735466cecf":"f.032590EE386F29951754CC6C5B23B0CB.d.4F7211B38649641B3789A7AF39EC40A0.e.10347","ELEMENT":"f.032590EE386F29951754CC6C5B23B0CB.d.4F7211B38649641B3789A7AF39EC40A0.e.10347"}]}
COMMAND: GET /session/8690b08f518c8418ef29018541b658af/screenshot - {}
RESULT: {}
COMMAND: POST /session/8690b08f518c8418ef29018541b658af/execute/sync - {"script":"<script> [8489 bytes]","args":[{"element-6066-11e4-a52e-4f735466cecf":"f.032590EE386F29951754CC6C5B23B0CB.d.4F7211B38649641B3789A7AF39EC40A0.e.10347","ELEMENT":"f.032590EE386F29951754CC6C5B23B0CB.d.4F7211B38649641B3789A7AF39EC40A0.e.10347"}]}
RESULT: {"script":"<script> [8489 bytes]","args":[{"element-6066-11e4-a52e-4f735466cecf":"f.032590EE386F29951754CC6C5B23B0CB.d.4F7211B38649641B3789A7AF39EC40A0.e.10347","ELEMENT":"f.032590EE386F29951754CC6C5B23B0CB.d.4F7211B38649641B3789A7AF39EC40A0.e.10347"}]}
COMMAND: GET /session/8690b08f518c8418ef29018541b658af/screenshot - {}
RESULT: {}
COMMAND: POST /session/8690b08f518c8418ef29018541b658af/execute/sync - {"script":"<script> [8489 bytes]","args":[{"element-6066-11e4-a52e-4f735466cecf":"f.032590EE386F29951754CC6C5B23B0CB.d.4F7211B38649641B3789A7AF39EC40A0.e.10347","ELEMENT":"f.032590EE386F29951754CC6C5B23B0CB.d.4F7211B38649641B3789A7AF39EC40A0.e.10347"}]}
RESULT: {"script":"<script> [8489 bytes]","args":[{"element-6066-11e4-a52e-4f735466cecf":"f.032590EE386F29951754CC6C5B23B0CB.d.4F7211B38649641B3789A7AF39EC40A0.e.10347","ELEMENT":"f.032590EE386F29951754CC6C5B23B0CB.d.4F7211B38649641B3789A7AF39EC40A0.e.10347"}]}
COMMAND: GET /session/8690b08f518c8418ef29018541b658af/screenshot - {}
RESULT: {}
COMMAND: POST /session/8690b08f518c8418ef29018541b658af/execute/sync - {"script":"<script> [8489 bytes]","args":[{"element-6066-11e4-a52e-4f735466cecf":"f.032590EE386F29951754CC6C5B23B0CB.d.4F7211B38649641B3789A7AF39EC40A0.e.10347","ELEMENT":"f.032590EE386F29951754CC6C5B23B0CB.d.4F7211B38649641B3789A7AF39EC40A0.e.10347"}]}
RESULT: {"script":"<script> [8489 bytes]","args":[{"element-6066-11e4-a52e-4f735466cecf":"f.032590EE386F29951754CC6C5B23B0CB.d.4F7211B38649641B3789A7AF39EC40A0.e.10347","ELEMENT":"f.032590EE386F29951754CC6C5B23B0CB.d.4F7211B38649641B3789A7AF39EC40A0.e.10347"}]}
COMMAND: GET /session/8690b08f518c8418ef29018541b658af/screenshot - {}
RESULT: {}
COMMAND: POST /session/8690b08f518c8418ef29018541b658af/execute/sync - {"script":"<script> [8489 bytes]","args":[{"element-6066-11e4-a52e-4f735466cecf":"f.032590EE386F29951754CC6C5B23B0CB.d.4F7211B38649641B3789A7AF39EC40A0.e.10347","ELEMENT":"f.032590EE386F29951754CC6C5B23B0CB.d.4F7211B38649641B3789A7AF39EC40A0.e.10347"}]}
RESULT: {"script":"<script> [8489 bytes]","args":[{"element-6066-11e4-a52e-4f735466cecf":"f.032590EE386F29951754CC6C5B23B0CB.d.4F7211B38649641B3789A7AF39EC40A0.e.10347","ELEMENT":"f.032590EE386F29951754CC6C5B23B0CB.d.4F7211B38649641B3789A7AF39EC40A0.e.10347"}]}
COMMAND: GET /session/8690b08f518c8418ef29018541b658af/screenshot - {}
RESULT: {}
COMMAND: POST /session/8690b08f518c8418ef29018541b658af/execute/sync - {"script":"<script> [8489 bytes]","args":[{"element-6066-11e4-a52e-4f735466cecf":"f.032590EE386F29951754CC6C5B23B0CB.d.4F7211B38649641B3789A7AF39EC40A0.e.10347","ELEMENT":"f.032590EE386F29951754CC6C5B23B0CB.d.4F7211B38649641B3789A7AF39EC40A0.e.10347"}]}
RESULT: {"script":"<script> [8489 bytes]","args":[{"element-6066-11e4-a52e-4f735466cecf":"f.032590EE386F29951754CC6C5B23B0CB.d.4F7211B38649641B3789A7AF39EC40A0.e.10347","ELEMENT":"f.032590EE386F29951754CC6C5B23B0CB.d.4F7211B38649641B3789A7AF39EC40A0.e.10347"}]}
COMMAND: GET /session/8690b08f518c8418ef29018541b658af/screenshot - {}
RESULT: {}
COMMAND: POST /session/8690b08f518c8418ef29018541b658af/execute/sync - {"script":"<script> [8489 bytes]","args":[{"element-6066-11e4-a52e-4f735466cecf":"f.032590EE386F29951754CC6C5B23B0CB.d.4F7211B38649641B3789A7AF39EC40A0.e.10347","ELEMENT":"f.032590EE386F29951754CC6C5B23B0CB.d.4F7211B38649641B3789A7AF39EC40A0.e.10347"}]}
RESULT: {"script":"<script> [8489 bytes]","args":[{"element-6066-11e4-a52e-4f735466cecf":"f.032590EE386F29951754CC6C5B23B0CB.d.4F7211B38649641B3789A7AF39EC40A0.e.10347","ELEMENT":"f.032590EE386F29951754CC6C5B23B0CB.d.4F7211B38649641B3789A7AF39EC40A0.e.10347"}]}
COMMAND: GET /session/8690b08f518c8418ef29018541b658af/screenshot - {}
RESULT: {}
COMMAND: POST /session/8690b08f518c8418ef29018541b658af/execute/sync - {"script":"<script> [8489 bytes]","args":[{"element-6066-11e4-a52e-4f735466cecf":"f.032590EE386F29951754CC6C5B23B0CB.d.4F7211B38649641B3789A7AF39EC40A0.e.10347","ELEMENT":"f.032590EE386F29951754CC6C5B23B0CB.d.4F7211B38649641B3789A7AF39EC40A0.e.10347"}]}
RESULT: {"script":"<script> [8489 bytes]","args":[{"element-6066-11e4-a52e-4f735466cecf":"f.032590EE386F29951754CC6C5B23B0CB.d.4F7211B38649641B3789A7AF39EC40A0.e.10347","ELEMENT":"f.032590EE386F29951754CC6C5B23B0CB.d.4F7211B38649641B3789A7AF39EC40A0.e.10347"}]}
COMMAND: GET /session/8690b08f518c8418ef29018541b658af/screenshot - {}
RESULT: {}
COMMAND: POST /session/8690b08f518c8418ef29018541b658af/execute/sync - {"script":"<script> [8489 bytes]","args":[{"element-6066-11e4-a52e-4f735466cecf":"f.032590EE386F29951754CC6C5B23B0CB.d.4F7211B38649641B3789A7AF39EC40A0.e.10347","ELEMENT":"f.032590EE386F29951754CC6C5B23B0CB.d.4F7211B38649641B3789A7AF39EC40A0.e.10347"}]}
RESULT: {"script":"<script> [8489 bytes]","args":[{"element-6066-11e4-a52e-4f735466cecf":"f.032590EE386F29951754CC6C5B23B0CB.d.4F7211B38649641B3789A7AF39EC40A0.e.10347","ELEMENT":"f.032590EE386F29951754CC6C5B23B0CB.d.4F7211B38649641B3789A7AF39EC40A0.e.10347"}]}
COMMAND: GET /session/8690b08f518c8418ef29018541b658af/screenshot - {}
RESULT: {}
COMMAND: POST /session/8690b08f518c8418ef29018541b658af/execute/sync - {"script":"<script> [8489 bytes]","args":[{"element-6066-11e4-a52e-4f735466cecf":"f.032590EE386F29951754CC6C5B23B0CB.d.4F7211B38649641B3789A7AF39EC40A0.e.10347","ELEMENT":"f.032590EE386F29951754CC6C5B23B0CB.d.4F7211B38649641B3789A7AF39EC40A0.e.10347"}]}
RESULT: {"script":"<script> [8489 bytes]","args":[{"element-6066-11e4-a52e-4f735466cecf":"f.032590EE386F29951754CC6C5B23B0CB.d.4F7211B38649641B3789A7AF39EC40A0.e.10347","ELEMENT":"f.032590EE386F29951754CC6C5B23B0CB.d.4F7211B38649641B3789A7AF39EC40A0.e.10347"}]}
COMMAND: GET /session/8690b08f518c8418ef29018541b658af/screenshot - {}
RESULT: {}
COMMAND: POST /session/8690b08f518c8418ef29018541b658af/execute/sync - {"script":"<script> [8489 bytes]","args":[{"element-6066-11e4-a52e-4f735466cecf":"f.032590EE386F29951754CC6C5B23B0CB.d.4F7211B38649641B3789A7AF39EC40A0.e.10347","ELEMENT":"f.032590EE386F29951754CC6C5B23B0CB.d.4F7211B38649641B3789A7AF39EC40A0.e.10347"}]}
RESULT: {"script":"<script> [8489 bytes]","args":[{"element-6066-11e4-a52e-4f735466cecf":"f.032590EE386F29951754CC6C5B23B0CB.d.4F7211B38649641B3789A7AF39EC40A0.e.10347","ELEMENT":"f.032590EE386F29951754CC6C5B23B0CB.d.4F7211B38649641B3789A7AF39EC40A0.e.10347"}]}
COMMAND: GET /session/8690b08f518c8418ef29018541b658af/screenshot - {}
RESULT: {}
COMMAND: POST /session/8690b08f518c8418ef29018541b658af/execute/sync - {"script":"<script> [8489 bytes]","args":[{"element-6066-11e4-a52e-4f735466cecf":"f.032590EE386F29951754CC6C5B23B0CB.d.4F7211B38649641B3789A7AF39EC40A0.e.10347","ELEMENT":"f.032590EE386F29951754CC6C5B23B0CB.d.4F7211B38649641B3789A7AF39EC40A0.e.10347"}]}
RESULT: {"script":"<script> [8489 bytes]","args":[{"element-6066-11e4-a52e-4f735466cecf":"f.032590EE386F29951754CC6C5B23B0CB.d.4F7211B38649641B3789A7AF39EC40A0.e.10347","ELEMENT":"f.032590EE386F29951754CC6C5B23B0CB.d.4F7211B38649641B3789A7AF39EC40A0.e.10347"}]}
COMMAND: GET /session/8690b08f518c8418ef29018541b658af/screenshot - {}
RESULT: {}
COMMAND: POST /session/8690b08f518c8418ef29018541b658af/execute/sync - {"script":"<script> [8489 bytes]","args":[{"element-6066-11e4-a52e-4f735466cecf":"f.032590EE386F29951754CC6C5B23B0CB.d.4F7211B38649641B3789A7AF39EC40A0.e.10347","ELEMENT":"f.032590EE386F29951754CC6C5B23B0CB.d.4F7211B38649641B3789A7AF39EC40A0.e.10347"}]}
RESULT: {"script":"<script> [8489 bytes]","args":[{"element-6066-11e4-a52e-4f735466cecf":"f.032590EE386F29951754CC6C5B23B0CB.d.4F7211B38649641B3789A7AF39EC40A0.e.10347","ELEMENT":"f.032590EE386F29951754CC6C5B23B0CB.d.4F7211B38649641B3789A7AF39EC40A0.e.10347"}]}
COMMAND: GET /session/8690b08f518c8418ef29018541b658af/screenshot - {}
RESULT: {}
COMMAND: POST /session/8690b08f518c8418ef29018541b658af/execute/sync - {"script":"<script> [8489 bytes]","args":[{"element-6066-11e4-a52e-4f735466cecf":"f.032590EE386F29951754CC6C5B23B0CB.d.4F7211B38649641B3789A7AF39EC40A0.e.10347","ELEMENT":"f.032590EE386F29951754CC6C5B23B0CB.d.4F7211B38649641B3789A7AF39EC40A0.e.10347"}]}
RESULT: {"script":"<script> [8489 bytes]","args":[{"element-6066-11e4-a52e-4f735466cecf":"f.032590EE386F29951754CC6C5B23B0CB.d.4F7211B38649641B3789A7AF39EC40A0.e.10347","ELEMENT":"f.032590EE386F29951754CC6C5B23B0CB.d.4F7211B38649641B3789A7AF39EC40A0.e.10347"}]}
COMMAND: GET /session/8690b08f518c8418ef29018541b658af/screenshot - {}
RESULT: {}
COMMAND: POST /session/8690b08f518c8418ef29018541b658af/execute/sync - {"script":"<script> [8489 bytes]","args":[{"element-6066-11e4-a52e-4f735466cecf":"f.032590EE386F29951754CC6C5B23B0CB.d.4F7211B38649641B3789A7AF39EC40A0.e.10347","ELEMENT":"f.032590EE386F29951754CC6C5B23B0CB.d.4F7211B38649641B3789A7AF39EC40A0.e.10347"}]}
RESULT: {"script":"<script> [8489 bytes]","args":[{"element-6066-11e4-a52e-4f735466cecf":"f.032590EE386F29951754CC6C5B23B0CB.d.4F7211B38649641B3789A7AF39EC40A0.e.10347","ELEMENT":"f.032590EE386F29951754CC6C5B23B0CB.d.4F7211B38649641B3789A7AF39EC40A0.e.10347"}]}
COMMAND: GET /session/8690b08f518c8418ef29018541b658af/screenshot - {}
RESULT: {}
COMMAND: POST /session/8690b08f518c8418ef29018541b658af/execute/sync - {"script":"<script> [8489 bytes]","args":[{"element-6066-11e4-a52e-4f735466cecf":"f.032590EE386F29951754CC6C5B23B0CB.d.4F7211B38649641B3789A7AF39EC40A0.e.10347","ELEMENT":"f.032590EE386F29951754CC6C5B23B0CB.d.4F7211B38649641B3789A7AF39EC40A0.e.10347"}]}
RESULT: {"script":"<script> [8489 bytes]","args":[{"element-6066-11e4-a52e-4f735466cecf":"f.032590EE386F29951754CC6C5B23B0CB.d.4F7211B38649641B3789A7AF39EC40A0.e.10347","ELEMENT":"f.032590EE386F29951754CC6C5B23B0CB.d.4F7211B38649641B3789A7AF39EC40A0.e.10347"}]}
COMMAND: GET /session/8690b08f518c8418ef29018541b658af/screenshot - {}
RESULT: {}
COMMAND: POST /session/8690b08f518c8418ef29018541b658af/execute/sync - {"script":"<script> [8489 bytes]","args":[{"element-6066-11e4-a52e-4f735466cecf":"f.032590EE386F29951754CC6C5B23B0CB.d.4F7211B38649641B3789A7AF39EC40A0.e.10347","ELEMENT":"f.032590EE386F29951754CC6C5B23B0CB.d.4F7211B38649641B3789A7AF39EC40A0.e.10347"}]}
RESULT: {"script":"<script> [8489 bytes]","args":[{"element-6066-11e4-a52e-4f735466cecf":"f.032590EE386F29951754CC6C5B23B0CB.d.4F7211B38649641B3789A7AF39EC40A0.e.10347","ELEMENT":"f.032590EE386F29951754CC6C5B23B0CB.d.4F7211B38649641B3789A7AF39EC40A0.e.10347"}]}
COMMAND: GET /session/8690b08f518c8418ef29018541b658af/screenshot - {}
RESULT: {}
COMMAND: POST /session/8690b08f518c8418ef29018541b658af/execute/sync - {"script":"<script> [8489 bytes]","args":[{"element-6066-11e4-a52e-4f735466cecf":"f.032590EE386F29951754CC6C5B23B0CB.d.4F7211B38649641B3789A7AF39EC40A0.e.10347","ELEMENT":"f.032590EE386F29951754CC6C5B23B0CB.d.4F7211B38649641B3789A7AF39EC40A0.e.10347"}]}
RESULT: {"script":"<script> [8489 bytes]","args":[{"element-6066-11e4-a52e-4f735466cecf":"f.032590EE386F29951754CC6C5B23B0CB.d.4F7211B38649641B3789A7AF39EC40A0.e.10347","ELEMENT":"f.032590EE386F29951754CC6C5B23B0CB.d.4F7211B38649641B3789A7AF39EC40A0.e.10347"}]}
COMMAND: GET /session/8690b08f518c8418ef29018541b658af/screenshot - {}
RESULT: {}
COMMAND: POST /session/8690b08f518c8418ef29018541b658af/execute/sync - {"script":"<script> [8489 bytes]","args":[{"element-6066-11e4-a52e-4f735466cecf":"f.032590EE386F29951754CC6C5B23B0CB.d.4F7211B38649641B3789A7AF39EC40A0.e.10347","ELEMENT":"f.032590EE386F29951754CC6C5B23B0CB.d.4F7211B38649641B3789A7AF39EC40A0.e.10347"}]}
RESULT: {"script":"<script> [8489 bytes]","args":[{"element-6066-11e4-a52e-4f735466cecf":"f.032590EE386F29951754CC6C5B23B0CB.d.4F7211B38649641B3789A7AF39EC40A0.e.10347","ELEMENT":"f.032590EE386F29951754CC6C5B23B0CB.d.4F7211B38649641B3789A7AF39EC40A0.e.10347"}]}
COMMAND: GET /session/8690b08f518c8418ef29018541b658af/screenshot - {}
RESULT: {}
COMMAND: POST /session/8690b08f518c8418ef29018541b658af/execute/sync - {"script":"<script> [8489 bytes]","args":[{"element-6066-11e4-a52e-4f735466cecf":"f.032590EE386F29951754CC6C5B23B0CB.d.4F7211B38649641B3789A7AF39EC40A0.e.10347","ELEMENT":"f.032590EE386F29951754CC6C5B23B0CB.d.4F7211B38649641B3789A7AF39EC40A0.e.10347"}]}
RESULT: {"script":"<script> [8489 bytes]","args":[{"element-6066-11e4-a52e-4f735466cecf":"f.032590EE386F29951754CC6C5B23B0CB.d.4F7211B38649641B3789A7AF39EC40A0.e.10347","ELEMENT":"f.032590EE386F29951754CC6C5B23B0CB.d.4F7211B38649641B3789A7AF39EC40A0.e.10347"}]}
COMMAND: GET /session/8690b08f518c8418ef29018541b658af/screenshot - {}
RESULT: {}
COMMAND: POST /session/8690b08f518c8418ef29018541b658af/execute/sync - {"script":"<script> [8489 bytes]","args":[{"element-6066-11e4-a52e-4f735466cecf":"f.032590EE386F29951754CC6C5B23B0CB.d.4F7211B38649641B3789A7AF39EC40A0.e.10347","ELEMENT":"f.032590EE386F29951754CC6C5B23B0CB.d.4F7211B38649641B3789A7AF39EC40A0.e.10347"}]}
RESULT: {"script":"<script> [8489 bytes]","args":[{"element-6066-11e4-a52e-4f735466cecf":"f.032590EE386F29951754CC6C5B23B0CB.d.4F7211B38649641B3789A7AF39EC40A0.e.10347","ELEMENT":"f.032590EE386F29951754CC6C5B23B0CB.d.4F7211B38649641B3789A7AF39EC40A0.e.10347"}]}
COMMAND: GET /session/8690b08f518c8418ef29018541b658af/screenshot - {}
RESULT: {}
COMMAND: POST /session/8690b08f518c8418ef29018541b658af/execute/sync - {"script":"<script> [8489 bytes]","args":[{"element-6066-11e4-a52e-4f735466cecf":"f.032590EE386F29951754CC6C5B23B0CB.d.4F7211B38649641B3789A7AF39EC40A0.e.10347","ELEMENT":"f.032590EE386F29951754CC6C5B23B0CB.d.4F7211B38649641B3789A7AF39EC40A0.e.10347"}]}
RESULT: {"script":"<script> [8489 bytes]","args":[{"element-6066-11e4-a52e-4f735466cecf":"f.032590EE386F29951754CC6C5B23B0CB.d.4F7211B38649641B3789A7AF39EC40A0.e.10347","ELEMENT":"f.032590EE386F29951754CC6C5B23B0CB.d.4F7211B38649641B3789A7AF39EC40A0.e.10347"}]}
COMMAND: GET /session/8690b08f518c8418ef29018541b658af/screenshot - {}
RESULT: {}
COMMAND: POST /session/8690b08f518c8418ef29018541b658af/execute/sync - {"script":"<script> [8489 bytes]","args":[{"element-6066-11e4-a52e-4f735466cecf":"f.032590EE386F29951754CC6C5B23B0CB.d.4F7211B38649641B3789A7AF39EC40A0.e.10347","ELEMENT":"f.032590EE386F29951754CC6C5B23B0CB.d.4F7211B38649641B3789A7AF39EC40A0.e.10347"}]}
RESULT: {"script":"<script> [8489 bytes]","args":[{"element-6066-11e4-a52e-4f735466cecf":"f.032590EE386F29951754CC6C5B23B0CB.d.4F7211B38649641B3789A7AF39EC40A0.e.10347","ELEMENT":"f.032590EE386F29951754CC6C5B23B0CB.d.4F7211B38649641B3789A7AF39EC40A0.e.10347"}]}
COMMAND: GET /session/8690b08f518c8418ef29018541b658af/screenshot - {}
RESULT: {}
COMMAND: POST /session/8690b08f518c8418ef29018541b658af/execute/sync - {"script":"<script> [8489 bytes]","args":[{"element-6066-11e4-a52e-4f735466cecf":"f.032590EE386F29951754CC6C5B23B0CB.d.4F7211B38649641B3789A7AF39EC40A0.e.10347","ELEMENT":"f.032590EE386F29951754CC6C5B23B0CB.d.4F7211B38649641B3789A7AF39EC40A0.e.10347"}]}
RESULT: {"script":"<script> [8489 bytes]","args":[{"element-6066-11e4-a52e-4f735466cecf":"f.032590EE386F29951754CC6C5B23B0CB.d.4F7211B38649641B3789A7AF39EC40A0.e.10347","ELEMENT":"f.032590EE386F29951754CC6C5B23B0CB.d.4F7211B38649641B3789A7AF39EC40A0.e.10347"}]}
COMMAND: GET /session/8690b08f518c8418ef29018541b658af/screenshot - {}
RESULT: {}
COMMAND: POST /session/8690b08f518c8418ef29018541b658af/execute/sync - {"script":"<script> [8489 bytes]","args":[{"element-6066-11e4-a52e-4f735466cecf":"f.032590EE386F29951754CC6C5B23B0CB.d.4F7211B38649641B3789A7AF39EC40A0.e.10347","ELEMENT":"f.032590EE386F29951754CC6C5B23B0CB.d.4F7211B38649641B3789A7AF39EC40A0.e.10347"}]}
RESULT: {"script":"<script> [8489 bytes]","args":[{"element-6066-11e4-a52e-4f735466cecf":"f.032590EE386F29951754CC6C5B23B0CB.d.4F7211B38649641B3789A7AF39EC40A0.e.10347","ELEMENT":"f.032590EE386F29951754CC6C5B23B0CB.d.4F7211B38649641B3789A7AF39EC40A0.e.10347"}]}
COMMAND: GET /session/8690b08f518c8418ef29018541b658af/screenshot - {}
RESULT: {}
COMMAND: POST /session/8690b08f518c8418ef29018541b658af/execute/sync - {"script":"<script> [8489 bytes]","args":[{"element-6066-11e4-a52e-4f735466cecf":"f.032590EE386F29951754CC6C5B23B0CB.d.4F7211B38649641B3789A7AF39EC40A0.e.10347","ELEMENT":"f.032590EE386F29951754CC6C5B23B0CB.d.4F7211B38649641B3789A7AF39EC40A0.e.10347"}]}
RESULT: {"script":"<script> [8489 bytes]","args":[{"element-6066-11e4-a52e-4f735466cecf":"f.032590EE386F29951754CC6C5B23B0CB.d.4F7211B38649641B3789A7AF39EC40A0.e.10347","ELEMENT":"f.032590EE386F29951754CC6C5B23B0CB.d.4F7211B38649641B3789A7AF39EC40A0.e.10347"}]}
COMMAND: GET /session/8690b08f518c8418ef29018541b658af/screenshot - {}
RESULT: {}
COMMAND: POST /session/8690b08f518c8418ef29018541b658af/execute/sync - {"script":"<script> [8489 bytes]","args":[{"element-6066-11e4-a52e-4f735466cecf":"f.032590EE386F29951754CC6C5B23B0CB.d.4F7211B38649641B3789A7AF39EC40A0.e.10347","ELEMENT":"f.032590EE386F29951754CC6C5B23B0CB.d.4F7211B38649641B3789A7AF39EC40A0.e.10347"}]}
RESULT: {"script":"<script> [8489 bytes]","args":[{"element-6066-11e4-a52e-4f735466cecf":"f.032590EE386F29951754CC6C5B23B0CB.d.4F7211B38649641B3789A7AF39EC40A0.e.10347","ELEMENT":"f.032590EE386F29951754CC6C5B23B0CB.d.4F7211B38649641B3789A7AF39EC40A0.e.10347"}]}
COMMAND: GET /session/8690b08f518c8418ef29018541b658af/screenshot - {}
RESULT: {}
COMMAND: POST /session/8690b08f518c8418ef29018541b658af/execute/sync - {"script":"<script> [8489 bytes]","args":[{"element-6066-11e4-a52e-4f735466cecf":"f.032590EE386F29951754CC6C5B23B0CB.d.4F7211B38649641B3789A7AF39EC40A0.e.10347","ELEMENT":"f.032590EE386F29951754CC6C5B23B0CB.d.4F7211B38649641B3789A7AF39EC40A0.e.10347"}]}
RESULT: {"script":"<script> [8489 bytes]","args":[{"element-6066-11e4-a52e-4f735466cecf":"f.032590EE386F29951754CC6C5B23B0CB.d.4F7211B38649641B3789A7AF39EC40A0.e.10347","ELEMENT":"f.032590EE386F29951754CC6C5B23B0CB.d.4F7211B38649641B3789A7AF39EC40A0.e.10347"}]}
COMMAND: GET /session/8690b08f518c8418ef29018541b658af/screenshot - {}
RESULT: {}
COMMAND: POST /session/8690b08f518c8418ef29018541b658af/execute/sync - {"script":"<script> [8489 bytes]","args":[{"element-6066-11e4-a52e-4f735466cecf":"f.032590EE386F29951754CC6C5B23B0CB.d.4F7211B38649641B3789A7AF39EC40A0.e.10347","ELEMENT":"f.032590EE386F29951754CC6C5B23B0CB.d.4F7211B38649641B3789A7AF39EC40A0.e.10347"}]}
RESULT: {"script":"<script> [8489 bytes]","args":[{"element-6066-11e4-a52e-4f735466cecf":"f.032590EE386F29951754CC6C5B23B0CB.d.4F7211B38649641B3789A7AF39EC40A0.e.10347","ELEMENT":"f.032590EE386F29951754CC6C5B23B0CB.d.4F7211B38649641B3789A7AF39EC40A0.e.10347"}]}
COMMAND: GET /session/8690b08f518c8418ef29018541b658af/screenshot - {}
RESULT: {}
COMMAND: POST /session/8690b08f518c8418ef29018541b658af/execute/sync - {"script":"<script> [8489 bytes]","args":[{"element-6066-11e4-a52e-4f735466cecf":"f.032590EE386F29951754CC6C5B23B0CB.d.4F7211B38649641B3789A7AF39EC40A0.e.10347","ELEMENT":"f.032590EE386F29951754CC6C5B23B0CB.d.4F7211B38649641B3789A7AF39EC40A0.e.10347"}]}
RESULT: {"script":"<script> [8489 bytes]","args":[{"element-6066-11e4-a52e-4f735466cecf":"f.032590EE386F29951754CC6C5B23B0CB.d.4F7211B38649641B3789A7AF39EC40A0.e.10347","ELEMENT":"f.032590EE386F29951754CC6C5B23B0CB.d.4F7211B38649641B3789A7AF39EC40A0.e.10347"}]}
COMMAND: GET /session/8690b08f518c8418ef29018541b658af/screenshot - {}
RESULT: {}
COMMAND: POST /session/8690b08f518c8418ef29018541b658af/execute/sync - {"script":"<script> [8489 bytes]","args":[{"element-6066-11e4-a52e-4f735466cecf":"f.032590EE386F29951754CC6C5B23B0CB.d.4F7211B38649641B3789A7AF39EC40A0.e.10347","ELEMENT":"f.032590EE386F29951754CC6C5B23B0CB.d.4F7211B38649641B3789A7AF39EC40A0.e.10347"}]}
RESULT: {"script":"<script> [8489 bytes]","args":[{"element-6066-11e4-a52e-4f735466cecf":"f.032590EE386F29951754CC6C5B23B0CB.d.4F7211B38649641B3789A7AF39EC40A0.e.10347","ELEMENT":"f.032590EE386F29951754CC6C5B23B0CB.d.4F7211B38649641B3789A7AF39EC40A0.e.10347"}]}
COMMAND: GET /session/8690b08f518c8418ef29018541b658af/screenshot - {}
COMMAND: POST /session/8690b08f518c8418ef29018541b658af/execute/sync - {"script":"<script> [8489 bytes]","args":[{"element-6066-11e4-a52e-4f735466cecf":"f.032590EE386F29951754CC6C5B23B0CB.d.4F7211B38649641B3789A7AF39EC40A0.e.10347","ELEMENT":"f.032590EE386F29951754CC6C5B23B0CB.d.4F7211B38649641B3789A7AF39EC40A0.e.10347"}]}
RESULT: {}
RESULT: {"script":"<script> [8489 bytes]","args":[{"element-6066-11e4-a52e-4f735466cecf":"f.032590EE386F29951754CC6C5B23B0CB.d.4F7211B38649641B3789A7AF39EC40A0.e.10347","ELEMENT":"f.032590EE386F29951754CC6C5B23B0CB.d.4F7211B38649641B3789A7AF39EC40A0.e.10347"}]}
COMMAND: GET /session/8690b08f518c8418ef29018541b658af/screenshot - {}
RESULT: {}
COMMAND: POST /session/8690b08f518c8418ef29018541b658af/execute/sync - {"script":"<script> [8489 bytes]","args":[{"element-6066-11e4-a52e-4f735466cecf":"f.032590EE386F29951754CC6C5B23B0CB.d.4F7211B38649641B3789A7AF39EC40A0.e.10347","ELEMENT":"f.032590EE386F29951754CC6C5B23B0CB.d.4F7211B38649641B3789A7AF39EC40A0.e.10347"}]}
RESULT: {"script":"<script> [8489 bytes]","args":[{"element-6066-11e4-a52e-4f735466cecf":"f.032590EE386F29951754CC6C5B23B0CB.d.4F7211B38649641B3789A7AF39EC40A0.e.10347","ELEMENT":"f.032590EE386F29951754CC6C5B23B0CB.d.4F7211B38649641B3789A7AF39EC40A0.e.10347"}]}
COMMAND: GET /session/8690b08f518c8418ef29018541b658af/screenshot - {}
RESULT: {}
COMMAND: POST /session/8690b08f518c8418ef29018541b658af/execute/sync - {"script":"<script> [8489 bytes]","args":[{"element-6066-11e4-a52e-4f735466cecf":"f.032590EE386F29951754CC6C5B23B0CB.d.4F7211B38649641B3789A7AF39EC40A0.e.10347","ELEMENT":"f.032590EE386F29951754CC6C5B23B0CB.d.4F7211B38649641B3789A7AF39EC40A0.e.10347"}]}
RESULT: {"script":"<script> [8489 bytes]","args":[{"element-6066-11e4-a52e-4f735466cecf":"f.032590EE386F29951754CC6C5B23B0CB.d.4F7211B38649641B3789A7AF39EC40A0.e.10347","ELEMENT":"f.032590EE386F29951754CC6C5B23B0CB.d.4F7211B38649641B3789A7AF39EC40A0.e.10347"}]}
COMMAND: GET /session/8690b08f518c8418ef29018541b658af/screenshot - {}
RESULT: {}
COMMAND: POST /session/8690b08f518c8418ef29018541b658af/execute/sync - {"script":"<script> [8489 bytes]","args":[{"element-6066-11e4-a52e-4f735466cecf":"f.032590EE386F29951754CC6C5B23B0CB.d.4F7211B38649641B3789A7AF39EC40A0.e.10347","ELEMENT":"f.032590EE386F29951754CC6C5B23B0CB.d.4F7211B38649641B3789A7AF39EC40A0.e.10347"}]}
RESULT: {"script":"<script> [8489 bytes]","args":[{"element-6066-11e4-a52e-4f735466cecf":"f.032590EE386F29951754CC6C5B23B0CB.d.4F7211B38649641B3789A7AF39EC40A0.e.10347","ELEMENT":"f.032590EE386F29951754CC6C5B23B0CB.d.4F7211B38649641B3789A7AF39EC40A0.e.10347"}]}
COMMAND: GET /session/8690b08f518c8418ef29018541b658af/screenshot - {}
RESULT: {}
COMMAND: POST /session/8690b08f518c8418ef29018541b658af/execute/sync - {"script":"<script> [8489 bytes]","args":[{"element-6066-11e4-a52e-4f735466cecf":"f.032590EE386F29951754CC6C5B23B0CB.d.4F7211B38649641B3789A7AF39EC40A0.e.10347","ELEMENT":"f.032590EE386F29951754CC6C5B23B0CB.d.4F7211B38649641B3789A7AF39EC40A0.e.10347"}]}
RESULT: {"script":"<script> [8489 bytes]","args":[{"element-6066-11e4-a52e-4f735466cecf":"f.032590EE386F29951754CC6C5B23B0CB.d.4F7211B38649641B3789A7AF39EC40A0.e.10347","ELEMENT":"f.032590EE386F29951754CC6C5B23B0CB.d.4F7211B38649641B3789A7AF39EC40A0.e.10347"}]}
COMMAND: GET /session/8690b08f518c8418ef29018541b658af/screenshot - {}
RESULT: {}
COMMAND: POST /session/8690b08f518c8418ef29018541b658af/execute/sync - {"script":"<script> [8489 bytes]","args":[{"element-6066-11e4-a52e-4f735466cecf":"f.032590EE386F29951754CC6C5B23B0CB.d.4F7211B38649641B3789A7AF39EC40A0.e.10347","ELEMENT":"f.032590EE386F29951754CC6C5B23B0CB.d.4F7211B38649641B3789A7AF39EC40A0.e.10347"}]}
RESULT: {"script":"<script> [8489 bytes]","args":[{"element-6066-11e4-a52e-4f735466cecf":"f.032590EE386F29951754CC6C5B23B0CB.d.4F7211B38649641B3789A7AF39EC40A0.e.10347","ELEMENT":"f.032590EE386F29951754CC6C5B23B0CB.d.4F7211B38649641B3789A7AF39EC40A0.e.10347"}]}
COMMAND: GET /session/8690b08f518c8418ef29018541b658af/screenshot - {}
RESULT: {}
COMMAND: POST /session/8690b08f518c8418ef29018541b658af/execute/sync - {"script":"<script> [8489 bytes]","args":[{"element-6066-11e4-a52e-4f735466cecf":"f.032590EE386F29951754CC6C5B23B0CB.d.4F7211B38649641B3789A7AF39EC40A0.e.10347","ELEMENT":"f.032590EE386F29951754CC6C5B23B0CB.d.4F7211B38649641B3789A7AF39EC40A0.e.10347"}]}
RESULT: {"script":"<script> [8489 bytes]","args":[{"element-6066-11e4-a52e-4f735466cecf":"f.032590EE386F29951754CC6C5B23B0CB.d.4F7211B38649641B3789A7AF39EC40A0.e.10347","ELEMENT":"f.032590EE386F29951754CC6C5B23B0CB.d.4F7211B38649641B3789A7AF39EC40A0.e.10347"}]}
COMMAND: GET /session/8690b08f518c8418ef29018541b658af/screenshot - {}
RESULT: {}
COMMAND: POST /session/8690b08f518c8418ef29018541b658af/execute/sync - {"script":"<script> [8489 bytes]","args":[{"element-6066-11e4-a52e-4f735466cecf":"f.032590EE386F29951754CC6C5B23B0CB.d.4F7211B38649641B3789A7AF39EC40A0.e.10347","ELEMENT":"f.032590EE386F29951754CC6C5B23B0CB.d.4F7211B38649641B3789A7AF39EC40A0.e.10347"}]}
RESULT: {"script":"<script> [8489 bytes]","args":[{"element-6066-11e4-a52e-4f735466cecf":"f.032590EE386F29951754CC6C5B23B0CB.d.4F7211B38649641B3789A7AF39EC40A0.e.10347","ELEMENT":"f.032590EE386F29951754CC6C5B23B0CB.d.4F7211B38649641B3789A7AF39EC40A0.e.10347"}]}
COMMAND: GET /session/8690b08f518c8418ef29018541b658af/screenshot - {}
RESULT: {}
COMMAND: POST /session/8690b08f518c8418ef29018541b658af/execute/sync - {"script":"<script> [8489 bytes]","args":[{"element-6066-11e4-a52e-4f735466cecf":"f.032590EE386F29951754CC6C5B23B0CB.d.4F7211B38649641B3789A7AF39EC40A0.e.10347","ELEMENT":"f.032590EE386F29951754CC6C5B23B0CB.d.4F7211B38649641B3789A7AF39EC40A0.e.10347"}]}
RESULT: {"script":"<script> [8489 bytes]","args":[{"element-6066-11e4-a52e-4f735466cecf":"f.032590EE386F29951754CC6C5B23B0CB.d.4F7211B38649641B3789A7AF39EC40A0.e.10347","ELEMENT":"f.032590EE386F29951754CC6C5B23B0CB.d.4F7211B38649641B3789A7AF39EC40A0.e.10347"}]}
COMMAND: GET /session/8690b08f518c8418ef29018541b658af/screenshot - {}
RESULT: {}
COMMAND: POST /session/8690b08f518c8418ef29018541b658af/execute/sync - {"script":"<script> [8489 bytes]","args":[{"element-6066-11e4-a52e-4f735466cecf":"f.032590EE386F29951754CC6C5B23B0CB.d.4F7211B38649641B3789A7AF39EC40A0.e.10347","ELEMENT":"f.032590EE386F29951754CC6C5B23B0CB.d.4F7211B38649641B3789A7AF39EC40A0.e.10347"}]}
RESULT: {"script":"<script> [8489 bytes]","args":[{"element-6066-11e4-a52e-4f735466cecf":"f.032590EE386F29951754CC6C5B23B0CB.d.4F7211B38649641B3789A7AF39EC40A0.e.10347","ELEMENT":"f.032590EE386F29951754CC6C5B23B0CB.d.4F7211B38649641B3789A7AF39EC40A0.e.10347"}]}
COMMAND: GET /session/8690b08f518c8418ef29018541b658af/screenshot - {}
RESULT: {}
COMMAND: POST /session/8690b08f518c8418ef29018541b658af/execute/sync - {"script":"<script> [8489 bytes]","args":[{"element-6066-11e4-a52e-4f735466cecf":"f.032590EE386F29951754CC6C5B23B0CB.d.4F7211B38649641B3789A7AF39EC40A0.e.10347","ELEMENT":"f.032590EE386F29951754CC6C5B23B0CB.d.4F7211B38649641B3789A7AF39EC40A0.e.10347"}]}
RESULT: {"script":"<script> [8489 bytes]","args":[{"element-6066-11e4-a52e-4f735466cecf":"f.032590EE386F29951754CC6C5B23B0CB.d.4F7211B38649641B3789A7AF39EC40A0.e.10347","ELEMENT":"f.032590EE386F29951754CC6C5B23B0CB.d.4F7211B38649641B3789A7AF39EC40A0.e.10347"}]}
COMMAND: GET /session/8690b08f518c8418ef29018541b658af/screenshot - {}
RESULT: {}
COMMAND: POST /session/8690b08f518c8418ef29018541b658af/execute/sync - {"script":"<script> [8489 bytes]","args":[{"element-6066-11e4-a52e-4f735466cecf":"f.032590EE386F29951754CC6C5B23B0CB.d.4F7211B38649641B3789A7AF39EC40A0.e.10347","ELEMENT":"f.032590EE386F29951754CC6C5B23B0CB.d.4F7211B38649641B3789A7AF39EC40A0.e.10347"}]}
RESULT: {"script":"<script> [8489 bytes]","args":[{"element-6066-11e4-a52e-4f735466cecf":"f.032590EE386F29951754CC6C5B23B0CB.d.4F7211B38649641B3789A7AF39EC40A0.e.10347","ELEMENT":"f.032590EE386F29951754CC6C5B23B0CB.d.4F7211B38649641B3789A7AF39EC40A0.e.10347"}]}
COMMAND: GET /session/8690b08f518c8418ef29018541b658af/screenshot - {}
RESULT: {}
COMMAND: POST /session/8690b08f518c8418ef29018541b658af/execute/sync - {"script":"<script> [8489 bytes]","args":[{"element-6066-11e4-a52e-4f735466cecf":"f.032590EE386F29951754CC6C5B23B0CB.d.4F7211B38649641B3789A7AF39EC40A0.e.10347","ELEMENT":"f.032590EE386F29951754CC6C5B23B0CB.d.4F7211B38649641B3789A7AF39EC40A0.e.10347"}]}
RESULT: {"script":"<script> [8489 bytes]","args":[{"element-6066-11e4-a52e-4f735466cecf":"f.032590EE386F29951754CC6C5B23B0CB.d.4F7211B38649641B3789A7AF39EC40A0.e.10347","ELEMENT":"f.032590EE386F29951754CC6C5B23B0CB.d.4F7211B38649641B3789A7AF39EC40A0.e.10347"}]}
COMMAND: GET /session/8690b08f518c8418ef29018541b658af/screenshot - {}
RESULT: {}
COMMAND: POST /session/8690b08f518c8418ef29018541b658af/execute/sync - {"script":"<script> [8489 bytes]","args":[{"element-6066-11e4-a52e-4f735466cecf":"f.032590EE386F29951754CC6C5B23B0CB.d.4F7211B38649641B3789A7AF39EC40A0.e.10347","ELEMENT":"f.032590EE386F29951754CC6C5B23B0CB.d.4F7211B38649641B3789A7AF39EC40A0.e.10347"}]}
RESULT: {"script":"<script> [8489 bytes]","args":[{"element-6066-11e4-a52e-4f735466cecf":"f.032590EE386F29951754CC6C5B23B0CB.d.4F7211B38649641B3789A7AF39EC40A0.e.10347","ELEMENT":"f.032590EE386F29951754CC6C5B23B0CB.d.4F7211B38649641B3789A7AF39EC40A0.e.10347"}]}
COMMAND: GET /session/8690b08f518c8418ef29018541b658af/screenshot - {}
RESULT: {}
COMMAND: POST /session/8690b08f518c8418ef29018541b658af/execute/sync - {"script":"<script> [8489 bytes]","args":[{"element-6066-11e4-a52e-4f735466cecf":"f.032590EE386F29951754CC6C5B23B0CB.d.4F7211B38649641B3789A7AF39EC40A0.e.10347","ELEMENT":"f.032590EE386F29951754CC6C5B23B0CB.d.4F7211B38649641B3789A7AF39EC40A0.e.10347"}]}
RESULT: {"script":"<script> [8489 bytes]","args":[{"element-6066-11e4-a52e-4f735466cecf":"f.032590EE386F29951754CC6C5B23B0CB.d.4F7211B38649641B3789A7AF39EC40A0.e.10347","ELEMENT":"f.032590EE386F29951754CC6C5B23B0CB.d.4F7211B38649641B3789A7AF39EC40A0.e.10347"}]}
COMMAND: GET /session/8690b08f518c8418ef29018541b658af/screenshot - {}
RESULT: {}
COMMAND: POST /session/8690b08f518c8418ef29018541b658af/execute/sync - {"script":"<script> [8489 bytes]","args":[{"element-6066-11e4-a52e-4f735466cecf":"f.032590EE386F29951754CC6C5B23B0CB.d.4F7211B38649641B3789A7AF39EC40A0.e.10347","ELEMENT":"f.032590EE386F29951754CC6C5B23B0CB.d.4F7211B38649641B3789A7AF39EC40A0.e.10347"}]}
RESULT: {"script":"<script> [8489 bytes]","args":[{"element-6066-11e4-a52e-4f735466cecf":"f.032590EE386F29951754CC6C5B23B0CB.d.4F7211B38649641B3789A7AF39EC40A0.e.10347","ELEMENT":"f.032590EE386F29951754CC6C5B23B0CB.d.4F7211B38649641B3789A7AF39EC40A0.e.10347"}]}
COMMAND: GET /session/8690b08f518c8418ef29018541b658af/screenshot - {}
RESULT: {}
COMMAND: POST /session/8690b08f518c8418ef29018541b658af/execute/sync - {"script":"<script> [8489 bytes]","args":[{"element-6066-11e4-a52e-4f735466cecf":"f.032590EE386F29951754CC6C5B23B0CB.d.4F7211B38649641B3789A7AF39EC40A0.e.10347","ELEMENT":"f.032590EE386F29951754CC6C5B23B0CB.d.4F7211B38649641B3789A7AF39EC40A0.e.10347"}]}
RESULT: {"script":"<script> [8489 bytes]","args":[{"element-6066-11e4-a52e-4f735466cecf":"f.032590EE386F29951754CC6C5B23B0CB.d.4F7211B38649641B3789A7AF39EC40A0.e.10347","ELEMENT":"f.032590EE386F29951754CC6C5B23B0CB.d.4F7211B38649641B3789A7AF39EC40A0.e.10347"}]}
COMMAND: GET /session/8690b08f518c8418ef29018541b658af/screenshot - {}
RESULT: {}
COMMAND: POST /session/8690b08f518c8418ef29018541b658af/execute/sync - {"script":"<script> [8489 bytes]","args":[{"element-6066-11e4-a52e-4f735466cecf":"f.032590EE386F29951754CC6C5B23B0CB.d.4F7211B38649641B3789A7AF39EC40A0.e.10347","ELEMENT":"f.032590EE386F29951754CC6C5B23B0CB.d.4F7211B38649641B3789A7AF39EC40A0.e.10347"}]}
RESULT: {"script":"<script> [8489 bytes]","args":[{"element-6066-11e4-a52e-4f735466cecf":"f.032590EE386F29951754CC6C5B23B0CB.d.4F7211B38649641B3789A7AF39EC40A0.e.10347","ELEMENT":"f.032590EE386F29951754CC6C5B23B0CB.d.4F7211B38649641B3789A7AF39EC40A0.e.10347"}]}
COMMAND: GET /session/8690b08f518c8418ef29018541b658af/screenshot - {}
RESULT: {}
COMMAND: POST /session/8690b08f518c8418ef29018541b658af/execute/sync - {"script":"<script> [8489 bytes]","args":[{"element-6066-11e4-a52e-4f735466cecf":"f.032590EE386F29951754CC6C5B23B0CB.d.4F7211B38649641B3789A7AF39EC40A0.e.10347","ELEMENT":"f.032590EE386F29951754CC6C5B23B0CB.d.4F7211B38649641B3789A7AF39EC40A0.e.10347"}]}
RESULT: {"script":"<script> [8489 bytes]","args":[{"element-6066-11e4-a52e-4f735466cecf":"f.032590EE386F29951754CC6C5B23B0CB.d.4F7211B38649641B3789A7AF39EC40A0.e.10347","ELEMENT":"f.032590EE386F29951754CC6C5B23B0CB.d.4F7211B38649641B3789A7AF39EC40A0.e.10347"}]}
COMMAND: GET /session/8690b08f518c8418ef29018541b658af/screenshot - {}
RESULT: {}
COMMAND: POST /session/8690b08f518c8418ef29018541b658af/execute/sync - {"script":"<script> [8489 bytes]","args":[{"element-6066-11e4-a52e-4f735466cecf":"f.032590EE386F29951754CC6C5B23B0CB.d.4F7211B38649641B3789A7AF39EC40A0.e.10347","ELEMENT":"f.032590EE386F29951754CC6C5B23B0CB.d.4F7211B38649641B3789A7AF39EC40A0.e.10347"}]}
RESULT: {"script":"<script> [8489 bytes]","args":[{"element-6066-11e4-a52e-4f735466cecf":"f.032590EE386F29951754CC6C5B23B0CB.d.4F7211B38649641B3789A7AF39EC40A0.e.10347","ELEMENT":"f.032590EE386F29951754CC6C5B23B0CB.d.4F7211B38649641B3789A7AF39EC40A0.e.10347"}]}
COMMAND: GET /session/8690b08f518c8418ef29018541b658af/screenshot - {}
RESULT: {}
COMMAND: POST /session/8690b08f518c8418ef29018541b658af/execute/sync - {"script":"<script> [8489 bytes]","args":[{"element-6066-11e4-a52e-4f735466cecf":"f.032590EE386F29951754CC6C5B23B0CB.d.4F7211B38649641B3789A7AF39EC40A0.e.10347","ELEMENT":"f.032590EE386F29951754CC6C5B23B0CB.d.4F7211B38649641B3789A7AF39EC40A0.e.10347"}]}
RESULT: {"script":"<script> [8489 bytes]","args":[{"element-6066-11e4-a52e-4f735466cecf":"f.032590EE386F29951754CC6C5B23B0CB.d.4F7211B38649641B3789A7AF39EC40A0.e.10347","ELEMENT":"f.032590EE386F29951754CC6C5B23B0CB.d.4F7211B38649641B3789A7AF39EC40A0.e.10347"}]}
COMMAND: GET /session/8690b08f518c8418ef29018541b658af/screenshot - {}
RESULT: {}
COMMAND: POST /session/8690b08f518c8418ef29018541b658af/execute/sync - {"script":"<script> [8489 bytes]","args":[{"element-6066-11e4-a52e-4f735466cecf":"f.032590EE386F29951754CC6C5B23B0CB.d.4F7211B38649641B3789A7AF39EC40A0.e.10347","ELEMENT":"f.032590EE386F29951754CC6C5B23B0CB.d.4F7211B38649641B3789A7AF39EC40A0.e.10347"}]}
RESULT: {"script":"<script> [8489 bytes]","args":[{"element-6066-11e4-a52e-4f735466cecf":"f.032590EE386F29951754CC6C5B23B0CB.d.4F7211B38649641B3789A7AF39EC40A0.e.10347","ELEMENT":"f.032590EE386F29951754CC6C5B23B0CB.d.4F7211B38649641B3789A7AF39EC40A0.e.10347"}]}
COMMAND: GET /session/8690b08f518c8418ef29018541b658af/screenshot - {}
RESULT: {}
COMMAND: POST /session/8690b08f518c8418ef29018541b658af/execute/sync - {"script":"<script> [8489 bytes]","args":[{"element-6066-11e4-a52e-4f735466cecf":"f.032590EE386F29951754CC6C5B23B0CB.d.4F7211B38649641B3789A7AF39EC40A0.e.10347","ELEMENT":"f.032590EE386F29951754CC6C5B23B0CB.d.4F7211B38649641B3789A7AF39EC40A0.e.10347"}]}
RESULT: {"script":"<script> [8489 bytes]","args":[{"element-6066-11e4-a52e-4f735466cecf":"f.032590EE386F29951754CC6C5B23B0CB.d.4F7211B38649641B3789A7AF39EC40A0.e.10347","ELEMENT":"f.032590EE386F29951754CC6C5B23B0CB.d.4F7211B38649641B3789A7AF39EC40A0.e.10347"}]}
COMMAND: GET /session/8690b08f518c8418ef29018541b658af/screenshot - {}
RESULT: {}
COMMAND: POST /session/8690b08f518c8418ef29018541b658af/execute/sync - {"script":"<script> [8489 bytes]","args":[{"element-6066-11e4-a52e-4f735466cecf":"f.032590EE386F29951754CC6C5B23B0CB.d.4F7211B38649641B3789A7AF39EC40A0.e.10347","ELEMENT":"f.032590EE386F29951754CC6C5B23B0CB.d.4F7211B38649641B3789A7AF39EC40A0.e.10347"}]}
RESULT: {"script":"<script> [8489 bytes]","args":[{"element-6066-11e4-a52e-4f735466cecf":"f.032590EE386F29951754CC6C5B23B0CB.d.4F7211B38649641B3789A7AF39EC40A0.e.10347","ELEMENT":"f.032590EE386F29951754CC6C5B23B0CB.d.4F7211B38649641B3789A7AF39EC40A0.e.10347"}]}
COMMAND: GET /session/8690b08f518c8418ef29018541b658af/screenshot - {}
RESULT: {}
COMMAND: POST /session/8690b08f518c8418ef29018541b658af/execute/sync - {"script":"<script> [8489 bytes]","args":[{"element-6066-11e4-a52e-4f735466cecf":"f.032590EE386F29951754CC6C5B23B0CB.d.4F7211B38649641B3789A7AF39EC40A0.e.10347","ELEMENT":"f.032590EE386F29951754CC6C5B23B0CB.d.4F7211B38649641B3789A7AF39EC40A0.e.10347"}]}
RESULT: {"script":"<script> [8489 bytes]","args":[{"element-6066-11e4-a52e-4f735466cecf":"f.032590EE386F29951754CC6C5B23B0CB.d.4F7211B38649641B3789A7AF39EC40A0.e.10347","ELEMENT":"f.032590EE386F29951754CC6C5B23B0CB.d.4F7211B38649641B3789A7AF39EC40A0.e.10347"}]}
COMMAND: GET /session/8690b08f518c8418ef29018541b658af/screenshot - {}
RESULT: {}
COMMAND: POST /session/8690b08f518c8418ef29018541b658af/execute/sync - {"script":"<script> [8489 bytes]","args":[{"element-6066-11e4-a52e-4f735466cecf":"f.032590EE386F29951754CC6C5B23B0CB.d.4F7211B38649641B3789A7AF39EC40A0.e.10347","ELEMENT":"f.032590EE386F29951754CC6C5B23B0CB.d.4F7211B38649641B3789A7AF39EC40A0.e.10347"}]}
RESULT: {"script":"<script> [8489 bytes]","args":[{"element-6066-11e4-a52e-4f735466cecf":"f.032590EE386F29951754CC6C5B23B0CB.d.4F7211B38649641B3789A7AF39EC40A0.e.10347","ELEMENT":"f.032590EE386F29951754CC6C5B23B0CB.d.4F7211B38649641B3789A7AF39EC40A0.e.10347"}]}
COMMAND: GET /session/8690b08f518c8418ef29018541b658af/screenshot - {}
RESULT: {}
COMMAND: POST /session/8690b08f518c8418ef29018541b658af/execute/sync - {"script":"<script> [8489 bytes]","args":[{"element-6066-11e4-a52e-4f735466cecf":"f.032590EE386F29951754CC6C5B23B0CB.d.4F7211B38649641B3789A7AF39EC40A0.e.10347","ELEMENT":"f.032590EE386F29951754CC6C5B23B0CB.d.4F7211B38649641B3789A7AF39EC40A0.e.10347"}]}
RESULT: {"script":"<script> [8489 bytes]","args":[{"element-6066-11e4-a52e-4f735466cecf":"f.032590EE386F29951754CC6C5B23B0CB.d.4F7211B38649641B3789A7AF39EC40A0.e.10347","ELEMENT":"f.032590EE386F29951754CC6C5B23B0CB.d.4F7211B38649641B3789A7AF39EC40A0.e.10347"}]}
COMMAND: GET /session/8690b08f518c8418ef29018541b658af/screenshot - {}
RESULT: {}
COMMAND: POST /session/8690b08f518c8418ef29018541b658af/execute/sync - {"script":"<script> [8489 bytes]","args":[{"element-6066-11e4-a52e-4f735466cecf":"f.032590EE386F29951754CC6C5B23B0CB.d.4F7211B38649641B3789A7AF39EC40A0.e.10347","ELEMENT":"f.032590EE386F29951754CC6C5B23B0CB.d.4F7211B38649641B3789A7AF39EC40A0.e.10347"}]}
RESULT: {"script":"<script> [8489 bytes]","args":[{"element-6066-11e4-a52e-4f735466cecf":"f.032590EE386F29951754CC6C5B23B0CB.d.4F7211B38649641B3789A7AF39EC40A0.e.10347","ELEMENT":"f.032590EE386F29951754CC6C5B23B0CB.d.4F7211B38649641B3789A7AF39EC40A0.e.10347"}]}
COMMAND: GET /session/8690b08f518c8418ef29018541b658af/screenshot - {}
RESULT: {}
COMMAND: POST /session/8690b08f518c8418ef29018541b658af/execute/sync - {"script":"<script> [8489 bytes]","args":[{"element-6066-11e4-a52e-4f735466cecf":"f.032590EE386F29951754CC6C5B23B0CB.d.4F7211B38649641B3789A7AF39EC40A0.e.10347","ELEMENT":"f.032590EE386F29951754CC6C5B23B0CB.d.4F7211B38649641B3789A7AF39EC40A0.e.10347"}]}
RESULT: {"script":"<script> [8489 bytes]","args":[{"element-6066-11e4-a52e-4f735466cecf":"f.032590EE386F29951754CC6C5B23B0CB.d.4F7211B38649641B3789A7AF39EC40A0.e.10347","ELEMENT":"f.032590EE386F29951754CC6C5B23B0CB.d.4F7211B38649641B3789A7AF39EC40A0.e.10347"}]}
COMMAND: GET /session/8690b08f518c8418ef29018541b658af/screenshot - {}
RESULT: {}
COMMAND: POST /session/8690b08f518c8418ef29018541b658af/execute/sync - {"script":"<script> [8489 bytes]","args":[{"element-6066-11e4-a52e-4f735466cecf":"f.032590EE386F29951754CC6C5B23B0CB.d.4F7211B38649641B3789A7AF39EC40A0.e.10347","ELEMENT":"f.032590EE386F29951754CC6C5B23B0CB.d.4F7211B38649641B3789A7AF39EC40A0.e.10347"}]}
RESULT: {"script":"<script> [8489 bytes]","args":[{"element-6066-11e4-a52e-4f735466cecf":"f.032590EE386F29951754CC6C5B23B0CB.d.4F7211B38649641B3789A7AF39EC40A0.e.10347","ELEMENT":"f.032590EE386F29951754CC6C5B23B0CB.d.4F7211B38649641B3789A7AF39EC40A0.e.10347"}]}
COMMAND: GET /session/8690b08f518c8418ef29018541b658af/screenshot - {}
RESULT: {}
COMMAND: POST /session/8690b08f518c8418ef29018541b658af/execute/sync - {"script":"<script> [8489 bytes]","args":[{"element-6066-11e4-a52e-4f735466cecf":"f.032590EE386F29951754CC6C5B23B0CB.d.4F7211B38649641B3789A7AF39EC40A0.e.10347","ELEMENT":"f.032590EE386F29951754CC6C5B23B0CB.d.4F7211B38649641B3789A7AF39EC40A0.e.10347"}]}
RESULT: {"script":"<script> [8489 bytes]","args":[{"element-6066-11e4-a52e-4f735466cecf":"f.032590EE386F29951754CC6C5B23B0CB.d.4F7211B38649641B3789A7AF39EC40A0.e.10347","ELEMENT":"f.032590EE386F29951754CC6C5B23B0CB.d.4F7211B38649641B3789A7AF39EC40A0.e.10347"}]}
COMMAND: GET /session/8690b08f518c8418ef29018541b658af/screenshot - {}
RESULT: {}
COMMAND: POST /session/8690b08f518c8418ef29018541b658af/execute/sync - {"script":"<script> [8489 bytes]","args":[{"element-6066-11e4-a52e-4f735466cecf":"f.032590EE386F29951754CC6C5B23B0CB.d.4F7211B38649641B3789A7AF39EC40A0.e.10347","ELEMENT":"f.032590EE386F29951754CC6C5B23B0CB.d.4F7211B38649641B3789A7AF39EC40A0.e.10347"}]}
RESULT: {"script":"<script> [8489 bytes]","args":[{"element-6066-11e4-a52e-4f735466cecf":"f.032590EE386F29951754CC6C5B23B0CB.d.4F7211B38649641B3789A7AF39EC40A0.e.10347","ELEMENT":"f.032590EE386F29951754CC6C5B23B0CB.d.4F7211B38649641B3789A7AF39EC40A0.e.10347"}]}
COMMAND: GET /session/8690b08f518c8418ef29018541b658af/screenshot - {}
RESULT: {}
COMMAND: POST /session/8690b08f518c8418ef29018541b658af/execute/sync - {"script":"<script> [8489 bytes]","args":[{"element-6066-11e4-a52e-4f735466cecf":"f.032590EE386F29951754CC6C5B23B0CB.d.4F7211B38649641B3789A7AF39EC40A0.e.10347","ELEMENT":"f.032590EE386F29951754CC6C5B23B0CB.d.4F7211B38649641B3789A7AF39EC40A0.e.10347"}]}
RESULT: {"script":"<script> [8489 bytes]","args":[{"element-6066-11e4-a52e-4f735466cecf":"f.032590EE386F29951754CC6C5B23B0CB.d.4F7211B38649641B3789A7AF39EC40A0.e.10347","ELEMENT":"f.032590EE386F29951754CC6C5B23B0CB.d.4F7211B38649641B3789A7AF39EC40A0.e.10347"}]}
COMMAND: GET /session/8690b08f518c8418ef29018541b658af/screenshot - {}
RESULT: {}
COMMAND: POST /session/8690b08f518c8418ef29018541b658af/execute/sync - {"script":"<script> [8489 bytes]","args":[{"element-6066-11e4-a52e-4f735466cecf":"f.032590EE386F29951754CC6C5B23B0CB.d.4F7211B38649641B3789A7AF39EC40A0.e.10347","ELEMENT":"f.032590EE386F29951754CC6C5B23B0CB.d.4F7211B38649641B3789A7AF39EC40A0.e.10347"}]}
RESULT: {"script":"<script> [8489 bytes]","args":[{"element-6066-11e4-a52e-4f735466cecf":"f.032590EE386F29951754CC6C5B23B0CB.d.4F7211B38649641B3789A7AF39EC40A0.e.10347","ELEMENT":"f.032590EE386F29951754CC6C5B23B0CB.d.4F7211B38649641B3789A7AF39EC40A0.e.10347"}]}
COMMAND: GET /session/8690b08f518c8418ef29018541b658af/screenshot - {}
RESULT: {}
COMMAND: POST /session/8690b08f518c8418ef29018541b658af/execute/sync - {"script":"<script> [8489 bytes]","args":[{"element-6066-11e4-a52e-4f735466cecf":"f.032590EE386F29951754CC6C5B23B0CB.d.4F7211B38649641B3789A7AF39EC40A0.e.10347","ELEMENT":"f.032590EE386F29951754CC6C5B23B0CB.d.4F7211B38649641B3789A7AF39EC40A0.e.10347"}]}
RESULT: {"script":"<script> [8489 bytes]","args":[{"element-6066-11e4-a52e-4f735466cecf":"f.032590EE386F29951754CC6C5B23B0CB.d.4F7211B38649641B3789A7AF39EC40A0.e.10347","ELEMENT":"f.032590EE386F29951754CC6C5B23B0CB.d.4F7211B38649641B3789A7AF39EC40A0.e.10347"}]}
COMMAND: GET /session/8690b08f518c8418ef29018541b658af/screenshot - {}
RESULT: {}
COMMAND: POST /session/8690b08f518c8418ef29018541b658af/execute/sync - {"script":"<script> [8489 bytes]","args":[{"element-6066-11e4-a52e-4f735466cecf":"f.032590EE386F29951754CC6C5B23B0CB.d.4F7211B38649641B3789A7AF39EC40A0.e.10347","ELEMENT":"f.032590EE386F29951754CC6C5B23B0CB.d.4F7211B38649641B3789A7AF39EC40A0.e.10347"}]}
RESULT: {"script":"<script> [8489 bytes]","args":[{"element-6066-11e4-a52e-4f735466cecf":"f.032590EE386F29951754CC6C5B23B0CB.d.4F7211B38649641B3789A7AF39EC40A0.e.10347","ELEMENT":"f.032590EE386F29951754CC6C5B23B0CB.d.4F7211B38649641B3789A7AF39EC40A0.e.10347"}]}
COMMAND: GET /session/8690b08f518c8418ef29018541b658af/screenshot - {}
RESULT: {}
COMMAND: POST /session/8690b08f518c8418ef29018541b658af/execute/sync - {"script":"<script> [8489 bytes]","args":[{"element-6066-11e4-a52e-4f735466cecf":"f.032590EE386F29951754CC6C5B23B0CB.d.4F7211B38649641B3789A7AF39EC40A0.e.10347","ELEMENT":"f.032590EE386F29951754CC6C5B23B0CB.d.4F7211B38649641B3789A7AF39EC40A0.e.10347"}]}
RESULT: {"script":"<script> [8489 bytes]","args":[{"element-6066-11e4-a52e-4f735466cecf":"f.032590EE386F29951754CC6C5B23B0CB.d.4F7211B38649641B3789A7AF39EC40A0.e.10347","ELEMENT":"f.032590EE386F29951754CC6C5B23B0CB.d.4F7211B38649641B3789A7AF39EC40A0.e.10347"}]}
COMMAND: GET /session/8690b08f518c8418ef29018541b658af/screenshot - {}
RESULT: {}
COMMAND: POST /session/8690b08f518c8418ef29018541b658af/execute/sync - {"script":"<script> [8489 bytes]","args":[{"element-6066-11e4-a52e-4f735466cecf":"f.032590EE386F29951754CC6C5B23B0CB.d.4F7211B38649641B3789A7AF39EC40A0.e.10347","ELEMENT":"f.032590EE386F29951754CC6C5B23B0CB.d.4F7211B38649641B3789A7AF39EC40A0.e.10347"}]}
RESULT: {"script":"<script> [8489 bytes]","args":[{"element-6066-11e4-a52e-4f735466cecf":"f.032590EE386F29951754CC6C5B23B0CB.d.4F7211B38649641B3789A7AF39EC40A0.e.10347","ELEMENT":"f.032590EE386F29951754CC6C5B23B0CB.d.4F7211B38649641B3789A7AF39EC40A0.e.10347"}]}
COMMAND: GET /session/8690b08f518c8418ef29018541b658af/screenshot - {}
RESULT: {}
COMMAND: POST /session/8690b08f518c8418ef29018541b658af/execute/sync - {"script":"<script> [8489 bytes]","args":[{"element-6066-11e4-a52e-4f735466cecf":"f.032590EE386F29951754CC6C5B23B0CB.d.4F7211B38649641B3789A7AF39EC40A0.e.10347","ELEMENT":"f.032590EE386F29951754CC6C5B23B0CB.d.4F7211B38649641B3789A7AF39EC40A0.e.10347"}]}
RESULT: {"script":"<script> [8489 bytes]","args":[{"element-6066-11e4-a52e-4f735466cecf":"f.032590EE386F29951754CC6C5B23B0CB.d.4F7211B38649641B3789A7AF39EC40A0.e.10347","ELEMENT":"f.032590EE386F29951754CC6C5B23B0CB.d.4F7211B38649641B3789A7AF39EC40A0.e.10347"}]}
COMMAND: GET /session/8690b08f518c8418ef29018541b658af/screenshot - {}
RESULT: {}
COMMAND: POST /session/8690b08f518c8418ef29018541b658af/execute/sync - {"script":"<script> [8489 bytes]","args":[{"element-6066-11e4-a52e-4f735466cecf":"f.032590EE386F29951754CC6C5B23B0CB.d.4F7211B38649641B3789A7AF39EC40A0.e.10347","ELEMENT":"f.032590EE386F29951754CC6C5B23B0CB.d.4F7211B38649641B3789A7AF39EC40A0.e.10347"}]}
RESULT: {"script":"<script> [8489 bytes]","args":[{"element-6066-11e4-a52e-4f735466cecf":"f.032590EE386F29951754CC6C5B23B0CB.d.4F7211B38649641B3789A7AF39EC40A0.e.10347","ELEMENT":"f.032590EE386F29951754CC6C5B23B0CB.d.4F7211B38649641B3789A7AF39EC40A0.e.10347"}]}
COMMAND: GET /session/8690b08f518c8418ef29018541b658af/screenshot - {}
RESULT: {}
COMMAND: POST /session/8690b08f518c8418ef29018541b658af/execute/sync - {"script":"<script> [8489 bytes]","args":[{"element-6066-11e4-a52e-4f735466cecf":"f.032590EE386F29951754CC6C5B23B0CB.d.4F7211B38649641B3789A7AF39EC40A0.e.10347","ELEMENT":"f.032590EE386F29951754CC6C5B23B0CB.d.4F7211B38649641B3789A7AF39EC40A0.e.10347"}]}
RESULT: {"script":"<script> [8489 bytes]","args":[{"element-6066-11e4-a52e-4f735466cecf":"f.032590EE386F29951754CC6C5B23B0CB.d.4F7211B38649641B3789A7AF39EC40A0.e.10347","ELEMENT":"f.032590EE386F29951754CC6C5B23B0CB.d.4F7211B38649641B3789A7AF39EC40A0.e.10347"}]}
COMMAND: GET /session/8690b08f518c8418ef29018541b658af/screenshot - {}
RESULT: {}
COMMAND: POST /session/8690b08f518c8418ef29018541b658af/execute/sync - {"script":"<script> [8489 bytes]","args":[{"element-6066-11e4-a52e-4f735466cecf":"f.032590EE386F29951754CC6C5B23B0CB.d.4F7211B38649641B3789A7AF39EC40A0.e.10347","ELEMENT":"f.032590EE386F29951754CC6C5B23B0CB.d.4F7211B38649641B3789A7AF39EC40A0.e.10347"}]}
RESULT: {"script":"<script> [8489 bytes]","args":[{"element-6066-11e4-a52e-4f735466cecf":"f.032590EE386F29951754CC6C5B23B0CB.d.4F7211B38649641B3789A7AF39EC40A0.e.10347","ELEMENT":"f.032590EE386F29951754CC6C5B23B0CB.d.4F7211B38649641B3789A7AF39EC40A0.e.10347"}]}
COMMAND: GET /session/8690b08f518c8418ef29018541b658af/screenshot - {}
RESULT: {}
COMMAND: POST /session/8690b08f518c8418ef29018541b658af/execute/sync - {"script":"<script> [8489 bytes]","args":[{"element-6066-11e4-a52e-4f735466cecf":"f.032590EE386F29951754CC6C5B23B0CB.d.4F7211B38649641B3789A7AF39EC40A0.e.10347","ELEMENT":"f.032590EE386F29951754CC6C5B23B0CB.d.4F7211B38649641B3789A7AF39EC40A0.e.10347"}]}
RESULT: {"script":"<script> [8489 bytes]","args":[{"element-6066-11e4-a52e-4f735466cecf":"f.032590EE386F29951754CC6C5B23B0CB.d.4F7211B38649641B3789A7AF39EC40A0.e.10347","ELEMENT":"f.032590EE386F29951754CC6C5B23B0CB.d.4F7211B38649641B3789A7AF39EC40A0.e.10347"}]}
COMMAND: GET /session/8690b08f518c8418ef29018541b658af/screenshot - {}
RESULT: {}
COMMAND: POST /session/8690b08f518c8418ef29018541b658af/execute/sync - {"script":"<script> [8489 bytes]","args":[{"element-6066-11e4-a52e-4f735466cecf":"f.032590EE386F29951754CC6C5B23B0CB.d.4F7211B38649641B3789A7AF39EC40A0.e.10347","ELEMENT":"f.032590EE386F29951754CC6C5B23B0CB.d.4F7211B38649641B3789A7AF39EC40A0.e.10347"}]}
RESULT: {"script":"<script> [8489 bytes]","args":[{"element-6066-11e4-a52e-4f735466cecf":"f.032590EE386F29951754CC6C5B23B0CB.d.4F7211B38649641B3789A7AF39EC40A0.e.10347","ELEMENT":"f.032590EE386F29951754CC6C5B23B0CB.d.4F7211B38649641B3789A7AF39EC40A0.e.10347"}]}
COMMAND: GET /session/8690b08f518c8418ef29018541b658af/screenshot - {}
RESULT: {}
COMMAND: POST /session/8690b08f518c8418ef29018541b658af/execute/sync - {"script":"<script> [8489 bytes]","args":[{"element-6066-11e4-a52e-4f735466cecf":"f.032590EE386F29951754CC6C5B23B0CB.d.4F7211B38649641B3789A7AF39EC40A0.e.10347","ELEMENT":"f.032590EE386F29951754CC6C5B23B0CB.d.4F7211B38649641B3789A7AF39EC40A0.e.10347"}]}
RESULT: {"script":"<script> [8489 bytes]","args":[{"element-6066-11e4-a52e-4f735466cecf":"f.032590EE386F29951754CC6C5B23B0CB.d.4F7211B38649641B3789A7AF39EC40A0.e.10347","ELEMENT":"f.032590EE386F29951754CC6C5B23B0CB.d.4F7211B38649641B3789A7AF39EC40A0.e.10347"}]}
COMMAND: GET /session/8690b08f518c8418ef29018541b658af/screenshot - {}
RESULT: {}
COMMAND: POST /session/8690b08f518c8418ef29018541b658af/execute/sync - {"script":"<script> [8489 bytes]","args":[{"element-6066-11e4-a52e-4f735466cecf":"f.032590EE386F29951754CC6C5B23B0CB.d.4F7211B38649641B3789A7AF39EC40A0.e.10347","ELEMENT":"f.032590EE386F29951754CC6C5B23B0CB.d.4F7211B38649641B3789A7AF39EC40A0.e.10347"}]}
RESULT: {"script":"<script> [8489 bytes]","args":[{"element-6066-11e4-a52e-4f735466cecf":"f.032590EE386F29951754CC6C5B23B0CB.d.4F7211B38649641B3789A7AF39EC40A0.e.10347","ELEMENT":"f.032590EE386F29951754CC6C5B23B0CB.d.4F7211B38649641B3789A7AF39EC40A0.e.10347"}]}
COMMAND: GET /session/8690b08f518c8418ef29018541b658af/screenshot - {}
RESULT: {}
COMMAND: POST /session/8690b08f518c8418ef29018541b658af/execute/sync - {"script":"<script> [8489 bytes]","args":[{"element-6066-11e4-a52e-4f735466cecf":"f.032590EE386F29951754CC6C5B23B0CB.d.4F7211B38649641B3789A7AF39EC40A0.e.10347","ELEMENT":"f.032590EE386F29951754CC6C5B23B0CB.d.4F7211B38649641B3789A7AF39EC40A0.e.10347"}]}
RESULT: {"script":"<script> [8489 bytes]","args":[{"element-6066-11e4-a52e-4f735466cecf":"f.032590EE386F29951754CC6C5B23B0CB.d.4F7211B38649641B3789A7AF39EC40A0.e.10347","ELEMENT":"f.032590EE386F29951754CC6C5B23B0CB.d.4F7211B38649641B3789A7AF39EC40A0.e.10347"}]}
COMMAND: GET /session/8690b08f518c8418ef29018541b658af/screenshot - {}
RESULT: {}
COMMAND: POST /session/8690b08f518c8418ef29018541b658af/execute/sync - {"script":"<script> [8489 bytes]","args":[{"element-6066-11e4-a52e-4f735466cecf":"f.032590EE386F29951754CC6C5B23B0CB.d.4F7211B38649641B3789A7AF39EC40A0.e.10347","ELEMENT":"f.032590EE386F29951754CC6C5B23B0CB.d.4F7211B38649641B3789A7AF39EC40A0.e.10347"}]}
RESULT: {"script":"<script> [8489 bytes]","args":[{"element-6066-11e4-a52e-4f735466cecf":"f.032590EE386F29951754CC6C5B23B0CB.d.4F7211B38649641B3789A7AF39EC40A0.e.10347","ELEMENT":"f.032590EE386F29951754CC6C5B23B0CB.d.4F7211B38649641B3789A7AF39EC40A0.e.10347"}]}
COMMAND: GET /session/8690b08f518c8418ef29018541b658af/screenshot - {}
RESULT: {}
COMMAND: POST /session/8690b08f518c8418ef29018541b658af/execute/sync - {"script":"<script> [8489 bytes]","args":[{"element-6066-11e4-a52e-4f735466cecf":"f.032590EE386F29951754CC6C5B23B0CB.d.4F7211B38649641B3789A7AF39EC40A0.e.10347","ELEMENT":"f.032590EE386F29951754CC6C5B23B0CB.d.4F7211B38649641B3789A7AF39EC40A0.e.10347"}]}
RESULT: {"script":"<script> [8489 bytes]","args":[{"element-6066-11e4-a52e-4f735466cecf":"f.032590EE386F29951754CC6C5B23B0CB.d.4F7211B38649641B3789A7AF39EC40A0.e.10347","ELEMENT":"f.032590EE386F29951754CC6C5B23B0CB.d.4F7211B38649641B3789A7AF39EC40A0.e.10347"}]}
COMMAND: GET /session/8690b08f518c8418ef29018541b658af/screenshot - {}
RESULT: {}
COMMAND: POST /session/8690b08f518c8418ef29018541b658af/execute/sync - {"script":"<script> [8489 bytes]","args":[{"element-6066-11e4-a52e-4f735466cecf":"f.032590EE386F29951754CC6C5B23B0CB.d.4F7211B38649641B3789A7AF39EC40A0.e.10347","ELEMENT":"f.032590EE386F29951754CC6C5B23B0CB.d.4F7211B38649641B3789A7AF39EC40A0.e.10347"}]}
RESULT: {"script":"<script> [8489 bytes]","args":[{"element-6066-11e4-a52e-4f735466cecf":"f.032590EE386F29951754CC6C5B23B0CB.d.4F7211B38649641B3789A7AF39EC40A0.e.10347","ELEMENT":"f.032590EE386F29951754CC6C5B23B0CB.d.4F7211B38649641B3789A7AF39EC40A0.e.10347"}]}
COMMAND: GET /session/8690b08f518c8418ef29018541b658af/screenshot - {}
RESULT: {}
COMMAND: POST /session/8690b08f518c8418ef29018541b658af/execute/sync - {"script":"<script> [8489 bytes]","args":[{"element-6066-11e4-a52e-4f735466cecf":"f.032590EE386F29951754CC6C5B23B0CB.d.4F7211B38649641B3789A7AF39EC40A0.e.10347","ELEMENT":"f.032590EE386F29951754CC6C5B23B0CB.d.4F7211B38649641B3789A7AF39EC40A0.e.10347"}]}
RESULT: {"script":"<script> [8489 bytes]","args":[{"element-6066-11e4-a52e-4f735466cecf":"f.032590EE386F29951754CC6C5B23B0CB.d.4F7211B38649641B3789A7AF39EC40A0.e.10347","ELEMENT":"f.032590EE386F29951754CC6C5B23B0CB.d.4F7211B38649641B3789A7AF39EC40A0.e.10347"}]}
COMMAND: GET /session/8690b08f518c8418ef29018541b658af/screenshot - {}
RESULT: {}
COMMAND: POST /session/8690b08f518c8418ef29018541b658af/execute/sync - {"script":"<script> [8489 bytes]","args":[{"element-6066-11e4-a52e-4f735466cecf":"f.032590EE386F29951754CC6C5B23B0CB.d.4F7211B38649641B3789A7AF39EC40A0.e.10347","ELEMENT":"f.032590EE386F29951754CC6C5B23B0CB.d.4F7211B38649641B3789A7AF39EC40A0.e.10347"}]}
RESULT: {"script":"<script> [8489 bytes]","args":[{"element-6066-11e4-a52e-4f735466cecf":"f.032590EE386F29951754CC6C5B23B0CB.d.4F7211B38649641B3789A7AF39EC40A0.e.10347","ELEMENT":"f.032590EE386F29951754CC6C5B23B0CB.d.4F7211B38649641B3789A7AF39EC40A0.e.10347"}]}
COMMAND: GET /session/8690b08f518c8418ef29018541b658af/screenshot - {}
RESULT: {}
COMMAND: POST /session/8690b08f518c8418ef29018541b658af/execute/sync - {"script":"<script> [8489 bytes]","args":[{"element-6066-11e4-a52e-4f735466cecf":"f.032590EE386F29951754CC6C5B23B0CB.d.4F7211B38649641B3789A7AF39EC40A0.e.10347","ELEMENT":"f.032590EE386F29951754CC6C5B23B0CB.d.4F7211B38649641B3789A7AF39EC40A0.e.10347"}]}
RESULT: {"script":"<script> [8489 bytes]","args":[{"element-6066-11e4-a52e-4f735466cecf":"f.032590EE386F29951754CC6C5B23B0CB.d.4F7211B38649641B3789A7AF39EC40A0.e.10347","ELEMENT":"f.032590EE386F29951754CC6C5B23B0CB.d.4F7211B38649641B3789A7AF39EC40A0.e.10347"}]}
COMMAND: GET /session/8690b08f518c8418ef29018541b658af/screenshot - {}
RESULT: {}
COMMAND: POST /session/8690b08f518c8418ef29018541b658af/execute/sync - {"script":"<script> [8489 bytes]","args":[{"element-6066-11e4-a52e-4f735466cecf":"f.032590EE386F29951754CC6C5B23B0CB.d.4F7211B38649641B3789A7AF39EC40A0.e.10347","ELEMENT":"f.032590EE386F29951754CC6C5B23B0CB.d.4F7211B38649641B3789A7AF39EC40A0.e.10347"}]}
RESULT: {"script":"<script> [8489 bytes]","args":[{"element-6066-11e4-a52e-4f735466cecf":"f.032590EE386F29951754CC6C5B23B0CB.d.4F7211B38649641B3789A7AF39EC40A0.e.10347","ELEMENT":"f.032590EE386F29951754CC6C5B23B0CB.d.4F7211B38649641B3789A7AF39EC40A0.e.10347"}]}
COMMAND: GET /session/8690b08f518c8418ef29018541b658af/screenshot - {}
RESULT: {}
COMMAND: POST /session/8690b08f518c8418ef29018541b658af/execute/sync - {"script":"<script> [8489 bytes]","args":[{"element-6066-11e4-a52e-4f735466cecf":"f.032590EE386F29951754CC6C5B23B0CB.d.4F7211B38649641B3789A7AF39EC40A0.e.10347","ELEMENT":"f.032590EE386F29951754CC6C5B23B0CB.d.4F7211B38649641B3789A7AF39EC40A0.e.10347"}]}
RESULT: {"script":"<script> [8489 bytes]","args":[{"element-6066-11e4-a52e-4f735466cecf":"f.032590EE386F29951754CC6C5B23B0CB.d.4F7211B38649641B3789A7AF39EC40A0.e.10347","ELEMENT":"f.032590EE386F29951754CC6C5B23B0CB.d.4F7211B38649641B3789A7AF39EC40A0.e.10347"}]}
COMMAND: GET /session/8690b08f518c8418ef29018541b658af/screenshot - {}
RESULT: {}
COMMAND: POST /session/8690b08f518c8418ef29018541b658af/execute/sync - {"script":"<script> [8489 bytes]","args":[{"element-6066-11e4-a52e-4f735466cecf":"f.032590EE386F29951754CC6C5B23B0CB.d.4F7211B38649641B3789A7AF39EC40A0.e.10347","ELEMENT":"f.032590EE386F29951754CC6C5B23B0CB.d.4F7211B38649641B3789A7AF39EC40A0.e.10347"}]}
RESULT: {"script":"<script> [8489 bytes]","args":[{"element-6066-11e4-a52e-4f735466cecf":"f.032590EE386F29951754CC6C5B23B0CB.d.4F7211B38649641B3789A7AF39EC40A0.e.10347","ELEMENT":"f.032590EE386F29951754CC6C5B23B0CB.d.4F7211B38649641B3789A7AF39EC40A0.e.10347"}]}
COMMAND: GET /session/8690b08f518c8418ef29018541b658af/screenshot - {}
COMMAND: POST /session/8690b08f518c8418ef29018541b658af/execute/sync - {"script":"<script> [8489 bytes]","args":[{"element-6066-11e4-a52e-4f735466cecf":"f.032590EE386F29951754CC6C5B23B0CB.d.4F7211B38649641B3789A7AF39EC40A0.e.10347","ELEMENT":"f.032590EE386F29951754CC6C5B23B0CB.d.4F7211B38649641B3789A7AF39EC40A0.e.10347"}]}
RESULT: {}
RESULT: {"script":"<script> [8489 bytes]","args":[{"element-6066-11e4-a52e-4f735466cecf":"f.032590EE386F29951754CC6C5B23B0CB.d.4F7211B38649641B3789A7AF39EC40A0.e.10347","ELEMENT":"f.032590EE386F29951754CC6C5B23B0CB.d.4F7211B38649641B3789A7AF39EC40A0.e.10347"}]}
COMMAND: GET /session/8690b08f518c8418ef29018541b658af/screenshot - {}
RESULT: {}
COMMAND: POST /session/8690b08f518c8418ef29018541b658af/execute/sync - {"script":"<script> [8489 bytes]","args":[{"element-6066-11e4-a52e-4f735466cecf":"f.032590EE386F29951754CC6C5B23B0CB.d.4F7211B38649641B3789A7AF39EC40A0.e.10347","ELEMENT":"f.032590EE386F29951754CC6C5B23B0CB.d.4F7211B38649641B3789A7AF39EC40A0.e.10347"}]}
RESULT: {"script":"<script> [8489 bytes]","args":[{"element-6066-11e4-a52e-4f735466cecf":"f.032590EE386F29951754CC6C5B23B0CB.d.4F7211B38649641B3789A7AF39EC40A0.e.10347","ELEMENT":"f.032590EE386F29951754CC6C5B23B0CB.d.4F7211B38649641B3789A7AF39EC40A0.e.10347"}]}
COMMAND: GET /session/8690b08f518c8418ef29018541b658af/screenshot - {}
RESULT: {}
COMMAND: POST /session/8690b08f518c8418ef29018541b658af/execute/sync - {"script":"<script> [8489 bytes]","args":[{"element-6066-11e4-a52e-4f735466cecf":"f.032590EE386F29951754CC6C5B23B0CB.d.4F7211B38649641B3789A7AF39EC40A0.e.10347","ELEMENT":"f.032590EE386F29951754CC6C5B23B0CB.d.4F7211B38649641B3789A7AF39EC40A0.e.10347"}]}
RESULT: {"script":"<script> [8489 bytes]","args":[{"element-6066-11e4-a52e-4f735466cecf":"f.032590EE386F29951754CC6C5B23B0CB.d.4F7211B38649641B3789A7AF39EC40A0.e.10347","ELEMENT":"f.032590EE386F29951754CC6C5B23B0CB.d.4F7211B38649641B3789A7AF39EC40A0.e.10347"}]}
COMMAND: POST /session/8690b08f518c8418ef29018541b658af/execute/async - {"script":"<script> [1562 bytes]","args":[{"selector":{"controlType":"sap.m.Button","viewName":"etm.portal.ui.managehandovers.view.DetailExecuteHO","i18NText":{"propertyName":"text","key":"pickQty"},"interaction":{"idSuffix":"BDI-content"}},"wdio_ui5_key":"etmportal.ui.managehandovers.view.DetailExecuteHOsap.m.Button{\"propertyName\":\"text\",\"key\":\"pickQty\"}"}]}
COMMAND: GET /session/8690b08f518c8418ef29018541b658af/screenshot - {}
RESULT: {"script":"<script> [1562 bytes]","args":[{"selector":{"controlType":"sap.m.Button","viewName":"etm.portal.ui.managehandovers.view.DetailExecuteHO","i18NText":{"propertyName":"text","key":"pickQty"},"interaction":{"idSuffix":"BDI-content"}},"wdio_ui5_key":"etmportal.ui.managehandovers.view.DetailExecuteHOsap.m.Button{\"propertyName\":\"text\",\"key\":\"pickQty\"}"}]}
RESULT: undefined
RESULT: {}
COMMAND: POST /session/8690b08f518c8418ef29018541b658af/execute/async - {"script":"<script> [1562 bytes]","args":[{"selector":{"controlType":"sap.m.Link","viewName":"etm.portal.ui.managehandovers.view.DetailExecuteHO","bindingPath":{"path":"","propertyPath":"/wmDoc","modelName":"warehouseMovModel"}},"wdio_ui5_key":"etmportal.ui.managehandovers.view.DetailExecuteHOsap.m.Link{\"path\":\"\",\"propertyPath\":\"/wmDoc\",\"modelName\":\"warehouseMovModel\"}"}]}
RESULT: {"script":"<script> [1562 bytes]","args":[{"selector":{"controlType":"sap.m.Link","viewName":"etm.portal.ui.managehandovers.view.DetailExecuteHO","bindingPath":{"path":"","propertyPath":"/wmDoc","modelName":"warehouseMovModel"}},"wdio_ui5_key":"etmportal.ui.managehandovers.view.DetailExecuteHOsap.m.Link{\"path\":\"\",\"propertyPath\":\"/wmDoc\",\"modelName\":\"warehouseMovModel\"}"}]}
RESULT: undefined
COMMAND: POST /session/8690b08f518c8418ef29018541b658af/execute/async - {"script":"<script> [1562 bytes]","args":[{"selector":{"controlType":"sap.m.Link","viewName":"etm.portal.ui.managehandovers.view.DetailExecuteHO","properties":{"text":"Warehouse Overview"},"searchOpenDialogs":true},"wdio_ui5_key":"etmportal.ui.managehandovers.view.DetailExecuteHOsap.m.Link{\"text\":\"Warehouse Overview\"}"}]}
RESULT: {"script":"<script> [1562 bytes]","args":[{"selector":{"controlType":"sap.m.Link","viewName":"etm.portal.ui.managehandovers.view.DetailExecuteHO","properties":{"text":"Warehouse Overview"},"searchOpenDialogs":true},"wdio_ui5_key":"etmportal.ui.managehandovers.view.DetailExecuteHOsap.m.Link{\"text\":\"Warehouse Overview\"}"}]}
RESULT: undefined
COMMAND: POST /session/8690b08f518c8418ef29018541b658af/execute/async - {"script":"<script> [1562 bytes]","args":[{"selector":{"controlType":"sap.m.Button","viewName":"etm.portal.ui.warehousemovements.view.DisplayMovement","viewId":"application-warehousemovements-display-component---displayMovement","i18NText":{"propertyName":"text","key":"execution"},"interaction":{"idSuffix":"BDI-content"}},"wdio_ui5_key":"etmportal.ui.warehousemovements.view.DisplayMovementsap.m.Button{\"propertyName\":\"text\",\"key\":\"execution\"}"}]}
RESULT: {"script":"<script> [1562 bytes]","args":[{"selector":{"controlType":"sap.m.Button","viewName":"etm.portal.ui.warehousemovements.view.DisplayMovement","viewId":"application-warehousemovements-display-component---displayMovement","i18NText":{"propertyName":"text","key":"execution"},"interaction":{"idSuffix":"BDI-content"}},"wdio_ui5_key":"etmportal.ui.warehousemovements.view.DisplayMovementsap.m.Button{\"propertyName\":\"text\",\"key\":\"execution\"}"}]}
RESULT: undefined
COMMAND: POST /session/8690b08f518c8418ef29018541b658af/execute/async - {"script":"<script> [1562 bytes]","args":[{"selector":{"controlType":"sap.m.Button","viewName":"etm.portal.ui.warehousemovements.view.ExecuteMovement","viewId":"application-warehousemovements-display-component---executeMovement","properties":{"text":"Items"},"interaction":{"idSuffix":"BDI-content"}},"wdio_ui5_key":"etmportal.ui.warehousemovements.view.ExecuteMovementsap.m.Button{\"text\":\"Items\"}"}]}
RESULT: {"script":"<script> [1562 bytes]","args":[{"selector":{"controlType":"sap.m.Button","viewName":"etm.portal.ui.warehousemovements.view.ExecuteMovement","viewId":"application-warehousemovements-display-component---executeMovement","properties":{"text":"Items"},"interaction":{"idSuffix":"BDI-content"}},"wdio_ui5_key":"etmportal.ui.warehousemovements.view.ExecuteMovementsap.m.Button{\"text\":\"Items\"}"}]}
RESULT: undefined
COMMAND: POST /session/8690b08f518c8418ef29018541b658af/execute/async - {"script":"<script> [1562 bytes]","args":[{"selector":{"controlType":"sap.m.ToggleButton","viewName":"etm.portal.ui.warehousemovements.view.ExecuteMovement","viewId":"application-warehousemovements-display-component---executeMovement","bindingPath":{"propertyPath":"STATUS","modelName":"catalogModel"},"interaction":{"idSuffix":"BDI-content"}},"wdio_ui5_key":"etmportal.ui.warehousemovements.view.ExecuteMovementsap.m.ToggleButton{\"propertyPath\":\"STATUS\",\"modelName\":\"catalogModel\"}"}]}
RESULT: {"script":"<script> [1562 bytes]","args":[{"selector":{"controlType":"sap.m.ToggleButton","viewName":"etm.portal.ui.warehousemovements.view.ExecuteMovement","viewId":"application-warehousemovements-display-component---executeMovement","bindingPath":{"propertyPath":"STATUS","modelName":"catalogModel"},"interaction":{"idSuffix":"BDI-content"}},"wdio_ui5_key":"etmportal.ui.warehousemovements.view.ExecuteMovementsap.m.ToggleButton{\"propertyPath\":\"STATUS\",\"modelName\":\"catalogModel\"}"}]}
RESULT: undefined
RESULT: undefined
RESULT: undefined
COMMAND: POST /session/8690b08f518c8418ef29018541b658af/execute/async - {"script":"<script> [1562 bytes]","args":[{"selector":{"id":"application-warehousemovements-display-component---executeMovement--executeId","interaction":{"idSuffix":"BDI-content"}},"wdio_ui5_key":"applicationwarehousemovements-display-component---executeMovement--executeId"}]}
RESULT: {"script":"<script> [1562 bytes]","args":[{"selector":{"id":"application-warehousemovements-display-component---executeMovement--executeId","interaction":{"idSuffix":"BDI-content"}},"wdio_ui5_key":"applicationwarehousemovements-display-component---executeMovement--executeId"}]}
RESULT: undefined
COMMAND: POST /session/8690b08f518c8418ef29018541b658af/element - {"using":"css selector","value":"#shell-header-logo"}
RESULT: {"using":"css selector","value":"#shell-header-logo"}
COMMAND: POST /session/8690b08f518c8418ef29018541b658af/element/f.032590EE386F29951754CC6C5B23B0CB.d.4F7211B38649641B3789A7AF39EC40A0.e.9154/click - {}
RESULT: {}
COMMAND: GET /session/8690b08f518c8418ef29018541b658af/screenshot - {}
RESULT: {}
RESULT: undefined
COMMAND: POST /session/8690b08f518c8418ef29018541b658af/element - {"using":"xpath","value":"//*[@id=\"__tile132\"]"}
RESULT: {"using":"xpath","value":"//*[@id=\"__tile132\"]"}
COMMAND: POST /session/8690b08f518c8418ef29018541b658af/element/f.032590EE386F29951754CC6C5B23B0CB.d.4F7211B38649641B3789A7AF39EC40A0.e.8414/click - {}
RESULT: {}
COMMAND: GET /session/8690b08f518c8418ef29018541b658af/screenshot - {}
RESULT: {}
COMMAND: POST /session/8690b08f518c8418ef29018541b658af/execute/async - {"script":"<script> [1562 bytes]","args":[{"selector":{"controlType":"sap.m.SearchField","viewName":"etm.portal.ui.managehandovers.view.MasterHO","bindingPath":{"propertyPath":"/_BASIC_SEARCH_FIELD","modelName":"fi1t3rM0d31"},"interaction":{"idSuffix":"I"}},"wdio_ui5_key":"etmportal.ui.managehandovers.view.MasterHOsap.m.SearchField{\"propertyPath\":\"/_BASIC_SEARCH_FIELD\",\"modelName\":\"fi1t3rM0d31\"}"}]}
RESULT: {"script":"<script> [1562 bytes]","args":[{"selector":{"controlType":"sap.m.SearchField","viewName":"etm.portal.ui.managehandovers.view.MasterHO","bindingPath":{"propertyPath":"/_BASIC_SEARCH_FIELD","modelName":"fi1t3rM0d31"},"interaction":{"idSuffix":"I"}},"wdio_ui5_key":"etmportal.ui.managehandovers.view.MasterHOsap.m.SearchField{\"propertyPath\":\"/_BASIC_SEARCH_FIELD\",\"modelName\":\"fi1t3rM0d31\"}"}]}
RESULT: undefined
COMMAND: POST /session/8690b08f518c8418ef29018541b658af/execute/async - {"script":"<script> [776 bytes]","args":[{"enterText":"30815","selector":{"controlType":"sap.m.SearchField","viewName":"etm.portal.ui.managehandovers.view.MasterHO","bindingPath":{"propertyPath":"/_BASIC_SEARCH_FIELD","modelName":"fi1t3rM0d31"},"interaction":{"idSuffix":"I"}},"clearTextFirst":true,"interactionType":"ENTER_TEXT"}]}
RESULT: {"script":"<script> [776 bytes]","args":[{"enterText":"30815","selector":{"controlType":"sap.m.SearchField","viewName":"etm.portal.ui.managehandovers.view.MasterHO","bindingPath":{"propertyPath":"/_BASIC_SEARCH_FIELD","modelName":"fi1t3rM0d31"},"interaction":{"idSuffix":"I"}},"clearTextFirst":true,"interactionType":"ENTER_TEXT"}]}
COMMAND: POST /session/8690b08f518c8418ef29018541b658af/actions - {"actions":[{"id":"action54","type":"key","parameters":{},"actions":[{"type":"keyDown","value":"î€‡"},{"type":"pause","duration":10},{"type":"keyUp","value":"î€‡"}]}]}
RESULT: {"actions":[{"id":"action54","type":"key","parameters":{},"actions":[{"type":"keyDown","value":"î€‡"},{"type":"pause","duration":10},{"type":"keyUp","value":"î€‡"}]}]}
COMMAND: GET /session/8690b08f518c8418ef29018541b658af/screenshot - {}
RESULT: {}
RESULT: undefined
COMMAND: POST /session/8690b08f518c8418ef29018541b658af/element - {"using":"xpath","value":"//*[@id=\"__item3813-__clone9790-imgNav\"]"}
RESULT: {"using":"xpath","value":"//*[@id=\"__item3813-__clone9790-imgNav\"]"}
COMMAND: POST /session/8690b08f518c8418ef29018541b658af/elements - {"using":"xpath","value":"//*[@id=\"__item3813-__clone9790-imgNav\"]"}
RESULT: {"using":"xpath","value":"//*[@id=\"__item3813-__clone9790-imgNav\"]"}
COMMAND: POST /session/8690b08f518c8418ef29018541b658af/elements - {"using":"xpath","value":"//*[@id=\"__item3813-__clone9790-imgNav\"]"}
RESULT: {"using":"xpath","value":"//*[@id=\"__item3813-__clone9790-imgNav\"]"}
COMMAND: POST /session/8690b08f518c8418ef29018541b658af/elements - {"using":"xpath","value":"//*[@id=\"__item3813-__clone9790-imgNav\"]"}
RESULT: {"using":"xpath","value":"//*[@id=\"__item3813-__clone9790-imgNav\"]"}
COMMAND: POST /session/8690b08f518c8418ef29018541b658af/elements - {"using":"xpath","value":"//*[@id=\"__item3813-__clone9790-imgNav\"]"}
RESULT: {"using":"xpath","value":"//*[@id=\"__item3813-__clone9790-imgNav\"]"}
COMMAND: POST /session/8690b08f518c8418ef29018541b658af/elements - {"using":"xpath","value":"//*[@id=\"__item3813-__clone9790-imgNav\"]"}
RESULT: {"using":"xpath","value":"//*[@id=\"__item3813-__clone9790-imgNav\"]"}
COMMAND: POST /session/8690b08f518c8418ef29018541b658af/elements - {"using":"xpath","value":"//*[@id=\"__item3813-__clone9790-imgNav\"]"}
RESULT: {"using":"xpath","value":"//*[@id=\"__item3813-__clone9790-imgNav\"]"}
COMMAND: POST /session/8690b08f518c8418ef29018541b658af/elements - {"using":"xpath","value":"//*[@id=\"__item3813-__clone9790-imgNav\"]"}
RESULT: {"using":"xpath","value":"//*[@id=\"__item3813-__clone9790-imgNav\"]"}
COMMAND: POST /session/8690b08f518c8418ef29018541b658af/elements - {"using":"xpath","value":"//*[@id=\"__item3813-__clone9790-imgNav\"]"}
RESULT: {"using":"xpath","value":"//*[@id=\"__item3813-__clone9790-imgNav\"]"}
COMMAND: POST /session/8690b08f518c8418ef29018541b658af/elements - {"using":"xpath","value":"//*[@id=\"__item3813-__clone9790-imgNav\"]"}
RESULT: {"using":"xpath","value":"//*[@id=\"__item3813-__clone9790-imgNav\"]"}
COMMAND: POST /session/8690b08f518c8418ef29018541b658af/elements - {"using":"xpath","value":"//*[@id=\"__item3813-__clone9790-imgNav\"]"}
RESULT: {"using":"xpath","value":"//*[@id=\"__item3813-__clone9790-imgNav\"]"}
COMMAND: POST /session/8690b08f518c8418ef29018541b658af/elements - {"using":"xpath","value":"//*[@id=\"__item3813-__clone9790-imgNav\"]"}
RESULT: {"using":"xpath","value":"//*[@id=\"__item3813-__clone9790-imgNav\"]"}
COMMAND: POST /session/8690b08f518c8418ef29018541b658af/elements - {"using":"xpath","value":"//*[@id=\"__item3813-__clone9790-imgNav\"]"}
RESULT: {"using":"xpath","value":"//*[@id=\"__item3813-__clone9790-imgNav\"]"}
COMMAND: POST /session/8690b08f518c8418ef29018541b658af/elements - {"using":"xpath","value":"//*[@id=\"__item3813-__clone9790-imgNav\"]"}
RESULT: {"using":"xpath","value":"//*[@id=\"__item3813-__clone9790-imgNav\"]"}
COMMAND: POST /session/8690b08f518c8418ef29018541b658af/elements - {"using":"xpath","value":"//*[@id=\"__item3813-__clone9790-imgNav\"]"}
RESULT: {"using":"xpath","value":"//*[@id=\"__item3813-__clone9790-imgNav\"]"}
COMMAND: POST /session/8690b08f518c8418ef29018541b658af/elements - {"using":"xpath","value":"//*[@id=\"__item3813-__clone9790-imgNav\"]"}
RESULT: {"using":"xpath","value":"//*[@id=\"__item3813-__clone9790-imgNav\"]"}
COMMAND: POST /session/8690b08f518c8418ef29018541b658af/elements - {"using":"xpath","value":"//*[@id=\"__item3813-__clone9790-imgNav\"]"}
RESULT: {"using":"xpath","value":"//*[@id=\"__item3813-__clone9790-imgNav\"]"}
COMMAND: POST /session/8690b08f518c8418ef29018541b658af/elements - {"using":"xpath","value":"//*[@id=\"__item3813-__clone9790-imgNav\"]"}
RESULT: {"using":"xpath","value":"//*[@id=\"__item3813-__clone9790-imgNav\"]"}
COMMAND: POST /session/8690b08f518c8418ef29018541b658af/elements - {"using":"xpath","value":"//*[@id=\"__item3813-__clone9790-imgNav\"]"}
RESULT: {"using":"xpath","value":"//*[@id=\"__item3813-__clone9790-imgNav\"]"}
COMMAND: POST /session/8690b08f518c8418ef29018541b658af/elements - {"using":"xpath","value":"//*[@id=\"__item3813-__clone9790-imgNav\"]"}
RESULT: {"using":"xpath","value":"//*[@id=\"__item3813-__clone9790-imgNav\"]"}
COMMAND: POST /session/8690b08f518c8418ef29018541b658af/elements - {"using":"xpath","value":"//*[@id=\"__item3813-__clone9790-imgNav\"]"}
RESULT: {"using":"xpath","value":"//*[@id=\"__item3813-__clone9790-imgNav\"]"}
COMMAND: POST /session/8690b08f518c8418ef29018541b658af/elements - {"using":"xpath","value":"//*[@id=\"__item3813-__clone9790-imgNav\"]"}
RESULT: {"using":"xpath","value":"//*[@id=\"__item3813-__clone9790-imgNav\"]"}
COMMAND: POST /session/8690b08f518c8418ef29018541b658af/elements - {"using":"xpath","value":"//*[@id=\"__item3813-__clone9790-imgNav\"]"}
RESULT: {"using":"xpath","value":"//*[@id=\"__item3813-__clone9790-imgNav\"]"}
COMMAND: POST /session/8690b08f518c8418ef29018541b658af/elements - {"using":"xpath","value":"//*[@id=\"__item3813-__clone9790-imgNav\"]"}
RESULT: {"using":"xpath","value":"//*[@id=\"__item3813-__clone9790-imgNav\"]"}
COMMAND: POST /session/8690b08f518c8418ef29018541b658af/elements - {"using":"xpath","value":"//*[@id=\"__item3813-__clone9790-imgNav\"]"}
RESULT: {"using":"xpath","value":"//*[@id=\"__item3813-__clone9790-imgNav\"]"}
COMMAND: POST /session/8690b08f518c8418ef29018541b658af/elements - {"using":"xpath","value":"//*[@id=\"__item3813-__clone9790-imgNav\"]"}
RESULT: {"using":"xpath","value":"//*[@id=\"__item3813-__clone9790-imgNav\"]"}
COMMAND: POST /session/8690b08f518c8418ef29018541b658af/elements - {"using":"xpath","value":"//*[@id=\"__item3813-__clone9790-imgNav\"]"}
RESULT: {"using":"xpath","value":"//*[@id=\"__item3813-__clone9790-imgNav\"]"}
COMMAND: POST /session/8690b08f518c8418ef29018541b658af/elements - {"using":"xpath","value":"//*[@id=\"__item3813-__clone9790-imgNav\"]"}
RESULT: {"using":"xpath","value":"//*[@id=\"__item3813-__clone9790-imgNav\"]"}
COMMAND: POST /session/8690b08f518c8418ef29018541b658af/elements - {"using":"xpath","value":"//*[@id=\"__item3813-__clone9790-imgNav\"]"}
RESULT: {"using":"xpath","value":"//*[@id=\"__item3813-__clone9790-imgNav\"]"}
COMMAND: POST /session/8690b08f518c8418ef29018541b658af/elements - {"using":"xpath","value":"//*[@id=\"__item3813-__clone9790-imgNav\"]"}
RESULT: {"using":"xpath","value":"//*[@id=\"__item3813-__clone9790-imgNav\"]"}
COMMAND: POST /session/8690b08f518c8418ef29018541b658af/elements - {"using":"xpath","value":"//*[@id=\"__item3813-__clone9790-imgNav\"]"}
RESULT: {"using":"xpath","value":"//*[@id=\"__item3813-__clone9790-imgNav\"]"}
COMMAND: POST /session/8690b08f518c8418ef29018541b658af/elements - {"using":"xpath","value":"//*[@id=\"__item3813-__clone9790-imgNav\"]"}
RESULT: {"using":"xpath","value":"//*[@id=\"__item3813-__clone9790-imgNav\"]"}
COMMAND: POST /session/8690b08f518c8418ef29018541b658af/elements - {"using":"xpath","value":"//*[@id=\"__item3813-__clone9790-imgNav\"]"}
RESULT: {"using":"xpath","value":"//*[@id=\"__item3813-__clone9790-imgNav\"]"}
COMMAND: POST /session/8690b08f518c8418ef29018541b658af/elements - {"using":"xpath","value":"//*[@id=\"__item3813-__clone9790-imgNav\"]"}
RESULT: {"using":"xpath","value":"//*[@id=\"__item3813-__clone9790-imgNav\"]"}
COMMAND: POST /session/8690b08f518c8418ef29018541b658af/elements - {"using":"xpath","value":"//*[@id=\"__item3813-__clone9790-imgNav\"]"}
RESULT: {"using":"xpath","value":"//*[@id=\"__item3813-__clone9790-imgNav\"]"}
COMMAND: POST /session/8690b08f518c8418ef29018541b658af/elements - {"using":"xpath","value":"//*[@id=\"__item3813-__clone9790-imgNav\"]"}
RESULT: {"using":"xpath","value":"//*[@id=\"__item3813-__clone9790-imgNav\"]"}
COMMAND: POST /session/8690b08f518c8418ef29018541b658af/elements - {"using":"xpath","value":"//*[@id=\"__item3813-__clone9790-imgNav\"]"}
RESULT: {"using":"xpath","value":"//*[@id=\"__item3813-__clone9790-imgNav\"]"}
COMMAND: POST /session/8690b08f518c8418ef29018541b658af/elements - {"using":"xpath","value":"//*[@id=\"__item3813-__clone9790-imgNav\"]"}
RESULT: {"using":"xpath","value":"//*[@id=\"__item3813-__clone9790-imgNav\"]"}
COMMAND: POST /session/8690b08f518c8418ef29018541b658af/elements - {"using":"xpath","value":"//*[@id=\"__item3813-__clone9790-imgNav\"]"}
RESULT: {"using":"xpath","value":"//*[@id=\"__item3813-__clone9790-imgNav\"]"}
COMMAND: POST /session/8690b08f518c8418ef29018541b658af/elements - {"using":"xpath","value":"//*[@id=\"__item3813-__clone9790-imgNav\"]"}
RESULT: {"using":"xpath","value":"//*[@id=\"__item3813-__clone9790-imgNav\"]"}
COMMAND: POST /session/8690b08f518c8418ef29018541b658af/elements - {"using":"xpath","value":"//*[@id=\"__item3813-__clone9790-imgNav\"]"}
RESULT: {"using":"xpath","value":"//*[@id=\"__item3813-__clone9790-imgNav\"]"}
COMMAND: POST /session/8690b08f518c8418ef29018541b658af/elements - {"using":"xpath","value":"//*[@id=\"__item3813-__clone9790-imgNav\"]"}
RESULT: {"using":"xpath","value":"//*[@id=\"__item3813-__clone9790-imgNav\"]"}
COMMAND: POST /session/8690b08f518c8418ef29018541b658af/elements - {"using":"xpath","value":"//*[@id=\"__item3813-__clone9790-imgNav\"]"}
RESULT: {"using":"xpath","value":"//*[@id=\"__item3813-__clone9790-imgNav\"]"}
COMMAND: POST /session/8690b08f518c8418ef29018541b658af/elements - {"using":"xpath","value":"//*[@id=\"__item3813-__clone9790-imgNav\"]"}
RESULT: {"using":"xpath","value":"//*[@id=\"__item3813-__clone9790-imgNav\"]"}
COMMAND: POST /session/8690b08f518c8418ef29018541b658af/elements - {"using":"xpath","value":"//*[@id=\"__item3813-__clone9790-imgNav\"]"}
RESULT: {"using":"xpath","value":"//*[@id=\"__item3813-__clone9790-imgNav\"]"}
COMMAND: POST /session/8690b08f518c8418ef29018541b658af/elements - {"using":"xpath","value":"//*[@id=\"__item3813-__clone9790-imgNav\"]"}
RESULT: {"using":"xpath","value":"//*[@id=\"__item3813-__clone9790-imgNav\"]"}
COMMAND: POST /session/8690b08f518c8418ef29018541b658af/elements - {"using":"xpath","value":"//*[@id=\"__item3813-__clone9790-imgNav\"]"}
RESULT: {"using":"xpath","value":"//*[@id=\"__item3813-__clone9790-imgNav\"]"}
COMMAND: POST /session/8690b08f518c8418ef29018541b658af/elements - {"using":"xpath","value":"//*[@id=\"__item3813-__clone9790-imgNav\"]"}
RESULT: {"using":"xpath","value":"//*[@id=\"__item3813-__clone9790-imgNav\"]"}
COMMAND: POST /session/8690b08f518c8418ef29018541b658af/elements - {"using":"xpath","value":"//*[@id=\"__item3813-__clone9790-imgNav\"]"}
RESULT: {"using":"xpath","value":"//*[@id=\"__item3813-__clone9790-imgNav\"]"}
COMMAND: POST /session/8690b08f518c8418ef29018541b658af/elements - {"using":"xpath","value":"//*[@id=\"__item3813-__clone9790-imgNav\"]"}
RESULT: {"using":"xpath","value":"//*[@id=\"__item3813-__clone9790-imgNav\"]"}
COMMAND: POST /session/8690b08f518c8418ef29018541b658af/elements - {"using":"xpath","value":"//*[@id=\"__item3813-__clone9790-imgNav\"]"}
RESULT: {"using":"xpath","value":"//*[@id=\"__item3813-__clone9790-imgNav\"]"}
COMMAND: POST /session/8690b08f518c8418ef29018541b658af/elements - {"using":"xpath","value":"//*[@id=\"__item3813-__clone9790-imgNav\"]"}
RESULT: {"using":"xpath","value":"//*[@id=\"__item3813-__clone9790-imgNav\"]"}
COMMAND: POST /session/8690b08f518c8418ef29018541b658af/elements - {"using":"xpath","value":"//*[@id=\"__item3813-__clone9790-imgNav\"]"}
RESULT: {"using":"xpath","value":"//*[@id=\"__item3813-__clone9790-imgNav\"]"}
COMMAND: POST /session/8690b08f518c8418ef29018541b658af/elements - {"using":"xpath","value":"//*[@id=\"__item3813-__clone9790-imgNav\"]"}
RESULT: {"using":"xpath","value":"//*[@id=\"__item3813-__clone9790-imgNav\"]"}
COMMAND: POST /session/8690b08f518c8418ef29018541b658af/elements - {"using":"xpath","value":"//*[@id=\"__item3813-__clone9790-imgNav\"]"}
RESULT: {"using":"xpath","value":"//*[@id=\"__item3813-__clone9790-imgNav\"]"}
COMMAND: POST /session/8690b08f518c8418ef29018541b658af/elements - {"using":"xpath","value":"//*[@id=\"__item3813-__clone9790-imgNav\"]"}
RESULT: {"using":"xpath","value":"//*[@id=\"__item3813-__clone9790-imgNav\"]"}
COMMAND: POST /session/8690b08f518c8418ef29018541b658af/elements - {"using":"xpath","value":"//*[@id=\"__item3813-__clone9790-imgNav\"]"}
RESULT: {"using":"xpath","value":"//*[@id=\"__item3813-__clone9790-imgNav\"]"}
COMMAND: POST /session/8690b08f518c8418ef29018541b658af/elements - {"using":"xpath","value":"//*[@id=\"__item3813-__clone9790-imgNav\"]"}
RESULT: {"using":"xpath","value":"//*[@id=\"__item3813-__clone9790-imgNav\"]"}
COMMAND: POST /session/8690b08f518c8418ef29018541b658af/elements - {"using":"xpath","value":"//*[@id=\"__item3813-__clone9790-imgNav\"]"}
RESULT: {"using":"xpath","value":"//*[@id=\"__item3813-__clone9790-imgNav\"]"}
COMMAND: POST /session/8690b08f518c8418ef29018541b658af/elements - {"using":"xpath","value":"//*[@id=\"__item3813-__clone9790-imgNav\"]"}
RESULT: {"using":"xpath","value":"//*[@id=\"__item3813-__clone9790-imgNav\"]"}
COMMAND: POST /session/8690b08f518c8418ef29018541b658af/elements - {"using":"xpath","value":"//*[@id=\"__item3813-__clone9790-imgNav\"]"}
RESULT: {"using":"xpath","value":"//*[@id=\"__item3813-__clone9790-imgNav\"]"}
COMMAND: POST /session/8690b08f518c8418ef29018541b658af/elements - {"using":"xpath","value":"//*[@id=\"__item3813-__clone9790-imgNav\"]"}
RESULT: {"using":"xpath","value":"//*[@id=\"__item3813-__clone9790-imgNav\"]"}
COMMAND: POST /session/8690b08f518c8418ef29018541b658af/elements - {"using":"xpath","value":"//*[@id=\"__item3813-__clone9790-imgNav\"]"}
RESULT: {"using":"xpath","value":"//*[@id=\"__item3813-__clone9790-imgNav\"]"}
COMMAND: POST /session/8690b08f518c8418ef29018541b658af/elements - {"using":"xpath","value":"//*[@id=\"__item3813-__clone9790-imgNav\"]"}
RESULT: {"using":"xpath","value":"//*[@id=\"__item3813-__clone9790-imgNav\"]"}
COMMAND: POST /session/8690b08f518c8418ef29018541b658af/elements - {"using":"xpath","value":"//*[@id=\"__item3813-__clone9790-imgNav\"]"}
RESULT: {"using":"xpath","value":"//*[@id=\"__item3813-__clone9790-imgNav\"]"}
COMMAND: POST /session/8690b08f518c8418ef29018541b658af/elements - {"using":"xpath","value":"//*[@id=\"__item3813-__clone9790-imgNav\"]"}
RESULT: {"using":"xpath","value":"//*[@id=\"__item3813-__clone9790-imgNav\"]"}
COMMAND: POST /session/8690b08f518c8418ef29018541b658af/elements - {"using":"xpath","value":"//*[@id=\"__item3813-__clone9790-imgNav\"]"}
RESULT: {"using":"xpath","value":"//*[@id=\"__item3813-__clone9790-imgNav\"]"}
COMMAND: POST /session/8690b08f518c8418ef29018541b658af/elements - {"using":"xpath","value":"//*[@id=\"__item3813-__clone9790-imgNav\"]"}
RESULT: {"using":"xpath","value":"//*[@id=\"__item3813-__clone9790-imgNav\"]"}
COMMAND: POST /session/8690b08f518c8418ef29018541b658af/elements - {"using":"xpath","value":"//*[@id=\"__item3813-__clone9790-imgNav\"]"}
RESULT: {"using":"xpath","value":"//*[@id=\"__item3813-__clone9790-imgNav\"]"}
COMMAND: POST /session/8690b08f518c8418ef29018541b658af/elements - {"using":"xpath","value":"//*[@id=\"__item3813-__clone9790-imgNav\"]"}
RESULT: {"using":"xpath","value":"//*[@id=\"__item3813-__clone9790-imgNav\"]"}
COMMAND: POST /session/8690b08f518c8418ef29018541b658af/elements - {"using":"xpath","value":"//*[@id=\"__item3813-__clone9790-imgNav\"]"}
RESULT: {"using":"xpath","value":"//*[@id=\"__item3813-__clone9790-imgNav\"]"}
COMMAND: POST /session/8690b08f518c8418ef29018541b658af/elements - {"using":"xpath","value":"//*[@id=\"__item3813-__clone9790-imgNav\"]"}
RESULT: {"using":"xpath","value":"//*[@id=\"__item3813-__clone9790-imgNav\"]"}
COMMAND: POST /session/8690b08f518c8418ef29018541b658af/elements - {"using":"xpath","value":"//*[@id=\"__item3813-__clone9790-imgNav\"]"}
RESULT: {"using":"xpath","value":"//*[@id=\"__item3813-__clone9790-imgNav\"]"}
COMMAND: POST /session/8690b08f518c8418ef29018541b658af/elements - {"using":"xpath","value":"//*[@id=\"__item3813-__clone9790-imgNav\"]"}
RESULT: {"using":"xpath","value":"//*[@id=\"__item3813-__clone9790-imgNav\"]"}
COMMAND: POST /session/8690b08f518c8418ef29018541b658af/elements - {"using":"xpath","value":"//*[@id=\"__item3813-__clone9790-imgNav\"]"}
RESULT: {"using":"xpath","value":"//*[@id=\"__item3813-__clone9790-imgNav\"]"}
COMMAND: POST /session/8690b08f518c8418ef29018541b658af/elements - {"using":"xpath","value":"//*[@id=\"__item3813-__clone9790-imgNav\"]"}
RESULT: {"using":"xpath","value":"//*[@id=\"__item3813-__clone9790-imgNav\"]"}
COMMAND: POST /session/8690b08f518c8418ef29018541b658af/elements - {"using":"xpath","value":"//*[@id=\"__item3813-__clone9790-imgNav\"]"}
RESULT: {"using":"xpath","value":"//*[@id=\"__item3813-__clone9790-imgNav\"]"}
COMMAND: POST /session/8690b08f518c8418ef29018541b658af/elements - {"using":"xpath","value":"//*[@id=\"__item3813-__clone9790-imgNav\"]"}
RESULT: {"using":"xpath","value":"//*[@id=\"__item3813-__clone9790-imgNav\"]"}
COMMAND: POST /session/8690b08f518c8418ef29018541b658af/elements - {"using":"xpath","value":"//*[@id=\"__item3813-__clone9790-imgNav\"]"}
RESULT: {"using":"xpath","value":"//*[@id=\"__item3813-__clone9790-imgNav\"]"}
COMMAND: POST /session/8690b08f518c8418ef29018541b658af/elements - {"using":"xpath","value":"//*[@id=\"__item3813-__clone9790-imgNav\"]"}
RESULT: {"using":"xpath","value":"//*[@id=\"__item3813-__clone9790-imgNav\"]"}
COMMAND: POST /session/8690b08f518c8418ef29018541b658af/elements - {"using":"xpath","value":"//*[@id=\"__item3813-__clone9790-imgNav\"]"}
RESULT: {"using":"xpath","value":"//*[@id=\"__item3813-__clone9790-imgNav\"]"}
COMMAND: POST /session/8690b08f518c8418ef29018541b658af/elements - {"using":"xpath","value":"//*[@id=\"__item3813-__clone9790-imgNav\"]"}
RESULT: {"using":"xpath","value":"//*[@id=\"__item3813-__clone9790-imgNav\"]"}
COMMAND: POST /session/8690b08f518c8418ef29018541b658af/elements - {"using":"xpath","value":"//*[@id=\"__item3813-__clone9790-imgNav\"]"}
RESULT: {"using":"xpath","value":"//*[@id=\"__item3813-__clone9790-imgNav\"]"}
COMMAND: POST /session/8690b08f518c8418ef29018541b658af/elements - {"using":"xpath","value":"//*[@id=\"__item3813-__clone9790-imgNav\"]"}
RESULT: {"using":"xpath","value":"//*[@id=\"__item3813-__clone9790-imgNav\"]"}
COMMAND: POST /session/8690b08f518c8418ef29018541b658af/elements - {"using":"xpath","value":"//*[@id=\"__item3813-__clone9790-imgNav\"]"}
RESULT: {"using":"xpath","value":"//*[@id=\"__item3813-__clone9790-imgNav\"]"}
COMMAND: POST /session/8690b08f518c8418ef29018541b658af/elements - {"using":"xpath","value":"//*[@id=\"__item3813-__clone9790-imgNav\"]"}
RESULT: {"using":"xpath","value":"//*[@id=\"__item3813-__clone9790-imgNav\"]"}
COMMAND: POST /session/8690b08f518c8418ef29018541b658af/elements - {"using":"xpath","value":"//*[@id=\"__item3813-__clone9790-imgNav\"]"}
RESULT: {"using":"xpath","value":"//*[@id=\"__item3813-__clone9790-imgNav\"]"}
COMMAND: POST /session/8690b08f518c8418ef29018541b658af/elements - {"using":"xpath","value":"//*[@id=\"__item3813-__clone9790-imgNav\"]"}
RESULT: {"using":"xpath","value":"//*[@id=\"__item3813-__clone9790-imgNav\"]"}
COMMAND: POST /session/8690b08f518c8418ef29018541b658af/elements - {"using":"xpath","value":"//*[@id=\"__item3813-__clone9790-imgNav\"]"}
RESULT: {"using":"xpath","value":"//*[@id=\"__item3813-__clone9790-imgNav\"]"}
COMMAND: POST /session/8690b08f518c8418ef29018541b658af/elements - {"using":"xpath","value":"//*[@id=\"__item3813-__clone9790-imgNav\"]"}
RESULT: {"using":"xpath","value":"//*[@id=\"__item3813-__clone9790-imgNav\"]"}
COMMAND: POST /session/8690b08f518c8418ef29018541b658af/elements - {"using":"xpath","value":"//*[@id=\"__item3813-__clone9790-imgNav\"]"}
RESULT: {"using":"xpath","value":"//*[@id=\"__item3813-__clone9790-imgNav\"]"}
COMMAND: POST /session/8690b08f518c8418ef29018541b658af/elements - {"using":"xpath","value":"//*[@id=\"__item3813-__clone9790-imgNav\"]"}
RESULT: {"using":"xpath","value":"//*[@id=\"__item3813-__clone9790-imgNav\"]"}
COMMAND: POST /session/8690b08f518c8418ef29018541b658af/elements - {"using":"xpath","value":"//*[@id=\"__item3813-__clone9790-imgNav\"]"}
RESULT: {"using":"xpath","value":"//*[@id=\"__item3813-__clone9790-imgNav\"]"}
COMMAND: POST /session/8690b08f518c8418ef29018541b658af/elements - {"using":"xpath","value":"//*[@id=\"__item3813-__clone9790-imgNav\"]"}
RESULT: {"using":"xpath","value":"//*[@id=\"__item3813-__clone9790-imgNav\"]"}
COMMAND: POST /session/8690b08f518c8418ef29018541b658af/elements - {"using":"xpath","value":"//*[@id=\"__item3813-__clone9790-imgNav\"]"}
RESULT: {"using":"xpath","value":"//*[@id=\"__item3813-__clone9790-imgNav\"]"}
COMMAND: POST /session/8690b08f518c8418ef29018541b658af/elements - {"using":"xpath","value":"//*[@id=\"__item3813-__clone9790-imgNav\"]"}
RESULT: {"using":"xpath","value":"//*[@id=\"__item3813-__clone9790-imgNav\"]"}
COMMAND: POST /session/8690b08f518c8418ef29018541b658af/elements - {"using":"xpath","value":"//*[@id=\"__item3813-__clone9790-imgNav\"]"}
RESULT: {"using":"xpath","value":"//*[@id=\"__item3813-__clone9790-imgNav\"]"}
COMMAND: POST /session/8690b08f518c8418ef29018541b658af/elements - {"using":"xpath","value":"//*[@id=\"__item3813-__clone9790-imgNav\"]"}
RESULT: {"using":"xpath","value":"//*[@id=\"__item3813-__clone9790-imgNav\"]"}
COMMAND: POST /session/8690b08f518c8418ef29018541b658af/elements - {"using":"xpath","value":"//*[@id=\"__item3813-__clone9790-imgNav\"]"}
RESULT: {"using":"xpath","value":"//*[@id=\"__item3813-__clone9790-imgNav\"]"}
COMMAND: POST /session/8690b08f518c8418ef29018541b658af/elements - {"using":"xpath","value":"//*[@id=\"__item3813-__clone9790-imgNav\"]"}
RESULT: {"using":"xpath","value":"//*[@id=\"__item3813-__clone9790-imgNav\"]"}
COMMAND: POST /session/8690b08f518c8418ef29018541b658af/elements - {"using":"xpath","value":"//*[@id=\"__item3813-__clone9790-imgNav\"]"}
RESULT: {"using":"xpath","value":"//*[@id=\"__item3813-__clone9790-imgNav\"]"}
COMMAND: POST /session/8690b08f518c8418ef29018541b658af/elements - {"using":"xpath","value":"//*[@id=\"__item3813-__clone9790-imgNav\"]"}
RESULT: {"using":"xpath","value":"//*[@id=\"__item3813-__clone9790-imgNav\"]"}
COMMAND: POST /session/8690b08f518c8418ef29018541b658af/elements - {"using":"xpath","value":"//*[@id=\"__item3813-__clone9790-imgNav\"]"}
RESULT: {"using":"xpath","value":"//*[@id=\"__item3813-__clone9790-imgNav\"]"}
COMMAND: POST /session/8690b08f518c8418ef29018541b658af/elements - {"using":"xpath","value":"//*[@id=\"__item3813-__clone9790-imgNav\"]"}
RESULT: {"using":"xpath","value":"//*[@id=\"__item3813-__clone9790-imgNav\"]"}
COMMAND: POST /session/8690b08f518c8418ef29018541b658af/elements - {"using":"xpath","value":"//*[@id=\"__item3813-__clone9790-imgNav\"]"}
RESULT: {"using":"xpath","value":"//*[@id=\"__item3813-__clone9790-imgNav\"]"}
COMMAND: POST /session/8690b08f518c8418ef29018541b658af/elements - {"using":"xpath","value":"//*[@id=\"__item3813-__clone9790-imgNav\"]"}
RESULT: {"using":"xpath","value":"//*[@id=\"__item3813-__clone9790-imgNav\"]"}
COMMAND: POST /session/8690b08f518c8418ef29018541b658af/elements - {"using":"xpath","value":"//*[@id=\"__item3813-__clone9790-imgNav\"]"}
RESULT: {"using":"xpath","value":"//*[@id=\"__item3813-__clone9790-imgNav\"]"}
COMMAND: POST /session/8690b08f518c8418ef29018541b658af/elements - {"using":"xpath","value":"//*[@id=\"__item3813-__clone9790-imgNav\"]"}
RESULT: {"using":"xpath","value":"//*[@id=\"__item3813-__clone9790-imgNav\"]"}
COMMAND: POST /session/8690b08f518c8418ef29018541b658af/elements - {"using":"xpath","value":"//*[@id=\"__item3813-__clone9790-imgNav\"]"}
RESULT: {"using":"xpath","value":"//*[@id=\"__item3813-__clone9790-imgNav\"]"}
COMMAND: POST /session/8690b08f518c8418ef29018541b658af/elements - {"using":"xpath","value":"//*[@id=\"__item3813-__clone9790-imgNav\"]"}
RESULT: {"using":"xpath","value":"//*[@id=\"__item3813-__clone9790-imgNav\"]"}
COMMAND: POST /session/8690b08f518c8418ef29018541b658af/elements - {"using":"xpath","value":"//*[@id=\"__item3813-__clone9790-imgNav\"]"}
RESULT: {"using":"xpath","value":"//*[@id=\"__item3813-__clone9790-imgNav\"]"}
COMMAND: POST /session/8690b08f518c8418ef29018541b658af/elements - {"using":"xpath","value":"//*[@id=\"__item3813-__clone9790-imgNav\"]"}
RESULT: {"using":"xpath","value":"//*[@id=\"__item3813-__clone9790-imgNav\"]"}
COMMAND: POST /session/8690b08f518c8418ef29018541b658af/elements - {"using":"xpath","value":"//*[@id=\"__item3813-__clone9790-imgNav\"]"}
RESULT: {"using":"xpath","value":"//*[@id=\"__item3813-__clone9790-imgNav\"]"}
COMMAND: POST /session/8690b08f518c8418ef29018541b658af/elements - {"using":"xpath","value":"//*[@id=\"__item3813-__clone9790-imgNav\"]"}
RESULT: {"using":"xpath","value":"//*[@id=\"__item3813-__clone9790-imgNav\"]"}
COMMAND: POST /session/8690b08f518c8418ef29018541b658af/elements - {"using":"xpath","value":"//*[@id=\"__item3813-__clone9790-imgNav\"]"}
RESULT: {"using":"xpath","value":"//*[@id=\"__item3813-__clone9790-imgNav\"]"}
COMMAND: POST /session/8690b08f518c8418ef29018541b658af/elements - {"using":"xpath","value":"//*[@id=\"__item3813-__clone9790-imgNav\"]"}
RESULT: {"using":"xpath","value":"//*[@id=\"__item3813-__clone9790-imgNav\"]"}
COMMAND: POST /session/8690b08f518c8418ef29018541b658af/elements - {"using":"xpath","value":"//*[@id=\"__item3813-__clone9790-imgNav\"]"}
RESULT: {"using":"xpath","value":"//*[@id=\"__item3813-__clone9790-imgNav\"]"}
COMMAND: POST /session/8690b08f518c8418ef29018541b658af/elements - {"using":"xpath","value":"//*[@id=\"__item3813-__clone9790-imgNav\"]"}
RESULT: {"using":"xpath","value":"//*[@id=\"__item3813-__clone9790-imgNav\"]"}
COMMAND: POST /session/8690b08f518c8418ef29018541b658af/elements - {"using":"xpath","value":"//*[@id=\"__item3813-__clone9790-imgNav\"]"}
RESULT: {"using":"xpath","value":"//*[@id=\"__item3813-__clone9790-imgNav\"]"}
COMMAND: POST /session/8690b08f518c8418ef29018541b658af/elements - {"using":"xpath","value":"//*[@id=\"__item3813-__clone9790-imgNav\"]"}
RESULT: {"using":"xpath","value":"//*[@id=\"__item3813-__clone9790-imgNav\"]"}
COMMAND: POST /session/8690b08f518c8418ef29018541b658af/elements - {"using":"xpath","value":"//*[@id=\"__item3813-__clone9790-imgNav\"]"}
RESULT: {"using":"xpath","value":"//*[@id=\"__item3813-__clone9790-imgNav\"]"}
COMMAND: POST /session/8690b08f518c8418ef29018541b658af/elements - {"using":"xpath","value":"//*[@id=\"__item3813-__clone9790-imgNav\"]"}
COMMAND: POST /session/8690b08f518c8418ef29018541b658af/execute/async - {"script":"<script> [1562 bytes]","args":[{"selector":{"controlType":"sap.m.Button","viewName":"etm.portal.ui.managehandovers.view.DetailExecuteHO","i18NText":{"propertyName":"text","key":"confirmAll"},"interaction":{"idSuffix":"BDI-content"}},"wdio_ui5_key":"etmportal.ui.managehandovers.view.DetailExecuteHOsap.m.Button{\"propertyName\":\"text\",\"key\":\"confirmAll\"}"}]}
RESULT: {"using":"xpath","value":"//*[@id=\"__item3813-__clone9790-imgNav\"]"}
RESULT: {"script":"<script> [1562 bytes]","args":[{"selector":{"controlType":"sap.m.Button","viewName":"etm.portal.ui.managehandovers.view.DetailExecuteHO","i18NText":{"propertyName":"text","key":"confirmAll"},"interaction":{"idSuffix":"BDI-content"}},"wdio_ui5_key":"etmportal.ui.managehandovers.view.DetailExecuteHOsap.m.Button{\"propertyName\":\"text\",\"key\":\"confirmAll\"}"}]}
RESULT: undefined
COMMAND: POST /session/8690b08f518c8418ef29018541b658af/actions - {"actions":[{"id":"action55","type":"key","parameters":{},"actions":[{"type":"keyDown","value":"î€‡"},{"type":"pause","duration":10},{"type":"keyUp","value":"î€‡"}]}]}
RESULT: {"actions":[{"id":"action55","type":"key","parameters":{},"actions":[{"type":"keyDown","value":"î€‡"},{"type":"pause","duration":10},{"type":"keyUp","value":"î€‡"}]}]}
COMMAND: GET /session/8690b08f518c8418ef29018541b658af/screenshot - {}
RESULT: {}
COMMAND: POST /session/8690b08f518c8418ef29018541b658af/execute/async - {"script":"<script> [1562 bytes]","args":[{"selector":{"id":"confirmationButton","viewName":"etm.portal.ui.managehandovers.view.DetailExecuteHO","properties":{"text":"Issue"},"interaction":{"idSuffix":"BDI-content"}},"wdio_ui5_key":"confirmationButtonetmportal.ui.managehandovers.view.DetailExecuteHO{\"text\":\"Issue\"}"}]}
RESULT: {"script":"<script> [1562 bytes]","args":[{"selector":{"id":"confirmationButton","viewName":"etm.portal.ui.managehandovers.view.DetailExecuteHO","properties":{"text":"Issue"},"interaction":{"idSuffix":"BDI-content"}},"wdio_ui5_key":"confirmationButtonetmportal.ui.managehandovers.view.DetailExecuteHO{\"text\":\"Issue\"}"}]}
RESULT: undefined
RESULT: undefined
COMMAND: POST /session/8690b08f518c8418ef29018541b658af/execute/async - {"script":"<script> [776 bytes]","args":[{"enterText":"30815","selector":{"controlType":"sap.m.SearchField","viewName":"etm.portal.ui.managehandovers.view.MasterHO","bindingPath":{"propertyPath":"/_BASIC_SEARCH_FIELD","modelName":"fi1t3rM0d31"},"interaction":{"idSuffix":"I"}},"clearTextFirst":true,"interactionType":"ENTER_TEXT"}]}
RESULT: {"script":"<script> [776 bytes]","args":[{"enterText":"30815","selector":{"controlType":"sap.m.SearchField","viewName":"etm.portal.ui.managehandovers.view.MasterHO","bindingPath":{"propertyPath":"/_BASIC_SEARCH_FIELD","modelName":"fi1t3rM0d31"},"interaction":{"idSuffix":"I"}},"clearTextFirst":true,"interactionType":"ENTER_TEXT"}]}
COMMAND: POST /session/8690b08f518c8418ef29018541b658af/actions - {"actions":[{"id":"action56","type":"key","parameters":{},"actions":[{"type":"keyDown","value":"î€‡"},{"type":"pause","duration":10},{"type":"keyUp","value":"î€‡"}]}]}
RESULT: {"actions":[{"id":"action56","type":"key","parameters":{},"actions":[{"type":"keyDown","value":"î€‡"},{"type":"pause","duration":10},{"type":"keyUp","value":"î€‡"}]}]}
COMMAND: GET /session/8690b08f518c8418ef29018541b658af/screenshot - {}
RESULT: {}
RESULT: undefined
COMMAND: POST /session/8690b08f518c8418ef29018541b658af/element - {"using":"xpath","value":"//*[@id=\"__item3813-__clone9790-imgNav\"]"}
RESULT: {"using":"xpath","value":"//*[@id=\"__item3813-__clone9790-imgNav\"]"}
COMMAND: POST /session/8690b08f518c8418ef29018541b658af/elements - {"using":"xpath","value":"//*[@id=\"__item3813-__clone9790-imgNav\"]"}
RESULT: {"using":"xpath","value":"//*[@id=\"__item3813-__clone9790-imgNav\"]"}
COMMAND: POST /session/8690b08f518c8418ef29018541b658af/elements - {"using":"xpath","value":"//*[@id=\"__item3813-__clone9790-imgNav\"]"}
RESULT: {"using":"xpath","value":"//*[@id=\"__item3813-__clone9790-imgNav\"]"}
COMMAND: POST /session/8690b08f518c8418ef29018541b658af/elements - {"using":"xpath","value":"//*[@id=\"__item3813-__clone9790-imgNav\"]"}
RESULT: {"using":"xpath","value":"//*[@id=\"__item3813-__clone9790-imgNav\"]"}
COMMAND: POST /session/8690b08f518c8418ef29018541b658af/elements - {"using":"xpath","value":"//*[@id=\"__item3813-__clone9790-imgNav\"]"}
RESULT: {"using":"xpath","value":"//*[@id=\"__item3813-__clone9790-imgNav\"]"}
COMMAND: POST /session/8690b08f518c8418ef29018541b658af/elements - {"using":"xpath","value":"//*[@id=\"__item3813-__clone9790-imgNav\"]"}
RESULT: {"using":"xpath","value":"//*[@id=\"__item3813-__clone9790-imgNav\"]"}
COMMAND: POST /session/8690b08f518c8418ef29018541b658af/elements - {"using":"xpath","value":"//*[@id=\"__item3813-__clone9790-imgNav\"]"}
RESULT: {"using":"xpath","value":"//*[@id=\"__item3813-__clone9790-imgNav\"]"}
COMMAND: POST /session/8690b08f518c8418ef29018541b658af/elements - {"using":"xpath","value":"//*[@id=\"__item3813-__clone9790-imgNav\"]"}
RESULT: {"using":"xpath","value":"//*[@id=\"__item3813-__clone9790-imgNav\"]"}
COMMAND: POST /session/8690b08f518c8418ef29018541b658af/elements - {"using":"xpath","value":"//*[@id=\"__item3813-__clone9790-imgNav\"]"}
RESULT: {"using":"xpath","value":"//*[@id=\"__item3813-__clone9790-imgNav\"]"}
COMMAND: POST /session/8690b08f518c8418ef29018541b658af/elements - {"using":"xpath","value":"//*[@id=\"__item3813-__clone9790-imgNav\"]"}
RESULT: {"using":"xpath","value":"//*[@id=\"__item3813-__clone9790-imgNav\"]"}
COMMAND: POST /session/8690b08f518c8418ef29018541b658af/elements - {"using":"xpath","value":"//*[@id=\"__item3813-__clone9790-imgNav\"]"}
RESULT: {"using":"xpath","value":"//*[@id=\"__item3813-__clone9790-imgNav\"]"}
COMMAND: POST /session/8690b08f518c8418ef29018541b658af/elements - {"using":"xpath","value":"//*[@id=\"__item3813-__clone9790-imgNav\"]"}
RESULT: {"using":"xpath","value":"//*[@id=\"__item3813-__clone9790-imgNav\"]"}
COMMAND: POST /session/8690b08f518c8418ef29018541b658af/elements - {"using":"xpath","value":"//*[@id=\"__item3813-__clone9790-imgNav\"]"}
RESULT: {"using":"xpath","value":"//*[@id=\"__item3813-__clone9790-imgNav\"]"}
COMMAND: POST /session/8690b08f518c8418ef29018541b658af/elements - {"using":"xpath","value":"//*[@id=\"__item3813-__clone9790-imgNav\"]"}
RESULT: {"using":"xpath","value":"//*[@id=\"__item3813-__clone9790-imgNav\"]"}
COMMAND: POST /session/8690b08f518c8418ef29018541b658af/elements - {"using":"xpath","value":"//*[@id=\"__item3813-__clone9790-imgNav\"]"}
RESULT: {"using":"xpath","value":"//*[@id=\"__item3813-__clone9790-imgNav\"]"}
COMMAND: POST /session/8690b08f518c8418ef29018541b658af/elements - {"using":"xpath","value":"//*[@id=\"__item3813-__clone9790-imgNav\"]"}
RESULT: {"using":"xpath","value":"//*[@id=\"__item3813-__clone9790-imgNav\"]"}
COMMAND: POST /session/8690b08f518c8418ef29018541b658af/elements - {"using":"xpath","value":"//*[@id=\"__item3813-__clone9790-imgNav\"]"}
RESULT: {"using":"xpath","value":"//*[@id=\"__item3813-__clone9790-imgNav\"]"}
COMMAND: POST /session/8690b08f518c8418ef29018541b658af/elements - {"using":"xpath","value":"//*[@id=\"__item3813-__clone9790-imgNav\"]"}
RESULT: {"using":"xpath","value":"//*[@id=\"__item3813-__clone9790-imgNav\"]"}
COMMAND: POST /session/8690b08f518c8418ef29018541b658af/elements - {"using":"xpath","value":"//*[@id=\"__item3813-__clone9790-imgNav\"]"}
RESULT: {"using":"xpath","value":"//*[@id=\"__item3813-__clone9790-imgNav\"]"}
COMMAND: POST /session/8690b08f518c8418ef29018541b658af/elements - {"using":"xpath","value":"//*[@id=\"__item3813-__clone9790-imgNav\"]"}
RESULT: {"using":"xpath","value":"//*[@id=\"__item3813-__clone9790-imgNav\"]"}
COMMAND: POST /session/8690b08f518c8418ef29018541b658af/elements - {"using":"xpath","value":"//*[@id=\"__item3813-__clone9790-imgNav\"]"}
RESULT: {"using":"xpath","value":"//*[@id=\"__item3813-__clone9790-imgNav\"]"}
COMMAND: POST /session/8690b08f518c8418ef29018541b658af/elements - {"using":"xpath","value":"//*[@id=\"__item3813-__clone9790-imgNav\"]"}
RESULT: {"using":"xpath","value":"//*[@id=\"__item3813-__clone9790-imgNav\"]"}
COMMAND: POST /session/8690b08f518c8418ef29018541b658af/elements - {"using":"xpath","value":"//*[@id=\"__item3813-__clone9790-imgNav\"]"}
RESULT: {"using":"xpath","value":"//*[@id=\"__item3813-__clone9790-imgNav\"]"}
COMMAND: POST /session/8690b08f518c8418ef29018541b658af/elements - {"using":"xpath","value":"//*[@id=\"__item3813-__clone9790-imgNav\"]"}
RESULT: {"using":"xpath","value":"//*[@id=\"__item3813-__clone9790-imgNav\"]"}
COMMAND: POST /session/8690b08f518c8418ef29018541b658af/elements - {"using":"xpath","value":"//*[@id=\"__item3813-__clone9790-imgNav\"]"}
RESULT: {"using":"xpath","value":"//*[@id=\"__item3813-__clone9790-imgNav\"]"}
COMMAND: POST /session/8690b08f518c8418ef29018541b658af/elements - {"using":"xpath","value":"//*[@id=\"__item3813-__clone9790-imgNav\"]"}
RESULT: {"using":"xpath","value":"//*[@id=\"__item3813-__clone9790-imgNav\"]"}
COMMAND: POST /session/8690b08f518c8418ef29018541b658af/elements - {"using":"xpath","value":"//*[@id=\"__item3813-__clone9790-imgNav\"]"}
RESULT: {"using":"xpath","value":"//*[@id=\"__item3813-__clone9790-imgNav\"]"}
COMMAND: POST /session/8690b08f518c8418ef29018541b658af/elements - {"using":"xpath","value":"//*[@id=\"__item3813-__clone9790-imgNav\"]"}
RESULT: {"using":"xpath","value":"//*[@id=\"__item3813-__clone9790-imgNav\"]"}
COMMAND: POST /session/8690b08f518c8418ef29018541b658af/elements - {"using":"xpath","value":"//*[@id=\"__item3813-__clone9790-imgNav\"]"}
RESULT: {"using":"xpath","value":"//*[@id=\"__item3813-__clone9790-imgNav\"]"}
COMMAND: POST /session/8690b08f518c8418ef29018541b658af/elements - {"using":"xpath","value":"//*[@id=\"__item3813-__clone9790-imgNav\"]"}
RESULT: {"using":"xpath","value":"//*[@id=\"__item3813-__clone9790-imgNav\"]"}
COMMAND: POST /session/8690b08f518c8418ef29018541b658af/elements - {"using":"xpath","value":"//*[@id=\"__item3813-__clone9790-imgNav\"]"}
RESULT: {"using":"xpath","value":"//*[@id=\"__item3813-__clone9790-imgNav\"]"}
COMMAND: POST /session/8690b08f518c8418ef29018541b658af/elements - {"using":"xpath","value":"//*[@id=\"__item3813-__clone9790-imgNav\"]"}
RESULT: {"using":"xpath","value":"//*[@id=\"__item3813-__clone9790-imgNav\"]"}
COMMAND: POST /session/8690b08f518c8418ef29018541b658af/elements - {"using":"xpath","value":"//*[@id=\"__item3813-__clone9790-imgNav\"]"}
RESULT: {"using":"xpath","value":"//*[@id=\"__item3813-__clone9790-imgNav\"]"}
COMMAND: POST /session/8690b08f518c8418ef29018541b658af/elements - {"using":"xpath","value":"//*[@id=\"__item3813-__clone9790-imgNav\"]"}
RESULT: {"using":"xpath","value":"//*[@id=\"__item3813-__clone9790-imgNav\"]"}
COMMAND: POST /session/8690b08f518c8418ef29018541b658af/elements - {"using":"xpath","value":"//*[@id=\"__item3813-__clone9790-imgNav\"]"}
RESULT: {"using":"xpath","value":"//*[@id=\"__item3813-__clone9790-imgNav\"]"}
COMMAND: POST /session/8690b08f518c8418ef29018541b658af/elements - {"using":"xpath","value":"//*[@id=\"__item3813-__clone9790-imgNav\"]"}
RESULT: {"using":"xpath","value":"//*[@id=\"__item3813-__clone9790-imgNav\"]"}
COMMAND: POST /session/8690b08f518c8418ef29018541b658af/elements - {"using":"xpath","value":"//*[@id=\"__item3813-__clone9790-imgNav\"]"}
RESULT: {"using":"xpath","value":"//*[@id=\"__item3813-__clone9790-imgNav\"]"}
COMMAND: POST /session/8690b08f518c8418ef29018541b658af/elements - {"using":"xpath","value":"//*[@id=\"__item3813-__clone9790-imgNav\"]"}
RESULT: {"using":"xpath","value":"//*[@id=\"__item3813-__clone9790-imgNav\"]"}
COMMAND: POST /session/8690b08f518c8418ef29018541b658af/elements - {"using":"xpath","value":"//*[@id=\"__item3813-__clone9790-imgNav\"]"}
RESULT: {"using":"xpath","value":"//*[@id=\"__item3813-__clone9790-imgNav\"]"}
COMMAND: POST /session/8690b08f518c8418ef29018541b658af/elements - {"using":"xpath","value":"//*[@id=\"__item3813-__clone9790-imgNav\"]"}
RESULT: {"using":"xpath","value":"//*[@id=\"__item3813-__clone9790-imgNav\"]"}
COMMAND: POST /session/8690b08f518c8418ef29018541b658af/elements - {"using":"xpath","value":"//*[@id=\"__item3813-__clone9790-imgNav\"]"}
RESULT: {"using":"xpath","value":"//*[@id=\"__item3813-__clone9790-imgNav\"]"}
COMMAND: POST /session/8690b08f518c8418ef29018541b658af/elements - {"using":"xpath","value":"//*[@id=\"__item3813-__clone9790-imgNav\"]"}
RESULT: {"using":"xpath","value":"//*[@id=\"__item3813-__clone9790-imgNav\"]"}
COMMAND: POST /session/8690b08f518c8418ef29018541b658af/elements - {"using":"xpath","value":"//*[@id=\"__item3813-__clone9790-imgNav\"]"}
RESULT: {"using":"xpath","value":"//*[@id=\"__item3813-__clone9790-imgNav\"]"}
COMMAND: POST /session/8690b08f518c8418ef29018541b658af/elements - {"using":"xpath","value":"//*[@id=\"__item3813-__clone9790-imgNav\"]"}
RESULT: {"using":"xpath","value":"//*[@id=\"__item3813-__clone9790-imgNav\"]"}
COMMAND: POST /session/8690b08f518c8418ef29018541b658af/elements - {"using":"xpath","value":"//*[@id=\"__item3813-__clone9790-imgNav\"]"}
RESULT: {"using":"xpath","value":"//*[@id=\"__item3813-__clone9790-imgNav\"]"}
COMMAND: POST /session/8690b08f518c8418ef29018541b658af/elements - {"using":"xpath","value":"//*[@id=\"__item3813-__clone9790-imgNav\"]"}
RESULT: {"using":"xpath","value":"//*[@id=\"__item3813-__clone9790-imgNav\"]"}
COMMAND: POST /session/8690b08f518c8418ef29018541b658af/elements - {"using":"xpath","value":"//*[@id=\"__item3813-__clone9790-imgNav\"]"}
RESULT: {"using":"xpath","value":"//*[@id=\"__item3813-__clone9790-imgNav\"]"}
COMMAND: POST /session/8690b08f518c8418ef29018541b658af/elements - {"using":"xpath","value":"//*[@id=\"__item3813-__clone9790-imgNav\"]"}
RESULT: {"using":"xpath","value":"//*[@id=\"__item3813-__clone9790-imgNav\"]"}
COMMAND: POST /session/8690b08f518c8418ef29018541b658af/elements - {"using":"xpath","value":"//*[@id=\"__item3813-__clone9790-imgNav\"]"}
RESULT: {"using":"xpath","value":"//*[@id=\"__item3813-__clone9790-imgNav\"]"}
COMMAND: POST /session/8690b08f518c8418ef29018541b658af/elements - {"using":"xpath","value":"//*[@id=\"__item3813-__clone9790-imgNav\"]"}
RESULT: {"using":"xpath","value":"//*[@id=\"__item3813-__clone9790-imgNav\"]"}
COMMAND: POST /session/8690b08f518c8418ef29018541b658af/elements - {"using":"xpath","value":"//*[@id=\"__item3813-__clone9790-imgNav\"]"}
RESULT: {"using":"xpath","value":"//*[@id=\"__item3813-__clone9790-imgNav\"]"}
COMMAND: POST /session/8690b08f518c8418ef29018541b658af/elements - {"using":"xpath","value":"//*[@id=\"__item3813-__clone9790-imgNav\"]"}
RESULT: {"using":"xpath","value":"//*[@id=\"__item3813-__clone9790-imgNav\"]"}
COMMAND: POST /session/8690b08f518c8418ef29018541b658af/elements - {"using":"xpath","value":"//*[@id=\"__item3813-__clone9790-imgNav\"]"}
RESULT: {"using":"xpath","value":"//*[@id=\"__item3813-__clone9790-imgNav\"]"}
COMMAND: POST /session/8690b08f518c8418ef29018541b658af/elements - {"using":"xpath","value":"//*[@id=\"__item3813-__clone9790-imgNav\"]"}
RESULT: {"using":"xpath","value":"//*[@id=\"__item3813-__clone9790-imgNav\"]"}
COMMAND: POST /session/8690b08f518c8418ef29018541b658af/elements - {"using":"xpath","value":"//*[@id=\"__item3813-__clone9790-imgNav\"]"}
RESULT: {"using":"xpath","value":"//*[@id=\"__item3813-__clone9790-imgNav\"]"}
COMMAND: POST /session/8690b08f518c8418ef29018541b658af/elements - {"using":"xpath","value":"//*[@id=\"__item3813-__clone9790-imgNav\"]"}
RESULT: {"using":"xpath","value":"//*[@id=\"__item3813-__clone9790-imgNav\"]"}
COMMAND: POST /session/8690b08f518c8418ef29018541b658af/elements - {"using":"xpath","value":"//*[@id=\"__item3813-__clone9790-imgNav\"]"}
RESULT: {"using":"xpath","value":"//*[@id=\"__item3813-__clone9790-imgNav\"]"}
COMMAND: POST /session/8690b08f518c8418ef29018541b658af/elements - {"using":"xpath","value":"//*[@id=\"__item3813-__clone9790-imgNav\"]"}
RESULT: {"using":"xpath","value":"//*[@id=\"__item3813-__clone9790-imgNav\"]"}
COMMAND: POST /session/8690b08f518c8418ef29018541b658af/elements - {"using":"xpath","value":"//*[@id=\"__item3813-__clone9790-imgNav\"]"}
RESULT: {"using":"xpath","value":"//*[@id=\"__item3813-__clone9790-imgNav\"]"}
COMMAND: POST /session/8690b08f518c8418ef29018541b658af/elements - {"using":"xpath","value":"//*[@id=\"__item3813-__clone9790-imgNav\"]"}
RESULT: {"using":"xpath","value":"//*[@id=\"__item3813-__clone9790-imgNav\"]"}
COMMAND: POST /session/8690b08f518c8418ef29018541b658af/elements - {"using":"xpath","value":"//*[@id=\"__item3813-__clone9790-imgNav\"]"}
RESULT: {"using":"xpath","value":"//*[@id=\"__item3813-__clone9790-imgNav\"]"}
COMMAND: POST /session/8690b08f518c8418ef29018541b658af/elements - {"using":"xpath","value":"//*[@id=\"__item3813-__clone9790-imgNav\"]"}
RESULT: {"using":"xpath","value":"//*[@id=\"__item3813-__clone9790-imgNav\"]"}
COMMAND: POST /session/8690b08f518c8418ef29018541b658af/elements - {"using":"xpath","value":"//*[@id=\"__item3813-__clone9790-imgNav\"]"}
RESULT: {"using":"xpath","value":"//*[@id=\"__item3813-__clone9790-imgNav\"]"}
COMMAND: POST /session/8690b08f518c8418ef29018541b658af/elements - {"using":"xpath","value":"//*[@id=\"__item3813-__clone9790-imgNav\"]"}
RESULT: {"using":"xpath","value":"//*[@id=\"__item3813-__clone9790-imgNav\"]"}
COMMAND: POST /session/8690b08f518c8418ef29018541b658af/elements - {"using":"xpath","value":"//*[@id=\"__item3813-__clone9790-imgNav\"]"}
RESULT: {"using":"xpath","value":"//*[@id=\"__item3813-__clone9790-imgNav\"]"}
COMMAND: POST /session/8690b08f518c8418ef29018541b658af/elements - {"using":"xpath","value":"//*[@id=\"__item3813-__clone9790-imgNav\"]"}
RESULT: {"using":"xpath","value":"//*[@id=\"__item3813-__clone9790-imgNav\"]"}
COMMAND: POST /session/8690b08f518c8418ef29018541b658af/elements - {"using":"xpath","value":"//*[@id=\"__item3813-__clone9790-imgNav\"]"}
RESULT: {"using":"xpath","value":"//*[@id=\"__item3813-__clone9790-imgNav\"]"}
COMMAND: POST /session/8690b08f518c8418ef29018541b658af/elements - {"using":"xpath","value":"//*[@id=\"__item3813-__clone9790-imgNav\"]"}
RESULT: {"using":"xpath","value":"//*[@id=\"__item3813-__clone9790-imgNav\"]"}
COMMAND: POST /session/8690b08f518c8418ef29018541b658af/elements - {"using":"xpath","value":"//*[@id=\"__item3813-__clone9790-imgNav\"]"}
RESULT: {"using":"xpath","value":"//*[@id=\"__item3813-__clone9790-imgNav\"]"}
COMMAND: POST /session/8690b08f518c8418ef29018541b658af/elements - {"using":"xpath","value":"//*[@id=\"__item3813-__clone9790-imgNav\"]"}
RESULT: {"using":"xpath","value":"//*[@id=\"__item3813-__clone9790-imgNav\"]"}
COMMAND: POST /session/8690b08f518c8418ef29018541b658af/elements - {"using":"xpath","value":"//*[@id=\"__item3813-__clone9790-imgNav\"]"}
RESULT: {"using":"xpath","value":"//*[@id=\"__item3813-__clone9790-imgNav\"]"}
COMMAND: POST /session/8690b08f518c8418ef29018541b658af/elements - {"using":"xpath","value":"//*[@id=\"__item3813-__clone9790-imgNav\"]"}
RESULT: {"using":"xpath","value":"//*[@id=\"__item3813-__clone9790-imgNav\"]"}
COMMAND: POST /session/8690b08f518c8418ef29018541b658af/elements - {"using":"xpath","value":"//*[@id=\"__item3813-__clone9790-imgNav\"]"}
RESULT: {"using":"xpath","value":"//*[@id=\"__item3813-__clone9790-imgNav\"]"}
COMMAND: POST /session/8690b08f518c8418ef29018541b658af/elements - {"using":"xpath","value":"//*[@id=\"__item3813-__clone9790-imgNav\"]"}
RESULT: {"using":"xpath","value":"//*[@id=\"__item3813-__clone9790-imgNav\"]"}
COMMAND: POST /session/8690b08f518c8418ef29018541b658af/elements - {"using":"xpath","value":"//*[@id=\"__item3813-__clone9790-imgNav\"]"}
RESULT: {"using":"xpath","value":"//*[@id=\"__item3813-__clone9790-imgNav\"]"}
COMMAND: POST /session/8690b08f518c8418ef29018541b658af/elements - {"using":"xpath","value":"//*[@id=\"__item3813-__clone9790-imgNav\"]"}
RESULT: {"using":"xpath","value":"//*[@id=\"__item3813-__clone9790-imgNav\"]"}
COMMAND: POST /session/8690b08f518c8418ef29018541b658af/elements - {"using":"xpath","value":"//*[@id=\"__item3813-__clone9790-imgNav\"]"}
RESULT: {"using":"xpath","value":"//*[@id=\"__item3813-__clone9790-imgNav\"]"}
COMMAND: POST /session/8690b08f518c8418ef29018541b658af/elements - {"using":"xpath","value":"//*[@id=\"__item3813-__clone9790-imgNav\"]"}
RESULT: {"using":"xpath","value":"//*[@id=\"__item3813-__clone9790-imgNav\"]"}
COMMAND: POST /session/8690b08f518c8418ef29018541b658af/elements - {"using":"xpath","value":"//*[@id=\"__item3813-__clone9790-imgNav\"]"}
RESULT: {"using":"xpath","value":"//*[@id=\"__item3813-__clone9790-imgNav\"]"}
COMMAND: POST /session/8690b08f518c8418ef29018541b658af/elements - {"using":"xpath","value":"//*[@id=\"__item3813-__clone9790-imgNav\"]"}
RESULT: {"using":"xpath","value":"//*[@id=\"__item3813-__clone9790-imgNav\"]"}
COMMAND: POST /session/8690b08f518c8418ef29018541b658af/elements - {"using":"xpath","value":"//*[@id=\"__item3813-__clone9790-imgNav\"]"}
RESULT: {"using":"xpath","value":"//*[@id=\"__item3813-__clone9790-imgNav\"]"}
COMMAND: POST /session/8690b08f518c8418ef29018541b658af/elements - {"using":"xpath","value":"//*[@id=\"__item3813-__clone9790-imgNav\"]"}
RESULT: {"using":"xpath","value":"//*[@id=\"__item3813-__clone9790-imgNav\"]"}
COMMAND: POST /session/8690b08f518c8418ef29018541b658af/elements - {"using":"xpath","value":"//*[@id=\"__item3813-__clone9790-imgNav\"]"}
RESULT: {"using":"xpath","value":"//*[@id=\"__item3813-__clone9790-imgNav\"]"}
COMMAND: POST /session/8690b08f518c8418ef29018541b658af/elements - {"using":"xpath","value":"//*[@id=\"__item3813-__clone9790-imgNav\"]"}
RESULT: {"using":"xpath","value":"//*[@id=\"__item3813-__clone9790-imgNav\"]"}
COMMAND: POST /session/8690b08f518c8418ef29018541b658af/elements - {"using":"xpath","value":"//*[@id=\"__item3813-__clone9790-imgNav\"]"}
RESULT: {"using":"xpath","value":"//*[@id=\"__item3813-__clone9790-imgNav\"]"}
COMMAND: POST /session/8690b08f518c8418ef29018541b658af/elements - {"using":"xpath","value":"//*[@id=\"__item3813-__clone9790-imgNav\"]"}
RESULT: {"using":"xpath","value":"//*[@id=\"__item3813-__clone9790-imgNav\"]"}
COMMAND: POST /session/8690b08f518c8418ef29018541b658af/elements - {"using":"xpath","value":"//*[@id=\"__item3813-__clone9790-imgNav\"]"}
RESULT: {"using":"xpath","value":"//*[@id=\"__item3813-__clone9790-imgNav\"]"}
COMMAND: POST /session/8690b08f518c8418ef29018541b658af/elements - {"using":"xpath","value":"//*[@id=\"__item3813-__clone9790-imgNav\"]"}
RESULT: {"using":"xpath","value":"//*[@id=\"__item3813-__clone9790-imgNav\"]"}
COMMAND: POST /session/8690b08f518c8418ef29018541b658af/elements - {"using":"xpath","value":"//*[@id=\"__item3813-__clone9790-imgNav\"]"}
RESULT: {"using":"xpath","value":"//*[@id=\"__item3813-__clone9790-imgNav\"]"}
COMMAND: POST /session/8690b08f518c8418ef29018541b658af/elements - {"using":"xpath","value":"//*[@id=\"__item3813-__clone9790-imgNav\"]"}
RESULT: {"using":"xpath","value":"//*[@id=\"__item3813-__clone9790-imgNav\"]"}
COMMAND: POST /session/8690b08f518c8418ef29018541b658af/elements - {"using":"xpath","value":"//*[@id=\"__item3813-__clone9790-imgNav\"]"}
RESULT: {"using":"xpath","value":"//*[@id=\"__item3813-__clone9790-imgNav\"]"}
COMMAND: POST /session/8690b08f518c8418ef29018541b658af/elements - {"using":"xpath","value":"//*[@id=\"__item3813-__clone9790-imgNav\"]"}
RESULT: {"using":"xpath","value":"//*[@id=\"__item3813-__clone9790-imgNav\"]"}
COMMAND: POST /session/8690b08f518c8418ef29018541b658af/elements - {"using":"xpath","value":"//*[@id=\"__item3813-__clone9790-imgNav\"]"}
RESULT: {"using":"xpath","value":"//*[@id=\"__item3813-__clone9790-imgNav\"]"}
COMMAND: POST /session/8690b08f518c8418ef29018541b658af/elements - {"using":"xpath","value":"//*[@id=\"__item3813-__clone9790-imgNav\"]"}
RESULT: {"using":"xpath","value":"//*[@id=\"__item3813-__clone9790-imgNav\"]"}
COMMAND: POST /session/8690b08f518c8418ef29018541b658af/elements - {"using":"xpath","value":"//*[@id=\"__item3813-__clone9790-imgNav\"]"}
RESULT: {"using":"xpath","value":"//*[@id=\"__item3813-__clone9790-imgNav\"]"}
COMMAND: POST /session/8690b08f518c8418ef29018541b658af/elements - {"using":"xpath","value":"//*[@id=\"__item3813-__clone9790-imgNav\"]"}
RESULT: {"using":"xpath","value":"//*[@id=\"__item3813-__clone9790-imgNav\"]"}
COMMAND: POST /session/8690b08f518c8418ef29018541b658af/elements - {"using":"xpath","value":"//*[@id=\"__item3813-__clone9790-imgNav\"]"}
RESULT: {"using":"xpath","value":"//*[@id=\"__item3813-__clone9790-imgNav\"]"}
COMMAND: POST /session/8690b08f518c8418ef29018541b658af/elements - {"using":"xpath","value":"//*[@id=\"__item3813-__clone9790-imgNav\"]"}
RESULT: {"using":"xpath","value":"//*[@id=\"__item3813-__clone9790-imgNav\"]"}
COMMAND: POST /session/8690b08f518c8418ef29018541b658af/elements - {"using":"xpath","value":"//*[@id=\"__item3813-__clone9790-imgNav\"]"}
RESULT: {"using":"xpath","value":"//*[@id=\"__item3813-__clone9790-imgNav\"]"}
COMMAND: POST /session/8690b08f518c8418ef29018541b658af/elements - {"using":"xpath","value":"//*[@id=\"__item3813-__clone9790-imgNav\"]"}
RESULT: {"using":"xpath","value":"//*[@id=\"__item3813-__clone9790-imgNav\"]"}
COMMAND: POST /session/8690b08f518c8418ef29018541b658af/elements - {"using":"xpath","value":"//*[@id=\"__item3813-__clone9790-imgNav\"]"}
RESULT: {"using":"xpath","value":"//*[@id=\"__item3813-__clone9790-imgNav\"]"}
COMMAND: POST /session/8690b08f518c8418ef29018541b658af/elements - {"using":"xpath","value":"//*[@id=\"__item3813-__clone9790-imgNav\"]"}
RESULT: {"using":"xpath","value":"//*[@id=\"__item3813-__clone9790-imgNav\"]"}
COMMAND: POST /session/8690b08f518c8418ef29018541b658af/elements - {"using":"xpath","value":"//*[@id=\"__item3813-__clone9790-imgNav\"]"}
RESULT: {"using":"xpath","value":"//*[@id=\"__item3813-__clone9790-imgNav\"]"}
COMMAND: POST /session/8690b08f518c8418ef29018541b658af/elements - {"using":"xpath","value":"//*[@id=\"__item3813-__clone9790-imgNav\"]"}
RESULT: {"using":"xpath","value":"//*[@id=\"__item3813-__clone9790-imgNav\"]"}
COMMAND: POST /session/8690b08f518c8418ef29018541b658af/elements - {"using":"xpath","value":"//*[@id=\"__item3813-__clone9790-imgNav\"]"}
RESULT: {"using":"xpath","value":"//*[@id=\"__item3813-__clone9790-imgNav\"]"}
COMMAND: POST /session/8690b08f518c8418ef29018541b658af/elements - {"using":"xpath","value":"//*[@id=\"__item3813-__clone9790-imgNav\"]"}
RESULT: {"using":"xpath","value":"//*[@id=\"__item3813-__clone9790-imgNav\"]"}
COMMAND: POST /session/8690b08f518c8418ef29018541b658af/elements - {"using":"xpath","value":"//*[@id=\"__item3813-__clone9790-imgNav\"]"}
RESULT: {"using":"xpath","value":"//*[@id=\"__item3813-__clone9790-imgNav\"]"}
COMMAND: POST /session/8690b08f518c8418ef29018541b658af/elements - {"using":"xpath","value":"//*[@id=\"__item3813-__clone9790-imgNav\"]"}
RESULT: {"using":"xpath","value":"//*[@id=\"__item3813-__clone9790-imgNav\"]"}
COMMAND: POST /session/8690b08f518c8418ef29018541b658af/elements - {"using":"xpath","value":"//*[@id=\"__item3813-__clone9790-imgNav\"]"}
RESULT: {"using":"xpath","value":"//*[@id=\"__item3813-__clone9790-imgNav\"]"}
COMMAND: POST /session/8690b08f518c8418ef29018541b658af/elements - {"using":"xpath","value":"//*[@id=\"__item3813-__clone9790-imgNav\"]"}
RESULT: {"using":"xpath","value":"//*[@id=\"__item3813-__clone9790-imgNav\"]"}
COMMAND: POST /session/8690b08f518c8418ef29018541b658af/elements - {"using":"xpath","value":"//*[@id=\"__item3813-__clone9790-imgNav\"]"}
RESULT: {"using":"xpath","value":"//*[@id=\"__item3813-__clone9790-imgNav\"]"}
COMMAND: POST /session/8690b08f518c8418ef29018541b658af/elements - {"using":"xpath","value":"//*[@id=\"__item3813-__clone9790-imgNav\"]"}
RESULT: {"using":"xpath","value":"//*[@id=\"__item3813-__clone9790-imgNav\"]"}
COMMAND: POST /session/8690b08f518c8418ef29018541b658af/elements - {"using":"xpath","value":"//*[@id=\"__item3813-__clone9790-imgNav\"]"}
RESULT: {"using":"xpath","value":"//*[@id=\"__item3813-__clone9790-imgNav\"]"}
COMMAND: POST /session/8690b08f518c8418ef29018541b658af/elements - {"using":"xpath","value":"//*[@id=\"__item3813-__clone9790-imgNav\"]"}
RESULT: {"using":"xpath","value":"//*[@id=\"__item3813-__clone9790-imgNav\"]"}
COMMAND: POST /session/8690b08f518c8418ef29018541b658af/elements - {"using":"xpath","value":"//*[@id=\"__item3813-__clone9790-imgNav\"]"}
RESULT: {"using":"xpath","value":"//*[@id=\"__item3813-__clone9790-imgNav\"]"}
COMMAND: POST /session/8690b08f518c8418ef29018541b658af/elements - {"using":"xpath","value":"//*[@id=\"__item3813-__clone9790-imgNav\"]"}
RESULT: {"using":"xpath","value":"//*[@id=\"__item3813-__clone9790-imgNav\"]"}
COMMAND: POST /session/8690b08f518c8418ef29018541b658af/elements - {"using":"xpath","value":"//*[@id=\"__item3813-__clone9790-imgNav\"]"}
RESULT: {"using":"xpath","value":"//*[@id=\"__item3813-__clone9790-imgNav\"]"}
COMMAND: POST /session/8690b08f518c8418ef29018541b658af/elements - {"using":"xpath","value":"//*[@id=\"__item3813-__clone9790-imgNav\"]"}
RESULT: {"using":"xpath","value":"//*[@id=\"__item3813-__clone9790-imgNav\"]"}
COMMAND: POST /session/8690b08f518c8418ef29018541b658af/elements - {"using":"xpath","value":"//*[@id=\"__item3813-__clone9790-imgNav\"]"}
RESULT: {"using":"xpath","value":"//*[@id=\"__item3813-__clone9790-imgNav\"]"}
COMMAND: POST /session/8690b08f518c8418ef29018541b658af/elements - {"using":"xpath","value":"//*[@id=\"__item3813-__clone9790-imgNav\"]"}
RESULT: {"using":"xpath","value":"//*[@id=\"__item3813-__clone9790-imgNav\"]"}
COMMAND: POST /session/8690b08f518c8418ef29018541b658af/elements - {"using":"xpath","value":"//*[@id=\"__item3813-__clone9790-imgNav\"]"}
RESULT: {"using":"xpath","value":"//*[@id=\"__item3813-__clone9790-imgNav\"]"}
COMMAND: POST /session/8690b08f518c8418ef29018541b658af/elements - {"using":"xpath","value":"//*[@id=\"__item3813-__clone9790-imgNav\"]"}
RESULT: {"using":"xpath","value":"//*[@id=\"__item3813-__clone9790-imgNav\"]"}
COMMAND: POST /session/8690b08f518c8418ef29018541b658af/execute/async - {"script":"<script> [1562 bytes]","args":[{"selector":{"id":"instructionsTabFilter","viewName":"etm.portal.ui.managehandovers.view.DetailExecuteHO","interaction":{"idSuffix":"text"}},"wdio_ui5_key":"instructionsTabFilteretmportal.ui.managehandovers.view.DetailExecuteHO"}]}
RESULT: {"script":"<script> [1562 bytes]","args":[{"selector":{"id":"instructionsTabFilter","viewName":"etm.portal.ui.managehandovers.view.DetailExecuteHO","interaction":{"idSuffix":"text"}},"wdio_ui5_key":"instructionsTabFilteretmportal.ui.managehandovers.view.DetailExecuteHO"}]}
RESULT: undefined
RESULT: undefined
COMMAND: POST /session/8690b08f518c8418ef29018541b658af/execute/async - {"script":"<script> [1562 bytes]","args":[{"selector":{"controlType":"sap.m.ComboBox","viewName":"etm.portal.ui.managehandovers.view.DetailExecuteHO","bindingPath":{"propertyPath":"RECEIVING_SECTION","modelName":"catalogModel"},"interaction":{"idSuffix":"inner"}},"wdio_ui5_key":"etmportal.ui.managehandovers.view.DetailExecuteHOsap.m.ComboBox{\"propertyPath\":\"RECEIVING_SECTION\",\"modelName\":\"catalogModel\"}"}]}
RESULT: {"script":"<script> [1562 bytes]","args":[{"selector":{"controlType":"sap.m.ComboBox","viewName":"etm.portal.ui.managehandovers.view.DetailExecuteHO","bindingPath":{"propertyPath":"RECEIVING_SECTION","modelName":"catalogModel"},"interaction":{"idSuffix":"inner"}},"wdio_ui5_key":"etmportal.ui.managehandovers.view.DetailExecuteHOsap.m.ComboBox{\"propertyPath\":\"RECEIVING_SECTION\",\"modelName\":\"catalogModel\"}"}]}
RESULT: undefined
COMMAND: POST /session/8690b08f518c8418ef29018541b658af/actions - {"actions":[{"id":"action57","type":"key","parameters":{},"actions":[{"type":"keyDown","value":"î€‡"},{"type":"pause","duration":10},{"type":"keyUp","value":"î€‡"}]}]}
RESULT: {"actions":[{"id":"action57","type":"key","parameters":{},"actions":[{"type":"keyDown","value":"î€‡"},{"type":"pause","duration":10},{"type":"keyUp","value":"î€‡"}]}]}
COMMAND: GET /session/8690b08f518c8418ef29018541b658af/screenshot - {}
RESULT: {}
COMMAND: POST /session/8690b08f518c8418ef29018541b658af/execute/async - {"script":"<script> [1562 bytes]","args":[{"selector":{"id":"confirmationButton","viewName":"etm.portal.ui.managehandovers.view.DetailExecuteHO","properties":{"text":"Receive"},"interaction":{"idSuffix":"BDI-content"}},"wdio_ui5_key":"confirmationButtonetmportal.ui.managehandovers.view.DetailExecuteHO{\"text\":\"Receive\"}"}]}
RESULT: {"script":"<script> [1562 bytes]","args":[{"selector":{"id":"confirmationButton","viewName":"etm.portal.ui.managehandovers.view.DetailExecuteHO","properties":{"text":"Receive"},"interaction":{"idSuffix":"BDI-content"}},"wdio_ui5_key":"confirmationButtonetmportal.ui.managehandovers.view.DetailExecuteHO{\"text\":\"Receive\"}"}]}
RESULT: undefined
COMMAND: POST /session/8690b08f518c8418ef29018541b658af/execute/async - {"script":"<script> [1562 bytes]","args":[{"selector":{"controlType":"sap.m.Button","properties":{"text":"Continue"},"searchOpenDialogs":true,"interaction":{"idSuffix":"content"}},"wdio_ui5_key":"sapm.Button{\"text\":\"Continue\"}"}]}
RESULT: {"script":"<script> [1562 bytes]","args":[{"selector":{"controlType":"sap.m.Button","properties":{"text":"Continue"},"searchOpenDialogs":true,"interaction":{"idSuffix":"content"}},"wdio_ui5_key":"sapm.Button{\"text\":\"Continue\"}"}]}
RESULT: undefined
COMMAND: POST /session/8690b08f518c8418ef29018541b658af/element - {"using":"css selector","value":"#j_username"}
COMMAND: POST /session/8690b08f518c8418ef29018541b658af/url - {"url":"https://qa-testing-00-live-etm-ui.cfapps.eu10-004.hana.ondemand.com/"}
RESULT: {"using":"css selector","value":"#j_username"}
COMMAND: POST /session/8690b08f518c8418ef29018541b658af/element - {"using":"css selector","value":"#j_username"}
RESULT: {"url":"https://qa-testing-00-live-etm-ui.cfapps.eu10-004.hana.ondemand.com/"}
RESULT: undefined
COMMAND: GET /session/8690b08f518c8418ef29018541b658af/screenshot - {}
RESULT: {"using":"css selector","value":"#j_username"}
COMMAND: POST /session/8690b08f518c8418ef29018541b658af/element - {"using":"css selector","value":"#shell-header-logo"}
RESULT: {}
RESULT: {"using":"css selector","value":"#shell-header-logo"}
COMMAND: POST /session/8690b08f518c8418ef29018541b658af/execute/sync - {"script":"<script> [8489 bytes]","args":[{"element-6066-11e4-a52e-4f735466cecf":"f.032590EE386F29951754CC6C5B23B0CB.d.E988B0D3FCA3B49A41CECC4AF16C4FBF.e.10593","ELEMENT":"f.032590EE386F29951754CC6C5B23B0CB.d.E988B0D3FCA3B49A41CECC4AF16C4FBF.e.10593"}]}
RESULT: {"script":"<script> [8489 bytes]","args":[{"element-6066-11e4-a52e-4f735466cecf":"f.032590EE386F29951754CC6C5B23B0CB.d.E988B0D3FCA3B49A41CECC4AF16C4FBF.e.10593","ELEMENT":"f.032590EE386F29951754CC6C5B23B0CB.d.E988B0D3FCA3B49A41CECC4AF16C4FBF.e.10593"}]}
COMMAND: POST /session/8690b08f518c8418ef29018541b658af/element - {"using":"css selector","value":"#shell-header-logo"}
COMMAND: GET /session/8690b08f518c8418ef29018541b658af/screenshot - {}
RESULT: {"using":"css selector","value":"#shell-header-logo"}
COMMAND: POST /session/8690b08f518c8418ef29018541b658af/execute/sync - {"script":"<script> [8489 bytes]","args":[{"element-6066-11e4-a52e-4f735466cecf":"f.032590EE386F29951754CC6C5B23B0CB.d.E988B0D3FCA3B49A41CECC4AF16C4FBF.e.10593","ELEMENT":"f.032590EE386F29951754CC6C5B23B0CB.d.E988B0D3FCA3B49A41CECC4AF16C4FBF.e.10593"}]}
RESULT: {}
RESULT: {"script":"<script> [8489 bytes]","args":[{"element-6066-11e4-a52e-4f735466cecf":"f.032590EE386F29951754CC6C5B23B0CB.d.E988B0D3FCA3B49A41CECC4AF16C4FBF.e.10593","ELEMENT":"f.032590EE386F29951754CC6C5B23B0CB.d.E988B0D3FCA3B49A41CECC4AF16C4FBF.e.10593"}]}
COMMAND: POST /session/8690b08f518c8418ef29018541b658af/execute/sync - {"script":"<script> [5351 bytes]","args":[{"element-6066-11e4-a52e-4f735466cecf":"f.032590EE386F29951754CC6C5B23B0CB.d.E988B0D3FCA3B49A41CECC4AF16C4FBF.e.10593","ELEMENT":"f.032590EE386F29951754CC6C5B23B0CB.d.E988B0D3FCA3B49A41CECC4AF16C4FBF.e.10593"}]}
COMMAND: GET /session/8690b08f518c8418ef29018541b658af/screenshot - {}
RESULT: {"script":"<script> [5351 bytes]","args":[{"element-6066-11e4-a52e-4f735466cecf":"f.032590EE386F29951754CC6C5B23B0CB.d.E988B0D3FCA3B49A41CECC4AF16C4FBF.e.10593","ELEMENT":"f.032590EE386F29951754CC6C5B23B0CB.d.E988B0D3FCA3B49A41CECC4AF16C4FBF.e.10593"}]}
COMMAND: POST /session/8690b08f518c8418ef29018541b658af/element - {"using":"css selector","value":"#shell-header-logo"}
COMMAND: GET /session/8690b08f518c8418ef29018541b658af/screenshot - {}
RESULT: {}
RESULT: {"using":"css selector","value":"#shell-header-logo"}
COMMAND: POST /session/8690b08f518c8418ef29018541b658af/element/f.032590EE386F29951754CC6C5B23B0CB.d.E988B0D3FCA3B49A41CECC4AF16C4FBF.e.10593/click - {}
RESULT: {}
RESULT: {}
COMMAND: GET /session/8690b08f518c8418ef29018541b658af/screenshot - {}
RESULT: {}
COMMAND: POST /session/8690b08f518c8418ef29018541b658af/execute/async - {"script":"<script> [189 bytes]","args":[]}
RESULT: {"script":"<script> [189 bytes]","args":[]}
COMMAND: POST /session/8690b08f518c8418ef29018541b658af/execute/async - {"script":"<script> [123 bytes]","args":[]}
RESULT: {"script":"<script> [123 bytes]","args":[]}
COMMAND: POST /session/8690b08f518c8418ef29018541b658af/timeouts - {"script":"<number>"}
RESULT: {"script":"<number>"}
COMMAND: GET /session/8690b08f518c8418ef29018541b658af/timeouts - {}
RESULT: {}
RESULT: undefined
COMMAND: POST /session/8690b08f518c8418ef29018541b658af/execute/async - {"script":"<script> [2676 bytes]","args":[]}
RESULT: {"script":"<script> [2676 bytes]","args":[]}
COMMAND: POST /session/8690b08f518c8418ef29018541b658af/execute/async - {"script":"<script> [2342 bytes]","args":[{"protocol":"http","hostname":"0.0.0.0","path":"/","capabilities":{"browserName":"chrome","goog:chromeOptions":{"binary":"C:\\Program Files\\Google\\Chrome\\Application\\chrome.exe","args":["--start-maximized"]}},"logLevel":"warn","connectionRetryTimeout":120000,"connectionRetryCount":3,"logLevels":{},"enableDirectConnect":true,"strictSSL":true,"_":"65 more keys: [\"cacheDir\",\"port\",\"requestedCapabilities\",\"automationProtocol\",\"baseUrl\",\"waitforInterval\",\"waitforTimeout\",\"onReload\",\"beforeCommand\",\"afterCommand\",\"rootDir\",\"specs\",\"suites\",\"exclude\",\"groupLogsByTestSpec\",\"excludeDriverLogs\",\"bail\",\"framework\",\"reporters\",\"services\",\"maxInstances\",\"maxInstancesPerCapability\",\"injectGlobals\",\"filesToWatch\",\"execArgv\",\"runnerEnv\",\"runner\",\"shard\",\"specFileRetries\",\"specFileRetriesDelay\",\"specFileRetriesDeferred\",\"reporterSyncInterval\",\"reporterSyncTimeout\",\"cucumberFeaturesWithLineNumbers\",\"autoCompileOpts\",\"mochaOpts\",\"jasmineOpts\",\"cucumberOpts\",\"onPrepare\",\"onWorkerStart\",\"onWorkerEnd\",\"before\",\"beforeSession\",\"beforeSuite\",\"beforeHook\",\"beforeTest\",\"afterTest\",\"afterHook\",\"afterSuite\",\"afterSession\",\"after\",\"onComplete\",\"beforeAssertion\",\"afterAssertion\",\"beforeFeature\",\"beforeScenario\",\"beforeStep\",\"afterStep\",\"afterScenario\",\"afterFeature\",\"_\",\"suite\",\"$0\",\"ignoredWorkerServices\",\"wdi5\"]"}]}
RESULT: {"script":"<script> [2342 bytes]","args":[{"protocol":"http","hostname":"0.0.0.0","path":"/","capabilities":{"browserName":"chrome","goog:chromeOptions":{"binary":"C:\\Program Files\\Google\\Chrome\\Application\\chrome.exe","args":["--start-maximized"]}},"logLevel":"warn","connectionRetryTimeout":120000,"connectionRetryCount":3,"logLevels":{},"enableDirectConnect":true,"strictSSL":true,"_":"65 more keys: [\"cacheDir\",\"port\",\"requestedCapabilities\",\"automationProtocol\",\"baseUrl\",\"waitforInterval\",\"waitforTimeout\",\"onReload\",\"beforeCommand\",\"afterCommand\",\"rootDir\",\"specs\",\"suites\",\"exclude\",\"groupLogsByTestSpec\",\"excludeDriverLogs\",\"bail\",\"framework\",\"reporters\",\"services\",\"maxInstances\",\"maxInstancesPerCapability\",\"injectGlobals\",\"filesToWatch\",\"execArgv\",\"runnerEnv\",\"runner\",\"shard\",\"specFileRetries\",\"specFileRetriesDelay\",\"specFileRetriesDeferred\",\"reporterSyncInterval\",\"reporterSyncTimeout\",\"cucumberFeaturesWithLineNumbers\",\"autoCompileOpts\",\"mochaOpts\",\"jasmineOpts\",\"cucumberOpts\",\"onPrepare\",\"onWorkerStart\",\"onWorkerEnd\",\"before\",\"beforeSession\",\"beforeSuite\",\"beforeHook\",\"beforeTest\",\"afterTest\",\"afterHook\",\"afterSuite\",\"afterSession\",\"after\",\"onComplete\",\"beforeAssertion\",\"afterAssertion\",\"beforeFeature\",\"beforeScenario\",\"beforeStep\",\"afterStep\",\"afterScenario\",\"afterFeature\",\"_\",\"suite\",\"$0\",\"ignoredWorkerServices\",\"wdi5\"]"}]}
COMMAND: POST /session/8690b08f518c8418ef29018541b658af/execute/async - {"script":"<script> [21126 bytes]","args":[35000]}
RESULT: {"script":"<script> [21126 bytes]","args":[35000]}
COMMAND: POST /session/8690b08f518c8418ef29018541b658af/window/maximize - {}
RESULT: {}
COMMAND: POST /session/8690b08f518c8418ef29018541b658af/execute/async - {"script":"<script> [1562 bytes]","args":[{"selector":{"id":"shell-header","interaction":{"idSuffix":"icon"}},"wdio_ui5_key":"shellheader"}]}
COMMAND: GET /session/8690b08f518c8418ef29018541b658af/screenshot - {}
RESULT: {"script":"<script> [1562 bytes]","args":[{"selector":{"id":"shell-header","interaction":{"idSuffix":"icon"}},"wdio_ui5_key":"shellheader"}]}
RESULT: undefined
]]></system-out>
    </testcase>
  </testsuite>
  <testsuite timestamp="2025-05-05T17:33:00" time="418.404" tests="6" failures="0" errors="0" skipped="0">
    <properties>
      <property name="specId" value="0" />
      <property name="suiteName" value="Return from Site w/ warehouse management w/ clarification US125588" />
      <property name="capabilities" value="chrome.135_0_7049_115.windows" />
      <property name="file" value="file:///D:/a/1/s/test/specs/HTR/return-from-site-w-warehouse-management-w-clarification.spec.js" />
    </properties>
    <testcase classname="chrome.135_0_7049_115.windows.Return_from_Site_w/_warehouse_management_w/_clarification_US125588" name="Should create a WHM yard" time="108.335">
      <system-out><![CDATA[
COMMAND: POST /session/8690b08f518c8418ef29018541b658af/execute/async - {"script":"<script> [1562 bytes]","args":[{"selector":{"controlType":"sap.m.GenericTile","properties":{"header":"Manage Yards"}},"wdio_ui5_key":"sapm.GenericTile{\"header\":\"Manage Yards\"}"}]}
RESULT: {}
RESULT: {"script":"<script> [1562 bytes]","args":[{"selector":{"controlType":"sap.m.GenericTile","properties":{"header":"Manage Yards"}},"wdio_ui5_key":"sapm.GenericTile{\"header\":\"Manage Yards\"}"}]}
RESULT: undefined
COMMAND: POST /session/8690b08f518c8418ef29018541b658af/element - {"using":"xpath","value":"//*[@id=\"__tile41\"]"}
RESULT: {"using":"xpath","value":"//*[@id=\"__tile41\"]"}
COMMAND: POST /session/8690b08f518c8418ef29018541b658af/element/f.032590EE386F29951754CC6C5B23B0CB.d.E988B0D3FCA3B49A41CECC4AF16C4FBF.e.10601/click - {}
RESULT: {}
COMMAND: POST /session/8690b08f518c8418ef29018541b658af/execute/async - {"script":"<script> [1562 bytes]","args":[{"selector":{"controlType":"sap.ui.core.Icon","viewName":"etm.portal.ui.manageyards.view.Master","viewId":"application-manageyards-display-component---masterYard","properties":{"src":{"regex":{"source":"add"}}}},"wdio_ui5_key":"etmportal.ui.manageyards.view.Mastersap.ui.core.Icon{\"src\":{\"regex\":{\"source\":\"add\"}}}"}]}
COMMAND: GET /session/8690b08f518c8418ef29018541b658af/screenshot - {}
RESULT: {"script":"<script> [1562 bytes]","args":[{"selector":{"controlType":"sap.ui.core.Icon","viewName":"etm.portal.ui.manageyards.view.Master","viewId":"application-manageyards-display-component---masterYard","properties":{"src":{"regex":{"source":"add"}}}},"wdio_ui5_key":"etmportal.ui.manageyards.view.Mastersap.ui.core.Icon{\"src\":{\"regex\":{\"source\":\"add\"}}}"}]}
RESULT: undefined
COMMAND: POST /session/8690b08f518c8418ef29018541b658af/element - {"using":"xpath","value":"//*[@id=\"__button4-img\"]"}
RESULT: {}
RESULT: {"using":"xpath","value":"//*[@id=\"__button4-img\"]"}
COMMAND: POST /session/8690b08f518c8418ef29018541b658af/element/f.032590EE386F29951754CC6C5B23B0CB.d.E988B0D3FCA3B49A41CECC4AF16C4FBF.e.10647/click - {}
RESULT: {}
COMMAND: POST /session/8690b08f518c8418ef29018541b658af/execute/async - {"script":"<script> [1562 bytes]","args":[{"selector":{"id":"application-manageyards-display-component---NewYard--addressDetailDetailsName1","interaction":{"idSuffix":"inner"}},"wdio_ui5_key":"applicationmanageyards-display-component---NewYard--addressDetailDetailsName1"}]}
COMMAND: GET /session/8690b08f518c8418ef29018541b658af/screenshot - {}
RESULT: {"script":"<script> [1562 bytes]","args":[{"selector":{"id":"application-manageyards-display-component---NewYard--addressDetailDetailsName1","interaction":{"idSuffix":"inner"}},"wdio_ui5_key":"applicationmanageyards-display-component---NewYard--addressDetailDetailsName1"}]}
RESULT: undefined
COMMAND: POST /session/8690b08f518c8418ef29018541b658af/execute/async - {"script":"<script> [776 bytes]","args":[{"enterText":"warehouse managed Yard","selector":{"id":"application-manageyards-display-component---NewYard--addressDetailDetailsName1","interaction":{"idSuffix":"inner"}},"clearTextFirst":true,"interactionType":"ENTER_TEXT"}]}
RESULT: {}
RESULT: {"script":"<script> [776 bytes]","args":[{"enterText":"warehouse managed Yard","selector":{"id":"application-manageyards-display-component---NewYard--addressDetailDetailsName1","interaction":{"idSuffix":"inner"}},"clearTextFirst":true,"interactionType":"ENTER_TEXT"}]}
COMMAND: POST /session/8690b08f518c8418ef29018541b658af/execute/async - {"script":"<script> [1562 bytes]","args":[{"selector":{"id":"application-manageyards-display-component---NewYard--addressDetailDetailsLanguage-arrow"},"wdio_ui5_key":"applicationmanageyards-display-component---NewYard--addressDetailDetailsLanguage-arrow"}]}
RESULT: {"script":"<script> [1562 bytes]","args":[{"selector":{"id":"application-manageyards-display-component---NewYard--addressDetailDetailsLanguage-arrow"},"wdio_ui5_key":"applicationmanageyards-display-component---NewYard--addressDetailDetailsLanguage-arrow"}]}
RESULT: undefined
COMMAND: POST /session/8690b08f518c8418ef29018541b658af/element - {"using":"xpath","value":"//*[@id=\"application-manageyards-display-component---NewYard--addressDetailDetailsLanguage-arrow\"]"}
RESULT: {"using":"xpath","value":"//*[@id=\"application-manageyards-display-component---NewYard--addressDetailDetailsLanguage-arrow\"]"}
COMMAND: POST /session/8690b08f518c8418ef29018541b658af/element/f.032590EE386F29951754CC6C5B23B0CB.d.E988B0D3FCA3B49A41CECC4AF16C4FBF.e.11054/click - {}
RESULT: {}
COMMAND: POST /session/8690b08f518c8418ef29018541b658af/execute/async - {"script":"<script> [1562 bytes]","args":[{"selector":{"controlType":"sap.m.StandardListItem","viewName":"etm.portal.ui.manageyards.view.New","viewId":"application-manageyards-display-component---NewYard","properties":{"title":"English"},"searchOpenDialogs":true,"interaction":{"idSuffix":"content"}},"wdio_ui5_key":"etmportal.ui.manageyards.view.Newsap.m.StandardListItem{\"title\":\"English\"}"}]}
COMMAND: GET /session/8690b08f518c8418ef29018541b658af/screenshot - {}
RESULT: {"script":"<script> [1562 bytes]","args":[{"selector":{"controlType":"sap.m.StandardListItem","viewName":"etm.portal.ui.manageyards.view.New","viewId":"application-manageyards-display-component---NewYard","properties":{"title":"English"},"searchOpenDialogs":true,"interaction":{"idSuffix":"content"}},"wdio_ui5_key":"etmportal.ui.manageyards.view.Newsap.m.StandardListItem{\"title\":\"English\"}"}]}
RESULT: undefined
COMMAND: POST /session/8690b08f518c8418ef29018541b658af/element - {"using":"xpath","value":"//*[@id=\"__item101\"]"}
RESULT: {}
RESULT: {"using":"xpath","value":"//*[@id=\"__item101\"]"}
COMMAND: POST /session/8690b08f518c8418ef29018541b658af/element/f.032590EE386F29951754CC6C5B23B0CB.d.E988B0D3FCA3B49A41CECC4AF16C4FBF.e.11056/click - {}
RESULT: {}
COMMAND: POST /session/8690b08f518c8418ef29018541b658af/execute/async - {"script":"<script> [1562 bytes]","args":[{"selector":{"id":"application-manageyards-display-component---NewYard--addressDetailDetailsCity1","interaction":{"idSuffix":"inner"}},"wdio_ui5_key":"applicationmanageyards-display-component---NewYard--addressDetailDetailsCity1"}]}
COMMAND: GET /session/8690b08f518c8418ef29018541b658af/screenshot - {}
RESULT: {"script":"<script> [1562 bytes]","args":[{"selector":{"id":"application-manageyards-display-component---NewYard--addressDetailDetailsCity1","interaction":{"idSuffix":"inner"}},"wdio_ui5_key":"applicationmanageyards-display-component---NewYard--addressDetailDetailsCity1"}]}
RESULT: undefined
COMMAND: POST /session/8690b08f518c8418ef29018541b658af/execute/async - {"script":"<script> [776 bytes]","args":[{"enterText":"Rosario","selector":{"id":"application-manageyards-display-component---NewYard--addressDetailDetailsCity1","interaction":{"idSuffix":"inner"}},"clearTextFirst":true,"interactionType":"ENTER_TEXT"}]}
RESULT: {}
RESULT: {"script":"<script> [776 bytes]","args":[{"enterText":"Rosario","selector":{"id":"application-manageyards-display-component---NewYard--addressDetailDetailsCity1","interaction":{"idSuffix":"inner"}},"clearTextFirst":true,"interactionType":"ENTER_TEXT"}]}
COMMAND: POST /session/8690b08f518c8418ef29018541b658af/execute/async - {"script":"<script> [1562 bytes]","args":[{"selector":{"id":"application-manageyards-display-component---NewYard--addressDetailDetailsCountry-arrow"},"wdio_ui5_key":"applicationmanageyards-display-component---NewYard--addressDetailDetailsCountry-arrow"}]}
RESULT: {"script":"<script> [1562 bytes]","args":[{"selector":{"id":"application-manageyards-display-component---NewYard--addressDetailDetailsCountry-arrow"},"wdio_ui5_key":"applicationmanageyards-display-component---NewYard--addressDetailDetailsCountry-arrow"}]}
RESULT: undefined
COMMAND: POST /session/8690b08f518c8418ef29018541b658af/element - {"using":"xpath","value":"//*[@id=\"application-manageyards-display-component---NewYard--addressDetailDetailsCountry-arrow\"]"}
RESULT: {"using":"xpath","value":"//*[@id=\"application-manageyards-display-component---NewYard--addressDetailDetailsCountry-arrow\"]"}
COMMAND: POST /session/8690b08f518c8418ef29018541b658af/element/f.032590EE386F29951754CC6C5B23B0CB.d.E988B0D3FCA3B49A41CECC4AF16C4FBF.e.11017/click - {}
RESULT: {}
COMMAND: POST /session/8690b08f518c8418ef29018541b658af/execute/async - {"script":"<script> [1562 bytes]","args":[{"selector":{"controlType":"sap.m.StandardListItem","viewName":"etm.portal.ui.manageyards.view.New","viewId":"application-manageyards-display-component---NewYard","properties":{"title":"Argentina"},"searchOpenDialogs":true,"interaction":{"idSuffix":"content"}},"wdio_ui5_key":"etmportal.ui.manageyards.view.Newsap.m.StandardListItem{\"title\":\"Argentina\"}"}]}
COMMAND: GET /session/8690b08f518c8418ef29018541b658af/screenshot - {}
RESULT: {"script":"<script> [1562 bytes]","args":[{"selector":{"controlType":"sap.m.StandardListItem","viewName":"etm.portal.ui.manageyards.view.New","viewId":"application-manageyards-display-component---NewYard","properties":{"title":"Argentina"},"searchOpenDialogs":true,"interaction":{"idSuffix":"content"}},"wdio_ui5_key":"etmportal.ui.manageyards.view.Newsap.m.StandardListItem{\"title\":\"Argentina\"}"}]}
RESULT: undefined
COMMAND: POST /session/8690b08f518c8418ef29018541b658af/element - {"using":"xpath","value":"//*[@id=\"__item144\"]"}
RESULT: {}
RESULT: {"using":"xpath","value":"//*[@id=\"__item144\"]"}
COMMAND: POST /session/8690b08f518c8418ef29018541b658af/element/f.032590EE386F29951754CC6C5B23B0CB.d.E988B0D3FCA3B49A41CECC4AF16C4FBF.e.11060/click - {}
RESULT: {}
COMMAND: POST /session/8690b08f518c8418ef29018541b658af/execute/async - {"script":"<script> [1562 bytes]","args":[{"selector":{"controlType":"sap.m.Button","viewName":"etm.portal.ui.manageyards.view.New","viewId":"application-manageyards-display-component---NewYard","properties":{"text":"Commercial"},"interaction":{"idSuffix":"BDI-content"}},"wdio_ui5_key":"etmportal.ui.manageyards.view.Newsap.m.Button{\"text\":\"Commercial\"}"}]}
COMMAND: GET /session/8690b08f518c8418ef29018541b658af/screenshot - {}
RESULT: {"script":"<script> [1562 bytes]","args":[{"selector":{"controlType":"sap.m.Button","viewName":"etm.portal.ui.manageyards.view.New","viewId":"application-manageyards-display-component---NewYard","properties":{"text":"Commercial"},"interaction":{"idSuffix":"BDI-content"}},"wdio_ui5_key":"etmportal.ui.manageyards.view.Newsap.m.Button{\"text\":\"Commercial\"}"}]}
RESULT: undefined
COMMAND: POST /session/8690b08f518c8418ef29018541b658af/element - {"using":"xpath","value":"//*[@id=\"application-manageyards-display-component---NewYard--ObjectPageLayout-anchBar-__section5-anchor\"]"}
RESULT: {}
RESULT: {"using":"xpath","value":"//*[@id=\"application-manageyards-display-component---NewYard--ObjectPageLayout-anchBar-__section5-anchor\"]"}
COMMAND: POST /session/8690b08f518c8418ef29018541b658af/element/f.032590EE386F29951754CC6C5B23B0CB.d.E988B0D3FCA3B49A41CECC4AF16C4FBF.e.11062/click - {}
RESULT: {}
COMMAND: GET /session/8690b08f518c8418ef29018541b658af/screenshot - {}
RESULT: {}
COMMAND: POST /session/8690b08f518c8418ef29018541b658af/execute/async - {"script":"<script> [1562 bytes]","args":[{"selector":{"id":"application-manageyards-display-component---NewYard--addressEditDetailsCostObjectCstType-arrow"},"wdio_ui5_key":"applicationmanageyards-display-component---NewYard--addressEditDetailsCostObjectCstType-arrow"}]}
RESULT: {"script":"<script> [1562 bytes]","args":[{"selector":{"id":"application-manageyards-display-component---NewYard--addressEditDetailsCostObjectCstType-arrow"},"wdio_ui5_key":"applicationmanageyards-display-component---NewYard--addressEditDetailsCostObjectCstType-arrow"}]}
RESULT: undefined
COMMAND: POST /session/8690b08f518c8418ef29018541b658af/element - {"using":"xpath","value":"//*[@id=\"application-manageyards-display-component---NewYard--addressEditDetailsCostObjectCstType-arrow\"]"}
RESULT: {"using":"xpath","value":"//*[@id=\"application-manageyards-display-component---NewYard--addressEditDetailsCostObjectCstType-arrow\"]"}
COMMAND: POST /session/8690b08f518c8418ef29018541b658af/element/f.032590EE386F29951754CC6C5B23B0CB.d.E988B0D3FCA3B49A41CECC4AF16C4FBF.e.11070/click - {}
RESULT: {}
COMMAND: GET /session/8690b08f518c8418ef29018541b658af/screenshot - {}
RESULT: {}
COMMAND: POST /session/8690b08f518c8418ef29018541b658af/execute/async - {"script":"<script> [1562 bytes]","args":[{"selector":{"controlType":"sap.m.StandardListItem","viewName":"etm.portal.ui.manageyards.view.New","viewId":"application-manageyards-display-component---NewYard","properties":{"title":"Cost Center"},"searchOpenDialogs":true,"interaction":{"idSuffix":"titleText"}},"wdio_ui5_key":"etmportal.ui.manageyards.view.Newsap.m.StandardListItem{\"title\":\"Cost Center\"}"}]}
RESULT: {"script":"<script> [1562 bytes]","args":[{"selector":{"controlType":"sap.m.StandardListItem","viewName":"etm.portal.ui.manageyards.view.New","viewId":"application-manageyards-display-component---NewYard","properties":{"title":"Cost Center"},"searchOpenDialogs":true,"interaction":{"idSuffix":"titleText"}},"wdio_ui5_key":"etmportal.ui.manageyards.view.Newsap.m.StandardListItem{\"title\":\"Cost Center\"}"}]}
RESULT: undefined
COMMAND: POST /session/8690b08f518c8418ef29018541b658af/element - {"using":"xpath","value":"//*[@id=\"__item234\"]"}
RESULT: {"using":"xpath","value":"//*[@id=\"__item234\"]"}
COMMAND: POST /session/8690b08f518c8418ef29018541b658af/element/f.032590EE386F29951754CC6C5B23B0CB.d.E988B0D3FCA3B49A41CECC4AF16C4FBF.e.11072/click - {}
RESULT: {}
COMMAND: POST /session/8690b08f518c8418ef29018541b658af/element - {"using":"xpath","value":"//input[@id=\"application-manageyards-display-component---NewYard--addressNewCostObjectCstID-inner\"]"}
COMMAND: GET /session/8690b08f518c8418ef29018541b658af/screenshot - {}
RESULT: {"using":"xpath","value":"//input[@id=\"application-manageyards-display-component---NewYard--addressNewCostObjectCstID-inner\"]"}
COMMAND: POST /session/8690b08f518c8418ef29018541b658af/element/f.032590EE386F29951754CC6C5B23B0CB.d.E988B0D3FCA3B49A41CECC4AF16C4FBF.e.10877/clear - {}
RESULT: {}
COMMAND: POST /session/8690b08f518c8418ef29018541b658af/element - {"using":"xpath","value":"//input[@id=\"application-manageyards-display-component---NewYard--addressNewCostObjectCstID-inner\"]"}
RESULT: {"using":"xpath","value":"//input[@id=\"application-manageyards-display-component---NewYard--addressNewCostObjectCstID-inner\"]"}
COMMAND: POST /session/8690b08f518c8418ef29018541b658af/element/f.032590EE386F29951754CC6C5B23B0CB.d.E988B0D3FCA3B49A41CECC4AF16C4FBF.e.10877/clear - {}
COMMAND: POST /session/8690b08f518c8418ef29018541b658af/element - {"using":"xpath","value":"//input[@id=\"application-manageyards-display-component---NewYard--addressNewCostObjectCstID-inner\"]"}
RESULT: {"using":"xpath","value":"//input[@id=\"application-manageyards-display-component---NewYard--addressNewCostObjectCstID-inner\"]"}
COMMAND: POST /session/8690b08f518c8418ef29018541b658af/element/f.032590EE386F29951754CC6C5B23B0CB.d.E988B0D3FCA3B49A41CECC4AF16C4FBF.e.11075/clear - {}
COMMAND: POST /session/8690b08f518c8418ef29018541b658af/element - {"using":"xpath","value":"//input[@id=\"application-manageyards-display-component---NewYard--addressNewCostObjectCstID-inner\"]"}
RESULT: {"using":"xpath","value":"//input[@id=\"application-manageyards-display-component---NewYard--addressNewCostObjectCstID-inner\"]"}
COMMAND: POST /session/8690b08f518c8418ef29018541b658af/element/f.032590EE386F29951754CC6C5B23B0CB.d.E988B0D3FCA3B49A41CECC4AF16C4FBF.e.11075/clear - {}
COMMAND: POST /session/8690b08f518c8418ef29018541b658af/element - {"using":"xpath","value":"//input[@id=\"application-manageyards-display-component---NewYard--addressNewCostObjectCstID-inner\"]"}
RESULT: {"using":"xpath","value":"//input[@id=\"application-manageyards-display-component---NewYard--addressNewCostObjectCstID-inner\"]"}
COMMAND: POST /session/8690b08f518c8418ef29018541b658af/element/f.032590EE386F29951754CC6C5B23B0CB.d.E988B0D3FCA3B49A41CECC4AF16C4FBF.e.11077/clear - {}
RESULT: {}
COMMAND: POST /session/8690b08f518c8418ef29018541b658af/element/f.032590EE386F29951754CC6C5B23B0CB.d.E988B0D3FCA3B49A41CECC4AF16C4FBF.e.11077/value - {"text":"10001013"}
COMMAND: GET /session/8690b08f518c8418ef29018541b658af/screenshot - {}
RESULT: {"text":"10001013"}
COMMAND: GET /session/8690b08f518c8418ef29018541b658af/screenshot - {}
RESULT: {}
RESULT: {}
COMMAND: POST /session/8690b08f518c8418ef29018541b658af/execute/async - {"script":"<script> [1562 bytes]","args":[{"selector":{"controlType":"sap.m.StandardListItem","viewName":"etm.portal.ui.manageyards.view.New","viewId":"application-manageyards-display-component---NewYard","properties":{"type":"Active"},"searchOpenDialogs":true,"interaction":{"idSuffix":"titleText"}},"wdio_ui5_key":"etmportal.ui.manageyards.view.Newsap.m.StandardListItem{\"type\":\"Active\"}"}]}
RESULT: {"script":"<script> [1562 bytes]","args":[{"selector":{"controlType":"sap.m.StandardListItem","viewName":"etm.portal.ui.manageyards.view.New","viewId":"application-manageyards-display-component---NewYard","properties":{"type":"Active"},"searchOpenDialogs":true,"interaction":{"idSuffix":"titleText"}},"wdio_ui5_key":"etmportal.ui.manageyards.view.Newsap.m.StandardListItem{\"type\":\"Active\"}"}]}
RESULT: undefined
COMMAND: POST /session/8690b08f518c8418ef29018541b658af/element - {"using":"xpath","value":"//*[@id=\"__item339\"]"}
RESULT: {"using":"xpath","value":"//*[@id=\"__item339\"]"}
COMMAND: POST /session/8690b08f518c8418ef29018541b658af/element/f.032590EE386F29951754CC6C5B23B0CB.d.E988B0D3FCA3B49A41CECC4AF16C4FBF.e.11081/click - {}
RESULT: {}
COMMAND: POST /session/8690b08f518c8418ef29018541b658af/execute/async - {"script":"<script> [1562 bytes]","args":[{"selector":{"id":"application-manageyards-display-component---NewYard--addressEditDetailsCurrency-arrow"},"wdio_ui5_key":"applicationmanageyards-display-component---NewYard--addressEditDetailsCurrency-arrow"}]}
COMMAND: GET /session/8690b08f518c8418ef29018541b658af/screenshot - {}
RESULT: {"script":"<script> [1562 bytes]","args":[{"selector":{"id":"application-manageyards-display-component---NewYard--addressEditDetailsCurrency-arrow"},"wdio_ui5_key":"applicationmanageyards-display-component---NewYard--addressEditDetailsCurrency-arrow"}]}
RESULT: undefined
COMMAND: POST /session/8690b08f518c8418ef29018541b658af/element - {"using":"xpath","value":"//*[@id=\"application-manageyards-display-component---NewYard--addressEditDetailsCurrency-arrow\"]"}
RESULT: {}
RESULT: {"using":"xpath","value":"//*[@id=\"application-manageyards-display-component---NewYard--addressEditDetailsCurrency-arrow\"]"}
COMMAND: POST /session/8690b08f518c8418ef29018541b658af/element/f.032590EE386F29951754CC6C5B23B0CB.d.E988B0D3FCA3B49A41CECC4AF16C4FBF.e.11083/click - {}
RESULT: {}
COMMAND: POST /session/8690b08f518c8418ef29018541b658af/execute/async - {"script":"<script> [1562 bytes]","args":[{"selector":{"controlType":"sap.m.StandardListItem","viewName":"etm.portal.ui.manageyards.view.New","viewId":"application-manageyards-display-component---NewYard","properties":{"title":"Euro"},"searchOpenDialogs":true,"interaction":{"idSuffix":"content"}},"wdio_ui5_key":"etmportal.ui.manageyards.view.Newsap.m.StandardListItem{\"title\":\"Euro\"}"}]}
COMMAND: GET /session/8690b08f518c8418ef29018541b658af/screenshot - {}
RESULT: {"script":"<script> [1562 bytes]","args":[{"selector":{"controlType":"sap.m.StandardListItem","viewName":"etm.portal.ui.manageyards.view.New","viewId":"application-manageyards-display-component---NewYard","properties":{"title":"Euro"},"searchOpenDialogs":true,"interaction":{"idSuffix":"content"}},"wdio_ui5_key":"etmportal.ui.manageyards.view.Newsap.m.StandardListItem{\"title\":\"Euro\"}"}]}
RESULT: undefined
COMMAND: POST /session/8690b08f518c8418ef29018541b658af/element - {"using":"xpath","value":"//*[@id=\"__item340\"]"}
RESULT: {}
RESULT: {"using":"xpath","value":"//*[@id=\"__item340\"]"}
COMMAND: POST /session/8690b08f518c8418ef29018541b658af/element/f.032590EE386F29951754CC6C5B23B0CB.d.E988B0D3FCA3B49A41CECC4AF16C4FBF.e.11085/click - {}
RESULT: {}
COMMAND: POST /session/8690b08f518c8418ef29018541b658af/execute/async - {"script":"<script> [1562 bytes]","args":[{"selector":{"controlType":"sap.m.Input","viewName":"etm.portal.ui.manageyards.view.New","viewId":"application-manageyards-display-component---NewYard","bindingPath":{"path":"","propertyPath":"/CONTROLLING_AREA","modelName":"NewYardModel"},"interaction":{"idSuffix":"inner"}},"wdio_ui5_key":"etmportal.ui.manageyards.view.Newsap.m.Input{\"path\":\"\",\"propertyPath\":\"/CONTROLLING_AREA\",\"modelName\":\"NewYardModel\"}"}]}
COMMAND: GET /session/8690b08f518c8418ef29018541b658af/screenshot - {}
RESULT: {"script":"<script> [1562 bytes]","args":[{"selector":{"controlType":"sap.m.Input","viewName":"etm.portal.ui.manageyards.view.New","viewId":"application-manageyards-display-component---NewYard","bindingPath":{"path":"","propertyPath":"/CONTROLLING_AREA","modelName":"NewYardModel"},"interaction":{"idSuffix":"inner"}},"wdio_ui5_key":"etmportal.ui.manageyards.view.Newsap.m.Input{\"path\":\"\",\"propertyPath\":\"/CONTROLLING_AREA\",\"modelName\":\"NewYardModel\"}"}]}
RESULT: undefined
COMMAND: POST /session/8690b08f518c8418ef29018541b658af/execute/async - {"script":"<script> [776 bytes]","args":[{"enterText":"Z001","selector":{"controlType":"sap.m.Input","viewName":"etm.portal.ui.manageyards.view.New","viewId":"application-manageyards-display-component---NewYard","bindingPath":{"path":"","propertyPath":"/CONTROLLING_AREA","modelName":"NewYardModel"},"interaction":{"idSuffix":"inner"}},"clearTextFirst":true,"interactionType":"ENTER_TEXT"}]}
RESULT: {}
RESULT: {"script":"<script> [776 bytes]","args":[{"enterText":"Z001","selector":{"controlType":"sap.m.Input","viewName":"etm.portal.ui.manageyards.view.New","viewId":"application-manageyards-display-component---NewYard","bindingPath":{"path":"","propertyPath":"/CONTROLLING_AREA","modelName":"NewYardModel"},"interaction":{"idSuffix":"inner"}},"clearTextFirst":true,"interactionType":"ENTER_TEXT"}]}
COMMAND: POST /session/8690b08f518c8418ef29018541b658af/execute/async - {"script":"<script> [1562 bytes]","args":[{"selector":{"id":"application-manageyards-display-component---NewYard--companyCodeComboBox","interaction":{"idSuffix":"inner"}},"wdio_ui5_key":"applicationmanageyards-display-component---NewYard--companyCodeComboBox"}]}
RESULT: {"script":"<script> [1562 bytes]","args":[{"selector":{"id":"application-manageyards-display-component---NewYard--companyCodeComboBox","interaction":{"idSuffix":"inner"}},"wdio_ui5_key":"applicationmanageyards-display-component---NewYard--companyCodeComboBox"}]}
RESULT: undefined
COMMAND: POST /session/8690b08f518c8418ef29018541b658af/execute/async - {"script":"<script> [776 bytes]","args":[{"enterText":"1000","selector":{"id":"application-manageyards-display-component---NewYard--companyCodeComboBox","interaction":{"idSuffix":"inner"}},"clearTextFirst":true,"interactionType":"ENTER_TEXT"}]}
RESULT: {"script":"<script> [776 bytes]","args":[{"enterText":"1000","selector":{"id":"application-manageyards-display-component---NewYard--companyCodeComboBox","interaction":{"idSuffix":"inner"}},"clearTextFirst":true,"interactionType":"ENTER_TEXT"}]}
COMMAND: POST /session/8690b08f518c8418ef29018541b658af/execute/async - {"script":"<script> [1562 bytes]","args":[{"selector":{"controlType":"sap.m.Input","viewName":"etm.portal.ui.manageyards.view.New","viewId":"application-manageyards-display-component---NewYard","bindingPath":{"path":"","propertyPath":"/PLANT","modelName":"NewYardModel"},"interaction":{"idSuffix":"inner"}},"wdio_ui5_key":"etmportal.ui.manageyards.view.Newsap.m.Input{\"path\":\"\",\"propertyPath\":\"/PLANT\",\"modelName\":\"NewYardModel\"}"}]}
RESULT: {"script":"<script> [1562 bytes]","args":[{"selector":{"controlType":"sap.m.Input","viewName":"etm.portal.ui.manageyards.view.New","viewId":"application-manageyards-display-component---NewYard","bindingPath":{"path":"","propertyPath":"/PLANT","modelName":"NewYardModel"},"interaction":{"idSuffix":"inner"}},"wdio_ui5_key":"etmportal.ui.manageyards.view.Newsap.m.Input{\"path\":\"\",\"propertyPath\":\"/PLANT\",\"modelName\":\"NewYardModel\"}"}]}
RESULT: undefined
COMMAND: POST /session/8690b08f518c8418ef29018541b658af/execute/async - {"script":"<script> [776 bytes]","args":[{"enterText":"1001","selector":{"controlType":"sap.m.Input","viewName":"etm.portal.ui.manageyards.view.New","viewId":"application-manageyards-display-component---NewYard","bindingPath":{"path":"","propertyPath":"/PLANT","modelName":"NewYardModel"},"interaction":{"idSuffix":"inner"}},"clearTextFirst":true,"interactionType":"ENTER_TEXT"}]}
RESULT: {"script":"<script> [776 bytes]","args":[{"enterText":"1001","selector":{"controlType":"sap.m.Input","viewName":"etm.portal.ui.manageyards.view.New","viewId":"application-manageyards-display-component---NewYard","bindingPath":{"path":"","propertyPath":"/PLANT","modelName":"NewYardModel"},"interaction":{"idSuffix":"inner"}},"clearTextFirst":true,"interactionType":"ENTER_TEXT"}]}
COMMAND: POST /session/8690b08f518c8418ef29018541b658af/execute/async - {"script":"<script> [1562 bytes]","args":[{"selector":{"controlType":"sap.m.Input","viewName":"etm.portal.ui.manageyards.view.New","viewId":"application-manageyards-display-component---NewYard","bindingPath":{"path":"","propertyPath":"/SALES_AREA_VKORG","modelName":"NewYardModel"},"interaction":{"idSuffix":"inner"}},"wdio_ui5_key":"etmportal.ui.manageyards.view.Newsap.m.Input{\"path\":\"\",\"propertyPath\":\"/SALES_AREA_VKORG\",\"modelName\":\"NewYardModel\"}"}]}
RESULT: {"script":"<script> [1562 bytes]","args":[{"selector":{"controlType":"sap.m.Input","viewName":"etm.portal.ui.manageyards.view.New","viewId":"application-manageyards-display-component---NewYard","bindingPath":{"path":"","propertyPath":"/SALES_AREA_VKORG","modelName":"NewYardModel"},"interaction":{"idSuffix":"inner"}},"wdio_ui5_key":"etmportal.ui.manageyards.view.Newsap.m.Input{\"path\":\"\",\"propertyPath\":\"/SALES_AREA_VKORG\",\"modelName\":\"NewYardModel\"}"}]}
RESULT: undefined
COMMAND: POST /session/8690b08f518c8418ef29018541b658af/execute/async - {"script":"<script> [776 bytes]","args":[{"enterText":"C002","selector":{"controlType":"sap.m.Input","viewName":"etm.portal.ui.manageyards.view.New","viewId":"application-manageyards-display-component---NewYard","bindingPath":{"path":"","propertyPath":"/SALES_AREA_VKORG","modelName":"NewYardModel"},"interaction":{"idSuffix":"inner"}},"clearTextFirst":true,"interactionType":"ENTER_TEXT"}]}
RESULT: {"script":"<script> [776 bytes]","args":[{"enterText":"C002","selector":{"controlType":"sap.m.Input","viewName":"etm.portal.ui.manageyards.view.New","viewId":"application-manageyards-display-component---NewYard","bindingPath":{"path":"","propertyPath":"/SALES_AREA_VKORG","modelName":"NewYardModel"},"interaction":{"idSuffix":"inner"}},"clearTextFirst":true,"interactionType":"ENTER_TEXT"}]}
COMMAND: POST /session/8690b08f518c8418ef29018541b658af/execute/async - {"script":"<script> [1562 bytes]","args":[{"selector":{"controlType":"sap.m.Input","viewName":"etm.portal.ui.manageyards.view.New","viewId":"application-manageyards-display-component---NewYard","bindingPath":{"path":"","propertyPath":"/SALES_AREA_VTWEG","modelName":"NewYardModel"},"interaction":{"idSuffix":"inner"}},"wdio_ui5_key":"etmportal.ui.manageyards.view.Newsap.m.Input{\"path\":\"\",\"propertyPath\":\"/SALES_AREA_VTWEG\",\"modelName\":\"NewYardModel\"}"}]}
RESULT: {"script":"<script> [1562 bytes]","args":[{"selector":{"controlType":"sap.m.Input","viewName":"etm.portal.ui.manageyards.view.New","viewId":"application-manageyards-display-component---NewYard","bindingPath":{"path":"","propertyPath":"/SALES_AREA_VTWEG","modelName":"NewYardModel"},"interaction":{"idSuffix":"inner"}},"wdio_ui5_key":"etmportal.ui.manageyards.view.Newsap.m.Input{\"path\":\"\",\"propertyPath\":\"/SALES_AREA_VTWEG\",\"modelName\":\"NewYardModel\"}"}]}
RESULT: undefined
COMMAND: POST /session/8690b08f518c8418ef29018541b658af/execute/async - {"script":"<script> [776 bytes]","args":[{"enterText":"C2","selector":{"controlType":"sap.m.Input","viewName":"etm.portal.ui.manageyards.view.New","viewId":"application-manageyards-display-component---NewYard","bindingPath":{"path":"","propertyPath":"/SALES_AREA_VTWEG","modelName":"NewYardModel"},"interaction":{"idSuffix":"inner"}},"clearTextFirst":true,"interactionType":"ENTER_TEXT"}]}
RESULT: {"script":"<script> [776 bytes]","args":[{"enterText":"C2","selector":{"controlType":"sap.m.Input","viewName":"etm.portal.ui.manageyards.view.New","viewId":"application-manageyards-display-component---NewYard","bindingPath":{"path":"","propertyPath":"/SALES_AREA_VTWEG","modelName":"NewYardModel"},"interaction":{"idSuffix":"inner"}},"clearTextFirst":true,"interactionType":"ENTER_TEXT"}]}
COMMAND: POST /session/8690b08f518c8418ef29018541b658af/execute/async - {"script":"<script> [1562 bytes]","args":[{"selector":{"controlType":"sap.m.Input","viewName":"etm.portal.ui.manageyards.view.New","viewId":"application-manageyards-display-component---NewYard","bindingPath":{"path":"","propertyPath":"/SALES_AREA_SPART","modelName":"NewYardModel"},"interaction":{"idSuffix":"inner"}},"wdio_ui5_key":"etmportal.ui.manageyards.view.Newsap.m.Input{\"path\":\"\",\"propertyPath\":\"/SALES_AREA_SPART\",\"modelName\":\"NewYardModel\"}"}]}
RESULT: {"script":"<script> [1562 bytes]","args":[{"selector":{"controlType":"sap.m.Input","viewName":"etm.portal.ui.manageyards.view.New","viewId":"application-manageyards-display-component---NewYard","bindingPath":{"path":"","propertyPath":"/SALES_AREA_SPART","modelName":"NewYardModel"},"interaction":{"idSuffix":"inner"}},"wdio_ui5_key":"etmportal.ui.manageyards.view.Newsap.m.Input{\"path\":\"\",\"propertyPath\":\"/SALES_AREA_SPART\",\"modelName\":\"NewYardModel\"}"}]}
RESULT: undefined
COMMAND: POST /session/8690b08f518c8418ef29018541b658af/execute/async - {"script":"<script> [776 bytes]","args":[{"enterText":"C2","selector":{"controlType":"sap.m.Input","viewName":"etm.portal.ui.manageyards.view.New","viewId":"application-manageyards-display-component---NewYard","bindingPath":{"path":"","propertyPath":"/SALES_AREA_SPART","modelName":"NewYardModel"},"interaction":{"idSuffix":"inner"}},"clearTextFirst":true,"interactionType":"ENTER_TEXT"}]}
RESULT: {"script":"<script> [776 bytes]","args":[{"enterText":"C2","selector":{"controlType":"sap.m.Input","viewName":"etm.portal.ui.manageyards.view.New","viewId":"application-manageyards-display-component---NewYard","bindingPath":{"path":"","propertyPath":"/SALES_AREA_SPART","modelName":"NewYardModel"},"interaction":{"idSuffix":"inner"}},"clearTextFirst":true,"interactionType":"ENTER_TEXT"}]}
COMMAND: POST /session/8690b08f518c8418ef29018541b658af/execute/async - {"script":"<script> [1562 bytes]","args":[{"selector":{"controlType":"sap.m.Input","viewName":"etm.portal.ui.manageyards.view.New","viewId":"application-manageyards-display-component---NewYard","bindingPath":{"path":"","propertyPath":"/SHIP_POINT","modelName":"NewYardModel"},"interaction":{"idSuffix":"inner"}},"wdio_ui5_key":"etmportal.ui.manageyards.view.Newsap.m.Input{\"path\":\"\",\"propertyPath\":\"/SHIP_POINT\",\"modelName\":\"NewYardModel\"}"}]}
RESULT: {"script":"<script> [1562 bytes]","args":[{"selector":{"controlType":"sap.m.Input","viewName":"etm.portal.ui.manageyards.view.New","viewId":"application-manageyards-display-component---NewYard","bindingPath":{"path":"","propertyPath":"/SHIP_POINT","modelName":"NewYardModel"},"interaction":{"idSuffix":"inner"}},"wdio_ui5_key":"etmportal.ui.manageyards.view.Newsap.m.Input{\"path\":\"\",\"propertyPath\":\"/SHIP_POINT\",\"modelName\":\"NewYardModel\"}"}]}
RESULT: undefined
COMMAND: POST /session/8690b08f518c8418ef29018541b658af/execute/async - {"script":"<script> [776 bytes]","args":[{"enterText":"1710","selector":{"controlType":"sap.m.Input","viewName":"etm.portal.ui.manageyards.view.New","viewId":"application-manageyards-display-component---NewYard","bindingPath":{"path":"","propertyPath":"/SHIP_POINT","modelName":"NewYardModel"},"interaction":{"idSuffix":"inner"}},"clearTextFirst":true,"interactionType":"ENTER_TEXT"}]}
RESULT: {"script":"<script> [776 bytes]","args":[{"enterText":"1710","selector":{"controlType":"sap.m.Input","viewName":"etm.portal.ui.manageyards.view.New","viewId":"application-manageyards-display-component---NewYard","bindingPath":{"path":"","propertyPath":"/SHIP_POINT","modelName":"NewYardModel"},"interaction":{"idSuffix":"inner"}},"clearTextFirst":true,"interactionType":"ENTER_TEXT"}]}
COMMAND: POST /session/8690b08f518c8418ef29018541b658af/execute/async - {"script":"<script> [1562 bytes]","args":[{"selector":{"controlType":"sap.m.Input","viewName":"etm.portal.ui.manageyards.view.New","viewId":"application-manageyards-display-component---NewYard","bindingPath":{"path":"","propertyPath":"/DELIVERY_TYPE","modelName":"NewYardModel"},"interaction":{"idSuffix":"inner"}},"wdio_ui5_key":"etmportal.ui.manageyards.view.Newsap.m.Input{\"path\":\"\",\"propertyPath\":\"/DELIVERY_TYPE\",\"modelName\":\"NewYardModel\"}"}]}
RESULT: {"script":"<script> [1562 bytes]","args":[{"selector":{"controlType":"sap.m.Input","viewName":"etm.portal.ui.manageyards.view.New","viewId":"application-manageyards-display-component---NewYard","bindingPath":{"path":"","propertyPath":"/DELIVERY_TYPE","modelName":"NewYardModel"},"interaction":{"idSuffix":"inner"}},"wdio_ui5_key":"etmportal.ui.manageyards.view.Newsap.m.Input{\"path\":\"\",\"propertyPath\":\"/DELIVERY_TYPE\",\"modelName\":\"NewYardModel\"}"}]}
RESULT: undefined
COMMAND: POST /session/8690b08f518c8418ef29018541b658af/execute/async - {"script":"<script> [776 bytes]","args":[{"enterText":"ZL01","selector":{"controlType":"sap.m.Input","viewName":"etm.portal.ui.manageyards.view.New","viewId":"application-manageyards-display-component---NewYard","bindingPath":{"path":"","propertyPath":"/DELIVERY_TYPE","modelName":"NewYardModel"},"interaction":{"idSuffix":"inner"}},"clearTextFirst":true,"interactionType":"ENTER_TEXT"}]}
RESULT: {"script":"<script> [776 bytes]","args":[{"enterText":"ZL01","selector":{"controlType":"sap.m.Input","viewName":"etm.portal.ui.manageyards.view.New","viewId":"application-manageyards-display-component---NewYard","bindingPath":{"path":"","propertyPath":"/DELIVERY_TYPE","modelName":"NewYardModel"},"interaction":{"idSuffix":"inner"}},"clearTextFirst":true,"interactionType":"ENTER_TEXT"}]}
COMMAND: POST /session/8690b08f518c8418ef29018541b658af/execute/async - {"script":"<script> [1562 bytes]","args":[{"selector":{"controlType":"sap.m.Input","viewName":"etm.portal.ui.manageyards.view.New","viewId":"application-manageyards-display-component---NewYard","bindingPath":{"path":"","propertyPath":"/AUART","modelName":"NewYardModel"},"interaction":{"idSuffix":"inner"}},"wdio_ui5_key":"etmportal.ui.manageyards.view.Newsap.m.Input{\"path\":\"\",\"propertyPath\":\"/AUART\",\"modelName\":\"NewYardModel\"}"}]}
RESULT: {"script":"<script> [1562 bytes]","args":[{"selector":{"controlType":"sap.m.Input","viewName":"etm.portal.ui.manageyards.view.New","viewId":"application-manageyards-display-component---NewYard","bindingPath":{"path":"","propertyPath":"/AUART","modelName":"NewYardModel"},"interaction":{"idSuffix":"inner"}},"wdio_ui5_key":"etmportal.ui.manageyards.view.Newsap.m.Input{\"path\":\"\",\"propertyPath\":\"/AUART\",\"modelName\":\"NewYardModel\"}"}]}
RESULT: undefined
COMMAND: POST /session/8690b08f518c8418ef29018541b658af/execute/async - {"script":"<script> [776 bytes]","args":[{"enterText":"TA","selector":{"controlType":"sap.m.Input","viewName":"etm.portal.ui.manageyards.view.New","viewId":"application-manageyards-display-component---NewYard","bindingPath":{"path":"","propertyPath":"/AUART","modelName":"NewYardModel"},"interaction":{"idSuffix":"inner"}},"clearTextFirst":true,"interactionType":"ENTER_TEXT"}]}
RESULT: {"script":"<script> [776 bytes]","args":[{"enterText":"TA","selector":{"controlType":"sap.m.Input","viewName":"etm.portal.ui.manageyards.view.New","viewId":"application-manageyards-display-component---NewYard","bindingPath":{"path":"","propertyPath":"/AUART","modelName":"NewYardModel"},"interaction":{"idSuffix":"inner"}},"clearTextFirst":true,"interactionType":"ENTER_TEXT"}]}
COMMAND: POST /session/8690b08f518c8418ef29018541b658af/execute/async - {"script":"<script> [1562 bytes]","args":[{"selector":{"id":"application-manageyards-display-component---NewYard--whmCheckBox","interaction":{"idSuffix":"CbBg"}},"wdio_ui5_key":"applicationmanageyards-display-component---NewYard--whmCheckBox"}]}
RESULT: {"script":"<script> [1562 bytes]","args":[{"selector":{"id":"application-manageyards-display-component---NewYard--whmCheckBox","interaction":{"idSuffix":"CbBg"}},"wdio_ui5_key":"applicationmanageyards-display-component---NewYard--whmCheckBox"}]}
RESULT: undefined
COMMAND: POST /session/8690b08f518c8418ef29018541b658af/element - {"using":"xpath","value":"//*[@id=\"application-manageyards-display-component---NewYard--whmCheckBox\"]"}
RESULT: {"using":"xpath","value":"//*[@id=\"application-manageyards-display-component---NewYard--whmCheckBox\"]"}
COMMAND: POST /session/8690b08f518c8418ef29018541b658af/element/f.032590EE386F29951754CC6C5B23B0CB.d.E988B0D3FCA3B49A41CECC4AF16C4FBF.e.11096/click - {}
RESULT: {}
COMMAND: POST /session/8690b08f518c8418ef29018541b658af/execute/async - {"script":"<script> [1562 bytes]","args":[{"selector":{"controlType":"sap.m.Button","viewName":"etm.portal.ui.manageyards.view.New","viewId":"application-manageyards-display-component---NewYard","i18NText":{"propertyName":"text","key":"save"},"interaction":{"idSuffix":"BDI-content"}},"wdio_ui5_key":"etmportal.ui.manageyards.view.Newsap.m.Button{\"propertyName\":\"text\",\"key\":\"save\"}"}]}
COMMAND: GET /session/8690b08f518c8418ef29018541b658af/screenshot - {}
RESULT: {"script":"<script> [1562 bytes]","args":[{"selector":{"controlType":"sap.m.Button","viewName":"etm.portal.ui.manageyards.view.New","viewId":"application-manageyards-display-component---NewYard","i18NText":{"propertyName":"text","key":"save"},"interaction":{"idSuffix":"BDI-content"}},"wdio_ui5_key":"etmportal.ui.manageyards.view.Newsap.m.Button{\"propertyName\":\"text\",\"key\":\"save\"}"}]}
RESULT: undefined
COMMAND: POST /session/8690b08f518c8418ef29018541b658af/element - {"using":"xpath","value":"//*[@id=\"__button18\"]"}
RESULT: {}
RESULT: {"using":"xpath","value":"//*[@id=\"__button18\"]"}
COMMAND: POST /session/8690b08f518c8418ef29018541b658af/element/f.032590EE386F29951754CC6C5B23B0CB.d.E988B0D3FCA3B49A41CECC4AF16C4FBF.e.11047/click - {}
RESULT: {}
COMMAND: GET /session/8690b08f518c8418ef29018541b658af/screenshot - {}
COMMAND: POST /session/8690b08f518c8418ef29018541b658af/execute/async - {"script":"<script> [1562 bytes]","args":[{"selector":{"controlType":"sap.m.Text","viewName":"etm.portal.ui.manageyards.view.Detail","viewId":"application-manageyards-display-component---detailYard","bindingPath":{"propertyPath":"ID","modelName":"catalogModel"}},"wdio_ui5_key":"etmportal.ui.manageyards.view.Detailsap.m.Text{\"propertyPath\":\"ID\",\"modelName\":\"catalogModel\"}"}]}
RESULT: {}
RESULT: {"script":"<script> [1562 bytes]","args":[{"selector":{"controlType":"sap.m.Text","viewName":"etm.portal.ui.manageyards.view.Detail","viewId":"application-manageyards-display-component---detailYard","bindingPath":{"propertyPath":"ID","modelName":"catalogModel"}},"wdio_ui5_key":"etmportal.ui.manageyards.view.Detailsap.m.Text{\"propertyPath\":\"ID\",\"modelName\":\"catalogModel\"}"}]}
RESULT: undefined
COMMAND: POST /session/8690b08f518c8418ef29018541b658af/execute/async - {"script":"<script> [6424 bytes]","args":[{"element-6066-11e4-a52e-4f735466cecf":"f.032590EE386F29951754CC6C5B23B0CB.d.E988B0D3FCA3B49A41CECC4AF16C4FBF.e.11290"},"getText",[]]}
RESULT: {"script":"<script> [6424 bytes]","args":[{"element-6066-11e4-a52e-4f735466cecf":"f.032590EE386F29951754CC6C5B23B0CB.d.E988B0D3FCA3B49A41CECC4AF16C4FBF.e.11290"},"getText",[]]}
COMMAND: POST /session/8690b08f518c8418ef29018541b658af/element - {"using":"css selector","value":"#shell-header-logo"}
RESULT: {"using":"css selector","value":"#shell-header-logo"}
COMMAND: POST /session/8690b08f518c8418ef29018541b658af/element/f.032590EE386F29951754CC6C5B23B0CB.d.E988B0D3FCA3B49A41CECC4AF16C4FBF.e.10593/click - {}
RESULT: {}
COMMAND: GET /session/8690b08f518c8418ef29018541b658af/screenshot - {}
RESULT: {}
]]></system-out>
    </testcase>
    <testcase classname="chrome.135_0_7049_115.windows.Return_from_Site_w/_warehouse_management_w/_clarification_US125588" name="Should create WHM site" time="57.284">
      <system-out><![CDATA[
COMMAND: POST /session/8690b08f518c8418ef29018541b658af/execute/async - {"script":"<script> [1562 bytes]","args":[{"selector":{"controlType":"sap.m.GenericTile","properties":{"header":"Manage Sites"}},"wdio_ui5_key":"sapm.GenericTile{\"header\":\"Manage Sites\"}"}]}
RESULT: {"script":"<script> [1562 bytes]","args":[{"selector":{"controlType":"sap.m.GenericTile","properties":{"header":"Manage Sites"}},"wdio_ui5_key":"sapm.GenericTile{\"header\":\"Manage Sites\"}"}]}
RESULT: undefined
COMMAND: POST /session/8690b08f518c8418ef29018541b658af/element - {"using":"xpath","value":"//*[@id=\"__tile40\"]"}
RESULT: {"using":"xpath","value":"//*[@id=\"__tile40\"]"}
COMMAND: POST /session/8690b08f518c8418ef29018541b658af/element/f.032590EE386F29951754CC6C5B23B0CB.d.E988B0D3FCA3B49A41CECC4AF16C4FBF.e.11292/click - {}
RESULT: {}
COMMAND: GET /session/8690b08f518c8418ef29018541b658af/screenshot - {}
COMMAND: POST /session/8690b08f518c8418ef29018541b658af/execute/async - {"script":"<script> [1562 bytes]","args":[{"selector":{"controlType":"sap.ui.core.Icon","viewName":"etm.portal.ui.managesites.view.Master","viewId":"application-managesites-display-component---masterSite","properties":{"src":{"regex":{"source":"add"}}}},"wdio_ui5_key":"etmportal.ui.managesites.view.Mastersap.ui.core.Icon{\"src\":{\"regex\":{\"source\":\"add\"}}}"}]}
RESULT: {}
RESULT: {"script":"<script> [1562 bytes]","args":[{"selector":{"controlType":"sap.ui.core.Icon","viewName":"etm.portal.ui.managesites.view.Master","viewId":"application-managesites-display-component---masterSite","properties":{"src":{"regex":{"source":"add"}}}},"wdio_ui5_key":"etmportal.ui.managesites.view.Mastersap.ui.core.Icon{\"src\":{\"regex\":{\"source\":\"add\"}}}"}]}
RESULT: undefined
COMMAND: POST /session/8690b08f518c8418ef29018541b658af/element - {"using":"xpath","value":"//*[@id=\"__button64-img\"]"}
RESULT: {"using":"xpath","value":"//*[@id=\"__button64-img\"]"}
COMMAND: POST /session/8690b08f518c8418ef29018541b658af/element/f.032590EE386F29951754CC6C5B23B0CB.d.E988B0D3FCA3B49A41CECC4AF16C4FBF.e.11339/click - {}
RESULT: {}
COMMAND: GET /session/8690b08f518c8418ef29018541b658af/screenshot - {}
RESULT: {}
COMMAND: POST /session/8690b08f518c8418ef29018541b658af/execute/async - {"script":"<script> [1562 bytes]","args":[{"selector":{"controlType":"sap.m.Button","viewName":"etm.portal.ui.managesites.view.NewSmartSite","viewId":"application-managesites-display-component---NewSite","properties":{"text":"General Information"},"interaction":{"idSuffix":"BDI-content"}},"wdio_ui5_key":"etmportal.ui.managesites.view.NewSmartSitesap.m.Button{\"text\":\"General Information\"}"}]}
RESULT: {"script":"<script> [1562 bytes]","args":[{"selector":{"controlType":"sap.m.Button","viewName":"etm.portal.ui.managesites.view.NewSmartSite","viewId":"application-managesites-display-component---NewSite","properties":{"text":"General Information"},"interaction":{"idSuffix":"BDI-content"}},"wdio_ui5_key":"etmportal.ui.managesites.view.NewSmartSitesap.m.Button{\"text\":\"General Information\"}"}]}
RESULT: undefined
COMMAND: POST /session/8690b08f518c8418ef29018541b658af/element - {"using":"xpath","value":"//*[@id=\"application-managesites-display-component---NewSite--ObjectPageLayout-anchBar-__section31-anchor\"]"}
RESULT: {"using":"xpath","value":"//*[@id=\"application-managesites-display-component---NewSite--ObjectPageLayout-anchBar-__section31-anchor\"]"}
COMMAND: POST /session/8690b08f518c8418ef29018541b658af/element/f.032590EE386F29951754CC6C5B23B0CB.d.E988B0D3FCA3B49A41CECC4AF16C4FBF.e.11904/click - {}
RESULT: {}
COMMAND: POST /session/8690b08f518c8418ef29018541b658af/execute/async - {"script":"<script> [1562 bytes]","args":[{"selector":{"id":"application-managesites-display-component---NewSite--addressDetailDetailsName1","interaction":{"idSuffix":"inner"}},"wdio_ui5_key":"applicationmanagesites-display-component---NewSite--addressDetailDetailsName1"}]}
COMMAND: GET /session/8690b08f518c8418ef29018541b658af/screenshot - {}
RESULT: {"script":"<script> [1562 bytes]","args":[{"selector":{"id":"application-managesites-display-component---NewSite--addressDetailDetailsName1","interaction":{"idSuffix":"inner"}},"wdio_ui5_key":"applicationmanagesites-display-component---NewSite--addressDetailDetailsName1"}]}
RESULT: undefined
COMMAND: POST /session/8690b08f518c8418ef29018541b658af/execute/async - {"script":"<script> [776 bytes]","args":[{"enterText":"WDI5 WHM Site","selector":{"id":"application-managesites-display-component---NewSite--addressDetailDetailsName1","interaction":{"idSuffix":"inner"}},"clearTextFirst":true,"interactionType":"ENTER_TEXT"}]}
RESULT: {}
RESULT: {"script":"<script> [776 bytes]","args":[{"enterText":"WDI5 WHM Site","selector":{"id":"application-managesites-display-component---NewSite--addressDetailDetailsName1","interaction":{"idSuffix":"inner"}},"clearTextFirst":true,"interactionType":"ENTER_TEXT"}]}
COMMAND: POST /session/8690b08f518c8418ef29018541b658af/execute/async - {"script":"<script> [1562 bytes]","args":[{"selector":{"id":"application-managesites-display-component---NewSite--addressDetailDetailsLanguage","interaction":{"idSuffix":"inner"}},"wdio_ui5_key":"applicationmanagesites-display-component---NewSite--addressDetailDetailsLanguage"}]}
RESULT: {"script":"<script> [1562 bytes]","args":[{"selector":{"id":"application-managesites-display-component---NewSite--addressDetailDetailsLanguage","interaction":{"idSuffix":"inner"}},"wdio_ui5_key":"applicationmanagesites-display-component---NewSite--addressDetailDetailsLanguage"}]}
RESULT: undefined
COMMAND: POST /session/8690b08f518c8418ef29018541b658af/execute/async - {"script":"<script> [776 bytes]","args":[{"enterText":"Romanian","selector":{"id":"application-managesites-display-component---NewSite--addressDetailDetailsLanguage","interaction":{"idSuffix":"inner"}},"clearTextFirst":true,"interactionType":"ENTER_TEXT"}]}
RESULT: {"script":"<script> [776 bytes]","args":[{"enterText":"Romanian","selector":{"id":"application-managesites-display-component---NewSite--addressDetailDetailsLanguage","interaction":{"idSuffix":"inner"}},"clearTextFirst":true,"interactionType":"ENTER_TEXT"}]}
COMMAND: POST /session/8690b08f518c8418ef29018541b658af/execute/async - {"script":"<script> [1562 bytes]","args":[{"selector":{"id":"application-managesites-display-component---NewSite--addressDetailDetailsCity1","interaction":{"idSuffix":"inner"}},"wdio_ui5_key":"applicationmanagesites-display-component---NewSite--addressDetailDetailsCity1"}]}
RESULT: {"script":"<script> [1562 bytes]","args":[{"selector":{"id":"application-managesites-display-component---NewSite--addressDetailDetailsCity1","interaction":{"idSuffix":"inner"}},"wdio_ui5_key":"applicationmanagesites-display-component---NewSite--addressDetailDetailsCity1"}]}
RESULT: undefined
COMMAND: POST /session/8690b08f518c8418ef29018541b658af/execute/async - {"script":"<script> [776 bytes]","args":[{"enterText":"Bucharest","selector":{"id":"application-managesites-display-component---NewSite--addressDetailDetailsCity1","interaction":{"idSuffix":"inner"}},"clearTextFirst":true,"interactionType":"ENTER_TEXT"}]}
RESULT: {"script":"<script> [776 bytes]","args":[{"enterText":"Bucharest","selector":{"id":"application-managesites-display-component---NewSite--addressDetailDetailsCity1","interaction":{"idSuffix":"inner"}},"clearTextFirst":true,"interactionType":"ENTER_TEXT"}]}
COMMAND: POST /session/8690b08f518c8418ef29018541b658af/execute/async - {"script":"<script> [1562 bytes]","args":[{"selector":{"id":"application-managesites-display-component---NewSite--addressDetailDetailsCountry","interaction":{"idSuffix":"inner"}},"wdio_ui5_key":"applicationmanagesites-display-component---NewSite--addressDetailDetailsCountry"}]}
RESULT: {"script":"<script> [1562 bytes]","args":[{"selector":{"id":"application-managesites-display-component---NewSite--addressDetailDetailsCountry","interaction":{"idSuffix":"inner"}},"wdio_ui5_key":"applicationmanagesites-display-component---NewSite--addressDetailDetailsCountry"}]}
RESULT: undefined
COMMAND: POST /session/8690b08f518c8418ef29018541b658af/execute/async - {"script":"<script> [6424 bytes]","args":[{"element-6066-11e4-a52e-4f735466cecf":"f.032590EE386F29951754CC6C5B23B0CB.d.E988B0D3FCA3B49A41CECC4AF16C4FBF.e.11699"},"setValue",["Romania"]]}
RESULT: {"script":"<script> [6424 bytes]","args":[{"element-6066-11e4-a52e-4f735466cecf":"f.032590EE386F29951754CC6C5B23B0CB.d.E988B0D3FCA3B49A41CECC4AF16C4FBF.e.11699"},"setValue",["Romania"]]}
COMMAND: POST /session/8690b08f518c8418ef29018541b658af/execute/async - {"script":"<script> [1562 bytes]","args":[{"selector":{"id":"application-managesites-display-component---NewSite--addressDetailDetailsCalendar","interaction":{"idSuffix":"inner"}},"wdio_ui5_key":"applicationmanagesites-display-component---NewSite--addressDetailDetailsCalendar"}]}
RESULT: {"script":"<script> [1562 bytes]","args":[{"selector":{"id":"application-managesites-display-component---NewSite--addressDetailDetailsCalendar","interaction":{"idSuffix":"inner"}},"wdio_ui5_key":"applicationmanagesites-display-component---NewSite--addressDetailDetailsCalendar"}]}
RESULT: undefined
COMMAND: POST /session/8690b08f518c8418ef29018541b658af/execute/async - {"script":"<script> [776 bytes]","args":[{"enterText":"8 - Germany (Standard)","selector":{"id":"application-managesites-display-component---NewSite--addressDetailDetailsCalendar","interaction":{"idSuffix":"inner"}},"clearTextFirst":true,"interactionType":"ENTER_TEXT"}]}
RESULT: {"script":"<script> [776 bytes]","args":[{"enterText":"8 - Germany (Standard)","selector":{"id":"application-managesites-display-component---NewSite--addressDetailDetailsCalendar","interaction":{"idSuffix":"inner"}},"clearTextFirst":true,"interactionType":"ENTER_TEXT"}]}
COMMAND: POST /session/8690b08f518c8418ef29018541b658af/element - {"using":"xpath","value":"//input[@id=\"application-managesites-display-component---NewSite--addressDetailDetailsYard-inner\"]"}
RESULT: {"using":"xpath","value":"//input[@id=\"application-managesites-display-component---NewSite--addressDetailDetailsYard-inner\"]"}
COMMAND: POST /session/8690b08f518c8418ef29018541b658af/element/f.032590EE386F29951754CC6C5B23B0CB.d.E988B0D3FCA3B49A41CECC4AF16C4FBF.e.11710/clear - {}
RESULT: {}
COMMAND: POST /session/8690b08f518c8418ef29018541b658af/element/f.032590EE386F29951754CC6C5B23B0CB.d.E988B0D3FCA3B49A41CECC4AF16C4FBF.e.11710/value - {"text":"600"}
COMMAND: GET /session/8690b08f518c8418ef29018541b658af/screenshot - {}
RESULT: {"text":"600"}
COMMAND: GET /session/8690b08f518c8418ef29018541b658af/screenshot - {}
RESULT: {}
RESULT: {}
COMMAND: POST /session/8690b08f518c8418ef29018541b658af/execute/async - {"script":"<script> [1562 bytes]","args":[{"selector":{"controlType":"sap.m.Button","viewName":"etm.portal.ui.managesites.view.NewSmartSite","viewId":"application-managesites-display-component---NewSite","properties":{"text":"Commercial"},"interaction":{"idSuffix":"BDI-content"}},"wdio_ui5_key":"etmportal.ui.managesites.view.NewSmartSitesap.m.Button{\"text\":\"Commercial\"}"}]}
RESULT: {"script":"<script> [1562 bytes]","args":[{"selector":{"controlType":"sap.m.Button","viewName":"etm.portal.ui.managesites.view.NewSmartSite","viewId":"application-managesites-display-component---NewSite","properties":{"text":"Commercial"},"interaction":{"idSuffix":"BDI-content"}},"wdio_ui5_key":"etmportal.ui.managesites.view.NewSmartSitesap.m.Button{\"text\":\"Commercial\"}"}]}
RESULT: undefined
COMMAND: POST /session/8690b08f518c8418ef29018541b658af/element - {"using":"xpath","value":"//*[@id=\"application-managesites-display-component---NewSite--ObjectPageLayout-anchBar-__section33-anchor\"]"}
RESULT: {"using":"xpath","value":"//*[@id=\"application-managesites-display-component---NewSite--ObjectPageLayout-anchBar-__section33-anchor\"]"}
COMMAND: POST /session/8690b08f518c8418ef29018541b658af/element/f.032590EE386F29951754CC6C5B23B0CB.d.E988B0D3FCA3B49A41CECC4AF16C4FBF.e.11913/click - {}
RESULT: {}
COMMAND: POST /session/8690b08f518c8418ef29018541b658af/execute/async - {"script":"<script> [1562 bytes]","args":[{"selector":{"id":"application-managesites-display-component---NewSite--siteWhmCheckBox-label","interaction":{"idSuffix":"bdi"}},"wdio_ui5_key":"applicationmanagesites-display-component---NewSite--siteWhmCheckBox-label"}]}
COMMAND: GET /session/8690b08f518c8418ef29018541b658af/screenshot - {}
RESULT: {"script":"<script> [1562 bytes]","args":[{"selector":{"id":"application-managesites-display-component---NewSite--siteWhmCheckBox-label","interaction":{"idSuffix":"bdi"}},"wdio_ui5_key":"applicationmanagesites-display-component---NewSite--siteWhmCheckBox-label"}]}
RESULT: undefined
COMMAND: POST /session/8690b08f518c8418ef29018541b658af/element - {"using":"xpath","value":"//*[@id=\"application-managesites-display-component---NewSite--siteWhmCheckBox-label\"]"}
RESULT: {}
RESULT: {"using":"xpath","value":"//*[@id=\"application-managesites-display-component---NewSite--siteWhmCheckBox-label\"]"}
COMMAND: POST /session/8690b08f518c8418ef29018541b658af/element/f.032590EE386F29951754CC6C5B23B0CB.d.E988B0D3FCA3B49A41CECC4AF16C4FBF.e.11924/click - {}
RESULT: {}
COMMAND: POST /session/8690b08f518c8418ef29018541b658af/execute/async - {"script":"<script> [1562 bytes]","args":[{"selector":{"controlType":"sap.m.Button","viewName":"etm.portal.ui.managesites.view.NewSmartSite","viewId":"application-managesites-display-component---NewSite","i18NText":{"propertyName":"text","key":"save"},"interaction":{"idSuffix":"BDI-content"}},"wdio_ui5_key":"etmportal.ui.managesites.view.NewSmartSitesap.m.Button{\"propertyName\":\"text\",\"key\":\"save\"}"}]}
COMMAND: GET /session/8690b08f518c8418ef29018541b658af/screenshot - {}
RESULT: {"script":"<script> [1562 bytes]","args":[{"selector":{"controlType":"sap.m.Button","viewName":"etm.portal.ui.managesites.view.NewSmartSite","viewId":"application-managesites-display-component---NewSite","i18NText":{"propertyName":"text","key":"save"},"interaction":{"idSuffix":"BDI-content"}},"wdio_ui5_key":"etmportal.ui.managesites.view.NewSmartSitesap.m.Button{\"propertyName\":\"text\",\"key\":\"save\"}"}]}
RESULT: undefined
COMMAND: POST /session/8690b08f518c8418ef29018541b658af/element - {"using":"xpath","value":"//*[@id=\"__button76\"]"}
RESULT: {}
RESULT: {"using":"xpath","value":"//*[@id=\"__button76\"]"}
COMMAND: POST /session/8690b08f518c8418ef29018541b658af/element/f.032590EE386F29951754CC6C5B23B0CB.d.E988B0D3FCA3B49A41CECC4AF16C4FBF.e.11882/click - {}
RESULT: {}
COMMAND: GET /session/8690b08f518c8418ef29018541b658af/screenshot - {}
RESULT: {}
COMMAND: POST /session/8690b08f518c8418ef29018541b658af/execute/async - {"script":"<script> [1562 bytes]","args":[{"selector":{"controlType":"sap.m.Text","viewName":"etm.portal.ui.managesites.view.Detail","viewId":"application-managesites-display-component---detailSite","bindingPath":{"propertyPath":"ID","modelName":"catalogModel"}},"wdio_ui5_key":"etmportal.ui.managesites.view.Detailsap.m.Text{\"propertyPath\":\"ID\",\"modelName\":\"catalogModel\"}"}]}
RESULT: {"script":"<script> [1562 bytes]","args":[{"selector":{"controlType":"sap.m.Text","viewName":"etm.portal.ui.managesites.view.Detail","viewId":"application-managesites-display-component---detailSite","bindingPath":{"propertyPath":"ID","modelName":"catalogModel"}},"wdio_ui5_key":"etmportal.ui.managesites.view.Detailsap.m.Text{\"propertyPath\":\"ID\",\"modelName\":\"catalogModel\"}"}]}
RESULT: undefined
COMMAND: POST /session/8690b08f518c8418ef29018541b658af/execute/async - {"script":"<script> [6424 bytes]","args":[{"element-6066-11e4-a52e-4f735466cecf":"f.032590EE386F29951754CC6C5B23B0CB.d.E988B0D3FCA3B49A41CECC4AF16C4FBF.e.12117"},"getText",[]]}
RESULT: {"script":"<script> [6424 bytes]","args":[{"element-6066-11e4-a52e-4f735466cecf":"f.032590EE386F29951754CC6C5B23B0CB.d.E988B0D3FCA3B49A41CECC4AF16C4FBF.e.12117"},"getText",[]]}
COMMAND: POST /session/8690b08f518c8418ef29018541b658af/execute/async - {"script":"<script> [1562 bytes]","args":[{"selector":{"controlType":"sap.m.Label","viewName":"etm.portal.ui.managesites.view.Detail","viewId":"application-managesites-display-component---detailSite","i18NText":{"propertyName":"text","key":"status"}},"wdio_ui5_key":"etmportal.ui.managesites.view.Detailsap.m.Label{\"propertyName\":\"text\",\"key\":\"status\"}"}]}
RESULT: {"script":"<script> [1562 bytes]","args":[{"selector":{"controlType":"sap.m.Label","viewName":"etm.portal.ui.managesites.view.Detail","viewId":"application-managesites-display-component---detailSite","i18NText":{"propertyName":"text","key":"status"}},"wdio_ui5_key":"etmportal.ui.managesites.view.Detailsap.m.Label{\"propertyName\":\"text\",\"key\":\"status\"}"}]}
RESULT: undefined
COMMAND: POST /session/8690b08f518c8418ef29018541b658af/execute/async - {"script":"<script> [6424 bytes]","args":[{"element-6066-11e4-a52e-4f735466cecf":"f.032590EE386F29951754CC6C5B23B0CB.d.E988B0D3FCA3B49A41CECC4AF16C4FBF.e.12106"},"getText",[]]}
RESULT: {"script":"<script> [6424 bytes]","args":[{"element-6066-11e4-a52e-4f735466cecf":"f.032590EE386F29951754CC6C5B23B0CB.d.E988B0D3FCA3B49A41CECC4AF16C4FBF.e.12106"},"getText",[]]}
RESULT: undefined
COMMAND: POST /session/8690b08f518c8418ef29018541b658af/element - {"using":"xpath","value":"//*[@id=\"shell-header\"]"}
RESULT: {"using":"xpath","value":"//*[@id=\"shell-header\"]"}
COMMAND: POST /session/8690b08f518c8418ef29018541b658af/element/f.032590EE386F29951754CC6C5B23B0CB.d.E988B0D3FCA3B49A41CECC4AF16C4FBF.e.12118/click - {}
RESULT: {}
COMMAND: POST /session/8690b08f518c8418ef29018541b658af/element - {"using":"css selector","value":"#shell-header-logo"}
COMMAND: GET /session/8690b08f518c8418ef29018541b658af/screenshot - {}
RESULT: {"using":"css selector","value":"#shell-header-logo"}
COMMAND: POST /session/8690b08f518c8418ef29018541b658af/element/f.032590EE386F29951754CC6C5B23B0CB.d.E988B0D3FCA3B49A41CECC4AF16C4FBF.e.11295/click - {}
RESULT: {}
RESULT: {}
]]></system-out>
    </testcase>
    <testcase classname="chrome.135_0_7049_115.windows.Return_from_Site_w/_warehouse_management_w/_clarification_US125588" name="Should create WHM Partner" time="57.878">
      <system-out><![CDATA[
COMMAND: POST /session/8690b08f518c8418ef29018541b658af/execute/async - {"script":"<script> [1562 bytes]","args":[{"selector":{"controlType":"sap.m.GenericTile","properties":{"header":"Manage Partners"}},"wdio_ui5_key":"sapm.GenericTile{\"header\":\"Manage Partners\"}"}]}
COMMAND: GET /session/8690b08f518c8418ef29018541b658af/screenshot - {}
RESULT: {"script":"<script> [1562 bytes]","args":[{"selector":{"controlType":"sap.m.GenericTile","properties":{"header":"Manage Partners"}},"wdio_ui5_key":"sapm.GenericTile{\"header\":\"Manage Partners\"}"}]}
RESULT: undefined
COMMAND: POST /session/8690b08f518c8418ef29018541b658af/element - {"using":"xpath","value":"//*[@id=\"__tile38\"]"}
RESULT: {}
RESULT: {"using":"xpath","value":"//*[@id=\"__tile38\"]"}
COMMAND: POST /session/8690b08f518c8418ef29018541b658af/element/f.032590EE386F29951754CC6C5B23B0CB.d.E988B0D3FCA3B49A41CECC4AF16C4FBF.e.12124/click - {}
RESULT: {}
COMMAND: GET /session/8690b08f518c8418ef29018541b658af/screenshot - {}
COMMAND: POST /session/8690b08f518c8418ef29018541b658af/element - {"using":"xpath","value":"//button[(@data-kt = 'addButton')]"}
RESULT: {}
RESULT: {"using":"xpath","value":"//button[(@data-kt = 'addButton')]"}
COMMAND: POST /session/8690b08f518c8418ef29018541b658af/element/f.032590EE386F29951754CC6C5B23B0CB.d.E988B0D3FCA3B49A41CECC4AF16C4FBF.e.12171/click - {}
RESULT: {}
COMMAND: POST /session/8690b08f518c8418ef29018541b658af/execute/async - {"script":"<script> [1562 bytes]","args":[{"selector":{"id":"application-managepartners-display-component---NewPartner--addressDetailDetailsName1","interaction":{"idSuffix":"inner"}},"wdio_ui5_key":"applicationmanagepartners-display-component---NewPartner--addressDetailDetailsName1"}]}
COMMAND: GET /session/8690b08f518c8418ef29018541b658af/screenshot - {}
RESULT: {"script":"<script> [1562 bytes]","args":[{"selector":{"id":"application-managepartners-display-component---NewPartner--addressDetailDetailsName1","interaction":{"idSuffix":"inner"}},"wdio_ui5_key":"applicationmanagepartners-display-component---NewPartner--addressDetailDetailsName1"}]}
RESULT: undefined
COMMAND: POST /session/8690b08f518c8418ef29018541b658af/execute/async - {"script":"<script> [776 bytes]","args":[{"enterText":"WDI5-Partners","selector":{"id":"application-managepartners-display-component---NewPartner--addressDetailDetailsName1","interaction":{"idSuffix":"inner"}},"clearTextFirst":true,"interactionType":"ENTER_TEXT"}]}
RESULT: {}
RESULT: {"script":"<script> [776 bytes]","args":[{"enterText":"WDI5-Partners","selector":{"id":"application-managepartners-display-component---NewPartner--addressDetailDetailsName1","interaction":{"idSuffix":"inner"}},"clearTextFirst":true,"interactionType":"ENTER_TEXT"}]}
COMMAND: POST /session/8690b08f518c8418ef29018541b658af/execute/async - {"script":"<script> [1562 bytes]","args":[{"selector":{"id":"application-managepartners-display-component---NewPartner--addressDetailDetailsLanguage-arrow"},"wdio_ui5_key":"applicationmanagepartners-display-component---NewPartner--addressDetailDetailsLanguage-arrow"}]}
RESULT: {"script":"<script> [1562 bytes]","args":[{"selector":{"id":"application-managepartners-display-component---NewPartner--addressDetailDetailsLanguage-arrow"},"wdio_ui5_key":"applicationmanagepartners-display-component---NewPartner--addressDetailDetailsLanguage-arrow"}]}
RESULT: undefined
COMMAND: POST /session/8690b08f518c8418ef29018541b658af/element - {"using":"xpath","value":"//*[@id=\"application-managepartners-display-component---NewPartner--addressDetailDetailsLanguage-arrow\"]"}
RESULT: {"using":"xpath","value":"//*[@id=\"application-managepartners-display-component---NewPartner--addressDetailDetailsLanguage-arrow\"]"}
COMMAND: POST /session/8690b08f518c8418ef29018541b658af/element/f.032590EE386F29951754CC6C5B23B0CB.d.E988B0D3FCA3B49A41CECC4AF16C4FBF.e.12589/click - {}
RESULT: {}
COMMAND: POST /session/8690b08f518c8418ef29018541b658af/execute/async - {"script":"<script> [1562 bytes]","args":[{"selector":{"controlType":"sap.m.StandardListItem","viewName":"etm.portal.ui.managepartners.view.NewPartner","viewId":"application-managepartners-display-component---NewPartner","properties":{"title":"English"},"searchOpenDialogs":true,"interaction":{"idSuffix":"content"}},"wdio_ui5_key":"etmportal.ui.managepartners.view.NewPartnersap.m.StandardListItem{\"title\":\"English\"}"}]}
COMMAND: GET /session/8690b08f518c8418ef29018541b658af/screenshot - {}
RESULT: {"script":"<script> [1562 bytes]","args":[{"selector":{"controlType":"sap.m.StandardListItem","viewName":"etm.portal.ui.managepartners.view.NewPartner","viewId":"application-managepartners-display-component---NewPartner","properties":{"title":"English"},"searchOpenDialogs":true,"interaction":{"idSuffix":"content"}},"wdio_ui5_key":"etmportal.ui.managepartners.view.NewPartnersap.m.StandardListItem{\"title\":\"English\"}"}]}
RESULT: undefined
COMMAND: POST /session/8690b08f518c8418ef29018541b658af/element - {"using":"xpath","value":"//*[@id=\"__item1222\"]"}
RESULT: {}
RESULT: {"using":"xpath","value":"//*[@id=\"__item1222\"]"}
COMMAND: POST /session/8690b08f518c8418ef29018541b658af/element/f.032590EE386F29951754CC6C5B23B0CB.d.E988B0D3FCA3B49A41CECC4AF16C4FBF.e.12591/click - {}
RESULT: {}
COMMAND: POST /session/8690b08f518c8418ef29018541b658af/execute/async - {"script":"<script> [1562 bytes]","args":[{"selector":{"id":"application-managepartners-display-component---NewPartner--addressDetailDetailsCity1","interaction":{"idSuffix":"inner"}},"wdio_ui5_key":"applicationmanagepartners-display-component---NewPartner--addressDetailDetailsCity1"}]}
COMMAND: GET /session/8690b08f518c8418ef29018541b658af/screenshot - {}
RESULT: {"script":"<script> [1562 bytes]","args":[{"selector":{"id":"application-managepartners-display-component---NewPartner--addressDetailDetailsCity1","interaction":{"idSuffix":"inner"}},"wdio_ui5_key":"applicationmanagepartners-display-component---NewPartner--addressDetailDetailsCity1"}]}
RESULT: undefined
COMMAND: POST /session/8690b08f518c8418ef29018541b658af/execute/async - {"script":"<script> [776 bytes]","args":[{"enterText":"Bangalore","selector":{"id":"application-managepartners-display-component---NewPartner--addressDetailDetailsCity1","interaction":{"idSuffix":"inner"}},"clearTextFirst":true,"interactionType":"ENTER_TEXT"}]}
RESULT: {}
RESULT: {"script":"<script> [776 bytes]","args":[{"enterText":"Bangalore","selector":{"id":"application-managepartners-display-component---NewPartner--addressDetailDetailsCity1","interaction":{"idSuffix":"inner"}},"clearTextFirst":true,"interactionType":"ENTER_TEXT"}]}
COMMAND: POST /session/8690b08f518c8418ef29018541b658af/execute/async - {"script":"<script> [1562 bytes]","args":[{"selector":{"id":"application-managepartners-display-component---NewPartner--addressDetailDetailsCountry-arrow"},"wdio_ui5_key":"applicationmanagepartners-display-component---NewPartner--addressDetailDetailsCountry-arrow"}]}
RESULT: {"script":"<script> [1562 bytes]","args":[{"selector":{"id":"application-managepartners-display-component---NewPartner--addressDetailDetailsCountry-arrow"},"wdio_ui5_key":"applicationmanagepartners-display-component---NewPartner--addressDetailDetailsCountry-arrow"}]}
RESULT: undefined
COMMAND: POST /session/8690b08f518c8418ef29018541b658af/element - {"using":"xpath","value":"//*[@id=\"application-managepartners-display-component---NewPartner--addressDetailDetailsCountry-arrow\"]"}
RESULT: {"using":"xpath","value":"//*[@id=\"application-managepartners-display-component---NewPartner--addressDetailDetailsCountry-arrow\"]"}
COMMAND: POST /session/8690b08f518c8418ef29018541b658af/element/f.032590EE386F29951754CC6C5B23B0CB.d.E988B0D3FCA3B49A41CECC4AF16C4FBF.e.12593/click - {}
RESULT: {}
COMMAND: POST /session/8690b08f518c8418ef29018541b658af/execute/async - {"script":"<script> [1562 bytes]","args":[{"selector":{"id":"application-managepartners-display-component---NewPartner--addressDetailDetailsCountry","interaction":{"idSuffix":"inner"}},"wdio_ui5_key":"applicationmanagepartners-display-component---NewPartner--addressDetailDetailsCountry"}]}
COMMAND: GET /session/8690b08f518c8418ef29018541b658af/screenshot - {}
RESULT: {"script":"<script> [1562 bytes]","args":[{"selector":{"id":"application-managepartners-display-component---NewPartner--addressDetailDetailsCountry","interaction":{"idSuffix":"inner"}},"wdio_ui5_key":"applicationmanagepartners-display-component---NewPartner--addressDetailDetailsCountry"}]}
RESULT: undefined
COMMAND: POST /session/8690b08f518c8418ef29018541b658af/execute/async - {"script":"<script> [776 bytes]","args":[{"enterText":"India","selector":{"id":"application-managepartners-display-component---NewPartner--addressDetailDetailsCountry","interaction":{"idSuffix":"inner"}},"clearTextFirst":true,"interactionType":"ENTER_TEXT"}]}
RESULT: {}
RESULT: {"script":"<script> [776 bytes]","args":[{"enterText":"India","selector":{"id":"application-managepartners-display-component---NewPartner--addressDetailDetailsCountry","interaction":{"idSuffix":"inner"}},"clearTextFirst":true,"interactionType":"ENTER_TEXT"}]}
COMMAND: POST /session/8690b08f518c8418ef29018541b658af/execute/async - {"script":"<script> [1562 bytes]","args":[{"selector":{"controlType":"sap.m.StandardListItem","viewName":"etm.portal.ui.managepartners.view.NewPartner","viewId":"application-managepartners-display-component---NewPartner","properties":{"title":"India"},"searchOpenDialogs":true,"interaction":{"idSuffix":"content"}},"wdio_ui5_key":"etmportal.ui.managepartners.view.NewPartnersap.m.StandardListItem{\"title\":\"India\"}"}]}
RESULT: {"script":"<script> [1562 bytes]","args":[{"selector":{"controlType":"sap.m.StandardListItem","viewName":"etm.portal.ui.managepartners.view.NewPartner","viewId":"application-managepartners-display-component---NewPartner","properties":{"title":"India"},"searchOpenDialogs":true,"interaction":{"idSuffix":"content"}},"wdio_ui5_key":"etmportal.ui.managepartners.view.NewPartnersap.m.StandardListItem{\"title\":\"India\"}"}]}
RESULT: undefined
COMMAND: POST /session/8690b08f518c8418ef29018541b658af/execute/async - {"script":"<script> [1562 bytes]","args":[{"selector":{"controlType":"sap.m.Button","viewName":"etm.portal.ui.managepartners.view.NewPartner","viewId":"application-managepartners-display-component---NewPartner","properties":{"text":"Commercial"},"interaction":{"idSuffix":"BDI-content"}},"wdio_ui5_key":"etmportal.ui.managepartners.view.NewPartnersap.m.Button{\"text\":\"Commercial\"}"}]}
RESULT: {"script":"<script> [1562 bytes]","args":[{"selector":{"controlType":"sap.m.Button","viewName":"etm.portal.ui.managepartners.view.NewPartner","viewId":"application-managepartners-display-component---NewPartner","properties":{"text":"Commercial"},"interaction":{"idSuffix":"BDI-content"}},"wdio_ui5_key":"etmportal.ui.managepartners.view.NewPartnersap.m.Button{\"text\":\"Commercial\"}"}]}
RESULT: undefined
COMMAND: POST /session/8690b08f518c8418ef29018541b658af/element - {"using":"xpath","value":"//*[@id=\"application-managepartners-display-component---NewPartner--ObjectPageLayout-anchBar-__section57-anchor\"]"}
RESULT: {"using":"xpath","value":"//*[@id=\"application-managepartners-display-component---NewPartner--ObjectPageLayout-anchBar-__section57-anchor\"]"}
COMMAND: POST /session/8690b08f518c8418ef29018541b658af/element/f.032590EE386F29951754CC6C5B23B0CB.d.E988B0D3FCA3B49A41CECC4AF16C4FBF.e.12598/click - {}
RESULT: {}
COMMAND: POST /session/8690b08f518c8418ef29018541b658af/execute/async - {"script":"<script> [1562 bytes]","args":[{"selector":{"id":"application-managepartners-display-component---NewPartner--partnerDetailInternal-arrow"},"wdio_ui5_key":"applicationmanagepartners-display-component---NewPartner--partnerDetailInternal-arrow"}]}
COMMAND: GET /session/8690b08f518c8418ef29018541b658af/screenshot - {}
RESULT: {"script":"<script> [1562 bytes]","args":[{"selector":{"id":"application-managepartners-display-component---NewPartner--partnerDetailInternal-arrow"},"wdio_ui5_key":"applicationmanagepartners-display-component---NewPartner--partnerDetailInternal-arrow"}]}
RESULT: undefined
COMMAND: POST /session/8690b08f518c8418ef29018541b658af/element - {"using":"xpath","value":"//*[@id=\"application-managepartners-display-component---NewPartner--partnerDetailInternal-arrow\"]"}
RESULT: {}
RESULT: {"using":"xpath","value":"//*[@id=\"application-managepartners-display-component---NewPartner--partnerDetailInternal-arrow\"]"}
COMMAND: POST /session/8690b08f518c8418ef29018541b658af/element/f.032590EE386F29951754CC6C5B23B0CB.d.E988B0D3FCA3B49A41CECC4AF16C4FBF.e.12603/click - {}
RESULT: {}
COMMAND: POST /session/8690b08f518c8418ef29018541b658af/execute/async - {"script":"<script> [1562 bytes]","args":[{"selector":{"controlType":"sap.m.StandardListItem","viewName":"etm.portal.ui.managepartners.view.NewPartner","viewId":"application-managepartners-display-component---NewPartner","properties":{"title":"External partner"},"searchOpenDialogs":true,"interaction":{"idSuffix":"content"}},"wdio_ui5_key":"etmportal.ui.managepartners.view.NewPartnersap.m.StandardListItem{\"title\":\"External partner\"}"}]}
COMMAND: GET /session/8690b08f518c8418ef29018541b658af/screenshot - {}
RESULT: {"script":"<script> [1562 bytes]","args":[{"selector":{"controlType":"sap.m.StandardListItem","viewName":"etm.portal.ui.managepartners.view.NewPartner","viewId":"application-managepartners-display-component---NewPartner","properties":{"title":"External partner"},"searchOpenDialogs":true,"interaction":{"idSuffix":"content"}},"wdio_ui5_key":"etmportal.ui.managepartners.view.NewPartnersap.m.StandardListItem{\"title\":\"External partner\"}"}]}
RESULT: undefined
COMMAND: POST /session/8690b08f518c8418ef29018541b658af/element - {"using":"xpath","value":"//*[@id=\"__item1356\"]"}
RESULT: {}
RESULT: {"using":"xpath","value":"//*[@id=\"__item1356\"]"}
COMMAND: POST /session/8690b08f518c8418ef29018541b658af/element/f.032590EE386F29951754CC6C5B23B0CB.d.E988B0D3FCA3B49A41CECC4AF16C4FBF.e.12605/click - {}
RESULT: {}
COMMAND: POST /session/8690b08f518c8418ef29018541b658af/execute/async - {"script":"<script> [1562 bytes]","args":[{"selector":{"id":"application-managepartners-display-component---NewPartner--partnerDetailsCurrency-arrow"},"wdio_ui5_key":"applicationmanagepartners-display-component---NewPartner--partnerDetailsCurrency-arrow"}]}
COMMAND: GET /session/8690b08f518c8418ef29018541b658af/screenshot - {}
RESULT: {"script":"<script> [1562 bytes]","args":[{"selector":{"id":"application-managepartners-display-component---NewPartner--partnerDetailsCurrency-arrow"},"wdio_ui5_key":"applicationmanagepartners-display-component---NewPartner--partnerDetailsCurrency-arrow"}]}
RESULT: undefined
COMMAND: POST /session/8690b08f518c8418ef29018541b658af/element - {"using":"xpath","value":"//*[@id=\"application-managepartners-display-component---NewPartner--partnerDetailsCurrency-arrow\"]"}
RESULT: {}
RESULT: {"using":"xpath","value":"//*[@id=\"application-managepartners-display-component---NewPartner--partnerDetailsCurrency-arrow\"]"}
COMMAND: POST /session/8690b08f518c8418ef29018541b658af/element/f.032590EE386F29951754CC6C5B23B0CB.d.E988B0D3FCA3B49A41CECC4AF16C4FBF.e.12610/click - {}
RESULT: {}
COMMAND: POST /session/8690b08f518c8418ef29018541b658af/execute/async - {"script":"<script> [1562 bytes]","args":[{"selector":{"controlType":"sap.m.StandardListItem","viewName":"etm.portal.ui.managepartners.view.NewPartner","viewId":"application-managepartners-display-component---NewPartner","properties":{"title":"Euro"},"searchOpenDialogs":true,"interaction":{"idSuffix":"content"}},"wdio_ui5_key":"etmportal.ui.managepartners.view.NewPartnersap.m.StandardListItem{\"title\":\"Euro\"}"}]}
COMMAND: GET /session/8690b08f518c8418ef29018541b658af/screenshot - {}
RESULT: {"script":"<script> [1562 bytes]","args":[{"selector":{"controlType":"sap.m.StandardListItem","viewName":"etm.portal.ui.managepartners.view.NewPartner","viewId":"application-managepartners-display-component---NewPartner","properties":{"title":"Euro"},"searchOpenDialogs":true,"interaction":{"idSuffix":"content"}},"wdio_ui5_key":"etmportal.ui.managepartners.view.NewPartnersap.m.StandardListItem{\"title\":\"Euro\"}"}]}
RESULT: undefined
COMMAND: POST /session/8690b08f518c8418ef29018541b658af/element - {"using":"xpath","value":"//*[@id=\"__item1358\"]"}
RESULT: {}
RESULT: {"using":"xpath","value":"//*[@id=\"__item1358\"]"}
COMMAND: POST /session/8690b08f518c8418ef29018541b658af/element/f.032590EE386F29951754CC6C5B23B0CB.d.E988B0D3FCA3B49A41CECC4AF16C4FBF.e.12612/click - {}
RESULT: {}
COMMAND: POST /session/8690b08f518c8418ef29018541b658af/execute/async - {"script":"<script> [1562 bytes]","args":[{"selector":{"controlType":"sap.m.Button","viewName":"etm.portal.ui.managepartners.view.NewPartner","viewId":"application-managepartners-display-component---NewPartner","properties":{"text":"Assignments"},"interaction":{"idSuffix":"BDI-content"}},"wdio_ui5_key":"etmportal.ui.managepartners.view.NewPartnersap.m.Button{\"text\":\"Assignments\"}"}]}
COMMAND: GET /session/8690b08f518c8418ef29018541b658af/screenshot - {}
RESULT: {"script":"<script> [1562 bytes]","args":[{"selector":{"controlType":"sap.m.Button","viewName":"etm.portal.ui.managepartners.view.NewPartner","viewId":"application-managepartners-display-component---NewPartner","properties":{"text":"Assignments"},"interaction":{"idSuffix":"BDI-content"}},"wdio_ui5_key":"etmportal.ui.managepartners.view.NewPartnersap.m.Button{\"text\":\"Assignments\"}"}]}
RESULT: undefined
COMMAND: POST /session/8690b08f518c8418ef29018541b658af/element - {"using":"xpath","value":"//*[@id=\"application-managepartners-display-component---NewPartner--ObjectPageLayout-anchBar-__section61-anchor\"]"}
RESULT: {}
RESULT: {"using":"xpath","value":"//*[@id=\"application-managepartners-display-component---NewPartner--ObjectPageLayout-anchBar-__section61-anchor\"]"}
COMMAND: POST /session/8690b08f518c8418ef29018541b658af/element/f.032590EE386F29951754CC6C5B23B0CB.d.E988B0D3FCA3B49A41CECC4AF16C4FBF.e.12614/click - {}
RESULT: {}
COMMAND: POST /session/8690b08f518c8418ef29018541b658af/execute/async - {"script":"<script> [1562 bytes]","args":[{"selector":{"id":"application-managepartners-display-component---NewPartner--btnAddTableRow","interaction":{"idSuffix":"inner"}},"wdio_ui5_key":"applicationmanagepartners-display-component---NewPartner--btnAddTableRow"}]}
COMMAND: GET /session/8690b08f518c8418ef29018541b658af/screenshot - {}
RESULT: {"script":"<script> [1562 bytes]","args":[{"selector":{"id":"application-managepartners-display-component---NewPartner--btnAddTableRow","interaction":{"idSuffix":"inner"}},"wdio_ui5_key":"applicationmanagepartners-display-component---NewPartner--btnAddTableRow"}]}
RESULT: undefined
COMMAND: POST /session/8690b08f518c8418ef29018541b658af/element - {"using":"xpath","value":"//*[@id=\"application-managepartners-display-component---NewPartner--btnAddTableRow\"]"}
RESULT: {}
RESULT: {"using":"xpath","value":"//*[@id=\"application-managepartners-display-component---NewPartner--btnAddTableRow\"]"}
COMMAND: POST /session/8690b08f518c8418ef29018541b658af/element/f.032590EE386F29951754CC6C5B23B0CB.d.E988B0D3FCA3B49A41CECC4AF16C4FBF.e.12621/click - {}
RESULT: {}
COMMAND: POST /session/8690b08f518c8418ef29018541b658af/element - {"using":"css selector","value":"#application-managepartners-display-component---NewPartner--assignmentYard-application-managepartners-display-component---NewPartner--assignmentsTable-0-inner"}
COMMAND: GET /session/8690b08f518c8418ef29018541b658af/screenshot - {}
RESULT: {"using":"css selector","value":"#application-managepartners-display-component---NewPartner--assignmentYard-application-managepartners-display-component---NewPartner--assignmentsTable-0-inner"}
COMMAND: POST /session/8690b08f518c8418ef29018541b658af/element/f.032590EE386F29951754CC6C5B23B0CB.d.E988B0D3FCA3B49A41CECC4AF16C4FBF.e.12623/clear - {}
RESULT: {}
RESULT: {}
COMMAND: POST /session/8690b08f518c8418ef29018541b658af/element/f.032590EE386F29951754CC6C5B23B0CB.d.E988B0D3FCA3B49A41CECC4AF16C4FBF.e.12623/value - {"text":"600"}
COMMAND: GET /session/8690b08f518c8418ef29018541b658af/screenshot - {}
RESULT: {"text":"600"}
COMMAND: POST /session/8690b08f518c8418ef29018541b658af/execute/async - {"script":"<script> [1562 bytes]","args":[{"selector":{"id":"application-managepartners-display-component---NewPartner--assignmentYard-application-managepartners-display-component---NewPartner--assignmentsTable-0-arrow"},"wdio_ui5_key":"applicationmanagepartners-display-component---NewPartner--assignmentYard-application-managepartners-display-component---NewPartner--assignmentsTable-0-arrow"}]}
COMMAND: GET /session/8690b08f518c8418ef29018541b658af/screenshot - {}
RESULT: {}
RESULT: {"script":"<script> [1562 bytes]","args":[{"selector":{"id":"application-managepartners-display-component---NewPartner--assignmentYard-application-managepartners-display-component---NewPartner--assignmentsTable-0-arrow"},"wdio_ui5_key":"applicationmanagepartners-display-component---NewPartner--assignmentYard-application-managepartners-display-component---NewPartner--assignmentsTable-0-arrow"}]}
RESULT: undefined
COMMAND: POST /session/8690b08f518c8418ef29018541b658af/element - {"using":"xpath","value":"//*[@id=\"application-managepartners-display-component---NewPartner--assignmentYard-application-managepartners-display-component---NewPartner--assignmentsTable-0-arrow\"]"}
RESULT: {}
RESULT: {"using":"xpath","value":"//*[@id=\"application-managepartners-display-component---NewPartner--assignmentYard-application-managepartners-display-component---NewPartner--assignmentsTable-0-arrow\"]"}
COMMAND: POST /session/8690b08f518c8418ef29018541b658af/element/f.032590EE386F29951754CC6C5B23B0CB.d.E988B0D3FCA3B49A41CECC4AF16C4FBF.e.12631/click - {}
RESULT: {}
COMMAND: GET /session/8690b08f518c8418ef29018541b658af/screenshot - {}
RESULT: {}
COMMAND: POST /session/8690b08f518c8418ef29018541b658af/execute/async - {"script":"<script> [1562 bytes]","args":[{"selector":{"controlType":"sap.m.Button","viewName":"etm.portal.ui.managepartners.view.NewPartner","viewId":"application-managepartners-display-component---NewPartner","i18NText":{"propertyName":"text","key":"save"},"interaction":{"idSuffix":"BDI-content"}},"wdio_ui5_key":"etmportal.ui.managepartners.view.NewPartnersap.m.Button{\"propertyName\":\"text\",\"key\":\"save\"}"}]}
RESULT: {"script":"<script> [1562 bytes]","args":[{"selector":{"controlType":"sap.m.Button","viewName":"etm.portal.ui.managepartners.view.NewPartner","viewId":"application-managepartners-display-component---NewPartner","i18NText":{"propertyName":"text","key":"save"},"interaction":{"idSuffix":"BDI-content"}},"wdio_ui5_key":"etmportal.ui.managepartners.view.NewPartnersap.m.Button{\"propertyName\":\"text\",\"key\":\"save\"}"}]}
RESULT: undefined
COMMAND: POST /session/8690b08f518c8418ef29018541b658af/element - {"using":"xpath","value":"//*[@id=\"__button127\"]"}
RESULT: {"using":"xpath","value":"//*[@id=\"__button127\"]"}
COMMAND: POST /session/8690b08f518c8418ef29018541b658af/element/f.032590EE386F29951754CC6C5B23B0CB.d.E988B0D3FCA3B49A41CECC4AF16C4FBF.e.12514/click - {}
RESULT: {}
COMMAND: GET /session/8690b08f518c8418ef29018541b658af/screenshot - {}
RESULT: {}
COMMAND: POST /session/8690b08f518c8418ef29018541b658af/execute/async - {"script":"<script> [1562 bytes]","args":[{"selector":{"controlType":"sap.m.Text","viewName":"etm.portal.ui.managepartners.view.Detail","viewId":"application-managepartners-display-component---detailPtm","bindingPath":{"propertyPath":"ID","modelName":"catalogModel"}},"wdio_ui5_key":"etmportal.ui.managepartners.view.Detailsap.m.Text{\"propertyPath\":\"ID\",\"modelName\":\"catalogModel\"}"}]}
RESULT: {"script":"<script> [1562 bytes]","args":[{"selector":{"controlType":"sap.m.Text","viewName":"etm.portal.ui.managepartners.view.Detail","viewId":"application-managepartners-display-component---detailPtm","bindingPath":{"propertyPath":"ID","modelName":"catalogModel"}},"wdio_ui5_key":"etmportal.ui.managepartners.view.Detailsap.m.Text{\"propertyPath\":\"ID\",\"modelName\":\"catalogModel\"}"}]}
RESULT: undefined
COMMAND: POST /session/8690b08f518c8418ef29018541b658af/execute/async - {"script":"<script> [6424 bytes]","args":[{"element-6066-11e4-a52e-4f735466cecf":"f.032590EE386F29951754CC6C5B23B0CB.d.E988B0D3FCA3B49A41CECC4AF16C4FBF.e.12796"},"getText",[]]}
RESULT: {"script":"<script> [6424 bytes]","args":[{"element-6066-11e4-a52e-4f735466cecf":"f.032590EE386F29951754CC6C5B23B0CB.d.E988B0D3FCA3B49A41CECC4AF16C4FBF.e.12796"},"getText",[]]}
COMMAND: POST /session/8690b08f518c8418ef29018541b658af/element - {"using":"css selector","value":"#shell-header-logo"}
RESULT: {"using":"css selector","value":"#shell-header-logo"}
COMMAND: POST /session/8690b08f518c8418ef29018541b658af/element/f.032590EE386F29951754CC6C5B23B0CB.d.E988B0D3FCA3B49A41CECC4AF16C4FBF.e.12126/click - {}
RESULT: {}
]]></system-out>
    </testcase>
    <testcase classname="chrome.135_0_7049_115.windows.Return_from_Site_w/_warehouse_management_w/_clarification_US125588" name="Should create a new WHM Material" time="89.643">
      <system-out><![CDATA[
COMMAND: GET /session/8690b08f518c8418ef29018541b658af/screenshot - {}
COMMAND: POST /session/8690b08f518c8418ef29018541b658af/execute/async - {"script":"<script> [1562 bytes]","args":[{"selector":{"controlType":"sap.m.GenericTile","properties":{"header":"Manage Resources"}},"wdio_ui5_key":"sapm.GenericTile{\"header\":\"Manage Resources\"}"}]}
RESULT: {}
RESULT: {"script":"<script> [1562 bytes]","args":[{"selector":{"controlType":"sap.m.GenericTile","properties":{"header":"Manage Resources"}},"wdio_ui5_key":"sapm.GenericTile{\"header\":\"Manage Resources\"}"}]}
RESULT: undefined
COMMAND: POST /session/8690b08f518c8418ef29018541b658af/element - {"using":"xpath","value":"//*[@id=\"__tile39\"]"}
RESULT: {"using":"xpath","value":"//*[@id=\"__tile39\"]"}
COMMAND: POST /session/8690b08f518c8418ef29018541b658af/element/f.032590EE386F29951754CC6C5B23B0CB.d.E988B0D3FCA3B49A41CECC4AF16C4FBF.e.12798/click - {}
RESULT: {}
COMMAND: POST /session/8690b08f518c8418ef29018541b658af/execute/async - {"script":"<script> [1562 bytes]","args":[{"selector":{"controlType":"sap.m.OverflowToolbarButton","viewName":"etm.portal.ui.manageresources.view.Master","viewId":"application-manageresources-display-component---masterRU","bindingPath":{"path":"","propertyPath":"/isLogbook","modelName":"minimumStockRPGModel"},"interaction":{"idSuffix":"inner"}},"wdio_ui5_key":"etmportal.ui.manageresources.view.Mastersap.m.OverflowToolbarButton{\"path\":\"\",\"propertyPath\":\"/isLogbook\",\"modelName\":\"minimumStockRPGModel\"}"}]}
COMMAND: GET /session/8690b08f518c8418ef29018541b658af/screenshot - {}
RESULT: {"script":"<script> [1562 bytes]","args":[{"selector":{"controlType":"sap.m.OverflowToolbarButton","viewName":"etm.portal.ui.manageresources.view.Master","viewId":"application-manageresources-display-component---masterRU","bindingPath":{"path":"","propertyPath":"/isLogbook","modelName":"minimumStockRPGModel"},"interaction":{"idSuffix":"inner"}},"wdio_ui5_key":"etmportal.ui.manageresources.view.Mastersap.m.OverflowToolbarButton{\"path\":\"\",\"propertyPath\":\"/isLogbook\",\"modelName\":\"minimumStockRPGModel\"}"}]}
RESULT: undefined
COMMAND: POST /session/8690b08f518c8418ef29018541b658af/element - {"using":"xpath","value":"//*[@id=\"__button168\"]"}
RESULT: {}
RESULT: {"using":"xpath","value":"//*[@id=\"__button168\"]"}
COMMAND: POST /session/8690b08f518c8418ef29018541b658af/element/f.032590EE386F29951754CC6C5B23B0CB.d.E988B0D3FCA3B49A41CECC4AF16C4FBF.e.12839/click - {}
RESULT: {}
COMMAND: GET /session/8690b08f518c8418ef29018541b658af/screenshot - {}
COMMAND: POST /session/8690b08f518c8418ef29018541b658af/execute/async - {"script":"<script> [1562 bytes]","args":[{"selector":{"id":"application-manageresources-display-component---newResourceUnit--TYPE-arrow"},"wdio_ui5_key":"applicationmanageresources-display-component---newResourceUnit--TYPE-arrow"}]}
RESULT: {}
RESULT: {"script":"<script> [1562 bytes]","args":[{"selector":{"id":"application-manageresources-display-component---newResourceUnit--TYPE-arrow"},"wdio_ui5_key":"applicationmanageresources-display-component---newResourceUnit--TYPE-arrow"}]}
RESULT: undefined
COMMAND: POST /session/8690b08f518c8418ef29018541b658af/element - {"using":"xpath","value":"//*[@id=\"application-manageresources-display-component---newResourceUnit--TYPE-arrow\"]"}
RESULT: {"using":"xpath","value":"//*[@id=\"application-manageresources-display-component---newResourceUnit--TYPE-arrow\"]"}
COMMAND: POST /session/8690b08f518c8418ef29018541b658af/element/f.032590EE386F29951754CC6C5B23B0CB.d.E988B0D3FCA3B49A41CECC4AF16C4FBF.e.13152/click - {}
RESULT: {}
COMMAND: POST /session/8690b08f518c8418ef29018541b658af/execute/async - {"script":"<script> [1562 bytes]","args":[{"selector":{"controlType":"sap.m.StandardListItem","viewName":"reusables.view.manageresources.NewResourceUnit","viewId":"application-manageresources-display-component---newResourceUnit","properties":{"title":"Material"},"searchOpenDialogs":true,"interaction":{"idSuffix":"content"}},"wdio_ui5_key":"reusablesview.manageresources.NewResourceUnitsap.m.StandardListItem{\"title\":\"Material\"}"}]}
COMMAND: GET /session/8690b08f518c8418ef29018541b658af/screenshot - {}
RESULT: {"script":"<script> [1562 bytes]","args":[{"selector":{"controlType":"sap.m.StandardListItem","viewName":"reusables.view.manageresources.NewResourceUnit","viewId":"application-manageresources-display-component---newResourceUnit","properties":{"title":"Material"},"searchOpenDialogs":true,"interaction":{"idSuffix":"content"}},"wdio_ui5_key":"reusablesview.manageresources.NewResourceUnitsap.m.StandardListItem{\"title\":\"Material\"}"}]}
RESULT: undefined
COMMAND: POST /session/8690b08f518c8418ef29018541b658af/element - {"using":"xpath","value":"//*[@id=\"__item1639\"]"}
RESULT: {}
RESULT: {"using":"xpath","value":"//*[@id=\"__item1639\"]"}
COMMAND: POST /session/8690b08f518c8418ef29018541b658af/element/f.032590EE386F29951754CC6C5B23B0CB.d.E988B0D3FCA3B49A41CECC4AF16C4FBF.e.13155/click - {}
RESULT: {}
COMMAND: POST /session/8690b08f518c8418ef29018541b658af/execute/async - {"script":"<script> [1562 bytes]","args":[{"selector":{"id":"application-manageresources-display-component---newResourceUnit--resourceId","interaction":{"idSuffix":"inner"}},"wdio_ui5_key":"applicationmanageresources-display-component---newResourceUnit--resourceId"}]}
COMMAND: GET /session/8690b08f518c8418ef29018541b658af/screenshot - {}
RESULT: {"script":"<script> [1562 bytes]","args":[{"selector":{"id":"application-manageresources-display-component---newResourceUnit--resourceId","interaction":{"idSuffix":"inner"}},"wdio_ui5_key":"applicationmanageresources-display-component---newResourceUnit--resourceId"}]}
RESULT: undefined
COMMAND: POST /session/8690b08f518c8418ef29018541b658af/execute/async - {"script":"<script> [1562 bytes]","args":[{"selector":{"id":"application-manageresources-display-component---newResourceUnit--SHORT_TEXT","interaction":{"idSuffix":"inner"}},"wdio_ui5_key":"applicationmanageresources-display-component---newResourceUnit--SHORT_TEXT"}]}
RESULT: {}
RESULT: {"script":"<script> [1562 bytes]","args":[{"selector":{"id":"application-manageresources-display-component---newResourceUnit--SHORT_TEXT","interaction":{"idSuffix":"inner"}},"wdio_ui5_key":"applicationmanageresources-display-component---newResourceUnit--SHORT_TEXT"}]}
RESULT: undefined
COMMAND: POST /session/8690b08f518c8418ef29018541b658af/execute/async - {"script":"<script> [776 bytes]","args":[{"enterText":"material WHM","selector":{"id":"application-manageresources-display-component---newResourceUnit--SHORT_TEXT","interaction":{"idSuffix":"inner"}},"clearTextFirst":true,"interactionType":"ENTER_TEXT"}]}
RESULT: {"script":"<script> [776 bytes]","args":[{"enterText":"material WHM","selector":{"id":"application-manageresources-display-component---newResourceUnit--SHORT_TEXT","interaction":{"idSuffix":"inner"}},"clearTextFirst":true,"interactionType":"ENTER_TEXT"}]}
COMMAND: POST /session/8690b08f518c8418ef29018541b658af/execute/async - {"script":"<script> [1562 bytes]","args":[{"selector":{"id":"application-manageresources-display-component---newResourceUnit--BASE_UNIT_OF_MEASURE","interaction":{"idSuffix":"inner"}},"wdio_ui5_key":"applicationmanageresources-display-component---newResourceUnit--BASE_UNIT_OF_MEASURE"}]}
RESULT: {"script":"<script> [1562 bytes]","args":[{"selector":{"id":"application-manageresources-display-component---newResourceUnit--BASE_UNIT_OF_MEASURE","interaction":{"idSuffix":"inner"}},"wdio_ui5_key":"applicationmanageresources-display-component---newResourceUnit--BASE_UNIT_OF_MEASURE"}]}
RESULT: undefined
COMMAND: POST /session/8690b08f518c8418ef29018541b658af/execute/async - {"script":"<script> [776 bytes]","args":[{"enterText":"Piece","selector":{"id":"application-manageresources-display-component---newResourceUnit--BASE_UNIT_OF_MEASURE","interaction":{"idSuffix":"inner"}},"clearTextFirst":true,"interactionType":"ENTER_TEXT"}]}
RESULT: {"script":"<script> [776 bytes]","args":[{"enterText":"Piece","selector":{"id":"application-manageresources-display-component---newResourceUnit--BASE_UNIT_OF_MEASURE","interaction":{"idSuffix":"inner"}},"clearTextFirst":true,"interactionType":"ENTER_TEXT"}]}
COMMAND: POST /session/8690b08f518c8418ef29018541b658af/execute/async - {"script":"<script> [1562 bytes]","args":[{"selector":{"id":"application-manageresources-display-component---newResourceUnit--WEIGHT_UNIT","interaction":{"idSuffix":"inner"}},"wdio_ui5_key":"applicationmanageresources-display-component---newResourceUnit--WEIGHT_UNIT"}]}
RESULT: {"script":"<script> [1562 bytes]","args":[{"selector":{"id":"application-manageresources-display-component---newResourceUnit--WEIGHT_UNIT","interaction":{"idSuffix":"inner"}},"wdio_ui5_key":"applicationmanageresources-display-component---newResourceUnit--WEIGHT_UNIT"}]}
RESULT: undefined
COMMAND: POST /session/8690b08f518c8418ef29018541b658af/execute/async - {"script":"<script> [776 bytes]","args":[{"enterText":"Gram","selector":{"id":"application-manageresources-display-component---newResourceUnit--WEIGHT_UNIT","interaction":{"idSuffix":"inner"}},"clearTextFirst":true,"interactionType":"ENTER_TEXT"}]}
RESULT: {"script":"<script> [776 bytes]","args":[{"enterText":"Gram","selector":{"id":"application-manageresources-display-component---newResourceUnit--WEIGHT_UNIT","interaction":{"idSuffix":"inner"}},"clearTextFirst":true,"interactionType":"ENTER_TEXT"}]}
COMMAND: POST /session/8690b08f518c8418ef29018541b658af/execute/async - {"script":"<script> [1562 bytes]","args":[{"selector":{"id":"application-manageresources-display-component---newResourceUnit--DIMENSION_UNIT","interaction":{"idSuffix":"inner"}},"wdio_ui5_key":"applicationmanageresources-display-component---newResourceUnit--DIMENSION_UNIT"}]}
RESULT: {"script":"<script> [1562 bytes]","args":[{"selector":{"id":"application-manageresources-display-component---newResourceUnit--DIMENSION_UNIT","interaction":{"idSuffix":"inner"}},"wdio_ui5_key":"applicationmanageresources-display-component---newResourceUnit--DIMENSION_UNIT"}]}
RESULT: undefined
COMMAND: POST /session/8690b08f518c8418ef29018541b658af/execute/async - {"script":"<script> [776 bytes]","args":[{"enterText":"Meter","selector":{"id":"application-manageresources-display-component---newResourceUnit--DIMENSION_UNIT","interaction":{"idSuffix":"inner"}},"clearTextFirst":true,"interactionType":"ENTER_TEXT"}]}
RESULT: {"script":"<script> [776 bytes]","args":[{"enterText":"Meter","selector":{"id":"application-manageresources-display-component---newResourceUnit--DIMENSION_UNIT","interaction":{"idSuffix":"inner"}},"clearTextFirst":true,"interactionType":"ENTER_TEXT"}]}
COMMAND: POST /session/8690b08f518c8418ef29018541b658af/execute/async - {"script":"<script> [1562 bytes]","args":[{"selector":{"id":"application-manageresources-display-component---newResourceUnit--newRRUPage-anchBar-application-manageresources-display-component---newResourceUnit--control-anchor","interaction":{"idSuffix":"content"}},"wdio_ui5_key":"applicationmanageresources-display-component---newResourceUnit--newRRUPage-anchBar-application-manageresources-display-component---newResourceUnit--control-anchor"}]}
RESULT: {"script":"<script> [1562 bytes]","args":[{"selector":{"id":"application-manageresources-display-component---newResourceUnit--newRRUPage-anchBar-application-manageresources-display-component---newResourceUnit--control-anchor","interaction":{"idSuffix":"content"}},"wdio_ui5_key":"applicationmanageresources-display-component---newResourceUnit--newRRUPage-anchBar-application-manageresources-display-component---newResourceUnit--control-anchor"}]}
RESULT: undefined
COMMAND: POST /session/8690b08f518c8418ef29018541b658af/element - {"using":"xpath","value":"//*[@id=\"application-manageresources-display-component---newResourceUnit--newRRUPage-anchBar-application-manageresources-display-component---newResourceUnit--control-anchor\"]"}
RESULT: {"using":"xpath","value":"//*[@id=\"application-manageresources-display-component---newResourceUnit--newRRUPage-anchBar-application-manageresources-display-component---newResourceUnit--control-anchor\"]"}
COMMAND: POST /session/8690b08f518c8418ef29018541b658af/element/f.032590EE386F29951754CC6C5B23B0CB.d.E988B0D3FCA3B49A41CECC4AF16C4FBF.e.13219/click - {}
RESULT: {}
COMMAND: POST /session/8690b08f518c8418ef29018541b658af/execute/async - {"script":"<script> [1562 bytes]","args":[{"selector":{"id":"application-manageresources-display-component---newResourceUnit--PLANNING_GROUP","interaction":{"idSuffix":"inner"}},"wdio_ui5_key":"applicationmanageresources-display-component---newResourceUnit--PLANNING_GROUP"}]}
COMMAND: GET /session/8690b08f518c8418ef29018541b658af/screenshot - {}
RESULT: {"script":"<script> [1562 bytes]","args":[{"selector":{"id":"application-manageresources-display-component---newResourceUnit--PLANNING_GROUP","interaction":{"idSuffix":"inner"}},"wdio_ui5_key":"applicationmanageresources-display-component---newResourceUnit--PLANNING_GROUP"}]}
RESULT: undefined
COMMAND: POST /session/8690b08f518c8418ef29018541b658af/execute/async - {"script":"<script> [776 bytes]","args":[{"enterText":"Heavy Equi","selector":{"id":"application-manageresources-display-component---newResourceUnit--PLANNING_GROUP","interaction":{"idSuffix":"inner"}},"clearTextFirst":true,"interactionType":"ENTER_TEXT"}]}
RESULT: {}
RESULT: {"script":"<script> [776 bytes]","args":[{"enterText":"Heavy Equi","selector":{"id":"application-manageresources-display-component---newResourceUnit--PLANNING_GROUP","interaction":{"idSuffix":"inner"}},"clearTextFirst":true,"interactionType":"ENTER_TEXT"}]}
COMMAND: POST /session/8690b08f518c8418ef29018541b658af/execute/async - {"script":"<script> [1562 bytes]","args":[{"selector":{"id":"application-manageresources-display-component---newResourceUnit--PLANNING_INDICATOR","interaction":{"idSuffix":"inner"}},"wdio_ui5_key":"applicationmanageresources-display-component---newResourceUnit--PLANNING_INDICATOR"}]}
RESULT: {"script":"<script> [1562 bytes]","args":[{"selector":{"id":"application-manageresources-display-component---newResourceUnit--PLANNING_INDICATOR","interaction":{"idSuffix":"inner"}},"wdio_ui5_key":"applicationmanageresources-display-component---newResourceUnit--PLANNING_INDICATOR"}]}
RESULT: undefined
COMMAND: POST /session/8690b08f518c8418ef29018541b658af/execute/async - {"script":"<script> [776 bytes]","args":[{"enterText":"10 - infinite","selector":{"id":"application-manageresources-display-component---newResourceUnit--PLANNING_INDICATOR","interaction":{"idSuffix":"inner"}},"clearTextFirst":true,"interactionType":"ENTER_TEXT"}]}
RESULT: {"script":"<script> [776 bytes]","args":[{"enterText":"10 - infinite","selector":{"id":"application-manageresources-display-component---newResourceUnit--PLANNING_INDICATOR","interaction":{"idSuffix":"inner"}},"clearTextFirst":true,"interactionType":"ENTER_TEXT"}]}
COMMAND: POST /session/8690b08f518c8418ef29018541b658af/actions - {"actions":[{"id":"action58","type":"key","parameters":{},"actions":[{"type":"keyDown","value":"î€‡"},{"type":"pause","duration":10},{"type":"keyUp","value":"î€‡"}]}]}
RESULT: {"actions":[{"id":"action58","type":"key","parameters":{},"actions":[{"type":"keyDown","value":"î€‡"},{"type":"pause","duration":10},{"type":"keyUp","value":"î€‡"}]}]}
COMMAND: POST /session/8690b08f518c8418ef29018541b658af/execute/async - {"script":"<script> [1562 bytes]","args":[{"selector":{"id":"application-manageresources-display-component---newResourceUnit--ITEM_TYPE-arrow"},"wdio_ui5_key":"applicationmanageresources-display-component---newResourceUnit--ITEM_TYPE-arrow"}]}
COMMAND: GET /session/8690b08f518c8418ef29018541b658af/screenshot - {}
RESULT: {"script":"<script> [1562 bytes]","args":[{"selector":{"id":"application-manageresources-display-component---newResourceUnit--ITEM_TYPE-arrow"},"wdio_ui5_key":"applicationmanageresources-display-component---newResourceUnit--ITEM_TYPE-arrow"}]}
RESULT: undefined
COMMAND: POST /session/8690b08f518c8418ef29018541b658af/element - {"using":"xpath","value":"//*[@id=\"application-manageresources-display-component---newResourceUnit--ITEM_TYPE-arrow\"]"}
RESULT: {}
RESULT: {"using":"xpath","value":"//*[@id=\"application-manageresources-display-component---newResourceUnit--ITEM_TYPE-arrow\"]"}
COMMAND: POST /session/8690b08f518c8418ef29018541b658af/element/f.032590EE386F29951754CC6C5B23B0CB.d.E988B0D3FCA3B49A41CECC4AF16C4FBF.e.13229/click - {}
RESULT: {}
COMMAND: POST /session/8690b08f518c8418ef29018541b658af/execute/async - {"script":"<script> [1562 bytes]","args":[{"selector":{"controlType":"sap.m.StandardListItem","viewName":"reusables.view.manageresources.NewResourceUnit","viewId":"application-manageresources-display-component---newResourceUnit","properties":{"title":"Resource Unit"},"searchOpenDialogs":true,"interaction":{"idSuffix":"titleText"}},"wdio_ui5_key":"reusablesview.manageresources.NewResourceUnitsap.m.StandardListItem{\"title\":\"Resource Unit\"}"}]}
COMMAND: GET /session/8690b08f518c8418ef29018541b658af/screenshot - {}
RESULT: {"script":"<script> [1562 bytes]","args":[{"selector":{"controlType":"sap.m.StandardListItem","viewName":"reusables.view.manageresources.NewResourceUnit","viewId":"application-manageresources-display-component---newResourceUnit","properties":{"title":"Resource Unit"},"searchOpenDialogs":true,"interaction":{"idSuffix":"titleText"}},"wdio_ui5_key":"reusablesview.manageresources.NewResourceUnitsap.m.StandardListItem{\"title\":\"Resource Unit\"}"}]}
RESULT: undefined
RESULT: {}
COMMAND: POST /session/8690b08f518c8418ef29018541b658af/execute/async - {"script":"<script> [1562 bytes]","args":[{"selector":{"controlType":"sap.m.Label","viewName":"reusables.view.manageresources.NewResourceUnit","viewId":"application-manageresources-display-component---newResourceUnit","i18NText":{"propertyName":"text","key":"planningGroup"},"interaction":{"idSuffix":"bdi"}},"wdio_ui5_key":"reusablesview.manageresources.NewResourceUnitsap.m.Label{\"propertyName\":\"text\",\"key\":\"planningGroup\"}"}]}
RESULT: {"script":"<script> [1562 bytes]","args":[{"selector":{"controlType":"sap.m.Label","viewName":"reusables.view.manageresources.NewResourceUnit","viewId":"application-manageresources-display-component---newResourceUnit","i18NText":{"propertyName":"text","key":"planningGroup"},"interaction":{"idSuffix":"bdi"}},"wdio_ui5_key":"reusablesview.manageresources.NewResourceUnitsap.m.Label{\"propertyName\":\"text\",\"key\":\"planningGroup\"}"}]}
RESULT: undefined
COMMAND: POST /session/8690b08f518c8418ef29018541b658af/element - {"using":"xpath","value":"//*[@id=\"__label263\"]"}
RESULT: {"using":"xpath","value":"//*[@id=\"__label263\"]"}
COMMAND: POST /session/8690b08f518c8418ef29018541b658af/element/f.032590EE386F29951754CC6C5B23B0CB.d.E988B0D3FCA3B49A41CECC4AF16C4FBF.e.13231/click - {}
RESULT: {}
COMMAND: GET /session/8690b08f518c8418ef29018541b658af/screenshot - {}
RESULT: {}
COMMAND: POST /session/8690b08f518c8418ef29018541b658af/actions - {"actions":[{"type":"key","id":"keyboard","actions":[{"type":"keyDown","value":"î›"}]}]}
RESULT: {"actions":[{"type":"key","id":"keyboard","actions":[{"type":"keyDown","value":"î›"}]}]}
COMMAND: GET /session/8690b08f518c8418ef29018541b658af/screenshot - {}
RESULT: {}
COMMAND: POST /session/8690b08f518c8418ef29018541b658af/actions - {"actions":[{"type":"key","id":"keyboard","actions":[{"type":"keyDown","value":"î›"}]}]}
RESULT: {"actions":[{"type":"key","id":"keyboard","actions":[{"type":"keyDown","value":"î›"}]}]}
COMMAND: GET /session/8690b08f518c8418ef29018541b658af/screenshot - {}
RESULT: {}
COMMAND: POST /session/8690b08f518c8418ef29018541b658af/actions - {"actions":[{"type":"key","id":"keyboard","actions":[{"type":"keyDown","value":"î›"}]}]}
RESULT: {"actions":[{"type":"key","id":"keyboard","actions":[{"type":"keyDown","value":"î›"}]}]}
COMMAND: GET /session/8690b08f518c8418ef29018541b658af/screenshot - {}
RESULT: {}
COMMAND: POST /session/8690b08f518c8418ef29018541b658af/actions - {"actions":[{"type":"key","id":"keyboard","actions":[{"type":"keyDown","value":"î›"}]}]}
RESULT: {"actions":[{"type":"key","id":"keyboard","actions":[{"type":"keyDown","value":"î›"}]}]}
COMMAND: GET /session/8690b08f518c8418ef29018541b658af/screenshot - {}
RESULT: {}
COMMAND: POST /session/8690b08f518c8418ef29018541b658af/actions - {"actions":[{"type":"key","id":"keyboard","actions":[{"type":"keyDown","value":"î›"}]}]}
RESULT: {"actions":[{"type":"key","id":"keyboard","actions":[{"type":"keyDown","value":"î›"}]}]}
COMMAND: GET /session/8690b08f518c8418ef29018541b658af/screenshot - {}
RESULT: {}
COMMAND: POST /session/8690b08f518c8418ef29018541b658af/actions - {"actions":[{"type":"key","id":"keyboard","actions":[{"type":"keyDown","value":"î›"}]}]}
RESULT: {"actions":[{"type":"key","id":"keyboard","actions":[{"type":"keyDown","value":"î›"}]}]}
COMMAND: GET /session/8690b08f518c8418ef29018541b658af/screenshot - {}
RESULT: {}
COMMAND: POST /session/8690b08f518c8418ef29018541b658af/execute/async - {"script":"<script> [1562 bytes]","args":[{"selector":{"id":"application-manageresources-display-component---newResourceUnit--btnAddTimeSegment-img"},"wdio_ui5_key":"applicationmanageresources-display-component---newResourceUnit--btnAddTimeSegment-img"}]}
RESULT: {"script":"<script> [1562 bytes]","args":[{"selector":{"id":"application-manageresources-display-component---newResourceUnit--btnAddTimeSegment-img"},"wdio_ui5_key":"applicationmanageresources-display-component---newResourceUnit--btnAddTimeSegment-img"}]}
RESULT: undefined
COMMAND: POST /session/8690b08f518c8418ef29018541b658af/element - {"using":"xpath","value":"//*[@id=\"application-manageresources-display-component---newResourceUnit--btnAddTimeSegment-img\"]"}
RESULT: {"using":"xpath","value":"//*[@id=\"application-manageresources-display-component---newResourceUnit--btnAddTimeSegment-img\"]"}
COMMAND: POST /session/8690b08f518c8418ef29018541b658af/element/f.032590EE386F29951754CC6C5B23B0CB.d.E988B0D3FCA3B49A41CECC4AF16C4FBF.e.13232/click - {}
RESULT: {}
COMMAND: POST /session/8690b08f518c8418ef29018541b658af/element - {"using":"xpath","value":"//input[@id=\"application-manageresources-display-component---newResourceUnit--idRuTSAdmin-application-manageresources-display-component---newResourceUnit--RUTimeSegment-0-inner\"]"}
COMMAND: GET /session/8690b08f518c8418ef29018541b658af/screenshot - {}
RESULT: {"using":"xpath","value":"//input[@id=\"application-manageresources-display-component---newResourceUnit--idRuTSAdmin-application-manageresources-display-component---newResourceUnit--RUTimeSegment-0-inner\"]"}
COMMAND: POST /session/8690b08f518c8418ef29018541b658af/element/f.032590EE386F29951754CC6C5B23B0CB.d.E988B0D3FCA3B49A41CECC4AF16C4FBF.e.13235/clear - {}
RESULT: {}
RESULT: {}
COMMAND: POST /session/8690b08f518c8418ef29018541b658af/element/f.032590EE386F29951754CC6C5B23B0CB.d.E988B0D3FCA3B49A41CECC4AF16C4FBF.e.13235/value - {"text":"600"}
COMMAND: GET /session/8690b08f518c8418ef29018541b658af/screenshot - {}
RESULT: {"text":"600"}
COMMAND: GET /session/8690b08f518c8418ef29018541b658af/screenshot - {}
RESULT: {}
RESULT: {}
COMMAND: POST /session/8690b08f518c8418ef29018541b658af/actions - {"actions":[{"id":"action59","type":"key","parameters":{},"actions":[{"type":"keyDown","value":"î€‡"},{"type":"pause","duration":10},{"type":"keyUp","value":"î€‡"}]}]}
RESULT: {"actions":[{"id":"action59","type":"key","parameters":{},"actions":[{"type":"keyDown","value":"î€‡"},{"type":"pause","duration":10},{"type":"keyUp","value":"î€‡"}]}]}
COMMAND: GET /session/8690b08f518c8418ef29018541b658af/screenshot - {}
RESULT: {}
COMMAND: POST /session/8690b08f518c8418ef29018541b658af/execute/async - {"script":"<script> [1562 bytes]","args":[{"selector":{"controlType":"sap.m.Button","viewName":"reusables.view.manageresources.NewResourceUnit","viewId":"application-manageresources-display-component---newResourceUnit","i18NText":{"propertyName":"tooltip","key":"save"},"interaction":{"idSuffix":"BDI-content"}},"wdio_ui5_key":"reusablesview.manageresources.NewResourceUnitsap.m.Button{\"propertyName\":\"tooltip\",\"key\":\"save\"}"}]}
RESULT: {"script":"<script> [1562 bytes]","args":[{"selector":{"controlType":"sap.m.Button","viewName":"reusables.view.manageresources.NewResourceUnit","viewId":"application-manageresources-display-component---newResourceUnit","i18NText":{"propertyName":"tooltip","key":"save"},"interaction":{"idSuffix":"BDI-content"}},"wdio_ui5_key":"reusablesview.manageresources.NewResourceUnitsap.m.Button{\"propertyName\":\"tooltip\",\"key\":\"save\"}"}]}
RESULT: undefined
COMMAND: POST /session/8690b08f518c8418ef29018541b658af/element - {"using":"xpath","value":"//*[@id=\"application-manageresources-display-component---newResourceUnit--createRuButton\"]"}
RESULT: {"using":"xpath","value":"//*[@id=\"application-manageresources-display-component---newResourceUnit--createRuButton\"]"}
COMMAND: POST /session/8690b08f518c8418ef29018541b658af/element/f.032590EE386F29951754CC6C5B23B0CB.d.E988B0D3FCA3B49A41CECC4AF16C4FBF.e.13168/click - {}
RESULT: {}
COMMAND: POST /session/8690b08f518c8418ef29018541b658af/execute/async - {"script":"<script> [1562 bytes]","args":[{"selector":{"controlType":"sap.m.Button","properties":{"text":"Close"},"searchOpenDialogs":true,"interaction":{"idSuffix":"BDI-content"}},"wdio_ui5_key":"sapm.Button{\"text\":\"Close\"}"}]}
COMMAND: GET /session/8690b08f518c8418ef29018541b658af/screenshot - {}
RESULT: {"script":"<script> [1562 bytes]","args":[{"selector":{"controlType":"sap.m.Button","properties":{"text":"Close"},"searchOpenDialogs":true,"interaction":{"idSuffix":"BDI-content"}},"wdio_ui5_key":"sapm.Button{\"text\":\"Close\"}"}]}
RESULT: undefined
COMMAND: POST /session/8690b08f518c8418ef29018541b658af/element - {"using":"xpath","value":"//*[@id=\"__mbox-btn-0\"]"}
RESULT: {}
RESULT: {"using":"xpath","value":"//*[@id=\"__mbox-btn-0\"]"}
COMMAND: POST /session/8690b08f518c8418ef29018541b658af/element/f.032590EE386F29951754CC6C5B23B0CB.d.E988B0D3FCA3B49A41CECC4AF16C4FBF.e.13248/click - {}
RESULT: {}
COMMAND: GET /session/8690b08f518c8418ef29018541b658af/screenshot - {}
RESULT: {}
COMMAND: POST /session/8690b08f518c8418ef29018541b658af/execute/async - {"script":"<script> [1562 bytes]","args":[{"selector":{"controlType":"sap.m.Text","viewName":"etm.portal.ui.manageresources.view.Detail","viewId":"application-manageresources-display-component---detailRU","bindingPath":{"propertyPath":"ID","modelName":"catalogModel"}},"wdio_ui5_key":"etmportal.ui.manageresources.view.Detailsap.m.Text{\"propertyPath\":\"ID\",\"modelName\":\"catalogModel\"}"}]}
RESULT: {"script":"<script> [1562 bytes]","args":[{"selector":{"controlType":"sap.m.Text","viewName":"etm.portal.ui.manageresources.view.Detail","viewId":"application-manageresources-display-component---detailRU","bindingPath":{"propertyPath":"ID","modelName":"catalogModel"}},"wdio_ui5_key":"etmportal.ui.manageresources.view.Detailsap.m.Text{\"propertyPath\":\"ID\",\"modelName\":\"catalogModel\"}"}]}
RESULT: undefined
COMMAND: POST /session/8690b08f518c8418ef29018541b658af/execute/async - {"script":"<script> [6424 bytes]","args":[{"element-6066-11e4-a52e-4f735466cecf":"f.032590EE386F29951754CC6C5B23B0CB.d.E988B0D3FCA3B49A41CECC4AF16C4FBF.e.13280"},"getText",[]]}
RESULT: {"script":"<script> [6424 bytes]","args":[{"element-6066-11e4-a52e-4f735466cecf":"f.032590EE386F29951754CC6C5B23B0CB.d.E988B0D3FCA3B49A41CECC4AF16C4FBF.e.13280"},"getText",[]]}
COMMAND: POST /session/8690b08f518c8418ef29018541b658af/element - {"using":"css selector","value":"#shell-header-logo"}
RESULT: {"using":"css selector","value":"#shell-header-logo"}
COMMAND: POST /session/8690b08f518c8418ef29018541b658af/element/f.032590EE386F29951754CC6C5B23B0CB.d.E988B0D3FCA3B49A41CECC4AF16C4FBF.e.12800/click - {}
RESULT: {}
COMMAND: GET /session/8690b08f518c8418ef29018541b658af/screenshot - {}
RESULT: {}
]]></system-out>
    </testcase>
    <testcase classname="chrome.135_0_7049_115.windows.Return_from_Site_w/_warehouse_management_w/_clarification_US125588" name="Bin Status Report Should Create New Organization yard" time="50.109">
      <system-out><![CDATA[
COMMAND: POST /session/8690b08f518c8418ef29018541b658af/execute/async - {"script":"<script> [1562 bytes]","args":[{"selector":{"controlType":"sap.m.GenericTile","properties":{"header":"Bin Status Report"}},"wdio_ui5_key":"sapm.GenericTile{\"header\":\"Bin Status Report\"}"}]}
RESULT: {"script":"<script> [1562 bytes]","args":[{"selector":{"controlType":"sap.m.GenericTile","properties":{"header":"Bin Status Report"}},"wdio_ui5_key":"sapm.GenericTile{\"header\":\"Bin Status Report\"}"}]}
RESULT: undefined
COMMAND: POST /session/8690b08f518c8418ef29018541b658af/element - {"using":"xpath","value":"//*[@id=\"__tile104\"]"}
RESULT: {"using":"xpath","value":"//*[@id=\"__tile104\"]"}
COMMAND: POST /session/8690b08f518c8418ef29018541b658af/element/f.032590EE386F29951754CC6C5B23B0CB.d.E988B0D3FCA3B49A41CECC4AF16C4FBF.e.13282/click - {}
RESULT: {}
COMMAND: GET /session/8690b08f518c8418ef29018541b658af/screenshot - {}
RESULT: {}
COMMAND: POST /session/8690b08f518c8418ef29018541b658af/execute/async - {"script":"<script> [1562 bytes]","args":[{"selector":{"id":"application-binstatusreport-display-component---warehousing--createOrgBtn","interaction":{"idSuffix":"content"}},"wdio_ui5_key":"applicationbinstatusreport-display-component---warehousing--createOrgBtn"}]}
RESULT: {"script":"<script> [1562 bytes]","args":[{"selector":{"id":"application-binstatusreport-display-component---warehousing--createOrgBtn","interaction":{"idSuffix":"content"}},"wdio_ui5_key":"applicationbinstatusreport-display-component---warehousing--createOrgBtn"}]}
RESULT: undefined
COMMAND: POST /session/8690b08f518c8418ef29018541b658af/element - {"using":"xpath","value":"//*[@id=\"application-binstatusreport-display-component---warehousing--createOrgBtn\"]"}
RESULT: {"using":"xpath","value":"//*[@id=\"application-binstatusreport-display-component---warehousing--createOrgBtn\"]"}
COMMAND: POST /session/8690b08f518c8418ef29018541b658af/element/f.032590EE386F29951754CC6C5B23B0CB.d.E988B0D3FCA3B49A41CECC4AF16C4FBF.e.13339/click - {}
RESULT: {}
COMMAND: POST /session/8690b08f518c8418ef29018541b658af/execute/async - {"script":"<script> [1562 bytes]","args":[{"selector":{"id":"createOrganizationPop--sectionInput","searchOpenDialogs":true,"interaction":{"idSuffix":"inner"}},"wdio_ui5_key":"createOrganizationPopsectionInput"}]}
COMMAND: GET /session/8690b08f518c8418ef29018541b658af/screenshot - {}
RESULT: {"script":"<script> [1562 bytes]","args":[{"selector":{"id":"createOrganizationPop--sectionInput","searchOpenDialogs":true,"interaction":{"idSuffix":"inner"}},"wdio_ui5_key":"createOrganizationPopsectionInput"}]}
RESULT: undefined
COMMAND: POST /session/8690b08f518c8418ef29018541b658af/execute/async - {"script":"<script> [776 bytes]","args":[{"enterText":"WDI600","selector":{"id":"createOrganizationPop--sectionInput","searchOpenDialogs":true,"interaction":{"idSuffix":"inner"}},"clearTextFirst":true,"interactionType":"ENTER_TEXT"}]}
RESULT: {}
RESULT: {"script":"<script> [776 bytes]","args":[{"enterText":"WDI600","selector":{"id":"createOrganizationPop--sectionInput","searchOpenDialogs":true,"interaction":{"idSuffix":"inner"}},"clearTextFirst":true,"interactionType":"ENTER_TEXT"}]}
COMMAND: POST /session/8690b08f518c8418ef29018541b658af/execute/async - {"script":"<script> [1562 bytes]","args":[{"selector":{"id":"createOrganizationPop--descriptionInput","searchOpenDialogs":true,"interaction":{"idSuffix":"inner"}},"wdio_ui5_key":"createOrganizationPopdescriptionInput"}]}
RESULT: {"script":"<script> [1562 bytes]","args":[{"selector":{"id":"createOrganizationPop--descriptionInput","searchOpenDialogs":true,"interaction":{"idSuffix":"inner"}},"wdio_ui5_key":"createOrganizationPopdescriptionInput"}]}
RESULT: undefined
COMMAND: POST /session/8690b08f518c8418ef29018541b658af/execute/async - {"script":"<script> [776 bytes]","args":[{"enterText":"Shipping600","selector":{"id":"createOrganizationPop--descriptionInput","searchOpenDialogs":true,"interaction":{"idSuffix":"inner"}},"clearTextFirst":true,"interactionType":"ENTER_TEXT"}]}
RESULT: {"script":"<script> [776 bytes]","args":[{"enterText":"Shipping600","selector":{"id":"createOrganizationPop--descriptionInput","searchOpenDialogs":true,"interaction":{"idSuffix":"inner"}},"clearTextFirst":true,"interactionType":"ENTER_TEXT"}]}
COMMAND: POST /session/8690b08f518c8418ef29018541b658af/element - {"using":"css selector","value":"#createOrganizationPop--yardOrg-inner"}
RESULT: {"using":"css selector","value":"#createOrganizationPop--yardOrg-inner"}
COMMAND: POST /session/8690b08f518c8418ef29018541b658af/element/f.032590EE386F29951754CC6C5B23B0CB.d.E988B0D3FCA3B49A41CECC4AF16C4FBF.e.13379/clear - {}
RESULT: {}
COMMAND: POST /session/8690b08f518c8418ef29018541b658af/element/f.032590EE386F29951754CC6C5B23B0CB.d.E988B0D3FCA3B49A41CECC4AF16C4FBF.e.13379/value - {"text":"600"}
COMMAND: GET /session/8690b08f518c8418ef29018541b658af/screenshot - {}
RESULT: {"text":"600"}
COMMAND: GET /session/8690b08f518c8418ef29018541b658af/screenshot - {}
RESULT: {}
RESULT: {}
COMMAND: POST /session/8690b08f518c8418ef29018541b658af/actions - {"actions":[{"id":"action60","type":"key","parameters":{},"actions":[{"type":"keyDown","value":"î€‡"},{"type":"pause","duration":10},{"type":"keyUp","value":"î€‡"}]}]}
RESULT: {"actions":[{"id":"action60","type":"key","parameters":{},"actions":[{"type":"keyDown","value":"î€‡"},{"type":"pause","duration":10},{"type":"keyUp","value":"î€‡"}]}]}
COMMAND: POST /session/8690b08f518c8418ef29018541b658af/execute/async - {"script":"<script> [1562 bytes]","args":[{"selector":{"id":"createOrganizationPop--grZone","searchOpenDialogs":true,"interaction":{"idSuffix":"CbBg"}},"wdio_ui5_key":"createOrganizationPopgrZone"}]}
COMMAND: GET /session/8690b08f518c8418ef29018541b658af/screenshot - {}
RESULT: {"script":"<script> [1562 bytes]","args":[{"selector":{"id":"createOrganizationPop--grZone","searchOpenDialogs":true,"interaction":{"idSuffix":"CbBg"}},"wdio_ui5_key":"createOrganizationPopgrZone"}]}
RESULT: undefined
COMMAND: POST /session/8690b08f518c8418ef29018541b658af/element - {"using":"xpath","value":"//*[@id=\"createOrganizationPop--grZone\"]"}
RESULT: {}
RESULT: {"using":"xpath","value":"//*[@id=\"createOrganizationPop--grZone\"]"}
COMMAND: POST /session/8690b08f518c8418ef29018541b658af/element/f.032590EE386F29951754CC6C5B23B0CB.d.E988B0D3FCA3B49A41CECC4AF16C4FBF.e.13399/click - {}
RESULT: {}
COMMAND: POST /session/8690b08f518c8418ef29018541b658af/execute/async - {"script":"<script> [1562 bytes]","args":[{"selector":{"id":"createOrganizationPop--giZone","searchOpenDialogs":true,"interaction":{"idSuffix":"CbBg"}},"wdio_ui5_key":"createOrganizationPopgiZone"}]}
COMMAND: GET /session/8690b08f518c8418ef29018541b658af/screenshot - {}
RESULT: {"script":"<script> [1562 bytes]","args":[{"selector":{"id":"createOrganizationPop--giZone","searchOpenDialogs":true,"interaction":{"idSuffix":"CbBg"}},"wdio_ui5_key":"createOrganizationPopgiZone"}]}
RESULT: undefined
COMMAND: POST /session/8690b08f518c8418ef29018541b658af/element - {"using":"xpath","value":"//*[@id=\"createOrganizationPop--giZone\"]"}
RESULT: {}
RESULT: {"using":"xpath","value":"//*[@id=\"createOrganizationPop--giZone\"]"}
COMMAND: POST /session/8690b08f518c8418ef29018541b658af/element/f.032590EE386F29951754CC6C5B23B0CB.d.E988B0D3FCA3B49A41CECC4AF16C4FBF.e.13401/click - {}
RESULT: {}
COMMAND: POST /session/8690b08f518c8418ef29018541b658af/execute/async - {"script":"<script> [1562 bytes]","args":[{"selector":{"id":"createOrganizationPop--binNoInput","searchOpenDialogs":true,"interaction":{"idSuffix":"inner"}},"wdio_ui5_key":"createOrganizationPopbinNoInput"}]}
COMMAND: GET /session/8690b08f518c8418ef29018541b658af/screenshot - {}
RESULT: {"script":"<script> [1562 bytes]","args":[{"selector":{"id":"createOrganizationPop--binNoInput","searchOpenDialogs":true,"interaction":{"idSuffix":"inner"}},"wdio_ui5_key":"createOrganizationPopbinNoInput"}]}
RESULT: undefined
COMMAND: POST /session/8690b08f518c8418ef29018541b658af/execute/async - {"script":"<script> [776 bytes]","args":[{"enterText":"Bin-Wd","selector":{"id":"createOrganizationPop--binNoInput","searchOpenDialogs":true,"interaction":{"idSuffix":"inner"}},"clearTextFirst":true,"interactionType":"ENTER_TEXT"}]}
RESULT: {}
RESULT: {"script":"<script> [776 bytes]","args":[{"enterText":"Bin-Wd","selector":{"id":"createOrganizationPop--binNoInput","searchOpenDialogs":true,"interaction":{"idSuffix":"inner"}},"clearTextFirst":true,"interactionType":"ENTER_TEXT"}]}
COMMAND: POST /session/8690b08f518c8418ef29018541b658af/execute/async - {"script":"<script> [1562 bytes]","args":[{"selector":{"id":"createOrganizationPop--descriptionId","searchOpenDialogs":true,"interaction":{"idSuffix":"inner"}},"wdio_ui5_key":"createOrganizationPopdescriptionId"}]}
RESULT: {"script":"<script> [1562 bytes]","args":[{"selector":{"id":"createOrganizationPop--descriptionId","searchOpenDialogs":true,"interaction":{"idSuffix":"inner"}},"wdio_ui5_key":"createOrganizationPopdescriptionId"}]}
RESULT: undefined
COMMAND: POST /session/8690b08f518c8418ef29018541b658af/execute/async - {"script":"<script> [776 bytes]","args":[{"enterText":"Shipping-Wd","selector":{"id":"createOrganizationPop--descriptionId","searchOpenDialogs":true,"interaction":{"idSuffix":"inner"}},"clearTextFirst":true,"interactionType":"ENTER_TEXT"}]}
RESULT: {"script":"<script> [776 bytes]","args":[{"enterText":"Shipping-Wd","selector":{"id":"createOrganizationPop--descriptionId","searchOpenDialogs":true,"interaction":{"idSuffix":"inner"}},"clearTextFirst":true,"interactionType":"ENTER_TEXT"}]}
COMMAND: POST /session/8690b08f518c8418ef29018541b658af/execute/async - {"script":"<script> [1562 bytes]","args":[{"selector":{"controlType":"sap.m.CheckBox","viewName":"etm.portal.ui.binstatusreport.view.MasterWareBins","viewId":"application-binstatusreport-display-component---warehousing","bindingPath":{"path":"","propertyPath":"/ZONE","modelName":"newBin"},"searchOpenDialogs":true,"interaction":{"idSuffix":"CbBg"}},"wdio_ui5_key":"etmportal.ui.binstatusreport.view.MasterWareBinssap.m.CheckBox{\"path\":\"\",\"propertyPath\":\"/ZONE\",\"modelName\":\"newBin\"}"}]}
RESULT: {"script":"<script> [1562 bytes]","args":[{"selector":{"controlType":"sap.m.CheckBox","viewName":"etm.portal.ui.binstatusreport.view.MasterWareBins","viewId":"application-binstatusreport-display-component---warehousing","bindingPath":{"path":"","propertyPath":"/ZONE","modelName":"newBin"},"searchOpenDialogs":true,"interaction":{"idSuffix":"CbBg"}},"wdio_ui5_key":"etmportal.ui.binstatusreport.view.MasterWareBinssap.m.CheckBox{\"path\":\"\",\"propertyPath\":\"/ZONE\",\"modelName\":\"newBin\"}"}]}
RESULT: undefined
COMMAND: POST /session/8690b08f518c8418ef29018541b658af/element - {"using":"xpath","value":"//*[@id=\"__box56\"]"}
RESULT: {"using":"xpath","value":"//*[@id=\"__box56\"]"}
COMMAND: POST /session/8690b08f518c8418ef29018541b658af/element/f.032590EE386F29951754CC6C5B23B0CB.d.E988B0D3FCA3B49A41CECC4AF16C4FBF.e.13405/click - {}
RESULT: {}
COMMAND: POST /session/8690b08f518c8418ef29018541b658af/execute/async - {"script":"<script> [1562 bytes]","args":[{"selector":{"id":"createOrganizationPop--binTypesCB","searchOpenDialogs":true,"interaction":{"idSuffix":"inner"}},"wdio_ui5_key":"createOrganizationPopbinTypesCB"}]}
COMMAND: GET /session/8690b08f518c8418ef29018541b658af/screenshot - {}
RESULT: {"script":"<script> [1562 bytes]","args":[{"selector":{"id":"createOrganizationPop--binTypesCB","searchOpenDialogs":true,"interaction":{"idSuffix":"inner"}},"wdio_ui5_key":"createOrganizationPopbinTypesCB"}]}
RESULT: undefined
COMMAND: POST /session/8690b08f518c8418ef29018541b658af/execute/async - {"script":"<script> [776 bytes]","args":[{"enterText":"1 - General / No capacity check","selector":{"id":"createOrganizationPop--binTypesCB","searchOpenDialogs":true,"interaction":{"idSuffix":"inner"}},"clearTextFirst":true,"interactionType":"ENTER_TEXT"}]}
RESULT: {}
RESULT: {"script":"<script> [776 bytes]","args":[{"enterText":"1 - General / No capacity check","selector":{"id":"createOrganizationPop--binTypesCB","searchOpenDialogs":true,"interaction":{"idSuffix":"inner"}},"clearTextFirst":true,"interactionType":"ENTER_TEXT"}]}
COMMAND: POST /session/8690b08f518c8418ef29018541b658af/actions - {"actions":[{"id":"action61","type":"key","parameters":{},"actions":[{"type":"keyDown","value":"î€‡"},{"type":"pause","duration":10},{"type":"keyUp","value":"î€‡"}]}]}
RESULT: {"actions":[{"id":"action61","type":"key","parameters":{},"actions":[{"type":"keyDown","value":"î€‡"},{"type":"pause","duration":10},{"type":"keyUp","value":"î€‡"}]}]}
COMMAND: GET /session/8690b08f518c8418ef29018541b658af/screenshot - {}
RESULT: {}
COMMAND: POST /session/8690b08f518c8418ef29018541b658af/execute/async - {"script":"<script> [1562 bytes]","args":[{"selector":{"id":"createOrganizationPop--finishBtn","searchOpenDialogs":true,"interaction":{"idSuffix":"BDI-content"}},"wdio_ui5_key":"createOrganizationPopfinishBtn"}]}
RESULT: {"script":"<script> [1562 bytes]","args":[{"selector":{"id":"createOrganizationPop--finishBtn","searchOpenDialogs":true,"interaction":{"idSuffix":"BDI-content"}},"wdio_ui5_key":"createOrganizationPopfinishBtn"}]}
RESULT: undefined
COMMAND: POST /session/8690b08f518c8418ef29018541b658af/element - {"using":"xpath","value":"//*[@id=\"createOrganizationPop--finishBtn\"]"}
RESULT: {"using":"xpath","value":"//*[@id=\"createOrganizationPop--finishBtn\"]"}
COMMAND: POST /session/8690b08f518c8418ef29018541b658af/element/f.032590EE386F29951754CC6C5B23B0CB.d.E988B0D3FCA3B49A41CECC4AF16C4FBF.e.13408/click - {}
RESULT: {}
]]></system-out>
    </testcase>
    <testcase classname="chrome.135_0_7049_115.windows.Return_from_Site_w/_warehouse_management_w/_clarification_US125588" name="Bin Status Report Should Create New Organization for Site" time="36.692">
      <system-out><![CDATA[
COMMAND: GET /session/8690b08f518c8418ef29018541b658af/screenshot - {}
RESULT: {}
RESULT: undefined
COMMAND: POST /session/8690b08f518c8418ef29018541b658af/element - {"using":"xpath","value":"//*[@id=\"application-binstatusreport-display-component---warehousing--createOrgBtn\"]"}
RESULT: {"using":"xpath","value":"//*[@id=\"application-binstatusreport-display-component---warehousing--createOrgBtn\"]"}
COMMAND: POST /session/8690b08f518c8418ef29018541b658af/element/f.032590EE386F29951754CC6C5B23B0CB.d.E988B0D3FCA3B49A41CECC4AF16C4FBF.e.13339/click - {}
RESULT: {}
RESULT: undefined
COMMAND: POST /session/8690b08f518c8418ef29018541b658af/execute/async - {"script":"<script> [776 bytes]","args":[{"enterText":"2434","selector":{"id":"createOrganizationPop--sectionInput","searchOpenDialogs":true,"interaction":{"idSuffix":"inner"}},"clearTextFirst":true,"interactionType":"ENTER_TEXT"}]}
COMMAND: GET /session/8690b08f518c8418ef29018541b658af/screenshot - {}
RESULT: {"script":"<script> [776 bytes]","args":[{"enterText":"2434","selector":{"id":"createOrganizationPop--sectionInput","searchOpenDialogs":true,"interaction":{"idSuffix":"inner"}},"clearTextFirst":true,"interactionType":"ENTER_TEXT"}]}
RESULT: undefined
COMMAND: POST /session/8690b08f518c8418ef29018541b658af/execute/async - {"script":"<script> [776 bytes]","args":[{"enterText":"WDI2434","selector":{"id":"createOrganizationPop--descriptionInput","searchOpenDialogs":true,"interaction":{"idSuffix":"inner"}},"clearTextFirst":true,"interactionType":"ENTER_TEXT"}]}
RESULT: {}
RESULT: {"script":"<script> [776 bytes]","args":[{"enterText":"WDI2434","selector":{"id":"createOrganizationPop--descriptionInput","searchOpenDialogs":true,"interaction":{"idSuffix":"inner"}},"clearTextFirst":true,"interactionType":"ENTER_TEXT"}]}
COMMAND: POST /session/8690b08f518c8418ef29018541b658af/element - {"using":"css selector","value":"#createOrganizationPop--siteOrg-inner"}
RESULT: {"using":"css selector","value":"#createOrganizationPop--siteOrg-inner"}
COMMAND: POST /session/8690b08f518c8418ef29018541b658af/element/f.032590EE386F29951754CC6C5B23B0CB.d.E988B0D3FCA3B49A41CECC4AF16C4FBF.e.13414/clear - {}
RESULT: {}
COMMAND: POST /session/8690b08f518c8418ef29018541b658af/element/f.032590EE386F29951754CC6C5B23B0CB.d.E988B0D3FCA3B49A41CECC4AF16C4FBF.e.13414/value - {"text":"2434"}
COMMAND: GET /session/8690b08f518c8418ef29018541b658af/screenshot - {}
RESULT: {"text":"2434"}
COMMAND: GET /session/8690b08f518c8418ef29018541b658af/screenshot - {}
RESULT: {}
RESULT: {}
COMMAND: POST /session/8690b08f518c8418ef29018541b658af/actions - {"actions":[{"id":"action62","type":"key","parameters":{},"actions":[{"type":"keyDown","value":"î€‡"},{"type":"pause","duration":10},{"type":"keyUp","value":"î€‡"}]}]}
RESULT: {"actions":[{"id":"action62","type":"key","parameters":{},"actions":[{"type":"keyDown","value":"î€‡"},{"type":"pause","duration":10},{"type":"keyUp","value":"î€‡"}]}]}
RESULT: undefined
COMMAND: POST /session/8690b08f518c8418ef29018541b658af/element - {"using":"xpath","value":"//*[@id=\"createOrganizationPop--giZone\"]"}
RESULT: {"using":"xpath","value":"//*[@id=\"createOrganizationPop--giZone\"]"}
COMMAND: POST /session/8690b08f518c8418ef29018541b658af/element/f.032590EE386F29951754CC6C5B23B0CB.d.E988B0D3FCA3B49A41CECC4AF16C4FBF.e.13431/click - {}
COMMAND: GET /session/8690b08f518c8418ef29018541b658af/screenshot - {}
RESULT: {}
RESULT: undefined
COMMAND: POST /session/8690b08f518c8418ef29018541b658af/execute/async - {"script":"<script> [776 bytes]","args":[{"enterText":"WD-BIN","selector":{"id":"createOrganizationPop--binNoInput","searchOpenDialogs":true,"interaction":{"idSuffix":"inner"}},"clearTextFirst":true,"interactionType":"ENTER_TEXT"}]}
COMMAND: GET /session/8690b08f518c8418ef29018541b658af/screenshot - {}
RESULT: {}
RESULT: {"script":"<script> [776 bytes]","args":[{"enterText":"WD-BIN","selector":{"id":"createOrganizationPop--binNoInput","searchOpenDialogs":true,"interaction":{"idSuffix":"inner"}},"clearTextFirst":true,"interactionType":"ENTER_TEXT"}]}
RESULT: undefined
COMMAND: POST /session/8690b08f518c8418ef29018541b658af/execute/async - {"script":"<script> [776 bytes]","args":[{"enterText":"WD-BIN","selector":{"id":"createOrganizationPop--descriptionId","searchOpenDialogs":true,"interaction":{"idSuffix":"inner"}},"clearTextFirst":true,"interactionType":"ENTER_TEXT"}]}
RESULT: {}
RESULT: {"script":"<script> [776 bytes]","args":[{"enterText":"WD-BIN","selector":{"id":"createOrganizationPop--descriptionId","searchOpenDialogs":true,"interaction":{"idSuffix":"inner"}},"clearTextFirst":true,"interactionType":"ENTER_TEXT"}]}
COMMAND: POST /session/8690b08f518c8418ef29018541b658af/execute/async - {"script":"<script> [1562 bytes]","args":[{"selector":{"controlType":"sap.m.CheckBox","viewName":"etm.portal.ui.binstatusreport.view.MasterWareBins","viewId":"application-binstatusreport-display-component---warehousing","bindingPath":{"propertyPath":"/ZONE","modelName":"newBin"},"searchOpenDialogs":true,"interaction":{"idSuffix":"CbBg"}},"wdio_ui5_key":"etmportal.ui.binstatusreport.view.MasterWareBinssap.m.CheckBox{\"propertyPath\":\"/ZONE\",\"modelName\":\"newBin\"}"}]}
RESULT: {"script":"<script> [1562 bytes]","args":[{"selector":{"controlType":"sap.m.CheckBox","viewName":"etm.portal.ui.binstatusreport.view.MasterWareBins","viewId":"application-binstatusreport-display-component---warehousing","bindingPath":{"propertyPath":"/ZONE","modelName":"newBin"},"searchOpenDialogs":true,"interaction":{"idSuffix":"CbBg"}},"wdio_ui5_key":"etmportal.ui.binstatusreport.view.MasterWareBinssap.m.CheckBox{\"propertyPath\":\"/ZONE\",\"modelName\":\"newBin\"}"}]}
RESULT: undefined
COMMAND: POST /session/8690b08f518c8418ef29018541b658af/element - {"using":"xpath","value":"//*[@id=\"__box59\"]"}
RESULT: {"using":"xpath","value":"//*[@id=\"__box59\"]"}
COMMAND: POST /session/8690b08f518c8418ef29018541b658af/element/f.032590EE386F29951754CC6C5B23B0CB.d.E988B0D3FCA3B49A41CECC4AF16C4FBF.e.13433/click - {}
RESULT: {}
COMMAND: GET /session/8690b08f518c8418ef29018541b658af/screenshot - {}
RESULT: {}
RESULT: undefined
COMMAND: POST /session/8690b08f518c8418ef29018541b658af/execute/async - {"script":"<script> [776 bytes]","args":[{"enterText":"1 - General / No capacity check","selector":{"id":"createOrganizationPop--binTypesCB","searchOpenDialogs":true,"interaction":{"idSuffix":"inner"}},"clearTextFirst":true,"interactionType":"ENTER_TEXT"}]}
RESULT: {"script":"<script> [776 bytes]","args":[{"enterText":"1 - General / No capacity check","selector":{"id":"createOrganizationPop--binTypesCB","searchOpenDialogs":true,"interaction":{"idSuffix":"inner"}},"clearTextFirst":true,"interactionType":"ENTER_TEXT"}]}
COMMAND: POST /session/8690b08f518c8418ef29018541b658af/execute/async - {"script":"<script> [1562 bytes]","args":[{"selector":{"id":"createOrganizationPop--capacityId","searchOpenDialogs":true,"interaction":{"idSuffix":"inner"}},"wdio_ui5_key":"createOrganizationPopcapacityId"}]}
RESULT: {"script":"<script> [1562 bytes]","args":[{"selector":{"id":"createOrganizationPop--capacityId","searchOpenDialogs":true,"interaction":{"idSuffix":"inner"}},"wdio_ui5_key":"createOrganizationPopcapacityId"}]}
RESULT: undefined
COMMAND: POST /session/8690b08f518c8418ef29018541b658af/actions - {"actions":[{"id":"action63","type":"key","parameters":{},"actions":[{"type":"keyDown","value":"î€‡"},{"type":"pause","duration":10},{"type":"keyUp","value":"î€‡"}]}]}
RESULT: {"actions":[{"id":"action63","type":"key","parameters":{},"actions":[{"type":"keyDown","value":"î€‡"},{"type":"pause","duration":10},{"type":"keyUp","value":"î€‡"}]}]}
COMMAND: GET /session/8690b08f518c8418ef29018541b658af/screenshot - {}
RESULT: {}
RESULT: undefined
COMMAND: POST /session/8690b08f518c8418ef29018541b658af/element - {"using":"xpath","value":"//*[@id=\"createOrganizationPop--finishBtn\"]"}
RESULT: {"using":"xpath","value":"//*[@id=\"createOrganizationPop--finishBtn\"]"}
COMMAND: POST /session/8690b08f518c8418ef29018541b658af/element/f.032590EE386F29951754CC6C5B23B0CB.d.E988B0D3FCA3B49A41CECC4AF16C4FBF.e.13434/click - {}
RESULT: {}
COMMAND: POST /session/8690b08f518c8418ef29018541b658af/element - {"using":"css selector","value":"#shell-header-logo"}
COMMAND: GET /session/8690b08f518c8418ef29018541b658af/screenshot - {}
RESULT: {"using":"css selector","value":"#shell-header-logo"}
COMMAND: POST /session/8690b08f518c8418ef29018541b658af/element/f.032590EE386F29951754CC6C5B23B0CB.d.E988B0D3FCA3B49A41CECC4AF16C4FBF.e.13288/click - {}
RESULT: {}
RESULT: {}
]]></system-out>
    </testcase>
  </testsuite>
  <testsuite timestamp="2025-05-05T17:39:58" time="416.954" tests="7" failures="2" errors="2" skipped="0">
    <properties>
      <property name="specId" value="0" />
      <property name="suiteName" value="Provide to Site w/ warehouse management w clarification" />
      <property name="capabilities" value="chrome.135_0_7049_115.windows" />
      <property name="file" value="file:///D:/a/1/s/test/specs/HTR/return-from-site-w-warehouse-management-w-clarification.spec.js" />
    </properties>
    <testcase classname="chrome.135_0_7049_115.windows.Provide_to_Site_w/_warehouse_management_w_clarification" name="Should do a stock increase handover" time="85.959">
      <system-out><![CDATA[
COMMAND: POST /session/8690b08f518c8418ef29018541b658af/execute/async - {"script":"<script> [1562 bytes]","args":[{"selector":{"controlType":"sap.m.GenericTile","properties":{"header":"Manage Handovers"}},"wdio_ui5_key":"sapm.GenericTile{\"header\":\"Manage Handovers\"}"}]}
COMMAND: GET /session/8690b08f518c8418ef29018541b658af/screenshot - {}
RESULT: {"script":"<script> [1562 bytes]","args":[{"selector":{"controlType":"sap.m.GenericTile","properties":{"header":"Manage Handovers"}},"wdio_ui5_key":"sapm.GenericTile{\"header\":\"Manage Handovers\"}"}]}
RESULT: undefined
COMMAND: POST /session/8690b08f518c8418ef29018541b658af/element - {"using":"xpath","value":"//*[@id=\"__tile131\"]"}
RESULT: {}
RESULT: {"using":"xpath","value":"//*[@id=\"__tile131\"]"}
COMMAND: POST /session/8690b08f518c8418ef29018541b658af/element/f.032590EE386F29951754CC6C5B23B0CB.d.E988B0D3FCA3B49A41CECC4AF16C4FBF.e.13439/click - {}
RESULT: {}
COMMAND: GET /session/8690b08f518c8418ef29018541b658af/screenshot - {}
COMMAND: POST /session/8690b08f518c8418ef29018541b658af/element - {"using":"xpath","value":"//button[(@data-kt = 'masterHOAddButton')]"}
RESULT: {}
RESULT: {"using":"xpath","value":"//button[(@data-kt = 'masterHOAddButton')]"}
COMMAND: POST /session/8690b08f518c8418ef29018541b658af/elements - {"using":"xpath","value":"//button[(@data-kt = 'masterHOAddButton')]"}
RESULT: {"using":"xpath","value":"//button[(@data-kt = 'masterHOAddButton')]"}
COMMAND: POST /session/8690b08f518c8418ef29018541b658af/elements - {"using":"xpath","value":"//button[(@data-kt = 'masterHOAddButton')]"}
RESULT: {"using":"xpath","value":"//button[(@data-kt = 'masterHOAddButton')]"}
COMMAND: POST /session/8690b08f518c8418ef29018541b658af/element - {"using":"xpath","value":"//button[(@data-kt = 'masterHOAddButton')]"}
RESULT: {"using":"xpath","value":"//button[(@data-kt = 'masterHOAddButton')]"}
COMMAND: POST /session/8690b08f518c8418ef29018541b658af/element/f.032590EE386F29951754CC6C5B23B0CB.d.E988B0D3FCA3B49A41CECC4AF16C4FBF.e.13478/click - {}
RESULT: {}
COMMAND: POST /session/8690b08f518c8418ef29018541b658af/element - {"using":"css selector","value":"span[id=\"application-managehandovers-display-component---AddNewHO--typeSelect-label\"]"}
COMMAND: GET /session/8690b08f518c8418ef29018541b658af/screenshot - {}
RESULT: {"using":"css selector","value":"span[id=\"application-managehandovers-display-component---AddNewHO--typeSelect-label\"]"}
COMMAND: POST /session/8690b08f518c8418ef29018541b658af/elements - {"using":"css selector","value":"span[id=\"application-managehandovers-display-component---AddNewHO--typeSelect-label\"]"}
RESULT: {}
RESULT: {"using":"css selector","value":"span[id=\"application-managehandovers-display-component---AddNewHO--typeSelect-label\"]"}
COMMAND: POST /session/8690b08f518c8418ef29018541b658af/element - {"using":"css selector","value":"span[id=\"application-managehandovers-display-component---AddNewHO--typeSelect-label\"]"}
RESULT: {"using":"css selector","value":"span[id=\"application-managehandovers-display-component---AddNewHO--typeSelect-label\"]"}
COMMAND: POST /session/8690b08f518c8418ef29018541b658af/element/f.032590EE386F29951754CC6C5B23B0CB.d.E988B0D3FCA3B49A41CECC4AF16C4FBF.e.13784/click - {}
RESULT: {}
COMMAND: POST /session/8690b08f518c8418ef29018541b658af/element - {"using":"css selector","value":"#application-managehandovers-display-component---AddNewHO--oneStep-CB"}
COMMAND: GET /session/8690b08f518c8418ef29018541b658af/screenshot - {}
RESULT: {"using":"css selector","value":"#application-managehandovers-display-component---AddNewHO--oneStep-CB"}
COMMAND: GET /session/8690b08f518c8418ef29018541b658af/element/f.032590EE386F29951754CC6C5B23B0CB.d.E988B0D3FCA3B49A41CECC4AF16C4FBF.e.13714/selected - {}
RESULT: {}
RESULT: {}
COMMAND: POST /session/8690b08f518c8418ef29018541b658af/element - {"using":"xpath","value":"//li[contains(text(), \"stock increase yard\")]"}
COMMAND: GET /session/8690b08f518c8418ef29018541b658af/screenshot - {}
RESULT: {"using":"xpath","value":"//li[contains(text(), \"stock increase yard\")]"}
COMMAND: POST /session/8690b08f518c8418ef29018541b658af/element/f.032590EE386F29951754CC6C5B23B0CB.d.E988B0D3FCA3B49A41CECC4AF16C4FBF.e.13785/click - {}
RESULT: {}
RESULT: {}
COMMAND: GET /session/8690b08f518c8418ef29018541b658af/screenshot - {}
RESULT: {}
COMMAND: POST /session/8690b08f518c8418ef29018541b658af/element - {"using":"css selector","value":"input[id=\"generalSectionFrg--receiveYard-inner\"]"}
RESULT: {"using":"css selector","value":"input[id=\"generalSectionFrg--receiveYard-inner\"]"}
COMMAND: POST /session/8690b08f518c8418ef29018541b658af/element/f.032590EE386F29951754CC6C5B23B0CB.d.E988B0D3FCA3B49A41CECC4AF16C4FBF.e.13795/clear - {}
RESULT: {}
COMMAND: POST /session/8690b08f518c8418ef29018541b658af/element/f.032590EE386F29951754CC6C5B23B0CB.d.E988B0D3FCA3B49A41CECC4AF16C4FBF.e.13795/value - {"text":"600"}
COMMAND: GET /session/8690b08f518c8418ef29018541b658af/screenshot - {}
RESULT: {"text":"600"}
COMMAND: GET /session/8690b08f518c8418ef29018541b658af/screenshot - {}
RESULT: {}
RESULT: {}
COMMAND: POST /session/8690b08f518c8418ef29018541b658af/element - {"using":"css selector","value":"#application-managehandovers-display-component---AddNewHO--dueDate-inner"}
RESULT: {"using":"css selector","value":"#application-managehandovers-display-component---AddNewHO--dueDate-inner"}
COMMAND: POST /session/8690b08f518c8418ef29018541b658af/element/f.032590EE386F29951754CC6C5B23B0CB.d.E988B0D3FCA3B49A41CECC4AF16C4FBF.e.13789/clear - {}
RESULT: {}
COMMAND: POST /session/8690b08f518c8418ef29018541b658af/element/f.032590EE386F29951754CC6C5B23B0CB.d.E988B0D3FCA3B49A41CECC4AF16C4FBF.e.13789/value - {"text":"5/5/25"}
COMMAND: GET /session/8690b08f518c8418ef29018541b658af/screenshot - {}
RESULT: {"text":"5/5/25"}
COMMAND: GET /session/8690b08f518c8418ef29018541b658af/screenshot - {}
RESULT: {}
RESULT: {}
COMMAND: POST /session/8690b08f518c8418ef29018541b658af/element - {"using":"xpath","value":"//bdi[(text() = 'Items' or . = 'Items')]"}
RESULT: {"using":"xpath","value":"//bdi[(text() = 'Items' or . = 'Items')]"}
COMMAND: POST /session/8690b08f518c8418ef29018541b658af/element/f.032590EE386F29951754CC6C5B23B0CB.d.E988B0D3FCA3B49A41CECC4AF16C4FBF.e.13812/click - {}
RESULT: {}
COMMAND: GET /session/8690b08f518c8418ef29018541b658af/screenshot - {}
RESULT: {}
COMMAND: POST /session/8690b08f518c8418ef29018541b658af/element - {"using":"xpath","value":"//button[@aria-label=\"Add\"]"}
RESULT: {"using":"xpath","value":"//button[@aria-label=\"Add\"]"}
COMMAND: POST /session/8690b08f518c8418ef29018541b658af/element/f.032590EE386F29951754CC6C5B23B0CB.d.E988B0D3FCA3B49A41CECC4AF16C4FBF.e.13817/click - {}
RESULT: {}
COMMAND: GET /session/8690b08f518c8418ef29018541b658af/screenshot - {}
RESULT: {}
COMMAND: POST /session/8690b08f518c8418ef29018541b658af/element - {"using":"css selector","value":"input[id= \"application-managehandovers-display-component---AddNewHO--smartFilterBar-btnBasicSearch-I\"]"}
RESULT: {"using":"css selector","value":"input[id= \"application-managehandovers-display-component---AddNewHO--smartFilterBar-btnBasicSearch-I\"]"}
COMMAND: POST /session/8690b08f518c8418ef29018541b658af/element/f.032590EE386F29951754CC6C5B23B0CB.d.E988B0D3FCA3B49A41CECC4AF16C4FBF.e.13820/clear - {}
RESULT: {}
COMMAND: POST /session/8690b08f518c8418ef29018541b658af/element/f.032590EE386F29951754CC6C5B23B0CB.d.E988B0D3FCA3B49A41CECC4AF16C4FBF.e.13820/value - {"text":"200334"}
COMMAND: GET /session/8690b08f518c8418ef29018541b658af/screenshot - {}
RESULT: {"text":"200334"}
COMMAND: POST /session/8690b08f518c8418ef29018541b658af/actions - {"actions":[{"id":"action64","type":"key","parameters":{},"actions":[{"type":"keyDown","value":"î€‡"},{"type":"pause","duration":10},{"type":"keyUp","value":"î€‡"}]}]}
COMMAND: GET /session/8690b08f518c8418ef29018541b658af/screenshot - {}
RESULT: {}
RESULT: {"actions":[{"id":"action64","type":"key","parameters":{},"actions":[{"type":"keyDown","value":"î€‡"},{"type":"pause","duration":10},{"type":"keyUp","value":"î€‡"}]}]}
COMMAND: POST /session/8690b08f518c8418ef29018541b658af/element - {"using":"css selector","value":"div[id= \"application-managehandovers-display-component---AddNewHO--smartFilterBar-btnBasicSearch-search\"]"}
COMMAND: GET /session/8690b08f518c8418ef29018541b658af/screenshot - {}
RESULT: {}
RESULT: {"using":"css selector","value":"div[id= \"application-managehandovers-display-component---AddNewHO--smartFilterBar-btnBasicSearch-search\"]"}
COMMAND: POST /session/8690b08f518c8418ef29018541b658af/element/f.032590EE386F29951754CC6C5B23B0CB.d.E988B0D3FCA3B49A41CECC4AF16C4FBF.e.13969/click - {}
RESULT: {}
RESULT: {}
COMMAND: GET /session/8690b08f518c8418ef29018541b658af/screenshot - {}
RESULT: {}
COMMAND: POST /session/8690b08f518c8418ef29018541b658af/element - {"using":"css selector","value":"div[id= \"application-managehandovers-display-component---AddNewHO--popup-sa-CbBg\"]"}
RESULT: {"using":"css selector","value":"div[id= \"application-managehandovers-display-component---AddNewHO--popup-sa-CbBg\"]"}
COMMAND: POST /session/8690b08f518c8418ef29018541b658af/element/f.032590EE386F29951754CC6C5B23B0CB.d.E988B0D3FCA3B49A41CECC4AF16C4FBF.e.13970/click - {}
RESULT: {}
COMMAND: POST /session/8690b08f518c8418ef29018541b658af/element - {"using":"xpath","value":"//bdi[(text() = 'Select' or . = 'Select')]"}
COMMAND: GET /session/8690b08f518c8418ef29018541b658af/screenshot - {}
RESULT: {"using":"xpath","value":"//bdi[(text() = 'Select' or . = 'Select')]"}
COMMAND: POST /session/8690b08f518c8418ef29018541b658af/element/f.032590EE386F29951754CC6C5B23B0CB.d.E988B0D3FCA3B49A41CECC4AF16C4FBF.e.13971/click - {}
RESULT: {}
RESULT: {}
COMMAND: GET /session/8690b08f518c8418ef29018541b658af/screenshot - {}
RESULT: {}
COMMAND: POST /session/8690b08f518c8418ef29018541b658af/element - {"using":"xpath","value":"//bdi[(text() = 'Save' or . = 'Save')]"}
RESULT: {"using":"xpath","value":"//bdi[(text() = 'Save' or . = 'Save')]"}
COMMAND: POST /session/8690b08f518c8418ef29018541b658af/element/f.032590EE386F29951754CC6C5B23B0CB.d.E988B0D3FCA3B49A41CECC4AF16C4FBF.e.13975/click - {}
RESULT: {}
COMMAND: GET /session/8690b08f518c8418ef29018541b658af/screenshot - {}
RESULT: {}
COMMAND: POST /session/8690b08f518c8418ef29018541b658af/element - {"using":"xpath","value":"//input[contains(@id ,\"receiptDatePicker-inner\")]"}
RESULT: {"using":"xpath","value":"//input[contains(@id ,\"receiptDatePicker-inner\")]"}
COMMAND: POST /session/8690b08f518c8418ef29018541b658af/element/f.032590EE386F29951754CC6C5B23B0CB.d.E988B0D3FCA3B49A41CECC4AF16C4FBF.e.14004/click - {}
RESULT: {}
COMMAND: POST /session/8690b08f518c8418ef29018541b658af/element - {"using":"xpath","value":"//input[contains(@id ,\"receiptDatePicker-inner\")]"}
COMMAND: GET /session/8690b08f518c8418ef29018541b658af/screenshot - {}
RESULT: {"using":"xpath","value":"//input[contains(@id ,\"receiptDatePicker-inner\")]"}
COMMAND: POST /session/8690b08f518c8418ef29018541b658af/element/f.032590EE386F29951754CC6C5B23B0CB.d.E988B0D3FCA3B49A41CECC4AF16C4FBF.e.14004/clear - {}
RESULT: {}
RESULT: {}
COMMAND: POST /session/8690b08f518c8418ef29018541b658af/element/f.032590EE386F29951754CC6C5B23B0CB.d.E988B0D3FCA3B49A41CECC4AF16C4FBF.e.14004/value - {"text":"5/5/25"}
COMMAND: GET /session/8690b08f518c8418ef29018541b658af/screenshot - {}
RESULT: {"text":"5/5/25"}
COMMAND: GET /session/8690b08f518c8418ef29018541b658af/screenshot - {}
RESULT: {}
RESULT: {}
COMMAND: POST /session/8690b08f518c8418ef29018541b658af/execute/async - {"script":"<script> [1562 bytes]","args":[{"selector":{"id":"administrationTabFilter","viewName":"etm.portal.ui.managehandovers.view.DetailExecuteHO","interaction":{"idSuffix":"text"}},"wdio_ui5_key":"administrationTabFilteretmportal.ui.managehandovers.view.DetailExecuteHO"}]}
RESULT: {"script":"<script> [1562 bytes]","args":[{"selector":{"id":"administrationTabFilter","viewName":"etm.portal.ui.managehandovers.view.DetailExecuteHO","interaction":{"idSuffix":"text"}},"wdio_ui5_key":"administrationTabFilteretmportal.ui.managehandovers.view.DetailExecuteHO"}]}
RESULT: undefined
COMMAND: POST /session/8690b08f518c8418ef29018541b658af/element - {"using":"xpath","value":"//*[@id=\"__xmlview61--administrationTabFilter\"]"}
RESULT: {"using":"xpath","value":"//*[@id=\"__xmlview61--administrationTabFilter\"]"}
COMMAND: POST /session/8690b08f518c8418ef29018541b658af/element/f.032590EE386F29951754CC6C5B23B0CB.d.E988B0D3FCA3B49A41CECC4AF16C4FBF.e.14023/click - {}
RESULT: {}
RESULT: undefined
COMMAND: POST /session/8690b08f518c8418ef29018541b658af/element - {"using":"xpath","value":"//*[@id=\"__xmlview61--administrationTabFilter\"]"}
COMMAND: GET /session/8690b08f518c8418ef29018541b658af/screenshot - {}
RESULT: {"using":"xpath","value":"//*[@id=\"__xmlview61--administrationTabFilter\"]"}
COMMAND: POST /session/8690b08f518c8418ef29018541b658af/element/f.032590EE386F29951754CC6C5B23B0CB.d.E988B0D3FCA3B49A41CECC4AF16C4FBF.e.14023/click - {}
RESULT: {}
RESULT: {}
COMMAND: GET /session/8690b08f518c8418ef29018541b658af/screenshot - {}
RESULT: {}
COMMAND: POST /session/8690b08f518c8418ef29018541b658af/element - {"using":"xpath","value":"//bdi[(text() = 'Confirm' or . = 'Confirm')]"}
RESULT: {"using":"xpath","value":"//bdi[(text() = 'Confirm' or . = 'Confirm')]"}
COMMAND: POST /session/8690b08f518c8418ef29018541b658af/element/f.032590EE386F29951754CC6C5B23B0CB.d.E988B0D3FCA3B49A41CECC4AF16C4FBF.e.14031/click - {}
RESULT: {}
COMMAND: GET /session/8690b08f518c8418ef29018541b658af/screenshot - {}
RESULT: {}
COMMAND: POST /session/8690b08f518c8418ef29018541b658af/execute/async - {"script":"<script> [1562 bytes]","args":[{"selector":{"id":"confirmationButton","viewName":"etm.portal.ui.managehandovers.view.DetailExecuteHO","interaction":{"idSuffix":"BDI-content"}},"wdio_ui5_key":"confirmationButtonetmportal.ui.managehandovers.view.DetailExecuteHO"}]}
RESULT: {"script":"<script> [1562 bytes]","args":[{"selector":{"id":"confirmationButton","viewName":"etm.portal.ui.managehandovers.view.DetailExecuteHO","interaction":{"idSuffix":"BDI-content"}},"wdio_ui5_key":"confirmationButtonetmportal.ui.managehandovers.view.DetailExecuteHO"}]}
RESULT: undefined
COMMAND: POST /session/8690b08f518c8418ef29018541b658af/element - {"using":"xpath","value":"(//*[text()='Receive'])[2]"}
RESULT: {"using":"xpath","value":"(//*[text()='Receive'])[2]"}
COMMAND: GET /session/8690b08f518c8418ef29018541b658af/element/f.032590EE386F29951754CC6C5B23B0CB.d.E988B0D3FCA3B49A41CECC4AF16C4FBF.e.14035/enabled - {}
RESULT: {}
COMMAND: POST /session/8690b08f518c8418ef29018541b658af/execute/sync - {"script":"<script> [8489 bytes]","args":[{"element-6066-11e4-a52e-4f735466cecf":"f.032590EE386F29951754CC6C5B23B0CB.d.E988B0D3FCA3B49A41CECC4AF16C4FBF.e.14035","ELEMENT":"f.032590EE386F29951754CC6C5B23B0CB.d.E988B0D3FCA3B49A41CECC4AF16C4FBF.e.14035"}]}
COMMAND: GET /session/8690b08f518c8418ef29018541b658af/screenshot - {}
RESULT: {"script":"<script> [8489 bytes]","args":[{"element-6066-11e4-a52e-4f735466cecf":"f.032590EE386F29951754CC6C5B23B0CB.d.E988B0D3FCA3B49A41CECC4AF16C4FBF.e.14035","ELEMENT":"f.032590EE386F29951754CC6C5B23B0CB.d.E988B0D3FCA3B49A41CECC4AF16C4FBF.e.14035"}]}
COMMAND: POST /session/8690b08f518c8418ef29018541b658af/execute/sync - {"script":"<script> [5351 bytes]","args":[{"element-6066-11e4-a52e-4f735466cecf":"f.032590EE386F29951754CC6C5B23B0CB.d.E988B0D3FCA3B49A41CECC4AF16C4FBF.e.14035","ELEMENT":"f.032590EE386F29951754CC6C5B23B0CB.d.E988B0D3FCA3B49A41CECC4AF16C4FBF.e.14035"}]}
COMMAND: GET /session/8690b08f518c8418ef29018541b658af/screenshot - {}
RESULT: {}
RESULT: {"script":"<script> [5351 bytes]","args":[{"element-6066-11e4-a52e-4f735466cecf":"f.032590EE386F29951754CC6C5B23B0CB.d.E988B0D3FCA3B49A41CECC4AF16C4FBF.e.14035","ELEMENT":"f.032590EE386F29951754CC6C5B23B0CB.d.E988B0D3FCA3B49A41CECC4AF16C4FBF.e.14035"}]}
COMMAND: POST /session/8690b08f518c8418ef29018541b658af/element/f.032590EE386F29951754CC6C5B23B0CB.d.E988B0D3FCA3B49A41CECC4AF16C4FBF.e.14035/click - {}
COMMAND: GET /session/8690b08f518c8418ef29018541b658af/screenshot - {}
RESULT: {}
RESULT: {}
COMMAND: GET /session/8690b08f518c8418ef29018541b658af/screenshot - {}
RESULT: {}
RESULT: {}
COMMAND: POST /session/8690b08f518c8418ef29018541b658af/element - {"using":"css selector","value":"#shell-header-logo"}
RESULT: {"using":"css selector","value":"#shell-header-logo"}
COMMAND: POST /session/8690b08f518c8418ef29018541b658af/element/f.032590EE386F29951754CC6C5B23B0CB.d.E988B0D3FCA3B49A41CECC4AF16C4FBF.e.13441/click - {}
RESULT: {}
COMMAND: GET /session/8690b08f518c8418ef29018541b658af/screenshot - {}
RESULT: {}
]]></system-out>
    </testcase>
    <testcase classname="chrome.135_0_7049_115.windows.Provide_to_Site_w/_warehouse_management_w_clarification" name="Should create a new contract" time="66.672">
      <system-out><![CDATA[
COMMAND: POST /session/8690b08f518c8418ef29018541b658af/execute/async - {"script":"<script> [1562 bytes]","args":[{"selector":{"controlType":"sap.m.GenericTile","properties":{"header":"Manage Contracts"}},"wdio_ui5_key":"sapm.GenericTile{\"header\":\"Manage Contracts\"}"}]}
RESULT: {"script":"<script> [1562 bytes]","args":[{"selector":{"controlType":"sap.m.GenericTile","properties":{"header":"Manage Contracts"}},"wdio_ui5_key":"sapm.GenericTile{\"header\":\"Manage Contracts\"}"}]}
RESULT: undefined
COMMAND: POST /session/8690b08f518c8418ef29018541b658af/element - {"using":"xpath","value":"//*[@id=\"__tile130\"]"}
RESULT: {"using":"xpath","value":"//*[@id=\"__tile130\"]"}
COMMAND: POST /session/8690b08f518c8418ef29018541b658af/element/f.032590EE386F29951754CC6C5B23B0CB.d.E988B0D3FCA3B49A41CECC4AF16C4FBF.e.14268/click - {}
RESULT: {}
COMMAND: GET /session/8690b08f518c8418ef29018541b658af/screenshot - {}
RESULT: {}
COMMAND: POST /session/8690b08f518c8418ef29018541b658af/execute/async - {"script":"<script> [1562 bytes]","args":[{"selector":{"controlType":"sap.ui.core.Icon","viewName":"etm.portal.ui.managecontracts.view.Master","properties":{"src":{"regex":{"source":"add"}}}},"wdio_ui5_key":"etmportal.ui.managecontracts.view.Mastersap.ui.core.Icon{\"src\":{\"regex\":{\"source\":\"add\"}}}"}]}
RESULT: {"script":"<script> [1562 bytes]","args":[{"selector":{"controlType":"sap.ui.core.Icon","viewName":"etm.portal.ui.managecontracts.view.Master","properties":{"src":{"regex":{"source":"add"}}}},"wdio_ui5_key":"etmportal.ui.managecontracts.view.Mastersap.ui.core.Icon{\"src\":{\"regex\":{\"source\":\"add\"}}}"}]}
RESULT: undefined
COMMAND: POST /session/8690b08f518c8418ef29018541b658af/element - {"using":"xpath","value":"//*[@id=\"__button303-img\"]"}
RESULT: {"using":"xpath","value":"//*[@id=\"__button303-img\"]"}
COMMAND: POST /session/8690b08f518c8418ef29018541b658af/element/f.032590EE386F29951754CC6C5B23B0CB.d.E988B0D3FCA3B49A41CECC4AF16C4FBF.e.14353/click - {}
RESULT: {}
COMMAND: POST /session/8690b08f518c8418ef29018541b658af/execute/async - {"script":"<script> [1562 bytes]","args":[{"selector":{"id":"application-managecontracts-display-component---AddNewContract--projectDescription","interaction":{"idSuffix":"inner"}},"wdio_ui5_key":"applicationmanagecontracts-display-component---AddNewContract--projectDescription"}]}
COMMAND: GET /session/8690b08f518c8418ef29018541b658af/screenshot - {}
RESULT: {"script":"<script> [1562 bytes]","args":[{"selector":{"id":"application-managecontracts-display-component---AddNewContract--projectDescription","interaction":{"idSuffix":"inner"}},"wdio_ui5_key":"applicationmanagecontracts-display-component---AddNewContract--projectDescription"}]}
RESULT: undefined
COMMAND: POST /session/8690b08f518c8418ef29018541b658af/execute/async - {"script":"<script> [776 bytes]","args":[{"enterText":"wdi5 contract for billing","selector":{"id":"application-managecontracts-display-component---AddNewContract--projectDescription","interaction":{"idSuffix":"inner"}},"clearTextFirst":true,"interactionType":"ENTER_TEXT"}]}
RESULT: {}
RESULT: {"script":"<script> [776 bytes]","args":[{"enterText":"wdi5 contract for billing","selector":{"id":"application-managecontracts-display-component---AddNewContract--projectDescription","interaction":{"idSuffix":"inner"}},"clearTextFirst":true,"interactionType":"ENTER_TEXT"}]}
COMMAND: POST /session/8690b08f518c8418ef29018541b658af/element - {"using":"xpath","value":"//input[@id=\"application-managecontracts-display-component---AddNewContract--customerSelect-inner\"]"}
RESULT: {"using":"xpath","value":"//input[@id=\"application-managecontracts-display-component---AddNewContract--customerSelect-inner\"]"}
COMMAND: POST /session/8690b08f518c8418ef29018541b658af/element/f.032590EE386F29951754CC6C5B23B0CB.d.E988B0D3FCA3B49A41CECC4AF16C4FBF.e.14596/clear - {}
RESULT: {}
COMMAND: POST /session/8690b08f518c8418ef29018541b658af/element/f.032590EE386F29951754CC6C5B23B0CB.d.E988B0D3FCA3B49A41CECC4AF16C4FBF.e.14596/value - {"text":"1473"}
COMMAND: GET /session/8690b08f518c8418ef29018541b658af/screenshot - {}
RESULT: {"text":"1473"}
COMMAND: GET /session/8690b08f518c8418ef29018541b658af/screenshot - {}
RESULT: {}
RESULT: {}
COMMAND: POST /session/8690b08f518c8418ef29018541b658af/actions - {"actions":[{"id":"action65","type":"key","parameters":{},"actions":[{"type":"keyDown","value":"î€‡"},{"type":"pause","duration":10},{"type":"keyUp","value":"î€‡"}]}]}
RESULT: {"actions":[{"id":"action65","type":"key","parameters":{},"actions":[{"type":"keyDown","value":"î€‡"},{"type":"pause","duration":10},{"type":"keyUp","value":"î€‡"}]}]}
COMMAND: POST /session/8690b08f518c8418ef29018541b658af/element - {"using":"xpath","value":"//input[@id=\"application-managecontracts-display-component---AddNewContract--site-inner\"]"}
RESULT: {"using":"xpath","value":"//input[@id=\"application-managecontracts-display-component---AddNewContract--site-inner\"]"}
COMMAND: POST /session/8690b08f518c8418ef29018541b658af/element/f.032590EE386F29951754CC6C5B23B0CB.d.E988B0D3FCA3B49A41CECC4AF16C4FBF.e.14597/clear - {}
RESULT: {}
COMMAND: POST /session/8690b08f518c8418ef29018541b658af/element/f.032590EE386F29951754CC6C5B23B0CB.d.E988B0D3FCA3B49A41CECC4AF16C4FBF.e.14597/value - {"text":"2434"}
COMMAND: GET /session/8690b08f518c8418ef29018541b658af/screenshot - {}
COMMAND: GET /session/8690b08f518c8418ef29018541b658af/screenshot - {}
RESULT: {"text":"2434"}
RESULT: {}
COMMAND: GET /session/8690b08f518c8418ef29018541b658af/screenshot - {}
RESULT: {}
RESULT: {}
COMMAND: POST /session/8690b08f518c8418ef29018541b658af/actions - {"actions":[{"id":"action66","type":"key","parameters":{},"actions":[{"type":"keyDown","value":"î€‡"},{"type":"pause","duration":10},{"type":"keyUp","value":"î€‡"}]}]}
RESULT: {"actions":[{"id":"action66","type":"key","parameters":{},"actions":[{"type":"keyDown","value":"î€‡"},{"type":"pause","duration":10},{"type":"keyUp","value":"î€‡"}]}]}
COMMAND: POST /session/8690b08f518c8418ef29018541b658af/execute/async - {"script":"<script> [1562 bytes]","args":[{"selector":{"id":"application-managecontracts-display-component---AddNewContract--calendarInput","interaction":{"idSuffix":"inner"}},"wdio_ui5_key":"applicationmanagecontracts-display-component---AddNewContract--calendarInput"}]}
COMMAND: GET /session/8690b08f518c8418ef29018541b658af/screenshot - {}
RESULT: {"script":"<script> [1562 bytes]","args":[{"selector":{"id":"application-managecontracts-display-component---AddNewContract--calendarInput","interaction":{"idSuffix":"inner"}},"wdio_ui5_key":"applicationmanagecontracts-display-component---AddNewContract--calendarInput"}]}
RESULT: undefined
COMMAND: POST /session/8690b08f518c8418ef29018541b658af/execute/async - {"script":"<script> [776 bytes]","args":[{"enterText":"1 - Calendar unit test patch","selector":{"id":"application-managecontracts-display-component---AddNewContract--calendarInput","interaction":{"idSuffix":"inner"}},"clearTextFirst":true,"interactionType":"ENTER_TEXT"}]}
RESULT: {}
RESULT: {"script":"<script> [776 bytes]","args":[{"enterText":"1 - Calendar unit test patch","selector":{"id":"application-managecontracts-display-component---AddNewContract--calendarInput","interaction":{"idSuffix":"inner"}},"clearTextFirst":true,"interactionType":"ENTER_TEXT"}]}
COMMAND: POST /session/8690b08f518c8418ef29018541b658af/actions - {"actions":[{"id":"action67","type":"key","parameters":{},"actions":[{"type":"keyDown","value":"î€‡"},{"type":"pause","duration":10},{"type":"keyUp","value":"î€‡"}]}]}
RESULT: {"actions":[{"id":"action67","type":"key","parameters":{},"actions":[{"type":"keyDown","value":"î€‡"},{"type":"pause","duration":10},{"type":"keyUp","value":"î€‡"}]}]}
COMMAND: POST /session/8690b08f518c8418ef29018541b658af/execute/async - {"script":"<script> [1562 bytes]","args":[{"selector":{"id":"application-managecontracts-display-component---AddNewContract--languageCB","interaction":{"idSuffix":"inner"}},"wdio_ui5_key":"applicationmanagecontracts-display-component---AddNewContract--languageCB"}]}
COMMAND: GET /session/8690b08f518c8418ef29018541b658af/screenshot - {}
RESULT: {"script":"<script> [1562 bytes]","args":[{"selector":{"id":"application-managecontracts-display-component---AddNewContract--languageCB","interaction":{"idSuffix":"inner"}},"wdio_ui5_key":"applicationmanagecontracts-display-component---AddNewContract--languageCB"}]}
RESULT: undefined
COMMAND: POST /session/8690b08f518c8418ef29018541b658af/execute/async - {"script":"<script> [776 bytes]","args":[{"enterText":"EN - English","selector":{"id":"application-managecontracts-display-component---AddNewContract--languageCB","interaction":{"idSuffix":"inner"}},"clearTextFirst":true,"interactionType":"ENTER_TEXT"}]}
RESULT: {}
RESULT: {"script":"<script> [776 bytes]","args":[{"enterText":"EN - English","selector":{"id":"application-managecontracts-display-component---AddNewContract--languageCB","interaction":{"idSuffix":"inner"}},"clearTextFirst":true,"interactionType":"ENTER_TEXT"}]}
COMMAND: POST /session/8690b08f518c8418ef29018541b658af/actions - {"actions":[{"id":"action68","type":"key","parameters":{},"actions":[{"type":"keyDown","value":"î€‡"},{"type":"pause","duration":10},{"type":"keyUp","value":"î€‡"}]}]}
RESULT: {"actions":[{"id":"action68","type":"key","parameters":{},"actions":[{"type":"keyDown","value":"î€‡"},{"type":"pause","duration":10},{"type":"keyUp","value":"î€‡"}]}]}
COMMAND: POST /session/8690b08f518c8418ef29018541b658af/execute/async - {"script":"<script> [1562 bytes]","args":[{"selector":{"id":"application-managecontracts-display-component---AddNewContract--saveBtn","interaction":{"idSuffix":"BDI-content"}},"wdio_ui5_key":"applicationmanagecontracts-display-component---AddNewContract--saveBtn"}]}
COMMAND: GET /session/8690b08f518c8418ef29018541b658af/screenshot - {}
RESULT: {"script":"<script> [1562 bytes]","args":[{"selector":{"id":"application-managecontracts-display-component---AddNewContract--saveBtn","interaction":{"idSuffix":"BDI-content"}},"wdio_ui5_key":"applicationmanagecontracts-display-component---AddNewContract--saveBtn"}]}
RESULT: undefined
COMMAND: POST /session/8690b08f518c8418ef29018541b658af/element - {"using":"xpath","value":"//*[@id=\"application-managecontracts-display-component---AddNewContract--saveBtn\"]"}
RESULT: {}
RESULT: {"using":"xpath","value":"//*[@id=\"application-managecontracts-display-component---AddNewContract--saveBtn\"]"}
COMMAND: POST /session/8690b08f518c8418ef29018541b658af/element/f.032590EE386F29951754CC6C5B23B0CB.d.E988B0D3FCA3B49A41CECC4AF16C4FBF.e.14614/click - {}
RESULT: {}
COMMAND: GET /session/8690b08f518c8418ef29018541b658af/screenshot - {}
RESULT: {}
COMMAND: POST /session/8690b08f518c8418ef29018541b658af/execute/async - {"script":"<script> [1562 bytes]","args":[{"selector":{"id":"contractDetailTitleNoExpanded","viewName":"etm.portal.ui.managecontracts.view.Detail"},"wdio_ui5_key":"contractDetailTitleNoExpandedetmportal.ui.managecontracts.view.Detail"}]}
RESULT: {"script":"<script> [1562 bytes]","args":[{"selector":{"id":"contractDetailTitleNoExpanded","viewName":"etm.portal.ui.managecontracts.view.Detail"},"wdio_ui5_key":"contractDetailTitleNoExpandedetmportal.ui.managecontracts.view.Detail"}]}
RESULT: undefined
COMMAND: POST /session/8690b08f518c8418ef29018541b658af/execute/async - {"script":"<script> [6424 bytes]","args":[{"element-6066-11e4-a52e-4f735466cecf":"f.032590EE386F29951754CC6C5B23B0CB.d.E988B0D3FCA3B49A41CECC4AF16C4FBF.e.14696"},"getText",[]]}
RESULT: {"script":"<script> [6424 bytes]","args":[{"element-6066-11e4-a52e-4f735466cecf":"f.032590EE386F29951754CC6C5B23B0CB.d.E988B0D3FCA3B49A41CECC4AF16C4FBF.e.14696"},"getText",[]]}
]]></system-out>
    </testcase>
    <testcase classname="chrome.135_0_7049_115.windows.Provide_to_Site_w/_warehouse_management_w_clarification" name="Should add resource to the contract" time="58.654">
      <system-out><![CDATA[
COMMAND: POST /session/8690b08f518c8418ef29018541b658af/execute/async - {"script":"<script> [1562 bytes]","args":[{"selector":{"id":"contractDetailEditBtn","viewName":"etm.portal.ui.managecontracts.view.Detail","interaction":{"idSuffix":"BDI-content"}},"wdio_ui5_key":"contractDetailEditBtnetmportal.ui.managecontracts.view.Detail"}]}
RESULT: {"script":"<script> [1562 bytes]","args":[{"selector":{"id":"contractDetailEditBtn","viewName":"etm.portal.ui.managecontracts.view.Detail","interaction":{"idSuffix":"BDI-content"}},"wdio_ui5_key":"contractDetailEditBtnetmportal.ui.managecontracts.view.Detail"}]}
RESULT: undefined
COMMAND: POST /session/8690b08f518c8418ef29018541b658af/element - {"using":"xpath","value":"//*[@id=\"__xmlview63--contractDetailEditBtn\"]"}
RESULT: {"using":"xpath","value":"//*[@id=\"__xmlview63--contractDetailEditBtn\"]"}
COMMAND: POST /session/8690b08f518c8418ef29018541b658af/element/f.032590EE386F29951754CC6C5B23B0CB.d.E988B0D3FCA3B49A41CECC4AF16C4FBF.e.14698/click - {}
RESULT: {}
COMMAND: GET /session/8690b08f518c8418ef29018541b658af/screenshot - {}
RESULT: {}
COMMAND: POST /session/8690b08f518c8418ef29018541b658af/execute/async - {"script":"<script> [1562 bytes]","args":[{"selector":{"id":"additionalAddressesTabFilter","viewName":"etm.portal.ui.managecontracts.view.EditContract","interaction":{"idSuffix":"text"}},"wdio_ui5_key":"additionalAddressesTabFilteretmportal.ui.managecontracts.view.EditContract"}]}
RESULT: {"script":"<script> [1562 bytes]","args":[{"selector":{"id":"additionalAddressesTabFilter","viewName":"etm.portal.ui.managecontracts.view.EditContract","interaction":{"idSuffix":"text"}},"wdio_ui5_key":"additionalAddressesTabFilteretmportal.ui.managecontracts.view.EditContract"}]}
RESULT: undefined
COMMAND: POST /session/8690b08f518c8418ef29018541b658af/element - {"using":"xpath","value":"//*[@id=\"__xmlview64--additionalAddressesTabFilter\"]"}
RESULT: {"using":"xpath","value":"//*[@id=\"__xmlview64--additionalAddressesTabFilter\"]"}
COMMAND: POST /session/8690b08f518c8418ef29018541b658af/element/f.032590EE386F29951754CC6C5B23B0CB.d.E988B0D3FCA3B49A41CECC4AF16C4FBF.e.14759/click - {}
RESULT: {}
RESULT: undefined
COMMAND: POST /session/8690b08f518c8418ef29018541b658af/element - {"using":"xpath","value":"//*[@id=\"__xmlview64--additionalAddressesTabFilter\"]"}
COMMAND: GET /session/8690b08f518c8418ef29018541b658af/screenshot - {}
RESULT: {"using":"xpath","value":"//*[@id=\"__xmlview64--additionalAddressesTabFilter\"]"}
COMMAND: POST /session/8690b08f518c8418ef29018541b658af/element/f.032590EE386F29951754CC6C5B23B0CB.d.E988B0D3FCA3B49A41CECC4AF16C4FBF.e.14759/click - {}
RESULT: {}
RESULT: {}
COMMAND: POST /session/8690b08f518c8418ef29018541b658af/execute/async - {"script":"<script> [1562 bytes]","args":[{"selector":{"controlType":"sap.ui.core.Icon","viewName":"etm.portal.ui.managecontracts.view.EditContract","properties":{"src":{"regex":{"source":"add"}}}},"wdio_ui5_key":"etmportal.ui.managecontracts.view.EditContractsap.ui.core.Icon{\"src\":{\"regex\":{\"source\":\"add\"}}}"}]}
COMMAND: GET /session/8690b08f518c8418ef29018541b658af/screenshot - {}
RESULT: {"script":"<script> [1562 bytes]","args":[{"selector":{"controlType":"sap.ui.core.Icon","viewName":"etm.portal.ui.managecontracts.view.EditContract","properties":{"src":{"regex":{"source":"add"}}}},"wdio_ui5_key":"etmportal.ui.managecontracts.view.EditContractsap.ui.core.Icon{\"src\":{\"regex\":{\"source\":\"add\"}}}"}]}
RESULT: undefined
COMMAND: POST /session/8690b08f518c8418ef29018541b658af/element - {"using":"xpath","value":"//*[@id=\"__xmlview64--btnAddTableRow-img\"]"}
RESULT: {}
RESULT: {"using":"xpath","value":"//*[@id=\"__xmlview64--btnAddTableRow-img\"]"}
COMMAND: POST /session/8690b08f518c8418ef29018541b658af/element/f.032590EE386F29951754CC6C5B23B0CB.d.E988B0D3FCA3B49A41CECC4AF16C4FBF.e.14762/click - {}
RESULT: {}
COMMAND: POST /session/8690b08f518c8418ef29018541b658af/element - {"using":"xpath","value":"//div[(text() = 'Standard Entry' or . = 'Standard Entry')]"}
COMMAND: GET /session/8690b08f518c8418ef29018541b658af/screenshot - {}
RESULT: {"using":"xpath","value":"//div[(text() = 'Standard Entry' or . = 'Standard Entry')]"}
COMMAND: POST /session/8690b08f518c8418ef29018541b658af/element/f.032590EE386F29951754CC6C5B23B0CB.d.E988B0D3FCA3B49A41CECC4AF16C4FBF.e.14764/click - {}
RESULT: {}
RESULT: {}
COMMAND: POST /session/8690b08f518c8418ef29018541b658af/execute/async - {"script":"<script> [1562 bytes]","args":[{"selector":{"controlType":"sap.ui.core.Icon","viewName":"etm.portal.ui.managecontracts.view.EditContract","properties":{"src":{"regex":{"source":"inspect"}}}},"wdio_ui5_key":"etmportal.ui.managecontracts.view.EditContractsap.ui.core.Icon{\"src\":{\"regex\":{\"source\":\"inspect\"}}}"}]}
COMMAND: GET /session/8690b08f518c8418ef29018541b658af/screenshot - {}
RESULT: {"script":"<script> [1562 bytes]","args":[{"selector":{"controlType":"sap.ui.core.Icon","viewName":"etm.portal.ui.managecontracts.view.EditContract","properties":{"src":{"regex":{"source":"inspect"}}}},"wdio_ui5_key":"etmportal.ui.managecontracts.view.EditContractsap.ui.core.Icon{\"src\":{\"regex\":{\"source\":\"inspect\"}}}"}]}
RESULT: undefined
COMMAND: POST /session/8690b08f518c8418ef29018541b658af/element - {"using":"xpath","value":"//*[@id=\"__button329-img\"]"}
RESULT: {}
RESULT: {"using":"xpath","value":"//*[@id=\"__button329-img\"]"}
COMMAND: POST /session/8690b08f518c8418ef29018541b658af/element/f.032590EE386F29951754CC6C5B23B0CB.d.E988B0D3FCA3B49A41CECC4AF16C4FBF.e.14776/click - {}
RESULT: {}
COMMAND: GET /session/8690b08f518c8418ef29018541b658af/screenshot - {}
RESULT: {}
COMMAND: POST /session/8690b08f518c8418ef29018541b658af/element - {"using":"xpath","value":"//td[6]/div/div/input[1]"}
RESULT: {"using":"xpath","value":"//td[6]/div/div/input[1]"}
COMMAND: POST /session/8690b08f518c8418ef29018541b658af/element/f.032590EE386F29951754CC6C5B23B0CB.d.E988B0D3FCA3B49A41CECC4AF16C4FBF.e.14766/clear - {}
RESULT: {}
COMMAND: GET /session/8690b08f518c8418ef29018541b658af/screenshot - {}
RESULT: {}
COMMAND: POST /session/8690b08f518c8418ef29018541b658af/element - {"using":"xpath","value":"//td[6]/div/div/input[1]"}
RESULT: {"using":"xpath","value":"//td[6]/div/div/input[1]"}
COMMAND: POST /session/8690b08f518c8418ef29018541b658af/element/f.032590EE386F29951754CC6C5B23B0CB.d.E988B0D3FCA3B49A41CECC4AF16C4FBF.e.14792/click - {}
RESULT: {}
COMMAND: POST /session/8690b08f518c8418ef29018541b658af/actions - {"actions":[{"id":"action69","type":"key","parameters":{},"actions":[{"type":"keyDown","value":"î€ƒ"},{"type":"pause","duration":10},{"type":"keyUp","value":"î€ƒ"}]}]}
COMMAND: GET /session/8690b08f518c8418ef29018541b658af/screenshot - {}
RESULT: {"actions":[{"id":"action69","type":"key","parameters":{},"actions":[{"type":"keyDown","value":"î€ƒ"},{"type":"pause","duration":10},{"type":"keyUp","value":"î€ƒ"}]}]}
COMMAND: POST /session/8690b08f518c8418ef29018541b658af/element - {"using":"xpath","value":"//td[6]/div/div/input[1]"}
COMMAND: GET /session/8690b08f518c8418ef29018541b658af/screenshot - {}
RESULT: {}
RESULT: {"using":"xpath","value":"//td[6]/div/div/input[1]"}
COMMAND: POST /session/8690b08f518c8418ef29018541b658af/element/f.032590EE386F29951754CC6C5B23B0CB.d.E988B0D3FCA3B49A41CECC4AF16C4FBF.e.14792/clear - {}
RESULT: {}
RESULT: {}
COMMAND: POST /session/8690b08f518c8418ef29018541b658af/element/f.032590EE386F29951754CC6C5B23B0CB.d.E988B0D3FCA3B49A41CECC4AF16C4FBF.e.14792/value - {"text":"Material"}
COMMAND: GET /session/8690b08f518c8418ef29018541b658af/screenshot - {}
RESULT: {"text":"Material"}
COMMAND: GET /session/8690b08f518c8418ef29018541b658af/screenshot - {}
RESULT: {}
RESULT: {}
COMMAND: POST /session/8690b08f518c8418ef29018541b658af/actions - {"actions":[{"id":"action70","type":"key","parameters":{},"actions":[{"type":"keyDown","value":"î€‡"},{"type":"pause","duration":10},{"type":"keyUp","value":"î€‡"}]}]}
RESULT: {"actions":[{"id":"action70","type":"key","parameters":{},"actions":[{"type":"keyDown","value":"î€‡"},{"type":"pause","duration":10},{"type":"keyUp","value":"î€‡"}]}]}
COMMAND: POST /session/8690b08f518c8418ef29018541b658af/element - {"using":"xpath","value":"//td[7]/div/div/input[1]"}
COMMAND: GET /session/8690b08f518c8418ef29018541b658af/screenshot - {}
RESULT: {"using":"xpath","value":"//td[7]/div/div/input[1]"}
COMMAND: POST /session/8690b08f518c8418ef29018541b658af/element/f.032590EE386F29951754CC6C5B23B0CB.d.E988B0D3FCA3B49A41CECC4AF16C4FBF.e.14814/clear - {}
RESULT: {}
RESULT: {}
COMMAND: POST /session/8690b08f518c8418ef29018541b658af/element/f.032590EE386F29951754CC6C5B23B0CB.d.E988B0D3FCA3B49A41CECC4AF16C4FBF.e.14814/value - {"text":"200334"}
COMMAND: GET /session/8690b08f518c8418ef29018541b658af/screenshot - {}
RESULT: {"text":"200334"}
COMMAND: GET /session/8690b08f518c8418ef29018541b658af/screenshot - {}
RESULT: {}
RESULT: {}
COMMAND: POST /session/8690b08f518c8418ef29018541b658af/actions - {"actions":[{"id":"action71","type":"key","parameters":{},"actions":[{"type":"keyDown","value":"î€‡"},{"type":"pause","duration":10},{"type":"keyUp","value":"î€‡"}]}]}
RESULT: {"actions":[{"id":"action71","type":"key","parameters":{},"actions":[{"type":"keyDown","value":"î€‡"},{"type":"pause","duration":10},{"type":"keyUp","value":"î€‡"}]}]}
COMMAND: POST /session/8690b08f518c8418ef29018541b658af/execute/async - {"script":"<script> [1562 bytes]","args":[{"selector":{"controlType":"sap.m.Button","properties":{"text":"OK"},"searchOpenDialogs":true,"interaction":{"idSuffix":"BDI-content"}},"wdio_ui5_key":"sapm.Button{\"text\":\"OK\"}"}]}
COMMAND: GET /session/8690b08f518c8418ef29018541b658af/screenshot - {}
RESULT: {"script":"<script> [1562 bytes]","args":[{"selector":{"controlType":"sap.m.Button","properties":{"text":"OK"},"searchOpenDialogs":true,"interaction":{"idSuffix":"BDI-content"}},"wdio_ui5_key":"sapm.Button{\"text\":\"OK\"}"}]}
RESULT: undefined
COMMAND: POST /session/8690b08f518c8418ef29018541b658af/element - {"using":"xpath","value":"//*[@id=\"__mbox-btn-1\"]"}
RESULT: {}
RESULT: {"using":"xpath","value":"//*[@id=\"__mbox-btn-1\"]"}
COMMAND: POST /session/8690b08f518c8418ef29018541b658af/element/f.032590EE386F29951754CC6C5B23B0CB.d.E988B0D3FCA3B49A41CECC4AF16C4FBF.e.14835/click - {}
RESULT: {}
COMMAND: POST /session/8690b08f518c8418ef29018541b658af/execute/async - {"script":"<script> [1562 bytes]","args":[{"selector":{"id":"saveBtn","viewName":"etm.portal.ui.managecontracts.view.EditContract","interaction":{"idSuffix":"BDI-content"}},"wdio_ui5_key":"saveBtnetmportal.ui.managecontracts.view.EditContract"}]}
COMMAND: GET /session/8690b08f518c8418ef29018541b658af/screenshot - {}
RESULT: {"script":"<script> [1562 bytes]","args":[{"selector":{"id":"saveBtn","viewName":"etm.portal.ui.managecontracts.view.EditContract","interaction":{"idSuffix":"BDI-content"}},"wdio_ui5_key":"saveBtnetmportal.ui.managecontracts.view.EditContract"}]}
RESULT: undefined
COMMAND: POST /session/8690b08f518c8418ef29018541b658af/element - {"using":"xpath","value":"//*[@id=\"__xmlview64--saveBtn\"]"}
RESULT: {}
RESULT: {"using":"xpath","value":"//*[@id=\"__xmlview64--saveBtn\"]"}
COMMAND: POST /session/8690b08f518c8418ef29018541b658af/element/f.032590EE386F29951754CC6C5B23B0CB.d.E988B0D3FCA3B49A41CECC4AF16C4FBF.e.14861/click - {}
RESULT: {}
COMMAND: GET /session/8690b08f518c8418ef29018541b658af/screenshot - {}
RESULT: {}
COMMAND: POST /session/8690b08f518c8418ef29018541b658af/execute/async - {"script":"<script> [1562 bytes]","args":[{"selector":{"id":"additionalAddressesTabFilter","viewName":"etm.portal.ui.managecontracts.view.Detail","interaction":{"idSuffix":"text"}},"wdio_ui5_key":"additionalAddressesTabFilteretmportal.ui.managecontracts.view.Detail"}]}
RESULT: {"script":"<script> [1562 bytes]","args":[{"selector":{"id":"additionalAddressesTabFilter","viewName":"etm.portal.ui.managecontracts.view.Detail","interaction":{"idSuffix":"text"}},"wdio_ui5_key":"additionalAddressesTabFilteretmportal.ui.managecontracts.view.Detail"}]}
RESULT: undefined
COMMAND: POST /session/8690b08f518c8418ef29018541b658af/element - {"using":"xpath","value":"//*[@id=\"__xmlview63--additionalAddressesTabFilter\"]"}
RESULT: {"using":"xpath","value":"//*[@id=\"__xmlview63--additionalAddressesTabFilter\"]"}
COMMAND: POST /session/8690b08f518c8418ef29018541b658af/element/f.032590EE386F29951754CC6C5B23B0CB.d.E988B0D3FCA3B49A41CECC4AF16C4FBF.e.14865/click - {}
RESULT: {}
COMMAND: POST /session/8690b08f518c8418ef29018541b658af/execute/async - {"script":"<script> [1562 bytes]","args":[{"selector":{"id":"contractDetailProvideButton","viewName":"etm.portal.ui.managecontracts.view.Detail","interaction":{"idSuffix":"BDI-content"}},"wdio_ui5_key":"contractDetailProvideButtonetmportal.ui.managecontracts.view.Detail"}]}
COMMAND: GET /session/8690b08f518c8418ef29018541b658af/screenshot - {}
RESULT: {"script":"<script> [1562 bytes]","args":[{"selector":{"id":"contractDetailProvideButton","viewName":"etm.portal.ui.managecontracts.view.Detail","interaction":{"idSuffix":"BDI-content"}},"wdio_ui5_key":"contractDetailProvideButtonetmportal.ui.managecontracts.view.Detail"}]}
RESULT: undefined
COMMAND: POST /session/8690b08f518c8418ef29018541b658af/element - {"using":"xpath","value":"//*[@id=\"__xmlview63--contractDetailProvideButton\"]"}
RESULT: {}
RESULT: {"using":"xpath","value":"//*[@id=\"__xmlview63--contractDetailProvideButton\"]"}
COMMAND: POST /session/8690b08f518c8418ef29018541b658af/element/f.032590EE386F29951754CC6C5B23B0CB.d.E988B0D3FCA3B49A41CECC4AF16C4FBF.e.14870/click - {}
RESULT: {}
COMMAND: GET /session/8690b08f518c8418ef29018541b658af/screenshot - {}
]]></system-out>
    </testcase>
    <testcase classname="chrome.135_0_7049_115.windows.Provide_to_Site_w/_warehouse_management_w_clarification" name="Should Create HandOvers provide to site" time="82.154">
      <system-out><![CDATA[
COMMAND: POST /session/8690b08f518c8418ef29018541b658af/element - {"using":"css selector","value":"#application-managehandovers-display-component---AddNewHO--dueDate-inner"}
RESULT: {}
RESULT: {"using":"css selector","value":"#application-managehandovers-display-component---AddNewHO--dueDate-inner"}
COMMAND: POST /session/8690b08f518c8418ef29018541b658af/element/f.032590EE386F29951754CC6C5B23B0CB.d.E988B0D3FCA3B49A41CECC4AF16C4FBF.e.14944/clear - {}
RESULT: {}
COMMAND: POST /session/8690b08f518c8418ef29018541b658af/element/f.032590EE386F29951754CC6C5B23B0CB.d.E988B0D3FCA3B49A41CECC4AF16C4FBF.e.14944/value - {"text":"5/5/25"}
COMMAND: GET /session/8690b08f518c8418ef29018541b658af/screenshot - {}
RESULT: {"text":"5/5/25"}
COMMAND: POST /session/8690b08f518c8418ef29018541b658af/element - {"using":"xpath","value":"//bdi[(text() = 'Items' or . = 'Items')]"}
COMMAND: GET /session/8690b08f518c8418ef29018541b658af/screenshot - {}
RESULT: {}
RESULT: {"using":"xpath","value":"//bdi[(text() = 'Items' or . = 'Items')]"}
COMMAND: POST /session/8690b08f518c8418ef29018541b658af/element/f.032590EE386F29951754CC6C5B23B0CB.d.E988B0D3FCA3B49A41CECC4AF16C4FBF.e.15039/click - {}
RESULT: {}
RESULT: {}
COMMAND: POST /session/8690b08f518c8418ef29018541b658af/execute/async - {"script":"<script> [1562 bytes]","args":[{"selector":{"controlType":"sap.m.Button","viewName":"etm.portal.ui.managehandovers.view.AddNewHO","viewId":"application-managehandovers-display-component---AddNewHO","i18NText":{"propertyName":"tooltip","key":"addItems"}},"wdio_ui5_key":"etmportal.ui.managehandovers.view.AddNewHOsap.m.Button{\"propertyName\":\"tooltip\",\"key\":\"addItems\"}"}]}
COMMAND: GET /session/8690b08f518c8418ef29018541b658af/screenshot - {}
RESULT: {"script":"<script> [1562 bytes]","args":[{"selector":{"controlType":"sap.m.Button","viewName":"etm.portal.ui.managehandovers.view.AddNewHO","viewId":"application-managehandovers-display-component---AddNewHO","i18NText":{"propertyName":"tooltip","key":"addItems"}},"wdio_ui5_key":"etmportal.ui.managehandovers.view.AddNewHOsap.m.Button{\"propertyName\":\"tooltip\",\"key\":\"addItems\"}"}]}
RESULT: undefined
COMMAND: POST /session/8690b08f518c8418ef29018541b658af/element - {"using":"xpath","value":"//*[@id=\"__button354\"]"}
RESULT: {}
RESULT: {"using":"xpath","value":"//*[@id=\"__button354\"]"}
COMMAND: POST /session/8690b08f518c8418ef29018541b658af/element/f.032590EE386F29951754CC6C5B23B0CB.d.E988B0D3FCA3B49A41CECC4AF16C4FBF.e.15044/click - {}
RESULT: {}
COMMAND: GET /session/8690b08f518c8418ef29018541b658af/screenshot - {}
RESULT: {}
COMMAND: POST /session/8690b08f518c8418ef29018541b658af/element - {"using":"css selector","value":"div[id= \"application-managehandovers-display-component---AddNewHO--popup-sa-CbBg\"]"}
RESULT: {"using":"css selector","value":"div[id= \"application-managehandovers-display-component---AddNewHO--popup-sa-CbBg\"]"}
COMMAND: POST /session/8690b08f518c8418ef29018541b658af/element/f.032590EE386F29951754CC6C5B23B0CB.d.E988B0D3FCA3B49A41CECC4AF16C4FBF.e.15050/click - {}
RESULT: {}
COMMAND: GET /session/8690b08f518c8418ef29018541b658af/screenshot - {}
RESULT: {}
COMMAND: POST /session/8690b08f518c8418ef29018541b658af/element - {"using":"xpath","value":"//bdi[(text() = 'Select' or . = 'Select')]"}
RESULT: {"using":"xpath","value":"//bdi[(text() = 'Select' or . = 'Select')]"}
COMMAND: POST /session/8690b08f518c8418ef29018541b658af/element/f.032590EE386F29951754CC6C5B23B0CB.d.E988B0D3FCA3B49A41CECC4AF16C4FBF.e.15052/click - {}
RESULT: {}
COMMAND: GET /session/8690b08f518c8418ef29018541b658af/screenshot - {}
RESULT: {}
COMMAND: POST /session/8690b08f518c8418ef29018541b658af/element - {"using":"xpath","value":"//bdi[(text() = 'Save' or . = 'Save')]"}
RESULT: {"using":"xpath","value":"//bdi[(text() = 'Save' or . = 'Save')]"}
COMMAND: POST /session/8690b08f518c8418ef29018541b658af/element/f.032590EE386F29951754CC6C5B23B0CB.d.E988B0D3FCA3B49A41CECC4AF16C4FBF.e.15060/click - {}
RESULT: {}
COMMAND: GET /session/8690b08f518c8418ef29018541b658af/screenshot - {}
RESULT: {}
COMMAND: POST /session/8690b08f518c8418ef29018541b658af/elements - {"using":"xpath","value":"//*[text()='Close']"}
RESULT: {"using":"xpath","value":"//*[text()='Close']"}
COMMAND: GET /session/8690b08f518c8418ef29018541b658af/element/f.032590EE386F29951754CC6C5B23B0CB.d.E988B0D3FCA3B49A41CECC4AF16C4FBF.e.15100/enabled - {}
RESULT: {}
COMMAND: POST /session/8690b08f518c8418ef29018541b658af/execute/sync - {"script":"<script> [8489 bytes]","args":[{"element-6066-11e4-a52e-4f735466cecf":"f.032590EE386F29951754CC6C5B23B0CB.d.E988B0D3FCA3B49A41CECC4AF16C4FBF.e.15100","ELEMENT":"f.032590EE386F29951754CC6C5B23B0CB.d.E988B0D3FCA3B49A41CECC4AF16C4FBF.e.15100"}]}
COMMAND: GET /session/8690b08f518c8418ef29018541b658af/screenshot - {}
RESULT: {"script":"<script> [8489 bytes]","args":[{"element-6066-11e4-a52e-4f735466cecf":"f.032590EE386F29951754CC6C5B23B0CB.d.E988B0D3FCA3B49A41CECC4AF16C4FBF.e.15100","ELEMENT":"f.032590EE386F29951754CC6C5B23B0CB.d.E988B0D3FCA3B49A41CECC4AF16C4FBF.e.15100"}]}
COMMAND: GET /session/8690b08f518c8418ef29018541b658af/screenshot - {}
RESULT: {}
RESULT: {}
COMMAND: POST /session/8690b08f518c8418ef29018541b658af/execute/sync - {"script":"<script> [8489 bytes]","args":[{"element-6066-11e4-a52e-4f735466cecf":"f.032590EE386F29951754CC6C5B23B0CB.d.E988B0D3FCA3B49A41CECC4AF16C4FBF.e.15100","ELEMENT":"f.032590EE386F29951754CC6C5B23B0CB.d.E988B0D3FCA3B49A41CECC4AF16C4FBF.e.15100"}]}
RESULT: {"script":"<script> [8489 bytes]","args":[{"element-6066-11e4-a52e-4f735466cecf":"f.032590EE386F29951754CC6C5B23B0CB.d.E988B0D3FCA3B49A41CECC4AF16C4FBF.e.15100","ELEMENT":"f.032590EE386F29951754CC6C5B23B0CB.d.E988B0D3FCA3B49A41CECC4AF16C4FBF.e.15100"}]}
COMMAND: GET /session/8690b08f518c8418ef29018541b658af/screenshot - {}
RESULT: {}
COMMAND: POST /session/8690b08f518c8418ef29018541b658af/execute/sync - {"script":"<script> [8489 bytes]","args":[{"element-6066-11e4-a52e-4f735466cecf":"f.032590EE386F29951754CC6C5B23B0CB.d.E988B0D3FCA3B49A41CECC4AF16C4FBF.e.15100","ELEMENT":"f.032590EE386F29951754CC6C5B23B0CB.d.E988B0D3FCA3B49A41CECC4AF16C4FBF.e.15100"}]}
RESULT: {"script":"<script> [8489 bytes]","args":[{"element-6066-11e4-a52e-4f735466cecf":"f.032590EE386F29951754CC6C5B23B0CB.d.E988B0D3FCA3B49A41CECC4AF16C4FBF.e.15100","ELEMENT":"f.032590EE386F29951754CC6C5B23B0CB.d.E988B0D3FCA3B49A41CECC4AF16C4FBF.e.15100"}]}
COMMAND: GET /session/8690b08f518c8418ef29018541b658af/screenshot - {}
RESULT: {}
COMMAND: POST /session/8690b08f518c8418ef29018541b658af/execute/sync - {"script":"<script> [8489 bytes]","args":[{"element-6066-11e4-a52e-4f735466cecf":"f.032590EE386F29951754CC6C5B23B0CB.d.E988B0D3FCA3B49A41CECC4AF16C4FBF.e.15100","ELEMENT":"f.032590EE386F29951754CC6C5B23B0CB.d.E988B0D3FCA3B49A41CECC4AF16C4FBF.e.15100"}]}
RESULT: {"script":"<script> [8489 bytes]","args":[{"element-6066-11e4-a52e-4f735466cecf":"f.032590EE386F29951754CC6C5B23B0CB.d.E988B0D3FCA3B49A41CECC4AF16C4FBF.e.15100","ELEMENT":"f.032590EE386F29951754CC6C5B23B0CB.d.E988B0D3FCA3B49A41CECC4AF16C4FBF.e.15100"}]}
COMMAND: GET /session/8690b08f518c8418ef29018541b658af/screenshot - {}
RESULT: {}
COMMAND: POST /session/8690b08f518c8418ef29018541b658af/execute/sync - {"script":"<script> [8489 bytes]","args":[{"element-6066-11e4-a52e-4f735466cecf":"f.032590EE386F29951754CC6C5B23B0CB.d.E988B0D3FCA3B49A41CECC4AF16C4FBF.e.15100","ELEMENT":"f.032590EE386F29951754CC6C5B23B0CB.d.E988B0D3FCA3B49A41CECC4AF16C4FBF.e.15100"}]}
RESULT: {"script":"<script> [8489 bytes]","args":[{"element-6066-11e4-a52e-4f735466cecf":"f.032590EE386F29951754CC6C5B23B0CB.d.E988B0D3FCA3B49A41CECC4AF16C4FBF.e.15100","ELEMENT":"f.032590EE386F29951754CC6C5B23B0CB.d.E988B0D3FCA3B49A41CECC4AF16C4FBF.e.15100"}]}
COMMAND: GET /session/8690b08f518c8418ef29018541b658af/screenshot - {}
RESULT: {}
COMMAND: POST /session/8690b08f518c8418ef29018541b658af/execute/sync - {"script":"<script> [8489 bytes]","args":[{"element-6066-11e4-a52e-4f735466cecf":"f.032590EE386F29951754CC6C5B23B0CB.d.E988B0D3FCA3B49A41CECC4AF16C4FBF.e.15100","ELEMENT":"f.032590EE386F29951754CC6C5B23B0CB.d.E988B0D3FCA3B49A41CECC4AF16C4FBF.e.15100"}]}
RESULT: {"script":"<script> [8489 bytes]","args":[{"element-6066-11e4-a52e-4f735466cecf":"f.032590EE386F29951754CC6C5B23B0CB.d.E988B0D3FCA3B49A41CECC4AF16C4FBF.e.15100","ELEMENT":"f.032590EE386F29951754CC6C5B23B0CB.d.E988B0D3FCA3B49A41CECC4AF16C4FBF.e.15100"}]}
COMMAND: GET /session/8690b08f518c8418ef29018541b658af/screenshot - {}
RESULT: {}
COMMAND: POST /session/8690b08f518c8418ef29018541b658af/execute/sync - {"script":"<script> [8489 bytes]","args":[{"element-6066-11e4-a52e-4f735466cecf":"f.032590EE386F29951754CC6C5B23B0CB.d.E988B0D3FCA3B49A41CECC4AF16C4FBF.e.15100","ELEMENT":"f.032590EE386F29951754CC6C5B23B0CB.d.E988B0D3FCA3B49A41CECC4AF16C4FBF.e.15100"}]}
RESULT: {"script":"<script> [8489 bytes]","args":[{"element-6066-11e4-a52e-4f735466cecf":"f.032590EE386F29951754CC6C5B23B0CB.d.E988B0D3FCA3B49A41CECC4AF16C4FBF.e.15100","ELEMENT":"f.032590EE386F29951754CC6C5B23B0CB.d.E988B0D3FCA3B49A41CECC4AF16C4FBF.e.15100"}]}
COMMAND: GET /session/8690b08f518c8418ef29018541b658af/screenshot - {}
RESULT: {}
COMMAND: POST /session/8690b08f518c8418ef29018541b658af/execute/sync - {"script":"<script> [8489 bytes]","args":[{"element-6066-11e4-a52e-4f735466cecf":"f.032590EE386F29951754CC6C5B23B0CB.d.E988B0D3FCA3B49A41CECC4AF16C4FBF.e.15100","ELEMENT":"f.032590EE386F29951754CC6C5B23B0CB.d.E988B0D3FCA3B49A41CECC4AF16C4FBF.e.15100"}]}
RESULT: {"script":"<script> [8489 bytes]","args":[{"element-6066-11e4-a52e-4f735466cecf":"f.032590EE386F29951754CC6C5B23B0CB.d.E988B0D3FCA3B49A41CECC4AF16C4FBF.e.15100","ELEMENT":"f.032590EE386F29951754CC6C5B23B0CB.d.E988B0D3FCA3B49A41CECC4AF16C4FBF.e.15100"}]}
COMMAND: GET /session/8690b08f518c8418ef29018541b658af/screenshot - {}
RESULT: {}
COMMAND: POST /session/8690b08f518c8418ef29018541b658af/execute/sync - {"script":"<script> [8489 bytes]","args":[{"element-6066-11e4-a52e-4f735466cecf":"f.032590EE386F29951754CC6C5B23B0CB.d.E988B0D3FCA3B49A41CECC4AF16C4FBF.e.15100","ELEMENT":"f.032590EE386F29951754CC6C5B23B0CB.d.E988B0D3FCA3B49A41CECC4AF16C4FBF.e.15100"}]}
RESULT: {"script":"<script> [8489 bytes]","args":[{"element-6066-11e4-a52e-4f735466cecf":"f.032590EE386F29951754CC6C5B23B0CB.d.E988B0D3FCA3B49A41CECC4AF16C4FBF.e.15100","ELEMENT":"f.032590EE386F29951754CC6C5B23B0CB.d.E988B0D3FCA3B49A41CECC4AF16C4FBF.e.15100"}]}
COMMAND: GET /session/8690b08f518c8418ef29018541b658af/screenshot - {}
RESULT: {}
COMMAND: POST /session/8690b08f518c8418ef29018541b658af/execute/sync - {"script":"<script> [8489 bytes]","args":[{"element-6066-11e4-a52e-4f735466cecf":"f.032590EE386F29951754CC6C5B23B0CB.d.E988B0D3FCA3B49A41CECC4AF16C4FBF.e.15100","ELEMENT":"f.032590EE386F29951754CC6C5B23B0CB.d.E988B0D3FCA3B49A41CECC4AF16C4FBF.e.15100"}]}
RESULT: {"script":"<script> [8489 bytes]","args":[{"element-6066-11e4-a52e-4f735466cecf":"f.032590EE386F29951754CC6C5B23B0CB.d.E988B0D3FCA3B49A41CECC4AF16C4FBF.e.15100","ELEMENT":"f.032590EE386F29951754CC6C5B23B0CB.d.E988B0D3FCA3B49A41CECC4AF16C4FBF.e.15100"}]}
COMMAND: GET /session/8690b08f518c8418ef29018541b658af/screenshot - {}
RESULT: {}
COMMAND: POST /session/8690b08f518c8418ef29018541b658af/execute/sync - {"script":"<script> [8489 bytes]","args":[{"element-6066-11e4-a52e-4f735466cecf":"f.032590EE386F29951754CC6C5B23B0CB.d.E988B0D3FCA3B49A41CECC4AF16C4FBF.e.15100","ELEMENT":"f.032590EE386F29951754CC6C5B23B0CB.d.E988B0D3FCA3B49A41CECC4AF16C4FBF.e.15100"}]}
RESULT: {"script":"<script> [8489 bytes]","args":[{"element-6066-11e4-a52e-4f735466cecf":"f.032590EE386F29951754CC6C5B23B0CB.d.E988B0D3FCA3B49A41CECC4AF16C4FBF.e.15100","ELEMENT":"f.032590EE386F29951754CC6C5B23B0CB.d.E988B0D3FCA3B49A41CECC4AF16C4FBF.e.15100"}]}
COMMAND: GET /session/8690b08f518c8418ef29018541b658af/screenshot - {}
RESULT: {}
COMMAND: POST /session/8690b08f518c8418ef29018541b658af/execute/sync - {"script":"<script> [8489 bytes]","args":[{"element-6066-11e4-a52e-4f735466cecf":"f.032590EE386F29951754CC6C5B23B0CB.d.E988B0D3FCA3B49A41CECC4AF16C4FBF.e.15100","ELEMENT":"f.032590EE386F29951754CC6C5B23B0CB.d.E988B0D3FCA3B49A41CECC4AF16C4FBF.e.15100"}]}
RESULT: {"script":"<script> [8489 bytes]","args":[{"element-6066-11e4-a52e-4f735466cecf":"f.032590EE386F29951754CC6C5B23B0CB.d.E988B0D3FCA3B49A41CECC4AF16C4FBF.e.15100","ELEMENT":"f.032590EE386F29951754CC6C5B23B0CB.d.E988B0D3FCA3B49A41CECC4AF16C4FBF.e.15100"}]}
COMMAND: GET /session/8690b08f518c8418ef29018541b658af/screenshot - {}
RESULT: {}
COMMAND: POST /session/8690b08f518c8418ef29018541b658af/execute/sync - {"script":"<script> [8489 bytes]","args":[{"element-6066-11e4-a52e-4f735466cecf":"f.032590EE386F29951754CC6C5B23B0CB.d.E988B0D3FCA3B49A41CECC4AF16C4FBF.e.15100","ELEMENT":"f.032590EE386F29951754CC6C5B23B0CB.d.E988B0D3FCA3B49A41CECC4AF16C4FBF.e.15100"}]}
RESULT: {"script":"<script> [8489 bytes]","args":[{"element-6066-11e4-a52e-4f735466cecf":"f.032590EE386F29951754CC6C5B23B0CB.d.E988B0D3FCA3B49A41CECC4AF16C4FBF.e.15100","ELEMENT":"f.032590EE386F29951754CC6C5B23B0CB.d.E988B0D3FCA3B49A41CECC4AF16C4FBF.e.15100"}]}
COMMAND: GET /session/8690b08f518c8418ef29018541b658af/screenshot - {}
RESULT: {}
COMMAND: POST /session/8690b08f518c8418ef29018541b658af/execute/sync - {"script":"<script> [8489 bytes]","args":[{"element-6066-11e4-a52e-4f735466cecf":"f.032590EE386F29951754CC6C5B23B0CB.d.E988B0D3FCA3B49A41CECC4AF16C4FBF.e.15100","ELEMENT":"f.032590EE386F29951754CC6C5B23B0CB.d.E988B0D3FCA3B49A41CECC4AF16C4FBF.e.15100"}]}
RESULT: {"script":"<script> [8489 bytes]","args":[{"element-6066-11e4-a52e-4f735466cecf":"f.032590EE386F29951754CC6C5B23B0CB.d.E988B0D3FCA3B49A41CECC4AF16C4FBF.e.15100","ELEMENT":"f.032590EE386F29951754CC6C5B23B0CB.d.E988B0D3FCA3B49A41CECC4AF16C4FBF.e.15100"}]}
COMMAND: GET /session/8690b08f518c8418ef29018541b658af/screenshot - {}
RESULT: {}
COMMAND: POST /session/8690b08f518c8418ef29018541b658af/execute/sync - {"script":"<script> [8489 bytes]","args":[{"element-6066-11e4-a52e-4f735466cecf":"f.032590EE386F29951754CC6C5B23B0CB.d.E988B0D3FCA3B49A41CECC4AF16C4FBF.e.15100","ELEMENT":"f.032590EE386F29951754CC6C5B23B0CB.d.E988B0D3FCA3B49A41CECC4AF16C4FBF.e.15100"}]}
RESULT: {"script":"<script> [8489 bytes]","args":[{"element-6066-11e4-a52e-4f735466cecf":"f.032590EE386F29951754CC6C5B23B0CB.d.E988B0D3FCA3B49A41CECC4AF16C4FBF.e.15100","ELEMENT":"f.032590EE386F29951754CC6C5B23B0CB.d.E988B0D3FCA3B49A41CECC4AF16C4FBF.e.15100"}]}
COMMAND: GET /session/8690b08f518c8418ef29018541b658af/screenshot - {}
RESULT: {}
COMMAND: POST /session/8690b08f518c8418ef29018541b658af/execute/sync - {"script":"<script> [8489 bytes]","args":[{"element-6066-11e4-a52e-4f735466cecf":"f.032590EE386F29951754CC6C5B23B0CB.d.E988B0D3FCA3B49A41CECC4AF16C4FBF.e.15100","ELEMENT":"f.032590EE386F29951754CC6C5B23B0CB.d.E988B0D3FCA3B49A41CECC4AF16C4FBF.e.15100"}]}
RESULT: {"script":"<script> [8489 bytes]","args":[{"element-6066-11e4-a52e-4f735466cecf":"f.032590EE386F29951754CC6C5B23B0CB.d.E988B0D3FCA3B49A41CECC4AF16C4FBF.e.15100","ELEMENT":"f.032590EE386F29951754CC6C5B23B0CB.d.E988B0D3FCA3B49A41CECC4AF16C4FBF.e.15100"}]}
COMMAND: GET /session/8690b08f518c8418ef29018541b658af/screenshot - {}
RESULT: {}
COMMAND: POST /session/8690b08f518c8418ef29018541b658af/execute/sync - {"script":"<script> [8489 bytes]","args":[{"element-6066-11e4-a52e-4f735466cecf":"f.032590EE386F29951754CC6C5B23B0CB.d.E988B0D3FCA3B49A41CECC4AF16C4FBF.e.15100","ELEMENT":"f.032590EE386F29951754CC6C5B23B0CB.d.E988B0D3FCA3B49A41CECC4AF16C4FBF.e.15100"}]}
RESULT: {"script":"<script> [8489 bytes]","args":[{"element-6066-11e4-a52e-4f735466cecf":"f.032590EE386F29951754CC6C5B23B0CB.d.E988B0D3FCA3B49A41CECC4AF16C4FBF.e.15100","ELEMENT":"f.032590EE386F29951754CC6C5B23B0CB.d.E988B0D3FCA3B49A41CECC4AF16C4FBF.e.15100"}]}
COMMAND: GET /session/8690b08f518c8418ef29018541b658af/screenshot - {}
RESULT: {}
COMMAND: POST /session/8690b08f518c8418ef29018541b658af/execute/sync - {"script":"<script> [8489 bytes]","args":[{"element-6066-11e4-a52e-4f735466cecf":"f.032590EE386F29951754CC6C5B23B0CB.d.E988B0D3FCA3B49A41CECC4AF16C4FBF.e.15100","ELEMENT":"f.032590EE386F29951754CC6C5B23B0CB.d.E988B0D3FCA3B49A41CECC4AF16C4FBF.e.15100"}]}
RESULT: {"script":"<script> [8489 bytes]","args":[{"element-6066-11e4-a52e-4f735466cecf":"f.032590EE386F29951754CC6C5B23B0CB.d.E988B0D3FCA3B49A41CECC4AF16C4FBF.e.15100","ELEMENT":"f.032590EE386F29951754CC6C5B23B0CB.d.E988B0D3FCA3B49A41CECC4AF16C4FBF.e.15100"}]}
COMMAND: GET /session/8690b08f518c8418ef29018541b658af/screenshot - {}
RESULT: {}
COMMAND: POST /session/8690b08f518c8418ef29018541b658af/execute/sync - {"script":"<script> [8489 bytes]","args":[{"element-6066-11e4-a52e-4f735466cecf":"f.032590EE386F29951754CC6C5B23B0CB.d.E988B0D3FCA3B49A41CECC4AF16C4FBF.e.15100","ELEMENT":"f.032590EE386F29951754CC6C5B23B0CB.d.E988B0D3FCA3B49A41CECC4AF16C4FBF.e.15100"}]}
RESULT: {"script":"<script> [8489 bytes]","args":[{"element-6066-11e4-a52e-4f735466cecf":"f.032590EE386F29951754CC6C5B23B0CB.d.E988B0D3FCA3B49A41CECC4AF16C4FBF.e.15100","ELEMENT":"f.032590EE386F29951754CC6C5B23B0CB.d.E988B0D3FCA3B49A41CECC4AF16C4FBF.e.15100"}]}
COMMAND: GET /session/8690b08f518c8418ef29018541b658af/screenshot - {}
RESULT: {}
COMMAND: POST /session/8690b08f518c8418ef29018541b658af/execute/sync - {"script":"<script> [8489 bytes]","args":[{"element-6066-11e4-a52e-4f735466cecf":"f.032590EE386F29951754CC6C5B23B0CB.d.E988B0D3FCA3B49A41CECC4AF16C4FBF.e.15100","ELEMENT":"f.032590EE386F29951754CC6C5B23B0CB.d.E988B0D3FCA3B49A41CECC4AF16C4FBF.e.15100"}]}
RESULT: {"script":"<script> [8489 bytes]","args":[{"element-6066-11e4-a52e-4f735466cecf":"f.032590EE386F29951754CC6C5B23B0CB.d.E988B0D3FCA3B49A41CECC4AF16C4FBF.e.15100","ELEMENT":"f.032590EE386F29951754CC6C5B23B0CB.d.E988B0D3FCA3B49A41CECC4AF16C4FBF.e.15100"}]}
COMMAND: GET /session/8690b08f518c8418ef29018541b658af/screenshot - {}
RESULT: {}
COMMAND: POST /session/8690b08f518c8418ef29018541b658af/execute/sync - {"script":"<script> [8489 bytes]","args":[{"element-6066-11e4-a52e-4f735466cecf":"f.032590EE386F29951754CC6C5B23B0CB.d.E988B0D3FCA3B49A41CECC4AF16C4FBF.e.15100","ELEMENT":"f.032590EE386F29951754CC6C5B23B0CB.d.E988B0D3FCA3B49A41CECC4AF16C4FBF.e.15100"}]}
RESULT: {"script":"<script> [8489 bytes]","args":[{"element-6066-11e4-a52e-4f735466cecf":"f.032590EE386F29951754CC6C5B23B0CB.d.E988B0D3FCA3B49A41CECC4AF16C4FBF.e.15100","ELEMENT":"f.032590EE386F29951754CC6C5B23B0CB.d.E988B0D3FCA3B49A41CECC4AF16C4FBF.e.15100"}]}
COMMAND: GET /session/8690b08f518c8418ef29018541b658af/screenshot - {}
RESULT: {}
COMMAND: POST /session/8690b08f518c8418ef29018541b658af/execute/sync - {"script":"<script> [8489 bytes]","args":[{"element-6066-11e4-a52e-4f735466cecf":"f.032590EE386F29951754CC6C5B23B0CB.d.E988B0D3FCA3B49A41CECC4AF16C4FBF.e.15100","ELEMENT":"f.032590EE386F29951754CC6C5B23B0CB.d.E988B0D3FCA3B49A41CECC4AF16C4FBF.e.15100"}]}
RESULT: {"script":"<script> [8489 bytes]","args":[{"element-6066-11e4-a52e-4f735466cecf":"f.032590EE386F29951754CC6C5B23B0CB.d.E988B0D3FCA3B49A41CECC4AF16C4FBF.e.15100","ELEMENT":"f.032590EE386F29951754CC6C5B23B0CB.d.E988B0D3FCA3B49A41CECC4AF16C4FBF.e.15100"}]}
COMMAND: GET /session/8690b08f518c8418ef29018541b658af/screenshot - {}
RESULT: {}
COMMAND: POST /session/8690b08f518c8418ef29018541b658af/execute/sync - {"script":"<script> [8489 bytes]","args":[{"element-6066-11e4-a52e-4f735466cecf":"f.032590EE386F29951754CC6C5B23B0CB.d.E988B0D3FCA3B49A41CECC4AF16C4FBF.e.15100","ELEMENT":"f.032590EE386F29951754CC6C5B23B0CB.d.E988B0D3FCA3B49A41CECC4AF16C4FBF.e.15100"}]}
RESULT: {"script":"<script> [8489 bytes]","args":[{"element-6066-11e4-a52e-4f735466cecf":"f.032590EE386F29951754CC6C5B23B0CB.d.E988B0D3FCA3B49A41CECC4AF16C4FBF.e.15100","ELEMENT":"f.032590EE386F29951754CC6C5B23B0CB.d.E988B0D3FCA3B49A41CECC4AF16C4FBF.e.15100"}]}
COMMAND: GET /session/8690b08f518c8418ef29018541b658af/screenshot - {}
RESULT: {}
COMMAND: POST /session/8690b08f518c8418ef29018541b658af/execute/sync - {"script":"<script> [8489 bytes]","args":[{"element-6066-11e4-a52e-4f735466cecf":"f.032590EE386F29951754CC6C5B23B0CB.d.E988B0D3FCA3B49A41CECC4AF16C4FBF.e.15100","ELEMENT":"f.032590EE386F29951754CC6C5B23B0CB.d.E988B0D3FCA3B49A41CECC4AF16C4FBF.e.15100"}]}
RESULT: {"script":"<script> [8489 bytes]","args":[{"element-6066-11e4-a52e-4f735466cecf":"f.032590EE386F29951754CC6C5B23B0CB.d.E988B0D3FCA3B49A41CECC4AF16C4FBF.e.15100","ELEMENT":"f.032590EE386F29951754CC6C5B23B0CB.d.E988B0D3FCA3B49A41CECC4AF16C4FBF.e.15100"}]}
COMMAND: GET /session/8690b08f518c8418ef29018541b658af/screenshot - {}
RESULT: {}
COMMAND: POST /session/8690b08f518c8418ef29018541b658af/execute/sync - {"script":"<script> [8489 bytes]","args":[{"element-6066-11e4-a52e-4f735466cecf":"f.032590EE386F29951754CC6C5B23B0CB.d.E988B0D3FCA3B49A41CECC4AF16C4FBF.e.15100","ELEMENT":"f.032590EE386F29951754CC6C5B23B0CB.d.E988B0D3FCA3B49A41CECC4AF16C4FBF.e.15100"}]}
RESULT: {"script":"<script> [8489 bytes]","args":[{"element-6066-11e4-a52e-4f735466cecf":"f.032590EE386F29951754CC6C5B23B0CB.d.E988B0D3FCA3B49A41CECC4AF16C4FBF.e.15100","ELEMENT":"f.032590EE386F29951754CC6C5B23B0CB.d.E988B0D3FCA3B49A41CECC4AF16C4FBF.e.15100"}]}
COMMAND: GET /session/8690b08f518c8418ef29018541b658af/screenshot - {}
RESULT: {}
COMMAND: POST /session/8690b08f518c8418ef29018541b658af/execute/sync - {"script":"<script> [8489 bytes]","args":[{"element-6066-11e4-a52e-4f735466cecf":"f.032590EE386F29951754CC6C5B23B0CB.d.E988B0D3FCA3B49A41CECC4AF16C4FBF.e.15100","ELEMENT":"f.032590EE386F29951754CC6C5B23B0CB.d.E988B0D3FCA3B49A41CECC4AF16C4FBF.e.15100"}]}
RESULT: {"script":"<script> [8489 bytes]","args":[{"element-6066-11e4-a52e-4f735466cecf":"f.032590EE386F29951754CC6C5B23B0CB.d.E988B0D3FCA3B49A41CECC4AF16C4FBF.e.15100","ELEMENT":"f.032590EE386F29951754CC6C5B23B0CB.d.E988B0D3FCA3B49A41CECC4AF16C4FBF.e.15100"}]}
COMMAND: GET /session/8690b08f518c8418ef29018541b658af/screenshot - {}
RESULT: {}
COMMAND: POST /session/8690b08f518c8418ef29018541b658af/execute/sync - {"script":"<script> [8489 bytes]","args":[{"element-6066-11e4-a52e-4f735466cecf":"f.032590EE386F29951754CC6C5B23B0CB.d.E988B0D3FCA3B49A41CECC4AF16C4FBF.e.15100","ELEMENT":"f.032590EE386F29951754CC6C5B23B0CB.d.E988B0D3FCA3B49A41CECC4AF16C4FBF.e.15100"}]}
RESULT: {"script":"<script> [8489 bytes]","args":[{"element-6066-11e4-a52e-4f735466cecf":"f.032590EE386F29951754CC6C5B23B0CB.d.E988B0D3FCA3B49A41CECC4AF16C4FBF.e.15100","ELEMENT":"f.032590EE386F29951754CC6C5B23B0CB.d.E988B0D3FCA3B49A41CECC4AF16C4FBF.e.15100"}]}
COMMAND: GET /session/8690b08f518c8418ef29018541b658af/screenshot - {}
RESULT: {}
COMMAND: POST /session/8690b08f518c8418ef29018541b658af/execute/sync - {"script":"<script> [8489 bytes]","args":[{"element-6066-11e4-a52e-4f735466cecf":"f.032590EE386F29951754CC6C5B23B0CB.d.E988B0D3FCA3B49A41CECC4AF16C4FBF.e.15100","ELEMENT":"f.032590EE386F29951754CC6C5B23B0CB.d.E988B0D3FCA3B49A41CECC4AF16C4FBF.e.15100"}]}
RESULT: {"script":"<script> [8489 bytes]","args":[{"element-6066-11e4-a52e-4f735466cecf":"f.032590EE386F29951754CC6C5B23B0CB.d.E988B0D3FCA3B49A41CECC4AF16C4FBF.e.15100","ELEMENT":"f.032590EE386F29951754CC6C5B23B0CB.d.E988B0D3FCA3B49A41CECC4AF16C4FBF.e.15100"}]}
COMMAND: GET /session/8690b08f518c8418ef29018541b658af/screenshot - {}
RESULT: {}
COMMAND: POST /session/8690b08f518c8418ef29018541b658af/execute/sync - {"script":"<script> [8489 bytes]","args":[{"element-6066-11e4-a52e-4f735466cecf":"f.032590EE386F29951754CC6C5B23B0CB.d.E988B0D3FCA3B49A41CECC4AF16C4FBF.e.15100","ELEMENT":"f.032590EE386F29951754CC6C5B23B0CB.d.E988B0D3FCA3B49A41CECC4AF16C4FBF.e.15100"}]}
RESULT: {"script":"<script> [8489 bytes]","args":[{"element-6066-11e4-a52e-4f735466cecf":"f.032590EE386F29951754CC6C5B23B0CB.d.E988B0D3FCA3B49A41CECC4AF16C4FBF.e.15100","ELEMENT":"f.032590EE386F29951754CC6C5B23B0CB.d.E988B0D3FCA3B49A41CECC4AF16C4FBF.e.15100"}]}
COMMAND: GET /session/8690b08f518c8418ef29018541b658af/screenshot - {}
RESULT: {}
COMMAND: POST /session/8690b08f518c8418ef29018541b658af/execute/sync - {"script":"<script> [8489 bytes]","args":[{"element-6066-11e4-a52e-4f735466cecf":"f.032590EE386F29951754CC6C5B23B0CB.d.E988B0D3FCA3B49A41CECC4AF16C4FBF.e.15100","ELEMENT":"f.032590EE386F29951754CC6C5B23B0CB.d.E988B0D3FCA3B49A41CECC4AF16C4FBF.e.15100"}]}
RESULT: {"script":"<script> [8489 bytes]","args":[{"element-6066-11e4-a52e-4f735466cecf":"f.032590EE386F29951754CC6C5B23B0CB.d.E988B0D3FCA3B49A41CECC4AF16C4FBF.e.15100","ELEMENT":"f.032590EE386F29951754CC6C5B23B0CB.d.E988B0D3FCA3B49A41CECC4AF16C4FBF.e.15100"}]}
COMMAND: GET /session/8690b08f518c8418ef29018541b658af/screenshot - {}
RESULT: {}
COMMAND: POST /session/8690b08f518c8418ef29018541b658af/execute/sync - {"script":"<script> [8489 bytes]","args":[{"element-6066-11e4-a52e-4f735466cecf":"f.032590EE386F29951754CC6C5B23B0CB.d.E988B0D3FCA3B49A41CECC4AF16C4FBF.e.15100","ELEMENT":"f.032590EE386F29951754CC6C5B23B0CB.d.E988B0D3FCA3B49A41CECC4AF16C4FBF.e.15100"}]}
RESULT: {"script":"<script> [8489 bytes]","args":[{"element-6066-11e4-a52e-4f735466cecf":"f.032590EE386F29951754CC6C5B23B0CB.d.E988B0D3FCA3B49A41CECC4AF16C4FBF.e.15100","ELEMENT":"f.032590EE386F29951754CC6C5B23B0CB.d.E988B0D3FCA3B49A41CECC4AF16C4FBF.e.15100"}]}
COMMAND: GET /session/8690b08f518c8418ef29018541b658af/screenshot - {}
RESULT: {}
COMMAND: POST /session/8690b08f518c8418ef29018541b658af/execute/sync - {"script":"<script> [8489 bytes]","args":[{"element-6066-11e4-a52e-4f735466cecf":"f.032590EE386F29951754CC6C5B23B0CB.d.E988B0D3FCA3B49A41CECC4AF16C4FBF.e.15100","ELEMENT":"f.032590EE386F29951754CC6C5B23B0CB.d.E988B0D3FCA3B49A41CECC4AF16C4FBF.e.15100"}]}
RESULT: {"script":"<script> [8489 bytes]","args":[{"element-6066-11e4-a52e-4f735466cecf":"f.032590EE386F29951754CC6C5B23B0CB.d.E988B0D3FCA3B49A41CECC4AF16C4FBF.e.15100","ELEMENT":"f.032590EE386F29951754CC6C5B23B0CB.d.E988B0D3FCA3B49A41CECC4AF16C4FBF.e.15100"}]}
COMMAND: GET /session/8690b08f518c8418ef29018541b658af/screenshot - {}
RESULT: {}
COMMAND: POST /session/8690b08f518c8418ef29018541b658af/execute/sync - {"script":"<script> [8489 bytes]","args":[{"element-6066-11e4-a52e-4f735466cecf":"f.032590EE386F29951754CC6C5B23B0CB.d.E988B0D3FCA3B49A41CECC4AF16C4FBF.e.15100","ELEMENT":"f.032590EE386F29951754CC6C5B23B0CB.d.E988B0D3FCA3B49A41CECC4AF16C4FBF.e.15100"}]}
RESULT: {"script":"<script> [8489 bytes]","args":[{"element-6066-11e4-a52e-4f735466cecf":"f.032590EE386F29951754CC6C5B23B0CB.d.E988B0D3FCA3B49A41CECC4AF16C4FBF.e.15100","ELEMENT":"f.032590EE386F29951754CC6C5B23B0CB.d.E988B0D3FCA3B49A41CECC4AF16C4FBF.e.15100"}]}
COMMAND: GET /session/8690b08f518c8418ef29018541b658af/screenshot - {}
RESULT: {}
COMMAND: POST /session/8690b08f518c8418ef29018541b658af/execute/sync - {"script":"<script> [8489 bytes]","args":[{"element-6066-11e4-a52e-4f735466cecf":"f.032590EE386F29951754CC6C5B23B0CB.d.E988B0D3FCA3B49A41CECC4AF16C4FBF.e.15100","ELEMENT":"f.032590EE386F29951754CC6C5B23B0CB.d.E988B0D3FCA3B49A41CECC4AF16C4FBF.e.15100"}]}
RESULT: {"script":"<script> [8489 bytes]","args":[{"element-6066-11e4-a52e-4f735466cecf":"f.032590EE386F29951754CC6C5B23B0CB.d.E988B0D3FCA3B49A41CECC4AF16C4FBF.e.15100","ELEMENT":"f.032590EE386F29951754CC6C5B23B0CB.d.E988B0D3FCA3B49A41CECC4AF16C4FBF.e.15100"}]}
COMMAND: GET /session/8690b08f518c8418ef29018541b658af/screenshot - {}
RESULT: {}
COMMAND: POST /session/8690b08f518c8418ef29018541b658af/execute/sync - {"script":"<script> [8489 bytes]","args":[{"element-6066-11e4-a52e-4f735466cecf":"f.032590EE386F29951754CC6C5B23B0CB.d.E988B0D3FCA3B49A41CECC4AF16C4FBF.e.15100","ELEMENT":"f.032590EE386F29951754CC6C5B23B0CB.d.E988B0D3FCA3B49A41CECC4AF16C4FBF.e.15100"}]}
RESULT: {"script":"<script> [8489 bytes]","args":[{"element-6066-11e4-a52e-4f735466cecf":"f.032590EE386F29951754CC6C5B23B0CB.d.E988B0D3FCA3B49A41CECC4AF16C4FBF.e.15100","ELEMENT":"f.032590EE386F29951754CC6C5B23B0CB.d.E988B0D3FCA3B49A41CECC4AF16C4FBF.e.15100"}]}
COMMAND: GET /session/8690b08f518c8418ef29018541b658af/screenshot - {}
RESULT: {}
COMMAND: POST /session/8690b08f518c8418ef29018541b658af/execute/sync - {"script":"<script> [8489 bytes]","args":[{"element-6066-11e4-a52e-4f735466cecf":"f.032590EE386F29951754CC6C5B23B0CB.d.E988B0D3FCA3B49A41CECC4AF16C4FBF.e.15100","ELEMENT":"f.032590EE386F29951754CC6C5B23B0CB.d.E988B0D3FCA3B49A41CECC4AF16C4FBF.e.15100"}]}
RESULT: {"script":"<script> [8489 bytes]","args":[{"element-6066-11e4-a52e-4f735466cecf":"f.032590EE386F29951754CC6C5B23B0CB.d.E988B0D3FCA3B49A41CECC4AF16C4FBF.e.15100","ELEMENT":"f.032590EE386F29951754CC6C5B23B0CB.d.E988B0D3FCA3B49A41CECC4AF16C4FBF.e.15100"}]}
COMMAND: GET /session/8690b08f518c8418ef29018541b658af/screenshot - {}
COMMAND: POST /session/8690b08f518c8418ef29018541b658af/execute/sync - {"script":"<script> [8489 bytes]","args":[{"element-6066-11e4-a52e-4f735466cecf":"f.032590EE386F29951754CC6C5B23B0CB.d.E988B0D3FCA3B49A41CECC4AF16C4FBF.e.15100","ELEMENT":"f.032590EE386F29951754CC6C5B23B0CB.d.E988B0D3FCA3B49A41CECC4AF16C4FBF.e.15100"}]}
RESULT: {}
RESULT: {"script":"<script> [8489 bytes]","args":[{"element-6066-11e4-a52e-4f735466cecf":"f.032590EE386F29951754CC6C5B23B0CB.d.E988B0D3FCA3B49A41CECC4AF16C4FBF.e.15100","ELEMENT":"f.032590EE386F29951754CC6C5B23B0CB.d.E988B0D3FCA3B49A41CECC4AF16C4FBF.e.15100"}]}
COMMAND: GET /session/8690b08f518c8418ef29018541b658af/screenshot - {}
RESULT: {}
COMMAND: POST /session/8690b08f518c8418ef29018541b658af/execute/sync - {"script":"<script> [8489 bytes]","args":[{"element-6066-11e4-a52e-4f735466cecf":"f.032590EE386F29951754CC6C5B23B0CB.d.E988B0D3FCA3B49A41CECC4AF16C4FBF.e.15100","ELEMENT":"f.032590EE386F29951754CC6C5B23B0CB.d.E988B0D3FCA3B49A41CECC4AF16C4FBF.e.15100"}]}
RESULT: {"script":"<script> [8489 bytes]","args":[{"element-6066-11e4-a52e-4f735466cecf":"f.032590EE386F29951754CC6C5B23B0CB.d.E988B0D3FCA3B49A41CECC4AF16C4FBF.e.15100","ELEMENT":"f.032590EE386F29951754CC6C5B23B0CB.d.E988B0D3FCA3B49A41CECC4AF16C4FBF.e.15100"}]}
COMMAND: GET /session/8690b08f518c8418ef29018541b658af/screenshot - {}
RESULT: {}
COMMAND: POST /session/8690b08f518c8418ef29018541b658af/execute/sync - {"script":"<script> [8489 bytes]","args":[{"element-6066-11e4-a52e-4f735466cecf":"f.032590EE386F29951754CC6C5B23B0CB.d.E988B0D3FCA3B49A41CECC4AF16C4FBF.e.15100","ELEMENT":"f.032590EE386F29951754CC6C5B23B0CB.d.E988B0D3FCA3B49A41CECC4AF16C4FBF.e.15100"}]}
RESULT: {"script":"<script> [8489 bytes]","args":[{"element-6066-11e4-a52e-4f735466cecf":"f.032590EE386F29951754CC6C5B23B0CB.d.E988B0D3FCA3B49A41CECC4AF16C4FBF.e.15100","ELEMENT":"f.032590EE386F29951754CC6C5B23B0CB.d.E988B0D3FCA3B49A41CECC4AF16C4FBF.e.15100"}]}
COMMAND: GET /session/8690b08f518c8418ef29018541b658af/screenshot - {}
RESULT: {}
COMMAND: POST /session/8690b08f518c8418ef29018541b658af/execute/sync - {"script":"<script> [8489 bytes]","args":[{"element-6066-11e4-a52e-4f735466cecf":"f.032590EE386F29951754CC6C5B23B0CB.d.E988B0D3FCA3B49A41CECC4AF16C4FBF.e.15100","ELEMENT":"f.032590EE386F29951754CC6C5B23B0CB.d.E988B0D3FCA3B49A41CECC4AF16C4FBF.e.15100"}]}
RESULT: {"script":"<script> [8489 bytes]","args":[{"element-6066-11e4-a52e-4f735466cecf":"f.032590EE386F29951754CC6C5B23B0CB.d.E988B0D3FCA3B49A41CECC4AF16C4FBF.e.15100","ELEMENT":"f.032590EE386F29951754CC6C5B23B0CB.d.E988B0D3FCA3B49A41CECC4AF16C4FBF.e.15100"}]}
COMMAND: GET /session/8690b08f518c8418ef29018541b658af/screenshot - {}
RESULT: {}
COMMAND: POST /session/8690b08f518c8418ef29018541b658af/execute/sync - {"script":"<script> [8489 bytes]","args":[{"element-6066-11e4-a52e-4f735466cecf":"f.032590EE386F29951754CC6C5B23B0CB.d.E988B0D3FCA3B49A41CECC4AF16C4FBF.e.15100","ELEMENT":"f.032590EE386F29951754CC6C5B23B0CB.d.E988B0D3FCA3B49A41CECC4AF16C4FBF.e.15100"}]}
RESULT: {"script":"<script> [8489 bytes]","args":[{"element-6066-11e4-a52e-4f735466cecf":"f.032590EE386F29951754CC6C5B23B0CB.d.E988B0D3FCA3B49A41CECC4AF16C4FBF.e.15100","ELEMENT":"f.032590EE386F29951754CC6C5B23B0CB.d.E988B0D3FCA3B49A41CECC4AF16C4FBF.e.15100"}]}
COMMAND: GET /session/8690b08f518c8418ef29018541b658af/screenshot - {}
RESULT: {}
COMMAND: POST /session/8690b08f518c8418ef29018541b658af/execute/sync - {"script":"<script> [8489 bytes]","args":[{"element-6066-11e4-a52e-4f735466cecf":"f.032590EE386F29951754CC6C5B23B0CB.d.E988B0D3FCA3B49A41CECC4AF16C4FBF.e.15100","ELEMENT":"f.032590EE386F29951754CC6C5B23B0CB.d.E988B0D3FCA3B49A41CECC4AF16C4FBF.e.15100"}]}
RESULT: {"script":"<script> [8489 bytes]","args":[{"element-6066-11e4-a52e-4f735466cecf":"f.032590EE386F29951754CC6C5B23B0CB.d.E988B0D3FCA3B49A41CECC4AF16C4FBF.e.15100","ELEMENT":"f.032590EE386F29951754CC6C5B23B0CB.d.E988B0D3FCA3B49A41CECC4AF16C4FBF.e.15100"}]}
COMMAND: GET /session/8690b08f518c8418ef29018541b658af/screenshot - {}
RESULT: {}
COMMAND: POST /session/8690b08f518c8418ef29018541b658af/execute/sync - {"script":"<script> [8489 bytes]","args":[{"element-6066-11e4-a52e-4f735466cecf":"f.032590EE386F29951754CC6C5B23B0CB.d.E988B0D3FCA3B49A41CECC4AF16C4FBF.e.15100","ELEMENT":"f.032590EE386F29951754CC6C5B23B0CB.d.E988B0D3FCA3B49A41CECC4AF16C4FBF.e.15100"}]}
RESULT: {"script":"<script> [8489 bytes]","args":[{"element-6066-11e4-a52e-4f735466cecf":"f.032590EE386F29951754CC6C5B23B0CB.d.E988B0D3FCA3B49A41CECC4AF16C4FBF.e.15100","ELEMENT":"f.032590EE386F29951754CC6C5B23B0CB.d.E988B0D3FCA3B49A41CECC4AF16C4FBF.e.15100"}]}
COMMAND: GET /session/8690b08f518c8418ef29018541b658af/screenshot - {}
RESULT: {}
COMMAND: POST /session/8690b08f518c8418ef29018541b658af/execute/sync - {"script":"<script> [8489 bytes]","args":[{"element-6066-11e4-a52e-4f735466cecf":"f.032590EE386F29951754CC6C5B23B0CB.d.E988B0D3FCA3B49A41CECC4AF16C4FBF.e.15100","ELEMENT":"f.032590EE386F29951754CC6C5B23B0CB.d.E988B0D3FCA3B49A41CECC4AF16C4FBF.e.15100"}]}
RESULT: {"script":"<script> [8489 bytes]","args":[{"element-6066-11e4-a52e-4f735466cecf":"f.032590EE386F29951754CC6C5B23B0CB.d.E988B0D3FCA3B49A41CECC4AF16C4FBF.e.15100","ELEMENT":"f.032590EE386F29951754CC6C5B23B0CB.d.E988B0D3FCA3B49A41CECC4AF16C4FBF.e.15100"}]}
COMMAND: GET /session/8690b08f518c8418ef29018541b658af/screenshot - {}
RESULT: {}
COMMAND: POST /session/8690b08f518c8418ef29018541b658af/execute/sync - {"script":"<script> [8489 bytes]","args":[{"element-6066-11e4-a52e-4f735466cecf":"f.032590EE386F29951754CC6C5B23B0CB.d.E988B0D3FCA3B49A41CECC4AF16C4FBF.e.15100","ELEMENT":"f.032590EE386F29951754CC6C5B23B0CB.d.E988B0D3FCA3B49A41CECC4AF16C4FBF.e.15100"}]}
RESULT: {"script":"<script> [8489 bytes]","args":[{"element-6066-11e4-a52e-4f735466cecf":"f.032590EE386F29951754CC6C5B23B0CB.d.E988B0D3FCA3B49A41CECC4AF16C4FBF.e.15100","ELEMENT":"f.032590EE386F29951754CC6C5B23B0CB.d.E988B0D3FCA3B49A41CECC4AF16C4FBF.e.15100"}]}
COMMAND: GET /session/8690b08f518c8418ef29018541b658af/screenshot - {}
RESULT: {}
COMMAND: POST /session/8690b08f518c8418ef29018541b658af/execute/sync - {"script":"<script> [8489 bytes]","args":[{"element-6066-11e4-a52e-4f735466cecf":"f.032590EE386F29951754CC6C5B23B0CB.d.E988B0D3FCA3B49A41CECC4AF16C4FBF.e.15100","ELEMENT":"f.032590EE386F29951754CC6C5B23B0CB.d.E988B0D3FCA3B49A41CECC4AF16C4FBF.e.15100"}]}
RESULT: {"script":"<script> [8489 bytes]","args":[{"element-6066-11e4-a52e-4f735466cecf":"f.032590EE386F29951754CC6C5B23B0CB.d.E988B0D3FCA3B49A41CECC4AF16C4FBF.e.15100","ELEMENT":"f.032590EE386F29951754CC6C5B23B0CB.d.E988B0D3FCA3B49A41CECC4AF16C4FBF.e.15100"}]}
COMMAND: GET /session/8690b08f518c8418ef29018541b658af/screenshot - {}
RESULT: {}
COMMAND: POST /session/8690b08f518c8418ef29018541b658af/execute/sync - {"script":"<script> [8489 bytes]","args":[{"element-6066-11e4-a52e-4f735466cecf":"f.032590EE386F29951754CC6C5B23B0CB.d.E988B0D3FCA3B49A41CECC4AF16C4FBF.e.15100","ELEMENT":"f.032590EE386F29951754CC6C5B23B0CB.d.E988B0D3FCA3B49A41CECC4AF16C4FBF.e.15100"}]}
RESULT: {"script":"<script> [8489 bytes]","args":[{"element-6066-11e4-a52e-4f735466cecf":"f.032590EE386F29951754CC6C5B23B0CB.d.E988B0D3FCA3B49A41CECC4AF16C4FBF.e.15100","ELEMENT":"f.032590EE386F29951754CC6C5B23B0CB.d.E988B0D3FCA3B49A41CECC4AF16C4FBF.e.15100"}]}
COMMAND: GET /session/8690b08f518c8418ef29018541b658af/screenshot - {}
RESULT: {}
COMMAND: POST /session/8690b08f518c8418ef29018541b658af/execute/sync - {"script":"<script> [8489 bytes]","args":[{"element-6066-11e4-a52e-4f735466cecf":"f.032590EE386F29951754CC6C5B23B0CB.d.E988B0D3FCA3B49A41CECC4AF16C4FBF.e.15100","ELEMENT":"f.032590EE386F29951754CC6C5B23B0CB.d.E988B0D3FCA3B49A41CECC4AF16C4FBF.e.15100"}]}
RESULT: {"script":"<script> [8489 bytes]","args":[{"element-6066-11e4-a52e-4f735466cecf":"f.032590EE386F29951754CC6C5B23B0CB.d.E988B0D3FCA3B49A41CECC4AF16C4FBF.e.15100","ELEMENT":"f.032590EE386F29951754CC6C5B23B0CB.d.E988B0D3FCA3B49A41CECC4AF16C4FBF.e.15100"}]}
COMMAND: GET /session/8690b08f518c8418ef29018541b658af/screenshot - {}
RESULT: {}
COMMAND: POST /session/8690b08f518c8418ef29018541b658af/execute/sync - {"script":"<script> [8489 bytes]","args":[{"element-6066-11e4-a52e-4f735466cecf":"f.032590EE386F29951754CC6C5B23B0CB.d.E988B0D3FCA3B49A41CECC4AF16C4FBF.e.15100","ELEMENT":"f.032590EE386F29951754CC6C5B23B0CB.d.E988B0D3FCA3B49A41CECC4AF16C4FBF.e.15100"}]}
RESULT: {"script":"<script> [8489 bytes]","args":[{"element-6066-11e4-a52e-4f735466cecf":"f.032590EE386F29951754CC6C5B23B0CB.d.E988B0D3FCA3B49A41CECC4AF16C4FBF.e.15100","ELEMENT":"f.032590EE386F29951754CC6C5B23B0CB.d.E988B0D3FCA3B49A41CECC4AF16C4FBF.e.15100"}]}
COMMAND: GET /session/8690b08f518c8418ef29018541b658af/screenshot - {}
RESULT: {}
COMMAND: POST /session/8690b08f518c8418ef29018541b658af/execute/sync - {"script":"<script> [8489 bytes]","args":[{"element-6066-11e4-a52e-4f735466cecf":"f.032590EE386F29951754CC6C5B23B0CB.d.E988B0D3FCA3B49A41CECC4AF16C4FBF.e.15100","ELEMENT":"f.032590EE386F29951754CC6C5B23B0CB.d.E988B0D3FCA3B49A41CECC4AF16C4FBF.e.15100"}]}
RESULT: {"script":"<script> [8489 bytes]","args":[{"element-6066-11e4-a52e-4f735466cecf":"f.032590EE386F29951754CC6C5B23B0CB.d.E988B0D3FCA3B49A41CECC4AF16C4FBF.e.15100","ELEMENT":"f.032590EE386F29951754CC6C5B23B0CB.d.E988B0D3FCA3B49A41CECC4AF16C4FBF.e.15100"}]}
COMMAND: GET /session/8690b08f518c8418ef29018541b658af/screenshot - {}
RESULT: {}
COMMAND: POST /session/8690b08f518c8418ef29018541b658af/execute/sync - {"script":"<script> [8489 bytes]","args":[{"element-6066-11e4-a52e-4f735466cecf":"f.032590EE386F29951754CC6C5B23B0CB.d.E988B0D3FCA3B49A41CECC4AF16C4FBF.e.15100","ELEMENT":"f.032590EE386F29951754CC6C5B23B0CB.d.E988B0D3FCA3B49A41CECC4AF16C4FBF.e.15100"}]}
RESULT: {"script":"<script> [8489 bytes]","args":[{"element-6066-11e4-a52e-4f735466cecf":"f.032590EE386F29951754CC6C5B23B0CB.d.E988B0D3FCA3B49A41CECC4AF16C4FBF.e.15100","ELEMENT":"f.032590EE386F29951754CC6C5B23B0CB.d.E988B0D3FCA3B49A41CECC4AF16C4FBF.e.15100"}]}
COMMAND: GET /session/8690b08f518c8418ef29018541b658af/screenshot - {}
RESULT: {}
COMMAND: POST /session/8690b08f518c8418ef29018541b658af/execute/sync - {"script":"<script> [8489 bytes]","args":[{"element-6066-11e4-a52e-4f735466cecf":"f.032590EE386F29951754CC6C5B23B0CB.d.E988B0D3FCA3B49A41CECC4AF16C4FBF.e.15100","ELEMENT":"f.032590EE386F29951754CC6C5B23B0CB.d.E988B0D3FCA3B49A41CECC4AF16C4FBF.e.15100"}]}
RESULT: {"script":"<script> [8489 bytes]","args":[{"element-6066-11e4-a52e-4f735466cecf":"f.032590EE386F29951754CC6C5B23B0CB.d.E988B0D3FCA3B49A41CECC4AF16C4FBF.e.15100","ELEMENT":"f.032590EE386F29951754CC6C5B23B0CB.d.E988B0D3FCA3B49A41CECC4AF16C4FBF.e.15100"}]}
COMMAND: GET /session/8690b08f518c8418ef29018541b658af/screenshot - {}
RESULT: {}
COMMAND: POST /session/8690b08f518c8418ef29018541b658af/execute/sync - {"script":"<script> [8489 bytes]","args":[{"element-6066-11e4-a52e-4f735466cecf":"f.032590EE386F29951754CC6C5B23B0CB.d.E988B0D3FCA3B49A41CECC4AF16C4FBF.e.15100","ELEMENT":"f.032590EE386F29951754CC6C5B23B0CB.d.E988B0D3FCA3B49A41CECC4AF16C4FBF.e.15100"}]}
RESULT: {"script":"<script> [8489 bytes]","args":[{"element-6066-11e4-a52e-4f735466cecf":"f.032590EE386F29951754CC6C5B23B0CB.d.E988B0D3FCA3B49A41CECC4AF16C4FBF.e.15100","ELEMENT":"f.032590EE386F29951754CC6C5B23B0CB.d.E988B0D3FCA3B49A41CECC4AF16C4FBF.e.15100"}]}
COMMAND: GET /session/8690b08f518c8418ef29018541b658af/screenshot - {}
RESULT: {}
COMMAND: POST /session/8690b08f518c8418ef29018541b658af/execute/sync - {"script":"<script> [8489 bytes]","args":[{"element-6066-11e4-a52e-4f735466cecf":"f.032590EE386F29951754CC6C5B23B0CB.d.E988B0D3FCA3B49A41CECC4AF16C4FBF.e.15100","ELEMENT":"f.032590EE386F29951754CC6C5B23B0CB.d.E988B0D3FCA3B49A41CECC4AF16C4FBF.e.15100"}]}
RESULT: {"script":"<script> [8489 bytes]","args":[{"element-6066-11e4-a52e-4f735466cecf":"f.032590EE386F29951754CC6C5B23B0CB.d.E988B0D3FCA3B49A41CECC4AF16C4FBF.e.15100","ELEMENT":"f.032590EE386F29951754CC6C5B23B0CB.d.E988B0D3FCA3B49A41CECC4AF16C4FBF.e.15100"}]}
COMMAND: GET /session/8690b08f518c8418ef29018541b658af/screenshot - {}
RESULT: {}
COMMAND: POST /session/8690b08f518c8418ef29018541b658af/execute/sync - {"script":"<script> [8489 bytes]","args":[{"element-6066-11e4-a52e-4f735466cecf":"f.032590EE386F29951754CC6C5B23B0CB.d.E988B0D3FCA3B49A41CECC4AF16C4FBF.e.15100","ELEMENT":"f.032590EE386F29951754CC6C5B23B0CB.d.E988B0D3FCA3B49A41CECC4AF16C4FBF.e.15100"}]}
RESULT: {"script":"<script> [8489 bytes]","args":[{"element-6066-11e4-a52e-4f735466cecf":"f.032590EE386F29951754CC6C5B23B0CB.d.E988B0D3FCA3B49A41CECC4AF16C4FBF.e.15100","ELEMENT":"f.032590EE386F29951754CC6C5B23B0CB.d.E988B0D3FCA3B49A41CECC4AF16C4FBF.e.15100"}]}
COMMAND: GET /session/8690b08f518c8418ef29018541b658af/screenshot - {}
RESULT: {}
COMMAND: POST /session/8690b08f518c8418ef29018541b658af/execute/sync - {"script":"<script> [8489 bytes]","args":[{"element-6066-11e4-a52e-4f735466cecf":"f.032590EE386F29951754CC6C5B23B0CB.d.E988B0D3FCA3B49A41CECC4AF16C4FBF.e.15100","ELEMENT":"f.032590EE386F29951754CC6C5B23B0CB.d.E988B0D3FCA3B49A41CECC4AF16C4FBF.e.15100"}]}
RESULT: {"script":"<script> [8489 bytes]","args":[{"element-6066-11e4-a52e-4f735466cecf":"f.032590EE386F29951754CC6C5B23B0CB.d.E988B0D3FCA3B49A41CECC4AF16C4FBF.e.15100","ELEMENT":"f.032590EE386F29951754CC6C5B23B0CB.d.E988B0D3FCA3B49A41CECC4AF16C4FBF.e.15100"}]}
COMMAND: GET /session/8690b08f518c8418ef29018541b658af/screenshot - {}
RESULT: {}
COMMAND: POST /session/8690b08f518c8418ef29018541b658af/execute/sync - {"script":"<script> [8489 bytes]","args":[{"element-6066-11e4-a52e-4f735466cecf":"f.032590EE386F29951754CC6C5B23B0CB.d.E988B0D3FCA3B49A41CECC4AF16C4FBF.e.15100","ELEMENT":"f.032590EE386F29951754CC6C5B23B0CB.d.E988B0D3FCA3B49A41CECC4AF16C4FBF.e.15100"}]}
RESULT: {"script":"<script> [8489 bytes]","args":[{"element-6066-11e4-a52e-4f735466cecf":"f.032590EE386F29951754CC6C5B23B0CB.d.E988B0D3FCA3B49A41CECC4AF16C4FBF.e.15100","ELEMENT":"f.032590EE386F29951754CC6C5B23B0CB.d.E988B0D3FCA3B49A41CECC4AF16C4FBF.e.15100"}]}
COMMAND: GET /session/8690b08f518c8418ef29018541b658af/screenshot - {}
RESULT: {}
COMMAND: POST /session/8690b08f518c8418ef29018541b658af/execute/sync - {"script":"<script> [8489 bytes]","args":[{"element-6066-11e4-a52e-4f735466cecf":"f.032590EE386F29951754CC6C5B23B0CB.d.E988B0D3FCA3B49A41CECC4AF16C4FBF.e.15100","ELEMENT":"f.032590EE386F29951754CC6C5B23B0CB.d.E988B0D3FCA3B49A41CECC4AF16C4FBF.e.15100"}]}
RESULT: {"script":"<script> [8489 bytes]","args":[{"element-6066-11e4-a52e-4f735466cecf":"f.032590EE386F29951754CC6C5B23B0CB.d.E988B0D3FCA3B49A41CECC4AF16C4FBF.e.15100","ELEMENT":"f.032590EE386F29951754CC6C5B23B0CB.d.E988B0D3FCA3B49A41CECC4AF16C4FBF.e.15100"}]}
COMMAND: GET /session/8690b08f518c8418ef29018541b658af/screenshot - {}
RESULT: {}
COMMAND: POST /session/8690b08f518c8418ef29018541b658af/execute/sync - {"script":"<script> [8489 bytes]","args":[{"element-6066-11e4-a52e-4f735466cecf":"f.032590EE386F29951754CC6C5B23B0CB.d.E988B0D3FCA3B49A41CECC4AF16C4FBF.e.15100","ELEMENT":"f.032590EE386F29951754CC6C5B23B0CB.d.E988B0D3FCA3B49A41CECC4AF16C4FBF.e.15100"}]}
RESULT: {"script":"<script> [8489 bytes]","args":[{"element-6066-11e4-a52e-4f735466cecf":"f.032590EE386F29951754CC6C5B23B0CB.d.E988B0D3FCA3B49A41CECC4AF16C4FBF.e.15100","ELEMENT":"f.032590EE386F29951754CC6C5B23B0CB.d.E988B0D3FCA3B49A41CECC4AF16C4FBF.e.15100"}]}
COMMAND: GET /session/8690b08f518c8418ef29018541b658af/screenshot - {}
RESULT: {}
COMMAND: POST /session/8690b08f518c8418ef29018541b658af/execute/sync - {"script":"<script> [8489 bytes]","args":[{"element-6066-11e4-a52e-4f735466cecf":"f.032590EE386F29951754CC6C5B23B0CB.d.E988B0D3FCA3B49A41CECC4AF16C4FBF.e.15100","ELEMENT":"f.032590EE386F29951754CC6C5B23B0CB.d.E988B0D3FCA3B49A41CECC4AF16C4FBF.e.15100"}]}
RESULT: {"script":"<script> [8489 bytes]","args":[{"element-6066-11e4-a52e-4f735466cecf":"f.032590EE386F29951754CC6C5B23B0CB.d.E988B0D3FCA3B49A41CECC4AF16C4FBF.e.15100","ELEMENT":"f.032590EE386F29951754CC6C5B23B0CB.d.E988B0D3FCA3B49A41CECC4AF16C4FBF.e.15100"}]}
COMMAND: GET /session/8690b08f518c8418ef29018541b658af/screenshot - {}
RESULT: {}
COMMAND: POST /session/8690b08f518c8418ef29018541b658af/execute/sync - {"script":"<script> [8489 bytes]","args":[{"element-6066-11e4-a52e-4f735466cecf":"f.032590EE386F29951754CC6C5B23B0CB.d.E988B0D3FCA3B49A41CECC4AF16C4FBF.e.15100","ELEMENT":"f.032590EE386F29951754CC6C5B23B0CB.d.E988B0D3FCA3B49A41CECC4AF16C4FBF.e.15100"}]}
RESULT: {"script":"<script> [8489 bytes]","args":[{"element-6066-11e4-a52e-4f735466cecf":"f.032590EE386F29951754CC6C5B23B0CB.d.E988B0D3FCA3B49A41CECC4AF16C4FBF.e.15100","ELEMENT":"f.032590EE386F29951754CC6C5B23B0CB.d.E988B0D3FCA3B49A41CECC4AF16C4FBF.e.15100"}]}
COMMAND: GET /session/8690b08f518c8418ef29018541b658af/screenshot - {}
RESULT: {}
COMMAND: POST /session/8690b08f518c8418ef29018541b658af/execute/sync - {"script":"<script> [8489 bytes]","args":[{"element-6066-11e4-a52e-4f735466cecf":"f.032590EE386F29951754CC6C5B23B0CB.d.E988B0D3FCA3B49A41CECC4AF16C4FBF.e.15100","ELEMENT":"f.032590EE386F29951754CC6C5B23B0CB.d.E988B0D3FCA3B49A41CECC4AF16C4FBF.e.15100"}]}
RESULT: {"script":"<script> [8489 bytes]","args":[{"element-6066-11e4-a52e-4f735466cecf":"f.032590EE386F29951754CC6C5B23B0CB.d.E988B0D3FCA3B49A41CECC4AF16C4FBF.e.15100","ELEMENT":"f.032590EE386F29951754CC6C5B23B0CB.d.E988B0D3FCA3B49A41CECC4AF16C4FBF.e.15100"}]}
COMMAND: GET /session/8690b08f518c8418ef29018541b658af/screenshot - {}
RESULT: {}
COMMAND: POST /session/8690b08f518c8418ef29018541b658af/execute/sync - {"script":"<script> [8489 bytes]","args":[{"element-6066-11e4-a52e-4f735466cecf":"f.032590EE386F29951754CC6C5B23B0CB.d.E988B0D3FCA3B49A41CECC4AF16C4FBF.e.15100","ELEMENT":"f.032590EE386F29951754CC6C5B23B0CB.d.E988B0D3FCA3B49A41CECC4AF16C4FBF.e.15100"}]}
RESULT: {"script":"<script> [8489 bytes]","args":[{"element-6066-11e4-a52e-4f735466cecf":"f.032590EE386F29951754CC6C5B23B0CB.d.E988B0D3FCA3B49A41CECC4AF16C4FBF.e.15100","ELEMENT":"f.032590EE386F29951754CC6C5B23B0CB.d.E988B0D3FCA3B49A41CECC4AF16C4FBF.e.15100"}]}
COMMAND: GET /session/8690b08f518c8418ef29018541b658af/screenshot - {}
RESULT: {}
COMMAND: POST /session/8690b08f518c8418ef29018541b658af/execute/sync - {"script":"<script> [8489 bytes]","args":[{"element-6066-11e4-a52e-4f735466cecf":"f.032590EE386F29951754CC6C5B23B0CB.d.E988B0D3FCA3B49A41CECC4AF16C4FBF.e.15100","ELEMENT":"f.032590EE386F29951754CC6C5B23B0CB.d.E988B0D3FCA3B49A41CECC4AF16C4FBF.e.15100"}]}
RESULT: {"script":"<script> [8489 bytes]","args":[{"element-6066-11e4-a52e-4f735466cecf":"f.032590EE386F29951754CC6C5B23B0CB.d.E988B0D3FCA3B49A41CECC4AF16C4FBF.e.15100","ELEMENT":"f.032590EE386F29951754CC6C5B23B0CB.d.E988B0D3FCA3B49A41CECC4AF16C4FBF.e.15100"}]}
COMMAND: GET /session/8690b08f518c8418ef29018541b658af/screenshot - {}
RESULT: {}
COMMAND: POST /session/8690b08f518c8418ef29018541b658af/execute/sync - {"script":"<script> [8489 bytes]","args":[{"element-6066-11e4-a52e-4f735466cecf":"f.032590EE386F29951754CC6C5B23B0CB.d.E988B0D3FCA3B49A41CECC4AF16C4FBF.e.15100","ELEMENT":"f.032590EE386F29951754CC6C5B23B0CB.d.E988B0D3FCA3B49A41CECC4AF16C4FBF.e.15100"}]}
RESULT: {"script":"<script> [8489 bytes]","args":[{"element-6066-11e4-a52e-4f735466cecf":"f.032590EE386F29951754CC6C5B23B0CB.d.E988B0D3FCA3B49A41CECC4AF16C4FBF.e.15100","ELEMENT":"f.032590EE386F29951754CC6C5B23B0CB.d.E988B0D3FCA3B49A41CECC4AF16C4FBF.e.15100"}]}
COMMAND: GET /session/8690b08f518c8418ef29018541b658af/screenshot - {}
RESULT: {}
COMMAND: POST /session/8690b08f518c8418ef29018541b658af/execute/sync - {"script":"<script> [8489 bytes]","args":[{"element-6066-11e4-a52e-4f735466cecf":"f.032590EE386F29951754CC6C5B23B0CB.d.E988B0D3FCA3B49A41CECC4AF16C4FBF.e.15100","ELEMENT":"f.032590EE386F29951754CC6C5B23B0CB.d.E988B0D3FCA3B49A41CECC4AF16C4FBF.e.15100"}]}
RESULT: {"script":"<script> [8489 bytes]","args":[{"element-6066-11e4-a52e-4f735466cecf":"f.032590EE386F29951754CC6C5B23B0CB.d.E988B0D3FCA3B49A41CECC4AF16C4FBF.e.15100","ELEMENT":"f.032590EE386F29951754CC6C5B23B0CB.d.E988B0D3FCA3B49A41CECC4AF16C4FBF.e.15100"}]}
COMMAND: GET /session/8690b08f518c8418ef29018541b658af/screenshot - {}
RESULT: {}
COMMAND: POST /session/8690b08f518c8418ef29018541b658af/execute/sync - {"script":"<script> [8489 bytes]","args":[{"element-6066-11e4-a52e-4f735466cecf":"f.032590EE386F29951754CC6C5B23B0CB.d.E988B0D3FCA3B49A41CECC4AF16C4FBF.e.15100","ELEMENT":"f.032590EE386F29951754CC6C5B23B0CB.d.E988B0D3FCA3B49A41CECC4AF16C4FBF.e.15100"}]}
RESULT: {"script":"<script> [8489 bytes]","args":[{"element-6066-11e4-a52e-4f735466cecf":"f.032590EE386F29951754CC6C5B23B0CB.d.E988B0D3FCA3B49A41CECC4AF16C4FBF.e.15100","ELEMENT":"f.032590EE386F29951754CC6C5B23B0CB.d.E988B0D3FCA3B49A41CECC4AF16C4FBF.e.15100"}]}
COMMAND: GET /session/8690b08f518c8418ef29018541b658af/screenshot - {}
RESULT: {}
COMMAND: POST /session/8690b08f518c8418ef29018541b658af/execute/sync - {"script":"<script> [8489 bytes]","args":[{"element-6066-11e4-a52e-4f735466cecf":"f.032590EE386F29951754CC6C5B23B0CB.d.E988B0D3FCA3B49A41CECC4AF16C4FBF.e.15100","ELEMENT":"f.032590EE386F29951754CC6C5B23B0CB.d.E988B0D3FCA3B49A41CECC4AF16C4FBF.e.15100"}]}
RESULT: {"script":"<script> [8489 bytes]","args":[{"element-6066-11e4-a52e-4f735466cecf":"f.032590EE386F29951754CC6C5B23B0CB.d.E988B0D3FCA3B49A41CECC4AF16C4FBF.e.15100","ELEMENT":"f.032590EE386F29951754CC6C5B23B0CB.d.E988B0D3FCA3B49A41CECC4AF16C4FBF.e.15100"}]}
COMMAND: GET /session/8690b08f518c8418ef29018541b658af/screenshot - {}
RESULT: {}
COMMAND: POST /session/8690b08f518c8418ef29018541b658af/execute/sync - {"script":"<script> [8489 bytes]","args":[{"element-6066-11e4-a52e-4f735466cecf":"f.032590EE386F29951754CC6C5B23B0CB.d.E988B0D3FCA3B49A41CECC4AF16C4FBF.e.15100","ELEMENT":"f.032590EE386F29951754CC6C5B23B0CB.d.E988B0D3FCA3B49A41CECC4AF16C4FBF.e.15100"}]}
RESULT: {"script":"<script> [8489 bytes]","args":[{"element-6066-11e4-a52e-4f735466cecf":"f.032590EE386F29951754CC6C5B23B0CB.d.E988B0D3FCA3B49A41CECC4AF16C4FBF.e.15100","ELEMENT":"f.032590EE386F29951754CC6C5B23B0CB.d.E988B0D3FCA3B49A41CECC4AF16C4FBF.e.15100"}]}
COMMAND: GET /session/8690b08f518c8418ef29018541b658af/screenshot - {}
RESULT: {}
COMMAND: POST /session/8690b08f518c8418ef29018541b658af/execute/sync - {"script":"<script> [8489 bytes]","args":[{"element-6066-11e4-a52e-4f735466cecf":"f.032590EE386F29951754CC6C5B23B0CB.d.E988B0D3FCA3B49A41CECC4AF16C4FBF.e.15100","ELEMENT":"f.032590EE386F29951754CC6C5B23B0CB.d.E988B0D3FCA3B49A41CECC4AF16C4FBF.e.15100"}]}
RESULT: {"script":"<script> [8489 bytes]","args":[{"element-6066-11e4-a52e-4f735466cecf":"f.032590EE386F29951754CC6C5B23B0CB.d.E988B0D3FCA3B49A41CECC4AF16C4FBF.e.15100","ELEMENT":"f.032590EE386F29951754CC6C5B23B0CB.d.E988B0D3FCA3B49A41CECC4AF16C4FBF.e.15100"}]}
COMMAND: GET /session/8690b08f518c8418ef29018541b658af/screenshot - {}
RESULT: {}
COMMAND: POST /session/8690b08f518c8418ef29018541b658af/execute/sync - {"script":"<script> [8489 bytes]","args":[{"element-6066-11e4-a52e-4f735466cecf":"f.032590EE386F29951754CC6C5B23B0CB.d.E988B0D3FCA3B49A41CECC4AF16C4FBF.e.15100","ELEMENT":"f.032590EE386F29951754CC6C5B23B0CB.d.E988B0D3FCA3B49A41CECC4AF16C4FBF.e.15100"}]}
RESULT: {"script":"<script> [8489 bytes]","args":[{"element-6066-11e4-a52e-4f735466cecf":"f.032590EE386F29951754CC6C5B23B0CB.d.E988B0D3FCA3B49A41CECC4AF16C4FBF.e.15100","ELEMENT":"f.032590EE386F29951754CC6C5B23B0CB.d.E988B0D3FCA3B49A41CECC4AF16C4FBF.e.15100"}]}
COMMAND: GET /session/8690b08f518c8418ef29018541b658af/screenshot - {}
RESULT: {}
COMMAND: POST /session/8690b08f518c8418ef29018541b658af/execute/sync - {"script":"<script> [8489 bytes]","args":[{"element-6066-11e4-a52e-4f735466cecf":"f.032590EE386F29951754CC6C5B23B0CB.d.E988B0D3FCA3B49A41CECC4AF16C4FBF.e.15100","ELEMENT":"f.032590EE386F29951754CC6C5B23B0CB.d.E988B0D3FCA3B49A41CECC4AF16C4FBF.e.15100"}]}
RESULT: {"script":"<script> [8489 bytes]","args":[{"element-6066-11e4-a52e-4f735466cecf":"f.032590EE386F29951754CC6C5B23B0CB.d.E988B0D3FCA3B49A41CECC4AF16C4FBF.e.15100","ELEMENT":"f.032590EE386F29951754CC6C5B23B0CB.d.E988B0D3FCA3B49A41CECC4AF16C4FBF.e.15100"}]}
COMMAND: GET /session/8690b08f518c8418ef29018541b658af/screenshot - {}
RESULT: {}
COMMAND: POST /session/8690b08f518c8418ef29018541b658af/execute/sync - {"script":"<script> [8489 bytes]","args":[{"element-6066-11e4-a52e-4f735466cecf":"f.032590EE386F29951754CC6C5B23B0CB.d.E988B0D3FCA3B49A41CECC4AF16C4FBF.e.15100","ELEMENT":"f.032590EE386F29951754CC6C5B23B0CB.d.E988B0D3FCA3B49A41CECC4AF16C4FBF.e.15100"}]}
RESULT: {"script":"<script> [8489 bytes]","args":[{"element-6066-11e4-a52e-4f735466cecf":"f.032590EE386F29951754CC6C5B23B0CB.d.E988B0D3FCA3B49A41CECC4AF16C4FBF.e.15100","ELEMENT":"f.032590EE386F29951754CC6C5B23B0CB.d.E988B0D3FCA3B49A41CECC4AF16C4FBF.e.15100"}]}
COMMAND: GET /session/8690b08f518c8418ef29018541b658af/screenshot - {}
RESULT: {}
COMMAND: POST /session/8690b08f518c8418ef29018541b658af/execute/sync - {"script":"<script> [8489 bytes]","args":[{"element-6066-11e4-a52e-4f735466cecf":"f.032590EE386F29951754CC6C5B23B0CB.d.E988B0D3FCA3B49A41CECC4AF16C4FBF.e.15100","ELEMENT":"f.032590EE386F29951754CC6C5B23B0CB.d.E988B0D3FCA3B49A41CECC4AF16C4FBF.e.15100"}]}
RESULT: {"script":"<script> [8489 bytes]","args":[{"element-6066-11e4-a52e-4f735466cecf":"f.032590EE386F29951754CC6C5B23B0CB.d.E988B0D3FCA3B49A41CECC4AF16C4FBF.e.15100","ELEMENT":"f.032590EE386F29951754CC6C5B23B0CB.d.E988B0D3FCA3B49A41CECC4AF16C4FBF.e.15100"}]}
COMMAND: GET /session/8690b08f518c8418ef29018541b658af/screenshot - {}
RESULT: {}
COMMAND: POST /session/8690b08f518c8418ef29018541b658af/execute/sync - {"script":"<script> [8489 bytes]","args":[{"element-6066-11e4-a52e-4f735466cecf":"f.032590EE386F29951754CC6C5B23B0CB.d.E988B0D3FCA3B49A41CECC4AF16C4FBF.e.15100","ELEMENT":"f.032590EE386F29951754CC6C5B23B0CB.d.E988B0D3FCA3B49A41CECC4AF16C4FBF.e.15100"}]}
RESULT: {"script":"<script> [8489 bytes]","args":[{"element-6066-11e4-a52e-4f735466cecf":"f.032590EE386F29951754CC6C5B23B0CB.d.E988B0D3FCA3B49A41CECC4AF16C4FBF.e.15100","ELEMENT":"f.032590EE386F29951754CC6C5B23B0CB.d.E988B0D3FCA3B49A41CECC4AF16C4FBF.e.15100"}]}
COMMAND: GET /session/8690b08f518c8418ef29018541b658af/screenshot - {}
RESULT: {}
COMMAND: POST /session/8690b08f518c8418ef29018541b658af/execute/sync - {"script":"<script> [8489 bytes]","args":[{"element-6066-11e4-a52e-4f735466cecf":"f.032590EE386F29951754CC6C5B23B0CB.d.E988B0D3FCA3B49A41CECC4AF16C4FBF.e.15100","ELEMENT":"f.032590EE386F29951754CC6C5B23B0CB.d.E988B0D3FCA3B49A41CECC4AF16C4FBF.e.15100"}]}
RESULT: {"script":"<script> [8489 bytes]","args":[{"element-6066-11e4-a52e-4f735466cecf":"f.032590EE386F29951754CC6C5B23B0CB.d.E988B0D3FCA3B49A41CECC4AF16C4FBF.e.15100","ELEMENT":"f.032590EE386F29951754CC6C5B23B0CB.d.E988B0D3FCA3B49A41CECC4AF16C4FBF.e.15100"}]}
COMMAND: GET /session/8690b08f518c8418ef29018541b658af/screenshot - {}
RESULT: {}
COMMAND: POST /session/8690b08f518c8418ef29018541b658af/execute/sync - {"script":"<script> [8489 bytes]","args":[{"element-6066-11e4-a52e-4f735466cecf":"f.032590EE386F29951754CC6C5B23B0CB.d.E988B0D3FCA3B49A41CECC4AF16C4FBF.e.15100","ELEMENT":"f.032590EE386F29951754CC6C5B23B0CB.d.E988B0D3FCA3B49A41CECC4AF16C4FBF.e.15100"}]}
RESULT: {"script":"<script> [8489 bytes]","args":[{"element-6066-11e4-a52e-4f735466cecf":"f.032590EE386F29951754CC6C5B23B0CB.d.E988B0D3FCA3B49A41CECC4AF16C4FBF.e.15100","ELEMENT":"f.032590EE386F29951754CC6C5B23B0CB.d.E988B0D3FCA3B49A41CECC4AF16C4FBF.e.15100"}]}
COMMAND: GET /session/8690b08f518c8418ef29018541b658af/screenshot - {}
RESULT: {}
COMMAND: POST /session/8690b08f518c8418ef29018541b658af/execute/sync - {"script":"<script> [8489 bytes]","args":[{"element-6066-11e4-a52e-4f735466cecf":"f.032590EE386F29951754CC6C5B23B0CB.d.E988B0D3FCA3B49A41CECC4AF16C4FBF.e.15100","ELEMENT":"f.032590EE386F29951754CC6C5B23B0CB.d.E988B0D3FCA3B49A41CECC4AF16C4FBF.e.15100"}]}
RESULT: {"script":"<script> [8489 bytes]","args":[{"element-6066-11e4-a52e-4f735466cecf":"f.032590EE386F29951754CC6C5B23B0CB.d.E988B0D3FCA3B49A41CECC4AF16C4FBF.e.15100","ELEMENT":"f.032590EE386F29951754CC6C5B23B0CB.d.E988B0D3FCA3B49A41CECC4AF16C4FBF.e.15100"}]}
COMMAND: GET /session/8690b08f518c8418ef29018541b658af/screenshot - {}
RESULT: {}
COMMAND: POST /session/8690b08f518c8418ef29018541b658af/execute/sync - {"script":"<script> [8489 bytes]","args":[{"element-6066-11e4-a52e-4f735466cecf":"f.032590EE386F29951754CC6C5B23B0CB.d.E988B0D3FCA3B49A41CECC4AF16C4FBF.e.15100","ELEMENT":"f.032590EE386F29951754CC6C5B23B0CB.d.E988B0D3FCA3B49A41CECC4AF16C4FBF.e.15100"}]}
RESULT: {"script":"<script> [8489 bytes]","args":[{"element-6066-11e4-a52e-4f735466cecf":"f.032590EE386F29951754CC6C5B23B0CB.d.E988B0D3FCA3B49A41CECC4AF16C4FBF.e.15100","ELEMENT":"f.032590EE386F29951754CC6C5B23B0CB.d.E988B0D3FCA3B49A41CECC4AF16C4FBF.e.15100"}]}
COMMAND: GET /session/8690b08f518c8418ef29018541b658af/screenshot - {}
RESULT: {}
COMMAND: POST /session/8690b08f518c8418ef29018541b658af/execute/sync - {"script":"<script> [8489 bytes]","args":[{"element-6066-11e4-a52e-4f735466cecf":"f.032590EE386F29951754CC6C5B23B0CB.d.E988B0D3FCA3B49A41CECC4AF16C4FBF.e.15100","ELEMENT":"f.032590EE386F29951754CC6C5B23B0CB.d.E988B0D3FCA3B49A41CECC4AF16C4FBF.e.15100"}]}
RESULT: {"script":"<script> [8489 bytes]","args":[{"element-6066-11e4-a52e-4f735466cecf":"f.032590EE386F29951754CC6C5B23B0CB.d.E988B0D3FCA3B49A41CECC4AF16C4FBF.e.15100","ELEMENT":"f.032590EE386F29951754CC6C5B23B0CB.d.E988B0D3FCA3B49A41CECC4AF16C4FBF.e.15100"}]}
COMMAND: GET /session/8690b08f518c8418ef29018541b658af/screenshot - {}
RESULT: {}
COMMAND: POST /session/8690b08f518c8418ef29018541b658af/execute/sync - {"script":"<script> [8489 bytes]","args":[{"element-6066-11e4-a52e-4f735466cecf":"f.032590EE386F29951754CC6C5B23B0CB.d.E988B0D3FCA3B49A41CECC4AF16C4FBF.e.15100","ELEMENT":"f.032590EE386F29951754CC6C5B23B0CB.d.E988B0D3FCA3B49A41CECC4AF16C4FBF.e.15100"}]}
RESULT: {"script":"<script> [8489 bytes]","args":[{"element-6066-11e4-a52e-4f735466cecf":"f.032590EE386F29951754CC6C5B23B0CB.d.E988B0D3FCA3B49A41CECC4AF16C4FBF.e.15100","ELEMENT":"f.032590EE386F29951754CC6C5B23B0CB.d.E988B0D3FCA3B49A41CECC4AF16C4FBF.e.15100"}]}
COMMAND: GET /session/8690b08f518c8418ef29018541b658af/screenshot - {}
RESULT: {}
COMMAND: POST /session/8690b08f518c8418ef29018541b658af/execute/sync - {"script":"<script> [8489 bytes]","args":[{"element-6066-11e4-a52e-4f735466cecf":"f.032590EE386F29951754CC6C5B23B0CB.d.E988B0D3FCA3B49A41CECC4AF16C4FBF.e.15100","ELEMENT":"f.032590EE386F29951754CC6C5B23B0CB.d.E988B0D3FCA3B49A41CECC4AF16C4FBF.e.15100"}]}
RESULT: {"script":"<script> [8489 bytes]","args":[{"element-6066-11e4-a52e-4f735466cecf":"f.032590EE386F29951754CC6C5B23B0CB.d.E988B0D3FCA3B49A41CECC4AF16C4FBF.e.15100","ELEMENT":"f.032590EE386F29951754CC6C5B23B0CB.d.E988B0D3FCA3B49A41CECC4AF16C4FBF.e.15100"}]}
COMMAND: GET /session/8690b08f518c8418ef29018541b658af/screenshot - {}
RESULT: {}
COMMAND: POST /session/8690b08f518c8418ef29018541b658af/execute/sync - {"script":"<script> [8489 bytes]","args":[{"element-6066-11e4-a52e-4f735466cecf":"f.032590EE386F29951754CC6C5B23B0CB.d.E988B0D3FCA3B49A41CECC4AF16C4FBF.e.15100","ELEMENT":"f.032590EE386F29951754CC6C5B23B0CB.d.E988B0D3FCA3B49A41CECC4AF16C4FBF.e.15100"}]}
RESULT: {"script":"<script> [8489 bytes]","args":[{"element-6066-11e4-a52e-4f735466cecf":"f.032590EE386F29951754CC6C5B23B0CB.d.E988B0D3FCA3B49A41CECC4AF16C4FBF.e.15100","ELEMENT":"f.032590EE386F29951754CC6C5B23B0CB.d.E988B0D3FCA3B49A41CECC4AF16C4FBF.e.15100"}]}
COMMAND: GET /session/8690b08f518c8418ef29018541b658af/screenshot - {}
RESULT: {}
COMMAND: POST /session/8690b08f518c8418ef29018541b658af/execute/sync - {"script":"<script> [8489 bytes]","args":[{"element-6066-11e4-a52e-4f735466cecf":"f.032590EE386F29951754CC6C5B23B0CB.d.E988B0D3FCA3B49A41CECC4AF16C4FBF.e.15100","ELEMENT":"f.032590EE386F29951754CC6C5B23B0CB.d.E988B0D3FCA3B49A41CECC4AF16C4FBF.e.15100"}]}
RESULT: {"script":"<script> [8489 bytes]","args":[{"element-6066-11e4-a52e-4f735466cecf":"f.032590EE386F29951754CC6C5B23B0CB.d.E988B0D3FCA3B49A41CECC4AF16C4FBF.e.15100","ELEMENT":"f.032590EE386F29951754CC6C5B23B0CB.d.E988B0D3FCA3B49A41CECC4AF16C4FBF.e.15100"}]}
COMMAND: GET /session/8690b08f518c8418ef29018541b658af/screenshot - {}
COMMAND: POST /session/8690b08f518c8418ef29018541b658af/execute/sync - {"script":"<script> [8489 bytes]","args":[{"element-6066-11e4-a52e-4f735466cecf":"f.032590EE386F29951754CC6C5B23B0CB.d.E988B0D3FCA3B49A41CECC4AF16C4FBF.e.15100","ELEMENT":"f.032590EE386F29951754CC6C5B23B0CB.d.E988B0D3FCA3B49A41CECC4AF16C4FBF.e.15100"}]}
RESULT: {}
RESULT: {"script":"<script> [8489 bytes]","args":[{"element-6066-11e4-a52e-4f735466cecf":"f.032590EE386F29951754CC6C5B23B0CB.d.E988B0D3FCA3B49A41CECC4AF16C4FBF.e.15100","ELEMENT":"f.032590EE386F29951754CC6C5B23B0CB.d.E988B0D3FCA3B49A41CECC4AF16C4FBF.e.15100"}]}
COMMAND: GET /session/8690b08f518c8418ef29018541b658af/screenshot - {}
RESULT: {}
COMMAND: POST /session/8690b08f518c8418ef29018541b658af/execute/sync - {"script":"<script> [8489 bytes]","args":[{"element-6066-11e4-a52e-4f735466cecf":"f.032590EE386F29951754CC6C5B23B0CB.d.E988B0D3FCA3B49A41CECC4AF16C4FBF.e.15100","ELEMENT":"f.032590EE386F29951754CC6C5B23B0CB.d.E988B0D3FCA3B49A41CECC4AF16C4FBF.e.15100"}]}
RESULT: {"script":"<script> [8489 bytes]","args":[{"element-6066-11e4-a52e-4f735466cecf":"f.032590EE386F29951754CC6C5B23B0CB.d.E988B0D3FCA3B49A41CECC4AF16C4FBF.e.15100","ELEMENT":"f.032590EE386F29951754CC6C5B23B0CB.d.E988B0D3FCA3B49A41CECC4AF16C4FBF.e.15100"}]}
COMMAND: GET /session/8690b08f518c8418ef29018541b658af/screenshot - {}
RESULT: {}
COMMAND: POST /session/8690b08f518c8418ef29018541b658af/execute/sync - {"script":"<script> [8489 bytes]","args":[{"element-6066-11e4-a52e-4f735466cecf":"f.032590EE386F29951754CC6C5B23B0CB.d.E988B0D3FCA3B49A41CECC4AF16C4FBF.e.15100","ELEMENT":"f.032590EE386F29951754CC6C5B23B0CB.d.E988B0D3FCA3B49A41CECC4AF16C4FBF.e.15100"}]}
RESULT: {"script":"<script> [8489 bytes]","args":[{"element-6066-11e4-a52e-4f735466cecf":"f.032590EE386F29951754CC6C5B23B0CB.d.E988B0D3FCA3B49A41CECC4AF16C4FBF.e.15100","ELEMENT":"f.032590EE386F29951754CC6C5B23B0CB.d.E988B0D3FCA3B49A41CECC4AF16C4FBF.e.15100"}]}
COMMAND: GET /session/8690b08f518c8418ef29018541b658af/screenshot - {}
RESULT: {}
COMMAND: POST /session/8690b08f518c8418ef29018541b658af/execute/sync - {"script":"<script> [8489 bytes]","args":[{"element-6066-11e4-a52e-4f735466cecf":"f.032590EE386F29951754CC6C5B23B0CB.d.E988B0D3FCA3B49A41CECC4AF16C4FBF.e.15100","ELEMENT":"f.032590EE386F29951754CC6C5B23B0CB.d.E988B0D3FCA3B49A41CECC4AF16C4FBF.e.15100"}]}
RESULT: {"script":"<script> [8489 bytes]","args":[{"element-6066-11e4-a52e-4f735466cecf":"f.032590EE386F29951754CC6C5B23B0CB.d.E988B0D3FCA3B49A41CECC4AF16C4FBF.e.15100","ELEMENT":"f.032590EE386F29951754CC6C5B23B0CB.d.E988B0D3FCA3B49A41CECC4AF16C4FBF.e.15100"}]}
COMMAND: GET /session/8690b08f518c8418ef29018541b658af/screenshot - {}
RESULT: {}
COMMAND: POST /session/8690b08f518c8418ef29018541b658af/execute/sync - {"script":"<script> [8489 bytes]","args":[{"element-6066-11e4-a52e-4f735466cecf":"f.032590EE386F29951754CC6C5B23B0CB.d.E988B0D3FCA3B49A41CECC4AF16C4FBF.e.15100","ELEMENT":"f.032590EE386F29951754CC6C5B23B0CB.d.E988B0D3FCA3B49A41CECC4AF16C4FBF.e.15100"}]}
RESULT: {"script":"<script> [8489 bytes]","args":[{"element-6066-11e4-a52e-4f735466cecf":"f.032590EE386F29951754CC6C5B23B0CB.d.E988B0D3FCA3B49A41CECC4AF16C4FBF.e.15100","ELEMENT":"f.032590EE386F29951754CC6C5B23B0CB.d.E988B0D3FCA3B49A41CECC4AF16C4FBF.e.15100"}]}
COMMAND: GET /session/8690b08f518c8418ef29018541b658af/screenshot - {}
RESULT: {}
COMMAND: POST /session/8690b08f518c8418ef29018541b658af/execute/sync - {"script":"<script> [8489 bytes]","args":[{"element-6066-11e4-a52e-4f735466cecf":"f.032590EE386F29951754CC6C5B23B0CB.d.E988B0D3FCA3B49A41CECC4AF16C4FBF.e.15100","ELEMENT":"f.032590EE386F29951754CC6C5B23B0CB.d.E988B0D3FCA3B49A41CECC4AF16C4FBF.e.15100"}]}
RESULT: {"script":"<script> [8489 bytes]","args":[{"element-6066-11e4-a52e-4f735466cecf":"f.032590EE386F29951754CC6C5B23B0CB.d.E988B0D3FCA3B49A41CECC4AF16C4FBF.e.15100","ELEMENT":"f.032590EE386F29951754CC6C5B23B0CB.d.E988B0D3FCA3B49A41CECC4AF16C4FBF.e.15100"}]}
COMMAND: GET /session/8690b08f518c8418ef29018541b658af/screenshot - {}
RESULT: {}
COMMAND: POST /session/8690b08f518c8418ef29018541b658af/elements - {"using":"css selector","value":"div[viewname='etm.portal.ui.managehandovers.view.DetailExecuteHO'] span.sapMText"}
RESULT: {"using":"css selector","value":"div[viewname='etm.portal.ui.managehandovers.view.DetailExecuteHO'] span.sapMText"}
]]></system-out>
    </testcase>
    <testcase classname="chrome.135_0_7049_115.windows.Provide_to_Site_w/_warehouse_management_w_clarification" name="Should test for Clarification" time="35.561">
      <system-out><![CDATA[
RESULT: undefined
COMMAND: POST /session/8690b08f518c8418ef29018541b658af/element - {"using":"xpath","value":"//*[@id=\"__tile131\"]"}
COMMAND: GET /session/8690b08f518c8418ef29018541b658af/screenshot - {}
RESULT: {"script":"<script> [1562 bytes]","args":[{"selector":{"controlType":"sap.m.SearchField","viewName":"etm.portal.ui.managehandovers.view.MasterHO","bindingPath":{"propertyPath":"/_BASIC_SEARCH_FIELD","modelName":"fi1t3rM0d31"},"interaction":{"idSuffix":"I"}},"wdio_ui5_key":"etmportal.ui.managehandovers.view.MasterHOsap.m.SearchField{\"propertyPath\":\"/_BASIC_SEARCH_FIELD\",\"modelName\":\"fi1t3rM0d31\"}"}]}
RESULT: undefined
RESULT: {"using":"xpath","value":"//*[@id=\"__tile131\"]"}
COMMAND: POST /session/8690b08f518c8418ef29018541b658af/element/f.032590EE386F29951754CC6C5B23B0CB.d.E988B0D3FCA3B49A41CECC4AF16C4FBF.e.13439/click - {}
RESULT: {}
RESULT: undefined
COMMAND: POST /session/8690b08f518c8418ef29018541b658af/execute/async - {"script":"<script> [776 bytes]","args":[{"enterText":"30815","selector":{"controlType":"sap.m.SearchField","viewName":"etm.portal.ui.managehandovers.view.MasterHO","bindingPath":{"propertyPath":"/_BASIC_SEARCH_FIELD","modelName":"fi1t3rM0d31"},"interaction":{"idSuffix":"I"}},"clearTextFirst":true,"interactionType":"ENTER_TEXT"}]}
RESULT: {"script":"<script> [776 bytes]","args":[{"enterText":"30815","selector":{"controlType":"sap.m.SearchField","viewName":"etm.portal.ui.managehandovers.view.MasterHO","bindingPath":{"propertyPath":"/_BASIC_SEARCH_FIELD","modelName":"fi1t3rM0d31"},"interaction":{"idSuffix":"I"}},"clearTextFirst":true,"interactionType":"ENTER_TEXT"}]}
COMMAND: POST /session/8690b08f518c8418ef29018541b658af/actions - {"actions":[{"id":"action72","type":"key","parameters":{},"actions":[{"type":"keyDown","value":"î€‡"},{"type":"pause","duration":10},{"type":"keyUp","value":"î€‡"}]}]}
RESULT: {"actions":[{"id":"action72","type":"key","parameters":{},"actions":[{"type":"keyDown","value":"î€‡"},{"type":"pause","duration":10},{"type":"keyUp","value":"î€‡"}]}]}
COMMAND: GET /session/8690b08f518c8418ef29018541b658af/screenshot - {}
RESULT: {}
COMMAND: POST /session/8690b08f518c8418ef29018541b658af/element - {"using":"xpath","value":"//span[(text() = '30815' or . = '30815')]"}
RESULT: {"using":"xpath","value":"//span[(text() = '30815' or . = '30815')]"}
COMMAND: POST /session/8690b08f518c8418ef29018541b658af/element/f.032590EE386F29951754CC6C5B23B0CB.d.E988B0D3FCA3B49A41CECC4AF16C4FBF.e.15588/click - {}
RESULT: {}
COMMAND: GET /session/8690b08f518c8418ef29018541b658af/screenshot - {}
RESULT: {}
COMMAND: POST /session/8690b08f518c8418ef29018541b658af/execute/async - {"script":"<script> [1562 bytes]","args":[{"selector":{"id":"instructionsTabFilter","viewName":"etm.portal.ui.managehandovers.view.DetailExecuteHO","interaction":{"idSuffix":"text"}},"wdio_ui5_key":"instructionsTabFilteretmportal.ui.managehandovers.view.DetailExecuteHO"}]}
RESULT: {"script":"<script> [1562 bytes]","args":[{"selector":{"id":"instructionsTabFilter","viewName":"etm.portal.ui.managehandovers.view.DetailExecuteHO","interaction":{"idSuffix":"text"}},"wdio_ui5_key":"instructionsTabFilteretmportal.ui.managehandovers.view.DetailExecuteHO"}]}
RESULT: undefined
RESULT: undefined
COMMAND: POST /session/8690b08f518c8418ef29018541b658af/execute/async - {"script":"<script> [1562 bytes]","args":[{"selector":{"controlType":"sap.m.ToggleButton","viewName":"etm.portal.ui.managehandovers.view.DetailExecuteHO","i18NText":{"propertyName":"text","key":"refuse"},"interaction":{"idSuffix":"BDI-content"}},"wdio_ui5_key":"etmportal.ui.managehandovers.view.DetailExecuteHOsap.m.ToggleButton{\"propertyName\":\"text\",\"key\":\"refuse\"}"}]}
RESULT: {"script":"<script> [1562 bytes]","args":[{"selector":{"controlType":"sap.m.ToggleButton","viewName":"etm.portal.ui.managehandovers.view.DetailExecuteHO","i18NText":{"propertyName":"text","key":"refuse"},"interaction":{"idSuffix":"BDI-content"}},"wdio_ui5_key":"etmportal.ui.managehandovers.view.DetailExecuteHOsap.m.ToggleButton{\"propertyName\":\"text\",\"key\":\"refuse\"}"}]}
RESULT: undefined
COMMAND: POST /session/8690b08f518c8418ef29018541b658af/execute/async - {"script":"<script> [1562 bytes]","args":[{"selector":{"id":"confirmationButton","viewName":"etm.portal.ui.managehandovers.view.DetailExecuteHO","interaction":{"idSuffix":"BDI-content"},"properties":{"text":"Receive / Refuse"}},"wdio_ui5_key":"confirmationButtonetmportal.ui.managehandovers.view.DetailExecuteHO{\"text\":\"Receive / Refuse\"}"}]}
RESULT: {"script":"<script> [1562 bytes]","args":[{"selector":{"id":"confirmationButton","viewName":"etm.portal.ui.managehandovers.view.DetailExecuteHO","interaction":{"idSuffix":"BDI-content"},"properties":{"text":"Receive / Refuse"}},"wdio_ui5_key":"confirmationButtonetmportal.ui.managehandovers.view.DetailExecuteHO{\"text\":\"Receive / Refuse\"}"}]}
RESULT: undefined
]]></system-out>
    </testcase>
  </testsuite>
  <testsuite timestamp="2025-05-05T17:46:55" time="494.934" tests="9" failures="7" errors="7" skipped="0">
    <properties>
      <property name="specId" value="0" />
      <property name="suiteName" value="Create masterdata for Yard Overview - trigger provide US130988" />
      <property name="capabilities" value="chrome.135_0_7049_115.windows" />
      <property name="file" value="file:///D:/a/1/s/test/specs/HTR/stock-decrease.spec.js" />
    </properties>
    <testcase classname="chrome.135_0_7049_115.windows.Create_masterdata_for_Yard_Overview_-_trigger_provide_US130988" name="create a whm for yard" time="46.709">
      <system-out><![CDATA[
COMMAND: POST /session/8690b08f518c8418ef29018541b658af/element - {"using":"css selector","value":"#shell-header-icon"}
COMMAND: GET /session/8690b08f518c8418ef29018541b658af/screenshot - {}
RESULT: {"using":"css selector","value":"#shell-header-icon"}
COMMAND: POST /session/8690b08f518c8418ef29018541b658af/execute/sync - {"script":"<script> [8489 bytes]","args":[{"element-6066-11e4-a52e-4f735466cecf":"f.032590EE386F29951754CC6C5B23B0CB.d.4D803370E1B13E0908EE697C2AF92DF2.e.15672","ELEMENT":"f.032590EE386F29951754CC6C5B23B0CB.d.4D803370E1B13E0908EE697C2AF92DF2.e.15672"}]}
RESULT: {}
RESULT: {"script":"<script> [8489 bytes]","args":[{"element-6066-11e4-a52e-4f735466cecf":"f.032590EE386F29951754CC6C5B23B0CB.d.4D803370E1B13E0908EE697C2AF92DF2.e.15672","ELEMENT":"f.032590EE386F29951754CC6C5B23B0CB.d.4D803370E1B13E0908EE697C2AF92DF2.e.15672"}]}
COMMAND: GET /session/8690b08f518c8418ef29018541b658af/element/f.032590EE386F29951754CC6C5B23B0CB.d.4D803370E1B13E0908EE697C2AF92DF2.e.15672/enabled - {}
COMMAND: GET /session/8690b08f518c8418ef29018541b658af/screenshot - {}
RESULT: {}
COMMAND: POST /session/8690b08f518c8418ef29018541b658af/element/f.032590EE386F29951754CC6C5B23B0CB.d.4D803370E1B13E0908EE697C2AF92DF2.e.15672/click - {}
COMMAND: GET /session/8690b08f518c8418ef29018541b658af/screenshot - {}
RESULT: {}
RESULT: {}
COMMAND: GET /session/8690b08f518c8418ef29018541b658af/screenshot - {}
RESULT: {}
RESULT: {}
COMMAND: POST /session/8690b08f518c8418ef29018541b658af/element - {"using":"xpath","value":"//div[text()='Warehouse']"}
RESULT: {"using":"xpath","value":"//div[text()='Warehouse']"}
COMMAND: POST /session/8690b08f518c8418ef29018541b658af/elements - {"using":"xpath","value":"//div[text()='Warehouse']"}
RESULT: {"using":"xpath","value":"//div[text()='Warehouse']"}
COMMAND: POST /session/8690b08f518c8418ef29018541b658af/element/f.032590EE386F29951754CC6C5B23B0CB.d.4D803370E1B13E0908EE697C2AF92DF2.e.16172/click - {}
RESULT: {}
COMMAND: POST /session/8690b08f518c8418ef29018541b658af/element - {"using":"xpath","value":"//span[text()='Manage Warehouse Movements']"}
COMMAND: GET /session/8690b08f518c8418ef29018541b658af/screenshot - {}
RESULT: {"using":"xpath","value":"//span[text()='Manage Warehouse Movements']"}
COMMAND: POST /session/8690b08f518c8418ef29018541b658af/elements - {"using":"xpath","value":"//span[text()='Manage Warehouse Movements']"}
RESULT: {}
RESULT: {"using":"xpath","value":"//span[text()='Manage Warehouse Movements']"}
COMMAND: POST /session/8690b08f518c8418ef29018541b658af/element - {"using":"xpath","value":"//input[@id='application-warehousemovements-display-component---warehouseMovements--smartFilterBar-filterItemControl_BASIC-YARD-inner']"}
RESULT: {"using":"xpath","value":"//input[@id='application-warehousemovements-display-component---warehouseMovements--smartFilterBar-filterItemControl_BASIC-YARD-inner']"}
COMMAND: POST /session/8690b08f518c8418ef29018541b658af/element - {"using":"xpath","value":"//input[@id='application-warehousemovements-display-component---warehouseMovements--smartFilterBar-filterItemControl_BASIC-YARD-inner']"}
RESULT: {"using":"xpath","value":"//input[@id='application-warehousemovements-display-component---warehouseMovements--smartFilterBar-filterItemControl_BASIC-YARD-inner']"}
COMMAND: POST /session/8690b08f518c8418ef29018541b658af/actions - {"actions":[{"id":"action73","type":"key","parameters":{},"actions":[{"type":"keyDown","value":"î€‡"},{"type":"pause","duration":10},{"type":"keyUp","value":"î€‡"}]}]}
RESULT: {"actions":[{"id":"action73","type":"key","parameters":{},"actions":[{"type":"keyDown","value":"î€‡"},{"type":"pause","duration":10},{"type":"keyUp","value":"î€‡"}]}]}
COMMAND: POST /session/8690b08f518c8418ef29018541b658af/element - {"using":"xpath","value":"(//*[@title=\"Add New Movement\"])[1]"}
COMMAND: GET /session/8690b08f518c8418ef29018541b658af/screenshot - {}
RESULT: {"using":"xpath","value":"(//*[@title=\"Add New Movement\"])[1]"}
COMMAND: POST /session/8690b08f518c8418ef29018541b658af/element - {"using":"xpath","value":"(//*[@title=\"Add New Movement\"])[1]"}
RESULT: {}
RESULT: {"using":"xpath","value":"(//*[@title=\"Add New Movement\"])[1]"}
COMMAND: POST /session/8690b08f518c8418ef29018541b658af/element - {"using":"xpath","value":"//*[@id=\"application-warehousemovements-display-component---addMovement--sectionsList-arrow\"]"}
RESULT: {"using":"xpath","value":"//*[@id=\"application-warehousemovements-display-component---addMovement--sectionsList-arrow\"]"}
COMMAND: POST /session/8690b08f518c8418ef29018541b658af/element - {"using":"xpath","value":"//*[@id=\"application-warehousemovements-display-component---addMovement--sectionsList-arrow\"]"}
RESULT: {"using":"xpath","value":"//*[@id=\"application-warehousemovements-display-component---addMovement--sectionsList-arrow\"]"}
COMMAND: POST /session/8690b08f518c8418ef29018541b658af/element - {"using":"xpath","value":"//*[@id=\"application-warehousemovements-display-component---addMovement--saveMovementBtn-BDI-content\" and text()=\"Save\"]"}
RESULT: {"using":"xpath","value":"//*[@id=\"application-warehousemovements-display-component---addMovement--saveMovementBtn-BDI-content\" and text()=\"Save\"]"}
COMMAND: POST /session/8690b08f518c8418ef29018541b658af/element - {"using":"xpath","value":"//*[@id=\"application-warehousemovements-display-component---addMovement--saveMovementBtn-BDI-content\" and text()=\"Save\"]"}
RESULT: {"using":"xpath","value":"//*[@id=\"application-warehousemovements-display-component---addMovement--saveMovementBtn-BDI-content\" and text()=\"Save\"]"}
COMMAND: POST /session/8690b08f518c8418ef29018541b658af/execute/sync - {"script":"<script> [8489 bytes]","args":[{"element-6066-11e4-a52e-4f735466cecf":"f.032590EE386F29951754CC6C5B23B0CB.d.4D803370E1B13E0908EE697C2AF92DF2.e.15672","ELEMENT":"f.032590EE386F29951754CC6C5B23B0CB.d.4D803370E1B13E0908EE697C2AF92DF2.e.15672"}]}
COMMAND: POST /session/8690b08f518c8418ef29018541b658af/element - {"using":"css selector","value":"#shell-header-icon"}
RESULT: {"using":"css selector","value":"#shell-header-icon"}
COMMAND: POST /session/8690b08f518c8418ef29018541b658af/execute/sync - {"script":"<script> [8489 bytes]","args":[{"element-6066-11e4-a52e-4f735466cecf":"f.032590EE386F29951754CC6C5B23B0CB.d.4D803370E1B13E0908EE697C2AF92DF2.e.16173","ELEMENT":"f.032590EE386F29951754CC6C5B23B0CB.d.4D803370E1B13E0908EE697C2AF92DF2.e.16173"}]}
RESULT: {"script":"<script> [8489 bytes]","args":[{"element-6066-11e4-a52e-4f735466cecf":"f.032590EE386F29951754CC6C5B23B0CB.d.4D803370E1B13E0908EE697C2AF92DF2.e.16173","ELEMENT":"f.032590EE386F29951754CC6C5B23B0CB.d.4D803370E1B13E0908EE697C2AF92DF2.e.16173"}]}
COMMAND: GET /session/8690b08f518c8418ef29018541b658af/element/f.032590EE386F29951754CC6C5B23B0CB.d.4D803370E1B13E0908EE697C2AF92DF2.e.16173/enabled - {}
COMMAND: GET /session/8690b08f518c8418ef29018541b658af/screenshot - {}
RESULT: {}
COMMAND: POST /session/8690b08f518c8418ef29018541b658af/element/f.032590EE386F29951754CC6C5B23B0CB.d.4D803370E1B13E0908EE697C2AF92DF2.e.16173/click - {}
COMMAND: GET /session/8690b08f518c8418ef29018541b658af/screenshot - {}
RESULT: {}
RESULT: {}
COMMAND: GET /session/8690b08f518c8418ef29018541b658af/screenshot - {}
RESULT: {}
RESULT: {}
]]></system-out>
    </testcase>
    <testcase classname="chrome.135_0_7049_115.windows.Create_masterdata_for_Yard_Overview_-_trigger_provide_US130988" name="Set status to defect" time="24.513">
      <system-out><![CDATA[
COMMAND: GET /session/8690b08f518c8418ef29018541b658af/screenshot - {}
COMMAND: POST /session/8690b08f518c8418ef29018541b658af/execute/async - {"script":"<script> [1562 bytes]","args":[{"selector":{"controlType":"sap.ushell.ui.launchpad.AnchorItem","bindingPath":{"path":"/groups/3","propertyPath":"index"},"interaction":{"idSuffix":"inner"}},"wdio_ui5_key":"sapushell.ui.launchpad.AnchorItem{\"path\":\"/groups/3\",\"propertyPath\":\"index\"}"}]}
RESULT: {}
RESULT: {"script":"<script> [1562 bytes]","args":[{"selector":{"controlType":"sap.ushell.ui.launchpad.AnchorItem","bindingPath":{"path":"/groups/3","propertyPath":"index"},"interaction":{"idSuffix":"inner"}},"wdio_ui5_key":"sapushell.ui.launchpad.AnchorItem{\"path\":\"/groups/3\",\"propertyPath\":\"index\"}"}]}
RESULT: undefined
COMMAND: POST /session/8690b08f518c8418ef29018541b658af/execute/async - {"script":"<script> [1562 bytes]","args":[{"selector":{"controlType":"sap.m.GenericTile","properties":{"header":"Manage States & Performance"}},"wdio_ui5_key":"sapm.GenericTile{\"header\":\"Manage States & Performance\"}"}]}
RESULT: {"script":"<script> [1562 bytes]","args":[{"selector":{"controlType":"sap.m.GenericTile","properties":{"header":"Manage States & Performance"}},"wdio_ui5_key":"sapm.GenericTile{\"header\":\"Manage States & Performance\"}"}]}
RESULT: undefined
COMMAND: POST /session/8690b08f518c8418ef29018541b658af/execute/async - {"script":"<script> [1562 bytes]","args":[{"selector":{"controlType":"sap.ui.core.Icon","viewName":"etm.portal.ui.managestatesandperformance.view.Master","viewId":"application-managestatesandperformance-display-component---stateAndPerform","properties":{"src":{"regex":{"source":"inventory"}}}},"wdio_ui5_key":"etmportal.ui.managestatesandperformance.view.Mastersap.ui.core.Icon{\"src\":{\"regex\":{\"source\":\"inventory\"}}}"}]}
RESULT: {"script":"<script> [1562 bytes]","args":[{"selector":{"controlType":"sap.ui.core.Icon","viewName":"etm.portal.ui.managestatesandperformance.view.Master","viewId":"application-managestatesandperformance-display-component---stateAndPerform","properties":{"src":{"regex":{"source":"inventory"}}}},"wdio_ui5_key":"etmportal.ui.managestatesandperformance.view.Mastersap.ui.core.Icon{\"src\":{\"regex\":{\"source\":\"inventory\"}}}"}]}
RESULT: undefined
COMMAND: POST /session/8690b08f518c8418ef29018541b658af/execute/async - {"script":"<script> [1562 bytes]","args":[{"selector":{"id":"application-managestatesandperformance-display-component---stateAndPerform--smartFilterBarYard-btnBasicSearch","interaction":{"idSuffix":"I"}},"wdio_ui5_key":"applicationmanagestatesandperformance-display-component---stateAndPerform--smartFilterBarYard-btnBasicSearch"}]}
RESULT: {"script":"<script> [1562 bytes]","args":[{"selector":{"id":"application-managestatesandperformance-display-component---stateAndPerform--smartFilterBarYard-btnBasicSearch","interaction":{"idSuffix":"I"}},"wdio_ui5_key":"applicationmanagestatesandperformance-display-component---stateAndPerform--smartFilterBarYard-btnBasicSearch"}]}
RESULT: undefined
COMMAND: POST /session/8690b08f518c8418ef29018541b658af/execute/async - {"script":"<script> [1562 bytes]","args":[{"selector":{"controlType":"sap.m.ColumnListItem","viewName":"etm.portal.ui.managestatesandperformance.view.Master","viewId":"application-managestatesandperformance-display-component---stateAndPerform","properties":{"type":"Navigation"},"interaction":{"idSuffix":"cell0"}},"wdio_ui5_key":"etmportal.ui.managestatesandperformance.view.Mastersap.m.ColumnListItem{\"type\":\"Navigation\"}"}]}
RESULT: {"script":"<script> [1562 bytes]","args":[{"selector":{"controlType":"sap.m.ColumnListItem","viewName":"etm.portal.ui.managestatesandperformance.view.Master","viewId":"application-managestatesandperformance-display-component---stateAndPerform","properties":{"type":"Navigation"},"interaction":{"idSuffix":"cell0"}},"wdio_ui5_key":"etmportal.ui.managestatesandperformance.view.Mastersap.m.ColumnListItem{\"type\":\"Navigation\"}"}]}
RESULT: undefined
COMMAND: POST /session/8690b08f518c8418ef29018541b658af/execute/async - {"script":"<script> [1562 bytes]","args":[{"selector":{"controlType":"sap.m.Button","viewName":"etm.portal.ui.managestatesandperformance.view.Detail","viewId":"application-managestatesandperformance-display-component---detailStateAndPerform","i18NText":{"propertyName":"text","key":"createStateChange"},"interaction":{"idSuffix":"content"}},"wdio_ui5_key":"etmportal.ui.managestatesandperformance.view.Detailsap.m.Button{\"propertyName\":\"text\",\"key\":\"createStateChange\"}"}]}
RESULT: {"script":"<script> [1562 bytes]","args":[{"selector":{"controlType":"sap.m.Button","viewName":"etm.portal.ui.managestatesandperformance.view.Detail","viewId":"application-managestatesandperformance-display-component---detailStateAndPerform","i18NText":{"propertyName":"text","key":"createStateChange"},"interaction":{"idSuffix":"content"}},"wdio_ui5_key":"etmportal.ui.managestatesandperformance.view.Detailsap.m.Button{\"propertyName\":\"text\",\"key\":\"createStateChange\"}"}]}
RESULT: undefined
COMMAND: POST /session/8690b08f518c8418ef29018541b658af/execute/async - {"script":"<script> [1562 bytes]","args":[{"selector":{"id":"addStateDialog--stateSelect","searchOpenDialogs":true,"interaction":{"idSuffix":"arrow"}},"wdio_ui5_key":"addStateDialogstateSelect"}]}
RESULT: {"script":"<script> [1562 bytes]","args":[{"selector":{"id":"addStateDialog--stateSelect","searchOpenDialogs":true,"interaction":{"idSuffix":"arrow"}},"wdio_ui5_key":"addStateDialogstateSelect"}]}
RESULT: undefined
COMMAND: POST /session/8690b08f518c8418ef29018541b658af/execute/async - {"script":"<script> [1562 bytes]","args":[{"selector":{"controlType":"sap.ui.core.Item","viewName":"etm.portal.ui.managestatesandperformance.view.Detail","viewId":"application-managestatesandperformance-display-component---detailStateAndPerform","bindingPath":{"path":"/StateTypes(70)","propertyPath":"STATE","modelName":"catalogModel"},"searchOpenDialogs":true},"wdio_ui5_key":"etmportal.ui.managestatesandperformance.view.Detailsap.ui.core.Item{\"path\":\"/StateTypes(70)\",\"propertyPath\":\"STATE\",\"modelName\":\"catalogModel\"}"}]}
RESULT: {"script":"<script> [1562 bytes]","args":[{"selector":{"controlType":"sap.ui.core.Item","viewName":"etm.portal.ui.managestatesandperformance.view.Detail","viewId":"application-managestatesandperformance-display-component---detailStateAndPerform","bindingPath":{"path":"/StateTypes(70)","propertyPath":"STATE","modelName":"catalogModel"},"searchOpenDialogs":true},"wdio_ui5_key":"etmportal.ui.managestatesandperformance.view.Detailsap.ui.core.Item{\"path\":\"/StateTypes(70)\",\"propertyPath\":\"STATE\",\"modelName\":\"catalogModel\"}"}]}
RESULT: undefined
COMMAND: POST /session/8690b08f518c8418ef29018541b658af/execute/async - {"script":"<script> [1562 bytes]","args":[{"selector":{"controlType":"sap.m.NumericInput","viewName":"etm.portal.ui.managestatesandperformance.view.Detail","viewId":"application-managestatesandperformance-display-component---detailStateAndPerform","properties":{"value":"0"},"searchOpenDialogs":true,"interaction":{"idSuffix":"inner"}},"wdio_ui5_key":"etmportal.ui.managestatesandperformance.view.Detailsap.m.NumericInput{\"value\":\"0\"}"}]}
RESULT: {"script":"<script> [1562 bytes]","args":[{"selector":{"controlType":"sap.m.NumericInput","viewName":"etm.portal.ui.managestatesandperformance.view.Detail","viewId":"application-managestatesandperformance-display-component---detailStateAndPerform","properties":{"value":"0"},"searchOpenDialogs":true,"interaction":{"idSuffix":"inner"}},"wdio_ui5_key":"etmportal.ui.managestatesandperformance.view.Detailsap.m.NumericInput{\"value\":\"0\"}"}]}
RESULT: undefined
COMMAND: POST /session/8690b08f518c8418ef29018541b658af/execute/async - {"script":"<script> [1562 bytes]","args":[{"selector":{"controlType":"sap.m.Button","viewName":"etm.portal.ui.managestatesandperformance.view.Detail","viewId":"application-managestatesandperformance-display-component---detailStateAndPerform","i18NText":{"propertyName":"text","key":"save"},"searchOpenDialogs":true,"interaction":{"idSuffix":"BDI-content"}},"wdio_ui5_key":"etmportal.ui.managestatesandperformance.view.Detailsap.m.Button{\"propertyName\":\"text\",\"key\":\"save\"}"}]}
RESULT: {"script":"<script> [1562 bytes]","args":[{"selector":{"controlType":"sap.m.Button","viewName":"etm.portal.ui.managestatesandperformance.view.Detail","viewId":"application-managestatesandperformance-display-component---detailStateAndPerform","i18NText":{"propertyName":"text","key":"save"},"searchOpenDialogs":true,"interaction":{"idSuffix":"BDI-content"}},"wdio_ui5_key":"etmportal.ui.managestatesandperformance.view.Detailsap.m.Button{\"propertyName\":\"text\",\"key\":\"save\"}"}]}
RESULT: undefined
COMMAND: POST /session/8690b08f518c8418ef29018541b658af/element - {"using":"css selector","value":"#shell-header-logo"}
RESULT: {"using":"css selector","value":"#shell-header-logo"}
COMMAND: POST /session/8690b08f518c8418ef29018541b658af/element/f.032590EE386F29951754CC6C5B23B0CB.d.4D803370E1B13E0908EE697C2AF92DF2.e.16179/click - {}
RESULT: {}
COMMAND: GET /session/8690b08f518c8418ef29018541b658af/screenshot - {}
RESULT: {}
]]></system-out>
    </testcase>
  </testsuite>
  <testsuite timestamp="2025-05-05T17:55:10" time="284.814" tests="3" failures="1" errors="1" skipped="0">
    <properties>
      <property name="specId" value="0" />
      <property name="suiteName" value="Transfer Yard to Yard US131076" />
      <property name="capabilities" value="chrome.135_0_7049_115.windows" />
      <property name="file" value="file:///D:/a/1/s/test/specs/HTR/transfer-yard-to-yard.spec.js" />
    </properties>
    <testcase classname="chrome.135_0_7049_115.windows.Transfer_Yard_to_Yard_US131076" name="Should create one equipment and one multipart" time="164.193">
      <system-out><![CDATA[
COMMAND: POST /session/8690b08f518c8418ef29018541b658af/execute/async - {"script":"<script> [1562 bytes]","args":[{"selector":{"controlType":"sap.m.GenericTile","properties":{"header":"Manage Resources"}},"wdio_ui5_key":"sapm.GenericTile{\"header\":\"Manage Resources\"}"}]}
RESULT: {}
RESULT: {"script":"<script> [1562 bytes]","args":[{"selector":{"controlType":"sap.m.GenericTile","properties":{"header":"Manage Resources"}},"wdio_ui5_key":"sapm.GenericTile{\"header\":\"Manage Resources\"}"}]}
RESULT: undefined
COMMAND: POST /session/8690b08f518c8418ef29018541b658af/element - {"using":"xpath","value":"//*[@id=\"__tile39\"]"}
RESULT: {"using":"xpath","value":"//*[@id=\"__tile39\"]"}
COMMAND: POST /session/8690b08f518c8418ef29018541b658af/element/f.032590EE386F29951754CC6C5B23B0CB.d.0FB0C98AED6A5DE7429333527337E6DA.e.17046/click - {}
RESULT: {}
COMMAND: GET /session/8690b08f518c8418ef29018541b658af/screenshot - {}
RESULT: {}
COMMAND: POST /session/8690b08f518c8418ef29018541b658af/execute/async - {"script":"<script> [1562 bytes]","args":[{"selector":{"controlType":"sap.ui.core.Icon","viewName":"etm.portal.ui.manageresources.view.Master","viewId":"application-manageresources-display-component---masterRU","properties":{"src":{"regex":{"source":"add"}}}},"wdio_ui5_key":"etmportal.ui.manageresources.view.Mastersap.ui.core.Icon{\"src\":{\"regex\":{\"source\":\"add\"}}}"}]}
RESULT: {"script":"<script> [1562 bytes]","args":[{"selector":{"controlType":"sap.ui.core.Icon","viewName":"etm.portal.ui.manageresources.view.Master","viewId":"application-manageresources-display-component---masterRU","properties":{"src":{"regex":{"source":"add"}}}},"wdio_ui5_key":"etmportal.ui.manageresources.view.Mastersap.ui.core.Icon{\"src\":{\"regex\":{\"source\":\"add\"}}}"}]}
RESULT: undefined
COMMAND: POST /session/8690b08f518c8418ef29018541b658af/element - {"using":"xpath","value":"//*[@id=\"__button5-img\"]"}
RESULT: {"using":"xpath","value":"//*[@id=\"__button5-img\"]"}
COMMAND: POST /session/8690b08f518c8418ef29018541b658af/element/f.032590EE386F29951754CC6C5B23B0CB.d.0FB0C98AED6A5DE7429333527337E6DA.e.17091/click - {}
RESULT: {}
COMMAND: GET /session/8690b08f518c8418ef29018541b658af/screenshot - {}
COMMAND: POST /session/8690b08f518c8418ef29018541b658af/execute/async - {"script":"<script> [1562 bytes]","args":[{"selector":{"id":"application-manageresources-display-component---newResourceUnit--TYPE-arrow"},"wdio_ui5_key":"applicationmanageresources-display-component---newResourceUnit--TYPE-arrow"}]}
RESULT: {}
RESULT: {"script":"<script> [1562 bytes]","args":[{"selector":{"id":"application-manageresources-display-component---newResourceUnit--TYPE-arrow"},"wdio_ui5_key":"applicationmanageresources-display-component---newResourceUnit--TYPE-arrow"}]}
RESULT: undefined
COMMAND: POST /session/8690b08f518c8418ef29018541b658af/element - {"using":"xpath","value":"//*[@id=\"application-manageresources-display-component---newResourceUnit--TYPE-arrow\"]"}
RESULT: {"using":"xpath","value":"//*[@id=\"application-manageresources-display-component---newResourceUnit--TYPE-arrow\"]"}
COMMAND: POST /session/8690b08f518c8418ef29018541b658af/element/f.032590EE386F29951754CC6C5B23B0CB.d.0FB0C98AED6A5DE7429333527337E6DA.e.17400/click - {}
RESULT: {}
COMMAND: POST /session/8690b08f518c8418ef29018541b658af/execute/async - {"script":"<script> [1562 bytes]","args":[{"selector":{"controlType":"sap.m.StandardListItem","viewName":"reusables.view.manageresources.NewResourceUnit","viewId":"application-manageresources-display-component---newResourceUnit","properties":{"title":"Equipment"},"searchOpenDialogs":true,"interaction":{"idSuffix":"content"}},"wdio_ui5_key":"reusablesview.manageresources.NewResourceUnitsap.m.StandardListItem{\"title\":\"Equipment\"}"}]}
COMMAND: GET /session/8690b08f518c8418ef29018541b658af/screenshot - {}
RESULT: {"script":"<script> [1562 bytes]","args":[{"selector":{"controlType":"sap.m.StandardListItem","viewName":"reusables.view.manageresources.NewResourceUnit","viewId":"application-manageresources-display-component---newResourceUnit","properties":{"title":"Equipment"},"searchOpenDialogs":true,"interaction":{"idSuffix":"content"}},"wdio_ui5_key":"reusablesview.manageresources.NewResourceUnitsap.m.StandardListItem{\"title\":\"Equipment\"}"}]}
RESULT: undefined
COMMAND: POST /session/8690b08f518c8418ef29018541b658af/element - {"using":"xpath","value":"//*[@id=\"__item141\"]"}
RESULT: {}
RESULT: {"using":"xpath","value":"//*[@id=\"__item141\"]"}
COMMAND: POST /session/8690b08f518c8418ef29018541b658af/element/f.032590EE386F29951754CC6C5B23B0CB.d.0FB0C98AED6A5DE7429333527337E6DA.e.17403/click - {}
RESULT: {}
COMMAND: POST /session/8690b08f518c8418ef29018541b658af/execute/async - {"script":"<script> [1562 bytes]","args":[{"selector":{"id":"application-manageresources-display-component---newResourceUnit--resourceId","interaction":{"idSuffix":"inner"}},"wdio_ui5_key":"applicationmanageresources-display-component---newResourceUnit--resourceId"}]}
COMMAND: GET /session/8690b08f518c8418ef29018541b658af/screenshot - {}
RESULT: {"script":"<script> [1562 bytes]","args":[{"selector":{"id":"application-manageresources-display-component---newResourceUnit--resourceId","interaction":{"idSuffix":"inner"}},"wdio_ui5_key":"applicationmanageresources-display-component---newResourceUnit--resourceId"}]}
RESULT: undefined
COMMAND: POST /session/8690b08f518c8418ef29018541b658af/execute/async - {"script":"<script> [776 bytes]","args":[{"enterText":"TransferYardEquippn43c","selector":{"id":"application-manageresources-display-component---newResourceUnit--resourceId","interaction":{"idSuffix":"inner"}},"clearTextFirst":true,"interactionType":"ENTER_TEXT"}]}
RESULT: {}
RESULT: {"script":"<script> [776 bytes]","args":[{"enterText":"TransferYardEquippn43c","selector":{"id":"application-manageresources-display-component---newResourceUnit--resourceId","interaction":{"idSuffix":"inner"}},"clearTextFirst":true,"interactionType":"ENTER_TEXT"}]}
COMMAND: POST /session/8690b08f518c8418ef29018541b658af/execute/async - {"script":"<script> [1562 bytes]","args":[{"selector":{"id":"application-manageresources-display-component---newResourceUnit--SHORT_TEXT","interaction":{"idSuffix":"inner"}},"wdio_ui5_key":"applicationmanageresources-display-component---newResourceUnit--SHORT_TEXT"}]}
RESULT: {"script":"<script> [1562 bytes]","args":[{"selector":{"id":"application-manageresources-display-component---newResourceUnit--SHORT_TEXT","interaction":{"idSuffix":"inner"}},"wdio_ui5_key":"applicationmanageresources-display-component---newResourceUnit--SHORT_TEXT"}]}
RESULT: undefined
COMMAND: POST /session/8690b08f518c8418ef29018541b658af/execute/async - {"script":"<script> [776 bytes]","args":[{"enterText":"Equip4transfer","selector":{"id":"application-manageresources-display-component---newResourceUnit--SHORT_TEXT","interaction":{"idSuffix":"inner"}},"clearTextFirst":true,"interactionType":"ENTER_TEXT"}]}
RESULT: {"script":"<script> [776 bytes]","args":[{"enterText":"Equip4transfer","selector":{"id":"application-manageresources-display-component---newResourceUnit--SHORT_TEXT","interaction":{"idSuffix":"inner"}},"clearTextFirst":true,"interactionType":"ENTER_TEXT"}]}
COMMAND: POST /session/8690b08f518c8418ef29018541b658af/execute/async - {"script":"<script> [1562 bytes]","args":[{"selector":{"id":"application-manageresources-display-component---newResourceUnit--BASE_UNIT_OF_MEASURE","interaction":{"idSuffix":"inner"}},"wdio_ui5_key":"applicationmanageresources-display-component---newResourceUnit--BASE_UNIT_OF_MEASURE"}]}
RESULT: {"script":"<script> [1562 bytes]","args":[{"selector":{"id":"application-manageresources-display-component---newResourceUnit--BASE_UNIT_OF_MEASURE","interaction":{"idSuffix":"inner"}},"wdio_ui5_key":"applicationmanageresources-display-component---newResourceUnit--BASE_UNIT_OF_MEASURE"}]}
RESULT: undefined
COMMAND: POST /session/8690b08f518c8418ef29018541b658af/execute/async - {"script":"<script> [776 bytes]","args":[{"enterText":"Piece","selector":{"id":"application-manageresources-display-component---newResourceUnit--BASE_UNIT_OF_MEASURE","interaction":{"idSuffix":"inner"}},"clearTextFirst":true,"interactionType":"ENTER_TEXT"}]}
RESULT: {"script":"<script> [776 bytes]","args":[{"enterText":"Piece","selector":{"id":"application-manageresources-display-component---newResourceUnit--BASE_UNIT_OF_MEASURE","interaction":{"idSuffix":"inner"}},"clearTextFirst":true,"interactionType":"ENTER_TEXT"}]}
COMMAND: POST /session/8690b08f518c8418ef29018541b658af/execute/async - {"script":"<script> [1562 bytes]","args":[{"selector":{"id":"application-manageresources-display-component---newResourceUnit--WEIGHT_UNIT","interaction":{"idSuffix":"inner"}},"wdio_ui5_key":"applicationmanageresources-display-component---newResourceUnit--WEIGHT_UNIT"}]}
RESULT: {"script":"<script> [1562 bytes]","args":[{"selector":{"id":"application-manageresources-display-component---newResourceUnit--WEIGHT_UNIT","interaction":{"idSuffix":"inner"}},"wdio_ui5_key":"applicationmanageresources-display-component---newResourceUnit--WEIGHT_UNIT"}]}
RESULT: undefined
COMMAND: POST /session/8690b08f518c8418ef29018541b658af/execute/async - {"script":"<script> [776 bytes]","args":[{"enterText":"Gram","selector":{"id":"application-manageresources-display-component---newResourceUnit--WEIGHT_UNIT","interaction":{"idSuffix":"inner"}},"clearTextFirst":true,"interactionType":"ENTER_TEXT"}]}
RESULT: {"script":"<script> [776 bytes]","args":[{"enterText":"Gram","selector":{"id":"application-manageresources-display-component---newResourceUnit--WEIGHT_UNIT","interaction":{"idSuffix":"inner"}},"clearTextFirst":true,"interactionType":"ENTER_TEXT"}]}
COMMAND: POST /session/8690b08f518c8418ef29018541b658af/execute/async - {"script":"<script> [1562 bytes]","args":[{"selector":{"id":"application-manageresources-display-component---newResourceUnit--DIMENSION_UNIT","interaction":{"idSuffix":"inner"}},"wdio_ui5_key":"applicationmanageresources-display-component---newResourceUnit--DIMENSION_UNIT"}]}
RESULT: {"script":"<script> [1562 bytes]","args":[{"selector":{"id":"application-manageresources-display-component---newResourceUnit--DIMENSION_UNIT","interaction":{"idSuffix":"inner"}},"wdio_ui5_key":"applicationmanageresources-display-component---newResourceUnit--DIMENSION_UNIT"}]}
RESULT: undefined
COMMAND: POST /session/8690b08f518c8418ef29018541b658af/execute/async - {"script":"<script> [776 bytes]","args":[{"enterText":"Meter","selector":{"id":"application-manageresources-display-component---newResourceUnit--DIMENSION_UNIT","interaction":{"idSuffix":"inner"}},"clearTextFirst":true,"interactionType":"ENTER_TEXT"}]}
RESULT: {"script":"<script> [776 bytes]","args":[{"enterText":"Meter","selector":{"id":"application-manageresources-display-component---newResourceUnit--DIMENSION_UNIT","interaction":{"idSuffix":"inner"}},"clearTextFirst":true,"interactionType":"ENTER_TEXT"}]}
COMMAND: POST /session/8690b08f518c8418ef29018541b658af/execute/async - {"script":"<script> [1562 bytes]","args":[{"selector":{"id":"application-manageresources-display-component---newResourceUnit--newRRUPage-anchBar-application-manageresources-display-component---newResourceUnit--control-anchor","interaction":{"idSuffix":"BDI-content"}},"wdio_ui5_key":"applicationmanageresources-display-component---newResourceUnit--newRRUPage-anchBar-application-manageresources-display-component---newResourceUnit--control-anchor"}]}
RESULT: {"script":"<script> [1562 bytes]","args":[{"selector":{"id":"application-manageresources-display-component---newResourceUnit--newRRUPage-anchBar-application-manageresources-display-component---newResourceUnit--control-anchor","interaction":{"idSuffix":"BDI-content"}},"wdio_ui5_key":"applicationmanageresources-display-component---newResourceUnit--newRRUPage-anchBar-application-manageresources-display-component---newResourceUnit--control-anchor"}]}
RESULT: undefined
COMMAND: POST /session/8690b08f518c8418ef29018541b658af/element - {"using":"xpath","value":"//*[@id=\"application-manageresources-display-component---newResourceUnit--newRRUPage-anchBar-application-manageresources-display-component---newResourceUnit--control-anchor\"]"}
RESULT: {"using":"xpath","value":"//*[@id=\"application-manageresources-display-component---newResourceUnit--newRRUPage-anchBar-application-manageresources-display-component---newResourceUnit--control-anchor\"]"}
COMMAND: POST /session/8690b08f518c8418ef29018541b658af/element/f.032590EE386F29951754CC6C5B23B0CB.d.0FB0C98AED6A5DE7429333527337E6DA.e.17536/click - {}
RESULT: {}
COMMAND: POST /session/8690b08f518c8418ef29018541b658af/execute/async - {"script":"<script> [1562 bytes]","args":[{"selector":{"id":"application-manageresources-display-component---newResourceUnit--PLANNING_GROUP","interaction":{"idSuffix":"inner"}},"wdio_ui5_key":"applicationmanageresources-display-component---newResourceUnit--PLANNING_GROUP"}]}
COMMAND: GET /session/8690b08f518c8418ef29018541b658af/screenshot - {}
RESULT: {"script":"<script> [1562 bytes]","args":[{"selector":{"id":"application-manageresources-display-component---newResourceUnit--PLANNING_GROUP","interaction":{"idSuffix":"inner"}},"wdio_ui5_key":"applicationmanageresources-display-component---newResourceUnit--PLANNING_GROUP"}]}
RESULT: undefined
COMMAND: POST /session/8690b08f518c8418ef29018541b658af/execute/async - {"script":"<script> [776 bytes]","args":[{"enterText":"Heavy Equi","selector":{"id":"application-manageresources-display-component---newResourceUnit--PLANNING_GROUP","interaction":{"idSuffix":"inner"}},"clearTextFirst":true,"interactionType":"ENTER_TEXT"}]}
RESULT: {}
RESULT: {"script":"<script> [776 bytes]","args":[{"enterText":"Heavy Equi","selector":{"id":"application-manageresources-display-component---newResourceUnit--PLANNING_GROUP","interaction":{"idSuffix":"inner"}},"clearTextFirst":true,"interactionType":"ENTER_TEXT"}]}
COMMAND: POST /session/8690b08f518c8418ef29018541b658af/execute/async - {"script":"<script> [1562 bytes]","args":[{"selector":{"id":"application-manageresources-display-component---newResourceUnit--ITEM_TYPE-arrow"},"wdio_ui5_key":"applicationmanageresources-display-component---newResourceUnit--ITEM_TYPE-arrow"}]}
RESULT: {"script":"<script> [1562 bytes]","args":[{"selector":{"id":"application-manageresources-display-component---newResourceUnit--ITEM_TYPE-arrow"},"wdio_ui5_key":"applicationmanageresources-display-component---newResourceUnit--ITEM_TYPE-arrow"}]}
RESULT: undefined
COMMAND: POST /session/8690b08f518c8418ef29018541b658af/element - {"using":"xpath","value":"//*[@id=\"application-manageresources-display-component---newResourceUnit--ITEM_TYPE-arrow\"]"}
RESULT: {"using":"xpath","value":"//*[@id=\"application-manageresources-display-component---newResourceUnit--ITEM_TYPE-arrow\"]"}
COMMAND: POST /session/8690b08f518c8418ef29018541b658af/element/f.032590EE386F29951754CC6C5B23B0CB.d.0FB0C98AED6A5DE7429333527337E6DA.e.17545/click - {}
RESULT: {}
COMMAND: POST /session/8690b08f518c8418ef29018541b658af/execute/async - {"script":"<script> [1562 bytes]","args":[{"selector":{"controlType":"sap.m.StandardListItem","viewName":"reusables.view.manageresources.NewResourceUnit","viewId":"application-manageresources-display-component---newResourceUnit","properties":{"title":"Resource Unit"},"searchOpenDialogs":true,"interaction":{"idSuffix":"titleText"}},"wdio_ui5_key":"reusablesview.manageresources.NewResourceUnitsap.m.StandardListItem{\"title\":\"Resource Unit\"}"}]}
COMMAND: GET /session/8690b08f518c8418ef29018541b658af/screenshot - {}
RESULT: {"script":"<script> [1562 bytes]","args":[{"selector":{"controlType":"sap.m.StandardListItem","viewName":"reusables.view.manageresources.NewResourceUnit","viewId":"application-manageresources-display-component---newResourceUnit","properties":{"title":"Resource Unit"},"searchOpenDialogs":true,"interaction":{"idSuffix":"titleText"}},"wdio_ui5_key":"reusablesview.manageresources.NewResourceUnitsap.m.StandardListItem{\"title\":\"Resource Unit\"}"}]}
RESULT: undefined
COMMAND: POST /session/8690b08f518c8418ef29018541b658af/element - {"using":"xpath","value":"//*[@id=\"__item210\"]"}
RESULT: {}
RESULT: {"using":"xpath","value":"//*[@id=\"__item210\"]"}
COMMAND: POST /session/8690b08f518c8418ef29018541b658af/element/f.032590EE386F29951754CC6C5B23B0CB.d.0FB0C98AED6A5DE7429333527337E6DA.e.17547/click - {}
RESULT: {}
COMMAND: POST /session/8690b08f518c8418ef29018541b658af/execute/async - {"script":"<script> [1562 bytes]","args":[{"selector":{"id":"application-manageresources-display-component---newResourceUnit--btnAddTimeSegment-img"},"wdio_ui5_key":"applicationmanageresources-display-component---newResourceUnit--btnAddTimeSegment-img"}]}
COMMAND: GET /session/8690b08f518c8418ef29018541b658af/screenshot - {}
RESULT: {"script":"<script> [1562 bytes]","args":[{"selector":{"id":"application-manageresources-display-component---newResourceUnit--btnAddTimeSegment-img"},"wdio_ui5_key":"applicationmanageresources-display-component---newResourceUnit--btnAddTimeSegment-img"}]}
RESULT: undefined
COMMAND: POST /session/8690b08f518c8418ef29018541b658af/element - {"using":"xpath","value":"//*[@id=\"application-manageresources-display-component---newResourceUnit--btnAddTimeSegment-img\"]"}
RESULT: {}
RESULT: {"using":"xpath","value":"//*[@id=\"application-manageresources-display-component---newResourceUnit--btnAddTimeSegment-img\"]"}
COMMAND: POST /session/8690b08f518c8418ef29018541b658af/element/f.032590EE386F29951754CC6C5B23B0CB.d.0FB0C98AED6A5DE7429333527337E6DA.e.17548/click - {}
RESULT: {}
COMMAND: POST /session/8690b08f518c8418ef29018541b658af/element - {"using":"xpath","value":"//input[@id=\"application-manageresources-display-component---newResourceUnit--idRuTSAdmin-application-manageresources-display-component---newResourceUnit--RUTimeSegment-0-inner\"]"}
COMMAND: GET /session/8690b08f518c8418ef29018541b658af/screenshot - {}
RESULT: {"using":"xpath","value":"//input[@id=\"application-manageresources-display-component---newResourceUnit--idRuTSAdmin-application-manageresources-display-component---newResourceUnit--RUTimeSegment-0-inner\"]"}
COMMAND: POST /session/8690b08f518c8418ef29018541b658af/element/f.032590EE386F29951754CC6C5B23B0CB.d.0FB0C98AED6A5DE7429333527337E6DA.e.17551/clear - {}
RESULT: {}
RESULT: {}
COMMAND: POST /session/8690b08f518c8418ef29018541b658af/element/f.032590EE386F29951754CC6C5B23B0CB.d.0FB0C98AED6A5DE7429333527337E6DA.e.17551/value - {"text":"106"}
COMMAND: GET /session/8690b08f518c8418ef29018541b658af/screenshot - {}
RESULT: {"text":"106"}
COMMAND: GET /session/8690b08f518c8418ef29018541b658af/screenshot - {}
RESULT: {}
RESULT: {}
COMMAND: POST /session/8690b08f518c8418ef29018541b658af/actions - {"actions":[{"id":"action75","type":"key","parameters":{},"actions":[{"type":"keyDown","value":"î€‡"},{"type":"pause","duration":10},{"type":"keyUp","value":"î€‡"}]}]}
RESULT: {"actions":[{"id":"action75","type":"key","parameters":{},"actions":[{"type":"keyDown","value":"î€‡"},{"type":"pause","duration":10},{"type":"keyUp","value":"î€‡"}]}]}
COMMAND: POST /session/8690b08f518c8418ef29018541b658af/execute/async - {"script":"<script> [1562 bytes]","args":[{"selector":{"controlType":"sap.ui.core.Icon","viewName":"reusables.view.manageresources.NewResourceUnit","viewId":"application-manageresources-display-component---newResourceUnit","properties":{"src":{"regex":{"source":"slim\\-arrow\\-down"}}},"ancestor":{"controlType":"sap.m.ComboBox","viewName":"reusables.view.manageresources.NewResourceUnit","viewId":"application-manageresources-display-component---newResourceUnit","bindingPath":{"path":"/RESOURCE_UNIT_TIME_SEQUENCES/0","propertyPath":"COST_OBJECT_ADMIN_CST_TYPE","modelName":"oNewRruModel"}}},"wdio_ui5_key":"reusablesview.manageresources.NewResourceUnitsap.ui.core.Icon{\"src\":{\"regex\":{\"source\":\"slim\\\\-arrow\\\\-down\"}}}{\"controlType\":\"sap.m.ComboBox\",\"viewName\":\"reusables.view.manageresources.NewResourceUnit\",\"viewId\":\"application-manageresources-display-component---newResourceUnit\",\"bindingPath\":{\"path\":\"/RESOURCE_UNIT_TIME_SEQUENCES/0\",\"propertyPath\":\"COST_OBJECT_ADMIN_CST_TYPE\",\"modelName\":\"oNewRruModel\"}}"}]}
COMMAND: GET /session/8690b08f518c8418ef29018541b658af/screenshot - {}
RESULT: {"script":"<script> [1562 bytes]","args":[{"selector":{"controlType":"sap.ui.core.Icon","viewName":"reusables.view.manageresources.NewResourceUnit","viewId":"application-manageresources-display-component---newResourceUnit","properties":{"src":{"regex":{"source":"slim\\-arrow\\-down"}}},"ancestor":{"controlType":"sap.m.ComboBox","viewName":"reusables.view.manageresources.NewResourceUnit","viewId":"application-manageresources-display-component---newResourceUnit","bindingPath":{"path":"/RESOURCE_UNIT_TIME_SEQUENCES/0","propertyPath":"COST_OBJECT_ADMIN_CST_TYPE","modelName":"oNewRruModel"}}},"wdio_ui5_key":"reusablesview.manageresources.NewResourceUnitsap.ui.core.Icon{\"src\":{\"regex\":{\"source\":\"slim\\\\-arrow\\\\-down\"}}}{\"controlType\":\"sap.m.ComboBox\",\"viewName\":\"reusables.view.manageresources.NewResourceUnit\",\"viewId\":\"application-manageresources-display-component---newResourceUnit\",\"bindingPath\":{\"path\":\"/RESOURCE_UNIT_TIME_SEQUENCES/0\",\"propertyPath\":\"COST_OBJECT_ADMIN_CST_TYPE\",\"modelName\":\"oNewRruModel\"}}"}]}
RESULT: undefined
COMMAND: POST /session/8690b08f518c8418ef29018541b658af/element - {"using":"xpath","value":"//*[@id=\"__box5-application-manageresources-display-component---newResourceUnit--RUTimeSegment-0-arrow\"]"}
RESULT: {}
RESULT: {"using":"xpath","value":"//*[@id=\"__box5-application-manageresources-display-component---newResourceUnit--RUTimeSegment-0-arrow\"]"}
COMMAND: POST /session/8690b08f518c8418ef29018541b658af/element/f.032590EE386F29951754CC6C5B23B0CB.d.0FB0C98AED6A5DE7429333527337E6DA.e.17566/click - {}
RESULT: {}
COMMAND: POST /session/8690b08f518c8418ef29018541b658af/execute/async - {"script":"<script> [1562 bytes]","args":[{"selector":{"controlType":"sap.m.StandardListItem","viewName":"reusables.view.manageresources.NewResourceUnit","viewId":"application-manageresources-display-component---newResourceUnit","properties":{"title":"PM Order"},"searchOpenDialogs":true,"interaction":{"idSuffix":"titleText"}},"wdio_ui5_key":"reusablesview.manageresources.NewResourceUnitsap.m.StandardListItem{\"title\":\"PM Order\"}"}]}
COMMAND: GET /session/8690b08f518c8418ef29018541b658af/screenshot - {}
RESULT: {"script":"<script> [1562 bytes]","args":[{"selector":{"controlType":"sap.m.StandardListItem","viewName":"reusables.view.manageresources.NewResourceUnit","viewId":"application-manageresources-display-component---newResourceUnit","properties":{"title":"PM Order"},"searchOpenDialogs":true,"interaction":{"idSuffix":"titleText"}},"wdio_ui5_key":"reusablesview.manageresources.NewResourceUnitsap.m.StandardListItem{\"title\":\"PM Order\"}"}]}
RESULT: undefined
COMMAND: POST /session/8690b08f518c8418ef29018541b658af/element - {"using":"xpath","value":"//*[@id=\"__item713\"]"}
RESULT: {}
RESULT: {"using":"xpath","value":"//*[@id=\"__item713\"]"}
COMMAND: POST /session/8690b08f518c8418ef29018541b658af/element/f.032590EE386F29951754CC6C5B23B0CB.d.0FB0C98AED6A5DE7429333527337E6DA.e.17570/click - {}
RESULT: {}
COMMAND: POST /session/8690b08f518c8418ef29018541b658af/element - {"using":"xpath","value":"(//input[contains(@id ,\"-application-manageresources-display-component---newResourceUnit--RUTimeSegment-0-inner\")])[8]"}
COMMAND: GET /session/8690b08f518c8418ef29018541b658af/screenshot - {}
RESULT: {"using":"xpath","value":"(//input[contains(@id ,\"-application-manageresources-display-component---newResourceUnit--RUTimeSegment-0-inner\")])[8]"}
COMMAND: POST /session/8690b08f518c8418ef29018541b658af/element/f.032590EE386F29951754CC6C5B23B0CB.d.0FB0C98AED6A5DE7429333527337E6DA.e.17559/clear - {}
RESULT: {}
COMMAND: POST /session/8690b08f518c8418ef29018541b658af/element - {"using":"xpath","value":"(//input[contains(@id ,\"-application-manageresources-display-component---newResourceUnit--RUTimeSegment-0-inner\")])[8]"}
RESULT: {"using":"xpath","value":"(//input[contains(@id ,\"-application-manageresources-display-component---newResourceUnit--RUTimeSegment-0-inner\")])[8]"}
COMMAND: POST /session/8690b08f518c8418ef29018541b658af/element/f.032590EE386F29951754CC6C5B23B0CB.d.0FB0C98AED6A5DE7429333527337E6DA.e.17559/clear - {}
COMMAND: POST /session/8690b08f518c8418ef29018541b658af/element - {"using":"xpath","value":"(//input[contains(@id ,\"-application-manageresources-display-component---newResourceUnit--RUTimeSegment-0-inner\")])[8]"}
RESULT: {"using":"xpath","value":"(//input[contains(@id ,\"-application-manageresources-display-component---newResourceUnit--RUTimeSegment-0-inner\")])[8]"}
COMMAND: POST /session/8690b08f518c8418ef29018541b658af/element/f.032590EE386F29951754CC6C5B23B0CB.d.0FB0C98AED6A5DE7429333527337E6DA.e.17574/clear - {}
RESULT: {}
COMMAND: POST /session/8690b08f518c8418ef29018541b658af/element/f.032590EE386F29951754CC6C5B23B0CB.d.0FB0C98AED6A5DE7429333527337E6DA.e.17574/value - {"text":"4000360"}
COMMAND: GET /session/8690b08f518c8418ef29018541b658af/screenshot - {}
RESULT: {"text":"4000360"}
COMMAND: GET /session/8690b08f518c8418ef29018541b658af/screenshot - {}
RESULT: {}
RESULT: {}
COMMAND: POST /session/8690b08f518c8418ef29018541b658af/actions - {"actions":[{"id":"action76","type":"key","parameters":{},"actions":[{"type":"keyDown","value":"î€‡"},{"type":"pause","duration":10},{"type":"keyUp","value":"î€‡"}]}]}
RESULT: {"actions":[{"id":"action76","type":"key","parameters":{},"actions":[{"type":"keyDown","value":"î€‡"},{"type":"pause","duration":10},{"type":"keyUp","value":"î€‡"}]}]}
COMMAND: GET /session/8690b08f518c8418ef29018541b658af/screenshot - {}
RESULT: {}
COMMAND: POST /session/8690b08f518c8418ef29018541b658af/execute/async - {"script":"<script> [1562 bytes]","args":[{"selector":{"id":"application-manageresources-display-component---newResourceUnit--newRRUPage-anchBar-application-manageresources-display-component---newResourceUnit--resource-anchor","interaction":{"idSuffix":"BDI-content"}},"wdio_ui5_key":"applicationmanageresources-display-component---newResourceUnit--newRRUPage-anchBar-application-manageresources-display-component---newResourceUnit--resource-anchor"}]}
RESULT: {"script":"<script> [1562 bytes]","args":[{"selector":{"id":"application-manageresources-display-component---newResourceUnit--newRRUPage-anchBar-application-manageresources-display-component---newResourceUnit--resource-anchor","interaction":{"idSuffix":"BDI-content"}},"wdio_ui5_key":"applicationmanageresources-display-component---newResourceUnit--newRRUPage-anchBar-application-manageresources-display-component---newResourceUnit--resource-anchor"}]}
RESULT: undefined
COMMAND: POST /session/8690b08f518c8418ef29018541b658af/element - {"using":"xpath","value":"//*[@id=\"application-manageresources-display-component---newResourceUnit--newRRUPage-anchBar-application-manageresources-display-component---newResourceUnit--resource-anchor\"]"}
RESULT: {"using":"xpath","value":"//*[@id=\"application-manageresources-display-component---newResourceUnit--newRRUPage-anchBar-application-manageresources-display-component---newResourceUnit--resource-anchor\"]"}
COMMAND: POST /session/8690b08f518c8418ef29018541b658af/element/f.032590EE386F29951754CC6C5B23B0CB.d.0FB0C98AED6A5DE7429333527337E6DA.e.17590/click - {}
RESULT: {}
COMMAND: POST /session/8690b08f518c8418ef29018541b658af/execute/async - {"script":"<script> [1562 bytes]","args":[{"selector":{"id":"application-manageresources-display-component---newResourceUnit--PLANNED_DELIVERY_DATE","interaction":{"idSuffix":"inner"}},"wdio_ui5_key":"applicationmanageresources-display-component---newResourceUnit--PLANNED_DELIVERY_DATE"}]}
COMMAND: GET /session/8690b08f518c8418ef29018541b658af/screenshot - {}
RESULT: {}
RESULT: {"script":"<script> [1562 bytes]","args":[{"selector":{"id":"application-manageresources-display-component---newResourceUnit--PLANNED_DELIVERY_DATE","interaction":{"idSuffix":"inner"}},"wdio_ui5_key":"applicationmanageresources-display-component---newResourceUnit--PLANNED_DELIVERY_DATE"}]}
RESULT: undefined
COMMAND: POST /session/8690b08f518c8418ef29018541b658af/execute/async - {"script":"<script> [6424 bytes]","args":[{"element-6066-11e4-a52e-4f735466cecf":"f.032590EE386F29951754CC6C5B23B0CB.d.0FB0C98AED6A5DE7429333527337E6DA.e.17457"},"setValue",["5/5/25"]]}
RESULT: {"script":"<script> [6424 bytes]","args":[{"element-6066-11e4-a52e-4f735466cecf":"f.032590EE386F29951754CC6C5B23B0CB.d.0FB0C98AED6A5DE7429333527337E6DA.e.17457"},"setValue",["5/5/25"]]}
COMMAND: POST /session/8690b08f518c8418ef29018541b658af/execute/async - {"script":"<script> [1562 bytes]","args":[{"selector":{"controlType":"sap.m.Button","viewName":"reusables.view.manageresources.NewResourceUnit","viewId":"application-manageresources-display-component---newResourceUnit","i18NText":{"propertyName":"tooltip","key":"save"},"interaction":{"idSuffix":"BDI-content"}},"wdio_ui5_key":"reusablesview.manageresources.NewResourceUnitsap.m.Button{\"propertyName\":\"tooltip\",\"key\":\"save\"}"}]}
RESULT: {"script":"<script> [1562 bytes]","args":[{"selector":{"controlType":"sap.m.Button","viewName":"reusables.view.manageresources.NewResourceUnit","viewId":"application-manageresources-display-component---newResourceUnit","i18NText":{"propertyName":"tooltip","key":"save"},"interaction":{"idSuffix":"BDI-content"}},"wdio_ui5_key":"reusablesview.manageresources.NewResourceUnitsap.m.Button{\"propertyName\":\"tooltip\",\"key\":\"save\"}"}]}
RESULT: undefined
COMMAND: POST /session/8690b08f518c8418ef29018541b658af/element - {"using":"xpath","value":"//*[@id=\"application-manageresources-display-component---newResourceUnit--createRuButton\"]"}
RESULT: {"using":"xpath","value":"//*[@id=\"application-manageresources-display-component---newResourceUnit--createRuButton\"]"}
COMMAND: POST /session/8690b08f518c8418ef29018541b658af/element/f.032590EE386F29951754CC6C5B23B0CB.d.0FB0C98AED6A5DE7429333527337E6DA.e.17417/click - {}
RESULT: {}
COMMAND: GET /session/8690b08f518c8418ef29018541b658af/screenshot - {}
RESULT: {}
COMMAND: POST /session/8690b08f518c8418ef29018541b658af/execute/async - {"script":"<script> [1562 bytes]","args":[{"selector":{"controlType":"sap.m.Button","properties":{"text":"Close"},"searchOpenDialogs":true,"interaction":{"idSuffix":"inner"}},"wdio_ui5_key":"sapm.Button{\"text\":\"Close\"}"}]}
RESULT: {"script":"<script> [1562 bytes]","args":[{"selector":{"controlType":"sap.m.Button","properties":{"text":"Close"},"searchOpenDialogs":true,"interaction":{"idSuffix":"inner"}},"wdio_ui5_key":"sapm.Button{\"text\":\"Close\"}"}]}
RESULT: undefined
COMMAND: POST /session/8690b08f518c8418ef29018541b658af/element - {"using":"xpath","value":"//*[@id=\"__mbox-btn-0\"]"}
RESULT: {"using":"xpath","value":"//*[@id=\"__mbox-btn-0\"]"}
COMMAND: POST /session/8690b08f518c8418ef29018541b658af/element/f.032590EE386F29951754CC6C5B23B0CB.d.0FB0C98AED6A5DE7429333527337E6DA.e.17596/click - {}
RESULT: {}
COMMAND: GET /session/8690b08f518c8418ef29018541b658af/screenshot - {}
COMMAND: POST /session/8690b08f518c8418ef29018541b658af/execute/async - {"script":"<script> [1562 bytes]","args":[{"selector":{"controlType":"sap.m.Text","viewName":"etm.portal.ui.manageresources.view.Detail","viewId":"application-manageresources-display-component---detailRU","bindingPath":{"propertyPath":"ID","modelName":"catalogModel"}},"wdio_ui5_key":"etmportal.ui.manageresources.view.Detailsap.m.Text{\"propertyPath\":\"ID\",\"modelName\":\"catalogModel\"}"}]}
RESULT: {}
RESULT: {"script":"<script> [1562 bytes]","args":[{"selector":{"controlType":"sap.m.Text","viewName":"etm.portal.ui.manageresources.view.Detail","viewId":"application-manageresources-display-component---detailRU","bindingPath":{"propertyPath":"ID","modelName":"catalogModel"}},"wdio_ui5_key":"etmportal.ui.manageresources.view.Detailsap.m.Text{\"propertyPath\":\"ID\",\"modelName\":\"catalogModel\"}"}]}
RESULT: undefined
COMMAND: POST /session/8690b08f518c8418ef29018541b658af/execute/async - {"script":"<script> [6424 bytes]","args":[{"element-6066-11e4-a52e-4f735466cecf":"f.032590EE386F29951754CC6C5B23B0CB.d.0FB0C98AED6A5DE7429333527337E6DA.e.17630"},"getText",[]]}
RESULT: {"script":"<script> [6424 bytes]","args":[{"element-6066-11e4-a52e-4f735466cecf":"f.032590EE386F29951754CC6C5B23B0CB.d.0FB0C98AED6A5DE7429333527337E6DA.e.17630"},"getText",[]]}
COMMAND: POST /session/8690b08f518c8418ef29018541b658af/execute/async - {"script":"<script> [1562 bytes]","args":[{"selector":{"controlType":"sap.m.OverflowToolbarButton","viewName":"etm.portal.ui.manageresources.view.Master","viewId":"application-manageresources-display-component---masterRU","bindingPath":{"path":"","propertyPath":"/isLogbook","modelName":"minimumStockRPGModel"},"interaction":{"idSuffix":"inner"}},"wdio_ui5_key":"etmportal.ui.manageresources.view.Mastersap.m.OverflowToolbarButton{\"path\":\"\",\"propertyPath\":\"/isLogbook\",\"modelName\":\"minimumStockRPGModel\"}"}]}
RESULT: {"script":"<script> [1562 bytes]","args":[{"selector":{"controlType":"sap.m.OverflowToolbarButton","viewName":"etm.portal.ui.manageresources.view.Master","viewId":"application-manageresources-display-component---masterRU","bindingPath":{"path":"","propertyPath":"/isLogbook","modelName":"minimumStockRPGModel"},"interaction":{"idSuffix":"inner"}},"wdio_ui5_key":"etmportal.ui.manageresources.view.Mastersap.m.OverflowToolbarButton{\"path\":\"\",\"propertyPath\":\"/isLogbook\",\"modelName\":\"minimumStockRPGModel\"}"}]}
RESULT: undefined
COMMAND: POST /session/8690b08f518c8418ef29018541b658af/element - {"using":"xpath","value":"//*[@id=\"__button5\"]"}
RESULT: {"using":"xpath","value":"//*[@id=\"__button5\"]"}
COMMAND: POST /session/8690b08f518c8418ef29018541b658af/element/f.032590EE386F29951754CC6C5B23B0CB.d.0FB0C98AED6A5DE7429333527337E6DA.e.17089/click - {}
RESULT: {}
COMMAND: GET /session/8690b08f518c8418ef29018541b658af/screenshot - {}
RESULT: undefined
COMMAND: POST /session/8690b08f518c8418ef29018541b658af/element - {"using":"xpath","value":"//*[@id=\"application-manageresources-display-component---newResourceUnit--TYPE-arrow\"]"}
RESULT: {}
RESULT: {"using":"xpath","value":"//*[@id=\"application-manageresources-display-component---newResourceUnit--TYPE-arrow\"]"}
COMMAND: POST /session/8690b08f518c8418ef29018541b658af/element/f.032590EE386F29951754CC6C5B23B0CB.d.0FB0C98AED6A5DE7429333527337E6DA.e.17400/click - {}
RESULT: {}
COMMAND: POST /session/8690b08f518c8418ef29018541b658af/execute/async - {"script":"<script> [1562 bytes]","args":[{"selector":{"controlType":"sap.m.StandardListItem","viewName":"reusables.view.manageresources.NewResourceUnit","viewId":"application-manageresources-display-component---newResourceUnit","properties":{"title":"Equi Multipart"},"searchOpenDialogs":true,"interaction":{"idSuffix":"titleText"}},"wdio_ui5_key":"reusablesview.manageresources.NewResourceUnitsap.m.StandardListItem{\"title\":\"Equi Multipart\"}"}]}
COMMAND: GET /session/8690b08f518c8418ef29018541b658af/screenshot - {}
RESULT: {"script":"<script> [1562 bytes]","args":[{"selector":{"controlType":"sap.m.StandardListItem","viewName":"reusables.view.manageresources.NewResourceUnit","viewId":"application-manageresources-display-component---newResourceUnit","properties":{"title":"Equi Multipart"},"searchOpenDialogs":true,"interaction":{"idSuffix":"titleText"}},"wdio_ui5_key":"reusablesview.manageresources.NewResourceUnitsap.m.StandardListItem{\"title\":\"Equi Multipart\"}"}]}
RESULT: undefined
COMMAND: POST /session/8690b08f518c8418ef29018541b658af/element - {"using":"xpath","value":"//*[@id=\"__item146\"]"}
RESULT: {}
RESULT: {"using":"xpath","value":"//*[@id=\"__item146\"]"}
COMMAND: POST /session/8690b08f518c8418ef29018541b658af/element/f.032590EE386F29951754CC6C5B23B0CB.d.0FB0C98AED6A5DE7429333527337E6DA.e.17652/click - {}
RESULT: {}
RESULT: undefined
COMMAND: POST /session/8690b08f518c8418ef29018541b658af/execute/async - {"script":"<script> [776 bytes]","args":[{"enterText":"TransferYardmultipartpn43c","selector":{"id":"application-manageresources-display-component---newResourceUnit--SHORT_TEXT","interaction":{"idSuffix":"inner"}},"clearTextFirst":true,"interactionType":"ENTER_TEXT"}]}
COMMAND: GET /session/8690b08f518c8418ef29018541b658af/screenshot - {}
RESULT: {"script":"<script> [776 bytes]","args":[{"enterText":"TransferYardmultipartpn43c","selector":{"id":"application-manageresources-display-component---newResourceUnit--SHORT_TEXT","interaction":{"idSuffix":"inner"}},"clearTextFirst":true,"interactionType":"ENTER_TEXT"}]}
RESULT: undefined
COMMAND: POST /session/8690b08f518c8418ef29018541b658af/execute/async - {"script":"<script> [776 bytes]","args":[{"enterText":"Piece","selector":{"id":"application-manageresources-display-component---newResourceUnit--BASE_UNIT_OF_MEASURE","interaction":{"idSuffix":"inner"}},"clearTextFirst":true,"interactionType":"ENTER_TEXT"}]}
RESULT: {}
RESULT: {"script":"<script> [776 bytes]","args":[{"enterText":"Piece","selector":{"id":"application-manageresources-display-component---newResourceUnit--BASE_UNIT_OF_MEASURE","interaction":{"idSuffix":"inner"}},"clearTextFirst":true,"interactionType":"ENTER_TEXT"}]}
RESULT: undefined
COMMAND: POST /session/8690b08f518c8418ef29018541b658af/execute/async - {"script":"<script> [776 bytes]","args":[{"enterText":"Gram","selector":{"id":"application-manageresources-display-component---newResourceUnit--WEIGHT_UNIT","interaction":{"idSuffix":"inner"}},"clearTextFirst":true,"interactionType":"ENTER_TEXT"}]}
RESULT: {"script":"<script> [776 bytes]","args":[{"enterText":"Gram","selector":{"id":"application-manageresources-display-component---newResourceUnit--WEIGHT_UNIT","interaction":{"idSuffix":"inner"}},"clearTextFirst":true,"interactionType":"ENTER_TEXT"}]}
RESULT: undefined
COMMAND: POST /session/8690b08f518c8418ef29018541b658af/execute/async - {"script":"<script> [776 bytes]","args":[{"enterText":"Meter","selector":{"id":"application-manageresources-display-component---newResourceUnit--DIMENSION_UNIT","interaction":{"idSuffix":"inner"}},"clearTextFirst":true,"interactionType":"ENTER_TEXT"}]}
RESULT: {"script":"<script> [776 bytes]","args":[{"enterText":"Meter","selector":{"id":"application-manageresources-display-component---newResourceUnit--DIMENSION_UNIT","interaction":{"idSuffix":"inner"}},"clearTextFirst":true,"interactionType":"ENTER_TEXT"}]}
RESULT: undefined
COMMAND: POST /session/8690b08f518c8418ef29018541b658af/execute/async - {"script":"<script> [776 bytes]","args":[{"enterText":"Heavy equip","selector":{"id":"application-manageresources-display-component---newResourceUnit--PLANNING_GROUP","interaction":{"idSuffix":"inner"}},"clearTextFirst":true,"interactionType":"ENTER_TEXT"}]}
RESULT: {"script":"<script> [776 bytes]","args":[{"enterText":"Heavy equip","selector":{"id":"application-manageresources-display-component---newResourceUnit--PLANNING_GROUP","interaction":{"idSuffix":"inner"}},"clearTextFirst":true,"interactionType":"ENTER_TEXT"}]}
RESULT: undefined
COMMAND: POST /session/8690b08f518c8418ef29018541b658af/element - {"using":"xpath","value":"//*[@id=\"application-manageresources-display-component---newResourceUnit--ITEM_TYPE-arrow\"]"}
RESULT: {"using":"xpath","value":"//*[@id=\"application-manageresources-display-component---newResourceUnit--ITEM_TYPE-arrow\"]"}
COMMAND: POST /session/8690b08f518c8418ef29018541b658af/element/f.032590EE386F29951754CC6C5B23B0CB.d.0FB0C98AED6A5DE7429333527337E6DA.e.17715/click - {}
RESULT: {}
COMMAND: POST /session/8690b08f518c8418ef29018541b658af/execute/async - {"script":"<script> [1562 bytes]","args":[{"selector":{"controlType":"sap.m.StandardListItem","viewName":"reusables.view.manageresources.NewResourceUnit","viewId":"application-manageresources-display-component---newResourceUnit","properties":{"title":"Pool Equipment"},"searchOpenDialogs":true,"interaction":{"idSuffix":"content"}},"wdio_ui5_key":"reusablesview.manageresources.NewResourceUnitsap.m.StandardListItem{\"title\":\"Pool Equipment\"}"}]}
COMMAND: GET /session/8690b08f518c8418ef29018541b658af/screenshot - {}
RESULT: {"script":"<script> [1562 bytes]","args":[{"selector":{"controlType":"sap.m.StandardListItem","viewName":"reusables.view.manageresources.NewResourceUnit","viewId":"application-manageresources-display-component---newResourceUnit","properties":{"title":"Pool Equipment"},"searchOpenDialogs":true,"interaction":{"idSuffix":"content"}},"wdio_ui5_key":"reusablesview.manageresources.NewResourceUnitsap.m.StandardListItem{\"title\":\"Pool Equipment\"}"}]}
RESULT: undefined
COMMAND: POST /session/8690b08f518c8418ef29018541b658af/element - {"using":"xpath","value":"//*[@id=\"__item939\"]"}
RESULT: {}
RESULT: {"using":"xpath","value":"//*[@id=\"__item939\"]"}
COMMAND: POST /session/8690b08f518c8418ef29018541b658af/element/f.032590EE386F29951754CC6C5B23B0CB.d.0FB0C98AED6A5DE7429333527337E6DA.e.17717/click - {}
RESULT: {}
COMMAND: POST /session/8690b08f518c8418ef29018541b658af/execute/async - {"script":"<script> [1562 bytes]","args":[{"selector":{"id":"application-manageresources-display-component---newResourceUnit--PLANNING_INDICATOR","interaction":{"idSuffix":"inner"}},"wdio_ui5_key":"applicationmanageresources-display-component---newResourceUnit--PLANNING_INDICATOR"}]}
COMMAND: GET /session/8690b08f518c8418ef29018541b658af/screenshot - {}
RESULT: {"script":"<script> [1562 bytes]","args":[{"selector":{"id":"application-manageresources-display-component---newResourceUnit--PLANNING_INDICATOR","interaction":{"idSuffix":"inner"}},"wdio_ui5_key":"applicationmanageresources-display-component---newResourceUnit--PLANNING_INDICATOR"}]}
RESULT: undefined
COMMAND: POST /session/8690b08f518c8418ef29018541b658af/execute/async - {"script":"<script> [776 bytes]","args":[{"enterText":"10 - infinite","selector":{"id":"application-manageresources-display-component---newResourceUnit--PLANNING_INDICATOR","interaction":{"idSuffix":"inner"}},"clearTextFirst":true,"interactionType":"ENTER_TEXT"}]}
RESULT: {}
RESULT: {"script":"<script> [776 bytes]","args":[{"enterText":"10 - infinite","selector":{"id":"application-manageresources-display-component---newResourceUnit--PLANNING_INDICATOR","interaction":{"idSuffix":"inner"}},"clearTextFirst":true,"interactionType":"ENTER_TEXT"}]}
COMMAND: POST /session/8690b08f518c8418ef29018541b658af/actions - {"actions":[{"id":"action77","type":"key","parameters":{},"actions":[{"type":"keyDown","value":"î€‡"},{"type":"pause","duration":10},{"type":"keyUp","value":"î€‡"}]}]}
RESULT: {"actions":[{"id":"action77","type":"key","parameters":{},"actions":[{"type":"keyDown","value":"î€‡"},{"type":"pause","duration":10},{"type":"keyUp","value":"î€‡"}]}]}
RESULT: undefined
COMMAND: POST /session/8690b08f518c8418ef29018541b658af/element - {"using":"xpath","value":"//*[@id=\"application-manageresources-display-component---newResourceUnit--newRRUPage-anchBar-application-manageresources-display-component---newResourceUnit--control-anchor\"]"}
COMMAND: GET /session/8690b08f518c8418ef29018541b658af/screenshot - {}
RESULT: {"using":"xpath","value":"//*[@id=\"application-manageresources-display-component---newResourceUnit--newRRUPage-anchBar-application-manageresources-display-component---newResourceUnit--control-anchor\"]"}
COMMAND: POST /session/8690b08f518c8418ef29018541b658af/element/f.032590EE386F29951754CC6C5B23B0CB.d.0FB0C98AED6A5DE7429333527337E6DA.e.17719/click - {}
RESULT: {}
RESULT: {}
RESULT: undefined
COMMAND: POST /session/8690b08f518c8418ef29018541b658af/element - {"using":"xpath","value":"//*[@id=\"application-manageresources-display-component---newResourceUnit--btnAddTimeSegment-img\"]"}
COMMAND: GET /session/8690b08f518c8418ef29018541b658af/screenshot - {}
RESULT: {"using":"xpath","value":"//*[@id=\"application-manageresources-display-component---newResourceUnit--btnAddTimeSegment-img\"]"}
COMMAND: POST /session/8690b08f518c8418ef29018541b658af/element/f.032590EE386F29951754CC6C5B23B0CB.d.0FB0C98AED6A5DE7429333527337E6DA.e.17722/click - {}
RESULT: {}
RESULT: {}
COMMAND: POST /session/8690b08f518c8418ef29018541b658af/element - {"using":"xpath","value":"//input[@id=\"application-manageresources-display-component---newResourceUnit--idRuTSAdmin-application-manageresources-display-component---newResourceUnit--RUTimeSegment-0-inner\"]"}
COMMAND: GET /session/8690b08f518c8418ef29018541b658af/screenshot - {}
RESULT: {"using":"xpath","value":"//input[@id=\"application-manageresources-display-component---newResourceUnit--idRuTSAdmin-application-manageresources-display-component---newResourceUnit--RUTimeSegment-0-inner\"]"}
COMMAND: POST /session/8690b08f518c8418ef29018541b658af/element/f.032590EE386F29951754CC6C5B23B0CB.d.0FB0C98AED6A5DE7429333527337E6DA.e.17727/clear - {}
RESULT: {}
RESULT: {}
COMMAND: POST /session/8690b08f518c8418ef29018541b658af/element/f.032590EE386F29951754CC6C5B23B0CB.d.0FB0C98AED6A5DE7429333527337E6DA.e.17727/value - {"text":"106"}
COMMAND: GET /session/8690b08f518c8418ef29018541b658af/screenshot - {}
RESULT: {"text":"106"}
COMMAND: GET /session/8690b08f518c8418ef29018541b658af/screenshot - {}
RESULT: {}
RESULT: {}
COMMAND: POST /session/8690b08f518c8418ef29018541b658af/actions - {"actions":[{"id":"action78","type":"key","parameters":{},"actions":[{"type":"keyDown","value":"î€‡"},{"type":"pause","duration":10},{"type":"keyUp","value":"î€‡"}]}]}
RESULT: {"actions":[{"id":"action78","type":"key","parameters":{},"actions":[{"type":"keyDown","value":"î€‡"},{"type":"pause","duration":10},{"type":"keyUp","value":"î€‡"}]}]}
COMMAND: GET /session/8690b08f518c8418ef29018541b658af/screenshot - {}
RESULT: {}
COMMAND: POST /session/8690b08f518c8418ef29018541b658af/element - {"using":"xpath","value":"//*[text()=\"Save\"]"}
RESULT: {"using":"xpath","value":"//*[text()=\"Save\"]"}
COMMAND: POST /session/8690b08f518c8418ef29018541b658af/execute/sync - {"script":"<script> [8489 bytes]","args":[{"element-6066-11e4-a52e-4f735466cecf":"f.032590EE386F29951754CC6C5B23B0CB.d.0FB0C98AED6A5DE7429333527337E6DA.e.17595","ELEMENT":"f.032590EE386F29951754CC6C5B23B0CB.d.0FB0C98AED6A5DE7429333527337E6DA.e.17595"}]}
RESULT: {"script":"<script> [8489 bytes]","args":[{"element-6066-11e4-a52e-4f735466cecf":"f.032590EE386F29951754CC6C5B23B0CB.d.0FB0C98AED6A5DE7429333527337E6DA.e.17595","ELEMENT":"f.032590EE386F29951754CC6C5B23B0CB.d.0FB0C98AED6A5DE7429333527337E6DA.e.17595"}]}
COMMAND: POST /session/8690b08f518c8418ef29018541b658af/execute/sync - {"script":"<script> [5351 bytes]","args":[{"element-6066-11e4-a52e-4f735466cecf":"f.032590EE386F29951754CC6C5B23B0CB.d.0FB0C98AED6A5DE7429333527337E6DA.e.17595","ELEMENT":"f.032590EE386F29951754CC6C5B23B0CB.d.0FB0C98AED6A5DE7429333527337E6DA.e.17595"}]}
COMMAND: GET /session/8690b08f518c8418ef29018541b658af/screenshot - {}
RESULT: {"script":"<script> [5351 bytes]","args":[{"element-6066-11e4-a52e-4f735466cecf":"f.032590EE386F29951754CC6C5B23B0CB.d.0FB0C98AED6A5DE7429333527337E6DA.e.17595","ELEMENT":"f.032590EE386F29951754CC6C5B23B0CB.d.0FB0C98AED6A5DE7429333527337E6DA.e.17595"}]}
COMMAND: POST /session/8690b08f518c8418ef29018541b658af/element/f.032590EE386F29951754CC6C5B23B0CB.d.0FB0C98AED6A5DE7429333527337E6DA.e.17595/click - {}
COMMAND: GET /session/8690b08f518c8418ef29018541b658af/screenshot - {}
RESULT: {}
RESULT: {}
COMMAND: GET /session/8690b08f518c8418ef29018541b658af/screenshot - {}
RESULT: {}
RESULT: {}
COMMAND: POST /session/8690b08f518c8418ef29018541b658af/element - {"using":"xpath","value":"//bdi[contains(text(), \"Close\")]"}
RESULT: {"using":"xpath","value":"//bdi[contains(text(), \"Close\")]"}
COMMAND: POST /session/8690b08f518c8418ef29018541b658af/element/f.032590EE386F29951754CC6C5B23B0CB.d.0FB0C98AED6A5DE7429333527337E6DA.e.17746/click - {}
RESULT: {}
COMMAND: GET /session/8690b08f518c8418ef29018541b658af/screenshot - {}
RESULT: {}
RESULT: undefined
COMMAND: POST /session/8690b08f518c8418ef29018541b658af/execute/async - {"script":"<script> [6424 bytes]","args":[{"element-6066-11e4-a52e-4f735466cecf":"f.032590EE386F29951754CC6C5B23B0CB.d.0FB0C98AED6A5DE7429333527337E6DA.e.17630"},"getText",[]]}
RESULT: {"script":"<script> [6424 bytes]","args":[{"element-6066-11e4-a52e-4f735466cecf":"f.032590EE386F29951754CC6C5B23B0CB.d.0FB0C98AED6A5DE7429333527337E6DA.e.17630"},"getText",[]]}
COMMAND: POST /session/8690b08f518c8418ef29018541b658af/element - {"using":"css selector","value":"#shell-header-logo"}
RESULT: {"using":"css selector","value":"#shell-header-logo"}
COMMAND: POST /session/8690b08f518c8418ef29018541b658af/element/f.032590EE386F29951754CC6C5B23B0CB.d.0FB0C98AED6A5DE7429333527337E6DA.e.17043/click - {}
RESULT: {}
COMMAND: GET /session/8690b08f518c8418ef29018541b658af/screenshot - {}
RESULT: {}
]]></system-out>
    </testcase>
    <testcase classname="chrome.135_0_7049_115.windows.Transfer_Yard_to_Yard_US131076" name="Should do a stock increase for the equipment and multipart" time="74.525">
      <system-out><![CDATA[
COMMAND: POST /session/8690b08f518c8418ef29018541b658af/execute/async - {"script":"<script> [1562 bytes]","args":[{"selector":{"controlType":"sap.m.Text","viewName":"etm.portal.ui.managehandoverstile.view.Master","properties":{"text":"Manage Handovers"},"interaction":{"idSuffix":"inner"}},"wdio_ui5_key":"etmportal.ui.managehandoverstile.view.Mastersap.m.Text{\"text\":\"Manage Handovers\"}"}]}
RESULT: {"script":"<script> [1562 bytes]","args":[{"selector":{"controlType":"sap.m.Text","viewName":"etm.portal.ui.managehandoverstile.view.Master","properties":{"text":"Manage Handovers"},"interaction":{"idSuffix":"inner"}},"wdio_ui5_key":"etmportal.ui.managehandoverstile.view.Mastersap.m.Text{\"text\":\"Manage Handovers\"}"}]}
RESULT: undefined
COMMAND: POST /session/8690b08f518c8418ef29018541b658af/element - {"using":"xpath","value":"//*[@id=\"__tile131-title\"]"}
RESULT: {"using":"xpath","value":"//*[@id=\"__tile131-title\"]"}
COMMAND: POST /session/8690b08f518c8418ef29018541b658af/element/f.032590EE386F29951754CC6C5B23B0CB.d.0FB0C98AED6A5DE7429333527337E6DA.e.17765/click - {}
RESULT: {}
COMMAND: GET /session/8690b08f518c8418ef29018541b658af/screenshot - {}
COMMAND: POST /session/8690b08f518c8418ef29018541b658af/execute/async - {"script":"<script> [1562 bytes]","args":[{"selector":{"controlType":"sap.ui.core.Icon","viewName":"etm.portal.ui.managehandovers.view.MasterHO","properties":{"src":{"regex":{"source":"add"}}}},"wdio_ui5_key":"etmportal.ui.managehandovers.view.MasterHOsap.ui.core.Icon{\"src\":{\"regex\":{\"source\":\"add\"}}}"}]}
RESULT: {}
RESULT: {"script":"<script> [1562 bytes]","args":[{"selector":{"controlType":"sap.ui.core.Icon","viewName":"etm.portal.ui.managehandovers.view.MasterHO","properties":{"src":{"regex":{"source":"add"}}}},"wdio_ui5_key":"etmportal.ui.managehandovers.view.MasterHOsap.ui.core.Icon{\"src\":{\"regex\":{\"source\":\"add\"}}}"}]}
RESULT: undefined
COMMAND: POST /session/8690b08f518c8418ef29018541b658af/element - {"using":"xpath","value":"//*[@id=\"__button85-img\"]"}
RESULT: {"using":"xpath","value":"//*[@id=\"__button85-img\"]"}
COMMAND: POST /session/8690b08f518c8418ef29018541b658af/element/f.032590EE386F29951754CC6C5B23B0CB.d.0FB0C98AED6A5DE7429333527337E6DA.e.17804/click - {}
RESULT: {}
COMMAND: POST /session/8690b08f518c8418ef29018541b658af/execute/async - {"script":"<script> [1562 bytes]","args":[{"selector":{"id":"application-managehandovers-display-component---AddNewHO--typeSelect","interaction":{"idSuffix":"arrow"}},"wdio_ui5_key":"applicationmanagehandovers-display-component---AddNewHO--typeSelect"}]}
COMMAND: GET /session/8690b08f518c8418ef29018541b658af/screenshot - {}
RESULT: {}
RESULT: {"script":"<script> [1562 bytes]","args":[{"selector":{"id":"application-managehandovers-display-component---AddNewHO--typeSelect","interaction":{"idSuffix":"arrow"}},"wdio_ui5_key":"applicationmanagehandovers-display-component---AddNewHO--typeSelect"}]}
RESULT: undefined
COMMAND: POST /session/8690b08f518c8418ef29018541b658af/element - {"using":"xpath","value":"//*[@id=\"application-managehandovers-display-component---AddNewHO--typeSelect\"]"}
RESULT: {"using":"xpath","value":"//*[@id=\"application-managehandovers-display-component---AddNewHO--typeSelect\"]"}
COMMAND: POST /session/8690b08f518c8418ef29018541b658af/element/f.032590EE386F29951754CC6C5B23B0CB.d.0FB0C98AED6A5DE7429333527337E6DA.e.18099/click - {}
RESULT: {}
COMMAND: POST /session/8690b08f518c8418ef29018541b658af/execute/async - {"script":"<script> [1562 bytes]","args":[{"selector":{"controlType":"sap.ui.core.Item","viewName":"etm.portal.ui.managehandovers.view.AddNewHO","viewId":"application-managehandovers-display-component---AddNewHO","bindingPath":{"path":"/HandOverTypes('100')","propertyPath":"ID","modelName":"catalogModel"},"searchOpenDialogs":true},"wdio_ui5_key":"etmportal.ui.managehandovers.view.AddNewHOsap.ui.core.Item{\"path\":\"/HandOverTypes('100')\",\"propertyPath\":\"ID\",\"modelName\":\"catalogModel\"}"}]}
COMMAND: GET /session/8690b08f518c8418ef29018541b658af/screenshot - {}
RESULT: {"script":"<script> [1562 bytes]","args":[{"selector":{"controlType":"sap.ui.core.Item","viewName":"etm.portal.ui.managehandovers.view.AddNewHO","viewId":"application-managehandovers-display-component---AddNewHO","bindingPath":{"path":"/HandOverTypes('100')","propertyPath":"ID","modelName":"catalogModel"},"searchOpenDialogs":true},"wdio_ui5_key":"etmportal.ui.managehandovers.view.AddNewHOsap.ui.core.Item{\"path\":\"/HandOverTypes('100')\",\"propertyPath\":\"ID\",\"modelName\":\"catalogModel\"}"}]}
RESULT: undefined
COMMAND: POST /session/8690b08f518c8418ef29018541b658af/element - {"using":"xpath","value":"//*[@id=\"__item1660-application-managehandovers-display-component---AddNewHO--typeSelect-1\"]"}
RESULT: {}
RESULT: {"using":"xpath","value":"//*[@id=\"__item1660-application-managehandovers-display-component---AddNewHO--typeSelect-1\"]"}
COMMAND: POST /session/8690b08f518c8418ef29018541b658af/element/f.032590EE386F29951754CC6C5B23B0CB.d.0FB0C98AED6A5DE7429333527337E6DA.e.18100/click - {}
RESULT: {}
COMMAND: POST /session/8690b08f518c8418ef29018541b658af/execute/async - {"script":"<script> [1562 bytes]","args":[{"selector":{"id":"application-managehandovers-display-component---AddNewHO--dueDate","interaction":{"idSuffix":"inner"}},"wdio_ui5_key":"applicationmanagehandovers-display-component---AddNewHO--dueDate"}]}
COMMAND: GET /session/8690b08f518c8418ef29018541b658af/screenshot - {}
RESULT: {"script":"<script> [1562 bytes]","args":[{"selector":{"id":"application-managehandovers-display-component---AddNewHO--dueDate","interaction":{"idSuffix":"inner"}},"wdio_ui5_key":"applicationmanagehandovers-display-component---AddNewHO--dueDate"}]}
RESULT: undefined
COMMAND: POST /session/8690b08f518c8418ef29018541b658af/element - {"using":"xpath","value":"//input[@id=\"generalSectionFrg--receiveYard-inner\"]"}
RESULT: {}
RESULT: {"using":"xpath","value":"//input[@id=\"generalSectionFrg--receiveYard-inner\"]"}
COMMAND: POST /session/8690b08f518c8418ef29018541b658af/element/f.032590EE386F29951754CC6C5B23B0CB.d.0FB0C98AED6A5DE7429333527337E6DA.e.18110/clear - {}
RESULT: {}
COMMAND: POST /session/8690b08f518c8418ef29018541b658af/element/f.032590EE386F29951754CC6C5B23B0CB.d.0FB0C98AED6A5DE7429333527337E6DA.e.18110/value - {"text":"106"}
COMMAND: GET /session/8690b08f518c8418ef29018541b658af/screenshot - {}
RESULT: {"text":"106"}
COMMAND: GET /session/8690b08f518c8418ef29018541b658af/screenshot - {}
RESULT: {}
RESULT: {}
COMMAND: POST /session/8690b08f518c8418ef29018541b658af/element - {"using":"xpath","value":"//input[@id=\"application-managehandovers-display-component---AddNewHO--dueDate-inner\"]"}
RESULT: {"using":"xpath","value":"//input[@id=\"application-managehandovers-display-component---AddNewHO--dueDate-inner\"]"}
COMMAND: POST /session/8690b08f518c8418ef29018541b658af/elements - {"using":"xpath","value":"//input[@id=\"application-managehandovers-display-component---AddNewHO--dueDate-inner\"]"}
RESULT: {"using":"xpath","value":"//input[@id=\"application-managehandovers-display-component---AddNewHO--dueDate-inner\"]"}
COMMAND: POST /session/8690b08f518c8418ef29018541b658af/execute/sync - {"script":"<script> [8489 bytes]","args":[{"element-6066-11e4-a52e-4f735466cecf":"f.032590EE386F29951754CC6C5B23B0CB.d.0FB0C98AED6A5DE7429333527337E6DA.e.18104","ELEMENT":"f.032590EE386F29951754CC6C5B23B0CB.d.0FB0C98AED6A5DE7429333527337E6DA.e.18104"}]}
RESULT: {"script":"<script> [8489 bytes]","args":[{"element-6066-11e4-a52e-4f735466cecf":"f.032590EE386F29951754CC6C5B23B0CB.d.0FB0C98AED6A5DE7429333527337E6DA.e.18104","ELEMENT":"f.032590EE386F29951754CC6C5B23B0CB.d.0FB0C98AED6A5DE7429333527337E6DA.e.18104"}]}
COMMAND: GET /session/8690b08f518c8418ef29018541b658af/element/f.032590EE386F29951754CC6C5B23B0CB.d.0FB0C98AED6A5DE7429333527337E6DA.e.18104/enabled - {}
COMMAND: GET /session/8690b08f518c8418ef29018541b658af/screenshot - {}
RESULT: {}
COMMAND: POST /session/8690b08f518c8418ef29018541b658af/element/f.032590EE386F29951754CC6C5B23B0CB.d.0FB0C98AED6A5DE7429333527337E6DA.e.18104/click - {}
COMMAND: GET /session/8690b08f518c8418ef29018541b658af/screenshot - {}
RESULT: {}
RESULT: {}
COMMAND: POST /session/8690b08f518c8418ef29018541b658af/element/f.032590EE386F29951754CC6C5B23B0CB.d.0FB0C98AED6A5DE7429333527337E6DA.e.18104/clear - {}
COMMAND: GET /session/8690b08f518c8418ef29018541b658af/screenshot - {}
RESULT: {}
RESULT: {}
COMMAND: POST /session/8690b08f518c8418ef29018541b658af/element/f.032590EE386F29951754CC6C5B23B0CB.d.0FB0C98AED6A5DE7429333527337E6DA.e.18104/clear - {}
COMMAND: GET /session/8690b08f518c8418ef29018541b658af/screenshot - {}
RESULT: {}
RESULT: {}
COMMAND: POST /session/8690b08f518c8418ef29018541b658af/element/f.032590EE386F29951754CC6C5B23B0CB.d.0FB0C98AED6A5DE7429333527337E6DA.e.18104/value - {"text":"5/5/25"}
COMMAND: GET /session/8690b08f518c8418ef29018541b658af/screenshot - {}
RESULT: {}
RESULT: {"text":"5/5/25"}
COMMAND: POST /session/8690b08f518c8418ef29018541b658af/execute/async - {"script":"<script> [1562 bytes]","args":[{"selector":{"id":"application-managehandovers-display-component---AddNewHO--ObjectPageLayout-anchBar-application-managehandovers-display-component---AddNewHO--section4-anchor","interaction":{"idSuffix":"BDI-content"}},"wdio_ui5_key":"applicationmanagehandovers-display-component---AddNewHO--ObjectPageLayout-anchBar-application-managehandovers-display-component---AddNewHO--section4-anchor"}]}
COMMAND: GET /session/8690b08f518c8418ef29018541b658af/screenshot - {}
RESULT: {}
RESULT: {"script":"<script> [1562 bytes]","args":[{"selector":{"id":"application-managehandovers-display-component---AddNewHO--ObjectPageLayout-anchBar-application-managehandovers-display-component---AddNewHO--section4-anchor","interaction":{"idSuffix":"BDI-content"}},"wdio_ui5_key":"applicationmanagehandovers-display-component---AddNewHO--ObjectPageLayout-anchBar-application-managehandovers-display-component---AddNewHO--section4-anchor"}]}
RESULT: undefined
COMMAND: POST /session/8690b08f518c8418ef29018541b658af/element - {"using":"xpath","value":"//*[@id=\"application-managehandovers-display-component---AddNewHO--ObjectPageLayout-anchBar-application-managehandovers-display-component---AddNewHO--section4-anchor\"]"}
RESULT: {}
RESULT: {"using":"xpath","value":"//*[@id=\"application-managehandovers-display-component---AddNewHO--ObjectPageLayout-anchBar-application-managehandovers-display-component---AddNewHO--section4-anchor\"]"}
COMMAND: POST /session/8690b08f518c8418ef29018541b658af/element/f.032590EE386F29951754CC6C5B23B0CB.d.0FB0C98AED6A5DE7429333527337E6DA.e.18128/click - {}
RESULT: {}
COMMAND: POST /session/8690b08f518c8418ef29018541b658af/execute/async - {"script":"<script> [1562 bytes]","args":[{"selector":{"controlType":"sap.ui.core.Icon","viewName":"etm.portal.ui.managehandovers.view.AddNewHO","viewId":"application-managehandovers-display-component---AddNewHO","properties":{"src":{"regex":{"source":"add"}}}},"wdio_ui5_key":"etmportal.ui.managehandovers.view.AddNewHOsap.ui.core.Icon{\"src\":{\"regex\":{\"source\":\"add\"}}}"}]}
COMMAND: GET /session/8690b08f518c8418ef29018541b658af/screenshot - {}
RESULT: {"script":"<script> [1562 bytes]","args":[{"selector":{"controlType":"sap.ui.core.Icon","viewName":"etm.portal.ui.managehandovers.view.AddNewHO","viewId":"application-managehandovers-display-component---AddNewHO","properties":{"src":{"regex":{"source":"add"}}}},"wdio_ui5_key":"etmportal.ui.managehandovers.view.AddNewHOsap.ui.core.Icon{\"src\":{\"regex\":{\"source\":\"add\"}}}"}]}
RESULT: undefined
COMMAND: POST /session/8690b08f518c8418ef29018541b658af/element - {"using":"xpath","value":"//*[@id=\"__button104-img\"]"}
RESULT: {}
RESULT: {"using":"xpath","value":"//*[@id=\"__button104-img\"]"}
COMMAND: POST /session/8690b08f518c8418ef29018541b658af/element/f.032590EE386F29951754CC6C5B23B0CB.d.0FB0C98AED6A5DE7429333527337E6DA.e.18132/click - {}
RESULT: {}
COMMAND: POST /session/8690b08f518c8418ef29018541b658af/execute/async - {"script":"<script> [1562 bytes]","args":[{"selector":{"id":"application-managehandovers-display-component---AddNewHO--smartFilterBar-btnBasicSearch","searchOpenDialogs":true,"interaction":{"idSuffix":"I"}},"wdio_ui5_key":"applicationmanagehandovers-display-component---AddNewHO--smartFilterBar-btnBasicSearch"}]}
COMMAND: GET /session/8690b08f518c8418ef29018541b658af/screenshot - {}
RESULT: {"script":"<script> [1562 bytes]","args":[{"selector":{"id":"application-managehandovers-display-component---AddNewHO--smartFilterBar-btnBasicSearch","searchOpenDialogs":true,"interaction":{"idSuffix":"I"}},"wdio_ui5_key":"applicationmanagehandovers-display-component---AddNewHO--smartFilterBar-btnBasicSearch"}]}
RESULT: undefined
COMMAND: POST /session/8690b08f518c8418ef29018541b658af/execute/async - {"script":"<script> [776 bytes]","args":[{"enterText":"TransferYard","selector":{"id":"application-managehandovers-display-component---AddNewHO--smartFilterBar-btnBasicSearch","searchOpenDialogs":true,"interaction":{"idSuffix":"I"}},"clearTextFirst":true,"interactionType":"ENTER_TEXT"}]}
RESULT: {}
RESULT: {"script":"<script> [776 bytes]","args":[{"enterText":"TransferYard","selector":{"id":"application-managehandovers-display-component---AddNewHO--smartFilterBar-btnBasicSearch","searchOpenDialogs":true,"interaction":{"idSuffix":"I"}},"clearTextFirst":true,"interactionType":"ENTER_TEXT"}]}
COMMAND: POST /session/8690b08f518c8418ef29018541b658af/actions - {"actions":[{"id":"action79","type":"key","parameters":{},"actions":[{"type":"keyDown","value":"î€‡"},{"type":"pause","duration":10},{"type":"keyUp","value":"î€‡"}]}]}
RESULT: {"actions":[{"id":"action79","type":"key","parameters":{},"actions":[{"type":"keyDown","value":"î€‡"},{"type":"pause","duration":10},{"type":"keyUp","value":"î€‡"}]}]}
COMMAND: POST /session/8690b08f518c8418ef29018541b658af/execute/async - {"script":"<script> [1562 bytes]","args":[{"selector":{"id":"application-managehandovers-display-component---AddNewHO--popup-sa","searchOpenDialogs":true,"interaction":{"idSuffix":"CbBg"}},"wdio_ui5_key":"applicationmanagehandovers-display-component---AddNewHO--popup-sa"}]}
COMMAND: GET /session/8690b08f518c8418ef29018541b658af/screenshot - {}
RESULT: {"script":"<script> [1562 bytes]","args":[{"selector":{"id":"application-managehandovers-display-component---AddNewHO--popup-sa","searchOpenDialogs":true,"interaction":{"idSuffix":"CbBg"}},"wdio_ui5_key":"applicationmanagehandovers-display-component---AddNewHO--popup-sa"}]}
RESULT: undefined
COMMAND: POST /session/8690b08f518c8418ef29018541b658af/element - {"using":"xpath","value":"//*[@id=\"application-managehandovers-display-component---AddNewHO--popup-sa\"]"}
RESULT: {}
RESULT: {"using":"xpath","value":"//*[@id=\"application-managehandovers-display-component---AddNewHO--popup-sa\"]"}
COMMAND: POST /session/8690b08f518c8418ef29018541b658af/element/f.032590EE386F29951754CC6C5B23B0CB.d.0FB0C98AED6A5DE7429333527337E6DA.e.18301/click - {}
RESULT: {}
COMMAND: POST /session/8690b08f518c8418ef29018541b658af/execute/async - {"script":"<script> [1562 bytes]","args":[{"selector":{"controlType":"sap.m.Button","viewName":"etm.portal.ui.managehandovers.view.AddNewHO","viewId":"application-managehandovers-display-component---AddNewHO","i18NText":{"propertyName":"text","key":"select"},"searchOpenDialogs":true,"interaction":{"idSuffix":"BDI-content"}},"wdio_ui5_key":"etmportal.ui.managehandovers.view.AddNewHOsap.m.Button{\"propertyName\":\"text\",\"key\":\"select\"}"}]}
COMMAND: GET /session/8690b08f518c8418ef29018541b658af/screenshot - {}
RESULT: {"script":"<script> [1562 bytes]","args":[{"selector":{"controlType":"sap.m.Button","viewName":"etm.portal.ui.managehandovers.view.AddNewHO","viewId":"application-managehandovers-display-component---AddNewHO","i18NText":{"propertyName":"text","key":"select"},"searchOpenDialogs":true,"interaction":{"idSuffix":"BDI-content"}},"wdio_ui5_key":"etmportal.ui.managehandovers.view.AddNewHOsap.m.Button{\"propertyName\":\"text\",\"key\":\"select\"}"}]}
RESULT: undefined
COMMAND: POST /session/8690b08f518c8418ef29018541b658af/element - {"using":"xpath","value":"//*[@id=\"__button107\"]"}
RESULT: {}
RESULT: {"using":"xpath","value":"//*[@id=\"__button107\"]"}
COMMAND: POST /session/8690b08f518c8418ef29018541b658af/element/f.032590EE386F29951754CC6C5B23B0CB.d.0FB0C98AED6A5DE7429333527337E6DA.e.18303/click - {}
RESULT: {}
COMMAND: GET /session/8690b08f518c8418ef29018541b658af/screenshot - {}
RESULT: {}
COMMAND: POST /session/8690b08f518c8418ef29018541b658af/execute/async - {"script":"<script> [1562 bytes]","args":[{"selector":{"controlType":"sap.m.Input","viewName":"etm.portal.ui.managehandovers.view.AddNewHO","viewId":"application-managehandovers-display-component---AddNewHO","bindingPath":{"path":"/items/0","propertyPath":"TYPE","modelName":"hoItemsModel"},"interaction":{"idSuffix":"inner"}},"wdio_ui5_key":"etmportal.ui.managehandovers.view.AddNewHOsap.m.Input{\"path\":\"/items/0\",\"propertyPath\":\"TYPE\",\"modelName\":\"hoItemsModel\"}"}]}
RESULT: {"script":"<script> [1562 bytes]","args":[{"selector":{"controlType":"sap.m.Input","viewName":"etm.portal.ui.managehandovers.view.AddNewHO","viewId":"application-managehandovers-display-component---AddNewHO","bindingPath":{"path":"/items/0","propertyPath":"TYPE","modelName":"hoItemsModel"},"interaction":{"idSuffix":"inner"}},"wdio_ui5_key":"etmportal.ui.managehandovers.view.AddNewHOsap.m.Input{\"path\":\"/items/0\",\"propertyPath\":\"TYPE\",\"modelName\":\"hoItemsModel\"}"}]}
RESULT: undefined
COMMAND: POST /session/8690b08f518c8418ef29018541b658af/execute/async - {"script":"<script> [776 bytes]","args":[{"enterText":"100","selector":{"controlType":"sap.m.Input","viewName":"etm.portal.ui.managehandovers.view.AddNewHO","viewId":"application-managehandovers-display-component---AddNewHO","bindingPath":{"path":"/items/0","propertyPath":"TYPE","modelName":"hoItemsModel"},"interaction":{"idSuffix":"inner"}},"clearTextFirst":true,"interactionType":"ENTER_TEXT"}]}
RESULT: {"script":"<script> [776 bytes]","args":[{"enterText":"100","selector":{"controlType":"sap.m.Input","viewName":"etm.portal.ui.managehandovers.view.AddNewHO","viewId":"application-managehandovers-display-component---AddNewHO","bindingPath":{"path":"/items/0","propertyPath":"TYPE","modelName":"hoItemsModel"},"interaction":{"idSuffix":"inner"}},"clearTextFirst":true,"interactionType":"ENTER_TEXT"}]}
COMMAND: POST /session/8690b08f518c8418ef29018541b658af/execute/async - {"script":"<script> [1562 bytes]","args":[{"selector":{"id":"application-managehandovers-display-component---AddNewHO--confirmCreationButton","interaction":{"idSuffix":"BDI-content"}},"wdio_ui5_key":"applicationmanagehandovers-display-component---AddNewHO--confirmCreationButton"}]}
RESULT: {"script":"<script> [1562 bytes]","args":[{"selector":{"id":"application-managehandovers-display-component---AddNewHO--confirmCreationButton","interaction":{"idSuffix":"BDI-content"}},"wdio_ui5_key":"applicationmanagehandovers-display-component---AddNewHO--confirmCreationButton"}]}
RESULT: undefined
COMMAND: POST /session/8690b08f518c8418ef29018541b658af/element - {"using":"xpath","value":"//*[@id=\"application-managehandovers-display-component---AddNewHO--confirmCreationButton\"]"}
RESULT: {"using":"xpath","value":"//*[@id=\"application-managehandovers-display-component---AddNewHO--confirmCreationButton\"]"}
COMMAND: POST /session/8690b08f518c8418ef29018541b658af/element/f.032590EE386F29951754CC6C5B23B0CB.d.0FB0C98AED6A5DE7429333527337E6DA.e.18343/click - {}
RESULT: {}
COMMAND: GET /session/8690b08f518c8418ef29018541b658af/screenshot - {}
RESULT: {}
COMMAND: POST /session/8690b08f518c8418ef29018541b658af/execute/async - {"script":"<script> [1562 bytes]","args":[{"selector":{"controlType":"sap.m.Button","viewName":"etm.portal.ui.managehandovers.view.DetailExecuteHO","i18NText":{"propertyName":"text","key":"confirmAll"},"interaction":{"idSuffix":"BDI-content"}},"wdio_ui5_key":"etmportal.ui.managehandovers.view.DetailExecuteHOsap.m.Button{\"propertyName\":\"text\",\"key\":\"confirmAll\"}"}]}
RESULT: {"script":"<script> [1562 bytes]","args":[{"selector":{"controlType":"sap.m.Button","viewName":"etm.portal.ui.managehandovers.view.DetailExecuteHO","i18NText":{"propertyName":"text","key":"confirmAll"},"interaction":{"idSuffix":"BDI-content"}},"wdio_ui5_key":"etmportal.ui.managehandovers.view.DetailExecuteHOsap.m.Button{\"propertyName\":\"text\",\"key\":\"confirmAll\"}"}]}
RESULT: undefined
COMMAND: POST /session/8690b08f518c8418ef29018541b658af/element - {"using":"xpath","value":"//*[@id=\"__button136\"]"}
RESULT: {"using":"xpath","value":"//*[@id=\"__button136\"]"}
COMMAND: POST /session/8690b08f518c8418ef29018541b658af/element/f.032590EE386F29951754CC6C5B23B0CB.d.0FB0C98AED6A5DE7429333527337E6DA.e.18458/click - {}
RESULT: {}
COMMAND: POST /session/8690b08f518c8418ef29018541b658af/execute/async - {"script":"<script> [1562 bytes]","args":[{"selector":{"controlType":"sap.m.Button","properties":{"text":"OK"},"searchOpenDialogs":true,"interaction":{"idSuffix":"BDI-content"}},"wdio_ui5_key":"sapm.Button{\"text\":\"OK\"}"}]}
COMMAND: GET /session/8690b08f518c8418ef29018541b658af/screenshot - {}
RESULT: {"script":"<script> [1562 bytes]","args":[{"selector":{"controlType":"sap.m.Button","properties":{"text":"OK"},"searchOpenDialogs":true,"interaction":{"idSuffix":"BDI-content"}},"wdio_ui5_key":"sapm.Button{\"text\":\"OK\"}"}]}
RESULT: undefined
COMMAND: POST /session/8690b08f518c8418ef29018541b658af/element - {"using":"xpath","value":"//*[@id=\"__mbox-btn-2\"]"}
RESULT: {}
RESULT: {"using":"xpath","value":"//*[@id=\"__mbox-btn-2\"]"}
COMMAND: POST /session/8690b08f518c8418ef29018541b658af/element/f.032590EE386F29951754CC6C5B23B0CB.d.0FB0C98AED6A5DE7429333527337E6DA.e.18459/click - {}
RESULT: {}
COMMAND: GET /session/8690b08f518c8418ef29018541b658af/screenshot - {}
RESULT: {}
COMMAND: POST /session/8690b08f518c8418ef29018541b658af/element - {"using":"xpath","value":"//input[contains(@id, \"receiptDatePicker-inner\")]"}
RESULT: {"using":"xpath","value":"//input[contains(@id, \"receiptDatePicker-inner\")]"}
COMMAND: POST /session/8690b08f518c8418ef29018541b658af/elements - {"using":"xpath","value":"//input[contains(@id, \"receiptDatePicker-inner\")]"}
RESULT: {"using":"xpath","value":"//input[contains(@id, \"receiptDatePicker-inner\")]"}
COMMAND: POST /session/8690b08f518c8418ef29018541b658af/execute/sync - {"script":"<script> [8489 bytes]","args":[{"element-6066-11e4-a52e-4f735466cecf":"f.032590EE386F29951754CC6C5B23B0CB.d.0FB0C98AED6A5DE7429333527337E6DA.e.18368","ELEMENT":"f.032590EE386F29951754CC6C5B23B0CB.d.0FB0C98AED6A5DE7429333527337E6DA.e.18368"}]}
RESULT: {"script":"<script> [8489 bytes]","args":[{"element-6066-11e4-a52e-4f735466cecf":"f.032590EE386F29951754CC6C5B23B0CB.d.0FB0C98AED6A5DE7429333527337E6DA.e.18368","ELEMENT":"f.032590EE386F29951754CC6C5B23B0CB.d.0FB0C98AED6A5DE7429333527337E6DA.e.18368"}]}
COMMAND: GET /session/8690b08f518c8418ef29018541b658af/element/f.032590EE386F29951754CC6C5B23B0CB.d.0FB0C98AED6A5DE7429333527337E6DA.e.18368/enabled - {}
COMMAND: GET /session/8690b08f518c8418ef29018541b658af/screenshot - {}
RESULT: {}
COMMAND: POST /session/8690b08f518c8418ef29018541b658af/element/f.032590EE386F29951754CC6C5B23B0CB.d.0FB0C98AED6A5DE7429333527337E6DA.e.18368/click - {}
COMMAND: GET /session/8690b08f518c8418ef29018541b658af/screenshot - {}
RESULT: {}
RESULT: {}
COMMAND: POST /session/8690b08f518c8418ef29018541b658af/element/f.032590EE386F29951754CC6C5B23B0CB.d.0FB0C98AED6A5DE7429333527337E6DA.e.18368/clear - {}
COMMAND: GET /session/8690b08f518c8418ef29018541b658af/screenshot - {}
RESULT: {}
RESULT: {}
COMMAND: POST /session/8690b08f518c8418ef29018541b658af/element/f.032590EE386F29951754CC6C5B23B0CB.d.0FB0C98AED6A5DE7429333527337E6DA.e.18368/clear - {}
COMMAND: GET /session/8690b08f518c8418ef29018541b658af/screenshot - {}
RESULT: {}
RESULT: {}
COMMAND: POST /session/8690b08f518c8418ef29018541b658af/element/f.032590EE386F29951754CC6C5B23B0CB.d.0FB0C98AED6A5DE7429333527337E6DA.e.18368/value - {"text":"5/5/25"}
COMMAND: GET /session/8690b08f518c8418ef29018541b658af/screenshot - {}
RESULT: {}
RESULT: {"text":"5/5/25"}
COMMAND: POST /session/8690b08f518c8418ef29018541b658af/execute/async - {"script":"<script> [1562 bytes]","args":[{"selector":{"id":"confirmationButton","viewName":"etm.portal.ui.managehandovers.view.DetailExecuteHO","interaction":{"idSuffix":"BDI-content"}},"wdio_ui5_key":"confirmationButtonetmportal.ui.managehandovers.view.DetailExecuteHO"}]}
COMMAND: GET /session/8690b08f518c8418ef29018541b658af/screenshot - {}
RESULT: {}
RESULT: {"script":"<script> [1562 bytes]","args":[{"selector":{"id":"confirmationButton","viewName":"etm.portal.ui.managehandovers.view.DetailExecuteHO","interaction":{"idSuffix":"BDI-content"}},"wdio_ui5_key":"confirmationButtonetmportal.ui.managehandovers.view.DetailExecuteHO"}]}
RESULT: undefined
RESULT: {}
]]></system-out>
    </testcase>
  </testsuite>
</testsuites>