<?xml version="1.0" encoding="UTF-8"?>
<testsuites tests="21" failures="19" errors="19" skipped="0">
  <testsuite timestamp="2025-05-09T16:04:21" time="78.978" tests="16" failures="15" errors="15" skipped="0">
    <properties>
      <property name="specId" value="0" />
      <property name="suiteName" value="Configure System - Interfaces US132253" />
      <property name="capabilities" value="chrome.136_0_7103_49.windows" />
      <property name="file" value="file:///D:/a/1/s/test/specs/TECH/configure-system-endpoints.spec.js" />
    </properties>
    <testcase classname="chrome.136_0_7103_49.windows.Configure_System_-_Interfaces_US132253" name="System should have default destination system setted to S4HP" time="39.006">
      <system-out><![CDATA[
COMMAND: POST /session/ca053e7c2b21d73fa3371f4f75d413d4/execute/async - {"script":"<script> [1562 bytes]","args":[{"selector":{"controlType":"sap.m.Text","viewName":"etm.portal.ui.configuresystem.view.Master","properties":{"text":"1 table filter active: Type"}},"wdio_ui5_key":"etmportal.ui.configuresystem.view.Mastersap.m.Text{\"text\":\"1 table filter active: Type\"}"}]}
RESULT: {"script":"<script> [1562 bytes]","args":[{"selector":{"controlType":"sap.m.Text","viewName":"etm.portal.ui.configuresystem.view.Master","properties":{"text":"1 table filter active: Type"}},"wdio_ui5_key":"etmportal.ui.configuresystem.view.Mastersap.m.Text{\"text\":\"1 table filter active: Type\"}"}]}
RESULT: undefined
COMMAND: POST /session/ca053e7c2b21d73fa3371f4f75d413d4/execute/async - {"script":"<script> [1562 bytes]","args":[{"selector":{"controlType":"sap.m.Text","viewName":"etm.portal.ui.configuresystem.view.Master","properties":{"text":"S12_S4HC"}},"wdio_ui5_key":"etmportal.ui.configuresystem.view.Mastersap.m.Text{\"text\":\"S12_S4HC\"}"}]}
RESULT: {"script":"<script> [1562 bytes]","args":[{"selector":{"controlType":"sap.m.Text","viewName":"etm.portal.ui.configuresystem.view.Master","properties":{"text":"S12_S4HC"}},"wdio_ui5_key":"etmportal.ui.configuresystem.view.Mastersap.m.Text{\"text\":\"S12_S4HC\"}"}]}
RESULT: undefined
COMMAND: POST /session/ca053e7c2b21d73fa3371f4f75d413d4/execute/async - {"script":"<script> [6424 bytes]","args":[{"element-6066-11e4-a52e-4f735466cecf":"f.B05E3EF1F0274DC5ADE36B7434D31070.d.9CDB1D7758223FDCB96757C3D95BE8A6.e.134"},"getText",[]]}
RESULT: {"script":"<script> [6424 bytes]","args":[{"element-6066-11e4-a52e-4f735466cecf":"f.B05E3EF1F0274DC5ADE36B7434D31070.d.9CDB1D7758223FDCB96757C3D95BE8A6.e.134"},"getText",[]]}
COMMAND: POST /session/ca053e7c2b21d73fa3371f4f75d413d4/execute/async - {"script":"<script> [1562 bytes]","args":[{"selector":{"controlType":"sap.m.Button","viewName":"etm.portal.ui.configuresystem.view.Master","properties":{"text":"Endpoints"},"interaction":{"idSuffix":"BDI-content"}},"wdio_ui5_key":"etmportal.ui.configuresystem.view.Mastersap.m.Button{\"text\":\"Endpoints\"}"}]}
RESULT: {"script":"<script> [1562 bytes]","args":[{"selector":{"controlType":"sap.m.Button","viewName":"etm.portal.ui.configuresystem.view.Master","properties":{"text":"Endpoints"},"interaction":{"idSuffix":"BDI-content"}},"wdio_ui5_key":"etmportal.ui.configuresystem.view.Mastersap.m.Button{\"text\":\"Endpoints\"}"}]}
RESULT: undefined
COMMAND: POST /session/ca053e7c2b21d73fa3371f4f75d413d4/element - {"using":"xpath","value":"//*[@id=\"__xmlview58--ObjectPageLayout-anchBar-__xmlview58--endpointsSection-anchor\"]"}
RESULT: {"using":"xpath","value":"//*[@id=\"__xmlview58--ObjectPageLayout-anchBar-__xmlview58--endpointsSection-anchor\"]"}
COMMAND: POST /session/ca053e7c2b21d73fa3371f4f75d413d4/element/f.B05E3EF1F0274DC5ADE36B7434D31070.d.9CDB1D7758223FDCB96757C3D95BE8A6.e.136/click - {}
]]></system-out>
    </testcase>
  </testsuite>
  <testsuite timestamp="2025-05-09T16:05:40" time="185.941" tests="4" failures="3" errors="3" skipped="0">
    <properties>
      <property name="specId" value="0" />
      <property name="suiteName" value="Manage RU: Interfaces Data Check for UI fields US132253" />
      <property name="capabilities" value="chrome.136_0_7103_49.windows" />
      <property name="file" value="file:///D:/a/1/s/test/specs/TECH/ru-interface-data-check.spec.js" />
    </properties>
    <testcase classname="chrome.136_0_7103_49.windows.Manage_RU:_Interfaces_Data_Check_for_UI_fields_US132253" name="Should see correct data from the Cost Object interface" time="13.288">
      <system-out><![CDATA[
COMMAND: POST /session/ca053e7c2b21d73fa3371f4f75d413d4/execute/async - {"script":"<script> [1562 bytes]","args":[{"selector":{"id":"application-manageresources-display-component---newResourceUnit--newRRUPage-anchBar-application-manageresources-display-component---newResourceUnit--control-anchor","interaction":{"idSuffix":"BDI-content"}},"wdio_ui5_key":"applicationmanageresources-display-component---newResourceUnit--newRRUPage-anchBar-application-manageresources-display-component---newResourceUnit--control-anchor"}]}
COMMAND: GET /session/ca053e7c2b21d73fa3371f4f75d413d4/screenshot - {}
RESULT: {"script":"<script> [1562 bytes]","args":[{"selector":{"id":"application-manageresources-display-component---newResourceUnit--newRRUPage-anchBar-application-manageresources-display-component---newResourceUnit--control-anchor","interaction":{"idSuffix":"BDI-content"}},"wdio_ui5_key":"applicationmanageresources-display-component---newResourceUnit--newRRUPage-anchBar-application-manageresources-display-component---newResourceUnit--control-anchor"}]}
RESULT: undefined
COMMAND: POST /session/ca053e7c2b21d73fa3371f4f75d413d4/element - {"using":"xpath","value":"//*[@id=\"application-manageresources-display-component---newResourceUnit--newRRUPage-anchBar-application-manageresources-display-component---newResourceUnit--control-anchor\"]"}
RESULT: {}
RESULT: {"using":"xpath","value":"//*[@id=\"application-manageresources-display-component---newResourceUnit--newRRUPage-anchBar-application-manageresources-display-component---newResourceUnit--control-anchor\"]"}
COMMAND: POST /session/ca053e7c2b21d73fa3371f4f75d413d4/element/f.B05E3EF1F0274DC5ADE36B7434D31070.d.AA398CD18CF835304985CF5F6787A8EE.e.659/click - {}
RESULT: {}
COMMAND: POST /session/ca053e7c2b21d73fa3371f4f75d413d4/execute/async - {"script":"<script> [1562 bytes]","args":[{"selector":{"id":"application-manageresources-display-component---newResourceUnit--DECOMMISSIONING","interaction":{"idSuffix":"inner"}},"wdio_ui5_key":"applicationmanageresources-display-component---newResourceUnit--DECOMMISSIONING"}]}
COMMAND: GET /session/ca053e7c2b21d73fa3371f4f75d413d4/screenshot - {}
RESULT: {"script":"<script> [1562 bytes]","args":[{"selector":{"id":"application-manageresources-display-component---newResourceUnit--DECOMMISSIONING","interaction":{"idSuffix":"inner"}},"wdio_ui5_key":"applicationmanageresources-display-component---newResourceUnit--DECOMMISSIONING"}]}
RESULT: undefined
COMMAND: POST /session/ca053e7c2b21d73fa3371f4f75d413d4/execute/async - {"script":"<script> [776 bytes]","args":[{"enterText":0,"selector":{"id":"application-manageresources-display-component---newResourceUnit--DECOMMISSIONING","interaction":{"idSuffix":"inner"}},"clearTextFirst":true,"interactionType":"ENTER_TEXT"}]}
RESULT: {}
RESULT: {"script":"<script> [776 bytes]","args":[{"enterText":0,"selector":{"id":"application-manageresources-display-component---newResourceUnit--DECOMMISSIONING","interaction":{"idSuffix":"inner"}},"clearTextFirst":true,"interactionType":"ENTER_TEXT"}]}
COMMAND: POST /session/ca053e7c2b21d73fa3371f4f75d413d4/execute/async - {"script":"<script> [1562 bytes]","args":[{"selector":{"id":"application-manageresources-display-component---newResourceUnit--btnAddTimeSegment-img"},"wdio_ui5_key":"applicationmanageresources-display-component---newResourceUnit--btnAddTimeSegment-img"}]}
RESULT: {"script":"<script> [1562 bytes]","args":[{"selector":{"id":"application-manageresources-display-component---newResourceUnit--btnAddTimeSegment-img"},"wdio_ui5_key":"applicationmanageresources-display-component---newResourceUnit--btnAddTimeSegment-img"}]}
RESULT: undefined
COMMAND: POST /session/ca053e7c2b21d73fa3371f4f75d413d4/element - {"using":"xpath","value":"//*[@id=\"application-manageresources-display-component---newResourceUnit--btnAddTimeSegment-img\"]"}
COMMAND: POST /session/ca053e7c2b21d73fa3371f4f75d413d4/execute/async - {"script":"<script> [6424 bytes]","args":[{"element-6066-11e4-a52e-4f735466cecf":"f.B05E3EF1F0274DC5ADE36B7434D31070.d.AA398CD18CF835304985CF5F6787A8EE.e.666"},"getVisible",[]]}
RESULT: {"using":"xpath","value":"//*[@id=\"application-manageresources-display-component---newResourceUnit--btnAddTimeSegment-img\"]"}
COMMAND: POST /session/ca053e7c2b21d73fa3371f4f75d413d4/element/f.B05E3EF1F0274DC5ADE36B7434D31070.d.AA398CD18CF835304985CF5F6787A8EE.e.666/click - {}
RESULT: {"script":"<script> [6424 bytes]","args":[{"element-6066-11e4-a52e-4f735466cecf":"f.B05E3EF1F0274DC5ADE36B7434D31070.d.AA398CD18CF835304985CF5F6787A8EE.e.666"},"getVisible",[]]}
RESULT: {}
COMMAND: POST /session/ca053e7c2b21d73fa3371f4f75d413d4/actions - {"actions":[{"id":"action3","type":"key","parameters":{},"actions":[{"type":"keyDown","value":"î€•"},{"type":"keyDown","value":"î€•"},{"type":"pause","duration":10},{"type":"keyUp","value":"î€•"},{"type":"keyUp","value":"î€•"}]}]}
COMMAND: GET /session/ca053e7c2b21d73fa3371f4f75d413d4/screenshot - {}
RESULT: {}
RESULT: {"actions":[{"id":"action3","type":"key","parameters":{},"actions":[{"type":"keyDown","value":"î€•"},{"type":"keyDown","value":"î€•"},{"type":"pause","duration":10},{"type":"keyUp","value":"î€•"},{"type":"keyUp","value":"î€•"}]}]}
COMMAND: GET /session/ca053e7c2b21d73fa3371f4f75d413d4/screenshot - {}
RESULT: {}
COMMAND: POST /session/ca053e7c2b21d73fa3371f4f75d413d4/execute/async - {"script":"<script> [1562 bytes]","args":[{"selector":{"controlType":"sap.ui.core.Icon","viewName":"reusables.view.manageresources.NewResourceUnit","viewId":"application-manageresources-display-component---newResourceUnit","properties":{"src":{"regex":{"source":"slim\\-arrow\\-down"}}},"ancestor":{"controlType":"sap.m.ComboBox","viewName":"reusables.view.manageresources.NewResourceUnit","viewId":"application-manageresources-display-component---newResourceUnit","bindingPath":{"path":"/RESOURCE_UNIT_TIME_SEQUENCES/0","propertyPath":"COST_OBJECT_OWNER_CST_TYPE","modelName":"oNewRruModel"}}},"wdio_ui5_key":"reusablesview.manageresources.NewResourceUnitsap.ui.core.Icon{\"src\":{\"regex\":{\"source\":\"slim\\\\-arrow\\\\-down\"}}}{\"controlType\":\"sap.m.ComboBox\",\"viewName\":\"reusables.view.manageresources.NewResourceUnit\",\"viewId\":\"application-manageresources-display-component---newResourceUnit\",\"bindingPath\":{\"path\":\"/RESOURCE_UNIT_TIME_SEQUENCES/0\",\"propertyPath\":\"COST_OBJECT_OWNER_CST_TYPE\",\"modelName\":\"oNewRruModel\"}}"}]}
RESULT: {"script":"<script> [1562 bytes]","args":[{"selector":{"controlType":"sap.ui.core.Icon","viewName":"reusables.view.manageresources.NewResourceUnit","viewId":"application-manageresources-display-component---newResourceUnit","properties":{"src":{"regex":{"source":"slim\\-arrow\\-down"}}},"ancestor":{"controlType":"sap.m.ComboBox","viewName":"reusables.view.manageresources.NewResourceUnit","viewId":"application-manageresources-display-component---newResourceUnit","bindingPath":{"path":"/RESOURCE_UNIT_TIME_SEQUENCES/0","propertyPath":"COST_OBJECT_OWNER_CST_TYPE","modelName":"oNewRruModel"}}},"wdio_ui5_key":"reusablesview.manageresources.NewResourceUnitsap.ui.core.Icon{\"src\":{\"regex\":{\"source\":\"slim\\\\-arrow\\\\-down\"}}}{\"controlType\":\"sap.m.ComboBox\",\"viewName\":\"reusables.view.manageresources.NewResourceUnit\",\"viewId\":\"application-manageresources-display-component---newResourceUnit\",\"bindingPath\":{\"path\":\"/RESOURCE_UNIT_TIME_SEQUENCES/0\",\"propertyPath\":\"COST_OBJECT_OWNER_CST_TYPE\",\"modelName\":\"oNewRruModel\"}}"}]}
RESULT: undefined
COMMAND: POST /session/ca053e7c2b21d73fa3371f4f75d413d4/element - {"using":"xpath","value":"//*[@id=\"__box4-application-manageresources-display-component---newResourceUnit--RUTimeSegment-0-arrow\"]"}
RESULT: {"using":"xpath","value":"//*[@id=\"__box4-application-manageresources-display-component---newResourceUnit--RUTimeSegment-0-arrow\"]"}
COMMAND: POST /session/ca053e7c2b21d73fa3371f4f75d413d4/element/f.B05E3EF1F0274DC5ADE36B7434D31070.d.AA398CD18CF835304985CF5F6787A8EE.e.682/click - {}
RESULT: {}
COMMAND: POST /session/ca053e7c2b21d73fa3371f4f75d413d4/element - {"using":"xpath","value":"//span[@aria-live=\"polite\" and text()=\"Cost Center\"]"}
COMMAND: GET /session/ca053e7c2b21d73fa3371f4f75d413d4/screenshot - {}
RESULT: {"using":"xpath","value":"//span[@aria-live=\"polite\" and text()=\"Cost Center\"]"}
COMMAND: POST /session/ca053e7c2b21d73fa3371f4f75d413d4/execute/sync - {"script":"<script> [8489 bytes]","args":[{"element-6066-11e4-a52e-4f735466cecf":"f.B05E3EF1F0274DC5ADE36B7434D31070.d.AA398CD18CF835304985CF5F6787A8EE.e.685","ELEMENT":"f.B05E3EF1F0274DC5ADE36B7434D31070.d.AA398CD18CF835304985CF5F6787A8EE.e.685"}]}
RESULT: {}
RESULT: {"script":"<script> [8489 bytes]","args":[{"element-6066-11e4-a52e-4f735466cecf":"f.B05E3EF1F0274DC5ADE36B7434D31070.d.AA398CD18CF835304985CF5F6787A8EE.e.685","ELEMENT":"f.B05E3EF1F0274DC5ADE36B7434D31070.d.AA398CD18CF835304985CF5F6787A8EE.e.685"}]}
COMMAND: POST /session/ca053e7c2b21d73fa3371f4f75d413d4/element - {"using":"xpath","value":"//span[@aria-live=\"polite\" and text()=\"Internal Order\"]"}
COMMAND: GET /session/ca053e7c2b21d73fa3371f4f75d413d4/screenshot - {}
RESULT: {"using":"xpath","value":"//span[@aria-live=\"polite\" and text()=\"Internal Order\"]"}
COMMAND: POST /session/ca053e7c2b21d73fa3371f4f75d413d4/execute/sync - {"script":"<script> [8489 bytes]","args":[{"element-6066-11e4-a52e-4f735466cecf":"f.B05E3EF1F0274DC5ADE36B7434D31070.d.AA398CD18CF835304985CF5F6787A8EE.e.686","ELEMENT":"f.B05E3EF1F0274DC5ADE36B7434D31070.d.AA398CD18CF835304985CF5F6787A8EE.e.686"}]}
RESULT: {}
RESULT: {"script":"<script> [8489 bytes]","args":[{"element-6066-11e4-a52e-4f735466cecf":"f.B05E3EF1F0274DC5ADE36B7434D31070.d.AA398CD18CF835304985CF5F6787A8EE.e.686","ELEMENT":"f.B05E3EF1F0274DC5ADE36B7434D31070.d.AA398CD18CF835304985CF5F6787A8EE.e.686"}]}
COMMAND: POST /session/ca053e7c2b21d73fa3371f4f75d413d4/element - {"using":"xpath","value":"//span[@aria-live=\"polite\" and text()=\"PM Order\"]"}
COMMAND: GET /session/ca053e7c2b21d73fa3371f4f75d413d4/screenshot - {}
RESULT: {"using":"xpath","value":"//span[@aria-live=\"polite\" and text()=\"PM Order\"]"}
COMMAND: POST /session/ca053e7c2b21d73fa3371f4f75d413d4/execute/sync - {"script":"<script> [8489 bytes]","args":[{"element-6066-11e4-a52e-4f735466cecf":"f.B05E3EF1F0274DC5ADE36B7434D31070.d.AA398CD18CF835304985CF5F6787A8EE.e.687","ELEMENT":"f.B05E3EF1F0274DC5ADE36B7434D31070.d.AA398CD18CF835304985CF5F6787A8EE.e.687"}]}
RESULT: {}
RESULT: {"script":"<script> [8489 bytes]","args":[{"element-6066-11e4-a52e-4f735466cecf":"f.B05E3EF1F0274DC5ADE36B7434D31070.d.AA398CD18CF835304985CF5F6787A8EE.e.687","ELEMENT":"f.B05E3EF1F0274DC5ADE36B7434D31070.d.AA398CD18CF835304985CF5F6787A8EE.e.687"}]}
COMMAND: POST /session/ca053e7c2b21d73fa3371f4f75d413d4/element - {"using":"xpath","value":"//span[@aria-live=\"polite\" and text()=\"Work Breakdown Structure\"]"}
COMMAND: GET /session/ca053e7c2b21d73fa3371f4f75d413d4/screenshot - {}
RESULT: {"using":"xpath","value":"//span[@aria-live=\"polite\" and text()=\"Work Breakdown Structure\"]"}
COMMAND: POST /session/ca053e7c2b21d73fa3371f4f75d413d4/execute/sync - {"script":"<script> [8489 bytes]","args":[{"element-6066-11e4-a52e-4f735466cecf":"f.B05E3EF1F0274DC5ADE36B7434D31070.d.AA398CD18CF835304985CF5F6787A8EE.e.688","ELEMENT":"f.B05E3EF1F0274DC5ADE36B7434D31070.d.AA398CD18CF835304985CF5F6787A8EE.e.688"}]}
RESULT: {}
RESULT: {"script":"<script> [8489 bytes]","args":[{"element-6066-11e4-a52e-4f735466cecf":"f.B05E3EF1F0274DC5ADE36B7434D31070.d.AA398CD18CF835304985CF5F6787A8EE.e.688","ELEMENT":"f.B05E3EF1F0274DC5ADE36B7434D31070.d.AA398CD18CF835304985CF5F6787A8EE.e.688"}]}
]]></system-out>
    </testcase>
  </testsuite>
  <testsuite timestamp="2025-05-09T16:08:45" time="60.952" tests="1" failures="1" errors="1" skipped="0">
    <properties>
      <property name="specId" value="0" />
      <property name="suiteName" value="Manage Partners: Interfaces Data Check for UI fields US132253" />
      <property name="capabilities" value="chrome.136_0_7103_49.windows" />
      <property name="file" value="file:///D:/a/1/s/test/specs/TECH/partner-interface-data-check.spec.js" />
    </properties>
  </testsuite>
</testsuites>