<?xml version="1.0" encoding="UTF-8"?>
<testsuites tests="11" failures="0" errors="0" skipped="0">
  <testsuite timestamp="2025-05-02T17:28:20" time="1436.387" tests="11" failures="0" errors="0" skipped="0">
    <properties>
      <property name="specId" value="0" />
      <property name="suiteName" value="Partner specific tests US150819 US151080 US151654 US151176 US103444 US151078 US151079 US151109 US151174 US151175 US151189" />
      <property name="capabilities" value="chrome.135_0_7049_96.windows" />
      <property name="file" value="file:///D:/a/1/s/test/specs/BTS/manage-partners.spec.js" />
    </properties>
    <testcase classname="chrome.135_0_7049_96.windows.Partner_specific_tests_US150819_US151080_US151654_US151176_US103444_US151078_US151079_US151109_US151174_US151175_US151189" name="Should create a new yard prerequisite" time="137.731">
      <system-out><![CDATA[
COMMAND: POST /session/fdb2eb18e9de7f55d42e953fc9ac8efb/window/fullscreen - {}
RESULT: {}
COMMAND: POST /session/fdb2eb18e9de7f55d42e953fc9ac8efb/element - {"using":"xpath","value":"//li[.//span[text()=\"Manage Partners\"]]"}
RESULT: {"using":"xpath","value":"//li[.//span[text()=\"Manage Partners\"]]"}
COMMAND: POST /session/fdb2eb18e9de7f55d42e953fc9ac8efb/element - {"using":"xpath","value":"//li[.//span[text()=\"Manage Partners\"]]"}
RESULT: {"using":"xpath","value":"//li[.//span[text()=\"Manage Partners\"]]"}
COMMAND: POST /session/fdb2eb18e9de7f55d42e953fc9ac8efb/element - {"using":"css selector","value":"#shell-header-logo"}
RESULT: {"using":"css selector","value":"#shell-header-logo"}
COMMAND: POST /session/fdb2eb18e9de7f55d42e953fc9ac8efb/element/f.65777815963AB190D0E426F0C4C24000.d.B0EDCB096A0B6960D024AE83A0EF98FC.e.263/click - {}
COMMAND: POST /session/fdb2eb18e9de7f55d42e953fc9ac8efb/execute/sync - {"script":"<script> [8489 bytes]","args":[{"element-6066-11e4-a52e-4f735466cecf":"f.65777815963AB190D0E426F0C4C24000.d.B0EDCB096A0B6960D024AE83A0EF98FC.e.263","ELEMENT":"f.65777815963AB190D0E426F0C4C24000.d.B0EDCB096A0B6960D024AE83A0EF98FC.e.263"}]}
RESULT: {}
COMMAND: GET /session/fdb2eb18e9de7f55d42e953fc9ac8efb/screenshot - {}
RESULT: {"script":"<script> [8489 bytes]","args":[{"element-6066-11e4-a52e-4f735466cecf":"f.65777815963AB190D0E426F0C4C24000.d.B0EDCB096A0B6960D024AE83A0EF98FC.e.263","ELEMENT":"f.65777815963AB190D0E426F0C4C24000.d.B0EDCB096A0B6960D024AE83A0EF98FC.e.263"}]}
COMMAND: POST /session/fdb2eb18e9de7f55d42e953fc9ac8efb/execute/sync - {"script":"<script> [5351 bytes]","args":[{"element-6066-11e4-a52e-4f735466cecf":"f.65777815963AB190D0E426F0C4C24000.d.B0EDCB096A0B6960D024AE83A0EF98FC.e.263","ELEMENT":"f.65777815963AB190D0E426F0C4C24000.d.B0EDCB096A0B6960D024AE83A0EF98FC.e.263"}]}
COMMAND: GET /session/fdb2eb18e9de7f55d42e953fc9ac8efb/screenshot - {}
RESULT: {}
COMMAND: POST /session/fdb2eb18e9de7f55d42e953fc9ac8efb/execute/async - {"script":"<script> [1562 bytes]","args":[{"selector":{"controlType":"sap.m.GenericTile","properties":{"header":"Manage Yards"}},"wdio_ui5_key":"sapm.GenericTile{\"header\":\"Manage Yards\"}"}]}
RESULT: {"script":"<script> [5351 bytes]","args":[{"element-6066-11e4-a52e-4f735466cecf":"f.65777815963AB190D0E426F0C4C24000.d.B0EDCB096A0B6960D024AE83A0EF98FC.e.263","ELEMENT":"f.65777815963AB190D0E426F0C4C24000.d.B0EDCB096A0B6960D024AE83A0EF98FC.e.263"}]}
COMMAND: GET /session/fdb2eb18e9de7f55d42e953fc9ac8efb/screenshot - {}
RESULT: {}
RESULT: {"script":"<script> [1562 bytes]","args":[{"selector":{"controlType":"sap.m.GenericTile","properties":{"header":"Manage Yards"}},"wdio_ui5_key":"sapm.GenericTile{\"header\":\"Manage Yards\"}"}]}
RESULT: undefined
COMMAND: POST /session/fdb2eb18e9de7f55d42e953fc9ac8efb/element - {"using":"xpath","value":"//*[@id=\"__tile41\"]"}
RESULT: {}
RESULT: {"using":"xpath","value":"//*[@id=\"__tile41\"]"}
COMMAND: POST /session/fdb2eb18e9de7f55d42e953fc9ac8efb/element/f.65777815963AB190D0E426F0C4C24000.d.B0EDCB096A0B6960D024AE83A0EF98FC.e.162/click - {}
RESULT: {}
COMMAND: POST /session/fdb2eb18e9de7f55d42e953fc9ac8efb/element - {"using":"xpath","value":"//button[@data-kt=\"addNewYardOverflowToolbarButton\"]"}
COMMAND: GET /session/fdb2eb18e9de7f55d42e953fc9ac8efb/screenshot - {}
RESULT: {"using":"xpath","value":"//button[@data-kt=\"addNewYardOverflowToolbarButton\"]"}
COMMAND: POST /session/fdb2eb18e9de7f55d42e953fc9ac8efb/elements - {"using":"xpath","value":"//button[@data-kt=\"addNewYardOverflowToolbarButton\"]"}
RESULT: {}
RESULT: {"using":"xpath","value":"//button[@data-kt=\"addNewYardOverflowToolbarButton\"]"}
COMMAND: POST /session/fdb2eb18e9de7f55d42e953fc9ac8efb/elements - {"using":"xpath","value":"//button[@data-kt=\"addNewYardOverflowToolbarButton\"]"}
RESULT: {"using":"xpath","value":"//button[@data-kt=\"addNewYardOverflowToolbarButton\"]"}
COMMAND: POST /session/fdb2eb18e9de7f55d42e953fc9ac8efb/elements - {"using":"xpath","value":"//button[@data-kt=\"addNewYardOverflowToolbarButton\"]"}
RESULT: {"using":"xpath","value":"//button[@data-kt=\"addNewYardOverflowToolbarButton\"]"}
COMMAND: POST /session/fdb2eb18e9de7f55d42e953fc9ac8efb/elements - {"using":"xpath","value":"//button[@data-kt=\"addNewYardOverflowToolbarButton\"]"}
RESULT: {"using":"xpath","value":"//button[@data-kt=\"addNewYardOverflowToolbarButton\"]"}
COMMAND: POST /session/fdb2eb18e9de7f55d42e953fc9ac8efb/elements - {"using":"xpath","value":"//button[@data-kt=\"addNewYardOverflowToolbarButton\"]"}
RESULT: {"using":"xpath","value":"//button[@data-kt=\"addNewYardOverflowToolbarButton\"]"}
COMMAND: POST /session/fdb2eb18e9de7f55d42e953fc9ac8efb/elements - {"using":"xpath","value":"//button[@data-kt=\"addNewYardOverflowToolbarButton\"]"}
RESULT: {"using":"xpath","value":"//button[@data-kt=\"addNewYardOverflowToolbarButton\"]"}
COMMAND: POST /session/fdb2eb18e9de7f55d42e953fc9ac8efb/elements - {"using":"xpath","value":"//button[@data-kt=\"addNewYardOverflowToolbarButton\"]"}
RESULT: {"using":"xpath","value":"//button[@data-kt=\"addNewYardOverflowToolbarButton\"]"}
COMMAND: POST /session/fdb2eb18e9de7f55d42e953fc9ac8efb/elements - {"using":"xpath","value":"//button[@data-kt=\"addNewYardOverflowToolbarButton\"]"}
RESULT: {"using":"xpath","value":"//button[@data-kt=\"addNewYardOverflowToolbarButton\"]"}
COMMAND: POST /session/fdb2eb18e9de7f55d42e953fc9ac8efb/elements - {"using":"xpath","value":"//button[@data-kt=\"addNewYardOverflowToolbarButton\"]"}
RESULT: {"using":"xpath","value":"//button[@data-kt=\"addNewYardOverflowToolbarButton\"]"}
COMMAND: POST /session/fdb2eb18e9de7f55d42e953fc9ac8efb/elements - {"using":"xpath","value":"//button[@data-kt=\"addNewYardOverflowToolbarButton\"]"}
RESULT: {"using":"xpath","value":"//button[@data-kt=\"addNewYardOverflowToolbarButton\"]"}
COMMAND: POST /session/fdb2eb18e9de7f55d42e953fc9ac8efb/elements - {"using":"xpath","value":"//button[@data-kt=\"addNewYardOverflowToolbarButton\"]"}
RESULT: {"using":"xpath","value":"//button[@data-kt=\"addNewYardOverflowToolbarButton\"]"}
COMMAND: POST /session/fdb2eb18e9de7f55d42e953fc9ac8efb/elements - {"using":"xpath","value":"//button[@data-kt=\"addNewYardOverflowToolbarButton\"]"}
RESULT: {"using":"xpath","value":"//button[@data-kt=\"addNewYardOverflowToolbarButton\"]"}
COMMAND: POST /session/fdb2eb18e9de7f55d42e953fc9ac8efb/elements - {"using":"xpath","value":"//button[@data-kt=\"addNewYardOverflowToolbarButton\"]"}
RESULT: {"using":"xpath","value":"//button[@data-kt=\"addNewYardOverflowToolbarButton\"]"}
COMMAND: POST /session/fdb2eb18e9de7f55d42e953fc9ac8efb/elements - {"using":"xpath","value":"//button[@data-kt=\"addNewYardOverflowToolbarButton\"]"}
RESULT: {"using":"xpath","value":"//button[@data-kt=\"addNewYardOverflowToolbarButton\"]"}
COMMAND: POST /session/fdb2eb18e9de7f55d42e953fc9ac8efb/elements - {"using":"xpath","value":"//button[@data-kt=\"addNewYardOverflowToolbarButton\"]"}
RESULT: {"using":"xpath","value":"//button[@data-kt=\"addNewYardOverflowToolbarButton\"]"}
COMMAND: POST /session/fdb2eb18e9de7f55d42e953fc9ac8efb/elements - {"using":"xpath","value":"//button[@data-kt=\"addNewYardOverflowToolbarButton\"]"}
RESULT: {"using":"xpath","value":"//button[@data-kt=\"addNewYardOverflowToolbarButton\"]"}
COMMAND: POST /session/fdb2eb18e9de7f55d42e953fc9ac8efb/elements - {"using":"xpath","value":"//button[@data-kt=\"addNewYardOverflowToolbarButton\"]"}
RESULT: {"using":"xpath","value":"//button[@data-kt=\"addNewYardOverflowToolbarButton\"]"}
COMMAND: POST /session/fdb2eb18e9de7f55d42e953fc9ac8efb/elements - {"using":"xpath","value":"//button[@data-kt=\"addNewYardOverflowToolbarButton\"]"}
RESULT: {"using":"xpath","value":"//button[@data-kt=\"addNewYardOverflowToolbarButton\"]"}
COMMAND: POST /session/fdb2eb18e9de7f55d42e953fc9ac8efb/elements - {"using":"xpath","value":"//button[@data-kt=\"addNewYardOverflowToolbarButton\"]"}
RESULT: {"using":"xpath","value":"//button[@data-kt=\"addNewYardOverflowToolbarButton\"]"}
COMMAND: POST /session/fdb2eb18e9de7f55d42e953fc9ac8efb/elements - {"using":"xpath","value":"//button[@data-kt=\"addNewYardOverflowToolbarButton\"]"}
RESULT: {"using":"xpath","value":"//button[@data-kt=\"addNewYardOverflowToolbarButton\"]"}
COMMAND: POST /session/fdb2eb18e9de7f55d42e953fc9ac8efb/elements - {"using":"xpath","value":"//button[@data-kt=\"addNewYardOverflowToolbarButton\"]"}
RESULT: {"using":"xpath","value":"//button[@data-kt=\"addNewYardOverflowToolbarButton\"]"}
COMMAND: POST /session/fdb2eb18e9de7f55d42e953fc9ac8efb/elements - {"using":"xpath","value":"//button[@data-kt=\"addNewYardOverflowToolbarButton\"]"}
RESULT: {"using":"xpath","value":"//button[@data-kt=\"addNewYardOverflowToolbarButton\"]"}
COMMAND: POST /session/fdb2eb18e9de7f55d42e953fc9ac8efb/elements - {"using":"xpath","value":"//button[@data-kt=\"addNewYardOverflowToolbarButton\"]"}
RESULT: {"using":"xpath","value":"//button[@data-kt=\"addNewYardOverflowToolbarButton\"]"}
COMMAND: POST /session/fdb2eb18e9de7f55d42e953fc9ac8efb/elements - {"using":"xpath","value":"//button[@data-kt=\"addNewYardOverflowToolbarButton\"]"}
RESULT: {"using":"xpath","value":"//button[@data-kt=\"addNewYardOverflowToolbarButton\"]"}
COMMAND: POST /session/fdb2eb18e9de7f55d42e953fc9ac8efb/elements - {"using":"xpath","value":"//button[@data-kt=\"addNewYardOverflowToolbarButton\"]"}
RESULT: {"using":"xpath","value":"//button[@data-kt=\"addNewYardOverflowToolbarButton\"]"}
COMMAND: POST /session/fdb2eb18e9de7f55d42e953fc9ac8efb/elements - {"using":"xpath","value":"//button[@data-kt=\"addNewYardOverflowToolbarButton\"]"}
RESULT: {"using":"xpath","value":"//button[@data-kt=\"addNewYardOverflowToolbarButton\"]"}
COMMAND: POST /session/fdb2eb18e9de7f55d42e953fc9ac8efb/elements - {"using":"xpath","value":"//button[@data-kt=\"addNewYardOverflowToolbarButton\"]"}
RESULT: {"using":"xpath","value":"//button[@data-kt=\"addNewYardOverflowToolbarButton\"]"}
COMMAND: POST /session/fdb2eb18e9de7f55d42e953fc9ac8efb/elements - {"using":"xpath","value":"//button[@data-kt=\"addNewYardOverflowToolbarButton\"]"}
RESULT: {"using":"xpath","value":"//button[@data-kt=\"addNewYardOverflowToolbarButton\"]"}
COMMAND: POST /session/fdb2eb18e9de7f55d42e953fc9ac8efb/elements - {"using":"xpath","value":"//button[@data-kt=\"addNewYardOverflowToolbarButton\"]"}
RESULT: {"using":"xpath","value":"//button[@data-kt=\"addNewYardOverflowToolbarButton\"]"}
COMMAND: POST /session/fdb2eb18e9de7f55d42e953fc9ac8efb/elements - {"using":"xpath","value":"//button[@data-kt=\"addNewYardOverflowToolbarButton\"]"}
RESULT: {"using":"xpath","value":"//button[@data-kt=\"addNewYardOverflowToolbarButton\"]"}
COMMAND: POST /session/fdb2eb18e9de7f55d42e953fc9ac8efb/elements - {"using":"xpath","value":"//button[@data-kt=\"addNewYardOverflowToolbarButton\"]"}
RESULT: {"using":"xpath","value":"//button[@data-kt=\"addNewYardOverflowToolbarButton\"]"}
COMMAND: POST /session/fdb2eb18e9de7f55d42e953fc9ac8efb/elements - {"using":"xpath","value":"//button[@data-kt=\"addNewYardOverflowToolbarButton\"]"}
RESULT: {"using":"xpath","value":"//button[@data-kt=\"addNewYardOverflowToolbarButton\"]"}
COMMAND: POST /session/fdb2eb18e9de7f55d42e953fc9ac8efb/elements - {"using":"xpath","value":"//button[@data-kt=\"addNewYardOverflowToolbarButton\"]"}
RESULT: {"using":"xpath","value":"//button[@data-kt=\"addNewYardOverflowToolbarButton\"]"}
COMMAND: POST /session/fdb2eb18e9de7f55d42e953fc9ac8efb/elements - {"using":"xpath","value":"//button[@data-kt=\"addNewYardOverflowToolbarButton\"]"}
RESULT: {"using":"xpath","value":"//button[@data-kt=\"addNewYardOverflowToolbarButton\"]"}
COMMAND: POST /session/fdb2eb18e9de7f55d42e953fc9ac8efb/elements - {"using":"xpath","value":"//button[@data-kt=\"addNewYardOverflowToolbarButton\"]"}
RESULT: {"using":"xpath","value":"//button[@data-kt=\"addNewYardOverflowToolbarButton\"]"}
COMMAND: POST /session/fdb2eb18e9de7f55d42e953fc9ac8efb/elements - {"using":"xpath","value":"//button[@data-kt=\"addNewYardOverflowToolbarButton\"]"}
RESULT: {"using":"xpath","value":"//button[@data-kt=\"addNewYardOverflowToolbarButton\"]"}
COMMAND: POST /session/fdb2eb18e9de7f55d42e953fc9ac8efb/elements - {"using":"xpath","value":"//button[@data-kt=\"addNewYardOverflowToolbarButton\"]"}
RESULT: {"using":"xpath","value":"//button[@data-kt=\"addNewYardOverflowToolbarButton\"]"}
COMMAND: POST /session/fdb2eb18e9de7f55d42e953fc9ac8efb/elements - {"using":"xpath","value":"//button[@data-kt=\"addNewYardOverflowToolbarButton\"]"}
RESULT: {"using":"xpath","value":"//button[@data-kt=\"addNewYardOverflowToolbarButton\"]"}
COMMAND: POST /session/fdb2eb18e9de7f55d42e953fc9ac8efb/elements - {"using":"xpath","value":"//button[@data-kt=\"addNewYardOverflowToolbarButton\"]"}
RESULT: {"using":"xpath","value":"//button[@data-kt=\"addNewYardOverflowToolbarButton\"]"}
COMMAND: POST /session/fdb2eb18e9de7f55d42e953fc9ac8efb/elements - {"using":"xpath","value":"//button[@data-kt=\"addNewYardOverflowToolbarButton\"]"}
RESULT: {"using":"xpath","value":"//button[@data-kt=\"addNewYardOverflowToolbarButton\"]"}
COMMAND: POST /session/fdb2eb18e9de7f55d42e953fc9ac8efb/elements - {"using":"xpath","value":"//button[@data-kt=\"addNewYardOverflowToolbarButton\"]"}
RESULT: {"using":"xpath","value":"//button[@data-kt=\"addNewYardOverflowToolbarButton\"]"}
COMMAND: POST /session/fdb2eb18e9de7f55d42e953fc9ac8efb/elements - {"using":"xpath","value":"//button[@data-kt=\"addNewYardOverflowToolbarButton\"]"}
RESULT: {"using":"xpath","value":"//button[@data-kt=\"addNewYardOverflowToolbarButton\"]"}
COMMAND: POST /session/fdb2eb18e9de7f55d42e953fc9ac8efb/elements - {"using":"xpath","value":"//button[@data-kt=\"addNewYardOverflowToolbarButton\"]"}
RESULT: {"using":"xpath","value":"//button[@data-kt=\"addNewYardOverflowToolbarButton\"]"}
COMMAND: POST /session/fdb2eb18e9de7f55d42e953fc9ac8efb/elements - {"using":"xpath","value":"//button[@data-kt=\"addNewYardOverflowToolbarButton\"]"}
RESULT: {"using":"xpath","value":"//button[@data-kt=\"addNewYardOverflowToolbarButton\"]"}
COMMAND: POST /session/fdb2eb18e9de7f55d42e953fc9ac8efb/elements - {"using":"xpath","value":"//button[@data-kt=\"addNewYardOverflowToolbarButton\"]"}
RESULT: {"using":"xpath","value":"//button[@data-kt=\"addNewYardOverflowToolbarButton\"]"}
COMMAND: POST /session/fdb2eb18e9de7f55d42e953fc9ac8efb/elements - {"using":"xpath","value":"//button[@data-kt=\"addNewYardOverflowToolbarButton\"]"}
RESULT: {"using":"xpath","value":"//button[@data-kt=\"addNewYardOverflowToolbarButton\"]"}
COMMAND: POST /session/fdb2eb18e9de7f55d42e953fc9ac8efb/elements - {"using":"xpath","value":"//button[@data-kt=\"addNewYardOverflowToolbarButton\"]"}
RESULT: {"using":"xpath","value":"//button[@data-kt=\"addNewYardOverflowToolbarButton\"]"}
COMMAND: POST /session/fdb2eb18e9de7f55d42e953fc9ac8efb/elements - {"using":"xpath","value":"//button[@data-kt=\"addNewYardOverflowToolbarButton\"]"}
RESULT: {"using":"xpath","value":"//button[@data-kt=\"addNewYardOverflowToolbarButton\"]"}
COMMAND: POST /session/fdb2eb18e9de7f55d42e953fc9ac8efb/elements - {"using":"xpath","value":"//button[@data-kt=\"addNewYardOverflowToolbarButton\"]"}
RESULT: {"using":"xpath","value":"//button[@data-kt=\"addNewYardOverflowToolbarButton\"]"}
COMMAND: POST /session/fdb2eb18e9de7f55d42e953fc9ac8efb/elements - {"using":"xpath","value":"//button[@data-kt=\"addNewYardOverflowToolbarButton\"]"}
RESULT: {"using":"xpath","value":"//button[@data-kt=\"addNewYardOverflowToolbarButton\"]"}
COMMAND: POST /session/fdb2eb18e9de7f55d42e953fc9ac8efb/element - {"using":"xpath","value":"//button[@data-kt=\"addNewYardOverflowToolbarButton\"]"}
RESULT: {"using":"xpath","value":"//button[@data-kt=\"addNewYardOverflowToolbarButton\"]"}
COMMAND: POST /session/fdb2eb18e9de7f55d42e953fc9ac8efb/execute/sync - {"script":"<script> [8489 bytes]","args":[{"element-6066-11e4-a52e-4f735466cecf":"f.65777815963AB190D0E426F0C4C24000.d.B0EDCB096A0B6960D024AE83A0EF98FC.e.296","ELEMENT":"f.65777815963AB190D0E426F0C4C24000.d.B0EDCB096A0B6960D024AE83A0EF98FC.e.296"}]}
RESULT: {"script":"<script> [8489 bytes]","args":[{"element-6066-11e4-a52e-4f735466cecf":"f.65777815963AB190D0E426F0C4C24000.d.B0EDCB096A0B6960D024AE83A0EF98FC.e.296","ELEMENT":"f.65777815963AB190D0E426F0C4C24000.d.B0EDCB096A0B6960D024AE83A0EF98FC.e.296"}]}
COMMAND: GET /session/fdb2eb18e9de7f55d42e953fc9ac8efb/element/f.65777815963AB190D0E426F0C4C24000.d.B0EDCB096A0B6960D024AE83A0EF98FC.e.296/enabled - {}
COMMAND: GET /session/fdb2eb18e9de7f55d42e953fc9ac8efb/screenshot - {}
RESULT: {}
COMMAND: POST /session/fdb2eb18e9de7f55d42e953fc9ac8efb/execute/sync - {"script":"<script> [8489 bytes]","args":[{"element-6066-11e4-a52e-4f735466cecf":"f.65777815963AB190D0E426F0C4C24000.d.B0EDCB096A0B6960D024AE83A0EF98FC.e.296","ELEMENT":"f.65777815963AB190D0E426F0C4C24000.d.B0EDCB096A0B6960D024AE83A0EF98FC.e.296"}]}
COMMAND: GET /session/fdb2eb18e9de7f55d42e953fc9ac8efb/screenshot - {}
RESULT: {}
RESULT: {"script":"<script> [8489 bytes]","args":[{"element-6066-11e4-a52e-4f735466cecf":"f.65777815963AB190D0E426F0C4C24000.d.B0EDCB096A0B6960D024AE83A0EF98FC.e.296","ELEMENT":"f.65777815963AB190D0E426F0C4C24000.d.B0EDCB096A0B6960D024AE83A0EF98FC.e.296"}]}
COMMAND: POST /session/fdb2eb18e9de7f55d42e953fc9ac8efb/execute/sync - {"script":"<script> [5351 bytes]","args":[{"element-6066-11e4-a52e-4f735466cecf":"f.65777815963AB190D0E426F0C4C24000.d.B0EDCB096A0B6960D024AE83A0EF98FC.e.296","ELEMENT":"f.65777815963AB190D0E426F0C4C24000.d.B0EDCB096A0B6960D024AE83A0EF98FC.e.296"}]}
COMMAND: GET /session/fdb2eb18e9de7f55d42e953fc9ac8efb/screenshot - {}
RESULT: {}
RESULT: {"script":"<script> [5351 bytes]","args":[{"element-6066-11e4-a52e-4f735466cecf":"f.65777815963AB190D0E426F0C4C24000.d.B0EDCB096A0B6960D024AE83A0EF98FC.e.296","ELEMENT":"f.65777815963AB190D0E426F0C4C24000.d.B0EDCB096A0B6960D024AE83A0EF98FC.e.296"}]}
COMMAND: POST /session/fdb2eb18e9de7f55d42e953fc9ac8efb/element/f.65777815963AB190D0E426F0C4C24000.d.B0EDCB096A0B6960D024AE83A0EF98FC.e.296/click - {}
COMMAND: GET /session/fdb2eb18e9de7f55d42e953fc9ac8efb/screenshot - {}
RESULT: {}
RESULT: {}
COMMAND: GET /session/fdb2eb18e9de7f55d42e953fc9ac8efb/screenshot - {}
COMMAND: POST /session/fdb2eb18e9de7f55d42e953fc9ac8efb/element - {"using":"xpath","value":"//input[@id=\"application-manageyards-display-component---NewYard--yardId-inner\"]"}
RESULT: {}
RESULT: {}
RESULT: {"using":"xpath","value":"//input[@id=\"application-manageyards-display-component---NewYard--yardId-inner\"]"}
COMMAND: POST /session/fdb2eb18e9de7f55d42e953fc9ac8efb/element - {"using":"xpath","value":"//input[@id=\"application-manageyards-display-component---NewYard--yardId-inner\"]"}
RESULT: {"using":"xpath","value":"//input[@id=\"application-manageyards-display-component---NewYard--yardId-inner\"]"}
COMMAND: POST /session/fdb2eb18e9de7f55d42e953fc9ac8efb/execute/async - {"script":"<script> [1562 bytes]","args":[{"selector":{"id":"application-manageyards-display-component---NewYard--addressDetailDetailsName1","interaction":{"idSuffix":"inner"}},"wdio_ui5_key":"applicationmanageyards-display-component---NewYard--addressDetailDetailsName1"}]}
RESULT: {"script":"<script> [1562 bytes]","args":[{"selector":{"id":"application-manageyards-display-component---NewYard--addressDetailDetailsName1","interaction":{"idSuffix":"inner"}},"wdio_ui5_key":"applicationmanageyards-display-component---NewYard--addressDetailDetailsName1"}]}
RESULT: undefined
COMMAND: POST /session/fdb2eb18e9de7f55d42e953fc9ac8efb/execute/async - {"script":"<script> [776 bytes]","args":[{"enterText":"Intracompany Yard wdIO","selector":{"id":"application-manageyards-display-component---NewYard--addressDetailDetailsName1","interaction":{"idSuffix":"inner"}},"clearTextFirst":true,"interactionType":"ENTER_TEXT"}]}
RESULT: {"script":"<script> [776 bytes]","args":[{"enterText":"Intracompany Yard wdIO","selector":{"id":"application-manageyards-display-component---NewYard--addressDetailDetailsName1","interaction":{"idSuffix":"inner"}},"clearTextFirst":true,"interactionType":"ENTER_TEXT"}]}
COMMAND: POST /session/fdb2eb18e9de7f55d42e953fc9ac8efb/execute/async - {"script":"<script> [1562 bytes]","args":[{"selector":{"id":"application-manageyards-display-component---NewYard--addressDetailDetailsLanguage-arrow"},"wdio_ui5_key":"applicationmanageyards-display-component---NewYard--addressDetailDetailsLanguage-arrow"}]}
RESULT: {"script":"<script> [1562 bytes]","args":[{"selector":{"id":"application-manageyards-display-component---NewYard--addressDetailDetailsLanguage-arrow"},"wdio_ui5_key":"applicationmanageyards-display-component---NewYard--addressDetailDetailsLanguage-arrow"}]}
RESULT: undefined
COMMAND: POST /session/fdb2eb18e9de7f55d42e953fc9ac8efb/element - {"using":"xpath","value":"//*[@id=\"application-manageyards-display-component---NewYard--addressDetailDetailsLanguage-arrow\"]"}
RESULT: {"using":"xpath","value":"//*[@id=\"application-manageyards-display-component---NewYard--addressDetailDetailsLanguage-arrow\"]"}
COMMAND: POST /session/fdb2eb18e9de7f55d42e953fc9ac8efb/element/f.65777815963AB190D0E426F0C4C24000.d.B0EDCB096A0B6960D024AE83A0EF98FC.e.732/click - {}
RESULT: {}
COMMAND: POST /session/fdb2eb18e9de7f55d42e953fc9ac8efb/element - {"using":"xpath","value":"//span[contains(text(), \"English\")]"}
COMMAND: GET /session/fdb2eb18e9de7f55d42e953fc9ac8efb/screenshot - {}
RESULT: {"using":"xpath","value":"//span[contains(text(), \"English\")]"}
COMMAND: POST /session/fdb2eb18e9de7f55d42e953fc9ac8efb/element/f.65777815963AB190D0E426F0C4C24000.d.B0EDCB096A0B6960D024AE83A0EF98FC.e.733/click - {}
RESULT: {}
RESULT: {}
COMMAND: POST /session/fdb2eb18e9de7f55d42e953fc9ac8efb/execute/async - {"script":"<script> [1562 bytes]","args":[{"selector":{"id":"application-manageyards-display-component---NewYard--addressDetailDetailsCity1","interaction":{"idSuffix":"inner"}},"wdio_ui5_key":"applicationmanageyards-display-component---NewYard--addressDetailDetailsCity1"}]}
COMMAND: GET /session/fdb2eb18e9de7f55d42e953fc9ac8efb/screenshot - {}
RESULT: {"script":"<script> [1562 bytes]","args":[{"selector":{"id":"application-manageyards-display-component---NewYard--addressDetailDetailsCity1","interaction":{"idSuffix":"inner"}},"wdio_ui5_key":"applicationmanageyards-display-component---NewYard--addressDetailDetailsCity1"}]}
RESULT: undefined
COMMAND: POST /session/fdb2eb18e9de7f55d42e953fc9ac8efb/execute/async - {"script":"<script> [776 bytes]","args":[{"enterText":"Rosario","selector":{"id":"application-manageyards-display-component---NewYard--addressDetailDetailsCity1","interaction":{"idSuffix":"inner"}},"clearTextFirst":true,"interactionType":"ENTER_TEXT"}]}
RESULT: {}
RESULT: {"script":"<script> [776 bytes]","args":[{"enterText":"Rosario","selector":{"id":"application-manageyards-display-component---NewYard--addressDetailDetailsCity1","interaction":{"idSuffix":"inner"}},"clearTextFirst":true,"interactionType":"ENTER_TEXT"}]}
COMMAND: POST /session/fdb2eb18e9de7f55d42e953fc9ac8efb/execute/async - {"script":"<script> [1562 bytes]","args":[{"selector":{"id":"application-manageyards-display-component---NewYard--addressDetailDetailsCountry-arrow"},"wdio_ui5_key":"applicationmanageyards-display-component---NewYard--addressDetailDetailsCountry-arrow"}]}
RESULT: {"script":"<script> [1562 bytes]","args":[{"selector":{"id":"application-manageyards-display-component---NewYard--addressDetailDetailsCountry-arrow"},"wdio_ui5_key":"applicationmanageyards-display-component---NewYard--addressDetailDetailsCountry-arrow"}]}
RESULT: undefined
COMMAND: POST /session/fdb2eb18e9de7f55d42e953fc9ac8efb/element - {"using":"xpath","value":"//*[@id=\"application-manageyards-display-component---NewYard--addressDetailDetailsCountry-arrow\"]"}
RESULT: {"using":"xpath","value":"//*[@id=\"application-manageyards-display-component---NewYard--addressDetailDetailsCountry-arrow\"]"}
COMMAND: POST /session/fdb2eb18e9de7f55d42e953fc9ac8efb/element/f.65777815963AB190D0E426F0C4C24000.d.B0EDCB096A0B6960D024AE83A0EF98FC.e.735/click - {}
RESULT: {}
COMMAND: POST /session/fdb2eb18e9de7f55d42e953fc9ac8efb/element - {"using":"xpath","value":"//span[contains(text(), \"Argentina\")]"}
COMMAND: GET /session/fdb2eb18e9de7f55d42e953fc9ac8efb/screenshot - {}
RESULT: {"using":"xpath","value":"//span[contains(text(), \"Argentina\")]"}
COMMAND: POST /session/fdb2eb18e9de7f55d42e953fc9ac8efb/element/f.65777815963AB190D0E426F0C4C24000.d.B0EDCB096A0B6960D024AE83A0EF98FC.e.737/click - {}
RESULT: {}
RESULT: {}
COMMAND: POST /session/fdb2eb18e9de7f55d42e953fc9ac8efb/execute/async - {"script":"<script> [1562 bytes]","args":[{"selector":{"id":"application-manageyards-display-component---NewYard--addressEditDetailsCostObjectCstType-arrow"},"wdio_ui5_key":"applicationmanageyards-display-component---NewYard--addressEditDetailsCostObjectCstType-arrow"}]}
COMMAND: GET /session/fdb2eb18e9de7f55d42e953fc9ac8efb/screenshot - {}
RESULT: {"script":"<script> [1562 bytes]","args":[{"selector":{"id":"application-manageyards-display-component---NewYard--addressEditDetailsCostObjectCstType-arrow"},"wdio_ui5_key":"applicationmanageyards-display-component---NewYard--addressEditDetailsCostObjectCstType-arrow"}]}
RESULT: undefined
COMMAND: POST /session/fdb2eb18e9de7f55d42e953fc9ac8efb/element - {"using":"xpath","value":"//*[@id=\"application-manageyards-display-component---NewYard--addressEditDetailsCostObjectCstType-arrow\"]"}
RESULT: {}
RESULT: {"using":"xpath","value":"//*[@id=\"application-manageyards-display-component---NewYard--addressEditDetailsCostObjectCstType-arrow\"]"}
COMMAND: POST /session/fdb2eb18e9de7f55d42e953fc9ac8efb/element/f.65777815963AB190D0E426F0C4C24000.d.B0EDCB096A0B6960D024AE83A0EF98FC.e.738/click - {}
RESULT: {}
COMMAND: POST /session/fdb2eb18e9de7f55d42e953fc9ac8efb/element - {"using":"xpath","value":"//span[contains(text(), \"Cost Center\")]"}
COMMAND: GET /session/fdb2eb18e9de7f55d42e953fc9ac8efb/screenshot - {}
RESULT: {"using":"xpath","value":"//span[contains(text(), \"Cost Center\")]"}
COMMAND: POST /session/fdb2eb18e9de7f55d42e953fc9ac8efb/element/f.65777815963AB190D0E426F0C4C24000.d.B0EDCB096A0B6960D024AE83A0EF98FC.e.739/click - {}
RESULT: {}
RESULT: {}
COMMAND: GET /session/fdb2eb18e9de7f55d42e953fc9ac8efb/screenshot - {}
RESULT: {}
COMMAND: POST /session/fdb2eb18e9de7f55d42e953fc9ac8efb/element - {"using":"xpath","value":"//span[@id=\"application-manageyards-display-component---NewYard--addressNewCostObjectCstID-vhi\"]"}
RESULT: {"using":"xpath","value":"//span[@id=\"application-manageyards-display-component---NewYard--addressNewCostObjectCstID-vhi\"]"}
COMMAND: POST /session/fdb2eb18e9de7f55d42e953fc9ac8efb/execute/sync - {"script":"<script> [8489 bytes]","args":[{"element-6066-11e4-a52e-4f735466cecf":"f.65777815963AB190D0E426F0C4C24000.d.B0EDCB096A0B6960D024AE83A0EF98FC.e.743","ELEMENT":"f.65777815963AB190D0E426F0C4C24000.d.B0EDCB096A0B6960D024AE83A0EF98FC.e.743"}]}
RESULT: {"script":"<script> [8489 bytes]","args":[{"element-6066-11e4-a52e-4f735466cecf":"f.65777815963AB190D0E426F0C4C24000.d.B0EDCB096A0B6960D024AE83A0EF98FC.e.743","ELEMENT":"f.65777815963AB190D0E426F0C4C24000.d.B0EDCB096A0B6960D024AE83A0EF98FC.e.743"}]}
COMMAND: POST /session/fdb2eb18e9de7f55d42e953fc9ac8efb/execute/async - {"script":"<script> [1562 bytes]","args":[{"selector":{"id":"application-manageyards-display-component---NewYard--addressNewCostObjectCstID-vhi"},"wdio_ui5_key":"applicationmanageyards-display-component---NewYard--addressNewCostObjectCstID-vhi"}]}
COMMAND: GET /session/fdb2eb18e9de7f55d42e953fc9ac8efb/screenshot - {}
RESULT: {"script":"<script> [1562 bytes]","args":[{"selector":{"id":"application-manageyards-display-component---NewYard--addressNewCostObjectCstID-vhi"},"wdio_ui5_key":"applicationmanageyards-display-component---NewYard--addressNewCostObjectCstID-vhi"}]}
RESULT: undefined
COMMAND: POST /session/fdb2eb18e9de7f55d42e953fc9ac8efb/element - {"using":"xpath","value":"//*[@id=\"application-manageyards-display-component---NewYard--addressNewCostObjectCstID-vhi\"]"}
RESULT: {}
RESULT: {"using":"xpath","value":"//*[@id=\"application-manageyards-display-component---NewYard--addressNewCostObjectCstID-vhi\"]"}
COMMAND: POST /session/fdb2eb18e9de7f55d42e953fc9ac8efb/element/f.65777815963AB190D0E426F0C4C24000.d.B0EDCB096A0B6960D024AE83A0EF98FC.e.743/click - {}
RESULT: {}
COMMAND: GET /session/fdb2eb18e9de7f55d42e953fc9ac8efb/screenshot - {}
RESULT: {}
COMMAND: POST /session/fdb2eb18e9de7f55d42e953fc9ac8efb/execute/async - {"script":"<script> [1562 bytes]","args":[{"selector":{"controlType":"sap.m.SearchField","properties":{"placeholder":"Search"},"searchOpenDialogs":true,"interaction":{"idSuffix":"I"}},"wdio_ui5_key":"sapm.SearchField{\"placeholder\":\"Search\"}"}]}
RESULT: {"script":"<script> [1562 bytes]","args":[{"selector":{"controlType":"sap.m.SearchField","properties":{"placeholder":"Search"},"searchOpenDialogs":true,"interaction":{"idSuffix":"I"}},"wdio_ui5_key":"sapm.SearchField{\"placeholder\":\"Search\"}"}]}
RESULT: undefined
COMMAND: POST /session/fdb2eb18e9de7f55d42e953fc9ac8efb/execute/async - {"script":"<script> [776 bytes]","args":[{"enterText":"10001013","selector":{"controlType":"sap.m.SearchField","properties":{"placeholder":"Search"},"searchOpenDialogs":true,"interaction":{"idSuffix":"I"}},"clearTextFirst":true,"interactionType":"ENTER_TEXT"}]}
RESULT: {"script":"<script> [776 bytes]","args":[{"enterText":"10001013","selector":{"controlType":"sap.m.SearchField","properties":{"placeholder":"Search"},"searchOpenDialogs":true,"interaction":{"idSuffix":"I"}},"clearTextFirst":true,"interactionType":"ENTER_TEXT"}]}
COMMAND: POST /session/fdb2eb18e9de7f55d42e953fc9ac8efb/actions - {"actions":[{"id":"action1","type":"key","parameters":{},"actions":[{"type":"keyDown","value":"î€‡"},{"type":"pause","duration":10},{"type":"keyUp","value":"î€‡"}]}]}
RESULT: {"actions":[{"id":"action1","type":"key","parameters":{},"actions":[{"type":"keyDown","value":"î€‡"},{"type":"pause","duration":10},{"type":"keyUp","value":"î€‡"}]}]}
COMMAND: GET /session/fdb2eb18e9de7f55d42e953fc9ac8efb/screenshot - {}
RESULT: {}
COMMAND: POST /session/fdb2eb18e9de7f55d42e953fc9ac8efb/element - {"using":"xpath","value":"//span[contains(text(), \"General Management\")]"}
RESULT: {"using":"xpath","value":"//span[contains(text(), \"General Management\")]"}
COMMAND: POST /session/fdb2eb18e9de7f55d42e953fc9ac8efb/element/f.65777815963AB190D0E426F0C4C24000.d.B0EDCB096A0B6960D024AE83A0EF98FC.e.783/click - {}
RESULT: {}
COMMAND: GET /session/fdb2eb18e9de7f55d42e953fc9ac8efb/screenshot - {}
RESULT: {}
COMMAND: POST /session/fdb2eb18e9de7f55d42e953fc9ac8efb/element - {"using":"xpath","value":"//bdi[contains(text(), \"OK\")]"}
RESULT: {"using":"xpath","value":"//bdi[contains(text(), \"OK\")]"}
COMMAND: POST /session/fdb2eb18e9de7f55d42e953fc9ac8efb/element/f.65777815963AB190D0E426F0C4C24000.d.B0EDCB096A0B6960D024AE83A0EF98FC.e.784/click - {}
RESULT: {}
COMMAND: GET /session/fdb2eb18e9de7f55d42e953fc9ac8efb/screenshot - {}
RESULT: {}
COMMAND: POST /session/fdb2eb18e9de7f55d42e953fc9ac8efb/execute/async - {"script":"<script> [1562 bytes]","args":[{"selector":{"id":"application-manageyards-display-component---NewYard--addressEditDetailsCurrency-arrow"},"wdio_ui5_key":"applicationmanageyards-display-component---NewYard--addressEditDetailsCurrency-arrow"}]}
RESULT: {"script":"<script> [1562 bytes]","args":[{"selector":{"id":"application-manageyards-display-component---NewYard--addressEditDetailsCurrency-arrow"},"wdio_ui5_key":"applicationmanageyards-display-component---NewYard--addressEditDetailsCurrency-arrow"}]}
RESULT: undefined
COMMAND: POST /session/fdb2eb18e9de7f55d42e953fc9ac8efb/element - {"using":"xpath","value":"//*[@id=\"application-manageyards-display-component---NewYard--addressEditDetailsCurrency-arrow\"]"}
RESULT: {"using":"xpath","value":"//*[@id=\"application-manageyards-display-component---NewYard--addressEditDetailsCurrency-arrow\"]"}
COMMAND: POST /session/fdb2eb18e9de7f55d42e953fc9ac8efb/element/f.65777815963AB190D0E426F0C4C24000.d.B0EDCB096A0B6960D024AE83A0EF98FC.e.787/click - {}
RESULT: {}
COMMAND: POST /session/fdb2eb18e9de7f55d42e953fc9ac8efb/element - {"using":"xpath","value":"//span[contains(text(), \"Euro\")]"}
COMMAND: GET /session/fdb2eb18e9de7f55d42e953fc9ac8efb/screenshot - {}
RESULT: {"using":"xpath","value":"//span[contains(text(), \"Euro\")]"}
COMMAND: POST /session/fdb2eb18e9de7f55d42e953fc9ac8efb/element/f.65777815963AB190D0E426F0C4C24000.d.B0EDCB096A0B6960D024AE83A0EF98FC.e.788/click - {}
RESULT: {}
RESULT: {}
COMMAND: POST /session/fdb2eb18e9de7f55d42e953fc9ac8efb/execute/async - {"script":"<script> [1562 bytes]","args":[{"selector":{"controlType":"sap.m.Input","viewName":"etm.portal.ui.manageyards.view.New","viewId":"application-manageyards-display-component---NewYard","bindingPath":{"path":"","propertyPath":"/CONTROLLING_AREA","modelName":"NewYardModel"},"interaction":{"idSuffix":"inner"}},"wdio_ui5_key":"etmportal.ui.manageyards.view.Newsap.m.Input{\"path\":\"\",\"propertyPath\":\"/CONTROLLING_AREA\",\"modelName\":\"NewYardModel\"}"}]}
COMMAND: GET /session/fdb2eb18e9de7f55d42e953fc9ac8efb/screenshot - {}
RESULT: {"script":"<script> [1562 bytes]","args":[{"selector":{"controlType":"sap.m.Input","viewName":"etm.portal.ui.manageyards.view.New","viewId":"application-manageyards-display-component---NewYard","bindingPath":{"path":"","propertyPath":"/CONTROLLING_AREA","modelName":"NewYardModel"},"interaction":{"idSuffix":"inner"}},"wdio_ui5_key":"etmportal.ui.manageyards.view.Newsap.m.Input{\"path\":\"\",\"propertyPath\":\"/CONTROLLING_AREA\",\"modelName\":\"NewYardModel\"}"}]}
RESULT: undefined
COMMAND: POST /session/fdb2eb18e9de7f55d42e953fc9ac8efb/execute/async - {"script":"<script> [776 bytes]","args":[{"enterText":"Z001","selector":{"controlType":"sap.m.Input","viewName":"etm.portal.ui.manageyards.view.New","viewId":"application-manageyards-display-component---NewYard","bindingPath":{"path":"","propertyPath":"/CONTROLLING_AREA","modelName":"NewYardModel"},"interaction":{"idSuffix":"inner"}},"clearTextFirst":true,"interactionType":"ENTER_TEXT"}]}
RESULT: {}
RESULT: {"script":"<script> [776 bytes]","args":[{"enterText":"Z001","selector":{"controlType":"sap.m.Input","viewName":"etm.portal.ui.manageyards.view.New","viewId":"application-manageyards-display-component---NewYard","bindingPath":{"path":"","propertyPath":"/CONTROLLING_AREA","modelName":"NewYardModel"},"interaction":{"idSuffix":"inner"}},"clearTextFirst":true,"interactionType":"ENTER_TEXT"}]}
COMMAND: POST /session/fdb2eb18e9de7f55d42e953fc9ac8efb/execute/async - {"script":"<script> [1562 bytes]","args":[{"selector":{"id":"application-manageyards-display-component---NewYard--companyCodeComboBox","interaction":{"idSuffix":"inner"}},"wdio_ui5_key":"applicationmanageyards-display-component---NewYard--companyCodeComboBox"}]}
RESULT: {"script":"<script> [1562 bytes]","args":[{"selector":{"id":"application-manageyards-display-component---NewYard--companyCodeComboBox","interaction":{"idSuffix":"inner"}},"wdio_ui5_key":"applicationmanageyards-display-component---NewYard--companyCodeComboBox"}]}
RESULT: undefined
COMMAND: POST /session/fdb2eb18e9de7f55d42e953fc9ac8efb/execute/async - {"script":"<script> [776 bytes]","args":[{"enterText":"1000","selector":{"id":"application-manageyards-display-component---NewYard--companyCodeComboBox","interaction":{"idSuffix":"inner"}},"clearTextFirst":true,"interactionType":"ENTER_TEXT"}]}
RESULT: {"script":"<script> [776 bytes]","args":[{"enterText":"1000","selector":{"id":"application-manageyards-display-component---NewYard--companyCodeComboBox","interaction":{"idSuffix":"inner"}},"clearTextFirst":true,"interactionType":"ENTER_TEXT"}]}
COMMAND: POST /session/fdb2eb18e9de7f55d42e953fc9ac8efb/execute/async - {"script":"<script> [1562 bytes]","args":[{"selector":{"controlType":"sap.m.Input","viewName":"etm.portal.ui.manageyards.view.New","viewId":"application-manageyards-display-component---NewYard","bindingPath":{"path":"","propertyPath":"/PLANT","modelName":"NewYardModel"},"interaction":{"idSuffix":"inner"}},"wdio_ui5_key":"etmportal.ui.manageyards.view.Newsap.m.Input{\"path\":\"\",\"propertyPath\":\"/PLANT\",\"modelName\":\"NewYardModel\"}"}]}
RESULT: {"script":"<script> [1562 bytes]","args":[{"selector":{"controlType":"sap.m.Input","viewName":"etm.portal.ui.manageyards.view.New","viewId":"application-manageyards-display-component---NewYard","bindingPath":{"path":"","propertyPath":"/PLANT","modelName":"NewYardModel"},"interaction":{"idSuffix":"inner"}},"wdio_ui5_key":"etmportal.ui.manageyards.view.Newsap.m.Input{\"path\":\"\",\"propertyPath\":\"/PLANT\",\"modelName\":\"NewYardModel\"}"}]}
RESULT: undefined
COMMAND: POST /session/fdb2eb18e9de7f55d42e953fc9ac8efb/execute/async - {"script":"<script> [776 bytes]","args":[{"enterText":"1001","selector":{"controlType":"sap.m.Input","viewName":"etm.portal.ui.manageyards.view.New","viewId":"application-manageyards-display-component---NewYard","bindingPath":{"path":"","propertyPath":"/PLANT","modelName":"NewYardModel"},"interaction":{"idSuffix":"inner"}},"clearTextFirst":true,"interactionType":"ENTER_TEXT"}]}
RESULT: {"script":"<script> [776 bytes]","args":[{"enterText":"1001","selector":{"controlType":"sap.m.Input","viewName":"etm.portal.ui.manageyards.view.New","viewId":"application-manageyards-display-component---NewYard","bindingPath":{"path":"","propertyPath":"/PLANT","modelName":"NewYardModel"},"interaction":{"idSuffix":"inner"}},"clearTextFirst":true,"interactionType":"ENTER_TEXT"}]}
COMMAND: POST /session/fdb2eb18e9de7f55d42e953fc9ac8efb/execute/async - {"script":"<script> [1562 bytes]","args":[{"selector":{"controlType":"sap.m.Input","viewName":"etm.portal.ui.manageyards.view.New","viewId":"application-manageyards-display-component---NewYard","bindingPath":{"path":"","propertyPath":"/SALES_AREA_VKORG","modelName":"NewYardModel"},"interaction":{"idSuffix":"inner"}},"wdio_ui5_key":"etmportal.ui.manageyards.view.Newsap.m.Input{\"path\":\"\",\"propertyPath\":\"/SALES_AREA_VKORG\",\"modelName\":\"NewYardModel\"}"}]}
RESULT: {"script":"<script> [1562 bytes]","args":[{"selector":{"controlType":"sap.m.Input","viewName":"etm.portal.ui.manageyards.view.New","viewId":"application-manageyards-display-component---NewYard","bindingPath":{"path":"","propertyPath":"/SALES_AREA_VKORG","modelName":"NewYardModel"},"interaction":{"idSuffix":"inner"}},"wdio_ui5_key":"etmportal.ui.manageyards.view.Newsap.m.Input{\"path\":\"\",\"propertyPath\":\"/SALES_AREA_VKORG\",\"modelName\":\"NewYardModel\"}"}]}
RESULT: undefined
COMMAND: POST /session/fdb2eb18e9de7f55d42e953fc9ac8efb/execute/async - {"script":"<script> [776 bytes]","args":[{"enterText":"C002","selector":{"controlType":"sap.m.Input","viewName":"etm.portal.ui.manageyards.view.New","viewId":"application-manageyards-display-component---NewYard","bindingPath":{"path":"","propertyPath":"/SALES_AREA_VKORG","modelName":"NewYardModel"},"interaction":{"idSuffix":"inner"}},"clearTextFirst":true,"interactionType":"ENTER_TEXT"}]}
RESULT: {"script":"<script> [776 bytes]","args":[{"enterText":"C002","selector":{"controlType":"sap.m.Input","viewName":"etm.portal.ui.manageyards.view.New","viewId":"application-manageyards-display-component---NewYard","bindingPath":{"path":"","propertyPath":"/SALES_AREA_VKORG","modelName":"NewYardModel"},"interaction":{"idSuffix":"inner"}},"clearTextFirst":true,"interactionType":"ENTER_TEXT"}]}
COMMAND: POST /session/fdb2eb18e9de7f55d42e953fc9ac8efb/execute/async - {"script":"<script> [1562 bytes]","args":[{"selector":{"controlType":"sap.m.Input","viewName":"etm.portal.ui.manageyards.view.New","viewId":"application-manageyards-display-component---NewYard","bindingPath":{"path":"","propertyPath":"/SALES_AREA_VTWEG","modelName":"NewYardModel"},"interaction":{"idSuffix":"inner"}},"wdio_ui5_key":"etmportal.ui.manageyards.view.Newsap.m.Input{\"path\":\"\",\"propertyPath\":\"/SALES_AREA_VTWEG\",\"modelName\":\"NewYardModel\"}"}]}
RESULT: {"script":"<script> [1562 bytes]","args":[{"selector":{"controlType":"sap.m.Input","viewName":"etm.portal.ui.manageyards.view.New","viewId":"application-manageyards-display-component---NewYard","bindingPath":{"path":"","propertyPath":"/SALES_AREA_VTWEG","modelName":"NewYardModel"},"interaction":{"idSuffix":"inner"}},"wdio_ui5_key":"etmportal.ui.manageyards.view.Newsap.m.Input{\"path\":\"\",\"propertyPath\":\"/SALES_AREA_VTWEG\",\"modelName\":\"NewYardModel\"}"}]}
RESULT: undefined
COMMAND: POST /session/fdb2eb18e9de7f55d42e953fc9ac8efb/execute/async - {"script":"<script> [776 bytes]","args":[{"enterText":"C2","selector":{"controlType":"sap.m.Input","viewName":"etm.portal.ui.manageyards.view.New","viewId":"application-manageyards-display-component---NewYard","bindingPath":{"path":"","propertyPath":"/SALES_AREA_VTWEG","modelName":"NewYardModel"},"interaction":{"idSuffix":"inner"}},"clearTextFirst":true,"interactionType":"ENTER_TEXT"}]}
RESULT: {"script":"<script> [776 bytes]","args":[{"enterText":"C2","selector":{"controlType":"sap.m.Input","viewName":"etm.portal.ui.manageyards.view.New","viewId":"application-manageyards-display-component---NewYard","bindingPath":{"path":"","propertyPath":"/SALES_AREA_VTWEG","modelName":"NewYardModel"},"interaction":{"idSuffix":"inner"}},"clearTextFirst":true,"interactionType":"ENTER_TEXT"}]}
COMMAND: POST /session/fdb2eb18e9de7f55d42e953fc9ac8efb/execute/async - {"script":"<script> [1562 bytes]","args":[{"selector":{"controlType":"sap.m.Input","viewName":"etm.portal.ui.manageyards.view.New","viewId":"application-manageyards-display-component---NewYard","bindingPath":{"path":"","propertyPath":"/SALES_AREA_SPART","modelName":"NewYardModel"},"interaction":{"idSuffix":"inner"}},"wdio_ui5_key":"etmportal.ui.manageyards.view.Newsap.m.Input{\"path\":\"\",\"propertyPath\":\"/SALES_AREA_SPART\",\"modelName\":\"NewYardModel\"}"}]}
RESULT: {"script":"<script> [1562 bytes]","args":[{"selector":{"controlType":"sap.m.Input","viewName":"etm.portal.ui.manageyards.view.New","viewId":"application-manageyards-display-component---NewYard","bindingPath":{"path":"","propertyPath":"/SALES_AREA_SPART","modelName":"NewYardModel"},"interaction":{"idSuffix":"inner"}},"wdio_ui5_key":"etmportal.ui.manageyards.view.Newsap.m.Input{\"path\":\"\",\"propertyPath\":\"/SALES_AREA_SPART\",\"modelName\":\"NewYardModel\"}"}]}
RESULT: undefined
COMMAND: POST /session/fdb2eb18e9de7f55d42e953fc9ac8efb/execute/async - {"script":"<script> [776 bytes]","args":[{"enterText":"C2","selector":{"controlType":"sap.m.Input","viewName":"etm.portal.ui.manageyards.view.New","viewId":"application-manageyards-display-component---NewYard","bindingPath":{"path":"","propertyPath":"/SALES_AREA_SPART","modelName":"NewYardModel"},"interaction":{"idSuffix":"inner"}},"clearTextFirst":true,"interactionType":"ENTER_TEXT"}]}
RESULT: {"script":"<script> [776 bytes]","args":[{"enterText":"C2","selector":{"controlType":"sap.m.Input","viewName":"etm.portal.ui.manageyards.view.New","viewId":"application-manageyards-display-component---NewYard","bindingPath":{"path":"","propertyPath":"/SALES_AREA_SPART","modelName":"NewYardModel"},"interaction":{"idSuffix":"inner"}},"clearTextFirst":true,"interactionType":"ENTER_TEXT"}]}
COMMAND: POST /session/fdb2eb18e9de7f55d42e953fc9ac8efb/execute/async - {"script":"<script> [1562 bytes]","args":[{"selector":{"controlType":"sap.m.Input","viewName":"etm.portal.ui.manageyards.view.New","viewId":"application-manageyards-display-component---NewYard","bindingPath":{"path":"","propertyPath":"/SHIP_POINT","modelName":"NewYardModel"},"interaction":{"idSuffix":"inner"}},"wdio_ui5_key":"etmportal.ui.manageyards.view.Newsap.m.Input{\"path\":\"\",\"propertyPath\":\"/SHIP_POINT\",\"modelName\":\"NewYardModel\"}"}]}
RESULT: {"script":"<script> [1562 bytes]","args":[{"selector":{"controlType":"sap.m.Input","viewName":"etm.portal.ui.manageyards.view.New","viewId":"application-manageyards-display-component---NewYard","bindingPath":{"path":"","propertyPath":"/SHIP_POINT","modelName":"NewYardModel"},"interaction":{"idSuffix":"inner"}},"wdio_ui5_key":"etmportal.ui.manageyards.view.Newsap.m.Input{\"path\":\"\",\"propertyPath\":\"/SHIP_POINT\",\"modelName\":\"NewYardModel\"}"}]}
RESULT: undefined
COMMAND: POST /session/fdb2eb18e9de7f55d42e953fc9ac8efb/execute/async - {"script":"<script> [776 bytes]","args":[{"enterText":"1710","selector":{"controlType":"sap.m.Input","viewName":"etm.portal.ui.manageyards.view.New","viewId":"application-manageyards-display-component---NewYard","bindingPath":{"path":"","propertyPath":"/SHIP_POINT","modelName":"NewYardModel"},"interaction":{"idSuffix":"inner"}},"clearTextFirst":true,"interactionType":"ENTER_TEXT"}]}
RESULT: {"script":"<script> [776 bytes]","args":[{"enterText":"1710","selector":{"controlType":"sap.m.Input","viewName":"etm.portal.ui.manageyards.view.New","viewId":"application-manageyards-display-component---NewYard","bindingPath":{"path":"","propertyPath":"/SHIP_POINT","modelName":"NewYardModel"},"interaction":{"idSuffix":"inner"}},"clearTextFirst":true,"interactionType":"ENTER_TEXT"}]}
COMMAND: POST /session/fdb2eb18e9de7f55d42e953fc9ac8efb/execute/async - {"script":"<script> [1562 bytes]","args":[{"selector":{"controlType":"sap.m.Input","viewName":"etm.portal.ui.manageyards.view.New","viewId":"application-manageyards-display-component---NewYard","bindingPath":{"path":"","propertyPath":"/DELIVERY_TYPE","modelName":"NewYardModel"},"interaction":{"idSuffix":"inner"}},"wdio_ui5_key":"etmportal.ui.manageyards.view.Newsap.m.Input{\"path\":\"\",\"propertyPath\":\"/DELIVERY_TYPE\",\"modelName\":\"NewYardModel\"}"}]}
RESULT: {"script":"<script> [1562 bytes]","args":[{"selector":{"controlType":"sap.m.Input","viewName":"etm.portal.ui.manageyards.view.New","viewId":"application-manageyards-display-component---NewYard","bindingPath":{"path":"","propertyPath":"/DELIVERY_TYPE","modelName":"NewYardModel"},"interaction":{"idSuffix":"inner"}},"wdio_ui5_key":"etmportal.ui.manageyards.view.Newsap.m.Input{\"path\":\"\",\"propertyPath\":\"/DELIVERY_TYPE\",\"modelName\":\"NewYardModel\"}"}]}
RESULT: undefined
COMMAND: POST /session/fdb2eb18e9de7f55d42e953fc9ac8efb/execute/async - {"script":"<script> [776 bytes]","args":[{"enterText":"ZL01","selector":{"controlType":"sap.m.Input","viewName":"etm.portal.ui.manageyards.view.New","viewId":"application-manageyards-display-component---NewYard","bindingPath":{"path":"","propertyPath":"/DELIVERY_TYPE","modelName":"NewYardModel"},"interaction":{"idSuffix":"inner"}},"clearTextFirst":true,"interactionType":"ENTER_TEXT"}]}
RESULT: {"script":"<script> [776 bytes]","args":[{"enterText":"ZL01","selector":{"controlType":"sap.m.Input","viewName":"etm.portal.ui.manageyards.view.New","viewId":"application-manageyards-display-component---NewYard","bindingPath":{"path":"","propertyPath":"/DELIVERY_TYPE","modelName":"NewYardModel"},"interaction":{"idSuffix":"inner"}},"clearTextFirst":true,"interactionType":"ENTER_TEXT"}]}
COMMAND: POST /session/fdb2eb18e9de7f55d42e953fc9ac8efb/execute/async - {"script":"<script> [1562 bytes]","args":[{"selector":{"controlType":"sap.m.Input","viewName":"etm.portal.ui.manageyards.view.New","viewId":"application-manageyards-display-component---NewYard","bindingPath":{"path":"","propertyPath":"/AUART","modelName":"NewYardModel"},"interaction":{"idSuffix":"inner"}},"wdio_ui5_key":"etmportal.ui.manageyards.view.Newsap.m.Input{\"path\":\"\",\"propertyPath\":\"/AUART\",\"modelName\":\"NewYardModel\"}"}]}
RESULT: {"script":"<script> [1562 bytes]","args":[{"selector":{"controlType":"sap.m.Input","viewName":"etm.portal.ui.manageyards.view.New","viewId":"application-manageyards-display-component---NewYard","bindingPath":{"path":"","propertyPath":"/AUART","modelName":"NewYardModel"},"interaction":{"idSuffix":"inner"}},"wdio_ui5_key":"etmportal.ui.manageyards.view.Newsap.m.Input{\"path\":\"\",\"propertyPath\":\"/AUART\",\"modelName\":\"NewYardModel\"}"}]}
RESULT: undefined
COMMAND: POST /session/fdb2eb18e9de7f55d42e953fc9ac8efb/execute/async - {"script":"<script> [776 bytes]","args":[{"enterText":"TA","selector":{"controlType":"sap.m.Input","viewName":"etm.portal.ui.manageyards.view.New","viewId":"application-manageyards-display-component---NewYard","bindingPath":{"path":"","propertyPath":"/AUART","modelName":"NewYardModel"},"interaction":{"idSuffix":"inner"}},"clearTextFirst":true,"interactionType":"ENTER_TEXT"}]}
RESULT: {"script":"<script> [776 bytes]","args":[{"enterText":"TA","selector":{"controlType":"sap.m.Input","viewName":"etm.portal.ui.manageyards.view.New","viewId":"application-manageyards-display-component---NewYard","bindingPath":{"path":"","propertyPath":"/AUART","modelName":"NewYardModel"},"interaction":{"idSuffix":"inner"}},"clearTextFirst":true,"interactionType":"ENTER_TEXT"}]}
COMMAND: POST /session/fdb2eb18e9de7f55d42e953fc9ac8efb/element - {"using":"xpath","value":"//button[@data-kt=\"newYardSaveButton\"]"}
RESULT: {"using":"xpath","value":"//button[@data-kt=\"newYardSaveButton\"]"}
COMMAND: POST /session/fdb2eb18e9de7f55d42e953fc9ac8efb/element/f.65777815963AB190D0E426F0C4C24000.d.B0EDCB096A0B6960D024AE83A0EF98FC.e.726/click - {}
RESULT: {}
COMMAND: GET /session/fdb2eb18e9de7f55d42e953fc9ac8efb/screenshot - {}
RESULT: {}
COMMAND: POST /session/fdb2eb18e9de7f55d42e953fc9ac8efb/element - {"using":"xpath","value":"//header[contains(@id, 'ObjectPageLayout-headerTitle')]/div[1]/div[2]/div[1]/span[1]"}
RESULT: {"using":"xpath","value":"//header[contains(@id, 'ObjectPageLayout-headerTitle')]/div[1]/div[2]/div[1]/span[1]"}
COMMAND: POST /session/fdb2eb18e9de7f55d42e953fc9ac8efb/elements - {"using":"xpath","value":"//header[contains(@id, 'ObjectPageLayout-headerTitle')]/div[1]/div[2]/div[1]/span[1]"}
RESULT: {"using":"xpath","value":"//header[contains(@id, 'ObjectPageLayout-headerTitle')]/div[1]/div[2]/div[1]/span[1]"}
COMMAND: POST /session/fdb2eb18e9de7f55d42e953fc9ac8efb/execute/sync - {"script":"<script> [56 bytes]","args":[{"element-6066-11e4-a52e-4f735466cecf":"f.65777815963AB190D0E426F0C4C24000.d.B0EDCB096A0B6960D024AE83A0EF98FC.e.1008","ELEMENT":"f.65777815963AB190D0E426F0C4C24000.d.B0EDCB096A0B6960D024AE83A0EF98FC.e.1008"}]}
RESULT: {"script":"<script> [56 bytes]","args":[{"element-6066-11e4-a52e-4f735466cecf":"f.65777815963AB190D0E426F0C4C24000.d.B0EDCB096A0B6960D024AE83A0EF98FC.e.1008","ELEMENT":"f.65777815963AB190D0E426F0C4C24000.d.B0EDCB096A0B6960D024AE83A0EF98FC.e.1008"}]}
COMMAND: GET /session/fdb2eb18e9de7f55d42e953fc9ac8efb/screenshot - {}
COMMAND: POST /session/fdb2eb18e9de7f55d42e953fc9ac8efb/execute/sync - {"script":"<script> [56 bytes]","args":[{"element-6066-11e4-a52e-4f735466cecf":"f.65777815963AB190D0E426F0C4C24000.d.B0EDCB096A0B6960D024AE83A0EF98FC.e.1008","ELEMENT":"f.65777815963AB190D0E426F0C4C24000.d.B0EDCB096A0B6960D024AE83A0EF98FC.e.1008"}]}
RESULT: {}
RESULT: {"script":"<script> [56 bytes]","args":[{"element-6066-11e4-a52e-4f735466cecf":"f.65777815963AB190D0E426F0C4C24000.d.B0EDCB096A0B6960D024AE83A0EF98FC.e.1008","ELEMENT":"f.65777815963AB190D0E426F0C4C24000.d.B0EDCB096A0B6960D024AE83A0EF98FC.e.1008"}]}
COMMAND: GET /session/fdb2eb18e9de7f55d42e953fc9ac8efb/screenshot - {}
RESULT: {}
COMMAND: POST /session/fdb2eb18e9de7f55d42e953fc9ac8efb/element - {"using":"css selector","value":"#shell-header-logo"}
RESULT: {"using":"css selector","value":"#shell-header-logo"}
COMMAND: POST /session/fdb2eb18e9de7f55d42e953fc9ac8efb/element/f.65777815963AB190D0E426F0C4C24000.d.B0EDCB096A0B6960D024AE83A0EF98FC.e.263/click - {}
RESULT: {}
COMMAND: GET /session/fdb2eb18e9de7f55d42e953fc9ac8efb/screenshot - {}
RESULT: {}
COMMAND: POST /session/fdb2eb18e9de7f55d42e953fc9ac8efb/execute/sync - {"script":"<script> [299 bytes]","args":[["getModel","getResource"]]}
RESULT: {"script":"<script> [299 bytes]","args":[["getModel","getResource"]]}
COMMAND: GET /session/fdb2eb18e9de7f55d42e953fc9ac8efb/screenshot - {}
]]></system-out>
    </testcase>
    <testcase classname="chrome.135_0_7049_96.windows.Partner_specific_tests_US150819_US151080_US151654_US151176_US103444_US151078_US151079_US151109_US151174_US151175_US151189" name="Should create new external partner US150819" time="100.328">
      <system-out><![CDATA[
COMMAND: POST /session/fdb2eb18e9de7f55d42e953fc9ac8efb/element - {"using":"xpath","value":"//li[.//span[text()=\"Manage Partners\"]]"}
RESULT: {}
RESULT: {"using":"xpath","value":"//li[.//span[text()=\"Manage Partners\"]]"}
COMMAND: POST /session/fdb2eb18e9de7f55d42e953fc9ac8efb/element - {"using":"xpath","value":"//li[.//span[text()=\"Manage Partners\"]]"}
RESULT: {"using":"xpath","value":"//li[.//span[text()=\"Manage Partners\"]]"}
COMMAND: POST /session/fdb2eb18e9de7f55d42e953fc9ac8efb/element - {"using":"css selector","value":"#shell-header-logo"}
RESULT: {"using":"css selector","value":"#shell-header-logo"}
COMMAND: POST /session/fdb2eb18e9de7f55d42e953fc9ac8efb/element/f.65777815963AB190D0E426F0C4C24000.d.B0EDCB096A0B6960D024AE83A0EF98FC.e.1015/click - {}
COMMAND: POST /session/fdb2eb18e9de7f55d42e953fc9ac8efb/execute/sync - {"script":"<script> [8489 bytes]","args":[{"element-6066-11e4-a52e-4f735466cecf":"f.65777815963AB190D0E426F0C4C24000.d.B0EDCB096A0B6960D024AE83A0EF98FC.e.1015","ELEMENT":"f.65777815963AB190D0E426F0C4C24000.d.B0EDCB096A0B6960D024AE83A0EF98FC.e.1015"}]}
RESULT: {"script":"<script> [8489 bytes]","args":[{"element-6066-11e4-a52e-4f735466cecf":"f.65777815963AB190D0E426F0C4C24000.d.B0EDCB096A0B6960D024AE83A0EF98FC.e.1015","ELEMENT":"f.65777815963AB190D0E426F0C4C24000.d.B0EDCB096A0B6960D024AE83A0EF98FC.e.1015"}]}
COMMAND: POST /session/fdb2eb18e9de7f55d42e953fc9ac8efb/execute/sync - {"script":"<script> [5351 bytes]","args":[{"element-6066-11e4-a52e-4f735466cecf":"f.65777815963AB190D0E426F0C4C24000.d.B0EDCB096A0B6960D024AE83A0EF98FC.e.1015","ELEMENT":"f.65777815963AB190D0E426F0C4C24000.d.B0EDCB096A0B6960D024AE83A0EF98FC.e.1015"}]}
COMMAND: GET /session/fdb2eb18e9de7f55d42e953fc9ac8efb/screenshot - {}
RESULT: {}
COMMAND: GET /session/fdb2eb18e9de7f55d42e953fc9ac8efb/screenshot - {}
RESULT: {"script":"<script> [5351 bytes]","args":[{"element-6066-11e4-a52e-4f735466cecf":"f.65777815963AB190D0E426F0C4C24000.d.B0EDCB096A0B6960D024AE83A0EF98FC.e.1015","ELEMENT":"f.65777815963AB190D0E426F0C4C24000.d.B0EDCB096A0B6960D024AE83A0EF98FC.e.1015"}]}
COMMAND: GET /session/fdb2eb18e9de7f55d42e953fc9ac8efb/screenshot - {}
RESULT: {}
RESULT: {}
RESULT: {}
COMMAND: POST /session/fdb2eb18e9de7f55d42e953fc9ac8efb/window/fullscreen - {}
RESULT: {}
COMMAND: POST /session/fdb2eb18e9de7f55d42e953fc9ac8efb/execute/async - {"script":"<script> [1562 bytes]","args":[{"selector":{"controlType":"sap.m.GenericTile","properties":{"header":"Manage Partners"}},"wdio_ui5_key":"sapm.GenericTile{\"header\":\"Manage Partners\"}"}]}
RESULT: {"script":"<script> [1562 bytes]","args":[{"selector":{"controlType":"sap.m.GenericTile","properties":{"header":"Manage Partners"}},"wdio_ui5_key":"sapm.GenericTile{\"header\":\"Manage Partners\"}"}]}
RESULT: undefined
COMMAND: POST /session/fdb2eb18e9de7f55d42e953fc9ac8efb/element - {"using":"xpath","value":"//*[@id=\"__tile38\"]"}
RESULT: {"using":"xpath","value":"//*[@id=\"__tile38\"]"}
COMMAND: POST /session/fdb2eb18e9de7f55d42e953fc9ac8efb/element/f.65777815963AB190D0E426F0C4C24000.d.B0EDCB096A0B6960D024AE83A0EF98FC.e.153/click - {}
RESULT: {}
COMMAND: POST /session/fdb2eb18e9de7f55d42e953fc9ac8efb/element - {"using":"xpath","value":"//button[@data-kt=\"addButton\"]"}
COMMAND: GET /session/fdb2eb18e9de7f55d42e953fc9ac8efb/screenshot - {}
RESULT: {"using":"xpath","value":"//button[@data-kt=\"addButton\"]"}
COMMAND: POST /session/fdb2eb18e9de7f55d42e953fc9ac8efb/elements - {"using":"xpath","value":"//button[@data-kt=\"addButton\"]"}
RESULT: {}
RESULT: {"using":"xpath","value":"//button[@data-kt=\"addButton\"]"}
COMMAND: POST /session/fdb2eb18e9de7f55d42e953fc9ac8efb/elements - {"using":"xpath","value":"//button[@data-kt=\"addButton\"]"}
RESULT: {"using":"xpath","value":"//button[@data-kt=\"addButton\"]"}
COMMAND: POST /session/fdb2eb18e9de7f55d42e953fc9ac8efb/elements - {"using":"xpath","value":"//button[@data-kt=\"addButton\"]"}
RESULT: {"using":"xpath","value":"//button[@data-kt=\"addButton\"]"}
COMMAND: POST /session/fdb2eb18e9de7f55d42e953fc9ac8efb/elements - {"using":"xpath","value":"//button[@data-kt=\"addButton\"]"}
RESULT: {"using":"xpath","value":"//button[@data-kt=\"addButton\"]"}
COMMAND: POST /session/fdb2eb18e9de7f55d42e953fc9ac8efb/elements - {"using":"xpath","value":"//button[@data-kt=\"addButton\"]"}
RESULT: {"using":"xpath","value":"//button[@data-kt=\"addButton\"]"}
COMMAND: POST /session/fdb2eb18e9de7f55d42e953fc9ac8efb/elements - {"using":"xpath","value":"//button[@data-kt=\"addButton\"]"}
RESULT: {"using":"xpath","value":"//button[@data-kt=\"addButton\"]"}
COMMAND: POST /session/fdb2eb18e9de7f55d42e953fc9ac8efb/elements - {"using":"xpath","value":"//button[@data-kt=\"addButton\"]"}
RESULT: {"using":"xpath","value":"//button[@data-kt=\"addButton\"]"}
COMMAND: POST /session/fdb2eb18e9de7f55d42e953fc9ac8efb/elements - {"using":"xpath","value":"//button[@data-kt=\"addButton\"]"}
RESULT: {"using":"xpath","value":"//button[@data-kt=\"addButton\"]"}
COMMAND: POST /session/fdb2eb18e9de7f55d42e953fc9ac8efb/elements - {"using":"xpath","value":"//button[@data-kt=\"addButton\"]"}
RESULT: {"using":"xpath","value":"//button[@data-kt=\"addButton\"]"}
COMMAND: POST /session/fdb2eb18e9de7f55d42e953fc9ac8efb/elements - {"using":"xpath","value":"//button[@data-kt=\"addButton\"]"}
RESULT: {"using":"xpath","value":"//button[@data-kt=\"addButton\"]"}
COMMAND: POST /session/fdb2eb18e9de7f55d42e953fc9ac8efb/elements - {"using":"xpath","value":"//button[@data-kt=\"addButton\"]"}
RESULT: {"using":"xpath","value":"//button[@data-kt=\"addButton\"]"}
COMMAND: POST /session/fdb2eb18e9de7f55d42e953fc9ac8efb/elements - {"using":"xpath","value":"//button[@data-kt=\"addButton\"]"}
RESULT: {"using":"xpath","value":"//button[@data-kt=\"addButton\"]"}
COMMAND: POST /session/fdb2eb18e9de7f55d42e953fc9ac8efb/elements - {"using":"xpath","value":"//button[@data-kt=\"addButton\"]"}
RESULT: {"using":"xpath","value":"//button[@data-kt=\"addButton\"]"}
COMMAND: POST /session/fdb2eb18e9de7f55d42e953fc9ac8efb/elements - {"using":"xpath","value":"//button[@data-kt=\"addButton\"]"}
RESULT: {"using":"xpath","value":"//button[@data-kt=\"addButton\"]"}
COMMAND: POST /session/fdb2eb18e9de7f55d42e953fc9ac8efb/elements - {"using":"xpath","value":"//button[@data-kt=\"addButton\"]"}
RESULT: {"using":"xpath","value":"//button[@data-kt=\"addButton\"]"}
COMMAND: POST /session/fdb2eb18e9de7f55d42e953fc9ac8efb/elements - {"using":"xpath","value":"//button[@data-kt=\"addButton\"]"}
RESULT: {"using":"xpath","value":"//button[@data-kt=\"addButton\"]"}
COMMAND: POST /session/fdb2eb18e9de7f55d42e953fc9ac8efb/elements - {"using":"xpath","value":"//button[@data-kt=\"addButton\"]"}
RESULT: {"using":"xpath","value":"//button[@data-kt=\"addButton\"]"}
COMMAND: POST /session/fdb2eb18e9de7f55d42e953fc9ac8efb/elements - {"using":"xpath","value":"//button[@data-kt=\"addButton\"]"}
RESULT: {"using":"xpath","value":"//button[@data-kt=\"addButton\"]"}
COMMAND: POST /session/fdb2eb18e9de7f55d42e953fc9ac8efb/elements - {"using":"xpath","value":"//button[@data-kt=\"addButton\"]"}
RESULT: {"using":"xpath","value":"//button[@data-kt=\"addButton\"]"}
COMMAND: POST /session/fdb2eb18e9de7f55d42e953fc9ac8efb/elements - {"using":"xpath","value":"//button[@data-kt=\"addButton\"]"}
RESULT: {"using":"xpath","value":"//button[@data-kt=\"addButton\"]"}
COMMAND: POST /session/fdb2eb18e9de7f55d42e953fc9ac8efb/elements - {"using":"xpath","value":"//button[@data-kt=\"addButton\"]"}
RESULT: {"using":"xpath","value":"//button[@data-kt=\"addButton\"]"}
COMMAND: POST /session/fdb2eb18e9de7f55d42e953fc9ac8efb/elements - {"using":"xpath","value":"//button[@data-kt=\"addButton\"]"}
RESULT: {"using":"xpath","value":"//button[@data-kt=\"addButton\"]"}
COMMAND: POST /session/fdb2eb18e9de7f55d42e953fc9ac8efb/elements - {"using":"xpath","value":"//button[@data-kt=\"addButton\"]"}
RESULT: {"using":"xpath","value":"//button[@data-kt=\"addButton\"]"}
COMMAND: POST /session/fdb2eb18e9de7f55d42e953fc9ac8efb/elements - {"using":"xpath","value":"//button[@data-kt=\"addButton\"]"}
RESULT: {"using":"xpath","value":"//button[@data-kt=\"addButton\"]"}
COMMAND: POST /session/fdb2eb18e9de7f55d42e953fc9ac8efb/elements - {"using":"xpath","value":"//button[@data-kt=\"addButton\"]"}
RESULT: {"using":"xpath","value":"//button[@data-kt=\"addButton\"]"}
COMMAND: POST /session/fdb2eb18e9de7f55d42e953fc9ac8efb/elements - {"using":"xpath","value":"//button[@data-kt=\"addButton\"]"}
RESULT: {"using":"xpath","value":"//button[@data-kt=\"addButton\"]"}
COMMAND: POST /session/fdb2eb18e9de7f55d42e953fc9ac8efb/elements - {"using":"xpath","value":"//button[@data-kt=\"addButton\"]"}
RESULT: {"using":"xpath","value":"//button[@data-kt=\"addButton\"]"}
COMMAND: POST /session/fdb2eb18e9de7f55d42e953fc9ac8efb/element - {"using":"xpath","value":"//button[@data-kt=\"addButton\"]"}
RESULT: {"using":"xpath","value":"//button[@data-kt=\"addButton\"]"}
COMMAND: POST /session/fdb2eb18e9de7f55d42e953fc9ac8efb/execute/sync - {"script":"<script> [8489 bytes]","args":[{"element-6066-11e4-a52e-4f735466cecf":"f.65777815963AB190D0E426F0C4C24000.d.B0EDCB096A0B6960D024AE83A0EF98FC.e.1051","ELEMENT":"f.65777815963AB190D0E426F0C4C24000.d.B0EDCB096A0B6960D024AE83A0EF98FC.e.1051"}]}
RESULT: {"script":"<script> [8489 bytes]","args":[{"element-6066-11e4-a52e-4f735466cecf":"f.65777815963AB190D0E426F0C4C24000.d.B0EDCB096A0B6960D024AE83A0EF98FC.e.1051","ELEMENT":"f.65777815963AB190D0E426F0C4C24000.d.B0EDCB096A0B6960D024AE83A0EF98FC.e.1051"}]}
COMMAND: GET /session/fdb2eb18e9de7f55d42e953fc9ac8efb/element/f.65777815963AB190D0E426F0C4C24000.d.B0EDCB096A0B6960D024AE83A0EF98FC.e.1051/enabled - {}
COMMAND: GET /session/fdb2eb18e9de7f55d42e953fc9ac8efb/screenshot - {}
RESULT: {}
COMMAND: POST /session/fdb2eb18e9de7f55d42e953fc9ac8efb/execute/sync - {"script":"<script> [8489 bytes]","args":[{"element-6066-11e4-a52e-4f735466cecf":"f.65777815963AB190D0E426F0C4C24000.d.B0EDCB096A0B6960D024AE83A0EF98FC.e.1051","ELEMENT":"f.65777815963AB190D0E426F0C4C24000.d.B0EDCB096A0B6960D024AE83A0EF98FC.e.1051"}]}
COMMAND: GET /session/fdb2eb18e9de7f55d42e953fc9ac8efb/screenshot - {}
RESULT: {}
RESULT: {"script":"<script> [8489 bytes]","args":[{"element-6066-11e4-a52e-4f735466cecf":"f.65777815963AB190D0E426F0C4C24000.d.B0EDCB096A0B6960D024AE83A0EF98FC.e.1051","ELEMENT":"f.65777815963AB190D0E426F0C4C24000.d.B0EDCB096A0B6960D024AE83A0EF98FC.e.1051"}]}
COMMAND: POST /session/fdb2eb18e9de7f55d42e953fc9ac8efb/execute/sync - {"script":"<script> [5351 bytes]","args":[{"element-6066-11e4-a52e-4f735466cecf":"f.65777815963AB190D0E426F0C4C24000.d.B0EDCB096A0B6960D024AE83A0EF98FC.e.1051","ELEMENT":"f.65777815963AB190D0E426F0C4C24000.d.B0EDCB096A0B6960D024AE83A0EF98FC.e.1051"}]}
COMMAND: GET /session/fdb2eb18e9de7f55d42e953fc9ac8efb/screenshot - {}
RESULT: {}
RESULT: {"script":"<script> [5351 bytes]","args":[{"element-6066-11e4-a52e-4f735466cecf":"f.65777815963AB190D0E426F0C4C24000.d.B0EDCB096A0B6960D024AE83A0EF98FC.e.1051","ELEMENT":"f.65777815963AB190D0E426F0C4C24000.d.B0EDCB096A0B6960D024AE83A0EF98FC.e.1051"}]}
COMMAND: POST /session/fdb2eb18e9de7f55d42e953fc9ac8efb/element/f.65777815963AB190D0E426F0C4C24000.d.B0EDCB096A0B6960D024AE83A0EF98FC.e.1051/click - {}
COMMAND: GET /session/fdb2eb18e9de7f55d42e953fc9ac8efb/screenshot - {}
RESULT: {}
RESULT: {}
COMMAND: GET /session/fdb2eb18e9de7f55d42e953fc9ac8efb/screenshot - {}
COMMAND: POST /session/fdb2eb18e9de7f55d42e953fc9ac8efb/execute/async - {"script":"<script> [1562 bytes]","args":[{"selector":{"id":"application-managepartners-display-component---NewPartner--addressDetailDetailsName1","interaction":{"idSuffix":"inner"}},"wdio_ui5_key":"applicationmanagepartners-display-component---NewPartner--addressDetailDetailsName1"}]}
RESULT: {}
RESULT: {}
RESULT: {"script":"<script> [1562 bytes]","args":[{"selector":{"id":"application-managepartners-display-component---NewPartner--addressDetailDetailsName1","interaction":{"idSuffix":"inner"}},"wdio_ui5_key":"applicationmanagepartners-display-component---NewPartner--addressDetailDetailsName1"}]}
RESULT: undefined
COMMAND: POST /session/fdb2eb18e9de7f55d42e953fc9ac8efb/execute/async - {"script":"<script> [776 bytes]","args":[{"enterText":"External Partner WDIO","selector":{"id":"application-managepartners-display-component---NewPartner--addressDetailDetailsName1","interaction":{"idSuffix":"inner"}},"clearTextFirst":true,"interactionType":"ENTER_TEXT"}]}
RESULT: {"script":"<script> [776 bytes]","args":[{"enterText":"External Partner WDIO","selector":{"id":"application-managepartners-display-component---NewPartner--addressDetailDetailsName1","interaction":{"idSuffix":"inner"}},"clearTextFirst":true,"interactionType":"ENTER_TEXT"}]}
COMMAND: POST /session/fdb2eb18e9de7f55d42e953fc9ac8efb/execute/async - {"script":"<script> [1562 bytes]","args":[{"selector":{"id":"application-managepartners-display-component---NewPartner--addressDetailDetailsLanguage-arrow"},"wdio_ui5_key":"applicationmanagepartners-display-component---NewPartner--addressDetailDetailsLanguage-arrow"}]}
RESULT: {"script":"<script> [1562 bytes]","args":[{"selector":{"id":"application-managepartners-display-component---NewPartner--addressDetailDetailsLanguage-arrow"},"wdio_ui5_key":"applicationmanagepartners-display-component---NewPartner--addressDetailDetailsLanguage-arrow"}]}
RESULT: undefined
COMMAND: POST /session/fdb2eb18e9de7f55d42e953fc9ac8efb/element - {"using":"xpath","value":"//*[@id=\"application-managepartners-display-component---NewPartner--addressDetailDetailsLanguage-arrow\"]"}
RESULT: {"using":"xpath","value":"//*[@id=\"application-managepartners-display-component---NewPartner--addressDetailDetailsLanguage-arrow\"]"}
COMMAND: POST /session/fdb2eb18e9de7f55d42e953fc9ac8efb/element/f.65777815963AB190D0E426F0C4C24000.d.B0EDCB096A0B6960D024AE83A0EF98FC.e.1498/click - {}
RESULT: {}
COMMAND: POST /session/fdb2eb18e9de7f55d42e953fc9ac8efb/element - {"using":"xpath","value":"//span[contains(text(), \"English\")]"}
COMMAND: GET /session/fdb2eb18e9de7f55d42e953fc9ac8efb/screenshot - {}
RESULT: {"using":"xpath","value":"//span[contains(text(), \"English\")]"}
COMMAND: POST /session/fdb2eb18e9de7f55d42e953fc9ac8efb/element/f.65777815963AB190D0E426F0C4C24000.d.B0EDCB096A0B6960D024AE83A0EF98FC.e.1499/click - {}
RESULT: {}
RESULT: {}
COMMAND: GET /session/fdb2eb18e9de7f55d42e953fc9ac8efb/screenshot - {}
RESULT: {}
COMMAND: POST /session/fdb2eb18e9de7f55d42e953fc9ac8efb/execute/async - {"script":"<script> [1562 bytes]","args":[{"selector":{"id":"application-managepartners-display-component---NewPartner--addressDetailDetailsCity1","interaction":{"idSuffix":"inner"}},"wdio_ui5_key":"applicationmanagepartners-display-component---NewPartner--addressDetailDetailsCity1"}]}
RESULT: {"script":"<script> [1562 bytes]","args":[{"selector":{"id":"application-managepartners-display-component---NewPartner--addressDetailDetailsCity1","interaction":{"idSuffix":"inner"}},"wdio_ui5_key":"applicationmanagepartners-display-component---NewPartner--addressDetailDetailsCity1"}]}
RESULT: undefined
COMMAND: POST /session/fdb2eb18e9de7f55d42e953fc9ac8efb/execute/async - {"script":"<script> [776 bytes]","args":[{"enterText":"Rosario","selector":{"id":"application-managepartners-display-component---NewPartner--addressDetailDetailsCity1","interaction":{"idSuffix":"inner"}},"clearTextFirst":true,"interactionType":"ENTER_TEXT"}]}
RESULT: {"script":"<script> [776 bytes]","args":[{"enterText":"Rosario","selector":{"id":"application-managepartners-display-component---NewPartner--addressDetailDetailsCity1","interaction":{"idSuffix":"inner"}},"clearTextFirst":true,"interactionType":"ENTER_TEXT"}]}
COMMAND: POST /session/fdb2eb18e9de7f55d42e953fc9ac8efb/execute/async - {"script":"<script> [1562 bytes]","args":[{"selector":{"id":"application-managepartners-display-component---NewPartner--addressDetailDetailsCountry-arrow"},"wdio_ui5_key":"applicationmanagepartners-display-component---NewPartner--addressDetailDetailsCountry-arrow"}]}
RESULT: {"script":"<script> [1562 bytes]","args":[{"selector":{"id":"application-managepartners-display-component---NewPartner--addressDetailDetailsCountry-arrow"},"wdio_ui5_key":"applicationmanagepartners-display-component---NewPartner--addressDetailDetailsCountry-arrow"}]}
RESULT: undefined
COMMAND: POST /session/fdb2eb18e9de7f55d42e953fc9ac8efb/element - {"using":"xpath","value":"//*[@id=\"application-managepartners-display-component---NewPartner--addressDetailDetailsCountry-arrow\"]"}
RESULT: {"using":"xpath","value":"//*[@id=\"application-managepartners-display-component---NewPartner--addressDetailDetailsCountry-arrow\"]"}
COMMAND: POST /session/fdb2eb18e9de7f55d42e953fc9ac8efb/element/f.65777815963AB190D0E426F0C4C24000.d.B0EDCB096A0B6960D024AE83A0EF98FC.e.1477/click - {}
RESULT: {}
COMMAND: POST /session/fdb2eb18e9de7f55d42e953fc9ac8efb/element - {"using":"xpath","value":"//span[contains(text(), \"Argentina\")]"}
COMMAND: GET /session/fdb2eb18e9de7f55d42e953fc9ac8efb/screenshot - {}
RESULT: {"using":"xpath","value":"//span[contains(text(), \"Argentina\")]"}
COMMAND: POST /session/fdb2eb18e9de7f55d42e953fc9ac8efb/element/f.65777815963AB190D0E426F0C4C24000.d.B0EDCB096A0B6960D024AE83A0EF98FC.e.1501/click - {}
RESULT: {}
RESULT: {}
COMMAND: GET /session/fdb2eb18e9de7f55d42e953fc9ac8efb/screenshot - {}
RESULT: {}
COMMAND: POST /session/fdb2eb18e9de7f55d42e953fc9ac8efb/element - {"using":"xpath","value":"//bdi[contains(text(), \"Commercial\")]"}
RESULT: {"using":"xpath","value":"//bdi[contains(text(), \"Commercial\")]"}
COMMAND: POST /session/fdb2eb18e9de7f55d42e953fc9ac8efb/element/f.65777815963AB190D0E426F0C4C24000.d.B0EDCB096A0B6960D024AE83A0EF98FC.e.1502/click - {}
RESULT: {}
COMMAND: GET /session/fdb2eb18e9de7f55d42e953fc9ac8efb/screenshot - {}
RESULT: {}
COMMAND: POST /session/fdb2eb18e9de7f55d42e953fc9ac8efb/execute/async - {"script":"<script> [1562 bytes]","args":[{"selector":{"id":"application-managepartners-display-component---NewPartner--partnerDetailInternal-arrow"},"wdio_ui5_key":"applicationmanagepartners-display-component---NewPartner--partnerDetailInternal-arrow"}]}
RESULT: {"script":"<script> [1562 bytes]","args":[{"selector":{"id":"application-managepartners-display-component---NewPartner--partnerDetailInternal-arrow"},"wdio_ui5_key":"applicationmanagepartners-display-component---NewPartner--partnerDetailInternal-arrow"}]}
RESULT: undefined
COMMAND: POST /session/fdb2eb18e9de7f55d42e953fc9ac8efb/element - {"using":"xpath","value":"//*[@id=\"application-managepartners-display-component---NewPartner--partnerDetailInternal-arrow\"]"}
RESULT: {"using":"xpath","value":"//*[@id=\"application-managepartners-display-component---NewPartner--partnerDetailInternal-arrow\"]"}
COMMAND: POST /session/fdb2eb18e9de7f55d42e953fc9ac8efb/element/f.65777815963AB190D0E426F0C4C24000.d.B0EDCB096A0B6960D024AE83A0EF98FC.e.1509/click - {}
RESULT: {}
COMMAND: POST /session/fdb2eb18e9de7f55d42e953fc9ac8efb/element - {"using":"xpath","value":"//span[contains(text(), \"External partner\")]"}
COMMAND: GET /session/fdb2eb18e9de7f55d42e953fc9ac8efb/screenshot - {}
RESULT: {"using":"xpath","value":"//span[contains(text(), \"External partner\")]"}
COMMAND: POST /session/fdb2eb18e9de7f55d42e953fc9ac8efb/element/f.65777815963AB190D0E426F0C4C24000.d.B0EDCB096A0B6960D024AE83A0EF98FC.e.1510/click - {}
RESULT: {}
RESULT: {}
COMMAND: POST /session/fdb2eb18e9de7f55d42e953fc9ac8efb/execute/async - {"script":"<script> [1562 bytes]","args":[{"selector":{"id":"application-managepartners-display-component---NewPartner--partnerDetailsCurrency-arrow"},"wdio_ui5_key":"applicationmanagepartners-display-component---NewPartner--partnerDetailsCurrency-arrow"}]}
COMMAND: GET /session/fdb2eb18e9de7f55d42e953fc9ac8efb/screenshot - {}
RESULT: {"script":"<script> [1562 bytes]","args":[{"selector":{"id":"application-managepartners-display-component---NewPartner--partnerDetailsCurrency-arrow"},"wdio_ui5_key":"applicationmanagepartners-display-component---NewPartner--partnerDetailsCurrency-arrow"}]}
RESULT: undefined
COMMAND: POST /session/fdb2eb18e9de7f55d42e953fc9ac8efb/element - {"using":"xpath","value":"//*[@id=\"application-managepartners-display-component---NewPartner--partnerDetailsCurrency-arrow\"]"}
RESULT: {}
RESULT: {"using":"xpath","value":"//*[@id=\"application-managepartners-display-component---NewPartner--partnerDetailsCurrency-arrow\"]"}
COMMAND: POST /session/fdb2eb18e9de7f55d42e953fc9ac8efb/element/f.65777815963AB190D0E426F0C4C24000.d.B0EDCB096A0B6960D024AE83A0EF98FC.e.1515/click - {}
RESULT: {}
COMMAND: POST /session/fdb2eb18e9de7f55d42e953fc9ac8efb/element - {"using":"xpath","value":"//span[contains(text(), \"US Dollar\")]"}
COMMAND: GET /session/fdb2eb18e9de7f55d42e953fc9ac8efb/screenshot - {}
RESULT: {"using":"xpath","value":"//span[contains(text(), \"US Dollar\")]"}
COMMAND: POST /session/fdb2eb18e9de7f55d42e953fc9ac8efb/element/f.65777815963AB190D0E426F0C4C24000.d.B0EDCB096A0B6960D024AE83A0EF98FC.e.1516/click - {}
RESULT: {}
RESULT: {}
COMMAND: GET /session/fdb2eb18e9de7f55d42e953fc9ac8efb/screenshot - {}
RESULT: {}
COMMAND: POST /session/fdb2eb18e9de7f55d42e953fc9ac8efb/element - {"using":"xpath","value":"//input[@id=\"application-managepartners-display-component---NewPartner--companyCodeComboBox-inner\"]"}
RESULT: {"using":"xpath","value":"//input[@id=\"application-managepartners-display-component---NewPartner--companyCodeComboBox-inner\"]"}
COMMAND: POST /session/fdb2eb18e9de7f55d42e953fc9ac8efb/element/f.65777815963AB190D0E426F0C4C24000.d.B0EDCB096A0B6960D024AE83A0EF98FC.e.1411/clear - {}
RESULT: {}
COMMAND: POST /session/fdb2eb18e9de7f55d42e953fc9ac8efb/element/f.65777815963AB190D0E426F0C4C24000.d.B0EDCB096A0B6960D024AE83A0EF98FC.e.1411/value - {"text":"C002"}
COMMAND: GET /session/fdb2eb18e9de7f55d42e953fc9ac8efb/screenshot - {}
RESULT: {"text":"C002"}
COMMAND: GET /session/fdb2eb18e9de7f55d42e953fc9ac8efb/screenshot - {}
RESULT: {}
RESULT: {}
COMMAND: POST /session/fdb2eb18e9de7f55d42e953fc9ac8efb/element - {"using":"xpath","value":"//span[contains(text(), \"C002\")]"}
RESULT: {"using":"xpath","value":"//span[contains(text(), \"C002\")]"}
COMMAND: POST /session/fdb2eb18e9de7f55d42e953fc9ac8efb/element/f.65777815963AB190D0E426F0C4C24000.d.B0EDCB096A0B6960D024AE83A0EF98FC.e.1520/click - {}
RESULT: {}
COMMAND: GET /session/fdb2eb18e9de7f55d42e953fc9ac8efb/screenshot - {}
RESULT: {}
COMMAND: POST /session/fdb2eb18e9de7f55d42e953fc9ac8efb/execute/async - {"script":"<script> [1562 bytes]","args":[{"selector":{"id":"application-managepartners-display-component---NewPartner--btnAddTableRow-img"},"wdio_ui5_key":"applicationmanagepartners-display-component---NewPartner--btnAddTableRow-img"}]}
RESULT: {"script":"<script> [1562 bytes]","args":[{"selector":{"id":"application-managepartners-display-component---NewPartner--btnAddTableRow-img"},"wdio_ui5_key":"applicationmanagepartners-display-component---NewPartner--btnAddTableRow-img"}]}
RESULT: undefined
COMMAND: POST /session/fdb2eb18e9de7f55d42e953fc9ac8efb/element - {"using":"xpath","value":"//*[@id=\"application-managepartners-display-component---NewPartner--btnAddTableRow-img\"]"}
RESULT: {"using":"xpath","value":"//*[@id=\"application-managepartners-display-component---NewPartner--btnAddTableRow-img\"]"}
COMMAND: POST /session/fdb2eb18e9de7f55d42e953fc9ac8efb/element/f.65777815963AB190D0E426F0C4C24000.d.B0EDCB096A0B6960D024AE83A0EF98FC.e.1521/click - {}
RESULT: {}
COMMAND: GET /session/fdb2eb18e9de7f55d42e953fc9ac8efb/screenshot - {}
RESULT: {}
COMMAND: POST /session/fdb2eb18e9de7f55d42e953fc9ac8efb/element - {"using":"xpath","value":"//input[@id=\"application-managepartners-display-component---NewPartner--assignmentYard-application-managepartners-display-component---NewPartner--assignmentsTable-0-inner\"]"}
RESULT: {"using":"xpath","value":"//input[@id=\"application-managepartners-display-component---NewPartner--assignmentYard-application-managepartners-display-component---NewPartner--assignmentsTable-0-inner\"]"}
COMMAND: POST /session/fdb2eb18e9de7f55d42e953fc9ac8efb/element/f.65777815963AB190D0E426F0C4C24000.d.B0EDCB096A0B6960D024AE83A0EF98FC.e.1524/clear - {}
RESULT: {}
COMMAND: POST /session/fdb2eb18e9de7f55d42e953fc9ac8efb/element/f.65777815963AB190D0E426F0C4C24000.d.B0EDCB096A0B6960D024AE83A0EF98FC.e.1524/value - {"text":"514"}
COMMAND: GET /session/fdb2eb18e9de7f55d42e953fc9ac8efb/screenshot - {}
RESULT: {"text":"514"}
COMMAND: GET /session/fdb2eb18e9de7f55d42e953fc9ac8efb/screenshot - {}
RESULT: {}
RESULT: {}
COMMAND: POST /session/fdb2eb18e9de7f55d42e953fc9ac8efb/element - {"using":"xpath","value":"//li[.//span[text()='514']]"}
RESULT: {"using":"xpath","value":"//li[.//span[text()='514']]"}
COMMAND: POST /session/fdb2eb18e9de7f55d42e953fc9ac8efb/element/f.65777815963AB190D0E426F0C4C24000.d.B0EDCB096A0B6960D024AE83A0EF98FC.e.1532/click - {}
RESULT: {}
COMMAND: GET /session/fdb2eb18e9de7f55d42e953fc9ac8efb/screenshot - {}
RESULT: {}
COMMAND: POST /session/fdb2eb18e9de7f55d42e953fc9ac8efb/actions - {"actions":[{"id":"action2","type":"key","parameters":{},"actions":[{"type":"keyDown","value":"î€‡"},{"type":"pause","duration":10},{"type":"keyUp","value":"î€‡"}]}]}
RESULT: {"actions":[{"id":"action2","type":"key","parameters":{},"actions":[{"type":"keyDown","value":"î€‡"},{"type":"pause","duration":10},{"type":"keyUp","value":"î€‡"}]}]}
COMMAND: POST /session/fdb2eb18e9de7f55d42e953fc9ac8efb/element - {"using":"xpath","value":"//td[contains(@id, \"assignmentsTable-0-cell2\")]/div/div"}
COMMAND: GET /session/fdb2eb18e9de7f55d42e953fc9ac8efb/screenshot - {}
RESULT: {"using":"xpath","value":"//td[contains(@id, \"assignmentsTable-0-cell2\")]/div/div"}
COMMAND: POST /session/fdb2eb18e9de7f55d42e953fc9ac8efb/element/f.65777815963AB190D0E426F0C4C24000.d.B0EDCB096A0B6960D024AE83A0EF98FC.e.1535/click - {}
RESULT: {}
RESULT: {}
COMMAND: GET /session/fdb2eb18e9de7f55d42e953fc9ac8efb/screenshot - {}
RESULT: {}
COMMAND: POST /session/fdb2eb18e9de7f55d42e953fc9ac8efb/element - {"using":"xpath","value":"//button[@data-kt=\"saveButton\"]"}
RESULT: {"using":"xpath","value":"//button[@data-kt=\"saveButton\"]"}
COMMAND: POST /session/fdb2eb18e9de7f55d42e953fc9ac8efb/element/f.65777815963AB190D0E426F0C4C24000.d.B0EDCB096A0B6960D024AE83A0EF98FC.e.1416/click - {}
RESULT: {}
COMMAND: GET /session/fdb2eb18e9de7f55d42e953fc9ac8efb/screenshot - {}
RESULT: {}
COMMAND: POST /session/fdb2eb18e9de7f55d42e953fc9ac8efb/element - {"using":"xpath","value":"//header[contains(@id, 'ObjectPageLayout-headerTitle')]/div[1]/div[2]/div[2]/span[1]"}
RESULT: {"using":"xpath","value":"//header[contains(@id, 'ObjectPageLayout-headerTitle')]/div[1]/div[2]/div[2]/span[1]"}
COMMAND: POST /session/fdb2eb18e9de7f55d42e953fc9ac8efb/elements - {"using":"xpath","value":"//header[contains(@id, 'ObjectPageLayout-headerTitle')]/div[1]/div[2]/div[2]/span[1]"}
RESULT: {"using":"xpath","value":"//header[contains(@id, 'ObjectPageLayout-headerTitle')]/div[1]/div[2]/div[2]/span[1]"}
COMMAND: POST /session/fdb2eb18e9de7f55d42e953fc9ac8efb/execute/sync - {"script":"<script> [56 bytes]","args":[{"element-6066-11e4-a52e-4f735466cecf":"f.65777815963AB190D0E426F0C4C24000.d.B0EDCB096A0B6960D024AE83A0EF98FC.e.1696","ELEMENT":"f.65777815963AB190D0E426F0C4C24000.d.B0EDCB096A0B6960D024AE83A0EF98FC.e.1696"}]}
RESULT: {"script":"<script> [56 bytes]","args":[{"element-6066-11e4-a52e-4f735466cecf":"f.65777815963AB190D0E426F0C4C24000.d.B0EDCB096A0B6960D024AE83A0EF98FC.e.1696","ELEMENT":"f.65777815963AB190D0E426F0C4C24000.d.B0EDCB096A0B6960D024AE83A0EF98FC.e.1696"}]}
COMMAND: POST /session/fdb2eb18e9de7f55d42e953fc9ac8efb/element - {"using":"css selector","value":"#shell-header-logo"}
COMMAND: GET /session/fdb2eb18e9de7f55d42e953fc9ac8efb/screenshot - {}
RESULT: {"using":"css selector","value":"#shell-header-logo"}
COMMAND: POST /session/fdb2eb18e9de7f55d42e953fc9ac8efb/element/f.65777815963AB190D0E426F0C4C24000.d.B0EDCB096A0B6960D024AE83A0EF98FC.e.1015/click - {}
RESULT: {}
RESULT: {}
COMMAND: GET /session/fdb2eb18e9de7f55d42e953fc9ac8efb/screenshot - {}
RESULT: {}
COMMAND: POST /session/fdb2eb18e9de7f55d42e953fc9ac8efb/execute/sync - {"script":"<script> [299 bytes]","args":[["getModel","getResource"]]}
RESULT: {"script":"<script> [299 bytes]","args":[["getModel","getResource"]]}
]]></system-out>
    </testcase>
    <testcase classname="chrome.135_0_7049_96.windows.Partner_specific_tests_US150819_US151080_US151654_US151176_US103444_US151078_US151079_US151109_US151174_US151175_US151189" name="Should filter and search partners US151080" time="98.384">
      <system-out><![CDATA[
COMMAND: POST /session/fdb2eb18e9de7f55d42e953fc9ac8efb/element - {"using":"xpath","value":"//li[.//span[text()=\"Manage Partners\"]]"}
COMMAND: GET /session/fdb2eb18e9de7f55d42e953fc9ac8efb/screenshot - {}
RESULT: {"using":"xpath","value":"//li[.//span[text()=\"Manage Partners\"]]"}
COMMAND: POST /session/fdb2eb18e9de7f55d42e953fc9ac8efb/element - {"using":"xpath","value":"//li[.//span[text()=\"Manage Partners\"]]"}
RESULT: {}
RESULT: {"using":"xpath","value":"//li[.//span[text()=\"Manage Partners\"]]"}
COMMAND: POST /session/fdb2eb18e9de7f55d42e953fc9ac8efb/element - {"using":"css selector","value":"#shell-header-logo"}
RESULT: {"using":"css selector","value":"#shell-header-logo"}
COMMAND: POST /session/fdb2eb18e9de7f55d42e953fc9ac8efb/element/f.65777815963AB190D0E426F0C4C24000.d.B0EDCB096A0B6960D024AE83A0EF98FC.e.1698/click - {}
COMMAND: POST /session/fdb2eb18e9de7f55d42e953fc9ac8efb/execute/sync - {"script":"<script> [8489 bytes]","args":[{"element-6066-11e4-a52e-4f735466cecf":"f.65777815963AB190D0E426F0C4C24000.d.B0EDCB096A0B6960D024AE83A0EF98FC.e.1698","ELEMENT":"f.65777815963AB190D0E426F0C4C24000.d.B0EDCB096A0B6960D024AE83A0EF98FC.e.1698"}]}
RESULT: {}
COMMAND: GET /session/fdb2eb18e9de7f55d42e953fc9ac8efb/screenshot - {}
RESULT: {"script":"<script> [8489 bytes]","args":[{"element-6066-11e4-a52e-4f735466cecf":"f.65777815963AB190D0E426F0C4C24000.d.B0EDCB096A0B6960D024AE83A0EF98FC.e.1698","ELEMENT":"f.65777815963AB190D0E426F0C4C24000.d.B0EDCB096A0B6960D024AE83A0EF98FC.e.1698"}]}
COMMAND: POST /session/fdb2eb18e9de7f55d42e953fc9ac8efb/execute/sync - {"script":"<script> [5351 bytes]","args":[{"element-6066-11e4-a52e-4f735466cecf":"f.65777815963AB190D0E426F0C4C24000.d.B0EDCB096A0B6960D024AE83A0EF98FC.e.1698","ELEMENT":"f.65777815963AB190D0E426F0C4C24000.d.B0EDCB096A0B6960D024AE83A0EF98FC.e.1698"}]}
COMMAND: GET /session/fdb2eb18e9de7f55d42e953fc9ac8efb/screenshot - {}
RESULT: {}
RESULT: {"script":"<script> [5351 bytes]","args":[{"element-6066-11e4-a52e-4f735466cecf":"f.65777815963AB190D0E426F0C4C24000.d.B0EDCB096A0B6960D024AE83A0EF98FC.e.1698","ELEMENT":"f.65777815963AB190D0E426F0C4C24000.d.B0EDCB096A0B6960D024AE83A0EF98FC.e.1698"}]}
COMMAND: GET /session/fdb2eb18e9de7f55d42e953fc9ac8efb/screenshot - {}
RESULT: {}
RESULT: {}
RESULT: undefined
COMMAND: POST /session/fdb2eb18e9de7f55d42e953fc9ac8efb/element - {"using":"xpath","value":"//*[@id=\"__tile38\"]"}
RESULT: {"using":"xpath","value":"//*[@id=\"__tile38\"]"}
COMMAND: POST /session/fdb2eb18e9de7f55d42e953fc9ac8efb/element/f.65777815963AB190D0E426F0C4C24000.d.B0EDCB096A0B6960D024AE83A0EF98FC.e.153/click - {}
RESULT: {}
COMMAND: POST /session/fdb2eb18e9de7f55d42e953fc9ac8efb/element - {"using":"xpath","value":"//button[@data-kt=\"addButton\"]"}
COMMAND: GET /session/fdb2eb18e9de7f55d42e953fc9ac8efb/screenshot - {}
RESULT: {"using":"xpath","value":"//button[@data-kt=\"addButton\"]"}
COMMAND: POST /session/fdb2eb18e9de7f55d42e953fc9ac8efb/elements - {"using":"xpath","value":"//button[@data-kt=\"addButton\"]"}
RESULT: {}
RESULT: {"using":"xpath","value":"//button[@data-kt=\"addButton\"]"}
COMMAND: POST /session/fdb2eb18e9de7f55d42e953fc9ac8efb/element - {"using":"xpath","value":"//button[@data-kt=\"addButton\"]"}
RESULT: {"using":"xpath","value":"//button[@data-kt=\"addButton\"]"}
COMMAND: POST /session/fdb2eb18e9de7f55d42e953fc9ac8efb/execute/sync - {"script":"<script> [8489 bytes]","args":[{"element-6066-11e4-a52e-4f735466cecf":"f.65777815963AB190D0E426F0C4C24000.d.B0EDCB096A0B6960D024AE83A0EF98FC.e.1743","ELEMENT":"f.65777815963AB190D0E426F0C4C24000.d.B0EDCB096A0B6960D024AE83A0EF98FC.e.1743"}]}
RESULT: {"script":"<script> [8489 bytes]","args":[{"element-6066-11e4-a52e-4f735466cecf":"f.65777815963AB190D0E426F0C4C24000.d.B0EDCB096A0B6960D024AE83A0EF98FC.e.1743","ELEMENT":"f.65777815963AB190D0E426F0C4C24000.d.B0EDCB096A0B6960D024AE83A0EF98FC.e.1743"}]}
COMMAND: GET /session/fdb2eb18e9de7f55d42e953fc9ac8efb/element/f.65777815963AB190D0E426F0C4C24000.d.B0EDCB096A0B6960D024AE83A0EF98FC.e.1743/enabled - {}
COMMAND: GET /session/fdb2eb18e9de7f55d42e953fc9ac8efb/screenshot - {}
RESULT: {}
COMMAND: POST /session/fdb2eb18e9de7f55d42e953fc9ac8efb/execute/sync - {"script":"<script> [8489 bytes]","args":[{"element-6066-11e4-a52e-4f735466cecf":"f.65777815963AB190D0E426F0C4C24000.d.B0EDCB096A0B6960D024AE83A0EF98FC.e.1743","ELEMENT":"f.65777815963AB190D0E426F0C4C24000.d.B0EDCB096A0B6960D024AE83A0EF98FC.e.1743"}]}
COMMAND: GET /session/fdb2eb18e9de7f55d42e953fc9ac8efb/screenshot - {}
RESULT: {}
RESULT: {"script":"<script> [8489 bytes]","args":[{"element-6066-11e4-a52e-4f735466cecf":"f.65777815963AB190D0E426F0C4C24000.d.B0EDCB096A0B6960D024AE83A0EF98FC.e.1743","ELEMENT":"f.65777815963AB190D0E426F0C4C24000.d.B0EDCB096A0B6960D024AE83A0EF98FC.e.1743"}]}
COMMAND: POST /session/fdb2eb18e9de7f55d42e953fc9ac8efb/execute/sync - {"script":"<script> [5351 bytes]","args":[{"element-6066-11e4-a52e-4f735466cecf":"f.65777815963AB190D0E426F0C4C24000.d.B0EDCB096A0B6960D024AE83A0EF98FC.e.1743","ELEMENT":"f.65777815963AB190D0E426F0C4C24000.d.B0EDCB096A0B6960D024AE83A0EF98FC.e.1743"}]}
COMMAND: GET /session/fdb2eb18e9de7f55d42e953fc9ac8efb/screenshot - {}
RESULT: {}
RESULT: {"script":"<script> [5351 bytes]","args":[{"element-6066-11e4-a52e-4f735466cecf":"f.65777815963AB190D0E426F0C4C24000.d.B0EDCB096A0B6960D024AE83A0EF98FC.e.1743","ELEMENT":"f.65777815963AB190D0E426F0C4C24000.d.B0EDCB096A0B6960D024AE83A0EF98FC.e.1743"}]}
COMMAND: GET /session/fdb2eb18e9de7f55d42e953fc9ac8efb/screenshot - {}
RESULT: {}
RESULT: {}
COMMAND: POST /session/fdb2eb18e9de7f55d42e953fc9ac8efb/execute/async - {"script":"<script> [1562 bytes]","args":[{"selector":{"id":"application-managepartners-display-component---masterPtm--smartTable-btnPersonalisation-img"},"wdio_ui5_key":"applicationmanagepartners-display-component---masterPtm--smartTable-btnPersonalisation-img"}]}
RESULT: {"script":"<script> [1562 bytes]","args":[{"selector":{"id":"application-managepartners-display-component---masterPtm--smartTable-btnPersonalisation-img"},"wdio_ui5_key":"applicationmanagepartners-display-component---masterPtm--smartTable-btnPersonalisation-img"}]}
RESULT: undefined
COMMAND: POST /session/fdb2eb18e9de7f55d42e953fc9ac8efb/element - {"using":"xpath","value":"//*[@id=\"application-managepartners-display-component---masterPtm--smartTable-btnPersonalisation-img\"]"}
RESULT: {"using":"xpath","value":"//*[@id=\"application-managepartners-display-component---masterPtm--smartTable-btnPersonalisation-img\"]"}
COMMAND: POST /session/fdb2eb18e9de7f55d42e953fc9ac8efb/element/f.65777815963AB190D0E426F0C4C24000.d.B0EDCB096A0B6960D024AE83A0EF98FC.e.1748/click - {}
RESULT: {}
COMMAND: GET /session/fdb2eb18e9de7f55d42e953fc9ac8efb/screenshot - {}
RESULT: {}
COMMAND: POST /session/fdb2eb18e9de7f55d42e953fc9ac8efb/execute/async - {"script":"<script> [1562 bytes]","args":[{"selector":{"controlType":"sap.m.IconTabFilter","viewName":"etm.portal.ui.managepartners.view.Master","viewId":"application-managepartners-display-component---masterPtm","properties":{"text":"Sort"},"searchOpenDialogs":true,"interaction":{"idSuffix":"text"}},"wdio_ui5_key":"etmportal.ui.managepartners.view.Mastersap.m.IconTabFilter{\"text\":\"Sort\"}"}]}
RESULT: {"script":"<script> [1562 bytes]","args":[{"selector":{"controlType":"sap.m.IconTabFilter","viewName":"etm.portal.ui.managepartners.view.Master","viewId":"application-managepartners-display-component---masterPtm","properties":{"text":"Sort"},"searchOpenDialogs":true,"interaction":{"idSuffix":"text"}},"wdio_ui5_key":"etmportal.ui.managepartners.view.Mastersap.m.IconTabFilter{\"text\":\"Sort\"}"}]}
RESULT: undefined
COMMAND: POST /session/fdb2eb18e9de7f55d42e953fc9ac8efb/element - {"using":"xpath","value":"//*[@id=\"__filter1\"]"}
RESULT: {"using":"xpath","value":"//*[@id=\"__filter1\"]"}
COMMAND: POST /session/fdb2eb18e9de7f55d42e953fc9ac8efb/element/f.65777815963AB190D0E426F0C4C24000.d.B0EDCB096A0B6960D024AE83A0EF98FC.e.1892/click - {}
RESULT: {}
COMMAND: GET /session/fdb2eb18e9de7f55d42e953fc9ac8efb/screenshot - {}
RESULT: {}
COMMAND: POST /session/fdb2eb18e9de7f55d42e953fc9ac8efb/element - {"using":"xpath","value":"//input[@placeholder=\"Sort by\"]/following-sibling::div//span"}
RESULT: {"using":"xpath","value":"//input[@placeholder=\"Sort by\"]/following-sibling::div//span"}
COMMAND: POST /session/fdb2eb18e9de7f55d42e953fc9ac8efb/element/f.65777815963AB190D0E426F0C4C24000.d.B0EDCB096A0B6960D024AE83A0EF98FC.e.1894/click - {}
RESULT: {}
COMMAND: GET /session/fdb2eb18e9de7f55d42e953fc9ac8efb/screenshot - {}
RESULT: {}
COMMAND: POST /session/fdb2eb18e9de7f55d42e953fc9ac8efb/element - {"using":"xpath","value":"//li[.//span[text()=\"Language\"]]"}
RESULT: {"using":"xpath","value":"//li[.//span[text()=\"Language\"]]"}
COMMAND: POST /session/fdb2eb18e9de7f55d42e953fc9ac8efb/element/f.65777815963AB190D0E426F0C4C24000.d.B0EDCB096A0B6960D024AE83A0EF98FC.e.1895/click - {}
RESULT: {}
COMMAND: GET /session/fdb2eb18e9de7f55d42e953fc9ac8efb/screenshot - {}
RESULT: {}
COMMAND: POST /session/fdb2eb18e9de7f55d42e953fc9ac8efb/element - {"using":"xpath","value":"//bdi[contains(text(), \"OK\")]"}
RESULT: {"using":"xpath","value":"//bdi[contains(text(), \"OK\")]"}
COMMAND: POST /session/fdb2eb18e9de7f55d42e953fc9ac8efb/element/f.65777815963AB190D0E426F0C4C24000.d.B0EDCB096A0B6960D024AE83A0EF98FC.e.1899/click - {}
RESULT: {}
COMMAND: GET /session/fdb2eb18e9de7f55d42e953fc9ac8efb/screenshot - {}
RESULT: {}
COMMAND: POST /session/fdb2eb18e9de7f55d42e953fc9ac8efb/element - {"using":"xpath","value":"//table[contains(@id, \"customPartnersTable\")]//tbody/tr[1]/td[3]/span"}
RESULT: {"using":"xpath","value":"//table[contains(@id, \"customPartnersTable\")]//tbody/tr[1]/td[3]/span"}
COMMAND: POST /session/fdb2eb18e9de7f55d42e953fc9ac8efb/execute/sync - {"script":"<script> [56 bytes]","args":[{"element-6066-11e4-a52e-4f735466cecf":"f.65777815963AB190D0E426F0C4C24000.d.B0EDCB096A0B6960D024AE83A0EF98FC.e.2026","ELEMENT":"f.65777815963AB190D0E426F0C4C24000.d.B0EDCB096A0B6960D024AE83A0EF98FC.e.2026"}]}
RESULT: {"script":"<script> [56 bytes]","args":[{"element-6066-11e4-a52e-4f735466cecf":"f.65777815963AB190D0E426F0C4C24000.d.B0EDCB096A0B6960D024AE83A0EF98FC.e.2026","ELEMENT":"f.65777815963AB190D0E426F0C4C24000.d.B0EDCB096A0B6960D024AE83A0EF98FC.e.2026"}]}
RESULT: undefined
COMMAND: POST /session/fdb2eb18e9de7f55d42e953fc9ac8efb/element - {"using":"xpath","value":"//*[@id=\"application-managepartners-display-component---masterPtm--smartTable-btnPersonalisation-img\"]"}
COMMAND: GET /session/fdb2eb18e9de7f55d42e953fc9ac8efb/screenshot - {}
RESULT: {"using":"xpath","value":"//*[@id=\"application-managepartners-display-component---masterPtm--smartTable-btnPersonalisation-img\"]"}
COMMAND: POST /session/fdb2eb18e9de7f55d42e953fc9ac8efb/element/f.65777815963AB190D0E426F0C4C24000.d.B0EDCB096A0B6960D024AE83A0EF98FC.e.1748/click - {}
RESULT: {}
RESULT: {}
COMMAND: GET /session/fdb2eb18e9de7f55d42e953fc9ac8efb/screenshot - {}
RESULT: {}
COMMAND: POST /session/fdb2eb18e9de7f55d42e953fc9ac8efb/element - {"using":"xpath","value":"//bdi[contains(text(), \"Reset\")]"}
RESULT: {"using":"xpath","value":"//bdi[contains(text(), \"Reset\")]"}
COMMAND: POST /session/fdb2eb18e9de7f55d42e953fc9ac8efb/element/f.65777815963AB190D0E426F0C4C24000.d.B0EDCB096A0B6960D024AE83A0EF98FC.e.2031/click - {}
RESULT: {}
COMMAND: GET /session/fdb2eb18e9de7f55d42e953fc9ac8efb/screenshot - {}
RESULT: {}
COMMAND: POST /session/fdb2eb18e9de7f55d42e953fc9ac8efb/element - {"using":"xpath","value":"(//bdi[contains(text(), \"OK\")])[2]"}
RESULT: {"using":"xpath","value":"(//bdi[contains(text(), \"OK\")])[2]"}
COMMAND: POST /session/fdb2eb18e9de7f55d42e953fc9ac8efb/element/f.65777815963AB190D0E426F0C4C24000.d.B0EDCB096A0B6960D024AE83A0EF98FC.e.2033/click - {}
RESULT: {}
COMMAND: GET /session/fdb2eb18e9de7f55d42e953fc9ac8efb/screenshot - {}
RESULT: {}
COMMAND: POST /session/fdb2eb18e9de7f55d42e953fc9ac8efb/element - {"using":"xpath","value":"//bdi[contains(text(), \"OK\")]"}
RESULT: {"using":"xpath","value":"//bdi[contains(text(), \"OK\")]"}
COMMAND: POST /session/fdb2eb18e9de7f55d42e953fc9ac8efb/element/f.65777815963AB190D0E426F0C4C24000.d.B0EDCB096A0B6960D024AE83A0EF98FC.e.2085/click - {}
RESULT: {}
COMMAND: GET /session/fdb2eb18e9de7f55d42e953fc9ac8efb/screenshot - {}
RESULT: {}
COMMAND: POST /session/fdb2eb18e9de7f55d42e953fc9ac8efb/element - {"using":"xpath","value":"//table[contains(@id, \"customPartnersTable\")]//tbody/tr[1]/td[3]/span"}
RESULT: {"using":"xpath","value":"//table[contains(@id, \"customPartnersTable\")]//tbody/tr[1]/td[3]/span"}
COMMAND: POST /session/fdb2eb18e9de7f55d42e953fc9ac8efb/execute/sync - {"script":"<script> [56 bytes]","args":[{"element-6066-11e4-a52e-4f735466cecf":"f.65777815963AB190D0E426F0C4C24000.d.B0EDCB096A0B6960D024AE83A0EF98FC.e.2087","ELEMENT":"f.65777815963AB190D0E426F0C4C24000.d.B0EDCB096A0B6960D024AE83A0EF98FC.e.2087"}]}
RESULT: {"script":"<script> [56 bytes]","args":[{"element-6066-11e4-a52e-4f735466cecf":"f.65777815963AB190D0E426F0C4C24000.d.B0EDCB096A0B6960D024AE83A0EF98FC.e.2087","ELEMENT":"f.65777815963AB190D0E426F0C4C24000.d.B0EDCB096A0B6960D024AE83A0EF98FC.e.2087"}]}
RESULT: undefined
COMMAND: POST /session/fdb2eb18e9de7f55d42e953fc9ac8efb/element - {"using":"xpath","value":"//*[@id=\"application-managepartners-display-component---masterPtm--smartTable-btnPersonalisation-img\"]"}
COMMAND: GET /session/fdb2eb18e9de7f55d42e953fc9ac8efb/screenshot - {}
RESULT: {"using":"xpath","value":"//*[@id=\"application-managepartners-display-component---masterPtm--smartTable-btnPersonalisation-img\"]"}
COMMAND: POST /session/fdb2eb18e9de7f55d42e953fc9ac8efb/element/f.65777815963AB190D0E426F0C4C24000.d.B0EDCB096A0B6960D024AE83A0EF98FC.e.1748/click - {}
RESULT: {}
RESULT: {}
COMMAND: GET /session/fdb2eb18e9de7f55d42e953fc9ac8efb/screenshot - {}
RESULT: {}
COMMAND: POST /session/fdb2eb18e9de7f55d42e953fc9ac8efb/execute/async - {"script":"<script> [1562 bytes]","args":[{"selector":{"controlType":"sap.m.IconTabFilter","viewName":"etm.portal.ui.managepartners.view.Master","viewId":"application-managepartners-display-component---masterPtm","properties":{"text":"Filter"},"searchOpenDialogs":true,"interaction":{"idSuffix":"text"}},"wdio_ui5_key":"etmportal.ui.managepartners.view.Mastersap.m.IconTabFilter{\"text\":\"Filter\"}"}]}
RESULT: {"script":"<script> [1562 bytes]","args":[{"selector":{"controlType":"sap.m.IconTabFilter","viewName":"etm.portal.ui.managepartners.view.Master","viewId":"application-managepartners-display-component---masterPtm","properties":{"text":"Filter"},"searchOpenDialogs":true,"interaction":{"idSuffix":"text"}},"wdio_ui5_key":"etmportal.ui.managepartners.view.Mastersap.m.IconTabFilter{\"text\":\"Filter\"}"}]}
RESULT: undefined
COMMAND: POST /session/fdb2eb18e9de7f55d42e953fc9ac8efb/element - {"using":"xpath","value":"//*[@id=\"__filter10\"]"}
RESULT: {"using":"xpath","value":"//*[@id=\"__filter10\"]"}
COMMAND: POST /session/fdb2eb18e9de7f55d42e953fc9ac8efb/element/f.65777815963AB190D0E426F0C4C24000.d.B0EDCB096A0B6960D024AE83A0EF98FC.e.2092/click - {}
RESULT: {}
COMMAND: GET /session/fdb2eb18e9de7f55d42e953fc9ac8efb/screenshot - {}
RESULT: {}
COMMAND: POST /session/fdb2eb18e9de7f55d42e953fc9ac8efb/element - {"using":"xpath","value":"//input[@placeholder=\"Filter by\"]/following-sibling::div//span"}
RESULT: {"using":"xpath","value":"//input[@placeholder=\"Filter by\"]/following-sibling::div//span"}
COMMAND: POST /session/fdb2eb18e9de7f55d42e953fc9ac8efb/element/f.65777815963AB190D0E426F0C4C24000.d.B0EDCB096A0B6960D024AE83A0EF98FC.e.2094/click - {}
RESULT: {}
COMMAND: GET /session/fdb2eb18e9de7f55d42e953fc9ac8efb/screenshot - {}
RESULT: {}
COMMAND: POST /session/fdb2eb18e9de7f55d42e953fc9ac8efb/element - {"using":"xpath","value":"//li[.//span[text()=\"Preferred Yard\"]]"}
RESULT: {"using":"xpath","value":"//li[.//span[text()=\"Preferred Yard\"]]"}
COMMAND: POST /session/fdb2eb18e9de7f55d42e953fc9ac8efb/element/f.65777815963AB190D0E426F0C4C24000.d.B0EDCB096A0B6960D024AE83A0EF98FC.e.2095/click - {}
RESULT: {}
COMMAND: GET /session/fdb2eb18e9de7f55d42e953fc9ac8efb/screenshot - {}
RESULT: {}
COMMAND: POST /session/fdb2eb18e9de7f55d42e953fc9ac8efb/execute/async - {"script":"<script> [1562 bytes]","args":[{"selector":{"id":"FilterPanel-filterItemControl_BASIC-application-managepartners-display-component---masterPtm--smartTable-YARDYARD-vhi","searchOpenDialogs":true},"wdio_ui5_key":"FilterPanelfilterItemControl_BASIC-application-managepartners-display-component---masterPtm--smartTable-YARDYARD-vhi"}]}
RESULT: {"script":"<script> [1562 bytes]","args":[{"selector":{"id":"FilterPanel-filterItemControl_BASIC-application-managepartners-display-component---masterPtm--smartTable-YARDYARD-vhi","searchOpenDialogs":true},"wdio_ui5_key":"FilterPanelfilterItemControl_BASIC-application-managepartners-display-component---masterPtm--smartTable-YARDYARD-vhi"}]}
RESULT: undefined
COMMAND: POST /session/fdb2eb18e9de7f55d42e953fc9ac8efb/element - {"using":"xpath","value":"//*[@id=\"FilterPanel-filterItemControl_BASIC-application-managepartners-display-component---masterPtm--smartTable-YARDYARD-vhi\"]"}
RESULT: {"using":"xpath","value":"//*[@id=\"FilterPanel-filterItemControl_BASIC-application-managepartners-display-component---masterPtm--smartTable-YARDYARD-vhi\"]"}
COMMAND: POST /session/fdb2eb18e9de7f55d42e953fc9ac8efb/element/f.65777815963AB190D0E426F0C4C24000.d.B0EDCB096A0B6960D024AE83A0EF98FC.e.2098/click - {}
RESULT: {}
COMMAND: GET /session/fdb2eb18e9de7f55d42e953fc9ac8efb/screenshot - {}
RESULT: {}
COMMAND: POST /session/fdb2eb18e9de7f55d42e953fc9ac8efb/execute/async - {"script":"<script> [1562 bytes]","args":[{"selector":{"id":"FilterPanel-filterItemControl_BASIC-application-managepartners-display-component---masterPtm--smartTable-YARDYARD-valueHelpDialog-smartFilterBar-btnBasicSearch","searchOpenDialogs":true,"interaction":{"idSuffix":"I"}},"wdio_ui5_key":"FilterPanelfilterItemControl_BASIC-application-managepartners-display-component---masterPtm--smartTable-YARDYARD-valueHelpDialog-smartFilterBar-btnBasicSearch"}]}
RESULT: {"script":"<script> [1562 bytes]","args":[{"selector":{"id":"FilterPanel-filterItemControl_BASIC-application-managepartners-display-component---masterPtm--smartTable-YARDYARD-valueHelpDialog-smartFilterBar-btnBasicSearch","searchOpenDialogs":true,"interaction":{"idSuffix":"I"}},"wdio_ui5_key":"FilterPanelfilterItemControl_BASIC-application-managepartners-display-component---masterPtm--smartTable-YARDYARD-valueHelpDialog-smartFilterBar-btnBasicSearch"}]}
RESULT: undefined
COMMAND: POST /session/fdb2eb18e9de7f55d42e953fc9ac8efb/execute/async - {"script":"<script> [776 bytes]","args":[{"enterText":"514","selector":{"id":"FilterPanel-filterItemControl_BASIC-application-managepartners-display-component---masterPtm--smartTable-YARDYARD-valueHelpDialog-smartFilterBar-btnBasicSearch","searchOpenDialogs":true,"interaction":{"idSuffix":"I"}},"clearTextFirst":true,"interactionType":"ENTER_TEXT"}]}
RESULT: {"script":"<script> [776 bytes]","args":[{"enterText":"514","selector":{"id":"FilterPanel-filterItemControl_BASIC-application-managepartners-display-component---masterPtm--smartTable-YARDYARD-valueHelpDialog-smartFilterBar-btnBasicSearch","searchOpenDialogs":true,"interaction":{"idSuffix":"I"}},"clearTextFirst":true,"interactionType":"ENTER_TEXT"}]}
COMMAND: POST /session/fdb2eb18e9de7f55d42e953fc9ac8efb/actions - {"actions":[{"id":"action3","type":"key","parameters":{},"actions":[{"type":"keyDown","value":"î€‡"},{"type":"pause","duration":10},{"type":"keyUp","value":"î€‡"}]}]}
RESULT: {"actions":[{"id":"action3","type":"key","parameters":{},"actions":[{"type":"keyDown","value":"î€‡"},{"type":"pause","duration":10},{"type":"keyUp","value":"î€‡"}]}]}
COMMAND: GET /session/fdb2eb18e9de7f55d42e953fc9ac8efb/screenshot - {}
RESULT: {}
COMMAND: POST /session/fdb2eb18e9de7f55d42e953fc9ac8efb/elements - {"using":"xpath","value":"//table[contains(@id, \"smartTable-YARDYARD-valueHelpDialog-table-table\")]/tbody/tr"}
RESULT: {"using":"xpath","value":"//table[contains(@id, \"smartTable-YARDYARD-valueHelpDialog-table-table\")]/tbody/tr"}
COMMAND: POST /session/fdb2eb18e9de7f55d42e953fc9ac8efb/element - {"using":"xpath","value":"//table[contains(@id, \"smartTable-YARDYARD-valueHelpDialog-table-table\")]/tbody/tr[1]/td[1]/div/span"}
RESULT: {"using":"xpath","value":"//table[contains(@id, \"smartTable-YARDYARD-valueHelpDialog-table-table\")]/tbody/tr[1]/td[1]/div/span"}
COMMAND: POST /session/fdb2eb18e9de7f55d42e953fc9ac8efb/elements - {"using":"xpath","value":"//table[contains(@id, \"smartTable-YARDYARD-valueHelpDialog-table-table\")]/tbody/tr[1]/td[1]/div/span"}
RESULT: {"using":"xpath","value":"//table[contains(@id, \"smartTable-YARDYARD-valueHelpDialog-table-table\")]/tbody/tr[1]/td[1]/div/span"}
COMMAND: POST /session/fdb2eb18e9de7f55d42e953fc9ac8efb/execute/sync - {"script":"<script> [56 bytes]","args":[{"element-6066-11e4-a52e-4f735466cecf":"f.65777815963AB190D0E426F0C4C24000.d.B0EDCB096A0B6960D024AE83A0EF98FC.e.2117","ELEMENT":"f.65777815963AB190D0E426F0C4C24000.d.B0EDCB096A0B6960D024AE83A0EF98FC.e.2117"}]}
RESULT: {"script":"<script> [56 bytes]","args":[{"element-6066-11e4-a52e-4f735466cecf":"f.65777815963AB190D0E426F0C4C24000.d.B0EDCB096A0B6960D024AE83A0EF98FC.e.2117","ELEMENT":"f.65777815963AB190D0E426F0C4C24000.d.B0EDCB096A0B6960D024AE83A0EF98FC.e.2117"}]}
COMMAND: POST /session/fdb2eb18e9de7f55d42e953fc9ac8efb/element - {"using":"xpath","value":"//div[contains(@id, \"YARDYARD-valueHelpDialog-table-rowsel0\")]"}
COMMAND: GET /session/fdb2eb18e9de7f55d42e953fc9ac8efb/screenshot - {}
RESULT: {"using":"xpath","value":"//div[contains(@id, \"YARDYARD-valueHelpDialog-table-rowsel0\")]"}
COMMAND: POST /session/fdb2eb18e9de7f55d42e953fc9ac8efb/element/f.65777815963AB190D0E426F0C4C24000.d.B0EDCB096A0B6960D024AE83A0EF98FC.e.2118/click - {}
RESULT: {}
RESULT: {}
COMMAND: GET /session/fdb2eb18e9de7f55d42e953fc9ac8efb/screenshot - {}
RESULT: {}
COMMAND: POST /session/fdb2eb18e9de7f55d42e953fc9ac8efb/element - {"using":"xpath","value":"(//bdi[contains(text(), \"OK\")])[2]"}
RESULT: {"using":"xpath","value":"(//bdi[contains(text(), \"OK\")])[2]"}
COMMAND: POST /session/fdb2eb18e9de7f55d42e953fc9ac8efb/element/f.65777815963AB190D0E426F0C4C24000.d.B0EDCB096A0B6960D024AE83A0EF98FC.e.2120/click - {}
RESULT: {}
COMMAND: GET /session/fdb2eb18e9de7f55d42e953fc9ac8efb/screenshot - {}
RESULT: {}
COMMAND: POST /session/fdb2eb18e9de7f55d42e953fc9ac8efb/element - {"using":"xpath","value":"//bdi[contains(text(), \"OK\")]"}
RESULT: {"using":"xpath","value":"//bdi[contains(text(), \"OK\")]"}
COMMAND: POST /session/fdb2eb18e9de7f55d42e953fc9ac8efb/element/f.65777815963AB190D0E426F0C4C24000.d.B0EDCB096A0B6960D024AE83A0EF98FC.e.2123/click - {}
RESULT: {}
COMMAND: GET /session/fdb2eb18e9de7f55d42e953fc9ac8efb/screenshot - {}
RESULT: {}
COMMAND: POST /session/fdb2eb18e9de7f55d42e953fc9ac8efb/element - {"using":"xpath","value":"//table[contains(@id, \"customPartnersTable\")]//tbody/tr[1]/td[3]/span"}
RESULT: {"using":"xpath","value":"//table[contains(@id, \"customPartnersTable\")]//tbody/tr[1]/td[3]/span"}
COMMAND: POST /session/fdb2eb18e9de7f55d42e953fc9ac8efb/execute/sync - {"script":"<script> [56 bytes]","args":[{"element-6066-11e4-a52e-4f735466cecf":"f.65777815963AB190D0E426F0C4C24000.d.B0EDCB096A0B6960D024AE83A0EF98FC.e.2087","ELEMENT":"f.65777815963AB190D0E426F0C4C24000.d.B0EDCB096A0B6960D024AE83A0EF98FC.e.2087"}]}
RESULT: {"script":"<script> [56 bytes]","args":[{"element-6066-11e4-a52e-4f735466cecf":"f.65777815963AB190D0E426F0C4C24000.d.B0EDCB096A0B6960D024AE83A0EF98FC.e.2087","ELEMENT":"f.65777815963AB190D0E426F0C4C24000.d.B0EDCB096A0B6960D024AE83A0EF98FC.e.2087"}]}
COMMAND: POST /session/fdb2eb18e9de7f55d42e953fc9ac8efb/element - {"using":"css selector","value":"#shell-header-logo"}
COMMAND: GET /session/fdb2eb18e9de7f55d42e953fc9ac8efb/screenshot - {}
RESULT: {"using":"css selector","value":"#shell-header-logo"}
COMMAND: POST /session/fdb2eb18e9de7f55d42e953fc9ac8efb/element/f.65777815963AB190D0E426F0C4C24000.d.B0EDCB096A0B6960D024AE83A0EF98FC.e.1698/click - {}
RESULT: {}
RESULT: {}
COMMAND: GET /session/fdb2eb18e9de7f55d42e953fc9ac8efb/screenshot - {}
RESULT: {}
]]></system-out>
    </testcase>
    <testcase classname="chrome.135_0_7049_96.windows.Partner_specific_tests_US150819_US151080_US151654_US151176_US103444_US151078_US151079_US151109_US151174_US151175_US151189" name="Should deactivate the created partner in earlier step US151654" time="55.067">
      <system-out><![CDATA[
COMMAND: POST /session/fdb2eb18e9de7f55d42e953fc9ac8efb/element - {"using":"xpath","value":"//li[.//span[text()=\"Manage Partners\"]]"}
RESULT: {"using":"xpath","value":"//li[.//span[text()=\"Manage Partners\"]]"}
COMMAND: POST /session/fdb2eb18e9de7f55d42e953fc9ac8efb/element - {"using":"xpath","value":"//li[.//span[text()=\"Manage Partners\"]]"}
RESULT: {"using":"xpath","value":"//li[.//span[text()=\"Manage Partners\"]]"}
COMMAND: POST /session/fdb2eb18e9de7f55d42e953fc9ac8efb/element - {"using":"css selector","value":"#shell-header-logo"}
RESULT: {"using":"css selector","value":"#shell-header-logo"}
COMMAND: POST /session/fdb2eb18e9de7f55d42e953fc9ac8efb/element/f.65777815963AB190D0E426F0C4C24000.d.B0EDCB096A0B6960D024AE83A0EF98FC.e.2174/click - {}
COMMAND: POST /session/fdb2eb18e9de7f55d42e953fc9ac8efb/execute/sync - {"script":"<script> [8489 bytes]","args":[{"element-6066-11e4-a52e-4f735466cecf":"f.65777815963AB190D0E426F0C4C24000.d.B0EDCB096A0B6960D024AE83A0EF98FC.e.2174","ELEMENT":"f.65777815963AB190D0E426F0C4C24000.d.B0EDCB096A0B6960D024AE83A0EF98FC.e.2174"}]}
RESULT: {}
COMMAND: GET /session/fdb2eb18e9de7f55d42e953fc9ac8efb/screenshot - {}
RESULT: {"script":"<script> [8489 bytes]","args":[{"element-6066-11e4-a52e-4f735466cecf":"f.65777815963AB190D0E426F0C4C24000.d.B0EDCB096A0B6960D024AE83A0EF98FC.e.2174","ELEMENT":"f.65777815963AB190D0E426F0C4C24000.d.B0EDCB096A0B6960D024AE83A0EF98FC.e.2174"}]}
COMMAND: POST /session/fdb2eb18e9de7f55d42e953fc9ac8efb/execute/sync - {"script":"<script> [5351 bytes]","args":[{"element-6066-11e4-a52e-4f735466cecf":"f.65777815963AB190D0E426F0C4C24000.d.B0EDCB096A0B6960D024AE83A0EF98FC.e.2174","ELEMENT":"f.65777815963AB190D0E426F0C4C24000.d.B0EDCB096A0B6960D024AE83A0EF98FC.e.2174"}]}
COMMAND: GET /session/fdb2eb18e9de7f55d42e953fc9ac8efb/screenshot - {}
RESULT: {}
RESULT: {"script":"<script> [5351 bytes]","args":[{"element-6066-11e4-a52e-4f735466cecf":"f.65777815963AB190D0E426F0C4C24000.d.B0EDCB096A0B6960D024AE83A0EF98FC.e.2174","ELEMENT":"f.65777815963AB190D0E426F0C4C24000.d.B0EDCB096A0B6960D024AE83A0EF98FC.e.2174"}]}
COMMAND: GET /session/fdb2eb18e9de7f55d42e953fc9ac8efb/screenshot - {}
RESULT: {}
RESULT: {}
RESULT: undefined
COMMAND: POST /session/fdb2eb18e9de7f55d42e953fc9ac8efb/element - {"using":"xpath","value":"//*[@id=\"__tile38\"]"}
RESULT: {"using":"xpath","value":"//*[@id=\"__tile38\"]"}
COMMAND: POST /session/fdb2eb18e9de7f55d42e953fc9ac8efb/element/f.65777815963AB190D0E426F0C4C24000.d.B0EDCB096A0B6960D024AE83A0EF98FC.e.153/click - {}
RESULT: {}
COMMAND: POST /session/fdb2eb18e9de7f55d42e953fc9ac8efb/element - {"using":"xpath","value":"//button[@data-kt=\"addButton\"]"}
COMMAND: GET /session/fdb2eb18e9de7f55d42e953fc9ac8efb/screenshot - {}
RESULT: {"using":"xpath","value":"//button[@data-kt=\"addButton\"]"}
COMMAND: POST /session/fdb2eb18e9de7f55d42e953fc9ac8efb/elements - {"using":"xpath","value":"//button[@data-kt=\"addButton\"]"}
RESULT: {}
RESULT: {"using":"xpath","value":"//button[@data-kt=\"addButton\"]"}
COMMAND: POST /session/fdb2eb18e9de7f55d42e953fc9ac8efb/elements - {"using":"xpath","value":"//button[@data-kt=\"addButton\"]"}
RESULT: {"using":"xpath","value":"//button[@data-kt=\"addButton\"]"}
COMMAND: POST /session/fdb2eb18e9de7f55d42e953fc9ac8efb/element - {"using":"xpath","value":"//button[@data-kt=\"addButton\"]"}
RESULT: {"using":"xpath","value":"//button[@data-kt=\"addButton\"]"}
COMMAND: POST /session/fdb2eb18e9de7f55d42e953fc9ac8efb/execute/sync - {"script":"<script> [8489 bytes]","args":[{"element-6066-11e4-a52e-4f735466cecf":"f.65777815963AB190D0E426F0C4C24000.d.B0EDCB096A0B6960D024AE83A0EF98FC.e.2209","ELEMENT":"f.65777815963AB190D0E426F0C4C24000.d.B0EDCB096A0B6960D024AE83A0EF98FC.e.2209"}]}
RESULT: {"script":"<script> [8489 bytes]","args":[{"element-6066-11e4-a52e-4f735466cecf":"f.65777815963AB190D0E426F0C4C24000.d.B0EDCB096A0B6960D024AE83A0EF98FC.e.2209","ELEMENT":"f.65777815963AB190D0E426F0C4C24000.d.B0EDCB096A0B6960D024AE83A0EF98FC.e.2209"}]}
COMMAND: GET /session/fdb2eb18e9de7f55d42e953fc9ac8efb/element/f.65777815963AB190D0E426F0C4C24000.d.B0EDCB096A0B6960D024AE83A0EF98FC.e.2209/enabled - {}
COMMAND: GET /session/fdb2eb18e9de7f55d42e953fc9ac8efb/screenshot - {}
RESULT: {}
COMMAND: POST /session/fdb2eb18e9de7f55d42e953fc9ac8efb/execute/sync - {"script":"<script> [8489 bytes]","args":[{"element-6066-11e4-a52e-4f735466cecf":"f.65777815963AB190D0E426F0C4C24000.d.B0EDCB096A0B6960D024AE83A0EF98FC.e.2209","ELEMENT":"f.65777815963AB190D0E426F0C4C24000.d.B0EDCB096A0B6960D024AE83A0EF98FC.e.2209"}]}
COMMAND: GET /session/fdb2eb18e9de7f55d42e953fc9ac8efb/screenshot - {}
RESULT: {}
RESULT: {"script":"<script> [8489 bytes]","args":[{"element-6066-11e4-a52e-4f735466cecf":"f.65777815963AB190D0E426F0C4C24000.d.B0EDCB096A0B6960D024AE83A0EF98FC.e.2209","ELEMENT":"f.65777815963AB190D0E426F0C4C24000.d.B0EDCB096A0B6960D024AE83A0EF98FC.e.2209"}]}
COMMAND: POST /session/fdb2eb18e9de7f55d42e953fc9ac8efb/execute/sync - {"script":"<script> [5351 bytes]","args":[{"element-6066-11e4-a52e-4f735466cecf":"f.65777815963AB190D0E426F0C4C24000.d.B0EDCB096A0B6960D024AE83A0EF98FC.e.2209","ELEMENT":"f.65777815963AB190D0E426F0C4C24000.d.B0EDCB096A0B6960D024AE83A0EF98FC.e.2209"}]}
COMMAND: GET /session/fdb2eb18e9de7f55d42e953fc9ac8efb/screenshot - {}
RESULT: {}
RESULT: {"script":"<script> [5351 bytes]","args":[{"element-6066-11e4-a52e-4f735466cecf":"f.65777815963AB190D0E426F0C4C24000.d.B0EDCB096A0B6960D024AE83A0EF98FC.e.2209","ELEMENT":"f.65777815963AB190D0E426F0C4C24000.d.B0EDCB096A0B6960D024AE83A0EF98FC.e.2209"}]}
COMMAND: GET /session/fdb2eb18e9de7f55d42e953fc9ac8efb/screenshot - {}
RESULT: {}
RESULT: {}
COMMAND: POST /session/fdb2eb18e9de7f55d42e953fc9ac8efb/execute/async - {"script":"<script> [1562 bytes]","args":[{"selector":{"id":"application-managepartners-display-component---masterPtm--smartFilterBar-btnBasicSearch","interaction":{"idSuffix":"I"}},"wdio_ui5_key":"applicationmanagepartners-display-component---masterPtm--smartFilterBar-btnBasicSearch"}]}
RESULT: {"script":"<script> [1562 bytes]","args":[{"selector":{"id":"application-managepartners-display-component---masterPtm--smartFilterBar-btnBasicSearch","interaction":{"idSuffix":"I"}},"wdio_ui5_key":"applicationmanagepartners-display-component---masterPtm--smartFilterBar-btnBasicSearch"}]}
RESULT: undefined
COMMAND: POST /session/fdb2eb18e9de7f55d42e953fc9ac8efb/execute/async - {"script":"<script> [776 bytes]","args":[{"enterText":"1387","selector":{"id":"application-managepartners-display-component---masterPtm--smartFilterBar-btnBasicSearch","interaction":{"idSuffix":"I"}},"clearTextFirst":true,"interactionType":"ENTER_TEXT"}]}
RESULT: {"script":"<script> [776 bytes]","args":[{"enterText":"1387","selector":{"id":"application-managepartners-display-component---masterPtm--smartFilterBar-btnBasicSearch","interaction":{"idSuffix":"I"}},"clearTextFirst":true,"interactionType":"ENTER_TEXT"}]}
COMMAND: POST /session/fdb2eb18e9de7f55d42e953fc9ac8efb/actions - {"actions":[{"id":"action4","type":"key","parameters":{},"actions":[{"type":"keyDown","value":"î€‡"},{"type":"pause","duration":10},{"type":"keyUp","value":"î€‡"}]}]}
RESULT: {"actions":[{"id":"action4","type":"key","parameters":{},"actions":[{"type":"keyDown","value":"î€‡"},{"type":"pause","duration":10},{"type":"keyUp","value":"î€‡"}]}]}
COMMAND: GET /session/fdb2eb18e9de7f55d42e953fc9ac8efb/screenshot - {}
RESULT: {}
COMMAND: POST /session/fdb2eb18e9de7f55d42e953fc9ac8efb/elements - {"using":"xpath","value":"//table[contains(@id, \"customPartnersTable-listUl\")]/tbody/tr"}
RESULT: {"using":"xpath","value":"//table[contains(@id, \"customPartnersTable-listUl\")]/tbody/tr"}
COMMAND: POST /session/fdb2eb18e9de7f55d42e953fc9ac8efb/element - {"using":"xpath","value":"//table[contains(@id, \"customPartnersTable-listUl\")]/tbody/tr[1]/td[3]/span"}
RESULT: {"using":"xpath","value":"//table[contains(@id, \"customPartnersTable-listUl\")]/tbody/tr[1]/td[3]/span"}
COMMAND: POST /session/fdb2eb18e9de7f55d42e953fc9ac8efb/elements - {"using":"xpath","value":"//table[contains(@id, \"customPartnersTable-listUl\")]/tbody/tr[1]/td[3]/span"}
RESULT: {"using":"xpath","value":"//table[contains(@id, \"customPartnersTable-listUl\")]/tbody/tr[1]/td[3]/span"}
COMMAND: POST /session/fdb2eb18e9de7f55d42e953fc9ac8efb/execute/sync - {"script":"<script> [56 bytes]","args":[{"element-6066-11e4-a52e-4f735466cecf":"f.65777815963AB190D0E426F0C4C24000.d.B0EDCB096A0B6960D024AE83A0EF98FC.e.2356","ELEMENT":"f.65777815963AB190D0E426F0C4C24000.d.B0EDCB096A0B6960D024AE83A0EF98FC.e.2356"}]}
RESULT: {"script":"<script> [56 bytes]","args":[{"element-6066-11e4-a52e-4f735466cecf":"f.65777815963AB190D0E426F0C4C24000.d.B0EDCB096A0B6960D024AE83A0EF98FC.e.2356","ELEMENT":"f.65777815963AB190D0E426F0C4C24000.d.B0EDCB096A0B6960D024AE83A0EF98FC.e.2356"}]}
COMMAND: POST /session/fdb2eb18e9de7f55d42e953fc9ac8efb/element - {"using":"xpath","value":"//table[contains(@id, \"customPartnersTable-listUl\")]/tbody/tr[1]/td[7]/div/span"}
COMMAND: GET /session/fdb2eb18e9de7f55d42e953fc9ac8efb/screenshot - {}
RESULT: {"using":"xpath","value":"//table[contains(@id, \"customPartnersTable-listUl\")]/tbody/tr[1]/td[7]/div/span"}
COMMAND: POST /session/fdb2eb18e9de7f55d42e953fc9ac8efb/execute/sync - {"script":"<script> [56 bytes]","args":[{"element-6066-11e4-a52e-4f735466cecf":"f.65777815963AB190D0E426F0C4C24000.d.B0EDCB096A0B6960D024AE83A0EF98FC.e.2357","ELEMENT":"f.65777815963AB190D0E426F0C4C24000.d.B0EDCB096A0B6960D024AE83A0EF98FC.e.2357"}]}
RESULT: {}
RESULT: {"script":"<script> [56 bytes]","args":[{"element-6066-11e4-a52e-4f735466cecf":"f.65777815963AB190D0E426F0C4C24000.d.B0EDCB096A0B6960D024AE83A0EF98FC.e.2357","ELEMENT":"f.65777815963AB190D0E426F0C4C24000.d.B0EDCB096A0B6960D024AE83A0EF98FC.e.2357"}]}
COMMAND: POST /session/fdb2eb18e9de7f55d42e953fc9ac8efb/element - {"using":"xpath","value":"//table[contains(@id, \"customPartnersTable-listUl\")]/tbody/tr[1]/td[2]/div/div"}
COMMAND: GET /session/fdb2eb18e9de7f55d42e953fc9ac8efb/screenshot - {}
RESULT: {"using":"xpath","value":"//table[contains(@id, \"customPartnersTable-listUl\")]/tbody/tr[1]/td[2]/div/div"}
COMMAND: POST /session/fdb2eb18e9de7f55d42e953fc9ac8efb/element/f.65777815963AB190D0E426F0C4C24000.d.B0EDCB096A0B6960D024AE83A0EF98FC.e.2358/click - {}
RESULT: {}
RESULT: {}
COMMAND: GET /session/fdb2eb18e9de7f55d42e953fc9ac8efb/screenshot - {}
RESULT: {}
COMMAND: POST /session/fdb2eb18e9de7f55d42e953fc9ac8efb/element - {"using":"xpath","value":"//bdi[contains(text(), \"Deactivate\")]"}
RESULT: {"using":"xpath","value":"//bdi[contains(text(), \"Deactivate\")]"}
COMMAND: POST /session/fdb2eb18e9de7f55d42e953fc9ac8efb/element/f.65777815963AB190D0E426F0C4C24000.d.B0EDCB096A0B6960D024AE83A0EF98FC.e.2359/click - {}
RESULT: {}
COMMAND: GET /session/fdb2eb18e9de7f55d42e953fc9ac8efb/screenshot - {}
RESULT: {}
COMMAND: POST /session/fdb2eb18e9de7f55d42e953fc9ac8efb/element - {"using":"xpath","value":"//bdi[contains(text(), \"Yes\")]"}
RESULT: {"using":"xpath","value":"//bdi[contains(text(), \"Yes\")]"}
COMMAND: POST /session/fdb2eb18e9de7f55d42e953fc9ac8efb/element/f.65777815963AB190D0E426F0C4C24000.d.B0EDCB096A0B6960D024AE83A0EF98FC.e.2362/click - {}
RESULT: {}
COMMAND: GET /session/fdb2eb18e9de7f55d42e953fc9ac8efb/screenshot - {}
RESULT: {}
COMMAND: POST /session/fdb2eb18e9de7f55d42e953fc9ac8efb/element - {"using":"xpath","value":"//table[contains(@id, \"customPartnersTable-listUl\")]/tbody/tr[1]/td[7]/div/span"}
RESULT: {"using":"xpath","value":"//table[contains(@id, \"customPartnersTable-listUl\")]/tbody/tr[1]/td[7]/div/span"}
COMMAND: POST /session/fdb2eb18e9de7f55d42e953fc9ac8efb/execute/sync - {"script":"<script> [56 bytes]","args":[{"element-6066-11e4-a52e-4f735466cecf":"f.65777815963AB190D0E426F0C4C24000.d.B0EDCB096A0B6960D024AE83A0EF98FC.e.2357","ELEMENT":"f.65777815963AB190D0E426F0C4C24000.d.B0EDCB096A0B6960D024AE83A0EF98FC.e.2357"}]}
RESULT: {"script":"<script> [56 bytes]","args":[{"element-6066-11e4-a52e-4f735466cecf":"f.65777815963AB190D0E426F0C4C24000.d.B0EDCB096A0B6960D024AE83A0EF98FC.e.2357","ELEMENT":"f.65777815963AB190D0E426F0C4C24000.d.B0EDCB096A0B6960D024AE83A0EF98FC.e.2357"}]}
COMMAND: GET /session/fdb2eb18e9de7f55d42e953fc9ac8efb/screenshot - {}
RESULT: {}
COMMAND: POST /session/fdb2eb18e9de7f55d42e953fc9ac8efb/element - {"using":"css selector","value":"#shell-header-logo"}
RESULT: {"using":"css selector","value":"#shell-header-logo"}
COMMAND: POST /session/fdb2eb18e9de7f55d42e953fc9ac8efb/element/f.65777815963AB190D0E426F0C4C24000.d.B0EDCB096A0B6960D024AE83A0EF98FC.e.2174/click - {}
RESULT: {}
COMMAND: GET /session/fdb2eb18e9de7f55d42e953fc9ac8efb/screenshot - {}
RESULT: {}
]]></system-out>
    </testcase>
    <testcase classname="chrome.135_0_7049_96.windows.Partner_specific_tests_US150819_US151080_US151654_US151176_US103444_US151078_US151079_US151109_US151174_US151175_US151189" name="Should activate the created partner again US151176" time="54.503">
      <system-out><![CDATA[
COMMAND: POST /session/fdb2eb18e9de7f55d42e953fc9ac8efb/element - {"using":"xpath","value":"//li[.//span[text()=\"Manage Partners\"]]"}
RESULT: {"using":"xpath","value":"//li[.//span[text()=\"Manage Partners\"]]"}
COMMAND: POST /session/fdb2eb18e9de7f55d42e953fc9ac8efb/element - {"using":"xpath","value":"//li[.//span[text()=\"Manage Partners\"]]"}
RESULT: {"using":"xpath","value":"//li[.//span[text()=\"Manage Partners\"]]"}
COMMAND: POST /session/fdb2eb18e9de7f55d42e953fc9ac8efb/element - {"using":"css selector","value":"#shell-header-logo"}
RESULT: {"using":"css selector","value":"#shell-header-logo"}
COMMAND: POST /session/fdb2eb18e9de7f55d42e953fc9ac8efb/element/f.65777815963AB190D0E426F0C4C24000.d.B0EDCB096A0B6960D024AE83A0EF98FC.e.2365/click - {}
COMMAND: POST /session/fdb2eb18e9de7f55d42e953fc9ac8efb/execute/sync - {"script":"<script> [8489 bytes]","args":[{"element-6066-11e4-a52e-4f735466cecf":"f.65777815963AB190D0E426F0C4C24000.d.B0EDCB096A0B6960D024AE83A0EF98FC.e.2365","ELEMENT":"f.65777815963AB190D0E426F0C4C24000.d.B0EDCB096A0B6960D024AE83A0EF98FC.e.2365"}]}
RESULT: {}
COMMAND: GET /session/fdb2eb18e9de7f55d42e953fc9ac8efb/screenshot - {}
RESULT: {"script":"<script> [8489 bytes]","args":[{"element-6066-11e4-a52e-4f735466cecf":"f.65777815963AB190D0E426F0C4C24000.d.B0EDCB096A0B6960D024AE83A0EF98FC.e.2365","ELEMENT":"f.65777815963AB190D0E426F0C4C24000.d.B0EDCB096A0B6960D024AE83A0EF98FC.e.2365"}]}
COMMAND: POST /session/fdb2eb18e9de7f55d42e953fc9ac8efb/execute/sync - {"script":"<script> [5351 bytes]","args":[{"element-6066-11e4-a52e-4f735466cecf":"f.65777815963AB190D0E426F0C4C24000.d.B0EDCB096A0B6960D024AE83A0EF98FC.e.2365","ELEMENT":"f.65777815963AB190D0E426F0C4C24000.d.B0EDCB096A0B6960D024AE83A0EF98FC.e.2365"}]}
COMMAND: GET /session/fdb2eb18e9de7f55d42e953fc9ac8efb/screenshot - {}
RESULT: {}
RESULT: {"script":"<script> [5351 bytes]","args":[{"element-6066-11e4-a52e-4f735466cecf":"f.65777815963AB190D0E426F0C4C24000.d.B0EDCB096A0B6960D024AE83A0EF98FC.e.2365","ELEMENT":"f.65777815963AB190D0E426F0C4C24000.d.B0EDCB096A0B6960D024AE83A0EF98FC.e.2365"}]}
COMMAND: GET /session/fdb2eb18e9de7f55d42e953fc9ac8efb/screenshot - {}
RESULT: {}
RESULT: {}
RESULT: undefined
COMMAND: POST /session/fdb2eb18e9de7f55d42e953fc9ac8efb/element - {"using":"xpath","value":"//*[@id=\"__tile38\"]"}
RESULT: {"using":"xpath","value":"//*[@id=\"__tile38\"]"}
COMMAND: POST /session/fdb2eb18e9de7f55d42e953fc9ac8efb/element/f.65777815963AB190D0E426F0C4C24000.d.B0EDCB096A0B6960D024AE83A0EF98FC.e.153/click - {}
RESULT: {}
COMMAND: POST /session/fdb2eb18e9de7f55d42e953fc9ac8efb/element - {"using":"xpath","value":"//button[@data-kt=\"addButton\"]"}
COMMAND: GET /session/fdb2eb18e9de7f55d42e953fc9ac8efb/screenshot - {}
RESULT: {"using":"xpath","value":"//button[@data-kt=\"addButton\"]"}
COMMAND: POST /session/fdb2eb18e9de7f55d42e953fc9ac8efb/elements - {"using":"xpath","value":"//button[@data-kt=\"addButton\"]"}
RESULT: {}
RESULT: {"using":"xpath","value":"//button[@data-kt=\"addButton\"]"}
COMMAND: POST /session/fdb2eb18e9de7f55d42e953fc9ac8efb/element - {"using":"xpath","value":"//button[@data-kt=\"addButton\"]"}
RESULT: {"using":"xpath","value":"//button[@data-kt=\"addButton\"]"}
COMMAND: POST /session/fdb2eb18e9de7f55d42e953fc9ac8efb/execute/sync - {"script":"<script> [8489 bytes]","args":[{"element-6066-11e4-a52e-4f735466cecf":"f.65777815963AB190D0E426F0C4C24000.d.B0EDCB096A0B6960D024AE83A0EF98FC.e.2400","ELEMENT":"f.65777815963AB190D0E426F0C4C24000.d.B0EDCB096A0B6960D024AE83A0EF98FC.e.2400"}]}
RESULT: {"script":"<script> [8489 bytes]","args":[{"element-6066-11e4-a52e-4f735466cecf":"f.65777815963AB190D0E426F0C4C24000.d.B0EDCB096A0B6960D024AE83A0EF98FC.e.2400","ELEMENT":"f.65777815963AB190D0E426F0C4C24000.d.B0EDCB096A0B6960D024AE83A0EF98FC.e.2400"}]}
COMMAND: GET /session/fdb2eb18e9de7f55d42e953fc9ac8efb/element/f.65777815963AB190D0E426F0C4C24000.d.B0EDCB096A0B6960D024AE83A0EF98FC.e.2400/enabled - {}
COMMAND: GET /session/fdb2eb18e9de7f55d42e953fc9ac8efb/screenshot - {}
RESULT: {}
COMMAND: POST /session/fdb2eb18e9de7f55d42e953fc9ac8efb/execute/sync - {"script":"<script> [8489 bytes]","args":[{"element-6066-11e4-a52e-4f735466cecf":"f.65777815963AB190D0E426F0C4C24000.d.B0EDCB096A0B6960D024AE83A0EF98FC.e.2400","ELEMENT":"f.65777815963AB190D0E426F0C4C24000.d.B0EDCB096A0B6960D024AE83A0EF98FC.e.2400"}]}
COMMAND: GET /session/fdb2eb18e9de7f55d42e953fc9ac8efb/screenshot - {}
RESULT: {}
RESULT: {"script":"<script> [8489 bytes]","args":[{"element-6066-11e4-a52e-4f735466cecf":"f.65777815963AB190D0E426F0C4C24000.d.B0EDCB096A0B6960D024AE83A0EF98FC.e.2400","ELEMENT":"f.65777815963AB190D0E426F0C4C24000.d.B0EDCB096A0B6960D024AE83A0EF98FC.e.2400"}]}
COMMAND: POST /session/fdb2eb18e9de7f55d42e953fc9ac8efb/execute/sync - {"script":"<script> [5351 bytes]","args":[{"element-6066-11e4-a52e-4f735466cecf":"f.65777815963AB190D0E426F0C4C24000.d.B0EDCB096A0B6960D024AE83A0EF98FC.e.2400","ELEMENT":"f.65777815963AB190D0E426F0C4C24000.d.B0EDCB096A0B6960D024AE83A0EF98FC.e.2400"}]}
COMMAND: GET /session/fdb2eb18e9de7f55d42e953fc9ac8efb/screenshot - {}
RESULT: {}
RESULT: {"script":"<script> [5351 bytes]","args":[{"element-6066-11e4-a52e-4f735466cecf":"f.65777815963AB190D0E426F0C4C24000.d.B0EDCB096A0B6960D024AE83A0EF98FC.e.2400","ELEMENT":"f.65777815963AB190D0E426F0C4C24000.d.B0EDCB096A0B6960D024AE83A0EF98FC.e.2400"}]}
COMMAND: GET /session/fdb2eb18e9de7f55d42e953fc9ac8efb/screenshot - {}
RESULT: {}
RESULT: {}
RESULT: undefined
COMMAND: POST /session/fdb2eb18e9de7f55d42e953fc9ac8efb/execute/async - {"script":"<script> [776 bytes]","args":[{"enterText":"1387","selector":{"id":"application-managepartners-display-component---masterPtm--smartFilterBar-btnBasicSearch","interaction":{"idSuffix":"I"}},"clearTextFirst":true,"interactionType":"ENTER_TEXT"}]}
RESULT: {"script":"<script> [776 bytes]","args":[{"enterText":"1387","selector":{"id":"application-managepartners-display-component---masterPtm--smartFilterBar-btnBasicSearch","interaction":{"idSuffix":"I"}},"clearTextFirst":true,"interactionType":"ENTER_TEXT"}]}
COMMAND: POST /session/fdb2eb18e9de7f55d42e953fc9ac8efb/actions - {"actions":[{"id":"action5","type":"key","parameters":{},"actions":[{"type":"keyDown","value":"î€‡"},{"type":"pause","duration":10},{"type":"keyUp","value":"î€‡"}]}]}
RESULT: {"actions":[{"id":"action5","type":"key","parameters":{},"actions":[{"type":"keyDown","value":"î€‡"},{"type":"pause","duration":10},{"type":"keyUp","value":"î€‡"}]}]}
COMMAND: GET /session/fdb2eb18e9de7f55d42e953fc9ac8efb/screenshot - {}
RESULT: {}
COMMAND: POST /session/fdb2eb18e9de7f55d42e953fc9ac8efb/elements - {"using":"xpath","value":"//table[contains(@id, \"customPartnersTable-listUl\")]/tbody/tr"}
RESULT: {"using":"xpath","value":"//table[contains(@id, \"customPartnersTable-listUl\")]/tbody/tr"}
COMMAND: POST /session/fdb2eb18e9de7f55d42e953fc9ac8efb/element - {"using":"xpath","value":"//table[contains(@id, \"customPartnersTable-listUl\")]/tbody/tr[1]/td[3]/span"}
RESULT: {"using":"xpath","value":"//table[contains(@id, \"customPartnersTable-listUl\")]/tbody/tr[1]/td[3]/span"}
COMMAND: POST /session/fdb2eb18e9de7f55d42e953fc9ac8efb/elements - {"using":"xpath","value":"//table[contains(@id, \"customPartnersTable-listUl\")]/tbody/tr[1]/td[3]/span"}
RESULT: {"using":"xpath","value":"//table[contains(@id, \"customPartnersTable-listUl\")]/tbody/tr[1]/td[3]/span"}
COMMAND: POST /session/fdb2eb18e9de7f55d42e953fc9ac8efb/execute/sync - {"script":"<script> [56 bytes]","args":[{"element-6066-11e4-a52e-4f735466cecf":"f.65777815963AB190D0E426F0C4C24000.d.B0EDCB096A0B6960D024AE83A0EF98FC.e.2548","ELEMENT":"f.65777815963AB190D0E426F0C4C24000.d.B0EDCB096A0B6960D024AE83A0EF98FC.e.2548"}]}
RESULT: {"script":"<script> [56 bytes]","args":[{"element-6066-11e4-a52e-4f735466cecf":"f.65777815963AB190D0E426F0C4C24000.d.B0EDCB096A0B6960D024AE83A0EF98FC.e.2548","ELEMENT":"f.65777815963AB190D0E426F0C4C24000.d.B0EDCB096A0B6960D024AE83A0EF98FC.e.2548"}]}
COMMAND: POST /session/fdb2eb18e9de7f55d42e953fc9ac8efb/element - {"using":"xpath","value":"//table[contains(@id, \"customPartnersTable-listUl\")]/tbody/tr[1]/td[7]/div/span"}
COMMAND: GET /session/fdb2eb18e9de7f55d42e953fc9ac8efb/screenshot - {}
RESULT: {}
RESULT: {"using":"xpath","value":"//table[contains(@id, \"customPartnersTable-listUl\")]/tbody/tr[1]/td[7]/div/span"}
COMMAND: POST /session/fdb2eb18e9de7f55d42e953fc9ac8efb/execute/sync - {"script":"<script> [56 bytes]","args":[{"element-6066-11e4-a52e-4f735466cecf":"f.65777815963AB190D0E426F0C4C24000.d.B0EDCB096A0B6960D024AE83A0EF98FC.e.2549","ELEMENT":"f.65777815963AB190D0E426F0C4C24000.d.B0EDCB096A0B6960D024AE83A0EF98FC.e.2549"}]}
RESULT: {"script":"<script> [56 bytes]","args":[{"element-6066-11e4-a52e-4f735466cecf":"f.65777815963AB190D0E426F0C4C24000.d.B0EDCB096A0B6960D024AE83A0EF98FC.e.2549","ELEMENT":"f.65777815963AB190D0E426F0C4C24000.d.B0EDCB096A0B6960D024AE83A0EF98FC.e.2549"}]}
COMMAND: POST /session/fdb2eb18e9de7f55d42e953fc9ac8efb/element - {"using":"xpath","value":"//table[contains(@id, \"customPartnersTable-listUl\")]/tbody/tr[1]/td[2]/div/div"}
COMMAND: GET /session/fdb2eb18e9de7f55d42e953fc9ac8efb/screenshot - {}
RESULT: {"using":"xpath","value":"//table[contains(@id, \"customPartnersTable-listUl\")]/tbody/tr[1]/td[2]/div/div"}
COMMAND: POST /session/fdb2eb18e9de7f55d42e953fc9ac8efb/element/f.65777815963AB190D0E426F0C4C24000.d.B0EDCB096A0B6960D024AE83A0EF98FC.e.2550/click - {}
RESULT: {}
RESULT: {}
COMMAND: GET /session/fdb2eb18e9de7f55d42e953fc9ac8efb/screenshot - {}
RESULT: {}
COMMAND: POST /session/fdb2eb18e9de7f55d42e953fc9ac8efb/element - {"using":"xpath","value":"//bdi[contains(text(), \"Activate\")]"}
RESULT: {"using":"xpath","value":"//bdi[contains(text(), \"Activate\")]"}
COMMAND: POST /session/fdb2eb18e9de7f55d42e953fc9ac8efb/element/f.65777815963AB190D0E426F0C4C24000.d.B0EDCB096A0B6960D024AE83A0EF98FC.e.2551/click - {}
RESULT: {}
COMMAND: GET /session/fdb2eb18e9de7f55d42e953fc9ac8efb/screenshot - {}
RESULT: {}
COMMAND: POST /session/fdb2eb18e9de7f55d42e953fc9ac8efb/element - {"using":"xpath","value":"//bdi[contains(text(), \"Yes\")]"}
RESULT: {"using":"xpath","value":"//bdi[contains(text(), \"Yes\")]"}
COMMAND: POST /session/fdb2eb18e9de7f55d42e953fc9ac8efb/element/f.65777815963AB190D0E426F0C4C24000.d.B0EDCB096A0B6960D024AE83A0EF98FC.e.2553/click - {}
RESULT: {}
COMMAND: GET /session/fdb2eb18e9de7f55d42e953fc9ac8efb/screenshot - {}
RESULT: {}
COMMAND: POST /session/fdb2eb18e9de7f55d42e953fc9ac8efb/element - {"using":"xpath","value":"//table[contains(@id, \"customPartnersTable-listUl\")]/tbody/tr[1]/td[7]/div/span"}
RESULT: {"using":"xpath","value":"//table[contains(@id, \"customPartnersTable-listUl\")]/tbody/tr[1]/td[7]/div/span"}
COMMAND: POST /session/fdb2eb18e9de7f55d42e953fc9ac8efb/execute/sync - {"script":"<script> [56 bytes]","args":[{"element-6066-11e4-a52e-4f735466cecf":"f.65777815963AB190D0E426F0C4C24000.d.B0EDCB096A0B6960D024AE83A0EF98FC.e.2549","ELEMENT":"f.65777815963AB190D0E426F0C4C24000.d.B0EDCB096A0B6960D024AE83A0EF98FC.e.2549"}]}
RESULT: {"script":"<script> [56 bytes]","args":[{"element-6066-11e4-a52e-4f735466cecf":"f.65777815963AB190D0E426F0C4C24000.d.B0EDCB096A0B6960D024AE83A0EF98FC.e.2549","ELEMENT":"f.65777815963AB190D0E426F0C4C24000.d.B0EDCB096A0B6960D024AE83A0EF98FC.e.2549"}]}
COMMAND: GET /session/fdb2eb18e9de7f55d42e953fc9ac8efb/screenshot - {}
RESULT: {}
COMMAND: POST /session/fdb2eb18e9de7f55d42e953fc9ac8efb/element - {"using":"css selector","value":"#shell-header-logo"}
RESULT: {"using":"css selector","value":"#shell-header-logo"}
COMMAND: POST /session/fdb2eb18e9de7f55d42e953fc9ac8efb/element/f.65777815963AB190D0E426F0C4C24000.d.B0EDCB096A0B6960D024AE83A0EF98FC.e.2365/click - {}
RESULT: {}
COMMAND: GET /session/fdb2eb18e9de7f55d42e953fc9ac8efb/screenshot - {}
RESULT: {}
]]></system-out>
    </testcase>
    <testcase classname="chrome.135_0_7049_96.windows.Partner_specific_tests_US150819_US151080_US151654_US151176_US103444_US151078_US151079_US151109_US151174_US151175_US151189" name="Should edit the created external partner and save it and check its content US103444" time="63.702">
      <system-out><![CDATA[
COMMAND: POST /session/fdb2eb18e9de7f55d42e953fc9ac8efb/element - {"using":"xpath","value":"//li[.//span[text()=\"Manage Partners\"]]"}
RESULT: {"using":"xpath","value":"//li[.//span[text()=\"Manage Partners\"]]"}
COMMAND: POST /session/fdb2eb18e9de7f55d42e953fc9ac8efb/element - {"using":"xpath","value":"//li[.//span[text()=\"Manage Partners\"]]"}
RESULT: {"using":"xpath","value":"//li[.//span[text()=\"Manage Partners\"]]"}
COMMAND: POST /session/fdb2eb18e9de7f55d42e953fc9ac8efb/element - {"using":"css selector","value":"#shell-header-logo"}
RESULT: {"using":"css selector","value":"#shell-header-logo"}
COMMAND: POST /session/fdb2eb18e9de7f55d42e953fc9ac8efb/element/f.65777815963AB190D0E426F0C4C24000.d.B0EDCB096A0B6960D024AE83A0EF98FC.e.2557/click - {}
COMMAND: POST /session/fdb2eb18e9de7f55d42e953fc9ac8efb/execute/sync - {"script":"<script> [8489 bytes]","args":[{"element-6066-11e4-a52e-4f735466cecf":"f.65777815963AB190D0E426F0C4C24000.d.B0EDCB096A0B6960D024AE83A0EF98FC.e.2557","ELEMENT":"f.65777815963AB190D0E426F0C4C24000.d.B0EDCB096A0B6960D024AE83A0EF98FC.e.2557"}]}
RESULT: {}
COMMAND: GET /session/fdb2eb18e9de7f55d42e953fc9ac8efb/screenshot - {}
RESULT: {"script":"<script> [8489 bytes]","args":[{"element-6066-11e4-a52e-4f735466cecf":"f.65777815963AB190D0E426F0C4C24000.d.B0EDCB096A0B6960D024AE83A0EF98FC.e.2557","ELEMENT":"f.65777815963AB190D0E426F0C4C24000.d.B0EDCB096A0B6960D024AE83A0EF98FC.e.2557"}]}
COMMAND: POST /session/fdb2eb18e9de7f55d42e953fc9ac8efb/execute/sync - {"script":"<script> [5351 bytes]","args":[{"element-6066-11e4-a52e-4f735466cecf":"f.65777815963AB190D0E426F0C4C24000.d.B0EDCB096A0B6960D024AE83A0EF98FC.e.2557","ELEMENT":"f.65777815963AB190D0E426F0C4C24000.d.B0EDCB096A0B6960D024AE83A0EF98FC.e.2557"}]}
COMMAND: GET /session/fdb2eb18e9de7f55d42e953fc9ac8efb/screenshot - {}
RESULT: {}
RESULT: {"script":"<script> [5351 bytes]","args":[{"element-6066-11e4-a52e-4f735466cecf":"f.65777815963AB190D0E426F0C4C24000.d.B0EDCB096A0B6960D024AE83A0EF98FC.e.2557","ELEMENT":"f.65777815963AB190D0E426F0C4C24000.d.B0EDCB096A0B6960D024AE83A0EF98FC.e.2557"}]}
COMMAND: GET /session/fdb2eb18e9de7f55d42e953fc9ac8efb/screenshot - {}
RESULT: {}
RESULT: {}
RESULT: undefined
COMMAND: POST /session/fdb2eb18e9de7f55d42e953fc9ac8efb/element - {"using":"xpath","value":"//*[@id=\"__tile38\"]"}
RESULT: {"using":"xpath","value":"//*[@id=\"__tile38\"]"}
COMMAND: POST /session/fdb2eb18e9de7f55d42e953fc9ac8efb/element/f.65777815963AB190D0E426F0C4C24000.d.B0EDCB096A0B6960D024AE83A0EF98FC.e.153/click - {}
RESULT: {}
COMMAND: POST /session/fdb2eb18e9de7f55d42e953fc9ac8efb/element - {"using":"xpath","value":"//button[@data-kt=\"addButton\"]"}
COMMAND: GET /session/fdb2eb18e9de7f55d42e953fc9ac8efb/screenshot - {}
RESULT: {"using":"xpath","value":"//button[@data-kt=\"addButton\"]"}
COMMAND: POST /session/fdb2eb18e9de7f55d42e953fc9ac8efb/elements - {"using":"xpath","value":"//button[@data-kt=\"addButton\"]"}
RESULT: {}
RESULT: {"using":"xpath","value":"//button[@data-kt=\"addButton\"]"}
COMMAND: POST /session/fdb2eb18e9de7f55d42e953fc9ac8efb/element - {"using":"xpath","value":"//button[@data-kt=\"addButton\"]"}
RESULT: {"using":"xpath","value":"//button[@data-kt=\"addButton\"]"}
COMMAND: POST /session/fdb2eb18e9de7f55d42e953fc9ac8efb/execute/sync - {"script":"<script> [8489 bytes]","args":[{"element-6066-11e4-a52e-4f735466cecf":"f.65777815963AB190D0E426F0C4C24000.d.B0EDCB096A0B6960D024AE83A0EF98FC.e.2592","ELEMENT":"f.65777815963AB190D0E426F0C4C24000.d.B0EDCB096A0B6960D024AE83A0EF98FC.e.2592"}]}
RESULT: {"script":"<script> [8489 bytes]","args":[{"element-6066-11e4-a52e-4f735466cecf":"f.65777815963AB190D0E426F0C4C24000.d.B0EDCB096A0B6960D024AE83A0EF98FC.e.2592","ELEMENT":"f.65777815963AB190D0E426F0C4C24000.d.B0EDCB096A0B6960D024AE83A0EF98FC.e.2592"}]}
COMMAND: GET /session/fdb2eb18e9de7f55d42e953fc9ac8efb/element/f.65777815963AB190D0E426F0C4C24000.d.B0EDCB096A0B6960D024AE83A0EF98FC.e.2592/enabled - {}
COMMAND: GET /session/fdb2eb18e9de7f55d42e953fc9ac8efb/screenshot - {}
RESULT: {}
COMMAND: POST /session/fdb2eb18e9de7f55d42e953fc9ac8efb/execute/sync - {"script":"<script> [8489 bytes]","args":[{"element-6066-11e4-a52e-4f735466cecf":"f.65777815963AB190D0E426F0C4C24000.d.B0EDCB096A0B6960D024AE83A0EF98FC.e.2592","ELEMENT":"f.65777815963AB190D0E426F0C4C24000.d.B0EDCB096A0B6960D024AE83A0EF98FC.e.2592"}]}
COMMAND: GET /session/fdb2eb18e9de7f55d42e953fc9ac8efb/screenshot - {}
RESULT: {}
RESULT: {"script":"<script> [8489 bytes]","args":[{"element-6066-11e4-a52e-4f735466cecf":"f.65777815963AB190D0E426F0C4C24000.d.B0EDCB096A0B6960D024AE83A0EF98FC.e.2592","ELEMENT":"f.65777815963AB190D0E426F0C4C24000.d.B0EDCB096A0B6960D024AE83A0EF98FC.e.2592"}]}
COMMAND: POST /session/fdb2eb18e9de7f55d42e953fc9ac8efb/execute/sync - {"script":"<script> [5351 bytes]","args":[{"element-6066-11e4-a52e-4f735466cecf":"f.65777815963AB190D0E426F0C4C24000.d.B0EDCB096A0B6960D024AE83A0EF98FC.e.2592","ELEMENT":"f.65777815963AB190D0E426F0C4C24000.d.B0EDCB096A0B6960D024AE83A0EF98FC.e.2592"}]}
COMMAND: GET /session/fdb2eb18e9de7f55d42e953fc9ac8efb/screenshot - {}
RESULT: {}
RESULT: {"script":"<script> [5351 bytes]","args":[{"element-6066-11e4-a52e-4f735466cecf":"f.65777815963AB190D0E426F0C4C24000.d.B0EDCB096A0B6960D024AE83A0EF98FC.e.2592","ELEMENT":"f.65777815963AB190D0E426F0C4C24000.d.B0EDCB096A0B6960D024AE83A0EF98FC.e.2592"}]}
COMMAND: GET /session/fdb2eb18e9de7f55d42e953fc9ac8efb/screenshot - {}
RESULT: {}
RESULT: {}
RESULT: undefined
COMMAND: POST /session/fdb2eb18e9de7f55d42e953fc9ac8efb/execute/async - {"script":"<script> [776 bytes]","args":[{"enterText":"1387","selector":{"id":"application-managepartners-display-component---masterPtm--smartFilterBar-btnBasicSearch","interaction":{"idSuffix":"I"}},"clearTextFirst":true,"interactionType":"ENTER_TEXT"}]}
RESULT: {"script":"<script> [776 bytes]","args":[{"enterText":"1387","selector":{"id":"application-managepartners-display-component---masterPtm--smartFilterBar-btnBasicSearch","interaction":{"idSuffix":"I"}},"clearTextFirst":true,"interactionType":"ENTER_TEXT"}]}
COMMAND: POST /session/fdb2eb18e9de7f55d42e953fc9ac8efb/actions - {"actions":[{"id":"action6","type":"key","parameters":{},"actions":[{"type":"keyDown","value":"î€‡"},{"type":"pause","duration":10},{"type":"keyUp","value":"î€‡"}]}]}
RESULT: {"actions":[{"id":"action6","type":"key","parameters":{},"actions":[{"type":"keyDown","value":"î€‡"},{"type":"pause","duration":10},{"type":"keyUp","value":"î€‡"}]}]}
COMMAND: GET /session/fdb2eb18e9de7f55d42e953fc9ac8efb/screenshot - {}
RESULT: {}
COMMAND: POST /session/fdb2eb18e9de7f55d42e953fc9ac8efb/elements - {"using":"xpath","value":"//table[contains(@id, \"customPartnersTable-listUl\")]/tbody/tr"}
RESULT: {"using":"xpath","value":"//table[contains(@id, \"customPartnersTable-listUl\")]/tbody/tr"}
COMMAND: POST /session/fdb2eb18e9de7f55d42e953fc9ac8efb/element - {"using":"xpath","value":"//table[contains(@id, \"customPartnersTable-listUl\")]/tbody/tr[1]/td[3]/span"}
RESULT: {"using":"xpath","value":"//table[contains(@id, \"customPartnersTable-listUl\")]/tbody/tr[1]/td[3]/span"}
COMMAND: POST /session/fdb2eb18e9de7f55d42e953fc9ac8efb/elements - {"using":"xpath","value":"//table[contains(@id, \"customPartnersTable-listUl\")]/tbody/tr[1]/td[3]/span"}
RESULT: {"using":"xpath","value":"//table[contains(@id, \"customPartnersTable-listUl\")]/tbody/tr[1]/td[3]/span"}
COMMAND: POST /session/fdb2eb18e9de7f55d42e953fc9ac8efb/execute/sync - {"script":"<script> [56 bytes]","args":[{"element-6066-11e4-a52e-4f735466cecf":"f.65777815963AB190D0E426F0C4C24000.d.B0EDCB096A0B6960D024AE83A0EF98FC.e.2741","ELEMENT":"f.65777815963AB190D0E426F0C4C24000.d.B0EDCB096A0B6960D024AE83A0EF98FC.e.2741"}]}
RESULT: {"script":"<script> [56 bytes]","args":[{"element-6066-11e4-a52e-4f735466cecf":"f.65777815963AB190D0E426F0C4C24000.d.B0EDCB096A0B6960D024AE83A0EF98FC.e.2741","ELEMENT":"f.65777815963AB190D0E426F0C4C24000.d.B0EDCB096A0B6960D024AE83A0EF98FC.e.2741"}]}
COMMAND: POST /session/fdb2eb18e9de7f55d42e953fc9ac8efb/element - {"using":"xpath","value":"(//span[contains(@id, \"imgNav\")])[1]"}
COMMAND: GET /session/fdb2eb18e9de7f55d42e953fc9ac8efb/screenshot - {}
RESULT: {"using":"xpath","value":"(//span[contains(@id, \"imgNav\")])[1]"}
COMMAND: POST /session/fdb2eb18e9de7f55d42e953fc9ac8efb/element/f.65777815963AB190D0E426F0C4C24000.d.B0EDCB096A0B6960D024AE83A0EF98FC.e.2739/click - {}
RESULT: {}
RESULT: {}
COMMAND: GET /session/fdb2eb18e9de7f55d42e953fc9ac8efb/screenshot - {}
RESULT: {}
COMMAND: POST /session/fdb2eb18e9de7f55d42e953fc9ac8efb/element - {"using":"xpath","value":"//bdi[contains(text(), \"Edit\")]"}
RESULT: {"using":"xpath","value":"//bdi[contains(text(), \"Edit\")]"}
COMMAND: POST /session/fdb2eb18e9de7f55d42e953fc9ac8efb/element/f.65777815963AB190D0E426F0C4C24000.d.B0EDCB096A0B6960D024AE83A0EF98FC.e.2881/click - {}
RESULT: {}
COMMAND: GET /session/fdb2eb18e9de7f55d42e953fc9ac8efb/screenshot - {}
RESULT: {}
COMMAND: POST /session/fdb2eb18e9de7f55d42e953fc9ac8efb/execute/async - {"script":"<script> [1562 bytes]","args":[{"selector":{"controlType":"sap.m.Input","viewName":"etm.portal.ui.managepartners.view.EditDetail","labelFor":{"text":"Name"},"interaction":{"idSuffix":"inner"}},"wdio_ui5_key":"etmportal.ui.managepartners.view.EditDetailsap.m.Input{\"text\":\"Name\"}"}]}
RESULT: {"script":"<script> [1562 bytes]","args":[{"selector":{"controlType":"sap.m.Input","viewName":"etm.portal.ui.managepartners.view.EditDetail","labelFor":{"text":"Name"},"interaction":{"idSuffix":"inner"}},"wdio_ui5_key":"etmportal.ui.managepartners.view.EditDetailsap.m.Input{\"text\":\"Name\"}"}]}
RESULT: undefined
COMMAND: POST /session/fdb2eb18e9de7f55d42e953fc9ac8efb/execute/async - {"script":"<script> [776 bytes]","args":[{"enterText":"External EDIT","selector":{"controlType":"sap.m.Input","viewName":"etm.portal.ui.managepartners.view.EditDetail","labelFor":{"text":"Name"},"interaction":{"idSuffix":"inner"}},"clearTextFirst":true,"interactionType":"ENTER_TEXT"}]}
RESULT: {"script":"<script> [776 bytes]","args":[{"enterText":"External EDIT","selector":{"controlType":"sap.m.Input","viewName":"etm.portal.ui.managepartners.view.EditDetail","labelFor":{"text":"Name"},"interaction":{"idSuffix":"inner"}},"clearTextFirst":true,"interactionType":"ENTER_TEXT"}]}
COMMAND: POST /session/fdb2eb18e9de7f55d42e953fc9ac8efb/element - {"using":"xpath","value":"(//span[contains(@id,\"addressDetailDetailsLanguage-arrow\")])[1]"}
RESULT: {"using":"xpath","value":"(//span[contains(@id,\"addressDetailDetailsLanguage-arrow\")])[1]"}
COMMAND: POST /session/fdb2eb18e9de7f55d42e953fc9ac8efb/element/f.65777815963AB190D0E426F0C4C24000.d.B0EDCB096A0B6960D024AE83A0EF98FC.e.2960/click - {}
RESULT: {}
COMMAND: POST /session/fdb2eb18e9de7f55d42e953fc9ac8efb/element - {"using":"xpath","value":"//span[contains(text(), \"Chinese\")]"}
COMMAND: GET /session/fdb2eb18e9de7f55d42e953fc9ac8efb/screenshot - {}
RESULT: {"using":"xpath","value":"//span[contains(text(), \"Chinese\")]"}
COMMAND: POST /session/fdb2eb18e9de7f55d42e953fc9ac8efb/element/f.65777815963AB190D0E426F0C4C24000.d.B0EDCB096A0B6960D024AE83A0EF98FC.e.2961/click - {}
RESULT: {}
RESULT: {}
COMMAND: GET /session/fdb2eb18e9de7f55d42e953fc9ac8efb/screenshot - {}
RESULT: {}
COMMAND: POST /session/fdb2eb18e9de7f55d42e953fc9ac8efb/execute/async - {"script":"<script> [1562 bytes]","args":[{"selector":{"controlType":"sap.m.Input","viewName":"etm.portal.ui.managepartners.view.EditDetail","labelFor":{"text":"City"},"interaction":{"idSuffix":"inner"}},"wdio_ui5_key":"etmportal.ui.managepartners.view.EditDetailsap.m.Input{\"text\":\"City\"}"}]}
RESULT: {"script":"<script> [1562 bytes]","args":[{"selector":{"controlType":"sap.m.Input","viewName":"etm.portal.ui.managepartners.view.EditDetail","labelFor":{"text":"City"},"interaction":{"idSuffix":"inner"}},"wdio_ui5_key":"etmportal.ui.managepartners.view.EditDetailsap.m.Input{\"text\":\"City\"}"}]}
RESULT: undefined
COMMAND: POST /session/fdb2eb18e9de7f55d42e953fc9ac8efb/execute/async - {"script":"<script> [776 bytes]","args":[{"enterText":"Clooj-Napoca","selector":{"controlType":"sap.m.Input","viewName":"etm.portal.ui.managepartners.view.EditDetail","labelFor":{"text":"City"},"interaction":{"idSuffix":"inner"}},"clearTextFirst":true,"interactionType":"ENTER_TEXT"}]}
RESULT: {"script":"<script> [776 bytes]","args":[{"enterText":"Clooj-Napoca","selector":{"controlType":"sap.m.Input","viewName":"etm.portal.ui.managepartners.view.EditDetail","labelFor":{"text":"City"},"interaction":{"idSuffix":"inner"}},"clearTextFirst":true,"interactionType":"ENTER_TEXT"}]}
COMMAND: POST /session/fdb2eb18e9de7f55d42e953fc9ac8efb/element - {"using":"xpath","value":"//button[@data-kt=\"saveButton\"]"}
RESULT: {"using":"xpath","value":"//button[@data-kt=\"saveButton\"]"}
COMMAND: POST /session/fdb2eb18e9de7f55d42e953fc9ac8efb/element/f.65777815963AB190D0E426F0C4C24000.d.B0EDCB096A0B6960D024AE83A0EF98FC.e.2943/click - {}
RESULT: {}
COMMAND: GET /session/fdb2eb18e9de7f55d42e953fc9ac8efb/screenshot - {}
RESULT: {}
COMMAND: POST /session/fdb2eb18e9de7f55d42e953fc9ac8efb/execute/async - {"script":"<script> [1562 bytes]","args":[{"selector":{"id":"application-managepartners-display-component---detailPtm--addressDetailDetailsName1"},"wdio_ui5_key":"applicationmanagepartners-display-component---detailPtm--addressDetailDetailsName1"}]}
RESULT: {"script":"<script> [1562 bytes]","args":[{"selector":{"id":"application-managepartners-display-component---detailPtm--addressDetailDetailsName1"},"wdio_ui5_key":"applicationmanagepartners-display-component---detailPtm--addressDetailDetailsName1"}]}
RESULT: undefined
COMMAND: POST /session/fdb2eb18e9de7f55d42e953fc9ac8efb/execute/async - {"script":"<script> [6424 bytes]","args":[{"element-6066-11e4-a52e-4f735466cecf":"f.65777815963AB190D0E426F0C4C24000.d.B0EDCB096A0B6960D024AE83A0EF98FC.e.2992"},"getValue",[]]}
RESULT: {"script":"<script> [6424 bytes]","args":[{"element-6066-11e4-a52e-4f735466cecf":"f.65777815963AB190D0E426F0C4C24000.d.B0EDCB096A0B6960D024AE83A0EF98FC.e.2992"},"getValue",[]]}
COMMAND: POST /session/fdb2eb18e9de7f55d42e953fc9ac8efb/element - {"using":"xpath","value":"//input[@id = \"application-managepartners-display-component---detailPtm--addressDetailDetailsLanguage-inner\"]"}
RESULT: {"using":"xpath","value":"//input[@id = \"application-managepartners-display-component---detailPtm--addressDetailDetailsLanguage-inner\"]"}
COMMAND: GET /session/fdb2eb18e9de7f55d42e953fc9ac8efb/element/f.65777815963AB190D0E426F0C4C24000.d.B0EDCB096A0B6960D024AE83A0EF98FC.e.2993/property/value - {}
RESULT: {}
COMMAND: POST /session/fdb2eb18e9de7f55d42e953fc9ac8efb/execute/async - {"script":"<script> [1562 bytes]","args":[{"selector":{"id":"application-managepartners-display-component---detailPtm--addressDetailDetailsCity1"},"wdio_ui5_key":"applicationmanagepartners-display-component---detailPtm--addressDetailDetailsCity1"}]}
COMMAND: GET /session/fdb2eb18e9de7f55d42e953fc9ac8efb/screenshot - {}
RESULT: {"script":"<script> [1562 bytes]","args":[{"selector":{"id":"application-managepartners-display-component---detailPtm--addressDetailDetailsCity1"},"wdio_ui5_key":"applicationmanagepartners-display-component---detailPtm--addressDetailDetailsCity1"}]}
RESULT: undefined
COMMAND: POST /session/fdb2eb18e9de7f55d42e953fc9ac8efb/execute/async - {"script":"<script> [6424 bytes]","args":[{"element-6066-11e4-a52e-4f735466cecf":"f.65777815963AB190D0E426F0C4C24000.d.B0EDCB096A0B6960D024AE83A0EF98FC.e.2994"},"getValue",[]]}
RESULT: {}
RESULT: {"script":"<script> [6424 bytes]","args":[{"element-6066-11e4-a52e-4f735466cecf":"f.65777815963AB190D0E426F0C4C24000.d.B0EDCB096A0B6960D024AE83A0EF98FC.e.2994"},"getValue",[]]}
COMMAND: POST /session/fdb2eb18e9de7f55d42e953fc9ac8efb/element - {"using":"css selector","value":"#shell-header-logo"}
RESULT: {"using":"css selector","value":"#shell-header-logo"}
COMMAND: POST /session/fdb2eb18e9de7f55d42e953fc9ac8efb/element/f.65777815963AB190D0E426F0C4C24000.d.B0EDCB096A0B6960D024AE83A0EF98FC.e.2557/click - {}
RESULT: {}
COMMAND: GET /session/fdb2eb18e9de7f55d42e953fc9ac8efb/screenshot - {}
RESULT: {}
]]></system-out>
    </testcase>
    <testcase classname="chrome.135_0_7049_96.windows.Partner_specific_tests_US150819_US151080_US151654_US151176_US103444_US151078_US151079_US151109_US151174_US151175_US151189" name="Should create a new intercompany partner edit some of its fields US151078" time="253.086">
      <system-out><![CDATA[
COMMAND: POST /session/fdb2eb18e9de7f55d42e953fc9ac8efb/element - {"using":"xpath","value":"//li[.//span[text()=\"Manage Partners\"]]"}
RESULT: {"using":"xpath","value":"//li[.//span[text()=\"Manage Partners\"]]"}
COMMAND: POST /session/fdb2eb18e9de7f55d42e953fc9ac8efb/element - {"using":"xpath","value":"//li[.//span[text()=\"Manage Partners\"]]"}
RESULT: {"using":"xpath","value":"//li[.//span[text()=\"Manage Partners\"]]"}
COMMAND: POST /session/fdb2eb18e9de7f55d42e953fc9ac8efb/element - {"using":"css selector","value":"#shell-header-logo"}
RESULT: {"using":"css selector","value":"#shell-header-logo"}
COMMAND: POST /session/fdb2eb18e9de7f55d42e953fc9ac8efb/element/f.65777815963AB190D0E426F0C4C24000.d.B0EDCB096A0B6960D024AE83A0EF98FC.e.3024/click - {}
COMMAND: POST /session/fdb2eb18e9de7f55d42e953fc9ac8efb/execute/sync - {"script":"<script> [8489 bytes]","args":[{"element-6066-11e4-a52e-4f735466cecf":"f.65777815963AB190D0E426F0C4C24000.d.B0EDCB096A0B6960D024AE83A0EF98FC.e.3024","ELEMENT":"f.65777815963AB190D0E426F0C4C24000.d.B0EDCB096A0B6960D024AE83A0EF98FC.e.3024"}]}
RESULT: {"script":"<script> [8489 bytes]","args":[{"element-6066-11e4-a52e-4f735466cecf":"f.65777815963AB190D0E426F0C4C24000.d.B0EDCB096A0B6960D024AE83A0EF98FC.e.3024","ELEMENT":"f.65777815963AB190D0E426F0C4C24000.d.B0EDCB096A0B6960D024AE83A0EF98FC.e.3024"}]}
COMMAND: POST /session/fdb2eb18e9de7f55d42e953fc9ac8efb/execute/sync - {"script":"<script> [5351 bytes]","args":[{"element-6066-11e4-a52e-4f735466cecf":"f.65777815963AB190D0E426F0C4C24000.d.B0EDCB096A0B6960D024AE83A0EF98FC.e.3024","ELEMENT":"f.65777815963AB190D0E426F0C4C24000.d.B0EDCB096A0B6960D024AE83A0EF98FC.e.3024"}]}
COMMAND: GET /session/fdb2eb18e9de7f55d42e953fc9ac8efb/screenshot - {}
RESULT: {}
COMMAND: GET /session/fdb2eb18e9de7f55d42e953fc9ac8efb/screenshot - {}
RESULT: {"script":"<script> [5351 bytes]","args":[{"element-6066-11e4-a52e-4f735466cecf":"f.65777815963AB190D0E426F0C4C24000.d.B0EDCB096A0B6960D024AE83A0EF98FC.e.3024","ELEMENT":"f.65777815963AB190D0E426F0C4C24000.d.B0EDCB096A0B6960D024AE83A0EF98FC.e.3024"}]}
COMMAND: GET /session/fdb2eb18e9de7f55d42e953fc9ac8efb/screenshot - {}
RESULT: {}
RESULT: {}
RESULT: {}
COMMAND: POST /session/fdb2eb18e9de7f55d42e953fc9ac8efb/refresh - {}
RESULT: {}
COMMAND: GET /session/fdb2eb18e9de7f55d42e953fc9ac8efb/screenshot - {}
RESULT: {}
COMMAND: POST /session/fdb2eb18e9de7f55d42e953fc9ac8efb/refresh - {}
RESULT: {}
COMMAND: GET /session/fdb2eb18e9de7f55d42e953fc9ac8efb/screenshot - {}
RESULT: {}
COMMAND: POST /session/fdb2eb18e9de7f55d42e953fc9ac8efb/window/fullscreen - {}
RESULT: {}
COMMAND: POST /session/fdb2eb18e9de7f55d42e953fc9ac8efb/execute/async - {"script":"<script> [189 bytes]","args":[]}
RESULT: {"script":"<script> [189 bytes]","args":[]}
COMMAND: POST /session/fdb2eb18e9de7f55d42e953fc9ac8efb/execute/async - {"script":"<script> [123 bytes]","args":[]}
RESULT: {"script":"<script> [123 bytes]","args":[]}
COMMAND: POST /session/fdb2eb18e9de7f55d42e953fc9ac8efb/timeouts - {"script":"<number>"}
RESULT: {"script":"<number>"}
COMMAND: GET /session/fdb2eb18e9de7f55d42e953fc9ac8efb/timeouts - {}
RESULT: {}
RESULT: undefined
COMMAND: POST /session/fdb2eb18e9de7f55d42e953fc9ac8efb/execute/async - {"script":"<script> [2676 bytes]","args":[]}
RESULT: {"script":"<script> [2676 bytes]","args":[]}
COMMAND: POST /session/fdb2eb18e9de7f55d42e953fc9ac8efb/execute/async - {"script":"<script> [2342 bytes]","args":[{"protocol":"http","hostname":"0.0.0.0","path":"/","capabilities":{"browserName":"chrome","goog:chromeOptions":{"binary":"C:\\Program Files\\Google\\Chrome\\Application\\chrome.exe","args":["--start-maximized"]}},"logLevel":"warn","connectionRetryTimeout":120000,"connectionRetryCount":3,"logLevels":{},"enableDirectConnect":true,"strictSSL":true,"_":"65 more keys: [\"cacheDir\",\"port\",\"requestedCapabilities\",\"automationProtocol\",\"baseUrl\",\"waitforInterval\",\"waitforTimeout\",\"onReload\",\"beforeCommand\",\"afterCommand\",\"rootDir\",\"specs\",\"suites\",\"exclude\",\"groupLogsByTestSpec\",\"excludeDriverLogs\",\"bail\",\"framework\",\"reporters\",\"services\",\"maxInstances\",\"maxInstancesPerCapability\",\"injectGlobals\",\"filesToWatch\",\"execArgv\",\"runnerEnv\",\"runner\",\"shard\",\"specFileRetries\",\"specFileRetriesDelay\",\"specFileRetriesDeferred\",\"reporterSyncInterval\",\"reporterSyncTimeout\",\"cucumberFeaturesWithLineNumbers\",\"autoCompileOpts\",\"mochaOpts\",\"jasmineOpts\",\"cucumberOpts\",\"onPrepare\",\"onWorkerStart\",\"onWorkerEnd\",\"before\",\"beforeSession\",\"beforeSuite\",\"beforeHook\",\"beforeTest\",\"afterTest\",\"afterHook\",\"afterSuite\",\"afterSession\",\"after\",\"onComplete\",\"beforeAssertion\",\"afterAssertion\",\"beforeFeature\",\"beforeScenario\",\"beforeStep\",\"afterStep\",\"afterScenario\",\"afterFeature\",\"_\",\"suite\",\"$0\",\"ignoredWorkerServices\",\"wdi5\"]"}]}
RESULT: {"script":"<script> [2342 bytes]","args":[{"protocol":"http","hostname":"0.0.0.0","path":"/","capabilities":{"browserName":"chrome","goog:chromeOptions":{"binary":"C:\\Program Files\\Google\\Chrome\\Application\\chrome.exe","args":["--start-maximized"]}},"logLevel":"warn","connectionRetryTimeout":120000,"connectionRetryCount":3,"logLevels":{},"enableDirectConnect":true,"strictSSL":true,"_":"65 more keys: [\"cacheDir\",\"port\",\"requestedCapabilities\",\"automationProtocol\",\"baseUrl\",\"waitforInterval\",\"waitforTimeout\",\"onReload\",\"beforeCommand\",\"afterCommand\",\"rootDir\",\"specs\",\"suites\",\"exclude\",\"groupLogsByTestSpec\",\"excludeDriverLogs\",\"bail\",\"framework\",\"reporters\",\"services\",\"maxInstances\",\"maxInstancesPerCapability\",\"injectGlobals\",\"filesToWatch\",\"execArgv\",\"runnerEnv\",\"runner\",\"shard\",\"specFileRetries\",\"specFileRetriesDelay\",\"specFileRetriesDeferred\",\"reporterSyncInterval\",\"reporterSyncTimeout\",\"cucumberFeaturesWithLineNumbers\",\"autoCompileOpts\",\"mochaOpts\",\"jasmineOpts\",\"cucumberOpts\",\"onPrepare\",\"onWorkerStart\",\"onWorkerEnd\",\"before\",\"beforeSession\",\"beforeSuite\",\"beforeHook\",\"beforeTest\",\"afterTest\",\"afterHook\",\"afterSuite\",\"afterSession\",\"after\",\"onComplete\",\"beforeAssertion\",\"afterAssertion\",\"beforeFeature\",\"beforeScenario\",\"beforeStep\",\"afterStep\",\"afterScenario\",\"afterFeature\",\"_\",\"suite\",\"$0\",\"ignoredWorkerServices\",\"wdi5\"]"}]}
COMMAND: POST /session/fdb2eb18e9de7f55d42e953fc9ac8efb/execute/async - {"script":"<script> [21126 bytes]","args":[35000]}
RESULT: {"script":"<script> [21126 bytes]","args":[35000]}
COMMAND: POST /session/fdb2eb18e9de7f55d42e953fc9ac8efb/window/fullscreen - {}
RESULT: {}
COMMAND: POST /session/fdb2eb18e9de7f55d42e953fc9ac8efb/window/fullscreen - {}
RESULT: {}
COMMAND: POST /session/fdb2eb18e9de7f55d42e953fc9ac8efb/execute/async - {"script":"<script> [1562 bytes]","args":[{"selector":{"controlType":"sap.m.GenericTile","properties":{"header":"Manage Partners"}},"wdio_ui5_key":"sapm.GenericTile{\"header\":\"Manage Partners\"}"}]}
RESULT: {"script":"<script> [1562 bytes]","args":[{"selector":{"controlType":"sap.m.GenericTile","properties":{"header":"Manage Partners"}},"wdio_ui5_key":"sapm.GenericTile{\"header\":\"Manage Partners\"}"}]}
RESULT: undefined
COMMAND: POST /session/fdb2eb18e9de7f55d42e953fc9ac8efb/element - {"using":"xpath","value":"//*[@id=\"__tile30\"]"}
RESULT: {"using":"xpath","value":"//*[@id=\"__tile30\"]"}
COMMAND: POST /session/fdb2eb18e9de7f55d42e953fc9ac8efb/element/f.65777815963AB190D0E426F0C4C24000.d.863A7FC8FCD72A1EFB966D3142080771.e.3087/click - {}
RESULT: {}
COMMAND: POST /session/fdb2eb18e9de7f55d42e953fc9ac8efb/element - {"using":"xpath","value":"//button[@data-kt=\"addButton\"]"}
COMMAND: GET /session/fdb2eb18e9de7f55d42e953fc9ac8efb/screenshot - {}
RESULT: {"using":"xpath","value":"//button[@data-kt=\"addButton\"]"}
COMMAND: POST /session/fdb2eb18e9de7f55d42e953fc9ac8efb/elements - {"using":"xpath","value":"//button[@data-kt=\"addButton\"]"}
RESULT: {}
RESULT: {"using":"xpath","value":"//button[@data-kt=\"addButton\"]"}
COMMAND: POST /session/fdb2eb18e9de7f55d42e953fc9ac8efb/elements - {"using":"xpath","value":"//button[@data-kt=\"addButton\"]"}
RESULT: {"using":"xpath","value":"//button[@data-kt=\"addButton\"]"}
COMMAND: POST /session/fdb2eb18e9de7f55d42e953fc9ac8efb/elements - {"using":"xpath","value":"//button[@data-kt=\"addButton\"]"}
RESULT: {"using":"xpath","value":"//button[@data-kt=\"addButton\"]"}
COMMAND: POST /session/fdb2eb18e9de7f55d42e953fc9ac8efb/elements - {"using":"xpath","value":"//button[@data-kt=\"addButton\"]"}
RESULT: {"using":"xpath","value":"//button[@data-kt=\"addButton\"]"}
COMMAND: POST /session/fdb2eb18e9de7f55d42e953fc9ac8efb/elements - {"using":"xpath","value":"//button[@data-kt=\"addButton\"]"}
RESULT: {"using":"xpath","value":"//button[@data-kt=\"addButton\"]"}
COMMAND: POST /session/fdb2eb18e9de7f55d42e953fc9ac8efb/elements - {"using":"xpath","value":"//button[@data-kt=\"addButton\"]"}
RESULT: {"using":"xpath","value":"//button[@data-kt=\"addButton\"]"}
COMMAND: POST /session/fdb2eb18e9de7f55d42e953fc9ac8efb/elements - {"using":"xpath","value":"//button[@data-kt=\"addButton\"]"}
RESULT: {"using":"xpath","value":"//button[@data-kt=\"addButton\"]"}
COMMAND: POST /session/fdb2eb18e9de7f55d42e953fc9ac8efb/elements - {"using":"xpath","value":"//button[@data-kt=\"addButton\"]"}
RESULT: {"using":"xpath","value":"//button[@data-kt=\"addButton\"]"}
COMMAND: POST /session/fdb2eb18e9de7f55d42e953fc9ac8efb/elements - {"using":"xpath","value":"//button[@data-kt=\"addButton\"]"}
RESULT: {"using":"xpath","value":"//button[@data-kt=\"addButton\"]"}
COMMAND: POST /session/fdb2eb18e9de7f55d42e953fc9ac8efb/element - {"using":"xpath","value":"//button[@data-kt=\"addButton\"]"}
RESULT: {"using":"xpath","value":"//button[@data-kt=\"addButton\"]"}
COMMAND: POST /session/fdb2eb18e9de7f55d42e953fc9ac8efb/execute/sync - {"script":"<script> [8489 bytes]","args":[{"element-6066-11e4-a52e-4f735466cecf":"f.65777815963AB190D0E426F0C4C24000.d.863A7FC8FCD72A1EFB966D3142080771.e.3202","ELEMENT":"f.65777815963AB190D0E426F0C4C24000.d.863A7FC8FCD72A1EFB966D3142080771.e.3202"}]}
RESULT: {"script":"<script> [8489 bytes]","args":[{"element-6066-11e4-a52e-4f735466cecf":"f.65777815963AB190D0E426F0C4C24000.d.863A7FC8FCD72A1EFB966D3142080771.e.3202","ELEMENT":"f.65777815963AB190D0E426F0C4C24000.d.863A7FC8FCD72A1EFB966D3142080771.e.3202"}]}
COMMAND: GET /session/fdb2eb18e9de7f55d42e953fc9ac8efb/element/f.65777815963AB190D0E426F0C4C24000.d.863A7FC8FCD72A1EFB966D3142080771.e.3202/enabled - {}
COMMAND: GET /session/fdb2eb18e9de7f55d42e953fc9ac8efb/screenshot - {}
RESULT: {}
COMMAND: POST /session/fdb2eb18e9de7f55d42e953fc9ac8efb/execute/sync - {"script":"<script> [8489 bytes]","args":[{"element-6066-11e4-a52e-4f735466cecf":"f.65777815963AB190D0E426F0C4C24000.d.863A7FC8FCD72A1EFB966D3142080771.e.3202","ELEMENT":"f.65777815963AB190D0E426F0C4C24000.d.863A7FC8FCD72A1EFB966D3142080771.e.3202"}]}
COMMAND: GET /session/fdb2eb18e9de7f55d42e953fc9ac8efb/screenshot - {}
RESULT: {}
RESULT: {"script":"<script> [8489 bytes]","args":[{"element-6066-11e4-a52e-4f735466cecf":"f.65777815963AB190D0E426F0C4C24000.d.863A7FC8FCD72A1EFB966D3142080771.e.3202","ELEMENT":"f.65777815963AB190D0E426F0C4C24000.d.863A7FC8FCD72A1EFB966D3142080771.e.3202"}]}
COMMAND: POST /session/fdb2eb18e9de7f55d42e953fc9ac8efb/execute/sync - {"script":"<script> [5351 bytes]","args":[{"element-6066-11e4-a52e-4f735466cecf":"f.65777815963AB190D0E426F0C4C24000.d.863A7FC8FCD72A1EFB966D3142080771.e.3202","ELEMENT":"f.65777815963AB190D0E426F0C4C24000.d.863A7FC8FCD72A1EFB966D3142080771.e.3202"}]}
COMMAND: GET /session/fdb2eb18e9de7f55d42e953fc9ac8efb/screenshot - {}
RESULT: {}
RESULT: {"script":"<script> [5351 bytes]","args":[{"element-6066-11e4-a52e-4f735466cecf":"f.65777815963AB190D0E426F0C4C24000.d.863A7FC8FCD72A1EFB966D3142080771.e.3202","ELEMENT":"f.65777815963AB190D0E426F0C4C24000.d.863A7FC8FCD72A1EFB966D3142080771.e.3202"}]}
COMMAND: POST /session/fdb2eb18e9de7f55d42e953fc9ac8efb/element/f.65777815963AB190D0E426F0C4C24000.d.863A7FC8FCD72A1EFB966D3142080771.e.3202/click - {}
COMMAND: GET /session/fdb2eb18e9de7f55d42e953fc9ac8efb/screenshot - {}
RESULT: {}
RESULT: {}
COMMAND: GET /session/fdb2eb18e9de7f55d42e953fc9ac8efb/screenshot - {}
COMMAND: POST /session/fdb2eb18e9de7f55d42e953fc9ac8efb/execute/async - {"script":"<script> [1562 bytes]","args":[{"selector":{"id":"application-managepartners-display-component---NewPartner--addressDetailDetailsName1","interaction":{"idSuffix":"inner"}},"wdio_ui5_key":"applicationmanagepartners-display-component---NewPartner--addressDetailDetailsName1"}]}
RESULT: {}
RESULT: {}
RESULT: {"script":"<script> [1562 bytes]","args":[{"selector":{"id":"application-managepartners-display-component---NewPartner--addressDetailDetailsName1","interaction":{"idSuffix":"inner"}},"wdio_ui5_key":"applicationmanagepartners-display-component---NewPartner--addressDetailDetailsName1"}]}
RESULT: undefined
COMMAND: POST /session/fdb2eb18e9de7f55d42e953fc9ac8efb/execute/async - {"script":"<script> [776 bytes]","args":[{"enterText":"Intercompany Partner WDIO","selector":{"id":"application-managepartners-display-component---NewPartner--addressDetailDetailsName1","interaction":{"idSuffix":"inner"}},"clearTextFirst":true,"interactionType":"ENTER_TEXT"}]}
RESULT: {"script":"<script> [776 bytes]","args":[{"enterText":"Intercompany Partner WDIO","selector":{"id":"application-managepartners-display-component---NewPartner--addressDetailDetailsName1","interaction":{"idSuffix":"inner"}},"clearTextFirst":true,"interactionType":"ENTER_TEXT"}]}
COMMAND: POST /session/fdb2eb18e9de7f55d42e953fc9ac8efb/execute/async - {"script":"<script> [1562 bytes]","args":[{"selector":{"id":"application-managepartners-display-component---NewPartner--addressDetailDetailsLanguage-arrow"},"wdio_ui5_key":"applicationmanagepartners-display-component---NewPartner--addressDetailDetailsLanguage-arrow"}]}
RESULT: {"script":"<script> [1562 bytes]","args":[{"selector":{"id":"application-managepartners-display-component---NewPartner--addressDetailDetailsLanguage-arrow"},"wdio_ui5_key":"applicationmanagepartners-display-component---NewPartner--addressDetailDetailsLanguage-arrow"}]}
RESULT: undefined
COMMAND: POST /session/fdb2eb18e9de7f55d42e953fc9ac8efb/element - {"using":"xpath","value":"//*[@id=\"application-managepartners-display-component---NewPartner--addressDetailDetailsLanguage-arrow\"]"}
RESULT: {"using":"xpath","value":"//*[@id=\"application-managepartners-display-component---NewPartner--addressDetailDetailsLanguage-arrow\"]"}
COMMAND: POST /session/fdb2eb18e9de7f55d42e953fc9ac8efb/element/f.65777815963AB190D0E426F0C4C24000.d.863A7FC8FCD72A1EFB966D3142080771.e.3659/click - {}
RESULT: {}
COMMAND: POST /session/fdb2eb18e9de7f55d42e953fc9ac8efb/element - {"using":"xpath","value":"//span[contains(text(), \"English\")]"}
COMMAND: GET /session/fdb2eb18e9de7f55d42e953fc9ac8efb/screenshot - {}
RESULT: {"using":"xpath","value":"//span[contains(text(), \"English\")]"}
COMMAND: POST /session/fdb2eb18e9de7f55d42e953fc9ac8efb/element/f.65777815963AB190D0E426F0C4C24000.d.863A7FC8FCD72A1EFB966D3142080771.e.3660/click - {}
RESULT: {}
RESULT: {}
COMMAND: GET /session/fdb2eb18e9de7f55d42e953fc9ac8efb/screenshot - {}
RESULT: {}
COMMAND: POST /session/fdb2eb18e9de7f55d42e953fc9ac8efb/execute/async - {"script":"<script> [1562 bytes]","args":[{"selector":{"id":"application-managepartners-display-component---NewPartner--addressDetailDetailsCity1","interaction":{"idSuffix":"inner"}},"wdio_ui5_key":"applicationmanagepartners-display-component---NewPartner--addressDetailDetailsCity1"}]}
RESULT: {"script":"<script> [1562 bytes]","args":[{"selector":{"id":"application-managepartners-display-component---NewPartner--addressDetailDetailsCity1","interaction":{"idSuffix":"inner"}},"wdio_ui5_key":"applicationmanagepartners-display-component---NewPartner--addressDetailDetailsCity1"}]}
RESULT: undefined
COMMAND: POST /session/fdb2eb18e9de7f55d42e953fc9ac8efb/execute/async - {"script":"<script> [776 bytes]","args":[{"enterText":"Rosario","selector":{"id":"application-managepartners-display-component---NewPartner--addressDetailDetailsCity1","interaction":{"idSuffix":"inner"}},"clearTextFirst":true,"interactionType":"ENTER_TEXT"}]}
RESULT: {"script":"<script> [776 bytes]","args":[{"enterText":"Rosario","selector":{"id":"application-managepartners-display-component---NewPartner--addressDetailDetailsCity1","interaction":{"idSuffix":"inner"}},"clearTextFirst":true,"interactionType":"ENTER_TEXT"}]}
COMMAND: POST /session/fdb2eb18e9de7f55d42e953fc9ac8efb/execute/async - {"script":"<script> [1562 bytes]","args":[{"selector":{"id":"application-managepartners-display-component---NewPartner--addressDetailDetailsCountry-arrow"},"wdio_ui5_key":"applicationmanagepartners-display-component---NewPartner--addressDetailDetailsCountry-arrow"}]}
RESULT: {"script":"<script> [1562 bytes]","args":[{"selector":{"id":"application-managepartners-display-component---NewPartner--addressDetailDetailsCountry-arrow"},"wdio_ui5_key":"applicationmanagepartners-display-component---NewPartner--addressDetailDetailsCountry-arrow"}]}
RESULT: undefined
COMMAND: POST /session/fdb2eb18e9de7f55d42e953fc9ac8efb/element - {"using":"xpath","value":"//*[@id=\"application-managepartners-display-component---NewPartner--addressDetailDetailsCountry-arrow\"]"}
RESULT: {"using":"xpath","value":"//*[@id=\"application-managepartners-display-component---NewPartner--addressDetailDetailsCountry-arrow\"]"}
COMMAND: POST /session/fdb2eb18e9de7f55d42e953fc9ac8efb/element/f.65777815963AB190D0E426F0C4C24000.d.863A7FC8FCD72A1EFB966D3142080771.e.3641/click - {}
RESULT: {}
COMMAND: POST /session/fdb2eb18e9de7f55d42e953fc9ac8efb/element - {"using":"xpath","value":"//span[contains(text(), \"Argentina\")]"}
COMMAND: GET /session/fdb2eb18e9de7f55d42e953fc9ac8efb/screenshot - {}
RESULT: {"using":"xpath","value":"//span[contains(text(), \"Argentina\")]"}
COMMAND: POST /session/fdb2eb18e9de7f55d42e953fc9ac8efb/element/f.65777815963AB190D0E426F0C4C24000.d.863A7FC8FCD72A1EFB966D3142080771.e.3662/click - {}
RESULT: {}
RESULT: {}
COMMAND: GET /session/fdb2eb18e9de7f55d42e953fc9ac8efb/screenshot - {}
RESULT: {}
COMMAND: POST /session/fdb2eb18e9de7f55d42e953fc9ac8efb/element - {"using":"xpath","value":"//bdi[contains(text(), \"Commercial\")]"}
RESULT: {"using":"xpath","value":"//bdi[contains(text(), \"Commercial\")]"}
COMMAND: POST /session/fdb2eb18e9de7f55d42e953fc9ac8efb/element/f.65777815963AB190D0E426F0C4C24000.d.863A7FC8FCD72A1EFB966D3142080771.e.3663/click - {}
RESULT: {}
COMMAND: GET /session/fdb2eb18e9de7f55d42e953fc9ac8efb/screenshot - {}
RESULT: {}
COMMAND: POST /session/fdb2eb18e9de7f55d42e953fc9ac8efb/execute/async - {"script":"<script> [1562 bytes]","args":[{"selector":{"id":"application-managepartners-display-component---NewPartner--partnerDetailInternal-arrow"},"wdio_ui5_key":"applicationmanagepartners-display-component---NewPartner--partnerDetailInternal-arrow"}]}
RESULT: {"script":"<script> [1562 bytes]","args":[{"selector":{"id":"application-managepartners-display-component---NewPartner--partnerDetailInternal-arrow"},"wdio_ui5_key":"applicationmanagepartners-display-component---NewPartner--partnerDetailInternal-arrow"}]}
RESULT: undefined
COMMAND: POST /session/fdb2eb18e9de7f55d42e953fc9ac8efb/element - {"using":"xpath","value":"//*[@id=\"application-managepartners-display-component---NewPartner--partnerDetailInternal-arrow\"]"}
RESULT: {"using":"xpath","value":"//*[@id=\"application-managepartners-display-component---NewPartner--partnerDetailInternal-arrow\"]"}
COMMAND: POST /session/fdb2eb18e9de7f55d42e953fc9ac8efb/element/f.65777815963AB190D0E426F0C4C24000.d.863A7FC8FCD72A1EFB966D3142080771.e.3669/click - {}
RESULT: {}
COMMAND: POST /session/fdb2eb18e9de7f55d42e953fc9ac8efb/element - {"using":"xpath","value":"//span[contains(text(), \"Affiliated company\")]"}
COMMAND: GET /session/fdb2eb18e9de7f55d42e953fc9ac8efb/screenshot - {}
RESULT: {"using":"xpath","value":"//span[contains(text(), \"Affiliated company\")]"}
COMMAND: POST /session/fdb2eb18e9de7f55d42e953fc9ac8efb/element/f.65777815963AB190D0E426F0C4C24000.d.863A7FC8FCD72A1EFB966D3142080771.e.3672/click - {}
RESULT: {}
RESULT: {}
COMMAND: POST /session/fdb2eb18e9de7f55d42e953fc9ac8efb/execute/async - {"script":"<script> [1562 bytes]","args":[{"selector":{"id":"application-managepartners-display-component---NewPartner--partnerDetailsCurrency-arrow"},"wdio_ui5_key":"applicationmanagepartners-display-component---NewPartner--partnerDetailsCurrency-arrow"}]}
COMMAND: GET /session/fdb2eb18e9de7f55d42e953fc9ac8efb/screenshot - {}
RESULT: {"script":"<script> [1562 bytes]","args":[{"selector":{"id":"application-managepartners-display-component---NewPartner--partnerDetailsCurrency-arrow"},"wdio_ui5_key":"applicationmanagepartners-display-component---NewPartner--partnerDetailsCurrency-arrow"}]}
RESULT: undefined
COMMAND: POST /session/fdb2eb18e9de7f55d42e953fc9ac8efb/element - {"using":"xpath","value":"//*[@id=\"application-managepartners-display-component---NewPartner--partnerDetailsCurrency-arrow\"]"}
RESULT: {}
RESULT: {"using":"xpath","value":"//*[@id=\"application-managepartners-display-component---NewPartner--partnerDetailsCurrency-arrow\"]"}
COMMAND: POST /session/fdb2eb18e9de7f55d42e953fc9ac8efb/element/f.65777815963AB190D0E426F0C4C24000.d.863A7FC8FCD72A1EFB966D3142080771.e.3679/click - {}
RESULT: {}
COMMAND: POST /session/fdb2eb18e9de7f55d42e953fc9ac8efb/element - {"using":"xpath","value":"//span[contains(text(), \"Euro\")]"}
COMMAND: GET /session/fdb2eb18e9de7f55d42e953fc9ac8efb/screenshot - {}
RESULT: {"using":"xpath","value":"//span[contains(text(), \"Euro\")]"}
COMMAND: POST /session/fdb2eb18e9de7f55d42e953fc9ac8efb/element/f.65777815963AB190D0E426F0C4C24000.d.863A7FC8FCD72A1EFB966D3142080771.e.3680/click - {}
RESULT: {}
RESULT: {}
COMMAND: POST /session/fdb2eb18e9de7f55d42e953fc9ac8efb/execute/async - {"script":"<script> [1562 bytes]","args":[{"selector":{"id":"application-managepartners-display-component---NewPartner--addressEditDetailsCostObjectCstType-arrow"},"wdio_ui5_key":"applicationmanagepartners-display-component---NewPartner--addressEditDetailsCostObjectCstType-arrow"}]}
COMMAND: GET /session/fdb2eb18e9de7f55d42e953fc9ac8efb/screenshot - {}
RESULT: {"script":"<script> [1562 bytes]","args":[{"selector":{"id":"application-managepartners-display-component---NewPartner--addressEditDetailsCostObjectCstType-arrow"},"wdio_ui5_key":"applicationmanagepartners-display-component---NewPartner--addressEditDetailsCostObjectCstType-arrow"}]}
RESULT: undefined
COMMAND: POST /session/fdb2eb18e9de7f55d42e953fc9ac8efb/element - {"using":"xpath","value":"//*[@id=\"application-managepartners-display-component---NewPartner--addressEditDetailsCostObjectCstType-arrow\"]"}
RESULT: {}
RESULT: {"using":"xpath","value":"//*[@id=\"application-managepartners-display-component---NewPartner--addressEditDetailsCostObjectCstType-arrow\"]"}
COMMAND: POST /session/fdb2eb18e9de7f55d42e953fc9ac8efb/element/f.65777815963AB190D0E426F0C4C24000.d.863A7FC8FCD72A1EFB966D3142080771.e.3681/click - {}
RESULT: {}
COMMAND: POST /session/fdb2eb18e9de7f55d42e953fc9ac8efb/element - {"using":"xpath","value":"//span[contains(text(), \"Cost Center\")]"}
COMMAND: GET /session/fdb2eb18e9de7f55d42e953fc9ac8efb/screenshot - {}
RESULT: {"using":"xpath","value":"//span[contains(text(), \"Cost Center\")]"}
COMMAND: POST /session/fdb2eb18e9de7f55d42e953fc9ac8efb/element/f.65777815963AB190D0E426F0C4C24000.d.863A7FC8FCD72A1EFB966D3142080771.e.3682/click - {}
RESULT: {}
RESULT: {}
COMMAND: GET /session/fdb2eb18e9de7f55d42e953fc9ac8efb/screenshot - {}
RESULT: {}
COMMAND: POST /session/fdb2eb18e9de7f55d42e953fc9ac8efb/element - {"using":"xpath","value":"//span[@id=\"application-managepartners-display-component---NewPartner--addressNewCostObjectCstID-vhi\"]"}
RESULT: {"using":"xpath","value":"//span[@id=\"application-managepartners-display-component---NewPartner--addressNewCostObjectCstID-vhi\"]"}
COMMAND: POST /session/fdb2eb18e9de7f55d42e953fc9ac8efb/execute/sync - {"script":"<script> [8489 bytes]","args":[{"element-6066-11e4-a52e-4f735466cecf":"f.65777815963AB190D0E426F0C4C24000.d.863A7FC8FCD72A1EFB966D3142080771.e.3686","ELEMENT":"f.65777815963AB190D0E426F0C4C24000.d.863A7FC8FCD72A1EFB966D3142080771.e.3686"}]}
RESULT: {"script":"<script> [8489 bytes]","args":[{"element-6066-11e4-a52e-4f735466cecf":"f.65777815963AB190D0E426F0C4C24000.d.863A7FC8FCD72A1EFB966D3142080771.e.3686","ELEMENT":"f.65777815963AB190D0E426F0C4C24000.d.863A7FC8FCD72A1EFB966D3142080771.e.3686"}]}
COMMAND: POST /session/fdb2eb18e9de7f55d42e953fc9ac8efb/execute/async - {"script":"<script> [1562 bytes]","args":[{"selector":{"id":"application-managepartners-display-component---NewPartner--addressNewCostObjectCstID-vhi"},"wdio_ui5_key":"applicationmanagepartners-display-component---NewPartner--addressNewCostObjectCstID-vhi"}]}
COMMAND: GET /session/fdb2eb18e9de7f55d42e953fc9ac8efb/screenshot - {}
RESULT: {"script":"<script> [1562 bytes]","args":[{"selector":{"id":"application-managepartners-display-component---NewPartner--addressNewCostObjectCstID-vhi"},"wdio_ui5_key":"applicationmanagepartners-display-component---NewPartner--addressNewCostObjectCstID-vhi"}]}
RESULT: undefined
COMMAND: POST /session/fdb2eb18e9de7f55d42e953fc9ac8efb/element - {"using":"xpath","value":"//*[@id=\"application-managepartners-display-component---NewPartner--addressNewCostObjectCstID-vhi\"]"}
RESULT: {}
RESULT: {"using":"xpath","value":"//*[@id=\"application-managepartners-display-component---NewPartner--addressNewCostObjectCstID-vhi\"]"}
COMMAND: POST /session/fdb2eb18e9de7f55d42e953fc9ac8efb/element/f.65777815963AB190D0E426F0C4C24000.d.863A7FC8FCD72A1EFB966D3142080771.e.3686/click - {}
RESULT: {}
COMMAND: GET /session/fdb2eb18e9de7f55d42e953fc9ac8efb/screenshot - {}
RESULT: {}
COMMAND: POST /session/fdb2eb18e9de7f55d42e953fc9ac8efb/execute/async - {"script":"<script> [1562 bytes]","args":[{"selector":{"controlType":"sap.m.SearchField","properties":{"placeholder":"Search"},"searchOpenDialogs":true,"interaction":{"idSuffix":"I"}},"wdio_ui5_key":"sapm.SearchField{\"placeholder\":\"Search\"}"}]}
RESULT: {"script":"<script> [1562 bytes]","args":[{"selector":{"controlType":"sap.m.SearchField","properties":{"placeholder":"Search"},"searchOpenDialogs":true,"interaction":{"idSuffix":"I"}},"wdio_ui5_key":"sapm.SearchField{\"placeholder\":\"Search\"}"}]}
RESULT: undefined
COMMAND: POST /session/fdb2eb18e9de7f55d42e953fc9ac8efb/execute/async - {"script":"<script> [776 bytes]","args":[{"enterText":"10001013","selector":{"controlType":"sap.m.SearchField","properties":{"placeholder":"Search"},"searchOpenDialogs":true,"interaction":{"idSuffix":"I"}},"clearTextFirst":true,"interactionType":"ENTER_TEXT"}]}
RESULT: {"script":"<script> [776 bytes]","args":[{"enterText":"10001013","selector":{"controlType":"sap.m.SearchField","properties":{"placeholder":"Search"},"searchOpenDialogs":true,"interaction":{"idSuffix":"I"}},"clearTextFirst":true,"interactionType":"ENTER_TEXT"}]}
COMMAND: POST /session/fdb2eb18e9de7f55d42e953fc9ac8efb/actions - {"actions":[{"id":"action7","type":"key","parameters":{},"actions":[{"type":"keyDown","value":"î€‡"},{"type":"pause","duration":10},{"type":"keyUp","value":"î€‡"}]}]}
RESULT: {"actions":[{"id":"action7","type":"key","parameters":{},"actions":[{"type":"keyDown","value":"î€‡"},{"type":"pause","duration":10},{"type":"keyUp","value":"î€‡"}]}]}
COMMAND: GET /session/fdb2eb18e9de7f55d42e953fc9ac8efb/screenshot - {}
RESULT: {}
COMMAND: POST /session/fdb2eb18e9de7f55d42e953fc9ac8efb/element - {"using":"xpath","value":"//span[contains(text(), \"General Management\")]"}
RESULT: {"using":"xpath","value":"//span[contains(text(), \"General Management\")]"}
COMMAND: POST /session/fdb2eb18e9de7f55d42e953fc9ac8efb/element/f.65777815963AB190D0E426F0C4C24000.d.863A7FC8FCD72A1EFB966D3142080771.e.3728/click - {}
RESULT: {}
COMMAND: GET /session/fdb2eb18e9de7f55d42e953fc9ac8efb/screenshot - {}
RESULT: {}
COMMAND: POST /session/fdb2eb18e9de7f55d42e953fc9ac8efb/element - {"using":"xpath","value":"//bdi[contains(text(), \"OK\")]"}
RESULT: {"using":"xpath","value":"//bdi[contains(text(), \"OK\")]"}
COMMAND: POST /session/fdb2eb18e9de7f55d42e953fc9ac8efb/element/f.65777815963AB190D0E426F0C4C24000.d.863A7FC8FCD72A1EFB966D3142080771.e.3729/click - {}
RESULT: {}
COMMAND: GET /session/fdb2eb18e9de7f55d42e953fc9ac8efb/screenshot - {}
RESULT: {}
COMMAND: POST /session/fdb2eb18e9de7f55d42e953fc9ac8efb/element - {"using":"xpath","value":"//input[@id=\"application-managepartners-display-component---NewPartner--companyCodeComboBox-inner\"]"}
RESULT: {"using":"xpath","value":"//input[@id=\"application-managepartners-display-component---NewPartner--companyCodeComboBox-inner\"]"}
COMMAND: POST /session/fdb2eb18e9de7f55d42e953fc9ac8efb/element/f.65777815963AB190D0E426F0C4C24000.d.863A7FC8FCD72A1EFB966D3142080771.e.3554/clear - {}
RESULT: {}
COMMAND: POST /session/fdb2eb18e9de7f55d42e953fc9ac8efb/element/f.65777815963AB190D0E426F0C4C24000.d.863A7FC8FCD72A1EFB966D3142080771.e.3554/value - {"text":"C002"}
COMMAND: GET /session/fdb2eb18e9de7f55d42e953fc9ac8efb/screenshot - {}
RESULT: {"text":"C002"}
COMMAND: GET /session/fdb2eb18e9de7f55d42e953fc9ac8efb/screenshot - {}
RESULT: {}
RESULT: {}
COMMAND: POST /session/fdb2eb18e9de7f55d42e953fc9ac8efb/element - {"using":"xpath","value":"//span[contains(text(), \"C002\")]"}
RESULT: {"using":"xpath","value":"//span[contains(text(), \"C002\")]"}
COMMAND: POST /session/fdb2eb18e9de7f55d42e953fc9ac8efb/element/f.65777815963AB190D0E426F0C4C24000.d.863A7FC8FCD72A1EFB966D3142080771.e.3735/click - {}
RESULT: {}
COMMAND: GET /session/fdb2eb18e9de7f55d42e953fc9ac8efb/screenshot - {}
RESULT: {}
COMMAND: POST /session/fdb2eb18e9de7f55d42e953fc9ac8efb/execute/async - {"script":"<script> [1562 bytes]","args":[{"selector":{"id":"application-managepartners-display-component---NewPartner--btnAddTableRow-img"},"wdio_ui5_key":"applicationmanagepartners-display-component---NewPartner--btnAddTableRow-img"}]}
RESULT: {"script":"<script> [1562 bytes]","args":[{"selector":{"id":"application-managepartners-display-component---NewPartner--btnAddTableRow-img"},"wdio_ui5_key":"applicationmanagepartners-display-component---NewPartner--btnAddTableRow-img"}]}
RESULT: undefined
COMMAND: POST /session/fdb2eb18e9de7f55d42e953fc9ac8efb/element - {"using":"xpath","value":"//*[@id=\"application-managepartners-display-component---NewPartner--btnAddTableRow-img\"]"}
RESULT: {"using":"xpath","value":"//*[@id=\"application-managepartners-display-component---NewPartner--btnAddTableRow-img\"]"}
COMMAND: POST /session/fdb2eb18e9de7f55d42e953fc9ac8efb/element/f.65777815963AB190D0E426F0C4C24000.d.863A7FC8FCD72A1EFB966D3142080771.e.3736/click - {}
RESULT: {}
COMMAND: GET /session/fdb2eb18e9de7f55d42e953fc9ac8efb/screenshot - {}
RESULT: {}
COMMAND: POST /session/fdb2eb18e9de7f55d42e953fc9ac8efb/element - {"using":"xpath","value":"//input[@id=\"application-managepartners-display-component---NewPartner--assignmentYard-application-managepartners-display-component---NewPartner--assignmentsTable-0-inner\"]"}
RESULT: {"using":"xpath","value":"//input[@id=\"application-managepartners-display-component---NewPartner--assignmentYard-application-managepartners-display-component---NewPartner--assignmentsTable-0-inner\"]"}
COMMAND: POST /session/fdb2eb18e9de7f55d42e953fc9ac8efb/element/f.65777815963AB190D0E426F0C4C24000.d.863A7FC8FCD72A1EFB966D3142080771.e.3739/clear - {}
RESULT: {}
COMMAND: POST /session/fdb2eb18e9de7f55d42e953fc9ac8efb/element/f.65777815963AB190D0E426F0C4C24000.d.863A7FC8FCD72A1EFB966D3142080771.e.3739/value - {"text":"514"}
COMMAND: GET /session/fdb2eb18e9de7f55d42e953fc9ac8efb/screenshot - {}
RESULT: {"text":"514"}
COMMAND: GET /session/fdb2eb18e9de7f55d42e953fc9ac8efb/screenshot - {}
RESULT: {}
RESULT: {}
COMMAND: POST /session/fdb2eb18e9de7f55d42e953fc9ac8efb/element - {"using":"xpath","value":"//li[.//span[text()='514']]"}
RESULT: {"using":"xpath","value":"//li[.//span[text()='514']]"}
COMMAND: POST /session/fdb2eb18e9de7f55d42e953fc9ac8efb/element/f.65777815963AB190D0E426F0C4C24000.d.863A7FC8FCD72A1EFB966D3142080771.e.3748/click - {}
RESULT: {}
COMMAND: GET /session/fdb2eb18e9de7f55d42e953fc9ac8efb/screenshot - {}
RESULT: {}
COMMAND: POST /session/fdb2eb18e9de7f55d42e953fc9ac8efb/actions - {"actions":[{"id":"action8","type":"key","parameters":{},"actions":[{"type":"keyDown","value":"î€‡"},{"type":"pause","duration":10},{"type":"keyUp","value":"î€‡"}]}]}
RESULT: {"actions":[{"id":"action8","type":"key","parameters":{},"actions":[{"type":"keyDown","value":"î€‡"},{"type":"pause","duration":10},{"type":"keyUp","value":"î€‡"}]}]}
COMMAND: POST /session/fdb2eb18e9de7f55d42e953fc9ac8efb/execute/async - {"script":"<script> [1562 bytes]","args":[{"selector":{"id":"application-managepartners-display-component---NewPartner--externalCustomerComboBox-application-managepartners-display-component---NewPartner--assignmentsTable-0-vhi"},"wdio_ui5_key":"applicationmanagepartners-display-component---NewPartner--externalCustomerComboBox-application-managepartners-display-component---NewPartner--assignmentsTable-0-vhi"}]}
COMMAND: GET /session/fdb2eb18e9de7f55d42e953fc9ac8efb/screenshot - {}
RESULT: {"script":"<script> [1562 bytes]","args":[{"selector":{"id":"application-managepartners-display-component---NewPartner--externalCustomerComboBox-application-managepartners-display-component---NewPartner--assignmentsTable-0-vhi"},"wdio_ui5_key":"applicationmanagepartners-display-component---NewPartner--externalCustomerComboBox-application-managepartners-display-component---NewPartner--assignmentsTable-0-vhi"}]}
RESULT: undefined
COMMAND: POST /session/fdb2eb18e9de7f55d42e953fc9ac8efb/element - {"using":"xpath","value":"//*[@id=\"application-managepartners-display-component---NewPartner--externalCustomerComboBox-application-managepartners-display-component---NewPartner--assignmentsTable-0-vhi\"]"}
RESULT: {}
RESULT: {"using":"xpath","value":"//*[@id=\"application-managepartners-display-component---NewPartner--externalCustomerComboBox-application-managepartners-display-component---NewPartner--assignmentsTable-0-vhi\"]"}
COMMAND: POST /session/fdb2eb18e9de7f55d42e953fc9ac8efb/element/f.65777815963AB190D0E426F0C4C24000.d.863A7FC8FCD72A1EFB966D3142080771.e.3752/click - {}
RESULT: {}
RESULT: undefined
COMMAND: POST /session/fdb2eb18e9de7f55d42e953fc9ac8efb/execute/async - {"script":"<script> [776 bytes]","args":[{"enterText":"300003","selector":{"controlType":"sap.m.SearchField","properties":{"placeholder":"Search"},"searchOpenDialogs":true,"interaction":{"idSuffix":"I"}},"clearTextFirst":true,"interactionType":"ENTER_TEXT"}]}
COMMAND: GET /session/fdb2eb18e9de7f55d42e953fc9ac8efb/screenshot - {}
RESULT: {"script":"<script> [776 bytes]","args":[{"enterText":"300003","selector":{"controlType":"sap.m.SearchField","properties":{"placeholder":"Search"},"searchOpenDialogs":true,"interaction":{"idSuffix":"I"}},"clearTextFirst":true,"interactionType":"ENTER_TEXT"}]}
COMMAND: POST /session/fdb2eb18e9de7f55d42e953fc9ac8efb/actions - {"actions":[{"id":"action9","type":"key","parameters":{},"actions":[{"type":"keyDown","value":"î€‡"},{"type":"pause","duration":10},{"type":"keyUp","value":"î€‡"}]}]}
RESULT: {}
RESULT: {"actions":[{"id":"action9","type":"key","parameters":{},"actions":[{"type":"keyDown","value":"î€‡"},{"type":"pause","duration":10},{"type":"keyUp","value":"î€‡"}]}]}
COMMAND: GET /session/fdb2eb18e9de7f55d42e953fc9ac8efb/screenshot - {}
RESULT: {}
COMMAND: POST /session/fdb2eb18e9de7f55d42e953fc9ac8efb/element - {"using":"xpath","value":"//span[contains(text(), \"300003\")]"}
RESULT: {"using":"xpath","value":"//span[contains(text(), \"300003\")]"}
COMMAND: POST /session/fdb2eb18e9de7f55d42e953fc9ac8efb/element/f.65777815963AB190D0E426F0C4C24000.d.863A7FC8FCD72A1EFB966D3142080771.e.3772/click - {}
RESULT: {}
COMMAND: GET /session/fdb2eb18e9de7f55d42e953fc9ac8efb/screenshot - {}
RESULT: {}
COMMAND: POST /session/fdb2eb18e9de7f55d42e953fc9ac8efb/element - {"using":"xpath","value":"//bdi[contains(text(), \"OK\")]"}
RESULT: {"using":"xpath","value":"//bdi[contains(text(), \"OK\")]"}
COMMAND: POST /session/fdb2eb18e9de7f55d42e953fc9ac8efb/element/f.65777815963AB190D0E426F0C4C24000.d.863A7FC8FCD72A1EFB966D3142080771.e.3774/click - {}
RESULT: {}
COMMAND: GET /session/fdb2eb18e9de7f55d42e953fc9ac8efb/screenshot - {}
RESULT: {}
COMMAND: POST /session/fdb2eb18e9de7f55d42e953fc9ac8efb/execute/async - {"script":"<script> [1562 bytes]","args":[{"selector":{"id":"application-managepartners-display-component---NewPartner--intercompVendorComboBox-application-managepartners-display-component---NewPartner--assignmentsTable-0-vhi"},"wdio_ui5_key":"applicationmanagepartners-display-component---NewPartner--intercompVendorComboBox-application-managepartners-display-component---NewPartner--assignmentsTable-0-vhi"}]}
RESULT: {"script":"<script> [1562 bytes]","args":[{"selector":{"id":"application-managepartners-display-component---NewPartner--intercompVendorComboBox-application-managepartners-display-component---NewPartner--assignmentsTable-0-vhi"},"wdio_ui5_key":"applicationmanagepartners-display-component---NewPartner--intercompVendorComboBox-application-managepartners-display-component---NewPartner--assignmentsTable-0-vhi"}]}
RESULT: undefined
COMMAND: POST /session/fdb2eb18e9de7f55d42e953fc9ac8efb/element - {"using":"xpath","value":"//*[@id=\"application-managepartners-display-component---NewPartner--intercompVendorComboBox-application-managepartners-display-component---NewPartner--assignmentsTable-0-vhi\"]"}
RESULT: {"using":"xpath","value":"//*[@id=\"application-managepartners-display-component---NewPartner--intercompVendorComboBox-application-managepartners-display-component---NewPartner--assignmentsTable-0-vhi\"]"}
COMMAND: POST /session/fdb2eb18e9de7f55d42e953fc9ac8efb/element/f.65777815963AB190D0E426F0C4C24000.d.863A7FC8FCD72A1EFB966D3142080771.e.3777/click - {}
RESULT: {}
RESULT: undefined
COMMAND: POST /session/fdb2eb18e9de7f55d42e953fc9ac8efb/execute/async - {"script":"<script> [776 bytes]","args":[{"enterText":"100005","selector":{"controlType":"sap.m.SearchField","properties":{"placeholder":"Search"},"searchOpenDialogs":true,"interaction":{"idSuffix":"I"}},"clearTextFirst":true,"interactionType":"ENTER_TEXT"}]}
COMMAND: GET /session/fdb2eb18e9de7f55d42e953fc9ac8efb/screenshot - {}
RESULT: {"script":"<script> [776 bytes]","args":[{"enterText":"100005","selector":{"controlType":"sap.m.SearchField","properties":{"placeholder":"Search"},"searchOpenDialogs":true,"interaction":{"idSuffix":"I"}},"clearTextFirst":true,"interactionType":"ENTER_TEXT"}]}
COMMAND: POST /session/fdb2eb18e9de7f55d42e953fc9ac8efb/actions - {"actions":[{"id":"action10","type":"key","parameters":{},"actions":[{"type":"keyDown","value":"î€‡"},{"type":"pause","duration":10},{"type":"keyUp","value":"î€‡"}]}]}
RESULT: {}
RESULT: {"actions":[{"id":"action10","type":"key","parameters":{},"actions":[{"type":"keyDown","value":"î€‡"},{"type":"pause","duration":10},{"type":"keyUp","value":"î€‡"}]}]}
COMMAND: GET /session/fdb2eb18e9de7f55d42e953fc9ac8efb/screenshot - {}
RESULT: {}
COMMAND: POST /session/fdb2eb18e9de7f55d42e953fc9ac8efb/element - {"using":"xpath","value":"//span[contains(text(), \"Penguins - Field/12345 Berlin\")]"}
RESULT: {"using":"xpath","value":"//span[contains(text(), \"Penguins - Field/12345 Berlin\")]"}
COMMAND: POST /session/fdb2eb18e9de7f55d42e953fc9ac8efb/element/f.65777815963AB190D0E426F0C4C24000.d.863A7FC8FCD72A1EFB966D3142080771.e.3795/click - {}
RESULT: {}
COMMAND: GET /session/fdb2eb18e9de7f55d42e953fc9ac8efb/screenshot - {}
RESULT: {}
COMMAND: POST /session/fdb2eb18e9de7f55d42e953fc9ac8efb/element - {"using":"xpath","value":"//bdi[contains(text(), \"OK\")]"}
RESULT: {"using":"xpath","value":"//bdi[contains(text(), \"OK\")]"}
COMMAND: POST /session/fdb2eb18e9de7f55d42e953fc9ac8efb/element/f.65777815963AB190D0E426F0C4C24000.d.863A7FC8FCD72A1EFB966D3142080771.e.3796/click - {}
RESULT: {}
COMMAND: GET /session/fdb2eb18e9de7f55d42e953fc9ac8efb/screenshot - {}
RESULT: {}
COMMAND: POST /session/fdb2eb18e9de7f55d42e953fc9ac8efb/element - {"using":"xpath","value":"//button[@data-kt=\"saveButton\"]"}
RESULT: {"using":"xpath","value":"//button[@data-kt=\"saveButton\"]"}
COMMAND: POST /session/fdb2eb18e9de7f55d42e953fc9ac8efb/element/f.65777815963AB190D0E426F0C4C24000.d.863A7FC8FCD72A1EFB966D3142080771.e.3643/click - {}
RESULT: {}
COMMAND: GET /session/fdb2eb18e9de7f55d42e953fc9ac8efb/screenshot - {}
RESULT: {}
COMMAND: POST /session/fdb2eb18e9de7f55d42e953fc9ac8efb/element - {"using":"xpath","value":"//header[contains(@id, 'ObjectPageLayout-headerTitle')]/div[1]/div[2]/div[2]/span[1]"}
RESULT: {"using":"xpath","value":"//header[contains(@id, 'ObjectPageLayout-headerTitle')]/div[1]/div[2]/div[2]/span[1]"}
COMMAND: POST /session/fdb2eb18e9de7f55d42e953fc9ac8efb/elements - {"using":"xpath","value":"//header[contains(@id, 'ObjectPageLayout-headerTitle')]/div[1]/div[2]/div[2]/span[1]"}
RESULT: {"using":"xpath","value":"//header[contains(@id, 'ObjectPageLayout-headerTitle')]/div[1]/div[2]/div[2]/span[1]"}
COMMAND: POST /session/fdb2eb18e9de7f55d42e953fc9ac8efb/execute/sync - {"script":"<script> [56 bytes]","args":[{"element-6066-11e4-a52e-4f735466cecf":"f.65777815963AB190D0E426F0C4C24000.d.863A7FC8FCD72A1EFB966D3142080771.e.3961","ELEMENT":"f.65777815963AB190D0E426F0C4C24000.d.863A7FC8FCD72A1EFB966D3142080771.e.3961"}]}
RESULT: {"script":"<script> [56 bytes]","args":[{"element-6066-11e4-a52e-4f735466cecf":"f.65777815963AB190D0E426F0C4C24000.d.863A7FC8FCD72A1EFB966D3142080771.e.3961","ELEMENT":"f.65777815963AB190D0E426F0C4C24000.d.863A7FC8FCD72A1EFB966D3142080771.e.3961"}]}
COMMAND: POST /session/fdb2eb18e9de7f55d42e953fc9ac8efb/element - {"using":"css selector","value":"#shell-header-logo"}
COMMAND: GET /session/fdb2eb18e9de7f55d42e953fc9ac8efb/screenshot - {}
RESULT: {"using":"css selector","value":"#shell-header-logo"}
COMMAND: POST /session/fdb2eb18e9de7f55d42e953fc9ac8efb/element/f.65777815963AB190D0E426F0C4C24000.d.863A7FC8FCD72A1EFB966D3142080771.e.3167/click - {}
RESULT: {}
RESULT: {}
COMMAND: GET /session/fdb2eb18e9de7f55d42e953fc9ac8efb/screenshot - {}
RESULT: {}
COMMAND: POST /session/fdb2eb18e9de7f55d42e953fc9ac8efb/execute/sync - {"script":"<script> [299 bytes]","args":[["getModel","getResource"]]}
RESULT: {"script":"<script> [299 bytes]","args":[["getModel","getResource"]]}
RESULT: undefined
COMMAND: POST /session/fdb2eb18e9de7f55d42e953fc9ac8efb/element - {"using":"xpath","value":"//*[@id=\"__tile30\"]"}
COMMAND: GET /session/fdb2eb18e9de7f55d42e953fc9ac8efb/screenshot - {}
RESULT: {"using":"xpath","value":"//*[@id=\"__tile30\"]"}
COMMAND: POST /session/fdb2eb18e9de7f55d42e953fc9ac8efb/element/f.65777815963AB190D0E426F0C4C24000.d.863A7FC8FCD72A1EFB966D3142080771.e.3087/click - {}
RESULT: {}
RESULT: {}
COMMAND: POST /session/fdb2eb18e9de7f55d42e953fc9ac8efb/element - {"using":"xpath","value":"//button[@data-kt=\"addButton\"]"}
COMMAND: GET /session/fdb2eb18e9de7f55d42e953fc9ac8efb/screenshot - {}
RESULT: {"using":"xpath","value":"//button[@data-kt=\"addButton\"]"}
COMMAND: POST /session/fdb2eb18e9de7f55d42e953fc9ac8efb/elements - {"using":"xpath","value":"//button[@data-kt=\"addButton\"]"}
RESULT: {}
RESULT: {"using":"xpath","value":"//button[@data-kt=\"addButton\"]"}
COMMAND: POST /session/fdb2eb18e9de7f55d42e953fc9ac8efb/elements - {"using":"xpath","value":"//button[@data-kt=\"addButton\"]"}
RESULT: {"using":"xpath","value":"//button[@data-kt=\"addButton\"]"}
COMMAND: POST /session/fdb2eb18e9de7f55d42e953fc9ac8efb/elements - {"using":"xpath","value":"//button[@data-kt=\"addButton\"]"}
RESULT: {"using":"xpath","value":"//button[@data-kt=\"addButton\"]"}
COMMAND: POST /session/fdb2eb18e9de7f55d42e953fc9ac8efb/elements - {"using":"xpath","value":"//button[@data-kt=\"addButton\"]"}
RESULT: {"using":"xpath","value":"//button[@data-kt=\"addButton\"]"}
COMMAND: POST /session/fdb2eb18e9de7f55d42e953fc9ac8efb/elements - {"using":"xpath","value":"//button[@data-kt=\"addButton\"]"}
RESULT: {"using":"xpath","value":"//button[@data-kt=\"addButton\"]"}
COMMAND: POST /session/fdb2eb18e9de7f55d42e953fc9ac8efb/elements - {"using":"xpath","value":"//button[@data-kt=\"addButton\"]"}
RESULT: {"using":"xpath","value":"//button[@data-kt=\"addButton\"]"}
COMMAND: POST /session/fdb2eb18e9de7f55d42e953fc9ac8efb/elements - {"using":"xpath","value":"//button[@data-kt=\"addButton\"]"}
RESULT: {"using":"xpath","value":"//button[@data-kt=\"addButton\"]"}
COMMAND: POST /session/fdb2eb18e9de7f55d42e953fc9ac8efb/elements - {"using":"xpath","value":"//button[@data-kt=\"addButton\"]"}
RESULT: {"using":"xpath","value":"//button[@data-kt=\"addButton\"]"}
COMMAND: POST /session/fdb2eb18e9de7f55d42e953fc9ac8efb/elements - {"using":"xpath","value":"//button[@data-kt=\"addButton\"]"}
RESULT: {"using":"xpath","value":"//button[@data-kt=\"addButton\"]"}
COMMAND: POST /session/fdb2eb18e9de7f55d42e953fc9ac8efb/elements - {"using":"xpath","value":"//button[@data-kt=\"addButton\"]"}
RESULT: {"using":"xpath","value":"//button[@data-kt=\"addButton\"]"}
COMMAND: POST /session/fdb2eb18e9de7f55d42e953fc9ac8efb/elements - {"using":"xpath","value":"//button[@data-kt=\"addButton\"]"}
RESULT: {"using":"xpath","value":"//button[@data-kt=\"addButton\"]"}
COMMAND: POST /session/fdb2eb18e9de7f55d42e953fc9ac8efb/elements - {"using":"xpath","value":"//button[@data-kt=\"addButton\"]"}
RESULT: {"using":"xpath","value":"//button[@data-kt=\"addButton\"]"}
COMMAND: POST /session/fdb2eb18e9de7f55d42e953fc9ac8efb/elements - {"using":"xpath","value":"//button[@data-kt=\"addButton\"]"}
RESULT: {"using":"xpath","value":"//button[@data-kt=\"addButton\"]"}
COMMAND: POST /session/fdb2eb18e9de7f55d42e953fc9ac8efb/elements - {"using":"xpath","value":"//button[@data-kt=\"addButton\"]"}
RESULT: {"using":"xpath","value":"//button[@data-kt=\"addButton\"]"}
COMMAND: POST /session/fdb2eb18e9de7f55d42e953fc9ac8efb/elements - {"using":"xpath","value":"//button[@data-kt=\"addButton\"]"}
RESULT: {"using":"xpath","value":"//button[@data-kt=\"addButton\"]"}
COMMAND: POST /session/fdb2eb18e9de7f55d42e953fc9ac8efb/elements - {"using":"xpath","value":"//button[@data-kt=\"addButton\"]"}
RESULT: {"using":"xpath","value":"//button[@data-kt=\"addButton\"]"}
COMMAND: POST /session/fdb2eb18e9de7f55d42e953fc9ac8efb/elements - {"using":"xpath","value":"//button[@data-kt=\"addButton\"]"}
RESULT: {"using":"xpath","value":"//button[@data-kt=\"addButton\"]"}
COMMAND: POST /session/fdb2eb18e9de7f55d42e953fc9ac8efb/elements - {"using":"xpath","value":"//button[@data-kt=\"addButton\"]"}
RESULT: {"using":"xpath","value":"//button[@data-kt=\"addButton\"]"}
COMMAND: POST /session/fdb2eb18e9de7f55d42e953fc9ac8efb/elements - {"using":"xpath","value":"//button[@data-kt=\"addButton\"]"}
RESULT: {"using":"xpath","value":"//button[@data-kt=\"addButton\"]"}
COMMAND: POST /session/fdb2eb18e9de7f55d42e953fc9ac8efb/elements - {"using":"xpath","value":"//button[@data-kt=\"addButton\"]"}
RESULT: {"using":"xpath","value":"//button[@data-kt=\"addButton\"]"}
COMMAND: POST /session/fdb2eb18e9de7f55d42e953fc9ac8efb/elements - {"using":"xpath","value":"//button[@data-kt=\"addButton\"]"}
RESULT: {"using":"xpath","value":"//button[@data-kt=\"addButton\"]"}
COMMAND: POST /session/fdb2eb18e9de7f55d42e953fc9ac8efb/elements - {"using":"xpath","value":"//button[@data-kt=\"addButton\"]"}
RESULT: {"using":"xpath","value":"//button[@data-kt=\"addButton\"]"}
COMMAND: POST /session/fdb2eb18e9de7f55d42e953fc9ac8efb/elements - {"using":"xpath","value":"//button[@data-kt=\"addButton\"]"}
RESULT: {"using":"xpath","value":"//button[@data-kt=\"addButton\"]"}
COMMAND: POST /session/fdb2eb18e9de7f55d42e953fc9ac8efb/elements - {"using":"xpath","value":"//button[@data-kt=\"addButton\"]"}
RESULT: {"using":"xpath","value":"//button[@data-kt=\"addButton\"]"}
COMMAND: POST /session/fdb2eb18e9de7f55d42e953fc9ac8efb/elements - {"using":"xpath","value":"//button[@data-kt=\"addButton\"]"}
RESULT: {"using":"xpath","value":"//button[@data-kt=\"addButton\"]"}
COMMAND: POST /session/fdb2eb18e9de7f55d42e953fc9ac8efb/elements - {"using":"xpath","value":"//button[@data-kt=\"addButton\"]"}
RESULT: {"using":"xpath","value":"//button[@data-kt=\"addButton\"]"}
COMMAND: POST /session/fdb2eb18e9de7f55d42e953fc9ac8efb/elements - {"using":"xpath","value":"//button[@data-kt=\"addButton\"]"}
RESULT: {"using":"xpath","value":"//button[@data-kt=\"addButton\"]"}
COMMAND: POST /session/fdb2eb18e9de7f55d42e953fc9ac8efb/elements - {"using":"xpath","value":"//button[@data-kt=\"addButton\"]"}
RESULT: {"using":"xpath","value":"//button[@data-kt=\"addButton\"]"}
COMMAND: POST /session/fdb2eb18e9de7f55d42e953fc9ac8efb/elements - {"using":"xpath","value":"//button[@data-kt=\"addButton\"]"}
RESULT: {"using":"xpath","value":"//button[@data-kt=\"addButton\"]"}
COMMAND: POST /session/fdb2eb18e9de7f55d42e953fc9ac8efb/elements - {"using":"xpath","value":"//button[@data-kt=\"addButton\"]"}
RESULT: {"using":"xpath","value":"//button[@data-kt=\"addButton\"]"}
COMMAND: POST /session/fdb2eb18e9de7f55d42e953fc9ac8efb/elements - {"using":"xpath","value":"//button[@data-kt=\"addButton\"]"}
RESULT: {"using":"xpath","value":"//button[@data-kt=\"addButton\"]"}
COMMAND: POST /session/fdb2eb18e9de7f55d42e953fc9ac8efb/elements - {"using":"xpath","value":"//button[@data-kt=\"addButton\"]"}
RESULT: {"using":"xpath","value":"//button[@data-kt=\"addButton\"]"}
COMMAND: POST /session/fdb2eb18e9de7f55d42e953fc9ac8efb/elements - {"using":"xpath","value":"//button[@data-kt=\"addButton\"]"}
RESULT: {"using":"xpath","value":"//button[@data-kt=\"addButton\"]"}
COMMAND: POST /session/fdb2eb18e9de7f55d42e953fc9ac8efb/elements - {"using":"xpath","value":"//button[@data-kt=\"addButton\"]"}
RESULT: {"using":"xpath","value":"//button[@data-kt=\"addButton\"]"}
COMMAND: POST /session/fdb2eb18e9de7f55d42e953fc9ac8efb/elements - {"using":"xpath","value":"//button[@data-kt=\"addButton\"]"}
RESULT: {"using":"xpath","value":"//button[@data-kt=\"addButton\"]"}
COMMAND: POST /session/fdb2eb18e9de7f55d42e953fc9ac8efb/elements - {"using":"xpath","value":"//button[@data-kt=\"addButton\"]"}
RESULT: {"using":"xpath","value":"//button[@data-kt=\"addButton\"]"}
COMMAND: POST /session/fdb2eb18e9de7f55d42e953fc9ac8efb/elements - {"using":"xpath","value":"//button[@data-kt=\"addButton\"]"}
RESULT: {"using":"xpath","value":"//button[@data-kt=\"addButton\"]"}
COMMAND: POST /session/fdb2eb18e9de7f55d42e953fc9ac8efb/elements - {"using":"xpath","value":"//button[@data-kt=\"addButton\"]"}
RESULT: {"using":"xpath","value":"//button[@data-kt=\"addButton\"]"}
COMMAND: POST /session/fdb2eb18e9de7f55d42e953fc9ac8efb/elements - {"using":"xpath","value":"//button[@data-kt=\"addButton\"]"}
RESULT: {"using":"xpath","value":"//button[@data-kt=\"addButton\"]"}
COMMAND: POST /session/fdb2eb18e9de7f55d42e953fc9ac8efb/elements - {"using":"xpath","value":"//button[@data-kt=\"addButton\"]"}
RESULT: {"using":"xpath","value":"//button[@data-kt=\"addButton\"]"}
COMMAND: POST /session/fdb2eb18e9de7f55d42e953fc9ac8efb/element - {"using":"xpath","value":"//button[@data-kt=\"addButton\"]"}
RESULT: {"using":"xpath","value":"//button[@data-kt=\"addButton\"]"}
COMMAND: POST /session/fdb2eb18e9de7f55d42e953fc9ac8efb/execute/sync - {"script":"<script> [8489 bytes]","args":[{"element-6066-11e4-a52e-4f735466cecf":"f.65777815963AB190D0E426F0C4C24000.d.863A7FC8FCD72A1EFB966D3142080771.e.3997","ELEMENT":"f.65777815963AB190D0E426F0C4C24000.d.863A7FC8FCD72A1EFB966D3142080771.e.3997"}]}
RESULT: {"script":"<script> [8489 bytes]","args":[{"element-6066-11e4-a52e-4f735466cecf":"f.65777815963AB190D0E426F0C4C24000.d.863A7FC8FCD72A1EFB966D3142080771.e.3997","ELEMENT":"f.65777815963AB190D0E426F0C4C24000.d.863A7FC8FCD72A1EFB966D3142080771.e.3997"}]}
COMMAND: GET /session/fdb2eb18e9de7f55d42e953fc9ac8efb/element/f.65777815963AB190D0E426F0C4C24000.d.863A7FC8FCD72A1EFB966D3142080771.e.3997/enabled - {}
COMMAND: GET /session/fdb2eb18e9de7f55d42e953fc9ac8efb/screenshot - {}
RESULT: {}
COMMAND: POST /session/fdb2eb18e9de7f55d42e953fc9ac8efb/execute/sync - {"script":"<script> [8489 bytes]","args":[{"element-6066-11e4-a52e-4f735466cecf":"f.65777815963AB190D0E426F0C4C24000.d.863A7FC8FCD72A1EFB966D3142080771.e.3997","ELEMENT":"f.65777815963AB190D0E426F0C4C24000.d.863A7FC8FCD72A1EFB966D3142080771.e.3997"}]}
COMMAND: GET /session/fdb2eb18e9de7f55d42e953fc9ac8efb/screenshot - {}
RESULT: {}
RESULT: {"script":"<script> [8489 bytes]","args":[{"element-6066-11e4-a52e-4f735466cecf":"f.65777815963AB190D0E426F0C4C24000.d.863A7FC8FCD72A1EFB966D3142080771.e.3997","ELEMENT":"f.65777815963AB190D0E426F0C4C24000.d.863A7FC8FCD72A1EFB966D3142080771.e.3997"}]}
COMMAND: POST /session/fdb2eb18e9de7f55d42e953fc9ac8efb/execute/sync - {"script":"<script> [5351 bytes]","args":[{"element-6066-11e4-a52e-4f735466cecf":"f.65777815963AB190D0E426F0C4C24000.d.863A7FC8FCD72A1EFB966D3142080771.e.3997","ELEMENT":"f.65777815963AB190D0E426F0C4C24000.d.863A7FC8FCD72A1EFB966D3142080771.e.3997"}]}
COMMAND: GET /session/fdb2eb18e9de7f55d42e953fc9ac8efb/screenshot - {}
RESULT: {}
RESULT: {"script":"<script> [5351 bytes]","args":[{"element-6066-11e4-a52e-4f735466cecf":"f.65777815963AB190D0E426F0C4C24000.d.863A7FC8FCD72A1EFB966D3142080771.e.3997","ELEMENT":"f.65777815963AB190D0E426F0C4C24000.d.863A7FC8FCD72A1EFB966D3142080771.e.3997"}]}
COMMAND: GET /session/fdb2eb18e9de7f55d42e953fc9ac8efb/screenshot - {}
RESULT: {}
RESULT: {}
COMMAND: POST /session/fdb2eb18e9de7f55d42e953fc9ac8efb/execute/async - {"script":"<script> [1562 bytes]","args":[{"selector":{"id":"application-managepartners-display-component---masterPtm--smartFilterBar-btnBasicSearch","interaction":{"idSuffix":"I"}},"wdio_ui5_key":"applicationmanagepartners-display-component---masterPtm--smartFilterBar-btnBasicSearch"}]}
RESULT: {"script":"<script> [1562 bytes]","args":[{"selector":{"id":"application-managepartners-display-component---masterPtm--smartFilterBar-btnBasicSearch","interaction":{"idSuffix":"I"}},"wdio_ui5_key":"applicationmanagepartners-display-component---masterPtm--smartFilterBar-btnBasicSearch"}]}
RESULT: undefined
COMMAND: POST /session/fdb2eb18e9de7f55d42e953fc9ac8efb/execute/async - {"script":"<script> [776 bytes]","args":[{"enterText":"1389","selector":{"id":"application-managepartners-display-component---masterPtm--smartFilterBar-btnBasicSearch","interaction":{"idSuffix":"I"}},"clearTextFirst":true,"interactionType":"ENTER_TEXT"}]}
RESULT: {"script":"<script> [776 bytes]","args":[{"enterText":"1389","selector":{"id":"application-managepartners-display-component---masterPtm--smartFilterBar-btnBasicSearch","interaction":{"idSuffix":"I"}},"clearTextFirst":true,"interactionType":"ENTER_TEXT"}]}
COMMAND: POST /session/fdb2eb18e9de7f55d42e953fc9ac8efb/actions - {"actions":[{"id":"action11","type":"key","parameters":{},"actions":[{"type":"keyDown","value":"î€‡"},{"type":"pause","duration":10},{"type":"keyUp","value":"î€‡"}]}]}
RESULT: {"actions":[{"id":"action11","type":"key","parameters":{},"actions":[{"type":"keyDown","value":"î€‡"},{"type":"pause","duration":10},{"type":"keyUp","value":"î€‡"}]}]}
COMMAND: GET /session/fdb2eb18e9de7f55d42e953fc9ac8efb/screenshot - {}
RESULT: {}
COMMAND: POST /session/fdb2eb18e9de7f55d42e953fc9ac8efb/elements - {"using":"xpath","value":"//table[contains(@id, \"customPartnersTable-listUl\")]/tbody/tr"}
RESULT: {"using":"xpath","value":"//table[contains(@id, \"customPartnersTable-listUl\")]/tbody/tr"}
COMMAND: POST /session/fdb2eb18e9de7f55d42e953fc9ac8efb/element - {"using":"xpath","value":"//table[contains(@id, \"customPartnersTable-listUl\")]/tbody/tr[1]/td[3]/span"}
RESULT: {"using":"xpath","value":"//table[contains(@id, \"customPartnersTable-listUl\")]/tbody/tr[1]/td[3]/span"}
COMMAND: POST /session/fdb2eb18e9de7f55d42e953fc9ac8efb/elements - {"using":"xpath","value":"//table[contains(@id, \"customPartnersTable-listUl\")]/tbody/tr[1]/td[3]/span"}
RESULT: {"using":"xpath","value":"//table[contains(@id, \"customPartnersTable-listUl\")]/tbody/tr[1]/td[3]/span"}
COMMAND: POST /session/fdb2eb18e9de7f55d42e953fc9ac8efb/execute/sync - {"script":"<script> [56 bytes]","args":[{"element-6066-11e4-a52e-4f735466cecf":"f.65777815963AB190D0E426F0C4C24000.d.863A7FC8FCD72A1EFB966D3142080771.e.4142","ELEMENT":"f.65777815963AB190D0E426F0C4C24000.d.863A7FC8FCD72A1EFB966D3142080771.e.4142"}]}
RESULT: {"script":"<script> [56 bytes]","args":[{"element-6066-11e4-a52e-4f735466cecf":"f.65777815963AB190D0E426F0C4C24000.d.863A7FC8FCD72A1EFB966D3142080771.e.4142","ELEMENT":"f.65777815963AB190D0E426F0C4C24000.d.863A7FC8FCD72A1EFB966D3142080771.e.4142"}]}
COMMAND: POST /session/fdb2eb18e9de7f55d42e953fc9ac8efb/element - {"using":"xpath","value":"(//span[contains(@id, \"imgNav\")])[1]"}
COMMAND: GET /session/fdb2eb18e9de7f55d42e953fc9ac8efb/screenshot - {}
RESULT: {"using":"xpath","value":"(//span[contains(@id, \"imgNav\")])[1]"}
COMMAND: POST /session/fdb2eb18e9de7f55d42e953fc9ac8efb/element/f.65777815963AB190D0E426F0C4C24000.d.863A7FC8FCD72A1EFB966D3142080771.e.4140/click - {}
RESULT: {}
RESULT: {}
COMMAND: GET /session/fdb2eb18e9de7f55d42e953fc9ac8efb/screenshot - {}
RESULT: {}
COMMAND: POST /session/fdb2eb18e9de7f55d42e953fc9ac8efb/element - {"using":"xpath","value":"//bdi[contains(text(), \"Edit\")]"}
RESULT: {"using":"xpath","value":"//bdi[contains(text(), \"Edit\")]"}
COMMAND: POST /session/fdb2eb18e9de7f55d42e953fc9ac8efb/element/f.65777815963AB190D0E426F0C4C24000.d.863A7FC8FCD72A1EFB966D3142080771.e.4288/click - {}
RESULT: {}
COMMAND: GET /session/fdb2eb18e9de7f55d42e953fc9ac8efb/screenshot - {}
RESULT: {}
COMMAND: POST /session/fdb2eb18e9de7f55d42e953fc9ac8efb/execute/async - {"script":"<script> [1562 bytes]","args":[{"selector":{"controlType":"sap.m.Input","viewName":"etm.portal.ui.managepartners.view.EditDetail","labelFor":{"text":"Name"},"interaction":{"idSuffix":"inner"}},"wdio_ui5_key":"etmportal.ui.managepartners.view.EditDetailsap.m.Input{\"text\":\"Name\"}"}]}
RESULT: {"script":"<script> [1562 bytes]","args":[{"selector":{"controlType":"sap.m.Input","viewName":"etm.portal.ui.managepartners.view.EditDetail","labelFor":{"text":"Name"},"interaction":{"idSuffix":"inner"}},"wdio_ui5_key":"etmportal.ui.managepartners.view.EditDetailsap.m.Input{\"text\":\"Name\"}"}]}
RESULT: undefined
COMMAND: POST /session/fdb2eb18e9de7f55d42e953fc9ac8efb/execute/async - {"script":"<script> [776 bytes]","args":[{"enterText":"Intercompany EDIT","selector":{"controlType":"sap.m.Input","viewName":"etm.portal.ui.managepartners.view.EditDetail","labelFor":{"text":"Name"},"interaction":{"idSuffix":"inner"}},"clearTextFirst":true,"interactionType":"ENTER_TEXT"}]}
RESULT: {"script":"<script> [776 bytes]","args":[{"enterText":"Intercompany EDIT","selector":{"controlType":"sap.m.Input","viewName":"etm.portal.ui.managepartners.view.EditDetail","labelFor":{"text":"Name"},"interaction":{"idSuffix":"inner"}},"clearTextFirst":true,"interactionType":"ENTER_TEXT"}]}
COMMAND: POST /session/fdb2eb18e9de7f55d42e953fc9ac8efb/element - {"using":"xpath","value":"(//span[contains(@id,\"addressDetailDetailsLanguage-arrow\")])[1]"}
RESULT: {"using":"xpath","value":"(//span[contains(@id,\"addressDetailDetailsLanguage-arrow\")])[1]"}
COMMAND: POST /session/fdb2eb18e9de7f55d42e953fc9ac8efb/element/f.65777815963AB190D0E426F0C4C24000.d.863A7FC8FCD72A1EFB966D3142080771.e.4372/click - {}
RESULT: {}
COMMAND: POST /session/fdb2eb18e9de7f55d42e953fc9ac8efb/element - {"using":"xpath","value":"//span[contains(text(), \"Chinese\")]"}
COMMAND: GET /session/fdb2eb18e9de7f55d42e953fc9ac8efb/screenshot - {}
RESULT: {"using":"xpath","value":"//span[contains(text(), \"Chinese\")]"}
COMMAND: POST /session/fdb2eb18e9de7f55d42e953fc9ac8efb/element/f.65777815963AB190D0E426F0C4C24000.d.863A7FC8FCD72A1EFB966D3142080771.e.4373/click - {}
RESULT: {}
RESULT: {}
COMMAND: GET /session/fdb2eb18e9de7f55d42e953fc9ac8efb/screenshot - {}
RESULT: {}
COMMAND: POST /session/fdb2eb18e9de7f55d42e953fc9ac8efb/execute/async - {"script":"<script> [1562 bytes]","args":[{"selector":{"controlType":"sap.m.Input","viewName":"etm.portal.ui.managepartners.view.EditDetail","labelFor":{"text":"City"},"interaction":{"idSuffix":"inner"}},"wdio_ui5_key":"etmportal.ui.managepartners.view.EditDetailsap.m.Input{\"text\":\"City\"}"}]}
RESULT: {"script":"<script> [1562 bytes]","args":[{"selector":{"controlType":"sap.m.Input","viewName":"etm.portal.ui.managepartners.view.EditDetail","labelFor":{"text":"City"},"interaction":{"idSuffix":"inner"}},"wdio_ui5_key":"etmportal.ui.managepartners.view.EditDetailsap.m.Input{\"text\":\"City\"}"}]}
RESULT: undefined
COMMAND: POST /session/fdb2eb18e9de7f55d42e953fc9ac8efb/execute/async - {"script":"<script> [776 bytes]","args":[{"enterText":"Clooj-Napoca","selector":{"controlType":"sap.m.Input","viewName":"etm.portal.ui.managepartners.view.EditDetail","labelFor":{"text":"City"},"interaction":{"idSuffix":"inner"}},"clearTextFirst":true,"interactionType":"ENTER_TEXT"}]}
RESULT: {"script":"<script> [776 bytes]","args":[{"enterText":"Clooj-Napoca","selector":{"controlType":"sap.m.Input","viewName":"etm.portal.ui.managepartners.view.EditDetail","labelFor":{"text":"City"},"interaction":{"idSuffix":"inner"}},"clearTextFirst":true,"interactionType":"ENTER_TEXT"}]}
COMMAND: POST /session/fdb2eb18e9de7f55d42e953fc9ac8efb/element - {"using":"xpath","value":"//button[@data-kt=\"saveButton\"]"}
RESULT: {"using":"xpath","value":"//button[@data-kt=\"saveButton\"]"}
COMMAND: POST /session/fdb2eb18e9de7f55d42e953fc9ac8efb/element/f.65777815963AB190D0E426F0C4C24000.d.863A7FC8FCD72A1EFB966D3142080771.e.4351/click - {}
RESULT: {}
COMMAND: GET /session/fdb2eb18e9de7f55d42e953fc9ac8efb/screenshot - {}
RESULT: {}
COMMAND: POST /session/fdb2eb18e9de7f55d42e953fc9ac8efb/execute/async - {"script":"<script> [1562 bytes]","args":[{"selector":{"id":"application-managepartners-display-component---detailPtm--addressDetailDetailsName1"},"wdio_ui5_key":"applicationmanagepartners-display-component---detailPtm--addressDetailDetailsName1"}]}
RESULT: {"script":"<script> [1562 bytes]","args":[{"selector":{"id":"application-managepartners-display-component---detailPtm--addressDetailDetailsName1"},"wdio_ui5_key":"applicationmanagepartners-display-component---detailPtm--addressDetailDetailsName1"}]}
RESULT: undefined
COMMAND: POST /session/fdb2eb18e9de7f55d42e953fc9ac8efb/execute/async - {"script":"<script> [6424 bytes]","args":[{"element-6066-11e4-a52e-4f735466cecf":"f.65777815963AB190D0E426F0C4C24000.d.863A7FC8FCD72A1EFB966D3142080771.e.4404"},"getValue",[]]}
RESULT: {"script":"<script> [6424 bytes]","args":[{"element-6066-11e4-a52e-4f735466cecf":"f.65777815963AB190D0E426F0C4C24000.d.863A7FC8FCD72A1EFB966D3142080771.e.4404"},"getValue",[]]}
COMMAND: POST /session/fdb2eb18e9de7f55d42e953fc9ac8efb/element - {"using":"xpath","value":"//input[@id = \"application-managepartners-display-component---detailPtm--addressDetailDetailsLanguage-inner\"]"}
RESULT: {"using":"xpath","value":"//input[@id = \"application-managepartners-display-component---detailPtm--addressDetailDetailsLanguage-inner\"]"}
COMMAND: GET /session/fdb2eb18e9de7f55d42e953fc9ac8efb/element/f.65777815963AB190D0E426F0C4C24000.d.863A7FC8FCD72A1EFB966D3142080771.e.4405/property/value - {}
RESULT: {}
COMMAND: POST /session/fdb2eb18e9de7f55d42e953fc9ac8efb/execute/async - {"script":"<script> [1562 bytes]","args":[{"selector":{"id":"application-managepartners-display-component---detailPtm--addressDetailDetailsCity1"},"wdio_ui5_key":"applicationmanagepartners-display-component---detailPtm--addressDetailDetailsCity1"}]}
COMMAND: GET /session/fdb2eb18e9de7f55d42e953fc9ac8efb/screenshot - {}
RESULT: {}
RESULT: {"script":"<script> [1562 bytes]","args":[{"selector":{"id":"application-managepartners-display-component---detailPtm--addressDetailDetailsCity1"},"wdio_ui5_key":"applicationmanagepartners-display-component---detailPtm--addressDetailDetailsCity1"}]}
RESULT: undefined
COMMAND: POST /session/fdb2eb18e9de7f55d42e953fc9ac8efb/execute/async - {"script":"<script> [6424 bytes]","args":[{"element-6066-11e4-a52e-4f735466cecf":"f.65777815963AB190D0E426F0C4C24000.d.863A7FC8FCD72A1EFB966D3142080771.e.4406"},"getValue",[]]}
RESULT: {"script":"<script> [6424 bytes]","args":[{"element-6066-11e4-a52e-4f735466cecf":"f.65777815963AB190D0E426F0C4C24000.d.863A7FC8FCD72A1EFB966D3142080771.e.4406"},"getValue",[]]}
COMMAND: POST /session/fdb2eb18e9de7f55d42e953fc9ac8efb/element - {"using":"css selector","value":"#shell-header-logo"}
RESULT: {"using":"css selector","value":"#shell-header-logo"}
COMMAND: POST /session/fdb2eb18e9de7f55d42e953fc9ac8efb/element/f.65777815963AB190D0E426F0C4C24000.d.863A7FC8FCD72A1EFB966D3142080771.e.3964/click - {}
RESULT: {}
COMMAND: GET /session/fdb2eb18e9de7f55d42e953fc9ac8efb/screenshot - {}
RESULT: {}
]]></system-out>
    </testcase>
    <testcase classname="chrome.135_0_7049_96.windows.Partner_specific_tests_US150819_US151080_US151654_US151176_US103444_US151078_US151079_US151109_US151174_US151175_US151189" name="Should create a new intracompany partner edit some of its fields US151079" time="236.957">
      <system-out><![CDATA[
COMMAND: POST /session/fdb2eb18e9de7f55d42e953fc9ac8efb/element - {"using":"xpath","value":"//li[.//span[text()=\"Manage Partners\"]]"}
RESULT: {"using":"xpath","value":"//li[.//span[text()=\"Manage Partners\"]]"}
COMMAND: POST /session/fdb2eb18e9de7f55d42e953fc9ac8efb/element - {"using":"xpath","value":"//li[.//span[text()=\"Manage Partners\"]]"}
RESULT: {"using":"xpath","value":"//li[.//span[text()=\"Manage Partners\"]]"}
COMMAND: POST /session/fdb2eb18e9de7f55d42e953fc9ac8efb/element - {"using":"css selector","value":"#shell-header-logo"}
RESULT: {"using":"css selector","value":"#shell-header-logo"}
COMMAND: POST /session/fdb2eb18e9de7f55d42e953fc9ac8efb/element/f.65777815963AB190D0E426F0C4C24000.d.863A7FC8FCD72A1EFB966D3142080771.e.4436/click - {}
COMMAND: POST /session/fdb2eb18e9de7f55d42e953fc9ac8efb/execute/sync - {"script":"<script> [8489 bytes]","args":[{"element-6066-11e4-a52e-4f735466cecf":"f.65777815963AB190D0E426F0C4C24000.d.863A7FC8FCD72A1EFB966D3142080771.e.4436","ELEMENT":"f.65777815963AB190D0E426F0C4C24000.d.863A7FC8FCD72A1EFB966D3142080771.e.4436"}]}
RESULT: {"script":"<script> [8489 bytes]","args":[{"element-6066-11e4-a52e-4f735466cecf":"f.65777815963AB190D0E426F0C4C24000.d.863A7FC8FCD72A1EFB966D3142080771.e.4436","ELEMENT":"f.65777815963AB190D0E426F0C4C24000.d.863A7FC8FCD72A1EFB966D3142080771.e.4436"}]}
COMMAND: POST /session/fdb2eb18e9de7f55d42e953fc9ac8efb/execute/sync - {"script":"<script> [5351 bytes]","args":[{"element-6066-11e4-a52e-4f735466cecf":"f.65777815963AB190D0E426F0C4C24000.d.863A7FC8FCD72A1EFB966D3142080771.e.4436","ELEMENT":"f.65777815963AB190D0E426F0C4C24000.d.863A7FC8FCD72A1EFB966D3142080771.e.4436"}]}
COMMAND: GET /session/fdb2eb18e9de7f55d42e953fc9ac8efb/screenshot - {}
RESULT: {}
COMMAND: GET /session/fdb2eb18e9de7f55d42e953fc9ac8efb/screenshot - {}
RESULT: {"script":"<script> [5351 bytes]","args":[{"element-6066-11e4-a52e-4f735466cecf":"f.65777815963AB190D0E426F0C4C24000.d.863A7FC8FCD72A1EFB966D3142080771.e.4436","ELEMENT":"f.65777815963AB190D0E426F0C4C24000.d.863A7FC8FCD72A1EFB966D3142080771.e.4436"}]}
COMMAND: GET /session/fdb2eb18e9de7f55d42e953fc9ac8efb/screenshot - {}
RESULT: {}
RESULT: {}
RESULT: {}
COMMAND: POST /session/fdb2eb18e9de7f55d42e953fc9ac8efb/refresh - {}
RESULT: {}
COMMAND: GET /session/fdb2eb18e9de7f55d42e953fc9ac8efb/screenshot - {}
RESULT: {}
COMMAND: POST /session/fdb2eb18e9de7f55d42e953fc9ac8efb/refresh - {}
RESULT: {}
COMMAND: GET /session/fdb2eb18e9de7f55d42e953fc9ac8efb/screenshot - {}
RESULT: {}
COMMAND: POST /session/fdb2eb18e9de7f55d42e953fc9ac8efb/window/fullscreen - {}
RESULT: {}
COMMAND: POST /session/fdb2eb18e9de7f55d42e953fc9ac8efb/execute/async - {"script":"<script> [189 bytes]","args":[]}
RESULT: {"script":"<script> [189 bytes]","args":[]}
COMMAND: POST /session/fdb2eb18e9de7f55d42e953fc9ac8efb/execute/async - {"script":"<script> [123 bytes]","args":[]}
RESULT: {"script":"<script> [123 bytes]","args":[]}
COMMAND: POST /session/fdb2eb18e9de7f55d42e953fc9ac8efb/timeouts - {"script":"<number>"}
RESULT: {"script":"<number>"}
COMMAND: GET /session/fdb2eb18e9de7f55d42e953fc9ac8efb/timeouts - {}
RESULT: {}
RESULT: undefined
COMMAND: POST /session/fdb2eb18e9de7f55d42e953fc9ac8efb/execute/async - {"script":"<script> [2676 bytes]","args":[]}
RESULT: {"script":"<script> [2676 bytes]","args":[]}
COMMAND: POST /session/fdb2eb18e9de7f55d42e953fc9ac8efb/execute/async - {"script":"<script> [2342 bytes]","args":[{"protocol":"http","hostname":"0.0.0.0","path":"/","capabilities":{"browserName":"chrome","goog:chromeOptions":{"binary":"C:\\Program Files\\Google\\Chrome\\Application\\chrome.exe","args":["--start-maximized"]}},"logLevel":"warn","connectionRetryTimeout":120000,"connectionRetryCount":3,"logLevels":{},"enableDirectConnect":true,"strictSSL":true,"_":"65 more keys: [\"cacheDir\",\"port\",\"requestedCapabilities\",\"automationProtocol\",\"baseUrl\",\"waitforInterval\",\"waitforTimeout\",\"onReload\",\"beforeCommand\",\"afterCommand\",\"rootDir\",\"specs\",\"suites\",\"exclude\",\"groupLogsByTestSpec\",\"excludeDriverLogs\",\"bail\",\"framework\",\"reporters\",\"services\",\"maxInstances\",\"maxInstancesPerCapability\",\"injectGlobals\",\"filesToWatch\",\"execArgv\",\"runnerEnv\",\"runner\",\"shard\",\"specFileRetries\",\"specFileRetriesDelay\",\"specFileRetriesDeferred\",\"reporterSyncInterval\",\"reporterSyncTimeout\",\"cucumberFeaturesWithLineNumbers\",\"autoCompileOpts\",\"mochaOpts\",\"jasmineOpts\",\"cucumberOpts\",\"onPrepare\",\"onWorkerStart\",\"onWorkerEnd\",\"before\",\"beforeSession\",\"beforeSuite\",\"beforeHook\",\"beforeTest\",\"afterTest\",\"afterHook\",\"afterSuite\",\"afterSession\",\"after\",\"onComplete\",\"beforeAssertion\",\"afterAssertion\",\"beforeFeature\",\"beforeScenario\",\"beforeStep\",\"afterStep\",\"afterScenario\",\"afterFeature\",\"_\",\"suite\",\"$0\",\"ignoredWorkerServices\",\"wdi5\"]"}]}
RESULT: {"script":"<script> [2342 bytes]","args":[{"protocol":"http","hostname":"0.0.0.0","path":"/","capabilities":{"browserName":"chrome","goog:chromeOptions":{"binary":"C:\\Program Files\\Google\\Chrome\\Application\\chrome.exe","args":["--start-maximized"]}},"logLevel":"warn","connectionRetryTimeout":120000,"connectionRetryCount":3,"logLevels":{},"enableDirectConnect":true,"strictSSL":true,"_":"65 more keys: [\"cacheDir\",\"port\",\"requestedCapabilities\",\"automationProtocol\",\"baseUrl\",\"waitforInterval\",\"waitforTimeout\",\"onReload\",\"beforeCommand\",\"afterCommand\",\"rootDir\",\"specs\",\"suites\",\"exclude\",\"groupLogsByTestSpec\",\"excludeDriverLogs\",\"bail\",\"framework\",\"reporters\",\"services\",\"maxInstances\",\"maxInstancesPerCapability\",\"injectGlobals\",\"filesToWatch\",\"execArgv\",\"runnerEnv\",\"runner\",\"shard\",\"specFileRetries\",\"specFileRetriesDelay\",\"specFileRetriesDeferred\",\"reporterSyncInterval\",\"reporterSyncTimeout\",\"cucumberFeaturesWithLineNumbers\",\"autoCompileOpts\",\"mochaOpts\",\"jasmineOpts\",\"cucumberOpts\",\"onPrepare\",\"onWorkerStart\",\"onWorkerEnd\",\"before\",\"beforeSession\",\"beforeSuite\",\"beforeHook\",\"beforeTest\",\"afterTest\",\"afterHook\",\"afterSuite\",\"afterSession\",\"after\",\"onComplete\",\"beforeAssertion\",\"afterAssertion\",\"beforeFeature\",\"beforeScenario\",\"beforeStep\",\"afterStep\",\"afterScenario\",\"afterFeature\",\"_\",\"suite\",\"$0\",\"ignoredWorkerServices\",\"wdi5\"]"}]}
COMMAND: POST /session/fdb2eb18e9de7f55d42e953fc9ac8efb/execute/async - {"script":"<script> [21126 bytes]","args":[35000]}
RESULT: {"script":"<script> [21126 bytes]","args":[35000]}
COMMAND: POST /session/fdb2eb18e9de7f55d42e953fc9ac8efb/window/fullscreen - {}
RESULT: {}
COMMAND: POST /session/fdb2eb18e9de7f55d42e953fc9ac8efb/window/fullscreen - {}
RESULT: {}
COMMAND: POST /session/fdb2eb18e9de7f55d42e953fc9ac8efb/execute/async - {"script":"<script> [1562 bytes]","args":[{"selector":{"controlType":"sap.m.GenericTile","properties":{"header":"Manage Partners"}},"wdio_ui5_key":"sapm.GenericTile{\"header\":\"Manage Partners\"}"}]}
RESULT: {"script":"<script> [1562 bytes]","args":[{"selector":{"controlType":"sap.m.GenericTile","properties":{"header":"Manage Partners"}},"wdio_ui5_key":"sapm.GenericTile{\"header\":\"Manage Partners\"}"}]}
RESULT: undefined
COMMAND: POST /session/fdb2eb18e9de7f55d42e953fc9ac8efb/element - {"using":"xpath","value":"//*[@id=\"__tile30\"]"}
RESULT: {"using":"xpath","value":"//*[@id=\"__tile30\"]"}
COMMAND: POST /session/fdb2eb18e9de7f55d42e953fc9ac8efb/element/f.65777815963AB190D0E426F0C4C24000.d.AEE4D541F627B53CF80F869437AC987E.e.4500/click - {}
RESULT: {}
COMMAND: POST /session/fdb2eb18e9de7f55d42e953fc9ac8efb/element - {"using":"xpath","value":"//button[@data-kt=\"addButton\"]"}
COMMAND: GET /session/fdb2eb18e9de7f55d42e953fc9ac8efb/screenshot - {}
RESULT: {"using":"xpath","value":"//button[@data-kt=\"addButton\"]"}
COMMAND: POST /session/fdb2eb18e9de7f55d42e953fc9ac8efb/elements - {"using":"xpath","value":"//button[@data-kt=\"addButton\"]"}
RESULT: {}
RESULT: {"using":"xpath","value":"//button[@data-kt=\"addButton\"]"}
COMMAND: POST /session/fdb2eb18e9de7f55d42e953fc9ac8efb/element - {"using":"xpath","value":"//button[@data-kt=\"addButton\"]"}
RESULT: {"using":"xpath","value":"//button[@data-kt=\"addButton\"]"}
COMMAND: POST /session/fdb2eb18e9de7f55d42e953fc9ac8efb/execute/sync - {"script":"<script> [8489 bytes]","args":[{"element-6066-11e4-a52e-4f735466cecf":"f.65777815963AB190D0E426F0C4C24000.d.AEE4D541F627B53CF80F869437AC987E.e.4626","ELEMENT":"f.65777815963AB190D0E426F0C4C24000.d.AEE4D541F627B53CF80F869437AC987E.e.4626"}]}
RESULT: {"script":"<script> [8489 bytes]","args":[{"element-6066-11e4-a52e-4f735466cecf":"f.65777815963AB190D0E426F0C4C24000.d.AEE4D541F627B53CF80F869437AC987E.e.4626","ELEMENT":"f.65777815963AB190D0E426F0C4C24000.d.AEE4D541F627B53CF80F869437AC987E.e.4626"}]}
COMMAND: GET /session/fdb2eb18e9de7f55d42e953fc9ac8efb/element/f.65777815963AB190D0E426F0C4C24000.d.AEE4D541F627B53CF80F869437AC987E.e.4626/enabled - {}
COMMAND: GET /session/fdb2eb18e9de7f55d42e953fc9ac8efb/screenshot - {}
RESULT: {}
COMMAND: POST /session/fdb2eb18e9de7f55d42e953fc9ac8efb/execute/sync - {"script":"<script> [8489 bytes]","args":[{"element-6066-11e4-a52e-4f735466cecf":"f.65777815963AB190D0E426F0C4C24000.d.AEE4D541F627B53CF80F869437AC987E.e.4626","ELEMENT":"f.65777815963AB190D0E426F0C4C24000.d.AEE4D541F627B53CF80F869437AC987E.e.4626"}]}
COMMAND: GET /session/fdb2eb18e9de7f55d42e953fc9ac8efb/screenshot - {}
RESULT: {}
RESULT: {"script":"<script> [8489 bytes]","args":[{"element-6066-11e4-a52e-4f735466cecf":"f.65777815963AB190D0E426F0C4C24000.d.AEE4D541F627B53CF80F869437AC987E.e.4626","ELEMENT":"f.65777815963AB190D0E426F0C4C24000.d.AEE4D541F627B53CF80F869437AC987E.e.4626"}]}
COMMAND: POST /session/fdb2eb18e9de7f55d42e953fc9ac8efb/execute/sync - {"script":"<script> [5351 bytes]","args":[{"element-6066-11e4-a52e-4f735466cecf":"f.65777815963AB190D0E426F0C4C24000.d.AEE4D541F627B53CF80F869437AC987E.e.4626","ELEMENT":"f.65777815963AB190D0E426F0C4C24000.d.AEE4D541F627B53CF80F869437AC987E.e.4626"}]}
COMMAND: GET /session/fdb2eb18e9de7f55d42e953fc9ac8efb/screenshot - {}
RESULT: {}
RESULT: {"script":"<script> [5351 bytes]","args":[{"element-6066-11e4-a52e-4f735466cecf":"f.65777815963AB190D0E426F0C4C24000.d.AEE4D541F627B53CF80F869437AC987E.e.4626","ELEMENT":"f.65777815963AB190D0E426F0C4C24000.d.AEE4D541F627B53CF80F869437AC987E.e.4626"}]}
COMMAND: POST /session/fdb2eb18e9de7f55d42e953fc9ac8efb/element/f.65777815963AB190D0E426F0C4C24000.d.AEE4D541F627B53CF80F869437AC987E.e.4626/click - {}
COMMAND: GET /session/fdb2eb18e9de7f55d42e953fc9ac8efb/screenshot - {}
RESULT: {}
RESULT: {}
COMMAND: GET /session/fdb2eb18e9de7f55d42e953fc9ac8efb/screenshot - {}
COMMAND: POST /session/fdb2eb18e9de7f55d42e953fc9ac8efb/execute/async - {"script":"<script> [1562 bytes]","args":[{"selector":{"id":"application-managepartners-display-component---NewPartner--addressDetailDetailsName1","interaction":{"idSuffix":"inner"}},"wdio_ui5_key":"applicationmanagepartners-display-component---NewPartner--addressDetailDetailsName1"}]}
RESULT: {}
RESULT: {}
RESULT: {"script":"<script> [1562 bytes]","args":[{"selector":{"id":"application-managepartners-display-component---NewPartner--addressDetailDetailsName1","interaction":{"idSuffix":"inner"}},"wdio_ui5_key":"applicationmanagepartners-display-component---NewPartner--addressDetailDetailsName1"}]}
RESULT: undefined
COMMAND: POST /session/fdb2eb18e9de7f55d42e953fc9ac8efb/execute/async - {"script":"<script> [776 bytes]","args":[{"enterText":"Intracompany Partner WDIO","selector":{"id":"application-managepartners-display-component---NewPartner--addressDetailDetailsName1","interaction":{"idSuffix":"inner"}},"clearTextFirst":true,"interactionType":"ENTER_TEXT"}]}
RESULT: {"script":"<script> [776 bytes]","args":[{"enterText":"Intracompany Partner WDIO","selector":{"id":"application-managepartners-display-component---NewPartner--addressDetailDetailsName1","interaction":{"idSuffix":"inner"}},"clearTextFirst":true,"interactionType":"ENTER_TEXT"}]}
COMMAND: POST /session/fdb2eb18e9de7f55d42e953fc9ac8efb/execute/async - {"script":"<script> [1562 bytes]","args":[{"selector":{"id":"application-managepartners-display-component---NewPartner--addressDetailDetailsLanguage-arrow"},"wdio_ui5_key":"applicationmanagepartners-display-component---NewPartner--addressDetailDetailsLanguage-arrow"}]}
RESULT: {"script":"<script> [1562 bytes]","args":[{"selector":{"id":"application-managepartners-display-component---NewPartner--addressDetailDetailsLanguage-arrow"},"wdio_ui5_key":"applicationmanagepartners-display-component---NewPartner--addressDetailDetailsLanguage-arrow"}]}
RESULT: undefined
COMMAND: POST /session/fdb2eb18e9de7f55d42e953fc9ac8efb/element - {"using":"xpath","value":"//*[@id=\"application-managepartners-display-component---NewPartner--addressDetailDetailsLanguage-arrow\"]"}
RESULT: {"using":"xpath","value":"//*[@id=\"application-managepartners-display-component---NewPartner--addressDetailDetailsLanguage-arrow\"]"}
COMMAND: POST /session/fdb2eb18e9de7f55d42e953fc9ac8efb/element/f.65777815963AB190D0E426F0C4C24000.d.AEE4D541F627B53CF80F869437AC987E.e.5068/click - {}
RESULT: {}
COMMAND: POST /session/fdb2eb18e9de7f55d42e953fc9ac8efb/element - {"using":"xpath","value":"//span[contains(text(), \"English\")]"}
COMMAND: GET /session/fdb2eb18e9de7f55d42e953fc9ac8efb/screenshot - {}
RESULT: {"using":"xpath","value":"//span[contains(text(), \"English\")]"}
COMMAND: POST /session/fdb2eb18e9de7f55d42e953fc9ac8efb/element/f.65777815963AB190D0E426F0C4C24000.d.AEE4D541F627B53CF80F869437AC987E.e.5069/click - {}
RESULT: {}
RESULT: {}
COMMAND: GET /session/fdb2eb18e9de7f55d42e953fc9ac8efb/screenshot - {}
RESULT: {}
COMMAND: POST /session/fdb2eb18e9de7f55d42e953fc9ac8efb/execute/async - {"script":"<script> [1562 bytes]","args":[{"selector":{"id":"application-managepartners-display-component---NewPartner--addressDetailDetailsCity1","interaction":{"idSuffix":"inner"}},"wdio_ui5_key":"applicationmanagepartners-display-component---NewPartner--addressDetailDetailsCity1"}]}
RESULT: {"script":"<script> [1562 bytes]","args":[{"selector":{"id":"application-managepartners-display-component---NewPartner--addressDetailDetailsCity1","interaction":{"idSuffix":"inner"}},"wdio_ui5_key":"applicationmanagepartners-display-component---NewPartner--addressDetailDetailsCity1"}]}
RESULT: undefined
COMMAND: POST /session/fdb2eb18e9de7f55d42e953fc9ac8efb/execute/async - {"script":"<script> [776 bytes]","args":[{"enterText":"Rosario","selector":{"id":"application-managepartners-display-component---NewPartner--addressDetailDetailsCity1","interaction":{"idSuffix":"inner"}},"clearTextFirst":true,"interactionType":"ENTER_TEXT"}]}
RESULT: {"script":"<script> [776 bytes]","args":[{"enterText":"Rosario","selector":{"id":"application-managepartners-display-component---NewPartner--addressDetailDetailsCity1","interaction":{"idSuffix":"inner"}},"clearTextFirst":true,"interactionType":"ENTER_TEXT"}]}
COMMAND: POST /session/fdb2eb18e9de7f55d42e953fc9ac8efb/execute/async - {"script":"<script> [1562 bytes]","args":[{"selector":{"id":"application-managepartners-display-component---NewPartner--addressDetailDetailsCountry-arrow"},"wdio_ui5_key":"applicationmanagepartners-display-component---NewPartner--addressDetailDetailsCountry-arrow"}]}
RESULT: {"script":"<script> [1562 bytes]","args":[{"selector":{"id":"application-managepartners-display-component---NewPartner--addressDetailDetailsCountry-arrow"},"wdio_ui5_key":"applicationmanagepartners-display-component---NewPartner--addressDetailDetailsCountry-arrow"}]}
RESULT: undefined
COMMAND: POST /session/fdb2eb18e9de7f55d42e953fc9ac8efb/element - {"using":"xpath","value":"//*[@id=\"application-managepartners-display-component---NewPartner--addressDetailDetailsCountry-arrow\"]"}
RESULT: {"using":"xpath","value":"//*[@id=\"application-managepartners-display-component---NewPartner--addressDetailDetailsCountry-arrow\"]"}
COMMAND: POST /session/fdb2eb18e9de7f55d42e953fc9ac8efb/element/f.65777815963AB190D0E426F0C4C24000.d.AEE4D541F627B53CF80F869437AC987E.e.5051/click - {}
RESULT: {}
COMMAND: POST /session/fdb2eb18e9de7f55d42e953fc9ac8efb/element - {"using":"xpath","value":"//span[contains(text(), \"Argentina\")]"}
COMMAND: GET /session/fdb2eb18e9de7f55d42e953fc9ac8efb/screenshot - {}
RESULT: {}
RESULT: {"using":"xpath","value":"//span[contains(text(), \"Argentina\")]"}
COMMAND: POST /session/fdb2eb18e9de7f55d42e953fc9ac8efb/element/f.65777815963AB190D0E426F0C4C24000.d.AEE4D541F627B53CF80F869437AC987E.e.5071/click - {}
RESULT: {}
COMMAND: GET /session/fdb2eb18e9de7f55d42e953fc9ac8efb/screenshot - {}
RESULT: {}
COMMAND: POST /session/fdb2eb18e9de7f55d42e953fc9ac8efb/element - {"using":"xpath","value":"//bdi[contains(text(), \"Commercial\")]"}
RESULT: {"using":"xpath","value":"//bdi[contains(text(), \"Commercial\")]"}
COMMAND: POST /session/fdb2eb18e9de7f55d42e953fc9ac8efb/element/f.65777815963AB190D0E426F0C4C24000.d.AEE4D541F627B53CF80F869437AC987E.e.5072/click - {}
RESULT: {}
COMMAND: GET /session/fdb2eb18e9de7f55d42e953fc9ac8efb/screenshot - {}
RESULT: {}
COMMAND: POST /session/fdb2eb18e9de7f55d42e953fc9ac8efb/execute/async - {"script":"<script> [1562 bytes]","args":[{"selector":{"id":"application-managepartners-display-component---NewPartner--partnerDetailInternal-arrow"},"wdio_ui5_key":"applicationmanagepartners-display-component---NewPartner--partnerDetailInternal-arrow"}]}
RESULT: {"script":"<script> [1562 bytes]","args":[{"selector":{"id":"application-managepartners-display-component---NewPartner--partnerDetailInternal-arrow"},"wdio_ui5_key":"applicationmanagepartners-display-component---NewPartner--partnerDetailInternal-arrow"}]}
RESULT: undefined
COMMAND: POST /session/fdb2eb18e9de7f55d42e953fc9ac8efb/element - {"using":"xpath","value":"//*[@id=\"application-managepartners-display-component---NewPartner--partnerDetailInternal-arrow\"]"}
RESULT: {"using":"xpath","value":"//*[@id=\"application-managepartners-display-component---NewPartner--partnerDetailInternal-arrow\"]"}
COMMAND: POST /session/fdb2eb18e9de7f55d42e953fc9ac8efb/element/f.65777815963AB190D0E426F0C4C24000.d.AEE4D541F627B53CF80F869437AC987E.e.5078/click - {}
RESULT: {}
COMMAND: POST /session/fdb2eb18e9de7f55d42e953fc9ac8efb/element - {"using":"xpath","value":"//span[contains(text(), \"Affiliated company\")]"}
COMMAND: GET /session/fdb2eb18e9de7f55d42e953fc9ac8efb/screenshot - {}
RESULT: {"using":"xpath","value":"//span[contains(text(), \"Affiliated company\")]"}
COMMAND: POST /session/fdb2eb18e9de7f55d42e953fc9ac8efb/element/f.65777815963AB190D0E426F0C4C24000.d.AEE4D541F627B53CF80F869437AC987E.e.5079/click - {}
RESULT: {}
RESULT: {}
COMMAND: POST /session/fdb2eb18e9de7f55d42e953fc9ac8efb/execute/async - {"script":"<script> [1562 bytes]","args":[{"selector":{"id":"application-managepartners-display-component---NewPartner--partnerDetailsCurrency-arrow"},"wdio_ui5_key":"applicationmanagepartners-display-component---NewPartner--partnerDetailsCurrency-arrow"}]}
COMMAND: GET /session/fdb2eb18e9de7f55d42e953fc9ac8efb/screenshot - {}
RESULT: {"script":"<script> [1562 bytes]","args":[{"selector":{"id":"application-managepartners-display-component---NewPartner--partnerDetailsCurrency-arrow"},"wdio_ui5_key":"applicationmanagepartners-display-component---NewPartner--partnerDetailsCurrency-arrow"}]}
RESULT: undefined
COMMAND: POST /session/fdb2eb18e9de7f55d42e953fc9ac8efb/element - {"using":"xpath","value":"//*[@id=\"application-managepartners-display-component---NewPartner--partnerDetailsCurrency-arrow\"]"}
RESULT: {}
RESULT: {"using":"xpath","value":"//*[@id=\"application-managepartners-display-component---NewPartner--partnerDetailsCurrency-arrow\"]"}
COMMAND: POST /session/fdb2eb18e9de7f55d42e953fc9ac8efb/element/f.65777815963AB190D0E426F0C4C24000.d.AEE4D541F627B53CF80F869437AC987E.e.5086/click - {}
RESULT: {}
COMMAND: POST /session/fdb2eb18e9de7f55d42e953fc9ac8efb/element - {"using":"xpath","value":"//span[contains(text(), \"Euro\")]"}
COMMAND: GET /session/fdb2eb18e9de7f55d42e953fc9ac8efb/screenshot - {}
RESULT: {"using":"xpath","value":"//span[contains(text(), \"Euro\")]"}
COMMAND: POST /session/fdb2eb18e9de7f55d42e953fc9ac8efb/element/f.65777815963AB190D0E426F0C4C24000.d.AEE4D541F627B53CF80F869437AC987E.e.5087/click - {}
RESULT: {}
RESULT: {}
COMMAND: POST /session/fdb2eb18e9de7f55d42e953fc9ac8efb/execute/async - {"script":"<script> [1562 bytes]","args":[{"selector":{"id":"application-managepartners-display-component---NewPartner--addressEditDetailsCostObjectCstType-arrow"},"wdio_ui5_key":"applicationmanagepartners-display-component---NewPartner--addressEditDetailsCostObjectCstType-arrow"}]}
COMMAND: GET /session/fdb2eb18e9de7f55d42e953fc9ac8efb/screenshot - {}
RESULT: {"script":"<script> [1562 bytes]","args":[{"selector":{"id":"application-managepartners-display-component---NewPartner--addressEditDetailsCostObjectCstType-arrow"},"wdio_ui5_key":"applicationmanagepartners-display-component---NewPartner--addressEditDetailsCostObjectCstType-arrow"}]}
RESULT: undefined
COMMAND: POST /session/fdb2eb18e9de7f55d42e953fc9ac8efb/element - {"using":"xpath","value":"//*[@id=\"application-managepartners-display-component---NewPartner--addressEditDetailsCostObjectCstType-arrow\"]"}
RESULT: {}
RESULT: {"using":"xpath","value":"//*[@id=\"application-managepartners-display-component---NewPartner--addressEditDetailsCostObjectCstType-arrow\"]"}
COMMAND: POST /session/fdb2eb18e9de7f55d42e953fc9ac8efb/element/f.65777815963AB190D0E426F0C4C24000.d.AEE4D541F627B53CF80F869437AC987E.e.5088/click - {}
RESULT: {}
COMMAND: POST /session/fdb2eb18e9de7f55d42e953fc9ac8efb/element - {"using":"xpath","value":"//span[contains(text(), \"Cost Center\")]"}
COMMAND: GET /session/fdb2eb18e9de7f55d42e953fc9ac8efb/screenshot - {}
RESULT: {"using":"xpath","value":"//span[contains(text(), \"Cost Center\")]"}
COMMAND: POST /session/fdb2eb18e9de7f55d42e953fc9ac8efb/element/f.65777815963AB190D0E426F0C4C24000.d.AEE4D541F627B53CF80F869437AC987E.e.5089/click - {}
RESULT: {}
RESULT: {}
COMMAND: GET /session/fdb2eb18e9de7f55d42e953fc9ac8efb/screenshot - {}
RESULT: {}
COMMAND: POST /session/fdb2eb18e9de7f55d42e953fc9ac8efb/element - {"using":"xpath","value":"//span[@id=\"application-managepartners-display-component---NewPartner--addressNewCostObjectCstID-vhi\"]"}
RESULT: {"using":"xpath","value":"//span[@id=\"application-managepartners-display-component---NewPartner--addressNewCostObjectCstID-vhi\"]"}
COMMAND: POST /session/fdb2eb18e9de7f55d42e953fc9ac8efb/execute/sync - {"script":"<script> [8489 bytes]","args":[{"element-6066-11e4-a52e-4f735466cecf":"f.65777815963AB190D0E426F0C4C24000.d.AEE4D541F627B53CF80F869437AC987E.e.5093","ELEMENT":"f.65777815963AB190D0E426F0C4C24000.d.AEE4D541F627B53CF80F869437AC987E.e.5093"}]}
RESULT: {"script":"<script> [8489 bytes]","args":[{"element-6066-11e4-a52e-4f735466cecf":"f.65777815963AB190D0E426F0C4C24000.d.AEE4D541F627B53CF80F869437AC987E.e.5093","ELEMENT":"f.65777815963AB190D0E426F0C4C24000.d.AEE4D541F627B53CF80F869437AC987E.e.5093"}]}
COMMAND: POST /session/fdb2eb18e9de7f55d42e953fc9ac8efb/execute/async - {"script":"<script> [1562 bytes]","args":[{"selector":{"id":"application-managepartners-display-component---NewPartner--addressNewCostObjectCstID-vhi"},"wdio_ui5_key":"applicationmanagepartners-display-component---NewPartner--addressNewCostObjectCstID-vhi"}]}
COMMAND: GET /session/fdb2eb18e9de7f55d42e953fc9ac8efb/screenshot - {}
RESULT: {"script":"<script> [1562 bytes]","args":[{"selector":{"id":"application-managepartners-display-component---NewPartner--addressNewCostObjectCstID-vhi"},"wdio_ui5_key":"applicationmanagepartners-display-component---NewPartner--addressNewCostObjectCstID-vhi"}]}
RESULT: undefined
COMMAND: POST /session/fdb2eb18e9de7f55d42e953fc9ac8efb/element - {"using":"xpath","value":"//*[@id=\"application-managepartners-display-component---NewPartner--addressNewCostObjectCstID-vhi\"]"}
RESULT: {}
RESULT: {"using":"xpath","value":"//*[@id=\"application-managepartners-display-component---NewPartner--addressNewCostObjectCstID-vhi\"]"}
COMMAND: POST /session/fdb2eb18e9de7f55d42e953fc9ac8efb/element/f.65777815963AB190D0E426F0C4C24000.d.AEE4D541F627B53CF80F869437AC987E.e.5093/click - {}
RESULT: {}
COMMAND: GET /session/fdb2eb18e9de7f55d42e953fc9ac8efb/screenshot - {}
RESULT: {}
COMMAND: POST /session/fdb2eb18e9de7f55d42e953fc9ac8efb/execute/async - {"script":"<script> [1562 bytes]","args":[{"selector":{"controlType":"sap.m.SearchField","properties":{"placeholder":"Search"},"searchOpenDialogs":true,"interaction":{"idSuffix":"I"}},"wdio_ui5_key":"sapm.SearchField{\"placeholder\":\"Search\"}"}]}
RESULT: {"script":"<script> [1562 bytes]","args":[{"selector":{"controlType":"sap.m.SearchField","properties":{"placeholder":"Search"},"searchOpenDialogs":true,"interaction":{"idSuffix":"I"}},"wdio_ui5_key":"sapm.SearchField{\"placeholder\":\"Search\"}"}]}
RESULT: undefined
COMMAND: POST /session/fdb2eb18e9de7f55d42e953fc9ac8efb/execute/async - {"script":"<script> [776 bytes]","args":[{"enterText":"10001013","selector":{"controlType":"sap.m.SearchField","properties":{"placeholder":"Search"},"searchOpenDialogs":true,"interaction":{"idSuffix":"I"}},"clearTextFirst":true,"interactionType":"ENTER_TEXT"}]}
RESULT: {"script":"<script> [776 bytes]","args":[{"enterText":"10001013","selector":{"controlType":"sap.m.SearchField","properties":{"placeholder":"Search"},"searchOpenDialogs":true,"interaction":{"idSuffix":"I"}},"clearTextFirst":true,"interactionType":"ENTER_TEXT"}]}
COMMAND: POST /session/fdb2eb18e9de7f55d42e953fc9ac8efb/actions - {"actions":[{"id":"action12","type":"key","parameters":{},"actions":[{"type":"keyDown","value":"î€‡"},{"type":"pause","duration":10},{"type":"keyUp","value":"î€‡"}]}]}
RESULT: {"actions":[{"id":"action12","type":"key","parameters":{},"actions":[{"type":"keyDown","value":"î€‡"},{"type":"pause","duration":10},{"type":"keyUp","value":"î€‡"}]}]}
COMMAND: GET /session/fdb2eb18e9de7f55d42e953fc9ac8efb/screenshot - {}
RESULT: {}
COMMAND: POST /session/fdb2eb18e9de7f55d42e953fc9ac8efb/element - {"using":"xpath","value":"//span[contains(text(), \"General Management\")]"}
RESULT: {"using":"xpath","value":"//span[contains(text(), \"General Management\")]"}
COMMAND: POST /session/fdb2eb18e9de7f55d42e953fc9ac8efb/element/f.65777815963AB190D0E426F0C4C24000.d.AEE4D541F627B53CF80F869437AC987E.e.5135/click - {}
RESULT: {}
COMMAND: GET /session/fdb2eb18e9de7f55d42e953fc9ac8efb/screenshot - {}
RESULT: {}
COMMAND: POST /session/fdb2eb18e9de7f55d42e953fc9ac8efb/element - {"using":"xpath","value":"//bdi[contains(text(), \"OK\")]"}
RESULT: {"using":"xpath","value":"//bdi[contains(text(), \"OK\")]"}
COMMAND: POST /session/fdb2eb18e9de7f55d42e953fc9ac8efb/element/f.65777815963AB190D0E426F0C4C24000.d.AEE4D541F627B53CF80F869437AC987E.e.5136/click - {}
RESULT: {}
COMMAND: GET /session/fdb2eb18e9de7f55d42e953fc9ac8efb/screenshot - {}
RESULT: {}
COMMAND: POST /session/fdb2eb18e9de7f55d42e953fc9ac8efb/element - {"using":"xpath","value":"//input[@id=\"application-managepartners-display-component---NewPartner--companyCodeComboBox-inner\"]"}
RESULT: {"using":"xpath","value":"//input[@id=\"application-managepartners-display-component---NewPartner--companyCodeComboBox-inner\"]"}
COMMAND: POST /session/fdb2eb18e9de7f55d42e953fc9ac8efb/element/f.65777815963AB190D0E426F0C4C24000.d.AEE4D541F627B53CF80F869437AC987E.e.5027/clear - {}
RESULT: {}
COMMAND: POST /session/fdb2eb18e9de7f55d42e953fc9ac8efb/element/f.65777815963AB190D0E426F0C4C24000.d.AEE4D541F627B53CF80F869437AC987E.e.5027/value - {"text":"1000"}
COMMAND: GET /session/fdb2eb18e9de7f55d42e953fc9ac8efb/screenshot - {}
RESULT: {"text":"1000"}
COMMAND: GET /session/fdb2eb18e9de7f55d42e953fc9ac8efb/screenshot - {}
RESULT: {}
RESULT: {}
COMMAND: POST /session/fdb2eb18e9de7f55d42e953fc9ac8efb/element - {"using":"xpath","value":"//span[contains(text(), \"1000\")]"}
RESULT: {"using":"xpath","value":"//span[contains(text(), \"1000\")]"}
COMMAND: POST /session/fdb2eb18e9de7f55d42e953fc9ac8efb/element/f.65777815963AB190D0E426F0C4C24000.d.AEE4D541F627B53CF80F869437AC987E.e.5142/click - {}
RESULT: {}
COMMAND: GET /session/fdb2eb18e9de7f55d42e953fc9ac8efb/screenshot - {}
RESULT: {}
COMMAND: POST /session/fdb2eb18e9de7f55d42e953fc9ac8efb/execute/async - {"script":"<script> [1562 bytes]","args":[{"selector":{"id":"application-managepartners-display-component---NewPartner--btnAddTableRow-img"},"wdio_ui5_key":"applicationmanagepartners-display-component---NewPartner--btnAddTableRow-img"}]}
RESULT: {"script":"<script> [1562 bytes]","args":[{"selector":{"id":"application-managepartners-display-component---NewPartner--btnAddTableRow-img"},"wdio_ui5_key":"applicationmanagepartners-display-component---NewPartner--btnAddTableRow-img"}]}
RESULT: undefined
COMMAND: POST /session/fdb2eb18e9de7f55d42e953fc9ac8efb/element - {"using":"xpath","value":"//*[@id=\"application-managepartners-display-component---NewPartner--btnAddTableRow-img\"]"}
RESULT: {"using":"xpath","value":"//*[@id=\"application-managepartners-display-component---NewPartner--btnAddTableRow-img\"]"}
COMMAND: POST /session/fdb2eb18e9de7f55d42e953fc9ac8efb/element/f.65777815963AB190D0E426F0C4C24000.d.AEE4D541F627B53CF80F869437AC987E.e.5143/click - {}
RESULT: {}
COMMAND: GET /session/fdb2eb18e9de7f55d42e953fc9ac8efb/screenshot - {}
RESULT: {}
COMMAND: POST /session/fdb2eb18e9de7f55d42e953fc9ac8efb/element - {"using":"xpath","value":"//input[@id=\"application-managepartners-display-component---NewPartner--assignmentYard-application-managepartners-display-component---NewPartner--assignmentsTable-0-inner\"]"}
RESULT: {"using":"xpath","value":"//input[@id=\"application-managepartners-display-component---NewPartner--assignmentYard-application-managepartners-display-component---NewPartner--assignmentsTable-0-inner\"]"}
COMMAND: POST /session/fdb2eb18e9de7f55d42e953fc9ac8efb/element/f.65777815963AB190D0E426F0C4C24000.d.AEE4D541F627B53CF80F869437AC987E.e.5146/clear - {}
RESULT: {}
COMMAND: POST /session/fdb2eb18e9de7f55d42e953fc9ac8efb/element/f.65777815963AB190D0E426F0C4C24000.d.AEE4D541F627B53CF80F869437AC987E.e.5146/value - {"text":"514"}
COMMAND: GET /session/fdb2eb18e9de7f55d42e953fc9ac8efb/screenshot - {}
RESULT: {"text":"514"}
COMMAND: GET /session/fdb2eb18e9de7f55d42e953fc9ac8efb/screenshot - {}
RESULT: {}
RESULT: {}
COMMAND: POST /session/fdb2eb18e9de7f55d42e953fc9ac8efb/element - {"using":"xpath","value":"//li[.//span[text()='514']]"}
RESULT: {"using":"xpath","value":"//li[.//span[text()='514']]"}
COMMAND: POST /session/fdb2eb18e9de7f55d42e953fc9ac8efb/element/f.65777815963AB190D0E426F0C4C24000.d.AEE4D541F627B53CF80F869437AC987E.e.5155/click - {}
RESULT: {}
COMMAND: GET /session/fdb2eb18e9de7f55d42e953fc9ac8efb/screenshot - {}
RESULT: {}
COMMAND: POST /session/fdb2eb18e9de7f55d42e953fc9ac8efb/actions - {"actions":[{"id":"action13","type":"key","parameters":{},"actions":[{"type":"keyDown","value":"î€‡"},{"type":"pause","duration":10},{"type":"keyUp","value":"î€‡"}]}]}
RESULT: {"actions":[{"id":"action13","type":"key","parameters":{},"actions":[{"type":"keyDown","value":"î€‡"},{"type":"pause","duration":10},{"type":"keyUp","value":"î€‡"}]}]}
COMMAND: POST /session/fdb2eb18e9de7f55d42e953fc9ac8efb/execute/async - {"script":"<script> [1562 bytes]","args":[{"selector":{"id":"application-managepartners-display-component---NewPartner--externalCustomerComboBox-application-managepartners-display-component---NewPartner--assignmentsTable-0-vhi"},"wdio_ui5_key":"applicationmanagepartners-display-component---NewPartner--externalCustomerComboBox-application-managepartners-display-component---NewPartner--assignmentsTable-0-vhi"}]}
COMMAND: GET /session/fdb2eb18e9de7f55d42e953fc9ac8efb/screenshot - {}
RESULT: {"script":"<script> [1562 bytes]","args":[{"selector":{"id":"application-managepartners-display-component---NewPartner--externalCustomerComboBox-application-managepartners-display-component---NewPartner--assignmentsTable-0-vhi"},"wdio_ui5_key":"applicationmanagepartners-display-component---NewPartner--externalCustomerComboBox-application-managepartners-display-component---NewPartner--assignmentsTable-0-vhi"}]}
RESULT: undefined
COMMAND: POST /session/fdb2eb18e9de7f55d42e953fc9ac8efb/element - {"using":"xpath","value":"//*[@id=\"application-managepartners-display-component---NewPartner--externalCustomerComboBox-application-managepartners-display-component---NewPartner--assignmentsTable-0-vhi\"]"}
RESULT: {}
RESULT: {"using":"xpath","value":"//*[@id=\"application-managepartners-display-component---NewPartner--externalCustomerComboBox-application-managepartners-display-component---NewPartner--assignmentsTable-0-vhi\"]"}
COMMAND: POST /session/fdb2eb18e9de7f55d42e953fc9ac8efb/element/f.65777815963AB190D0E426F0C4C24000.d.AEE4D541F627B53CF80F869437AC987E.e.5159/click - {}
RESULT: {}
RESULT: undefined
COMMAND: POST /session/fdb2eb18e9de7f55d42e953fc9ac8efb/execute/async - {"script":"<script> [776 bytes]","args":[{"enterText":"300003","selector":{"controlType":"sap.m.SearchField","properties":{"placeholder":"Search"},"searchOpenDialogs":true,"interaction":{"idSuffix":"I"}},"clearTextFirst":true,"interactionType":"ENTER_TEXT"}]}
COMMAND: GET /session/fdb2eb18e9de7f55d42e953fc9ac8efb/screenshot - {}
RESULT: {"script":"<script> [776 bytes]","args":[{"enterText":"300003","selector":{"controlType":"sap.m.SearchField","properties":{"placeholder":"Search"},"searchOpenDialogs":true,"interaction":{"idSuffix":"I"}},"clearTextFirst":true,"interactionType":"ENTER_TEXT"}]}
COMMAND: POST /session/fdb2eb18e9de7f55d42e953fc9ac8efb/actions - {"actions":[{"id":"action14","type":"key","parameters":{},"actions":[{"type":"keyDown","value":"î€‡"},{"type":"pause","duration":10},{"type":"keyUp","value":"î€‡"}]}]}
RESULT: {}
RESULT: {"actions":[{"id":"action14","type":"key","parameters":{},"actions":[{"type":"keyDown","value":"î€‡"},{"type":"pause","duration":10},{"type":"keyUp","value":"î€‡"}]}]}
COMMAND: GET /session/fdb2eb18e9de7f55d42e953fc9ac8efb/screenshot - {}
RESULT: {}
COMMAND: POST /session/fdb2eb18e9de7f55d42e953fc9ac8efb/element - {"using":"xpath","value":"//span[contains(text(), \"300003\")]"}
RESULT: {"using":"xpath","value":"//span[contains(text(), \"300003\")]"}
COMMAND: POST /session/fdb2eb18e9de7f55d42e953fc9ac8efb/element/f.65777815963AB190D0E426F0C4C24000.d.AEE4D541F627B53CF80F869437AC987E.e.5178/click - {}
RESULT: {}
COMMAND: GET /session/fdb2eb18e9de7f55d42e953fc9ac8efb/screenshot - {}
RESULT: {}
COMMAND: POST /session/fdb2eb18e9de7f55d42e953fc9ac8efb/element - {"using":"xpath","value":"//bdi[contains(text(), \"OK\")]"}
RESULT: {"using":"xpath","value":"//bdi[contains(text(), \"OK\")]"}
COMMAND: POST /session/fdb2eb18e9de7f55d42e953fc9ac8efb/element/f.65777815963AB190D0E426F0C4C24000.d.AEE4D541F627B53CF80F869437AC987E.e.5180/click - {}
RESULT: {}
COMMAND: GET /session/fdb2eb18e9de7f55d42e953fc9ac8efb/screenshot - {}
RESULT: {}
COMMAND: POST /session/fdb2eb18e9de7f55d42e953fc9ac8efb/execute/async - {"script":"<script> [1562 bytes]","args":[{"selector":{"id":"application-managepartners-display-component---NewPartner--intercompVendorComboBox-application-managepartners-display-component---NewPartner--assignmentsTable-0-vhi"},"wdio_ui5_key":"applicationmanagepartners-display-component---NewPartner--intercompVendorComboBox-application-managepartners-display-component---NewPartner--assignmentsTable-0-vhi"}]}
RESULT: {"script":"<script> [1562 bytes]","args":[{"selector":{"id":"application-managepartners-display-component---NewPartner--intercompVendorComboBox-application-managepartners-display-component---NewPartner--assignmentsTable-0-vhi"},"wdio_ui5_key":"applicationmanagepartners-display-component---NewPartner--intercompVendorComboBox-application-managepartners-display-component---NewPartner--assignmentsTable-0-vhi"}]}
RESULT: undefined
COMMAND: POST /session/fdb2eb18e9de7f55d42e953fc9ac8efb/element - {"using":"xpath","value":"//*[@id=\"application-managepartners-display-component---NewPartner--intercompVendorComboBox-application-managepartners-display-component---NewPartner--assignmentsTable-0-vhi\"]"}
RESULT: {"using":"xpath","value":"//*[@id=\"application-managepartners-display-component---NewPartner--intercompVendorComboBox-application-managepartners-display-component---NewPartner--assignmentsTable-0-vhi\"]"}
COMMAND: POST /session/fdb2eb18e9de7f55d42e953fc9ac8efb/element/f.65777815963AB190D0E426F0C4C24000.d.AEE4D541F627B53CF80F869437AC987E.e.5183/click - {}
RESULT: {}
RESULT: undefined
COMMAND: POST /session/fdb2eb18e9de7f55d42e953fc9ac8efb/execute/async - {"script":"<script> [776 bytes]","args":[{"enterText":"100005","selector":{"controlType":"sap.m.SearchField","properties":{"placeholder":"Search"},"searchOpenDialogs":true,"interaction":{"idSuffix":"I"}},"clearTextFirst":true,"interactionType":"ENTER_TEXT"}]}
COMMAND: GET /session/fdb2eb18e9de7f55d42e953fc9ac8efb/screenshot - {}
RESULT: {"script":"<script> [776 bytes]","args":[{"enterText":"100005","selector":{"controlType":"sap.m.SearchField","properties":{"placeholder":"Search"},"searchOpenDialogs":true,"interaction":{"idSuffix":"I"}},"clearTextFirst":true,"interactionType":"ENTER_TEXT"}]}
COMMAND: POST /session/fdb2eb18e9de7f55d42e953fc9ac8efb/actions - {"actions":[{"id":"action15","type":"key","parameters":{},"actions":[{"type":"keyDown","value":"î€‡"},{"type":"pause","duration":10},{"type":"keyUp","value":"î€‡"}]}]}
RESULT: {}
RESULT: {"actions":[{"id":"action15","type":"key","parameters":{},"actions":[{"type":"keyDown","value":"î€‡"},{"type":"pause","duration":10},{"type":"keyUp","value":"î€‡"}]}]}
COMMAND: GET /session/fdb2eb18e9de7f55d42e953fc9ac8efb/screenshot - {}
RESULT: {}
COMMAND: POST /session/fdb2eb18e9de7f55d42e953fc9ac8efb/element - {"using":"xpath","value":"//span[contains(text(), \"Penguins - Field/12345 Berlin\")]"}
RESULT: {"using":"xpath","value":"//span[contains(text(), \"Penguins - Field/12345 Berlin\")]"}
COMMAND: POST /session/fdb2eb18e9de7f55d42e953fc9ac8efb/element/f.65777815963AB190D0E426F0C4C24000.d.AEE4D541F627B53CF80F869437AC987E.e.5204/click - {}
RESULT: {}
COMMAND: GET /session/fdb2eb18e9de7f55d42e953fc9ac8efb/screenshot - {}
RESULT: {}
COMMAND: POST /session/fdb2eb18e9de7f55d42e953fc9ac8efb/element - {"using":"xpath","value":"//bdi[contains(text(), \"OK\")]"}
RESULT: {"using":"xpath","value":"//bdi[contains(text(), \"OK\")]"}
COMMAND: POST /session/fdb2eb18e9de7f55d42e953fc9ac8efb/element/f.65777815963AB190D0E426F0C4C24000.d.AEE4D541F627B53CF80F869437AC987E.e.5205/click - {}
RESULT: {}
COMMAND: GET /session/fdb2eb18e9de7f55d42e953fc9ac8efb/screenshot - {}
RESULT: {}
COMMAND: POST /session/fdb2eb18e9de7f55d42e953fc9ac8efb/element - {"using":"xpath","value":"//button[@data-kt=\"saveButton\"]"}
RESULT: {"using":"xpath","value":"//button[@data-kt=\"saveButton\"]"}
COMMAND: POST /session/fdb2eb18e9de7f55d42e953fc9ac8efb/element/f.65777815963AB190D0E426F0C4C24000.d.AEE4D541F627B53CF80F869437AC987E.e.5053/click - {}
RESULT: {}
COMMAND: GET /session/fdb2eb18e9de7f55d42e953fc9ac8efb/screenshot - {}
RESULT: {}
COMMAND: POST /session/fdb2eb18e9de7f55d42e953fc9ac8efb/element - {"using":"xpath","value":"//header[contains(@id, 'ObjectPageLayout-headerTitle')]/div[1]/div[2]/div[2]/span[1]"}
RESULT: {"using":"xpath","value":"//header[contains(@id, 'ObjectPageLayout-headerTitle')]/div[1]/div[2]/div[2]/span[1]"}
COMMAND: POST /session/fdb2eb18e9de7f55d42e953fc9ac8efb/elements - {"using":"xpath","value":"//header[contains(@id, 'ObjectPageLayout-headerTitle')]/div[1]/div[2]/div[2]/span[1]"}
RESULT: {"using":"xpath","value":"//header[contains(@id, 'ObjectPageLayout-headerTitle')]/div[1]/div[2]/div[2]/span[1]"}
COMMAND: POST /session/fdb2eb18e9de7f55d42e953fc9ac8efb/execute/sync - {"script":"<script> [56 bytes]","args":[{"element-6066-11e4-a52e-4f735466cecf":"f.65777815963AB190D0E426F0C4C24000.d.AEE4D541F627B53CF80F869437AC987E.e.5372","ELEMENT":"f.65777815963AB190D0E426F0C4C24000.d.AEE4D541F627B53CF80F869437AC987E.e.5372"}]}
RESULT: {"script":"<script> [56 bytes]","args":[{"element-6066-11e4-a52e-4f735466cecf":"f.65777815963AB190D0E426F0C4C24000.d.AEE4D541F627B53CF80F869437AC987E.e.5372","ELEMENT":"f.65777815963AB190D0E426F0C4C24000.d.AEE4D541F627B53CF80F869437AC987E.e.5372"}]}
COMMAND: POST /session/fdb2eb18e9de7f55d42e953fc9ac8efb/element - {"using":"css selector","value":"#shell-header-logo"}
COMMAND: GET /session/fdb2eb18e9de7f55d42e953fc9ac8efb/screenshot - {}
RESULT: {}
RESULT: {"using":"css selector","value":"#shell-header-logo"}
COMMAND: POST /session/fdb2eb18e9de7f55d42e953fc9ac8efb/element/f.65777815963AB190D0E426F0C4C24000.d.AEE4D541F627B53CF80F869437AC987E.e.4580/click - {}
RESULT: {}
COMMAND: GET /session/fdb2eb18e9de7f55d42e953fc9ac8efb/screenshot - {}
RESULT: {}
COMMAND: POST /session/fdb2eb18e9de7f55d42e953fc9ac8efb/execute/sync - {"script":"<script> [299 bytes]","args":[["getModel","getResource"]]}
RESULT: {"script":"<script> [299 bytes]","args":[["getModel","getResource"]]}
RESULT: undefined
COMMAND: POST /session/fdb2eb18e9de7f55d42e953fc9ac8efb/element - {"using":"xpath","value":"//*[@id=\"__tile30\"]"}
COMMAND: GET /session/fdb2eb18e9de7f55d42e953fc9ac8efb/screenshot - {}
RESULT: {"using":"xpath","value":"//*[@id=\"__tile30\"]"}
COMMAND: POST /session/fdb2eb18e9de7f55d42e953fc9ac8efb/element/f.65777815963AB190D0E426F0C4C24000.d.AEE4D541F627B53CF80F869437AC987E.e.4500/click - {}
RESULT: {}
RESULT: {}
COMMAND: POST /session/fdb2eb18e9de7f55d42e953fc9ac8efb/element - {"using":"xpath","value":"//button[@data-kt=\"addButton\"]"}
COMMAND: GET /session/fdb2eb18e9de7f55d42e953fc9ac8efb/screenshot - {}
RESULT: {"using":"xpath","value":"//button[@data-kt=\"addButton\"]"}
COMMAND: POST /session/fdb2eb18e9de7f55d42e953fc9ac8efb/elements - {"using":"xpath","value":"//button[@data-kt=\"addButton\"]"}
RESULT: {}
RESULT: {"using":"xpath","value":"//button[@data-kt=\"addButton\"]"}
COMMAND: POST /session/fdb2eb18e9de7f55d42e953fc9ac8efb/elements - {"using":"xpath","value":"//button[@data-kt=\"addButton\"]"}
RESULT: {"using":"xpath","value":"//button[@data-kt=\"addButton\"]"}
COMMAND: POST /session/fdb2eb18e9de7f55d42e953fc9ac8efb/element - {"using":"xpath","value":"//button[@data-kt=\"addButton\"]"}
RESULT: {"using":"xpath","value":"//button[@data-kt=\"addButton\"]"}
COMMAND: POST /session/fdb2eb18e9de7f55d42e953fc9ac8efb/execute/sync - {"script":"<script> [8489 bytes]","args":[{"element-6066-11e4-a52e-4f735466cecf":"f.65777815963AB190D0E426F0C4C24000.d.AEE4D541F627B53CF80F869437AC987E.e.5420","ELEMENT":"f.65777815963AB190D0E426F0C4C24000.d.AEE4D541F627B53CF80F869437AC987E.e.5420"}]}
RESULT: {"script":"<script> [8489 bytes]","args":[{"element-6066-11e4-a52e-4f735466cecf":"f.65777815963AB190D0E426F0C4C24000.d.AEE4D541F627B53CF80F869437AC987E.e.5420","ELEMENT":"f.65777815963AB190D0E426F0C4C24000.d.AEE4D541F627B53CF80F869437AC987E.e.5420"}]}
COMMAND: GET /session/fdb2eb18e9de7f55d42e953fc9ac8efb/element/f.65777815963AB190D0E426F0C4C24000.d.AEE4D541F627B53CF80F869437AC987E.e.5420/enabled - {}
COMMAND: GET /session/fdb2eb18e9de7f55d42e953fc9ac8efb/screenshot - {}
RESULT: {}
COMMAND: POST /session/fdb2eb18e9de7f55d42e953fc9ac8efb/execute/sync - {"script":"<script> [8489 bytes]","args":[{"element-6066-11e4-a52e-4f735466cecf":"f.65777815963AB190D0E426F0C4C24000.d.AEE4D541F627B53CF80F869437AC987E.e.5420","ELEMENT":"f.65777815963AB190D0E426F0C4C24000.d.AEE4D541F627B53CF80F869437AC987E.e.5420"}]}
COMMAND: GET /session/fdb2eb18e9de7f55d42e953fc9ac8efb/screenshot - {}
RESULT: {}
RESULT: {"script":"<script> [8489 bytes]","args":[{"element-6066-11e4-a52e-4f735466cecf":"f.65777815963AB190D0E426F0C4C24000.d.AEE4D541F627B53CF80F869437AC987E.e.5420","ELEMENT":"f.65777815963AB190D0E426F0C4C24000.d.AEE4D541F627B53CF80F869437AC987E.e.5420"}]}
COMMAND: POST /session/fdb2eb18e9de7f55d42e953fc9ac8efb/execute/sync - {"script":"<script> [5351 bytes]","args":[{"element-6066-11e4-a52e-4f735466cecf":"f.65777815963AB190D0E426F0C4C24000.d.AEE4D541F627B53CF80F869437AC987E.e.5420","ELEMENT":"f.65777815963AB190D0E426F0C4C24000.d.AEE4D541F627B53CF80F869437AC987E.e.5420"}]}
COMMAND: GET /session/fdb2eb18e9de7f55d42e953fc9ac8efb/screenshot - {}
RESULT: {}
RESULT: {"script":"<script> [5351 bytes]","args":[{"element-6066-11e4-a52e-4f735466cecf":"f.65777815963AB190D0E426F0C4C24000.d.AEE4D541F627B53CF80F869437AC987E.e.5420","ELEMENT":"f.65777815963AB190D0E426F0C4C24000.d.AEE4D541F627B53CF80F869437AC987E.e.5420"}]}
COMMAND: GET /session/fdb2eb18e9de7f55d42e953fc9ac8efb/screenshot - {}
RESULT: {}
RESULT: {}
COMMAND: POST /session/fdb2eb18e9de7f55d42e953fc9ac8efb/execute/async - {"script":"<script> [1562 bytes]","args":[{"selector":{"id":"application-managepartners-display-component---masterPtm--smartFilterBar-btnBasicSearch","interaction":{"idSuffix":"I"}},"wdio_ui5_key":"applicationmanagepartners-display-component---masterPtm--smartFilterBar-btnBasicSearch"}]}
RESULT: {"script":"<script> [1562 bytes]","args":[{"selector":{"id":"application-managepartners-display-component---masterPtm--smartFilterBar-btnBasicSearch","interaction":{"idSuffix":"I"}},"wdio_ui5_key":"applicationmanagepartners-display-component---masterPtm--smartFilterBar-btnBasicSearch"}]}
RESULT: undefined
COMMAND: POST /session/fdb2eb18e9de7f55d42e953fc9ac8efb/execute/async - {"script":"<script> [776 bytes]","args":[{"enterText":"1390","selector":{"id":"application-managepartners-display-component---masterPtm--smartFilterBar-btnBasicSearch","interaction":{"idSuffix":"I"}},"clearTextFirst":true,"interactionType":"ENTER_TEXT"}]}
RESULT: {"script":"<script> [776 bytes]","args":[{"enterText":"1390","selector":{"id":"application-managepartners-display-component---masterPtm--smartFilterBar-btnBasicSearch","interaction":{"idSuffix":"I"}},"clearTextFirst":true,"interactionType":"ENTER_TEXT"}]}
COMMAND: POST /session/fdb2eb18e9de7f55d42e953fc9ac8efb/actions - {"actions":[{"id":"action16","type":"key","parameters":{},"actions":[{"type":"keyDown","value":"î€‡"},{"type":"pause","duration":10},{"type":"keyUp","value":"î€‡"}]}]}
RESULT: {"actions":[{"id":"action16","type":"key","parameters":{},"actions":[{"type":"keyDown","value":"î€‡"},{"type":"pause","duration":10},{"type":"keyUp","value":"î€‡"}]}]}
COMMAND: GET /session/fdb2eb18e9de7f55d42e953fc9ac8efb/screenshot - {}
RESULT: {}
COMMAND: POST /session/fdb2eb18e9de7f55d42e953fc9ac8efb/elements - {"using":"xpath","value":"//table[contains(@id, \"customPartnersTable-listUl\")]/tbody/tr"}
RESULT: {"using":"xpath","value":"//table[contains(@id, \"customPartnersTable-listUl\")]/tbody/tr"}
COMMAND: POST /session/fdb2eb18e9de7f55d42e953fc9ac8efb/element - {"using":"xpath","value":"//table[contains(@id, \"customPartnersTable-listUl\")]/tbody/tr[1]/td[3]/span"}
RESULT: {"using":"xpath","value":"//table[contains(@id, \"customPartnersTable-listUl\")]/tbody/tr[1]/td[3]/span"}
COMMAND: POST /session/fdb2eb18e9de7f55d42e953fc9ac8efb/elements - {"using":"xpath","value":"//table[contains(@id, \"customPartnersTable-listUl\")]/tbody/tr[1]/td[3]/span"}
RESULT: {"using":"xpath","value":"//table[contains(@id, \"customPartnersTable-listUl\")]/tbody/tr[1]/td[3]/span"}
COMMAND: POST /session/fdb2eb18e9de7f55d42e953fc9ac8efb/execute/sync - {"script":"<script> [56 bytes]","args":[{"element-6066-11e4-a52e-4f735466cecf":"f.65777815963AB190D0E426F0C4C24000.d.AEE4D541F627B53CF80F869437AC987E.e.5555","ELEMENT":"f.65777815963AB190D0E426F0C4C24000.d.AEE4D541F627B53CF80F869437AC987E.e.5555"}]}
RESULT: {"script":"<script> [56 bytes]","args":[{"element-6066-11e4-a52e-4f735466cecf":"f.65777815963AB190D0E426F0C4C24000.d.AEE4D541F627B53CF80F869437AC987E.e.5555","ELEMENT":"f.65777815963AB190D0E426F0C4C24000.d.AEE4D541F627B53CF80F869437AC987E.e.5555"}]}
COMMAND: POST /session/fdb2eb18e9de7f55d42e953fc9ac8efb/element - {"using":"xpath","value":"(//span[contains(@id, \"imgNav\")])[1]"}
COMMAND: GET /session/fdb2eb18e9de7f55d42e953fc9ac8efb/screenshot - {}
RESULT: {"using":"xpath","value":"(//span[contains(@id, \"imgNav\")])[1]"}
COMMAND: POST /session/fdb2eb18e9de7f55d42e953fc9ac8efb/element/f.65777815963AB190D0E426F0C4C24000.d.AEE4D541F627B53CF80F869437AC987E.e.5553/click - {}
RESULT: {}
RESULT: {}
COMMAND: GET /session/fdb2eb18e9de7f55d42e953fc9ac8efb/screenshot - {}
RESULT: {}
COMMAND: POST /session/fdb2eb18e9de7f55d42e953fc9ac8efb/element - {"using":"xpath","value":"//bdi[contains(text(), \"Edit\")]"}
RESULT: {"using":"xpath","value":"//bdi[contains(text(), \"Edit\")]"}
COMMAND: POST /session/fdb2eb18e9de7f55d42e953fc9ac8efb/element/f.65777815963AB190D0E426F0C4C24000.d.AEE4D541F627B53CF80F869437AC987E.e.5698/click - {}
RESULT: {}
COMMAND: GET /session/fdb2eb18e9de7f55d42e953fc9ac8efb/screenshot - {}
RESULT: {}
COMMAND: POST /session/fdb2eb18e9de7f55d42e953fc9ac8efb/execute/async - {"script":"<script> [1562 bytes]","args":[{"selector":{"controlType":"sap.m.Input","viewName":"etm.portal.ui.managepartners.view.EditDetail","labelFor":{"text":"Name"},"interaction":{"idSuffix":"inner"}},"wdio_ui5_key":"etmportal.ui.managepartners.view.EditDetailsap.m.Input{\"text\":\"Name\"}"}]}
RESULT: {"script":"<script> [1562 bytes]","args":[{"selector":{"controlType":"sap.m.Input","viewName":"etm.portal.ui.managepartners.view.EditDetail","labelFor":{"text":"Name"},"interaction":{"idSuffix":"inner"}},"wdio_ui5_key":"etmportal.ui.managepartners.view.EditDetailsap.m.Input{\"text\":\"Name\"}"}]}
RESULT: undefined
COMMAND: POST /session/fdb2eb18e9de7f55d42e953fc9ac8efb/execute/async - {"script":"<script> [776 bytes]","args":[{"enterText":"Intracompany EDIT","selector":{"controlType":"sap.m.Input","viewName":"etm.portal.ui.managepartners.view.EditDetail","labelFor":{"text":"Name"},"interaction":{"idSuffix":"inner"}},"clearTextFirst":true,"interactionType":"ENTER_TEXT"}]}
RESULT: {"script":"<script> [776 bytes]","args":[{"enterText":"Intracompany EDIT","selector":{"controlType":"sap.m.Input","viewName":"etm.portal.ui.managepartners.view.EditDetail","labelFor":{"text":"Name"},"interaction":{"idSuffix":"inner"}},"clearTextFirst":true,"interactionType":"ENTER_TEXT"}]}
COMMAND: POST /session/fdb2eb18e9de7f55d42e953fc9ac8efb/element - {"using":"xpath","value":"(//span[contains(@id,\"addressDetailDetailsLanguage-arrow\")])[1]"}
RESULT: {"using":"xpath","value":"(//span[contains(@id,\"addressDetailDetailsLanguage-arrow\")])[1]"}
COMMAND: POST /session/fdb2eb18e9de7f55d42e953fc9ac8efb/element/f.65777815963AB190D0E426F0C4C24000.d.AEE4D541F627B53CF80F869437AC987E.e.5781/click - {}
RESULT: {}
COMMAND: POST /session/fdb2eb18e9de7f55d42e953fc9ac8efb/element - {"using":"xpath","value":"//span[contains(text(), \"Chinese\")]"}
COMMAND: GET /session/fdb2eb18e9de7f55d42e953fc9ac8efb/screenshot - {}
RESULT: {"using":"xpath","value":"//span[contains(text(), \"Chinese\")]"}
COMMAND: POST /session/fdb2eb18e9de7f55d42e953fc9ac8efb/element/f.65777815963AB190D0E426F0C4C24000.d.AEE4D541F627B53CF80F869437AC987E.e.5782/click - {}
RESULT: {}
RESULT: {}
COMMAND: GET /session/fdb2eb18e9de7f55d42e953fc9ac8efb/screenshot - {}
RESULT: {}
COMMAND: POST /session/fdb2eb18e9de7f55d42e953fc9ac8efb/execute/async - {"script":"<script> [1562 bytes]","args":[{"selector":{"controlType":"sap.m.Input","viewName":"etm.portal.ui.managepartners.view.EditDetail","labelFor":{"text":"City"},"interaction":{"idSuffix":"inner"}},"wdio_ui5_key":"etmportal.ui.managepartners.view.EditDetailsap.m.Input{\"text\":\"City\"}"}]}
RESULT: {"script":"<script> [1562 bytes]","args":[{"selector":{"controlType":"sap.m.Input","viewName":"etm.portal.ui.managepartners.view.EditDetail","labelFor":{"text":"City"},"interaction":{"idSuffix":"inner"}},"wdio_ui5_key":"etmportal.ui.managepartners.view.EditDetailsap.m.Input{\"text\":\"City\"}"}]}
RESULT: undefined
COMMAND: POST /session/fdb2eb18e9de7f55d42e953fc9ac8efb/execute/async - {"script":"<script> [776 bytes]","args":[{"enterText":"Clooj-Napoca","selector":{"controlType":"sap.m.Input","viewName":"etm.portal.ui.managepartners.view.EditDetail","labelFor":{"text":"City"},"interaction":{"idSuffix":"inner"}},"clearTextFirst":true,"interactionType":"ENTER_TEXT"}]}
RESULT: {"script":"<script> [776 bytes]","args":[{"enterText":"Clooj-Napoca","selector":{"controlType":"sap.m.Input","viewName":"etm.portal.ui.managepartners.view.EditDetail","labelFor":{"text":"City"},"interaction":{"idSuffix":"inner"}},"clearTextFirst":true,"interactionType":"ENTER_TEXT"}]}
COMMAND: POST /session/fdb2eb18e9de7f55d42e953fc9ac8efb/element - {"using":"xpath","value":"//button[@data-kt=\"saveButton\"]"}
RESULT: {"using":"xpath","value":"//button[@data-kt=\"saveButton\"]"}
COMMAND: POST /session/fdb2eb18e9de7f55d42e953fc9ac8efb/element/f.65777815963AB190D0E426F0C4C24000.d.AEE4D541F627B53CF80F869437AC987E.e.5760/click - {}
RESULT: {}
COMMAND: GET /session/fdb2eb18e9de7f55d42e953fc9ac8efb/screenshot - {}
RESULT: {}
COMMAND: POST /session/fdb2eb18e9de7f55d42e953fc9ac8efb/execute/async - {"script":"<script> [1562 bytes]","args":[{"selector":{"id":"application-managepartners-display-component---detailPtm--addressDetailDetailsName1"},"wdio_ui5_key":"applicationmanagepartners-display-component---detailPtm--addressDetailDetailsName1"}]}
RESULT: {"script":"<script> [1562 bytes]","args":[{"selector":{"id":"application-managepartners-display-component---detailPtm--addressDetailDetailsName1"},"wdio_ui5_key":"applicationmanagepartners-display-component---detailPtm--addressDetailDetailsName1"}]}
RESULT: undefined
COMMAND: POST /session/fdb2eb18e9de7f55d42e953fc9ac8efb/execute/async - {"script":"<script> [6424 bytes]","args":[{"element-6066-11e4-a52e-4f735466cecf":"f.65777815963AB190D0E426F0C4C24000.d.AEE4D541F627B53CF80F869437AC987E.e.5813"},"getValue",[]]}
RESULT: {"script":"<script> [6424 bytes]","args":[{"element-6066-11e4-a52e-4f735466cecf":"f.65777815963AB190D0E426F0C4C24000.d.AEE4D541F627B53CF80F869437AC987E.e.5813"},"getValue",[]]}
COMMAND: POST /session/fdb2eb18e9de7f55d42e953fc9ac8efb/element - {"using":"xpath","value":"//input[@id = \"application-managepartners-display-component---detailPtm--addressDetailDetailsLanguage-inner\"]"}
RESULT: {"using":"xpath","value":"//input[@id = \"application-managepartners-display-component---detailPtm--addressDetailDetailsLanguage-inner\"]"}
COMMAND: GET /session/fdb2eb18e9de7f55d42e953fc9ac8efb/element/f.65777815963AB190D0E426F0C4C24000.d.AEE4D541F627B53CF80F869437AC987E.e.5814/property/value - {}
RESULT: {}
COMMAND: POST /session/fdb2eb18e9de7f55d42e953fc9ac8efb/execute/async - {"script":"<script> [1562 bytes]","args":[{"selector":{"id":"application-managepartners-display-component---detailPtm--addressDetailDetailsCity1"},"wdio_ui5_key":"applicationmanagepartners-display-component---detailPtm--addressDetailDetailsCity1"}]}
COMMAND: GET /session/fdb2eb18e9de7f55d42e953fc9ac8efb/screenshot - {}
RESULT: {"script":"<script> [1562 bytes]","args":[{"selector":{"id":"application-managepartners-display-component---detailPtm--addressDetailDetailsCity1"},"wdio_ui5_key":"applicationmanagepartners-display-component---detailPtm--addressDetailDetailsCity1"}]}
RESULT: undefined
COMMAND: POST /session/fdb2eb18e9de7f55d42e953fc9ac8efb/execute/async - {"script":"<script> [6424 bytes]","args":[{"element-6066-11e4-a52e-4f735466cecf":"f.65777815963AB190D0E426F0C4C24000.d.AEE4D541F627B53CF80F869437AC987E.e.5815"},"getValue",[]]}
RESULT: {}
RESULT: {"script":"<script> [6424 bytes]","args":[{"element-6066-11e4-a52e-4f735466cecf":"f.65777815963AB190D0E426F0C4C24000.d.AEE4D541F627B53CF80F869437AC987E.e.5815"},"getValue",[]]}
COMMAND: POST /session/fdb2eb18e9de7f55d42e953fc9ac8efb/element - {"using":"css selector","value":"#shell-header-logo"}
RESULT: {"using":"css selector","value":"#shell-header-logo"}
COMMAND: POST /session/fdb2eb18e9de7f55d42e953fc9ac8efb/element/f.65777815963AB190D0E426F0C4C24000.d.AEE4D541F627B53CF80F869437AC987E.e.5375/click - {}
RESULT: {}
COMMAND: GET /session/fdb2eb18e9de7f55d42e953fc9ac8efb/screenshot - {}
RESULT: {}
]]></system-out>
    </testcase>
    <testcase classname="chrome.135_0_7049_96.windows.Partner_specific_tests_US150819_US151080_US151654_US151176_US103444_US151078_US151079_US151109_US151174_US151175_US151189" name="Should do filtering and navigation tests US151109" time="170.916">
      <system-out><![CDATA[
COMMAND: POST /session/fdb2eb18e9de7f55d42e953fc9ac8efb/element - {"using":"xpath","value":"//li[.//span[text()=\"Manage Partners\"]]"}
RESULT: {"using":"xpath","value":"//li[.//span[text()=\"Manage Partners\"]]"}
COMMAND: POST /session/fdb2eb18e9de7f55d42e953fc9ac8efb/element - {"using":"xpath","value":"//li[.//span[text()=\"Manage Partners\"]]"}
RESULT: {"using":"xpath","value":"//li[.//span[text()=\"Manage Partners\"]]"}
COMMAND: POST /session/fdb2eb18e9de7f55d42e953fc9ac8efb/element - {"using":"css selector","value":"#shell-header-logo"}
RESULT: {"using":"css selector","value":"#shell-header-logo"}
COMMAND: POST /session/fdb2eb18e9de7f55d42e953fc9ac8efb/element/f.65777815963AB190D0E426F0C4C24000.d.AEE4D541F627B53CF80F869437AC987E.e.5845/click - {}
COMMAND: POST /session/fdb2eb18e9de7f55d42e953fc9ac8efb/execute/sync - {"script":"<script> [8489 bytes]","args":[{"element-6066-11e4-a52e-4f735466cecf":"f.65777815963AB190D0E426F0C4C24000.d.AEE4D541F627B53CF80F869437AC987E.e.5845","ELEMENT":"f.65777815963AB190D0E426F0C4C24000.d.AEE4D541F627B53CF80F869437AC987E.e.5845"}]}
RESULT: {}
COMMAND: GET /session/fdb2eb18e9de7f55d42e953fc9ac8efb/screenshot - {}
RESULT: {"script":"<script> [8489 bytes]","args":[{"element-6066-11e4-a52e-4f735466cecf":"f.65777815963AB190D0E426F0C4C24000.d.AEE4D541F627B53CF80F869437AC987E.e.5845","ELEMENT":"f.65777815963AB190D0E426F0C4C24000.d.AEE4D541F627B53CF80F869437AC987E.e.5845"}]}
COMMAND: POST /session/fdb2eb18e9de7f55d42e953fc9ac8efb/execute/sync - {"script":"<script> [5351 bytes]","args":[{"element-6066-11e4-a52e-4f735466cecf":"f.65777815963AB190D0E426F0C4C24000.d.AEE4D541F627B53CF80F869437AC987E.e.5845","ELEMENT":"f.65777815963AB190D0E426F0C4C24000.d.AEE4D541F627B53CF80F869437AC987E.e.5845"}]}
COMMAND: GET /session/fdb2eb18e9de7f55d42e953fc9ac8efb/screenshot - {}
RESULT: {}
RESULT: {"script":"<script> [5351 bytes]","args":[{"element-6066-11e4-a52e-4f735466cecf":"f.65777815963AB190D0E426F0C4C24000.d.AEE4D541F627B53CF80F869437AC987E.e.5845","ELEMENT":"f.65777815963AB190D0E426F0C4C24000.d.AEE4D541F627B53CF80F869437AC987E.e.5845"}]}
COMMAND: GET /session/fdb2eb18e9de7f55d42e953fc9ac8efb/screenshot - {}
RESULT: {}
RESULT: {}
RESULT: undefined
COMMAND: POST /session/fdb2eb18e9de7f55d42e953fc9ac8efb/element - {"using":"xpath","value":"//*[@id=\"__tile30\"]"}
RESULT: {"using":"xpath","value":"//*[@id=\"__tile30\"]"}
COMMAND: POST /session/fdb2eb18e9de7f55d42e953fc9ac8efb/element/f.65777815963AB190D0E426F0C4C24000.d.AEE4D541F627B53CF80F869437AC987E.e.4500/click - {}
RESULT: {}
COMMAND: POST /session/fdb2eb18e9de7f55d42e953fc9ac8efb/element - {"using":"xpath","value":"//button[@data-kt=\"addButton\"]"}
COMMAND: GET /session/fdb2eb18e9de7f55d42e953fc9ac8efb/screenshot - {}
RESULT: {"using":"xpath","value":"//button[@data-kt=\"addButton\"]"}
COMMAND: POST /session/fdb2eb18e9de7f55d42e953fc9ac8efb/elements - {"using":"xpath","value":"//button[@data-kt=\"addButton\"]"}
RESULT: {}
RESULT: {"using":"xpath","value":"//button[@data-kt=\"addButton\"]"}
COMMAND: POST /session/fdb2eb18e9de7f55d42e953fc9ac8efb/element - {"using":"xpath","value":"//button[@data-kt=\"addButton\"]"}
RESULT: {"using":"xpath","value":"//button[@data-kt=\"addButton\"]"}
COMMAND: POST /session/fdb2eb18e9de7f55d42e953fc9ac8efb/execute/sync - {"script":"<script> [8489 bytes]","args":[{"element-6066-11e4-a52e-4f735466cecf":"f.65777815963AB190D0E426F0C4C24000.d.AEE4D541F627B53CF80F869437AC987E.e.5891","ELEMENT":"f.65777815963AB190D0E426F0C4C24000.d.AEE4D541F627B53CF80F869437AC987E.e.5891"}]}
RESULT: {"script":"<script> [8489 bytes]","args":[{"element-6066-11e4-a52e-4f735466cecf":"f.65777815963AB190D0E426F0C4C24000.d.AEE4D541F627B53CF80F869437AC987E.e.5891","ELEMENT":"f.65777815963AB190D0E426F0C4C24000.d.AEE4D541F627B53CF80F869437AC987E.e.5891"}]}
COMMAND: GET /session/fdb2eb18e9de7f55d42e953fc9ac8efb/element/f.65777815963AB190D0E426F0C4C24000.d.AEE4D541F627B53CF80F869437AC987E.e.5891/enabled - {}
COMMAND: GET /session/fdb2eb18e9de7f55d42e953fc9ac8efb/screenshot - {}
RESULT: {}
COMMAND: POST /session/fdb2eb18e9de7f55d42e953fc9ac8efb/execute/sync - {"script":"<script> [8489 bytes]","args":[{"element-6066-11e4-a52e-4f735466cecf":"f.65777815963AB190D0E426F0C4C24000.d.AEE4D541F627B53CF80F869437AC987E.e.5891","ELEMENT":"f.65777815963AB190D0E426F0C4C24000.d.AEE4D541F627B53CF80F869437AC987E.e.5891"}]}
COMMAND: GET /session/fdb2eb18e9de7f55d42e953fc9ac8efb/screenshot - {}
RESULT: {}
RESULT: {"script":"<script> [8489 bytes]","args":[{"element-6066-11e4-a52e-4f735466cecf":"f.65777815963AB190D0E426F0C4C24000.d.AEE4D541F627B53CF80F869437AC987E.e.5891","ELEMENT":"f.65777815963AB190D0E426F0C4C24000.d.AEE4D541F627B53CF80F869437AC987E.e.5891"}]}
COMMAND: POST /session/fdb2eb18e9de7f55d42e953fc9ac8efb/execute/sync - {"script":"<script> [5351 bytes]","args":[{"element-6066-11e4-a52e-4f735466cecf":"f.65777815963AB190D0E426F0C4C24000.d.AEE4D541F627B53CF80F869437AC987E.e.5891","ELEMENT":"f.65777815963AB190D0E426F0C4C24000.d.AEE4D541F627B53CF80F869437AC987E.e.5891"}]}
COMMAND: GET /session/fdb2eb18e9de7f55d42e953fc9ac8efb/screenshot - {}
RESULT: {}
RESULT: {"script":"<script> [5351 bytes]","args":[{"element-6066-11e4-a52e-4f735466cecf":"f.65777815963AB190D0E426F0C4C24000.d.AEE4D541F627B53CF80F869437AC987E.e.5891","ELEMENT":"f.65777815963AB190D0E426F0C4C24000.d.AEE4D541F627B53CF80F869437AC987E.e.5891"}]}
COMMAND: GET /session/fdb2eb18e9de7f55d42e953fc9ac8efb/screenshot - {}
RESULT: {}
RESULT: {}
COMMAND: POST /session/fdb2eb18e9de7f55d42e953fc9ac8efb/element - {"using":"xpath","value":"//span[@id=\"application-managepartners-display-component---masterPtm--smartTable-header-inner\"]"}
RESULT: {"using":"xpath","value":"//span[@id=\"application-managepartners-display-component---masterPtm--smartTable-header-inner\"]"}
COMMAND: POST /session/fdb2eb18e9de7f55d42e953fc9ac8efb/elements - {"using":"xpath","value":"//span[@id=\"application-managepartners-display-component---masterPtm--smartTable-header-inner\"]"}
RESULT: {"using":"xpath","value":"//span[@id=\"application-managepartners-display-component---masterPtm--smartTable-header-inner\"]"}
COMMAND: POST /session/fdb2eb18e9de7f55d42e953fc9ac8efb/execute/sync - {"script":"<script> [56 bytes]","args":[{"element-6066-11e4-a52e-4f735466cecf":"f.65777815963AB190D0E426F0C4C24000.d.AEE4D541F627B53CF80F869437AC987E.e.6016","ELEMENT":"f.65777815963AB190D0E426F0C4C24000.d.AEE4D541F627B53CF80F869437AC987E.e.6016"}]}
RESULT: {"script":"<script> [56 bytes]","args":[{"element-6066-11e4-a52e-4f735466cecf":"f.65777815963AB190D0E426F0C4C24000.d.AEE4D541F627B53CF80F869437AC987E.e.6016","ELEMENT":"f.65777815963AB190D0E426F0C4C24000.d.AEE4D541F627B53CF80F869437AC987E.e.6016"}]}
RESULT: undefined
COMMAND: POST /session/fdb2eb18e9de7f55d42e953fc9ac8efb/execute/async - {"script":"<script> [776 bytes]","args":[{"enterText":"External Partner WDIO","selector":{"id":"application-managepartners-display-component---masterPtm--smartFilterBar-btnBasicSearch","interaction":{"idSuffix":"I"}},"clearTextFirst":true,"interactionType":"ENTER_TEXT"}]}
COMMAND: GET /session/fdb2eb18e9de7f55d42e953fc9ac8efb/screenshot - {}
RESULT: {"script":"<script> [776 bytes]","args":[{"enterText":"External Partner WDIO","selector":{"id":"application-managepartners-display-component---masterPtm--smartFilterBar-btnBasicSearch","interaction":{"idSuffix":"I"}},"clearTextFirst":true,"interactionType":"ENTER_TEXT"}]}
RESULT: {}
COMMAND: POST /session/fdb2eb18e9de7f55d42e953fc9ac8efb/actions - {"actions":[{"id":"action17","type":"key","parameters":{},"actions":[{"type":"keyDown","value":"î€‡"},{"type":"pause","duration":10},{"type":"keyUp","value":"î€‡"}]}]}
RESULT: {"actions":[{"id":"action17","type":"key","parameters":{},"actions":[{"type":"keyDown","value":"î€‡"},{"type":"pause","duration":10},{"type":"keyUp","value":"î€‡"}]}]}
COMMAND: GET /session/fdb2eb18e9de7f55d42e953fc9ac8efb/screenshot - {}
RESULT: {}
COMMAND: POST /session/fdb2eb18e9de7f55d42e953fc9ac8efb/element - {"using":"xpath","value":"//span[@id=\"application-managepartners-display-component---masterPtm--smartTable-header-inner\"]"}
RESULT: {"using":"xpath","value":"//span[@id=\"application-managepartners-display-component---masterPtm--smartTable-header-inner\"]"}
COMMAND: POST /session/fdb2eb18e9de7f55d42e953fc9ac8efb/elements - {"using":"xpath","value":"//span[@id=\"application-managepartners-display-component---masterPtm--smartTable-header-inner\"]"}
RESULT: {"using":"xpath","value":"//span[@id=\"application-managepartners-display-component---masterPtm--smartTable-header-inner\"]"}
COMMAND: POST /session/fdb2eb18e9de7f55d42e953fc9ac8efb/execute/sync - {"script":"<script> [56 bytes]","args":[{"element-6066-11e4-a52e-4f735466cecf":"f.65777815963AB190D0E426F0C4C24000.d.AEE4D541F627B53CF80F869437AC987E.e.6016","ELEMENT":"f.65777815963AB190D0E426F0C4C24000.d.AEE4D541F627B53CF80F869437AC987E.e.6016"}]}
RESULT: {"script":"<script> [56 bytes]","args":[{"element-6066-11e4-a52e-4f735466cecf":"f.65777815963AB190D0E426F0C4C24000.d.AEE4D541F627B53CF80F869437AC987E.e.6016","ELEMENT":"f.65777815963AB190D0E426F0C4C24000.d.AEE4D541F627B53CF80F869437AC987E.e.6016"}]}
COMMAND: POST /session/fdb2eb18e9de7f55d42e953fc9ac8efb/element - {"using":"xpath","value":"//div[contains(@id, \"managepartners-display-component---masterPtm--smartFilterBar-btnBasicSearch-reset\")]"}
COMMAND: GET /session/fdb2eb18e9de7f55d42e953fc9ac8efb/screenshot - {}
RESULT: {"using":"xpath","value":"//div[contains(@id, \"managepartners-display-component---masterPtm--smartFilterBar-btnBasicSearch-reset\")]"}
COMMAND: POST /session/fdb2eb18e9de7f55d42e953fc9ac8efb/element/f.65777815963AB190D0E426F0C4C24000.d.AEE4D541F627B53CF80F869437AC987E.e.6119/click - {}
RESULT: {}
RESULT: {}
COMMAND: GET /session/fdb2eb18e9de7f55d42e953fc9ac8efb/screenshot - {}
RESULT: {}
COMMAND: POST /session/fdb2eb18e9de7f55d42e953fc9ac8efb/execute/async - {"script":"<script> [1562 bytes]","args":[{"selector":{"id":"application-managepartners-display-component---masterPtm--smartFilterBar-filterItemControl_BASIC-MAIN_ADDRESS-vhi"},"wdio_ui5_key":"applicationmanagepartners-display-component---masterPtm--smartFilterBar-filterItemControl_BASIC-MAIN_ADDRESS-vhi"}]}
RESULT: {"script":"<script> [1562 bytes]","args":[{"selector":{"id":"application-managepartners-display-component---masterPtm--smartFilterBar-filterItemControl_BASIC-MAIN_ADDRESS-vhi"},"wdio_ui5_key":"applicationmanagepartners-display-component---masterPtm--smartFilterBar-filterItemControl_BASIC-MAIN_ADDRESS-vhi"}]}
RESULT: undefined
COMMAND: POST /session/fdb2eb18e9de7f55d42e953fc9ac8efb/element - {"using":"xpath","value":"//*[@id=\"application-managepartners-display-component---masterPtm--smartFilterBar-filterItemControl_BASIC-MAIN_ADDRESS-vhi\"]"}
RESULT: {"using":"xpath","value":"//*[@id=\"application-managepartners-display-component---masterPtm--smartFilterBar-filterItemControl_BASIC-MAIN_ADDRESS-vhi\"]"}
COMMAND: POST /session/fdb2eb18e9de7f55d42e953fc9ac8efb/element/f.65777815963AB190D0E426F0C4C24000.d.AEE4D541F627B53CF80F869437AC987E.e.6213/click - {}
RESULT: {}
COMMAND: GET /session/fdb2eb18e9de7f55d42e953fc9ac8efb/screenshot - {}
RESULT: {}
COMMAND: POST /session/fdb2eb18e9de7f55d42e953fc9ac8efb/execute/async - {"script":"<script> [1562 bytes]","args":[{"selector":{"id":"application-managepartners-display-component---masterPtm--smartFilterBar-filterItemControl_BASIC-MAIN_ADDRESS-valueHelpDialog-smartFilterBar-btnBasicSearch","searchOpenDialogs":true,"interaction":{"idSuffix":"I"}},"wdio_ui5_key":"applicationmanagepartners-display-component---masterPtm--smartFilterBar-filterItemControl_BASIC-MAIN_ADDRESS-valueHelpDialog-smartFilterBar-btnBasicSearch"}]}
RESULT: {"script":"<script> [1562 bytes]","args":[{"selector":{"id":"application-managepartners-display-component---masterPtm--smartFilterBar-filterItemControl_BASIC-MAIN_ADDRESS-valueHelpDialog-smartFilterBar-btnBasicSearch","searchOpenDialogs":true,"interaction":{"idSuffix":"I"}},"wdio_ui5_key":"applicationmanagepartners-display-component---masterPtm--smartFilterBar-filterItemControl_BASIC-MAIN_ADDRESS-valueHelpDialog-smartFilterBar-btnBasicSearch"}]}
RESULT: undefined
COMMAND: POST /session/fdb2eb18e9de7f55d42e953fc9ac8efb/execute/async - {"script":"<script> [776 bytes]","args":[{"enterText":"Romania","selector":{"id":"application-managepartners-display-component---masterPtm--smartFilterBar-filterItemControl_BASIC-MAIN_ADDRESS-valueHelpDialog-smartFilterBar-btnBasicSearch","searchOpenDialogs":true,"interaction":{"idSuffix":"I"}},"clearTextFirst":true,"interactionType":"ENTER_TEXT"}]}
RESULT: {"script":"<script> [776 bytes]","args":[{"enterText":"Romania","selector":{"id":"application-managepartners-display-component---masterPtm--smartFilterBar-filterItemControl_BASIC-MAIN_ADDRESS-valueHelpDialog-smartFilterBar-btnBasicSearch","searchOpenDialogs":true,"interaction":{"idSuffix":"I"}},"clearTextFirst":true,"interactionType":"ENTER_TEXT"}]}
COMMAND: POST /session/fdb2eb18e9de7f55d42e953fc9ac8efb/actions - {"actions":[{"id":"action18","type":"key","parameters":{},"actions":[{"type":"keyDown","value":"î€‡"},{"type":"pause","duration":10},{"type":"keyUp","value":"î€‡"}]}]}
RESULT: {"actions":[{"id":"action18","type":"key","parameters":{},"actions":[{"type":"keyDown","value":"î€‡"},{"type":"pause","duration":10},{"type":"keyUp","value":"î€‡"}]}]}
COMMAND: POST /session/fdb2eb18e9de7f55d42e953fc9ac8efb/elements - {"using":"xpath","value":"//table[contains(@id, \"smartFilterBar-filterItemControl_BASIC-MAIN_ADDRESS-valueHelpDialog-table-table\")]/tbody/tr"}
COMMAND: GET /session/fdb2eb18e9de7f55d42e953fc9ac8efb/screenshot - {}
RESULT: {"using":"xpath","value":"//table[contains(@id, \"smartFilterBar-filterItemControl_BASIC-MAIN_ADDRESS-valueHelpDialog-table-table\")]/tbody/tr"}
COMMAND: POST /session/fdb2eb18e9de7f55d42e953fc9ac8efb/element - {"using":"xpath","value":"//table[contains(@id, \"smartFilterBar-filterItemControl_BASIC-MAIN_ADDRESS-valueHelpDialog-table-table\")]/tbody/tr[1]/td[1]/div/span"}
RESULT: {}
RESULT: {"using":"xpath","value":"//table[contains(@id, \"smartFilterBar-filterItemControl_BASIC-MAIN_ADDRESS-valueHelpDialog-table-table\")]/tbody/tr[1]/td[1]/div/span"}
COMMAND: POST /session/fdb2eb18e9de7f55d42e953fc9ac8efb/elements - {"using":"xpath","value":"//table[contains(@id, \"smartFilterBar-filterItemControl_BASIC-MAIN_ADDRESS-valueHelpDialog-table-table\")]/tbody/tr[1]/td[1]/div/span"}
RESULT: {"using":"xpath","value":"//table[contains(@id, \"smartFilterBar-filterItemControl_BASIC-MAIN_ADDRESS-valueHelpDialog-table-table\")]/tbody/tr[1]/td[1]/div/span"}
COMMAND: POST /session/fdb2eb18e9de7f55d42e953fc9ac8efb/execute/sync - {"script":"<script> [56 bytes]","args":[{"element-6066-11e4-a52e-4f735466cecf":"f.65777815963AB190D0E426F0C4C24000.d.AEE4D541F627B53CF80F869437AC987E.e.6235","ELEMENT":"f.65777815963AB190D0E426F0C4C24000.d.AEE4D541F627B53CF80F869437AC987E.e.6235"}]}
RESULT: {"script":"<script> [56 bytes]","args":[{"element-6066-11e4-a52e-4f735466cecf":"f.65777815963AB190D0E426F0C4C24000.d.AEE4D541F627B53CF80F869437AC987E.e.6235","ELEMENT":"f.65777815963AB190D0E426F0C4C24000.d.AEE4D541F627B53CF80F869437AC987E.e.6235"}]}
COMMAND: POST /session/fdb2eb18e9de7f55d42e953fc9ac8efb/element - {"using":"xpath","value":"//div[contains(@id, \"filterItemControl_BASIC-MAIN_ADDRESS-valueHelpDialog-table-rowsel0\")]"}
COMMAND: GET /session/fdb2eb18e9de7f55d42e953fc9ac8efb/screenshot - {}
RESULT: {"using":"xpath","value":"//div[contains(@id, \"filterItemControl_BASIC-MAIN_ADDRESS-valueHelpDialog-table-rowsel0\")]"}
COMMAND: POST /session/fdb2eb18e9de7f55d42e953fc9ac8efb/element/f.65777815963AB190D0E426F0C4C24000.d.AEE4D541F627B53CF80F869437AC987E.e.6236/click - {}
RESULT: {}
RESULT: {}
COMMAND: GET /session/fdb2eb18e9de7f55d42e953fc9ac8efb/screenshot - {}
RESULT: {}
COMMAND: POST /session/fdb2eb18e9de7f55d42e953fc9ac8efb/element - {"using":"xpath","value":"(//bdi[contains(text(), \"OK\")])[1]"}
RESULT: {"using":"xpath","value":"(//bdi[contains(text(), \"OK\")])[1]"}
COMMAND: POST /session/fdb2eb18e9de7f55d42e953fc9ac8efb/element/f.65777815963AB190D0E426F0C4C24000.d.AEE4D541F627B53CF80F869437AC987E.e.6238/click - {}
RESULT: {}
COMMAND: GET /session/fdb2eb18e9de7f55d42e953fc9ac8efb/screenshot - {}
RESULT: {}
COMMAND: POST /session/fdb2eb18e9de7f55d42e953fc9ac8efb/element - {"using":"xpath","value":"//span[@id=\"application-managepartners-display-component---masterPtm--smartTable-header-inner\"]"}
RESULT: {"using":"xpath","value":"//span[@id=\"application-managepartners-display-component---masterPtm--smartTable-header-inner\"]"}
COMMAND: POST /session/fdb2eb18e9de7f55d42e953fc9ac8efb/elements - {"using":"xpath","value":"//span[@id=\"application-managepartners-display-component---masterPtm--smartTable-header-inner\"]"}
RESULT: {"using":"xpath","value":"//span[@id=\"application-managepartners-display-component---masterPtm--smartTable-header-inner\"]"}
COMMAND: POST /session/fdb2eb18e9de7f55d42e953fc9ac8efb/execute/sync - {"script":"<script> [56 bytes]","args":[{"element-6066-11e4-a52e-4f735466cecf":"f.65777815963AB190D0E426F0C4C24000.d.AEE4D541F627B53CF80F869437AC987E.e.6016","ELEMENT":"f.65777815963AB190D0E426F0C4C24000.d.AEE4D541F627B53CF80F869437AC987E.e.6016"}]}
RESULT: {"script":"<script> [56 bytes]","args":[{"element-6066-11e4-a52e-4f735466cecf":"f.65777815963AB190D0E426F0C4C24000.d.AEE4D541F627B53CF80F869437AC987E.e.6016","ELEMENT":"f.65777815963AB190D0E426F0C4C24000.d.AEE4D541F627B53CF80F869437AC987E.e.6016"}]}
COMMAND: POST /session/fdb2eb18e9de7f55d42e953fc9ac8efb/element - {"using":"xpath","value":"//span[contains(@title, \"Remove\")]"}
COMMAND: GET /session/fdb2eb18e9de7f55d42e953fc9ac8efb/screenshot - {}
RESULT: {"using":"xpath","value":"//span[contains(@title, \"Remove\")]"}
COMMAND: POST /session/fdb2eb18e9de7f55d42e953fc9ac8efb/element/f.65777815963AB190D0E426F0C4C24000.d.AEE4D541F627B53CF80F869437AC987E.e.6252/click - {}
RESULT: {}
RESULT: {}
COMMAND: GET /session/fdb2eb18e9de7f55d42e953fc9ac8efb/screenshot - {}
RESULT: {}
COMMAND: POST /session/fdb2eb18e9de7f55d42e953fc9ac8efb/element - {"using":"xpath","value":"//span[@id=\"application-managepartners-display-component---masterPtm--smartTable-header-inner\"]"}
RESULT: {"using":"xpath","value":"//span[@id=\"application-managepartners-display-component---masterPtm--smartTable-header-inner\"]"}
COMMAND: POST /session/fdb2eb18e9de7f55d42e953fc9ac8efb/elements - {"using":"xpath","value":"//span[@id=\"application-managepartners-display-component---masterPtm--smartTable-header-inner\"]"}
RESULT: {"using":"xpath","value":"//span[@id=\"application-managepartners-display-component---masterPtm--smartTable-header-inner\"]"}
COMMAND: POST /session/fdb2eb18e9de7f55d42e953fc9ac8efb/execute/sync - {"script":"<script> [56 bytes]","args":[{"element-6066-11e4-a52e-4f735466cecf":"f.65777815963AB190D0E426F0C4C24000.d.AEE4D541F627B53CF80F869437AC987E.e.6016","ELEMENT":"f.65777815963AB190D0E426F0C4C24000.d.AEE4D541F627B53CF80F869437AC987E.e.6016"}]}
RESULT: {"script":"<script> [56 bytes]","args":[{"element-6066-11e4-a52e-4f735466cecf":"f.65777815963AB190D0E426F0C4C24000.d.AEE4D541F627B53CF80F869437AC987E.e.6016","ELEMENT":"f.65777815963AB190D0E426F0C4C24000.d.AEE4D541F627B53CF80F869437AC987E.e.6016"}]}
COMMAND: POST /session/fdb2eb18e9de7f55d42e953fc9ac8efb/execute/async - {"script":"<script> [1562 bytes]","args":[{"selector":{"id":"application-managepartners-display-component---masterPtm--smartFilterBar-filterItemControl_BASIC-YARD-vhi"},"wdio_ui5_key":"applicationmanagepartners-display-component---masterPtm--smartFilterBar-filterItemControl_BASIC-YARD-vhi"}]}
COMMAND: GET /session/fdb2eb18e9de7f55d42e953fc9ac8efb/screenshot - {}
RESULT: {"script":"<script> [1562 bytes]","args":[{"selector":{"id":"application-managepartners-display-component---masterPtm--smartFilterBar-filterItemControl_BASIC-YARD-vhi"},"wdio_ui5_key":"applicationmanagepartners-display-component---masterPtm--smartFilterBar-filterItemControl_BASIC-YARD-vhi"}]}
RESULT: undefined
COMMAND: POST /session/fdb2eb18e9de7f55d42e953fc9ac8efb/element - {"using":"xpath","value":"//*[@id=\"application-managepartners-display-component---masterPtm--smartFilterBar-filterItemControl_BASIC-YARD-vhi\"]"}
RESULT: {}
RESULT: {"using":"xpath","value":"//*[@id=\"application-managepartners-display-component---masterPtm--smartFilterBar-filterItemControl_BASIC-YARD-vhi\"]"}
COMMAND: POST /session/fdb2eb18e9de7f55d42e953fc9ac8efb/element/f.65777815963AB190D0E426F0C4C24000.d.AEE4D541F627B53CF80F869437AC987E.e.6356/click - {}
RESULT: {}
COMMAND: GET /session/fdb2eb18e9de7f55d42e953fc9ac8efb/screenshot - {}
RESULT: {}
COMMAND: POST /session/fdb2eb18e9de7f55d42e953fc9ac8efb/execute/async - {"script":"<script> [1562 bytes]","args":[{"selector":{"id":"application-managepartners-display-component---masterPtm--smartFilterBar-filterItemControl_BASIC-YARD-valueHelpDialog-smartFilterBar-btnBasicSearch","searchOpenDialogs":true,"interaction":{"idSuffix":"I"}},"wdio_ui5_key":"applicationmanagepartners-display-component---masterPtm--smartFilterBar-filterItemControl_BASIC-YARD-valueHelpDialog-smartFilterBar-btnBasicSearch"}]}
RESULT: {"script":"<script> [1562 bytes]","args":[{"selector":{"id":"application-managepartners-display-component---masterPtm--smartFilterBar-filterItemControl_BASIC-YARD-valueHelpDialog-smartFilterBar-btnBasicSearch","searchOpenDialogs":true,"interaction":{"idSuffix":"I"}},"wdio_ui5_key":"applicationmanagepartners-display-component---masterPtm--smartFilterBar-filterItemControl_BASIC-YARD-valueHelpDialog-smartFilterBar-btnBasicSearch"}]}
RESULT: undefined
COMMAND: POST /session/fdb2eb18e9de7f55d42e953fc9ac8efb/execute/async - {"script":"<script> [776 bytes]","args":[{"enterText":"Test","selector":{"id":"application-managepartners-display-component---masterPtm--smartFilterBar-filterItemControl_BASIC-YARD-valueHelpDialog-smartFilterBar-btnBasicSearch","searchOpenDialogs":true,"interaction":{"idSuffix":"I"}},"clearTextFirst":true,"interactionType":"ENTER_TEXT"}]}
RESULT: {"script":"<script> [776 bytes]","args":[{"enterText":"Test","selector":{"id":"application-managepartners-display-component---masterPtm--smartFilterBar-filterItemControl_BASIC-YARD-valueHelpDialog-smartFilterBar-btnBasicSearch","searchOpenDialogs":true,"interaction":{"idSuffix":"I"}},"clearTextFirst":true,"interactionType":"ENTER_TEXT"}]}
COMMAND: POST /session/fdb2eb18e9de7f55d42e953fc9ac8efb/actions - {"actions":[{"id":"action19","type":"key","parameters":{},"actions":[{"type":"keyDown","value":"î€‡"},{"type":"pause","duration":10},{"type":"keyUp","value":"î€‡"}]}]}
RESULT: {"actions":[{"id":"action19","type":"key","parameters":{},"actions":[{"type":"keyDown","value":"î€‡"},{"type":"pause","duration":10},{"type":"keyUp","value":"î€‡"}]}]}
COMMAND: POST /session/fdb2eb18e9de7f55d42e953fc9ac8efb/elements - {"using":"xpath","value":"//table[contains(@id, \"smartFilterBar-filterItemControl_BASIC-YARD-valueHelpDialog-table-table\")]/tbody/tr"}
COMMAND: GET /session/fdb2eb18e9de7f55d42e953fc9ac8efb/screenshot - {}
RESULT: {"using":"xpath","value":"//table[contains(@id, \"smartFilterBar-filterItemControl_BASIC-YARD-valueHelpDialog-table-table\")]/tbody/tr"}
COMMAND: POST /session/fdb2eb18e9de7f55d42e953fc9ac8efb/element - {"using":"xpath","value":"//table[contains(@id, \"smartFilterBar-filterItemControl_BASIC-YARD-valueHelpDialog-table-table\")]/tbody/tr[1]/td[1]/div/span"}
RESULT: {}
RESULT: {"using":"xpath","value":"//table[contains(@id, \"smartFilterBar-filterItemControl_BASIC-YARD-valueHelpDialog-table-table\")]/tbody/tr[1]/td[1]/div/span"}
COMMAND: POST /session/fdb2eb18e9de7f55d42e953fc9ac8efb/elements - {"using":"xpath","value":"//table[contains(@id, \"smartFilterBar-filterItemControl_BASIC-YARD-valueHelpDialog-table-table\")]/tbody/tr[1]/td[1]/div/span"}
RESULT: {"using":"xpath","value":"//table[contains(@id, \"smartFilterBar-filterItemControl_BASIC-YARD-valueHelpDialog-table-table\")]/tbody/tr[1]/td[1]/div/span"}
COMMAND: POST /session/fdb2eb18e9de7f55d42e953fc9ac8efb/execute/sync - {"script":"<script> [56 bytes]","args":[{"element-6066-11e4-a52e-4f735466cecf":"f.65777815963AB190D0E426F0C4C24000.d.AEE4D541F627B53CF80F869437AC987E.e.6378","ELEMENT":"f.65777815963AB190D0E426F0C4C24000.d.AEE4D541F627B53CF80F869437AC987E.e.6378"}]}
RESULT: {"script":"<script> [56 bytes]","args":[{"element-6066-11e4-a52e-4f735466cecf":"f.65777815963AB190D0E426F0C4C24000.d.AEE4D541F627B53CF80F869437AC987E.e.6378","ELEMENT":"f.65777815963AB190D0E426F0C4C24000.d.AEE4D541F627B53CF80F869437AC987E.e.6378"}]}
COMMAND: POST /session/fdb2eb18e9de7f55d42e953fc9ac8efb/element - {"using":"xpath","value":"//table[contains(@id, \"smartFilterBar-filterItemControl_BASIC-YARD-valueHelpDialog-table-table\")]/tbody/tr[2]/td[1]/div/span"}
COMMAND: GET /session/fdb2eb18e9de7f55d42e953fc9ac8efb/screenshot - {}
RESULT: {"using":"xpath","value":"//table[contains(@id, \"smartFilterBar-filterItemControl_BASIC-YARD-valueHelpDialog-table-table\")]/tbody/tr[2]/td[1]/div/span"}
COMMAND: POST /session/fdb2eb18e9de7f55d42e953fc9ac8efb/elements - {"using":"xpath","value":"//table[contains(@id, \"smartFilterBar-filterItemControl_BASIC-YARD-valueHelpDialog-table-table\")]/tbody/tr[2]/td[1]/div/span"}
RESULT: {}
RESULT: {"using":"xpath","value":"//table[contains(@id, \"smartFilterBar-filterItemControl_BASIC-YARD-valueHelpDialog-table-table\")]/tbody/tr[2]/td[1]/div/span"}
COMMAND: POST /session/fdb2eb18e9de7f55d42e953fc9ac8efb/execute/sync - {"script":"<script> [56 bytes]","args":[{"element-6066-11e4-a52e-4f735466cecf":"f.65777815963AB190D0E426F0C4C24000.d.AEE4D541F627B53CF80F869437AC987E.e.6379","ELEMENT":"f.65777815963AB190D0E426F0C4C24000.d.AEE4D541F627B53CF80F869437AC987E.e.6379"}]}
RESULT: {"script":"<script> [56 bytes]","args":[{"element-6066-11e4-a52e-4f735466cecf":"f.65777815963AB190D0E426F0C4C24000.d.AEE4D541F627B53CF80F869437AC987E.e.6379","ELEMENT":"f.65777815963AB190D0E426F0C4C24000.d.AEE4D541F627B53CF80F869437AC987E.e.6379"}]}
COMMAND: POST /session/fdb2eb18e9de7f55d42e953fc9ac8efb/element - {"using":"xpath","value":"//table[contains(@id, \"smartFilterBar-filterItemControl_BASIC-YARD-valueHelpDialog-table-table\")]/tbody/tr[3]/td[1]/div/span"}
COMMAND: GET /session/fdb2eb18e9de7f55d42e953fc9ac8efb/screenshot - {}
RESULT: {"using":"xpath","value":"//table[contains(@id, \"smartFilterBar-filterItemControl_BASIC-YARD-valueHelpDialog-table-table\")]/tbody/tr[3]/td[1]/div/span"}
COMMAND: POST /session/fdb2eb18e9de7f55d42e953fc9ac8efb/elements - {"using":"xpath","value":"//table[contains(@id, \"smartFilterBar-filterItemControl_BASIC-YARD-valueHelpDialog-table-table\")]/tbody/tr[3]/td[1]/div/span"}
RESULT: {}
RESULT: {"using":"xpath","value":"//table[contains(@id, \"smartFilterBar-filterItemControl_BASIC-YARD-valueHelpDialog-table-table\")]/tbody/tr[3]/td[1]/div/span"}
COMMAND: POST /session/fdb2eb18e9de7f55d42e953fc9ac8efb/execute/sync - {"script":"<script> [56 bytes]","args":[{"element-6066-11e4-a52e-4f735466cecf":"f.65777815963AB190D0E426F0C4C24000.d.AEE4D541F627B53CF80F869437AC987E.e.6380","ELEMENT":"f.65777815963AB190D0E426F0C4C24000.d.AEE4D541F627B53CF80F869437AC987E.e.6380"}]}
RESULT: {"script":"<script> [56 bytes]","args":[{"element-6066-11e4-a52e-4f735466cecf":"f.65777815963AB190D0E426F0C4C24000.d.AEE4D541F627B53CF80F869437AC987E.e.6380","ELEMENT":"f.65777815963AB190D0E426F0C4C24000.d.AEE4D541F627B53CF80F869437AC987E.e.6380"}]}
COMMAND: POST /session/fdb2eb18e9de7f55d42e953fc9ac8efb/element - {"using":"xpath","value":"//div[contains(@id, \"filterItemControl_BASIC-YARD-valueHelpDialog-table-rowsel2\")]"}
COMMAND: GET /session/fdb2eb18e9de7f55d42e953fc9ac8efb/screenshot - {}
RESULT: {"using":"xpath","value":"//div[contains(@id, \"filterItemControl_BASIC-YARD-valueHelpDialog-table-rowsel2\")]"}
COMMAND: POST /session/fdb2eb18e9de7f55d42e953fc9ac8efb/element/f.65777815963AB190D0E426F0C4C24000.d.AEE4D541F627B53CF80F869437AC987E.e.6381/click - {}
RESULT: {}
RESULT: {}
COMMAND: GET /session/fdb2eb18e9de7f55d42e953fc9ac8efb/screenshot - {}
RESULT: {}
COMMAND: POST /session/fdb2eb18e9de7f55d42e953fc9ac8efb/element - {"using":"xpath","value":"(//bdi[contains(text(), \"OK\")])[1]"}
RESULT: {"using":"xpath","value":"(//bdi[contains(text(), \"OK\")])[1]"}
COMMAND: POST /session/fdb2eb18e9de7f55d42e953fc9ac8efb/element/f.65777815963AB190D0E426F0C4C24000.d.AEE4D541F627B53CF80F869437AC987E.e.6383/click - {}
RESULT: {}
COMMAND: GET /session/fdb2eb18e9de7f55d42e953fc9ac8efb/screenshot - {}
RESULT: {}
COMMAND: POST /session/fdb2eb18e9de7f55d42e953fc9ac8efb/element - {"using":"xpath","value":"//span[@id=\"application-managepartners-display-component---masterPtm--smartTable-header-inner\"]"}
RESULT: {"using":"xpath","value":"//span[@id=\"application-managepartners-display-component---masterPtm--smartTable-header-inner\"]"}
COMMAND: POST /session/fdb2eb18e9de7f55d42e953fc9ac8efb/elements - {"using":"xpath","value":"//span[@id=\"application-managepartners-display-component---masterPtm--smartTable-header-inner\"]"}
RESULT: {"using":"xpath","value":"//span[@id=\"application-managepartners-display-component---masterPtm--smartTable-header-inner\"]"}
COMMAND: POST /session/fdb2eb18e9de7f55d42e953fc9ac8efb/execute/sync - {"script":"<script> [56 bytes]","args":[{"element-6066-11e4-a52e-4f735466cecf":"f.65777815963AB190D0E426F0C4C24000.d.AEE4D541F627B53CF80F869437AC987E.e.6016","ELEMENT":"f.65777815963AB190D0E426F0C4C24000.d.AEE4D541F627B53CF80F869437AC987E.e.6016"}]}
RESULT: {"script":"<script> [56 bytes]","args":[{"element-6066-11e4-a52e-4f735466cecf":"f.65777815963AB190D0E426F0C4C24000.d.AEE4D541F627B53CF80F869437AC987E.e.6016","ELEMENT":"f.65777815963AB190D0E426F0C4C24000.d.AEE4D541F627B53CF80F869437AC987E.e.6016"}]}
COMMAND: POST /session/fdb2eb18e9de7f55d42e953fc9ac8efb/element - {"using":"xpath","value":"//span[contains(@title, \"Remove\")]"}
COMMAND: GET /session/fdb2eb18e9de7f55d42e953fc9ac8efb/screenshot - {}
RESULT: {"using":"xpath","value":"//span[contains(@title, \"Remove\")]"}
COMMAND: POST /session/fdb2eb18e9de7f55d42e953fc9ac8efb/element/f.65777815963AB190D0E426F0C4C24000.d.AEE4D541F627B53CF80F869437AC987E.e.6396/click - {}
RESULT: {}
RESULT: {}
COMMAND: GET /session/fdb2eb18e9de7f55d42e953fc9ac8efb/screenshot - {}
RESULT: {}
COMMAND: POST /session/fdb2eb18e9de7f55d42e953fc9ac8efb/element - {"using":"xpath","value":"//span[@id=\"application-managepartners-display-component---masterPtm--smartTable-header-inner\"]"}
RESULT: {"using":"xpath","value":"//span[@id=\"application-managepartners-display-component---masterPtm--smartTable-header-inner\"]"}
COMMAND: POST /session/fdb2eb18e9de7f55d42e953fc9ac8efb/elements - {"using":"xpath","value":"//span[@id=\"application-managepartners-display-component---masterPtm--smartTable-header-inner\"]"}
RESULT: {"using":"xpath","value":"//span[@id=\"application-managepartners-display-component---masterPtm--smartTable-header-inner\"]"}
COMMAND: POST /session/fdb2eb18e9de7f55d42e953fc9ac8efb/execute/sync - {"script":"<script> [56 bytes]","args":[{"element-6066-11e4-a52e-4f735466cecf":"f.65777815963AB190D0E426F0C4C24000.d.AEE4D541F627B53CF80F869437AC987E.e.6016","ELEMENT":"f.65777815963AB190D0E426F0C4C24000.d.AEE4D541F627B53CF80F869437AC987E.e.6016"}]}
RESULT: {"script":"<script> [56 bytes]","args":[{"element-6066-11e4-a52e-4f735466cecf":"f.65777815963AB190D0E426F0C4C24000.d.AEE4D541F627B53CF80F869437AC987E.e.6016","ELEMENT":"f.65777815963AB190D0E426F0C4C24000.d.AEE4D541F627B53CF80F869437AC987E.e.6016"}]}
COMMAND: POST /session/fdb2eb18e9de7f55d42e953fc9ac8efb/execute/async - {"script":"<script> [1562 bytes]","args":[{"selector":{"id":"application-managepartners-display-component---masterPtm--smartFilterBar-filterItemControl_BASIC-ALL_TAGS-vhi"},"wdio_ui5_key":"applicationmanagepartners-display-component---masterPtm--smartFilterBar-filterItemControl_BASIC-ALL_TAGS-vhi"}]}
COMMAND: GET /session/fdb2eb18e9de7f55d42e953fc9ac8efb/screenshot - {}
RESULT: {"script":"<script> [1562 bytes]","args":[{"selector":{"id":"application-managepartners-display-component---masterPtm--smartFilterBar-filterItemControl_BASIC-ALL_TAGS-vhi"},"wdio_ui5_key":"applicationmanagepartners-display-component---masterPtm--smartFilterBar-filterItemControl_BASIC-ALL_TAGS-vhi"}]}
RESULT: undefined
COMMAND: POST /session/fdb2eb18e9de7f55d42e953fc9ac8efb/element - {"using":"xpath","value":"//*[@id=\"application-managepartners-display-component---masterPtm--smartFilterBar-filterItemControl_BASIC-ALL_TAGS-vhi\"]"}
RESULT: {}
RESULT: {"using":"xpath","value":"//*[@id=\"application-managepartners-display-component---masterPtm--smartFilterBar-filterItemControl_BASIC-ALL_TAGS-vhi\"]"}
COMMAND: POST /session/fdb2eb18e9de7f55d42e953fc9ac8efb/element/f.65777815963AB190D0E426F0C4C24000.d.AEE4D541F627B53CF80F869437AC987E.e.6498/click - {}
RESULT: {}
COMMAND: GET /session/fdb2eb18e9de7f55d42e953fc9ac8efb/screenshot - {}
RESULT: {}
COMMAND: POST /session/fdb2eb18e9de7f55d42e953fc9ac8efb/execute/async - {"script":"<script> [1562 bytes]","args":[{"selector":{"id":"application-managepartners-display-component---masterPtm--smartFilterBar-filterItemControl_BASIC-ALL_TAGS-valueHelpDialog-smartFilterBar-btnBasicSearch","searchOpenDialogs":true,"interaction":{"idSuffix":"I"}},"wdio_ui5_key":"applicationmanagepartners-display-component---masterPtm--smartFilterBar-filterItemControl_BASIC-ALL_TAGS-valueHelpDialog-smartFilterBar-btnBasicSearch"}]}
RESULT: {"script":"<script> [1562 bytes]","args":[{"selector":{"id":"application-managepartners-display-component---masterPtm--smartFilterBar-filterItemControl_BASIC-ALL_TAGS-valueHelpDialog-smartFilterBar-btnBasicSearch","searchOpenDialogs":true,"interaction":{"idSuffix":"I"}},"wdio_ui5_key":"applicationmanagepartners-display-component---masterPtm--smartFilterBar-filterItemControl_BASIC-ALL_TAGS-valueHelpDialog-smartFilterBar-btnBasicSearch"}]}
RESULT: undefined
COMMAND: POST /session/fdb2eb18e9de7f55d42e953fc9ac8efb/execute/async - {"script":"<script> [776 bytes]","args":[{"enterText":"test-tag-1","selector":{"id":"application-managepartners-display-component---masterPtm--smartFilterBar-filterItemControl_BASIC-ALL_TAGS-valueHelpDialog-smartFilterBar-btnBasicSearch","searchOpenDialogs":true,"interaction":{"idSuffix":"I"}},"clearTextFirst":true,"interactionType":"ENTER_TEXT"}]}
RESULT: {"script":"<script> [776 bytes]","args":[{"enterText":"test-tag-1","selector":{"id":"application-managepartners-display-component---masterPtm--smartFilterBar-filterItemControl_BASIC-ALL_TAGS-valueHelpDialog-smartFilterBar-btnBasicSearch","searchOpenDialogs":true,"interaction":{"idSuffix":"I"}},"clearTextFirst":true,"interactionType":"ENTER_TEXT"}]}
COMMAND: POST /session/fdb2eb18e9de7f55d42e953fc9ac8efb/actions - {"actions":[{"id":"action20","type":"key","parameters":{},"actions":[{"type":"keyDown","value":"î€‡"},{"type":"pause","duration":10},{"type":"keyUp","value":"î€‡"}]}]}
RESULT: {"actions":[{"id":"action20","type":"key","parameters":{},"actions":[{"type":"keyDown","value":"î€‡"},{"type":"pause","duration":10},{"type":"keyUp","value":"î€‡"}]}]}
COMMAND: POST /session/fdb2eb18e9de7f55d42e953fc9ac8efb/elements - {"using":"xpath","value":"//table[contains(@id, \"smartFilterBar-filterItemControl_BASIC-ALL_TAGS-valueHelpDialog-table-table\")]/tbody/tr"}
COMMAND: GET /session/fdb2eb18e9de7f55d42e953fc9ac8efb/screenshot - {}
RESULT: {"using":"xpath","value":"//table[contains(@id, \"smartFilterBar-filterItemControl_BASIC-ALL_TAGS-valueHelpDialog-table-table\")]/tbody/tr"}
COMMAND: POST /session/fdb2eb18e9de7f55d42e953fc9ac8efb/element - {"using":"xpath","value":"//table[contains(@id, \"smartFilterBar-filterItemControl_BASIC-ALL_TAGS-valueHelpDialog-table-table\")]/tbody/tr[1]/td[1]/div/span"}
RESULT: {}
RESULT: {"using":"xpath","value":"//table[contains(@id, \"smartFilterBar-filterItemControl_BASIC-ALL_TAGS-valueHelpDialog-table-table\")]/tbody/tr[1]/td[1]/div/span"}
COMMAND: POST /session/fdb2eb18e9de7f55d42e953fc9ac8efb/elements - {"using":"xpath","value":"//table[contains(@id, \"smartFilterBar-filterItemControl_BASIC-ALL_TAGS-valueHelpDialog-table-table\")]/tbody/tr[1]/td[1]/div/span"}
RESULT: {"using":"xpath","value":"//table[contains(@id, \"smartFilterBar-filterItemControl_BASIC-ALL_TAGS-valueHelpDialog-table-table\")]/tbody/tr[1]/td[1]/div/span"}
COMMAND: POST /session/fdb2eb18e9de7f55d42e953fc9ac8efb/execute/sync - {"script":"<script> [56 bytes]","args":[{"element-6066-11e4-a52e-4f735466cecf":"f.65777815963AB190D0E426F0C4C24000.d.AEE4D541F627B53CF80F869437AC987E.e.6520","ELEMENT":"f.65777815963AB190D0E426F0C4C24000.d.AEE4D541F627B53CF80F869437AC987E.e.6520"}]}
RESULT: {"script":"<script> [56 bytes]","args":[{"element-6066-11e4-a52e-4f735466cecf":"f.65777815963AB190D0E426F0C4C24000.d.AEE4D541F627B53CF80F869437AC987E.e.6520","ELEMENT":"f.65777815963AB190D0E426F0C4C24000.d.AEE4D541F627B53CF80F869437AC987E.e.6520"}]}
COMMAND: POST /session/fdb2eb18e9de7f55d42e953fc9ac8efb/element - {"using":"xpath","value":"//div[contains(@id, \"filterItemControl_BASIC-ALL_TAGS-valueHelpDialog-table-rowsel0\")]"}
COMMAND: GET /session/fdb2eb18e9de7f55d42e953fc9ac8efb/screenshot - {}
RESULT: {"using":"xpath","value":"//div[contains(@id, \"filterItemControl_BASIC-ALL_TAGS-valueHelpDialog-table-rowsel0\")]"}
COMMAND: POST /session/fdb2eb18e9de7f55d42e953fc9ac8efb/element/f.65777815963AB190D0E426F0C4C24000.d.AEE4D541F627B53CF80F869437AC987E.e.6521/click - {}
RESULT: {}
RESULT: {}
COMMAND: GET /session/fdb2eb18e9de7f55d42e953fc9ac8efb/screenshot - {}
RESULT: {}
COMMAND: POST /session/fdb2eb18e9de7f55d42e953fc9ac8efb/element - {"using":"xpath","value":"(//bdi[contains(text(), \"OK\")])[1]"}
RESULT: {"using":"xpath","value":"(//bdi[contains(text(), \"OK\")])[1]"}
COMMAND: POST /session/fdb2eb18e9de7f55d42e953fc9ac8efb/element/f.65777815963AB190D0E426F0C4C24000.d.AEE4D541F627B53CF80F869437AC987E.e.6523/click - {}
RESULT: {}
COMMAND: GET /session/fdb2eb18e9de7f55d42e953fc9ac8efb/screenshot - {}
RESULT: {}
COMMAND: POST /session/fdb2eb18e9de7f55d42e953fc9ac8efb/element - {"using":"xpath","value":"//span[@id=\"application-managepartners-display-component---masterPtm--smartTable-header-inner\"]"}
RESULT: {"using":"xpath","value":"//span[@id=\"application-managepartners-display-component---masterPtm--smartTable-header-inner\"]"}
COMMAND: POST /session/fdb2eb18e9de7f55d42e953fc9ac8efb/elements - {"using":"xpath","value":"//span[@id=\"application-managepartners-display-component---masterPtm--smartTable-header-inner\"]"}
RESULT: {"using":"xpath","value":"//span[@id=\"application-managepartners-display-component---masterPtm--smartTable-header-inner\"]"}
COMMAND: POST /session/fdb2eb18e9de7f55d42e953fc9ac8efb/execute/sync - {"script":"<script> [56 bytes]","args":[{"element-6066-11e4-a52e-4f735466cecf":"f.65777815963AB190D0E426F0C4C24000.d.AEE4D541F627B53CF80F869437AC987E.e.6016","ELEMENT":"f.65777815963AB190D0E426F0C4C24000.d.AEE4D541F627B53CF80F869437AC987E.e.6016"}]}
RESULT: {"script":"<script> [56 bytes]","args":[{"element-6066-11e4-a52e-4f735466cecf":"f.65777815963AB190D0E426F0C4C24000.d.AEE4D541F627B53CF80F869437AC987E.e.6016","ELEMENT":"f.65777815963AB190D0E426F0C4C24000.d.AEE4D541F627B53CF80F869437AC987E.e.6016"}]}
COMMAND: POST /session/fdb2eb18e9de7f55d42e953fc9ac8efb/element - {"using":"xpath","value":"//span[contains(@title, \"Remove\")]"}
COMMAND: GET /session/fdb2eb18e9de7f55d42e953fc9ac8efb/screenshot - {}
RESULT: {"using":"xpath","value":"//span[contains(@title, \"Remove\")]"}
COMMAND: POST /session/fdb2eb18e9de7f55d42e953fc9ac8efb/element/f.65777815963AB190D0E426F0C4C24000.d.AEE4D541F627B53CF80F869437AC987E.e.6545/click - {}
RESULT: {}
RESULT: {}
COMMAND: GET /session/fdb2eb18e9de7f55d42e953fc9ac8efb/screenshot - {}
RESULT: {}
COMMAND: POST /session/fdb2eb18e9de7f55d42e953fc9ac8efb/execute/async - {"script":"<script> [1562 bytes]","args":[{"selector":{"id":"application-managepartners-display-component---masterPtm--partnerTypes-arrow"},"wdio_ui5_key":"applicationmanagepartners-display-component---masterPtm--partnerTypes-arrow"}]}
RESULT: {"script":"<script> [1562 bytes]","args":[{"selector":{"id":"application-managepartners-display-component---masterPtm--partnerTypes-arrow"},"wdio_ui5_key":"applicationmanagepartners-display-component---masterPtm--partnerTypes-arrow"}]}
RESULT: undefined
COMMAND: POST /session/fdb2eb18e9de7f55d42e953fc9ac8efb/element - {"using":"xpath","value":"//*[@id=\"application-managepartners-display-component---masterPtm--partnerTypes-arrow\"]"}
RESULT: {"using":"xpath","value":"//*[@id=\"application-managepartners-display-component---masterPtm--partnerTypes-arrow\"]"}
COMMAND: POST /session/fdb2eb18e9de7f55d42e953fc9ac8efb/element/f.65777815963AB190D0E426F0C4C24000.d.AEE4D541F627B53CF80F869437AC987E.e.6647/click - {}
RESULT: {}
COMMAND: GET /session/fdb2eb18e9de7f55d42e953fc9ac8efb/screenshot - {}
RESULT: {}
COMMAND: POST /session/fdb2eb18e9de7f55d42e953fc9ac8efb/element - {"using":"xpath","value":"//li[.//span[text()=\"External partner\"]]//div[contains(@class,\"sapMCbBg\")]"}
RESULT: {"using":"xpath","value":"//li[.//span[text()=\"External partner\"]]//div[contains(@class,\"sapMCbBg\")]"}
COMMAND: POST /session/fdb2eb18e9de7f55d42e953fc9ac8efb/element/f.65777815963AB190D0E426F0C4C24000.d.AEE4D541F627B53CF80F869437AC987E.e.6652/click - {}
RESULT: {}
COMMAND: GET /session/fdb2eb18e9de7f55d42e953fc9ac8efb/screenshot - {}
RESULT: {}
COMMAND: POST /session/fdb2eb18e9de7f55d42e953fc9ac8efb/element - {"using":"xpath","value":"//span[@id=\"application-managepartners-display-component---masterPtm--smartTable-header-inner\"]"}
RESULT: {"using":"xpath","value":"//span[@id=\"application-managepartners-display-component---masterPtm--smartTable-header-inner\"]"}
COMMAND: POST /session/fdb2eb18e9de7f55d42e953fc9ac8efb/elements - {"using":"xpath","value":"//span[@id=\"application-managepartners-display-component---masterPtm--smartTable-header-inner\"]"}
RESULT: {"using":"xpath","value":"//span[@id=\"application-managepartners-display-component---masterPtm--smartTable-header-inner\"]"}
COMMAND: POST /session/fdb2eb18e9de7f55d42e953fc9ac8efb/execute/sync - {"script":"<script> [56 bytes]","args":[{"element-6066-11e4-a52e-4f735466cecf":"f.65777815963AB190D0E426F0C4C24000.d.AEE4D541F627B53CF80F869437AC987E.e.6016","ELEMENT":"f.65777815963AB190D0E426F0C4C24000.d.AEE4D541F627B53CF80F869437AC987E.e.6016"}]}
RESULT: {"script":"<script> [56 bytes]","args":[{"element-6066-11e4-a52e-4f735466cecf":"f.65777815963AB190D0E426F0C4C24000.d.AEE4D541F627B53CF80F869437AC987E.e.6016","ELEMENT":"f.65777815963AB190D0E426F0C4C24000.d.AEE4D541F627B53CF80F869437AC987E.e.6016"}]}
COMMAND: POST /session/fdb2eb18e9de7f55d42e953fc9ac8efb/element - {"using":"xpath","value":"//span[contains(@title, \"Remove\")]"}
COMMAND: GET /session/fdb2eb18e9de7f55d42e953fc9ac8efb/screenshot - {}
RESULT: {"using":"xpath","value":"//span[contains(@title, \"Remove\")]"}
COMMAND: POST /session/fdb2eb18e9de7f55d42e953fc9ac8efb/element/f.65777815963AB190D0E426F0C4C24000.d.AEE4D541F627B53CF80F869437AC987E.e.6740/click - {}
RESULT: {}
RESULT: {}
COMMAND: GET /session/fdb2eb18e9de7f55d42e953fc9ac8efb/screenshot - {}
RESULT: {}
COMMAND: POST /session/fdb2eb18e9de7f55d42e953fc9ac8efb/execute/async - {"script":"<script> [1562 bytes]","args":[{"selector":{"id":"application-managepartners-display-component---masterPtm--smartFilterBar-btnFilters","interaction":{"idSuffix":"BDI-content"}},"wdio_ui5_key":"applicationmanagepartners-display-component---masterPtm--smartFilterBar-btnFilters"}]}
RESULT: {"script":"<script> [1562 bytes]","args":[{"selector":{"id":"application-managepartners-display-component---masterPtm--smartFilterBar-btnFilters","interaction":{"idSuffix":"BDI-content"}},"wdio_ui5_key":"applicationmanagepartners-display-component---masterPtm--smartFilterBar-btnFilters"}]}
RESULT: undefined
COMMAND: POST /session/fdb2eb18e9de7f55d42e953fc9ac8efb/element - {"using":"xpath","value":"//*[@id=\"application-managepartners-display-component---masterPtm--smartFilterBar-btnFilters\"]"}
RESULT: {"using":"xpath","value":"//*[@id=\"application-managepartners-display-component---masterPtm--smartFilterBar-btnFilters\"]"}
COMMAND: POST /session/fdb2eb18e9de7f55d42e953fc9ac8efb/element/f.65777815963AB190D0E426F0C4C24000.d.AEE4D541F627B53CF80F869437AC987E.e.5867/click - {}
RESULT: {}
COMMAND: GET /session/fdb2eb18e9de7f55d42e953fc9ac8efb/screenshot - {}
RESULT: {}
COMMAND: POST /session/fdb2eb18e9de7f55d42e953fc9ac8efb/elements - {"using":"xpath","value":"//table[contains(@id, \"listView-innerSelectionPanelTable-listUl\")]/tbody/tr"}
RESULT: {"using":"xpath","value":"//table[contains(@id, \"listView-innerSelectionPanelTable-listUl\")]/tbody/tr"}
COMMAND: POST /session/fdb2eb18e9de7f55d42e953fc9ac8efb/element - {"using":"xpath","value":"//table[contains(@id, \"listView-innerSelectionPanelTable-listUl\")]/tbody/tr[2]/td[2]/div/div"}
RESULT: {"using":"xpath","value":"//table[contains(@id, \"listView-innerSelectionPanelTable-listUl\")]/tbody/tr[2]/td[2]/div/div"}
COMMAND: POST /session/fdb2eb18e9de7f55d42e953fc9ac8efb/element - {"using":"xpath","value":"//table[contains(@id, \"listView-innerSelectionPanelTable-listUl\")]/tbody/tr[2]/td[2]/div"}
RESULT: {"using":"xpath","value":"//table[contains(@id, \"listView-innerSelectionPanelTable-listUl\")]/tbody/tr[2]/td[2]/div"}
COMMAND: POST /session/fdb2eb18e9de7f55d42e953fc9ac8efb/element - {"using":"xpath","value":"//table[contains(@id, \"listView-innerSelectionPanelTable-listUl\")]/tbody/tr[2]/td[3]/div/div/span/span[1]/bdi"}
RESULT: {"using":"xpath","value":"//table[contains(@id, \"listView-innerSelectionPanelTable-listUl\")]/tbody/tr[2]/td[3]/div/div/span/span[1]/bdi"}
COMMAND: POST /session/fdb2eb18e9de7f55d42e953fc9ac8efb/execute/sync - {"script":"<script> [56 bytes]","args":[{"element-6066-11e4-a52e-4f735466cecf":"f.65777815963AB190D0E426F0C4C24000.d.AEE4D541F627B53CF80F869437AC987E.e.6854","ELEMENT":"f.65777815963AB190D0E426F0C4C24000.d.AEE4D541F627B53CF80F869437AC987E.e.6854"}]}
RESULT: {"script":"<script> [56 bytes]","args":[{"element-6066-11e4-a52e-4f735466cecf":"f.65777815963AB190D0E426F0C4C24000.d.AEE4D541F627B53CF80F869437AC987E.e.6854","ELEMENT":"f.65777815963AB190D0E426F0C4C24000.d.AEE4D541F627B53CF80F869437AC987E.e.6854"}]}
COMMAND: GET /session/fdb2eb18e9de7f55d42e953fc9ac8efb/element/f.65777815963AB190D0E426F0C4C24000.d.AEE4D541F627B53CF80F869437AC987E.e.6853/attribute/aria-checked - {}
COMMAND: GET /session/fdb2eb18e9de7f55d42e953fc9ac8efb/screenshot - {}
RESULT: {}
COMMAND: POST /session/fdb2eb18e9de7f55d42e953fc9ac8efb/element - {"using":"xpath","value":"//table[contains(@id, \"listView-innerSelectionPanelTable-listUl\")]/tbody/tr[3]/td[2]/div/div"}
RESULT: {}
RESULT: {"using":"xpath","value":"//table[contains(@id, \"listView-innerSelectionPanelTable-listUl\")]/tbody/tr[3]/td[2]/div/div"}
COMMAND: POST /session/fdb2eb18e9de7f55d42e953fc9ac8efb/element - {"using":"xpath","value":"//table[contains(@id, \"listView-innerSelectionPanelTable-listUl\")]/tbody/tr[3]/td[2]/div"}
RESULT: {"using":"xpath","value":"//table[contains(@id, \"listView-innerSelectionPanelTable-listUl\")]/tbody/tr[3]/td[2]/div"}
COMMAND: POST /session/fdb2eb18e9de7f55d42e953fc9ac8efb/element - {"using":"xpath","value":"//table[contains(@id, \"listView-innerSelectionPanelTable-listUl\")]/tbody/tr[3]/td[3]/div/div/span/span[1]/bdi"}
RESULT: {"using":"xpath","value":"//table[contains(@id, \"listView-innerSelectionPanelTable-listUl\")]/tbody/tr[3]/td[3]/div/div/span/span[1]/bdi"}
COMMAND: POST /session/fdb2eb18e9de7f55d42e953fc9ac8efb/execute/sync - {"script":"<script> [56 bytes]","args":[{"element-6066-11e4-a52e-4f735466cecf":"f.65777815963AB190D0E426F0C4C24000.d.AEE4D541F627B53CF80F869437AC987E.e.6857","ELEMENT":"f.65777815963AB190D0E426F0C4C24000.d.AEE4D541F627B53CF80F869437AC987E.e.6857"}]}
RESULT: {"script":"<script> [56 bytes]","args":[{"element-6066-11e4-a52e-4f735466cecf":"f.65777815963AB190D0E426F0C4C24000.d.AEE4D541F627B53CF80F869437AC987E.e.6857","ELEMENT":"f.65777815963AB190D0E426F0C4C24000.d.AEE4D541F627B53CF80F869437AC987E.e.6857"}]}
COMMAND: GET /session/fdb2eb18e9de7f55d42e953fc9ac8efb/element/f.65777815963AB190D0E426F0C4C24000.d.AEE4D541F627B53CF80F869437AC987E.e.6856/attribute/aria-checked - {}
COMMAND: GET /session/fdb2eb18e9de7f55d42e953fc9ac8efb/screenshot - {}
RESULT: {}
COMMAND: POST /session/fdb2eb18e9de7f55d42e953fc9ac8efb/element - {"using":"xpath","value":"//table[contains(@id, \"listView-innerSelectionPanelTable-listUl\")]/tbody/tr[4]/td[2]/div/div"}
RESULT: {}
RESULT: {"using":"xpath","value":"//table[contains(@id, \"listView-innerSelectionPanelTable-listUl\")]/tbody/tr[4]/td[2]/div/div"}
COMMAND: POST /session/fdb2eb18e9de7f55d42e953fc9ac8efb/element - {"using":"xpath","value":"//table[contains(@id, \"listView-innerSelectionPanelTable-listUl\")]/tbody/tr[4]/td[2]/div"}
RESULT: {"using":"xpath","value":"//table[contains(@id, \"listView-innerSelectionPanelTable-listUl\")]/tbody/tr[4]/td[2]/div"}
COMMAND: POST /session/fdb2eb18e9de7f55d42e953fc9ac8efb/element - {"using":"xpath","value":"//table[contains(@id, \"listView-innerSelectionPanelTable-listUl\")]/tbody/tr[4]/td[3]/div/div/span/span[1]/bdi"}
RESULT: {"using":"xpath","value":"//table[contains(@id, \"listView-innerSelectionPanelTable-listUl\")]/tbody/tr[4]/td[3]/div/div/span/span[1]/bdi"}
COMMAND: POST /session/fdb2eb18e9de7f55d42e953fc9ac8efb/execute/sync - {"script":"<script> [56 bytes]","args":[{"element-6066-11e4-a52e-4f735466cecf":"f.65777815963AB190D0E426F0C4C24000.d.AEE4D541F627B53CF80F869437AC987E.e.6860","ELEMENT":"f.65777815963AB190D0E426F0C4C24000.d.AEE4D541F627B53CF80F869437AC987E.e.6860"}]}
RESULT: {"script":"<script> [56 bytes]","args":[{"element-6066-11e4-a52e-4f735466cecf":"f.65777815963AB190D0E426F0C4C24000.d.AEE4D541F627B53CF80F869437AC987E.e.6860","ELEMENT":"f.65777815963AB190D0E426F0C4C24000.d.AEE4D541F627B53CF80F869437AC987E.e.6860"}]}
COMMAND: GET /session/fdb2eb18e9de7f55d42e953fc9ac8efb/element/f.65777815963AB190D0E426F0C4C24000.d.AEE4D541F627B53CF80F869437AC987E.e.6859/attribute/aria-checked - {}
COMMAND: GET /session/fdb2eb18e9de7f55d42e953fc9ac8efb/screenshot - {}
RESULT: {}
COMMAND: POST /session/fdb2eb18e9de7f55d42e953fc9ac8efb/element - {"using":"xpath","value":"//table[contains(@id, \"listView-innerSelectionPanelTable-listUl\")]/tbody/tr[5]/td[2]/div/div"}
RESULT: {}
RESULT: {"using":"xpath","value":"//table[contains(@id, \"listView-innerSelectionPanelTable-listUl\")]/tbody/tr[5]/td[2]/div/div"}
COMMAND: POST /session/fdb2eb18e9de7f55d42e953fc9ac8efb/element - {"using":"xpath","value":"//table[contains(@id, \"listView-innerSelectionPanelTable-listUl\")]/tbody/tr[5]/td[2]/div"}
RESULT: {"using":"xpath","value":"//table[contains(@id, \"listView-innerSelectionPanelTable-listUl\")]/tbody/tr[5]/td[2]/div"}
COMMAND: POST /session/fdb2eb18e9de7f55d42e953fc9ac8efb/element - {"using":"xpath","value":"//table[contains(@id, \"listView-innerSelectionPanelTable-listUl\")]/tbody/tr[5]/td[3]/div/div/span/span[1]/bdi"}
RESULT: {"using":"xpath","value":"//table[contains(@id, \"listView-innerSelectionPanelTable-listUl\")]/tbody/tr[5]/td[3]/div/div/span/span[1]/bdi"}
COMMAND: POST /session/fdb2eb18e9de7f55d42e953fc9ac8efb/execute/sync - {"script":"<script> [56 bytes]","args":[{"element-6066-11e4-a52e-4f735466cecf":"f.65777815963AB190D0E426F0C4C24000.d.AEE4D541F627B53CF80F869437AC987E.e.6863","ELEMENT":"f.65777815963AB190D0E426F0C4C24000.d.AEE4D541F627B53CF80F869437AC987E.e.6863"}]}
RESULT: {"script":"<script> [56 bytes]","args":[{"element-6066-11e4-a52e-4f735466cecf":"f.65777815963AB190D0E426F0C4C24000.d.AEE4D541F627B53CF80F869437AC987E.e.6863","ELEMENT":"f.65777815963AB190D0E426F0C4C24000.d.AEE4D541F627B53CF80F869437AC987E.e.6863"}]}
COMMAND: GET /session/fdb2eb18e9de7f55d42e953fc9ac8efb/element/f.65777815963AB190D0E426F0C4C24000.d.AEE4D541F627B53CF80F869437AC987E.e.6862/attribute/aria-checked - {}
COMMAND: GET /session/fdb2eb18e9de7f55d42e953fc9ac8efb/screenshot - {}
RESULT: {}
COMMAND: POST /session/fdb2eb18e9de7f55d42e953fc9ac8efb/element - {"using":"xpath","value":"//table[contains(@id, \"listView-innerSelectionPanelTable-listUl\")]/tbody/tr[6]/td[2]/div/div"}
RESULT: {}
RESULT: {"using":"xpath","value":"//table[contains(@id, \"listView-innerSelectionPanelTable-listUl\")]/tbody/tr[6]/td[2]/div/div"}
COMMAND: POST /session/fdb2eb18e9de7f55d42e953fc9ac8efb/element - {"using":"xpath","value":"//table[contains(@id, \"listView-innerSelectionPanelTable-listUl\")]/tbody/tr[6]/td[2]/div"}
RESULT: {"using":"xpath","value":"//table[contains(@id, \"listView-innerSelectionPanelTable-listUl\")]/tbody/tr[6]/td[2]/div"}
COMMAND: POST /session/fdb2eb18e9de7f55d42e953fc9ac8efb/element - {"using":"xpath","value":"//table[contains(@id, \"listView-innerSelectionPanelTable-listUl\")]/tbody/tr[6]/td[3]/div/div/span/span[1]/bdi"}
RESULT: {"using":"xpath","value":"//table[contains(@id, \"listView-innerSelectionPanelTable-listUl\")]/tbody/tr[6]/td[3]/div/div/span/span[1]/bdi"}
COMMAND: POST /session/fdb2eb18e9de7f55d42e953fc9ac8efb/execute/sync - {"script":"<script> [56 bytes]","args":[{"element-6066-11e4-a52e-4f735466cecf":"f.65777815963AB190D0E426F0C4C24000.d.AEE4D541F627B53CF80F869437AC987E.e.6866","ELEMENT":"f.65777815963AB190D0E426F0C4C24000.d.AEE4D541F627B53CF80F869437AC987E.e.6866"}]}
RESULT: {"script":"<script> [56 bytes]","args":[{"element-6066-11e4-a52e-4f735466cecf":"f.65777815963AB190D0E426F0C4C24000.d.AEE4D541F627B53CF80F869437AC987E.e.6866","ELEMENT":"f.65777815963AB190D0E426F0C4C24000.d.AEE4D541F627B53CF80F869437AC987E.e.6866"}]}
COMMAND: GET /session/fdb2eb18e9de7f55d42e953fc9ac8efb/element/f.65777815963AB190D0E426F0C4C24000.d.AEE4D541F627B53CF80F869437AC987E.e.6865/attribute/aria-checked - {}
COMMAND: GET /session/fdb2eb18e9de7f55d42e953fc9ac8efb/screenshot - {}
RESULT: {}
COMMAND: POST /session/fdb2eb18e9de7f55d42e953fc9ac8efb/element - {"using":"xpath","value":"//table[contains(@id, \"listView-innerSelectionPanelTable-listUl\")]/tbody/tr[7]/td[2]/div/div"}
RESULT: {}
RESULT: {"using":"xpath","value":"//table[contains(@id, \"listView-innerSelectionPanelTable-listUl\")]/tbody/tr[7]/td[2]/div/div"}
COMMAND: POST /session/fdb2eb18e9de7f55d42e953fc9ac8efb/element - {"using":"xpath","value":"//table[contains(@id, \"listView-innerSelectionPanelTable-listUl\")]/tbody/tr[7]/td[2]/div"}
RESULT: {"using":"xpath","value":"//table[contains(@id, \"listView-innerSelectionPanelTable-listUl\")]/tbody/tr[7]/td[2]/div"}
COMMAND: POST /session/fdb2eb18e9de7f55d42e953fc9ac8efb/element - {"using":"xpath","value":"//table[contains(@id, \"listView-innerSelectionPanelTable-listUl\")]/tbody/tr[7]/td[3]/div/div/span/span[1]/bdi"}
RESULT: {"using":"xpath","value":"//table[contains(@id, \"listView-innerSelectionPanelTable-listUl\")]/tbody/tr[7]/td[3]/div/div/span/span[1]/bdi"}
COMMAND: POST /session/fdb2eb18e9de7f55d42e953fc9ac8efb/execute/sync - {"script":"<script> [56 bytes]","args":[{"element-6066-11e4-a52e-4f735466cecf":"f.65777815963AB190D0E426F0C4C24000.d.AEE4D541F627B53CF80F869437AC987E.e.6869","ELEMENT":"f.65777815963AB190D0E426F0C4C24000.d.AEE4D541F627B53CF80F869437AC987E.e.6869"}]}
RESULT: {"script":"<script> [56 bytes]","args":[{"element-6066-11e4-a52e-4f735466cecf":"f.65777815963AB190D0E426F0C4C24000.d.AEE4D541F627B53CF80F869437AC987E.e.6869","ELEMENT":"f.65777815963AB190D0E426F0C4C24000.d.AEE4D541F627B53CF80F869437AC987E.e.6869"}]}
COMMAND: GET /session/fdb2eb18e9de7f55d42e953fc9ac8efb/element/f.65777815963AB190D0E426F0C4C24000.d.AEE4D541F627B53CF80F869437AC987E.e.6868/attribute/aria-checked - {}
COMMAND: GET /session/fdb2eb18e9de7f55d42e953fc9ac8efb/screenshot - {}
RESULT: {}
COMMAND: POST /session/fdb2eb18e9de7f55d42e953fc9ac8efb/element - {"using":"xpath","value":"//table[contains(@id, \"listView-innerSelectionPanelTable-listUl\")]/tbody/tr[8]/td[2]/div/div"}
RESULT: {}
RESULT: {"using":"xpath","value":"//table[contains(@id, \"listView-innerSelectionPanelTable-listUl\")]/tbody/tr[8]/td[2]/div/div"}
COMMAND: POST /session/fdb2eb18e9de7f55d42e953fc9ac8efb/element - {"using":"xpath","value":"//table[contains(@id, \"listView-innerSelectionPanelTable-listUl\")]/tbody/tr[8]/td[2]/div"}
RESULT: {"using":"xpath","value":"//table[contains(@id, \"listView-innerSelectionPanelTable-listUl\")]/tbody/tr[8]/td[2]/div"}
COMMAND: POST /session/fdb2eb18e9de7f55d42e953fc9ac8efb/element - {"using":"xpath","value":"//table[contains(@id, \"listView-innerSelectionPanelTable-listUl\")]/tbody/tr[8]/td[3]/div/div/span/span[1]/bdi"}
RESULT: {"using":"xpath","value":"//table[contains(@id, \"listView-innerSelectionPanelTable-listUl\")]/tbody/tr[8]/td[3]/div/div/span/span[1]/bdi"}
COMMAND: POST /session/fdb2eb18e9de7f55d42e953fc9ac8efb/execute/sync - {"script":"<script> [56 bytes]","args":[{"element-6066-11e4-a52e-4f735466cecf":"f.65777815963AB190D0E426F0C4C24000.d.AEE4D541F627B53CF80F869437AC987E.e.6872","ELEMENT":"f.65777815963AB190D0E426F0C4C24000.d.AEE4D541F627B53CF80F869437AC987E.e.6872"}]}
RESULT: {"script":"<script> [56 bytes]","args":[{"element-6066-11e4-a52e-4f735466cecf":"f.65777815963AB190D0E426F0C4C24000.d.AEE4D541F627B53CF80F869437AC987E.e.6872","ELEMENT":"f.65777815963AB190D0E426F0C4C24000.d.AEE4D541F627B53CF80F869437AC987E.e.6872"}]}
COMMAND: GET /session/fdb2eb18e9de7f55d42e953fc9ac8efb/element/f.65777815963AB190D0E426F0C4C24000.d.AEE4D541F627B53CF80F869437AC987E.e.6871/attribute/aria-checked - {}
COMMAND: GET /session/fdb2eb18e9de7f55d42e953fc9ac8efb/screenshot - {}
RESULT: {}
COMMAND: POST /session/fdb2eb18e9de7f55d42e953fc9ac8efb/element - {"using":"xpath","value":"//table[contains(@id, \"listView-innerSelectionPanelTable-listUl\")]/tbody/tr[9]/td[2]/div/div"}
RESULT: {}
RESULT: {"using":"xpath","value":"//table[contains(@id, \"listView-innerSelectionPanelTable-listUl\")]/tbody/tr[9]/td[2]/div/div"}
COMMAND: POST /session/fdb2eb18e9de7f55d42e953fc9ac8efb/element - {"using":"xpath","value":"//table[contains(@id, \"listView-innerSelectionPanelTable-listUl\")]/tbody/tr[9]/td[2]/div"}
RESULT: {"using":"xpath","value":"//table[contains(@id, \"listView-innerSelectionPanelTable-listUl\")]/tbody/tr[9]/td[2]/div"}
COMMAND: POST /session/fdb2eb18e9de7f55d42e953fc9ac8efb/element - {"using":"xpath","value":"//table[contains(@id, \"listView-innerSelectionPanelTable-listUl\")]/tbody/tr[9]/td[3]/div/div/span/span[1]/bdi"}
RESULT: {"using":"xpath","value":"//table[contains(@id, \"listView-innerSelectionPanelTable-listUl\")]/tbody/tr[9]/td[3]/div/div/span/span[1]/bdi"}
COMMAND: POST /session/fdb2eb18e9de7f55d42e953fc9ac8efb/execute/sync - {"script":"<script> [56 bytes]","args":[{"element-6066-11e4-a52e-4f735466cecf":"f.65777815963AB190D0E426F0C4C24000.d.AEE4D541F627B53CF80F869437AC987E.e.6875","ELEMENT":"f.65777815963AB190D0E426F0C4C24000.d.AEE4D541F627B53CF80F869437AC987E.e.6875"}]}
RESULT: {"script":"<script> [56 bytes]","args":[{"element-6066-11e4-a52e-4f735466cecf":"f.65777815963AB190D0E426F0C4C24000.d.AEE4D541F627B53CF80F869437AC987E.e.6875","ELEMENT":"f.65777815963AB190D0E426F0C4C24000.d.AEE4D541F627B53CF80F869437AC987E.e.6875"}]}
COMMAND: GET /session/fdb2eb18e9de7f55d42e953fc9ac8efb/element/f.65777815963AB190D0E426F0C4C24000.d.AEE4D541F627B53CF80F869437AC987E.e.6874/attribute/aria-checked - {}
COMMAND: GET /session/fdb2eb18e9de7f55d42e953fc9ac8efb/screenshot - {}
RESULT: {}
COMMAND: POST /session/fdb2eb18e9de7f55d42e953fc9ac8efb/element - {"using":"xpath","value":"//table[contains(@id, \"listView-innerSelectionPanelTable-listUl\")]/tbody/tr[10]/td[2]/div/div"}
RESULT: {}
RESULT: {"using":"xpath","value":"//table[contains(@id, \"listView-innerSelectionPanelTable-listUl\")]/tbody/tr[10]/td[2]/div/div"}
COMMAND: POST /session/fdb2eb18e9de7f55d42e953fc9ac8efb/element - {"using":"xpath","value":"//table[contains(@id, \"listView-innerSelectionPanelTable-listUl\")]/tbody/tr[10]/td[2]/div"}
RESULT: {"using":"xpath","value":"//table[contains(@id, \"listView-innerSelectionPanelTable-listUl\")]/tbody/tr[10]/td[2]/div"}
COMMAND: POST /session/fdb2eb18e9de7f55d42e953fc9ac8efb/element - {"using":"xpath","value":"//table[contains(@id, \"listView-innerSelectionPanelTable-listUl\")]/tbody/tr[10]/td[3]/div/div/span/span[1]/bdi"}
RESULT: {"using":"xpath","value":"//table[contains(@id, \"listView-innerSelectionPanelTable-listUl\")]/tbody/tr[10]/td[3]/div/div/span/span[1]/bdi"}
COMMAND: POST /session/fdb2eb18e9de7f55d42e953fc9ac8efb/execute/sync - {"script":"<script> [56 bytes]","args":[{"element-6066-11e4-a52e-4f735466cecf":"f.65777815963AB190D0E426F0C4C24000.d.AEE4D541F627B53CF80F869437AC987E.e.6878","ELEMENT":"f.65777815963AB190D0E426F0C4C24000.d.AEE4D541F627B53CF80F869437AC987E.e.6878"}]}
RESULT: {"script":"<script> [56 bytes]","args":[{"element-6066-11e4-a52e-4f735466cecf":"f.65777815963AB190D0E426F0C4C24000.d.AEE4D541F627B53CF80F869437AC987E.e.6878","ELEMENT":"f.65777815963AB190D0E426F0C4C24000.d.AEE4D541F627B53CF80F869437AC987E.e.6878"}]}
COMMAND: GET /session/fdb2eb18e9de7f55d42e953fc9ac8efb/element/f.65777815963AB190D0E426F0C4C24000.d.AEE4D541F627B53CF80F869437AC987E.e.6877/attribute/aria-checked - {}
COMMAND: GET /session/fdb2eb18e9de7f55d42e953fc9ac8efb/screenshot - {}
RESULT: {}
COMMAND: POST /session/fdb2eb18e9de7f55d42e953fc9ac8efb/element - {"using":"xpath","value":"//table[contains(@id, \"listView-innerSelectionPanelTable-listUl\")]/tbody/tr[11]/td[2]/div/div"}
RESULT: {}
RESULT: {"using":"xpath","value":"//table[contains(@id, \"listView-innerSelectionPanelTable-listUl\")]/tbody/tr[11]/td[2]/div/div"}
COMMAND: POST /session/fdb2eb18e9de7f55d42e953fc9ac8efb/element - {"using":"xpath","value":"//table[contains(@id, \"listView-innerSelectionPanelTable-listUl\")]/tbody/tr[11]/td[2]/div"}
RESULT: {"using":"xpath","value":"//table[contains(@id, \"listView-innerSelectionPanelTable-listUl\")]/tbody/tr[11]/td[2]/div"}
COMMAND: POST /session/fdb2eb18e9de7f55d42e953fc9ac8efb/element - {"using":"xpath","value":"//table[contains(@id, \"listView-innerSelectionPanelTable-listUl\")]/tbody/tr[11]/td[3]/div/div/span/span[1]/bdi"}
RESULT: {"using":"xpath","value":"//table[contains(@id, \"listView-innerSelectionPanelTable-listUl\")]/tbody/tr[11]/td[3]/div/div/span/span[1]/bdi"}
COMMAND: POST /session/fdb2eb18e9de7f55d42e953fc9ac8efb/execute/sync - {"script":"<script> [56 bytes]","args":[{"element-6066-11e4-a52e-4f735466cecf":"f.65777815963AB190D0E426F0C4C24000.d.AEE4D541F627B53CF80F869437AC987E.e.6881","ELEMENT":"f.65777815963AB190D0E426F0C4C24000.d.AEE4D541F627B53CF80F869437AC987E.e.6881"}]}
RESULT: {"script":"<script> [56 bytes]","args":[{"element-6066-11e4-a52e-4f735466cecf":"f.65777815963AB190D0E426F0C4C24000.d.AEE4D541F627B53CF80F869437AC987E.e.6881","ELEMENT":"f.65777815963AB190D0E426F0C4C24000.d.AEE4D541F627B53CF80F869437AC987E.e.6881"}]}
COMMAND: GET /session/fdb2eb18e9de7f55d42e953fc9ac8efb/element/f.65777815963AB190D0E426F0C4C24000.d.AEE4D541F627B53CF80F869437AC987E.e.6880/attribute/aria-checked - {}
COMMAND: GET /session/fdb2eb18e9de7f55d42e953fc9ac8efb/screenshot - {}
RESULT: {}
COMMAND: POST /session/fdb2eb18e9de7f55d42e953fc9ac8efb/element - {"using":"xpath","value":"//table[contains(@id, \"listView-innerSelectionPanelTable-listUl\")]/tbody/tr[12]/td[2]/div/div"}
RESULT: {}
RESULT: {"using":"xpath","value":"//table[contains(@id, \"listView-innerSelectionPanelTable-listUl\")]/tbody/tr[12]/td[2]/div/div"}
COMMAND: POST /session/fdb2eb18e9de7f55d42e953fc9ac8efb/element - {"using":"xpath","value":"//table[contains(@id, \"listView-innerSelectionPanelTable-listUl\")]/tbody/tr[12]/td[2]/div"}
RESULT: {"using":"xpath","value":"//table[contains(@id, \"listView-innerSelectionPanelTable-listUl\")]/tbody/tr[12]/td[2]/div"}
COMMAND: POST /session/fdb2eb18e9de7f55d42e953fc9ac8efb/element - {"using":"xpath","value":"//table[contains(@id, \"listView-innerSelectionPanelTable-listUl\")]/tbody/tr[12]/td[3]/div/div/span/span[1]/bdi"}
RESULT: {"using":"xpath","value":"//table[contains(@id, \"listView-innerSelectionPanelTable-listUl\")]/tbody/tr[12]/td[3]/div/div/span/span[1]/bdi"}
COMMAND: POST /session/fdb2eb18e9de7f55d42e953fc9ac8efb/execute/sync - {"script":"<script> [56 bytes]","args":[{"element-6066-11e4-a52e-4f735466cecf":"f.65777815963AB190D0E426F0C4C24000.d.AEE4D541F627B53CF80F869437AC987E.e.6884","ELEMENT":"f.65777815963AB190D0E426F0C4C24000.d.AEE4D541F627B53CF80F869437AC987E.e.6884"}]}
RESULT: {"script":"<script> [56 bytes]","args":[{"element-6066-11e4-a52e-4f735466cecf":"f.65777815963AB190D0E426F0C4C24000.d.AEE4D541F627B53CF80F869437AC987E.e.6884","ELEMENT":"f.65777815963AB190D0E426F0C4C24000.d.AEE4D541F627B53CF80F869437AC987E.e.6884"}]}
COMMAND: GET /session/fdb2eb18e9de7f55d42e953fc9ac8efb/element/f.65777815963AB190D0E426F0C4C24000.d.AEE4D541F627B53CF80F869437AC987E.e.6883/attribute/aria-checked - {}
COMMAND: GET /session/fdb2eb18e9de7f55d42e953fc9ac8efb/screenshot - {}
RESULT: {}
COMMAND: POST /session/fdb2eb18e9de7f55d42e953fc9ac8efb/element - {"using":"xpath","value":"//table[contains(@id, \"listView-innerSelectionPanelTable-listUl\")]/tbody/tr[13]/td[2]/div/div"}
RESULT: {}
RESULT: {"using":"xpath","value":"//table[contains(@id, \"listView-innerSelectionPanelTable-listUl\")]/tbody/tr[13]/td[2]/div/div"}
COMMAND: POST /session/fdb2eb18e9de7f55d42e953fc9ac8efb/element - {"using":"xpath","value":"//table[contains(@id, \"listView-innerSelectionPanelTable-listUl\")]/tbody/tr[13]/td[2]/div"}
RESULT: {"using":"xpath","value":"//table[contains(@id, \"listView-innerSelectionPanelTable-listUl\")]/tbody/tr[13]/td[2]/div"}
COMMAND: POST /session/fdb2eb18e9de7f55d42e953fc9ac8efb/element - {"using":"xpath","value":"//table[contains(@id, \"listView-innerSelectionPanelTable-listUl\")]/tbody/tr[13]/td[3]/div/div/span/span[1]/bdi"}
RESULT: {"using":"xpath","value":"//table[contains(@id, \"listView-innerSelectionPanelTable-listUl\")]/tbody/tr[13]/td[3]/div/div/span/span[1]/bdi"}
COMMAND: POST /session/fdb2eb18e9de7f55d42e953fc9ac8efb/execute/sync - {"script":"<script> [56 bytes]","args":[{"element-6066-11e4-a52e-4f735466cecf":"f.65777815963AB190D0E426F0C4C24000.d.AEE4D541F627B53CF80F869437AC987E.e.6887","ELEMENT":"f.65777815963AB190D0E426F0C4C24000.d.AEE4D541F627B53CF80F869437AC987E.e.6887"}]}
RESULT: {"script":"<script> [56 bytes]","args":[{"element-6066-11e4-a52e-4f735466cecf":"f.65777815963AB190D0E426F0C4C24000.d.AEE4D541F627B53CF80F869437AC987E.e.6887","ELEMENT":"f.65777815963AB190D0E426F0C4C24000.d.AEE4D541F627B53CF80F869437AC987E.e.6887"}]}
COMMAND: GET /session/fdb2eb18e9de7f55d42e953fc9ac8efb/element/f.65777815963AB190D0E426F0C4C24000.d.AEE4D541F627B53CF80F869437AC987E.e.6886/attribute/aria-checked - {}
COMMAND: GET /session/fdb2eb18e9de7f55d42e953fc9ac8efb/screenshot - {}
RESULT: {}
COMMAND: POST /session/fdb2eb18e9de7f55d42e953fc9ac8efb/element - {"using":"xpath","value":"//table[contains(@id, \"listView-innerSelectionPanelTable-listUl\")]/tbody/tr[14]/td[2]/div/div"}
COMMAND: POST /session/fdb2eb18e9de7f55d42e953fc9ac8efb/element/f.65777815963AB190D0E426F0C4C24000.d.AEE4D541F627B53CF80F869437AC987E.e.6885/click - {}
RESULT: {}
RESULT: {"using":"xpath","value":"//table[contains(@id, \"listView-innerSelectionPanelTable-listUl\")]/tbody/tr[14]/td[2]/div/div"}
COMMAND: POST /session/fdb2eb18e9de7f55d42e953fc9ac8efb/element - {"using":"xpath","value":"//table[contains(@id, \"listView-innerSelectionPanelTable-listUl\")]/tbody/tr[14]/td[2]/div"}
RESULT: {}
COMMAND: GET /session/fdb2eb18e9de7f55d42e953fc9ac8efb/screenshot - {}
RESULT: {"using":"xpath","value":"//table[contains(@id, \"listView-innerSelectionPanelTable-listUl\")]/tbody/tr[14]/td[2]/div"}
COMMAND: POST /session/fdb2eb18e9de7f55d42e953fc9ac8efb/element - {"using":"xpath","value":"//table[contains(@id, \"listView-innerSelectionPanelTable-listUl\")]/tbody/tr[14]/td[3]/div/div/span/span[1]/bdi"}
RESULT: {}
RESULT: {"using":"xpath","value":"//table[contains(@id, \"listView-innerSelectionPanelTable-listUl\")]/tbody/tr[14]/td[3]/div/div/span/span[1]/bdi"}
COMMAND: POST /session/fdb2eb18e9de7f55d42e953fc9ac8efb/execute/sync - {"script":"<script> [56 bytes]","args":[{"element-6066-11e4-a52e-4f735466cecf":"f.65777815963AB190D0E426F0C4C24000.d.AEE4D541F627B53CF80F869437AC987E.e.6891","ELEMENT":"f.65777815963AB190D0E426F0C4C24000.d.AEE4D541F627B53CF80F869437AC987E.e.6891"}]}
RESULT: {"script":"<script> [56 bytes]","args":[{"element-6066-11e4-a52e-4f735466cecf":"f.65777815963AB190D0E426F0C4C24000.d.AEE4D541F627B53CF80F869437AC987E.e.6891","ELEMENT":"f.65777815963AB190D0E426F0C4C24000.d.AEE4D541F627B53CF80F869437AC987E.e.6891"}]}
COMMAND: GET /session/fdb2eb18e9de7f55d42e953fc9ac8efb/element/f.65777815963AB190D0E426F0C4C24000.d.AEE4D541F627B53CF80F869437AC987E.e.6890/attribute/aria-checked - {}
COMMAND: GET /session/fdb2eb18e9de7f55d42e953fc9ac8efb/screenshot - {}
RESULT: {}
COMMAND: POST /session/fdb2eb18e9de7f55d42e953fc9ac8efb/element - {"using":"xpath","value":"//table[contains(@id, \"listView-innerSelectionPanelTable-listUl\")]/tbody/tr[15]/td[2]/div/div"}
RESULT: {}
RESULT: {"using":"xpath","value":"//table[contains(@id, \"listView-innerSelectionPanelTable-listUl\")]/tbody/tr[15]/td[2]/div/div"}
COMMAND: POST /session/fdb2eb18e9de7f55d42e953fc9ac8efb/element - {"using":"xpath","value":"//table[contains(@id, \"listView-innerSelectionPanelTable-listUl\")]/tbody/tr[15]/td[2]/div"}
RESULT: {"using":"xpath","value":"//table[contains(@id, \"listView-innerSelectionPanelTable-listUl\")]/tbody/tr[15]/td[2]/div"}
COMMAND: POST /session/fdb2eb18e9de7f55d42e953fc9ac8efb/element - {"using":"xpath","value":"//table[contains(@id, \"listView-innerSelectionPanelTable-listUl\")]/tbody/tr[15]/td[3]/div/div/span/span[1]/bdi"}
RESULT: {"using":"xpath","value":"//table[contains(@id, \"listView-innerSelectionPanelTable-listUl\")]/tbody/tr[15]/td[3]/div/div/span/span[1]/bdi"}
COMMAND: POST /session/fdb2eb18e9de7f55d42e953fc9ac8efb/execute/sync - {"script":"<script> [56 bytes]","args":[{"element-6066-11e4-a52e-4f735466cecf":"f.65777815963AB190D0E426F0C4C24000.d.AEE4D541F627B53CF80F869437AC987E.e.6894","ELEMENT":"f.65777815963AB190D0E426F0C4C24000.d.AEE4D541F627B53CF80F869437AC987E.e.6894"}]}
RESULT: {"script":"<script> [56 bytes]","args":[{"element-6066-11e4-a52e-4f735466cecf":"f.65777815963AB190D0E426F0C4C24000.d.AEE4D541F627B53CF80F869437AC987E.e.6894","ELEMENT":"f.65777815963AB190D0E426F0C4C24000.d.AEE4D541F627B53CF80F869437AC987E.e.6894"}]}
COMMAND: GET /session/fdb2eb18e9de7f55d42e953fc9ac8efb/element/f.65777815963AB190D0E426F0C4C24000.d.AEE4D541F627B53CF80F869437AC987E.e.6893/attribute/aria-checked - {}
COMMAND: GET /session/fdb2eb18e9de7f55d42e953fc9ac8efb/screenshot - {}
RESULT: {}
COMMAND: POST /session/fdb2eb18e9de7f55d42e953fc9ac8efb/element - {"using":"xpath","value":"//table[contains(@id, \"listView-innerSelectionPanelTable-listUl\")]/tbody/tr[16]/td[2]/div/div"}
RESULT: {}
RESULT: {"using":"xpath","value":"//table[contains(@id, \"listView-innerSelectionPanelTable-listUl\")]/tbody/tr[16]/td[2]/div/div"}
COMMAND: POST /session/fdb2eb18e9de7f55d42e953fc9ac8efb/element - {"using":"xpath","value":"//table[contains(@id, \"listView-innerSelectionPanelTable-listUl\")]/tbody/tr[16]/td[2]/div"}
RESULT: {"using":"xpath","value":"//table[contains(@id, \"listView-innerSelectionPanelTable-listUl\")]/tbody/tr[16]/td[2]/div"}
COMMAND: POST /session/fdb2eb18e9de7f55d42e953fc9ac8efb/element - {"using":"xpath","value":"//table[contains(@id, \"listView-innerSelectionPanelTable-listUl\")]/tbody/tr[16]/td[3]/div/div/span/span[1]/bdi"}
RESULT: {"using":"xpath","value":"//table[contains(@id, \"listView-innerSelectionPanelTable-listUl\")]/tbody/tr[16]/td[3]/div/div/span/span[1]/bdi"}
COMMAND: POST /session/fdb2eb18e9de7f55d42e953fc9ac8efb/execute/sync - {"script":"<script> [56 bytes]","args":[{"element-6066-11e4-a52e-4f735466cecf":"f.65777815963AB190D0E426F0C4C24000.d.AEE4D541F627B53CF80F869437AC987E.e.6897","ELEMENT":"f.65777815963AB190D0E426F0C4C24000.d.AEE4D541F627B53CF80F869437AC987E.e.6897"}]}
RESULT: {"script":"<script> [56 bytes]","args":[{"element-6066-11e4-a52e-4f735466cecf":"f.65777815963AB190D0E426F0C4C24000.d.AEE4D541F627B53CF80F869437AC987E.e.6897","ELEMENT":"f.65777815963AB190D0E426F0C4C24000.d.AEE4D541F627B53CF80F869437AC987E.e.6897"}]}
COMMAND: GET /session/fdb2eb18e9de7f55d42e953fc9ac8efb/element/f.65777815963AB190D0E426F0C4C24000.d.AEE4D541F627B53CF80F869437AC987E.e.6896/attribute/aria-checked - {}
COMMAND: GET /session/fdb2eb18e9de7f55d42e953fc9ac8efb/screenshot - {}
RESULT: {}
COMMAND: POST /session/fdb2eb18e9de7f55d42e953fc9ac8efb/element - {"using":"xpath","value":"//table[contains(@id, \"listView-innerSelectionPanelTable-listUl\")]/tbody/tr[17]/td[2]/div/div"}
RESULT: {}
RESULT: {"using":"xpath","value":"//table[contains(@id, \"listView-innerSelectionPanelTable-listUl\")]/tbody/tr[17]/td[2]/div/div"}
COMMAND: POST /session/fdb2eb18e9de7f55d42e953fc9ac8efb/element - {"using":"xpath","value":"//table[contains(@id, \"listView-innerSelectionPanelTable-listUl\")]/tbody/tr[17]/td[2]/div"}
RESULT: {"using":"xpath","value":"//table[contains(@id, \"listView-innerSelectionPanelTable-listUl\")]/tbody/tr[17]/td[2]/div"}
COMMAND: POST /session/fdb2eb18e9de7f55d42e953fc9ac8efb/element - {"using":"xpath","value":"//table[contains(@id, \"listView-innerSelectionPanelTable-listUl\")]/tbody/tr[17]/td[3]/div/div/span/span[1]/bdi"}
RESULT: {"using":"xpath","value":"//table[contains(@id, \"listView-innerSelectionPanelTable-listUl\")]/tbody/tr[17]/td[3]/div/div/span/span[1]/bdi"}
COMMAND: POST /session/fdb2eb18e9de7f55d42e953fc9ac8efb/execute/sync - {"script":"<script> [56 bytes]","args":[{"element-6066-11e4-a52e-4f735466cecf":"f.65777815963AB190D0E426F0C4C24000.d.AEE4D541F627B53CF80F869437AC987E.e.6900","ELEMENT":"f.65777815963AB190D0E426F0C4C24000.d.AEE4D541F627B53CF80F869437AC987E.e.6900"}]}
RESULT: {"script":"<script> [56 bytes]","args":[{"element-6066-11e4-a52e-4f735466cecf":"f.65777815963AB190D0E426F0C4C24000.d.AEE4D541F627B53CF80F869437AC987E.e.6900","ELEMENT":"f.65777815963AB190D0E426F0C4C24000.d.AEE4D541F627B53CF80F869437AC987E.e.6900"}]}
COMMAND: GET /session/fdb2eb18e9de7f55d42e953fc9ac8efb/element/f.65777815963AB190D0E426F0C4C24000.d.AEE4D541F627B53CF80F869437AC987E.e.6899/attribute/aria-checked - {}
COMMAND: GET /session/fdb2eb18e9de7f55d42e953fc9ac8efb/screenshot - {}
RESULT: {}
COMMAND: POST /session/fdb2eb18e9de7f55d42e953fc9ac8efb/element - {"using":"xpath","value":"//table[contains(@id, \"listView-innerSelectionPanelTable-listUl\")]/tbody/tr[18]/td[2]/div/div"}
RESULT: {}
RESULT: {"using":"xpath","value":"//table[contains(@id, \"listView-innerSelectionPanelTable-listUl\")]/tbody/tr[18]/td[2]/div/div"}
COMMAND: POST /session/fdb2eb18e9de7f55d42e953fc9ac8efb/element - {"using":"xpath","value":"//table[contains(@id, \"listView-innerSelectionPanelTable-listUl\")]/tbody/tr[18]/td[2]/div"}
RESULT: {"using":"xpath","value":"//table[contains(@id, \"listView-innerSelectionPanelTable-listUl\")]/tbody/tr[18]/td[2]/div"}
COMMAND: POST /session/fdb2eb18e9de7f55d42e953fc9ac8efb/element - {"using":"xpath","value":"//table[contains(@id, \"listView-innerSelectionPanelTable-listUl\")]/tbody/tr[18]/td[3]/div/div/span/span[1]/bdi"}
RESULT: {"using":"xpath","value":"//table[contains(@id, \"listView-innerSelectionPanelTable-listUl\")]/tbody/tr[18]/td[3]/div/div/span/span[1]/bdi"}
COMMAND: POST /session/fdb2eb18e9de7f55d42e953fc9ac8efb/execute/sync - {"script":"<script> [56 bytes]","args":[{"element-6066-11e4-a52e-4f735466cecf":"f.65777815963AB190D0E426F0C4C24000.d.AEE4D541F627B53CF80F869437AC987E.e.6903","ELEMENT":"f.65777815963AB190D0E426F0C4C24000.d.AEE4D541F627B53CF80F869437AC987E.e.6903"}]}
RESULT: {"script":"<script> [56 bytes]","args":[{"element-6066-11e4-a52e-4f735466cecf":"f.65777815963AB190D0E426F0C4C24000.d.AEE4D541F627B53CF80F869437AC987E.e.6903","ELEMENT":"f.65777815963AB190D0E426F0C4C24000.d.AEE4D541F627B53CF80F869437AC987E.e.6903"}]}
COMMAND: GET /session/fdb2eb18e9de7f55d42e953fc9ac8efb/element/f.65777815963AB190D0E426F0C4C24000.d.AEE4D541F627B53CF80F869437AC987E.e.6902/attribute/aria-checked - {}
COMMAND: GET /session/fdb2eb18e9de7f55d42e953fc9ac8efb/screenshot - {}
RESULT: {}
COMMAND: POST /session/fdb2eb18e9de7f55d42e953fc9ac8efb/element - {"using":"xpath","value":"//table[contains(@id, \"listView-innerSelectionPanelTable-listUl\")]/tbody/tr[19]/td[2]/div/div"}
RESULT: {}
RESULT: {"using":"xpath","value":"//table[contains(@id, \"listView-innerSelectionPanelTable-listUl\")]/tbody/tr[19]/td[2]/div/div"}
COMMAND: POST /session/fdb2eb18e9de7f55d42e953fc9ac8efb/element - {"using":"xpath","value":"//table[contains(@id, \"listView-innerSelectionPanelTable-listUl\")]/tbody/tr[19]/td[2]/div"}
RESULT: {"using":"xpath","value":"//table[contains(@id, \"listView-innerSelectionPanelTable-listUl\")]/tbody/tr[19]/td[2]/div"}
COMMAND: POST /session/fdb2eb18e9de7f55d42e953fc9ac8efb/element - {"using":"xpath","value":"//table[contains(@id, \"listView-innerSelectionPanelTable-listUl\")]/tbody/tr[19]/td[3]/div/div/span/span[1]/bdi"}
RESULT: {"using":"xpath","value":"//table[contains(@id, \"listView-innerSelectionPanelTable-listUl\")]/tbody/tr[19]/td[3]/div/div/span/span[1]/bdi"}
COMMAND: POST /session/fdb2eb18e9de7f55d42e953fc9ac8efb/execute/sync - {"script":"<script> [56 bytes]","args":[{"element-6066-11e4-a52e-4f735466cecf":"f.65777815963AB190D0E426F0C4C24000.d.AEE4D541F627B53CF80F869437AC987E.e.6906","ELEMENT":"f.65777815963AB190D0E426F0C4C24000.d.AEE4D541F627B53CF80F869437AC987E.e.6906"}]}
RESULT: {"script":"<script> [56 bytes]","args":[{"element-6066-11e4-a52e-4f735466cecf":"f.65777815963AB190D0E426F0C4C24000.d.AEE4D541F627B53CF80F869437AC987E.e.6906","ELEMENT":"f.65777815963AB190D0E426F0C4C24000.d.AEE4D541F627B53CF80F869437AC987E.e.6906"}]}
COMMAND: GET /session/fdb2eb18e9de7f55d42e953fc9ac8efb/element/f.65777815963AB190D0E426F0C4C24000.d.AEE4D541F627B53CF80F869437AC987E.e.6905/attribute/aria-checked - {}
COMMAND: GET /session/fdb2eb18e9de7f55d42e953fc9ac8efb/screenshot - {}
RESULT: {}
COMMAND: POST /session/fdb2eb18e9de7f55d42e953fc9ac8efb/element - {"using":"xpath","value":"//table[contains(@id, \"listView-innerSelectionPanelTable-listUl\")]/tbody/tr[20]/td[2]/div/div"}
RESULT: {}
RESULT: {"using":"xpath","value":"//table[contains(@id, \"listView-innerSelectionPanelTable-listUl\")]/tbody/tr[20]/td[2]/div/div"}
COMMAND: POST /session/fdb2eb18e9de7f55d42e953fc9ac8efb/element - {"using":"xpath","value":"//table[contains(@id, \"listView-innerSelectionPanelTable-listUl\")]/tbody/tr[20]/td[2]/div"}
RESULT: {"using":"xpath","value":"//table[contains(@id, \"listView-innerSelectionPanelTable-listUl\")]/tbody/tr[20]/td[2]/div"}
COMMAND: POST /session/fdb2eb18e9de7f55d42e953fc9ac8efb/element - {"using":"xpath","value":"//table[contains(@id, \"listView-innerSelectionPanelTable-listUl\")]/tbody/tr[20]/td[3]/div/div/span/span[1]/bdi"}
RESULT: {"using":"xpath","value":"//table[contains(@id, \"listView-innerSelectionPanelTable-listUl\")]/tbody/tr[20]/td[3]/div/div/span/span[1]/bdi"}
COMMAND: POST /session/fdb2eb18e9de7f55d42e953fc9ac8efb/execute/sync - {"script":"<script> [56 bytes]","args":[{"element-6066-11e4-a52e-4f735466cecf":"f.65777815963AB190D0E426F0C4C24000.d.AEE4D541F627B53CF80F869437AC987E.e.6909","ELEMENT":"f.65777815963AB190D0E426F0C4C24000.d.AEE4D541F627B53CF80F869437AC987E.e.6909"}]}
RESULT: {"script":"<script> [56 bytes]","args":[{"element-6066-11e4-a52e-4f735466cecf":"f.65777815963AB190D0E426F0C4C24000.d.AEE4D541F627B53CF80F869437AC987E.e.6909","ELEMENT":"f.65777815963AB190D0E426F0C4C24000.d.AEE4D541F627B53CF80F869437AC987E.e.6909"}]}
COMMAND: GET /session/fdb2eb18e9de7f55d42e953fc9ac8efb/element/f.65777815963AB190D0E426F0C4C24000.d.AEE4D541F627B53CF80F869437AC987E.e.6908/attribute/aria-checked - {}
COMMAND: GET /session/fdb2eb18e9de7f55d42e953fc9ac8efb/screenshot - {}
RESULT: {}
COMMAND: POST /session/fdb2eb18e9de7f55d42e953fc9ac8efb/element - {"using":"xpath","value":"//table[contains(@id, \"listView-innerSelectionPanelTable-listUl\")]/tbody/tr[21]/td[2]/div/div"}
RESULT: {}
RESULT: {"using":"xpath","value":"//table[contains(@id, \"listView-innerSelectionPanelTable-listUl\")]/tbody/tr[21]/td[2]/div/div"}
COMMAND: POST /session/fdb2eb18e9de7f55d42e953fc9ac8efb/element - {"using":"xpath","value":"//table[contains(@id, \"listView-innerSelectionPanelTable-listUl\")]/tbody/tr[21]/td[2]/div"}
RESULT: {"using":"xpath","value":"//table[contains(@id, \"listView-innerSelectionPanelTable-listUl\")]/tbody/tr[21]/td[2]/div"}
COMMAND: POST /session/fdb2eb18e9de7f55d42e953fc9ac8efb/element - {"using":"xpath","value":"//table[contains(@id, \"listView-innerSelectionPanelTable-listUl\")]/tbody/tr[21]/td[3]/div/div/span/span[1]/bdi"}
RESULT: {"using":"xpath","value":"//table[contains(@id, \"listView-innerSelectionPanelTable-listUl\")]/tbody/tr[21]/td[3]/div/div/span/span[1]/bdi"}
COMMAND: POST /session/fdb2eb18e9de7f55d42e953fc9ac8efb/execute/sync - {"script":"<script> [56 bytes]","args":[{"element-6066-11e4-a52e-4f735466cecf":"f.65777815963AB190D0E426F0C4C24000.d.AEE4D541F627B53CF80F869437AC987E.e.6912","ELEMENT":"f.65777815963AB190D0E426F0C4C24000.d.AEE4D541F627B53CF80F869437AC987E.e.6912"}]}
RESULT: {"script":"<script> [56 bytes]","args":[{"element-6066-11e4-a52e-4f735466cecf":"f.65777815963AB190D0E426F0C4C24000.d.AEE4D541F627B53CF80F869437AC987E.e.6912","ELEMENT":"f.65777815963AB190D0E426F0C4C24000.d.AEE4D541F627B53CF80F869437AC987E.e.6912"}]}
COMMAND: GET /session/fdb2eb18e9de7f55d42e953fc9ac8efb/element/f.65777815963AB190D0E426F0C4C24000.d.AEE4D541F627B53CF80F869437AC987E.e.6911/attribute/aria-checked - {}
COMMAND: GET /session/fdb2eb18e9de7f55d42e953fc9ac8efb/screenshot - {}
RESULT: {}
COMMAND: POST /session/fdb2eb18e9de7f55d42e953fc9ac8efb/element - {"using":"xpath","value":"//table[contains(@id, \"listView-innerSelectionPanelTable-listUl\")]/tbody/tr[22]/td[2]/div/div"}
RESULT: {}
RESULT: {"using":"xpath","value":"//table[contains(@id, \"listView-innerSelectionPanelTable-listUl\")]/tbody/tr[22]/td[2]/div/div"}
COMMAND: POST /session/fdb2eb18e9de7f55d42e953fc9ac8efb/element - {"using":"xpath","value":"//table[contains(@id, \"listView-innerSelectionPanelTable-listUl\")]/tbody/tr[22]/td[2]/div"}
RESULT: {"using":"xpath","value":"//table[contains(@id, \"listView-innerSelectionPanelTable-listUl\")]/tbody/tr[22]/td[2]/div"}
COMMAND: POST /session/fdb2eb18e9de7f55d42e953fc9ac8efb/element - {"using":"xpath","value":"//table[contains(@id, \"listView-innerSelectionPanelTable-listUl\")]/tbody/tr[22]/td[3]/div/div/span/span[1]/bdi"}
RESULT: {"using":"xpath","value":"//table[contains(@id, \"listView-innerSelectionPanelTable-listUl\")]/tbody/tr[22]/td[3]/div/div/span/span[1]/bdi"}
COMMAND: POST /session/fdb2eb18e9de7f55d42e953fc9ac8efb/execute/sync - {"script":"<script> [56 bytes]","args":[{"element-6066-11e4-a52e-4f735466cecf":"f.65777815963AB190D0E426F0C4C24000.d.AEE4D541F627B53CF80F869437AC987E.e.6915","ELEMENT":"f.65777815963AB190D0E426F0C4C24000.d.AEE4D541F627B53CF80F869437AC987E.e.6915"}]}
RESULT: {"script":"<script> [56 bytes]","args":[{"element-6066-11e4-a52e-4f735466cecf":"f.65777815963AB190D0E426F0C4C24000.d.AEE4D541F627B53CF80F869437AC987E.e.6915","ELEMENT":"f.65777815963AB190D0E426F0C4C24000.d.AEE4D541F627B53CF80F869437AC987E.e.6915"}]}
COMMAND: GET /session/fdb2eb18e9de7f55d42e953fc9ac8efb/element/f.65777815963AB190D0E426F0C4C24000.d.AEE4D541F627B53CF80F869437AC987E.e.6914/attribute/aria-checked - {}
COMMAND: GET /session/fdb2eb18e9de7f55d42e953fc9ac8efb/screenshot - {}
RESULT: {}
COMMAND: POST /session/fdb2eb18e9de7f55d42e953fc9ac8efb/element - {"using":"xpath","value":"//table[contains(@id, \"listView-innerSelectionPanelTable-listUl\")]/tbody/tr[23]/td[2]/div/div"}
RESULT: {}
RESULT: {"using":"xpath","value":"//table[contains(@id, \"listView-innerSelectionPanelTable-listUl\")]/tbody/tr[23]/td[2]/div/div"}
COMMAND: POST /session/fdb2eb18e9de7f55d42e953fc9ac8efb/element - {"using":"xpath","value":"//table[contains(@id, \"listView-innerSelectionPanelTable-listUl\")]/tbody/tr[23]/td[2]/div"}
RESULT: {"using":"xpath","value":"//table[contains(@id, \"listView-innerSelectionPanelTable-listUl\")]/tbody/tr[23]/td[2]/div"}
COMMAND: POST /session/fdb2eb18e9de7f55d42e953fc9ac8efb/element - {"using":"xpath","value":"//table[contains(@id, \"listView-innerSelectionPanelTable-listUl\")]/tbody/tr[23]/td[3]/div/div/span/span[1]/bdi"}
RESULT: {"using":"xpath","value":"//table[contains(@id, \"listView-innerSelectionPanelTable-listUl\")]/tbody/tr[23]/td[3]/div/div/span/span[1]/bdi"}
COMMAND: POST /session/fdb2eb18e9de7f55d42e953fc9ac8efb/execute/sync - {"script":"<script> [56 bytes]","args":[{"element-6066-11e4-a52e-4f735466cecf":"f.65777815963AB190D0E426F0C4C24000.d.AEE4D541F627B53CF80F869437AC987E.e.6918","ELEMENT":"f.65777815963AB190D0E426F0C4C24000.d.AEE4D541F627B53CF80F869437AC987E.e.6918"}]}
RESULT: {"script":"<script> [56 bytes]","args":[{"element-6066-11e4-a52e-4f735466cecf":"f.65777815963AB190D0E426F0C4C24000.d.AEE4D541F627B53CF80F869437AC987E.e.6918","ELEMENT":"f.65777815963AB190D0E426F0C4C24000.d.AEE4D541F627B53CF80F869437AC987E.e.6918"}]}
COMMAND: GET /session/fdb2eb18e9de7f55d42e953fc9ac8efb/element/f.65777815963AB190D0E426F0C4C24000.d.AEE4D541F627B53CF80F869437AC987E.e.6917/attribute/aria-checked - {}
COMMAND: GET /session/fdb2eb18e9de7f55d42e953fc9ac8efb/screenshot - {}
RESULT: {}
COMMAND: POST /session/fdb2eb18e9de7f55d42e953fc9ac8efb/element - {"using":"xpath","value":"//table[contains(@id, \"listView-innerSelectionPanelTable-listUl\")]/tbody/tr[24]/td[2]/div/div"}
RESULT: {}
RESULT: {"using":"xpath","value":"//table[contains(@id, \"listView-innerSelectionPanelTable-listUl\")]/tbody/tr[24]/td[2]/div/div"}
COMMAND: POST /session/fdb2eb18e9de7f55d42e953fc9ac8efb/element - {"using":"xpath","value":"//table[contains(@id, \"listView-innerSelectionPanelTable-listUl\")]/tbody/tr[24]/td[2]/div"}
RESULT: {"using":"xpath","value":"//table[contains(@id, \"listView-innerSelectionPanelTable-listUl\")]/tbody/tr[24]/td[2]/div"}
COMMAND: POST /session/fdb2eb18e9de7f55d42e953fc9ac8efb/element - {"using":"xpath","value":"//table[contains(@id, \"listView-innerSelectionPanelTable-listUl\")]/tbody/tr[24]/td[3]/div/div/span/span[1]/bdi"}
RESULT: {"using":"xpath","value":"//table[contains(@id, \"listView-innerSelectionPanelTable-listUl\")]/tbody/tr[24]/td[3]/div/div/span/span[1]/bdi"}
COMMAND: POST /session/fdb2eb18e9de7f55d42e953fc9ac8efb/execute/sync - {"script":"<script> [56 bytes]","args":[{"element-6066-11e4-a52e-4f735466cecf":"f.65777815963AB190D0E426F0C4C24000.d.AEE4D541F627B53CF80F869437AC987E.e.6921","ELEMENT":"f.65777815963AB190D0E426F0C4C24000.d.AEE4D541F627B53CF80F869437AC987E.e.6921"}]}
RESULT: {"script":"<script> [56 bytes]","args":[{"element-6066-11e4-a52e-4f735466cecf":"f.65777815963AB190D0E426F0C4C24000.d.AEE4D541F627B53CF80F869437AC987E.e.6921","ELEMENT":"f.65777815963AB190D0E426F0C4C24000.d.AEE4D541F627B53CF80F869437AC987E.e.6921"}]}
COMMAND: GET /session/fdb2eb18e9de7f55d42e953fc9ac8efb/element/f.65777815963AB190D0E426F0C4C24000.d.AEE4D541F627B53CF80F869437AC987E.e.6920/attribute/aria-checked - {}
COMMAND: GET /session/fdb2eb18e9de7f55d42e953fc9ac8efb/screenshot - {}
RESULT: {}
COMMAND: POST /session/fdb2eb18e9de7f55d42e953fc9ac8efb/element - {"using":"xpath","value":"//table[contains(@id, \"listView-innerSelectionPanelTable-listUl\")]/tbody/tr[25]/td[2]/div/div"}
RESULT: {}
RESULT: {"using":"xpath","value":"//table[contains(@id, \"listView-innerSelectionPanelTable-listUl\")]/tbody/tr[25]/td[2]/div/div"}
COMMAND: POST /session/fdb2eb18e9de7f55d42e953fc9ac8efb/element - {"using":"xpath","value":"//table[contains(@id, \"listView-innerSelectionPanelTable-listUl\")]/tbody/tr[25]/td[2]/div"}
RESULT: {"using":"xpath","value":"//table[contains(@id, \"listView-innerSelectionPanelTable-listUl\")]/tbody/tr[25]/td[2]/div"}
COMMAND: POST /session/fdb2eb18e9de7f55d42e953fc9ac8efb/element - {"using":"xpath","value":"//table[contains(@id, \"listView-innerSelectionPanelTable-listUl\")]/tbody/tr[25]/td[3]/div/div/span/span[1]/bdi"}
RESULT: {"using":"xpath","value":"//table[contains(@id, \"listView-innerSelectionPanelTable-listUl\")]/tbody/tr[25]/td[3]/div/div/span/span[1]/bdi"}
COMMAND: POST /session/fdb2eb18e9de7f55d42e953fc9ac8efb/execute/sync - {"script":"<script> [56 bytes]","args":[{"element-6066-11e4-a52e-4f735466cecf":"f.65777815963AB190D0E426F0C4C24000.d.AEE4D541F627B53CF80F869437AC987E.e.6924","ELEMENT":"f.65777815963AB190D0E426F0C4C24000.d.AEE4D541F627B53CF80F869437AC987E.e.6924"}]}
RESULT: {"script":"<script> [56 bytes]","args":[{"element-6066-11e4-a52e-4f735466cecf":"f.65777815963AB190D0E426F0C4C24000.d.AEE4D541F627B53CF80F869437AC987E.e.6924","ELEMENT":"f.65777815963AB190D0E426F0C4C24000.d.AEE4D541F627B53CF80F869437AC987E.e.6924"}]}
COMMAND: GET /session/fdb2eb18e9de7f55d42e953fc9ac8efb/element/f.65777815963AB190D0E426F0C4C24000.d.AEE4D541F627B53CF80F869437AC987E.e.6923/attribute/aria-checked - {}
COMMAND: GET /session/fdb2eb18e9de7f55d42e953fc9ac8efb/screenshot - {}
RESULT: {}
COMMAND: POST /session/fdb2eb18e9de7f55d42e953fc9ac8efb/element - {"using":"xpath","value":"//bdi[contains(text(), \"OK\")]"}
RESULT: {}
RESULT: {"using":"xpath","value":"//bdi[contains(text(), \"OK\")]"}
COMMAND: POST /session/fdb2eb18e9de7f55d42e953fc9ac8efb/element/f.65777815963AB190D0E426F0C4C24000.d.AEE4D541F627B53CF80F869437AC987E.e.6925/click - {}
RESULT: {}
COMMAND: GET /session/fdb2eb18e9de7f55d42e953fc9ac8efb/screenshot - {}
RESULT: {}
COMMAND: POST /session/fdb2eb18e9de7f55d42e953fc9ac8efb/execute/async - {"script":"<script> [1562 bytes]","args":[{"selector":{"id":"application-managepartners-display-component---masterPtm--smartFilterBar-filterItemControlA_-LINK_TO_ADDRESSES_MAIN.CITY1-vhi"},"wdio_ui5_key":"applicationmanagepartners-display-component---masterPtm--smartFilterBar-filterItemControlA_-LINK_TO_ADDRESSES_MAIN.CITY1-vhi"}]}
RESULT: {"script":"<script> [1562 bytes]","args":[{"selector":{"id":"application-managepartners-display-component---masterPtm--smartFilterBar-filterItemControlA_-LINK_TO_ADDRESSES_MAIN.CITY1-vhi"},"wdio_ui5_key":"applicationmanagepartners-display-component---masterPtm--smartFilterBar-filterItemControlA_-LINK_TO_ADDRESSES_MAIN.CITY1-vhi"}]}
RESULT: undefined
COMMAND: POST /session/fdb2eb18e9de7f55d42e953fc9ac8efb/element - {"using":"xpath","value":"//*[@id=\"application-managepartners-display-component---masterPtm--smartFilterBar-filterItemControlA_-LINK_TO_ADDRESSES_MAIN.CITY1-vhi\"]"}
RESULT: {"using":"xpath","value":"//*[@id=\"application-managepartners-display-component---masterPtm--smartFilterBar-filterItemControlA_-LINK_TO_ADDRESSES_MAIN.CITY1-vhi\"]"}
COMMAND: POST /session/fdb2eb18e9de7f55d42e953fc9ac8efb/element/f.65777815963AB190D0E426F0C4C24000.d.AEE4D541F627B53CF80F869437AC987E.e.6939/click - {}
RESULT: {}
COMMAND: GET /session/fdb2eb18e9de7f55d42e953fc9ac8efb/screenshot - {}
RESULT: {}
COMMAND: POST /session/fdb2eb18e9de7f55d42e953fc9ac8efb/execute/async - {"script":"<script> [1562 bytes]","args":[{"selector":{"controlType":"sap.m.Input","viewName":"etm.portal.ui.managepartners.view.Master","viewId":"application-managepartners-display-component---masterPtm","properties":{"valueState":"None"},"searchOpenDialogs":true,"interaction":{"idSuffix":"inner"}},"wdio_ui5_key":"etmportal.ui.managepartners.view.Mastersap.m.Input{\"valueState\":\"None\"}"}]}
RESULT: {"script":"<script> [1562 bytes]","args":[{"selector":{"controlType":"sap.m.Input","viewName":"etm.portal.ui.managepartners.view.Master","viewId":"application-managepartners-display-component---masterPtm","properties":{"valueState":"None"},"searchOpenDialogs":true,"interaction":{"idSuffix":"inner"}},"wdio_ui5_key":"etmportal.ui.managepartners.view.Mastersap.m.Input{\"valueState\":\"None\"}"}]}
RESULT: undefined
COMMAND: POST /session/fdb2eb18e9de7f55d42e953fc9ac8efb/execute/async - {"script":"<script> [776 bytes]","args":[{"enterText":"Bangalore","selector":{"controlType":"sap.m.Input","viewName":"etm.portal.ui.managepartners.view.Master","viewId":"application-managepartners-display-component---masterPtm","properties":{"valueState":"None"},"searchOpenDialogs":true,"interaction":{"idSuffix":"inner"}},"clearTextFirst":true,"interactionType":"ENTER_TEXT"}]}
RESULT: {"script":"<script> [776 bytes]","args":[{"enterText":"Bangalore","selector":{"controlType":"sap.m.Input","viewName":"etm.portal.ui.managepartners.view.Master","viewId":"application-managepartners-display-component---masterPtm","properties":{"valueState":"None"},"searchOpenDialogs":true,"interaction":{"idSuffix":"inner"}},"clearTextFirst":true,"interactionType":"ENTER_TEXT"}]}
COMMAND: POST /session/fdb2eb18e9de7f55d42e953fc9ac8efb/actions - {"actions":[{"id":"action21","type":"key","parameters":{},"actions":[{"type":"keyDown","value":"î€‡"},{"type":"pause","duration":10},{"type":"keyUp","value":"î€‡"}]}]}
RESULT: {"actions":[{"id":"action21","type":"key","parameters":{},"actions":[{"type":"keyDown","value":"î€‡"},{"type":"pause","duration":10},{"type":"keyUp","value":"î€‡"}]}]}
COMMAND: GET /session/fdb2eb18e9de7f55d42e953fc9ac8efb/screenshot - {}
RESULT: {}
COMMAND: POST /session/fdb2eb18e9de7f55d42e953fc9ac8efb/element - {"using":"xpath","value":"(//bdi[contains(text(), \"OK\")])[1]"}
RESULT: {"using":"xpath","value":"(//bdi[contains(text(), \"OK\")])[1]"}
COMMAND: POST /session/fdb2eb18e9de7f55d42e953fc9ac8efb/element/f.65777815963AB190D0E426F0C4C24000.d.AEE4D541F627B53CF80F869437AC987E.e.6945/click - {}
RESULT: {}
COMMAND: GET /session/fdb2eb18e9de7f55d42e953fc9ac8efb/screenshot - {}
RESULT: {}
COMMAND: POST /session/fdb2eb18e9de7f55d42e953fc9ac8efb/element - {"using":"xpath","value":"//span[@id=\"application-managepartners-display-component---masterPtm--smartTable-header-inner\"]"}
RESULT: {"using":"xpath","value":"//span[@id=\"application-managepartners-display-component---masterPtm--smartTable-header-inner\"]"}
COMMAND: POST /session/fdb2eb18e9de7f55d42e953fc9ac8efb/elements - {"using":"xpath","value":"//span[@id=\"application-managepartners-display-component---masterPtm--smartTable-header-inner\"]"}
RESULT: {"using":"xpath","value":"//span[@id=\"application-managepartners-display-component---masterPtm--smartTable-header-inner\"]"}
COMMAND: POST /session/fdb2eb18e9de7f55d42e953fc9ac8efb/execute/sync - {"script":"<script> [56 bytes]","args":[{"element-6066-11e4-a52e-4f735466cecf":"f.65777815963AB190D0E426F0C4C24000.d.AEE4D541F627B53CF80F869437AC987E.e.6016","ELEMENT":"f.65777815963AB190D0E426F0C4C24000.d.AEE4D541F627B53CF80F869437AC987E.e.6016"}]}
RESULT: {"script":"<script> [56 bytes]","args":[{"element-6066-11e4-a52e-4f735466cecf":"f.65777815963AB190D0E426F0C4C24000.d.AEE4D541F627B53CF80F869437AC987E.e.6016","ELEMENT":"f.65777815963AB190D0E426F0C4C24000.d.AEE4D541F627B53CF80F869437AC987E.e.6016"}]}
COMMAND: POST /session/fdb2eb18e9de7f55d42e953fc9ac8efb/element - {"using":"xpath","value":"//span[contains(@title, \"Remove\")]"}
COMMAND: GET /session/fdb2eb18e9de7f55d42e953fc9ac8efb/screenshot - {}
RESULT: {"using":"xpath","value":"//span[contains(@title, \"Remove\")]"}
COMMAND: POST /session/fdb2eb18e9de7f55d42e953fc9ac8efb/element/f.65777815963AB190D0E426F0C4C24000.d.AEE4D541F627B53CF80F869437AC987E.e.7020/click - {}
RESULT: {}
RESULT: {}
COMMAND: GET /session/fdb2eb18e9de7f55d42e953fc9ac8efb/screenshot - {}
RESULT: {}
COMMAND: POST /session/fdb2eb18e9de7f55d42e953fc9ac8efb/element - {"using":"xpath","value":"//span[@id=\"application-managepartners-display-component---masterPtm--smartTable-header-inner\"]"}
RESULT: {"using":"xpath","value":"//span[@id=\"application-managepartners-display-component---masterPtm--smartTable-header-inner\"]"}
COMMAND: POST /session/fdb2eb18e9de7f55d42e953fc9ac8efb/elements - {"using":"xpath","value":"//span[@id=\"application-managepartners-display-component---masterPtm--smartTable-header-inner\"]"}
RESULT: {"using":"xpath","value":"//span[@id=\"application-managepartners-display-component---masterPtm--smartTable-header-inner\"]"}
COMMAND: POST /session/fdb2eb18e9de7f55d42e953fc9ac8efb/execute/sync - {"script":"<script> [56 bytes]","args":[{"element-6066-11e4-a52e-4f735466cecf":"f.65777815963AB190D0E426F0C4C24000.d.AEE4D541F627B53CF80F869437AC987E.e.6016","ELEMENT":"f.65777815963AB190D0E426F0C4C24000.d.AEE4D541F627B53CF80F869437AC987E.e.6016"}]}
RESULT: {"script":"<script> [56 bytes]","args":[{"element-6066-11e4-a52e-4f735466cecf":"f.65777815963AB190D0E426F0C4C24000.d.AEE4D541F627B53CF80F869437AC987E.e.6016","ELEMENT":"f.65777815963AB190D0E426F0C4C24000.d.AEE4D541F627B53CF80F869437AC987E.e.6016"}]}
COMMAND: POST /session/fdb2eb18e9de7f55d42e953fc9ac8efb/element - {"using":"css selector","value":"#shell-header-logo"}
COMMAND: GET /session/fdb2eb18e9de7f55d42e953fc9ac8efb/screenshot - {}
RESULT: {"using":"css selector","value":"#shell-header-logo"}
COMMAND: POST /session/fdb2eb18e9de7f55d42e953fc9ac8efb/element/f.65777815963AB190D0E426F0C4C24000.d.AEE4D541F627B53CF80F869437AC987E.e.5845/click - {}
RESULT: {}
RESULT: {}
COMMAND: GET /session/fdb2eb18e9de7f55d42e953fc9ac8efb/screenshot - {}
RESULT: {}
]]></system-out>
    </testcase>
    <testcase classname="chrome.135_0_7049_96.windows.Partner_specific_tests_US150819_US151080_US151654_US151176_US103444_US151078_US151079_US151109_US151174_US151175_US151189" name="Should try to save empty partner US151174" time="45.311">
      <system-out><![CDATA[
COMMAND: POST /session/fdb2eb18e9de7f55d42e953fc9ac8efb/element - {"using":"xpath","value":"//li[.//span[text()=\"Manage Partners\"]]"}
RESULT: {"using":"xpath","value":"//li[.//span[text()=\"Manage Partners\"]]"}
COMMAND: POST /session/fdb2eb18e9de7f55d42e953fc9ac8efb/element - {"using":"xpath","value":"//li[.//span[text()=\"Manage Partners\"]]"}
RESULT: {"using":"xpath","value":"//li[.//span[text()=\"Manage Partners\"]]"}
COMMAND: POST /session/fdb2eb18e9de7f55d42e953fc9ac8efb/element - {"using":"css selector","value":"#shell-header-logo"}
RESULT: {"using":"css selector","value":"#shell-header-logo"}
COMMAND: POST /session/fdb2eb18e9de7f55d42e953fc9ac8efb/element/f.65777815963AB190D0E426F0C4C24000.d.AEE4D541F627B53CF80F869437AC987E.e.7114/click - {}
COMMAND: POST /session/fdb2eb18e9de7f55d42e953fc9ac8efb/execute/sync - {"script":"<script> [8489 bytes]","args":[{"element-6066-11e4-a52e-4f735466cecf":"f.65777815963AB190D0E426F0C4C24000.d.AEE4D541F627B53CF80F869437AC987E.e.7114","ELEMENT":"f.65777815963AB190D0E426F0C4C24000.d.AEE4D541F627B53CF80F869437AC987E.e.7114"}]}
RESULT: {"script":"<script> [8489 bytes]","args":[{"element-6066-11e4-a52e-4f735466cecf":"f.65777815963AB190D0E426F0C4C24000.d.AEE4D541F627B53CF80F869437AC987E.e.7114","ELEMENT":"f.65777815963AB190D0E426F0C4C24000.d.AEE4D541F627B53CF80F869437AC987E.e.7114"}]}
COMMAND: POST /session/fdb2eb18e9de7f55d42e953fc9ac8efb/execute/sync - {"script":"<script> [5351 bytes]","args":[{"element-6066-11e4-a52e-4f735466cecf":"f.65777815963AB190D0E426F0C4C24000.d.AEE4D541F627B53CF80F869437AC987E.e.7114","ELEMENT":"f.65777815963AB190D0E426F0C4C24000.d.AEE4D541F627B53CF80F869437AC987E.e.7114"}]}
COMMAND: GET /session/fdb2eb18e9de7f55d42e953fc9ac8efb/screenshot - {}
RESULT: {}
COMMAND: GET /session/fdb2eb18e9de7f55d42e953fc9ac8efb/screenshot - {}
RESULT: {"script":"<script> [5351 bytes]","args":[{"element-6066-11e4-a52e-4f735466cecf":"f.65777815963AB190D0E426F0C4C24000.d.AEE4D541F627B53CF80F869437AC987E.e.7114","ELEMENT":"f.65777815963AB190D0E426F0C4C24000.d.AEE4D541F627B53CF80F869437AC987E.e.7114"}]}
COMMAND: GET /session/fdb2eb18e9de7f55d42e953fc9ac8efb/screenshot - {}
RESULT: {}
RESULT: {}
RESULT: {}
RESULT: undefined
COMMAND: POST /session/fdb2eb18e9de7f55d42e953fc9ac8efb/element - {"using":"xpath","value":"//*[@id=\"__tile30\"]"}
RESULT: {"using":"xpath","value":"//*[@id=\"__tile30\"]"}
COMMAND: POST /session/fdb2eb18e9de7f55d42e953fc9ac8efb/element/f.65777815963AB190D0E426F0C4C24000.d.AEE4D541F627B53CF80F869437AC987E.e.4500/click - {}
RESULT: {}
COMMAND: POST /session/fdb2eb18e9de7f55d42e953fc9ac8efb/element - {"using":"xpath","value":"//button[@data-kt=\"addButton\"]"}
COMMAND: GET /session/fdb2eb18e9de7f55d42e953fc9ac8efb/screenshot - {}
RESULT: {"using":"xpath","value":"//button[@data-kt=\"addButton\"]"}
COMMAND: POST /session/fdb2eb18e9de7f55d42e953fc9ac8efb/elements - {"using":"xpath","value":"//button[@data-kt=\"addButton\"]"}
RESULT: {}
RESULT: {"using":"xpath","value":"//button[@data-kt=\"addButton\"]"}
COMMAND: POST /session/fdb2eb18e9de7f55d42e953fc9ac8efb/element - {"using":"xpath","value":"//button[@data-kt=\"addButton\"]"}
RESULT: {"using":"xpath","value":"//button[@data-kt=\"addButton\"]"}
COMMAND: POST /session/fdb2eb18e9de7f55d42e953fc9ac8efb/execute/sync - {"script":"<script> [8489 bytes]","args":[{"element-6066-11e4-a52e-4f735466cecf":"f.65777815963AB190D0E426F0C4C24000.d.AEE4D541F627B53CF80F869437AC987E.e.7149","ELEMENT":"f.65777815963AB190D0E426F0C4C24000.d.AEE4D541F627B53CF80F869437AC987E.e.7149"}]}
RESULT: {"script":"<script> [8489 bytes]","args":[{"element-6066-11e4-a52e-4f735466cecf":"f.65777815963AB190D0E426F0C4C24000.d.AEE4D541F627B53CF80F869437AC987E.e.7149","ELEMENT":"f.65777815963AB190D0E426F0C4C24000.d.AEE4D541F627B53CF80F869437AC987E.e.7149"}]}
COMMAND: GET /session/fdb2eb18e9de7f55d42e953fc9ac8efb/element/f.65777815963AB190D0E426F0C4C24000.d.AEE4D541F627B53CF80F869437AC987E.e.7149/enabled - {}
COMMAND: GET /session/fdb2eb18e9de7f55d42e953fc9ac8efb/screenshot - {}
RESULT: {}
RESULT: {}
COMMAND: POST /session/fdb2eb18e9de7f55d42e953fc9ac8efb/execute/sync - {"script":"<script> [8489 bytes]","args":[{"element-6066-11e4-a52e-4f735466cecf":"f.65777815963AB190D0E426F0C4C24000.d.AEE4D541F627B53CF80F869437AC987E.e.7149","ELEMENT":"f.65777815963AB190D0E426F0C4C24000.d.AEE4D541F627B53CF80F869437AC987E.e.7149"}]}
COMMAND: GET /session/fdb2eb18e9de7f55d42e953fc9ac8efb/screenshot - {}
RESULT: {"script":"<script> [8489 bytes]","args":[{"element-6066-11e4-a52e-4f735466cecf":"f.65777815963AB190D0E426F0C4C24000.d.AEE4D541F627B53CF80F869437AC987E.e.7149","ELEMENT":"f.65777815963AB190D0E426F0C4C24000.d.AEE4D541F627B53CF80F869437AC987E.e.7149"}]}
COMMAND: POST /session/fdb2eb18e9de7f55d42e953fc9ac8efb/execute/sync - {"script":"<script> [5351 bytes]","args":[{"element-6066-11e4-a52e-4f735466cecf":"f.65777815963AB190D0E426F0C4C24000.d.AEE4D541F627B53CF80F869437AC987E.e.7149","ELEMENT":"f.65777815963AB190D0E426F0C4C24000.d.AEE4D541F627B53CF80F869437AC987E.e.7149"}]}
COMMAND: GET /session/fdb2eb18e9de7f55d42e953fc9ac8efb/screenshot - {}
RESULT: {}
RESULT: {"script":"<script> [5351 bytes]","args":[{"element-6066-11e4-a52e-4f735466cecf":"f.65777815963AB190D0E426F0C4C24000.d.AEE4D541F627B53CF80F869437AC987E.e.7149","ELEMENT":"f.65777815963AB190D0E426F0C4C24000.d.AEE4D541F627B53CF80F869437AC987E.e.7149"}]}
COMMAND: POST /session/fdb2eb18e9de7f55d42e953fc9ac8efb/element/f.65777815963AB190D0E426F0C4C24000.d.AEE4D541F627B53CF80F869437AC987E.e.7149/click - {}
COMMAND: GET /session/fdb2eb18e9de7f55d42e953fc9ac8efb/screenshot - {}
RESULT: {}
RESULT: {}
COMMAND: GET /session/fdb2eb18e9de7f55d42e953fc9ac8efb/screenshot - {}
COMMAND: POST /session/fdb2eb18e9de7f55d42e953fc9ac8efb/element - {"using":"xpath","value":"//button[@data-kt=\"saveButton\"]"}
RESULT: {}
RESULT: {}
RESULT: {"using":"xpath","value":"//button[@data-kt=\"saveButton\"]"}
COMMAND: POST /session/fdb2eb18e9de7f55d42e953fc9ac8efb/element/f.65777815963AB190D0E426F0C4C24000.d.AEE4D541F627B53CF80F869437AC987E.e.7562/click - {}
RESULT: {}
COMMAND: GET /session/fdb2eb18e9de7f55d42e953fc9ac8efb/screenshot - {}
RESULT: {}
COMMAND: POST /session/fdb2eb18e9de7f55d42e953fc9ac8efb/element - {"using":"xpath","value":"//span[contains(@class, \"sapMMsgBoxText\")]"}
RESULT: {"using":"xpath","value":"//span[contains(@class, \"sapMMsgBoxText\")]"}
COMMAND: POST /session/fdb2eb18e9de7f55d42e953fc9ac8efb/execute/sync - {"script":"<script> [56 bytes]","args":[{"element-6066-11e4-a52e-4f735466cecf":"f.65777815963AB190D0E426F0C4C24000.d.AEE4D541F627B53CF80F869437AC987E.e.7585","ELEMENT":"f.65777815963AB190D0E426F0C4C24000.d.AEE4D541F627B53CF80F869437AC987E.e.7585"}]}
RESULT: {"script":"<script> [56 bytes]","args":[{"element-6066-11e4-a52e-4f735466cecf":"f.65777815963AB190D0E426F0C4C24000.d.AEE4D541F627B53CF80F869437AC987E.e.7585","ELEMENT":"f.65777815963AB190D0E426F0C4C24000.d.AEE4D541F627B53CF80F869437AC987E.e.7585"}]}
COMMAND: POST /session/fdb2eb18e9de7f55d42e953fc9ac8efb/element - {"using":"xpath","value":"(//bdi[contains(text(), \"Close\")])[1]"}
COMMAND: POST /session/fdb2eb18e9de7f55d42e953fc9ac8efb/elements - {"using":"xpath","value":"//span[contains(@class, \"sapMMsgBoxText\")]"}
COMMAND: GET /session/fdb2eb18e9de7f55d42e953fc9ac8efb/screenshot - {}
RESULT: {"using":"xpath","value":"//span[contains(@class, \"sapMMsgBoxText\")]"}
RESULT: {"using":"xpath","value":"(//bdi[contains(text(), \"Close\")])[1]"}
COMMAND: POST /session/fdb2eb18e9de7f55d42e953fc9ac8efb/element/f.65777815963AB190D0E426F0C4C24000.d.AEE4D541F627B53CF80F869437AC987E.e.7586/click - {}
RESULT: {}
RESULT: {}
COMMAND: GET /session/fdb2eb18e9de7f55d42e953fc9ac8efb/screenshot - {}
RESULT: {}
COMMAND: POST /session/fdb2eb18e9de7f55d42e953fc9ac8efb/element - {"using":"css selector","value":"#shell-header-logo"}
RESULT: {"using":"css selector","value":"#shell-header-logo"}
COMMAND: POST /session/fdb2eb18e9de7f55d42e953fc9ac8efb/element/f.65777815963AB190D0E426F0C4C24000.d.AEE4D541F627B53CF80F869437AC987E.e.7114/click - {}
RESULT: {}
COMMAND: GET /session/fdb2eb18e9de7f55d42e953fc9ac8efb/screenshot - {}
RESULT: {}
]]></system-out>
    </testcase>
    <testcase classname="chrome.135_0_7049_96.windows.Partner_specific_tests_US150819_US151080_US151654_US151176_US103444_US151078_US151079_US151109_US151174_US151175_US151189" name="Should do various searches US151175" time="153.434">
      <system-out><![CDATA[
COMMAND: POST /session/fdb2eb18e9de7f55d42e953fc9ac8efb/element - {"using":"xpath","value":"//li[.//span[text()=\"Manage Partners\"]]"}
RESULT: {"using":"xpath","value":"//li[.//span[text()=\"Manage Partners\"]]"}
COMMAND: POST /session/fdb2eb18e9de7f55d42e953fc9ac8efb/element - {"using":"xpath","value":"//li[.//span[text()=\"Manage Partners\"]]"}
RESULT: {"using":"xpath","value":"//li[.//span[text()=\"Manage Partners\"]]"}
COMMAND: POST /session/fdb2eb18e9de7f55d42e953fc9ac8efb/element - {"using":"css selector","value":"#shell-header-logo"}
RESULT: {"using":"css selector","value":"#shell-header-logo"}
COMMAND: POST /session/fdb2eb18e9de7f55d42e953fc9ac8efb/element/f.65777815963AB190D0E426F0C4C24000.d.AEE4D541F627B53CF80F869437AC987E.e.7588/click - {}
COMMAND: POST /session/fdb2eb18e9de7f55d42e953fc9ac8efb/execute/sync - {"script":"<script> [8489 bytes]","args":[{"element-6066-11e4-a52e-4f735466cecf":"f.65777815963AB190D0E426F0C4C24000.d.AEE4D541F627B53CF80F869437AC987E.e.7588","ELEMENT":"f.65777815963AB190D0E426F0C4C24000.d.AEE4D541F627B53CF80F869437AC987E.e.7588"}]}
RESULT: {}
COMMAND: GET /session/fdb2eb18e9de7f55d42e953fc9ac8efb/screenshot - {}
RESULT: {"script":"<script> [8489 bytes]","args":[{"element-6066-11e4-a52e-4f735466cecf":"f.65777815963AB190D0E426F0C4C24000.d.AEE4D541F627B53CF80F869437AC987E.e.7588","ELEMENT":"f.65777815963AB190D0E426F0C4C24000.d.AEE4D541F627B53CF80F869437AC987E.e.7588"}]}
COMMAND: POST /session/fdb2eb18e9de7f55d42e953fc9ac8efb/execute/sync - {"script":"<script> [5351 bytes]","args":[{"element-6066-11e4-a52e-4f735466cecf":"f.65777815963AB190D0E426F0C4C24000.d.AEE4D541F627B53CF80F869437AC987E.e.7588","ELEMENT":"f.65777815963AB190D0E426F0C4C24000.d.AEE4D541F627B53CF80F869437AC987E.e.7588"}]}
COMMAND: GET /session/fdb2eb18e9de7f55d42e953fc9ac8efb/screenshot - {}
RESULT: {}
RESULT: {"script":"<script> [5351 bytes]","args":[{"element-6066-11e4-a52e-4f735466cecf":"f.65777815963AB190D0E426F0C4C24000.d.AEE4D541F627B53CF80F869437AC987E.e.7588","ELEMENT":"f.65777815963AB190D0E426F0C4C24000.d.AEE4D541F627B53CF80F869437AC987E.e.7588"}]}
COMMAND: GET /session/fdb2eb18e9de7f55d42e953fc9ac8efb/screenshot - {}
RESULT: {}
RESULT: {}
RESULT: undefined
COMMAND: POST /session/fdb2eb18e9de7f55d42e953fc9ac8efb/element - {"using":"xpath","value":"//*[@id=\"__tile30\"]"}
RESULT: {"using":"xpath","value":"//*[@id=\"__tile30\"]"}
COMMAND: POST /session/fdb2eb18e9de7f55d42e953fc9ac8efb/element/f.65777815963AB190D0E426F0C4C24000.d.AEE4D541F627B53CF80F869437AC987E.e.4500/click - {}
RESULT: {}
COMMAND: POST /session/fdb2eb18e9de7f55d42e953fc9ac8efb/element - {"using":"xpath","value":"//button[@data-kt=\"addButton\"]"}
COMMAND: GET /session/fdb2eb18e9de7f55d42e953fc9ac8efb/screenshot - {}
RESULT: {"using":"xpath","value":"//button[@data-kt=\"addButton\"]"}
COMMAND: POST /session/fdb2eb18e9de7f55d42e953fc9ac8efb/elements - {"using":"xpath","value":"//button[@data-kt=\"addButton\"]"}
RESULT: {}
RESULT: {"using":"xpath","value":"//button[@data-kt=\"addButton\"]"}
COMMAND: POST /session/fdb2eb18e9de7f55d42e953fc9ac8efb/elements - {"using":"xpath","value":"//button[@data-kt=\"addButton\"]"}
RESULT: {"using":"xpath","value":"//button[@data-kt=\"addButton\"]"}
COMMAND: POST /session/fdb2eb18e9de7f55d42e953fc9ac8efb/elements - {"using":"xpath","value":"//button[@data-kt=\"addButton\"]"}
RESULT: {"using":"xpath","value":"//button[@data-kt=\"addButton\"]"}
COMMAND: POST /session/fdb2eb18e9de7f55d42e953fc9ac8efb/elements - {"using":"xpath","value":"//button[@data-kt=\"addButton\"]"}
RESULT: {"using":"xpath","value":"//button[@data-kt=\"addButton\"]"}
COMMAND: POST /session/fdb2eb18e9de7f55d42e953fc9ac8efb/element - {"using":"xpath","value":"//button[@data-kt=\"addButton\"]"}
RESULT: {"using":"xpath","value":"//button[@data-kt=\"addButton\"]"}
COMMAND: POST /session/fdb2eb18e9de7f55d42e953fc9ac8efb/execute/sync - {"script":"<script> [8489 bytes]","args":[{"element-6066-11e4-a52e-4f735466cecf":"f.65777815963AB190D0E426F0C4C24000.d.AEE4D541F627B53CF80F869437AC987E.e.7623","ELEMENT":"f.65777815963AB190D0E426F0C4C24000.d.AEE4D541F627B53CF80F869437AC987E.e.7623"}]}
RESULT: {"script":"<script> [8489 bytes]","args":[{"element-6066-11e4-a52e-4f735466cecf":"f.65777815963AB190D0E426F0C4C24000.d.AEE4D541F627B53CF80F869437AC987E.e.7623","ELEMENT":"f.65777815963AB190D0E426F0C4C24000.d.AEE4D541F627B53CF80F869437AC987E.e.7623"}]}
COMMAND: GET /session/fdb2eb18e9de7f55d42e953fc9ac8efb/element/f.65777815963AB190D0E426F0C4C24000.d.AEE4D541F627B53CF80F869437AC987E.e.7623/enabled - {}
COMMAND: GET /session/fdb2eb18e9de7f55d42e953fc9ac8efb/screenshot - {}
RESULT: {}
COMMAND: POST /session/fdb2eb18e9de7f55d42e953fc9ac8efb/execute/sync - {"script":"<script> [8489 bytes]","args":[{"element-6066-11e4-a52e-4f735466cecf":"f.65777815963AB190D0E426F0C4C24000.d.AEE4D541F627B53CF80F869437AC987E.e.7623","ELEMENT":"f.65777815963AB190D0E426F0C4C24000.d.AEE4D541F627B53CF80F869437AC987E.e.7623"}]}
COMMAND: GET /session/fdb2eb18e9de7f55d42e953fc9ac8efb/screenshot - {}
RESULT: {}
RESULT: {"script":"<script> [8489 bytes]","args":[{"element-6066-11e4-a52e-4f735466cecf":"f.65777815963AB190D0E426F0C4C24000.d.AEE4D541F627B53CF80F869437AC987E.e.7623","ELEMENT":"f.65777815963AB190D0E426F0C4C24000.d.AEE4D541F627B53CF80F869437AC987E.e.7623"}]}
COMMAND: POST /session/fdb2eb18e9de7f55d42e953fc9ac8efb/execute/sync - {"script":"<script> [5351 bytes]","args":[{"element-6066-11e4-a52e-4f735466cecf":"f.65777815963AB190D0E426F0C4C24000.d.AEE4D541F627B53CF80F869437AC987E.e.7623","ELEMENT":"f.65777815963AB190D0E426F0C4C24000.d.AEE4D541F627B53CF80F869437AC987E.e.7623"}]}
COMMAND: GET /session/fdb2eb18e9de7f55d42e953fc9ac8efb/screenshot - {}
RESULT: {}
RESULT: {"script":"<script> [5351 bytes]","args":[{"element-6066-11e4-a52e-4f735466cecf":"f.65777815963AB190D0E426F0C4C24000.d.AEE4D541F627B53CF80F869437AC987E.e.7623","ELEMENT":"f.65777815963AB190D0E426F0C4C24000.d.AEE4D541F627B53CF80F869437AC987E.e.7623"}]}
COMMAND: GET /session/fdb2eb18e9de7f55d42e953fc9ac8efb/screenshot - {}
RESULT: {}
RESULT: {}
COMMAND: POST /session/fdb2eb18e9de7f55d42e953fc9ac8efb/element - {"using":"xpath","value":"//span[@id=\"application-managepartners-display-component---masterPtm--smartTable-header-inner\"]"}
RESULT: {"using":"xpath","value":"//span[@id=\"application-managepartners-display-component---masterPtm--smartTable-header-inner\"]"}
COMMAND: POST /session/fdb2eb18e9de7f55d42e953fc9ac8efb/elements - {"using":"xpath","value":"//span[@id=\"application-managepartners-display-component---masterPtm--smartTable-header-inner\"]"}
RESULT: {"using":"xpath","value":"//span[@id=\"application-managepartners-display-component---masterPtm--smartTable-header-inner\"]"}
COMMAND: POST /session/fdb2eb18e9de7f55d42e953fc9ac8efb/execute/sync - {"script":"<script> [56 bytes]","args":[{"element-6066-11e4-a52e-4f735466cecf":"f.65777815963AB190D0E426F0C4C24000.d.AEE4D541F627B53CF80F869437AC987E.e.7759","ELEMENT":"f.65777815963AB190D0E426F0C4C24000.d.AEE4D541F627B53CF80F869437AC987E.e.7759"}]}
RESULT: {"script":"<script> [56 bytes]","args":[{"element-6066-11e4-a52e-4f735466cecf":"f.65777815963AB190D0E426F0C4C24000.d.AEE4D541F627B53CF80F869437AC987E.e.7759","ELEMENT":"f.65777815963AB190D0E426F0C4C24000.d.AEE4D541F627B53CF80F869437AC987E.e.7759"}]}
RESULT: undefined
COMMAND: POST /session/fdb2eb18e9de7f55d42e953fc9ac8efb/element - {"using":"xpath","value":"//*[@id=\"application-managepartners-display-component---masterPtm--smartFilterBar-btnFilters\"]"}
COMMAND: GET /session/fdb2eb18e9de7f55d42e953fc9ac8efb/screenshot - {}
RESULT: {"using":"xpath","value":"//*[@id=\"application-managepartners-display-component---masterPtm--smartFilterBar-btnFilters\"]"}
COMMAND: POST /session/fdb2eb18e9de7f55d42e953fc9ac8efb/element/f.65777815963AB190D0E426F0C4C24000.d.AEE4D541F627B53CF80F869437AC987E.e.7599/click - {}
RESULT: {}
RESULT: {}
COMMAND: GET /session/fdb2eb18e9de7f55d42e953fc9ac8efb/screenshot - {}
RESULT: {}
COMMAND: POST /session/fdb2eb18e9de7f55d42e953fc9ac8efb/elements - {"using":"xpath","value":"//table[contains(@id, \"listView-innerSelectionPanelTable-listUl\")]/tbody/tr"}
RESULT: {"using":"xpath","value":"//table[contains(@id, \"listView-innerSelectionPanelTable-listUl\")]/tbody/tr"}
COMMAND: POST /session/fdb2eb18e9de7f55d42e953fc9ac8efb/element - {"using":"xpath","value":"//table[contains(@id, \"listView-innerSelectionPanelTable-listUl\")]/tbody/tr[2]/td[2]/div/div"}
RESULT: {"using":"xpath","value":"//table[contains(@id, \"listView-innerSelectionPanelTable-listUl\")]/tbody/tr[2]/td[2]/div/div"}
COMMAND: POST /session/fdb2eb18e9de7f55d42e953fc9ac8efb/element - {"using":"xpath","value":"//table[contains(@id, \"listView-innerSelectionPanelTable-listUl\")]/tbody/tr[2]/td[2]/div"}
RESULT: {"using":"xpath","value":"//table[contains(@id, \"listView-innerSelectionPanelTable-listUl\")]/tbody/tr[2]/td[2]/div"}
COMMAND: POST /session/fdb2eb18e9de7f55d42e953fc9ac8efb/element - {"using":"xpath","value":"//table[contains(@id, \"listView-innerSelectionPanelTable-listUl\")]/tbody/tr[2]/td[3]/div/div/span/span[1]/bdi"}
RESULT: {"using":"xpath","value":"//table[contains(@id, \"listView-innerSelectionPanelTable-listUl\")]/tbody/tr[2]/td[3]/div/div/span/span[1]/bdi"}
COMMAND: POST /session/fdb2eb18e9de7f55d42e953fc9ac8efb/execute/sync - {"script":"<script> [56 bytes]","args":[{"element-6066-11e4-a52e-4f735466cecf":"f.65777815963AB190D0E426F0C4C24000.d.AEE4D541F627B53CF80F869437AC987E.e.7827","ELEMENT":"f.65777815963AB190D0E426F0C4C24000.d.AEE4D541F627B53CF80F869437AC987E.e.7827"}]}
RESULT: {"script":"<script> [56 bytes]","args":[{"element-6066-11e4-a52e-4f735466cecf":"f.65777815963AB190D0E426F0C4C24000.d.AEE4D541F627B53CF80F869437AC987E.e.7827","ELEMENT":"f.65777815963AB190D0E426F0C4C24000.d.AEE4D541F627B53CF80F869437AC987E.e.7827"}]}
COMMAND: GET /session/fdb2eb18e9de7f55d42e953fc9ac8efb/element/f.65777815963AB190D0E426F0C4C24000.d.AEE4D541F627B53CF80F869437AC987E.e.7826/attribute/aria-checked - {}
COMMAND: GET /session/fdb2eb18e9de7f55d42e953fc9ac8efb/screenshot - {}
RESULT: {}
COMMAND: POST /session/fdb2eb18e9de7f55d42e953fc9ac8efb/element - {"using":"xpath","value":"//table[contains(@id, \"listView-innerSelectionPanelTable-listUl\")]/tbody/tr[3]/td[2]/div/div"}
RESULT: {}
RESULT: {"using":"xpath","value":"//table[contains(@id, \"listView-innerSelectionPanelTable-listUl\")]/tbody/tr[3]/td[2]/div/div"}
COMMAND: POST /session/fdb2eb18e9de7f55d42e953fc9ac8efb/element - {"using":"xpath","value":"//table[contains(@id, \"listView-innerSelectionPanelTable-listUl\")]/tbody/tr[3]/td[2]/div"}
RESULT: {"using":"xpath","value":"//table[contains(@id, \"listView-innerSelectionPanelTable-listUl\")]/tbody/tr[3]/td[2]/div"}
COMMAND: POST /session/fdb2eb18e9de7f55d42e953fc9ac8efb/element - {"using":"xpath","value":"//table[contains(@id, \"listView-innerSelectionPanelTable-listUl\")]/tbody/tr[3]/td[3]/div/div/span/span[1]/bdi"}
RESULT: {"using":"xpath","value":"//table[contains(@id, \"listView-innerSelectionPanelTable-listUl\")]/tbody/tr[3]/td[3]/div/div/span/span[1]/bdi"}
COMMAND: POST /session/fdb2eb18e9de7f55d42e953fc9ac8efb/execute/sync - {"script":"<script> [56 bytes]","args":[{"element-6066-11e4-a52e-4f735466cecf":"f.65777815963AB190D0E426F0C4C24000.d.AEE4D541F627B53CF80F869437AC987E.e.7830","ELEMENT":"f.65777815963AB190D0E426F0C4C24000.d.AEE4D541F627B53CF80F869437AC987E.e.7830"}]}
RESULT: {"script":"<script> [56 bytes]","args":[{"element-6066-11e4-a52e-4f735466cecf":"f.65777815963AB190D0E426F0C4C24000.d.AEE4D541F627B53CF80F869437AC987E.e.7830","ELEMENT":"f.65777815963AB190D0E426F0C4C24000.d.AEE4D541F627B53CF80F869437AC987E.e.7830"}]}
COMMAND: GET /session/fdb2eb18e9de7f55d42e953fc9ac8efb/element/f.65777815963AB190D0E426F0C4C24000.d.AEE4D541F627B53CF80F869437AC987E.e.7829/attribute/aria-checked - {}
COMMAND: GET /session/fdb2eb18e9de7f55d42e953fc9ac8efb/screenshot - {}
RESULT: {}
COMMAND: POST /session/fdb2eb18e9de7f55d42e953fc9ac8efb/element - {"using":"xpath","value":"//table[contains(@id, \"listView-innerSelectionPanelTable-listUl\")]/tbody/tr[4]/td[2]/div/div"}
RESULT: {}
RESULT: {"using":"xpath","value":"//table[contains(@id, \"listView-innerSelectionPanelTable-listUl\")]/tbody/tr[4]/td[2]/div/div"}
COMMAND: POST /session/fdb2eb18e9de7f55d42e953fc9ac8efb/element - {"using":"xpath","value":"//table[contains(@id, \"listView-innerSelectionPanelTable-listUl\")]/tbody/tr[4]/td[2]/div"}
RESULT: {"using":"xpath","value":"//table[contains(@id, \"listView-innerSelectionPanelTable-listUl\")]/tbody/tr[4]/td[2]/div"}
COMMAND: POST /session/fdb2eb18e9de7f55d42e953fc9ac8efb/element - {"using":"xpath","value":"//table[contains(@id, \"listView-innerSelectionPanelTable-listUl\")]/tbody/tr[4]/td[3]/div/div/span/span[1]/bdi"}
RESULT: {"using":"xpath","value":"//table[contains(@id, \"listView-innerSelectionPanelTable-listUl\")]/tbody/tr[4]/td[3]/div/div/span/span[1]/bdi"}
COMMAND: POST /session/fdb2eb18e9de7f55d42e953fc9ac8efb/execute/sync - {"script":"<script> [56 bytes]","args":[{"element-6066-11e4-a52e-4f735466cecf":"f.65777815963AB190D0E426F0C4C24000.d.AEE4D541F627B53CF80F869437AC987E.e.7833","ELEMENT":"f.65777815963AB190D0E426F0C4C24000.d.AEE4D541F627B53CF80F869437AC987E.e.7833"}]}
RESULT: {"script":"<script> [56 bytes]","args":[{"element-6066-11e4-a52e-4f735466cecf":"f.65777815963AB190D0E426F0C4C24000.d.AEE4D541F627B53CF80F869437AC987E.e.7833","ELEMENT":"f.65777815963AB190D0E426F0C4C24000.d.AEE4D541F627B53CF80F869437AC987E.e.7833"}]}
COMMAND: GET /session/fdb2eb18e9de7f55d42e953fc9ac8efb/element/f.65777815963AB190D0E426F0C4C24000.d.AEE4D541F627B53CF80F869437AC987E.e.7832/attribute/aria-checked - {}
COMMAND: GET /session/fdb2eb18e9de7f55d42e953fc9ac8efb/screenshot - {}
RESULT: {}
COMMAND: POST /session/fdb2eb18e9de7f55d42e953fc9ac8efb/element - {"using":"xpath","value":"//table[contains(@id, \"listView-innerSelectionPanelTable-listUl\")]/tbody/tr[5]/td[2]/div/div"}
RESULT: {}
RESULT: {"using":"xpath","value":"//table[contains(@id, \"listView-innerSelectionPanelTable-listUl\")]/tbody/tr[5]/td[2]/div/div"}
COMMAND: POST /session/fdb2eb18e9de7f55d42e953fc9ac8efb/element - {"using":"xpath","value":"//table[contains(@id, \"listView-innerSelectionPanelTable-listUl\")]/tbody/tr[5]/td[2]/div"}
RESULT: {"using":"xpath","value":"//table[contains(@id, \"listView-innerSelectionPanelTable-listUl\")]/tbody/tr[5]/td[2]/div"}
COMMAND: POST /session/fdb2eb18e9de7f55d42e953fc9ac8efb/element - {"using":"xpath","value":"//table[contains(@id, \"listView-innerSelectionPanelTable-listUl\")]/tbody/tr[5]/td[3]/div/div/span/span[1]/bdi"}
RESULT: {"using":"xpath","value":"//table[contains(@id, \"listView-innerSelectionPanelTable-listUl\")]/tbody/tr[5]/td[3]/div/div/span/span[1]/bdi"}
COMMAND: POST /session/fdb2eb18e9de7f55d42e953fc9ac8efb/execute/sync - {"script":"<script> [56 bytes]","args":[{"element-6066-11e4-a52e-4f735466cecf":"f.65777815963AB190D0E426F0C4C24000.d.AEE4D541F627B53CF80F869437AC987E.e.7836","ELEMENT":"f.65777815963AB190D0E426F0C4C24000.d.AEE4D541F627B53CF80F869437AC987E.e.7836"}]}
RESULT: {"script":"<script> [56 bytes]","args":[{"element-6066-11e4-a52e-4f735466cecf":"f.65777815963AB190D0E426F0C4C24000.d.AEE4D541F627B53CF80F869437AC987E.e.7836","ELEMENT":"f.65777815963AB190D0E426F0C4C24000.d.AEE4D541F627B53CF80F869437AC987E.e.7836"}]}
COMMAND: GET /session/fdb2eb18e9de7f55d42e953fc9ac8efb/element/f.65777815963AB190D0E426F0C4C24000.d.AEE4D541F627B53CF80F869437AC987E.e.7835/attribute/aria-checked - {}
COMMAND: GET /session/fdb2eb18e9de7f55d42e953fc9ac8efb/screenshot - {}
RESULT: {}
COMMAND: POST /session/fdb2eb18e9de7f55d42e953fc9ac8efb/element - {"using":"xpath","value":"//table[contains(@id, \"listView-innerSelectionPanelTable-listUl\")]/tbody/tr[6]/td[2]/div/div"}
RESULT: {}
RESULT: {"using":"xpath","value":"//table[contains(@id, \"listView-innerSelectionPanelTable-listUl\")]/tbody/tr[6]/td[2]/div/div"}
COMMAND: POST /session/fdb2eb18e9de7f55d42e953fc9ac8efb/element - {"using":"xpath","value":"//table[contains(@id, \"listView-innerSelectionPanelTable-listUl\")]/tbody/tr[6]/td[2]/div"}
RESULT: {"using":"xpath","value":"//table[contains(@id, \"listView-innerSelectionPanelTable-listUl\")]/tbody/tr[6]/td[2]/div"}
COMMAND: POST /session/fdb2eb18e9de7f55d42e953fc9ac8efb/element - {"using":"xpath","value":"//table[contains(@id, \"listView-innerSelectionPanelTable-listUl\")]/tbody/tr[6]/td[3]/div/div/span/span[1]/bdi"}
RESULT: {"using":"xpath","value":"//table[contains(@id, \"listView-innerSelectionPanelTable-listUl\")]/tbody/tr[6]/td[3]/div/div/span/span[1]/bdi"}
COMMAND: POST /session/fdb2eb18e9de7f55d42e953fc9ac8efb/execute/sync - {"script":"<script> [56 bytes]","args":[{"element-6066-11e4-a52e-4f735466cecf":"f.65777815963AB190D0E426F0C4C24000.d.AEE4D541F627B53CF80F869437AC987E.e.7839","ELEMENT":"f.65777815963AB190D0E426F0C4C24000.d.AEE4D541F627B53CF80F869437AC987E.e.7839"}]}
RESULT: {"script":"<script> [56 bytes]","args":[{"element-6066-11e4-a52e-4f735466cecf":"f.65777815963AB190D0E426F0C4C24000.d.AEE4D541F627B53CF80F869437AC987E.e.7839","ELEMENT":"f.65777815963AB190D0E426F0C4C24000.d.AEE4D541F627B53CF80F869437AC987E.e.7839"}]}
COMMAND: GET /session/fdb2eb18e9de7f55d42e953fc9ac8efb/element/f.65777815963AB190D0E426F0C4C24000.d.AEE4D541F627B53CF80F869437AC987E.e.7838/attribute/aria-checked - {}
COMMAND: GET /session/fdb2eb18e9de7f55d42e953fc9ac8efb/screenshot - {}
RESULT: {}
COMMAND: POST /session/fdb2eb18e9de7f55d42e953fc9ac8efb/element - {"using":"xpath","value":"//table[contains(@id, \"listView-innerSelectionPanelTable-listUl\")]/tbody/tr[7]/td[2]/div/div"}
RESULT: {}
RESULT: {"using":"xpath","value":"//table[contains(@id, \"listView-innerSelectionPanelTable-listUl\")]/tbody/tr[7]/td[2]/div/div"}
COMMAND: POST /session/fdb2eb18e9de7f55d42e953fc9ac8efb/element - {"using":"xpath","value":"//table[contains(@id, \"listView-innerSelectionPanelTable-listUl\")]/tbody/tr[7]/td[2]/div"}
RESULT: {"using":"xpath","value":"//table[contains(@id, \"listView-innerSelectionPanelTable-listUl\")]/tbody/tr[7]/td[2]/div"}
COMMAND: POST /session/fdb2eb18e9de7f55d42e953fc9ac8efb/element - {"using":"xpath","value":"//table[contains(@id, \"listView-innerSelectionPanelTable-listUl\")]/tbody/tr[7]/td[3]/div/div/span/span[1]/bdi"}
RESULT: {"using":"xpath","value":"//table[contains(@id, \"listView-innerSelectionPanelTable-listUl\")]/tbody/tr[7]/td[3]/div/div/span/span[1]/bdi"}
COMMAND: POST /session/fdb2eb18e9de7f55d42e953fc9ac8efb/execute/sync - {"script":"<script> [56 bytes]","args":[{"element-6066-11e4-a52e-4f735466cecf":"f.65777815963AB190D0E426F0C4C24000.d.AEE4D541F627B53CF80F869437AC987E.e.7842","ELEMENT":"f.65777815963AB190D0E426F0C4C24000.d.AEE4D541F627B53CF80F869437AC987E.e.7842"}]}
RESULT: {"script":"<script> [56 bytes]","args":[{"element-6066-11e4-a52e-4f735466cecf":"f.65777815963AB190D0E426F0C4C24000.d.AEE4D541F627B53CF80F869437AC987E.e.7842","ELEMENT":"f.65777815963AB190D0E426F0C4C24000.d.AEE4D541F627B53CF80F869437AC987E.e.7842"}]}
COMMAND: GET /session/fdb2eb18e9de7f55d42e953fc9ac8efb/element/f.65777815963AB190D0E426F0C4C24000.d.AEE4D541F627B53CF80F869437AC987E.e.7841/attribute/aria-checked - {}
COMMAND: GET /session/fdb2eb18e9de7f55d42e953fc9ac8efb/screenshot - {}
RESULT: {}
COMMAND: POST /session/fdb2eb18e9de7f55d42e953fc9ac8efb/element - {"using":"xpath","value":"//table[contains(@id, \"listView-innerSelectionPanelTable-listUl\")]/tbody/tr[8]/td[2]/div/div"}
RESULT: {}
RESULT: {"using":"xpath","value":"//table[contains(@id, \"listView-innerSelectionPanelTable-listUl\")]/tbody/tr[8]/td[2]/div/div"}
COMMAND: POST /session/fdb2eb18e9de7f55d42e953fc9ac8efb/element - {"using":"xpath","value":"//table[contains(@id, \"listView-innerSelectionPanelTable-listUl\")]/tbody/tr[8]/td[2]/div"}
RESULT: {"using":"xpath","value":"//table[contains(@id, \"listView-innerSelectionPanelTable-listUl\")]/tbody/tr[8]/td[2]/div"}
COMMAND: POST /session/fdb2eb18e9de7f55d42e953fc9ac8efb/element - {"using":"xpath","value":"//table[contains(@id, \"listView-innerSelectionPanelTable-listUl\")]/tbody/tr[8]/td[3]/div/div/span/span[1]/bdi"}
RESULT: {"using":"xpath","value":"//table[contains(@id, \"listView-innerSelectionPanelTable-listUl\")]/tbody/tr[8]/td[3]/div/div/span/span[1]/bdi"}
COMMAND: POST /session/fdb2eb18e9de7f55d42e953fc9ac8efb/execute/sync - {"script":"<script> [56 bytes]","args":[{"element-6066-11e4-a52e-4f735466cecf":"f.65777815963AB190D0E426F0C4C24000.d.AEE4D541F627B53CF80F869437AC987E.e.7845","ELEMENT":"f.65777815963AB190D0E426F0C4C24000.d.AEE4D541F627B53CF80F869437AC987E.e.7845"}]}
RESULT: {"script":"<script> [56 bytes]","args":[{"element-6066-11e4-a52e-4f735466cecf":"f.65777815963AB190D0E426F0C4C24000.d.AEE4D541F627B53CF80F869437AC987E.e.7845","ELEMENT":"f.65777815963AB190D0E426F0C4C24000.d.AEE4D541F627B53CF80F869437AC987E.e.7845"}]}
COMMAND: GET /session/fdb2eb18e9de7f55d42e953fc9ac8efb/element/f.65777815963AB190D0E426F0C4C24000.d.AEE4D541F627B53CF80F869437AC987E.e.7844/attribute/aria-checked - {}
COMMAND: GET /session/fdb2eb18e9de7f55d42e953fc9ac8efb/screenshot - {}
RESULT: {}
COMMAND: POST /session/fdb2eb18e9de7f55d42e953fc9ac8efb/element - {"using":"xpath","value":"//table[contains(@id, \"listView-innerSelectionPanelTable-listUl\")]/tbody/tr[9]/td[2]/div/div"}
RESULT: {}
RESULT: {"using":"xpath","value":"//table[contains(@id, \"listView-innerSelectionPanelTable-listUl\")]/tbody/tr[9]/td[2]/div/div"}
COMMAND: POST /session/fdb2eb18e9de7f55d42e953fc9ac8efb/element - {"using":"xpath","value":"//table[contains(@id, \"listView-innerSelectionPanelTable-listUl\")]/tbody/tr[9]/td[2]/div"}
RESULT: {"using":"xpath","value":"//table[contains(@id, \"listView-innerSelectionPanelTable-listUl\")]/tbody/tr[9]/td[2]/div"}
COMMAND: POST /session/fdb2eb18e9de7f55d42e953fc9ac8efb/element - {"using":"xpath","value":"//table[contains(@id, \"listView-innerSelectionPanelTable-listUl\")]/tbody/tr[9]/td[3]/div/div/span/span[1]/bdi"}
RESULT: {"using":"xpath","value":"//table[contains(@id, \"listView-innerSelectionPanelTable-listUl\")]/tbody/tr[9]/td[3]/div/div/span/span[1]/bdi"}
COMMAND: POST /session/fdb2eb18e9de7f55d42e953fc9ac8efb/execute/sync - {"script":"<script> [56 bytes]","args":[{"element-6066-11e4-a52e-4f735466cecf":"f.65777815963AB190D0E426F0C4C24000.d.AEE4D541F627B53CF80F869437AC987E.e.7848","ELEMENT":"f.65777815963AB190D0E426F0C4C24000.d.AEE4D541F627B53CF80F869437AC987E.e.7848"}]}
RESULT: {"script":"<script> [56 bytes]","args":[{"element-6066-11e4-a52e-4f735466cecf":"f.65777815963AB190D0E426F0C4C24000.d.AEE4D541F627B53CF80F869437AC987E.e.7848","ELEMENT":"f.65777815963AB190D0E426F0C4C24000.d.AEE4D541F627B53CF80F869437AC987E.e.7848"}]}
COMMAND: GET /session/fdb2eb18e9de7f55d42e953fc9ac8efb/element/f.65777815963AB190D0E426F0C4C24000.d.AEE4D541F627B53CF80F869437AC987E.e.7847/attribute/aria-checked - {}
COMMAND: GET /session/fdb2eb18e9de7f55d42e953fc9ac8efb/screenshot - {}
RESULT: {}
COMMAND: POST /session/fdb2eb18e9de7f55d42e953fc9ac8efb/element - {"using":"xpath","value":"//table[contains(@id, \"listView-innerSelectionPanelTable-listUl\")]/tbody/tr[10]/td[2]/div/div"}
RESULT: {}
RESULT: {"using":"xpath","value":"//table[contains(@id, \"listView-innerSelectionPanelTable-listUl\")]/tbody/tr[10]/td[2]/div/div"}
COMMAND: POST /session/fdb2eb18e9de7f55d42e953fc9ac8efb/element - {"using":"xpath","value":"//table[contains(@id, \"listView-innerSelectionPanelTable-listUl\")]/tbody/tr[10]/td[2]/div"}
RESULT: {"using":"xpath","value":"//table[contains(@id, \"listView-innerSelectionPanelTable-listUl\")]/tbody/tr[10]/td[2]/div"}
COMMAND: POST /session/fdb2eb18e9de7f55d42e953fc9ac8efb/element - {"using":"xpath","value":"//table[contains(@id, \"listView-innerSelectionPanelTable-listUl\")]/tbody/tr[10]/td[3]/div/div/span/span[1]/bdi"}
RESULT: {"using":"xpath","value":"//table[contains(@id, \"listView-innerSelectionPanelTable-listUl\")]/tbody/tr[10]/td[3]/div/div/span/span[1]/bdi"}
COMMAND: POST /session/fdb2eb18e9de7f55d42e953fc9ac8efb/execute/sync - {"script":"<script> [56 bytes]","args":[{"element-6066-11e4-a52e-4f735466cecf":"f.65777815963AB190D0E426F0C4C24000.d.AEE4D541F627B53CF80F869437AC987E.e.7851","ELEMENT":"f.65777815963AB190D0E426F0C4C24000.d.AEE4D541F627B53CF80F869437AC987E.e.7851"}]}
RESULT: {"script":"<script> [56 bytes]","args":[{"element-6066-11e4-a52e-4f735466cecf":"f.65777815963AB190D0E426F0C4C24000.d.AEE4D541F627B53CF80F869437AC987E.e.7851","ELEMENT":"f.65777815963AB190D0E426F0C4C24000.d.AEE4D541F627B53CF80F869437AC987E.e.7851"}]}
COMMAND: GET /session/fdb2eb18e9de7f55d42e953fc9ac8efb/element/f.65777815963AB190D0E426F0C4C24000.d.AEE4D541F627B53CF80F869437AC987E.e.7850/attribute/aria-checked - {}
COMMAND: GET /session/fdb2eb18e9de7f55d42e953fc9ac8efb/screenshot - {}
RESULT: {}
COMMAND: POST /session/fdb2eb18e9de7f55d42e953fc9ac8efb/element - {"using":"xpath","value":"//table[contains(@id, \"listView-innerSelectionPanelTable-listUl\")]/tbody/tr[11]/td[2]/div/div"}
RESULT: {}
RESULT: {"using":"xpath","value":"//table[contains(@id, \"listView-innerSelectionPanelTable-listUl\")]/tbody/tr[11]/td[2]/div/div"}
COMMAND: POST /session/fdb2eb18e9de7f55d42e953fc9ac8efb/element - {"using":"xpath","value":"//table[contains(@id, \"listView-innerSelectionPanelTable-listUl\")]/tbody/tr[11]/td[2]/div"}
RESULT: {"using":"xpath","value":"//table[contains(@id, \"listView-innerSelectionPanelTable-listUl\")]/tbody/tr[11]/td[2]/div"}
COMMAND: POST /session/fdb2eb18e9de7f55d42e953fc9ac8efb/element - {"using":"xpath","value":"//table[contains(@id, \"listView-innerSelectionPanelTable-listUl\")]/tbody/tr[11]/td[3]/div/div/span/span[1]/bdi"}
RESULT: {"using":"xpath","value":"//table[contains(@id, \"listView-innerSelectionPanelTable-listUl\")]/tbody/tr[11]/td[3]/div/div/span/span[1]/bdi"}
COMMAND: POST /session/fdb2eb18e9de7f55d42e953fc9ac8efb/execute/sync - {"script":"<script> [56 bytes]","args":[{"element-6066-11e4-a52e-4f735466cecf":"f.65777815963AB190D0E426F0C4C24000.d.AEE4D541F627B53CF80F869437AC987E.e.7854","ELEMENT":"f.65777815963AB190D0E426F0C4C24000.d.AEE4D541F627B53CF80F869437AC987E.e.7854"}]}
RESULT: {"script":"<script> [56 bytes]","args":[{"element-6066-11e4-a52e-4f735466cecf":"f.65777815963AB190D0E426F0C4C24000.d.AEE4D541F627B53CF80F869437AC987E.e.7854","ELEMENT":"f.65777815963AB190D0E426F0C4C24000.d.AEE4D541F627B53CF80F869437AC987E.e.7854"}]}
COMMAND: GET /session/fdb2eb18e9de7f55d42e953fc9ac8efb/element/f.65777815963AB190D0E426F0C4C24000.d.AEE4D541F627B53CF80F869437AC987E.e.7853/attribute/aria-checked - {}
COMMAND: GET /session/fdb2eb18e9de7f55d42e953fc9ac8efb/screenshot - {}
RESULT: {}
COMMAND: POST /session/fdb2eb18e9de7f55d42e953fc9ac8efb/element - {"using":"xpath","value":"//table[contains(@id, \"listView-innerSelectionPanelTable-listUl\")]/tbody/tr[12]/td[2]/div/div"}
RESULT: {}
RESULT: {"using":"xpath","value":"//table[contains(@id, \"listView-innerSelectionPanelTable-listUl\")]/tbody/tr[12]/td[2]/div/div"}
COMMAND: POST /session/fdb2eb18e9de7f55d42e953fc9ac8efb/element - {"using":"xpath","value":"//table[contains(@id, \"listView-innerSelectionPanelTable-listUl\")]/tbody/tr[12]/td[2]/div"}
RESULT: {"using":"xpath","value":"//table[contains(@id, \"listView-innerSelectionPanelTable-listUl\")]/tbody/tr[12]/td[2]/div"}
COMMAND: POST /session/fdb2eb18e9de7f55d42e953fc9ac8efb/element - {"using":"xpath","value":"//table[contains(@id, \"listView-innerSelectionPanelTable-listUl\")]/tbody/tr[12]/td[3]/div/div/span/span[1]/bdi"}
RESULT: {"using":"xpath","value":"//table[contains(@id, \"listView-innerSelectionPanelTable-listUl\")]/tbody/tr[12]/td[3]/div/div/span/span[1]/bdi"}
COMMAND: POST /session/fdb2eb18e9de7f55d42e953fc9ac8efb/execute/sync - {"script":"<script> [56 bytes]","args":[{"element-6066-11e4-a52e-4f735466cecf":"f.65777815963AB190D0E426F0C4C24000.d.AEE4D541F627B53CF80F869437AC987E.e.7857","ELEMENT":"f.65777815963AB190D0E426F0C4C24000.d.AEE4D541F627B53CF80F869437AC987E.e.7857"}]}
RESULT: {"script":"<script> [56 bytes]","args":[{"element-6066-11e4-a52e-4f735466cecf":"f.65777815963AB190D0E426F0C4C24000.d.AEE4D541F627B53CF80F869437AC987E.e.7857","ELEMENT":"f.65777815963AB190D0E426F0C4C24000.d.AEE4D541F627B53CF80F869437AC987E.e.7857"}]}
COMMAND: GET /session/fdb2eb18e9de7f55d42e953fc9ac8efb/element/f.65777815963AB190D0E426F0C4C24000.d.AEE4D541F627B53CF80F869437AC987E.e.7856/attribute/aria-checked - {}
COMMAND: GET /session/fdb2eb18e9de7f55d42e953fc9ac8efb/screenshot - {}
RESULT: {}
COMMAND: POST /session/fdb2eb18e9de7f55d42e953fc9ac8efb/element - {"using":"xpath","value":"//table[contains(@id, \"listView-innerSelectionPanelTable-listUl\")]/tbody/tr[13]/td[2]/div/div"}
RESULT: {}
RESULT: {"using":"xpath","value":"//table[contains(@id, \"listView-innerSelectionPanelTable-listUl\")]/tbody/tr[13]/td[2]/div/div"}
COMMAND: POST /session/fdb2eb18e9de7f55d42e953fc9ac8efb/element - {"using":"xpath","value":"//table[contains(@id, \"listView-innerSelectionPanelTable-listUl\")]/tbody/tr[13]/td[2]/div"}
RESULT: {"using":"xpath","value":"//table[contains(@id, \"listView-innerSelectionPanelTable-listUl\")]/tbody/tr[13]/td[2]/div"}
COMMAND: POST /session/fdb2eb18e9de7f55d42e953fc9ac8efb/element - {"using":"xpath","value":"//table[contains(@id, \"listView-innerSelectionPanelTable-listUl\")]/tbody/tr[13]/td[3]/div/div/span/span[1]/bdi"}
RESULT: {"using":"xpath","value":"//table[contains(@id, \"listView-innerSelectionPanelTable-listUl\")]/tbody/tr[13]/td[3]/div/div/span/span[1]/bdi"}
COMMAND: POST /session/fdb2eb18e9de7f55d42e953fc9ac8efb/execute/sync - {"script":"<script> [56 bytes]","args":[{"element-6066-11e4-a52e-4f735466cecf":"f.65777815963AB190D0E426F0C4C24000.d.AEE4D541F627B53CF80F869437AC987E.e.7860","ELEMENT":"f.65777815963AB190D0E426F0C4C24000.d.AEE4D541F627B53CF80F869437AC987E.e.7860"}]}
RESULT: {"script":"<script> [56 bytes]","args":[{"element-6066-11e4-a52e-4f735466cecf":"f.65777815963AB190D0E426F0C4C24000.d.AEE4D541F627B53CF80F869437AC987E.e.7860","ELEMENT":"f.65777815963AB190D0E426F0C4C24000.d.AEE4D541F627B53CF80F869437AC987E.e.7860"}]}
COMMAND: GET /session/fdb2eb18e9de7f55d42e953fc9ac8efb/element/f.65777815963AB190D0E426F0C4C24000.d.AEE4D541F627B53CF80F869437AC987E.e.7859/attribute/aria-checked - {}
COMMAND: GET /session/fdb2eb18e9de7f55d42e953fc9ac8efb/screenshot - {}
RESULT: {}
COMMAND: POST /session/fdb2eb18e9de7f55d42e953fc9ac8efb/element - {"using":"xpath","value":"//table[contains(@id, \"listView-innerSelectionPanelTable-listUl\")]/tbody/tr[14]/td[2]/div/div"}
RESULT: {}
RESULT: {"using":"xpath","value":"//table[contains(@id, \"listView-innerSelectionPanelTable-listUl\")]/tbody/tr[14]/td[2]/div/div"}
COMMAND: POST /session/fdb2eb18e9de7f55d42e953fc9ac8efb/element - {"using":"xpath","value":"//table[contains(@id, \"listView-innerSelectionPanelTable-listUl\")]/tbody/tr[14]/td[2]/div"}
RESULT: {"using":"xpath","value":"//table[contains(@id, \"listView-innerSelectionPanelTable-listUl\")]/tbody/tr[14]/td[2]/div"}
COMMAND: POST /session/fdb2eb18e9de7f55d42e953fc9ac8efb/element - {"using":"xpath","value":"//table[contains(@id, \"listView-innerSelectionPanelTable-listUl\")]/tbody/tr[14]/td[3]/div/div/span/span[1]/bdi"}
RESULT: {"using":"xpath","value":"//table[contains(@id, \"listView-innerSelectionPanelTable-listUl\")]/tbody/tr[14]/td[3]/div/div/span/span[1]/bdi"}
COMMAND: POST /session/fdb2eb18e9de7f55d42e953fc9ac8efb/execute/sync - {"script":"<script> [56 bytes]","args":[{"element-6066-11e4-a52e-4f735466cecf":"f.65777815963AB190D0E426F0C4C24000.d.AEE4D541F627B53CF80F869437AC987E.e.7863","ELEMENT":"f.65777815963AB190D0E426F0C4C24000.d.AEE4D541F627B53CF80F869437AC987E.e.7863"}]}
RESULT: {"script":"<script> [56 bytes]","args":[{"element-6066-11e4-a52e-4f735466cecf":"f.65777815963AB190D0E426F0C4C24000.d.AEE4D541F627B53CF80F869437AC987E.e.7863","ELEMENT":"f.65777815963AB190D0E426F0C4C24000.d.AEE4D541F627B53CF80F869437AC987E.e.7863"}]}
COMMAND: GET /session/fdb2eb18e9de7f55d42e953fc9ac8efb/element/f.65777815963AB190D0E426F0C4C24000.d.AEE4D541F627B53CF80F869437AC987E.e.7862/attribute/aria-checked - {}
COMMAND: GET /session/fdb2eb18e9de7f55d42e953fc9ac8efb/screenshot - {}
RESULT: {}
COMMAND: POST /session/fdb2eb18e9de7f55d42e953fc9ac8efb/element - {"using":"xpath","value":"//table[contains(@id, \"listView-innerSelectionPanelTable-listUl\")]/tbody/tr[15]/td[2]/div/div"}
RESULT: {}
RESULT: {"using":"xpath","value":"//table[contains(@id, \"listView-innerSelectionPanelTable-listUl\")]/tbody/tr[15]/td[2]/div/div"}
COMMAND: POST /session/fdb2eb18e9de7f55d42e953fc9ac8efb/element - {"using":"xpath","value":"//table[contains(@id, \"listView-innerSelectionPanelTable-listUl\")]/tbody/tr[15]/td[2]/div"}
RESULT: {"using":"xpath","value":"//table[contains(@id, \"listView-innerSelectionPanelTable-listUl\")]/tbody/tr[15]/td[2]/div"}
COMMAND: POST /session/fdb2eb18e9de7f55d42e953fc9ac8efb/element - {"using":"xpath","value":"//table[contains(@id, \"listView-innerSelectionPanelTable-listUl\")]/tbody/tr[15]/td[3]/div/div/span/span[1]/bdi"}
RESULT: {"using":"xpath","value":"//table[contains(@id, \"listView-innerSelectionPanelTable-listUl\")]/tbody/tr[15]/td[3]/div/div/span/span[1]/bdi"}
COMMAND: POST /session/fdb2eb18e9de7f55d42e953fc9ac8efb/execute/sync - {"script":"<script> [56 bytes]","args":[{"element-6066-11e4-a52e-4f735466cecf":"f.65777815963AB190D0E426F0C4C24000.d.AEE4D541F627B53CF80F869437AC987E.e.7866","ELEMENT":"f.65777815963AB190D0E426F0C4C24000.d.AEE4D541F627B53CF80F869437AC987E.e.7866"}]}
RESULT: {"script":"<script> [56 bytes]","args":[{"element-6066-11e4-a52e-4f735466cecf":"f.65777815963AB190D0E426F0C4C24000.d.AEE4D541F627B53CF80F869437AC987E.e.7866","ELEMENT":"f.65777815963AB190D0E426F0C4C24000.d.AEE4D541F627B53CF80F869437AC987E.e.7866"}]}
COMMAND: GET /session/fdb2eb18e9de7f55d42e953fc9ac8efb/element/f.65777815963AB190D0E426F0C4C24000.d.AEE4D541F627B53CF80F869437AC987E.e.7865/attribute/aria-checked - {}
COMMAND: GET /session/fdb2eb18e9de7f55d42e953fc9ac8efb/screenshot - {}
RESULT: {}
COMMAND: POST /session/fdb2eb18e9de7f55d42e953fc9ac8efb/element - {"using":"xpath","value":"//table[contains(@id, \"listView-innerSelectionPanelTable-listUl\")]/tbody/tr[16]/td[2]/div/div"}
RESULT: {}
RESULT: {"using":"xpath","value":"//table[contains(@id, \"listView-innerSelectionPanelTable-listUl\")]/tbody/tr[16]/td[2]/div/div"}
COMMAND: POST /session/fdb2eb18e9de7f55d42e953fc9ac8efb/element - {"using":"xpath","value":"//table[contains(@id, \"listView-innerSelectionPanelTable-listUl\")]/tbody/tr[16]/td[2]/div"}
RESULT: {"using":"xpath","value":"//table[contains(@id, \"listView-innerSelectionPanelTable-listUl\")]/tbody/tr[16]/td[2]/div"}
COMMAND: POST /session/fdb2eb18e9de7f55d42e953fc9ac8efb/element - {"using":"xpath","value":"//table[contains(@id, \"listView-innerSelectionPanelTable-listUl\")]/tbody/tr[16]/td[3]/div/div/span/span[1]/bdi"}
RESULT: {"using":"xpath","value":"//table[contains(@id, \"listView-innerSelectionPanelTable-listUl\")]/tbody/tr[16]/td[3]/div/div/span/span[1]/bdi"}
COMMAND: POST /session/fdb2eb18e9de7f55d42e953fc9ac8efb/execute/sync - {"script":"<script> [56 bytes]","args":[{"element-6066-11e4-a52e-4f735466cecf":"f.65777815963AB190D0E426F0C4C24000.d.AEE4D541F627B53CF80F869437AC987E.e.7869","ELEMENT":"f.65777815963AB190D0E426F0C4C24000.d.AEE4D541F627B53CF80F869437AC987E.e.7869"}]}
RESULT: {"script":"<script> [56 bytes]","args":[{"element-6066-11e4-a52e-4f735466cecf":"f.65777815963AB190D0E426F0C4C24000.d.AEE4D541F627B53CF80F869437AC987E.e.7869","ELEMENT":"f.65777815963AB190D0E426F0C4C24000.d.AEE4D541F627B53CF80F869437AC987E.e.7869"}]}
COMMAND: GET /session/fdb2eb18e9de7f55d42e953fc9ac8efb/element/f.65777815963AB190D0E426F0C4C24000.d.AEE4D541F627B53CF80F869437AC987E.e.7868/attribute/aria-checked - {}
COMMAND: GET /session/fdb2eb18e9de7f55d42e953fc9ac8efb/screenshot - {}
RESULT: {}
COMMAND: POST /session/fdb2eb18e9de7f55d42e953fc9ac8efb/element - {"using":"xpath","value":"//table[contains(@id, \"listView-innerSelectionPanelTable-listUl\")]/tbody/tr[17]/td[2]/div/div"}
RESULT: {}
RESULT: {"using":"xpath","value":"//table[contains(@id, \"listView-innerSelectionPanelTable-listUl\")]/tbody/tr[17]/td[2]/div/div"}
COMMAND: POST /session/fdb2eb18e9de7f55d42e953fc9ac8efb/element - {"using":"xpath","value":"//table[contains(@id, \"listView-innerSelectionPanelTable-listUl\")]/tbody/tr[17]/td[2]/div"}
RESULT: {"using":"xpath","value":"//table[contains(@id, \"listView-innerSelectionPanelTable-listUl\")]/tbody/tr[17]/td[2]/div"}
COMMAND: POST /session/fdb2eb18e9de7f55d42e953fc9ac8efb/element - {"using":"xpath","value":"//table[contains(@id, \"listView-innerSelectionPanelTable-listUl\")]/tbody/tr[17]/td[3]/div/div/span/span[1]/bdi"}
RESULT: {"using":"xpath","value":"//table[contains(@id, \"listView-innerSelectionPanelTable-listUl\")]/tbody/tr[17]/td[3]/div/div/span/span[1]/bdi"}
COMMAND: POST /session/fdb2eb18e9de7f55d42e953fc9ac8efb/execute/sync - {"script":"<script> [56 bytes]","args":[{"element-6066-11e4-a52e-4f735466cecf":"f.65777815963AB190D0E426F0C4C24000.d.AEE4D541F627B53CF80F869437AC987E.e.7872","ELEMENT":"f.65777815963AB190D0E426F0C4C24000.d.AEE4D541F627B53CF80F869437AC987E.e.7872"}]}
RESULT: {"script":"<script> [56 bytes]","args":[{"element-6066-11e4-a52e-4f735466cecf":"f.65777815963AB190D0E426F0C4C24000.d.AEE4D541F627B53CF80F869437AC987E.e.7872","ELEMENT":"f.65777815963AB190D0E426F0C4C24000.d.AEE4D541F627B53CF80F869437AC987E.e.7872"}]}
COMMAND: GET /session/fdb2eb18e9de7f55d42e953fc9ac8efb/element/f.65777815963AB190D0E426F0C4C24000.d.AEE4D541F627B53CF80F869437AC987E.e.7871/attribute/aria-checked - {}
COMMAND: GET /session/fdb2eb18e9de7f55d42e953fc9ac8efb/screenshot - {}
RESULT: {}
COMMAND: POST /session/fdb2eb18e9de7f55d42e953fc9ac8efb/element - {"using":"xpath","value":"//table[contains(@id, \"listView-innerSelectionPanelTable-listUl\")]/tbody/tr[18]/td[2]/div/div"}
RESULT: {}
RESULT: {"using":"xpath","value":"//table[contains(@id, \"listView-innerSelectionPanelTable-listUl\")]/tbody/tr[18]/td[2]/div/div"}
COMMAND: POST /session/fdb2eb18e9de7f55d42e953fc9ac8efb/element - {"using":"xpath","value":"//table[contains(@id, \"listView-innerSelectionPanelTable-listUl\")]/tbody/tr[18]/td[2]/div"}
RESULT: {"using":"xpath","value":"//table[contains(@id, \"listView-innerSelectionPanelTable-listUl\")]/tbody/tr[18]/td[2]/div"}
COMMAND: POST /session/fdb2eb18e9de7f55d42e953fc9ac8efb/element - {"using":"xpath","value":"//table[contains(@id, \"listView-innerSelectionPanelTable-listUl\")]/tbody/tr[18]/td[3]/div/div/span/span[1]/bdi"}
RESULT: {"using":"xpath","value":"//table[contains(@id, \"listView-innerSelectionPanelTable-listUl\")]/tbody/tr[18]/td[3]/div/div/span/span[1]/bdi"}
COMMAND: POST /session/fdb2eb18e9de7f55d42e953fc9ac8efb/execute/sync - {"script":"<script> [56 bytes]","args":[{"element-6066-11e4-a52e-4f735466cecf":"f.65777815963AB190D0E426F0C4C24000.d.AEE4D541F627B53CF80F869437AC987E.e.7875","ELEMENT":"f.65777815963AB190D0E426F0C4C24000.d.AEE4D541F627B53CF80F869437AC987E.e.7875"}]}
RESULT: {"script":"<script> [56 bytes]","args":[{"element-6066-11e4-a52e-4f735466cecf":"f.65777815963AB190D0E426F0C4C24000.d.AEE4D541F627B53CF80F869437AC987E.e.7875","ELEMENT":"f.65777815963AB190D0E426F0C4C24000.d.AEE4D541F627B53CF80F869437AC987E.e.7875"}]}
COMMAND: GET /session/fdb2eb18e9de7f55d42e953fc9ac8efb/element/f.65777815963AB190D0E426F0C4C24000.d.AEE4D541F627B53CF80F869437AC987E.e.7874/attribute/aria-checked - {}
COMMAND: GET /session/fdb2eb18e9de7f55d42e953fc9ac8efb/screenshot - {}
RESULT: {}
COMMAND: POST /session/fdb2eb18e9de7f55d42e953fc9ac8efb/element - {"using":"xpath","value":"//table[contains(@id, \"listView-innerSelectionPanelTable-listUl\")]/tbody/tr[19]/td[2]/div/div"}
RESULT: {}
RESULT: {"using":"xpath","value":"//table[contains(@id, \"listView-innerSelectionPanelTable-listUl\")]/tbody/tr[19]/td[2]/div/div"}
COMMAND: POST /session/fdb2eb18e9de7f55d42e953fc9ac8efb/element - {"using":"xpath","value":"//table[contains(@id, \"listView-innerSelectionPanelTable-listUl\")]/tbody/tr[19]/td[2]/div"}
RESULT: {"using":"xpath","value":"//table[contains(@id, \"listView-innerSelectionPanelTable-listUl\")]/tbody/tr[19]/td[2]/div"}
COMMAND: POST /session/fdb2eb18e9de7f55d42e953fc9ac8efb/element - {"using":"xpath","value":"//table[contains(@id, \"listView-innerSelectionPanelTable-listUl\")]/tbody/tr[19]/td[3]/div/div/span/span[1]/bdi"}
RESULT: {"using":"xpath","value":"//table[contains(@id, \"listView-innerSelectionPanelTable-listUl\")]/tbody/tr[19]/td[3]/div/div/span/span[1]/bdi"}
COMMAND: POST /session/fdb2eb18e9de7f55d42e953fc9ac8efb/execute/sync - {"script":"<script> [56 bytes]","args":[{"element-6066-11e4-a52e-4f735466cecf":"f.65777815963AB190D0E426F0C4C24000.d.AEE4D541F627B53CF80F869437AC987E.e.7878","ELEMENT":"f.65777815963AB190D0E426F0C4C24000.d.AEE4D541F627B53CF80F869437AC987E.e.7878"}]}
RESULT: {"script":"<script> [56 bytes]","args":[{"element-6066-11e4-a52e-4f735466cecf":"f.65777815963AB190D0E426F0C4C24000.d.AEE4D541F627B53CF80F869437AC987E.e.7878","ELEMENT":"f.65777815963AB190D0E426F0C4C24000.d.AEE4D541F627B53CF80F869437AC987E.e.7878"}]}
COMMAND: GET /session/fdb2eb18e9de7f55d42e953fc9ac8efb/element/f.65777815963AB190D0E426F0C4C24000.d.AEE4D541F627B53CF80F869437AC987E.e.7877/attribute/aria-checked - {}
COMMAND: GET /session/fdb2eb18e9de7f55d42e953fc9ac8efb/screenshot - {}
RESULT: {}
COMMAND: POST /session/fdb2eb18e9de7f55d42e953fc9ac8efb/element - {"using":"xpath","value":"//table[contains(@id, \"listView-innerSelectionPanelTable-listUl\")]/tbody/tr[20]/td[2]/div/div"}
RESULT: {}
RESULT: {"using":"xpath","value":"//table[contains(@id, \"listView-innerSelectionPanelTable-listUl\")]/tbody/tr[20]/td[2]/div/div"}
COMMAND: POST /session/fdb2eb18e9de7f55d42e953fc9ac8efb/element - {"using":"xpath","value":"//table[contains(@id, \"listView-innerSelectionPanelTable-listUl\")]/tbody/tr[20]/td[2]/div"}
RESULT: {"using":"xpath","value":"//table[contains(@id, \"listView-innerSelectionPanelTable-listUl\")]/tbody/tr[20]/td[2]/div"}
COMMAND: POST /session/fdb2eb18e9de7f55d42e953fc9ac8efb/element - {"using":"xpath","value":"//table[contains(@id, \"listView-innerSelectionPanelTable-listUl\")]/tbody/tr[20]/td[3]/div/div/span/span[1]/bdi"}
RESULT: {"using":"xpath","value":"//table[contains(@id, \"listView-innerSelectionPanelTable-listUl\")]/tbody/tr[20]/td[3]/div/div/span/span[1]/bdi"}
COMMAND: POST /session/fdb2eb18e9de7f55d42e953fc9ac8efb/execute/sync - {"script":"<script> [56 bytes]","args":[{"element-6066-11e4-a52e-4f735466cecf":"f.65777815963AB190D0E426F0C4C24000.d.AEE4D541F627B53CF80F869437AC987E.e.7881","ELEMENT":"f.65777815963AB190D0E426F0C4C24000.d.AEE4D541F627B53CF80F869437AC987E.e.7881"}]}
RESULT: {"script":"<script> [56 bytes]","args":[{"element-6066-11e4-a52e-4f735466cecf":"f.65777815963AB190D0E426F0C4C24000.d.AEE4D541F627B53CF80F869437AC987E.e.7881","ELEMENT":"f.65777815963AB190D0E426F0C4C24000.d.AEE4D541F627B53CF80F869437AC987E.e.7881"}]}
COMMAND: GET /session/fdb2eb18e9de7f55d42e953fc9ac8efb/element/f.65777815963AB190D0E426F0C4C24000.d.AEE4D541F627B53CF80F869437AC987E.e.7880/attribute/aria-checked - {}
COMMAND: GET /session/fdb2eb18e9de7f55d42e953fc9ac8efb/screenshot - {}
RESULT: {}
COMMAND: POST /session/fdb2eb18e9de7f55d42e953fc9ac8efb/element - {"using":"xpath","value":"//table[contains(@id, \"listView-innerSelectionPanelTable-listUl\")]/tbody/tr[21]/td[2]/div/div"}
COMMAND: POST /session/fdb2eb18e9de7f55d42e953fc9ac8efb/element/f.65777815963AB190D0E426F0C4C24000.d.AEE4D541F627B53CF80F869437AC987E.e.7879/click - {}
RESULT: {}
RESULT: {}
COMMAND: GET /session/fdb2eb18e9de7f55d42e953fc9ac8efb/screenshot - {}
RESULT: {"using":"xpath","value":"//table[contains(@id, \"listView-innerSelectionPanelTable-listUl\")]/tbody/tr[21]/td[2]/div/div"}
COMMAND: POST /session/fdb2eb18e9de7f55d42e953fc9ac8efb/element - {"using":"xpath","value":"//table[contains(@id, \"listView-innerSelectionPanelTable-listUl\")]/tbody/tr[21]/td[2]/div"}
RESULT: {}
RESULT: {"using":"xpath","value":"//table[contains(@id, \"listView-innerSelectionPanelTable-listUl\")]/tbody/tr[21]/td[2]/div"}
COMMAND: POST /session/fdb2eb18e9de7f55d42e953fc9ac8efb/element - {"using":"xpath","value":"//table[contains(@id, \"listView-innerSelectionPanelTable-listUl\")]/tbody/tr[21]/td[3]/div/div/span/span[1]/bdi"}
RESULT: {"using":"xpath","value":"//table[contains(@id, \"listView-innerSelectionPanelTable-listUl\")]/tbody/tr[21]/td[3]/div/div/span/span[1]/bdi"}
COMMAND: POST /session/fdb2eb18e9de7f55d42e953fc9ac8efb/execute/sync - {"script":"<script> [56 bytes]","args":[{"element-6066-11e4-a52e-4f735466cecf":"f.65777815963AB190D0E426F0C4C24000.d.AEE4D541F627B53CF80F869437AC987E.e.7887","ELEMENT":"f.65777815963AB190D0E426F0C4C24000.d.AEE4D541F627B53CF80F869437AC987E.e.7887"}]}
RESULT: {"script":"<script> [56 bytes]","args":[{"element-6066-11e4-a52e-4f735466cecf":"f.65777815963AB190D0E426F0C4C24000.d.AEE4D541F627B53CF80F869437AC987E.e.7887","ELEMENT":"f.65777815963AB190D0E426F0C4C24000.d.AEE4D541F627B53CF80F869437AC987E.e.7887"}]}
COMMAND: GET /session/fdb2eb18e9de7f55d42e953fc9ac8efb/element/f.65777815963AB190D0E426F0C4C24000.d.AEE4D541F627B53CF80F869437AC987E.e.7886/attribute/aria-checked - {}
COMMAND: GET /session/fdb2eb18e9de7f55d42e953fc9ac8efb/screenshot - {}
RESULT: {}
COMMAND: POST /session/fdb2eb18e9de7f55d42e953fc9ac8efb/element - {"using":"xpath","value":"//table[contains(@id, \"listView-innerSelectionPanelTable-listUl\")]/tbody/tr[22]/td[2]/div/div"}
COMMAND: POST /session/fdb2eb18e9de7f55d42e953fc9ac8efb/element/f.65777815963AB190D0E426F0C4C24000.d.AEE4D541F627B53CF80F869437AC987E.e.7885/click - {}
RESULT: {}
RESULT: {"using":"xpath","value":"//table[contains(@id, \"listView-innerSelectionPanelTable-listUl\")]/tbody/tr[22]/td[2]/div/div"}
COMMAND: POST /session/fdb2eb18e9de7f55d42e953fc9ac8efb/element - {"using":"xpath","value":"//table[contains(@id, \"listView-innerSelectionPanelTable-listUl\")]/tbody/tr[22]/td[2]/div"}
RESULT: {}
COMMAND: GET /session/fdb2eb18e9de7f55d42e953fc9ac8efb/screenshot - {}
RESULT: {"using":"xpath","value":"//table[contains(@id, \"listView-innerSelectionPanelTable-listUl\")]/tbody/tr[22]/td[2]/div"}
COMMAND: POST /session/fdb2eb18e9de7f55d42e953fc9ac8efb/element - {"using":"xpath","value":"//table[contains(@id, \"listView-innerSelectionPanelTable-listUl\")]/tbody/tr[22]/td[3]/div/div/span/span[1]/bdi"}
RESULT: {}
RESULT: {"using":"xpath","value":"//table[contains(@id, \"listView-innerSelectionPanelTable-listUl\")]/tbody/tr[22]/td[3]/div/div/span/span[1]/bdi"}
COMMAND: POST /session/fdb2eb18e9de7f55d42e953fc9ac8efb/execute/sync - {"script":"<script> [56 bytes]","args":[{"element-6066-11e4-a52e-4f735466cecf":"f.65777815963AB190D0E426F0C4C24000.d.AEE4D541F627B53CF80F869437AC987E.e.7891","ELEMENT":"f.65777815963AB190D0E426F0C4C24000.d.AEE4D541F627B53CF80F869437AC987E.e.7891"}]}
RESULT: {"script":"<script> [56 bytes]","args":[{"element-6066-11e4-a52e-4f735466cecf":"f.65777815963AB190D0E426F0C4C24000.d.AEE4D541F627B53CF80F869437AC987E.e.7891","ELEMENT":"f.65777815963AB190D0E426F0C4C24000.d.AEE4D541F627B53CF80F869437AC987E.e.7891"}]}
COMMAND: GET /session/fdb2eb18e9de7f55d42e953fc9ac8efb/element/f.65777815963AB190D0E426F0C4C24000.d.AEE4D541F627B53CF80F869437AC987E.e.7890/attribute/aria-checked - {}
COMMAND: GET /session/fdb2eb18e9de7f55d42e953fc9ac8efb/screenshot - {}
RESULT: {}
COMMAND: POST /session/fdb2eb18e9de7f55d42e953fc9ac8efb/element - {"using":"xpath","value":"//table[contains(@id, \"listView-innerSelectionPanelTable-listUl\")]/tbody/tr[23]/td[2]/div/div"}
RESULT: {}
RESULT: {"using":"xpath","value":"//table[contains(@id, \"listView-innerSelectionPanelTable-listUl\")]/tbody/tr[23]/td[2]/div/div"}
COMMAND: POST /session/fdb2eb18e9de7f55d42e953fc9ac8efb/element - {"using":"xpath","value":"//table[contains(@id, \"listView-innerSelectionPanelTable-listUl\")]/tbody/tr[23]/td[2]/div"}
RESULT: {"using":"xpath","value":"//table[contains(@id, \"listView-innerSelectionPanelTable-listUl\")]/tbody/tr[23]/td[2]/div"}
COMMAND: POST /session/fdb2eb18e9de7f55d42e953fc9ac8efb/element - {"using":"xpath","value":"//table[contains(@id, \"listView-innerSelectionPanelTable-listUl\")]/tbody/tr[23]/td[3]/div/div/span/span[1]/bdi"}
RESULT: {"using":"xpath","value":"//table[contains(@id, \"listView-innerSelectionPanelTable-listUl\")]/tbody/tr[23]/td[3]/div/div/span/span[1]/bdi"}
COMMAND: POST /session/fdb2eb18e9de7f55d42e953fc9ac8efb/execute/sync - {"script":"<script> [56 bytes]","args":[{"element-6066-11e4-a52e-4f735466cecf":"f.65777815963AB190D0E426F0C4C24000.d.AEE4D541F627B53CF80F869437AC987E.e.7894","ELEMENT":"f.65777815963AB190D0E426F0C4C24000.d.AEE4D541F627B53CF80F869437AC987E.e.7894"}]}
RESULT: {"script":"<script> [56 bytes]","args":[{"element-6066-11e4-a52e-4f735466cecf":"f.65777815963AB190D0E426F0C4C24000.d.AEE4D541F627B53CF80F869437AC987E.e.7894","ELEMENT":"f.65777815963AB190D0E426F0C4C24000.d.AEE4D541F627B53CF80F869437AC987E.e.7894"}]}
COMMAND: GET /session/fdb2eb18e9de7f55d42e953fc9ac8efb/element/f.65777815963AB190D0E426F0C4C24000.d.AEE4D541F627B53CF80F869437AC987E.e.7893/attribute/aria-checked - {}
COMMAND: GET /session/fdb2eb18e9de7f55d42e953fc9ac8efb/screenshot - {}
RESULT: {}
COMMAND: POST /session/fdb2eb18e9de7f55d42e953fc9ac8efb/element - {"using":"xpath","value":"//table[contains(@id, \"listView-innerSelectionPanelTable-listUl\")]/tbody/tr[24]/td[2]/div/div"}
RESULT: {}
RESULT: {"using":"xpath","value":"//table[contains(@id, \"listView-innerSelectionPanelTable-listUl\")]/tbody/tr[24]/td[2]/div/div"}
COMMAND: POST /session/fdb2eb18e9de7f55d42e953fc9ac8efb/element - {"using":"xpath","value":"//table[contains(@id, \"listView-innerSelectionPanelTable-listUl\")]/tbody/tr[24]/td[2]/div"}
RESULT: {"using":"xpath","value":"//table[contains(@id, \"listView-innerSelectionPanelTable-listUl\")]/tbody/tr[24]/td[2]/div"}
COMMAND: POST /session/fdb2eb18e9de7f55d42e953fc9ac8efb/element - {"using":"xpath","value":"//table[contains(@id, \"listView-innerSelectionPanelTable-listUl\")]/tbody/tr[24]/td[3]/div/div/span/span[1]/bdi"}
RESULT: {"using":"xpath","value":"//table[contains(@id, \"listView-innerSelectionPanelTable-listUl\")]/tbody/tr[24]/td[3]/div/div/span/span[1]/bdi"}
COMMAND: POST /session/fdb2eb18e9de7f55d42e953fc9ac8efb/execute/sync - {"script":"<script> [56 bytes]","args":[{"element-6066-11e4-a52e-4f735466cecf":"f.65777815963AB190D0E426F0C4C24000.d.AEE4D541F627B53CF80F869437AC987E.e.7897","ELEMENT":"f.65777815963AB190D0E426F0C4C24000.d.AEE4D541F627B53CF80F869437AC987E.e.7897"}]}
RESULT: {"script":"<script> [56 bytes]","args":[{"element-6066-11e4-a52e-4f735466cecf":"f.65777815963AB190D0E426F0C4C24000.d.AEE4D541F627B53CF80F869437AC987E.e.7897","ELEMENT":"f.65777815963AB190D0E426F0C4C24000.d.AEE4D541F627B53CF80F869437AC987E.e.7897"}]}
COMMAND: GET /session/fdb2eb18e9de7f55d42e953fc9ac8efb/element/f.65777815963AB190D0E426F0C4C24000.d.AEE4D541F627B53CF80F869437AC987E.e.7896/attribute/aria-checked - {}
COMMAND: GET /session/fdb2eb18e9de7f55d42e953fc9ac8efb/screenshot - {}
RESULT: {}
COMMAND: POST /session/fdb2eb18e9de7f55d42e953fc9ac8efb/element - {"using":"xpath","value":"//table[contains(@id, \"listView-innerSelectionPanelTable-listUl\")]/tbody/tr[25]/td[2]/div/div"}
RESULT: {}
RESULT: {"using":"xpath","value":"//table[contains(@id, \"listView-innerSelectionPanelTable-listUl\")]/tbody/tr[25]/td[2]/div/div"}
COMMAND: POST /session/fdb2eb18e9de7f55d42e953fc9ac8efb/element - {"using":"xpath","value":"//table[contains(@id, \"listView-innerSelectionPanelTable-listUl\")]/tbody/tr[25]/td[2]/div"}
RESULT: {"using":"xpath","value":"//table[contains(@id, \"listView-innerSelectionPanelTable-listUl\")]/tbody/tr[25]/td[2]/div"}
COMMAND: POST /session/fdb2eb18e9de7f55d42e953fc9ac8efb/element - {"using":"xpath","value":"//table[contains(@id, \"listView-innerSelectionPanelTable-listUl\")]/tbody/tr[25]/td[3]/div/div/span/span[1]/bdi"}
RESULT: {"using":"xpath","value":"//table[contains(@id, \"listView-innerSelectionPanelTable-listUl\")]/tbody/tr[25]/td[3]/div/div/span/span[1]/bdi"}
COMMAND: POST /session/fdb2eb18e9de7f55d42e953fc9ac8efb/execute/sync - {"script":"<script> [56 bytes]","args":[{"element-6066-11e4-a52e-4f735466cecf":"f.65777815963AB190D0E426F0C4C24000.d.AEE4D541F627B53CF80F869437AC987E.e.7900","ELEMENT":"f.65777815963AB190D0E426F0C4C24000.d.AEE4D541F627B53CF80F869437AC987E.e.7900"}]}
RESULT: {"script":"<script> [56 bytes]","args":[{"element-6066-11e4-a52e-4f735466cecf":"f.65777815963AB190D0E426F0C4C24000.d.AEE4D541F627B53CF80F869437AC987E.e.7900","ELEMENT":"f.65777815963AB190D0E426F0C4C24000.d.AEE4D541F627B53CF80F869437AC987E.e.7900"}]}
COMMAND: GET /session/fdb2eb18e9de7f55d42e953fc9ac8efb/element/f.65777815963AB190D0E426F0C4C24000.d.AEE4D541F627B53CF80F869437AC987E.e.7899/attribute/aria-checked - {}
COMMAND: GET /session/fdb2eb18e9de7f55d42e953fc9ac8efb/screenshot - {}
RESULT: {}
COMMAND: POST /session/fdb2eb18e9de7f55d42e953fc9ac8efb/element - {"using":"xpath","value":"//bdi[contains(text(), \"OK\")]"}
RESULT: {}
RESULT: {"using":"xpath","value":"//bdi[contains(text(), \"OK\")]"}
COMMAND: POST /session/fdb2eb18e9de7f55d42e953fc9ac8efb/element/f.65777815963AB190D0E426F0C4C24000.d.AEE4D541F627B53CF80F869437AC987E.e.7901/click - {}
RESULT: {}
COMMAND: GET /session/fdb2eb18e9de7f55d42e953fc9ac8efb/screenshot - {}
RESULT: {}
COMMAND: POST /session/fdb2eb18e9de7f55d42e953fc9ac8efb/execute/async - {"script":"<script> [1562 bytes]","args":[{"selector":{"id":"application-managepartners-display-component---masterPtm--smartFilterBar-filterItemControlA_-LINK_TO_ADDRESSES_MAIN.ID-vhi"},"wdio_ui5_key":"applicationmanagepartners-display-component---masterPtm--smartFilterBar-filterItemControlA_-LINK_TO_ADDRESSES_MAIN.ID-vhi"}]}
RESULT: {"script":"<script> [1562 bytes]","args":[{"selector":{"id":"application-managepartners-display-component---masterPtm--smartFilterBar-filterItemControlA_-LINK_TO_ADDRESSES_MAIN.ID-vhi"},"wdio_ui5_key":"applicationmanagepartners-display-component---masterPtm--smartFilterBar-filterItemControlA_-LINK_TO_ADDRESSES_MAIN.ID-vhi"}]}
RESULT: undefined
COMMAND: POST /session/fdb2eb18e9de7f55d42e953fc9ac8efb/element - {"using":"xpath","value":"//*[@id=\"application-managepartners-display-component---masterPtm--smartFilterBar-filterItemControlA_-LINK_TO_ADDRESSES_MAIN.ID-vhi\"]"}
RESULT: {"using":"xpath","value":"//*[@id=\"application-managepartners-display-component---masterPtm--smartFilterBar-filterItemControlA_-LINK_TO_ADDRESSES_MAIN.ID-vhi\"]"}
COMMAND: POST /session/fdb2eb18e9de7f55d42e953fc9ac8efb/element/f.65777815963AB190D0E426F0C4C24000.d.AEE4D541F627B53CF80F869437AC987E.e.7914/click - {}
RESULT: {}
COMMAND: GET /session/fdb2eb18e9de7f55d42e953fc9ac8efb/screenshot - {}
RESULT: {}
COMMAND: POST /session/fdb2eb18e9de7f55d42e953fc9ac8efb/element - {"using":"xpath","value":"//div[input[@value=\"contains\"]]//span[contains(@id, \"arrow\")]"}
RESULT: {"using":"xpath","value":"//div[input[@value=\"contains\"]]//span[contains(@id, \"arrow\")]"}
COMMAND: POST /session/fdb2eb18e9de7f55d42e953fc9ac8efb/element/f.65777815963AB190D0E426F0C4C24000.d.AEE4D541F627B53CF80F869437AC987E.e.7919/click - {}
RESULT: {}
COMMAND: GET /session/fdb2eb18e9de7f55d42e953fc9ac8efb/screenshot - {}
RESULT: {}
COMMAND: POST /session/fdb2eb18e9de7f55d42e953fc9ac8efb/element - {"using":"xpath","value":"//li[.//span[text()='equal to']]"}
RESULT: {"using":"xpath","value":"//li[.//span[text()='equal to']]"}
COMMAND: POST /session/fdb2eb18e9de7f55d42e953fc9ac8efb/element/f.65777815963AB190D0E426F0C4C24000.d.AEE4D541F627B53CF80F869437AC987E.e.7920/click - {}
RESULT: {}
COMMAND: GET /session/fdb2eb18e9de7f55d42e953fc9ac8efb/screenshot - {}
RESULT: {}
RESULT: undefined
COMMAND: POST /session/fdb2eb18e9de7f55d42e953fc9ac8efb/execute/async - {"script":"<script> [776 bytes]","args":[{"enterText":"1006","selector":{"controlType":"sap.m.Input","viewName":"etm.portal.ui.managepartners.view.Master","viewId":"application-managepartners-display-component---masterPtm","properties":{"valueState":"None"},"searchOpenDialogs":true,"interaction":{"idSuffix":"inner"}},"clearTextFirst":true,"interactionType":"ENTER_TEXT"}]}
RESULT: {"script":"<script> [776 bytes]","args":[{"enterText":"1006","selector":{"controlType":"sap.m.Input","viewName":"etm.portal.ui.managepartners.view.Master","viewId":"application-managepartners-display-component---masterPtm","properties":{"valueState":"None"},"searchOpenDialogs":true,"interaction":{"idSuffix":"inner"}},"clearTextFirst":true,"interactionType":"ENTER_TEXT"}]}
COMMAND: POST /session/fdb2eb18e9de7f55d42e953fc9ac8efb/actions - {"actions":[{"id":"action22","type":"key","parameters":{},"actions":[{"type":"keyDown","value":"î€‡"},{"type":"pause","duration":10},{"type":"keyUp","value":"î€‡"}]}]}
RESULT: {"actions":[{"id":"action22","type":"key","parameters":{},"actions":[{"type":"keyDown","value":"î€‡"},{"type":"pause","duration":10},{"type":"keyUp","value":"î€‡"}]}]}
COMMAND: GET /session/fdb2eb18e9de7f55d42e953fc9ac8efb/screenshot - {}
RESULT: {}
COMMAND: POST /session/fdb2eb18e9de7f55d42e953fc9ac8efb/element - {"using":"xpath","value":"(//bdi[contains(text(), \"OK\")])[1]"}
RESULT: {"using":"xpath","value":"(//bdi[contains(text(), \"OK\")])[1]"}
COMMAND: POST /session/fdb2eb18e9de7f55d42e953fc9ac8efb/element/f.65777815963AB190D0E426F0C4C24000.d.AEE4D541F627B53CF80F869437AC987E.e.7921/click - {}
RESULT: {}
COMMAND: GET /session/fdb2eb18e9de7f55d42e953fc9ac8efb/screenshot - {}
RESULT: {}
COMMAND: POST /session/fdb2eb18e9de7f55d42e953fc9ac8efb/element - {"using":"xpath","value":"//span[@id=\"application-managepartners-display-component---masterPtm--smartTable-header-inner\"]"}
RESULT: {"using":"xpath","value":"//span[@id=\"application-managepartners-display-component---masterPtm--smartTable-header-inner\"]"}
COMMAND: POST /session/fdb2eb18e9de7f55d42e953fc9ac8efb/elements - {"using":"xpath","value":"//span[@id=\"application-managepartners-display-component---masterPtm--smartTable-header-inner\"]"}
RESULT: {"using":"xpath","value":"//span[@id=\"application-managepartners-display-component---masterPtm--smartTable-header-inner\"]"}
COMMAND: POST /session/fdb2eb18e9de7f55d42e953fc9ac8efb/execute/sync - {"script":"<script> [56 bytes]","args":[{"element-6066-11e4-a52e-4f735466cecf":"f.65777815963AB190D0E426F0C4C24000.d.AEE4D541F627B53CF80F869437AC987E.e.7759","ELEMENT":"f.65777815963AB190D0E426F0C4C24000.d.AEE4D541F627B53CF80F869437AC987E.e.7759"}]}
RESULT: {"script":"<script> [56 bytes]","args":[{"element-6066-11e4-a52e-4f735466cecf":"f.65777815963AB190D0E426F0C4C24000.d.AEE4D541F627B53CF80F869437AC987E.e.7759","ELEMENT":"f.65777815963AB190D0E426F0C4C24000.d.AEE4D541F627B53CF80F869437AC987E.e.7759"}]}
COMMAND: POST /session/fdb2eb18e9de7f55d42e953fc9ac8efb/element - {"using":"xpath","value":"//span[contains(@title, \"Remove\")]"}
COMMAND: GET /session/fdb2eb18e9de7f55d42e953fc9ac8efb/screenshot - {}
RESULT: {"using":"xpath","value":"//span[contains(@title, \"Remove\")]"}
COMMAND: POST /session/fdb2eb18e9de7f55d42e953fc9ac8efb/element/f.65777815963AB190D0E426F0C4C24000.d.AEE4D541F627B53CF80F869437AC987E.e.7925/click - {}
RESULT: {}
RESULT: {}
COMMAND: GET /session/fdb2eb18e9de7f55d42e953fc9ac8efb/screenshot - {}
RESULT: {}
RESULT: undefined
COMMAND: POST /session/fdb2eb18e9de7f55d42e953fc9ac8efb/element - {"using":"xpath","value":"//*[@id=\"application-managepartners-display-component---masterPtm--smartFilterBar-filterItemControl_BASIC-YARD-vhi\"]"}
RESULT: {"using":"xpath","value":"//*[@id=\"application-managepartners-display-component---masterPtm--smartFilterBar-filterItemControl_BASIC-YARD-vhi\"]"}
COMMAND: POST /session/fdb2eb18e9de7f55d42e953fc9ac8efb/element/f.65777815963AB190D0E426F0C4C24000.d.AEE4D541F627B53CF80F869437AC987E.e.8030/click - {}
RESULT: {}
COMMAND: GET /session/fdb2eb18e9de7f55d42e953fc9ac8efb/screenshot - {}
RESULT: {}
RESULT: undefined
COMMAND: POST /session/fdb2eb18e9de7f55d42e953fc9ac8efb/execute/async - {"script":"<script> [776 bytes]","args":[{"enterText":"Test","selector":{"id":"application-managepartners-display-component---masterPtm--smartFilterBar-filterItemControl_BASIC-YARD-valueHelpDialog-smartFilterBar-btnBasicSearch","searchOpenDialogs":true,"interaction":{"idSuffix":"I"}},"clearTextFirst":true,"interactionType":"ENTER_TEXT"}]}
RESULT: {"script":"<script> [776 bytes]","args":[{"enterText":"Test","selector":{"id":"application-managepartners-display-component---masterPtm--smartFilterBar-filterItemControl_BASIC-YARD-valueHelpDialog-smartFilterBar-btnBasicSearch","searchOpenDialogs":true,"interaction":{"idSuffix":"I"}},"clearTextFirst":true,"interactionType":"ENTER_TEXT"}]}
COMMAND: POST /session/fdb2eb18e9de7f55d42e953fc9ac8efb/actions - {"actions":[{"id":"action23","type":"key","parameters":{},"actions":[{"type":"keyDown","value":"î€‡"},{"type":"pause","duration":10},{"type":"keyUp","value":"î€‡"}]}]}
RESULT: {"actions":[{"id":"action23","type":"key","parameters":{},"actions":[{"type":"keyDown","value":"î€‡"},{"type":"pause","duration":10},{"type":"keyUp","value":"î€‡"}]}]}
COMMAND: POST /session/fdb2eb18e9de7f55d42e953fc9ac8efb/elements - {"using":"xpath","value":"//table[contains(@id, \"smartFilterBar-filterItemControl_BASIC-YARD-valueHelpDialog-table-table\")]/tbody/tr"}
COMMAND: GET /session/fdb2eb18e9de7f55d42e953fc9ac8efb/screenshot - {}
RESULT: {"using":"xpath","value":"//table[contains(@id, \"smartFilterBar-filterItemControl_BASIC-YARD-valueHelpDialog-table-table\")]/tbody/tr"}
COMMAND: POST /session/fdb2eb18e9de7f55d42e953fc9ac8efb/element - {"using":"xpath","value":"//table[contains(@id, \"smartFilterBar-filterItemControl_BASIC-YARD-valueHelpDialog-table-table\")]/tbody/tr[1]/td[1]/div/span"}
RESULT: {}
RESULT: {"using":"xpath","value":"//table[contains(@id, \"smartFilterBar-filterItemControl_BASIC-YARD-valueHelpDialog-table-table\")]/tbody/tr[1]/td[1]/div/span"}
COMMAND: POST /session/fdb2eb18e9de7f55d42e953fc9ac8efb/elements - {"using":"xpath","value":"//table[contains(@id, \"smartFilterBar-filterItemControl_BASIC-YARD-valueHelpDialog-table-table\")]/tbody/tr[1]/td[1]/div/span"}
RESULT: {"using":"xpath","value":"//table[contains(@id, \"smartFilterBar-filterItemControl_BASIC-YARD-valueHelpDialog-table-table\")]/tbody/tr[1]/td[1]/div/span"}
COMMAND: POST /session/fdb2eb18e9de7f55d42e953fc9ac8efb/execute/sync - {"script":"<script> [56 bytes]","args":[{"element-6066-11e4-a52e-4f735466cecf":"f.65777815963AB190D0E426F0C4C24000.d.AEE4D541F627B53CF80F869437AC987E.e.8049","ELEMENT":"f.65777815963AB190D0E426F0C4C24000.d.AEE4D541F627B53CF80F869437AC987E.e.8049"}]}
RESULT: {"script":"<script> [56 bytes]","args":[{"element-6066-11e4-a52e-4f735466cecf":"f.65777815963AB190D0E426F0C4C24000.d.AEE4D541F627B53CF80F869437AC987E.e.8049","ELEMENT":"f.65777815963AB190D0E426F0C4C24000.d.AEE4D541F627B53CF80F869437AC987E.e.8049"}]}
COMMAND: POST /session/fdb2eb18e9de7f55d42e953fc9ac8efb/element - {"using":"xpath","value":"//table[contains(@id, \"smartFilterBar-filterItemControl_BASIC-YARD-valueHelpDialog-table-table\")]/tbody/tr[2]/td[1]/div/span"}
COMMAND: GET /session/fdb2eb18e9de7f55d42e953fc9ac8efb/screenshot - {}
RESULT: {"using":"xpath","value":"//table[contains(@id, \"smartFilterBar-filterItemControl_BASIC-YARD-valueHelpDialog-table-table\")]/tbody/tr[2]/td[1]/div/span"}
COMMAND: POST /session/fdb2eb18e9de7f55d42e953fc9ac8efb/elements - {"using":"xpath","value":"//table[contains(@id, \"smartFilterBar-filterItemControl_BASIC-YARD-valueHelpDialog-table-table\")]/tbody/tr[2]/td[1]/div/span"}
RESULT: {}
RESULT: {"using":"xpath","value":"//table[contains(@id, \"smartFilterBar-filterItemControl_BASIC-YARD-valueHelpDialog-table-table\")]/tbody/tr[2]/td[1]/div/span"}
COMMAND: POST /session/fdb2eb18e9de7f55d42e953fc9ac8efb/execute/sync - {"script":"<script> [56 bytes]","args":[{"element-6066-11e4-a52e-4f735466cecf":"f.65777815963AB190D0E426F0C4C24000.d.AEE4D541F627B53CF80F869437AC987E.e.8050","ELEMENT":"f.65777815963AB190D0E426F0C4C24000.d.AEE4D541F627B53CF80F869437AC987E.e.8050"}]}
RESULT: {"script":"<script> [56 bytes]","args":[{"element-6066-11e4-a52e-4f735466cecf":"f.65777815963AB190D0E426F0C4C24000.d.AEE4D541F627B53CF80F869437AC987E.e.8050","ELEMENT":"f.65777815963AB190D0E426F0C4C24000.d.AEE4D541F627B53CF80F869437AC987E.e.8050"}]}
COMMAND: POST /session/fdb2eb18e9de7f55d42e953fc9ac8efb/element - {"using":"xpath","value":"//table[contains(@id, \"smartFilterBar-filterItemControl_BASIC-YARD-valueHelpDialog-table-table\")]/tbody/tr[3]/td[1]/div/span"}
COMMAND: GET /session/fdb2eb18e9de7f55d42e953fc9ac8efb/screenshot - {}
RESULT: {"using":"xpath","value":"//table[contains(@id, \"smartFilterBar-filterItemControl_BASIC-YARD-valueHelpDialog-table-table\")]/tbody/tr[3]/td[1]/div/span"}
COMMAND: POST /session/fdb2eb18e9de7f55d42e953fc9ac8efb/elements - {"using":"xpath","value":"//table[contains(@id, \"smartFilterBar-filterItemControl_BASIC-YARD-valueHelpDialog-table-table\")]/tbody/tr[3]/td[1]/div/span"}
RESULT: {}
RESULT: {"using":"xpath","value":"//table[contains(@id, \"smartFilterBar-filterItemControl_BASIC-YARD-valueHelpDialog-table-table\")]/tbody/tr[3]/td[1]/div/span"}
COMMAND: POST /session/fdb2eb18e9de7f55d42e953fc9ac8efb/execute/sync - {"script":"<script> [56 bytes]","args":[{"element-6066-11e4-a52e-4f735466cecf":"f.65777815963AB190D0E426F0C4C24000.d.AEE4D541F627B53CF80F869437AC987E.e.8051","ELEMENT":"f.65777815963AB190D0E426F0C4C24000.d.AEE4D541F627B53CF80F869437AC987E.e.8051"}]}
RESULT: {"script":"<script> [56 bytes]","args":[{"element-6066-11e4-a52e-4f735466cecf":"f.65777815963AB190D0E426F0C4C24000.d.AEE4D541F627B53CF80F869437AC987E.e.8051","ELEMENT":"f.65777815963AB190D0E426F0C4C24000.d.AEE4D541F627B53CF80F869437AC987E.e.8051"}]}
COMMAND: POST /session/fdb2eb18e9de7f55d42e953fc9ac8efb/element - {"using":"xpath","value":"//div[contains(@id, \"filterItemControl_BASIC-YARD-valueHelpDialog-table-rowsel2\")]"}
COMMAND: GET /session/fdb2eb18e9de7f55d42e953fc9ac8efb/screenshot - {}
RESULT: {"using":"xpath","value":"//div[contains(@id, \"filterItemControl_BASIC-YARD-valueHelpDialog-table-rowsel2\")]"}
COMMAND: POST /session/fdb2eb18e9de7f55d42e953fc9ac8efb/element/f.65777815963AB190D0E426F0C4C24000.d.AEE4D541F627B53CF80F869437AC987E.e.8052/click - {}
RESULT: {}
RESULT: {}
COMMAND: GET /session/fdb2eb18e9de7f55d42e953fc9ac8efb/screenshot - {}
RESULT: {}
COMMAND: POST /session/fdb2eb18e9de7f55d42e953fc9ac8efb/element - {"using":"xpath","value":"(//bdi[contains(text(), \"OK\")])[1]"}
RESULT: {"using":"xpath","value":"(//bdi[contains(text(), \"OK\")])[1]"}
COMMAND: POST /session/fdb2eb18e9de7f55d42e953fc9ac8efb/element/f.65777815963AB190D0E426F0C4C24000.d.AEE4D541F627B53CF80F869437AC987E.e.8054/click - {}
RESULT: {}
COMMAND: GET /session/fdb2eb18e9de7f55d42e953fc9ac8efb/screenshot - {}
RESULT: {}
COMMAND: POST /session/fdb2eb18e9de7f55d42e953fc9ac8efb/element - {"using":"xpath","value":"//span[@id=\"application-managepartners-display-component---masterPtm--smartTable-header-inner\"]"}
RESULT: {"using":"xpath","value":"//span[@id=\"application-managepartners-display-component---masterPtm--smartTable-header-inner\"]"}
COMMAND: POST /session/fdb2eb18e9de7f55d42e953fc9ac8efb/elements - {"using":"xpath","value":"//span[@id=\"application-managepartners-display-component---masterPtm--smartTable-header-inner\"]"}
RESULT: {"using":"xpath","value":"//span[@id=\"application-managepartners-display-component---masterPtm--smartTable-header-inner\"]"}
COMMAND: POST /session/fdb2eb18e9de7f55d42e953fc9ac8efb/execute/sync - {"script":"<script> [56 bytes]","args":[{"element-6066-11e4-a52e-4f735466cecf":"f.65777815963AB190D0E426F0C4C24000.d.AEE4D541F627B53CF80F869437AC987E.e.7759","ELEMENT":"f.65777815963AB190D0E426F0C4C24000.d.AEE4D541F627B53CF80F869437AC987E.e.7759"}]}
RESULT: {"script":"<script> [56 bytes]","args":[{"element-6066-11e4-a52e-4f735466cecf":"f.65777815963AB190D0E426F0C4C24000.d.AEE4D541F627B53CF80F869437AC987E.e.7759","ELEMENT":"f.65777815963AB190D0E426F0C4C24000.d.AEE4D541F627B53CF80F869437AC987E.e.7759"}]}
COMMAND: POST /session/fdb2eb18e9de7f55d42e953fc9ac8efb/element - {"using":"xpath","value":"//span[contains(@title, \"Remove\")]"}
COMMAND: GET /session/fdb2eb18e9de7f55d42e953fc9ac8efb/screenshot - {}
RESULT: {"using":"xpath","value":"//span[contains(@title, \"Remove\")]"}
COMMAND: POST /session/fdb2eb18e9de7f55d42e953fc9ac8efb/element/f.65777815963AB190D0E426F0C4C24000.d.AEE4D541F627B53CF80F869437AC987E.e.8068/click - {}
RESULT: {}
RESULT: {}
COMMAND: GET /session/fdb2eb18e9de7f55d42e953fc9ac8efb/screenshot - {}
RESULT: undefined
COMMAND: POST /session/fdb2eb18e9de7f55d42e953fc9ac8efb/element - {"using":"xpath","value":"//*[@id=\"application-managepartners-display-component---masterPtm--smartFilterBar-filterItemControl_BASIC-MAIN_ADDRESS-vhi\"]"}
RESULT: {}
RESULT: {"using":"xpath","value":"//*[@id=\"application-managepartners-display-component---masterPtm--smartFilterBar-filterItemControl_BASIC-MAIN_ADDRESS-vhi\"]"}
COMMAND: POST /session/fdb2eb18e9de7f55d42e953fc9ac8efb/element/f.65777815963AB190D0E426F0C4C24000.d.AEE4D541F627B53CF80F869437AC987E.e.8171/click - {}
RESULT: {}
COMMAND: GET /session/fdb2eb18e9de7f55d42e953fc9ac8efb/screenshot - {}
RESULT: {}
RESULT: undefined
COMMAND: POST /session/fdb2eb18e9de7f55d42e953fc9ac8efb/execute/async - {"script":"<script> [776 bytes]","args":[{"enterText":"Romania","selector":{"id":"application-managepartners-display-component---masterPtm--smartFilterBar-filterItemControl_BASIC-MAIN_ADDRESS-valueHelpDialog-smartFilterBar-btnBasicSearch","searchOpenDialogs":true,"interaction":{"idSuffix":"I"}},"clearTextFirst":true,"interactionType":"ENTER_TEXT"}]}
RESULT: {"script":"<script> [776 bytes]","args":[{"enterText":"Romania","selector":{"id":"application-managepartners-display-component---masterPtm--smartFilterBar-filterItemControl_BASIC-MAIN_ADDRESS-valueHelpDialog-smartFilterBar-btnBasicSearch","searchOpenDialogs":true,"interaction":{"idSuffix":"I"}},"clearTextFirst":true,"interactionType":"ENTER_TEXT"}]}
COMMAND: POST /session/fdb2eb18e9de7f55d42e953fc9ac8efb/actions - {"actions":[{"id":"action24","type":"key","parameters":{},"actions":[{"type":"keyDown","value":"î€‡"},{"type":"pause","duration":10},{"type":"keyUp","value":"î€‡"}]}]}
RESULT: {"actions":[{"id":"action24","type":"key","parameters":{},"actions":[{"type":"keyDown","value":"î€‡"},{"type":"pause","duration":10},{"type":"keyUp","value":"î€‡"}]}]}
COMMAND: POST /session/fdb2eb18e9de7f55d42e953fc9ac8efb/elements - {"using":"xpath","value":"//table[contains(@id, \"smartFilterBar-filterItemControl_BASIC-MAIN_ADDRESS-valueHelpDialog-table-table\")]/tbody/tr"}
COMMAND: GET /session/fdb2eb18e9de7f55d42e953fc9ac8efb/screenshot - {}
RESULT: {"using":"xpath","value":"//table[contains(@id, \"smartFilterBar-filterItemControl_BASIC-MAIN_ADDRESS-valueHelpDialog-table-table\")]/tbody/tr"}
COMMAND: POST /session/fdb2eb18e9de7f55d42e953fc9ac8efb/element - {"using":"xpath","value":"//table[contains(@id, \"smartFilterBar-filterItemControl_BASIC-MAIN_ADDRESS-valueHelpDialog-table-table\")]/tbody/tr[1]/td[1]/div/span"}
RESULT: {}
RESULT: {"using":"xpath","value":"//table[contains(@id, \"smartFilterBar-filterItemControl_BASIC-MAIN_ADDRESS-valueHelpDialog-table-table\")]/tbody/tr[1]/td[1]/div/span"}
COMMAND: POST /session/fdb2eb18e9de7f55d42e953fc9ac8efb/elements - {"using":"xpath","value":"//table[contains(@id, \"smartFilterBar-filterItemControl_BASIC-MAIN_ADDRESS-valueHelpDialog-table-table\")]/tbody/tr[1]/td[1]/div/span"}
RESULT: {"using":"xpath","value":"//table[contains(@id, \"smartFilterBar-filterItemControl_BASIC-MAIN_ADDRESS-valueHelpDialog-table-table\")]/tbody/tr[1]/td[1]/div/span"}
COMMAND: POST /session/fdb2eb18e9de7f55d42e953fc9ac8efb/execute/sync - {"script":"<script> [56 bytes]","args":[{"element-6066-11e4-a52e-4f735466cecf":"f.65777815963AB190D0E426F0C4C24000.d.AEE4D541F627B53CF80F869437AC987E.e.8191","ELEMENT":"f.65777815963AB190D0E426F0C4C24000.d.AEE4D541F627B53CF80F869437AC987E.e.8191"}]}
RESULT: {"script":"<script> [56 bytes]","args":[{"element-6066-11e4-a52e-4f735466cecf":"f.65777815963AB190D0E426F0C4C24000.d.AEE4D541F627B53CF80F869437AC987E.e.8191","ELEMENT":"f.65777815963AB190D0E426F0C4C24000.d.AEE4D541F627B53CF80F869437AC987E.e.8191"}]}
COMMAND: POST /session/fdb2eb18e9de7f55d42e953fc9ac8efb/element - {"using":"xpath","value":"//div[contains(@id, \"filterItemControl_BASIC-MAIN_ADDRESS-valueHelpDialog-table-rowsel0\")]"}
COMMAND: GET /session/fdb2eb18e9de7f55d42e953fc9ac8efb/screenshot - {}
RESULT: {"using":"xpath","value":"//div[contains(@id, \"filterItemControl_BASIC-MAIN_ADDRESS-valueHelpDialog-table-rowsel0\")]"}
COMMAND: POST /session/fdb2eb18e9de7f55d42e953fc9ac8efb/element/f.65777815963AB190D0E426F0C4C24000.d.AEE4D541F627B53CF80F869437AC987E.e.8192/click - {}
RESULT: {}
RESULT: {}
COMMAND: GET /session/fdb2eb18e9de7f55d42e953fc9ac8efb/screenshot - {}
RESULT: {}
COMMAND: POST /session/fdb2eb18e9de7f55d42e953fc9ac8efb/element - {"using":"xpath","value":"(//bdi[contains(text(), \"OK\")])[1]"}
RESULT: {"using":"xpath","value":"(//bdi[contains(text(), \"OK\")])[1]"}
COMMAND: POST /session/fdb2eb18e9de7f55d42e953fc9ac8efb/element/f.65777815963AB190D0E426F0C4C24000.d.AEE4D541F627B53CF80F869437AC987E.e.8194/click - {}
RESULT: {}
COMMAND: GET /session/fdb2eb18e9de7f55d42e953fc9ac8efb/screenshot - {}
RESULT: {}
COMMAND: POST /session/fdb2eb18e9de7f55d42e953fc9ac8efb/element - {"using":"xpath","value":"//span[@id=\"application-managepartners-display-component---masterPtm--smartTable-header-inner\"]"}
RESULT: {"using":"xpath","value":"//span[@id=\"application-managepartners-display-component---masterPtm--smartTable-header-inner\"]"}
COMMAND: POST /session/fdb2eb18e9de7f55d42e953fc9ac8efb/elements - {"using":"xpath","value":"//span[@id=\"application-managepartners-display-component---masterPtm--smartTable-header-inner\"]"}
RESULT: {"using":"xpath","value":"//span[@id=\"application-managepartners-display-component---masterPtm--smartTable-header-inner\"]"}
COMMAND: POST /session/fdb2eb18e9de7f55d42e953fc9ac8efb/execute/sync - {"script":"<script> [56 bytes]","args":[{"element-6066-11e4-a52e-4f735466cecf":"f.65777815963AB190D0E426F0C4C24000.d.AEE4D541F627B53CF80F869437AC987E.e.7759","ELEMENT":"f.65777815963AB190D0E426F0C4C24000.d.AEE4D541F627B53CF80F869437AC987E.e.7759"}]}
RESULT: {"script":"<script> [56 bytes]","args":[{"element-6066-11e4-a52e-4f735466cecf":"f.65777815963AB190D0E426F0C4C24000.d.AEE4D541F627B53CF80F869437AC987E.e.7759","ELEMENT":"f.65777815963AB190D0E426F0C4C24000.d.AEE4D541F627B53CF80F869437AC987E.e.7759"}]}
COMMAND: POST /session/fdb2eb18e9de7f55d42e953fc9ac8efb/element - {"using":"xpath","value":"//span[contains(@title, \"Remove\")]"}
COMMAND: GET /session/fdb2eb18e9de7f55d42e953fc9ac8efb/screenshot - {}
RESULT: {"using":"xpath","value":"//span[contains(@title, \"Remove\")]"}
COMMAND: POST /session/fdb2eb18e9de7f55d42e953fc9ac8efb/element/f.65777815963AB190D0E426F0C4C24000.d.AEE4D541F627B53CF80F869437AC987E.e.8208/click - {}
RESULT: {}
RESULT: {}
COMMAND: GET /session/fdb2eb18e9de7f55d42e953fc9ac8efb/screenshot - {}
COMMAND: POST /session/fdb2eb18e9de7f55d42e953fc9ac8efb/execute/async - {"script":"<script> [1562 bytes]","args":[{"selector":{"id":"application-managepartners-display-component---masterPtm--catalogs-arrow"},"wdio_ui5_key":"applicationmanagepartners-display-component---masterPtm--catalogs-arrow"}]}
RESULT: {}
RESULT: {"script":"<script> [1562 bytes]","args":[{"selector":{"id":"application-managepartners-display-component---masterPtm--catalogs-arrow"},"wdio_ui5_key":"applicationmanagepartners-display-component---masterPtm--catalogs-arrow"}]}
RESULT: undefined
COMMAND: POST /session/fdb2eb18e9de7f55d42e953fc9ac8efb/element - {"using":"xpath","value":"//*[@id=\"application-managepartners-display-component---masterPtm--catalogs-arrow\"]"}
RESULT: {"using":"xpath","value":"//*[@id=\"application-managepartners-display-component---masterPtm--catalogs-arrow\"]"}
COMMAND: POST /session/fdb2eb18e9de7f55d42e953fc9ac8efb/element/f.65777815963AB190D0E426F0C4C24000.d.AEE4D541F627B53CF80F869437AC987E.e.8310/click - {}
RESULT: {}
COMMAND: GET /session/fdb2eb18e9de7f55d42e953fc9ac8efb/screenshot - {}
RESULT: {}
COMMAND: POST /session/fdb2eb18e9de7f55d42e953fc9ac8efb/element - {"using":"xpath","value":"//li[.//span[text()=\"Webshop Catalog\"]]//div[contains(@class,\"sapMCbBg\")]"}
RESULT: {"using":"xpath","value":"//li[.//span[text()=\"Webshop Catalog\"]]//div[contains(@class,\"sapMCbBg\")]"}
COMMAND: POST /session/fdb2eb18e9de7f55d42e953fc9ac8efb/element/f.65777815963AB190D0E426F0C4C24000.d.AEE4D541F627B53CF80F869437AC987E.e.8324/click - {}
RESULT: {}
COMMAND: GET /session/fdb2eb18e9de7f55d42e953fc9ac8efb/screenshot - {}
RESULT: {}
RESULT: undefined
COMMAND: POST /session/fdb2eb18e9de7f55d42e953fc9ac8efb/element - {"using":"xpath","value":"//*[@id=\"application-managepartners-display-component---masterPtm--catalogs-arrow\"]"}
RESULT: {"using":"xpath","value":"//*[@id=\"application-managepartners-display-component---masterPtm--catalogs-arrow\"]"}
COMMAND: POST /session/fdb2eb18e9de7f55d42e953fc9ac8efb/element/f.65777815963AB190D0E426F0C4C24000.d.AEE4D541F627B53CF80F869437AC987E.e.8310/click - {}
RESULT: {}
COMMAND: POST /session/fdb2eb18e9de7f55d42e953fc9ac8efb/element - {"using":"xpath","value":"//span[@id=\"application-managepartners-display-component---masterPtm--smartTable-header-inner\"]"}
COMMAND: GET /session/fdb2eb18e9de7f55d42e953fc9ac8efb/screenshot - {}
RESULT: {"using":"xpath","value":"//span[@id=\"application-managepartners-display-component---masterPtm--smartTable-header-inner\"]"}
COMMAND: POST /session/fdb2eb18e9de7f55d42e953fc9ac8efb/elements - {"using":"xpath","value":"//span[@id=\"application-managepartners-display-component---masterPtm--smartTable-header-inner\"]"}
RESULT: {}
RESULT: {"using":"xpath","value":"//span[@id=\"application-managepartners-display-component---masterPtm--smartTable-header-inner\"]"}
COMMAND: POST /session/fdb2eb18e9de7f55d42e953fc9ac8efb/execute/sync - {"script":"<script> [56 bytes]","args":[{"element-6066-11e4-a52e-4f735466cecf":"f.65777815963AB190D0E426F0C4C24000.d.AEE4D541F627B53CF80F869437AC987E.e.7759","ELEMENT":"f.65777815963AB190D0E426F0C4C24000.d.AEE4D541F627B53CF80F869437AC987E.e.7759"}]}
RESULT: {"script":"<script> [56 bytes]","args":[{"element-6066-11e4-a52e-4f735466cecf":"f.65777815963AB190D0E426F0C4C24000.d.AEE4D541F627B53CF80F869437AC987E.e.7759","ELEMENT":"f.65777815963AB190D0E426F0C4C24000.d.AEE4D541F627B53CF80F869437AC987E.e.7759"}]}
COMMAND: POST /session/fdb2eb18e9de7f55d42e953fc9ac8efb/element - {"using":"xpath","value":"//span[contains(@title, \"Remove\")]"}
COMMAND: GET /session/fdb2eb18e9de7f55d42e953fc9ac8efb/screenshot - {}
RESULT: {"using":"xpath","value":"//span[contains(@title, \"Remove\")]"}
COMMAND: POST /session/fdb2eb18e9de7f55d42e953fc9ac8efb/element/f.65777815963AB190D0E426F0C4C24000.d.AEE4D541F627B53CF80F869437AC987E.e.8339/click - {}
RESULT: {}
RESULT: {}
COMMAND: GET /session/fdb2eb18e9de7f55d42e953fc9ac8efb/screenshot - {}
RESULT: {}
COMMAND: POST /session/fdb2eb18e9de7f55d42e953fc9ac8efb/execute/async - {"script":"<script> [1562 bytes]","args":[{"selector":{"id":"application-managepartners-display-component---masterPtm--currencies-arrow"},"wdio_ui5_key":"applicationmanagepartners-display-component---masterPtm--currencies-arrow"}]}
RESULT: {"script":"<script> [1562 bytes]","args":[{"selector":{"id":"application-managepartners-display-component---masterPtm--currencies-arrow"},"wdio_ui5_key":"applicationmanagepartners-display-component---masterPtm--currencies-arrow"}]}
RESULT: undefined
COMMAND: POST /session/fdb2eb18e9de7f55d42e953fc9ac8efb/element - {"using":"xpath","value":"//*[@id=\"application-managepartners-display-component---masterPtm--currencies-arrow\"]"}
RESULT: {"using":"xpath","value":"//*[@id=\"application-managepartners-display-component---masterPtm--currencies-arrow\"]"}
COMMAND: POST /session/fdb2eb18e9de7f55d42e953fc9ac8efb/element/f.65777815963AB190D0E426F0C4C24000.d.AEE4D541F627B53CF80F869437AC987E.e.8456/click - {}
RESULT: {}
COMMAND: GET /session/fdb2eb18e9de7f55d42e953fc9ac8efb/screenshot - {}
RESULT: {}
COMMAND: POST /session/fdb2eb18e9de7f55d42e953fc9ac8efb/element - {"using":"xpath","value":"//li[.//span[text()=\"US Dollar\"]]//div[contains(@class,\"sapMCbBg\")]"}
RESULT: {"using":"xpath","value":"//li[.//span[text()=\"US Dollar\"]]//div[contains(@class,\"sapMCbBg\")]"}
COMMAND: POST /session/fdb2eb18e9de7f55d42e953fc9ac8efb/element/f.65777815963AB190D0E426F0C4C24000.d.AEE4D541F627B53CF80F869437AC987E.e.8459/click - {}
RESULT: {}
COMMAND: GET /session/fdb2eb18e9de7f55d42e953fc9ac8efb/screenshot - {}
RESULT: {}
RESULT: undefined
COMMAND: POST /session/fdb2eb18e9de7f55d42e953fc9ac8efb/element - {"using":"xpath","value":"//*[@id=\"application-managepartners-display-component---masterPtm--currencies-arrow\"]"}
RESULT: {"using":"xpath","value":"//*[@id=\"application-managepartners-display-component---masterPtm--currencies-arrow\"]"}
COMMAND: POST /session/fdb2eb18e9de7f55d42e953fc9ac8efb/element/f.65777815963AB190D0E426F0C4C24000.d.AEE4D541F627B53CF80F869437AC987E.e.8456/click - {}
RESULT: {}
COMMAND: POST /session/fdb2eb18e9de7f55d42e953fc9ac8efb/element - {"using":"xpath","value":"//span[@id=\"application-managepartners-display-component---masterPtm--smartTable-header-inner\"]"}
COMMAND: GET /session/fdb2eb18e9de7f55d42e953fc9ac8efb/screenshot - {}
RESULT: {"using":"xpath","value":"//span[@id=\"application-managepartners-display-component---masterPtm--smartTable-header-inner\"]"}
COMMAND: POST /session/fdb2eb18e9de7f55d42e953fc9ac8efb/elements - {"using":"xpath","value":"//span[@id=\"application-managepartners-display-component---masterPtm--smartTable-header-inner\"]"}
RESULT: {}
RESULT: {"using":"xpath","value":"//span[@id=\"application-managepartners-display-component---masterPtm--smartTable-header-inner\"]"}
COMMAND: POST /session/fdb2eb18e9de7f55d42e953fc9ac8efb/execute/sync - {"script":"<script> [56 bytes]","args":[{"element-6066-11e4-a52e-4f735466cecf":"f.65777815963AB190D0E426F0C4C24000.d.AEE4D541F627B53CF80F869437AC987E.e.7759","ELEMENT":"f.65777815963AB190D0E426F0C4C24000.d.AEE4D541F627B53CF80F869437AC987E.e.7759"}]}
RESULT: {"script":"<script> [56 bytes]","args":[{"element-6066-11e4-a52e-4f735466cecf":"f.65777815963AB190D0E426F0C4C24000.d.AEE4D541F627B53CF80F869437AC987E.e.7759","ELEMENT":"f.65777815963AB190D0E426F0C4C24000.d.AEE4D541F627B53CF80F869437AC987E.e.7759"}]}
COMMAND: POST /session/fdb2eb18e9de7f55d42e953fc9ac8efb/element - {"using":"xpath","value":"//span[contains(@title, \"Remove\")]"}
COMMAND: GET /session/fdb2eb18e9de7f55d42e953fc9ac8efb/screenshot - {}
RESULT: {"using":"xpath","value":"//span[contains(@title, \"Remove\")]"}
COMMAND: POST /session/fdb2eb18e9de7f55d42e953fc9ac8efb/element/f.65777815963AB190D0E426F0C4C24000.d.AEE4D541F627B53CF80F869437AC987E.e.8554/click - {}
RESULT: {}
RESULT: {}
COMMAND: GET /session/fdb2eb18e9de7f55d42e953fc9ac8efb/screenshot - {}
RESULT: {}
COMMAND: POST /session/fdb2eb18e9de7f55d42e953fc9ac8efb/execute/async - {"script":"<script> [1562 bytes]","args":[{"selector":{"id":"application-managepartners-display-component---masterPtm--languages-arrow"},"wdio_ui5_key":"applicationmanagepartners-display-component---masterPtm--languages-arrow"}]}
RESULT: {"script":"<script> [1562 bytes]","args":[{"selector":{"id":"application-managepartners-display-component---masterPtm--languages-arrow"},"wdio_ui5_key":"applicationmanagepartners-display-component---masterPtm--languages-arrow"}]}
RESULT: undefined
COMMAND: POST /session/fdb2eb18e9de7f55d42e953fc9ac8efb/element - {"using":"xpath","value":"//*[@id=\"application-managepartners-display-component---masterPtm--languages-arrow\"]"}
RESULT: {"using":"xpath","value":"//*[@id=\"application-managepartners-display-component---masterPtm--languages-arrow\"]"}
COMMAND: POST /session/fdb2eb18e9de7f55d42e953fc9ac8efb/element/f.65777815963AB190D0E426F0C4C24000.d.AEE4D541F627B53CF80F869437AC987E.e.8645/click - {}
RESULT: {}
COMMAND: GET /session/fdb2eb18e9de7f55d42e953fc9ac8efb/screenshot - {}
RESULT: {}
COMMAND: POST /session/fdb2eb18e9de7f55d42e953fc9ac8efb/element - {"using":"xpath","value":"//li[.//span[text()=\"German\"]]//div[contains(@class,\"sapMCbBg\")]"}
RESULT: {"using":"xpath","value":"//li[.//span[text()=\"German\"]]//div[contains(@class,\"sapMCbBg\")]"}
COMMAND: POST /session/fdb2eb18e9de7f55d42e953fc9ac8efb/element/f.65777815963AB190D0E426F0C4C24000.d.AEE4D541F627B53CF80F869437AC987E.e.8689/click - {}
RESULT: {}
COMMAND: GET /session/fdb2eb18e9de7f55d42e953fc9ac8efb/screenshot - {}
RESULT: {}
RESULT: undefined
COMMAND: POST /session/fdb2eb18e9de7f55d42e953fc9ac8efb/element - {"using":"xpath","value":"//*[@id=\"application-managepartners-display-component---masterPtm--languages-arrow\"]"}
RESULT: {"using":"xpath","value":"//*[@id=\"application-managepartners-display-component---masterPtm--languages-arrow\"]"}
COMMAND: POST /session/fdb2eb18e9de7f55d42e953fc9ac8efb/element/f.65777815963AB190D0E426F0C4C24000.d.AEE4D541F627B53CF80F869437AC987E.e.8645/click - {}
RESULT: {}
COMMAND: POST /session/fdb2eb18e9de7f55d42e953fc9ac8efb/element - {"using":"xpath","value":"//span[@id=\"application-managepartners-display-component---masterPtm--smartTable-header-inner\"]"}
COMMAND: GET /session/fdb2eb18e9de7f55d42e953fc9ac8efb/screenshot - {}
RESULT: {"using":"xpath","value":"//span[@id=\"application-managepartners-display-component---masterPtm--smartTable-header-inner\"]"}
COMMAND: POST /session/fdb2eb18e9de7f55d42e953fc9ac8efb/elements - {"using":"xpath","value":"//span[@id=\"application-managepartners-display-component---masterPtm--smartTable-header-inner\"]"}
RESULT: {}
RESULT: {"using":"xpath","value":"//span[@id=\"application-managepartners-display-component---masterPtm--smartTable-header-inner\"]"}
COMMAND: POST /session/fdb2eb18e9de7f55d42e953fc9ac8efb/execute/sync - {"script":"<script> [56 bytes]","args":[{"element-6066-11e4-a52e-4f735466cecf":"f.65777815963AB190D0E426F0C4C24000.d.AEE4D541F627B53CF80F869437AC987E.e.7759","ELEMENT":"f.65777815963AB190D0E426F0C4C24000.d.AEE4D541F627B53CF80F869437AC987E.e.7759"}]}
RESULT: {"script":"<script> [56 bytes]","args":[{"element-6066-11e4-a52e-4f735466cecf":"f.65777815963AB190D0E426F0C4C24000.d.AEE4D541F627B53CF80F869437AC987E.e.7759","ELEMENT":"f.65777815963AB190D0E426F0C4C24000.d.AEE4D541F627B53CF80F869437AC987E.e.7759"}]}
COMMAND: POST /session/fdb2eb18e9de7f55d42e953fc9ac8efb/element - {"using":"css selector","value":"#shell-header-logo"}
COMMAND: GET /session/fdb2eb18e9de7f55d42e953fc9ac8efb/screenshot - {}
RESULT: {"using":"css selector","value":"#shell-header-logo"}
COMMAND: POST /session/fdb2eb18e9de7f55d42e953fc9ac8efb/element/f.65777815963AB190D0E426F0C4C24000.d.AEE4D541F627B53CF80F869437AC987E.e.7588/click - {}
RESULT: {}
RESULT: {}
COMMAND: GET /session/fdb2eb18e9de7f55d42e953fc9ac8efb/screenshot - {}
RESULT: {}
COMMAND: DELETE /session/fdb2eb18e9de7f55d42e953fc9ac8efb - {}
RESULT: {}
]]></system-out>
    </testcase>
  </testsuite>
</testsuites>