<?xml version="1.0" encoding="UTF-8"?>
<testsuites tests="6" failures="0" errors="0" skipped="0">
  <testsuite timestamp="2025-05-03T16:30:56" time="1101.611" tests="6" failures="0" errors="0" skipped="0">
    <properties>
      <property name="specId" value="0" />
      <property name="suiteName" value="RU Inventory Mass State Change Multiple Items US151066" />
      <property name="capabilities" value="chrome.135_0_7049_96.windows" />
      <property name="file" value="file:///D:/a/1/s/test/specs/HTR/ru-inv-list-mass-state-change.spec.js" />
    </properties>
    <testcase classname="chrome.135_0_7049_96.windows.RU_Inventory_Mass_State_Change_Multiple_Items_US151066" name="Step 1 Should do a RU inventory mass state change on chosen yard 109 with the resources available one equipment multipart one tool pool" time="301.697">
      <system-out><![CDATA[
COMMAND: POST /session/8981aa63c4e1cf9ed36e4ba13e01d972/execute/async - {"script":"<script> [1562 bytes]","args":[{"selector":{"controlType":"sap.m.GenericTile","properties":{"header":"RU Inventory List"}},"wdio_ui5_key":"sapm.GenericTile{\"header\":\"RU Inventory List\"}"}]}
RESULT: {"script":"<script> [1562 bytes]","args":[{"selector":{"controlType":"sap.m.GenericTile","properties":{"header":"RU Inventory List"}},"wdio_ui5_key":"sapm.GenericTile{\"header\":\"RU Inventory List\"}"}]}
RESULT: undefined
COMMAND: POST /session/8981aa63c4e1cf9ed36e4ba13e01d972/element - {"using":"xpath","value":"//*[@id=\"__tile99\"]"}
RESULT: {"using":"xpath","value":"//*[@id=\"__tile99\"]"}
COMMAND: POST /session/8981aa63c4e1cf9ed36e4ba13e01d972/element/f.5E8CFC1C9950487B5C96D70EC621E9EB.d.9C1A282DE1CD47ACA0097B54052D923F.e.272/click - {}
RESULT: {}
COMMAND: POST /session/8981aa63c4e1cf9ed36e4ba13e01d972/element - {"using":"xpath","value":"//button[contains(@id, \"massStateBtn\")]"}
COMMAND: GET /session/8981aa63c4e1cf9ed36e4ba13e01d972/screenshot - {}
RESULT: {}
RESULT: {"using":"xpath","value":"//button[contains(@id, \"massStateBtn\")]"}
COMMAND: POST /session/8981aa63c4e1cf9ed36e4ba13e01d972/elements - {"using":"xpath","value":"//button[contains(@id, \"massStateBtn\")]"}
RESULT: {"using":"xpath","value":"//button[contains(@id, \"massStateBtn\")]"}
COMMAND: POST /session/8981aa63c4e1cf9ed36e4ba13e01d972/elements - {"using":"xpath","value":"//button[contains(@id, \"massStateBtn\")]"}
RESULT: {"using":"xpath","value":"//button[contains(@id, \"massStateBtn\")]"}
COMMAND: POST /session/8981aa63c4e1cf9ed36e4ba13e01d972/elements - {"using":"xpath","value":"//button[contains(@id, \"massStateBtn\")]"}
RESULT: {"using":"xpath","value":"//button[contains(@id, \"massStateBtn\")]"}
COMMAND: POST /session/8981aa63c4e1cf9ed36e4ba13e01d972/elements - {"using":"xpath","value":"//button[contains(@id, \"massStateBtn\")]"}
RESULT: {"using":"xpath","value":"//button[contains(@id, \"massStateBtn\")]"}
COMMAND: POST /session/8981aa63c4e1cf9ed36e4ba13e01d972/elements - {"using":"xpath","value":"//button[contains(@id, \"massStateBtn\")]"}
RESULT: {"using":"xpath","value":"//button[contains(@id, \"massStateBtn\")]"}
COMMAND: POST /session/8981aa63c4e1cf9ed36e4ba13e01d972/elements - {"using":"xpath","value":"//button[contains(@id, \"massStateBtn\")]"}
RESULT: {"using":"xpath","value":"//button[contains(@id, \"massStateBtn\")]"}
COMMAND: POST /session/8981aa63c4e1cf9ed36e4ba13e01d972/elements - {"using":"xpath","value":"//button[contains(@id, \"massStateBtn\")]"}
RESULT: {"using":"xpath","value":"//button[contains(@id, \"massStateBtn\")]"}
COMMAND: POST /session/8981aa63c4e1cf9ed36e4ba13e01d972/elements - {"using":"xpath","value":"//button[contains(@id, \"massStateBtn\")]"}
RESULT: {"using":"xpath","value":"//button[contains(@id, \"massStateBtn\")]"}
COMMAND: POST /session/8981aa63c4e1cf9ed36e4ba13e01d972/elements - {"using":"xpath","value":"//button[contains(@id, \"massStateBtn\")]"}
RESULT: {"using":"xpath","value":"//button[contains(@id, \"massStateBtn\")]"}
COMMAND: POST /session/8981aa63c4e1cf9ed36e4ba13e01d972/elements - {"using":"xpath","value":"//button[contains(@id, \"massStateBtn\")]"}
RESULT: {"using":"xpath","value":"//button[contains(@id, \"massStateBtn\")]"}
COMMAND: POST /session/8981aa63c4e1cf9ed36e4ba13e01d972/elements - {"using":"xpath","value":"//button[contains(@id, \"massStateBtn\")]"}
RESULT: {"using":"xpath","value":"//button[contains(@id, \"massStateBtn\")]"}
COMMAND: POST /session/8981aa63c4e1cf9ed36e4ba13e01d972/elements - {"using":"xpath","value":"//button[contains(@id, \"massStateBtn\")]"}
RESULT: {"using":"xpath","value":"//button[contains(@id, \"massStateBtn\")]"}
COMMAND: POST /session/8981aa63c4e1cf9ed36e4ba13e01d972/elements - {"using":"xpath","value":"//button[contains(@id, \"massStateBtn\")]"}
RESULT: {"using":"xpath","value":"//button[contains(@id, \"massStateBtn\")]"}
COMMAND: POST /session/8981aa63c4e1cf9ed36e4ba13e01d972/elements - {"using":"xpath","value":"//button[contains(@id, \"massStateBtn\")]"}
RESULT: {"using":"xpath","value":"//button[contains(@id, \"massStateBtn\")]"}
COMMAND: POST /session/8981aa63c4e1cf9ed36e4ba13e01d972/elements - {"using":"xpath","value":"//button[contains(@id, \"massStateBtn\")]"}
RESULT: {"using":"xpath","value":"//button[contains(@id, \"massStateBtn\")]"}
COMMAND: POST /session/8981aa63c4e1cf9ed36e4ba13e01d972/elements - {"using":"xpath","value":"//button[contains(@id, \"massStateBtn\")]"}
RESULT: {"using":"xpath","value":"//button[contains(@id, \"massStateBtn\")]"}
COMMAND: POST /session/8981aa63c4e1cf9ed36e4ba13e01d972/elements - {"using":"xpath","value":"//button[contains(@id, \"massStateBtn\")]"}
RESULT: {"using":"xpath","value":"//button[contains(@id, \"massStateBtn\")]"}
COMMAND: POST /session/8981aa63c4e1cf9ed36e4ba13e01d972/elements - {"using":"xpath","value":"//button[contains(@id, \"massStateBtn\")]"}
RESULT: {"using":"xpath","value":"//button[contains(@id, \"massStateBtn\")]"}
COMMAND: POST /session/8981aa63c4e1cf9ed36e4ba13e01d972/elements - {"using":"xpath","value":"//button[contains(@id, \"massStateBtn\")]"}
RESULT: {"using":"xpath","value":"//button[contains(@id, \"massStateBtn\")]"}
COMMAND: POST /session/8981aa63c4e1cf9ed36e4ba13e01d972/elements - {"using":"xpath","value":"//button[contains(@id, \"massStateBtn\")]"}
RESULT: {"using":"xpath","value":"//button[contains(@id, \"massStateBtn\")]"}
COMMAND: POST /session/8981aa63c4e1cf9ed36e4ba13e01d972/elements - {"using":"xpath","value":"//button[contains(@id, \"massStateBtn\")]"}
RESULT: {"using":"xpath","value":"//button[contains(@id, \"massStateBtn\")]"}
COMMAND: POST /session/8981aa63c4e1cf9ed36e4ba13e01d972/elements - {"using":"xpath","value":"//button[contains(@id, \"massStateBtn\")]"}
RESULT: {"using":"xpath","value":"//button[contains(@id, \"massStateBtn\")]"}
COMMAND: POST /session/8981aa63c4e1cf9ed36e4ba13e01d972/elements - {"using":"xpath","value":"//button[contains(@id, \"massStateBtn\")]"}
RESULT: {"using":"xpath","value":"//button[contains(@id, \"massStateBtn\")]"}
COMMAND: POST /session/8981aa63c4e1cf9ed36e4ba13e01d972/elements - {"using":"xpath","value":"//button[contains(@id, \"massStateBtn\")]"}
RESULT: {"using":"xpath","value":"//button[contains(@id, \"massStateBtn\")]"}
COMMAND: POST /session/8981aa63c4e1cf9ed36e4ba13e01d972/elements - {"using":"xpath","value":"//button[contains(@id, \"massStateBtn\")]"}
RESULT: {"using":"xpath","value":"//button[contains(@id, \"massStateBtn\")]"}
COMMAND: POST /session/8981aa63c4e1cf9ed36e4ba13e01d972/elements - {"using":"xpath","value":"//button[contains(@id, \"massStateBtn\")]"}
RESULT: {"using":"xpath","value":"//button[contains(@id, \"massStateBtn\")]"}
COMMAND: POST /session/8981aa63c4e1cf9ed36e4ba13e01d972/elements - {"using":"xpath","value":"//button[contains(@id, \"massStateBtn\")]"}
RESULT: {"using":"xpath","value":"//button[contains(@id, \"massStateBtn\")]"}
COMMAND: POST /session/8981aa63c4e1cf9ed36e4ba13e01d972/elements - {"using":"xpath","value":"//button[contains(@id, \"massStateBtn\")]"}
RESULT: {"using":"xpath","value":"//button[contains(@id, \"massStateBtn\")]"}
COMMAND: POST /session/8981aa63c4e1cf9ed36e4ba13e01d972/elements - {"using":"xpath","value":"//button[contains(@id, \"massStateBtn\")]"}
RESULT: {"using":"xpath","value":"//button[contains(@id, \"massStateBtn\")]"}
COMMAND: POST /session/8981aa63c4e1cf9ed36e4ba13e01d972/element - {"using":"xpath","value":"//button[contains(@id, \"massStateBtn\")]"}
RESULT: {"using":"xpath","value":"//button[contains(@id, \"massStateBtn\")]"}
COMMAND: POST /session/8981aa63c4e1cf9ed36e4ba13e01d972/execute/sync - {"script":"<script> [8489 bytes]","args":[{"element-6066-11e4-a52e-4f735466cecf":"f.5E8CFC1C9950487B5C96D70EC621E9EB.d.9C1A282DE1CD47ACA0097B54052D923F.e.307","ELEMENT":"f.5E8CFC1C9950487B5C96D70EC621E9EB.d.9C1A282DE1CD47ACA0097B54052D923F.e.307"}]}
RESULT: {"script":"<script> [8489 bytes]","args":[{"element-6066-11e4-a52e-4f735466cecf":"f.5E8CFC1C9950487B5C96D70EC621E9EB.d.9C1A282DE1CD47ACA0097B54052D923F.e.307","ELEMENT":"f.5E8CFC1C9950487B5C96D70EC621E9EB.d.9C1A282DE1CD47ACA0097B54052D923F.e.307"}]}
COMMAND: GET /session/8981aa63c4e1cf9ed36e4ba13e01d972/element/f.5E8CFC1C9950487B5C96D70EC621E9EB.d.9C1A282DE1CD47ACA0097B54052D923F.e.307/enabled - {}
COMMAND: GET /session/8981aa63c4e1cf9ed36e4ba13e01d972/screenshot - {}
RESULT: {}
COMMAND: POST /session/8981aa63c4e1cf9ed36e4ba13e01d972/execute/sync - {"script":"<script> [8489 bytes]","args":[{"element-6066-11e4-a52e-4f735466cecf":"f.5E8CFC1C9950487B5C96D70EC621E9EB.d.9C1A282DE1CD47ACA0097B54052D923F.e.307","ELEMENT":"f.5E8CFC1C9950487B5C96D70EC621E9EB.d.9C1A282DE1CD47ACA0097B54052D923F.e.307"}]}
COMMAND: GET /session/8981aa63c4e1cf9ed36e4ba13e01d972/screenshot - {}
RESULT: {}
RESULT: {"script":"<script> [8489 bytes]","args":[{"element-6066-11e4-a52e-4f735466cecf":"f.5E8CFC1C9950487B5C96D70EC621E9EB.d.9C1A282DE1CD47ACA0097B54052D923F.e.307","ELEMENT":"f.5E8CFC1C9950487B5C96D70EC621E9EB.d.9C1A282DE1CD47ACA0097B54052D923F.e.307"}]}
COMMAND: POST /session/8981aa63c4e1cf9ed36e4ba13e01d972/execute/sync - {"script":"<script> [5351 bytes]","args":[{"element-6066-11e4-a52e-4f735466cecf":"f.5E8CFC1C9950487B5C96D70EC621E9EB.d.9C1A282DE1CD47ACA0097B54052D923F.e.307","ELEMENT":"f.5E8CFC1C9950487B5C96D70EC621E9EB.d.9C1A282DE1CD47ACA0097B54052D923F.e.307"}]}
COMMAND: GET /session/8981aa63c4e1cf9ed36e4ba13e01d972/screenshot - {}
RESULT: {}
RESULT: {"script":"<script> [5351 bytes]","args":[{"element-6066-11e4-a52e-4f735466cecf":"f.5E8CFC1C9950487B5C96D70EC621E9EB.d.9C1A282DE1CD47ACA0097B54052D923F.e.307","ELEMENT":"f.5E8CFC1C9950487B5C96D70EC621E9EB.d.9C1A282DE1CD47ACA0097B54052D923F.e.307"}]}
COMMAND: POST /session/8981aa63c4e1cf9ed36e4ba13e01d972/element/f.5E8CFC1C9950487B5C96D70EC621E9EB.d.9C1A282DE1CD47ACA0097B54052D923F.e.307/click - {}
COMMAND: GET /session/8981aa63c4e1cf9ed36e4ba13e01d972/screenshot - {}
RESULT: {}
RESULT: {}
COMMAND: GET /session/8981aa63c4e1cf9ed36e4ba13e01d972/screenshot - {}
RESULT: {}
RESULT: {}
COMMAND: POST /session/8981aa63c4e1cf9ed36e4ba13e01d972/execute/async - {"script":"<script> [1562 bytes]","args":[{"selector":{"id":"application-ruinventorylist-display-component---Master--ruLocationTypeComboBox-arrow"},"wdio_ui5_key":"applicationruinventorylist-display-component---Master--ruLocationTypeComboBox-arrow"}]}
RESULT: {"script":"<script> [1562 bytes]","args":[{"selector":{"id":"application-ruinventorylist-display-component---Master--ruLocationTypeComboBox-arrow"},"wdio_ui5_key":"applicationruinventorylist-display-component---Master--ruLocationTypeComboBox-arrow"}]}
RESULT: undefined
COMMAND: POST /session/8981aa63c4e1cf9ed36e4ba13e01d972/element - {"using":"xpath","value":"//*[@id=\"application-ruinventorylist-display-component---Master--ruLocationTypeComboBox-arrow\"]"}
RESULT: {"using":"xpath","value":"//*[@id=\"application-ruinventorylist-display-component---Master--ruLocationTypeComboBox-arrow\"]"}
COMMAND: POST /session/8981aa63c4e1cf9ed36e4ba13e01d972/element/f.5E8CFC1C9950487B5C96D70EC621E9EB.d.9C1A282DE1CD47ACA0097B54052D923F.e.660/click - {}
RESULT: {}
COMMAND: GET /session/8981aa63c4e1cf9ed36e4ba13e01d972/screenshot - {}
RESULT: {}
COMMAND: POST /session/8981aa63c4e1cf9ed36e4ba13e01d972/element - {"using":"xpath","value":"//li[.//span[text()='Yard']]"}
RESULT: {"using":"xpath","value":"//li[.//span[text()='Yard']]"}
COMMAND: POST /session/8981aa63c4e1cf9ed36e4ba13e01d972/element/f.5E8CFC1C9950487B5C96D70EC621E9EB.d.9C1A282DE1CD47ACA0097B54052D923F.e.661/click - {}
RESULT: {}
COMMAND: GET /session/8981aa63c4e1cf9ed36e4ba13e01d972/screenshot - {}
RESULT: {}
COMMAND: POST /session/8981aa63c4e1cf9ed36e4ba13e01d972/execute/async - {"script":"<script> [1562 bytes]","args":[{"selector":{"id":"application-ruinventorylist-display-component---Master--smartFilterBar-filterItemControl_BASIC-YARD-vhi"},"wdio_ui5_key":"applicationruinventorylist-display-component---Master--smartFilterBar-filterItemControl_BASIC-YARD-vhi"}]}
RESULT: {"script":"<script> [1562 bytes]","args":[{"selector":{"id":"application-ruinventorylist-display-component---Master--smartFilterBar-filterItemControl_BASIC-YARD-vhi"},"wdio_ui5_key":"applicationruinventorylist-display-component---Master--smartFilterBar-filterItemControl_BASIC-YARD-vhi"}]}
RESULT: undefined
COMMAND: POST /session/8981aa63c4e1cf9ed36e4ba13e01d972/element - {"using":"xpath","value":"//*[@id=\"application-ruinventorylist-display-component---Master--smartFilterBar-filterItemControl_BASIC-YARD-vhi\"]"}
RESULT: {"using":"xpath","value":"//*[@id=\"application-ruinventorylist-display-component---Master--smartFilterBar-filterItemControl_BASIC-YARD-vhi\"]"}
COMMAND: POST /session/8981aa63c4e1cf9ed36e4ba13e01d972/element/f.5E8CFC1C9950487B5C96D70EC621E9EB.d.9C1A282DE1CD47ACA0097B54052D923F.e.730/click - {}
RESULT: {}
COMMAND: GET /session/8981aa63c4e1cf9ed36e4ba13e01d972/screenshot - {}
RESULT: {}
COMMAND: POST /session/8981aa63c4e1cf9ed36e4ba13e01d972/execute/async - {"script":"<script> [1562 bytes]","args":[{"selector":{"id":"application-ruinventorylist-display-component---Master--smartFilterBar-filterItemControl_BASIC-YARD-valueHelpDialog-smartFilterBar-btnBasicSearch","searchOpenDialogs":true,"interaction":{"idSuffix":"I"}},"wdio_ui5_key":"applicationruinventorylist-display-component---Master--smartFilterBar-filterItemControl_BASIC-YARD-valueHelpDialog-smartFilterBar-btnBasicSearch"}]}
RESULT: {"script":"<script> [1562 bytes]","args":[{"selector":{"id":"application-ruinventorylist-display-component---Master--smartFilterBar-filterItemControl_BASIC-YARD-valueHelpDialog-smartFilterBar-btnBasicSearch","searchOpenDialogs":true,"interaction":{"idSuffix":"I"}},"wdio_ui5_key":"applicationruinventorylist-display-component---Master--smartFilterBar-filterItemControl_BASIC-YARD-valueHelpDialog-smartFilterBar-btnBasicSearch"}]}
RESULT: undefined
COMMAND: POST /session/8981aa63c4e1cf9ed36e4ba13e01d972/execute/async - {"script":"<script> [776 bytes]","args":[{"enterText":"109","selector":{"id":"application-ruinventorylist-display-component---Master--smartFilterBar-filterItemControl_BASIC-YARD-valueHelpDialog-smartFilterBar-btnBasicSearch","searchOpenDialogs":true,"interaction":{"idSuffix":"I"}},"clearTextFirst":true,"interactionType":"ENTER_TEXT"}]}
RESULT: {"script":"<script> [776 bytes]","args":[{"enterText":"109","selector":{"id":"application-ruinventorylist-display-component---Master--smartFilterBar-filterItemControl_BASIC-YARD-valueHelpDialog-smartFilterBar-btnBasicSearch","searchOpenDialogs":true,"interaction":{"idSuffix":"I"}},"clearTextFirst":true,"interactionType":"ENTER_TEXT"}]}
COMMAND: POST /session/8981aa63c4e1cf9ed36e4ba13e01d972/actions - {"actions":[{"id":"action1","type":"key","parameters":{},"actions":[{"type":"keyDown","value":"î€‡"},{"type":"pause","duration":10},{"type":"keyUp","value":"î€‡"}]}]}
RESULT: {"actions":[{"id":"action1","type":"key","parameters":{},"actions":[{"type":"keyDown","value":"î€‡"},{"type":"pause","duration":10},{"type":"keyUp","value":"î€‡"}]}]}
COMMAND: GET /session/8981aa63c4e1cf9ed36e4ba13e01d972/screenshot - {}
RESULT: {}
COMMAND: POST /session/8981aa63c4e1cf9ed36e4ba13e01d972/elements - {"using":"xpath","value":"//table[contains(@id, \"filterItemControl_BASIC-YARD-valueHelpDialog-table-table\")]/tbody/tr"}
RESULT: {"using":"xpath","value":"//table[contains(@id, \"filterItemControl_BASIC-YARD-valueHelpDialog-table-table\")]/tbody/tr"}
COMMAND: POST /session/8981aa63c4e1cf9ed36e4ba13e01d972/element - {"using":"xpath","value":"//table[contains(@id, \"filterItemControl_BASIC-YARD-valueHelpDialog-table-table\")]/tbody/tr[1]/td[1]/div/span"}
RESULT: {"using":"xpath","value":"//table[contains(@id, \"filterItemControl_BASIC-YARD-valueHelpDialog-table-table\")]/tbody/tr[1]/td[1]/div/span"}
COMMAND: POST /session/8981aa63c4e1cf9ed36e4ba13e01d972/elements - {"using":"xpath","value":"//table[contains(@id, \"filterItemControl_BASIC-YARD-valueHelpDialog-table-table\")]/tbody/tr[1]/td[1]/div/span"}
RESULT: {"using":"xpath","value":"//table[contains(@id, \"filterItemControl_BASIC-YARD-valueHelpDialog-table-table\")]/tbody/tr[1]/td[1]/div/span"}
COMMAND: POST /session/8981aa63c4e1cf9ed36e4ba13e01d972/execute/sync - {"script":"<script> [56 bytes]","args":[{"element-6066-11e4-a52e-4f735466cecf":"f.5E8CFC1C9950487B5C96D70EC621E9EB.d.9C1A282DE1CD47ACA0097B54052D923F.e.752","ELEMENT":"f.5E8CFC1C9950487B5C96D70EC621E9EB.d.9C1A282DE1CD47ACA0097B54052D923F.e.752"}]}
RESULT: {"script":"<script> [56 bytes]","args":[{"element-6066-11e4-a52e-4f735466cecf":"f.5E8CFC1C9950487B5C96D70EC621E9EB.d.9C1A282DE1CD47ACA0097B54052D923F.e.752","ELEMENT":"f.5E8CFC1C9950487B5C96D70EC621E9EB.d.9C1A282DE1CD47ACA0097B54052D923F.e.752"}]}
COMMAND: POST /session/8981aa63c4e1cf9ed36e4ba13e01d972/element - {"using":"xpath","value":"//div[contains(@id, \"filterItemControl_BASIC-YARD-valueHelpDialog-table-rowsel0\")]"}
COMMAND: GET /session/8981aa63c4e1cf9ed36e4ba13e01d972/screenshot - {}
RESULT: {"using":"xpath","value":"//div[contains(@id, \"filterItemControl_BASIC-YARD-valueHelpDialog-table-rowsel0\")]"}
COMMAND: POST /session/8981aa63c4e1cf9ed36e4ba13e01d972/element/f.5E8CFC1C9950487B5C96D70EC621E9EB.d.9C1A282DE1CD47ACA0097B54052D923F.e.753/click - {}
RESULT: {}
RESULT: {}
COMMAND: GET /session/8981aa63c4e1cf9ed36e4ba13e01d972/screenshot - {}
RESULT: {}
COMMAND: POST /session/8981aa63c4e1cf9ed36e4ba13e01d972/element - {"using":"xpath","value":"//div[contains(@id, \"smartFilterBar-filterItemControl_BASIC-YARD-valueHelpDialog-smartFilterBar-btnBasicSearch-reset\")]"}
RESULT: {"using":"xpath","value":"//div[contains(@id, \"smartFilterBar-filterItemControl_BASIC-YARD-valueHelpDialog-smartFilterBar-btnBasicSearch-reset\")]"}
COMMAND: POST /session/8981aa63c4e1cf9ed36e4ba13e01d972/element/f.5E8CFC1C9950487B5C96D70EC621E9EB.d.9C1A282DE1CD47ACA0097B54052D923F.e.755/click - {}
RESULT: {}
RESULT: undefined
COMMAND: POST /session/8981aa63c4e1cf9ed36e4ba13e01d972/execute/async - {"script":"<script> [776 bytes]","args":[{"enterText":"OPA5_BST01_YARD1","selector":{"id":"application-ruinventorylist-display-component---Master--smartFilterBar-filterItemControl_BASIC-YARD-valueHelpDialog-smartFilterBar-btnBasicSearch","searchOpenDialogs":true,"interaction":{"idSuffix":"I"}},"clearTextFirst":true,"interactionType":"ENTER_TEXT"}]}
COMMAND: GET /session/8981aa63c4e1cf9ed36e4ba13e01d972/screenshot - {}
RESULT: {"script":"<script> [776 bytes]","args":[{"enterText":"OPA5_BST01_YARD1","selector":{"id":"application-ruinventorylist-display-component---Master--smartFilterBar-filterItemControl_BASIC-YARD-valueHelpDialog-smartFilterBar-btnBasicSearch","searchOpenDialogs":true,"interaction":{"idSuffix":"I"}},"clearTextFirst":true,"interactionType":"ENTER_TEXT"}]}
COMMAND: POST /session/8981aa63c4e1cf9ed36e4ba13e01d972/actions - {"actions":[{"id":"action2","type":"key","parameters":{},"actions":[{"type":"keyDown","value":"î€‡"},{"type":"pause","duration":10},{"type":"keyUp","value":"î€‡"}]}]}
RESULT: {}
RESULT: {"actions":[{"id":"action2","type":"key","parameters":{},"actions":[{"type":"keyDown","value":"î€‡"},{"type":"pause","duration":10},{"type":"keyUp","value":"î€‡"}]}]}
COMMAND: GET /session/8981aa63c4e1cf9ed36e4ba13e01d972/screenshot - {}
RESULT: {}
COMMAND: POST /session/8981aa63c4e1cf9ed36e4ba13e01d972/elements - {"using":"xpath","value":"//table[contains(@id, \"filterItemControl_BASIC-YARD-valueHelpDialog-table-table\")]/tbody/tr"}
RESULT: {"using":"xpath","value":"//table[contains(@id, \"filterItemControl_BASIC-YARD-valueHelpDialog-table-table\")]/tbody/tr"}
COMMAND: POST /session/8981aa63c4e1cf9ed36e4ba13e01d972/element - {"using":"xpath","value":"//table[contains(@id, \"filterItemControl_BASIC-YARD-valueHelpDialog-table-table\")]/tbody/tr[1]/td[1]/div/span"}
RESULT: {"using":"xpath","value":"//table[contains(@id, \"filterItemControl_BASIC-YARD-valueHelpDialog-table-table\")]/tbody/tr[1]/td[1]/div/span"}
COMMAND: POST /session/8981aa63c4e1cf9ed36e4ba13e01d972/elements - {"using":"xpath","value":"//table[contains(@id, \"filterItemControl_BASIC-YARD-valueHelpDialog-table-table\")]/tbody/tr[1]/td[1]/div/span"}
RESULT: {"using":"xpath","value":"//table[contains(@id, \"filterItemControl_BASIC-YARD-valueHelpDialog-table-table\")]/tbody/tr[1]/td[1]/div/span"}
COMMAND: POST /session/8981aa63c4e1cf9ed36e4ba13e01d972/execute/sync - {"script":"<script> [56 bytes]","args":[{"element-6066-11e4-a52e-4f735466cecf":"f.5E8CFC1C9950487B5C96D70EC621E9EB.d.9C1A282DE1CD47ACA0097B54052D923F.e.752","ELEMENT":"f.5E8CFC1C9950487B5C96D70EC621E9EB.d.9C1A282DE1CD47ACA0097B54052D923F.e.752"}]}
RESULT: {"script":"<script> [56 bytes]","args":[{"element-6066-11e4-a52e-4f735466cecf":"f.5E8CFC1C9950487B5C96D70EC621E9EB.d.9C1A282DE1CD47ACA0097B54052D923F.e.752","ELEMENT":"f.5E8CFC1C9950487B5C96D70EC621E9EB.d.9C1A282DE1CD47ACA0097B54052D923F.e.752"}]}
COMMAND: POST /session/8981aa63c4e1cf9ed36e4ba13e01d972/element - {"using":"xpath","value":"//div[contains(@id, \"filterItemControl_BASIC-YARD-valueHelpDialog-table-rowsel0\")]"}
COMMAND: GET /session/8981aa63c4e1cf9ed36e4ba13e01d972/screenshot - {}
RESULT: {"using":"xpath","value":"//div[contains(@id, \"filterItemControl_BASIC-YARD-valueHelpDialog-table-rowsel0\")]"}
COMMAND: POST /session/8981aa63c4e1cf9ed36e4ba13e01d972/element/f.5E8CFC1C9950487B5C96D70EC621E9EB.d.9C1A282DE1CD47ACA0097B54052D923F.e.753/click - {}
RESULT: {}
RESULT: {}
COMMAND: GET /session/8981aa63c4e1cf9ed36e4ba13e01d972/screenshot - {}
RESULT: {}
COMMAND: POST /session/8981aa63c4e1cf9ed36e4ba13e01d972/element - {"using":"xpath","value":"(//bdi[contains(text(), \"OK\")])[1]"}
RESULT: {"using":"xpath","value":"(//bdi[contains(text(), \"OK\")])[1]"}
COMMAND: POST /session/8981aa63c4e1cf9ed36e4ba13e01d972/element/f.5E8CFC1C9950487B5C96D70EC621E9EB.d.9C1A282DE1CD47ACA0097B54052D923F.e.756/click - {}
RESULT: {}
COMMAND: GET /session/8981aa63c4e1cf9ed36e4ba13e01d972/screenshot - {}
RESULT: {}
COMMAND: POST /session/8981aa63c4e1cf9ed36e4ba13e01d972/element - {"using":"xpath","value":"//span[@id=\"application-ruinventorylist-display-component---Master--smartTableRuInventoryList-header-inner\"]"}
RESULT: {"using":"xpath","value":"//span[@id=\"application-ruinventorylist-display-component---Master--smartTableRuInventoryList-header-inner\"]"}
COMMAND: POST /session/8981aa63c4e1cf9ed36e4ba13e01d972/elements - {"using":"xpath","value":"//span[@id=\"application-ruinventorylist-display-component---Master--smartTableRuInventoryList-header-inner\"]"}
RESULT: {"using":"xpath","value":"//span[@id=\"application-ruinventorylist-display-component---Master--smartTableRuInventoryList-header-inner\"]"}
COMMAND: POST /session/8981aa63c4e1cf9ed36e4ba13e01d972/execute/sync - {"script":"<script> [56 bytes]","args":[{"element-6066-11e4-a52e-4f735466cecf":"f.5E8CFC1C9950487B5C96D70EC621E9EB.d.9C1A282DE1CD47ACA0097B54052D923F.e.903","ELEMENT":"f.5E8CFC1C9950487B5C96D70EC621E9EB.d.9C1A282DE1CD47ACA0097B54052D923F.e.903"}]}
RESULT: {"script":"<script> [56 bytes]","args":[{"element-6066-11e4-a52e-4f735466cecf":"f.5E8CFC1C9950487B5C96D70EC621E9EB.d.9C1A282DE1CD47ACA0097B54052D923F.e.903","ELEMENT":"f.5E8CFC1C9950487B5C96D70EC621E9EB.d.9C1A282DE1CD47ACA0097B54052D923F.e.903"}]}
COMMAND: POST /session/8981aa63c4e1cf9ed36e4ba13e01d972/execute/async - {"script":"<script> [1562 bytes]","args":[{"selector":{"id":"application-ruinventorylist-display-component---Master--smartFilterBar-btnBasicSearch","interaction":{"idSuffix":"I"}},"wdio_ui5_key":"applicationruinventorylist-display-component---Master--smartFilterBar-btnBasicSearch"}]}
COMMAND: GET /session/8981aa63c4e1cf9ed36e4ba13e01d972/screenshot - {}
RESULT: {"script":"<script> [1562 bytes]","args":[{"selector":{"id":"application-ruinventorylist-display-component---Master--smartFilterBar-btnBasicSearch","interaction":{"idSuffix":"I"}},"wdio_ui5_key":"applicationruinventorylist-display-component---Master--smartFilterBar-btnBasicSearch"}]}
RESULT: undefined
COMMAND: POST /session/8981aa63c4e1cf9ed36e4ba13e01d972/execute/async - {"script":"<script> [776 bytes]","args":[{"enterText":"600002","selector":{"id":"application-ruinventorylist-display-component---Master--smartFilterBar-btnBasicSearch","interaction":{"idSuffix":"I"}},"clearTextFirst":true,"interactionType":"ENTER_TEXT"}]}
RESULT: {}
RESULT: {"script":"<script> [776 bytes]","args":[{"enterText":"600002","selector":{"id":"application-ruinventorylist-display-component---Master--smartFilterBar-btnBasicSearch","interaction":{"idSuffix":"I"}},"clearTextFirst":true,"interactionType":"ENTER_TEXT"}]}
COMMAND: POST /session/8981aa63c4e1cf9ed36e4ba13e01d972/actions - {"actions":[{"id":"action3","type":"key","parameters":{},"actions":[{"type":"keyDown","value":"î€‡"},{"type":"pause","duration":10},{"type":"keyUp","value":"î€‡"}]}]}
RESULT: {"actions":[{"id":"action3","type":"key","parameters":{},"actions":[{"type":"keyDown","value":"î€‡"},{"type":"pause","duration":10},{"type":"keyUp","value":"î€‡"}]}]}
COMMAND: GET /session/8981aa63c4e1cf9ed36e4ba13e01d972/screenshot - {}
RESULT: {}
COMMAND: POST /session/8981aa63c4e1cf9ed36e4ba13e01d972/element - {"using":"xpath","value":"//span[@id=\"application-ruinventorylist-display-component---Master--smartTableRuInventoryList-header-inner\"]"}
RESULT: {"using":"xpath","value":"//span[@id=\"application-ruinventorylist-display-component---Master--smartTableRuInventoryList-header-inner\"]"}
COMMAND: POST /session/8981aa63c4e1cf9ed36e4ba13e01d972/elements - {"using":"xpath","value":"//span[@id=\"application-ruinventorylist-display-component---Master--smartTableRuInventoryList-header-inner\"]"}
RESULT: {"using":"xpath","value":"//span[@id=\"application-ruinventorylist-display-component---Master--smartTableRuInventoryList-header-inner\"]"}
COMMAND: POST /session/8981aa63c4e1cf9ed36e4ba13e01d972/execute/sync - {"script":"<script> [56 bytes]","args":[{"element-6066-11e4-a52e-4f735466cecf":"f.5E8CFC1C9950487B5C96D70EC621E9EB.d.9C1A282DE1CD47ACA0097B54052D923F.e.903","ELEMENT":"f.5E8CFC1C9950487B5C96D70EC621E9EB.d.9C1A282DE1CD47ACA0097B54052D923F.e.903"}]}
RESULT: {"script":"<script> [56 bytes]","args":[{"element-6066-11e4-a52e-4f735466cecf":"f.5E8CFC1C9950487B5C96D70EC621E9EB.d.9C1A282DE1CD47ACA0097B54052D923F.e.903","ELEMENT":"f.5E8CFC1C9950487B5C96D70EC621E9EB.d.9C1A282DE1CD47ACA0097B54052D923F.e.903"}]}
COMMAND: POST /session/8981aa63c4e1cf9ed36e4ba13e01d972/element - {"using":"xpath","value":"//table[contains(@id, \"application-ruinventorylist-display-component---Master--tableRuInventoryList-listUl\")]/tbody/tr[1]/td[2]/div/div"}
COMMAND: GET /session/8981aa63c4e1cf9ed36e4ba13e01d972/screenshot - {}
RESULT: {"using":"xpath","value":"//table[contains(@id, \"application-ruinventorylist-display-component---Master--tableRuInventoryList-listUl\")]/tbody/tr[1]/td[2]/div/div"}
COMMAND: POST /session/8981aa63c4e1cf9ed36e4ba13e01d972/element/f.5E8CFC1C9950487B5C96D70EC621E9EB.d.9C1A282DE1CD47ACA0097B54052D923F.e.911/click - {}
RESULT: {}
RESULT: {}
COMMAND: GET /session/8981aa63c4e1cf9ed36e4ba13e01d972/screenshot - {}
RESULT: {}
COMMAND: POST /session/8981aa63c4e1cf9ed36e4ba13e01d972/element - {"using":"xpath","value":"//div[contains(@id, \"smartFilterBar-btnBasicSearch-reset\")]"}
RESULT: {"using":"xpath","value":"//div[contains(@id, \"smartFilterBar-btnBasicSearch-reset\")]"}
COMMAND: POST /session/8981aa63c4e1cf9ed36e4ba13e01d972/element/f.5E8CFC1C9950487B5C96D70EC621E9EB.d.9C1A282DE1CD47ACA0097B54052D923F.e.921/click - {}
RESULT: {}
COMMAND: GET /session/8981aa63c4e1cf9ed36e4ba13e01d972/screenshot - {}
RESULT: {}
RESULT: undefined
COMMAND: POST /session/8981aa63c4e1cf9ed36e4ba13e01d972/execute/async - {"script":"<script> [776 bytes]","args":[{"enterText":"401002","selector":{"id":"application-ruinventorylist-display-component---Master--smartFilterBar-btnBasicSearch","interaction":{"idSuffix":"I"}},"clearTextFirst":true,"interactionType":"ENTER_TEXT"}]}
RESULT: {"script":"<script> [776 bytes]","args":[{"enterText":"401002","selector":{"id":"application-ruinventorylist-display-component---Master--smartFilterBar-btnBasicSearch","interaction":{"idSuffix":"I"}},"clearTextFirst":true,"interactionType":"ENTER_TEXT"}]}
COMMAND: POST /session/8981aa63c4e1cf9ed36e4ba13e01d972/actions - {"actions":[{"id":"action4","type":"key","parameters":{},"actions":[{"type":"keyDown","value":"î€‡"},{"type":"pause","duration":10},{"type":"keyUp","value":"î€‡"}]}]}
RESULT: {"actions":[{"id":"action4","type":"key","parameters":{},"actions":[{"type":"keyDown","value":"î€‡"},{"type":"pause","duration":10},{"type":"keyUp","value":"î€‡"}]}]}
COMMAND: GET /session/8981aa63c4e1cf9ed36e4ba13e01d972/screenshot - {}
RESULT: {}
COMMAND: POST /session/8981aa63c4e1cf9ed36e4ba13e01d972/element - {"using":"xpath","value":"//span[@id=\"application-ruinventorylist-display-component---Master--smartTableRuInventoryList-header-inner\"]"}
RESULT: {"using":"xpath","value":"//span[@id=\"application-ruinventorylist-display-component---Master--smartTableRuInventoryList-header-inner\"]"}
COMMAND: POST /session/8981aa63c4e1cf9ed36e4ba13e01d972/elements - {"using":"xpath","value":"//span[@id=\"application-ruinventorylist-display-component---Master--smartTableRuInventoryList-header-inner\"]"}
RESULT: {"using":"xpath","value":"//span[@id=\"application-ruinventorylist-display-component---Master--smartTableRuInventoryList-header-inner\"]"}
COMMAND: POST /session/8981aa63c4e1cf9ed36e4ba13e01d972/execute/sync - {"script":"<script> [56 bytes]","args":[{"element-6066-11e4-a52e-4f735466cecf":"f.5E8CFC1C9950487B5C96D70EC621E9EB.d.9C1A282DE1CD47ACA0097B54052D923F.e.903","ELEMENT":"f.5E8CFC1C9950487B5C96D70EC621E9EB.d.9C1A282DE1CD47ACA0097B54052D923F.e.903"}]}
RESULT: {"script":"<script> [56 bytes]","args":[{"element-6066-11e4-a52e-4f735466cecf":"f.5E8CFC1C9950487B5C96D70EC621E9EB.d.9C1A282DE1CD47ACA0097B54052D923F.e.903","ELEMENT":"f.5E8CFC1C9950487B5C96D70EC621E9EB.d.9C1A282DE1CD47ACA0097B54052D923F.e.903"}]}
COMMAND: POST /session/8981aa63c4e1cf9ed36e4ba13e01d972/element - {"using":"xpath","value":"//table[contains(@id, \"application-ruinventorylist-display-component---Master--tableRuInventoryList-listUl\")]/tbody/tr[1]/td[2]/div/div"}
COMMAND: GET /session/8981aa63c4e1cf9ed36e4ba13e01d972/screenshot - {}
RESULT: {"using":"xpath","value":"//table[contains(@id, \"application-ruinventorylist-display-component---Master--tableRuInventoryList-listUl\")]/tbody/tr[1]/td[2]/div/div"}
COMMAND: POST /session/8981aa63c4e1cf9ed36e4ba13e01d972/element/f.5E8CFC1C9950487B5C96D70EC621E9EB.d.9C1A282DE1CD47ACA0097B54052D923F.e.1085/click - {}
RESULT: {}
RESULT: {}
COMMAND: GET /session/8981aa63c4e1cf9ed36e4ba13e01d972/screenshot - {}
RESULT: {}
COMMAND: POST /session/8981aa63c4e1cf9ed36e4ba13e01d972/element - {"using":"xpath","value":"//div[contains(@id, \"smartFilterBar-btnBasicSearch-reset\")]"}
RESULT: {"using":"xpath","value":"//div[contains(@id, \"smartFilterBar-btnBasicSearch-reset\")]"}
COMMAND: POST /session/8981aa63c4e1cf9ed36e4ba13e01d972/element/f.5E8CFC1C9950487B5C96D70EC621E9EB.d.9C1A282DE1CD47ACA0097B54052D923F.e.921/click - {}
RESULT: {}
COMMAND: GET /session/8981aa63c4e1cf9ed36e4ba13e01d972/screenshot - {}
RESULT: {}
COMMAND: POST /session/8981aa63c4e1cf9ed36e4ba13e01d972/element/f.5E8CFC1C9950487B5C96D70EC621E9EB.d.9C1A282DE1CD47ACA0097B54052D923F.e.307/click - {}
RESULT: {}
COMMAND: GET /session/8981aa63c4e1cf9ed36e4ba13e01d972/screenshot - {}
RESULT: {}
COMMAND: POST /session/8981aa63c4e1cf9ed36e4ba13e01d972/execute/async - {"script":"<script> [1562 bytes]","args":[{"selector":{"controlType":"sap.m.Title","viewName":"etm.portal.ui.ruinventorylist.view.Master","viewId":"application-ruinventorylist-display-component---Master","properties":{"text":"Mass State Change"},"searchOpenDialogs":true},"wdio_ui5_key":"etmportal.ui.ruinventorylist.view.Mastersap.m.Title{\"text\":\"Mass State Change\"}"}]}
RESULT: {"script":"<script> [1562 bytes]","args":[{"selector":{"controlType":"sap.m.Title","viewName":"etm.portal.ui.ruinventorylist.view.Master","viewId":"application-ruinventorylist-display-component---Master","properties":{"text":"Mass State Change"},"searchOpenDialogs":true},"wdio_ui5_key":"etmportal.ui.ruinventorylist.view.Mastersap.m.Title{\"text\":\"Mass State Change\"}"}]}
RESULT: undefined
COMMAND: POST /session/8981aa63c4e1cf9ed36e4ba13e01d972/execute/async - {"script":"<script> [6424 bytes]","args":[{"element-6066-11e4-a52e-4f735466cecf":"f.5E8CFC1C9950487B5C96D70EC621E9EB.d.9C1A282DE1CD47ACA0097B54052D923F.e.1268"},"getText",[]]}
RESULT: {"script":"<script> [6424 bytes]","args":[{"element-6066-11e4-a52e-4f735466cecf":"f.5E8CFC1C9950487B5C96D70EC621E9EB.d.9C1A282DE1CD47ACA0097B54052D923F.e.1268"},"getText",[]]}
COMMAND: POST /session/8981aa63c4e1cf9ed36e4ba13e01d972/element - {"using":"xpath","value":"(//bdi[contains(text(), \"OK\")])[1]"}
RESULT: {"using":"xpath","value":"(//bdi[contains(text(), \"OK\")])[1]"}
COMMAND: POST /session/8981aa63c4e1cf9ed36e4ba13e01d972/element/f.5E8CFC1C9950487B5C96D70EC621E9EB.d.9C1A282DE1CD47ACA0097B54052D923F.e.1269/click - {}
RESULT: {}
COMMAND: GET /session/8981aa63c4e1cf9ed36e4ba13e01d972/screenshot - {}
RESULT: {}
COMMAND: POST /session/8981aa63c4e1cf9ed36e4ba13e01d972/element - {"using":"css selector","value":"div.sapMMessageBoxError"}
RESULT: {"using":"css selector","value":"div.sapMMessageBoxError"}
COMMAND: POST /session/8981aa63c4e1cf9ed36e4ba13e01d972/elements - {"using":"css selector","value":"div.sapMMessageBoxError"}
RESULT: {"using":"css selector","value":"div.sapMMessageBoxError"}
COMMAND: POST /session/8981aa63c4e1cf9ed36e4ba13e01d972/element - {"using":"xpath","value":"(//bdi[contains(text(), \"Close\")])[1]"}
RESULT: {"using":"xpath","value":"(//bdi[contains(text(), \"Close\")])[1]"}
COMMAND: POST /session/8981aa63c4e1cf9ed36e4ba13e01d972/element/f.5E8CFC1C9950487B5C96D70EC621E9EB.d.9C1A282DE1CD47ACA0097B54052D923F.e.1273/click - {}
RESULT: {}
COMMAND: GET /session/8981aa63c4e1cf9ed36e4ba13e01d972/screenshot - {}
RESULT: {}
COMMAND: POST /session/8981aa63c4e1cf9ed36e4ba13e01d972/execute/async - {"script":"<script> [1562 bytes]","args":[{"selector":{"id":"application-ruinventorylist-display-component---Master--ruStateTypes-arrow","searchOpenDialogs":true},"wdio_ui5_key":"applicationruinventorylist-display-component---Master--ruStateTypes-arrow"}]}
RESULT: {"script":"<script> [1562 bytes]","args":[{"selector":{"id":"application-ruinventorylist-display-component---Master--ruStateTypes-arrow","searchOpenDialogs":true},"wdio_ui5_key":"applicationruinventorylist-display-component---Master--ruStateTypes-arrow"}]}
RESULT: undefined
COMMAND: POST /session/8981aa63c4e1cf9ed36e4ba13e01d972/element - {"using":"xpath","value":"//*[@id=\"application-ruinventorylist-display-component---Master--ruStateTypes-arrow\"]"}
RESULT: {"using":"xpath","value":"//*[@id=\"application-ruinventorylist-display-component---Master--ruStateTypes-arrow\"]"}
COMMAND: POST /session/8981aa63c4e1cf9ed36e4ba13e01d972/element/f.5E8CFC1C9950487B5C96D70EC621E9EB.d.9C1A282DE1CD47ACA0097B54052D923F.e.1275/click - {}
RESULT: {}
COMMAND: GET /session/8981aa63c4e1cf9ed36e4ba13e01d972/screenshot - {}
RESULT: {}
COMMAND: POST /session/8981aa63c4e1cf9ed36e4ba13e01d972/element - {"using":"xpath","value":"//li[.//span[text()=\"defect\"]]"}
RESULT: {"using":"xpath","value":"//li[.//span[text()=\"defect\"]]"}
COMMAND: POST /session/8981aa63c4e1cf9ed36e4ba13e01d972/element/f.5E8CFC1C9950487B5C96D70EC621E9EB.d.9C1A282DE1CD47ACA0097B54052D923F.e.1276/click - {}
RESULT: {}
COMMAND: GET /session/8981aa63c4e1cf9ed36e4ba13e01d972/screenshot - {}
RESULT: {}
COMMAND: POST /session/8981aa63c4e1cf9ed36e4ba13e01d972/element - {"using":"xpath","value":"(//span[@data-kt=\"trashMassStateChangeIcon\"])[1]"}
RESULT: {"using":"xpath","value":"(//span[@data-kt=\"trashMassStateChangeIcon\"])[1]"}
COMMAND: POST /session/8981aa63c4e1cf9ed36e4ba13e01d972/element/f.5E8CFC1C9950487B5C96D70EC621E9EB.d.9C1A282DE1CD47ACA0097B54052D923F.e.1277/click - {}
RESULT: {}
COMMAND: GET /session/8981aa63c4e1cf9ed36e4ba13e01d972/screenshot - {}
RESULT: {}
COMMAND: POST /session/8981aa63c4e1cf9ed36e4ba13e01d972/element - {"using":"xpath","value":"//table[contains(@id, \"massStateChangeTable-listUl\")]/tbody/tr[1]/td[11]/div/div/div/input"}
RESULT: {"using":"xpath","value":"//table[contains(@id, \"massStateChangeTable-listUl\")]/tbody/tr[1]/td[11]/div/div/div/input"}
COMMAND: GET /session/8981aa63c4e1cf9ed36e4ba13e01d972/element/f.5E8CFC1C9950487B5C96D70EC621E9EB.d.9C1A282DE1CD47ACA0097B54052D923F.e.1261/property/value - {}
RESULT: {}
COMMAND: POST /session/8981aa63c4e1cf9ed36e4ba13e01d972/element - {"using":"xpath","value":"(//span[@data-kt=\"trashMassStateChangeIcon\"])[2]"}
COMMAND: GET /session/8981aa63c4e1cf9ed36e4ba13e01d972/screenshot - {}
RESULT: {"using":"xpath","value":"(//span[@data-kt=\"trashMassStateChangeIcon\"])[2]"}
COMMAND: POST /session/8981aa63c4e1cf9ed36e4ba13e01d972/element/f.5E8CFC1C9950487B5C96D70EC621E9EB.d.9C1A282DE1CD47ACA0097B54052D923F.e.1279/click - {}
RESULT: {}
RESULT: {}
COMMAND: GET /session/8981aa63c4e1cf9ed36e4ba13e01d972/screenshot - {}
RESULT: {}
COMMAND: POST /session/8981aa63c4e1cf9ed36e4ba13e01d972/element - {"using":"xpath","value":"//table[contains(@id, \"massStateChangeTable-listUl\")]/tbody/tr[2]/td[11]/div/div/div/input"}
RESULT: {"using":"xpath","value":"//table[contains(@id, \"massStateChangeTable-listUl\")]/tbody/tr[2]/td[11]/div/div/div/input"}
COMMAND: GET /session/8981aa63c4e1cf9ed36e4ba13e01d972/element/f.5E8CFC1C9950487B5C96D70EC621E9EB.d.9C1A282DE1CD47ACA0097B54052D923F.e.1265/property/value - {}
RESULT: {}
COMMAND: POST /session/8981aa63c4e1cf9ed36e4ba13e01d972/element - {"using":"xpath","value":"//table[contains(@id, \"massStateChangeTable-listUl\")]/tbody/tr[1]/td[10]/div/span/span[1]"}
COMMAND: GET /session/8981aa63c4e1cf9ed36e4ba13e01d972/screenshot - {}
RESULT: {"using":"xpath","value":"//table[contains(@id, \"massStateChangeTable-listUl\")]/tbody/tr[1]/td[10]/div/span/span[1]"}
COMMAND: POST /session/8981aa63c4e1cf9ed36e4ba13e01d972/execute/sync - {"script":"<script> [56 bytes]","args":[{"element-6066-11e4-a52e-4f735466cecf":"f.5E8CFC1C9950487B5C96D70EC621E9EB.d.9C1A282DE1CD47ACA0097B54052D923F.e.1281","ELEMENT":"f.5E8CFC1C9950487B5C96D70EC621E9EB.d.9C1A282DE1CD47ACA0097B54052D923F.e.1281"}]}
RESULT: {}
RESULT: {"script":"<script> [56 bytes]","args":[{"element-6066-11e4-a52e-4f735466cecf":"f.5E8CFC1C9950487B5C96D70EC621E9EB.d.9C1A282DE1CD47ACA0097B54052D923F.e.1281","ELEMENT":"f.5E8CFC1C9950487B5C96D70EC621E9EB.d.9C1A282DE1CD47ACA0097B54052D923F.e.1281"}]}
COMMAND: POST /session/8981aa63c4e1cf9ed36e4ba13e01d972/element - {"using":"xpath","value":"//table[contains(@id, \"massStateChangeTable-listUl\")]/tbody/tr[1]/td[11]/div/div/div/div[2]/span"}
COMMAND: GET /session/8981aa63c4e1cf9ed36e4ba13e01d972/screenshot - {}
RESULT: {"using":"xpath","value":"//table[contains(@id, \"massStateChangeTable-listUl\")]/tbody/tr[1]/td[11]/div/div/div/div[2]/span"}
COMMAND: POST /session/8981aa63c4e1cf9ed36e4ba13e01d972/element/f.5E8CFC1C9950487B5C96D70EC621E9EB.d.9C1A282DE1CD47ACA0097B54052D923F.e.1282/click - {}
RESULT: {}
RESULT: {}
COMMAND: GET /session/8981aa63c4e1cf9ed36e4ba13e01d972/screenshot - {}
RESULT: {}
COMMAND: POST /session/8981aa63c4e1cf9ed36e4ba13e01d972/element - {"using":"xpath","value":"//table[contains(@id, \"massStateChangeTable-listUl\")]/tbody/tr[1]/td[11]/div/div/div/div[2]/span"}
RESULT: {"using":"xpath","value":"//table[contains(@id, \"massStateChangeTable-listUl\")]/tbody/tr[1]/td[11]/div/div/div/div[2]/span"}
COMMAND: POST /session/8981aa63c4e1cf9ed36e4ba13e01d972/element/f.5E8CFC1C9950487B5C96D70EC621E9EB.d.9C1A282DE1CD47ACA0097B54052D923F.e.1282/click - {}
RESULT: {}
COMMAND: GET /session/8981aa63c4e1cf9ed36e4ba13e01d972/screenshot - {}
RESULT: {}
COMMAND: POST /session/8981aa63c4e1cf9ed36e4ba13e01d972/element - {"using":"xpath","value":"//table[contains(@id, \"massStateChangeTable-listUl\")]/tbody/tr[1]/td[11]/div/div/div/div[2]/span"}
RESULT: {"using":"xpath","value":"//table[contains(@id, \"massStateChangeTable-listUl\")]/tbody/tr[1]/td[11]/div/div/div/div[2]/span"}
COMMAND: POST /session/8981aa63c4e1cf9ed36e4ba13e01d972/element/f.5E8CFC1C9950487B5C96D70EC621E9EB.d.9C1A282DE1CD47ACA0097B54052D923F.e.1282/click - {}
RESULT: {}
COMMAND: GET /session/8981aa63c4e1cf9ed36e4ba13e01d972/screenshot - {}
RESULT: {}
COMMAND: POST /session/8981aa63c4e1cf9ed36e4ba13e01d972/element - {"using":"xpath","value":"//table[contains(@id, \"massStateChangeTable-listUl\")]/tbody/tr[1]/td[11]/div/div/div/div[2]/span"}
RESULT: {"using":"xpath","value":"//table[contains(@id, \"massStateChangeTable-listUl\")]/tbody/tr[1]/td[11]/div/div/div/div[2]/span"}
COMMAND: POST /session/8981aa63c4e1cf9ed36e4ba13e01d972/element/f.5E8CFC1C9950487B5C96D70EC621E9EB.d.9C1A282DE1CD47ACA0097B54052D923F.e.1282/click - {}
RESULT: {}
COMMAND: GET /session/8981aa63c4e1cf9ed36e4ba13e01d972/screenshot - {}
RESULT: {}
COMMAND: POST /session/8981aa63c4e1cf9ed36e4ba13e01d972/element - {"using":"xpath","value":"//table[contains(@id, \"massStateChangeTable-listUl\")]/tbody/tr[1]/td[11]/div/div/div/div[2]/span"}
RESULT: {"using":"xpath","value":"//table[contains(@id, \"massStateChangeTable-listUl\")]/tbody/tr[1]/td[11]/div/div/div/div[2]/span"}
COMMAND: POST /session/8981aa63c4e1cf9ed36e4ba13e01d972/element/f.5E8CFC1C9950487B5C96D70EC621E9EB.d.9C1A282DE1CD47ACA0097B54052D923F.e.1282/click - {}
RESULT: {}
COMMAND: GET /session/8981aa63c4e1cf9ed36e4ba13e01d972/screenshot - {}
RESULT: {}
COMMAND: POST /session/8981aa63c4e1cf9ed36e4ba13e01d972/element - {"using":"xpath","value":"//table[contains(@id, \"massStateChangeTable-listUl\")]/tbody/tr[1]/td[11]/div/div/div/div[2]/span"}
RESULT: {"using":"xpath","value":"//table[contains(@id, \"massStateChangeTable-listUl\")]/tbody/tr[1]/td[11]/div/div/div/div[2]/span"}
COMMAND: POST /session/8981aa63c4e1cf9ed36e4ba13e01d972/element/f.5E8CFC1C9950487B5C96D70EC621E9EB.d.9C1A282DE1CD47ACA0097B54052D923F.e.1282/click - {}
RESULT: {}
COMMAND: GET /session/8981aa63c4e1cf9ed36e4ba13e01d972/screenshot - {}
RESULT: {}
COMMAND: POST /session/8981aa63c4e1cf9ed36e4ba13e01d972/element - {"using":"xpath","value":"//table[contains(@id, \"massStateChangeTable-listUl\")]/tbody/tr[1]/td[11]/div/div/div/div[2]/span"}
RESULT: {"using":"xpath","value":"//table[contains(@id, \"massStateChangeTable-listUl\")]/tbody/tr[1]/td[11]/div/div/div/div[2]/span"}
COMMAND: POST /session/8981aa63c4e1cf9ed36e4ba13e01d972/element/f.5E8CFC1C9950487B5C96D70EC621E9EB.d.9C1A282DE1CD47ACA0097B54052D923F.e.1282/click - {}
RESULT: {}
COMMAND: GET /session/8981aa63c4e1cf9ed36e4ba13e01d972/screenshot - {}
RESULT: {}
COMMAND: POST /session/8981aa63c4e1cf9ed36e4ba13e01d972/element - {"using":"xpath","value":"//table[contains(@id, \"massStateChangeTable-listUl\")]/tbody/tr[1]/td[11]/div/div/div/div[2]/span"}
RESULT: {"using":"xpath","value":"//table[contains(@id, \"massStateChangeTable-listUl\")]/tbody/tr[1]/td[11]/div/div/div/div[2]/span"}
COMMAND: POST /session/8981aa63c4e1cf9ed36e4ba13e01d972/element/f.5E8CFC1C9950487B5C96D70EC621E9EB.d.9C1A282DE1CD47ACA0097B54052D923F.e.1282/click - {}
RESULT: {}
COMMAND: GET /session/8981aa63c4e1cf9ed36e4ba13e01d972/screenshot - {}
RESULT: {}
COMMAND: POST /session/8981aa63c4e1cf9ed36e4ba13e01d972/element - {"using":"xpath","value":"//table[contains(@id, \"massStateChangeTable-listUl\")]/tbody/tr[1]/td[11]/div/div/div/div[2]/span"}
RESULT: {"using":"xpath","value":"//table[contains(@id, \"massStateChangeTable-listUl\")]/tbody/tr[1]/td[11]/div/div/div/div[2]/span"}
COMMAND: POST /session/8981aa63c4e1cf9ed36e4ba13e01d972/element/f.5E8CFC1C9950487B5C96D70EC621E9EB.d.9C1A282DE1CD47ACA0097B54052D923F.e.1282/click - {}
RESULT: {}
COMMAND: GET /session/8981aa63c4e1cf9ed36e4ba13e01d972/screenshot - {}
RESULT: {}
COMMAND: POST /session/8981aa63c4e1cf9ed36e4ba13e01d972/element - {"using":"xpath","value":"//table[contains(@id, \"massStateChangeTable-listUl\")]/tbody/tr[1]/td[11]/div/div/div/div[2]/span"}
RESULT: {"using":"xpath","value":"//table[contains(@id, \"massStateChangeTable-listUl\")]/tbody/tr[1]/td[11]/div/div/div/div[2]/span"}
COMMAND: POST /session/8981aa63c4e1cf9ed36e4ba13e01d972/element/f.5E8CFC1C9950487B5C96D70EC621E9EB.d.9C1A282DE1CD47ACA0097B54052D923F.e.1282/click - {}
RESULT: {}
COMMAND: GET /session/8981aa63c4e1cf9ed36e4ba13e01d972/screenshot - {}
RESULT: {}
COMMAND: POST /session/8981aa63c4e1cf9ed36e4ba13e01d972/element - {"using":"xpath","value":"//table[contains(@id, \"massStateChangeTable-listUl\")]/tbody/tr[1]/td[11]/div/div/div/div[2]/span"}
RESULT: {"using":"xpath","value":"//table[contains(@id, \"massStateChangeTable-listUl\")]/tbody/tr[1]/td[11]/div/div/div/div[2]/span"}
COMMAND: POST /session/8981aa63c4e1cf9ed36e4ba13e01d972/element/f.5E8CFC1C9950487B5C96D70EC621E9EB.d.9C1A282DE1CD47ACA0097B54052D923F.e.1282/click - {}
RESULT: {}
COMMAND: GET /session/8981aa63c4e1cf9ed36e4ba13e01d972/screenshot - {}
RESULT: {}
COMMAND: POST /session/8981aa63c4e1cf9ed36e4ba13e01d972/element - {"using":"xpath","value":"//table[contains(@id, \"massStateChangeTable-listUl\")]/tbody/tr[1]/td[11]/div/div/div/div[2]/span"}
RESULT: {"using":"xpath","value":"//table[contains(@id, \"massStateChangeTable-listUl\")]/tbody/tr[1]/td[11]/div/div/div/div[2]/span"}
COMMAND: POST /session/8981aa63c4e1cf9ed36e4ba13e01d972/element/f.5E8CFC1C9950487B5C96D70EC621E9EB.d.9C1A282DE1CD47ACA0097B54052D923F.e.1282/click - {}
RESULT: {}
COMMAND: GET /session/8981aa63c4e1cf9ed36e4ba13e01d972/screenshot - {}
RESULT: {}
COMMAND: POST /session/8981aa63c4e1cf9ed36e4ba13e01d972/element - {"using":"xpath","value":"//table[contains(@id, \"massStateChangeTable-listUl\")]/tbody/tr[1]/td[11]/div/div/div/div[2]/span"}
RESULT: {"using":"xpath","value":"//table[contains(@id, \"massStateChangeTable-listUl\")]/tbody/tr[1]/td[11]/div/div/div/div[2]/span"}
COMMAND: POST /session/8981aa63c4e1cf9ed36e4ba13e01d972/element/f.5E8CFC1C9950487B5C96D70EC621E9EB.d.9C1A282DE1CD47ACA0097B54052D923F.e.1282/click - {}
RESULT: {}
COMMAND: GET /session/8981aa63c4e1cf9ed36e4ba13e01d972/screenshot - {}
RESULT: {}
COMMAND: POST /session/8981aa63c4e1cf9ed36e4ba13e01d972/element - {"using":"xpath","value":"//table[contains(@id, \"massStateChangeTable-listUl\")]/tbody/tr[1]/td[11]/div/div/div/div[2]/span"}
RESULT: {"using":"xpath","value":"//table[contains(@id, \"massStateChangeTable-listUl\")]/tbody/tr[1]/td[11]/div/div/div/div[2]/span"}
COMMAND: POST /session/8981aa63c4e1cf9ed36e4ba13e01d972/element/f.5E8CFC1C9950487B5C96D70EC621E9EB.d.9C1A282DE1CD47ACA0097B54052D923F.e.1282/click - {}
RESULT: {}
COMMAND: GET /session/8981aa63c4e1cf9ed36e4ba13e01d972/screenshot - {}
RESULT: {}
COMMAND: POST /session/8981aa63c4e1cf9ed36e4ba13e01d972/element - {"using":"xpath","value":"//table[contains(@id, \"massStateChangeTable-listUl\")]/tbody/tr[1]/td[11]/div/div/div/div[2]/span"}
RESULT: {"using":"xpath","value":"//table[contains(@id, \"massStateChangeTable-listUl\")]/tbody/tr[1]/td[11]/div/div/div/div[2]/span"}
COMMAND: POST /session/8981aa63c4e1cf9ed36e4ba13e01d972/element/f.5E8CFC1C9950487B5C96D70EC621E9EB.d.9C1A282DE1CD47ACA0097B54052D923F.e.1282/click - {}
RESULT: {}
COMMAND: GET /session/8981aa63c4e1cf9ed36e4ba13e01d972/screenshot - {}
RESULT: {}
COMMAND: POST /session/8981aa63c4e1cf9ed36e4ba13e01d972/element - {"using":"xpath","value":"//table[contains(@id, \"massStateChangeTable-listUl\")]/tbody/tr[1]/td[11]/div/div/div/div[2]/span"}
RESULT: {"using":"xpath","value":"//table[contains(@id, \"massStateChangeTable-listUl\")]/tbody/tr[1]/td[11]/div/div/div/div[2]/span"}
COMMAND: POST /session/8981aa63c4e1cf9ed36e4ba13e01d972/element/f.5E8CFC1C9950487B5C96D70EC621E9EB.d.9C1A282DE1CD47ACA0097B54052D923F.e.1282/click - {}
RESULT: {}
COMMAND: GET /session/8981aa63c4e1cf9ed36e4ba13e01d972/screenshot - {}
RESULT: {}
COMMAND: POST /session/8981aa63c4e1cf9ed36e4ba13e01d972/element - {"using":"xpath","value":"//table[contains(@id, \"massStateChangeTable-listUl\")]/tbody/tr[1]/td[11]/div/div/div/div[2]/span"}
RESULT: {"using":"xpath","value":"//table[contains(@id, \"massStateChangeTable-listUl\")]/tbody/tr[1]/td[11]/div/div/div/div[2]/span"}
COMMAND: POST /session/8981aa63c4e1cf9ed36e4ba13e01d972/element/f.5E8CFC1C9950487B5C96D70EC621E9EB.d.9C1A282DE1CD47ACA0097B54052D923F.e.1282/click - {}
RESULT: {}
COMMAND: GET /session/8981aa63c4e1cf9ed36e4ba13e01d972/screenshot - {}
RESULT: {}
COMMAND: POST /session/8981aa63c4e1cf9ed36e4ba13e01d972/element - {"using":"xpath","value":"//table[contains(@id, \"massStateChangeTable-listUl\")]/tbody/tr[1]/td[11]/div/div/div/div[2]/span"}
RESULT: {"using":"xpath","value":"//table[contains(@id, \"massStateChangeTable-listUl\")]/tbody/tr[1]/td[11]/div/div/div/div[2]/span"}
COMMAND: POST /session/8981aa63c4e1cf9ed36e4ba13e01d972/element/f.5E8CFC1C9950487B5C96D70EC621E9EB.d.9C1A282DE1CD47ACA0097B54052D923F.e.1282/click - {}
RESULT: {}
COMMAND: GET /session/8981aa63c4e1cf9ed36e4ba13e01d972/screenshot - {}
RESULT: {}
COMMAND: POST /session/8981aa63c4e1cf9ed36e4ba13e01d972/element - {"using":"xpath","value":"//table[contains(@id, \"massStateChangeTable-listUl\")]/tbody/tr[1]/td[11]/div/div/div/div[2]/span"}
RESULT: {"using":"xpath","value":"//table[contains(@id, \"massStateChangeTable-listUl\")]/tbody/tr[1]/td[11]/div/div/div/div[2]/span"}
COMMAND: POST /session/8981aa63c4e1cf9ed36e4ba13e01d972/element/f.5E8CFC1C9950487B5C96D70EC621E9EB.d.9C1A282DE1CD47ACA0097B54052D923F.e.1282/click - {}
RESULT: {}
COMMAND: GET /session/8981aa63c4e1cf9ed36e4ba13e01d972/screenshot - {}
RESULT: {}
COMMAND: POST /session/8981aa63c4e1cf9ed36e4ba13e01d972/element - {"using":"xpath","value":"//table[contains(@id, \"massStateChangeTable-listUl\")]/tbody/tr[1]/td[11]/div/div/div/div[2]/span"}
RESULT: {"using":"xpath","value":"//table[contains(@id, \"massStateChangeTable-listUl\")]/tbody/tr[1]/td[11]/div/div/div/div[2]/span"}
COMMAND: POST /session/8981aa63c4e1cf9ed36e4ba13e01d972/element/f.5E8CFC1C9950487B5C96D70EC621E9EB.d.9C1A282DE1CD47ACA0097B54052D923F.e.1282/click - {}
RESULT: {}
COMMAND: GET /session/8981aa63c4e1cf9ed36e4ba13e01d972/screenshot - {}
RESULT: {}
COMMAND: POST /session/8981aa63c4e1cf9ed36e4ba13e01d972/element - {"using":"xpath","value":"//table[contains(@id, \"massStateChangeTable-listUl\")]/tbody/tr[1]/td[11]/div/div/div/div[2]/span"}
RESULT: {"using":"xpath","value":"//table[contains(@id, \"massStateChangeTable-listUl\")]/tbody/tr[1]/td[11]/div/div/div/div[2]/span"}
COMMAND: POST /session/8981aa63c4e1cf9ed36e4ba13e01d972/element/f.5E8CFC1C9950487B5C96D70EC621E9EB.d.9C1A282DE1CD47ACA0097B54052D923F.e.1282/click - {}
RESULT: {}
COMMAND: GET /session/8981aa63c4e1cf9ed36e4ba13e01d972/screenshot - {}
RESULT: {}
COMMAND: POST /session/8981aa63c4e1cf9ed36e4ba13e01d972/element - {"using":"xpath","value":"//table[contains(@id, \"massStateChangeTable-listUl\")]/tbody/tr[1]/td[11]/div/div/div/div[2]/span"}
RESULT: {"using":"xpath","value":"//table[contains(@id, \"massStateChangeTable-listUl\")]/tbody/tr[1]/td[11]/div/div/div/div[2]/span"}
COMMAND: POST /session/8981aa63c4e1cf9ed36e4ba13e01d972/element/f.5E8CFC1C9950487B5C96D70EC621E9EB.d.9C1A282DE1CD47ACA0097B54052D923F.e.1282/click - {}
RESULT: {}
COMMAND: GET /session/8981aa63c4e1cf9ed36e4ba13e01d972/screenshot - {}
RESULT: {}
COMMAND: POST /session/8981aa63c4e1cf9ed36e4ba13e01d972/element - {"using":"xpath","value":"//table[contains(@id, \"massStateChangeTable-listUl\")]/tbody/tr[1]/td[11]/div/div/div/div[2]/span"}
RESULT: {"using":"xpath","value":"//table[contains(@id, \"massStateChangeTable-listUl\")]/tbody/tr[1]/td[11]/div/div/div/div[2]/span"}
COMMAND: POST /session/8981aa63c4e1cf9ed36e4ba13e01d972/element/f.5E8CFC1C9950487B5C96D70EC621E9EB.d.9C1A282DE1CD47ACA0097B54052D923F.e.1282/click - {}
RESULT: {}
COMMAND: GET /session/8981aa63c4e1cf9ed36e4ba13e01d972/screenshot - {}
RESULT: {}
COMMAND: POST /session/8981aa63c4e1cf9ed36e4ba13e01d972/element - {"using":"xpath","value":"//table[contains(@id, \"massStateChangeTable-listUl\")]/tbody/tr[1]/td[11]/div/div/div/div[2]/span"}
RESULT: {"using":"xpath","value":"//table[contains(@id, \"massStateChangeTable-listUl\")]/tbody/tr[1]/td[11]/div/div/div/div[2]/span"}
COMMAND: POST /session/8981aa63c4e1cf9ed36e4ba13e01d972/element/f.5E8CFC1C9950487B5C96D70EC621E9EB.d.9C1A282DE1CD47ACA0097B54052D923F.e.1282/click - {}
RESULT: {}
COMMAND: GET /session/8981aa63c4e1cf9ed36e4ba13e01d972/screenshot - {}
RESULT: {}
COMMAND: POST /session/8981aa63c4e1cf9ed36e4ba13e01d972/element - {"using":"xpath","value":"//table[contains(@id, \"massStateChangeTable-listUl\")]/tbody/tr[1]/td[11]/div/div/div/div[2]/span"}
RESULT: {"using":"xpath","value":"//table[contains(@id, \"massStateChangeTable-listUl\")]/tbody/tr[1]/td[11]/div/div/div/div[2]/span"}
COMMAND: POST /session/8981aa63c4e1cf9ed36e4ba13e01d972/element/f.5E8CFC1C9950487B5C96D70EC621E9EB.d.9C1A282DE1CD47ACA0097B54052D923F.e.1282/click - {}
RESULT: {}
COMMAND: GET /session/8981aa63c4e1cf9ed36e4ba13e01d972/screenshot - {}
RESULT: {}
COMMAND: POST /session/8981aa63c4e1cf9ed36e4ba13e01d972/element - {"using":"xpath","value":"//table[contains(@id, \"massStateChangeTable-listUl\")]/tbody/tr[1]/td[11]/div/div/div/div[2]/span"}
RESULT: {"using":"xpath","value":"//table[contains(@id, \"massStateChangeTable-listUl\")]/tbody/tr[1]/td[11]/div/div/div/div[2]/span"}
COMMAND: POST /session/8981aa63c4e1cf9ed36e4ba13e01d972/element/f.5E8CFC1C9950487B5C96D70EC621E9EB.d.9C1A282DE1CD47ACA0097B54052D923F.e.1282/click - {}
RESULT: {}
COMMAND: GET /session/8981aa63c4e1cf9ed36e4ba13e01d972/screenshot - {}
RESULT: {}
COMMAND: POST /session/8981aa63c4e1cf9ed36e4ba13e01d972/element - {"using":"xpath","value":"//table[contains(@id, \"massStateChangeTable-listUl\")]/tbody/tr[1]/td[11]/div/div/div/div[2]/span"}
RESULT: {"using":"xpath","value":"//table[contains(@id, \"massStateChangeTable-listUl\")]/tbody/tr[1]/td[11]/div/div/div/div[2]/span"}
COMMAND: POST /session/8981aa63c4e1cf9ed36e4ba13e01d972/element/f.5E8CFC1C9950487B5C96D70EC621E9EB.d.9C1A282DE1CD47ACA0097B54052D923F.e.1282/click - {}
RESULT: {}
COMMAND: GET /session/8981aa63c4e1cf9ed36e4ba13e01d972/screenshot - {}
RESULT: {}
COMMAND: POST /session/8981aa63c4e1cf9ed36e4ba13e01d972/element - {"using":"xpath","value":"//table[contains(@id, \"massStateChangeTable-listUl\")]/tbody/tr[1]/td[11]/div/div/div/div[2]/span"}
RESULT: {"using":"xpath","value":"//table[contains(@id, \"massStateChangeTable-listUl\")]/tbody/tr[1]/td[11]/div/div/div/div[2]/span"}
COMMAND: POST /session/8981aa63c4e1cf9ed36e4ba13e01d972/element/f.5E8CFC1C9950487B5C96D70EC621E9EB.d.9C1A282DE1CD47ACA0097B54052D923F.e.1282/click - {}
RESULT: {}
COMMAND: GET /session/8981aa63c4e1cf9ed36e4ba13e01d972/screenshot - {}
RESULT: {}
COMMAND: POST /session/8981aa63c4e1cf9ed36e4ba13e01d972/element - {"using":"xpath","value":"//table[contains(@id, \"massStateChangeTable-listUl\")]/tbody/tr[1]/td[11]/div/div/div/div[2]/span"}
RESULT: {"using":"xpath","value":"//table[contains(@id, \"massStateChangeTable-listUl\")]/tbody/tr[1]/td[11]/div/div/div/div[2]/span"}
COMMAND: POST /session/8981aa63c4e1cf9ed36e4ba13e01d972/element/f.5E8CFC1C9950487B5C96D70EC621E9EB.d.9C1A282DE1CD47ACA0097B54052D923F.e.1282/click - {}
RESULT: {}
COMMAND: GET /session/8981aa63c4e1cf9ed36e4ba13e01d972/screenshot - {}
RESULT: {}
COMMAND: POST /session/8981aa63c4e1cf9ed36e4ba13e01d972/element - {"using":"xpath","value":"//table[contains(@id, \"massStateChangeTable-listUl\")]/tbody/tr[1]/td[11]/div/div/div/div[2]/span"}
RESULT: {"using":"xpath","value":"//table[contains(@id, \"massStateChangeTable-listUl\")]/tbody/tr[1]/td[11]/div/div/div/div[2]/span"}
COMMAND: POST /session/8981aa63c4e1cf9ed36e4ba13e01d972/element/f.5E8CFC1C9950487B5C96D70EC621E9EB.d.9C1A282DE1CD47ACA0097B54052D923F.e.1282/click - {}
RESULT: {}
COMMAND: GET /session/8981aa63c4e1cf9ed36e4ba13e01d972/screenshot - {}
RESULT: {}
COMMAND: POST /session/8981aa63c4e1cf9ed36e4ba13e01d972/element - {"using":"xpath","value":"//table[contains(@id, \"massStateChangeTable-listUl\")]/tbody/tr[1]/td[11]/div/div/div/div[2]/span"}
RESULT: {"using":"xpath","value":"//table[contains(@id, \"massStateChangeTable-listUl\")]/tbody/tr[1]/td[11]/div/div/div/div[2]/span"}
COMMAND: POST /session/8981aa63c4e1cf9ed36e4ba13e01d972/element/f.5E8CFC1C9950487B5C96D70EC621E9EB.d.9C1A282DE1CD47ACA0097B54052D923F.e.1282/click - {}
RESULT: {}
COMMAND: GET /session/8981aa63c4e1cf9ed36e4ba13e01d972/screenshot - {}
RESULT: {}
COMMAND: POST /session/8981aa63c4e1cf9ed36e4ba13e01d972/element - {"using":"xpath","value":"//table[contains(@id, \"massStateChangeTable-listUl\")]/tbody/tr[1]/td[11]/div/div/div/div[2]/span"}
RESULT: {"using":"xpath","value":"//table[contains(@id, \"massStateChangeTable-listUl\")]/tbody/tr[1]/td[11]/div/div/div/div[2]/span"}
COMMAND: POST /session/8981aa63c4e1cf9ed36e4ba13e01d972/element/f.5E8CFC1C9950487B5C96D70EC621E9EB.d.9C1A282DE1CD47ACA0097B54052D923F.e.1282/click - {}
RESULT: {}
COMMAND: GET /session/8981aa63c4e1cf9ed36e4ba13e01d972/screenshot - {}
RESULT: {}
COMMAND: POST /session/8981aa63c4e1cf9ed36e4ba13e01d972/element - {"using":"xpath","value":"//table[contains(@id, \"massStateChangeTable-listUl\")]/tbody/tr[1]/td[11]/div/div/div/div[2]/span"}
RESULT: {"using":"xpath","value":"//table[contains(@id, \"massStateChangeTable-listUl\")]/tbody/tr[1]/td[11]/div/div/div/div[2]/span"}
COMMAND: POST /session/8981aa63c4e1cf9ed36e4ba13e01d972/element/f.5E8CFC1C9950487B5C96D70EC621E9EB.d.9C1A282DE1CD47ACA0097B54052D923F.e.1282/click - {}
RESULT: {}
COMMAND: GET /session/8981aa63c4e1cf9ed36e4ba13e01d972/screenshot - {}
RESULT: {}
COMMAND: POST /session/8981aa63c4e1cf9ed36e4ba13e01d972/element - {"using":"xpath","value":"//table[contains(@id, \"massStateChangeTable-listUl\")]/tbody/tr[1]/td[11]/div/div/div/div[2]/span"}
RESULT: {"using":"xpath","value":"//table[contains(@id, \"massStateChangeTable-listUl\")]/tbody/tr[1]/td[11]/div/div/div/div[2]/span"}
COMMAND: POST /session/8981aa63c4e1cf9ed36e4ba13e01d972/element/f.5E8CFC1C9950487B5C96D70EC621E9EB.d.9C1A282DE1CD47ACA0097B54052D923F.e.1282/click - {}
RESULT: {}
COMMAND: GET /session/8981aa63c4e1cf9ed36e4ba13e01d972/screenshot - {}
RESULT: {}
COMMAND: POST /session/8981aa63c4e1cf9ed36e4ba13e01d972/element - {"using":"xpath","value":"//table[contains(@id, \"massStateChangeTable-listUl\")]/tbody/tr[1]/td[11]/div/div/div/div[2]/span"}
RESULT: {"using":"xpath","value":"//table[contains(@id, \"massStateChangeTable-listUl\")]/tbody/tr[1]/td[11]/div/div/div/div[2]/span"}
COMMAND: POST /session/8981aa63c4e1cf9ed36e4ba13e01d972/element/f.5E8CFC1C9950487B5C96D70EC621E9EB.d.9C1A282DE1CD47ACA0097B54052D923F.e.1282/click - {}
RESULT: {}
COMMAND: GET /session/8981aa63c4e1cf9ed36e4ba13e01d972/screenshot - {}
RESULT: {}
COMMAND: POST /session/8981aa63c4e1cf9ed36e4ba13e01d972/element - {"using":"xpath","value":"//table[contains(@id, \"massStateChangeTable-listUl\")]/tbody/tr[1]/td[11]/div/div/div/div[2]/span"}
RESULT: {"using":"xpath","value":"//table[contains(@id, \"massStateChangeTable-listUl\")]/tbody/tr[1]/td[11]/div/div/div/div[2]/span"}
COMMAND: POST /session/8981aa63c4e1cf9ed36e4ba13e01d972/element/f.5E8CFC1C9950487B5C96D70EC621E9EB.d.9C1A282DE1CD47ACA0097B54052D923F.e.1282/click - {}
RESULT: {}
COMMAND: GET /session/8981aa63c4e1cf9ed36e4ba13e01d972/screenshot - {}
RESULT: {}
COMMAND: POST /session/8981aa63c4e1cf9ed36e4ba13e01d972/element - {"using":"xpath","value":"//table[contains(@id, \"massStateChangeTable-listUl\")]/tbody/tr[1]/td[11]/div/div/div/div[2]/span"}
RESULT: {"using":"xpath","value":"//table[contains(@id, \"massStateChangeTable-listUl\")]/tbody/tr[1]/td[11]/div/div/div/div[2]/span"}
COMMAND: POST /session/8981aa63c4e1cf9ed36e4ba13e01d972/element/f.5E8CFC1C9950487B5C96D70EC621E9EB.d.9C1A282DE1CD47ACA0097B54052D923F.e.1282/click - {}
RESULT: {}
COMMAND: GET /session/8981aa63c4e1cf9ed36e4ba13e01d972/screenshot - {}
RESULT: {}
COMMAND: POST /session/8981aa63c4e1cf9ed36e4ba13e01d972/element - {"using":"xpath","value":"//table[contains(@id, \"massStateChangeTable-listUl\")]/tbody/tr[1]/td[11]/div/div/div/div[2]/span"}
RESULT: {"using":"xpath","value":"//table[contains(@id, \"massStateChangeTable-listUl\")]/tbody/tr[1]/td[11]/div/div/div/div[2]/span"}
COMMAND: POST /session/8981aa63c4e1cf9ed36e4ba13e01d972/element/f.5E8CFC1C9950487B5C96D70EC621E9EB.d.9C1A282DE1CD47ACA0097B54052D923F.e.1282/click - {}
RESULT: {}
COMMAND: GET /session/8981aa63c4e1cf9ed36e4ba13e01d972/screenshot - {}
RESULT: {}
COMMAND: POST /session/8981aa63c4e1cf9ed36e4ba13e01d972/element - {"using":"xpath","value":"//table[contains(@id, \"massStateChangeTable-listUl\")]/tbody/tr[1]/td[11]/div/div/div/div[2]/span"}
RESULT: {"using":"xpath","value":"//table[contains(@id, \"massStateChangeTable-listUl\")]/tbody/tr[1]/td[11]/div/div/div/div[2]/span"}
COMMAND: POST /session/8981aa63c4e1cf9ed36e4ba13e01d972/element/f.5E8CFC1C9950487B5C96D70EC621E9EB.d.9C1A282DE1CD47ACA0097B54052D923F.e.1282/click - {}
RESULT: {}
COMMAND: GET /session/8981aa63c4e1cf9ed36e4ba13e01d972/screenshot - {}
RESULT: {}
COMMAND: POST /session/8981aa63c4e1cf9ed36e4ba13e01d972/element - {"using":"xpath","value":"//table[contains(@id, \"massStateChangeTable-listUl\")]/tbody/tr[1]/td[11]/div/div/div/div[2]/span"}
RESULT: {"using":"xpath","value":"//table[contains(@id, \"massStateChangeTable-listUl\")]/tbody/tr[1]/td[11]/div/div/div/div[2]/span"}
COMMAND: POST /session/8981aa63c4e1cf9ed36e4ba13e01d972/element/f.5E8CFC1C9950487B5C96D70EC621E9EB.d.9C1A282DE1CD47ACA0097B54052D923F.e.1282/click - {}
RESULT: {}
COMMAND: GET /session/8981aa63c4e1cf9ed36e4ba13e01d972/screenshot - {}
RESULT: {}
COMMAND: POST /session/8981aa63c4e1cf9ed36e4ba13e01d972/element - {"using":"xpath","value":"//table[contains(@id, \"massStateChangeTable-listUl\")]/tbody/tr[1]/td[11]/div/div/div/div[2]/span"}
RESULT: {"using":"xpath","value":"//table[contains(@id, \"massStateChangeTable-listUl\")]/tbody/tr[1]/td[11]/div/div/div/div[2]/span"}
COMMAND: POST /session/8981aa63c4e1cf9ed36e4ba13e01d972/element/f.5E8CFC1C9950487B5C96D70EC621E9EB.d.9C1A282DE1CD47ACA0097B54052D923F.e.1282/click - {}
RESULT: {}
COMMAND: GET /session/8981aa63c4e1cf9ed36e4ba13e01d972/screenshot - {}
RESULT: {}
COMMAND: POST /session/8981aa63c4e1cf9ed36e4ba13e01d972/element - {"using":"xpath","value":"//table[contains(@id, \"massStateChangeTable-listUl\")]/tbody/tr[1]/td[11]/div/div/div/div[2]/span"}
RESULT: {"using":"xpath","value":"//table[contains(@id, \"massStateChangeTable-listUl\")]/tbody/tr[1]/td[11]/div/div/div/div[2]/span"}
COMMAND: POST /session/8981aa63c4e1cf9ed36e4ba13e01d972/element/f.5E8CFC1C9950487B5C96D70EC621E9EB.d.9C1A282DE1CD47ACA0097B54052D923F.e.1282/click - {}
RESULT: {}
COMMAND: GET /session/8981aa63c4e1cf9ed36e4ba13e01d972/screenshot - {}
RESULT: {}
COMMAND: POST /session/8981aa63c4e1cf9ed36e4ba13e01d972/element - {"using":"xpath","value":"//table[contains(@id, \"massStateChangeTable-listUl\")]/tbody/tr[1]/td[11]/div/div/div/div[2]/span"}
RESULT: {"using":"xpath","value":"//table[contains(@id, \"massStateChangeTable-listUl\")]/tbody/tr[1]/td[11]/div/div/div/div[2]/span"}
COMMAND: POST /session/8981aa63c4e1cf9ed36e4ba13e01d972/element/f.5E8CFC1C9950487B5C96D70EC621E9EB.d.9C1A282DE1CD47ACA0097B54052D923F.e.1282/click - {}
RESULT: {}
COMMAND: GET /session/8981aa63c4e1cf9ed36e4ba13e01d972/screenshot - {}
RESULT: {}
COMMAND: POST /session/8981aa63c4e1cf9ed36e4ba13e01d972/element - {"using":"xpath","value":"//table[contains(@id, \"massStateChangeTable-listUl\")]/tbody/tr[1]/td[11]/div/div/div/div[2]/span"}
RESULT: {"using":"xpath","value":"//table[contains(@id, \"massStateChangeTable-listUl\")]/tbody/tr[1]/td[11]/div/div/div/div[2]/span"}
COMMAND: POST /session/8981aa63c4e1cf9ed36e4ba13e01d972/element/f.5E8CFC1C9950487B5C96D70EC621E9EB.d.9C1A282DE1CD47ACA0097B54052D923F.e.1282/click - {}
RESULT: {}
COMMAND: GET /session/8981aa63c4e1cf9ed36e4ba13e01d972/screenshot - {}
RESULT: {}
COMMAND: POST /session/8981aa63c4e1cf9ed36e4ba13e01d972/element - {"using":"xpath","value":"//table[contains(@id, \"massStateChangeTable-listUl\")]/tbody/tr[1]/td[11]/div/div/div/div[2]/span"}
RESULT: {"using":"xpath","value":"//table[contains(@id, \"massStateChangeTable-listUl\")]/tbody/tr[1]/td[11]/div/div/div/div[2]/span"}
COMMAND: POST /session/8981aa63c4e1cf9ed36e4ba13e01d972/element/f.5E8CFC1C9950487B5C96D70EC621E9EB.d.9C1A282DE1CD47ACA0097B54052D923F.e.1282/click - {}
RESULT: {}
COMMAND: GET /session/8981aa63c4e1cf9ed36e4ba13e01d972/screenshot - {}
RESULT: {}
COMMAND: POST /session/8981aa63c4e1cf9ed36e4ba13e01d972/element - {"using":"xpath","value":"//table[contains(@id, \"massStateChangeTable-listUl\")]/tbody/tr[1]/td[11]/div/div/div/div[2]/span"}
RESULT: {"using":"xpath","value":"//table[contains(@id, \"massStateChangeTable-listUl\")]/tbody/tr[1]/td[11]/div/div/div/div[2]/span"}
COMMAND: POST /session/8981aa63c4e1cf9ed36e4ba13e01d972/element/f.5E8CFC1C9950487B5C96D70EC621E9EB.d.9C1A282DE1CD47ACA0097B54052D923F.e.1282/click - {}
RESULT: {}
COMMAND: GET /session/8981aa63c4e1cf9ed36e4ba13e01d972/screenshot - {}
RESULT: {}
COMMAND: POST /session/8981aa63c4e1cf9ed36e4ba13e01d972/element - {"using":"xpath","value":"//table[contains(@id, \"massStateChangeTable-listUl\")]/tbody/tr[1]/td[11]/div/div/div/div[2]/span"}
RESULT: {"using":"xpath","value":"//table[contains(@id, \"massStateChangeTable-listUl\")]/tbody/tr[1]/td[11]/div/div/div/div[2]/span"}
COMMAND: POST /session/8981aa63c4e1cf9ed36e4ba13e01d972/element/f.5E8CFC1C9950487B5C96D70EC621E9EB.d.9C1A282DE1CD47ACA0097B54052D923F.e.1282/click - {}
RESULT: {}
COMMAND: GET /session/8981aa63c4e1cf9ed36e4ba13e01d972/screenshot - {}
RESULT: {}
COMMAND: POST /session/8981aa63c4e1cf9ed36e4ba13e01d972/element - {"using":"xpath","value":"//table[contains(@id, \"massStateChangeTable-listUl\")]/tbody/tr[1]/td[11]/div/div/div/div[2]/span"}
RESULT: {"using":"xpath","value":"//table[contains(@id, \"massStateChangeTable-listUl\")]/tbody/tr[1]/td[11]/div/div/div/div[2]/span"}
COMMAND: POST /session/8981aa63c4e1cf9ed36e4ba13e01d972/element/f.5E8CFC1C9950487B5C96D70EC621E9EB.d.9C1A282DE1CD47ACA0097B54052D923F.e.1282/click - {}
RESULT: {}
COMMAND: GET /session/8981aa63c4e1cf9ed36e4ba13e01d972/screenshot - {}
RESULT: {}
COMMAND: POST /session/8981aa63c4e1cf9ed36e4ba13e01d972/element - {"using":"xpath","value":"//table[contains(@id, \"massStateChangeTable-listUl\")]/tbody/tr[1]/td[11]/div/div/div/div[2]/span"}
RESULT: {"using":"xpath","value":"//table[contains(@id, \"massStateChangeTable-listUl\")]/tbody/tr[1]/td[11]/div/div/div/div[2]/span"}
COMMAND: POST /session/8981aa63c4e1cf9ed36e4ba13e01d972/element/f.5E8CFC1C9950487B5C96D70EC621E9EB.d.9C1A282DE1CD47ACA0097B54052D923F.e.1282/click - {}
RESULT: {}
COMMAND: GET /session/8981aa63c4e1cf9ed36e4ba13e01d972/screenshot - {}
RESULT: {}
COMMAND: POST /session/8981aa63c4e1cf9ed36e4ba13e01d972/element - {"using":"xpath","value":"//table[contains(@id, \"massStateChangeTable-listUl\")]/tbody/tr[1]/td[11]/div/div/div/div[2]/span"}
RESULT: {"using":"xpath","value":"//table[contains(@id, \"massStateChangeTable-listUl\")]/tbody/tr[1]/td[11]/div/div/div/div[2]/span"}
COMMAND: POST /session/8981aa63c4e1cf9ed36e4ba13e01d972/element/f.5E8CFC1C9950487B5C96D70EC621E9EB.d.9C1A282DE1CD47ACA0097B54052D923F.e.1282/click - {}
RESULT: {}
COMMAND: GET /session/8981aa63c4e1cf9ed36e4ba13e01d972/screenshot - {}
RESULT: {}
COMMAND: POST /session/8981aa63c4e1cf9ed36e4ba13e01d972/element - {"using":"xpath","value":"//table[contains(@id, \"massStateChangeTable-listUl\")]/tbody/tr[2]/td[11]/div/div/div/div[2]/span"}
RESULT: {"using":"xpath","value":"//table[contains(@id, \"massStateChangeTable-listUl\")]/tbody/tr[2]/td[11]/div/div/div/div[2]/span"}
COMMAND: POST /session/8981aa63c4e1cf9ed36e4ba13e01d972/element/f.5E8CFC1C9950487B5C96D70EC621E9EB.d.9C1A282DE1CD47ACA0097B54052D923F.e.1283/click - {}
RESULT: {}
COMMAND: GET /session/8981aa63c4e1cf9ed36e4ba13e01d972/screenshot - {}
RESULT: {}
COMMAND: POST /session/8981aa63c4e1cf9ed36e4ba13e01d972/element - {"using":"xpath","value":"//table[contains(@id, \"massStateChangeTable-listUl\")]/tbody/tr[1]/td[11]/div/div/div/input"}
RESULT: {"using":"xpath","value":"//table[contains(@id, \"massStateChangeTable-listUl\")]/tbody/tr[1]/td[11]/div/div/div/input"}
COMMAND: GET /session/8981aa63c4e1cf9ed36e4ba13e01d972/element/f.5E8CFC1C9950487B5C96D70EC621E9EB.d.9C1A282DE1CD47ACA0097B54052D923F.e.1261/property/value - {}
RESULT: {}
COMMAND: POST /session/8981aa63c4e1cf9ed36e4ba13e01d972/element - {"using":"xpath","value":"//table[contains(@id, \"massStateChangeTable-listUl\")]/tbody/tr[2]/td[11]/div/div/div/input"}
COMMAND: GET /session/8981aa63c4e1cf9ed36e4ba13e01d972/screenshot - {}
RESULT: {"using":"xpath","value":"//table[contains(@id, \"massStateChangeTable-listUl\")]/tbody/tr[2]/td[11]/div/div/div/input"}
COMMAND: GET /session/8981aa63c4e1cf9ed36e4ba13e01d972/element/f.5E8CFC1C9950487B5C96D70EC621E9EB.d.9C1A282DE1CD47ACA0097B54052D923F.e.1265/property/value - {}
RESULT: {}
RESULT: {}
COMMAND: POST /session/8981aa63c4e1cf9ed36e4ba13e01d972/element - {"using":"xpath","value":"(//bdi[contains(text(), \"OK\")])[1]"}
COMMAND: GET /session/8981aa63c4e1cf9ed36e4ba13e01d972/screenshot - {}
RESULT: {"using":"xpath","value":"(//bdi[contains(text(), \"OK\")])[1]"}
COMMAND: POST /session/8981aa63c4e1cf9ed36e4ba13e01d972/element/f.5E8CFC1C9950487B5C96D70EC621E9EB.d.9C1A282DE1CD47ACA0097B54052D923F.e.1269/click - {}
RESULT: {}
RESULT: {}
COMMAND: GET /session/8981aa63c4e1cf9ed36e4ba13e01d972/screenshot - {}
RESULT: {}
COMMAND: POST /session/8981aa63c4e1cf9ed36e4ba13e01d972/element - {"using":"xpath","value":"(//bdi[contains(text(), \"OK\")])[2]"}
RESULT: {"using":"xpath","value":"(//bdi[contains(text(), \"OK\")])[2]"}
COMMAND: POST /session/8981aa63c4e1cf9ed36e4ba13e01d972/element/f.5E8CFC1C9950487B5C96D70EC621E9EB.d.9C1A282DE1CD47ACA0097B54052D923F.e.1285/click - {}
RESULT: {}
COMMAND: GET /session/8981aa63c4e1cf9ed36e4ba13e01d972/screenshot - {}
RESULT: {}
RESULT: undefined
COMMAND: POST /session/8981aa63c4e1cf9ed36e4ba13e01d972/execute/async - {"script":"<script> [776 bytes]","args":[{"enterText":"600002","selector":{"id":"application-ruinventorylist-display-component---Master--smartFilterBar-btnBasicSearch","interaction":{"idSuffix":"I"}},"clearTextFirst":true,"interactionType":"ENTER_TEXT"}]}
RESULT: {"script":"<script> [776 bytes]","args":[{"enterText":"600002","selector":{"id":"application-ruinventorylist-display-component---Master--smartFilterBar-btnBasicSearch","interaction":{"idSuffix":"I"}},"clearTextFirst":true,"interactionType":"ENTER_TEXT"}]}
COMMAND: POST /session/8981aa63c4e1cf9ed36e4ba13e01d972/actions - {"actions":[{"id":"action5","type":"key","parameters":{},"actions":[{"type":"keyDown","value":"î€‡"},{"type":"pause","duration":10},{"type":"keyUp","value":"î€‡"}]}]}
RESULT: {"actions":[{"id":"action5","type":"key","parameters":{},"actions":[{"type":"keyDown","value":"î€‡"},{"type":"pause","duration":10},{"type":"keyUp","value":"î€‡"}]}]}
COMMAND: GET /session/8981aa63c4e1cf9ed36e4ba13e01d972/screenshot - {}
RESULT: {}
COMMAND: POST /session/8981aa63c4e1cf9ed36e4ba13e01d972/element - {"using":"xpath","value":"//span[@id=\"application-ruinventorylist-display-component---Master--smartTableRuInventoryList-header-inner\"]"}
RESULT: {"using":"xpath","value":"//span[@id=\"application-ruinventorylist-display-component---Master--smartTableRuInventoryList-header-inner\"]"}
COMMAND: POST /session/8981aa63c4e1cf9ed36e4ba13e01d972/elements - {"using":"xpath","value":"//span[@id=\"application-ruinventorylist-display-component---Master--smartTableRuInventoryList-header-inner\"]"}
RESULT: {"using":"xpath","value":"//span[@id=\"application-ruinventorylist-display-component---Master--smartTableRuInventoryList-header-inner\"]"}
COMMAND: POST /session/8981aa63c4e1cf9ed36e4ba13e01d972/execute/sync - {"script":"<script> [56 bytes]","args":[{"element-6066-11e4-a52e-4f735466cecf":"f.5E8CFC1C9950487B5C96D70EC621E9EB.d.9C1A282DE1CD47ACA0097B54052D923F.e.903","ELEMENT":"f.5E8CFC1C9950487B5C96D70EC621E9EB.d.9C1A282DE1CD47ACA0097B54052D923F.e.903"}]}
RESULT: {"script":"<script> [56 bytes]","args":[{"element-6066-11e4-a52e-4f735466cecf":"f.5E8CFC1C9950487B5C96D70EC621E9EB.d.9C1A282DE1CD47ACA0097B54052D923F.e.903","ELEMENT":"f.5E8CFC1C9950487B5C96D70EC621E9EB.d.9C1A282DE1CD47ACA0097B54052D923F.e.903"}]}
COMMAND: POST /session/8981aa63c4e1cf9ed36e4ba13e01d972/element - {"using":"xpath","value":"//table[contains(@id, \"application-ruinventorylist-display-component---Master--tableRuInventoryList-listUl\")]/tbody/tr[1]/td[6]/div/span"}
COMMAND: GET /session/8981aa63c4e1cf9ed36e4ba13e01d972/screenshot - {}
RESULT: {"using":"xpath","value":"//table[contains(@id, \"application-ruinventorylist-display-component---Master--tableRuInventoryList-listUl\")]/tbody/tr[1]/td[6]/div/span"}
COMMAND: POST /session/8981aa63c4e1cf9ed36e4ba13e01d972/execute/sync - {"script":"<script> [56 bytes]","args":[{"element-6066-11e4-a52e-4f735466cecf":"f.5E8CFC1C9950487B5C96D70EC621E9EB.d.9C1A282DE1CD47ACA0097B54052D923F.e.1309","ELEMENT":"f.5E8CFC1C9950487B5C96D70EC621E9EB.d.9C1A282DE1CD47ACA0097B54052D923F.e.1309"}]}
RESULT: {}
RESULT: {"script":"<script> [56 bytes]","args":[{"element-6066-11e4-a52e-4f735466cecf":"f.5E8CFC1C9950487B5C96D70EC621E9EB.d.9C1A282DE1CD47ACA0097B54052D923F.e.1309","ELEMENT":"f.5E8CFC1C9950487B5C96D70EC621E9EB.d.9C1A282DE1CD47ACA0097B54052D923F.e.1309"}]}
COMMAND: POST /session/8981aa63c4e1cf9ed36e4ba13e01d972/element - {"using":"xpath","value":"//div[contains(@id, \"smartFilterBar-btnBasicSearch-reset\")]"}
COMMAND: GET /session/8981aa63c4e1cf9ed36e4ba13e01d972/screenshot - {}
RESULT: {"using":"xpath","value":"//div[contains(@id, \"smartFilterBar-btnBasicSearch-reset\")]"}
COMMAND: POST /session/8981aa63c4e1cf9ed36e4ba13e01d972/element/f.5E8CFC1C9950487B5C96D70EC621E9EB.d.9C1A282DE1CD47ACA0097B54052D923F.e.921/click - {}
RESULT: {}
RESULT: {}
COMMAND: GET /session/8981aa63c4e1cf9ed36e4ba13e01d972/screenshot - {}
RESULT: {}
RESULT: undefined
COMMAND: POST /session/8981aa63c4e1cf9ed36e4ba13e01d972/execute/async - {"script":"<script> [776 bytes]","args":[{"enterText":"401002","selector":{"id":"application-ruinventorylist-display-component---Master--smartFilterBar-btnBasicSearch","interaction":{"idSuffix":"I"}},"clearTextFirst":true,"interactionType":"ENTER_TEXT"}]}
RESULT: {"script":"<script> [776 bytes]","args":[{"enterText":"401002","selector":{"id":"application-ruinventorylist-display-component---Master--smartFilterBar-btnBasicSearch","interaction":{"idSuffix":"I"}},"clearTextFirst":true,"interactionType":"ENTER_TEXT"}]}
COMMAND: POST /session/8981aa63c4e1cf9ed36e4ba13e01d972/actions - {"actions":[{"id":"action6","type":"key","parameters":{},"actions":[{"type":"keyDown","value":"î€‡"},{"type":"pause","duration":10},{"type":"keyUp","value":"î€‡"}]}]}
RESULT: {"actions":[{"id":"action6","type":"key","parameters":{},"actions":[{"type":"keyDown","value":"î€‡"},{"type":"pause","duration":10},{"type":"keyUp","value":"î€‡"}]}]}
COMMAND: GET /session/8981aa63c4e1cf9ed36e4ba13e01d972/screenshot - {}
RESULT: {}
COMMAND: POST /session/8981aa63c4e1cf9ed36e4ba13e01d972/element - {"using":"xpath","value":"//span[@id=\"application-ruinventorylist-display-component---Master--smartTableRuInventoryList-header-inner\"]"}
RESULT: {"using":"xpath","value":"//span[@id=\"application-ruinventorylist-display-component---Master--smartTableRuInventoryList-header-inner\"]"}
COMMAND: POST /session/8981aa63c4e1cf9ed36e4ba13e01d972/elements - {"using":"xpath","value":"//span[@id=\"application-ruinventorylist-display-component---Master--smartTableRuInventoryList-header-inner\"]"}
RESULT: {"using":"xpath","value":"//span[@id=\"application-ruinventorylist-display-component---Master--smartTableRuInventoryList-header-inner\"]"}
COMMAND: POST /session/8981aa63c4e1cf9ed36e4ba13e01d972/execute/sync - {"script":"<script> [56 bytes]","args":[{"element-6066-11e4-a52e-4f735466cecf":"f.5E8CFC1C9950487B5C96D70EC621E9EB.d.9C1A282DE1CD47ACA0097B54052D923F.e.903","ELEMENT":"f.5E8CFC1C9950487B5C96D70EC621E9EB.d.9C1A282DE1CD47ACA0097B54052D923F.e.903"}]}
RESULT: {"script":"<script> [56 bytes]","args":[{"element-6066-11e4-a52e-4f735466cecf":"f.5E8CFC1C9950487B5C96D70EC621E9EB.d.9C1A282DE1CD47ACA0097B54052D923F.e.903","ELEMENT":"f.5E8CFC1C9950487B5C96D70EC621E9EB.d.9C1A282DE1CD47ACA0097B54052D923F.e.903"}]}
COMMAND: POST /session/8981aa63c4e1cf9ed36e4ba13e01d972/element - {"using":"xpath","value":"//table[contains(@id, \"application-ruinventorylist-display-component---Master--tableRuInventoryList-listUl\")]/tbody/tr[1]/td[6]/div/span"}
COMMAND: GET /session/8981aa63c4e1cf9ed36e4ba13e01d972/screenshot - {}
RESULT: {"using":"xpath","value":"//table[contains(@id, \"application-ruinventorylist-display-component---Master--tableRuInventoryList-listUl\")]/tbody/tr[1]/td[6]/div/span"}
COMMAND: POST /session/8981aa63c4e1cf9ed36e4ba13e01d972/execute/sync - {"script":"<script> [56 bytes]","args":[{"element-6066-11e4-a52e-4f735466cecf":"f.5E8CFC1C9950487B5C96D70EC621E9EB.d.9C1A282DE1CD47ACA0097B54052D923F.e.1401","ELEMENT":"f.5E8CFC1C9950487B5C96D70EC621E9EB.d.9C1A282DE1CD47ACA0097B54052D923F.e.1401"}]}
RESULT: {}
RESULT: {"script":"<script> [56 bytes]","args":[{"element-6066-11e4-a52e-4f735466cecf":"f.5E8CFC1C9950487B5C96D70EC621E9EB.d.9C1A282DE1CD47ACA0097B54052D923F.e.1401","ELEMENT":"f.5E8CFC1C9950487B5C96D70EC621E9EB.d.9C1A282DE1CD47ACA0097B54052D923F.e.1401"}]}
COMMAND: POST /session/8981aa63c4e1cf9ed36e4ba13e01d972/element - {"using":"xpath","value":"//div[contains(@id, \"smartFilterBar-btnBasicSearch-reset\")]"}
COMMAND: GET /session/8981aa63c4e1cf9ed36e4ba13e01d972/screenshot - {}
RESULT: {"using":"xpath","value":"//div[contains(@id, \"smartFilterBar-btnBasicSearch-reset\")]"}
COMMAND: POST /session/8981aa63c4e1cf9ed36e4ba13e01d972/element/f.5E8CFC1C9950487B5C96D70EC621E9EB.d.9C1A282DE1CD47ACA0097B54052D923F.e.921/click - {}
RESULT: {}
RESULT: {}
COMMAND: GET /session/8981aa63c4e1cf9ed36e4ba13e01d972/screenshot - {}
RESULT: {}
COMMAND: POST /session/8981aa63c4e1cf9ed36e4ba13e01d972/element/f.5E8CFC1C9950487B5C96D70EC621E9EB.d.9C1A282DE1CD47ACA0097B54052D923F.e.307/click - {}
RESULT: {}
COMMAND: GET /session/8981aa63c4e1cf9ed36e4ba13e01d972/screenshot - {}
RESULT: {}
RESULT: undefined
COMMAND: POST /session/8981aa63c4e1cf9ed36e4ba13e01d972/execute/async - {"script":"<script> [776 bytes]","args":[{"enterText":"600002","selector":{"id":"application-ruinventorylist-display-component---Master--smartFilterBar-btnBasicSearch","interaction":{"idSuffix":"I"}},"clearTextFirst":true,"interactionType":"ENTER_TEXT"}]}
RESULT: {"script":"<script> [776 bytes]","args":[{"enterText":"600002","selector":{"id":"application-ruinventorylist-display-component---Master--smartFilterBar-btnBasicSearch","interaction":{"idSuffix":"I"}},"clearTextFirst":true,"interactionType":"ENTER_TEXT"}]}
COMMAND: POST /session/8981aa63c4e1cf9ed36e4ba13e01d972/actions - {"actions":[{"id":"action7","type":"key","parameters":{},"actions":[{"type":"keyDown","value":"î€‡"},{"type":"pause","duration":10},{"type":"keyUp","value":"î€‡"}]}]}
RESULT: {"actions":[{"id":"action7","type":"key","parameters":{},"actions":[{"type":"keyDown","value":"î€‡"},{"type":"pause","duration":10},{"type":"keyUp","value":"î€‡"}]}]}
COMMAND: GET /session/8981aa63c4e1cf9ed36e4ba13e01d972/screenshot - {}
RESULT: {}
COMMAND: POST /session/8981aa63c4e1cf9ed36e4ba13e01d972/element - {"using":"xpath","value":"//span[@id=\"application-ruinventorylist-display-component---Master--smartTableRuInventoryList-header-inner\"]"}
RESULT: {"using":"xpath","value":"//span[@id=\"application-ruinventorylist-display-component---Master--smartTableRuInventoryList-header-inner\"]"}
COMMAND: POST /session/8981aa63c4e1cf9ed36e4ba13e01d972/elements - {"using":"xpath","value":"//span[@id=\"application-ruinventorylist-display-component---Master--smartTableRuInventoryList-header-inner\"]"}
RESULT: {"using":"xpath","value":"//span[@id=\"application-ruinventorylist-display-component---Master--smartTableRuInventoryList-header-inner\"]"}
COMMAND: POST /session/8981aa63c4e1cf9ed36e4ba13e01d972/execute/sync - {"script":"<script> [56 bytes]","args":[{"element-6066-11e4-a52e-4f735466cecf":"f.5E8CFC1C9950487B5C96D70EC621E9EB.d.9C1A282DE1CD47ACA0097B54052D923F.e.903","ELEMENT":"f.5E8CFC1C9950487B5C96D70EC621E9EB.d.9C1A282DE1CD47ACA0097B54052D923F.e.903"}]}
RESULT: {"script":"<script> [56 bytes]","args":[{"element-6066-11e4-a52e-4f735466cecf":"f.5E8CFC1C9950487B5C96D70EC621E9EB.d.9C1A282DE1CD47ACA0097B54052D923F.e.903","ELEMENT":"f.5E8CFC1C9950487B5C96D70EC621E9EB.d.9C1A282DE1CD47ACA0097B54052D923F.e.903"}]}
COMMAND: POST /session/8981aa63c4e1cf9ed36e4ba13e01d972/element - {"using":"xpath","value":"//table[contains(@id, \"application-ruinventorylist-display-component---Master--tableRuInventoryList-listUl\")]/tbody/tr[1]/td[2]/div/div"}
COMMAND: GET /session/8981aa63c4e1cf9ed36e4ba13e01d972/screenshot - {}
RESULT: {"using":"xpath","value":"//table[contains(@id, \"application-ruinventorylist-display-component---Master--tableRuInventoryList-listUl\")]/tbody/tr[1]/td[2]/div/div"}
COMMAND: POST /session/8981aa63c4e1cf9ed36e4ba13e01d972/element/f.5E8CFC1C9950487B5C96D70EC621E9EB.d.9C1A282DE1CD47ACA0097B54052D923F.e.1678/click - {}
RESULT: {}
RESULT: {}
COMMAND: GET /session/8981aa63c4e1cf9ed36e4ba13e01d972/screenshot - {}
RESULT: {}
COMMAND: POST /session/8981aa63c4e1cf9ed36e4ba13e01d972/element - {"using":"xpath","value":"//div[contains(@id, \"smartFilterBar-btnBasicSearch-reset\")]"}
RESULT: {"using":"xpath","value":"//div[contains(@id, \"smartFilterBar-btnBasicSearch-reset\")]"}
COMMAND: POST /session/8981aa63c4e1cf9ed36e4ba13e01d972/element/f.5E8CFC1C9950487B5C96D70EC621E9EB.d.9C1A282DE1CD47ACA0097B54052D923F.e.921/click - {}
RESULT: {}
COMMAND: GET /session/8981aa63c4e1cf9ed36e4ba13e01d972/screenshot - {}
RESULT: {}
RESULT: undefined
COMMAND: POST /session/8981aa63c4e1cf9ed36e4ba13e01d972/execute/async - {"script":"<script> [776 bytes]","args":[{"enterText":"401002","selector":{"id":"application-ruinventorylist-display-component---Master--smartFilterBar-btnBasicSearch","interaction":{"idSuffix":"I"}},"clearTextFirst":true,"interactionType":"ENTER_TEXT"}]}
RESULT: {"script":"<script> [776 bytes]","args":[{"enterText":"401002","selector":{"id":"application-ruinventorylist-display-component---Master--smartFilterBar-btnBasicSearch","interaction":{"idSuffix":"I"}},"clearTextFirst":true,"interactionType":"ENTER_TEXT"}]}
COMMAND: POST /session/8981aa63c4e1cf9ed36e4ba13e01d972/actions - {"actions":[{"id":"action8","type":"key","parameters":{},"actions":[{"type":"keyDown","value":"î€‡"},{"type":"pause","duration":10},{"type":"keyUp","value":"î€‡"}]}]}
RESULT: {"actions":[{"id":"action8","type":"key","parameters":{},"actions":[{"type":"keyDown","value":"î€‡"},{"type":"pause","duration":10},{"type":"keyUp","value":"î€‡"}]}]}
COMMAND: GET /session/8981aa63c4e1cf9ed36e4ba13e01d972/screenshot - {}
RESULT: {}
COMMAND: POST /session/8981aa63c4e1cf9ed36e4ba13e01d972/element - {"using":"xpath","value":"//span[@id=\"application-ruinventorylist-display-component---Master--smartTableRuInventoryList-header-inner\"]"}
RESULT: {"using":"xpath","value":"//span[@id=\"application-ruinventorylist-display-component---Master--smartTableRuInventoryList-header-inner\"]"}
COMMAND: POST /session/8981aa63c4e1cf9ed36e4ba13e01d972/elements - {"using":"xpath","value":"//span[@id=\"application-ruinventorylist-display-component---Master--smartTableRuInventoryList-header-inner\"]"}
RESULT: {"using":"xpath","value":"//span[@id=\"application-ruinventorylist-display-component---Master--smartTableRuInventoryList-header-inner\"]"}
COMMAND: POST /session/8981aa63c4e1cf9ed36e4ba13e01d972/execute/sync - {"script":"<script> [56 bytes]","args":[{"element-6066-11e4-a52e-4f735466cecf":"f.5E8CFC1C9950487B5C96D70EC621E9EB.d.9C1A282DE1CD47ACA0097B54052D923F.e.903","ELEMENT":"f.5E8CFC1C9950487B5C96D70EC621E9EB.d.9C1A282DE1CD47ACA0097B54052D923F.e.903"}]}
RESULT: {"script":"<script> [56 bytes]","args":[{"element-6066-11e4-a52e-4f735466cecf":"f.5E8CFC1C9950487B5C96D70EC621E9EB.d.9C1A282DE1CD47ACA0097B54052D923F.e.903","ELEMENT":"f.5E8CFC1C9950487B5C96D70EC621E9EB.d.9C1A282DE1CD47ACA0097B54052D923F.e.903"}]}
COMMAND: POST /session/8981aa63c4e1cf9ed36e4ba13e01d972/element - {"using":"xpath","value":"//table[contains(@id, \"application-ruinventorylist-display-component---Master--tableRuInventoryList-listUl\")]/tbody/tr[1]/td[2]/div/div"}
COMMAND: GET /session/8981aa63c4e1cf9ed36e4ba13e01d972/screenshot - {}
RESULT: {"using":"xpath","value":"//table[contains(@id, \"application-ruinventorylist-display-component---Master--tableRuInventoryList-listUl\")]/tbody/tr[1]/td[2]/div/div"}
COMMAND: POST /session/8981aa63c4e1cf9ed36e4ba13e01d972/element/f.5E8CFC1C9950487B5C96D70EC621E9EB.d.9C1A282DE1CD47ACA0097B54052D923F.e.1851/click - {}
RESULT: {}
RESULT: {}
COMMAND: GET /session/8981aa63c4e1cf9ed36e4ba13e01d972/screenshot - {}
RESULT: {}
COMMAND: POST /session/8981aa63c4e1cf9ed36e4ba13e01d972/element - {"using":"xpath","value":"//div[contains(@id, \"smartFilterBar-btnBasicSearch-reset\")]"}
RESULT: {"using":"xpath","value":"//div[contains(@id, \"smartFilterBar-btnBasicSearch-reset\")]"}
COMMAND: POST /session/8981aa63c4e1cf9ed36e4ba13e01d972/element/f.5E8CFC1C9950487B5C96D70EC621E9EB.d.9C1A282DE1CD47ACA0097B54052D923F.e.921/click - {}
RESULT: {}
COMMAND: GET /session/8981aa63c4e1cf9ed36e4ba13e01d972/screenshot - {}
COMMAND: POST /session/8981aa63c4e1cf9ed36e4ba13e01d972/element/f.5E8CFC1C9950487B5C96D70EC621E9EB.d.9C1A282DE1CD47ACA0097B54052D923F.e.307/click - {}
RESULT: {}
RESULT: {}
COMMAND: GET /session/8981aa63c4e1cf9ed36e4ba13e01d972/screenshot - {}
RESULT: {}
RESULT: undefined
COMMAND: POST /session/8981aa63c4e1cf9ed36e4ba13e01d972/element - {"using":"xpath","value":"//*[@id=\"application-ruinventorylist-display-component---Master--ruStateTypes-arrow\"]"}
RESULT: {"using":"xpath","value":"//*[@id=\"application-ruinventorylist-display-component---Master--ruStateTypes-arrow\"]"}
COMMAND: POST /session/8981aa63c4e1cf9ed36e4ba13e01d972/element/f.5E8CFC1C9950487B5C96D70EC621E9EB.d.9C1A282DE1CD47ACA0097B54052D923F.e.2038/click - {}
RESULT: {}
COMMAND: GET /session/8981aa63c4e1cf9ed36e4ba13e01d972/screenshot - {}
RESULT: {}
COMMAND: POST /session/8981aa63c4e1cf9ed36e4ba13e01d972/element - {"using":"xpath","value":"//li[.//span[text()=\"available\"]]"}
RESULT: {"using":"xpath","value":"//li[.//span[text()=\"available\"]]"}
COMMAND: POST /session/8981aa63c4e1cf9ed36e4ba13e01d972/element/f.5E8CFC1C9950487B5C96D70EC621E9EB.d.9C1A282DE1CD47ACA0097B54052D923F.e.2039/click - {}
RESULT: {}
COMMAND: GET /session/8981aa63c4e1cf9ed36e4ba13e01d972/screenshot - {}
RESULT: {}
COMMAND: POST /session/8981aa63c4e1cf9ed36e4ba13e01d972/element - {"using":"xpath","value":"(//bdi[contains(text(), \"OK\")])[1]"}
RESULT: {"using":"xpath","value":"(//bdi[contains(text(), \"OK\")])[1]"}
COMMAND: POST /session/8981aa63c4e1cf9ed36e4ba13e01d972/element/f.5E8CFC1C9950487B5C96D70EC621E9EB.d.9C1A282DE1CD47ACA0097B54052D923F.e.2040/click - {}
RESULT: {}
COMMAND: GET /session/8981aa63c4e1cf9ed36e4ba13e01d972/screenshot - {}
RESULT: {}
COMMAND: POST /session/8981aa63c4e1cf9ed36e4ba13e01d972/element - {"using":"xpath","value":"(//bdi[contains(text(), \"OK\")])[2]"}
RESULT: {"using":"xpath","value":"(//bdi[contains(text(), \"OK\")])[2]"}
COMMAND: POST /session/8981aa63c4e1cf9ed36e4ba13e01d972/element/f.5E8CFC1C9950487B5C96D70EC621E9EB.d.9C1A282DE1CD47ACA0097B54052D923F.e.2045/click - {}
RESULT: {}
COMMAND: GET /session/8981aa63c4e1cf9ed36e4ba13e01d972/screenshot - {}
RESULT: {}
RESULT: undefined
COMMAND: POST /session/8981aa63c4e1cf9ed36e4ba13e01d972/execute/async - {"script":"<script> [776 bytes]","args":[{"enterText":"600002","selector":{"id":"application-ruinventorylist-display-component---Master--smartFilterBar-btnBasicSearch","interaction":{"idSuffix":"I"}},"clearTextFirst":true,"interactionType":"ENTER_TEXT"}]}
RESULT: {"script":"<script> [776 bytes]","args":[{"enterText":"600002","selector":{"id":"application-ruinventorylist-display-component---Master--smartFilterBar-btnBasicSearch","interaction":{"idSuffix":"I"}},"clearTextFirst":true,"interactionType":"ENTER_TEXT"}]}
COMMAND: POST /session/8981aa63c4e1cf9ed36e4ba13e01d972/actions - {"actions":[{"id":"action9","type":"key","parameters":{},"actions":[{"type":"keyDown","value":"î€‡"},{"type":"pause","duration":10},{"type":"keyUp","value":"î€‡"}]}]}
RESULT: {"actions":[{"id":"action9","type":"key","parameters":{},"actions":[{"type":"keyDown","value":"î€‡"},{"type":"pause","duration":10},{"type":"keyUp","value":"î€‡"}]}]}
COMMAND: GET /session/8981aa63c4e1cf9ed36e4ba13e01d972/screenshot - {}
RESULT: {}
COMMAND: POST /session/8981aa63c4e1cf9ed36e4ba13e01d972/element - {"using":"xpath","value":"//span[@id=\"application-ruinventorylist-display-component---Master--smartTableRuInventoryList-header-inner\"]"}
RESULT: {"using":"xpath","value":"//span[@id=\"application-ruinventorylist-display-component---Master--smartTableRuInventoryList-header-inner\"]"}
COMMAND: POST /session/8981aa63c4e1cf9ed36e4ba13e01d972/elements - {"using":"xpath","value":"//span[@id=\"application-ruinventorylist-display-component---Master--smartTableRuInventoryList-header-inner\"]"}
RESULT: {"using":"xpath","value":"//span[@id=\"application-ruinventorylist-display-component---Master--smartTableRuInventoryList-header-inner\"]"}
COMMAND: POST /session/8981aa63c4e1cf9ed36e4ba13e01d972/execute/sync - {"script":"<script> [56 bytes]","args":[{"element-6066-11e4-a52e-4f735466cecf":"f.5E8CFC1C9950487B5C96D70EC621E9EB.d.9C1A282DE1CD47ACA0097B54052D923F.e.903","ELEMENT":"f.5E8CFC1C9950487B5C96D70EC621E9EB.d.9C1A282DE1CD47ACA0097B54052D923F.e.903"}]}
RESULT: {"script":"<script> [56 bytes]","args":[{"element-6066-11e4-a52e-4f735466cecf":"f.5E8CFC1C9950487B5C96D70EC621E9EB.d.9C1A282DE1CD47ACA0097B54052D923F.e.903","ELEMENT":"f.5E8CFC1C9950487B5C96D70EC621E9EB.d.9C1A282DE1CD47ACA0097B54052D923F.e.903"}]}
COMMAND: POST /session/8981aa63c4e1cf9ed36e4ba13e01d972/element - {"using":"xpath","value":"//table[contains(@id, \"application-ruinventorylist-display-component---Master--tableRuInventoryList-listUl\")]/tbody/tr[1]/td[6]/div/span"}
COMMAND: GET /session/8981aa63c4e1cf9ed36e4ba13e01d972/screenshot - {}
RESULT: {"using":"xpath","value":"//table[contains(@id, \"application-ruinventorylist-display-component---Master--tableRuInventoryList-listUl\")]/tbody/tr[1]/td[6]/div/span"}
COMMAND: POST /session/8981aa63c4e1cf9ed36e4ba13e01d972/execute/sync - {"script":"<script> [56 bytes]","args":[{"element-6066-11e4-a52e-4f735466cecf":"f.5E8CFC1C9950487B5C96D70EC621E9EB.d.9C1A282DE1CD47ACA0097B54052D923F.e.2065","ELEMENT":"f.5E8CFC1C9950487B5C96D70EC621E9EB.d.9C1A282DE1CD47ACA0097B54052D923F.e.2065"}]}
RESULT: {}
RESULT: {"script":"<script> [56 bytes]","args":[{"element-6066-11e4-a52e-4f735466cecf":"f.5E8CFC1C9950487B5C96D70EC621E9EB.d.9C1A282DE1CD47ACA0097B54052D923F.e.2065","ELEMENT":"f.5E8CFC1C9950487B5C96D70EC621E9EB.d.9C1A282DE1CD47ACA0097B54052D923F.e.2065"}]}
COMMAND: POST /session/8981aa63c4e1cf9ed36e4ba13e01d972/element - {"using":"xpath","value":"//div[contains(@id, \"smartFilterBar-btnBasicSearch-reset\")]"}
COMMAND: GET /session/8981aa63c4e1cf9ed36e4ba13e01d972/screenshot - {}
RESULT: {"using":"xpath","value":"//div[contains(@id, \"smartFilterBar-btnBasicSearch-reset\")]"}
COMMAND: POST /session/8981aa63c4e1cf9ed36e4ba13e01d972/element/f.5E8CFC1C9950487B5C96D70EC621E9EB.d.9C1A282DE1CD47ACA0097B54052D923F.e.921/click - {}
RESULT: {}
RESULT: {}
COMMAND: GET /session/8981aa63c4e1cf9ed36e4ba13e01d972/screenshot - {}
RESULT: {}
RESULT: undefined
COMMAND: POST /session/8981aa63c4e1cf9ed36e4ba13e01d972/execute/async - {"script":"<script> [776 bytes]","args":[{"enterText":"401002","selector":{"id":"application-ruinventorylist-display-component---Master--smartFilterBar-btnBasicSearch","interaction":{"idSuffix":"I"}},"clearTextFirst":true,"interactionType":"ENTER_TEXT"}]}
RESULT: {"script":"<script> [776 bytes]","args":[{"enterText":"401002","selector":{"id":"application-ruinventorylist-display-component---Master--smartFilterBar-btnBasicSearch","interaction":{"idSuffix":"I"}},"clearTextFirst":true,"interactionType":"ENTER_TEXT"}]}
COMMAND: POST /session/8981aa63c4e1cf9ed36e4ba13e01d972/actions - {"actions":[{"id":"action10","type":"key","parameters":{},"actions":[{"type":"keyDown","value":"î€‡"},{"type":"pause","duration":10},{"type":"keyUp","value":"î€‡"}]}]}
RESULT: {"actions":[{"id":"action10","type":"key","parameters":{},"actions":[{"type":"keyDown","value":"î€‡"},{"type":"pause","duration":10},{"type":"keyUp","value":"î€‡"}]}]}
COMMAND: GET /session/8981aa63c4e1cf9ed36e4ba13e01d972/screenshot - {}
RESULT: {}
COMMAND: POST /session/8981aa63c4e1cf9ed36e4ba13e01d972/element - {"using":"xpath","value":"//span[@id=\"application-ruinventorylist-display-component---Master--smartTableRuInventoryList-header-inner\"]"}
RESULT: {"using":"xpath","value":"//span[@id=\"application-ruinventorylist-display-component---Master--smartTableRuInventoryList-header-inner\"]"}
COMMAND: POST /session/8981aa63c4e1cf9ed36e4ba13e01d972/elements - {"using":"xpath","value":"//span[@id=\"application-ruinventorylist-display-component---Master--smartTableRuInventoryList-header-inner\"]"}
RESULT: {"using":"xpath","value":"//span[@id=\"application-ruinventorylist-display-component---Master--smartTableRuInventoryList-header-inner\"]"}
COMMAND: POST /session/8981aa63c4e1cf9ed36e4ba13e01d972/execute/sync - {"script":"<script> [56 bytes]","args":[{"element-6066-11e4-a52e-4f735466cecf":"f.5E8CFC1C9950487B5C96D70EC621E9EB.d.9C1A282DE1CD47ACA0097B54052D923F.e.903","ELEMENT":"f.5E8CFC1C9950487B5C96D70EC621E9EB.d.9C1A282DE1CD47ACA0097B54052D923F.e.903"}]}
RESULT: {"script":"<script> [56 bytes]","args":[{"element-6066-11e4-a52e-4f735466cecf":"f.5E8CFC1C9950487B5C96D70EC621E9EB.d.9C1A282DE1CD47ACA0097B54052D923F.e.903","ELEMENT":"f.5E8CFC1C9950487B5C96D70EC621E9EB.d.9C1A282DE1CD47ACA0097B54052D923F.e.903"}]}
COMMAND: POST /session/8981aa63c4e1cf9ed36e4ba13e01d972/element - {"using":"xpath","value":"//table[contains(@id, \"application-ruinventorylist-display-component---Master--tableRuInventoryList-listUl\")]/tbody/tr[1]/td[6]/div/span"}
COMMAND: GET /session/8981aa63c4e1cf9ed36e4ba13e01d972/screenshot - {}
RESULT: {"using":"xpath","value":"//table[contains(@id, \"application-ruinventorylist-display-component---Master--tableRuInventoryList-listUl\")]/tbody/tr[1]/td[6]/div/span"}
COMMAND: POST /session/8981aa63c4e1cf9ed36e4ba13e01d972/execute/sync - {"script":"<script> [56 bytes]","args":[{"element-6066-11e4-a52e-4f735466cecf":"f.5E8CFC1C9950487B5C96D70EC621E9EB.d.9C1A282DE1CD47ACA0097B54052D923F.e.2158","ELEMENT":"f.5E8CFC1C9950487B5C96D70EC621E9EB.d.9C1A282DE1CD47ACA0097B54052D923F.e.2158"}]}
RESULT: {}
RESULT: {"script":"<script> [56 bytes]","args":[{"element-6066-11e4-a52e-4f735466cecf":"f.5E8CFC1C9950487B5C96D70EC621E9EB.d.9C1A282DE1CD47ACA0097B54052D923F.e.2158","ELEMENT":"f.5E8CFC1C9950487B5C96D70EC621E9EB.d.9C1A282DE1CD47ACA0097B54052D923F.e.2158"}]}
COMMAND: POST /session/8981aa63c4e1cf9ed36e4ba13e01d972/element - {"using":"xpath","value":"//div[contains(@id, \"smartFilterBar-btnBasicSearch-reset\")]"}
COMMAND: GET /session/8981aa63c4e1cf9ed36e4ba13e01d972/screenshot - {}
RESULT: {"using":"xpath","value":"//div[contains(@id, \"smartFilterBar-btnBasicSearch-reset\")]"}
COMMAND: POST /session/8981aa63c4e1cf9ed36e4ba13e01d972/element/f.5E8CFC1C9950487B5C96D70EC621E9EB.d.9C1A282DE1CD47ACA0097B54052D923F.e.921/click - {}
RESULT: {}
RESULT: {}
COMMAND: GET /session/8981aa63c4e1cf9ed36e4ba13e01d972/screenshot - {}
RESULT: {}
COMMAND: POST /session/8981aa63c4e1cf9ed36e4ba13e01d972/element - {"using":"css selector","value":"#shell-header-logo"}
RESULT: {"using":"css selector","value":"#shell-header-logo"}
COMMAND: POST /session/8981aa63c4e1cf9ed36e4ba13e01d972/element/f.5E8CFC1C9950487B5C96D70EC621E9EB.d.9C1A282DE1CD47ACA0097B54052D923F.e.276/click - {}
RESULT: {}
COMMAND: GET /session/8981aa63c4e1cf9ed36e4ba13e01d972/screenshot - {}
RESULT: {}
]]></system-out>
    </testcase>
    <testcase classname="chrome.135_0_7049_96.windows.RU_Inventory_Mass_State_Change_Multiple_Items_US151066" name="Prerequisite Step 2 Should create a new equipment" time="149.267">
      <system-out><![CDATA[
COMMAND: POST /session/8981aa63c4e1cf9ed36e4ba13e01d972/execute/async - {"script":"<script> [1562 bytes]","args":[{"selector":{"controlType":"sap.m.GenericTile","properties":{"header":"Manage Resources"}},"wdio_ui5_key":"sapm.GenericTile{\"header\":\"Manage Resources\"}"}]}
RESULT: {"script":"<script> [1562 bytes]","args":[{"selector":{"controlType":"sap.m.GenericTile","properties":{"header":"Manage Resources"}},"wdio_ui5_key":"sapm.GenericTile{\"header\":\"Manage Resources\"}"}]}
RESULT: undefined
COMMAND: POST /session/8981aa63c4e1cf9ed36e4ba13e01d972/element - {"using":"xpath","value":"//*[@id=\"__tile39\"]"}
RESULT: {"using":"xpath","value":"//*[@id=\"__tile39\"]"}
COMMAND: POST /session/8981aa63c4e1cf9ed36e4ba13e01d972/element/f.5E8CFC1C9950487B5C96D70EC621E9EB.d.9C1A282DE1CD47ACA0097B54052D923F.e.163/click - {}
RESULT: {}
COMMAND: POST /session/8981aa63c4e1cf9ed36e4ba13e01d972/element - {"using":"xpath","value":"//button[@data-kt=\"addNewRUOverflowToolbarButton\"]"}
COMMAND: GET /session/8981aa63c4e1cf9ed36e4ba13e01d972/screenshot - {}
RESULT: {"using":"xpath","value":"//button[@data-kt=\"addNewRUOverflowToolbarButton\"]"}
COMMAND: POST /session/8981aa63c4e1cf9ed36e4ba13e01d972/elements - {"using":"xpath","value":"//button[@data-kt=\"addNewRUOverflowToolbarButton\"]"}
RESULT: {}
RESULT: {"using":"xpath","value":"//button[@data-kt=\"addNewRUOverflowToolbarButton\"]"}
COMMAND: POST /session/8981aa63c4e1cf9ed36e4ba13e01d972/elements - {"using":"xpath","value":"//button[@data-kt=\"addNewRUOverflowToolbarButton\"]"}
RESULT: {"using":"xpath","value":"//button[@data-kt=\"addNewRUOverflowToolbarButton\"]"}
COMMAND: POST /session/8981aa63c4e1cf9ed36e4ba13e01d972/elements - {"using":"xpath","value":"//button[@data-kt=\"addNewRUOverflowToolbarButton\"]"}
RESULT: {"using":"xpath","value":"//button[@data-kt=\"addNewRUOverflowToolbarButton\"]"}
COMMAND: POST /session/8981aa63c4e1cf9ed36e4ba13e01d972/elements - {"using":"xpath","value":"//button[@data-kt=\"addNewRUOverflowToolbarButton\"]"}
RESULT: {"using":"xpath","value":"//button[@data-kt=\"addNewRUOverflowToolbarButton\"]"}
COMMAND: POST /session/8981aa63c4e1cf9ed36e4ba13e01d972/element - {"using":"xpath","value":"//button[@data-kt=\"addNewRUOverflowToolbarButton\"]"}
RESULT: {"using":"xpath","value":"//button[@data-kt=\"addNewRUOverflowToolbarButton\"]"}
COMMAND: POST /session/8981aa63c4e1cf9ed36e4ba13e01d972/execute/sync - {"script":"<script> [8489 bytes]","args":[{"element-6066-11e4-a52e-4f735466cecf":"f.5E8CFC1C9950487B5C96D70EC621E9EB.d.9C1A282DE1CD47ACA0097B54052D923F.e.2273","ELEMENT":"f.5E8CFC1C9950487B5C96D70EC621E9EB.d.9C1A282DE1CD47ACA0097B54052D923F.e.2273"}]}
RESULT: {"script":"<script> [8489 bytes]","args":[{"element-6066-11e4-a52e-4f735466cecf":"f.5E8CFC1C9950487B5C96D70EC621E9EB.d.9C1A282DE1CD47ACA0097B54052D923F.e.2273","ELEMENT":"f.5E8CFC1C9950487B5C96D70EC621E9EB.d.9C1A282DE1CD47ACA0097B54052D923F.e.2273"}]}
COMMAND: GET /session/8981aa63c4e1cf9ed36e4ba13e01d972/element/f.5E8CFC1C9950487B5C96D70EC621E9EB.d.9C1A282DE1CD47ACA0097B54052D923F.e.2273/enabled - {}
COMMAND: GET /session/8981aa63c4e1cf9ed36e4ba13e01d972/screenshot - {}
RESULT: {}
COMMAND: POST /session/8981aa63c4e1cf9ed36e4ba13e01d972/execute/sync - {"script":"<script> [8489 bytes]","args":[{"element-6066-11e4-a52e-4f735466cecf":"f.5E8CFC1C9950487B5C96D70EC621E9EB.d.9C1A282DE1CD47ACA0097B54052D923F.e.2273","ELEMENT":"f.5E8CFC1C9950487B5C96D70EC621E9EB.d.9C1A282DE1CD47ACA0097B54052D923F.e.2273"}]}
COMMAND: GET /session/8981aa63c4e1cf9ed36e4ba13e01d972/screenshot - {}
RESULT: {}
RESULT: {"script":"<script> [8489 bytes]","args":[{"element-6066-11e4-a52e-4f735466cecf":"f.5E8CFC1C9950487B5C96D70EC621E9EB.d.9C1A282DE1CD47ACA0097B54052D923F.e.2273","ELEMENT":"f.5E8CFC1C9950487B5C96D70EC621E9EB.d.9C1A282DE1CD47ACA0097B54052D923F.e.2273"}]}
COMMAND: POST /session/8981aa63c4e1cf9ed36e4ba13e01d972/execute/sync - {"script":"<script> [5351 bytes]","args":[{"element-6066-11e4-a52e-4f735466cecf":"f.5E8CFC1C9950487B5C96D70EC621E9EB.d.9C1A282DE1CD47ACA0097B54052D923F.e.2273","ELEMENT":"f.5E8CFC1C9950487B5C96D70EC621E9EB.d.9C1A282DE1CD47ACA0097B54052D923F.e.2273"}]}
COMMAND: GET /session/8981aa63c4e1cf9ed36e4ba13e01d972/screenshot - {}
RESULT: {}
RESULT: {"script":"<script> [5351 bytes]","args":[{"element-6066-11e4-a52e-4f735466cecf":"f.5E8CFC1C9950487B5C96D70EC621E9EB.d.9C1A282DE1CD47ACA0097B54052D923F.e.2273","ELEMENT":"f.5E8CFC1C9950487B5C96D70EC621E9EB.d.9C1A282DE1CD47ACA0097B54052D923F.e.2273"}]}
COMMAND: POST /session/8981aa63c4e1cf9ed36e4ba13e01d972/element/f.5E8CFC1C9950487B5C96D70EC621E9EB.d.9C1A282DE1CD47ACA0097B54052D923F.e.2273/click - {}
COMMAND: GET /session/8981aa63c4e1cf9ed36e4ba13e01d972/screenshot - {}
RESULT: {}
RESULT: {}
COMMAND: GET /session/8981aa63c4e1cf9ed36e4ba13e01d972/screenshot - {}
COMMAND: POST /session/8981aa63c4e1cf9ed36e4ba13e01d972/execute/async - {"script":"<script> [1562 bytes]","args":[{"selector":{"id":"application-manageresources-display-component---newResourceUnit--TYPE-arrow"},"wdio_ui5_key":"applicationmanageresources-display-component---newResourceUnit--TYPE-arrow"}]}
RESULT: {}
RESULT: {}
RESULT: {"script":"<script> [1562 bytes]","args":[{"selector":{"id":"application-manageresources-display-component---newResourceUnit--TYPE-arrow"},"wdio_ui5_key":"applicationmanageresources-display-component---newResourceUnit--TYPE-arrow"}]}
RESULT: undefined
COMMAND: POST /session/8981aa63c4e1cf9ed36e4ba13e01d972/element - {"using":"xpath","value":"//*[@id=\"application-manageresources-display-component---newResourceUnit--TYPE-arrow\"]"}
RESULT: {"using":"xpath","value":"//*[@id=\"application-manageresources-display-component---newResourceUnit--TYPE-arrow\"]"}
COMMAND: POST /session/8981aa63c4e1cf9ed36e4ba13e01d972/element/f.5E8CFC1C9950487B5C96D70EC621E9EB.d.9C1A282DE1CD47ACA0097B54052D923F.e.2442/click - {}
RESULT: {}
COMMAND: POST /session/8981aa63c4e1cf9ed36e4ba13e01d972/element - {"using":"xpath","value":"//input[@id=\"application-manageresources-display-component---newResourceUnit--TYPE-inner\"]"}
COMMAND: GET /session/8981aa63c4e1cf9ed36e4ba13e01d972/screenshot - {}
RESULT: {"using":"xpath","value":"//input[@id=\"application-manageresources-display-component---newResourceUnit--TYPE-inner\"]"}
COMMAND: POST /session/8981aa63c4e1cf9ed36e4ba13e01d972/element/f.5E8CFC1C9950487B5C96D70EC621E9EB.d.9C1A282DE1CD47ACA0097B54052D923F.e.2325/clear - {}
RESULT: {}
RESULT: {}
COMMAND: POST /session/8981aa63c4e1cf9ed36e4ba13e01d972/element/f.5E8CFC1C9950487B5C96D70EC621E9EB.d.9C1A282DE1CD47ACA0097B54052D923F.e.2325/value - {"text":"Equipment"}
COMMAND: GET /session/8981aa63c4e1cf9ed36e4ba13e01d972/screenshot - {}
RESULT: {"text":"Equipment"}
COMMAND: GET /session/8981aa63c4e1cf9ed36e4ba13e01d972/screenshot - {}
RESULT: {}
RESULT: {}
COMMAND: POST /session/8981aa63c4e1cf9ed36e4ba13e01d972/actions - {"actions":[{"id":"action11","type":"key","parameters":{},"actions":[{"type":"keyDown","value":"î€‡"},{"type":"pause","duration":10},{"type":"keyUp","value":"î€‡"}]}]}
RESULT: {"actions":[{"id":"action11","type":"key","parameters":{},"actions":[{"type":"keyDown","value":"î€‡"},{"type":"pause","duration":10},{"type":"keyUp","value":"î€‡"}]}]}
COMMAND: POST /session/8981aa63c4e1cf9ed36e4ba13e01d972/execute/async - {"script":"<script> [1562 bytes]","args":[{"selector":{"id":"application-manageresources-display-component---newResourceUnit--resourceId","interaction":{"idSuffix":"inner"}},"wdio_ui5_key":"applicationmanageresources-display-component---newResourceUnit--resourceId"}]}
COMMAND: GET /session/8981aa63c4e1cf9ed36e4ba13e01d972/screenshot - {}
RESULT: {"script":"<script> [1562 bytes]","args":[{"selector":{"id":"application-manageresources-display-component---newResourceUnit--resourceId","interaction":{"idSuffix":"inner"}},"wdio_ui5_key":"applicationmanageresources-display-component---newResourceUnit--resourceId"}]}
RESULT: undefined
COMMAND: POST /session/8981aa63c4e1cf9ed36e4ba13e01d972/execute/async - {"script":"<script> [776 bytes]","args":[{"enterText":"WAzJU8qnjO","selector":{"id":"application-manageresources-display-component---newResourceUnit--resourceId","interaction":{"idSuffix":"inner"}},"clearTextFirst":true,"interactionType":"ENTER_TEXT"}]}
RESULT: {}
RESULT: {"script":"<script> [776 bytes]","args":[{"enterText":"WAzJU8qnjO","selector":{"id":"application-manageresources-display-component---newResourceUnit--resourceId","interaction":{"idSuffix":"inner"}},"clearTextFirst":true,"interactionType":"ENTER_TEXT"}]}
COMMAND: POST /session/8981aa63c4e1cf9ed36e4ba13e01d972/execute/async - {"script":"<script> [1562 bytes]","args":[{"selector":{"id":"application-manageresources-display-component---newResourceUnit--SHORT_TEXT","interaction":{"idSuffix":"inner"}},"wdio_ui5_key":"applicationmanageresources-display-component---newResourceUnit--SHORT_TEXT"}]}
RESULT: {"script":"<script> [1562 bytes]","args":[{"selector":{"id":"application-manageresources-display-component---newResourceUnit--SHORT_TEXT","interaction":{"idSuffix":"inner"}},"wdio_ui5_key":"applicationmanageresources-display-component---newResourceUnit--SHORT_TEXT"}]}
RESULT: undefined
COMMAND: POST /session/8981aa63c4e1cf9ed36e4ba13e01d972/execute/async - {"script":"<script> [776 bytes]","args":[{"enterText":"Intercompany Equipment WDIO","selector":{"id":"application-manageresources-display-component---newResourceUnit--SHORT_TEXT","interaction":{"idSuffix":"inner"}},"clearTextFirst":true,"interactionType":"ENTER_TEXT"}]}
RESULT: {"script":"<script> [776 bytes]","args":[{"enterText":"Intercompany Equipment WDIO","selector":{"id":"application-manageresources-display-component---newResourceUnit--SHORT_TEXT","interaction":{"idSuffix":"inner"}},"clearTextFirst":true,"interactionType":"ENTER_TEXT"}]}
COMMAND: POST /session/8981aa63c4e1cf9ed36e4ba13e01d972/execute/async - {"script":"<script> [1562 bytes]","args":[{"selector":{"id":"application-manageresources-display-component---newResourceUnit--BASE_UNIT_OF_MEASURE","interaction":{"idSuffix":"inner"}},"wdio_ui5_key":"applicationmanageresources-display-component---newResourceUnit--BASE_UNIT_OF_MEASURE"}]}
RESULT: {"script":"<script> [1562 bytes]","args":[{"selector":{"id":"application-manageresources-display-component---newResourceUnit--BASE_UNIT_OF_MEASURE","interaction":{"idSuffix":"inner"}},"wdio_ui5_key":"applicationmanageresources-display-component---newResourceUnit--BASE_UNIT_OF_MEASURE"}]}
RESULT: undefined
COMMAND: POST /session/8981aa63c4e1cf9ed36e4ba13e01d972/execute/async - {"script":"<script> [776 bytes]","args":[{"enterText":"Piece","selector":{"id":"application-manageresources-display-component---newResourceUnit--BASE_UNIT_OF_MEASURE","interaction":{"idSuffix":"inner"}},"clearTextFirst":true,"interactionType":"ENTER_TEXT"}]}
RESULT: {"script":"<script> [776 bytes]","args":[{"enterText":"Piece","selector":{"id":"application-manageresources-display-component---newResourceUnit--BASE_UNIT_OF_MEASURE","interaction":{"idSuffix":"inner"}},"clearTextFirst":true,"interactionType":"ENTER_TEXT"}]}
COMMAND: POST /session/8981aa63c4e1cf9ed36e4ba13e01d972/execute/async - {"script":"<script> [1562 bytes]","args":[{"selector":{"id":"application-manageresources-display-component---newResourceUnit--WEIGHT_UNIT","interaction":{"idSuffix":"inner"}},"wdio_ui5_key":"applicationmanageresources-display-component---newResourceUnit--WEIGHT_UNIT"}]}
RESULT: {"script":"<script> [1562 bytes]","args":[{"selector":{"id":"application-manageresources-display-component---newResourceUnit--WEIGHT_UNIT","interaction":{"idSuffix":"inner"}},"wdio_ui5_key":"applicationmanageresources-display-component---newResourceUnit--WEIGHT_UNIT"}]}
RESULT: undefined
COMMAND: POST /session/8981aa63c4e1cf9ed36e4ba13e01d972/execute/async - {"script":"<script> [776 bytes]","args":[{"enterText":"Gram","selector":{"id":"application-manageresources-display-component---newResourceUnit--WEIGHT_UNIT","interaction":{"idSuffix":"inner"}},"clearTextFirst":true,"interactionType":"ENTER_TEXT"}]}
RESULT: {"script":"<script> [776 bytes]","args":[{"enterText":"Gram","selector":{"id":"application-manageresources-display-component---newResourceUnit--WEIGHT_UNIT","interaction":{"idSuffix":"inner"}},"clearTextFirst":true,"interactionType":"ENTER_TEXT"}]}
COMMAND: POST /session/8981aa63c4e1cf9ed36e4ba13e01d972/execute/async - {"script":"<script> [1562 bytes]","args":[{"selector":{"id":"application-manageresources-display-component---newResourceUnit--DIMENSION_UNIT","interaction":{"idSuffix":"inner"}},"wdio_ui5_key":"applicationmanageresources-display-component---newResourceUnit--DIMENSION_UNIT"}]}
RESULT: {"script":"<script> [1562 bytes]","args":[{"selector":{"id":"application-manageresources-display-component---newResourceUnit--DIMENSION_UNIT","interaction":{"idSuffix":"inner"}},"wdio_ui5_key":"applicationmanageresources-display-component---newResourceUnit--DIMENSION_UNIT"}]}
RESULT: undefined
COMMAND: POST /session/8981aa63c4e1cf9ed36e4ba13e01d972/execute/async - {"script":"<script> [776 bytes]","args":[{"enterText":"Meter","selector":{"id":"application-manageresources-display-component---newResourceUnit--DIMENSION_UNIT","interaction":{"idSuffix":"inner"}},"clearTextFirst":true,"interactionType":"ENTER_TEXT"}]}
RESULT: {"script":"<script> [776 bytes]","args":[{"enterText":"Meter","selector":{"id":"application-manageresources-display-component---newResourceUnit--DIMENSION_UNIT","interaction":{"idSuffix":"inner"}},"clearTextFirst":true,"interactionType":"ENTER_TEXT"}]}
COMMAND: POST /session/8981aa63c4e1cf9ed36e4ba13e01d972/execute/async - {"script":"<script> [1562 bytes]","args":[{"selector":{"id":"application-manageresources-display-component---newResourceUnit--newRRUPage-anchBar-application-manageresources-display-component---newResourceUnit--control-anchor","interaction":{"idSuffix":"BDI-content"}},"wdio_ui5_key":"applicationmanageresources-display-component---newResourceUnit--newRRUPage-anchBar-application-manageresources-display-component---newResourceUnit--control-anchor"}]}
RESULT: {"script":"<script> [1562 bytes]","args":[{"selector":{"id":"application-manageresources-display-component---newResourceUnit--newRRUPage-anchBar-application-manageresources-display-component---newResourceUnit--control-anchor","interaction":{"idSuffix":"BDI-content"}},"wdio_ui5_key":"applicationmanageresources-display-component---newResourceUnit--newRRUPage-anchBar-application-manageresources-display-component---newResourceUnit--control-anchor"}]}
RESULT: undefined
COMMAND: POST /session/8981aa63c4e1cf9ed36e4ba13e01d972/element - {"using":"xpath","value":"//*[@id=\"application-manageresources-display-component---newResourceUnit--newRRUPage-anchBar-application-manageresources-display-component---newResourceUnit--control-anchor\"]"}
RESULT: {"using":"xpath","value":"//*[@id=\"application-manageresources-display-component---newResourceUnit--newRRUPage-anchBar-application-manageresources-display-component---newResourceUnit--control-anchor\"]"}
COMMAND: POST /session/8981aa63c4e1cf9ed36e4ba13e01d972/element/f.5E8CFC1C9950487B5C96D70EC621E9EB.d.9C1A282DE1CD47ACA0097B54052D923F.e.2576/click - {}
RESULT: {}
COMMAND: POST /session/8981aa63c4e1cf9ed36e4ba13e01d972/execute/async - {"script":"<script> [1562 bytes]","args":[{"selector":{"id":"application-manageresources-display-component---newResourceUnit--PLANNING_GROUP","interaction":{"idSuffix":"inner"}},"wdio_ui5_key":"applicationmanageresources-display-component---newResourceUnit--PLANNING_GROUP"}]}
COMMAND: GET /session/8981aa63c4e1cf9ed36e4ba13e01d972/screenshot - {}
RESULT: {"script":"<script> [1562 bytes]","args":[{"selector":{"id":"application-manageresources-display-component---newResourceUnit--PLANNING_GROUP","interaction":{"idSuffix":"inner"}},"wdio_ui5_key":"applicationmanageresources-display-component---newResourceUnit--PLANNING_GROUP"}]}
RESULT: undefined
COMMAND: POST /session/8981aa63c4e1cf9ed36e4ba13e01d972/execute/async - {"script":"<script> [776 bytes]","args":[{"enterText":"Heavy Equi","selector":{"id":"application-manageresources-display-component---newResourceUnit--PLANNING_GROUP","interaction":{"idSuffix":"inner"}},"clearTextFirst":true,"interactionType":"ENTER_TEXT"}]}
RESULT: {}
RESULT: {"script":"<script> [776 bytes]","args":[{"enterText":"Heavy Equi","selector":{"id":"application-manageresources-display-component---newResourceUnit--PLANNING_GROUP","interaction":{"idSuffix":"inner"}},"clearTextFirst":true,"interactionType":"ENTER_TEXT"}]}
COMMAND: POST /session/8981aa63c4e1cf9ed36e4ba13e01d972/execute/async - {"script":"<script> [1562 bytes]","args":[{"selector":{"id":"application-manageresources-display-component---newResourceUnit--ITEM_TYPE-arrow"},"wdio_ui5_key":"applicationmanageresources-display-component---newResourceUnit--ITEM_TYPE-arrow"}]}
RESULT: {"script":"<script> [1562 bytes]","args":[{"selector":{"id":"application-manageresources-display-component---newResourceUnit--ITEM_TYPE-arrow"},"wdio_ui5_key":"applicationmanageresources-display-component---newResourceUnit--ITEM_TYPE-arrow"}]}
RESULT: undefined
COMMAND: POST /session/8981aa63c4e1cf9ed36e4ba13e01d972/element - {"using":"xpath","value":"//*[@id=\"application-manageresources-display-component---newResourceUnit--ITEM_TYPE-arrow\"]"}
RESULT: {"using":"xpath","value":"//*[@id=\"application-manageresources-display-component---newResourceUnit--ITEM_TYPE-arrow\"]"}
COMMAND: POST /session/8981aa63c4e1cf9ed36e4ba13e01d972/element/f.5E8CFC1C9950487B5C96D70EC621E9EB.d.9C1A282DE1CD47ACA0097B54052D923F.e.2583/click - {}
RESULT: {}
COMMAND: POST /session/8981aa63c4e1cf9ed36e4ba13e01d972/element - {"using":"xpath","value":"(//span[contains(text(), \"Resource Unit\")])[2]"}
COMMAND: GET /session/8981aa63c4e1cf9ed36e4ba13e01d972/screenshot - {}
RESULT: {"using":"xpath","value":"(//span[contains(text(), \"Resource Unit\")])[2]"}
COMMAND: POST /session/8981aa63c4e1cf9ed36e4ba13e01d972/element/f.5E8CFC1C9950487B5C96D70EC621E9EB.d.9C1A282DE1CD47ACA0097B54052D923F.e.2584/click - {}
RESULT: {}
RESULT: {}
COMMAND: GET /session/8981aa63c4e1cf9ed36e4ba13e01d972/screenshot - {}
RESULT: {}
COMMAND: POST /session/8981aa63c4e1cf9ed36e4ba13e01d972/element - {"using":"css selector","value":"#application-manageresources-display-component---newResourceUnit--btnAddTimeSegment"}
RESULT: {"using":"css selector","value":"#application-manageresources-display-component---newResourceUnit--btnAddTimeSegment"}
COMMAND: GET /session/8981aa63c4e1cf9ed36e4ba13e01d972/element/f.5E8CFC1C9950487B5C96D70EC621E9EB.d.9C1A282DE1CD47ACA0097B54052D923F.e.2585/rect - {}
RESULT: {}
COMMAND: GET /session/8981aa63c4e1cf9ed36e4ba13e01d972/window/rect - {}
RESULT: {}
COMMAND: POST /session/8981aa63c4e1cf9ed36e4ba13e01d972/execute/sync - {"script":"<script> [92 bytes]","args":[]}
RESULT: {"script":"<script> [92 bytes]","args":[]}
COMMAND: POST /session/8981aa63c4e1cf9ed36e4ba13e01d972/actions - {"actions":[{"id":"action12","type":"wheel","parameters":{},"actions":[{"type":"scroll","x":-1888,"y":-32,"deltaX":0,"deltaY":0,"duration":0,"origin":{"element-6066-11e4-a52e-4f735466cecf":"f.5E8CFC1C9950487B5C96D70EC621E9EB.d.9C1A282DE1CD47ACA0097B54052D923F.e.2585"}}]}]}
COMMAND: GET /session/8981aa63c4e1cf9ed36e4ba13e01d972/screenshot - {}
RESULT: {}
COMMAND: POST /session/8981aa63c4e1cf9ed36e4ba13e01d972/execute/sync - {"script":"<script> [79 bytes]","args":[{"element-6066-11e4-a52e-4f735466cecf":"f.5E8CFC1C9950487B5C96D70EC621E9EB.d.9C1A282DE1CD47ACA0097B54052D923F.e.2585","ELEMENT":"f.5E8CFC1C9950487B5C96D70EC621E9EB.d.9C1A282DE1CD47ACA0097B54052D923F.e.2585"},{"block":"start","inline":"nearest"}]}
RESULT: {"script":"<script> [79 bytes]","args":[{"element-6066-11e4-a52e-4f735466cecf":"f.5E8CFC1C9950487B5C96D70EC621E9EB.d.9C1A282DE1CD47ACA0097B54052D923F.e.2585","ELEMENT":"f.5E8CFC1C9950487B5C96D70EC621E9EB.d.9C1A282DE1CD47ACA0097B54052D923F.e.2585"},{"block":"start","inline":"nearest"}]}
COMMAND: POST /session/8981aa63c4e1cf9ed36e4ba13e01d972/execute/async - {"script":"<script> [1562 bytes]","args":[{"selector":{"id":"application-manageresources-display-component---newResourceUnit--btnAddTimeSegment","interaction":{"idSuffix":"inner"}},"wdio_ui5_key":"applicationmanageresources-display-component---newResourceUnit--btnAddTimeSegment"}]}
COMMAND: GET /session/8981aa63c4e1cf9ed36e4ba13e01d972/screenshot - {}
RESULT: {"script":"<script> [1562 bytes]","args":[{"selector":{"id":"application-manageresources-display-component---newResourceUnit--btnAddTimeSegment","interaction":{"idSuffix":"inner"}},"wdio_ui5_key":"applicationmanageresources-display-component---newResourceUnit--btnAddTimeSegment"}]}
RESULT: undefined
COMMAND: POST /session/8981aa63c4e1cf9ed36e4ba13e01d972/element - {"using":"xpath","value":"//*[@id=\"application-manageresources-display-component---newResourceUnit--btnAddTimeSegment\"]"}
RESULT: {}
RESULT: {"using":"xpath","value":"//*[@id=\"application-manageresources-display-component---newResourceUnit--btnAddTimeSegment\"]"}
COMMAND: POST /session/8981aa63c4e1cf9ed36e4ba13e01d972/element/f.5E8CFC1C9950487B5C96D70EC621E9EB.d.9C1A282DE1CD47ACA0097B54052D923F.e.2585/click - {}
RESULT: {}
COMMAND: GET /session/8981aa63c4e1cf9ed36e4ba13e01d972/screenshot - {}
RESULT: {}
COMMAND: POST /session/8981aa63c4e1cf9ed36e4ba13e01d972/element - {"using":"xpath","value":"//input[@id=\"application-manageresources-display-component---newResourceUnit--idRuTSAdmin-application-manageresources-display-component---newResourceUnit--RUTimeSegment-0-inner\"]"}
RESULT: {"using":"xpath","value":"//input[@id=\"application-manageresources-display-component---newResourceUnit--idRuTSAdmin-application-manageresources-display-component---newResourceUnit--RUTimeSegment-0-inner\"]"}
COMMAND: POST /session/8981aa63c4e1cf9ed36e4ba13e01d972/element/f.5E8CFC1C9950487B5C96D70EC621E9EB.d.9C1A282DE1CD47ACA0097B54052D923F.e.2591/clear - {}
RESULT: {}
COMMAND: POST /session/8981aa63c4e1cf9ed36e4ba13e01d972/element/f.5E8CFC1C9950487B5C96D70EC621E9EB.d.9C1A282DE1CD47ACA0097B54052D923F.e.2591/value - {"text":"109"}
COMMAND: GET /session/8981aa63c4e1cf9ed36e4ba13e01d972/screenshot - {}
RESULT: {"text":"109"}
COMMAND: GET /session/8981aa63c4e1cf9ed36e4ba13e01d972/screenshot - {}
RESULT: {}
RESULT: {}
COMMAND: POST /session/8981aa63c4e1cf9ed36e4ba13e01d972/element - {"using":"xpath","value":"//li[.//span[text()='109']]"}
RESULT: {"using":"xpath","value":"//li[.//span[text()='109']]"}
COMMAND: POST /session/8981aa63c4e1cf9ed36e4ba13e01d972/element/f.5E8CFC1C9950487B5C96D70EC621E9EB.d.9C1A282DE1CD47ACA0097B54052D923F.e.2603/click - {}
RESULT: {}
COMMAND: GET /session/8981aa63c4e1cf9ed36e4ba13e01d972/screenshot - {}
RESULT: {}
COMMAND: POST /session/8981aa63c4e1cf9ed36e4ba13e01d972/element - {"using":"xpath","value":"(//span[contains(@id, \"-application-manageresources-display-component---newResourceUnit--RUTimeSegment-0-arrow\")])[6]"}
RESULT: {"using":"xpath","value":"(//span[contains(@id, \"-application-manageresources-display-component---newResourceUnit--RUTimeSegment-0-arrow\")])[6]"}
COMMAND: POST /session/8981aa63c4e1cf9ed36e4ba13e01d972/element/f.5E8CFC1C9950487B5C96D70EC621E9EB.d.9C1A282DE1CD47ACA0097B54052D923F.e.2604/click - {}
RESULT: {}
COMMAND: GET /session/8981aa63c4e1cf9ed36e4ba13e01d972/screenshot - {}
RESULT: {}
COMMAND: POST /session/8981aa63c4e1cf9ed36e4ba13e01d972/element - {"using":"xpath","value":"//span[contains(text(), \"PM Order\")]"}
RESULT: {"using":"xpath","value":"//span[contains(text(), \"PM Order\")]"}
COMMAND: POST /session/8981aa63c4e1cf9ed36e4ba13e01d972/element/f.5E8CFC1C9950487B5C96D70EC621E9EB.d.9C1A282DE1CD47ACA0097B54052D923F.e.2607/click - {}
RESULT: {}
COMMAND: GET /session/8981aa63c4e1cf9ed36e4ba13e01d972/screenshot - {}
RESULT: {}
COMMAND: POST /session/8981aa63c4e1cf9ed36e4ba13e01d972/element - {"using":"xpath","value":"(//span[contains(@id ,\"manageresources-display-component---newResourceUnit--RUTimeSegment-0-vhi\")])[1]"}
RESULT: {"using":"xpath","value":"(//span[contains(@id ,\"manageresources-display-component---newResourceUnit--RUTimeSegment-0-vhi\")])[1]"}
COMMAND: GET /session/8981aa63c4e1cf9ed36e4ba13e01d972/element/f.5E8CFC1C9950487B5C96D70EC621E9EB.d.9C1A282DE1CD47ACA0097B54052D923F.e.2611/rect - {}
RESULT: {}
COMMAND: GET /session/8981aa63c4e1cf9ed36e4ba13e01d972/window/rect - {}
RESULT: {}
COMMAND: POST /session/8981aa63c4e1cf9ed36e4ba13e01d972/execute/sync - {"script":"<script> [92 bytes]","args":[]}
RESULT: {"script":"<script> [92 bytes]","args":[]}
COMMAND: POST /session/8981aa63c4e1cf9ed36e4ba13e01d972/actions - {"actions":[{"id":"action13","type":"wheel","parameters":{},"actions":[{"type":"scroll","x":-869,"y":-24,"deltaX":0,"deltaY":0,"duration":0,"origin":{"element-6066-11e4-a52e-4f735466cecf":"f.5E8CFC1C9950487B5C96D70EC621E9EB.d.9C1A282DE1CD47ACA0097B54052D923F.e.2611"}}]}]}
COMMAND: GET /session/8981aa63c4e1cf9ed36e4ba13e01d972/screenshot - {}
RESULT: {"actions":[{"id":"action13","type":"wheel","parameters":{},"actions":[{"type":"scroll","x":-869,"y":-24,"deltaX":0,"deltaY":0,"duration":0,"origin":{"element-6066-11e4-a52e-4f735466cecf":"f.5E8CFC1C9950487B5C96D70EC621E9EB.d.9C1A282DE1CD47ACA0097B54052D923F.e.2611"}}]}]}
COMMAND: DELETE /session/8981aa63c4e1cf9ed36e4ba13e01d972/actions - {}
COMMAND: GET /session/8981aa63c4e1cf9ed36e4ba13e01d972/screenshot - {}
RESULT: {}
RESULT: {}
COMMAND: GET /session/8981aa63c4e1cf9ed36e4ba13e01d972/screenshot - {}
RESULT: {}
RESULT: {}
COMMAND: POST /session/8981aa63c4e1cf9ed36e4ba13e01d972/element/f.5E8CFC1C9950487B5C96D70EC621E9EB.d.9C1A282DE1CD47ACA0097B54052D923F.e.2611/click - {}
RESULT: {}
COMMAND: GET /session/8981aa63c4e1cf9ed36e4ba13e01d972/screenshot - {}
RESULT: {}
COMMAND: POST /session/8981aa63c4e1cf9ed36e4ba13e01d972/execute/async - {"script":"<script> [1562 bytes]","args":[{"selector":{"controlType":"sap.m.SearchField","properties":{"placeholder":"Search"},"searchOpenDialogs":true,"interaction":{"idSuffix":"I"}},"wdio_ui5_key":"sapm.SearchField{\"placeholder\":\"Search\"}"}]}
RESULT: {"script":"<script> [1562 bytes]","args":[{"selector":{"controlType":"sap.m.SearchField","properties":{"placeholder":"Search"},"searchOpenDialogs":true,"interaction":{"idSuffix":"I"}},"wdio_ui5_key":"sapm.SearchField{\"placeholder\":\"Search\"}"}]}
RESULT: undefined
COMMAND: POST /session/8981aa63c4e1cf9ed36e4ba13e01d972/execute/async - {"script":"<script> [776 bytes]","args":[{"enterText":"4000360","selector":{"controlType":"sap.m.SearchField","properties":{"placeholder":"Search"},"searchOpenDialogs":true,"interaction":{"idSuffix":"I"}},"clearTextFirst":true,"interactionType":"ENTER_TEXT"}]}
RESULT: {"script":"<script> [776 bytes]","args":[{"enterText":"4000360","selector":{"controlType":"sap.m.SearchField","properties":{"placeholder":"Search"},"searchOpenDialogs":true,"interaction":{"idSuffix":"I"}},"clearTextFirst":true,"interactionType":"ENTER_TEXT"}]}
COMMAND: POST /session/8981aa63c4e1cf9ed36e4ba13e01d972/actions - {"actions":[{"id":"action14","type":"key","parameters":{},"actions":[{"type":"keyDown","value":"î€‡"},{"type":"pause","duration":10},{"type":"keyUp","value":"î€‡"}]}]}
RESULT: {"actions":[{"id":"action14","type":"key","parameters":{},"actions":[{"type":"keyDown","value":"î€‡"},{"type":"pause","duration":10},{"type":"keyUp","value":"î€‡"}]}]}
COMMAND: GET /session/8981aa63c4e1cf9ed36e4ba13e01d972/screenshot - {}
RESULT: {}
COMMAND: POST /session/8981aa63c4e1cf9ed36e4ba13e01d972/element - {"using":"xpath","value":"//td/div/span[contains(text(), \"BGL Vehicles\")]"}
RESULT: {"using":"xpath","value":"//td/div/span[contains(text(), \"BGL Vehicles\")]"}
COMMAND: POST /session/8981aa63c4e1cf9ed36e4ba13e01d972/element/f.5E8CFC1C9950487B5C96D70EC621E9EB.d.9C1A282DE1CD47ACA0097B54052D923F.e.2632/click - {}
RESULT: {}
COMMAND: GET /session/8981aa63c4e1cf9ed36e4ba13e01d972/screenshot - {}
RESULT: {}
COMMAND: POST /session/8981aa63c4e1cf9ed36e4ba13e01d972/element - {"using":"xpath","value":"//bdi[contains(text(), \"OK\")]"}
RESULT: {"using":"xpath","value":"//bdi[contains(text(), \"OK\")]"}
COMMAND: POST /session/8981aa63c4e1cf9ed36e4ba13e01d972/element/f.5E8CFC1C9950487B5C96D70EC621E9EB.d.9C1A282DE1CD47ACA0097B54052D923F.e.2633/click - {}
RESULT: {}
COMMAND: GET /session/8981aa63c4e1cf9ed36e4ba13e01d972/screenshot - {}
RESULT: {}
COMMAND: POST /session/8981aa63c4e1cf9ed36e4ba13e01d972/execute/async - {"script":"<script> [1562 bytes]","args":[{"selector":{"id":"application-manageresources-display-component---newResourceUnit--newRRUPage-anchBar-application-manageresources-display-component---newResourceUnit--resource-anchor","interaction":{"idSuffix":"BDI-content"}},"wdio_ui5_key":"applicationmanageresources-display-component---newResourceUnit--newRRUPage-anchBar-application-manageresources-display-component---newResourceUnit--resource-anchor"}]}
RESULT: {"script":"<script> [1562 bytes]","args":[{"selector":{"id":"application-manageresources-display-component---newResourceUnit--newRRUPage-anchBar-application-manageresources-display-component---newResourceUnit--resource-anchor","interaction":{"idSuffix":"BDI-content"}},"wdio_ui5_key":"applicationmanageresources-display-component---newResourceUnit--newRRUPage-anchBar-application-manageresources-display-component---newResourceUnit--resource-anchor"}]}
RESULT: undefined
COMMAND: POST /session/8981aa63c4e1cf9ed36e4ba13e01d972/element - {"using":"xpath","value":"//*[@id=\"application-manageresources-display-component---newResourceUnit--newRRUPage-anchBar-application-manageresources-display-component---newResourceUnit--resource-anchor\"]"}
RESULT: {"using":"xpath","value":"//*[@id=\"application-manageresources-display-component---newResourceUnit--newRRUPage-anchBar-application-manageresources-display-component---newResourceUnit--resource-anchor\"]"}
COMMAND: POST /session/8981aa63c4e1cf9ed36e4ba13e01d972/element/f.5E8CFC1C9950487B5C96D70EC621E9EB.d.9C1A282DE1CD47ACA0097B54052D923F.e.2637/click - {}
RESULT: {}
COMMAND: POST /session/8981aa63c4e1cf9ed36e4ba13e01d972/execute/async - {"script":"<script> [1562 bytes]","args":[{"selector":{"id":"application-manageresources-display-component---newResourceUnit--PLANNED_DELIVERY_DATE","interaction":{"idSuffix":"inner"}},"wdio_ui5_key":"applicationmanageresources-display-component---newResourceUnit--PLANNED_DELIVERY_DATE"}]}
COMMAND: GET /session/8981aa63c4e1cf9ed36e4ba13e01d972/screenshot - {}
RESULT: {"script":"<script> [1562 bytes]","args":[{"selector":{"id":"application-manageresources-display-component---newResourceUnit--PLANNED_DELIVERY_DATE","interaction":{"idSuffix":"inner"}},"wdio_ui5_key":"applicationmanageresources-display-component---newResourceUnit--PLANNED_DELIVERY_DATE"}]}
RESULT: undefined
COMMAND: POST /session/8981aa63c4e1cf9ed36e4ba13e01d972/execute/async - {"script":"<script> [6424 bytes]","args":[{"element-6066-11e4-a52e-4f735466cecf":"f.5E8CFC1C9950487B5C96D70EC621E9EB.d.9C1A282DE1CD47ACA0097B54052D923F.e.2499"},"setValue",["5/3/25"]]}
RESULT: {}
RESULT: {"script":"<script> [6424 bytes]","args":[{"element-6066-11e4-a52e-4f735466cecf":"f.5E8CFC1C9950487B5C96D70EC621E9EB.d.9C1A282DE1CD47ACA0097B54052D923F.e.2499"},"setValue",["5/3/25"]]}
COMMAND: POST /session/8981aa63c4e1cf9ed36e4ba13e01d972/element - {"using":"xpath","value":"//button[@data-kt=\"resourceUnitSaveButton\"]"}
RESULT: {"using":"xpath","value":"//button[@data-kt=\"resourceUnitSaveButton\"]"}
COMMAND: POST /session/8981aa63c4e1cf9ed36e4ba13e01d972/element/f.5E8CFC1C9950487B5C96D70EC621E9EB.d.9C1A282DE1CD47ACA0097B54052D923F.e.2459/click - {}
RESULT: {}
COMMAND: GET /session/8981aa63c4e1cf9ed36e4ba13e01d972/screenshot - {}
RESULT: {}
COMMAND: POST /session/8981aa63c4e1cf9ed36e4ba13e01d972/element - {"using":"xpath","value":"//bdi[contains(text(), \"Close\")]"}
RESULT: {"using":"xpath","value":"//bdi[contains(text(), \"Close\")]"}
COMMAND: POST /session/8981aa63c4e1cf9ed36e4ba13e01d972/element/f.5E8CFC1C9950487B5C96D70EC621E9EB.d.9C1A282DE1CD47ACA0097B54052D923F.e.2645/click - {}
RESULT: {}
COMMAND: GET /session/8981aa63c4e1cf9ed36e4ba13e01d972/screenshot - {}
RESULT: {}
COMMAND: POST /session/8981aa63c4e1cf9ed36e4ba13e01d972/element - {"using":"xpath","value":"(//button[contains(@id ,\"actionsToolbar-overflowButton\")])[1]"}
RESULT: {"using":"xpath","value":"(//button[contains(@id ,\"actionsToolbar-overflowButton\")])[1]"}
COMMAND: POST /session/8981aa63c4e1cf9ed36e4ba13e01d972/element/f.5E8CFC1C9950487B5C96D70EC621E9EB.d.9C1A282DE1CD47ACA0097B54052D923F.e.2701/click - {}
RESULT: {}
COMMAND: GET /session/8981aa63c4e1cf9ed36e4ba13e01d972/screenshot - {}
RESULT: {}
COMMAND: POST /session/8981aa63c4e1cf9ed36e4ba13e01d972/element - {"using":"xpath","value":"//button[@data-kt=\"priceInfoButton\"]"}
RESULT: {"using":"xpath","value":"//button[@data-kt=\"priceInfoButton\"]"}
COMMAND: POST /session/8981aa63c4e1cf9ed36e4ba13e01d972/element/f.5E8CFC1C9950487B5C96D70EC621E9EB.d.9C1A282DE1CD47ACA0097B54052D923F.e.2703/click - {}
RESULT: {}
COMMAND: GET /session/8981aa63c4e1cf9ed36e4ba13e01d972/screenshot - {}
RESULT: {}
COMMAND: POST /session/8981aa63c4e1cf9ed36e4ba13e01d972/element - {"using":"css selector","value":"#shell-header-logo"}
RESULT: {"using":"css selector","value":"#shell-header-logo"}
COMMAND: POST /session/8981aa63c4e1cf9ed36e4ba13e01d972/element/f.5E8CFC1C9950487B5C96D70EC621E9EB.d.9C1A282DE1CD47ACA0097B54052D923F.e.2246/click - {}
RESULT: {}
COMMAND: GET /session/8981aa63c4e1cf9ed36e4ba13e01d972/screenshot - {}
RESULT: {}
]]></system-out>
    </testcase>
    <testcase classname="chrome.135_0_7049_96.windows.RU_Inventory_Mass_State_Change_Multiple_Items_US151066" name="Prerequisite Step 2 Should create a new material" time="102.38">
      <system-out><![CDATA[
RESULT: undefined
COMMAND: POST /session/8981aa63c4e1cf9ed36e4ba13e01d972/element - {"using":"xpath","value":"//*[@id=\"__tile39\"]"}
RESULT: {"using":"xpath","value":"//*[@id=\"__tile39\"]"}
COMMAND: POST /session/8981aa63c4e1cf9ed36e4ba13e01d972/element/f.5E8CFC1C9950487B5C96D70EC621E9EB.d.9C1A282DE1CD47ACA0097B54052D923F.e.163/click - {}
RESULT: {}
COMMAND: POST /session/8981aa63c4e1cf9ed36e4ba13e01d972/element - {"using":"xpath","value":"//button[@data-kt=\"addNewRUOverflowToolbarButton\"]"}
COMMAND: GET /session/8981aa63c4e1cf9ed36e4ba13e01d972/screenshot - {}
RESULT: {"using":"xpath","value":"//button[@data-kt=\"addNewRUOverflowToolbarButton\"]"}
COMMAND: POST /session/8981aa63c4e1cf9ed36e4ba13e01d972/elements - {"using":"xpath","value":"//button[@data-kt=\"addNewRUOverflowToolbarButton\"]"}
RESULT: {}
RESULT: {"using":"xpath","value":"//button[@data-kt=\"addNewRUOverflowToolbarButton\"]"}
COMMAND: POST /session/8981aa63c4e1cf9ed36e4ba13e01d972/execute/sync - {"script":"<script> [8489 bytes]","args":[{"element-6066-11e4-a52e-4f735466cecf":"f.5E8CFC1C9950487B5C96D70EC621E9EB.d.9C1A282DE1CD47ACA0097B54052D923F.e.2869","ELEMENT":"f.5E8CFC1C9950487B5C96D70EC621E9EB.d.9C1A282DE1CD47ACA0097B54052D923F.e.2869"}]}
RESULT: {"script":"<script> [8489 bytes]","args":[{"element-6066-11e4-a52e-4f735466cecf":"f.5E8CFC1C9950487B5C96D70EC621E9EB.d.9C1A282DE1CD47ACA0097B54052D923F.e.2869","ELEMENT":"f.5E8CFC1C9950487B5C96D70EC621E9EB.d.9C1A282DE1CD47ACA0097B54052D923F.e.2869"}]}
COMMAND: GET /session/8981aa63c4e1cf9ed36e4ba13e01d972/element/f.5E8CFC1C9950487B5C96D70EC621E9EB.d.9C1A282DE1CD47ACA0097B54052D923F.e.2869/enabled - {}
COMMAND: GET /session/8981aa63c4e1cf9ed36e4ba13e01d972/screenshot - {}
RESULT: {}
COMMAND: POST /session/8981aa63c4e1cf9ed36e4ba13e01d972/execute/sync - {"script":"<script> [8489 bytes]","args":[{"element-6066-11e4-a52e-4f735466cecf":"f.5E8CFC1C9950487B5C96D70EC621E9EB.d.9C1A282DE1CD47ACA0097B54052D923F.e.2869","ELEMENT":"f.5E8CFC1C9950487B5C96D70EC621E9EB.d.9C1A282DE1CD47ACA0097B54052D923F.e.2869"}]}
COMMAND: GET /session/8981aa63c4e1cf9ed36e4ba13e01d972/screenshot - {}
RESULT: {}
RESULT: {"script":"<script> [8489 bytes]","args":[{"element-6066-11e4-a52e-4f735466cecf":"f.5E8CFC1C9950487B5C96D70EC621E9EB.d.9C1A282DE1CD47ACA0097B54052D923F.e.2869","ELEMENT":"f.5E8CFC1C9950487B5C96D70EC621E9EB.d.9C1A282DE1CD47ACA0097B54052D923F.e.2869"}]}
COMMAND: POST /session/8981aa63c4e1cf9ed36e4ba13e01d972/execute/sync - {"script":"<script> [5351 bytes]","args":[{"element-6066-11e4-a52e-4f735466cecf":"f.5E8CFC1C9950487B5C96D70EC621E9EB.d.9C1A282DE1CD47ACA0097B54052D923F.e.2869","ELEMENT":"f.5E8CFC1C9950487B5C96D70EC621E9EB.d.9C1A282DE1CD47ACA0097B54052D923F.e.2869"}]}
COMMAND: GET /session/8981aa63c4e1cf9ed36e4ba13e01d972/screenshot - {}
RESULT: {}
RESULT: {"script":"<script> [5351 bytes]","args":[{"element-6066-11e4-a52e-4f735466cecf":"f.5E8CFC1C9950487B5C96D70EC621E9EB.d.9C1A282DE1CD47ACA0097B54052D923F.e.2869","ELEMENT":"f.5E8CFC1C9950487B5C96D70EC621E9EB.d.9C1A282DE1CD47ACA0097B54052D923F.e.2869"}]}
COMMAND: POST /session/8981aa63c4e1cf9ed36e4ba13e01d972/element/f.5E8CFC1C9950487B5C96D70EC621E9EB.d.9C1A282DE1CD47ACA0097B54052D923F.e.2869/click - {}
COMMAND: GET /session/8981aa63c4e1cf9ed36e4ba13e01d972/screenshot - {}
RESULT: {}
RESULT: {}
COMMAND: GET /session/8981aa63c4e1cf9ed36e4ba13e01d972/screenshot - {}
RESULT: {}
RESULT: undefined
COMMAND: POST /session/8981aa63c4e1cf9ed36e4ba13e01d972/element - {"using":"xpath","value":"//*[@id=\"application-manageresources-display-component---newResourceUnit--TYPE-arrow\"]"}
RESULT: {}
RESULT: {"using":"xpath","value":"//*[@id=\"application-manageresources-display-component---newResourceUnit--TYPE-arrow\"]"}
COMMAND: POST /session/8981aa63c4e1cf9ed36e4ba13e01d972/element/f.5E8CFC1C9950487B5C96D70EC621E9EB.d.9C1A282DE1CD47ACA0097B54052D923F.e.3114/click - {}
RESULT: {}
COMMAND: POST /session/8981aa63c4e1cf9ed36e4ba13e01d972/element - {"using":"xpath","value":"//input[@id=\"application-manageresources-display-component---newResourceUnit--TYPE-inner\"]"}
COMMAND: GET /session/8981aa63c4e1cf9ed36e4ba13e01d972/screenshot - {}
RESULT: {"using":"xpath","value":"//input[@id=\"application-manageresources-display-component---newResourceUnit--TYPE-inner\"]"}
COMMAND: POST /session/8981aa63c4e1cf9ed36e4ba13e01d972/element/f.5E8CFC1C9950487B5C96D70EC621E9EB.d.9C1A282DE1CD47ACA0097B54052D923F.e.3100/clear - {}
RESULT: {}
RESULT: {}
COMMAND: POST /session/8981aa63c4e1cf9ed36e4ba13e01d972/element/f.5E8CFC1C9950487B5C96D70EC621E9EB.d.9C1A282DE1CD47ACA0097B54052D923F.e.3100/value - {"text":"Material"}
COMMAND: GET /session/8981aa63c4e1cf9ed36e4ba13e01d972/screenshot - {}
RESULT: {"text":"Material"}
COMMAND: GET /session/8981aa63c4e1cf9ed36e4ba13e01d972/screenshot - {}
RESULT: {}
RESULT: {}
COMMAND: POST /session/8981aa63c4e1cf9ed36e4ba13e01d972/actions - {"actions":[{"id":"action15","type":"key","parameters":{},"actions":[{"type":"keyDown","value":"î€‡"},{"type":"pause","duration":10},{"type":"keyUp","value":"î€‡"}]}]}
RESULT: {"actions":[{"id":"action15","type":"key","parameters":{},"actions":[{"type":"keyDown","value":"î€‡"},{"type":"pause","duration":10},{"type":"keyUp","value":"î€‡"}]}]}
RESULT: undefined
COMMAND: POST /session/8981aa63c4e1cf9ed36e4ba13e01d972/execute/async - {"script":"<script> [776 bytes]","args":[{"enterText":"Cement WDIO","selector":{"id":"application-manageresources-display-component---newResourceUnit--SHORT_TEXT","interaction":{"idSuffix":"inner"}},"clearTextFirst":true,"interactionType":"ENTER_TEXT"}]}
COMMAND: GET /session/8981aa63c4e1cf9ed36e4ba13e01d972/screenshot - {}
RESULT: {"script":"<script> [776 bytes]","args":[{"enterText":"Cement WDIO","selector":{"id":"application-manageresources-display-component---newResourceUnit--SHORT_TEXT","interaction":{"idSuffix":"inner"}},"clearTextFirst":true,"interactionType":"ENTER_TEXT"}]}
RESULT: undefined
COMMAND: POST /session/8981aa63c4e1cf9ed36e4ba13e01d972/execute/async - {"script":"<script> [776 bytes]","args":[{"enterText":"Piece","selector":{"id":"application-manageresources-display-component---newResourceUnit--BASE_UNIT_OF_MEASURE","interaction":{"idSuffix":"inner"}},"clearTextFirst":true,"interactionType":"ENTER_TEXT"}]}
RESULT: {}
RESULT: {"script":"<script> [776 bytes]","args":[{"enterText":"Piece","selector":{"id":"application-manageresources-display-component---newResourceUnit--BASE_UNIT_OF_MEASURE","interaction":{"idSuffix":"inner"}},"clearTextFirst":true,"interactionType":"ENTER_TEXT"}]}
RESULT: undefined
COMMAND: POST /session/8981aa63c4e1cf9ed36e4ba13e01d972/execute/async - {"script":"<script> [776 bytes]","args":[{"enterText":"Gram","selector":{"id":"application-manageresources-display-component---newResourceUnit--WEIGHT_UNIT","interaction":{"idSuffix":"inner"}},"clearTextFirst":true,"interactionType":"ENTER_TEXT"}]}
RESULT: {"script":"<script> [776 bytes]","args":[{"enterText":"Gram","selector":{"id":"application-manageresources-display-component---newResourceUnit--WEIGHT_UNIT","interaction":{"idSuffix":"inner"}},"clearTextFirst":true,"interactionType":"ENTER_TEXT"}]}
RESULT: undefined
COMMAND: POST /session/8981aa63c4e1cf9ed36e4ba13e01d972/execute/async - {"script":"<script> [776 bytes]","args":[{"enterText":"Meter","selector":{"id":"application-manageresources-display-component---newResourceUnit--DIMENSION_UNIT","interaction":{"idSuffix":"inner"}},"clearTextFirst":true,"interactionType":"ENTER_TEXT"}]}
RESULT: {"script":"<script> [776 bytes]","args":[{"enterText":"Meter","selector":{"id":"application-manageresources-display-component---newResourceUnit--DIMENSION_UNIT","interaction":{"idSuffix":"inner"}},"clearTextFirst":true,"interactionType":"ENTER_TEXT"}]}
RESULT: undefined
COMMAND: POST /session/8981aa63c4e1cf9ed36e4ba13e01d972/element - {"using":"xpath","value":"//*[@id=\"application-manageresources-display-component---newResourceUnit--newRRUPage-anchBar-application-manageresources-display-component---newResourceUnit--control-anchor\"]"}
RESULT: {"using":"xpath","value":"//*[@id=\"application-manageresources-display-component---newResourceUnit--newRRUPage-anchBar-application-manageresources-display-component---newResourceUnit--control-anchor\"]"}
COMMAND: POST /session/8981aa63c4e1cf9ed36e4ba13e01d972/element/f.5E8CFC1C9950487B5C96D70EC621E9EB.d.9C1A282DE1CD47ACA0097B54052D923F.e.3175/click - {}
RESULT: {}
RESULT: undefined
COMMAND: POST /session/8981aa63c4e1cf9ed36e4ba13e01d972/execute/async - {"script":"<script> [776 bytes]","args":[{"enterText":"Material","selector":{"id":"application-manageresources-display-component---newResourceUnit--PLANNING_GROUP","interaction":{"idSuffix":"inner"}},"clearTextFirst":true,"interactionType":"ENTER_TEXT"}]}
COMMAND: GET /session/8981aa63c4e1cf9ed36e4ba13e01d972/screenshot - {}
RESULT: {"script":"<script> [776 bytes]","args":[{"enterText":"Material","selector":{"id":"application-manageresources-display-component---newResourceUnit--PLANNING_GROUP","interaction":{"idSuffix":"inner"}},"clearTextFirst":true,"interactionType":"ENTER_TEXT"}]}
RESULT: {}
COMMAND: POST /session/8981aa63c4e1cf9ed36e4ba13e01d972/execute/async - {"script":"<script> [1562 bytes]","args":[{"selector":{"id":"application-manageresources-display-component---newResourceUnit--PLANNING_INDICATOR","interaction":{"idSuffix":"inner"}},"wdio_ui5_key":"applicationmanageresources-display-component---newResourceUnit--PLANNING_INDICATOR"}]}
RESULT: {"script":"<script> [1562 bytes]","args":[{"selector":{"id":"application-manageresources-display-component---newResourceUnit--PLANNING_INDICATOR","interaction":{"idSuffix":"inner"}},"wdio_ui5_key":"applicationmanageresources-display-component---newResourceUnit--PLANNING_INDICATOR"}]}
RESULT: undefined
COMMAND: POST /session/8981aa63c4e1cf9ed36e4ba13e01d972/execute/async - {"script":"<script> [776 bytes]","args":[{"enterText":"10 - infinite","selector":{"id":"application-manageresources-display-component---newResourceUnit--PLANNING_INDICATOR","interaction":{"idSuffix":"inner"}},"clearTextFirst":true,"interactionType":"ENTER_TEXT"}]}
RESULT: {"script":"<script> [776 bytes]","args":[{"enterText":"10 - infinite","selector":{"id":"application-manageresources-display-component---newResourceUnit--PLANNING_INDICATOR","interaction":{"idSuffix":"inner"}},"clearTextFirst":true,"interactionType":"ENTER_TEXT"}]}
COMMAND: POST /session/8981aa63c4e1cf9ed36e4ba13e01d972/element - {"using":"css selector","value":"#application-manageresources-display-component---newResourceUnit--btnAddTimeSegment"}
RESULT: {"using":"css selector","value":"#application-manageresources-display-component---newResourceUnit--btnAddTimeSegment"}
COMMAND: GET /session/8981aa63c4e1cf9ed36e4ba13e01d972/element/f.5E8CFC1C9950487B5C96D70EC621E9EB.d.9C1A282DE1CD47ACA0097B54052D923F.e.3182/rect - {}
RESULT: {}
COMMAND: GET /session/8981aa63c4e1cf9ed36e4ba13e01d972/window/rect - {}
RESULT: {}
COMMAND: POST /session/8981aa63c4e1cf9ed36e4ba13e01d972/execute/sync - {"script":"<script> [92 bytes]","args":[]}
RESULT: {"script":"<script> [92 bytes]","args":[]}
COMMAND: POST /session/8981aa63c4e1cf9ed36e4ba13e01d972/actions - {"actions":[{"id":"action16","type":"wheel","parameters":{},"actions":[{"type":"scroll","x":-1888,"y":-32,"deltaX":0,"deltaY":0,"duration":0,"origin":{"element-6066-11e4-a52e-4f735466cecf":"f.5E8CFC1C9950487B5C96D70EC621E9EB.d.9C1A282DE1CD47ACA0097B54052D923F.e.3182"}}]}]}
COMMAND: GET /session/8981aa63c4e1cf9ed36e4ba13e01d972/screenshot - {}
RESULT: {}
COMMAND: POST /session/8981aa63c4e1cf9ed36e4ba13e01d972/execute/sync - {"script":"<script> [79 bytes]","args":[{"element-6066-11e4-a52e-4f735466cecf":"f.5E8CFC1C9950487B5C96D70EC621E9EB.d.9C1A282DE1CD47ACA0097B54052D923F.e.3182","ELEMENT":"f.5E8CFC1C9950487B5C96D70EC621E9EB.d.9C1A282DE1CD47ACA0097B54052D923F.e.3182"},{"block":"start","inline":"nearest"}]}
RESULT: {"script":"<script> [79 bytes]","args":[{"element-6066-11e4-a52e-4f735466cecf":"f.5E8CFC1C9950487B5C96D70EC621E9EB.d.9C1A282DE1CD47ACA0097B54052D923F.e.3182","ELEMENT":"f.5E8CFC1C9950487B5C96D70EC621E9EB.d.9C1A282DE1CD47ACA0097B54052D923F.e.3182"},{"block":"start","inline":"nearest"}]}
RESULT: undefined
COMMAND: POST /session/8981aa63c4e1cf9ed36e4ba13e01d972/element - {"using":"xpath","value":"//*[@id=\"application-manageresources-display-component---newResourceUnit--btnAddTimeSegment\"]"}
COMMAND: GET /session/8981aa63c4e1cf9ed36e4ba13e01d972/screenshot - {}
RESULT: {"using":"xpath","value":"//*[@id=\"application-manageresources-display-component---newResourceUnit--btnAddTimeSegment\"]"}
COMMAND: POST /session/8981aa63c4e1cf9ed36e4ba13e01d972/element/f.5E8CFC1C9950487B5C96D70EC621E9EB.d.9C1A282DE1CD47ACA0097B54052D923F.e.3182/click - {}
RESULT: {}
RESULT: {}
COMMAND: GET /session/8981aa63c4e1cf9ed36e4ba13e01d972/screenshot - {}
RESULT: {}
COMMAND: POST /session/8981aa63c4e1cf9ed36e4ba13e01d972/element - {"using":"xpath","value":"//input[@id=\"application-manageresources-display-component---newResourceUnit--idRuTSAdmin-application-manageresources-display-component---newResourceUnit--RUTimeSegment-0-inner\"]"}
RESULT: {"using":"xpath","value":"//input[@id=\"application-manageresources-display-component---newResourceUnit--idRuTSAdmin-application-manageresources-display-component---newResourceUnit--RUTimeSegment-0-inner\"]"}
COMMAND: POST /session/8981aa63c4e1cf9ed36e4ba13e01d972/element/f.5E8CFC1C9950487B5C96D70EC621E9EB.d.9C1A282DE1CD47ACA0097B54052D923F.e.3186/clear - {}
RESULT: {}
COMMAND: POST /session/8981aa63c4e1cf9ed36e4ba13e01d972/element/f.5E8CFC1C9950487B5C96D70EC621E9EB.d.9C1A282DE1CD47ACA0097B54052D923F.e.3186/value - {"text":"109"}
COMMAND: GET /session/8981aa63c4e1cf9ed36e4ba13e01d972/screenshot - {}
RESULT: {"text":"109"}
COMMAND: GET /session/8981aa63c4e1cf9ed36e4ba13e01d972/screenshot - {}
RESULT: {}
RESULT: {}
COMMAND: POST /session/8981aa63c4e1cf9ed36e4ba13e01d972/element - {"using":"xpath","value":"//li[.//span[text()='109']]"}
RESULT: {"using":"xpath","value":"//li[.//span[text()='109']]"}
COMMAND: POST /session/8981aa63c4e1cf9ed36e4ba13e01d972/element/f.5E8CFC1C9950487B5C96D70EC621E9EB.d.9C1A282DE1CD47ACA0097B54052D923F.e.3196/click - {}
RESULT: {}
COMMAND: GET /session/8981aa63c4e1cf9ed36e4ba13e01d972/screenshot - {}
RESULT: {}
COMMAND: POST /session/8981aa63c4e1cf9ed36e4ba13e01d972/element - {"using":"xpath","value":"(//span[contains(@id, \"-application-manageresources-display-component---newResourceUnit--RUTimeSegment-0-arrow\")])[2]"}
RESULT: {"using":"xpath","value":"(//span[contains(@id, \"-application-manageresources-display-component---newResourceUnit--RUTimeSegment-0-arrow\")])[2]"}
COMMAND: POST /session/8981aa63c4e1cf9ed36e4ba13e01d972/element/f.5E8CFC1C9950487B5C96D70EC621E9EB.d.9C1A282DE1CD47ACA0097B54052D923F.e.3197/click - {}
RESULT: {}
COMMAND: POST /session/8981aa63c4e1cf9ed36e4ba13e01d972/element - {"using":"xpath","value":"//span[contains(text(), \"PM Order\")]"}
COMMAND: GET /session/8981aa63c4e1cf9ed36e4ba13e01d972/screenshot - {}
RESULT: {"using":"xpath","value":"//span[contains(text(), \"PM Order\")]"}
COMMAND: POST /session/8981aa63c4e1cf9ed36e4ba13e01d972/element/f.5E8CFC1C9950487B5C96D70EC621E9EB.d.9C1A282DE1CD47ACA0097B54052D923F.e.3198/click - {}
RESULT: {}
RESULT: {}
COMMAND: GET /session/8981aa63c4e1cf9ed36e4ba13e01d972/screenshot - {}
RESULT: {}
COMMAND: POST /session/8981aa63c4e1cf9ed36e4ba13e01d972/element - {"using":"xpath","value":"//td/div/div/div/span[contains(@id, \"newResourceUnit--RUTimeSegment-0-vhi\")][1]"}
RESULT: {"using":"xpath","value":"//td/div/div/div/span[contains(@id, \"newResourceUnit--RUTimeSegment-0-vhi\")][1]"}
COMMAND: GET /session/8981aa63c4e1cf9ed36e4ba13e01d972/element/f.5E8CFC1C9950487B5C96D70EC621E9EB.d.9C1A282DE1CD47ACA0097B54052D923F.e.3202/rect - {}
RESULT: {}
COMMAND: GET /session/8981aa63c4e1cf9ed36e4ba13e01d972/window/rect - {}
RESULT: {}
COMMAND: POST /session/8981aa63c4e1cf9ed36e4ba13e01d972/execute/sync - {"script":"<script> [92 bytes]","args":[]}
RESULT: {"script":"<script> [92 bytes]","args":[]}
COMMAND: POST /session/8981aa63c4e1cf9ed36e4ba13e01d972/actions - {"actions":[{"id":"action17","type":"wheel","parameters":{},"actions":[{"type":"scroll","x":-1888,"y":-24,"deltaX":0,"deltaY":0,"duration":0,"origin":{"element-6066-11e4-a52e-4f735466cecf":"f.5E8CFC1C9950487B5C96D70EC621E9EB.d.9C1A282DE1CD47ACA0097B54052D923F.e.3202"}}]}]}
COMMAND: GET /session/8981aa63c4e1cf9ed36e4ba13e01d972/screenshot - {}
RESULT: {}
COMMAND: POST /session/8981aa63c4e1cf9ed36e4ba13e01d972/execute/sync - {"script":"<script> [79 bytes]","args":[{"element-6066-11e4-a52e-4f735466cecf":"f.5E8CFC1C9950487B5C96D70EC621E9EB.d.9C1A282DE1CD47ACA0097B54052D923F.e.3202","ELEMENT":"f.5E8CFC1C9950487B5C96D70EC621E9EB.d.9C1A282DE1CD47ACA0097B54052D923F.e.3202"},{"block":"start","inline":"nearest"}]}
RESULT: {"script":"<script> [79 bytes]","args":[{"element-6066-11e4-a52e-4f735466cecf":"f.5E8CFC1C9950487B5C96D70EC621E9EB.d.9C1A282DE1CD47ACA0097B54052D923F.e.3202","ELEMENT":"f.5E8CFC1C9950487B5C96D70EC621E9EB.d.9C1A282DE1CD47ACA0097B54052D923F.e.3202"},{"block":"start","inline":"nearest"}]}
COMMAND: GET /session/8981aa63c4e1cf9ed36e4ba13e01d972/screenshot - {}
RESULT: {}
COMMAND: POST /session/8981aa63c4e1cf9ed36e4ba13e01d972/element/f.5E8CFC1C9950487B5C96D70EC621E9EB.d.9C1A282DE1CD47ACA0097B54052D923F.e.3202/click - {}
RESULT: {}
COMMAND: GET /session/8981aa63c4e1cf9ed36e4ba13e01d972/screenshot - {}
RESULT: {}
RESULT: undefined
COMMAND: POST /session/8981aa63c4e1cf9ed36e4ba13e01d972/execute/async - {"script":"<script> [776 bytes]","args":[{"enterText":"4000360","selector":{"controlType":"sap.m.SearchField","properties":{"placeholder":"Search"},"searchOpenDialogs":true,"interaction":{"idSuffix":"I"}},"clearTextFirst":true,"interactionType":"ENTER_TEXT"}]}
RESULT: {"script":"<script> [776 bytes]","args":[{"enterText":"4000360","selector":{"controlType":"sap.m.SearchField","properties":{"placeholder":"Search"},"searchOpenDialogs":true,"interaction":{"idSuffix":"I"}},"clearTextFirst":true,"interactionType":"ENTER_TEXT"}]}
COMMAND: POST /session/8981aa63c4e1cf9ed36e4ba13e01d972/actions - {"actions":[{"id":"action18","type":"key","parameters":{},"actions":[{"type":"keyDown","value":"î€‡"},{"type":"pause","duration":10},{"type":"keyUp","value":"î€‡"}]}]}
RESULT: {"actions":[{"id":"action18","type":"key","parameters":{},"actions":[{"type":"keyDown","value":"î€‡"},{"type":"pause","duration":10},{"type":"keyUp","value":"î€‡"}]}]}
COMMAND: GET /session/8981aa63c4e1cf9ed36e4ba13e01d972/screenshot - {}
RESULT: {}
COMMAND: POST /session/8981aa63c4e1cf9ed36e4ba13e01d972/element - {"using":"xpath","value":"//td/div/span[contains(text(), \"BGL Vehicles\")]"}
RESULT: {"using":"xpath","value":"//td/div/span[contains(text(), \"BGL Vehicles\")]"}
COMMAND: POST /session/8981aa63c4e1cf9ed36e4ba13e01d972/element/f.5E8CFC1C9950487B5C96D70EC621E9EB.d.9C1A282DE1CD47ACA0097B54052D923F.e.3222/click - {}
RESULT: {}
COMMAND: GET /session/8981aa63c4e1cf9ed36e4ba13e01d972/screenshot - {}
RESULT: {}
COMMAND: POST /session/8981aa63c4e1cf9ed36e4ba13e01d972/element - {"using":"xpath","value":"//bdi[contains(text(), \"OK\")]"}
RESULT: {"using":"xpath","value":"//bdi[contains(text(), \"OK\")]"}
COMMAND: POST /session/8981aa63c4e1cf9ed36e4ba13e01d972/element/f.5E8CFC1C9950487B5C96D70EC621E9EB.d.9C1A282DE1CD47ACA0097B54052D923F.e.3223/click - {}
RESULT: {}
COMMAND: GET /session/8981aa63c4e1cf9ed36e4ba13e01d972/screenshot - {}
RESULT: {}
COMMAND: POST /session/8981aa63c4e1cf9ed36e4ba13e01d972/element - {"using":"xpath","value":"//button[@data-kt=\"resourceUnitSaveButton\"]"}
RESULT: {"using":"xpath","value":"//button[@data-kt=\"resourceUnitSaveButton\"]"}
COMMAND: POST /session/8981aa63c4e1cf9ed36e4ba13e01d972/element/f.5E8CFC1C9950487B5C96D70EC621E9EB.d.9C1A282DE1CD47ACA0097B54052D923F.e.3131/click - {}
RESULT: {}
COMMAND: GET /session/8981aa63c4e1cf9ed36e4ba13e01d972/screenshot - {}
RESULT: {}
COMMAND: POST /session/8981aa63c4e1cf9ed36e4ba13e01d972/element - {"using":"xpath","value":"//bdi[contains(text(), \"Close\")]"}
RESULT: {"using":"xpath","value":"//bdi[contains(text(), \"Close\")]"}
COMMAND: POST /session/8981aa63c4e1cf9ed36e4ba13e01d972/element/f.5E8CFC1C9950487B5C96D70EC621E9EB.d.9C1A282DE1CD47ACA0097B54052D923F.e.3229/click - {}
RESULT: {}
COMMAND: GET /session/8981aa63c4e1cf9ed36e4ba13e01d972/screenshot - {}
RESULT: {}
COMMAND: POST /session/8981aa63c4e1cf9ed36e4ba13e01d972/element - {"using":"xpath","value":"//header[contains(@id, 'detailRruPage-headerTitle')]/div[1]/div[2]/div[2]/span[1]"}
RESULT: {"using":"xpath","value":"//header[contains(@id, 'detailRruPage-headerTitle')]/div[1]/div[2]/div[2]/span[1]"}
COMMAND: POST /session/8981aa63c4e1cf9ed36e4ba13e01d972/elements - {"using":"xpath","value":"//header[contains(@id, 'detailRruPage-headerTitle')]/div[1]/div[2]/div[2]/span[1]"}
RESULT: {"using":"xpath","value":"//header[contains(@id, 'detailRruPage-headerTitle')]/div[1]/div[2]/div[2]/span[1]"}
COMMAND: POST /session/8981aa63c4e1cf9ed36e4ba13e01d972/execute/sync - {"script":"<script> [56 bytes]","args":[{"element-6066-11e4-a52e-4f735466cecf":"f.5E8CFC1C9950487B5C96D70EC621E9EB.d.9C1A282DE1CD47ACA0097B54052D923F.e.3253","ELEMENT":"f.5E8CFC1C9950487B5C96D70EC621E9EB.d.9C1A282DE1CD47ACA0097B54052D923F.e.3253"}]}
RESULT: {"script":"<script> [56 bytes]","args":[{"element-6066-11e4-a52e-4f735466cecf":"f.5E8CFC1C9950487B5C96D70EC621E9EB.d.9C1A282DE1CD47ACA0097B54052D923F.e.3253","ELEMENT":"f.5E8CFC1C9950487B5C96D70EC621E9EB.d.9C1A282DE1CD47ACA0097B54052D923F.e.3253"}]}
COMMAND: POST /session/8981aa63c4e1cf9ed36e4ba13e01d972/element - {"using":"css selector","value":"#shell-header-logo"}
COMMAND: GET /session/8981aa63c4e1cf9ed36e4ba13e01d972/screenshot - {}
RESULT: {"using":"css selector","value":"#shell-header-logo"}
COMMAND: POST /session/8981aa63c4e1cf9ed36e4ba13e01d972/element/f.5E8CFC1C9950487B5C96D70EC621E9EB.d.9C1A282DE1CD47ACA0097B54052D923F.e.2709/click - {}
RESULT: {}
RESULT: {}
COMMAND: GET /session/8981aa63c4e1cf9ed36e4ba13e01d972/screenshot - {}
RESULT: {}
]]></system-out>
    </testcase>
    <testcase classname="chrome.135_0_7049_96.windows.RU_Inventory_Mass_State_Change_Multiple_Items_US151066" name="Prerequisite Step 2 Should do a stock increase handover for the equipment" time="95.815">
      <system-out><![CDATA[
COMMAND: POST /session/8981aa63c4e1cf9ed36e4ba13e01d972/execute/async - {"script":"<script> [1562 bytes]","args":[{"selector":{"controlType":"sap.m.Text","viewName":"etm.portal.ui.managehandoverstile.view.Master","properties":{"text":"Manage Handovers"},"interaction":{"idSuffix":"inner"}},"wdio_ui5_key":"etmportal.ui.managehandoverstile.view.Mastersap.m.Text{\"text\":\"Manage Handovers\"}"}]}
RESULT: {"script":"<script> [1562 bytes]","args":[{"selector":{"controlType":"sap.m.Text","viewName":"etm.portal.ui.managehandoverstile.view.Master","properties":{"text":"Manage Handovers"},"interaction":{"idSuffix":"inner"}},"wdio_ui5_key":"etmportal.ui.managehandoverstile.view.Mastersap.m.Text{\"text\":\"Manage Handovers\"}"}]}
RESULT: undefined
COMMAND: POST /session/8981aa63c4e1cf9ed36e4ba13e01d972/element - {"using":"xpath","value":"//*[@id=\"__tile131-title\"]"}
RESULT: {"using":"xpath","value":"//*[@id=\"__tile131-title\"]"}
COMMAND: POST /session/8981aa63c4e1cf9ed36e4ba13e01d972/element/f.5E8CFC1C9950487B5C96D70EC621E9EB.d.9C1A282DE1CD47ACA0097B54052D923F.e.3258/click - {}
RESULT: {}
COMMAND: POST /session/8981aa63c4e1cf9ed36e4ba13e01d972/element - {"using":"xpath","value":"//button[@data-kt=\"masterHOAddButton\"]"}
COMMAND: GET /session/8981aa63c4e1cf9ed36e4ba13e01d972/screenshot - {}
RESULT: {"using":"xpath","value":"//button[@data-kt=\"masterHOAddButton\"]"}
COMMAND: POST /session/8981aa63c4e1cf9ed36e4ba13e01d972/elements - {"using":"xpath","value":"//button[@data-kt=\"masterHOAddButton\"]"}
RESULT: {}
RESULT: {"using":"xpath","value":"//button[@data-kt=\"masterHOAddButton\"]"}
COMMAND: POST /session/8981aa63c4e1cf9ed36e4ba13e01d972/elements - {"using":"xpath","value":"//button[@data-kt=\"masterHOAddButton\"]"}
RESULT: {"using":"xpath","value":"//button[@data-kt=\"masterHOAddButton\"]"}
COMMAND: POST /session/8981aa63c4e1cf9ed36e4ba13e01d972/elements - {"using":"xpath","value":"//button[@data-kt=\"masterHOAddButton\"]"}
RESULT: {"using":"xpath","value":"//button[@data-kt=\"masterHOAddButton\"]"}
COMMAND: POST /session/8981aa63c4e1cf9ed36e4ba13e01d972/elements - {"using":"xpath","value":"//button[@data-kt=\"masterHOAddButton\"]"}
RESULT: {"using":"xpath","value":"//button[@data-kt=\"masterHOAddButton\"]"}
COMMAND: POST /session/8981aa63c4e1cf9ed36e4ba13e01d972/elements - {"using":"xpath","value":"//button[@data-kt=\"masterHOAddButton\"]"}
RESULT: {"using":"xpath","value":"//button[@data-kt=\"masterHOAddButton\"]"}
COMMAND: POST /session/8981aa63c4e1cf9ed36e4ba13e01d972/elements - {"using":"xpath","value":"//button[@data-kt=\"masterHOAddButton\"]"}
RESULT: {"using":"xpath","value":"//button[@data-kt=\"masterHOAddButton\"]"}
COMMAND: POST /session/8981aa63c4e1cf9ed36e4ba13e01d972/elements - {"using":"xpath","value":"//button[@data-kt=\"masterHOAddButton\"]"}
RESULT: {"using":"xpath","value":"//button[@data-kt=\"masterHOAddButton\"]"}
COMMAND: POST /session/8981aa63c4e1cf9ed36e4ba13e01d972/elements - {"using":"xpath","value":"//button[@data-kt=\"masterHOAddButton\"]"}
RESULT: {"using":"xpath","value":"//button[@data-kt=\"masterHOAddButton\"]"}
COMMAND: POST /session/8981aa63c4e1cf9ed36e4ba13e01d972/elements - {"using":"xpath","value":"//button[@data-kt=\"masterHOAddButton\"]"}
RESULT: {"using":"xpath","value":"//button[@data-kt=\"masterHOAddButton\"]"}
COMMAND: POST /session/8981aa63c4e1cf9ed36e4ba13e01d972/elements - {"using":"xpath","value":"//button[@data-kt=\"masterHOAddButton\"]"}
RESULT: {"using":"xpath","value":"//button[@data-kt=\"masterHOAddButton\"]"}
COMMAND: POST /session/8981aa63c4e1cf9ed36e4ba13e01d972/elements - {"using":"xpath","value":"//button[@data-kt=\"masterHOAddButton\"]"}
RESULT: {"using":"xpath","value":"//button[@data-kt=\"masterHOAddButton\"]"}
COMMAND: POST /session/8981aa63c4e1cf9ed36e4ba13e01d972/element - {"using":"xpath","value":"//button[@data-kt=\"masterHOAddButton\"]"}
RESULT: {"using":"xpath","value":"//button[@data-kt=\"masterHOAddButton\"]"}
COMMAND: POST /session/8981aa63c4e1cf9ed36e4ba13e01d972/execute/sync - {"script":"<script> [8489 bytes]","args":[{"element-6066-11e4-a52e-4f735466cecf":"f.5E8CFC1C9950487B5C96D70EC621E9EB.d.9C1A282DE1CD47ACA0097B54052D923F.e.3289","ELEMENT":"f.5E8CFC1C9950487B5C96D70EC621E9EB.d.9C1A282DE1CD47ACA0097B54052D923F.e.3289"}]}
RESULT: {"script":"<script> [8489 bytes]","args":[{"element-6066-11e4-a52e-4f735466cecf":"f.5E8CFC1C9950487B5C96D70EC621E9EB.d.9C1A282DE1CD47ACA0097B54052D923F.e.3289","ELEMENT":"f.5E8CFC1C9950487B5C96D70EC621E9EB.d.9C1A282DE1CD47ACA0097B54052D923F.e.3289"}]}
COMMAND: GET /session/8981aa63c4e1cf9ed36e4ba13e01d972/element/f.5E8CFC1C9950487B5C96D70EC621E9EB.d.9C1A282DE1CD47ACA0097B54052D923F.e.3289/enabled - {}
COMMAND: GET /session/8981aa63c4e1cf9ed36e4ba13e01d972/screenshot - {}
RESULT: {}
COMMAND: POST /session/8981aa63c4e1cf9ed36e4ba13e01d972/execute/sync - {"script":"<script> [8489 bytes]","args":[{"element-6066-11e4-a52e-4f735466cecf":"f.5E8CFC1C9950487B5C96D70EC621E9EB.d.9C1A282DE1CD47ACA0097B54052D923F.e.3289","ELEMENT":"f.5E8CFC1C9950487B5C96D70EC621E9EB.d.9C1A282DE1CD47ACA0097B54052D923F.e.3289"}]}
COMMAND: GET /session/8981aa63c4e1cf9ed36e4ba13e01d972/screenshot - {}
RESULT: {}
RESULT: {"script":"<script> [8489 bytes]","args":[{"element-6066-11e4-a52e-4f735466cecf":"f.5E8CFC1C9950487B5C96D70EC621E9EB.d.9C1A282DE1CD47ACA0097B54052D923F.e.3289","ELEMENT":"f.5E8CFC1C9950487B5C96D70EC621E9EB.d.9C1A282DE1CD47ACA0097B54052D923F.e.3289"}]}
COMMAND: POST /session/8981aa63c4e1cf9ed36e4ba13e01d972/execute/sync - {"script":"<script> [5351 bytes]","args":[{"element-6066-11e4-a52e-4f735466cecf":"f.5E8CFC1C9950487B5C96D70EC621E9EB.d.9C1A282DE1CD47ACA0097B54052D923F.e.3289","ELEMENT":"f.5E8CFC1C9950487B5C96D70EC621E9EB.d.9C1A282DE1CD47ACA0097B54052D923F.e.3289"}]}
COMMAND: GET /session/8981aa63c4e1cf9ed36e4ba13e01d972/screenshot - {}
RESULT: {}
RESULT: {"script":"<script> [5351 bytes]","args":[{"element-6066-11e4-a52e-4f735466cecf":"f.5E8CFC1C9950487B5C96D70EC621E9EB.d.9C1A282DE1CD47ACA0097B54052D923F.e.3289","ELEMENT":"f.5E8CFC1C9950487B5C96D70EC621E9EB.d.9C1A282DE1CD47ACA0097B54052D923F.e.3289"}]}
COMMAND: POST /session/8981aa63c4e1cf9ed36e4ba13e01d972/element/f.5E8CFC1C9950487B5C96D70EC621E9EB.d.9C1A282DE1CD47ACA0097B54052D923F.e.3289/click - {}
COMMAND: GET /session/8981aa63c4e1cf9ed36e4ba13e01d972/screenshot - {}
RESULT: {}
RESULT: {}
COMMAND: GET /session/8981aa63c4e1cf9ed36e4ba13e01d972/screenshot - {}
COMMAND: POST /session/8981aa63c4e1cf9ed36e4ba13e01d972/element - {"using":"xpath","value":"//span[contains(@id ,\"AddNewHO--typeSelect-arrow\")]"}
RESULT: {}
RESULT: {}
RESULT: {"using":"xpath","value":"//span[contains(@id ,\"AddNewHO--typeSelect-arrow\")]"}
COMMAND: POST /session/8981aa63c4e1cf9ed36e4ba13e01d972/element/f.5E8CFC1C9950487B5C96D70EC621E9EB.d.9C1A282DE1CD47ACA0097B54052D923F.e.3567/click - {}
RESULT: {}
COMMAND: GET /session/8981aa63c4e1cf9ed36e4ba13e01d972/screenshot - {}
RESULT: {}
COMMAND: POST /session/8981aa63c4e1cf9ed36e4ba13e01d972/element - {"using":"xpath","value":"(//li[contains(text(), \"stock increase yard\")])[1]"}
RESULT: {"using":"xpath","value":"(//li[contains(text(), \"stock increase yard\")])[1]"}
COMMAND: POST /session/8981aa63c4e1cf9ed36e4ba13e01d972/element/f.5E8CFC1C9950487B5C96D70EC621E9EB.d.9C1A282DE1CD47ACA0097B54052D923F.e.3568/click - {}
RESULT: {}
COMMAND: GET /session/8981aa63c4e1cf9ed36e4ba13e01d972/screenshot - {}
RESULT: {}
COMMAND: POST /session/8981aa63c4e1cf9ed36e4ba13e01d972/execute/async - {"script":"<script> [1562 bytes]","args":[{"selector":{"id":"application-managehandovers-display-component---AddNewHO--dueDate","interaction":{"idSuffix":"inner"}},"wdio_ui5_key":"applicationmanagehandovers-display-component---AddNewHO--dueDate"}]}
RESULT: {"script":"<script> [1562 bytes]","args":[{"selector":{"id":"application-managehandovers-display-component---AddNewHO--dueDate","interaction":{"idSuffix":"inner"}},"wdio_ui5_key":"applicationmanagehandovers-display-component---AddNewHO--dueDate"}]}
RESULT: undefined
COMMAND: POST /session/8981aa63c4e1cf9ed36e4ba13e01d972/execute/async - {"script":"<script> [6424 bytes]","args":[{"element-6066-11e4-a52e-4f735466cecf":"f.5E8CFC1C9950487B5C96D70EC621E9EB.d.9C1A282DE1CD47ACA0097B54052D923F.e.3570"},"setValue",["05/03/2025"]]}
RESULT: {"script":"<script> [6424 bytes]","args":[{"element-6066-11e4-a52e-4f735466cecf":"f.5E8CFC1C9950487B5C96D70EC621E9EB.d.9C1A282DE1CD47ACA0097B54052D923F.e.3570"},"setValue",["05/03/2025"]]}
COMMAND: POST /session/8981aa63c4e1cf9ed36e4ba13e01d972/element - {"using":"xpath","value":"//input[@id=\"generalSectionFrg--receiveYard-inner\"]"}
RESULT: {"using":"xpath","value":"//input[@id=\"generalSectionFrg--receiveYard-inner\"]"}
COMMAND: POST /session/8981aa63c4e1cf9ed36e4ba13e01d972/element/f.5E8CFC1C9950487B5C96D70EC621E9EB.d.9C1A282DE1CD47ACA0097B54052D923F.e.3576/clear - {}
RESULT: {}
COMMAND: POST /session/8981aa63c4e1cf9ed36e4ba13e01d972/element/f.5E8CFC1C9950487B5C96D70EC621E9EB.d.9C1A282DE1CD47ACA0097B54052D923F.e.3576/value - {"text":"109"}
COMMAND: GET /session/8981aa63c4e1cf9ed36e4ba13e01d972/screenshot - {}
RESULT: {"text":"109"}
COMMAND: GET /session/8981aa63c4e1cf9ed36e4ba13e01d972/screenshot - {}
RESULT: {}
RESULT: {}
COMMAND: POST /session/8981aa63c4e1cf9ed36e4ba13e01d972/element - {"using":"xpath","value":"//li[.//span[text()='109']]"}
RESULT: {"using":"xpath","value":"//li[.//span[text()='109']]"}
COMMAND: POST /session/8981aa63c4e1cf9ed36e4ba13e01d972/element/f.5E8CFC1C9950487B5C96D70EC621E9EB.d.9C1A282DE1CD47ACA0097B54052D923F.e.3594/click - {}
RESULT: {}
COMMAND: GET /session/8981aa63c4e1cf9ed36e4ba13e01d972/screenshot - {}
RESULT: {}
COMMAND: POST /session/8981aa63c4e1cf9ed36e4ba13e01d972/execute/async - {"script":"<script> [1562 bytes]","args":[{"selector":{"id":"application-managehandovers-display-component---AddNewHO--ObjectPageLayout-anchBar-application-managehandovers-display-component---AddNewHO--section4-anchor","interaction":{"idSuffix":"BDI-content"}},"wdio_ui5_key":"applicationmanagehandovers-display-component---AddNewHO--ObjectPageLayout-anchBar-application-managehandovers-display-component---AddNewHO--section4-anchor"}]}
RESULT: {"script":"<script> [1562 bytes]","args":[{"selector":{"id":"application-managehandovers-display-component---AddNewHO--ObjectPageLayout-anchBar-application-managehandovers-display-component---AddNewHO--section4-anchor","interaction":{"idSuffix":"BDI-content"}},"wdio_ui5_key":"applicationmanagehandovers-display-component---AddNewHO--ObjectPageLayout-anchBar-application-managehandovers-display-component---AddNewHO--section4-anchor"}]}
RESULT: undefined
COMMAND: POST /session/8981aa63c4e1cf9ed36e4ba13e01d972/element - {"using":"xpath","value":"//*[@id=\"application-managehandovers-display-component---AddNewHO--ObjectPageLayout-anchBar-application-managehandovers-display-component---AddNewHO--section4-anchor\"]"}
RESULT: {"using":"xpath","value":"//*[@id=\"application-managehandovers-display-component---AddNewHO--ObjectPageLayout-anchBar-application-managehandovers-display-component---AddNewHO--section4-anchor\"]"}
COMMAND: POST /session/8981aa63c4e1cf9ed36e4ba13e01d972/element/f.5E8CFC1C9950487B5C96D70EC621E9EB.d.9C1A282DE1CD47ACA0097B54052D923F.e.3596/click - {}
RESULT: {}
COMMAND: POST /session/8981aa63c4e1cf9ed36e4ba13e01d972/element - {"using":"xpath","value":"//button[@aria-label=\"Add\"]"}
COMMAND: GET /session/8981aa63c4e1cf9ed36e4ba13e01d972/screenshot - {}
RESULT: {"using":"xpath","value":"//button[@aria-label=\"Add\"]"}
COMMAND: POST /session/8981aa63c4e1cf9ed36e4ba13e01d972/element/f.5E8CFC1C9950487B5C96D70EC621E9EB.d.9C1A282DE1CD47ACA0097B54052D923F.e.3598/click - {}
RESULT: {}
RESULT: {}
COMMAND: GET /session/8981aa63c4e1cf9ed36e4ba13e01d972/screenshot - {}
RESULT: {}
COMMAND: POST /session/8981aa63c4e1cf9ed36e4ba13e01d972/execute/async - {"script":"<script> [1562 bytes]","args":[{"selector":{"id":"application-managehandovers-display-component---AddNewHO--smartFilterBar-btnBasicSearch","searchOpenDialogs":true,"interaction":{"idSuffix":"I"}},"wdio_ui5_key":"applicationmanagehandovers-display-component---AddNewHO--smartFilterBar-btnBasicSearch"}]}
RESULT: {"script":"<script> [1562 bytes]","args":[{"selector":{"id":"application-managehandovers-display-component---AddNewHO--smartFilterBar-btnBasicSearch","searchOpenDialogs":true,"interaction":{"idSuffix":"I"}},"wdio_ui5_key":"applicationmanagehandovers-display-component---AddNewHO--smartFilterBar-btnBasicSearch"}]}
RESULT: undefined
COMMAND: POST /session/8981aa63c4e1cf9ed36e4ba13e01d972/execute/async - {"script":"<script> [776 bytes]","args":[{"enterText":"WAzJU8qnjO","selector":{"id":"application-managehandovers-display-component---AddNewHO--smartFilterBar-btnBasicSearch","searchOpenDialogs":true,"interaction":{"idSuffix":"I"}},"clearTextFirst":true,"interactionType":"ENTER_TEXT"}]}
RESULT: {"script":"<script> [776 bytes]","args":[{"enterText":"WAzJU8qnjO","selector":{"id":"application-managehandovers-display-component---AddNewHO--smartFilterBar-btnBasicSearch","searchOpenDialogs":true,"interaction":{"idSuffix":"I"}},"clearTextFirst":true,"interactionType":"ENTER_TEXT"}]}
COMMAND: POST /session/8981aa63c4e1cf9ed36e4ba13e01d972/actions - {"actions":[{"id":"action19","type":"key","parameters":{},"actions":[{"type":"keyDown","value":"î€‡"},{"type":"pause","duration":10},{"type":"keyUp","value":"î€‡"}]}]}
RESULT: {"actions":[{"id":"action19","type":"key","parameters":{},"actions":[{"type":"keyDown","value":"î€‡"},{"type":"pause","duration":10},{"type":"keyUp","value":"î€‡"}]}]}
COMMAND: GET /session/8981aa63c4e1cf9ed36e4ba13e01d972/screenshot - {}
RESULT: {}
COMMAND: POST /session/8981aa63c4e1cf9ed36e4ba13e01d972/execute/async - {"script":"<script> [1562 bytes]","args":[{"selector":{"id":"application-managehandovers-display-component---AddNewHO--popup-sa","searchOpenDialogs":true,"interaction":{"idSuffix":"CbBg"}},"wdio_ui5_key":"applicationmanagehandovers-display-component---AddNewHO--popup-sa"}]}
RESULT: {"script":"<script> [1562 bytes]","args":[{"selector":{"id":"application-managehandovers-display-component---AddNewHO--popup-sa","searchOpenDialogs":true,"interaction":{"idSuffix":"CbBg"}},"wdio_ui5_key":"applicationmanagehandovers-display-component---AddNewHO--popup-sa"}]}
RESULT: undefined
COMMAND: POST /session/8981aa63c4e1cf9ed36e4ba13e01d972/element - {"using":"xpath","value":"//*[@id=\"application-managehandovers-display-component---AddNewHO--popup-sa\"]"}
RESULT: {"using":"xpath","value":"//*[@id=\"application-managehandovers-display-component---AddNewHO--popup-sa\"]"}
COMMAND: POST /session/8981aa63c4e1cf9ed36e4ba13e01d972/element/f.5E8CFC1C9950487B5C96D70EC621E9EB.d.9C1A282DE1CD47ACA0097B54052D923F.e.3751/click - {}
RESULT: {}
COMMAND: GET /session/8981aa63c4e1cf9ed36e4ba13e01d972/screenshot - {}
RESULT: {}
COMMAND: POST /session/8981aa63c4e1cf9ed36e4ba13e01d972/element - {"using":"xpath","value":"//bdi[contains(text(), \"Select\")]"}
RESULT: {"using":"xpath","value":"//bdi[contains(text(), \"Select\")]"}
COMMAND: POST /session/8981aa63c4e1cf9ed36e4ba13e01d972/element/f.5E8CFC1C9950487B5C96D70EC621E9EB.d.9C1A282DE1CD47ACA0097B54052D923F.e.3752/click - {}
RESULT: {}
COMMAND: GET /session/8981aa63c4e1cf9ed36e4ba13e01d972/screenshot - {}
RESULT: {}
COMMAND: POST /session/8981aa63c4e1cf9ed36e4ba13e01d972/element - {"using":"xpath","value":"//button[@data-kt=\"AddNewHOSaveButton\"]"}
RESULT: {"using":"xpath","value":"//button[@data-kt=\"AddNewHOSaveButton\"]"}
COMMAND: POST /session/8981aa63c4e1cf9ed36e4ba13e01d972/element/f.5E8CFC1C9950487B5C96D70EC621E9EB.d.9C1A282DE1CD47ACA0097B54052D923F.e.3756/click - {}
RESULT: {}
COMMAND: GET /session/8981aa63c4e1cf9ed36e4ba13e01d972/screenshot - {}
RESULT: {}
COMMAND: POST /session/8981aa63c4e1cf9ed36e4ba13e01d972/execute/async - {"script":"<script> [1562 bytes]","args":[{"selector":{"id":"receiptDatePicker","viewName":"etm.portal.ui.managehandovers.view.DetailExecuteHO","interaction":{"idSuffix":"inner"}},"wdio_ui5_key":"receiptDatePickeretmportal.ui.managehandovers.view.DetailExecuteHO"}]}
RESULT: {"script":"<script> [1562 bytes]","args":[{"selector":{"id":"receiptDatePicker","viewName":"etm.portal.ui.managehandovers.view.DetailExecuteHO","interaction":{"idSuffix":"inner"}},"wdio_ui5_key":"receiptDatePickeretmportal.ui.managehandovers.view.DetailExecuteHO"}]}
RESULT: undefined
COMMAND: POST /session/8981aa63c4e1cf9ed36e4ba13e01d972/execute/async - {"script":"<script> [6424 bytes]","args":[{"element-6066-11e4-a52e-4f735466cecf":"f.5E8CFC1C9950487B5C96D70EC621E9EB.d.9C1A282DE1CD47ACA0097B54052D923F.e.3783"},"setValue",["05/03/2025"]]}
RESULT: {"script":"<script> [6424 bytes]","args":[{"element-6066-11e4-a52e-4f735466cecf":"f.5E8CFC1C9950487B5C96D70EC621E9EB.d.9C1A282DE1CD47ACA0097B54052D923F.e.3783"},"setValue",["05/03/2025"]]}
COMMAND: POST /session/8981aa63c4e1cf9ed36e4ba13e01d972/element - {"using":"xpath","value":"//button[@data-kt=\"PickingTableConfirmAllButton\"]"}
RESULT: {"using":"xpath","value":"//button[@data-kt=\"PickingTableConfirmAllButton\"]"}
COMMAND: POST /session/8981aa63c4e1cf9ed36e4ba13e01d972/element/f.5E8CFC1C9950487B5C96D70EC621E9EB.d.9C1A282DE1CD47ACA0097B54052D923F.e.3799/click - {}
RESULT: {}
COMMAND: GET /session/8981aa63c4e1cf9ed36e4ba13e01d972/screenshot - {}
RESULT: {}
COMMAND: POST /session/8981aa63c4e1cf9ed36e4ba13e01d972/element - {"using":"xpath","value":"//bdi[contains(text(), \"OK\")]"}
RESULT: {"using":"xpath","value":"//bdi[contains(text(), \"OK\")]"}
COMMAND: POST /session/8981aa63c4e1cf9ed36e4ba13e01d972/element/f.5E8CFC1C9950487B5C96D70EC621E9EB.d.9C1A282DE1CD47ACA0097B54052D923F.e.3801/click - {}
RESULT: {}
COMMAND: GET /session/8981aa63c4e1cf9ed36e4ba13e01d972/screenshot - {}
RESULT: {}
COMMAND: POST /session/8981aa63c4e1cf9ed36e4ba13e01d972/element - {"using":"xpath","value":"(//bdi[contains(text(), \"Receive\")])[2]"}
RESULT: {"using":"xpath","value":"(//bdi[contains(text(), \"Receive\")])[2]"}
COMMAND: POST /session/8981aa63c4e1cf9ed36e4ba13e01d972/element/f.5E8CFC1C9950487B5C96D70EC621E9EB.d.9C1A282DE1CD47ACA0097B54052D923F.e.3803/click - {}
RESULT: {}
COMMAND: GET /session/8981aa63c4e1cf9ed36e4ba13e01d972/screenshot - {}
RESULT: {}
COMMAND: POST /session/8981aa63c4e1cf9ed36e4ba13e01d972/element - {"using":"css selector","value":"#shell-header-logo"}
RESULT: {"using":"css selector","value":"#shell-header-logo"}
COMMAND: POST /session/8981aa63c4e1cf9ed36e4ba13e01d972/element/f.5E8CFC1C9950487B5C96D70EC621E9EB.d.9C1A282DE1CD47ACA0097B54052D923F.e.3261/click - {}
RESULT: {}
COMMAND: GET /session/8981aa63c4e1cf9ed36e4ba13e01d972/screenshot - {}
RESULT: {}
]]></system-out>
    </testcase>
    <testcase classname="chrome.135_0_7049_96.windows.RU_Inventory_Mass_State_Change_Multiple_Items_US151066" name="Prerequisite Step 2 Should do a stock increase handover for the material" time="89.291">
      <system-out><![CDATA[
RESULT: undefined
COMMAND: POST /session/8981aa63c4e1cf9ed36e4ba13e01d972/element - {"using":"xpath","value":"//*[@id=\"__tile131-title\"]"}
RESULT: {"using":"xpath","value":"//*[@id=\"__tile131-title\"]"}
COMMAND: POST /session/8981aa63c4e1cf9ed36e4ba13e01d972/element/f.5E8CFC1C9950487B5C96D70EC621E9EB.d.9C1A282DE1CD47ACA0097B54052D923F.e.3258/click - {}
RESULT: {}
COMMAND: POST /session/8981aa63c4e1cf9ed36e4ba13e01d972/element - {"using":"xpath","value":"//button[@data-kt=\"masterHOAddButton\"]"}
COMMAND: GET /session/8981aa63c4e1cf9ed36e4ba13e01d972/screenshot - {}
RESULT: {"using":"xpath","value":"//button[@data-kt=\"masterHOAddButton\"]"}
COMMAND: POST /session/8981aa63c4e1cf9ed36e4ba13e01d972/elements - {"using":"xpath","value":"//button[@data-kt=\"masterHOAddButton\"]"}
RESULT: {}
RESULT: {"using":"xpath","value":"//button[@data-kt=\"masterHOAddButton\"]"}
COMMAND: POST /session/8981aa63c4e1cf9ed36e4ba13e01d972/execute/sync - {"script":"<script> [8489 bytes]","args":[{"element-6066-11e4-a52e-4f735466cecf":"f.5E8CFC1C9950487B5C96D70EC621E9EB.d.9C1A282DE1CD47ACA0097B54052D923F.e.4025","ELEMENT":"f.5E8CFC1C9950487B5C96D70EC621E9EB.d.9C1A282DE1CD47ACA0097B54052D923F.e.4025"}]}
RESULT: {"script":"<script> [8489 bytes]","args":[{"element-6066-11e4-a52e-4f735466cecf":"f.5E8CFC1C9950487B5C96D70EC621E9EB.d.9C1A282DE1CD47ACA0097B54052D923F.e.4025","ELEMENT":"f.5E8CFC1C9950487B5C96D70EC621E9EB.d.9C1A282DE1CD47ACA0097B54052D923F.e.4025"}]}
COMMAND: GET /session/8981aa63c4e1cf9ed36e4ba13e01d972/element/f.5E8CFC1C9950487B5C96D70EC621E9EB.d.9C1A282DE1CD47ACA0097B54052D923F.e.4025/enabled - {}
COMMAND: GET /session/8981aa63c4e1cf9ed36e4ba13e01d972/screenshot - {}
RESULT: {}
COMMAND: POST /session/8981aa63c4e1cf9ed36e4ba13e01d972/execute/sync - {"script":"<script> [8489 bytes]","args":[{"element-6066-11e4-a52e-4f735466cecf":"f.5E8CFC1C9950487B5C96D70EC621E9EB.d.9C1A282DE1CD47ACA0097B54052D923F.e.4025","ELEMENT":"f.5E8CFC1C9950487B5C96D70EC621E9EB.d.9C1A282DE1CD47ACA0097B54052D923F.e.4025"}]}
COMMAND: GET /session/8981aa63c4e1cf9ed36e4ba13e01d972/screenshot - {}
RESULT: {}
RESULT: {"script":"<script> [8489 bytes]","args":[{"element-6066-11e4-a52e-4f735466cecf":"f.5E8CFC1C9950487B5C96D70EC621E9EB.d.9C1A282DE1CD47ACA0097B54052D923F.e.4025","ELEMENT":"f.5E8CFC1C9950487B5C96D70EC621E9EB.d.9C1A282DE1CD47ACA0097B54052D923F.e.4025"}]}
COMMAND: POST /session/8981aa63c4e1cf9ed36e4ba13e01d972/execute/sync - {"script":"<script> [5351 bytes]","args":[{"element-6066-11e4-a52e-4f735466cecf":"f.5E8CFC1C9950487B5C96D70EC621E9EB.d.9C1A282DE1CD47ACA0097B54052D923F.e.4025","ELEMENT":"f.5E8CFC1C9950487B5C96D70EC621E9EB.d.9C1A282DE1CD47ACA0097B54052D923F.e.4025"}]}
COMMAND: GET /session/8981aa63c4e1cf9ed36e4ba13e01d972/screenshot - {}
RESULT: {}
RESULT: {"script":"<script> [5351 bytes]","args":[{"element-6066-11e4-a52e-4f735466cecf":"f.5E8CFC1C9950487B5C96D70EC621E9EB.d.9C1A282DE1CD47ACA0097B54052D923F.e.4025","ELEMENT":"f.5E8CFC1C9950487B5C96D70EC621E9EB.d.9C1A282DE1CD47ACA0097B54052D923F.e.4025"}]}
COMMAND: POST /session/8981aa63c4e1cf9ed36e4ba13e01d972/element/f.5E8CFC1C9950487B5C96D70EC621E9EB.d.9C1A282DE1CD47ACA0097B54052D923F.e.4025/click - {}
COMMAND: GET /session/8981aa63c4e1cf9ed36e4ba13e01d972/screenshot - {}
RESULT: {}
RESULT: {}
COMMAND: GET /session/8981aa63c4e1cf9ed36e4ba13e01d972/screenshot - {}
RESULT: {}
COMMAND: POST /session/8981aa63c4e1cf9ed36e4ba13e01d972/element - {"using":"xpath","value":"//span[contains(@id ,\"AddNewHO--typeSelect-arrow\")]"}
RESULT: {}
RESULT: {"using":"xpath","value":"//span[contains(@id ,\"AddNewHO--typeSelect-arrow\")]"}
COMMAND: POST /session/8981aa63c4e1cf9ed36e4ba13e01d972/element/f.5E8CFC1C9950487B5C96D70EC621E9EB.d.9C1A282DE1CD47ACA0097B54052D923F.e.4434/click - {}
RESULT: {}
COMMAND: GET /session/8981aa63c4e1cf9ed36e4ba13e01d972/screenshot - {}
RESULT: {}
COMMAND: POST /session/8981aa63c4e1cf9ed36e4ba13e01d972/element - {"using":"xpath","value":"(//li[contains(text(), \"stock increase yard\")])[1]"}
RESULT: {"using":"xpath","value":"(//li[contains(text(), \"stock increase yard\")])[1]"}
COMMAND: POST /session/8981aa63c4e1cf9ed36e4ba13e01d972/element/f.5E8CFC1C9950487B5C96D70EC621E9EB.d.9C1A282DE1CD47ACA0097B54052D923F.e.4435/click - {}
RESULT: {}
COMMAND: GET /session/8981aa63c4e1cf9ed36e4ba13e01d972/screenshot - {}
RESULT: {}
RESULT: undefined
COMMAND: POST /session/8981aa63c4e1cf9ed36e4ba13e01d972/execute/async - {"script":"<script> [6424 bytes]","args":[{"element-6066-11e4-a52e-4f735466cecf":"f.5E8CFC1C9950487B5C96D70EC621E9EB.d.9C1A282DE1CD47ACA0097B54052D923F.e.3570"},"setValue",["05/03/2025"]]}
COMMAND: POST /session/8981aa63c4e1cf9ed36e4ba13e01d972/execute/async - {"script":"<script> [1562 bytes]","args":[{"selector":{"id":"application-managehandovers-display-component---AddNewHO--dueDate","interaction":{"idSuffix":"inner"}},"wdio_ui5_key":"applicationmanagehandovers-display-component---AddNewHO--dueDate"}]}
RESULT: {"script":"<script> [1562 bytes]","args":[{"selector":{"id":"application-managehandovers-display-component---AddNewHO--dueDate","interaction":{"idSuffix":"inner"}},"wdio_ui5_key":"applicationmanagehandovers-display-component---AddNewHO--dueDate"}]}
COMMAND: POST /session/8981aa63c4e1cf9ed36e4ba13e01d972/execute/async - {"script":"<script> [6424 bytes]","args":[{"element-6066-11e4-a52e-4f735466cecf":"f.5E8CFC1C9950487B5C96D70EC621E9EB.d.9C1A282DE1CD47ACA0097B54052D923F.e.4437"},"setValue",["05/03/2025"]]}
RESULT: {"script":"<script> [6424 bytes]","args":[{"element-6066-11e4-a52e-4f735466cecf":"f.5E8CFC1C9950487B5C96D70EC621E9EB.d.9C1A282DE1CD47ACA0097B54052D923F.e.4437"},"setValue",["05/03/2025"]]}
COMMAND: POST /session/8981aa63c4e1cf9ed36e4ba13e01d972/element - {"using":"xpath","value":"//input[@id=\"generalSectionFrg--receiveYard-inner\"]"}
RESULT: {"using":"xpath","value":"//input[@id=\"generalSectionFrg--receiveYard-inner\"]"}
COMMAND: POST /session/8981aa63c4e1cf9ed36e4ba13e01d972/element/f.5E8CFC1C9950487B5C96D70EC621E9EB.d.9C1A282DE1CD47ACA0097B54052D923F.e.4443/clear - {}
RESULT: {}
COMMAND: POST /session/8981aa63c4e1cf9ed36e4ba13e01d972/element/f.5E8CFC1C9950487B5C96D70EC621E9EB.d.9C1A282DE1CD47ACA0097B54052D923F.e.4443/value - {"text":"109"}
COMMAND: GET /session/8981aa63c4e1cf9ed36e4ba13e01d972/screenshot - {}
RESULT: {"text":"109"}
COMMAND: GET /session/8981aa63c4e1cf9ed36e4ba13e01d972/screenshot - {}
RESULT: {}
RESULT: {}
COMMAND: POST /session/8981aa63c4e1cf9ed36e4ba13e01d972/element - {"using":"xpath","value":"//li[.//span[text()='109']]"}
RESULT: {"using":"xpath","value":"//li[.//span[text()='109']]"}
COMMAND: POST /session/8981aa63c4e1cf9ed36e4ba13e01d972/element/f.5E8CFC1C9950487B5C96D70EC621E9EB.d.9C1A282DE1CD47ACA0097B54052D923F.e.4460/click - {}
RESULT: {}
COMMAND: GET /session/8981aa63c4e1cf9ed36e4ba13e01d972/screenshot - {}
RESULT: {}
RESULT: undefined
COMMAND: POST /session/8981aa63c4e1cf9ed36e4ba13e01d972/element - {"using":"xpath","value":"//*[@id=\"application-managehandovers-display-component---AddNewHO--ObjectPageLayout-anchBar-application-managehandovers-display-component---AddNewHO--section4-anchor\"]"}
RESULT: {"using":"xpath","value":"//*[@id=\"application-managehandovers-display-component---AddNewHO--ObjectPageLayout-anchBar-application-managehandovers-display-component---AddNewHO--section4-anchor\"]"}
COMMAND: POST /session/8981aa63c4e1cf9ed36e4ba13e01d972/element/f.5E8CFC1C9950487B5C96D70EC621E9EB.d.9C1A282DE1CD47ACA0097B54052D923F.e.4461/click - {}
RESULT: {}
COMMAND: POST /session/8981aa63c4e1cf9ed36e4ba13e01d972/element - {"using":"xpath","value":"//button[@aria-label=\"Add\"]"}
COMMAND: GET /session/8981aa63c4e1cf9ed36e4ba13e01d972/screenshot - {}
RESULT: {"using":"xpath","value":"//button[@aria-label=\"Add\"]"}
COMMAND: POST /session/8981aa63c4e1cf9ed36e4ba13e01d972/element/f.5E8CFC1C9950487B5C96D70EC621E9EB.d.9C1A282DE1CD47ACA0097B54052D923F.e.4463/click - {}
RESULT: {}
RESULT: {}
COMMAND: GET /session/8981aa63c4e1cf9ed36e4ba13e01d972/screenshot - {}
RESULT: {}
RESULT: undefined
COMMAND: POST /session/8981aa63c4e1cf9ed36e4ba13e01d972/execute/async - {"script":"<script> [776 bytes]","args":[{"enterText":"200292","selector":{"id":"application-managehandovers-display-component---AddNewHO--smartFilterBar-btnBasicSearch","searchOpenDialogs":true,"interaction":{"idSuffix":"I"}},"clearTextFirst":true,"interactionType":"ENTER_TEXT"}]}
RESULT: {"script":"<script> [776 bytes]","args":[{"enterText":"200292","selector":{"id":"application-managehandovers-display-component---AddNewHO--smartFilterBar-btnBasicSearch","searchOpenDialogs":true,"interaction":{"idSuffix":"I"}},"clearTextFirst":true,"interactionType":"ENTER_TEXT"}]}
COMMAND: POST /session/8981aa63c4e1cf9ed36e4ba13e01d972/actions - {"actions":[{"id":"action20","type":"key","parameters":{},"actions":[{"type":"keyDown","value":"î€‡"},{"type":"pause","duration":10},{"type":"keyUp","value":"î€‡"}]}]}
RESULT: {"actions":[{"id":"action20","type":"key","parameters":{},"actions":[{"type":"keyDown","value":"î€‡"},{"type":"pause","duration":10},{"type":"keyUp","value":"î€‡"}]}]}
COMMAND: GET /session/8981aa63c4e1cf9ed36e4ba13e01d972/screenshot - {}
RESULT: {}
RESULT: undefined
COMMAND: POST /session/8981aa63c4e1cf9ed36e4ba13e01d972/element - {"using":"xpath","value":"//*[@id=\"application-managehandovers-display-component---AddNewHO--popup-sa\"]"}
RESULT: {"using":"xpath","value":"//*[@id=\"application-managehandovers-display-component---AddNewHO--popup-sa\"]"}
COMMAND: POST /session/8981aa63c4e1cf9ed36e4ba13e01d972/element/f.5E8CFC1C9950487B5C96D70EC621E9EB.d.9C1A282DE1CD47ACA0097B54052D923F.e.4616/click - {}
RESULT: {}
COMMAND: GET /session/8981aa63c4e1cf9ed36e4ba13e01d972/screenshot - {}
RESULT: {}
COMMAND: POST /session/8981aa63c4e1cf9ed36e4ba13e01d972/element - {"using":"xpath","value":"//bdi[contains(text(), \"Select\")]"}
RESULT: {"using":"xpath","value":"//bdi[contains(text(), \"Select\")]"}
COMMAND: POST /session/8981aa63c4e1cf9ed36e4ba13e01d972/element/f.5E8CFC1C9950487B5C96D70EC621E9EB.d.9C1A282DE1CD47ACA0097B54052D923F.e.4617/click - {}
RESULT: {}
COMMAND: GET /session/8981aa63c4e1cf9ed36e4ba13e01d972/screenshot - {}
RESULT: {}
COMMAND: POST /session/8981aa63c4e1cf9ed36e4ba13e01d972/element - {"using":"xpath","value":"//button[@data-kt=\"AddNewHOSaveButton\"]"}
RESULT: {"using":"xpath","value":"//button[@data-kt=\"AddNewHOSaveButton\"]"}
COMMAND: POST /session/8981aa63c4e1cf9ed36e4ba13e01d972/element/f.5E8CFC1C9950487B5C96D70EC621E9EB.d.9C1A282DE1CD47ACA0097B54052D923F.e.4621/click - {}
RESULT: {}
COMMAND: GET /session/8981aa63c4e1cf9ed36e4ba13e01d972/screenshot - {}
RESULT: {}
RESULT: undefined
COMMAND: POST /session/8981aa63c4e1cf9ed36e4ba13e01d972/execute/async - {"script":"<script> [6424 bytes]","args":[{"element-6066-11e4-a52e-4f735466cecf":"f.5E8CFC1C9950487B5C96D70EC621E9EB.d.9C1A282DE1CD47ACA0097B54052D923F.e.3783"},"setValue",["05/03/2025"]]}
COMMAND: POST /session/8981aa63c4e1cf9ed36e4ba13e01d972/execute/async - {"script":"<script> [1562 bytes]","args":[{"selector":{"id":"receiptDatePicker","viewName":"etm.portal.ui.managehandovers.view.DetailExecuteHO","interaction":{"idSuffix":"inner"}},"wdio_ui5_key":"receiptDatePickeretmportal.ui.managehandovers.view.DetailExecuteHO"}]}
RESULT: {"script":"<script> [1562 bytes]","args":[{"selector":{"id":"receiptDatePicker","viewName":"etm.portal.ui.managehandovers.view.DetailExecuteHO","interaction":{"idSuffix":"inner"}},"wdio_ui5_key":"receiptDatePickeretmportal.ui.managehandovers.view.DetailExecuteHO"}]}
COMMAND: POST /session/8981aa63c4e1cf9ed36e4ba13e01d972/execute/async - {"script":"<script> [6424 bytes]","args":[{"element-6066-11e4-a52e-4f735466cecf":"f.5E8CFC1C9950487B5C96D70EC621E9EB.d.9C1A282DE1CD47ACA0097B54052D923F.e.4650"},"setValue",["05/03/2025"]]}
RESULT: {"script":"<script> [6424 bytes]","args":[{"element-6066-11e4-a52e-4f735466cecf":"f.5E8CFC1C9950487B5C96D70EC621E9EB.d.9C1A282DE1CD47ACA0097B54052D923F.e.4650"},"setValue",["05/03/2025"]]}
COMMAND: POST /session/8981aa63c4e1cf9ed36e4ba13e01d972/element - {"using":"xpath","value":"//button[@data-kt=\"PickingTableConfirmAllButton\"]"}
RESULT: {"using":"xpath","value":"//button[@data-kt=\"PickingTableConfirmAllButton\"]"}
COMMAND: POST /session/8981aa63c4e1cf9ed36e4ba13e01d972/element/f.5E8CFC1C9950487B5C96D70EC621E9EB.d.9C1A282DE1CD47ACA0097B54052D923F.e.4664/click - {}
RESULT: {}
COMMAND: GET /session/8981aa63c4e1cf9ed36e4ba13e01d972/screenshot - {}
RESULT: {}
COMMAND: POST /session/8981aa63c4e1cf9ed36e4ba13e01d972/element - {"using":"xpath","value":"//bdi[contains(text(), \"OK\")]"}
RESULT: {"using":"xpath","value":"//bdi[contains(text(), \"OK\")]"}
COMMAND: POST /session/8981aa63c4e1cf9ed36e4ba13e01d972/element/f.5E8CFC1C9950487B5C96D70EC621E9EB.d.9C1A282DE1CD47ACA0097B54052D923F.e.4666/click - {}
RESULT: {}
COMMAND: GET /session/8981aa63c4e1cf9ed36e4ba13e01d972/screenshot - {}
RESULT: {}
COMMAND: POST /session/8981aa63c4e1cf9ed36e4ba13e01d972/element - {"using":"xpath","value":"(//bdi[contains(text(), \"Receive\")])[2]"}
RESULT: {"using":"xpath","value":"(//bdi[contains(text(), \"Receive\")])[2]"}
COMMAND: POST /session/8981aa63c4e1cf9ed36e4ba13e01d972/element/f.5E8CFC1C9950487B5C96D70EC621E9EB.d.9C1A282DE1CD47ACA0097B54052D923F.e.4668/click - {}
RESULT: {}
COMMAND: GET /session/8981aa63c4e1cf9ed36e4ba13e01d972/screenshot - {}
RESULT: {}
COMMAND: POST /session/8981aa63c4e1cf9ed36e4ba13e01d972/element - {"using":"css selector","value":"#shell-header-logo"}
RESULT: {"using":"css selector","value":"#shell-header-logo"}
COMMAND: POST /session/8981aa63c4e1cf9ed36e4ba13e01d972/element/f.5E8CFC1C9950487B5C96D70EC621E9EB.d.9C1A282DE1CD47ACA0097B54052D923F.e.3975/click - {}
RESULT: {}
COMMAND: GET /session/8981aa63c4e1cf9ed36e4ba13e01d972/screenshot - {}
RESULT: {}
]]></system-out>
    </testcase>
    <testcase classname="chrome.135_0_7049_96.windows.RU_Inventory_Mass_State_Change_Multiple_Items_US151066" name="Step 2 Should do a RU inventory mass state change on chosen yard 109 with the resources created one equipment one material the existing ones too" time="302.737">
      <system-out><![CDATA[
RESULT: undefined
COMMAND: POST /session/8981aa63c4e1cf9ed36e4ba13e01d972/element - {"using":"xpath","value":"//*[@id=\"__tile99\"]"}
RESULT: {"using":"xpath","value":"//*[@id=\"__tile99\"]"}
COMMAND: POST /session/8981aa63c4e1cf9ed36e4ba13e01d972/element/f.5E8CFC1C9950487B5C96D70EC621E9EB.d.9C1A282DE1CD47ACA0097B54052D923F.e.272/click - {}
RESULT: {}
COMMAND: POST /session/8981aa63c4e1cf9ed36e4ba13e01d972/element - {"using":"xpath","value":"//button[contains(@id, \"massStateBtn\")]"}
COMMAND: GET /session/8981aa63c4e1cf9ed36e4ba13e01d972/screenshot - {}
RESULT: {"using":"xpath","value":"//button[contains(@id, \"massStateBtn\")]"}
COMMAND: POST /session/8981aa63c4e1cf9ed36e4ba13e01d972/elements - {"using":"xpath","value":"//button[contains(@id, \"massStateBtn\")]"}
RESULT: {}
RESULT: {"using":"xpath","value":"//button[contains(@id, \"massStateBtn\")]"}
COMMAND: POST /session/8981aa63c4e1cf9ed36e4ba13e01d972/execute/sync - {"script":"<script> [8489 bytes]","args":[{"element-6066-11e4-a52e-4f735466cecf":"f.5E8CFC1C9950487B5C96D70EC621E9EB.d.9C1A282DE1CD47ACA0097B54052D923F.e.4884","ELEMENT":"f.5E8CFC1C9950487B5C96D70EC621E9EB.d.9C1A282DE1CD47ACA0097B54052D923F.e.4884"}]}
RESULT: {"script":"<script> [8489 bytes]","args":[{"element-6066-11e4-a52e-4f735466cecf":"f.5E8CFC1C9950487B5C96D70EC621E9EB.d.9C1A282DE1CD47ACA0097B54052D923F.e.4884","ELEMENT":"f.5E8CFC1C9950487B5C96D70EC621E9EB.d.9C1A282DE1CD47ACA0097B54052D923F.e.4884"}]}
COMMAND: GET /session/8981aa63c4e1cf9ed36e4ba13e01d972/element/f.5E8CFC1C9950487B5C96D70EC621E9EB.d.9C1A282DE1CD47ACA0097B54052D923F.e.4884/enabled - {}
COMMAND: GET /session/8981aa63c4e1cf9ed36e4ba13e01d972/screenshot - {}
RESULT: {}
COMMAND: POST /session/8981aa63c4e1cf9ed36e4ba13e01d972/execute/sync - {"script":"<script> [8489 bytes]","args":[{"element-6066-11e4-a52e-4f735466cecf":"f.5E8CFC1C9950487B5C96D70EC621E9EB.d.9C1A282DE1CD47ACA0097B54052D923F.e.4884","ELEMENT":"f.5E8CFC1C9950487B5C96D70EC621E9EB.d.9C1A282DE1CD47ACA0097B54052D923F.e.4884"}]}
COMMAND: GET /session/8981aa63c4e1cf9ed36e4ba13e01d972/screenshot - {}
RESULT: {}
RESULT: {"script":"<script> [8489 bytes]","args":[{"element-6066-11e4-a52e-4f735466cecf":"f.5E8CFC1C9950487B5C96D70EC621E9EB.d.9C1A282DE1CD47ACA0097B54052D923F.e.4884","ELEMENT":"f.5E8CFC1C9950487B5C96D70EC621E9EB.d.9C1A282DE1CD47ACA0097B54052D923F.e.4884"}]}
COMMAND: POST /session/8981aa63c4e1cf9ed36e4ba13e01d972/execute/sync - {"script":"<script> [5351 bytes]","args":[{"element-6066-11e4-a52e-4f735466cecf":"f.5E8CFC1C9950487B5C96D70EC621E9EB.d.9C1A282DE1CD47ACA0097B54052D923F.e.4884","ELEMENT":"f.5E8CFC1C9950487B5C96D70EC621E9EB.d.9C1A282DE1CD47ACA0097B54052D923F.e.4884"}]}
COMMAND: GET /session/8981aa63c4e1cf9ed36e4ba13e01d972/screenshot - {}
RESULT: {}
RESULT: {"script":"<script> [5351 bytes]","args":[{"element-6066-11e4-a52e-4f735466cecf":"f.5E8CFC1C9950487B5C96D70EC621E9EB.d.9C1A282DE1CD47ACA0097B54052D923F.e.4884","ELEMENT":"f.5E8CFC1C9950487B5C96D70EC621E9EB.d.9C1A282DE1CD47ACA0097B54052D923F.e.4884"}]}
COMMAND: POST /session/8981aa63c4e1cf9ed36e4ba13e01d972/element/f.5E8CFC1C9950487B5C96D70EC621E9EB.d.9C1A282DE1CD47ACA0097B54052D923F.e.4884/click - {}
COMMAND: GET /session/8981aa63c4e1cf9ed36e4ba13e01d972/screenshot - {}
RESULT: {}
RESULT: {}
COMMAND: GET /session/8981aa63c4e1cf9ed36e4ba13e01d972/screenshot - {}
RESULT: {}
RESULT: {}
RESULT: undefined
COMMAND: POST /session/8981aa63c4e1cf9ed36e4ba13e01d972/element - {"using":"xpath","value":"//*[@id=\"application-ruinventorylist-display-component---Master--ruLocationTypeComboBox-arrow\"]"}
RESULT: {"using":"xpath","value":"//*[@id=\"application-ruinventorylist-display-component---Master--ruLocationTypeComboBox-arrow\"]"}
COMMAND: POST /session/8981aa63c4e1cf9ed36e4ba13e01d972/element/f.5E8CFC1C9950487B5C96D70EC621E9EB.d.9C1A282DE1CD47ACA0097B54052D923F.e.5233/click - {}
RESULT: {}
COMMAND: GET /session/8981aa63c4e1cf9ed36e4ba13e01d972/screenshot - {}
RESULT: {}
COMMAND: POST /session/8981aa63c4e1cf9ed36e4ba13e01d972/element - {"using":"xpath","value":"//li[.//span[text()='Yard']]"}
RESULT: {"using":"xpath","value":"//li[.//span[text()='Yard']]"}
COMMAND: POST /session/8981aa63c4e1cf9ed36e4ba13e01d972/element/f.5E8CFC1C9950487B5C96D70EC621E9EB.d.9C1A282DE1CD47ACA0097B54052D923F.e.5234/click - {}
RESULT: {}
COMMAND: GET /session/8981aa63c4e1cf9ed36e4ba13e01d972/screenshot - {}
RESULT: {}
RESULT: undefined
COMMAND: POST /session/8981aa63c4e1cf9ed36e4ba13e01d972/element - {"using":"xpath","value":"//*[@id=\"application-ruinventorylist-display-component---Master--smartFilterBar-filterItemControl_BASIC-YARD-vhi\"]"}
RESULT: {"using":"xpath","value":"//*[@id=\"application-ruinventorylist-display-component---Master--smartFilterBar-filterItemControl_BASIC-YARD-vhi\"]"}
COMMAND: POST /session/8981aa63c4e1cf9ed36e4ba13e01d972/element/f.5E8CFC1C9950487B5C96D70EC621E9EB.d.9C1A282DE1CD47ACA0097B54052D923F.e.5303/click - {}
RESULT: {}
COMMAND: GET /session/8981aa63c4e1cf9ed36e4ba13e01d972/screenshot - {}
RESULT: {}
RESULT: undefined
COMMAND: POST /session/8981aa63c4e1cf9ed36e4ba13e01d972/execute/async - {"script":"<script> [776 bytes]","args":[{"enterText":"109","selector":{"id":"application-ruinventorylist-display-component---Master--smartFilterBar-filterItemControl_BASIC-YARD-valueHelpDialog-smartFilterBar-btnBasicSearch","searchOpenDialogs":true,"interaction":{"idSuffix":"I"}},"clearTextFirst":true,"interactionType":"ENTER_TEXT"}]}
RESULT: {"script":"<script> [776 bytes]","args":[{"enterText":"109","selector":{"id":"application-ruinventorylist-display-component---Master--smartFilterBar-filterItemControl_BASIC-YARD-valueHelpDialog-smartFilterBar-btnBasicSearch","searchOpenDialogs":true,"interaction":{"idSuffix":"I"}},"clearTextFirst":true,"interactionType":"ENTER_TEXT"}]}
COMMAND: POST /session/8981aa63c4e1cf9ed36e4ba13e01d972/actions - {"actions":[{"id":"action21","type":"key","parameters":{},"actions":[{"type":"keyDown","value":"î€‡"},{"type":"pause","duration":10},{"type":"keyUp","value":"î€‡"}]}]}
RESULT: {"actions":[{"id":"action21","type":"key","parameters":{},"actions":[{"type":"keyDown","value":"î€‡"},{"type":"pause","duration":10},{"type":"keyUp","value":"î€‡"}]}]}
COMMAND: GET /session/8981aa63c4e1cf9ed36e4ba13e01d972/screenshot - {}
RESULT: {}
COMMAND: POST /session/8981aa63c4e1cf9ed36e4ba13e01d972/elements - {"using":"xpath","value":"//table[contains(@id, \"filterItemControl_BASIC-YARD-valueHelpDialog-table-table\")]/tbody/tr"}
RESULT: {"using":"xpath","value":"//table[contains(@id, \"filterItemControl_BASIC-YARD-valueHelpDialog-table-table\")]/tbody/tr"}
COMMAND: POST /session/8981aa63c4e1cf9ed36e4ba13e01d972/element - {"using":"xpath","value":"//table[contains(@id, \"filterItemControl_BASIC-YARD-valueHelpDialog-table-table\")]/tbody/tr[1]/td[1]/div/span"}
RESULT: {"using":"xpath","value":"//table[contains(@id, \"filterItemControl_BASIC-YARD-valueHelpDialog-table-table\")]/tbody/tr[1]/td[1]/div/span"}
COMMAND: POST /session/8981aa63c4e1cf9ed36e4ba13e01d972/elements - {"using":"xpath","value":"//table[contains(@id, \"filterItemControl_BASIC-YARD-valueHelpDialog-table-table\")]/tbody/tr[1]/td[1]/div/span"}
RESULT: {"using":"xpath","value":"//table[contains(@id, \"filterItemControl_BASIC-YARD-valueHelpDialog-table-table\")]/tbody/tr[1]/td[1]/div/span"}
COMMAND: POST /session/8981aa63c4e1cf9ed36e4ba13e01d972/execute/sync - {"script":"<script> [56 bytes]","args":[{"element-6066-11e4-a52e-4f735466cecf":"f.5E8CFC1C9950487B5C96D70EC621E9EB.d.9C1A282DE1CD47ACA0097B54052D923F.e.5323","ELEMENT":"f.5E8CFC1C9950487B5C96D70EC621E9EB.d.9C1A282DE1CD47ACA0097B54052D923F.e.5323"}]}
RESULT: {"script":"<script> [56 bytes]","args":[{"element-6066-11e4-a52e-4f735466cecf":"f.5E8CFC1C9950487B5C96D70EC621E9EB.d.9C1A282DE1CD47ACA0097B54052D923F.e.5323","ELEMENT":"f.5E8CFC1C9950487B5C96D70EC621E9EB.d.9C1A282DE1CD47ACA0097B54052D923F.e.5323"}]}
COMMAND: POST /session/8981aa63c4e1cf9ed36e4ba13e01d972/element - {"using":"xpath","value":"//div[contains(@id, \"filterItemControl_BASIC-YARD-valueHelpDialog-table-rowsel0\")]"}
COMMAND: GET /session/8981aa63c4e1cf9ed36e4ba13e01d972/screenshot - {}
RESULT: {"using":"xpath","value":"//div[contains(@id, \"filterItemControl_BASIC-YARD-valueHelpDialog-table-rowsel0\")]"}
COMMAND: POST /session/8981aa63c4e1cf9ed36e4ba13e01d972/element/f.5E8CFC1C9950487B5C96D70EC621E9EB.d.9C1A282DE1CD47ACA0097B54052D923F.e.5324/click - {}
RESULT: {}
RESULT: {}
COMMAND: GET /session/8981aa63c4e1cf9ed36e4ba13e01d972/screenshot - {}
RESULT: {}
COMMAND: POST /session/8981aa63c4e1cf9ed36e4ba13e01d972/element - {"using":"xpath","value":"//div[contains(@id, \"smartFilterBar-filterItemControl_BASIC-YARD-valueHelpDialog-smartFilterBar-btnBasicSearch-reset\")]"}
RESULT: {"using":"xpath","value":"//div[contains(@id, \"smartFilterBar-filterItemControl_BASIC-YARD-valueHelpDialog-smartFilterBar-btnBasicSearch-reset\")]"}
COMMAND: POST /session/8981aa63c4e1cf9ed36e4ba13e01d972/element/f.5E8CFC1C9950487B5C96D70EC621E9EB.d.9C1A282DE1CD47ACA0097B54052D923F.e.5326/click - {}
RESULT: {}
RESULT: undefined
COMMAND: POST /session/8981aa63c4e1cf9ed36e4ba13e01d972/execute/async - {"script":"<script> [776 bytes]","args":[{"enterText":"OPA5_BST01_YARD1","selector":{"id":"application-ruinventorylist-display-component---Master--smartFilterBar-filterItemControl_BASIC-YARD-valueHelpDialog-smartFilterBar-btnBasicSearch","searchOpenDialogs":true,"interaction":{"idSuffix":"I"}},"clearTextFirst":true,"interactionType":"ENTER_TEXT"}]}
COMMAND: GET /session/8981aa63c4e1cf9ed36e4ba13e01d972/screenshot - {}
RESULT: {"script":"<script> [776 bytes]","args":[{"enterText":"OPA5_BST01_YARD1","selector":{"id":"application-ruinventorylist-display-component---Master--smartFilterBar-filterItemControl_BASIC-YARD-valueHelpDialog-smartFilterBar-btnBasicSearch","searchOpenDialogs":true,"interaction":{"idSuffix":"I"}},"clearTextFirst":true,"interactionType":"ENTER_TEXT"}]}
COMMAND: POST /session/8981aa63c4e1cf9ed36e4ba13e01d972/actions - {"actions":[{"id":"action22","type":"key","parameters":{},"actions":[{"type":"keyDown","value":"î€‡"},{"type":"pause","duration":10},{"type":"keyUp","value":"î€‡"}]}]}
RESULT: {}
RESULT: {"actions":[{"id":"action22","type":"key","parameters":{},"actions":[{"type":"keyDown","value":"î€‡"},{"type":"pause","duration":10},{"type":"keyUp","value":"î€‡"}]}]}
COMMAND: GET /session/8981aa63c4e1cf9ed36e4ba13e01d972/screenshot - {}
RESULT: {}
COMMAND: POST /session/8981aa63c4e1cf9ed36e4ba13e01d972/elements - {"using":"xpath","value":"//table[contains(@id, \"filterItemControl_BASIC-YARD-valueHelpDialog-table-table\")]/tbody/tr"}
RESULT: {"using":"xpath","value":"//table[contains(@id, \"filterItemControl_BASIC-YARD-valueHelpDialog-table-table\")]/tbody/tr"}
COMMAND: POST /session/8981aa63c4e1cf9ed36e4ba13e01d972/element - {"using":"xpath","value":"//table[contains(@id, \"filterItemControl_BASIC-YARD-valueHelpDialog-table-table\")]/tbody/tr[1]/td[1]/div/span"}
RESULT: {"using":"xpath","value":"//table[contains(@id, \"filterItemControl_BASIC-YARD-valueHelpDialog-table-table\")]/tbody/tr[1]/td[1]/div/span"}
COMMAND: POST /session/8981aa63c4e1cf9ed36e4ba13e01d972/elements - {"using":"xpath","value":"//table[contains(@id, \"filterItemControl_BASIC-YARD-valueHelpDialog-table-table\")]/tbody/tr[1]/td[1]/div/span"}
RESULT: {"using":"xpath","value":"//table[contains(@id, \"filterItemControl_BASIC-YARD-valueHelpDialog-table-table\")]/tbody/tr[1]/td[1]/div/span"}
COMMAND: POST /session/8981aa63c4e1cf9ed36e4ba13e01d972/execute/sync - {"script":"<script> [56 bytes]","args":[{"element-6066-11e4-a52e-4f735466cecf":"f.5E8CFC1C9950487B5C96D70EC621E9EB.d.9C1A282DE1CD47ACA0097B54052D923F.e.5323","ELEMENT":"f.5E8CFC1C9950487B5C96D70EC621E9EB.d.9C1A282DE1CD47ACA0097B54052D923F.e.5323"}]}
RESULT: {"script":"<script> [56 bytes]","args":[{"element-6066-11e4-a52e-4f735466cecf":"f.5E8CFC1C9950487B5C96D70EC621E9EB.d.9C1A282DE1CD47ACA0097B54052D923F.e.5323","ELEMENT":"f.5E8CFC1C9950487B5C96D70EC621E9EB.d.9C1A282DE1CD47ACA0097B54052D923F.e.5323"}]}
COMMAND: POST /session/8981aa63c4e1cf9ed36e4ba13e01d972/element - {"using":"xpath","value":"//div[contains(@id, \"filterItemControl_BASIC-YARD-valueHelpDialog-table-rowsel0\")]"}
COMMAND: GET /session/8981aa63c4e1cf9ed36e4ba13e01d972/screenshot - {}
RESULT: {"using":"xpath","value":"//div[contains(@id, \"filterItemControl_BASIC-YARD-valueHelpDialog-table-rowsel0\")]"}
COMMAND: POST /session/8981aa63c4e1cf9ed36e4ba13e01d972/element/f.5E8CFC1C9950487B5C96D70EC621E9EB.d.9C1A282DE1CD47ACA0097B54052D923F.e.5324/click - {}
RESULT: {}
RESULT: {}
COMMAND: GET /session/8981aa63c4e1cf9ed36e4ba13e01d972/screenshot - {}
RESULT: {}
COMMAND: POST /session/8981aa63c4e1cf9ed36e4ba13e01d972/element - {"using":"xpath","value":"(//bdi[contains(text(), \"OK\")])[1]"}
RESULT: {"using":"xpath","value":"(//bdi[contains(text(), \"OK\")])[1]"}
COMMAND: POST /session/8981aa63c4e1cf9ed36e4ba13e01d972/element/f.5E8CFC1C9950487B5C96D70EC621E9EB.d.9C1A282DE1CD47ACA0097B54052D923F.e.5327/click - {}
RESULT: {}
COMMAND: GET /session/8981aa63c4e1cf9ed36e4ba13e01d972/screenshot - {}
RESULT: {}
COMMAND: POST /session/8981aa63c4e1cf9ed36e4ba13e01d972/element - {"using":"xpath","value":"//span[@id=\"application-ruinventorylist-display-component---Master--smartTableRuInventoryList-header-inner\"]"}
RESULT: {"using":"xpath","value":"//span[@id=\"application-ruinventorylist-display-component---Master--smartTableRuInventoryList-header-inner\"]"}
COMMAND: POST /session/8981aa63c4e1cf9ed36e4ba13e01d972/elements - {"using":"xpath","value":"//span[@id=\"application-ruinventorylist-display-component---Master--smartTableRuInventoryList-header-inner\"]"}
RESULT: {"using":"xpath","value":"//span[@id=\"application-ruinventorylist-display-component---Master--smartTableRuInventoryList-header-inner\"]"}
COMMAND: POST /session/8981aa63c4e1cf9ed36e4ba13e01d972/execute/sync - {"script":"<script> [56 bytes]","args":[{"element-6066-11e4-a52e-4f735466cecf":"f.5E8CFC1C9950487B5C96D70EC621E9EB.d.9C1A282DE1CD47ACA0097B54052D923F.e.5477","ELEMENT":"f.5E8CFC1C9950487B5C96D70EC621E9EB.d.9C1A282DE1CD47ACA0097B54052D923F.e.5477"}]}
RESULT: {"script":"<script> [56 bytes]","args":[{"element-6066-11e4-a52e-4f735466cecf":"f.5E8CFC1C9950487B5C96D70EC621E9EB.d.9C1A282DE1CD47ACA0097B54052D923F.e.5477","ELEMENT":"f.5E8CFC1C9950487B5C96D70EC621E9EB.d.9C1A282DE1CD47ACA0097B54052D923F.e.5477"}]}
RESULT: undefined
COMMAND: POST /session/8981aa63c4e1cf9ed36e4ba13e01d972/execute/async - {"script":"<script> [776 bytes]","args":[{"enterText":"600002","selector":{"id":"application-ruinventorylist-display-component---Master--smartFilterBar-btnBasicSearch","interaction":{"idSuffix":"I"}},"clearTextFirst":true,"interactionType":"ENTER_TEXT"}]}
COMMAND: GET /session/8981aa63c4e1cf9ed36e4ba13e01d972/screenshot - {}
RESULT: {"script":"<script> [776 bytes]","args":[{"enterText":"600002","selector":{"id":"application-ruinventorylist-display-component---Master--smartFilterBar-btnBasicSearch","interaction":{"idSuffix":"I"}},"clearTextFirst":true,"interactionType":"ENTER_TEXT"}]}
COMMAND: POST /session/8981aa63c4e1cf9ed36e4ba13e01d972/actions - {"actions":[{"id":"action23","type":"key","parameters":{},"actions":[{"type":"keyDown","value":"î€‡"},{"type":"pause","duration":10},{"type":"keyUp","value":"î€‡"}]}]}
RESULT: {}
RESULT: {"actions":[{"id":"action23","type":"key","parameters":{},"actions":[{"type":"keyDown","value":"î€‡"},{"type":"pause","duration":10},{"type":"keyUp","value":"î€‡"}]}]}
COMMAND: GET /session/8981aa63c4e1cf9ed36e4ba13e01d972/screenshot - {}
RESULT: {}
COMMAND: POST /session/8981aa63c4e1cf9ed36e4ba13e01d972/element - {"using":"xpath","value":"//span[@id=\"application-ruinventorylist-display-component---Master--smartTableRuInventoryList-header-inner\"]"}
RESULT: {"using":"xpath","value":"//span[@id=\"application-ruinventorylist-display-component---Master--smartTableRuInventoryList-header-inner\"]"}
COMMAND: POST /session/8981aa63c4e1cf9ed36e4ba13e01d972/elements - {"using":"xpath","value":"//span[@id=\"application-ruinventorylist-display-component---Master--smartTableRuInventoryList-header-inner\"]"}
RESULT: {"using":"xpath","value":"//span[@id=\"application-ruinventorylist-display-component---Master--smartTableRuInventoryList-header-inner\"]"}
COMMAND: POST /session/8981aa63c4e1cf9ed36e4ba13e01d972/execute/sync - {"script":"<script> [56 bytes]","args":[{"element-6066-11e4-a52e-4f735466cecf":"f.5E8CFC1C9950487B5C96D70EC621E9EB.d.9C1A282DE1CD47ACA0097B54052D923F.e.5477","ELEMENT":"f.5E8CFC1C9950487B5C96D70EC621E9EB.d.9C1A282DE1CD47ACA0097B54052D923F.e.5477"}]}
RESULT: {"script":"<script> [56 bytes]","args":[{"element-6066-11e4-a52e-4f735466cecf":"f.5E8CFC1C9950487B5C96D70EC621E9EB.d.9C1A282DE1CD47ACA0097B54052D923F.e.5477","ELEMENT":"f.5E8CFC1C9950487B5C96D70EC621E9EB.d.9C1A282DE1CD47ACA0097B54052D923F.e.5477"}]}
COMMAND: POST /session/8981aa63c4e1cf9ed36e4ba13e01d972/element - {"using":"xpath","value":"//table[contains(@id, \"application-ruinventorylist-display-component---Master--tableRuInventoryList-listUl\")]/tbody/tr[1]/td[2]/div/div"}
COMMAND: GET /session/8981aa63c4e1cf9ed36e4ba13e01d972/screenshot - {}
RESULT: {"using":"xpath","value":"//table[contains(@id, \"application-ruinventorylist-display-component---Master--tableRuInventoryList-listUl\")]/tbody/tr[1]/td[2]/div/div"}
COMMAND: POST /session/8981aa63c4e1cf9ed36e4ba13e01d972/element/f.5E8CFC1C9950487B5C96D70EC621E9EB.d.9C1A282DE1CD47ACA0097B54052D923F.e.5483/click - {}
RESULT: {}
RESULT: {}
COMMAND: GET /session/8981aa63c4e1cf9ed36e4ba13e01d972/screenshot - {}
RESULT: {}
COMMAND: POST /session/8981aa63c4e1cf9ed36e4ba13e01d972/element - {"using":"xpath","value":"//div[contains(@id, \"smartFilterBar-btnBasicSearch-reset\")]"}
RESULT: {"using":"xpath","value":"//div[contains(@id, \"smartFilterBar-btnBasicSearch-reset\")]"}
COMMAND: POST /session/8981aa63c4e1cf9ed36e4ba13e01d972/element/f.5E8CFC1C9950487B5C96D70EC621E9EB.d.9C1A282DE1CD47ACA0097B54052D923F.e.5493/click - {}
RESULT: {}
COMMAND: GET /session/8981aa63c4e1cf9ed36e4ba13e01d972/screenshot - {}
RESULT: {}
RESULT: undefined
COMMAND: POST /session/8981aa63c4e1cf9ed36e4ba13e01d972/execute/async - {"script":"<script> [776 bytes]","args":[{"enterText":"401002","selector":{"id":"application-ruinventorylist-display-component---Master--smartFilterBar-btnBasicSearch","interaction":{"idSuffix":"I"}},"clearTextFirst":true,"interactionType":"ENTER_TEXT"}]}
RESULT: {"script":"<script> [776 bytes]","args":[{"enterText":"401002","selector":{"id":"application-ruinventorylist-display-component---Master--smartFilterBar-btnBasicSearch","interaction":{"idSuffix":"I"}},"clearTextFirst":true,"interactionType":"ENTER_TEXT"}]}
COMMAND: POST /session/8981aa63c4e1cf9ed36e4ba13e01d972/actions - {"actions":[{"id":"action24","type":"key","parameters":{},"actions":[{"type":"keyDown","value":"î€‡"},{"type":"pause","duration":10},{"type":"keyUp","value":"î€‡"}]}]}
RESULT: {"actions":[{"id":"action24","type":"key","parameters":{},"actions":[{"type":"keyDown","value":"î€‡"},{"type":"pause","duration":10},{"type":"keyUp","value":"î€‡"}]}]}
COMMAND: GET /session/8981aa63c4e1cf9ed36e4ba13e01d972/screenshot - {}
RESULT: {}
COMMAND: POST /session/8981aa63c4e1cf9ed36e4ba13e01d972/element - {"using":"xpath","value":"//span[@id=\"application-ruinventorylist-display-component---Master--smartTableRuInventoryList-header-inner\"]"}
RESULT: {"using":"xpath","value":"//span[@id=\"application-ruinventorylist-display-component---Master--smartTableRuInventoryList-header-inner\"]"}
COMMAND: POST /session/8981aa63c4e1cf9ed36e4ba13e01d972/elements - {"using":"xpath","value":"//span[@id=\"application-ruinventorylist-display-component---Master--smartTableRuInventoryList-header-inner\"]"}
RESULT: {"using":"xpath","value":"//span[@id=\"application-ruinventorylist-display-component---Master--smartTableRuInventoryList-header-inner\"]"}
COMMAND: POST /session/8981aa63c4e1cf9ed36e4ba13e01d972/execute/sync - {"script":"<script> [56 bytes]","args":[{"element-6066-11e4-a52e-4f735466cecf":"f.5E8CFC1C9950487B5C96D70EC621E9EB.d.9C1A282DE1CD47ACA0097B54052D923F.e.5477","ELEMENT":"f.5E8CFC1C9950487B5C96D70EC621E9EB.d.9C1A282DE1CD47ACA0097B54052D923F.e.5477"}]}
RESULT: {"script":"<script> [56 bytes]","args":[{"element-6066-11e4-a52e-4f735466cecf":"f.5E8CFC1C9950487B5C96D70EC621E9EB.d.9C1A282DE1CD47ACA0097B54052D923F.e.5477","ELEMENT":"f.5E8CFC1C9950487B5C96D70EC621E9EB.d.9C1A282DE1CD47ACA0097B54052D923F.e.5477"}]}
COMMAND: POST /session/8981aa63c4e1cf9ed36e4ba13e01d972/element - {"using":"xpath","value":"//table[contains(@id, \"application-ruinventorylist-display-component---Master--tableRuInventoryList-listUl\")]/tbody/tr[1]/td[2]/div/div"}
COMMAND: GET /session/8981aa63c4e1cf9ed36e4ba13e01d972/screenshot - {}
RESULT: {"using":"xpath","value":"//table[contains(@id, \"application-ruinventorylist-display-component---Master--tableRuInventoryList-listUl\")]/tbody/tr[1]/td[2]/div/div"}
COMMAND: POST /session/8981aa63c4e1cf9ed36e4ba13e01d972/element/f.5E8CFC1C9950487B5C96D70EC621E9EB.d.9C1A282DE1CD47ACA0097B54052D923F.e.5660/click - {}
RESULT: {}
RESULT: {}
COMMAND: GET /session/8981aa63c4e1cf9ed36e4ba13e01d972/screenshot - {}
RESULT: {}
COMMAND: POST /session/8981aa63c4e1cf9ed36e4ba13e01d972/element - {"using":"xpath","value":"//div[contains(@id, \"smartFilterBar-btnBasicSearch-reset\")]"}
RESULT: {"using":"xpath","value":"//div[contains(@id, \"smartFilterBar-btnBasicSearch-reset\")]"}
COMMAND: POST /session/8981aa63c4e1cf9ed36e4ba13e01d972/element/f.5E8CFC1C9950487B5C96D70EC621E9EB.d.9C1A282DE1CD47ACA0097B54052D923F.e.5493/click - {}
RESULT: {}
COMMAND: GET /session/8981aa63c4e1cf9ed36e4ba13e01d972/screenshot - {}
RESULT: {}
RESULT: undefined
COMMAND: POST /session/8981aa63c4e1cf9ed36e4ba13e01d972/execute/async - {"script":"<script> [776 bytes]","args":[{"enterText":"WAzJU8qnjO","selector":{"id":"application-ruinventorylist-display-component---Master--smartFilterBar-btnBasicSearch","interaction":{"idSuffix":"I"}},"clearTextFirst":true,"interactionType":"ENTER_TEXT"}]}
RESULT: {"script":"<script> [776 bytes]","args":[{"enterText":"WAzJU8qnjO","selector":{"id":"application-ruinventorylist-display-component---Master--smartFilterBar-btnBasicSearch","interaction":{"idSuffix":"I"}},"clearTextFirst":true,"interactionType":"ENTER_TEXT"}]}
COMMAND: POST /session/8981aa63c4e1cf9ed36e4ba13e01d972/actions - {"actions":[{"id":"action25","type":"key","parameters":{},"actions":[{"type":"keyDown","value":"î€‡"},{"type":"pause","duration":10},{"type":"keyUp","value":"î€‡"}]}]}
RESULT: {"actions":[{"id":"action25","type":"key","parameters":{},"actions":[{"type":"keyDown","value":"î€‡"},{"type":"pause","duration":10},{"type":"keyUp","value":"î€‡"}]}]}
COMMAND: GET /session/8981aa63c4e1cf9ed36e4ba13e01d972/screenshot - {}
RESULT: {}
COMMAND: POST /session/8981aa63c4e1cf9ed36e4ba13e01d972/element - {"using":"xpath","value":"//span[@id=\"application-ruinventorylist-display-component---Master--smartTableRuInventoryList-header-inner\"]"}
RESULT: {"using":"xpath","value":"//span[@id=\"application-ruinventorylist-display-component---Master--smartTableRuInventoryList-header-inner\"]"}
COMMAND: POST /session/8981aa63c4e1cf9ed36e4ba13e01d972/elements - {"using":"xpath","value":"//span[@id=\"application-ruinventorylist-display-component---Master--smartTableRuInventoryList-header-inner\"]"}
RESULT: {"using":"xpath","value":"//span[@id=\"application-ruinventorylist-display-component---Master--smartTableRuInventoryList-header-inner\"]"}
COMMAND: POST /session/8981aa63c4e1cf9ed36e4ba13e01d972/execute/sync - {"script":"<script> [56 bytes]","args":[{"element-6066-11e4-a52e-4f735466cecf":"f.5E8CFC1C9950487B5C96D70EC621E9EB.d.9C1A282DE1CD47ACA0097B54052D923F.e.5477","ELEMENT":"f.5E8CFC1C9950487B5C96D70EC621E9EB.d.9C1A282DE1CD47ACA0097B54052D923F.e.5477"}]}
RESULT: {"script":"<script> [56 bytes]","args":[{"element-6066-11e4-a52e-4f735466cecf":"f.5E8CFC1C9950487B5C96D70EC621E9EB.d.9C1A282DE1CD47ACA0097B54052D923F.e.5477","ELEMENT":"f.5E8CFC1C9950487B5C96D70EC621E9EB.d.9C1A282DE1CD47ACA0097B54052D923F.e.5477"}]}
COMMAND: POST /session/8981aa63c4e1cf9ed36e4ba13e01d972/element - {"using":"xpath","value":"//table[contains(@id, \"application-ruinventorylist-display-component---Master--tableRuInventoryList-listUl\")]/tbody/tr[1]/td[2]/div/div"}
COMMAND: GET /session/8981aa63c4e1cf9ed36e4ba13e01d972/screenshot - {}
RESULT: {"using":"xpath","value":"//table[contains(@id, \"application-ruinventorylist-display-component---Master--tableRuInventoryList-listUl\")]/tbody/tr[1]/td[2]/div/div"}
COMMAND: POST /session/8981aa63c4e1cf9ed36e4ba13e01d972/element/f.5E8CFC1C9950487B5C96D70EC621E9EB.d.9C1A282DE1CD47ACA0097B54052D923F.e.5838/click - {}
RESULT: {}
RESULT: {}
COMMAND: GET /session/8981aa63c4e1cf9ed36e4ba13e01d972/screenshot - {}
RESULT: {}
COMMAND: POST /session/8981aa63c4e1cf9ed36e4ba13e01d972/element - {"using":"xpath","value":"//div[contains(@id, \"smartFilterBar-btnBasicSearch-reset\")]"}
RESULT: {"using":"xpath","value":"//div[contains(@id, \"smartFilterBar-btnBasicSearch-reset\")]"}
COMMAND: POST /session/8981aa63c4e1cf9ed36e4ba13e01d972/element/f.5E8CFC1C9950487B5C96D70EC621E9EB.d.9C1A282DE1CD47ACA0097B54052D923F.e.5493/click - {}
RESULT: {}
COMMAND: GET /session/8981aa63c4e1cf9ed36e4ba13e01d972/screenshot - {}
RESULT: {}
RESULT: undefined
COMMAND: POST /session/8981aa63c4e1cf9ed36e4ba13e01d972/execute/async - {"script":"<script> [776 bytes]","args":[{"enterText":"200292","selector":{"id":"application-ruinventorylist-display-component---Master--smartFilterBar-btnBasicSearch","interaction":{"idSuffix":"I"}},"clearTextFirst":true,"interactionType":"ENTER_TEXT"}]}
RESULT: {"script":"<script> [776 bytes]","args":[{"enterText":"200292","selector":{"id":"application-ruinventorylist-display-component---Master--smartFilterBar-btnBasicSearch","interaction":{"idSuffix":"I"}},"clearTextFirst":true,"interactionType":"ENTER_TEXT"}]}
COMMAND: POST /session/8981aa63c4e1cf9ed36e4ba13e01d972/actions - {"actions":[{"id":"action26","type":"key","parameters":{},"actions":[{"type":"keyDown","value":"î€‡"},{"type":"pause","duration":10},{"type":"keyUp","value":"î€‡"}]}]}
RESULT: {"actions":[{"id":"action26","type":"key","parameters":{},"actions":[{"type":"keyDown","value":"î€‡"},{"type":"pause","duration":10},{"type":"keyUp","value":"î€‡"}]}]}
COMMAND: GET /session/8981aa63c4e1cf9ed36e4ba13e01d972/screenshot - {}
RESULT: {}
COMMAND: POST /session/8981aa63c4e1cf9ed36e4ba13e01d972/element - {"using":"xpath","value":"//span[@id=\"application-ruinventorylist-display-component---Master--smartTableRuInventoryList-header-inner\"]"}
RESULT: {"using":"xpath","value":"//span[@id=\"application-ruinventorylist-display-component---Master--smartTableRuInventoryList-header-inner\"]"}
COMMAND: POST /session/8981aa63c4e1cf9ed36e4ba13e01d972/elements - {"using":"xpath","value":"//span[@id=\"application-ruinventorylist-display-component---Master--smartTableRuInventoryList-header-inner\"]"}
RESULT: {"using":"xpath","value":"//span[@id=\"application-ruinventorylist-display-component---Master--smartTableRuInventoryList-header-inner\"]"}
COMMAND: POST /session/8981aa63c4e1cf9ed36e4ba13e01d972/execute/sync - {"script":"<script> [56 bytes]","args":[{"element-6066-11e4-a52e-4f735466cecf":"f.5E8CFC1C9950487B5C96D70EC621E9EB.d.9C1A282DE1CD47ACA0097B54052D923F.e.5477","ELEMENT":"f.5E8CFC1C9950487B5C96D70EC621E9EB.d.9C1A282DE1CD47ACA0097B54052D923F.e.5477"}]}
RESULT: {"script":"<script> [56 bytes]","args":[{"element-6066-11e4-a52e-4f735466cecf":"f.5E8CFC1C9950487B5C96D70EC621E9EB.d.9C1A282DE1CD47ACA0097B54052D923F.e.5477","ELEMENT":"f.5E8CFC1C9950487B5C96D70EC621E9EB.d.9C1A282DE1CD47ACA0097B54052D923F.e.5477"}]}
COMMAND: POST /session/8981aa63c4e1cf9ed36e4ba13e01d972/element - {"using":"xpath","value":"//table[contains(@id, \"application-ruinventorylist-display-component---Master--tableRuInventoryList-listUl\")]/tbody/tr[1]/td[2]/div/div"}
COMMAND: GET /session/8981aa63c4e1cf9ed36e4ba13e01d972/screenshot - {}
RESULT: {"using":"xpath","value":"//table[contains(@id, \"application-ruinventorylist-display-component---Master--tableRuInventoryList-listUl\")]/tbody/tr[1]/td[2]/div/div"}
COMMAND: POST /session/8981aa63c4e1cf9ed36e4ba13e01d972/element/f.5E8CFC1C9950487B5C96D70EC621E9EB.d.9C1A282DE1CD47ACA0097B54052D923F.e.6015/click - {}
RESULT: {}
RESULT: {}
COMMAND: GET /session/8981aa63c4e1cf9ed36e4ba13e01d972/screenshot - {}
RESULT: {}
COMMAND: POST /session/8981aa63c4e1cf9ed36e4ba13e01d972/element - {"using":"xpath","value":"//div[contains(@id, \"smartFilterBar-btnBasicSearch-reset\")]"}
RESULT: {"using":"xpath","value":"//div[contains(@id, \"smartFilterBar-btnBasicSearch-reset\")]"}
COMMAND: POST /session/8981aa63c4e1cf9ed36e4ba13e01d972/element/f.5E8CFC1C9950487B5C96D70EC621E9EB.d.9C1A282DE1CD47ACA0097B54052D923F.e.5493/click - {}
RESULT: {}
COMMAND: GET /session/8981aa63c4e1cf9ed36e4ba13e01d972/screenshot - {}
RESULT: {}
COMMAND: POST /session/8981aa63c4e1cf9ed36e4ba13e01d972/element/f.5E8CFC1C9950487B5C96D70EC621E9EB.d.9C1A282DE1CD47ACA0097B54052D923F.e.4884/click - {}
RESULT: {}
COMMAND: GET /session/8981aa63c4e1cf9ed36e4ba13e01d972/screenshot - {}
RESULT: {}
COMMAND: POST /session/8981aa63c4e1cf9ed36e4ba13e01d972/execute/async - {"script":"<script> [1562 bytes]","args":[{"selector":{"id":"application-ruinventorylist-display-component---Master--effectiveDate","searchOpenDialogs":true,"interaction":{"idSuffix":"inner"}},"wdio_ui5_key":"applicationruinventorylist-display-component---Master--effectiveDate"}]}
RESULT: {"script":"<script> [1562 bytes]","args":[{"selector":{"id":"application-ruinventorylist-display-component---Master--effectiveDate","searchOpenDialogs":true,"interaction":{"idSuffix":"inner"}},"wdio_ui5_key":"applicationruinventorylist-display-component---Master--effectiveDate"}]}
RESULT: undefined
COMMAND: POST /session/8981aa63c4e1cf9ed36e4ba13e01d972/execute/async - {"script":"<script> [776 bytes]","args":[{"enterText":"05/02/25","selector":{"id":"application-ruinventorylist-display-component---Master--effectiveDate","searchOpenDialogs":true,"interaction":{"idSuffix":"inner"}},"clearTextFirst":true,"interactionType":"ENTER_TEXT"}]}
RESULT: {"script":"<script> [776 bytes]","args":[{"enterText":"05/02/25","selector":{"id":"application-ruinventorylist-display-component---Master--effectiveDate","searchOpenDialogs":true,"interaction":{"idSuffix":"inner"}},"clearTextFirst":true,"interactionType":"ENTER_TEXT"}]}
COMMAND: POST /session/8981aa63c4e1cf9ed36e4ba13e01d972/element - {"using":"xpath","value":"//span[contains(@data-kt,\"correctionMassStateChangeIcon\")]"}
RESULT: {"using":"xpath","value":"//span[contains(@data-kt,\"correctionMassStateChangeIcon\")]"}
COMMAND: POST /session/8981aa63c4e1cf9ed36e4ba13e01d972/elements - {"using":"xpath","value":"//span[contains(@data-kt,\"correctionMassStateChangeIcon\")]"}
RESULT: {"using":"xpath","value":"//span[contains(@data-kt,\"correctionMassStateChangeIcon\")]"}
COMMAND: POST /session/8981aa63c4e1cf9ed36e4ba13e01d972/elements - {"using":"xpath","value":"//span[contains(@data-kt,\"correctionMassStateChangeIcon\")]"}
RESULT: {"using":"xpath","value":"//span[contains(@data-kt,\"correctionMassStateChangeIcon\")]"}
RESULT: undefined
COMMAND: POST /session/8981aa63c4e1cf9ed36e4ba13e01d972/element - {"using":"xpath","value":"//*[@id=\"application-ruinventorylist-display-component---Master--ruStateTypes-arrow\"]"}
RESULT: {"using":"xpath","value":"//*[@id=\"application-ruinventorylist-display-component---Master--ruStateTypes-arrow\"]"}
COMMAND: POST /session/8981aa63c4e1cf9ed36e4ba13e01d972/element/f.5E8CFC1C9950487B5C96D70EC621E9EB.d.9C1A282DE1CD47ACA0097B54052D923F.e.6227/click - {}
RESULT: {}
COMMAND: GET /session/8981aa63c4e1cf9ed36e4ba13e01d972/screenshot - {}
RESULT: {}
COMMAND: POST /session/8981aa63c4e1cf9ed36e4ba13e01d972/element - {"using":"xpath","value":"//li[.//span[text()=\"defect\"]]"}
RESULT: {"using":"xpath","value":"//li[.//span[text()=\"defect\"]]"}
COMMAND: POST /session/8981aa63c4e1cf9ed36e4ba13e01d972/element/f.5E8CFC1C9950487B5C96D70EC621E9EB.d.9C1A282DE1CD47ACA0097B54052D923F.e.6228/click - {}
RESULT: {}
COMMAND: GET /session/8981aa63c4e1cf9ed36e4ba13e01d972/screenshot - {}
RESULT: {}
COMMAND: POST /session/8981aa63c4e1cf9ed36e4ba13e01d972/element - {"using":"xpath","value":"(//bdi[contains(text(), \"OK\")])[1]"}
RESULT: {"using":"xpath","value":"(//bdi[contains(text(), \"OK\")])[1]"}
COMMAND: POST /session/8981aa63c4e1cf9ed36e4ba13e01d972/element/f.5E8CFC1C9950487B5C96D70EC621E9EB.d.9C1A282DE1CD47ACA0097B54052D923F.e.6229/click - {}
RESULT: {}
COMMAND: GET /session/8981aa63c4e1cf9ed36e4ba13e01d972/screenshot - {}
RESULT: {}
COMMAND: POST /session/8981aa63c4e1cf9ed36e4ba13e01d972/element - {"using":"css selector","value":"div.sapMMessageBoxError"}
RESULT: {"using":"css selector","value":"div.sapMMessageBoxError"}
COMMAND: POST /session/8981aa63c4e1cf9ed36e4ba13e01d972/elements - {"using":"css selector","value":"div.sapMMessageBoxError"}
RESULT: {"using":"css selector","value":"div.sapMMessageBoxError"}
COMMAND: POST /session/8981aa63c4e1cf9ed36e4ba13e01d972/element - {"using":"xpath","value":"//div[contains(@class, \"sapMMessageBoxError\")]/section/div/div/span"}
RESULT: {"using":"xpath","value":"//div[contains(@class, \"sapMMessageBoxError\")]/section/div/div/span"}
COMMAND: POST /session/8981aa63c4e1cf9ed36e4ba13e01d972/execute/sync - {"script":"<script> [56 bytes]","args":[{"element-6066-11e4-a52e-4f735466cecf":"f.5E8CFC1C9950487B5C96D70EC621E9EB.d.9C1A282DE1CD47ACA0097B54052D923F.e.6233","ELEMENT":"f.5E8CFC1C9950487B5C96D70EC621E9EB.d.9C1A282DE1CD47ACA0097B54052D923F.e.6233"}]}
RESULT: {"script":"<script> [56 bytes]","args":[{"element-6066-11e4-a52e-4f735466cecf":"f.5E8CFC1C9950487B5C96D70EC621E9EB.d.9C1A282DE1CD47ACA0097B54052D923F.e.6233","ELEMENT":"f.5E8CFC1C9950487B5C96D70EC621E9EB.d.9C1A282DE1CD47ACA0097B54052D923F.e.6233"}]}
COMMAND: POST /session/8981aa63c4e1cf9ed36e4ba13e01d972/element - {"using":"xpath","value":"(//bdi[contains(text(), \"Close\")])[1]"}
COMMAND: GET /session/8981aa63c4e1cf9ed36e4ba13e01d972/screenshot - {}
RESULT: {"using":"xpath","value":"(//bdi[contains(text(), \"Close\")])[1]"}
COMMAND: POST /session/8981aa63c4e1cf9ed36e4ba13e01d972/element/f.5E8CFC1C9950487B5C96D70EC621E9EB.d.9C1A282DE1CD47ACA0097B54052D923F.e.6234/click - {}
RESULT: {}
RESULT: {}
COMMAND: GET /session/8981aa63c4e1cf9ed36e4ba13e01d972/screenshot - {}
RESULT: {}
RESULT: undefined
COMMAND: POST /session/8981aa63c4e1cf9ed36e4ba13e01d972/execute/async - {"script":"<script> [776 bytes]","args":[{"enterText":"05/03/25","selector":{"id":"application-ruinventorylist-display-component---Master--effectiveDate","searchOpenDialogs":true,"interaction":{"idSuffix":"inner"}},"clearTextFirst":true,"interactionType":"ENTER_TEXT"}]}
RESULT: {"script":"<script> [776 bytes]","args":[{"enterText":"05/03/25","selector":{"id":"application-ruinventorylist-display-component---Master--effectiveDate","searchOpenDialogs":true,"interaction":{"idSuffix":"inner"}},"clearTextFirst":true,"interactionType":"ENTER_TEXT"}]}
COMMAND: POST /session/8981aa63c4e1cf9ed36e4ba13e01d972/element - {"using":"xpath","value":"(//bdi[contains(text(), \"OK\")])[1]"}
RESULT: {"using":"xpath","value":"(//bdi[contains(text(), \"OK\")])[1]"}
COMMAND: POST /session/8981aa63c4e1cf9ed36e4ba13e01d972/element/f.5E8CFC1C9950487B5C96D70EC621E9EB.d.9C1A282DE1CD47ACA0097B54052D923F.e.6229/click - {}
RESULT: {}
COMMAND: GET /session/8981aa63c4e1cf9ed36e4ba13e01d972/screenshot - {}
RESULT: {}
COMMAND: POST /session/8981aa63c4e1cf9ed36e4ba13e01d972/element - {"using":"xpath","value":"(//bdi[contains(text(), \"OK\")])[2]"}
RESULT: {"using":"xpath","value":"(//bdi[contains(text(), \"OK\")])[2]"}
COMMAND: POST /session/8981aa63c4e1cf9ed36e4ba13e01d972/element/f.5E8CFC1C9950487B5C96D70EC621E9EB.d.9C1A282DE1CD47ACA0097B54052D923F.e.6283/click - {}
RESULT: {}
COMMAND: GET /session/8981aa63c4e1cf9ed36e4ba13e01d972/screenshot - {}
RESULT: {}
RESULT: undefined
COMMAND: POST /session/8981aa63c4e1cf9ed36e4ba13e01d972/execute/async - {"script":"<script> [776 bytes]","args":[{"enterText":"600002","selector":{"id":"application-ruinventorylist-display-component---Master--smartFilterBar-btnBasicSearch","interaction":{"idSuffix":"I"}},"clearTextFirst":true,"interactionType":"ENTER_TEXT"}]}
RESULT: {"script":"<script> [776 bytes]","args":[{"enterText":"600002","selector":{"id":"application-ruinventorylist-display-component---Master--smartFilterBar-btnBasicSearch","interaction":{"idSuffix":"I"}},"clearTextFirst":true,"interactionType":"ENTER_TEXT"}]}
COMMAND: POST /session/8981aa63c4e1cf9ed36e4ba13e01d972/actions - {"actions":[{"id":"action27","type":"key","parameters":{},"actions":[{"type":"keyDown","value":"î€‡"},{"type":"pause","duration":10},{"type":"keyUp","value":"î€‡"}]}]}
RESULT: {"actions":[{"id":"action27","type":"key","parameters":{},"actions":[{"type":"keyDown","value":"î€‡"},{"type":"pause","duration":10},{"type":"keyUp","value":"î€‡"}]}]}
COMMAND: GET /session/8981aa63c4e1cf9ed36e4ba13e01d972/screenshot - {}
RESULT: {}
COMMAND: POST /session/8981aa63c4e1cf9ed36e4ba13e01d972/element - {"using":"xpath","value":"//span[@id=\"application-ruinventorylist-display-component---Master--smartTableRuInventoryList-header-inner\"]"}
RESULT: {"using":"xpath","value":"//span[@id=\"application-ruinventorylist-display-component---Master--smartTableRuInventoryList-header-inner\"]"}
COMMAND: POST /session/8981aa63c4e1cf9ed36e4ba13e01d972/elements - {"using":"xpath","value":"//span[@id=\"application-ruinventorylist-display-component---Master--smartTableRuInventoryList-header-inner\"]"}
RESULT: {"using":"xpath","value":"//span[@id=\"application-ruinventorylist-display-component---Master--smartTableRuInventoryList-header-inner\"]"}
COMMAND: POST /session/8981aa63c4e1cf9ed36e4ba13e01d972/execute/sync - {"script":"<script> [56 bytes]","args":[{"element-6066-11e4-a52e-4f735466cecf":"f.5E8CFC1C9950487B5C96D70EC621E9EB.d.9C1A282DE1CD47ACA0097B54052D923F.e.5477","ELEMENT":"f.5E8CFC1C9950487B5C96D70EC621E9EB.d.9C1A282DE1CD47ACA0097B54052D923F.e.5477"}]}
RESULT: {"script":"<script> [56 bytes]","args":[{"element-6066-11e4-a52e-4f735466cecf":"f.5E8CFC1C9950487B5C96D70EC621E9EB.d.9C1A282DE1CD47ACA0097B54052D923F.e.5477","ELEMENT":"f.5E8CFC1C9950487B5C96D70EC621E9EB.d.9C1A282DE1CD47ACA0097B54052D923F.e.5477"}]}
COMMAND: POST /session/8981aa63c4e1cf9ed36e4ba13e01d972/element - {"using":"xpath","value":"//table[contains(@id, \"application-ruinventorylist-display-component---Master--tableRuInventoryList-listUl\")]/tbody/tr[1]/td[6]/div/span"}
COMMAND: GET /session/8981aa63c4e1cf9ed36e4ba13e01d972/screenshot - {}
RESULT: {"using":"xpath","value":"//table[contains(@id, \"application-ruinventorylist-display-component---Master--tableRuInventoryList-listUl\")]/tbody/tr[1]/td[6]/div/span"}
COMMAND: POST /session/8981aa63c4e1cf9ed36e4ba13e01d972/execute/sync - {"script":"<script> [56 bytes]","args":[{"element-6066-11e4-a52e-4f735466cecf":"f.5E8CFC1C9950487B5C96D70EC621E9EB.d.9C1A282DE1CD47ACA0097B54052D923F.e.6305","ELEMENT":"f.5E8CFC1C9950487B5C96D70EC621E9EB.d.9C1A282DE1CD47ACA0097B54052D923F.e.6305"}]}
RESULT: {}
RESULT: {"script":"<script> [56 bytes]","args":[{"element-6066-11e4-a52e-4f735466cecf":"f.5E8CFC1C9950487B5C96D70EC621E9EB.d.9C1A282DE1CD47ACA0097B54052D923F.e.6305","ELEMENT":"f.5E8CFC1C9950487B5C96D70EC621E9EB.d.9C1A282DE1CD47ACA0097B54052D923F.e.6305"}]}
COMMAND: POST /session/8981aa63c4e1cf9ed36e4ba13e01d972/element - {"using":"xpath","value":"//div[contains(@id, \"smartFilterBar-btnBasicSearch-reset\")]"}
COMMAND: GET /session/8981aa63c4e1cf9ed36e4ba13e01d972/screenshot - {}
RESULT: {"using":"xpath","value":"//div[contains(@id, \"smartFilterBar-btnBasicSearch-reset\")]"}
COMMAND: POST /session/8981aa63c4e1cf9ed36e4ba13e01d972/element/f.5E8CFC1C9950487B5C96D70EC621E9EB.d.9C1A282DE1CD47ACA0097B54052D923F.e.5493/click - {}
RESULT: {}
RESULT: {}
COMMAND: GET /session/8981aa63c4e1cf9ed36e4ba13e01d972/screenshot - {}
RESULT: {}
RESULT: undefined
COMMAND: POST /session/8981aa63c4e1cf9ed36e4ba13e01d972/execute/async - {"script":"<script> [776 bytes]","args":[{"enterText":"401002","selector":{"id":"application-ruinventorylist-display-component---Master--smartFilterBar-btnBasicSearch","interaction":{"idSuffix":"I"}},"clearTextFirst":true,"interactionType":"ENTER_TEXT"}]}
RESULT: {"script":"<script> [776 bytes]","args":[{"enterText":"401002","selector":{"id":"application-ruinventorylist-display-component---Master--smartFilterBar-btnBasicSearch","interaction":{"idSuffix":"I"}},"clearTextFirst":true,"interactionType":"ENTER_TEXT"}]}
COMMAND: POST /session/8981aa63c4e1cf9ed36e4ba13e01d972/actions - {"actions":[{"id":"action28","type":"key","parameters":{},"actions":[{"type":"keyDown","value":"î€‡"},{"type":"pause","duration":10},{"type":"keyUp","value":"î€‡"}]}]}
RESULT: {"actions":[{"id":"action28","type":"key","parameters":{},"actions":[{"type":"keyDown","value":"î€‡"},{"type":"pause","duration":10},{"type":"keyUp","value":"î€‡"}]}]}
COMMAND: GET /session/8981aa63c4e1cf9ed36e4ba13e01d972/screenshot - {}
RESULT: {}
COMMAND: POST /session/8981aa63c4e1cf9ed36e4ba13e01d972/element - {"using":"xpath","value":"//span[@id=\"application-ruinventorylist-display-component---Master--smartTableRuInventoryList-header-inner\"]"}
RESULT: {"using":"xpath","value":"//span[@id=\"application-ruinventorylist-display-component---Master--smartTableRuInventoryList-header-inner\"]"}
COMMAND: POST /session/8981aa63c4e1cf9ed36e4ba13e01d972/elements - {"using":"xpath","value":"//span[@id=\"application-ruinventorylist-display-component---Master--smartTableRuInventoryList-header-inner\"]"}
RESULT: {"using":"xpath","value":"//span[@id=\"application-ruinventorylist-display-component---Master--smartTableRuInventoryList-header-inner\"]"}
COMMAND: POST /session/8981aa63c4e1cf9ed36e4ba13e01d972/execute/sync - {"script":"<script> [56 bytes]","args":[{"element-6066-11e4-a52e-4f735466cecf":"f.5E8CFC1C9950487B5C96D70EC621E9EB.d.9C1A282DE1CD47ACA0097B54052D923F.e.5477","ELEMENT":"f.5E8CFC1C9950487B5C96D70EC621E9EB.d.9C1A282DE1CD47ACA0097B54052D923F.e.5477"}]}
RESULT: {"script":"<script> [56 bytes]","args":[{"element-6066-11e4-a52e-4f735466cecf":"f.5E8CFC1C9950487B5C96D70EC621E9EB.d.9C1A282DE1CD47ACA0097B54052D923F.e.5477","ELEMENT":"f.5E8CFC1C9950487B5C96D70EC621E9EB.d.9C1A282DE1CD47ACA0097B54052D923F.e.5477"}]}
COMMAND: POST /session/8981aa63c4e1cf9ed36e4ba13e01d972/element - {"using":"xpath","value":"//table[contains(@id, \"application-ruinventorylist-display-component---Master--tableRuInventoryList-listUl\")]/tbody/tr[1]/td[6]/div/span"}
COMMAND: GET /session/8981aa63c4e1cf9ed36e4ba13e01d972/screenshot - {}
RESULT: {"using":"xpath","value":"//table[contains(@id, \"application-ruinventorylist-display-component---Master--tableRuInventoryList-listUl\")]/tbody/tr[1]/td[6]/div/span"}
COMMAND: POST /session/8981aa63c4e1cf9ed36e4ba13e01d972/execute/sync - {"script":"<script> [56 bytes]","args":[{"element-6066-11e4-a52e-4f735466cecf":"f.5E8CFC1C9950487B5C96D70EC621E9EB.d.9C1A282DE1CD47ACA0097B54052D923F.e.6400","ELEMENT":"f.5E8CFC1C9950487B5C96D70EC621E9EB.d.9C1A282DE1CD47ACA0097B54052D923F.e.6400"}]}
RESULT: {}
RESULT: {"script":"<script> [56 bytes]","args":[{"element-6066-11e4-a52e-4f735466cecf":"f.5E8CFC1C9950487B5C96D70EC621E9EB.d.9C1A282DE1CD47ACA0097B54052D923F.e.6400","ELEMENT":"f.5E8CFC1C9950487B5C96D70EC621E9EB.d.9C1A282DE1CD47ACA0097B54052D923F.e.6400"}]}
COMMAND: POST /session/8981aa63c4e1cf9ed36e4ba13e01d972/element - {"using":"xpath","value":"//div[contains(@id, \"smartFilterBar-btnBasicSearch-reset\")]"}
COMMAND: GET /session/8981aa63c4e1cf9ed36e4ba13e01d972/screenshot - {}
RESULT: {"using":"xpath","value":"//div[contains(@id, \"smartFilterBar-btnBasicSearch-reset\")]"}
COMMAND: POST /session/8981aa63c4e1cf9ed36e4ba13e01d972/element/f.5E8CFC1C9950487B5C96D70EC621E9EB.d.9C1A282DE1CD47ACA0097B54052D923F.e.5493/click - {}
RESULT: {}
RESULT: {}
COMMAND: GET /session/8981aa63c4e1cf9ed36e4ba13e01d972/screenshot - {}
RESULT: {}
RESULT: undefined
COMMAND: POST /session/8981aa63c4e1cf9ed36e4ba13e01d972/execute/async - {"script":"<script> [776 bytes]","args":[{"enterText":"WAzJU8qnjO","selector":{"id":"application-ruinventorylist-display-component---Master--smartFilterBar-btnBasicSearch","interaction":{"idSuffix":"I"}},"clearTextFirst":true,"interactionType":"ENTER_TEXT"}]}
RESULT: {"script":"<script> [776 bytes]","args":[{"enterText":"WAzJU8qnjO","selector":{"id":"application-ruinventorylist-display-component---Master--smartFilterBar-btnBasicSearch","interaction":{"idSuffix":"I"}},"clearTextFirst":true,"interactionType":"ENTER_TEXT"}]}
COMMAND: POST /session/8981aa63c4e1cf9ed36e4ba13e01d972/actions - {"actions":[{"id":"action29","type":"key","parameters":{},"actions":[{"type":"keyDown","value":"î€‡"},{"type":"pause","duration":10},{"type":"keyUp","value":"î€‡"}]}]}
RESULT: {"actions":[{"id":"action29","type":"key","parameters":{},"actions":[{"type":"keyDown","value":"î€‡"},{"type":"pause","duration":10},{"type":"keyUp","value":"î€‡"}]}]}
COMMAND: GET /session/8981aa63c4e1cf9ed36e4ba13e01d972/screenshot - {}
RESULT: {}
COMMAND: POST /session/8981aa63c4e1cf9ed36e4ba13e01d972/element - {"using":"xpath","value":"//span[@id=\"application-ruinventorylist-display-component---Master--smartTableRuInventoryList-header-inner\"]"}
RESULT: {"using":"xpath","value":"//span[@id=\"application-ruinventorylist-display-component---Master--smartTableRuInventoryList-header-inner\"]"}
COMMAND: POST /session/8981aa63c4e1cf9ed36e4ba13e01d972/elements - {"using":"xpath","value":"//span[@id=\"application-ruinventorylist-display-component---Master--smartTableRuInventoryList-header-inner\"]"}
RESULT: {"using":"xpath","value":"//span[@id=\"application-ruinventorylist-display-component---Master--smartTableRuInventoryList-header-inner\"]"}
COMMAND: POST /session/8981aa63c4e1cf9ed36e4ba13e01d972/execute/sync - {"script":"<script> [56 bytes]","args":[{"element-6066-11e4-a52e-4f735466cecf":"f.5E8CFC1C9950487B5C96D70EC621E9EB.d.9C1A282DE1CD47ACA0097B54052D923F.e.5477","ELEMENT":"f.5E8CFC1C9950487B5C96D70EC621E9EB.d.9C1A282DE1CD47ACA0097B54052D923F.e.5477"}]}
RESULT: {"script":"<script> [56 bytes]","args":[{"element-6066-11e4-a52e-4f735466cecf":"f.5E8CFC1C9950487B5C96D70EC621E9EB.d.9C1A282DE1CD47ACA0097B54052D923F.e.5477","ELEMENT":"f.5E8CFC1C9950487B5C96D70EC621E9EB.d.9C1A282DE1CD47ACA0097B54052D923F.e.5477"}]}
COMMAND: POST /session/8981aa63c4e1cf9ed36e4ba13e01d972/element - {"using":"xpath","value":"//table[contains(@id, \"application-ruinventorylist-display-component---Master--tableRuInventoryList-listUl\")]/tbody/tr[1]/td[6]/div/span"}
COMMAND: GET /session/8981aa63c4e1cf9ed36e4ba13e01d972/screenshot - {}
RESULT: {"using":"xpath","value":"//table[contains(@id, \"application-ruinventorylist-display-component---Master--tableRuInventoryList-listUl\")]/tbody/tr[1]/td[6]/div/span"}
COMMAND: POST /session/8981aa63c4e1cf9ed36e4ba13e01d972/execute/sync - {"script":"<script> [56 bytes]","args":[{"element-6066-11e4-a52e-4f735466cecf":"f.5E8CFC1C9950487B5C96D70EC621E9EB.d.9C1A282DE1CD47ACA0097B54052D923F.e.6495","ELEMENT":"f.5E8CFC1C9950487B5C96D70EC621E9EB.d.9C1A282DE1CD47ACA0097B54052D923F.e.6495"}]}
RESULT: {}
RESULT: {"script":"<script> [56 bytes]","args":[{"element-6066-11e4-a52e-4f735466cecf":"f.5E8CFC1C9950487B5C96D70EC621E9EB.d.9C1A282DE1CD47ACA0097B54052D923F.e.6495","ELEMENT":"f.5E8CFC1C9950487B5C96D70EC621E9EB.d.9C1A282DE1CD47ACA0097B54052D923F.e.6495"}]}
COMMAND: POST /session/8981aa63c4e1cf9ed36e4ba13e01d972/element - {"using":"xpath","value":"//div[contains(@id, \"smartFilterBar-btnBasicSearch-reset\")]"}
COMMAND: GET /session/8981aa63c4e1cf9ed36e4ba13e01d972/screenshot - {}
RESULT: {"using":"xpath","value":"//div[contains(@id, \"smartFilterBar-btnBasicSearch-reset\")]"}
COMMAND: POST /session/8981aa63c4e1cf9ed36e4ba13e01d972/element/f.5E8CFC1C9950487B5C96D70EC621E9EB.d.9C1A282DE1CD47ACA0097B54052D923F.e.5493/click - {}
RESULT: {}
RESULT: {}
COMMAND: GET /session/8981aa63c4e1cf9ed36e4ba13e01d972/screenshot - {}
RESULT: {}
RESULT: undefined
COMMAND: POST /session/8981aa63c4e1cf9ed36e4ba13e01d972/execute/async - {"script":"<script> [776 bytes]","args":[{"enterText":"200292","selector":{"id":"application-ruinventorylist-display-component---Master--smartFilterBar-btnBasicSearch","interaction":{"idSuffix":"I"}},"clearTextFirst":true,"interactionType":"ENTER_TEXT"}]}
RESULT: {"script":"<script> [776 bytes]","args":[{"enterText":"200292","selector":{"id":"application-ruinventorylist-display-component---Master--smartFilterBar-btnBasicSearch","interaction":{"idSuffix":"I"}},"clearTextFirst":true,"interactionType":"ENTER_TEXT"}]}
COMMAND: POST /session/8981aa63c4e1cf9ed36e4ba13e01d972/actions - {"actions":[{"id":"action30","type":"key","parameters":{},"actions":[{"type":"keyDown","value":"î€‡"},{"type":"pause","duration":10},{"type":"keyUp","value":"î€‡"}]}]}
RESULT: {"actions":[{"id":"action30","type":"key","parameters":{},"actions":[{"type":"keyDown","value":"î€‡"},{"type":"pause","duration":10},{"type":"keyUp","value":"î€‡"}]}]}
COMMAND: GET /session/8981aa63c4e1cf9ed36e4ba13e01d972/screenshot - {}
RESULT: {}
COMMAND: POST /session/8981aa63c4e1cf9ed36e4ba13e01d972/element - {"using":"xpath","value":"//span[@id=\"application-ruinventorylist-display-component---Master--smartTableRuInventoryList-header-inner\"]"}
RESULT: {"using":"xpath","value":"//span[@id=\"application-ruinventorylist-display-component---Master--smartTableRuInventoryList-header-inner\"]"}
COMMAND: POST /session/8981aa63c4e1cf9ed36e4ba13e01d972/elements - {"using":"xpath","value":"//span[@id=\"application-ruinventorylist-display-component---Master--smartTableRuInventoryList-header-inner\"]"}
RESULT: {"using":"xpath","value":"//span[@id=\"application-ruinventorylist-display-component---Master--smartTableRuInventoryList-header-inner\"]"}
COMMAND: POST /session/8981aa63c4e1cf9ed36e4ba13e01d972/execute/sync - {"script":"<script> [56 bytes]","args":[{"element-6066-11e4-a52e-4f735466cecf":"f.5E8CFC1C9950487B5C96D70EC621E9EB.d.9C1A282DE1CD47ACA0097B54052D923F.e.5477","ELEMENT":"f.5E8CFC1C9950487B5C96D70EC621E9EB.d.9C1A282DE1CD47ACA0097B54052D923F.e.5477"}]}
RESULT: {"script":"<script> [56 bytes]","args":[{"element-6066-11e4-a52e-4f735466cecf":"f.5E8CFC1C9950487B5C96D70EC621E9EB.d.9C1A282DE1CD47ACA0097B54052D923F.e.5477","ELEMENT":"f.5E8CFC1C9950487B5C96D70EC621E9EB.d.9C1A282DE1CD47ACA0097B54052D923F.e.5477"}]}
COMMAND: POST /session/8981aa63c4e1cf9ed36e4ba13e01d972/element - {"using":"xpath","value":"//table[contains(@id, \"application-ruinventorylist-display-component---Master--tableRuInventoryList-listUl\")]/tbody/tr[1]/td[6]/div/span"}
COMMAND: GET /session/8981aa63c4e1cf9ed36e4ba13e01d972/screenshot - {}
RESULT: {"using":"xpath","value":"//table[contains(@id, \"application-ruinventorylist-display-component---Master--tableRuInventoryList-listUl\")]/tbody/tr[1]/td[6]/div/span"}
COMMAND: POST /session/8981aa63c4e1cf9ed36e4ba13e01d972/execute/sync - {"script":"<script> [56 bytes]","args":[{"element-6066-11e4-a52e-4f735466cecf":"f.5E8CFC1C9950487B5C96D70EC621E9EB.d.9C1A282DE1CD47ACA0097B54052D923F.e.6589","ELEMENT":"f.5E8CFC1C9950487B5C96D70EC621E9EB.d.9C1A282DE1CD47ACA0097B54052D923F.e.6589"}]}
RESULT: {}
RESULT: {"script":"<script> [56 bytes]","args":[{"element-6066-11e4-a52e-4f735466cecf":"f.5E8CFC1C9950487B5C96D70EC621E9EB.d.9C1A282DE1CD47ACA0097B54052D923F.e.6589","ELEMENT":"f.5E8CFC1C9950487B5C96D70EC621E9EB.d.9C1A282DE1CD47ACA0097B54052D923F.e.6589"}]}
COMMAND: POST /session/8981aa63c4e1cf9ed36e4ba13e01d972/element - {"using":"xpath","value":"//div[contains(@id, \"smartFilterBar-btnBasicSearch-reset\")]"}
COMMAND: GET /session/8981aa63c4e1cf9ed36e4ba13e01d972/screenshot - {}
RESULT: {"using":"xpath","value":"//div[contains(@id, \"smartFilterBar-btnBasicSearch-reset\")]"}
COMMAND: POST /session/8981aa63c4e1cf9ed36e4ba13e01d972/element/f.5E8CFC1C9950487B5C96D70EC621E9EB.d.9C1A282DE1CD47ACA0097B54052D923F.e.5493/click - {}
RESULT: {}
RESULT: {}
COMMAND: GET /session/8981aa63c4e1cf9ed36e4ba13e01d972/screenshot - {}
RESULT: {}
COMMAND: POST /session/8981aa63c4e1cf9ed36e4ba13e01d972/element/f.5E8CFC1C9950487B5C96D70EC621E9EB.d.9C1A282DE1CD47ACA0097B54052D923F.e.4884/click - {}
RESULT: {}
COMMAND: GET /session/8981aa63c4e1cf9ed36e4ba13e01d972/screenshot - {}
RESULT: {}
RESULT: undefined
COMMAND: POST /session/8981aa63c4e1cf9ed36e4ba13e01d972/execute/async - {"script":"<script> [776 bytes]","args":[{"enterText":"600002","selector":{"id":"application-ruinventorylist-display-component---Master--smartFilterBar-btnBasicSearch","interaction":{"idSuffix":"I"}},"clearTextFirst":true,"interactionType":"ENTER_TEXT"}]}
RESULT: {"script":"<script> [776 bytes]","args":[{"enterText":"600002","selector":{"id":"application-ruinventorylist-display-component---Master--smartFilterBar-btnBasicSearch","interaction":{"idSuffix":"I"}},"clearTextFirst":true,"interactionType":"ENTER_TEXT"}]}
COMMAND: POST /session/8981aa63c4e1cf9ed36e4ba13e01d972/actions - {"actions":[{"id":"action31","type":"key","parameters":{},"actions":[{"type":"keyDown","value":"î€‡"},{"type":"pause","duration":10},{"type":"keyUp","value":"î€‡"}]}]}
RESULT: {"actions":[{"id":"action31","type":"key","parameters":{},"actions":[{"type":"keyDown","value":"î€‡"},{"type":"pause","duration":10},{"type":"keyUp","value":"î€‡"}]}]}
COMMAND: GET /session/8981aa63c4e1cf9ed36e4ba13e01d972/screenshot - {}
RESULT: {}
COMMAND: POST /session/8981aa63c4e1cf9ed36e4ba13e01d972/element - {"using":"xpath","value":"//span[@id=\"application-ruinventorylist-display-component---Master--smartTableRuInventoryList-header-inner\"]"}
RESULT: {"using":"xpath","value":"//span[@id=\"application-ruinventorylist-display-component---Master--smartTableRuInventoryList-header-inner\"]"}
COMMAND: POST /session/8981aa63c4e1cf9ed36e4ba13e01d972/elements - {"using":"xpath","value":"//span[@id=\"application-ruinventorylist-display-component---Master--smartTableRuInventoryList-header-inner\"]"}
RESULT: {"using":"xpath","value":"//span[@id=\"application-ruinventorylist-display-component---Master--smartTableRuInventoryList-header-inner\"]"}
COMMAND: POST /session/8981aa63c4e1cf9ed36e4ba13e01d972/execute/sync - {"script":"<script> [56 bytes]","args":[{"element-6066-11e4-a52e-4f735466cecf":"f.5E8CFC1C9950487B5C96D70EC621E9EB.d.9C1A282DE1CD47ACA0097B54052D923F.e.5477","ELEMENT":"f.5E8CFC1C9950487B5C96D70EC621E9EB.d.9C1A282DE1CD47ACA0097B54052D923F.e.5477"}]}
RESULT: {"script":"<script> [56 bytes]","args":[{"element-6066-11e4-a52e-4f735466cecf":"f.5E8CFC1C9950487B5C96D70EC621E9EB.d.9C1A282DE1CD47ACA0097B54052D923F.e.5477","ELEMENT":"f.5E8CFC1C9950487B5C96D70EC621E9EB.d.9C1A282DE1CD47ACA0097B54052D923F.e.5477"}]}
COMMAND: POST /session/8981aa63c4e1cf9ed36e4ba13e01d972/element - {"using":"xpath","value":"//table[contains(@id, \"application-ruinventorylist-display-component---Master--tableRuInventoryList-listUl\")]/tbody/tr[1]/td[2]/div/div"}
COMMAND: GET /session/8981aa63c4e1cf9ed36e4ba13e01d972/screenshot - {}
RESULT: {"using":"xpath","value":"//table[contains(@id, \"application-ruinventorylist-display-component---Master--tableRuInventoryList-listUl\")]/tbody/tr[1]/td[2]/div/div"}
COMMAND: POST /session/8981aa63c4e1cf9ed36e4ba13e01d972/element/f.5E8CFC1C9950487B5C96D70EC621E9EB.d.9C1A282DE1CD47ACA0097B54052D923F.e.6872/click - {}
RESULT: {}
RESULT: {}
COMMAND: GET /session/8981aa63c4e1cf9ed36e4ba13e01d972/screenshot - {}
RESULT: {}
COMMAND: POST /session/8981aa63c4e1cf9ed36e4ba13e01d972/element - {"using":"xpath","value":"//div[contains(@id, \"smartFilterBar-btnBasicSearch-reset\")]"}
RESULT: {"using":"xpath","value":"//div[contains(@id, \"smartFilterBar-btnBasicSearch-reset\")]"}
COMMAND: POST /session/8981aa63c4e1cf9ed36e4ba13e01d972/element/f.5E8CFC1C9950487B5C96D70EC621E9EB.d.9C1A282DE1CD47ACA0097B54052D923F.e.5493/click - {}
RESULT: {}
COMMAND: GET /session/8981aa63c4e1cf9ed36e4ba13e01d972/screenshot - {}
RESULT: {}
RESULT: undefined
COMMAND: POST /session/8981aa63c4e1cf9ed36e4ba13e01d972/execute/async - {"script":"<script> [776 bytes]","args":[{"enterText":"401002","selector":{"id":"application-ruinventorylist-display-component---Master--smartFilterBar-btnBasicSearch","interaction":{"idSuffix":"I"}},"clearTextFirst":true,"interactionType":"ENTER_TEXT"}]}
RESULT: {"script":"<script> [776 bytes]","args":[{"enterText":"401002","selector":{"id":"application-ruinventorylist-display-component---Master--smartFilterBar-btnBasicSearch","interaction":{"idSuffix":"I"}},"clearTextFirst":true,"interactionType":"ENTER_TEXT"}]}
COMMAND: POST /session/8981aa63c4e1cf9ed36e4ba13e01d972/actions - {"actions":[{"id":"action32","type":"key","parameters":{},"actions":[{"type":"keyDown","value":"î€‡"},{"type":"pause","duration":10},{"type":"keyUp","value":"î€‡"}]}]}
RESULT: {"actions":[{"id":"action32","type":"key","parameters":{},"actions":[{"type":"keyDown","value":"î€‡"},{"type":"pause","duration":10},{"type":"keyUp","value":"î€‡"}]}]}
COMMAND: GET /session/8981aa63c4e1cf9ed36e4ba13e01d972/screenshot - {}
RESULT: {}
COMMAND: POST /session/8981aa63c4e1cf9ed36e4ba13e01d972/element - {"using":"xpath","value":"//span[@id=\"application-ruinventorylist-display-component---Master--smartTableRuInventoryList-header-inner\"]"}
RESULT: {"using":"xpath","value":"//span[@id=\"application-ruinventorylist-display-component---Master--smartTableRuInventoryList-header-inner\"]"}
COMMAND: POST /session/8981aa63c4e1cf9ed36e4ba13e01d972/elements - {"using":"xpath","value":"//span[@id=\"application-ruinventorylist-display-component---Master--smartTableRuInventoryList-header-inner\"]"}
RESULT: {"using":"xpath","value":"//span[@id=\"application-ruinventorylist-display-component---Master--smartTableRuInventoryList-header-inner\"]"}
COMMAND: POST /session/8981aa63c4e1cf9ed36e4ba13e01d972/execute/sync - {"script":"<script> [56 bytes]","args":[{"element-6066-11e4-a52e-4f735466cecf":"f.5E8CFC1C9950487B5C96D70EC621E9EB.d.9C1A282DE1CD47ACA0097B54052D923F.e.5477","ELEMENT":"f.5E8CFC1C9950487B5C96D70EC621E9EB.d.9C1A282DE1CD47ACA0097B54052D923F.e.5477"}]}
RESULT: {"script":"<script> [56 bytes]","args":[{"element-6066-11e4-a52e-4f735466cecf":"f.5E8CFC1C9950487B5C96D70EC621E9EB.d.9C1A282DE1CD47ACA0097B54052D923F.e.5477","ELEMENT":"f.5E8CFC1C9950487B5C96D70EC621E9EB.d.9C1A282DE1CD47ACA0097B54052D923F.e.5477"}]}
COMMAND: POST /session/8981aa63c4e1cf9ed36e4ba13e01d972/element - {"using":"xpath","value":"//table[contains(@id, \"application-ruinventorylist-display-component---Master--tableRuInventoryList-listUl\")]/tbody/tr[1]/td[2]/div/div"}
COMMAND: GET /session/8981aa63c4e1cf9ed36e4ba13e01d972/screenshot - {}
RESULT: {"using":"xpath","value":"//table[contains(@id, \"application-ruinventorylist-display-component---Master--tableRuInventoryList-listUl\")]/tbody/tr[1]/td[2]/div/div"}
COMMAND: POST /session/8981aa63c4e1cf9ed36e4ba13e01d972/element/f.5E8CFC1C9950487B5C96D70EC621E9EB.d.9C1A282DE1CD47ACA0097B54052D923F.e.7051/click - {}
RESULT: {}
RESULT: {}
COMMAND: GET /session/8981aa63c4e1cf9ed36e4ba13e01d972/screenshot - {}
RESULT: {}
COMMAND: POST /session/8981aa63c4e1cf9ed36e4ba13e01d972/element - {"using":"xpath","value":"//div[contains(@id, \"smartFilterBar-btnBasicSearch-reset\")]"}
RESULT: {"using":"xpath","value":"//div[contains(@id, \"smartFilterBar-btnBasicSearch-reset\")]"}
COMMAND: POST /session/8981aa63c4e1cf9ed36e4ba13e01d972/element/f.5E8CFC1C9950487B5C96D70EC621E9EB.d.9C1A282DE1CD47ACA0097B54052D923F.e.5493/click - {}
RESULT: {}
COMMAND: GET /session/8981aa63c4e1cf9ed36e4ba13e01d972/screenshot - {}
RESULT: {}
RESULT: undefined
COMMAND: POST /session/8981aa63c4e1cf9ed36e4ba13e01d972/execute/async - {"script":"<script> [776 bytes]","args":[{"enterText":"WAzJU8qnjO","selector":{"id":"application-ruinventorylist-display-component---Master--smartFilterBar-btnBasicSearch","interaction":{"idSuffix":"I"}},"clearTextFirst":true,"interactionType":"ENTER_TEXT"}]}
RESULT: {"script":"<script> [776 bytes]","args":[{"enterText":"WAzJU8qnjO","selector":{"id":"application-ruinventorylist-display-component---Master--smartFilterBar-btnBasicSearch","interaction":{"idSuffix":"I"}},"clearTextFirst":true,"interactionType":"ENTER_TEXT"}]}
COMMAND: POST /session/8981aa63c4e1cf9ed36e4ba13e01d972/actions - {"actions":[{"id":"action33","type":"key","parameters":{},"actions":[{"type":"keyDown","value":"î€‡"},{"type":"pause","duration":10},{"type":"keyUp","value":"î€‡"}]}]}
RESULT: {"actions":[{"id":"action33","type":"key","parameters":{},"actions":[{"type":"keyDown","value":"î€‡"},{"type":"pause","duration":10},{"type":"keyUp","value":"î€‡"}]}]}
COMMAND: GET /session/8981aa63c4e1cf9ed36e4ba13e01d972/screenshot - {}
RESULT: {}
COMMAND: POST /session/8981aa63c4e1cf9ed36e4ba13e01d972/element - {"using":"xpath","value":"//span[@id=\"application-ruinventorylist-display-component---Master--smartTableRuInventoryList-header-inner\"]"}
RESULT: {"using":"xpath","value":"//span[@id=\"application-ruinventorylist-display-component---Master--smartTableRuInventoryList-header-inner\"]"}
COMMAND: POST /session/8981aa63c4e1cf9ed36e4ba13e01d972/elements - {"using":"xpath","value":"//span[@id=\"application-ruinventorylist-display-component---Master--smartTableRuInventoryList-header-inner\"]"}
RESULT: {"using":"xpath","value":"//span[@id=\"application-ruinventorylist-display-component---Master--smartTableRuInventoryList-header-inner\"]"}
COMMAND: POST /session/8981aa63c4e1cf9ed36e4ba13e01d972/execute/sync - {"script":"<script> [56 bytes]","args":[{"element-6066-11e4-a52e-4f735466cecf":"f.5E8CFC1C9950487B5C96D70EC621E9EB.d.9C1A282DE1CD47ACA0097B54052D923F.e.5477","ELEMENT":"f.5E8CFC1C9950487B5C96D70EC621E9EB.d.9C1A282DE1CD47ACA0097B54052D923F.e.5477"}]}
RESULT: {"script":"<script> [56 bytes]","args":[{"element-6066-11e4-a52e-4f735466cecf":"f.5E8CFC1C9950487B5C96D70EC621E9EB.d.9C1A282DE1CD47ACA0097B54052D923F.e.5477","ELEMENT":"f.5E8CFC1C9950487B5C96D70EC621E9EB.d.9C1A282DE1CD47ACA0097B54052D923F.e.5477"}]}
COMMAND: POST /session/8981aa63c4e1cf9ed36e4ba13e01d972/element - {"using":"xpath","value":"//table[contains(@id, \"application-ruinventorylist-display-component---Master--tableRuInventoryList-listUl\")]/tbody/tr[1]/td[2]/div/div"}
COMMAND: GET /session/8981aa63c4e1cf9ed36e4ba13e01d972/screenshot - {}
RESULT: {"using":"xpath","value":"//table[contains(@id, \"application-ruinventorylist-display-component---Master--tableRuInventoryList-listUl\")]/tbody/tr[1]/td[2]/div/div"}
COMMAND: POST /session/8981aa63c4e1cf9ed36e4ba13e01d972/element/f.5E8CFC1C9950487B5C96D70EC621E9EB.d.9C1A282DE1CD47ACA0097B54052D923F.e.7226/click - {}
RESULT: {}
RESULT: {}
COMMAND: GET /session/8981aa63c4e1cf9ed36e4ba13e01d972/screenshot - {}
RESULT: {}
COMMAND: POST /session/8981aa63c4e1cf9ed36e4ba13e01d972/element - {"using":"xpath","value":"//div[contains(@id, \"smartFilterBar-btnBasicSearch-reset\")]"}
RESULT: {"using":"xpath","value":"//div[contains(@id, \"smartFilterBar-btnBasicSearch-reset\")]"}
COMMAND: POST /session/8981aa63c4e1cf9ed36e4ba13e01d972/element/f.5E8CFC1C9950487B5C96D70EC621E9EB.d.9C1A282DE1CD47ACA0097B54052D923F.e.5493/click - {}
RESULT: {}
COMMAND: GET /session/8981aa63c4e1cf9ed36e4ba13e01d972/screenshot - {}
RESULT: {}
RESULT: undefined
COMMAND: POST /session/8981aa63c4e1cf9ed36e4ba13e01d972/execute/async - {"script":"<script> [776 bytes]","args":[{"enterText":"200292","selector":{"id":"application-ruinventorylist-display-component---Master--smartFilterBar-btnBasicSearch","interaction":{"idSuffix":"I"}},"clearTextFirst":true,"interactionType":"ENTER_TEXT"}]}
RESULT: {"script":"<script> [776 bytes]","args":[{"enterText":"200292","selector":{"id":"application-ruinventorylist-display-component---Master--smartFilterBar-btnBasicSearch","interaction":{"idSuffix":"I"}},"clearTextFirst":true,"interactionType":"ENTER_TEXT"}]}
COMMAND: POST /session/8981aa63c4e1cf9ed36e4ba13e01d972/actions - {"actions":[{"id":"action34","type":"key","parameters":{},"actions":[{"type":"keyDown","value":"î€‡"},{"type":"pause","duration":10},{"type":"keyUp","value":"î€‡"}]}]}
RESULT: {"actions":[{"id":"action34","type":"key","parameters":{},"actions":[{"type":"keyDown","value":"î€‡"},{"type":"pause","duration":10},{"type":"keyUp","value":"î€‡"}]}]}
COMMAND: GET /session/8981aa63c4e1cf9ed36e4ba13e01d972/screenshot - {}
RESULT: {}
COMMAND: POST /session/8981aa63c4e1cf9ed36e4ba13e01d972/element - {"using":"xpath","value":"//span[@id=\"application-ruinventorylist-display-component---Master--smartTableRuInventoryList-header-inner\"]"}
RESULT: {"using":"xpath","value":"//span[@id=\"application-ruinventorylist-display-component---Master--smartTableRuInventoryList-header-inner\"]"}
COMMAND: POST /session/8981aa63c4e1cf9ed36e4ba13e01d972/elements - {"using":"xpath","value":"//span[@id=\"application-ruinventorylist-display-component---Master--smartTableRuInventoryList-header-inner\"]"}
RESULT: {"using":"xpath","value":"//span[@id=\"application-ruinventorylist-display-component---Master--smartTableRuInventoryList-header-inner\"]"}
COMMAND: POST /session/8981aa63c4e1cf9ed36e4ba13e01d972/execute/sync - {"script":"<script> [56 bytes]","args":[{"element-6066-11e4-a52e-4f735466cecf":"f.5E8CFC1C9950487B5C96D70EC621E9EB.d.9C1A282DE1CD47ACA0097B54052D923F.e.5477","ELEMENT":"f.5E8CFC1C9950487B5C96D70EC621E9EB.d.9C1A282DE1CD47ACA0097B54052D923F.e.5477"}]}
RESULT: {"script":"<script> [56 bytes]","args":[{"element-6066-11e4-a52e-4f735466cecf":"f.5E8CFC1C9950487B5C96D70EC621E9EB.d.9C1A282DE1CD47ACA0097B54052D923F.e.5477","ELEMENT":"f.5E8CFC1C9950487B5C96D70EC621E9EB.d.9C1A282DE1CD47ACA0097B54052D923F.e.5477"}]}
COMMAND: POST /session/8981aa63c4e1cf9ed36e4ba13e01d972/element - {"using":"xpath","value":"//table[contains(@id, \"application-ruinventorylist-display-component---Master--tableRuInventoryList-listUl\")]/tbody/tr[1]/td[2]/div/div"}
COMMAND: GET /session/8981aa63c4e1cf9ed36e4ba13e01d972/screenshot - {}
RESULT: {"using":"xpath","value":"//table[contains(@id, \"application-ruinventorylist-display-component---Master--tableRuInventoryList-listUl\")]/tbody/tr[1]/td[2]/div/div"}
COMMAND: POST /session/8981aa63c4e1cf9ed36e4ba13e01d972/element/f.5E8CFC1C9950487B5C96D70EC621E9EB.d.9C1A282DE1CD47ACA0097B54052D923F.e.7402/click - {}
RESULT: {}
RESULT: {}
COMMAND: GET /session/8981aa63c4e1cf9ed36e4ba13e01d972/screenshot - {}
RESULT: {}
COMMAND: POST /session/8981aa63c4e1cf9ed36e4ba13e01d972/element - {"using":"xpath","value":"//div[contains(@id, \"smartFilterBar-btnBasicSearch-reset\")]"}
RESULT: {"using":"xpath","value":"//div[contains(@id, \"smartFilterBar-btnBasicSearch-reset\")]"}
COMMAND: POST /session/8981aa63c4e1cf9ed36e4ba13e01d972/element/f.5E8CFC1C9950487B5C96D70EC621E9EB.d.9C1A282DE1CD47ACA0097B54052D923F.e.5493/click - {}
RESULT: {}
COMMAND: GET /session/8981aa63c4e1cf9ed36e4ba13e01d972/screenshot - {}
RESULT: {}
COMMAND: POST /session/8981aa63c4e1cf9ed36e4ba13e01d972/element/f.5E8CFC1C9950487B5C96D70EC621E9EB.d.9C1A282DE1CD47ACA0097B54052D923F.e.4884/click - {}
RESULT: {}
COMMAND: GET /session/8981aa63c4e1cf9ed36e4ba13e01d972/screenshot - {}
RESULT: {}
RESULT: undefined
COMMAND: POST /session/8981aa63c4e1cf9ed36e4ba13e01d972/element - {"using":"xpath","value":"//*[@id=\"application-ruinventorylist-display-component---Master--ruStateTypes-arrow\"]"}
RESULT: {"using":"xpath","value":"//*[@id=\"application-ruinventorylist-display-component---Master--ruStateTypes-arrow\"]"}
COMMAND: POST /session/8981aa63c4e1cf9ed36e4ba13e01d972/element/f.5E8CFC1C9950487B5C96D70EC621E9EB.d.9C1A282DE1CD47ACA0097B54052D923F.e.7601/click - {}
RESULT: {}
COMMAND: GET /session/8981aa63c4e1cf9ed36e4ba13e01d972/screenshot - {}
RESULT: {}
COMMAND: POST /session/8981aa63c4e1cf9ed36e4ba13e01d972/element - {"using":"xpath","value":"//li[.//span[text()=\"available\"]]"}
RESULT: {"using":"xpath","value":"//li[.//span[text()=\"available\"]]"}
COMMAND: POST /session/8981aa63c4e1cf9ed36e4ba13e01d972/element/f.5E8CFC1C9950487B5C96D70EC621E9EB.d.9C1A282DE1CD47ACA0097B54052D923F.e.7602/click - {}
RESULT: {}
COMMAND: GET /session/8981aa63c4e1cf9ed36e4ba13e01d972/screenshot - {}
RESULT: {}
COMMAND: POST /session/8981aa63c4e1cf9ed36e4ba13e01d972/element - {"using":"xpath","value":"(//bdi[contains(text(), \"OK\")])[1]"}
RESULT: {"using":"xpath","value":"(//bdi[contains(text(), \"OK\")])[1]"}
COMMAND: POST /session/8981aa63c4e1cf9ed36e4ba13e01d972/element/f.5E8CFC1C9950487B5C96D70EC621E9EB.d.9C1A282DE1CD47ACA0097B54052D923F.e.7603/click - {}
RESULT: {}
COMMAND: GET /session/8981aa63c4e1cf9ed36e4ba13e01d972/screenshot - {}
RESULT: {}
COMMAND: POST /session/8981aa63c4e1cf9ed36e4ba13e01d972/element - {"using":"xpath","value":"(//bdi[contains(text(), \"OK\")])[2]"}
RESULT: {"using":"xpath","value":"(//bdi[contains(text(), \"OK\")])[2]"}
COMMAND: POST /session/8981aa63c4e1cf9ed36e4ba13e01d972/element/f.5E8CFC1C9950487B5C96D70EC621E9EB.d.9C1A282DE1CD47ACA0097B54052D923F.e.7607/click - {}
RESULT: {}
COMMAND: GET /session/8981aa63c4e1cf9ed36e4ba13e01d972/screenshot - {}
RESULT: {}
RESULT: undefined
COMMAND: POST /session/8981aa63c4e1cf9ed36e4ba13e01d972/execute/async - {"script":"<script> [776 bytes]","args":[{"enterText":"600002","selector":{"id":"application-ruinventorylist-display-component---Master--smartFilterBar-btnBasicSearch","interaction":{"idSuffix":"I"}},"clearTextFirst":true,"interactionType":"ENTER_TEXT"}]}
RESULT: {"script":"<script> [776 bytes]","args":[{"enterText":"600002","selector":{"id":"application-ruinventorylist-display-component---Master--smartFilterBar-btnBasicSearch","interaction":{"idSuffix":"I"}},"clearTextFirst":true,"interactionType":"ENTER_TEXT"}]}
COMMAND: POST /session/8981aa63c4e1cf9ed36e4ba13e01d972/actions - {"actions":[{"id":"action35","type":"key","parameters":{},"actions":[{"type":"keyDown","value":"î€‡"},{"type":"pause","duration":10},{"type":"keyUp","value":"î€‡"}]}]}
RESULT: {"actions":[{"id":"action35","type":"key","parameters":{},"actions":[{"type":"keyDown","value":"î€‡"},{"type":"pause","duration":10},{"type":"keyUp","value":"î€‡"}]}]}
COMMAND: GET /session/8981aa63c4e1cf9ed36e4ba13e01d972/screenshot - {}
RESULT: {}
COMMAND: POST /session/8981aa63c4e1cf9ed36e4ba13e01d972/element - {"using":"xpath","value":"//span[@id=\"application-ruinventorylist-display-component---Master--smartTableRuInventoryList-header-inner\"]"}
RESULT: {"using":"xpath","value":"//span[@id=\"application-ruinventorylist-display-component---Master--smartTableRuInventoryList-header-inner\"]"}
COMMAND: POST /session/8981aa63c4e1cf9ed36e4ba13e01d972/elements - {"using":"xpath","value":"//span[@id=\"application-ruinventorylist-display-component---Master--smartTableRuInventoryList-header-inner\"]"}
RESULT: {"using":"xpath","value":"//span[@id=\"application-ruinventorylist-display-component---Master--smartTableRuInventoryList-header-inner\"]"}
COMMAND: POST /session/8981aa63c4e1cf9ed36e4ba13e01d972/execute/sync - {"script":"<script> [56 bytes]","args":[{"element-6066-11e4-a52e-4f735466cecf":"f.5E8CFC1C9950487B5C96D70EC621E9EB.d.9C1A282DE1CD47ACA0097B54052D923F.e.5477","ELEMENT":"f.5E8CFC1C9950487B5C96D70EC621E9EB.d.9C1A282DE1CD47ACA0097B54052D923F.e.5477"}]}
RESULT: {"script":"<script> [56 bytes]","args":[{"element-6066-11e4-a52e-4f735466cecf":"f.5E8CFC1C9950487B5C96D70EC621E9EB.d.9C1A282DE1CD47ACA0097B54052D923F.e.5477","ELEMENT":"f.5E8CFC1C9950487B5C96D70EC621E9EB.d.9C1A282DE1CD47ACA0097B54052D923F.e.5477"}]}
COMMAND: POST /session/8981aa63c4e1cf9ed36e4ba13e01d972/element - {"using":"xpath","value":"//table[contains(@id, \"application-ruinventorylist-display-component---Master--tableRuInventoryList-listUl\")]/tbody/tr[1]/td[6]/div/span"}
COMMAND: GET /session/8981aa63c4e1cf9ed36e4ba13e01d972/screenshot - {}
RESULT: {"using":"xpath","value":"//table[contains(@id, \"application-ruinventorylist-display-component---Master--tableRuInventoryList-listUl\")]/tbody/tr[1]/td[6]/div/span"}
COMMAND: POST /session/8981aa63c4e1cf9ed36e4ba13e01d972/execute/sync - {"script":"<script> [56 bytes]","args":[{"element-6066-11e4-a52e-4f735466cecf":"f.5E8CFC1C9950487B5C96D70EC621E9EB.d.9C1A282DE1CD47ACA0097B54052D923F.e.7625","ELEMENT":"f.5E8CFC1C9950487B5C96D70EC621E9EB.d.9C1A282DE1CD47ACA0097B54052D923F.e.7625"}]}
RESULT: {}
RESULT: {"script":"<script> [56 bytes]","args":[{"element-6066-11e4-a52e-4f735466cecf":"f.5E8CFC1C9950487B5C96D70EC621E9EB.d.9C1A282DE1CD47ACA0097B54052D923F.e.7625","ELEMENT":"f.5E8CFC1C9950487B5C96D70EC621E9EB.d.9C1A282DE1CD47ACA0097B54052D923F.e.7625"}]}
COMMAND: POST /session/8981aa63c4e1cf9ed36e4ba13e01d972/element - {"using":"xpath","value":"//div[contains(@id, \"smartFilterBar-btnBasicSearch-reset\")]"}
COMMAND: GET /session/8981aa63c4e1cf9ed36e4ba13e01d972/screenshot - {}
RESULT: {"using":"xpath","value":"//div[contains(@id, \"smartFilterBar-btnBasicSearch-reset\")]"}
COMMAND: POST /session/8981aa63c4e1cf9ed36e4ba13e01d972/element/f.5E8CFC1C9950487B5C96D70EC621E9EB.d.9C1A282DE1CD47ACA0097B54052D923F.e.5493/click - {}
RESULT: {}
RESULT: {}
COMMAND: GET /session/8981aa63c4e1cf9ed36e4ba13e01d972/screenshot - {}
RESULT: {}
RESULT: undefined
COMMAND: POST /session/8981aa63c4e1cf9ed36e4ba13e01d972/execute/async - {"script":"<script> [776 bytes]","args":[{"enterText":"401002","selector":{"id":"application-ruinventorylist-display-component---Master--smartFilterBar-btnBasicSearch","interaction":{"idSuffix":"I"}},"clearTextFirst":true,"interactionType":"ENTER_TEXT"}]}
RESULT: {"script":"<script> [776 bytes]","args":[{"enterText":"401002","selector":{"id":"application-ruinventorylist-display-component---Master--smartFilterBar-btnBasicSearch","interaction":{"idSuffix":"I"}},"clearTextFirst":true,"interactionType":"ENTER_TEXT"}]}
COMMAND: POST /session/8981aa63c4e1cf9ed36e4ba13e01d972/actions - {"actions":[{"id":"action36","type":"key","parameters":{},"actions":[{"type":"keyDown","value":"î€‡"},{"type":"pause","duration":10},{"type":"keyUp","value":"î€‡"}]}]}
RESULT: {"actions":[{"id":"action36","type":"key","parameters":{},"actions":[{"type":"keyDown","value":"î€‡"},{"type":"pause","duration":10},{"type":"keyUp","value":"î€‡"}]}]}
COMMAND: GET /session/8981aa63c4e1cf9ed36e4ba13e01d972/screenshot - {}
RESULT: {}
COMMAND: POST /session/8981aa63c4e1cf9ed36e4ba13e01d972/element - {"using":"xpath","value":"//span[@id=\"application-ruinventorylist-display-component---Master--smartTableRuInventoryList-header-inner\"]"}
RESULT: {"using":"xpath","value":"//span[@id=\"application-ruinventorylist-display-component---Master--smartTableRuInventoryList-header-inner\"]"}
COMMAND: POST /session/8981aa63c4e1cf9ed36e4ba13e01d972/elements - {"using":"xpath","value":"//span[@id=\"application-ruinventorylist-display-component---Master--smartTableRuInventoryList-header-inner\"]"}
RESULT: {"using":"xpath","value":"//span[@id=\"application-ruinventorylist-display-component---Master--smartTableRuInventoryList-header-inner\"]"}
COMMAND: POST /session/8981aa63c4e1cf9ed36e4ba13e01d972/execute/sync - {"script":"<script> [56 bytes]","args":[{"element-6066-11e4-a52e-4f735466cecf":"f.5E8CFC1C9950487B5C96D70EC621E9EB.d.9C1A282DE1CD47ACA0097B54052D923F.e.5477","ELEMENT":"f.5E8CFC1C9950487B5C96D70EC621E9EB.d.9C1A282DE1CD47ACA0097B54052D923F.e.5477"}]}
RESULT: {"script":"<script> [56 bytes]","args":[{"element-6066-11e4-a52e-4f735466cecf":"f.5E8CFC1C9950487B5C96D70EC621E9EB.d.9C1A282DE1CD47ACA0097B54052D923F.e.5477","ELEMENT":"f.5E8CFC1C9950487B5C96D70EC621E9EB.d.9C1A282DE1CD47ACA0097B54052D923F.e.5477"}]}
COMMAND: POST /session/8981aa63c4e1cf9ed36e4ba13e01d972/element - {"using":"xpath","value":"//table[contains(@id, \"application-ruinventorylist-display-component---Master--tableRuInventoryList-listUl\")]/tbody/tr[1]/td[6]/div/span"}
COMMAND: GET /session/8981aa63c4e1cf9ed36e4ba13e01d972/screenshot - {}
RESULT: {"using":"xpath","value":"//table[contains(@id, \"application-ruinventorylist-display-component---Master--tableRuInventoryList-listUl\")]/tbody/tr[1]/td[6]/div/span"}
COMMAND: POST /session/8981aa63c4e1cf9ed36e4ba13e01d972/execute/sync - {"script":"<script> [56 bytes]","args":[{"element-6066-11e4-a52e-4f735466cecf":"f.5E8CFC1C9950487B5C96D70EC621E9EB.d.9C1A282DE1CD47ACA0097B54052D923F.e.7723","ELEMENT":"f.5E8CFC1C9950487B5C96D70EC621E9EB.d.9C1A282DE1CD47ACA0097B54052D923F.e.7723"}]}
RESULT: {}
RESULT: {"script":"<script> [56 bytes]","args":[{"element-6066-11e4-a52e-4f735466cecf":"f.5E8CFC1C9950487B5C96D70EC621E9EB.d.9C1A282DE1CD47ACA0097B54052D923F.e.7723","ELEMENT":"f.5E8CFC1C9950487B5C96D70EC621E9EB.d.9C1A282DE1CD47ACA0097B54052D923F.e.7723"}]}
COMMAND: POST /session/8981aa63c4e1cf9ed36e4ba13e01d972/element - {"using":"xpath","value":"//div[contains(@id, \"smartFilterBar-btnBasicSearch-reset\")]"}
COMMAND: GET /session/8981aa63c4e1cf9ed36e4ba13e01d972/screenshot - {}
RESULT: {"using":"xpath","value":"//div[contains(@id, \"smartFilterBar-btnBasicSearch-reset\")]"}
COMMAND: POST /session/8981aa63c4e1cf9ed36e4ba13e01d972/element/f.5E8CFC1C9950487B5C96D70EC621E9EB.d.9C1A282DE1CD47ACA0097B54052D923F.e.5493/click - {}
RESULT: {}
RESULT: {}
COMMAND: GET /session/8981aa63c4e1cf9ed36e4ba13e01d972/screenshot - {}
RESULT: {}
RESULT: undefined
COMMAND: POST /session/8981aa63c4e1cf9ed36e4ba13e01d972/execute/async - {"script":"<script> [776 bytes]","args":[{"enterText":"WAzJU8qnjO","selector":{"id":"application-ruinventorylist-display-component---Master--smartFilterBar-btnBasicSearch","interaction":{"idSuffix":"I"}},"clearTextFirst":true,"interactionType":"ENTER_TEXT"}]}
RESULT: {"script":"<script> [776 bytes]","args":[{"enterText":"WAzJU8qnjO","selector":{"id":"application-ruinventorylist-display-component---Master--smartFilterBar-btnBasicSearch","interaction":{"idSuffix":"I"}},"clearTextFirst":true,"interactionType":"ENTER_TEXT"}]}
COMMAND: POST /session/8981aa63c4e1cf9ed36e4ba13e01d972/actions - {"actions":[{"id":"action37","type":"key","parameters":{},"actions":[{"type":"keyDown","value":"î€‡"},{"type":"pause","duration":10},{"type":"keyUp","value":"î€‡"}]}]}
RESULT: {"actions":[{"id":"action37","type":"key","parameters":{},"actions":[{"type":"keyDown","value":"î€‡"},{"type":"pause","duration":10},{"type":"keyUp","value":"î€‡"}]}]}
COMMAND: GET /session/8981aa63c4e1cf9ed36e4ba13e01d972/screenshot - {}
RESULT: {}
COMMAND: POST /session/8981aa63c4e1cf9ed36e4ba13e01d972/element - {"using":"xpath","value":"//span[@id=\"application-ruinventorylist-display-component---Master--smartTableRuInventoryList-header-inner\"]"}
RESULT: {"using":"xpath","value":"//span[@id=\"application-ruinventorylist-display-component---Master--smartTableRuInventoryList-header-inner\"]"}
COMMAND: POST /session/8981aa63c4e1cf9ed36e4ba13e01d972/elements - {"using":"xpath","value":"//span[@id=\"application-ruinventorylist-display-component---Master--smartTableRuInventoryList-header-inner\"]"}
RESULT: {"using":"xpath","value":"//span[@id=\"application-ruinventorylist-display-component---Master--smartTableRuInventoryList-header-inner\"]"}
COMMAND: POST /session/8981aa63c4e1cf9ed36e4ba13e01d972/execute/sync - {"script":"<script> [56 bytes]","args":[{"element-6066-11e4-a52e-4f735466cecf":"f.5E8CFC1C9950487B5C96D70EC621E9EB.d.9C1A282DE1CD47ACA0097B54052D923F.e.5477","ELEMENT":"f.5E8CFC1C9950487B5C96D70EC621E9EB.d.9C1A282DE1CD47ACA0097B54052D923F.e.5477"}]}
RESULT: {"script":"<script> [56 bytes]","args":[{"element-6066-11e4-a52e-4f735466cecf":"f.5E8CFC1C9950487B5C96D70EC621E9EB.d.9C1A282DE1CD47ACA0097B54052D923F.e.5477","ELEMENT":"f.5E8CFC1C9950487B5C96D70EC621E9EB.d.9C1A282DE1CD47ACA0097B54052D923F.e.5477"}]}
COMMAND: POST /session/8981aa63c4e1cf9ed36e4ba13e01d972/element - {"using":"xpath","value":"//table[contains(@id, \"application-ruinventorylist-display-component---Master--tableRuInventoryList-listUl\")]/tbody/tr[1]/td[6]/div/span"}
COMMAND: GET /session/8981aa63c4e1cf9ed36e4ba13e01d972/screenshot - {}
RESULT: {"using":"xpath","value":"//table[contains(@id, \"application-ruinventorylist-display-component---Master--tableRuInventoryList-listUl\")]/tbody/tr[1]/td[6]/div/span"}
COMMAND: POST /session/8981aa63c4e1cf9ed36e4ba13e01d972/execute/sync - {"script":"<script> [56 bytes]","args":[{"element-6066-11e4-a52e-4f735466cecf":"f.5E8CFC1C9950487B5C96D70EC621E9EB.d.9C1A282DE1CD47ACA0097B54052D923F.e.7819","ELEMENT":"f.5E8CFC1C9950487B5C96D70EC621E9EB.d.9C1A282DE1CD47ACA0097B54052D923F.e.7819"}]}
RESULT: {}
RESULT: {"script":"<script> [56 bytes]","args":[{"element-6066-11e4-a52e-4f735466cecf":"f.5E8CFC1C9950487B5C96D70EC621E9EB.d.9C1A282DE1CD47ACA0097B54052D923F.e.7819","ELEMENT":"f.5E8CFC1C9950487B5C96D70EC621E9EB.d.9C1A282DE1CD47ACA0097B54052D923F.e.7819"}]}
COMMAND: POST /session/8981aa63c4e1cf9ed36e4ba13e01d972/element - {"using":"xpath","value":"//div[contains(@id, \"smartFilterBar-btnBasicSearch-reset\")]"}
COMMAND: GET /session/8981aa63c4e1cf9ed36e4ba13e01d972/screenshot - {}
RESULT: {"using":"xpath","value":"//div[contains(@id, \"smartFilterBar-btnBasicSearch-reset\")]"}
COMMAND: POST /session/8981aa63c4e1cf9ed36e4ba13e01d972/element/f.5E8CFC1C9950487B5C96D70EC621E9EB.d.9C1A282DE1CD47ACA0097B54052D923F.e.5493/click - {}
RESULT: {}
RESULT: {}
COMMAND: GET /session/8981aa63c4e1cf9ed36e4ba13e01d972/screenshot - {}
RESULT: {}
RESULT: undefined
COMMAND: POST /session/8981aa63c4e1cf9ed36e4ba13e01d972/execute/async - {"script":"<script> [776 bytes]","args":[{"enterText":"200292","selector":{"id":"application-ruinventorylist-display-component---Master--smartFilterBar-btnBasicSearch","interaction":{"idSuffix":"I"}},"clearTextFirst":true,"interactionType":"ENTER_TEXT"}]}
RESULT: {"script":"<script> [776 bytes]","args":[{"enterText":"200292","selector":{"id":"application-ruinventorylist-display-component---Master--smartFilterBar-btnBasicSearch","interaction":{"idSuffix":"I"}},"clearTextFirst":true,"interactionType":"ENTER_TEXT"}]}
COMMAND: POST /session/8981aa63c4e1cf9ed36e4ba13e01d972/actions - {"actions":[{"id":"action38","type":"key","parameters":{},"actions":[{"type":"keyDown","value":"î€‡"},{"type":"pause","duration":10},{"type":"keyUp","value":"î€‡"}]}]}
RESULT: {"actions":[{"id":"action38","type":"key","parameters":{},"actions":[{"type":"keyDown","value":"î€‡"},{"type":"pause","duration":10},{"type":"keyUp","value":"î€‡"}]}]}
COMMAND: GET /session/8981aa63c4e1cf9ed36e4ba13e01d972/screenshot - {}
RESULT: {}
COMMAND: POST /session/8981aa63c4e1cf9ed36e4ba13e01d972/element - {"using":"xpath","value":"//span[@id=\"application-ruinventorylist-display-component---Master--smartTableRuInventoryList-header-inner\"]"}
RESULT: {"using":"xpath","value":"//span[@id=\"application-ruinventorylist-display-component---Master--smartTableRuInventoryList-header-inner\"]"}
COMMAND: POST /session/8981aa63c4e1cf9ed36e4ba13e01d972/elements - {"using":"xpath","value":"//span[@id=\"application-ruinventorylist-display-component---Master--smartTableRuInventoryList-header-inner\"]"}
RESULT: {"using":"xpath","value":"//span[@id=\"application-ruinventorylist-display-component---Master--smartTableRuInventoryList-header-inner\"]"}
COMMAND: POST /session/8981aa63c4e1cf9ed36e4ba13e01d972/execute/sync - {"script":"<script> [56 bytes]","args":[{"element-6066-11e4-a52e-4f735466cecf":"f.5E8CFC1C9950487B5C96D70EC621E9EB.d.9C1A282DE1CD47ACA0097B54052D923F.e.5477","ELEMENT":"f.5E8CFC1C9950487B5C96D70EC621E9EB.d.9C1A282DE1CD47ACA0097B54052D923F.e.5477"}]}
RESULT: {"script":"<script> [56 bytes]","args":[{"element-6066-11e4-a52e-4f735466cecf":"f.5E8CFC1C9950487B5C96D70EC621E9EB.d.9C1A282DE1CD47ACA0097B54052D923F.e.5477","ELEMENT":"f.5E8CFC1C9950487B5C96D70EC621E9EB.d.9C1A282DE1CD47ACA0097B54052D923F.e.5477"}]}
COMMAND: POST /session/8981aa63c4e1cf9ed36e4ba13e01d972/element - {"using":"xpath","value":"//table[contains(@id, \"application-ruinventorylist-display-component---Master--tableRuInventoryList-listUl\")]/tbody/tr[1]/td[6]/div/span"}
COMMAND: GET /session/8981aa63c4e1cf9ed36e4ba13e01d972/screenshot - {}
RESULT: {"using":"xpath","value":"//table[contains(@id, \"application-ruinventorylist-display-component---Master--tableRuInventoryList-listUl\")]/tbody/tr[1]/td[6]/div/span"}
COMMAND: POST /session/8981aa63c4e1cf9ed36e4ba13e01d972/execute/sync - {"script":"<script> [56 bytes]","args":[{"element-6066-11e4-a52e-4f735466cecf":"f.5E8CFC1C9950487B5C96D70EC621E9EB.d.9C1A282DE1CD47ACA0097B54052D923F.e.7915","ELEMENT":"f.5E8CFC1C9950487B5C96D70EC621E9EB.d.9C1A282DE1CD47ACA0097B54052D923F.e.7915"}]}
RESULT: {}
RESULT: {"script":"<script> [56 bytes]","args":[{"element-6066-11e4-a52e-4f735466cecf":"f.5E8CFC1C9950487B5C96D70EC621E9EB.d.9C1A282DE1CD47ACA0097B54052D923F.e.7915","ELEMENT":"f.5E8CFC1C9950487B5C96D70EC621E9EB.d.9C1A282DE1CD47ACA0097B54052D923F.e.7915"}]}
COMMAND: POST /session/8981aa63c4e1cf9ed36e4ba13e01d972/element - {"using":"xpath","value":"//div[contains(@id, \"smartFilterBar-btnBasicSearch-reset\")]"}
COMMAND: GET /session/8981aa63c4e1cf9ed36e4ba13e01d972/screenshot - {}
RESULT: {"using":"xpath","value":"//div[contains(@id, \"smartFilterBar-btnBasicSearch-reset\")]"}
COMMAND: POST /session/8981aa63c4e1cf9ed36e4ba13e01d972/element/f.5E8CFC1C9950487B5C96D70EC621E9EB.d.9C1A282DE1CD47ACA0097B54052D923F.e.5493/click - {}
RESULT: {}
RESULT: {}
COMMAND: GET /session/8981aa63c4e1cf9ed36e4ba13e01d972/screenshot - {}
RESULT: {}
COMMAND: POST /session/8981aa63c4e1cf9ed36e4ba13e01d972/element - {"using":"css selector","value":"#shell-header-logo"}
RESULT: {"using":"css selector","value":"#shell-header-logo"}
COMMAND: POST /session/8981aa63c4e1cf9ed36e4ba13e01d972/element/f.5E8CFC1C9950487B5C96D70EC621E9EB.d.9C1A282DE1CD47ACA0097B54052D923F.e.4841/click - {}
RESULT: {}
COMMAND: GET /session/8981aa63c4e1cf9ed36e4ba13e01d972/screenshot - {}
RESULT: {}
COMMAND: DELETE /session/8981aa63c4e1cf9ed36e4ba13e01d972 - {}
RESULT: {}
]]></system-out>
    </testcase>
  </testsuite>
</testsuites>