<?xml version="1.0" encoding="UTF-8"?>
<testsuites tests="58" failures="4" errors="4" skipped="0">
  <testsuite timestamp="2025-05-21T17:09:35" time="1049.972" tests="11" failures="0" errors="0" skipped="0">
    <properties>
      <property name="specId" value="0"/>
      <property name="suiteName" value="Billing confirm US117289"/>
      <property name="capabilities" value="chrome.136_0_7103_93.windows"/>
      <property name="file" value="file:///D:/a/1/s/test/specs/BTS/billing-confirm.spec.js"/>
    </properties>
    <testcase classname="chrome.136_0_7103_93.windows.Billing_confirm_US117289" name="Should create a new yard" time="137.29">
      <system-out><![CDATA[
COMMAND: POST /session/cd8dad5b6aa98ad5f0615c697c2d4924/window/fullscreen - {}
RESULT: {}
COMMAND: POST /session/cd8dad5b6aa98ad5f0615c697c2d4924/execute/async - {"script":"<script> [1562 bytes]","args":[{"selector":{"controlType":"sap.m.GenericTile","properties":{"header":"Manage Yards"}},"wdio_ui5_key":"sapm.GenericTile{\"header\":\"Manage Yards\"}"}]}
RESULT: {"script":"<script> [1562 bytes]","args":[{"selector":{"controlType":"sap.m.GenericTile","properties":{"header":"Manage Yards"}},"wdio_ui5_key":"sapm.GenericTile{\"header\":\"Manage Yards\"}"}]}
RESULT: undefined
COMMAND: POST /session/cd8dad5b6aa98ad5f0615c697c2d4924/element - {"using":"xpath","value":"//*[@id=\"__tile41\"]"}
RESULT: {"using":"xpath","value":"//*[@id=\"__tile41\"]"}
COMMAND: POST /session/cd8dad5b6aa98ad5f0615c697c2d4924/element/f.73A3896108CAD0F2DAB8766297627504.d.BC37919B704316A2FB515D5A48B86499.e.131/click - {}
RESULT: {}
COMMAND: GET /session/cd8dad5b6aa98ad5f0615c697c2d4924/screenshot - {}
RESULT: {}
COMMAND: POST /session/cd8dad5b6aa98ad5f0615c697c2d4924/elements - {"using":"xpath","value":"//span[text()='Error']"}
RESULT: {"using":"xpath","value":"//span[text()='Error']"}
COMMAND: POST /session/cd8dad5b6aa98ad5f0615c697c2d4924/element - {"using":"xpath","value":"//button[@data-kt=\"addNewYardOverflowToolbarButton\"]"}
RESULT: {"using":"xpath","value":"//button[@data-kt=\"addNewYardOverflowToolbarButton\"]"}
COMMAND: POST /session/cd8dad5b6aa98ad5f0615c697c2d4924/elements - {"using":"xpath","value":"//button[@data-kt=\"addNewYardOverflowToolbarButton\"]"}
RESULT: {"using":"xpath","value":"//button[@data-kt=\"addNewYardOverflowToolbarButton\"]"}
COMMAND: POST /session/cd8dad5b6aa98ad5f0615c697c2d4924/elements - {"using":"xpath","value":"//button[@data-kt=\"addNewYardOverflowToolbarButton\"]"}
RESULT: {"using":"xpath","value":"//button[@data-kt=\"addNewYardOverflowToolbarButton\"]"}
COMMAND: POST /session/cd8dad5b6aa98ad5f0615c697c2d4924/elements - {"using":"xpath","value":"//button[@data-kt=\"addNewYardOverflowToolbarButton\"]"}
RESULT: {"using":"xpath","value":"//button[@data-kt=\"addNewYardOverflowToolbarButton\"]"}
COMMAND: POST /session/cd8dad5b6aa98ad5f0615c697c2d4924/elements - {"using":"xpath","value":"//button[@data-kt=\"addNewYardOverflowToolbarButton\"]"}
RESULT: {"using":"xpath","value":"//button[@data-kt=\"addNewYardOverflowToolbarButton\"]"}
COMMAND: POST /session/cd8dad5b6aa98ad5f0615c697c2d4924/elements - {"using":"xpath","value":"//button[@data-kt=\"addNewYardOverflowToolbarButton\"]"}
RESULT: {"using":"xpath","value":"//button[@data-kt=\"addNewYardOverflowToolbarButton\"]"}
COMMAND: POST /session/cd8dad5b6aa98ad5f0615c697c2d4924/elements - {"using":"xpath","value":"//button[@data-kt=\"addNewYardOverflowToolbarButton\"]"}
RESULT: {"using":"xpath","value":"//button[@data-kt=\"addNewYardOverflowToolbarButton\"]"}
COMMAND: POST /session/cd8dad5b6aa98ad5f0615c697c2d4924/elements - {"using":"xpath","value":"//button[@data-kt=\"addNewYardOverflowToolbarButton\"]"}
RESULT: {"using":"xpath","value":"//button[@data-kt=\"addNewYardOverflowToolbarButton\"]"}
COMMAND: POST /session/cd8dad5b6aa98ad5f0615c697c2d4924/elements - {"using":"xpath","value":"//button[@data-kt=\"addNewYardOverflowToolbarButton\"]"}
RESULT: {"using":"xpath","value":"//button[@data-kt=\"addNewYardOverflowToolbarButton\"]"}
COMMAND: POST /session/cd8dad5b6aa98ad5f0615c697c2d4924/element - {"using":"xpath","value":"//button[@data-kt=\"addNewYardOverflowToolbarButton\"]"}
RESULT: {"using":"xpath","value":"//button[@data-kt=\"addNewYardOverflowToolbarButton\"]"}
COMMAND: POST /session/cd8dad5b6aa98ad5f0615c697c2d4924/execute/sync - {"script":"<script> [8489 bytes]","args":[{"element-6066-11e4-a52e-4f735466cecf":"f.73A3896108CAD0F2DAB8766297627504.d.BC37919B704316A2FB515D5A48B86499.e.301","ELEMENT":"f.73A3896108CAD0F2DAB8766297627504.d.BC37919B704316A2FB515D5A48B86499.e.301"}]}
RESULT: {"script":"<script> [8489 bytes]","args":[{"element-6066-11e4-a52e-4f735466cecf":"f.73A3896108CAD0F2DAB8766297627504.d.BC37919B704316A2FB515D5A48B86499.e.301","ELEMENT":"f.73A3896108CAD0F2DAB8766297627504.d.BC37919B704316A2FB515D5A48B86499.e.301"}]}
COMMAND: GET /session/cd8dad5b6aa98ad5f0615c697c2d4924/element/f.73A3896108CAD0F2DAB8766297627504.d.BC37919B704316A2FB515D5A48B86499.e.301/enabled - {}
COMMAND: GET /session/cd8dad5b6aa98ad5f0615c697c2d4924/screenshot - {}
RESULT: {}
COMMAND: POST /session/cd8dad5b6aa98ad5f0615c697c2d4924/execute/sync - {"script":"<script> [8489 bytes]","args":[{"element-6066-11e4-a52e-4f735466cecf":"f.73A3896108CAD0F2DAB8766297627504.d.BC37919B704316A2FB515D5A48B86499.e.301","ELEMENT":"f.73A3896108CAD0F2DAB8766297627504.d.BC37919B704316A2FB515D5A48B86499.e.301"}]}
COMMAND: GET /session/cd8dad5b6aa98ad5f0615c697c2d4924/screenshot - {}
RESULT: {}
RESULT: {"script":"<script> [8489 bytes]","args":[{"element-6066-11e4-a52e-4f735466cecf":"f.73A3896108CAD0F2DAB8766297627504.d.BC37919B704316A2FB515D5A48B86499.e.301","ELEMENT":"f.73A3896108CAD0F2DAB8766297627504.d.BC37919B704316A2FB515D5A48B86499.e.301"}]}
COMMAND: POST /session/cd8dad5b6aa98ad5f0615c697c2d4924/execute/sync - {"script":"<script> [5351 bytes]","args":[{"element-6066-11e4-a52e-4f735466cecf":"f.73A3896108CAD0F2DAB8766297627504.d.BC37919B704316A2FB515D5A48B86499.e.301","ELEMENT":"f.73A3896108CAD0F2DAB8766297627504.d.BC37919B704316A2FB515D5A48B86499.e.301"}]}
COMMAND: GET /session/cd8dad5b6aa98ad5f0615c697c2d4924/screenshot - {}
RESULT: {}
RESULT: {"script":"<script> [5351 bytes]","args":[{"element-6066-11e4-a52e-4f735466cecf":"f.73A3896108CAD0F2DAB8766297627504.d.BC37919B704316A2FB515D5A48B86499.e.301","ELEMENT":"f.73A3896108CAD0F2DAB8766297627504.d.BC37919B704316A2FB515D5A48B86499.e.301"}]}
COMMAND: POST /session/cd8dad5b6aa98ad5f0615c697c2d4924/element/f.73A3896108CAD0F2DAB8766297627504.d.BC37919B704316A2FB515D5A48B86499.e.301/click - {}
COMMAND: GET /session/cd8dad5b6aa98ad5f0615c697c2d4924/screenshot - {}
RESULT: {}
RESULT: {}
COMMAND: GET /session/cd8dad5b6aa98ad5f0615c697c2d4924/screenshot - {}
RESULT: {}
RESULT: {}
COMMAND: POST /session/cd8dad5b6aa98ad5f0615c697c2d4924/element - {"using":"xpath","value":"//input[@id=\"application-manageyards-display-component---NewYard--yardId-inner\"]"}
RESULT: {"using":"xpath","value":"//input[@id=\"application-manageyards-display-component---NewYard--yardId-inner\"]"}
COMMAND: POST /session/cd8dad5b6aa98ad5f0615c697c2d4924/element - {"using":"xpath","value":"//input[@id=\"application-manageyards-display-component---NewYard--yardId-inner\"]"}
RESULT: {"using":"xpath","value":"//input[@id=\"application-manageyards-display-component---NewYard--yardId-inner\"]"}
COMMAND: POST /session/cd8dad5b6aa98ad5f0615c697c2d4924/execute/async - {"script":"<script> [1562 bytes]","args":[{"selector":{"id":"application-manageyards-display-component---NewYard--addressDetailDetailsName1","interaction":{"idSuffix":"inner"}},"wdio_ui5_key":"applicationmanageyards-display-component---NewYard--addressDetailDetailsName1"}]}
RESULT: {"script":"<script> [1562 bytes]","args":[{"selector":{"id":"application-manageyards-display-component---NewYard--addressDetailDetailsName1","interaction":{"idSuffix":"inner"}},"wdio_ui5_key":"applicationmanageyards-display-component---NewYard--addressDetailDetailsName1"}]}
RESULT: undefined
COMMAND: POST /session/cd8dad5b6aa98ad5f0615c697c2d4924/execute/async - {"script":"<script> [776 bytes]","args":[{"enterText":"Intracompany Yard wdIO","selector":{"id":"application-manageyards-display-component---NewYard--addressDetailDetailsName1","interaction":{"idSuffix":"inner"}},"clearTextFirst":true,"interactionType":"ENTER_TEXT"}]}
RESULT: {"script":"<script> [776 bytes]","args":[{"enterText":"Intracompany Yard wdIO","selector":{"id":"application-manageyards-display-component---NewYard--addressDetailDetailsName1","interaction":{"idSuffix":"inner"}},"clearTextFirst":true,"interactionType":"ENTER_TEXT"}]}
COMMAND: POST /session/cd8dad5b6aa98ad5f0615c697c2d4924/execute/async - {"script":"<script> [1562 bytes]","args":[{"selector":{"id":"application-manageyards-display-component---NewYard--addressDetailDetailsLanguage-arrow"},"wdio_ui5_key":"applicationmanageyards-display-component---NewYard--addressDetailDetailsLanguage-arrow"}]}
RESULT: {"script":"<script> [1562 bytes]","args":[{"selector":{"id":"application-manageyards-display-component---NewYard--addressDetailDetailsLanguage-arrow"},"wdio_ui5_key":"applicationmanageyards-display-component---NewYard--addressDetailDetailsLanguage-arrow"}]}
RESULT: undefined
COMMAND: POST /session/cd8dad5b6aa98ad5f0615c697c2d4924/element - {"using":"xpath","value":"//*[@id=\"application-manageyards-display-component---NewYard--addressDetailDetailsLanguage-arrow\"]"}
RESULT: {"using":"xpath","value":"//*[@id=\"application-manageyards-display-component---NewYard--addressDetailDetailsLanguage-arrow\"]"}
COMMAND: POST /session/cd8dad5b6aa98ad5f0615c697c2d4924/element/f.73A3896108CAD0F2DAB8766297627504.d.BC37919B704316A2FB515D5A48B86499.e.728/click - {}
RESULT: {}
COMMAND: POST /session/cd8dad5b6aa98ad5f0615c697c2d4924/element - {"using":"xpath","value":"//span[contains(text(), \"English\")]"}
COMMAND: GET /session/cd8dad5b6aa98ad5f0615c697c2d4924/screenshot - {}
RESULT: {"using":"xpath","value":"//span[contains(text(), \"English\")]"}
COMMAND: POST /session/cd8dad5b6aa98ad5f0615c697c2d4924/element/f.73A3896108CAD0F2DAB8766297627504.d.BC37919B704316A2FB515D5A48B86499.e.729/click - {}
RESULT: {}
RESULT: {}
COMMAND: POST /session/cd8dad5b6aa98ad5f0615c697c2d4924/execute/async - {"script":"<script> [1562 bytes]","args":[{"selector":{"id":"application-manageyards-display-component---NewYard--addressDetailDetailsCity1","interaction":{"idSuffix":"inner"}},"wdio_ui5_key":"applicationmanageyards-display-component---NewYard--addressDetailDetailsCity1"}]}
COMMAND: GET /session/cd8dad5b6aa98ad5f0615c697c2d4924/screenshot - {}
RESULT: {"script":"<script> [1562 bytes]","args":[{"selector":{"id":"application-manageyards-display-component---NewYard--addressDetailDetailsCity1","interaction":{"idSuffix":"inner"}},"wdio_ui5_key":"applicationmanageyards-display-component---NewYard--addressDetailDetailsCity1"}]}
RESULT: undefined
COMMAND: POST /session/cd8dad5b6aa98ad5f0615c697c2d4924/execute/async - {"script":"<script> [776 bytes]","args":[{"enterText":"Rosario","selector":{"id":"application-manageyards-display-component---NewYard--addressDetailDetailsCity1","interaction":{"idSuffix":"inner"}},"clearTextFirst":true,"interactionType":"ENTER_TEXT"}]}
RESULT: {}
RESULT: {"script":"<script> [776 bytes]","args":[{"enterText":"Rosario","selector":{"id":"application-manageyards-display-component---NewYard--addressDetailDetailsCity1","interaction":{"idSuffix":"inner"}},"clearTextFirst":true,"interactionType":"ENTER_TEXT"}]}
COMMAND: POST /session/cd8dad5b6aa98ad5f0615c697c2d4924/execute/async - {"script":"<script> [1562 bytes]","args":[{"selector":{"id":"application-manageyards-display-component---NewYard--addressDetailDetailsCountry-arrow"},"wdio_ui5_key":"applicationmanageyards-display-component---NewYard--addressDetailDetailsCountry-arrow"}]}
RESULT: {"script":"<script> [1562 bytes]","args":[{"selector":{"id":"application-manageyards-display-component---NewYard--addressDetailDetailsCountry-arrow"},"wdio_ui5_key":"applicationmanageyards-display-component---NewYard--addressDetailDetailsCountry-arrow"}]}
RESULT: undefined
COMMAND: POST /session/cd8dad5b6aa98ad5f0615c697c2d4924/element - {"using":"xpath","value":"//*[@id=\"application-manageyards-display-component---NewYard--addressDetailDetailsCountry-arrow\"]"}
RESULT: {"using":"xpath","value":"//*[@id=\"application-manageyards-display-component---NewYard--addressDetailDetailsCountry-arrow\"]"}
COMMAND: POST /session/cd8dad5b6aa98ad5f0615c697c2d4924/element/f.73A3896108CAD0F2DAB8766297627504.d.BC37919B704316A2FB515D5A48B86499.e.731/click - {}
RESULT: {}
COMMAND: POST /session/cd8dad5b6aa98ad5f0615c697c2d4924/element - {"using":"xpath","value":"//span[contains(text(), \"Argentina\")]"}
COMMAND: GET /session/cd8dad5b6aa98ad5f0615c697c2d4924/screenshot - {}
RESULT: {"using":"xpath","value":"//span[contains(text(), \"Argentina\")]"}
COMMAND: POST /session/cd8dad5b6aa98ad5f0615c697c2d4924/element/f.73A3896108CAD0F2DAB8766297627504.d.BC37919B704316A2FB515D5A48B86499.e.733/click - {}
RESULT: {}
RESULT: {}
COMMAND: POST /session/cd8dad5b6aa98ad5f0615c697c2d4924/execute/async - {"script":"<script> [1562 bytes]","args":[{"selector":{"id":"application-manageyards-display-component---NewYard--addressEditDetailsCostObjectCstType-arrow"},"wdio_ui5_key":"applicationmanageyards-display-component---NewYard--addressEditDetailsCostObjectCstType-arrow"}]}
COMMAND: GET /session/cd8dad5b6aa98ad5f0615c697c2d4924/screenshot - {}
RESULT: {"script":"<script> [1562 bytes]","args":[{"selector":{"id":"application-manageyards-display-component---NewYard--addressEditDetailsCostObjectCstType-arrow"},"wdio_ui5_key":"applicationmanageyards-display-component---NewYard--addressEditDetailsCostObjectCstType-arrow"}]}
RESULT: undefined
COMMAND: POST /session/cd8dad5b6aa98ad5f0615c697c2d4924/element - {"using":"xpath","value":"//*[@id=\"application-manageyards-display-component---NewYard--addressEditDetailsCostObjectCstType-arrow\"]"}
RESULT: {}
RESULT: {"using":"xpath","value":"//*[@id=\"application-manageyards-display-component---NewYard--addressEditDetailsCostObjectCstType-arrow\"]"}
COMMAND: POST /session/cd8dad5b6aa98ad5f0615c697c2d4924/element/f.73A3896108CAD0F2DAB8766297627504.d.BC37919B704316A2FB515D5A48B86499.e.734/click - {}
RESULT: {}
COMMAND: POST /session/cd8dad5b6aa98ad5f0615c697c2d4924/element - {"using":"xpath","value":"//span[contains(text(), \"Cost Center\")]"}
COMMAND: GET /session/cd8dad5b6aa98ad5f0615c697c2d4924/screenshot - {}
RESULT: {"using":"xpath","value":"//span[contains(text(), \"Cost Center\")]"}
COMMAND: POST /session/cd8dad5b6aa98ad5f0615c697c2d4924/element/f.73A3896108CAD0F2DAB8766297627504.d.BC37919B704316A2FB515D5A48B86499.e.735/click - {}
RESULT: {}
RESULT: {}
COMMAND: GET /session/cd8dad5b6aa98ad5f0615c697c2d4924/screenshot - {}
RESULT: {}
COMMAND: POST /session/cd8dad5b6aa98ad5f0615c697c2d4924/element - {"using":"xpath","value":"//span[@id=\"application-manageyards-display-component---NewYard--addressNewCostObjectCstID-vhi\"]"}
RESULT: {"using":"xpath","value":"//span[@id=\"application-manageyards-display-component---NewYard--addressNewCostObjectCstID-vhi\"]"}
COMMAND: POST /session/cd8dad5b6aa98ad5f0615c697c2d4924/execute/sync - {"script":"<script> [8489 bytes]","args":[{"element-6066-11e4-a52e-4f735466cecf":"f.73A3896108CAD0F2DAB8766297627504.d.BC37919B704316A2FB515D5A48B86499.e.739","ELEMENT":"f.73A3896108CAD0F2DAB8766297627504.d.BC37919B704316A2FB515D5A48B86499.e.739"}]}
RESULT: {"script":"<script> [8489 bytes]","args":[{"element-6066-11e4-a52e-4f735466cecf":"f.73A3896108CAD0F2DAB8766297627504.d.BC37919B704316A2FB515D5A48B86499.e.739","ELEMENT":"f.73A3896108CAD0F2DAB8766297627504.d.BC37919B704316A2FB515D5A48B86499.e.739"}]}
COMMAND: POST /session/cd8dad5b6aa98ad5f0615c697c2d4924/execute/async - {"script":"<script> [1562 bytes]","args":[{"selector":{"id":"application-manageyards-display-component---NewYard--addressNewCostObjectCstID-vhi"},"wdio_ui5_key":"applicationmanageyards-display-component---NewYard--addressNewCostObjectCstID-vhi"}]}
COMMAND: GET /session/cd8dad5b6aa98ad5f0615c697c2d4924/screenshot - {}
RESULT: {"script":"<script> [1562 bytes]","args":[{"selector":{"id":"application-manageyards-display-component---NewYard--addressNewCostObjectCstID-vhi"},"wdio_ui5_key":"applicationmanageyards-display-component---NewYard--addressNewCostObjectCstID-vhi"}]}
RESULT: undefined
COMMAND: POST /session/cd8dad5b6aa98ad5f0615c697c2d4924/element - {"using":"xpath","value":"//*[@id=\"application-manageyards-display-component---NewYard--addressNewCostObjectCstID-vhi\"]"}
RESULT: {}
RESULT: {"using":"xpath","value":"//*[@id=\"application-manageyards-display-component---NewYard--addressNewCostObjectCstID-vhi\"]"}
COMMAND: POST /session/cd8dad5b6aa98ad5f0615c697c2d4924/element/f.73A3896108CAD0F2DAB8766297627504.d.BC37919B704316A2FB515D5A48B86499.e.739/click - {}
RESULT: {}
COMMAND: GET /session/cd8dad5b6aa98ad5f0615c697c2d4924/screenshot - {}
RESULT: {}
COMMAND: POST /session/cd8dad5b6aa98ad5f0615c697c2d4924/execute/async - {"script":"<script> [1562 bytes]","args":[{"selector":{"controlType":"sap.m.SearchField","properties":{"placeholder":"Search"},"searchOpenDialogs":true,"interaction":{"idSuffix":"I"}},"wdio_ui5_key":"sapm.SearchField{\"placeholder\":\"Search\"}"}]}
RESULT: {"script":"<script> [1562 bytes]","args":[{"selector":{"controlType":"sap.m.SearchField","properties":{"placeholder":"Search"},"searchOpenDialogs":true,"interaction":{"idSuffix":"I"}},"wdio_ui5_key":"sapm.SearchField{\"placeholder\":\"Search\"}"}]}
RESULT: undefined
COMMAND: POST /session/cd8dad5b6aa98ad5f0615c697c2d4924/execute/async - {"script":"<script> [776 bytes]","args":[{"enterText":"bauh_b","selector":{"controlType":"sap.m.SearchField","properties":{"placeholder":"Search"},"searchOpenDialogs":true,"interaction":{"idSuffix":"I"}},"clearTextFirst":true,"interactionType":"ENTER_TEXT"}]}
RESULT: {"script":"<script> [776 bytes]","args":[{"enterText":"bauh_b","selector":{"controlType":"sap.m.SearchField","properties":{"placeholder":"Search"},"searchOpenDialogs":true,"interaction":{"idSuffix":"I"}},"clearTextFirst":true,"interactionType":"ENTER_TEXT"}]}
COMMAND: POST /session/cd8dad5b6aa98ad5f0615c697c2d4924/actions - {"actions":[{"id":"action1","type":"key","parameters":{},"actions":[{"type":"keyDown","value":""},{"type":"pause","duration":10},{"type":"keyUp","value":""}]}]}
RESULT: {"actions":[{"id":"action1","type":"key","parameters":{},"actions":[{"type":"keyDown","value":""},{"type":"pause","duration":10},{"type":"keyUp","value":""}]}]}
COMMAND: GET /session/cd8dad5b6aa98ad5f0615c697c2d4924/screenshot - {}
RESULT: {}
COMMAND: POST /session/cd8dad5b6aa98ad5f0615c697c2d4924/element - {"using":"xpath","value":"//span[contains(text(), \"Demo Yard\")]"}
RESULT: {"using":"xpath","value":"//span[contains(text(), \"Demo Yard\")]"}
COMMAND: POST /session/cd8dad5b6aa98ad5f0615c697c2d4924/element/f.73A3896108CAD0F2DAB8766297627504.d.BC37919B704316A2FB515D5A48B86499.e.781/click - {}
RESULT: {}
COMMAND: GET /session/cd8dad5b6aa98ad5f0615c697c2d4924/screenshot - {}
RESULT: {}
COMMAND: POST /session/cd8dad5b6aa98ad5f0615c697c2d4924/element - {"using":"xpath","value":"//bdi[contains(text(), \"OK\")]"}
RESULT: {"using":"xpath","value":"//bdi[contains(text(), \"OK\")]"}
COMMAND: POST /session/cd8dad5b6aa98ad5f0615c697c2d4924/element/f.73A3896108CAD0F2DAB8766297627504.d.BC37919B704316A2FB515D5A48B86499.e.782/click - {}
RESULT: {}
COMMAND: GET /session/cd8dad5b6aa98ad5f0615c697c2d4924/screenshot - {}
RESULT: {}
COMMAND: POST /session/cd8dad5b6aa98ad5f0615c697c2d4924/execute/async - {"script":"<script> [1562 bytes]","args":[{"selector":{"id":"application-manageyards-display-component---NewYard--addressEditDetailsCurrency-arrow"},"wdio_ui5_key":"applicationmanageyards-display-component---NewYard--addressEditDetailsCurrency-arrow"}]}
RESULT: {"script":"<script> [1562 bytes]","args":[{"selector":{"id":"application-manageyards-display-component---NewYard--addressEditDetailsCurrency-arrow"},"wdio_ui5_key":"applicationmanageyards-display-component---NewYard--addressEditDetailsCurrency-arrow"}]}
RESULT: undefined
COMMAND: POST /session/cd8dad5b6aa98ad5f0615c697c2d4924/element - {"using":"xpath","value":"//*[@id=\"application-manageyards-display-component---NewYard--addressEditDetailsCurrency-arrow\"]"}
RESULT: {"using":"xpath","value":"//*[@id=\"application-manageyards-display-component---NewYard--addressEditDetailsCurrency-arrow\"]"}
COMMAND: POST /session/cd8dad5b6aa98ad5f0615c697c2d4924/element/f.73A3896108CAD0F2DAB8766297627504.d.BC37919B704316A2FB515D5A48B86499.e.785/click - {}
RESULT: {}
COMMAND: POST /session/cd8dad5b6aa98ad5f0615c697c2d4924/element - {"using":"xpath","value":"//span[contains(text(), \"Euro\")]"}
COMMAND: GET /session/cd8dad5b6aa98ad5f0615c697c2d4924/screenshot - {}
RESULT: {"using":"xpath","value":"//span[contains(text(), \"Euro\")]"}
COMMAND: POST /session/cd8dad5b6aa98ad5f0615c697c2d4924/element/f.73A3896108CAD0F2DAB8766297627504.d.BC37919B704316A2FB515D5A48B86499.e.786/click - {}
RESULT: {}
RESULT: {}
COMMAND: POST /session/cd8dad5b6aa98ad5f0615c697c2d4924/execute/async - {"script":"<script> [1562 bytes]","args":[{"selector":{"controlType":"sap.m.Input","viewName":"etm.portal.ui.manageyards.view.New","viewId":"application-manageyards-display-component---NewYard","bindingPath":{"path":"","propertyPath":"/CONTROLLING_AREA","modelName":"NewYardModel"},"interaction":{"idSuffix":"inner"}},"wdio_ui5_key":"etmportal.ui.manageyards.view.Newsap.m.Input{\"path\":\"\",\"propertyPath\":\"/CONTROLLING_AREA\",\"modelName\":\"NewYardModel\"}"}]}
COMMAND: GET /session/cd8dad5b6aa98ad5f0615c697c2d4924/screenshot - {}
RESULT: {"script":"<script> [1562 bytes]","args":[{"selector":{"controlType":"sap.m.Input","viewName":"etm.portal.ui.manageyards.view.New","viewId":"application-manageyards-display-component---NewYard","bindingPath":{"path":"","propertyPath":"/CONTROLLING_AREA","modelName":"NewYardModel"},"interaction":{"idSuffix":"inner"}},"wdio_ui5_key":"etmportal.ui.manageyards.view.Newsap.m.Input{\"path\":\"\",\"propertyPath\":\"/CONTROLLING_AREA\",\"modelName\":\"NewYardModel\"}"}]}
RESULT: undefined
COMMAND: POST /session/cd8dad5b6aa98ad5f0615c697c2d4924/execute/async - {"script":"<script> [776 bytes]","args":[{"enterText":"Z001","selector":{"controlType":"sap.m.Input","viewName":"etm.portal.ui.manageyards.view.New","viewId":"application-manageyards-display-component---NewYard","bindingPath":{"path":"","propertyPath":"/CONTROLLING_AREA","modelName":"NewYardModel"},"interaction":{"idSuffix":"inner"}},"clearTextFirst":true,"interactionType":"ENTER_TEXT"}]}
RESULT: {}
RESULT: {"script":"<script> [776 bytes]","args":[{"enterText":"Z001","selector":{"controlType":"sap.m.Input","viewName":"etm.portal.ui.manageyards.view.New","viewId":"application-manageyards-display-component---NewYard","bindingPath":{"path":"","propertyPath":"/CONTROLLING_AREA","modelName":"NewYardModel"},"interaction":{"idSuffix":"inner"}},"clearTextFirst":true,"interactionType":"ENTER_TEXT"}]}
COMMAND: POST /session/cd8dad5b6aa98ad5f0615c697c2d4924/execute/async - {"script":"<script> [1562 bytes]","args":[{"selector":{"id":"application-manageyards-display-component---NewYard--companyCodeComboBox","interaction":{"idSuffix":"inner"}},"wdio_ui5_key":"applicationmanageyards-display-component---NewYard--companyCodeComboBox"}]}
RESULT: {"script":"<script> [1562 bytes]","args":[{"selector":{"id":"application-manageyards-display-component---NewYard--companyCodeComboBox","interaction":{"idSuffix":"inner"}},"wdio_ui5_key":"applicationmanageyards-display-component---NewYard--companyCodeComboBox"}]}
RESULT: undefined
COMMAND: POST /session/cd8dad5b6aa98ad5f0615c697c2d4924/execute/async - {"script":"<script> [776 bytes]","args":[{"enterText":"1000","selector":{"id":"application-manageyards-display-component---NewYard--companyCodeComboBox","interaction":{"idSuffix":"inner"}},"clearTextFirst":true,"interactionType":"ENTER_TEXT"}]}
RESULT: {"script":"<script> [776 bytes]","args":[{"enterText":"1000","selector":{"id":"application-manageyards-display-component---NewYard--companyCodeComboBox","interaction":{"idSuffix":"inner"}},"clearTextFirst":true,"interactionType":"ENTER_TEXT"}]}
COMMAND: POST /session/cd8dad5b6aa98ad5f0615c697c2d4924/execute/async - {"script":"<script> [1562 bytes]","args":[{"selector":{"controlType":"sap.m.Input","viewName":"etm.portal.ui.manageyards.view.New","viewId":"application-manageyards-display-component---NewYard","bindingPath":{"path":"","propertyPath":"/PLANT","modelName":"NewYardModel"},"interaction":{"idSuffix":"inner"}},"wdio_ui5_key":"etmportal.ui.manageyards.view.Newsap.m.Input{\"path\":\"\",\"propertyPath\":\"/PLANT\",\"modelName\":\"NewYardModel\"}"}]}
RESULT: {"script":"<script> [1562 bytes]","args":[{"selector":{"controlType":"sap.m.Input","viewName":"etm.portal.ui.manageyards.view.New","viewId":"application-manageyards-display-component---NewYard","bindingPath":{"path":"","propertyPath":"/PLANT","modelName":"NewYardModel"},"interaction":{"idSuffix":"inner"}},"wdio_ui5_key":"etmportal.ui.manageyards.view.Newsap.m.Input{\"path\":\"\",\"propertyPath\":\"/PLANT\",\"modelName\":\"NewYardModel\"}"}]}
RESULT: undefined
COMMAND: POST /session/cd8dad5b6aa98ad5f0615c697c2d4924/execute/async - {"script":"<script> [776 bytes]","args":[{"enterText":"1001","selector":{"controlType":"sap.m.Input","viewName":"etm.portal.ui.manageyards.view.New","viewId":"application-manageyards-display-component---NewYard","bindingPath":{"path":"","propertyPath":"/PLANT","modelName":"NewYardModel"},"interaction":{"idSuffix":"inner"}},"clearTextFirst":true,"interactionType":"ENTER_TEXT"}]}
RESULT: {"script":"<script> [776 bytes]","args":[{"enterText":"1001","selector":{"controlType":"sap.m.Input","viewName":"etm.portal.ui.manageyards.view.New","viewId":"application-manageyards-display-component---NewYard","bindingPath":{"path":"","propertyPath":"/PLANT","modelName":"NewYardModel"},"interaction":{"idSuffix":"inner"}},"clearTextFirst":true,"interactionType":"ENTER_TEXT"}]}
COMMAND: POST /session/cd8dad5b6aa98ad5f0615c697c2d4924/execute/async - {"script":"<script> [1562 bytes]","args":[{"selector":{"controlType":"sap.m.Input","viewName":"etm.portal.ui.manageyards.view.New","viewId":"application-manageyards-display-component---NewYard","bindingPath":{"path":"","propertyPath":"/SALES_AREA_VKORG","modelName":"NewYardModel"},"interaction":{"idSuffix":"inner"}},"wdio_ui5_key":"etmportal.ui.manageyards.view.Newsap.m.Input{\"path\":\"\",\"propertyPath\":\"/SALES_AREA_VKORG\",\"modelName\":\"NewYardModel\"}"}]}
RESULT: {"script":"<script> [1562 bytes]","args":[{"selector":{"controlType":"sap.m.Input","viewName":"etm.portal.ui.manageyards.view.New","viewId":"application-manageyards-display-component---NewYard","bindingPath":{"path":"","propertyPath":"/SALES_AREA_VKORG","modelName":"NewYardModel"},"interaction":{"idSuffix":"inner"}},"wdio_ui5_key":"etmportal.ui.manageyards.view.Newsap.m.Input{\"path\":\"\",\"propertyPath\":\"/SALES_AREA_VKORG\",\"modelName\":\"NewYardModel\"}"}]}
RESULT: undefined
COMMAND: POST /session/cd8dad5b6aa98ad5f0615c697c2d4924/execute/async - {"script":"<script> [776 bytes]","args":[{"enterText":"C002","selector":{"controlType":"sap.m.Input","viewName":"etm.portal.ui.manageyards.view.New","viewId":"application-manageyards-display-component---NewYard","bindingPath":{"path":"","propertyPath":"/SALES_AREA_VKORG","modelName":"NewYardModel"},"interaction":{"idSuffix":"inner"}},"clearTextFirst":true,"interactionType":"ENTER_TEXT"}]}
RESULT: {"script":"<script> [776 bytes]","args":[{"enterText":"C002","selector":{"controlType":"sap.m.Input","viewName":"etm.portal.ui.manageyards.view.New","viewId":"application-manageyards-display-component---NewYard","bindingPath":{"path":"","propertyPath":"/SALES_AREA_VKORG","modelName":"NewYardModel"},"interaction":{"idSuffix":"inner"}},"clearTextFirst":true,"interactionType":"ENTER_TEXT"}]}
COMMAND: POST /session/cd8dad5b6aa98ad5f0615c697c2d4924/execute/async - {"script":"<script> [1562 bytes]","args":[{"selector":{"controlType":"sap.m.Input","viewName":"etm.portal.ui.manageyards.view.New","viewId":"application-manageyards-display-component---NewYard","bindingPath":{"path":"","propertyPath":"/SALES_AREA_VTWEG","modelName":"NewYardModel"},"interaction":{"idSuffix":"inner"}},"wdio_ui5_key":"etmportal.ui.manageyards.view.Newsap.m.Input{\"path\":\"\",\"propertyPath\":\"/SALES_AREA_VTWEG\",\"modelName\":\"NewYardModel\"}"}]}
RESULT: {"script":"<script> [1562 bytes]","args":[{"selector":{"controlType":"sap.m.Input","viewName":"etm.portal.ui.manageyards.view.New","viewId":"application-manageyards-display-component---NewYard","bindingPath":{"path":"","propertyPath":"/SALES_AREA_VTWEG","modelName":"NewYardModel"},"interaction":{"idSuffix":"inner"}},"wdio_ui5_key":"etmportal.ui.manageyards.view.Newsap.m.Input{\"path\":\"\",\"propertyPath\":\"/SALES_AREA_VTWEG\",\"modelName\":\"NewYardModel\"}"}]}
RESULT: undefined
COMMAND: POST /session/cd8dad5b6aa98ad5f0615c697c2d4924/execute/async - {"script":"<script> [776 bytes]","args":[{"enterText":"C2","selector":{"controlType":"sap.m.Input","viewName":"etm.portal.ui.manageyards.view.New","viewId":"application-manageyards-display-component---NewYard","bindingPath":{"path":"","propertyPath":"/SALES_AREA_VTWEG","modelName":"NewYardModel"},"interaction":{"idSuffix":"inner"}},"clearTextFirst":true,"interactionType":"ENTER_TEXT"}]}
RESULT: {"script":"<script> [776 bytes]","args":[{"enterText":"C2","selector":{"controlType":"sap.m.Input","viewName":"etm.portal.ui.manageyards.view.New","viewId":"application-manageyards-display-component---NewYard","bindingPath":{"path":"","propertyPath":"/SALES_AREA_VTWEG","modelName":"NewYardModel"},"interaction":{"idSuffix":"inner"}},"clearTextFirst":true,"interactionType":"ENTER_TEXT"}]}
COMMAND: POST /session/cd8dad5b6aa98ad5f0615c697c2d4924/execute/async - {"script":"<script> [1562 bytes]","args":[{"selector":{"controlType":"sap.m.Input","viewName":"etm.portal.ui.manageyards.view.New","viewId":"application-manageyards-display-component---NewYard","bindingPath":{"path":"","propertyPath":"/SALES_AREA_SPART","modelName":"NewYardModel"},"interaction":{"idSuffix":"inner"}},"wdio_ui5_key":"etmportal.ui.manageyards.view.Newsap.m.Input{\"path\":\"\",\"propertyPath\":\"/SALES_AREA_SPART\",\"modelName\":\"NewYardModel\"}"}]}
RESULT: {"script":"<script> [1562 bytes]","args":[{"selector":{"controlType":"sap.m.Input","viewName":"etm.portal.ui.manageyards.view.New","viewId":"application-manageyards-display-component---NewYard","bindingPath":{"path":"","propertyPath":"/SALES_AREA_SPART","modelName":"NewYardModel"},"interaction":{"idSuffix":"inner"}},"wdio_ui5_key":"etmportal.ui.manageyards.view.Newsap.m.Input{\"path\":\"\",\"propertyPath\":\"/SALES_AREA_SPART\",\"modelName\":\"NewYardModel\"}"}]}
RESULT: undefined
COMMAND: POST /session/cd8dad5b6aa98ad5f0615c697c2d4924/execute/async - {"script":"<script> [776 bytes]","args":[{"enterText":"C2","selector":{"controlType":"sap.m.Input","viewName":"etm.portal.ui.manageyards.view.New","viewId":"application-manageyards-display-component---NewYard","bindingPath":{"path":"","propertyPath":"/SALES_AREA_SPART","modelName":"NewYardModel"},"interaction":{"idSuffix":"inner"}},"clearTextFirst":true,"interactionType":"ENTER_TEXT"}]}
RESULT: {"script":"<script> [776 bytes]","args":[{"enterText":"C2","selector":{"controlType":"sap.m.Input","viewName":"etm.portal.ui.manageyards.view.New","viewId":"application-manageyards-display-component---NewYard","bindingPath":{"path":"","propertyPath":"/SALES_AREA_SPART","modelName":"NewYardModel"},"interaction":{"idSuffix":"inner"}},"clearTextFirst":true,"interactionType":"ENTER_TEXT"}]}
COMMAND: POST /session/cd8dad5b6aa98ad5f0615c697c2d4924/execute/async - {"script":"<script> [1562 bytes]","args":[{"selector":{"controlType":"sap.m.Input","viewName":"etm.portal.ui.manageyards.view.New","viewId":"application-manageyards-display-component---NewYard","bindingPath":{"path":"","propertyPath":"/SHIP_POINT","modelName":"NewYardModel"},"interaction":{"idSuffix":"inner"}},"wdio_ui5_key":"etmportal.ui.manageyards.view.Newsap.m.Input{\"path\":\"\",\"propertyPath\":\"/SHIP_POINT\",\"modelName\":\"NewYardModel\"}"}]}
RESULT: {"script":"<script> [1562 bytes]","args":[{"selector":{"controlType":"sap.m.Input","viewName":"etm.portal.ui.manageyards.view.New","viewId":"application-manageyards-display-component---NewYard","bindingPath":{"path":"","propertyPath":"/SHIP_POINT","modelName":"NewYardModel"},"interaction":{"idSuffix":"inner"}},"wdio_ui5_key":"etmportal.ui.manageyards.view.Newsap.m.Input{\"path\":\"\",\"propertyPath\":\"/SHIP_POINT\",\"modelName\":\"NewYardModel\"}"}]}
RESULT: undefined
COMMAND: POST /session/cd8dad5b6aa98ad5f0615c697c2d4924/execute/async - {"script":"<script> [776 bytes]","args":[{"enterText":"1710","selector":{"controlType":"sap.m.Input","viewName":"etm.portal.ui.manageyards.view.New","viewId":"application-manageyards-display-component---NewYard","bindingPath":{"path":"","propertyPath":"/SHIP_POINT","modelName":"NewYardModel"},"interaction":{"idSuffix":"inner"}},"clearTextFirst":true,"interactionType":"ENTER_TEXT"}]}
RESULT: {"script":"<script> [776 bytes]","args":[{"enterText":"1710","selector":{"controlType":"sap.m.Input","viewName":"etm.portal.ui.manageyards.view.New","viewId":"application-manageyards-display-component---NewYard","bindingPath":{"path":"","propertyPath":"/SHIP_POINT","modelName":"NewYardModel"},"interaction":{"idSuffix":"inner"}},"clearTextFirst":true,"interactionType":"ENTER_TEXT"}]}
COMMAND: POST /session/cd8dad5b6aa98ad5f0615c697c2d4924/execute/async - {"script":"<script> [1562 bytes]","args":[{"selector":{"controlType":"sap.m.Input","viewName":"etm.portal.ui.manageyards.view.New","viewId":"application-manageyards-display-component---NewYard","bindingPath":{"path":"","propertyPath":"/DELIVERY_TYPE","modelName":"NewYardModel"},"interaction":{"idSuffix":"inner"}},"wdio_ui5_key":"etmportal.ui.manageyards.view.Newsap.m.Input{\"path\":\"\",\"propertyPath\":\"/DELIVERY_TYPE\",\"modelName\":\"NewYardModel\"}"}]}
RESULT: {"script":"<script> [1562 bytes]","args":[{"selector":{"controlType":"sap.m.Input","viewName":"etm.portal.ui.manageyards.view.New","viewId":"application-manageyards-display-component---NewYard","bindingPath":{"path":"","propertyPath":"/DELIVERY_TYPE","modelName":"NewYardModel"},"interaction":{"idSuffix":"inner"}},"wdio_ui5_key":"etmportal.ui.manageyards.view.Newsap.m.Input{\"path\":\"\",\"propertyPath\":\"/DELIVERY_TYPE\",\"modelName\":\"NewYardModel\"}"}]}
RESULT: undefined
COMMAND: POST /session/cd8dad5b6aa98ad5f0615c697c2d4924/execute/async - {"script":"<script> [776 bytes]","args":[{"enterText":"ZL01","selector":{"controlType":"sap.m.Input","viewName":"etm.portal.ui.manageyards.view.New","viewId":"application-manageyards-display-component---NewYard","bindingPath":{"path":"","propertyPath":"/DELIVERY_TYPE","modelName":"NewYardModel"},"interaction":{"idSuffix":"inner"}},"clearTextFirst":true,"interactionType":"ENTER_TEXT"}]}
RESULT: {"script":"<script> [776 bytes]","args":[{"enterText":"ZL01","selector":{"controlType":"sap.m.Input","viewName":"etm.portal.ui.manageyards.view.New","viewId":"application-manageyards-display-component---NewYard","bindingPath":{"path":"","propertyPath":"/DELIVERY_TYPE","modelName":"NewYardModel"},"interaction":{"idSuffix":"inner"}},"clearTextFirst":true,"interactionType":"ENTER_TEXT"}]}
COMMAND: POST /session/cd8dad5b6aa98ad5f0615c697c2d4924/execute/async - {"script":"<script> [1562 bytes]","args":[{"selector":{"controlType":"sap.m.Input","viewName":"etm.portal.ui.manageyards.view.New","viewId":"application-manageyards-display-component---NewYard","bindingPath":{"path":"","propertyPath":"/AUART","modelName":"NewYardModel"},"interaction":{"idSuffix":"inner"}},"wdio_ui5_key":"etmportal.ui.manageyards.view.Newsap.m.Input{\"path\":\"\",\"propertyPath\":\"/AUART\",\"modelName\":\"NewYardModel\"}"}]}
RESULT: {"script":"<script> [1562 bytes]","args":[{"selector":{"controlType":"sap.m.Input","viewName":"etm.portal.ui.manageyards.view.New","viewId":"application-manageyards-display-component---NewYard","bindingPath":{"path":"","propertyPath":"/AUART","modelName":"NewYardModel"},"interaction":{"idSuffix":"inner"}},"wdio_ui5_key":"etmportal.ui.manageyards.view.Newsap.m.Input{\"path\":\"\",\"propertyPath\":\"/AUART\",\"modelName\":\"NewYardModel\"}"}]}
RESULT: undefined
COMMAND: POST /session/cd8dad5b6aa98ad5f0615c697c2d4924/execute/async - {"script":"<script> [776 bytes]","args":[{"enterText":"TA","selector":{"controlType":"sap.m.Input","viewName":"etm.portal.ui.manageyards.view.New","viewId":"application-manageyards-display-component---NewYard","bindingPath":{"path":"","propertyPath":"/AUART","modelName":"NewYardModel"},"interaction":{"idSuffix":"inner"}},"clearTextFirst":true,"interactionType":"ENTER_TEXT"}]}
RESULT: {"script":"<script> [776 bytes]","args":[{"enterText":"TA","selector":{"controlType":"sap.m.Input","viewName":"etm.portal.ui.manageyards.view.New","viewId":"application-manageyards-display-component---NewYard","bindingPath":{"path":"","propertyPath":"/AUART","modelName":"NewYardModel"},"interaction":{"idSuffix":"inner"}},"clearTextFirst":true,"interactionType":"ENTER_TEXT"}]}
COMMAND: POST /session/cd8dad5b6aa98ad5f0615c697c2d4924/element - {"using":"xpath","value":"//button[@data-kt=\"newYardSaveButton\"]"}
RESULT: {"using":"xpath","value":"//button[@data-kt=\"newYardSaveButton\"]"}
COMMAND: POST /session/cd8dad5b6aa98ad5f0615c697c2d4924/element/f.73A3896108CAD0F2DAB8766297627504.d.BC37919B704316A2FB515D5A48B86499.e.690/click - {}
RESULT: {}
COMMAND: GET /session/cd8dad5b6aa98ad5f0615c697c2d4924/screenshot - {}
RESULT: {}
COMMAND: POST /session/cd8dad5b6aa98ad5f0615c697c2d4924/element - {"using":"xpath","value":"//header[contains(@id, 'ObjectPageLayout-headerTitle')]/div[1]/div[2]/div[1]/span[1]"}
RESULT: {"using":"xpath","value":"//header[contains(@id, 'ObjectPageLayout-headerTitle')]/div[1]/div[2]/div[1]/span[1]"}
COMMAND: POST /session/cd8dad5b6aa98ad5f0615c697c2d4924/elements - {"using":"xpath","value":"//header[contains(@id, 'ObjectPageLayout-headerTitle')]/div[1]/div[2]/div[1]/span[1]"}
RESULT: {"using":"xpath","value":"//header[contains(@id, 'ObjectPageLayout-headerTitle')]/div[1]/div[2]/div[1]/span[1]"}
COMMAND: POST /session/cd8dad5b6aa98ad5f0615c697c2d4924/execute/sync - {"script":"<script> [56 bytes]","args":[{"element-6066-11e4-a52e-4f735466cecf":"f.73A3896108CAD0F2DAB8766297627504.d.BC37919B704316A2FB515D5A48B86499.e.1016","ELEMENT":"f.73A3896108CAD0F2DAB8766297627504.d.BC37919B704316A2FB515D5A48B86499.e.1016"}]}
RESULT: {"script":"<script> [56 bytes]","args":[{"element-6066-11e4-a52e-4f735466cecf":"f.73A3896108CAD0F2DAB8766297627504.d.BC37919B704316A2FB515D5A48B86499.e.1016","ELEMENT":"f.73A3896108CAD0F2DAB8766297627504.d.BC37919B704316A2FB515D5A48B86499.e.1016"}]}
COMMAND: GET /session/cd8dad5b6aa98ad5f0615c697c2d4924/screenshot - {}
RESULT: {}
COMMAND: POST /session/cd8dad5b6aa98ad5f0615c697c2d4924/element - {"using":"css selector","value":"#shell-header-logo"}
RESULT: {"using":"css selector","value":"#shell-header-logo"}
COMMAND: POST /session/cd8dad5b6aa98ad5f0615c697c2d4924/element/f.73A3896108CAD0F2DAB8766297627504.d.BC37919B704316A2FB515D5A48B86499.e.259/click - {}
RESULT: {}
COMMAND: GET /session/cd8dad5b6aa98ad5f0615c697c2d4924/screenshot - {}
RESULT: {}
COMMAND: POST /session/cd8dad5b6aa98ad5f0615c697c2d4924/execute/sync - {"script":"<script> [299 bytes]","args":[["getModel","getResource"]]}
RESULT: {"script":"<script> [299 bytes]","args":[["getModel","getResource"]]}
]]></system-out>
    </testcase>
    <testcase classname="chrome.136_0_7103_93.windows.Billing_confirm_US117289" name="Should create a new partner" time="145.322">
      <system-out><![CDATA[
COMMAND: GET /session/cd8dad5b6aa98ad5f0615c697c2d4924/screenshot - {}
COMMAND: POST /session/cd8dad5b6aa98ad5f0615c697c2d4924/window/fullscreen - {}
RESULT: {}
RESULT: {}
COMMAND: POST /session/cd8dad5b6aa98ad5f0615c697c2d4924/execute/async - {"script":"<script> [1562 bytes]","args":[{"selector":{"controlType":"sap.m.GenericTile","properties":{"header":"Manage Partners"}},"wdio_ui5_key":"sapm.GenericTile{\"header\":\"Manage Partners\"}"}]}
RESULT: {"script":"<script> [1562 bytes]","args":[{"selector":{"controlType":"sap.m.GenericTile","properties":{"header":"Manage Partners"}},"wdio_ui5_key":"sapm.GenericTile{\"header\":\"Manage Partners\"}"}]}
RESULT: undefined
COMMAND: POST /session/cd8dad5b6aa98ad5f0615c697c2d4924/element - {"using":"xpath","value":"//*[@id=\"__tile38\"]"}
RESULT: {"using":"xpath","value":"//*[@id=\"__tile38\"]"}
COMMAND: POST /session/cd8dad5b6aa98ad5f0615c697c2d4924/element/f.73A3896108CAD0F2DAB8766297627504.d.BC37919B704316A2FB515D5A48B86499.e.148/click - {}
RESULT: {}
COMMAND: GET /session/cd8dad5b6aa98ad5f0615c697c2d4924/screenshot - {}
RESULT: {}
COMMAND: POST /session/cd8dad5b6aa98ad5f0615c697c2d4924/elements - {"using":"xpath","value":"//span[text()='Error']"}
RESULT: {"using":"xpath","value":"//span[text()='Error']"}
COMMAND: POST /session/cd8dad5b6aa98ad5f0615c697c2d4924/element - {"using":"xpath","value":"//button[@data-kt=\"addButton\"]"}
RESULT: {"using":"xpath","value":"//button[@data-kt=\"addButton\"]"}
COMMAND: POST /session/cd8dad5b6aa98ad5f0615c697c2d4924/elements - {"using":"xpath","value":"//button[@data-kt=\"addButton\"]"}
RESULT: {"using":"xpath","value":"//button[@data-kt=\"addButton\"]"}
COMMAND: POST /session/cd8dad5b6aa98ad5f0615c697c2d4924/elements - {"using":"xpath","value":"//button[@data-kt=\"addButton\"]"}
RESULT: {"using":"xpath","value":"//button[@data-kt=\"addButton\"]"}
COMMAND: POST /session/cd8dad5b6aa98ad5f0615c697c2d4924/element - {"using":"xpath","value":"//button[@data-kt=\"addButton\"]"}
RESULT: {"using":"xpath","value":"//button[@data-kt=\"addButton\"]"}
COMMAND: POST /session/cd8dad5b6aa98ad5f0615c697c2d4924/execute/sync - {"script":"<script> [8489 bytes]","args":[{"element-6066-11e4-a52e-4f735466cecf":"f.73A3896108CAD0F2DAB8766297627504.d.BC37919B704316A2FB515D5A48B86499.e.1054","ELEMENT":"f.73A3896108CAD0F2DAB8766297627504.d.BC37919B704316A2FB515D5A48B86499.e.1054"}]}
RESULT: {"script":"<script> [8489 bytes]","args":[{"element-6066-11e4-a52e-4f735466cecf":"f.73A3896108CAD0F2DAB8766297627504.d.BC37919B704316A2FB515D5A48B86499.e.1054","ELEMENT":"f.73A3896108CAD0F2DAB8766297627504.d.BC37919B704316A2FB515D5A48B86499.e.1054"}]}
COMMAND: GET /session/cd8dad5b6aa98ad5f0615c697c2d4924/element/f.73A3896108CAD0F2DAB8766297627504.d.BC37919B704316A2FB515D5A48B86499.e.1054/enabled - {}
COMMAND: GET /session/cd8dad5b6aa98ad5f0615c697c2d4924/screenshot - {}
RESULT: {}
COMMAND: POST /session/cd8dad5b6aa98ad5f0615c697c2d4924/execute/sync - {"script":"<script> [8489 bytes]","args":[{"element-6066-11e4-a52e-4f735466cecf":"f.73A3896108CAD0F2DAB8766297627504.d.BC37919B704316A2FB515D5A48B86499.e.1054","ELEMENT":"f.73A3896108CAD0F2DAB8766297627504.d.BC37919B704316A2FB515D5A48B86499.e.1054"}]}
COMMAND: GET /session/cd8dad5b6aa98ad5f0615c697c2d4924/screenshot - {}
RESULT: {}
RESULT: {}
RESULT: {"script":"<script> [8489 bytes]","args":[{"element-6066-11e4-a52e-4f735466cecf":"f.73A3896108CAD0F2DAB8766297627504.d.BC37919B704316A2FB515D5A48B86499.e.1054","ELEMENT":"f.73A3896108CAD0F2DAB8766297627504.d.BC37919B704316A2FB515D5A48B86499.e.1054"}]}
COMMAND: POST /session/cd8dad5b6aa98ad5f0615c697c2d4924/execute/sync - {"script":"<script> [5351 bytes]","args":[{"element-6066-11e4-a52e-4f735466cecf":"f.73A3896108CAD0F2DAB8766297627504.d.BC37919B704316A2FB515D5A48B86499.e.1054","ELEMENT":"f.73A3896108CAD0F2DAB8766297627504.d.BC37919B704316A2FB515D5A48B86499.e.1054"}]}
COMMAND: GET /session/cd8dad5b6aa98ad5f0615c697c2d4924/screenshot - {}
RESULT: {"script":"<script> [5351 bytes]","args":[{"element-6066-11e4-a52e-4f735466cecf":"f.73A3896108CAD0F2DAB8766297627504.d.BC37919B704316A2FB515D5A48B86499.e.1054","ELEMENT":"f.73A3896108CAD0F2DAB8766297627504.d.BC37919B704316A2FB515D5A48B86499.e.1054"}]}
COMMAND: POST /session/cd8dad5b6aa98ad5f0615c697c2d4924/element/f.73A3896108CAD0F2DAB8766297627504.d.BC37919B704316A2FB515D5A48B86499.e.1054/click - {}
COMMAND: GET /session/cd8dad5b6aa98ad5f0615c697c2d4924/screenshot - {}
RESULT: {}
RESULT: {}
COMMAND: GET /session/cd8dad5b6aa98ad5f0615c697c2d4924/screenshot - {}
RESULT: {}
RESULT: {}
COMMAND: POST /session/cd8dad5b6aa98ad5f0615c697c2d4924/execute/async - {"script":"<script> [1562 bytes]","args":[{"selector":{"id":"application-managepartners-display-component---NewPartner--addressDetailDetailsName1","interaction":{"idSuffix":"inner"}},"wdio_ui5_key":"applicationmanagepartners-display-component---NewPartner--addressDetailDetailsName1"}]}
RESULT: {"script":"<script> [1562 bytes]","args":[{"selector":{"id":"application-managepartners-display-component---NewPartner--addressDetailDetailsName1","interaction":{"idSuffix":"inner"}},"wdio_ui5_key":"applicationmanagepartners-display-component---NewPartner--addressDetailDetailsName1"}]}
RESULT: undefined
COMMAND: POST /session/cd8dad5b6aa98ad5f0615c697c2d4924/execute/async - {"script":"<script> [776 bytes]","args":[{"enterText":"Intracompany Partner WDIO","selector":{"id":"application-managepartners-display-component---NewPartner--addressDetailDetailsName1","interaction":{"idSuffix":"inner"}},"clearTextFirst":true,"interactionType":"ENTER_TEXT"}]}
RESULT: {"script":"<script> [776 bytes]","args":[{"enterText":"Intracompany Partner WDIO","selector":{"id":"application-managepartners-display-component---NewPartner--addressDetailDetailsName1","interaction":{"idSuffix":"inner"}},"clearTextFirst":true,"interactionType":"ENTER_TEXT"}]}
COMMAND: POST /session/cd8dad5b6aa98ad5f0615c697c2d4924/execute/async - {"script":"<script> [1562 bytes]","args":[{"selector":{"id":"application-managepartners-display-component---NewPartner--addressDetailDetailsLanguage-arrow"},"wdio_ui5_key":"applicationmanagepartners-display-component---NewPartner--addressDetailDetailsLanguage-arrow"}]}
RESULT: {"script":"<script> [1562 bytes]","args":[{"selector":{"id":"application-managepartners-display-component---NewPartner--addressDetailDetailsLanguage-arrow"},"wdio_ui5_key":"applicationmanagepartners-display-component---NewPartner--addressDetailDetailsLanguage-arrow"}]}
RESULT: undefined
COMMAND: POST /session/cd8dad5b6aa98ad5f0615c697c2d4924/element - {"using":"xpath","value":"//*[@id=\"application-managepartners-display-component---NewPartner--addressDetailDetailsLanguage-arrow\"]"}
RESULT: {"using":"xpath","value":"//*[@id=\"application-managepartners-display-component---NewPartner--addressDetailDetailsLanguage-arrow\"]"}
COMMAND: POST /session/cd8dad5b6aa98ad5f0615c697c2d4924/element/f.73A3896108CAD0F2DAB8766297627504.d.BC37919B704316A2FB515D5A48B86499.e.1512/click - {}
RESULT: {}
COMMAND: POST /session/cd8dad5b6aa98ad5f0615c697c2d4924/element - {"using":"xpath","value":"//span[contains(text(), \"English\")]"}
COMMAND: GET /session/cd8dad5b6aa98ad5f0615c697c2d4924/screenshot - {}
RESULT: {"using":"xpath","value":"//span[contains(text(), \"English\")]"}
COMMAND: POST /session/cd8dad5b6aa98ad5f0615c697c2d4924/element/f.73A3896108CAD0F2DAB8766297627504.d.BC37919B704316A2FB515D5A48B86499.e.1513/click - {}
RESULT: {}
RESULT: {}
COMMAND: GET /session/cd8dad5b6aa98ad5f0615c697c2d4924/screenshot - {}
RESULT: {}
COMMAND: POST /session/cd8dad5b6aa98ad5f0615c697c2d4924/execute/async - {"script":"<script> [1562 bytes]","args":[{"selector":{"id":"application-managepartners-display-component---NewPartner--addressDetailDetailsCity1","interaction":{"idSuffix":"inner"}},"wdio_ui5_key":"applicationmanagepartners-display-component---NewPartner--addressDetailDetailsCity1"}]}
RESULT: {"script":"<script> [1562 bytes]","args":[{"selector":{"id":"application-managepartners-display-component---NewPartner--addressDetailDetailsCity1","interaction":{"idSuffix":"inner"}},"wdio_ui5_key":"applicationmanagepartners-display-component---NewPartner--addressDetailDetailsCity1"}]}
RESULT: undefined
COMMAND: POST /session/cd8dad5b6aa98ad5f0615c697c2d4924/execute/async - {"script":"<script> [776 bytes]","args":[{"enterText":"Rosario","selector":{"id":"application-managepartners-display-component---NewPartner--addressDetailDetailsCity1","interaction":{"idSuffix":"inner"}},"clearTextFirst":true,"interactionType":"ENTER_TEXT"}]}
RESULT: {"script":"<script> [776 bytes]","args":[{"enterText":"Rosario","selector":{"id":"application-managepartners-display-component---NewPartner--addressDetailDetailsCity1","interaction":{"idSuffix":"inner"}},"clearTextFirst":true,"interactionType":"ENTER_TEXT"}]}
COMMAND: POST /session/cd8dad5b6aa98ad5f0615c697c2d4924/execute/async - {"script":"<script> [1562 bytes]","args":[{"selector":{"id":"application-managepartners-display-component---NewPartner--addressDetailDetailsCountry-arrow"},"wdio_ui5_key":"applicationmanagepartners-display-component---NewPartner--addressDetailDetailsCountry-arrow"}]}
RESULT: {"script":"<script> [1562 bytes]","args":[{"selector":{"id":"application-managepartners-display-component---NewPartner--addressDetailDetailsCountry-arrow"},"wdio_ui5_key":"applicationmanagepartners-display-component---NewPartner--addressDetailDetailsCountry-arrow"}]}
RESULT: undefined
COMMAND: POST /session/cd8dad5b6aa98ad5f0615c697c2d4924/element - {"using":"xpath","value":"//*[@id=\"application-managepartners-display-component---NewPartner--addressDetailDetailsCountry-arrow\"]"}
RESULT: {"using":"xpath","value":"//*[@id=\"application-managepartners-display-component---NewPartner--addressDetailDetailsCountry-arrow\"]"}
COMMAND: POST /session/cd8dad5b6aa98ad5f0615c697c2d4924/element/f.73A3896108CAD0F2DAB8766297627504.d.BC37919B704316A2FB515D5A48B86499.e.1499/click - {}
RESULT: {}
COMMAND: POST /session/cd8dad5b6aa98ad5f0615c697c2d4924/element - {"using":"xpath","value":"//span[contains(text(), \"Argentina\")]"}
COMMAND: GET /session/cd8dad5b6aa98ad5f0615c697c2d4924/screenshot - {}
RESULT: {"using":"xpath","value":"//span[contains(text(), \"Argentina\")]"}
COMMAND: POST /session/cd8dad5b6aa98ad5f0615c697c2d4924/element/f.73A3896108CAD0F2DAB8766297627504.d.BC37919B704316A2FB515D5A48B86499.e.1515/click - {}
RESULT: {}
RESULT: {}
COMMAND: GET /session/cd8dad5b6aa98ad5f0615c697c2d4924/screenshot - {}
RESULT: {}
COMMAND: POST /session/cd8dad5b6aa98ad5f0615c697c2d4924/element - {"using":"xpath","value":"//bdi[contains(text(), \"Commercial\")]"}
RESULT: {"using":"xpath","value":"//bdi[contains(text(), \"Commercial\")]"}
COMMAND: POST /session/cd8dad5b6aa98ad5f0615c697c2d4924/element/f.73A3896108CAD0F2DAB8766297627504.d.BC37919B704316A2FB515D5A48B86499.e.1516/click - {}
RESULT: {}
COMMAND: GET /session/cd8dad5b6aa98ad5f0615c697c2d4924/screenshot - {}
RESULT: {}
COMMAND: POST /session/cd8dad5b6aa98ad5f0615c697c2d4924/execute/async - {"script":"<script> [1562 bytes]","args":[{"selector":{"id":"application-managepartners-display-component---NewPartner--partnerDetailInternal-arrow"},"wdio_ui5_key":"applicationmanagepartners-display-component---NewPartner--partnerDetailInternal-arrow"}]}
RESULT: {"script":"<script> [1562 bytes]","args":[{"selector":{"id":"application-managepartners-display-component---NewPartner--partnerDetailInternal-arrow"},"wdio_ui5_key":"applicationmanagepartners-display-component---NewPartner--partnerDetailInternal-arrow"}]}
RESULT: undefined
COMMAND: POST /session/cd8dad5b6aa98ad5f0615c697c2d4924/element - {"using":"xpath","value":"//*[@id=\"application-managepartners-display-component---NewPartner--partnerDetailInternal-arrow\"]"}
RESULT: {"using":"xpath","value":"//*[@id=\"application-managepartners-display-component---NewPartner--partnerDetailInternal-arrow\"]"}
COMMAND: POST /session/cd8dad5b6aa98ad5f0615c697c2d4924/element/f.73A3896108CAD0F2DAB8766297627504.d.BC37919B704316A2FB515D5A48B86499.e.1524/click - {}
RESULT: {}
COMMAND: POST /session/cd8dad5b6aa98ad5f0615c697c2d4924/element - {"using":"xpath","value":"//span[contains(text(), \"Affiliated company\")]"}
COMMAND: GET /session/cd8dad5b6aa98ad5f0615c697c2d4924/screenshot - {}
RESULT: {"using":"xpath","value":"//span[contains(text(), \"Affiliated company\")]"}
COMMAND: POST /session/cd8dad5b6aa98ad5f0615c697c2d4924/element/f.73A3896108CAD0F2DAB8766297627504.d.BC37919B704316A2FB515D5A48B86499.e.1525/click - {}
RESULT: {}
RESULT: {}
COMMAND: POST /session/cd8dad5b6aa98ad5f0615c697c2d4924/execute/async - {"script":"<script> [1562 bytes]","args":[{"selector":{"id":"application-managepartners-display-component---NewPartner--partnerDetailsCurrency-arrow"},"wdio_ui5_key":"applicationmanagepartners-display-component---NewPartner--partnerDetailsCurrency-arrow"}]}
COMMAND: GET /session/cd8dad5b6aa98ad5f0615c697c2d4924/screenshot - {}
RESULT: {"script":"<script> [1562 bytes]","args":[{"selector":{"id":"application-managepartners-display-component---NewPartner--partnerDetailsCurrency-arrow"},"wdio_ui5_key":"applicationmanagepartners-display-component---NewPartner--partnerDetailsCurrency-arrow"}]}
RESULT: undefined
COMMAND: POST /session/cd8dad5b6aa98ad5f0615c697c2d4924/element - {"using":"xpath","value":"//*[@id=\"application-managepartners-display-component---NewPartner--partnerDetailsCurrency-arrow\"]"}
RESULT: {}
RESULT: {"using":"xpath","value":"//*[@id=\"application-managepartners-display-component---NewPartner--partnerDetailsCurrency-arrow\"]"}
COMMAND: POST /session/cd8dad5b6aa98ad5f0615c697c2d4924/element/f.73A3896108CAD0F2DAB8766297627504.d.BC37919B704316A2FB515D5A48B86499.e.1532/click - {}
RESULT: {}
COMMAND: POST /session/cd8dad5b6aa98ad5f0615c697c2d4924/element - {"using":"xpath","value":"//span[contains(text(), \"Euro\")]"}
COMMAND: GET /session/cd8dad5b6aa98ad5f0615c697c2d4924/screenshot - {}
RESULT: {"using":"xpath","value":"//span[contains(text(), \"Euro\")]"}
COMMAND: POST /session/cd8dad5b6aa98ad5f0615c697c2d4924/element/f.73A3896108CAD0F2DAB8766297627504.d.BC37919B704316A2FB515D5A48B86499.e.1533/click - {}
RESULT: {}
RESULT: {}
COMMAND: POST /session/cd8dad5b6aa98ad5f0615c697c2d4924/execute/async - {"script":"<script> [1562 bytes]","args":[{"selector":{"id":"application-managepartners-display-component---NewPartner--addressEditDetailsCostObjectCstType-arrow"},"wdio_ui5_key":"applicationmanagepartners-display-component---NewPartner--addressEditDetailsCostObjectCstType-arrow"}]}
COMMAND: GET /session/cd8dad5b6aa98ad5f0615c697c2d4924/screenshot - {}
RESULT: {"script":"<script> [1562 bytes]","args":[{"selector":{"id":"application-managepartners-display-component---NewPartner--addressEditDetailsCostObjectCstType-arrow"},"wdio_ui5_key":"applicationmanagepartners-display-component---NewPartner--addressEditDetailsCostObjectCstType-arrow"}]}
RESULT: undefined
COMMAND: POST /session/cd8dad5b6aa98ad5f0615c697c2d4924/element - {"using":"xpath","value":"//*[@id=\"application-managepartners-display-component---NewPartner--addressEditDetailsCostObjectCstType-arrow\"]"}
RESULT: {}
RESULT: {"using":"xpath","value":"//*[@id=\"application-managepartners-display-component---NewPartner--addressEditDetailsCostObjectCstType-arrow\"]"}
COMMAND: POST /session/cd8dad5b6aa98ad5f0615c697c2d4924/element/f.73A3896108CAD0F2DAB8766297627504.d.BC37919B704316A2FB515D5A48B86499.e.1534/click - {}
RESULT: {}
COMMAND: POST /session/cd8dad5b6aa98ad5f0615c697c2d4924/element - {"using":"xpath","value":"//span[contains(text(), \"Cost Center\")]"}
COMMAND: GET /session/cd8dad5b6aa98ad5f0615c697c2d4924/screenshot - {}
RESULT: {"using":"xpath","value":"//span[contains(text(), \"Cost Center\")]"}
COMMAND: POST /session/cd8dad5b6aa98ad5f0615c697c2d4924/element/f.73A3896108CAD0F2DAB8766297627504.d.BC37919B704316A2FB515D5A48B86499.e.1535/click - {}
RESULT: {}
RESULT: {}
COMMAND: GET /session/cd8dad5b6aa98ad5f0615c697c2d4924/screenshot - {}
RESULT: {}
COMMAND: POST /session/cd8dad5b6aa98ad5f0615c697c2d4924/element - {"using":"xpath","value":"//span[@id=\"application-managepartners-display-component---NewPartner--addressNewCostObjectCstID-vhi\"]"}
RESULT: {"using":"xpath","value":"//span[@id=\"application-managepartners-display-component---NewPartner--addressNewCostObjectCstID-vhi\"]"}
COMMAND: POST /session/cd8dad5b6aa98ad5f0615c697c2d4924/execute/sync - {"script":"<script> [8489 bytes]","args":[{"element-6066-11e4-a52e-4f735466cecf":"f.73A3896108CAD0F2DAB8766297627504.d.BC37919B704316A2FB515D5A48B86499.e.1539","ELEMENT":"f.73A3896108CAD0F2DAB8766297627504.d.BC37919B704316A2FB515D5A48B86499.e.1539"}]}
RESULT: {"script":"<script> [8489 bytes]","args":[{"element-6066-11e4-a52e-4f735466cecf":"f.73A3896108CAD0F2DAB8766297627504.d.BC37919B704316A2FB515D5A48B86499.e.1539","ELEMENT":"f.73A3896108CAD0F2DAB8766297627504.d.BC37919B704316A2FB515D5A48B86499.e.1539"}]}
COMMAND: POST /session/cd8dad5b6aa98ad5f0615c697c2d4924/execute/async - {"script":"<script> [1562 bytes]","args":[{"selector":{"id":"application-managepartners-display-component---NewPartner--addressNewCostObjectCstID-vhi"},"wdio_ui5_key":"applicationmanagepartners-display-component---NewPartner--addressNewCostObjectCstID-vhi"}]}
COMMAND: GET /session/cd8dad5b6aa98ad5f0615c697c2d4924/screenshot - {}
RESULT: {"script":"<script> [1562 bytes]","args":[{"selector":{"id":"application-managepartners-display-component---NewPartner--addressNewCostObjectCstID-vhi"},"wdio_ui5_key":"applicationmanagepartners-display-component---NewPartner--addressNewCostObjectCstID-vhi"}]}
RESULT: undefined
COMMAND: POST /session/cd8dad5b6aa98ad5f0615c697c2d4924/element - {"using":"xpath","value":"//*[@id=\"application-managepartners-display-component---NewPartner--addressNewCostObjectCstID-vhi\"]"}
RESULT: {}
RESULT: {"using":"xpath","value":"//*[@id=\"application-managepartners-display-component---NewPartner--addressNewCostObjectCstID-vhi\"]"}
COMMAND: POST /session/cd8dad5b6aa98ad5f0615c697c2d4924/element/f.73A3896108CAD0F2DAB8766297627504.d.BC37919B704316A2FB515D5A48B86499.e.1539/click - {}
RESULT: {}
COMMAND: GET /session/cd8dad5b6aa98ad5f0615c697c2d4924/screenshot - {}
RESULT: {}
RESULT: undefined
COMMAND: POST /session/cd8dad5b6aa98ad5f0615c697c2d4924/execute/async - {"script":"<script> [776 bytes]","args":[{"enterText":"10001013","selector":{"controlType":"sap.m.SearchField","properties":{"placeholder":"Search"},"searchOpenDialogs":true,"interaction":{"idSuffix":"I"}},"clearTextFirst":true,"interactionType":"ENTER_TEXT"}]}
RESULT: {"script":"<script> [776 bytes]","args":[{"enterText":"10001013","selector":{"controlType":"sap.m.SearchField","properties":{"placeholder":"Search"},"searchOpenDialogs":true,"interaction":{"idSuffix":"I"}},"clearTextFirst":true,"interactionType":"ENTER_TEXT"}]}
COMMAND: POST /session/cd8dad5b6aa98ad5f0615c697c2d4924/actions - {"actions":[{"id":"action2","type":"key","parameters":{},"actions":[{"type":"keyDown","value":""},{"type":"pause","duration":10},{"type":"keyUp","value":""}]}]}
RESULT: {"actions":[{"id":"action2","type":"key","parameters":{},"actions":[{"type":"keyDown","value":""},{"type":"pause","duration":10},{"type":"keyUp","value":""}]}]}
COMMAND: GET /session/cd8dad5b6aa98ad5f0615c697c2d4924/screenshot - {}
RESULT: {}
COMMAND: POST /session/cd8dad5b6aa98ad5f0615c697c2d4924/element - {"using":"xpath","value":"//span[contains(text(), \"General Management\")]"}
RESULT: {"using":"xpath","value":"//span[contains(text(), \"General Management\")]"}
COMMAND: POST /session/cd8dad5b6aa98ad5f0615c697c2d4924/element/f.73A3896108CAD0F2DAB8766297627504.d.BC37919B704316A2FB515D5A48B86499.e.1579/click - {}
RESULT: {}
COMMAND: GET /session/cd8dad5b6aa98ad5f0615c697c2d4924/screenshot - {}
RESULT: {}
COMMAND: POST /session/cd8dad5b6aa98ad5f0615c697c2d4924/element - {"using":"xpath","value":"//bdi[contains(text(), \"OK\")]"}
RESULT: {"using":"xpath","value":"//bdi[contains(text(), \"OK\")]"}
COMMAND: POST /session/cd8dad5b6aa98ad5f0615c697c2d4924/element/f.73A3896108CAD0F2DAB8766297627504.d.BC37919B704316A2FB515D5A48B86499.e.1580/click - {}
RESULT: {}
COMMAND: GET /session/cd8dad5b6aa98ad5f0615c697c2d4924/screenshot - {}
RESULT: {}
COMMAND: POST /session/cd8dad5b6aa98ad5f0615c697c2d4924/element - {"using":"xpath","value":"//input[@id=\"application-managepartners-display-component---NewPartner--companyCodeComboBox-inner\"]"}
RESULT: {"using":"xpath","value":"//input[@id=\"application-managepartners-display-component---NewPartner--companyCodeComboBox-inner\"]"}
COMMAND: POST /session/cd8dad5b6aa98ad5f0615c697c2d4924/element/f.73A3896108CAD0F2DAB8766297627504.d.BC37919B704316A2FB515D5A48B86499.e.1379/clear - {}
RESULT: {}
COMMAND: POST /session/cd8dad5b6aa98ad5f0615c697c2d4924/element/f.73A3896108CAD0F2DAB8766297627504.d.BC37919B704316A2FB515D5A48B86499.e.1379/value - {"text":"1000"}
COMMAND: GET /session/cd8dad5b6aa98ad5f0615c697c2d4924/screenshot - {}
RESULT: {"text":"1000"}
COMMAND: GET /session/cd8dad5b6aa98ad5f0615c697c2d4924/screenshot - {}
RESULT: {}
RESULT: {}
COMMAND: POST /session/cd8dad5b6aa98ad5f0615c697c2d4924/element - {"using":"xpath","value":"//li[.//span[text()= \"1000\"]]"}
RESULT: {"using":"xpath","value":"//li[.//span[text()= \"1000\"]]"}
COMMAND: POST /session/cd8dad5b6aa98ad5f0615c697c2d4924/element/f.73A3896108CAD0F2DAB8766297627504.d.BC37919B704316A2FB515D5A48B86499.e.1586/click - {}
RESULT: {}
COMMAND: GET /session/cd8dad5b6aa98ad5f0615c697c2d4924/screenshot - {}
RESULT: {}
COMMAND: POST /session/cd8dad5b6aa98ad5f0615c697c2d4924/execute/async - {"script":"<script> [1562 bytes]","args":[{"selector":{"id":"application-managepartners-display-component---NewPartner--btnAddTableRow-img"},"wdio_ui5_key":"applicationmanagepartners-display-component---NewPartner--btnAddTableRow-img"}]}
RESULT: {"script":"<script> [1562 bytes]","args":[{"selector":{"id":"application-managepartners-display-component---NewPartner--btnAddTableRow-img"},"wdio_ui5_key":"applicationmanagepartners-display-component---NewPartner--btnAddTableRow-img"}]}
RESULT: undefined
COMMAND: POST /session/cd8dad5b6aa98ad5f0615c697c2d4924/element - {"using":"xpath","value":"//*[@id=\"application-managepartners-display-component---NewPartner--btnAddTableRow-img\"]"}
RESULT: {"using":"xpath","value":"//*[@id=\"application-managepartners-display-component---NewPartner--btnAddTableRow-img\"]"}
COMMAND: POST /session/cd8dad5b6aa98ad5f0615c697c2d4924/element/f.73A3896108CAD0F2DAB8766297627504.d.BC37919B704316A2FB515D5A48B86499.e.1587/click - {}
RESULT: {}
COMMAND: GET /session/cd8dad5b6aa98ad5f0615c697c2d4924/screenshot - {}
RESULT: {}
COMMAND: POST /session/cd8dad5b6aa98ad5f0615c697c2d4924/element - {"using":"xpath","value":"//input[@id=\"application-managepartners-display-component---NewPartner--assignmentYard-application-managepartners-display-component---NewPartner--assignmentsTable-0-inner\"]"}
RESULT: {"using":"xpath","value":"//input[@id=\"application-managepartners-display-component---NewPartner--assignmentYard-application-managepartners-display-component---NewPartner--assignmentsTable-0-inner\"]"}
COMMAND: POST /session/cd8dad5b6aa98ad5f0615c697c2d4924/element/f.73A3896108CAD0F2DAB8766297627504.d.BC37919B704316A2FB515D5A48B86499.e.1590/clear - {}
RESULT: {}
COMMAND: POST /session/cd8dad5b6aa98ad5f0615c697c2d4924/element/f.73A3896108CAD0F2DAB8766297627504.d.BC37919B704316A2FB515D5A48B86499.e.1590/value - {"text":"639"}
COMMAND: GET /session/cd8dad5b6aa98ad5f0615c697c2d4924/screenshot - {}
RESULT: {"text":"639"}
COMMAND: GET /session/cd8dad5b6aa98ad5f0615c697c2d4924/screenshot - {}
RESULT: {}
RESULT: {}
COMMAND: POST /session/cd8dad5b6aa98ad5f0615c697c2d4924/element - {"using":"xpath","value":"//li[.//span[text()='639']]"}
RESULT: {"using":"xpath","value":"//li[.//span[text()='639']]"}
COMMAND: POST /session/cd8dad5b6aa98ad5f0615c697c2d4924/element/f.73A3896108CAD0F2DAB8766297627504.d.BC37919B704316A2FB515D5A48B86499.e.1599/click - {}
RESULT: {}
COMMAND: GET /session/cd8dad5b6aa98ad5f0615c697c2d4924/screenshot - {}
RESULT: {}
COMMAND: POST /session/cd8dad5b6aa98ad5f0615c697c2d4924/actions - {"actions":[{"id":"action3","type":"key","parameters":{},"actions":[{"type":"keyDown","value":""},{"type":"pause","duration":10},{"type":"keyUp","value":""}]}]}
RESULT: {"actions":[{"id":"action3","type":"key","parameters":{},"actions":[{"type":"keyDown","value":""},{"type":"pause","duration":10},{"type":"keyUp","value":""}]}]}
COMMAND: POST /session/cd8dad5b6aa98ad5f0615c697c2d4924/execute/async - {"script":"<script> [1562 bytes]","args":[{"selector":{"id":"application-managepartners-display-component---NewPartner--externalCustomerComboBox-application-managepartners-display-component---NewPartner--assignmentsTable-0-vhi"},"wdio_ui5_key":"applicationmanagepartners-display-component---NewPartner--externalCustomerComboBox-application-managepartners-display-component---NewPartner--assignmentsTable-0-vhi"}]}
COMMAND: GET /session/cd8dad5b6aa98ad5f0615c697c2d4924/screenshot - {}
RESULT: {"script":"<script> [1562 bytes]","args":[{"selector":{"id":"application-managepartners-display-component---NewPartner--externalCustomerComboBox-application-managepartners-display-component---NewPartner--assignmentsTable-0-vhi"},"wdio_ui5_key":"applicationmanagepartners-display-component---NewPartner--externalCustomerComboBox-application-managepartners-display-component---NewPartner--assignmentsTable-0-vhi"}]}
RESULT: undefined
COMMAND: POST /session/cd8dad5b6aa98ad5f0615c697c2d4924/element - {"using":"xpath","value":"//*[@id=\"application-managepartners-display-component---NewPartner--externalCustomerComboBox-application-managepartners-display-component---NewPartner--assignmentsTable-0-vhi\"]"}
RESULT: {}
RESULT: {"using":"xpath","value":"//*[@id=\"application-managepartners-display-component---NewPartner--externalCustomerComboBox-application-managepartners-display-component---NewPartner--assignmentsTable-0-vhi\"]"}
COMMAND: POST /session/cd8dad5b6aa98ad5f0615c697c2d4924/element/f.73A3896108CAD0F2DAB8766297627504.d.BC37919B704316A2FB515D5A48B86499.e.1603/click - {}
RESULT: {}
RESULT: undefined
COMMAND: POST /session/cd8dad5b6aa98ad5f0615c697c2d4924/execute/async - {"script":"<script> [776 bytes]","args":[{"enterText":"300003","selector":{"controlType":"sap.m.SearchField","properties":{"placeholder":"Search"},"searchOpenDialogs":true,"interaction":{"idSuffix":"I"}},"clearTextFirst":true,"interactionType":"ENTER_TEXT"}]}
COMMAND: GET /session/cd8dad5b6aa98ad5f0615c697c2d4924/screenshot - {}
RESULT: {"script":"<script> [776 bytes]","args":[{"enterText":"300003","selector":{"controlType":"sap.m.SearchField","properties":{"placeholder":"Search"},"searchOpenDialogs":true,"interaction":{"idSuffix":"I"}},"clearTextFirst":true,"interactionType":"ENTER_TEXT"}]}
COMMAND: POST /session/cd8dad5b6aa98ad5f0615c697c2d4924/actions - {"actions":[{"id":"action4","type":"key","parameters":{},"actions":[{"type":"keyDown","value":""},{"type":"pause","duration":10},{"type":"keyUp","value":""}]}]}
RESULT: {}
RESULT: {"actions":[{"id":"action4","type":"key","parameters":{},"actions":[{"type":"keyDown","value":""},{"type":"pause","duration":10},{"type":"keyUp","value":""}]}]}
COMMAND: GET /session/cd8dad5b6aa98ad5f0615c697c2d4924/screenshot - {}
RESULT: {}
COMMAND: POST /session/cd8dad5b6aa98ad5f0615c697c2d4924/element - {"using":"xpath","value":"//span[contains(text(), \"300003\")]"}
RESULT: {"using":"xpath","value":"//span[contains(text(), \"300003\")]"}
COMMAND: POST /session/cd8dad5b6aa98ad5f0615c697c2d4924/element/f.73A3896108CAD0F2DAB8766297627504.d.BC37919B704316A2FB515D5A48B86499.e.1621/click - {}
RESULT: {}
COMMAND: GET /session/cd8dad5b6aa98ad5f0615c697c2d4924/screenshot - {}
RESULT: {}
COMMAND: POST /session/cd8dad5b6aa98ad5f0615c697c2d4924/element - {"using":"xpath","value":"//bdi[contains(text(), \"OK\")]"}
RESULT: {"using":"xpath","value":"//bdi[contains(text(), \"OK\")]"}
COMMAND: POST /session/cd8dad5b6aa98ad5f0615c697c2d4924/element/f.73A3896108CAD0F2DAB8766297627504.d.BC37919B704316A2FB515D5A48B86499.e.1623/click - {}
RESULT: {}
COMMAND: GET /session/cd8dad5b6aa98ad5f0615c697c2d4924/screenshot - {}
RESULT: {}
COMMAND: POST /session/cd8dad5b6aa98ad5f0615c697c2d4924/execute/async - {"script":"<script> [1562 bytes]","args":[{"selector":{"id":"application-managepartners-display-component---NewPartner--intercompVendorComboBox-application-managepartners-display-component---NewPartner--assignmentsTable-0-vhi"},"wdio_ui5_key":"applicationmanagepartners-display-component---NewPartner--intercompVendorComboBox-application-managepartners-display-component---NewPartner--assignmentsTable-0-vhi"}]}
RESULT: {"script":"<script> [1562 bytes]","args":[{"selector":{"id":"application-managepartners-display-component---NewPartner--intercompVendorComboBox-application-managepartners-display-component---NewPartner--assignmentsTable-0-vhi"},"wdio_ui5_key":"applicationmanagepartners-display-component---NewPartner--intercompVendorComboBox-application-managepartners-display-component---NewPartner--assignmentsTable-0-vhi"}]}
RESULT: undefined
COMMAND: POST /session/cd8dad5b6aa98ad5f0615c697c2d4924/element - {"using":"xpath","value":"//*[@id=\"application-managepartners-display-component---NewPartner--intercompVendorComboBox-application-managepartners-display-component---NewPartner--assignmentsTable-0-vhi\"]"}
RESULT: {"using":"xpath","value":"//*[@id=\"application-managepartners-display-component---NewPartner--intercompVendorComboBox-application-managepartners-display-component---NewPartner--assignmentsTable-0-vhi\"]"}
COMMAND: POST /session/cd8dad5b6aa98ad5f0615c697c2d4924/element/f.73A3896108CAD0F2DAB8766297627504.d.BC37919B704316A2FB515D5A48B86499.e.1626/click - {}
RESULT: {}
RESULT: undefined
COMMAND: POST /session/cd8dad5b6aa98ad5f0615c697c2d4924/execute/async - {"script":"<script> [776 bytes]","args":[{"enterText":"100005","selector":{"controlType":"sap.m.SearchField","properties":{"placeholder":"Search"},"searchOpenDialogs":true,"interaction":{"idSuffix":"I"}},"clearTextFirst":true,"interactionType":"ENTER_TEXT"}]}
COMMAND: GET /session/cd8dad5b6aa98ad5f0615c697c2d4924/screenshot - {}
RESULT: {"script":"<script> [776 bytes]","args":[{"enterText":"100005","selector":{"controlType":"sap.m.SearchField","properties":{"placeholder":"Search"},"searchOpenDialogs":true,"interaction":{"idSuffix":"I"}},"clearTextFirst":true,"interactionType":"ENTER_TEXT"}]}
COMMAND: POST /session/cd8dad5b6aa98ad5f0615c697c2d4924/actions - {"actions":[{"id":"action5","type":"key","parameters":{},"actions":[{"type":"keyDown","value":""},{"type":"pause","duration":10},{"type":"keyUp","value":""}]}]}
RESULT: {}
RESULT: {"actions":[{"id":"action5","type":"key","parameters":{},"actions":[{"type":"keyDown","value":""},{"type":"pause","duration":10},{"type":"keyUp","value":""}]}]}
COMMAND: GET /session/cd8dad5b6aa98ad5f0615c697c2d4924/screenshot - {}
RESULT: {}
COMMAND: POST /session/cd8dad5b6aa98ad5f0615c697c2d4924/element - {"using":"xpath","value":"//span[contains(text(), \"Penguins - Field/12345 Berlin\")]"}
RESULT: {"using":"xpath","value":"//span[contains(text(), \"Penguins - Field/12345 Berlin\")]"}
COMMAND: POST /session/cd8dad5b6aa98ad5f0615c697c2d4924/element/f.73A3896108CAD0F2DAB8766297627504.d.BC37919B704316A2FB515D5A48B86499.e.1645/click - {}
RESULT: {}
COMMAND: GET /session/cd8dad5b6aa98ad5f0615c697c2d4924/screenshot - {}
RESULT: {}
COMMAND: POST /session/cd8dad5b6aa98ad5f0615c697c2d4924/element - {"using":"xpath","value":"//bdi[contains(text(), \"OK\")]"}
RESULT: {"using":"xpath","value":"//bdi[contains(text(), \"OK\")]"}
COMMAND: POST /session/cd8dad5b6aa98ad5f0615c697c2d4924/element/f.73A3896108CAD0F2DAB8766297627504.d.BC37919B704316A2FB515D5A48B86499.e.1646/click - {}
RESULT: {}
COMMAND: GET /session/cd8dad5b6aa98ad5f0615c697c2d4924/screenshot - {}
RESULT: {}
COMMAND: POST /session/cd8dad5b6aa98ad5f0615c697c2d4924/element - {"using":"xpath","value":"//button[@data-kt=\"saveButton\"]"}
RESULT: {"using":"xpath","value":"//button[@data-kt=\"saveButton\"]"}
COMMAND: POST /session/cd8dad5b6aa98ad5f0615c697c2d4924/element/f.73A3896108CAD0F2DAB8766297627504.d.BC37919B704316A2FB515D5A48B86499.e.1417/click - {}
RESULT: {}
COMMAND: GET /session/cd8dad5b6aa98ad5f0615c697c2d4924/screenshot - {}
RESULT: {}
COMMAND: POST /session/cd8dad5b6aa98ad5f0615c697c2d4924/element - {"using":"xpath","value":"//header[contains(@id, 'ObjectPageLayout-headerTitle')]/div[1]/div[2]/div[2]/span[1]"}
RESULT: {"using":"xpath","value":"//header[contains(@id, 'ObjectPageLayout-headerTitle')]/div[1]/div[2]/div[2]/span[1]"}
COMMAND: POST /session/cd8dad5b6aa98ad5f0615c697c2d4924/elements - {"using":"xpath","value":"//header[contains(@id, 'ObjectPageLayout-headerTitle')]/div[1]/div[2]/div[2]/span[1]"}
RESULT: {"using":"xpath","value":"//header[contains(@id, 'ObjectPageLayout-headerTitle')]/div[1]/div[2]/div[2]/span[1]"}
COMMAND: POST /session/cd8dad5b6aa98ad5f0615c697c2d4924/execute/sync - {"script":"<script> [56 bytes]","args":[{"element-6066-11e4-a52e-4f735466cecf":"f.73A3896108CAD0F2DAB8766297627504.d.BC37919B704316A2FB515D5A48B86499.e.1810","ELEMENT":"f.73A3896108CAD0F2DAB8766297627504.d.BC37919B704316A2FB515D5A48B86499.e.1810"}]}
RESULT: {"script":"<script> [56 bytes]","args":[{"element-6066-11e4-a52e-4f735466cecf":"f.73A3896108CAD0F2DAB8766297627504.d.BC37919B704316A2FB515D5A48B86499.e.1810","ELEMENT":"f.73A3896108CAD0F2DAB8766297627504.d.BC37919B704316A2FB515D5A48B86499.e.1810"}]}
COMMAND: POST /session/cd8dad5b6aa98ad5f0615c697c2d4924/element - {"using":"css selector","value":"#shell-header-logo"}
COMMAND: GET /session/cd8dad5b6aa98ad5f0615c697c2d4924/screenshot - {}
RESULT: {"using":"css selector","value":"#shell-header-logo"}
COMMAND: POST /session/cd8dad5b6aa98ad5f0615c697c2d4924/element/f.73A3896108CAD0F2DAB8766297627504.d.BC37919B704316A2FB515D5A48B86499.e.1020/click - {}
RESULT: {}
RESULT: {}
COMMAND: GET /session/cd8dad5b6aa98ad5f0615c697c2d4924/screenshot - {}
RESULT: {}
COMMAND: POST /session/cd8dad5b6aa98ad5f0615c697c2d4924/execute/sync - {"script":"<script> [299 bytes]","args":[["getModel","getResource"]]}
RESULT: {"script":"<script> [299 bytes]","args":[["getModel","getResource"]]}
]]></system-out>
    </testcase>
    <testcase classname="chrome.136_0_7103_93.windows.Billing_confirm_US117289" name="Should create a new site" time="100.649">
      <system-out><![CDATA[
COMMAND: GET /session/cd8dad5b6aa98ad5f0615c697c2d4924/screenshot - {}
COMMAND: POST /session/cd8dad5b6aa98ad5f0615c697c2d4924/execute/async - {"script":"<script> [1562 bytes]","args":[{"selector":{"controlType":"sap.m.GenericTile","properties":{"header":"Manage Sites"}},"wdio_ui5_key":"sapm.GenericTile{\"header\":\"Manage Sites\"}"}]}
RESULT: {}
RESULT: {"script":"<script> [1562 bytes]","args":[{"selector":{"controlType":"sap.m.GenericTile","properties":{"header":"Manage Sites"}},"wdio_ui5_key":"sapm.GenericTile{\"header\":\"Manage Sites\"}"}]}
RESULT: undefined
COMMAND: POST /session/cd8dad5b6aa98ad5f0615c697c2d4924/element - {"using":"xpath","value":"//*[@id=\"__tile40\"]"}
RESULT: {"using":"xpath","value":"//*[@id=\"__tile40\"]"}
COMMAND: POST /session/cd8dad5b6aa98ad5f0615c697c2d4924/element/f.73A3896108CAD0F2DAB8766297627504.d.BC37919B704316A2FB515D5A48B86499.e.154/click - {}
RESULT: {}
COMMAND: GET /session/cd8dad5b6aa98ad5f0615c697c2d4924/screenshot - {}
RESULT: {}
COMMAND: POST /session/cd8dad5b6aa98ad5f0615c697c2d4924/elements - {"using":"xpath","value":"//span[text()='Error']"}
RESULT: {"using":"xpath","value":"//span[text()='Error']"}
COMMAND: POST /session/cd8dad5b6aa98ad5f0615c697c2d4924/element - {"using":"xpath","value":"//button[@data-kt=\"addOverflowToolbarButton\"]"}
RESULT: {"using":"xpath","value":"//button[@data-kt=\"addOverflowToolbarButton\"]"}
COMMAND: POST /session/cd8dad5b6aa98ad5f0615c697c2d4924/elements - {"using":"xpath","value":"//button[@data-kt=\"addOverflowToolbarButton\"]"}
RESULT: {"using":"xpath","value":"//button[@data-kt=\"addOverflowToolbarButton\"]"}
COMMAND: POST /session/cd8dad5b6aa98ad5f0615c697c2d4924/execute/sync - {"script":"<script> [8489 bytes]","args":[{"element-6066-11e4-a52e-4f735466cecf":"f.73A3896108CAD0F2DAB8766297627504.d.BC37919B704316A2FB515D5A48B86499.e.1867","ELEMENT":"f.73A3896108CAD0F2DAB8766297627504.d.BC37919B704316A2FB515D5A48B86499.e.1867"}]}
RESULT: {"script":"<script> [8489 bytes]","args":[{"element-6066-11e4-a52e-4f735466cecf":"f.73A3896108CAD0F2DAB8766297627504.d.BC37919B704316A2FB515D5A48B86499.e.1867","ELEMENT":"f.73A3896108CAD0F2DAB8766297627504.d.BC37919B704316A2FB515D5A48B86499.e.1867"}]}
COMMAND: GET /session/cd8dad5b6aa98ad5f0615c697c2d4924/element/f.73A3896108CAD0F2DAB8766297627504.d.BC37919B704316A2FB515D5A48B86499.e.1867/enabled - {}
COMMAND: GET /session/cd8dad5b6aa98ad5f0615c697c2d4924/screenshot - {}
RESULT: {}
COMMAND: POST /session/cd8dad5b6aa98ad5f0615c697c2d4924/execute/sync - {"script":"<script> [8489 bytes]","args":[{"element-6066-11e4-a52e-4f735466cecf":"f.73A3896108CAD0F2DAB8766297627504.d.BC37919B704316A2FB515D5A48B86499.e.1867","ELEMENT":"f.73A3896108CAD0F2DAB8766297627504.d.BC37919B704316A2FB515D5A48B86499.e.1867"}]}
COMMAND: GET /session/cd8dad5b6aa98ad5f0615c697c2d4924/screenshot - {}
RESULT: {}
RESULT: {"script":"<script> [8489 bytes]","args":[{"element-6066-11e4-a52e-4f735466cecf":"f.73A3896108CAD0F2DAB8766297627504.d.BC37919B704316A2FB515D5A48B86499.e.1867","ELEMENT":"f.73A3896108CAD0F2DAB8766297627504.d.BC37919B704316A2FB515D5A48B86499.e.1867"}]}
COMMAND: POST /session/cd8dad5b6aa98ad5f0615c697c2d4924/execute/sync - {"script":"<script> [5351 bytes]","args":[{"element-6066-11e4-a52e-4f735466cecf":"f.73A3896108CAD0F2DAB8766297627504.d.BC37919B704316A2FB515D5A48B86499.e.1867","ELEMENT":"f.73A3896108CAD0F2DAB8766297627504.d.BC37919B704316A2FB515D5A48B86499.e.1867"}]}
COMMAND: GET /session/cd8dad5b6aa98ad5f0615c697c2d4924/screenshot - {}
RESULT: {}
RESULT: {"script":"<script> [5351 bytes]","args":[{"element-6066-11e4-a52e-4f735466cecf":"f.73A3896108CAD0F2DAB8766297627504.d.BC37919B704316A2FB515D5A48B86499.e.1867","ELEMENT":"f.73A3896108CAD0F2DAB8766297627504.d.BC37919B704316A2FB515D5A48B86499.e.1867"}]}
COMMAND: POST /session/cd8dad5b6aa98ad5f0615c697c2d4924/element/f.73A3896108CAD0F2DAB8766297627504.d.BC37919B704316A2FB515D5A48B86499.e.1867/click - {}
COMMAND: GET /session/cd8dad5b6aa98ad5f0615c697c2d4924/screenshot - {}
RESULT: {}
RESULT: {}
COMMAND: GET /session/cd8dad5b6aa98ad5f0615c697c2d4924/screenshot - {}
COMMAND: POST /session/cd8dad5b6aa98ad5f0615c697c2d4924/element - {"using":"xpath","value":"//input[@id=\"application-managesites-display-component---NewSite--siteId-inner\"]"}
RESULT: {}
RESULT: {}
RESULT: {"using":"xpath","value":"//input[@id=\"application-managesites-display-component---NewSite--siteId-inner\"]"}
COMMAND: POST /session/cd8dad5b6aa98ad5f0615c697c2d4924/element - {"using":"xpath","value":"//input[@id=\"application-managesites-display-component---NewSite--siteId-inner\"]"}
RESULT: {"using":"xpath","value":"//input[@id=\"application-managesites-display-component---NewSite--siteId-inner\"]"}
COMMAND: POST /session/cd8dad5b6aa98ad5f0615c697c2d4924/execute/async - {"script":"<script> [1562 bytes]","args":[{"selector":{"id":"application-managesites-display-component---NewSite--addressDetailDetailsName1","interaction":{"idSuffix":"inner"}},"wdio_ui5_key":"applicationmanagesites-display-component---NewSite--addressDetailDetailsName1"}]}
RESULT: {"script":"<script> [1562 bytes]","args":[{"selector":{"id":"application-managesites-display-component---NewSite--addressDetailDetailsName1","interaction":{"idSuffix":"inner"}},"wdio_ui5_key":"applicationmanagesites-display-component---NewSite--addressDetailDetailsName1"}]}
RESULT: undefined
COMMAND: POST /session/cd8dad5b6aa98ad5f0615c697c2d4924/execute/async - {"script":"<script> [776 bytes]","args":[{"enterText":"Intracompany Site wdIO","selector":{"id":"application-managesites-display-component---NewSite--addressDetailDetailsName1","interaction":{"idSuffix":"inner"}},"clearTextFirst":true,"interactionType":"ENTER_TEXT"}]}
RESULT: {"script":"<script> [776 bytes]","args":[{"enterText":"Intracompany Site wdIO","selector":{"id":"application-managesites-display-component---NewSite--addressDetailDetailsName1","interaction":{"idSuffix":"inner"}},"clearTextFirst":true,"interactionType":"ENTER_TEXT"}]}
COMMAND: POST /session/cd8dad5b6aa98ad5f0615c697c2d4924/execute/async - {"script":"<script> [1562 bytes]","args":[{"selector":{"id":"application-managesites-display-component---NewSite--addressDetailDetailsLanguage-arrow"},"wdio_ui5_key":"applicationmanagesites-display-component---NewSite--addressDetailDetailsLanguage-arrow"}]}
RESULT: {"script":"<script> [1562 bytes]","args":[{"selector":{"id":"application-managesites-display-component---NewSite--addressDetailDetailsLanguage-arrow"},"wdio_ui5_key":"applicationmanagesites-display-component---NewSite--addressDetailDetailsLanguage-arrow"}]}
RESULT: undefined
COMMAND: POST /session/cd8dad5b6aa98ad5f0615c697c2d4924/element - {"using":"xpath","value":"//*[@id=\"application-managesites-display-component---NewSite--addressDetailDetailsLanguage-arrow\"]"}
RESULT: {"using":"xpath","value":"//*[@id=\"application-managesites-display-component---NewSite--addressDetailDetailsLanguage-arrow\"]"}
COMMAND: POST /session/cd8dad5b6aa98ad5f0615c697c2d4924/element/f.73A3896108CAD0F2DAB8766297627504.d.BC37919B704316A2FB515D5A48B86499.e.2491/click - {}
RESULT: {}
COMMAND: POST /session/cd8dad5b6aa98ad5f0615c697c2d4924/element - {"using":"xpath","value":"//span[contains(text(), \"English\")]"}
COMMAND: GET /session/cd8dad5b6aa98ad5f0615c697c2d4924/screenshot - {}
RESULT: {"using":"xpath","value":"//span[contains(text(), \"English\")]"}
COMMAND: POST /session/cd8dad5b6aa98ad5f0615c697c2d4924/element/f.73A3896108CAD0F2DAB8766297627504.d.BC37919B704316A2FB515D5A48B86499.e.2492/click - {}
RESULT: {}
RESULT: {}
COMMAND: POST /session/cd8dad5b6aa98ad5f0615c697c2d4924/execute/async - {"script":"<script> [1562 bytes]","args":[{"selector":{"id":"application-managesites-display-component---NewSite--addressDetailDetailsCity1","interaction":{"idSuffix":"inner"}},"wdio_ui5_key":"applicationmanagesites-display-component---NewSite--addressDetailDetailsCity1"}]}
COMMAND: GET /session/cd8dad5b6aa98ad5f0615c697c2d4924/screenshot - {}
RESULT: {"script":"<script> [1562 bytes]","args":[{"selector":{"id":"application-managesites-display-component---NewSite--addressDetailDetailsCity1","interaction":{"idSuffix":"inner"}},"wdio_ui5_key":"applicationmanagesites-display-component---NewSite--addressDetailDetailsCity1"}]}
RESULT: undefined
COMMAND: POST /session/cd8dad5b6aa98ad5f0615c697c2d4924/execute/async - {"script":"<script> [776 bytes]","args":[{"enterText":"Rosario","selector":{"id":"application-managesites-display-component---NewSite--addressDetailDetailsCity1","interaction":{"idSuffix":"inner"}},"clearTextFirst":true,"interactionType":"ENTER_TEXT"}]}
RESULT: {}
RESULT: {"script":"<script> [776 bytes]","args":[{"enterText":"Rosario","selector":{"id":"application-managesites-display-component---NewSite--addressDetailDetailsCity1","interaction":{"idSuffix":"inner"}},"clearTextFirst":true,"interactionType":"ENTER_TEXT"}]}
COMMAND: POST /session/cd8dad5b6aa98ad5f0615c697c2d4924/execute/async - {"script":"<script> [1562 bytes]","args":[{"selector":{"id":"application-managesites-display-component---NewSite--addressDetailDetailsCountry-arrow"},"wdio_ui5_key":"applicationmanagesites-display-component---NewSite--addressDetailDetailsCountry-arrow"}]}
RESULT: {"script":"<script> [1562 bytes]","args":[{"selector":{"id":"application-managesites-display-component---NewSite--addressDetailDetailsCountry-arrow"},"wdio_ui5_key":"applicationmanagesites-display-component---NewSite--addressDetailDetailsCountry-arrow"}]}
RESULT: undefined
COMMAND: POST /session/cd8dad5b6aa98ad5f0615c697c2d4924/element - {"using":"xpath","value":"//*[@id=\"application-managesites-display-component---NewSite--addressDetailDetailsCountry-arrow\"]"}
RESULT: {"using":"xpath","value":"//*[@id=\"application-managesites-display-component---NewSite--addressDetailDetailsCountry-arrow\"]"}
COMMAND: POST /session/cd8dad5b6aa98ad5f0615c697c2d4924/element/f.73A3896108CAD0F2DAB8766297627504.d.BC37919B704316A2FB515D5A48B86499.e.2494/click - {}
RESULT: {}
COMMAND: POST /session/cd8dad5b6aa98ad5f0615c697c2d4924/element - {"using":"xpath","value":"//span[contains(text(), \"Argentina\")]"}
COMMAND: GET /session/cd8dad5b6aa98ad5f0615c697c2d4924/screenshot - {}
RESULT: {"using":"xpath","value":"//span[contains(text(), \"Argentina\")]"}
COMMAND: POST /session/cd8dad5b6aa98ad5f0615c697c2d4924/element/f.73A3896108CAD0F2DAB8766297627504.d.BC37919B704316A2FB515D5A48B86499.e.2496/click - {}
RESULT: {}
RESULT: {}
COMMAND: GET /session/cd8dad5b6aa98ad5f0615c697c2d4924/screenshot - {}
RESULT: {}
COMMAND: POST /session/cd8dad5b6aa98ad5f0615c697c2d4924/execute/async - {"script":"<script> [1562 bytes]","args":[{"selector":{"id":"application-managesites-display-component---NewSite--addressEditDetailsCostObjectCstType-arrow"},"wdio_ui5_key":"applicationmanagesites-display-component---NewSite--addressEditDetailsCostObjectCstType-arrow"}]}
RESULT: {"script":"<script> [1562 bytes]","args":[{"selector":{"id":"application-managesites-display-component---NewSite--addressEditDetailsCostObjectCstType-arrow"},"wdio_ui5_key":"applicationmanagesites-display-component---NewSite--addressEditDetailsCostObjectCstType-arrow"}]}
RESULT: undefined
COMMAND: POST /session/cd8dad5b6aa98ad5f0615c697c2d4924/element - {"using":"xpath","value":"//*[@id=\"application-managesites-display-component---NewSite--addressEditDetailsCostObjectCstType-arrow\"]"}
RESULT: {"using":"xpath","value":"//*[@id=\"application-managesites-display-component---NewSite--addressEditDetailsCostObjectCstType-arrow\"]"}
COMMAND: POST /session/cd8dad5b6aa98ad5f0615c697c2d4924/element/f.73A3896108CAD0F2DAB8766297627504.d.BC37919B704316A2FB515D5A48B86499.e.2497/click - {}
RESULT: {}
COMMAND: POST /session/cd8dad5b6aa98ad5f0615c697c2d4924/element - {"using":"xpath","value":"//span[contains(text(), \"Cost Center\")]"}
COMMAND: GET /session/cd8dad5b6aa98ad5f0615c697c2d4924/screenshot - {}
RESULT: {"using":"xpath","value":"//span[contains(text(), \"Cost Center\")]"}
COMMAND: POST /session/cd8dad5b6aa98ad5f0615c697c2d4924/element/f.73A3896108CAD0F2DAB8766297627504.d.BC37919B704316A2FB515D5A48B86499.e.2498/click - {}
RESULT: {}
RESULT: {}
COMMAND: GET /session/cd8dad5b6aa98ad5f0615c697c2d4924/screenshot - {}
RESULT: {}
COMMAND: POST /session/cd8dad5b6aa98ad5f0615c697c2d4924/element - {"using":"xpath","value":"//span[@id=\"application-managesites-display-component---NewSite--addressNewCostObjectCstID-vhi\"]"}
RESULT: {"using":"xpath","value":"//span[@id=\"application-managesites-display-component---NewSite--addressNewCostObjectCstID-vhi\"]"}
COMMAND: POST /session/cd8dad5b6aa98ad5f0615c697c2d4924/execute/sync - {"script":"<script> [8489 bytes]","args":[{"element-6066-11e4-a52e-4f735466cecf":"f.73A3896108CAD0F2DAB8766297627504.d.BC37919B704316A2FB515D5A48B86499.e.2503","ELEMENT":"f.73A3896108CAD0F2DAB8766297627504.d.BC37919B704316A2FB515D5A48B86499.e.2503"}]}
RESULT: {"script":"<script> [8489 bytes]","args":[{"element-6066-11e4-a52e-4f735466cecf":"f.73A3896108CAD0F2DAB8766297627504.d.BC37919B704316A2FB515D5A48B86499.e.2503","ELEMENT":"f.73A3896108CAD0F2DAB8766297627504.d.BC37919B704316A2FB515D5A48B86499.e.2503"}]}
COMMAND: POST /session/cd8dad5b6aa98ad5f0615c697c2d4924/execute/async - {"script":"<script> [1562 bytes]","args":[{"selector":{"id":"application-managesites-display-component---NewSite--addressNewCostObjectCstID-vhi"},"wdio_ui5_key":"applicationmanagesites-display-component---NewSite--addressNewCostObjectCstID-vhi"}]}
COMMAND: GET /session/cd8dad5b6aa98ad5f0615c697c2d4924/screenshot - {}
RESULT: {"script":"<script> [1562 bytes]","args":[{"selector":{"id":"application-managesites-display-component---NewSite--addressNewCostObjectCstID-vhi"},"wdio_ui5_key":"applicationmanagesites-display-component---NewSite--addressNewCostObjectCstID-vhi"}]}
RESULT: undefined
COMMAND: POST /session/cd8dad5b6aa98ad5f0615c697c2d4924/element - {"using":"xpath","value":"//*[@id=\"application-managesites-display-component---NewSite--addressNewCostObjectCstID-vhi\"]"}
RESULT: {}
RESULT: {"using":"xpath","value":"//*[@id=\"application-managesites-display-component---NewSite--addressNewCostObjectCstID-vhi\"]"}
COMMAND: POST /session/cd8dad5b6aa98ad5f0615c697c2d4924/element/f.73A3896108CAD0F2DAB8766297627504.d.BC37919B704316A2FB515D5A48B86499.e.2503/click - {}
RESULT: {}
COMMAND: GET /session/cd8dad5b6aa98ad5f0615c697c2d4924/screenshot - {}
RESULT: {}
RESULT: undefined
COMMAND: POST /session/cd8dad5b6aa98ad5f0615c697c2d4924/execute/async - {"script":"<script> [776 bytes]","args":[{"enterText":"10001013","selector":{"controlType":"sap.m.SearchField","properties":{"placeholder":"Search"},"searchOpenDialogs":true,"interaction":{"idSuffix":"I"}},"clearTextFirst":true,"interactionType":"ENTER_TEXT"}]}
RESULT: {"script":"<script> [776 bytes]","args":[{"enterText":"10001013","selector":{"controlType":"sap.m.SearchField","properties":{"placeholder":"Search"},"searchOpenDialogs":true,"interaction":{"idSuffix":"I"}},"clearTextFirst":true,"interactionType":"ENTER_TEXT"}]}
COMMAND: POST /session/cd8dad5b6aa98ad5f0615c697c2d4924/actions - {"actions":[{"id":"action6","type":"key","parameters":{},"actions":[{"type":"keyDown","value":""},{"type":"pause","duration":10},{"type":"keyUp","value":""}]}]}
RESULT: {"actions":[{"id":"action6","type":"key","parameters":{},"actions":[{"type":"keyDown","value":""},{"type":"pause","duration":10},{"type":"keyUp","value":""}]}]}
COMMAND: GET /session/cd8dad5b6aa98ad5f0615c697c2d4924/screenshot - {}
RESULT: {}
COMMAND: POST /session/cd8dad5b6aa98ad5f0615c697c2d4924/element - {"using":"xpath","value":"//span[contains(text(), \"General Management\")]"}
RESULT: {"using":"xpath","value":"//span[contains(text(), \"General Management\")]"}
COMMAND: POST /session/cd8dad5b6aa98ad5f0615c697c2d4924/element/f.73A3896108CAD0F2DAB8766297627504.d.BC37919B704316A2FB515D5A48B86499.e.2542/click - {}
RESULT: {}
COMMAND: GET /session/cd8dad5b6aa98ad5f0615c697c2d4924/screenshot - {}
RESULT: {}
COMMAND: POST /session/cd8dad5b6aa98ad5f0615c697c2d4924/element - {"using":"xpath","value":"//bdi[contains(text(), \"OK\")]"}
RESULT: {"using":"xpath","value":"//bdi[contains(text(), \"OK\")]"}
COMMAND: POST /session/cd8dad5b6aa98ad5f0615c697c2d4924/element/f.73A3896108CAD0F2DAB8766297627504.d.BC37919B704316A2FB515D5A48B86499.e.2543/click - {}
RESULT: {}
COMMAND: GET /session/cd8dad5b6aa98ad5f0615c697c2d4924/screenshot - {}
RESULT: {}
COMMAND: POST /session/cd8dad5b6aa98ad5f0615c697c2d4924/element - {"using":"xpath","value":"//input[@id=\"application-managesites-display-component---NewSite--addressDetailDetailsCalendar-inner\"]"}
RESULT: {"using":"xpath","value":"//input[@id=\"application-managesites-display-component---NewSite--addressDetailDetailsCalendar-inner\"]"}
COMMAND: POST /session/cd8dad5b6aa98ad5f0615c697c2d4924/element/f.73A3896108CAD0F2DAB8766297627504.d.BC37919B704316A2FB515D5A48B86499.e.2295/clear - {}
RESULT: {}
COMMAND: POST /session/cd8dad5b6aa98ad5f0615c697c2d4924/element/f.73A3896108CAD0F2DAB8766297627504.d.BC37919B704316A2FB515D5A48B86499.e.2295/value - {"text":"Unit"}
COMMAND: GET /session/cd8dad5b6aa98ad5f0615c697c2d4924/screenshot - {}
RESULT: {"text":"Unit"}
COMMAND: GET /session/cd8dad5b6aa98ad5f0615c697c2d4924/screenshot - {}
RESULT: {}
RESULT: {}
COMMAND: POST /session/cd8dad5b6aa98ad5f0615c697c2d4924/actions - {"actions":[{"id":"action7","type":"key","parameters":{},"actions":[{"type":"keyDown","value":""},{"type":"pause","duration":10},{"type":"keyUp","value":""}]}]}
RESULT: {"actions":[{"id":"action7","type":"key","parameters":{},"actions":[{"type":"keyDown","value":""},{"type":"pause","duration":10},{"type":"keyUp","value":""}]}]}
COMMAND: POST /session/cd8dad5b6aa98ad5f0615c697c2d4924/element - {"using":"xpath","value":"//input[@id=\"application-managesites-display-component---NewSite--addressDetailDetailsYard-inner\"]"}
COMMAND: GET /session/cd8dad5b6aa98ad5f0615c697c2d4924/screenshot - {}
RESULT: {"using":"xpath","value":"//input[@id=\"application-managesites-display-component---NewSite--addressDetailDetailsYard-inner\"]"}
COMMAND: POST /session/cd8dad5b6aa98ad5f0615c697c2d4924/element/f.73A3896108CAD0F2DAB8766297627504.d.BC37919B704316A2FB515D5A48B86499.e.2296/clear - {}
RESULT: {}
RESULT: {}
COMMAND: POST /session/cd8dad5b6aa98ad5f0615c697c2d4924/element/f.73A3896108CAD0F2DAB8766297627504.d.BC37919B704316A2FB515D5A48B86499.e.2296/value - {"text":"639"}
COMMAND: GET /session/cd8dad5b6aa98ad5f0615c697c2d4924/screenshot - {}
RESULT: {"text":"639"}
COMMAND: GET /session/cd8dad5b6aa98ad5f0615c697c2d4924/screenshot - {}
RESULT: {}
RESULT: {}
COMMAND: POST /session/cd8dad5b6aa98ad5f0615c697c2d4924/element - {"using":"xpath","value":"//li[.//span[text()='639']]"}
RESULT: {"using":"xpath","value":"//li[.//span[text()='639']]"}
COMMAND: POST /session/cd8dad5b6aa98ad5f0615c697c2d4924/element/f.73A3896108CAD0F2DAB8766297627504.d.BC37919B704316A2FB515D5A48B86499.e.2551/click - {}
RESULT: {}
COMMAND: GET /session/cd8dad5b6aa98ad5f0615c697c2d4924/screenshot - {}
RESULT: {}
COMMAND: POST /session/cd8dad5b6aa98ad5f0615c697c2d4924/element - {"using":"xpath","value":"//input[@id=\"application-managesites-display-component---NewSite--addressDetailDetailsPartner-inner\"]"}
RESULT: {"using":"xpath","value":"//input[@id=\"application-managesites-display-component---NewSite--addressDetailDetailsPartner-inner\"]"}
COMMAND: POST /session/cd8dad5b6aa98ad5f0615c697c2d4924/element - {"using":"xpath","value":"//input[@id=\"application-managesites-display-component---NewSite--addressDetailDetailsPartner-inner\"]"}
RESULT: {"using":"xpath","value":"//input[@id=\"application-managesites-display-component---NewSite--addressDetailDetailsPartner-inner\"]"}
COMMAND: POST /session/cd8dad5b6aa98ad5f0615c697c2d4924/element - {"using":"xpath","value":"//button[@data-kt=\"saveButton\"]"}
RESULT: {"using":"xpath","value":"//button[@data-kt=\"saveButton\"]"}
COMMAND: POST /session/cd8dad5b6aa98ad5f0615c697c2d4924/element/f.73A3896108CAD0F2DAB8766297627504.d.BC37919B704316A2FB515D5A48B86499.e.2430/click - {}
RESULT: {}
COMMAND: GET /session/cd8dad5b6aa98ad5f0615c697c2d4924/screenshot - {}
RESULT: {}
COMMAND: POST /session/cd8dad5b6aa98ad5f0615c697c2d4924/element - {"using":"xpath","value":"//header[contains(@id, 'ObjectPageLayout-headerTitle')]/div[1]/div[2]/div[2]/span[1]"}
RESULT: {"using":"xpath","value":"//header[contains(@id, 'ObjectPageLayout-headerTitle')]/div[1]/div[2]/div[2]/span[1]"}
COMMAND: POST /session/cd8dad5b6aa98ad5f0615c697c2d4924/elements - {"using":"xpath","value":"//header[contains(@id, 'ObjectPageLayout-headerTitle')]/div[1]/div[2]/div[2]/span[1]"}
RESULT: {"using":"xpath","value":"//header[contains(@id, 'ObjectPageLayout-headerTitle')]/div[1]/div[2]/div[2]/span[1]"}
COMMAND: POST /session/cd8dad5b6aa98ad5f0615c697c2d4924/execute/sync - {"script":"<script> [56 bytes]","args":[{"element-6066-11e4-a52e-4f735466cecf":"f.73A3896108CAD0F2DAB8766297627504.d.BC37919B704316A2FB515D5A48B86499.e.2757","ELEMENT":"f.73A3896108CAD0F2DAB8766297627504.d.BC37919B704316A2FB515D5A48B86499.e.2757"}]}
RESULT: {"script":"<script> [56 bytes]","args":[{"element-6066-11e4-a52e-4f735466cecf":"f.73A3896108CAD0F2DAB8766297627504.d.BC37919B704316A2FB515D5A48B86499.e.2757","ELEMENT":"f.73A3896108CAD0F2DAB8766297627504.d.BC37919B704316A2FB515D5A48B86499.e.2757"}]}
COMMAND: POST /session/cd8dad5b6aa98ad5f0615c697c2d4924/element - {"using":"css selector","value":"#shell-header-logo"}
COMMAND: GET /session/cd8dad5b6aa98ad5f0615c697c2d4924/screenshot - {}
RESULT: {"using":"css selector","value":"#shell-header-logo"}
COMMAND: POST /session/cd8dad5b6aa98ad5f0615c697c2d4924/element/f.73A3896108CAD0F2DAB8766297627504.d.BC37919B704316A2FB515D5A48B86499.e.1815/click - {}
RESULT: {}
RESULT: {}
COMMAND: GET /session/cd8dad5b6aa98ad5f0615c697c2d4924/screenshot - {}
RESULT: {}
COMMAND: POST /session/cd8dad5b6aa98ad5f0615c697c2d4924/execute/sync - {"script":"<script> [299 bytes]","args":[["getModel","getResource"]]}
RESULT: {"script":"<script> [299 bytes]","args":[["getModel","getResource"]]}
]]></system-out>
    </testcase>
    <testcase classname="chrome.136_0_7103_93.windows.Billing_confirm_US117289" name="Should create a new equipment" time="132.195">
      <system-out><![CDATA[
COMMAND: GET /session/cd8dad5b6aa98ad5f0615c697c2d4924/screenshot - {}
COMMAND: POST /session/cd8dad5b6aa98ad5f0615c697c2d4924/execute/async - {"script":"<script> [1562 bytes]","args":[{"selector":{"controlType":"sap.m.GenericTile","properties":{"header":"Manage Resources"}},"wdio_ui5_key":"sapm.GenericTile{\"header\":\"Manage Resources\"}"}]}
RESULT: {}
RESULT: {"script":"<script> [1562 bytes]","args":[{"selector":{"controlType":"sap.m.GenericTile","properties":{"header":"Manage Resources"}},"wdio_ui5_key":"sapm.GenericTile{\"header\":\"Manage Resources\"}"}]}
RESULT: undefined
COMMAND: POST /session/cd8dad5b6aa98ad5f0615c697c2d4924/element - {"using":"xpath","value":"//*[@id=\"__tile39\"]"}
RESULT: {"using":"xpath","value":"//*[@id=\"__tile39\"]"}
COMMAND: POST /session/cd8dad5b6aa98ad5f0615c697c2d4924/element/f.73A3896108CAD0F2DAB8766297627504.d.BC37919B704316A2FB515D5A48B86499.e.151/click - {}
RESULT: {}
COMMAND: GET /session/cd8dad5b6aa98ad5f0615c697c2d4924/screenshot - {}
RESULT: {}
COMMAND: POST /session/cd8dad5b6aa98ad5f0615c697c2d4924/elements - {"using":"xpath","value":"//span[text()='Error']"}
RESULT: {"using":"xpath","value":"//span[text()='Error']"}
COMMAND: POST /session/cd8dad5b6aa98ad5f0615c697c2d4924/element - {"using":"xpath","value":"//button[@data-kt=\"addNewRUOverflowToolbarButton\"]"}
RESULT: {"using":"xpath","value":"//button[@data-kt=\"addNewRUOverflowToolbarButton\"]"}
COMMAND: POST /session/cd8dad5b6aa98ad5f0615c697c2d4924/elements - {"using":"xpath","value":"//button[@data-kt=\"addNewRUOverflowToolbarButton\"]"}
RESULT: {"using":"xpath","value":"//button[@data-kt=\"addNewRUOverflowToolbarButton\"]"}
COMMAND: POST /session/cd8dad5b6aa98ad5f0615c697c2d4924/execute/sync - {"script":"<script> [8489 bytes]","args":[{"element-6066-11e4-a52e-4f735466cecf":"f.73A3896108CAD0F2DAB8766297627504.d.BC37919B704316A2FB515D5A48B86499.e.2801","ELEMENT":"f.73A3896108CAD0F2DAB8766297627504.d.BC37919B704316A2FB515D5A48B86499.e.2801"}]}
RESULT: {"script":"<script> [8489 bytes]","args":[{"element-6066-11e4-a52e-4f735466cecf":"f.73A3896108CAD0F2DAB8766297627504.d.BC37919B704316A2FB515D5A48B86499.e.2801","ELEMENT":"f.73A3896108CAD0F2DAB8766297627504.d.BC37919B704316A2FB515D5A48B86499.e.2801"}]}
COMMAND: GET /session/cd8dad5b6aa98ad5f0615c697c2d4924/element/f.73A3896108CAD0F2DAB8766297627504.d.BC37919B704316A2FB515D5A48B86499.e.2801/enabled - {}
COMMAND: GET /session/cd8dad5b6aa98ad5f0615c697c2d4924/screenshot - {}
RESULT: {}
COMMAND: POST /session/cd8dad5b6aa98ad5f0615c697c2d4924/execute/sync - {"script":"<script> [8489 bytes]","args":[{"element-6066-11e4-a52e-4f735466cecf":"f.73A3896108CAD0F2DAB8766297627504.d.BC37919B704316A2FB515D5A48B86499.e.2801","ELEMENT":"f.73A3896108CAD0F2DAB8766297627504.d.BC37919B704316A2FB515D5A48B86499.e.2801"}]}
COMMAND: GET /session/cd8dad5b6aa98ad5f0615c697c2d4924/screenshot - {}
RESULT: {}
RESULT: {"script":"<script> [8489 bytes]","args":[{"element-6066-11e4-a52e-4f735466cecf":"f.73A3896108CAD0F2DAB8766297627504.d.BC37919B704316A2FB515D5A48B86499.e.2801","ELEMENT":"f.73A3896108CAD0F2DAB8766297627504.d.BC37919B704316A2FB515D5A48B86499.e.2801"}]}
COMMAND: POST /session/cd8dad5b6aa98ad5f0615c697c2d4924/execute/sync - {"script":"<script> [5351 bytes]","args":[{"element-6066-11e4-a52e-4f735466cecf":"f.73A3896108CAD0F2DAB8766297627504.d.BC37919B704316A2FB515D5A48B86499.e.2801","ELEMENT":"f.73A3896108CAD0F2DAB8766297627504.d.BC37919B704316A2FB515D5A48B86499.e.2801"}]}
COMMAND: GET /session/cd8dad5b6aa98ad5f0615c697c2d4924/screenshot - {}
RESULT: {}
RESULT: {"script":"<script> [5351 bytes]","args":[{"element-6066-11e4-a52e-4f735466cecf":"f.73A3896108CAD0F2DAB8766297627504.d.BC37919B704316A2FB515D5A48B86499.e.2801","ELEMENT":"f.73A3896108CAD0F2DAB8766297627504.d.BC37919B704316A2FB515D5A48B86499.e.2801"}]}
COMMAND: POST /session/cd8dad5b6aa98ad5f0615c697c2d4924/element/f.73A3896108CAD0F2DAB8766297627504.d.BC37919B704316A2FB515D5A48B86499.e.2801/click - {}
COMMAND: GET /session/cd8dad5b6aa98ad5f0615c697c2d4924/screenshot - {}
RESULT: {}
RESULT: {}
COMMAND: GET /session/cd8dad5b6aa98ad5f0615c697c2d4924/screenshot - {}
RESULT: {}
COMMAND: POST /session/cd8dad5b6aa98ad5f0615c697c2d4924/execute/async - {"script":"<script> [1562 bytes]","args":[{"selector":{"id":"application-manageresources-display-component---newResourceUnit--TYPE-arrow"},"wdio_ui5_key":"applicationmanageresources-display-component---newResourceUnit--TYPE-arrow"}]}
RESULT: {}
RESULT: {"script":"<script> [1562 bytes]","args":[{"selector":{"id":"application-manageresources-display-component---newResourceUnit--TYPE-arrow"},"wdio_ui5_key":"applicationmanageresources-display-component---newResourceUnit--TYPE-arrow"}]}
RESULT: undefined
COMMAND: POST /session/cd8dad5b6aa98ad5f0615c697c2d4924/element - {"using":"xpath","value":"//*[@id=\"application-manageresources-display-component---newResourceUnit--TYPE-arrow\"]"}
RESULT: {"using":"xpath","value":"//*[@id=\"application-manageresources-display-component---newResourceUnit--TYPE-arrow\"]"}
COMMAND: POST /session/cd8dad5b6aa98ad5f0615c697c2d4924/element/f.73A3896108CAD0F2DAB8766297627504.d.BC37919B704316A2FB515D5A48B86499.e.3146/click - {}
RESULT: {}
COMMAND: POST /session/cd8dad5b6aa98ad5f0615c697c2d4924/element - {"using":"xpath","value":"//input[@id=\"application-manageresources-display-component---newResourceUnit--TYPE-inner\"]"}
COMMAND: GET /session/cd8dad5b6aa98ad5f0615c697c2d4924/screenshot - {}
RESULT: {"using":"xpath","value":"//input[@id=\"application-manageresources-display-component---newResourceUnit--TYPE-inner\"]"}
COMMAND: POST /session/cd8dad5b6aa98ad5f0615c697c2d4924/element/f.73A3896108CAD0F2DAB8766297627504.d.BC37919B704316A2FB515D5A48B86499.e.3141/clear - {}
RESULT: {}
RESULT: {}
COMMAND: POST /session/cd8dad5b6aa98ad5f0615c697c2d4924/element/f.73A3896108CAD0F2DAB8766297627504.d.BC37919B704316A2FB515D5A48B86499.e.3141/value - {"text":"Equipment"}
COMMAND: GET /session/cd8dad5b6aa98ad5f0615c697c2d4924/screenshot - {}
RESULT: {"text":"Equipment"}
COMMAND: GET /session/cd8dad5b6aa98ad5f0615c697c2d4924/screenshot - {}
RESULT: {}
RESULT: {}
COMMAND: POST /session/cd8dad5b6aa98ad5f0615c697c2d4924/actions - {"actions":[{"id":"action8","type":"key","parameters":{},"actions":[{"type":"keyDown","value":""},{"type":"pause","duration":10},{"type":"keyUp","value":""}]}]}
RESULT: {"actions":[{"id":"action8","type":"key","parameters":{},"actions":[{"type":"keyDown","value":""},{"type":"pause","duration":10},{"type":"keyUp","value":""}]}]}
COMMAND: POST /session/cd8dad5b6aa98ad5f0615c697c2d4924/execute/async - {"script":"<script> [1562 bytes]","args":[{"selector":{"id":"application-manageresources-display-component---newResourceUnit--resourceId","interaction":{"idSuffix":"inner"}},"wdio_ui5_key":"applicationmanageresources-display-component---newResourceUnit--resourceId"}]}
COMMAND: GET /session/cd8dad5b6aa98ad5f0615c697c2d4924/screenshot - {}
RESULT: {"script":"<script> [1562 bytes]","args":[{"selector":{"id":"application-manageresources-display-component---newResourceUnit--resourceId","interaction":{"idSuffix":"inner"}},"wdio_ui5_key":"applicationmanageresources-display-component---newResourceUnit--resourceId"}]}
RESULT: undefined
COMMAND: POST /session/cd8dad5b6aa98ad5f0615c697c2d4924/execute/async - {"script":"<script> [776 bytes]","args":[{"enterText":"EZs89KFPMZ","selector":{"id":"application-manageresources-display-component---newResourceUnit--resourceId","interaction":{"idSuffix":"inner"}},"clearTextFirst":true,"interactionType":"ENTER_TEXT"}]}
RESULT: {}
RESULT: {"script":"<script> [776 bytes]","args":[{"enterText":"EZs89KFPMZ","selector":{"id":"application-manageresources-display-component---newResourceUnit--resourceId","interaction":{"idSuffix":"inner"}},"clearTextFirst":true,"interactionType":"ENTER_TEXT"}]}
COMMAND: POST /session/cd8dad5b6aa98ad5f0615c697c2d4924/execute/async - {"script":"<script> [1562 bytes]","args":[{"selector":{"id":"application-manageresources-display-component---newResourceUnit--SHORT_TEXT","interaction":{"idSuffix":"inner"}},"wdio_ui5_key":"applicationmanageresources-display-component---newResourceUnit--SHORT_TEXT"}]}
RESULT: {"script":"<script> [1562 bytes]","args":[{"selector":{"id":"application-manageresources-display-component---newResourceUnit--SHORT_TEXT","interaction":{"idSuffix":"inner"}},"wdio_ui5_key":"applicationmanageresources-display-component---newResourceUnit--SHORT_TEXT"}]}
RESULT: undefined
COMMAND: POST /session/cd8dad5b6aa98ad5f0615c697c2d4924/execute/async - {"script":"<script> [776 bytes]","args":[{"enterText":"Intercompany Equipment WDIO","selector":{"id":"application-manageresources-display-component---newResourceUnit--SHORT_TEXT","interaction":{"idSuffix":"inner"}},"clearTextFirst":true,"interactionType":"ENTER_TEXT"}]}
RESULT: {"script":"<script> [776 bytes]","args":[{"enterText":"Intercompany Equipment WDIO","selector":{"id":"application-manageresources-display-component---newResourceUnit--SHORT_TEXT","interaction":{"idSuffix":"inner"}},"clearTextFirst":true,"interactionType":"ENTER_TEXT"}]}
COMMAND: POST /session/cd8dad5b6aa98ad5f0615c697c2d4924/execute/async - {"script":"<script> [1562 bytes]","args":[{"selector":{"id":"application-manageresources-display-component---newResourceUnit--BASE_UNIT_OF_MEASURE","interaction":{"idSuffix":"inner"}},"wdio_ui5_key":"applicationmanageresources-display-component---newResourceUnit--BASE_UNIT_OF_MEASURE"}]}
RESULT: {"script":"<script> [1562 bytes]","args":[{"selector":{"id":"application-manageresources-display-component---newResourceUnit--BASE_UNIT_OF_MEASURE","interaction":{"idSuffix":"inner"}},"wdio_ui5_key":"applicationmanageresources-display-component---newResourceUnit--BASE_UNIT_OF_MEASURE"}]}
RESULT: undefined
COMMAND: POST /session/cd8dad5b6aa98ad5f0615c697c2d4924/execute/async - {"script":"<script> [776 bytes]","args":[{"enterText":"Piece","selector":{"id":"application-manageresources-display-component---newResourceUnit--BASE_UNIT_OF_MEASURE","interaction":{"idSuffix":"inner"}},"clearTextFirst":true,"interactionType":"ENTER_TEXT"}]}
RESULT: {"script":"<script> [776 bytes]","args":[{"enterText":"Piece","selector":{"id":"application-manageresources-display-component---newResourceUnit--BASE_UNIT_OF_MEASURE","interaction":{"idSuffix":"inner"}},"clearTextFirst":true,"interactionType":"ENTER_TEXT"}]}
COMMAND: POST /session/cd8dad5b6aa98ad5f0615c697c2d4924/execute/async - {"script":"<script> [1562 bytes]","args":[{"selector":{"id":"application-manageresources-display-component---newResourceUnit--WEIGHT_UNIT","interaction":{"idSuffix":"inner"}},"wdio_ui5_key":"applicationmanageresources-display-component---newResourceUnit--WEIGHT_UNIT"}]}
RESULT: {"script":"<script> [1562 bytes]","args":[{"selector":{"id":"application-manageresources-display-component---newResourceUnit--WEIGHT_UNIT","interaction":{"idSuffix":"inner"}},"wdio_ui5_key":"applicationmanageresources-display-component---newResourceUnit--WEIGHT_UNIT"}]}
RESULT: undefined
COMMAND: POST /session/cd8dad5b6aa98ad5f0615c697c2d4924/execute/async - {"script":"<script> [776 bytes]","args":[{"enterText":"Gram","selector":{"id":"application-manageresources-display-component---newResourceUnit--WEIGHT_UNIT","interaction":{"idSuffix":"inner"}},"clearTextFirst":true,"interactionType":"ENTER_TEXT"}]}
RESULT: {"script":"<script> [776 bytes]","args":[{"enterText":"Gram","selector":{"id":"application-manageresources-display-component---newResourceUnit--WEIGHT_UNIT","interaction":{"idSuffix":"inner"}},"clearTextFirst":true,"interactionType":"ENTER_TEXT"}]}
COMMAND: POST /session/cd8dad5b6aa98ad5f0615c697c2d4924/execute/async - {"script":"<script> [1562 bytes]","args":[{"selector":{"id":"application-manageresources-display-component---newResourceUnit--DIMENSION_UNIT","interaction":{"idSuffix":"inner"}},"wdio_ui5_key":"applicationmanageresources-display-component---newResourceUnit--DIMENSION_UNIT"}]}
RESULT: {"script":"<script> [1562 bytes]","args":[{"selector":{"id":"application-manageresources-display-component---newResourceUnit--DIMENSION_UNIT","interaction":{"idSuffix":"inner"}},"wdio_ui5_key":"applicationmanageresources-display-component---newResourceUnit--DIMENSION_UNIT"}]}
RESULT: undefined
COMMAND: POST /session/cd8dad5b6aa98ad5f0615c697c2d4924/execute/async - {"script":"<script> [776 bytes]","args":[{"enterText":"Meter","selector":{"id":"application-manageresources-display-component---newResourceUnit--DIMENSION_UNIT","interaction":{"idSuffix":"inner"}},"clearTextFirst":true,"interactionType":"ENTER_TEXT"}]}
RESULT: {"script":"<script> [776 bytes]","args":[{"enterText":"Meter","selector":{"id":"application-manageresources-display-component---newResourceUnit--DIMENSION_UNIT","interaction":{"idSuffix":"inner"}},"clearTextFirst":true,"interactionType":"ENTER_TEXT"}]}
COMMAND: POST /session/cd8dad5b6aa98ad5f0615c697c2d4924/execute/async - {"script":"<script> [1562 bytes]","args":[{"selector":{"id":"application-manageresources-display-component---newResourceUnit--newRRUPage-anchBar-application-manageresources-display-component---newResourceUnit--control-anchor","interaction":{"idSuffix":"BDI-content"}},"wdio_ui5_key":"applicationmanageresources-display-component---newResourceUnit--newRRUPage-anchBar-application-manageresources-display-component---newResourceUnit--control-anchor"}]}
RESULT: {"script":"<script> [1562 bytes]","args":[{"selector":{"id":"application-manageresources-display-component---newResourceUnit--newRRUPage-anchBar-application-manageresources-display-component---newResourceUnit--control-anchor","interaction":{"idSuffix":"BDI-content"}},"wdio_ui5_key":"applicationmanageresources-display-component---newResourceUnit--newRRUPage-anchBar-application-manageresources-display-component---newResourceUnit--control-anchor"}]}
RESULT: undefined
COMMAND: POST /session/cd8dad5b6aa98ad5f0615c697c2d4924/element - {"using":"xpath","value":"//*[@id=\"application-manageresources-display-component---newResourceUnit--newRRUPage-anchBar-application-manageresources-display-component---newResourceUnit--control-anchor\"]"}
RESULT: {"using":"xpath","value":"//*[@id=\"application-manageresources-display-component---newResourceUnit--newRRUPage-anchBar-application-manageresources-display-component---newResourceUnit--control-anchor\"]"}
COMMAND: POST /session/cd8dad5b6aa98ad5f0615c697c2d4924/element/f.73A3896108CAD0F2DAB8766297627504.d.BC37919B704316A2FB515D5A48B86499.e.3277/click - {}
RESULT: {}
COMMAND: POST /session/cd8dad5b6aa98ad5f0615c697c2d4924/execute/async - {"script":"<script> [1562 bytes]","args":[{"selector":{"id":"application-manageresources-display-component---newResourceUnit--PLANNING_GROUP","interaction":{"idSuffix":"inner"}},"wdio_ui5_key":"applicationmanageresources-display-component---newResourceUnit--PLANNING_GROUP"}]}
COMMAND: GET /session/cd8dad5b6aa98ad5f0615c697c2d4924/screenshot - {}
RESULT: {"script":"<script> [1562 bytes]","args":[{"selector":{"id":"application-manageresources-display-component---newResourceUnit--PLANNING_GROUP","interaction":{"idSuffix":"inner"}},"wdio_ui5_key":"applicationmanageresources-display-component---newResourceUnit--PLANNING_GROUP"}]}
RESULT: undefined
COMMAND: POST /session/cd8dad5b6aa98ad5f0615c697c2d4924/execute/async - {"script":"<script> [776 bytes]","args":[{"enterText":"Heavy Equi","selector":{"id":"application-manageresources-display-component---newResourceUnit--PLANNING_GROUP","interaction":{"idSuffix":"inner"}},"clearTextFirst":true,"interactionType":"ENTER_TEXT"}]}
RESULT: {}
RESULT: {"script":"<script> [776 bytes]","args":[{"enterText":"Heavy Equi","selector":{"id":"application-manageresources-display-component---newResourceUnit--PLANNING_GROUP","interaction":{"idSuffix":"inner"}},"clearTextFirst":true,"interactionType":"ENTER_TEXT"}]}
COMMAND: POST /session/cd8dad5b6aa98ad5f0615c697c2d4924/execute/async - {"script":"<script> [1562 bytes]","args":[{"selector":{"id":"application-manageresources-display-component---newResourceUnit--ITEM_TYPE-arrow"},"wdio_ui5_key":"applicationmanageresources-display-component---newResourceUnit--ITEM_TYPE-arrow"}]}
RESULT: {"script":"<script> [1562 bytes]","args":[{"selector":{"id":"application-manageresources-display-component---newResourceUnit--ITEM_TYPE-arrow"},"wdio_ui5_key":"applicationmanageresources-display-component---newResourceUnit--ITEM_TYPE-arrow"}]}
RESULT: undefined
COMMAND: POST /session/cd8dad5b6aa98ad5f0615c697c2d4924/element - {"using":"xpath","value":"//*[@id=\"application-manageresources-display-component---newResourceUnit--ITEM_TYPE-arrow\"]"}
RESULT: {"using":"xpath","value":"//*[@id=\"application-manageresources-display-component---newResourceUnit--ITEM_TYPE-arrow\"]"}
COMMAND: POST /session/cd8dad5b6aa98ad5f0615c697c2d4924/element/f.73A3896108CAD0F2DAB8766297627504.d.BC37919B704316A2FB515D5A48B86499.e.3284/click - {}
RESULT: {}
COMMAND: POST /session/cd8dad5b6aa98ad5f0615c697c2d4924/element - {"using":"xpath","value":"(//span[contains(text(), \"Resource Unit\")])[2]"}
COMMAND: GET /session/cd8dad5b6aa98ad5f0615c697c2d4924/screenshot - {}
RESULT: {"using":"xpath","value":"(//span[contains(text(), \"Resource Unit\")])[2]"}
COMMAND: POST /session/cd8dad5b6aa98ad5f0615c697c2d4924/element/f.73A3896108CAD0F2DAB8766297627504.d.BC37919B704316A2FB515D5A48B86499.e.3285/click - {}
RESULT: {}
RESULT: {}
COMMAND: GET /session/cd8dad5b6aa98ad5f0615c697c2d4924/screenshot - {}
RESULT: {}
COMMAND: POST /session/cd8dad5b6aa98ad5f0615c697c2d4924/element - {"using":"css selector","value":"#application-manageresources-display-component---newResourceUnit--btnAddTimeSegment"}
RESULT: {"using":"css selector","value":"#application-manageresources-display-component---newResourceUnit--btnAddTimeSegment"}
COMMAND: GET /session/cd8dad5b6aa98ad5f0615c697c2d4924/element/f.73A3896108CAD0F2DAB8766297627504.d.BC37919B704316A2FB515D5A48B86499.e.3286/rect - {}
RESULT: {}
COMMAND: GET /session/cd8dad5b6aa98ad5f0615c697c2d4924/window/rect - {}
RESULT: {}
COMMAND: POST /session/cd8dad5b6aa98ad5f0615c697c2d4924/execute/sync - {"script":"<script> [92 bytes]","args":[]}
RESULT: {"script":"<script> [92 bytes]","args":[]}
COMMAND: POST /session/cd8dad5b6aa98ad5f0615c697c2d4924/actions - {"actions":[{"id":"action9","type":"wheel","parameters":{},"actions":[{"type":"scroll","x":-1888,"y":-32,"deltaX":0,"deltaY":0,"duration":0,"origin":{"element-6066-11e4-a52e-4f735466cecf":"f.73A3896108CAD0F2DAB8766297627504.d.BC37919B704316A2FB515D5A48B86499.e.3286"}}]}]}
COMMAND: GET /session/cd8dad5b6aa98ad5f0615c697c2d4924/screenshot - {}
RESULT: {}
COMMAND: POST /session/cd8dad5b6aa98ad5f0615c697c2d4924/execute/sync - {"script":"<script> [79 bytes]","args":[{"element-6066-11e4-a52e-4f735466cecf":"f.73A3896108CAD0F2DAB8766297627504.d.BC37919B704316A2FB515D5A48B86499.e.3286","ELEMENT":"f.73A3896108CAD0F2DAB8766297627504.d.BC37919B704316A2FB515D5A48B86499.e.3286"},{"block":"start","inline":"nearest"}]}
RESULT: {"script":"<script> [79 bytes]","args":[{"element-6066-11e4-a52e-4f735466cecf":"f.73A3896108CAD0F2DAB8766297627504.d.BC37919B704316A2FB515D5A48B86499.e.3286","ELEMENT":"f.73A3896108CAD0F2DAB8766297627504.d.BC37919B704316A2FB515D5A48B86499.e.3286"},{"block":"start","inline":"nearest"}]}
COMMAND: POST /session/cd8dad5b6aa98ad5f0615c697c2d4924/execute/async - {"script":"<script> [1562 bytes]","args":[{"selector":{"id":"application-manageresources-display-component---newResourceUnit--btnAddTimeSegment","interaction":{"idSuffix":"inner"}},"wdio_ui5_key":"applicationmanageresources-display-component---newResourceUnit--btnAddTimeSegment"}]}
COMMAND: GET /session/cd8dad5b6aa98ad5f0615c697c2d4924/screenshot - {}
RESULT: {"script":"<script> [1562 bytes]","args":[{"selector":{"id":"application-manageresources-display-component---newResourceUnit--btnAddTimeSegment","interaction":{"idSuffix":"inner"}},"wdio_ui5_key":"applicationmanageresources-display-component---newResourceUnit--btnAddTimeSegment"}]}
RESULT: undefined
COMMAND: POST /session/cd8dad5b6aa98ad5f0615c697c2d4924/element - {"using":"xpath","value":"//*[@id=\"application-manageresources-display-component---newResourceUnit--btnAddTimeSegment\"]"}
RESULT: {}
RESULT: {"using":"xpath","value":"//*[@id=\"application-manageresources-display-component---newResourceUnit--btnAddTimeSegment\"]"}
COMMAND: POST /session/cd8dad5b6aa98ad5f0615c697c2d4924/element/f.73A3896108CAD0F2DAB8766297627504.d.BC37919B704316A2FB515D5A48B86499.e.3286/click - {}
RESULT: {}
COMMAND: GET /session/cd8dad5b6aa98ad5f0615c697c2d4924/screenshot - {}
RESULT: {}
COMMAND: POST /session/cd8dad5b6aa98ad5f0615c697c2d4924/element - {"using":"xpath","value":"//input[@id=\"application-manageresources-display-component---newResourceUnit--idRuTSAdmin-application-manageresources-display-component---newResourceUnit--RUTimeSegment-0-inner\"]"}
RESULT: {"using":"xpath","value":"//input[@id=\"application-manageresources-display-component---newResourceUnit--idRuTSAdmin-application-manageresources-display-component---newResourceUnit--RUTimeSegment-0-inner\"]"}
COMMAND: POST /session/cd8dad5b6aa98ad5f0615c697c2d4924/element/f.73A3896108CAD0F2DAB8766297627504.d.BC37919B704316A2FB515D5A48B86499.e.3292/clear - {}
RESULT: {}
COMMAND: POST /session/cd8dad5b6aa98ad5f0615c697c2d4924/element/f.73A3896108CAD0F2DAB8766297627504.d.BC37919B704316A2FB515D5A48B86499.e.3292/value - {"text":"639"}
COMMAND: GET /session/cd8dad5b6aa98ad5f0615c697c2d4924/screenshot - {}
RESULT: {"text":"639"}
COMMAND: GET /session/cd8dad5b6aa98ad5f0615c697c2d4924/screenshot - {}
RESULT: {}
RESULT: {}
COMMAND: POST /session/cd8dad5b6aa98ad5f0615c697c2d4924/element - {"using":"xpath","value":"//li[.//span[text()='639']]"}
RESULT: {"using":"xpath","value":"//li[.//span[text()='639']]"}
COMMAND: POST /session/cd8dad5b6aa98ad5f0615c697c2d4924/element/f.73A3896108CAD0F2DAB8766297627504.d.BC37919B704316A2FB515D5A48B86499.e.3304/click - {}
RESULT: {}
COMMAND: GET /session/cd8dad5b6aa98ad5f0615c697c2d4924/screenshot - {}
RESULT: {}
COMMAND: POST /session/cd8dad5b6aa98ad5f0615c697c2d4924/element - {"using":"xpath","value":"(//span[contains(@id, \"-application-manageresources-display-component---newResourceUnit--RUTimeSegment-0-arrow\")])[6]"}
RESULT: {"using":"xpath","value":"(//span[contains(@id, \"-application-manageresources-display-component---newResourceUnit--RUTimeSegment-0-arrow\")])[6]"}
COMMAND: POST /session/cd8dad5b6aa98ad5f0615c697c2d4924/element/f.73A3896108CAD0F2DAB8766297627504.d.BC37919B704316A2FB515D5A48B86499.e.3305/click - {}
RESULT: {}
COMMAND: GET /session/cd8dad5b6aa98ad5f0615c697c2d4924/screenshot - {}
RESULT: {}
COMMAND: POST /session/cd8dad5b6aa98ad5f0615c697c2d4924/element - {"using":"xpath","value":"//span[contains(text(), \"PM Order\")]"}
RESULT: {"using":"xpath","value":"//span[contains(text(), \"PM Order\")]"}
COMMAND: POST /session/cd8dad5b6aa98ad5f0615c697c2d4924/element/f.73A3896108CAD0F2DAB8766297627504.d.BC37919B704316A2FB515D5A48B86499.e.3308/click - {}
RESULT: {}
COMMAND: GET /session/cd8dad5b6aa98ad5f0615c697c2d4924/screenshot - {}
RESULT: {}
COMMAND: POST /session/cd8dad5b6aa98ad5f0615c697c2d4924/element - {"using":"xpath","value":"(//span[contains(@id ,\"manageresources-display-component---newResourceUnit--RUTimeSegment-0-vhi\")])[1]"}
RESULT: {"using":"xpath","value":"(//span[contains(@id ,\"manageresources-display-component---newResourceUnit--RUTimeSegment-0-vhi\")])[1]"}
COMMAND: GET /session/cd8dad5b6aa98ad5f0615c697c2d4924/element/f.73A3896108CAD0F2DAB8766297627504.d.BC37919B704316A2FB515D5A48B86499.e.3312/rect - {}
RESULT: {}
COMMAND: GET /session/cd8dad5b6aa98ad5f0615c697c2d4924/window/rect - {}
RESULT: {}
COMMAND: POST /session/cd8dad5b6aa98ad5f0615c697c2d4924/execute/sync - {"script":"<script> [92 bytes]","args":[]}
RESULT: {"script":"<script> [92 bytes]","args":[]}
COMMAND: POST /session/cd8dad5b6aa98ad5f0615c697c2d4924/actions - {"actions":[{"id":"action10","type":"wheel","parameters":{},"actions":[{"type":"scroll","x":-869,"y":-24,"deltaX":0,"deltaY":0,"duration":0,"origin":{"element-6066-11e4-a52e-4f735466cecf":"f.73A3896108CAD0F2DAB8766297627504.d.BC37919B704316A2FB515D5A48B86499.e.3312"}}]}]}
COMMAND: GET /session/cd8dad5b6aa98ad5f0615c697c2d4924/screenshot - {}
RESULT: {"actions":[{"id":"action10","type":"wheel","parameters":{},"actions":[{"type":"scroll","x":-869,"y":-24,"deltaX":0,"deltaY":0,"duration":0,"origin":{"element-6066-11e4-a52e-4f735466cecf":"f.73A3896108CAD0F2DAB8766297627504.d.BC37919B704316A2FB515D5A48B86499.e.3312"}}]}]}
COMMAND: DELETE /session/cd8dad5b6aa98ad5f0615c697c2d4924/actions - {}
COMMAND: GET /session/cd8dad5b6aa98ad5f0615c697c2d4924/screenshot - {}
RESULT: {}
RESULT: {}
COMMAND: GET /session/cd8dad5b6aa98ad5f0615c697c2d4924/screenshot - {}
RESULT: {}
RESULT: {}
COMMAND: POST /session/cd8dad5b6aa98ad5f0615c697c2d4924/element/f.73A3896108CAD0F2DAB8766297627504.d.BC37919B704316A2FB515D5A48B86499.e.3312/click - {}
RESULT: {}
COMMAND: GET /session/cd8dad5b6aa98ad5f0615c697c2d4924/screenshot - {}
RESULT: {}
RESULT: undefined
COMMAND: POST /session/cd8dad5b6aa98ad5f0615c697c2d4924/execute/async - {"script":"<script> [776 bytes]","args":[{"enterText":"4000360","selector":{"controlType":"sap.m.SearchField","properties":{"placeholder":"Search"},"searchOpenDialogs":true,"interaction":{"idSuffix":"I"}},"clearTextFirst":true,"interactionType":"ENTER_TEXT"}]}
RESULT: {"script":"<script> [776 bytes]","args":[{"enterText":"4000360","selector":{"controlType":"sap.m.SearchField","properties":{"placeholder":"Search"},"searchOpenDialogs":true,"interaction":{"idSuffix":"I"}},"clearTextFirst":true,"interactionType":"ENTER_TEXT"}]}
COMMAND: POST /session/cd8dad5b6aa98ad5f0615c697c2d4924/actions - {"actions":[{"id":"action11","type":"key","parameters":{},"actions":[{"type":"keyDown","value":""},{"type":"pause","duration":10},{"type":"keyUp","value":""}]}]}
RESULT: {"actions":[{"id":"action11","type":"key","parameters":{},"actions":[{"type":"keyDown","value":""},{"type":"pause","duration":10},{"type":"keyUp","value":""}]}]}
COMMAND: GET /session/cd8dad5b6aa98ad5f0615c697c2d4924/screenshot - {}
RESULT: {}
COMMAND: POST /session/cd8dad5b6aa98ad5f0615c697c2d4924/element - {"using":"xpath","value":"//td/div/span[contains(text(), \"BGL Vehicles\")]"}
RESULT: {"using":"xpath","value":"//td/div/span[contains(text(), \"BGL Vehicles\")]"}
COMMAND: POST /session/cd8dad5b6aa98ad5f0615c697c2d4924/element/f.73A3896108CAD0F2DAB8766297627504.d.BC37919B704316A2FB515D5A48B86499.e.3333/click - {}
RESULT: {}
COMMAND: GET /session/cd8dad5b6aa98ad5f0615c697c2d4924/screenshot - {}
RESULT: {}
COMMAND: POST /session/cd8dad5b6aa98ad5f0615c697c2d4924/element - {"using":"xpath","value":"//bdi[contains(text(), \"OK\")]"}
RESULT: {"using":"xpath","value":"//bdi[contains(text(), \"OK\")]"}
COMMAND: POST /session/cd8dad5b6aa98ad5f0615c697c2d4924/element/f.73A3896108CAD0F2DAB8766297627504.d.BC37919B704316A2FB515D5A48B86499.e.3334/click - {}
RESULT: {}
COMMAND: GET /session/cd8dad5b6aa98ad5f0615c697c2d4924/screenshot - {}
RESULT: {}
COMMAND: POST /session/cd8dad5b6aa98ad5f0615c697c2d4924/execute/async - {"script":"<script> [1562 bytes]","args":[{"selector":{"id":"application-manageresources-display-component---newResourceUnit--newRRUPage-anchBar-application-manageresources-display-component---newResourceUnit--resource-anchor","interaction":{"idSuffix":"BDI-content"}},"wdio_ui5_key":"applicationmanageresources-display-component---newResourceUnit--newRRUPage-anchBar-application-manageresources-display-component---newResourceUnit--resource-anchor"}]}
RESULT: {"script":"<script> [1562 bytes]","args":[{"selector":{"id":"application-manageresources-display-component---newResourceUnit--newRRUPage-anchBar-application-manageresources-display-component---newResourceUnit--resource-anchor","interaction":{"idSuffix":"BDI-content"}},"wdio_ui5_key":"applicationmanageresources-display-component---newResourceUnit--newRRUPage-anchBar-application-manageresources-display-component---newResourceUnit--resource-anchor"}]}
RESULT: undefined
COMMAND: POST /session/cd8dad5b6aa98ad5f0615c697c2d4924/element - {"using":"xpath","value":"//*[@id=\"application-manageresources-display-component---newResourceUnit--newRRUPage-anchBar-application-manageresources-display-component---newResourceUnit--resource-anchor\"]"}
RESULT: {"using":"xpath","value":"//*[@id=\"application-manageresources-display-component---newResourceUnit--newRRUPage-anchBar-application-manageresources-display-component---newResourceUnit--resource-anchor\"]"}
COMMAND: POST /session/cd8dad5b6aa98ad5f0615c697c2d4924/element/f.73A3896108CAD0F2DAB8766297627504.d.BC37919B704316A2FB515D5A48B86499.e.3338/click - {}
RESULT: {}
COMMAND: POST /session/cd8dad5b6aa98ad5f0615c697c2d4924/execute/async - {"script":"<script> [1562 bytes]","args":[{"selector":{"id":"application-manageresources-display-component---newResourceUnit--PLANNED_DELIVERY_DATE","interaction":{"idSuffix":"inner"}},"wdio_ui5_key":"applicationmanageresources-display-component---newResourceUnit--PLANNED_DELIVERY_DATE"}]}
COMMAND: GET /session/cd8dad5b6aa98ad5f0615c697c2d4924/screenshot - {}
RESULT: {"script":"<script> [1562 bytes]","args":[{"selector":{"id":"application-manageresources-display-component---newResourceUnit--PLANNED_DELIVERY_DATE","interaction":{"idSuffix":"inner"}},"wdio_ui5_key":"applicationmanageresources-display-component---newResourceUnit--PLANNED_DELIVERY_DATE"}]}
RESULT: undefined
COMMAND: POST /session/cd8dad5b6aa98ad5f0615c697c2d4924/execute/async - {"script":"<script> [6424 bytes]","args":[{"element-6066-11e4-a52e-4f735466cecf":"f.73A3896108CAD0F2DAB8766297627504.d.BC37919B704316A2FB515D5A48B86499.e.3202"},"setValue",["5/21/25"]]}
RESULT: {}
RESULT: {"script":"<script> [6424 bytes]","args":[{"element-6066-11e4-a52e-4f735466cecf":"f.73A3896108CAD0F2DAB8766297627504.d.BC37919B704316A2FB515D5A48B86499.e.3202"},"setValue",["5/21/25"]]}
COMMAND: POST /session/cd8dad5b6aa98ad5f0615c697c2d4924/element - {"using":"xpath","value":"//label[contains(@class, 'sapMLabelRequired') and .//bdi[contains(text(), 'Planned Retirement')]]"}
RESULT: {"using":"xpath","value":"//label[contains(@class, 'sapMLabelRequired') and .//bdi[contains(text(), 'Planned Retirement')]]"}
COMMAND: POST /session/cd8dad5b6aa98ad5f0615c697c2d4924/elements - {"using":"xpath","value":"//label[contains(@class, 'sapMLabelRequired') and .//bdi[contains(text(), 'Planned Retirement')]]"}
RESULT: {"using":"xpath","value":"//label[contains(@class, 'sapMLabelRequired') and .//bdi[contains(text(), 'Planned Retirement')]]"}
COMMAND: POST /session/cd8dad5b6aa98ad5f0615c697c2d4924/element - {"using":"xpath","value":"//button[@data-kt=\"resourceUnitSaveButton\"]"}
RESULT: {"using":"xpath","value":"//button[@data-kt=\"resourceUnitSaveButton\"]"}
COMMAND: POST /session/cd8dad5b6aa98ad5f0615c697c2d4924/element/f.73A3896108CAD0F2DAB8766297627504.d.BC37919B704316A2FB515D5A48B86499.e.3163/click - {}
RESULT: {}
COMMAND: GET /session/cd8dad5b6aa98ad5f0615c697c2d4924/screenshot - {}
RESULT: {}
COMMAND: POST /session/cd8dad5b6aa98ad5f0615c697c2d4924/element - {"using":"xpath","value":"//bdi[contains(text(), \"Close\")]"}
RESULT: {"using":"xpath","value":"//bdi[contains(text(), \"Close\")]"}
COMMAND: POST /session/cd8dad5b6aa98ad5f0615c697c2d4924/element/f.73A3896108CAD0F2DAB8766297627504.d.BC37919B704316A2FB515D5A48B86499.e.3346/click - {}
RESULT: {}
COMMAND: GET /session/cd8dad5b6aa98ad5f0615c697c2d4924/screenshot - {}
RESULT: {}
COMMAND: POST /session/cd8dad5b6aa98ad5f0615c697c2d4924/element - {"using":"xpath","value":"(//button[contains(@id ,\"actionsToolbar-overflowButton\")])[1]"}
RESULT: {"using":"xpath","value":"(//button[contains(@id ,\"actionsToolbar-overflowButton\")])[1]"}
COMMAND: POST /session/cd8dad5b6aa98ad5f0615c697c2d4924/element/f.73A3896108CAD0F2DAB8766297627504.d.BC37919B704316A2FB515D5A48B86499.e.3401/click - {}
RESULT: {}
COMMAND: GET /session/cd8dad5b6aa98ad5f0615c697c2d4924/screenshot - {}
RESULT: {}
COMMAND: POST /session/cd8dad5b6aa98ad5f0615c697c2d4924/element - {"using":"xpath","value":"//button[@data-kt=\"priceInfoButton\"]"}
RESULT: {"using":"xpath","value":"//button[@data-kt=\"priceInfoButton\"]"}
COMMAND: POST /session/cd8dad5b6aa98ad5f0615c697c2d4924/element/f.73A3896108CAD0F2DAB8766297627504.d.BC37919B704316A2FB515D5A48B86499.e.3403/click - {}
RESULT: {}
COMMAND: GET /session/cd8dad5b6aa98ad5f0615c697c2d4924/screenshot - {}
RESULT: {}
]]></system-out>
    </testcase>
    <testcase classname="chrome.136_0_7103_93.windows.Billing_confirm_US117289" name="Should create new pricing rule" time="55.885">
      <system-out><![CDATA[
COMMAND: POST /session/cd8dad5b6aa98ad5f0615c697c2d4924/element - {"using":"xpath","value":"//button[@data-kt=\"addButton\"]"}
RESULT: {"using":"xpath","value":"//button[@data-kt=\"addButton\"]"}
COMMAND: POST /session/cd8dad5b6aa98ad5f0615c697c2d4924/elements - {"using":"xpath","value":"//button[@data-kt=\"addButton\"]"}
RESULT: {"using":"xpath","value":"//button[@data-kt=\"addButton\"]"}
COMMAND: POST /session/cd8dad5b6aa98ad5f0615c697c2d4924/elements - {"using":"xpath","value":"//button[@data-kt=\"addButton\"]"}
RESULT: {"using":"xpath","value":"//button[@data-kt=\"addButton\"]"}
COMMAND: POST /session/cd8dad5b6aa98ad5f0615c697c2d4924/element - {"using":"xpath","value":"//button[@data-kt=\"addButton\"]"}
RESULT: {"using":"xpath","value":"//button[@data-kt=\"addButton\"]"}
COMMAND: POST /session/cd8dad5b6aa98ad5f0615c697c2d4924/execute/sync - {"script":"<script> [8489 bytes]","args":[{"element-6066-11e4-a52e-4f735466cecf":"f.73A3896108CAD0F2DAB8766297627504.d.BC37919B704316A2FB515D5A48B86499.e.3440","ELEMENT":"f.73A3896108CAD0F2DAB8766297627504.d.BC37919B704316A2FB515D5A48B86499.e.3440"}]}
RESULT: {"script":"<script> [8489 bytes]","args":[{"element-6066-11e4-a52e-4f735466cecf":"f.73A3896108CAD0F2DAB8766297627504.d.BC37919B704316A2FB515D5A48B86499.e.3440","ELEMENT":"f.73A3896108CAD0F2DAB8766297627504.d.BC37919B704316A2FB515D5A48B86499.e.3440"}]}
COMMAND: GET /session/cd8dad5b6aa98ad5f0615c697c2d4924/element/f.73A3896108CAD0F2DAB8766297627504.d.BC37919B704316A2FB515D5A48B86499.e.3440/enabled - {}
COMMAND: GET /session/cd8dad5b6aa98ad5f0615c697c2d4924/screenshot - {}
RESULT: {}
COMMAND: POST /session/cd8dad5b6aa98ad5f0615c697c2d4924/execute/sync - {"script":"<script> [8489 bytes]","args":[{"element-6066-11e4-a52e-4f735466cecf":"f.73A3896108CAD0F2DAB8766297627504.d.BC37919B704316A2FB515D5A48B86499.e.3440","ELEMENT":"f.73A3896108CAD0F2DAB8766297627504.d.BC37919B704316A2FB515D5A48B86499.e.3440"}]}
COMMAND: GET /session/cd8dad5b6aa98ad5f0615c697c2d4924/screenshot - {}
RESULT: {}
RESULT: {"script":"<script> [8489 bytes]","args":[{"element-6066-11e4-a52e-4f735466cecf":"f.73A3896108CAD0F2DAB8766297627504.d.BC37919B704316A2FB515D5A48B86499.e.3440","ELEMENT":"f.73A3896108CAD0F2DAB8766297627504.d.BC37919B704316A2FB515D5A48B86499.e.3440"}]}
COMMAND: POST /session/cd8dad5b6aa98ad5f0615c697c2d4924/execute/sync - {"script":"<script> [5351 bytes]","args":[{"element-6066-11e4-a52e-4f735466cecf":"f.73A3896108CAD0F2DAB8766297627504.d.BC37919B704316A2FB515D5A48B86499.e.3440","ELEMENT":"f.73A3896108CAD0F2DAB8766297627504.d.BC37919B704316A2FB515D5A48B86499.e.3440"}]}
COMMAND: GET /session/cd8dad5b6aa98ad5f0615c697c2d4924/screenshot - {}
RESULT: {}
RESULT: {"script":"<script> [5351 bytes]","args":[{"element-6066-11e4-a52e-4f735466cecf":"f.73A3896108CAD0F2DAB8766297627504.d.BC37919B704316A2FB515D5A48B86499.e.3440","ELEMENT":"f.73A3896108CAD0F2DAB8766297627504.d.BC37919B704316A2FB515D5A48B86499.e.3440"}]}
COMMAND: POST /session/cd8dad5b6aa98ad5f0615c697c2d4924/element/f.73A3896108CAD0F2DAB8766297627504.d.BC37919B704316A2FB515D5A48B86499.e.3440/click - {}
COMMAND: GET /session/cd8dad5b6aa98ad5f0615c697c2d4924/screenshot - {}
RESULT: {}
RESULT: {}
COMMAND: GET /session/cd8dad5b6aa98ad5f0615c697c2d4924/screenshot - {}
RESULT: {}
RESULT: {}
COMMAND: POST /session/cd8dad5b6aa98ad5f0615c697c2d4924/execute/async - {"script":"<script> [1562 bytes]","args":[{"selector":{"controlType":"sap.m.Title","viewName":"etm.portal.ui.managepricingrules.view.NewItem","viewId":"application-managepricingrules-display-component---newInfoPriceItem","properties":{"text":"New Pricing Rules - Item Level"}},"wdio_ui5_key":"etmportal.ui.managepricingrules.view.NewItemsap.m.Title{\"text\":\"New Pricing Rules - Item Level\"}"}]}
RESULT: {"script":"<script> [1562 bytes]","args":[{"selector":{"controlType":"sap.m.Title","viewName":"etm.portal.ui.managepricingrules.view.NewItem","viewId":"application-managepricingrules-display-component---newInfoPriceItem","properties":{"text":"New Pricing Rules - Item Level"}},"wdio_ui5_key":"etmportal.ui.managepricingrules.view.NewItemsap.m.Title{\"text\":\"New Pricing Rules - Item Level\"}"}]}
RESULT: undefined
COMMAND: POST /session/cd8dad5b6aa98ad5f0615c697c2d4924/execute/async - {"script":"<script> [6424 bytes]","args":[{"element-6066-11e4-a52e-4f735466cecf":"f.73A3896108CAD0F2DAB8766297627504.d.BC37919B704316A2FB515D5A48B86499.e.3615"},"getText",[]]}
RESULT: {"script":"<script> [6424 bytes]","args":[{"element-6066-11e4-a52e-4f735466cecf":"f.73A3896108CAD0F2DAB8766297627504.d.BC37919B704316A2FB515D5A48B86499.e.3615"},"getText",[]]}
COMMAND: POST /session/cd8dad5b6aa98ad5f0615c697c2d4924/execute/async - {"script":"<script> [1562 bytes]","args":[{"selector":{"id":"application-managepricingrules-display-component---newInfoPriceItem--condValidTo","interaction":{"idSuffix":"inner"}},"wdio_ui5_key":"applicationmanagepricingrules-display-component---newInfoPriceItem--condValidTo"}]}
RESULT: {"script":"<script> [1562 bytes]","args":[{"selector":{"id":"application-managepricingrules-display-component---newInfoPriceItem--condValidTo","interaction":{"idSuffix":"inner"}},"wdio_ui5_key":"applicationmanagepricingrules-display-component---newInfoPriceItem--condValidTo"}]}
RESULT: undefined
COMMAND: POST /session/cd8dad5b6aa98ad5f0615c697c2d4924/execute/async - {"script":"<script> [776 bytes]","args":[{"enterText":"1/21/26","selector":{"id":"application-managepricingrules-display-component---newInfoPriceItem--condValidTo","interaction":{"idSuffix":"inner"}},"clearTextFirst":true,"interactionType":"ENTER_TEXT"}]}
RESULT: {"script":"<script> [776 bytes]","args":[{"enterText":"1/21/26","selector":{"id":"application-managepricingrules-display-component---newInfoPriceItem--condValidTo","interaction":{"idSuffix":"inner"}},"clearTextFirst":true,"interactionType":"ENTER_TEXT"}]}
COMMAND: POST /session/cd8dad5b6aa98ad5f0615c697c2d4924/execute/async - {"script":"<script> [1562 bytes]","args":[{"selector":{"id":"application-managepricingrules-display-component---newInfoPriceItem--billType-arrow"},"wdio_ui5_key":"applicationmanagepricingrules-display-component---newInfoPriceItem--billType-arrow"}]}
RESULT: {"script":"<script> [1562 bytes]","args":[{"selector":{"id":"application-managepricingrules-display-component---newInfoPriceItem--billType-arrow"},"wdio_ui5_key":"applicationmanagepricingrules-display-component---newInfoPriceItem--billType-arrow"}]}
RESULT: undefined
COMMAND: POST /session/cd8dad5b6aa98ad5f0615c697c2d4924/element - {"using":"xpath","value":"//*[@id=\"application-managepricingrules-display-component---newInfoPriceItem--billType-arrow\"]"}
RESULT: {"using":"xpath","value":"//*[@id=\"application-managepricingrules-display-component---newInfoPriceItem--billType-arrow\"]"}
COMMAND: POST /session/cd8dad5b6aa98ad5f0615c697c2d4924/element/f.73A3896108CAD0F2DAB8766297627504.d.BC37919B704316A2FB515D5A48B86499.e.3573/click - {}
RESULT: {}
COMMAND: POST /session/cd8dad5b6aa98ad5f0615c697c2d4924/element - {"using":"xpath","value":"//span[contains(text(), \"TB - Time based\")]"}
COMMAND: GET /session/cd8dad5b6aa98ad5f0615c697c2d4924/screenshot - {}
RESULT: {"using":"xpath","value":"//span[contains(text(), \"TB - Time based\")]"}
COMMAND: POST /session/cd8dad5b6aa98ad5f0615c697c2d4924/element/f.73A3896108CAD0F2DAB8766297627504.d.BC37919B704316A2FB515D5A48B86499.e.3617/click - {}
RESULT: {}
RESULT: {}
COMMAND: POST /session/cd8dad5b6aa98ad5f0615c697c2d4924/execute/async - {"script":"<script> [1562 bytes]","args":[{"selector":{"id":"application-managepricingrules-display-component---newInfoPriceItem--priceProc-arrow"},"wdio_ui5_key":"applicationmanagepricingrules-display-component---newInfoPriceItem--priceProc-arrow"}]}
COMMAND: GET /session/cd8dad5b6aa98ad5f0615c697c2d4924/screenshot - {}
RESULT: {"script":"<script> [1562 bytes]","args":[{"selector":{"id":"application-managepricingrules-display-component---newInfoPriceItem--priceProc-arrow"},"wdio_ui5_key":"applicationmanagepricingrules-display-component---newInfoPriceItem--priceProc-arrow"}]}
RESULT: undefined
COMMAND: POST /session/cd8dad5b6aa98ad5f0615c697c2d4924/element - {"using":"xpath","value":"//*[@id=\"application-managepricingrules-display-component---newInfoPriceItem--priceProc-arrow\"]"}
RESULT: {}
RESULT: {"using":"xpath","value":"//*[@id=\"application-managepricingrules-display-component---newInfoPriceItem--priceProc-arrow\"]"}
COMMAND: POST /session/cd8dad5b6aa98ad5f0615c697c2d4924/element/f.73A3896108CAD0F2DAB8766297627504.d.BC37919B704316A2FB515D5A48B86499.e.3580/click - {}
RESULT: {}
COMMAND: POST /session/cd8dad5b6aa98ad5f0615c697c2d4924/element - {"using":"xpath","value":"//span[contains(text(), \"TBS - Time based standard\")]"}
COMMAND: GET /session/cd8dad5b6aa98ad5f0615c697c2d4924/screenshot - {}
RESULT: {"using":"xpath","value":"//span[contains(text(), \"TBS - Time based standard\")]"}
COMMAND: POST /session/cd8dad5b6aa98ad5f0615c697c2d4924/element/f.73A3896108CAD0F2DAB8766297627504.d.BC37919B704316A2FB515D5A48B86499.e.3618/click - {}
RESULT: {}
RESULT: {}
COMMAND: POST /session/cd8dad5b6aa98ad5f0615c697c2d4924/execute/async - {"script":"<script> [1562 bytes]","args":[{"selector":{"id":"application-managepricingrules-display-component---newInfoPriceItem--calcBase-arrow"},"wdio_ui5_key":"applicationmanagepricingrules-display-component---newInfoPriceItem--calcBase-arrow"}]}
COMMAND: GET /session/cd8dad5b6aa98ad5f0615c697c2d4924/screenshot - {}
RESULT: {"script":"<script> [1562 bytes]","args":[{"selector":{"id":"application-managepricingrules-display-component---newInfoPriceItem--calcBase-arrow"},"wdio_ui5_key":"applicationmanagepricingrules-display-component---newInfoPriceItem--calcBase-arrow"}]}
RESULT: undefined
COMMAND: POST /session/cd8dad5b6aa98ad5f0615c697c2d4924/element - {"using":"xpath","value":"//*[@id=\"application-managepricingrules-display-component---newInfoPriceItem--calcBase-arrow\"]"}
RESULT: {}
RESULT: {"using":"xpath","value":"//*[@id=\"application-managepricingrules-display-component---newInfoPriceItem--calcBase-arrow\"]"}
COMMAND: POST /session/cd8dad5b6aa98ad5f0615c697c2d4924/element/f.73A3896108CAD0F2DAB8766297627504.d.BC37919B704316A2FB515D5A48B86499.e.3587/click - {}
RESULT: {}
COMMAND: GET /session/cd8dad5b6aa98ad5f0615c697c2d4924/screenshot - {}
RESULT: {}
COMMAND: POST /session/cd8dad5b6aa98ad5f0615c697c2d4924/element - {"using":"xpath","value":"//span[contains(text(), \"0006 - TB(calendar days)\")]"}
RESULT: {"using":"xpath","value":"//span[contains(text(), \"0006 - TB(calendar days)\")]"}
COMMAND: POST /session/cd8dad5b6aa98ad5f0615c697c2d4924/element/f.73A3896108CAD0F2DAB8766297627504.d.BC37919B704316A2FB515D5A48B86499.e.3619/click - {}
RESULT: {}
COMMAND: GET /session/cd8dad5b6aa98ad5f0615c697c2d4924/screenshot - {}
RESULT: {}
COMMAND: POST /session/cd8dad5b6aa98ad5f0615c697c2d4924/execute/async - {"script":"<script> [1562 bytes]","args":[{"selector":{"id":"application-managepricingrules-display-component---newInfoPriceItem--daysMonth","interaction":{"idSuffix":"inner"}},"wdio_ui5_key":"applicationmanagepricingrules-display-component---newInfoPriceItem--daysMonth"}]}
RESULT: {"script":"<script> [1562 bytes]","args":[{"selector":{"id":"application-managepricingrules-display-component---newInfoPriceItem--daysMonth","interaction":{"idSuffix":"inner"}},"wdio_ui5_key":"applicationmanagepricingrules-display-component---newInfoPriceItem--daysMonth"}]}
RESULT: undefined
COMMAND: POST /session/cd8dad5b6aa98ad5f0615c697c2d4924/execute/async - {"script":"<script> [776 bytes]","args":[{"enterText":"30","selector":{"id":"application-managepricingrules-display-component---newInfoPriceItem--daysMonth","interaction":{"idSuffix":"inner"}},"clearTextFirst":true,"interactionType":"ENTER_TEXT"}]}
RESULT: {"script":"<script> [776 bytes]","args":[{"enterText":"30","selector":{"id":"application-managepricingrules-display-component---newInfoPriceItem--daysMonth","interaction":{"idSuffix":"inner"}},"clearTextFirst":true,"interactionType":"ENTER_TEXT"}]}
COMMAND: POST /session/cd8dad5b6aa98ad5f0615c697c2d4924/element - {"using":"xpath","value":"//button[@data-kt=\"saveNewRuleButton\"]"}
RESULT: {"using":"xpath","value":"//button[@data-kt=\"saveNewRuleButton\"]"}
COMMAND: POST /session/cd8dad5b6aa98ad5f0615c697c2d4924/element/f.73A3896108CAD0F2DAB8766297627504.d.BC37919B704316A2FB515D5A48B86499.e.3607/click - {}
RESULT: {}
COMMAND: GET /session/cd8dad5b6aa98ad5f0615c697c2d4924/screenshot - {}
RESULT: {}
COMMAND: POST /session/cd8dad5b6aa98ad5f0615c697c2d4924/execute/async - {"script":"<script> [1562 bytes]","args":[{"selector":{"id":"application-managepricingrules-display-component---priceInfoItem--smartFilterBar-btnBasicSearch","interaction":{"idSuffix":"I"}},"wdio_ui5_key":"applicationmanagepricingrules-display-component---priceInfoItem--smartFilterBar-btnBasicSearch"}]}
RESULT: {"script":"<script> [1562 bytes]","args":[{"selector":{"id":"application-managepricingrules-display-component---priceInfoItem--smartFilterBar-btnBasicSearch","interaction":{"idSuffix":"I"}},"wdio_ui5_key":"applicationmanagepricingrules-display-component---priceInfoItem--smartFilterBar-btnBasicSearch"}]}
RESULT: undefined
COMMAND: POST /session/cd8dad5b6aa98ad5f0615c697c2d4924/execute/async - {"script":"<script> [776 bytes]","args":[{"enterText":"EZs89KFPMZ","selector":{"id":"application-managepricingrules-display-component---priceInfoItem--smartFilterBar-btnBasicSearch","interaction":{"idSuffix":"I"}},"clearTextFirst":true,"interactionType":"ENTER_TEXT"}]}
RESULT: {"script":"<script> [776 bytes]","args":[{"enterText":"EZs89KFPMZ","selector":{"id":"application-managepricingrules-display-component---priceInfoItem--smartFilterBar-btnBasicSearch","interaction":{"idSuffix":"I"}},"clearTextFirst":true,"interactionType":"ENTER_TEXT"}]}
COMMAND: POST /session/cd8dad5b6aa98ad5f0615c697c2d4924/actions - {"actions":[{"id":"action12","type":"key","parameters":{},"actions":[{"type":"keyDown","value":""},{"type":"pause","duration":10},{"type":"keyUp","value":""}]}]}
RESULT: {"actions":[{"id":"action12","type":"key","parameters":{},"actions":[{"type":"keyDown","value":""},{"type":"pause","duration":10},{"type":"keyUp","value":""}]}]}
COMMAND: GET /session/cd8dad5b6aa98ad5f0615c697c2d4924/screenshot - {}
RESULT: {}
COMMAND: POST /session/cd8dad5b6aa98ad5f0615c697c2d4924/element - {"using":"xpath","value":"//span[@id=\"application-managepricingrules-display-component---priceInfoItem--smartTable-header-inner\"]"}
RESULT: {"using":"xpath","value":"//span[@id=\"application-managepricingrules-display-component---priceInfoItem--smartTable-header-inner\"]"}
COMMAND: POST /session/cd8dad5b6aa98ad5f0615c697c2d4924/elements - {"using":"xpath","value":"//span[@id=\"application-managepricingrules-display-component---priceInfoItem--smartTable-header-inner\"]"}
RESULT: {"using":"xpath","value":"//span[@id=\"application-managepricingrules-display-component---priceInfoItem--smartTable-header-inner\"]"}
COMMAND: POST /session/cd8dad5b6aa98ad5f0615c697c2d4924/execute/sync - {"script":"<script> [56 bytes]","args":[{"element-6066-11e4-a52e-4f735466cecf":"f.73A3896108CAD0F2DAB8766297627504.d.BC37919B704316A2FB515D5A48B86499.e.3643","ELEMENT":"f.73A3896108CAD0F2DAB8766297627504.d.BC37919B704316A2FB515D5A48B86499.e.3643"}]}
RESULT: {"script":"<script> [56 bytes]","args":[{"element-6066-11e4-a52e-4f735466cecf":"f.73A3896108CAD0F2DAB8766297627504.d.BC37919B704316A2FB515D5A48B86499.e.3643","ELEMENT":"f.73A3896108CAD0F2DAB8766297627504.d.BC37919B704316A2FB515D5A48B86499.e.3643"}]}
COMMAND: POST /session/cd8dad5b6aa98ad5f0615c697c2d4924/element - {"using":"css selector","value":"#shell-header-logo"}
COMMAND: GET /session/cd8dad5b6aa98ad5f0615c697c2d4924/screenshot - {}
RESULT: {"using":"css selector","value":"#shell-header-logo"}
COMMAND: POST /session/cd8dad5b6aa98ad5f0615c697c2d4924/element/f.73A3896108CAD0F2DAB8766297627504.d.BC37919B704316A2FB515D5A48B86499.e.2761/click - {}
RESULT: {}
RESULT: {}
COMMAND: GET /session/cd8dad5b6aa98ad5f0615c697c2d4924/screenshot - {}
RESULT: {}
]]></system-out>
    </testcase>
    <testcase classname="chrome.136_0_7103_93.windows.Billing_confirm_US117289" name="Should create new condition for equipment" time="68.829">
      <system-out><![CDATA[
COMMAND: POST /session/cd8dad5b6aa98ad5f0615c697c2d4924/execute/async - {"script":"<script> [1562 bytes]","args":[{"selector":{"controlType":"sap.m.GenericTile","properties":{"header":"Manage Conditions & Prices"}},"wdio_ui5_key":"sapm.GenericTile{\"header\":\"Manage Conditions & Prices\"}"}]}
RESULT: {"script":"<script> [1562 bytes]","args":[{"selector":{"controlType":"sap.m.GenericTile","properties":{"header":"Manage Conditions & Prices"}},"wdio_ui5_key":"sapm.GenericTile{\"header\":\"Manage Conditions & Prices\"}"}]}
RESULT: undefined
COMMAND: POST /session/cd8dad5b6aa98ad5f0615c697c2d4924/element - {"using":"xpath","value":"//*[@id=\"__tile53\"]"}
RESULT: {"using":"xpath","value":"//*[@id=\"__tile53\"]"}
COMMAND: POST /session/cd8dad5b6aa98ad5f0615c697c2d4924/element/f.73A3896108CAD0F2DAB8766297627504.d.BC37919B704316A2FB515D5A48B86499.e.196/click - {}
RESULT: {}
COMMAND: GET /session/cd8dad5b6aa98ad5f0615c697c2d4924/screenshot - {}
RESULT: {}
COMMAND: POST /session/cd8dad5b6aa98ad5f0615c697c2d4924/elements - {"using":"xpath","value":"//span[text()='Error']"}
RESULT: {"using":"xpath","value":"//span[text()='Error']"}
COMMAND: POST /session/cd8dad5b6aa98ad5f0615c697c2d4924/element - {"using":"xpath","value":"//button[@aria-label=\"Create\"]"}
RESULT: {"using":"xpath","value":"//button[@aria-label=\"Create\"]"}
COMMAND: POST /session/cd8dad5b6aa98ad5f0615c697c2d4924/elements - {"using":"xpath","value":"//button[@aria-label=\"Create\"]"}
RESULT: {"using":"xpath","value":"//button[@aria-label=\"Create\"]"}
COMMAND: POST /session/cd8dad5b6aa98ad5f0615c697c2d4924/execute/sync - {"script":"<script> [8489 bytes]","args":[{"element-6066-11e4-a52e-4f735466cecf":"f.73A3896108CAD0F2DAB8766297627504.d.BC37919B704316A2FB515D5A48B86499.e.3679","ELEMENT":"f.73A3896108CAD0F2DAB8766297627504.d.BC37919B704316A2FB515D5A48B86499.e.3679"}]}
RESULT: {"script":"<script> [8489 bytes]","args":[{"element-6066-11e4-a52e-4f735466cecf":"f.73A3896108CAD0F2DAB8766297627504.d.BC37919B704316A2FB515D5A48B86499.e.3679","ELEMENT":"f.73A3896108CAD0F2DAB8766297627504.d.BC37919B704316A2FB515D5A48B86499.e.3679"}]}
COMMAND: GET /session/cd8dad5b6aa98ad5f0615c697c2d4924/element/f.73A3896108CAD0F2DAB8766297627504.d.BC37919B704316A2FB515D5A48B86499.e.3679/enabled - {}
COMMAND: GET /session/cd8dad5b6aa98ad5f0615c697c2d4924/screenshot - {}
RESULT: {}
COMMAND: POST /session/cd8dad5b6aa98ad5f0615c697c2d4924/execute/sync - {"script":"<script> [8489 bytes]","args":[{"element-6066-11e4-a52e-4f735466cecf":"f.73A3896108CAD0F2DAB8766297627504.d.BC37919B704316A2FB515D5A48B86499.e.3679","ELEMENT":"f.73A3896108CAD0F2DAB8766297627504.d.BC37919B704316A2FB515D5A48B86499.e.3679"}]}
COMMAND: GET /session/cd8dad5b6aa98ad5f0615c697c2d4924/screenshot - {}
RESULT: {}
RESULT: {"script":"<script> [8489 bytes]","args":[{"element-6066-11e4-a52e-4f735466cecf":"f.73A3896108CAD0F2DAB8766297627504.d.BC37919B704316A2FB515D5A48B86499.e.3679","ELEMENT":"f.73A3896108CAD0F2DAB8766297627504.d.BC37919B704316A2FB515D5A48B86499.e.3679"}]}
COMMAND: POST /session/cd8dad5b6aa98ad5f0615c697c2d4924/execute/sync - {"script":"<script> [5351 bytes]","args":[{"element-6066-11e4-a52e-4f735466cecf":"f.73A3896108CAD0F2DAB8766297627504.d.BC37919B704316A2FB515D5A48B86499.e.3679","ELEMENT":"f.73A3896108CAD0F2DAB8766297627504.d.BC37919B704316A2FB515D5A48B86499.e.3679"}]}
COMMAND: GET /session/cd8dad5b6aa98ad5f0615c697c2d4924/screenshot - {}
RESULT: {}
RESULT: {"script":"<script> [5351 bytes]","args":[{"element-6066-11e4-a52e-4f735466cecf":"f.73A3896108CAD0F2DAB8766297627504.d.BC37919B704316A2FB515D5A48B86499.e.3679","ELEMENT":"f.73A3896108CAD0F2DAB8766297627504.d.BC37919B704316A2FB515D5A48B86499.e.3679"}]}
COMMAND: POST /session/cd8dad5b6aa98ad5f0615c697c2d4924/element/f.73A3896108CAD0F2DAB8766297627504.d.BC37919B704316A2FB515D5A48B86499.e.3679/click - {}
COMMAND: GET /session/cd8dad5b6aa98ad5f0615c697c2d4924/screenshot - {}
RESULT: {}
RESULT: {}
COMMAND: GET /session/cd8dad5b6aa98ad5f0615c697c2d4924/screenshot - {}
RESULT: {}
RESULT: {}
COMMAND: POST /session/cd8dad5b6aa98ad5f0615c697c2d4924/actions - {"actions":[{"id":"action13","type":"key","parameters":{},"actions":[{"type":"keyDown","value":""},{"type":"pause","duration":10},{"type":"keyUp","value":""}]}]}
RESULT: {"actions":[{"id":"action13","type":"key","parameters":{},"actions":[{"type":"keyDown","value":""},{"type":"pause","duration":10},{"type":"keyUp","value":""}]}]}
COMMAND: GET /session/cd8dad5b6aa98ad5f0615c697c2d4924/screenshot - {}
RESULT: {}
COMMAND: POST /session/cd8dad5b6aa98ad5f0615c697c2d4924/execute/async - {"script":"<script> [1562 bytes]","args":[{"selector":{"id":"application-manageconditionprice-display-component---newCondition--condBillCond-arrow"},"wdio_ui5_key":"applicationmanageconditionprice-display-component---newCondition--condBillCond-arrow"}]}
RESULT: {"script":"<script> [1562 bytes]","args":[{"selector":{"id":"application-manageconditionprice-display-component---newCondition--condBillCond-arrow"},"wdio_ui5_key":"applicationmanageconditionprice-display-component---newCondition--condBillCond-arrow"}]}
RESULT: undefined
COMMAND: POST /session/cd8dad5b6aa98ad5f0615c697c2d4924/element - {"using":"xpath","value":"//*[@id=\"application-manageconditionprice-display-component---newCondition--condBillCond-arrow\"]"}
RESULT: {"using":"xpath","value":"//*[@id=\"application-manageconditionprice-display-component---newCondition--condBillCond-arrow\"]"}
COMMAND: POST /session/cd8dad5b6aa98ad5f0615c697c2d4924/element/f.73A3896108CAD0F2DAB8766297627504.d.BC37919B704316A2FB515D5A48B86499.e.3891/click - {}
RESULT: {}
COMMAND: GET /session/cd8dad5b6aa98ad5f0615c697c2d4924/screenshot - {}
RESULT: {}
COMMAND: POST /session/cd8dad5b6aa98ad5f0615c697c2d4924/element - {"using":"xpath","value":"//li[.//span[contains(text(), \"DISP - D&I special price\")]]"}
RESULT: {"using":"xpath","value":"//li[.//span[contains(text(), \"DISP - D&I special price\")]]"}
COMMAND: POST /session/cd8dad5b6aa98ad5f0615c697c2d4924/element/f.73A3896108CAD0F2DAB8766297627504.d.BC37919B704316A2FB515D5A48B86499.e.3894/click - {}
RESULT: {}
COMMAND: GET /session/cd8dad5b6aa98ad5f0615c697c2d4924/screenshot - {}
RESULT: {}
COMMAND: POST /session/cd8dad5b6aa98ad5f0615c697c2d4924/execute/async - {"script":"<script> [1562 bytes]","args":[{"selector":{"id":"application-manageconditionprice-display-component---newCondition--condValidTo","interaction":{"idSuffix":"inner"}},"wdio_ui5_key":"applicationmanageconditionprice-display-component---newCondition--condValidTo"}]}
RESULT: {"script":"<script> [1562 bytes]","args":[{"selector":{"id":"application-manageconditionprice-display-component---newCondition--condValidTo","interaction":{"idSuffix":"inner"}},"wdio_ui5_key":"applicationmanageconditionprice-display-component---newCondition--condValidTo"}]}
RESULT: undefined
COMMAND: POST /session/cd8dad5b6aa98ad5f0615c697c2d4924/execute/async - {"script":"<script> [776 bytes]","args":[{"enterText":"1/21/26","selector":{"id":"application-manageconditionprice-display-component---newCondition--condValidTo","interaction":{"idSuffix":"inner"}},"clearTextFirst":true,"interactionType":"ENTER_TEXT"}]}
RESULT: {"script":"<script> [776 bytes]","args":[{"enterText":"1/21/26","selector":{"id":"application-manageconditionprice-display-component---newCondition--condValidTo","interaction":{"idSuffix":"inner"}},"clearTextFirst":true,"interactionType":"ENTER_TEXT"}]}
COMMAND: POST /session/cd8dad5b6aa98ad5f0615c697c2d4924/element - {"using":"xpath","value":"//input[@id=\"application-manageconditionprice-display-component---newCondition--condRU-inner\"]"}
RESULT: {"using":"xpath","value":"//input[@id=\"application-manageconditionprice-display-component---newCondition--condRU-inner\"]"}
COMMAND: POST /session/cd8dad5b6aa98ad5f0615c697c2d4924/element/f.73A3896108CAD0F2DAB8766297627504.d.BC37919B704316A2FB515D5A48B86499.e.3756/clear - {}
RESULT: {}
COMMAND: POST /session/cd8dad5b6aa98ad5f0615c697c2d4924/element/f.73A3896108CAD0F2DAB8766297627504.d.BC37919B704316A2FB515D5A48B86499.e.3756/value - {"text":"EZs89KFPMZ"}
COMMAND: GET /session/cd8dad5b6aa98ad5f0615c697c2d4924/screenshot - {}
RESULT: {"text":"EZs89KFPMZ"}
COMMAND: GET /session/cd8dad5b6aa98ad5f0615c697c2d4924/screenshot - {}
RESULT: {}
RESULT: {}
COMMAND: POST /session/cd8dad5b6aa98ad5f0615c697c2d4924/actions - {"actions":[{"id":"action14","type":"key","parameters":{},"actions":[{"type":"keyDown","value":""},{"type":"pause","duration":10},{"type":"keyUp","value":""}]}]}
RESULT: {"actions":[{"id":"action14","type":"key","parameters":{},"actions":[{"type":"keyDown","value":""},{"type":"pause","duration":10},{"type":"keyUp","value":""}]}]}
COMMAND: POST /session/cd8dad5b6aa98ad5f0615c697c2d4924/execute/async - {"script":"<script> [1562 bytes]","args":[{"selector":{"id":"application-manageconditionprice-display-component---newCondition--condBaseQty","interaction":{"idSuffix":"inner"}},"wdio_ui5_key":"applicationmanageconditionprice-display-component---newCondition--condBaseQty"}]}
COMMAND: GET /session/cd8dad5b6aa98ad5f0615c697c2d4924/screenshot - {}
RESULT: {"script":"<script> [1562 bytes]","args":[{"selector":{"id":"application-manageconditionprice-display-component---newCondition--condBaseQty","interaction":{"idSuffix":"inner"}},"wdio_ui5_key":"applicationmanageconditionprice-display-component---newCondition--condBaseQty"}]}
RESULT: undefined
COMMAND: POST /session/cd8dad5b6aa98ad5f0615c697c2d4924/execute/async - {"script":"<script> [776 bytes]","args":[{"enterText":"1","selector":{"id":"application-manageconditionprice-display-component---newCondition--condBaseQty","interaction":{"idSuffix":"inner"}},"clearTextFirst":true,"interactionType":"ENTER_TEXT"}]}
RESULT: {}
RESULT: {"script":"<script> [776 bytes]","args":[{"enterText":"1","selector":{"id":"application-manageconditionprice-display-component---newCondition--condBaseQty","interaction":{"idSuffix":"inner"}},"clearTextFirst":true,"interactionType":"ENTER_TEXT"}]}
COMMAND: POST /session/cd8dad5b6aa98ad5f0615c697c2d4924/execute/async - {"script":"<script> [1562 bytes]","args":[{"selector":{"id":"application-manageconditionprice-display-component---newCondition--condValue","interaction":{"idSuffix":"inner"}},"wdio_ui5_key":"applicationmanageconditionprice-display-component---newCondition--condValue"}]}
RESULT: {"script":"<script> [1562 bytes]","args":[{"selector":{"id":"application-manageconditionprice-display-component---newCondition--condValue","interaction":{"idSuffix":"inner"}},"wdio_ui5_key":"applicationmanageconditionprice-display-component---newCondition--condValue"}]}
RESULT: undefined
COMMAND: POST /session/cd8dad5b6aa98ad5f0615c697c2d4924/execute/async - {"script":"<script> [776 bytes]","args":[{"enterText":"100","selector":{"id":"application-manageconditionprice-display-component---newCondition--condValue","interaction":{"idSuffix":"inner"}},"clearTextFirst":true,"interactionType":"ENTER_TEXT"}]}
RESULT: {"script":"<script> [776 bytes]","args":[{"enterText":"100","selector":{"id":"application-manageconditionprice-display-component---newCondition--condValue","interaction":{"idSuffix":"inner"}},"clearTextFirst":true,"interactionType":"ENTER_TEXT"}]}
COMMAND: POST /session/cd8dad5b6aa98ad5f0615c697c2d4924/execute/async - {"script":"<script> [1562 bytes]","args":[{"selector":{"id":"application-manageconditionprice-display-component---newCondition--condCurr-arrow"},"wdio_ui5_key":"applicationmanageconditionprice-display-component---newCondition--condCurr-arrow"}]}
RESULT: {"script":"<script> [1562 bytes]","args":[{"selector":{"id":"application-manageconditionprice-display-component---newCondition--condCurr-arrow"},"wdio_ui5_key":"applicationmanageconditionprice-display-component---newCondition--condCurr-arrow"}]}
RESULT: undefined
COMMAND: POST /session/cd8dad5b6aa98ad5f0615c697c2d4924/element - {"using":"xpath","value":"//*[@id=\"application-manageconditionprice-display-component---newCondition--condCurr-arrow\"]"}
RESULT: {"using":"xpath","value":"//*[@id=\"application-manageconditionprice-display-component---newCondition--condCurr-arrow\"]"}
COMMAND: POST /session/cd8dad5b6aa98ad5f0615c697c2d4924/element/f.73A3896108CAD0F2DAB8766297627504.d.BC37919B704316A2FB515D5A48B86499.e.3873/click - {}
RESULT: {}
COMMAND: POST /session/cd8dad5b6aa98ad5f0615c697c2d4924/element - {"using":"xpath","value":"//span[contains(text(), \"Euro\")]"}
COMMAND: GET /session/cd8dad5b6aa98ad5f0615c697c2d4924/screenshot - {}
RESULT: {"using":"xpath","value":"//span[contains(text(), \"Euro\")]"}
COMMAND: POST /session/cd8dad5b6aa98ad5f0615c697c2d4924/element/f.73A3896108CAD0F2DAB8766297627504.d.BC37919B704316A2FB515D5A48B86499.e.3931/click - {}
RESULT: {}
RESULT: {}
COMMAND: POST /session/cd8dad5b6aa98ad5f0615c697c2d4924/element - {"using":"xpath","value":"//button[@data-kt=\"saveButton\"]"}
COMMAND: GET /session/cd8dad5b6aa98ad5f0615c697c2d4924/screenshot - {}
RESULT: {"using":"xpath","value":"//button[@data-kt=\"saveButton\"]"}
COMMAND: POST /session/cd8dad5b6aa98ad5f0615c697c2d4924/element/f.73A3896108CAD0F2DAB8766297627504.d.BC37919B704316A2FB515D5A48B86499.e.3874/click - {}
RESULT: {}
RESULT: {}
COMMAND: GET /session/cd8dad5b6aa98ad5f0615c697c2d4924/screenshot - {}
RESULT: {}
COMMAND: POST /session/cd8dad5b6aa98ad5f0615c697c2d4924/execute/async - {"script":"<script> [1562 bytes]","args":[{"selector":{"id":"application-manageconditionprice-display-component---conditions--smartFilterBar-btnBasicSearch","interaction":{"idSuffix":"I"}},"wdio_ui5_key":"applicationmanageconditionprice-display-component---conditions--smartFilterBar-btnBasicSearch"}]}
RESULT: {"script":"<script> [1562 bytes]","args":[{"selector":{"id":"application-manageconditionprice-display-component---conditions--smartFilterBar-btnBasicSearch","interaction":{"idSuffix":"I"}},"wdio_ui5_key":"applicationmanageconditionprice-display-component---conditions--smartFilterBar-btnBasicSearch"}]}
RESULT: undefined
COMMAND: POST /session/cd8dad5b6aa98ad5f0615c697c2d4924/execute/async - {"script":"<script> [776 bytes]","args":[{"enterText":"EZs89KFPMZ","selector":{"id":"application-manageconditionprice-display-component---conditions--smartFilterBar-btnBasicSearch","interaction":{"idSuffix":"I"}},"clearTextFirst":true,"interactionType":"ENTER_TEXT"}]}
RESULT: {"script":"<script> [776 bytes]","args":[{"enterText":"EZs89KFPMZ","selector":{"id":"application-manageconditionprice-display-component---conditions--smartFilterBar-btnBasicSearch","interaction":{"idSuffix":"I"}},"clearTextFirst":true,"interactionType":"ENTER_TEXT"}]}
COMMAND: POST /session/cd8dad5b6aa98ad5f0615c697c2d4924/actions - {"actions":[{"id":"action15","type":"key","parameters":{},"actions":[{"type":"keyDown","value":""},{"type":"pause","duration":10},{"type":"keyUp","value":""}]}]}
RESULT: {"actions":[{"id":"action15","type":"key","parameters":{},"actions":[{"type":"keyDown","value":""},{"type":"pause","duration":10},{"type":"keyUp","value":""}]}]}
COMMAND: GET /session/cd8dad5b6aa98ad5f0615c697c2d4924/screenshot - {}
RESULT: {}
COMMAND: POST /session/cd8dad5b6aa98ad5f0615c697c2d4924/execute/async - {"script":"<script> [1562 bytes]","args":[{"selector":{"id":"application-manageconditionprice-display-component---conditions--smartFilterBar-filterItemControl_BASIC-BILL_TYPES-vhi"},"wdio_ui5_key":"applicationmanageconditionprice-display-component---conditions--smartFilterBar-filterItemControl_BASIC-BILL_TYPES-vhi"}]}
RESULT: {"script":"<script> [1562 bytes]","args":[{"selector":{"id":"application-manageconditionprice-display-component---conditions--smartFilterBar-filterItemControl_BASIC-BILL_TYPES-vhi"},"wdio_ui5_key":"applicationmanageconditionprice-display-component---conditions--smartFilterBar-filterItemControl_BASIC-BILL_TYPES-vhi"}]}
RESULT: undefined
COMMAND: POST /session/cd8dad5b6aa98ad5f0615c697c2d4924/element - {"using":"xpath","value":"//*[@id=\"application-manageconditionprice-display-component---conditions--smartFilterBar-filterItemControl_BASIC-BILL_TYPES-vhi\"]"}
RESULT: {"using":"xpath","value":"//*[@id=\"application-manageconditionprice-display-component---conditions--smartFilterBar-filterItemControl_BASIC-BILL_TYPES-vhi\"]"}
COMMAND: POST /session/cd8dad5b6aa98ad5f0615c697c2d4924/element/f.73A3896108CAD0F2DAB8766297627504.d.BC37919B704316A2FB515D5A48B86499.e.3947/click - {}
RESULT: {}
COMMAND: POST /session/cd8dad5b6aa98ad5f0615c697c2d4924/execute/async - {"script":"<script> [1562 bytes]","args":[{"selector":{"id":"application-manageconditionprice-display-component---conditions--smartFilterBar-filterItemControl_BASIC-BILL_TYPES-valueHelpDialog-smartFilterBar-btnBasicSearch","searchOpenDialogs":true,"interaction":{"idSuffix":"I"}},"wdio_ui5_key":"applicationmanageconditionprice-display-component---conditions--smartFilterBar-filterItemControl_BASIC-BILL_TYPES-valueHelpDialog-smartFilterBar-btnBasicSearch"}]}
COMMAND: GET /session/cd8dad5b6aa98ad5f0615c697c2d4924/screenshot - {}
RESULT: {"script":"<script> [1562 bytes]","args":[{"selector":{"id":"application-manageconditionprice-display-component---conditions--smartFilterBar-filterItemControl_BASIC-BILL_TYPES-valueHelpDialog-smartFilterBar-btnBasicSearch","searchOpenDialogs":true,"interaction":{"idSuffix":"I"}},"wdio_ui5_key":"applicationmanageconditionprice-display-component---conditions--smartFilterBar-filterItemControl_BASIC-BILL_TYPES-valueHelpDialog-smartFilterBar-btnBasicSearch"}]}
RESULT: undefined
COMMAND: POST /session/cd8dad5b6aa98ad5f0615c697c2d4924/execute/async - {"script":"<script> [776 bytes]","args":[{"enterText":"TB","selector":{"id":"application-manageconditionprice-display-component---conditions--smartFilterBar-filterItemControl_BASIC-BILL_TYPES-valueHelpDialog-smartFilterBar-btnBasicSearch","searchOpenDialogs":true,"interaction":{"idSuffix":"I"}},"clearTextFirst":true,"interactionType":"ENTER_TEXT"}]}
RESULT: {}
RESULT: {"script":"<script> [776 bytes]","args":[{"enterText":"TB","selector":{"id":"application-manageconditionprice-display-component---conditions--smartFilterBar-filterItemControl_BASIC-BILL_TYPES-valueHelpDialog-smartFilterBar-btnBasicSearch","searchOpenDialogs":true,"interaction":{"idSuffix":"I"}},"clearTextFirst":true,"interactionType":"ENTER_TEXT"}]}
COMMAND: POST /session/cd8dad5b6aa98ad5f0615c697c2d4924/actions - {"actions":[{"id":"action16","type":"key","parameters":{},"actions":[{"type":"keyDown","value":""},{"type":"pause","duration":10},{"type":"keyUp","value":""}]}]}
RESULT: {"actions":[{"id":"action16","type":"key","parameters":{},"actions":[{"type":"keyDown","value":""},{"type":"pause","duration":10},{"type":"keyUp","value":""}]}]}
COMMAND: GET /session/cd8dad5b6aa98ad5f0615c697c2d4924/screenshot - {}
RESULT: {}
COMMAND: POST /session/cd8dad5b6aa98ad5f0615c697c2d4924/element - {"using":"xpath","value":"//div[contains(@id, 'application-manageconditionprice-display-component---conditions--smartFilterBar-filterItemControl_BASIC-BILL_TYPES-valueHelpDialog-table-rowsel0')]"}
RESULT: {"using":"xpath","value":"//div[contains(@id, 'application-manageconditionprice-display-component---conditions--smartFilterBar-filterItemControl_BASIC-BILL_TYPES-valueHelpDialog-table-rowsel0')]"}
COMMAND: POST /session/cd8dad5b6aa98ad5f0615c697c2d4924/element/f.73A3896108CAD0F2DAB8766297627504.d.BC37919B704316A2FB515D5A48B86499.e.3956/click - {}
RESULT: {}
COMMAND: GET /session/cd8dad5b6aa98ad5f0615c697c2d4924/screenshot - {}
RESULT: {}
COMMAND: POST /session/cd8dad5b6aa98ad5f0615c697c2d4924/element - {"using":"xpath","value":"//bdi[contains(text(), \"OK\")]"}
RESULT: {"using":"xpath","value":"//bdi[contains(text(), \"OK\")]"}
COMMAND: POST /session/cd8dad5b6aa98ad5f0615c697c2d4924/element/f.73A3896108CAD0F2DAB8766297627504.d.BC37919B704316A2FB515D5A48B86499.e.3958/click - {}
RESULT: {}
COMMAND: GET /session/cd8dad5b6aa98ad5f0615c697c2d4924/screenshot - {}
RESULT: {}
COMMAND: POST /session/cd8dad5b6aa98ad5f0615c697c2d4924/element - {"using":"xpath","value":"//span[@id=\"application-manageconditionprice-display-component---conditions--smartTable-header-inner\"]"}
RESULT: {"using":"xpath","value":"//span[@id=\"application-manageconditionprice-display-component---conditions--smartTable-header-inner\"]"}
COMMAND: POST /session/cd8dad5b6aa98ad5f0615c697c2d4924/elements - {"using":"xpath","value":"//span[@id=\"application-manageconditionprice-display-component---conditions--smartTable-header-inner\"]"}
RESULT: {"using":"xpath","value":"//span[@id=\"application-manageconditionprice-display-component---conditions--smartTable-header-inner\"]"}
COMMAND: POST /session/cd8dad5b6aa98ad5f0615c697c2d4924/execute/sync - {"script":"<script> [56 bytes]","args":[{"element-6066-11e4-a52e-4f735466cecf":"f.73A3896108CAD0F2DAB8766297627504.d.BC37919B704316A2FB515D5A48B86499.e.3961","ELEMENT":"f.73A3896108CAD0F2DAB8766297627504.d.BC37919B704316A2FB515D5A48B86499.e.3961"}]}
RESULT: {"script":"<script> [56 bytes]","args":[{"element-6066-11e4-a52e-4f735466cecf":"f.73A3896108CAD0F2DAB8766297627504.d.BC37919B704316A2FB515D5A48B86499.e.3961","ELEMENT":"f.73A3896108CAD0F2DAB8766297627504.d.BC37919B704316A2FB515D5A48B86499.e.3961"}]}
COMMAND: POST /session/cd8dad5b6aa98ad5f0615c697c2d4924/element - {"using":"css selector","value":"#shell-header-logo"}
COMMAND: GET /session/cd8dad5b6aa98ad5f0615c697c2d4924/screenshot - {}
RESULT: {"using":"css selector","value":"#shell-header-logo"}
COMMAND: POST /session/cd8dad5b6aa98ad5f0615c697c2d4924/element/f.73A3896108CAD0F2DAB8766297627504.d.BC37919B704316A2FB515D5A48B86499.e.3646/click - {}
RESULT: {}
RESULT: {}
COMMAND: GET /session/cd8dad5b6aa98ad5f0615c697c2d4924/screenshot - {}
RESULT: {}
]]></system-out>
    </testcase>
    <testcase classname="chrome.136_0_7103_93.windows.Billing_confirm_US117289" name="Should do a stock increase" time="93.057">
      <system-out><![CDATA[
COMMAND: POST /session/cd8dad5b6aa98ad5f0615c697c2d4924/execute/async - {"script":"<script> [1562 bytes]","args":[{"selector":{"controlType":"sap.m.GenericTile","properties":{"header":"Manage Handovers"}},"wdio_ui5_key":"sapm.GenericTile{\"header\":\"Manage Handovers\"}"}]}
RESULT: {"script":"<script> [1562 bytes]","args":[{"selector":{"controlType":"sap.m.GenericTile","properties":{"header":"Manage Handovers"}},"wdio_ui5_key":"sapm.GenericTile{\"header\":\"Manage Handovers\"}"}]}
RESULT: undefined
COMMAND: POST /session/cd8dad5b6aa98ad5f0615c697c2d4924/element - {"using":"xpath","value":"//*[@id=\"__tile133\"]"}
RESULT: {"using":"xpath","value":"//*[@id=\"__tile133\"]"}
COMMAND: POST /session/cd8dad5b6aa98ad5f0615c697c2d4924/element/f.73A3896108CAD0F2DAB8766297627504.d.BC37919B704316A2FB515D5A48B86499.e.234/click - {}
RESULT: {}
COMMAND: GET /session/cd8dad5b6aa98ad5f0615c697c2d4924/screenshot - {}
RESULT: {}
COMMAND: POST /session/cd8dad5b6aa98ad5f0615c697c2d4924/elements - {"using":"xpath","value":"//span[text()='Error']"}
RESULT: {"using":"xpath","value":"//span[text()='Error']"}
COMMAND: POST /session/cd8dad5b6aa98ad5f0615c697c2d4924/element - {"using":"xpath","value":"//button[@data-kt=\"masterHOAddButton\"]"}
RESULT: {"using":"xpath","value":"//button[@data-kt=\"masterHOAddButton\"]"}
COMMAND: POST /session/cd8dad5b6aa98ad5f0615c697c2d4924/elements - {"using":"xpath","value":"//button[@data-kt=\"masterHOAddButton\"]"}
RESULT: {"using":"xpath","value":"//button[@data-kt=\"masterHOAddButton\"]"}
COMMAND: POST /session/cd8dad5b6aa98ad5f0615c697c2d4924/elements - {"using":"xpath","value":"//button[@data-kt=\"masterHOAddButton\"]"}
RESULT: {"using":"xpath","value":"//button[@data-kt=\"masterHOAddButton\"]"}
COMMAND: POST /session/cd8dad5b6aa98ad5f0615c697c2d4924/element - {"using":"xpath","value":"//button[@data-kt=\"masterHOAddButton\"]"}
RESULT: {"using":"xpath","value":"//button[@data-kt=\"masterHOAddButton\"]"}
COMMAND: POST /session/cd8dad5b6aa98ad5f0615c697c2d4924/execute/sync - {"script":"<script> [8489 bytes]","args":[{"element-6066-11e4-a52e-4f735466cecf":"f.73A3896108CAD0F2DAB8766297627504.d.BC37919B704316A2FB515D5A48B86499.e.3993","ELEMENT":"f.73A3896108CAD0F2DAB8766297627504.d.BC37919B704316A2FB515D5A48B86499.e.3993"}]}
RESULT: {"script":"<script> [8489 bytes]","args":[{"element-6066-11e4-a52e-4f735466cecf":"f.73A3896108CAD0F2DAB8766297627504.d.BC37919B704316A2FB515D5A48B86499.e.3993","ELEMENT":"f.73A3896108CAD0F2DAB8766297627504.d.BC37919B704316A2FB515D5A48B86499.e.3993"}]}
COMMAND: GET /session/cd8dad5b6aa98ad5f0615c697c2d4924/element/f.73A3896108CAD0F2DAB8766297627504.d.BC37919B704316A2FB515D5A48B86499.e.3993/enabled - {}
COMMAND: GET /session/cd8dad5b6aa98ad5f0615c697c2d4924/screenshot - {}
RESULT: {}
COMMAND: POST /session/cd8dad5b6aa98ad5f0615c697c2d4924/execute/sync - {"script":"<script> [8489 bytes]","args":[{"element-6066-11e4-a52e-4f735466cecf":"f.73A3896108CAD0F2DAB8766297627504.d.BC37919B704316A2FB515D5A48B86499.e.3993","ELEMENT":"f.73A3896108CAD0F2DAB8766297627504.d.BC37919B704316A2FB515D5A48B86499.e.3993"}]}
COMMAND: GET /session/cd8dad5b6aa98ad5f0615c697c2d4924/screenshot - {}
RESULT: {}
RESULT: {"script":"<script> [8489 bytes]","args":[{"element-6066-11e4-a52e-4f735466cecf":"f.73A3896108CAD0F2DAB8766297627504.d.BC37919B704316A2FB515D5A48B86499.e.3993","ELEMENT":"f.73A3896108CAD0F2DAB8766297627504.d.BC37919B704316A2FB515D5A48B86499.e.3993"}]}
COMMAND: POST /session/cd8dad5b6aa98ad5f0615c697c2d4924/execute/sync - {"script":"<script> [5351 bytes]","args":[{"element-6066-11e4-a52e-4f735466cecf":"f.73A3896108CAD0F2DAB8766297627504.d.BC37919B704316A2FB515D5A48B86499.e.3993","ELEMENT":"f.73A3896108CAD0F2DAB8766297627504.d.BC37919B704316A2FB515D5A48B86499.e.3993"}]}
COMMAND: GET /session/cd8dad5b6aa98ad5f0615c697c2d4924/screenshot - {}
RESULT: {}
RESULT: {"script":"<script> [5351 bytes]","args":[{"element-6066-11e4-a52e-4f735466cecf":"f.73A3896108CAD0F2DAB8766297627504.d.BC37919B704316A2FB515D5A48B86499.e.3993","ELEMENT":"f.73A3896108CAD0F2DAB8766297627504.d.BC37919B704316A2FB515D5A48B86499.e.3993"}]}
COMMAND: POST /session/cd8dad5b6aa98ad5f0615c697c2d4924/element/f.73A3896108CAD0F2DAB8766297627504.d.BC37919B704316A2FB515D5A48B86499.e.3993/click - {}
RESULT: {}
RESULT: {}
COMMAND: GET /session/cd8dad5b6aa98ad5f0615c697c2d4924/screenshot - {}
COMMAND: GET /session/cd8dad5b6aa98ad5f0615c697c2d4924/screenshot - {}
RESULT: {}
RESULT: {}
COMMAND: POST /session/cd8dad5b6aa98ad5f0615c697c2d4924/element - {"using":"xpath","value":"//span[contains(@id ,\"AddNewHO--typeSelect-arrow\")]"}
RESULT: {"using":"xpath","value":"//span[contains(@id ,\"AddNewHO--typeSelect-arrow\")]"}
COMMAND: POST /session/cd8dad5b6aa98ad5f0615c697c2d4924/element/f.73A3896108CAD0F2DAB8766297627504.d.BC37919B704316A2FB515D5A48B86499.e.4353/click - {}
RESULT: {}
COMMAND: GET /session/cd8dad5b6aa98ad5f0615c697c2d4924/screenshot - {}
RESULT: {}
COMMAND: POST /session/cd8dad5b6aa98ad5f0615c697c2d4924/element - {"using":"xpath","value":"(//li[contains(text(), \"stock increase yard\")])[1]"}
RESULT: {"using":"xpath","value":"(//li[contains(text(), \"stock increase yard\")])[1]"}
COMMAND: POST /session/cd8dad5b6aa98ad5f0615c697c2d4924/element/f.73A3896108CAD0F2DAB8766297627504.d.BC37919B704316A2FB515D5A48B86499.e.4354/click - {}
RESULT: {}
COMMAND: GET /session/cd8dad5b6aa98ad5f0615c697c2d4924/screenshot - {}
RESULT: {}
COMMAND: POST /session/cd8dad5b6aa98ad5f0615c697c2d4924/execute/async - {"script":"<script> [1562 bytes]","args":[{"selector":{"id":"application-managehandovers-display-component---AddNewHO--dueDate","interaction":{"idSuffix":"inner"}},"wdio_ui5_key":"applicationmanagehandovers-display-component---AddNewHO--dueDate"}]}
RESULT: {"script":"<script> [1562 bytes]","args":[{"selector":{"id":"application-managehandovers-display-component---AddNewHO--dueDate","interaction":{"idSuffix":"inner"}},"wdio_ui5_key":"applicationmanagehandovers-display-component---AddNewHO--dueDate"}]}
RESULT: undefined
COMMAND: POST /session/cd8dad5b6aa98ad5f0615c697c2d4924/execute/async - {"script":"<script> [6424 bytes]","args":[{"element-6066-11e4-a52e-4f735466cecf":"f.73A3896108CAD0F2DAB8766297627504.d.BC37919B704316A2FB515D5A48B86499.e.4356"},"setValue",["5/21/25"]]}
RESULT: {"script":"<script> [6424 bytes]","args":[{"element-6066-11e4-a52e-4f735466cecf":"f.73A3896108CAD0F2DAB8766297627504.d.BC37919B704316A2FB515D5A48B86499.e.4356"},"setValue",["5/21/25"]]}
COMMAND: POST /session/cd8dad5b6aa98ad5f0615c697c2d4924/element - {"using":"xpath","value":"//input[@id=\"generalSectionFrg--receiveYard-inner\"]"}
RESULT: {"using":"xpath","value":"//input[@id=\"generalSectionFrg--receiveYard-inner\"]"}
COMMAND: POST /session/cd8dad5b6aa98ad5f0615c697c2d4924/element/f.73A3896108CAD0F2DAB8766297627504.d.BC37919B704316A2FB515D5A48B86499.e.4360/clear - {}
RESULT: {}
COMMAND: POST /session/cd8dad5b6aa98ad5f0615c697c2d4924/element/f.73A3896108CAD0F2DAB8766297627504.d.BC37919B704316A2FB515D5A48B86499.e.4360/value - {"text":"639"}
COMMAND: GET /session/cd8dad5b6aa98ad5f0615c697c2d4924/screenshot - {}
RESULT: {"text":"639"}
COMMAND: GET /session/cd8dad5b6aa98ad5f0615c697c2d4924/screenshot - {}
RESULT: {}
RESULT: {}
COMMAND: POST /session/cd8dad5b6aa98ad5f0615c697c2d4924/element - {"using":"xpath","value":"//li[.//span[text()='639']]"}
RESULT: {"using":"xpath","value":"//li[.//span[text()='639']]"}
COMMAND: POST /session/cd8dad5b6aa98ad5f0615c697c2d4924/element/f.73A3896108CAD0F2DAB8766297627504.d.BC37919B704316A2FB515D5A48B86499.e.4376/click - {}
RESULT: {}
COMMAND: GET /session/cd8dad5b6aa98ad5f0615c697c2d4924/screenshot - {}
RESULT: {}
COMMAND: POST /session/cd8dad5b6aa98ad5f0615c697c2d4924/execute/async - {"script":"<script> [1562 bytes]","args":[{"selector":{"id":"application-managehandovers-display-component---AddNewHO--ObjectPageLayout-anchBar-application-managehandovers-display-component---AddNewHO--section4-anchor","interaction":{"idSuffix":"BDI-content"}},"wdio_ui5_key":"applicationmanagehandovers-display-component---AddNewHO--ObjectPageLayout-anchBar-application-managehandovers-display-component---AddNewHO--section4-anchor"}]}
RESULT: {"script":"<script> [1562 bytes]","args":[{"selector":{"id":"application-managehandovers-display-component---AddNewHO--ObjectPageLayout-anchBar-application-managehandovers-display-component---AddNewHO--section4-anchor","interaction":{"idSuffix":"BDI-content"}},"wdio_ui5_key":"applicationmanagehandovers-display-component---AddNewHO--ObjectPageLayout-anchBar-application-managehandovers-display-component---AddNewHO--section4-anchor"}]}
RESULT: undefined
COMMAND: POST /session/cd8dad5b6aa98ad5f0615c697c2d4924/element - {"using":"xpath","value":"//*[@id=\"application-managehandovers-display-component---AddNewHO--ObjectPageLayout-anchBar-application-managehandovers-display-component---AddNewHO--section4-anchor\"]"}
RESULT: {"using":"xpath","value":"//*[@id=\"application-managehandovers-display-component---AddNewHO--ObjectPageLayout-anchBar-application-managehandovers-display-component---AddNewHO--section4-anchor\"]"}
COMMAND: POST /session/cd8dad5b6aa98ad5f0615c697c2d4924/element/f.73A3896108CAD0F2DAB8766297627504.d.BC37919B704316A2FB515D5A48B86499.e.4378/click - {}
RESULT: {}
COMMAND: POST /session/cd8dad5b6aa98ad5f0615c697c2d4924/element - {"using":"xpath","value":"//button[@aria-label=\"Add\"]"}
COMMAND: GET /session/cd8dad5b6aa98ad5f0615c697c2d4924/screenshot - {}
RESULT: {"using":"xpath","value":"//button[@aria-label=\"Add\"]"}
COMMAND: POST /session/cd8dad5b6aa98ad5f0615c697c2d4924/element/f.73A3896108CAD0F2DAB8766297627504.d.BC37919B704316A2FB515D5A48B86499.e.4380/click - {}
RESULT: {}
RESULT: {}
COMMAND: GET /session/cd8dad5b6aa98ad5f0615c697c2d4924/screenshot - {}
RESULT: {}
COMMAND: POST /session/cd8dad5b6aa98ad5f0615c697c2d4924/execute/async - {"script":"<script> [1562 bytes]","args":[{"selector":{"id":"application-managehandovers-display-component---AddNewHO--smartFilterBar-btnBasicSearch","searchOpenDialogs":true,"interaction":{"idSuffix":"I"}},"wdio_ui5_key":"applicationmanagehandovers-display-component---AddNewHO--smartFilterBar-btnBasicSearch"}]}
RESULT: {"script":"<script> [1562 bytes]","args":[{"selector":{"id":"application-managehandovers-display-component---AddNewHO--smartFilterBar-btnBasicSearch","searchOpenDialogs":true,"interaction":{"idSuffix":"I"}},"wdio_ui5_key":"applicationmanagehandovers-display-component---AddNewHO--smartFilterBar-btnBasicSearch"}]}
RESULT: undefined
COMMAND: POST /session/cd8dad5b6aa98ad5f0615c697c2d4924/execute/async - {"script":"<script> [776 bytes]","args":[{"enterText":"EZs89KFPMZ","selector":{"id":"application-managehandovers-display-component---AddNewHO--smartFilterBar-btnBasicSearch","searchOpenDialogs":true,"interaction":{"idSuffix":"I"}},"clearTextFirst":true,"interactionType":"ENTER_TEXT"}]}
RESULT: {"script":"<script> [776 bytes]","args":[{"enterText":"EZs89KFPMZ","selector":{"id":"application-managehandovers-display-component---AddNewHO--smartFilterBar-btnBasicSearch","searchOpenDialogs":true,"interaction":{"idSuffix":"I"}},"clearTextFirst":true,"interactionType":"ENTER_TEXT"}]}
COMMAND: POST /session/cd8dad5b6aa98ad5f0615c697c2d4924/actions - {"actions":[{"id":"action17","type":"key","parameters":{},"actions":[{"type":"keyDown","value":""},{"type":"pause","duration":10},{"type":"keyUp","value":""}]}]}
RESULT: {"actions":[{"id":"action17","type":"key","parameters":{},"actions":[{"type":"keyDown","value":""},{"type":"pause","duration":10},{"type":"keyUp","value":""}]}]}
COMMAND: GET /session/cd8dad5b6aa98ad5f0615c697c2d4924/screenshot - {}
RESULT: {}
COMMAND: POST /session/cd8dad5b6aa98ad5f0615c697c2d4924/execute/async - {"script":"<script> [1562 bytes]","args":[{"selector":{"id":"application-managehandovers-display-component---AddNewHO--popup-sa","searchOpenDialogs":true,"interaction":{"idSuffix":"CbBg"}},"wdio_ui5_key":"applicationmanagehandovers-display-component---AddNewHO--popup-sa"}]}
RESULT: {"script":"<script> [1562 bytes]","args":[{"selector":{"id":"application-managehandovers-display-component---AddNewHO--popup-sa","searchOpenDialogs":true,"interaction":{"idSuffix":"CbBg"}},"wdio_ui5_key":"applicationmanagehandovers-display-component---AddNewHO--popup-sa"}]}
RESULT: undefined
COMMAND: POST /session/cd8dad5b6aa98ad5f0615c697c2d4924/element - {"using":"xpath","value":"//*[@id=\"application-managehandovers-display-component---AddNewHO--popup-sa\"]"}
RESULT: {"using":"xpath","value":"//*[@id=\"application-managehandovers-display-component---AddNewHO--popup-sa\"]"}
COMMAND: POST /session/cd8dad5b6aa98ad5f0615c697c2d4924/element/f.73A3896108CAD0F2DAB8766297627504.d.BC37919B704316A2FB515D5A48B86499.e.4533/click - {}
RESULT: {}
COMMAND: GET /session/cd8dad5b6aa98ad5f0615c697c2d4924/screenshot - {}
RESULT: {}
COMMAND: POST /session/cd8dad5b6aa98ad5f0615c697c2d4924/element - {"using":"xpath","value":"//bdi[contains(text(), \"Select\")]"}
RESULT: {"using":"xpath","value":"//bdi[contains(text(), \"Select\")]"}
COMMAND: POST /session/cd8dad5b6aa98ad5f0615c697c2d4924/element/f.73A3896108CAD0F2DAB8766297627504.d.BC37919B704316A2FB515D5A48B86499.e.4534/click - {}
RESULT: {}
COMMAND: GET /session/cd8dad5b6aa98ad5f0615c697c2d4924/screenshot - {}
RESULT: {}
COMMAND: POST /session/cd8dad5b6aa98ad5f0615c697c2d4924/element - {"using":"xpath","value":"//button[@data-kt=\"AddNewHOSaveButton\"]"}
RESULT: {"using":"xpath","value":"//button[@data-kt=\"AddNewHOSaveButton\"]"}
COMMAND: POST /session/cd8dad5b6aa98ad5f0615c697c2d4924/element/f.73A3896108CAD0F2DAB8766297627504.d.BC37919B704316A2FB515D5A48B86499.e.4538/click - {}
RESULT: {}
COMMAND: GET /session/cd8dad5b6aa98ad5f0615c697c2d4924/screenshot - {}
RESULT: {}
COMMAND: POST /session/cd8dad5b6aa98ad5f0615c697c2d4924/execute/async - {"script":"<script> [1562 bytes]","args":[{"selector":{"id":"receiptDatePicker","viewName":"etm.portal.ui.managehandovers.view.DetailExecuteHO","interaction":{"idSuffix":"inner"}},"wdio_ui5_key":"receiptDatePickeretmportal.ui.managehandovers.view.DetailExecuteHO"}]}
RESULT: {"script":"<script> [1562 bytes]","args":[{"selector":{"id":"receiptDatePicker","viewName":"etm.portal.ui.managehandovers.view.DetailExecuteHO","interaction":{"idSuffix":"inner"}},"wdio_ui5_key":"receiptDatePickeretmportal.ui.managehandovers.view.DetailExecuteHO"}]}
RESULT: undefined
COMMAND: POST /session/cd8dad5b6aa98ad5f0615c697c2d4924/execute/async - {"script":"<script> [6424 bytes]","args":[{"element-6066-11e4-a52e-4f735466cecf":"f.73A3896108CAD0F2DAB8766297627504.d.BC37919B704316A2FB515D5A48B86499.e.4556"},"setValue",["5/21/25"]]}
RESULT: {"script":"<script> [6424 bytes]","args":[{"element-6066-11e4-a52e-4f735466cecf":"f.73A3896108CAD0F2DAB8766297627504.d.BC37919B704316A2FB515D5A48B86499.e.4556"},"setValue",["5/21/25"]]}
COMMAND: POST /session/cd8dad5b6aa98ad5f0615c697c2d4924/element - {"using":"xpath","value":"//button[@data-kt=\"PickingTableConfirmAllButton\"]"}
RESULT: {"using":"xpath","value":"//button[@data-kt=\"PickingTableConfirmAllButton\"]"}
COMMAND: POST /session/cd8dad5b6aa98ad5f0615c697c2d4924/element/f.73A3896108CAD0F2DAB8766297627504.d.BC37919B704316A2FB515D5A48B86499.e.4571/click - {}
RESULT: {}
COMMAND: GET /session/cd8dad5b6aa98ad5f0615c697c2d4924/screenshot - {}
RESULT: {}
COMMAND: POST /session/cd8dad5b6aa98ad5f0615c697c2d4924/element - {"using":"xpath","value":"//bdi[contains(text(), \"OK\")]"}
RESULT: {"using":"xpath","value":"//bdi[contains(text(), \"OK\")]"}
COMMAND: POST /session/cd8dad5b6aa98ad5f0615c697c2d4924/element/f.73A3896108CAD0F2DAB8766297627504.d.BC37919B704316A2FB515D5A48B86499.e.4573/click - {}
RESULT: {}
COMMAND: GET /session/cd8dad5b6aa98ad5f0615c697c2d4924/screenshot - {}
RESULT: {}
COMMAND: POST /session/cd8dad5b6aa98ad5f0615c697c2d4924/element - {"using":"xpath","value":"(//bdi[contains(text(), \"Receive\")])[2]"}
RESULT: {"using":"xpath","value":"(//bdi[contains(text(), \"Receive\")])[2]"}
COMMAND: POST /session/cd8dad5b6aa98ad5f0615c697c2d4924/element/f.73A3896108CAD0F2DAB8766297627504.d.BC37919B704316A2FB515D5A48B86499.e.4575/click - {}
RESULT: {}
COMMAND: GET /session/cd8dad5b6aa98ad5f0615c697c2d4924/screenshot - {}
RESULT: {}
COMMAND: POST /session/cd8dad5b6aa98ad5f0615c697c2d4924/element - {"using":"css selector","value":"#shell-header-logo"}
RESULT: {"using":"css selector","value":"#shell-header-logo"}
COMMAND: POST /session/cd8dad5b6aa98ad5f0615c697c2d4924/element/f.73A3896108CAD0F2DAB8766297627504.d.BC37919B704316A2FB515D5A48B86499.e.3968/click - {}
RESULT: {}
COMMAND: GET /session/cd8dad5b6aa98ad5f0615c697c2d4924/screenshot - {}
RESULT: {}
]]></system-out>
    </testcase>
    <testcase classname="chrome.136_0_7103_93.windows.Billing_confirm_US117289" name="Should create a new contract" time="70.244">
      <system-out><![CDATA[
COMMAND: POST /session/cd8dad5b6aa98ad5f0615c697c2d4924/execute/async - {"script":"<script> [1562 bytes]","args":[{"selector":{"controlType":"sap.m.GenericTile","properties":{"header":"Manage Contracts"}},"wdio_ui5_key":"sapm.GenericTile{\"header\":\"Manage Contracts\"}"}]}
RESULT: {"script":"<script> [1562 bytes]","args":[{"selector":{"controlType":"sap.m.GenericTile","properties":{"header":"Manage Contracts"}},"wdio_ui5_key":"sapm.GenericTile{\"header\":\"Manage Contracts\"}"}]}
RESULT: undefined
COMMAND: POST /session/cd8dad5b6aa98ad5f0615c697c2d4924/element - {"using":"xpath","value":"//*[@id=\"__tile130\"]"}
RESULT: {"using":"xpath","value":"//*[@id=\"__tile130\"]"}
COMMAND: POST /session/cd8dad5b6aa98ad5f0615c697c2d4924/element/f.73A3896108CAD0F2DAB8766297627504.d.BC37919B704316A2FB515D5A48B86499.e.165/click - {}
RESULT: {}
COMMAND: GET /session/cd8dad5b6aa98ad5f0615c697c2d4924/screenshot - {}
RESULT: {}
COMMAND: POST /session/cd8dad5b6aa98ad5f0615c697c2d4924/elements - {"using":"xpath","value":"//span[text()='Error']"}
RESULT: {"using":"xpath","value":"//span[text()='Error']"}
COMMAND: POST /session/cd8dad5b6aa98ad5f0615c697c2d4924/element - {"using":"xpath","value":"//button[@data-kt=\"addButton\"]"}
RESULT: {"using":"xpath","value":"//button[@data-kt=\"addButton\"]"}
COMMAND: POST /session/cd8dad5b6aa98ad5f0615c697c2d4924/elements - {"using":"xpath","value":"//button[@data-kt=\"addButton\"]"}
RESULT: {"using":"xpath","value":"//button[@data-kt=\"addButton\"]"}
COMMAND: POST /session/cd8dad5b6aa98ad5f0615c697c2d4924/execute/sync - {"script":"<script> [8489 bytes]","args":[{"element-6066-11e4-a52e-4f735466cecf":"f.73A3896108CAD0F2DAB8766297627504.d.BC37919B704316A2FB515D5A48B86499.e.4897","ELEMENT":"f.73A3896108CAD0F2DAB8766297627504.d.BC37919B704316A2FB515D5A48B86499.e.4897"}]}
RESULT: {"script":"<script> [8489 bytes]","args":[{"element-6066-11e4-a52e-4f735466cecf":"f.73A3896108CAD0F2DAB8766297627504.d.BC37919B704316A2FB515D5A48B86499.e.4897","ELEMENT":"f.73A3896108CAD0F2DAB8766297627504.d.BC37919B704316A2FB515D5A48B86499.e.4897"}]}
COMMAND: GET /session/cd8dad5b6aa98ad5f0615c697c2d4924/element/f.73A3896108CAD0F2DAB8766297627504.d.BC37919B704316A2FB515D5A48B86499.e.4897/enabled - {}
COMMAND: GET /session/cd8dad5b6aa98ad5f0615c697c2d4924/screenshot - {}
RESULT: {}
COMMAND: POST /session/cd8dad5b6aa98ad5f0615c697c2d4924/execute/sync - {"script":"<script> [8489 bytes]","args":[{"element-6066-11e4-a52e-4f735466cecf":"f.73A3896108CAD0F2DAB8766297627504.d.BC37919B704316A2FB515D5A48B86499.e.4897","ELEMENT":"f.73A3896108CAD0F2DAB8766297627504.d.BC37919B704316A2FB515D5A48B86499.e.4897"}]}
COMMAND: GET /session/cd8dad5b6aa98ad5f0615c697c2d4924/screenshot - {}
RESULT: {}
RESULT: {"script":"<script> [8489 bytes]","args":[{"element-6066-11e4-a52e-4f735466cecf":"f.73A3896108CAD0F2DAB8766297627504.d.BC37919B704316A2FB515D5A48B86499.e.4897","ELEMENT":"f.73A3896108CAD0F2DAB8766297627504.d.BC37919B704316A2FB515D5A48B86499.e.4897"}]}
COMMAND: POST /session/cd8dad5b6aa98ad5f0615c697c2d4924/execute/sync - {"script":"<script> [5351 bytes]","args":[{"element-6066-11e4-a52e-4f735466cecf":"f.73A3896108CAD0F2DAB8766297627504.d.BC37919B704316A2FB515D5A48B86499.e.4897","ELEMENT":"f.73A3896108CAD0F2DAB8766297627504.d.BC37919B704316A2FB515D5A48B86499.e.4897"}]}
COMMAND: GET /session/cd8dad5b6aa98ad5f0615c697c2d4924/screenshot - {}
RESULT: {}
RESULT: {"script":"<script> [5351 bytes]","args":[{"element-6066-11e4-a52e-4f735466cecf":"f.73A3896108CAD0F2DAB8766297627504.d.BC37919B704316A2FB515D5A48B86499.e.4897","ELEMENT":"f.73A3896108CAD0F2DAB8766297627504.d.BC37919B704316A2FB515D5A48B86499.e.4897"}]}
COMMAND: GET /session/cd8dad5b6aa98ad5f0615c697c2d4924/screenshot - {}
RESULT: {}
RESULT: {}
COMMAND: POST /session/cd8dad5b6aa98ad5f0615c697c2d4924/element/f.73A3896108CAD0F2DAB8766297627504.d.BC37919B704316A2FB515D5A48B86499.e.4897/click - {}
RESULT: {}
COMMAND: GET /session/cd8dad5b6aa98ad5f0615c697c2d4924/screenshot - {}
RESULT: {}
COMMAND: POST /session/cd8dad5b6aa98ad5f0615c697c2d4924/execute/async - {"script":"<script> [1562 bytes]","args":[{"selector":{"id":"application-managecontracts-display-component---AddNewContract--projectDescription","interaction":{"idSuffix":"inner"}},"wdio_ui5_key":"applicationmanagecontracts-display-component---AddNewContract--projectDescription"}]}
RESULT: {"script":"<script> [1562 bytes]","args":[{"selector":{"id":"application-managecontracts-display-component---AddNewContract--projectDescription","interaction":{"idSuffix":"inner"}},"wdio_ui5_key":"applicationmanagecontracts-display-component---AddNewContract--projectDescription"}]}
RESULT: undefined
COMMAND: POST /session/cd8dad5b6aa98ad5f0615c697c2d4924/execute/async - {"script":"<script> [776 bytes]","args":[{"enterText":"Contract WDIO","selector":{"id":"application-managecontracts-display-component---AddNewContract--projectDescription","interaction":{"idSuffix":"inner"}},"clearTextFirst":true,"interactionType":"ENTER_TEXT"}]}
RESULT: {"script":"<script> [776 bytes]","args":[{"enterText":"Contract WDIO","selector":{"id":"application-managecontracts-display-component---AddNewContract--projectDescription","interaction":{"idSuffix":"inner"}},"clearTextFirst":true,"interactionType":"ENTER_TEXT"}]}
COMMAND: POST /session/cd8dad5b6aa98ad5f0615c697c2d4924/element - {"using":"xpath","value":"//input[@id=\"application-managecontracts-display-component---AddNewContract--site-inner\"]"}
RESULT: {"using":"xpath","value":"//input[@id=\"application-managecontracts-display-component---AddNewContract--site-inner\"]"}
COMMAND: POST /session/cd8dad5b6aa98ad5f0615c697c2d4924/element/f.73A3896108CAD0F2DAB8766297627504.d.BC37919B704316A2FB515D5A48B86499.e.5261/clear - {}
RESULT: {}
COMMAND: POST /session/cd8dad5b6aa98ad5f0615c697c2d4924/element/f.73A3896108CAD0F2DAB8766297627504.d.BC37919B704316A2FB515D5A48B86499.e.5261/value - {"text":"2340"}
COMMAND: GET /session/cd8dad5b6aa98ad5f0615c697c2d4924/screenshot - {}
RESULT: {"text":"2340"}
COMMAND: GET /session/cd8dad5b6aa98ad5f0615c697c2d4924/screenshot - {}
RESULT: {}
RESULT: {}
COMMAND: POST /session/cd8dad5b6aa98ad5f0615c697c2d4924/element - {"using":"xpath","value":"//li[.//span[text()='2340']]"}
RESULT: {"using":"xpath","value":"//li[.//span[text()='2340']]"}
COMMAND: POST /session/cd8dad5b6aa98ad5f0615c697c2d4924/element/f.73A3896108CAD0F2DAB8766297627504.d.BC37919B704316A2FB515D5A48B86499.e.5288/click - {}
RESULT: {}
COMMAND: GET /session/cd8dad5b6aa98ad5f0615c697c2d4924/screenshot - {}
RESULT: {}
COMMAND: POST /session/cd8dad5b6aa98ad5f0615c697c2d4924/element - {"using":"xpath","value":"//input[@id=\"application-managecontracts-display-component---AddNewContract--yardId-inner\"]"}
RESULT: {"using":"xpath","value":"//input[@id=\"application-managecontracts-display-component---AddNewContract--yardId-inner\"]"}
COMMAND: GET /session/cd8dad5b6aa98ad5f0615c697c2d4924/element/f.73A3896108CAD0F2DAB8766297627504.d.BC37919B704316A2FB515D5A48B86499.e.5262/property/value - {}
RESULT: {}
COMMAND: POST /session/cd8dad5b6aa98ad5f0615c697c2d4924/element - {"using":"xpath","value":"//input[@id=\"application-managecontracts-display-component---AddNewContract--customerSelect-inner\"]"}
COMMAND: GET /session/cd8dad5b6aa98ad5f0615c697c2d4924/screenshot - {}
RESULT: {"using":"xpath","value":"//input[@id=\"application-managecontracts-display-component---AddNewContract--customerSelect-inner\"]"}
COMMAND: POST /session/cd8dad5b6aa98ad5f0615c697c2d4924/element/f.73A3896108CAD0F2DAB8766297627504.d.BC37919B704316A2FB515D5A48B86499.e.5260/clear - {}
RESULT: {}
RESULT: {}
COMMAND: POST /session/cd8dad5b6aa98ad5f0615c697c2d4924/element/f.73A3896108CAD0F2DAB8766297627504.d.BC37919B704316A2FB515D5A48B86499.e.5260/value - {"text":"1405"}
COMMAND: GET /session/cd8dad5b6aa98ad5f0615c697c2d4924/screenshot - {}
RESULT: {"text":"1405"}
COMMAND: GET /session/cd8dad5b6aa98ad5f0615c697c2d4924/screenshot - {}
RESULT: {}
RESULT: {}
COMMAND: POST /session/cd8dad5b6aa98ad5f0615c697c2d4924/element - {"using":"xpath","value":"//li[.//span[text()='1405']]"}
RESULT: {"using":"xpath","value":"//li[.//span[text()='1405']]"}
COMMAND: POST /session/cd8dad5b6aa98ad5f0615c697c2d4924/element/f.73A3896108CAD0F2DAB8766297627504.d.BC37919B704316A2FB515D5A48B86499.e.5291/click - {}
RESULT: {}
COMMAND: GET /session/cd8dad5b6aa98ad5f0615c697c2d4924/screenshot - {}
RESULT: {}
COMMAND: POST /session/cd8dad5b6aa98ad5f0615c697c2d4924/element - {"using":"xpath","value":"//button[@data-kt=\"saveButton\"]"}
RESULT: {"using":"xpath","value":"//button[@data-kt=\"saveButton\"]"}
COMMAND: POST /session/cd8dad5b6aa98ad5f0615c697c2d4924/element/f.73A3896108CAD0F2DAB8766297627504.d.BC37919B704316A2FB515D5A48B86499.e.5292/click - {}
RESULT: {}
COMMAND: GET /session/cd8dad5b6aa98ad5f0615c697c2d4924/screenshot - {}
RESULT: {}
COMMAND: POST /session/cd8dad5b6aa98ad5f0615c697c2d4924/element - {"using":"xpath","value":"//span[contains(@id ,\"contractDetailTitleNoExpanded\")]"}
RESULT: {"using":"xpath","value":"//span[contains(@id ,\"contractDetailTitleNoExpanded\")]"}
COMMAND: POST /session/cd8dad5b6aa98ad5f0615c697c2d4924/elements - {"using":"xpath","value":"//span[contains(@id ,\"contractDetailTitleNoExpanded\")]"}
RESULT: {"using":"xpath","value":"//span[contains(@id ,\"contractDetailTitleNoExpanded\")]"}
COMMAND: POST /session/cd8dad5b6aa98ad5f0615c697c2d4924/execute/sync - {"script":"<script> [56 bytes]","args":[{"element-6066-11e4-a52e-4f735466cecf":"f.73A3896108CAD0F2DAB8766297627504.d.BC37919B704316A2FB515D5A48B86499.e.5305","ELEMENT":"f.73A3896108CAD0F2DAB8766297627504.d.BC37919B704316A2FB515D5A48B86499.e.5305"}]}
RESULT: {"script":"<script> [56 bytes]","args":[{"element-6066-11e4-a52e-4f735466cecf":"f.73A3896108CAD0F2DAB8766297627504.d.BC37919B704316A2FB515D5A48B86499.e.5305","ELEMENT":"f.73A3896108CAD0F2DAB8766297627504.d.BC37919B704316A2FB515D5A48B86499.e.5305"}]}
COMMAND: GET /session/cd8dad5b6aa98ad5f0615c697c2d4924/screenshot - {}
RESULT: {}
]]></system-out>
    </testcase>
    <testcase classname="chrome.136_0_7103_93.windows.Billing_confirm_US117289" name="Should add created equipment to contract" time="47.179">
      <system-out><![CDATA[
COMMAND: POST /session/cd8dad5b6aa98ad5f0615c697c2d4924/element - {"using":"xpath","value":"//button[@data-kt=\"contractDetailEditBtnButton\"]"}
RESULT: {"using":"xpath","value":"//button[@data-kt=\"contractDetailEditBtnButton\"]"}
COMMAND: POST /session/cd8dad5b6aa98ad5f0615c697c2d4924/element/f.73A3896108CAD0F2DAB8766297627504.d.BC37919B704316A2FB515D5A48B86499.e.5306/click - {}
RESULT: {}
COMMAND: GET /session/cd8dad5b6aa98ad5f0615c697c2d4924/screenshot - {}
RESULT: {}
COMMAND: POST /session/cd8dad5b6aa98ad5f0615c697c2d4924/element - {"using":"xpath","value":"(//span[contains(text(), \"Additional Addresses\")])[2]"}
RESULT: {"using":"xpath","value":"(//span[contains(text(), \"Additional Addresses\")])[2]"}
COMMAND: POST /session/cd8dad5b6aa98ad5f0615c697c2d4924/element/f.73A3896108CAD0F2DAB8766297627504.d.BC37919B704316A2FB515D5A48B86499.e.5361/click - {}
RESULT: {}
COMMAND: GET /session/cd8dad5b6aa98ad5f0615c697c2d4924/screenshot - {}
RESULT: {}
COMMAND: POST /session/cd8dad5b6aa98ad5f0615c697c2d4924/element - {"using":"xpath","value":"//button[@data-kt=\"btnAddTableRowOverflowToolbarButton\"]"}
RESULT: {"using":"xpath","value":"//button[@data-kt=\"btnAddTableRowOverflowToolbarButton\"]"}
COMMAND: POST /session/cd8dad5b6aa98ad5f0615c697c2d4924/element/f.73A3896108CAD0F2DAB8766297627504.d.BC37919B704316A2FB515D5A48B86499.e.5363/click - {}
RESULT: {}
COMMAND: GET /session/cd8dad5b6aa98ad5f0615c697c2d4924/screenshot - {}
RESULT: {}
COMMAND: POST /session/cd8dad5b6aa98ad5f0615c697c2d4924/element - {"using":"xpath","value":"//div[(text() = 'Standard Entry' or . = 'Standard Entry')]"}
RESULT: {"using":"xpath","value":"//div[(text() = 'Standard Entry' or . = 'Standard Entry')]"}
COMMAND: POST /session/cd8dad5b6aa98ad5f0615c697c2d4924/element/f.73A3896108CAD0F2DAB8766297627504.d.BC37919B704316A2FB515D5A48B86499.e.5365/click - {}
RESULT: {}
COMMAND: GET /session/cd8dad5b6aa98ad5f0615c697c2d4924/screenshot - {}
RESULT: {}
COMMAND: POST /session/cd8dad5b6aa98ad5f0615c697c2d4924/element - {"using":"xpath","value":"//td[7]/div/div/input"}
RESULT: {"using":"xpath","value":"//td[7]/div/div/input"}
COMMAND: POST /session/cd8dad5b6aa98ad5f0615c697c2d4924/element/f.73A3896108CAD0F2DAB8766297627504.d.BC37919B704316A2FB515D5A48B86499.e.5374/clear - {}
RESULT: {}
COMMAND: POST /session/cd8dad5b6aa98ad5f0615c697c2d4924/element/f.73A3896108CAD0F2DAB8766297627504.d.BC37919B704316A2FB515D5A48B86499.e.5374/value - {"text":"EZs89KFPMZ"}
COMMAND: GET /session/cd8dad5b6aa98ad5f0615c697c2d4924/screenshot - {}
RESULT: {"text":"EZs89KFPMZ"}
COMMAND: GET /session/cd8dad5b6aa98ad5f0615c697c2d4924/screenshot - {}
RESULT: {}
RESULT: {}
COMMAND: POST /session/cd8dad5b6aa98ad5f0615c697c2d4924/actions - {"actions":[{"id":"action18","type":"key","parameters":{},"actions":[{"type":"keyDown","value":""},{"type":"pause","duration":10},{"type":"keyUp","value":""}]}]}
RESULT: {"actions":[{"id":"action18","type":"key","parameters":{},"actions":[{"type":"keyDown","value":""},{"type":"pause","duration":10},{"type":"keyUp","value":""}]}]}
COMMAND: GET /session/cd8dad5b6aa98ad5f0615c697c2d4924/screenshot - {}
COMMAND: POST /session/cd8dad5b6aa98ad5f0615c697c2d4924/execute/sync - {"script":"<script> [276 bytes]","args":["No pricing information was found"]}
RESULT: {}
RESULT: {"script":"<script> [276 bytes]","args":["No pricing information was found"]}
COMMAND: POST /session/cd8dad5b6aa98ad5f0615c697c2d4924/element - {"using":"xpath","value":"(//button[@data-kt=\"saveButton\"])[2]"}
COMMAND: GET /session/cd8dad5b6aa98ad5f0615c697c2d4924/screenshot - {}
RESULT: {"using":"xpath","value":"(//button[@data-kt=\"saveButton\"])[2]"}
COMMAND: POST /session/cd8dad5b6aa98ad5f0615c697c2d4924/element/f.73A3896108CAD0F2DAB8766297627504.d.BC37919B704316A2FB515D5A48B86499.e.5389/click - {}
RESULT: {}
RESULT: {}
COMMAND: GET /session/cd8dad5b6aa98ad5f0615c697c2d4924/screenshot - {}
RESULT: {}
COMMAND: POST /session/cd8dad5b6aa98ad5f0615c697c2d4924/execute/sync - {"script":"<script> [276 bytes]","args":["Some contract items are having rental validity exceeding header rental validity"]}
RESULT: {"script":"<script> [276 bytes]","args":["Some contract items are having rental validity exceeding header rental validity"]}
COMMAND: GET /session/cd8dad5b6aa98ad5f0615c697c2d4924/screenshot - {}
RESULT: {}
COMMAND: POST /session/cd8dad5b6aa98ad5f0615c697c2d4924/element - {"using":"xpath","value":"//span[contains(@id ,\"contractItemsSmartTable-header-inner\")]"}
RESULT: {"using":"xpath","value":"//span[contains(@id ,\"contractItemsSmartTable-header-inner\")]"}
COMMAND: POST /session/cd8dad5b6aa98ad5f0615c697c2d4924/elements - {"using":"xpath","value":"//span[contains(@id ,\"contractItemsSmartTable-header-inner\")]"}
RESULT: {"using":"xpath","value":"//span[contains(@id ,\"contractItemsSmartTable-header-inner\")]"}
COMMAND: POST /session/cd8dad5b6aa98ad5f0615c697c2d4924/execute/sync - {"script":"<script> [56 bytes]","args":[{"element-6066-11e4-a52e-4f735466cecf":"f.73A3896108CAD0F2DAB8766297627504.d.BC37919B704316A2FB515D5A48B86499.e.5396","ELEMENT":"f.73A3896108CAD0F2DAB8766297627504.d.BC37919B704316A2FB515D5A48B86499.e.5396"}]}
RESULT: {"script":"<script> [56 bytes]","args":[{"element-6066-11e4-a52e-4f735466cecf":"f.73A3896108CAD0F2DAB8766297627504.d.BC37919B704316A2FB515D5A48B86499.e.5396","ELEMENT":"f.73A3896108CAD0F2DAB8766297627504.d.BC37919B704316A2FB515D5A48B86499.e.5396"}]}
]]></system-out>
    </testcase>
    <testcase classname="chrome.136_0_7103_93.windows.Billing_confirm_US117289" name="Should do a provide to site handover" time="69.044">
      <system-out><![CDATA[
COMMAND: POST /session/cd8dad5b6aa98ad5f0615c697c2d4924/element - {"using":"xpath","value":"//button[@data-kt=\"provideButton\"]"}
COMMAND: GET /session/cd8dad5b6aa98ad5f0615c697c2d4924/screenshot - {}
RESULT: {"using":"xpath","value":"//button[@data-kt=\"provideButton\"]"}
COMMAND: POST /session/cd8dad5b6aa98ad5f0615c697c2d4924/element/f.73A3896108CAD0F2DAB8766297627504.d.BC37919B704316A2FB515D5A48B86499.e.5397/click - {}
RESULT: {}
RESULT: {}
COMMAND: GET /session/cd8dad5b6aa98ad5f0615c697c2d4924/screenshot - {}
RESULT: {}
RESULT: undefined
COMMAND: POST /session/cd8dad5b6aa98ad5f0615c697c2d4924/execute/async - {"script":"<script> [6424 bytes]","args":[{"element-6066-11e4-a52e-4f735466cecf":"f.73A3896108CAD0F2DAB8766297627504.d.BC37919B704316A2FB515D5A48B86499.e.4356"},"setValue",["5/21/25"]]}
COMMAND: POST /session/cd8dad5b6aa98ad5f0615c697c2d4924/execute/async - {"script":"<script> [1562 bytes]","args":[{"selector":{"id":"application-managehandovers-display-component---AddNewHO--dueDate","interaction":{"idSuffix":"inner"}},"wdio_ui5_key":"applicationmanagehandovers-display-component---AddNewHO--dueDate"}]}
RESULT: {"script":"<script> [1562 bytes]","args":[{"selector":{"id":"application-managehandovers-display-component---AddNewHO--dueDate","interaction":{"idSuffix":"inner"}},"wdio_ui5_key":"applicationmanagehandovers-display-component---AddNewHO--dueDate"}]}
COMMAND: POST /session/cd8dad5b6aa98ad5f0615c697c2d4924/execute/async - {"script":"<script> [6424 bytes]","args":[{"element-6066-11e4-a52e-4f735466cecf":"f.73A3896108CAD0F2DAB8766297627504.d.BC37919B704316A2FB515D5A48B86499.e.5454"},"setValue",["5/21/25"]]}
RESULT: {"script":"<script> [6424 bytes]","args":[{"element-6066-11e4-a52e-4f735466cecf":"f.73A3896108CAD0F2DAB8766297627504.d.BC37919B704316A2FB515D5A48B86499.e.5454"},"setValue",["5/21/25"]]}
COMMAND: POST /session/cd8dad5b6aa98ad5f0615c697c2d4924/element - {"using":"xpath","value":"//bdi[contains(text(), \"Instructions\")]"}
RESULT: {"using":"xpath","value":"//bdi[contains(text(), \"Instructions\")]"}
COMMAND: POST /session/cd8dad5b6aa98ad5f0615c697c2d4924/element/f.73A3896108CAD0F2DAB8766297627504.d.BC37919B704316A2FB515D5A48B86499.e.5705/click - {}
RESULT: {}
COMMAND: GET /session/cd8dad5b6aa98ad5f0615c697c2d4924/screenshot - {}
RESULT: {}
COMMAND: POST /session/cd8dad5b6aa98ad5f0615c697c2d4924/element - {"using":"xpath","value":"//button[@data-kt=\"AddNewHOProvideAddItemsButton\"]"}
RESULT: {"using":"xpath","value":"//button[@data-kt=\"AddNewHOProvideAddItemsButton\"]"}
COMMAND: POST /session/cd8dad5b6aa98ad5f0615c697c2d4924/element/f.73A3896108CAD0F2DAB8766297627504.d.BC37919B704316A2FB515D5A48B86499.e.5709/click - {}
RESULT: {}
COMMAND: GET /session/cd8dad5b6aa98ad5f0615c697c2d4924/screenshot - {}
RESULT: {}
RESULT: undefined
COMMAND: POST /session/cd8dad5b6aa98ad5f0615c697c2d4924/element - {"using":"xpath","value":"//*[@id=\"application-managehandovers-display-component---AddNewHO--popup-sa\"]"}
RESULT: {"using":"xpath","value":"//*[@id=\"application-managehandovers-display-component---AddNewHO--popup-sa\"]"}
COMMAND: POST /session/cd8dad5b6aa98ad5f0615c697c2d4924/element/f.73A3896108CAD0F2DAB8766297627504.d.BC37919B704316A2FB515D5A48B86499.e.5719/click - {}
RESULT: {}
COMMAND: GET /session/cd8dad5b6aa98ad5f0615c697c2d4924/screenshot - {}
RESULT: {}
COMMAND: POST /session/cd8dad5b6aa98ad5f0615c697c2d4924/element - {"using":"xpath","value":"//*[contains(@id ,\"BDI-content\")][contains(text(), \"Select\")]"}
RESULT: {"using":"xpath","value":"//*[contains(@id ,\"BDI-content\")][contains(text(), \"Select\")]"}
COMMAND: POST /session/cd8dad5b6aa98ad5f0615c697c2d4924/element/f.73A3896108CAD0F2DAB8766297627504.d.BC37919B704316A2FB515D5A48B86499.e.5720/click - {}
RESULT: {}
COMMAND: GET /session/cd8dad5b6aa98ad5f0615c697c2d4924/screenshot - {}
RESULT: {}
COMMAND: POST /session/cd8dad5b6aa98ad5f0615c697c2d4924/execute/async - {"script":"<script> [1562 bytes]","args":[{"selector":{"id":"application-managehandovers-display-component---AddNewHO--confirmCreationButton","interaction":{"idSuffix":"BDI-content"}},"wdio_ui5_key":"applicationmanagehandovers-display-component---AddNewHO--confirmCreationButton"}]}
RESULT: {"script":"<script> [1562 bytes]","args":[{"selector":{"id":"application-managehandovers-display-component---AddNewHO--confirmCreationButton","interaction":{"idSuffix":"BDI-content"}},"wdio_ui5_key":"applicationmanagehandovers-display-component---AddNewHO--confirmCreationButton"}]}
RESULT: undefined
COMMAND: POST /session/cd8dad5b6aa98ad5f0615c697c2d4924/element - {"using":"xpath","value":"//*[@id=\"application-managehandovers-display-component---AddNewHO--confirmCreationButton\"]"}
RESULT: {"using":"xpath","value":"//*[@id=\"application-managehandovers-display-component---AddNewHO--confirmCreationButton\"]"}
COMMAND: POST /session/cd8dad5b6aa98ad5f0615c697c2d4924/element/f.73A3896108CAD0F2DAB8766297627504.d.BC37919B704316A2FB515D5A48B86499.e.5518/click - {}
RESULT: {}
COMMAND: GET /session/cd8dad5b6aa98ad5f0615c697c2d4924/screenshot - {}
RESULT: {}
COMMAND: POST /session/cd8dad5b6aa98ad5f0615c697c2d4924/execute/async - {"script":"<script> [1562 bytes]","args":[{"selector":{"id":"issueDatePicker","viewName":"etm.portal.ui.managehandovers.view.DetailExecuteHO","interaction":{"idSuffix":"inner"}},"wdio_ui5_key":"issueDatePickeretmportal.ui.managehandovers.view.DetailExecuteHO"}]}
RESULT: {"script":"<script> [1562 bytes]","args":[{"selector":{"id":"issueDatePicker","viewName":"etm.portal.ui.managehandovers.view.DetailExecuteHO","interaction":{"idSuffix":"inner"}},"wdio_ui5_key":"issueDatePickeretmportal.ui.managehandovers.view.DetailExecuteHO"}]}
RESULT: undefined
COMMAND: POST /session/cd8dad5b6aa98ad5f0615c697c2d4924/execute/async - {"script":"<script> [776 bytes]","args":[{"enterText":"5/21/25","selector":{"id":"issueDatePicker","viewName":"etm.portal.ui.managehandovers.view.DetailExecuteHO","interaction":{"idSuffix":"inner"}},"clearTextFirst":true,"interactionType":"ENTER_TEXT"}]}
RESULT: {"script":"<script> [776 bytes]","args":[{"enterText":"5/21/25","selector":{"id":"issueDatePicker","viewName":"etm.portal.ui.managehandovers.view.DetailExecuteHO","interaction":{"idSuffix":"inner"}},"clearTextFirst":true,"interactionType":"ENTER_TEXT"}]}
COMMAND: POST /session/cd8dad5b6aa98ad5f0615c697c2d4924/element - {"using":"xpath","value":"//bdi[contains(text(), \"OK\")]"}
RESULT: {"using":"xpath","value":"//bdi[contains(text(), \"OK\")]"}
COMMAND: POST /session/cd8dad5b6aa98ad5f0615c697c2d4924/element/f.73A3896108CAD0F2DAB8766297627504.d.BC37919B704316A2FB515D5A48B86499.e.5786/click - {}
RESULT: {}
COMMAND: GET /session/cd8dad5b6aa98ad5f0615c697c2d4924/screenshot - {}
RESULT: {}
COMMAND: POST /session/cd8dad5b6aa98ad5f0615c697c2d4924/element - {"using":"xpath","value":"//button[@data-kt=\"PickingTableConfirmAllButton\"]"}
RESULT: {"using":"xpath","value":"//button[@data-kt=\"PickingTableConfirmAllButton\"]"}
COMMAND: POST /session/cd8dad5b6aa98ad5f0615c697c2d4924/element/f.73A3896108CAD0F2DAB8766297627504.d.BC37919B704316A2FB515D5A48B86499.e.5792/click - {}
RESULT: {}
COMMAND: GET /session/cd8dad5b6aa98ad5f0615c697c2d4924/screenshot - {}
RESULT: {}
COMMAND: POST /session/cd8dad5b6aa98ad5f0615c697c2d4924/element - {"using":"xpath","value":"//bdi[contains(text(), \"OK\")]"}
RESULT: {"using":"xpath","value":"//bdi[contains(text(), \"OK\")]"}
COMMAND: POST /session/cd8dad5b6aa98ad5f0615c697c2d4924/element/f.73A3896108CAD0F2DAB8766297627504.d.BC37919B704316A2FB515D5A48B86499.e.5796/click - {}
RESULT: {}
COMMAND: GET /session/cd8dad5b6aa98ad5f0615c697c2d4924/screenshot - {}
RESULT: {}
COMMAND: POST /session/cd8dad5b6aa98ad5f0615c697c2d4924/element - {"using":"xpath","value":"//bdi[contains(text(), \"Issue\")]"}
RESULT: {"using":"xpath","value":"//bdi[contains(text(), \"Issue\")]"}
COMMAND: POST /session/cd8dad5b6aa98ad5f0615c697c2d4924/element/f.73A3896108CAD0F2DAB8766297627504.d.BC37919B704316A2FB515D5A48B86499.e.5797/click - {}
RESULT: {}
COMMAND: GET /session/cd8dad5b6aa98ad5f0615c697c2d4924/screenshot - {}
RESULT: {}
COMMAND: POST /session/cd8dad5b6aa98ad5f0615c697c2d4924/element - {"using":"css selector","value":"#shell-header-logo"}
RESULT: {"using":"css selector","value":"#shell-header-logo"}
COMMAND: POST /session/cd8dad5b6aa98ad5f0615c697c2d4924/element/f.73A3896108CAD0F2DAB8766297627504.d.BC37919B704316A2FB515D5A48B86499.e.4855/click - {}
RESULT: {}
COMMAND: GET /session/cd8dad5b6aa98ad5f0615c697c2d4924/screenshot - {}
RESULT: {}
]]></system-out>
    </testcase>
    <testcase classname="chrome.136_0_7103_93.windows.Billing_confirm_US117289" name="Should trigger calculation" time="76.737">
      <system-out><![CDATA[
COMMAND: POST /session/cd8dad5b6aa98ad5f0615c697c2d4924/execute/async - {"script":"<script> [1562 bytes]","args":[{"selector":{"controlType":"sap.m.GenericTile","properties":{"header":"Manage Billings"}},"wdio_ui5_key":"sapm.GenericTile{\"header\":\"Manage Billings\"}"}]}
RESULT: {"script":"<script> [1562 bytes]","args":[{"selector":{"controlType":"sap.m.GenericTile","properties":{"header":"Manage Billings"}},"wdio_ui5_key":"sapm.GenericTile{\"header\":\"Manage Billings\"}"}]}
RESULT: undefined
COMMAND: POST /session/cd8dad5b6aa98ad5f0615c697c2d4924/element - {"using":"xpath","value":"//*[@id=\"__tile51\"]"}
RESULT: {"using":"xpath","value":"//*[@id=\"__tile51\"]"}
COMMAND: POST /session/cd8dad5b6aa98ad5f0615c697c2d4924/element/f.73A3896108CAD0F2DAB8766297627504.d.BC37919B704316A2FB515D5A48B86499.e.192/click - {}
RESULT: {}
COMMAND: GET /session/cd8dad5b6aa98ad5f0615c697c2d4924/screenshot - {}
RESULT: {}
COMMAND: POST /session/cd8dad5b6aa98ad5f0615c697c2d4924/elements - {"using":"xpath","value":"//span[text()='Error']"}
RESULT: {"using":"xpath","value":"//span[text()='Error']"}
COMMAND: POST /session/cd8dad5b6aa98ad5f0615c697c2d4924/execute/async - {"script":"<script> [1562 bytes]","args":[{"selector":{"id":"application-managebillings-display-component---billRunCalcResult--smartFilterBar-btnBasicSearch","interaction":{"idSuffix":"I"}},"wdio_ui5_key":"applicationmanagebillings-display-component---billRunCalcResult--smartFilterBar-btnBasicSearch"}]}
RESULT: {"script":"<script> [1562 bytes]","args":[{"selector":{"id":"application-managebillings-display-component---billRunCalcResult--smartFilterBar-btnBasicSearch","interaction":{"idSuffix":"I"}},"wdio_ui5_key":"applicationmanagebillings-display-component---billRunCalcResult--smartFilterBar-btnBasicSearch"}]}
RESULT: undefined
COMMAND: POST /session/cd8dad5b6aa98ad5f0615c697c2d4924/execute/async - {"script":"<script> [776 bytes]","args":[{"enterText":"10482","selector":{"id":"application-managebillings-display-component---billRunCalcResult--smartFilterBar-btnBasicSearch","interaction":{"idSuffix":"I"}},"clearTextFirst":true,"interactionType":"ENTER_TEXT"}]}
RESULT: {"script":"<script> [776 bytes]","args":[{"enterText":"10482","selector":{"id":"application-managebillings-display-component---billRunCalcResult--smartFilterBar-btnBasicSearch","interaction":{"idSuffix":"I"}},"clearTextFirst":true,"interactionType":"ENTER_TEXT"}]}
COMMAND: POST /session/cd8dad5b6aa98ad5f0615c697c2d4924/actions - {"actions":[{"id":"action19","type":"key","parameters":{},"actions":[{"type":"keyDown","value":""},{"type":"pause","duration":10},{"type":"keyUp","value":""}]}]}
RESULT: {"actions":[{"id":"action19","type":"key","parameters":{},"actions":[{"type":"keyDown","value":""},{"type":"pause","duration":10},{"type":"keyUp","value":""}]}]}
COMMAND: GET /session/cd8dad5b6aa98ad5f0615c697c2d4924/screenshot - {}
RESULT: {}
COMMAND: POST /session/cd8dad5b6aa98ad5f0615c697c2d4924/element - {"using":"xpath","value":"//td[@aria-colindex=\"1\"]/div/div[contains(@class, \"sapMCbBg\")]"}
RESULT: {"using":"xpath","value":"//td[@aria-colindex=\"1\"]/div/div[contains(@class, \"sapMCbBg\")]"}
COMMAND: POST /session/cd8dad5b6aa98ad5f0615c697c2d4924/element/f.73A3896108CAD0F2DAB8766297627504.d.BC37919B704316A2FB515D5A48B86499.e.6189/click - {}
RESULT: {}
COMMAND: GET /session/cd8dad5b6aa98ad5f0615c697c2d4924/screenshot - {}
RESULT: {}
COMMAND: POST /session/cd8dad5b6aa98ad5f0615c697c2d4924/execute/async - {"script":"<script> [1562 bytes]","args":[{"selector":{"id":"application-managebillings-display-component---billRunCalcResult--contractBillRunDate","interaction":{"idSuffix":"inner"}},"wdio_ui5_key":"applicationmanagebillings-display-component---billRunCalcResult--contractBillRunDate"}]}
RESULT: {"script":"<script> [1562 bytes]","args":[{"selector":{"id":"application-managebillings-display-component---billRunCalcResult--contractBillRunDate","interaction":{"idSuffix":"inner"}},"wdio_ui5_key":"applicationmanagebillings-display-component---billRunCalcResult--contractBillRunDate"}]}
RESULT: undefined
COMMAND: POST /session/cd8dad5b6aa98ad5f0615c697c2d4924/execute/async - {"script":"<script> [776 bytes]","args":[{"enterText":"6/21/25","selector":{"id":"application-managebillings-display-component---billRunCalcResult--contractBillRunDate","interaction":{"idSuffix":"inner"}},"clearTextFirst":true,"interactionType":"ENTER_TEXT"}]}
RESULT: {"script":"<script> [776 bytes]","args":[{"enterText":"6/21/25","selector":{"id":"application-managebillings-display-component---billRunCalcResult--contractBillRunDate","interaction":{"idSuffix":"inner"}},"clearTextFirst":true,"interactionType":"ENTER_TEXT"}]}
COMMAND: POST /session/cd8dad5b6aa98ad5f0615c697c2d4924/element - {"using":"xpath","value":"//bdi[contains(text(), \"Trigger Calculation\")]"}
RESULT: {"using":"xpath","value":"//bdi[contains(text(), \"Trigger Calculation\")]"}
COMMAND: POST /session/cd8dad5b6aa98ad5f0615c697c2d4924/element/f.73A3896108CAD0F2DAB8766297627504.d.BC37919B704316A2FB515D5A48B86499.e.6240/click - {}
RESULT: {}
COMMAND: GET /session/cd8dad5b6aa98ad5f0615c697c2d4924/screenshot - {}
RESULT: {}
COMMAND: POST /session/cd8dad5b6aa98ad5f0615c697c2d4924/element - {"using":"xpath","value":"(//span[contains(@id, \"imgNav\")])[1]"}
RESULT: {"using":"xpath","value":"(//span[contains(@id, \"imgNav\")])[1]"}
COMMAND: POST /session/cd8dad5b6aa98ad5f0615c697c2d4924/element/f.73A3896108CAD0F2DAB8766297627504.d.BC37919B704316A2FB515D5A48B86499.e.6190/click - {}
RESULT: {}
COMMAND: GET /session/cd8dad5b6aa98ad5f0615c697c2d4924/screenshot - {}
RESULT: {}
COMMAND: POST /session/cd8dad5b6aa98ad5f0615c697c2d4924/element - {"using":"xpath","value":"//tr/td[6]/div[1]/span[1]/span[1]"}
RESULT: {"using":"xpath","value":"//tr/td[6]/div[1]/span[1]/span[1]"}
COMMAND: GET /session/cd8dad5b6aa98ad5f0615c697c2d4924/element/f.73A3896108CAD0F2DAB8766297627504.d.BC37919B704316A2FB515D5A48B86499.e.6245/text - {}
RESULT: {}
COMMAND: POST /session/cd8dad5b6aa98ad5f0615c697c2d4924/element - {"using":"xpath","value":"(//span[contains(@id, \"imgNav\")])[2]"}
RESULT: {"using":"xpath","value":"(//span[contains(@id, \"imgNav\")])[2]"}
COMMAND: POST /session/cd8dad5b6aa98ad5f0615c697c2d4924/element/f.73A3896108CAD0F2DAB8766297627504.d.BC37919B704316A2FB515D5A48B86499.e.6246/click - {}
RESULT: {}
COMMAND: GET /session/cd8dad5b6aa98ad5f0615c697c2d4924/screenshot - {}
RESULT: {}
COMMAND: POST /session/cd8dad5b6aa98ad5f0615c697c2d4924/element - {"using":"xpath","value":"//bdi[contains(text(), \"Business Confirm\")]"}
RESULT: {"using":"xpath","value":"//bdi[contains(text(), \"Business Confirm\")]"}
COMMAND: POST /session/cd8dad5b6aa98ad5f0615c697c2d4924/element/f.73A3896108CAD0F2DAB8766297627504.d.BC37919B704316A2FB515D5A48B86499.e.6319/click - {}
RESULT: {}
COMMAND: GET /session/cd8dad5b6aa98ad5f0615c697c2d4924/screenshot - {}
RESULT: {}
COMMAND: POST /session/cd8dad5b6aa98ad5f0615c697c2d4924/element - {"using":"xpath","value":"//bdi[contains(text(), \"Business Confirmed\")]"}
RESULT: {"using":"xpath","value":"//bdi[contains(text(), \"Business Confirmed\")]"}
COMMAND: POST /session/cd8dad5b6aa98ad5f0615c697c2d4924/execute/sync - {"script":"<script> [56 bytes]","args":[{"element-6066-11e4-a52e-4f735466cecf":"f.73A3896108CAD0F2DAB8766297627504.d.BC37919B704316A2FB515D5A48B86499.e.6319","ELEMENT":"f.73A3896108CAD0F2DAB8766297627504.d.BC37919B704316A2FB515D5A48B86499.e.6319"}]}
RESULT: {"script":"<script> [56 bytes]","args":[{"element-6066-11e4-a52e-4f735466cecf":"f.73A3896108CAD0F2DAB8766297627504.d.BC37919B704316A2FB515D5A48B86499.e.6319","ELEMENT":"f.73A3896108CAD0F2DAB8766297627504.d.BC37919B704316A2FB515D5A48B86499.e.6319"}]}
COMMAND: POST /session/cd8dad5b6aa98ad5f0615c697c2d4924/element - {"using":"css selector","value":"#shell-header-logo"}
COMMAND: GET /session/cd8dad5b6aa98ad5f0615c697c2d4924/screenshot - {}
RESULT: {"using":"css selector","value":"#shell-header-logo"}
COMMAND: POST /session/cd8dad5b6aa98ad5f0615c697c2d4924/element/f.73A3896108CAD0F2DAB8766297627504.d.BC37919B704316A2FB515D5A48B86499.e.5975/click - {}
RESULT: {}
RESULT: {}
COMMAND: GET /session/cd8dad5b6aa98ad5f0615c697c2d4924/screenshot - {}
RESULT: {}
COMMAND: POST /session/cd8dad5b6aa98ad5f0615c697c2d4924/element - {"using":"css selector","value":"#j_username"}
COMMAND: POST /session/cd8dad5b6aa98ad5f0615c697c2d4924/url - {"url":"https://qa-testing-00-live-etm-ui.cfapps.eu10-004.hana.ondemand.com/"}
RESULT: {"using":"css selector","value":"#j_username"}
COMMAND: POST /session/cd8dad5b6aa98ad5f0615c697c2d4924/element - {"using":"css selector","value":"#j_username"}
RESULT: {"url":"https://qa-testing-00-live-etm-ui.cfapps.eu10-004.hana.ondemand.com/"}
RESULT: undefined
COMMAND: GET /session/cd8dad5b6aa98ad5f0615c697c2d4924/screenshot - {}
RESULT: {"using":"css selector","value":"#j_username"}
COMMAND: POST /session/cd8dad5b6aa98ad5f0615c697c2d4924/element - {"using":"css selector","value":"#shell-header-logo"}
RESULT: {}
RESULT: {"using":"css selector","value":"#shell-header-logo"}
COMMAND: POST /session/cd8dad5b6aa98ad5f0615c697c2d4924/execute/sync - {"script":"<script> [8489 bytes]","args":[{"element-6066-11e4-a52e-4f735466cecf":"f.73A3896108CAD0F2DAB8766297627504.d.E51C635AD2A03403A4B58AABBEAD061F.e.6337","ELEMENT":"f.73A3896108CAD0F2DAB8766297627504.d.E51C635AD2A03403A4B58AABBEAD061F.e.6337"}]}
RESULT: {"script":"<script> [8489 bytes]","args":[{"element-6066-11e4-a52e-4f735466cecf":"f.73A3896108CAD0F2DAB8766297627504.d.E51C635AD2A03403A4B58AABBEAD061F.e.6337","ELEMENT":"f.73A3896108CAD0F2DAB8766297627504.d.E51C635AD2A03403A4B58AABBEAD061F.e.6337"}]}
COMMAND: POST /session/cd8dad5b6aa98ad5f0615c697c2d4924/element - {"using":"css selector","value":"#shell-header-logo"}
COMMAND: GET /session/cd8dad5b6aa98ad5f0615c697c2d4924/screenshot - {}
RESULT: {"using":"css selector","value":"#shell-header-logo"}
COMMAND: POST /session/cd8dad5b6aa98ad5f0615c697c2d4924/execute/sync - {"script":"<script> [8489 bytes]","args":[{"element-6066-11e4-a52e-4f735466cecf":"f.73A3896108CAD0F2DAB8766297627504.d.E51C635AD2A03403A4B58AABBEAD061F.e.6337","ELEMENT":"f.73A3896108CAD0F2DAB8766297627504.d.E51C635AD2A03403A4B58AABBEAD061F.e.6337"}]}
RESULT: {}
RESULT: {"script":"<script> [8489 bytes]","args":[{"element-6066-11e4-a52e-4f735466cecf":"f.73A3896108CAD0F2DAB8766297627504.d.E51C635AD2A03403A4B58AABBEAD061F.e.6337","ELEMENT":"f.73A3896108CAD0F2DAB8766297627504.d.E51C635AD2A03403A4B58AABBEAD061F.e.6337"}]}
COMMAND: POST /session/cd8dad5b6aa98ad5f0615c697c2d4924/execute/sync - {"script":"<script> [5351 bytes]","args":[{"element-6066-11e4-a52e-4f735466cecf":"f.73A3896108CAD0F2DAB8766297627504.d.E51C635AD2A03403A4B58AABBEAD061F.e.6337","ELEMENT":"f.73A3896108CAD0F2DAB8766297627504.d.E51C635AD2A03403A4B58AABBEAD061F.e.6337"}]}
COMMAND: GET /session/cd8dad5b6aa98ad5f0615c697c2d4924/screenshot - {}
RESULT: {"script":"<script> [5351 bytes]","args":[{"element-6066-11e4-a52e-4f735466cecf":"f.73A3896108CAD0F2DAB8766297627504.d.E51C635AD2A03403A4B58AABBEAD061F.e.6337","ELEMENT":"f.73A3896108CAD0F2DAB8766297627504.d.E51C635AD2A03403A4B58AABBEAD061F.e.6337"}]}
COMMAND: POST /session/cd8dad5b6aa98ad5f0615c697c2d4924/element - {"using":"css selector","value":"#shell-header-logo"}
COMMAND: GET /session/cd8dad5b6aa98ad5f0615c697c2d4924/screenshot - {}
RESULT: {}
RESULT: {"using":"css selector","value":"#shell-header-logo"}
COMMAND: POST /session/cd8dad5b6aa98ad5f0615c697c2d4924/element/f.73A3896108CAD0F2DAB8766297627504.d.E51C635AD2A03403A4B58AABBEAD061F.e.6337/click - {}
RESULT: {}
RESULT: {}
COMMAND: GET /session/cd8dad5b6aa98ad5f0615c697c2d4924/screenshot - {}
RESULT: {}
COMMAND: POST /session/cd8dad5b6aa98ad5f0615c697c2d4924/execute/async - {"script":"<script> [189 bytes]","args":[]}
RESULT: {"script":"<script> [189 bytes]","args":[]}
COMMAND: POST /session/cd8dad5b6aa98ad5f0615c697c2d4924/execute/async - {"script":"<script> [123 bytes]","args":[]}
RESULT: {"script":"<script> [123 bytes]","args":[]}
COMMAND: POST /session/cd8dad5b6aa98ad5f0615c697c2d4924/timeouts - {"script":"<number>"}
RESULT: {"script":"<number>"}
COMMAND: GET /session/cd8dad5b6aa98ad5f0615c697c2d4924/timeouts - {}
RESULT: {}
RESULT: undefined
COMMAND: POST /session/cd8dad5b6aa98ad5f0615c697c2d4924/execute/async - {"script":"<script> [2676 bytes]","args":[]}
RESULT: {"script":"<script> [2676 bytes]","args":[]}
COMMAND: POST /session/cd8dad5b6aa98ad5f0615c697c2d4924/execute/async - {"script":"<script> [2342 bytes]","args":[{"protocol":"http","hostname":"0.0.0.0","path":"/","capabilities":{"browserName":"chrome","goog:chromeOptions":{"binary":"C:\\Program Files\\Google\\Chrome\\Application\\chrome.exe","args":["--start-maximized"]}},"logLevel":"warn","connectionRetryTimeout":120000,"connectionRetryCount":3,"logLevels":{},"enableDirectConnect":true,"strictSSL":true,"_":"65 more keys: [\"cacheDir\",\"port\",\"requestedCapabilities\",\"automationProtocol\",\"baseUrl\",\"waitforInterval\",\"waitforTimeout\",\"onReload\",\"beforeCommand\",\"afterCommand\",\"rootDir\",\"specs\",\"suites\",\"exclude\",\"groupLogsByTestSpec\",\"excludeDriverLogs\",\"bail\",\"framework\",\"reporters\",\"services\",\"maxInstances\",\"maxInstancesPerCapability\",\"injectGlobals\",\"filesToWatch\",\"execArgv\",\"runnerEnv\",\"runner\",\"shard\",\"specFileRetries\",\"specFileRetriesDelay\",\"specFileRetriesDeferred\",\"reporterSyncInterval\",\"reporterSyncTimeout\",\"cucumberFeaturesWithLineNumbers\",\"autoCompileOpts\",\"mochaOpts\",\"jasmineOpts\",\"cucumberOpts\",\"onPrepare\",\"onWorkerStart\",\"onWorkerEnd\",\"before\",\"beforeSession\",\"beforeSuite\",\"beforeHook\",\"beforeTest\",\"afterTest\",\"afterHook\",\"afterSuite\",\"afterSession\",\"after\",\"onComplete\",\"beforeAssertion\",\"afterAssertion\",\"beforeFeature\",\"beforeScenario\",\"beforeStep\",\"afterStep\",\"afterScenario\",\"afterFeature\",\"_\",\"suite\",\"$0\",\"ignoredWorkerServices\",\"wdi5\"]"}]}
RESULT: {"script":"<script> [2342 bytes]","args":[{"protocol":"http","hostname":"0.0.0.0","path":"/","capabilities":{"browserName":"chrome","goog:chromeOptions":{"binary":"C:\\Program Files\\Google\\Chrome\\Application\\chrome.exe","args":["--start-maximized"]}},"logLevel":"warn","connectionRetryTimeout":120000,"connectionRetryCount":3,"logLevels":{},"enableDirectConnect":true,"strictSSL":true,"_":"65 more keys: [\"cacheDir\",\"port\",\"requestedCapabilities\",\"automationProtocol\",\"baseUrl\",\"waitforInterval\",\"waitforTimeout\",\"onReload\",\"beforeCommand\",\"afterCommand\",\"rootDir\",\"specs\",\"suites\",\"exclude\",\"groupLogsByTestSpec\",\"excludeDriverLogs\",\"bail\",\"framework\",\"reporters\",\"services\",\"maxInstances\",\"maxInstancesPerCapability\",\"injectGlobals\",\"filesToWatch\",\"execArgv\",\"runnerEnv\",\"runner\",\"shard\",\"specFileRetries\",\"specFileRetriesDelay\",\"specFileRetriesDeferred\",\"reporterSyncInterval\",\"reporterSyncTimeout\",\"cucumberFeaturesWithLineNumbers\",\"autoCompileOpts\",\"mochaOpts\",\"jasmineOpts\",\"cucumberOpts\",\"onPrepare\",\"onWorkerStart\",\"onWorkerEnd\",\"before\",\"beforeSession\",\"beforeSuite\",\"beforeHook\",\"beforeTest\",\"afterTest\",\"afterHook\",\"afterSuite\",\"afterSession\",\"after\",\"onComplete\",\"beforeAssertion\",\"afterAssertion\",\"beforeFeature\",\"beforeScenario\",\"beforeStep\",\"afterStep\",\"afterScenario\",\"afterFeature\",\"_\",\"suite\",\"$0\",\"ignoredWorkerServices\",\"wdi5\"]"}]}
COMMAND: POST /session/cd8dad5b6aa98ad5f0615c697c2d4924/execute/async - {"script":"<script> [21126 bytes]","args":[35000]}
RESULT: {"script":"<script> [21126 bytes]","args":[35000]}
COMMAND: POST /session/cd8dad5b6aa98ad5f0615c697c2d4924/window/maximize - {}
RESULT: {}
COMMAND: POST /session/cd8dad5b6aa98ad5f0615c697c2d4924/execute/async - {"script":"<script> [1562 bytes]","args":[{"selector":{"id":"shell-header","interaction":{"idSuffix":"icon"}},"wdio_ui5_key":"shellheader"}]}
COMMAND: GET /session/cd8dad5b6aa98ad5f0615c697c2d4924/screenshot - {}
RESULT: {"script":"<script> [1562 bytes]","args":[{"selector":{"id":"shell-header","interaction":{"idSuffix":"icon"}},"wdio_ui5_key":"shellheader"}]}
RESULT: undefined
COMMAND: POST /session/cd8dad5b6aa98ad5f0615c697c2d4924/refresh - {}
RESULT: {}
RESULT: {}
COMMAND: GET /session/cd8dad5b6aa98ad5f0615c697c2d4924/screenshot - {}
RESULT: {}
COMMAND: POST /session/cd8dad5b6aa98ad5f0615c697c2d4924/refresh - {}
RESULT: {}
COMMAND: GET /session/cd8dad5b6aa98ad5f0615c697c2d4924/screenshot - {}
RESULT: {}
COMMAND: POST /session/cd8dad5b6aa98ad5f0615c697c2d4924/window/fullscreen - {}
RESULT: {}
COMMAND: POST /session/cd8dad5b6aa98ad5f0615c697c2d4924/execute/async - {"script":"<script> [189 bytes]","args":[]}
RESULT: {"script":"<script> [189 bytes]","args":[]}
COMMAND: POST /session/cd8dad5b6aa98ad5f0615c697c2d4924/execute/async - {"script":"<script> [123 bytes]","args":[]}
RESULT: {"script":"<script> [123 bytes]","args":[]}
COMMAND: POST /session/cd8dad5b6aa98ad5f0615c697c2d4924/timeouts - {"script":"<number>"}
RESULT: {"script":"<number>"}
COMMAND: GET /session/cd8dad5b6aa98ad5f0615c697c2d4924/timeouts - {}
RESULT: {}
RESULT: undefined
COMMAND: POST /session/cd8dad5b6aa98ad5f0615c697c2d4924/execute/async - {"script":"<script> [2676 bytes]","args":[]}
RESULT: {"script":"<script> [2676 bytes]","args":[]}
COMMAND: POST /session/cd8dad5b6aa98ad5f0615c697c2d4924/execute/async - {"script":"<script> [2342 bytes]","args":[{"protocol":"http","hostname":"0.0.0.0","path":"/","capabilities":{"browserName":"chrome","goog:chromeOptions":{"binary":"C:\\Program Files\\Google\\Chrome\\Application\\chrome.exe","args":["--start-maximized"]}},"logLevel":"warn","connectionRetryTimeout":120000,"connectionRetryCount":3,"logLevels":{},"enableDirectConnect":true,"strictSSL":true,"_":"65 more keys: [\"cacheDir\",\"port\",\"requestedCapabilities\",\"automationProtocol\",\"baseUrl\",\"waitforInterval\",\"waitforTimeout\",\"onReload\",\"beforeCommand\",\"afterCommand\",\"rootDir\",\"specs\",\"suites\",\"exclude\",\"groupLogsByTestSpec\",\"excludeDriverLogs\",\"bail\",\"framework\",\"reporters\",\"services\",\"maxInstances\",\"maxInstancesPerCapability\",\"injectGlobals\",\"filesToWatch\",\"execArgv\",\"runnerEnv\",\"runner\",\"shard\",\"specFileRetries\",\"specFileRetriesDelay\",\"specFileRetriesDeferred\",\"reporterSyncInterval\",\"reporterSyncTimeout\",\"cucumberFeaturesWithLineNumbers\",\"autoCompileOpts\",\"mochaOpts\",\"jasmineOpts\",\"cucumberOpts\",\"onPrepare\",\"onWorkerStart\",\"onWorkerEnd\",\"before\",\"beforeSession\",\"beforeSuite\",\"beforeHook\",\"beforeTest\",\"afterTest\",\"afterHook\",\"afterSuite\",\"afterSession\",\"after\",\"onComplete\",\"beforeAssertion\",\"afterAssertion\",\"beforeFeature\",\"beforeScenario\",\"beforeStep\",\"afterStep\",\"afterScenario\",\"afterFeature\",\"_\",\"suite\",\"$0\",\"ignoredWorkerServices\",\"wdi5\"]"}]}
RESULT: {"script":"<script> [2342 bytes]","args":[{"protocol":"http","hostname":"0.0.0.0","path":"/","capabilities":{"browserName":"chrome","goog:chromeOptions":{"binary":"C:\\Program Files\\Google\\Chrome\\Application\\chrome.exe","args":["--start-maximized"]}},"logLevel":"warn","connectionRetryTimeout":120000,"connectionRetryCount":3,"logLevels":{},"enableDirectConnect":true,"strictSSL":true,"_":"65 more keys: [\"cacheDir\",\"port\",\"requestedCapabilities\",\"automationProtocol\",\"baseUrl\",\"waitforInterval\",\"waitforTimeout\",\"onReload\",\"beforeCommand\",\"afterCommand\",\"rootDir\",\"specs\",\"suites\",\"exclude\",\"groupLogsByTestSpec\",\"excludeDriverLogs\",\"bail\",\"framework\",\"reporters\",\"services\",\"maxInstances\",\"maxInstancesPerCapability\",\"injectGlobals\",\"filesToWatch\",\"execArgv\",\"runnerEnv\",\"runner\",\"shard\",\"specFileRetries\",\"specFileRetriesDelay\",\"specFileRetriesDeferred\",\"reporterSyncInterval\",\"reporterSyncTimeout\",\"cucumberFeaturesWithLineNumbers\",\"autoCompileOpts\",\"mochaOpts\",\"jasmineOpts\",\"cucumberOpts\",\"onPrepare\",\"onWorkerStart\",\"onWorkerEnd\",\"before\",\"beforeSession\",\"beforeSuite\",\"beforeHook\",\"beforeTest\",\"afterTest\",\"afterHook\",\"afterSuite\",\"afterSession\",\"after\",\"onComplete\",\"beforeAssertion\",\"afterAssertion\",\"beforeFeature\",\"beforeScenario\",\"beforeStep\",\"afterStep\",\"afterScenario\",\"afterFeature\",\"_\",\"suite\",\"$0\",\"ignoredWorkerServices\",\"wdi5\"]"}]}
COMMAND: POST /session/cd8dad5b6aa98ad5f0615c697c2d4924/execute/async - {"script":"<script> [21126 bytes]","args":[35000]}
RESULT: {"script":"<script> [21126 bytes]","args":[35000]}
]]></system-out>
    </testcase>
  </testsuite>
  <testsuite timestamp="2025-05-21T17:27:05" time="1209.389" tests="14" failures="4" errors="4" skipped="0">
    <properties>
      <property name="specId" value="0"/>
      <property name="suiteName" value="Create master data for mixed billing &amp; do billing calculation US151661"/>
      <property name="capabilities" value="chrome.136_0_7103_93.windows"/>
      <property name="file" value="file:///D:/a/1/s/test/specs/BTS/billing-calculation-mixed.spec.js"/>
    </properties>
    <testcase classname="chrome.136_0_7103_93.windows.Create_master_data_for_mixed_billing_&amp;_do_billing_calculation_US151661" name="Should create a new yard" time="126.646">
      <system-out><![CDATA[
COMMAND: POST /session/cd8dad5b6aa98ad5f0615c697c2d4924/window/fullscreen - {}
RESULT: {}
COMMAND: POST /session/cd8dad5b6aa98ad5f0615c697c2d4924/execute/async - {"script":"<script> [1562 bytes]","args":[{"selector":{"controlType":"sap.m.GenericTile","properties":{"header":"Manage Yards"}},"wdio_ui5_key":"sapm.GenericTile{\"header\":\"Manage Yards\"}"}]}
RESULT: {"script":"<script> [1562 bytes]","args":[{"selector":{"controlType":"sap.m.GenericTile","properties":{"header":"Manage Yards"}},"wdio_ui5_key":"sapm.GenericTile{\"header\":\"Manage Yards\"}"}]}
RESULT: undefined
COMMAND: POST /session/cd8dad5b6aa98ad5f0615c697c2d4924/element - {"using":"xpath","value":"//*[@id=\"__tile41\"]"}
RESULT: {"using":"xpath","value":"//*[@id=\"__tile41\"]"}
COMMAND: POST /session/cd8dad5b6aa98ad5f0615c697c2d4924/element/f.73A3896108CAD0F2DAB8766297627504.d.9422FB5F0B73EF34ADDA493033B5C57F.e.6505/click - {}
RESULT: {}
COMMAND: GET /session/cd8dad5b6aa98ad5f0615c697c2d4924/screenshot - {}
RESULT: {}
COMMAND: POST /session/cd8dad5b6aa98ad5f0615c697c2d4924/elements - {"using":"xpath","value":"//span[text()='Error']"}
RESULT: {"using":"xpath","value":"//span[text()='Error']"}
COMMAND: POST /session/cd8dad5b6aa98ad5f0615c697c2d4924/element - {"using":"xpath","value":"//button[@data-kt=\"addNewYardOverflowToolbarButton\"]"}
RESULT: {"using":"xpath","value":"//button[@data-kt=\"addNewYardOverflowToolbarButton\"]"}
COMMAND: POST /session/cd8dad5b6aa98ad5f0615c697c2d4924/elements - {"using":"xpath","value":"//button[@data-kt=\"addNewYardOverflowToolbarButton\"]"}
RESULT: {"using":"xpath","value":"//button[@data-kt=\"addNewYardOverflowToolbarButton\"]"}
COMMAND: POST /session/cd8dad5b6aa98ad5f0615c697c2d4924/execute/sync - {"script":"<script> [8489 bytes]","args":[{"element-6066-11e4-a52e-4f735466cecf":"f.73A3896108CAD0F2DAB8766297627504.d.9422FB5F0B73EF34ADDA493033B5C57F.e.6654","ELEMENT":"f.73A3896108CAD0F2DAB8766297627504.d.9422FB5F0B73EF34ADDA493033B5C57F.e.6654"}]}
RESULT: {"script":"<script> [8489 bytes]","args":[{"element-6066-11e4-a52e-4f735466cecf":"f.73A3896108CAD0F2DAB8766297627504.d.9422FB5F0B73EF34ADDA493033B5C57F.e.6654","ELEMENT":"f.73A3896108CAD0F2DAB8766297627504.d.9422FB5F0B73EF34ADDA493033B5C57F.e.6654"}]}
COMMAND: GET /session/cd8dad5b6aa98ad5f0615c697c2d4924/element/f.73A3896108CAD0F2DAB8766297627504.d.9422FB5F0B73EF34ADDA493033B5C57F.e.6654/enabled - {}
COMMAND: GET /session/cd8dad5b6aa98ad5f0615c697c2d4924/screenshot - {}
RESULT: {}
COMMAND: POST /session/cd8dad5b6aa98ad5f0615c697c2d4924/execute/sync - {"script":"<script> [8489 bytes]","args":[{"element-6066-11e4-a52e-4f735466cecf":"f.73A3896108CAD0F2DAB8766297627504.d.9422FB5F0B73EF34ADDA493033B5C57F.e.6654","ELEMENT":"f.73A3896108CAD0F2DAB8766297627504.d.9422FB5F0B73EF34ADDA493033B5C57F.e.6654"}]}
COMMAND: GET /session/cd8dad5b6aa98ad5f0615c697c2d4924/screenshot - {}
RESULT: {}
RESULT: {"script":"<script> [8489 bytes]","args":[{"element-6066-11e4-a52e-4f735466cecf":"f.73A3896108CAD0F2DAB8766297627504.d.9422FB5F0B73EF34ADDA493033B5C57F.e.6654","ELEMENT":"f.73A3896108CAD0F2DAB8766297627504.d.9422FB5F0B73EF34ADDA493033B5C57F.e.6654"}]}
COMMAND: POST /session/cd8dad5b6aa98ad5f0615c697c2d4924/execute/sync - {"script":"<script> [5351 bytes]","args":[{"element-6066-11e4-a52e-4f735466cecf":"f.73A3896108CAD0F2DAB8766297627504.d.9422FB5F0B73EF34ADDA493033B5C57F.e.6654","ELEMENT":"f.73A3896108CAD0F2DAB8766297627504.d.9422FB5F0B73EF34ADDA493033B5C57F.e.6654"}]}
COMMAND: GET /session/cd8dad5b6aa98ad5f0615c697c2d4924/screenshot - {}
RESULT: {}
RESULT: {"script":"<script> [5351 bytes]","args":[{"element-6066-11e4-a52e-4f735466cecf":"f.73A3896108CAD0F2DAB8766297627504.d.9422FB5F0B73EF34ADDA493033B5C57F.e.6654","ELEMENT":"f.73A3896108CAD0F2DAB8766297627504.d.9422FB5F0B73EF34ADDA493033B5C57F.e.6654"}]}
COMMAND: POST /session/cd8dad5b6aa98ad5f0615c697c2d4924/element/f.73A3896108CAD0F2DAB8766297627504.d.9422FB5F0B73EF34ADDA493033B5C57F.e.6654/click - {}
COMMAND: GET /session/cd8dad5b6aa98ad5f0615c697c2d4924/screenshot - {}
RESULT: {}
RESULT: {}
COMMAND: GET /session/cd8dad5b6aa98ad5f0615c697c2d4924/screenshot - {}
RESULT: {}
RESULT: {}
COMMAND: POST /session/cd8dad5b6aa98ad5f0615c697c2d4924/element - {"using":"xpath","value":"//input[@id=\"application-manageyards-display-component---NewYard--yardId-inner\"]"}
RESULT: {"using":"xpath","value":"//input[@id=\"application-manageyards-display-component---NewYard--yardId-inner\"]"}
COMMAND: POST /session/cd8dad5b6aa98ad5f0615c697c2d4924/element - {"using":"xpath","value":"//input[@id=\"application-manageyards-display-component---NewYard--yardId-inner\"]"}
RESULT: {"using":"xpath","value":"//input[@id=\"application-manageyards-display-component---NewYard--yardId-inner\"]"}
COMMAND: POST /session/cd8dad5b6aa98ad5f0615c697c2d4924/execute/async - {"script":"<script> [1562 bytes]","args":[{"selector":{"id":"application-manageyards-display-component---NewYard--addressDetailDetailsName1","interaction":{"idSuffix":"inner"}},"wdio_ui5_key":"applicationmanageyards-display-component---NewYard--addressDetailDetailsName1"}]}
RESULT: {"script":"<script> [1562 bytes]","args":[{"selector":{"id":"application-manageyards-display-component---NewYard--addressDetailDetailsName1","interaction":{"idSuffix":"inner"}},"wdio_ui5_key":"applicationmanageyards-display-component---NewYard--addressDetailDetailsName1"}]}
RESULT: undefined
COMMAND: POST /session/cd8dad5b6aa98ad5f0615c697c2d4924/execute/async - {"script":"<script> [776 bytes]","args":[{"enterText":"Intercompany Yard wdIO","selector":{"id":"application-manageyards-display-component---NewYard--addressDetailDetailsName1","interaction":{"idSuffix":"inner"}},"clearTextFirst":true,"interactionType":"ENTER_TEXT"}]}
RESULT: {"script":"<script> [776 bytes]","args":[{"enterText":"Intercompany Yard wdIO","selector":{"id":"application-manageyards-display-component---NewYard--addressDetailDetailsName1","interaction":{"idSuffix":"inner"}},"clearTextFirst":true,"interactionType":"ENTER_TEXT"}]}
COMMAND: POST /session/cd8dad5b6aa98ad5f0615c697c2d4924/execute/async - {"script":"<script> [1562 bytes]","args":[{"selector":{"id":"application-manageyards-display-component---NewYard--addressDetailDetailsLanguage-arrow"},"wdio_ui5_key":"applicationmanageyards-display-component---NewYard--addressDetailDetailsLanguage-arrow"}]}
RESULT: {"script":"<script> [1562 bytes]","args":[{"selector":{"id":"application-manageyards-display-component---NewYard--addressDetailDetailsLanguage-arrow"},"wdio_ui5_key":"applicationmanageyards-display-component---NewYard--addressDetailDetailsLanguage-arrow"}]}
RESULT: undefined
COMMAND: POST /session/cd8dad5b6aa98ad5f0615c697c2d4924/element - {"using":"xpath","value":"//*[@id=\"application-manageyards-display-component---NewYard--addressDetailDetailsLanguage-arrow\"]"}
RESULT: {"using":"xpath","value":"//*[@id=\"application-manageyards-display-component---NewYard--addressDetailDetailsLanguage-arrow\"]"}
COMMAND: POST /session/cd8dad5b6aa98ad5f0615c697c2d4924/element/f.73A3896108CAD0F2DAB8766297627504.d.9422FB5F0B73EF34ADDA493033B5C57F.e.7074/click - {}
RESULT: {}
COMMAND: POST /session/cd8dad5b6aa98ad5f0615c697c2d4924/element - {"using":"xpath","value":"//span[contains(text(), \"English\")]"}
COMMAND: GET /session/cd8dad5b6aa98ad5f0615c697c2d4924/screenshot - {}
RESULT: {"using":"xpath","value":"//span[contains(text(), \"English\")]"}
COMMAND: POST /session/cd8dad5b6aa98ad5f0615c697c2d4924/element/f.73A3896108CAD0F2DAB8766297627504.d.9422FB5F0B73EF34ADDA493033B5C57F.e.7075/click - {}
RESULT: {}
RESULT: {}
COMMAND: POST /session/cd8dad5b6aa98ad5f0615c697c2d4924/execute/async - {"script":"<script> [1562 bytes]","args":[{"selector":{"id":"application-manageyards-display-component---NewYard--addressDetailDetailsCity1","interaction":{"idSuffix":"inner"}},"wdio_ui5_key":"applicationmanageyards-display-component---NewYard--addressDetailDetailsCity1"}]}
COMMAND: GET /session/cd8dad5b6aa98ad5f0615c697c2d4924/screenshot - {}
RESULT: {"script":"<script> [1562 bytes]","args":[{"selector":{"id":"application-manageyards-display-component---NewYard--addressDetailDetailsCity1","interaction":{"idSuffix":"inner"}},"wdio_ui5_key":"applicationmanageyards-display-component---NewYard--addressDetailDetailsCity1"}]}
RESULT: undefined
COMMAND: POST /session/cd8dad5b6aa98ad5f0615c697c2d4924/execute/async - {"script":"<script> [776 bytes]","args":[{"enterText":"Rosario","selector":{"id":"application-manageyards-display-component---NewYard--addressDetailDetailsCity1","interaction":{"idSuffix":"inner"}},"clearTextFirst":true,"interactionType":"ENTER_TEXT"}]}
RESULT: {}
RESULT: {"script":"<script> [776 bytes]","args":[{"enterText":"Rosario","selector":{"id":"application-manageyards-display-component---NewYard--addressDetailDetailsCity1","interaction":{"idSuffix":"inner"}},"clearTextFirst":true,"interactionType":"ENTER_TEXT"}]}
COMMAND: POST /session/cd8dad5b6aa98ad5f0615c697c2d4924/execute/async - {"script":"<script> [1562 bytes]","args":[{"selector":{"id":"application-manageyards-display-component---NewYard--addressDetailDetailsCountry-arrow"},"wdio_ui5_key":"applicationmanageyards-display-component---NewYard--addressDetailDetailsCountry-arrow"}]}
RESULT: {"script":"<script> [1562 bytes]","args":[{"selector":{"id":"application-manageyards-display-component---NewYard--addressDetailDetailsCountry-arrow"},"wdio_ui5_key":"applicationmanageyards-display-component---NewYard--addressDetailDetailsCountry-arrow"}]}
RESULT: undefined
COMMAND: POST /session/cd8dad5b6aa98ad5f0615c697c2d4924/element - {"using":"xpath","value":"//*[@id=\"application-manageyards-display-component---NewYard--addressDetailDetailsCountry-arrow\"]"}
RESULT: {"using":"xpath","value":"//*[@id=\"application-manageyards-display-component---NewYard--addressDetailDetailsCountry-arrow\"]"}
COMMAND: POST /session/cd8dad5b6aa98ad5f0615c697c2d4924/element/f.73A3896108CAD0F2DAB8766297627504.d.9422FB5F0B73EF34ADDA493033B5C57F.e.7077/click - {}
RESULT: {}
COMMAND: POST /session/cd8dad5b6aa98ad5f0615c697c2d4924/element - {"using":"xpath","value":"//span[contains(text(), \"Argentina\")]"}
COMMAND: GET /session/cd8dad5b6aa98ad5f0615c697c2d4924/screenshot - {}
RESULT: {"using":"xpath","value":"//span[contains(text(), \"Argentina\")]"}
COMMAND: POST /session/cd8dad5b6aa98ad5f0615c697c2d4924/element/f.73A3896108CAD0F2DAB8766297627504.d.9422FB5F0B73EF34ADDA493033B5C57F.e.7078/click - {}
RESULT: {}
RESULT: {}
COMMAND: POST /session/cd8dad5b6aa98ad5f0615c697c2d4924/execute/async - {"script":"<script> [1562 bytes]","args":[{"selector":{"id":"application-manageyards-display-component---NewYard--addressEditDetailsCostObjectCstType-arrow"},"wdio_ui5_key":"applicationmanageyards-display-component---NewYard--addressEditDetailsCostObjectCstType-arrow"}]}
COMMAND: GET /session/cd8dad5b6aa98ad5f0615c697c2d4924/screenshot - {}
RESULT: {"script":"<script> [1562 bytes]","args":[{"selector":{"id":"application-manageyards-display-component---NewYard--addressEditDetailsCostObjectCstType-arrow"},"wdio_ui5_key":"applicationmanageyards-display-component---NewYard--addressEditDetailsCostObjectCstType-arrow"}]}
RESULT: undefined
COMMAND: POST /session/cd8dad5b6aa98ad5f0615c697c2d4924/element - {"using":"xpath","value":"//*[@id=\"application-manageyards-display-component---NewYard--addressEditDetailsCostObjectCstType-arrow\"]"}
RESULT: {}
RESULT: {"using":"xpath","value":"//*[@id=\"application-manageyards-display-component---NewYard--addressEditDetailsCostObjectCstType-arrow\"]"}
COMMAND: POST /session/cd8dad5b6aa98ad5f0615c697c2d4924/element/f.73A3896108CAD0F2DAB8766297627504.d.9422FB5F0B73EF34ADDA493033B5C57F.e.7080/click - {}
RESULT: {}
COMMAND: POST /session/cd8dad5b6aa98ad5f0615c697c2d4924/element - {"using":"xpath","value":"//span[contains(text(), \"Cost Center\")]"}
COMMAND: GET /session/cd8dad5b6aa98ad5f0615c697c2d4924/screenshot - {}
RESULT: {"using":"xpath","value":"//span[contains(text(), \"Cost Center\")]"}
COMMAND: POST /session/cd8dad5b6aa98ad5f0615c697c2d4924/element/f.73A3896108CAD0F2DAB8766297627504.d.9422FB5F0B73EF34ADDA493033B5C57F.e.7081/click - {}
RESULT: {}
RESULT: {}
COMMAND: GET /session/cd8dad5b6aa98ad5f0615c697c2d4924/screenshot - {}
RESULT: {}
COMMAND: POST /session/cd8dad5b6aa98ad5f0615c697c2d4924/element - {"using":"xpath","value":"//span[@id=\"application-manageyards-display-component---NewYard--addressNewCostObjectCstID-vhi\"]"}
RESULT: {"using":"xpath","value":"//span[@id=\"application-manageyards-display-component---NewYard--addressNewCostObjectCstID-vhi\"]"}
COMMAND: POST /session/cd8dad5b6aa98ad5f0615c697c2d4924/execute/sync - {"script":"<script> [8489 bytes]","args":[{"element-6066-11e4-a52e-4f735466cecf":"f.73A3896108CAD0F2DAB8766297627504.d.9422FB5F0B73EF34ADDA493033B5C57F.e.7085","ELEMENT":"f.73A3896108CAD0F2DAB8766297627504.d.9422FB5F0B73EF34ADDA493033B5C57F.e.7085"}]}
RESULT: {"script":"<script> [8489 bytes]","args":[{"element-6066-11e4-a52e-4f735466cecf":"f.73A3896108CAD0F2DAB8766297627504.d.9422FB5F0B73EF34ADDA493033B5C57F.e.7085","ELEMENT":"f.73A3896108CAD0F2DAB8766297627504.d.9422FB5F0B73EF34ADDA493033B5C57F.e.7085"}]}
COMMAND: POST /session/cd8dad5b6aa98ad5f0615c697c2d4924/execute/async - {"script":"<script> [1562 bytes]","args":[{"selector":{"id":"application-manageyards-display-component---NewYard--addressNewCostObjectCstID-vhi"},"wdio_ui5_key":"applicationmanageyards-display-component---NewYard--addressNewCostObjectCstID-vhi"}]}
COMMAND: GET /session/cd8dad5b6aa98ad5f0615c697c2d4924/screenshot - {}
RESULT: {"script":"<script> [1562 bytes]","args":[{"selector":{"id":"application-manageyards-display-component---NewYard--addressNewCostObjectCstID-vhi"},"wdio_ui5_key":"applicationmanageyards-display-component---NewYard--addressNewCostObjectCstID-vhi"}]}
RESULT: undefined
COMMAND: POST /session/cd8dad5b6aa98ad5f0615c697c2d4924/element - {"using":"xpath","value":"//*[@id=\"application-manageyards-display-component---NewYard--addressNewCostObjectCstID-vhi\"]"}
RESULT: {}
RESULT: {"using":"xpath","value":"//*[@id=\"application-manageyards-display-component---NewYard--addressNewCostObjectCstID-vhi\"]"}
COMMAND: POST /session/cd8dad5b6aa98ad5f0615c697c2d4924/element/f.73A3896108CAD0F2DAB8766297627504.d.9422FB5F0B73EF34ADDA493033B5C57F.e.7085/click - {}
RESULT: {}
COMMAND: GET /session/cd8dad5b6aa98ad5f0615c697c2d4924/screenshot - {}
RESULT: {}
COMMAND: POST /session/cd8dad5b6aa98ad5f0615c697c2d4924/execute/async - {"script":"<script> [1562 bytes]","args":[{"selector":{"controlType":"sap.m.SearchField","properties":{"placeholder":"Search"},"searchOpenDialogs":true,"interaction":{"idSuffix":"I"}},"wdio_ui5_key":"sapm.SearchField{\"placeholder\":\"Search\"}"}]}
RESULT: {"script":"<script> [1562 bytes]","args":[{"selector":{"controlType":"sap.m.SearchField","properties":{"placeholder":"Search"},"searchOpenDialogs":true,"interaction":{"idSuffix":"I"}},"wdio_ui5_key":"sapm.SearchField{\"placeholder\":\"Search\"}"}]}
RESULT: undefined
COMMAND: POST /session/cd8dad5b6aa98ad5f0615c697c2d4924/execute/async - {"script":"<script> [776 bytes]","args":[{"enterText":"bauh_b","selector":{"controlType":"sap.m.SearchField","properties":{"placeholder":"Search"},"searchOpenDialogs":true,"interaction":{"idSuffix":"I"}},"clearTextFirst":true,"interactionType":"ENTER_TEXT"}]}
RESULT: {"script":"<script> [776 bytes]","args":[{"enterText":"bauh_b","selector":{"controlType":"sap.m.SearchField","properties":{"placeholder":"Search"},"searchOpenDialogs":true,"interaction":{"idSuffix":"I"}},"clearTextFirst":true,"interactionType":"ENTER_TEXT"}]}
COMMAND: POST /session/cd8dad5b6aa98ad5f0615c697c2d4924/actions - {"actions":[{"id":"action20","type":"key","parameters":{},"actions":[{"type":"keyDown","value":""},{"type":"pause","duration":10},{"type":"keyUp","value":""}]}]}
RESULT: {"actions":[{"id":"action20","type":"key","parameters":{},"actions":[{"type":"keyDown","value":""},{"type":"pause","duration":10},{"type":"keyUp","value":""}]}]}
COMMAND: GET /session/cd8dad5b6aa98ad5f0615c697c2d4924/screenshot - {}
RESULT: {}
COMMAND: POST /session/cd8dad5b6aa98ad5f0615c697c2d4924/element - {"using":"xpath","value":"//span[contains(text(), \"Demo Yard\")]"}
RESULT: {"using":"xpath","value":"//span[contains(text(), \"Demo Yard\")]"}
COMMAND: POST /session/cd8dad5b6aa98ad5f0615c697c2d4924/element/f.73A3896108CAD0F2DAB8766297627504.d.9422FB5F0B73EF34ADDA493033B5C57F.e.7126/click - {}
RESULT: {}
COMMAND: GET /session/cd8dad5b6aa98ad5f0615c697c2d4924/screenshot - {}
RESULT: {}
COMMAND: POST /session/cd8dad5b6aa98ad5f0615c697c2d4924/element - {"using":"xpath","value":"//bdi[contains(text(), \"OK\")]"}
RESULT: {"using":"xpath","value":"//bdi[contains(text(), \"OK\")]"}
COMMAND: POST /session/cd8dad5b6aa98ad5f0615c697c2d4924/element/f.73A3896108CAD0F2DAB8766297627504.d.9422FB5F0B73EF34ADDA493033B5C57F.e.7127/click - {}
RESULT: {}
COMMAND: GET /session/cd8dad5b6aa98ad5f0615c697c2d4924/screenshot - {}
RESULT: {}
COMMAND: POST /session/cd8dad5b6aa98ad5f0615c697c2d4924/execute/async - {"script":"<script> [1562 bytes]","args":[{"selector":{"id":"application-manageyards-display-component---NewYard--addressEditDetailsCurrency-arrow"},"wdio_ui5_key":"applicationmanageyards-display-component---NewYard--addressEditDetailsCurrency-arrow"}]}
RESULT: {"script":"<script> [1562 bytes]","args":[{"selector":{"id":"application-manageyards-display-component---NewYard--addressEditDetailsCurrency-arrow"},"wdio_ui5_key":"applicationmanageyards-display-component---NewYard--addressEditDetailsCurrency-arrow"}]}
RESULT: undefined
COMMAND: POST /session/cd8dad5b6aa98ad5f0615c697c2d4924/element - {"using":"xpath","value":"//*[@id=\"application-manageyards-display-component---NewYard--addressEditDetailsCurrency-arrow\"]"}
RESULT: {"using":"xpath","value":"//*[@id=\"application-manageyards-display-component---NewYard--addressEditDetailsCurrency-arrow\"]"}
COMMAND: POST /session/cd8dad5b6aa98ad5f0615c697c2d4924/element/f.73A3896108CAD0F2DAB8766297627504.d.9422FB5F0B73EF34ADDA493033B5C57F.e.7130/click - {}
RESULT: {}
COMMAND: POST /session/cd8dad5b6aa98ad5f0615c697c2d4924/element - {"using":"xpath","value":"//span[contains(text(), \"Euro\")]"}
COMMAND: GET /session/cd8dad5b6aa98ad5f0615c697c2d4924/screenshot - {}
RESULT: {"using":"xpath","value":"//span[contains(text(), \"Euro\")]"}
COMMAND: POST /session/cd8dad5b6aa98ad5f0615c697c2d4924/element/f.73A3896108CAD0F2DAB8766297627504.d.9422FB5F0B73EF34ADDA493033B5C57F.e.7131/click - {}
RESULT: {}
RESULT: {}
COMMAND: POST /session/cd8dad5b6aa98ad5f0615c697c2d4924/execute/async - {"script":"<script> [1562 bytes]","args":[{"selector":{"controlType":"sap.m.Input","viewName":"etm.portal.ui.manageyards.view.New","viewId":"application-manageyards-display-component---NewYard","bindingPath":{"path":"","propertyPath":"/CONTROLLING_AREA","modelName":"NewYardModel"},"interaction":{"idSuffix":"inner"}},"wdio_ui5_key":"etmportal.ui.manageyards.view.Newsap.m.Input{\"path\":\"\",\"propertyPath\":\"/CONTROLLING_AREA\",\"modelName\":\"NewYardModel\"}"}]}
COMMAND: GET /session/cd8dad5b6aa98ad5f0615c697c2d4924/screenshot - {}
RESULT: {"script":"<script> [1562 bytes]","args":[{"selector":{"controlType":"sap.m.Input","viewName":"etm.portal.ui.manageyards.view.New","viewId":"application-manageyards-display-component---NewYard","bindingPath":{"path":"","propertyPath":"/CONTROLLING_AREA","modelName":"NewYardModel"},"interaction":{"idSuffix":"inner"}},"wdio_ui5_key":"etmportal.ui.manageyards.view.Newsap.m.Input{\"path\":\"\",\"propertyPath\":\"/CONTROLLING_AREA\",\"modelName\":\"NewYardModel\"}"}]}
RESULT: undefined
COMMAND: POST /session/cd8dad5b6aa98ad5f0615c697c2d4924/execute/async - {"script":"<script> [776 bytes]","args":[{"enterText":"Z001","selector":{"controlType":"sap.m.Input","viewName":"etm.portal.ui.manageyards.view.New","viewId":"application-manageyards-display-component---NewYard","bindingPath":{"path":"","propertyPath":"/CONTROLLING_AREA","modelName":"NewYardModel"},"interaction":{"idSuffix":"inner"}},"clearTextFirst":true,"interactionType":"ENTER_TEXT"}]}
RESULT: {}
RESULT: {"script":"<script> [776 bytes]","args":[{"enterText":"Z001","selector":{"controlType":"sap.m.Input","viewName":"etm.portal.ui.manageyards.view.New","viewId":"application-manageyards-display-component---NewYard","bindingPath":{"path":"","propertyPath":"/CONTROLLING_AREA","modelName":"NewYardModel"},"interaction":{"idSuffix":"inner"}},"clearTextFirst":true,"interactionType":"ENTER_TEXT"}]}
COMMAND: POST /session/cd8dad5b6aa98ad5f0615c697c2d4924/execute/async - {"script":"<script> [1562 bytes]","args":[{"selector":{"id":"application-manageyards-display-component---NewYard--companyCodeComboBox","interaction":{"idSuffix":"inner"}},"wdio_ui5_key":"applicationmanageyards-display-component---NewYard--companyCodeComboBox"}]}
RESULT: {"script":"<script> [1562 bytes]","args":[{"selector":{"id":"application-manageyards-display-component---NewYard--companyCodeComboBox","interaction":{"idSuffix":"inner"}},"wdio_ui5_key":"applicationmanageyards-display-component---NewYard--companyCodeComboBox"}]}
RESULT: undefined
COMMAND: POST /session/cd8dad5b6aa98ad5f0615c697c2d4924/execute/async - {"script":"<script> [776 bytes]","args":[{"enterText":"1000","selector":{"id":"application-manageyards-display-component---NewYard--companyCodeComboBox","interaction":{"idSuffix":"inner"}},"clearTextFirst":true,"interactionType":"ENTER_TEXT"}]}
RESULT: {"script":"<script> [776 bytes]","args":[{"enterText":"1000","selector":{"id":"application-manageyards-display-component---NewYard--companyCodeComboBox","interaction":{"idSuffix":"inner"}},"clearTextFirst":true,"interactionType":"ENTER_TEXT"}]}
COMMAND: POST /session/cd8dad5b6aa98ad5f0615c697c2d4924/execute/async - {"script":"<script> [1562 bytes]","args":[{"selector":{"controlType":"sap.m.Input","viewName":"etm.portal.ui.manageyards.view.New","viewId":"application-manageyards-display-component---NewYard","bindingPath":{"path":"","propertyPath":"/PLANT","modelName":"NewYardModel"},"interaction":{"idSuffix":"inner"}},"wdio_ui5_key":"etmportal.ui.manageyards.view.Newsap.m.Input{\"path\":\"\",\"propertyPath\":\"/PLANT\",\"modelName\":\"NewYardModel\"}"}]}
RESULT: {"script":"<script> [1562 bytes]","args":[{"selector":{"controlType":"sap.m.Input","viewName":"etm.portal.ui.manageyards.view.New","viewId":"application-manageyards-display-component---NewYard","bindingPath":{"path":"","propertyPath":"/PLANT","modelName":"NewYardModel"},"interaction":{"idSuffix":"inner"}},"wdio_ui5_key":"etmportal.ui.manageyards.view.Newsap.m.Input{\"path\":\"\",\"propertyPath\":\"/PLANT\",\"modelName\":\"NewYardModel\"}"}]}
RESULT: undefined
COMMAND: POST /session/cd8dad5b6aa98ad5f0615c697c2d4924/execute/async - {"script":"<script> [776 bytes]","args":[{"enterText":"1001","selector":{"controlType":"sap.m.Input","viewName":"etm.portal.ui.manageyards.view.New","viewId":"application-manageyards-display-component---NewYard","bindingPath":{"path":"","propertyPath":"/PLANT","modelName":"NewYardModel"},"interaction":{"idSuffix":"inner"}},"clearTextFirst":true,"interactionType":"ENTER_TEXT"}]}
RESULT: {"script":"<script> [776 bytes]","args":[{"enterText":"1001","selector":{"controlType":"sap.m.Input","viewName":"etm.portal.ui.manageyards.view.New","viewId":"application-manageyards-display-component---NewYard","bindingPath":{"path":"","propertyPath":"/PLANT","modelName":"NewYardModel"},"interaction":{"idSuffix":"inner"}},"clearTextFirst":true,"interactionType":"ENTER_TEXT"}]}
COMMAND: POST /session/cd8dad5b6aa98ad5f0615c697c2d4924/execute/async - {"script":"<script> [1562 bytes]","args":[{"selector":{"controlType":"sap.m.Input","viewName":"etm.portal.ui.manageyards.view.New","viewId":"application-manageyards-display-component---NewYard","bindingPath":{"path":"","propertyPath":"/SALES_AREA_VKORG","modelName":"NewYardModel"},"interaction":{"idSuffix":"inner"}},"wdio_ui5_key":"etmportal.ui.manageyards.view.Newsap.m.Input{\"path\":\"\",\"propertyPath\":\"/SALES_AREA_VKORG\",\"modelName\":\"NewYardModel\"}"}]}
RESULT: {"script":"<script> [1562 bytes]","args":[{"selector":{"controlType":"sap.m.Input","viewName":"etm.portal.ui.manageyards.view.New","viewId":"application-manageyards-display-component---NewYard","bindingPath":{"path":"","propertyPath":"/SALES_AREA_VKORG","modelName":"NewYardModel"},"interaction":{"idSuffix":"inner"}},"wdio_ui5_key":"etmportal.ui.manageyards.view.Newsap.m.Input{\"path\":\"\",\"propertyPath\":\"/SALES_AREA_VKORG\",\"modelName\":\"NewYardModel\"}"}]}
RESULT: undefined
COMMAND: POST /session/cd8dad5b6aa98ad5f0615c697c2d4924/execute/async - {"script":"<script> [776 bytes]","args":[{"enterText":"C002","selector":{"controlType":"sap.m.Input","viewName":"etm.portal.ui.manageyards.view.New","viewId":"application-manageyards-display-component---NewYard","bindingPath":{"path":"","propertyPath":"/SALES_AREA_VKORG","modelName":"NewYardModel"},"interaction":{"idSuffix":"inner"}},"clearTextFirst":true,"interactionType":"ENTER_TEXT"}]}
RESULT: {"script":"<script> [776 bytes]","args":[{"enterText":"C002","selector":{"controlType":"sap.m.Input","viewName":"etm.portal.ui.manageyards.view.New","viewId":"application-manageyards-display-component---NewYard","bindingPath":{"path":"","propertyPath":"/SALES_AREA_VKORG","modelName":"NewYardModel"},"interaction":{"idSuffix":"inner"}},"clearTextFirst":true,"interactionType":"ENTER_TEXT"}]}
COMMAND: POST /session/cd8dad5b6aa98ad5f0615c697c2d4924/execute/async - {"script":"<script> [1562 bytes]","args":[{"selector":{"controlType":"sap.m.Input","viewName":"etm.portal.ui.manageyards.view.New","viewId":"application-manageyards-display-component---NewYard","bindingPath":{"path":"","propertyPath":"/SALES_AREA_VTWEG","modelName":"NewYardModel"},"interaction":{"idSuffix":"inner"}},"wdio_ui5_key":"etmportal.ui.manageyards.view.Newsap.m.Input{\"path\":\"\",\"propertyPath\":\"/SALES_AREA_VTWEG\",\"modelName\":\"NewYardModel\"}"}]}
RESULT: {"script":"<script> [1562 bytes]","args":[{"selector":{"controlType":"sap.m.Input","viewName":"etm.portal.ui.manageyards.view.New","viewId":"application-manageyards-display-component---NewYard","bindingPath":{"path":"","propertyPath":"/SALES_AREA_VTWEG","modelName":"NewYardModel"},"interaction":{"idSuffix":"inner"}},"wdio_ui5_key":"etmportal.ui.manageyards.view.Newsap.m.Input{\"path\":\"\",\"propertyPath\":\"/SALES_AREA_VTWEG\",\"modelName\":\"NewYardModel\"}"}]}
RESULT: undefined
COMMAND: POST /session/cd8dad5b6aa98ad5f0615c697c2d4924/execute/async - {"script":"<script> [776 bytes]","args":[{"enterText":"C2","selector":{"controlType":"sap.m.Input","viewName":"etm.portal.ui.manageyards.view.New","viewId":"application-manageyards-display-component---NewYard","bindingPath":{"path":"","propertyPath":"/SALES_AREA_VTWEG","modelName":"NewYardModel"},"interaction":{"idSuffix":"inner"}},"clearTextFirst":true,"interactionType":"ENTER_TEXT"}]}
RESULT: {"script":"<script> [776 bytes]","args":[{"enterText":"C2","selector":{"controlType":"sap.m.Input","viewName":"etm.portal.ui.manageyards.view.New","viewId":"application-manageyards-display-component---NewYard","bindingPath":{"path":"","propertyPath":"/SALES_AREA_VTWEG","modelName":"NewYardModel"},"interaction":{"idSuffix":"inner"}},"clearTextFirst":true,"interactionType":"ENTER_TEXT"}]}
COMMAND: POST /session/cd8dad5b6aa98ad5f0615c697c2d4924/execute/async - {"script":"<script> [1562 bytes]","args":[{"selector":{"controlType":"sap.m.Input","viewName":"etm.portal.ui.manageyards.view.New","viewId":"application-manageyards-display-component---NewYard","bindingPath":{"path":"","propertyPath":"/SALES_AREA_SPART","modelName":"NewYardModel"},"interaction":{"idSuffix":"inner"}},"wdio_ui5_key":"etmportal.ui.manageyards.view.Newsap.m.Input{\"path\":\"\",\"propertyPath\":\"/SALES_AREA_SPART\",\"modelName\":\"NewYardModel\"}"}]}
RESULT: {"script":"<script> [1562 bytes]","args":[{"selector":{"controlType":"sap.m.Input","viewName":"etm.portal.ui.manageyards.view.New","viewId":"application-manageyards-display-component---NewYard","bindingPath":{"path":"","propertyPath":"/SALES_AREA_SPART","modelName":"NewYardModel"},"interaction":{"idSuffix":"inner"}},"wdio_ui5_key":"etmportal.ui.manageyards.view.Newsap.m.Input{\"path\":\"\",\"propertyPath\":\"/SALES_AREA_SPART\",\"modelName\":\"NewYardModel\"}"}]}
RESULT: undefined
COMMAND: POST /session/cd8dad5b6aa98ad5f0615c697c2d4924/execute/async - {"script":"<script> [776 bytes]","args":[{"enterText":"C2","selector":{"controlType":"sap.m.Input","viewName":"etm.portal.ui.manageyards.view.New","viewId":"application-manageyards-display-component---NewYard","bindingPath":{"path":"","propertyPath":"/SALES_AREA_SPART","modelName":"NewYardModel"},"interaction":{"idSuffix":"inner"}},"clearTextFirst":true,"interactionType":"ENTER_TEXT"}]}
RESULT: {"script":"<script> [776 bytes]","args":[{"enterText":"C2","selector":{"controlType":"sap.m.Input","viewName":"etm.portal.ui.manageyards.view.New","viewId":"application-manageyards-display-component---NewYard","bindingPath":{"path":"","propertyPath":"/SALES_AREA_SPART","modelName":"NewYardModel"},"interaction":{"idSuffix":"inner"}},"clearTextFirst":true,"interactionType":"ENTER_TEXT"}]}
COMMAND: POST /session/cd8dad5b6aa98ad5f0615c697c2d4924/execute/async - {"script":"<script> [1562 bytes]","args":[{"selector":{"controlType":"sap.m.Input","viewName":"etm.portal.ui.manageyards.view.New","viewId":"application-manageyards-display-component---NewYard","bindingPath":{"path":"","propertyPath":"/SHIP_POINT","modelName":"NewYardModel"},"interaction":{"idSuffix":"inner"}},"wdio_ui5_key":"etmportal.ui.manageyards.view.Newsap.m.Input{\"path\":\"\",\"propertyPath\":\"/SHIP_POINT\",\"modelName\":\"NewYardModel\"}"}]}
RESULT: {"script":"<script> [1562 bytes]","args":[{"selector":{"controlType":"sap.m.Input","viewName":"etm.portal.ui.manageyards.view.New","viewId":"application-manageyards-display-component---NewYard","bindingPath":{"path":"","propertyPath":"/SHIP_POINT","modelName":"NewYardModel"},"interaction":{"idSuffix":"inner"}},"wdio_ui5_key":"etmportal.ui.manageyards.view.Newsap.m.Input{\"path\":\"\",\"propertyPath\":\"/SHIP_POINT\",\"modelName\":\"NewYardModel\"}"}]}
RESULT: undefined
COMMAND: POST /session/cd8dad5b6aa98ad5f0615c697c2d4924/execute/async - {"script":"<script> [776 bytes]","args":[{"enterText":"1710","selector":{"controlType":"sap.m.Input","viewName":"etm.portal.ui.manageyards.view.New","viewId":"application-manageyards-display-component---NewYard","bindingPath":{"path":"","propertyPath":"/SHIP_POINT","modelName":"NewYardModel"},"interaction":{"idSuffix":"inner"}},"clearTextFirst":true,"interactionType":"ENTER_TEXT"}]}
RESULT: {"script":"<script> [776 bytes]","args":[{"enterText":"1710","selector":{"controlType":"sap.m.Input","viewName":"etm.portal.ui.manageyards.view.New","viewId":"application-manageyards-display-component---NewYard","bindingPath":{"path":"","propertyPath":"/SHIP_POINT","modelName":"NewYardModel"},"interaction":{"idSuffix":"inner"}},"clearTextFirst":true,"interactionType":"ENTER_TEXT"}]}
COMMAND: POST /session/cd8dad5b6aa98ad5f0615c697c2d4924/execute/async - {"script":"<script> [1562 bytes]","args":[{"selector":{"controlType":"sap.m.Input","viewName":"etm.portal.ui.manageyards.view.New","viewId":"application-manageyards-display-component---NewYard","bindingPath":{"path":"","propertyPath":"/DELIVERY_TYPE","modelName":"NewYardModel"},"interaction":{"idSuffix":"inner"}},"wdio_ui5_key":"etmportal.ui.manageyards.view.Newsap.m.Input{\"path\":\"\",\"propertyPath\":\"/DELIVERY_TYPE\",\"modelName\":\"NewYardModel\"}"}]}
RESULT: {"script":"<script> [1562 bytes]","args":[{"selector":{"controlType":"sap.m.Input","viewName":"etm.portal.ui.manageyards.view.New","viewId":"application-manageyards-display-component---NewYard","bindingPath":{"path":"","propertyPath":"/DELIVERY_TYPE","modelName":"NewYardModel"},"interaction":{"idSuffix":"inner"}},"wdio_ui5_key":"etmportal.ui.manageyards.view.Newsap.m.Input{\"path\":\"\",\"propertyPath\":\"/DELIVERY_TYPE\",\"modelName\":\"NewYardModel\"}"}]}
RESULT: undefined
COMMAND: POST /session/cd8dad5b6aa98ad5f0615c697c2d4924/execute/async - {"script":"<script> [776 bytes]","args":[{"enterText":"ZL01","selector":{"controlType":"sap.m.Input","viewName":"etm.portal.ui.manageyards.view.New","viewId":"application-manageyards-display-component---NewYard","bindingPath":{"path":"","propertyPath":"/DELIVERY_TYPE","modelName":"NewYardModel"},"interaction":{"idSuffix":"inner"}},"clearTextFirst":true,"interactionType":"ENTER_TEXT"}]}
RESULT: {"script":"<script> [776 bytes]","args":[{"enterText":"ZL01","selector":{"controlType":"sap.m.Input","viewName":"etm.portal.ui.manageyards.view.New","viewId":"application-manageyards-display-component---NewYard","bindingPath":{"path":"","propertyPath":"/DELIVERY_TYPE","modelName":"NewYardModel"},"interaction":{"idSuffix":"inner"}},"clearTextFirst":true,"interactionType":"ENTER_TEXT"}]}
COMMAND: POST /session/cd8dad5b6aa98ad5f0615c697c2d4924/execute/async - {"script":"<script> [1562 bytes]","args":[{"selector":{"controlType":"sap.m.Input","viewName":"etm.portal.ui.manageyards.view.New","viewId":"application-manageyards-display-component---NewYard","bindingPath":{"path":"","propertyPath":"/AUART","modelName":"NewYardModel"},"interaction":{"idSuffix":"inner"}},"wdio_ui5_key":"etmportal.ui.manageyards.view.Newsap.m.Input{\"path\":\"\",\"propertyPath\":\"/AUART\",\"modelName\":\"NewYardModel\"}"}]}
RESULT: {"script":"<script> [1562 bytes]","args":[{"selector":{"controlType":"sap.m.Input","viewName":"etm.portal.ui.manageyards.view.New","viewId":"application-manageyards-display-component---NewYard","bindingPath":{"path":"","propertyPath":"/AUART","modelName":"NewYardModel"},"interaction":{"idSuffix":"inner"}},"wdio_ui5_key":"etmportal.ui.manageyards.view.Newsap.m.Input{\"path\":\"\",\"propertyPath\":\"/AUART\",\"modelName\":\"NewYardModel\"}"}]}
RESULT: undefined
COMMAND: POST /session/cd8dad5b6aa98ad5f0615c697c2d4924/execute/async - {"script":"<script> [776 bytes]","args":[{"enterText":"TA","selector":{"controlType":"sap.m.Input","viewName":"etm.portal.ui.manageyards.view.New","viewId":"application-manageyards-display-component---NewYard","bindingPath":{"path":"","propertyPath":"/AUART","modelName":"NewYardModel"},"interaction":{"idSuffix":"inner"}},"clearTextFirst":true,"interactionType":"ENTER_TEXT"}]}
RESULT: {"script":"<script> [776 bytes]","args":[{"enterText":"TA","selector":{"controlType":"sap.m.Input","viewName":"etm.portal.ui.manageyards.view.New","viewId":"application-manageyards-display-component---NewYard","bindingPath":{"path":"","propertyPath":"/AUART","modelName":"NewYardModel"},"interaction":{"idSuffix":"inner"}},"clearTextFirst":true,"interactionType":"ENTER_TEXT"}]}
COMMAND: POST /session/cd8dad5b6aa98ad5f0615c697c2d4924/element - {"using":"xpath","value":"//button[@data-kt=\"newYardSaveButton\"]"}
RESULT: {"using":"xpath","value":"//button[@data-kt=\"newYardSaveButton\"]"}
COMMAND: POST /session/cd8dad5b6aa98ad5f0615c697c2d4924/element/f.73A3896108CAD0F2DAB8766297627504.d.9422FB5F0B73EF34ADDA493033B5C57F.e.7036/click - {}
RESULT: {}
COMMAND: GET /session/cd8dad5b6aa98ad5f0615c697c2d4924/screenshot - {}
RESULT: {}
COMMAND: POST /session/cd8dad5b6aa98ad5f0615c697c2d4924/element - {"using":"xpath","value":"//header[contains(@id, 'ObjectPageLayout-headerTitle')]/div[1]/div[2]/div[1]/span[1]"}
RESULT: {"using":"xpath","value":"//header[contains(@id, 'ObjectPageLayout-headerTitle')]/div[1]/div[2]/div[1]/span[1]"}
COMMAND: POST /session/cd8dad5b6aa98ad5f0615c697c2d4924/elements - {"using":"xpath","value":"//header[contains(@id, 'ObjectPageLayout-headerTitle')]/div[1]/div[2]/div[1]/span[1]"}
RESULT: {"using":"xpath","value":"//header[contains(@id, 'ObjectPageLayout-headerTitle')]/div[1]/div[2]/div[1]/span[1]"}
COMMAND: POST /session/cd8dad5b6aa98ad5f0615c697c2d4924/execute/sync - {"script":"<script> [56 bytes]","args":[{"element-6066-11e4-a52e-4f735466cecf":"f.73A3896108CAD0F2DAB8766297627504.d.9422FB5F0B73EF34ADDA493033B5C57F.e.7359","ELEMENT":"f.73A3896108CAD0F2DAB8766297627504.d.9422FB5F0B73EF34ADDA493033B5C57F.e.7359"}]}
RESULT: {"script":"<script> [56 bytes]","args":[{"element-6066-11e4-a52e-4f735466cecf":"f.73A3896108CAD0F2DAB8766297627504.d.9422FB5F0B73EF34ADDA493033B5C57F.e.7359","ELEMENT":"f.73A3896108CAD0F2DAB8766297627504.d.9422FB5F0B73EF34ADDA493033B5C57F.e.7359"}]}
COMMAND: GET /session/cd8dad5b6aa98ad5f0615c697c2d4924/screenshot - {}
RESULT: {}
COMMAND: POST /session/cd8dad5b6aa98ad5f0615c697c2d4924/element - {"using":"css selector","value":"#shell-header-logo"}
RESULT: {"using":"css selector","value":"#shell-header-logo"}
COMMAND: POST /session/cd8dad5b6aa98ad5f0615c697c2d4924/element/f.73A3896108CAD0F2DAB8766297627504.d.9422FB5F0B73EF34ADDA493033B5C57F.e.6612/click - {}
RESULT: {}
COMMAND: GET /session/cd8dad5b6aa98ad5f0615c697c2d4924/screenshot - {}
RESULT: {}
COMMAND: POST /session/cd8dad5b6aa98ad5f0615c697c2d4924/execute/sync - {"script":"<script> [299 bytes]","args":[["getModel","getResource"]]}
RESULT: {"script":"<script> [299 bytes]","args":[["getModel","getResource"]]}
COMMAND: GET /session/cd8dad5b6aa98ad5f0615c697c2d4924/screenshot - {}
]]></system-out>
    </testcase>
    <testcase classname="chrome.136_0_7103_93.windows.Create_master_data_for_mixed_billing_&amp;_do_billing_calculation_US151661" name="Should create a new partner" time="140.302">
      <system-out><![CDATA[
COMMAND: POST /session/cd8dad5b6aa98ad5f0615c697c2d4924/window/fullscreen - {}
RESULT: {}
COMMAND: POST /session/cd8dad5b6aa98ad5f0615c697c2d4924/execute/async - {"script":"<script> [1562 bytes]","args":[{"selector":{"controlType":"sap.m.GenericTile","properties":{"header":"Manage Partners"}},"wdio_ui5_key":"sapm.GenericTile{\"header\":\"Manage Partners\"}"}]}
RESULT: {}
RESULT: {"script":"<script> [1562 bytes]","args":[{"selector":{"controlType":"sap.m.GenericTile","properties":{"header":"Manage Partners"}},"wdio_ui5_key":"sapm.GenericTile{\"header\":\"Manage Partners\"}"}]}
RESULT: undefined
COMMAND: POST /session/cd8dad5b6aa98ad5f0615c697c2d4924/element - {"using":"xpath","value":"//*[@id=\"__tile38\"]"}
RESULT: {"using":"xpath","value":"//*[@id=\"__tile38\"]"}
COMMAND: POST /session/cd8dad5b6aa98ad5f0615c697c2d4924/element/f.73A3896108CAD0F2DAB8766297627504.d.9422FB5F0B73EF34ADDA493033B5C57F.e.6496/click - {}
RESULT: {}
COMMAND: GET /session/cd8dad5b6aa98ad5f0615c697c2d4924/screenshot - {}
RESULT: {}
COMMAND: POST /session/cd8dad5b6aa98ad5f0615c697c2d4924/elements - {"using":"xpath","value":"//span[text()='Error']"}
RESULT: {"using":"xpath","value":"//span[text()='Error']"}
COMMAND: POST /session/cd8dad5b6aa98ad5f0615c697c2d4924/element - {"using":"xpath","value":"//button[@data-kt=\"addButton\"]"}
RESULT: {"using":"xpath","value":"//button[@data-kt=\"addButton\"]"}
COMMAND: POST /session/cd8dad5b6aa98ad5f0615c697c2d4924/elements - {"using":"xpath","value":"//button[@data-kt=\"addButton\"]"}
RESULT: {"using":"xpath","value":"//button[@data-kt=\"addButton\"]"}
COMMAND: POST /session/cd8dad5b6aa98ad5f0615c697c2d4924/execute/sync - {"script":"<script> [8489 bytes]","args":[{"element-6066-11e4-a52e-4f735466cecf":"f.73A3896108CAD0F2DAB8766297627504.d.9422FB5F0B73EF34ADDA493033B5C57F.e.7407","ELEMENT":"f.73A3896108CAD0F2DAB8766297627504.d.9422FB5F0B73EF34ADDA493033B5C57F.e.7407"}]}
RESULT: {"script":"<script> [8489 bytes]","args":[{"element-6066-11e4-a52e-4f735466cecf":"f.73A3896108CAD0F2DAB8766297627504.d.9422FB5F0B73EF34ADDA493033B5C57F.e.7407","ELEMENT":"f.73A3896108CAD0F2DAB8766297627504.d.9422FB5F0B73EF34ADDA493033B5C57F.e.7407"}]}
COMMAND: GET /session/cd8dad5b6aa98ad5f0615c697c2d4924/element/f.73A3896108CAD0F2DAB8766297627504.d.9422FB5F0B73EF34ADDA493033B5C57F.e.7407/enabled - {}
COMMAND: GET /session/cd8dad5b6aa98ad5f0615c697c2d4924/screenshot - {}
RESULT: {}
COMMAND: POST /session/cd8dad5b6aa98ad5f0615c697c2d4924/execute/sync - {"script":"<script> [8489 bytes]","args":[{"element-6066-11e4-a52e-4f735466cecf":"f.73A3896108CAD0F2DAB8766297627504.d.9422FB5F0B73EF34ADDA493033B5C57F.e.7407","ELEMENT":"f.73A3896108CAD0F2DAB8766297627504.d.9422FB5F0B73EF34ADDA493033B5C57F.e.7407"}]}
COMMAND: GET /session/cd8dad5b6aa98ad5f0615c697c2d4924/screenshot - {}
RESULT: {}
RESULT: {"script":"<script> [8489 bytes]","args":[{"element-6066-11e4-a52e-4f735466cecf":"f.73A3896108CAD0F2DAB8766297627504.d.9422FB5F0B73EF34ADDA493033B5C57F.e.7407","ELEMENT":"f.73A3896108CAD0F2DAB8766297627504.d.9422FB5F0B73EF34ADDA493033B5C57F.e.7407"}]}
COMMAND: POST /session/cd8dad5b6aa98ad5f0615c697c2d4924/execute/sync - {"script":"<script> [5351 bytes]","args":[{"element-6066-11e4-a52e-4f735466cecf":"f.73A3896108CAD0F2DAB8766297627504.d.9422FB5F0B73EF34ADDA493033B5C57F.e.7407","ELEMENT":"f.73A3896108CAD0F2DAB8766297627504.d.9422FB5F0B73EF34ADDA493033B5C57F.e.7407"}]}
COMMAND: GET /session/cd8dad5b6aa98ad5f0615c697c2d4924/screenshot - {}
RESULT: {}
RESULT: {"script":"<script> [5351 bytes]","args":[{"element-6066-11e4-a52e-4f735466cecf":"f.73A3896108CAD0F2DAB8766297627504.d.9422FB5F0B73EF34ADDA493033B5C57F.e.7407","ELEMENT":"f.73A3896108CAD0F2DAB8766297627504.d.9422FB5F0B73EF34ADDA493033B5C57F.e.7407"}]}
COMMAND: POST /session/cd8dad5b6aa98ad5f0615c697c2d4924/element/f.73A3896108CAD0F2DAB8766297627504.d.9422FB5F0B73EF34ADDA493033B5C57F.e.7407/click - {}
COMMAND: GET /session/cd8dad5b6aa98ad5f0615c697c2d4924/screenshot - {}
RESULT: {}
RESULT: {}
COMMAND: GET /session/cd8dad5b6aa98ad5f0615c697c2d4924/screenshot - {}
COMMAND: POST /session/cd8dad5b6aa98ad5f0615c697c2d4924/execute/async - {"script":"<script> [1562 bytes]","args":[{"selector":{"id":"application-managepartners-display-component---NewPartner--addressDetailDetailsName1","interaction":{"idSuffix":"inner"}},"wdio_ui5_key":"applicationmanagepartners-display-component---NewPartner--addressDetailDetailsName1"}]}
RESULT: {}
RESULT: {}
RESULT: {"script":"<script> [1562 bytes]","args":[{"selector":{"id":"application-managepartners-display-component---NewPartner--addressDetailDetailsName1","interaction":{"idSuffix":"inner"}},"wdio_ui5_key":"applicationmanagepartners-display-component---NewPartner--addressDetailDetailsName1"}]}
RESULT: undefined
COMMAND: POST /session/cd8dad5b6aa98ad5f0615c697c2d4924/execute/async - {"script":"<script> [776 bytes]","args":[{"enterText":"Intercompany Partner WDIO","selector":{"id":"application-managepartners-display-component---NewPartner--addressDetailDetailsName1","interaction":{"idSuffix":"inner"}},"clearTextFirst":true,"interactionType":"ENTER_TEXT"}]}
RESULT: {"script":"<script> [776 bytes]","args":[{"enterText":"Intercompany Partner WDIO","selector":{"id":"application-managepartners-display-component---NewPartner--addressDetailDetailsName1","interaction":{"idSuffix":"inner"}},"clearTextFirst":true,"interactionType":"ENTER_TEXT"}]}
COMMAND: POST /session/cd8dad5b6aa98ad5f0615c697c2d4924/execute/async - {"script":"<script> [1562 bytes]","args":[{"selector":{"id":"application-managepartners-display-component---NewPartner--addressDetailDetailsLanguage-arrow"},"wdio_ui5_key":"applicationmanagepartners-display-component---NewPartner--addressDetailDetailsLanguage-arrow"}]}
RESULT: {"script":"<script> [1562 bytes]","args":[{"selector":{"id":"application-managepartners-display-component---NewPartner--addressDetailDetailsLanguage-arrow"},"wdio_ui5_key":"applicationmanagepartners-display-component---NewPartner--addressDetailDetailsLanguage-arrow"}]}
RESULT: undefined
COMMAND: POST /session/cd8dad5b6aa98ad5f0615c697c2d4924/element - {"using":"xpath","value":"//*[@id=\"application-managepartners-display-component---NewPartner--addressDetailDetailsLanguage-arrow\"]"}
RESULT: {"using":"xpath","value":"//*[@id=\"application-managepartners-display-component---NewPartner--addressDetailDetailsLanguage-arrow\"]"}
COMMAND: POST /session/cd8dad5b6aa98ad5f0615c697c2d4924/element/f.73A3896108CAD0F2DAB8766297627504.d.9422FB5F0B73EF34ADDA493033B5C57F.e.7844/click - {}
RESULT: {}
COMMAND: POST /session/cd8dad5b6aa98ad5f0615c697c2d4924/element - {"using":"xpath","value":"//span[contains(text(), \"English\")]"}
COMMAND: GET /session/cd8dad5b6aa98ad5f0615c697c2d4924/screenshot - {}
RESULT: {"using":"xpath","value":"//span[contains(text(), \"English\")]"}
COMMAND: POST /session/cd8dad5b6aa98ad5f0615c697c2d4924/element/f.73A3896108CAD0F2DAB8766297627504.d.9422FB5F0B73EF34ADDA493033B5C57F.e.7845/click - {}
RESULT: {}
RESULT: {}
COMMAND: GET /session/cd8dad5b6aa98ad5f0615c697c2d4924/screenshot - {}
RESULT: {}
COMMAND: POST /session/cd8dad5b6aa98ad5f0615c697c2d4924/execute/async - {"script":"<script> [1562 bytes]","args":[{"selector":{"id":"application-managepartners-display-component---NewPartner--addressDetailDetailsCity1","interaction":{"idSuffix":"inner"}},"wdio_ui5_key":"applicationmanagepartners-display-component---NewPartner--addressDetailDetailsCity1"}]}
RESULT: {"script":"<script> [1562 bytes]","args":[{"selector":{"id":"application-managepartners-display-component---NewPartner--addressDetailDetailsCity1","interaction":{"idSuffix":"inner"}},"wdio_ui5_key":"applicationmanagepartners-display-component---NewPartner--addressDetailDetailsCity1"}]}
RESULT: undefined
COMMAND: POST /session/cd8dad5b6aa98ad5f0615c697c2d4924/execute/async - {"script":"<script> [776 bytes]","args":[{"enterText":"Rosario","selector":{"id":"application-managepartners-display-component---NewPartner--addressDetailDetailsCity1","interaction":{"idSuffix":"inner"}},"clearTextFirst":true,"interactionType":"ENTER_TEXT"}]}
RESULT: {"script":"<script> [776 bytes]","args":[{"enterText":"Rosario","selector":{"id":"application-managepartners-display-component---NewPartner--addressDetailDetailsCity1","interaction":{"idSuffix":"inner"}},"clearTextFirst":true,"interactionType":"ENTER_TEXT"}]}
COMMAND: POST /session/cd8dad5b6aa98ad5f0615c697c2d4924/execute/async - {"script":"<script> [1562 bytes]","args":[{"selector":{"id":"application-managepartners-display-component---NewPartner--addressDetailDetailsCountry-arrow"},"wdio_ui5_key":"applicationmanagepartners-display-component---NewPartner--addressDetailDetailsCountry-arrow"}]}
RESULT: {"script":"<script> [1562 bytes]","args":[{"selector":{"id":"application-managepartners-display-component---NewPartner--addressDetailDetailsCountry-arrow"},"wdio_ui5_key":"applicationmanagepartners-display-component---NewPartner--addressDetailDetailsCountry-arrow"}]}
RESULT: undefined
COMMAND: POST /session/cd8dad5b6aa98ad5f0615c697c2d4924/element - {"using":"xpath","value":"//*[@id=\"application-managepartners-display-component---NewPartner--addressDetailDetailsCountry-arrow\"]"}
RESULT: {"using":"xpath","value":"//*[@id=\"application-managepartners-display-component---NewPartner--addressDetailDetailsCountry-arrow\"]"}
COMMAND: POST /session/cd8dad5b6aa98ad5f0615c697c2d4924/element/f.73A3896108CAD0F2DAB8766297627504.d.9422FB5F0B73EF34ADDA493033B5C57F.e.7802/click - {}
RESULT: {}
COMMAND: POST /session/cd8dad5b6aa98ad5f0615c697c2d4924/element - {"using":"xpath","value":"//span[contains(text(), \"Argentina\")]"}
COMMAND: GET /session/cd8dad5b6aa98ad5f0615c697c2d4924/screenshot - {}
RESULT: {"using":"xpath","value":"//span[contains(text(), \"Argentina\")]"}
COMMAND: POST /session/cd8dad5b6aa98ad5f0615c697c2d4924/element/f.73A3896108CAD0F2DAB8766297627504.d.9422FB5F0B73EF34ADDA493033B5C57F.e.7847/click - {}
RESULT: {}
RESULT: {}
COMMAND: GET /session/cd8dad5b6aa98ad5f0615c697c2d4924/screenshot - {}
RESULT: {}
COMMAND: POST /session/cd8dad5b6aa98ad5f0615c697c2d4924/element - {"using":"xpath","value":"//bdi[contains(text(), \"Commercial\")]"}
RESULT: {"using":"xpath","value":"//bdi[contains(text(), \"Commercial\")]"}
COMMAND: POST /session/cd8dad5b6aa98ad5f0615c697c2d4924/element/f.73A3896108CAD0F2DAB8766297627504.d.9422FB5F0B73EF34ADDA493033B5C57F.e.7848/click - {}
RESULT: {}
COMMAND: GET /session/cd8dad5b6aa98ad5f0615c697c2d4924/screenshot - {}
RESULT: {}
COMMAND: POST /session/cd8dad5b6aa98ad5f0615c697c2d4924/execute/async - {"script":"<script> [1562 bytes]","args":[{"selector":{"id":"application-managepartners-display-component---NewPartner--partnerDetailInternal-arrow"},"wdio_ui5_key":"applicationmanagepartners-display-component---NewPartner--partnerDetailInternal-arrow"}]}
RESULT: {"script":"<script> [1562 bytes]","args":[{"selector":{"id":"application-managepartners-display-component---NewPartner--partnerDetailInternal-arrow"},"wdio_ui5_key":"applicationmanagepartners-display-component---NewPartner--partnerDetailInternal-arrow"}]}
RESULT: undefined
COMMAND: POST /session/cd8dad5b6aa98ad5f0615c697c2d4924/element - {"using":"xpath","value":"//*[@id=\"application-managepartners-display-component---NewPartner--partnerDetailInternal-arrow\"]"}
RESULT: {"using":"xpath","value":"//*[@id=\"application-managepartners-display-component---NewPartner--partnerDetailInternal-arrow\"]"}
COMMAND: POST /session/cd8dad5b6aa98ad5f0615c697c2d4924/element/f.73A3896108CAD0F2DAB8766297627504.d.9422FB5F0B73EF34ADDA493033B5C57F.e.7854/click - {}
RESULT: {}
COMMAND: POST /session/cd8dad5b6aa98ad5f0615c697c2d4924/element - {"using":"xpath","value":"//span[contains(text(), \"Affiliated company\")]"}
COMMAND: GET /session/cd8dad5b6aa98ad5f0615c697c2d4924/screenshot - {}
RESULT: {"using":"xpath","value":"//span[contains(text(), \"Affiliated company\")]"}
COMMAND: POST /session/cd8dad5b6aa98ad5f0615c697c2d4924/element/f.73A3896108CAD0F2DAB8766297627504.d.9422FB5F0B73EF34ADDA493033B5C57F.e.7855/click - {}
RESULT: {}
RESULT: {}
COMMAND: POST /session/cd8dad5b6aa98ad5f0615c697c2d4924/execute/async - {"script":"<script> [1562 bytes]","args":[{"selector":{"id":"application-managepartners-display-component---NewPartner--partnerDetailsCurrency-arrow"},"wdio_ui5_key":"applicationmanagepartners-display-component---NewPartner--partnerDetailsCurrency-arrow"}]}
COMMAND: GET /session/cd8dad5b6aa98ad5f0615c697c2d4924/screenshot - {}
RESULT: {"script":"<script> [1562 bytes]","args":[{"selector":{"id":"application-managepartners-display-component---NewPartner--partnerDetailsCurrency-arrow"},"wdio_ui5_key":"applicationmanagepartners-display-component---NewPartner--partnerDetailsCurrency-arrow"}]}
RESULT: undefined
COMMAND: POST /session/cd8dad5b6aa98ad5f0615c697c2d4924/element - {"using":"xpath","value":"//*[@id=\"application-managepartners-display-component---NewPartner--partnerDetailsCurrency-arrow\"]"}
RESULT: {}
RESULT: {"using":"xpath","value":"//*[@id=\"application-managepartners-display-component---NewPartner--partnerDetailsCurrency-arrow\"]"}
COMMAND: POST /session/cd8dad5b6aa98ad5f0615c697c2d4924/element/f.73A3896108CAD0F2DAB8766297627504.d.9422FB5F0B73EF34ADDA493033B5C57F.e.7862/click - {}
RESULT: {}
COMMAND: POST /session/cd8dad5b6aa98ad5f0615c697c2d4924/element - {"using":"xpath","value":"//span[contains(text(), \"Euro\")]"}
COMMAND: GET /session/cd8dad5b6aa98ad5f0615c697c2d4924/screenshot - {}
RESULT: {"using":"xpath","value":"//span[contains(text(), \"Euro\")]"}
COMMAND: POST /session/cd8dad5b6aa98ad5f0615c697c2d4924/element/f.73A3896108CAD0F2DAB8766297627504.d.9422FB5F0B73EF34ADDA493033B5C57F.e.7863/click - {}
RESULT: {}
RESULT: {}
COMMAND: POST /session/cd8dad5b6aa98ad5f0615c697c2d4924/execute/async - {"script":"<script> [1562 bytes]","args":[{"selector":{"id":"application-managepartners-display-component---NewPartner--addressEditDetailsCostObjectCstType-arrow"},"wdio_ui5_key":"applicationmanagepartners-display-component---NewPartner--addressEditDetailsCostObjectCstType-arrow"}]}
COMMAND: GET /session/cd8dad5b6aa98ad5f0615c697c2d4924/screenshot - {}
RESULT: {"script":"<script> [1562 bytes]","args":[{"selector":{"id":"application-managepartners-display-component---NewPartner--addressEditDetailsCostObjectCstType-arrow"},"wdio_ui5_key":"applicationmanagepartners-display-component---NewPartner--addressEditDetailsCostObjectCstType-arrow"}]}
RESULT: undefined
COMMAND: POST /session/cd8dad5b6aa98ad5f0615c697c2d4924/element - {"using":"xpath","value":"//*[@id=\"application-managepartners-display-component---NewPartner--addressEditDetailsCostObjectCstType-arrow\"]"}
RESULT: {}
RESULT: {"using":"xpath","value":"//*[@id=\"application-managepartners-display-component---NewPartner--addressEditDetailsCostObjectCstType-arrow\"]"}
COMMAND: POST /session/cd8dad5b6aa98ad5f0615c697c2d4924/element/f.73A3896108CAD0F2DAB8766297627504.d.9422FB5F0B73EF34ADDA493033B5C57F.e.7864/click - {}
RESULT: {}
COMMAND: POST /session/cd8dad5b6aa98ad5f0615c697c2d4924/element - {"using":"xpath","value":"//span[contains(text(), \"Cost Center\")]"}
COMMAND: GET /session/cd8dad5b6aa98ad5f0615c697c2d4924/screenshot - {}
RESULT: {"using":"xpath","value":"//span[contains(text(), \"Cost Center\")]"}
COMMAND: POST /session/cd8dad5b6aa98ad5f0615c697c2d4924/element/f.73A3896108CAD0F2DAB8766297627504.d.9422FB5F0B73EF34ADDA493033B5C57F.e.7865/click - {}
RESULT: {}
RESULT: {}
COMMAND: GET /session/cd8dad5b6aa98ad5f0615c697c2d4924/screenshot - {}
RESULT: {}
COMMAND: POST /session/cd8dad5b6aa98ad5f0615c697c2d4924/element - {"using":"xpath","value":"//span[@id=\"application-managepartners-display-component---NewPartner--addressNewCostObjectCstID-vhi\"]"}
RESULT: {"using":"xpath","value":"//span[@id=\"application-managepartners-display-component---NewPartner--addressNewCostObjectCstID-vhi\"]"}
COMMAND: POST /session/cd8dad5b6aa98ad5f0615c697c2d4924/execute/sync - {"script":"<script> [8489 bytes]","args":[{"element-6066-11e4-a52e-4f735466cecf":"f.73A3896108CAD0F2DAB8766297627504.d.9422FB5F0B73EF34ADDA493033B5C57F.e.7869","ELEMENT":"f.73A3896108CAD0F2DAB8766297627504.d.9422FB5F0B73EF34ADDA493033B5C57F.e.7869"}]}
RESULT: {"script":"<script> [8489 bytes]","args":[{"element-6066-11e4-a52e-4f735466cecf":"f.73A3896108CAD0F2DAB8766297627504.d.9422FB5F0B73EF34ADDA493033B5C57F.e.7869","ELEMENT":"f.73A3896108CAD0F2DAB8766297627504.d.9422FB5F0B73EF34ADDA493033B5C57F.e.7869"}]}
COMMAND: POST /session/cd8dad5b6aa98ad5f0615c697c2d4924/execute/async - {"script":"<script> [1562 bytes]","args":[{"selector":{"id":"application-managepartners-display-component---NewPartner--addressNewCostObjectCstID-vhi"},"wdio_ui5_key":"applicationmanagepartners-display-component---NewPartner--addressNewCostObjectCstID-vhi"}]}
COMMAND: GET /session/cd8dad5b6aa98ad5f0615c697c2d4924/screenshot - {}
RESULT: {"script":"<script> [1562 bytes]","args":[{"selector":{"id":"application-managepartners-display-component---NewPartner--addressNewCostObjectCstID-vhi"},"wdio_ui5_key":"applicationmanagepartners-display-component---NewPartner--addressNewCostObjectCstID-vhi"}]}
RESULT: undefined
COMMAND: POST /session/cd8dad5b6aa98ad5f0615c697c2d4924/element - {"using":"xpath","value":"//*[@id=\"application-managepartners-display-component---NewPartner--addressNewCostObjectCstID-vhi\"]"}
RESULT: {}
RESULT: {"using":"xpath","value":"//*[@id=\"application-managepartners-display-component---NewPartner--addressNewCostObjectCstID-vhi\"]"}
COMMAND: POST /session/cd8dad5b6aa98ad5f0615c697c2d4924/element/f.73A3896108CAD0F2DAB8766297627504.d.9422FB5F0B73EF34ADDA493033B5C57F.e.7869/click - {}
RESULT: {}
COMMAND: GET /session/cd8dad5b6aa98ad5f0615c697c2d4924/screenshot - {}
RESULT: {}
RESULT: undefined
COMMAND: POST /session/cd8dad5b6aa98ad5f0615c697c2d4924/execute/async - {"script":"<script> [776 bytes]","args":[{"enterText":"10001013","selector":{"controlType":"sap.m.SearchField","properties":{"placeholder":"Search"},"searchOpenDialogs":true,"interaction":{"idSuffix":"I"}},"clearTextFirst":true,"interactionType":"ENTER_TEXT"}]}
RESULT: {"script":"<script> [776 bytes]","args":[{"enterText":"10001013","selector":{"controlType":"sap.m.SearchField","properties":{"placeholder":"Search"},"searchOpenDialogs":true,"interaction":{"idSuffix":"I"}},"clearTextFirst":true,"interactionType":"ENTER_TEXT"}]}
COMMAND: POST /session/cd8dad5b6aa98ad5f0615c697c2d4924/actions - {"actions":[{"id":"action21","type":"key","parameters":{},"actions":[{"type":"keyDown","value":""},{"type":"pause","duration":10},{"type":"keyUp","value":""}]}]}
RESULT: {"actions":[{"id":"action21","type":"key","parameters":{},"actions":[{"type":"keyDown","value":""},{"type":"pause","duration":10},{"type":"keyUp","value":""}]}]}
COMMAND: GET /session/cd8dad5b6aa98ad5f0615c697c2d4924/screenshot - {}
RESULT: {}
COMMAND: POST /session/cd8dad5b6aa98ad5f0615c697c2d4924/element - {"using":"xpath","value":"//span[contains(text(), \"General Management\")]"}
RESULT: {"using":"xpath","value":"//span[contains(text(), \"General Management\")]"}
COMMAND: POST /session/cd8dad5b6aa98ad5f0615c697c2d4924/element/f.73A3896108CAD0F2DAB8766297627504.d.9422FB5F0B73EF34ADDA493033B5C57F.e.7876/click - {}
RESULT: {}
COMMAND: GET /session/cd8dad5b6aa98ad5f0615c697c2d4924/screenshot - {}
RESULT: {}
COMMAND: POST /session/cd8dad5b6aa98ad5f0615c697c2d4924/element - {"using":"xpath","value":"//bdi[contains(text(), \"OK\")]"}
RESULT: {"using":"xpath","value":"//bdi[contains(text(), \"OK\")]"}
COMMAND: POST /session/cd8dad5b6aa98ad5f0615c697c2d4924/element/f.73A3896108CAD0F2DAB8766297627504.d.9422FB5F0B73EF34ADDA493033B5C57F.e.7878/click - {}
RESULT: {}
COMMAND: GET /session/cd8dad5b6aa98ad5f0615c697c2d4924/screenshot - {}
RESULT: {}
COMMAND: POST /session/cd8dad5b6aa98ad5f0615c697c2d4924/element - {"using":"xpath","value":"//input[@id=\"application-managepartners-display-component---NewPartner--companyCodeComboBox-inner\"]"}
RESULT: {"using":"xpath","value":"//input[@id=\"application-managepartners-display-component---NewPartner--companyCodeComboBox-inner\"]"}
COMMAND: POST /session/cd8dad5b6aa98ad5f0615c697c2d4924/element/f.73A3896108CAD0F2DAB8766297627504.d.9422FB5F0B73EF34ADDA493033B5C57F.e.7672/clear - {}
RESULT: {}
COMMAND: POST /session/cd8dad5b6aa98ad5f0615c697c2d4924/element/f.73A3896108CAD0F2DAB8766297627504.d.9422FB5F0B73EF34ADDA493033B5C57F.e.7672/value - {"text":"C002"}
COMMAND: GET /session/cd8dad5b6aa98ad5f0615c697c2d4924/screenshot - {}
RESULT: {"text":"C002"}
COMMAND: GET /session/cd8dad5b6aa98ad5f0615c697c2d4924/screenshot - {}
RESULT: {}
RESULT: {}
COMMAND: POST /session/cd8dad5b6aa98ad5f0615c697c2d4924/element - {"using":"xpath","value":"//li[.//span[text()= \"C002\"]]"}
RESULT: {"using":"xpath","value":"//li[.//span[text()= \"C002\"]]"}
COMMAND: POST /session/cd8dad5b6aa98ad5f0615c697c2d4924/element/f.73A3896108CAD0F2DAB8766297627504.d.9422FB5F0B73EF34ADDA493033B5C57F.e.7884/click - {}
RESULT: {}
COMMAND: GET /session/cd8dad5b6aa98ad5f0615c697c2d4924/screenshot - {}
RESULT: {}
COMMAND: POST /session/cd8dad5b6aa98ad5f0615c697c2d4924/execute/async - {"script":"<script> [1562 bytes]","args":[{"selector":{"id":"application-managepartners-display-component---NewPartner--btnAddTableRow-img"},"wdio_ui5_key":"applicationmanagepartners-display-component---NewPartner--btnAddTableRow-img"}]}
RESULT: {"script":"<script> [1562 bytes]","args":[{"selector":{"id":"application-managepartners-display-component---NewPartner--btnAddTableRow-img"},"wdio_ui5_key":"applicationmanagepartners-display-component---NewPartner--btnAddTableRow-img"}]}
RESULT: undefined
COMMAND: POST /session/cd8dad5b6aa98ad5f0615c697c2d4924/element - {"using":"xpath","value":"//*[@id=\"application-managepartners-display-component---NewPartner--btnAddTableRow-img\"]"}
RESULT: {"using":"xpath","value":"//*[@id=\"application-managepartners-display-component---NewPartner--btnAddTableRow-img\"]"}
COMMAND: POST /session/cd8dad5b6aa98ad5f0615c697c2d4924/element/f.73A3896108CAD0F2DAB8766297627504.d.9422FB5F0B73EF34ADDA493033B5C57F.e.7885/click - {}
RESULT: {}
COMMAND: GET /session/cd8dad5b6aa98ad5f0615c697c2d4924/screenshot - {}
RESULT: {}
COMMAND: POST /session/cd8dad5b6aa98ad5f0615c697c2d4924/element - {"using":"xpath","value":"//input[@id=\"application-managepartners-display-component---NewPartner--assignmentYard-application-managepartners-display-component---NewPartner--assignmentsTable-0-inner\"]"}
RESULT: {"using":"xpath","value":"//input[@id=\"application-managepartners-display-component---NewPartner--assignmentYard-application-managepartners-display-component---NewPartner--assignmentsTable-0-inner\"]"}
COMMAND: POST /session/cd8dad5b6aa98ad5f0615c697c2d4924/element/f.73A3896108CAD0F2DAB8766297627504.d.9422FB5F0B73EF34ADDA493033B5C57F.e.7888/clear - {}
RESULT: {}
COMMAND: POST /session/cd8dad5b6aa98ad5f0615c697c2d4924/element/f.73A3896108CAD0F2DAB8766297627504.d.9422FB5F0B73EF34ADDA493033B5C57F.e.7888/value - {"text":"641"}
COMMAND: GET /session/cd8dad5b6aa98ad5f0615c697c2d4924/screenshot - {}
RESULT: {"text":"641"}
COMMAND: GET /session/cd8dad5b6aa98ad5f0615c697c2d4924/screenshot - {}
RESULT: {}
RESULT: {}
COMMAND: POST /session/cd8dad5b6aa98ad5f0615c697c2d4924/element - {"using":"xpath","value":"//li[.//span[text()='641']]"}
RESULT: {"using":"xpath","value":"//li[.//span[text()='641']]"}
COMMAND: POST /session/cd8dad5b6aa98ad5f0615c697c2d4924/element/f.73A3896108CAD0F2DAB8766297627504.d.9422FB5F0B73EF34ADDA493033B5C57F.e.7897/click - {}
RESULT: {}
COMMAND: GET /session/cd8dad5b6aa98ad5f0615c697c2d4924/screenshot - {}
RESULT: {}
COMMAND: POST /session/cd8dad5b6aa98ad5f0615c697c2d4924/actions - {"actions":[{"id":"action22","type":"key","parameters":{},"actions":[{"type":"keyDown","value":""},{"type":"pause","duration":10},{"type":"keyUp","value":""}]}]}
RESULT: {"actions":[{"id":"action22","type":"key","parameters":{},"actions":[{"type":"keyDown","value":""},{"type":"pause","duration":10},{"type":"keyUp","value":""}]}]}
COMMAND: POST /session/cd8dad5b6aa98ad5f0615c697c2d4924/execute/async - {"script":"<script> [1562 bytes]","args":[{"selector":{"id":"application-managepartners-display-component---NewPartner--externalCustomerComboBox-application-managepartners-display-component---NewPartner--assignmentsTable-0-vhi"},"wdio_ui5_key":"applicationmanagepartners-display-component---NewPartner--externalCustomerComboBox-application-managepartners-display-component---NewPartner--assignmentsTable-0-vhi"}]}
COMMAND: GET /session/cd8dad5b6aa98ad5f0615c697c2d4924/screenshot - {}
RESULT: {"script":"<script> [1562 bytes]","args":[{"selector":{"id":"application-managepartners-display-component---NewPartner--externalCustomerComboBox-application-managepartners-display-component---NewPartner--assignmentsTable-0-vhi"},"wdio_ui5_key":"applicationmanagepartners-display-component---NewPartner--externalCustomerComboBox-application-managepartners-display-component---NewPartner--assignmentsTable-0-vhi"}]}
RESULT: undefined
COMMAND: POST /session/cd8dad5b6aa98ad5f0615c697c2d4924/element - {"using":"xpath","value":"//*[@id=\"application-managepartners-display-component---NewPartner--externalCustomerComboBox-application-managepartners-display-component---NewPartner--assignmentsTable-0-vhi\"]"}
RESULT: {}
RESULT: {"using":"xpath","value":"//*[@id=\"application-managepartners-display-component---NewPartner--externalCustomerComboBox-application-managepartners-display-component---NewPartner--assignmentsTable-0-vhi\"]"}
COMMAND: POST /session/cd8dad5b6aa98ad5f0615c697c2d4924/element/f.73A3896108CAD0F2DAB8766297627504.d.9422FB5F0B73EF34ADDA493033B5C57F.e.7901/click - {}
RESULT: {}
RESULT: undefined
COMMAND: POST /session/cd8dad5b6aa98ad5f0615c697c2d4924/execute/async - {"script":"<script> [776 bytes]","args":[{"enterText":"300003","selector":{"controlType":"sap.m.SearchField","properties":{"placeholder":"Search"},"searchOpenDialogs":true,"interaction":{"idSuffix":"I"}},"clearTextFirst":true,"interactionType":"ENTER_TEXT"}]}
COMMAND: GET /session/cd8dad5b6aa98ad5f0615c697c2d4924/screenshot - {}
RESULT: {"script":"<script> [776 bytes]","args":[{"enterText":"300003","selector":{"controlType":"sap.m.SearchField","properties":{"placeholder":"Search"},"searchOpenDialogs":true,"interaction":{"idSuffix":"I"}},"clearTextFirst":true,"interactionType":"ENTER_TEXT"}]}
COMMAND: POST /session/cd8dad5b6aa98ad5f0615c697c2d4924/actions - {"actions":[{"id":"action23","type":"key","parameters":{},"actions":[{"type":"keyDown","value":""},{"type":"pause","duration":10},{"type":"keyUp","value":""}]}]}
RESULT: {}
RESULT: {"actions":[{"id":"action23","type":"key","parameters":{},"actions":[{"type":"keyDown","value":""},{"type":"pause","duration":10},{"type":"keyUp","value":""}]}]}
COMMAND: GET /session/cd8dad5b6aa98ad5f0615c697c2d4924/screenshot - {}
RESULT: {}
COMMAND: POST /session/cd8dad5b6aa98ad5f0615c697c2d4924/element - {"using":"xpath","value":"//span[contains(text(), \"300003\")]"}
RESULT: {"using":"xpath","value":"//span[contains(text(), \"300003\")]"}
COMMAND: POST /session/cd8dad5b6aa98ad5f0615c697c2d4924/element/f.73A3896108CAD0F2DAB8766297627504.d.9422FB5F0B73EF34ADDA493033B5C57F.e.7920/click - {}
RESULT: {}
COMMAND: GET /session/cd8dad5b6aa98ad5f0615c697c2d4924/screenshot - {}
RESULT: {}
COMMAND: POST /session/cd8dad5b6aa98ad5f0615c697c2d4924/element - {"using":"xpath","value":"//bdi[contains(text(), \"OK\")]"}
RESULT: {"using":"xpath","value":"//bdi[contains(text(), \"OK\")]"}
COMMAND: POST /session/cd8dad5b6aa98ad5f0615c697c2d4924/element/f.73A3896108CAD0F2DAB8766297627504.d.9422FB5F0B73EF34ADDA493033B5C57F.e.7922/click - {}
RESULT: {}
COMMAND: GET /session/cd8dad5b6aa98ad5f0615c697c2d4924/screenshot - {}
RESULT: {}
COMMAND: POST /session/cd8dad5b6aa98ad5f0615c697c2d4924/execute/async - {"script":"<script> [1562 bytes]","args":[{"selector":{"id":"application-managepartners-display-component---NewPartner--intercompVendorComboBox-application-managepartners-display-component---NewPartner--assignmentsTable-0-vhi"},"wdio_ui5_key":"applicationmanagepartners-display-component---NewPartner--intercompVendorComboBox-application-managepartners-display-component---NewPartner--assignmentsTable-0-vhi"}]}
RESULT: {"script":"<script> [1562 bytes]","args":[{"selector":{"id":"application-managepartners-display-component---NewPartner--intercompVendorComboBox-application-managepartners-display-component---NewPartner--assignmentsTable-0-vhi"},"wdio_ui5_key":"applicationmanagepartners-display-component---NewPartner--intercompVendorComboBox-application-managepartners-display-component---NewPartner--assignmentsTable-0-vhi"}]}
RESULT: undefined
COMMAND: POST /session/cd8dad5b6aa98ad5f0615c697c2d4924/element - {"using":"xpath","value":"//*[@id=\"application-managepartners-display-component---NewPartner--intercompVendorComboBox-application-managepartners-display-component---NewPartner--assignmentsTable-0-vhi\"]"}
RESULT: {"using":"xpath","value":"//*[@id=\"application-managepartners-display-component---NewPartner--intercompVendorComboBox-application-managepartners-display-component---NewPartner--assignmentsTable-0-vhi\"]"}
COMMAND: POST /session/cd8dad5b6aa98ad5f0615c697c2d4924/element/f.73A3896108CAD0F2DAB8766297627504.d.9422FB5F0B73EF34ADDA493033B5C57F.e.7925/click - {}
RESULT: {}
RESULT: undefined
COMMAND: POST /session/cd8dad5b6aa98ad5f0615c697c2d4924/execute/async - {"script":"<script> [776 bytes]","args":[{"enterText":"100005","selector":{"controlType":"sap.m.SearchField","properties":{"placeholder":"Search"},"searchOpenDialogs":true,"interaction":{"idSuffix":"I"}},"clearTextFirst":true,"interactionType":"ENTER_TEXT"}]}
COMMAND: GET /session/cd8dad5b6aa98ad5f0615c697c2d4924/screenshot - {}
RESULT: {"script":"<script> [776 bytes]","args":[{"enterText":"100005","selector":{"controlType":"sap.m.SearchField","properties":{"placeholder":"Search"},"searchOpenDialogs":true,"interaction":{"idSuffix":"I"}},"clearTextFirst":true,"interactionType":"ENTER_TEXT"}]}
COMMAND: POST /session/cd8dad5b6aa98ad5f0615c697c2d4924/actions - {"actions":[{"id":"action24","type":"key","parameters":{},"actions":[{"type":"keyDown","value":""},{"type":"pause","duration":10},{"type":"keyUp","value":""}]}]}
RESULT: {}
RESULT: {"actions":[{"id":"action24","type":"key","parameters":{},"actions":[{"type":"keyDown","value":""},{"type":"pause","duration":10},{"type":"keyUp","value":""}]}]}
COMMAND: GET /session/cd8dad5b6aa98ad5f0615c697c2d4924/screenshot - {}
RESULT: {}
COMMAND: POST /session/cd8dad5b6aa98ad5f0615c697c2d4924/element - {"using":"xpath","value":"//span[contains(text(), \"Penguins - Field/12345 Berlin\")]"}
RESULT: {"using":"xpath","value":"//span[contains(text(), \"Penguins - Field/12345 Berlin\")]"}
COMMAND: POST /session/cd8dad5b6aa98ad5f0615c697c2d4924/element/f.73A3896108CAD0F2DAB8766297627504.d.9422FB5F0B73EF34ADDA493033B5C57F.e.7944/click - {}
RESULT: {}
COMMAND: GET /session/cd8dad5b6aa98ad5f0615c697c2d4924/screenshot - {}
RESULT: {}
COMMAND: POST /session/cd8dad5b6aa98ad5f0615c697c2d4924/element - {"using":"xpath","value":"//bdi[contains(text(), \"OK\")]"}
RESULT: {"using":"xpath","value":"//bdi[contains(text(), \"OK\")]"}
COMMAND: POST /session/cd8dad5b6aa98ad5f0615c697c2d4924/element/f.73A3896108CAD0F2DAB8766297627504.d.9422FB5F0B73EF34ADDA493033B5C57F.e.7945/click - {}
RESULT: {}
COMMAND: GET /session/cd8dad5b6aa98ad5f0615c697c2d4924/screenshot - {}
RESULT: {}
COMMAND: POST /session/cd8dad5b6aa98ad5f0615c697c2d4924/element - {"using":"xpath","value":"//button[@data-kt=\"saveButton\"]"}
RESULT: {"using":"xpath","value":"//button[@data-kt=\"saveButton\"]"}
COMMAND: POST /session/cd8dad5b6aa98ad5f0615c697c2d4924/element/f.73A3896108CAD0F2DAB8766297627504.d.9422FB5F0B73EF34ADDA493033B5C57F.e.7717/click - {}
RESULT: {}
COMMAND: GET /session/cd8dad5b6aa98ad5f0615c697c2d4924/screenshot - {}
RESULT: {}
COMMAND: POST /session/cd8dad5b6aa98ad5f0615c697c2d4924/element - {"using":"xpath","value":"//header[contains(@id, 'ObjectPageLayout-headerTitle')]/div[1]/div[2]/div[2]/span[1]"}
RESULT: {"using":"xpath","value":"//header[contains(@id, 'ObjectPageLayout-headerTitle')]/div[1]/div[2]/div[2]/span[1]"}
COMMAND: POST /session/cd8dad5b6aa98ad5f0615c697c2d4924/elements - {"using":"xpath","value":"//header[contains(@id, 'ObjectPageLayout-headerTitle')]/div[1]/div[2]/div[2]/span[1]"}
RESULT: {"using":"xpath","value":"//header[contains(@id, 'ObjectPageLayout-headerTitle')]/div[1]/div[2]/div[2]/span[1]"}
COMMAND: POST /session/cd8dad5b6aa98ad5f0615c697c2d4924/execute/sync - {"script":"<script> [56 bytes]","args":[{"element-6066-11e4-a52e-4f735466cecf":"f.73A3896108CAD0F2DAB8766297627504.d.9422FB5F0B73EF34ADDA493033B5C57F.e.8111","ELEMENT":"f.73A3896108CAD0F2DAB8766297627504.d.9422FB5F0B73EF34ADDA493033B5C57F.e.8111"}]}
RESULT: {"script":"<script> [56 bytes]","args":[{"element-6066-11e4-a52e-4f735466cecf":"f.73A3896108CAD0F2DAB8766297627504.d.9422FB5F0B73EF34ADDA493033B5C57F.e.8111","ELEMENT":"f.73A3896108CAD0F2DAB8766297627504.d.9422FB5F0B73EF34ADDA493033B5C57F.e.8111"}]}
COMMAND: POST /session/cd8dad5b6aa98ad5f0615c697c2d4924/element - {"using":"css selector","value":"#shell-header-logo"}
COMMAND: GET /session/cd8dad5b6aa98ad5f0615c697c2d4924/screenshot - {}
RESULT: {"using":"css selector","value":"#shell-header-logo"}
COMMAND: POST /session/cd8dad5b6aa98ad5f0615c697c2d4924/element/f.73A3896108CAD0F2DAB8766297627504.d.9422FB5F0B73EF34ADDA493033B5C57F.e.7363/click - {}
RESULT: {}
RESULT: {}
COMMAND: GET /session/cd8dad5b6aa98ad5f0615c697c2d4924/screenshot - {}
RESULT: {}
COMMAND: POST /session/cd8dad5b6aa98ad5f0615c697c2d4924/execute/sync - {"script":"<script> [299 bytes]","args":[["getModel","getResource"]]}
RESULT: {"script":"<script> [299 bytes]","args":[["getModel","getResource"]]}
]]></system-out>
    </testcase>
    <testcase classname="chrome.136_0_7103_93.windows.Create_master_data_for_mixed_billing_&amp;_do_billing_calculation_US151661" name="Should create a new site" time="100.043">
      <system-out><![CDATA[
COMMAND: GET /session/cd8dad5b6aa98ad5f0615c697c2d4924/screenshot - {}
COMMAND: POST /session/cd8dad5b6aa98ad5f0615c697c2d4924/execute/async - {"script":"<script> [1562 bytes]","args":[{"selector":{"controlType":"sap.m.GenericTile","properties":{"header":"Manage Sites"}},"wdio_ui5_key":"sapm.GenericTile{\"header\":\"Manage Sites\"}"}]}
RESULT: {"script":"<script> [1562 bytes]","args":[{"selector":{"controlType":"sap.m.GenericTile","properties":{"header":"Manage Sites"}},"wdio_ui5_key":"sapm.GenericTile{\"header\":\"Manage Sites\"}"}]}
RESULT: undefined
COMMAND: POST /session/cd8dad5b6aa98ad5f0615c697c2d4924/element - {"using":"xpath","value":"//*[@id=\"__tile40\"]"}
RESULT: {}
RESULT: {"using":"xpath","value":"//*[@id=\"__tile40\"]"}
COMMAND: POST /session/cd8dad5b6aa98ad5f0615c697c2d4924/element/f.73A3896108CAD0F2DAB8766297627504.d.9422FB5F0B73EF34ADDA493033B5C57F.e.6502/click - {}
RESULT: {}
COMMAND: GET /session/cd8dad5b6aa98ad5f0615c697c2d4924/screenshot - {}
RESULT: {}
COMMAND: POST /session/cd8dad5b6aa98ad5f0615c697c2d4924/elements - {"using":"xpath","value":"//span[text()='Error']"}
RESULT: {"using":"xpath","value":"//span[text()='Error']"}
COMMAND: POST /session/cd8dad5b6aa98ad5f0615c697c2d4924/element - {"using":"xpath","value":"//button[@data-kt=\"addOverflowToolbarButton\"]"}
RESULT: {"using":"xpath","value":"//button[@data-kt=\"addOverflowToolbarButton\"]"}
COMMAND: POST /session/cd8dad5b6aa98ad5f0615c697c2d4924/elements - {"using":"xpath","value":"//button[@data-kt=\"addOverflowToolbarButton\"]"}
RESULT: {"using":"xpath","value":"//button[@data-kt=\"addOverflowToolbarButton\"]"}
COMMAND: POST /session/cd8dad5b6aa98ad5f0615c697c2d4924/execute/sync - {"script":"<script> [8489 bytes]","args":[{"element-6066-11e4-a52e-4f735466cecf":"f.73A3896108CAD0F2DAB8766297627504.d.9422FB5F0B73EF34ADDA493033B5C57F.e.8158","ELEMENT":"f.73A3896108CAD0F2DAB8766297627504.d.9422FB5F0B73EF34ADDA493033B5C57F.e.8158"}]}
RESULT: {"script":"<script> [8489 bytes]","args":[{"element-6066-11e4-a52e-4f735466cecf":"f.73A3896108CAD0F2DAB8766297627504.d.9422FB5F0B73EF34ADDA493033B5C57F.e.8158","ELEMENT":"f.73A3896108CAD0F2DAB8766297627504.d.9422FB5F0B73EF34ADDA493033B5C57F.e.8158"}]}
COMMAND: GET /session/cd8dad5b6aa98ad5f0615c697c2d4924/element/f.73A3896108CAD0F2DAB8766297627504.d.9422FB5F0B73EF34ADDA493033B5C57F.e.8158/enabled - {}
COMMAND: GET /session/cd8dad5b6aa98ad5f0615c697c2d4924/screenshot - {}
RESULT: {}
COMMAND: POST /session/cd8dad5b6aa98ad5f0615c697c2d4924/execute/sync - {"script":"<script> [8489 bytes]","args":[{"element-6066-11e4-a52e-4f735466cecf":"f.73A3896108CAD0F2DAB8766297627504.d.9422FB5F0B73EF34ADDA493033B5C57F.e.8158","ELEMENT":"f.73A3896108CAD0F2DAB8766297627504.d.9422FB5F0B73EF34ADDA493033B5C57F.e.8158"}]}
COMMAND: GET /session/cd8dad5b6aa98ad5f0615c697c2d4924/screenshot - {}
RESULT: {}
RESULT: {"script":"<script> [8489 bytes]","args":[{"element-6066-11e4-a52e-4f735466cecf":"f.73A3896108CAD0F2DAB8766297627504.d.9422FB5F0B73EF34ADDA493033B5C57F.e.8158","ELEMENT":"f.73A3896108CAD0F2DAB8766297627504.d.9422FB5F0B73EF34ADDA493033B5C57F.e.8158"}]}
COMMAND: POST /session/cd8dad5b6aa98ad5f0615c697c2d4924/execute/sync - {"script":"<script> [5351 bytes]","args":[{"element-6066-11e4-a52e-4f735466cecf":"f.73A3896108CAD0F2DAB8766297627504.d.9422FB5F0B73EF34ADDA493033B5C57F.e.8158","ELEMENT":"f.73A3896108CAD0F2DAB8766297627504.d.9422FB5F0B73EF34ADDA493033B5C57F.e.8158"}]}
COMMAND: GET /session/cd8dad5b6aa98ad5f0615c697c2d4924/screenshot - {}
RESULT: {}
RESULT: {"script":"<script> [5351 bytes]","args":[{"element-6066-11e4-a52e-4f735466cecf":"f.73A3896108CAD0F2DAB8766297627504.d.9422FB5F0B73EF34ADDA493033B5C57F.e.8158","ELEMENT":"f.73A3896108CAD0F2DAB8766297627504.d.9422FB5F0B73EF34ADDA493033B5C57F.e.8158"}]}
COMMAND: POST /session/cd8dad5b6aa98ad5f0615c697c2d4924/element/f.73A3896108CAD0F2DAB8766297627504.d.9422FB5F0B73EF34ADDA493033B5C57F.e.8158/click - {}
COMMAND: GET /session/cd8dad5b6aa98ad5f0615c697c2d4924/screenshot - {}
RESULT: {}
RESULT: {}
COMMAND: GET /session/cd8dad5b6aa98ad5f0615c697c2d4924/screenshot - {}
COMMAND: POST /session/cd8dad5b6aa98ad5f0615c697c2d4924/element - {"using":"xpath","value":"//input[@id=\"application-managesites-display-component---NewSite--siteId-inner\"]"}
RESULT: {}
RESULT: {}
RESULT: {"using":"xpath","value":"//input[@id=\"application-managesites-display-component---NewSite--siteId-inner\"]"}
COMMAND: POST /session/cd8dad5b6aa98ad5f0615c697c2d4924/element - {"using":"xpath","value":"//input[@id=\"application-managesites-display-component---NewSite--siteId-inner\"]"}
RESULT: {"using":"xpath","value":"//input[@id=\"application-managesites-display-component---NewSite--siteId-inner\"]"}
COMMAND: POST /session/cd8dad5b6aa98ad5f0615c697c2d4924/execute/async - {"script":"<script> [1562 bytes]","args":[{"selector":{"id":"application-managesites-display-component---NewSite--addressDetailDetailsName1","interaction":{"idSuffix":"inner"}},"wdio_ui5_key":"applicationmanagesites-display-component---NewSite--addressDetailDetailsName1"}]}
RESULT: {"script":"<script> [1562 bytes]","args":[{"selector":{"id":"application-managesites-display-component---NewSite--addressDetailDetailsName1","interaction":{"idSuffix":"inner"}},"wdio_ui5_key":"applicationmanagesites-display-component---NewSite--addressDetailDetailsName1"}]}
RESULT: undefined
COMMAND: POST /session/cd8dad5b6aa98ad5f0615c697c2d4924/execute/async - {"script":"<script> [776 bytes]","args":[{"enterText":"Intercompany Site wdIO","selector":{"id":"application-managesites-display-component---NewSite--addressDetailDetailsName1","interaction":{"idSuffix":"inner"}},"clearTextFirst":true,"interactionType":"ENTER_TEXT"}]}
RESULT: {"script":"<script> [776 bytes]","args":[{"enterText":"Intercompany Site wdIO","selector":{"id":"application-managesites-display-component---NewSite--addressDetailDetailsName1","interaction":{"idSuffix":"inner"}},"clearTextFirst":true,"interactionType":"ENTER_TEXT"}]}
COMMAND: POST /session/cd8dad5b6aa98ad5f0615c697c2d4924/execute/async - {"script":"<script> [1562 bytes]","args":[{"selector":{"id":"application-managesites-display-component---NewSite--addressDetailDetailsLanguage-arrow"},"wdio_ui5_key":"applicationmanagesites-display-component---NewSite--addressDetailDetailsLanguage-arrow"}]}
RESULT: {"script":"<script> [1562 bytes]","args":[{"selector":{"id":"application-managesites-display-component---NewSite--addressDetailDetailsLanguage-arrow"},"wdio_ui5_key":"applicationmanagesites-display-component---NewSite--addressDetailDetailsLanguage-arrow"}]}
RESULT: undefined
COMMAND: POST /session/cd8dad5b6aa98ad5f0615c697c2d4924/element - {"using":"xpath","value":"//*[@id=\"application-managesites-display-component---NewSite--addressDetailDetailsLanguage-arrow\"]"}
RESULT: {"using":"xpath","value":"//*[@id=\"application-managesites-display-component---NewSite--addressDetailDetailsLanguage-arrow\"]"}
COMMAND: POST /session/cd8dad5b6aa98ad5f0615c697c2d4924/element/f.73A3896108CAD0F2DAB8766297627504.d.9422FB5F0B73EF34ADDA493033B5C57F.e.8783/click - {}
RESULT: {}
COMMAND: POST /session/cd8dad5b6aa98ad5f0615c697c2d4924/element - {"using":"xpath","value":"//span[contains(text(), \"English\")]"}
COMMAND: GET /session/cd8dad5b6aa98ad5f0615c697c2d4924/screenshot - {}
RESULT: {"using":"xpath","value":"//span[contains(text(), \"English\")]"}
COMMAND: POST /session/cd8dad5b6aa98ad5f0615c697c2d4924/element/f.73A3896108CAD0F2DAB8766297627504.d.9422FB5F0B73EF34ADDA493033B5C57F.e.8784/click - {}
RESULT: {}
RESULT: {}
COMMAND: POST /session/cd8dad5b6aa98ad5f0615c697c2d4924/execute/async - {"script":"<script> [1562 bytes]","args":[{"selector":{"id":"application-managesites-display-component---NewSite--addressDetailDetailsCity1","interaction":{"idSuffix":"inner"}},"wdio_ui5_key":"applicationmanagesites-display-component---NewSite--addressDetailDetailsCity1"}]}
COMMAND: GET /session/cd8dad5b6aa98ad5f0615c697c2d4924/screenshot - {}
RESULT: {"script":"<script> [1562 bytes]","args":[{"selector":{"id":"application-managesites-display-component---NewSite--addressDetailDetailsCity1","interaction":{"idSuffix":"inner"}},"wdio_ui5_key":"applicationmanagesites-display-component---NewSite--addressDetailDetailsCity1"}]}
RESULT: undefined
COMMAND: POST /session/cd8dad5b6aa98ad5f0615c697c2d4924/execute/async - {"script":"<script> [776 bytes]","args":[{"enterText":"Rosario","selector":{"id":"application-managesites-display-component---NewSite--addressDetailDetailsCity1","interaction":{"idSuffix":"inner"}},"clearTextFirst":true,"interactionType":"ENTER_TEXT"}]}
RESULT: {}
RESULT: {"script":"<script> [776 bytes]","args":[{"enterText":"Rosario","selector":{"id":"application-managesites-display-component---NewSite--addressDetailDetailsCity1","interaction":{"idSuffix":"inner"}},"clearTextFirst":true,"interactionType":"ENTER_TEXT"}]}
COMMAND: POST /session/cd8dad5b6aa98ad5f0615c697c2d4924/execute/async - {"script":"<script> [1562 bytes]","args":[{"selector":{"id":"application-managesites-display-component---NewSite--addressDetailDetailsCountry-arrow"},"wdio_ui5_key":"applicationmanagesites-display-component---NewSite--addressDetailDetailsCountry-arrow"}]}
RESULT: {"script":"<script> [1562 bytes]","args":[{"selector":{"id":"application-managesites-display-component---NewSite--addressDetailDetailsCountry-arrow"},"wdio_ui5_key":"applicationmanagesites-display-component---NewSite--addressDetailDetailsCountry-arrow"}]}
RESULT: undefined
COMMAND: POST /session/cd8dad5b6aa98ad5f0615c697c2d4924/element - {"using":"xpath","value":"//*[@id=\"application-managesites-display-component---NewSite--addressDetailDetailsCountry-arrow\"]"}
RESULT: {"using":"xpath","value":"//*[@id=\"application-managesites-display-component---NewSite--addressDetailDetailsCountry-arrow\"]"}
COMMAND: POST /session/cd8dad5b6aa98ad5f0615c697c2d4924/element/f.73A3896108CAD0F2DAB8766297627504.d.9422FB5F0B73EF34ADDA493033B5C57F.e.8786/click - {}
RESULT: {}
COMMAND: POST /session/cd8dad5b6aa98ad5f0615c697c2d4924/element - {"using":"xpath","value":"//span[contains(text(), \"Argentina\")]"}
COMMAND: GET /session/cd8dad5b6aa98ad5f0615c697c2d4924/screenshot - {}
RESULT: {"using":"xpath","value":"//span[contains(text(), \"Argentina\")]"}
COMMAND: POST /session/cd8dad5b6aa98ad5f0615c697c2d4924/element/f.73A3896108CAD0F2DAB8766297627504.d.9422FB5F0B73EF34ADDA493033B5C57F.e.8787/click - {}
RESULT: {}
RESULT: {}
COMMAND: GET /session/cd8dad5b6aa98ad5f0615c697c2d4924/screenshot - {}
RESULT: {}
COMMAND: POST /session/cd8dad5b6aa98ad5f0615c697c2d4924/execute/async - {"script":"<script> [1562 bytes]","args":[{"selector":{"id":"application-managesites-display-component---NewSite--addressEditDetailsCostObjectCstType-arrow"},"wdio_ui5_key":"applicationmanagesites-display-component---NewSite--addressEditDetailsCostObjectCstType-arrow"}]}
RESULT: {"script":"<script> [1562 bytes]","args":[{"selector":{"id":"application-managesites-display-component---NewSite--addressEditDetailsCostObjectCstType-arrow"},"wdio_ui5_key":"applicationmanagesites-display-component---NewSite--addressEditDetailsCostObjectCstType-arrow"}]}
RESULT: undefined
COMMAND: POST /session/cd8dad5b6aa98ad5f0615c697c2d4924/element - {"using":"xpath","value":"//*[@id=\"application-managesites-display-component---NewSite--addressEditDetailsCostObjectCstType-arrow\"]"}
RESULT: {"using":"xpath","value":"//*[@id=\"application-managesites-display-component---NewSite--addressEditDetailsCostObjectCstType-arrow\"]"}
COMMAND: POST /session/cd8dad5b6aa98ad5f0615c697c2d4924/element/f.73A3896108CAD0F2DAB8766297627504.d.9422FB5F0B73EF34ADDA493033B5C57F.e.8788/click - {}
RESULT: {}
COMMAND: POST /session/cd8dad5b6aa98ad5f0615c697c2d4924/element - {"using":"xpath","value":"//span[contains(text(), \"Cost Center\")]"}
COMMAND: GET /session/cd8dad5b6aa98ad5f0615c697c2d4924/screenshot - {}
RESULT: {"using":"xpath","value":"//span[contains(text(), \"Cost Center\")]"}
COMMAND: POST /session/cd8dad5b6aa98ad5f0615c697c2d4924/element/f.73A3896108CAD0F2DAB8766297627504.d.9422FB5F0B73EF34ADDA493033B5C57F.e.8789/click - {}
RESULT: {}
RESULT: {}
COMMAND: GET /session/cd8dad5b6aa98ad5f0615c697c2d4924/screenshot - {}
RESULT: {}
COMMAND: POST /session/cd8dad5b6aa98ad5f0615c697c2d4924/element - {"using":"xpath","value":"//span[@id=\"application-managesites-display-component---NewSite--addressNewCostObjectCstID-vhi\"]"}
RESULT: {"using":"xpath","value":"//span[@id=\"application-managesites-display-component---NewSite--addressNewCostObjectCstID-vhi\"]"}
COMMAND: POST /session/cd8dad5b6aa98ad5f0615c697c2d4924/execute/sync - {"script":"<script> [8489 bytes]","args":[{"element-6066-11e4-a52e-4f735466cecf":"f.73A3896108CAD0F2DAB8766297627504.d.9422FB5F0B73EF34ADDA493033B5C57F.e.8794","ELEMENT":"f.73A3896108CAD0F2DAB8766297627504.d.9422FB5F0B73EF34ADDA493033B5C57F.e.8794"}]}
RESULT: {"script":"<script> [8489 bytes]","args":[{"element-6066-11e4-a52e-4f735466cecf":"f.73A3896108CAD0F2DAB8766297627504.d.9422FB5F0B73EF34ADDA493033B5C57F.e.8794","ELEMENT":"f.73A3896108CAD0F2DAB8766297627504.d.9422FB5F0B73EF34ADDA493033B5C57F.e.8794"}]}
COMMAND: POST /session/cd8dad5b6aa98ad5f0615c697c2d4924/execute/async - {"script":"<script> [1562 bytes]","args":[{"selector":{"id":"application-managesites-display-component---NewSite--addressNewCostObjectCstID-vhi"},"wdio_ui5_key":"applicationmanagesites-display-component---NewSite--addressNewCostObjectCstID-vhi"}]}
COMMAND: GET /session/cd8dad5b6aa98ad5f0615c697c2d4924/screenshot - {}
RESULT: {"script":"<script> [1562 bytes]","args":[{"selector":{"id":"application-managesites-display-component---NewSite--addressNewCostObjectCstID-vhi"},"wdio_ui5_key":"applicationmanagesites-display-component---NewSite--addressNewCostObjectCstID-vhi"}]}
RESULT: undefined
COMMAND: POST /session/cd8dad5b6aa98ad5f0615c697c2d4924/element - {"using":"xpath","value":"//*[@id=\"application-managesites-display-component---NewSite--addressNewCostObjectCstID-vhi\"]"}
RESULT: {}
RESULT: {"using":"xpath","value":"//*[@id=\"application-managesites-display-component---NewSite--addressNewCostObjectCstID-vhi\"]"}
COMMAND: POST /session/cd8dad5b6aa98ad5f0615c697c2d4924/element/f.73A3896108CAD0F2DAB8766297627504.d.9422FB5F0B73EF34ADDA493033B5C57F.e.8794/click - {}
RESULT: {}
COMMAND: GET /session/cd8dad5b6aa98ad5f0615c697c2d4924/screenshot - {}
RESULT: {}
RESULT: undefined
COMMAND: POST /session/cd8dad5b6aa98ad5f0615c697c2d4924/execute/async - {"script":"<script> [776 bytes]","args":[{"enterText":"10001013","selector":{"controlType":"sap.m.SearchField","properties":{"placeholder":"Search"},"searchOpenDialogs":true,"interaction":{"idSuffix":"I"}},"clearTextFirst":true,"interactionType":"ENTER_TEXT"}]}
RESULT: {"script":"<script> [776 bytes]","args":[{"enterText":"10001013","selector":{"controlType":"sap.m.SearchField","properties":{"placeholder":"Search"},"searchOpenDialogs":true,"interaction":{"idSuffix":"I"}},"clearTextFirst":true,"interactionType":"ENTER_TEXT"}]}
COMMAND: POST /session/cd8dad5b6aa98ad5f0615c697c2d4924/actions - {"actions":[{"id":"action25","type":"key","parameters":{},"actions":[{"type":"keyDown","value":""},{"type":"pause","duration":10},{"type":"keyUp","value":""}]}]}
RESULT: {"actions":[{"id":"action25","type":"key","parameters":{},"actions":[{"type":"keyDown","value":""},{"type":"pause","duration":10},{"type":"keyUp","value":""}]}]}
COMMAND: GET /session/cd8dad5b6aa98ad5f0615c697c2d4924/screenshot - {}
RESULT: {}
COMMAND: POST /session/cd8dad5b6aa98ad5f0615c697c2d4924/element - {"using":"xpath","value":"//span[contains(text(), \"General Management\")]"}
RESULT: {"using":"xpath","value":"//span[contains(text(), \"General Management\")]"}
COMMAND: POST /session/cd8dad5b6aa98ad5f0615c697c2d4924/element/f.73A3896108CAD0F2DAB8766297627504.d.9422FB5F0B73EF34ADDA493033B5C57F.e.8833/click - {}
RESULT: {}
COMMAND: GET /session/cd8dad5b6aa98ad5f0615c697c2d4924/screenshot - {}
RESULT: {}
COMMAND: POST /session/cd8dad5b6aa98ad5f0615c697c2d4924/element - {"using":"xpath","value":"//bdi[contains(text(), \"OK\")]"}
RESULT: {"using":"xpath","value":"//bdi[contains(text(), \"OK\")]"}
COMMAND: POST /session/cd8dad5b6aa98ad5f0615c697c2d4924/element/f.73A3896108CAD0F2DAB8766297627504.d.9422FB5F0B73EF34ADDA493033B5C57F.e.8834/click - {}
RESULT: {}
COMMAND: GET /session/cd8dad5b6aa98ad5f0615c697c2d4924/screenshot - {}
RESULT: {}
COMMAND: POST /session/cd8dad5b6aa98ad5f0615c697c2d4924/element - {"using":"xpath","value":"//input[@id=\"application-managesites-display-component---NewSite--addressDetailDetailsCalendar-inner\"]"}
RESULT: {"using":"xpath","value":"//input[@id=\"application-managesites-display-component---NewSite--addressDetailDetailsCalendar-inner\"]"}
COMMAND: POST /session/cd8dad5b6aa98ad5f0615c697c2d4924/element/f.73A3896108CAD0F2DAB8766297627504.d.9422FB5F0B73EF34ADDA493033B5C57F.e.8587/clear - {}
RESULT: {}
COMMAND: POST /session/cd8dad5b6aa98ad5f0615c697c2d4924/element/f.73A3896108CAD0F2DAB8766297627504.d.9422FB5F0B73EF34ADDA493033B5C57F.e.8587/value - {"text":"Unit"}
COMMAND: GET /session/cd8dad5b6aa98ad5f0615c697c2d4924/screenshot - {}
RESULT: {"text":"Unit"}
COMMAND: GET /session/cd8dad5b6aa98ad5f0615c697c2d4924/screenshot - {}
RESULT: {}
RESULT: {}
COMMAND: POST /session/cd8dad5b6aa98ad5f0615c697c2d4924/actions - {"actions":[{"id":"action26","type":"key","parameters":{},"actions":[{"type":"keyDown","value":""},{"type":"pause","duration":10},{"type":"keyUp","value":""}]}]}
RESULT: {"actions":[{"id":"action26","type":"key","parameters":{},"actions":[{"type":"keyDown","value":""},{"type":"pause","duration":10},{"type":"keyUp","value":""}]}]}
COMMAND: POST /session/cd8dad5b6aa98ad5f0615c697c2d4924/element - {"using":"xpath","value":"//input[@id=\"application-managesites-display-component---NewSite--addressDetailDetailsYard-inner\"]"}
COMMAND: GET /session/cd8dad5b6aa98ad5f0615c697c2d4924/screenshot - {}
RESULT: {"using":"xpath","value":"//input[@id=\"application-managesites-display-component---NewSite--addressDetailDetailsYard-inner\"]"}
COMMAND: POST /session/cd8dad5b6aa98ad5f0615c697c2d4924/element/f.73A3896108CAD0F2DAB8766297627504.d.9422FB5F0B73EF34ADDA493033B5C57F.e.8588/clear - {}
RESULT: {}
RESULT: {}
COMMAND: POST /session/cd8dad5b6aa98ad5f0615c697c2d4924/element/f.73A3896108CAD0F2DAB8766297627504.d.9422FB5F0B73EF34ADDA493033B5C57F.e.8588/value - {"text":"641"}
COMMAND: GET /session/cd8dad5b6aa98ad5f0615c697c2d4924/screenshot - {}
RESULT: {"text":"641"}
COMMAND: GET /session/cd8dad5b6aa98ad5f0615c697c2d4924/screenshot - {}
RESULT: {}
RESULT: {}
COMMAND: POST /session/cd8dad5b6aa98ad5f0615c697c2d4924/element - {"using":"xpath","value":"//li[.//span[text()='641']]"}
RESULT: {"using":"xpath","value":"//li[.//span[text()='641']]"}
COMMAND: POST /session/cd8dad5b6aa98ad5f0615c697c2d4924/element/f.73A3896108CAD0F2DAB8766297627504.d.9422FB5F0B73EF34ADDA493033B5C57F.e.8842/click - {}
RESULT: {}
COMMAND: GET /session/cd8dad5b6aa98ad5f0615c697c2d4924/screenshot - {}
RESULT: {}
COMMAND: POST /session/cd8dad5b6aa98ad5f0615c697c2d4924/element - {"using":"xpath","value":"//input[@id=\"application-managesites-display-component---NewSite--addressDetailDetailsPartner-inner\"]"}
RESULT: {"using":"xpath","value":"//input[@id=\"application-managesites-display-component---NewSite--addressDetailDetailsPartner-inner\"]"}
COMMAND: POST /session/cd8dad5b6aa98ad5f0615c697c2d4924/element - {"using":"xpath","value":"//input[@id=\"application-managesites-display-component---NewSite--addressDetailDetailsPartner-inner\"]"}
RESULT: {"using":"xpath","value":"//input[@id=\"application-managesites-display-component---NewSite--addressDetailDetailsPartner-inner\"]"}
COMMAND: POST /session/cd8dad5b6aa98ad5f0615c697c2d4924/element - {"using":"xpath","value":"//button[@data-kt=\"saveButton\"]"}
RESULT: {"using":"xpath","value":"//button[@data-kt=\"saveButton\"]"}
COMMAND: POST /session/cd8dad5b6aa98ad5f0615c697c2d4924/element/f.73A3896108CAD0F2DAB8766297627504.d.9422FB5F0B73EF34ADDA493033B5C57F.e.8734/click - {}
RESULT: {}
COMMAND: GET /session/cd8dad5b6aa98ad5f0615c697c2d4924/screenshot - {}
RESULT: {}
COMMAND: POST /session/cd8dad5b6aa98ad5f0615c697c2d4924/element - {"using":"xpath","value":"//header[contains(@id, 'ObjectPageLayout-headerTitle')]/div[1]/div[2]/div[2]/span[1]"}
RESULT: {"using":"xpath","value":"//header[contains(@id, 'ObjectPageLayout-headerTitle')]/div[1]/div[2]/div[2]/span[1]"}
COMMAND: POST /session/cd8dad5b6aa98ad5f0615c697c2d4924/elements - {"using":"xpath","value":"//header[contains(@id, 'ObjectPageLayout-headerTitle')]/div[1]/div[2]/div[2]/span[1]"}
RESULT: {"using":"xpath","value":"//header[contains(@id, 'ObjectPageLayout-headerTitle')]/div[1]/div[2]/div[2]/span[1]"}
COMMAND: POST /session/cd8dad5b6aa98ad5f0615c697c2d4924/execute/sync - {"script":"<script> [56 bytes]","args":[{"element-6066-11e4-a52e-4f735466cecf":"f.73A3896108CAD0F2DAB8766297627504.d.9422FB5F0B73EF34ADDA493033B5C57F.e.9048","ELEMENT":"f.73A3896108CAD0F2DAB8766297627504.d.9422FB5F0B73EF34ADDA493033B5C57F.e.9048"}]}
RESULT: {"script":"<script> [56 bytes]","args":[{"element-6066-11e4-a52e-4f735466cecf":"f.73A3896108CAD0F2DAB8766297627504.d.9422FB5F0B73EF34ADDA493033B5C57F.e.9048","ELEMENT":"f.73A3896108CAD0F2DAB8766297627504.d.9422FB5F0B73EF34ADDA493033B5C57F.e.9048"}]}
COMMAND: POST /session/cd8dad5b6aa98ad5f0615c697c2d4924/element - {"using":"css selector","value":"#shell-header-logo"}
COMMAND: GET /session/cd8dad5b6aa98ad5f0615c697c2d4924/screenshot - {}
RESULT: {"using":"css selector","value":"#shell-header-logo"}
COMMAND: POST /session/cd8dad5b6aa98ad5f0615c697c2d4924/element/f.73A3896108CAD0F2DAB8766297627504.d.9422FB5F0B73EF34ADDA493033B5C57F.e.8115/click - {}
RESULT: {}
RESULT: {}
COMMAND: GET /session/cd8dad5b6aa98ad5f0615c697c2d4924/screenshot - {}
RESULT: {}
COMMAND: POST /session/cd8dad5b6aa98ad5f0615c697c2d4924/execute/sync - {"script":"<script> [299 bytes]","args":[["getModel","getResource"]]}
RESULT: {"script":"<script> [299 bytes]","args":[["getModel","getResource"]]}
]]></system-out>
    </testcase>
    <testcase classname="chrome.136_0_7103_93.windows.Create_master_data_for_mixed_billing_&amp;_do_billing_calculation_US151661" name="Should create a new equipment and add a counter to it" time="170.613">
      <system-out><![CDATA[
COMMAND: GET /session/cd8dad5b6aa98ad5f0615c697c2d4924/screenshot - {}
COMMAND: POST /session/cd8dad5b6aa98ad5f0615c697c2d4924/execute/async - {"script":"<script> [1562 bytes]","args":[{"selector":{"controlType":"sap.m.GenericTile","properties":{"header":"Manage Resources"}},"wdio_ui5_key":"sapm.GenericTile{\"header\":\"Manage Resources\"}"}]}
RESULT: {}
RESULT: {"script":"<script> [1562 bytes]","args":[{"selector":{"controlType":"sap.m.GenericTile","properties":{"header":"Manage Resources"}},"wdio_ui5_key":"sapm.GenericTile{\"header\":\"Manage Resources\"}"}]}
RESULT: undefined
COMMAND: POST /session/cd8dad5b6aa98ad5f0615c697c2d4924/element - {"using":"xpath","value":"//*[@id=\"__tile39\"]"}
RESULT: {"using":"xpath","value":"//*[@id=\"__tile39\"]"}
COMMAND: POST /session/cd8dad5b6aa98ad5f0615c697c2d4924/element/f.73A3896108CAD0F2DAB8766297627504.d.9422FB5F0B73EF34ADDA493033B5C57F.e.6499/click - {}
RESULT: {}
COMMAND: GET /session/cd8dad5b6aa98ad5f0615c697c2d4924/screenshot - {}
RESULT: {}
COMMAND: POST /session/cd8dad5b6aa98ad5f0615c697c2d4924/elements - {"using":"xpath","value":"//span[text()='Error']"}
RESULT: {"using":"xpath","value":"//span[text()='Error']"}
COMMAND: POST /session/cd8dad5b6aa98ad5f0615c697c2d4924/element - {"using":"xpath","value":"//button[@data-kt=\"addNewRUOverflowToolbarButton\"]"}
RESULT: {"using":"xpath","value":"//button[@data-kt=\"addNewRUOverflowToolbarButton\"]"}
COMMAND: POST /session/cd8dad5b6aa98ad5f0615c697c2d4924/elements - {"using":"xpath","value":"//button[@data-kt=\"addNewRUOverflowToolbarButton\"]"}
RESULT: {"using":"xpath","value":"//button[@data-kt=\"addNewRUOverflowToolbarButton\"]"}
COMMAND: POST /session/cd8dad5b6aa98ad5f0615c697c2d4924/elements - {"using":"xpath","value":"//button[@data-kt=\"addNewRUOverflowToolbarButton\"]"}
RESULT: {"using":"xpath","value":"//button[@data-kt=\"addNewRUOverflowToolbarButton\"]"}
COMMAND: POST /session/cd8dad5b6aa98ad5f0615c697c2d4924/element - {"using":"xpath","value":"//button[@data-kt=\"addNewRUOverflowToolbarButton\"]"}
RESULT: {"using":"xpath","value":"//button[@data-kt=\"addNewRUOverflowToolbarButton\"]"}
COMMAND: POST /session/cd8dad5b6aa98ad5f0615c697c2d4924/execute/sync - {"script":"<script> [8489 bytes]","args":[{"element-6066-11e4-a52e-4f735466cecf":"f.73A3896108CAD0F2DAB8766297627504.d.9422FB5F0B73EF34ADDA493033B5C57F.e.9091","ELEMENT":"f.73A3896108CAD0F2DAB8766297627504.d.9422FB5F0B73EF34ADDA493033B5C57F.e.9091"}]}
RESULT: {"script":"<script> [8489 bytes]","args":[{"element-6066-11e4-a52e-4f735466cecf":"f.73A3896108CAD0F2DAB8766297627504.d.9422FB5F0B73EF34ADDA493033B5C57F.e.9091","ELEMENT":"f.73A3896108CAD0F2DAB8766297627504.d.9422FB5F0B73EF34ADDA493033B5C57F.e.9091"}]}
COMMAND: GET /session/cd8dad5b6aa98ad5f0615c697c2d4924/element/f.73A3896108CAD0F2DAB8766297627504.d.9422FB5F0B73EF34ADDA493033B5C57F.e.9091/enabled - {}
COMMAND: GET /session/cd8dad5b6aa98ad5f0615c697c2d4924/screenshot - {}
RESULT: {}
COMMAND: POST /session/cd8dad5b6aa98ad5f0615c697c2d4924/execute/sync - {"script":"<script> [8489 bytes]","args":[{"element-6066-11e4-a52e-4f735466cecf":"f.73A3896108CAD0F2DAB8766297627504.d.9422FB5F0B73EF34ADDA493033B5C57F.e.9091","ELEMENT":"f.73A3896108CAD0F2DAB8766297627504.d.9422FB5F0B73EF34ADDA493033B5C57F.e.9091"}]}
COMMAND: GET /session/cd8dad5b6aa98ad5f0615c697c2d4924/screenshot - {}
RESULT: {}
RESULT: {"script":"<script> [8489 bytes]","args":[{"element-6066-11e4-a52e-4f735466cecf":"f.73A3896108CAD0F2DAB8766297627504.d.9422FB5F0B73EF34ADDA493033B5C57F.e.9091","ELEMENT":"f.73A3896108CAD0F2DAB8766297627504.d.9422FB5F0B73EF34ADDA493033B5C57F.e.9091"}]}
COMMAND: POST /session/cd8dad5b6aa98ad5f0615c697c2d4924/execute/sync - {"script":"<script> [5351 bytes]","args":[{"element-6066-11e4-a52e-4f735466cecf":"f.73A3896108CAD0F2DAB8766297627504.d.9422FB5F0B73EF34ADDA493033B5C57F.e.9091","ELEMENT":"f.73A3896108CAD0F2DAB8766297627504.d.9422FB5F0B73EF34ADDA493033B5C57F.e.9091"}]}
COMMAND: GET /session/cd8dad5b6aa98ad5f0615c697c2d4924/screenshot - {}
RESULT: {}
RESULT: {"script":"<script> [5351 bytes]","args":[{"element-6066-11e4-a52e-4f735466cecf":"f.73A3896108CAD0F2DAB8766297627504.d.9422FB5F0B73EF34ADDA493033B5C57F.e.9091","ELEMENT":"f.73A3896108CAD0F2DAB8766297627504.d.9422FB5F0B73EF34ADDA493033B5C57F.e.9091"}]}
COMMAND: POST /session/cd8dad5b6aa98ad5f0615c697c2d4924/element/f.73A3896108CAD0F2DAB8766297627504.d.9422FB5F0B73EF34ADDA493033B5C57F.e.9091/click - {}
COMMAND: GET /session/cd8dad5b6aa98ad5f0615c697c2d4924/screenshot - {}
RESULT: {}
RESULT: {}
COMMAND: GET /session/cd8dad5b6aa98ad5f0615c697c2d4924/screenshot - {}
RESULT: {}
RESULT: {}
COMMAND: POST /session/cd8dad5b6aa98ad5f0615c697c2d4924/execute/async - {"script":"<script> [1562 bytes]","args":[{"selector":{"id":"application-manageresources-display-component---newResourceUnit--TYPE-arrow"},"wdio_ui5_key":"applicationmanageresources-display-component---newResourceUnit--TYPE-arrow"}]}
RESULT: {"script":"<script> [1562 bytes]","args":[{"selector":{"id":"application-manageresources-display-component---newResourceUnit--TYPE-arrow"},"wdio_ui5_key":"applicationmanageresources-display-component---newResourceUnit--TYPE-arrow"}]}
RESULT: undefined
COMMAND: POST /session/cd8dad5b6aa98ad5f0615c697c2d4924/element - {"using":"xpath","value":"//*[@id=\"application-manageresources-display-component---newResourceUnit--TYPE-arrow\"]"}
RESULT: {"using":"xpath","value":"//*[@id=\"application-manageresources-display-component---newResourceUnit--TYPE-arrow\"]"}
COMMAND: POST /session/cd8dad5b6aa98ad5f0615c697c2d4924/element/f.73A3896108CAD0F2DAB8766297627504.d.9422FB5F0B73EF34ADDA493033B5C57F.e.9437/click - {}
RESULT: {}
COMMAND: POST /session/cd8dad5b6aa98ad5f0615c697c2d4924/element - {"using":"xpath","value":"//input[@id=\"application-manageresources-display-component---newResourceUnit--TYPE-inner\"]"}
COMMAND: GET /session/cd8dad5b6aa98ad5f0615c697c2d4924/screenshot - {}
RESULT: {"using":"xpath","value":"//input[@id=\"application-manageresources-display-component---newResourceUnit--TYPE-inner\"]"}
COMMAND: POST /session/cd8dad5b6aa98ad5f0615c697c2d4924/element/f.73A3896108CAD0F2DAB8766297627504.d.9422FB5F0B73EF34ADDA493033B5C57F.e.9432/clear - {}
RESULT: {}
RESULT: {}
COMMAND: POST /session/cd8dad5b6aa98ad5f0615c697c2d4924/element/f.73A3896108CAD0F2DAB8766297627504.d.9422FB5F0B73EF34ADDA493033B5C57F.e.9432/value - {"text":"Equipment"}
COMMAND: GET /session/cd8dad5b6aa98ad5f0615c697c2d4924/screenshot - {}
RESULT: {"text":"Equipment"}
COMMAND: GET /session/cd8dad5b6aa98ad5f0615c697c2d4924/screenshot - {}
RESULT: {}
RESULT: {}
COMMAND: POST /session/cd8dad5b6aa98ad5f0615c697c2d4924/actions - {"actions":[{"id":"action27","type":"key","parameters":{},"actions":[{"type":"keyDown","value":""},{"type":"pause","duration":10},{"type":"keyUp","value":""}]}]}
RESULT: {"actions":[{"id":"action27","type":"key","parameters":{},"actions":[{"type":"keyDown","value":""},{"type":"pause","duration":10},{"type":"keyUp","value":""}]}]}
COMMAND: POST /session/cd8dad5b6aa98ad5f0615c697c2d4924/execute/async - {"script":"<script> [1562 bytes]","args":[{"selector":{"id":"application-manageresources-display-component---newResourceUnit--resourceId","interaction":{"idSuffix":"inner"}},"wdio_ui5_key":"applicationmanageresources-display-component---newResourceUnit--resourceId"}]}
COMMAND: GET /session/cd8dad5b6aa98ad5f0615c697c2d4924/screenshot - {}
RESULT: {"script":"<script> [1562 bytes]","args":[{"selector":{"id":"application-manageresources-display-component---newResourceUnit--resourceId","interaction":{"idSuffix":"inner"}},"wdio_ui5_key":"applicationmanageresources-display-component---newResourceUnit--resourceId"}]}
RESULT: undefined
COMMAND: POST /session/cd8dad5b6aa98ad5f0615c697c2d4924/execute/async - {"script":"<script> [776 bytes]","args":[{"enterText":"ta7PKM26Au","selector":{"id":"application-manageresources-display-component---newResourceUnit--resourceId","interaction":{"idSuffix":"inner"}},"clearTextFirst":true,"interactionType":"ENTER_TEXT"}]}
RESULT: {}
RESULT: {"script":"<script> [776 bytes]","args":[{"enterText":"ta7PKM26Au","selector":{"id":"application-manageresources-display-component---newResourceUnit--resourceId","interaction":{"idSuffix":"inner"}},"clearTextFirst":true,"interactionType":"ENTER_TEXT"}]}
COMMAND: POST /session/cd8dad5b6aa98ad5f0615c697c2d4924/execute/async - {"script":"<script> [1562 bytes]","args":[{"selector":{"id":"application-manageresources-display-component---newResourceUnit--SHORT_TEXT","interaction":{"idSuffix":"inner"}},"wdio_ui5_key":"applicationmanageresources-display-component---newResourceUnit--SHORT_TEXT"}]}
RESULT: {"script":"<script> [1562 bytes]","args":[{"selector":{"id":"application-manageresources-display-component---newResourceUnit--SHORT_TEXT","interaction":{"idSuffix":"inner"}},"wdio_ui5_key":"applicationmanageresources-display-component---newResourceUnit--SHORT_TEXT"}]}
RESULT: undefined
COMMAND: POST /session/cd8dad5b6aa98ad5f0615c697c2d4924/execute/async - {"script":"<script> [776 bytes]","args":[{"enterText":"Intercompany Equipment WDIO","selector":{"id":"application-manageresources-display-component---newResourceUnit--SHORT_TEXT","interaction":{"idSuffix":"inner"}},"clearTextFirst":true,"interactionType":"ENTER_TEXT"}]}
RESULT: {"script":"<script> [776 bytes]","args":[{"enterText":"Intercompany Equipment WDIO","selector":{"id":"application-manageresources-display-component---newResourceUnit--SHORT_TEXT","interaction":{"idSuffix":"inner"}},"clearTextFirst":true,"interactionType":"ENTER_TEXT"}]}
COMMAND: POST /session/cd8dad5b6aa98ad5f0615c697c2d4924/execute/async - {"script":"<script> [1562 bytes]","args":[{"selector":{"id":"application-manageresources-display-component---newResourceUnit--BASE_UNIT_OF_MEASURE","interaction":{"idSuffix":"inner"}},"wdio_ui5_key":"applicationmanageresources-display-component---newResourceUnit--BASE_UNIT_OF_MEASURE"}]}
RESULT: {"script":"<script> [1562 bytes]","args":[{"selector":{"id":"application-manageresources-display-component---newResourceUnit--BASE_UNIT_OF_MEASURE","interaction":{"idSuffix":"inner"}},"wdio_ui5_key":"applicationmanageresources-display-component---newResourceUnit--BASE_UNIT_OF_MEASURE"}]}
RESULT: undefined
COMMAND: POST /session/cd8dad5b6aa98ad5f0615c697c2d4924/execute/async - {"script":"<script> [776 bytes]","args":[{"enterText":"Piece","selector":{"id":"application-manageresources-display-component---newResourceUnit--BASE_UNIT_OF_MEASURE","interaction":{"idSuffix":"inner"}},"clearTextFirst":true,"interactionType":"ENTER_TEXT"}]}
RESULT: {"script":"<script> [776 bytes]","args":[{"enterText":"Piece","selector":{"id":"application-manageresources-display-component---newResourceUnit--BASE_UNIT_OF_MEASURE","interaction":{"idSuffix":"inner"}},"clearTextFirst":true,"interactionType":"ENTER_TEXT"}]}
COMMAND: POST /session/cd8dad5b6aa98ad5f0615c697c2d4924/execute/async - {"script":"<script> [1562 bytes]","args":[{"selector":{"id":"application-manageresources-display-component---newResourceUnit--WEIGHT_UNIT","interaction":{"idSuffix":"inner"}},"wdio_ui5_key":"applicationmanageresources-display-component---newResourceUnit--WEIGHT_UNIT"}]}
RESULT: {"script":"<script> [1562 bytes]","args":[{"selector":{"id":"application-manageresources-display-component---newResourceUnit--WEIGHT_UNIT","interaction":{"idSuffix":"inner"}},"wdio_ui5_key":"applicationmanageresources-display-component---newResourceUnit--WEIGHT_UNIT"}]}
RESULT: undefined
COMMAND: POST /session/cd8dad5b6aa98ad5f0615c697c2d4924/execute/async - {"script":"<script> [776 bytes]","args":[{"enterText":"Gram","selector":{"id":"application-manageresources-display-component---newResourceUnit--WEIGHT_UNIT","interaction":{"idSuffix":"inner"}},"clearTextFirst":true,"interactionType":"ENTER_TEXT"}]}
RESULT: {"script":"<script> [776 bytes]","args":[{"enterText":"Gram","selector":{"id":"application-manageresources-display-component---newResourceUnit--WEIGHT_UNIT","interaction":{"idSuffix":"inner"}},"clearTextFirst":true,"interactionType":"ENTER_TEXT"}]}
COMMAND: POST /session/cd8dad5b6aa98ad5f0615c697c2d4924/execute/async - {"script":"<script> [1562 bytes]","args":[{"selector":{"id":"application-manageresources-display-component---newResourceUnit--DIMENSION_UNIT","interaction":{"idSuffix":"inner"}},"wdio_ui5_key":"applicationmanageresources-display-component---newResourceUnit--DIMENSION_UNIT"}]}
RESULT: {"script":"<script> [1562 bytes]","args":[{"selector":{"id":"application-manageresources-display-component---newResourceUnit--DIMENSION_UNIT","interaction":{"idSuffix":"inner"}},"wdio_ui5_key":"applicationmanageresources-display-component---newResourceUnit--DIMENSION_UNIT"}]}
RESULT: undefined
COMMAND: POST /session/cd8dad5b6aa98ad5f0615c697c2d4924/execute/async - {"script":"<script> [776 bytes]","args":[{"enterText":"Meter","selector":{"id":"application-manageresources-display-component---newResourceUnit--DIMENSION_UNIT","interaction":{"idSuffix":"inner"}},"clearTextFirst":true,"interactionType":"ENTER_TEXT"}]}
RESULT: {"script":"<script> [776 bytes]","args":[{"enterText":"Meter","selector":{"id":"application-manageresources-display-component---newResourceUnit--DIMENSION_UNIT","interaction":{"idSuffix":"inner"}},"clearTextFirst":true,"interactionType":"ENTER_TEXT"}]}
COMMAND: POST /session/cd8dad5b6aa98ad5f0615c697c2d4924/execute/async - {"script":"<script> [1562 bytes]","args":[{"selector":{"id":"application-manageresources-display-component---newResourceUnit--newRRUPage-anchBar-application-manageresources-display-component---newResourceUnit--control-anchor","interaction":{"idSuffix":"BDI-content"}},"wdio_ui5_key":"applicationmanageresources-display-component---newResourceUnit--newRRUPage-anchBar-application-manageresources-display-component---newResourceUnit--control-anchor"}]}
RESULT: {"script":"<script> [1562 bytes]","args":[{"selector":{"id":"application-manageresources-display-component---newResourceUnit--newRRUPage-anchBar-application-manageresources-display-component---newResourceUnit--control-anchor","interaction":{"idSuffix":"BDI-content"}},"wdio_ui5_key":"applicationmanageresources-display-component---newResourceUnit--newRRUPage-anchBar-application-manageresources-display-component---newResourceUnit--control-anchor"}]}
RESULT: undefined
COMMAND: POST /session/cd8dad5b6aa98ad5f0615c697c2d4924/element - {"using":"xpath","value":"//*[@id=\"application-manageresources-display-component---newResourceUnit--newRRUPage-anchBar-application-manageresources-display-component---newResourceUnit--control-anchor\"]"}
RESULT: {"using":"xpath","value":"//*[@id=\"application-manageresources-display-component---newResourceUnit--newRRUPage-anchBar-application-manageresources-display-component---newResourceUnit--control-anchor\"]"}
COMMAND: POST /session/cd8dad5b6aa98ad5f0615c697c2d4924/element/f.73A3896108CAD0F2DAB8766297627504.d.9422FB5F0B73EF34ADDA493033B5C57F.e.9568/click - {}
RESULT: {}
COMMAND: POST /session/cd8dad5b6aa98ad5f0615c697c2d4924/execute/async - {"script":"<script> [1562 bytes]","args":[{"selector":{"id":"application-manageresources-display-component---newResourceUnit--PLANNING_GROUP","interaction":{"idSuffix":"inner"}},"wdio_ui5_key":"applicationmanageresources-display-component---newResourceUnit--PLANNING_GROUP"}]}
COMMAND: GET /session/cd8dad5b6aa98ad5f0615c697c2d4924/screenshot - {}
RESULT: {"script":"<script> [1562 bytes]","args":[{"selector":{"id":"application-manageresources-display-component---newResourceUnit--PLANNING_GROUP","interaction":{"idSuffix":"inner"}},"wdio_ui5_key":"applicationmanageresources-display-component---newResourceUnit--PLANNING_GROUP"}]}
RESULT: undefined
COMMAND: POST /session/cd8dad5b6aa98ad5f0615c697c2d4924/execute/async - {"script":"<script> [776 bytes]","args":[{"enterText":"Heavy Equi","selector":{"id":"application-manageresources-display-component---newResourceUnit--PLANNING_GROUP","interaction":{"idSuffix":"inner"}},"clearTextFirst":true,"interactionType":"ENTER_TEXT"}]}
RESULT: {}
RESULT: {"script":"<script> [776 bytes]","args":[{"enterText":"Heavy Equi","selector":{"id":"application-manageresources-display-component---newResourceUnit--PLANNING_GROUP","interaction":{"idSuffix":"inner"}},"clearTextFirst":true,"interactionType":"ENTER_TEXT"}]}
COMMAND: POST /session/cd8dad5b6aa98ad5f0615c697c2d4924/execute/async - {"script":"<script> [1562 bytes]","args":[{"selector":{"id":"application-manageresources-display-component---newResourceUnit--ITEM_TYPE-arrow"},"wdio_ui5_key":"applicationmanageresources-display-component---newResourceUnit--ITEM_TYPE-arrow"}]}
RESULT: {"script":"<script> [1562 bytes]","args":[{"selector":{"id":"application-manageresources-display-component---newResourceUnit--ITEM_TYPE-arrow"},"wdio_ui5_key":"applicationmanageresources-display-component---newResourceUnit--ITEM_TYPE-arrow"}]}
RESULT: undefined
COMMAND: POST /session/cd8dad5b6aa98ad5f0615c697c2d4924/element - {"using":"xpath","value":"//*[@id=\"application-manageresources-display-component---newResourceUnit--ITEM_TYPE-arrow\"]"}
RESULT: {"using":"xpath","value":"//*[@id=\"application-manageresources-display-component---newResourceUnit--ITEM_TYPE-arrow\"]"}
COMMAND: POST /session/cd8dad5b6aa98ad5f0615c697c2d4924/element/f.73A3896108CAD0F2DAB8766297627504.d.9422FB5F0B73EF34ADDA493033B5C57F.e.9577/click - {}
RESULT: {}
COMMAND: POST /session/cd8dad5b6aa98ad5f0615c697c2d4924/element - {"using":"xpath","value":"(//span[contains(text(), \"Resource Unit\")])[2]"}
COMMAND: GET /session/cd8dad5b6aa98ad5f0615c697c2d4924/screenshot - {}
RESULT: {"using":"xpath","value":"(//span[contains(text(), \"Resource Unit\")])[2]"}
COMMAND: POST /session/cd8dad5b6aa98ad5f0615c697c2d4924/element/f.73A3896108CAD0F2DAB8766297627504.d.9422FB5F0B73EF34ADDA493033B5C57F.e.9578/click - {}
RESULT: {}
RESULT: {}
COMMAND: GET /session/cd8dad5b6aa98ad5f0615c697c2d4924/screenshot - {}
RESULT: {}
COMMAND: POST /session/cd8dad5b6aa98ad5f0615c697c2d4924/element - {"using":"css selector","value":"#application-manageresources-display-component---newResourceUnit--btnAddTimeSegment"}
RESULT: {"using":"css selector","value":"#application-manageresources-display-component---newResourceUnit--btnAddTimeSegment"}
COMMAND: GET /session/cd8dad5b6aa98ad5f0615c697c2d4924/element/f.73A3896108CAD0F2DAB8766297627504.d.9422FB5F0B73EF34ADDA493033B5C57F.e.9579/rect - {}
RESULT: {}
COMMAND: GET /session/cd8dad5b6aa98ad5f0615c697c2d4924/window/rect - {}
RESULT: {}
COMMAND: POST /session/cd8dad5b6aa98ad5f0615c697c2d4924/execute/sync - {"script":"<script> [92 bytes]","args":[]}
RESULT: {"script":"<script> [92 bytes]","args":[]}
COMMAND: POST /session/cd8dad5b6aa98ad5f0615c697c2d4924/actions - {"actions":[{"id":"action28","type":"wheel","parameters":{},"actions":[{"type":"scroll","x":-1888,"y":-32,"deltaX":0,"deltaY":0,"duration":0,"origin":{"element-6066-11e4-a52e-4f735466cecf":"f.73A3896108CAD0F2DAB8766297627504.d.9422FB5F0B73EF34ADDA493033B5C57F.e.9579"}}]}]}
COMMAND: GET /session/cd8dad5b6aa98ad5f0615c697c2d4924/screenshot - {}
RESULT: {}
COMMAND: POST /session/cd8dad5b6aa98ad5f0615c697c2d4924/execute/sync - {"script":"<script> [79 bytes]","args":[{"element-6066-11e4-a52e-4f735466cecf":"f.73A3896108CAD0F2DAB8766297627504.d.9422FB5F0B73EF34ADDA493033B5C57F.e.9579","ELEMENT":"f.73A3896108CAD0F2DAB8766297627504.d.9422FB5F0B73EF34ADDA493033B5C57F.e.9579"},{"block":"start","inline":"nearest"}]}
RESULT: {"script":"<script> [79 bytes]","args":[{"element-6066-11e4-a52e-4f735466cecf":"f.73A3896108CAD0F2DAB8766297627504.d.9422FB5F0B73EF34ADDA493033B5C57F.e.9579","ELEMENT":"f.73A3896108CAD0F2DAB8766297627504.d.9422FB5F0B73EF34ADDA493033B5C57F.e.9579"},{"block":"start","inline":"nearest"}]}
COMMAND: POST /session/cd8dad5b6aa98ad5f0615c697c2d4924/execute/async - {"script":"<script> [1562 bytes]","args":[{"selector":{"id":"application-manageresources-display-component---newResourceUnit--btnAddTimeSegment","interaction":{"idSuffix":"inner"}},"wdio_ui5_key":"applicationmanageresources-display-component---newResourceUnit--btnAddTimeSegment"}]}
COMMAND: GET /session/cd8dad5b6aa98ad5f0615c697c2d4924/screenshot - {}
RESULT: {"script":"<script> [1562 bytes]","args":[{"selector":{"id":"application-manageresources-display-component---newResourceUnit--btnAddTimeSegment","interaction":{"idSuffix":"inner"}},"wdio_ui5_key":"applicationmanageresources-display-component---newResourceUnit--btnAddTimeSegment"}]}
RESULT: undefined
COMMAND: POST /session/cd8dad5b6aa98ad5f0615c697c2d4924/element - {"using":"xpath","value":"//*[@id=\"application-manageresources-display-component---newResourceUnit--btnAddTimeSegment\"]"}
RESULT: {}
RESULT: {"using":"xpath","value":"//*[@id=\"application-manageresources-display-component---newResourceUnit--btnAddTimeSegment\"]"}
COMMAND: POST /session/cd8dad5b6aa98ad5f0615c697c2d4924/element/f.73A3896108CAD0F2DAB8766297627504.d.9422FB5F0B73EF34ADDA493033B5C57F.e.9579/click - {}
RESULT: {}
COMMAND: GET /session/cd8dad5b6aa98ad5f0615c697c2d4924/screenshot - {}
RESULT: {}
COMMAND: POST /session/cd8dad5b6aa98ad5f0615c697c2d4924/element - {"using":"xpath","value":"//input[@id=\"application-manageresources-display-component---newResourceUnit--idRuTSAdmin-application-manageresources-display-component---newResourceUnit--RUTimeSegment-0-inner\"]"}
RESULT: {"using":"xpath","value":"//input[@id=\"application-manageresources-display-component---newResourceUnit--idRuTSAdmin-application-manageresources-display-component---newResourceUnit--RUTimeSegment-0-inner\"]"}
COMMAND: POST /session/cd8dad5b6aa98ad5f0615c697c2d4924/element/f.73A3896108CAD0F2DAB8766297627504.d.9422FB5F0B73EF34ADDA493033B5C57F.e.9585/clear - {}
RESULT: {}
COMMAND: POST /session/cd8dad5b6aa98ad5f0615c697c2d4924/element/f.73A3896108CAD0F2DAB8766297627504.d.9422FB5F0B73EF34ADDA493033B5C57F.e.9585/value - {"text":"641"}
COMMAND: GET /session/cd8dad5b6aa98ad5f0615c697c2d4924/screenshot - {}
RESULT: {"text":"641"}
COMMAND: GET /session/cd8dad5b6aa98ad5f0615c697c2d4924/screenshot - {}
RESULT: {}
RESULT: {}
COMMAND: POST /session/cd8dad5b6aa98ad5f0615c697c2d4924/element - {"using":"xpath","value":"//li[.//span[text()='641']]"}
RESULT: {"using":"xpath","value":"//li[.//span[text()='641']]"}
COMMAND: POST /session/cd8dad5b6aa98ad5f0615c697c2d4924/element/f.73A3896108CAD0F2DAB8766297627504.d.9422FB5F0B73EF34ADDA493033B5C57F.e.9597/click - {}
RESULT: {}
COMMAND: GET /session/cd8dad5b6aa98ad5f0615c697c2d4924/screenshot - {}
RESULT: {}
COMMAND: POST /session/cd8dad5b6aa98ad5f0615c697c2d4924/element - {"using":"xpath","value":"(//span[contains(@id, \"-application-manageresources-display-component---newResourceUnit--RUTimeSegment-0-arrow\")])[6]"}
RESULT: {"using":"xpath","value":"(//span[contains(@id, \"-application-manageresources-display-component---newResourceUnit--RUTimeSegment-0-arrow\")])[6]"}
COMMAND: POST /session/cd8dad5b6aa98ad5f0615c697c2d4924/element/f.73A3896108CAD0F2DAB8766297627504.d.9422FB5F0B73EF34ADDA493033B5C57F.e.9598/click - {}
RESULT: {}
COMMAND: GET /session/cd8dad5b6aa98ad5f0615c697c2d4924/screenshot - {}
RESULT: {}
COMMAND: POST /session/cd8dad5b6aa98ad5f0615c697c2d4924/element - {"using":"xpath","value":"//span[contains(text(), \"PM Order\")]"}
RESULT: {"using":"xpath","value":"//span[contains(text(), \"PM Order\")]"}
COMMAND: POST /session/cd8dad5b6aa98ad5f0615c697c2d4924/element/f.73A3896108CAD0F2DAB8766297627504.d.9422FB5F0B73EF34ADDA493033B5C57F.e.9601/click - {}
RESULT: {}
COMMAND: GET /session/cd8dad5b6aa98ad5f0615c697c2d4924/screenshot - {}
RESULT: {}
COMMAND: POST /session/cd8dad5b6aa98ad5f0615c697c2d4924/element - {"using":"xpath","value":"(//span[contains(@id ,\"manageresources-display-component---newResourceUnit--RUTimeSegment-0-vhi\")])[1]"}
RESULT: {"using":"xpath","value":"(//span[contains(@id ,\"manageresources-display-component---newResourceUnit--RUTimeSegment-0-vhi\")])[1]"}
COMMAND: GET /session/cd8dad5b6aa98ad5f0615c697c2d4924/element/f.73A3896108CAD0F2DAB8766297627504.d.9422FB5F0B73EF34ADDA493033B5C57F.e.9605/rect - {}
RESULT: {}
COMMAND: GET /session/cd8dad5b6aa98ad5f0615c697c2d4924/window/rect - {}
RESULT: {}
COMMAND: POST /session/cd8dad5b6aa98ad5f0615c697c2d4924/execute/sync - {"script":"<script> [92 bytes]","args":[]}
RESULT: {"script":"<script> [92 bytes]","args":[]}
COMMAND: POST /session/cd8dad5b6aa98ad5f0615c697c2d4924/actions - {"actions":[{"id":"action29","type":"wheel","parameters":{},"actions":[{"type":"scroll","x":-869,"y":-24,"deltaX":0,"deltaY":0,"duration":0,"origin":{"element-6066-11e4-a52e-4f735466cecf":"f.73A3896108CAD0F2DAB8766297627504.d.9422FB5F0B73EF34ADDA493033B5C57F.e.9605"}}]}]}
COMMAND: GET /session/cd8dad5b6aa98ad5f0615c697c2d4924/screenshot - {}
RESULT: {"actions":[{"id":"action29","type":"wheel","parameters":{},"actions":[{"type":"scroll","x":-869,"y":-24,"deltaX":0,"deltaY":0,"duration":0,"origin":{"element-6066-11e4-a52e-4f735466cecf":"f.73A3896108CAD0F2DAB8766297627504.d.9422FB5F0B73EF34ADDA493033B5C57F.e.9605"}}]}]}
COMMAND: DELETE /session/cd8dad5b6aa98ad5f0615c697c2d4924/actions - {}
COMMAND: GET /session/cd8dad5b6aa98ad5f0615c697c2d4924/screenshot - {}
RESULT: {}
RESULT: {}
COMMAND: GET /session/cd8dad5b6aa98ad5f0615c697c2d4924/screenshot - {}
RESULT: {}
RESULT: {}
COMMAND: POST /session/cd8dad5b6aa98ad5f0615c697c2d4924/element/f.73A3896108CAD0F2DAB8766297627504.d.9422FB5F0B73EF34ADDA493033B5C57F.e.9605/click - {}
RESULT: {}
COMMAND: GET /session/cd8dad5b6aa98ad5f0615c697c2d4924/screenshot - {}
RESULT: {}
RESULT: undefined
COMMAND: POST /session/cd8dad5b6aa98ad5f0615c697c2d4924/execute/async - {"script":"<script> [776 bytes]","args":[{"enterText":"4000360","selector":{"controlType":"sap.m.SearchField","properties":{"placeholder":"Search"},"searchOpenDialogs":true,"interaction":{"idSuffix":"I"}},"clearTextFirst":true,"interactionType":"ENTER_TEXT"}]}
RESULT: {"script":"<script> [776 bytes]","args":[{"enterText":"4000360","selector":{"controlType":"sap.m.SearchField","properties":{"placeholder":"Search"},"searchOpenDialogs":true,"interaction":{"idSuffix":"I"}},"clearTextFirst":true,"interactionType":"ENTER_TEXT"}]}
COMMAND: POST /session/cd8dad5b6aa98ad5f0615c697c2d4924/actions - {"actions":[{"id":"action30","type":"key","parameters":{},"actions":[{"type":"keyDown","value":""},{"type":"pause","duration":10},{"type":"keyUp","value":""}]}]}
RESULT: {"actions":[{"id":"action30","type":"key","parameters":{},"actions":[{"type":"keyDown","value":""},{"type":"pause","duration":10},{"type":"keyUp","value":""}]}]}
COMMAND: GET /session/cd8dad5b6aa98ad5f0615c697c2d4924/screenshot - {}
RESULT: {}
COMMAND: POST /session/cd8dad5b6aa98ad5f0615c697c2d4924/element - {"using":"xpath","value":"//td/div/span[contains(text(), \"BGL Vehicles\")]"}
RESULT: {"using":"xpath","value":"//td/div/span[contains(text(), \"BGL Vehicles\")]"}
COMMAND: POST /session/cd8dad5b6aa98ad5f0615c697c2d4924/element/f.73A3896108CAD0F2DAB8766297627504.d.9422FB5F0B73EF34ADDA493033B5C57F.e.9624/click - {}
RESULT: {}
COMMAND: GET /session/cd8dad5b6aa98ad5f0615c697c2d4924/screenshot - {}
RESULT: {}
COMMAND: POST /session/cd8dad5b6aa98ad5f0615c697c2d4924/element - {"using":"xpath","value":"//bdi[contains(text(), \"OK\")]"}
RESULT: {"using":"xpath","value":"//bdi[contains(text(), \"OK\")]"}
COMMAND: POST /session/cd8dad5b6aa98ad5f0615c697c2d4924/element/f.73A3896108CAD0F2DAB8766297627504.d.9422FB5F0B73EF34ADDA493033B5C57F.e.9625/click - {}
RESULT: {}
COMMAND: GET /session/cd8dad5b6aa98ad5f0615c697c2d4924/screenshot - {}
RESULT: {}
COMMAND: POST /session/cd8dad5b6aa98ad5f0615c697c2d4924/execute/async - {"script":"<script> [1562 bytes]","args":[{"selector":{"id":"application-manageresources-display-component---newResourceUnit--newRRUPage-anchBar-application-manageresources-display-component---newResourceUnit--resource-anchor","interaction":{"idSuffix":"BDI-content"}},"wdio_ui5_key":"applicationmanageresources-display-component---newResourceUnit--newRRUPage-anchBar-application-manageresources-display-component---newResourceUnit--resource-anchor"}]}
RESULT: {"script":"<script> [1562 bytes]","args":[{"selector":{"id":"application-manageresources-display-component---newResourceUnit--newRRUPage-anchBar-application-manageresources-display-component---newResourceUnit--resource-anchor","interaction":{"idSuffix":"BDI-content"}},"wdio_ui5_key":"applicationmanageresources-display-component---newResourceUnit--newRRUPage-anchBar-application-manageresources-display-component---newResourceUnit--resource-anchor"}]}
RESULT: undefined
COMMAND: POST /session/cd8dad5b6aa98ad5f0615c697c2d4924/element - {"using":"xpath","value":"//*[@id=\"application-manageresources-display-component---newResourceUnit--newRRUPage-anchBar-application-manageresources-display-component---newResourceUnit--resource-anchor\"]"}
RESULT: {"using":"xpath","value":"//*[@id=\"application-manageresources-display-component---newResourceUnit--newRRUPage-anchBar-application-manageresources-display-component---newResourceUnit--resource-anchor\"]"}
COMMAND: POST /session/cd8dad5b6aa98ad5f0615c697c2d4924/element/f.73A3896108CAD0F2DAB8766297627504.d.9422FB5F0B73EF34ADDA493033B5C57F.e.9629/click - {}
RESULT: {}
COMMAND: POST /session/cd8dad5b6aa98ad5f0615c697c2d4924/execute/async - {"script":"<script> [1562 bytes]","args":[{"selector":{"id":"application-manageresources-display-component---newResourceUnit--PLANNED_DELIVERY_DATE","interaction":{"idSuffix":"inner"}},"wdio_ui5_key":"applicationmanageresources-display-component---newResourceUnit--PLANNED_DELIVERY_DATE"}]}
COMMAND: GET /session/cd8dad5b6aa98ad5f0615c697c2d4924/screenshot - {}
RESULT: {"script":"<script> [1562 bytes]","args":[{"selector":{"id":"application-manageresources-display-component---newResourceUnit--PLANNED_DELIVERY_DATE","interaction":{"idSuffix":"inner"}},"wdio_ui5_key":"applicationmanageresources-display-component---newResourceUnit--PLANNED_DELIVERY_DATE"}]}
RESULT: undefined
COMMAND: POST /session/cd8dad5b6aa98ad5f0615c697c2d4924/execute/async - {"script":"<script> [6424 bytes]","args":[{"element-6066-11e4-a52e-4f735466cecf":"f.73A3896108CAD0F2DAB8766297627504.d.9422FB5F0B73EF34ADDA493033B5C57F.e.9493"},"setValue",["5/21/25"]]}
RESULT: {}
RESULT: {"script":"<script> [6424 bytes]","args":[{"element-6066-11e4-a52e-4f735466cecf":"f.73A3896108CAD0F2DAB8766297627504.d.9422FB5F0B73EF34ADDA493033B5C57F.e.9493"},"setValue",["5/21/25"]]}
COMMAND: POST /session/cd8dad5b6aa98ad5f0615c697c2d4924/element - {"using":"xpath","value":"//label[contains(@class, 'sapMLabelRequired') and .//bdi[contains(text(), 'Planned Retirement')]]"}
RESULT: {"using":"xpath","value":"//label[contains(@class, 'sapMLabelRequired') and .//bdi[contains(text(), 'Planned Retirement')]]"}
COMMAND: POST /session/cd8dad5b6aa98ad5f0615c697c2d4924/elements - {"using":"xpath","value":"//label[contains(@class, 'sapMLabelRequired') and .//bdi[contains(text(), 'Planned Retirement')]]"}
RESULT: {"using":"xpath","value":"//label[contains(@class, 'sapMLabelRequired') and .//bdi[contains(text(), 'Planned Retirement')]]"}
COMMAND: POST /session/cd8dad5b6aa98ad5f0615c697c2d4924/element - {"using":"xpath","value":"//button[@data-kt=\"resourceUnitSaveButton\"]"}
RESULT: {"using":"xpath","value":"//button[@data-kt=\"resourceUnitSaveButton\"]"}
COMMAND: POST /session/cd8dad5b6aa98ad5f0615c697c2d4924/element/f.73A3896108CAD0F2DAB8766297627504.d.9422FB5F0B73EF34ADDA493033B5C57F.e.9454/click - {}
RESULT: {}
COMMAND: GET /session/cd8dad5b6aa98ad5f0615c697c2d4924/screenshot - {}
RESULT: {}
COMMAND: POST /session/cd8dad5b6aa98ad5f0615c697c2d4924/element - {"using":"xpath","value":"//bdi[contains(text(), \"Close\")]"}
RESULT: {"using":"xpath","value":"//bdi[contains(text(), \"Close\")]"}
COMMAND: POST /session/cd8dad5b6aa98ad5f0615c697c2d4924/element/f.73A3896108CAD0F2DAB8766297627504.d.9422FB5F0B73EF34ADDA493033B5C57F.e.9637/click - {}
RESULT: {}
COMMAND: GET /session/cd8dad5b6aa98ad5f0615c697c2d4924/screenshot - {}
RESULT: {}
COMMAND: POST /session/cd8dad5b6aa98ad5f0615c697c2d4924/element - {"using":"xpath","value":"//bdi[contains(text(), \"Edit\")]"}
RESULT: {"using":"xpath","value":"//bdi[contains(text(), \"Edit\")]"}
COMMAND: POST /session/cd8dad5b6aa98ad5f0615c697c2d4924/execute/sync - {"script":"<script> [8489 bytes]","args":[{"element-6066-11e4-a52e-4f735466cecf":"f.73A3896108CAD0F2DAB8766297627504.d.9422FB5F0B73EF34ADDA493033B5C57F.e.9690","ELEMENT":"f.73A3896108CAD0F2DAB8766297627504.d.9422FB5F0B73EF34ADDA493033B5C57F.e.9690"}]}
RESULT: {"script":"<script> [8489 bytes]","args":[{"element-6066-11e4-a52e-4f735466cecf":"f.73A3896108CAD0F2DAB8766297627504.d.9422FB5F0B73EF34ADDA493033B5C57F.e.9690","ELEMENT":"f.73A3896108CAD0F2DAB8766297627504.d.9422FB5F0B73EF34ADDA493033B5C57F.e.9690"}]}
COMMAND: POST /session/cd8dad5b6aa98ad5f0615c697c2d4924/element/f.73A3896108CAD0F2DAB8766297627504.d.9422FB5F0B73EF34ADDA493033B5C57F.e.9690/click - {}
COMMAND: GET /session/cd8dad5b6aa98ad5f0615c697c2d4924/screenshot - {}
RESULT: {}
COMMAND: GET /session/cd8dad5b6aa98ad5f0615c697c2d4924/screenshot - {}
RESULT: {}
RESULT: {}
COMMAND: POST /session/cd8dad5b6aa98ad5f0615c697c2d4924/execute/async - {"script":"<script> [1562 bytes]","args":[{"selector":{"id":"application-manageresources-display-component---editResource--editRruPage-anchBar-application-manageresources-display-component---editResource--counters-anchor","interaction":{"idSuffix":"BDI-content"}},"wdio_ui5_key":"applicationmanageresources-display-component---editResource--editRruPage-anchBar-application-manageresources-display-component---editResource--counters-anchor"}]}
RESULT: {"script":"<script> [1562 bytes]","args":[{"selector":{"id":"application-manageresources-display-component---editResource--editRruPage-anchBar-application-manageresources-display-component---editResource--counters-anchor","interaction":{"idSuffix":"BDI-content"}},"wdio_ui5_key":"applicationmanageresources-display-component---editResource--editRruPage-anchBar-application-manageresources-display-component---editResource--counters-anchor"}]}
RESULT: undefined
COMMAND: POST /session/cd8dad5b6aa98ad5f0615c697c2d4924/element - {"using":"xpath","value":"//*[@id=\"application-manageresources-display-component---editResource--editRruPage-anchBar-application-manageresources-display-component---editResource--counters-anchor\"]"}
RESULT: {"using":"xpath","value":"//*[@id=\"application-manageresources-display-component---editResource--editRruPage-anchBar-application-manageresources-display-component---editResource--counters-anchor\"]"}
COMMAND: POST /session/cd8dad5b6aa98ad5f0615c697c2d4924/element/f.73A3896108CAD0F2DAB8766297627504.d.9422FB5F0B73EF34ADDA493033B5C57F.e.9798/click - {}
RESULT: {}
COMMAND: GET /session/cd8dad5b6aa98ad5f0615c697c2d4924/screenshot - {}
RESULT: {}
COMMAND: POST /session/cd8dad5b6aa98ad5f0615c697c2d4924/execute/async - {"script":"<script> [1562 bytes]","args":[{"selector":{"id":"application-manageresources-display-component---editResource--btnAddCounter-img"},"wdio_ui5_key":"applicationmanageresources-display-component---editResource--btnAddCounter-img"}]}
RESULT: {"script":"<script> [1562 bytes]","args":[{"selector":{"id":"application-manageresources-display-component---editResource--btnAddCounter-img"},"wdio_ui5_key":"applicationmanageresources-display-component---editResource--btnAddCounter-img"}]}
RESULT: undefined
COMMAND: POST /session/cd8dad5b6aa98ad5f0615c697c2d4924/element - {"using":"xpath","value":"//*[@id=\"application-manageresources-display-component---editResource--btnAddCounter-img\"]"}
RESULT: {"using":"xpath","value":"//*[@id=\"application-manageresources-display-component---editResource--btnAddCounter-img\"]"}
COMMAND: POST /session/cd8dad5b6aa98ad5f0615c697c2d4924/element/f.73A3896108CAD0F2DAB8766297627504.d.9422FB5F0B73EF34ADDA493033B5C57F.e.9832/click - {}
RESULT: {}
COMMAND: POST /session/cd8dad5b6aa98ad5f0615c697c2d4924/execute/async - {"script":"<script> [1562 bytes]","args":[{"selector":{"id":"application-manageresources-display-component---editResource--COUNTER_ID-application-manageresources-display-component---editResource--RUCounters-0-arrow"},"wdio_ui5_key":"applicationmanageresources-display-component---editResource--COUNTER_ID-application-manageresources-display-component---editResource--RUCounters-0-arrow"}]}
COMMAND: GET /session/cd8dad5b6aa98ad5f0615c697c2d4924/screenshot - {}
RESULT: {"script":"<script> [1562 bytes]","args":[{"selector":{"id":"application-manageresources-display-component---editResource--COUNTER_ID-application-manageresources-display-component---editResource--RUCounters-0-arrow"},"wdio_ui5_key":"applicationmanageresources-display-component---editResource--COUNTER_ID-application-manageresources-display-component---editResource--RUCounters-0-arrow"}]}
RESULT: undefined
COMMAND: POST /session/cd8dad5b6aa98ad5f0615c697c2d4924/element - {"using":"xpath","value":"//*[@id=\"application-manageresources-display-component---editResource--COUNTER_ID-application-manageresources-display-component---editResource--RUCounters-0-arrow\"]"}
RESULT: {}
RESULT: {"using":"xpath","value":"//*[@id=\"application-manageresources-display-component---editResource--COUNTER_ID-application-manageresources-display-component---editResource--RUCounters-0-arrow\"]"}
COMMAND: POST /session/cd8dad5b6aa98ad5f0615c697c2d4924/element/f.73A3896108CAD0F2DAB8766297627504.d.9422FB5F0B73EF34ADDA493033B5C57F.e.9837/click - {}
RESULT: {}
COMMAND: POST /session/cd8dad5b6aa98ad5f0615c697c2d4924/execute/async - {"script":"<script> [1562 bytes]","args":[{"selector":{"controlType":"sap.m.StandardListItem","viewName":"etm.portal.ui.manageresources.view.EditResource","viewId":"application-manageresources-display-component---editResource","properties":{"title":"fuel"},"searchOpenDialogs":true,"interaction":{"idSuffix":"content"}},"wdio_ui5_key":"etmportal.ui.manageresources.view.EditResourcesap.m.StandardListItem{\"title\":\"fuel\"}"}]}
COMMAND: GET /session/cd8dad5b6aa98ad5f0615c697c2d4924/screenshot - {}
RESULT: {"script":"<script> [1562 bytes]","args":[{"selector":{"controlType":"sap.m.StandardListItem","viewName":"etm.portal.ui.manageresources.view.EditResource","viewId":"application-manageresources-display-component---editResource","properties":{"title":"fuel"},"searchOpenDialogs":true,"interaction":{"idSuffix":"content"}},"wdio_ui5_key":"etmportal.ui.manageresources.view.EditResourcesap.m.StandardListItem{\"title\":\"fuel\"}"}]}
RESULT: undefined
COMMAND: POST /session/cd8dad5b6aa98ad5f0615c697c2d4924/element - {"using":"xpath","value":"//*[@id=\"__item2841\"]"}
RESULT: {}
RESULT: {"using":"xpath","value":"//*[@id=\"__item2841\"]"}
COMMAND: POST /session/cd8dad5b6aa98ad5f0615c697c2d4924/element/f.73A3896108CAD0F2DAB8766297627504.d.9422FB5F0B73EF34ADDA493033B5C57F.e.9839/click - {}
RESULT: {}
COMMAND: GET /session/cd8dad5b6aa98ad5f0615c697c2d4924/screenshot - {}
RESULT: {}
COMMAND: POST /session/cd8dad5b6aa98ad5f0615c697c2d4924/element - {"using":"xpath","value":"//button[@data-kt=\"saveButton\"]"}
RESULT: {"using":"xpath","value":"//button[@data-kt=\"saveButton\"]"}
COMMAND: POST /session/cd8dad5b6aa98ad5f0615c697c2d4924/element/f.73A3896108CAD0F2DAB8766297627504.d.9422FB5F0B73EF34ADDA493033B5C57F.e.9840/click - {}
RESULT: {}
COMMAND: GET /session/cd8dad5b6aa98ad5f0615c697c2d4924/screenshot - {}
RESULT: {}
COMMAND: POST /session/cd8dad5b6aa98ad5f0615c697c2d4924/element - {"using":"xpath","value":"(//button[contains(@id ,\"actionsToolbar-overflowButton\")])[1]"}
RESULT: {"using":"xpath","value":"(//button[contains(@id ,\"actionsToolbar-overflowButton\")])[1]"}
COMMAND: POST /session/cd8dad5b6aa98ad5f0615c697c2d4924/element/f.73A3896108CAD0F2DAB8766297627504.d.9422FB5F0B73EF34ADDA493033B5C57F.e.9852/click - {}
RESULT: {}
COMMAND: GET /session/cd8dad5b6aa98ad5f0615c697c2d4924/screenshot - {}
RESULT: {}
COMMAND: POST /session/cd8dad5b6aa98ad5f0615c697c2d4924/element - {"using":"xpath","value":"//button[@data-kt=\"priceInfoButton\"]"}
RESULT: {"using":"xpath","value":"//button[@data-kt=\"priceInfoButton\"]"}
COMMAND: POST /session/cd8dad5b6aa98ad5f0615c697c2d4924/element/f.73A3896108CAD0F2DAB8766297627504.d.9422FB5F0B73EF34ADDA493033B5C57F.e.9854/click - {}
RESULT: {}
COMMAND: GET /session/cd8dad5b6aa98ad5f0615c697c2d4924/screenshot - {}
RESULT: {}
]]></system-out>
    </testcase>
    <testcase classname="chrome.136_0_7103_93.windows.Create_master_data_for_mixed_billing_&amp;_do_billing_calculation_US151661" name="Should create a TB pricing procedure" time="67.953">
      <system-out><![CDATA[
COMMAND: POST /session/cd8dad5b6aa98ad5f0615c697c2d4924/element - {"using":"xpath","value":"//button[@data-kt=\"addButton\"]"}
RESULT: {"using":"xpath","value":"//button[@data-kt=\"addButton\"]"}
COMMAND: POST /session/cd8dad5b6aa98ad5f0615c697c2d4924/elements - {"using":"xpath","value":"//button[@data-kt=\"addButton\"]"}
RESULT: {"using":"xpath","value":"//button[@data-kt=\"addButton\"]"}
COMMAND: POST /session/cd8dad5b6aa98ad5f0615c697c2d4924/elements - {"using":"xpath","value":"//button[@data-kt=\"addButton\"]"}
RESULT: {"using":"xpath","value":"//button[@data-kt=\"addButton\"]"}
COMMAND: POST /session/cd8dad5b6aa98ad5f0615c697c2d4924/elements - {"using":"xpath","value":"//button[@data-kt=\"addButton\"]"}
RESULT: {"using":"xpath","value":"//button[@data-kt=\"addButton\"]"}
COMMAND: POST /session/cd8dad5b6aa98ad5f0615c697c2d4924/elements - {"using":"xpath","value":"//button[@data-kt=\"addButton\"]"}
RESULT: {"using":"xpath","value":"//button[@data-kt=\"addButton\"]"}
COMMAND: POST /session/cd8dad5b6aa98ad5f0615c697c2d4924/elements - {"using":"xpath","value":"//button[@data-kt=\"addButton\"]"}
RESULT: {"using":"xpath","value":"//button[@data-kt=\"addButton\"]"}
COMMAND: POST /session/cd8dad5b6aa98ad5f0615c697c2d4924/elements - {"using":"xpath","value":"//button[@data-kt=\"addButton\"]"}
RESULT: {"using":"xpath","value":"//button[@data-kt=\"addButton\"]"}
COMMAND: POST /session/cd8dad5b6aa98ad5f0615c697c2d4924/elements - {"using":"xpath","value":"//button[@data-kt=\"addButton\"]"}
RESULT: {"using":"xpath","value":"//button[@data-kt=\"addButton\"]"}
COMMAND: POST /session/cd8dad5b6aa98ad5f0615c697c2d4924/elements - {"using":"xpath","value":"//button[@data-kt=\"addButton\"]"}
RESULT: {"using":"xpath","value":"//button[@data-kt=\"addButton\"]"}
COMMAND: POST /session/cd8dad5b6aa98ad5f0615c697c2d4924/elements - {"using":"xpath","value":"//button[@data-kt=\"addButton\"]"}
RESULT: {"using":"xpath","value":"//button[@data-kt=\"addButton\"]"}
COMMAND: POST /session/cd8dad5b6aa98ad5f0615c697c2d4924/elements - {"using":"xpath","value":"//button[@data-kt=\"addButton\"]"}
RESULT: {"using":"xpath","value":"//button[@data-kt=\"addButton\"]"}
COMMAND: POST /session/cd8dad5b6aa98ad5f0615c697c2d4924/elements - {"using":"xpath","value":"//button[@data-kt=\"addButton\"]"}
RESULT: {"using":"xpath","value":"//button[@data-kt=\"addButton\"]"}
COMMAND: POST /session/cd8dad5b6aa98ad5f0615c697c2d4924/elements - {"using":"xpath","value":"//button[@data-kt=\"addButton\"]"}
RESULT: {"using":"xpath","value":"//button[@data-kt=\"addButton\"]"}
COMMAND: POST /session/cd8dad5b6aa98ad5f0615c697c2d4924/elements - {"using":"xpath","value":"//button[@data-kt=\"addButton\"]"}
RESULT: {"using":"xpath","value":"//button[@data-kt=\"addButton\"]"}
COMMAND: POST /session/cd8dad5b6aa98ad5f0615c697c2d4924/elements - {"using":"xpath","value":"//button[@data-kt=\"addButton\"]"}
RESULT: {"using":"xpath","value":"//button[@data-kt=\"addButton\"]"}
COMMAND: POST /session/cd8dad5b6aa98ad5f0615c697c2d4924/elements - {"using":"xpath","value":"//button[@data-kt=\"addButton\"]"}
RESULT: {"using":"xpath","value":"//button[@data-kt=\"addButton\"]"}
COMMAND: POST /session/cd8dad5b6aa98ad5f0615c697c2d4924/element - {"using":"xpath","value":"//button[@data-kt=\"addButton\"]"}
RESULT: {"using":"xpath","value":"//button[@data-kt=\"addButton\"]"}
COMMAND: POST /session/cd8dad5b6aa98ad5f0615c697c2d4924/execute/sync - {"script":"<script> [8489 bytes]","args":[{"element-6066-11e4-a52e-4f735466cecf":"f.73A3896108CAD0F2DAB8766297627504.d.9422FB5F0B73EF34ADDA493033B5C57F.e.9891","ELEMENT":"f.73A3896108CAD0F2DAB8766297627504.d.9422FB5F0B73EF34ADDA493033B5C57F.e.9891"}]}
RESULT: {"script":"<script> [8489 bytes]","args":[{"element-6066-11e4-a52e-4f735466cecf":"f.73A3896108CAD0F2DAB8766297627504.d.9422FB5F0B73EF34ADDA493033B5C57F.e.9891","ELEMENT":"f.73A3896108CAD0F2DAB8766297627504.d.9422FB5F0B73EF34ADDA493033B5C57F.e.9891"}]}
COMMAND: GET /session/cd8dad5b6aa98ad5f0615c697c2d4924/element/f.73A3896108CAD0F2DAB8766297627504.d.9422FB5F0B73EF34ADDA493033B5C57F.e.9891/enabled - {}
COMMAND: GET /session/cd8dad5b6aa98ad5f0615c697c2d4924/screenshot - {}
RESULT: {}
COMMAND: POST /session/cd8dad5b6aa98ad5f0615c697c2d4924/execute/sync - {"script":"<script> [8489 bytes]","args":[{"element-6066-11e4-a52e-4f735466cecf":"f.73A3896108CAD0F2DAB8766297627504.d.9422FB5F0B73EF34ADDA493033B5C57F.e.9891","ELEMENT":"f.73A3896108CAD0F2DAB8766297627504.d.9422FB5F0B73EF34ADDA493033B5C57F.e.9891"}]}
COMMAND: GET /session/cd8dad5b6aa98ad5f0615c697c2d4924/screenshot - {}
RESULT: {}
RESULT: {"script":"<script> [8489 bytes]","args":[{"element-6066-11e4-a52e-4f735466cecf":"f.73A3896108CAD0F2DAB8766297627504.d.9422FB5F0B73EF34ADDA493033B5C57F.e.9891","ELEMENT":"f.73A3896108CAD0F2DAB8766297627504.d.9422FB5F0B73EF34ADDA493033B5C57F.e.9891"}]}
COMMAND: POST /session/cd8dad5b6aa98ad5f0615c697c2d4924/execute/sync - {"script":"<script> [5351 bytes]","args":[{"element-6066-11e4-a52e-4f735466cecf":"f.73A3896108CAD0F2DAB8766297627504.d.9422FB5F0B73EF34ADDA493033B5C57F.e.9891","ELEMENT":"f.73A3896108CAD0F2DAB8766297627504.d.9422FB5F0B73EF34ADDA493033B5C57F.e.9891"}]}
COMMAND: GET /session/cd8dad5b6aa98ad5f0615c697c2d4924/screenshot - {}
RESULT: {}
RESULT: {"script":"<script> [5351 bytes]","args":[{"element-6066-11e4-a52e-4f735466cecf":"f.73A3896108CAD0F2DAB8766297627504.d.9422FB5F0B73EF34ADDA493033B5C57F.e.9891","ELEMENT":"f.73A3896108CAD0F2DAB8766297627504.d.9422FB5F0B73EF34ADDA493033B5C57F.e.9891"}]}
COMMAND: POST /session/cd8dad5b6aa98ad5f0615c697c2d4924/element/f.73A3896108CAD0F2DAB8766297627504.d.9422FB5F0B73EF34ADDA493033B5C57F.e.9891/click - {}
COMMAND: GET /session/cd8dad5b6aa98ad5f0615c697c2d4924/screenshot - {}
RESULT: {}
RESULT: {}
COMMAND: GET /session/cd8dad5b6aa98ad5f0615c697c2d4924/screenshot - {}
RESULT: {}
RESULT: {}
COMMAND: POST /session/cd8dad5b6aa98ad5f0615c697c2d4924/execute/async - {"script":"<script> [1562 bytes]","args":[{"selector":{"controlType":"sap.m.Title","viewName":"etm.portal.ui.managepricingrules.view.NewItem","viewId":"application-managepricingrules-display-component---newInfoPriceItem","properties":{"text":"New Pricing Rules - Item Level"}},"wdio_ui5_key":"etmportal.ui.managepricingrules.view.NewItemsap.m.Title{\"text\":\"New Pricing Rules - Item Level\"}"}]}
RESULT: {"script":"<script> [1562 bytes]","args":[{"selector":{"controlType":"sap.m.Title","viewName":"etm.portal.ui.managepricingrules.view.NewItem","viewId":"application-managepricingrules-display-component---newInfoPriceItem","properties":{"text":"New Pricing Rules - Item Level"}},"wdio_ui5_key":"etmportal.ui.managepricingrules.view.NewItemsap.m.Title{\"text\":\"New Pricing Rules - Item Level\"}"}]}
RESULT: undefined
COMMAND: POST /session/cd8dad5b6aa98ad5f0615c697c2d4924/execute/async - {"script":"<script> [6424 bytes]","args":[{"element-6066-11e4-a52e-4f735466cecf":"f.73A3896108CAD0F2DAB8766297627504.d.9422FB5F0B73EF34ADDA493033B5C57F.e.10052"},"getText",[]]}
RESULT: {"script":"<script> [6424 bytes]","args":[{"element-6066-11e4-a52e-4f735466cecf":"f.73A3896108CAD0F2DAB8766297627504.d.9422FB5F0B73EF34ADDA493033B5C57F.e.10052"},"getText",[]]}
COMMAND: POST /session/cd8dad5b6aa98ad5f0615c697c2d4924/execute/async - {"script":"<script> [1562 bytes]","args":[{"selector":{"id":"application-managepricingrules-display-component---newInfoPriceItem--condValidTo","interaction":{"idSuffix":"inner"}},"wdio_ui5_key":"applicationmanagepricingrules-display-component---newInfoPriceItem--condValidTo"}]}
RESULT: {"script":"<script> [1562 bytes]","args":[{"selector":{"id":"application-managepricingrules-display-component---newInfoPriceItem--condValidTo","interaction":{"idSuffix":"inner"}},"wdio_ui5_key":"applicationmanagepricingrules-display-component---newInfoPriceItem--condValidTo"}]}
RESULT: undefined
COMMAND: POST /session/cd8dad5b6aa98ad5f0615c697c2d4924/execute/async - {"script":"<script> [776 bytes]","args":[{"enterText":"1/21/26","selector":{"id":"application-managepricingrules-display-component---newInfoPriceItem--condValidTo","interaction":{"idSuffix":"inner"}},"clearTextFirst":true,"interactionType":"ENTER_TEXT"}]}
RESULT: {"script":"<script> [776 bytes]","args":[{"enterText":"1/21/26","selector":{"id":"application-managepricingrules-display-component---newInfoPriceItem--condValidTo","interaction":{"idSuffix":"inner"}},"clearTextFirst":true,"interactionType":"ENTER_TEXT"}]}
COMMAND: POST /session/cd8dad5b6aa98ad5f0615c697c2d4924/execute/async - {"script":"<script> [1562 bytes]","args":[{"selector":{"id":"application-managepricingrules-display-component---newInfoPriceItem--billType-arrow"},"wdio_ui5_key":"applicationmanagepricingrules-display-component---newInfoPriceItem--billType-arrow"}]}
RESULT: {"script":"<script> [1562 bytes]","args":[{"selector":{"id":"application-managepricingrules-display-component---newInfoPriceItem--billType-arrow"},"wdio_ui5_key":"applicationmanagepricingrules-display-component---newInfoPriceItem--billType-arrow"}]}
RESULT: undefined
COMMAND: POST /session/cd8dad5b6aa98ad5f0615c697c2d4924/element - {"using":"xpath","value":"//*[@id=\"application-managepricingrules-display-component---newInfoPriceItem--billType-arrow\"]"}
RESULT: {"using":"xpath","value":"//*[@id=\"application-managepricingrules-display-component---newInfoPriceItem--billType-arrow\"]"}
COMMAND: POST /session/cd8dad5b6aa98ad5f0615c697c2d4924/element/f.73A3896108CAD0F2DAB8766297627504.d.9422FB5F0B73EF34ADDA493033B5C57F.e.10054/click - {}
RESULT: {}
COMMAND: POST /session/cd8dad5b6aa98ad5f0615c697c2d4924/element - {"using":"xpath","value":"//span[contains(text(), \"TB - Time based\")]"}
COMMAND: GET /session/cd8dad5b6aa98ad5f0615c697c2d4924/screenshot - {}
RESULT: {"using":"xpath","value":"//span[contains(text(), \"TB - Time based\")]"}
COMMAND: POST /session/cd8dad5b6aa98ad5f0615c697c2d4924/element/f.73A3896108CAD0F2DAB8766297627504.d.9422FB5F0B73EF34ADDA493033B5C57F.e.10055/click - {}
RESULT: {}
RESULT: {}
COMMAND: POST /session/cd8dad5b6aa98ad5f0615c697c2d4924/execute/async - {"script":"<script> [1562 bytes]","args":[{"selector":{"id":"application-managepricingrules-display-component---newInfoPriceItem--priceProc-arrow"},"wdio_ui5_key":"applicationmanagepricingrules-display-component---newInfoPriceItem--priceProc-arrow"}]}
COMMAND: GET /session/cd8dad5b6aa98ad5f0615c697c2d4924/screenshot - {}
RESULT: {"script":"<script> [1562 bytes]","args":[{"selector":{"id":"application-managepricingrules-display-component---newInfoPriceItem--priceProc-arrow"},"wdio_ui5_key":"applicationmanagepricingrules-display-component---newInfoPriceItem--priceProc-arrow"}]}
RESULT: undefined
COMMAND: POST /session/cd8dad5b6aa98ad5f0615c697c2d4924/element - {"using":"xpath","value":"//*[@id=\"application-managepricingrules-display-component---newInfoPriceItem--priceProc-arrow\"]"}
RESULT: {}
RESULT: {"using":"xpath","value":"//*[@id=\"application-managepricingrules-display-component---newInfoPriceItem--priceProc-arrow\"]"}
COMMAND: POST /session/cd8dad5b6aa98ad5f0615c697c2d4924/element/f.73A3896108CAD0F2DAB8766297627504.d.9422FB5F0B73EF34ADDA493033B5C57F.e.10017/click - {}
RESULT: {}
COMMAND: POST /session/cd8dad5b6aa98ad5f0615c697c2d4924/element - {"using":"xpath","value":"//span[contains(text(), \"TB - Time based BGL\")]"}
COMMAND: GET /session/cd8dad5b6aa98ad5f0615c697c2d4924/screenshot - {}
RESULT: {"using":"xpath","value":"//span[contains(text(), \"TB - Time based BGL\")]"}
COMMAND: POST /session/cd8dad5b6aa98ad5f0615c697c2d4924/element/f.73A3896108CAD0F2DAB8766297627504.d.9422FB5F0B73EF34ADDA493033B5C57F.e.10056/click - {}
RESULT: {}
RESULT: {}
COMMAND: POST /session/cd8dad5b6aa98ad5f0615c697c2d4924/execute/async - {"script":"<script> [1562 bytes]","args":[{"selector":{"id":"application-managepricingrules-display-component---newInfoPriceItem--calcBase-arrow"},"wdio_ui5_key":"applicationmanagepricingrules-display-component---newInfoPriceItem--calcBase-arrow"}]}
COMMAND: GET /session/cd8dad5b6aa98ad5f0615c697c2d4924/screenshot - {}
RESULT: {"script":"<script> [1562 bytes]","args":[{"selector":{"id":"application-managepricingrules-display-component---newInfoPriceItem--calcBase-arrow"},"wdio_ui5_key":"applicationmanagepricingrules-display-component---newInfoPriceItem--calcBase-arrow"}]}
RESULT: undefined
COMMAND: POST /session/cd8dad5b6aa98ad5f0615c697c2d4924/element - {"using":"xpath","value":"//*[@id=\"application-managepricingrules-display-component---newInfoPriceItem--calcBase-arrow\"]"}
RESULT: {}
RESULT: {"using":"xpath","value":"//*[@id=\"application-managepricingrules-display-component---newInfoPriceItem--calcBase-arrow\"]"}
COMMAND: POST /session/cd8dad5b6aa98ad5f0615c697c2d4924/element/f.73A3896108CAD0F2DAB8766297627504.d.9422FB5F0B73EF34ADDA493033B5C57F.e.10024/click - {}
RESULT: {}
COMMAND: GET /session/cd8dad5b6aa98ad5f0615c697c2d4924/screenshot - {}
RESULT: {}
COMMAND: POST /session/cd8dad5b6aa98ad5f0615c697c2d4924/element - {"using":"xpath","value":"//span[contains(text(), \"0006 - TB(calendar days)\")]"}
RESULT: {"using":"xpath","value":"//span[contains(text(), \"0006 - TB(calendar days)\")]"}
COMMAND: POST /session/cd8dad5b6aa98ad5f0615c697c2d4924/element/f.73A3896108CAD0F2DAB8766297627504.d.9422FB5F0B73EF34ADDA493033B5C57F.e.10057/click - {}
RESULT: {}
COMMAND: GET /session/cd8dad5b6aa98ad5f0615c697c2d4924/screenshot - {}
RESULT: {}
COMMAND: POST /session/cd8dad5b6aa98ad5f0615c697c2d4924/execute/async - {"script":"<script> [1562 bytes]","args":[{"selector":{"id":"application-managepricingrules-display-component---newInfoPriceItem--hoursMonth","interaction":{"idSuffix":"inner"}},"wdio_ui5_key":"applicationmanagepricingrules-display-component---newInfoPriceItem--hoursMonth"}]}
RESULT: {"script":"<script> [1562 bytes]","args":[{"selector":{"id":"application-managepricingrules-display-component---newInfoPriceItem--hoursMonth","interaction":{"idSuffix":"inner"}},"wdio_ui5_key":"applicationmanagepricingrules-display-component---newInfoPriceItem--hoursMonth"}]}
RESULT: undefined
COMMAND: POST /session/cd8dad5b6aa98ad5f0615c697c2d4924/execute/async - {"script":"<script> [776 bytes]","args":[{"enterText":"160","selector":{"id":"application-managepricingrules-display-component---newInfoPriceItem--hoursMonth","interaction":{"idSuffix":"inner"}},"clearTextFirst":true,"interactionType":"ENTER_TEXT"}]}
RESULT: {"script":"<script> [776 bytes]","args":[{"enterText":"160","selector":{"id":"application-managepricingrules-display-component---newInfoPriceItem--hoursMonth","interaction":{"idSuffix":"inner"}},"clearTextFirst":true,"interactionType":"ENTER_TEXT"}]}
COMMAND: POST /session/cd8dad5b6aa98ad5f0615c697c2d4924/execute/async - {"script":"<script> [1562 bytes]","args":[{"selector":{"id":"application-managepricingrules-display-component---newInfoPriceItem--daysMonth","interaction":{"idSuffix":"inner"}},"wdio_ui5_key":"applicationmanagepricingrules-display-component---newInfoPriceItem--daysMonth"}]}
RESULT: {"script":"<script> [1562 bytes]","args":[{"selector":{"id":"application-managepricingrules-display-component---newInfoPriceItem--daysMonth","interaction":{"idSuffix":"inner"}},"wdio_ui5_key":"applicationmanagepricingrules-display-component---newInfoPriceItem--daysMonth"}]}
RESULT: undefined
COMMAND: POST /session/cd8dad5b6aa98ad5f0615c697c2d4924/execute/async - {"script":"<script> [776 bytes]","args":[{"enterText":"30","selector":{"id":"application-managepricingrules-display-component---newInfoPriceItem--daysMonth","interaction":{"idSuffix":"inner"}},"clearTextFirst":true,"interactionType":"ENTER_TEXT"}]}
RESULT: {"script":"<script> [776 bytes]","args":[{"enterText":"30","selector":{"id":"application-managepricingrules-display-component---newInfoPriceItem--daysMonth","interaction":{"idSuffix":"inner"}},"clearTextFirst":true,"interactionType":"ENTER_TEXT"}]}
COMMAND: POST /session/cd8dad5b6aa98ad5f0615c697c2d4924/element - {"using":"xpath","value":"//button[@data-kt=\"saveNewRuleButton\"]"}
RESULT: {"using":"xpath","value":"//button[@data-kt=\"saveNewRuleButton\"]"}
COMMAND: POST /session/cd8dad5b6aa98ad5f0615c697c2d4924/element/f.73A3896108CAD0F2DAB8766297627504.d.9422FB5F0B73EF34ADDA493033B5C57F.e.10041/click - {}
RESULT: {}
COMMAND: GET /session/cd8dad5b6aa98ad5f0615c697c2d4924/screenshot - {}
RESULT: {}
COMMAND: POST /session/cd8dad5b6aa98ad5f0615c697c2d4924/execute/async - {"script":"<script> [1562 bytes]","args":[{"selector":{"id":"application-managepricingrules-display-component---priceInfoItem--smartFilterBar-btnBasicSearch","interaction":{"idSuffix":"I"}},"wdio_ui5_key":"applicationmanagepricingrules-display-component---priceInfoItem--smartFilterBar-btnBasicSearch"}]}
RESULT: {"script":"<script> [1562 bytes]","args":[{"selector":{"id":"application-managepricingrules-display-component---priceInfoItem--smartFilterBar-btnBasicSearch","interaction":{"idSuffix":"I"}},"wdio_ui5_key":"applicationmanagepricingrules-display-component---priceInfoItem--smartFilterBar-btnBasicSearch"}]}
RESULT: undefined
COMMAND: POST /session/cd8dad5b6aa98ad5f0615c697c2d4924/execute/async - {"script":"<script> [776 bytes]","args":[{"enterText":"ta7PKM26Au","selector":{"id":"application-managepricingrules-display-component---priceInfoItem--smartFilterBar-btnBasicSearch","interaction":{"idSuffix":"I"}},"clearTextFirst":true,"interactionType":"ENTER_TEXT"}]}
RESULT: {"script":"<script> [776 bytes]","args":[{"enterText":"ta7PKM26Au","selector":{"id":"application-managepricingrules-display-component---priceInfoItem--smartFilterBar-btnBasicSearch","interaction":{"idSuffix":"I"}},"clearTextFirst":true,"interactionType":"ENTER_TEXT"}]}
COMMAND: POST /session/cd8dad5b6aa98ad5f0615c697c2d4924/actions - {"actions":[{"id":"action31","type":"key","parameters":{},"actions":[{"type":"keyDown","value":""},{"type":"pause","duration":10},{"type":"keyUp","value":""}]}]}
RESULT: {"actions":[{"id":"action31","type":"key","parameters":{},"actions":[{"type":"keyDown","value":""},{"type":"pause","duration":10},{"type":"keyUp","value":""}]}]}
COMMAND: GET /session/cd8dad5b6aa98ad5f0615c697c2d4924/screenshot - {}
RESULT: {}
COMMAND: POST /session/cd8dad5b6aa98ad5f0615c697c2d4924/element - {"using":"xpath","value":"//span[@id=\"application-managepricingrules-display-component---priceInfoItem--smartTable-header-inner\"]"}
RESULT: {"using":"xpath","value":"//span[@id=\"application-managepricingrules-display-component---priceInfoItem--smartTable-header-inner\"]"}
COMMAND: POST /session/cd8dad5b6aa98ad5f0615c697c2d4924/elements - {"using":"xpath","value":"//span[@id=\"application-managepricingrules-display-component---priceInfoItem--smartTable-header-inner\"]"}
RESULT: {"using":"xpath","value":"//span[@id=\"application-managepricingrules-display-component---priceInfoItem--smartTable-header-inner\"]"}
COMMAND: POST /session/cd8dad5b6aa98ad5f0615c697c2d4924/execute/sync - {"script":"<script> [56 bytes]","args":[{"element-6066-11e4-a52e-4f735466cecf":"f.73A3896108CAD0F2DAB8766297627504.d.9422FB5F0B73EF34ADDA493033B5C57F.e.10082","ELEMENT":"f.73A3896108CAD0F2DAB8766297627504.d.9422FB5F0B73EF34ADDA493033B5C57F.e.10082"}]}
RESULT: {"script":"<script> [56 bytes]","args":[{"element-6066-11e4-a52e-4f735466cecf":"f.73A3896108CAD0F2DAB8766297627504.d.9422FB5F0B73EF34ADDA493033B5C57F.e.10082","ELEMENT":"f.73A3896108CAD0F2DAB8766297627504.d.9422FB5F0B73EF34ADDA493033B5C57F.e.10082"}]}
COMMAND: POST /session/cd8dad5b6aa98ad5f0615c697c2d4924/element - {"using":"css selector","value":"#shell-header-logo"}
COMMAND: GET /session/cd8dad5b6aa98ad5f0615c697c2d4924/screenshot - {}
RESULT: {"using":"css selector","value":"#shell-header-logo"}
COMMAND: POST /session/cd8dad5b6aa98ad5f0615c697c2d4924/element/f.73A3896108CAD0F2DAB8766297627504.d.9422FB5F0B73EF34ADDA493033B5C57F.e.9051/click - {}
RESULT: {}
RESULT: {}
COMMAND: GET /session/cd8dad5b6aa98ad5f0615c697c2d4924/screenshot - {}
RESULT: {}
]]></system-out>
    </testcase>
    <testcase classname="chrome.136_0_7103_93.windows.Create_master_data_for_mixed_billing_&amp;_do_billing_calculation_US151661" name="Should add one time condition" time="67.752">
      <system-out><![CDATA[
COMMAND: POST /session/cd8dad5b6aa98ad5f0615c697c2d4924/execute/async - {"script":"<script> [1562 bytes]","args":[{"selector":{"controlType":"sap.m.GenericTile","properties":{"header":"Manage Conditions & Prices"}},"wdio_ui5_key":"sapm.GenericTile{\"header\":\"Manage Conditions & Prices\"}"}]}
RESULT: {"script":"<script> [1562 bytes]","args":[{"selector":{"controlType":"sap.m.GenericTile","properties":{"header":"Manage Conditions & Prices"}},"wdio_ui5_key":"sapm.GenericTile{\"header\":\"Manage Conditions & Prices\"}"}]}
RESULT: undefined
COMMAND: POST /session/cd8dad5b6aa98ad5f0615c697c2d4924/element - {"using":"xpath","value":"//*[@id=\"__tile53\"]"}
RESULT: {"using":"xpath","value":"//*[@id=\"__tile53\"]"}
COMMAND: POST /session/cd8dad5b6aa98ad5f0615c697c2d4924/element/f.73A3896108CAD0F2DAB8766297627504.d.9422FB5F0B73EF34ADDA493033B5C57F.e.6546/click - {}
RESULT: {}
COMMAND: GET /session/cd8dad5b6aa98ad5f0615c697c2d4924/screenshot - {}
RESULT: {}
COMMAND: POST /session/cd8dad5b6aa98ad5f0615c697c2d4924/elements - {"using":"xpath","value":"//span[text()='Error']"}
RESULT: {"using":"xpath","value":"//span[text()='Error']"}
COMMAND: POST /session/cd8dad5b6aa98ad5f0615c697c2d4924/element - {"using":"xpath","value":"//button[@aria-label=\"Create\"]"}
RESULT: {"using":"xpath","value":"//button[@aria-label=\"Create\"]"}
COMMAND: POST /session/cd8dad5b6aa98ad5f0615c697c2d4924/elements - {"using":"xpath","value":"//button[@aria-label=\"Create\"]"}
RESULT: {"using":"xpath","value":"//button[@aria-label=\"Create\"]"}
COMMAND: POST /session/cd8dad5b6aa98ad5f0615c697c2d4924/execute/sync - {"script":"<script> [8489 bytes]","args":[{"element-6066-11e4-a52e-4f735466cecf":"f.73A3896108CAD0F2DAB8766297627504.d.9422FB5F0B73EF34ADDA493033B5C57F.e.10118","ELEMENT":"f.73A3896108CAD0F2DAB8766297627504.d.9422FB5F0B73EF34ADDA493033B5C57F.e.10118"}]}
RESULT: {"script":"<script> [8489 bytes]","args":[{"element-6066-11e4-a52e-4f735466cecf":"f.73A3896108CAD0F2DAB8766297627504.d.9422FB5F0B73EF34ADDA493033B5C57F.e.10118","ELEMENT":"f.73A3896108CAD0F2DAB8766297627504.d.9422FB5F0B73EF34ADDA493033B5C57F.e.10118"}]}
COMMAND: GET /session/cd8dad5b6aa98ad5f0615c697c2d4924/element/f.73A3896108CAD0F2DAB8766297627504.d.9422FB5F0B73EF34ADDA493033B5C57F.e.10118/enabled - {}
COMMAND: GET /session/cd8dad5b6aa98ad5f0615c697c2d4924/screenshot - {}
RESULT: {}
COMMAND: POST /session/cd8dad5b6aa98ad5f0615c697c2d4924/execute/sync - {"script":"<script> [8489 bytes]","args":[{"element-6066-11e4-a52e-4f735466cecf":"f.73A3896108CAD0F2DAB8766297627504.d.9422FB5F0B73EF34ADDA493033B5C57F.e.10118","ELEMENT":"f.73A3896108CAD0F2DAB8766297627504.d.9422FB5F0B73EF34ADDA493033B5C57F.e.10118"}]}
COMMAND: GET /session/cd8dad5b6aa98ad5f0615c697c2d4924/screenshot - {}
RESULT: {}
RESULT: {"script":"<script> [8489 bytes]","args":[{"element-6066-11e4-a52e-4f735466cecf":"f.73A3896108CAD0F2DAB8766297627504.d.9422FB5F0B73EF34ADDA493033B5C57F.e.10118","ELEMENT":"f.73A3896108CAD0F2DAB8766297627504.d.9422FB5F0B73EF34ADDA493033B5C57F.e.10118"}]}
COMMAND: POST /session/cd8dad5b6aa98ad5f0615c697c2d4924/execute/sync - {"script":"<script> [5351 bytes]","args":[{"element-6066-11e4-a52e-4f735466cecf":"f.73A3896108CAD0F2DAB8766297627504.d.9422FB5F0B73EF34ADDA493033B5C57F.e.10118","ELEMENT":"f.73A3896108CAD0F2DAB8766297627504.d.9422FB5F0B73EF34ADDA493033B5C57F.e.10118"}]}
COMMAND: GET /session/cd8dad5b6aa98ad5f0615c697c2d4924/screenshot - {}
RESULT: {}
RESULT: {"script":"<script> [5351 bytes]","args":[{"element-6066-11e4-a52e-4f735466cecf":"f.73A3896108CAD0F2DAB8766297627504.d.9422FB5F0B73EF34ADDA493033B5C57F.e.10118","ELEMENT":"f.73A3896108CAD0F2DAB8766297627504.d.9422FB5F0B73EF34ADDA493033B5C57F.e.10118"}]}
COMMAND: POST /session/cd8dad5b6aa98ad5f0615c697c2d4924/element/f.73A3896108CAD0F2DAB8766297627504.d.9422FB5F0B73EF34ADDA493033B5C57F.e.10118/click - {}
COMMAND: GET /session/cd8dad5b6aa98ad5f0615c697c2d4924/screenshot - {}
RESULT: {}
RESULT: {}
COMMAND: GET /session/cd8dad5b6aa98ad5f0615c697c2d4924/screenshot - {}
RESULT: {}
RESULT: {}
COMMAND: POST /session/cd8dad5b6aa98ad5f0615c697c2d4924/actions - {"actions":[{"id":"action32","type":"key","parameters":{},"actions":[{"type":"keyDown","value":""},{"type":"pause","duration":10},{"type":"keyUp","value":""}]}]}
RESULT: {"actions":[{"id":"action32","type":"key","parameters":{},"actions":[{"type":"keyDown","value":""},{"type":"pause","duration":10},{"type":"keyUp","value":""}]}]}
COMMAND: GET /session/cd8dad5b6aa98ad5f0615c697c2d4924/screenshot - {}
RESULT: {}
COMMAND: POST /session/cd8dad5b6aa98ad5f0615c697c2d4924/execute/async - {"script":"<script> [1562 bytes]","args":[{"selector":{"id":"application-manageconditionprice-display-component---newCondition--condBillCond-arrow"},"wdio_ui5_key":"applicationmanageconditionprice-display-component---newCondition--condBillCond-arrow"}]}
RESULT: {"script":"<script> [1562 bytes]","args":[{"selector":{"id":"application-manageconditionprice-display-component---newCondition--condBillCond-arrow"},"wdio_ui5_key":"applicationmanageconditionprice-display-component---newCondition--condBillCond-arrow"}]}
RESULT: undefined
COMMAND: POST /session/cd8dad5b6aa98ad5f0615c697c2d4924/element - {"using":"xpath","value":"//*[@id=\"application-manageconditionprice-display-component---newCondition--condBillCond-arrow\"]"}
RESULT: {"using":"xpath","value":"//*[@id=\"application-manageconditionprice-display-component---newCondition--condBillCond-arrow\"]"}
COMMAND: POST /session/cd8dad5b6aa98ad5f0615c697c2d4924/element/f.73A3896108CAD0F2DAB8766297627504.d.9422FB5F0B73EF34ADDA493033B5C57F.e.10298/click - {}
RESULT: {}
COMMAND: GET /session/cd8dad5b6aa98ad5f0615c697c2d4924/screenshot - {}
RESULT: {}
COMMAND: POST /session/cd8dad5b6aa98ad5f0615c697c2d4924/element - {"using":"xpath","value":"//li[.//span[contains(text(), \"SAPR - Sales price\")]]"}
RESULT: {"using":"xpath","value":"//li[.//span[contains(text(), \"SAPR - Sales price\")]]"}
COMMAND: POST /session/cd8dad5b6aa98ad5f0615c697c2d4924/element/f.73A3896108CAD0F2DAB8766297627504.d.9422FB5F0B73EF34ADDA493033B5C57F.e.10301/click - {}
RESULT: {}
COMMAND: GET /session/cd8dad5b6aa98ad5f0615c697c2d4924/screenshot - {}
RESULT: {}
COMMAND: POST /session/cd8dad5b6aa98ad5f0615c697c2d4924/execute/async - {"script":"<script> [1562 bytes]","args":[{"selector":{"id":"application-manageconditionprice-display-component---newCondition--condValidTo","interaction":{"idSuffix":"inner"}},"wdio_ui5_key":"applicationmanageconditionprice-display-component---newCondition--condValidTo"}]}
RESULT: {"script":"<script> [1562 bytes]","args":[{"selector":{"id":"application-manageconditionprice-display-component---newCondition--condValidTo","interaction":{"idSuffix":"inner"}},"wdio_ui5_key":"applicationmanageconditionprice-display-component---newCondition--condValidTo"}]}
RESULT: undefined
COMMAND: POST /session/cd8dad5b6aa98ad5f0615c697c2d4924/execute/async - {"script":"<script> [776 bytes]","args":[{"enterText":"1/21/26","selector":{"id":"application-manageconditionprice-display-component---newCondition--condValidTo","interaction":{"idSuffix":"inner"}},"clearTextFirst":true,"interactionType":"ENTER_TEXT"}]}
RESULT: {"script":"<script> [776 bytes]","args":[{"enterText":"1/21/26","selector":{"id":"application-manageconditionprice-display-component---newCondition--condValidTo","interaction":{"idSuffix":"inner"}},"clearTextFirst":true,"interactionType":"ENTER_TEXT"}]}
COMMAND: POST /session/cd8dad5b6aa98ad5f0615c697c2d4924/element - {"using":"xpath","value":"//input[@id=\"application-manageconditionprice-display-component---newCondition--condRU-inner\"]"}
RESULT: {"using":"xpath","value":"//input[@id=\"application-manageconditionprice-display-component---newCondition--condRU-inner\"]"}
COMMAND: POST /session/cd8dad5b6aa98ad5f0615c697c2d4924/element/f.73A3896108CAD0F2DAB8766297627504.d.9422FB5F0B73EF34ADDA493033B5C57F.e.10134/clear - {}
RESULT: {}
COMMAND: POST /session/cd8dad5b6aa98ad5f0615c697c2d4924/element/f.73A3896108CAD0F2DAB8766297627504.d.9422FB5F0B73EF34ADDA493033B5C57F.e.10134/value - {"text":"ta7PKM26Au"}
COMMAND: GET /session/cd8dad5b6aa98ad5f0615c697c2d4924/screenshot - {}
RESULT: {"text":"ta7PKM26Au"}
COMMAND: GET /session/cd8dad5b6aa98ad5f0615c697c2d4924/screenshot - {}
RESULT: {}
RESULT: {}
COMMAND: POST /session/cd8dad5b6aa98ad5f0615c697c2d4924/actions - {"actions":[{"id":"action33","type":"key","parameters":{},"actions":[{"type":"keyDown","value":""},{"type":"pause","duration":10},{"type":"keyUp","value":""}]}]}
RESULT: {"actions":[{"id":"action33","type":"key","parameters":{},"actions":[{"type":"keyDown","value":""},{"type":"pause","duration":10},{"type":"keyUp","value":""}]}]}
COMMAND: POST /session/cd8dad5b6aa98ad5f0615c697c2d4924/execute/async - {"script":"<script> [1562 bytes]","args":[{"selector":{"id":"application-manageconditionprice-display-component---newCondition--condBaseQty","interaction":{"idSuffix":"inner"}},"wdio_ui5_key":"applicationmanageconditionprice-display-component---newCondition--condBaseQty"}]}
COMMAND: GET /session/cd8dad5b6aa98ad5f0615c697c2d4924/screenshot - {}
RESULT: {"script":"<script> [1562 bytes]","args":[{"selector":{"id":"application-manageconditionprice-display-component---newCondition--condBaseQty","interaction":{"idSuffix":"inner"}},"wdio_ui5_key":"applicationmanageconditionprice-display-component---newCondition--condBaseQty"}]}
RESULT: undefined
COMMAND: POST /session/cd8dad5b6aa98ad5f0615c697c2d4924/execute/async - {"script":"<script> [776 bytes]","args":[{"enterText":"1","selector":{"id":"application-manageconditionprice-display-component---newCondition--condBaseQty","interaction":{"idSuffix":"inner"}},"clearTextFirst":true,"interactionType":"ENTER_TEXT"}]}
RESULT: {}
RESULT: {"script":"<script> [776 bytes]","args":[{"enterText":"1","selector":{"id":"application-manageconditionprice-display-component---newCondition--condBaseQty","interaction":{"idSuffix":"inner"}},"clearTextFirst":true,"interactionType":"ENTER_TEXT"}]}
COMMAND: POST /session/cd8dad5b6aa98ad5f0615c697c2d4924/execute/async - {"script":"<script> [1562 bytes]","args":[{"selector":{"id":"application-manageconditionprice-display-component---newCondition--condValue","interaction":{"idSuffix":"inner"}},"wdio_ui5_key":"applicationmanageconditionprice-display-component---newCondition--condValue"}]}
RESULT: {"script":"<script> [1562 bytes]","args":[{"selector":{"id":"application-manageconditionprice-display-component---newCondition--condValue","interaction":{"idSuffix":"inner"}},"wdio_ui5_key":"applicationmanageconditionprice-display-component---newCondition--condValue"}]}
RESULT: undefined
COMMAND: POST /session/cd8dad5b6aa98ad5f0615c697c2d4924/execute/async - {"script":"<script> [776 bytes]","args":[{"enterText":"200","selector":{"id":"application-manageconditionprice-display-component---newCondition--condValue","interaction":{"idSuffix":"inner"}},"clearTextFirst":true,"interactionType":"ENTER_TEXT"}]}
RESULT: {"script":"<script> [776 bytes]","args":[{"enterText":"200","selector":{"id":"application-manageconditionprice-display-component---newCondition--condValue","interaction":{"idSuffix":"inner"}},"clearTextFirst":true,"interactionType":"ENTER_TEXT"}]}
COMMAND: POST /session/cd8dad5b6aa98ad5f0615c697c2d4924/execute/async - {"script":"<script> [1562 bytes]","args":[{"selector":{"id":"application-manageconditionprice-display-component---newCondition--condCurr-arrow"},"wdio_ui5_key":"applicationmanageconditionprice-display-component---newCondition--condCurr-arrow"}]}
RESULT: {"script":"<script> [1562 bytes]","args":[{"selector":{"id":"application-manageconditionprice-display-component---newCondition--condCurr-arrow"},"wdio_ui5_key":"applicationmanageconditionprice-display-component---newCondition--condCurr-arrow"}]}
RESULT: undefined
COMMAND: POST /session/cd8dad5b6aa98ad5f0615c697c2d4924/element - {"using":"xpath","value":"//*[@id=\"application-manageconditionprice-display-component---newCondition--condCurr-arrow\"]"}
RESULT: {"using":"xpath","value":"//*[@id=\"application-manageconditionprice-display-component---newCondition--condCurr-arrow\"]"}
COMMAND: POST /session/cd8dad5b6aa98ad5f0615c697c2d4924/element/f.73A3896108CAD0F2DAB8766297627504.d.9422FB5F0B73EF34ADDA493033B5C57F.e.10260/click - {}
RESULT: {}
COMMAND: POST /session/cd8dad5b6aa98ad5f0615c697c2d4924/element - {"using":"xpath","value":"//span[contains(text(), \"Euro\")]"}
COMMAND: GET /session/cd8dad5b6aa98ad5f0615c697c2d4924/screenshot - {}
RESULT: {"using":"xpath","value":"//span[contains(text(), \"Euro\")]"}
COMMAND: POST /session/cd8dad5b6aa98ad5f0615c697c2d4924/element/f.73A3896108CAD0F2DAB8766297627504.d.9422FB5F0B73EF34ADDA493033B5C57F.e.10339/click - {}
RESULT: {}
RESULT: {}
COMMAND: POST /session/cd8dad5b6aa98ad5f0615c697c2d4924/element - {"using":"xpath","value":"//button[@data-kt=\"saveButton\"]"}
COMMAND: GET /session/cd8dad5b6aa98ad5f0615c697c2d4924/screenshot - {}
RESULT: {"using":"xpath","value":"//button[@data-kt=\"saveButton\"]"}
COMMAND: POST /session/cd8dad5b6aa98ad5f0615c697c2d4924/element/f.73A3896108CAD0F2DAB8766297627504.d.9422FB5F0B73EF34ADDA493033B5C57F.e.10261/click - {}
RESULT: {}
RESULT: {}
COMMAND: GET /session/cd8dad5b6aa98ad5f0615c697c2d4924/screenshot - {}
RESULT: {}
COMMAND: POST /session/cd8dad5b6aa98ad5f0615c697c2d4924/execute/async - {"script":"<script> [1562 bytes]","args":[{"selector":{"id":"application-manageconditionprice-display-component---conditions--smartFilterBar-btnBasicSearch","interaction":{"idSuffix":"I"}},"wdio_ui5_key":"applicationmanageconditionprice-display-component---conditions--smartFilterBar-btnBasicSearch"}]}
RESULT: {"script":"<script> [1562 bytes]","args":[{"selector":{"id":"application-manageconditionprice-display-component---conditions--smartFilterBar-btnBasicSearch","interaction":{"idSuffix":"I"}},"wdio_ui5_key":"applicationmanageconditionprice-display-component---conditions--smartFilterBar-btnBasicSearch"}]}
RESULT: undefined
COMMAND: POST /session/cd8dad5b6aa98ad5f0615c697c2d4924/execute/async - {"script":"<script> [776 bytes]","args":[{"enterText":"ta7PKM26Au","selector":{"id":"application-manageconditionprice-display-component---conditions--smartFilterBar-btnBasicSearch","interaction":{"idSuffix":"I"}},"clearTextFirst":true,"interactionType":"ENTER_TEXT"}]}
RESULT: {"script":"<script> [776 bytes]","args":[{"enterText":"ta7PKM26Au","selector":{"id":"application-manageconditionprice-display-component---conditions--smartFilterBar-btnBasicSearch","interaction":{"idSuffix":"I"}},"clearTextFirst":true,"interactionType":"ENTER_TEXT"}]}
COMMAND: POST /session/cd8dad5b6aa98ad5f0615c697c2d4924/actions - {"actions":[{"id":"action34","type":"key","parameters":{},"actions":[{"type":"keyDown","value":""},{"type":"pause","duration":10},{"type":"keyUp","value":""}]}]}
RESULT: {"actions":[{"id":"action34","type":"key","parameters":{},"actions":[{"type":"keyDown","value":""},{"type":"pause","duration":10},{"type":"keyUp","value":""}]}]}
COMMAND: GET /session/cd8dad5b6aa98ad5f0615c697c2d4924/screenshot - {}
RESULT: {}
COMMAND: POST /session/cd8dad5b6aa98ad5f0615c697c2d4924/execute/async - {"script":"<script> [1562 bytes]","args":[{"selector":{"id":"application-manageconditionprice-display-component---conditions--smartFilterBar-filterItemControl_BASIC-BILL_TYPES-vhi"},"wdio_ui5_key":"applicationmanageconditionprice-display-component---conditions--smartFilterBar-filterItemControl_BASIC-BILL_TYPES-vhi"}]}
RESULT: {"script":"<script> [1562 bytes]","args":[{"selector":{"id":"application-manageconditionprice-display-component---conditions--smartFilterBar-filterItemControl_BASIC-BILL_TYPES-vhi"},"wdio_ui5_key":"applicationmanageconditionprice-display-component---conditions--smartFilterBar-filterItemControl_BASIC-BILL_TYPES-vhi"}]}
RESULT: undefined
COMMAND: POST /session/cd8dad5b6aa98ad5f0615c697c2d4924/element - {"using":"xpath","value":"//*[@id=\"application-manageconditionprice-display-component---conditions--smartFilterBar-filterItemControl_BASIC-BILL_TYPES-vhi\"]"}
RESULT: {"using":"xpath","value":"//*[@id=\"application-manageconditionprice-display-component---conditions--smartFilterBar-filterItemControl_BASIC-BILL_TYPES-vhi\"]"}
COMMAND: POST /session/cd8dad5b6aa98ad5f0615c697c2d4924/element/f.73A3896108CAD0F2DAB8766297627504.d.9422FB5F0B73EF34ADDA493033B5C57F.e.10356/click - {}
RESULT: {}
COMMAND: POST /session/cd8dad5b6aa98ad5f0615c697c2d4924/execute/async - {"script":"<script> [1562 bytes]","args":[{"selector":{"id":"application-manageconditionprice-display-component---conditions--smartFilterBar-filterItemControl_BASIC-BILL_TYPES-valueHelpDialog-smartFilterBar-btnBasicSearch","searchOpenDialogs":true,"interaction":{"idSuffix":"I"}},"wdio_ui5_key":"applicationmanageconditionprice-display-component---conditions--smartFilterBar-filterItemControl_BASIC-BILL_TYPES-valueHelpDialog-smartFilterBar-btnBasicSearch"}]}
COMMAND: GET /session/cd8dad5b6aa98ad5f0615c697c2d4924/screenshot - {}
RESULT: {"script":"<script> [1562 bytes]","args":[{"selector":{"id":"application-manageconditionprice-display-component---conditions--smartFilterBar-filterItemControl_BASIC-BILL_TYPES-valueHelpDialog-smartFilterBar-btnBasicSearch","searchOpenDialogs":true,"interaction":{"idSuffix":"I"}},"wdio_ui5_key":"applicationmanageconditionprice-display-component---conditions--smartFilterBar-filterItemControl_BASIC-BILL_TYPES-valueHelpDialog-smartFilterBar-btnBasicSearch"}]}
RESULT: undefined
COMMAND: POST /session/cd8dad5b6aa98ad5f0615c697c2d4924/execute/async - {"script":"<script> [776 bytes]","args":[{"enterText":"one","selector":{"id":"application-manageconditionprice-display-component---conditions--smartFilterBar-filterItemControl_BASIC-BILL_TYPES-valueHelpDialog-smartFilterBar-btnBasicSearch","searchOpenDialogs":true,"interaction":{"idSuffix":"I"}},"clearTextFirst":true,"interactionType":"ENTER_TEXT"}]}
RESULT: {}
RESULT: {"script":"<script> [776 bytes]","args":[{"enterText":"one","selector":{"id":"application-manageconditionprice-display-component---conditions--smartFilterBar-filterItemControl_BASIC-BILL_TYPES-valueHelpDialog-smartFilterBar-btnBasicSearch","searchOpenDialogs":true,"interaction":{"idSuffix":"I"}},"clearTextFirst":true,"interactionType":"ENTER_TEXT"}]}
COMMAND: POST /session/cd8dad5b6aa98ad5f0615c697c2d4924/actions - {"actions":[{"id":"action35","type":"key","parameters":{},"actions":[{"type":"keyDown","value":""},{"type":"pause","duration":10},{"type":"keyUp","value":""}]}]}
RESULT: {"actions":[{"id":"action35","type":"key","parameters":{},"actions":[{"type":"keyDown","value":""},{"type":"pause","duration":10},{"type":"keyUp","value":""}]}]}
COMMAND: GET /session/cd8dad5b6aa98ad5f0615c697c2d4924/screenshot - {}
RESULT: {}
COMMAND: POST /session/cd8dad5b6aa98ad5f0615c697c2d4924/element - {"using":"xpath","value":"//div[contains(@id, 'application-manageconditionprice-display-component---conditions--smartFilterBar-filterItemControl_BASIC-BILL_TYPES-valueHelpDialog-table-rowsel0')]"}
RESULT: {"using":"xpath","value":"//div[contains(@id, 'application-manageconditionprice-display-component---conditions--smartFilterBar-filterItemControl_BASIC-BILL_TYPES-valueHelpDialog-table-rowsel0')]"}
COMMAND: POST /session/cd8dad5b6aa98ad5f0615c697c2d4924/element/f.73A3896108CAD0F2DAB8766297627504.d.9422FB5F0B73EF34ADDA493033B5C57F.e.10366/click - {}
RESULT: {}
COMMAND: GET /session/cd8dad5b6aa98ad5f0615c697c2d4924/screenshot - {}
RESULT: {}
COMMAND: POST /session/cd8dad5b6aa98ad5f0615c697c2d4924/element - {"using":"xpath","value":"//bdi[contains(text(), \"OK\")]"}
RESULT: {"using":"xpath","value":"//bdi[contains(text(), \"OK\")]"}
COMMAND: POST /session/cd8dad5b6aa98ad5f0615c697c2d4924/element/f.73A3896108CAD0F2DAB8766297627504.d.9422FB5F0B73EF34ADDA493033B5C57F.e.10368/click - {}
RESULT: {}
COMMAND: GET /session/cd8dad5b6aa98ad5f0615c697c2d4924/screenshot - {}
RESULT: {}
COMMAND: POST /session/cd8dad5b6aa98ad5f0615c697c2d4924/element - {"using":"xpath","value":"//span[@id=\"application-manageconditionprice-display-component---conditions--smartTable-header-inner\"]"}
RESULT: {"using":"xpath","value":"//span[@id=\"application-manageconditionprice-display-component---conditions--smartTable-header-inner\"]"}
COMMAND: POST /session/cd8dad5b6aa98ad5f0615c697c2d4924/elements - {"using":"xpath","value":"//span[@id=\"application-manageconditionprice-display-component---conditions--smartTable-header-inner\"]"}
RESULT: {"using":"xpath","value":"//span[@id=\"application-manageconditionprice-display-component---conditions--smartTable-header-inner\"]"}
COMMAND: POST /session/cd8dad5b6aa98ad5f0615c697c2d4924/execute/sync - {"script":"<script> [56 bytes]","args":[{"element-6066-11e4-a52e-4f735466cecf":"f.73A3896108CAD0F2DAB8766297627504.d.9422FB5F0B73EF34ADDA493033B5C57F.e.10371","ELEMENT":"f.73A3896108CAD0F2DAB8766297627504.d.9422FB5F0B73EF34ADDA493033B5C57F.e.10371"}]}
RESULT: {"script":"<script> [56 bytes]","args":[{"element-6066-11e4-a52e-4f735466cecf":"f.73A3896108CAD0F2DAB8766297627504.d.9422FB5F0B73EF34ADDA493033B5C57F.e.10371","ELEMENT":"f.73A3896108CAD0F2DAB8766297627504.d.9422FB5F0B73EF34ADDA493033B5C57F.e.10371"}]}
COMMAND: POST /session/cd8dad5b6aa98ad5f0615c697c2d4924/element - {"using":"css selector","value":"#shell-header-logo"}
COMMAND: GET /session/cd8dad5b6aa98ad5f0615c697c2d4924/screenshot - {}
RESULT: {"using":"css selector","value":"#shell-header-logo"}
COMMAND: POST /session/cd8dad5b6aa98ad5f0615c697c2d4924/element/f.73A3896108CAD0F2DAB8766297627504.d.9422FB5F0B73EF34ADDA493033B5C57F.e.10086/click - {}
RESULT: {}
RESULT: {}
COMMAND: GET /session/cd8dad5b6aa98ad5f0615c697c2d4924/screenshot - {}
RESULT: {}
]]></system-out>
    </testcase>
    <testcase classname="chrome.136_0_7103_93.windows.Create_master_data_for_mixed_billing_&amp;_do_billing_calculation_US151661" name="Should add performance based condition" time="72.948">
      <system-out><![CDATA[
RESULT: undefined
COMMAND: POST /session/cd8dad5b6aa98ad5f0615c697c2d4924/element - {"using":"xpath","value":"//*[@id=\"__tile53\"]"}
RESULT: {"using":"xpath","value":"//*[@id=\"__tile53\"]"}
COMMAND: POST /session/cd8dad5b6aa98ad5f0615c697c2d4924/element/f.73A3896108CAD0F2DAB8766297627504.d.9422FB5F0B73EF34ADDA493033B5C57F.e.6546/click - {}
RESULT: {}
COMMAND: GET /session/cd8dad5b6aa98ad5f0615c697c2d4924/screenshot - {}
COMMAND: POST /session/cd8dad5b6aa98ad5f0615c697c2d4924/elements - {"using":"xpath","value":"//span[text()='Error']"}
RESULT: {}
RESULT: {"using":"xpath","value":"//span[text()='Error']"}
COMMAND: POST /session/cd8dad5b6aa98ad5f0615c697c2d4924/element - {"using":"xpath","value":"//button[@aria-label=\"Create\"]"}
RESULT: {"using":"xpath","value":"//button[@aria-label=\"Create\"]"}
COMMAND: POST /session/cd8dad5b6aa98ad5f0615c697c2d4924/elements - {"using":"xpath","value":"//button[@aria-label=\"Create\"]"}
RESULT: {"using":"xpath","value":"//button[@aria-label=\"Create\"]"}
COMMAND: POST /session/cd8dad5b6aa98ad5f0615c697c2d4924/execute/sync - {"script":"<script> [8489 bytes]","args":[{"element-6066-11e4-a52e-4f735466cecf":"f.73A3896108CAD0F2DAB8766297627504.d.9422FB5F0B73EF34ADDA493033B5C57F.e.10410","ELEMENT":"f.73A3896108CAD0F2DAB8766297627504.d.9422FB5F0B73EF34ADDA493033B5C57F.e.10410"}]}
RESULT: {"script":"<script> [8489 bytes]","args":[{"element-6066-11e4-a52e-4f735466cecf":"f.73A3896108CAD0F2DAB8766297627504.d.9422FB5F0B73EF34ADDA493033B5C57F.e.10410","ELEMENT":"f.73A3896108CAD0F2DAB8766297627504.d.9422FB5F0B73EF34ADDA493033B5C57F.e.10410"}]}
COMMAND: GET /session/cd8dad5b6aa98ad5f0615c697c2d4924/element/f.73A3896108CAD0F2DAB8766297627504.d.9422FB5F0B73EF34ADDA493033B5C57F.e.10410/enabled - {}
COMMAND: GET /session/cd8dad5b6aa98ad5f0615c697c2d4924/screenshot - {}
RESULT: {}
COMMAND: POST /session/cd8dad5b6aa98ad5f0615c697c2d4924/execute/sync - {"script":"<script> [8489 bytes]","args":[{"element-6066-11e4-a52e-4f735466cecf":"f.73A3896108CAD0F2DAB8766297627504.d.9422FB5F0B73EF34ADDA493033B5C57F.e.10410","ELEMENT":"f.73A3896108CAD0F2DAB8766297627504.d.9422FB5F0B73EF34ADDA493033B5C57F.e.10410"}]}
COMMAND: GET /session/cd8dad5b6aa98ad5f0615c697c2d4924/screenshot - {}
RESULT: {}
RESULT: {"script":"<script> [8489 bytes]","args":[{"element-6066-11e4-a52e-4f735466cecf":"f.73A3896108CAD0F2DAB8766297627504.d.9422FB5F0B73EF34ADDA493033B5C57F.e.10410","ELEMENT":"f.73A3896108CAD0F2DAB8766297627504.d.9422FB5F0B73EF34ADDA493033B5C57F.e.10410"}]}
COMMAND: POST /session/cd8dad5b6aa98ad5f0615c697c2d4924/execute/sync - {"script":"<script> [5351 bytes]","args":[{"element-6066-11e4-a52e-4f735466cecf":"f.73A3896108CAD0F2DAB8766297627504.d.9422FB5F0B73EF34ADDA493033B5C57F.e.10410","ELEMENT":"f.73A3896108CAD0F2DAB8766297627504.d.9422FB5F0B73EF34ADDA493033B5C57F.e.10410"}]}
COMMAND: GET /session/cd8dad5b6aa98ad5f0615c697c2d4924/screenshot - {}
RESULT: {}
RESULT: {"script":"<script> [5351 bytes]","args":[{"element-6066-11e4-a52e-4f735466cecf":"f.73A3896108CAD0F2DAB8766297627504.d.9422FB5F0B73EF34ADDA493033B5C57F.e.10410","ELEMENT":"f.73A3896108CAD0F2DAB8766297627504.d.9422FB5F0B73EF34ADDA493033B5C57F.e.10410"}]}
COMMAND: POST /session/cd8dad5b6aa98ad5f0615c697c2d4924/element/f.73A3896108CAD0F2DAB8766297627504.d.9422FB5F0B73EF34ADDA493033B5C57F.e.10410/click - {}
COMMAND: GET /session/cd8dad5b6aa98ad5f0615c697c2d4924/screenshot - {}
RESULT: {}
RESULT: {}
COMMAND: GET /session/cd8dad5b6aa98ad5f0615c697c2d4924/screenshot - {}
RESULT: {}
RESULT: {}
COMMAND: POST /session/cd8dad5b6aa98ad5f0615c697c2d4924/actions - {"actions":[{"id":"action36","type":"key","parameters":{},"actions":[{"type":"keyDown","value":""},{"type":"pause","duration":10},{"type":"keyUp","value":""}]}]}
RESULT: {"actions":[{"id":"action36","type":"key","parameters":{},"actions":[{"type":"keyDown","value":""},{"type":"pause","duration":10},{"type":"keyUp","value":""}]}]}
COMMAND: GET /session/cd8dad5b6aa98ad5f0615c697c2d4924/screenshot - {}
RESULT: undefined
COMMAND: POST /session/cd8dad5b6aa98ad5f0615c697c2d4924/element - {"using":"xpath","value":"//*[@id=\"application-manageconditionprice-display-component---newCondition--condBillCond-arrow\"]"}
RESULT: {}
RESULT: {"using":"xpath","value":"//*[@id=\"application-manageconditionprice-display-component---newCondition--condBillCond-arrow\"]"}
COMMAND: POST /session/cd8dad5b6aa98ad5f0615c697c2d4924/element/f.73A3896108CAD0F2DAB8766297627504.d.9422FB5F0B73EF34ADDA493033B5C57F.e.10887/click - {}
RESULT: {}
COMMAND: GET /session/cd8dad5b6aa98ad5f0615c697c2d4924/screenshot - {}
RESULT: {}
COMMAND: POST /session/cd8dad5b6aa98ad5f0615c697c2d4924/element - {"using":"xpath","value":"//li[.//span[contains(text(), \"PC06 - Performance Price - fuel\")]]"}
RESULT: {"using":"xpath","value":"//li[.//span[contains(text(), \"PC06 - Performance Price - fuel\")]]"}
COMMAND: POST /session/cd8dad5b6aa98ad5f0615c697c2d4924/element/f.73A3896108CAD0F2DAB8766297627504.d.9422FB5F0B73EF34ADDA493033B5C57F.e.10890/click - {}
RESULT: {}
COMMAND: GET /session/cd8dad5b6aa98ad5f0615c697c2d4924/screenshot - {}
RESULT: {}
RESULT: undefined
COMMAND: POST /session/cd8dad5b6aa98ad5f0615c697c2d4924/execute/async - {"script":"<script> [776 bytes]","args":[{"enterText":"1/21/26","selector":{"id":"application-manageconditionprice-display-component---newCondition--condValidTo","interaction":{"idSuffix":"inner"}},"clearTextFirst":true,"interactionType":"ENTER_TEXT"}]}
RESULT: {"script":"<script> [776 bytes]","args":[{"enterText":"1/21/26","selector":{"id":"application-manageconditionprice-display-component---newCondition--condValidTo","interaction":{"idSuffix":"inner"}},"clearTextFirst":true,"interactionType":"ENTER_TEXT"}]}
COMMAND: POST /session/cd8dad5b6aa98ad5f0615c697c2d4924/element - {"using":"xpath","value":"//input[@id=\"application-manageconditionprice-display-component---newCondition--condRU-inner\"]"}
RESULT: {"using":"xpath","value":"//input[@id=\"application-manageconditionprice-display-component---newCondition--condRU-inner\"]"}
COMMAND: POST /session/cd8dad5b6aa98ad5f0615c697c2d4924/element/f.73A3896108CAD0F2DAB8766297627504.d.9422FB5F0B73EF34ADDA493033B5C57F.e.10614/clear - {}
RESULT: {}
COMMAND: POST /session/cd8dad5b6aa98ad5f0615c697c2d4924/element/f.73A3896108CAD0F2DAB8766297627504.d.9422FB5F0B73EF34ADDA493033B5C57F.e.10614/value - {"text":"ta7PKM26Au"}
COMMAND: GET /session/cd8dad5b6aa98ad5f0615c697c2d4924/screenshot - {}
RESULT: {"text":"ta7PKM26Au"}
COMMAND: GET /session/cd8dad5b6aa98ad5f0615c697c2d4924/screenshot - {}
RESULT: {}
RESULT: {}
COMMAND: POST /session/cd8dad5b6aa98ad5f0615c697c2d4924/actions - {"actions":[{"id":"action37","type":"key","parameters":{},"actions":[{"type":"keyDown","value":""},{"type":"pause","duration":10},{"type":"keyUp","value":""}]}]}
RESULT: {"actions":[{"id":"action37","type":"key","parameters":{},"actions":[{"type":"keyDown","value":""},{"type":"pause","duration":10},{"type":"keyUp","value":""}]}]}
RESULT: undefined
COMMAND: POST /session/cd8dad5b6aa98ad5f0615c697c2d4924/execute/async - {"script":"<script> [776 bytes]","args":[{"enterText":"1","selector":{"id":"application-manageconditionprice-display-component---newCondition--condBaseQty","interaction":{"idSuffix":"inner"}},"clearTextFirst":true,"interactionType":"ENTER_TEXT"}]}
COMMAND: GET /session/cd8dad5b6aa98ad5f0615c697c2d4924/screenshot - {}
RESULT: {"script":"<script> [776 bytes]","args":[{"enterText":"1","selector":{"id":"application-manageconditionprice-display-component---newCondition--condBaseQty","interaction":{"idSuffix":"inner"}},"clearTextFirst":true,"interactionType":"ENTER_TEXT"}]}
RESULT: undefined
COMMAND: POST /session/cd8dad5b6aa98ad5f0615c697c2d4924/execute/async - {"script":"<script> [776 bytes]","args":[{"enterText":"10","selector":{"id":"application-manageconditionprice-display-component---newCondition--condValue","interaction":{"idSuffix":"inner"}},"clearTextFirst":true,"interactionType":"ENTER_TEXT"}]}
RESULT: {}
RESULT: {"script":"<script> [776 bytes]","args":[{"enterText":"10","selector":{"id":"application-manageconditionprice-display-component---newCondition--condValue","interaction":{"idSuffix":"inner"}},"clearTextFirst":true,"interactionType":"ENTER_TEXT"}]}
RESULT: undefined
COMMAND: POST /session/cd8dad5b6aa98ad5f0615c697c2d4924/element - {"using":"xpath","value":"//*[@id=\"application-manageconditionprice-display-component---newCondition--condCurr-arrow\"]"}
RESULT: {"using":"xpath","value":"//*[@id=\"application-manageconditionprice-display-component---newCondition--condCurr-arrow\"]"}
COMMAND: POST /session/cd8dad5b6aa98ad5f0615c697c2d4924/element/f.73A3896108CAD0F2DAB8766297627504.d.9422FB5F0B73EF34ADDA493033B5C57F.e.10843/click - {}
RESULT: {}
COMMAND: POST /session/cd8dad5b6aa98ad5f0615c697c2d4924/element - {"using":"xpath","value":"//span[contains(text(), \"Euro\")]"}
COMMAND: GET /session/cd8dad5b6aa98ad5f0615c697c2d4924/screenshot - {}
RESULT: {}
RESULT: {"using":"xpath","value":"//span[contains(text(), \"Euro\")]"}
COMMAND: POST /session/cd8dad5b6aa98ad5f0615c697c2d4924/element/f.73A3896108CAD0F2DAB8766297627504.d.9422FB5F0B73EF34ADDA493033B5C57F.e.10924/click - {}
RESULT: {}
COMMAND: POST /session/cd8dad5b6aa98ad5f0615c697c2d4924/element - {"using":"xpath","value":"//button[@data-kt=\"saveButton\"]"}
COMMAND: GET /session/cd8dad5b6aa98ad5f0615c697c2d4924/screenshot - {}
RESULT: {"using":"xpath","value":"//button[@data-kt=\"saveButton\"]"}
COMMAND: POST /session/cd8dad5b6aa98ad5f0615c697c2d4924/element/f.73A3896108CAD0F2DAB8766297627504.d.9422FB5F0B73EF34ADDA493033B5C57F.e.10844/click - {}
RESULT: {}
RESULT: {}
COMMAND: GET /session/cd8dad5b6aa98ad5f0615c697c2d4924/screenshot - {}
RESULT: {}
RESULT: undefined
COMMAND: POST /session/cd8dad5b6aa98ad5f0615c697c2d4924/execute/async - {"script":"<script> [776 bytes]","args":[{"enterText":"ta7PKM26Au","selector":{"id":"application-manageconditionprice-display-component---conditions--smartFilterBar-btnBasicSearch","interaction":{"idSuffix":"I"}},"clearTextFirst":true,"interactionType":"ENTER_TEXT"}]}
RESULT: {"script":"<script> [776 bytes]","args":[{"enterText":"ta7PKM26Au","selector":{"id":"application-manageconditionprice-display-component---conditions--smartFilterBar-btnBasicSearch","interaction":{"idSuffix":"I"}},"clearTextFirst":true,"interactionType":"ENTER_TEXT"}]}
COMMAND: POST /session/cd8dad5b6aa98ad5f0615c697c2d4924/actions - {"actions":[{"id":"action38","type":"key","parameters":{},"actions":[{"type":"keyDown","value":""},{"type":"pause","duration":10},{"type":"keyUp","value":""}]}]}
RESULT: {"actions":[{"id":"action38","type":"key","parameters":{},"actions":[{"type":"keyDown","value":""},{"type":"pause","duration":10},{"type":"keyUp","value":""}]}]}
COMMAND: GET /session/cd8dad5b6aa98ad5f0615c697c2d4924/screenshot - {}
RESULT: {}
RESULT: undefined
COMMAND: POST /session/cd8dad5b6aa98ad5f0615c697c2d4924/element - {"using":"xpath","value":"//*[@id=\"application-manageconditionprice-display-component---conditions--smartFilterBar-filterItemControl_BASIC-BILL_TYPES-vhi\"]"}
RESULT: {"using":"xpath","value":"//*[@id=\"application-manageconditionprice-display-component---conditions--smartFilterBar-filterItemControl_BASIC-BILL_TYPES-vhi\"]"}
COMMAND: POST /session/cd8dad5b6aa98ad5f0615c697c2d4924/element/f.73A3896108CAD0F2DAB8766297627504.d.9422FB5F0B73EF34ADDA493033B5C57F.e.10969/click - {}
RESULT: {}
RESULT: undefined
COMMAND: POST /session/cd8dad5b6aa98ad5f0615c697c2d4924/execute/async - {"script":"<script> [776 bytes]","args":[{"enterText":"PB","selector":{"id":"application-manageconditionprice-display-component---conditions--smartFilterBar-filterItemControl_BASIC-BILL_TYPES-valueHelpDialog-smartFilterBar-btnBasicSearch","searchOpenDialogs":true,"interaction":{"idSuffix":"I"}},"clearTextFirst":true,"interactionType":"ENTER_TEXT"}]}
COMMAND: GET /session/cd8dad5b6aa98ad5f0615c697c2d4924/screenshot - {}
RESULT: {"script":"<script> [776 bytes]","args":[{"enterText":"PB","selector":{"id":"application-manageconditionprice-display-component---conditions--smartFilterBar-filterItemControl_BASIC-BILL_TYPES-valueHelpDialog-smartFilterBar-btnBasicSearch","searchOpenDialogs":true,"interaction":{"idSuffix":"I"}},"clearTextFirst":true,"interactionType":"ENTER_TEXT"}]}
COMMAND: POST /session/cd8dad5b6aa98ad5f0615c697c2d4924/actions - {"actions":[{"id":"action39","type":"key","parameters":{},"actions":[{"type":"keyDown","value":""},{"type":"pause","duration":10},{"type":"keyUp","value":""}]}]}
RESULT: {}
RESULT: {"actions":[{"id":"action39","type":"key","parameters":{},"actions":[{"type":"keyDown","value":""},{"type":"pause","duration":10},{"type":"keyUp","value":""}]}]}
COMMAND: GET /session/cd8dad5b6aa98ad5f0615c697c2d4924/screenshot - {}
RESULT: {}
COMMAND: POST /session/cd8dad5b6aa98ad5f0615c697c2d4924/element - {"using":"xpath","value":"//div[contains(@id, 'application-manageconditionprice-display-component---conditions--smartFilterBar-filterItemControl_BASIC-BILL_TYPES-valueHelpDialog-table-rowsel0')]"}
RESULT: {"using":"xpath","value":"//div[contains(@id, 'application-manageconditionprice-display-component---conditions--smartFilterBar-filterItemControl_BASIC-BILL_TYPES-valueHelpDialog-table-rowsel0')]"}
COMMAND: POST /session/cd8dad5b6aa98ad5f0615c697c2d4924/element/f.73A3896108CAD0F2DAB8766297627504.d.9422FB5F0B73EF34ADDA493033B5C57F.e.10976/click - {}
RESULT: {}
COMMAND: GET /session/cd8dad5b6aa98ad5f0615c697c2d4924/screenshot - {}
RESULT: {}
COMMAND: POST /session/cd8dad5b6aa98ad5f0615c697c2d4924/element - {"using":"xpath","value":"//bdi[contains(text(), \"OK\")]"}
RESULT: {"using":"xpath","value":"//bdi[contains(text(), \"OK\")]"}
COMMAND: POST /session/cd8dad5b6aa98ad5f0615c697c2d4924/element/f.73A3896108CAD0F2DAB8766297627504.d.9422FB5F0B73EF34ADDA493033B5C57F.e.10978/click - {}
RESULT: {}
COMMAND: GET /session/cd8dad5b6aa98ad5f0615c697c2d4924/screenshot - {}
RESULT: {}
COMMAND: POST /session/cd8dad5b6aa98ad5f0615c697c2d4924/element - {"using":"xpath","value":"//span[@id=\"application-manageconditionprice-display-component---conditions--smartTable-header-inner\"]"}
RESULT: {"using":"xpath","value":"//span[@id=\"application-manageconditionprice-display-component---conditions--smartTable-header-inner\"]"}
COMMAND: POST /session/cd8dad5b6aa98ad5f0615c697c2d4924/elements - {"using":"xpath","value":"//span[@id=\"application-manageconditionprice-display-component---conditions--smartTable-header-inner\"]"}
RESULT: {"using":"xpath","value":"//span[@id=\"application-manageconditionprice-display-component---conditions--smartTable-header-inner\"]"}
COMMAND: POST /session/cd8dad5b6aa98ad5f0615c697c2d4924/execute/sync - {"script":"<script> [56 bytes]","args":[{"element-6066-11e4-a52e-4f735466cecf":"f.73A3896108CAD0F2DAB8766297627504.d.9422FB5F0B73EF34ADDA493033B5C57F.e.10981","ELEMENT":"f.73A3896108CAD0F2DAB8766297627504.d.9422FB5F0B73EF34ADDA493033B5C57F.e.10981"}]}
RESULT: {"script":"<script> [56 bytes]","args":[{"element-6066-11e4-a52e-4f735466cecf":"f.73A3896108CAD0F2DAB8766297627504.d.9422FB5F0B73EF34ADDA493033B5C57F.e.10981","ELEMENT":"f.73A3896108CAD0F2DAB8766297627504.d.9422FB5F0B73EF34ADDA493033B5C57F.e.10981"}]}
COMMAND: POST /session/cd8dad5b6aa98ad5f0615c697c2d4924/element - {"using":"css selector","value":"#shell-header-logo"}
COMMAND: GET /session/cd8dad5b6aa98ad5f0615c697c2d4924/screenshot - {}
RESULT: {"using":"css selector","value":"#shell-header-logo"}
COMMAND: POST /session/cd8dad5b6aa98ad5f0615c697c2d4924/element/f.73A3896108CAD0F2DAB8766297627504.d.9422FB5F0B73EF34ADDA493033B5C57F.e.10390/click - {}
RESULT: {}
RESULT: {}
COMMAND: GET /session/cd8dad5b6aa98ad5f0615c697c2d4924/screenshot - {}
RESULT: {}
]]></system-out>
    </testcase>
    <testcase classname="chrome.136_0_7103_93.windows.Create_master_data_for_mixed_billing_&amp;_do_billing_calculation_US151661" name="Should add time based condition" time="71.136">
      <system-out><![CDATA[
RESULT: undefined
COMMAND: POST /session/cd8dad5b6aa98ad5f0615c697c2d4924/element - {"using":"xpath","value":"//*[@id=\"__tile53\"]"}
RESULT: {"using":"xpath","value":"//*[@id=\"__tile53\"]"}
COMMAND: POST /session/cd8dad5b6aa98ad5f0615c697c2d4924/element/f.73A3896108CAD0F2DAB8766297627504.d.9422FB5F0B73EF34ADDA493033B5C57F.e.6546/click - {}
RESULT: {}
COMMAND: GET /session/cd8dad5b6aa98ad5f0615c697c2d4924/screenshot - {}
COMMAND: POST /session/cd8dad5b6aa98ad5f0615c697c2d4924/elements - {"using":"xpath","value":"//span[text()='Error']"}
RESULT: {}
RESULT: {"using":"xpath","value":"//span[text()='Error']"}
COMMAND: POST /session/cd8dad5b6aa98ad5f0615c697c2d4924/element - {"using":"xpath","value":"//button[@aria-label=\"Create\"]"}
RESULT: {"using":"xpath","value":"//button[@aria-label=\"Create\"]"}
COMMAND: POST /session/cd8dad5b6aa98ad5f0615c697c2d4924/elements - {"using":"xpath","value":"//button[@aria-label=\"Create\"]"}
RESULT: {"using":"xpath","value":"//button[@aria-label=\"Create\"]"}
COMMAND: POST /session/cd8dad5b6aa98ad5f0615c697c2d4924/execute/sync - {"script":"<script> [8489 bytes]","args":[{"element-6066-11e4-a52e-4f735466cecf":"f.73A3896108CAD0F2DAB8766297627504.d.9422FB5F0B73EF34ADDA493033B5C57F.e.11035","ELEMENT":"f.73A3896108CAD0F2DAB8766297627504.d.9422FB5F0B73EF34ADDA493033B5C57F.e.11035"}]}
RESULT: {"script":"<script> [8489 bytes]","args":[{"element-6066-11e4-a52e-4f735466cecf":"f.73A3896108CAD0F2DAB8766297627504.d.9422FB5F0B73EF34ADDA493033B5C57F.e.11035","ELEMENT":"f.73A3896108CAD0F2DAB8766297627504.d.9422FB5F0B73EF34ADDA493033B5C57F.e.11035"}]}
COMMAND: GET /session/cd8dad5b6aa98ad5f0615c697c2d4924/element/f.73A3896108CAD0F2DAB8766297627504.d.9422FB5F0B73EF34ADDA493033B5C57F.e.11035/enabled - {}
COMMAND: GET /session/cd8dad5b6aa98ad5f0615c697c2d4924/screenshot - {}
RESULT: {}
COMMAND: POST /session/cd8dad5b6aa98ad5f0615c697c2d4924/execute/sync - {"script":"<script> [8489 bytes]","args":[{"element-6066-11e4-a52e-4f735466cecf":"f.73A3896108CAD0F2DAB8766297627504.d.9422FB5F0B73EF34ADDA493033B5C57F.e.11035","ELEMENT":"f.73A3896108CAD0F2DAB8766297627504.d.9422FB5F0B73EF34ADDA493033B5C57F.e.11035"}]}
COMMAND: GET /session/cd8dad5b6aa98ad5f0615c697c2d4924/screenshot - {}
RESULT: {}
RESULT: {"script":"<script> [8489 bytes]","args":[{"element-6066-11e4-a52e-4f735466cecf":"f.73A3896108CAD0F2DAB8766297627504.d.9422FB5F0B73EF34ADDA493033B5C57F.e.11035","ELEMENT":"f.73A3896108CAD0F2DAB8766297627504.d.9422FB5F0B73EF34ADDA493033B5C57F.e.11035"}]}
COMMAND: POST /session/cd8dad5b6aa98ad5f0615c697c2d4924/execute/sync - {"script":"<script> [5351 bytes]","args":[{"element-6066-11e4-a52e-4f735466cecf":"f.73A3896108CAD0F2DAB8766297627504.d.9422FB5F0B73EF34ADDA493033B5C57F.e.11035","ELEMENT":"f.73A3896108CAD0F2DAB8766297627504.d.9422FB5F0B73EF34ADDA493033B5C57F.e.11035"}]}
COMMAND: GET /session/cd8dad5b6aa98ad5f0615c697c2d4924/screenshot - {}
RESULT: {}
RESULT: {"script":"<script> [5351 bytes]","args":[{"element-6066-11e4-a52e-4f735466cecf":"f.73A3896108CAD0F2DAB8766297627504.d.9422FB5F0B73EF34ADDA493033B5C57F.e.11035","ELEMENT":"f.73A3896108CAD0F2DAB8766297627504.d.9422FB5F0B73EF34ADDA493033B5C57F.e.11035"}]}
COMMAND: POST /session/cd8dad5b6aa98ad5f0615c697c2d4924/element/f.73A3896108CAD0F2DAB8766297627504.d.9422FB5F0B73EF34ADDA493033B5C57F.e.11035/click - {}
COMMAND: GET /session/cd8dad5b6aa98ad5f0615c697c2d4924/screenshot - {}
RESULT: {}
RESULT: {}
COMMAND: GET /session/cd8dad5b6aa98ad5f0615c697c2d4924/screenshot - {}
RESULT: {}
RESULT: {}
COMMAND: POST /session/cd8dad5b6aa98ad5f0615c697c2d4924/actions - {"actions":[{"id":"action40","type":"key","parameters":{},"actions":[{"type":"keyDown","value":""},{"type":"pause","duration":10},{"type":"keyUp","value":""}]}]}
RESULT: {"actions":[{"id":"action40","type":"key","parameters":{},"actions":[{"type":"keyDown","value":""},{"type":"pause","duration":10},{"type":"keyUp","value":""}]}]}
COMMAND: GET /session/cd8dad5b6aa98ad5f0615c697c2d4924/screenshot - {}
RESULT: undefined
COMMAND: POST /session/cd8dad5b6aa98ad5f0615c697c2d4924/element - {"using":"xpath","value":"//*[@id=\"application-manageconditionprice-display-component---newCondition--condBillCond-arrow\"]"}
RESULT: {}
RESULT: {"using":"xpath","value":"//*[@id=\"application-manageconditionprice-display-component---newCondition--condBillCond-arrow\"]"}
COMMAND: POST /session/cd8dad5b6aa98ad5f0615c697c2d4924/element/f.73A3896108CAD0F2DAB8766297627504.d.9422FB5F0B73EF34ADDA493033B5C57F.e.11340/click - {}
RESULT: {}
COMMAND: GET /session/cd8dad5b6aa98ad5f0615c697c2d4924/screenshot - {}
COMMAND: POST /session/cd8dad5b6aa98ad5f0615c697c2d4924/element - {"using":"xpath","value":"//li[.//span[contains(text(), \"DISP - D&I special price\")]]"}
RESULT: {}
RESULT: {"using":"xpath","value":"//li[.//span[contains(text(), \"DISP - D&I special price\")]]"}
COMMAND: POST /session/cd8dad5b6aa98ad5f0615c697c2d4924/elements - {"using":"xpath","value":"//li[.//span[contains(text(), \"DISP - D&I special price\")]]"}
RESULT: {"using":"xpath","value":"//li[.//span[contains(text(), \"DISP - D&I special price\")]]"}
COMMAND: POST /session/cd8dad5b6aa98ad5f0615c697c2d4924/elements - {"using":"xpath","value":"//li[.//span[contains(text(), \"DISP - D&I special price\")]]"}
RESULT: {"using":"xpath","value":"//li[.//span[contains(text(), \"DISP - D&I special price\")]]"}
COMMAND: POST /session/cd8dad5b6aa98ad5f0615c697c2d4924/elements - {"using":"xpath","value":"//li[.//span[contains(text(), \"DISP - D&I special price\")]]"}
RESULT: {"using":"xpath","value":"//li[.//span[contains(text(), \"DISP - D&I special price\")]]"}
COMMAND: POST /session/cd8dad5b6aa98ad5f0615c697c2d4924/element - {"using":"xpath","value":"//li[.//span[contains(text(), \"DISP - D&I special price\")]]"}
RESULT: {"using":"xpath","value":"//li[.//span[contains(text(), \"DISP - D&I special price\")]]"}
COMMAND: POST /session/cd8dad5b6aa98ad5f0615c697c2d4924/element/f.73A3896108CAD0F2DAB8766297627504.d.9422FB5F0B73EF34ADDA493033B5C57F.e.11501/click - {}
RESULT: {}
COMMAND: GET /session/cd8dad5b6aa98ad5f0615c697c2d4924/screenshot - {}
RESULT: {}
RESULT: undefined
COMMAND: POST /session/cd8dad5b6aa98ad5f0615c697c2d4924/execute/async - {"script":"<script> [776 bytes]","args":[{"enterText":"1/21/26","selector":{"id":"application-manageconditionprice-display-component---newCondition--condValidTo","interaction":{"idSuffix":"inner"}},"clearTextFirst":true,"interactionType":"ENTER_TEXT"}]}
RESULT: {"script":"<script> [776 bytes]","args":[{"enterText":"1/21/26","selector":{"id":"application-manageconditionprice-display-component---newCondition--condValidTo","interaction":{"idSuffix":"inner"}},"clearTextFirst":true,"interactionType":"ENTER_TEXT"}]}
COMMAND: POST /session/cd8dad5b6aa98ad5f0615c697c2d4924/element - {"using":"xpath","value":"//input[@id=\"application-manageconditionprice-display-component---newCondition--condRU-inner\"]"}
RESULT: {"using":"xpath","value":"//input[@id=\"application-manageconditionprice-display-component---newCondition--condRU-inner\"]"}
COMMAND: POST /session/cd8dad5b6aa98ad5f0615c697c2d4924/element/f.73A3896108CAD0F2DAB8766297627504.d.9422FB5F0B73EF34ADDA493033B5C57F.e.11226/clear - {}
RESULT: {}
COMMAND: POST /session/cd8dad5b6aa98ad5f0615c697c2d4924/element/f.73A3896108CAD0F2DAB8766297627504.d.9422FB5F0B73EF34ADDA493033B5C57F.e.11226/value - {"text":"ta7PKM26Au"}
COMMAND: GET /session/cd8dad5b6aa98ad5f0615c697c2d4924/screenshot - {}
RESULT: {"text":"ta7PKM26Au"}
COMMAND: GET /session/cd8dad5b6aa98ad5f0615c697c2d4924/screenshot - {}
RESULT: {}
RESULT: {}
COMMAND: POST /session/cd8dad5b6aa98ad5f0615c697c2d4924/actions - {"actions":[{"id":"action41","type":"key","parameters":{},"actions":[{"type":"keyDown","value":""},{"type":"pause","duration":10},{"type":"keyUp","value":""}]}]}
RESULT: {"actions":[{"id":"action41","type":"key","parameters":{},"actions":[{"type":"keyDown","value":""},{"type":"pause","duration":10},{"type":"keyUp","value":""}]}]}
RESULT: undefined
COMMAND: POST /session/cd8dad5b6aa98ad5f0615c697c2d4924/execute/async - {"script":"<script> [776 bytes]","args":[{"enterText":"1","selector":{"id":"application-manageconditionprice-display-component---newCondition--condBaseQty","interaction":{"idSuffix":"inner"}},"clearTextFirst":true,"interactionType":"ENTER_TEXT"}]}
COMMAND: GET /session/cd8dad5b6aa98ad5f0615c697c2d4924/screenshot - {}
RESULT: {"script":"<script> [776 bytes]","args":[{"enterText":"1","selector":{"id":"application-manageconditionprice-display-component---newCondition--condBaseQty","interaction":{"idSuffix":"inner"}},"clearTextFirst":true,"interactionType":"ENTER_TEXT"}]}
RESULT: undefined
COMMAND: POST /session/cd8dad5b6aa98ad5f0615c697c2d4924/execute/async - {"script":"<script> [776 bytes]","args":[{"enterText":"100","selector":{"id":"application-manageconditionprice-display-component---newCondition--condValue","interaction":{"idSuffix":"inner"}},"clearTextFirst":true,"interactionType":"ENTER_TEXT"}]}
RESULT: {}
RESULT: {"script":"<script> [776 bytes]","args":[{"enterText":"100","selector":{"id":"application-manageconditionprice-display-component---newCondition--condValue","interaction":{"idSuffix":"inner"}},"clearTextFirst":true,"interactionType":"ENTER_TEXT"}]}
RESULT: undefined
COMMAND: POST /session/cd8dad5b6aa98ad5f0615c697c2d4924/element - {"using":"xpath","value":"//*[@id=\"application-manageconditionprice-display-component---newCondition--condCurr-arrow\"]"}
RESULT: {"using":"xpath","value":"//*[@id=\"application-manageconditionprice-display-component---newCondition--condCurr-arrow\"]"}
COMMAND: POST /session/cd8dad5b6aa98ad5f0615c697c2d4924/element/f.73A3896108CAD0F2DAB8766297627504.d.9422FB5F0B73EF34ADDA493033B5C57F.e.11451/click - {}
RESULT: {}
COMMAND: POST /session/cd8dad5b6aa98ad5f0615c697c2d4924/element - {"using":"xpath","value":"//span[contains(text(), \"Euro\")]"}
COMMAND: GET /session/cd8dad5b6aa98ad5f0615c697c2d4924/screenshot - {}
RESULT: {"using":"xpath","value":"//span[contains(text(), \"Euro\")]"}
COMMAND: POST /session/cd8dad5b6aa98ad5f0615c697c2d4924/element/f.73A3896108CAD0F2DAB8766297627504.d.9422FB5F0B73EF34ADDA493033B5C57F.e.11536/click - {}
RESULT: {}
RESULT: {}
COMMAND: POST /session/cd8dad5b6aa98ad5f0615c697c2d4924/element - {"using":"xpath","value":"//button[@data-kt=\"saveButton\"]"}
COMMAND: GET /session/cd8dad5b6aa98ad5f0615c697c2d4924/screenshot - {}
RESULT: {"using":"xpath","value":"//button[@data-kt=\"saveButton\"]"}
COMMAND: POST /session/cd8dad5b6aa98ad5f0615c697c2d4924/element/f.73A3896108CAD0F2DAB8766297627504.d.9422FB5F0B73EF34ADDA493033B5C57F.e.11452/click - {}
RESULT: {}
RESULT: {}
COMMAND: GET /session/cd8dad5b6aa98ad5f0615c697c2d4924/screenshot - {}
RESULT: {}
RESULT: undefined
COMMAND: POST /session/cd8dad5b6aa98ad5f0615c697c2d4924/execute/async - {"script":"<script> [776 bytes]","args":[{"enterText":"ta7PKM26Au","selector":{"id":"application-manageconditionprice-display-component---conditions--smartFilterBar-btnBasicSearch","interaction":{"idSuffix":"I"}},"clearTextFirst":true,"interactionType":"ENTER_TEXT"}]}
RESULT: {"script":"<script> [776 bytes]","args":[{"enterText":"ta7PKM26Au","selector":{"id":"application-manageconditionprice-display-component---conditions--smartFilterBar-btnBasicSearch","interaction":{"idSuffix":"I"}},"clearTextFirst":true,"interactionType":"ENTER_TEXT"}]}
COMMAND: POST /session/cd8dad5b6aa98ad5f0615c697c2d4924/actions - {"actions":[{"id":"action42","type":"key","parameters":{},"actions":[{"type":"keyDown","value":""},{"type":"pause","duration":10},{"type":"keyUp","value":""}]}]}
RESULT: {"actions":[{"id":"action42","type":"key","parameters":{},"actions":[{"type":"keyDown","value":""},{"type":"pause","duration":10},{"type":"keyUp","value":""}]}]}
COMMAND: GET /session/cd8dad5b6aa98ad5f0615c697c2d4924/screenshot - {}
RESULT: {}
RESULT: undefined
COMMAND: POST /session/cd8dad5b6aa98ad5f0615c697c2d4924/element - {"using":"xpath","value":"//*[@id=\"application-manageconditionprice-display-component---conditions--smartFilterBar-filterItemControl_BASIC-BILL_TYPES-vhi\"]"}
RESULT: {"using":"xpath","value":"//*[@id=\"application-manageconditionprice-display-component---conditions--smartFilterBar-filterItemControl_BASIC-BILL_TYPES-vhi\"]"}
COMMAND: POST /session/cd8dad5b6aa98ad5f0615c697c2d4924/element/f.73A3896108CAD0F2DAB8766297627504.d.9422FB5F0B73EF34ADDA493033B5C57F.e.11577/click - {}
RESULT: {}
RESULT: undefined
COMMAND: POST /session/cd8dad5b6aa98ad5f0615c697c2d4924/execute/async - {"script":"<script> [776 bytes]","args":[{"enterText":"TB","selector":{"id":"application-manageconditionprice-display-component---conditions--smartFilterBar-filterItemControl_BASIC-BILL_TYPES-valueHelpDialog-smartFilterBar-btnBasicSearch","searchOpenDialogs":true,"interaction":{"idSuffix":"I"}},"clearTextFirst":true,"interactionType":"ENTER_TEXT"}]}
COMMAND: GET /session/cd8dad5b6aa98ad5f0615c697c2d4924/screenshot - {}
RESULT: {"script":"<script> [776 bytes]","args":[{"enterText":"TB","selector":{"id":"application-manageconditionprice-display-component---conditions--smartFilterBar-filterItemControl_BASIC-BILL_TYPES-valueHelpDialog-smartFilterBar-btnBasicSearch","searchOpenDialogs":true,"interaction":{"idSuffix":"I"}},"clearTextFirst":true,"interactionType":"ENTER_TEXT"}]}
COMMAND: POST /session/cd8dad5b6aa98ad5f0615c697c2d4924/actions - {"actions":[{"id":"action43","type":"key","parameters":{},"actions":[{"type":"keyDown","value":""},{"type":"pause","duration":10},{"type":"keyUp","value":""}]}]}
RESULT: {}
RESULT: {"actions":[{"id":"action43","type":"key","parameters":{},"actions":[{"type":"keyDown","value":""},{"type":"pause","duration":10},{"type":"keyUp","value":""}]}]}
COMMAND: GET /session/cd8dad5b6aa98ad5f0615c697c2d4924/screenshot - {}
RESULT: {}
COMMAND: POST /session/cd8dad5b6aa98ad5f0615c697c2d4924/element - {"using":"xpath","value":"//div[contains(@id, 'application-manageconditionprice-display-component---conditions--smartFilterBar-filterItemControl_BASIC-BILL_TYPES-valueHelpDialog-table-rowsel0')]"}
RESULT: {"using":"xpath","value":"//div[contains(@id, 'application-manageconditionprice-display-component---conditions--smartFilterBar-filterItemControl_BASIC-BILL_TYPES-valueHelpDialog-table-rowsel0')]"}
COMMAND: POST /session/cd8dad5b6aa98ad5f0615c697c2d4924/element/f.73A3896108CAD0F2DAB8766297627504.d.9422FB5F0B73EF34ADDA493033B5C57F.e.11586/click - {}
RESULT: {}
COMMAND: GET /session/cd8dad5b6aa98ad5f0615c697c2d4924/screenshot - {}
RESULT: {}
COMMAND: POST /session/cd8dad5b6aa98ad5f0615c697c2d4924/element - {"using":"xpath","value":"//bdi[contains(text(), \"OK\")]"}
RESULT: {"using":"xpath","value":"//bdi[contains(text(), \"OK\")]"}
COMMAND: POST /session/cd8dad5b6aa98ad5f0615c697c2d4924/element/f.73A3896108CAD0F2DAB8766297627504.d.9422FB5F0B73EF34ADDA493033B5C57F.e.11588/click - {}
RESULT: {}
COMMAND: GET /session/cd8dad5b6aa98ad5f0615c697c2d4924/screenshot - {}
RESULT: {}
COMMAND: POST /session/cd8dad5b6aa98ad5f0615c697c2d4924/element - {"using":"xpath","value":"//span[@id=\"application-manageconditionprice-display-component---conditions--smartTable-header-inner\"]"}
RESULT: {"using":"xpath","value":"//span[@id=\"application-manageconditionprice-display-component---conditions--smartTable-header-inner\"]"}
COMMAND: POST /session/cd8dad5b6aa98ad5f0615c697c2d4924/elements - {"using":"xpath","value":"//span[@id=\"application-manageconditionprice-display-component---conditions--smartTable-header-inner\"]"}
RESULT: {"using":"xpath","value":"//span[@id=\"application-manageconditionprice-display-component---conditions--smartTable-header-inner\"]"}
COMMAND: POST /session/cd8dad5b6aa98ad5f0615c697c2d4924/execute/sync - {"script":"<script> [56 bytes]","args":[{"element-6066-11e4-a52e-4f735466cecf":"f.73A3896108CAD0F2DAB8766297627504.d.9422FB5F0B73EF34ADDA493033B5C57F.e.11597","ELEMENT":"f.73A3896108CAD0F2DAB8766297627504.d.9422FB5F0B73EF34ADDA493033B5C57F.e.11597"}]}
RESULT: {"script":"<script> [56 bytes]","args":[{"element-6066-11e4-a52e-4f735466cecf":"f.73A3896108CAD0F2DAB8766297627504.d.9422FB5F0B73EF34ADDA493033B5C57F.e.11597","ELEMENT":"f.73A3896108CAD0F2DAB8766297627504.d.9422FB5F0B73EF34ADDA493033B5C57F.e.11597"}]}
COMMAND: POST /session/cd8dad5b6aa98ad5f0615c697c2d4924/element - {"using":"css selector","value":"#shell-header-logo"}
COMMAND: GET /session/cd8dad5b6aa98ad5f0615c697c2d4924/screenshot - {}
RESULT: {"using":"css selector","value":"#shell-header-logo"}
COMMAND: POST /session/cd8dad5b6aa98ad5f0615c697c2d4924/element/f.73A3896108CAD0F2DAB8766297627504.d.9422FB5F0B73EF34ADDA493033B5C57F.e.10986/click - {}
RESULT: {}
RESULT: {}
COMMAND: GET /session/cd8dad5b6aa98ad5f0615c697c2d4924/screenshot - {}
RESULT: {}
]]></system-out>
    </testcase>
    <testcase classname="chrome.136_0_7103_93.windows.Create_master_data_for_mixed_billing_&amp;_do_billing_calculation_US151661" name="Should do a stock increase handover" time="93.385">
      <system-out><![CDATA[
COMMAND: POST /session/cd8dad5b6aa98ad5f0615c697c2d4924/execute/async - {"script":"<script> [1562 bytes]","args":[{"selector":{"controlType":"sap.m.GenericTile","properties":{"header":"Manage Handovers"}},"wdio_ui5_key":"sapm.GenericTile{\"header\":\"Manage Handovers\"}"}]}
RESULT: {"script":"<script> [1562 bytes]","args":[{"selector":{"controlType":"sap.m.GenericTile","properties":{"header":"Manage Handovers"}},"wdio_ui5_key":"sapm.GenericTile{\"header\":\"Manage Handovers\"}"}]}
RESULT: undefined
COMMAND: POST /session/cd8dad5b6aa98ad5f0615c697c2d4924/element - {"using":"xpath","value":"//*[@id=\"__tile130\"]"}
RESULT: {"using":"xpath","value":"//*[@id=\"__tile130\"]"}
COMMAND: POST /session/cd8dad5b6aa98ad5f0615c697c2d4924/element/f.73A3896108CAD0F2DAB8766297627504.d.9422FB5F0B73EF34ADDA493033B5C57F.e.6587/click - {}
RESULT: {}
COMMAND: GET /session/cd8dad5b6aa98ad5f0615c697c2d4924/screenshot - {}
RESULT: {}
COMMAND: POST /session/cd8dad5b6aa98ad5f0615c697c2d4924/elements - {"using":"xpath","value":"//span[text()='Error']"}
RESULT: {"using":"xpath","value":"//span[text()='Error']"}
COMMAND: POST /session/cd8dad5b6aa98ad5f0615c697c2d4924/element - {"using":"xpath","value":"//button[@data-kt=\"masterHOAddButton\"]"}
RESULT: {"using":"xpath","value":"//button[@data-kt=\"masterHOAddButton\"]"}
COMMAND: POST /session/cd8dad5b6aa98ad5f0615c697c2d4924/elements - {"using":"xpath","value":"//button[@data-kt=\"masterHOAddButton\"]"}
RESULT: {"using":"xpath","value":"//button[@data-kt=\"masterHOAddButton\"]"}
COMMAND: POST /session/cd8dad5b6aa98ad5f0615c697c2d4924/execute/sync - {"script":"<script> [8489 bytes]","args":[{"element-6066-11e4-a52e-4f735466cecf":"f.73A3896108CAD0F2DAB8766297627504.d.9422FB5F0B73EF34ADDA493033B5C57F.e.11629","ELEMENT":"f.73A3896108CAD0F2DAB8766297627504.d.9422FB5F0B73EF34ADDA493033B5C57F.e.11629"}]}
RESULT: {"script":"<script> [8489 bytes]","args":[{"element-6066-11e4-a52e-4f735466cecf":"f.73A3896108CAD0F2DAB8766297627504.d.9422FB5F0B73EF34ADDA493033B5C57F.e.11629","ELEMENT":"f.73A3896108CAD0F2DAB8766297627504.d.9422FB5F0B73EF34ADDA493033B5C57F.e.11629"}]}
COMMAND: GET /session/cd8dad5b6aa98ad5f0615c697c2d4924/element/f.73A3896108CAD0F2DAB8766297627504.d.9422FB5F0B73EF34ADDA493033B5C57F.e.11629/enabled - {}
COMMAND: GET /session/cd8dad5b6aa98ad5f0615c697c2d4924/screenshot - {}
RESULT: {}
COMMAND: POST /session/cd8dad5b6aa98ad5f0615c697c2d4924/execute/sync - {"script":"<script> [8489 bytes]","args":[{"element-6066-11e4-a52e-4f735466cecf":"f.73A3896108CAD0F2DAB8766297627504.d.9422FB5F0B73EF34ADDA493033B5C57F.e.11629","ELEMENT":"f.73A3896108CAD0F2DAB8766297627504.d.9422FB5F0B73EF34ADDA493033B5C57F.e.11629"}]}
COMMAND: GET /session/cd8dad5b6aa98ad5f0615c697c2d4924/screenshot - {}
RESULT: {}
RESULT: {"script":"<script> [8489 bytes]","args":[{"element-6066-11e4-a52e-4f735466cecf":"f.73A3896108CAD0F2DAB8766297627504.d.9422FB5F0B73EF34ADDA493033B5C57F.e.11629","ELEMENT":"f.73A3896108CAD0F2DAB8766297627504.d.9422FB5F0B73EF34ADDA493033B5C57F.e.11629"}]}
COMMAND: POST /session/cd8dad5b6aa98ad5f0615c697c2d4924/execute/sync - {"script":"<script> [5351 bytes]","args":[{"element-6066-11e4-a52e-4f735466cecf":"f.73A3896108CAD0F2DAB8766297627504.d.9422FB5F0B73EF34ADDA493033B5C57F.e.11629","ELEMENT":"f.73A3896108CAD0F2DAB8766297627504.d.9422FB5F0B73EF34ADDA493033B5C57F.e.11629"}]}
COMMAND: GET /session/cd8dad5b6aa98ad5f0615c697c2d4924/screenshot - {}
RESULT: {}
RESULT: {"script":"<script> [5351 bytes]","args":[{"element-6066-11e4-a52e-4f735466cecf":"f.73A3896108CAD0F2DAB8766297627504.d.9422FB5F0B73EF34ADDA493033B5C57F.e.11629","ELEMENT":"f.73A3896108CAD0F2DAB8766297627504.d.9422FB5F0B73EF34ADDA493033B5C57F.e.11629"}]}
COMMAND: POST /session/cd8dad5b6aa98ad5f0615c697c2d4924/element/f.73A3896108CAD0F2DAB8766297627504.d.9422FB5F0B73EF34ADDA493033B5C57F.e.11629/click - {}
COMMAND: GET /session/cd8dad5b6aa98ad5f0615c697c2d4924/screenshot - {}
RESULT: {}
RESULT: {}
COMMAND: GET /session/cd8dad5b6aa98ad5f0615c697c2d4924/screenshot - {}
RESULT: {}
RESULT: {}
COMMAND: POST /session/cd8dad5b6aa98ad5f0615c697c2d4924/element - {"using":"xpath","value":"//span[contains(@id ,\"AddNewHO--typeSelect-arrow\")]"}
RESULT: {"using":"xpath","value":"//span[contains(@id ,\"AddNewHO--typeSelect-arrow\")]"}
COMMAND: POST /session/cd8dad5b6aa98ad5f0615c697c2d4924/element/f.73A3896108CAD0F2DAB8766297627504.d.9422FB5F0B73EF34ADDA493033B5C57F.e.11976/click - {}
RESULT: {}
COMMAND: GET /session/cd8dad5b6aa98ad5f0615c697c2d4924/screenshot - {}
RESULT: {}
COMMAND: POST /session/cd8dad5b6aa98ad5f0615c697c2d4924/element - {"using":"xpath","value":"(//li[contains(text(), \"stock increase yard\")])[1]"}
RESULT: {"using":"xpath","value":"(//li[contains(text(), \"stock increase yard\")])[1]"}
COMMAND: POST /session/cd8dad5b6aa98ad5f0615c697c2d4924/element/f.73A3896108CAD0F2DAB8766297627504.d.9422FB5F0B73EF34ADDA493033B5C57F.e.11977/click - {}
RESULT: {}
COMMAND: GET /session/cd8dad5b6aa98ad5f0615c697c2d4924/screenshot - {}
RESULT: {}
COMMAND: POST /session/cd8dad5b6aa98ad5f0615c697c2d4924/execute/async - {"script":"<script> [1562 bytes]","args":[{"selector":{"id":"application-managehandovers-display-component---AddNewHO--dueDate","interaction":{"idSuffix":"inner"}},"wdio_ui5_key":"applicationmanagehandovers-display-component---AddNewHO--dueDate"}]}
RESULT: {"script":"<script> [1562 bytes]","args":[{"selector":{"id":"application-managehandovers-display-component---AddNewHO--dueDate","interaction":{"idSuffix":"inner"}},"wdio_ui5_key":"applicationmanagehandovers-display-component---AddNewHO--dueDate"}]}
RESULT: undefined
COMMAND: POST /session/cd8dad5b6aa98ad5f0615c697c2d4924/execute/async - {"script":"<script> [6424 bytes]","args":[{"element-6066-11e4-a52e-4f735466cecf":"f.73A3896108CAD0F2DAB8766297627504.d.9422FB5F0B73EF34ADDA493033B5C57F.e.11979"},"setValue",["5/21/25"]]}
RESULT: {"script":"<script> [6424 bytes]","args":[{"element-6066-11e4-a52e-4f735466cecf":"f.73A3896108CAD0F2DAB8766297627504.d.9422FB5F0B73EF34ADDA493033B5C57F.e.11979"},"setValue",["5/21/25"]]}
COMMAND: POST /session/cd8dad5b6aa98ad5f0615c697c2d4924/element - {"using":"xpath","value":"//input[@id=\"generalSectionFrg--receiveYard-inner\"]"}
RESULT: {"using":"xpath","value":"//input[@id=\"generalSectionFrg--receiveYard-inner\"]"}
COMMAND: POST /session/cd8dad5b6aa98ad5f0615c697c2d4924/element/f.73A3896108CAD0F2DAB8766297627504.d.9422FB5F0B73EF34ADDA493033B5C57F.e.11983/clear - {}
RESULT: {}
COMMAND: POST /session/cd8dad5b6aa98ad5f0615c697c2d4924/element/f.73A3896108CAD0F2DAB8766297627504.d.9422FB5F0B73EF34ADDA493033B5C57F.e.11983/value - {"text":"641"}
COMMAND: GET /session/cd8dad5b6aa98ad5f0615c697c2d4924/screenshot - {}
RESULT: {"text":"641"}
COMMAND: GET /session/cd8dad5b6aa98ad5f0615c697c2d4924/screenshot - {}
RESULT: {}
RESULT: {}
COMMAND: POST /session/cd8dad5b6aa98ad5f0615c697c2d4924/element - {"using":"xpath","value":"//li[.//span[text()='641']]"}
RESULT: {"using":"xpath","value":"//li[.//span[text()='641']]"}
COMMAND: POST /session/cd8dad5b6aa98ad5f0615c697c2d4924/element/f.73A3896108CAD0F2DAB8766297627504.d.9422FB5F0B73EF34ADDA493033B5C57F.e.12000/click - {}
RESULT: {}
COMMAND: GET /session/cd8dad5b6aa98ad5f0615c697c2d4924/screenshot - {}
RESULT: {}
COMMAND: POST /session/cd8dad5b6aa98ad5f0615c697c2d4924/execute/async - {"script":"<script> [1562 bytes]","args":[{"selector":{"id":"application-managehandovers-display-component---AddNewHO--ObjectPageLayout-anchBar-application-managehandovers-display-component---AddNewHO--section4-anchor","interaction":{"idSuffix":"BDI-content"}},"wdio_ui5_key":"applicationmanagehandovers-display-component---AddNewHO--ObjectPageLayout-anchBar-application-managehandovers-display-component---AddNewHO--section4-anchor"}]}
RESULT: {"script":"<script> [1562 bytes]","args":[{"selector":{"id":"application-managehandovers-display-component---AddNewHO--ObjectPageLayout-anchBar-application-managehandovers-display-component---AddNewHO--section4-anchor","interaction":{"idSuffix":"BDI-content"}},"wdio_ui5_key":"applicationmanagehandovers-display-component---AddNewHO--ObjectPageLayout-anchBar-application-managehandovers-display-component---AddNewHO--section4-anchor"}]}
RESULT: undefined
COMMAND: POST /session/cd8dad5b6aa98ad5f0615c697c2d4924/element - {"using":"xpath","value":"//*[@id=\"application-managehandovers-display-component---AddNewHO--ObjectPageLayout-anchBar-application-managehandovers-display-component---AddNewHO--section4-anchor\"]"}
RESULT: {"using":"xpath","value":"//*[@id=\"application-managehandovers-display-component---AddNewHO--ObjectPageLayout-anchBar-application-managehandovers-display-component---AddNewHO--section4-anchor\"]"}
COMMAND: POST /session/cd8dad5b6aa98ad5f0615c697c2d4924/element/f.73A3896108CAD0F2DAB8766297627504.d.9422FB5F0B73EF34ADDA493033B5C57F.e.12002/click - {}
RESULT: {}
COMMAND: POST /session/cd8dad5b6aa98ad5f0615c697c2d4924/element - {"using":"xpath","value":"//button[@aria-label=\"Add\"]"}
COMMAND: GET /session/cd8dad5b6aa98ad5f0615c697c2d4924/screenshot - {}
RESULT: {"using":"xpath","value":"//button[@aria-label=\"Add\"]"}
COMMAND: POST /session/cd8dad5b6aa98ad5f0615c697c2d4924/element/f.73A3896108CAD0F2DAB8766297627504.d.9422FB5F0B73EF34ADDA493033B5C57F.e.12004/click - {}
RESULT: {}
RESULT: {}
COMMAND: GET /session/cd8dad5b6aa98ad5f0615c697c2d4924/screenshot - {}
RESULT: {}
COMMAND: POST /session/cd8dad5b6aa98ad5f0615c697c2d4924/execute/async - {"script":"<script> [1562 bytes]","args":[{"selector":{"id":"application-managehandovers-display-component---AddNewHO--smartFilterBar-btnBasicSearch","searchOpenDialogs":true,"interaction":{"idSuffix":"I"}},"wdio_ui5_key":"applicationmanagehandovers-display-component---AddNewHO--smartFilterBar-btnBasicSearch"}]}
RESULT: {"script":"<script> [1562 bytes]","args":[{"selector":{"id":"application-managehandovers-display-component---AddNewHO--smartFilterBar-btnBasicSearch","searchOpenDialogs":true,"interaction":{"idSuffix":"I"}},"wdio_ui5_key":"applicationmanagehandovers-display-component---AddNewHO--smartFilterBar-btnBasicSearch"}]}
RESULT: undefined
COMMAND: POST /session/cd8dad5b6aa98ad5f0615c697c2d4924/execute/async - {"script":"<script> [776 bytes]","args":[{"enterText":"ta7PKM26Au","selector":{"id":"application-managehandovers-display-component---AddNewHO--smartFilterBar-btnBasicSearch","searchOpenDialogs":true,"interaction":{"idSuffix":"I"}},"clearTextFirst":true,"interactionType":"ENTER_TEXT"}]}
RESULT: {"script":"<script> [776 bytes]","args":[{"enterText":"ta7PKM26Au","selector":{"id":"application-managehandovers-display-component---AddNewHO--smartFilterBar-btnBasicSearch","searchOpenDialogs":true,"interaction":{"idSuffix":"I"}},"clearTextFirst":true,"interactionType":"ENTER_TEXT"}]}
COMMAND: POST /session/cd8dad5b6aa98ad5f0615c697c2d4924/actions - {"actions":[{"id":"action44","type":"key","parameters":{},"actions":[{"type":"keyDown","value":""},{"type":"pause","duration":10},{"type":"keyUp","value":""}]}]}
RESULT: {"actions":[{"id":"action44","type":"key","parameters":{},"actions":[{"type":"keyDown","value":""},{"type":"pause","duration":10},{"type":"keyUp","value":""}]}]}
COMMAND: GET /session/cd8dad5b6aa98ad5f0615c697c2d4924/screenshot - {}
RESULT: {}
COMMAND: POST /session/cd8dad5b6aa98ad5f0615c697c2d4924/execute/async - {"script":"<script> [1562 bytes]","args":[{"selector":{"id":"application-managehandovers-display-component---AddNewHO--popup-sa","searchOpenDialogs":true,"interaction":{"idSuffix":"CbBg"}},"wdio_ui5_key":"applicationmanagehandovers-display-component---AddNewHO--popup-sa"}]}
RESULT: {"script":"<script> [1562 bytes]","args":[{"selector":{"id":"application-managehandovers-display-component---AddNewHO--popup-sa","searchOpenDialogs":true,"interaction":{"idSuffix":"CbBg"}},"wdio_ui5_key":"applicationmanagehandovers-display-component---AddNewHO--popup-sa"}]}
RESULT: undefined
COMMAND: POST /session/cd8dad5b6aa98ad5f0615c697c2d4924/element - {"using":"xpath","value":"//*[@id=\"application-managehandovers-display-component---AddNewHO--popup-sa\"]"}
RESULT: {"using":"xpath","value":"//*[@id=\"application-managehandovers-display-component---AddNewHO--popup-sa\"]"}
COMMAND: POST /session/cd8dad5b6aa98ad5f0615c697c2d4924/element/f.73A3896108CAD0F2DAB8766297627504.d.9422FB5F0B73EF34ADDA493033B5C57F.e.12156/click - {}
RESULT: {}
COMMAND: GET /session/cd8dad5b6aa98ad5f0615c697c2d4924/screenshot - {}
RESULT: {}
COMMAND: POST /session/cd8dad5b6aa98ad5f0615c697c2d4924/element - {"using":"xpath","value":"//bdi[contains(text(), \"Select\")]"}
RESULT: {"using":"xpath","value":"//bdi[contains(text(), \"Select\")]"}
COMMAND: POST /session/cd8dad5b6aa98ad5f0615c697c2d4924/element/f.73A3896108CAD0F2DAB8766297627504.d.9422FB5F0B73EF34ADDA493033B5C57F.e.12157/click - {}
RESULT: {}
COMMAND: GET /session/cd8dad5b6aa98ad5f0615c697c2d4924/screenshot - {}
RESULT: {}
COMMAND: POST /session/cd8dad5b6aa98ad5f0615c697c2d4924/element - {"using":"xpath","value":"//button[@data-kt=\"AddNewHOSaveButton\"]"}
RESULT: {"using":"xpath","value":"//button[@data-kt=\"AddNewHOSaveButton\"]"}
COMMAND: POST /session/cd8dad5b6aa98ad5f0615c697c2d4924/element/f.73A3896108CAD0F2DAB8766297627504.d.9422FB5F0B73EF34ADDA493033B5C57F.e.12161/click - {}
RESULT: {}
COMMAND: GET /session/cd8dad5b6aa98ad5f0615c697c2d4924/screenshot - {}
RESULT: {}
COMMAND: POST /session/cd8dad5b6aa98ad5f0615c697c2d4924/execute/async - {"script":"<script> [1562 bytes]","args":[{"selector":{"id":"receiptDatePicker","viewName":"etm.portal.ui.managehandovers.view.DetailExecuteHO","interaction":{"idSuffix":"inner"}},"wdio_ui5_key":"receiptDatePickeretmportal.ui.managehandovers.view.DetailExecuteHO"}]}
RESULT: {"script":"<script> [1562 bytes]","args":[{"selector":{"id":"receiptDatePicker","viewName":"etm.portal.ui.managehandovers.view.DetailExecuteHO","interaction":{"idSuffix":"inner"}},"wdio_ui5_key":"receiptDatePickeretmportal.ui.managehandovers.view.DetailExecuteHO"}]}
RESULT: undefined
COMMAND: POST /session/cd8dad5b6aa98ad5f0615c697c2d4924/execute/async - {"script":"<script> [6424 bytes]","args":[{"element-6066-11e4-a52e-4f735466cecf":"f.73A3896108CAD0F2DAB8766297627504.d.9422FB5F0B73EF34ADDA493033B5C57F.e.12178"},"setValue",["5/21/25"]]}
RESULT: {"script":"<script> [6424 bytes]","args":[{"element-6066-11e4-a52e-4f735466cecf":"f.73A3896108CAD0F2DAB8766297627504.d.9422FB5F0B73EF34ADDA493033B5C57F.e.12178"},"setValue",["5/21/25"]]}
COMMAND: POST /session/cd8dad5b6aa98ad5f0615c697c2d4924/element - {"using":"xpath","value":"//button[@data-kt=\"PickingTableConfirmAllButton\"]"}
RESULT: {"using":"xpath","value":"//button[@data-kt=\"PickingTableConfirmAllButton\"]"}
COMMAND: POST /session/cd8dad5b6aa98ad5f0615c697c2d4924/element/f.73A3896108CAD0F2DAB8766297627504.d.9422FB5F0B73EF34ADDA493033B5C57F.e.12193/click - {}
RESULT: {}
COMMAND: GET /session/cd8dad5b6aa98ad5f0615c697c2d4924/screenshot - {}
RESULT: {}
COMMAND: POST /session/cd8dad5b6aa98ad5f0615c697c2d4924/element - {"using":"xpath","value":"//bdi[contains(text(), \"OK\")]"}
RESULT: {"using":"xpath","value":"//bdi[contains(text(), \"OK\")]"}
COMMAND: POST /session/cd8dad5b6aa98ad5f0615c697c2d4924/element/f.73A3896108CAD0F2DAB8766297627504.d.9422FB5F0B73EF34ADDA493033B5C57F.e.12195/click - {}
RESULT: {}
COMMAND: GET /session/cd8dad5b6aa98ad5f0615c697c2d4924/screenshot - {}
RESULT: {}
COMMAND: POST /session/cd8dad5b6aa98ad5f0615c697c2d4924/element - {"using":"xpath","value":"(//bdi[contains(text(), \"Receive\")])[2]"}
RESULT: {"using":"xpath","value":"(//bdi[contains(text(), \"Receive\")])[2]"}
COMMAND: POST /session/cd8dad5b6aa98ad5f0615c697c2d4924/element/f.73A3896108CAD0F2DAB8766297627504.d.9422FB5F0B73EF34ADDA493033B5C57F.e.12197/click - {}
RESULT: {}
COMMAND: GET /session/cd8dad5b6aa98ad5f0615c697c2d4924/screenshot - {}
RESULT: {}
COMMAND: POST /session/cd8dad5b6aa98ad5f0615c697c2d4924/element - {"using":"css selector","value":"#shell-header-logo"}
RESULT: {"using":"css selector","value":"#shell-header-logo"}
COMMAND: POST /session/cd8dad5b6aa98ad5f0615c697c2d4924/element/f.73A3896108CAD0F2DAB8766297627504.d.9422FB5F0B73EF34ADDA493033B5C57F.e.11601/click - {}
RESULT: {}
COMMAND: GET /session/cd8dad5b6aa98ad5f0615c697c2d4924/screenshot - {}
RESULT: {}
]]></system-out>
    </testcase>
    <testcase classname="chrome.136_0_7103_93.windows.Create_master_data_for_mixed_billing_&amp;_do_billing_calculation_US151661" name="Should create a new contract" time="68.001">
      <system-out><![CDATA[
COMMAND: POST /session/cd8dad5b6aa98ad5f0615c697c2d4924/execute/async - {"script":"<script> [1562 bytes]","args":[{"selector":{"controlType":"sap.m.GenericTile","properties":{"header":"Manage Contracts"}},"wdio_ui5_key":"sapm.GenericTile{\"header\":\"Manage Contracts\"}"}]}
RESULT: {"script":"<script> [1562 bytes]","args":[{"selector":{"controlType":"sap.m.GenericTile","properties":{"header":"Manage Contracts"}},"wdio_ui5_key":"sapm.GenericTile{\"header\":\"Manage Contracts\"}"}]}
RESULT: undefined
COMMAND: POST /session/cd8dad5b6aa98ad5f0615c697c2d4924/element - {"using":"xpath","value":"//*[@id=\"__tile131\"]"}
RESULT: {"using":"xpath","value":"//*[@id=\"__tile131\"]"}
COMMAND: POST /session/cd8dad5b6aa98ad5f0615c697c2d4924/element/f.73A3896108CAD0F2DAB8766297627504.d.9422FB5F0B73EF34ADDA493033B5C57F.e.6515/click - {}
RESULT: {}
COMMAND: GET /session/cd8dad5b6aa98ad5f0615c697c2d4924/screenshot - {}
RESULT: {}
COMMAND: POST /session/cd8dad5b6aa98ad5f0615c697c2d4924/elements - {"using":"xpath","value":"//span[text()='Error']"}
RESULT: {"using":"xpath","value":"//span[text()='Error']"}
COMMAND: POST /session/cd8dad5b6aa98ad5f0615c697c2d4924/element - {"using":"xpath","value":"//button[@data-kt=\"addButton\"]"}
RESULT: {"using":"xpath","value":"//button[@data-kt=\"addButton\"]"}
COMMAND: POST /session/cd8dad5b6aa98ad5f0615c697c2d4924/elements - {"using":"xpath","value":"//button[@data-kt=\"addButton\"]"}
RESULT: {"using":"xpath","value":"//button[@data-kt=\"addButton\"]"}
COMMAND: POST /session/cd8dad5b6aa98ad5f0615c697c2d4924/execute/sync - {"script":"<script> [8489 bytes]","args":[{"element-6066-11e4-a52e-4f735466cecf":"f.73A3896108CAD0F2DAB8766297627504.d.9422FB5F0B73EF34ADDA493033B5C57F.e.12526","ELEMENT":"f.73A3896108CAD0F2DAB8766297627504.d.9422FB5F0B73EF34ADDA493033B5C57F.e.12526"}]}
RESULT: {"script":"<script> [8489 bytes]","args":[{"element-6066-11e4-a52e-4f735466cecf":"f.73A3896108CAD0F2DAB8766297627504.d.9422FB5F0B73EF34ADDA493033B5C57F.e.12526","ELEMENT":"f.73A3896108CAD0F2DAB8766297627504.d.9422FB5F0B73EF34ADDA493033B5C57F.e.12526"}]}
COMMAND: GET /session/cd8dad5b6aa98ad5f0615c697c2d4924/element/f.73A3896108CAD0F2DAB8766297627504.d.9422FB5F0B73EF34ADDA493033B5C57F.e.12526/enabled - {}
COMMAND: GET /session/cd8dad5b6aa98ad5f0615c697c2d4924/screenshot - {}
RESULT: {}
COMMAND: POST /session/cd8dad5b6aa98ad5f0615c697c2d4924/execute/sync - {"script":"<script> [8489 bytes]","args":[{"element-6066-11e4-a52e-4f735466cecf":"f.73A3896108CAD0F2DAB8766297627504.d.9422FB5F0B73EF34ADDA493033B5C57F.e.12526","ELEMENT":"f.73A3896108CAD0F2DAB8766297627504.d.9422FB5F0B73EF34ADDA493033B5C57F.e.12526"}]}
COMMAND: GET /session/cd8dad5b6aa98ad5f0615c697c2d4924/screenshot - {}
RESULT: {}
RESULT: {"script":"<script> [8489 bytes]","args":[{"element-6066-11e4-a52e-4f735466cecf":"f.73A3896108CAD0F2DAB8766297627504.d.9422FB5F0B73EF34ADDA493033B5C57F.e.12526","ELEMENT":"f.73A3896108CAD0F2DAB8766297627504.d.9422FB5F0B73EF34ADDA493033B5C57F.e.12526"}]}
COMMAND: POST /session/cd8dad5b6aa98ad5f0615c697c2d4924/execute/sync - {"script":"<script> [5351 bytes]","args":[{"element-6066-11e4-a52e-4f735466cecf":"f.73A3896108CAD0F2DAB8766297627504.d.9422FB5F0B73EF34ADDA493033B5C57F.e.12526","ELEMENT":"f.73A3896108CAD0F2DAB8766297627504.d.9422FB5F0B73EF34ADDA493033B5C57F.e.12526"}]}
COMMAND: GET /session/cd8dad5b6aa98ad5f0615c697c2d4924/screenshot - {}
RESULT: {}
RESULT: {"script":"<script> [5351 bytes]","args":[{"element-6066-11e4-a52e-4f735466cecf":"f.73A3896108CAD0F2DAB8766297627504.d.9422FB5F0B73EF34ADDA493033B5C57F.e.12526","ELEMENT":"f.73A3896108CAD0F2DAB8766297627504.d.9422FB5F0B73EF34ADDA493033B5C57F.e.12526"}]}
COMMAND: GET /session/cd8dad5b6aa98ad5f0615c697c2d4924/screenshot - {}
RESULT: {}
RESULT: {}
COMMAND: POST /session/cd8dad5b6aa98ad5f0615c697c2d4924/element/f.73A3896108CAD0F2DAB8766297627504.d.9422FB5F0B73EF34ADDA493033B5C57F.e.12526/click - {}
RESULT: {}
COMMAND: GET /session/cd8dad5b6aa98ad5f0615c697c2d4924/screenshot - {}
COMMAND: POST /session/cd8dad5b6aa98ad5f0615c697c2d4924/execute/async - {"script":"<script> [1562 bytes]","args":[{"selector":{"id":"application-managecontracts-display-component---AddNewContract--projectDescription","interaction":{"idSuffix":"inner"}},"wdio_ui5_key":"applicationmanagecontracts-display-component---AddNewContract--projectDescription"}]}
RESULT: {}
RESULT: {"script":"<script> [1562 bytes]","args":[{"selector":{"id":"application-managecontracts-display-component---AddNewContract--projectDescription","interaction":{"idSuffix":"inner"}},"wdio_ui5_key":"applicationmanagecontracts-display-component---AddNewContract--projectDescription"}]}
RESULT: undefined
COMMAND: POST /session/cd8dad5b6aa98ad5f0615c697c2d4924/execute/async - {"script":"<script> [776 bytes]","args":[{"enterText":"Mixed Contract WDIO","selector":{"id":"application-managecontracts-display-component---AddNewContract--projectDescription","interaction":{"idSuffix":"inner"}},"clearTextFirst":true,"interactionType":"ENTER_TEXT"}]}
RESULT: {"script":"<script> [776 bytes]","args":[{"enterText":"Mixed Contract WDIO","selector":{"id":"application-managecontracts-display-component---AddNewContract--projectDescription","interaction":{"idSuffix":"inner"}},"clearTextFirst":true,"interactionType":"ENTER_TEXT"}]}
COMMAND: POST /session/cd8dad5b6aa98ad5f0615c697c2d4924/element - {"using":"xpath","value":"//input[@id=\"application-managecontracts-display-component---AddNewContract--site-inner\"]"}
RESULT: {"using":"xpath","value":"//input[@id=\"application-managecontracts-display-component---AddNewContract--site-inner\"]"}
COMMAND: POST /session/cd8dad5b6aa98ad5f0615c697c2d4924/element/f.73A3896108CAD0F2DAB8766297627504.d.9422FB5F0B73EF34ADDA493033B5C57F.e.12883/clear - {}
RESULT: {}
COMMAND: POST /session/cd8dad5b6aa98ad5f0615c697c2d4924/element/f.73A3896108CAD0F2DAB8766297627504.d.9422FB5F0B73EF34ADDA493033B5C57F.e.12883/value - {"text":"2342"}
COMMAND: GET /session/cd8dad5b6aa98ad5f0615c697c2d4924/screenshot - {}
RESULT: {"text":"2342"}
COMMAND: GET /session/cd8dad5b6aa98ad5f0615c697c2d4924/screenshot - {}
RESULT: {}
RESULT: {}
COMMAND: POST /session/cd8dad5b6aa98ad5f0615c697c2d4924/element - {"using":"xpath","value":"//li[.//span[text()='2342']]"}
RESULT: {"using":"xpath","value":"//li[.//span[text()='2342']]"}
COMMAND: POST /session/cd8dad5b6aa98ad5f0615c697c2d4924/element/f.73A3896108CAD0F2DAB8766297627504.d.9422FB5F0B73EF34ADDA493033B5C57F.e.12910/click - {}
RESULT: {}
COMMAND: GET /session/cd8dad5b6aa98ad5f0615c697c2d4924/screenshot - {}
RESULT: {}
COMMAND: POST /session/cd8dad5b6aa98ad5f0615c697c2d4924/element - {"using":"xpath","value":"//input[@id=\"application-managecontracts-display-component---AddNewContract--yardId-inner\"]"}
RESULT: {"using":"xpath","value":"//input[@id=\"application-managecontracts-display-component---AddNewContract--yardId-inner\"]"}
COMMAND: GET /session/cd8dad5b6aa98ad5f0615c697c2d4924/element/f.73A3896108CAD0F2DAB8766297627504.d.9422FB5F0B73EF34ADDA493033B5C57F.e.12884/property/value - {}
RESULT: {}
COMMAND: POST /session/cd8dad5b6aa98ad5f0615c697c2d4924/element - {"using":"xpath","value":"//input[@id=\"application-managecontracts-display-component---AddNewContract--customerSelect-inner\"]"}
COMMAND: GET /session/cd8dad5b6aa98ad5f0615c697c2d4924/screenshot - {}
RESULT: {"using":"xpath","value":"//input[@id=\"application-managecontracts-display-component---AddNewContract--customerSelect-inner\"]"}
COMMAND: POST /session/cd8dad5b6aa98ad5f0615c697c2d4924/element/f.73A3896108CAD0F2DAB8766297627504.d.9422FB5F0B73EF34ADDA493033B5C57F.e.12882/clear - {}
RESULT: {}
RESULT: {}
COMMAND: POST /session/cd8dad5b6aa98ad5f0615c697c2d4924/element/f.73A3896108CAD0F2DAB8766297627504.d.9422FB5F0B73EF34ADDA493033B5C57F.e.12882/value - {"text":"1407"}
COMMAND: GET /session/cd8dad5b6aa98ad5f0615c697c2d4924/screenshot - {}
RESULT: {"text":"1407"}
COMMAND: GET /session/cd8dad5b6aa98ad5f0615c697c2d4924/screenshot - {}
RESULT: {}
RESULT: {}
COMMAND: POST /session/cd8dad5b6aa98ad5f0615c697c2d4924/element - {"using":"xpath","value":"//li[.//span[text()='1407']]"}
RESULT: {"using":"xpath","value":"//li[.//span[text()='1407']]"}
COMMAND: POST /session/cd8dad5b6aa98ad5f0615c697c2d4924/element/f.73A3896108CAD0F2DAB8766297627504.d.9422FB5F0B73EF34ADDA493033B5C57F.e.12913/click - {}
RESULT: {}
COMMAND: GET /session/cd8dad5b6aa98ad5f0615c697c2d4924/screenshot - {}
RESULT: {}
COMMAND: POST /session/cd8dad5b6aa98ad5f0615c697c2d4924/element - {"using":"xpath","value":"//button[@data-kt=\"saveButton\"]"}
RESULT: {"using":"xpath","value":"//button[@data-kt=\"saveButton\"]"}
COMMAND: POST /session/cd8dad5b6aa98ad5f0615c697c2d4924/element/f.73A3896108CAD0F2DAB8766297627504.d.9422FB5F0B73EF34ADDA493033B5C57F.e.12914/click - {}
RESULT: {}
COMMAND: GET /session/cd8dad5b6aa98ad5f0615c697c2d4924/screenshot - {}
RESULT: {}
COMMAND: POST /session/cd8dad5b6aa98ad5f0615c697c2d4924/element - {"using":"xpath","value":"//span[contains(@id ,\"contractDetailTitleNoExpanded\")]"}
RESULT: {"using":"xpath","value":"//span[contains(@id ,\"contractDetailTitleNoExpanded\")]"}
COMMAND: POST /session/cd8dad5b6aa98ad5f0615c697c2d4924/elements - {"using":"xpath","value":"//span[contains(@id ,\"contractDetailTitleNoExpanded\")]"}
RESULT: {"using":"xpath","value":"//span[contains(@id ,\"contractDetailTitleNoExpanded\")]"}
COMMAND: POST /session/cd8dad5b6aa98ad5f0615c697c2d4924/execute/sync - {"script":"<script> [56 bytes]","args":[{"element-6066-11e4-a52e-4f735466cecf":"f.73A3896108CAD0F2DAB8766297627504.d.9422FB5F0B73EF34ADDA493033B5C57F.e.12987","ELEMENT":"f.73A3896108CAD0F2DAB8766297627504.d.9422FB5F0B73EF34ADDA493033B5C57F.e.12987"}]}
RESULT: {"script":"<script> [56 bytes]","args":[{"element-6066-11e4-a52e-4f735466cecf":"f.73A3896108CAD0F2DAB8766297627504.d.9422FB5F0B73EF34ADDA493033B5C57F.e.12987","ELEMENT":"f.73A3896108CAD0F2DAB8766297627504.d.9422FB5F0B73EF34ADDA493033B5C57F.e.12987"}]}
COMMAND: GET /session/cd8dad5b6aa98ad5f0615c697c2d4924/screenshot - {}
RESULT: {}
]]></system-out>
    </testcase>
    <testcase classname="chrome.136_0_7103_93.windows.Create_master_data_for_mixed_billing_&amp;_do_billing_calculation_US151661" name="Should add equipment to the contract" time="69.995">
      <failure/>
      <error message="Contract Item NR did not appear after 20 seconds"/>
      <system-out><![CDATA[
COMMAND: POST /session/cd8dad5b6aa98ad5f0615c697c2d4924/element - {"using":"xpath","value":"//button[@data-kt=\"contractDetailEditBtnButton\"]"}
RESULT: {"using":"xpath","value":"//button[@data-kt=\"contractDetailEditBtnButton\"]"}
COMMAND: POST /session/cd8dad5b6aa98ad5f0615c697c2d4924/element/f.73A3896108CAD0F2DAB8766297627504.d.9422FB5F0B73EF34ADDA493033B5C57F.e.12989/click - {}
RESULT: {}
COMMAND: GET /session/cd8dad5b6aa98ad5f0615c697c2d4924/screenshot - {}
RESULT: {}
COMMAND: POST /session/cd8dad5b6aa98ad5f0615c697c2d4924/element - {"using":"xpath","value":"(//span[contains(text(), \"Additional Addresses\")])[2]"}
RESULT: {"using":"xpath","value":"(//span[contains(text(), \"Additional Addresses\")])[2]"}
COMMAND: POST /session/cd8dad5b6aa98ad5f0615c697c2d4924/element/f.73A3896108CAD0F2DAB8766297627504.d.9422FB5F0B73EF34ADDA493033B5C57F.e.13043/click - {}
RESULT: {}
COMMAND: GET /session/cd8dad5b6aa98ad5f0615c697c2d4924/screenshot - {}
RESULT: {}
COMMAND: POST /session/cd8dad5b6aa98ad5f0615c697c2d4924/element - {"using":"xpath","value":"//button[@data-kt=\"btnAddTableRowOverflowToolbarButton\"]"}
RESULT: {"using":"xpath","value":"//button[@data-kt=\"btnAddTableRowOverflowToolbarButton\"]"}
COMMAND: POST /session/cd8dad5b6aa98ad5f0615c697c2d4924/element/f.73A3896108CAD0F2DAB8766297627504.d.9422FB5F0B73EF34ADDA493033B5C57F.e.13048/click - {}
RESULT: {}
COMMAND: GET /session/cd8dad5b6aa98ad5f0615c697c2d4924/screenshot - {}
RESULT: {}
COMMAND: POST /session/cd8dad5b6aa98ad5f0615c697c2d4924/element - {"using":"xpath","value":"//div[(text() = 'Standard Entry' or . = 'Standard Entry')]"}
RESULT: {"using":"xpath","value":"//div[(text() = 'Standard Entry' or . = 'Standard Entry')]"}
COMMAND: POST /session/cd8dad5b6aa98ad5f0615c697c2d4924/element/f.73A3896108CAD0F2DAB8766297627504.d.9422FB5F0B73EF34ADDA493033B5C57F.e.13049/click - {}
RESULT: {}
COMMAND: GET /session/cd8dad5b6aa98ad5f0615c697c2d4924/screenshot - {}
RESULT: {}
COMMAND: POST /session/cd8dad5b6aa98ad5f0615c697c2d4924/element - {"using":"xpath","value":"//td[7]/div/div/input"}
RESULT: {"using":"xpath","value":"//td[7]/div/div/input"}
COMMAND: POST /session/cd8dad5b6aa98ad5f0615c697c2d4924/element/f.73A3896108CAD0F2DAB8766297627504.d.9422FB5F0B73EF34ADDA493033B5C57F.e.13058/clear - {}
RESULT: {}
COMMAND: POST /session/cd8dad5b6aa98ad5f0615c697c2d4924/element/f.73A3896108CAD0F2DAB8766297627504.d.9422FB5F0B73EF34ADDA493033B5C57F.e.13058/value - {"text":"ta7PKM26Au"}
COMMAND: GET /session/cd8dad5b6aa98ad5f0615c697c2d4924/screenshot - {}
RESULT: {"text":"ta7PKM26Au"}
COMMAND: GET /session/cd8dad5b6aa98ad5f0615c697c2d4924/screenshot - {}
RESULT: {}
RESULT: {}
COMMAND: POST /session/cd8dad5b6aa98ad5f0615c697c2d4924/actions - {"actions":[{"id":"action45","type":"key","parameters":{},"actions":[{"type":"keyDown","value":""},{"type":"pause","duration":10},{"type":"keyUp","value":""}]}]}
RESULT: {"actions":[{"id":"action45","type":"key","parameters":{},"actions":[{"type":"keyDown","value":""},{"type":"pause","duration":10},{"type":"keyUp","value":""}]}]}
COMMAND: GET /session/cd8dad5b6aa98ad5f0615c697c2d4924/screenshot - {}
COMMAND: POST /session/cd8dad5b6aa98ad5f0615c697c2d4924/execute/sync - {"script":"<script> [276 bytes]","args":["No pricing information was found"]}
RESULT: {}
RESULT: {"script":"<script> [276 bytes]","args":["No pricing information was found"]}
COMMAND: POST /session/cd8dad5b6aa98ad5f0615c697c2d4924/element - {"using":"xpath","value":"(//button[@data-kt=\"saveButton\"])[2]"}
COMMAND: GET /session/cd8dad5b6aa98ad5f0615c697c2d4924/screenshot - {}
RESULT: {"using":"xpath","value":"(//button[@data-kt=\"saveButton\"])[2]"}
COMMAND: POST /session/cd8dad5b6aa98ad5f0615c697c2d4924/element/f.73A3896108CAD0F2DAB8766297627504.d.9422FB5F0B73EF34ADDA493033B5C57F.e.13073/click - {}
RESULT: {}
RESULT: {}
COMMAND: GET /session/cd8dad5b6aa98ad5f0615c697c2d4924/screenshot - {}
RESULT: {}
COMMAND: POST /session/cd8dad5b6aa98ad5f0615c697c2d4924/execute/sync - {"script":"<script> [276 bytes]","args":["Some contract items are having rental validity exceeding header rental validity"]}
RESULT: {"script":"<script> [276 bytes]","args":["Some contract items are having rental validity exceeding header rental validity"]}
COMMAND: GET /session/cd8dad5b6aa98ad5f0615c697c2d4924/screenshot - {}
RESULT: {}
COMMAND: POST /session/cd8dad5b6aa98ad5f0615c697c2d4924/element - {"using":"xpath","value":"//span[contains(@id ,\"contractItemsSmartTable-header-inner\")]"}
RESULT: {"using":"xpath","value":"//span[contains(@id ,\"contractItemsSmartTable-header-inner\")]"}
COMMAND: POST /session/cd8dad5b6aa98ad5f0615c697c2d4924/elements - {"using":"xpath","value":"//span[contains(@id ,\"contractItemsSmartTable-header-inner\")]"}
RESULT: {"using":"xpath","value":"//span[contains(@id ,\"contractItemsSmartTable-header-inner\")]"}
COMMAND: POST /session/cd8dad5b6aa98ad5f0615c697c2d4924/execute/sync - {"script":"<script> [56 bytes]","args":[{"element-6066-11e4-a52e-4f735466cecf":"f.73A3896108CAD0F2DAB8766297627504.d.9422FB5F0B73EF34ADDA493033B5C57F.e.13075","ELEMENT":"f.73A3896108CAD0F2DAB8766297627504.d.9422FB5F0B73EF34ADDA493033B5C57F.e.13075"}]}
RESULT: {"script":"<script> [56 bytes]","args":[{"element-6066-11e4-a52e-4f735466cecf":"f.73A3896108CAD0F2DAB8766297627504.d.9422FB5F0B73EF34ADDA493033B5C57F.e.13075","ELEMENT":"f.73A3896108CAD0F2DAB8766297627504.d.9422FB5F0B73EF34ADDA493033B5C57F.e.13075"}]}
COMMAND: GET /session/cd8dad5b6aa98ad5f0615c697c2d4924/screenshot - {}
RESULT: {}
COMMAND: POST /session/cd8dad5b6aa98ad5f0615c697c2d4924/execute/sync - {"script":"<script> [56 bytes]","args":[{"element-6066-11e4-a52e-4f735466cecf":"f.73A3896108CAD0F2DAB8766297627504.d.9422FB5F0B73EF34ADDA493033B5C57F.e.13075","ELEMENT":"f.73A3896108CAD0F2DAB8766297627504.d.9422FB5F0B73EF34ADDA493033B5C57F.e.13075"}]}
RESULT: {"script":"<script> [56 bytes]","args":[{"element-6066-11e4-a52e-4f735466cecf":"f.73A3896108CAD0F2DAB8766297627504.d.9422FB5F0B73EF34ADDA493033B5C57F.e.13075","ELEMENT":"f.73A3896108CAD0F2DAB8766297627504.d.9422FB5F0B73EF34ADDA493033B5C57F.e.13075"}]}
COMMAND: GET /session/cd8dad5b6aa98ad5f0615c697c2d4924/screenshot - {}
RESULT: {}
COMMAND: POST /session/cd8dad5b6aa98ad5f0615c697c2d4924/execute/sync - {"script":"<script> [56 bytes]","args":[{"element-6066-11e4-a52e-4f735466cecf":"f.73A3896108CAD0F2DAB8766297627504.d.9422FB5F0B73EF34ADDA493033B5C57F.e.13075","ELEMENT":"f.73A3896108CAD0F2DAB8766297627504.d.9422FB5F0B73EF34ADDA493033B5C57F.e.13075"}]}
RESULT: {"script":"<script> [56 bytes]","args":[{"element-6066-11e4-a52e-4f735466cecf":"f.73A3896108CAD0F2DAB8766297627504.d.9422FB5F0B73EF34ADDA493033B5C57F.e.13075","ELEMENT":"f.73A3896108CAD0F2DAB8766297627504.d.9422FB5F0B73EF34ADDA493033B5C57F.e.13075"}]}
COMMAND: GET /session/cd8dad5b6aa98ad5f0615c697c2d4924/screenshot - {}
RESULT: {}
COMMAND: POST /session/cd8dad5b6aa98ad5f0615c697c2d4924/execute/sync - {"script":"<script> [56 bytes]","args":[{"element-6066-11e4-a52e-4f735466cecf":"f.73A3896108CAD0F2DAB8766297627504.d.9422FB5F0B73EF34ADDA493033B5C57F.e.13075","ELEMENT":"f.73A3896108CAD0F2DAB8766297627504.d.9422FB5F0B73EF34ADDA493033B5C57F.e.13075"}]}
RESULT: {"script":"<script> [56 bytes]","args":[{"element-6066-11e4-a52e-4f735466cecf":"f.73A3896108CAD0F2DAB8766297627504.d.9422FB5F0B73EF34ADDA493033B5C57F.e.13075","ELEMENT":"f.73A3896108CAD0F2DAB8766297627504.d.9422FB5F0B73EF34ADDA493033B5C57F.e.13075"}]}
COMMAND: GET /session/cd8dad5b6aa98ad5f0615c697c2d4924/screenshot - {}
RESULT: {}
COMMAND: POST /session/cd8dad5b6aa98ad5f0615c697c2d4924/execute/sync - {"script":"<script> [56 bytes]","args":[{"element-6066-11e4-a52e-4f735466cecf":"f.73A3896108CAD0F2DAB8766297627504.d.9422FB5F0B73EF34ADDA493033B5C57F.e.13075","ELEMENT":"f.73A3896108CAD0F2DAB8766297627504.d.9422FB5F0B73EF34ADDA493033B5C57F.e.13075"}]}
RESULT: {"script":"<script> [56 bytes]","args":[{"element-6066-11e4-a52e-4f735466cecf":"f.73A3896108CAD0F2DAB8766297627504.d.9422FB5F0B73EF34ADDA493033B5C57F.e.13075","ELEMENT":"f.73A3896108CAD0F2DAB8766297627504.d.9422FB5F0B73EF34ADDA493033B5C57F.e.13075"}]}
COMMAND: GET /session/cd8dad5b6aa98ad5f0615c697c2d4924/screenshot - {}
RESULT: {}
COMMAND: POST /session/cd8dad5b6aa98ad5f0615c697c2d4924/execute/sync - {"script":"<script> [56 bytes]","args":[{"element-6066-11e4-a52e-4f735466cecf":"f.73A3896108CAD0F2DAB8766297627504.d.9422FB5F0B73EF34ADDA493033B5C57F.e.13075","ELEMENT":"f.73A3896108CAD0F2DAB8766297627504.d.9422FB5F0B73EF34ADDA493033B5C57F.e.13075"}]}
RESULT: {"script":"<script> [56 bytes]","args":[{"element-6066-11e4-a52e-4f735466cecf":"f.73A3896108CAD0F2DAB8766297627504.d.9422FB5F0B73EF34ADDA493033B5C57F.e.13075","ELEMENT":"f.73A3896108CAD0F2DAB8766297627504.d.9422FB5F0B73EF34ADDA493033B5C57F.e.13075"}]}
COMMAND: GET /session/cd8dad5b6aa98ad5f0615c697c2d4924/screenshot - {}
RESULT: {}
COMMAND: POST /session/cd8dad5b6aa98ad5f0615c697c2d4924/execute/sync - {"script":"<script> [56 bytes]","args":[{"element-6066-11e4-a52e-4f735466cecf":"f.73A3896108CAD0F2DAB8766297627504.d.9422FB5F0B73EF34ADDA493033B5C57F.e.13075","ELEMENT":"f.73A3896108CAD0F2DAB8766297627504.d.9422FB5F0B73EF34ADDA493033B5C57F.e.13075"}]}
RESULT: {"script":"<script> [56 bytes]","args":[{"element-6066-11e4-a52e-4f735466cecf":"f.73A3896108CAD0F2DAB8766297627504.d.9422FB5F0B73EF34ADDA493033B5C57F.e.13075","ELEMENT":"f.73A3896108CAD0F2DAB8766297627504.d.9422FB5F0B73EF34ADDA493033B5C57F.e.13075"}]}
COMMAND: GET /session/cd8dad5b6aa98ad5f0615c697c2d4924/screenshot - {}
RESULT: {}
COMMAND: POST /session/cd8dad5b6aa98ad5f0615c697c2d4924/execute/sync - {"script":"<script> [56 bytes]","args":[{"element-6066-11e4-a52e-4f735466cecf":"f.73A3896108CAD0F2DAB8766297627504.d.9422FB5F0B73EF34ADDA493033B5C57F.e.13075","ELEMENT":"f.73A3896108CAD0F2DAB8766297627504.d.9422FB5F0B73EF34ADDA493033B5C57F.e.13075"}]}
RESULT: {"script":"<script> [56 bytes]","args":[{"element-6066-11e4-a52e-4f735466cecf":"f.73A3896108CAD0F2DAB8766297627504.d.9422FB5F0B73EF34ADDA493033B5C57F.e.13075","ELEMENT":"f.73A3896108CAD0F2DAB8766297627504.d.9422FB5F0B73EF34ADDA493033B5C57F.e.13075"}]}
COMMAND: GET /session/cd8dad5b6aa98ad5f0615c697c2d4924/screenshot - {}
RESULT: {}
COMMAND: POST /session/cd8dad5b6aa98ad5f0615c697c2d4924/execute/sync - {"script":"<script> [56 bytes]","args":[{"element-6066-11e4-a52e-4f735466cecf":"f.73A3896108CAD0F2DAB8766297627504.d.9422FB5F0B73EF34ADDA493033B5C57F.e.13075","ELEMENT":"f.73A3896108CAD0F2DAB8766297627504.d.9422FB5F0B73EF34ADDA493033B5C57F.e.13075"}]}
RESULT: {"script":"<script> [56 bytes]","args":[{"element-6066-11e4-a52e-4f735466cecf":"f.73A3896108CAD0F2DAB8766297627504.d.9422FB5F0B73EF34ADDA493033B5C57F.e.13075","ELEMENT":"f.73A3896108CAD0F2DAB8766297627504.d.9422FB5F0B73EF34ADDA493033B5C57F.e.13075"}]}
COMMAND: GET /session/cd8dad5b6aa98ad5f0615c697c2d4924/screenshot - {}
RESULT: {}
COMMAND: POST /session/cd8dad5b6aa98ad5f0615c697c2d4924/execute/sync - {"script":"<script> [56 bytes]","args":[{"element-6066-11e4-a52e-4f735466cecf":"f.73A3896108CAD0F2DAB8766297627504.d.9422FB5F0B73EF34ADDA493033B5C57F.e.13075","ELEMENT":"f.73A3896108CAD0F2DAB8766297627504.d.9422FB5F0B73EF34ADDA493033B5C57F.e.13075"}]}
RESULT: {"script":"<script> [56 bytes]","args":[{"element-6066-11e4-a52e-4f735466cecf":"f.73A3896108CAD0F2DAB8766297627504.d.9422FB5F0B73EF34ADDA493033B5C57F.e.13075","ELEMENT":"f.73A3896108CAD0F2DAB8766297627504.d.9422FB5F0B73EF34ADDA493033B5C57F.e.13075"}]}
COMMAND: GET /session/cd8dad5b6aa98ad5f0615c697c2d4924/screenshot - {}
RESULT: {}
COMMAND: POST /session/cd8dad5b6aa98ad5f0615c697c2d4924/execute/sync - {"script":"<script> [56 bytes]","args":[{"element-6066-11e4-a52e-4f735466cecf":"f.73A3896108CAD0F2DAB8766297627504.d.9422FB5F0B73EF34ADDA493033B5C57F.e.13075","ELEMENT":"f.73A3896108CAD0F2DAB8766297627504.d.9422FB5F0B73EF34ADDA493033B5C57F.e.13075"}]}
RESULT: {"script":"<script> [56 bytes]","args":[{"element-6066-11e4-a52e-4f735466cecf":"f.73A3896108CAD0F2DAB8766297627504.d.9422FB5F0B73EF34ADDA493033B5C57F.e.13075","ELEMENT":"f.73A3896108CAD0F2DAB8766297627504.d.9422FB5F0B73EF34ADDA493033B5C57F.e.13075"}]}
COMMAND: GET /session/cd8dad5b6aa98ad5f0615c697c2d4924/screenshot - {}
RESULT: {}
COMMAND: POST /session/cd8dad5b6aa98ad5f0615c697c2d4924/execute/sync - {"script":"<script> [56 bytes]","args":[{"element-6066-11e4-a52e-4f735466cecf":"f.73A3896108CAD0F2DAB8766297627504.d.9422FB5F0B73EF34ADDA493033B5C57F.e.13075","ELEMENT":"f.73A3896108CAD0F2DAB8766297627504.d.9422FB5F0B73EF34ADDA493033B5C57F.e.13075"}]}
RESULT: {"script":"<script> [56 bytes]","args":[{"element-6066-11e4-a52e-4f735466cecf":"f.73A3896108CAD0F2DAB8766297627504.d.9422FB5F0B73EF34ADDA493033B5C57F.e.13075","ELEMENT":"f.73A3896108CAD0F2DAB8766297627504.d.9422FB5F0B73EF34ADDA493033B5C57F.e.13075"}]}
COMMAND: GET /session/cd8dad5b6aa98ad5f0615c697c2d4924/screenshot - {}
RESULT: {}
COMMAND: POST /session/cd8dad5b6aa98ad5f0615c697c2d4924/execute/sync - {"script":"<script> [56 bytes]","args":[{"element-6066-11e4-a52e-4f735466cecf":"f.73A3896108CAD0F2DAB8766297627504.d.9422FB5F0B73EF34ADDA493033B5C57F.e.13075","ELEMENT":"f.73A3896108CAD0F2DAB8766297627504.d.9422FB5F0B73EF34ADDA493033B5C57F.e.13075"}]}
RESULT: {"script":"<script> [56 bytes]","args":[{"element-6066-11e4-a52e-4f735466cecf":"f.73A3896108CAD0F2DAB8766297627504.d.9422FB5F0B73EF34ADDA493033B5C57F.e.13075","ELEMENT":"f.73A3896108CAD0F2DAB8766297627504.d.9422FB5F0B73EF34ADDA493033B5C57F.e.13075"}]}
COMMAND: GET /session/cd8dad5b6aa98ad5f0615c697c2d4924/screenshot - {}
RESULT: {}
COMMAND: POST /session/cd8dad5b6aa98ad5f0615c697c2d4924/execute/sync - {"script":"<script> [56 bytes]","args":[{"element-6066-11e4-a52e-4f735466cecf":"f.73A3896108CAD0F2DAB8766297627504.d.9422FB5F0B73EF34ADDA493033B5C57F.e.13075","ELEMENT":"f.73A3896108CAD0F2DAB8766297627504.d.9422FB5F0B73EF34ADDA493033B5C57F.e.13075"}]}
RESULT: {"script":"<script> [56 bytes]","args":[{"element-6066-11e4-a52e-4f735466cecf":"f.73A3896108CAD0F2DAB8766297627504.d.9422FB5F0B73EF34ADDA493033B5C57F.e.13075","ELEMENT":"f.73A3896108CAD0F2DAB8766297627504.d.9422FB5F0B73EF34ADDA493033B5C57F.e.13075"}]}
COMMAND: GET /session/cd8dad5b6aa98ad5f0615c697c2d4924/screenshot - {}
RESULT: {}
COMMAND: POST /session/cd8dad5b6aa98ad5f0615c697c2d4924/execute/sync - {"script":"<script> [56 bytes]","args":[{"element-6066-11e4-a52e-4f735466cecf":"f.73A3896108CAD0F2DAB8766297627504.d.9422FB5F0B73EF34ADDA493033B5C57F.e.13075","ELEMENT":"f.73A3896108CAD0F2DAB8766297627504.d.9422FB5F0B73EF34ADDA493033B5C57F.e.13075"}]}
RESULT: {"script":"<script> [56 bytes]","args":[{"element-6066-11e4-a52e-4f735466cecf":"f.73A3896108CAD0F2DAB8766297627504.d.9422FB5F0B73EF34ADDA493033B5C57F.e.13075","ELEMENT":"f.73A3896108CAD0F2DAB8766297627504.d.9422FB5F0B73EF34ADDA493033B5C57F.e.13075"}]}
COMMAND: GET /session/cd8dad5b6aa98ad5f0615c697c2d4924/screenshot - {}
RESULT: {}
COMMAND: POST /session/cd8dad5b6aa98ad5f0615c697c2d4924/execute/sync - {"script":"<script> [56 bytes]","args":[{"element-6066-11e4-a52e-4f735466cecf":"f.73A3896108CAD0F2DAB8766297627504.d.9422FB5F0B73EF34ADDA493033B5C57F.e.13075","ELEMENT":"f.73A3896108CAD0F2DAB8766297627504.d.9422FB5F0B73EF34ADDA493033B5C57F.e.13075"}]}
RESULT: {"script":"<script> [56 bytes]","args":[{"element-6066-11e4-a52e-4f735466cecf":"f.73A3896108CAD0F2DAB8766297627504.d.9422FB5F0B73EF34ADDA493033B5C57F.e.13075","ELEMENT":"f.73A3896108CAD0F2DAB8766297627504.d.9422FB5F0B73EF34ADDA493033B5C57F.e.13075"}]}
COMMAND: GET /session/cd8dad5b6aa98ad5f0615c697c2d4924/screenshot - {}
RESULT: {}
COMMAND: POST /session/cd8dad5b6aa98ad5f0615c697c2d4924/execute/sync - {"script":"<script> [56 bytes]","args":[{"element-6066-11e4-a52e-4f735466cecf":"f.73A3896108CAD0F2DAB8766297627504.d.9422FB5F0B73EF34ADDA493033B5C57F.e.13075","ELEMENT":"f.73A3896108CAD0F2DAB8766297627504.d.9422FB5F0B73EF34ADDA493033B5C57F.e.13075"}]}
RESULT: {"script":"<script> [56 bytes]","args":[{"element-6066-11e4-a52e-4f735466cecf":"f.73A3896108CAD0F2DAB8766297627504.d.9422FB5F0B73EF34ADDA493033B5C57F.e.13075","ELEMENT":"f.73A3896108CAD0F2DAB8766297627504.d.9422FB5F0B73EF34ADDA493033B5C57F.e.13075"}]}
COMMAND: GET /session/cd8dad5b6aa98ad5f0615c697c2d4924/screenshot - {}
RESULT: {}
COMMAND: POST /session/cd8dad5b6aa98ad5f0615c697c2d4924/execute/sync - {"script":"<script> [56 bytes]","args":[{"element-6066-11e4-a52e-4f735466cecf":"f.73A3896108CAD0F2DAB8766297627504.d.9422FB5F0B73EF34ADDA493033B5C57F.e.13075","ELEMENT":"f.73A3896108CAD0F2DAB8766297627504.d.9422FB5F0B73EF34ADDA493033B5C57F.e.13075"}]}
RESULT: {"script":"<script> [56 bytes]","args":[{"element-6066-11e4-a52e-4f735466cecf":"f.73A3896108CAD0F2DAB8766297627504.d.9422FB5F0B73EF34ADDA493033B5C57F.e.13075","ELEMENT":"f.73A3896108CAD0F2DAB8766297627504.d.9422FB5F0B73EF34ADDA493033B5C57F.e.13075"}]}
COMMAND: GET /session/cd8dad5b6aa98ad5f0615c697c2d4924/screenshot - {}
RESULT: {}
COMMAND: POST /session/cd8dad5b6aa98ad5f0615c697c2d4924/execute/sync - {"script":"<script> [56 bytes]","args":[{"element-6066-11e4-a52e-4f735466cecf":"f.73A3896108CAD0F2DAB8766297627504.d.9422FB5F0B73EF34ADDA493033B5C57F.e.13075","ELEMENT":"f.73A3896108CAD0F2DAB8766297627504.d.9422FB5F0B73EF34ADDA493033B5C57F.e.13075"}]}
RESULT: {"script":"<script> [56 bytes]","args":[{"element-6066-11e4-a52e-4f735466cecf":"f.73A3896108CAD0F2DAB8766297627504.d.9422FB5F0B73EF34ADDA493033B5C57F.e.13075","ELEMENT":"f.73A3896108CAD0F2DAB8766297627504.d.9422FB5F0B73EF34ADDA493033B5C57F.e.13075"}]}
COMMAND: GET /session/cd8dad5b6aa98ad5f0615c697c2d4924/screenshot - {}
RESULT: {}
COMMAND: POST /session/cd8dad5b6aa98ad5f0615c697c2d4924/execute/sync - {"script":"<script> [56 bytes]","args":[{"element-6066-11e4-a52e-4f735466cecf":"f.73A3896108CAD0F2DAB8766297627504.d.9422FB5F0B73EF34ADDA493033B5C57F.e.13075","ELEMENT":"f.73A3896108CAD0F2DAB8766297627504.d.9422FB5F0B73EF34ADDA493033B5C57F.e.13075"}]}
RESULT: {"script":"<script> [56 bytes]","args":[{"element-6066-11e4-a52e-4f735466cecf":"f.73A3896108CAD0F2DAB8766297627504.d.9422FB5F0B73EF34ADDA493033B5C57F.e.13075","ELEMENT":"f.73A3896108CAD0F2DAB8766297627504.d.9422FB5F0B73EF34ADDA493033B5C57F.e.13075"}]}
COMMAND: GET /session/cd8dad5b6aa98ad5f0615c697c2d4924/screenshot - {}
COMMAND: POST /session/cd8dad5b6aa98ad5f0615c697c2d4924/execute/sync - {"script":"<script> [56 bytes]","args":[{"element-6066-11e4-a52e-4f735466cecf":"f.73A3896108CAD0F2DAB8766297627504.d.9422FB5F0B73EF34ADDA493033B5C57F.e.13075","ELEMENT":"f.73A3896108CAD0F2DAB8766297627504.d.9422FB5F0B73EF34ADDA493033B5C57F.e.13075"}]}
RESULT: {}
RESULT: {"script":"<script> [56 bytes]","args":[{"element-6066-11e4-a52e-4f735466cecf":"f.73A3896108CAD0F2DAB8766297627504.d.9422FB5F0B73EF34ADDA493033B5C57F.e.13075","ELEMENT":"f.73A3896108CAD0F2DAB8766297627504.d.9422FB5F0B73EF34ADDA493033B5C57F.e.13075"}]}
COMMAND: GET /session/cd8dad5b6aa98ad5f0615c697c2d4924/screenshot - {}
COMMAND: POST /session/cd8dad5b6aa98ad5f0615c697c2d4924/execute/sync - {"script":"<script> [56 bytes]","args":[{"element-6066-11e4-a52e-4f735466cecf":"f.73A3896108CAD0F2DAB8766297627504.d.9422FB5F0B73EF34ADDA493033B5C57F.e.13075","ELEMENT":"f.73A3896108CAD0F2DAB8766297627504.d.9422FB5F0B73EF34ADDA493033B5C57F.e.13075"}]}
RESULT: {}
RESULT: {"script":"<script> [56 bytes]","args":[{"element-6066-11e4-a52e-4f735466cecf":"f.73A3896108CAD0F2DAB8766297627504.d.9422FB5F0B73EF34ADDA493033B5C57F.e.13075","ELEMENT":"f.73A3896108CAD0F2DAB8766297627504.d.9422FB5F0B73EF34ADDA493033B5C57F.e.13075"}]}
COMMAND: GET /session/cd8dad5b6aa98ad5f0615c697c2d4924/screenshot - {}
RESULT: {}
COMMAND: POST /session/cd8dad5b6aa98ad5f0615c697c2d4924/execute/sync - {"script":"<script> [56 bytes]","args":[{"element-6066-11e4-a52e-4f735466cecf":"f.73A3896108CAD0F2DAB8766297627504.d.9422FB5F0B73EF34ADDA493033B5C57F.e.13075","ELEMENT":"f.73A3896108CAD0F2DAB8766297627504.d.9422FB5F0B73EF34ADDA493033B5C57F.e.13075"}]}
RESULT: {"script":"<script> [56 bytes]","args":[{"element-6066-11e4-a52e-4f735466cecf":"f.73A3896108CAD0F2DAB8766297627504.d.9422FB5F0B73EF34ADDA493033B5C57F.e.13075","ELEMENT":"f.73A3896108CAD0F2DAB8766297627504.d.9422FB5F0B73EF34ADDA493033B5C57F.e.13075"}]}
COMMAND: GET /session/cd8dad5b6aa98ad5f0615c697c2d4924/screenshot - {}
RESULT: {}
COMMAND: POST /session/cd8dad5b6aa98ad5f0615c697c2d4924/execute/sync - {"script":"<script> [56 bytes]","args":[{"element-6066-11e4-a52e-4f735466cecf":"f.73A3896108CAD0F2DAB8766297627504.d.9422FB5F0B73EF34ADDA493033B5C57F.e.13075","ELEMENT":"f.73A3896108CAD0F2DAB8766297627504.d.9422FB5F0B73EF34ADDA493033B5C57F.e.13075"}]}
RESULT: {"script":"<script> [56 bytes]","args":[{"element-6066-11e4-a52e-4f735466cecf":"f.73A3896108CAD0F2DAB8766297627504.d.9422FB5F0B73EF34ADDA493033B5C57F.e.13075","ELEMENT":"f.73A3896108CAD0F2DAB8766297627504.d.9422FB5F0B73EF34ADDA493033B5C57F.e.13075"}]}
COMMAND: GET /session/cd8dad5b6aa98ad5f0615c697c2d4924/screenshot - {}
RESULT: {}
COMMAND: POST /session/cd8dad5b6aa98ad5f0615c697c2d4924/execute/sync - {"script":"<script> [56 bytes]","args":[{"element-6066-11e4-a52e-4f735466cecf":"f.73A3896108CAD0F2DAB8766297627504.d.9422FB5F0B73EF34ADDA493033B5C57F.e.13075","ELEMENT":"f.73A3896108CAD0F2DAB8766297627504.d.9422FB5F0B73EF34ADDA493033B5C57F.e.13075"}]}
RESULT: {"script":"<script> [56 bytes]","args":[{"element-6066-11e4-a52e-4f735466cecf":"f.73A3896108CAD0F2DAB8766297627504.d.9422FB5F0B73EF34ADDA493033B5C57F.e.13075","ELEMENT":"f.73A3896108CAD0F2DAB8766297627504.d.9422FB5F0B73EF34ADDA493033B5C57F.e.13075"}]}
COMMAND: GET /session/cd8dad5b6aa98ad5f0615c697c2d4924/screenshot - {}
RESULT: {}
COMMAND: POST /session/cd8dad5b6aa98ad5f0615c697c2d4924/execute/sync - {"script":"<script> [56 bytes]","args":[{"element-6066-11e4-a52e-4f735466cecf":"f.73A3896108CAD0F2DAB8766297627504.d.9422FB5F0B73EF34ADDA493033B5C57F.e.13075","ELEMENT":"f.73A3896108CAD0F2DAB8766297627504.d.9422FB5F0B73EF34ADDA493033B5C57F.e.13075"}]}
RESULT: {"script":"<script> [56 bytes]","args":[{"element-6066-11e4-a52e-4f735466cecf":"f.73A3896108CAD0F2DAB8766297627504.d.9422FB5F0B73EF34ADDA493033B5C57F.e.13075","ELEMENT":"f.73A3896108CAD0F2DAB8766297627504.d.9422FB5F0B73EF34ADDA493033B5C57F.e.13075"}]}
COMMAND: GET /session/cd8dad5b6aa98ad5f0615c697c2d4924/screenshot - {}
COMMAND: POST /session/cd8dad5b6aa98ad5f0615c697c2d4924/execute/sync - {"script":"<script> [56 bytes]","args":[{"element-6066-11e4-a52e-4f735466cecf":"f.73A3896108CAD0F2DAB8766297627504.d.9422FB5F0B73EF34ADDA493033B5C57F.e.13075","ELEMENT":"f.73A3896108CAD0F2DAB8766297627504.d.9422FB5F0B73EF34ADDA493033B5C57F.e.13075"}]}
RESULT: {}
RESULT: undefined
RESULT: undefined
RESULT: {"script":"<script> [56 bytes]","args":[{"element-6066-11e4-a52e-4f735466cecf":"f.73A3896108CAD0F2DAB8766297627504.d.9422FB5F0B73EF34ADDA493033B5C57F.e.13075","ELEMENT":"f.73A3896108CAD0F2DAB8766297627504.d.9422FB5F0B73EF34ADDA493033B5C57F.e.13075"}]}
COMMAND: POST /session/cd8dad5b6aa98ad5f0615c697c2d4924/execute/sync - {"script":"<script> [56 bytes]","args":[{"element-6066-11e4-a52e-4f735466cecf":"f.73A3896108CAD0F2DAB8766297627504.d.9422FB5F0B73EF34ADDA493033B5C57F.e.13075","ELEMENT":"f.73A3896108CAD0F2DAB8766297627504.d.9422FB5F0B73EF34ADDA493033B5C57F.e.13075"}]}
COMMAND: GET /session/cd8dad5b6aa98ad5f0615c697c2d4924/screenshot - {}
RESULT: {"script":"<script> [56 bytes]","args":[{"element-6066-11e4-a52e-4f735466cecf":"f.73A3896108CAD0F2DAB8766297627504.d.9422FB5F0B73EF34ADDA493033B5C57F.e.13075","ELEMENT":"f.73A3896108CAD0F2DAB8766297627504.d.9422FB5F0B73EF34ADDA493033B5C57F.e.13075"}]}
COMMAND: POST /session/cd8dad5b6aa98ad5f0615c697c2d4924/execute/sync - {"script":"<script> [56 bytes]","args":[{"element-6066-11e4-a52e-4f735466cecf":"f.73A3896108CAD0F2DAB8766297627504.d.9422FB5F0B73EF34ADDA493033B5C57F.e.13075","ELEMENT":"f.73A3896108CAD0F2DAB8766297627504.d.9422FB5F0B73EF34ADDA493033B5C57F.e.13075"}]}
COMMAND: GET /session/cd8dad5b6aa98ad5f0615c697c2d4924/screenshot - {}
RESULT: {}
RESULT: {"script":"<script> [56 bytes]","args":[{"element-6066-11e4-a52e-4f735466cecf":"f.73A3896108CAD0F2DAB8766297627504.d.9422FB5F0B73EF34ADDA493033B5C57F.e.13075","ELEMENT":"f.73A3896108CAD0F2DAB8766297627504.d.9422FB5F0B73EF34ADDA493033B5C57F.e.13075"}]}
COMMAND: POST /session/cd8dad5b6aa98ad5f0615c697c2d4924/execute/sync - {"script":"<script> [56 bytes]","args":[{"element-6066-11e4-a52e-4f735466cecf":"f.73A3896108CAD0F2DAB8766297627504.d.9422FB5F0B73EF34ADDA493033B5C57F.e.13075","ELEMENT":"f.73A3896108CAD0F2DAB8766297627504.d.9422FB5F0B73EF34ADDA493033B5C57F.e.13075"}]}
COMMAND: GET /session/cd8dad5b6aa98ad5f0615c697c2d4924/screenshot - {}
RESULT: {}
RESULT: {"script":"<script> [56 bytes]","args":[{"element-6066-11e4-a52e-4f735466cecf":"f.73A3896108CAD0F2DAB8766297627504.d.9422FB5F0B73EF34ADDA493033B5C57F.e.13075","ELEMENT":"f.73A3896108CAD0F2DAB8766297627504.d.9422FB5F0B73EF34ADDA493033B5C57F.e.13075"}]}
COMMAND: GET /session/cd8dad5b6aa98ad5f0615c697c2d4924/screenshot - {}
COMMAND: POST /session/cd8dad5b6aa98ad5f0615c697c2d4924/execute/sync - {"script":"<script> [56 bytes]","args":[{"element-6066-11e4-a52e-4f735466cecf":"f.73A3896108CAD0F2DAB8766297627504.d.9422FB5F0B73EF34ADDA493033B5C57F.e.13075","ELEMENT":"f.73A3896108CAD0F2DAB8766297627504.d.9422FB5F0B73EF34ADDA493033B5C57F.e.13075"}]}
RESULT: {}
RESULT: {}
RESULT: {"script":"<script> [56 bytes]","args":[{"element-6066-11e4-a52e-4f735466cecf":"f.73A3896108CAD0F2DAB8766297627504.d.9422FB5F0B73EF34ADDA493033B5C57F.e.13075","ELEMENT":"f.73A3896108CAD0F2DAB8766297627504.d.9422FB5F0B73EF34ADDA493033B5C57F.e.13075"}]}
COMMAND: GET /session/cd8dad5b6aa98ad5f0615c697c2d4924/screenshot - {}
COMMAND: POST /session/cd8dad5b6aa98ad5f0615c697c2d4924/execute/sync - {"script":"<script> [56 bytes]","args":[{"element-6066-11e4-a52e-4f735466cecf":"f.73A3896108CAD0F2DAB8766297627504.d.9422FB5F0B73EF34ADDA493033B5C57F.e.13075","ELEMENT":"f.73A3896108CAD0F2DAB8766297627504.d.9422FB5F0B73EF34ADDA493033B5C57F.e.13075"}]}
RESULT: {}
RESULT: {"script":"<script> [56 bytes]","args":[{"element-6066-11e4-a52e-4f735466cecf":"f.73A3896108CAD0F2DAB8766297627504.d.9422FB5F0B73EF34ADDA493033B5C57F.e.13075","ELEMENT":"f.73A3896108CAD0F2DAB8766297627504.d.9422FB5F0B73EF34ADDA493033B5C57F.e.13075"}]}
COMMAND: GET /session/cd8dad5b6aa98ad5f0615c697c2d4924/screenshot - {}
COMMAND: POST /session/cd8dad5b6aa98ad5f0615c697c2d4924/execute/sync - {"script":"<script> [56 bytes]","args":[{"element-6066-11e4-a52e-4f735466cecf":"f.73A3896108CAD0F2DAB8766297627504.d.9422FB5F0B73EF34ADDA493033B5C57F.e.13075","ELEMENT":"f.73A3896108CAD0F2DAB8766297627504.d.9422FB5F0B73EF34ADDA493033B5C57F.e.13075"}]}
RESULT: {"script":"<script> [56 bytes]","args":[{"element-6066-11e4-a52e-4f735466cecf":"f.73A3896108CAD0F2DAB8766297627504.d.9422FB5F0B73EF34ADDA493033B5C57F.e.13075","ELEMENT":"f.73A3896108CAD0F2DAB8766297627504.d.9422FB5F0B73EF34ADDA493033B5C57F.e.13075"}]}
COMMAND: GET /session/cd8dad5b6aa98ad5f0615c697c2d4924/screenshot - {}
COMMAND: POST /session/cd8dad5b6aa98ad5f0615c697c2d4924/execute/sync - {"script":"<script> [56 bytes]","args":[{"element-6066-11e4-a52e-4f735466cecf":"f.73A3896108CAD0F2DAB8766297627504.d.9422FB5F0B73EF34ADDA493033B5C57F.e.13075","ELEMENT":"f.73A3896108CAD0F2DAB8766297627504.d.9422FB5F0B73EF34ADDA493033B5C57F.e.13075"}]}
RESULT: {}
RESULT: {}
RESULT: {"script":"<script> [56 bytes]","args":[{"element-6066-11e4-a52e-4f735466cecf":"f.73A3896108CAD0F2DAB8766297627504.d.9422FB5F0B73EF34ADDA493033B5C57F.e.13075","ELEMENT":"f.73A3896108CAD0F2DAB8766297627504.d.9422FB5F0B73EF34ADDA493033B5C57F.e.13075"}]}
COMMAND: GET /session/cd8dad5b6aa98ad5f0615c697c2d4924/screenshot - {}
COMMAND: POST /session/cd8dad5b6aa98ad5f0615c697c2d4924/execute/sync - {"script":"<script> [56 bytes]","args":[{"element-6066-11e4-a52e-4f735466cecf":"f.73A3896108CAD0F2DAB8766297627504.d.9422FB5F0B73EF34ADDA493033B5C57F.e.13075","ELEMENT":"f.73A3896108CAD0F2DAB8766297627504.d.9422FB5F0B73EF34ADDA493033B5C57F.e.13075"}]}
RESULT: {}
RESULT: {"script":"<script> [56 bytes]","args":[{"element-6066-11e4-a52e-4f735466cecf":"f.73A3896108CAD0F2DAB8766297627504.d.9422FB5F0B73EF34ADDA493033B5C57F.e.13075","ELEMENT":"f.73A3896108CAD0F2DAB8766297627504.d.9422FB5F0B73EF34ADDA493033B5C57F.e.13075"}]}
COMMAND: GET /session/cd8dad5b6aa98ad5f0615c697c2d4924/screenshot - {}
COMMAND: POST /session/cd8dad5b6aa98ad5f0615c697c2d4924/execute/sync - {"script":"<script> [56 bytes]","args":[{"element-6066-11e4-a52e-4f735466cecf":"f.73A3896108CAD0F2DAB8766297627504.d.9422FB5F0B73EF34ADDA493033B5C57F.e.13075","ELEMENT":"f.73A3896108CAD0F2DAB8766297627504.d.9422FB5F0B73EF34ADDA493033B5C57F.e.13075"}]}
RESULT: {}
RESULT: {"script":"<script> [56 bytes]","args":[{"element-6066-11e4-a52e-4f735466cecf":"f.73A3896108CAD0F2DAB8766297627504.d.9422FB5F0B73EF34ADDA493033B5C57F.e.13075","ELEMENT":"f.73A3896108CAD0F2DAB8766297627504.d.9422FB5F0B73EF34ADDA493033B5C57F.e.13075"}]}
COMMAND: GET /session/cd8dad5b6aa98ad5f0615c697c2d4924/screenshot - {}
COMMAND: POST /session/cd8dad5b6aa98ad5f0615c697c2d4924/execute/sync - {"script":"<script> [56 bytes]","args":[{"element-6066-11e4-a52e-4f735466cecf":"f.73A3896108CAD0F2DAB8766297627504.d.9422FB5F0B73EF34ADDA493033B5C57F.e.13075","ELEMENT":"f.73A3896108CAD0F2DAB8766297627504.d.9422FB5F0B73EF34ADDA493033B5C57F.e.13075"}]}
RESULT: {"script":"<script> [56 bytes]","args":[{"element-6066-11e4-a52e-4f735466cecf":"f.73A3896108CAD0F2DAB8766297627504.d.9422FB5F0B73EF34ADDA493033B5C57F.e.13075","ELEMENT":"f.73A3896108CAD0F2DAB8766297627504.d.9422FB5F0B73EF34ADDA493033B5C57F.e.13075"}]}
COMMAND: GET /session/cd8dad5b6aa98ad5f0615c697c2d4924/screenshot - {}
RESULT: {}
COMMAND: POST /session/cd8dad5b6aa98ad5f0615c697c2d4924/execute/sync - {"script":"<script> [56 bytes]","args":[{"element-6066-11e4-a52e-4f735466cecf":"f.73A3896108CAD0F2DAB8766297627504.d.9422FB5F0B73EF34ADDA493033B5C57F.e.13075","ELEMENT":"f.73A3896108CAD0F2DAB8766297627504.d.9422FB5F0B73EF34ADDA493033B5C57F.e.13075"}]}
RESULT: {}
RESULT: {"script":"<script> [56 bytes]","args":[{"element-6066-11e4-a52e-4f735466cecf":"f.73A3896108CAD0F2DAB8766297627504.d.9422FB5F0B73EF34ADDA493033B5C57F.e.13075","ELEMENT":"f.73A3896108CAD0F2DAB8766297627504.d.9422FB5F0B73EF34ADDA493033B5C57F.e.13075"}]}
COMMAND: GET /session/cd8dad5b6aa98ad5f0615c697c2d4924/screenshot - {}
COMMAND: POST /session/cd8dad5b6aa98ad5f0615c697c2d4924/execute/sync - {"script":"<script> [56 bytes]","args":[{"element-6066-11e4-a52e-4f735466cecf":"f.73A3896108CAD0F2DAB8766297627504.d.9422FB5F0B73EF34ADDA493033B5C57F.e.13075","ELEMENT":"f.73A3896108CAD0F2DAB8766297627504.d.9422FB5F0B73EF34ADDA493033B5C57F.e.13075"}]}
RESULT: {}
RESULT: {"script":"<script> [56 bytes]","args":[{"element-6066-11e4-a52e-4f735466cecf":"f.73A3896108CAD0F2DAB8766297627504.d.9422FB5F0B73EF34ADDA493033B5C57F.e.13075","ELEMENT":"f.73A3896108CAD0F2DAB8766297627504.d.9422FB5F0B73EF34ADDA493033B5C57F.e.13075"}]}
COMMAND: GET /session/cd8dad5b6aa98ad5f0615c697c2d4924/screenshot - {}
COMMAND: POST /session/cd8dad5b6aa98ad5f0615c697c2d4924/execute/sync - {"script":"<script> [56 bytes]","args":[{"element-6066-11e4-a52e-4f735466cecf":"f.73A3896108CAD0F2DAB8766297627504.d.9422FB5F0B73EF34ADDA493033B5C57F.e.13075","ELEMENT":"f.73A3896108CAD0F2DAB8766297627504.d.9422FB5F0B73EF34ADDA493033B5C57F.e.13075"}]}
RESULT: {}
RESULT: {"script":"<script> [56 bytes]","args":[{"element-6066-11e4-a52e-4f735466cecf":"f.73A3896108CAD0F2DAB8766297627504.d.9422FB5F0B73EF34ADDA493033B5C57F.e.13075","ELEMENT":"f.73A3896108CAD0F2DAB8766297627504.d.9422FB5F0B73EF34ADDA493033B5C57F.e.13075"}]}
COMMAND: GET /session/cd8dad5b6aa98ad5f0615c697c2d4924/screenshot - {}
COMMAND: POST /session/cd8dad5b6aa98ad5f0615c697c2d4924/execute/sync - {"script":"<script> [56 bytes]","args":[{"element-6066-11e4-a52e-4f735466cecf":"f.73A3896108CAD0F2DAB8766297627504.d.9422FB5F0B73EF34ADDA493033B5C57F.e.13075","ELEMENT":"f.73A3896108CAD0F2DAB8766297627504.d.9422FB5F0B73EF34ADDA493033B5C57F.e.13075"}]}
COMMAND: GET /session/cd8dad5b6aa98ad5f0615c697c2d4924/screenshot - {}
RESULT: {}
RESULT: {"script":"<script> [56 bytes]","args":[{"element-6066-11e4-a52e-4f735466cecf":"f.73A3896108CAD0F2DAB8766297627504.d.9422FB5F0B73EF34ADDA493033B5C57F.e.13075","ELEMENT":"f.73A3896108CAD0F2DAB8766297627504.d.9422FB5F0B73EF34ADDA493033B5C57F.e.13075"}]}
COMMAND: GET /session/cd8dad5b6aa98ad5f0615c697c2d4924/screenshot - {}
RESULT: {}
]]></system-out>
      <system-err><![CDATA[
Error: Contract Item NR did not appear after 20 seconds
    at async UtilsPrerequisites.addItemToContract (D:\a\1\s\test\specs\BTS\prerequisites-and-utils-functions.js:1902:39)
    at async Context.<anonymous> (D:\a\1\s\test\specs\BTS\billing-calculation-mixed.spec.js:77:9)
]]></system-err>
    </testcase>
    <testcase classname="chrome.136_0_7103_93.windows.Create_master_data_for_mixed_billing_&amp;_do_billing_calculation_US151661" name="Should do a provide to site handover" time="67.759">
      <failure/>
      <error message="Can't call click on element with selector &quot;//bdi[contains(text(), &quot;Instructions&quot;)]&quot; because element wasn't found"/>
      <system-out><![CDATA[
COMMAND: POST /session/cd8dad5b6aa98ad5f0615c697c2d4924/element - {"using":"xpath","value":"//button[@data-kt=\"provideButton\"]"}
COMMAND: GET /session/cd8dad5b6aa98ad5f0615c697c2d4924/screenshot - {}
RESULT: {}
RESULT: {"using":"xpath","value":"//button[@data-kt=\"provideButton\"]"}
COMMAND: POST /session/cd8dad5b6aa98ad5f0615c697c2d4924/element/f.73A3896108CAD0F2DAB8766297627504.d.9422FB5F0B73EF34ADDA493033B5C57F.e.13080/click - {}
RESULT: {}
RESULT: {}
COMMAND: GET /session/cd8dad5b6aa98ad5f0615c697c2d4924/screenshot - {}
RESULT: {}
RESULT: undefined
COMMAND: POST /session/cd8dad5b6aa98ad5f0615c697c2d4924/execute/async - {"script":"<script> [6424 bytes]","args":[{"element-6066-11e4-a52e-4f735466cecf":"f.73A3896108CAD0F2DAB8766297627504.d.9422FB5F0B73EF34ADDA493033B5C57F.e.11979"},"setValue",["5/21/25"]]}
COMMAND: POST /session/cd8dad5b6aa98ad5f0615c697c2d4924/execute/async - {"script":"<script> [1562 bytes]","args":[{"selector":{"id":"application-managehandovers-display-component---AddNewHO--dueDate","interaction":{"idSuffix":"inner"}},"wdio_ui5_key":"applicationmanagehandovers-display-component---AddNewHO--dueDate"}]}
RESULT: {"script":"<script> [1562 bytes]","args":[{"selector":{"id":"application-managehandovers-display-component---AddNewHO--dueDate","interaction":{"idSuffix":"inner"}},"wdio_ui5_key":"applicationmanagehandovers-display-component---AddNewHO--dueDate"}]}
COMMAND: POST /session/cd8dad5b6aa98ad5f0615c697c2d4924/element - {"using":"xpath","value":"//bdi[contains(text(), \"Instructions\")]"}
RESULT: {"using":"xpath","value":"//bdi[contains(text(), \"Instructions\")]"}
COMMAND: POST /session/cd8dad5b6aa98ad5f0615c697c2d4924/elements - {"using":"xpath","value":"//bdi[contains(text(), \"Instructions\")]"}
RESULT: {"using":"xpath","value":"//bdi[contains(text(), \"Instructions\")]"}
COMMAND: POST /session/cd8dad5b6aa98ad5f0615c697c2d4924/elements - {"using":"xpath","value":"//bdi[contains(text(), \"Instructions\")]"}
RESULT: {"using":"xpath","value":"//bdi[contains(text(), \"Instructions\")]"}
COMMAND: POST /session/cd8dad5b6aa98ad5f0615c697c2d4924/elements - {"using":"xpath","value":"//bdi[contains(text(), \"Instructions\")]"}
RESULT: {"using":"xpath","value":"//bdi[contains(text(), \"Instructions\")]"}
COMMAND: POST /session/cd8dad5b6aa98ad5f0615c697c2d4924/elements - {"using":"xpath","value":"//bdi[contains(text(), \"Instructions\")]"}
RESULT: {"using":"xpath","value":"//bdi[contains(text(), \"Instructions\")]"}
COMMAND: POST /session/cd8dad5b6aa98ad5f0615c697c2d4924/elements - {"using":"xpath","value":"//bdi[contains(text(), \"Instructions\")]"}
RESULT: {"using":"xpath","value":"//bdi[contains(text(), \"Instructions\")]"}
COMMAND: POST /session/cd8dad5b6aa98ad5f0615c697c2d4924/elements - {"using":"xpath","value":"//bdi[contains(text(), \"Instructions\")]"}
RESULT: {"using":"xpath","value":"//bdi[contains(text(), \"Instructions\")]"}
COMMAND: POST /session/cd8dad5b6aa98ad5f0615c697c2d4924/elements - {"using":"xpath","value":"//bdi[contains(text(), \"Instructions\")]"}
RESULT: {"using":"xpath","value":"//bdi[contains(text(), \"Instructions\")]"}
COMMAND: POST /session/cd8dad5b6aa98ad5f0615c697c2d4924/elements - {"using":"xpath","value":"//bdi[contains(text(), \"Instructions\")]"}
RESULT: {"using":"xpath","value":"//bdi[contains(text(), \"Instructions\")]"}
COMMAND: POST /session/cd8dad5b6aa98ad5f0615c697c2d4924/elements - {"using":"xpath","value":"//bdi[contains(text(), \"Instructions\")]"}
RESULT: {"using":"xpath","value":"//bdi[contains(text(), \"Instructions\")]"}
COMMAND: POST /session/cd8dad5b6aa98ad5f0615c697c2d4924/elements - {"using":"xpath","value":"//bdi[contains(text(), \"Instructions\")]"}
RESULT: {"using":"xpath","value":"//bdi[contains(text(), \"Instructions\")]"}
COMMAND: POST /session/cd8dad5b6aa98ad5f0615c697c2d4924/elements - {"using":"xpath","value":"//bdi[contains(text(), \"Instructions\")]"}
RESULT: {"using":"xpath","value":"//bdi[contains(text(), \"Instructions\")]"}
COMMAND: POST /session/cd8dad5b6aa98ad5f0615c697c2d4924/elements - {"using":"xpath","value":"//bdi[contains(text(), \"Instructions\")]"}
RESULT: {"using":"xpath","value":"//bdi[contains(text(), \"Instructions\")]"}
COMMAND: POST /session/cd8dad5b6aa98ad5f0615c697c2d4924/elements - {"using":"xpath","value":"//bdi[contains(text(), \"Instructions\")]"}
RESULT: {"using":"xpath","value":"//bdi[contains(text(), \"Instructions\")]"}
COMMAND: POST /session/cd8dad5b6aa98ad5f0615c697c2d4924/elements - {"using":"xpath","value":"//bdi[contains(text(), \"Instructions\")]"}
RESULT: {"using":"xpath","value":"//bdi[contains(text(), \"Instructions\")]"}
COMMAND: POST /session/cd8dad5b6aa98ad5f0615c697c2d4924/elements - {"using":"xpath","value":"//bdi[contains(text(), \"Instructions\")]"}
RESULT: {"using":"xpath","value":"//bdi[contains(text(), \"Instructions\")]"}
COMMAND: POST /session/cd8dad5b6aa98ad5f0615c697c2d4924/elements - {"using":"xpath","value":"//bdi[contains(text(), \"Instructions\")]"}
RESULT: {"using":"xpath","value":"//bdi[contains(text(), \"Instructions\")]"}
COMMAND: POST /session/cd8dad5b6aa98ad5f0615c697c2d4924/elements - {"using":"xpath","value":"//bdi[contains(text(), \"Instructions\")]"}
RESULT: {"using":"xpath","value":"//bdi[contains(text(), \"Instructions\")]"}
COMMAND: POST /session/cd8dad5b6aa98ad5f0615c697c2d4924/elements - {"using":"xpath","value":"//bdi[contains(text(), \"Instructions\")]"}
RESULT: {"using":"xpath","value":"//bdi[contains(text(), \"Instructions\")]"}
COMMAND: POST /session/cd8dad5b6aa98ad5f0615c697c2d4924/elements - {"using":"xpath","value":"//bdi[contains(text(), \"Instructions\")]"}
RESULT: {"using":"xpath","value":"//bdi[contains(text(), \"Instructions\")]"}
COMMAND: POST /session/cd8dad5b6aa98ad5f0615c697c2d4924/elements - {"using":"xpath","value":"//bdi[contains(text(), \"Instructions\")]"}
RESULT: {"using":"xpath","value":"//bdi[contains(text(), \"Instructions\")]"}
COMMAND: POST /session/cd8dad5b6aa98ad5f0615c697c2d4924/elements - {"using":"xpath","value":"//bdi[contains(text(), \"Instructions\")]"}
RESULT: {"using":"xpath","value":"//bdi[contains(text(), \"Instructions\")]"}
COMMAND: POST /session/cd8dad5b6aa98ad5f0615c697c2d4924/elements - {"using":"xpath","value":"//bdi[contains(text(), \"Instructions\")]"}
RESULT: {"using":"xpath","value":"//bdi[contains(text(), \"Instructions\")]"}
COMMAND: POST /session/cd8dad5b6aa98ad5f0615c697c2d4924/elements - {"using":"xpath","value":"//bdi[contains(text(), \"Instructions\")]"}
RESULT: {"using":"xpath","value":"//bdi[contains(text(), \"Instructions\")]"}
COMMAND: POST /session/cd8dad5b6aa98ad5f0615c697c2d4924/elements - {"using":"xpath","value":"//bdi[contains(text(), \"Instructions\")]"}
RESULT: {"using":"xpath","value":"//bdi[contains(text(), \"Instructions\")]"}
COMMAND: POST /session/cd8dad5b6aa98ad5f0615c697c2d4924/elements - {"using":"xpath","value":"//bdi[contains(text(), \"Instructions\")]"}
RESULT: {"using":"xpath","value":"//bdi[contains(text(), \"Instructions\")]"}
COMMAND: POST /session/cd8dad5b6aa98ad5f0615c697c2d4924/elements - {"using":"xpath","value":"//bdi[contains(text(), \"Instructions\")]"}
RESULT: {"using":"xpath","value":"//bdi[contains(text(), \"Instructions\")]"}
COMMAND: POST /session/cd8dad5b6aa98ad5f0615c697c2d4924/elements - {"using":"xpath","value":"//bdi[contains(text(), \"Instructions\")]"}
RESULT: {"using":"xpath","value":"//bdi[contains(text(), \"Instructions\")]"}
COMMAND: POST /session/cd8dad5b6aa98ad5f0615c697c2d4924/elements - {"using":"xpath","value":"//bdi[contains(text(), \"Instructions\")]"}
RESULT: {"using":"xpath","value":"//bdi[contains(text(), \"Instructions\")]"}
COMMAND: POST /session/cd8dad5b6aa98ad5f0615c697c2d4924/elements - {"using":"xpath","value":"//bdi[contains(text(), \"Instructions\")]"}
RESULT: {"using":"xpath","value":"//bdi[contains(text(), \"Instructions\")]"}
COMMAND: POST /session/cd8dad5b6aa98ad5f0615c697c2d4924/elements - {"using":"xpath","value":"//bdi[contains(text(), \"Instructions\")]"}
RESULT: {"using":"xpath","value":"//bdi[contains(text(), \"Instructions\")]"}
COMMAND: POST /session/cd8dad5b6aa98ad5f0615c697c2d4924/elements - {"using":"xpath","value":"//bdi[contains(text(), \"Instructions\")]"}
RESULT: {"using":"xpath","value":"//bdi[contains(text(), \"Instructions\")]"}
COMMAND: POST /session/cd8dad5b6aa98ad5f0615c697c2d4924/elements - {"using":"xpath","value":"//bdi[contains(text(), \"Instructions\")]"}
RESULT: {"using":"xpath","value":"//bdi[contains(text(), \"Instructions\")]"}
COMMAND: POST /session/cd8dad5b6aa98ad5f0615c697c2d4924/elements - {"using":"xpath","value":"//bdi[contains(text(), \"Instructions\")]"}
RESULT: {"using":"xpath","value":"//bdi[contains(text(), \"Instructions\")]"}
COMMAND: POST /session/cd8dad5b6aa98ad5f0615c697c2d4924/elements - {"using":"xpath","value":"//bdi[contains(text(), \"Instructions\")]"}
RESULT: {"using":"xpath","value":"//bdi[contains(text(), \"Instructions\")]"}
COMMAND: POST /session/cd8dad5b6aa98ad5f0615c697c2d4924/elements - {"using":"xpath","value":"//bdi[contains(text(), \"Instructions\")]"}
RESULT: {"using":"xpath","value":"//bdi[contains(text(), \"Instructions\")]"}
COMMAND: POST /session/cd8dad5b6aa98ad5f0615c697c2d4924/elements - {"using":"xpath","value":"//bdi[contains(text(), \"Instructions\")]"}
RESULT: {"using":"xpath","value":"//bdi[contains(text(), \"Instructions\")]"}
COMMAND: POST /session/cd8dad5b6aa98ad5f0615c697c2d4924/elements - {"using":"xpath","value":"//bdi[contains(text(), \"Instructions\")]"}
RESULT: {"using":"xpath","value":"//bdi[contains(text(), \"Instructions\")]"}
COMMAND: POST /session/cd8dad5b6aa98ad5f0615c697c2d4924/elements - {"using":"xpath","value":"//bdi[contains(text(), \"Instructions\")]"}
RESULT: {"using":"xpath","value":"//bdi[contains(text(), \"Instructions\")]"}
COMMAND: POST /session/cd8dad5b6aa98ad5f0615c697c2d4924/elements - {"using":"xpath","value":"//bdi[contains(text(), \"Instructions\")]"}
RESULT: {"using":"xpath","value":"//bdi[contains(text(), \"Instructions\")]"}
COMMAND: POST /session/cd8dad5b6aa98ad5f0615c697c2d4924/elements - {"using":"xpath","value":"//bdi[contains(text(), \"Instructions\")]"}
RESULT: {"using":"xpath","value":"//bdi[contains(text(), \"Instructions\")]"}
COMMAND: POST /session/cd8dad5b6aa98ad5f0615c697c2d4924/elements - {"using":"xpath","value":"//bdi[contains(text(), \"Instructions\")]"}
RESULT: {"using":"xpath","value":"//bdi[contains(text(), \"Instructions\")]"}
COMMAND: POST /session/cd8dad5b6aa98ad5f0615c697c2d4924/elements - {"using":"xpath","value":"//bdi[contains(text(), \"Instructions\")]"}
RESULT: {"using":"xpath","value":"//bdi[contains(text(), \"Instructions\")]"}
COMMAND: POST /session/cd8dad5b6aa98ad5f0615c697c2d4924/elements - {"using":"xpath","value":"//bdi[contains(text(), \"Instructions\")]"}
RESULT: {"using":"xpath","value":"//bdi[contains(text(), \"Instructions\")]"}
COMMAND: POST /session/cd8dad5b6aa98ad5f0615c697c2d4924/elements - {"using":"xpath","value":"//bdi[contains(text(), \"Instructions\")]"}
RESULT: {"using":"xpath","value":"//bdi[contains(text(), \"Instructions\")]"}
COMMAND: POST /session/cd8dad5b6aa98ad5f0615c697c2d4924/elements - {"using":"xpath","value":"//bdi[contains(text(), \"Instructions\")]"}
RESULT: {"using":"xpath","value":"//bdi[contains(text(), \"Instructions\")]"}
COMMAND: POST /session/cd8dad5b6aa98ad5f0615c697c2d4924/elements - {"using":"xpath","value":"//bdi[contains(text(), \"Instructions\")]"}
RESULT: {"using":"xpath","value":"//bdi[contains(text(), \"Instructions\")]"}
COMMAND: POST /session/cd8dad5b6aa98ad5f0615c697c2d4924/elements - {"using":"xpath","value":"//bdi[contains(text(), \"Instructions\")]"}
RESULT: {"using":"xpath","value":"//bdi[contains(text(), \"Instructions\")]"}
COMMAND: POST /session/cd8dad5b6aa98ad5f0615c697c2d4924/elements - {"using":"xpath","value":"//bdi[contains(text(), \"Instructions\")]"}
RESULT: {"using":"xpath","value":"//bdi[contains(text(), \"Instructions\")]"}
COMMAND: POST /session/cd8dad5b6aa98ad5f0615c697c2d4924/elements - {"using":"xpath","value":"//bdi[contains(text(), \"Instructions\")]"}
RESULT: {"using":"xpath","value":"//bdi[contains(text(), \"Instructions\")]"}
COMMAND: POST /session/cd8dad5b6aa98ad5f0615c697c2d4924/elements - {"using":"xpath","value":"//bdi[contains(text(), \"Instructions\")]"}
RESULT: {"using":"xpath","value":"//bdi[contains(text(), \"Instructions\")]"}
COMMAND: POST /session/cd8dad5b6aa98ad5f0615c697c2d4924/elements - {"using":"xpath","value":"//bdi[contains(text(), \"Instructions\")]"}
RESULT: {"using":"xpath","value":"//bdi[contains(text(), \"Instructions\")]"}
COMMAND: POST /session/cd8dad5b6aa98ad5f0615c697c2d4924/elements - {"using":"xpath","value":"//bdi[contains(text(), \"Instructions\")]"}
RESULT: {"using":"xpath","value":"//bdi[contains(text(), \"Instructions\")]"}
COMMAND: POST /session/cd8dad5b6aa98ad5f0615c697c2d4924/elements - {"using":"xpath","value":"//bdi[contains(text(), \"Instructions\")]"}
RESULT: {"using":"xpath","value":"//bdi[contains(text(), \"Instructions\")]"}
COMMAND: POST /session/cd8dad5b6aa98ad5f0615c697c2d4924/elements - {"using":"xpath","value":"//bdi[contains(text(), \"Instructions\")]"}
RESULT: {"using":"xpath","value":"//bdi[contains(text(), \"Instructions\")]"}
COMMAND: POST /session/cd8dad5b6aa98ad5f0615c697c2d4924/elements - {"using":"xpath","value":"//bdi[contains(text(), \"Instructions\")]"}
RESULT: {"using":"xpath","value":"//bdi[contains(text(), \"Instructions\")]"}
COMMAND: POST /session/cd8dad5b6aa98ad5f0615c697c2d4924/elements - {"using":"xpath","value":"//bdi[contains(text(), \"Instructions\")]"}
RESULT: {"using":"xpath","value":"//bdi[contains(text(), \"Instructions\")]"}
COMMAND: POST /session/cd8dad5b6aa98ad5f0615c697c2d4924/elements - {"using":"xpath","value":"//bdi[contains(text(), \"Instructions\")]"}
RESULT: {"using":"xpath","value":"//bdi[contains(text(), \"Instructions\")]"}
COMMAND: POST /session/cd8dad5b6aa98ad5f0615c697c2d4924/elements - {"using":"xpath","value":"//bdi[contains(text(), \"Instructions\")]"}
RESULT: {"using":"xpath","value":"//bdi[contains(text(), \"Instructions\")]"}
COMMAND: POST /session/cd8dad5b6aa98ad5f0615c697c2d4924/elements - {"using":"xpath","value":"//bdi[contains(text(), \"Instructions\")]"}
RESULT: {"using":"xpath","value":"//bdi[contains(text(), \"Instructions\")]"}
COMMAND: POST /session/cd8dad5b6aa98ad5f0615c697c2d4924/elements - {"using":"xpath","value":"//bdi[contains(text(), \"Instructions\")]"}
RESULT: {"using":"xpath","value":"//bdi[contains(text(), \"Instructions\")]"}
COMMAND: POST /session/cd8dad5b6aa98ad5f0615c697c2d4924/elements - {"using":"xpath","value":"//bdi[contains(text(), \"Instructions\")]"}
RESULT: {"using":"xpath","value":"//bdi[contains(text(), \"Instructions\")]"}
COMMAND: POST /session/cd8dad5b6aa98ad5f0615c697c2d4924/elements - {"using":"xpath","value":"//bdi[contains(text(), \"Instructions\")]"}
RESULT: {"using":"xpath","value":"//bdi[contains(text(), \"Instructions\")]"}
COMMAND: POST /session/cd8dad5b6aa98ad5f0615c697c2d4924/elements - {"using":"xpath","value":"//bdi[contains(text(), \"Instructions\")]"}
RESULT: {"using":"xpath","value":"//bdi[contains(text(), \"Instructions\")]"}
COMMAND: POST /session/cd8dad5b6aa98ad5f0615c697c2d4924/elements - {"using":"xpath","value":"//bdi[contains(text(), \"Instructions\")]"}
RESULT: {"using":"xpath","value":"//bdi[contains(text(), \"Instructions\")]"}
COMMAND: POST /session/cd8dad5b6aa98ad5f0615c697c2d4924/elements - {"using":"xpath","value":"//bdi[contains(text(), \"Instructions\")]"}
RESULT: {"using":"xpath","value":"//bdi[contains(text(), \"Instructions\")]"}
COMMAND: POST /session/cd8dad5b6aa98ad5f0615c697c2d4924/elements - {"using":"xpath","value":"//bdi[contains(text(), \"Instructions\")]"}
RESULT: {"using":"xpath","value":"//bdi[contains(text(), \"Instructions\")]"}
COMMAND: POST /session/cd8dad5b6aa98ad5f0615c697c2d4924/elements - {"using":"xpath","value":"//bdi[contains(text(), \"Instructions\")]"}
RESULT: {"using":"xpath","value":"//bdi[contains(text(), \"Instructions\")]"}
COMMAND: POST /session/cd8dad5b6aa98ad5f0615c697c2d4924/elements - {"using":"xpath","value":"//bdi[contains(text(), \"Instructions\")]"}
RESULT: {"using":"xpath","value":"//bdi[contains(text(), \"Instructions\")]"}
COMMAND: POST /session/cd8dad5b6aa98ad5f0615c697c2d4924/elements - {"using":"xpath","value":"//bdi[contains(text(), \"Instructions\")]"}
RESULT: {"using":"xpath","value":"//bdi[contains(text(), \"Instructions\")]"}
COMMAND: POST /session/cd8dad5b6aa98ad5f0615c697c2d4924/elements - {"using":"xpath","value":"//bdi[contains(text(), \"Instructions\")]"}
RESULT: {"using":"xpath","value":"//bdi[contains(text(), \"Instructions\")]"}
COMMAND: POST /session/cd8dad5b6aa98ad5f0615c697c2d4924/elements - {"using":"xpath","value":"//bdi[contains(text(), \"Instructions\")]"}
RESULT: {"using":"xpath","value":"//bdi[contains(text(), \"Instructions\")]"}
COMMAND: POST /session/cd8dad5b6aa98ad5f0615c697c2d4924/elements - {"using":"xpath","value":"//bdi[contains(text(), \"Instructions\")]"}
RESULT: {"using":"xpath","value":"//bdi[contains(text(), \"Instructions\")]"}
COMMAND: POST /session/cd8dad5b6aa98ad5f0615c697c2d4924/elements - {"using":"xpath","value":"//bdi[contains(text(), \"Instructions\")]"}
RESULT: {"using":"xpath","value":"//bdi[contains(text(), \"Instructions\")]"}
COMMAND: POST /session/cd8dad5b6aa98ad5f0615c697c2d4924/elements - {"using":"xpath","value":"//bdi[contains(text(), \"Instructions\")]"}
RESULT: {"using":"xpath","value":"//bdi[contains(text(), \"Instructions\")]"}
COMMAND: POST /session/cd8dad5b6aa98ad5f0615c697c2d4924/elements - {"using":"xpath","value":"//bdi[contains(text(), \"Instructions\")]"}
RESULT: {"using":"xpath","value":"//bdi[contains(text(), \"Instructions\")]"}
COMMAND: POST /session/cd8dad5b6aa98ad5f0615c697c2d4924/elements - {"using":"xpath","value":"//bdi[contains(text(), \"Instructions\")]"}
RESULT: {"using":"xpath","value":"//bdi[contains(text(), \"Instructions\")]"}
COMMAND: POST /session/cd8dad5b6aa98ad5f0615c697c2d4924/elements - {"using":"xpath","value":"//bdi[contains(text(), \"Instructions\")]"}
RESULT: {"using":"xpath","value":"//bdi[contains(text(), \"Instructions\")]"}
COMMAND: POST /session/cd8dad5b6aa98ad5f0615c697c2d4924/elements - {"using":"xpath","value":"//bdi[contains(text(), \"Instructions\")]"}
RESULT: {"using":"xpath","value":"//bdi[contains(text(), \"Instructions\")]"}
COMMAND: POST /session/cd8dad5b6aa98ad5f0615c697c2d4924/elements - {"using":"xpath","value":"//bdi[contains(text(), \"Instructions\")]"}
RESULT: {"using":"xpath","value":"//bdi[contains(text(), \"Instructions\")]"}
COMMAND: POST /session/cd8dad5b6aa98ad5f0615c697c2d4924/elements - {"using":"xpath","value":"//bdi[contains(text(), \"Instructions\")]"}
RESULT: {"using":"xpath","value":"//bdi[contains(text(), \"Instructions\")]"}
COMMAND: POST /session/cd8dad5b6aa98ad5f0615c697c2d4924/elements - {"using":"xpath","value":"//bdi[contains(text(), \"Instructions\")]"}
RESULT: {"using":"xpath","value":"//bdi[contains(text(), \"Instructions\")]"}
COMMAND: POST /session/cd8dad5b6aa98ad5f0615c697c2d4924/elements - {"using":"xpath","value":"//bdi[contains(text(), \"Instructions\")]"}
RESULT: {"using":"xpath","value":"//bdi[contains(text(), \"Instructions\")]"}
COMMAND: POST /session/cd8dad5b6aa98ad5f0615c697c2d4924/elements - {"using":"xpath","value":"//bdi[contains(text(), \"Instructions\")]"}
RESULT: {"using":"xpath","value":"//bdi[contains(text(), \"Instructions\")]"}
COMMAND: POST /session/cd8dad5b6aa98ad5f0615c697c2d4924/elements - {"using":"xpath","value":"//bdi[contains(text(), \"Instructions\")]"}
RESULT: {"using":"xpath","value":"//bdi[contains(text(), \"Instructions\")]"}
COMMAND: POST /session/cd8dad5b6aa98ad5f0615c697c2d4924/elements - {"using":"xpath","value":"//bdi[contains(text(), \"Instructions\")]"}
RESULT: {"using":"xpath","value":"//bdi[contains(text(), \"Instructions\")]"}
COMMAND: POST /session/cd8dad5b6aa98ad5f0615c697c2d4924/elements - {"using":"xpath","value":"//bdi[contains(text(), \"Instructions\")]"}
RESULT: {"using":"xpath","value":"//bdi[contains(text(), \"Instructions\")]"}
COMMAND: POST /session/cd8dad5b6aa98ad5f0615c697c2d4924/elements - {"using":"xpath","value":"//bdi[contains(text(), \"Instructions\")]"}
RESULT: {"using":"xpath","value":"//bdi[contains(text(), \"Instructions\")]"}
COMMAND: POST /session/cd8dad5b6aa98ad5f0615c697c2d4924/elements - {"using":"xpath","value":"//bdi[contains(text(), \"Instructions\")]"}
RESULT: {"using":"xpath","value":"//bdi[contains(text(), \"Instructions\")]"}
COMMAND: POST /session/cd8dad5b6aa98ad5f0615c697c2d4924/elements - {"using":"xpath","value":"//bdi[contains(text(), \"Instructions\")]"}
RESULT: {"using":"xpath","value":"//bdi[contains(text(), \"Instructions\")]"}
COMMAND: POST /session/cd8dad5b6aa98ad5f0615c697c2d4924/elements - {"using":"xpath","value":"//bdi[contains(text(), \"Instructions\")]"}
RESULT: {"using":"xpath","value":"//bdi[contains(text(), \"Instructions\")]"}
COMMAND: POST /session/cd8dad5b6aa98ad5f0615c697c2d4924/elements - {"using":"xpath","value":"//bdi[contains(text(), \"Instructions\")]"}
RESULT: {"using":"xpath","value":"//bdi[contains(text(), \"Instructions\")]"}
COMMAND: POST /session/cd8dad5b6aa98ad5f0615c697c2d4924/elements - {"using":"xpath","value":"//bdi[contains(text(), \"Instructions\")]"}
RESULT: {"using":"xpath","value":"//bdi[contains(text(), \"Instructions\")]"}
COMMAND: POST /session/cd8dad5b6aa98ad5f0615c697c2d4924/elements - {"using":"xpath","value":"//bdi[contains(text(), \"Instructions\")]"}
RESULT: {"using":"xpath","value":"//bdi[contains(text(), \"Instructions\")]"}
COMMAND: POST /session/cd8dad5b6aa98ad5f0615c697c2d4924/elements - {"using":"xpath","value":"//bdi[contains(text(), \"Instructions\")]"}
RESULT: {"using":"xpath","value":"//bdi[contains(text(), \"Instructions\")]"}
COMMAND: POST /session/cd8dad5b6aa98ad5f0615c697c2d4924/elements - {"using":"xpath","value":"//bdi[contains(text(), \"Instructions\")]"}
RESULT: {"using":"xpath","value":"//bdi[contains(text(), \"Instructions\")]"}
COMMAND: POST /session/cd8dad5b6aa98ad5f0615c697c2d4924/elements - {"using":"xpath","value":"//bdi[contains(text(), \"Instructions\")]"}
RESULT: {"using":"xpath","value":"//bdi[contains(text(), \"Instructions\")]"}
COMMAND: POST /session/cd8dad5b6aa98ad5f0615c697c2d4924/elements - {"using":"xpath","value":"//bdi[contains(text(), \"Instructions\")]"}
RESULT: {"using":"xpath","value":"//bdi[contains(text(), \"Instructions\")]"}
COMMAND: POST /session/cd8dad5b6aa98ad5f0615c697c2d4924/elements - {"using":"xpath","value":"//bdi[contains(text(), \"Instructions\")]"}
RESULT: {"using":"xpath","value":"//bdi[contains(text(), \"Instructions\")]"}
COMMAND: POST /session/cd8dad5b6aa98ad5f0615c697c2d4924/elements - {"using":"xpath","value":"//bdi[contains(text(), \"Instructions\")]"}
RESULT: {"using":"xpath","value":"//bdi[contains(text(), \"Instructions\")]"}
COMMAND: POST /session/cd8dad5b6aa98ad5f0615c697c2d4924/elements - {"using":"xpath","value":"//bdi[contains(text(), \"Instructions\")]"}
RESULT: {"using":"xpath","value":"//bdi[contains(text(), \"Instructions\")]"}
COMMAND: POST /session/cd8dad5b6aa98ad5f0615c697c2d4924/elements - {"using":"xpath","value":"//bdi[contains(text(), \"Instructions\")]"}
RESULT: {"using":"xpath","value":"//bdi[contains(text(), \"Instructions\")]"}
COMMAND: POST /session/cd8dad5b6aa98ad5f0615c697c2d4924/elements - {"using":"xpath","value":"//bdi[contains(text(), \"Instructions\")]"}
RESULT: {"using":"xpath","value":"//bdi[contains(text(), \"Instructions\")]"}
COMMAND: POST /session/cd8dad5b6aa98ad5f0615c697c2d4924/elements - {"using":"xpath","value":"//bdi[contains(text(), \"Instructions\")]"}
RESULT: {"using":"xpath","value":"//bdi[contains(text(), \"Instructions\")]"}
COMMAND: POST /session/cd8dad5b6aa98ad5f0615c697c2d4924/elements - {"using":"xpath","value":"//bdi[contains(text(), \"Instructions\")]"}
RESULT: {"using":"xpath","value":"//bdi[contains(text(), \"Instructions\")]"}
COMMAND: POST /session/cd8dad5b6aa98ad5f0615c697c2d4924/elements - {"using":"xpath","value":"//bdi[contains(text(), \"Instructions\")]"}
RESULT: {"using":"xpath","value":"//bdi[contains(text(), \"Instructions\")]"}
COMMAND: POST /session/cd8dad5b6aa98ad5f0615c697c2d4924/elements - {"using":"xpath","value":"//bdi[contains(text(), \"Instructions\")]"}
RESULT: {"using":"xpath","value":"//bdi[contains(text(), \"Instructions\")]"}
COMMAND: POST /session/cd8dad5b6aa98ad5f0615c697c2d4924/elements - {"using":"xpath","value":"//bdi[contains(text(), \"Instructions\")]"}
RESULT: {"using":"xpath","value":"//bdi[contains(text(), \"Instructions\")]"}
COMMAND: POST /session/cd8dad5b6aa98ad5f0615c697c2d4924/elements - {"using":"xpath","value":"//bdi[contains(text(), \"Instructions\")]"}
RESULT: {"using":"xpath","value":"//bdi[contains(text(), \"Instructions\")]"}
COMMAND: POST /session/cd8dad5b6aa98ad5f0615c697c2d4924/elements - {"using":"xpath","value":"//bdi[contains(text(), \"Instructions\")]"}
RESULT: {"using":"xpath","value":"//bdi[contains(text(), \"Instructions\")]"}
COMMAND: POST /session/cd8dad5b6aa98ad5f0615c697c2d4924/elements - {"using":"xpath","value":"//bdi[contains(text(), \"Instructions\")]"}
RESULT: {"using":"xpath","value":"//bdi[contains(text(), \"Instructions\")]"}
COMMAND: POST /session/cd8dad5b6aa98ad5f0615c697c2d4924/elements - {"using":"xpath","value":"//bdi[contains(text(), \"Instructions\")]"}
RESULT: {"using":"xpath","value":"//bdi[contains(text(), \"Instructions\")]"}
COMMAND: POST /session/cd8dad5b6aa98ad5f0615c697c2d4924/elements - {"using":"xpath","value":"//bdi[contains(text(), \"Instructions\")]"}
RESULT: {"using":"xpath","value":"//bdi[contains(text(), \"Instructions\")]"}
COMMAND: POST /session/cd8dad5b6aa98ad5f0615c697c2d4924/elements - {"using":"xpath","value":"//bdi[contains(text(), \"Instructions\")]"}
RESULT: {"using":"xpath","value":"//bdi[contains(text(), \"Instructions\")]"}
COMMAND: POST /session/cd8dad5b6aa98ad5f0615c697c2d4924/elements - {"using":"xpath","value":"//bdi[contains(text(), \"Instructions\")]"}
RESULT: {"using":"xpath","value":"//bdi[contains(text(), \"Instructions\")]"}
COMMAND: POST /session/cd8dad5b6aa98ad5f0615c697c2d4924/elements - {"using":"xpath","value":"//bdi[contains(text(), \"Instructions\")]"}
RESULT: {"using":"xpath","value":"//bdi[contains(text(), \"Instructions\")]"}
COMMAND: POST /session/cd8dad5b6aa98ad5f0615c697c2d4924/elements - {"using":"xpath","value":"//bdi[contains(text(), \"Instructions\")]"}
RESULT: {"using":"xpath","value":"//bdi[contains(text(), \"Instructions\")]"}
COMMAND: POST /session/cd8dad5b6aa98ad5f0615c697c2d4924/elements - {"using":"xpath","value":"//bdi[contains(text(), \"Instructions\")]"}
RESULT: {"using":"xpath","value":"//bdi[contains(text(), \"Instructions\")]"}
COMMAND: POST /session/cd8dad5b6aa98ad5f0615c697c2d4924/elements - {"using":"xpath","value":"//bdi[contains(text(), \"Instructions\")]"}
RESULT: {"using":"xpath","value":"//bdi[contains(text(), \"Instructions\")]"}
COMMAND: POST /session/cd8dad5b6aa98ad5f0615c697c2d4924/elements - {"using":"xpath","value":"//bdi[contains(text(), \"Instructions\")]"}
RESULT: {"using":"xpath","value":"//bdi[contains(text(), \"Instructions\")]"}
COMMAND: POST /session/cd8dad5b6aa98ad5f0615c697c2d4924/elements - {"using":"xpath","value":"//bdi[contains(text(), \"Instructions\")]"}
RESULT: {"using":"xpath","value":"//bdi[contains(text(), \"Instructions\")]"}
COMMAND: POST /session/cd8dad5b6aa98ad5f0615c697c2d4924/elements - {"using":"xpath","value":"//bdi[contains(text(), \"Instructions\")]"}
COMMAND: GET /session/cd8dad5b6aa98ad5f0615c697c2d4924/screenshot - {}
RESULT: {"using":"xpath","value":"//bdi[contains(text(), \"Instructions\")]"}
RESULT: {}
]]></system-out>
      <system-err><![CDATA[
Error: Can't call click on element with selector "//bdi[contains(text(), "Instructions")]" because element wasn't found
    at async UtilsPrerequisites.provideToSiteHandoverFromContractDetails (D:\a\1\s\test\specs\BTS\prerequisites-and-utils-functions.js:1937:9)
    at async Context.<anonymous> (D:\a\1\s\test\specs\BTS\billing-calculation-mixed.spec.js:81:9)
]]></system-err>
    </testcase>
    <testcase classname="chrome.136_0_7103_93.windows.Create_master_data_for_mixed_billing_&amp;_do_billing_calculation_US151661" name="Should create a few performance documents" time="17.983">
      <failure/>
      <error message="expect(received).toEqual(expected) // deep equality&#xA;&#xA;Expected: &quot;Records (1)&quot;&#xA;Received: undefined"/>
      <system-out><![CDATA[
COMMAND: POST /session/cd8dad5b6aa98ad5f0615c697c2d4924/execute/async - {"script":"<script> [1562 bytes]","args":[{"selector":{"controlType":"sap.m.GenericTile","properties":{"header":"Manage States & Performance"}},"wdio_ui5_key":"sapm.GenericTile{\"header\":\"Manage States & Performance\"}"}]}
COMMAND: GET /session/cd8dad5b6aa98ad5f0615c697c2d4924/screenshot - {}
RESULT: {"script":"<script> [1562 bytes]","args":[{"selector":{"controlType":"sap.m.GenericTile","properties":{"header":"Manage States & Performance"}},"wdio_ui5_key":"sapm.GenericTile{\"header\":\"Manage States & Performance\"}"}]}
RESULT: undefined
RESULT: {}
COMMAND: POST /session/cd8dad5b6aa98ad5f0615c697c2d4924/elements - {"using":"xpath","value":"//span[text()='Error']"}
RESULT: {"using":"xpath","value":"//span[text()='Error']"}
COMMAND: POST /session/cd8dad5b6aa98ad5f0615c697c2d4924/execute/async - {"script":"<script> [1562 bytes]","args":[{"selector":{"id":"application-managestatesandperformance-display-component---stateAndPerform--smartFilterBarResources-btnBasicSearch","interaction":{"idSuffix":"I"}},"wdio_ui5_key":"applicationmanagestatesandperformance-display-component---stateAndPerform--smartFilterBarResources-btnBasicSearch"}]}
RESULT: {"script":"<script> [1562 bytes]","args":[{"selector":{"id":"application-managestatesandperformance-display-component---stateAndPerform--smartFilterBarResources-btnBasicSearch","interaction":{"idSuffix":"I"}},"wdio_ui5_key":"applicationmanagestatesandperformance-display-component---stateAndPerform--smartFilterBarResources-btnBasicSearch"}]}
RESULT: undefined
COMMAND: POST /session/cd8dad5b6aa98ad5f0615c697c2d4924/actions - {"actions":[{"id":"action46","type":"key","parameters":{},"actions":[{"type":"keyDown","value":""},{"type":"pause","duration":10},{"type":"keyUp","value":""}]}]}
RESULT: {"actions":[{"id":"action46","type":"key","parameters":{},"actions":[{"type":"keyDown","value":""},{"type":"pause","duration":10},{"type":"keyUp","value":""}]}]}
COMMAND: GET /session/cd8dad5b6aa98ad5f0615c697c2d4924/screenshot - {}
RESULT: {}
COMMAND: POST /session/cd8dad5b6aa98ad5f0615c697c2d4924/execute/async - {"script":"<script> [1562 bytes]","args":[{"selector":{"id":"application-managestatesandperformance-display-component---stateAndPerform--stateAndPerformResourcesSmartTable-header"},"wdio_ui5_key":"applicationmanagestatesandperformance-display-component---stateAndPerform--stateAndPerformResourcesSmartTable-header"}]}
RESULT: {"script":"<script> [1562 bytes]","args":[{"selector":{"id":"application-managestatesandperformance-display-component---stateAndPerform--stateAndPerformResourcesSmartTable-header"},"wdio_ui5_key":"applicationmanagestatesandperformance-display-component---stateAndPerform--stateAndPerformResourcesSmartTable-header"}]}
RESULT: undefined
COMMAND: GET /session/cd8dad5b6aa98ad5f0615c697c2d4924/screenshot - {}
RESULT: {}
]]></system-out>
      <system-err><![CDATA[
Error: expect(received).toEqual(expected) // deep equality

Expected: "Records (1)"
Received: undefined
    at Context.<anonymous> (D:\a\1\s\test\specs\BTS\billing-calculation-mixed.spec.js:102:22)
]]></system-err>
    </testcase>
    <testcase classname="chrome.136_0_7103_93.windows.Create_master_data_for_mixed_billing_&amp;_do_billing_calculation_US151661" name="Should go to Manage Billings and trigger calculation check the conditions applied" time="19.64">
      <failure/>
      <error message="element not interactable&#xA;  (Session info: chrome=136.0.7103.93)"/>
      <system-out><![CDATA[
COMMAND: POST /session/cd8dad5b6aa98ad5f0615c697c2d4924/execute/async - {"script":"<script> [1562 bytes]","args":[{"selector":{"controlType":"sap.m.GenericTile","properties":{"header":"Manage Billings"}},"wdio_ui5_key":"sapm.GenericTile{\"header\":\"Manage Billings\"}"}]}
COMMAND: GET /session/cd8dad5b6aa98ad5f0615c697c2d4924/screenshot - {}
RESULT: {"script":"<script> [1562 bytes]","args":[{"selector":{"controlType":"sap.m.GenericTile","properties":{"header":"Manage Billings"}},"wdio_ui5_key":"sapm.GenericTile{\"header\":\"Manage Billings\"}"}]}
RESULT: undefined
RESULT: {}
COMMAND: POST /session/cd8dad5b6aa98ad5f0615c697c2d4924/elements - {"using":"xpath","value":"//span[text()='Error']"}
RESULT: {"using":"xpath","value":"//span[text()='Error']"}
COMMAND: POST /session/cd8dad5b6aa98ad5f0615c697c2d4924/execute/async - {"script":"<script> [1562 bytes]","args":[{"selector":{"id":"application-managebillings-display-component---billRunCalcResult--smartFilterBar-btnBasicSearch","interaction":{"idSuffix":"I"}},"wdio_ui5_key":"applicationmanagebillings-display-component---billRunCalcResult--smartFilterBar-btnBasicSearch"}]}
RESULT: {"script":"<script> [1562 bytes]","args":[{"selector":{"id":"application-managebillings-display-component---billRunCalcResult--smartFilterBar-btnBasicSearch","interaction":{"idSuffix":"I"}},"wdio_ui5_key":"applicationmanagebillings-display-component---billRunCalcResult--smartFilterBar-btnBasicSearch"}]}
RESULT: undefined
COMMAND: POST /session/cd8dad5b6aa98ad5f0615c697c2d4924/actions - {"actions":[{"id":"action47","type":"key","parameters":{},"actions":[{"type":"keyDown","value":""},{"type":"pause","duration":10},{"type":"keyUp","value":""}]}]}
RESULT: {"actions":[{"id":"action47","type":"key","parameters":{},"actions":[{"type":"keyDown","value":""},{"type":"pause","duration":10},{"type":"keyUp","value":""}]}]}
COMMAND: GET /session/cd8dad5b6aa98ad5f0615c697c2d4924/screenshot - {}
RESULT: {}
COMMAND: POST /session/cd8dad5b6aa98ad5f0615c697c2d4924/element - {"using":"xpath","value":"//td[@aria-colindex=\"1\"]/div/div[contains(@class, \"sapMCbBg\")]"}
RESULT: {"using":"xpath","value":"//td[@aria-colindex=\"1\"]/div/div[contains(@class, \"sapMCbBg\")]"}
COMMAND: POST /session/cd8dad5b6aa98ad5f0615c697c2d4924/element/f.73A3896108CAD0F2DAB8766297627504.d.9422FB5F0B73EF34ADDA493033B5C57F.e.13081/click - {}
COMMAND: GET /session/cd8dad5b6aa98ad5f0615c697c2d4924/screenshot - {}
RESULT: {}
COMMAND: POST /session/cd8dad5b6aa98ad5f0615c697c2d4924/element - {"using":"css selector","value":"#j_username"}
COMMAND: POST /session/cd8dad5b6aa98ad5f0615c697c2d4924/url - {"url":"https://qa-testing-00-live-etm-ui.cfapps.eu10-004.hana.ondemand.com/"}
COMMAND: GET /session/cd8dad5b6aa98ad5f0615c697c2d4924/screenshot - {}
COMMAND: GET /session/cd8dad5b6aa98ad5f0615c697c2d4924/screenshot - {}
RESULT: {}
RESULT: {}
RESULT: {"url":"https://qa-testing-00-live-etm-ui.cfapps.eu10-004.hana.ondemand.com/"}
RESULT: undefined
COMMAND: GET /session/cd8dad5b6aa98ad5f0615c697c2d4924/screenshot - {}
RESULT: {"using":"css selector","value":"#j_username"}
COMMAND: POST /session/cd8dad5b6aa98ad5f0615c697c2d4924/element - {"using":"css selector","value":"#j_username"}
RESULT: {}
RESULT: {"using":"css selector","value":"#j_username"}
COMMAND: POST /session/cd8dad5b6aa98ad5f0615c697c2d4924/element - {"using":"css selector","value":"#shell-header-logo"}
RESULT: {"using":"css selector","value":"#shell-header-logo"}
COMMAND: POST /session/cd8dad5b6aa98ad5f0615c697c2d4924/execute/sync - {"script":"<script> [8489 bytes]","args":[{"element-6066-11e4-a52e-4f735466cecf":"f.73A3896108CAD0F2DAB8766297627504.d.E118D504930D89DB1A8B979F975EE6CE.e.13101","ELEMENT":"f.73A3896108CAD0F2DAB8766297627504.d.E118D504930D89DB1A8B979F975EE6CE.e.13101"}]}
RESULT: {"script":"<script> [8489 bytes]","args":[{"element-6066-11e4-a52e-4f735466cecf":"f.73A3896108CAD0F2DAB8766297627504.d.E118D504930D89DB1A8B979F975EE6CE.e.13101","ELEMENT":"f.73A3896108CAD0F2DAB8766297627504.d.E118D504930D89DB1A8B979F975EE6CE.e.13101"}]}
COMMAND: POST /session/cd8dad5b6aa98ad5f0615c697c2d4924/element - {"using":"css selector","value":"#shell-header-logo"}
COMMAND: GET /session/cd8dad5b6aa98ad5f0615c697c2d4924/screenshot - {}
RESULT: {"using":"css selector","value":"#shell-header-logo"}
COMMAND: POST /session/cd8dad5b6aa98ad5f0615c697c2d4924/execute/sync - {"script":"<script> [8489 bytes]","args":[{"element-6066-11e4-a52e-4f735466cecf":"f.73A3896108CAD0F2DAB8766297627504.d.E118D504930D89DB1A8B979F975EE6CE.e.13101","ELEMENT":"f.73A3896108CAD0F2DAB8766297627504.d.E118D504930D89DB1A8B979F975EE6CE.e.13101"}]}
RESULT: {}
RESULT: {"script":"<script> [8489 bytes]","args":[{"element-6066-11e4-a52e-4f735466cecf":"f.73A3896108CAD0F2DAB8766297627504.d.E118D504930D89DB1A8B979F975EE6CE.e.13101","ELEMENT":"f.73A3896108CAD0F2DAB8766297627504.d.E118D504930D89DB1A8B979F975EE6CE.e.13101"}]}
COMMAND: POST /session/cd8dad5b6aa98ad5f0615c697c2d4924/execute/sync - {"script":"<script> [5351 bytes]","args":[{"element-6066-11e4-a52e-4f735466cecf":"f.73A3896108CAD0F2DAB8766297627504.d.E118D504930D89DB1A8B979F975EE6CE.e.13101","ELEMENT":"f.73A3896108CAD0F2DAB8766297627504.d.E118D504930D89DB1A8B979F975EE6CE.e.13101"}]}
COMMAND: GET /session/cd8dad5b6aa98ad5f0615c697c2d4924/screenshot - {}
RESULT: {"script":"<script> [5351 bytes]","args":[{"element-6066-11e4-a52e-4f735466cecf":"f.73A3896108CAD0F2DAB8766297627504.d.E118D504930D89DB1A8B979F975EE6CE.e.13101","ELEMENT":"f.73A3896108CAD0F2DAB8766297627504.d.E118D504930D89DB1A8B979F975EE6CE.e.13101"}]}
COMMAND: POST /session/cd8dad5b6aa98ad5f0615c697c2d4924/element - {"using":"css selector","value":"#shell-header-logo"}
COMMAND: GET /session/cd8dad5b6aa98ad5f0615c697c2d4924/screenshot - {}
RESULT: {}
RESULT: {"using":"css selector","value":"#shell-header-logo"}
COMMAND: POST /session/cd8dad5b6aa98ad5f0615c697c2d4924/element/f.73A3896108CAD0F2DAB8766297627504.d.E118D504930D89DB1A8B979F975EE6CE.e.13101/click - {}
RESULT: {}
RESULT: {}
COMMAND: GET /session/cd8dad5b6aa98ad5f0615c697c2d4924/screenshot - {}
RESULT: {}
COMMAND: POST /session/cd8dad5b6aa98ad5f0615c697c2d4924/execute/async - {"script":"<script> [189 bytes]","args":[]}
RESULT: {"script":"<script> [189 bytes]","args":[]}
COMMAND: POST /session/cd8dad5b6aa98ad5f0615c697c2d4924/execute/async - {"script":"<script> [123 bytes]","args":[]}
RESULT: {"script":"<script> [123 bytes]","args":[]}
COMMAND: POST /session/cd8dad5b6aa98ad5f0615c697c2d4924/timeouts - {"script":"<number>"}
RESULT: {"script":"<number>"}
COMMAND: GET /session/cd8dad5b6aa98ad5f0615c697c2d4924/timeouts - {}
RESULT: {}
RESULT: undefined
COMMAND: POST /session/cd8dad5b6aa98ad5f0615c697c2d4924/execute/async - {"script":"<script> [2676 bytes]","args":[]}
RESULT: {"script":"<script> [2676 bytes]","args":[]}
COMMAND: POST /session/cd8dad5b6aa98ad5f0615c697c2d4924/execute/async - {"script":"<script> [2342 bytes]","args":[{"protocol":"http","hostname":"0.0.0.0","path":"/","capabilities":{"browserName":"chrome","goog:chromeOptions":{"binary":"C:\\Program Files\\Google\\Chrome\\Application\\chrome.exe","args":["--start-maximized"]}},"logLevel":"warn","connectionRetryTimeout":120000,"connectionRetryCount":3,"logLevels":{},"enableDirectConnect":true,"strictSSL":true,"_":"65 more keys: [\"cacheDir\",\"port\",\"requestedCapabilities\",\"automationProtocol\",\"baseUrl\",\"waitforInterval\",\"waitforTimeout\",\"onReload\",\"beforeCommand\",\"afterCommand\",\"rootDir\",\"specs\",\"suites\",\"exclude\",\"groupLogsByTestSpec\",\"excludeDriverLogs\",\"bail\",\"framework\",\"reporters\",\"services\",\"maxInstances\",\"maxInstancesPerCapability\",\"injectGlobals\",\"filesToWatch\",\"execArgv\",\"runnerEnv\",\"runner\",\"shard\",\"specFileRetries\",\"specFileRetriesDelay\",\"specFileRetriesDeferred\",\"reporterSyncInterval\",\"reporterSyncTimeout\",\"cucumberFeaturesWithLineNumbers\",\"autoCompileOpts\",\"mochaOpts\",\"jasmineOpts\",\"cucumberOpts\",\"onPrepare\",\"onWorkerStart\",\"onWorkerEnd\",\"before\",\"beforeSession\",\"beforeSuite\",\"beforeHook\",\"beforeTest\",\"afterTest\",\"afterHook\",\"afterSuite\",\"afterSession\",\"after\",\"onComplete\",\"beforeAssertion\",\"afterAssertion\",\"beforeFeature\",\"beforeScenario\",\"beforeStep\",\"afterStep\",\"afterScenario\",\"afterFeature\",\"_\",\"suite\",\"$0\",\"ignoredWorkerServices\",\"wdi5\"]"}]}
RESULT: {"script":"<script> [2342 bytes]","args":[{"protocol":"http","hostname":"0.0.0.0","path":"/","capabilities":{"browserName":"chrome","goog:chromeOptions":{"binary":"C:\\Program Files\\Google\\Chrome\\Application\\chrome.exe","args":["--start-maximized"]}},"logLevel":"warn","connectionRetryTimeout":120000,"connectionRetryCount":3,"logLevels":{},"enableDirectConnect":true,"strictSSL":true,"_":"65 more keys: [\"cacheDir\",\"port\",\"requestedCapabilities\",\"automationProtocol\",\"baseUrl\",\"waitforInterval\",\"waitforTimeout\",\"onReload\",\"beforeCommand\",\"afterCommand\",\"rootDir\",\"specs\",\"suites\",\"exclude\",\"groupLogsByTestSpec\",\"excludeDriverLogs\",\"bail\",\"framework\",\"reporters\",\"services\",\"maxInstances\",\"maxInstancesPerCapability\",\"injectGlobals\",\"filesToWatch\",\"execArgv\",\"runnerEnv\",\"runner\",\"shard\",\"specFileRetries\",\"specFileRetriesDelay\",\"specFileRetriesDeferred\",\"reporterSyncInterval\",\"reporterSyncTimeout\",\"cucumberFeaturesWithLineNumbers\",\"autoCompileOpts\",\"mochaOpts\",\"jasmineOpts\",\"cucumberOpts\",\"onPrepare\",\"onWorkerStart\",\"onWorkerEnd\",\"before\",\"beforeSession\",\"beforeSuite\",\"beforeHook\",\"beforeTest\",\"afterTest\",\"afterHook\",\"afterSuite\",\"afterSession\",\"after\",\"onComplete\",\"beforeAssertion\",\"afterAssertion\",\"beforeFeature\",\"beforeScenario\",\"beforeStep\",\"afterStep\",\"afterScenario\",\"afterFeature\",\"_\",\"suite\",\"$0\",\"ignoredWorkerServices\",\"wdi5\"]"}]}
COMMAND: POST /session/cd8dad5b6aa98ad5f0615c697c2d4924/execute/async - {"script":"<script> [21126 bytes]","args":[35000]}
RESULT: {"script":"<script> [21126 bytes]","args":[35000]}
COMMAND: POST /session/cd8dad5b6aa98ad5f0615c697c2d4924/window/maximize - {}
RESULT: {}
COMMAND: POST /session/cd8dad5b6aa98ad5f0615c697c2d4924/execute/async - {"script":"<script> [1562 bytes]","args":[{"selector":{"id":"shell-header","interaction":{"idSuffix":"icon"}},"wdio_ui5_key":"shellheader"}]}
COMMAND: GET /session/cd8dad5b6aa98ad5f0615c697c2d4924/screenshot - {}
RESULT: {"script":"<script> [1562 bytes]","args":[{"selector":{"id":"shell-header","interaction":{"idSuffix":"icon"}},"wdio_ui5_key":"shellheader"}]}
RESULT: undefined
COMMAND: POST /session/cd8dad5b6aa98ad5f0615c697c2d4924/refresh - {}
RESULT: {}
RESULT: {}
COMMAND: GET /session/cd8dad5b6aa98ad5f0615c697c2d4924/screenshot - {}
RESULT: {}
COMMAND: POST /session/cd8dad5b6aa98ad5f0615c697c2d4924/refresh - {}
RESULT: {}
COMMAND: GET /session/cd8dad5b6aa98ad5f0615c697c2d4924/screenshot - {}
RESULT: {}
COMMAND: POST /session/cd8dad5b6aa98ad5f0615c697c2d4924/window/fullscreen - {}
RESULT: {}
COMMAND: POST /session/cd8dad5b6aa98ad5f0615c697c2d4924/execute/async - {"script":"<script> [189 bytes]","args":[]}
RESULT: {"script":"<script> [189 bytes]","args":[]}
COMMAND: POST /session/cd8dad5b6aa98ad5f0615c697c2d4924/execute/async - {"script":"<script> [123 bytes]","args":[]}
RESULT: {"script":"<script> [123 bytes]","args":[]}
COMMAND: POST /session/cd8dad5b6aa98ad5f0615c697c2d4924/timeouts - {"script":"<number>"}
RESULT: {"script":"<number>"}
COMMAND: GET /session/cd8dad5b6aa98ad5f0615c697c2d4924/timeouts - {}
RESULT: {}
RESULT: undefined
COMMAND: POST /session/cd8dad5b6aa98ad5f0615c697c2d4924/execute/async - {"script":"<script> [2676 bytes]","args":[]}
RESULT: {"script":"<script> [2676 bytes]","args":[]}
COMMAND: POST /session/cd8dad5b6aa98ad5f0615c697c2d4924/execute/async - {"script":"<script> [2342 bytes]","args":[{"protocol":"http","hostname":"0.0.0.0","path":"/","capabilities":{"browserName":"chrome","goog:chromeOptions":{"binary":"C:\\Program Files\\Google\\Chrome\\Application\\chrome.exe","args":["--start-maximized"]}},"logLevel":"warn","connectionRetryTimeout":120000,"connectionRetryCount":3,"logLevels":{},"enableDirectConnect":true,"strictSSL":true,"_":"65 more keys: [\"cacheDir\",\"port\",\"requestedCapabilities\",\"automationProtocol\",\"baseUrl\",\"waitforInterval\",\"waitforTimeout\",\"onReload\",\"beforeCommand\",\"afterCommand\",\"rootDir\",\"specs\",\"suites\",\"exclude\",\"groupLogsByTestSpec\",\"excludeDriverLogs\",\"bail\",\"framework\",\"reporters\",\"services\",\"maxInstances\",\"maxInstancesPerCapability\",\"injectGlobals\",\"filesToWatch\",\"execArgv\",\"runnerEnv\",\"runner\",\"shard\",\"specFileRetries\",\"specFileRetriesDelay\",\"specFileRetriesDeferred\",\"reporterSyncInterval\",\"reporterSyncTimeout\",\"cucumberFeaturesWithLineNumbers\",\"autoCompileOpts\",\"mochaOpts\",\"jasmineOpts\",\"cucumberOpts\",\"onPrepare\",\"onWorkerStart\",\"onWorkerEnd\",\"before\",\"beforeSession\",\"beforeSuite\",\"beforeHook\",\"beforeTest\",\"afterTest\",\"afterHook\",\"afterSuite\",\"afterSession\",\"after\",\"onComplete\",\"beforeAssertion\",\"afterAssertion\",\"beforeFeature\",\"beforeScenario\",\"beforeStep\",\"afterStep\",\"afterScenario\",\"afterFeature\",\"_\",\"suite\",\"$0\",\"ignoredWorkerServices\",\"wdi5\"]"}]}
RESULT: {"script":"<script> [2342 bytes]","args":[{"protocol":"http","hostname":"0.0.0.0","path":"/","capabilities":{"browserName":"chrome","goog:chromeOptions":{"binary":"C:\\Program Files\\Google\\Chrome\\Application\\chrome.exe","args":["--start-maximized"]}},"logLevel":"warn","connectionRetryTimeout":120000,"connectionRetryCount":3,"logLevels":{},"enableDirectConnect":true,"strictSSL":true,"_":"65 more keys: [\"cacheDir\",\"port\",\"requestedCapabilities\",\"automationProtocol\",\"baseUrl\",\"waitforInterval\",\"waitforTimeout\",\"onReload\",\"beforeCommand\",\"afterCommand\",\"rootDir\",\"specs\",\"suites\",\"exclude\",\"groupLogsByTestSpec\",\"excludeDriverLogs\",\"bail\",\"framework\",\"reporters\",\"services\",\"maxInstances\",\"maxInstancesPerCapability\",\"injectGlobals\",\"filesToWatch\",\"execArgv\",\"runnerEnv\",\"runner\",\"shard\",\"specFileRetries\",\"specFileRetriesDelay\",\"specFileRetriesDeferred\",\"reporterSyncInterval\",\"reporterSyncTimeout\",\"cucumberFeaturesWithLineNumbers\",\"autoCompileOpts\",\"mochaOpts\",\"jasmineOpts\",\"cucumberOpts\",\"onPrepare\",\"onWorkerStart\",\"onWorkerEnd\",\"before\",\"beforeSession\",\"beforeSuite\",\"beforeHook\",\"beforeTest\",\"afterTest\",\"afterHook\",\"afterSuite\",\"afterSession\",\"after\",\"onComplete\",\"beforeAssertion\",\"afterAssertion\",\"beforeFeature\",\"beforeScenario\",\"beforeStep\",\"afterStep\",\"afterScenario\",\"afterFeature\",\"_\",\"suite\",\"$0\",\"ignoredWorkerServices\",\"wdi5\"]"}]}
COMMAND: POST /session/cd8dad5b6aa98ad5f0615c697c2d4924/execute/async - {"script":"<script> [21126 bytes]","args":[35000]}
RESULT: {"script":"<script> [21126 bytes]","args":[35000]}
]]></system-out>
      <system-err><![CDATA[
element not interactable: element not interactable
  (Session info: chrome=136.0.7103.93)
    at async UtilsPrerequisites.manageBillingsTriggerCalculation (D:\a\1\s\test\specs\BTS\prerequisites-and-utils-functions.js:2724:9)
    at async Context.<anonymous> (D:\a\1\s\test\specs\BTS\billing-calculation-mixed.spec.js:250:9)
]]></system-err>
    </testcase>
  </testsuite>
  <testsuite timestamp="2025-05-21T17:47:14" time="841.845" tests="13" failures="0" errors="0" skipped="0">
    <properties>
      <property name="specId" value="0"/>
      <property name="suiteName" value="Performance based billing (work days) US139742"/>
      <property name="capabilities" value="chrome.136_0_7103_93.windows"/>
      <property name="file" value="file:///D:/a/1/s/test/specs/BTS/billing-performance-workdays.spec.js"/>
    </properties>
    <testcase classname="chrome.136_0_7103_93.windows.Performance_based_billing_(work_days)_US139742" name="Should create a new yard" time="1.725">
      <system-out><![CDATA[
COMMAND: POST /session/cd8dad5b6aa98ad5f0615c697c2d4924/window/fullscreen - {}
RESULT: {}
]]></system-out>
    </testcase>
    <testcase classname="chrome.136_0_7103_93.windows.Performance_based_billing_(work_days)_US139742" name="Should create a new partner" time="0.004"/>
    <testcase classname="chrome.136_0_7103_93.windows.Performance_based_billing_(work_days)_US139742" name="Should create a new site" time="0.004"/>
    <testcase classname="chrome.136_0_7103_93.windows.Performance_based_billing_(work_days)_US139742" name="Should do prerequisite steps add equipment" time="142.28">
      <system-out><![CDATA[
COMMAND: POST /session/cd8dad5b6aa98ad5f0615c697c2d4924/execute/async - {"script":"<script> [1562 bytes]","args":[{"selector":{"controlType":"sap.m.GenericTile","properties":{"header":"Manage Resources"}},"wdio_ui5_key":"sapm.GenericTile{\"header\":\"Manage Resources\"}"}]}
RESULT: {"script":"<script> [1562 bytes]","args":[{"selector":{"controlType":"sap.m.GenericTile","properties":{"header":"Manage Resources"}},"wdio_ui5_key":"sapm.GenericTile{\"header\":\"Manage Resources\"}"}]}
RESULT: undefined
COMMAND: POST /session/cd8dad5b6aa98ad5f0615c697c2d4924/element - {"using":"xpath","value":"//*[@id=\"__tile39\"]"}
RESULT: {"using":"xpath","value":"//*[@id=\"__tile39\"]"}
COMMAND: POST /session/cd8dad5b6aa98ad5f0615c697c2d4924/element/f.73A3896108CAD0F2DAB8766297627504.d.81C4B09FC88B3EAAC9E5D503D74518E3.e.13255/click - {}
RESULT: {}
COMMAND: GET /session/cd8dad5b6aa98ad5f0615c697c2d4924/screenshot - {}
RESULT: {}
COMMAND: POST /session/cd8dad5b6aa98ad5f0615c697c2d4924/elements - {"using":"xpath","value":"//span[text()='Error']"}
RESULT: {"using":"xpath","value":"//span[text()='Error']"}
COMMAND: POST /session/cd8dad5b6aa98ad5f0615c697c2d4924/element - {"using":"xpath","value":"//button[@data-kt=\"addNewRUOverflowToolbarButton\"]"}
RESULT: {"using":"xpath","value":"//button[@data-kt=\"addNewRUOverflowToolbarButton\"]"}
COMMAND: POST /session/cd8dad5b6aa98ad5f0615c697c2d4924/elements - {"using":"xpath","value":"//button[@data-kt=\"addNewRUOverflowToolbarButton\"]"}
RESULT: {"using":"xpath","value":"//button[@data-kt=\"addNewRUOverflowToolbarButton\"]"}
COMMAND: POST /session/cd8dad5b6aa98ad5f0615c697c2d4924/element - {"using":"xpath","value":"//button[@data-kt=\"addNewRUOverflowToolbarButton\"]"}
RESULT: {"using":"xpath","value":"//button[@data-kt=\"addNewRUOverflowToolbarButton\"]"}
COMMAND: POST /session/cd8dad5b6aa98ad5f0615c697c2d4924/execute/sync - {"script":"<script> [8489 bytes]","args":[{"element-6066-11e4-a52e-4f735466cecf":"f.73A3896108CAD0F2DAB8766297627504.d.81C4B09FC88B3EAAC9E5D503D74518E3.e.13392","ELEMENT":"f.73A3896108CAD0F2DAB8766297627504.d.81C4B09FC88B3EAAC9E5D503D74518E3.e.13392"}]}
RESULT: {"script":"<script> [8489 bytes]","args":[{"element-6066-11e4-a52e-4f735466cecf":"f.73A3896108CAD0F2DAB8766297627504.d.81C4B09FC88B3EAAC9E5D503D74518E3.e.13392","ELEMENT":"f.73A3896108CAD0F2DAB8766297627504.d.81C4B09FC88B3EAAC9E5D503D74518E3.e.13392"}]}
COMMAND: GET /session/cd8dad5b6aa98ad5f0615c697c2d4924/element/f.73A3896108CAD0F2DAB8766297627504.d.81C4B09FC88B3EAAC9E5D503D74518E3.e.13392/enabled - {}
COMMAND: GET /session/cd8dad5b6aa98ad5f0615c697c2d4924/screenshot - {}
RESULT: {}
COMMAND: POST /session/cd8dad5b6aa98ad5f0615c697c2d4924/execute/sync - {"script":"<script> [8489 bytes]","args":[{"element-6066-11e4-a52e-4f735466cecf":"f.73A3896108CAD0F2DAB8766297627504.d.81C4B09FC88B3EAAC9E5D503D74518E3.e.13392","ELEMENT":"f.73A3896108CAD0F2DAB8766297627504.d.81C4B09FC88B3EAAC9E5D503D74518E3.e.13392"}]}
COMMAND: GET /session/cd8dad5b6aa98ad5f0615c697c2d4924/screenshot - {}
RESULT: {}
RESULT: {"script":"<script> [8489 bytes]","args":[{"element-6066-11e4-a52e-4f735466cecf":"f.73A3896108CAD0F2DAB8766297627504.d.81C4B09FC88B3EAAC9E5D503D74518E3.e.13392","ELEMENT":"f.73A3896108CAD0F2DAB8766297627504.d.81C4B09FC88B3EAAC9E5D503D74518E3.e.13392"}]}
COMMAND: POST /session/cd8dad5b6aa98ad5f0615c697c2d4924/execute/sync - {"script":"<script> [5351 bytes]","args":[{"element-6066-11e4-a52e-4f735466cecf":"f.73A3896108CAD0F2DAB8766297627504.d.81C4B09FC88B3EAAC9E5D503D74518E3.e.13392","ELEMENT":"f.73A3896108CAD0F2DAB8766297627504.d.81C4B09FC88B3EAAC9E5D503D74518E3.e.13392"}]}
COMMAND: GET /session/cd8dad5b6aa98ad5f0615c697c2d4924/screenshot - {}
RESULT: {}
RESULT: {"script":"<script> [5351 bytes]","args":[{"element-6066-11e4-a52e-4f735466cecf":"f.73A3896108CAD0F2DAB8766297627504.d.81C4B09FC88B3EAAC9E5D503D74518E3.e.13392","ELEMENT":"f.73A3896108CAD0F2DAB8766297627504.d.81C4B09FC88B3EAAC9E5D503D74518E3.e.13392"}]}
COMMAND: POST /session/cd8dad5b6aa98ad5f0615c697c2d4924/element/f.73A3896108CAD0F2DAB8766297627504.d.81C4B09FC88B3EAAC9E5D503D74518E3.e.13392/click - {}
COMMAND: GET /session/cd8dad5b6aa98ad5f0615c697c2d4924/screenshot - {}
RESULT: {}
RESULT: {}
COMMAND: GET /session/cd8dad5b6aa98ad5f0615c697c2d4924/screenshot - {}
RESULT: {}
RESULT: {}
COMMAND: POST /session/cd8dad5b6aa98ad5f0615c697c2d4924/execute/async - {"script":"<script> [1562 bytes]","args":[{"selector":{"id":"application-manageresources-display-component---newResourceUnit--TYPE-arrow"},"wdio_ui5_key":"applicationmanageresources-display-component---newResourceUnit--TYPE-arrow"}]}
RESULT: {"script":"<script> [1562 bytes]","args":[{"selector":{"id":"application-manageresources-display-component---newResourceUnit--TYPE-arrow"},"wdio_ui5_key":"applicationmanageresources-display-component---newResourceUnit--TYPE-arrow"}]}
RESULT: undefined
COMMAND: POST /session/cd8dad5b6aa98ad5f0615c697c2d4924/element - {"using":"xpath","value":"//*[@id=\"application-manageresources-display-component---newResourceUnit--TYPE-arrow\"]"}
RESULT: {"using":"xpath","value":"//*[@id=\"application-manageresources-display-component---newResourceUnit--TYPE-arrow\"]"}
COMMAND: POST /session/cd8dad5b6aa98ad5f0615c697c2d4924/element/f.73A3896108CAD0F2DAB8766297627504.d.81C4B09FC88B3EAAC9E5D503D74518E3.e.13748/click - {}
RESULT: {}
COMMAND: POST /session/cd8dad5b6aa98ad5f0615c697c2d4924/element - {"using":"xpath","value":"//input[@id=\"application-manageresources-display-component---newResourceUnit--TYPE-inner\"]"}
COMMAND: GET /session/cd8dad5b6aa98ad5f0615c697c2d4924/screenshot - {}
RESULT: {"using":"xpath","value":"//input[@id=\"application-manageresources-display-component---newResourceUnit--TYPE-inner\"]"}
COMMAND: POST /session/cd8dad5b6aa98ad5f0615c697c2d4924/element/f.73A3896108CAD0F2DAB8766297627504.d.81C4B09FC88B3EAAC9E5D503D74518E3.e.13743/clear - {}
RESULT: {}
RESULT: {}
COMMAND: POST /session/cd8dad5b6aa98ad5f0615c697c2d4924/element/f.73A3896108CAD0F2DAB8766297627504.d.81C4B09FC88B3EAAC9E5D503D74518E3.e.13743/value - {"text":"Equipment"}
COMMAND: GET /session/cd8dad5b6aa98ad5f0615c697c2d4924/screenshot - {}
RESULT: {"text":"Equipment"}
COMMAND: GET /session/cd8dad5b6aa98ad5f0615c697c2d4924/screenshot - {}
RESULT: {}
RESULT: {}
COMMAND: POST /session/cd8dad5b6aa98ad5f0615c697c2d4924/actions - {"actions":[{"id":"action48","type":"key","parameters":{},"actions":[{"type":"keyDown","value":""},{"type":"pause","duration":10},{"type":"keyUp","value":""}]}]}
RESULT: {"actions":[{"id":"action48","type":"key","parameters":{},"actions":[{"type":"keyDown","value":""},{"type":"pause","duration":10},{"type":"keyUp","value":""}]}]}
COMMAND: POST /session/cd8dad5b6aa98ad5f0615c697c2d4924/execute/async - {"script":"<script> [1562 bytes]","args":[{"selector":{"id":"application-manageresources-display-component---newResourceUnit--resourceId","interaction":{"idSuffix":"inner"}},"wdio_ui5_key":"applicationmanageresources-display-component---newResourceUnit--resourceId"}]}
COMMAND: GET /session/cd8dad5b6aa98ad5f0615c697c2d4924/screenshot - {}
RESULT: {"script":"<script> [1562 bytes]","args":[{"selector":{"id":"application-manageresources-display-component---newResourceUnit--resourceId","interaction":{"idSuffix":"inner"}},"wdio_ui5_key":"applicationmanageresources-display-component---newResourceUnit--resourceId"}]}
RESULT: undefined
COMMAND: POST /session/cd8dad5b6aa98ad5f0615c697c2d4924/execute/async - {"script":"<script> [776 bytes]","args":[{"enterText":"OOYrVpWPdM","selector":{"id":"application-manageresources-display-component---newResourceUnit--resourceId","interaction":{"idSuffix":"inner"}},"clearTextFirst":true,"interactionType":"ENTER_TEXT"}]}
RESULT: {}
RESULT: {"script":"<script> [776 bytes]","args":[{"enterText":"OOYrVpWPdM","selector":{"id":"application-manageresources-display-component---newResourceUnit--resourceId","interaction":{"idSuffix":"inner"}},"clearTextFirst":true,"interactionType":"ENTER_TEXT"}]}
COMMAND: POST /session/cd8dad5b6aa98ad5f0615c697c2d4924/execute/async - {"script":"<script> [1562 bytes]","args":[{"selector":{"id":"application-manageresources-display-component---newResourceUnit--SHORT_TEXT","interaction":{"idSuffix":"inner"}},"wdio_ui5_key":"applicationmanageresources-display-component---newResourceUnit--SHORT_TEXT"}]}
RESULT: {"script":"<script> [1562 bytes]","args":[{"selector":{"id":"application-manageresources-display-component---newResourceUnit--SHORT_TEXT","interaction":{"idSuffix":"inner"}},"wdio_ui5_key":"applicationmanageresources-display-component---newResourceUnit--SHORT_TEXT"}]}
RESULT: undefined
COMMAND: POST /session/cd8dad5b6aa98ad5f0615c697c2d4924/execute/async - {"script":"<script> [776 bytes]","args":[{"enterText":"Intercompany Equipment WDIO","selector":{"id":"application-manageresources-display-component---newResourceUnit--SHORT_TEXT","interaction":{"idSuffix":"inner"}},"clearTextFirst":true,"interactionType":"ENTER_TEXT"}]}
RESULT: {"script":"<script> [776 bytes]","args":[{"enterText":"Intercompany Equipment WDIO","selector":{"id":"application-manageresources-display-component---newResourceUnit--SHORT_TEXT","interaction":{"idSuffix":"inner"}},"clearTextFirst":true,"interactionType":"ENTER_TEXT"}]}
COMMAND: POST /session/cd8dad5b6aa98ad5f0615c697c2d4924/execute/async - {"script":"<script> [1562 bytes]","args":[{"selector":{"id":"application-manageresources-display-component---newResourceUnit--BASE_UNIT_OF_MEASURE","interaction":{"idSuffix":"inner"}},"wdio_ui5_key":"applicationmanageresources-display-component---newResourceUnit--BASE_UNIT_OF_MEASURE"}]}
RESULT: {"script":"<script> [1562 bytes]","args":[{"selector":{"id":"application-manageresources-display-component---newResourceUnit--BASE_UNIT_OF_MEASURE","interaction":{"idSuffix":"inner"}},"wdio_ui5_key":"applicationmanageresources-display-component---newResourceUnit--BASE_UNIT_OF_MEASURE"}]}
RESULT: undefined
COMMAND: POST /session/cd8dad5b6aa98ad5f0615c697c2d4924/execute/async - {"script":"<script> [776 bytes]","args":[{"enterText":"Piece","selector":{"id":"application-manageresources-display-component---newResourceUnit--BASE_UNIT_OF_MEASURE","interaction":{"idSuffix":"inner"}},"clearTextFirst":true,"interactionType":"ENTER_TEXT"}]}
RESULT: {"script":"<script> [776 bytes]","args":[{"enterText":"Piece","selector":{"id":"application-manageresources-display-component---newResourceUnit--BASE_UNIT_OF_MEASURE","interaction":{"idSuffix":"inner"}},"clearTextFirst":true,"interactionType":"ENTER_TEXT"}]}
COMMAND: POST /session/cd8dad5b6aa98ad5f0615c697c2d4924/execute/async - {"script":"<script> [1562 bytes]","args":[{"selector":{"id":"application-manageresources-display-component---newResourceUnit--WEIGHT_UNIT","interaction":{"idSuffix":"inner"}},"wdio_ui5_key":"applicationmanageresources-display-component---newResourceUnit--WEIGHT_UNIT"}]}
RESULT: {"script":"<script> [1562 bytes]","args":[{"selector":{"id":"application-manageresources-display-component---newResourceUnit--WEIGHT_UNIT","interaction":{"idSuffix":"inner"}},"wdio_ui5_key":"applicationmanageresources-display-component---newResourceUnit--WEIGHT_UNIT"}]}
RESULT: undefined
COMMAND: POST /session/cd8dad5b6aa98ad5f0615c697c2d4924/execute/async - {"script":"<script> [776 bytes]","args":[{"enterText":"Gram","selector":{"id":"application-manageresources-display-component---newResourceUnit--WEIGHT_UNIT","interaction":{"idSuffix":"inner"}},"clearTextFirst":true,"interactionType":"ENTER_TEXT"}]}
RESULT: {"script":"<script> [776 bytes]","args":[{"enterText":"Gram","selector":{"id":"application-manageresources-display-component---newResourceUnit--WEIGHT_UNIT","interaction":{"idSuffix":"inner"}},"clearTextFirst":true,"interactionType":"ENTER_TEXT"}]}
COMMAND: POST /session/cd8dad5b6aa98ad5f0615c697c2d4924/execute/async - {"script":"<script> [1562 bytes]","args":[{"selector":{"id":"application-manageresources-display-component---newResourceUnit--DIMENSION_UNIT","interaction":{"idSuffix":"inner"}},"wdio_ui5_key":"applicationmanageresources-display-component---newResourceUnit--DIMENSION_UNIT"}]}
RESULT: {"script":"<script> [1562 bytes]","args":[{"selector":{"id":"application-manageresources-display-component---newResourceUnit--DIMENSION_UNIT","interaction":{"idSuffix":"inner"}},"wdio_ui5_key":"applicationmanageresources-display-component---newResourceUnit--DIMENSION_UNIT"}]}
RESULT: undefined
COMMAND: POST /session/cd8dad5b6aa98ad5f0615c697c2d4924/execute/async - {"script":"<script> [776 bytes]","args":[{"enterText":"Meter","selector":{"id":"application-manageresources-display-component---newResourceUnit--DIMENSION_UNIT","interaction":{"idSuffix":"inner"}},"clearTextFirst":true,"interactionType":"ENTER_TEXT"}]}
RESULT: {"script":"<script> [776 bytes]","args":[{"enterText":"Meter","selector":{"id":"application-manageresources-display-component---newResourceUnit--DIMENSION_UNIT","interaction":{"idSuffix":"inner"}},"clearTextFirst":true,"interactionType":"ENTER_TEXT"}]}
COMMAND: POST /session/cd8dad5b6aa98ad5f0615c697c2d4924/execute/async - {"script":"<script> [1562 bytes]","args":[{"selector":{"id":"application-manageresources-display-component---newResourceUnit--newRRUPage-anchBar-application-manageresources-display-component---newResourceUnit--control-anchor","interaction":{"idSuffix":"BDI-content"}},"wdio_ui5_key":"applicationmanageresources-display-component---newResourceUnit--newRRUPage-anchBar-application-manageresources-display-component---newResourceUnit--control-anchor"}]}
RESULT: {"script":"<script> [1562 bytes]","args":[{"selector":{"id":"application-manageresources-display-component---newResourceUnit--newRRUPage-anchBar-application-manageresources-display-component---newResourceUnit--control-anchor","interaction":{"idSuffix":"BDI-content"}},"wdio_ui5_key":"applicationmanageresources-display-component---newResourceUnit--newRRUPage-anchBar-application-manageresources-display-component---newResourceUnit--control-anchor"}]}
RESULT: undefined
COMMAND: POST /session/cd8dad5b6aa98ad5f0615c697c2d4924/element - {"using":"xpath","value":"//*[@id=\"application-manageresources-display-component---newResourceUnit--newRRUPage-anchBar-application-manageresources-display-component---newResourceUnit--control-anchor\"]"}
RESULT: {"using":"xpath","value":"//*[@id=\"application-manageresources-display-component---newResourceUnit--newRRUPage-anchBar-application-manageresources-display-component---newResourceUnit--control-anchor\"]"}
COMMAND: POST /session/cd8dad5b6aa98ad5f0615c697c2d4924/element/f.73A3896108CAD0F2DAB8766297627504.d.81C4B09FC88B3EAAC9E5D503D74518E3.e.13881/click - {}
RESULT: {}
COMMAND: POST /session/cd8dad5b6aa98ad5f0615c697c2d4924/execute/async - {"script":"<script> [1562 bytes]","args":[{"selector":{"id":"application-manageresources-display-component---newResourceUnit--PLANNING_GROUP","interaction":{"idSuffix":"inner"}},"wdio_ui5_key":"applicationmanageresources-display-component---newResourceUnit--PLANNING_GROUP"}]}
COMMAND: GET /session/cd8dad5b6aa98ad5f0615c697c2d4924/screenshot - {}
RESULT: {"script":"<script> [1562 bytes]","args":[{"selector":{"id":"application-manageresources-display-component---newResourceUnit--PLANNING_GROUP","interaction":{"idSuffix":"inner"}},"wdio_ui5_key":"applicationmanageresources-display-component---newResourceUnit--PLANNING_GROUP"}]}
RESULT: undefined
COMMAND: POST /session/cd8dad5b6aa98ad5f0615c697c2d4924/execute/async - {"script":"<script> [776 bytes]","args":[{"enterText":"Heavy Equi","selector":{"id":"application-manageresources-display-component---newResourceUnit--PLANNING_GROUP","interaction":{"idSuffix":"inner"}},"clearTextFirst":true,"interactionType":"ENTER_TEXT"}]}
RESULT: {}
RESULT: {"script":"<script> [776 bytes]","args":[{"enterText":"Heavy Equi","selector":{"id":"application-manageresources-display-component---newResourceUnit--PLANNING_GROUP","interaction":{"idSuffix":"inner"}},"clearTextFirst":true,"interactionType":"ENTER_TEXT"}]}
COMMAND: POST /session/cd8dad5b6aa98ad5f0615c697c2d4924/execute/async - {"script":"<script> [1562 bytes]","args":[{"selector":{"id":"application-manageresources-display-component---newResourceUnit--ITEM_TYPE-arrow"},"wdio_ui5_key":"applicationmanageresources-display-component---newResourceUnit--ITEM_TYPE-arrow"}]}
RESULT: {"script":"<script> [1562 bytes]","args":[{"selector":{"id":"application-manageresources-display-component---newResourceUnit--ITEM_TYPE-arrow"},"wdio_ui5_key":"applicationmanageresources-display-component---newResourceUnit--ITEM_TYPE-arrow"}]}
RESULT: undefined
COMMAND: POST /session/cd8dad5b6aa98ad5f0615c697c2d4924/element - {"using":"xpath","value":"//*[@id=\"application-manageresources-display-component---newResourceUnit--ITEM_TYPE-arrow\"]"}
RESULT: {"using":"xpath","value":"//*[@id=\"application-manageresources-display-component---newResourceUnit--ITEM_TYPE-arrow\"]"}
COMMAND: POST /session/cd8dad5b6aa98ad5f0615c697c2d4924/element/f.73A3896108CAD0F2DAB8766297627504.d.81C4B09FC88B3EAAC9E5D503D74518E3.e.13888/click - {}
RESULT: {}
COMMAND: POST /session/cd8dad5b6aa98ad5f0615c697c2d4924/element - {"using":"xpath","value":"(//span[contains(text(), \"Resource Unit\")])[2]"}
COMMAND: GET /session/cd8dad5b6aa98ad5f0615c697c2d4924/screenshot - {}
RESULT: {"using":"xpath","value":"(//span[contains(text(), \"Resource Unit\")])[2]"}
COMMAND: POST /session/cd8dad5b6aa98ad5f0615c697c2d4924/element/f.73A3896108CAD0F2DAB8766297627504.d.81C4B09FC88B3EAAC9E5D503D74518E3.e.13889/click - {}
RESULT: {}
RESULT: {}
COMMAND: GET /session/cd8dad5b6aa98ad5f0615c697c2d4924/screenshot - {}
RESULT: {}
COMMAND: POST /session/cd8dad5b6aa98ad5f0615c697c2d4924/element - {"using":"css selector","value":"#application-manageresources-display-component---newResourceUnit--btnAddTimeSegment"}
RESULT: {"using":"css selector","value":"#application-manageresources-display-component---newResourceUnit--btnAddTimeSegment"}
COMMAND: GET /session/cd8dad5b6aa98ad5f0615c697c2d4924/element/f.73A3896108CAD0F2DAB8766297627504.d.81C4B09FC88B3EAAC9E5D503D74518E3.e.13890/rect - {}
RESULT: {}
COMMAND: GET /session/cd8dad5b6aa98ad5f0615c697c2d4924/window/rect - {}
RESULT: {}
COMMAND: POST /session/cd8dad5b6aa98ad5f0615c697c2d4924/execute/sync - {"script":"<script> [92 bytes]","args":[]}
RESULT: {"script":"<script> [92 bytes]","args":[]}
COMMAND: POST /session/cd8dad5b6aa98ad5f0615c697c2d4924/actions - {"actions":[{"id":"action49","type":"wheel","parameters":{},"actions":[{"type":"scroll","x":-1888,"y":-32,"deltaX":0,"deltaY":0,"duration":0,"origin":{"element-6066-11e4-a52e-4f735466cecf":"f.73A3896108CAD0F2DAB8766297627504.d.81C4B09FC88B3EAAC9E5D503D74518E3.e.13890"}}]}]}
COMMAND: GET /session/cd8dad5b6aa98ad5f0615c697c2d4924/screenshot - {}
RESULT: {}
COMMAND: POST /session/cd8dad5b6aa98ad5f0615c697c2d4924/execute/sync - {"script":"<script> [79 bytes]","args":[{"element-6066-11e4-a52e-4f735466cecf":"f.73A3896108CAD0F2DAB8766297627504.d.81C4B09FC88B3EAAC9E5D503D74518E3.e.13890","ELEMENT":"f.73A3896108CAD0F2DAB8766297627504.d.81C4B09FC88B3EAAC9E5D503D74518E3.e.13890"},{"block":"start","inline":"nearest"}]}
RESULT: {"script":"<script> [79 bytes]","args":[{"element-6066-11e4-a52e-4f735466cecf":"f.73A3896108CAD0F2DAB8766297627504.d.81C4B09FC88B3EAAC9E5D503D74518E3.e.13890","ELEMENT":"f.73A3896108CAD0F2DAB8766297627504.d.81C4B09FC88B3EAAC9E5D503D74518E3.e.13890"},{"block":"start","inline":"nearest"}]}
COMMAND: POST /session/cd8dad5b6aa98ad5f0615c697c2d4924/execute/async - {"script":"<script> [1562 bytes]","args":[{"selector":{"id":"application-manageresources-display-component---newResourceUnit--btnAddTimeSegment","interaction":{"idSuffix":"inner"}},"wdio_ui5_key":"applicationmanageresources-display-component---newResourceUnit--btnAddTimeSegment"}]}
COMMAND: GET /session/cd8dad5b6aa98ad5f0615c697c2d4924/screenshot - {}
RESULT: {"script":"<script> [1562 bytes]","args":[{"selector":{"id":"application-manageresources-display-component---newResourceUnit--btnAddTimeSegment","interaction":{"idSuffix":"inner"}},"wdio_ui5_key":"applicationmanageresources-display-component---newResourceUnit--btnAddTimeSegment"}]}
RESULT: undefined
COMMAND: POST /session/cd8dad5b6aa98ad5f0615c697c2d4924/element - {"using":"xpath","value":"//*[@id=\"application-manageresources-display-component---newResourceUnit--btnAddTimeSegment\"]"}
RESULT: {}
RESULT: {"using":"xpath","value":"//*[@id=\"application-manageresources-display-component---newResourceUnit--btnAddTimeSegment\"]"}
COMMAND: POST /session/cd8dad5b6aa98ad5f0615c697c2d4924/element/f.73A3896108CAD0F2DAB8766297627504.d.81C4B09FC88B3EAAC9E5D503D74518E3.e.13890/click - {}
RESULT: {}
COMMAND: GET /session/cd8dad5b6aa98ad5f0615c697c2d4924/screenshot - {}
RESULT: {}
COMMAND: POST /session/cd8dad5b6aa98ad5f0615c697c2d4924/element - {"using":"xpath","value":"//input[@id=\"application-manageresources-display-component---newResourceUnit--idRuTSAdmin-application-manageresources-display-component---newResourceUnit--RUTimeSegment-0-inner\"]"}
RESULT: {"using":"xpath","value":"//input[@id=\"application-manageresources-display-component---newResourceUnit--idRuTSAdmin-application-manageresources-display-component---newResourceUnit--RUTimeSegment-0-inner\"]"}
COMMAND: POST /session/cd8dad5b6aa98ad5f0615c697c2d4924/element/f.73A3896108CAD0F2DAB8766297627504.d.81C4B09FC88B3EAAC9E5D503D74518E3.e.13896/clear - {}
RESULT: {}
COMMAND: POST /session/cd8dad5b6aa98ad5f0615c697c2d4924/element/f.73A3896108CAD0F2DAB8766297627504.d.81C4B09FC88B3EAAC9E5D503D74518E3.e.13896/value - {"text":"641"}
COMMAND: GET /session/cd8dad5b6aa98ad5f0615c697c2d4924/screenshot - {}
RESULT: {"text":"641"}
COMMAND: GET /session/cd8dad5b6aa98ad5f0615c697c2d4924/screenshot - {}
RESULT: {}
RESULT: {}
COMMAND: POST /session/cd8dad5b6aa98ad5f0615c697c2d4924/element - {"using":"xpath","value":"//li[.//span[text()='641']]"}
RESULT: {"using":"xpath","value":"//li[.//span[text()='641']]"}
COMMAND: POST /session/cd8dad5b6aa98ad5f0615c697c2d4924/element/f.73A3896108CAD0F2DAB8766297627504.d.81C4B09FC88B3EAAC9E5D503D74518E3.e.13910/click - {}
RESULT: {}
COMMAND: GET /session/cd8dad5b6aa98ad5f0615c697c2d4924/screenshot - {}
RESULT: {}
COMMAND: POST /session/cd8dad5b6aa98ad5f0615c697c2d4924/element - {"using":"xpath","value":"(//span[contains(@id, \"-application-manageresources-display-component---newResourceUnit--RUTimeSegment-0-arrow\")])[6]"}
RESULT: {"using":"xpath","value":"(//span[contains(@id, \"-application-manageresources-display-component---newResourceUnit--RUTimeSegment-0-arrow\")])[6]"}
COMMAND: POST /session/cd8dad5b6aa98ad5f0615c697c2d4924/element/f.73A3896108CAD0F2DAB8766297627504.d.81C4B09FC88B3EAAC9E5D503D74518E3.e.13911/click - {}
RESULT: {}
COMMAND: GET /session/cd8dad5b6aa98ad5f0615c697c2d4924/screenshot - {}
RESULT: {}
COMMAND: POST /session/cd8dad5b6aa98ad5f0615c697c2d4924/element - {"using":"xpath","value":"//span[contains(text(), \"PM Order\")]"}
RESULT: {"using":"xpath","value":"//span[contains(text(), \"PM Order\")]"}
COMMAND: POST /session/cd8dad5b6aa98ad5f0615c697c2d4924/element/f.73A3896108CAD0F2DAB8766297627504.d.81C4B09FC88B3EAAC9E5D503D74518E3.e.13914/click - {}
RESULT: {}
COMMAND: GET /session/cd8dad5b6aa98ad5f0615c697c2d4924/screenshot - {}
RESULT: {}
COMMAND: POST /session/cd8dad5b6aa98ad5f0615c697c2d4924/element - {"using":"xpath","value":"(//span[contains(@id ,\"manageresources-display-component---newResourceUnit--RUTimeSegment-0-vhi\")])[1]"}
RESULT: {"using":"xpath","value":"(//span[contains(@id ,\"manageresources-display-component---newResourceUnit--RUTimeSegment-0-vhi\")])[1]"}
COMMAND: GET /session/cd8dad5b6aa98ad5f0615c697c2d4924/element/f.73A3896108CAD0F2DAB8766297627504.d.81C4B09FC88B3EAAC9E5D503D74518E3.e.13918/rect - {}
RESULT: {}
COMMAND: GET /session/cd8dad5b6aa98ad5f0615c697c2d4924/window/rect - {}
RESULT: {}
COMMAND: POST /session/cd8dad5b6aa98ad5f0615c697c2d4924/execute/sync - {"script":"<script> [92 bytes]","args":[]}
RESULT: {"script":"<script> [92 bytes]","args":[]}
COMMAND: POST /session/cd8dad5b6aa98ad5f0615c697c2d4924/actions - {"actions":[{"id":"action50","type":"wheel","parameters":{},"actions":[{"type":"scroll","x":-869,"y":-24,"deltaX":0,"deltaY":0,"duration":0,"origin":{"element-6066-11e4-a52e-4f735466cecf":"f.73A3896108CAD0F2DAB8766297627504.d.81C4B09FC88B3EAAC9E5D503D74518E3.e.13918"}}]}]}
COMMAND: GET /session/cd8dad5b6aa98ad5f0615c697c2d4924/screenshot - {}
RESULT: {"actions":[{"id":"action50","type":"wheel","parameters":{},"actions":[{"type":"scroll","x":-869,"y":-24,"deltaX":0,"deltaY":0,"duration":0,"origin":{"element-6066-11e4-a52e-4f735466cecf":"f.73A3896108CAD0F2DAB8766297627504.d.81C4B09FC88B3EAAC9E5D503D74518E3.e.13918"}}]}]}
COMMAND: DELETE /session/cd8dad5b6aa98ad5f0615c697c2d4924/actions - {}
COMMAND: GET /session/cd8dad5b6aa98ad5f0615c697c2d4924/screenshot - {}
RESULT: {}
RESULT: {}
COMMAND: GET /session/cd8dad5b6aa98ad5f0615c697c2d4924/screenshot - {}
RESULT: {}
RESULT: {}
COMMAND: POST /session/cd8dad5b6aa98ad5f0615c697c2d4924/element/f.73A3896108CAD0F2DAB8766297627504.d.81C4B09FC88B3EAAC9E5D503D74518E3.e.13918/click - {}
RESULT: {}
COMMAND: GET /session/cd8dad5b6aa98ad5f0615c697c2d4924/screenshot - {}
RESULT: {}
COMMAND: POST /session/cd8dad5b6aa98ad5f0615c697c2d4924/execute/async - {"script":"<script> [1562 bytes]","args":[{"selector":{"controlType":"sap.m.SearchField","properties":{"placeholder":"Search"},"searchOpenDialogs":true,"interaction":{"idSuffix":"I"}},"wdio_ui5_key":"sapm.SearchField{\"placeholder\":\"Search\"}"}]}
RESULT: {"script":"<script> [1562 bytes]","args":[{"selector":{"controlType":"sap.m.SearchField","properties":{"placeholder":"Search"},"searchOpenDialogs":true,"interaction":{"idSuffix":"I"}},"wdio_ui5_key":"sapm.SearchField{\"placeholder\":\"Search\"}"}]}
RESULT: undefined
COMMAND: POST /session/cd8dad5b6aa98ad5f0615c697c2d4924/execute/async - {"script":"<script> [776 bytes]","args":[{"enterText":"4000360","selector":{"controlType":"sap.m.SearchField","properties":{"placeholder":"Search"},"searchOpenDialogs":true,"interaction":{"idSuffix":"I"}},"clearTextFirst":true,"interactionType":"ENTER_TEXT"}]}
RESULT: {"script":"<script> [776 bytes]","args":[{"enterText":"4000360","selector":{"controlType":"sap.m.SearchField","properties":{"placeholder":"Search"},"searchOpenDialogs":true,"interaction":{"idSuffix":"I"}},"clearTextFirst":true,"interactionType":"ENTER_TEXT"}]}
COMMAND: POST /session/cd8dad5b6aa98ad5f0615c697c2d4924/actions - {"actions":[{"id":"action51","type":"key","parameters":{},"actions":[{"type":"keyDown","value":""},{"type":"pause","duration":10},{"type":"keyUp","value":""}]}]}
RESULT: {"actions":[{"id":"action51","type":"key","parameters":{},"actions":[{"type":"keyDown","value":""},{"type":"pause","duration":10},{"type":"keyUp","value":""}]}]}
COMMAND: GET /session/cd8dad5b6aa98ad5f0615c697c2d4924/screenshot - {}
RESULT: {}
COMMAND: POST /session/cd8dad5b6aa98ad5f0615c697c2d4924/element - {"using":"xpath","value":"//td/div/span[contains(text(), \"BGL Vehicles\")]"}
RESULT: {"using":"xpath","value":"//td/div/span[contains(text(), \"BGL Vehicles\")]"}
COMMAND: POST /session/cd8dad5b6aa98ad5f0615c697c2d4924/element/f.73A3896108CAD0F2DAB8766297627504.d.81C4B09FC88B3EAAC9E5D503D74518E3.e.13940/click - {}
RESULT: {}
COMMAND: GET /session/cd8dad5b6aa98ad5f0615c697c2d4924/screenshot - {}
RESULT: {}
COMMAND: POST /session/cd8dad5b6aa98ad5f0615c697c2d4924/element - {"using":"xpath","value":"//bdi[contains(text(), \"OK\")]"}
RESULT: {"using":"xpath","value":"//bdi[contains(text(), \"OK\")]"}
COMMAND: POST /session/cd8dad5b6aa98ad5f0615c697c2d4924/element/f.73A3896108CAD0F2DAB8766297627504.d.81C4B09FC88B3EAAC9E5D503D74518E3.e.13941/click - {}
RESULT: {}
COMMAND: GET /session/cd8dad5b6aa98ad5f0615c697c2d4924/screenshot - {}
RESULT: {}
COMMAND: POST /session/cd8dad5b6aa98ad5f0615c697c2d4924/execute/async - {"script":"<script> [1562 bytes]","args":[{"selector":{"id":"application-manageresources-display-component---newResourceUnit--newRRUPage-anchBar-application-manageresources-display-component---newResourceUnit--resource-anchor","interaction":{"idSuffix":"BDI-content"}},"wdio_ui5_key":"applicationmanageresources-display-component---newResourceUnit--newRRUPage-anchBar-application-manageresources-display-component---newResourceUnit--resource-anchor"}]}
RESULT: {"script":"<script> [1562 bytes]","args":[{"selector":{"id":"application-manageresources-display-component---newResourceUnit--newRRUPage-anchBar-application-manageresources-display-component---newResourceUnit--resource-anchor","interaction":{"idSuffix":"BDI-content"}},"wdio_ui5_key":"applicationmanageresources-display-component---newResourceUnit--newRRUPage-anchBar-application-manageresources-display-component---newResourceUnit--resource-anchor"}]}
RESULT: undefined
COMMAND: POST /session/cd8dad5b6aa98ad5f0615c697c2d4924/element - {"using":"xpath","value":"//*[@id=\"application-manageresources-display-component---newResourceUnit--newRRUPage-anchBar-application-manageresources-display-component---newResourceUnit--resource-anchor\"]"}
RESULT: {"using":"xpath","value":"//*[@id=\"application-manageresources-display-component---newResourceUnit--newRRUPage-anchBar-application-manageresources-display-component---newResourceUnit--resource-anchor\"]"}
COMMAND: POST /session/cd8dad5b6aa98ad5f0615c697c2d4924/element/f.73A3896108CAD0F2DAB8766297627504.d.81C4B09FC88B3EAAC9E5D503D74518E3.e.13945/click - {}
RESULT: {}
COMMAND: POST /session/cd8dad5b6aa98ad5f0615c697c2d4924/execute/async - {"script":"<script> [1562 bytes]","args":[{"selector":{"id":"application-manageresources-display-component---newResourceUnit--PLANNED_DELIVERY_DATE","interaction":{"idSuffix":"inner"}},"wdio_ui5_key":"applicationmanageresources-display-component---newResourceUnit--PLANNED_DELIVERY_DATE"}]}
COMMAND: GET /session/cd8dad5b6aa98ad5f0615c697c2d4924/screenshot - {}
RESULT: {"script":"<script> [1562 bytes]","args":[{"selector":{"id":"application-manageresources-display-component---newResourceUnit--PLANNED_DELIVERY_DATE","interaction":{"idSuffix":"inner"}},"wdio_ui5_key":"applicationmanageresources-display-component---newResourceUnit--PLANNED_DELIVERY_DATE"}]}
RESULT: undefined
COMMAND: POST /session/cd8dad5b6aa98ad5f0615c697c2d4924/execute/async - {"script":"<script> [6424 bytes]","args":[{"element-6066-11e4-a52e-4f735466cecf":"f.73A3896108CAD0F2DAB8766297627504.d.81C4B09FC88B3EAAC9E5D503D74518E3.e.13806"},"setValue",["5/21/25"]]}
RESULT: {}
RESULT: {"script":"<script> [6424 bytes]","args":[{"element-6066-11e4-a52e-4f735466cecf":"f.73A3896108CAD0F2DAB8766297627504.d.81C4B09FC88B3EAAC9E5D503D74518E3.e.13806"},"setValue",["5/21/25"]]}
COMMAND: POST /session/cd8dad5b6aa98ad5f0615c697c2d4924/element - {"using":"xpath","value":"//label[contains(@class, 'sapMLabelRequired') and .//bdi[contains(text(), 'Planned Retirement')]]"}
RESULT: {"using":"xpath","value":"//label[contains(@class, 'sapMLabelRequired') and .//bdi[contains(text(), 'Planned Retirement')]]"}
COMMAND: POST /session/cd8dad5b6aa98ad5f0615c697c2d4924/elements - {"using":"xpath","value":"//label[contains(@class, 'sapMLabelRequired') and .//bdi[contains(text(), 'Planned Retirement')]]"}
RESULT: {"using":"xpath","value":"//label[contains(@class, 'sapMLabelRequired') and .//bdi[contains(text(), 'Planned Retirement')]]"}
COMMAND: POST /session/cd8dad5b6aa98ad5f0615c697c2d4924/element - {"using":"xpath","value":"//button[@data-kt=\"resourceUnitSaveButton\"]"}
RESULT: {"using":"xpath","value":"//button[@data-kt=\"resourceUnitSaveButton\"]"}
COMMAND: POST /session/cd8dad5b6aa98ad5f0615c697c2d4924/element/f.73A3896108CAD0F2DAB8766297627504.d.81C4B09FC88B3EAAC9E5D503D74518E3.e.13766/click - {}
RESULT: {}
COMMAND: GET /session/cd8dad5b6aa98ad5f0615c697c2d4924/screenshot - {}
RESULT: {}
COMMAND: POST /session/cd8dad5b6aa98ad5f0615c697c2d4924/element - {"using":"xpath","value":"//bdi[contains(text(), \"Close\")]"}
RESULT: {"using":"xpath","value":"//bdi[contains(text(), \"Close\")]"}
COMMAND: POST /session/cd8dad5b6aa98ad5f0615c697c2d4924/element/f.73A3896108CAD0F2DAB8766297627504.d.81C4B09FC88B3EAAC9E5D503D74518E3.e.13953/click - {}
RESULT: {}
COMMAND: GET /session/cd8dad5b6aa98ad5f0615c697c2d4924/screenshot - {}
RESULT: {}
COMMAND: POST /session/cd8dad5b6aa98ad5f0615c697c2d4924/element - {"using":"xpath","value":"(//button[contains(@id ,\"actionsToolbar-overflowButton\")])[1]"}
RESULT: {"using":"xpath","value":"(//button[contains(@id ,\"actionsToolbar-overflowButton\")])[1]"}
COMMAND: POST /session/cd8dad5b6aa98ad5f0615c697c2d4924/element/f.73A3896108CAD0F2DAB8766297627504.d.81C4B09FC88B3EAAC9E5D503D74518E3.e.13985/click - {}
RESULT: {}
COMMAND: GET /session/cd8dad5b6aa98ad5f0615c697c2d4924/screenshot - {}
RESULT: {}
COMMAND: POST /session/cd8dad5b6aa98ad5f0615c697c2d4924/element - {"using":"xpath","value":"//button[@data-kt=\"priceInfoButton\"]"}
RESULT: {"using":"xpath","value":"//button[@data-kt=\"priceInfoButton\"]"}
COMMAND: POST /session/cd8dad5b6aa98ad5f0615c697c2d4924/element/f.73A3896108CAD0F2DAB8766297627504.d.81C4B09FC88B3EAAC9E5D503D74518E3.e.13987/click - {}
RESULT: {}
COMMAND: GET /session/cd8dad5b6aa98ad5f0615c697c2d4924/screenshot - {}
RESULT: {}
]]></system-out>
    </testcase>
    <testcase classname="chrome.136_0_7103_93.windows.Performance_based_billing_(work_days)_US139742" name="Should create a pricing rule perf based on the equipment" time="55.02">
      <system-out><![CDATA[
COMMAND: POST /session/cd8dad5b6aa98ad5f0615c697c2d4924/element - {"using":"xpath","value":"//button[@data-kt=\"addButton\"]"}
RESULT: {"using":"xpath","value":"//button[@data-kt=\"addButton\"]"}
COMMAND: POST /session/cd8dad5b6aa98ad5f0615c697c2d4924/elements - {"using":"xpath","value":"//button[@data-kt=\"addButton\"]"}
RESULT: {"using":"xpath","value":"//button[@data-kt=\"addButton\"]"}
COMMAND: POST /session/cd8dad5b6aa98ad5f0615c697c2d4924/elements - {"using":"xpath","value":"//button[@data-kt=\"addButton\"]"}
RESULT: {"using":"xpath","value":"//button[@data-kt=\"addButton\"]"}
COMMAND: POST /session/cd8dad5b6aa98ad5f0615c697c2d4924/element - {"using":"xpath","value":"//button[@data-kt=\"addButton\"]"}
RESULT: {"using":"xpath","value":"//button[@data-kt=\"addButton\"]"}
COMMAND: POST /session/cd8dad5b6aa98ad5f0615c697c2d4924/execute/sync - {"script":"<script> [8489 bytes]","args":[{"element-6066-11e4-a52e-4f735466cecf":"f.73A3896108CAD0F2DAB8766297627504.d.81C4B09FC88B3EAAC9E5D503D74518E3.e.14023","ELEMENT":"f.73A3896108CAD0F2DAB8766297627504.d.81C4B09FC88B3EAAC9E5D503D74518E3.e.14023"}]}
RESULT: {"script":"<script> [8489 bytes]","args":[{"element-6066-11e4-a52e-4f735466cecf":"f.73A3896108CAD0F2DAB8766297627504.d.81C4B09FC88B3EAAC9E5D503D74518E3.e.14023","ELEMENT":"f.73A3896108CAD0F2DAB8766297627504.d.81C4B09FC88B3EAAC9E5D503D74518E3.e.14023"}]}
COMMAND: GET /session/cd8dad5b6aa98ad5f0615c697c2d4924/element/f.73A3896108CAD0F2DAB8766297627504.d.81C4B09FC88B3EAAC9E5D503D74518E3.e.14023/enabled - {}
COMMAND: GET /session/cd8dad5b6aa98ad5f0615c697c2d4924/screenshot - {}
RESULT: {}
COMMAND: POST /session/cd8dad5b6aa98ad5f0615c697c2d4924/execute/sync - {"script":"<script> [8489 bytes]","args":[{"element-6066-11e4-a52e-4f735466cecf":"f.73A3896108CAD0F2DAB8766297627504.d.81C4B09FC88B3EAAC9E5D503D74518E3.e.14023","ELEMENT":"f.73A3896108CAD0F2DAB8766297627504.d.81C4B09FC88B3EAAC9E5D503D74518E3.e.14023"}]}
COMMAND: GET /session/cd8dad5b6aa98ad5f0615c697c2d4924/screenshot - {}
RESULT: {}
RESULT: {"script":"<script> [8489 bytes]","args":[{"element-6066-11e4-a52e-4f735466cecf":"f.73A3896108CAD0F2DAB8766297627504.d.81C4B09FC88B3EAAC9E5D503D74518E3.e.14023","ELEMENT":"f.73A3896108CAD0F2DAB8766297627504.d.81C4B09FC88B3EAAC9E5D503D74518E3.e.14023"}]}
COMMAND: POST /session/cd8dad5b6aa98ad5f0615c697c2d4924/execute/sync - {"script":"<script> [5351 bytes]","args":[{"element-6066-11e4-a52e-4f735466cecf":"f.73A3896108CAD0F2DAB8766297627504.d.81C4B09FC88B3EAAC9E5D503D74518E3.e.14023","ELEMENT":"f.73A3896108CAD0F2DAB8766297627504.d.81C4B09FC88B3EAAC9E5D503D74518E3.e.14023"}]}
COMMAND: GET /session/cd8dad5b6aa98ad5f0615c697c2d4924/screenshot - {}
RESULT: {}
RESULT: {"script":"<script> [5351 bytes]","args":[{"element-6066-11e4-a52e-4f735466cecf":"f.73A3896108CAD0F2DAB8766297627504.d.81C4B09FC88B3EAAC9E5D503D74518E3.e.14023","ELEMENT":"f.73A3896108CAD0F2DAB8766297627504.d.81C4B09FC88B3EAAC9E5D503D74518E3.e.14023"}]}
COMMAND: POST /session/cd8dad5b6aa98ad5f0615c697c2d4924/element/f.73A3896108CAD0F2DAB8766297627504.d.81C4B09FC88B3EAAC9E5D503D74518E3.e.14023/click - {}
COMMAND: GET /session/cd8dad5b6aa98ad5f0615c697c2d4924/screenshot - {}
RESULT: {}
RESULT: {}
COMMAND: GET /session/cd8dad5b6aa98ad5f0615c697c2d4924/screenshot - {}
RESULT: {}
RESULT: {}
COMMAND: POST /session/cd8dad5b6aa98ad5f0615c697c2d4924/execute/async - {"script":"<script> [1562 bytes]","args":[{"selector":{"controlType":"sap.m.Title","viewName":"etm.portal.ui.managepricingrules.view.NewItem","viewId":"application-managepricingrules-display-component---newInfoPriceItem","properties":{"text":"New Pricing Rules - Item Level"}},"wdio_ui5_key":"etmportal.ui.managepricingrules.view.NewItemsap.m.Title{\"text\":\"New Pricing Rules - Item Level\"}"}]}
RESULT: {"script":"<script> [1562 bytes]","args":[{"selector":{"controlType":"sap.m.Title","viewName":"etm.portal.ui.managepricingrules.view.NewItem","viewId":"application-managepricingrules-display-component---newInfoPriceItem","properties":{"text":"New Pricing Rules - Item Level"}},"wdio_ui5_key":"etmportal.ui.managepricingrules.view.NewItemsap.m.Title{\"text\":\"New Pricing Rules - Item Level\"}"}]}
RESULT: undefined
COMMAND: POST /session/cd8dad5b6aa98ad5f0615c697c2d4924/execute/async - {"script":"<script> [6424 bytes]","args":[{"element-6066-11e4-a52e-4f735466cecf":"f.73A3896108CAD0F2DAB8766297627504.d.81C4B09FC88B3EAAC9E5D503D74518E3.e.14107"},"getText",[]]}
RESULT: {"script":"<script> [6424 bytes]","args":[{"element-6066-11e4-a52e-4f735466cecf":"f.73A3896108CAD0F2DAB8766297627504.d.81C4B09FC88B3EAAC9E5D503D74518E3.e.14107"},"getText",[]]}
COMMAND: POST /session/cd8dad5b6aa98ad5f0615c697c2d4924/execute/async - {"script":"<script> [1562 bytes]","args":[{"selector":{"id":"application-managepricingrules-display-component---newInfoPriceItem--condValidTo","interaction":{"idSuffix":"inner"}},"wdio_ui5_key":"applicationmanagepricingrules-display-component---newInfoPriceItem--condValidTo"}]}
RESULT: {"script":"<script> [1562 bytes]","args":[{"selector":{"id":"application-managepricingrules-display-component---newInfoPriceItem--condValidTo","interaction":{"idSuffix":"inner"}},"wdio_ui5_key":"applicationmanagepricingrules-display-component---newInfoPriceItem--condValidTo"}]}
RESULT: undefined
COMMAND: POST /session/cd8dad5b6aa98ad5f0615c697c2d4924/execute/async - {"script":"<script> [776 bytes]","args":[{"enterText":"1/21/26","selector":{"id":"application-managepricingrules-display-component---newInfoPriceItem--condValidTo","interaction":{"idSuffix":"inner"}},"clearTextFirst":true,"interactionType":"ENTER_TEXT"}]}
RESULT: {"script":"<script> [776 bytes]","args":[{"enterText":"1/21/26","selector":{"id":"application-managepricingrules-display-component---newInfoPriceItem--condValidTo","interaction":{"idSuffix":"inner"}},"clearTextFirst":true,"interactionType":"ENTER_TEXT"}]}
COMMAND: POST /session/cd8dad5b6aa98ad5f0615c697c2d4924/execute/async - {"script":"<script> [1562 bytes]","args":[{"selector":{"id":"application-managepricingrules-display-component---newInfoPriceItem--billType-arrow"},"wdio_ui5_key":"applicationmanagepricingrules-display-component---newInfoPriceItem--billType-arrow"}]}
RESULT: {"script":"<script> [1562 bytes]","args":[{"selector":{"id":"application-managepricingrules-display-component---newInfoPriceItem--billType-arrow"},"wdio_ui5_key":"applicationmanagepricingrules-display-component---newInfoPriceItem--billType-arrow"}]}
RESULT: undefined
COMMAND: POST /session/cd8dad5b6aa98ad5f0615c697c2d4924/element - {"using":"xpath","value":"//*[@id=\"application-managepricingrules-display-component---newInfoPriceItem--billType-arrow\"]"}
RESULT: {"using":"xpath","value":"//*[@id=\"application-managepricingrules-display-component---newInfoPriceItem--billType-arrow\"]"}
COMMAND: POST /session/cd8dad5b6aa98ad5f0615c697c2d4924/element/f.73A3896108CAD0F2DAB8766297627504.d.81C4B09FC88B3EAAC9E5D503D74518E3.e.14109/click - {}
RESULT: {}
COMMAND: POST /session/cd8dad5b6aa98ad5f0615c697c2d4924/element - {"using":"xpath","value":"//span[contains(text(), \"PB - Performance based\")]"}
COMMAND: GET /session/cd8dad5b6aa98ad5f0615c697c2d4924/screenshot - {}
RESULT: {"using":"xpath","value":"//span[contains(text(), \"PB - Performance based\")]"}
COMMAND: POST /session/cd8dad5b6aa98ad5f0615c697c2d4924/element/f.73A3896108CAD0F2DAB8766297627504.d.81C4B09FC88B3EAAC9E5D503D74518E3.e.14110/click - {}
RESULT: {}
RESULT: {}
COMMAND: POST /session/cd8dad5b6aa98ad5f0615c697c2d4924/execute/async - {"script":"<script> [1562 bytes]","args":[{"selector":{"id":"application-managepricingrules-display-component---newInfoPriceItem--priceProc-arrow"},"wdio_ui5_key":"applicationmanagepricingrules-display-component---newInfoPriceItem--priceProc-arrow"}]}
COMMAND: GET /session/cd8dad5b6aa98ad5f0615c697c2d4924/screenshot - {}
RESULT: {"script":"<script> [1562 bytes]","args":[{"selector":{"id":"application-managepricingrules-display-component---newInfoPriceItem--priceProc-arrow"},"wdio_ui5_key":"applicationmanagepricingrules-display-component---newInfoPriceItem--priceProc-arrow"}]}
RESULT: undefined
COMMAND: POST /session/cd8dad5b6aa98ad5f0615c697c2d4924/element - {"using":"xpath","value":"//*[@id=\"application-managepricingrules-display-component---newInfoPriceItem--priceProc-arrow\"]"}
RESULT: {}
RESULT: {"using":"xpath","value":"//*[@id=\"application-managepricingrules-display-component---newInfoPriceItem--priceProc-arrow\"]"}
COMMAND: POST /session/cd8dad5b6aa98ad5f0615c697c2d4924/element/f.73A3896108CAD0F2DAB8766297627504.d.81C4B09FC88B3EAAC9E5D503D74518E3.e.14111/click - {}
RESULT: {}
COMMAND: POST /session/cd8dad5b6aa98ad5f0615c697c2d4924/element - {"using":"xpath","value":"//span[contains(text(), \"PRF - Performance based\")]"}
COMMAND: GET /session/cd8dad5b6aa98ad5f0615c697c2d4924/screenshot - {}
RESULT: {"using":"xpath","value":"//span[contains(text(), \"PRF - Performance based\")]"}
COMMAND: POST /session/cd8dad5b6aa98ad5f0615c697c2d4924/element/f.73A3896108CAD0F2DAB8766297627504.d.81C4B09FC88B3EAAC9E5D503D74518E3.e.14112/click - {}
RESULT: {}
RESULT: {}
COMMAND: POST /session/cd8dad5b6aa98ad5f0615c697c2d4924/execute/async - {"script":"<script> [1562 bytes]","args":[{"selector":{"id":"application-managepricingrules-display-component---newInfoPriceItem--calcBase-arrow"},"wdio_ui5_key":"applicationmanagepricingrules-display-component---newInfoPriceItem--calcBase-arrow"}]}
COMMAND: GET /session/cd8dad5b6aa98ad5f0615c697c2d4924/screenshot - {}
RESULT: {"script":"<script> [1562 bytes]","args":[{"selector":{"id":"application-managepricingrules-display-component---newInfoPriceItem--calcBase-arrow"},"wdio_ui5_key":"applicationmanagepricingrules-display-component---newInfoPriceItem--calcBase-arrow"}]}
RESULT: undefined
COMMAND: POST /session/cd8dad5b6aa98ad5f0615c697c2d4924/element - {"using":"xpath","value":"//*[@id=\"application-managepricingrules-display-component---newInfoPriceItem--calcBase-arrow\"]"}
RESULT: {}
RESULT: {"using":"xpath","value":"//*[@id=\"application-managepricingrules-display-component---newInfoPriceItem--calcBase-arrow\"]"}
COMMAND: POST /session/cd8dad5b6aa98ad5f0615c697c2d4924/element/f.73A3896108CAD0F2DAB8766297627504.d.81C4B09FC88B3EAAC9E5D503D74518E3.e.14113/click - {}
RESULT: {}
COMMAND: GET /session/cd8dad5b6aa98ad5f0615c697c2d4924/screenshot - {}
RESULT: {}
COMMAND: POST /session/cd8dad5b6aa98ad5f0615c697c2d4924/element - {"using":"xpath","value":"//span[contains(text(), \"0007 - PB(work days)\")]"}
RESULT: {"using":"xpath","value":"//span[contains(text(), \"0007 - PB(work days)\")]"}
COMMAND: POST /session/cd8dad5b6aa98ad5f0615c697c2d4924/element/f.73A3896108CAD0F2DAB8766297627504.d.81C4B09FC88B3EAAC9E5D503D74518E3.e.14114/click - {}
RESULT: {}
COMMAND: GET /session/cd8dad5b6aa98ad5f0615c697c2d4924/screenshot - {}
RESULT: {}
COMMAND: POST /session/cd8dad5b6aa98ad5f0615c697c2d4924/execute/async - {"script":"<script> [1562 bytes]","args":[{"selector":{"id":"application-managepricingrules-display-component---newInfoPriceItem--hoursMonth","interaction":{"idSuffix":"inner"}},"wdio_ui5_key":"applicationmanagepricingrules-display-component---newInfoPriceItem--hoursMonth"}]}
RESULT: {"script":"<script> [1562 bytes]","args":[{"selector":{"id":"application-managepricingrules-display-component---newInfoPriceItem--hoursMonth","interaction":{"idSuffix":"inner"}},"wdio_ui5_key":"applicationmanagepricingrules-display-component---newInfoPriceItem--hoursMonth"}]}
RESULT: undefined
COMMAND: POST /session/cd8dad5b6aa98ad5f0615c697c2d4924/execute/async - {"script":"<script> [776 bytes]","args":[{"enterText":"160","selector":{"id":"application-managepricingrules-display-component---newInfoPriceItem--hoursMonth","interaction":{"idSuffix":"inner"}},"clearTextFirst":true,"interactionType":"ENTER_TEXT"}]}
RESULT: {"script":"<script> [776 bytes]","args":[{"enterText":"160","selector":{"id":"application-managepricingrules-display-component---newInfoPriceItem--hoursMonth","interaction":{"idSuffix":"inner"}},"clearTextFirst":true,"interactionType":"ENTER_TEXT"}]}
COMMAND: POST /session/cd8dad5b6aa98ad5f0615c697c2d4924/element - {"using":"xpath","value":"//button[@data-kt=\"saveNewRuleButton\"]"}
RESULT: {"using":"xpath","value":"//button[@data-kt=\"saveNewRuleButton\"]"}
COMMAND: POST /session/cd8dad5b6aa98ad5f0615c697c2d4924/element/f.73A3896108CAD0F2DAB8766297627504.d.81C4B09FC88B3EAAC9E5D503D74518E3.e.14116/click - {}
RESULT: {}
COMMAND: GET /session/cd8dad5b6aa98ad5f0615c697c2d4924/screenshot - {}
RESULT: {}
COMMAND: POST /session/cd8dad5b6aa98ad5f0615c697c2d4924/execute/async - {"script":"<script> [1562 bytes]","args":[{"selector":{"id":"application-managepricingrules-display-component---priceInfoItem--smartFilterBar-btnBasicSearch","interaction":{"idSuffix":"I"}},"wdio_ui5_key":"applicationmanagepricingrules-display-component---priceInfoItem--smartFilterBar-btnBasicSearch"}]}
RESULT: {"script":"<script> [1562 bytes]","args":[{"selector":{"id":"application-managepricingrules-display-component---priceInfoItem--smartFilterBar-btnBasicSearch","interaction":{"idSuffix":"I"}},"wdio_ui5_key":"applicationmanagepricingrules-display-component---priceInfoItem--smartFilterBar-btnBasicSearch"}]}
RESULT: undefined
COMMAND: POST /session/cd8dad5b6aa98ad5f0615c697c2d4924/execute/async - {"script":"<script> [776 bytes]","args":[{"enterText":"OOYrVpWPdM","selector":{"id":"application-managepricingrules-display-component---priceInfoItem--smartFilterBar-btnBasicSearch","interaction":{"idSuffix":"I"}},"clearTextFirst":true,"interactionType":"ENTER_TEXT"}]}
RESULT: {"script":"<script> [776 bytes]","args":[{"enterText":"OOYrVpWPdM","selector":{"id":"application-managepricingrules-display-component---priceInfoItem--smartFilterBar-btnBasicSearch","interaction":{"idSuffix":"I"}},"clearTextFirst":true,"interactionType":"ENTER_TEXT"}]}
COMMAND: POST /session/cd8dad5b6aa98ad5f0615c697c2d4924/actions - {"actions":[{"id":"action52","type":"key","parameters":{},"actions":[{"type":"keyDown","value":""},{"type":"pause","duration":10},{"type":"keyUp","value":""}]}]}
RESULT: {"actions":[{"id":"action52","type":"key","parameters":{},"actions":[{"type":"keyDown","value":""},{"type":"pause","duration":10},{"type":"keyUp","value":""}]}]}
COMMAND: GET /session/cd8dad5b6aa98ad5f0615c697c2d4924/screenshot - {}
RESULT: {}
COMMAND: POST /session/cd8dad5b6aa98ad5f0615c697c2d4924/element - {"using":"xpath","value":"//span[@id=\"application-managepricingrules-display-component---priceInfoItem--smartTable-header-inner\"]"}
RESULT: {"using":"xpath","value":"//span[@id=\"application-managepricingrules-display-component---priceInfoItem--smartTable-header-inner\"]"}
COMMAND: POST /session/cd8dad5b6aa98ad5f0615c697c2d4924/elements - {"using":"xpath","value":"//span[@id=\"application-managepricingrules-display-component---priceInfoItem--smartTable-header-inner\"]"}
RESULT: {"using":"xpath","value":"//span[@id=\"application-managepricingrules-display-component---priceInfoItem--smartTable-header-inner\"]"}
COMMAND: POST /session/cd8dad5b6aa98ad5f0615c697c2d4924/execute/sync - {"script":"<script> [56 bytes]","args":[{"element-6066-11e4-a52e-4f735466cecf":"f.73A3896108CAD0F2DAB8766297627504.d.81C4B09FC88B3EAAC9E5D503D74518E3.e.14128","ELEMENT":"f.73A3896108CAD0F2DAB8766297627504.d.81C4B09FC88B3EAAC9E5D503D74518E3.e.14128"}]}
RESULT: {"script":"<script> [56 bytes]","args":[{"element-6066-11e4-a52e-4f735466cecf":"f.73A3896108CAD0F2DAB8766297627504.d.81C4B09FC88B3EAAC9E5D503D74518E3.e.14128","ELEMENT":"f.73A3896108CAD0F2DAB8766297627504.d.81C4B09FC88B3EAAC9E5D503D74518E3.e.14128"}]}
COMMAND: POST /session/cd8dad5b6aa98ad5f0615c697c2d4924/element - {"using":"css selector","value":"#shell-header-logo"}
COMMAND: GET /session/cd8dad5b6aa98ad5f0615c697c2d4924/screenshot - {}
RESULT: {"using":"css selector","value":"#shell-header-logo"}
COMMAND: POST /session/cd8dad5b6aa98ad5f0615c697c2d4924/element/f.73A3896108CAD0F2DAB8766297627504.d.81C4B09FC88B3EAAC9E5D503D74518E3.e.13362/click - {}
RESULT: {}
RESULT: {}
COMMAND: GET /session/cd8dad5b6aa98ad5f0615c697c2d4924/screenshot - {}
RESULT: {}
]]></system-out>
    </testcase>
    <testcase classname="chrome.136_0_7103_93.windows.Performance_based_billing_(work_days)_US139742" name="Should create a performance based billing condition on the equipment" time="67.024">
      <system-out><![CDATA[
COMMAND: POST /session/cd8dad5b6aa98ad5f0615c697c2d4924/execute/async - {"script":"<script> [1562 bytes]","args":[{"selector":{"controlType":"sap.m.GenericTile","properties":{"header":"Manage Conditions & Prices"}},"wdio_ui5_key":"sapm.GenericTile{\"header\":\"Manage Conditions & Prices\"}"}]}
RESULT: {"script":"<script> [1562 bytes]","args":[{"selector":{"controlType":"sap.m.GenericTile","properties":{"header":"Manage Conditions & Prices"}},"wdio_ui5_key":"sapm.GenericTile{\"header\":\"Manage Conditions & Prices\"}"}]}
RESULT: undefined
COMMAND: POST /session/cd8dad5b6aa98ad5f0615c697c2d4924/element - {"using":"xpath","value":"//*[@id=\"__tile53\"]"}
RESULT: {"using":"xpath","value":"//*[@id=\"__tile53\"]"}
COMMAND: POST /session/cd8dad5b6aa98ad5f0615c697c2d4924/element/f.73A3896108CAD0F2DAB8766297627504.d.81C4B09FC88B3EAAC9E5D503D74518E3.e.13302/click - {}
RESULT: {}
COMMAND: GET /session/cd8dad5b6aa98ad5f0615c697c2d4924/screenshot - {}
RESULT: {}
COMMAND: POST /session/cd8dad5b6aa98ad5f0615c697c2d4924/elements - {"using":"xpath","value":"//span[text()='Error']"}
RESULT: {"using":"xpath","value":"//span[text()='Error']"}
COMMAND: POST /session/cd8dad5b6aa98ad5f0615c697c2d4924/element - {"using":"xpath","value":"//button[@aria-label=\"Create\"]"}
RESULT: {"using":"xpath","value":"//button[@aria-label=\"Create\"]"}
COMMAND: POST /session/cd8dad5b6aa98ad5f0615c697c2d4924/elements - {"using":"xpath","value":"//button[@aria-label=\"Create\"]"}
RESULT: {"using":"xpath","value":"//button[@aria-label=\"Create\"]"}
COMMAND: POST /session/cd8dad5b6aa98ad5f0615c697c2d4924/execute/sync - {"script":"<script> [8489 bytes]","args":[{"element-6066-11e4-a52e-4f735466cecf":"f.73A3896108CAD0F2DAB8766297627504.d.81C4B09FC88B3EAAC9E5D503D74518E3.e.14163","ELEMENT":"f.73A3896108CAD0F2DAB8766297627504.d.81C4B09FC88B3EAAC9E5D503D74518E3.e.14163"}]}
RESULT: {"script":"<script> [8489 bytes]","args":[{"element-6066-11e4-a52e-4f735466cecf":"f.73A3896108CAD0F2DAB8766297627504.d.81C4B09FC88B3EAAC9E5D503D74518E3.e.14163","ELEMENT":"f.73A3896108CAD0F2DAB8766297627504.d.81C4B09FC88B3EAAC9E5D503D74518E3.e.14163"}]}
COMMAND: GET /session/cd8dad5b6aa98ad5f0615c697c2d4924/element/f.73A3896108CAD0F2DAB8766297627504.d.81C4B09FC88B3EAAC9E5D503D74518E3.e.14163/enabled - {}
COMMAND: GET /session/cd8dad5b6aa98ad5f0615c697c2d4924/screenshot - {}
RESULT: {}
COMMAND: POST /session/cd8dad5b6aa98ad5f0615c697c2d4924/execute/sync - {"script":"<script> [8489 bytes]","args":[{"element-6066-11e4-a52e-4f735466cecf":"f.73A3896108CAD0F2DAB8766297627504.d.81C4B09FC88B3EAAC9E5D503D74518E3.e.14163","ELEMENT":"f.73A3896108CAD0F2DAB8766297627504.d.81C4B09FC88B3EAAC9E5D503D74518E3.e.14163"}]}
COMMAND: GET /session/cd8dad5b6aa98ad5f0615c697c2d4924/screenshot - {}
RESULT: {}
RESULT: {"script":"<script> [8489 bytes]","args":[{"element-6066-11e4-a52e-4f735466cecf":"f.73A3896108CAD0F2DAB8766297627504.d.81C4B09FC88B3EAAC9E5D503D74518E3.e.14163","ELEMENT":"f.73A3896108CAD0F2DAB8766297627504.d.81C4B09FC88B3EAAC9E5D503D74518E3.e.14163"}]}
COMMAND: POST /session/cd8dad5b6aa98ad5f0615c697c2d4924/execute/sync - {"script":"<script> [5351 bytes]","args":[{"element-6066-11e4-a52e-4f735466cecf":"f.73A3896108CAD0F2DAB8766297627504.d.81C4B09FC88B3EAAC9E5D503D74518E3.e.14163","ELEMENT":"f.73A3896108CAD0F2DAB8766297627504.d.81C4B09FC88B3EAAC9E5D503D74518E3.e.14163"}]}
COMMAND: GET /session/cd8dad5b6aa98ad5f0615c697c2d4924/screenshot - {}
RESULT: {}
RESULT: {"script":"<script> [5351 bytes]","args":[{"element-6066-11e4-a52e-4f735466cecf":"f.73A3896108CAD0F2DAB8766297627504.d.81C4B09FC88B3EAAC9E5D503D74518E3.e.14163","ELEMENT":"f.73A3896108CAD0F2DAB8766297627504.d.81C4B09FC88B3EAAC9E5D503D74518E3.e.14163"}]}
COMMAND: POST /session/cd8dad5b6aa98ad5f0615c697c2d4924/element/f.73A3896108CAD0F2DAB8766297627504.d.81C4B09FC88B3EAAC9E5D503D74518E3.e.14163/click - {}
COMMAND: GET /session/cd8dad5b6aa98ad5f0615c697c2d4924/screenshot - {}
RESULT: {}
RESULT: {}
COMMAND: GET /session/cd8dad5b6aa98ad5f0615c697c2d4924/screenshot - {}
RESULT: {}
RESULT: {}
COMMAND: POST /session/cd8dad5b6aa98ad5f0615c697c2d4924/actions - {"actions":[{"id":"action53","type":"key","parameters":{},"actions":[{"type":"keyDown","value":""},{"type":"pause","duration":10},{"type":"keyUp","value":""}]}]}
RESULT: {"actions":[{"id":"action53","type":"key","parameters":{},"actions":[{"type":"keyDown","value":""},{"type":"pause","duration":10},{"type":"keyUp","value":""}]}]}
COMMAND: GET /session/cd8dad5b6aa98ad5f0615c697c2d4924/screenshot - {}
RESULT: {}
COMMAND: POST /session/cd8dad5b6aa98ad5f0615c697c2d4924/execute/async - {"script":"<script> [1562 bytes]","args":[{"selector":{"id":"application-manageconditionprice-display-component---newCondition--condBillCond-arrow"},"wdio_ui5_key":"applicationmanageconditionprice-display-component---newCondition--condBillCond-arrow"}]}
RESULT: {"script":"<script> [1562 bytes]","args":[{"selector":{"id":"application-manageconditionprice-display-component---newCondition--condBillCond-arrow"},"wdio_ui5_key":"applicationmanageconditionprice-display-component---newCondition--condBillCond-arrow"}]}
RESULT: undefined
COMMAND: POST /session/cd8dad5b6aa98ad5f0615c697c2d4924/element - {"using":"xpath","value":"//*[@id=\"application-manageconditionprice-display-component---newCondition--condBillCond-arrow\"]"}
RESULT: {"using":"xpath","value":"//*[@id=\"application-manageconditionprice-display-component---newCondition--condBillCond-arrow\"]"}
COMMAND: POST /session/cd8dad5b6aa98ad5f0615c697c2d4924/element/f.73A3896108CAD0F2DAB8766297627504.d.81C4B09FC88B3EAAC9E5D503D74518E3.e.14343/click - {}
RESULT: {}
COMMAND: GET /session/cd8dad5b6aa98ad5f0615c697c2d4924/screenshot - {}
RESULT: {}
COMMAND: POST /session/cd8dad5b6aa98ad5f0615c697c2d4924/element - {"using":"xpath","value":"//li[.//span[contains(text(), \"PC06 - Performance Price - fuel\")]]"}
RESULT: {"using":"xpath","value":"//li[.//span[contains(text(), \"PC06 - Performance Price - fuel\")]]"}
COMMAND: POST /session/cd8dad5b6aa98ad5f0615c697c2d4924/element/f.73A3896108CAD0F2DAB8766297627504.d.81C4B09FC88B3EAAC9E5D503D74518E3.e.14346/click - {}
RESULT: {}
COMMAND: GET /session/cd8dad5b6aa98ad5f0615c697c2d4924/screenshot - {}
RESULT: {}
COMMAND: POST /session/cd8dad5b6aa98ad5f0615c697c2d4924/execute/async - {"script":"<script> [1562 bytes]","args":[{"selector":{"id":"application-manageconditionprice-display-component---newCondition--condValidTo","interaction":{"idSuffix":"inner"}},"wdio_ui5_key":"applicationmanageconditionprice-display-component---newCondition--condValidTo"}]}
RESULT: {"script":"<script> [1562 bytes]","args":[{"selector":{"id":"application-manageconditionprice-display-component---newCondition--condValidTo","interaction":{"idSuffix":"inner"}},"wdio_ui5_key":"applicationmanageconditionprice-display-component---newCondition--condValidTo"}]}
RESULT: undefined
COMMAND: POST /session/cd8dad5b6aa98ad5f0615c697c2d4924/execute/async - {"script":"<script> [776 bytes]","args":[{"enterText":"1/21/26","selector":{"id":"application-manageconditionprice-display-component---newCondition--condValidTo","interaction":{"idSuffix":"inner"}},"clearTextFirst":true,"interactionType":"ENTER_TEXT"}]}
RESULT: {"script":"<script> [776 bytes]","args":[{"enterText":"1/21/26","selector":{"id":"application-manageconditionprice-display-component---newCondition--condValidTo","interaction":{"idSuffix":"inner"}},"clearTextFirst":true,"interactionType":"ENTER_TEXT"}]}
COMMAND: POST /session/cd8dad5b6aa98ad5f0615c697c2d4924/element - {"using":"xpath","value":"//input[@id=\"application-manageconditionprice-display-component---newCondition--condRU-inner\"]"}
RESULT: {"using":"xpath","value":"//input[@id=\"application-manageconditionprice-display-component---newCondition--condRU-inner\"]"}
COMMAND: POST /session/cd8dad5b6aa98ad5f0615c697c2d4924/element/f.73A3896108CAD0F2DAB8766297627504.d.81C4B09FC88B3EAAC9E5D503D74518E3.e.14179/clear - {}
RESULT: {}
COMMAND: POST /session/cd8dad5b6aa98ad5f0615c697c2d4924/element/f.73A3896108CAD0F2DAB8766297627504.d.81C4B09FC88B3EAAC9E5D503D74518E3.e.14179/value - {"text":"OOYrVpWPdM"}
COMMAND: GET /session/cd8dad5b6aa98ad5f0615c697c2d4924/screenshot - {}
RESULT: {"text":"OOYrVpWPdM"}
COMMAND: GET /session/cd8dad5b6aa98ad5f0615c697c2d4924/screenshot - {}
RESULT: {}
RESULT: {}
COMMAND: POST /session/cd8dad5b6aa98ad5f0615c697c2d4924/actions - {"actions":[{"id":"action54","type":"key","parameters":{},"actions":[{"type":"keyDown","value":""},{"type":"pause","duration":10},{"type":"keyUp","value":""}]}]}
RESULT: {"actions":[{"id":"action54","type":"key","parameters":{},"actions":[{"type":"keyDown","value":""},{"type":"pause","duration":10},{"type":"keyUp","value":""}]}]}
COMMAND: POST /session/cd8dad5b6aa98ad5f0615c697c2d4924/execute/async - {"script":"<script> [1562 bytes]","args":[{"selector":{"id":"application-manageconditionprice-display-component---newCondition--condBaseQty","interaction":{"idSuffix":"inner"}},"wdio_ui5_key":"applicationmanageconditionprice-display-component---newCondition--condBaseQty"}]}
COMMAND: GET /session/cd8dad5b6aa98ad5f0615c697c2d4924/screenshot - {}
RESULT: {"script":"<script> [1562 bytes]","args":[{"selector":{"id":"application-manageconditionprice-display-component---newCondition--condBaseQty","interaction":{"idSuffix":"inner"}},"wdio_ui5_key":"applicationmanageconditionprice-display-component---newCondition--condBaseQty"}]}
RESULT: undefined
COMMAND: POST /session/cd8dad5b6aa98ad5f0615c697c2d4924/execute/async - {"script":"<script> [776 bytes]","args":[{"enterText":"1","selector":{"id":"application-manageconditionprice-display-component---newCondition--condBaseQty","interaction":{"idSuffix":"inner"}},"clearTextFirst":true,"interactionType":"ENTER_TEXT"}]}
RESULT: {}
RESULT: {"script":"<script> [776 bytes]","args":[{"enterText":"1","selector":{"id":"application-manageconditionprice-display-component---newCondition--condBaseQty","interaction":{"idSuffix":"inner"}},"clearTextFirst":true,"interactionType":"ENTER_TEXT"}]}
COMMAND: POST /session/cd8dad5b6aa98ad5f0615c697c2d4924/execute/async - {"script":"<script> [1562 bytes]","args":[{"selector":{"id":"application-manageconditionprice-display-component---newCondition--condValue","interaction":{"idSuffix":"inner"}},"wdio_ui5_key":"applicationmanageconditionprice-display-component---newCondition--condValue"}]}
RESULT: {"script":"<script> [1562 bytes]","args":[{"selector":{"id":"application-manageconditionprice-display-component---newCondition--condValue","interaction":{"idSuffix":"inner"}},"wdio_ui5_key":"applicationmanageconditionprice-display-component---newCondition--condValue"}]}
RESULT: undefined
COMMAND: POST /session/cd8dad5b6aa98ad5f0615c697c2d4924/execute/async - {"script":"<script> [776 bytes]","args":[{"enterText":"10","selector":{"id":"application-manageconditionprice-display-component---newCondition--condValue","interaction":{"idSuffix":"inner"}},"clearTextFirst":true,"interactionType":"ENTER_TEXT"}]}
RESULT: {"script":"<script> [776 bytes]","args":[{"enterText":"10","selector":{"id":"application-manageconditionprice-display-component---newCondition--condValue","interaction":{"idSuffix":"inner"}},"clearTextFirst":true,"interactionType":"ENTER_TEXT"}]}
COMMAND: POST /session/cd8dad5b6aa98ad5f0615c697c2d4924/execute/async - {"script":"<script> [1562 bytes]","args":[{"selector":{"id":"application-manageconditionprice-display-component---newCondition--condCurr-arrow"},"wdio_ui5_key":"applicationmanageconditionprice-display-component---newCondition--condCurr-arrow"}]}
RESULT: {"script":"<script> [1562 bytes]","args":[{"selector":{"id":"application-manageconditionprice-display-component---newCondition--condCurr-arrow"},"wdio_ui5_key":"applicationmanageconditionprice-display-component---newCondition--condCurr-arrow"}]}
RESULT: undefined
COMMAND: POST /session/cd8dad5b6aa98ad5f0615c697c2d4924/element - {"using":"xpath","value":"//*[@id=\"application-manageconditionprice-display-component---newCondition--condCurr-arrow\"]"}
RESULT: {"using":"xpath","value":"//*[@id=\"application-manageconditionprice-display-component---newCondition--condCurr-arrow\"]"}
COMMAND: POST /session/cd8dad5b6aa98ad5f0615c697c2d4924/element/f.73A3896108CAD0F2DAB8766297627504.d.81C4B09FC88B3EAAC9E5D503D74518E3.e.14323/click - {}
RESULT: {}
COMMAND: POST /session/cd8dad5b6aa98ad5f0615c697c2d4924/element - {"using":"xpath","value":"//span[contains(text(), \"Euro\")]"}
COMMAND: GET /session/cd8dad5b6aa98ad5f0615c697c2d4924/screenshot - {}
RESULT: {"using":"xpath","value":"//span[contains(text(), \"Euro\")]"}
COMMAND: POST /session/cd8dad5b6aa98ad5f0615c697c2d4924/element/f.73A3896108CAD0F2DAB8766297627504.d.81C4B09FC88B3EAAC9E5D503D74518E3.e.14381/click - {}
RESULT: {}
RESULT: {}
COMMAND: POST /session/cd8dad5b6aa98ad5f0615c697c2d4924/element - {"using":"xpath","value":"//button[@data-kt=\"saveButton\"]"}
COMMAND: GET /session/cd8dad5b6aa98ad5f0615c697c2d4924/screenshot - {}
RESULT: {"using":"xpath","value":"//button[@data-kt=\"saveButton\"]"}
COMMAND: POST /session/cd8dad5b6aa98ad5f0615c697c2d4924/element/f.73A3896108CAD0F2DAB8766297627504.d.81C4B09FC88B3EAAC9E5D503D74518E3.e.14324/click - {}
RESULT: {}
RESULT: {}
COMMAND: GET /session/cd8dad5b6aa98ad5f0615c697c2d4924/screenshot - {}
RESULT: {}
RESULT: undefined
COMMAND: POST /session/cd8dad5b6aa98ad5f0615c697c2d4924/execute/async - {"script":"<script> [1562 bytes]","args":[{"selector":{"id":"application-manageconditionprice-display-component---conditions--smartFilterBar-btnBasicSearch","interaction":{"idSuffix":"I"}},"wdio_ui5_key":"applicationmanageconditionprice-display-component---conditions--smartFilterBar-btnBasicSearch"}]}
RESULT: {"script":"<script> [1562 bytes]","args":[{"selector":{"id":"application-manageconditionprice-display-component---conditions--smartFilterBar-btnBasicSearch","interaction":{"idSuffix":"I"}},"wdio_ui5_key":"applicationmanageconditionprice-display-component---conditions--smartFilterBar-btnBasicSearch"}]}
RESULT: undefined
COMMAND: POST /session/cd8dad5b6aa98ad5f0615c697c2d4924/execute/async - {"script":"<script> [776 bytes]","args":[{"enterText":"OOYrVpWPdM","selector":{"id":"application-manageconditionprice-display-component---conditions--smartFilterBar-btnBasicSearch","interaction":{"idSuffix":"I"}},"clearTextFirst":true,"interactionType":"ENTER_TEXT"}]}
RESULT: {"script":"<script> [776 bytes]","args":[{"enterText":"OOYrVpWPdM","selector":{"id":"application-manageconditionprice-display-component---conditions--smartFilterBar-btnBasicSearch","interaction":{"idSuffix":"I"}},"clearTextFirst":true,"interactionType":"ENTER_TEXT"}]}
COMMAND: POST /session/cd8dad5b6aa98ad5f0615c697c2d4924/actions - {"actions":[{"id":"action55","type":"key","parameters":{},"actions":[{"type":"keyDown","value":""},{"type":"pause","duration":10},{"type":"keyUp","value":""}]}]}
RESULT: {"actions":[{"id":"action55","type":"key","parameters":{},"actions":[{"type":"keyDown","value":""},{"type":"pause","duration":10},{"type":"keyUp","value":""}]}]}
COMMAND: GET /session/cd8dad5b6aa98ad5f0615c697c2d4924/screenshot - {}
RESULT: {}
COMMAND: POST /session/cd8dad5b6aa98ad5f0615c697c2d4924/execute/async - {"script":"<script> [1562 bytes]","args":[{"selector":{"id":"application-manageconditionprice-display-component---conditions--smartFilterBar-filterItemControl_BASIC-BILL_TYPES-vhi"},"wdio_ui5_key":"applicationmanageconditionprice-display-component---conditions--smartFilterBar-filterItemControl_BASIC-BILL_TYPES-vhi"}]}
RESULT: {"script":"<script> [1562 bytes]","args":[{"selector":{"id":"application-manageconditionprice-display-component---conditions--smartFilterBar-filterItemControl_BASIC-BILL_TYPES-vhi"},"wdio_ui5_key":"applicationmanageconditionprice-display-component---conditions--smartFilterBar-filterItemControl_BASIC-BILL_TYPES-vhi"}]}
RESULT: undefined
COMMAND: POST /session/cd8dad5b6aa98ad5f0615c697c2d4924/element - {"using":"xpath","value":"//*[@id=\"application-manageconditionprice-display-component---conditions--smartFilterBar-filterItemControl_BASIC-BILL_TYPES-vhi\"]"}
RESULT: {"using":"xpath","value":"//*[@id=\"application-manageconditionprice-display-component---conditions--smartFilterBar-filterItemControl_BASIC-BILL_TYPES-vhi\"]"}
COMMAND: POST /session/cd8dad5b6aa98ad5f0615c697c2d4924/element/f.73A3896108CAD0F2DAB8766297627504.d.81C4B09FC88B3EAAC9E5D503D74518E3.e.14398/click - {}
RESULT: {}
COMMAND: POST /session/cd8dad5b6aa98ad5f0615c697c2d4924/execute/async - {"script":"<script> [1562 bytes]","args":[{"selector":{"id":"application-manageconditionprice-display-component---conditions--smartFilterBar-filterItemControl_BASIC-BILL_TYPES-valueHelpDialog-smartFilterBar-btnBasicSearch","searchOpenDialogs":true,"interaction":{"idSuffix":"I"}},"wdio_ui5_key":"applicationmanageconditionprice-display-component---conditions--smartFilterBar-filterItemControl_BASIC-BILL_TYPES-valueHelpDialog-smartFilterBar-btnBasicSearch"}]}
COMMAND: GET /session/cd8dad5b6aa98ad5f0615c697c2d4924/screenshot - {}
RESULT: {"script":"<script> [1562 bytes]","args":[{"selector":{"id":"application-manageconditionprice-display-component---conditions--smartFilterBar-filterItemControl_BASIC-BILL_TYPES-valueHelpDialog-smartFilterBar-btnBasicSearch","searchOpenDialogs":true,"interaction":{"idSuffix":"I"}},"wdio_ui5_key":"applicationmanageconditionprice-display-component---conditions--smartFilterBar-filterItemControl_BASIC-BILL_TYPES-valueHelpDialog-smartFilterBar-btnBasicSearch"}]}
RESULT: undefined
COMMAND: POST /session/cd8dad5b6aa98ad5f0615c697c2d4924/execute/async - {"script":"<script> [776 bytes]","args":[{"enterText":"PB","selector":{"id":"application-manageconditionprice-display-component---conditions--smartFilterBar-filterItemControl_BASIC-BILL_TYPES-valueHelpDialog-smartFilterBar-btnBasicSearch","searchOpenDialogs":true,"interaction":{"idSuffix":"I"}},"clearTextFirst":true,"interactionType":"ENTER_TEXT"}]}
RESULT: {}
RESULT: {"script":"<script> [776 bytes]","args":[{"enterText":"PB","selector":{"id":"application-manageconditionprice-display-component---conditions--smartFilterBar-filterItemControl_BASIC-BILL_TYPES-valueHelpDialog-smartFilterBar-btnBasicSearch","searchOpenDialogs":true,"interaction":{"idSuffix":"I"}},"clearTextFirst":true,"interactionType":"ENTER_TEXT"}]}
COMMAND: POST /session/cd8dad5b6aa98ad5f0615c697c2d4924/actions - {"actions":[{"id":"action56","type":"key","parameters":{},"actions":[{"type":"keyDown","value":""},{"type":"pause","duration":10},{"type":"keyUp","value":""}]}]}
RESULT: {"actions":[{"id":"action56","type":"key","parameters":{},"actions":[{"type":"keyDown","value":""},{"type":"pause","duration":10},{"type":"keyUp","value":""}]}]}
COMMAND: GET /session/cd8dad5b6aa98ad5f0615c697c2d4924/screenshot - {}
RESULT: {}
COMMAND: POST /session/cd8dad5b6aa98ad5f0615c697c2d4924/element - {"using":"xpath","value":"//div[contains(@id, 'application-manageconditionprice-display-component---conditions--smartFilterBar-filterItemControl_BASIC-BILL_TYPES-valueHelpDialog-table-rowsel0')]"}
RESULT: {"using":"xpath","value":"//div[contains(@id, 'application-manageconditionprice-display-component---conditions--smartFilterBar-filterItemControl_BASIC-BILL_TYPES-valueHelpDialog-table-rowsel0')]"}
COMMAND: POST /session/cd8dad5b6aa98ad5f0615c697c2d4924/element/f.73A3896108CAD0F2DAB8766297627504.d.81C4B09FC88B3EAAC9E5D503D74518E3.e.14407/click - {}
RESULT: {}
COMMAND: GET /session/cd8dad5b6aa98ad5f0615c697c2d4924/screenshot - {}
RESULT: {}
COMMAND: POST /session/cd8dad5b6aa98ad5f0615c697c2d4924/element - {"using":"xpath","value":"//bdi[contains(text(), \"OK\")]"}
RESULT: {"using":"xpath","value":"//bdi[contains(text(), \"OK\")]"}
COMMAND: POST /session/cd8dad5b6aa98ad5f0615c697c2d4924/element/f.73A3896108CAD0F2DAB8766297627504.d.81C4B09FC88B3EAAC9E5D503D74518E3.e.14409/click - {}
RESULT: {}
COMMAND: GET /session/cd8dad5b6aa98ad5f0615c697c2d4924/screenshot - {}
RESULT: {}
COMMAND: POST /session/cd8dad5b6aa98ad5f0615c697c2d4924/element - {"using":"xpath","value":"//span[@id=\"application-manageconditionprice-display-component---conditions--smartTable-header-inner\"]"}
RESULT: {"using":"xpath","value":"//span[@id=\"application-manageconditionprice-display-component---conditions--smartTable-header-inner\"]"}
COMMAND: POST /session/cd8dad5b6aa98ad5f0615c697c2d4924/elements - {"using":"xpath","value":"//span[@id=\"application-manageconditionprice-display-component---conditions--smartTable-header-inner\"]"}
RESULT: {"using":"xpath","value":"//span[@id=\"application-manageconditionprice-display-component---conditions--smartTable-header-inner\"]"}
COMMAND: POST /session/cd8dad5b6aa98ad5f0615c697c2d4924/execute/sync - {"script":"<script> [56 bytes]","args":[{"element-6066-11e4-a52e-4f735466cecf":"f.73A3896108CAD0F2DAB8766297627504.d.81C4B09FC88B3EAAC9E5D503D74518E3.e.14412","ELEMENT":"f.73A3896108CAD0F2DAB8766297627504.d.81C4B09FC88B3EAAC9E5D503D74518E3.e.14412"}]}
RESULT: {"script":"<script> [56 bytes]","args":[{"element-6066-11e4-a52e-4f735466cecf":"f.73A3896108CAD0F2DAB8766297627504.d.81C4B09FC88B3EAAC9E5D503D74518E3.e.14412","ELEMENT":"f.73A3896108CAD0F2DAB8766297627504.d.81C4B09FC88B3EAAC9E5D503D74518E3.e.14412"}]}
COMMAND: POST /session/cd8dad5b6aa98ad5f0615c697c2d4924/element - {"using":"css selector","value":"#shell-header-logo"}
COMMAND: GET /session/cd8dad5b6aa98ad5f0615c697c2d4924/screenshot - {}
RESULT: {"using":"css selector","value":"#shell-header-logo"}
COMMAND: POST /session/cd8dad5b6aa98ad5f0615c697c2d4924/element/f.73A3896108CAD0F2DAB8766297627504.d.81C4B09FC88B3EAAC9E5D503D74518E3.e.14131/click - {}
RESULT: {}
RESULT: {}
COMMAND: GET /session/cd8dad5b6aa98ad5f0615c697c2d4924/screenshot - {}
RESULT: {}
]]></system-out>
    </testcase>
    <testcase classname="chrome.136_0_7103_93.windows.Performance_based_billing_(work_days)_US139742" name="Should add a counter to the equipment" time="59.113">
      <system-out><![CDATA[
RESULT: undefined
COMMAND: POST /session/cd8dad5b6aa98ad5f0615c697c2d4924/element - {"using":"xpath","value":"//*[@id=\"__tile39\"]"}
RESULT: {"using":"xpath","value":"//*[@id=\"__tile39\"]"}
COMMAND: POST /session/cd8dad5b6aa98ad5f0615c697c2d4924/element/f.73A3896108CAD0F2DAB8766297627504.d.81C4B09FC88B3EAAC9E5D503D74518E3.e.13255/click - {}
RESULT: {}
COMMAND: GET /session/cd8dad5b6aa98ad5f0615c697c2d4924/screenshot - {}
RESULT: {}
COMMAND: POST /session/cd8dad5b6aa98ad5f0615c697c2d4924/elements - {"using":"xpath","value":"//span[text()='Error']"}
RESULT: {"using":"xpath","value":"//span[text()='Error']"}
COMMAND: POST /session/cd8dad5b6aa98ad5f0615c697c2d4924/execute/async - {"script":"<script> [1562 bytes]","args":[{"selector":{"id":"application-manageresources-display-component---masterRU--smartFilterBar-btnBasicSearch","interaction":{"idSuffix":"I"}},"wdio_ui5_key":"applicationmanageresources-display-component---masterRU--smartFilterBar-btnBasicSearch"}]}
RESULT: {"script":"<script> [1562 bytes]","args":[{"selector":{"id":"application-manageresources-display-component---masterRU--smartFilterBar-btnBasicSearch","interaction":{"idSuffix":"I"}},"wdio_ui5_key":"applicationmanageresources-display-component---masterRU--smartFilterBar-btnBasicSearch"}]}
RESULT: undefined
COMMAND: POST /session/cd8dad5b6aa98ad5f0615c697c2d4924/execute/async - {"script":"<script> [776 bytes]","args":[{"enterText":"OOYrVpWPdM","selector":{"id":"application-manageresources-display-component---masterRU--smartFilterBar-btnBasicSearch","interaction":{"idSuffix":"I"}},"clearTextFirst":true,"interactionType":"ENTER_TEXT"}]}
RESULT: {"script":"<script> [776 bytes]","args":[{"enterText":"OOYrVpWPdM","selector":{"id":"application-manageresources-display-component---masterRU--smartFilterBar-btnBasicSearch","interaction":{"idSuffix":"I"}},"clearTextFirst":true,"interactionType":"ENTER_TEXT"}]}
COMMAND: POST /session/cd8dad5b6aa98ad5f0615c697c2d4924/actions - {"actions":[{"id":"action57","type":"key","parameters":{},"actions":[{"type":"keyDown","value":""},{"type":"pause","duration":10},{"type":"keyUp","value":""}]}]}
RESULT: {"actions":[{"id":"action57","type":"key","parameters":{},"actions":[{"type":"keyDown","value":""},{"type":"pause","duration":10},{"type":"keyUp","value":""}]}]}
COMMAND: GET /session/cd8dad5b6aa98ad5f0615c697c2d4924/screenshot - {}
RESULT: {}
COMMAND: POST /session/cd8dad5b6aa98ad5f0615c697c2d4924/execute/async - {"script":"<script> [1562 bytes]","args":[{"selector":{"id":"application-manageresources-display-component---masterRU--smartTable-header"},"wdio_ui5_key":"applicationmanageresources-display-component---masterRU--smartTable-header"}]}
RESULT: {"script":"<script> [1562 bytes]","args":[{"selector":{"id":"application-manageresources-display-component---masterRU--smartTable-header"},"wdio_ui5_key":"applicationmanageresources-display-component---masterRU--smartTable-header"}]}
RESULT: undefined
COMMAND: POST /session/cd8dad5b6aa98ad5f0615c697c2d4924/execute/async - {"script":"<script> [6424 bytes]","args":[{"element-6066-11e4-a52e-4f735466cecf":"f.73A3896108CAD0F2DAB8766297627504.d.81C4B09FC88B3EAAC9E5D503D74518E3.e.14601"},"getText",[]]}
RESULT: {"script":"<script> [6424 bytes]","args":[{"element-6066-11e4-a52e-4f735466cecf":"f.73A3896108CAD0F2DAB8766297627504.d.81C4B09FC88B3EAAC9E5D503D74518E3.e.14601"},"getText",[]]}
COMMAND: POST /session/cd8dad5b6aa98ad5f0615c697c2d4924/execute/async - {"script":"<script> [1562 bytes]","args":[{"selector":{"controlType":"sap.ui.core.Icon","viewName":"etm.portal.ui.manageresources.view.Master","viewId":"application-manageresources-display-component---masterRU","properties":{"src":{"regex":{"source":"slim\\-arrow\\-right"}}}},"wdio_ui5_key":"etmportal.ui.manageresources.view.Mastersap.ui.core.Icon{\"src\":{\"regex\":{\"source\":\"slim\\\\-arrow\\\\-right\"}}}"}]}
RESULT: {"script":"<script> [1562 bytes]","args":[{"selector":{"controlType":"sap.ui.core.Icon","viewName":"etm.portal.ui.manageresources.view.Master","viewId":"application-manageresources-display-component---masterRU","properties":{"src":{"regex":{"source":"slim\\-arrow\\-right"}}}},"wdio_ui5_key":"etmportal.ui.manageresources.view.Mastersap.ui.core.Icon{\"src\":{\"regex\":{\"source\":\"slim\\\\-arrow\\\\-right\"}}}"}]}
RESULT: undefined
COMMAND: POST /session/cd8dad5b6aa98ad5f0615c697c2d4924/element - {"using":"xpath","value":"//*[@id=\"__item1312-__clone3452-imgNav\"]"}
RESULT: {"using":"xpath","value":"//*[@id=\"__item1312-__clone3452-imgNav\"]"}
COMMAND: POST /session/cd8dad5b6aa98ad5f0615c697c2d4924/element/f.73A3896108CAD0F2DAB8766297627504.d.81C4B09FC88B3EAAC9E5D503D74518E3.e.14600/click - {}
RESULT: {}
COMMAND: GET /session/cd8dad5b6aa98ad5f0615c697c2d4924/screenshot - {}
COMMAND: POST /session/cd8dad5b6aa98ad5f0615c697c2d4924/element - {"using":"xpath","value":"//bdi[contains(text(), \"Edit\")]"}
RESULT: {}
RESULT: {"using":"xpath","value":"//bdi[contains(text(), \"Edit\")]"}
COMMAND: POST /session/cd8dad5b6aa98ad5f0615c697c2d4924/execute/sync - {"script":"<script> [8489 bytes]","args":[{"element-6066-11e4-a52e-4f735466cecf":"f.73A3896108CAD0F2DAB8766297627504.d.81C4B09FC88B3EAAC9E5D503D74518E3.e.14709","ELEMENT":"f.73A3896108CAD0F2DAB8766297627504.d.81C4B09FC88B3EAAC9E5D503D74518E3.e.14709"}]}
RESULT: {"script":"<script> [8489 bytes]","args":[{"element-6066-11e4-a52e-4f735466cecf":"f.73A3896108CAD0F2DAB8766297627504.d.81C4B09FC88B3EAAC9E5D503D74518E3.e.14709","ELEMENT":"f.73A3896108CAD0F2DAB8766297627504.d.81C4B09FC88B3EAAC9E5D503D74518E3.e.14709"}]}
COMMAND: POST /session/cd8dad5b6aa98ad5f0615c697c2d4924/element/f.73A3896108CAD0F2DAB8766297627504.d.81C4B09FC88B3EAAC9E5D503D74518E3.e.14709/click - {}
COMMAND: GET /session/cd8dad5b6aa98ad5f0615c697c2d4924/screenshot - {}
RESULT: {}
COMMAND: GET /session/cd8dad5b6aa98ad5f0615c697c2d4924/screenshot - {}
RESULT: {}
COMMAND: POST /session/cd8dad5b6aa98ad5f0615c697c2d4924/execute/async - {"script":"<script> [1562 bytes]","args":[{"selector":{"id":"application-manageresources-display-component---editResource--editRruPage-anchBar-application-manageresources-display-component---editResource--counters-anchor","interaction":{"idSuffix":"BDI-content"}},"wdio_ui5_key":"applicationmanageresources-display-component---editResource--editRruPage-anchBar-application-manageresources-display-component---editResource--counters-anchor"}]}
RESULT: {}
RESULT: {"script":"<script> [1562 bytes]","args":[{"selector":{"id":"application-manageresources-display-component---editResource--editRruPage-anchBar-application-manageresources-display-component---editResource--counters-anchor","interaction":{"idSuffix":"BDI-content"}},"wdio_ui5_key":"applicationmanageresources-display-component---editResource--editRruPage-anchBar-application-manageresources-display-component---editResource--counters-anchor"}]}
RESULT: undefined
COMMAND: POST /session/cd8dad5b6aa98ad5f0615c697c2d4924/element - {"using":"xpath","value":"//*[@id=\"application-manageresources-display-component---editResource--editRruPage-anchBar-application-manageresources-display-component---editResource--counters-anchor\"]"}
RESULT: {"using":"xpath","value":"//*[@id=\"application-manageresources-display-component---editResource--editRruPage-anchBar-application-manageresources-display-component---editResource--counters-anchor\"]"}
COMMAND: POST /session/cd8dad5b6aa98ad5f0615c697c2d4924/element/f.73A3896108CAD0F2DAB8766297627504.d.81C4B09FC88B3EAAC9E5D503D74518E3.e.14864/click - {}
RESULT: {}
COMMAND: GET /session/cd8dad5b6aa98ad5f0615c697c2d4924/screenshot - {}
RESULT: {}
COMMAND: POST /session/cd8dad5b6aa98ad5f0615c697c2d4924/execute/async - {"script":"<script> [1562 bytes]","args":[{"selector":{"id":"application-manageresources-display-component---editResource--btnAddCounter-img"},"wdio_ui5_key":"applicationmanageresources-display-component---editResource--btnAddCounter-img"}]}
RESULT: {"script":"<script> [1562 bytes]","args":[{"selector":{"id":"application-manageresources-display-component---editResource--btnAddCounter-img"},"wdio_ui5_key":"applicationmanageresources-display-component---editResource--btnAddCounter-img"}]}
RESULT: undefined
COMMAND: POST /session/cd8dad5b6aa98ad5f0615c697c2d4924/element - {"using":"xpath","value":"//*[@id=\"application-manageresources-display-component---editResource--btnAddCounter-img\"]"}
RESULT: {"using":"xpath","value":"//*[@id=\"application-manageresources-display-component---editResource--btnAddCounter-img\"]"}
COMMAND: POST /session/cd8dad5b6aa98ad5f0615c697c2d4924/element/f.73A3896108CAD0F2DAB8766297627504.d.81C4B09FC88B3EAAC9E5D503D74518E3.e.14869/click - {}
RESULT: {}
COMMAND: POST /session/cd8dad5b6aa98ad5f0615c697c2d4924/execute/async - {"script":"<script> [1562 bytes]","args":[{"selector":{"id":"application-manageresources-display-component---editResource--COUNTER_ID-application-manageresources-display-component---editResource--RUCounters-0-arrow"},"wdio_ui5_key":"applicationmanageresources-display-component---editResource--COUNTER_ID-application-manageresources-display-component---editResource--RUCounters-0-arrow"}]}
COMMAND: GET /session/cd8dad5b6aa98ad5f0615c697c2d4924/screenshot - {}
RESULT: {"script":"<script> [1562 bytes]","args":[{"selector":{"id":"application-manageresources-display-component---editResource--COUNTER_ID-application-manageresources-display-component---editResource--RUCounters-0-arrow"},"wdio_ui5_key":"applicationmanageresources-display-component---editResource--COUNTER_ID-application-manageresources-display-component---editResource--RUCounters-0-arrow"}]}
RESULT: undefined
COMMAND: POST /session/cd8dad5b6aa98ad5f0615c697c2d4924/element - {"using":"xpath","value":"//*[@id=\"application-manageresources-display-component---editResource--COUNTER_ID-application-manageresources-display-component---editResource--RUCounters-0-arrow\"]"}
RESULT: {}
RESULT: {"using":"xpath","value":"//*[@id=\"application-manageresources-display-component---editResource--COUNTER_ID-application-manageresources-display-component---editResource--RUCounters-0-arrow\"]"}
COMMAND: POST /session/cd8dad5b6aa98ad5f0615c697c2d4924/element/f.73A3896108CAD0F2DAB8766297627504.d.81C4B09FC88B3EAAC9E5D503D74518E3.e.14882/click - {}
RESULT: {}
COMMAND: POST /session/cd8dad5b6aa98ad5f0615c697c2d4924/execute/async - {"script":"<script> [1562 bytes]","args":[{"selector":{"controlType":"sap.m.StandardListItem","viewName":"etm.portal.ui.manageresources.view.EditResource","viewId":"application-manageresources-display-component---editResource","properties":{"title":"fuel"},"searchOpenDialogs":true,"interaction":{"idSuffix":"content"}},"wdio_ui5_key":"etmportal.ui.manageresources.view.EditResourcesap.m.StandardListItem{\"title\":\"fuel\"}"}]}
COMMAND: GET /session/cd8dad5b6aa98ad5f0615c697c2d4924/screenshot - {}
RESULT: {"script":"<script> [1562 bytes]","args":[{"selector":{"controlType":"sap.m.StandardListItem","viewName":"etm.portal.ui.manageresources.view.EditResource","viewId":"application-manageresources-display-component---editResource","properties":{"title":"fuel"},"searchOpenDialogs":true,"interaction":{"idSuffix":"content"}},"wdio_ui5_key":"etmportal.ui.manageresources.view.EditResourcesap.m.StandardListItem{\"title\":\"fuel\"}"}]}
RESULT: undefined
COMMAND: POST /session/cd8dad5b6aa98ad5f0615c697c2d4924/element - {"using":"xpath","value":"//*[@id=\"__item1592\"]"}
RESULT: {}
RESULT: {"using":"xpath","value":"//*[@id=\"__item1592\"]"}
COMMAND: POST /session/cd8dad5b6aa98ad5f0615c697c2d4924/element/f.73A3896108CAD0F2DAB8766297627504.d.81C4B09FC88B3EAAC9E5D503D74518E3.e.14884/click - {}
RESULT: {}
COMMAND: POST /session/cd8dad5b6aa98ad5f0615c697c2d4924/execute/async - {"script":"<script> [1562 bytes]","args":[{"selector":{"controlType":"sap.m.Button","viewName":"etm.portal.ui.manageresources.view.EditResource","viewId":"application-manageresources-display-component---editResource","i18NText":{"propertyName":"text","key":"save"},"interaction":{"idSuffix":"BDI-content"}},"wdio_ui5_key":"etmportal.ui.manageresources.view.EditResourcesap.m.Button{\"propertyName\":\"text\",\"key\":\"save\"}"}]}
COMMAND: GET /session/cd8dad5b6aa98ad5f0615c697c2d4924/screenshot - {}
RESULT: {"script":"<script> [1562 bytes]","args":[{"selector":{"controlType":"sap.m.Button","viewName":"etm.portal.ui.manageresources.view.EditResource","viewId":"application-manageresources-display-component---editResource","i18NText":{"propertyName":"text","key":"save"},"interaction":{"idSuffix":"BDI-content"}},"wdio_ui5_key":"etmportal.ui.manageresources.view.EditResourcesap.m.Button{\"propertyName\":\"text\",\"key\":\"save\"}"}]}
RESULT: undefined
COMMAND: POST /session/cd8dad5b6aa98ad5f0615c697c2d4924/element - {"using":"xpath","value":"//*[@id=\"__button166\"]"}
RESULT: {}
RESULT: {"using":"xpath","value":"//*[@id=\"__button166\"]"}
COMMAND: POST /session/cd8dad5b6aa98ad5f0615c697c2d4924/element/f.73A3896108CAD0F2DAB8766297627504.d.81C4B09FC88B3EAAC9E5D503D74518E3.e.14886/click - {}
RESULT: {}
COMMAND: GET /session/cd8dad5b6aa98ad5f0615c697c2d4924/screenshot - {}
RESULT: {}
COMMAND: POST /session/cd8dad5b6aa98ad5f0615c697c2d4924/element - {"using":"css selector","value":"#shell-header-logo"}
RESULT: {"using":"css selector","value":"#shell-header-logo"}
COMMAND: POST /session/cd8dad5b6aa98ad5f0615c697c2d4924/element/f.73A3896108CAD0F2DAB8766297627504.d.81C4B09FC88B3EAAC9E5D503D74518E3.e.14417/click - {}
RESULT: {}
COMMAND: GET /session/cd8dad5b6aa98ad5f0615c697c2d4924/screenshot - {}
RESULT: {}
]]></system-out>
    </testcase>
    <testcase classname="chrome.136_0_7103_93.windows.Performance_based_billing_(work_days)_US139742" name="Should do a stock increase on the yard for the equipment" time="92.797">
      <system-out><![CDATA[
COMMAND: POST /session/cd8dad5b6aa98ad5f0615c697c2d4924/execute/async - {"script":"<script> [1562 bytes]","args":[{"selector":{"controlType":"sap.m.GenericTile","properties":{"header":"Manage Handovers"}},"wdio_ui5_key":"sapm.GenericTile{\"header\":\"Manage Handovers\"}"}]}
RESULT: {"script":"<script> [1562 bytes]","args":[{"selector":{"controlType":"sap.m.GenericTile","properties":{"header":"Manage Handovers"}},"wdio_ui5_key":"sapm.GenericTile{\"header\":\"Manage Handovers\"}"}]}
RESULT: undefined
COMMAND: POST /session/cd8dad5b6aa98ad5f0615c697c2d4924/element - {"using":"xpath","value":"//*[@id=\"__tile131\"]"}
RESULT: {"using":"xpath","value":"//*[@id=\"__tile131\"]"}
COMMAND: POST /session/cd8dad5b6aa98ad5f0615c697c2d4924/element/f.73A3896108CAD0F2DAB8766297627504.d.81C4B09FC88B3EAAC9E5D503D74518E3.e.13338/click - {}
RESULT: {}
COMMAND: GET /session/cd8dad5b6aa98ad5f0615c697c2d4924/screenshot - {}
RESULT: {}
COMMAND: POST /session/cd8dad5b6aa98ad5f0615c697c2d4924/elements - {"using":"xpath","value":"//span[text()='Error']"}
RESULT: {"using":"xpath","value":"//span[text()='Error']"}
COMMAND: POST /session/cd8dad5b6aa98ad5f0615c697c2d4924/element - {"using":"xpath","value":"//button[@data-kt=\"masterHOAddButton\"]"}
RESULT: {"using":"xpath","value":"//button[@data-kt=\"masterHOAddButton\"]"}
COMMAND: POST /session/cd8dad5b6aa98ad5f0615c697c2d4924/elements - {"using":"xpath","value":"//button[@data-kt=\"masterHOAddButton\"]"}
RESULT: {"using":"xpath","value":"//button[@data-kt=\"masterHOAddButton\"]"}
COMMAND: POST /session/cd8dad5b6aa98ad5f0615c697c2d4924/elements - {"using":"xpath","value":"//button[@data-kt=\"masterHOAddButton\"]"}
RESULT: {"using":"xpath","value":"//button[@data-kt=\"masterHOAddButton\"]"}
COMMAND: POST /session/cd8dad5b6aa98ad5f0615c697c2d4924/elements - {"using":"xpath","value":"//button[@data-kt=\"masterHOAddButton\"]"}
RESULT: {"using":"xpath","value":"//button[@data-kt=\"masterHOAddButton\"]"}
COMMAND: POST /session/cd8dad5b6aa98ad5f0615c697c2d4924/elements - {"using":"xpath","value":"//button[@data-kt=\"masterHOAddButton\"]"}
RESULT: {"using":"xpath","value":"//button[@data-kt=\"masterHOAddButton\"]"}
COMMAND: POST /session/cd8dad5b6aa98ad5f0615c697c2d4924/element - {"using":"xpath","value":"//button[@data-kt=\"masterHOAddButton\"]"}
RESULT: {"using":"xpath","value":"//button[@data-kt=\"masterHOAddButton\"]"}
COMMAND: POST /session/cd8dad5b6aa98ad5f0615c697c2d4924/execute/sync - {"script":"<script> [8489 bytes]","args":[{"element-6066-11e4-a52e-4f735466cecf":"f.73A3896108CAD0F2DAB8766297627504.d.81C4B09FC88B3EAAC9E5D503D74518E3.e.14915","ELEMENT":"f.73A3896108CAD0F2DAB8766297627504.d.81C4B09FC88B3EAAC9E5D503D74518E3.e.14915"}]}
RESULT: {"script":"<script> [8489 bytes]","args":[{"element-6066-11e4-a52e-4f735466cecf":"f.73A3896108CAD0F2DAB8766297627504.d.81C4B09FC88B3EAAC9E5D503D74518E3.e.14915","ELEMENT":"f.73A3896108CAD0F2DAB8766297627504.d.81C4B09FC88B3EAAC9E5D503D74518E3.e.14915"}]}
COMMAND: GET /session/cd8dad5b6aa98ad5f0615c697c2d4924/element/f.73A3896108CAD0F2DAB8766297627504.d.81C4B09FC88B3EAAC9E5D503D74518E3.e.14915/enabled - {}
COMMAND: GET /session/cd8dad5b6aa98ad5f0615c697c2d4924/screenshot - {}
RESULT: {}
COMMAND: POST /session/cd8dad5b6aa98ad5f0615c697c2d4924/execute/sync - {"script":"<script> [8489 bytes]","args":[{"element-6066-11e4-a52e-4f735466cecf":"f.73A3896108CAD0F2DAB8766297627504.d.81C4B09FC88B3EAAC9E5D503D74518E3.e.14915","ELEMENT":"f.73A3896108CAD0F2DAB8766297627504.d.81C4B09FC88B3EAAC9E5D503D74518E3.e.14915"}]}
COMMAND: GET /session/cd8dad5b6aa98ad5f0615c697c2d4924/screenshot - {}
RESULT: {}
RESULT: {"script":"<script> [8489 bytes]","args":[{"element-6066-11e4-a52e-4f735466cecf":"f.73A3896108CAD0F2DAB8766297627504.d.81C4B09FC88B3EAAC9E5D503D74518E3.e.14915","ELEMENT":"f.73A3896108CAD0F2DAB8766297627504.d.81C4B09FC88B3EAAC9E5D503D74518E3.e.14915"}]}
COMMAND: POST /session/cd8dad5b6aa98ad5f0615c697c2d4924/execute/sync - {"script":"<script> [5351 bytes]","args":[{"element-6066-11e4-a52e-4f735466cecf":"f.73A3896108CAD0F2DAB8766297627504.d.81C4B09FC88B3EAAC9E5D503D74518E3.e.14915","ELEMENT":"f.73A3896108CAD0F2DAB8766297627504.d.81C4B09FC88B3EAAC9E5D503D74518E3.e.14915"}]}
COMMAND: GET /session/cd8dad5b6aa98ad5f0615c697c2d4924/screenshot - {}
RESULT: {}
RESULT: {"script":"<script> [5351 bytes]","args":[{"element-6066-11e4-a52e-4f735466cecf":"f.73A3896108CAD0F2DAB8766297627504.d.81C4B09FC88B3EAAC9E5D503D74518E3.e.14915","ELEMENT":"f.73A3896108CAD0F2DAB8766297627504.d.81C4B09FC88B3EAAC9E5D503D74518E3.e.14915"}]}
COMMAND: POST /session/cd8dad5b6aa98ad5f0615c697c2d4924/element/f.73A3896108CAD0F2DAB8766297627504.d.81C4B09FC88B3EAAC9E5D503D74518E3.e.14915/click - {}
COMMAND: GET /session/cd8dad5b6aa98ad5f0615c697c2d4924/screenshot - {}
RESULT: {}
RESULT: {}
COMMAND: GET /session/cd8dad5b6aa98ad5f0615c697c2d4924/screenshot - {}
RESULT: {}
COMMAND: POST /session/cd8dad5b6aa98ad5f0615c697c2d4924/element - {"using":"xpath","value":"//span[contains(@id ,\"AddNewHO--typeSelect-arrow\")]"}
RESULT: {}
RESULT: {"using":"xpath","value":"//span[contains(@id ,\"AddNewHO--typeSelect-arrow\")]"}
COMMAND: POST /session/cd8dad5b6aa98ad5f0615c697c2d4924/element/f.73A3896108CAD0F2DAB8766297627504.d.81C4B09FC88B3EAAC9E5D503D74518E3.e.15279/click - {}
RESULT: {}
COMMAND: GET /session/cd8dad5b6aa98ad5f0615c697c2d4924/screenshot - {}
RESULT: {}
COMMAND: POST /session/cd8dad5b6aa98ad5f0615c697c2d4924/element - {"using":"xpath","value":"(//li[contains(text(), \"stock increase yard\")])[1]"}
RESULT: {"using":"xpath","value":"(//li[contains(text(), \"stock increase yard\")])[1]"}
COMMAND: POST /session/cd8dad5b6aa98ad5f0615c697c2d4924/element/f.73A3896108CAD0F2DAB8766297627504.d.81C4B09FC88B3EAAC9E5D503D74518E3.e.15280/click - {}
RESULT: {}
COMMAND: GET /session/cd8dad5b6aa98ad5f0615c697c2d4924/screenshot - {}
RESULT: {}
COMMAND: POST /session/cd8dad5b6aa98ad5f0615c697c2d4924/execute/async - {"script":"<script> [1562 bytes]","args":[{"selector":{"id":"application-managehandovers-display-component---AddNewHO--dueDate","interaction":{"idSuffix":"inner"}},"wdio_ui5_key":"applicationmanagehandovers-display-component---AddNewHO--dueDate"}]}
RESULT: {"script":"<script> [1562 bytes]","args":[{"selector":{"id":"application-managehandovers-display-component---AddNewHO--dueDate","interaction":{"idSuffix":"inner"}},"wdio_ui5_key":"applicationmanagehandovers-display-component---AddNewHO--dueDate"}]}
RESULT: undefined
COMMAND: POST /session/cd8dad5b6aa98ad5f0615c697c2d4924/execute/async - {"script":"<script> [6424 bytes]","args":[{"element-6066-11e4-a52e-4f735466cecf":"f.73A3896108CAD0F2DAB8766297627504.d.81C4B09FC88B3EAAC9E5D503D74518E3.e.15282"},"setValue",["5/21/25"]]}
RESULT: {"script":"<script> [6424 bytes]","args":[{"element-6066-11e4-a52e-4f735466cecf":"f.73A3896108CAD0F2DAB8766297627504.d.81C4B09FC88B3EAAC9E5D503D74518E3.e.15282"},"setValue",["5/21/25"]]}
COMMAND: POST /session/cd8dad5b6aa98ad5f0615c697c2d4924/element - {"using":"xpath","value":"//input[@id=\"generalSectionFrg--receiveYard-inner\"]"}
RESULT: {"using":"xpath","value":"//input[@id=\"generalSectionFrg--receiveYard-inner\"]"}
COMMAND: POST /session/cd8dad5b6aa98ad5f0615c697c2d4924/element/f.73A3896108CAD0F2DAB8766297627504.d.81C4B09FC88B3EAAC9E5D503D74518E3.e.15286/clear - {}
RESULT: {}
COMMAND: POST /session/cd8dad5b6aa98ad5f0615c697c2d4924/element/f.73A3896108CAD0F2DAB8766297627504.d.81C4B09FC88B3EAAC9E5D503D74518E3.e.15286/value - {"text":"641"}
COMMAND: GET /session/cd8dad5b6aa98ad5f0615c697c2d4924/screenshot - {}
RESULT: {"text":"641"}
COMMAND: GET /session/cd8dad5b6aa98ad5f0615c697c2d4924/screenshot - {}
RESULT: {}
RESULT: {}
COMMAND: POST /session/cd8dad5b6aa98ad5f0615c697c2d4924/element - {"using":"xpath","value":"//li[.//span[text()='641']]"}
RESULT: {"using":"xpath","value":"//li[.//span[text()='641']]"}
COMMAND: POST /session/cd8dad5b6aa98ad5f0615c697c2d4924/element/f.73A3896108CAD0F2DAB8766297627504.d.81C4B09FC88B3EAAC9E5D503D74518E3.e.15302/click - {}
RESULT: {}
COMMAND: GET /session/cd8dad5b6aa98ad5f0615c697c2d4924/screenshot - {}
RESULT: {}
COMMAND: POST /session/cd8dad5b6aa98ad5f0615c697c2d4924/execute/async - {"script":"<script> [1562 bytes]","args":[{"selector":{"id":"application-managehandovers-display-component---AddNewHO--ObjectPageLayout-anchBar-application-managehandovers-display-component---AddNewHO--section4-anchor","interaction":{"idSuffix":"BDI-content"}},"wdio_ui5_key":"applicationmanagehandovers-display-component---AddNewHO--ObjectPageLayout-anchBar-application-managehandovers-display-component---AddNewHO--section4-anchor"}]}
RESULT: {"script":"<script> [1562 bytes]","args":[{"selector":{"id":"application-managehandovers-display-component---AddNewHO--ObjectPageLayout-anchBar-application-managehandovers-display-component---AddNewHO--section4-anchor","interaction":{"idSuffix":"BDI-content"}},"wdio_ui5_key":"applicationmanagehandovers-display-component---AddNewHO--ObjectPageLayout-anchBar-application-managehandovers-display-component---AddNewHO--section4-anchor"}]}
RESULT: undefined
COMMAND: POST /session/cd8dad5b6aa98ad5f0615c697c2d4924/element - {"using":"xpath","value":"//*[@id=\"application-managehandovers-display-component---AddNewHO--ObjectPageLayout-anchBar-application-managehandovers-display-component---AddNewHO--section4-anchor\"]"}
RESULT: {"using":"xpath","value":"//*[@id=\"application-managehandovers-display-component---AddNewHO--ObjectPageLayout-anchBar-application-managehandovers-display-component---AddNewHO--section4-anchor\"]"}
COMMAND: POST /session/cd8dad5b6aa98ad5f0615c697c2d4924/element/f.73A3896108CAD0F2DAB8766297627504.d.81C4B09FC88B3EAAC9E5D503D74518E3.e.15304/click - {}
RESULT: {}
COMMAND: POST /session/cd8dad5b6aa98ad5f0615c697c2d4924/element - {"using":"xpath","value":"//button[@aria-label=\"Add\"]"}
COMMAND: GET /session/cd8dad5b6aa98ad5f0615c697c2d4924/screenshot - {}
RESULT: {"using":"xpath","value":"//button[@aria-label=\"Add\"]"}
COMMAND: POST /session/cd8dad5b6aa98ad5f0615c697c2d4924/element/f.73A3896108CAD0F2DAB8766297627504.d.81C4B09FC88B3EAAC9E5D503D74518E3.e.15306/click - {}
RESULT: {}
RESULT: {}
COMMAND: GET /session/cd8dad5b6aa98ad5f0615c697c2d4924/screenshot - {}
RESULT: {}
COMMAND: POST /session/cd8dad5b6aa98ad5f0615c697c2d4924/execute/async - {"script":"<script> [1562 bytes]","args":[{"selector":{"id":"application-managehandovers-display-component---AddNewHO--smartFilterBar-btnBasicSearch","searchOpenDialogs":true,"interaction":{"idSuffix":"I"}},"wdio_ui5_key":"applicationmanagehandovers-display-component---AddNewHO--smartFilterBar-btnBasicSearch"}]}
RESULT: {"script":"<script> [1562 bytes]","args":[{"selector":{"id":"application-managehandovers-display-component---AddNewHO--smartFilterBar-btnBasicSearch","searchOpenDialogs":true,"interaction":{"idSuffix":"I"}},"wdio_ui5_key":"applicationmanagehandovers-display-component---AddNewHO--smartFilterBar-btnBasicSearch"}]}
RESULT: undefined
COMMAND: POST /session/cd8dad5b6aa98ad5f0615c697c2d4924/execute/async - {"script":"<script> [776 bytes]","args":[{"enterText":"OOYrVpWPdM","selector":{"id":"application-managehandovers-display-component---AddNewHO--smartFilterBar-btnBasicSearch","searchOpenDialogs":true,"interaction":{"idSuffix":"I"}},"clearTextFirst":true,"interactionType":"ENTER_TEXT"}]}
RESULT: {"script":"<script> [776 bytes]","args":[{"enterText":"OOYrVpWPdM","selector":{"id":"application-managehandovers-display-component---AddNewHO--smartFilterBar-btnBasicSearch","searchOpenDialogs":true,"interaction":{"idSuffix":"I"}},"clearTextFirst":true,"interactionType":"ENTER_TEXT"}]}
COMMAND: POST /session/cd8dad5b6aa98ad5f0615c697c2d4924/actions - {"actions":[{"id":"action58","type":"key","parameters":{},"actions":[{"type":"keyDown","value":""},{"type":"pause","duration":10},{"type":"keyUp","value":""}]}]}
RESULT: {"actions":[{"id":"action58","type":"key","parameters":{},"actions":[{"type":"keyDown","value":""},{"type":"pause","duration":10},{"type":"keyUp","value":""}]}]}
COMMAND: GET /session/cd8dad5b6aa98ad5f0615c697c2d4924/screenshot - {}
RESULT: {}
COMMAND: POST /session/cd8dad5b6aa98ad5f0615c697c2d4924/execute/async - {"script":"<script> [1562 bytes]","args":[{"selector":{"id":"application-managehandovers-display-component---AddNewHO--popup-sa","searchOpenDialogs":true,"interaction":{"idSuffix":"CbBg"}},"wdio_ui5_key":"applicationmanagehandovers-display-component---AddNewHO--popup-sa"}]}
RESULT: {"script":"<script> [1562 bytes]","args":[{"selector":{"id":"application-managehandovers-display-component---AddNewHO--popup-sa","searchOpenDialogs":true,"interaction":{"idSuffix":"CbBg"}},"wdio_ui5_key":"applicationmanagehandovers-display-component---AddNewHO--popup-sa"}]}
RESULT: undefined
COMMAND: POST /session/cd8dad5b6aa98ad5f0615c697c2d4924/element - {"using":"xpath","value":"//*[@id=\"application-managehandovers-display-component---AddNewHO--popup-sa\"]"}
RESULT: {"using":"xpath","value":"//*[@id=\"application-managehandovers-display-component---AddNewHO--popup-sa\"]"}
COMMAND: POST /session/cd8dad5b6aa98ad5f0615c697c2d4924/element/f.73A3896108CAD0F2DAB8766297627504.d.81C4B09FC88B3EAAC9E5D503D74518E3.e.15460/click - {}
RESULT: {}
COMMAND: GET /session/cd8dad5b6aa98ad5f0615c697c2d4924/screenshot - {}
RESULT: {}
COMMAND: POST /session/cd8dad5b6aa98ad5f0615c697c2d4924/element - {"using":"xpath","value":"//bdi[contains(text(), \"Select\")]"}
RESULT: {"using":"xpath","value":"//bdi[contains(text(), \"Select\")]"}
COMMAND: POST /session/cd8dad5b6aa98ad5f0615c697c2d4924/element/f.73A3896108CAD0F2DAB8766297627504.d.81C4B09FC88B3EAAC9E5D503D74518E3.e.15461/click - {}
RESULT: {}
COMMAND: GET /session/cd8dad5b6aa98ad5f0615c697c2d4924/screenshot - {}
RESULT: {}
COMMAND: POST /session/cd8dad5b6aa98ad5f0615c697c2d4924/element - {"using":"xpath","value":"//button[@data-kt=\"AddNewHOSaveButton\"]"}
RESULT: {"using":"xpath","value":"//button[@data-kt=\"AddNewHOSaveButton\"]"}
COMMAND: POST /session/cd8dad5b6aa98ad5f0615c697c2d4924/element/f.73A3896108CAD0F2DAB8766297627504.d.81C4B09FC88B3EAAC9E5D503D74518E3.e.15465/click - {}
RESULT: {}
COMMAND: GET /session/cd8dad5b6aa98ad5f0615c697c2d4924/screenshot - {}
RESULT: {}
COMMAND: POST /session/cd8dad5b6aa98ad5f0615c697c2d4924/execute/async - {"script":"<script> [1562 bytes]","args":[{"selector":{"id":"receiptDatePicker","viewName":"etm.portal.ui.managehandovers.view.DetailExecuteHO","interaction":{"idSuffix":"inner"}},"wdio_ui5_key":"receiptDatePickeretmportal.ui.managehandovers.view.DetailExecuteHO"}]}
RESULT: {"script":"<script> [1562 bytes]","args":[{"selector":{"id":"receiptDatePicker","viewName":"etm.portal.ui.managehandovers.view.DetailExecuteHO","interaction":{"idSuffix":"inner"}},"wdio_ui5_key":"receiptDatePickeretmportal.ui.managehandovers.view.DetailExecuteHO"}]}
RESULT: undefined
COMMAND: POST /session/cd8dad5b6aa98ad5f0615c697c2d4924/execute/async - {"script":"<script> [6424 bytes]","args":[{"element-6066-11e4-a52e-4f735466cecf":"f.73A3896108CAD0F2DAB8766297627504.d.81C4B09FC88B3EAAC9E5D503D74518E3.e.15484"},"setValue",["5/21/25"]]}
RESULT: {"script":"<script> [6424 bytes]","args":[{"element-6066-11e4-a52e-4f735466cecf":"f.73A3896108CAD0F2DAB8766297627504.d.81C4B09FC88B3EAAC9E5D503D74518E3.e.15484"},"setValue",["5/21/25"]]}
COMMAND: POST /session/cd8dad5b6aa98ad5f0615c697c2d4924/element - {"using":"xpath","value":"//button[@data-kt=\"PickingTableConfirmAllButton\"]"}
RESULT: {"using":"xpath","value":"//button[@data-kt=\"PickingTableConfirmAllButton\"]"}
COMMAND: POST /session/cd8dad5b6aa98ad5f0615c697c2d4924/element/f.73A3896108CAD0F2DAB8766297627504.d.81C4B09FC88B3EAAC9E5D503D74518E3.e.15499/click - {}
RESULT: {}
COMMAND: GET /session/cd8dad5b6aa98ad5f0615c697c2d4924/screenshot - {}
RESULT: {}
COMMAND: POST /session/cd8dad5b6aa98ad5f0615c697c2d4924/element - {"using":"xpath","value":"//bdi[contains(text(), \"OK\")]"}
RESULT: {"using":"xpath","value":"//bdi[contains(text(), \"OK\")]"}
COMMAND: POST /session/cd8dad5b6aa98ad5f0615c697c2d4924/element/f.73A3896108CAD0F2DAB8766297627504.d.81C4B09FC88B3EAAC9E5D503D74518E3.e.15502/click - {}
RESULT: {}
COMMAND: GET /session/cd8dad5b6aa98ad5f0615c697c2d4924/screenshot - {}
RESULT: {}
COMMAND: POST /session/cd8dad5b6aa98ad5f0615c697c2d4924/element - {"using":"xpath","value":"(//bdi[contains(text(), \"Receive\")])[2]"}
RESULT: {"using":"xpath","value":"(//bdi[contains(text(), \"Receive\")])[2]"}
COMMAND: POST /session/cd8dad5b6aa98ad5f0615c697c2d4924/element/f.73A3896108CAD0F2DAB8766297627504.d.81C4B09FC88B3EAAC9E5D503D74518E3.e.15503/click - {}
RESULT: {}
COMMAND: GET /session/cd8dad5b6aa98ad5f0615c697c2d4924/screenshot - {}
RESULT: {}
COMMAND: POST /session/cd8dad5b6aa98ad5f0615c697c2d4924/element - {"using":"css selector","value":"#shell-header-logo"}
RESULT: {"using":"css selector","value":"#shell-header-logo"}
COMMAND: POST /session/cd8dad5b6aa98ad5f0615c697c2d4924/element/f.73A3896108CAD0F2DAB8766297627504.d.81C4B09FC88B3EAAC9E5D503D74518E3.e.14898/click - {}
RESULT: {}
COMMAND: GET /session/cd8dad5b6aa98ad5f0615c697c2d4924/screenshot - {}
RESULT: {}
]]></system-out>
    </testcase>
    <testcase classname="chrome.136_0_7103_93.windows.Performance_based_billing_(work_days)_US139742" name="Should create a new contract" time="64.711">
      <system-out><![CDATA[
COMMAND: POST /session/cd8dad5b6aa98ad5f0615c697c2d4924/execute/async - {"script":"<script> [1562 bytes]","args":[{"selector":{"controlType":"sap.m.GenericTile","properties":{"header":"Manage Contracts"}},"wdio_ui5_key":"sapm.GenericTile{\"header\":\"Manage Contracts\"}"}]}
RESULT: {"script":"<script> [1562 bytes]","args":[{"selector":{"controlType":"sap.m.GenericTile","properties":{"header":"Manage Contracts"}},"wdio_ui5_key":"sapm.GenericTile{\"header\":\"Manage Contracts\"}"}]}
RESULT: undefined
COMMAND: POST /session/cd8dad5b6aa98ad5f0615c697c2d4924/element - {"using":"xpath","value":"//*[@id=\"__tile130\"]"}
RESULT: {"using":"xpath","value":"//*[@id=\"__tile130\"]"}
COMMAND: POST /session/cd8dad5b6aa98ad5f0615c697c2d4924/element/f.73A3896108CAD0F2DAB8766297627504.d.81C4B09FC88B3EAAC9E5D503D74518E3.e.13271/click - {}
RESULT: {}
COMMAND: GET /session/cd8dad5b6aa98ad5f0615c697c2d4924/screenshot - {}
RESULT: {}
COMMAND: POST /session/cd8dad5b6aa98ad5f0615c697c2d4924/elements - {"using":"xpath","value":"//span[text()='Error']"}
RESULT: {"using":"xpath","value":"//span[text()='Error']"}
COMMAND: POST /session/cd8dad5b6aa98ad5f0615c697c2d4924/element - {"using":"xpath","value":"//button[@data-kt=\"addButton\"]"}
RESULT: {"using":"xpath","value":"//button[@data-kt=\"addButton\"]"}
COMMAND: POST /session/cd8dad5b6aa98ad5f0615c697c2d4924/elements - {"using":"xpath","value":"//button[@data-kt=\"addButton\"]"}
RESULT: {"using":"xpath","value":"//button[@data-kt=\"addButton\"]"}
COMMAND: POST /session/cd8dad5b6aa98ad5f0615c697c2d4924/execute/sync - {"script":"<script> [8489 bytes]","args":[{"element-6066-11e4-a52e-4f735466cecf":"f.73A3896108CAD0F2DAB8766297627504.d.81C4B09FC88B3EAAC9E5D503D74518E3.e.15832","ELEMENT":"f.73A3896108CAD0F2DAB8766297627504.d.81C4B09FC88B3EAAC9E5D503D74518E3.e.15832"}]}
RESULT: {"script":"<script> [8489 bytes]","args":[{"element-6066-11e4-a52e-4f735466cecf":"f.73A3896108CAD0F2DAB8766297627504.d.81C4B09FC88B3EAAC9E5D503D74518E3.e.15832","ELEMENT":"f.73A3896108CAD0F2DAB8766297627504.d.81C4B09FC88B3EAAC9E5D503D74518E3.e.15832"}]}
COMMAND: GET /session/cd8dad5b6aa98ad5f0615c697c2d4924/element/f.73A3896108CAD0F2DAB8766297627504.d.81C4B09FC88B3EAAC9E5D503D74518E3.e.15832/enabled - {}
COMMAND: GET /session/cd8dad5b6aa98ad5f0615c697c2d4924/screenshot - {}
RESULT: {}
COMMAND: POST /session/cd8dad5b6aa98ad5f0615c697c2d4924/execute/sync - {"script":"<script> [8489 bytes]","args":[{"element-6066-11e4-a52e-4f735466cecf":"f.73A3896108CAD0F2DAB8766297627504.d.81C4B09FC88B3EAAC9E5D503D74518E3.e.15832","ELEMENT":"f.73A3896108CAD0F2DAB8766297627504.d.81C4B09FC88B3EAAC9E5D503D74518E3.e.15832"}]}
COMMAND: GET /session/cd8dad5b6aa98ad5f0615c697c2d4924/screenshot - {}
RESULT: {}
RESULT: {"script":"<script> [8489 bytes]","args":[{"element-6066-11e4-a52e-4f735466cecf":"f.73A3896108CAD0F2DAB8766297627504.d.81C4B09FC88B3EAAC9E5D503D74518E3.e.15832","ELEMENT":"f.73A3896108CAD0F2DAB8766297627504.d.81C4B09FC88B3EAAC9E5D503D74518E3.e.15832"}]}
COMMAND: POST /session/cd8dad5b6aa98ad5f0615c697c2d4924/execute/sync - {"script":"<script> [5351 bytes]","args":[{"element-6066-11e4-a52e-4f735466cecf":"f.73A3896108CAD0F2DAB8766297627504.d.81C4B09FC88B3EAAC9E5D503D74518E3.e.15832","ELEMENT":"f.73A3896108CAD0F2DAB8766297627504.d.81C4B09FC88B3EAAC9E5D503D74518E3.e.15832"}]}
COMMAND: GET /session/cd8dad5b6aa98ad5f0615c697c2d4924/screenshot - {}
RESULT: {}
RESULT: {"script":"<script> [5351 bytes]","args":[{"element-6066-11e4-a52e-4f735466cecf":"f.73A3896108CAD0F2DAB8766297627504.d.81C4B09FC88B3EAAC9E5D503D74518E3.e.15832","ELEMENT":"f.73A3896108CAD0F2DAB8766297627504.d.81C4B09FC88B3EAAC9E5D503D74518E3.e.15832"}]}
COMMAND: GET /session/cd8dad5b6aa98ad5f0615c697c2d4924/screenshot - {}
RESULT: {}
RESULT: {}
COMMAND: POST /session/cd8dad5b6aa98ad5f0615c697c2d4924/element/f.73A3896108CAD0F2DAB8766297627504.d.81C4B09FC88B3EAAC9E5D503D74518E3.e.15832/click - {}
RESULT: {}
COMMAND: GET /session/cd8dad5b6aa98ad5f0615c697c2d4924/screenshot - {}
COMMAND: POST /session/cd8dad5b6aa98ad5f0615c697c2d4924/execute/async - {"script":"<script> [1562 bytes]","args":[{"selector":{"id":"application-managecontracts-display-component---AddNewContract--projectDescription","interaction":{"idSuffix":"inner"}},"wdio_ui5_key":"applicationmanagecontracts-display-component---AddNewContract--projectDescription"}]}
RESULT: {}
RESULT: {"script":"<script> [1562 bytes]","args":[{"selector":{"id":"application-managecontracts-display-component---AddNewContract--projectDescription","interaction":{"idSuffix":"inner"}},"wdio_ui5_key":"applicationmanagecontracts-display-component---AddNewContract--projectDescription"}]}
RESULT: undefined
COMMAND: POST /session/cd8dad5b6aa98ad5f0615c697c2d4924/execute/async - {"script":"<script> [776 bytes]","args":[{"enterText":"Performance Contract WDIO","selector":{"id":"application-managecontracts-display-component---AddNewContract--projectDescription","interaction":{"idSuffix":"inner"}},"clearTextFirst":true,"interactionType":"ENTER_TEXT"}]}
RESULT: {"script":"<script> [776 bytes]","args":[{"enterText":"Performance Contract WDIO","selector":{"id":"application-managecontracts-display-component---AddNewContract--projectDescription","interaction":{"idSuffix":"inner"}},"clearTextFirst":true,"interactionType":"ENTER_TEXT"}]}
COMMAND: POST /session/cd8dad5b6aa98ad5f0615c697c2d4924/element - {"using":"xpath","value":"//input[@id=\"application-managecontracts-display-component---AddNewContract--site-inner\"]"}
RESULT: {"using":"xpath","value":"//input[@id=\"application-managecontracts-display-component---AddNewContract--site-inner\"]"}
COMMAND: POST /session/cd8dad5b6aa98ad5f0615c697c2d4924/element/f.73A3896108CAD0F2DAB8766297627504.d.81C4B09FC88B3EAAC9E5D503D74518E3.e.16190/clear - {}
RESULT: {}
COMMAND: POST /session/cd8dad5b6aa98ad5f0615c697c2d4924/element/f.73A3896108CAD0F2DAB8766297627504.d.81C4B09FC88B3EAAC9E5D503D74518E3.e.16190/value - {"text":"2342"}
COMMAND: GET /session/cd8dad5b6aa98ad5f0615c697c2d4924/screenshot - {}
RESULT: {"text":"2342"}
COMMAND: GET /session/cd8dad5b6aa98ad5f0615c697c2d4924/screenshot - {}
RESULT: {}
RESULT: {}
COMMAND: POST /session/cd8dad5b6aa98ad5f0615c697c2d4924/element - {"using":"xpath","value":"//li[.//span[text()='2342']]"}
RESULT: {"using":"xpath","value":"//li[.//span[text()='2342']]"}
COMMAND: POST /session/cd8dad5b6aa98ad5f0615c697c2d4924/element/f.73A3896108CAD0F2DAB8766297627504.d.81C4B09FC88B3EAAC9E5D503D74518E3.e.16220/click - {}
RESULT: {}
COMMAND: GET /session/cd8dad5b6aa98ad5f0615c697c2d4924/screenshot - {}
RESULT: {}
COMMAND: POST /session/cd8dad5b6aa98ad5f0615c697c2d4924/element - {"using":"xpath","value":"//input[@id=\"application-managecontracts-display-component---AddNewContract--yardId-inner\"]"}
RESULT: {"using":"xpath","value":"//input[@id=\"application-managecontracts-display-component---AddNewContract--yardId-inner\"]"}
COMMAND: GET /session/cd8dad5b6aa98ad5f0615c697c2d4924/element/f.73A3896108CAD0F2DAB8766297627504.d.81C4B09FC88B3EAAC9E5D503D74518E3.e.16191/property/value - {}
RESULT: {}
COMMAND: POST /session/cd8dad5b6aa98ad5f0615c697c2d4924/element - {"using":"xpath","value":"//input[@id=\"application-managecontracts-display-component---AddNewContract--customerSelect-inner\"]"}
COMMAND: GET /session/cd8dad5b6aa98ad5f0615c697c2d4924/screenshot - {}
RESULT: {"using":"xpath","value":"//input[@id=\"application-managecontracts-display-component---AddNewContract--customerSelect-inner\"]"}
COMMAND: POST /session/cd8dad5b6aa98ad5f0615c697c2d4924/element/f.73A3896108CAD0F2DAB8766297627504.d.81C4B09FC88B3EAAC9E5D503D74518E3.e.16189/clear - {}
RESULT: {}
RESULT: {}
COMMAND: POST /session/cd8dad5b6aa98ad5f0615c697c2d4924/element/f.73A3896108CAD0F2DAB8766297627504.d.81C4B09FC88B3EAAC9E5D503D74518E3.e.16189/value - {"text":"1407"}
COMMAND: GET /session/cd8dad5b6aa98ad5f0615c697c2d4924/screenshot - {}
RESULT: {"text":"1407"}
COMMAND: GET /session/cd8dad5b6aa98ad5f0615c697c2d4924/screenshot - {}
RESULT: {}
RESULT: {}
COMMAND: POST /session/cd8dad5b6aa98ad5f0615c697c2d4924/element - {"using":"xpath","value":"//li[.//span[text()='1407']]"}
RESULT: {"using":"xpath","value":"//li[.//span[text()='1407']]"}
COMMAND: POST /session/cd8dad5b6aa98ad5f0615c697c2d4924/element/f.73A3896108CAD0F2DAB8766297627504.d.81C4B09FC88B3EAAC9E5D503D74518E3.e.16223/click - {}
RESULT: {}
COMMAND: GET /session/cd8dad5b6aa98ad5f0615c697c2d4924/screenshot - {}
RESULT: {}
COMMAND: POST /session/cd8dad5b6aa98ad5f0615c697c2d4924/element - {"using":"xpath","value":"//button[@data-kt=\"saveButton\"]"}
RESULT: {"using":"xpath","value":"//button[@data-kt=\"saveButton\"]"}
COMMAND: POST /session/cd8dad5b6aa98ad5f0615c697c2d4924/element/f.73A3896108CAD0F2DAB8766297627504.d.81C4B09FC88B3EAAC9E5D503D74518E3.e.16224/click - {}
RESULT: {}
COMMAND: GET /session/cd8dad5b6aa98ad5f0615c697c2d4924/screenshot - {}
RESULT: {}
COMMAND: POST /session/cd8dad5b6aa98ad5f0615c697c2d4924/element - {"using":"xpath","value":"//span[contains(@id ,\"contractDetailTitleNoExpanded\")]"}
RESULT: {"using":"xpath","value":"//span[contains(@id ,\"contractDetailTitleNoExpanded\")]"}
COMMAND: POST /session/cd8dad5b6aa98ad5f0615c697c2d4924/elements - {"using":"xpath","value":"//span[contains(@id ,\"contractDetailTitleNoExpanded\")]"}
RESULT: {"using":"xpath","value":"//span[contains(@id ,\"contractDetailTitleNoExpanded\")]"}
COMMAND: POST /session/cd8dad5b6aa98ad5f0615c697c2d4924/execute/sync - {"script":"<script> [56 bytes]","args":[{"element-6066-11e4-a52e-4f735466cecf":"f.73A3896108CAD0F2DAB8766297627504.d.81C4B09FC88B3EAAC9E5D503D74518E3.e.16293","ELEMENT":"f.73A3896108CAD0F2DAB8766297627504.d.81C4B09FC88B3EAAC9E5D503D74518E3.e.16293"}]}
RESULT: {"script":"<script> [56 bytes]","args":[{"element-6066-11e4-a52e-4f735466cecf":"f.73A3896108CAD0F2DAB8766297627504.d.81C4B09FC88B3EAAC9E5D503D74518E3.e.16293","ELEMENT":"f.73A3896108CAD0F2DAB8766297627504.d.81C4B09FC88B3EAAC9E5D503D74518E3.e.16293"}]}
COMMAND: GET /session/cd8dad5b6aa98ad5f0615c697c2d4924/screenshot - {}
RESULT: {}
]]></system-out>
    </testcase>
    <testcase classname="chrome.136_0_7103_93.windows.Performance_based_billing_(work_days)_US139742" name="Should add equipment to the contract" time="53.258">
      <system-out><![CDATA[
COMMAND: POST /session/cd8dad5b6aa98ad5f0615c697c2d4924/element - {"using":"xpath","value":"//button[@data-kt=\"contractDetailEditBtnButton\"]"}
RESULT: {"using":"xpath","value":"//button[@data-kt=\"contractDetailEditBtnButton\"]"}
COMMAND: POST /session/cd8dad5b6aa98ad5f0615c697c2d4924/element/f.73A3896108CAD0F2DAB8766297627504.d.81C4B09FC88B3EAAC9E5D503D74518E3.e.16296/click - {}
RESULT: {}
COMMAND: GET /session/cd8dad5b6aa98ad5f0615c697c2d4924/screenshot - {}
RESULT: {}
COMMAND: POST /session/cd8dad5b6aa98ad5f0615c697c2d4924/element - {"using":"xpath","value":"(//span[contains(text(), \"Additional Addresses\")])[2]"}
RESULT: {"using":"xpath","value":"(//span[contains(text(), \"Additional Addresses\")])[2]"}
COMMAND: POST /session/cd8dad5b6aa98ad5f0615c697c2d4924/element/f.73A3896108CAD0F2DAB8766297627504.d.81C4B09FC88B3EAAC9E5D503D74518E3.e.16351/click - {}
RESULT: {}
COMMAND: GET /session/cd8dad5b6aa98ad5f0615c697c2d4924/screenshot - {}
RESULT: {}
COMMAND: POST /session/cd8dad5b6aa98ad5f0615c697c2d4924/element - {"using":"xpath","value":"//button[@data-kt=\"btnAddTableRowOverflowToolbarButton\"]"}
RESULT: {"using":"xpath","value":"//button[@data-kt=\"btnAddTableRowOverflowToolbarButton\"]"}
COMMAND: POST /session/cd8dad5b6aa98ad5f0615c697c2d4924/element/f.73A3896108CAD0F2DAB8766297627504.d.81C4B09FC88B3EAAC9E5D503D74518E3.e.16354/click - {}
RESULT: {}
COMMAND: GET /session/cd8dad5b6aa98ad5f0615c697c2d4924/screenshot - {}
RESULT: {}
COMMAND: POST /session/cd8dad5b6aa98ad5f0615c697c2d4924/element - {"using":"xpath","value":"//div[(text() = 'Standard Entry' or . = 'Standard Entry')]"}
RESULT: {"using":"xpath","value":"//div[(text() = 'Standard Entry' or . = 'Standard Entry')]"}
COMMAND: POST /session/cd8dad5b6aa98ad5f0615c697c2d4924/element/f.73A3896108CAD0F2DAB8766297627504.d.81C4B09FC88B3EAAC9E5D503D74518E3.e.16355/click - {}
RESULT: {}
COMMAND: GET /session/cd8dad5b6aa98ad5f0615c697c2d4924/screenshot - {}
RESULT: {}
COMMAND: POST /session/cd8dad5b6aa98ad5f0615c697c2d4924/element - {"using":"xpath","value":"//td[7]/div/div/input"}
RESULT: {"using":"xpath","value":"//td[7]/div/div/input"}
COMMAND: POST /session/cd8dad5b6aa98ad5f0615c697c2d4924/element/f.73A3896108CAD0F2DAB8766297627504.d.81C4B09FC88B3EAAC9E5D503D74518E3.e.16364/clear - {}
RESULT: {}
COMMAND: POST /session/cd8dad5b6aa98ad5f0615c697c2d4924/element/f.73A3896108CAD0F2DAB8766297627504.d.81C4B09FC88B3EAAC9E5D503D74518E3.e.16364/value - {"text":"OOYrVpWPdM"}
COMMAND: GET /session/cd8dad5b6aa98ad5f0615c697c2d4924/screenshot - {}
RESULT: {"text":"OOYrVpWPdM"}
COMMAND: GET /session/cd8dad5b6aa98ad5f0615c697c2d4924/screenshot - {}
RESULT: {}
RESULT: {}
COMMAND: POST /session/cd8dad5b6aa98ad5f0615c697c2d4924/actions - {"actions":[{"id":"action59","type":"key","parameters":{},"actions":[{"type":"keyDown","value":""},{"type":"pause","duration":10},{"type":"keyUp","value":""}]}]}
RESULT: {"actions":[{"id":"action59","type":"key","parameters":{},"actions":[{"type":"keyDown","value":""},{"type":"pause","duration":10},{"type":"keyUp","value":""}]}]}
COMMAND: GET /session/cd8dad5b6aa98ad5f0615c697c2d4924/screenshot - {}
RESULT: {}
COMMAND: POST /session/cd8dad5b6aa98ad5f0615c697c2d4924/execute/sync - {"script":"<script> [276 bytes]","args":["No pricing information was found"]}
RESULT: {"script":"<script> [276 bytes]","args":["No pricing information was found"]}
COMMAND: POST /session/cd8dad5b6aa98ad5f0615c697c2d4924/element - {"using":"xpath","value":"(//button[@data-kt=\"saveButton\"])[2]"}
COMMAND: GET /session/cd8dad5b6aa98ad5f0615c697c2d4924/screenshot - {}
RESULT: {"using":"xpath","value":"(//button[@data-kt=\"saveButton\"])[2]"}
COMMAND: POST /session/cd8dad5b6aa98ad5f0615c697c2d4924/element/f.73A3896108CAD0F2DAB8766297627504.d.81C4B09FC88B3EAAC9E5D503D74518E3.e.16379/click - {}
RESULT: {}
RESULT: {}
COMMAND: GET /session/cd8dad5b6aa98ad5f0615c697c2d4924/screenshot - {}
RESULT: {}
COMMAND: POST /session/cd8dad5b6aa98ad5f0615c697c2d4924/execute/sync - {"script":"<script> [276 bytes]","args":["Some contract items are having rental validity exceeding header rental validity"]}
RESULT: {"script":"<script> [276 bytes]","args":["Some contract items are having rental validity exceeding header rental validity"]}
COMMAND: GET /session/cd8dad5b6aa98ad5f0615c697c2d4924/screenshot - {}
RESULT: {}
COMMAND: POST /session/cd8dad5b6aa98ad5f0615c697c2d4924/element - {"using":"xpath","value":"//span[contains(@id ,\"contractItemsSmartTable-header-inner\")]"}
RESULT: {"using":"xpath","value":"//span[contains(@id ,\"contractItemsSmartTable-header-inner\")]"}
COMMAND: POST /session/cd8dad5b6aa98ad5f0615c697c2d4924/elements - {"using":"xpath","value":"//span[contains(@id ,\"contractItemsSmartTable-header-inner\")]"}
RESULT: {"using":"xpath","value":"//span[contains(@id ,\"contractItemsSmartTable-header-inner\")]"}
COMMAND: POST /session/cd8dad5b6aa98ad5f0615c697c2d4924/execute/sync - {"script":"<script> [56 bytes]","args":[{"element-6066-11e4-a52e-4f735466cecf":"f.73A3896108CAD0F2DAB8766297627504.d.81C4B09FC88B3EAAC9E5D503D74518E3.e.16385","ELEMENT":"f.73A3896108CAD0F2DAB8766297627504.d.81C4B09FC88B3EAAC9E5D503D74518E3.e.16385"}]}
RESULT: {"script":"<script> [56 bytes]","args":[{"element-6066-11e4-a52e-4f735466cecf":"f.73A3896108CAD0F2DAB8766297627504.d.81C4B09FC88B3EAAC9E5D503D74518E3.e.16385","ELEMENT":"f.73A3896108CAD0F2DAB8766297627504.d.81C4B09FC88B3EAAC9E5D503D74518E3.e.16385"}]}
]]></system-out>
    </testcase>
    <testcase classname="chrome.136_0_7103_93.windows.Performance_based_billing_(work_days)_US139742" name="Should do a provide to site handover" time="68.005">
      <system-out><![CDATA[
COMMAND: POST /session/cd8dad5b6aa98ad5f0615c697c2d4924/element - {"using":"xpath","value":"//button[@data-kt=\"provideButton\"]"}
COMMAND: GET /session/cd8dad5b6aa98ad5f0615c697c2d4924/screenshot - {}
RESULT: {"using":"xpath","value":"//button[@data-kt=\"provideButton\"]"}
COMMAND: POST /session/cd8dad5b6aa98ad5f0615c697c2d4924/element/f.73A3896108CAD0F2DAB8766297627504.d.81C4B09FC88B3EAAC9E5D503D74518E3.e.16386/click - {}
RESULT: {}
RESULT: {}
COMMAND: GET /session/cd8dad5b6aa98ad5f0615c697c2d4924/screenshot - {}
RESULT: {}
RESULT: undefined
COMMAND: POST /session/cd8dad5b6aa98ad5f0615c697c2d4924/execute/async - {"script":"<script> [6424 bytes]","args":[{"element-6066-11e4-a52e-4f735466cecf":"f.73A3896108CAD0F2DAB8766297627504.d.81C4B09FC88B3EAAC9E5D503D74518E3.e.15282"},"setValue",["5/21/25"]]}
COMMAND: POST /session/cd8dad5b6aa98ad5f0615c697c2d4924/execute/async - {"script":"<script> [1562 bytes]","args":[{"selector":{"id":"application-managehandovers-display-component---AddNewHO--dueDate","interaction":{"idSuffix":"inner"}},"wdio_ui5_key":"applicationmanagehandovers-display-component---AddNewHO--dueDate"}]}
RESULT: {"script":"<script> [1562 bytes]","args":[{"selector":{"id":"application-managehandovers-display-component---AddNewHO--dueDate","interaction":{"idSuffix":"inner"}},"wdio_ui5_key":"applicationmanagehandovers-display-component---AddNewHO--dueDate"}]}
COMMAND: POST /session/cd8dad5b6aa98ad5f0615c697c2d4924/execute/async - {"script":"<script> [6424 bytes]","args":[{"element-6066-11e4-a52e-4f735466cecf":"f.73A3896108CAD0F2DAB8766297627504.d.81C4B09FC88B3EAAC9E5D503D74518E3.e.16462"},"setValue",["5/21/25"]]}
RESULT: {"script":"<script> [6424 bytes]","args":[{"element-6066-11e4-a52e-4f735466cecf":"f.73A3896108CAD0F2DAB8766297627504.d.81C4B09FC88B3EAAC9E5D503D74518E3.e.16462"},"setValue",["5/21/25"]]}
COMMAND: POST /session/cd8dad5b6aa98ad5f0615c697c2d4924/element - {"using":"xpath","value":"//bdi[contains(text(), \"Instructions\")]"}
RESULT: {"using":"xpath","value":"//bdi[contains(text(), \"Instructions\")]"}
COMMAND: POST /session/cd8dad5b6aa98ad5f0615c697c2d4924/element/f.73A3896108CAD0F2DAB8766297627504.d.81C4B09FC88B3EAAC9E5D503D74518E3.e.16554/click - {}
RESULT: {}
COMMAND: GET /session/cd8dad5b6aa98ad5f0615c697c2d4924/screenshot - {}
RESULT: {}
COMMAND: POST /session/cd8dad5b6aa98ad5f0615c697c2d4924/element - {"using":"xpath","value":"//button[@data-kt=\"AddNewHOProvideAddItemsButton\"]"}
RESULT: {"using":"xpath","value":"//button[@data-kt=\"AddNewHOProvideAddItemsButton\"]"}
COMMAND: POST /session/cd8dad5b6aa98ad5f0615c697c2d4924/element/f.73A3896108CAD0F2DAB8766297627504.d.81C4B09FC88B3EAAC9E5D503D74518E3.e.16558/click - {}
RESULT: {}
COMMAND: GET /session/cd8dad5b6aa98ad5f0615c697c2d4924/screenshot - {}
RESULT: {}
RESULT: undefined
COMMAND: POST /session/cd8dad5b6aa98ad5f0615c697c2d4924/element - {"using":"xpath","value":"//*[@id=\"application-managehandovers-display-component---AddNewHO--popup-sa\"]"}
RESULT: {"using":"xpath","value":"//*[@id=\"application-managehandovers-display-component---AddNewHO--popup-sa\"]"}
COMMAND: POST /session/cd8dad5b6aa98ad5f0615c697c2d4924/element/f.73A3896108CAD0F2DAB8766297627504.d.81C4B09FC88B3EAAC9E5D503D74518E3.e.16567/click - {}
RESULT: {}
COMMAND: GET /session/cd8dad5b6aa98ad5f0615c697c2d4924/screenshot - {}
RESULT: {}
COMMAND: POST /session/cd8dad5b6aa98ad5f0615c697c2d4924/element - {"using":"xpath","value":"//*[contains(@id ,\"BDI-content\")][contains(text(), \"Select\")]"}
RESULT: {"using":"xpath","value":"//*[contains(@id ,\"BDI-content\")][contains(text(), \"Select\")]"}
COMMAND: POST /session/cd8dad5b6aa98ad5f0615c697c2d4924/element/f.73A3896108CAD0F2DAB8766297627504.d.81C4B09FC88B3EAAC9E5D503D74518E3.e.16569/click - {}
RESULT: {}
COMMAND: GET /session/cd8dad5b6aa98ad5f0615c697c2d4924/screenshot - {}
RESULT: {}
COMMAND: POST /session/cd8dad5b6aa98ad5f0615c697c2d4924/execute/async - {"script":"<script> [1562 bytes]","args":[{"selector":{"id":"application-managehandovers-display-component---AddNewHO--confirmCreationButton","interaction":{"idSuffix":"BDI-content"}},"wdio_ui5_key":"applicationmanagehandovers-display-component---AddNewHO--confirmCreationButton"}]}
RESULT: {"script":"<script> [1562 bytes]","args":[{"selector":{"id":"application-managehandovers-display-component---AddNewHO--confirmCreationButton","interaction":{"idSuffix":"BDI-content"}},"wdio_ui5_key":"applicationmanagehandovers-display-component---AddNewHO--confirmCreationButton"}]}
RESULT: undefined
COMMAND: POST /session/cd8dad5b6aa98ad5f0615c697c2d4924/element - {"using":"xpath","value":"//*[@id=\"application-managehandovers-display-component---AddNewHO--confirmCreationButton\"]"}
RESULT: {"using":"xpath","value":"//*[@id=\"application-managehandovers-display-component---AddNewHO--confirmCreationButton\"]"}
COMMAND: POST /session/cd8dad5b6aa98ad5f0615c697c2d4924/element/f.73A3896108CAD0F2DAB8766297627504.d.81C4B09FC88B3EAAC9E5D503D74518E3.e.16513/click - {}
RESULT: {}
COMMAND: GET /session/cd8dad5b6aa98ad5f0615c697c2d4924/screenshot - {}
COMMAND: POST /session/cd8dad5b6aa98ad5f0615c697c2d4924/execute/async - {"script":"<script> [1562 bytes]","args":[{"selector":{"id":"issueDatePicker","viewName":"etm.portal.ui.managehandovers.view.DetailExecuteHO","interaction":{"idSuffix":"inner"}},"wdio_ui5_key":"issueDatePickeretmportal.ui.managehandovers.view.DetailExecuteHO"}]}
RESULT: {}
RESULT: {"script":"<script> [1562 bytes]","args":[{"selector":{"id":"issueDatePicker","viewName":"etm.portal.ui.managehandovers.view.DetailExecuteHO","interaction":{"idSuffix":"inner"}},"wdio_ui5_key":"issueDatePickeretmportal.ui.managehandovers.view.DetailExecuteHO"}]}
RESULT: undefined
COMMAND: POST /session/cd8dad5b6aa98ad5f0615c697c2d4924/execute/async - {"script":"<script> [776 bytes]","args":[{"enterText":"5/21/25","selector":{"id":"issueDatePicker","viewName":"etm.portal.ui.managehandovers.view.DetailExecuteHO","interaction":{"idSuffix":"inner"}},"clearTextFirst":true,"interactionType":"ENTER_TEXT"}]}
RESULT: {"script":"<script> [776 bytes]","args":[{"enterText":"5/21/25","selector":{"id":"issueDatePicker","viewName":"etm.portal.ui.managehandovers.view.DetailExecuteHO","interaction":{"idSuffix":"inner"}},"clearTextFirst":true,"interactionType":"ENTER_TEXT"}]}
COMMAND: POST /session/cd8dad5b6aa98ad5f0615c697c2d4924/element - {"using":"xpath","value":"//bdi[contains(text(), \"OK\")]"}
RESULT: {"using":"xpath","value":"//bdi[contains(text(), \"OK\")]"}
COMMAND: POST /session/cd8dad5b6aa98ad5f0615c697c2d4924/element/f.73A3896108CAD0F2DAB8766297627504.d.81C4B09FC88B3EAAC9E5D503D74518E3.e.16616/click - {}
RESULT: {}
COMMAND: GET /session/cd8dad5b6aa98ad5f0615c697c2d4924/screenshot - {}
RESULT: {}
COMMAND: POST /session/cd8dad5b6aa98ad5f0615c697c2d4924/element - {"using":"xpath","value":"//button[@data-kt=\"PickingTableConfirmAllButton\"]"}
RESULT: {"using":"xpath","value":"//button[@data-kt=\"PickingTableConfirmAllButton\"]"}
COMMAND: POST /session/cd8dad5b6aa98ad5f0615c697c2d4924/element/f.73A3896108CAD0F2DAB8766297627504.d.81C4B09FC88B3EAAC9E5D503D74518E3.e.16623/click - {}
RESULT: {}
COMMAND: GET /session/cd8dad5b6aa98ad5f0615c697c2d4924/screenshot - {}
RESULT: {}
COMMAND: POST /session/cd8dad5b6aa98ad5f0615c697c2d4924/element - {"using":"xpath","value":"//bdi[contains(text(), \"OK\")]"}
RESULT: {"using":"xpath","value":"//bdi[contains(text(), \"OK\")]"}
COMMAND: POST /session/cd8dad5b6aa98ad5f0615c697c2d4924/element/f.73A3896108CAD0F2DAB8766297627504.d.81C4B09FC88B3EAAC9E5D503D74518E3.e.16626/click - {}
RESULT: {}
COMMAND: GET /session/cd8dad5b6aa98ad5f0615c697c2d4924/screenshot - {}
RESULT: {}
COMMAND: POST /session/cd8dad5b6aa98ad5f0615c697c2d4924/element - {"using":"xpath","value":"//bdi[contains(text(), \"Issue\")]"}
RESULT: {"using":"xpath","value":"//bdi[contains(text(), \"Issue\")]"}
COMMAND: POST /session/cd8dad5b6aa98ad5f0615c697c2d4924/element/f.73A3896108CAD0F2DAB8766297627504.d.81C4B09FC88B3EAAC9E5D503D74518E3.e.16628/click - {}
RESULT: {}
COMMAND: GET /session/cd8dad5b6aa98ad5f0615c697c2d4924/screenshot - {}
RESULT: {}
COMMAND: POST /session/cd8dad5b6aa98ad5f0615c697c2d4924/element - {"using":"css selector","value":"#shell-header-logo"}
RESULT: {"using":"css selector","value":"#shell-header-logo"}
COMMAND: POST /session/cd8dad5b6aa98ad5f0615c697c2d4924/element/f.73A3896108CAD0F2DAB8766297627504.d.81C4B09FC88B3EAAC9E5D503D74518E3.e.15786/click - {}
RESULT: {}
COMMAND: GET /session/cd8dad5b6aa98ad5f0615c697c2d4924/screenshot - {}
RESULT: {}
]]></system-out>
    </testcase>
    <testcase classname="chrome.136_0_7103_93.windows.Performance_based_billing_(work_days)_US139742" name="Should create a few performance documents" time="100.147">
      <system-out><![CDATA[
COMMAND: POST /session/cd8dad5b6aa98ad5f0615c697c2d4924/execute/async - {"script":"<script> [1562 bytes]","args":[{"selector":{"controlType":"sap.m.GenericTile","properties":{"header":"Manage States & Performance"}},"wdio_ui5_key":"sapm.GenericTile{\"header\":\"Manage States & Performance\"}"}]}
RESULT: {"script":"<script> [1562 bytes]","args":[{"selector":{"controlType":"sap.m.GenericTile","properties":{"header":"Manage States & Performance"}},"wdio_ui5_key":"sapm.GenericTile{\"header\":\"Manage States & Performance\"}"}]}
RESULT: undefined
COMMAND: POST /session/cd8dad5b6aa98ad5f0615c697c2d4924/element - {"using":"xpath","value":"//*[@id=\"__tile56\"]"}
RESULT: {"using":"xpath","value":"//*[@id=\"__tile56\"]"}
COMMAND: POST /session/cd8dad5b6aa98ad5f0615c697c2d4924/element/f.73A3896108CAD0F2DAB8766297627504.d.81C4B09FC88B3EAAC9E5D503D74518E3.e.13359/click - {}
RESULT: {}
COMMAND: GET /session/cd8dad5b6aa98ad5f0615c697c2d4924/screenshot - {}
RESULT: {}
COMMAND: POST /session/cd8dad5b6aa98ad5f0615c697c2d4924/elements - {"using":"xpath","value":"//span[text()='Error']"}
RESULT: {"using":"xpath","value":"//span[text()='Error']"}
COMMAND: POST /session/cd8dad5b6aa98ad5f0615c697c2d4924/element - {"using":"xpath","value":"//div[@id=\"application-managestatesandperformance-display-component---stateAndPerform--smartFilterBarResources-btnBasicSearch\"]"}
RESULT: {"using":"xpath","value":"//div[@id=\"application-managestatesandperformance-display-component---stateAndPerform--smartFilterBarResources-btnBasicSearch\"]"}
COMMAND: POST /session/cd8dad5b6aa98ad5f0615c697c2d4924/elements - {"using":"xpath","value":"//div[@id=\"application-managestatesandperformance-display-component---stateAndPerform--smartFilterBarResources-btnBasicSearch\"]"}
RESULT: {"using":"xpath","value":"//div[@id=\"application-managestatesandperformance-display-component---stateAndPerform--smartFilterBarResources-btnBasicSearch\"]"}
COMMAND: POST /session/cd8dad5b6aa98ad5f0615c697c2d4924/execute/sync - {"script":"<script> [8489 bytes]","args":[{"element-6066-11e4-a52e-4f735466cecf":"f.73A3896108CAD0F2DAB8766297627504.d.81C4B09FC88B3EAAC9E5D503D74518E3.e.16891","ELEMENT":"f.73A3896108CAD0F2DAB8766297627504.d.81C4B09FC88B3EAAC9E5D503D74518E3.e.16891"}]}
RESULT: {"script":"<script> [8489 bytes]","args":[{"element-6066-11e4-a52e-4f735466cecf":"f.73A3896108CAD0F2DAB8766297627504.d.81C4B09FC88B3EAAC9E5D503D74518E3.e.16891","ELEMENT":"f.73A3896108CAD0F2DAB8766297627504.d.81C4B09FC88B3EAAC9E5D503D74518E3.e.16891"}]}
COMMAND: GET /session/cd8dad5b6aa98ad5f0615c697c2d4924/element/f.73A3896108CAD0F2DAB8766297627504.d.81C4B09FC88B3EAAC9E5D503D74518E3.e.16891/enabled - {}
COMMAND: GET /session/cd8dad5b6aa98ad5f0615c697c2d4924/screenshot - {}
RESULT: {}
COMMAND: POST /session/cd8dad5b6aa98ad5f0615c697c2d4924/execute/sync - {"script":"<script> [8489 bytes]","args":[{"element-6066-11e4-a52e-4f735466cecf":"f.73A3896108CAD0F2DAB8766297627504.d.81C4B09FC88B3EAAC9E5D503D74518E3.e.16891","ELEMENT":"f.73A3896108CAD0F2DAB8766297627504.d.81C4B09FC88B3EAAC9E5D503D74518E3.e.16891"}]}
COMMAND: GET /session/cd8dad5b6aa98ad5f0615c697c2d4924/screenshot - {}
RESULT: {}
RESULT: {"script":"<script> [8489 bytes]","args":[{"element-6066-11e4-a52e-4f735466cecf":"f.73A3896108CAD0F2DAB8766297627504.d.81C4B09FC88B3EAAC9E5D503D74518E3.e.16891","ELEMENT":"f.73A3896108CAD0F2DAB8766297627504.d.81C4B09FC88B3EAAC9E5D503D74518E3.e.16891"}]}
COMMAND: POST /session/cd8dad5b6aa98ad5f0615c697c2d4924/execute/sync - {"script":"<script> [5351 bytes]","args":[{"element-6066-11e4-a52e-4f735466cecf":"f.73A3896108CAD0F2DAB8766297627504.d.81C4B09FC88B3EAAC9E5D503D74518E3.e.16891","ELEMENT":"f.73A3896108CAD0F2DAB8766297627504.d.81C4B09FC88B3EAAC9E5D503D74518E3.e.16891"}]}
COMMAND: GET /session/cd8dad5b6aa98ad5f0615c697c2d4924/screenshot - {}
RESULT: {}
RESULT: {"script":"<script> [5351 bytes]","args":[{"element-6066-11e4-a52e-4f735466cecf":"f.73A3896108CAD0F2DAB8766297627504.d.81C4B09FC88B3EAAC9E5D503D74518E3.e.16891","ELEMENT":"f.73A3896108CAD0F2DAB8766297627504.d.81C4B09FC88B3EAAC9E5D503D74518E3.e.16891"}]}
COMMAND: POST /session/cd8dad5b6aa98ad5f0615c697c2d4924/execute/async - {"script":"<script> [1562 bytes]","args":[{"selector":{"id":"application-managestatesandperformance-display-component---stateAndPerform--smartFilterBarResources-btnBasicSearch","interaction":{"idSuffix":"I"}},"wdio_ui5_key":"applicationmanagestatesandperformance-display-component---stateAndPerform--smartFilterBarResources-btnBasicSearch"}]}
COMMAND: GET /session/cd8dad5b6aa98ad5f0615c697c2d4924/screenshot - {}
RESULT: {}
RESULT: {"script":"<script> [1562 bytes]","args":[{"selector":{"id":"application-managestatesandperformance-display-component---stateAndPerform--smartFilterBarResources-btnBasicSearch","interaction":{"idSuffix":"I"}},"wdio_ui5_key":"applicationmanagestatesandperformance-display-component---stateAndPerform--smartFilterBarResources-btnBasicSearch"}]}
RESULT: undefined
COMMAND: POST /session/cd8dad5b6aa98ad5f0615c697c2d4924/execute/async - {"script":"<script> [776 bytes]","args":[{"enterText":"OOYrVpWPdM","selector":{"id":"application-managestatesandperformance-display-component---stateAndPerform--smartFilterBarResources-btnBasicSearch","interaction":{"idSuffix":"I"}},"clearTextFirst":true,"interactionType":"ENTER_TEXT"}]}
RESULT: {}
RESULT: {"script":"<script> [776 bytes]","args":[{"enterText":"OOYrVpWPdM","selector":{"id":"application-managestatesandperformance-display-component---stateAndPerform--smartFilterBarResources-btnBasicSearch","interaction":{"idSuffix":"I"}},"clearTextFirst":true,"interactionType":"ENTER_TEXT"}]}
COMMAND: POST /session/cd8dad5b6aa98ad5f0615c697c2d4924/actions - {"actions":[{"id":"action60","type":"key","parameters":{},"actions":[{"type":"keyDown","value":""},{"type":"pause","duration":10},{"type":"keyUp","value":""}]}]}
RESULT: {"actions":[{"id":"action60","type":"key","parameters":{},"actions":[{"type":"keyDown","value":""},{"type":"pause","duration":10},{"type":"keyUp","value":""}]}]}
COMMAND: GET /session/cd8dad5b6aa98ad5f0615c697c2d4924/screenshot - {}
RESULT: {}
COMMAND: POST /session/cd8dad5b6aa98ad5f0615c697c2d4924/execute/async - {"script":"<script> [1562 bytes]","args":[{"selector":{"id":"application-managestatesandperformance-display-component---stateAndPerform--stateAndPerformResourcesSmartTable-header"},"wdio_ui5_key":"applicationmanagestatesandperformance-display-component---stateAndPerform--stateAndPerformResourcesSmartTable-header"}]}
RESULT: {"script":"<script> [1562 bytes]","args":[{"selector":{"id":"application-managestatesandperformance-display-component---stateAndPerform--stateAndPerformResourcesSmartTable-header"},"wdio_ui5_key":"applicationmanagestatesandperformance-display-component---stateAndPerform--stateAndPerformResourcesSmartTable-header"}]}
RESULT: undefined
COMMAND: POST /session/cd8dad5b6aa98ad5f0615c697c2d4924/execute/async - {"script":"<script> [6424 bytes]","args":[{"element-6066-11e4-a52e-4f735466cecf":"f.73A3896108CAD0F2DAB8766297627504.d.81C4B09FC88B3EAAC9E5D503D74518E3.e.16929"},"getText",[]]}
RESULT: {"script":"<script> [6424 bytes]","args":[{"element-6066-11e4-a52e-4f735466cecf":"f.73A3896108CAD0F2DAB8766297627504.d.81C4B09FC88B3EAAC9E5D503D74518E3.e.16929"},"getText",[]]}
COMMAND: POST /session/cd8dad5b6aa98ad5f0615c697c2d4924/execute/async - {"script":"<script> [1562 bytes]","args":[{"selector":{"controlType":"sap.ui.core.Icon","viewName":"etm.portal.ui.managestatesandperformance.view.Master","viewId":"application-managestatesandperformance-display-component---stateAndPerform","properties":{"src":{"regex":{"source":"slim\\-arrow\\-right"}}}},"wdio_ui5_key":"etmportal.ui.managestatesandperformance.view.Mastersap.ui.core.Icon{\"src\":{\"regex\":{\"source\":\"slim\\\\-arrow\\\\-right\"}}}"}]}
RESULT: {"script":"<script> [1562 bytes]","args":[{"selector":{"controlType":"sap.ui.core.Icon","viewName":"etm.portal.ui.managestatesandperformance.view.Master","viewId":"application-managestatesandperformance-display-component---stateAndPerform","properties":{"src":{"regex":{"source":"slim\\-arrow\\-right"}}}},"wdio_ui5_key":"etmportal.ui.managestatesandperformance.view.Mastersap.ui.core.Icon{\"src\":{\"regex\":{\"source\":\"slim\\\\-arrow\\\\-right\"}}}"}]}
RESULT: undefined
COMMAND: POST /session/cd8dad5b6aa98ad5f0615c697c2d4924/element - {"using":"xpath","value":"//*[@id=\"__item2730-__clone5181-imgNav\"]"}
RESULT: {"using":"xpath","value":"//*[@id=\"__item2730-__clone5181-imgNav\"]"}
COMMAND: POST /session/cd8dad5b6aa98ad5f0615c697c2d4924/element/f.73A3896108CAD0F2DAB8766297627504.d.81C4B09FC88B3EAAC9E5D503D74518E3.e.16928/click - {}
RESULT: {}
COMMAND: GET /session/cd8dad5b6aa98ad5f0615c697c2d4924/screenshot - {}
RESULT: {}
COMMAND: POST /session/cd8dad5b6aa98ad5f0615c697c2d4924/execute/async - {"script":"<script> [1562 bytes]","args":[{"selector":{"controlType":"sap.m.Button","viewName":"etm.portal.ui.managestatesandperformance.view.Detail","viewId":"application-managestatesandperformance-display-component---detailStateAndPerform","properties":{"text":"Performance Documents"}},"wdio_ui5_key":"etmportal.ui.managestatesandperformance.view.Detailsap.m.Button{\"text\":\"Performance Documents\"}"}]}
RESULT: {"script":"<script> [1562 bytes]","args":[{"selector":{"controlType":"sap.m.Button","viewName":"etm.portal.ui.managestatesandperformance.view.Detail","viewId":"application-managestatesandperformance-display-component---detailStateAndPerform","properties":{"text":"Performance Documents"}},"wdio_ui5_key":"etmportal.ui.managestatesandperformance.view.Detailsap.m.Button{\"text\":\"Performance Documents\"}"}]}
RESULT: undefined
COMMAND: POST /session/cd8dad5b6aa98ad5f0615c697c2d4924/element - {"using":"xpath","value":"//*[@id=\"__item2753-button\"]"}
RESULT: {"using":"xpath","value":"//*[@id=\"__item2753-button\"]"}
COMMAND: POST /session/cd8dad5b6aa98ad5f0615c697c2d4924/element/f.73A3896108CAD0F2DAB8766297627504.d.81C4B09FC88B3EAAC9E5D503D74518E3.e.16976/click - {}
RESULT: {}
COMMAND: POST /session/cd8dad5b6aa98ad5f0615c697c2d4924/execute/async - {"script":"<script> [1562 bytes]","args":[{"selector":{"controlType":"sap.m.Button","viewName":"etm.portal.ui.managestatesandperformance.view.Detail","viewId":"application-managestatesandperformance-display-component---detailStateAndPerform","i18NText":{"propertyName":"text","key":"createPerformanceDoc"},"interaction":{"idSuffix":"BDI-content"}},"wdio_ui5_key":"etmportal.ui.managestatesandperformance.view.Detailsap.m.Button{\"propertyName\":\"text\",\"key\":\"createPerformanceDoc\"}"}]}
COMMAND: GET /session/cd8dad5b6aa98ad5f0615c697c2d4924/screenshot - {}
RESULT: {"script":"<script> [1562 bytes]","args":[{"selector":{"controlType":"sap.m.Button","viewName":"etm.portal.ui.managestatesandperformance.view.Detail","viewId":"application-managestatesandperformance-display-component---detailStateAndPerform","i18NText":{"propertyName":"text","key":"createPerformanceDoc"},"interaction":{"idSuffix":"BDI-content"}},"wdio_ui5_key":"etmportal.ui.managestatesandperformance.view.Detailsap.m.Button{\"propertyName\":\"text\",\"key\":\"createPerformanceDoc\"}"}]}
RESULT: undefined
COMMAND: POST /session/cd8dad5b6aa98ad5f0615c697c2d4924/element - {"using":"xpath","value":"//*[@id=\"__button349\"]"}
RESULT: {}
RESULT: {"using":"xpath","value":"//*[@id=\"__button349\"]"}
COMMAND: POST /session/cd8dad5b6aa98ad5f0615c697c2d4924/element/f.73A3896108CAD0F2DAB8766297627504.d.81C4B09FC88B3EAAC9E5D503D74518E3.e.16979/click - {}
RESULT: {}
COMMAND: POST /session/cd8dad5b6aa98ad5f0615c697c2d4924/execute/async - {"script":"<script> [1562 bytes]","args":[{"selector":{"id":"application-managestatesandperformance-display-component---detailStateAndPerform--perfDocDatePicker","searchOpenDialogs":true,"interaction":{"idSuffix":"inner"}},"wdio_ui5_key":"applicationmanagestatesandperformance-display-component---detailStateAndPerform--perfDocDatePicker"}]}
COMMAND: GET /session/cd8dad5b6aa98ad5f0615c697c2d4924/screenshot - {}
RESULT: {}
RESULT: {"script":"<script> [1562 bytes]","args":[{"selector":{"id":"application-managestatesandperformance-display-component---detailStateAndPerform--perfDocDatePicker","searchOpenDialogs":true,"interaction":{"idSuffix":"inner"}},"wdio_ui5_key":"applicationmanagestatesandperformance-display-component---detailStateAndPerform--perfDocDatePicker"}]}
RESULT: undefined
COMMAND: POST /session/cd8dad5b6aa98ad5f0615c697c2d4924/execute/async - {"script":"<script> [776 bytes]","args":[{"enterText":"5/23/25","selector":{"id":"application-managestatesandperformance-display-component---detailStateAndPerform--perfDocDatePicker","searchOpenDialogs":true,"interaction":{"idSuffix":"inner"}},"clearTextFirst":true,"interactionType":"ENTER_TEXT"}]}
RESULT: {"script":"<script> [776 bytes]","args":[{"enterText":"5/23/25","selector":{"id":"application-managestatesandperformance-display-component---detailStateAndPerform--perfDocDatePicker","searchOpenDialogs":true,"interaction":{"idSuffix":"inner"}},"clearTextFirst":true,"interactionType":"ENTER_TEXT"}]}
COMMAND: POST /session/cd8dad5b6aa98ad5f0615c697c2d4924/execute/async - {"script":"<script> [1562 bytes]","args":[{"selector":{"id":"application-managestatesandperformance-display-component---detailStateAndPerform--counterValue-input","searchOpenDialogs":true,"interaction":{"idSuffix":"inner"}},"wdio_ui5_key":"applicationmanagestatesandperformance-display-component---detailStateAndPerform--counterValue-input"}]}
RESULT: {"script":"<script> [1562 bytes]","args":[{"selector":{"id":"application-managestatesandperformance-display-component---detailStateAndPerform--counterValue-input","searchOpenDialogs":true,"interaction":{"idSuffix":"inner"}},"wdio_ui5_key":"applicationmanagestatesandperformance-display-component---detailStateAndPerform--counterValue-input"}]}
RESULT: undefined
COMMAND: POST /session/cd8dad5b6aa98ad5f0615c697c2d4924/execute/async - {"script":"<script> [776 bytes]","args":[{"enterText":"15.00","selector":{"id":"application-managestatesandperformance-display-component---detailStateAndPerform--counterValue-input","searchOpenDialogs":true,"interaction":{"idSuffix":"inner"}},"clearTextFirst":true,"interactionType":"ENTER_TEXT"}]}
RESULT: {"script":"<script> [776 bytes]","args":[{"enterText":"15.00","selector":{"id":"application-managestatesandperformance-display-component---detailStateAndPerform--counterValue-input","searchOpenDialogs":true,"interaction":{"idSuffix":"inner"}},"clearTextFirst":true,"interactionType":"ENTER_TEXT"}]}
COMMAND: POST /session/cd8dad5b6aa98ad5f0615c697c2d4924/execute/async - {"script":"<script> [1562 bytes]","args":[{"selector":{"controlType":"sap.m.Button","viewName":"etm.portal.ui.managestatesandperformance.view.Detail","viewId":"application-managestatesandperformance-display-component---detailStateAndPerform","bindingPath":{"path":"","propertyPath":"/allowAddEdit","modelName":"oScreenModel"},"searchOpenDialogs":true,"interaction":{"idSuffix":"BDI-content"}},"wdio_ui5_key":"etmportal.ui.managestatesandperformance.view.Detailsap.m.Button{\"path\":\"\",\"propertyPath\":\"/allowAddEdit\",\"modelName\":\"oScreenModel\"}"}]}
RESULT: {"script":"<script> [1562 bytes]","args":[{"selector":{"controlType":"sap.m.Button","viewName":"etm.portal.ui.managestatesandperformance.view.Detail","viewId":"application-managestatesandperformance-display-component---detailStateAndPerform","bindingPath":{"path":"","propertyPath":"/allowAddEdit","modelName":"oScreenModel"},"searchOpenDialogs":true,"interaction":{"idSuffix":"BDI-content"}},"wdio_ui5_key":"etmportal.ui.managestatesandperformance.view.Detailsap.m.Button{\"path\":\"\",\"propertyPath\":\"/allowAddEdit\",\"modelName\":\"oScreenModel\"}"}]}
RESULT: undefined
COMMAND: POST /session/cd8dad5b6aa98ad5f0615c697c2d4924/element - {"using":"xpath","value":"//*[@id=\"__button356\"]"}
RESULT: {"using":"xpath","value":"//*[@id=\"__button356\"]"}
COMMAND: POST /session/cd8dad5b6aa98ad5f0615c697c2d4924/element/f.73A3896108CAD0F2DAB8766297627504.d.81C4B09FC88B3EAAC9E5D503D74518E3.e.17000/click - {}
RESULT: {}
RESULT: undefined
COMMAND: POST /session/cd8dad5b6aa98ad5f0615c697c2d4924/element - {"using":"xpath","value":"//*[@id=\"__button349\"]"}
COMMAND: GET /session/cd8dad5b6aa98ad5f0615c697c2d4924/screenshot - {}
RESULT: {"using":"xpath","value":"//*[@id=\"__button349\"]"}
COMMAND: POST /session/cd8dad5b6aa98ad5f0615c697c2d4924/element/f.73A3896108CAD0F2DAB8766297627504.d.81C4B09FC88B3EAAC9E5D503D74518E3.e.16979/click - {}
RESULT: {}
RESULT: {}
RESULT: undefined
COMMAND: POST /session/cd8dad5b6aa98ad5f0615c697c2d4924/execute/async - {"script":"<script> [776 bytes]","args":[{"enterText":"5/27/25","selector":{"id":"application-managestatesandperformance-display-component---detailStateAndPerform--perfDocDatePicker","searchOpenDialogs":true,"interaction":{"idSuffix":"inner"}},"clearTextFirst":true,"interactionType":"ENTER_TEXT"}]}
COMMAND: GET /session/cd8dad5b6aa98ad5f0615c697c2d4924/screenshot - {}
RESULT: {"script":"<script> [776 bytes]","args":[{"enterText":"5/27/25","selector":{"id":"application-managestatesandperformance-display-component---detailStateAndPerform--perfDocDatePicker","searchOpenDialogs":true,"interaction":{"idSuffix":"inner"}},"clearTextFirst":true,"interactionType":"ENTER_TEXT"}]}
RESULT: undefined
COMMAND: POST /session/cd8dad5b6aa98ad5f0615c697c2d4924/execute/async - {"script":"<script> [776 bytes]","args":[{"enterText":"20.00","selector":{"id":"application-managestatesandperformance-display-component---detailStateAndPerform--counterValue-input","searchOpenDialogs":true,"interaction":{"idSuffix":"inner"}},"clearTextFirst":true,"interactionType":"ENTER_TEXT"}]}
RESULT: {}
RESULT: {"script":"<script> [776 bytes]","args":[{"enterText":"20.00","selector":{"id":"application-managestatesandperformance-display-component---detailStateAndPerform--counterValue-input","searchOpenDialogs":true,"interaction":{"idSuffix":"inner"}},"clearTextFirst":true,"interactionType":"ENTER_TEXT"}]}
COMMAND: POST /session/cd8dad5b6aa98ad5f0615c697c2d4924/actions - {"actions":[{"id":"action61","type":"key","parameters":{},"actions":[{"type":"keyDown","value":""},{"type":"keyDown","value":""},{"type":"pause","duration":10},{"type":"keyUp","value":""},{"type":"keyUp","value":""}]}]}
RESULT: {"actions":[{"id":"action61","type":"key","parameters":{},"actions":[{"type":"keyDown","value":""},{"type":"keyDown","value":""},{"type":"pause","duration":10},{"type":"keyUp","value":""},{"type":"keyUp","value":""}]}]}
COMMAND: POST /session/cd8dad5b6aa98ad5f0615c697c2d4924/actions - {"actions":[{"id":"action62","type":"key","parameters":{},"actions":[{"type":"keyDown","value":""},{"type":"pause","duration":10},{"type":"keyUp","value":""}]}]}
COMMAND: GET /session/cd8dad5b6aa98ad5f0615c697c2d4924/screenshot - {}
RESULT: {"actions":[{"id":"action62","type":"key","parameters":{},"actions":[{"type":"keyDown","value":""},{"type":"pause","duration":10},{"type":"keyUp","value":""}]}]}
RESULT: undefined
COMMAND: POST /session/cd8dad5b6aa98ad5f0615c697c2d4924/element - {"using":"xpath","value":"//*[@id=\"__button356\"]"}
COMMAND: GET /session/cd8dad5b6aa98ad5f0615c697c2d4924/screenshot - {}
RESULT: {}
RESULT: {"using":"xpath","value":"//*[@id=\"__button356\"]"}
COMMAND: POST /session/cd8dad5b6aa98ad5f0615c697c2d4924/elements - {"using":"xpath","value":"//*[@id=\"__button356\"]"}
RESULT: {}
RESULT: {"using":"xpath","value":"//*[@id=\"__button356\"]"}
COMMAND: POST /session/cd8dad5b6aa98ad5f0615c697c2d4924/elements - {"using":"xpath","value":"//*[@id=\"__button356\"]"}
RESULT: {"using":"xpath","value":"//*[@id=\"__button356\"]"}
COMMAND: POST /session/cd8dad5b6aa98ad5f0615c697c2d4924/elements - {"using":"xpath","value":"//*[@id=\"__button356\"]"}
RESULT: {"using":"xpath","value":"//*[@id=\"__button356\"]"}
COMMAND: POST /session/cd8dad5b6aa98ad5f0615c697c2d4924/elements - {"using":"xpath","value":"//*[@id=\"__button356\"]"}
RESULT: {"using":"xpath","value":"//*[@id=\"__button356\"]"}
COMMAND: POST /session/cd8dad5b6aa98ad5f0615c697c2d4924/elements - {"using":"xpath","value":"//*[@id=\"__button356\"]"}
RESULT: {"using":"xpath","value":"//*[@id=\"__button356\"]"}
COMMAND: POST /session/cd8dad5b6aa98ad5f0615c697c2d4924/elements - {"using":"xpath","value":"//*[@id=\"__button356\"]"}
RESULT: {"using":"xpath","value":"//*[@id=\"__button356\"]"}
COMMAND: POST /session/cd8dad5b6aa98ad5f0615c697c2d4924/elements - {"using":"xpath","value":"//*[@id=\"__button356\"]"}
RESULT: {"using":"xpath","value":"//*[@id=\"__button356\"]"}
COMMAND: POST /session/cd8dad5b6aa98ad5f0615c697c2d4924/elements - {"using":"xpath","value":"//*[@id=\"__button356\"]"}
RESULT: {"using":"xpath","value":"//*[@id=\"__button356\"]"}
COMMAND: POST /session/cd8dad5b6aa98ad5f0615c697c2d4924/elements - {"using":"xpath","value":"//*[@id=\"__button356\"]"}
RESULT: {"using":"xpath","value":"//*[@id=\"__button356\"]"}
COMMAND: POST /session/cd8dad5b6aa98ad5f0615c697c2d4924/elements - {"using":"xpath","value":"//*[@id=\"__button356\"]"}
RESULT: {"using":"xpath","value":"//*[@id=\"__button356\"]"}
COMMAND: POST /session/cd8dad5b6aa98ad5f0615c697c2d4924/elements - {"using":"xpath","value":"//*[@id=\"__button356\"]"}
RESULT: {"using":"xpath","value":"//*[@id=\"__button356\"]"}
COMMAND: POST /session/cd8dad5b6aa98ad5f0615c697c2d4924/elements - {"using":"xpath","value":"//*[@id=\"__button356\"]"}
RESULT: {"using":"xpath","value":"//*[@id=\"__button356\"]"}
COMMAND: POST /session/cd8dad5b6aa98ad5f0615c697c2d4924/elements - {"using":"xpath","value":"//*[@id=\"__button356\"]"}
RESULT: {"using":"xpath","value":"//*[@id=\"__button356\"]"}
COMMAND: POST /session/cd8dad5b6aa98ad5f0615c697c2d4924/elements - {"using":"xpath","value":"//*[@id=\"__button356\"]"}
RESULT: {"using":"xpath","value":"//*[@id=\"__button356\"]"}
COMMAND: POST /session/cd8dad5b6aa98ad5f0615c697c2d4924/elements - {"using":"xpath","value":"//*[@id=\"__button356\"]"}
RESULT: {"using":"xpath","value":"//*[@id=\"__button356\"]"}
COMMAND: POST /session/cd8dad5b6aa98ad5f0615c697c2d4924/elements - {"using":"xpath","value":"//*[@id=\"__button356\"]"}
RESULT: {"using":"xpath","value":"//*[@id=\"__button356\"]"}
COMMAND: POST /session/cd8dad5b6aa98ad5f0615c697c2d4924/elements - {"using":"xpath","value":"//*[@id=\"__button356\"]"}
RESULT: {"using":"xpath","value":"//*[@id=\"__button356\"]"}
COMMAND: POST /session/cd8dad5b6aa98ad5f0615c697c2d4924/elements - {"using":"xpath","value":"//*[@id=\"__button356\"]"}
RESULT: {"using":"xpath","value":"//*[@id=\"__button356\"]"}
COMMAND: POST /session/cd8dad5b6aa98ad5f0615c697c2d4924/elements - {"using":"xpath","value":"//*[@id=\"__button356\"]"}
RESULT: {"using":"xpath","value":"//*[@id=\"__button356\"]"}
COMMAND: POST /session/cd8dad5b6aa98ad5f0615c697c2d4924/elements - {"using":"xpath","value":"//*[@id=\"__button356\"]"}
RESULT: {"using":"xpath","value":"//*[@id=\"__button356\"]"}
COMMAND: POST /session/cd8dad5b6aa98ad5f0615c697c2d4924/elements - {"using":"xpath","value":"//*[@id=\"__button356\"]"}
RESULT: {"using":"xpath","value":"//*[@id=\"__button356\"]"}
COMMAND: POST /session/cd8dad5b6aa98ad5f0615c697c2d4924/elements - {"using":"xpath","value":"//*[@id=\"__button356\"]"}
RESULT: {"using":"xpath","value":"//*[@id=\"__button356\"]"}
COMMAND: POST /session/cd8dad5b6aa98ad5f0615c697c2d4924/elements - {"using":"xpath","value":"//*[@id=\"__button356\"]"}
RESULT: {"using":"xpath","value":"//*[@id=\"__button356\"]"}
COMMAND: POST /session/cd8dad5b6aa98ad5f0615c697c2d4924/elements - {"using":"xpath","value":"//*[@id=\"__button356\"]"}
RESULT: {"using":"xpath","value":"//*[@id=\"__button356\"]"}
COMMAND: POST /session/cd8dad5b6aa98ad5f0615c697c2d4924/elements - {"using":"xpath","value":"//*[@id=\"__button356\"]"}
RESULT: {"using":"xpath","value":"//*[@id=\"__button356\"]"}
COMMAND: POST /session/cd8dad5b6aa98ad5f0615c697c2d4924/elements - {"using":"xpath","value":"//*[@id=\"__button356\"]"}
RESULT: {"using":"xpath","value":"//*[@id=\"__button356\"]"}
COMMAND: POST /session/cd8dad5b6aa98ad5f0615c697c2d4924/elements - {"using":"xpath","value":"//*[@id=\"__button356\"]"}
RESULT: {"using":"xpath","value":"//*[@id=\"__button356\"]"}
COMMAND: POST /session/cd8dad5b6aa98ad5f0615c697c2d4924/elements - {"using":"xpath","value":"//*[@id=\"__button356\"]"}
RESULT: {"using":"xpath","value":"//*[@id=\"__button356\"]"}
COMMAND: POST /session/cd8dad5b6aa98ad5f0615c697c2d4924/elements - {"using":"xpath","value":"//*[@id=\"__button356\"]"}
RESULT: {"using":"xpath","value":"//*[@id=\"__button356\"]"}
COMMAND: POST /session/cd8dad5b6aa98ad5f0615c697c2d4924/elements - {"using":"xpath","value":"//*[@id=\"__button356\"]"}
RESULT: {"using":"xpath","value":"//*[@id=\"__button356\"]"}
COMMAND: POST /session/cd8dad5b6aa98ad5f0615c697c2d4924/elements - {"using":"xpath","value":"//*[@id=\"__button356\"]"}
RESULT: {"using":"xpath","value":"//*[@id=\"__button356\"]"}
COMMAND: POST /session/cd8dad5b6aa98ad5f0615c697c2d4924/elements - {"using":"xpath","value":"//*[@id=\"__button356\"]"}
RESULT: {"using":"xpath","value":"//*[@id=\"__button356\"]"}
COMMAND: POST /session/cd8dad5b6aa98ad5f0615c697c2d4924/elements - {"using":"xpath","value":"//*[@id=\"__button356\"]"}
RESULT: {"using":"xpath","value":"//*[@id=\"__button356\"]"}
COMMAND: POST /session/cd8dad5b6aa98ad5f0615c697c2d4924/elements - {"using":"xpath","value":"//*[@id=\"__button356\"]"}
RESULT: {"using":"xpath","value":"//*[@id=\"__button356\"]"}
COMMAND: POST /session/cd8dad5b6aa98ad5f0615c697c2d4924/elements - {"using":"xpath","value":"//*[@id=\"__button356\"]"}
RESULT: {"using":"xpath","value":"//*[@id=\"__button356\"]"}
COMMAND: POST /session/cd8dad5b6aa98ad5f0615c697c2d4924/elements - {"using":"xpath","value":"//*[@id=\"__button356\"]"}
RESULT: {"using":"xpath","value":"//*[@id=\"__button356\"]"}
COMMAND: POST /session/cd8dad5b6aa98ad5f0615c697c2d4924/elements - {"using":"xpath","value":"//*[@id=\"__button356\"]"}
RESULT: {"using":"xpath","value":"//*[@id=\"__button356\"]"}
COMMAND: POST /session/cd8dad5b6aa98ad5f0615c697c2d4924/elements - {"using":"xpath","value":"//*[@id=\"__button356\"]"}
RESULT: {"using":"xpath","value":"//*[@id=\"__button356\"]"}
COMMAND: POST /session/cd8dad5b6aa98ad5f0615c697c2d4924/elements - {"using":"xpath","value":"//*[@id=\"__button356\"]"}
RESULT: {"using":"xpath","value":"//*[@id=\"__button356\"]"}
COMMAND: POST /session/cd8dad5b6aa98ad5f0615c697c2d4924/elements - {"using":"xpath","value":"//*[@id=\"__button356\"]"}
RESULT: {"using":"xpath","value":"//*[@id=\"__button356\"]"}
COMMAND: POST /session/cd8dad5b6aa98ad5f0615c697c2d4924/elements - {"using":"xpath","value":"//*[@id=\"__button356\"]"}
RESULT: {"using":"xpath","value":"//*[@id=\"__button356\"]"}
COMMAND: POST /session/cd8dad5b6aa98ad5f0615c697c2d4924/elements - {"using":"xpath","value":"//*[@id=\"__button356\"]"}
RESULT: {"using":"xpath","value":"//*[@id=\"__button356\"]"}
COMMAND: POST /session/cd8dad5b6aa98ad5f0615c697c2d4924/elements - {"using":"xpath","value":"//*[@id=\"__button356\"]"}
RESULT: {"using":"xpath","value":"//*[@id=\"__button356\"]"}
COMMAND: POST /session/cd8dad5b6aa98ad5f0615c697c2d4924/elements - {"using":"xpath","value":"//*[@id=\"__button356\"]"}
RESULT: {"using":"xpath","value":"//*[@id=\"__button356\"]"}
COMMAND: POST /session/cd8dad5b6aa98ad5f0615c697c2d4924/elements - {"using":"xpath","value":"//*[@id=\"__button356\"]"}
RESULT: {"using":"xpath","value":"//*[@id=\"__button356\"]"}
COMMAND: POST /session/cd8dad5b6aa98ad5f0615c697c2d4924/elements - {"using":"xpath","value":"//*[@id=\"__button356\"]"}
RESULT: {"using":"xpath","value":"//*[@id=\"__button356\"]"}
COMMAND: POST /session/cd8dad5b6aa98ad5f0615c697c2d4924/elements - {"using":"xpath","value":"//*[@id=\"__button356\"]"}
RESULT: {"using":"xpath","value":"//*[@id=\"__button356\"]"}
COMMAND: POST /session/cd8dad5b6aa98ad5f0615c697c2d4924/elements - {"using":"xpath","value":"//*[@id=\"__button356\"]"}
RESULT: {"using":"xpath","value":"//*[@id=\"__button356\"]"}
COMMAND: POST /session/cd8dad5b6aa98ad5f0615c697c2d4924/elements - {"using":"xpath","value":"//*[@id=\"__button356\"]"}
RESULT: {"using":"xpath","value":"//*[@id=\"__button356\"]"}
COMMAND: POST /session/cd8dad5b6aa98ad5f0615c697c2d4924/elements - {"using":"xpath","value":"//*[@id=\"__button356\"]"}
RESULT: {"using":"xpath","value":"//*[@id=\"__button356\"]"}
COMMAND: POST /session/cd8dad5b6aa98ad5f0615c697c2d4924/elements - {"using":"xpath","value":"//*[@id=\"__button356\"]"}
RESULT: {"using":"xpath","value":"//*[@id=\"__button356\"]"}
COMMAND: POST /session/cd8dad5b6aa98ad5f0615c697c2d4924/elements - {"using":"xpath","value":"//*[@id=\"__button356\"]"}
RESULT: {"using":"xpath","value":"//*[@id=\"__button356\"]"}
COMMAND: POST /session/cd8dad5b6aa98ad5f0615c697c2d4924/elements - {"using":"xpath","value":"//*[@id=\"__button356\"]"}
RESULT: {"using":"xpath","value":"//*[@id=\"__button356\"]"}
COMMAND: POST /session/cd8dad5b6aa98ad5f0615c697c2d4924/elements - {"using":"xpath","value":"//*[@id=\"__button356\"]"}
RESULT: {"using":"xpath","value":"//*[@id=\"__button356\"]"}
COMMAND: POST /session/cd8dad5b6aa98ad5f0615c697c2d4924/elements - {"using":"xpath","value":"//*[@id=\"__button356\"]"}
RESULT: {"using":"xpath","value":"//*[@id=\"__button356\"]"}
COMMAND: POST /session/cd8dad5b6aa98ad5f0615c697c2d4924/elements - {"using":"xpath","value":"//*[@id=\"__button356\"]"}
RESULT: {"using":"xpath","value":"//*[@id=\"__button356\"]"}
COMMAND: POST /session/cd8dad5b6aa98ad5f0615c697c2d4924/elements - {"using":"xpath","value":"//*[@id=\"__button356\"]"}
RESULT: {"using":"xpath","value":"//*[@id=\"__button356\"]"}
COMMAND: POST /session/cd8dad5b6aa98ad5f0615c697c2d4924/elements - {"using":"xpath","value":"//*[@id=\"__button356\"]"}
RESULT: {"using":"xpath","value":"//*[@id=\"__button356\"]"}
COMMAND: POST /session/cd8dad5b6aa98ad5f0615c697c2d4924/elements - {"using":"xpath","value":"//*[@id=\"__button356\"]"}
RESULT: {"using":"xpath","value":"//*[@id=\"__button356\"]"}
COMMAND: POST /session/cd8dad5b6aa98ad5f0615c697c2d4924/elements - {"using":"xpath","value":"//*[@id=\"__button356\"]"}
RESULT: {"using":"xpath","value":"//*[@id=\"__button356\"]"}
COMMAND: POST /session/cd8dad5b6aa98ad5f0615c697c2d4924/elements - {"using":"xpath","value":"//*[@id=\"__button356\"]"}
RESULT: {"using":"xpath","value":"//*[@id=\"__button356\"]"}
COMMAND: POST /session/cd8dad5b6aa98ad5f0615c697c2d4924/elements - {"using":"xpath","value":"//*[@id=\"__button356\"]"}
RESULT: {"using":"xpath","value":"//*[@id=\"__button356\"]"}
COMMAND: POST /session/cd8dad5b6aa98ad5f0615c697c2d4924/elements - {"using":"xpath","value":"//*[@id=\"__button356\"]"}
RESULT: {"using":"xpath","value":"//*[@id=\"__button356\"]"}
COMMAND: POST /session/cd8dad5b6aa98ad5f0615c697c2d4924/elements - {"using":"xpath","value":"//*[@id=\"__button356\"]"}
RESULT: {"using":"xpath","value":"//*[@id=\"__button356\"]"}
COMMAND: POST /session/cd8dad5b6aa98ad5f0615c697c2d4924/elements - {"using":"xpath","value":"//*[@id=\"__button356\"]"}
RESULT: {"using":"xpath","value":"//*[@id=\"__button356\"]"}
COMMAND: POST /session/cd8dad5b6aa98ad5f0615c697c2d4924/elements - {"using":"xpath","value":"//*[@id=\"__button356\"]"}
RESULT: {"using":"xpath","value":"//*[@id=\"__button356\"]"}
COMMAND: POST /session/cd8dad5b6aa98ad5f0615c697c2d4924/elements - {"using":"xpath","value":"//*[@id=\"__button356\"]"}
RESULT: {"using":"xpath","value":"//*[@id=\"__button356\"]"}
COMMAND: POST /session/cd8dad5b6aa98ad5f0615c697c2d4924/elements - {"using":"xpath","value":"//*[@id=\"__button356\"]"}
RESULT: {"using":"xpath","value":"//*[@id=\"__button356\"]"}
COMMAND: POST /session/cd8dad5b6aa98ad5f0615c697c2d4924/elements - {"using":"xpath","value":"//*[@id=\"__button356\"]"}
RESULT: {"using":"xpath","value":"//*[@id=\"__button356\"]"}
COMMAND: POST /session/cd8dad5b6aa98ad5f0615c697c2d4924/elements - {"using":"xpath","value":"//*[@id=\"__button356\"]"}
RESULT: {"using":"xpath","value":"//*[@id=\"__button356\"]"}
COMMAND: POST /session/cd8dad5b6aa98ad5f0615c697c2d4924/elements - {"using":"xpath","value":"//*[@id=\"__button356\"]"}
RESULT: {"using":"xpath","value":"//*[@id=\"__button356\"]"}
COMMAND: POST /session/cd8dad5b6aa98ad5f0615c697c2d4924/elements - {"using":"xpath","value":"//*[@id=\"__button356\"]"}
RESULT: {"using":"xpath","value":"//*[@id=\"__button356\"]"}
COMMAND: POST /session/cd8dad5b6aa98ad5f0615c697c2d4924/elements - {"using":"xpath","value":"//*[@id=\"__button356\"]"}
RESULT: {"using":"xpath","value":"//*[@id=\"__button356\"]"}
COMMAND: POST /session/cd8dad5b6aa98ad5f0615c697c2d4924/elements - {"using":"xpath","value":"//*[@id=\"__button356\"]"}
RESULT: {"using":"xpath","value":"//*[@id=\"__button356\"]"}
COMMAND: POST /session/cd8dad5b6aa98ad5f0615c697c2d4924/elements - {"using":"xpath","value":"//*[@id=\"__button356\"]"}
RESULT: {"using":"xpath","value":"//*[@id=\"__button356\"]"}
COMMAND: POST /session/cd8dad5b6aa98ad5f0615c697c2d4924/elements - {"using":"xpath","value":"//*[@id=\"__button356\"]"}
RESULT: {"using":"xpath","value":"//*[@id=\"__button356\"]"}
COMMAND: POST /session/cd8dad5b6aa98ad5f0615c697c2d4924/elements - {"using":"xpath","value":"//*[@id=\"__button356\"]"}
RESULT: {"using":"xpath","value":"//*[@id=\"__button356\"]"}
COMMAND: POST /session/cd8dad5b6aa98ad5f0615c697c2d4924/elements - {"using":"xpath","value":"//*[@id=\"__button356\"]"}
RESULT: {"using":"xpath","value":"//*[@id=\"__button356\"]"}
COMMAND: POST /session/cd8dad5b6aa98ad5f0615c697c2d4924/elements - {"using":"xpath","value":"//*[@id=\"__button356\"]"}
RESULT: {"using":"xpath","value":"//*[@id=\"__button356\"]"}
COMMAND: POST /session/cd8dad5b6aa98ad5f0615c697c2d4924/elements - {"using":"xpath","value":"//*[@id=\"__button356\"]"}
RESULT: {"using":"xpath","value":"//*[@id=\"__button356\"]"}
COMMAND: POST /session/cd8dad5b6aa98ad5f0615c697c2d4924/elements - {"using":"xpath","value":"//*[@id=\"__button356\"]"}
RESULT: {"using":"xpath","value":"//*[@id=\"__button356\"]"}
COMMAND: POST /session/cd8dad5b6aa98ad5f0615c697c2d4924/elements - {"using":"xpath","value":"//*[@id=\"__button356\"]"}
RESULT: {"using":"xpath","value":"//*[@id=\"__button356\"]"}
COMMAND: POST /session/cd8dad5b6aa98ad5f0615c697c2d4924/elements - {"using":"xpath","value":"//*[@id=\"__button356\"]"}
RESULT: {"using":"xpath","value":"//*[@id=\"__button356\"]"}
COMMAND: POST /session/cd8dad5b6aa98ad5f0615c697c2d4924/elements - {"using":"xpath","value":"//*[@id=\"__button356\"]"}
RESULT: {"using":"xpath","value":"//*[@id=\"__button356\"]"}
COMMAND: POST /session/cd8dad5b6aa98ad5f0615c697c2d4924/elements - {"using":"xpath","value":"//*[@id=\"__button356\"]"}
RESULT: {"using":"xpath","value":"//*[@id=\"__button356\"]"}
COMMAND: POST /session/cd8dad5b6aa98ad5f0615c697c2d4924/elements - {"using":"xpath","value":"//*[@id=\"__button356\"]"}
RESULT: {"using":"xpath","value":"//*[@id=\"__button356\"]"}
COMMAND: POST /session/cd8dad5b6aa98ad5f0615c697c2d4924/elements - {"using":"xpath","value":"//*[@id=\"__button356\"]"}
RESULT: {"using":"xpath","value":"//*[@id=\"__button356\"]"}
COMMAND: POST /session/cd8dad5b6aa98ad5f0615c697c2d4924/elements - {"using":"xpath","value":"//*[@id=\"__button356\"]"}
RESULT: {"using":"xpath","value":"//*[@id=\"__button356\"]"}
COMMAND: POST /session/cd8dad5b6aa98ad5f0615c697c2d4924/elements - {"using":"xpath","value":"//*[@id=\"__button356\"]"}
RESULT: {"using":"xpath","value":"//*[@id=\"__button356\"]"}
COMMAND: POST /session/cd8dad5b6aa98ad5f0615c697c2d4924/elements - {"using":"xpath","value":"//*[@id=\"__button356\"]"}
RESULT: {"using":"xpath","value":"//*[@id=\"__button356\"]"}
COMMAND: POST /session/cd8dad5b6aa98ad5f0615c697c2d4924/elements - {"using":"xpath","value":"//*[@id=\"__button356\"]"}
RESULT: {"using":"xpath","value":"//*[@id=\"__button356\"]"}
COMMAND: POST /session/cd8dad5b6aa98ad5f0615c697c2d4924/elements - {"using":"xpath","value":"//*[@id=\"__button356\"]"}
RESULT: {"using":"xpath","value":"//*[@id=\"__button356\"]"}
COMMAND: POST /session/cd8dad5b6aa98ad5f0615c697c2d4924/elements - {"using":"xpath","value":"//*[@id=\"__button356\"]"}
RESULT: {"using":"xpath","value":"//*[@id=\"__button356\"]"}
COMMAND: POST /session/cd8dad5b6aa98ad5f0615c697c2d4924/elements - {"using":"xpath","value":"//*[@id=\"__button356\"]"}
RESULT: {"using":"xpath","value":"//*[@id=\"__button356\"]"}
COMMAND: POST /session/cd8dad5b6aa98ad5f0615c697c2d4924/elements - {"using":"xpath","value":"//*[@id=\"__button356\"]"}
RESULT: {"using":"xpath","value":"//*[@id=\"__button356\"]"}
COMMAND: POST /session/cd8dad5b6aa98ad5f0615c697c2d4924/elements - {"using":"xpath","value":"//*[@id=\"__button356\"]"}
RESULT: {"using":"xpath","value":"//*[@id=\"__button356\"]"}
COMMAND: POST /session/cd8dad5b6aa98ad5f0615c697c2d4924/elements - {"using":"xpath","value":"//*[@id=\"__button356\"]"}
RESULT: {"using":"xpath","value":"//*[@id=\"__button356\"]"}
COMMAND: POST /session/cd8dad5b6aa98ad5f0615c697c2d4924/elements - {"using":"xpath","value":"//*[@id=\"__button356\"]"}
RESULT: {"using":"xpath","value":"//*[@id=\"__button356\"]"}
COMMAND: POST /session/cd8dad5b6aa98ad5f0615c697c2d4924/elements - {"using":"xpath","value":"//*[@id=\"__button356\"]"}
RESULT: {"using":"xpath","value":"//*[@id=\"__button356\"]"}
COMMAND: POST /session/cd8dad5b6aa98ad5f0615c697c2d4924/elements - {"using":"xpath","value":"//*[@id=\"__button356\"]"}
RESULT: {"using":"xpath","value":"//*[@id=\"__button356\"]"}
COMMAND: POST /session/cd8dad5b6aa98ad5f0615c697c2d4924/elements - {"using":"xpath","value":"//*[@id=\"__button356\"]"}
RESULT: {"using":"xpath","value":"//*[@id=\"__button356\"]"}
COMMAND: POST /session/cd8dad5b6aa98ad5f0615c697c2d4924/elements - {"using":"xpath","value":"//*[@id=\"__button356\"]"}
RESULT: {"using":"xpath","value":"//*[@id=\"__button356\"]"}
COMMAND: POST /session/cd8dad5b6aa98ad5f0615c697c2d4924/elements - {"using":"xpath","value":"//*[@id=\"__button356\"]"}
RESULT: {"using":"xpath","value":"//*[@id=\"__button356\"]"}
COMMAND: POST /session/cd8dad5b6aa98ad5f0615c697c2d4924/elements - {"using":"xpath","value":"//*[@id=\"__button356\"]"}
RESULT: {"using":"xpath","value":"//*[@id=\"__button356\"]"}
COMMAND: POST /session/cd8dad5b6aa98ad5f0615c697c2d4924/elements - {"using":"xpath","value":"//*[@id=\"__button356\"]"}
RESULT: {"using":"xpath","value":"//*[@id=\"__button356\"]"}
COMMAND: POST /session/cd8dad5b6aa98ad5f0615c697c2d4924/elements - {"using":"xpath","value":"//*[@id=\"__button356\"]"}
RESULT: {"using":"xpath","value":"//*[@id=\"__button356\"]"}
COMMAND: POST /session/cd8dad5b6aa98ad5f0615c697c2d4924/elements - {"using":"xpath","value":"//*[@id=\"__button356\"]"}
RESULT: {"using":"xpath","value":"//*[@id=\"__button356\"]"}
COMMAND: POST /session/cd8dad5b6aa98ad5f0615c697c2d4924/elements - {"using":"xpath","value":"//*[@id=\"__button356\"]"}
RESULT: {"using":"xpath","value":"//*[@id=\"__button356\"]"}
COMMAND: POST /session/cd8dad5b6aa98ad5f0615c697c2d4924/elements - {"using":"xpath","value":"//*[@id=\"__button356\"]"}
RESULT: {"using":"xpath","value":"//*[@id=\"__button356\"]"}
COMMAND: POST /session/cd8dad5b6aa98ad5f0615c697c2d4924/elements - {"using":"xpath","value":"//*[@id=\"__button356\"]"}
RESULT: {"using":"xpath","value":"//*[@id=\"__button356\"]"}
COMMAND: POST /session/cd8dad5b6aa98ad5f0615c697c2d4924/elements - {"using":"xpath","value":"//*[@id=\"__button356\"]"}
RESULT: {"using":"xpath","value":"//*[@id=\"__button356\"]"}
COMMAND: POST /session/cd8dad5b6aa98ad5f0615c697c2d4924/elements - {"using":"xpath","value":"//*[@id=\"__button356\"]"}
RESULT: {"using":"xpath","value":"//*[@id=\"__button356\"]"}
COMMAND: POST /session/cd8dad5b6aa98ad5f0615c697c2d4924/elements - {"using":"xpath","value":"//*[@id=\"__button356\"]"}
RESULT: {"using":"xpath","value":"//*[@id=\"__button356\"]"}
COMMAND: POST /session/cd8dad5b6aa98ad5f0615c697c2d4924/elements - {"using":"xpath","value":"//*[@id=\"__button356\"]"}
RESULT: {"using":"xpath","value":"//*[@id=\"__button356\"]"}
COMMAND: POST /session/cd8dad5b6aa98ad5f0615c697c2d4924/elements - {"using":"xpath","value":"//*[@id=\"__button356\"]"}
RESULT: {"using":"xpath","value":"//*[@id=\"__button356\"]"}
COMMAND: POST /session/cd8dad5b6aa98ad5f0615c697c2d4924/elements - {"using":"xpath","value":"//*[@id=\"__button356\"]"}
RESULT: {"using":"xpath","value":"//*[@id=\"__button356\"]"}
COMMAND: POST /session/cd8dad5b6aa98ad5f0615c697c2d4924/elements - {"using":"xpath","value":"//*[@id=\"__button356\"]"}
RESULT: {"using":"xpath","value":"//*[@id=\"__button356\"]"}
COMMAND: POST /session/cd8dad5b6aa98ad5f0615c697c2d4924/elements - {"using":"xpath","value":"//*[@id=\"__button356\"]"}
RESULT: {"using":"xpath","value":"//*[@id=\"__button356\"]"}
COMMAND: POST /session/cd8dad5b6aa98ad5f0615c697c2d4924/elements - {"using":"xpath","value":"//*[@id=\"__button356\"]"}
RESULT: {"using":"xpath","value":"//*[@id=\"__button356\"]"}
COMMAND: POST /session/cd8dad5b6aa98ad5f0615c697c2d4924/elements - {"using":"xpath","value":"//*[@id=\"__button356\"]"}
RESULT: {"using":"xpath","value":"//*[@id=\"__button356\"]"}
COMMAND: POST /session/cd8dad5b6aa98ad5f0615c697c2d4924/elements - {"using":"xpath","value":"//*[@id=\"__button356\"]"}
COMMAND: POST /session/cd8dad5b6aa98ad5f0615c697c2d4924/element - {"using":"css selector","value":"#shell-header-logo"}
RESULT: {"using":"xpath","value":"//*[@id=\"__button356\"]"}
RESULT: {"using":"css selector","value":"#shell-header-logo"}
COMMAND: POST /session/cd8dad5b6aa98ad5f0615c697c2d4924/execute/sync - {"script":"<script> [8489 bytes]","args":[{"element-6066-11e4-a52e-4f735466cecf":"f.73A3896108CAD0F2DAB8766297627504.d.81C4B09FC88B3EAAC9E5D503D74518E3.e.16827","ELEMENT":"f.73A3896108CAD0F2DAB8766297627504.d.81C4B09FC88B3EAAC9E5D503D74518E3.e.16827"}]}
RESULT: {"script":"<script> [8489 bytes]","args":[{"element-6066-11e4-a52e-4f735466cecf":"f.73A3896108CAD0F2DAB8766297627504.d.81C4B09FC88B3EAAC9E5D503D74518E3.e.16827","ELEMENT":"f.73A3896108CAD0F2DAB8766297627504.d.81C4B09FC88B3EAAC9E5D503D74518E3.e.16827"}]}
COMMAND: POST /session/cd8dad5b6aa98ad5f0615c697c2d4924/execute/sync - {"script":"<script> [5351 bytes]","args":[{"element-6066-11e4-a52e-4f735466cecf":"f.73A3896108CAD0F2DAB8766297627504.d.81C4B09FC88B3EAAC9E5D503D74518E3.e.16827","ELEMENT":"f.73A3896108CAD0F2DAB8766297627504.d.81C4B09FC88B3EAAC9E5D503D74518E3.e.16827"}]}
COMMAND: GET /session/cd8dad5b6aa98ad5f0615c697c2d4924/screenshot - {}
RESULT: {"script":"<script> [5351 bytes]","args":[{"element-6066-11e4-a52e-4f735466cecf":"f.73A3896108CAD0F2DAB8766297627504.d.81C4B09FC88B3EAAC9E5D503D74518E3.e.16827","ELEMENT":"f.73A3896108CAD0F2DAB8766297627504.d.81C4B09FC88B3EAAC9E5D503D74518E3.e.16827"}]}
COMMAND: POST /session/cd8dad5b6aa98ad5f0615c697c2d4924/element/f.73A3896108CAD0F2DAB8766297627504.d.81C4B09FC88B3EAAC9E5D503D74518E3.e.16827/click - {}
COMMAND: GET /session/cd8dad5b6aa98ad5f0615c697c2d4924/screenshot - {}
RESULT: {}
RESULT: {}
]]></system-out>
    </testcase>
    <testcase classname="chrome.136_0_7103_93.windows.Performance_based_billing_(work_days)_US139742" name="Should go to Manage Billings and trigger calculation check the conditions applied" time="80.655">
      <system-out><![CDATA[
COMMAND: POST /session/cd8dad5b6aa98ad5f0615c697c2d4924/execute/async - {"script":"<script> [1562 bytes]","args":[{"selector":{"controlType":"sap.m.GenericTile","properties":{"header":"Manage Billings"}},"wdio_ui5_key":"sapm.GenericTile{\"header\":\"Manage Billings\"}"}]}
COMMAND: GET /session/cd8dad5b6aa98ad5f0615c697c2d4924/screenshot - {}
RESULT: {}
RESULT: {"script":"<script> [1562 bytes]","args":[{"selector":{"controlType":"sap.m.GenericTile","properties":{"header":"Manage Billings"}},"wdio_ui5_key":"sapm.GenericTile{\"header\":\"Manage Billings\"}"}]}
RESULT: undefined
COMMAND: POST /session/cd8dad5b6aa98ad5f0615c697c2d4924/element - {"using":"xpath","value":"//*[@id=\"__tile51\"]"}
RESULT: {}
RESULT: {"using":"xpath","value":"//*[@id=\"__tile51\"]"}
COMMAND: POST /session/cd8dad5b6aa98ad5f0615c697c2d4924/element/f.73A3896108CAD0F2DAB8766297627504.d.81C4B09FC88B3EAAC9E5D503D74518E3.e.13298/click - {}
RESULT: {}
COMMAND: GET /session/cd8dad5b6aa98ad5f0615c697c2d4924/screenshot - {}
COMMAND: POST /session/cd8dad5b6aa98ad5f0615c697c2d4924/elements - {"using":"xpath","value":"//span[text()='Error']"}
RESULT: {}
RESULT: {"using":"xpath","value":"//span[text()='Error']"}
COMMAND: POST /session/cd8dad5b6aa98ad5f0615c697c2d4924/execute/async - {"script":"<script> [1562 bytes]","args":[{"selector":{"id":"application-managebillings-display-component---billRunCalcResult--smartFilterBar-btnBasicSearch","interaction":{"idSuffix":"I"}},"wdio_ui5_key":"applicationmanagebillings-display-component---billRunCalcResult--smartFilterBar-btnBasicSearch"}]}
RESULT: {"script":"<script> [1562 bytes]","args":[{"selector":{"id":"application-managebillings-display-component---billRunCalcResult--smartFilterBar-btnBasicSearch","interaction":{"idSuffix":"I"}},"wdio_ui5_key":"applicationmanagebillings-display-component---billRunCalcResult--smartFilterBar-btnBasicSearch"}]}
RESULT: undefined
COMMAND: POST /session/cd8dad5b6aa98ad5f0615c697c2d4924/execute/async - {"script":"<script> [776 bytes]","args":[{"enterText":"10486","selector":{"id":"application-managebillings-display-component---billRunCalcResult--smartFilterBar-btnBasicSearch","interaction":{"idSuffix":"I"}},"clearTextFirst":true,"interactionType":"ENTER_TEXT"}]}
RESULT: {"script":"<script> [776 bytes]","args":[{"enterText":"10486","selector":{"id":"application-managebillings-display-component---billRunCalcResult--smartFilterBar-btnBasicSearch","interaction":{"idSuffix":"I"}},"clearTextFirst":true,"interactionType":"ENTER_TEXT"}]}
COMMAND: POST /session/cd8dad5b6aa98ad5f0615c697c2d4924/actions - {"actions":[{"id":"action63","type":"key","parameters":{},"actions":[{"type":"keyDown","value":""},{"type":"pause","duration":10},{"type":"keyUp","value":""}]}]}
RESULT: {"actions":[{"id":"action63","type":"key","parameters":{},"actions":[{"type":"keyDown","value":""},{"type":"pause","duration":10},{"type":"keyUp","value":""}]}]}
COMMAND: GET /session/cd8dad5b6aa98ad5f0615c697c2d4924/screenshot - {}
RESULT: {}
COMMAND: POST /session/cd8dad5b6aa98ad5f0615c697c2d4924/element - {"using":"xpath","value":"//td[@aria-colindex=\"1\"]/div/div[contains(@class, \"sapMCbBg\")]"}
RESULT: {"using":"xpath","value":"//td[@aria-colindex=\"1\"]/div/div[contains(@class, \"sapMCbBg\")]"}
COMMAND: POST /session/cd8dad5b6aa98ad5f0615c697c2d4924/element/f.73A3896108CAD0F2DAB8766297627504.d.81C4B09FC88B3EAAC9E5D503D74518E3.e.17070/click - {}
RESULT: {}
COMMAND: GET /session/cd8dad5b6aa98ad5f0615c697c2d4924/screenshot - {}
RESULT: {}
COMMAND: POST /session/cd8dad5b6aa98ad5f0615c697c2d4924/execute/async - {"script":"<script> [1562 bytes]","args":[{"selector":{"id":"application-managebillings-display-component---billRunCalcResult--contractBillRunDate","interaction":{"idSuffix":"inner"}},"wdio_ui5_key":"applicationmanagebillings-display-component---billRunCalcResult--contractBillRunDate"}]}
RESULT: {"script":"<script> [1562 bytes]","args":[{"selector":{"id":"application-managebillings-display-component---billRunCalcResult--contractBillRunDate","interaction":{"idSuffix":"inner"}},"wdio_ui5_key":"applicationmanagebillings-display-component---billRunCalcResult--contractBillRunDate"}]}
RESULT: undefined
COMMAND: POST /session/cd8dad5b6aa98ad5f0615c697c2d4924/execute/async - {"script":"<script> [776 bytes]","args":[{"enterText":"6/21/25","selector":{"id":"application-managebillings-display-component---billRunCalcResult--contractBillRunDate","interaction":{"idSuffix":"inner"}},"clearTextFirst":true,"interactionType":"ENTER_TEXT"}]}
RESULT: {"script":"<script> [776 bytes]","args":[{"enterText":"6/21/25","selector":{"id":"application-managebillings-display-component---billRunCalcResult--contractBillRunDate","interaction":{"idSuffix":"inner"}},"clearTextFirst":true,"interactionType":"ENTER_TEXT"}]}
COMMAND: POST /session/cd8dad5b6aa98ad5f0615c697c2d4924/element - {"using":"xpath","value":"//bdi[contains(text(), \"Trigger Calculation\")]"}
RESULT: {"using":"xpath","value":"//bdi[contains(text(), \"Trigger Calculation\")]"}
COMMAND: POST /session/cd8dad5b6aa98ad5f0615c697c2d4924/element/f.73A3896108CAD0F2DAB8766297627504.d.81C4B09FC88B3EAAC9E5D503D74518E3.e.17446/click - {}
RESULT: {}
COMMAND: GET /session/cd8dad5b6aa98ad5f0615c697c2d4924/screenshot - {}
RESULT: {}
COMMAND: POST /session/cd8dad5b6aa98ad5f0615c697c2d4924/element - {"using":"xpath","value":"(//span[contains(@id, \"imgNav\")])[1]"}
RESULT: {"using":"xpath","value":"(//span[contains(@id, \"imgNav\")])[1]"}
COMMAND: POST /session/cd8dad5b6aa98ad5f0615c697c2d4924/element/f.73A3896108CAD0F2DAB8766297627504.d.81C4B09FC88B3EAAC9E5D503D74518E3.e.17071/click - {}
RESULT: {}
COMMAND: GET /session/cd8dad5b6aa98ad5f0615c697c2d4924/screenshot - {}
RESULT: {}
COMMAND: POST /session/cd8dad5b6aa98ad5f0615c697c2d4924/element - {"using":"xpath","value":"//tr/td[6]/div[1]/span[1]/span[1]"}
RESULT: {"using":"xpath","value":"//tr/td[6]/div[1]/span[1]/span[1]"}
COMMAND: GET /session/cd8dad5b6aa98ad5f0615c697c2d4924/element/f.73A3896108CAD0F2DAB8766297627504.d.81C4B09FC88B3EAAC9E5D503D74518E3.e.17450/text - {}
RESULT: {}
COMMAND: POST /session/cd8dad5b6aa98ad5f0615c697c2d4924/element - {"using":"xpath","value":"(//span[contains(@id, \"imgNav\")])[2]"}
RESULT: {"using":"xpath","value":"(//span[contains(@id, \"imgNav\")])[2]"}
COMMAND: POST /session/cd8dad5b6aa98ad5f0615c697c2d4924/element/f.73A3896108CAD0F2DAB8766297627504.d.81C4B09FC88B3EAAC9E5D503D74518E3.e.17451/click - {}
RESULT: {}
COMMAND: POST /session/cd8dad5b6aa98ad5f0615c697c2d4924/element - {"using":"xpath","value":"//bdi[contains(text(), \"Business Confirm\")]"}
COMMAND: GET /session/cd8dad5b6aa98ad5f0615c697c2d4924/screenshot - {}
RESULT: {"using":"xpath","value":"//bdi[contains(text(), \"Business Confirm\")]"}
COMMAND: POST /session/cd8dad5b6aa98ad5f0615c697c2d4924/elements - {"using":"xpath","value":"//bdi[contains(text(), \"Business Confirm\")]"}
RESULT: {}
RESULT: {"using":"xpath","value":"//bdi[contains(text(), \"Business Confirm\")]"}
COMMAND: POST /session/cd8dad5b6aa98ad5f0615c697c2d4924/elements - {"using":"xpath","value":"//bdi[contains(text(), \"Business Confirm\")]"}
RESULT: {"using":"xpath","value":"//bdi[contains(text(), \"Business Confirm\")]"}
COMMAND: POST /session/cd8dad5b6aa98ad5f0615c697c2d4924/element - {"using":"xpath","value":"//bdi[contains(text(), \"Business Confirm\")]"}
RESULT: {"using":"xpath","value":"//bdi[contains(text(), \"Business Confirm\")]"}
COMMAND: POST /session/cd8dad5b6aa98ad5f0615c697c2d4924/element/f.73A3896108CAD0F2DAB8766297627504.d.81C4B09FC88B3EAAC9E5D503D74518E3.e.17454/click - {}
RESULT: {}
COMMAND: POST /session/cd8dad5b6aa98ad5f0615c697c2d4924/element - {"using":"css selector","value":"#shell-header-logo"}
COMMAND: GET /session/cd8dad5b6aa98ad5f0615c697c2d4924/screenshot - {}
RESULT: {"using":"css selector","value":"#shell-header-logo"}
COMMAND: POST /session/cd8dad5b6aa98ad5f0615c697c2d4924/element/f.73A3896108CAD0F2DAB8766297627504.d.81C4B09FC88B3EAAC9E5D503D74518E3.e.17030/click - {}
RESULT: {}
RESULT: {}
COMMAND: GET /session/cd8dad5b6aa98ad5f0615c697c2d4924/screenshot - {}
RESULT: {}
COMMAND: POST /session/cd8dad5b6aa98ad5f0615c697c2d4924/element - {"using":"css selector","value":"#j_username"}
COMMAND: POST /session/cd8dad5b6aa98ad5f0615c697c2d4924/url - {"url":"https://qa-testing-00-live-etm-ui.cfapps.eu10-004.hana.ondemand.com/"}
RESULT: {"using":"css selector","value":"#j_username"}
COMMAND: POST /session/cd8dad5b6aa98ad5f0615c697c2d4924/element - {"using":"css selector","value":"#j_username"}
RESULT: {"url":"https://qa-testing-00-live-etm-ui.cfapps.eu10-004.hana.ondemand.com/"}
RESULT: undefined
COMMAND: GET /session/cd8dad5b6aa98ad5f0615c697c2d4924/screenshot - {}
RESULT: {"using":"css selector","value":"#j_username"}
COMMAND: POST /session/cd8dad5b6aa98ad5f0615c697c2d4924/element - {"using":"css selector","value":"#shell-header-logo"}
RESULT: {}
RESULT: {"using":"css selector","value":"#shell-header-logo"}
COMMAND: POST /session/cd8dad5b6aa98ad5f0615c697c2d4924/execute/sync - {"script":"<script> [8489 bytes]","args":[{"element-6066-11e4-a52e-4f735466cecf":"f.73A3896108CAD0F2DAB8766297627504.d.68520B5145812B133FC72C773B5E2581.e.17541","ELEMENT":"f.73A3896108CAD0F2DAB8766297627504.d.68520B5145812B133FC72C773B5E2581.e.17541"}]}
RESULT: {"script":"<script> [8489 bytes]","args":[{"element-6066-11e4-a52e-4f735466cecf":"f.73A3896108CAD0F2DAB8766297627504.d.68520B5145812B133FC72C773B5E2581.e.17541","ELEMENT":"f.73A3896108CAD0F2DAB8766297627504.d.68520B5145812B133FC72C773B5E2581.e.17541"}]}
COMMAND: POST /session/cd8dad5b6aa98ad5f0615c697c2d4924/element - {"using":"css selector","value":"#shell-header-logo"}
COMMAND: GET /session/cd8dad5b6aa98ad5f0615c697c2d4924/screenshot - {}
RESULT: {"using":"css selector","value":"#shell-header-logo"}
COMMAND: POST /session/cd8dad5b6aa98ad5f0615c697c2d4924/execute/sync - {"script":"<script> [8489 bytes]","args":[{"element-6066-11e4-a52e-4f735466cecf":"f.73A3896108CAD0F2DAB8766297627504.d.68520B5145812B133FC72C773B5E2581.e.17541","ELEMENT":"f.73A3896108CAD0F2DAB8766297627504.d.68520B5145812B133FC72C773B5E2581.e.17541"}]}
RESULT: {}
RESULT: {"script":"<script> [8489 bytes]","args":[{"element-6066-11e4-a52e-4f735466cecf":"f.73A3896108CAD0F2DAB8766297627504.d.68520B5145812B133FC72C773B5E2581.e.17541","ELEMENT":"f.73A3896108CAD0F2DAB8766297627504.d.68520B5145812B133FC72C773B5E2581.e.17541"}]}
COMMAND: POST /session/cd8dad5b6aa98ad5f0615c697c2d4924/execute/sync - {"script":"<script> [5351 bytes]","args":[{"element-6066-11e4-a52e-4f735466cecf":"f.73A3896108CAD0F2DAB8766297627504.d.68520B5145812B133FC72C773B5E2581.e.17541","ELEMENT":"f.73A3896108CAD0F2DAB8766297627504.d.68520B5145812B133FC72C773B5E2581.e.17541"}]}
COMMAND: GET /session/cd8dad5b6aa98ad5f0615c697c2d4924/screenshot - {}
RESULT: {"script":"<script> [5351 bytes]","args":[{"element-6066-11e4-a52e-4f735466cecf":"f.73A3896108CAD0F2DAB8766297627504.d.68520B5145812B133FC72C773B5E2581.e.17541","ELEMENT":"f.73A3896108CAD0F2DAB8766297627504.d.68520B5145812B133FC72C773B5E2581.e.17541"}]}
COMMAND: POST /session/cd8dad5b6aa98ad5f0615c697c2d4924/element - {"using":"css selector","value":"#shell-header-logo"}
COMMAND: GET /session/cd8dad5b6aa98ad5f0615c697c2d4924/screenshot - {}
RESULT: {}
RESULT: {"using":"css selector","value":"#shell-header-logo"}
COMMAND: POST /session/cd8dad5b6aa98ad5f0615c697c2d4924/element/f.73A3896108CAD0F2DAB8766297627504.d.68520B5145812B133FC72C773B5E2581.e.17541/click - {}
RESULT: {}
RESULT: {}
COMMAND: GET /session/cd8dad5b6aa98ad5f0615c697c2d4924/screenshot - {}
RESULT: {}
COMMAND: POST /session/cd8dad5b6aa98ad5f0615c697c2d4924/execute/async - {"script":"<script> [189 bytes]","args":[]}
RESULT: {"script":"<script> [189 bytes]","args":[]}
COMMAND: POST /session/cd8dad5b6aa98ad5f0615c697c2d4924/execute/async - {"script":"<script> [123 bytes]","args":[]}
RESULT: {"script":"<script> [123 bytes]","args":[]}
COMMAND: POST /session/cd8dad5b6aa98ad5f0615c697c2d4924/timeouts - {"script":"<number>"}
RESULT: {"script":"<number>"}
COMMAND: GET /session/cd8dad5b6aa98ad5f0615c697c2d4924/timeouts - {}
RESULT: {}
RESULT: undefined
COMMAND: POST /session/cd8dad5b6aa98ad5f0615c697c2d4924/execute/async - {"script":"<script> [2676 bytes]","args":[]}
RESULT: {"script":"<script> [2676 bytes]","args":[]}
COMMAND: POST /session/cd8dad5b6aa98ad5f0615c697c2d4924/execute/async - {"script":"<script> [2342 bytes]","args":[{"protocol":"http","hostname":"0.0.0.0","path":"/","capabilities":{"browserName":"chrome","goog:chromeOptions":{"binary":"C:\\Program Files\\Google\\Chrome\\Application\\chrome.exe","args":["--start-maximized"]}},"logLevel":"warn","connectionRetryTimeout":120000,"connectionRetryCount":3,"logLevels":{},"enableDirectConnect":true,"strictSSL":true,"_":"65 more keys: [\"cacheDir\",\"port\",\"requestedCapabilities\",\"automationProtocol\",\"baseUrl\",\"waitforInterval\",\"waitforTimeout\",\"onReload\",\"beforeCommand\",\"afterCommand\",\"rootDir\",\"specs\",\"suites\",\"exclude\",\"groupLogsByTestSpec\",\"excludeDriverLogs\",\"bail\",\"framework\",\"reporters\",\"services\",\"maxInstances\",\"maxInstancesPerCapability\",\"injectGlobals\",\"filesToWatch\",\"execArgv\",\"runnerEnv\",\"runner\",\"shard\",\"specFileRetries\",\"specFileRetriesDelay\",\"specFileRetriesDeferred\",\"reporterSyncInterval\",\"reporterSyncTimeout\",\"cucumberFeaturesWithLineNumbers\",\"autoCompileOpts\",\"mochaOpts\",\"jasmineOpts\",\"cucumberOpts\",\"onPrepare\",\"onWorkerStart\",\"onWorkerEnd\",\"before\",\"beforeSession\",\"beforeSuite\",\"beforeHook\",\"beforeTest\",\"afterTest\",\"afterHook\",\"afterSuite\",\"afterSession\",\"after\",\"onComplete\",\"beforeAssertion\",\"afterAssertion\",\"beforeFeature\",\"beforeScenario\",\"beforeStep\",\"afterStep\",\"afterScenario\",\"afterFeature\",\"_\",\"suite\",\"$0\",\"ignoredWorkerServices\",\"wdi5\"]"}]}
RESULT: {"script":"<script> [2342 bytes]","args":[{"protocol":"http","hostname":"0.0.0.0","path":"/","capabilities":{"browserName":"chrome","goog:chromeOptions":{"binary":"C:\\Program Files\\Google\\Chrome\\Application\\chrome.exe","args":["--start-maximized"]}},"logLevel":"warn","connectionRetryTimeout":120000,"connectionRetryCount":3,"logLevels":{},"enableDirectConnect":true,"strictSSL":true,"_":"65 more keys: [\"cacheDir\",\"port\",\"requestedCapabilities\",\"automationProtocol\",\"baseUrl\",\"waitforInterval\",\"waitforTimeout\",\"onReload\",\"beforeCommand\",\"afterCommand\",\"rootDir\",\"specs\",\"suites\",\"exclude\",\"groupLogsByTestSpec\",\"excludeDriverLogs\",\"bail\",\"framework\",\"reporters\",\"services\",\"maxInstances\",\"maxInstancesPerCapability\",\"injectGlobals\",\"filesToWatch\",\"execArgv\",\"runnerEnv\",\"runner\",\"shard\",\"specFileRetries\",\"specFileRetriesDelay\",\"specFileRetriesDeferred\",\"reporterSyncInterval\",\"reporterSyncTimeout\",\"cucumberFeaturesWithLineNumbers\",\"autoCompileOpts\",\"mochaOpts\",\"jasmineOpts\",\"cucumberOpts\",\"onPrepare\",\"onWorkerStart\",\"onWorkerEnd\",\"before\",\"beforeSession\",\"beforeSuite\",\"beforeHook\",\"beforeTest\",\"afterTest\",\"afterHook\",\"afterSuite\",\"afterSession\",\"after\",\"onComplete\",\"beforeAssertion\",\"afterAssertion\",\"beforeFeature\",\"beforeScenario\",\"beforeStep\",\"afterStep\",\"afterScenario\",\"afterFeature\",\"_\",\"suite\",\"$0\",\"ignoredWorkerServices\",\"wdi5\"]"}]}
COMMAND: POST /session/cd8dad5b6aa98ad5f0615c697c2d4924/execute/async - {"script":"<script> [21126 bytes]","args":[35000]}
RESULT: {"script":"<script> [21126 bytes]","args":[35000]}
COMMAND: POST /session/cd8dad5b6aa98ad5f0615c697c2d4924/window/maximize - {}
RESULT: {}
COMMAND: POST /session/cd8dad5b6aa98ad5f0615c697c2d4924/execute/async - {"script":"<script> [1562 bytes]","args":[{"selector":{"id":"shell-header","interaction":{"idSuffix":"icon"}},"wdio_ui5_key":"shellheader"}]}
COMMAND: GET /session/cd8dad5b6aa98ad5f0615c697c2d4924/screenshot - {}
RESULT: {"script":"<script> [1562 bytes]","args":[{"selector":{"id":"shell-header","interaction":{"idSuffix":"icon"}},"wdio_ui5_key":"shellheader"}]}
RESULT: undefined
COMMAND: POST /session/cd8dad5b6aa98ad5f0615c697c2d4924/refresh - {}
RESULT: {}
RESULT: {}
COMMAND: GET /session/cd8dad5b6aa98ad5f0615c697c2d4924/screenshot - {}
RESULT: {}
COMMAND: POST /session/cd8dad5b6aa98ad5f0615c697c2d4924/refresh - {}
RESULT: {}
COMMAND: GET /session/cd8dad5b6aa98ad5f0615c697c2d4924/screenshot - {}
RESULT: {}
COMMAND: POST /session/cd8dad5b6aa98ad5f0615c697c2d4924/window/fullscreen - {}
RESULT: {}
COMMAND: POST /session/cd8dad5b6aa98ad5f0615c697c2d4924/execute/async - {"script":"<script> [189 bytes]","args":[]}
RESULT: {"script":"<script> [189 bytes]","args":[]}
COMMAND: POST /session/cd8dad5b6aa98ad5f0615c697c2d4924/execute/async - {"script":"<script> [123 bytes]","args":[]}
RESULT: {"script":"<script> [123 bytes]","args":[]}
COMMAND: POST /session/cd8dad5b6aa98ad5f0615c697c2d4924/timeouts - {"script":"<number>"}
RESULT: {"script":"<number>"}
COMMAND: GET /session/cd8dad5b6aa98ad5f0615c697c2d4924/timeouts - {}
RESULT: {}
RESULT: undefined
COMMAND: POST /session/cd8dad5b6aa98ad5f0615c697c2d4924/execute/async - {"script":"<script> [2676 bytes]","args":[]}
RESULT: {"script":"<script> [2676 bytes]","args":[]}
COMMAND: POST /session/cd8dad5b6aa98ad5f0615c697c2d4924/execute/async - {"script":"<script> [2342 bytes]","args":[{"protocol":"http","hostname":"0.0.0.0","path":"/","capabilities":{"browserName":"chrome","goog:chromeOptions":{"binary":"C:\\Program Files\\Google\\Chrome\\Application\\chrome.exe","args":["--start-maximized"]}},"logLevel":"warn","connectionRetryTimeout":120000,"connectionRetryCount":3,"logLevels":{},"enableDirectConnect":true,"strictSSL":true,"_":"65 more keys: [\"cacheDir\",\"port\",\"requestedCapabilities\",\"automationProtocol\",\"baseUrl\",\"waitforInterval\",\"waitforTimeout\",\"onReload\",\"beforeCommand\",\"afterCommand\",\"rootDir\",\"specs\",\"suites\",\"exclude\",\"groupLogsByTestSpec\",\"excludeDriverLogs\",\"bail\",\"framework\",\"reporters\",\"services\",\"maxInstances\",\"maxInstancesPerCapability\",\"injectGlobals\",\"filesToWatch\",\"execArgv\",\"runnerEnv\",\"runner\",\"shard\",\"specFileRetries\",\"specFileRetriesDelay\",\"specFileRetriesDeferred\",\"reporterSyncInterval\",\"reporterSyncTimeout\",\"cucumberFeaturesWithLineNumbers\",\"autoCompileOpts\",\"mochaOpts\",\"jasmineOpts\",\"cucumberOpts\",\"onPrepare\",\"onWorkerStart\",\"onWorkerEnd\",\"before\",\"beforeSession\",\"beforeSuite\",\"beforeHook\",\"beforeTest\",\"afterTest\",\"afterHook\",\"afterSuite\",\"afterSession\",\"after\",\"onComplete\",\"beforeAssertion\",\"afterAssertion\",\"beforeFeature\",\"beforeScenario\",\"beforeStep\",\"afterStep\",\"afterScenario\",\"afterFeature\",\"_\",\"suite\",\"$0\",\"ignoredWorkerServices\",\"wdi5\"]"}]}
RESULT: {"script":"<script> [2342 bytes]","args":[{"protocol":"http","hostname":"0.0.0.0","path":"/","capabilities":{"browserName":"chrome","goog:chromeOptions":{"binary":"C:\\Program Files\\Google\\Chrome\\Application\\chrome.exe","args":["--start-maximized"]}},"logLevel":"warn","connectionRetryTimeout":120000,"connectionRetryCount":3,"logLevels":{},"enableDirectConnect":true,"strictSSL":true,"_":"65 more keys: [\"cacheDir\",\"port\",\"requestedCapabilities\",\"automationProtocol\",\"baseUrl\",\"waitforInterval\",\"waitforTimeout\",\"onReload\",\"beforeCommand\",\"afterCommand\",\"rootDir\",\"specs\",\"suites\",\"exclude\",\"groupLogsByTestSpec\",\"excludeDriverLogs\",\"bail\",\"framework\",\"reporters\",\"services\",\"maxInstances\",\"maxInstancesPerCapability\",\"injectGlobals\",\"filesToWatch\",\"execArgv\",\"runnerEnv\",\"runner\",\"shard\",\"specFileRetries\",\"specFileRetriesDelay\",\"specFileRetriesDeferred\",\"reporterSyncInterval\",\"reporterSyncTimeout\",\"cucumberFeaturesWithLineNumbers\",\"autoCompileOpts\",\"mochaOpts\",\"jasmineOpts\",\"cucumberOpts\",\"onPrepare\",\"onWorkerStart\",\"onWorkerEnd\",\"before\",\"beforeSession\",\"beforeSuite\",\"beforeHook\",\"beforeTest\",\"afterTest\",\"afterHook\",\"afterSuite\",\"afterSession\",\"after\",\"onComplete\",\"beforeAssertion\",\"afterAssertion\",\"beforeFeature\",\"beforeScenario\",\"beforeStep\",\"afterStep\",\"afterScenario\",\"afterFeature\",\"_\",\"suite\",\"$0\",\"ignoredWorkerServices\",\"wdi5\"]"}]}
COMMAND: POST /session/cd8dad5b6aa98ad5f0615c697c2d4924/execute/async - {"script":"<script> [21126 bytes]","args":[35000]}
RESULT: {"script":"<script> [21126 bytes]","args":[35000]}
]]></system-out>
    </testcase>
  </testsuite>
  <testsuite timestamp="2025-05-21T18:01:16" time="1432.402" tests="20" failures="0" errors="0" skipped="0">
    <properties>
      <property name="specId" value="0"/>
      <property name="suiteName" value="Billing Calculation - Time based (considering transport times) US139738"/>
      <property name="capabilities" value="chrome.136_0_7103_93.windows"/>
      <property name="file" value="file:///D:/a/1/s/test/specs/BTS/billing-calculation-transp-times.spec.js"/>
    </properties>
    <testcase classname="chrome.136_0_7103_93.windows.Billing_Calculation_-_Time_based_(considering_transport_times)_US139738" name="Should create a new yard" time="0.025">
      <system-out><![CDATA[
COMMAND: POST /session/cd8dad5b6aa98ad5f0615c697c2d4924/window/fullscreen - {}
RESULT: {}
]]></system-out>
    </testcase>
    <testcase classname="chrome.136_0_7103_93.windows.Billing_Calculation_-_Time_based_(considering_transport_times)_US139738" name="Should create a new partner" time="0.004"/>
    <testcase classname="chrome.136_0_7103_93.windows.Billing_Calculation_-_Time_based_(considering_transport_times)_US139738" name="Should create a new site" time="0.005"/>
    <testcase classname="chrome.136_0_7103_93.windows.Billing_Calculation_-_Time_based_(considering_transport_times)_US139738" name="Should create the equipment" time="136.14">
      <system-out><![CDATA[
COMMAND: POST /session/cd8dad5b6aa98ad5f0615c697c2d4924/execute/async - {"script":"<script> [1562 bytes]","args":[{"selector":{"controlType":"sap.m.GenericTile","properties":{"header":"Manage Resources"}},"wdio_ui5_key":"sapm.GenericTile{\"header\":\"Manage Resources\"}"}]}
RESULT: {"script":"<script> [1562 bytes]","args":[{"selector":{"controlType":"sap.m.GenericTile","properties":{"header":"Manage Resources"}},"wdio_ui5_key":"sapm.GenericTile{\"header\":\"Manage Resources\"}"}]}
RESULT: undefined
COMMAND: POST /session/cd8dad5b6aa98ad5f0615c697c2d4924/element - {"using":"xpath","value":"//*[@id=\"__tile39\"]"}
RESULT: {"using":"xpath","value":"//*[@id=\"__tile39\"]"}
COMMAND: POST /session/cd8dad5b6aa98ad5f0615c697c2d4924/element/f.73A3896108CAD0F2DAB8766297627504.d.8FAC82C71A0B43A2339ADC809F4F289B.e.17694/click - {}
RESULT: {}
COMMAND: GET /session/cd8dad5b6aa98ad5f0615c697c2d4924/screenshot - {}
RESULT: {}
COMMAND: POST /session/cd8dad5b6aa98ad5f0615c697c2d4924/elements - {"using":"xpath","value":"//span[text()='Error']"}
RESULT: {"using":"xpath","value":"//span[text()='Error']"}
COMMAND: POST /session/cd8dad5b6aa98ad5f0615c697c2d4924/element - {"using":"xpath","value":"//button[@data-kt=\"addNewRUOverflowToolbarButton\"]"}
RESULT: {"using":"xpath","value":"//button[@data-kt=\"addNewRUOverflowToolbarButton\"]"}
COMMAND: POST /session/cd8dad5b6aa98ad5f0615c697c2d4924/elements - {"using":"xpath","value":"//button[@data-kt=\"addNewRUOverflowToolbarButton\"]"}
RESULT: {"using":"xpath","value":"//button[@data-kt=\"addNewRUOverflowToolbarButton\"]"}
COMMAND: POST /session/cd8dad5b6aa98ad5f0615c697c2d4924/elements - {"using":"xpath","value":"//button[@data-kt=\"addNewRUOverflowToolbarButton\"]"}
RESULT: {"using":"xpath","value":"//button[@data-kt=\"addNewRUOverflowToolbarButton\"]"}
COMMAND: POST /session/cd8dad5b6aa98ad5f0615c697c2d4924/element - {"using":"xpath","value":"//button[@data-kt=\"addNewRUOverflowToolbarButton\"]"}
RESULT: {"using":"xpath","value":"//button[@data-kt=\"addNewRUOverflowToolbarButton\"]"}
COMMAND: POST /session/cd8dad5b6aa98ad5f0615c697c2d4924/execute/sync - {"script":"<script> [8489 bytes]","args":[{"element-6066-11e4-a52e-4f735466cecf":"f.73A3896108CAD0F2DAB8766297627504.d.8FAC82C71A0B43A2339ADC809F4F289B.e.17834","ELEMENT":"f.73A3896108CAD0F2DAB8766297627504.d.8FAC82C71A0B43A2339ADC809F4F289B.e.17834"}]}
RESULT: {"script":"<script> [8489 bytes]","args":[{"element-6066-11e4-a52e-4f735466cecf":"f.73A3896108CAD0F2DAB8766297627504.d.8FAC82C71A0B43A2339ADC809F4F289B.e.17834","ELEMENT":"f.73A3896108CAD0F2DAB8766297627504.d.8FAC82C71A0B43A2339ADC809F4F289B.e.17834"}]}
COMMAND: GET /session/cd8dad5b6aa98ad5f0615c697c2d4924/element/f.73A3896108CAD0F2DAB8766297627504.d.8FAC82C71A0B43A2339ADC809F4F289B.e.17834/enabled - {}
COMMAND: GET /session/cd8dad5b6aa98ad5f0615c697c2d4924/screenshot - {}
RESULT: {}
COMMAND: POST /session/cd8dad5b6aa98ad5f0615c697c2d4924/execute/sync - {"script":"<script> [8489 bytes]","args":[{"element-6066-11e4-a52e-4f735466cecf":"f.73A3896108CAD0F2DAB8766297627504.d.8FAC82C71A0B43A2339ADC809F4F289B.e.17834","ELEMENT":"f.73A3896108CAD0F2DAB8766297627504.d.8FAC82C71A0B43A2339ADC809F4F289B.e.17834"}]}
COMMAND: GET /session/cd8dad5b6aa98ad5f0615c697c2d4924/screenshot - {}
RESULT: {}
RESULT: {"script":"<script> [8489 bytes]","args":[{"element-6066-11e4-a52e-4f735466cecf":"f.73A3896108CAD0F2DAB8766297627504.d.8FAC82C71A0B43A2339ADC809F4F289B.e.17834","ELEMENT":"f.73A3896108CAD0F2DAB8766297627504.d.8FAC82C71A0B43A2339ADC809F4F289B.e.17834"}]}
COMMAND: POST /session/cd8dad5b6aa98ad5f0615c697c2d4924/execute/sync - {"script":"<script> [5351 bytes]","args":[{"element-6066-11e4-a52e-4f735466cecf":"f.73A3896108CAD0F2DAB8766297627504.d.8FAC82C71A0B43A2339ADC809F4F289B.e.17834","ELEMENT":"f.73A3896108CAD0F2DAB8766297627504.d.8FAC82C71A0B43A2339ADC809F4F289B.e.17834"}]}
COMMAND: GET /session/cd8dad5b6aa98ad5f0615c697c2d4924/screenshot - {}
RESULT: {}
RESULT: {"script":"<script> [5351 bytes]","args":[{"element-6066-11e4-a52e-4f735466cecf":"f.73A3896108CAD0F2DAB8766297627504.d.8FAC82C71A0B43A2339ADC809F4F289B.e.17834","ELEMENT":"f.73A3896108CAD0F2DAB8766297627504.d.8FAC82C71A0B43A2339ADC809F4F289B.e.17834"}]}
COMMAND: POST /session/cd8dad5b6aa98ad5f0615c697c2d4924/element/f.73A3896108CAD0F2DAB8766297627504.d.8FAC82C71A0B43A2339ADC809F4F289B.e.17834/click - {}
COMMAND: GET /session/cd8dad5b6aa98ad5f0615c697c2d4924/screenshot - {}
RESULT: {}
RESULT: {}
COMMAND: GET /session/cd8dad5b6aa98ad5f0615c697c2d4924/screenshot - {}
COMMAND: POST /session/cd8dad5b6aa98ad5f0615c697c2d4924/execute/async - {"script":"<script> [1562 bytes]","args":[{"selector":{"id":"application-manageresources-display-component---newResourceUnit--TYPE-arrow"},"wdio_ui5_key":"applicationmanageresources-display-component---newResourceUnit--TYPE-arrow"}]}
RESULT: {}
RESULT: {}
RESULT: {"script":"<script> [1562 bytes]","args":[{"selector":{"id":"application-manageresources-display-component---newResourceUnit--TYPE-arrow"},"wdio_ui5_key":"applicationmanageresources-display-component---newResourceUnit--TYPE-arrow"}]}
RESULT: undefined
COMMAND: POST /session/cd8dad5b6aa98ad5f0615c697c2d4924/element - {"using":"xpath","value":"//*[@id=\"application-manageresources-display-component---newResourceUnit--TYPE-arrow\"]"}
RESULT: {"using":"xpath","value":"//*[@id=\"application-manageresources-display-component---newResourceUnit--TYPE-arrow\"]"}
COMMAND: POST /session/cd8dad5b6aa98ad5f0615c697c2d4924/element/f.73A3896108CAD0F2DAB8766297627504.d.8FAC82C71A0B43A2339ADC809F4F289B.e.18193/click - {}
RESULT: {}
COMMAND: POST /session/cd8dad5b6aa98ad5f0615c697c2d4924/element - {"using":"xpath","value":"//input[@id=\"application-manageresources-display-component---newResourceUnit--TYPE-inner\"]"}
COMMAND: GET /session/cd8dad5b6aa98ad5f0615c697c2d4924/screenshot - {}
RESULT: {"using":"xpath","value":"//input[@id=\"application-manageresources-display-component---newResourceUnit--TYPE-inner\"]"}
COMMAND: POST /session/cd8dad5b6aa98ad5f0615c697c2d4924/element/f.73A3896108CAD0F2DAB8766297627504.d.8FAC82C71A0B43A2339ADC809F4F289B.e.18186/clear - {}
RESULT: {}
RESULT: {}
COMMAND: POST /session/cd8dad5b6aa98ad5f0615c697c2d4924/element/f.73A3896108CAD0F2DAB8766297627504.d.8FAC82C71A0B43A2339ADC809F4F289B.e.18186/value - {"text":"Equipment"}
COMMAND: GET /session/cd8dad5b6aa98ad5f0615c697c2d4924/screenshot - {}
RESULT: {"text":"Equipment"}
COMMAND: GET /session/cd8dad5b6aa98ad5f0615c697c2d4924/screenshot - {}
RESULT: {}
RESULT: {}
COMMAND: POST /session/cd8dad5b6aa98ad5f0615c697c2d4924/actions - {"actions":[{"id":"action64","type":"key","parameters":{},"actions":[{"type":"keyDown","value":""},{"type":"pause","duration":10},{"type":"keyUp","value":""}]}]}
RESULT: {"actions":[{"id":"action64","type":"key","parameters":{},"actions":[{"type":"keyDown","value":""},{"type":"pause","duration":10},{"type":"keyUp","value":""}]}]}
COMMAND: POST /session/cd8dad5b6aa98ad5f0615c697c2d4924/execute/async - {"script":"<script> [1562 bytes]","args":[{"selector":{"id":"application-manageresources-display-component---newResourceUnit--resourceId","interaction":{"idSuffix":"inner"}},"wdio_ui5_key":"applicationmanageresources-display-component---newResourceUnit--resourceId"}]}
COMMAND: GET /session/cd8dad5b6aa98ad5f0615c697c2d4924/screenshot - {}
RESULT: {"script":"<script> [1562 bytes]","args":[{"selector":{"id":"application-manageresources-display-component---newResourceUnit--resourceId","interaction":{"idSuffix":"inner"}},"wdio_ui5_key":"applicationmanageresources-display-component---newResourceUnit--resourceId"}]}
RESULT: undefined
COMMAND: POST /session/cd8dad5b6aa98ad5f0615c697c2d4924/execute/async - {"script":"<script> [776 bytes]","args":[{"enterText":"lgyJ9v9GqD","selector":{"id":"application-manageresources-display-component---newResourceUnit--resourceId","interaction":{"idSuffix":"inner"}},"clearTextFirst":true,"interactionType":"ENTER_TEXT"}]}
RESULT: {}
RESULT: {"script":"<script> [776 bytes]","args":[{"enterText":"lgyJ9v9GqD","selector":{"id":"application-manageresources-display-component---newResourceUnit--resourceId","interaction":{"idSuffix":"inner"}},"clearTextFirst":true,"interactionType":"ENTER_TEXT"}]}
COMMAND: POST /session/cd8dad5b6aa98ad5f0615c697c2d4924/execute/async - {"script":"<script> [1562 bytes]","args":[{"selector":{"id":"application-manageresources-display-component---newResourceUnit--SHORT_TEXT","interaction":{"idSuffix":"inner"}},"wdio_ui5_key":"applicationmanageresources-display-component---newResourceUnit--SHORT_TEXT"}]}
RESULT: {"script":"<script> [1562 bytes]","args":[{"selector":{"id":"application-manageresources-display-component---newResourceUnit--SHORT_TEXT","interaction":{"idSuffix":"inner"}},"wdio_ui5_key":"applicationmanageresources-display-component---newResourceUnit--SHORT_TEXT"}]}
RESULT: undefined
COMMAND: POST /session/cd8dad5b6aa98ad5f0615c697c2d4924/execute/async - {"script":"<script> [776 bytes]","args":[{"enterText":"Intercompany Equipment WDIO","selector":{"id":"application-manageresources-display-component---newResourceUnit--SHORT_TEXT","interaction":{"idSuffix":"inner"}},"clearTextFirst":true,"interactionType":"ENTER_TEXT"}]}
RESULT: {"script":"<script> [776 bytes]","args":[{"enterText":"Intercompany Equipment WDIO","selector":{"id":"application-manageresources-display-component---newResourceUnit--SHORT_TEXT","interaction":{"idSuffix":"inner"}},"clearTextFirst":true,"interactionType":"ENTER_TEXT"}]}
COMMAND: POST /session/cd8dad5b6aa98ad5f0615c697c2d4924/execute/async - {"script":"<script> [1562 bytes]","args":[{"selector":{"id":"application-manageresources-display-component---newResourceUnit--BASE_UNIT_OF_MEASURE","interaction":{"idSuffix":"inner"}},"wdio_ui5_key":"applicationmanageresources-display-component---newResourceUnit--BASE_UNIT_OF_MEASURE"}]}
RESULT: {"script":"<script> [1562 bytes]","args":[{"selector":{"id":"application-manageresources-display-component---newResourceUnit--BASE_UNIT_OF_MEASURE","interaction":{"idSuffix":"inner"}},"wdio_ui5_key":"applicationmanageresources-display-component---newResourceUnit--BASE_UNIT_OF_MEASURE"}]}
RESULT: undefined
COMMAND: POST /session/cd8dad5b6aa98ad5f0615c697c2d4924/execute/async - {"script":"<script> [776 bytes]","args":[{"enterText":"Piece","selector":{"id":"application-manageresources-display-component---newResourceUnit--BASE_UNIT_OF_MEASURE","interaction":{"idSuffix":"inner"}},"clearTextFirst":true,"interactionType":"ENTER_TEXT"}]}
RESULT: {"script":"<script> [776 bytes]","args":[{"enterText":"Piece","selector":{"id":"application-manageresources-display-component---newResourceUnit--BASE_UNIT_OF_MEASURE","interaction":{"idSuffix":"inner"}},"clearTextFirst":true,"interactionType":"ENTER_TEXT"}]}
COMMAND: POST /session/cd8dad5b6aa98ad5f0615c697c2d4924/execute/async - {"script":"<script> [1562 bytes]","args":[{"selector":{"id":"application-manageresources-display-component---newResourceUnit--WEIGHT_UNIT","interaction":{"idSuffix":"inner"}},"wdio_ui5_key":"applicationmanageresources-display-component---newResourceUnit--WEIGHT_UNIT"}]}
RESULT: {"script":"<script> [1562 bytes]","args":[{"selector":{"id":"application-manageresources-display-component---newResourceUnit--WEIGHT_UNIT","interaction":{"idSuffix":"inner"}},"wdio_ui5_key":"applicationmanageresources-display-component---newResourceUnit--WEIGHT_UNIT"}]}
RESULT: undefined
COMMAND: POST /session/cd8dad5b6aa98ad5f0615c697c2d4924/execute/async - {"script":"<script> [776 bytes]","args":[{"enterText":"Gram","selector":{"id":"application-manageresources-display-component---newResourceUnit--WEIGHT_UNIT","interaction":{"idSuffix":"inner"}},"clearTextFirst":true,"interactionType":"ENTER_TEXT"}]}
RESULT: {"script":"<script> [776 bytes]","args":[{"enterText":"Gram","selector":{"id":"application-manageresources-display-component---newResourceUnit--WEIGHT_UNIT","interaction":{"idSuffix":"inner"}},"clearTextFirst":true,"interactionType":"ENTER_TEXT"}]}
COMMAND: POST /session/cd8dad5b6aa98ad5f0615c697c2d4924/execute/async - {"script":"<script> [1562 bytes]","args":[{"selector":{"id":"application-manageresources-display-component---newResourceUnit--DIMENSION_UNIT","interaction":{"idSuffix":"inner"}},"wdio_ui5_key":"applicationmanageresources-display-component---newResourceUnit--DIMENSION_UNIT"}]}
RESULT: {"script":"<script> [1562 bytes]","args":[{"selector":{"id":"application-manageresources-display-component---newResourceUnit--DIMENSION_UNIT","interaction":{"idSuffix":"inner"}},"wdio_ui5_key":"applicationmanageresources-display-component---newResourceUnit--DIMENSION_UNIT"}]}
RESULT: undefined
COMMAND: POST /session/cd8dad5b6aa98ad5f0615c697c2d4924/execute/async - {"script":"<script> [776 bytes]","args":[{"enterText":"Meter","selector":{"id":"application-manageresources-display-component---newResourceUnit--DIMENSION_UNIT","interaction":{"idSuffix":"inner"}},"clearTextFirst":true,"interactionType":"ENTER_TEXT"}]}
RESULT: {"script":"<script> [776 bytes]","args":[{"enterText":"Meter","selector":{"id":"application-manageresources-display-component---newResourceUnit--DIMENSION_UNIT","interaction":{"idSuffix":"inner"}},"clearTextFirst":true,"interactionType":"ENTER_TEXT"}]}
COMMAND: POST /session/cd8dad5b6aa98ad5f0615c697c2d4924/execute/async - {"script":"<script> [1562 bytes]","args":[{"selector":{"id":"application-manageresources-display-component---newResourceUnit--newRRUPage-anchBar-application-manageresources-display-component---newResourceUnit--control-anchor","interaction":{"idSuffix":"BDI-content"}},"wdio_ui5_key":"applicationmanageresources-display-component---newResourceUnit--newRRUPage-anchBar-application-manageresources-display-component---newResourceUnit--control-anchor"}]}
RESULT: {"script":"<script> [1562 bytes]","args":[{"selector":{"id":"application-manageresources-display-component---newResourceUnit--newRRUPage-anchBar-application-manageresources-display-component---newResourceUnit--control-anchor","interaction":{"idSuffix":"BDI-content"}},"wdio_ui5_key":"applicationmanageresources-display-component---newResourceUnit--newRRUPage-anchBar-application-manageresources-display-component---newResourceUnit--control-anchor"}]}
RESULT: undefined
COMMAND: POST /session/cd8dad5b6aa98ad5f0615c697c2d4924/element - {"using":"xpath","value":"//*[@id=\"application-manageresources-display-component---newResourceUnit--newRRUPage-anchBar-application-manageresources-display-component---newResourceUnit--control-anchor\"]"}
RESULT: {"using":"xpath","value":"//*[@id=\"application-manageresources-display-component---newResourceUnit--newRRUPage-anchBar-application-manageresources-display-component---newResourceUnit--control-anchor\"]"}
COMMAND: POST /session/cd8dad5b6aa98ad5f0615c697c2d4924/element/f.73A3896108CAD0F2DAB8766297627504.d.8FAC82C71A0B43A2339ADC809F4F289B.e.18325/click - {}
RESULT: {}
COMMAND: POST /session/cd8dad5b6aa98ad5f0615c697c2d4924/execute/async - {"script":"<script> [1562 bytes]","args":[{"selector":{"id":"application-manageresources-display-component---newResourceUnit--PLANNING_GROUP","interaction":{"idSuffix":"inner"}},"wdio_ui5_key":"applicationmanageresources-display-component---newResourceUnit--PLANNING_GROUP"}]}
COMMAND: GET /session/cd8dad5b6aa98ad5f0615c697c2d4924/screenshot - {}
RESULT: {"script":"<script> [1562 bytes]","args":[{"selector":{"id":"application-manageresources-display-component---newResourceUnit--PLANNING_GROUP","interaction":{"idSuffix":"inner"}},"wdio_ui5_key":"applicationmanageresources-display-component---newResourceUnit--PLANNING_GROUP"}]}
RESULT: undefined
COMMAND: POST /session/cd8dad5b6aa98ad5f0615c697c2d4924/execute/async - {"script":"<script> [776 bytes]","args":[{"enterText":"Heavy Equi","selector":{"id":"application-manageresources-display-component---newResourceUnit--PLANNING_GROUP","interaction":{"idSuffix":"inner"}},"clearTextFirst":true,"interactionType":"ENTER_TEXT"}]}
RESULT: {}
RESULT: {"script":"<script> [776 bytes]","args":[{"enterText":"Heavy Equi","selector":{"id":"application-manageresources-display-component---newResourceUnit--PLANNING_GROUP","interaction":{"idSuffix":"inner"}},"clearTextFirst":true,"interactionType":"ENTER_TEXT"}]}
COMMAND: POST /session/cd8dad5b6aa98ad5f0615c697c2d4924/execute/async - {"script":"<script> [1562 bytes]","args":[{"selector":{"id":"application-manageresources-display-component---newResourceUnit--ITEM_TYPE-arrow"},"wdio_ui5_key":"applicationmanageresources-display-component---newResourceUnit--ITEM_TYPE-arrow"}]}
RESULT: {"script":"<script> [1562 bytes]","args":[{"selector":{"id":"application-manageresources-display-component---newResourceUnit--ITEM_TYPE-arrow"},"wdio_ui5_key":"applicationmanageresources-display-component---newResourceUnit--ITEM_TYPE-arrow"}]}
RESULT: undefined
COMMAND: POST /session/cd8dad5b6aa98ad5f0615c697c2d4924/element - {"using":"xpath","value":"//*[@id=\"application-manageresources-display-component---newResourceUnit--ITEM_TYPE-arrow\"]"}
RESULT: {"using":"xpath","value":"//*[@id=\"application-manageresources-display-component---newResourceUnit--ITEM_TYPE-arrow\"]"}
COMMAND: POST /session/cd8dad5b6aa98ad5f0615c697c2d4924/element/f.73A3896108CAD0F2DAB8766297627504.d.8FAC82C71A0B43A2339ADC809F4F289B.e.18332/click - {}
RESULT: {}
COMMAND: POST /session/cd8dad5b6aa98ad5f0615c697c2d4924/element - {"using":"xpath","value":"(//span[contains(text(), \"Resource Unit\")])[2]"}
COMMAND: GET /session/cd8dad5b6aa98ad5f0615c697c2d4924/screenshot - {}
RESULT: {"using":"xpath","value":"(//span[contains(text(), \"Resource Unit\")])[2]"}
COMMAND: POST /session/cd8dad5b6aa98ad5f0615c697c2d4924/element/f.73A3896108CAD0F2DAB8766297627504.d.8FAC82C71A0B43A2339ADC809F4F289B.e.18333/click - {}
RESULT: {}
RESULT: {}
COMMAND: GET /session/cd8dad5b6aa98ad5f0615c697c2d4924/screenshot - {}
RESULT: {}
COMMAND: POST /session/cd8dad5b6aa98ad5f0615c697c2d4924/element - {"using":"css selector","value":"#application-manageresources-display-component---newResourceUnit--btnAddTimeSegment"}
RESULT: {"using":"css selector","value":"#application-manageresources-display-component---newResourceUnit--btnAddTimeSegment"}
COMMAND: GET /session/cd8dad5b6aa98ad5f0615c697c2d4924/element/f.73A3896108CAD0F2DAB8766297627504.d.8FAC82C71A0B43A2339ADC809F4F289B.e.18334/rect - {}
RESULT: {}
COMMAND: GET /session/cd8dad5b6aa98ad5f0615c697c2d4924/window/rect - {}
RESULT: {}
COMMAND: POST /session/cd8dad5b6aa98ad5f0615c697c2d4924/execute/sync - {"script":"<script> [92 bytes]","args":[]}
RESULT: {"script":"<script> [92 bytes]","args":[]}
COMMAND: POST /session/cd8dad5b6aa98ad5f0615c697c2d4924/actions - {"actions":[{"id":"action65","type":"wheel","parameters":{},"actions":[{"type":"scroll","x":-1888,"y":-32,"deltaX":0,"deltaY":0,"duration":0,"origin":{"element-6066-11e4-a52e-4f735466cecf":"f.73A3896108CAD0F2DAB8766297627504.d.8FAC82C71A0B43A2339ADC809F4F289B.e.18334"}}]}]}
COMMAND: GET /session/cd8dad5b6aa98ad5f0615c697c2d4924/screenshot - {}
RESULT: {}
COMMAND: POST /session/cd8dad5b6aa98ad5f0615c697c2d4924/execute/sync - {"script":"<script> [79 bytes]","args":[{"element-6066-11e4-a52e-4f735466cecf":"f.73A3896108CAD0F2DAB8766297627504.d.8FAC82C71A0B43A2339ADC809F4F289B.e.18334","ELEMENT":"f.73A3896108CAD0F2DAB8766297627504.d.8FAC82C71A0B43A2339ADC809F4F289B.e.18334"},{"block":"start","inline":"nearest"}]}
RESULT: {"script":"<script> [79 bytes]","args":[{"element-6066-11e4-a52e-4f735466cecf":"f.73A3896108CAD0F2DAB8766297627504.d.8FAC82C71A0B43A2339ADC809F4F289B.e.18334","ELEMENT":"f.73A3896108CAD0F2DAB8766297627504.d.8FAC82C71A0B43A2339ADC809F4F289B.e.18334"},{"block":"start","inline":"nearest"}]}
COMMAND: POST /session/cd8dad5b6aa98ad5f0615c697c2d4924/execute/async - {"script":"<script> [1562 bytes]","args":[{"selector":{"id":"application-manageresources-display-component---newResourceUnit--btnAddTimeSegment","interaction":{"idSuffix":"inner"}},"wdio_ui5_key":"applicationmanageresources-display-component---newResourceUnit--btnAddTimeSegment"}]}
COMMAND: GET /session/cd8dad5b6aa98ad5f0615c697c2d4924/screenshot - {}
RESULT: {"script":"<script> [1562 bytes]","args":[{"selector":{"id":"application-manageresources-display-component---newResourceUnit--btnAddTimeSegment","interaction":{"idSuffix":"inner"}},"wdio_ui5_key":"applicationmanageresources-display-component---newResourceUnit--btnAddTimeSegment"}]}
RESULT: undefined
COMMAND: POST /session/cd8dad5b6aa98ad5f0615c697c2d4924/element - {"using":"xpath","value":"//*[@id=\"application-manageresources-display-component---newResourceUnit--btnAddTimeSegment\"]"}
RESULT: {}
RESULT: {"using":"xpath","value":"//*[@id=\"application-manageresources-display-component---newResourceUnit--btnAddTimeSegment\"]"}
COMMAND: POST /session/cd8dad5b6aa98ad5f0615c697c2d4924/element/f.73A3896108CAD0F2DAB8766297627504.d.8FAC82C71A0B43A2339ADC809F4F289B.e.18334/click - {}
RESULT: {}
COMMAND: GET /session/cd8dad5b6aa98ad5f0615c697c2d4924/screenshot - {}
RESULT: {}
COMMAND: POST /session/cd8dad5b6aa98ad5f0615c697c2d4924/element - {"using":"xpath","value":"//input[@id=\"application-manageresources-display-component---newResourceUnit--idRuTSAdmin-application-manageresources-display-component---newResourceUnit--RUTimeSegment-0-inner\"]"}
RESULT: {"using":"xpath","value":"//input[@id=\"application-manageresources-display-component---newResourceUnit--idRuTSAdmin-application-manageresources-display-component---newResourceUnit--RUTimeSegment-0-inner\"]"}
COMMAND: POST /session/cd8dad5b6aa98ad5f0615c697c2d4924/element/f.73A3896108CAD0F2DAB8766297627504.d.8FAC82C71A0B43A2339ADC809F4F289B.e.18340/clear - {}
RESULT: {}
COMMAND: POST /session/cd8dad5b6aa98ad5f0615c697c2d4924/element/f.73A3896108CAD0F2DAB8766297627504.d.8FAC82C71A0B43A2339ADC809F4F289B.e.18340/value - {"text":"639"}
COMMAND: GET /session/cd8dad5b6aa98ad5f0615c697c2d4924/screenshot - {}
RESULT: {"text":"639"}
COMMAND: GET /session/cd8dad5b6aa98ad5f0615c697c2d4924/screenshot - {}
RESULT: {}
RESULT: {}
COMMAND: POST /session/cd8dad5b6aa98ad5f0615c697c2d4924/element - {"using":"xpath","value":"//li[.//span[text()='639']]"}
RESULT: {"using":"xpath","value":"//li[.//span[text()='639']]"}
COMMAND: POST /session/cd8dad5b6aa98ad5f0615c697c2d4924/element/f.73A3896108CAD0F2DAB8766297627504.d.8FAC82C71A0B43A2339ADC809F4F289B.e.18352/click - {}
RESULT: {}
COMMAND: GET /session/cd8dad5b6aa98ad5f0615c697c2d4924/screenshot - {}
RESULT: {}
COMMAND: POST /session/cd8dad5b6aa98ad5f0615c697c2d4924/element - {"using":"xpath","value":"(//span[contains(@id, \"-application-manageresources-display-component---newResourceUnit--RUTimeSegment-0-arrow\")])[6]"}
RESULT: {"using":"xpath","value":"(//span[contains(@id, \"-application-manageresources-display-component---newResourceUnit--RUTimeSegment-0-arrow\")])[6]"}
COMMAND: POST /session/cd8dad5b6aa98ad5f0615c697c2d4924/element/f.73A3896108CAD0F2DAB8766297627504.d.8FAC82C71A0B43A2339ADC809F4F289B.e.18353/click - {}
RESULT: {}
COMMAND: GET /session/cd8dad5b6aa98ad5f0615c697c2d4924/screenshot - {}
RESULT: {}
COMMAND: POST /session/cd8dad5b6aa98ad5f0615c697c2d4924/element - {"using":"xpath","value":"//span[contains(text(), \"PM Order\")]"}
RESULT: {"using":"xpath","value":"//span[contains(text(), \"PM Order\")]"}
COMMAND: POST /session/cd8dad5b6aa98ad5f0615c697c2d4924/element/f.73A3896108CAD0F2DAB8766297627504.d.8FAC82C71A0B43A2339ADC809F4F289B.e.18356/click - {}
RESULT: {}
COMMAND: GET /session/cd8dad5b6aa98ad5f0615c697c2d4924/screenshot - {}
RESULT: {}
COMMAND: POST /session/cd8dad5b6aa98ad5f0615c697c2d4924/element - {"using":"xpath","value":"(//span[contains(@id ,\"manageresources-display-component---newResourceUnit--RUTimeSegment-0-vhi\")])[1]"}
RESULT: {"using":"xpath","value":"(//span[contains(@id ,\"manageresources-display-component---newResourceUnit--RUTimeSegment-0-vhi\")])[1]"}
COMMAND: GET /session/cd8dad5b6aa98ad5f0615c697c2d4924/element/f.73A3896108CAD0F2DAB8766297627504.d.8FAC82C71A0B43A2339ADC809F4F289B.e.18360/rect - {}
RESULT: {}
COMMAND: GET /session/cd8dad5b6aa98ad5f0615c697c2d4924/window/rect - {}
RESULT: {}
COMMAND: POST /session/cd8dad5b6aa98ad5f0615c697c2d4924/execute/sync - {"script":"<script> [92 bytes]","args":[]}
RESULT: {"script":"<script> [92 bytes]","args":[]}
COMMAND: POST /session/cd8dad5b6aa98ad5f0615c697c2d4924/actions - {"actions":[{"id":"action66","type":"wheel","parameters":{},"actions":[{"type":"scroll","x":-869,"y":-24,"deltaX":0,"deltaY":0,"duration":0,"origin":{"element-6066-11e4-a52e-4f735466cecf":"f.73A3896108CAD0F2DAB8766297627504.d.8FAC82C71A0B43A2339ADC809F4F289B.e.18360"}}]}]}
COMMAND: GET /session/cd8dad5b6aa98ad5f0615c697c2d4924/screenshot - {}
RESULT: {"actions":[{"id":"action66","type":"wheel","parameters":{},"actions":[{"type":"scroll","x":-869,"y":-24,"deltaX":0,"deltaY":0,"duration":0,"origin":{"element-6066-11e4-a52e-4f735466cecf":"f.73A3896108CAD0F2DAB8766297627504.d.8FAC82C71A0B43A2339ADC809F4F289B.e.18360"}}]}]}
COMMAND: DELETE /session/cd8dad5b6aa98ad5f0615c697c2d4924/actions - {}
COMMAND: GET /session/cd8dad5b6aa98ad5f0615c697c2d4924/screenshot - {}
RESULT: {}
RESULT: {}
COMMAND: GET /session/cd8dad5b6aa98ad5f0615c697c2d4924/screenshot - {}
RESULT: {}
RESULT: {}
COMMAND: POST /session/cd8dad5b6aa98ad5f0615c697c2d4924/element/f.73A3896108CAD0F2DAB8766297627504.d.8FAC82C71A0B43A2339ADC809F4F289B.e.18360/click - {}
RESULT: {}
COMMAND: GET /session/cd8dad5b6aa98ad5f0615c697c2d4924/screenshot - {}
RESULT: {}
COMMAND: POST /session/cd8dad5b6aa98ad5f0615c697c2d4924/execute/async - {"script":"<script> [1562 bytes]","args":[{"selector":{"controlType":"sap.m.SearchField","properties":{"placeholder":"Search"},"searchOpenDialogs":true,"interaction":{"idSuffix":"I"}},"wdio_ui5_key":"sapm.SearchField{\"placeholder\":\"Search\"}"}]}
RESULT: {"script":"<script> [1562 bytes]","args":[{"selector":{"controlType":"sap.m.SearchField","properties":{"placeholder":"Search"},"searchOpenDialogs":true,"interaction":{"idSuffix":"I"}},"wdio_ui5_key":"sapm.SearchField{\"placeholder\":\"Search\"}"}]}
RESULT: undefined
COMMAND: POST /session/cd8dad5b6aa98ad5f0615c697c2d4924/execute/async - {"script":"<script> [776 bytes]","args":[{"enterText":"4000360","selector":{"controlType":"sap.m.SearchField","properties":{"placeholder":"Search"},"searchOpenDialogs":true,"interaction":{"idSuffix":"I"}},"clearTextFirst":true,"interactionType":"ENTER_TEXT"}]}
RESULT: {"script":"<script> [776 bytes]","args":[{"enterText":"4000360","selector":{"controlType":"sap.m.SearchField","properties":{"placeholder":"Search"},"searchOpenDialogs":true,"interaction":{"idSuffix":"I"}},"clearTextFirst":true,"interactionType":"ENTER_TEXT"}]}
COMMAND: POST /session/cd8dad5b6aa98ad5f0615c697c2d4924/actions - {"actions":[{"id":"action67","type":"key","parameters":{},"actions":[{"type":"keyDown","value":""},{"type":"pause","duration":10},{"type":"keyUp","value":""}]}]}
RESULT: {"actions":[{"id":"action67","type":"key","parameters":{},"actions":[{"type":"keyDown","value":""},{"type":"pause","duration":10},{"type":"keyUp","value":""}]}]}
COMMAND: GET /session/cd8dad5b6aa98ad5f0615c697c2d4924/screenshot - {}
RESULT: {}
COMMAND: POST /session/cd8dad5b6aa98ad5f0615c697c2d4924/element - {"using":"xpath","value":"//td/div/span[contains(text(), \"BGL Vehicles\")]"}
RESULT: {"using":"xpath","value":"//td/div/span[contains(text(), \"BGL Vehicles\")]"}
COMMAND: POST /session/cd8dad5b6aa98ad5f0615c697c2d4924/element/f.73A3896108CAD0F2DAB8766297627504.d.8FAC82C71A0B43A2339ADC809F4F289B.e.18383/click - {}
RESULT: {}
COMMAND: GET /session/cd8dad5b6aa98ad5f0615c697c2d4924/screenshot - {}
RESULT: {}
COMMAND: POST /session/cd8dad5b6aa98ad5f0615c697c2d4924/element - {"using":"xpath","value":"//bdi[contains(text(), \"OK\")]"}
RESULT: {"using":"xpath","value":"//bdi[contains(text(), \"OK\")]"}
COMMAND: POST /session/cd8dad5b6aa98ad5f0615c697c2d4924/element/f.73A3896108CAD0F2DAB8766297627504.d.8FAC82C71A0B43A2339ADC809F4F289B.e.18384/click - {}
RESULT: {}
COMMAND: GET /session/cd8dad5b6aa98ad5f0615c697c2d4924/screenshot - {}
RESULT: {}
COMMAND: POST /session/cd8dad5b6aa98ad5f0615c697c2d4924/execute/async - {"script":"<script> [1562 bytes]","args":[{"selector":{"id":"application-manageresources-display-component---newResourceUnit--newRRUPage-anchBar-application-manageresources-display-component---newResourceUnit--resource-anchor","interaction":{"idSuffix":"BDI-content"}},"wdio_ui5_key":"applicationmanageresources-display-component---newResourceUnit--newRRUPage-anchBar-application-manageresources-display-component---newResourceUnit--resource-anchor"}]}
RESULT: {"script":"<script> [1562 bytes]","args":[{"selector":{"id":"application-manageresources-display-component---newResourceUnit--newRRUPage-anchBar-application-manageresources-display-component---newResourceUnit--resource-anchor","interaction":{"idSuffix":"BDI-content"}},"wdio_ui5_key":"applicationmanageresources-display-component---newResourceUnit--newRRUPage-anchBar-application-manageresources-display-component---newResourceUnit--resource-anchor"}]}
RESULT: undefined
COMMAND: POST /session/cd8dad5b6aa98ad5f0615c697c2d4924/element - {"using":"xpath","value":"//*[@id=\"application-manageresources-display-component---newResourceUnit--newRRUPage-anchBar-application-manageresources-display-component---newResourceUnit--resource-anchor\"]"}
RESULT: {"using":"xpath","value":"//*[@id=\"application-manageresources-display-component---newResourceUnit--newRRUPage-anchBar-application-manageresources-display-component---newResourceUnit--resource-anchor\"]"}
COMMAND: POST /session/cd8dad5b6aa98ad5f0615c697c2d4924/element/f.73A3896108CAD0F2DAB8766297627504.d.8FAC82C71A0B43A2339ADC809F4F289B.e.18388/click - {}
RESULT: {}
COMMAND: POST /session/cd8dad5b6aa98ad5f0615c697c2d4924/execute/async - {"script":"<script> [1562 bytes]","args":[{"selector":{"id":"application-manageresources-display-component---newResourceUnit--PLANNED_DELIVERY_DATE","interaction":{"idSuffix":"inner"}},"wdio_ui5_key":"applicationmanageresources-display-component---newResourceUnit--PLANNED_DELIVERY_DATE"}]}
COMMAND: GET /session/cd8dad5b6aa98ad5f0615c697c2d4924/screenshot - {}
RESULT: {"script":"<script> [1562 bytes]","args":[{"selector":{"id":"application-manageresources-display-component---newResourceUnit--PLANNED_DELIVERY_DATE","interaction":{"idSuffix":"inner"}},"wdio_ui5_key":"applicationmanageresources-display-component---newResourceUnit--PLANNED_DELIVERY_DATE"}]}
RESULT: undefined
COMMAND: POST /session/cd8dad5b6aa98ad5f0615c697c2d4924/execute/async - {"script":"<script> [6424 bytes]","args":[{"element-6066-11e4-a52e-4f735466cecf":"f.73A3896108CAD0F2DAB8766297627504.d.8FAC82C71A0B43A2339ADC809F4F289B.e.18250"},"setValue",["5/21/25"]]}
RESULT: {}
RESULT: {"script":"<script> [6424 bytes]","args":[{"element-6066-11e4-a52e-4f735466cecf":"f.73A3896108CAD0F2DAB8766297627504.d.8FAC82C71A0B43A2339ADC809F4F289B.e.18250"},"setValue",["5/21/25"]]}
COMMAND: POST /session/cd8dad5b6aa98ad5f0615c697c2d4924/element - {"using":"xpath","value":"//label[contains(@class, 'sapMLabelRequired') and .//bdi[contains(text(), 'Planned Retirement')]]"}
RESULT: {"using":"xpath","value":"//label[contains(@class, 'sapMLabelRequired') and .//bdi[contains(text(), 'Planned Retirement')]]"}
COMMAND: POST /session/cd8dad5b6aa98ad5f0615c697c2d4924/elements - {"using":"xpath","value":"//label[contains(@class, 'sapMLabelRequired') and .//bdi[contains(text(), 'Planned Retirement')]]"}
RESULT: {"using":"xpath","value":"//label[contains(@class, 'sapMLabelRequired') and .//bdi[contains(text(), 'Planned Retirement')]]"}
COMMAND: POST /session/cd8dad5b6aa98ad5f0615c697c2d4924/element - {"using":"xpath","value":"//button[@data-kt=\"resourceUnitSaveButton\"]"}
RESULT: {"using":"xpath","value":"//button[@data-kt=\"resourceUnitSaveButton\"]"}
COMMAND: POST /session/cd8dad5b6aa98ad5f0615c697c2d4924/element/f.73A3896108CAD0F2DAB8766297627504.d.8FAC82C71A0B43A2339ADC809F4F289B.e.18210/click - {}
RESULT: {}
COMMAND: GET /session/cd8dad5b6aa98ad5f0615c697c2d4924/screenshot - {}
RESULT: {}
COMMAND: POST /session/cd8dad5b6aa98ad5f0615c697c2d4924/element - {"using":"xpath","value":"//bdi[contains(text(), \"Close\")]"}
RESULT: {"using":"xpath","value":"//bdi[contains(text(), \"Close\")]"}
COMMAND: POST /session/cd8dad5b6aa98ad5f0615c697c2d4924/element/f.73A3896108CAD0F2DAB8766297627504.d.8FAC82C71A0B43A2339ADC809F4F289B.e.18396/click - {}
RESULT: {}
COMMAND: GET /session/cd8dad5b6aa98ad5f0615c697c2d4924/screenshot - {}
RESULT: {}
COMMAND: POST /session/cd8dad5b6aa98ad5f0615c697c2d4924/element - {"using":"xpath","value":"(//button[contains(@id ,\"actionsToolbar-overflowButton\")])[1]"}
RESULT: {"using":"xpath","value":"(//button[contains(@id ,\"actionsToolbar-overflowButton\")])[1]"}
COMMAND: POST /session/cd8dad5b6aa98ad5f0615c697c2d4924/element/f.73A3896108CAD0F2DAB8766297627504.d.8FAC82C71A0B43A2339ADC809F4F289B.e.18426/click - {}
RESULT: {}
COMMAND: GET /session/cd8dad5b6aa98ad5f0615c697c2d4924/screenshot - {}
RESULT: {}
COMMAND: POST /session/cd8dad5b6aa98ad5f0615c697c2d4924/element - {"using":"xpath","value":"//button[@data-kt=\"priceInfoButton\"]"}
RESULT: {"using":"xpath","value":"//button[@data-kt=\"priceInfoButton\"]"}
COMMAND: POST /session/cd8dad5b6aa98ad5f0615c697c2d4924/element/f.73A3896108CAD0F2DAB8766297627504.d.8FAC82C71A0B43A2339ADC809F4F289B.e.18428/click - {}
RESULT: {}
COMMAND: GET /session/cd8dad5b6aa98ad5f0615c697c2d4924/screenshot - {}
]]></system-out>
    </testcase>
    <testcase classname="chrome.136_0_7103_93.windows.Billing_Calculation_-_Time_based_(considering_transport_times)_US139738" name="Should create new pricing rule for the equipment" time="52.37">
      <system-out><![CDATA[
COMMAND: POST /session/cd8dad5b6aa98ad5f0615c697c2d4924/element - {"using":"xpath","value":"//button[@data-kt=\"addButton\"]"}
RESULT: {}
RESULT: {"using":"xpath","value":"//button[@data-kt=\"addButton\"]"}
COMMAND: POST /session/cd8dad5b6aa98ad5f0615c697c2d4924/elements - {"using":"xpath","value":"//button[@data-kt=\"addButton\"]"}
RESULT: {"using":"xpath","value":"//button[@data-kt=\"addButton\"]"}
COMMAND: POST /session/cd8dad5b6aa98ad5f0615c697c2d4924/execute/sync - {"script":"<script> [8489 bytes]","args":[{"element-6066-11e4-a52e-4f735466cecf":"f.73A3896108CAD0F2DAB8766297627504.d.8FAC82C71A0B43A2339ADC809F4F289B.e.18464","ELEMENT":"f.73A3896108CAD0F2DAB8766297627504.d.8FAC82C71A0B43A2339ADC809F4F289B.e.18464"}]}
RESULT: {"script":"<script> [8489 bytes]","args":[{"element-6066-11e4-a52e-4f735466cecf":"f.73A3896108CAD0F2DAB8766297627504.d.8FAC82C71A0B43A2339ADC809F4F289B.e.18464","ELEMENT":"f.73A3896108CAD0F2DAB8766297627504.d.8FAC82C71A0B43A2339ADC809F4F289B.e.18464"}]}
COMMAND: GET /session/cd8dad5b6aa98ad5f0615c697c2d4924/element/f.73A3896108CAD0F2DAB8766297627504.d.8FAC82C71A0B43A2339ADC809F4F289B.e.18464/enabled - {}
COMMAND: GET /session/cd8dad5b6aa98ad5f0615c697c2d4924/screenshot - {}
RESULT: {}
COMMAND: POST /session/cd8dad5b6aa98ad5f0615c697c2d4924/execute/sync - {"script":"<script> [8489 bytes]","args":[{"element-6066-11e4-a52e-4f735466cecf":"f.73A3896108CAD0F2DAB8766297627504.d.8FAC82C71A0B43A2339ADC809F4F289B.e.18464","ELEMENT":"f.73A3896108CAD0F2DAB8766297627504.d.8FAC82C71A0B43A2339ADC809F4F289B.e.18464"}]}
COMMAND: GET /session/cd8dad5b6aa98ad5f0615c697c2d4924/screenshot - {}
RESULT: {}
RESULT: {"script":"<script> [8489 bytes]","args":[{"element-6066-11e4-a52e-4f735466cecf":"f.73A3896108CAD0F2DAB8766297627504.d.8FAC82C71A0B43A2339ADC809F4F289B.e.18464","ELEMENT":"f.73A3896108CAD0F2DAB8766297627504.d.8FAC82C71A0B43A2339ADC809F4F289B.e.18464"}]}
COMMAND: POST /session/cd8dad5b6aa98ad5f0615c697c2d4924/execute/sync - {"script":"<script> [5351 bytes]","args":[{"element-6066-11e4-a52e-4f735466cecf":"f.73A3896108CAD0F2DAB8766297627504.d.8FAC82C71A0B43A2339ADC809F4F289B.e.18464","ELEMENT":"f.73A3896108CAD0F2DAB8766297627504.d.8FAC82C71A0B43A2339ADC809F4F289B.e.18464"}]}
COMMAND: GET /session/cd8dad5b6aa98ad5f0615c697c2d4924/screenshot - {}
RESULT: {}
RESULT: {"script":"<script> [5351 bytes]","args":[{"element-6066-11e4-a52e-4f735466cecf":"f.73A3896108CAD0F2DAB8766297627504.d.8FAC82C71A0B43A2339ADC809F4F289B.e.18464","ELEMENT":"f.73A3896108CAD0F2DAB8766297627504.d.8FAC82C71A0B43A2339ADC809F4F289B.e.18464"}]}
COMMAND: POST /session/cd8dad5b6aa98ad5f0615c697c2d4924/element/f.73A3896108CAD0F2DAB8766297627504.d.8FAC82C71A0B43A2339ADC809F4F289B.e.18464/click - {}
COMMAND: GET /session/cd8dad5b6aa98ad5f0615c697c2d4924/screenshot - {}
RESULT: {}
RESULT: {}
COMMAND: GET /session/cd8dad5b6aa98ad5f0615c697c2d4924/screenshot - {}
RESULT: {}
RESULT: {}
COMMAND: POST /session/cd8dad5b6aa98ad5f0615c697c2d4924/execute/async - {"script":"<script> [1562 bytes]","args":[{"selector":{"controlType":"sap.m.Title","viewName":"etm.portal.ui.managepricingrules.view.NewItem","viewId":"application-managepricingrules-display-component---newInfoPriceItem","properties":{"text":"New Pricing Rules - Item Level"}},"wdio_ui5_key":"etmportal.ui.managepricingrules.view.NewItemsap.m.Title{\"text\":\"New Pricing Rules - Item Level\"}"}]}
RESULT: {"script":"<script> [1562 bytes]","args":[{"selector":{"controlType":"sap.m.Title","viewName":"etm.portal.ui.managepricingrules.view.NewItem","viewId":"application-managepricingrules-display-component---newInfoPriceItem","properties":{"text":"New Pricing Rules - Item Level"}},"wdio_ui5_key":"etmportal.ui.managepricingrules.view.NewItemsap.m.Title{\"text\":\"New Pricing Rules - Item Level\"}"}]}
RESULT: undefined
COMMAND: POST /session/cd8dad5b6aa98ad5f0615c697c2d4924/execute/async - {"script":"<script> [6424 bytes]","args":[{"element-6066-11e4-a52e-4f735466cecf":"f.73A3896108CAD0F2DAB8766297627504.d.8FAC82C71A0B43A2339ADC809F4F289B.e.18547"},"getText",[]]}
RESULT: {"script":"<script> [6424 bytes]","args":[{"element-6066-11e4-a52e-4f735466cecf":"f.73A3896108CAD0F2DAB8766297627504.d.8FAC82C71A0B43A2339ADC809F4F289B.e.18547"},"getText",[]]}
COMMAND: POST /session/cd8dad5b6aa98ad5f0615c697c2d4924/execute/async - {"script":"<script> [1562 bytes]","args":[{"selector":{"id":"application-managepricingrules-display-component---newInfoPriceItem--condValidTo","interaction":{"idSuffix":"inner"}},"wdio_ui5_key":"applicationmanagepricingrules-display-component---newInfoPriceItem--condValidTo"}]}
RESULT: {"script":"<script> [1562 bytes]","args":[{"selector":{"id":"application-managepricingrules-display-component---newInfoPriceItem--condValidTo","interaction":{"idSuffix":"inner"}},"wdio_ui5_key":"applicationmanagepricingrules-display-component---newInfoPriceItem--condValidTo"}]}
RESULT: undefined
COMMAND: POST /session/cd8dad5b6aa98ad5f0615c697c2d4924/execute/async - {"script":"<script> [776 bytes]","args":[{"enterText":"1/21/26","selector":{"id":"application-managepricingrules-display-component---newInfoPriceItem--condValidTo","interaction":{"idSuffix":"inner"}},"clearTextFirst":true,"interactionType":"ENTER_TEXT"}]}
RESULT: {"script":"<script> [776 bytes]","args":[{"enterText":"1/21/26","selector":{"id":"application-managepricingrules-display-component---newInfoPriceItem--condValidTo","interaction":{"idSuffix":"inner"}},"clearTextFirst":true,"interactionType":"ENTER_TEXT"}]}
COMMAND: POST /session/cd8dad5b6aa98ad5f0615c697c2d4924/execute/async - {"script":"<script> [1562 bytes]","args":[{"selector":{"id":"application-managepricingrules-display-component---newInfoPriceItem--billType-arrow"},"wdio_ui5_key":"applicationmanagepricingrules-display-component---newInfoPriceItem--billType-arrow"}]}
RESULT: {"script":"<script> [1562 bytes]","args":[{"selector":{"id":"application-managepricingrules-display-component---newInfoPriceItem--billType-arrow"},"wdio_ui5_key":"applicationmanagepricingrules-display-component---newInfoPriceItem--billType-arrow"}]}
RESULT: undefined
COMMAND: POST /session/cd8dad5b6aa98ad5f0615c697c2d4924/element - {"using":"xpath","value":"//*[@id=\"application-managepricingrules-display-component---newInfoPriceItem--billType-arrow\"]"}
RESULT: {"using":"xpath","value":"//*[@id=\"application-managepricingrules-display-component---newInfoPriceItem--billType-arrow\"]"}
COMMAND: POST /session/cd8dad5b6aa98ad5f0615c697c2d4924/element/f.73A3896108CAD0F2DAB8766297627504.d.8FAC82C71A0B43A2339ADC809F4F289B.e.18549/click - {}
RESULT: {}
COMMAND: POST /session/cd8dad5b6aa98ad5f0615c697c2d4924/element - {"using":"xpath","value":"//span[contains(text(), \"TB - Time based\")]"}
COMMAND: GET /session/cd8dad5b6aa98ad5f0615c697c2d4924/screenshot - {}
RESULT: {"using":"xpath","value":"//span[contains(text(), \"TB - Time based\")]"}
COMMAND: POST /session/cd8dad5b6aa98ad5f0615c697c2d4924/element/f.73A3896108CAD0F2DAB8766297627504.d.8FAC82C71A0B43A2339ADC809F4F289B.e.18550/click - {}
RESULT: {}
RESULT: {}
COMMAND: POST /session/cd8dad5b6aa98ad5f0615c697c2d4924/execute/async - {"script":"<script> [1562 bytes]","args":[{"selector":{"id":"application-managepricingrules-display-component---newInfoPriceItem--priceProc-arrow"},"wdio_ui5_key":"applicationmanagepricingrules-display-component---newInfoPriceItem--priceProc-arrow"}]}
COMMAND: GET /session/cd8dad5b6aa98ad5f0615c697c2d4924/screenshot - {}
RESULT: {"script":"<script> [1562 bytes]","args":[{"selector":{"id":"application-managepricingrules-display-component---newInfoPriceItem--priceProc-arrow"},"wdio_ui5_key":"applicationmanagepricingrules-display-component---newInfoPriceItem--priceProc-arrow"}]}
RESULT: undefined
COMMAND: POST /session/cd8dad5b6aa98ad5f0615c697c2d4924/element - {"using":"xpath","value":"//*[@id=\"application-managepricingrules-display-component---newInfoPriceItem--priceProc-arrow\"]"}
RESULT: {}
RESULT: {"using":"xpath","value":"//*[@id=\"application-managepricingrules-display-component---newInfoPriceItem--priceProc-arrow\"]"}
COMMAND: POST /session/cd8dad5b6aa98ad5f0615c697c2d4924/element/f.73A3896108CAD0F2DAB8766297627504.d.8FAC82C71A0B43A2339ADC809F4F289B.e.18551/click - {}
RESULT: {}
COMMAND: POST /session/cd8dad5b6aa98ad5f0615c697c2d4924/element - {"using":"xpath","value":"//span[contains(text(), \"TBS - Time based standard\")]"}
COMMAND: GET /session/cd8dad5b6aa98ad5f0615c697c2d4924/screenshot - {}
RESULT: {"using":"xpath","value":"//span[contains(text(), \"TBS - Time based standard\")]"}
COMMAND: POST /session/cd8dad5b6aa98ad5f0615c697c2d4924/element/f.73A3896108CAD0F2DAB8766297627504.d.8FAC82C71A0B43A2339ADC809F4F289B.e.18552/click - {}
RESULT: {}
RESULT: {}
COMMAND: POST /session/cd8dad5b6aa98ad5f0615c697c2d4924/execute/async - {"script":"<script> [1562 bytes]","args":[{"selector":{"id":"application-managepricingrules-display-component---newInfoPriceItem--calcBase-arrow"},"wdio_ui5_key":"applicationmanagepricingrules-display-component---newInfoPriceItem--calcBase-arrow"}]}
COMMAND: GET /session/cd8dad5b6aa98ad5f0615c697c2d4924/screenshot - {}
RESULT: {"script":"<script> [1562 bytes]","args":[{"selector":{"id":"application-managepricingrules-display-component---newInfoPriceItem--calcBase-arrow"},"wdio_ui5_key":"applicationmanagepricingrules-display-component---newInfoPriceItem--calcBase-arrow"}]}
RESULT: undefined
COMMAND: POST /session/cd8dad5b6aa98ad5f0615c697c2d4924/element - {"using":"xpath","value":"//*[@id=\"application-managepricingrules-display-component---newInfoPriceItem--calcBase-arrow\"]"}
RESULT: {}
RESULT: {"using":"xpath","value":"//*[@id=\"application-managepricingrules-display-component---newInfoPriceItem--calcBase-arrow\"]"}
COMMAND: POST /session/cd8dad5b6aa98ad5f0615c697c2d4924/element/f.73A3896108CAD0F2DAB8766297627504.d.8FAC82C71A0B43A2339ADC809F4F289B.e.18553/click - {}
RESULT: {}
COMMAND: GET /session/cd8dad5b6aa98ad5f0615c697c2d4924/screenshot - {}
RESULT: {}
COMMAND: POST /session/cd8dad5b6aa98ad5f0615c697c2d4924/element - {"using":"xpath","value":"//span[contains(text(), \"0006 - TB(calendar days)\")]"}
RESULT: {"using":"xpath","value":"//span[contains(text(), \"0006 - TB(calendar days)\")]"}
COMMAND: POST /session/cd8dad5b6aa98ad5f0615c697c2d4924/element/f.73A3896108CAD0F2DAB8766297627504.d.8FAC82C71A0B43A2339ADC809F4F289B.e.18554/click - {}
RESULT: {}
COMMAND: GET /session/cd8dad5b6aa98ad5f0615c697c2d4924/screenshot - {}
RESULT: {}
COMMAND: POST /session/cd8dad5b6aa98ad5f0615c697c2d4924/execute/async - {"script":"<script> [1562 bytes]","args":[{"selector":{"id":"application-managepricingrules-display-component---newInfoPriceItem--daysMonth","interaction":{"idSuffix":"inner"}},"wdio_ui5_key":"applicationmanagepricingrules-display-component---newInfoPriceItem--daysMonth"}]}
RESULT: {"script":"<script> [1562 bytes]","args":[{"selector":{"id":"application-managepricingrules-display-component---newInfoPriceItem--daysMonth","interaction":{"idSuffix":"inner"}},"wdio_ui5_key":"applicationmanagepricingrules-display-component---newInfoPriceItem--daysMonth"}]}
RESULT: undefined
COMMAND: POST /session/cd8dad5b6aa98ad5f0615c697c2d4924/execute/async - {"script":"<script> [776 bytes]","args":[{"enterText":"30","selector":{"id":"application-managepricingrules-display-component---newInfoPriceItem--daysMonth","interaction":{"idSuffix":"inner"}},"clearTextFirst":true,"interactionType":"ENTER_TEXT"}]}
RESULT: {"script":"<script> [776 bytes]","args":[{"enterText":"30","selector":{"id":"application-managepricingrules-display-component---newInfoPriceItem--daysMonth","interaction":{"idSuffix":"inner"}},"clearTextFirst":true,"interactionType":"ENTER_TEXT"}]}
COMMAND: POST /session/cd8dad5b6aa98ad5f0615c697c2d4924/element - {"using":"xpath","value":"//button[@data-kt=\"saveNewRuleButton\"]"}
RESULT: {"using":"xpath","value":"//button[@data-kt=\"saveNewRuleButton\"]"}
COMMAND: POST /session/cd8dad5b6aa98ad5f0615c697c2d4924/element/f.73A3896108CAD0F2DAB8766297627504.d.8FAC82C71A0B43A2339ADC809F4F289B.e.18556/click - {}
RESULT: {}
COMMAND: GET /session/cd8dad5b6aa98ad5f0615c697c2d4924/screenshot - {}
RESULT: {}
COMMAND: POST /session/cd8dad5b6aa98ad5f0615c697c2d4924/execute/async - {"script":"<script> [1562 bytes]","args":[{"selector":{"id":"application-managepricingrules-display-component---priceInfoItem--smartFilterBar-btnBasicSearch","interaction":{"idSuffix":"I"}},"wdio_ui5_key":"applicationmanagepricingrules-display-component---priceInfoItem--smartFilterBar-btnBasicSearch"}]}
RESULT: {"script":"<script> [1562 bytes]","args":[{"selector":{"id":"application-managepricingrules-display-component---priceInfoItem--smartFilterBar-btnBasicSearch","interaction":{"idSuffix":"I"}},"wdio_ui5_key":"applicationmanagepricingrules-display-component---priceInfoItem--smartFilterBar-btnBasicSearch"}]}
RESULT: undefined
COMMAND: POST /session/cd8dad5b6aa98ad5f0615c697c2d4924/execute/async - {"script":"<script> [776 bytes]","args":[{"enterText":"lgyJ9v9GqD","selector":{"id":"application-managepricingrules-display-component---priceInfoItem--smartFilterBar-btnBasicSearch","interaction":{"idSuffix":"I"}},"clearTextFirst":true,"interactionType":"ENTER_TEXT"}]}
RESULT: {"script":"<script> [776 bytes]","args":[{"enterText":"lgyJ9v9GqD","selector":{"id":"application-managepricingrules-display-component---priceInfoItem--smartFilterBar-btnBasicSearch","interaction":{"idSuffix":"I"}},"clearTextFirst":true,"interactionType":"ENTER_TEXT"}]}
COMMAND: POST /session/cd8dad5b6aa98ad5f0615c697c2d4924/actions - {"actions":[{"id":"action68","type":"key","parameters":{},"actions":[{"type":"keyDown","value":""},{"type":"pause","duration":10},{"type":"keyUp","value":""}]}]}
RESULT: {"actions":[{"id":"action68","type":"key","parameters":{},"actions":[{"type":"keyDown","value":""},{"type":"pause","duration":10},{"type":"keyUp","value":""}]}]}
COMMAND: GET /session/cd8dad5b6aa98ad5f0615c697c2d4924/screenshot - {}
RESULT: {}
COMMAND: POST /session/cd8dad5b6aa98ad5f0615c697c2d4924/element - {"using":"xpath","value":"//span[@id=\"application-managepricingrules-display-component---priceInfoItem--smartTable-header-inner\"]"}
RESULT: {"using":"xpath","value":"//span[@id=\"application-managepricingrules-display-component---priceInfoItem--smartTable-header-inner\"]"}
COMMAND: POST /session/cd8dad5b6aa98ad5f0615c697c2d4924/elements - {"using":"xpath","value":"//span[@id=\"application-managepricingrules-display-component---priceInfoItem--smartTable-header-inner\"]"}
RESULT: {"using":"xpath","value":"//span[@id=\"application-managepricingrules-display-component---priceInfoItem--smartTable-header-inner\"]"}
COMMAND: POST /session/cd8dad5b6aa98ad5f0615c697c2d4924/execute/sync - {"script":"<script> [56 bytes]","args":[{"element-6066-11e4-a52e-4f735466cecf":"f.73A3896108CAD0F2DAB8766297627504.d.8FAC82C71A0B43A2339ADC809F4F289B.e.18580","ELEMENT":"f.73A3896108CAD0F2DAB8766297627504.d.8FAC82C71A0B43A2339ADC809F4F289B.e.18580"}]}
RESULT: {"script":"<script> [56 bytes]","args":[{"element-6066-11e4-a52e-4f735466cecf":"f.73A3896108CAD0F2DAB8766297627504.d.8FAC82C71A0B43A2339ADC809F4F289B.e.18580","ELEMENT":"f.73A3896108CAD0F2DAB8766297627504.d.8FAC82C71A0B43A2339ADC809F4F289B.e.18580"}]}
COMMAND: POST /session/cd8dad5b6aa98ad5f0615c697c2d4924/element - {"using":"css selector","value":"#shell-header-logo"}
COMMAND: GET /session/cd8dad5b6aa98ad5f0615c697c2d4924/screenshot - {}
RESULT: {"using":"css selector","value":"#shell-header-logo"}
COMMAND: POST /session/cd8dad5b6aa98ad5f0615c697c2d4924/element/f.73A3896108CAD0F2DAB8766297627504.d.8FAC82C71A0B43A2339ADC809F4F289B.e.17803/click - {}
RESULT: {}
RESULT: {}
COMMAND: GET /session/cd8dad5b6aa98ad5f0615c697c2d4924/screenshot - {}
RESULT: {}
]]></system-out>
    </testcase>
    <testcase classname="chrome.136_0_7103_93.windows.Billing_Calculation_-_Time_based_(considering_transport_times)_US139738" name="Should create new pricing condition for the equipment" time="66.932">
      <system-out><![CDATA[
COMMAND: POST /session/cd8dad5b6aa98ad5f0615c697c2d4924/execute/async - {"script":"<script> [1562 bytes]","args":[{"selector":{"controlType":"sap.m.GenericTile","properties":{"header":"Manage Conditions & Prices"}},"wdio_ui5_key":"sapm.GenericTile{\"header\":\"Manage Conditions & Prices\"}"}]}
RESULT: {"script":"<script> [1562 bytes]","args":[{"selector":{"controlType":"sap.m.GenericTile","properties":{"header":"Manage Conditions & Prices"}},"wdio_ui5_key":"sapm.GenericTile{\"header\":\"Manage Conditions & Prices\"}"}]}
RESULT: undefined
COMMAND: POST /session/cd8dad5b6aa98ad5f0615c697c2d4924/element - {"using":"xpath","value":"//*[@id=\"__tile53\"]"}
RESULT: {"using":"xpath","value":"//*[@id=\"__tile53\"]"}
COMMAND: POST /session/cd8dad5b6aa98ad5f0615c697c2d4924/element/f.73A3896108CAD0F2DAB8766297627504.d.8FAC82C71A0B43A2339ADC809F4F289B.e.17741/click - {}
RESULT: {}
COMMAND: GET /session/cd8dad5b6aa98ad5f0615c697c2d4924/screenshot - {}
RESULT: {}
COMMAND: POST /session/cd8dad5b6aa98ad5f0615c697c2d4924/elements - {"using":"xpath","value":"//span[text()='Error']"}
RESULT: {"using":"xpath","value":"//span[text()='Error']"}
COMMAND: POST /session/cd8dad5b6aa98ad5f0615c697c2d4924/element - {"using":"xpath","value":"//button[@aria-label=\"Create\"]"}
RESULT: {"using":"xpath","value":"//button[@aria-label=\"Create\"]"}
COMMAND: POST /session/cd8dad5b6aa98ad5f0615c697c2d4924/elements - {"using":"xpath","value":"//button[@aria-label=\"Create\"]"}
RESULT: {"using":"xpath","value":"//button[@aria-label=\"Create\"]"}
COMMAND: POST /session/cd8dad5b6aa98ad5f0615c697c2d4924/execute/sync - {"script":"<script> [8489 bytes]","args":[{"element-6066-11e4-a52e-4f735466cecf":"f.73A3896108CAD0F2DAB8766297627504.d.8FAC82C71A0B43A2339ADC809F4F289B.e.18615","ELEMENT":"f.73A3896108CAD0F2DAB8766297627504.d.8FAC82C71A0B43A2339ADC809F4F289B.e.18615"}]}
RESULT: {"script":"<script> [8489 bytes]","args":[{"element-6066-11e4-a52e-4f735466cecf":"f.73A3896108CAD0F2DAB8766297627504.d.8FAC82C71A0B43A2339ADC809F4F289B.e.18615","ELEMENT":"f.73A3896108CAD0F2DAB8766297627504.d.8FAC82C71A0B43A2339ADC809F4F289B.e.18615"}]}
COMMAND: GET /session/cd8dad5b6aa98ad5f0615c697c2d4924/element/f.73A3896108CAD0F2DAB8766297627504.d.8FAC82C71A0B43A2339ADC809F4F289B.e.18615/enabled - {}
COMMAND: GET /session/cd8dad5b6aa98ad5f0615c697c2d4924/screenshot - {}
RESULT: {}
COMMAND: POST /session/cd8dad5b6aa98ad5f0615c697c2d4924/execute/sync - {"script":"<script> [8489 bytes]","args":[{"element-6066-11e4-a52e-4f735466cecf":"f.73A3896108CAD0F2DAB8766297627504.d.8FAC82C71A0B43A2339ADC809F4F289B.e.18615","ELEMENT":"f.73A3896108CAD0F2DAB8766297627504.d.8FAC82C71A0B43A2339ADC809F4F289B.e.18615"}]}
COMMAND: GET /session/cd8dad5b6aa98ad5f0615c697c2d4924/screenshot - {}
RESULT: {}
RESULT: {"script":"<script> [8489 bytes]","args":[{"element-6066-11e4-a52e-4f735466cecf":"f.73A3896108CAD0F2DAB8766297627504.d.8FAC82C71A0B43A2339ADC809F4F289B.e.18615","ELEMENT":"f.73A3896108CAD0F2DAB8766297627504.d.8FAC82C71A0B43A2339ADC809F4F289B.e.18615"}]}
COMMAND: POST /session/cd8dad5b6aa98ad5f0615c697c2d4924/execute/sync - {"script":"<script> [5351 bytes]","args":[{"element-6066-11e4-a52e-4f735466cecf":"f.73A3896108CAD0F2DAB8766297627504.d.8FAC82C71A0B43A2339ADC809F4F289B.e.18615","ELEMENT":"f.73A3896108CAD0F2DAB8766297627504.d.8FAC82C71A0B43A2339ADC809F4F289B.e.18615"}]}
COMMAND: GET /session/cd8dad5b6aa98ad5f0615c697c2d4924/screenshot - {}
RESULT: {}
RESULT: {"script":"<script> [5351 bytes]","args":[{"element-6066-11e4-a52e-4f735466cecf":"f.73A3896108CAD0F2DAB8766297627504.d.8FAC82C71A0B43A2339ADC809F4F289B.e.18615","ELEMENT":"f.73A3896108CAD0F2DAB8766297627504.d.8FAC82C71A0B43A2339ADC809F4F289B.e.18615"}]}
COMMAND: POST /session/cd8dad5b6aa98ad5f0615c697c2d4924/element/f.73A3896108CAD0F2DAB8766297627504.d.8FAC82C71A0B43A2339ADC809F4F289B.e.18615/click - {}
COMMAND: GET /session/cd8dad5b6aa98ad5f0615c697c2d4924/screenshot - {}
RESULT: {}
RESULT: {}
COMMAND: GET /session/cd8dad5b6aa98ad5f0615c697c2d4924/screenshot - {}
RESULT: {}
RESULT: {}
COMMAND: POST /session/cd8dad5b6aa98ad5f0615c697c2d4924/actions - {"actions":[{"id":"action69","type":"key","parameters":{},"actions":[{"type":"keyDown","value":""},{"type":"pause","duration":10},{"type":"keyUp","value":""}]}]}
RESULT: {"actions":[{"id":"action69","type":"key","parameters":{},"actions":[{"type":"keyDown","value":""},{"type":"pause","duration":10},{"type":"keyUp","value":""}]}]}
COMMAND: GET /session/cd8dad5b6aa98ad5f0615c697c2d4924/screenshot - {}
RESULT: {}
COMMAND: POST /session/cd8dad5b6aa98ad5f0615c697c2d4924/execute/async - {"script":"<script> [1562 bytes]","args":[{"selector":{"id":"application-manageconditionprice-display-component---newCondition--condBillCond-arrow"},"wdio_ui5_key":"applicationmanageconditionprice-display-component---newCondition--condBillCond-arrow"}]}
RESULT: {"script":"<script> [1562 bytes]","args":[{"selector":{"id":"application-manageconditionprice-display-component---newCondition--condBillCond-arrow"},"wdio_ui5_key":"applicationmanageconditionprice-display-component---newCondition--condBillCond-arrow"}]}
RESULT: undefined
COMMAND: POST /session/cd8dad5b6aa98ad5f0615c697c2d4924/element - {"using":"xpath","value":"//*[@id=\"application-manageconditionprice-display-component---newCondition--condBillCond-arrow\"]"}
RESULT: {"using":"xpath","value":"//*[@id=\"application-manageconditionprice-display-component---newCondition--condBillCond-arrow\"]"}
COMMAND: POST /session/cd8dad5b6aa98ad5f0615c697c2d4924/element/f.73A3896108CAD0F2DAB8766297627504.d.8FAC82C71A0B43A2339ADC809F4F289B.e.18795/click - {}
RESULT: {}
COMMAND: GET /session/cd8dad5b6aa98ad5f0615c697c2d4924/screenshot - {}
RESULT: {}
COMMAND: POST /session/cd8dad5b6aa98ad5f0615c697c2d4924/element - {"using":"xpath","value":"//li[.//span[contains(text(), \"DISP - D&I special price\")]]"}
RESULT: {"using":"xpath","value":"//li[.//span[contains(text(), \"DISP - D&I special price\")]]"}
COMMAND: POST /session/cd8dad5b6aa98ad5f0615c697c2d4924/element/f.73A3896108CAD0F2DAB8766297627504.d.8FAC82C71A0B43A2339ADC809F4F289B.e.18798/click - {}
RESULT: {}
COMMAND: GET /session/cd8dad5b6aa98ad5f0615c697c2d4924/screenshot - {}
RESULT: {}
COMMAND: POST /session/cd8dad5b6aa98ad5f0615c697c2d4924/execute/async - {"script":"<script> [1562 bytes]","args":[{"selector":{"id":"application-manageconditionprice-display-component---newCondition--condValidTo","interaction":{"idSuffix":"inner"}},"wdio_ui5_key":"applicationmanageconditionprice-display-component---newCondition--condValidTo"}]}
RESULT: {"script":"<script> [1562 bytes]","args":[{"selector":{"id":"application-manageconditionprice-display-component---newCondition--condValidTo","interaction":{"idSuffix":"inner"}},"wdio_ui5_key":"applicationmanageconditionprice-display-component---newCondition--condValidTo"}]}
RESULT: undefined
COMMAND: POST /session/cd8dad5b6aa98ad5f0615c697c2d4924/execute/async - {"script":"<script> [776 bytes]","args":[{"enterText":"1/21/26","selector":{"id":"application-manageconditionprice-display-component---newCondition--condValidTo","interaction":{"idSuffix":"inner"}},"clearTextFirst":true,"interactionType":"ENTER_TEXT"}]}
RESULT: {"script":"<script> [776 bytes]","args":[{"enterText":"1/21/26","selector":{"id":"application-manageconditionprice-display-component---newCondition--condValidTo","interaction":{"idSuffix":"inner"}},"clearTextFirst":true,"interactionType":"ENTER_TEXT"}]}
COMMAND: POST /session/cd8dad5b6aa98ad5f0615c697c2d4924/element - {"using":"xpath","value":"//input[@id=\"application-manageconditionprice-display-component---newCondition--condRU-inner\"]"}
RESULT: {"using":"xpath","value":"//input[@id=\"application-manageconditionprice-display-component---newCondition--condRU-inner\"]"}
COMMAND: POST /session/cd8dad5b6aa98ad5f0615c697c2d4924/element/f.73A3896108CAD0F2DAB8766297627504.d.8FAC82C71A0B43A2339ADC809F4F289B.e.18659/clear - {}
RESULT: {}
COMMAND: POST /session/cd8dad5b6aa98ad5f0615c697c2d4924/element/f.73A3896108CAD0F2DAB8766297627504.d.8FAC82C71A0B43A2339ADC809F4F289B.e.18659/value - {"text":"lgyJ9v9GqD"}
COMMAND: GET /session/cd8dad5b6aa98ad5f0615c697c2d4924/screenshot - {}
RESULT: {"text":"lgyJ9v9GqD"}
COMMAND: GET /session/cd8dad5b6aa98ad5f0615c697c2d4924/screenshot - {}
RESULT: {}
RESULT: {}
COMMAND: POST /session/cd8dad5b6aa98ad5f0615c697c2d4924/actions - {"actions":[{"id":"action70","type":"key","parameters":{},"actions":[{"type":"keyDown","value":""},{"type":"pause","duration":10},{"type":"keyUp","value":""}]}]}
RESULT: {"actions":[{"id":"action70","type":"key","parameters":{},"actions":[{"type":"keyDown","value":""},{"type":"pause","duration":10},{"type":"keyUp","value":""}]}]}
COMMAND: POST /session/cd8dad5b6aa98ad5f0615c697c2d4924/execute/async - {"script":"<script> [1562 bytes]","args":[{"selector":{"id":"application-manageconditionprice-display-component---newCondition--condBaseQty","interaction":{"idSuffix":"inner"}},"wdio_ui5_key":"applicationmanageconditionprice-display-component---newCondition--condBaseQty"}]}
COMMAND: GET /session/cd8dad5b6aa98ad5f0615c697c2d4924/screenshot - {}
RESULT: {"script":"<script> [1562 bytes]","args":[{"selector":{"id":"application-manageconditionprice-display-component---newCondition--condBaseQty","interaction":{"idSuffix":"inner"}},"wdio_ui5_key":"applicationmanageconditionprice-display-component---newCondition--condBaseQty"}]}
RESULT: undefined
COMMAND: POST /session/cd8dad5b6aa98ad5f0615c697c2d4924/execute/async - {"script":"<script> [776 bytes]","args":[{"enterText":"1","selector":{"id":"application-manageconditionprice-display-component---newCondition--condBaseQty","interaction":{"idSuffix":"inner"}},"clearTextFirst":true,"interactionType":"ENTER_TEXT"}]}
RESULT: {}
RESULT: {"script":"<script> [776 bytes]","args":[{"enterText":"1","selector":{"id":"application-manageconditionprice-display-component---newCondition--condBaseQty","interaction":{"idSuffix":"inner"}},"clearTextFirst":true,"interactionType":"ENTER_TEXT"}]}
COMMAND: POST /session/cd8dad5b6aa98ad5f0615c697c2d4924/execute/async - {"script":"<script> [1562 bytes]","args":[{"selector":{"id":"application-manageconditionprice-display-component---newCondition--condValue","interaction":{"idSuffix":"inner"}},"wdio_ui5_key":"applicationmanageconditionprice-display-component---newCondition--condValue"}]}
RESULT: {"script":"<script> [1562 bytes]","args":[{"selector":{"id":"application-manageconditionprice-display-component---newCondition--condValue","interaction":{"idSuffix":"inner"}},"wdio_ui5_key":"applicationmanageconditionprice-display-component---newCondition--condValue"}]}
RESULT: undefined
COMMAND: POST /session/cd8dad5b6aa98ad5f0615c697c2d4924/execute/async - {"script":"<script> [776 bytes]","args":[{"enterText":"100","selector":{"id":"application-manageconditionprice-display-component---newCondition--condValue","interaction":{"idSuffix":"inner"}},"clearTextFirst":true,"interactionType":"ENTER_TEXT"}]}
RESULT: {"script":"<script> [776 bytes]","args":[{"enterText":"100","selector":{"id":"application-manageconditionprice-display-component---newCondition--condValue","interaction":{"idSuffix":"inner"}},"clearTextFirst":true,"interactionType":"ENTER_TEXT"}]}
COMMAND: POST /session/cd8dad5b6aa98ad5f0615c697c2d4924/execute/async - {"script":"<script> [1562 bytes]","args":[{"selector":{"id":"application-manageconditionprice-display-component---newCondition--condCurr-arrow"},"wdio_ui5_key":"applicationmanageconditionprice-display-component---newCondition--condCurr-arrow"}]}
RESULT: {"script":"<script> [1562 bytes]","args":[{"selector":{"id":"application-manageconditionprice-display-component---newCondition--condCurr-arrow"},"wdio_ui5_key":"applicationmanageconditionprice-display-component---newCondition--condCurr-arrow"}]}
RESULT: undefined
COMMAND: POST /session/cd8dad5b6aa98ad5f0615c697c2d4924/element - {"using":"xpath","value":"//*[@id=\"application-manageconditionprice-display-component---newCondition--condCurr-arrow\"]"}
RESULT: {"using":"xpath","value":"//*[@id=\"application-manageconditionprice-display-component---newCondition--condCurr-arrow\"]"}
COMMAND: POST /session/cd8dad5b6aa98ad5f0615c697c2d4924/element/f.73A3896108CAD0F2DAB8766297627504.d.8FAC82C71A0B43A2339ADC809F4F289B.e.18777/click - {}
RESULT: {}
COMMAND: POST /session/cd8dad5b6aa98ad5f0615c697c2d4924/element - {"using":"xpath","value":"//span[contains(text(), \"Euro\")]"}
COMMAND: GET /session/cd8dad5b6aa98ad5f0615c697c2d4924/screenshot - {}
RESULT: {"using":"xpath","value":"//span[contains(text(), \"Euro\")]"}
COMMAND: POST /session/cd8dad5b6aa98ad5f0615c697c2d4924/element/f.73A3896108CAD0F2DAB8766297627504.d.8FAC82C71A0B43A2339ADC809F4F289B.e.18836/click - {}
RESULT: {}
RESULT: {}
COMMAND: POST /session/cd8dad5b6aa98ad5f0615c697c2d4924/element - {"using":"xpath","value":"//button[@data-kt=\"saveButton\"]"}
COMMAND: GET /session/cd8dad5b6aa98ad5f0615c697c2d4924/screenshot - {}
RESULT: {"using":"xpath","value":"//button[@data-kt=\"saveButton\"]"}
COMMAND: POST /session/cd8dad5b6aa98ad5f0615c697c2d4924/element/f.73A3896108CAD0F2DAB8766297627504.d.8FAC82C71A0B43A2339ADC809F4F289B.e.18778/click - {}
RESULT: {}
RESULT: {}
COMMAND: GET /session/cd8dad5b6aa98ad5f0615c697c2d4924/screenshot - {}
RESULT: {}
COMMAND: POST /session/cd8dad5b6aa98ad5f0615c697c2d4924/execute/async - {"script":"<script> [1562 bytes]","args":[{"selector":{"id":"application-manageconditionprice-display-component---conditions--smartFilterBar-btnBasicSearch","interaction":{"idSuffix":"I"}},"wdio_ui5_key":"applicationmanageconditionprice-display-component---conditions--smartFilterBar-btnBasicSearch"}]}
RESULT: {"script":"<script> [1562 bytes]","args":[{"selector":{"id":"application-manageconditionprice-display-component---conditions--smartFilterBar-btnBasicSearch","interaction":{"idSuffix":"I"}},"wdio_ui5_key":"applicationmanageconditionprice-display-component---conditions--smartFilterBar-btnBasicSearch"}]}
RESULT: undefined
COMMAND: POST /session/cd8dad5b6aa98ad5f0615c697c2d4924/execute/async - {"script":"<script> [776 bytes]","args":[{"enterText":"lgyJ9v9GqD","selector":{"id":"application-manageconditionprice-display-component---conditions--smartFilterBar-btnBasicSearch","interaction":{"idSuffix":"I"}},"clearTextFirst":true,"interactionType":"ENTER_TEXT"}]}
RESULT: {"script":"<script> [776 bytes]","args":[{"enterText":"lgyJ9v9GqD","selector":{"id":"application-manageconditionprice-display-component---conditions--smartFilterBar-btnBasicSearch","interaction":{"idSuffix":"I"}},"clearTextFirst":true,"interactionType":"ENTER_TEXT"}]}
COMMAND: POST /session/cd8dad5b6aa98ad5f0615c697c2d4924/actions - {"actions":[{"id":"action71","type":"key","parameters":{},"actions":[{"type":"keyDown","value":""},{"type":"pause","duration":10},{"type":"keyUp","value":""}]}]}
RESULT: {"actions":[{"id":"action71","type":"key","parameters":{},"actions":[{"type":"keyDown","value":""},{"type":"pause","duration":10},{"type":"keyUp","value":""}]}]}
COMMAND: GET /session/cd8dad5b6aa98ad5f0615c697c2d4924/screenshot - {}
RESULT: {}
COMMAND: POST /session/cd8dad5b6aa98ad5f0615c697c2d4924/execute/async - {"script":"<script> [1562 bytes]","args":[{"selector":{"id":"application-manageconditionprice-display-component---conditions--smartFilterBar-filterItemControl_BASIC-BILL_TYPES-vhi"},"wdio_ui5_key":"applicationmanageconditionprice-display-component---conditions--smartFilterBar-filterItemControl_BASIC-BILL_TYPES-vhi"}]}
RESULT: {"script":"<script> [1562 bytes]","args":[{"selector":{"id":"application-manageconditionprice-display-component---conditions--smartFilterBar-filterItemControl_BASIC-BILL_TYPES-vhi"},"wdio_ui5_key":"applicationmanageconditionprice-display-component---conditions--smartFilterBar-filterItemControl_BASIC-BILL_TYPES-vhi"}]}
RESULT: undefined
COMMAND: POST /session/cd8dad5b6aa98ad5f0615c697c2d4924/element - {"using":"xpath","value":"//*[@id=\"application-manageconditionprice-display-component---conditions--smartFilterBar-filterItemControl_BASIC-BILL_TYPES-vhi\"]"}
RESULT: {"using":"xpath","value":"//*[@id=\"application-manageconditionprice-display-component---conditions--smartFilterBar-filterItemControl_BASIC-BILL_TYPES-vhi\"]"}
COMMAND: POST /session/cd8dad5b6aa98ad5f0615c697c2d4924/element/f.73A3896108CAD0F2DAB8766297627504.d.8FAC82C71A0B43A2339ADC809F4F289B.e.18942/click - {}
RESULT: {}
COMMAND: POST /session/cd8dad5b6aa98ad5f0615c697c2d4924/execute/async - {"script":"<script> [1562 bytes]","args":[{"selector":{"id":"application-manageconditionprice-display-component---conditions--smartFilterBar-filterItemControl_BASIC-BILL_TYPES-valueHelpDialog-smartFilterBar-btnBasicSearch","searchOpenDialogs":true,"interaction":{"idSuffix":"I"}},"wdio_ui5_key":"applicationmanageconditionprice-display-component---conditions--smartFilterBar-filterItemControl_BASIC-BILL_TYPES-valueHelpDialog-smartFilterBar-btnBasicSearch"}]}
COMMAND: GET /session/cd8dad5b6aa98ad5f0615c697c2d4924/screenshot - {}
RESULT: {"script":"<script> [1562 bytes]","args":[{"selector":{"id":"application-manageconditionprice-display-component---conditions--smartFilterBar-filterItemControl_BASIC-BILL_TYPES-valueHelpDialog-smartFilterBar-btnBasicSearch","searchOpenDialogs":true,"interaction":{"idSuffix":"I"}},"wdio_ui5_key":"applicationmanageconditionprice-display-component---conditions--smartFilterBar-filterItemControl_BASIC-BILL_TYPES-valueHelpDialog-smartFilterBar-btnBasicSearch"}]}
RESULT: undefined
COMMAND: POST /session/cd8dad5b6aa98ad5f0615c697c2d4924/execute/async - {"script":"<script> [776 bytes]","args":[{"enterText":"TB","selector":{"id":"application-manageconditionprice-display-component---conditions--smartFilterBar-filterItemControl_BASIC-BILL_TYPES-valueHelpDialog-smartFilterBar-btnBasicSearch","searchOpenDialogs":true,"interaction":{"idSuffix":"I"}},"clearTextFirst":true,"interactionType":"ENTER_TEXT"}]}
RESULT: {}
RESULT: {"script":"<script> [776 bytes]","args":[{"enterText":"TB","selector":{"id":"application-manageconditionprice-display-component---conditions--smartFilterBar-filterItemControl_BASIC-BILL_TYPES-valueHelpDialog-smartFilterBar-btnBasicSearch","searchOpenDialogs":true,"interaction":{"idSuffix":"I"}},"clearTextFirst":true,"interactionType":"ENTER_TEXT"}]}
COMMAND: POST /session/cd8dad5b6aa98ad5f0615c697c2d4924/actions - {"actions":[{"id":"action72","type":"key","parameters":{},"actions":[{"type":"keyDown","value":""},{"type":"pause","duration":10},{"type":"keyUp","value":""}]}]}
RESULT: {"actions":[{"id":"action72","type":"key","parameters":{},"actions":[{"type":"keyDown","value":""},{"type":"pause","duration":10},{"type":"keyUp","value":""}]}]}
COMMAND: GET /session/cd8dad5b6aa98ad5f0615c697c2d4924/screenshot - {}
RESULT: {}
COMMAND: POST /session/cd8dad5b6aa98ad5f0615c697c2d4924/element - {"using":"xpath","value":"//div[contains(@id, 'application-manageconditionprice-display-component---conditions--smartFilterBar-filterItemControl_BASIC-BILL_TYPES-valueHelpDialog-table-rowsel0')]"}
RESULT: {"using":"xpath","value":"//div[contains(@id, 'application-manageconditionprice-display-component---conditions--smartFilterBar-filterItemControl_BASIC-BILL_TYPES-valueHelpDialog-table-rowsel0')]"}
COMMAND: POST /session/cd8dad5b6aa98ad5f0615c697c2d4924/element/f.73A3896108CAD0F2DAB8766297627504.d.8FAC82C71A0B43A2339ADC809F4F289B.e.18951/click - {}
RESULT: {}
COMMAND: GET /session/cd8dad5b6aa98ad5f0615c697c2d4924/screenshot - {}
RESULT: {}
COMMAND: POST /session/cd8dad5b6aa98ad5f0615c697c2d4924/element - {"using":"xpath","value":"//bdi[contains(text(), \"OK\")]"}
RESULT: {"using":"xpath","value":"//bdi[contains(text(), \"OK\")]"}
COMMAND: POST /session/cd8dad5b6aa98ad5f0615c697c2d4924/element/f.73A3896108CAD0F2DAB8766297627504.d.8FAC82C71A0B43A2339ADC809F4F289B.e.18953/click - {}
RESULT: {}
COMMAND: GET /session/cd8dad5b6aa98ad5f0615c697c2d4924/screenshot - {}
RESULT: {}
COMMAND: POST /session/cd8dad5b6aa98ad5f0615c697c2d4924/element - {"using":"xpath","value":"//span[@id=\"application-manageconditionprice-display-component---conditions--smartTable-header-inner\"]"}
RESULT: {"using":"xpath","value":"//span[@id=\"application-manageconditionprice-display-component---conditions--smartTable-header-inner\"]"}
COMMAND: POST /session/cd8dad5b6aa98ad5f0615c697c2d4924/elements - {"using":"xpath","value":"//span[@id=\"application-manageconditionprice-display-component---conditions--smartTable-header-inner\"]"}
RESULT: {"using":"xpath","value":"//span[@id=\"application-manageconditionprice-display-component---conditions--smartTable-header-inner\"]"}
COMMAND: POST /session/cd8dad5b6aa98ad5f0615c697c2d4924/execute/sync - {"script":"<script> [56 bytes]","args":[{"element-6066-11e4-a52e-4f735466cecf":"f.73A3896108CAD0F2DAB8766297627504.d.8FAC82C71A0B43A2339ADC809F4F289B.e.18956","ELEMENT":"f.73A3896108CAD0F2DAB8766297627504.d.8FAC82C71A0B43A2339ADC809F4F289B.e.18956"}]}
RESULT: {"script":"<script> [56 bytes]","args":[{"element-6066-11e4-a52e-4f735466cecf":"f.73A3896108CAD0F2DAB8766297627504.d.8FAC82C71A0B43A2339ADC809F4F289B.e.18956","ELEMENT":"f.73A3896108CAD0F2DAB8766297627504.d.8FAC82C71A0B43A2339ADC809F4F289B.e.18956"}]}
COMMAND: POST /session/cd8dad5b6aa98ad5f0615c697c2d4924/element - {"using":"css selector","value":"#shell-header-logo"}
COMMAND: GET /session/cd8dad5b6aa98ad5f0615c697c2d4924/screenshot - {}
RESULT: {"using":"css selector","value":"#shell-header-logo"}
COMMAND: POST /session/cd8dad5b6aa98ad5f0615c697c2d4924/element/f.73A3896108CAD0F2DAB8766297627504.d.8FAC82C71A0B43A2339ADC809F4F289B.e.18583/click - {}
RESULT: {}
RESULT: {}
COMMAND: GET /session/cd8dad5b6aa98ad5f0615c697c2d4924/screenshot - {}
RESULT: {}
]]></system-out>
    </testcase>
    <testcase classname="chrome.136_0_7103_93.windows.Billing_Calculation_-_Time_based_(considering_transport_times)_US139738" name="Should do a stock increase for the equipment" time="95.782">
      <system-out><![CDATA[
COMMAND: POST /session/cd8dad5b6aa98ad5f0615c697c2d4924/execute/async - {"script":"<script> [1562 bytes]","args":[{"selector":{"controlType":"sap.m.GenericTile","properties":{"header":"Manage Handovers"}},"wdio_ui5_key":"sapm.GenericTile{\"header\":\"Manage Handovers\"}"}]}
RESULT: {"script":"<script> [1562 bytes]","args":[{"selector":{"controlType":"sap.m.GenericTile","properties":{"header":"Manage Handovers"}},"wdio_ui5_key":"sapm.GenericTile{\"header\":\"Manage Handovers\"}"}]}
RESULT: undefined
COMMAND: POST /session/cd8dad5b6aa98ad5f0615c697c2d4924/element - {"using":"xpath","value":"//*[@id=\"__tile132\"]"}
RESULT: {"using":"xpath","value":"//*[@id=\"__tile132\"]"}
COMMAND: POST /session/cd8dad5b6aa98ad5f0615c697c2d4924/element/f.73A3896108CAD0F2DAB8766297627504.d.8FAC82C71A0B43A2339ADC809F4F289B.e.17778/click - {}
RESULT: {}
COMMAND: GET /session/cd8dad5b6aa98ad5f0615c697c2d4924/screenshot - {}
RESULT: {}
COMMAND: POST /session/cd8dad5b6aa98ad5f0615c697c2d4924/elements - {"using":"xpath","value":"//span[text()='Error']"}
RESULT: {"using":"xpath","value":"//span[text()='Error']"}
COMMAND: POST /session/cd8dad5b6aa98ad5f0615c697c2d4924/element - {"using":"xpath","value":"//button[@data-kt=\"masterHOAddButton\"]"}
RESULT: {"using":"xpath","value":"//button[@data-kt=\"masterHOAddButton\"]"}
COMMAND: POST /session/cd8dad5b6aa98ad5f0615c697c2d4924/elements - {"using":"xpath","value":"//button[@data-kt=\"masterHOAddButton\"]"}
RESULT: {"using":"xpath","value":"//button[@data-kt=\"masterHOAddButton\"]"}
COMMAND: POST /session/cd8dad5b6aa98ad5f0615c697c2d4924/elements - {"using":"xpath","value":"//button[@data-kt=\"masterHOAddButton\"]"}
RESULT: {"using":"xpath","value":"//button[@data-kt=\"masterHOAddButton\"]"}
COMMAND: POST /session/cd8dad5b6aa98ad5f0615c697c2d4924/elements - {"using":"xpath","value":"//button[@data-kt=\"masterHOAddButton\"]"}
RESULT: {"using":"xpath","value":"//button[@data-kt=\"masterHOAddButton\"]"}
COMMAND: POST /session/cd8dad5b6aa98ad5f0615c697c2d4924/elements - {"using":"xpath","value":"//button[@data-kt=\"masterHOAddButton\"]"}
RESULT: {"using":"xpath","value":"//button[@data-kt=\"masterHOAddButton\"]"}
COMMAND: POST /session/cd8dad5b6aa98ad5f0615c697c2d4924/elements - {"using":"xpath","value":"//button[@data-kt=\"masterHOAddButton\"]"}
RESULT: {"using":"xpath","value":"//button[@data-kt=\"masterHOAddButton\"]"}
COMMAND: POST /session/cd8dad5b6aa98ad5f0615c697c2d4924/elements - {"using":"xpath","value":"//button[@data-kt=\"masterHOAddButton\"]"}
RESULT: {"using":"xpath","value":"//button[@data-kt=\"masterHOAddButton\"]"}
COMMAND: POST /session/cd8dad5b6aa98ad5f0615c697c2d4924/element - {"using":"xpath","value":"//button[@data-kt=\"masterHOAddButton\"]"}
RESULT: {"using":"xpath","value":"//button[@data-kt=\"masterHOAddButton\"]"}
COMMAND: POST /session/cd8dad5b6aa98ad5f0615c697c2d4924/execute/sync - {"script":"<script> [8489 bytes]","args":[{"element-6066-11e4-a52e-4f735466cecf":"f.73A3896108CAD0F2DAB8766297627504.d.8FAC82C71A0B43A2339ADC809F4F289B.e.18997","ELEMENT":"f.73A3896108CAD0F2DAB8766297627504.d.8FAC82C71A0B43A2339ADC809F4F289B.e.18997"}]}
RESULT: {"script":"<script> [8489 bytes]","args":[{"element-6066-11e4-a52e-4f735466cecf":"f.73A3896108CAD0F2DAB8766297627504.d.8FAC82C71A0B43A2339ADC809F4F289B.e.18997","ELEMENT":"f.73A3896108CAD0F2DAB8766297627504.d.8FAC82C71A0B43A2339ADC809F4F289B.e.18997"}]}
COMMAND: GET /session/cd8dad5b6aa98ad5f0615c697c2d4924/element/f.73A3896108CAD0F2DAB8766297627504.d.8FAC82C71A0B43A2339ADC809F4F289B.e.18997/enabled - {}
COMMAND: GET /session/cd8dad5b6aa98ad5f0615c697c2d4924/screenshot - {}
RESULT: {}
COMMAND: POST /session/cd8dad5b6aa98ad5f0615c697c2d4924/execute/sync - {"script":"<script> [8489 bytes]","args":[{"element-6066-11e4-a52e-4f735466cecf":"f.73A3896108CAD0F2DAB8766297627504.d.8FAC82C71A0B43A2339ADC809F4F289B.e.18997","ELEMENT":"f.73A3896108CAD0F2DAB8766297627504.d.8FAC82C71A0B43A2339ADC809F4F289B.e.18997"}]}
COMMAND: GET /session/cd8dad5b6aa98ad5f0615c697c2d4924/screenshot - {}
RESULT: {}
RESULT: {"script":"<script> [8489 bytes]","args":[{"element-6066-11e4-a52e-4f735466cecf":"f.73A3896108CAD0F2DAB8766297627504.d.8FAC82C71A0B43A2339ADC809F4F289B.e.18997","ELEMENT":"f.73A3896108CAD0F2DAB8766297627504.d.8FAC82C71A0B43A2339ADC809F4F289B.e.18997"}]}
COMMAND: POST /session/cd8dad5b6aa98ad5f0615c697c2d4924/execute/sync - {"script":"<script> [5351 bytes]","args":[{"element-6066-11e4-a52e-4f735466cecf":"f.73A3896108CAD0F2DAB8766297627504.d.8FAC82C71A0B43A2339ADC809F4F289B.e.18997","ELEMENT":"f.73A3896108CAD0F2DAB8766297627504.d.8FAC82C71A0B43A2339ADC809F4F289B.e.18997"}]}
COMMAND: GET /session/cd8dad5b6aa98ad5f0615c697c2d4924/screenshot - {}
RESULT: {}
RESULT: {"script":"<script> [5351 bytes]","args":[{"element-6066-11e4-a52e-4f735466cecf":"f.73A3896108CAD0F2DAB8766297627504.d.8FAC82C71A0B43A2339ADC809F4F289B.e.18997","ELEMENT":"f.73A3896108CAD0F2DAB8766297627504.d.8FAC82C71A0B43A2339ADC809F4F289B.e.18997"}]}
COMMAND: POST /session/cd8dad5b6aa98ad5f0615c697c2d4924/element/f.73A3896108CAD0F2DAB8766297627504.d.8FAC82C71A0B43A2339ADC809F4F289B.e.18997/click - {}
COMMAND: GET /session/cd8dad5b6aa98ad5f0615c697c2d4924/screenshot - {}
RESULT: {}
RESULT: {}
COMMAND: GET /session/cd8dad5b6aa98ad5f0615c697c2d4924/screenshot - {}
RESULT: {}
RESULT: {}
COMMAND: POST /session/cd8dad5b6aa98ad5f0615c697c2d4924/element - {"using":"xpath","value":"//span[contains(@id ,\"AddNewHO--typeSelect-arrow\")]"}
RESULT: {"using":"xpath","value":"//span[contains(@id ,\"AddNewHO--typeSelect-arrow\")]"}
COMMAND: POST /session/cd8dad5b6aa98ad5f0615c697c2d4924/element/f.73A3896108CAD0F2DAB8766297627504.d.8FAC82C71A0B43A2339ADC809F4F289B.e.19354/click - {}
RESULT: {}
COMMAND: GET /session/cd8dad5b6aa98ad5f0615c697c2d4924/screenshot - {}
RESULT: {}
COMMAND: POST /session/cd8dad5b6aa98ad5f0615c697c2d4924/element - {"using":"xpath","value":"(//li[contains(text(), \"stock increase yard\")])[1]"}
RESULT: {"using":"xpath","value":"(//li[contains(text(), \"stock increase yard\")])[1]"}
COMMAND: POST /session/cd8dad5b6aa98ad5f0615c697c2d4924/element/f.73A3896108CAD0F2DAB8766297627504.d.8FAC82C71A0B43A2339ADC809F4F289B.e.19355/click - {}
RESULT: {}
COMMAND: GET /session/cd8dad5b6aa98ad5f0615c697c2d4924/screenshot - {}
RESULT: {}
COMMAND: POST /session/cd8dad5b6aa98ad5f0615c697c2d4924/execute/async - {"script":"<script> [1562 bytes]","args":[{"selector":{"id":"application-managehandovers-display-component---AddNewHO--dueDate","interaction":{"idSuffix":"inner"}},"wdio_ui5_key":"applicationmanagehandovers-display-component---AddNewHO--dueDate"}]}
RESULT: {"script":"<script> [1562 bytes]","args":[{"selector":{"id":"application-managehandovers-display-component---AddNewHO--dueDate","interaction":{"idSuffix":"inner"}},"wdio_ui5_key":"applicationmanagehandovers-display-component---AddNewHO--dueDate"}]}
RESULT: undefined
COMMAND: POST /session/cd8dad5b6aa98ad5f0615c697c2d4924/execute/async - {"script":"<script> [6424 bytes]","args":[{"element-6066-11e4-a52e-4f735466cecf":"f.73A3896108CAD0F2DAB8766297627504.d.8FAC82C71A0B43A2339ADC809F4F289B.e.19357"},"setValue",["5/21/25"]]}
RESULT: {"script":"<script> [6424 bytes]","args":[{"element-6066-11e4-a52e-4f735466cecf":"f.73A3896108CAD0F2DAB8766297627504.d.8FAC82C71A0B43A2339ADC809F4F289B.e.19357"},"setValue",["5/21/25"]]}
COMMAND: POST /session/cd8dad5b6aa98ad5f0615c697c2d4924/element - {"using":"xpath","value":"//input[@id=\"generalSectionFrg--receiveYard-inner\"]"}
RESULT: {"using":"xpath","value":"//input[@id=\"generalSectionFrg--receiveYard-inner\"]"}
COMMAND: POST /session/cd8dad5b6aa98ad5f0615c697c2d4924/element/f.73A3896108CAD0F2DAB8766297627504.d.8FAC82C71A0B43A2339ADC809F4F289B.e.19361/clear - {}
RESULT: {}
COMMAND: POST /session/cd8dad5b6aa98ad5f0615c697c2d4924/element/f.73A3896108CAD0F2DAB8766297627504.d.8FAC82C71A0B43A2339ADC809F4F289B.e.19361/value - {"text":"639"}
COMMAND: GET /session/cd8dad5b6aa98ad5f0615c697c2d4924/screenshot - {}
RESULT: {"text":"639"}
COMMAND: GET /session/cd8dad5b6aa98ad5f0615c697c2d4924/screenshot - {}
RESULT: {}
RESULT: {}
COMMAND: POST /session/cd8dad5b6aa98ad5f0615c697c2d4924/element - {"using":"xpath","value":"//li[.//span[text()='639']]"}
RESULT: {"using":"xpath","value":"//li[.//span[text()='639']]"}
COMMAND: POST /session/cd8dad5b6aa98ad5f0615c697c2d4924/element/f.73A3896108CAD0F2DAB8766297627504.d.8FAC82C71A0B43A2339ADC809F4F289B.e.19378/click - {}
RESULT: {}
COMMAND: GET /session/cd8dad5b6aa98ad5f0615c697c2d4924/screenshot - {}
RESULT: {}
COMMAND: POST /session/cd8dad5b6aa98ad5f0615c697c2d4924/execute/async - {"script":"<script> [1562 bytes]","args":[{"selector":{"id":"application-managehandovers-display-component---AddNewHO--ObjectPageLayout-anchBar-application-managehandovers-display-component---AddNewHO--section4-anchor","interaction":{"idSuffix":"BDI-content"}},"wdio_ui5_key":"applicationmanagehandovers-display-component---AddNewHO--ObjectPageLayout-anchBar-application-managehandovers-display-component---AddNewHO--section4-anchor"}]}
RESULT: {"script":"<script> [1562 bytes]","args":[{"selector":{"id":"application-managehandovers-display-component---AddNewHO--ObjectPageLayout-anchBar-application-managehandovers-display-component---AddNewHO--section4-anchor","interaction":{"idSuffix":"BDI-content"}},"wdio_ui5_key":"applicationmanagehandovers-display-component---AddNewHO--ObjectPageLayout-anchBar-application-managehandovers-display-component---AddNewHO--section4-anchor"}]}
RESULT: undefined
COMMAND: POST /session/cd8dad5b6aa98ad5f0615c697c2d4924/element - {"using":"xpath","value":"//*[@id=\"application-managehandovers-display-component---AddNewHO--ObjectPageLayout-anchBar-application-managehandovers-display-component---AddNewHO--section4-anchor\"]"}
RESULT: {"using":"xpath","value":"//*[@id=\"application-managehandovers-display-component---AddNewHO--ObjectPageLayout-anchBar-application-managehandovers-display-component---AddNewHO--section4-anchor\"]"}
COMMAND: POST /session/cd8dad5b6aa98ad5f0615c697c2d4924/element/f.73A3896108CAD0F2DAB8766297627504.d.8FAC82C71A0B43A2339ADC809F4F289B.e.19380/click - {}
RESULT: {}
COMMAND: POST /session/cd8dad5b6aa98ad5f0615c697c2d4924/element - {"using":"xpath","value":"//button[@aria-label=\"Add\"]"}
COMMAND: GET /session/cd8dad5b6aa98ad5f0615c697c2d4924/screenshot - {}
RESULT: {"using":"xpath","value":"//button[@aria-label=\"Add\"]"}
COMMAND: POST /session/cd8dad5b6aa98ad5f0615c697c2d4924/element/f.73A3896108CAD0F2DAB8766297627504.d.8FAC82C71A0B43A2339ADC809F4F289B.e.19382/click - {}
RESULT: {}
RESULT: {}
COMMAND: GET /session/cd8dad5b6aa98ad5f0615c697c2d4924/screenshot - {}
RESULT: {}
COMMAND: POST /session/cd8dad5b6aa98ad5f0615c697c2d4924/execute/async - {"script":"<script> [1562 bytes]","args":[{"selector":{"id":"application-managehandovers-display-component---AddNewHO--smartFilterBar-btnBasicSearch","searchOpenDialogs":true,"interaction":{"idSuffix":"I"}},"wdio_ui5_key":"applicationmanagehandovers-display-component---AddNewHO--smartFilterBar-btnBasicSearch"}]}
RESULT: {"script":"<script> [1562 bytes]","args":[{"selector":{"id":"application-managehandovers-display-component---AddNewHO--smartFilterBar-btnBasicSearch","searchOpenDialogs":true,"interaction":{"idSuffix":"I"}},"wdio_ui5_key":"applicationmanagehandovers-display-component---AddNewHO--smartFilterBar-btnBasicSearch"}]}
RESULT: undefined
COMMAND: POST /session/cd8dad5b6aa98ad5f0615c697c2d4924/execute/async - {"script":"<script> [776 bytes]","args":[{"enterText":"lgyJ9v9GqD","selector":{"id":"application-managehandovers-display-component---AddNewHO--smartFilterBar-btnBasicSearch","searchOpenDialogs":true,"interaction":{"idSuffix":"I"}},"clearTextFirst":true,"interactionType":"ENTER_TEXT"}]}
RESULT: {"script":"<script> [776 bytes]","args":[{"enterText":"lgyJ9v9GqD","selector":{"id":"application-managehandovers-display-component---AddNewHO--smartFilterBar-btnBasicSearch","searchOpenDialogs":true,"interaction":{"idSuffix":"I"}},"clearTextFirst":true,"interactionType":"ENTER_TEXT"}]}
COMMAND: POST /session/cd8dad5b6aa98ad5f0615c697c2d4924/actions - {"actions":[{"id":"action73","type":"key","parameters":{},"actions":[{"type":"keyDown","value":""},{"type":"pause","duration":10},{"type":"keyUp","value":""}]}]}
RESULT: {"actions":[{"id":"action73","type":"key","parameters":{},"actions":[{"type":"keyDown","value":""},{"type":"pause","duration":10},{"type":"keyUp","value":""}]}]}
COMMAND: GET /session/cd8dad5b6aa98ad5f0615c697c2d4924/screenshot - {}
RESULT: {}
COMMAND: POST /session/cd8dad5b6aa98ad5f0615c697c2d4924/execute/async - {"script":"<script> [1562 bytes]","args":[{"selector":{"id":"application-managehandovers-display-component---AddNewHO--popup-sa","searchOpenDialogs":true,"interaction":{"idSuffix":"CbBg"}},"wdio_ui5_key":"applicationmanagehandovers-display-component---AddNewHO--popup-sa"}]}
RESULT: {"script":"<script> [1562 bytes]","args":[{"selector":{"id":"application-managehandovers-display-component---AddNewHO--popup-sa","searchOpenDialogs":true,"interaction":{"idSuffix":"CbBg"}},"wdio_ui5_key":"applicationmanagehandovers-display-component---AddNewHO--popup-sa"}]}
RESULT: undefined
COMMAND: POST /session/cd8dad5b6aa98ad5f0615c697c2d4924/element - {"using":"xpath","value":"//*[@id=\"application-managehandovers-display-component---AddNewHO--popup-sa\"]"}
RESULT: {"using":"xpath","value":"//*[@id=\"application-managehandovers-display-component---AddNewHO--popup-sa\"]"}
COMMAND: POST /session/cd8dad5b6aa98ad5f0615c697c2d4924/element/f.73A3896108CAD0F2DAB8766297627504.d.8FAC82C71A0B43A2339ADC809F4F289B.e.19535/click - {}
RESULT: {}
COMMAND: GET /session/cd8dad5b6aa98ad5f0615c697c2d4924/screenshot - {}
RESULT: {}
COMMAND: POST /session/cd8dad5b6aa98ad5f0615c697c2d4924/element - {"using":"xpath","value":"//bdi[contains(text(), \"Select\")]"}
RESULT: {"using":"xpath","value":"//bdi[contains(text(), \"Select\")]"}
COMMAND: POST /session/cd8dad5b6aa98ad5f0615c697c2d4924/element/f.73A3896108CAD0F2DAB8766297627504.d.8FAC82C71A0B43A2339ADC809F4F289B.e.19536/click - {}
RESULT: {}
COMMAND: GET /session/cd8dad5b6aa98ad5f0615c697c2d4924/screenshot - {}
RESULT: {}
COMMAND: POST /session/cd8dad5b6aa98ad5f0615c697c2d4924/element - {"using":"xpath","value":"//button[@data-kt=\"AddNewHOSaveButton\"]"}
RESULT: {"using":"xpath","value":"//button[@data-kt=\"AddNewHOSaveButton\"]"}
COMMAND: POST /session/cd8dad5b6aa98ad5f0615c697c2d4924/element/f.73A3896108CAD0F2DAB8766297627504.d.8FAC82C71A0B43A2339ADC809F4F289B.e.19540/click - {}
RESULT: {}
COMMAND: GET /session/cd8dad5b6aa98ad5f0615c697c2d4924/screenshot - {}
RESULT: {}
COMMAND: POST /session/cd8dad5b6aa98ad5f0615c697c2d4924/execute/async - {"script":"<script> [1562 bytes]","args":[{"selector":{"id":"receiptDatePicker","viewName":"etm.portal.ui.managehandovers.view.DetailExecuteHO","interaction":{"idSuffix":"inner"}},"wdio_ui5_key":"receiptDatePickeretmportal.ui.managehandovers.view.DetailExecuteHO"}]}
RESULT: {"script":"<script> [1562 bytes]","args":[{"selector":{"id":"receiptDatePicker","viewName":"etm.portal.ui.managehandovers.view.DetailExecuteHO","interaction":{"idSuffix":"inner"}},"wdio_ui5_key":"receiptDatePickeretmportal.ui.managehandovers.view.DetailExecuteHO"}]}
RESULT: undefined
COMMAND: POST /session/cd8dad5b6aa98ad5f0615c697c2d4924/execute/async - {"script":"<script> [6424 bytes]","args":[{"element-6066-11e4-a52e-4f735466cecf":"f.73A3896108CAD0F2DAB8766297627504.d.8FAC82C71A0B43A2339ADC809F4F289B.e.19557"},"setValue",["5/21/25"]]}
RESULT: {"script":"<script> [6424 bytes]","args":[{"element-6066-11e4-a52e-4f735466cecf":"f.73A3896108CAD0F2DAB8766297627504.d.8FAC82C71A0B43A2339ADC809F4F289B.e.19557"},"setValue",["5/21/25"]]}
COMMAND: POST /session/cd8dad5b6aa98ad5f0615c697c2d4924/element - {"using":"xpath","value":"//button[@data-kt=\"PickingTableConfirmAllButton\"]"}
RESULT: {"using":"xpath","value":"//button[@data-kt=\"PickingTableConfirmAllButton\"]"}
COMMAND: POST /session/cd8dad5b6aa98ad5f0615c697c2d4924/element/f.73A3896108CAD0F2DAB8766297627504.d.8FAC82C71A0B43A2339ADC809F4F289B.e.19571/click - {}
RESULT: {}
COMMAND: GET /session/cd8dad5b6aa98ad5f0615c697c2d4924/screenshot - {}
RESULT: {}
COMMAND: POST /session/cd8dad5b6aa98ad5f0615c697c2d4924/element - {"using":"xpath","value":"//bdi[contains(text(), \"OK\")]"}
RESULT: {"using":"xpath","value":"//bdi[contains(text(), \"OK\")]"}
COMMAND: POST /session/cd8dad5b6aa98ad5f0615c697c2d4924/element/f.73A3896108CAD0F2DAB8766297627504.d.8FAC82C71A0B43A2339ADC809F4F289B.e.19574/click - {}
RESULT: {}
COMMAND: GET /session/cd8dad5b6aa98ad5f0615c697c2d4924/screenshot - {}
RESULT: {}
COMMAND: POST /session/cd8dad5b6aa98ad5f0615c697c2d4924/element - {"using":"xpath","value":"(//bdi[contains(text(), \"Receive\")])[2]"}
RESULT: {"using":"xpath","value":"(//bdi[contains(text(), \"Receive\")])[2]"}
COMMAND: POST /session/cd8dad5b6aa98ad5f0615c697c2d4924/element/f.73A3896108CAD0F2DAB8766297627504.d.8FAC82C71A0B43A2339ADC809F4F289B.e.19575/click - {}
RESULT: {}
COMMAND: GET /session/cd8dad5b6aa98ad5f0615c697c2d4924/screenshot - {}
RESULT: {}
COMMAND: POST /session/cd8dad5b6aa98ad5f0615c697c2d4924/element - {"using":"css selector","value":"#shell-header-logo"}
RESULT: {"using":"css selector","value":"#shell-header-logo"}
COMMAND: POST /session/cd8dad5b6aa98ad5f0615c697c2d4924/element/f.73A3896108CAD0F2DAB8766297627504.d.8FAC82C71A0B43A2339ADC809F4F289B.e.18962/click - {}
RESULT: {}
COMMAND: GET /session/cd8dad5b6aa98ad5f0615c697c2d4924/screenshot - {}
RESULT: {}
]]></system-out>
    </testcase>
    <testcase classname="chrome.136_0_7103_93.windows.Billing_Calculation_-_Time_based_(considering_transport_times)_US139738" name="Should create a new contract" time="67.908">
      <system-out><![CDATA[
COMMAND: POST /session/cd8dad5b6aa98ad5f0615c697c2d4924/execute/async - {"script":"<script> [1562 bytes]","args":[{"selector":{"controlType":"sap.m.GenericTile","properties":{"header":"Manage Contracts"}},"wdio_ui5_key":"sapm.GenericTile{\"header\":\"Manage Contracts\"}"}]}
RESULT: {"script":"<script> [1562 bytes]","args":[{"selector":{"controlType":"sap.m.GenericTile","properties":{"header":"Manage Contracts"}},"wdio_ui5_key":"sapm.GenericTile{\"header\":\"Manage Contracts\"}"}]}
RESULT: undefined
COMMAND: POST /session/cd8dad5b6aa98ad5f0615c697c2d4924/element - {"using":"xpath","value":"//*[@id=\"__tile131\"]"}
RESULT: {"using":"xpath","value":"//*[@id=\"__tile131\"]"}
COMMAND: POST /session/cd8dad5b6aa98ad5f0615c697c2d4924/element/f.73A3896108CAD0F2DAB8766297627504.d.8FAC82C71A0B43A2339ADC809F4F289B.e.17710/click - {}
RESULT: {}
COMMAND: GET /session/cd8dad5b6aa98ad5f0615c697c2d4924/screenshot - {}
RESULT: {}
COMMAND: POST /session/cd8dad5b6aa98ad5f0615c697c2d4924/elements - {"using":"xpath","value":"//span[text()='Error']"}
RESULT: {"using":"xpath","value":"//span[text()='Error']"}
COMMAND: POST /session/cd8dad5b6aa98ad5f0615c697c2d4924/element - {"using":"xpath","value":"//button[@data-kt=\"addButton\"]"}
RESULT: {"using":"xpath","value":"//button[@data-kt=\"addButton\"]"}
COMMAND: POST /session/cd8dad5b6aa98ad5f0615c697c2d4924/elements - {"using":"xpath","value":"//button[@data-kt=\"addButton\"]"}
RESULT: {"using":"xpath","value":"//button[@data-kt=\"addButton\"]"}
COMMAND: POST /session/cd8dad5b6aa98ad5f0615c697c2d4924/execute/sync - {"script":"<script> [8489 bytes]","args":[{"element-6066-11e4-a52e-4f735466cecf":"f.73A3896108CAD0F2DAB8766297627504.d.8FAC82C71A0B43A2339ADC809F4F289B.e.19898","ELEMENT":"f.73A3896108CAD0F2DAB8766297627504.d.8FAC82C71A0B43A2339ADC809F4F289B.e.19898"}]}
RESULT: {"script":"<script> [8489 bytes]","args":[{"element-6066-11e4-a52e-4f735466cecf":"f.73A3896108CAD0F2DAB8766297627504.d.8FAC82C71A0B43A2339ADC809F4F289B.e.19898","ELEMENT":"f.73A3896108CAD0F2DAB8766297627504.d.8FAC82C71A0B43A2339ADC809F4F289B.e.19898"}]}
COMMAND: GET /session/cd8dad5b6aa98ad5f0615c697c2d4924/element/f.73A3896108CAD0F2DAB8766297627504.d.8FAC82C71A0B43A2339ADC809F4F289B.e.19898/enabled - {}
COMMAND: GET /session/cd8dad5b6aa98ad5f0615c697c2d4924/screenshot - {}
RESULT: {}
COMMAND: POST /session/cd8dad5b6aa98ad5f0615c697c2d4924/execute/sync - {"script":"<script> [8489 bytes]","args":[{"element-6066-11e4-a52e-4f735466cecf":"f.73A3896108CAD0F2DAB8766297627504.d.8FAC82C71A0B43A2339ADC809F4F289B.e.19898","ELEMENT":"f.73A3896108CAD0F2DAB8766297627504.d.8FAC82C71A0B43A2339ADC809F4F289B.e.19898"}]}
COMMAND: GET /session/cd8dad5b6aa98ad5f0615c697c2d4924/screenshot - {}
RESULT: {}
RESULT: {"script":"<script> [8489 bytes]","args":[{"element-6066-11e4-a52e-4f735466cecf":"f.73A3896108CAD0F2DAB8766297627504.d.8FAC82C71A0B43A2339ADC809F4F289B.e.19898","ELEMENT":"f.73A3896108CAD0F2DAB8766297627504.d.8FAC82C71A0B43A2339ADC809F4F289B.e.19898"}]}
COMMAND: POST /session/cd8dad5b6aa98ad5f0615c697c2d4924/execute/sync - {"script":"<script> [5351 bytes]","args":[{"element-6066-11e4-a52e-4f735466cecf":"f.73A3896108CAD0F2DAB8766297627504.d.8FAC82C71A0B43A2339ADC809F4F289B.e.19898","ELEMENT":"f.73A3896108CAD0F2DAB8766297627504.d.8FAC82C71A0B43A2339ADC809F4F289B.e.19898"}]}
COMMAND: GET /session/cd8dad5b6aa98ad5f0615c697c2d4924/screenshot - {}
RESULT: {}
RESULT: {"script":"<script> [5351 bytes]","args":[{"element-6066-11e4-a52e-4f735466cecf":"f.73A3896108CAD0F2DAB8766297627504.d.8FAC82C71A0B43A2339ADC809F4F289B.e.19898","ELEMENT":"f.73A3896108CAD0F2DAB8766297627504.d.8FAC82C71A0B43A2339ADC809F4F289B.e.19898"}]}
COMMAND: GET /session/cd8dad5b6aa98ad5f0615c697c2d4924/screenshot - {}
RESULT: {}
RESULT: {}
COMMAND: POST /session/cd8dad5b6aa98ad5f0615c697c2d4924/element/f.73A3896108CAD0F2DAB8766297627504.d.8FAC82C71A0B43A2339ADC809F4F289B.e.19898/click - {}
RESULT: {}
COMMAND: GET /session/cd8dad5b6aa98ad5f0615c697c2d4924/screenshot - {}
COMMAND: POST /session/cd8dad5b6aa98ad5f0615c697c2d4924/execute/async - {"script":"<script> [1562 bytes]","args":[{"selector":{"id":"application-managecontracts-display-component---AddNewContract--projectDescription","interaction":{"idSuffix":"inner"}},"wdio_ui5_key":"applicationmanagecontracts-display-component---AddNewContract--projectDescription"}]}
RESULT: {}
RESULT: {"script":"<script> [1562 bytes]","args":[{"selector":{"id":"application-managecontracts-display-component---AddNewContract--projectDescription","interaction":{"idSuffix":"inner"}},"wdio_ui5_key":"applicationmanagecontracts-display-component---AddNewContract--projectDescription"}]}
RESULT: undefined
COMMAND: POST /session/cd8dad5b6aa98ad5f0615c697c2d4924/execute/async - {"script":"<script> [776 bytes]","args":[{"enterText":"Contract WDIO","selector":{"id":"application-managecontracts-display-component---AddNewContract--projectDescription","interaction":{"idSuffix":"inner"}},"clearTextFirst":true,"interactionType":"ENTER_TEXT"}]}
RESULT: {"script":"<script> [776 bytes]","args":[{"enterText":"Contract WDIO","selector":{"id":"application-managecontracts-display-component---AddNewContract--projectDescription","interaction":{"idSuffix":"inner"}},"clearTextFirst":true,"interactionType":"ENTER_TEXT"}]}
COMMAND: POST /session/cd8dad5b6aa98ad5f0615c697c2d4924/element - {"using":"xpath","value":"//input[@id=\"application-managecontracts-display-component---AddNewContract--site-inner\"]"}
RESULT: {"using":"xpath","value":"//input[@id=\"application-managecontracts-display-component---AddNewContract--site-inner\"]"}
COMMAND: POST /session/cd8dad5b6aa98ad5f0615c697c2d4924/element/f.73A3896108CAD0F2DAB8766297627504.d.8FAC82C71A0B43A2339ADC809F4F289B.e.20263/clear - {}
RESULT: {}
COMMAND: POST /session/cd8dad5b6aa98ad5f0615c697c2d4924/element/f.73A3896108CAD0F2DAB8766297627504.d.8FAC82C71A0B43A2339ADC809F4F289B.e.20263/value - {"text":"2340"}
COMMAND: GET /session/cd8dad5b6aa98ad5f0615c697c2d4924/screenshot - {}
RESULT: {"text":"2340"}
COMMAND: GET /session/cd8dad5b6aa98ad5f0615c697c2d4924/screenshot - {}
RESULT: {}
RESULT: {}
COMMAND: POST /session/cd8dad5b6aa98ad5f0615c697c2d4924/element - {"using":"xpath","value":"//li[.//span[text()='2340']]"}
RESULT: {"using":"xpath","value":"//li[.//span[text()='2340']]"}
COMMAND: POST /session/cd8dad5b6aa98ad5f0615c697c2d4924/element/f.73A3896108CAD0F2DAB8766297627504.d.8FAC82C71A0B43A2339ADC809F4F289B.e.20297/click - {}
RESULT: {}
COMMAND: GET /session/cd8dad5b6aa98ad5f0615c697c2d4924/screenshot - {}
RESULT: {}
COMMAND: POST /session/cd8dad5b6aa98ad5f0615c697c2d4924/element - {"using":"xpath","value":"//input[@id=\"application-managecontracts-display-component---AddNewContract--yardId-inner\"]"}
RESULT: {"using":"xpath","value":"//input[@id=\"application-managecontracts-display-component---AddNewContract--yardId-inner\"]"}
COMMAND: GET /session/cd8dad5b6aa98ad5f0615c697c2d4924/element/f.73A3896108CAD0F2DAB8766297627504.d.8FAC82C71A0B43A2339ADC809F4F289B.e.20264/property/value - {}
RESULT: {}
COMMAND: POST /session/cd8dad5b6aa98ad5f0615c697c2d4924/element - {"using":"xpath","value":"//input[@id=\"application-managecontracts-display-component---AddNewContract--customerSelect-inner\"]"}
COMMAND: GET /session/cd8dad5b6aa98ad5f0615c697c2d4924/screenshot - {}
RESULT: {"using":"xpath","value":"//input[@id=\"application-managecontracts-display-component---AddNewContract--customerSelect-inner\"]"}
COMMAND: POST /session/cd8dad5b6aa98ad5f0615c697c2d4924/element/f.73A3896108CAD0F2DAB8766297627504.d.8FAC82C71A0B43A2339ADC809F4F289B.e.20262/clear - {}
RESULT: {}
RESULT: {}
COMMAND: POST /session/cd8dad5b6aa98ad5f0615c697c2d4924/element/f.73A3896108CAD0F2DAB8766297627504.d.8FAC82C71A0B43A2339ADC809F4F289B.e.20262/value - {"text":"1405"}
COMMAND: GET /session/cd8dad5b6aa98ad5f0615c697c2d4924/screenshot - {}
RESULT: {"text":"1405"}
COMMAND: GET /session/cd8dad5b6aa98ad5f0615c697c2d4924/screenshot - {}
RESULT: {}
RESULT: {}
COMMAND: POST /session/cd8dad5b6aa98ad5f0615c697c2d4924/element - {"using":"xpath","value":"//li[.//span[text()='1405']]"}
RESULT: {"using":"xpath","value":"//li[.//span[text()='1405']]"}
COMMAND: POST /session/cd8dad5b6aa98ad5f0615c697c2d4924/element/f.73A3896108CAD0F2DAB8766297627504.d.8FAC82C71A0B43A2339ADC809F4F289B.e.20300/click - {}
RESULT: {}
COMMAND: GET /session/cd8dad5b6aa98ad5f0615c697c2d4924/screenshot - {}
RESULT: {}
COMMAND: POST /session/cd8dad5b6aa98ad5f0615c697c2d4924/element - {"using":"xpath","value":"//button[@data-kt=\"saveButton\"]"}
RESULT: {"using":"xpath","value":"//button[@data-kt=\"saveButton\"]"}
COMMAND: POST /session/cd8dad5b6aa98ad5f0615c697c2d4924/element/f.73A3896108CAD0F2DAB8766297627504.d.8FAC82C71A0B43A2339ADC809F4F289B.e.20301/click - {}
RESULT: {}
COMMAND: GET /session/cd8dad5b6aa98ad5f0615c697c2d4924/screenshot - {}
RESULT: {}
COMMAND: POST /session/cd8dad5b6aa98ad5f0615c697c2d4924/element - {"using":"xpath","value":"//span[contains(@id ,\"contractDetailTitleNoExpanded\")]"}
RESULT: {"using":"xpath","value":"//span[contains(@id ,\"contractDetailTitleNoExpanded\")]"}
COMMAND: POST /session/cd8dad5b6aa98ad5f0615c697c2d4924/elements - {"using":"xpath","value":"//span[contains(@id ,\"contractDetailTitleNoExpanded\")]"}
RESULT: {"using":"xpath","value":"//span[contains(@id ,\"contractDetailTitleNoExpanded\")]"}
COMMAND: POST /session/cd8dad5b6aa98ad5f0615c697c2d4924/execute/sync - {"script":"<script> [56 bytes]","args":[{"element-6066-11e4-a52e-4f735466cecf":"f.73A3896108CAD0F2DAB8766297627504.d.8FAC82C71A0B43A2339ADC809F4F289B.e.20315","ELEMENT":"f.73A3896108CAD0F2DAB8766297627504.d.8FAC82C71A0B43A2339ADC809F4F289B.e.20315"}]}
RESULT: {"script":"<script> [56 bytes]","args":[{"element-6066-11e4-a52e-4f735466cecf":"f.73A3896108CAD0F2DAB8766297627504.d.8FAC82C71A0B43A2339ADC809F4F289B.e.20315","ELEMENT":"f.73A3896108CAD0F2DAB8766297627504.d.8FAC82C71A0B43A2339ADC809F4F289B.e.20315"}]}
COMMAND: GET /session/cd8dad5b6aa98ad5f0615c697c2d4924/screenshot - {}
RESULT: {}
]]></system-out>
    </testcase>
    <testcase classname="chrome.136_0_7103_93.windows.Billing_Calculation_-_Time_based_(considering_transport_times)_US139738" name="Should add transport time checkbox on contract details" time="16.309">
      <system-out><![CDATA[
COMMAND: POST /session/cd8dad5b6aa98ad5f0615c697c2d4924/element - {"using":"xpath","value":"//button[@data-kt=\"contractDetailEditBtnButton\"]"}
RESULT: {"using":"xpath","value":"//button[@data-kt=\"contractDetailEditBtnButton\"]"}
COMMAND: POST /session/cd8dad5b6aa98ad5f0615c697c2d4924/element/f.73A3896108CAD0F2DAB8766297627504.d.8FAC82C71A0B43A2339ADC809F4F289B.e.20317/click - {}
RESULT: {}
COMMAND: GET /session/cd8dad5b6aa98ad5f0615c697c2d4924/screenshot - {}
RESULT: {}
COMMAND: POST /session/cd8dad5b6aa98ad5f0615c697c2d4924/element - {"using":"xpath","value":"(//span[contains(text(), \"Contract Billing\")])[2]"}
RESULT: {"using":"xpath","value":"(//span[contains(text(), \"Contract Billing\")])[2]"}
COMMAND: POST /session/cd8dad5b6aa98ad5f0615c697c2d4924/element/f.73A3896108CAD0F2DAB8766297627504.d.8FAC82C71A0B43A2339ADC809F4F289B.e.20373/click - {}
RESULT: {}
COMMAND: GET /session/cd8dad5b6aa98ad5f0615c697c2d4924/screenshot - {}
RESULT: {}
COMMAND: POST /session/cd8dad5b6aa98ad5f0615c697c2d4924/element - {"using":"xpath","value":"(//div[contains(@id, \"transportTimesBilled-CbBg\")])"}
RESULT: {"using":"xpath","value":"(//div[contains(@id, \"transportTimesBilled-CbBg\")])"}
COMMAND: POST /session/cd8dad5b6aa98ad5f0615c697c2d4924/element/f.73A3896108CAD0F2DAB8766297627504.d.8FAC82C71A0B43A2339ADC809F4F289B.e.20404/click - {}
RESULT: {}
COMMAND: GET /session/cd8dad5b6aa98ad5f0615c697c2d4924/screenshot - {}
RESULT: {}
COMMAND: POST /session/cd8dad5b6aa98ad5f0615c697c2d4924/element - {"using":"xpath","value":"(//button[@data-kt=\"saveButton\"])[2]"}
RESULT: {"using":"xpath","value":"(//button[@data-kt=\"saveButton\"])[2]"}
COMMAND: POST /session/cd8dad5b6aa98ad5f0615c697c2d4924/element/f.73A3896108CAD0F2DAB8766297627504.d.8FAC82C71A0B43A2339ADC809F4F289B.e.20405/click - {}
RESULT: {}
COMMAND: GET /session/cd8dad5b6aa98ad5f0615c697c2d4924/screenshot - {}
RESULT: {}
]]></system-out>
    </testcase>
    <testcase classname="chrome.136_0_7103_93.windows.Billing_Calculation_-_Time_based_(considering_transport_times)_US139738" name="Should add created equipment to contract" time="52.901">
      <system-out><![CDATA[
COMMAND: POST /session/cd8dad5b6aa98ad5f0615c697c2d4924/element - {"using":"xpath","value":"//button[@data-kt=\"contractDetailEditBtnButton\"]"}
RESULT: {"using":"xpath","value":"//button[@data-kt=\"contractDetailEditBtnButton\"]"}
COMMAND: POST /session/cd8dad5b6aa98ad5f0615c697c2d4924/element/f.73A3896108CAD0F2DAB8766297627504.d.8FAC82C71A0B43A2339ADC809F4F289B.e.20317/click - {}
RESULT: {}
COMMAND: GET /session/cd8dad5b6aa98ad5f0615c697c2d4924/screenshot - {}
RESULT: {}
COMMAND: POST /session/cd8dad5b6aa98ad5f0615c697c2d4924/element - {"using":"xpath","value":"(//span[contains(text(), \"Additional Addresses\")])[2]"}
RESULT: {"using":"xpath","value":"(//span[contains(text(), \"Additional Addresses\")])[2]"}
COMMAND: POST /session/cd8dad5b6aa98ad5f0615c697c2d4924/element/f.73A3896108CAD0F2DAB8766297627504.d.8FAC82C71A0B43A2339ADC809F4F289B.e.20423/click - {}
RESULT: {}
COMMAND: GET /session/cd8dad5b6aa98ad5f0615c697c2d4924/screenshot - {}
RESULT: {}
COMMAND: POST /session/cd8dad5b6aa98ad5f0615c697c2d4924/element - {"using":"xpath","value":"//button[@data-kt=\"btnAddTableRowOverflowToolbarButton\"]"}
RESULT: {"using":"xpath","value":"//button[@data-kt=\"btnAddTableRowOverflowToolbarButton\"]"}
COMMAND: POST /session/cd8dad5b6aa98ad5f0615c697c2d4924/element/f.73A3896108CAD0F2DAB8766297627504.d.8FAC82C71A0B43A2339ADC809F4F289B.e.20425/click - {}
RESULT: {}
COMMAND: GET /session/cd8dad5b6aa98ad5f0615c697c2d4924/screenshot - {}
RESULT: {}
COMMAND: POST /session/cd8dad5b6aa98ad5f0615c697c2d4924/element - {"using":"xpath","value":"//div[(text() = 'Standard Entry' or . = 'Standard Entry')]"}
RESULT: {"using":"xpath","value":"//div[(text() = 'Standard Entry' or . = 'Standard Entry')]"}
COMMAND: POST /session/cd8dad5b6aa98ad5f0615c697c2d4924/element/f.73A3896108CAD0F2DAB8766297627504.d.8FAC82C71A0B43A2339ADC809F4F289B.e.20427/click - {}
RESULT: {}
COMMAND: GET /session/cd8dad5b6aa98ad5f0615c697c2d4924/screenshot - {}
RESULT: {}
COMMAND: POST /session/cd8dad5b6aa98ad5f0615c697c2d4924/element - {"using":"xpath","value":"//td[7]/div/div/input"}
RESULT: {"using":"xpath","value":"//td[7]/div/div/input"}
COMMAND: POST /session/cd8dad5b6aa98ad5f0615c697c2d4924/element/f.73A3896108CAD0F2DAB8766297627504.d.8FAC82C71A0B43A2339ADC809F4F289B.e.20436/clear - {}
RESULT: {}
COMMAND: POST /session/cd8dad5b6aa98ad5f0615c697c2d4924/element/f.73A3896108CAD0F2DAB8766297627504.d.8FAC82C71A0B43A2339ADC809F4F289B.e.20436/value - {"text":"lgyJ9v9GqD"}
COMMAND: GET /session/cd8dad5b6aa98ad5f0615c697c2d4924/screenshot - {}
RESULT: {"text":"lgyJ9v9GqD"}
COMMAND: GET /session/cd8dad5b6aa98ad5f0615c697c2d4924/screenshot - {}
RESULT: {}
RESULT: {}
COMMAND: POST /session/cd8dad5b6aa98ad5f0615c697c2d4924/actions - {"actions":[{"id":"action74","type":"key","parameters":{},"actions":[{"type":"keyDown","value":""},{"type":"pause","duration":10},{"type":"keyUp","value":""}]}]}
RESULT: {"actions":[{"id":"action74","type":"key","parameters":{},"actions":[{"type":"keyDown","value":""},{"type":"pause","duration":10},{"type":"keyUp","value":""}]}]}
COMMAND: GET /session/cd8dad5b6aa98ad5f0615c697c2d4924/screenshot - {}
RESULT: {}
COMMAND: POST /session/cd8dad5b6aa98ad5f0615c697c2d4924/execute/sync - {"script":"<script> [276 bytes]","args":["No pricing information was found"]}
RESULT: {"script":"<script> [276 bytes]","args":["No pricing information was found"]}
COMMAND: POST /session/cd8dad5b6aa98ad5f0615c697c2d4924/element - {"using":"xpath","value":"(//button[@data-kt=\"saveButton\"])[2]"}
COMMAND: GET /session/cd8dad5b6aa98ad5f0615c697c2d4924/screenshot - {}
RESULT: {"using":"xpath","value":"(//button[@data-kt=\"saveButton\"])[2]"}
COMMAND: POST /session/cd8dad5b6aa98ad5f0615c697c2d4924/element/f.73A3896108CAD0F2DAB8766297627504.d.8FAC82C71A0B43A2339ADC809F4F289B.e.20405/click - {}
RESULT: {}
RESULT: {}
COMMAND: GET /session/cd8dad5b6aa98ad5f0615c697c2d4924/screenshot - {}
RESULT: {}
COMMAND: POST /session/cd8dad5b6aa98ad5f0615c697c2d4924/execute/sync - {"script":"<script> [276 bytes]","args":["Some contract items are having rental validity exceeding header rental validity"]}
RESULT: {"script":"<script> [276 bytes]","args":["Some contract items are having rental validity exceeding header rental validity"]}
COMMAND: GET /session/cd8dad5b6aa98ad5f0615c697c2d4924/screenshot - {}
RESULT: {}
COMMAND: POST /session/cd8dad5b6aa98ad5f0615c697c2d4924/element - {"using":"xpath","value":"//span[contains(@id ,\"contractItemsSmartTable-header-inner\")]"}
RESULT: {"using":"xpath","value":"//span[contains(@id ,\"contractItemsSmartTable-header-inner\")]"}
COMMAND: POST /session/cd8dad5b6aa98ad5f0615c697c2d4924/elements - {"using":"xpath","value":"//span[contains(@id ,\"contractItemsSmartTable-header-inner\")]"}
RESULT: {"using":"xpath","value":"//span[contains(@id ,\"contractItemsSmartTable-header-inner\")]"}
COMMAND: POST /session/cd8dad5b6aa98ad5f0615c697c2d4924/execute/sync - {"script":"<script> [56 bytes]","args":[{"element-6066-11e4-a52e-4f735466cecf":"f.73A3896108CAD0F2DAB8766297627504.d.8FAC82C71A0B43A2339ADC809F4F289B.e.20457","ELEMENT":"f.73A3896108CAD0F2DAB8766297627504.d.8FAC82C71A0B43A2339ADC809F4F289B.e.20457"}]}
RESULT: {"script":"<script> [56 bytes]","args":[{"element-6066-11e4-a52e-4f735466cecf":"f.73A3896108CAD0F2DAB8766297627504.d.8FAC82C71A0B43A2339ADC809F4F289B.e.20457","ELEMENT":"f.73A3896108CAD0F2DAB8766297627504.d.8FAC82C71A0B43A2339ADC809F4F289B.e.20457"}]}
]]></system-out>
    </testcase>
    <testcase classname="chrome.136_0_7103_93.windows.Billing_Calculation_-_Time_based_(considering_transport_times)_US139738" name="Should do a provide to site 2 step" time="160.16">
      <system-out><![CDATA[
COMMAND: POST /session/cd8dad5b6aa98ad5f0615c697c2d4924/element - {"using":"xpath","value":"//button[@data-kt=\"provideButton\"]"}
COMMAND: GET /session/cd8dad5b6aa98ad5f0615c697c2d4924/screenshot - {}
RESULT: {"using":"xpath","value":"//button[@data-kt=\"provideButton\"]"}
COMMAND: POST /session/cd8dad5b6aa98ad5f0615c697c2d4924/element/f.73A3896108CAD0F2DAB8766297627504.d.8FAC82C71A0B43A2339ADC809F4F289B.e.20458/click - {}
RESULT: {}
RESULT: {}
COMMAND: GET /session/cd8dad5b6aa98ad5f0615c697c2d4924/screenshot - {}
RESULT: {}
COMMAND: POST /session/cd8dad5b6aa98ad5f0615c697c2d4924/element - {"using":"xpath","value":"(//div[contains(@id, \"application-managehandovers-display-component---AddNewHO--oneStep-CbBg\")])"}
RESULT: {"using":"xpath","value":"(//div[contains(@id, \"application-managehandovers-display-component---AddNewHO--oneStep-CbBg\")])"}
COMMAND: POST /session/cd8dad5b6aa98ad5f0615c697c2d4924/element - {"using":"xpath","value":"(//div[contains(@id, \"application-managehandovers-display-component---AddNewHO--oneStep-CbBg\")])/input"}
RESULT: {"using":"xpath","value":"(//div[contains(@id, \"application-managehandovers-display-component---AddNewHO--oneStep-CbBg\")])/input"}
COMMAND: GET /session/cd8dad5b6aa98ad5f0615c697c2d4924/element/f.73A3896108CAD0F2DAB8766297627504.d.8FAC82C71A0B43A2339ADC809F4F289B.e.20517/attribute/checked - {}
RESULT: {}
RESULT: undefined
COMMAND: POST /session/cd8dad5b6aa98ad5f0615c697c2d4924/execute/async - {"script":"<script> [6424 bytes]","args":[{"element-6066-11e4-a52e-4f735466cecf":"f.73A3896108CAD0F2DAB8766297627504.d.8FAC82C71A0B43A2339ADC809F4F289B.e.19357"},"setValue",["5/21/25"]]}
COMMAND: POST /session/cd8dad5b6aa98ad5f0615c697c2d4924/element/f.73A3896108CAD0F2DAB8766297627504.d.8FAC82C71A0B43A2339ADC809F4F289B.e.20763/click - {}
COMMAND: POST /session/cd8dad5b6aa98ad5f0615c697c2d4924/execute/async - {"script":"<script> [1562 bytes]","args":[{"selector":{"id":"application-managehandovers-display-component---AddNewHO--dueDate","interaction":{"idSuffix":"inner"}},"wdio_ui5_key":"applicationmanagehandovers-display-component---AddNewHO--dueDate"}]}
RESULT: {}
COMMAND: GET /session/cd8dad5b6aa98ad5f0615c697c2d4924/screenshot - {}
RESULT: {"script":"<script> [1562 bytes]","args":[{"selector":{"id":"application-managehandovers-display-component---AddNewHO--dueDate","interaction":{"idSuffix":"inner"}},"wdio_ui5_key":"applicationmanagehandovers-display-component---AddNewHO--dueDate"}]}
COMMAND: POST /session/cd8dad5b6aa98ad5f0615c697c2d4924/execute/async - {"script":"<script> [6424 bytes]","args":[{"element-6066-11e4-a52e-4f735466cecf":"f.73A3896108CAD0F2DAB8766297627504.d.8FAC82C71A0B43A2339ADC809F4F289B.e.20515"},"setValue",["5/21/25"]]}
RESULT: {}
RESULT: {"script":"<script> [6424 bytes]","args":[{"element-6066-11e4-a52e-4f735466cecf":"f.73A3896108CAD0F2DAB8766297627504.d.8FAC82C71A0B43A2339ADC809F4F289B.e.20515"},"setValue",["5/21/25"]]}
COMMAND: POST /session/cd8dad5b6aa98ad5f0615c697c2d4924/element - {"using":"xpath","value":"//bdi[contains(text(), \"Instructions\")]"}
RESULT: {"using":"xpath","value":"//bdi[contains(text(), \"Instructions\")]"}
COMMAND: POST /session/cd8dad5b6aa98ad5f0615c697c2d4924/element/f.73A3896108CAD0F2DAB8766297627504.d.8FAC82C71A0B43A2339ADC809F4F289B.e.20765/click - {}
RESULT: {}
COMMAND: GET /session/cd8dad5b6aa98ad5f0615c697c2d4924/screenshot - {}
RESULT: {}
COMMAND: POST /session/cd8dad5b6aa98ad5f0615c697c2d4924/element - {"using":"xpath","value":"//button[@data-kt=\"AddNewHOProvideAddItemsButton\"]"}
RESULT: {"using":"xpath","value":"//button[@data-kt=\"AddNewHOProvideAddItemsButton\"]"}
COMMAND: POST /session/cd8dad5b6aa98ad5f0615c697c2d4924/element/f.73A3896108CAD0F2DAB8766297627504.d.8FAC82C71A0B43A2339ADC809F4F289B.e.20770/click - {}
RESULT: {}
COMMAND: GET /session/cd8dad5b6aa98ad5f0615c697c2d4924/screenshot - {}
RESULT: {}
RESULT: undefined
COMMAND: POST /session/cd8dad5b6aa98ad5f0615c697c2d4924/element - {"using":"xpath","value":"//*[@id=\"application-managehandovers-display-component---AddNewHO--popup-sa\"]"}
RESULT: {"using":"xpath","value":"//*[@id=\"application-managehandovers-display-component---AddNewHO--popup-sa\"]"}
COMMAND: POST /session/cd8dad5b6aa98ad5f0615c697c2d4924/element/f.73A3896108CAD0F2DAB8766297627504.d.8FAC82C71A0B43A2339ADC809F4F289B.e.20780/click - {}
RESULT: {}
COMMAND: GET /session/cd8dad5b6aa98ad5f0615c697c2d4924/screenshot - {}
RESULT: {}
COMMAND: POST /session/cd8dad5b6aa98ad5f0615c697c2d4924/element - {"using":"xpath","value":"//*[contains(@id ,\"BDI-content\")][contains(text(), \"Select\")]"}
RESULT: {"using":"xpath","value":"//*[contains(@id ,\"BDI-content\")][contains(text(), \"Select\")]"}
COMMAND: POST /session/cd8dad5b6aa98ad5f0615c697c2d4924/element/f.73A3896108CAD0F2DAB8766297627504.d.8FAC82C71A0B43A2339ADC809F4F289B.e.20781/click - {}
RESULT: {}
COMMAND: GET /session/cd8dad5b6aa98ad5f0615c697c2d4924/screenshot - {}
RESULT: {}
COMMAND: POST /session/cd8dad5b6aa98ad5f0615c697c2d4924/execute/async - {"script":"<script> [1562 bytes]","args":[{"selector":{"id":"application-managehandovers-display-component---AddNewHO--confirmCreationButton","interaction":{"idSuffix":"BDI-content"}},"wdio_ui5_key":"applicationmanagehandovers-display-component---AddNewHO--confirmCreationButton"}]}
RESULT: {"script":"<script> [1562 bytes]","args":[{"selector":{"id":"application-managehandovers-display-component---AddNewHO--confirmCreationButton","interaction":{"idSuffix":"BDI-content"}},"wdio_ui5_key":"applicationmanagehandovers-display-component---AddNewHO--confirmCreationButton"}]}
RESULT: undefined
COMMAND: POST /session/cd8dad5b6aa98ad5f0615c697c2d4924/element - {"using":"xpath","value":"//*[@id=\"application-managehandovers-display-component---AddNewHO--confirmCreationButton\"]"}
RESULT: {"using":"xpath","value":"//*[@id=\"application-managehandovers-display-component---AddNewHO--confirmCreationButton\"]"}
COMMAND: POST /session/cd8dad5b6aa98ad5f0615c697c2d4924/element/f.73A3896108CAD0F2DAB8766297627504.d.8FAC82C71A0B43A2339ADC809F4F289B.e.20593/click - {}
RESULT: {}
COMMAND: GET /session/cd8dad5b6aa98ad5f0615c697c2d4924/screenshot - {}
RESULT: {}
COMMAND: POST /session/cd8dad5b6aa98ad5f0615c697c2d4924/execute/async - {"script":"<script> [1562 bytes]","args":[{"selector":{"id":"issueDatePicker","viewName":"etm.portal.ui.managehandovers.view.DetailExecuteHO","interaction":{"idSuffix":"inner"}},"wdio_ui5_key":"issueDatePickeretmportal.ui.managehandovers.view.DetailExecuteHO"}]}
RESULT: {"script":"<script> [1562 bytes]","args":[{"selector":{"id":"issueDatePicker","viewName":"etm.portal.ui.managehandovers.view.DetailExecuteHO","interaction":{"idSuffix":"inner"}},"wdio_ui5_key":"issueDatePickeretmportal.ui.managehandovers.view.DetailExecuteHO"}]}
RESULT: undefined
COMMAND: POST /session/cd8dad5b6aa98ad5f0615c697c2d4924/execute/async - {"script":"<script> [776 bytes]","args":[{"enterText":"5/21/25","selector":{"id":"issueDatePicker","viewName":"etm.portal.ui.managehandovers.view.DetailExecuteHO","interaction":{"idSuffix":"inner"}},"clearTextFirst":true,"interactionType":"ENTER_TEXT"}]}
RESULT: {"script":"<script> [776 bytes]","args":[{"enterText":"5/21/25","selector":{"id":"issueDatePicker","viewName":"etm.portal.ui.managehandovers.view.DetailExecuteHO","interaction":{"idSuffix":"inner"}},"clearTextFirst":true,"interactionType":"ENTER_TEXT"}]}
COMMAND: POST /session/cd8dad5b6aa98ad5f0615c697c2d4924/element - {"using":"xpath","value":"//bdi[contains(text(), \"OK\")]"}
RESULT: {"using":"xpath","value":"//bdi[contains(text(), \"OK\")]"}
COMMAND: POST /session/cd8dad5b6aa98ad5f0615c697c2d4924/element/f.73A3896108CAD0F2DAB8766297627504.d.8FAC82C71A0B43A2339ADC809F4F289B.e.20828/click - {}
RESULT: {}
COMMAND: GET /session/cd8dad5b6aa98ad5f0615c697c2d4924/screenshot - {}
RESULT: {}
COMMAND: POST /session/cd8dad5b6aa98ad5f0615c697c2d4924/element - {"using":"xpath","value":"//button[@data-kt=\"PickingTableConfirmAllButton\"]"}
RESULT: {"using":"xpath","value":"//button[@data-kt=\"PickingTableConfirmAllButton\"]"}
COMMAND: POST /session/cd8dad5b6aa98ad5f0615c697c2d4924/element/f.73A3896108CAD0F2DAB8766297627504.d.8FAC82C71A0B43A2339ADC809F4F289B.e.20835/click - {}
RESULT: {}
COMMAND: GET /session/cd8dad5b6aa98ad5f0615c697c2d4924/screenshot - {}
RESULT: {}
COMMAND: POST /session/cd8dad5b6aa98ad5f0615c697c2d4924/element - {"using":"xpath","value":"//bdi[contains(text(), \"OK\")]"}
RESULT: {"using":"xpath","value":"//bdi[contains(text(), \"OK\")]"}
COMMAND: POST /session/cd8dad5b6aa98ad5f0615c697c2d4924/element/f.73A3896108CAD0F2DAB8766297627504.d.8FAC82C71A0B43A2339ADC809F4F289B.e.20839/click - {}
RESULT: {}
COMMAND: GET /session/cd8dad5b6aa98ad5f0615c697c2d4924/screenshot - {}
RESULT: {}
COMMAND: POST /session/cd8dad5b6aa98ad5f0615c697c2d4924/element - {"using":"xpath","value":"//button[@data-kt=\"execHoPickButton\"]"}
RESULT: {"using":"xpath","value":"//button[@data-kt=\"execHoPickButton\"]"}
COMMAND: POST /session/cd8dad5b6aa98ad5f0615c697c2d4924/element/f.73A3896108CAD0F2DAB8766297627504.d.8FAC82C71A0B43A2339ADC809F4F289B.e.20840/click - {}
RESULT: {}
COMMAND: GET /session/cd8dad5b6aa98ad5f0615c697c2d4924/screenshot - {}
RESULT: {}
COMMAND: POST /session/cd8dad5b6aa98ad5f0615c697c2d4924/element - {"using":"xpath","value":"//span[contains(@id ,\"filterItemControl_BASIC-RECEIVE_CONTRACT-vhi\")]"}
RESULT: {"using":"xpath","value":"//span[contains(@id ,\"filterItemControl_BASIC-RECEIVE_CONTRACT-vhi\")]"}
COMMAND: POST /session/cd8dad5b6aa98ad5f0615c697c2d4924/element/f.73A3896108CAD0F2DAB8766297627504.d.8FAC82C71A0B43A2339ADC809F4F289B.e.21013/click - {}
RESULT: {}
COMMAND: GET /session/cd8dad5b6aa98ad5f0615c697c2d4924/screenshot - {}
RESULT: {}
COMMAND: POST /session/cd8dad5b6aa98ad5f0615c697c2d4924/execute/async - {"script":"<script> [1562 bytes]","args":[{"selector":{"controlType":"sap.m.SearchField","viewName":"etm.portal.ui.managehandovers.view.MasterHO","bindingPath":{"path":"","propertyPath":"/_BASIC_SEARCH_FIELD","modelName":"fi1t3rM0d31"},"searchOpenDialogs":true,"interaction":{"idSuffix":"I"}},"wdio_ui5_key":"etmportal.ui.managehandovers.view.MasterHOsap.m.SearchField{\"path\":\"\",\"propertyPath\":\"/_BASIC_SEARCH_FIELD\",\"modelName\":\"fi1t3rM0d31\"}"}]}
RESULT: {"script":"<script> [1562 bytes]","args":[{"selector":{"controlType":"sap.m.SearchField","viewName":"etm.portal.ui.managehandovers.view.MasterHO","bindingPath":{"path":"","propertyPath":"/_BASIC_SEARCH_FIELD","modelName":"fi1t3rM0d31"},"searchOpenDialogs":true,"interaction":{"idSuffix":"I"}},"wdio_ui5_key":"etmportal.ui.managehandovers.view.MasterHOsap.m.SearchField{\"path\":\"\",\"propertyPath\":\"/_BASIC_SEARCH_FIELD\",\"modelName\":\"fi1t3rM0d31\"}"}]}
RESULT: undefined
COMMAND: POST /session/cd8dad5b6aa98ad5f0615c697c2d4924/execute/async - {"script":"<script> [776 bytes]","args":[{"enterText":"10489","selector":{"controlType":"sap.m.SearchField","viewName":"etm.portal.ui.managehandovers.view.MasterHO","bindingPath":{"path":"","propertyPath":"/_BASIC_SEARCH_FIELD","modelName":"fi1t3rM0d31"},"searchOpenDialogs":true,"interaction":{"idSuffix":"I"}},"clearTextFirst":true,"interactionType":"ENTER_TEXT"}]}
RESULT: {"script":"<script> [776 bytes]","args":[{"enterText":"10489","selector":{"controlType":"sap.m.SearchField","viewName":"etm.portal.ui.managehandovers.view.MasterHO","bindingPath":{"path":"","propertyPath":"/_BASIC_SEARCH_FIELD","modelName":"fi1t3rM0d31"},"searchOpenDialogs":true,"interaction":{"idSuffix":"I"}},"clearTextFirst":true,"interactionType":"ENTER_TEXT"}]}
COMMAND: POST /session/cd8dad5b6aa98ad5f0615c697c2d4924/actions - {"actions":[{"id":"action75","type":"key","parameters":{},"actions":[{"type":"keyDown","value":""},{"type":"pause","duration":10},{"type":"keyUp","value":""}]}]}
RESULT: {"actions":[{"id":"action75","type":"key","parameters":{},"actions":[{"type":"keyDown","value":""},{"type":"pause","duration":10},{"type":"keyUp","value":""}]}]}
COMMAND: GET /session/cd8dad5b6aa98ad5f0615c697c2d4924/screenshot - {}
RESULT: {}
COMMAND: POST /session/cd8dad5b6aa98ad5f0615c697c2d4924/element - {"using":"xpath","value":"//div[contains(@id, 'filterItemControl_BASIC-RECEIVE_CONTRACT-valueHelpDialog-table-rowsel0')]"}
RESULT: {"using":"xpath","value":"//div[contains(@id, 'filterItemControl_BASIC-RECEIVE_CONTRACT-valueHelpDialog-table-rowsel0')]"}
COMMAND: POST /session/cd8dad5b6aa98ad5f0615c697c2d4924/element/f.73A3896108CAD0F2DAB8766297627504.d.8FAC82C71A0B43A2339ADC809F4F289B.e.21023/click - {}
RESULT: {}
COMMAND: GET /session/cd8dad5b6aa98ad5f0615c697c2d4924/screenshot - {}
RESULT: {}
COMMAND: POST /session/cd8dad5b6aa98ad5f0615c697c2d4924/element - {"using":"xpath","value":"//bdi[contains(text(), \"OK\")]"}
RESULT: {"using":"xpath","value":"//bdi[contains(text(), \"OK\")]"}
COMMAND: POST /session/cd8dad5b6aa98ad5f0615c697c2d4924/element/f.73A3896108CAD0F2DAB8766297627504.d.8FAC82C71A0B43A2339ADC809F4F289B.e.21025/click - {}
RESULT: {}
COMMAND: GET /session/cd8dad5b6aa98ad5f0615c697c2d4924/screenshot - {}
RESULT: {}
COMMAND: POST /session/cd8dad5b6aa98ad5f0615c697c2d4924/element - {"using":"xpath","value":"//span[contains(@id, \"smartTable-header-inner\")]"}
RESULT: {"using":"xpath","value":"//span[contains(@id, \"smartTable-header-inner\")]"}
COMMAND: POST /session/cd8dad5b6aa98ad5f0615c697c2d4924/elements - {"using":"xpath","value":"//span[contains(@id, \"smartTable-header-inner\")]"}
RESULT: {"using":"xpath","value":"//span[contains(@id, \"smartTable-header-inner\")]"}
COMMAND: POST /session/cd8dad5b6aa98ad5f0615c697c2d4924/execute/sync - {"script":"<script> [56 bytes]","args":[{"element-6066-11e4-a52e-4f735466cecf":"f.73A3896108CAD0F2DAB8766297627504.d.8FAC82C71A0B43A2339ADC809F4F289B.e.21053","ELEMENT":"f.73A3896108CAD0F2DAB8766297627504.d.8FAC82C71A0B43A2339ADC809F4F289B.e.21053"}]}
RESULT: {"script":"<script> [56 bytes]","args":[{"element-6066-11e4-a52e-4f735466cecf":"f.73A3896108CAD0F2DAB8766297627504.d.8FAC82C71A0B43A2339ADC809F4F289B.e.21053","ELEMENT":"f.73A3896108CAD0F2DAB8766297627504.d.8FAC82C71A0B43A2339ADC809F4F289B.e.21053"}]}
COMMAND: POST /session/cd8dad5b6aa98ad5f0615c697c2d4924/element - {"using":"xpath","value":"//table[contains(@id, \"customHandovers\")]//tbody/tr[1]/td[2]/span"}
COMMAND: GET /session/cd8dad5b6aa98ad5f0615c697c2d4924/screenshot - {}
RESULT: {"using":"xpath","value":"//table[contains(@id, \"customHandovers\")]//tbody/tr[1]/td[2]/span"}
COMMAND: POST /session/cd8dad5b6aa98ad5f0615c697c2d4924/execute/sync - {"script":"<script> [56 bytes]","args":[{"element-6066-11e4-a52e-4f735466cecf":"f.73A3896108CAD0F2DAB8766297627504.d.8FAC82C71A0B43A2339ADC809F4F289B.e.21054","ELEMENT":"f.73A3896108CAD0F2DAB8766297627504.d.8FAC82C71A0B43A2339ADC809F4F289B.e.21054"}]}
RESULT: {}
RESULT: {"script":"<script> [56 bytes]","args":[{"element-6066-11e4-a52e-4f735466cecf":"f.73A3896108CAD0F2DAB8766297627504.d.8FAC82C71A0B43A2339ADC809F4F289B.e.21054","ELEMENT":"f.73A3896108CAD0F2DAB8766297627504.d.8FAC82C71A0B43A2339ADC809F4F289B.e.21054"}]}
COMMAND: POST /session/cd8dad5b6aa98ad5f0615c697c2d4924/element - {"using":"xpath","value":"(//span[contains(@id, \"imgNav\")])[1]"}
COMMAND: GET /session/cd8dad5b6aa98ad5f0615c697c2d4924/screenshot - {}
RESULT: {"using":"xpath","value":"(//span[contains(@id, \"imgNav\")])[1]"}
COMMAND: POST /session/cd8dad5b6aa98ad5f0615c697c2d4924/element/f.73A3896108CAD0F2DAB8766297627504.d.8FAC82C71A0B43A2339ADC809F4F289B.e.21051/click - {}
RESULT: {}
RESULT: {}
COMMAND: GET /session/cd8dad5b6aa98ad5f0615c697c2d4924/screenshot - {}
RESULT: {}
RESULT: undefined
COMMAND: POST /session/cd8dad5b6aa98ad5f0615c697c2d4924/execute/async - {"script":"<script> [776 bytes]","args":[{"enterText":"5/21/25","selector":{"id":"issueDatePicker","viewName":"etm.portal.ui.managehandovers.view.DetailExecuteHO","interaction":{"idSuffix":"inner"}},"clearTextFirst":true,"interactionType":"ENTER_TEXT"}]}
RESULT: {"script":"<script> [776 bytes]","args":[{"enterText":"5/21/25","selector":{"id":"issueDatePicker","viewName":"etm.portal.ui.managehandovers.view.DetailExecuteHO","interaction":{"idSuffix":"inner"}},"clearTextFirst":true,"interactionType":"ENTER_TEXT"}]}
COMMAND: POST /session/cd8dad5b6aa98ad5f0615c697c2d4924/element - {"using":"xpath","value":"//button[@data-kt=\"PickingTableConfirmAllButton\"]"}
RESULT: {"using":"xpath","value":"//button[@data-kt=\"PickingTableConfirmAllButton\"]"}
COMMAND: POST /session/cd8dad5b6aa98ad5f0615c697c2d4924/element/f.73A3896108CAD0F2DAB8766297627504.d.8FAC82C71A0B43A2339ADC809F4F289B.e.21092/click - {}
RESULT: {}
COMMAND: GET /session/cd8dad5b6aa98ad5f0615c697c2d4924/screenshot - {}
RESULT: {}
COMMAND: POST /session/cd8dad5b6aa98ad5f0615c697c2d4924/element - {"using":"xpath","value":"//bdi[contains(text(), \"OK\")]"}
RESULT: {"using":"xpath","value":"//bdi[contains(text(), \"OK\")]"}
COMMAND: POST /session/cd8dad5b6aa98ad5f0615c697c2d4924/element/f.73A3896108CAD0F2DAB8766297627504.d.8FAC82C71A0B43A2339ADC809F4F289B.e.21103/click - {}
RESULT: {}
COMMAND: GET /session/cd8dad5b6aa98ad5f0615c697c2d4924/screenshot - {}
RESULT: {}
COMMAND: POST /session/cd8dad5b6aa98ad5f0615c697c2d4924/element - {"using":"xpath","value":"//button[@data-kt=\"execHoIssueButton\"]"}
RESULT: {"using":"xpath","value":"//button[@data-kt=\"execHoIssueButton\"]"}
COMMAND: POST /session/cd8dad5b6aa98ad5f0615c697c2d4924/element/f.73A3896108CAD0F2DAB8766297627504.d.8FAC82C71A0B43A2339ADC809F4F289B.e.21105/click - {}
RESULT: {}
COMMAND: GET /session/cd8dad5b6aa98ad5f0615c697c2d4924/screenshot - {}
RESULT: {}
COMMAND: POST /session/cd8dad5b6aa98ad5f0615c697c2d4924/element - {"using":"xpath","value":"//input[contains(@id ,\"smartFilterBar-btnBasicSearch-I\")]"}
RESULT: {"using":"xpath","value":"//input[contains(@id ,\"smartFilterBar-btnBasicSearch-I\")]"}
COMMAND: POST /session/cd8dad5b6aa98ad5f0615c697c2d4924/elements - {"using":"xpath","value":"//input[contains(@id ,\"smartFilterBar-btnBasicSearch-I\")]"}
RESULT: {"using":"xpath","value":"//input[contains(@id ,\"smartFilterBar-btnBasicSearch-I\")]"}
COMMAND: POST /session/cd8dad5b6aa98ad5f0615c697c2d4924/execute/sync - {"script":"<script> [8489 bytes]","args":[{"element-6066-11e4-a52e-4f735466cecf":"f.73A3896108CAD0F2DAB8766297627504.d.8FAC82C71A0B43A2339ADC809F4F289B.e.20514","ELEMENT":"f.73A3896108CAD0F2DAB8766297627504.d.8FAC82C71A0B43A2339ADC809F4F289B.e.20514"}]}
RESULT: {"script":"<script> [8489 bytes]","args":[{"element-6066-11e4-a52e-4f735466cecf":"f.73A3896108CAD0F2DAB8766297627504.d.8FAC82C71A0B43A2339ADC809F4F289B.e.20514","ELEMENT":"f.73A3896108CAD0F2DAB8766297627504.d.8FAC82C71A0B43A2339ADC809F4F289B.e.20514"}]}
COMMAND: GET /session/cd8dad5b6aa98ad5f0615c697c2d4924/element/f.73A3896108CAD0F2DAB8766297627504.d.8FAC82C71A0B43A2339ADC809F4F289B.e.20514/enabled - {}
COMMAND: GET /session/cd8dad5b6aa98ad5f0615c697c2d4924/screenshot - {}
RESULT: {}
COMMAND: POST /session/cd8dad5b6aa98ad5f0615c697c2d4924/element/f.73A3896108CAD0F2DAB8766297627504.d.8FAC82C71A0B43A2339ADC809F4F289B.e.20514/clear - {}
COMMAND: GET /session/cd8dad5b6aa98ad5f0615c697c2d4924/screenshot - {}
RESULT: {}
RESULT: {}
COMMAND: POST /session/cd8dad5b6aa98ad5f0615c697c2d4924/element/f.73A3896108CAD0F2DAB8766297627504.d.8FAC82C71A0B43A2339ADC809F4F289B.e.20514/value - {"text":"30985"}
COMMAND: GET /session/cd8dad5b6aa98ad5f0615c697c2d4924/screenshot - {}
RESULT: {}
RESULT: {"text":"30985"}
COMMAND: GET /session/cd8dad5b6aa98ad5f0615c697c2d4924/screenshot - {}
RESULT: {}
RESULT: {}
COMMAND: POST /session/cd8dad5b6aa98ad5f0615c697c2d4924/actions - {"actions":[{"id":"action76","type":"key","parameters":{},"actions":[{"type":"keyDown","value":""},{"type":"pause","duration":10},{"type":"keyUp","value":""}]}]}
RESULT: {"actions":[{"id":"action76","type":"key","parameters":{},"actions":[{"type":"keyDown","value":""},{"type":"pause","duration":10},{"type":"keyUp","value":""}]}]}
COMMAND: GET /session/cd8dad5b6aa98ad5f0615c697c2d4924/screenshot - {}
RESULT: {}
COMMAND: POST /session/cd8dad5b6aa98ad5f0615c697c2d4924/element - {"using":"xpath","value":"//span[contains(@id, \"smartTable-header-inner\")]"}
RESULT: {"using":"xpath","value":"//span[contains(@id, \"smartTable-header-inner\")]"}
COMMAND: POST /session/cd8dad5b6aa98ad5f0615c697c2d4924/elements - {"using":"xpath","value":"//span[contains(@id, \"smartTable-header-inner\")]"}
RESULT: {"using":"xpath","value":"//span[contains(@id, \"smartTable-header-inner\")]"}
COMMAND: POST /session/cd8dad5b6aa98ad5f0615c697c2d4924/execute/sync - {"script":"<script> [56 bytes]","args":[{"element-6066-11e4-a52e-4f735466cecf":"f.73A3896108CAD0F2DAB8766297627504.d.8FAC82C71A0B43A2339ADC809F4F289B.e.21053","ELEMENT":"f.73A3896108CAD0F2DAB8766297627504.d.8FAC82C71A0B43A2339ADC809F4F289B.e.21053"}]}
RESULT: {"script":"<script> [56 bytes]","args":[{"element-6066-11e4-a52e-4f735466cecf":"f.73A3896108CAD0F2DAB8766297627504.d.8FAC82C71A0B43A2339ADC809F4F289B.e.21053","ELEMENT":"f.73A3896108CAD0F2DAB8766297627504.d.8FAC82C71A0B43A2339ADC809F4F289B.e.21053"}]}
COMMAND: POST /session/cd8dad5b6aa98ad5f0615c697c2d4924/elements - {"using":"xpath","value":"//thead[contains(@class, \"sapMTableTH\")]/tr/th"}
COMMAND: GET /session/cd8dad5b6aa98ad5f0615c697c2d4924/screenshot - {}
RESULT: {"using":"xpath","value":"//thead[contains(@class, \"sapMTableTH\")]/tr/th"}
COMMAND: GET /session/cd8dad5b6aa98ad5f0615c697c2d4924/element/f.73A3896108CAD0F2DAB8766297627504.d.8FAC82C71A0B43A2339ADC809F4F289B.e.21143/text - {}
RESULT: {}
RESULT: {}
COMMAND: GET /session/cd8dad5b6aa98ad5f0615c697c2d4924/element/f.73A3896108CAD0F2DAB8766297627504.d.8FAC82C71A0B43A2339ADC809F4F289B.e.21144/text - {}
RESULT: {}
COMMAND: GET /session/cd8dad5b6aa98ad5f0615c697c2d4924/element/f.73A3896108CAD0F2DAB8766297627504.d.8FAC82C71A0B43A2339ADC809F4F289B.e.20559/text - {}
RESULT: {}
COMMAND: GET /session/cd8dad5b6aa98ad5f0615c697c2d4924/element/f.73A3896108CAD0F2DAB8766297627504.d.8FAC82C71A0B43A2339ADC809F4F289B.e.20561/text - {}
RESULT: {}
COMMAND: GET /session/cd8dad5b6aa98ad5f0615c697c2d4924/element/f.73A3896108CAD0F2DAB8766297627504.d.8FAC82C71A0B43A2339ADC809F4F289B.e.21110/text - {}
RESULT: {}
COMMAND: GET /session/cd8dad5b6aa98ad5f0615c697c2d4924/element/f.73A3896108CAD0F2DAB8766297627504.d.8FAC82C71A0B43A2339ADC809F4F289B.e.21111/text - {}
RESULT: {}
COMMAND: GET /session/cd8dad5b6aa98ad5f0615c697c2d4924/element/f.73A3896108CAD0F2DAB8766297627504.d.8FAC82C71A0B43A2339ADC809F4F289B.e.21112/text - {}
RESULT: {}
COMMAND: GET /session/cd8dad5b6aa98ad5f0615c697c2d4924/element/f.73A3896108CAD0F2DAB8766297627504.d.8FAC82C71A0B43A2339ADC809F4F289B.e.21113/text - {}
RESULT: {}
COMMAND: GET /session/cd8dad5b6aa98ad5f0615c697c2d4924/element/f.73A3896108CAD0F2DAB8766297627504.d.8FAC82C71A0B43A2339ADC809F4F289B.e.21114/text - {}
RESULT: {}
COMMAND: GET /session/cd8dad5b6aa98ad5f0615c697c2d4924/element/f.73A3896108CAD0F2DAB8766297627504.d.8FAC82C71A0B43A2339ADC809F4F289B.e.21115/text - {}
RESULT: {}
COMMAND: GET /session/cd8dad5b6aa98ad5f0615c697c2d4924/element/f.73A3896108CAD0F2DAB8766297627504.d.8FAC82C71A0B43A2339ADC809F4F289B.e.21116/text - {}
RESULT: {}
COMMAND: GET /session/cd8dad5b6aa98ad5f0615c697c2d4924/element/f.73A3896108CAD0F2DAB8766297627504.d.8FAC82C71A0B43A2339ADC809F4F289B.e.21117/text - {}
RESULT: {}
COMMAND: GET /session/cd8dad5b6aa98ad5f0615c697c2d4924/element/f.73A3896108CAD0F2DAB8766297627504.d.8FAC82C71A0B43A2339ADC809F4F289B.e.21118/text - {}
RESULT: {}
COMMAND: GET /session/cd8dad5b6aa98ad5f0615c697c2d4924/element/f.73A3896108CAD0F2DAB8766297627504.d.8FAC82C71A0B43A2339ADC809F4F289B.e.20562/text - {}
RESULT: {}
COMMAND: POST /session/cd8dad5b6aa98ad5f0615c697c2d4924/element - {"using":"xpath","value":"//tbody[contains(@id, \"customHandoversTable-tblBody\")]/tr[1]/td[14]/div/span"}
RESULT: {"using":"xpath","value":"//tbody[contains(@id, \"customHandoversTable-tblBody\")]/tr[1]/td[14]/div/span"}
COMMAND: POST /session/cd8dad5b6aa98ad5f0615c697c2d4924/execute/sync - {"script":"<script> [56 bytes]","args":[{"element-6066-11e4-a52e-4f735466cecf":"f.73A3896108CAD0F2DAB8766297627504.d.8FAC82C71A0B43A2339ADC809F4F289B.e.21197","ELEMENT":"f.73A3896108CAD0F2DAB8766297627504.d.8FAC82C71A0B43A2339ADC809F4F289B.e.21197"}]}
RESULT: {"script":"<script> [56 bytes]","args":[{"element-6066-11e4-a52e-4f735466cecf":"f.73A3896108CAD0F2DAB8766297627504.d.8FAC82C71A0B43A2339ADC809F4F289B.e.21197","ELEMENT":"f.73A3896108CAD0F2DAB8766297627504.d.8FAC82C71A0B43A2339ADC809F4F289B.e.21197"}]}
COMMAND: POST /session/cd8dad5b6aa98ad5f0615c697c2d4924/element - {"using":"xpath","value":"(//span[contains(@id, \"imgNav\")])[1]"}
COMMAND: GET /session/cd8dad5b6aa98ad5f0615c697c2d4924/screenshot - {}
RESULT: {"using":"xpath","value":"(//span[contains(@id, \"imgNav\")])[1]"}
COMMAND: POST /session/cd8dad5b6aa98ad5f0615c697c2d4924/element/f.73A3896108CAD0F2DAB8766297627504.d.8FAC82C71A0B43A2339ADC809F4F289B.e.21198/click - {}
RESULT: {}
RESULT: {}
COMMAND: GET /session/cd8dad5b6aa98ad5f0615c697c2d4924/screenshot - {}
RESULT: {}
RESULT: undefined
COMMAND: POST /session/cd8dad5b6aa98ad5f0615c697c2d4924/execute/async - {"script":"<script> [776 bytes]","args":[{"enterText":"5/28/25","selector":{"id":"receiptDatePicker","viewName":"etm.portal.ui.managehandovers.view.DetailExecuteHO","interaction":{"idSuffix":"inner"}},"clearTextFirst":true,"interactionType":"ENTER_TEXT"}]}
RESULT: {"script":"<script> [776 bytes]","args":[{"enterText":"5/28/25","selector":{"id":"receiptDatePicker","viewName":"etm.portal.ui.managehandovers.view.DetailExecuteHO","interaction":{"idSuffix":"inner"}},"clearTextFirst":true,"interactionType":"ENTER_TEXT"}]}
COMMAND: POST /session/cd8dad5b6aa98ad5f0615c697c2d4924/element - {"using":"xpath","value":"//bdi[contains(text(), \"OK\")]"}
RESULT: {"using":"xpath","value":"//bdi[contains(text(), \"OK\")]"}
COMMAND: POST /session/cd8dad5b6aa98ad5f0615c697c2d4924/element/f.73A3896108CAD0F2DAB8766297627504.d.8FAC82C71A0B43A2339ADC809F4F289B.e.21236/click - {}
RESULT: {}
COMMAND: GET /session/cd8dad5b6aa98ad5f0615c697c2d4924/screenshot - {}
RESULT: {}
COMMAND: POST /session/cd8dad5b6aa98ad5f0615c697c2d4924/element - {"using":"xpath","value":"//button[@data-kt=\"PickingTableConfirmAllButton\"]"}
RESULT: {"using":"xpath","value":"//button[@data-kt=\"PickingTableConfirmAllButton\"]"}
COMMAND: POST /session/cd8dad5b6aa98ad5f0615c697c2d4924/element/f.73A3896108CAD0F2DAB8766297627504.d.8FAC82C71A0B43A2339ADC809F4F289B.e.21222/click - {}
RESULT: {}
COMMAND: GET /session/cd8dad5b6aa98ad5f0615c697c2d4924/screenshot - {}
RESULT: {}
COMMAND: POST /session/cd8dad5b6aa98ad5f0615c697c2d4924/element - {"using":"xpath","value":"//bdi[contains(text(), \"OK\")]"}
RESULT: {"using":"xpath","value":"//bdi[contains(text(), \"OK\")]"}
COMMAND: POST /session/cd8dad5b6aa98ad5f0615c697c2d4924/element/f.73A3896108CAD0F2DAB8766297627504.d.8FAC82C71A0B43A2339ADC809F4F289B.e.21251/click - {}
RESULT: {}
COMMAND: GET /session/cd8dad5b6aa98ad5f0615c697c2d4924/screenshot - {}
RESULT: {}
COMMAND: POST /session/cd8dad5b6aa98ad5f0615c697c2d4924/element - {"using":"xpath","value":"//button[@data-kt= \"execHoReceiveButton\"]"}
RESULT: {"using":"xpath","value":"//button[@data-kt= \"execHoReceiveButton\"]"}
COMMAND: POST /session/cd8dad5b6aa98ad5f0615c697c2d4924/element/f.73A3896108CAD0F2DAB8766297627504.d.8FAC82C71A0B43A2339ADC809F4F289B.e.21252/click - {}
RESULT: {}
COMMAND: GET /session/cd8dad5b6aa98ad5f0615c697c2d4924/screenshot - {}
RESULT: {}
COMMAND: POST /session/cd8dad5b6aa98ad5f0615c697c2d4924/element - {"using":"xpath","value":"//input[contains(@id ,\"smartFilterBar-btnBasicSearch-I\")]"}
RESULT: {"using":"xpath","value":"//input[contains(@id ,\"smartFilterBar-btnBasicSearch-I\")]"}
COMMAND: POST /session/cd8dad5b6aa98ad5f0615c697c2d4924/elements - {"using":"xpath","value":"//input[contains(@id ,\"smartFilterBar-btnBasicSearch-I\")]"}
RESULT: {"using":"xpath","value":"//input[contains(@id ,\"smartFilterBar-btnBasicSearch-I\")]"}
COMMAND: POST /session/cd8dad5b6aa98ad5f0615c697c2d4924/execute/sync - {"script":"<script> [8489 bytes]","args":[{"element-6066-11e4-a52e-4f735466cecf":"f.73A3896108CAD0F2DAB8766297627504.d.8FAC82C71A0B43A2339ADC809F4F289B.e.20514","ELEMENT":"f.73A3896108CAD0F2DAB8766297627504.d.8FAC82C71A0B43A2339ADC809F4F289B.e.20514"}]}
RESULT: {"script":"<script> [8489 bytes]","args":[{"element-6066-11e4-a52e-4f735466cecf":"f.73A3896108CAD0F2DAB8766297627504.d.8FAC82C71A0B43A2339ADC809F4F289B.e.20514","ELEMENT":"f.73A3896108CAD0F2DAB8766297627504.d.8FAC82C71A0B43A2339ADC809F4F289B.e.20514"}]}
COMMAND: GET /session/cd8dad5b6aa98ad5f0615c697c2d4924/element/f.73A3896108CAD0F2DAB8766297627504.d.8FAC82C71A0B43A2339ADC809F4F289B.e.20514/enabled - {}
COMMAND: GET /session/cd8dad5b6aa98ad5f0615c697c2d4924/screenshot - {}
RESULT: {}
COMMAND: POST /session/cd8dad5b6aa98ad5f0615c697c2d4924/element/f.73A3896108CAD0F2DAB8766297627504.d.8FAC82C71A0B43A2339ADC809F4F289B.e.20514/clear - {}
COMMAND: GET /session/cd8dad5b6aa98ad5f0615c697c2d4924/screenshot - {}
RESULT: {}
RESULT: {}
COMMAND: POST /session/cd8dad5b6aa98ad5f0615c697c2d4924/element/f.73A3896108CAD0F2DAB8766297627504.d.8FAC82C71A0B43A2339ADC809F4F289B.e.20514/value - {"text":"30985"}
COMMAND: GET /session/cd8dad5b6aa98ad5f0615c697c2d4924/screenshot - {}
RESULT: {}
RESULT: {"text":"30985"}
COMMAND: GET /session/cd8dad5b6aa98ad5f0615c697c2d4924/screenshot - {}
RESULT: {}
RESULT: {}
COMMAND: POST /session/cd8dad5b6aa98ad5f0615c697c2d4924/actions - {"actions":[{"id":"action77","type":"key","parameters":{},"actions":[{"type":"keyDown","value":""},{"type":"pause","duration":10},{"type":"keyUp","value":""}]}]}
RESULT: {"actions":[{"id":"action77","type":"key","parameters":{},"actions":[{"type":"keyDown","value":""},{"type":"pause","duration":10},{"type":"keyUp","value":""}]}]}
COMMAND: GET /session/cd8dad5b6aa98ad5f0615c697c2d4924/screenshot - {}
RESULT: {}
COMMAND: POST /session/cd8dad5b6aa98ad5f0615c697c2d4924/element - {"using":"xpath","value":"//span[contains(@id, \"smartTable-header-inner\")]"}
RESULT: {"using":"xpath","value":"//span[contains(@id, \"smartTable-header-inner\")]"}
COMMAND: POST /session/cd8dad5b6aa98ad5f0615c697c2d4924/elements - {"using":"xpath","value":"//span[contains(@id, \"smartTable-header-inner\")]"}
RESULT: {"using":"xpath","value":"//span[contains(@id, \"smartTable-header-inner\")]"}
COMMAND: POST /session/cd8dad5b6aa98ad5f0615c697c2d4924/execute/sync - {"script":"<script> [56 bytes]","args":[{"element-6066-11e4-a52e-4f735466cecf":"f.73A3896108CAD0F2DAB8766297627504.d.8FAC82C71A0B43A2339ADC809F4F289B.e.21053","ELEMENT":"f.73A3896108CAD0F2DAB8766297627504.d.8FAC82C71A0B43A2339ADC809F4F289B.e.21053"}]}
RESULT: {"script":"<script> [56 bytes]","args":[{"element-6066-11e4-a52e-4f735466cecf":"f.73A3896108CAD0F2DAB8766297627504.d.8FAC82C71A0B43A2339ADC809F4F289B.e.21053","ELEMENT":"f.73A3896108CAD0F2DAB8766297627504.d.8FAC82C71A0B43A2339ADC809F4F289B.e.21053"}]}
COMMAND: POST /session/cd8dad5b6aa98ad5f0615c697c2d4924/elements - {"using":"xpath","value":"//thead[contains(@class, \"sapMTableTH\")]/tr/th"}
RESULT: {"using":"xpath","value":"//thead[contains(@class, \"sapMTableTH\")]/tr/th"}
COMMAND: GET /session/cd8dad5b6aa98ad5f0615c697c2d4924/element/f.73A3896108CAD0F2DAB8766297627504.d.8FAC82C71A0B43A2339ADC809F4F289B.e.21143/text - {}
RESULT: {}
COMMAND: GET /session/cd8dad5b6aa98ad5f0615c697c2d4924/element/f.73A3896108CAD0F2DAB8766297627504.d.8FAC82C71A0B43A2339ADC809F4F289B.e.21144/text - {}
COMMAND: GET /session/cd8dad5b6aa98ad5f0615c697c2d4924/screenshot - {}
RESULT: {}
COMMAND: GET /session/cd8dad5b6aa98ad5f0615c697c2d4924/element/f.73A3896108CAD0F2DAB8766297627504.d.8FAC82C71A0B43A2339ADC809F4F289B.e.20559/text - {}
RESULT: {}
RESULT: {}
COMMAND: GET /session/cd8dad5b6aa98ad5f0615c697c2d4924/element/f.73A3896108CAD0F2DAB8766297627504.d.8FAC82C71A0B43A2339ADC809F4F289B.e.20561/text - {}
RESULT: {}
COMMAND: GET /session/cd8dad5b6aa98ad5f0615c697c2d4924/element/f.73A3896108CAD0F2DAB8766297627504.d.8FAC82C71A0B43A2339ADC809F4F289B.e.21256/text - {}
RESULT: {}
COMMAND: GET /session/cd8dad5b6aa98ad5f0615c697c2d4924/element/f.73A3896108CAD0F2DAB8766297627504.d.8FAC82C71A0B43A2339ADC809F4F289B.e.21257/text - {}
RESULT: {}
COMMAND: GET /session/cd8dad5b6aa98ad5f0615c697c2d4924/element/f.73A3896108CAD0F2DAB8766297627504.d.8FAC82C71A0B43A2339ADC809F4F289B.e.21258/text - {}
RESULT: {}
COMMAND: GET /session/cd8dad5b6aa98ad5f0615c697c2d4924/element/f.73A3896108CAD0F2DAB8766297627504.d.8FAC82C71A0B43A2339ADC809F4F289B.e.21259/text - {}
RESULT: {}
COMMAND: GET /session/cd8dad5b6aa98ad5f0615c697c2d4924/element/f.73A3896108CAD0F2DAB8766297627504.d.8FAC82C71A0B43A2339ADC809F4F289B.e.21260/text - {}
RESULT: {}
COMMAND: GET /session/cd8dad5b6aa98ad5f0615c697c2d4924/element/f.73A3896108CAD0F2DAB8766297627504.d.8FAC82C71A0B43A2339ADC809F4F289B.e.21261/text - {}
RESULT: {}
COMMAND: GET /session/cd8dad5b6aa98ad5f0615c697c2d4924/element/f.73A3896108CAD0F2DAB8766297627504.d.8FAC82C71A0B43A2339ADC809F4F289B.e.21262/text - {}
RESULT: {}
COMMAND: GET /session/cd8dad5b6aa98ad5f0615c697c2d4924/element/f.73A3896108CAD0F2DAB8766297627504.d.8FAC82C71A0B43A2339ADC809F4F289B.e.21263/text - {}
RESULT: {}
COMMAND: GET /session/cd8dad5b6aa98ad5f0615c697c2d4924/element/f.73A3896108CAD0F2DAB8766297627504.d.8FAC82C71A0B43A2339ADC809F4F289B.e.21264/text - {}
RESULT: {}
COMMAND: GET /session/cd8dad5b6aa98ad5f0615c697c2d4924/element/f.73A3896108CAD0F2DAB8766297627504.d.8FAC82C71A0B43A2339ADC809F4F289B.e.20562/text - {}
RESULT: {}
COMMAND: POST /session/cd8dad5b6aa98ad5f0615c697c2d4924/element - {"using":"xpath","value":"//tbody[contains(@id, \"customHandoversTable-tblBody\")]/tr[1]/td[14]/div/span"}
RESULT: {"using":"xpath","value":"//tbody[contains(@id, \"customHandoversTable-tblBody\")]/tr[1]/td[14]/div/span"}
COMMAND: POST /session/cd8dad5b6aa98ad5f0615c697c2d4924/execute/sync - {"script":"<script> [56 bytes]","args":[{"element-6066-11e4-a52e-4f735466cecf":"f.73A3896108CAD0F2DAB8766297627504.d.8FAC82C71A0B43A2339ADC809F4F289B.e.21307","ELEMENT":"f.73A3896108CAD0F2DAB8766297627504.d.8FAC82C71A0B43A2339ADC809F4F289B.e.21307"}]}
RESULT: {"script":"<script> [56 bytes]","args":[{"element-6066-11e4-a52e-4f735466cecf":"f.73A3896108CAD0F2DAB8766297627504.d.8FAC82C71A0B43A2339ADC809F4F289B.e.21307","ELEMENT":"f.73A3896108CAD0F2DAB8766297627504.d.8FAC82C71A0B43A2339ADC809F4F289B.e.21307"}]}
COMMAND: POST /session/cd8dad5b6aa98ad5f0615c697c2d4924/element - {"using":"css selector","value":"#shell-header-logo"}
COMMAND: GET /session/cd8dad5b6aa98ad5f0615c697c2d4924/screenshot - {}
RESULT: {"using":"css selector","value":"#shell-header-logo"}
COMMAND: POST /session/cd8dad5b6aa98ad5f0615c697c2d4924/element/f.73A3896108CAD0F2DAB8766297627504.d.8FAC82C71A0B43A2339ADC809F4F289B.e.19857/click - {}
RESULT: {}
RESULT: {}
COMMAND: GET /session/cd8dad5b6aa98ad5f0615c697c2d4924/screenshot - {}
RESULT: {}
]]></system-out>
    </testcase>
    <testcase classname="chrome.136_0_7103_93.windows.Billing_Calculation_-_Time_based_(considering_transport_times)_US139738" name="Should navigate to Manage Billings and trigger contract calculation business confirm it" time="61.302">
      <system-out><![CDATA[
COMMAND: POST /session/cd8dad5b6aa98ad5f0615c697c2d4924/execute/async - {"script":"<script> [1562 bytes]","args":[{"selector":{"controlType":"sap.m.GenericTile","properties":{"header":"Manage Billings"}},"wdio_ui5_key":"sapm.GenericTile{\"header\":\"Manage Billings\"}"}]}
RESULT: {"script":"<script> [1562 bytes]","args":[{"selector":{"controlType":"sap.m.GenericTile","properties":{"header":"Manage Billings"}},"wdio_ui5_key":"sapm.GenericTile{\"header\":\"Manage Billings\"}"}]}
RESULT: undefined
COMMAND: POST /session/cd8dad5b6aa98ad5f0615c697c2d4924/element - {"using":"xpath","value":"//*[@id=\"__tile51\"]"}
RESULT: {"using":"xpath","value":"//*[@id=\"__tile51\"]"}
COMMAND: POST /session/cd8dad5b6aa98ad5f0615c697c2d4924/element/f.73A3896108CAD0F2DAB8766297627504.d.8FAC82C71A0B43A2339ADC809F4F289B.e.17737/click - {}
RESULT: {}
COMMAND: GET /session/cd8dad5b6aa98ad5f0615c697c2d4924/screenshot - {}
RESULT: {}
COMMAND: POST /session/cd8dad5b6aa98ad5f0615c697c2d4924/elements - {"using":"xpath","value":"//span[text()='Error']"}
RESULT: {"using":"xpath","value":"//span[text()='Error']"}
COMMAND: POST /session/cd8dad5b6aa98ad5f0615c697c2d4924/execute/async - {"script":"<script> [1562 bytes]","args":[{"selector":{"id":"application-managebillings-display-component---billRunCalcResult--smartFilterBar-btnBasicSearch","interaction":{"idSuffix":"I"}},"wdio_ui5_key":"applicationmanagebillings-display-component---billRunCalcResult--smartFilterBar-btnBasicSearch"}]}
RESULT: {"script":"<script> [1562 bytes]","args":[{"selector":{"id":"application-managebillings-display-component---billRunCalcResult--smartFilterBar-btnBasicSearch","interaction":{"idSuffix":"I"}},"wdio_ui5_key":"applicationmanagebillings-display-component---billRunCalcResult--smartFilterBar-btnBasicSearch"}]}
RESULT: undefined
COMMAND: POST /session/cd8dad5b6aa98ad5f0615c697c2d4924/execute/async - {"script":"<script> [776 bytes]","args":[{"enterText":"10489","selector":{"id":"application-managebillings-display-component---billRunCalcResult--smartFilterBar-btnBasicSearch","interaction":{"idSuffix":"I"}},"clearTextFirst":true,"interactionType":"ENTER_TEXT"}]}
RESULT: {"script":"<script> [776 bytes]","args":[{"enterText":"10489","selector":{"id":"application-managebillings-display-component---billRunCalcResult--smartFilterBar-btnBasicSearch","interaction":{"idSuffix":"I"}},"clearTextFirst":true,"interactionType":"ENTER_TEXT"}]}
COMMAND: POST /session/cd8dad5b6aa98ad5f0615c697c2d4924/actions - {"actions":[{"id":"action78","type":"key","parameters":{},"actions":[{"type":"keyDown","value":""},{"type":"pause","duration":10},{"type":"keyUp","value":""}]}]}
RESULT: {"actions":[{"id":"action78","type":"key","parameters":{},"actions":[{"type":"keyDown","value":""},{"type":"pause","duration":10},{"type":"keyUp","value":""}]}]}
COMMAND: GET /session/cd8dad5b6aa98ad5f0615c697c2d4924/screenshot - {}
RESULT: {}
COMMAND: POST /session/cd8dad5b6aa98ad5f0615c697c2d4924/element - {"using":"xpath","value":"//td[@aria-colindex=\"1\"]/div/div[contains(@class, \"sapMCbBg\")]"}
RESULT: {"using":"xpath","value":"//td[@aria-colindex=\"1\"]/div/div[contains(@class, \"sapMCbBg\")]"}
COMMAND: POST /session/cd8dad5b6aa98ad5f0615c697c2d4924/element/f.73A3896108CAD0F2DAB8766297627504.d.8FAC82C71A0B43A2339ADC809F4F289B.e.21521/click - {}
RESULT: {}
COMMAND: GET /session/cd8dad5b6aa98ad5f0615c697c2d4924/screenshot - {}
RESULT: {}
COMMAND: POST /session/cd8dad5b6aa98ad5f0615c697c2d4924/execute/async - {"script":"<script> [1562 bytes]","args":[{"selector":{"id":"application-managebillings-display-component---billRunCalcResult--contractBillRunDate","interaction":{"idSuffix":"inner"}},"wdio_ui5_key":"applicationmanagebillings-display-component---billRunCalcResult--contractBillRunDate"}]}
RESULT: {"script":"<script> [1562 bytes]","args":[{"selector":{"id":"application-managebillings-display-component---billRunCalcResult--contractBillRunDate","interaction":{"idSuffix":"inner"}},"wdio_ui5_key":"applicationmanagebillings-display-component---billRunCalcResult--contractBillRunDate"}]}
RESULT: undefined
COMMAND: POST /session/cd8dad5b6aa98ad5f0615c697c2d4924/execute/async - {"script":"<script> [776 bytes]","args":[{"enterText":"5/21/25","selector":{"id":"application-managebillings-display-component---billRunCalcResult--contractBillRunDate","interaction":{"idSuffix":"inner"}},"clearTextFirst":true,"interactionType":"ENTER_TEXT"}]}
RESULT: {"script":"<script> [776 bytes]","args":[{"enterText":"5/21/25","selector":{"id":"application-managebillings-display-component---billRunCalcResult--contractBillRunDate","interaction":{"idSuffix":"inner"}},"clearTextFirst":true,"interactionType":"ENTER_TEXT"}]}
COMMAND: POST /session/cd8dad5b6aa98ad5f0615c697c2d4924/element - {"using":"xpath","value":"//bdi[contains(text(), \"Trigger Calculation\")]"}
RESULT: {"using":"xpath","value":"//bdi[contains(text(), \"Trigger Calculation\")]"}
COMMAND: POST /session/cd8dad5b6aa98ad5f0615c697c2d4924/element/f.73A3896108CAD0F2DAB8766297627504.d.8FAC82C71A0B43A2339ADC809F4F289B.e.21571/click - {}
RESULT: {}
COMMAND: GET /session/cd8dad5b6aa98ad5f0615c697c2d4924/screenshot - {}
RESULT: {}
COMMAND: POST /session/cd8dad5b6aa98ad5f0615c697c2d4924/element - {"using":"xpath","value":"(//span[contains(@id, \"imgNav\")])[1]"}
RESULT: {"using":"xpath","value":"(//span[contains(@id, \"imgNav\")])[1]"}
COMMAND: POST /session/cd8dad5b6aa98ad5f0615c697c2d4924/element/f.73A3896108CAD0F2DAB8766297627504.d.8FAC82C71A0B43A2339ADC809F4F289B.e.21522/click - {}
RESULT: {}
COMMAND: GET /session/cd8dad5b6aa98ad5f0615c697c2d4924/screenshot - {}
RESULT: {}
COMMAND: POST /session/cd8dad5b6aa98ad5f0615c697c2d4924/element - {"using":"xpath","value":"//tr/td[6]/div[1]/span[1]/span[1]"}
RESULT: {"using":"xpath","value":"//tr/td[6]/div[1]/span[1]/span[1]"}
COMMAND: GET /session/cd8dad5b6aa98ad5f0615c697c2d4924/element/f.73A3896108CAD0F2DAB8766297627504.d.8FAC82C71A0B43A2339ADC809F4F289B.e.21574/text - {}
RESULT: {}
COMMAND: POST /session/cd8dad5b6aa98ad5f0615c697c2d4924/element - {"using":"xpath","value":"(//span[contains(@id, \"imgNav\")])[2]"}
RESULT: {"using":"xpath","value":"(//span[contains(@id, \"imgNav\")])[2]"}
COMMAND: POST /session/cd8dad5b6aa98ad5f0615c697c2d4924/element/f.73A3896108CAD0F2DAB8766297627504.d.8FAC82C71A0B43A2339ADC809F4F289B.e.21575/click - {}
RESULT: {}
COMMAND: POST /session/cd8dad5b6aa98ad5f0615c697c2d4924/element - {"using":"xpath","value":"//bdi[contains(text(), \"Business Confirm\")]"}
COMMAND: GET /session/cd8dad5b6aa98ad5f0615c697c2d4924/screenshot - {}
RESULT: {"using":"xpath","value":"//bdi[contains(text(), \"Business Confirm\")]"}
COMMAND: POST /session/cd8dad5b6aa98ad5f0615c697c2d4924/elements - {"using":"xpath","value":"//bdi[contains(text(), \"Business Confirm\")]"}
RESULT: {}
RESULT: {"using":"xpath","value":"//bdi[contains(text(), \"Business Confirm\")]"}
COMMAND: POST /session/cd8dad5b6aa98ad5f0615c697c2d4924/elements - {"using":"xpath","value":"//bdi[contains(text(), \"Business Confirm\")]"}
RESULT: {"using":"xpath","value":"//bdi[contains(text(), \"Business Confirm\")]"}
COMMAND: POST /session/cd8dad5b6aa98ad5f0615c697c2d4924/element - {"using":"xpath","value":"//bdi[contains(text(), \"Business Confirm\")]"}
RESULT: {"using":"xpath","value":"//bdi[contains(text(), \"Business Confirm\")]"}
COMMAND: POST /session/cd8dad5b6aa98ad5f0615c697c2d4924/element/f.73A3896108CAD0F2DAB8766297627504.d.8FAC82C71A0B43A2339ADC809F4F289B.e.21578/click - {}
RESULT: {}
COMMAND: POST /session/cd8dad5b6aa98ad5f0615c697c2d4924/element - {"using":"css selector","value":"#shell-header-logo"}
COMMAND: GET /session/cd8dad5b6aa98ad5f0615c697c2d4924/screenshot - {}
RESULT: {"using":"css selector","value":"#shell-header-logo"}
COMMAND: POST /session/cd8dad5b6aa98ad5f0615c697c2d4924/element/f.73A3896108CAD0F2DAB8766297627504.d.8FAC82C71A0B43A2339ADC809F4F289B.e.21312/click - {}
RESULT: {}
RESULT: {}
COMMAND: GET /session/cd8dad5b6aa98ad5f0615c697c2d4924/screenshot - {}
RESULT: {}
]]></system-out>
    </testcase>
    <testcase classname="chrome.136_0_7103_93.windows.Billing_Calculation_-_Time_based_(considering_transport_times)_US139738" name="Should transfer the billing all the way to completion" time="85.717">
      <system-out><![CDATA[
COMMAND: POST /session/cd8dad5b6aa98ad5f0615c697c2d4924/execute/async - {"script":"<script> [1562 bytes]","args":[{"selector":{"controlType":"sap.m.GenericTile","properties":{"header":"Billing Transfer"}},"wdio_ui5_key":"sapm.GenericTile{\"header\":\"Billing Transfer\"}"}]}
RESULT: {"script":"<script> [1562 bytes]","args":[{"selector":{"controlType":"sap.m.GenericTile","properties":{"header":"Billing Transfer"}},"wdio_ui5_key":"sapm.GenericTile{\"header\":\"Billing Transfer\"}"}]}
RESULT: undefined
COMMAND: POST /session/cd8dad5b6aa98ad5f0615c697c2d4924/element - {"using":"xpath","value":"//*[@id=\"__tile50\"]"}
RESULT: {"using":"xpath","value":"//*[@id=\"__tile50\"]"}
COMMAND: POST /session/cd8dad5b6aa98ad5f0615c697c2d4924/element/f.73A3896108CAD0F2DAB8766297627504.d.8FAC82C71A0B43A2339ADC809F4F289B.e.17735/click - {}
RESULT: {}
COMMAND: GET /session/cd8dad5b6aa98ad5f0615c697c2d4924/screenshot - {}
RESULT: {}
COMMAND: POST /session/cd8dad5b6aa98ad5f0615c697c2d4924/elements - {"using":"xpath","value":"//span[text()='Error']"}
RESULT: {"using":"xpath","value":"//span[text()='Error']"}
COMMAND: POST /session/cd8dad5b6aa98ad5f0615c697c2d4924/element - {"using":"xpath","value":"//input[contains(@id ,\"application-billingtransfer-display-component---billingWorkbench--smartFilterBar-btnBasicSearch\")]"}
RESULT: {"using":"xpath","value":"//input[contains(@id ,\"application-billingtransfer-display-component---billingWorkbench--smartFilterBar-btnBasicSearch\")]"}
COMMAND: POST /session/cd8dad5b6aa98ad5f0615c697c2d4924/elements - {"using":"xpath","value":"//input[contains(@id ,\"application-billingtransfer-display-component---billingWorkbench--smartFilterBar-btnBasicSearch\")]"}
RESULT: {"using":"xpath","value":"//input[contains(@id ,\"application-billingtransfer-display-component---billingWorkbench--smartFilterBar-btnBasicSearch\")]"}
COMMAND: POST /session/cd8dad5b6aa98ad5f0615c697c2d4924/execute/sync - {"script":"<script> [8489 bytes]","args":[{"element-6066-11e4-a52e-4f735466cecf":"f.73A3896108CAD0F2DAB8766297627504.d.8FAC82C71A0B43A2339ADC809F4F289B.e.21654","ELEMENT":"f.73A3896108CAD0F2DAB8766297627504.d.8FAC82C71A0B43A2339ADC809F4F289B.e.21654"}]}
RESULT: {"script":"<script> [8489 bytes]","args":[{"element-6066-11e4-a52e-4f735466cecf":"f.73A3896108CAD0F2DAB8766297627504.d.8FAC82C71A0B43A2339ADC809F4F289B.e.21654","ELEMENT":"f.73A3896108CAD0F2DAB8766297627504.d.8FAC82C71A0B43A2339ADC809F4F289B.e.21654"}]}
COMMAND: GET /session/cd8dad5b6aa98ad5f0615c697c2d4924/element/f.73A3896108CAD0F2DAB8766297627504.d.8FAC82C71A0B43A2339ADC809F4F289B.e.21654/enabled - {}
COMMAND: GET /session/cd8dad5b6aa98ad5f0615c697c2d4924/screenshot - {}
RESULT: {}
COMMAND: POST /session/cd8dad5b6aa98ad5f0615c697c2d4924/element/f.73A3896108CAD0F2DAB8766297627504.d.8FAC82C71A0B43A2339ADC809F4F289B.e.21654/click - {}
COMMAND: GET /session/cd8dad5b6aa98ad5f0615c697c2d4924/screenshot - {}
RESULT: {}
RESULT: {}
COMMAND: GET /session/cd8dad5b6aa98ad5f0615c697c2d4924/screenshot - {}
RESULT: {}
RESULT: {}
COMMAND: POST /session/cd8dad5b6aa98ad5f0615c697c2d4924/element/f.73A3896108CAD0F2DAB8766297627504.d.8FAC82C71A0B43A2339ADC809F4F289B.e.21654/clear - {}
RESULT: {}
COMMAND: POST /session/cd8dad5b6aa98ad5f0615c697c2d4924/element/f.73A3896108CAD0F2DAB8766297627504.d.8FAC82C71A0B43A2339ADC809F4F289B.e.21654/value - {"text":"10489"}
COMMAND: GET /session/cd8dad5b6aa98ad5f0615c697c2d4924/screenshot - {}
RESULT: {}
RESULT: {"text":"10489"}
COMMAND: POST /session/cd8dad5b6aa98ad5f0615c697c2d4924/actions - {"actions":[{"id":"action79","type":"key","parameters":{},"actions":[{"type":"keyDown","value":""},{"type":"pause","duration":10},{"type":"keyUp","value":""}]}]}
COMMAND: GET /session/cd8dad5b6aa98ad5f0615c697c2d4924/screenshot - {}
RESULT: {"actions":[{"id":"action79","type":"key","parameters":{},"actions":[{"type":"keyDown","value":""},{"type":"pause","duration":10},{"type":"keyUp","value":""}]}]}
COMMAND: GET /session/cd8dad5b6aa98ad5f0615c697c2d4924/screenshot - {}
RESULT: {}
RESULT: {}
COMMAND: POST /session/cd8dad5b6aa98ad5f0615c697c2d4924/element - {"using":"xpath","value":"//span[contains(@id ,\"application-billingtransfer-display-component---billingWorkbench--smartTableBillingRuns-header-inner\")]"}
RESULT: {"using":"xpath","value":"//span[contains(@id ,\"application-billingtransfer-display-component---billingWorkbench--smartTableBillingRuns-header-inner\")]"}
COMMAND: POST /session/cd8dad5b6aa98ad5f0615c697c2d4924/elements - {"using":"xpath","value":"//span[contains(@id ,\"application-billingtransfer-display-component---billingWorkbench--smartTableBillingRuns-header-inner\")]"}
RESULT: {"using":"xpath","value":"//span[contains(@id ,\"application-billingtransfer-display-component---billingWorkbench--smartTableBillingRuns-header-inner\")]"}
COMMAND: POST /session/cd8dad5b6aa98ad5f0615c697c2d4924/execute/sync - {"script":"<script> [56 bytes]","args":[{"element-6066-11e4-a52e-4f735466cecf":"f.73A3896108CAD0F2DAB8766297627504.d.8FAC82C71A0B43A2339ADC809F4F289B.e.21793","ELEMENT":"f.73A3896108CAD0F2DAB8766297627504.d.8FAC82C71A0B43A2339ADC809F4F289B.e.21793"}]}
RESULT: {"script":"<script> [56 bytes]","args":[{"element-6066-11e4-a52e-4f735466cecf":"f.73A3896108CAD0F2DAB8766297627504.d.8FAC82C71A0B43A2339ADC809F4F289B.e.21793","ELEMENT":"f.73A3896108CAD0F2DAB8766297627504.d.8FAC82C71A0B43A2339ADC809F4F289B.e.21793"}]}
COMMAND: POST /session/cd8dad5b6aa98ad5f0615c697c2d4924/element - {"using":"xpath","value":"//td[@aria-colindex=\"1\"]/div/div[contains(@class, \"sapMCbBg\")]"}
COMMAND: GET /session/cd8dad5b6aa98ad5f0615c697c2d4924/screenshot - {}
RESULT: {"using":"xpath","value":"//td[@aria-colindex=\"1\"]/div/div[contains(@class, \"sapMCbBg\")]"}
COMMAND: POST /session/cd8dad5b6aa98ad5f0615c697c2d4924/element/f.73A3896108CAD0F2DAB8766297627504.d.8FAC82C71A0B43A2339ADC809F4F289B.e.21786/click - {}
RESULT: {}
RESULT: {}
COMMAND: GET /session/cd8dad5b6aa98ad5f0615c697c2d4924/screenshot - {}
RESULT: {}
COMMAND: POST /session/cd8dad5b6aa98ad5f0615c697c2d4924/element - {"using":"xpath","value":"//bdi[contains(text(), \"Check\")]"}
RESULT: {"using":"xpath","value":"//bdi[contains(text(), \"Check\")]"}
COMMAND: POST /session/cd8dad5b6aa98ad5f0615c697c2d4924/element/f.73A3896108CAD0F2DAB8766297627504.d.8FAC82C71A0B43A2339ADC809F4F289B.e.21794/click - {}
RESULT: {}
COMMAND: GET /session/cd8dad5b6aa98ad5f0615c697c2d4924/screenshot - {}
RESULT: {}
COMMAND: POST /session/cd8dad5b6aa98ad5f0615c697c2d4924/element - {"using":"xpath","value":"//bdi[contains(text(), \"OK\")]"}
RESULT: {"using":"xpath","value":"//bdi[contains(text(), \"OK\")]"}
COMMAND: POST /session/cd8dad5b6aa98ad5f0615c697c2d4924/element/f.73A3896108CAD0F2DAB8766297627504.d.8FAC82C71A0B43A2339ADC809F4F289B.e.21797/click - {}
RESULT: {}
COMMAND: GET /session/cd8dad5b6aa98ad5f0615c697c2d4924/screenshot - {}
RESULT: {}
COMMAND: POST /session/cd8dad5b6aa98ad5f0615c697c2d4924/element - {"using":"xpath","value":"(//span[contains(text(), \"CO/SD checked\")]/parent::div/preceding-sibling::div/span)[1]"}
RESULT: {"using":"xpath","value":"(//span[contains(text(), \"CO/SD checked\")]/parent::div/preceding-sibling::div/span)[1]"}
COMMAND: POST /session/cd8dad5b6aa98ad5f0615c697c2d4924/element/f.73A3896108CAD0F2DAB8766297627504.d.8FAC82C71A0B43A2339ADC809F4F289B.e.21806/click - {}
RESULT: {}
COMMAND: GET /session/cd8dad5b6aa98ad5f0615c697c2d4924/screenshot - {}
RESULT: {}
COMMAND: POST /session/cd8dad5b6aa98ad5f0615c697c2d4924/element - {"using":"xpath","value":"//input[contains(@id ,\"application-billingtransfer-display-component---billingWorkbench--smartFilterBar-btnBasicSearch\")]"}
RESULT: {"using":"xpath","value":"//input[contains(@id ,\"application-billingtransfer-display-component---billingWorkbench--smartFilterBar-btnBasicSearch\")]"}
COMMAND: POST /session/cd8dad5b6aa98ad5f0615c697c2d4924/elements - {"using":"xpath","value":"//input[contains(@id ,\"application-billingtransfer-display-component---billingWorkbench--smartFilterBar-btnBasicSearch\")]"}
RESULT: {"using":"xpath","value":"//input[contains(@id ,\"application-billingtransfer-display-component---billingWorkbench--smartFilterBar-btnBasicSearch\")]"}
COMMAND: POST /session/cd8dad5b6aa98ad5f0615c697c2d4924/execute/sync - {"script":"<script> [8489 bytes]","args":[{"element-6066-11e4-a52e-4f735466cecf":"f.73A3896108CAD0F2DAB8766297627504.d.8FAC82C71A0B43A2339ADC809F4F289B.e.21654","ELEMENT":"f.73A3896108CAD0F2DAB8766297627504.d.8FAC82C71A0B43A2339ADC809F4F289B.e.21654"}]}
RESULT: {"script":"<script> [8489 bytes]","args":[{"element-6066-11e4-a52e-4f735466cecf":"f.73A3896108CAD0F2DAB8766297627504.d.8FAC82C71A0B43A2339ADC809F4F289B.e.21654","ELEMENT":"f.73A3896108CAD0F2DAB8766297627504.d.8FAC82C71A0B43A2339ADC809F4F289B.e.21654"}]}
COMMAND: GET /session/cd8dad5b6aa98ad5f0615c697c2d4924/element/f.73A3896108CAD0F2DAB8766297627504.d.8FAC82C71A0B43A2339ADC809F4F289B.e.21654/enabled - {}
COMMAND: GET /session/cd8dad5b6aa98ad5f0615c697c2d4924/screenshot - {}
RESULT: {}
COMMAND: POST /session/cd8dad5b6aa98ad5f0615c697c2d4924/element/f.73A3896108CAD0F2DAB8766297627504.d.8FAC82C71A0B43A2339ADC809F4F289B.e.21654/click - {}
COMMAND: GET /session/cd8dad5b6aa98ad5f0615c697c2d4924/screenshot - {}
RESULT: {}
RESULT: {}
COMMAND: GET /session/cd8dad5b6aa98ad5f0615c697c2d4924/screenshot - {}
RESULT: {}
RESULT: {}
COMMAND: POST /session/cd8dad5b6aa98ad5f0615c697c2d4924/element/f.73A3896108CAD0F2DAB8766297627504.d.8FAC82C71A0B43A2339ADC809F4F289B.e.21654/clear - {}
RESULT: {}
COMMAND: POST /session/cd8dad5b6aa98ad5f0615c697c2d4924/element/f.73A3896108CAD0F2DAB8766297627504.d.8FAC82C71A0B43A2339ADC809F4F289B.e.21654/value - {"text":"10489"}
COMMAND: GET /session/cd8dad5b6aa98ad5f0615c697c2d4924/screenshot - {}
RESULT: {"text":"10489"}
COMMAND: POST /session/cd8dad5b6aa98ad5f0615c697c2d4924/actions - {"actions":[{"id":"action80","type":"key","parameters":{},"actions":[{"type":"keyDown","value":""},{"type":"pause","duration":10},{"type":"keyUp","value":""}]}]}
COMMAND: GET /session/cd8dad5b6aa98ad5f0615c697c2d4924/screenshot - {}
RESULT: {}
RESULT: {"actions":[{"id":"action80","type":"key","parameters":{},"actions":[{"type":"keyDown","value":""},{"type":"pause","duration":10},{"type":"keyUp","value":""}]}]}
COMMAND: GET /session/cd8dad5b6aa98ad5f0615c697c2d4924/screenshot - {}
RESULT: {}
RESULT: {}
COMMAND: POST /session/cd8dad5b6aa98ad5f0615c697c2d4924/element - {"using":"xpath","value":"//span[contains(@id ,\"application-billingtransfer-display-component---billingWorkbench--smartTableBillingRuns-header-inner\")]"}
RESULT: {"using":"xpath","value":"//span[contains(@id ,\"application-billingtransfer-display-component---billingWorkbench--smartTableBillingRuns-header-inner\")]"}
COMMAND: POST /session/cd8dad5b6aa98ad5f0615c697c2d4924/elements - {"using":"xpath","value":"//span[contains(@id ,\"application-billingtransfer-display-component---billingWorkbench--smartTableBillingRuns-header-inner\")]"}
RESULT: {"using":"xpath","value":"//span[contains(@id ,\"application-billingtransfer-display-component---billingWorkbench--smartTableBillingRuns-header-inner\")]"}
COMMAND: POST /session/cd8dad5b6aa98ad5f0615c697c2d4924/execute/sync - {"script":"<script> [56 bytes]","args":[{"element-6066-11e4-a52e-4f735466cecf":"f.73A3896108CAD0F2DAB8766297627504.d.8FAC82C71A0B43A2339ADC809F4F289B.e.21793","ELEMENT":"f.73A3896108CAD0F2DAB8766297627504.d.8FAC82C71A0B43A2339ADC809F4F289B.e.21793"}]}
RESULT: {"script":"<script> [56 bytes]","args":[{"element-6066-11e4-a52e-4f735466cecf":"f.73A3896108CAD0F2DAB8766297627504.d.8FAC82C71A0B43A2339ADC809F4F289B.e.21793","ELEMENT":"f.73A3896108CAD0F2DAB8766297627504.d.8FAC82C71A0B43A2339ADC809F4F289B.e.21793"}]}
COMMAND: POST /session/cd8dad5b6aa98ad5f0615c697c2d4924/element - {"using":"xpath","value":"//td[@aria-colindex=\"1\"]/div/div[contains(@class, \"sapMCbBg\")]"}
COMMAND: GET /session/cd8dad5b6aa98ad5f0615c697c2d4924/screenshot - {}
RESULT: {"using":"xpath","value":"//td[@aria-colindex=\"1\"]/div/div[contains(@class, \"sapMCbBg\")]"}
COMMAND: POST /session/cd8dad5b6aa98ad5f0615c697c2d4924/element/f.73A3896108CAD0F2DAB8766297627504.d.8FAC82C71A0B43A2339ADC809F4F289B.e.21809/click - {}
RESULT: {}
RESULT: {}
COMMAND: GET /session/cd8dad5b6aa98ad5f0615c697c2d4924/screenshot - {}
RESULT: {}
COMMAND: POST /session/cd8dad5b6aa98ad5f0615c697c2d4924/element - {"using":"xpath","value":"//bdi[text()=\"Transfer\"]"}
RESULT: {"using":"xpath","value":"//bdi[text()=\"Transfer\"]"}
COMMAND: POST /session/cd8dad5b6aa98ad5f0615c697c2d4924/element/f.73A3896108CAD0F2DAB8766297627504.d.8FAC82C71A0B43A2339ADC809F4F289B.e.21810/click - {}
RESULT: {}
COMMAND: GET /session/cd8dad5b6aa98ad5f0615c697c2d4924/screenshot - {}
RESULT: {}
COMMAND: POST /session/cd8dad5b6aa98ad5f0615c697c2d4924/element - {"using":"xpath","value":"//bdi[contains(text(), \"OK\")]"}
RESULT: {"using":"xpath","value":"//bdi[contains(text(), \"OK\")]"}
COMMAND: POST /session/cd8dad5b6aa98ad5f0615c697c2d4924/element/f.73A3896108CAD0F2DAB8766297627504.d.8FAC82C71A0B43A2339ADC809F4F289B.e.21813/click - {}
RESULT: {}
COMMAND: GET /session/cd8dad5b6aa98ad5f0615c697c2d4924/screenshot - {}
RESULT: {}
COMMAND: POST /session/cd8dad5b6aa98ad5f0615c697c2d4924/element - {"using":"xpath","value":"(//span[contains(text(), \"Completed\")]/parent::div/preceding-sibling::div/span)[1]"}
RESULT: {"using":"xpath","value":"(//span[contains(text(), \"Completed\")]/parent::div/preceding-sibling::div/span)[1]"}
COMMAND: POST /session/cd8dad5b6aa98ad5f0615c697c2d4924/element/f.73A3896108CAD0F2DAB8766297627504.d.8FAC82C71A0B43A2339ADC809F4F289B.e.21821/click - {}
RESULT: {}
COMMAND: POST /session/cd8dad5b6aa98ad5f0615c697c2d4924/element - {"using":"xpath","value":"//input[contains(@id ,\"application-billingtransfer-display-component---billingWorkbench--smartFilterBar-btnBasicSearch\")]"}
COMMAND: GET /session/cd8dad5b6aa98ad5f0615c697c2d4924/screenshot - {}
RESULT: {"using":"xpath","value":"//input[contains(@id ,\"application-billingtransfer-display-component---billingWorkbench--smartFilterBar-btnBasicSearch\")]"}
COMMAND: POST /session/cd8dad5b6aa98ad5f0615c697c2d4924/elements - {"using":"xpath","value":"//input[contains(@id ,\"application-billingtransfer-display-component---billingWorkbench--smartFilterBar-btnBasicSearch\")]"}
RESULT: {}
RESULT: {"using":"xpath","value":"//input[contains(@id ,\"application-billingtransfer-display-component---billingWorkbench--smartFilterBar-btnBasicSearch\")]"}
COMMAND: POST /session/cd8dad5b6aa98ad5f0615c697c2d4924/execute/sync - {"script":"<script> [8489 bytes]","args":[{"element-6066-11e4-a52e-4f735466cecf":"f.73A3896108CAD0F2DAB8766297627504.d.8FAC82C71A0B43A2339ADC809F4F289B.e.21654","ELEMENT":"f.73A3896108CAD0F2DAB8766297627504.d.8FAC82C71A0B43A2339ADC809F4F289B.e.21654"}]}
RESULT: {"script":"<script> [8489 bytes]","args":[{"element-6066-11e4-a52e-4f735466cecf":"f.73A3896108CAD0F2DAB8766297627504.d.8FAC82C71A0B43A2339ADC809F4F289B.e.21654","ELEMENT":"f.73A3896108CAD0F2DAB8766297627504.d.8FAC82C71A0B43A2339ADC809F4F289B.e.21654"}]}
COMMAND: GET /session/cd8dad5b6aa98ad5f0615c697c2d4924/element/f.73A3896108CAD0F2DAB8766297627504.d.8FAC82C71A0B43A2339ADC809F4F289B.e.21654/enabled - {}
COMMAND: GET /session/cd8dad5b6aa98ad5f0615c697c2d4924/screenshot - {}
RESULT: {}
COMMAND: POST /session/cd8dad5b6aa98ad5f0615c697c2d4924/element/f.73A3896108CAD0F2DAB8766297627504.d.8FAC82C71A0B43A2339ADC809F4F289B.e.21654/click - {}
COMMAND: GET /session/cd8dad5b6aa98ad5f0615c697c2d4924/screenshot - {}
RESULT: {}
RESULT: {}
COMMAND: GET /session/cd8dad5b6aa98ad5f0615c697c2d4924/screenshot - {}
RESULT: {}
RESULT: {}
COMMAND: POST /session/cd8dad5b6aa98ad5f0615c697c2d4924/element/f.73A3896108CAD0F2DAB8766297627504.d.8FAC82C71A0B43A2339ADC809F4F289B.e.21654/clear - {}
RESULT: {}
COMMAND: POST /session/cd8dad5b6aa98ad5f0615c697c2d4924/element/f.73A3896108CAD0F2DAB8766297627504.d.8FAC82C71A0B43A2339ADC809F4F289B.e.21654/value - {"text":"10489"}
COMMAND: GET /session/cd8dad5b6aa98ad5f0615c697c2d4924/screenshot - {}
RESULT: {"text":"10489"}
COMMAND: POST /session/cd8dad5b6aa98ad5f0615c697c2d4924/actions - {"actions":[{"id":"action81","type":"key","parameters":{},"actions":[{"type":"keyDown","value":""},{"type":"pause","duration":10},{"type":"keyUp","value":""}]}]}
COMMAND: GET /session/cd8dad5b6aa98ad5f0615c697c2d4924/screenshot - {}
RESULT: {}
RESULT: {"actions":[{"id":"action81","type":"key","parameters":{},"actions":[{"type":"keyDown","value":""},{"type":"pause","duration":10},{"type":"keyUp","value":""}]}]}
COMMAND: GET /session/cd8dad5b6aa98ad5f0615c697c2d4924/screenshot - {}
RESULT: {}
RESULT: {}
COMMAND: POST /session/cd8dad5b6aa98ad5f0615c697c2d4924/element - {"using":"xpath","value":"//span[contains(@id ,\"application-billingtransfer-display-component---billingWorkbench--smartTableBillingRuns-header-inner\")]"}
RESULT: {"using":"xpath","value":"//span[contains(@id ,\"application-billingtransfer-display-component---billingWorkbench--smartTableBillingRuns-header-inner\")]"}
COMMAND: POST /session/cd8dad5b6aa98ad5f0615c697c2d4924/elements - {"using":"xpath","value":"//span[contains(@id ,\"application-billingtransfer-display-component---billingWorkbench--smartTableBillingRuns-header-inner\")]"}
RESULT: {"using":"xpath","value":"//span[contains(@id ,\"application-billingtransfer-display-component---billingWorkbench--smartTableBillingRuns-header-inner\")]"}
COMMAND: POST /session/cd8dad5b6aa98ad5f0615c697c2d4924/execute/sync - {"script":"<script> [56 bytes]","args":[{"element-6066-11e4-a52e-4f735466cecf":"f.73A3896108CAD0F2DAB8766297627504.d.8FAC82C71A0B43A2339ADC809F4F289B.e.21793","ELEMENT":"f.73A3896108CAD0F2DAB8766297627504.d.8FAC82C71A0B43A2339ADC809F4F289B.e.21793"}]}
RESULT: {"script":"<script> [56 bytes]","args":[{"element-6066-11e4-a52e-4f735466cecf":"f.73A3896108CAD0F2DAB8766297627504.d.8FAC82C71A0B43A2339ADC809F4F289B.e.21793","ELEMENT":"f.73A3896108CAD0F2DAB8766297627504.d.8FAC82C71A0B43A2339ADC809F4F289B.e.21793"}]}
COMMAND: GET /session/cd8dad5b6aa98ad5f0615c697c2d4924/screenshot - {}
RESULT: {}
COMMAND: POST /session/cd8dad5b6aa98ad5f0615c697c2d4924/execute/sync - {"script":"<script> [56 bytes]","args":[{"element-6066-11e4-a52e-4f735466cecf":"f.73A3896108CAD0F2DAB8766297627504.d.8FAC82C71A0B43A2339ADC809F4F289B.e.21793","ELEMENT":"f.73A3896108CAD0F2DAB8766297627504.d.8FAC82C71A0B43A2339ADC809F4F289B.e.21793"}]}
RESULT: {"script":"<script> [56 bytes]","args":[{"element-6066-11e4-a52e-4f735466cecf":"f.73A3896108CAD0F2DAB8766297627504.d.8FAC82C71A0B43A2339ADC809F4F289B.e.21793","ELEMENT":"f.73A3896108CAD0F2DAB8766297627504.d.8FAC82C71A0B43A2339ADC809F4F289B.e.21793"}]}
COMMAND: GET /session/cd8dad5b6aa98ad5f0615c697c2d4924/screenshot - {}
COMMAND: POST /session/cd8dad5b6aa98ad5f0615c697c2d4924/execute/sync - {"script":"<script> [56 bytes]","args":[{"element-6066-11e4-a52e-4f735466cecf":"f.73A3896108CAD0F2DAB8766297627504.d.8FAC82C71A0B43A2339ADC809F4F289B.e.21793","ELEMENT":"f.73A3896108CAD0F2DAB8766297627504.d.8FAC82C71A0B43A2339ADC809F4F289B.e.21793"}]}
RESULT: {}
RESULT: {"script":"<script> [56 bytes]","args":[{"element-6066-11e4-a52e-4f735466cecf":"f.73A3896108CAD0F2DAB8766297627504.d.8FAC82C71A0B43A2339ADC809F4F289B.e.21793","ELEMENT":"f.73A3896108CAD0F2DAB8766297627504.d.8FAC82C71A0B43A2339ADC809F4F289B.e.21793"}]}
COMMAND: GET /session/cd8dad5b6aa98ad5f0615c697c2d4924/screenshot - {}
COMMAND: POST /session/cd8dad5b6aa98ad5f0615c697c2d4924/execute/sync - {"script":"<script> [56 bytes]","args":[{"element-6066-11e4-a52e-4f735466cecf":"f.73A3896108CAD0F2DAB8766297627504.d.8FAC82C71A0B43A2339ADC809F4F289B.e.21793","ELEMENT":"f.73A3896108CAD0F2DAB8766297627504.d.8FAC82C71A0B43A2339ADC809F4F289B.e.21793"}]}
RESULT: {}
RESULT: {"script":"<script> [56 bytes]","args":[{"element-6066-11e4-a52e-4f735466cecf":"f.73A3896108CAD0F2DAB8766297627504.d.8FAC82C71A0B43A2339ADC809F4F289B.e.21793","ELEMENT":"f.73A3896108CAD0F2DAB8766297627504.d.8FAC82C71A0B43A2339ADC809F4F289B.e.21793"}]}
COMMAND: GET /session/cd8dad5b6aa98ad5f0615c697c2d4924/screenshot - {}
COMMAND: POST /session/cd8dad5b6aa98ad5f0615c697c2d4924/execute/sync - {"script":"<script> [56 bytes]","args":[{"element-6066-11e4-a52e-4f735466cecf":"f.73A3896108CAD0F2DAB8766297627504.d.8FAC82C71A0B43A2339ADC809F4F289B.e.21793","ELEMENT":"f.73A3896108CAD0F2DAB8766297627504.d.8FAC82C71A0B43A2339ADC809F4F289B.e.21793"}]}
RESULT: {}
RESULT: {"script":"<script> [56 bytes]","args":[{"element-6066-11e4-a52e-4f735466cecf":"f.73A3896108CAD0F2DAB8766297627504.d.8FAC82C71A0B43A2339ADC809F4F289B.e.21793","ELEMENT":"f.73A3896108CAD0F2DAB8766297627504.d.8FAC82C71A0B43A2339ADC809F4F289B.e.21793"}]}
COMMAND: GET /session/cd8dad5b6aa98ad5f0615c697c2d4924/screenshot - {}
COMMAND: POST /session/cd8dad5b6aa98ad5f0615c697c2d4924/execute/sync - {"script":"<script> [56 bytes]","args":[{"element-6066-11e4-a52e-4f735466cecf":"f.73A3896108CAD0F2DAB8766297627504.d.8FAC82C71A0B43A2339ADC809F4F289B.e.21793","ELEMENT":"f.73A3896108CAD0F2DAB8766297627504.d.8FAC82C71A0B43A2339ADC809F4F289B.e.21793"}]}
RESULT: {}
RESULT: {"script":"<script> [56 bytes]","args":[{"element-6066-11e4-a52e-4f735466cecf":"f.73A3896108CAD0F2DAB8766297627504.d.8FAC82C71A0B43A2339ADC809F4F289B.e.21793","ELEMENT":"f.73A3896108CAD0F2DAB8766297627504.d.8FAC82C71A0B43A2339ADC809F4F289B.e.21793"}]}
COMMAND: GET /session/cd8dad5b6aa98ad5f0615c697c2d4924/screenshot - {}
RESULT: {}
COMMAND: POST /session/cd8dad5b6aa98ad5f0615c697c2d4924/execute/sync - {"script":"<script> [56 bytes]","args":[{"element-6066-11e4-a52e-4f735466cecf":"f.73A3896108CAD0F2DAB8766297627504.d.8FAC82C71A0B43A2339ADC809F4F289B.e.21793","ELEMENT":"f.73A3896108CAD0F2DAB8766297627504.d.8FAC82C71A0B43A2339ADC809F4F289B.e.21793"}]}
RESULT: {"script":"<script> [56 bytes]","args":[{"element-6066-11e4-a52e-4f735466cecf":"f.73A3896108CAD0F2DAB8766297627504.d.8FAC82C71A0B43A2339ADC809F4F289B.e.21793","ELEMENT":"f.73A3896108CAD0F2DAB8766297627504.d.8FAC82C71A0B43A2339ADC809F4F289B.e.21793"}]}
COMMAND: GET /session/cd8dad5b6aa98ad5f0615c697c2d4924/screenshot - {}
RESULT: {}
COMMAND: POST /session/cd8dad5b6aa98ad5f0615c697c2d4924/execute/sync - {"script":"<script> [56 bytes]","args":[{"element-6066-11e4-a52e-4f735466cecf":"f.73A3896108CAD0F2DAB8766297627504.d.8FAC82C71A0B43A2339ADC809F4F289B.e.21793","ELEMENT":"f.73A3896108CAD0F2DAB8766297627504.d.8FAC82C71A0B43A2339ADC809F4F289B.e.21793"}]}
RESULT: {"script":"<script> [56 bytes]","args":[{"element-6066-11e4-a52e-4f735466cecf":"f.73A3896108CAD0F2DAB8766297627504.d.8FAC82C71A0B43A2339ADC809F4F289B.e.21793","ELEMENT":"f.73A3896108CAD0F2DAB8766297627504.d.8FAC82C71A0B43A2339ADC809F4F289B.e.21793"}]}
COMMAND: GET /session/cd8dad5b6aa98ad5f0615c697c2d4924/screenshot - {}
RESULT: {}
COMMAND: POST /session/cd8dad5b6aa98ad5f0615c697c2d4924/execute/sync - {"script":"<script> [56 bytes]","args":[{"element-6066-11e4-a52e-4f735466cecf":"f.73A3896108CAD0F2DAB8766297627504.d.8FAC82C71A0B43A2339ADC809F4F289B.e.21793","ELEMENT":"f.73A3896108CAD0F2DAB8766297627504.d.8FAC82C71A0B43A2339ADC809F4F289B.e.21793"}]}
RESULT: {"script":"<script> [56 bytes]","args":[{"element-6066-11e4-a52e-4f735466cecf":"f.73A3896108CAD0F2DAB8766297627504.d.8FAC82C71A0B43A2339ADC809F4F289B.e.21793","ELEMENT":"f.73A3896108CAD0F2DAB8766297627504.d.8FAC82C71A0B43A2339ADC809F4F289B.e.21793"}]}
COMMAND: GET /session/cd8dad5b6aa98ad5f0615c697c2d4924/screenshot - {}
RESULT: {}
COMMAND: POST /session/cd8dad5b6aa98ad5f0615c697c2d4924/execute/sync - {"script":"<script> [56 bytes]","args":[{"element-6066-11e4-a52e-4f735466cecf":"f.73A3896108CAD0F2DAB8766297627504.d.8FAC82C71A0B43A2339ADC809F4F289B.e.21793","ELEMENT":"f.73A3896108CAD0F2DAB8766297627504.d.8FAC82C71A0B43A2339ADC809F4F289B.e.21793"}]}
RESULT: {"script":"<script> [56 bytes]","args":[{"element-6066-11e4-a52e-4f735466cecf":"f.73A3896108CAD0F2DAB8766297627504.d.8FAC82C71A0B43A2339ADC809F4F289B.e.21793","ELEMENT":"f.73A3896108CAD0F2DAB8766297627504.d.8FAC82C71A0B43A2339ADC809F4F289B.e.21793"}]}
COMMAND: GET /session/cd8dad5b6aa98ad5f0615c697c2d4924/screenshot - {}
RESULT: {}
COMMAND: POST /session/cd8dad5b6aa98ad5f0615c697c2d4924/execute/sync - {"script":"<script> [56 bytes]","args":[{"element-6066-11e4-a52e-4f735466cecf":"f.73A3896108CAD0F2DAB8766297627504.d.8FAC82C71A0B43A2339ADC809F4F289B.e.21793","ELEMENT":"f.73A3896108CAD0F2DAB8766297627504.d.8FAC82C71A0B43A2339ADC809F4F289B.e.21793"}]}
RESULT: {"script":"<script> [56 bytes]","args":[{"element-6066-11e4-a52e-4f735466cecf":"f.73A3896108CAD0F2DAB8766297627504.d.8FAC82C71A0B43A2339ADC809F4F289B.e.21793","ELEMENT":"f.73A3896108CAD0F2DAB8766297627504.d.8FAC82C71A0B43A2339ADC809F4F289B.e.21793"}]}
COMMAND: GET /session/cd8dad5b6aa98ad5f0615c697c2d4924/screenshot - {}
RESULT: {}
COMMAND: POST /session/cd8dad5b6aa98ad5f0615c697c2d4924/execute/sync - {"script":"<script> [56 bytes]","args":[{"element-6066-11e4-a52e-4f735466cecf":"f.73A3896108CAD0F2DAB8766297627504.d.8FAC82C71A0B43A2339ADC809F4F289B.e.21793","ELEMENT":"f.73A3896108CAD0F2DAB8766297627504.d.8FAC82C71A0B43A2339ADC809F4F289B.e.21793"}]}
RESULT: {"script":"<script> [56 bytes]","args":[{"element-6066-11e4-a52e-4f735466cecf":"f.73A3896108CAD0F2DAB8766297627504.d.8FAC82C71A0B43A2339ADC809F4F289B.e.21793","ELEMENT":"f.73A3896108CAD0F2DAB8766297627504.d.8FAC82C71A0B43A2339ADC809F4F289B.e.21793"}]}
COMMAND: GET /session/cd8dad5b6aa98ad5f0615c697c2d4924/screenshot - {}
RESULT: {}
COMMAND: POST /session/cd8dad5b6aa98ad5f0615c697c2d4924/execute/sync - {"script":"<script> [56 bytes]","args":[{"element-6066-11e4-a52e-4f735466cecf":"f.73A3896108CAD0F2DAB8766297627504.d.8FAC82C71A0B43A2339ADC809F4F289B.e.21793","ELEMENT":"f.73A3896108CAD0F2DAB8766297627504.d.8FAC82C71A0B43A2339ADC809F4F289B.e.21793"}]}
RESULT: {"script":"<script> [56 bytes]","args":[{"element-6066-11e4-a52e-4f735466cecf":"f.73A3896108CAD0F2DAB8766297627504.d.8FAC82C71A0B43A2339ADC809F4F289B.e.21793","ELEMENT":"f.73A3896108CAD0F2DAB8766297627504.d.8FAC82C71A0B43A2339ADC809F4F289B.e.21793"}]}
COMMAND: GET /session/cd8dad5b6aa98ad5f0615c697c2d4924/screenshot - {}
RESULT: {}
COMMAND: POST /session/cd8dad5b6aa98ad5f0615c697c2d4924/execute/sync - {"script":"<script> [56 bytes]","args":[{"element-6066-11e4-a52e-4f735466cecf":"f.73A3896108CAD0F2DAB8766297627504.d.8FAC82C71A0B43A2339ADC809F4F289B.e.21793","ELEMENT":"f.73A3896108CAD0F2DAB8766297627504.d.8FAC82C71A0B43A2339ADC809F4F289B.e.21793"}]}
RESULT: {"script":"<script> [56 bytes]","args":[{"element-6066-11e4-a52e-4f735466cecf":"f.73A3896108CAD0F2DAB8766297627504.d.8FAC82C71A0B43A2339ADC809F4F289B.e.21793","ELEMENT":"f.73A3896108CAD0F2DAB8766297627504.d.8FAC82C71A0B43A2339ADC809F4F289B.e.21793"}]}
COMMAND: GET /session/cd8dad5b6aa98ad5f0615c697c2d4924/screenshot - {}
RESULT: {}
COMMAND: POST /session/cd8dad5b6aa98ad5f0615c697c2d4924/execute/sync - {"script":"<script> [56 bytes]","args":[{"element-6066-11e4-a52e-4f735466cecf":"f.73A3896108CAD0F2DAB8766297627504.d.8FAC82C71A0B43A2339ADC809F4F289B.e.21793","ELEMENT":"f.73A3896108CAD0F2DAB8766297627504.d.8FAC82C71A0B43A2339ADC809F4F289B.e.21793"}]}
RESULT: {"script":"<script> [56 bytes]","args":[{"element-6066-11e4-a52e-4f735466cecf":"f.73A3896108CAD0F2DAB8766297627504.d.8FAC82C71A0B43A2339ADC809F4F289B.e.21793","ELEMENT":"f.73A3896108CAD0F2DAB8766297627504.d.8FAC82C71A0B43A2339ADC809F4F289B.e.21793"}]}
COMMAND: GET /session/cd8dad5b6aa98ad5f0615c697c2d4924/screenshot - {}
RESULT: {}
COMMAND: POST /session/cd8dad5b6aa98ad5f0615c697c2d4924/execute/sync - {"script":"<script> [56 bytes]","args":[{"element-6066-11e4-a52e-4f735466cecf":"f.73A3896108CAD0F2DAB8766297627504.d.8FAC82C71A0B43A2339ADC809F4F289B.e.21793","ELEMENT":"f.73A3896108CAD0F2DAB8766297627504.d.8FAC82C71A0B43A2339ADC809F4F289B.e.21793"}]}
RESULT: {"script":"<script> [56 bytes]","args":[{"element-6066-11e4-a52e-4f735466cecf":"f.73A3896108CAD0F2DAB8766297627504.d.8FAC82C71A0B43A2339ADC809F4F289B.e.21793","ELEMENT":"f.73A3896108CAD0F2DAB8766297627504.d.8FAC82C71A0B43A2339ADC809F4F289B.e.21793"}]}
COMMAND: GET /session/cd8dad5b6aa98ad5f0615c697c2d4924/screenshot - {}
RESULT: {}
COMMAND: POST /session/cd8dad5b6aa98ad5f0615c697c2d4924/execute/sync - {"script":"<script> [56 bytes]","args":[{"element-6066-11e4-a52e-4f735466cecf":"f.73A3896108CAD0F2DAB8766297627504.d.8FAC82C71A0B43A2339ADC809F4F289B.e.21793","ELEMENT":"f.73A3896108CAD0F2DAB8766297627504.d.8FAC82C71A0B43A2339ADC809F4F289B.e.21793"}]}
RESULT: {"script":"<script> [56 bytes]","args":[{"element-6066-11e4-a52e-4f735466cecf":"f.73A3896108CAD0F2DAB8766297627504.d.8FAC82C71A0B43A2339ADC809F4F289B.e.21793","ELEMENT":"f.73A3896108CAD0F2DAB8766297627504.d.8FAC82C71A0B43A2339ADC809F4F289B.e.21793"}]}
COMMAND: GET /session/cd8dad5b6aa98ad5f0615c697c2d4924/screenshot - {}
RESULT: {}
COMMAND: POST /session/cd8dad5b6aa98ad5f0615c697c2d4924/execute/sync - {"script":"<script> [56 bytes]","args":[{"element-6066-11e4-a52e-4f735466cecf":"f.73A3896108CAD0F2DAB8766297627504.d.8FAC82C71A0B43A2339ADC809F4F289B.e.21793","ELEMENT":"f.73A3896108CAD0F2DAB8766297627504.d.8FAC82C71A0B43A2339ADC809F4F289B.e.21793"}]}
RESULT: {"script":"<script> [56 bytes]","args":[{"element-6066-11e4-a52e-4f735466cecf":"f.73A3896108CAD0F2DAB8766297627504.d.8FAC82C71A0B43A2339ADC809F4F289B.e.21793","ELEMENT":"f.73A3896108CAD0F2DAB8766297627504.d.8FAC82C71A0B43A2339ADC809F4F289B.e.21793"}]}
COMMAND: GET /session/cd8dad5b6aa98ad5f0615c697c2d4924/screenshot - {}
COMMAND: POST /session/cd8dad5b6aa98ad5f0615c697c2d4924/execute/sync - {"script":"<script> [56 bytes]","args":[{"element-6066-11e4-a52e-4f735466cecf":"f.73A3896108CAD0F2DAB8766297627504.d.8FAC82C71A0B43A2339ADC809F4F289B.e.21793","ELEMENT":"f.73A3896108CAD0F2DAB8766297627504.d.8FAC82C71A0B43A2339ADC809F4F289B.e.21793"}]}
RESULT: {}
RESULT: {"script":"<script> [56 bytes]","args":[{"element-6066-11e4-a52e-4f735466cecf":"f.73A3896108CAD0F2DAB8766297627504.d.8FAC82C71A0B43A2339ADC809F4F289B.e.21793","ELEMENT":"f.73A3896108CAD0F2DAB8766297627504.d.8FAC82C71A0B43A2339ADC809F4F289B.e.21793"}]}
COMMAND: POST /session/cd8dad5b6aa98ad5f0615c697c2d4924/element - {"using":"css selector","value":"#shell-header-logo"}
COMMAND: GET /session/cd8dad5b6aa98ad5f0615c697c2d4924/screenshot - {}
RESULT: {"using":"css selector","value":"#shell-header-logo"}
COMMAND: POST /session/cd8dad5b6aa98ad5f0615c697c2d4924/element/f.73A3896108CAD0F2DAB8766297627504.d.8FAC82C71A0B43A2339ADC809F4F289B.e.21652/click - {}
RESULT: {}
RESULT: {}
COMMAND: GET /session/cd8dad5b6aa98ad5f0615c697c2d4924/screenshot - {}
RESULT: {}
]]></system-out>
    </testcase>
    <testcase classname="chrome.136_0_7103_93.windows.Billing_Calculation_-_Time_based_(considering_transport_times)_US139738" name="Should navigate to the contract item check the billed until field value" time="54.418">
      <system-out><![CDATA[
RESULT: undefined
COMMAND: POST /session/cd8dad5b6aa98ad5f0615c697c2d4924/element - {"using":"xpath","value":"//*[@id=\"__tile131\"]"}
RESULT: {"using":"xpath","value":"//*[@id=\"__tile131\"]"}
COMMAND: POST /session/cd8dad5b6aa98ad5f0615c697c2d4924/element/f.73A3896108CAD0F2DAB8766297627504.d.8FAC82C71A0B43A2339ADC809F4F289B.e.17710/click - {}
RESULT: {}
COMMAND: GET /session/cd8dad5b6aa98ad5f0615c697c2d4924/screenshot - {}
RESULT: {}
COMMAND: POST /session/cd8dad5b6aa98ad5f0615c697c2d4924/elements - {"using":"xpath","value":"//span[text()='Error']"}
RESULT: {"using":"xpath","value":"//span[text()='Error']"}
COMMAND: POST /session/cd8dad5b6aa98ad5f0615c697c2d4924/element - {"using":"xpath","value":"//button[@data-kt=\"addButton\"]"}
RESULT: {"using":"xpath","value":"//button[@data-kt=\"addButton\"]"}
COMMAND: POST /session/cd8dad5b6aa98ad5f0615c697c2d4924/elements - {"using":"xpath","value":"//button[@data-kt=\"addButton\"]"}
RESULT: {"using":"xpath","value":"//button[@data-kt=\"addButton\"]"}
COMMAND: POST /session/cd8dad5b6aa98ad5f0615c697c2d4924/execute/sync - {"script":"<script> [8489 bytes]","args":[{"element-6066-11e4-a52e-4f735466cecf":"f.73A3896108CAD0F2DAB8766297627504.d.8FAC82C71A0B43A2339ADC809F4F289B.e.21875","ELEMENT":"f.73A3896108CAD0F2DAB8766297627504.d.8FAC82C71A0B43A2339ADC809F4F289B.e.21875"}]}
RESULT: {"script":"<script> [8489 bytes]","args":[{"element-6066-11e4-a52e-4f735466cecf":"f.73A3896108CAD0F2DAB8766297627504.d.8FAC82C71A0B43A2339ADC809F4F289B.e.21875","ELEMENT":"f.73A3896108CAD0F2DAB8766297627504.d.8FAC82C71A0B43A2339ADC809F4F289B.e.21875"}]}
COMMAND: GET /session/cd8dad5b6aa98ad5f0615c697c2d4924/element/f.73A3896108CAD0F2DAB8766297627504.d.8FAC82C71A0B43A2339ADC809F4F289B.e.21875/enabled - {}
COMMAND: GET /session/cd8dad5b6aa98ad5f0615c697c2d4924/screenshot - {}
RESULT: {}
COMMAND: POST /session/cd8dad5b6aa98ad5f0615c697c2d4924/execute/sync - {"script":"<script> [8489 bytes]","args":[{"element-6066-11e4-a52e-4f735466cecf":"f.73A3896108CAD0F2DAB8766297627504.d.8FAC82C71A0B43A2339ADC809F4F289B.e.21875","ELEMENT":"f.73A3896108CAD0F2DAB8766297627504.d.8FAC82C71A0B43A2339ADC809F4F289B.e.21875"}]}
COMMAND: GET /session/cd8dad5b6aa98ad5f0615c697c2d4924/screenshot - {}
RESULT: {}
RESULT: {"script":"<script> [8489 bytes]","args":[{"element-6066-11e4-a52e-4f735466cecf":"f.73A3896108CAD0F2DAB8766297627504.d.8FAC82C71A0B43A2339ADC809F4F289B.e.21875","ELEMENT":"f.73A3896108CAD0F2DAB8766297627504.d.8FAC82C71A0B43A2339ADC809F4F289B.e.21875"}]}
COMMAND: POST /session/cd8dad5b6aa98ad5f0615c697c2d4924/execute/sync - {"script":"<script> [5351 bytes]","args":[{"element-6066-11e4-a52e-4f735466cecf":"f.73A3896108CAD0F2DAB8766297627504.d.8FAC82C71A0B43A2339ADC809F4F289B.e.21875","ELEMENT":"f.73A3896108CAD0F2DAB8766297627504.d.8FAC82C71A0B43A2339ADC809F4F289B.e.21875"}]}
COMMAND: GET /session/cd8dad5b6aa98ad5f0615c697c2d4924/screenshot - {}
RESULT: {}
RESULT: {"script":"<script> [5351 bytes]","args":[{"element-6066-11e4-a52e-4f735466cecf":"f.73A3896108CAD0F2DAB8766297627504.d.8FAC82C71A0B43A2339ADC809F4F289B.e.21875","ELEMENT":"f.73A3896108CAD0F2DAB8766297627504.d.8FAC82C71A0B43A2339ADC809F4F289B.e.21875"}]}
COMMAND: POST /session/cd8dad5b6aa98ad5f0615c697c2d4924/element - {"using":"xpath","value":"//input[contains(@id ,\"smartContractFilterBar-btnBasicSearch-I\")]"}
COMMAND: GET /session/cd8dad5b6aa98ad5f0615c697c2d4924/screenshot - {}
RESULT: {}
RESULT: {"using":"xpath","value":"//input[contains(@id ,\"smartContractFilterBar-btnBasicSearch-I\")]"}
COMMAND: POST /session/cd8dad5b6aa98ad5f0615c697c2d4924/elements - {"using":"xpath","value":"//input[contains(@id ,\"smartContractFilterBar-btnBasicSearch-I\")]"}
RESULT: {}
RESULT: {"using":"xpath","value":"//input[contains(@id ,\"smartContractFilterBar-btnBasicSearch-I\")]"}
COMMAND: POST /session/cd8dad5b6aa98ad5f0615c697c2d4924/execute/sync - {"script":"<script> [8489 bytes]","args":[{"element-6066-11e4-a52e-4f735466cecf":"f.73A3896108CAD0F2DAB8766297627504.d.8FAC82C71A0B43A2339ADC809F4F289B.e.21834","ELEMENT":"f.73A3896108CAD0F2DAB8766297627504.d.8FAC82C71A0B43A2339ADC809F4F289B.e.21834"}]}
RESULT: {"script":"<script> [8489 bytes]","args":[{"element-6066-11e4-a52e-4f735466cecf":"f.73A3896108CAD0F2DAB8766297627504.d.8FAC82C71A0B43A2339ADC809F4F289B.e.21834","ELEMENT":"f.73A3896108CAD0F2DAB8766297627504.d.8FAC82C71A0B43A2339ADC809F4F289B.e.21834"}]}
COMMAND: GET /session/cd8dad5b6aa98ad5f0615c697c2d4924/element/f.73A3896108CAD0F2DAB8766297627504.d.8FAC82C71A0B43A2339ADC809F4F289B.e.21834/enabled - {}
COMMAND: GET /session/cd8dad5b6aa98ad5f0615c697c2d4924/screenshot - {}
RESULT: {}
COMMAND: POST /session/cd8dad5b6aa98ad5f0615c697c2d4924/element/f.73A3896108CAD0F2DAB8766297627504.d.8FAC82C71A0B43A2339ADC809F4F289B.e.21834/clear - {}
COMMAND: GET /session/cd8dad5b6aa98ad5f0615c697c2d4924/screenshot - {}
RESULT: {}
RESULT: {}
COMMAND: POST /session/cd8dad5b6aa98ad5f0615c697c2d4924/element/f.73A3896108CAD0F2DAB8766297627504.d.8FAC82C71A0B43A2339ADC809F4F289B.e.21834/value - {"text":"10489"}
COMMAND: GET /session/cd8dad5b6aa98ad5f0615c697c2d4924/screenshot - {}
RESULT: {}
RESULT: {"text":"10489"}
COMMAND: GET /session/cd8dad5b6aa98ad5f0615c697c2d4924/screenshot - {}
RESULT: {}
RESULT: {}
COMMAND: POST /session/cd8dad5b6aa98ad5f0615c697c2d4924/actions - {"actions":[{"id":"action82","type":"key","parameters":{},"actions":[{"type":"keyDown","value":""},{"type":"pause","duration":10},{"type":"keyUp","value":""}]}]}
RESULT: {"actions":[{"id":"action82","type":"key","parameters":{},"actions":[{"type":"keyDown","value":""},{"type":"pause","duration":10},{"type":"keyUp","value":""}]}]}
COMMAND: GET /session/cd8dad5b6aa98ad5f0615c697c2d4924/screenshot - {}
RESULT: {}
COMMAND: POST /session/cd8dad5b6aa98ad5f0615c697c2d4924/element - {"using":"xpath","value":"//span[contains(@id, \"masterListContractsSmartTable-header-inner\")]"}
RESULT: {"using":"xpath","value":"//span[contains(@id, \"masterListContractsSmartTable-header-inner\")]"}
COMMAND: POST /session/cd8dad5b6aa98ad5f0615c697c2d4924/elements - {"using":"xpath","value":"//span[contains(@id, \"masterListContractsSmartTable-header-inner\")]"}
RESULT: {"using":"xpath","value":"//span[contains(@id, \"masterListContractsSmartTable-header-inner\")]"}
COMMAND: POST /session/cd8dad5b6aa98ad5f0615c697c2d4924/execute/sync - {"script":"<script> [56 bytes]","args":[{"element-6066-11e4-a52e-4f735466cecf":"f.73A3896108CAD0F2DAB8766297627504.d.8FAC82C71A0B43A2339ADC809F4F289B.e.21925","ELEMENT":"f.73A3896108CAD0F2DAB8766297627504.d.8FAC82C71A0B43A2339ADC809F4F289B.e.21925"}]}
RESULT: {"script":"<script> [56 bytes]","args":[{"element-6066-11e4-a52e-4f735466cecf":"f.73A3896108CAD0F2DAB8766297627504.d.8FAC82C71A0B43A2339ADC809F4F289B.e.21925","ELEMENT":"f.73A3896108CAD0F2DAB8766297627504.d.8FAC82C71A0B43A2339ADC809F4F289B.e.21925"}]}
COMMAND: POST /session/cd8dad5b6aa98ad5f0615c697c2d4924/element - {"using":"xpath","value":"(//span[contains(@id, \"imgNav\")])[1]"}
COMMAND: GET /session/cd8dad5b6aa98ad5f0615c697c2d4924/screenshot - {}
RESULT: {"using":"xpath","value":"(//span[contains(@id, \"imgNav\")])[1]"}
COMMAND: POST /session/cd8dad5b6aa98ad5f0615c697c2d4924/element/f.73A3896108CAD0F2DAB8766297627504.d.8FAC82C71A0B43A2339ADC809F4F289B.e.21923/click - {}
RESULT: {}
RESULT: {}
COMMAND: GET /session/cd8dad5b6aa98ad5f0615c697c2d4924/screenshot - {}
RESULT: {}
COMMAND: POST /session/cd8dad5b6aa98ad5f0615c697c2d4924/element - {"using":"xpath","value":"//tr[@data-kt=\"productsColumnListItem\"]//td//span[contains(@id, \"imgNav\")][1]"}
RESULT: {"using":"xpath","value":"//tr[@data-kt=\"productsColumnListItem\"]//td//span[contains(@id, \"imgNav\")][1]"}
COMMAND: POST /session/cd8dad5b6aa98ad5f0615c697c2d4924/element/f.73A3896108CAD0F2DAB8766297627504.d.8FAC82C71A0B43A2339ADC809F4F289B.e.22099/click - {}
RESULT: {}
COMMAND: GET /session/cd8dad5b6aa98ad5f0615c697c2d4924/screenshot - {}
RESULT: {}
COMMAND: POST /session/cd8dad5b6aa98ad5f0615c697c2d4924/element - {"using":"xpath","value":"//section[contains(@id, \"application-managecontracts-display-component---BillingItem--ObjectPageLayout-OPHeaderContent\")]/div/div/div/div/div[2]/div/div[2]/span"}
RESULT: {"using":"xpath","value":"//section[contains(@id, \"application-managecontracts-display-component---BillingItem--ObjectPageLayout-OPHeaderContent\")]/div/div/div/div/div[2]/div/div[2]/span"}
COMMAND: POST /session/cd8dad5b6aa98ad5f0615c697c2d4924/execute/sync - {"script":"<script> [56 bytes]","args":[{"element-6066-11e4-a52e-4f735466cecf":"f.73A3896108CAD0F2DAB8766297627504.d.8FAC82C71A0B43A2339ADC809F4F289B.e.22232","ELEMENT":"f.73A3896108CAD0F2DAB8766297627504.d.8FAC82C71A0B43A2339ADC809F4F289B.e.22232"}]}
RESULT: {"script":"<script> [56 bytes]","args":[{"element-6066-11e4-a52e-4f735466cecf":"f.73A3896108CAD0F2DAB8766297627504.d.8FAC82C71A0B43A2339ADC809F4F289B.e.22232","ELEMENT":"f.73A3896108CAD0F2DAB8766297627504.d.8FAC82C71A0B43A2339ADC809F4F289B.e.22232"}]}
COMMAND: POST /session/cd8dad5b6aa98ad5f0615c697c2d4924/element - {"using":"xpath","value":"//table[contains(@id, \"application-managecontracts-display-component---BillingItem--billingList-listUl\")]//td//*[contains(text(), \"partial billed\")]"}
COMMAND: GET /session/cd8dad5b6aa98ad5f0615c697c2d4924/screenshot - {}
RESULT: {"using":"xpath","value":"//table[contains(@id, \"application-managecontracts-display-component---BillingItem--billingList-listUl\")]//td//*[contains(text(), \"partial billed\")]"}
COMMAND: POST /session/cd8dad5b6aa98ad5f0615c697c2d4924/execute/sync - {"script":"<script> [56 bytes]","args":[{"element-6066-11e4-a52e-4f735466cecf":"f.73A3896108CAD0F2DAB8766297627504.d.8FAC82C71A0B43A2339ADC809F4F289B.e.22233","ELEMENT":"f.73A3896108CAD0F2DAB8766297627504.d.8FAC82C71A0B43A2339ADC809F4F289B.e.22233"}]}
RESULT: {}
RESULT: {"script":"<script> [56 bytes]","args":[{"element-6066-11e4-a52e-4f735466cecf":"f.73A3896108CAD0F2DAB8766297627504.d.8FAC82C71A0B43A2339ADC809F4F289B.e.22233","ELEMENT":"f.73A3896108CAD0F2DAB8766297627504.d.8FAC82C71A0B43A2339ADC809F4F289B.e.22233"}]}
COMMAND: POST /session/cd8dad5b6aa98ad5f0615c697c2d4924/element - {"using":"css selector","value":"#shell-header-logo"}
COMMAND: GET /session/cd8dad5b6aa98ad5f0615c697c2d4924/screenshot - {}
RESULT: {"using":"css selector","value":"#shell-header-logo"}
COMMAND: POST /session/cd8dad5b6aa98ad5f0615c697c2d4924/element/f.73A3896108CAD0F2DAB8766297627504.d.8FAC82C71A0B43A2339ADC809F4F289B.e.21825/click - {}
RESULT: {}
RESULT: {}
COMMAND: GET /session/cd8dad5b6aa98ad5f0615c697c2d4924/screenshot - {}
RESULT: {}
]]></system-out>
    </testcase>
    <testcase classname="chrome.136_0_7103_93.windows.Billing_Calculation_-_Time_based_(considering_transport_times)_US139738" name="Should do a handover return 2 step 7 days after provide or 14 days from today receive it in 21 days" time="184.023">
      <system-out><![CDATA[
RESULT: undefined
COMMAND: POST /session/cd8dad5b6aa98ad5f0615c697c2d4924/element - {"using":"xpath","value":"//*[@id=\"__tile131\"]"}
RESULT: {"using":"xpath","value":"//*[@id=\"__tile131\"]"}
COMMAND: POST /session/cd8dad5b6aa98ad5f0615c697c2d4924/element/f.73A3896108CAD0F2DAB8766297627504.d.8FAC82C71A0B43A2339ADC809F4F289B.e.17710/click - {}
RESULT: {}
COMMAND: GET /session/cd8dad5b6aa98ad5f0615c697c2d4924/screenshot - {}
RESULT: {}
COMMAND: POST /session/cd8dad5b6aa98ad5f0615c697c2d4924/elements - {"using":"xpath","value":"//span[text()='Error']"}
RESULT: {"using":"xpath","value":"//span[text()='Error']"}
COMMAND: POST /session/cd8dad5b6aa98ad5f0615c697c2d4924/element - {"using":"xpath","value":"//button[@data-kt=\"addButton\"]"}
RESULT: {"using":"xpath","value":"//button[@data-kt=\"addButton\"]"}
COMMAND: POST /session/cd8dad5b6aa98ad5f0615c697c2d4924/elements - {"using":"xpath","value":"//button[@data-kt=\"addButton\"]"}
RESULT: {"using":"xpath","value":"//button[@data-kt=\"addButton\"]"}
COMMAND: POST /session/cd8dad5b6aa98ad5f0615c697c2d4924/execute/sync - {"script":"<script> [8489 bytes]","args":[{"element-6066-11e4-a52e-4f735466cecf":"f.73A3896108CAD0F2DAB8766297627504.d.8FAC82C71A0B43A2339ADC809F4F289B.e.22282","ELEMENT":"f.73A3896108CAD0F2DAB8766297627504.d.8FAC82C71A0B43A2339ADC809F4F289B.e.22282"}]}
RESULT: {"script":"<script> [8489 bytes]","args":[{"element-6066-11e4-a52e-4f735466cecf":"f.73A3896108CAD0F2DAB8766297627504.d.8FAC82C71A0B43A2339ADC809F4F289B.e.22282","ELEMENT":"f.73A3896108CAD0F2DAB8766297627504.d.8FAC82C71A0B43A2339ADC809F4F289B.e.22282"}]}
COMMAND: GET /session/cd8dad5b6aa98ad5f0615c697c2d4924/element/f.73A3896108CAD0F2DAB8766297627504.d.8FAC82C71A0B43A2339ADC809F4F289B.e.22282/enabled - {}
COMMAND: GET /session/cd8dad5b6aa98ad5f0615c697c2d4924/screenshot - {}
RESULT: {}
COMMAND: POST /session/cd8dad5b6aa98ad5f0615c697c2d4924/execute/sync - {"script":"<script> [8489 bytes]","args":[{"element-6066-11e4-a52e-4f735466cecf":"f.73A3896108CAD0F2DAB8766297627504.d.8FAC82C71A0B43A2339ADC809F4F289B.e.22282","ELEMENT":"f.73A3896108CAD0F2DAB8766297627504.d.8FAC82C71A0B43A2339ADC809F4F289B.e.22282"}]}
COMMAND: GET /session/cd8dad5b6aa98ad5f0615c697c2d4924/screenshot - {}
RESULT: {}
RESULT: {"script":"<script> [8489 bytes]","args":[{"element-6066-11e4-a52e-4f735466cecf":"f.73A3896108CAD0F2DAB8766297627504.d.8FAC82C71A0B43A2339ADC809F4F289B.e.22282","ELEMENT":"f.73A3896108CAD0F2DAB8766297627504.d.8FAC82C71A0B43A2339ADC809F4F289B.e.22282"}]}
COMMAND: POST /session/cd8dad5b6aa98ad5f0615c697c2d4924/execute/sync - {"script":"<script> [5351 bytes]","args":[{"element-6066-11e4-a52e-4f735466cecf":"f.73A3896108CAD0F2DAB8766297627504.d.8FAC82C71A0B43A2339ADC809F4F289B.e.22282","ELEMENT":"f.73A3896108CAD0F2DAB8766297627504.d.8FAC82C71A0B43A2339ADC809F4F289B.e.22282"}]}
RESULT: {"script":"<script> [5351 bytes]","args":[{"element-6066-11e4-a52e-4f735466cecf":"f.73A3896108CAD0F2DAB8766297627504.d.8FAC82C71A0B43A2339ADC809F4F289B.e.22282","ELEMENT":"f.73A3896108CAD0F2DAB8766297627504.d.8FAC82C71A0B43A2339ADC809F4F289B.e.22282"}]}
COMMAND: GET /session/cd8dad5b6aa98ad5f0615c697c2d4924/screenshot - {}
COMMAND: GET /session/cd8dad5b6aa98ad5f0615c697c2d4924/screenshot - {}
RESULT: {}
RESULT: {}
RESULT: {}
COMMAND: POST /session/cd8dad5b6aa98ad5f0615c697c2d4924/element - {"using":"xpath","value":"//input[contains(@id ,\"smartContractFilterBar-btnBasicSearch-I\")]"}
RESULT: {"using":"xpath","value":"//input[contains(@id ,\"smartContractFilterBar-btnBasicSearch-I\")]"}
COMMAND: POST /session/cd8dad5b6aa98ad5f0615c697c2d4924/elements - {"using":"xpath","value":"//input[contains(@id ,\"smartContractFilterBar-btnBasicSearch-I\")]"}
RESULT: {"using":"xpath","value":"//input[contains(@id ,\"smartContractFilterBar-btnBasicSearch-I\")]"}
COMMAND: POST /session/cd8dad5b6aa98ad5f0615c697c2d4924/execute/sync - {"script":"<script> [8489 bytes]","args":[{"element-6066-11e4-a52e-4f735466cecf":"f.73A3896108CAD0F2DAB8766297627504.d.8FAC82C71A0B43A2339ADC809F4F289B.e.22246","ELEMENT":"f.73A3896108CAD0F2DAB8766297627504.d.8FAC82C71A0B43A2339ADC809F4F289B.e.22246"}]}
RESULT: {"script":"<script> [8489 bytes]","args":[{"element-6066-11e4-a52e-4f735466cecf":"f.73A3896108CAD0F2DAB8766297627504.d.8FAC82C71A0B43A2339ADC809F4F289B.e.22246","ELEMENT":"f.73A3896108CAD0F2DAB8766297627504.d.8FAC82C71A0B43A2339ADC809F4F289B.e.22246"}]}
COMMAND: GET /session/cd8dad5b6aa98ad5f0615c697c2d4924/element/f.73A3896108CAD0F2DAB8766297627504.d.8FAC82C71A0B43A2339ADC809F4F289B.e.22246/enabled - {}
COMMAND: GET /session/cd8dad5b6aa98ad5f0615c697c2d4924/screenshot - {}
RESULT: {}
COMMAND: POST /session/cd8dad5b6aa98ad5f0615c697c2d4924/element/f.73A3896108CAD0F2DAB8766297627504.d.8FAC82C71A0B43A2339ADC809F4F289B.e.22246/clear - {}
COMMAND: GET /session/cd8dad5b6aa98ad5f0615c697c2d4924/screenshot - {}
RESULT: {}
RESULT: {}
COMMAND: POST /session/cd8dad5b6aa98ad5f0615c697c2d4924/element/f.73A3896108CAD0F2DAB8766297627504.d.8FAC82C71A0B43A2339ADC809F4F289B.e.22246/value - {"text":"10489"}
COMMAND: GET /session/cd8dad5b6aa98ad5f0615c697c2d4924/screenshot - {}
RESULT: {}
RESULT: {"text":"10489"}
COMMAND: GET /session/cd8dad5b6aa98ad5f0615c697c2d4924/screenshot - {}
RESULT: {}
RESULT: {}
COMMAND: POST /session/cd8dad5b6aa98ad5f0615c697c2d4924/actions - {"actions":[{"id":"action83","type":"key","parameters":{},"actions":[{"type":"keyDown","value":""},{"type":"pause","duration":10},{"type":"keyUp","value":""}]}]}
RESULT: {"actions":[{"id":"action83","type":"key","parameters":{},"actions":[{"type":"keyDown","value":""},{"type":"pause","duration":10},{"type":"keyUp","value":""}]}]}
COMMAND: GET /session/cd8dad5b6aa98ad5f0615c697c2d4924/screenshot - {}
RESULT: {}
COMMAND: POST /session/cd8dad5b6aa98ad5f0615c697c2d4924/element - {"using":"xpath","value":"//span[contains(@id, \"masterListContractsSmartTable-header-inner\")]"}
RESULT: {"using":"xpath","value":"//span[contains(@id, \"masterListContractsSmartTable-header-inner\")]"}
COMMAND: POST /session/cd8dad5b6aa98ad5f0615c697c2d4924/elements - {"using":"xpath","value":"//span[contains(@id, \"masterListContractsSmartTable-header-inner\")]"}
RESULT: {"using":"xpath","value":"//span[contains(@id, \"masterListContractsSmartTable-header-inner\")]"}
COMMAND: POST /session/cd8dad5b6aa98ad5f0615c697c2d4924/execute/sync - {"script":"<script> [56 bytes]","args":[{"element-6066-11e4-a52e-4f735466cecf":"f.73A3896108CAD0F2DAB8766297627504.d.8FAC82C71A0B43A2339ADC809F4F289B.e.22351","ELEMENT":"f.73A3896108CAD0F2DAB8766297627504.d.8FAC82C71A0B43A2339ADC809F4F289B.e.22351"}]}
RESULT: {"script":"<script> [56 bytes]","args":[{"element-6066-11e4-a52e-4f735466cecf":"f.73A3896108CAD0F2DAB8766297627504.d.8FAC82C71A0B43A2339ADC809F4F289B.e.22351","ELEMENT":"f.73A3896108CAD0F2DAB8766297627504.d.8FAC82C71A0B43A2339ADC809F4F289B.e.22351"}]}
COMMAND: POST /session/cd8dad5b6aa98ad5f0615c697c2d4924/element - {"using":"xpath","value":"(//span[contains(@id, \"imgNav\")])[1]"}
COMMAND: GET /session/cd8dad5b6aa98ad5f0615c697c2d4924/screenshot - {}
RESULT: {"using":"xpath","value":"(//span[contains(@id, \"imgNav\")])[1]"}
COMMAND: POST /session/cd8dad5b6aa98ad5f0615c697c2d4924/element/f.73A3896108CAD0F2DAB8766297627504.d.8FAC82C71A0B43A2339ADC809F4F289B.e.22348/click - {}
RESULT: {}
RESULT: {}
COMMAND: GET /session/cd8dad5b6aa98ad5f0615c697c2d4924/screenshot - {}
RESULT: {}
COMMAND: POST /session/cd8dad5b6aa98ad5f0615c697c2d4924/element - {"using":"xpath","value":"//button[contains(@id, \"contractDetailReturnButton\")]"}
RESULT: {"using":"xpath","value":"//button[contains(@id, \"contractDetailReturnButton\")]"}
COMMAND: POST /session/cd8dad5b6aa98ad5f0615c697c2d4924/element/f.73A3896108CAD0F2DAB8766297627504.d.8FAC82C71A0B43A2339ADC809F4F289B.e.22464/click - {}
RESULT: {}
COMMAND: GET /session/cd8dad5b6aa98ad5f0615c697c2d4924/screenshot - {}
RESULT: undefined
COMMAND: POST /session/cd8dad5b6aa98ad5f0615c697c2d4924/execute/async - {"script":"<script> [776 bytes]","args":[{"enterText":"6/4/25","selector":{"id":"application-managehandovers-display-component---AddNewHO--dueDate","interaction":{"idSuffix":"inner"}},"clearTextFirst":true,"interactionType":"ENTER_TEXT"}]}
RESULT: {}
RESULT: {"script":"<script> [776 bytes]","args":[{"enterText":"6/4/25","selector":{"id":"application-managehandovers-display-component---AddNewHO--dueDate","interaction":{"idSuffix":"inner"}},"clearTextFirst":true,"interactionType":"ENTER_TEXT"}]}
COMMAND: POST /session/cd8dad5b6aa98ad5f0615c697c2d4924/element - {"using":"xpath","value":"//bdi[contains(text(), \"Instructions\")]"}
RESULT: {"using":"xpath","value":"//bdi[contains(text(), \"Instructions\")]"}
COMMAND: POST /session/cd8dad5b6aa98ad5f0615c697c2d4924/element/f.73A3896108CAD0F2DAB8766297627504.d.8FAC82C71A0B43A2339ADC809F4F289B.e.22627/click - {}
RESULT: {}
COMMAND: GET /session/cd8dad5b6aa98ad5f0615c697c2d4924/screenshot - {}
RESULT: {}
COMMAND: POST /session/cd8dad5b6aa98ad5f0615c697c2d4924/element - {"using":"xpath","value":"//button[@data-kt=\"AddNewHOProvideAddItemsButton\"]"}
RESULT: {"using":"xpath","value":"//button[@data-kt=\"AddNewHOProvideAddItemsButton\"]"}
COMMAND: POST /session/cd8dad5b6aa98ad5f0615c697c2d4924/element/f.73A3896108CAD0F2DAB8766297627504.d.8FAC82C71A0B43A2339ADC809F4F289B.e.22630/click - {}
RESULT: {}
COMMAND: GET /session/cd8dad5b6aa98ad5f0615c697c2d4924/screenshot - {}
RESULT: {}
RESULT: undefined
COMMAND: POST /session/cd8dad5b6aa98ad5f0615c697c2d4924/element - {"using":"xpath","value":"//*[@id=\"application-managehandovers-display-component---AddNewHO--popup-sa\"]"}
RESULT: {"using":"xpath","value":"//*[@id=\"application-managehandovers-display-component---AddNewHO--popup-sa\"]"}
COMMAND: POST /session/cd8dad5b6aa98ad5f0615c697c2d4924/element/f.73A3896108CAD0F2DAB8766297627504.d.8FAC82C71A0B43A2339ADC809F4F289B.e.22641/click - {}
RESULT: {}
COMMAND: GET /session/cd8dad5b6aa98ad5f0615c697c2d4924/screenshot - {}
RESULT: {}
COMMAND: POST /session/cd8dad5b6aa98ad5f0615c697c2d4924/element - {"using":"xpath","value":"//*[contains(@id ,\"BDI-content\")][contains(text(), \"Select\")]"}
RESULT: {"using":"xpath","value":"//*[contains(@id ,\"BDI-content\")][contains(text(), \"Select\")]"}
COMMAND: POST /session/cd8dad5b6aa98ad5f0615c697c2d4924/element/f.73A3896108CAD0F2DAB8766297627504.d.8FAC82C71A0B43A2339ADC809F4F289B.e.22643/click - {}
RESULT: {}
COMMAND: GET /session/cd8dad5b6aa98ad5f0615c697c2d4924/screenshot - {}
RESULT: {}
COMMAND: POST /session/cd8dad5b6aa98ad5f0615c697c2d4924/element - {"using":"xpath","value":"(//div[contains(@id, \"application-managehandovers-display-component---AddNewHO--oneStep-CbBg\")])"}
RESULT: {"using":"xpath","value":"(//div[contains(@id, \"application-managehandovers-display-component---AddNewHO--oneStep-CbBg\")])"}
COMMAND: POST /session/cd8dad5b6aa98ad5f0615c697c2d4924/element/f.73A3896108CAD0F2DAB8766297627504.d.8FAC82C71A0B43A2339ADC809F4F289B.e.22646/click - {}
RESULT: {}
RESULT: undefined
COMMAND: POST /session/cd8dad5b6aa98ad5f0615c697c2d4924/element - {"using":"xpath","value":"//*[@id=\"application-managehandovers-display-component---AddNewHO--confirmCreationButton\"]"}
COMMAND: GET /session/cd8dad5b6aa98ad5f0615c697c2d4924/screenshot - {}
RESULT: {"using":"xpath","value":"//*[@id=\"application-managehandovers-display-component---AddNewHO--confirmCreationButton\"]"}
COMMAND: POST /session/cd8dad5b6aa98ad5f0615c697c2d4924/element/f.73A3896108CAD0F2DAB8766297627504.d.8FAC82C71A0B43A2339ADC809F4F289B.e.22589/click - {}
RESULT: {}
RESULT: {}
COMMAND: GET /session/cd8dad5b6aa98ad5f0615c697c2d4924/screenshot - {}
RESULT: {}
RESULT: undefined
COMMAND: POST /session/cd8dad5b6aa98ad5f0615c697c2d4924/execute/async - {"script":"<script> [776 bytes]","args":[{"enterText":"6/4/25","selector":{"id":"issueDatePicker","viewName":"etm.portal.ui.managehandovers.view.DetailExecuteHO","interaction":{"idSuffix":"inner"}},"clearTextFirst":true,"interactionType":"ENTER_TEXT"}]}
RESULT: {"script":"<script> [776 bytes]","args":[{"enterText":"6/4/25","selector":{"id":"issueDatePicker","viewName":"etm.portal.ui.managehandovers.view.DetailExecuteHO","interaction":{"idSuffix":"inner"}},"clearTextFirst":true,"interactionType":"ENTER_TEXT"}]}
COMMAND: POST /session/cd8dad5b6aa98ad5f0615c697c2d4924/element - {"using":"xpath","value":"//bdi[contains(text(), \"OK\")]"}
RESULT: {"using":"xpath","value":"//bdi[contains(text(), \"OK\")]"}
COMMAND: POST /session/cd8dad5b6aa98ad5f0615c697c2d4924/element/f.73A3896108CAD0F2DAB8766297627504.d.8FAC82C71A0B43A2339ADC809F4F289B.e.22689/click - {}
RESULT: {}
COMMAND: GET /session/cd8dad5b6aa98ad5f0615c697c2d4924/screenshot - {}
RESULT: {}
COMMAND: POST /session/cd8dad5b6aa98ad5f0615c697c2d4924/element - {"using":"xpath","value":"//button[@data-kt=\"PickingTableConfirmAllButton\"]"}
RESULT: {"using":"xpath","value":"//button[@data-kt=\"PickingTableConfirmAllButton\"]"}
COMMAND: POST /session/cd8dad5b6aa98ad5f0615c697c2d4924/element/f.73A3896108CAD0F2DAB8766297627504.d.8FAC82C71A0B43A2339ADC809F4F289B.e.22696/click - {}
RESULT: {}
COMMAND: GET /session/cd8dad5b6aa98ad5f0615c697c2d4924/screenshot - {}
RESULT: {}
COMMAND: POST /session/cd8dad5b6aa98ad5f0615c697c2d4924/element - {"using":"xpath","value":"//bdi[contains(text(), \"OK\")]"}
RESULT: {"using":"xpath","value":"//bdi[contains(text(), \"OK\")]"}
COMMAND: POST /session/cd8dad5b6aa98ad5f0615c697c2d4924/element/f.73A3896108CAD0F2DAB8766297627504.d.8FAC82C71A0B43A2339ADC809F4F289B.e.22699/click - {}
RESULT: {}
COMMAND: GET /session/cd8dad5b6aa98ad5f0615c697c2d4924/screenshot - {}
RESULT: {}
COMMAND: POST /session/cd8dad5b6aa98ad5f0615c697c2d4924/element - {"using":"xpath","value":"//button[@data-kt=\"execHoPickButton\"]"}
RESULT: {"using":"xpath","value":"//button[@data-kt=\"execHoPickButton\"]"}
COMMAND: POST /session/cd8dad5b6aa98ad5f0615c697c2d4924/element/f.73A3896108CAD0F2DAB8766297627504.d.8FAC82C71A0B43A2339ADC809F4F289B.e.22701/click - {}
RESULT: {}
COMMAND: GET /session/cd8dad5b6aa98ad5f0615c697c2d4924/screenshot - {}
RESULT: {}
COMMAND: POST /session/cd8dad5b6aa98ad5f0615c697c2d4924/element - {"using":"xpath","value":"//span[contains(@id ,\"filterItemControl_BASIC-SEND_CONTRACT-vhi\")]"}
RESULT: {"using":"xpath","value":"//span[contains(@id ,\"filterItemControl_BASIC-SEND_CONTRACT-vhi\")]"}
COMMAND: POST /session/cd8dad5b6aa98ad5f0615c697c2d4924/element/f.73A3896108CAD0F2DAB8766297627504.d.8FAC82C71A0B43A2339ADC809F4F289B.e.22893/click - {}
RESULT: {}
COMMAND: GET /session/cd8dad5b6aa98ad5f0615c697c2d4924/screenshot - {}
RESULT: {}
RESULT: undefined
COMMAND: POST /session/cd8dad5b6aa98ad5f0615c697c2d4924/execute/async - {"script":"<script> [776 bytes]","args":[{"enterText":"10489","selector":{"controlType":"sap.m.SearchField","viewName":"etm.portal.ui.managehandovers.view.MasterHO","bindingPath":{"path":"","propertyPath":"/_BASIC_SEARCH_FIELD","modelName":"fi1t3rM0d31"},"searchOpenDialogs":true,"interaction":{"idSuffix":"I"}},"clearTextFirst":true,"interactionType":"ENTER_TEXT"}]}
RESULT: {"script":"<script> [776 bytes]","args":[{"enterText":"10489","selector":{"controlType":"sap.m.SearchField","viewName":"etm.portal.ui.managehandovers.view.MasterHO","bindingPath":{"path":"","propertyPath":"/_BASIC_SEARCH_FIELD","modelName":"fi1t3rM0d31"},"searchOpenDialogs":true,"interaction":{"idSuffix":"I"}},"clearTextFirst":true,"interactionType":"ENTER_TEXT"}]}
COMMAND: POST /session/cd8dad5b6aa98ad5f0615c697c2d4924/actions - {"actions":[{"id":"action84","type":"key","parameters":{},"actions":[{"type":"keyDown","value":""},{"type":"pause","duration":10},{"type":"keyUp","value":""}]}]}
RESULT: {"actions":[{"id":"action84","type":"key","parameters":{},"actions":[{"type":"keyDown","value":""},{"type":"pause","duration":10},{"type":"keyUp","value":""}]}]}
COMMAND: GET /session/cd8dad5b6aa98ad5f0615c697c2d4924/screenshot - {}
RESULT: {}
COMMAND: POST /session/cd8dad5b6aa98ad5f0615c697c2d4924/element - {"using":"xpath","value":"//div[contains(@id, 'filterItemControl_BASIC-SEND_CONTRACT-valueHelpDialog-table-rowsel0')]"}
RESULT: {"using":"xpath","value":"//div[contains(@id, 'filterItemControl_BASIC-SEND_CONTRACT-valueHelpDialog-table-rowsel0')]"}
COMMAND: POST /session/cd8dad5b6aa98ad5f0615c697c2d4924/element/f.73A3896108CAD0F2DAB8766297627504.d.8FAC82C71A0B43A2339ADC809F4F289B.e.22902/click - {}
RESULT: {}
COMMAND: GET /session/cd8dad5b6aa98ad5f0615c697c2d4924/screenshot - {}
RESULT: {}
COMMAND: POST /session/cd8dad5b6aa98ad5f0615c697c2d4924/element - {"using":"xpath","value":"//bdi[contains(text(), \"OK\")]"}
RESULT: {"using":"xpath","value":"//bdi[contains(text(), \"OK\")]"}
COMMAND: POST /session/cd8dad5b6aa98ad5f0615c697c2d4924/element/f.73A3896108CAD0F2DAB8766297627504.d.8FAC82C71A0B43A2339ADC809F4F289B.e.22904/click - {}
RESULT: {}
COMMAND: GET /session/cd8dad5b6aa98ad5f0615c697c2d4924/screenshot - {}
RESULT: {}
COMMAND: POST /session/cd8dad5b6aa98ad5f0615c697c2d4924/element - {"using":"xpath","value":"//span[contains(@id, \"smartTable-header-inner\")]"}
RESULT: {"using":"xpath","value":"//span[contains(@id, \"smartTable-header-inner\")]"}
COMMAND: POST /session/cd8dad5b6aa98ad5f0615c697c2d4924/elements - {"using":"xpath","value":"//span[contains(@id, \"smartTable-header-inner\")]"}
RESULT: {"using":"xpath","value":"//span[contains(@id, \"smartTable-header-inner\")]"}
COMMAND: POST /session/cd8dad5b6aa98ad5f0615c697c2d4924/execute/sync - {"script":"<script> [56 bytes]","args":[{"element-6066-11e4-a52e-4f735466cecf":"f.73A3896108CAD0F2DAB8766297627504.d.8FAC82C71A0B43A2339ADC809F4F289B.e.22934","ELEMENT":"f.73A3896108CAD0F2DAB8766297627504.d.8FAC82C71A0B43A2339ADC809F4F289B.e.22934"}]}
RESULT: {"script":"<script> [56 bytes]","args":[{"element-6066-11e4-a52e-4f735466cecf":"f.73A3896108CAD0F2DAB8766297627504.d.8FAC82C71A0B43A2339ADC809F4F289B.e.22934","ELEMENT":"f.73A3896108CAD0F2DAB8766297627504.d.8FAC82C71A0B43A2339ADC809F4F289B.e.22934"}]}
COMMAND: POST /session/cd8dad5b6aa98ad5f0615c697c2d4924/element - {"using":"xpath","value":"//table[contains(@id, \"customHandovers\")]//tbody/tr[1]/td[2]/span"}
COMMAND: GET /session/cd8dad5b6aa98ad5f0615c697c2d4924/screenshot - {}
RESULT: {"using":"xpath","value":"//table[contains(@id, \"customHandovers\")]//tbody/tr[1]/td[2]/span"}
COMMAND: POST /session/cd8dad5b6aa98ad5f0615c697c2d4924/execute/sync - {"script":"<script> [56 bytes]","args":[{"element-6066-11e4-a52e-4f735466cecf":"f.73A3896108CAD0F2DAB8766297627504.d.8FAC82C71A0B43A2339ADC809F4F289B.e.22935","ELEMENT":"f.73A3896108CAD0F2DAB8766297627504.d.8FAC82C71A0B43A2339ADC809F4F289B.e.22935"}]}
RESULT: {}
RESULT: {"script":"<script> [56 bytes]","args":[{"element-6066-11e4-a52e-4f735466cecf":"f.73A3896108CAD0F2DAB8766297627504.d.8FAC82C71A0B43A2339ADC809F4F289B.e.22935","ELEMENT":"f.73A3896108CAD0F2DAB8766297627504.d.8FAC82C71A0B43A2339ADC809F4F289B.e.22935"}]}
COMMAND: POST /session/cd8dad5b6aa98ad5f0615c697c2d4924/element - {"using":"xpath","value":"(//span[contains(@id, \"imgNav\")])[1]"}
COMMAND: GET /session/cd8dad5b6aa98ad5f0615c697c2d4924/screenshot - {}
RESULT: {"using":"xpath","value":"(//span[contains(@id, \"imgNav\")])[1]"}
COMMAND: POST /session/cd8dad5b6aa98ad5f0615c697c2d4924/element/f.73A3896108CAD0F2DAB8766297627504.d.8FAC82C71A0B43A2339ADC809F4F289B.e.22931/click - {}
RESULT: {}
RESULT: {}
COMMAND: GET /session/cd8dad5b6aa98ad5f0615c697c2d4924/screenshot - {}
RESULT: {}
RESULT: undefined
COMMAND: POST /session/cd8dad5b6aa98ad5f0615c697c2d4924/execute/async - {"script":"<script> [776 bytes]","args":[{"enterText":"6/4/25","selector":{"id":"issueDatePicker","viewName":"etm.portal.ui.managehandovers.view.DetailExecuteHO","interaction":{"idSuffix":"inner"}},"clearTextFirst":true,"interactionType":"ENTER_TEXT"}]}
RESULT: {"script":"<script> [776 bytes]","args":[{"enterText":"6/4/25","selector":{"id":"issueDatePicker","viewName":"etm.portal.ui.managehandovers.view.DetailExecuteHO","interaction":{"idSuffix":"inner"}},"clearTextFirst":true,"interactionType":"ENTER_TEXT"}]}
COMMAND: POST /session/cd8dad5b6aa98ad5f0615c697c2d4924/element - {"using":"xpath","value":"//button[@data-kt=\"PickingTableConfirmAllButton\"]"}
RESULT: {"using":"xpath","value":"//button[@data-kt=\"PickingTableConfirmAllButton\"]"}
COMMAND: POST /session/cd8dad5b6aa98ad5f0615c697c2d4924/element/f.73A3896108CAD0F2DAB8766297627504.d.8FAC82C71A0B43A2339ADC809F4F289B.e.22975/click - {}
RESULT: {}
COMMAND: GET /session/cd8dad5b6aa98ad5f0615c697c2d4924/screenshot - {}
RESULT: {}
COMMAND: POST /session/cd8dad5b6aa98ad5f0615c697c2d4924/element - {"using":"xpath","value":"//bdi[contains(text(), \"OK\")]"}
RESULT: {"using":"xpath","value":"//bdi[contains(text(), \"OK\")]"}
COMMAND: POST /session/cd8dad5b6aa98ad5f0615c697c2d4924/element/f.73A3896108CAD0F2DAB8766297627504.d.8FAC82C71A0B43A2339ADC809F4F289B.e.22988/click - {}
RESULT: {}
COMMAND: GET /session/cd8dad5b6aa98ad5f0615c697c2d4924/screenshot - {}
RESULT: {}
COMMAND: POST /session/cd8dad5b6aa98ad5f0615c697c2d4924/element - {"using":"xpath","value":"//button[@data-kt=\"execHoIssueButton\"]"}
RESULT: {"using":"xpath","value":"//button[@data-kt=\"execHoIssueButton\"]"}
COMMAND: POST /session/cd8dad5b6aa98ad5f0615c697c2d4924/element/f.73A3896108CAD0F2DAB8766297627504.d.8FAC82C71A0B43A2339ADC809F4F289B.e.22990/click - {}
RESULT: {}
COMMAND: GET /session/cd8dad5b6aa98ad5f0615c697c2d4924/screenshot - {}
RESULT: {}
COMMAND: POST /session/cd8dad5b6aa98ad5f0615c697c2d4924/element - {"using":"xpath","value":"//input[contains(@id ,\"smartFilterBar-btnBasicSearch-I\")]"}
RESULT: {"using":"xpath","value":"//input[contains(@id ,\"smartFilterBar-btnBasicSearch-I\")]"}
COMMAND: POST /session/cd8dad5b6aa98ad5f0615c697c2d4924/elements - {"using":"xpath","value":"//input[contains(@id ,\"smartFilterBar-btnBasicSearch-I\")]"}
RESULT: {"using":"xpath","value":"//input[contains(@id ,\"smartFilterBar-btnBasicSearch-I\")]"}
COMMAND: POST /session/cd8dad5b6aa98ad5f0615c697c2d4924/execute/sync - {"script":"<script> [8489 bytes]","args":[{"element-6066-11e4-a52e-4f735466cecf":"f.73A3896108CAD0F2DAB8766297627504.d.8FAC82C71A0B43A2339ADC809F4F289B.e.22524","ELEMENT":"f.73A3896108CAD0F2DAB8766297627504.d.8FAC82C71A0B43A2339ADC809F4F289B.e.22524"}]}
RESULT: {"script":"<script> [8489 bytes]","args":[{"element-6066-11e4-a52e-4f735466cecf":"f.73A3896108CAD0F2DAB8766297627504.d.8FAC82C71A0B43A2339ADC809F4F289B.e.22524","ELEMENT":"f.73A3896108CAD0F2DAB8766297627504.d.8FAC82C71A0B43A2339ADC809F4F289B.e.22524"}]}
COMMAND: GET /session/cd8dad5b6aa98ad5f0615c697c2d4924/element/f.73A3896108CAD0F2DAB8766297627504.d.8FAC82C71A0B43A2339ADC809F4F289B.e.22524/enabled - {}
COMMAND: GET /session/cd8dad5b6aa98ad5f0615c697c2d4924/screenshot - {}
RESULT: {}
COMMAND: POST /session/cd8dad5b6aa98ad5f0615c697c2d4924/element/f.73A3896108CAD0F2DAB8766297627504.d.8FAC82C71A0B43A2339ADC809F4F289B.e.22524/clear - {}
COMMAND: GET /session/cd8dad5b6aa98ad5f0615c697c2d4924/screenshot - {}
RESULT: {}
RESULT: {}
COMMAND: POST /session/cd8dad5b6aa98ad5f0615c697c2d4924/element/f.73A3896108CAD0F2DAB8766297627504.d.8FAC82C71A0B43A2339ADC809F4F289B.e.22524/value - {"text":"30987"}
COMMAND: GET /session/cd8dad5b6aa98ad5f0615c697c2d4924/screenshot - {}
RESULT: {}
RESULT: {"text":"30987"}
COMMAND: GET /session/cd8dad5b6aa98ad5f0615c697c2d4924/screenshot - {}
RESULT: {}
RESULT: {}
COMMAND: POST /session/cd8dad5b6aa98ad5f0615c697c2d4924/actions - {"actions":[{"id":"action85","type":"key","parameters":{},"actions":[{"type":"keyDown","value":""},{"type":"pause","duration":10},{"type":"keyUp","value":""}]}]}
RESULT: {"actions":[{"id":"action85","type":"key","parameters":{},"actions":[{"type":"keyDown","value":""},{"type":"pause","duration":10},{"type":"keyUp","value":""}]}]}
COMMAND: GET /session/cd8dad5b6aa98ad5f0615c697c2d4924/screenshot - {}
RESULT: {}
COMMAND: POST /session/cd8dad5b6aa98ad5f0615c697c2d4924/element - {"using":"xpath","value":"//span[contains(@id, \"smartTable-header-inner\")]"}
RESULT: {"using":"xpath","value":"//span[contains(@id, \"smartTable-header-inner\")]"}
COMMAND: POST /session/cd8dad5b6aa98ad5f0615c697c2d4924/elements - {"using":"xpath","value":"//span[contains(@id, \"smartTable-header-inner\")]"}
RESULT: {"using":"xpath","value":"//span[contains(@id, \"smartTable-header-inner\")]"}
COMMAND: POST /session/cd8dad5b6aa98ad5f0615c697c2d4924/execute/sync - {"script":"<script> [56 bytes]","args":[{"element-6066-11e4-a52e-4f735466cecf":"f.73A3896108CAD0F2DAB8766297627504.d.8FAC82C71A0B43A2339ADC809F4F289B.e.22934","ELEMENT":"f.73A3896108CAD0F2DAB8766297627504.d.8FAC82C71A0B43A2339ADC809F4F289B.e.22934"}]}
RESULT: {"script":"<script> [56 bytes]","args":[{"element-6066-11e4-a52e-4f735466cecf":"f.73A3896108CAD0F2DAB8766297627504.d.8FAC82C71A0B43A2339ADC809F4F289B.e.22934","ELEMENT":"f.73A3896108CAD0F2DAB8766297627504.d.8FAC82C71A0B43A2339ADC809F4F289B.e.22934"}]}
COMMAND: POST /session/cd8dad5b6aa98ad5f0615c697c2d4924/elements - {"using":"xpath","value":"//thead[contains(@class, \"sapMTableTH\")]/tr/th"}
COMMAND: GET /session/cd8dad5b6aa98ad5f0615c697c2d4924/screenshot - {}
RESULT: {"using":"xpath","value":"//thead[contains(@class, \"sapMTableTH\")]/tr/th"}
COMMAND: GET /session/cd8dad5b6aa98ad5f0615c697c2d4924/element/f.73A3896108CAD0F2DAB8766297627504.d.8FAC82C71A0B43A2339ADC809F4F289B.e.23028/text - {}
RESULT: {}
RESULT: {}
COMMAND: GET /session/cd8dad5b6aa98ad5f0615c697c2d4924/element/f.73A3896108CAD0F2DAB8766297627504.d.8FAC82C71A0B43A2339ADC809F4F289B.e.23029/text - {}
RESULT: {}
COMMAND: GET /session/cd8dad5b6aa98ad5f0615c697c2d4924/element/f.73A3896108CAD0F2DAB8766297627504.d.8FAC82C71A0B43A2339ADC809F4F289B.e.22553/text - {}
RESULT: {}
COMMAND: GET /session/cd8dad5b6aa98ad5f0615c697c2d4924/element/f.73A3896108CAD0F2DAB8766297627504.d.8FAC82C71A0B43A2339ADC809F4F289B.e.22555/text - {}
RESULT: {}
COMMAND: GET /session/cd8dad5b6aa98ad5f0615c697c2d4924/element/f.73A3896108CAD0F2DAB8766297627504.d.8FAC82C71A0B43A2339ADC809F4F289B.e.22995/text - {}
RESULT: {}
COMMAND: GET /session/cd8dad5b6aa98ad5f0615c697c2d4924/element/f.73A3896108CAD0F2DAB8766297627504.d.8FAC82C71A0B43A2339ADC809F4F289B.e.22996/text - {}
RESULT: {}
COMMAND: GET /session/cd8dad5b6aa98ad5f0615c697c2d4924/element/f.73A3896108CAD0F2DAB8766297627504.d.8FAC82C71A0B43A2339ADC809F4F289B.e.22997/text - {}
RESULT: {}
COMMAND: GET /session/cd8dad5b6aa98ad5f0615c697c2d4924/element/f.73A3896108CAD0F2DAB8766297627504.d.8FAC82C71A0B43A2339ADC809F4F289B.e.22998/text - {}
RESULT: {}
COMMAND: GET /session/cd8dad5b6aa98ad5f0615c697c2d4924/element/f.73A3896108CAD0F2DAB8766297627504.d.8FAC82C71A0B43A2339ADC809F4F289B.e.22999/text - {}
RESULT: {}
COMMAND: GET /session/cd8dad5b6aa98ad5f0615c697c2d4924/element/f.73A3896108CAD0F2DAB8766297627504.d.8FAC82C71A0B43A2339ADC809F4F289B.e.23000/text - {}
RESULT: {}
COMMAND: GET /session/cd8dad5b6aa98ad5f0615c697c2d4924/element/f.73A3896108CAD0F2DAB8766297627504.d.8FAC82C71A0B43A2339ADC809F4F289B.e.23001/text - {}
RESULT: {}
COMMAND: GET /session/cd8dad5b6aa98ad5f0615c697c2d4924/element/f.73A3896108CAD0F2DAB8766297627504.d.8FAC82C71A0B43A2339ADC809F4F289B.e.23002/text - {}
RESULT: {}
COMMAND: GET /session/cd8dad5b6aa98ad5f0615c697c2d4924/element/f.73A3896108CAD0F2DAB8766297627504.d.8FAC82C71A0B43A2339ADC809F4F289B.e.23003/text - {}
RESULT: {}
COMMAND: GET /session/cd8dad5b6aa98ad5f0615c697c2d4924/element/f.73A3896108CAD0F2DAB8766297627504.d.8FAC82C71A0B43A2339ADC809F4F289B.e.22556/text - {}
RESULT: {}
COMMAND: POST /session/cd8dad5b6aa98ad5f0615c697c2d4924/element - {"using":"xpath","value":"//tbody[contains(@id, \"customHandoversTable-tblBody\")]/tr[1]/td[14]/div/span"}
RESULT: {"using":"xpath","value":"//tbody[contains(@id, \"customHandoversTable-tblBody\")]/tr[1]/td[14]/div/span"}
COMMAND: POST /session/cd8dad5b6aa98ad5f0615c697c2d4924/execute/sync - {"script":"<script> [56 bytes]","args":[{"element-6066-11e4-a52e-4f735466cecf":"f.73A3896108CAD0F2DAB8766297627504.d.8FAC82C71A0B43A2339ADC809F4F289B.e.23082","ELEMENT":"f.73A3896108CAD0F2DAB8766297627504.d.8FAC82C71A0B43A2339ADC809F4F289B.e.23082"}]}
RESULT: {"script":"<script> [56 bytes]","args":[{"element-6066-11e4-a52e-4f735466cecf":"f.73A3896108CAD0F2DAB8766297627504.d.8FAC82C71A0B43A2339ADC809F4F289B.e.23082","ELEMENT":"f.73A3896108CAD0F2DAB8766297627504.d.8FAC82C71A0B43A2339ADC809F4F289B.e.23082"}]}
COMMAND: POST /session/cd8dad5b6aa98ad5f0615c697c2d4924/element - {"using":"xpath","value":"(//span[contains(@id, \"imgNav\")])[1]"}
COMMAND: GET /session/cd8dad5b6aa98ad5f0615c697c2d4924/screenshot - {}
RESULT: {"using":"xpath","value":"(//span[contains(@id, \"imgNav\")])[1]"}
COMMAND: POST /session/cd8dad5b6aa98ad5f0615c697c2d4924/element/f.73A3896108CAD0F2DAB8766297627504.d.8FAC82C71A0B43A2339ADC809F4F289B.e.23083/click - {}
RESULT: {}
RESULT: {}
COMMAND: GET /session/cd8dad5b6aa98ad5f0615c697c2d4924/screenshot - {}
RESULT: {}
RESULT: undefined
COMMAND: POST /session/cd8dad5b6aa98ad5f0615c697c2d4924/execute/async - {"script":"<script> [776 bytes]","args":[{"enterText":"6/11/25","selector":{"id":"receiptDatePicker","viewName":"etm.portal.ui.managehandovers.view.DetailExecuteHO","interaction":{"idSuffix":"inner"}},"clearTextFirst":true,"interactionType":"ENTER_TEXT"}]}
RESULT: {"script":"<script> [776 bytes]","args":[{"enterText":"6/11/25","selector":{"id":"receiptDatePicker","viewName":"etm.portal.ui.managehandovers.view.DetailExecuteHO","interaction":{"idSuffix":"inner"}},"clearTextFirst":true,"interactionType":"ENTER_TEXT"}]}
COMMAND: POST /session/cd8dad5b6aa98ad5f0615c697c2d4924/element - {"using":"xpath","value":"//bdi[contains(text(), \"OK\")]"}
RESULT: {"using":"xpath","value":"//bdi[contains(text(), \"OK\")]"}
COMMAND: POST /session/cd8dad5b6aa98ad5f0615c697c2d4924/element/f.73A3896108CAD0F2DAB8766297627504.d.8FAC82C71A0B43A2339ADC809F4F289B.e.23120/click - {}
RESULT: {}
COMMAND: GET /session/cd8dad5b6aa98ad5f0615c697c2d4924/screenshot - {}
RESULT: {}
COMMAND: POST /session/cd8dad5b6aa98ad5f0615c697c2d4924/element - {"using":"xpath","value":"//button[@data-kt=\"PickingTableConfirmAllButton\"]"}
RESULT: {"using":"xpath","value":"//button[@data-kt=\"PickingTableConfirmAllButton\"]"}
COMMAND: POST /session/cd8dad5b6aa98ad5f0615c697c2d4924/element/f.73A3896108CAD0F2DAB8766297627504.d.8FAC82C71A0B43A2339ADC809F4F289B.e.23106/click - {}
RESULT: {}
COMMAND: GET /session/cd8dad5b6aa98ad5f0615c697c2d4924/screenshot - {}
RESULT: {}
COMMAND: POST /session/cd8dad5b6aa98ad5f0615c697c2d4924/element - {"using":"xpath","value":"//bdi[contains(text(), \"OK\")]"}
RESULT: {"using":"xpath","value":"//bdi[contains(text(), \"OK\")]"}
COMMAND: POST /session/cd8dad5b6aa98ad5f0615c697c2d4924/element/f.73A3896108CAD0F2DAB8766297627504.d.8FAC82C71A0B43A2339ADC809F4F289B.e.23134/click - {}
RESULT: {}
COMMAND: GET /session/cd8dad5b6aa98ad5f0615c697c2d4924/screenshot - {}
RESULT: {}
COMMAND: POST /session/cd8dad5b6aa98ad5f0615c697c2d4924/element - {"using":"xpath","value":"//button[@data-kt= \"execHoReceiveButton\"]"}
RESULT: {"using":"xpath","value":"//button[@data-kt= \"execHoReceiveButton\"]"}
COMMAND: POST /session/cd8dad5b6aa98ad5f0615c697c2d4924/element/f.73A3896108CAD0F2DAB8766297627504.d.8FAC82C71A0B43A2339ADC809F4F289B.e.23135/click - {}
RESULT: {}
COMMAND: GET /session/cd8dad5b6aa98ad5f0615c697c2d4924/screenshot - {}
RESULT: {}
COMMAND: POST /session/cd8dad5b6aa98ad5f0615c697c2d4924/element - {"using":"xpath","value":"//input[contains(@id ,\"smartFilterBar-btnBasicSearch-I\")]"}
RESULT: {"using":"xpath","value":"//input[contains(@id ,\"smartFilterBar-btnBasicSearch-I\")]"}
COMMAND: POST /session/cd8dad5b6aa98ad5f0615c697c2d4924/elements - {"using":"xpath","value":"//input[contains(@id ,\"smartFilterBar-btnBasicSearch-I\")]"}
RESULT: {"using":"xpath","value":"//input[contains(@id ,\"smartFilterBar-btnBasicSearch-I\")]"}
COMMAND: POST /session/cd8dad5b6aa98ad5f0615c697c2d4924/execute/sync - {"script":"<script> [8489 bytes]","args":[{"element-6066-11e4-a52e-4f735466cecf":"f.73A3896108CAD0F2DAB8766297627504.d.8FAC82C71A0B43A2339ADC809F4F289B.e.22524","ELEMENT":"f.73A3896108CAD0F2DAB8766297627504.d.8FAC82C71A0B43A2339ADC809F4F289B.e.22524"}]}
RESULT: {"script":"<script> [8489 bytes]","args":[{"element-6066-11e4-a52e-4f735466cecf":"f.73A3896108CAD0F2DAB8766297627504.d.8FAC82C71A0B43A2339ADC809F4F289B.e.22524","ELEMENT":"f.73A3896108CAD0F2DAB8766297627504.d.8FAC82C71A0B43A2339ADC809F4F289B.e.22524"}]}
COMMAND: GET /session/cd8dad5b6aa98ad5f0615c697c2d4924/element/f.73A3896108CAD0F2DAB8766297627504.d.8FAC82C71A0B43A2339ADC809F4F289B.e.22524/enabled - {}
COMMAND: GET /session/cd8dad5b6aa98ad5f0615c697c2d4924/screenshot - {}
RESULT: {}
COMMAND: POST /session/cd8dad5b6aa98ad5f0615c697c2d4924/element/f.73A3896108CAD0F2DAB8766297627504.d.8FAC82C71A0B43A2339ADC809F4F289B.e.22524/clear - {}
COMMAND: GET /session/cd8dad5b6aa98ad5f0615c697c2d4924/screenshot - {}
RESULT: {}
RESULT: {}
COMMAND: POST /session/cd8dad5b6aa98ad5f0615c697c2d4924/element/f.73A3896108CAD0F2DAB8766297627504.d.8FAC82C71A0B43A2339ADC809F4F289B.e.22524/value - {"text":"30987"}
COMMAND: GET /session/cd8dad5b6aa98ad5f0615c697c2d4924/screenshot - {}
RESULT: {}
RESULT: {"text":"30987"}
COMMAND: GET /session/cd8dad5b6aa98ad5f0615c697c2d4924/screenshot - {}
RESULT: {}
RESULT: {}
COMMAND: POST /session/cd8dad5b6aa98ad5f0615c697c2d4924/actions - {"actions":[{"id":"action86","type":"key","parameters":{},"actions":[{"type":"keyDown","value":""},{"type":"pause","duration":10},{"type":"keyUp","value":""}]}]}
RESULT: {"actions":[{"id":"action86","type":"key","parameters":{},"actions":[{"type":"keyDown","value":""},{"type":"pause","duration":10},{"type":"keyUp","value":""}]}]}
COMMAND: GET /session/cd8dad5b6aa98ad5f0615c697c2d4924/screenshot - {}
RESULT: {}
COMMAND: POST /session/cd8dad5b6aa98ad5f0615c697c2d4924/element - {"using":"xpath","value":"//span[contains(@id, \"smartTable-header-inner\")]"}
RESULT: {"using":"xpath","value":"//span[contains(@id, \"smartTable-header-inner\")]"}
COMMAND: POST /session/cd8dad5b6aa98ad5f0615c697c2d4924/elements - {"using":"xpath","value":"//span[contains(@id, \"smartTable-header-inner\")]"}
RESULT: {"using":"xpath","value":"//span[contains(@id, \"smartTable-header-inner\")]"}
COMMAND: POST /session/cd8dad5b6aa98ad5f0615c697c2d4924/execute/sync - {"script":"<script> [56 bytes]","args":[{"element-6066-11e4-a52e-4f735466cecf":"f.73A3896108CAD0F2DAB8766297627504.d.8FAC82C71A0B43A2339ADC809F4F289B.e.22934","ELEMENT":"f.73A3896108CAD0F2DAB8766297627504.d.8FAC82C71A0B43A2339ADC809F4F289B.e.22934"}]}
RESULT: {"script":"<script> [56 bytes]","args":[{"element-6066-11e4-a52e-4f735466cecf":"f.73A3896108CAD0F2DAB8766297627504.d.8FAC82C71A0B43A2339ADC809F4F289B.e.22934","ELEMENT":"f.73A3896108CAD0F2DAB8766297627504.d.8FAC82C71A0B43A2339ADC809F4F289B.e.22934"}]}
COMMAND: POST /session/cd8dad5b6aa98ad5f0615c697c2d4924/elements - {"using":"xpath","value":"//thead[contains(@class, \"sapMTableTH\")]/tr/th"}
COMMAND: GET /session/cd8dad5b6aa98ad5f0615c697c2d4924/screenshot - {}
RESULT: {"using":"xpath","value":"//thead[contains(@class, \"sapMTableTH\")]/tr/th"}
COMMAND: GET /session/cd8dad5b6aa98ad5f0615c697c2d4924/element/f.73A3896108CAD0F2DAB8766297627504.d.8FAC82C71A0B43A2339ADC809F4F289B.e.23028/text - {}
RESULT: {}
RESULT: {}
COMMAND: GET /session/cd8dad5b6aa98ad5f0615c697c2d4924/element/f.73A3896108CAD0F2DAB8766297627504.d.8FAC82C71A0B43A2339ADC809F4F289B.e.23029/text - {}
RESULT: {}
COMMAND: GET /session/cd8dad5b6aa98ad5f0615c697c2d4924/element/f.73A3896108CAD0F2DAB8766297627504.d.8FAC82C71A0B43A2339ADC809F4F289B.e.22553/text - {}
RESULT: {}
COMMAND: GET /session/cd8dad5b6aa98ad5f0615c697c2d4924/element/f.73A3896108CAD0F2DAB8766297627504.d.8FAC82C71A0B43A2339ADC809F4F289B.e.22555/text - {}
RESULT: {}
COMMAND: GET /session/cd8dad5b6aa98ad5f0615c697c2d4924/element/f.73A3896108CAD0F2DAB8766297627504.d.8FAC82C71A0B43A2339ADC809F4F289B.e.23139/text - {}
RESULT: {}
COMMAND: GET /session/cd8dad5b6aa98ad5f0615c697c2d4924/element/f.73A3896108CAD0F2DAB8766297627504.d.8FAC82C71A0B43A2339ADC809F4F289B.e.23140/text - {}
RESULT: {}
COMMAND: GET /session/cd8dad5b6aa98ad5f0615c697c2d4924/element/f.73A3896108CAD0F2DAB8766297627504.d.8FAC82C71A0B43A2339ADC809F4F289B.e.23141/text - {}
RESULT: {}
COMMAND: GET /session/cd8dad5b6aa98ad5f0615c697c2d4924/element/f.73A3896108CAD0F2DAB8766297627504.d.8FAC82C71A0B43A2339ADC809F4F289B.e.23142/text - {}
RESULT: {}
COMMAND: GET /session/cd8dad5b6aa98ad5f0615c697c2d4924/element/f.73A3896108CAD0F2DAB8766297627504.d.8FAC82C71A0B43A2339ADC809F4F289B.e.23143/text - {}
RESULT: {}
COMMAND: GET /session/cd8dad5b6aa98ad5f0615c697c2d4924/element/f.73A3896108CAD0F2DAB8766297627504.d.8FAC82C71A0B43A2339ADC809F4F289B.e.23144/text - {}
RESULT: {}
COMMAND: GET /session/cd8dad5b6aa98ad5f0615c697c2d4924/element/f.73A3896108CAD0F2DAB8766297627504.d.8FAC82C71A0B43A2339ADC809F4F289B.e.23145/text - {}
RESULT: {}
COMMAND: GET /session/cd8dad5b6aa98ad5f0615c697c2d4924/element/f.73A3896108CAD0F2DAB8766297627504.d.8FAC82C71A0B43A2339ADC809F4F289B.e.23146/text - {}
RESULT: {}
COMMAND: GET /session/cd8dad5b6aa98ad5f0615c697c2d4924/element/f.73A3896108CAD0F2DAB8766297627504.d.8FAC82C71A0B43A2339ADC809F4F289B.e.23147/text - {}
RESULT: {}
COMMAND: GET /session/cd8dad5b6aa98ad5f0615c697c2d4924/element/f.73A3896108CAD0F2DAB8766297627504.d.8FAC82C71A0B43A2339ADC809F4F289B.e.22556/text - {}
RESULT: {}
COMMAND: POST /session/cd8dad5b6aa98ad5f0615c697c2d4924/element - {"using":"xpath","value":"//tbody[contains(@id, \"customHandoversTable-tblBody\")]/tr[1]/td[14]/div/span"}
RESULT: {"using":"xpath","value":"//tbody[contains(@id, \"customHandoversTable-tblBody\")]/tr[1]/td[14]/div/span"}
COMMAND: POST /session/cd8dad5b6aa98ad5f0615c697c2d4924/execute/sync - {"script":"<script> [56 bytes]","args":[{"element-6066-11e4-a52e-4f735466cecf":"f.73A3896108CAD0F2DAB8766297627504.d.8FAC82C71A0B43A2339ADC809F4F289B.e.23190","ELEMENT":"f.73A3896108CAD0F2DAB8766297627504.d.8FAC82C71A0B43A2339ADC809F4F289B.e.23190"}]}
RESULT: {"script":"<script> [56 bytes]","args":[{"element-6066-11e4-a52e-4f735466cecf":"f.73A3896108CAD0F2DAB8766297627504.d.8FAC82C71A0B43A2339ADC809F4F289B.e.23190","ELEMENT":"f.73A3896108CAD0F2DAB8766297627504.d.8FAC82C71A0B43A2339ADC809F4F289B.e.23190"}]}
COMMAND: POST /session/cd8dad5b6aa98ad5f0615c697c2d4924/element - {"using":"css selector","value":"#shell-header-logo"}
COMMAND: GET /session/cd8dad5b6aa98ad5f0615c697c2d4924/screenshot - {}
RESULT: {"using":"css selector","value":"#shell-header-logo"}
COMMAND: POST /session/cd8dad5b6aa98ad5f0615c697c2d4924/element/f.73A3896108CAD0F2DAB8766297627504.d.8FAC82C71A0B43A2339ADC809F4F289B.e.22237/click - {}
RESULT: {}
RESULT: {}
COMMAND: GET /session/cd8dad5b6aa98ad5f0615c697c2d4924/screenshot - {}
RESULT: {}
]]></system-out>
    </testcase>
    <testcase classname="chrome.136_0_7103_93.windows.Billing_Calculation_-_Time_based_(considering_transport_times)_US139738" name="Should do another billing run but in around 17 days from today" time="69.429">
      <system-out><![CDATA[
RESULT: undefined
COMMAND: POST /session/cd8dad5b6aa98ad5f0615c697c2d4924/element - {"using":"xpath","value":"//*[@id=\"__tile51\"]"}
RESULT: {"using":"xpath","value":"//*[@id=\"__tile51\"]"}
COMMAND: POST /session/cd8dad5b6aa98ad5f0615c697c2d4924/element/f.73A3896108CAD0F2DAB8766297627504.d.8FAC82C71A0B43A2339ADC809F4F289B.e.17737/click - {}
RESULT: {}
COMMAND: GET /session/cd8dad5b6aa98ad5f0615c697c2d4924/screenshot - {}
RESULT: {}
COMMAND: POST /session/cd8dad5b6aa98ad5f0615c697c2d4924/elements - {"using":"xpath","value":"//span[text()='Error']"}
RESULT: {"using":"xpath","value":"//span[text()='Error']"}
RESULT: undefined
COMMAND: POST /session/cd8dad5b6aa98ad5f0615c697c2d4924/execute/async - {"script":"<script> [776 bytes]","args":[{"enterText":"10489","selector":{"id":"application-managebillings-display-component---billRunCalcResult--smartFilterBar-btnBasicSearch","interaction":{"idSuffix":"I"}},"clearTextFirst":true,"interactionType":"ENTER_TEXT"}]}
RESULT: {"script":"<script> [776 bytes]","args":[{"enterText":"10489","selector":{"id":"application-managebillings-display-component---billRunCalcResult--smartFilterBar-btnBasicSearch","interaction":{"idSuffix":"I"}},"clearTextFirst":true,"interactionType":"ENTER_TEXT"}]}
COMMAND: POST /session/cd8dad5b6aa98ad5f0615c697c2d4924/actions - {"actions":[{"id":"action87","type":"key","parameters":{},"actions":[{"type":"keyDown","value":""},{"type":"pause","duration":10},{"type":"keyUp","value":""}]}]}
RESULT: {"actions":[{"id":"action87","type":"key","parameters":{},"actions":[{"type":"keyDown","value":""},{"type":"pause","duration":10},{"type":"keyUp","value":""}]}]}
COMMAND: GET /session/cd8dad5b6aa98ad5f0615c697c2d4924/screenshot - {}
RESULT: {}
COMMAND: POST /session/cd8dad5b6aa98ad5f0615c697c2d4924/element - {"using":"xpath","value":"//td[@aria-colindex=\"1\"]/div/div[contains(@class, \"sapMCbBg\")]"}
RESULT: {"using":"xpath","value":"//td[@aria-colindex=\"1\"]/div/div[contains(@class, \"sapMCbBg\")]"}
COMMAND: POST /session/cd8dad5b6aa98ad5f0615c697c2d4924/element/f.73A3896108CAD0F2DAB8766297627504.d.8FAC82C71A0B43A2339ADC809F4F289B.e.23403/click - {}
RESULT: {}
COMMAND: GET /session/cd8dad5b6aa98ad5f0615c697c2d4924/screenshot - {}
RESULT: {}
RESULT: undefined
COMMAND: POST /session/cd8dad5b6aa98ad5f0615c697c2d4924/execute/async - {"script":"<script> [776 bytes]","args":[{"enterText":"6/7/25","selector":{"id":"application-managebillings-display-component---billRunCalcResult--contractBillRunDate","interaction":{"idSuffix":"inner"}},"clearTextFirst":true,"interactionType":"ENTER_TEXT"}]}
RESULT: {"script":"<script> [776 bytes]","args":[{"enterText":"6/7/25","selector":{"id":"application-managebillings-display-component---billRunCalcResult--contractBillRunDate","interaction":{"idSuffix":"inner"}},"clearTextFirst":true,"interactionType":"ENTER_TEXT"}]}
COMMAND: POST /session/cd8dad5b6aa98ad5f0615c697c2d4924/element - {"using":"xpath","value":"//bdi[contains(text(), \"Trigger Calculation\")]"}
RESULT: {"using":"xpath","value":"//bdi[contains(text(), \"Trigger Calculation\")]"}
COMMAND: POST /session/cd8dad5b6aa98ad5f0615c697c2d4924/element/f.73A3896108CAD0F2DAB8766297627504.d.8FAC82C71A0B43A2339ADC809F4F289B.e.23453/click - {}
RESULT: {}
COMMAND: GET /session/cd8dad5b6aa98ad5f0615c697c2d4924/screenshot - {}
RESULT: {}
COMMAND: POST /session/cd8dad5b6aa98ad5f0615c697c2d4924/element - {"using":"xpath","value":"(//span[contains(@id, \"imgNav\")])[1]"}
RESULT: {"using":"xpath","value":"(//span[contains(@id, \"imgNav\")])[1]"}
COMMAND: POST /session/cd8dad5b6aa98ad5f0615c697c2d4924/element/f.73A3896108CAD0F2DAB8766297627504.d.8FAC82C71A0B43A2339ADC809F4F289B.e.23404/click - {}
RESULT: {}
COMMAND: GET /session/cd8dad5b6aa98ad5f0615c697c2d4924/screenshot - {}
RESULT: {}
COMMAND: POST /session/cd8dad5b6aa98ad5f0615c697c2d4924/element - {"using":"xpath","value":"//tr/td[6]/div[1]/span[1]/span[1]"}
RESULT: {"using":"xpath","value":"//tr/td[6]/div[1]/span[1]/span[1]"}
COMMAND: GET /session/cd8dad5b6aa98ad5f0615c697c2d4924/element/f.73A3896108CAD0F2DAB8766297627504.d.8FAC82C71A0B43A2339ADC809F4F289B.e.23458/text - {}
RESULT: {}
COMMAND: POST /session/cd8dad5b6aa98ad5f0615c697c2d4924/element - {"using":"xpath","value":"(//span[contains(@id, \"imgNav\")])[2]"}
RESULT: {"using":"xpath","value":"(//span[contains(@id, \"imgNav\")])[2]"}
COMMAND: POST /session/cd8dad5b6aa98ad5f0615c697c2d4924/element/f.73A3896108CAD0F2DAB8766297627504.d.8FAC82C71A0B43A2339ADC809F4F289B.e.23459/click - {}
RESULT: {}
COMMAND: POST /session/cd8dad5b6aa98ad5f0615c697c2d4924/element - {"using":"xpath","value":"//bdi[contains(text(), \"Business Confirm\")]"}
COMMAND: GET /session/cd8dad5b6aa98ad5f0615c697c2d4924/screenshot - {}
RESULT: {"using":"xpath","value":"//bdi[contains(text(), \"Business Confirm\")]"}
COMMAND: POST /session/cd8dad5b6aa98ad5f0615c697c2d4924/elements - {"using":"xpath","value":"//bdi[contains(text(), \"Business Confirm\")]"}
RESULT: {}
RESULT: {"using":"xpath","value":"//bdi[contains(text(), \"Business Confirm\")]"}
COMMAND: POST /session/cd8dad5b6aa98ad5f0615c697c2d4924/element - {"using":"xpath","value":"//bdi[contains(text(), \"Business Confirm\")]"}
RESULT: {"using":"xpath","value":"//bdi[contains(text(), \"Business Confirm\")]"}
COMMAND: POST /session/cd8dad5b6aa98ad5f0615c697c2d4924/element/f.73A3896108CAD0F2DAB8766297627504.d.8FAC82C71A0B43A2339ADC809F4F289B.e.23512/click - {}
RESULT: {}
COMMAND: POST /session/cd8dad5b6aa98ad5f0615c697c2d4924/element - {"using":"css selector","value":"#shell-header-logo"}
COMMAND: GET /session/cd8dad5b6aa98ad5f0615c697c2d4924/screenshot - {}
RESULT: {"using":"css selector","value":"#shell-header-logo"}
COMMAND: POST /session/cd8dad5b6aa98ad5f0615c697c2d4924/element/f.73A3896108CAD0F2DAB8766297627504.d.8FAC82C71A0B43A2339ADC809F4F289B.e.23194/click - {}
RESULT: {}
RESULT: {}
COMMAND: GET /session/cd8dad5b6aa98ad5f0615c697c2d4924/screenshot - {}
RESULT: {}
]]></system-out>
    </testcase>
    <testcase classname="chrome.136_0_7103_93.windows.Billing_Calculation_-_Time_based_(considering_transport_times)_US139738" name="Should transfer the billing all the way to completion" time="80.6">
      <system-out><![CDATA[
RESULT: undefined
COMMAND: POST /session/cd8dad5b6aa98ad5f0615c697c2d4924/element - {"using":"xpath","value":"//*[@id=\"__tile50\"]"}
RESULT: {"using":"xpath","value":"//*[@id=\"__tile50\"]"}
COMMAND: POST /session/cd8dad5b6aa98ad5f0615c697c2d4924/element/f.73A3896108CAD0F2DAB8766297627504.d.8FAC82C71A0B43A2339ADC809F4F289B.e.17735/click - {}
RESULT: {}
COMMAND: GET /session/cd8dad5b6aa98ad5f0615c697c2d4924/screenshot - {}
RESULT: {}
COMMAND: POST /session/cd8dad5b6aa98ad5f0615c697c2d4924/elements - {"using":"xpath","value":"//span[text()='Error']"}
RESULT: {"using":"xpath","value":"//span[text()='Error']"}
COMMAND: POST /session/cd8dad5b6aa98ad5f0615c697c2d4924/element - {"using":"xpath","value":"//input[contains(@id ,\"application-billingtransfer-display-component---billingWorkbench--smartFilterBar-btnBasicSearch\")]"}
RESULT: {"using":"xpath","value":"//input[contains(@id ,\"application-billingtransfer-display-component---billingWorkbench--smartFilterBar-btnBasicSearch\")]"}
COMMAND: POST /session/cd8dad5b6aa98ad5f0615c697c2d4924/elements - {"using":"xpath","value":"//input[contains(@id ,\"application-billingtransfer-display-component---billingWorkbench--smartFilterBar-btnBasicSearch\")]"}
RESULT: {"using":"xpath","value":"//input[contains(@id ,\"application-billingtransfer-display-component---billingWorkbench--smartFilterBar-btnBasicSearch\")]"}
COMMAND: POST /session/cd8dad5b6aa98ad5f0615c697c2d4924/execute/sync - {"script":"<script> [8489 bytes]","args":[{"element-6066-11e4-a52e-4f735466cecf":"f.73A3896108CAD0F2DAB8766297627504.d.8FAC82C71A0B43A2339ADC809F4F289B.e.23539","ELEMENT":"f.73A3896108CAD0F2DAB8766297627504.d.8FAC82C71A0B43A2339ADC809F4F289B.e.23539"}]}
RESULT: {"script":"<script> [8489 bytes]","args":[{"element-6066-11e4-a52e-4f735466cecf":"f.73A3896108CAD0F2DAB8766297627504.d.8FAC82C71A0B43A2339ADC809F4F289B.e.23539","ELEMENT":"f.73A3896108CAD0F2DAB8766297627504.d.8FAC82C71A0B43A2339ADC809F4F289B.e.23539"}]}
COMMAND: GET /session/cd8dad5b6aa98ad5f0615c697c2d4924/element/f.73A3896108CAD0F2DAB8766297627504.d.8FAC82C71A0B43A2339ADC809F4F289B.e.23539/enabled - {}
COMMAND: GET /session/cd8dad5b6aa98ad5f0615c697c2d4924/screenshot - {}
RESULT: {}
COMMAND: POST /session/cd8dad5b6aa98ad5f0615c697c2d4924/element/f.73A3896108CAD0F2DAB8766297627504.d.8FAC82C71A0B43A2339ADC809F4F289B.e.23539/click - {}
COMMAND: GET /session/cd8dad5b6aa98ad5f0615c697c2d4924/screenshot - {}
RESULT: {}
RESULT: {}
COMMAND: GET /session/cd8dad5b6aa98ad5f0615c697c2d4924/screenshot - {}
RESULT: {}
RESULT: {}
COMMAND: POST /session/cd8dad5b6aa98ad5f0615c697c2d4924/element/f.73A3896108CAD0F2DAB8766297627504.d.8FAC82C71A0B43A2339ADC809F4F289B.e.23539/clear - {}
RESULT: {}
COMMAND: POST /session/cd8dad5b6aa98ad5f0615c697c2d4924/element/f.73A3896108CAD0F2DAB8766297627504.d.8FAC82C71A0B43A2339ADC809F4F289B.e.23539/value - {"text":"10489"}
COMMAND: GET /session/cd8dad5b6aa98ad5f0615c697c2d4924/screenshot - {}
RESULT: {"text":"10489"}
COMMAND: POST /session/cd8dad5b6aa98ad5f0615c697c2d4924/actions - {"actions":[{"id":"action88","type":"key","parameters":{},"actions":[{"type":"keyDown","value":""},{"type":"pause","duration":10},{"type":"keyUp","value":""}]}]}
COMMAND: GET /session/cd8dad5b6aa98ad5f0615c697c2d4924/screenshot - {}
RESULT: {}
RESULT: {"actions":[{"id":"action88","type":"key","parameters":{},"actions":[{"type":"keyDown","value":""},{"type":"pause","duration":10},{"type":"keyUp","value":""}]}]}
COMMAND: GET /session/cd8dad5b6aa98ad5f0615c697c2d4924/screenshot - {}
RESULT: {}
RESULT: {}
COMMAND: POST /session/cd8dad5b6aa98ad5f0615c697c2d4924/element - {"using":"xpath","value":"//span[contains(@id ,\"application-billingtransfer-display-component---billingWorkbench--smartTableBillingRuns-header-inner\")]"}
RESULT: {"using":"xpath","value":"//span[contains(@id ,\"application-billingtransfer-display-component---billingWorkbench--smartTableBillingRuns-header-inner\")]"}
COMMAND: POST /session/cd8dad5b6aa98ad5f0615c697c2d4924/elements - {"using":"xpath","value":"//span[contains(@id ,\"application-billingtransfer-display-component---billingWorkbench--smartTableBillingRuns-header-inner\")]"}
RESULT: {"using":"xpath","value":"//span[contains(@id ,\"application-billingtransfer-display-component---billingWorkbench--smartTableBillingRuns-header-inner\")]"}
COMMAND: POST /session/cd8dad5b6aa98ad5f0615c697c2d4924/execute/sync - {"script":"<script> [56 bytes]","args":[{"element-6066-11e4-a52e-4f735466cecf":"f.73A3896108CAD0F2DAB8766297627504.d.8FAC82C71A0B43A2339ADC809F4F289B.e.23682","ELEMENT":"f.73A3896108CAD0F2DAB8766297627504.d.8FAC82C71A0B43A2339ADC809F4F289B.e.23682"}]}
RESULT: {"script":"<script> [56 bytes]","args":[{"element-6066-11e4-a52e-4f735466cecf":"f.73A3896108CAD0F2DAB8766297627504.d.8FAC82C71A0B43A2339ADC809F4F289B.e.23682","ELEMENT":"f.73A3896108CAD0F2DAB8766297627504.d.8FAC82C71A0B43A2339ADC809F4F289B.e.23682"}]}
COMMAND: POST /session/cd8dad5b6aa98ad5f0615c697c2d4924/element - {"using":"xpath","value":"//td[@aria-colindex=\"1\"]/div/div[contains(@class, \"sapMCbBg\")]"}
COMMAND: GET /session/cd8dad5b6aa98ad5f0615c697c2d4924/screenshot - {}
RESULT: {"using":"xpath","value":"//td[@aria-colindex=\"1\"]/div/div[contains(@class, \"sapMCbBg\")]"}
COMMAND: POST /session/cd8dad5b6aa98ad5f0615c697c2d4924/element/f.73A3896108CAD0F2DAB8766297627504.d.8FAC82C71A0B43A2339ADC809F4F289B.e.23634/click - {}
RESULT: {}
RESULT: {}
COMMAND: GET /session/cd8dad5b6aa98ad5f0615c697c2d4924/screenshot - {}
RESULT: {}
COMMAND: POST /session/cd8dad5b6aa98ad5f0615c697c2d4924/element - {"using":"xpath","value":"//bdi[contains(text(), \"Check\")]"}
RESULT: {"using":"xpath","value":"//bdi[contains(text(), \"Check\")]"}
COMMAND: POST /session/cd8dad5b6aa98ad5f0615c697c2d4924/element/f.73A3896108CAD0F2DAB8766297627504.d.8FAC82C71A0B43A2339ADC809F4F289B.e.23683/click - {}
RESULT: {}
COMMAND: GET /session/cd8dad5b6aa98ad5f0615c697c2d4924/screenshot - {}
RESULT: {}
COMMAND: POST /session/cd8dad5b6aa98ad5f0615c697c2d4924/element - {"using":"xpath","value":"//bdi[contains(text(), \"OK\")]"}
RESULT: {"using":"xpath","value":"//bdi[contains(text(), \"OK\")]"}
COMMAND: POST /session/cd8dad5b6aa98ad5f0615c697c2d4924/element/f.73A3896108CAD0F2DAB8766297627504.d.8FAC82C71A0B43A2339ADC809F4F289B.e.23686/click - {}
RESULT: {}
COMMAND: GET /session/cd8dad5b6aa98ad5f0615c697c2d4924/screenshot - {}
RESULT: {}
COMMAND: POST /session/cd8dad5b6aa98ad5f0615c697c2d4924/element - {"using":"xpath","value":"(//span[contains(text(), \"CO/SD checked\")]/parent::div/preceding-sibling::div/span)[1]"}
RESULT: {"using":"xpath","value":"(//span[contains(text(), \"CO/SD checked\")]/parent::div/preceding-sibling::div/span)[1]"}
COMMAND: POST /session/cd8dad5b6aa98ad5f0615c697c2d4924/element/f.73A3896108CAD0F2DAB8766297627504.d.8FAC82C71A0B43A2339ADC809F4F289B.e.23695/click - {}
RESULT: {}
COMMAND: GET /session/cd8dad5b6aa98ad5f0615c697c2d4924/screenshot - {}
RESULT: {}
COMMAND: POST /session/cd8dad5b6aa98ad5f0615c697c2d4924/element - {"using":"xpath","value":"//input[contains(@id ,\"application-billingtransfer-display-component---billingWorkbench--smartFilterBar-btnBasicSearch\")]"}
RESULT: {"using":"xpath","value":"//input[contains(@id ,\"application-billingtransfer-display-component---billingWorkbench--smartFilterBar-btnBasicSearch\")]"}
COMMAND: POST /session/cd8dad5b6aa98ad5f0615c697c2d4924/elements - {"using":"xpath","value":"//input[contains(@id ,\"application-billingtransfer-display-component---billingWorkbench--smartFilterBar-btnBasicSearch\")]"}
RESULT: {"using":"xpath","value":"//input[contains(@id ,\"application-billingtransfer-display-component---billingWorkbench--smartFilterBar-btnBasicSearch\")]"}
COMMAND: POST /session/cd8dad5b6aa98ad5f0615c697c2d4924/execute/sync - {"script":"<script> [8489 bytes]","args":[{"element-6066-11e4-a52e-4f735466cecf":"f.73A3896108CAD0F2DAB8766297627504.d.8FAC82C71A0B43A2339ADC809F4F289B.e.23539","ELEMENT":"f.73A3896108CAD0F2DAB8766297627504.d.8FAC82C71A0B43A2339ADC809F4F289B.e.23539"}]}
RESULT: {"script":"<script> [8489 bytes]","args":[{"element-6066-11e4-a52e-4f735466cecf":"f.73A3896108CAD0F2DAB8766297627504.d.8FAC82C71A0B43A2339ADC809F4F289B.e.23539","ELEMENT":"f.73A3896108CAD0F2DAB8766297627504.d.8FAC82C71A0B43A2339ADC809F4F289B.e.23539"}]}
COMMAND: GET /session/cd8dad5b6aa98ad5f0615c697c2d4924/element/f.73A3896108CAD0F2DAB8766297627504.d.8FAC82C71A0B43A2339ADC809F4F289B.e.23539/enabled - {}
COMMAND: GET /session/cd8dad5b6aa98ad5f0615c697c2d4924/screenshot - {}
RESULT: {}
COMMAND: POST /session/cd8dad5b6aa98ad5f0615c697c2d4924/element/f.73A3896108CAD0F2DAB8766297627504.d.8FAC82C71A0B43A2339ADC809F4F289B.e.23539/click - {}
COMMAND: GET /session/cd8dad5b6aa98ad5f0615c697c2d4924/screenshot - {}
RESULT: {}
RESULT: {}
COMMAND: GET /session/cd8dad5b6aa98ad5f0615c697c2d4924/screenshot - {}
RESULT: {}
RESULT: {}
COMMAND: POST /session/cd8dad5b6aa98ad5f0615c697c2d4924/element/f.73A3896108CAD0F2DAB8766297627504.d.8FAC82C71A0B43A2339ADC809F4F289B.e.23539/clear - {}
RESULT: {}
COMMAND: POST /session/cd8dad5b6aa98ad5f0615c697c2d4924/element/f.73A3896108CAD0F2DAB8766297627504.d.8FAC82C71A0B43A2339ADC809F4F289B.e.23539/value - {"text":"10489"}
COMMAND: GET /session/cd8dad5b6aa98ad5f0615c697c2d4924/screenshot - {}
RESULT: {"text":"10489"}
COMMAND: POST /session/cd8dad5b6aa98ad5f0615c697c2d4924/actions - {"actions":[{"id":"action89","type":"key","parameters":{},"actions":[{"type":"keyDown","value":""},{"type":"pause","duration":10},{"type":"keyUp","value":""}]}]}
COMMAND: GET /session/cd8dad5b6aa98ad5f0615c697c2d4924/screenshot - {}
RESULT: {}
RESULT: {"actions":[{"id":"action89","type":"key","parameters":{},"actions":[{"type":"keyDown","value":""},{"type":"pause","duration":10},{"type":"keyUp","value":""}]}]}
COMMAND: GET /session/cd8dad5b6aa98ad5f0615c697c2d4924/screenshot - {}
RESULT: {}
RESULT: {}
COMMAND: POST /session/cd8dad5b6aa98ad5f0615c697c2d4924/element - {"using":"xpath","value":"//span[contains(@id ,\"application-billingtransfer-display-component---billingWorkbench--smartTableBillingRuns-header-inner\")]"}
RESULT: {"using":"xpath","value":"//span[contains(@id ,\"application-billingtransfer-display-component---billingWorkbench--smartTableBillingRuns-header-inner\")]"}
COMMAND: POST /session/cd8dad5b6aa98ad5f0615c697c2d4924/elements - {"using":"xpath","value":"//span[contains(@id ,\"application-billingtransfer-display-component---billingWorkbench--smartTableBillingRuns-header-inner\")]"}
RESULT: {"using":"xpath","value":"//span[contains(@id ,\"application-billingtransfer-display-component---billingWorkbench--smartTableBillingRuns-header-inner\")]"}
COMMAND: POST /session/cd8dad5b6aa98ad5f0615c697c2d4924/execute/sync - {"script":"<script> [56 bytes]","args":[{"element-6066-11e4-a52e-4f735466cecf":"f.73A3896108CAD0F2DAB8766297627504.d.8FAC82C71A0B43A2339ADC809F4F289B.e.23682","ELEMENT":"f.73A3896108CAD0F2DAB8766297627504.d.8FAC82C71A0B43A2339ADC809F4F289B.e.23682"}]}
RESULT: {"script":"<script> [56 bytes]","args":[{"element-6066-11e4-a52e-4f735466cecf":"f.73A3896108CAD0F2DAB8766297627504.d.8FAC82C71A0B43A2339ADC809F4F289B.e.23682","ELEMENT":"f.73A3896108CAD0F2DAB8766297627504.d.8FAC82C71A0B43A2339ADC809F4F289B.e.23682"}]}
COMMAND: POST /session/cd8dad5b6aa98ad5f0615c697c2d4924/element - {"using":"xpath","value":"//td[@aria-colindex=\"1\"]/div/div[contains(@class, \"sapMCbBg\")]"}
COMMAND: GET /session/cd8dad5b6aa98ad5f0615c697c2d4924/screenshot - {}
RESULT: {"using":"xpath","value":"//td[@aria-colindex=\"1\"]/div/div[contains(@class, \"sapMCbBg\")]"}
COMMAND: POST /session/cd8dad5b6aa98ad5f0615c697c2d4924/element/f.73A3896108CAD0F2DAB8766297627504.d.8FAC82C71A0B43A2339ADC809F4F289B.e.23698/click - {}
RESULT: {}
RESULT: {}
COMMAND: GET /session/cd8dad5b6aa98ad5f0615c697c2d4924/screenshot - {}
RESULT: {}
COMMAND: POST /session/cd8dad5b6aa98ad5f0615c697c2d4924/element - {"using":"xpath","value":"//bdi[text()=\"Transfer\"]"}
RESULT: {"using":"xpath","value":"//bdi[text()=\"Transfer\"]"}
COMMAND: POST /session/cd8dad5b6aa98ad5f0615c697c2d4924/element/f.73A3896108CAD0F2DAB8766297627504.d.8FAC82C71A0B43A2339ADC809F4F289B.e.23699/click - {}
RESULT: {}
COMMAND: GET /session/cd8dad5b6aa98ad5f0615c697c2d4924/screenshot - {}
RESULT: {}
COMMAND: POST /session/cd8dad5b6aa98ad5f0615c697c2d4924/element - {"using":"xpath","value":"//bdi[contains(text(), \"OK\")]"}
RESULT: {"using":"xpath","value":"//bdi[contains(text(), \"OK\")]"}
COMMAND: POST /session/cd8dad5b6aa98ad5f0615c697c2d4924/element/f.73A3896108CAD0F2DAB8766297627504.d.8FAC82C71A0B43A2339ADC809F4F289B.e.23702/click - {}
RESULT: {}
COMMAND: GET /session/cd8dad5b6aa98ad5f0615c697c2d4924/screenshot - {}
RESULT: {}
COMMAND: POST /session/cd8dad5b6aa98ad5f0615c697c2d4924/element - {"using":"xpath","value":"(//span[contains(text(), \"Completed\")]/parent::div/preceding-sibling::div/span)[1]"}
RESULT: {"using":"xpath","value":"(//span[contains(text(), \"Completed\")]/parent::div/preceding-sibling::div/span)[1]"}
COMMAND: POST /session/cd8dad5b6aa98ad5f0615c697c2d4924/element/f.73A3896108CAD0F2DAB8766297627504.d.8FAC82C71A0B43A2339ADC809F4F289B.e.23710/click - {}
RESULT: {}
COMMAND: POST /session/cd8dad5b6aa98ad5f0615c697c2d4924/element - {"using":"xpath","value":"//input[contains(@id ,\"application-billingtransfer-display-component---billingWorkbench--smartFilterBar-btnBasicSearch\")]"}
COMMAND: GET /session/cd8dad5b6aa98ad5f0615c697c2d4924/screenshot - {}
RESULT: {"using":"xpath","value":"//input[contains(@id ,\"application-billingtransfer-display-component---billingWorkbench--smartFilterBar-btnBasicSearch\")]"}
COMMAND: POST /session/cd8dad5b6aa98ad5f0615c697c2d4924/elements - {"using":"xpath","value":"//input[contains(@id ,\"application-billingtransfer-display-component---billingWorkbench--smartFilterBar-btnBasicSearch\")]"}
RESULT: {}
RESULT: {"using":"xpath","value":"//input[contains(@id ,\"application-billingtransfer-display-component---billingWorkbench--smartFilterBar-btnBasicSearch\")]"}
COMMAND: POST /session/cd8dad5b6aa98ad5f0615c697c2d4924/execute/sync - {"script":"<script> [8489 bytes]","args":[{"element-6066-11e4-a52e-4f735466cecf":"f.73A3896108CAD0F2DAB8766297627504.d.8FAC82C71A0B43A2339ADC809F4F289B.e.23539","ELEMENT":"f.73A3896108CAD0F2DAB8766297627504.d.8FAC82C71A0B43A2339ADC809F4F289B.e.23539"}]}
RESULT: {"script":"<script> [8489 bytes]","args":[{"element-6066-11e4-a52e-4f735466cecf":"f.73A3896108CAD0F2DAB8766297627504.d.8FAC82C71A0B43A2339ADC809F4F289B.e.23539","ELEMENT":"f.73A3896108CAD0F2DAB8766297627504.d.8FAC82C71A0B43A2339ADC809F4F289B.e.23539"}]}
COMMAND: GET /session/cd8dad5b6aa98ad5f0615c697c2d4924/element/f.73A3896108CAD0F2DAB8766297627504.d.8FAC82C71A0B43A2339ADC809F4F289B.e.23539/enabled - {}
COMMAND: GET /session/cd8dad5b6aa98ad5f0615c697c2d4924/screenshot - {}
RESULT: {}
COMMAND: POST /session/cd8dad5b6aa98ad5f0615c697c2d4924/element/f.73A3896108CAD0F2DAB8766297627504.d.8FAC82C71A0B43A2339ADC809F4F289B.e.23539/click - {}
COMMAND: GET /session/cd8dad5b6aa98ad5f0615c697c2d4924/screenshot - {}
RESULT: {}
RESULT: {}
COMMAND: GET /session/cd8dad5b6aa98ad5f0615c697c2d4924/screenshot - {}
RESULT: {}
RESULT: {}
COMMAND: POST /session/cd8dad5b6aa98ad5f0615c697c2d4924/element/f.73A3896108CAD0F2DAB8766297627504.d.8FAC82C71A0B43A2339ADC809F4F289B.e.23539/clear - {}
RESULT: {}
COMMAND: POST /session/cd8dad5b6aa98ad5f0615c697c2d4924/element/f.73A3896108CAD0F2DAB8766297627504.d.8FAC82C71A0B43A2339ADC809F4F289B.e.23539/value - {"text":"10489"}
COMMAND: GET /session/cd8dad5b6aa98ad5f0615c697c2d4924/screenshot - {}
RESULT: {"text":"10489"}
COMMAND: POST /session/cd8dad5b6aa98ad5f0615c697c2d4924/actions - {"actions":[{"id":"action90","type":"key","parameters":{},"actions":[{"type":"keyDown","value":""},{"type":"pause","duration":10},{"type":"keyUp","value":""}]}]}
COMMAND: GET /session/cd8dad5b6aa98ad5f0615c697c2d4924/screenshot - {}
RESULT: {}
RESULT: {"actions":[{"id":"action90","type":"key","parameters":{},"actions":[{"type":"keyDown","value":""},{"type":"pause","duration":10},{"type":"keyUp","value":""}]}]}
COMMAND: GET /session/cd8dad5b6aa98ad5f0615c697c2d4924/screenshot - {}
RESULT: {}
RESULT: {}
COMMAND: POST /session/cd8dad5b6aa98ad5f0615c697c2d4924/element - {"using":"xpath","value":"//span[contains(@id ,\"application-billingtransfer-display-component---billingWorkbench--smartTableBillingRuns-header-inner\")]"}
RESULT: {"using":"xpath","value":"//span[contains(@id ,\"application-billingtransfer-display-component---billingWorkbench--smartTableBillingRuns-header-inner\")]"}
COMMAND: POST /session/cd8dad5b6aa98ad5f0615c697c2d4924/elements - {"using":"xpath","value":"//span[contains(@id ,\"application-billingtransfer-display-component---billingWorkbench--smartTableBillingRuns-header-inner\")]"}
RESULT: {"using":"xpath","value":"//span[contains(@id ,\"application-billingtransfer-display-component---billingWorkbench--smartTableBillingRuns-header-inner\")]"}
COMMAND: POST /session/cd8dad5b6aa98ad5f0615c697c2d4924/execute/sync - {"script":"<script> [56 bytes]","args":[{"element-6066-11e4-a52e-4f735466cecf":"f.73A3896108CAD0F2DAB8766297627504.d.8FAC82C71A0B43A2339ADC809F4F289B.e.23682","ELEMENT":"f.73A3896108CAD0F2DAB8766297627504.d.8FAC82C71A0B43A2339ADC809F4F289B.e.23682"}]}
RESULT: {"script":"<script> [56 bytes]","args":[{"element-6066-11e4-a52e-4f735466cecf":"f.73A3896108CAD0F2DAB8766297627504.d.8FAC82C71A0B43A2339ADC809F4F289B.e.23682","ELEMENT":"f.73A3896108CAD0F2DAB8766297627504.d.8FAC82C71A0B43A2339ADC809F4F289B.e.23682"}]}
COMMAND: GET /session/cd8dad5b6aa98ad5f0615c697c2d4924/screenshot - {}
RESULT: {}
COMMAND: POST /session/cd8dad5b6aa98ad5f0615c697c2d4924/execute/sync - {"script":"<script> [56 bytes]","args":[{"element-6066-11e4-a52e-4f735466cecf":"f.73A3896108CAD0F2DAB8766297627504.d.8FAC82C71A0B43A2339ADC809F4F289B.e.23682","ELEMENT":"f.73A3896108CAD0F2DAB8766297627504.d.8FAC82C71A0B43A2339ADC809F4F289B.e.23682"}]}
RESULT: {"script":"<script> [56 bytes]","args":[{"element-6066-11e4-a52e-4f735466cecf":"f.73A3896108CAD0F2DAB8766297627504.d.8FAC82C71A0B43A2339ADC809F4F289B.e.23682","ELEMENT":"f.73A3896108CAD0F2DAB8766297627504.d.8FAC82C71A0B43A2339ADC809F4F289B.e.23682"}]}
COMMAND: GET /session/cd8dad5b6aa98ad5f0615c697c2d4924/screenshot - {}
RESULT: {}
COMMAND: POST /session/cd8dad5b6aa98ad5f0615c697c2d4924/execute/sync - {"script":"<script> [56 bytes]","args":[{"element-6066-11e4-a52e-4f735466cecf":"f.73A3896108CAD0F2DAB8766297627504.d.8FAC82C71A0B43A2339ADC809F4F289B.e.23682","ELEMENT":"f.73A3896108CAD0F2DAB8766297627504.d.8FAC82C71A0B43A2339ADC809F4F289B.e.23682"}]}
RESULT: {"script":"<script> [56 bytes]","args":[{"element-6066-11e4-a52e-4f735466cecf":"f.73A3896108CAD0F2DAB8766297627504.d.8FAC82C71A0B43A2339ADC809F4F289B.e.23682","ELEMENT":"f.73A3896108CAD0F2DAB8766297627504.d.8FAC82C71A0B43A2339ADC809F4F289B.e.23682"}]}
COMMAND: GET /session/cd8dad5b6aa98ad5f0615c697c2d4924/screenshot - {}
RESULT: {}
COMMAND: POST /session/cd8dad5b6aa98ad5f0615c697c2d4924/execute/sync - {"script":"<script> [56 bytes]","args":[{"element-6066-11e4-a52e-4f735466cecf":"f.73A3896108CAD0F2DAB8766297627504.d.8FAC82C71A0B43A2339ADC809F4F289B.e.23682","ELEMENT":"f.73A3896108CAD0F2DAB8766297627504.d.8FAC82C71A0B43A2339ADC809F4F289B.e.23682"}]}
RESULT: {"script":"<script> [56 bytes]","args":[{"element-6066-11e4-a52e-4f735466cecf":"f.73A3896108CAD0F2DAB8766297627504.d.8FAC82C71A0B43A2339ADC809F4F289B.e.23682","ELEMENT":"f.73A3896108CAD0F2DAB8766297627504.d.8FAC82C71A0B43A2339ADC809F4F289B.e.23682"}]}
COMMAND: GET /session/cd8dad5b6aa98ad5f0615c697c2d4924/screenshot - {}
RESULT: {}
COMMAND: POST /session/cd8dad5b6aa98ad5f0615c697c2d4924/execute/sync - {"script":"<script> [56 bytes]","args":[{"element-6066-11e4-a52e-4f735466cecf":"f.73A3896108CAD0F2DAB8766297627504.d.8FAC82C71A0B43A2339ADC809F4F289B.e.23682","ELEMENT":"f.73A3896108CAD0F2DAB8766297627504.d.8FAC82C71A0B43A2339ADC809F4F289B.e.23682"}]}
RESULT: {"script":"<script> [56 bytes]","args":[{"element-6066-11e4-a52e-4f735466cecf":"f.73A3896108CAD0F2DAB8766297627504.d.8FAC82C71A0B43A2339ADC809F4F289B.e.23682","ELEMENT":"f.73A3896108CAD0F2DAB8766297627504.d.8FAC82C71A0B43A2339ADC809F4F289B.e.23682"}]}
COMMAND: POST /session/cd8dad5b6aa98ad5f0615c697c2d4924/element - {"using":"css selector","value":"#shell-header-logo"}
COMMAND: GET /session/cd8dad5b6aa98ad5f0615c697c2d4924/screenshot - {}
RESULT: {"using":"css selector","value":"#shell-header-logo"}
COMMAND: POST /session/cd8dad5b6aa98ad5f0615c697c2d4924/element/f.73A3896108CAD0F2DAB8766297627504.d.8FAC82C71A0B43A2339ADC809F4F289B.e.23537/click - {}
RESULT: {}
RESULT: {}
COMMAND: GET /session/cd8dad5b6aa98ad5f0615c697c2d4924/screenshot - {}
RESULT: {}
]]></system-out>
    </testcase>
    <testcase classname="chrome.136_0_7103_93.windows.Billing_Calculation_-_Time_based_(considering_transport_times)_US139738" name="Should do another billing run but in around 25 days from today" time="68.248">
      <system-out><![CDATA[
RESULT: undefined
COMMAND: POST /session/cd8dad5b6aa98ad5f0615c697c2d4924/element - {"using":"xpath","value":"//*[@id=\"__tile51\"]"}
RESULT: {"using":"xpath","value":"//*[@id=\"__tile51\"]"}
COMMAND: POST /session/cd8dad5b6aa98ad5f0615c697c2d4924/element/f.73A3896108CAD0F2DAB8766297627504.d.8FAC82C71A0B43A2339ADC809F4F289B.e.17737/click - {}
RESULT: {}
COMMAND: GET /session/cd8dad5b6aa98ad5f0615c697c2d4924/screenshot - {}
RESULT: {}
COMMAND: POST /session/cd8dad5b6aa98ad5f0615c697c2d4924/elements - {"using":"xpath","value":"//span[text()='Error']"}
RESULT: {"using":"xpath","value":"//span[text()='Error']"}
RESULT: undefined
COMMAND: POST /session/cd8dad5b6aa98ad5f0615c697c2d4924/execute/async - {"script":"<script> [776 bytes]","args":[{"enterText":"10489","selector":{"id":"application-managebillings-display-component---billRunCalcResult--smartFilterBar-btnBasicSearch","interaction":{"idSuffix":"I"}},"clearTextFirst":true,"interactionType":"ENTER_TEXT"}]}
RESULT: {"script":"<script> [776 bytes]","args":[{"enterText":"10489","selector":{"id":"application-managebillings-display-component---billRunCalcResult--smartFilterBar-btnBasicSearch","interaction":{"idSuffix":"I"}},"clearTextFirst":true,"interactionType":"ENTER_TEXT"}]}
COMMAND: POST /session/cd8dad5b6aa98ad5f0615c697c2d4924/actions - {"actions":[{"id":"action91","type":"key","parameters":{},"actions":[{"type":"keyDown","value":""},{"type":"pause","duration":10},{"type":"keyUp","value":""}]}]}
RESULT: {"actions":[{"id":"action91","type":"key","parameters":{},"actions":[{"type":"keyDown","value":""},{"type":"pause","duration":10},{"type":"keyUp","value":""}]}]}
COMMAND: GET /session/cd8dad5b6aa98ad5f0615c697c2d4924/screenshot - {}
RESULT: {}
COMMAND: POST /session/cd8dad5b6aa98ad5f0615c697c2d4924/element - {"using":"xpath","value":"//td[@aria-colindex=\"1\"]/div/div[contains(@class, \"sapMCbBg\")]"}
RESULT: {"using":"xpath","value":"//td[@aria-colindex=\"1\"]/div/div[contains(@class, \"sapMCbBg\")]"}
COMMAND: POST /session/cd8dad5b6aa98ad5f0615c697c2d4924/element/f.73A3896108CAD0F2DAB8766297627504.d.8FAC82C71A0B43A2339ADC809F4F289B.e.23930/click - {}
RESULT: {}
COMMAND: GET /session/cd8dad5b6aa98ad5f0615c697c2d4924/screenshot - {}
RESULT: {}
RESULT: undefined
COMMAND: POST /session/cd8dad5b6aa98ad5f0615c697c2d4924/execute/async - {"script":"<script> [776 bytes]","args":[{"enterText":"6/15/25","selector":{"id":"application-managebillings-display-component---billRunCalcResult--contractBillRunDate","interaction":{"idSuffix":"inner"}},"clearTextFirst":true,"interactionType":"ENTER_TEXT"}]}
RESULT: {"script":"<script> [776 bytes]","args":[{"enterText":"6/15/25","selector":{"id":"application-managebillings-display-component---billRunCalcResult--contractBillRunDate","interaction":{"idSuffix":"inner"}},"clearTextFirst":true,"interactionType":"ENTER_TEXT"}]}
COMMAND: POST /session/cd8dad5b6aa98ad5f0615c697c2d4924/element - {"using":"xpath","value":"//bdi[contains(text(), \"Trigger Calculation\")]"}
RESULT: {"using":"xpath","value":"//bdi[contains(text(), \"Trigger Calculation\")]"}
COMMAND: POST /session/cd8dad5b6aa98ad5f0615c697c2d4924/element/f.73A3896108CAD0F2DAB8766297627504.d.8FAC82C71A0B43A2339ADC809F4F289B.e.23985/click - {}
RESULT: {}
COMMAND: GET /session/cd8dad5b6aa98ad5f0615c697c2d4924/screenshot - {}
RESULT: {}
COMMAND: POST /session/cd8dad5b6aa98ad5f0615c697c2d4924/element - {"using":"xpath","value":"(//span[contains(@id, \"imgNav\")])[1]"}
RESULT: {"using":"xpath","value":"(//span[contains(@id, \"imgNav\")])[1]"}
COMMAND: POST /session/cd8dad5b6aa98ad5f0615c697c2d4924/element/f.73A3896108CAD0F2DAB8766297627504.d.8FAC82C71A0B43A2339ADC809F4F289B.e.23931/click - {}
RESULT: {}
COMMAND: GET /session/cd8dad5b6aa98ad5f0615c697c2d4924/screenshot - {}
RESULT: {}
COMMAND: POST /session/cd8dad5b6aa98ad5f0615c697c2d4924/element - {"using":"xpath","value":"//tr/td[6]/div[1]/span[1]/span[1]"}
RESULT: {"using":"xpath","value":"//tr/td[6]/div[1]/span[1]/span[1]"}
COMMAND: GET /session/cd8dad5b6aa98ad5f0615c697c2d4924/element/f.73A3896108CAD0F2DAB8766297627504.d.8FAC82C71A0B43A2339ADC809F4F289B.e.23991/text - {}
RESULT: {}
COMMAND: POST /session/cd8dad5b6aa98ad5f0615c697c2d4924/element - {"using":"xpath","value":"(//span[contains(@id, \"imgNav\")])[2]"}
RESULT: {"using":"xpath","value":"(//span[contains(@id, \"imgNav\")])[2]"}
COMMAND: POST /session/cd8dad5b6aa98ad5f0615c697c2d4924/element/f.73A3896108CAD0F2DAB8766297627504.d.8FAC82C71A0B43A2339ADC809F4F289B.e.23992/click - {}
RESULT: {}
COMMAND: POST /session/cd8dad5b6aa98ad5f0615c697c2d4924/element - {"using":"xpath","value":"//bdi[contains(text(), \"Business Confirm\")]"}
COMMAND: GET /session/cd8dad5b6aa98ad5f0615c697c2d4924/screenshot - {}
RESULT: {"using":"xpath","value":"//bdi[contains(text(), \"Business Confirm\")]"}
COMMAND: POST /session/cd8dad5b6aa98ad5f0615c697c2d4924/elements - {"using":"xpath","value":"//bdi[contains(text(), \"Business Confirm\")]"}
RESULT: {}
RESULT: {"using":"xpath","value":"//bdi[contains(text(), \"Business Confirm\")]"}
COMMAND: POST /session/cd8dad5b6aa98ad5f0615c697c2d4924/element - {"using":"xpath","value":"//bdi[contains(text(), \"Business Confirm\")]"}
RESULT: {"using":"xpath","value":"//bdi[contains(text(), \"Business Confirm\")]"}
COMMAND: POST /session/cd8dad5b6aa98ad5f0615c697c2d4924/element/f.73A3896108CAD0F2DAB8766297627504.d.8FAC82C71A0B43A2339ADC809F4F289B.e.24041/click - {}
RESULT: {}
COMMAND: POST /session/cd8dad5b6aa98ad5f0615c697c2d4924/element - {"using":"css selector","value":"#shell-header-logo"}
COMMAND: GET /session/cd8dad5b6aa98ad5f0615c697c2d4924/screenshot - {}
RESULT: {"using":"css selector","value":"#shell-header-logo"}
COMMAND: POST /session/cd8dad5b6aa98ad5f0615c697c2d4924/element/f.73A3896108CAD0F2DAB8766297627504.d.8FAC82C71A0B43A2339ADC809F4F289B.e.23721/click - {}
RESULT: {}
RESULT: {}
COMMAND: GET /session/cd8dad5b6aa98ad5f0615c697c2d4924/screenshot - {}
RESULT: {}
]]></system-out>
    </testcase>
    <testcase classname="chrome.136_0_7103_93.windows.Billing_Calculation_-_Time_based_(considering_transport_times)_US139738" name="Should transfer the billing all the way to completion" time="80.961">
      <system-out><![CDATA[
RESULT: undefined
COMMAND: POST /session/cd8dad5b6aa98ad5f0615c697c2d4924/element - {"using":"xpath","value":"//*[@id=\"__tile50\"]"}
RESULT: {"using":"xpath","value":"//*[@id=\"__tile50\"]"}
COMMAND: POST /session/cd8dad5b6aa98ad5f0615c697c2d4924/element/f.73A3896108CAD0F2DAB8766297627504.d.8FAC82C71A0B43A2339ADC809F4F289B.e.17735/click - {}
RESULT: {}
COMMAND: GET /session/cd8dad5b6aa98ad5f0615c697c2d4924/screenshot - {}
RESULT: {}
COMMAND: POST /session/cd8dad5b6aa98ad5f0615c697c2d4924/elements - {"using":"xpath","value":"//span[text()='Error']"}
RESULT: {"using":"xpath","value":"//span[text()='Error']"}
COMMAND: POST /session/cd8dad5b6aa98ad5f0615c697c2d4924/element - {"using":"xpath","value":"//input[contains(@id ,\"application-billingtransfer-display-component---billingWorkbench--smartFilterBar-btnBasicSearch\")]"}
RESULT: {"using":"xpath","value":"//input[contains(@id ,\"application-billingtransfer-display-component---billingWorkbench--smartFilterBar-btnBasicSearch\")]"}
COMMAND: POST /session/cd8dad5b6aa98ad5f0615c697c2d4924/elements - {"using":"xpath","value":"//input[contains(@id ,\"application-billingtransfer-display-component---billingWorkbench--smartFilterBar-btnBasicSearch\")]"}
RESULT: {"using":"xpath","value":"//input[contains(@id ,\"application-billingtransfer-display-component---billingWorkbench--smartFilterBar-btnBasicSearch\")]"}
COMMAND: POST /session/cd8dad5b6aa98ad5f0615c697c2d4924/execute/sync - {"script":"<script> [8489 bytes]","args":[{"element-6066-11e4-a52e-4f735466cecf":"f.73A3896108CAD0F2DAB8766297627504.d.8FAC82C71A0B43A2339ADC809F4F289B.e.24053","ELEMENT":"f.73A3896108CAD0F2DAB8766297627504.d.8FAC82C71A0B43A2339ADC809F4F289B.e.24053"}]}
RESULT: {"script":"<script> [8489 bytes]","args":[{"element-6066-11e4-a52e-4f735466cecf":"f.73A3896108CAD0F2DAB8766297627504.d.8FAC82C71A0B43A2339ADC809F4F289B.e.24053","ELEMENT":"f.73A3896108CAD0F2DAB8766297627504.d.8FAC82C71A0B43A2339ADC809F4F289B.e.24053"}]}
COMMAND: GET /session/cd8dad5b6aa98ad5f0615c697c2d4924/element/f.73A3896108CAD0F2DAB8766297627504.d.8FAC82C71A0B43A2339ADC809F4F289B.e.24053/enabled - {}
COMMAND: GET /session/cd8dad5b6aa98ad5f0615c697c2d4924/screenshot - {}
RESULT: {}
COMMAND: POST /session/cd8dad5b6aa98ad5f0615c697c2d4924/element/f.73A3896108CAD0F2DAB8766297627504.d.8FAC82C71A0B43A2339ADC809F4F289B.e.24053/click - {}
COMMAND: GET /session/cd8dad5b6aa98ad5f0615c697c2d4924/screenshot - {}
RESULT: {}
RESULT: {}
COMMAND: GET /session/cd8dad5b6aa98ad5f0615c697c2d4924/screenshot - {}
RESULT: {}
RESULT: {}
COMMAND: POST /session/cd8dad5b6aa98ad5f0615c697c2d4924/element/f.73A3896108CAD0F2DAB8766297627504.d.8FAC82C71A0B43A2339ADC809F4F289B.e.24053/clear - {}
RESULT: {}
COMMAND: POST /session/cd8dad5b6aa98ad5f0615c697c2d4924/element/f.73A3896108CAD0F2DAB8766297627504.d.8FAC82C71A0B43A2339ADC809F4F289B.e.24053/value - {"text":"10489"}
COMMAND: GET /session/cd8dad5b6aa98ad5f0615c697c2d4924/screenshot - {}
RESULT: {"text":"10489"}
COMMAND: POST /session/cd8dad5b6aa98ad5f0615c697c2d4924/actions - {"actions":[{"id":"action92","type":"key","parameters":{},"actions":[{"type":"keyDown","value":""},{"type":"pause","duration":10},{"type":"keyUp","value":""}]}]}
COMMAND: GET /session/cd8dad5b6aa98ad5f0615c697c2d4924/screenshot - {}
RESULT: {}
RESULT: {"actions":[{"id":"action92","type":"key","parameters":{},"actions":[{"type":"keyDown","value":""},{"type":"pause","duration":10},{"type":"keyUp","value":""}]}]}
COMMAND: GET /session/cd8dad5b6aa98ad5f0615c697c2d4924/screenshot - {}
RESULT: {}
RESULT: {}
COMMAND: POST /session/cd8dad5b6aa98ad5f0615c697c2d4924/element - {"using":"xpath","value":"//span[contains(@id ,\"application-billingtransfer-display-component---billingWorkbench--smartTableBillingRuns-header-inner\")]"}
RESULT: {"using":"xpath","value":"//span[contains(@id ,\"application-billingtransfer-display-component---billingWorkbench--smartTableBillingRuns-header-inner\")]"}
COMMAND: POST /session/cd8dad5b6aa98ad5f0615c697c2d4924/elements - {"using":"xpath","value":"//span[contains(@id ,\"application-billingtransfer-display-component---billingWorkbench--smartTableBillingRuns-header-inner\")]"}
RESULT: {"using":"xpath","value":"//span[contains(@id ,\"application-billingtransfer-display-component---billingWorkbench--smartTableBillingRuns-header-inner\")]"}
COMMAND: POST /session/cd8dad5b6aa98ad5f0615c697c2d4924/execute/sync - {"script":"<script> [56 bytes]","args":[{"element-6066-11e4-a52e-4f735466cecf":"f.73A3896108CAD0F2DAB8766297627504.d.8FAC82C71A0B43A2339ADC809F4F289B.e.24199","ELEMENT":"f.73A3896108CAD0F2DAB8766297627504.d.8FAC82C71A0B43A2339ADC809F4F289B.e.24199"}]}
RESULT: {"script":"<script> [56 bytes]","args":[{"element-6066-11e4-a52e-4f735466cecf":"f.73A3896108CAD0F2DAB8766297627504.d.8FAC82C71A0B43A2339ADC809F4F289B.e.24199","ELEMENT":"f.73A3896108CAD0F2DAB8766297627504.d.8FAC82C71A0B43A2339ADC809F4F289B.e.24199"}]}
COMMAND: POST /session/cd8dad5b6aa98ad5f0615c697c2d4924/element - {"using":"xpath","value":"//td[@aria-colindex=\"1\"]/div/div[contains(@class, \"sapMCbBg\")]"}
COMMAND: GET /session/cd8dad5b6aa98ad5f0615c697c2d4924/screenshot - {}
RESULT: {"using":"xpath","value":"//td[@aria-colindex=\"1\"]/div/div[contains(@class, \"sapMCbBg\")]"}
COMMAND: POST /session/cd8dad5b6aa98ad5f0615c697c2d4924/element/f.73A3896108CAD0F2DAB8766297627504.d.8FAC82C71A0B43A2339ADC809F4F289B.e.24190/click - {}
RESULT: {}
RESULT: {}
COMMAND: GET /session/cd8dad5b6aa98ad5f0615c697c2d4924/screenshot - {}
RESULT: {}
COMMAND: POST /session/cd8dad5b6aa98ad5f0615c697c2d4924/element - {"using":"xpath","value":"//bdi[contains(text(), \"Check\")]"}
RESULT: {"using":"xpath","value":"//bdi[contains(text(), \"Check\")]"}
COMMAND: POST /session/cd8dad5b6aa98ad5f0615c697c2d4924/element/f.73A3896108CAD0F2DAB8766297627504.d.8FAC82C71A0B43A2339ADC809F4F289B.e.24200/click - {}
RESULT: {}
COMMAND: GET /session/cd8dad5b6aa98ad5f0615c697c2d4924/screenshot - {}
RESULT: {}
COMMAND: POST /session/cd8dad5b6aa98ad5f0615c697c2d4924/element - {"using":"xpath","value":"//bdi[contains(text(), \"OK\")]"}
RESULT: {"using":"xpath","value":"//bdi[contains(text(), \"OK\")]"}
COMMAND: POST /session/cd8dad5b6aa98ad5f0615c697c2d4924/element/f.73A3896108CAD0F2DAB8766297627504.d.8FAC82C71A0B43A2339ADC809F4F289B.e.24203/click - {}
RESULT: {}
COMMAND: GET /session/cd8dad5b6aa98ad5f0615c697c2d4924/screenshot - {}
RESULT: {}
COMMAND: POST /session/cd8dad5b6aa98ad5f0615c697c2d4924/element - {"using":"xpath","value":"(//span[contains(text(), \"CO/SD checked\")]/parent::div/preceding-sibling::div/span)[1]"}
RESULT: {"using":"xpath","value":"(//span[contains(text(), \"CO/SD checked\")]/parent::div/preceding-sibling::div/span)[1]"}
COMMAND: POST /session/cd8dad5b6aa98ad5f0615c697c2d4924/element/f.73A3896108CAD0F2DAB8766297627504.d.8FAC82C71A0B43A2339ADC809F4F289B.e.24212/click - {}
RESULT: {}
COMMAND: GET /session/cd8dad5b6aa98ad5f0615c697c2d4924/screenshot - {}
RESULT: {}
COMMAND: POST /session/cd8dad5b6aa98ad5f0615c697c2d4924/element - {"using":"xpath","value":"//input[contains(@id ,\"application-billingtransfer-display-component---billingWorkbench--smartFilterBar-btnBasicSearch\")]"}
RESULT: {"using":"xpath","value":"//input[contains(@id ,\"application-billingtransfer-display-component---billingWorkbench--smartFilterBar-btnBasicSearch\")]"}
COMMAND: POST /session/cd8dad5b6aa98ad5f0615c697c2d4924/elements - {"using":"xpath","value":"//input[contains(@id ,\"application-billingtransfer-display-component---billingWorkbench--smartFilterBar-btnBasicSearch\")]"}
RESULT: {"using":"xpath","value":"//input[contains(@id ,\"application-billingtransfer-display-component---billingWorkbench--smartFilterBar-btnBasicSearch\")]"}
COMMAND: POST /session/cd8dad5b6aa98ad5f0615c697c2d4924/execute/sync - {"script":"<script> [8489 bytes]","args":[{"element-6066-11e4-a52e-4f735466cecf":"f.73A3896108CAD0F2DAB8766297627504.d.8FAC82C71A0B43A2339ADC809F4F289B.e.24053","ELEMENT":"f.73A3896108CAD0F2DAB8766297627504.d.8FAC82C71A0B43A2339ADC809F4F289B.e.24053"}]}
RESULT: {"script":"<script> [8489 bytes]","args":[{"element-6066-11e4-a52e-4f735466cecf":"f.73A3896108CAD0F2DAB8766297627504.d.8FAC82C71A0B43A2339ADC809F4F289B.e.24053","ELEMENT":"f.73A3896108CAD0F2DAB8766297627504.d.8FAC82C71A0B43A2339ADC809F4F289B.e.24053"}]}
COMMAND: GET /session/cd8dad5b6aa98ad5f0615c697c2d4924/element/f.73A3896108CAD0F2DAB8766297627504.d.8FAC82C71A0B43A2339ADC809F4F289B.e.24053/enabled - {}
COMMAND: GET /session/cd8dad5b6aa98ad5f0615c697c2d4924/screenshot - {}
RESULT: {}
COMMAND: POST /session/cd8dad5b6aa98ad5f0615c697c2d4924/element/f.73A3896108CAD0F2DAB8766297627504.d.8FAC82C71A0B43A2339ADC809F4F289B.e.24053/click - {}
COMMAND: GET /session/cd8dad5b6aa98ad5f0615c697c2d4924/screenshot - {}
RESULT: {}
RESULT: {}
COMMAND: GET /session/cd8dad5b6aa98ad5f0615c697c2d4924/screenshot - {}
RESULT: {}
RESULT: {}
COMMAND: POST /session/cd8dad5b6aa98ad5f0615c697c2d4924/element/f.73A3896108CAD0F2DAB8766297627504.d.8FAC82C71A0B43A2339ADC809F4F289B.e.24053/clear - {}
RESULT: {}
COMMAND: POST /session/cd8dad5b6aa98ad5f0615c697c2d4924/element/f.73A3896108CAD0F2DAB8766297627504.d.8FAC82C71A0B43A2339ADC809F4F289B.e.24053/value - {"text":"10489"}
COMMAND: GET /session/cd8dad5b6aa98ad5f0615c697c2d4924/screenshot - {}
RESULT: {"text":"10489"}
COMMAND: POST /session/cd8dad5b6aa98ad5f0615c697c2d4924/actions - {"actions":[{"id":"action93","type":"key","parameters":{},"actions":[{"type":"keyDown","value":""},{"type":"pause","duration":10},{"type":"keyUp","value":""}]}]}
COMMAND: GET /session/cd8dad5b6aa98ad5f0615c697c2d4924/screenshot - {}
RESULT: {}
RESULT: {"actions":[{"id":"action93","type":"key","parameters":{},"actions":[{"type":"keyDown","value":""},{"type":"pause","duration":10},{"type":"keyUp","value":""}]}]}
COMMAND: GET /session/cd8dad5b6aa98ad5f0615c697c2d4924/screenshot - {}
RESULT: {}
RESULT: {}
COMMAND: POST /session/cd8dad5b6aa98ad5f0615c697c2d4924/element - {"using":"xpath","value":"//span[contains(@id ,\"application-billingtransfer-display-component---billingWorkbench--smartTableBillingRuns-header-inner\")]"}
RESULT: {"using":"xpath","value":"//span[contains(@id ,\"application-billingtransfer-display-component---billingWorkbench--smartTableBillingRuns-header-inner\")]"}
COMMAND: POST /session/cd8dad5b6aa98ad5f0615c697c2d4924/elements - {"using":"xpath","value":"//span[contains(@id ,\"application-billingtransfer-display-component---billingWorkbench--smartTableBillingRuns-header-inner\")]"}
RESULT: {"using":"xpath","value":"//span[contains(@id ,\"application-billingtransfer-display-component---billingWorkbench--smartTableBillingRuns-header-inner\")]"}
COMMAND: POST /session/cd8dad5b6aa98ad5f0615c697c2d4924/execute/sync - {"script":"<script> [56 bytes]","args":[{"element-6066-11e4-a52e-4f735466cecf":"f.73A3896108CAD0F2DAB8766297627504.d.8FAC82C71A0B43A2339ADC809F4F289B.e.24199","ELEMENT":"f.73A3896108CAD0F2DAB8766297627504.d.8FAC82C71A0B43A2339ADC809F4F289B.e.24199"}]}
RESULT: {"script":"<script> [56 bytes]","args":[{"element-6066-11e4-a52e-4f735466cecf":"f.73A3896108CAD0F2DAB8766297627504.d.8FAC82C71A0B43A2339ADC809F4F289B.e.24199","ELEMENT":"f.73A3896108CAD0F2DAB8766297627504.d.8FAC82C71A0B43A2339ADC809F4F289B.e.24199"}]}
COMMAND: POST /session/cd8dad5b6aa98ad5f0615c697c2d4924/element - {"using":"xpath","value":"//td[@aria-colindex=\"1\"]/div/div[contains(@class, \"sapMCbBg\")]"}
COMMAND: GET /session/cd8dad5b6aa98ad5f0615c697c2d4924/screenshot - {}
RESULT: {"using":"xpath","value":"//td[@aria-colindex=\"1\"]/div/div[contains(@class, \"sapMCbBg\")]"}
COMMAND: POST /session/cd8dad5b6aa98ad5f0615c697c2d4924/element/f.73A3896108CAD0F2DAB8766297627504.d.8FAC82C71A0B43A2339ADC809F4F289B.e.24215/click - {}
RESULT: {}
RESULT: {}
COMMAND: GET /session/cd8dad5b6aa98ad5f0615c697c2d4924/screenshot - {}
RESULT: {}
COMMAND: POST /session/cd8dad5b6aa98ad5f0615c697c2d4924/element - {"using":"xpath","value":"//bdi[text()=\"Transfer\"]"}
RESULT: {"using":"xpath","value":"//bdi[text()=\"Transfer\"]"}
COMMAND: POST /session/cd8dad5b6aa98ad5f0615c697c2d4924/element/f.73A3896108CAD0F2DAB8766297627504.d.8FAC82C71A0B43A2339ADC809F4F289B.e.24216/click - {}
RESULT: {}
COMMAND: GET /session/cd8dad5b6aa98ad5f0615c697c2d4924/screenshot - {}
RESULT: {}
COMMAND: POST /session/cd8dad5b6aa98ad5f0615c697c2d4924/element - {"using":"xpath","value":"//bdi[contains(text(), \"OK\")]"}
RESULT: {"using":"xpath","value":"//bdi[contains(text(), \"OK\")]"}
COMMAND: POST /session/cd8dad5b6aa98ad5f0615c697c2d4924/element/f.73A3896108CAD0F2DAB8766297627504.d.8FAC82C71A0B43A2339ADC809F4F289B.e.24219/click - {}
RESULT: {}
COMMAND: GET /session/cd8dad5b6aa98ad5f0615c697c2d4924/screenshot - {}
RESULT: {}
COMMAND: POST /session/cd8dad5b6aa98ad5f0615c697c2d4924/element - {"using":"xpath","value":"(//span[contains(text(), \"Completed\")]/parent::div/preceding-sibling::div/span)[1]"}
RESULT: {"using":"xpath","value":"(//span[contains(text(), \"Completed\")]/parent::div/preceding-sibling::div/span)[1]"}
COMMAND: POST /session/cd8dad5b6aa98ad5f0615c697c2d4924/element/f.73A3896108CAD0F2DAB8766297627504.d.8FAC82C71A0B43A2339ADC809F4F289B.e.24227/click - {}
RESULT: {}
COMMAND: POST /session/cd8dad5b6aa98ad5f0615c697c2d4924/element - {"using":"xpath","value":"//input[contains(@id ,\"application-billingtransfer-display-component---billingWorkbench--smartFilterBar-btnBasicSearch\")]"}
COMMAND: GET /session/cd8dad5b6aa98ad5f0615c697c2d4924/screenshot - {}
RESULT: {"using":"xpath","value":"//input[contains(@id ,\"application-billingtransfer-display-component---billingWorkbench--smartFilterBar-btnBasicSearch\")]"}
COMMAND: POST /session/cd8dad5b6aa98ad5f0615c697c2d4924/elements - {"using":"xpath","value":"//input[contains(@id ,\"application-billingtransfer-display-component---billingWorkbench--smartFilterBar-btnBasicSearch\")]"}
RESULT: {}
RESULT: {"using":"xpath","value":"//input[contains(@id ,\"application-billingtransfer-display-component---billingWorkbench--smartFilterBar-btnBasicSearch\")]"}
COMMAND: POST /session/cd8dad5b6aa98ad5f0615c697c2d4924/execute/sync - {"script":"<script> [8489 bytes]","args":[{"element-6066-11e4-a52e-4f735466cecf":"f.73A3896108CAD0F2DAB8766297627504.d.8FAC82C71A0B43A2339ADC809F4F289B.e.24053","ELEMENT":"f.73A3896108CAD0F2DAB8766297627504.d.8FAC82C71A0B43A2339ADC809F4F289B.e.24053"}]}
RESULT: {"script":"<script> [8489 bytes]","args":[{"element-6066-11e4-a52e-4f735466cecf":"f.73A3896108CAD0F2DAB8766297627504.d.8FAC82C71A0B43A2339ADC809F4F289B.e.24053","ELEMENT":"f.73A3896108CAD0F2DAB8766297627504.d.8FAC82C71A0B43A2339ADC809F4F289B.e.24053"}]}
COMMAND: GET /session/cd8dad5b6aa98ad5f0615c697c2d4924/element/f.73A3896108CAD0F2DAB8766297627504.d.8FAC82C71A0B43A2339ADC809F4F289B.e.24053/enabled - {}
COMMAND: GET /session/cd8dad5b6aa98ad5f0615c697c2d4924/screenshot - {}
RESULT: {}
COMMAND: POST /session/cd8dad5b6aa98ad5f0615c697c2d4924/element/f.73A3896108CAD0F2DAB8766297627504.d.8FAC82C71A0B43A2339ADC809F4F289B.e.24053/click - {}
COMMAND: GET /session/cd8dad5b6aa98ad5f0615c697c2d4924/screenshot - {}
RESULT: {}
RESULT: {}
COMMAND: GET /session/cd8dad5b6aa98ad5f0615c697c2d4924/screenshot - {}
RESULT: {}
RESULT: {}
COMMAND: POST /session/cd8dad5b6aa98ad5f0615c697c2d4924/element/f.73A3896108CAD0F2DAB8766297627504.d.8FAC82C71A0B43A2339ADC809F4F289B.e.24053/clear - {}
RESULT: {}
COMMAND: POST /session/cd8dad5b6aa98ad5f0615c697c2d4924/element/f.73A3896108CAD0F2DAB8766297627504.d.8FAC82C71A0B43A2339ADC809F4F289B.e.24053/value - {"text":"10489"}
COMMAND: GET /session/cd8dad5b6aa98ad5f0615c697c2d4924/screenshot - {}
RESULT: {"text":"10489"}
COMMAND: POST /session/cd8dad5b6aa98ad5f0615c697c2d4924/actions - {"actions":[{"id":"action94","type":"key","parameters":{},"actions":[{"type":"keyDown","value":""},{"type":"pause","duration":10},{"type":"keyUp","value":""}]}]}
COMMAND: GET /session/cd8dad5b6aa98ad5f0615c697c2d4924/screenshot - {}
RESULT: {}
RESULT: {"actions":[{"id":"action94","type":"key","parameters":{},"actions":[{"type":"keyDown","value":""},{"type":"pause","duration":10},{"type":"keyUp","value":""}]}]}
COMMAND: GET /session/cd8dad5b6aa98ad5f0615c697c2d4924/screenshot - {}
RESULT: {}
RESULT: {}
COMMAND: POST /session/cd8dad5b6aa98ad5f0615c697c2d4924/element - {"using":"xpath","value":"//span[contains(@id ,\"application-billingtransfer-display-component---billingWorkbench--smartTableBillingRuns-header-inner\")]"}
RESULT: {"using":"xpath","value":"//span[contains(@id ,\"application-billingtransfer-display-component---billingWorkbench--smartTableBillingRuns-header-inner\")]"}
COMMAND: POST /session/cd8dad5b6aa98ad5f0615c697c2d4924/elements - {"using":"xpath","value":"//span[contains(@id ,\"application-billingtransfer-display-component---billingWorkbench--smartTableBillingRuns-header-inner\")]"}
RESULT: {"using":"xpath","value":"//span[contains(@id ,\"application-billingtransfer-display-component---billingWorkbench--smartTableBillingRuns-header-inner\")]"}
COMMAND: POST /session/cd8dad5b6aa98ad5f0615c697c2d4924/execute/sync - {"script":"<script> [56 bytes]","args":[{"element-6066-11e4-a52e-4f735466cecf":"f.73A3896108CAD0F2DAB8766297627504.d.8FAC82C71A0B43A2339ADC809F4F289B.e.24199","ELEMENT":"f.73A3896108CAD0F2DAB8766297627504.d.8FAC82C71A0B43A2339ADC809F4F289B.e.24199"}]}
RESULT: {"script":"<script> [56 bytes]","args":[{"element-6066-11e4-a52e-4f735466cecf":"f.73A3896108CAD0F2DAB8766297627504.d.8FAC82C71A0B43A2339ADC809F4F289B.e.24199","ELEMENT":"f.73A3896108CAD0F2DAB8766297627504.d.8FAC82C71A0B43A2339ADC809F4F289B.e.24199"}]}
COMMAND: GET /session/cd8dad5b6aa98ad5f0615c697c2d4924/screenshot - {}
RESULT: {}
COMMAND: POST /session/cd8dad5b6aa98ad5f0615c697c2d4924/execute/sync - {"script":"<script> [56 bytes]","args":[{"element-6066-11e4-a52e-4f735466cecf":"f.73A3896108CAD0F2DAB8766297627504.d.8FAC82C71A0B43A2339ADC809F4F289B.e.24199","ELEMENT":"f.73A3896108CAD0F2DAB8766297627504.d.8FAC82C71A0B43A2339ADC809F4F289B.e.24199"}]}
RESULT: {"script":"<script> [56 bytes]","args":[{"element-6066-11e4-a52e-4f735466cecf":"f.73A3896108CAD0F2DAB8766297627504.d.8FAC82C71A0B43A2339ADC809F4F289B.e.24199","ELEMENT":"f.73A3896108CAD0F2DAB8766297627504.d.8FAC82C71A0B43A2339ADC809F4F289B.e.24199"}]}
COMMAND: GET /session/cd8dad5b6aa98ad5f0615c697c2d4924/screenshot - {}
RESULT: {}
COMMAND: POST /session/cd8dad5b6aa98ad5f0615c697c2d4924/execute/sync - {"script":"<script> [56 bytes]","args":[{"element-6066-11e4-a52e-4f735466cecf":"f.73A3896108CAD0F2DAB8766297627504.d.8FAC82C71A0B43A2339ADC809F4F289B.e.24199","ELEMENT":"f.73A3896108CAD0F2DAB8766297627504.d.8FAC82C71A0B43A2339ADC809F4F289B.e.24199"}]}
RESULT: {"script":"<script> [56 bytes]","args":[{"element-6066-11e4-a52e-4f735466cecf":"f.73A3896108CAD0F2DAB8766297627504.d.8FAC82C71A0B43A2339ADC809F4F289B.e.24199","ELEMENT":"f.73A3896108CAD0F2DAB8766297627504.d.8FAC82C71A0B43A2339ADC809F4F289B.e.24199"}]}
COMMAND: GET /session/cd8dad5b6aa98ad5f0615c697c2d4924/screenshot - {}
RESULT: {}
COMMAND: POST /session/cd8dad5b6aa98ad5f0615c697c2d4924/execute/sync - {"script":"<script> [56 bytes]","args":[{"element-6066-11e4-a52e-4f735466cecf":"f.73A3896108CAD0F2DAB8766297627504.d.8FAC82C71A0B43A2339ADC809F4F289B.e.24199","ELEMENT":"f.73A3896108CAD0F2DAB8766297627504.d.8FAC82C71A0B43A2339ADC809F4F289B.e.24199"}]}
RESULT: {"script":"<script> [56 bytes]","args":[{"element-6066-11e4-a52e-4f735466cecf":"f.73A3896108CAD0F2DAB8766297627504.d.8FAC82C71A0B43A2339ADC809F4F289B.e.24199","ELEMENT":"f.73A3896108CAD0F2DAB8766297627504.d.8FAC82C71A0B43A2339ADC809F4F289B.e.24199"}]}
COMMAND: GET /session/cd8dad5b6aa98ad5f0615c697c2d4924/screenshot - {}
RESULT: {}
COMMAND: POST /session/cd8dad5b6aa98ad5f0615c697c2d4924/execute/sync - {"script":"<script> [56 bytes]","args":[{"element-6066-11e4-a52e-4f735466cecf":"f.73A3896108CAD0F2DAB8766297627504.d.8FAC82C71A0B43A2339ADC809F4F289B.e.24199","ELEMENT":"f.73A3896108CAD0F2DAB8766297627504.d.8FAC82C71A0B43A2339ADC809F4F289B.e.24199"}]}
RESULT: {"script":"<script> [56 bytes]","args":[{"element-6066-11e4-a52e-4f735466cecf":"f.73A3896108CAD0F2DAB8766297627504.d.8FAC82C71A0B43A2339ADC809F4F289B.e.24199","ELEMENT":"f.73A3896108CAD0F2DAB8766297627504.d.8FAC82C71A0B43A2339ADC809F4F289B.e.24199"}]}
COMMAND: POST /session/cd8dad5b6aa98ad5f0615c697c2d4924/element - {"using":"css selector","value":"#shell-header-logo"}
COMMAND: GET /session/cd8dad5b6aa98ad5f0615c697c2d4924/screenshot - {}
RESULT: {}
RESULT: {"using":"css selector","value":"#shell-header-logo"}
COMMAND: POST /session/cd8dad5b6aa98ad5f0615c697c2d4924/element/f.73A3896108CAD0F2DAB8766297627504.d.8FAC82C71A0B43A2339ADC809F4F289B.e.24051/click - {}
RESULT: {}
COMMAND: GET /session/cd8dad5b6aa98ad5f0615c697c2d4924/screenshot - {}
RESULT: {}
]]></system-out>
    </testcase>
    <testcase classname="chrome.136_0_7103_93.windows.Billing_Calculation_-_Time_based_(considering_transport_times)_US139738" name="Should navigate to the contract item check the billed until field value" time="53.363">
      <system-out><![CDATA[
RESULT: undefined
COMMAND: POST /session/cd8dad5b6aa98ad5f0615c697c2d4924/element - {"using":"xpath","value":"//*[@id=\"__tile131\"]"}
RESULT: {"using":"xpath","value":"//*[@id=\"__tile131\"]"}
COMMAND: POST /session/cd8dad5b6aa98ad5f0615c697c2d4924/element/f.73A3896108CAD0F2DAB8766297627504.d.8FAC82C71A0B43A2339ADC809F4F289B.e.17710/click - {}
RESULT: {}
COMMAND: GET /session/cd8dad5b6aa98ad5f0615c697c2d4924/screenshot - {}
RESULT: {}
COMMAND: POST /session/cd8dad5b6aa98ad5f0615c697c2d4924/elements - {"using":"xpath","value":"//span[text()='Error']"}
RESULT: {"using":"xpath","value":"//span[text()='Error']"}
COMMAND: POST /session/cd8dad5b6aa98ad5f0615c697c2d4924/element - {"using":"xpath","value":"//button[@data-kt=\"addButton\"]"}
RESULT: {"using":"xpath","value":"//button[@data-kt=\"addButton\"]"}
COMMAND: POST /session/cd8dad5b6aa98ad5f0615c697c2d4924/elements - {"using":"xpath","value":"//button[@data-kt=\"addButton\"]"}
RESULT: {"using":"xpath","value":"//button[@data-kt=\"addButton\"]"}
COMMAND: POST /session/cd8dad5b6aa98ad5f0615c697c2d4924/execute/sync - {"script":"<script> [8489 bytes]","args":[{"element-6066-11e4-a52e-4f735466cecf":"f.73A3896108CAD0F2DAB8766297627504.d.8FAC82C71A0B43A2339ADC809F4F289B.e.24284","ELEMENT":"f.73A3896108CAD0F2DAB8766297627504.d.8FAC82C71A0B43A2339ADC809F4F289B.e.24284"}]}
RESULT: {"script":"<script> [8489 bytes]","args":[{"element-6066-11e4-a52e-4f735466cecf":"f.73A3896108CAD0F2DAB8766297627504.d.8FAC82C71A0B43A2339ADC809F4F289B.e.24284","ELEMENT":"f.73A3896108CAD0F2DAB8766297627504.d.8FAC82C71A0B43A2339ADC809F4F289B.e.24284"}]}
COMMAND: GET /session/cd8dad5b6aa98ad5f0615c697c2d4924/element/f.73A3896108CAD0F2DAB8766297627504.d.8FAC82C71A0B43A2339ADC809F4F289B.e.24284/enabled - {}
COMMAND: GET /session/cd8dad5b6aa98ad5f0615c697c2d4924/screenshot - {}
RESULT: {}
COMMAND: POST /session/cd8dad5b6aa98ad5f0615c697c2d4924/execute/sync - {"script":"<script> [8489 bytes]","args":[{"element-6066-11e4-a52e-4f735466cecf":"f.73A3896108CAD0F2DAB8766297627504.d.8FAC82C71A0B43A2339ADC809F4F289B.e.24284","ELEMENT":"f.73A3896108CAD0F2DAB8766297627504.d.8FAC82C71A0B43A2339ADC809F4F289B.e.24284"}]}
COMMAND: GET /session/cd8dad5b6aa98ad5f0615c697c2d4924/screenshot - {}
RESULT: {}
RESULT: {"script":"<script> [8489 bytes]","args":[{"element-6066-11e4-a52e-4f735466cecf":"f.73A3896108CAD0F2DAB8766297627504.d.8FAC82C71A0B43A2339ADC809F4F289B.e.24284","ELEMENT":"f.73A3896108CAD0F2DAB8766297627504.d.8FAC82C71A0B43A2339ADC809F4F289B.e.24284"}]}
COMMAND: POST /session/cd8dad5b6aa98ad5f0615c697c2d4924/execute/sync - {"script":"<script> [5351 bytes]","args":[{"element-6066-11e4-a52e-4f735466cecf":"f.73A3896108CAD0F2DAB8766297627504.d.8FAC82C71A0B43A2339ADC809F4F289B.e.24284","ELEMENT":"f.73A3896108CAD0F2DAB8766297627504.d.8FAC82C71A0B43A2339ADC809F4F289B.e.24284"}]}
COMMAND: GET /session/cd8dad5b6aa98ad5f0615c697c2d4924/screenshot - {}
RESULT: {}
RESULT: {"script":"<script> [5351 bytes]","args":[{"element-6066-11e4-a52e-4f735466cecf":"f.73A3896108CAD0F2DAB8766297627504.d.8FAC82C71A0B43A2339ADC809F4F289B.e.24284","ELEMENT":"f.73A3896108CAD0F2DAB8766297627504.d.8FAC82C71A0B43A2339ADC809F4F289B.e.24284"}]}
COMMAND: POST /session/cd8dad5b6aa98ad5f0615c697c2d4924/element - {"using":"xpath","value":"//input[contains(@id ,\"smartContractFilterBar-btnBasicSearch-I\")]"}
COMMAND: GET /session/cd8dad5b6aa98ad5f0615c697c2d4924/screenshot - {}
RESULT: {}
RESULT: {"using":"xpath","value":"//input[contains(@id ,\"smartContractFilterBar-btnBasicSearch-I\")]"}
COMMAND: POST /session/cd8dad5b6aa98ad5f0615c697c2d4924/elements - {"using":"xpath","value":"//input[contains(@id ,\"smartContractFilterBar-btnBasicSearch-I\")]"}
RESULT: {}
RESULT: {"using":"xpath","value":"//input[contains(@id ,\"smartContractFilterBar-btnBasicSearch-I\")]"}
COMMAND: POST /session/cd8dad5b6aa98ad5f0615c697c2d4924/execute/sync - {"script":"<script> [8489 bytes]","args":[{"element-6066-11e4-a52e-4f735466cecf":"f.73A3896108CAD0F2DAB8766297627504.d.8FAC82C71A0B43A2339ADC809F4F289B.e.24245","ELEMENT":"f.73A3896108CAD0F2DAB8766297627504.d.8FAC82C71A0B43A2339ADC809F4F289B.e.24245"}]}
RESULT: {"script":"<script> [8489 bytes]","args":[{"element-6066-11e4-a52e-4f735466cecf":"f.73A3896108CAD0F2DAB8766297627504.d.8FAC82C71A0B43A2339ADC809F4F289B.e.24245","ELEMENT":"f.73A3896108CAD0F2DAB8766297627504.d.8FAC82C71A0B43A2339ADC809F4F289B.e.24245"}]}
COMMAND: GET /session/cd8dad5b6aa98ad5f0615c697c2d4924/element/f.73A3896108CAD0F2DAB8766297627504.d.8FAC82C71A0B43A2339ADC809F4F289B.e.24245/enabled - {}
COMMAND: GET /session/cd8dad5b6aa98ad5f0615c697c2d4924/screenshot - {}
RESULT: {}
COMMAND: POST /session/cd8dad5b6aa98ad5f0615c697c2d4924/element/f.73A3896108CAD0F2DAB8766297627504.d.8FAC82C71A0B43A2339ADC809F4F289B.e.24245/clear - {}
COMMAND: GET /session/cd8dad5b6aa98ad5f0615c697c2d4924/screenshot - {}
RESULT: {}
RESULT: {}
COMMAND: POST /session/cd8dad5b6aa98ad5f0615c697c2d4924/element/f.73A3896108CAD0F2DAB8766297627504.d.8FAC82C71A0B43A2339ADC809F4F289B.e.24245/value - {"text":"10489"}
COMMAND: GET /session/cd8dad5b6aa98ad5f0615c697c2d4924/screenshot - {}
RESULT: {}
RESULT: {"text":"10489"}
COMMAND: GET /session/cd8dad5b6aa98ad5f0615c697c2d4924/screenshot - {}
RESULT: {}
RESULT: {}
COMMAND: POST /session/cd8dad5b6aa98ad5f0615c697c2d4924/actions - {"actions":[{"id":"action95","type":"key","parameters":{},"actions":[{"type":"keyDown","value":""},{"type":"pause","duration":10},{"type":"keyUp","value":""}]}]}
RESULT: {"actions":[{"id":"action95","type":"key","parameters":{},"actions":[{"type":"keyDown","value":""},{"type":"pause","duration":10},{"type":"keyUp","value":""}]}]}
COMMAND: GET /session/cd8dad5b6aa98ad5f0615c697c2d4924/screenshot - {}
RESULT: {}
COMMAND: POST /session/cd8dad5b6aa98ad5f0615c697c2d4924/element - {"using":"xpath","value":"//span[contains(@id, \"masterListContractsSmartTable-header-inner\")]"}
RESULT: {"using":"xpath","value":"//span[contains(@id, \"masterListContractsSmartTable-header-inner\")]"}
COMMAND: POST /session/cd8dad5b6aa98ad5f0615c697c2d4924/elements - {"using":"xpath","value":"//span[contains(@id, \"masterListContractsSmartTable-header-inner\")]"}
RESULT: {"using":"xpath","value":"//span[contains(@id, \"masterListContractsSmartTable-header-inner\")]"}
COMMAND: POST /session/cd8dad5b6aa98ad5f0615c697c2d4924/execute/sync - {"script":"<script> [56 bytes]","args":[{"element-6066-11e4-a52e-4f735466cecf":"f.73A3896108CAD0F2DAB8766297627504.d.8FAC82C71A0B43A2339ADC809F4F289B.e.24351","ELEMENT":"f.73A3896108CAD0F2DAB8766297627504.d.8FAC82C71A0B43A2339ADC809F4F289B.e.24351"}]}
RESULT: {"script":"<script> [56 bytes]","args":[{"element-6066-11e4-a52e-4f735466cecf":"f.73A3896108CAD0F2DAB8766297627504.d.8FAC82C71A0B43A2339ADC809F4F289B.e.24351","ELEMENT":"f.73A3896108CAD0F2DAB8766297627504.d.8FAC82C71A0B43A2339ADC809F4F289B.e.24351"}]}
COMMAND: POST /session/cd8dad5b6aa98ad5f0615c697c2d4924/element - {"using":"xpath","value":"(//span[contains(@id, \"imgNav\")])[1]"}
COMMAND: GET /session/cd8dad5b6aa98ad5f0615c697c2d4924/screenshot - {}
RESULT: {"using":"xpath","value":"(//span[contains(@id, \"imgNav\")])[1]"}
COMMAND: POST /session/cd8dad5b6aa98ad5f0615c697c2d4924/element/f.73A3896108CAD0F2DAB8766297627504.d.8FAC82C71A0B43A2339ADC809F4F289B.e.24350/click - {}
RESULT: {}
RESULT: {}
COMMAND: GET /session/cd8dad5b6aa98ad5f0615c697c2d4924/screenshot - {}
RESULT: {}
COMMAND: POST /session/cd8dad5b6aa98ad5f0615c697c2d4924/element - {"using":"xpath","value":"//tr[@data-kt=\"productsColumnListItem\"]//td//span[contains(@id, \"imgNav\")][1]"}
RESULT: {"using":"xpath","value":"//tr[@data-kt=\"productsColumnListItem\"]//td//span[contains(@id, \"imgNav\")][1]"}
COMMAND: POST /session/cd8dad5b6aa98ad5f0615c697c2d4924/element/f.73A3896108CAD0F2DAB8766297627504.d.8FAC82C71A0B43A2339ADC809F4F289B.e.24401/click - {}
RESULT: {}
COMMAND: GET /session/cd8dad5b6aa98ad5f0615c697c2d4924/screenshot - {}
RESULT: {}
COMMAND: POST /session/cd8dad5b6aa98ad5f0615c697c2d4924/element - {"using":"xpath","value":"//section[contains(@id, \"application-managecontracts-display-component---BillingItem--ObjectPageLayout-OPHeaderContent\")]/div/div/div/div/div[2]/div/div[2]/span"}
RESULT: {"using":"xpath","value":"//section[contains(@id, \"application-managecontracts-display-component---BillingItem--ObjectPageLayout-OPHeaderContent\")]/div/div/div/div/div[2]/div/div[2]/span"}
COMMAND: POST /session/cd8dad5b6aa98ad5f0615c697c2d4924/execute/sync - {"script":"<script> [56 bytes]","args":[{"element-6066-11e4-a52e-4f735466cecf":"f.73A3896108CAD0F2DAB8766297627504.d.8FAC82C71A0B43A2339ADC809F4F289B.e.24529","ELEMENT":"f.73A3896108CAD0F2DAB8766297627504.d.8FAC82C71A0B43A2339ADC809F4F289B.e.24529"}]}
RESULT: {"script":"<script> [56 bytes]","args":[{"element-6066-11e4-a52e-4f735466cecf":"f.73A3896108CAD0F2DAB8766297627504.d.8FAC82C71A0B43A2339ADC809F4F289B.e.24529","ELEMENT":"f.73A3896108CAD0F2DAB8766297627504.d.8FAC82C71A0B43A2339ADC809F4F289B.e.24529"}]}
COMMAND: POST /session/cd8dad5b6aa98ad5f0615c697c2d4924/element - {"using":"xpath","value":"//table[contains(@id, \"application-managecontracts-display-component---BillingItem--billingList-listUl\")]//td//*[contains(text(), \"final billed\")]"}
COMMAND: GET /session/cd8dad5b6aa98ad5f0615c697c2d4924/screenshot - {}
RESULT: {"using":"xpath","value":"//table[contains(@id, \"application-managecontracts-display-component---BillingItem--billingList-listUl\")]//td//*[contains(text(), \"final billed\")]"}
COMMAND: POST /session/cd8dad5b6aa98ad5f0615c697c2d4924/execute/sync - {"script":"<script> [56 bytes]","args":[{"element-6066-11e4-a52e-4f735466cecf":"f.73A3896108CAD0F2DAB8766297627504.d.8FAC82C71A0B43A2339ADC809F4F289B.e.24530","ELEMENT":"f.73A3896108CAD0F2DAB8766297627504.d.8FAC82C71A0B43A2339ADC809F4F289B.e.24530"}]}
RESULT: {}
RESULT: {"script":"<script> [56 bytes]","args":[{"element-6066-11e4-a52e-4f735466cecf":"f.73A3896108CAD0F2DAB8766297627504.d.8FAC82C71A0B43A2339ADC809F4F289B.e.24530","ELEMENT":"f.73A3896108CAD0F2DAB8766297627504.d.8FAC82C71A0B43A2339ADC809F4F289B.e.24530"}]}
COMMAND: POST /session/cd8dad5b6aa98ad5f0615c697c2d4924/element - {"using":"css selector","value":"#shell-header-logo"}
COMMAND: GET /session/cd8dad5b6aa98ad5f0615c697c2d4924/screenshot - {}
RESULT: {"using":"css selector","value":"#shell-header-logo"}
COMMAND: POST /session/cd8dad5b6aa98ad5f0615c697c2d4924/element/f.73A3896108CAD0F2DAB8766297627504.d.8FAC82C71A0B43A2339ADC809F4F289B.e.24236/click - {}
RESULT: {}
RESULT: {}
COMMAND: GET /session/cd8dad5b6aa98ad5f0615c697c2d4924/screenshot - {}
RESULT: {}
COMMAND: DELETE /session/cd8dad5b6aa98ad5f0615c697c2d4924 - {}
RESULT: {}
]]></system-out>
    </testcase>
  </testsuite>
</testsuites>