<?xml version="1.0" encoding="UTF-8"?>
<testsuites tests="48" failures="0" errors="0" skipped="0">
  <testsuite timestamp="2025-05-18T17:22:25" time="1030.843" tests="12" failures="0" errors="0" skipped="0">
    <properties>
      <property name="specId" value="0" />
      <property name="suiteName" value="Billing Transfer - Master data &amp; Intercompany US127250" />
      <property name="capabilities" value="chrome.136_0_7103_93.windows" />
      <property name="file" value="file:///D:/a/1/s/test/specs/BTS/billing-transfer-intercompany.spec.js" />
    </properties>
    <testcase classname="chrome.136_0_7103_93.windows.Billing_Transfer_-_Master_data_&amp;_Intercompany_US127250" name="Should create a new yard" time="115.498">
      <system-out><![CDATA[
COMMAND: POST /session/673ee8da6ae2a3036ac170eb6294f89d/window/fullscreen - {}
RESULT: {}
COMMAND: POST /session/673ee8da6ae2a3036ac170eb6294f89d/execute/async - {"script":"<script> [1562 bytes]","args":[{"selector":{"controlType":"sap.m.GenericTile","properties":{"header":"Manage Yards"}},"wdio_ui5_key":"sapm.GenericTile{\"header\":\"Manage Yards\"}"}]}
RESULT: {"script":"<script> [1562 bytes]","args":[{"selector":{"controlType":"sap.m.GenericTile","properties":{"header":"Manage Yards"}},"wdio_ui5_key":"sapm.GenericTile{\"header\":\"Manage Yards\"}"}]}
RESULT: undefined
COMMAND: POST /session/673ee8da6ae2a3036ac170eb6294f89d/element - {"using":"xpath","value":"//*[@id=\"__tile41\"]"}
RESULT: {"using":"xpath","value":"//*[@id=\"__tile41\"]"}
COMMAND: POST /session/673ee8da6ae2a3036ac170eb6294f89d/element/f.D876D0B9E4FB8B9E585720C2FE40BD5D.d.BA4F230CB385B76271E6576F81815264.e.167/click - {}
RESULT: {}
COMMAND: GET /session/673ee8da6ae2a3036ac170eb6294f89d/screenshot - {}
RESULT: {}
COMMAND: POST /session/673ee8da6ae2a3036ac170eb6294f89d/elements - {"using":"xpath","value":"//span[text()='Error']"}
RESULT: {"using":"xpath","value":"//span[text()='Error']"}
COMMAND: POST /session/673ee8da6ae2a3036ac170eb6294f89d/element - {"using":"xpath","value":"//button[@data-kt=\"addNewYardOverflowToolbarButton\"]"}
RESULT: {"using":"xpath","value":"//button[@data-kt=\"addNewYardOverflowToolbarButton\"]"}
COMMAND: POST /session/673ee8da6ae2a3036ac170eb6294f89d/elements - {"using":"xpath","value":"//button[@data-kt=\"addNewYardOverflowToolbarButton\"]"}
RESULT: {"using":"xpath","value":"//button[@data-kt=\"addNewYardOverflowToolbarButton\"]"}
COMMAND: POST /session/673ee8da6ae2a3036ac170eb6294f89d/elements - {"using":"xpath","value":"//button[@data-kt=\"addNewYardOverflowToolbarButton\"]"}
RESULT: {"using":"xpath","value":"//button[@data-kt=\"addNewYardOverflowToolbarButton\"]"}
COMMAND: POST /session/673ee8da6ae2a3036ac170eb6294f89d/element - {"using":"xpath","value":"//button[@data-kt=\"addNewYardOverflowToolbarButton\"]"}
RESULT: {"using":"xpath","value":"//button[@data-kt=\"addNewYardOverflowToolbarButton\"]"}
COMMAND: POST /session/673ee8da6ae2a3036ac170eb6294f89d/execute/sync - {"script":"<script> [8489 bytes]","args":[{"element-6066-11e4-a52e-4f735466cecf":"f.D876D0B9E4FB8B9E585720C2FE40BD5D.d.BA4F230CB385B76271E6576F81815264.e.295","ELEMENT":"f.D876D0B9E4FB8B9E585720C2FE40BD5D.d.BA4F230CB385B76271E6576F81815264.e.295"}]}
RESULT: {"script":"<script> [8489 bytes]","args":[{"element-6066-11e4-a52e-4f735466cecf":"f.D876D0B9E4FB8B9E585720C2FE40BD5D.d.BA4F230CB385B76271E6576F81815264.e.295","ELEMENT":"f.D876D0B9E4FB8B9E585720C2FE40BD5D.d.BA4F230CB385B76271E6576F81815264.e.295"}]}
COMMAND: GET /session/673ee8da6ae2a3036ac170eb6294f89d/element/f.D876D0B9E4FB8B9E585720C2FE40BD5D.d.BA4F230CB385B76271E6576F81815264.e.295/enabled - {}
COMMAND: GET /session/673ee8da6ae2a3036ac170eb6294f89d/screenshot - {}
RESULT: {}
COMMAND: POST /session/673ee8da6ae2a3036ac170eb6294f89d/execute/sync - {"script":"<script> [8489 bytes]","args":[{"element-6066-11e4-a52e-4f735466cecf":"f.D876D0B9E4FB8B9E585720C2FE40BD5D.d.BA4F230CB385B76271E6576F81815264.e.295","ELEMENT":"f.D876D0B9E4FB8B9E585720C2FE40BD5D.d.BA4F230CB385B76271E6576F81815264.e.295"}]}
COMMAND: GET /session/673ee8da6ae2a3036ac170eb6294f89d/screenshot - {}
RESULT: {}
RESULT: {"script":"<script> [8489 bytes]","args":[{"element-6066-11e4-a52e-4f735466cecf":"f.D876D0B9E4FB8B9E585720C2FE40BD5D.d.BA4F230CB385B76271E6576F81815264.e.295","ELEMENT":"f.D876D0B9E4FB8B9E585720C2FE40BD5D.d.BA4F230CB385B76271E6576F81815264.e.295"}]}
COMMAND: POST /session/673ee8da6ae2a3036ac170eb6294f89d/execute/sync - {"script":"<script> [5351 bytes]","args":[{"element-6066-11e4-a52e-4f735466cecf":"f.D876D0B9E4FB8B9E585720C2FE40BD5D.d.BA4F230CB385B76271E6576F81815264.e.295","ELEMENT":"f.D876D0B9E4FB8B9E585720C2FE40BD5D.d.BA4F230CB385B76271E6576F81815264.e.295"}]}
COMMAND: GET /session/673ee8da6ae2a3036ac170eb6294f89d/screenshot - {}
RESULT: {}
RESULT: {"script":"<script> [5351 bytes]","args":[{"element-6066-11e4-a52e-4f735466cecf":"f.D876D0B9E4FB8B9E585720C2FE40BD5D.d.BA4F230CB385B76271E6576F81815264.e.295","ELEMENT":"f.D876D0B9E4FB8B9E585720C2FE40BD5D.d.BA4F230CB385B76271E6576F81815264.e.295"}]}
COMMAND: POST /session/673ee8da6ae2a3036ac170eb6294f89d/element/f.D876D0B9E4FB8B9E585720C2FE40BD5D.d.BA4F230CB385B76271E6576F81815264.e.295/click - {}
COMMAND: GET /session/673ee8da6ae2a3036ac170eb6294f89d/screenshot - {}
RESULT: {}
RESULT: {}
COMMAND: GET /session/673ee8da6ae2a3036ac170eb6294f89d/screenshot - {}
RESULT: {}
RESULT: {}
COMMAND: POST /session/673ee8da6ae2a3036ac170eb6294f89d/element - {"using":"xpath","value":"//input[@id=\"application-manageyards-display-component---NewYard--yardId-inner\"]"}
RESULT: {"using":"xpath","value":"//input[@id=\"application-manageyards-display-component---NewYard--yardId-inner\"]"}
COMMAND: POST /session/673ee8da6ae2a3036ac170eb6294f89d/element - {"using":"xpath","value":"//input[@id=\"application-manageyards-display-component---NewYard--yardId-inner\"]"}
RESULT: {"using":"xpath","value":"//input[@id=\"application-manageyards-display-component---NewYard--yardId-inner\"]"}
COMMAND: POST /session/673ee8da6ae2a3036ac170eb6294f89d/execute/async - {"script":"<script> [1562 bytes]","args":[{"selector":{"id":"application-manageyards-display-component---NewYard--addressDetailDetailsName1","interaction":{"idSuffix":"inner"}},"wdio_ui5_key":"applicationmanageyards-display-component---NewYard--addressDetailDetailsName1"}]}
RESULT: {"script":"<script> [1562 bytes]","args":[{"selector":{"id":"application-manageyards-display-component---NewYard--addressDetailDetailsName1","interaction":{"idSuffix":"inner"}},"wdio_ui5_key":"applicationmanageyards-display-component---NewYard--addressDetailDetailsName1"}]}
RESULT: undefined
COMMAND: POST /session/673ee8da6ae2a3036ac170eb6294f89d/execute/async - {"script":"<script> [776 bytes]","args":[{"enterText":"Intercompany Yard wdIO","selector":{"id":"application-manageyards-display-component---NewYard--addressDetailDetailsName1","interaction":{"idSuffix":"inner"}},"clearTextFirst":true,"interactionType":"ENTER_TEXT"}]}
RESULT: {"script":"<script> [776 bytes]","args":[{"enterText":"Intercompany Yard wdIO","selector":{"id":"application-manageyards-display-component---NewYard--addressDetailDetailsName1","interaction":{"idSuffix":"inner"}},"clearTextFirst":true,"interactionType":"ENTER_TEXT"}]}
COMMAND: POST /session/673ee8da6ae2a3036ac170eb6294f89d/execute/async - {"script":"<script> [1562 bytes]","args":[{"selector":{"id":"application-manageyards-display-component---NewYard--addressDetailDetailsLanguage-arrow"},"wdio_ui5_key":"applicationmanageyards-display-component---NewYard--addressDetailDetailsLanguage-arrow"}]}
RESULT: {"script":"<script> [1562 bytes]","args":[{"selector":{"id":"application-manageyards-display-component---NewYard--addressDetailDetailsLanguage-arrow"},"wdio_ui5_key":"applicationmanageyards-display-component---NewYard--addressDetailDetailsLanguage-arrow"}]}
RESULT: undefined
COMMAND: POST /session/673ee8da6ae2a3036ac170eb6294f89d/element - {"using":"xpath","value":"//*[@id=\"application-manageyards-display-component---NewYard--addressDetailDetailsLanguage-arrow\"]"}
RESULT: {"using":"xpath","value":"//*[@id=\"application-manageyards-display-component---NewYard--addressDetailDetailsLanguage-arrow\"]"}
COMMAND: POST /session/673ee8da6ae2a3036ac170eb6294f89d/element/f.D876D0B9E4FB8B9E585720C2FE40BD5D.d.BA4F230CB385B76271E6576F81815264.e.739/click - {}
RESULT: {}
COMMAND: POST /session/673ee8da6ae2a3036ac170eb6294f89d/element - {"using":"xpath","value":"//span[contains(text(), \"English\")]"}
COMMAND: GET /session/673ee8da6ae2a3036ac170eb6294f89d/screenshot - {}
RESULT: {"using":"xpath","value":"//span[contains(text(), \"English\")]"}
COMMAND: POST /session/673ee8da6ae2a3036ac170eb6294f89d/element/f.D876D0B9E4FB8B9E585720C2FE40BD5D.d.BA4F230CB385B76271E6576F81815264.e.740/click - {}
RESULT: {}
RESULT: {}
COMMAND: POST /session/673ee8da6ae2a3036ac170eb6294f89d/execute/async - {"script":"<script> [1562 bytes]","args":[{"selector":{"id":"application-manageyards-display-component---NewYard--addressDetailDetailsCity1","interaction":{"idSuffix":"inner"}},"wdio_ui5_key":"applicationmanageyards-display-component---NewYard--addressDetailDetailsCity1"}]}
COMMAND: GET /session/673ee8da6ae2a3036ac170eb6294f89d/screenshot - {}
RESULT: {"script":"<script> [1562 bytes]","args":[{"selector":{"id":"application-manageyards-display-component---NewYard--addressDetailDetailsCity1","interaction":{"idSuffix":"inner"}},"wdio_ui5_key":"applicationmanageyards-display-component---NewYard--addressDetailDetailsCity1"}]}
RESULT: undefined
COMMAND: POST /session/673ee8da6ae2a3036ac170eb6294f89d/execute/async - {"script":"<script> [776 bytes]","args":[{"enterText":"Rosario","selector":{"id":"application-manageyards-display-component---NewYard--addressDetailDetailsCity1","interaction":{"idSuffix":"inner"}},"clearTextFirst":true,"interactionType":"ENTER_TEXT"}]}
RESULT: {}
RESULT: {"script":"<script> [776 bytes]","args":[{"enterText":"Rosario","selector":{"id":"application-manageyards-display-component---NewYard--addressDetailDetailsCity1","interaction":{"idSuffix":"inner"}},"clearTextFirst":true,"interactionType":"ENTER_TEXT"}]}
COMMAND: POST /session/673ee8da6ae2a3036ac170eb6294f89d/execute/async - {"script":"<script> [1562 bytes]","args":[{"selector":{"id":"application-manageyards-display-component---NewYard--addressDetailDetailsCountry-arrow"},"wdio_ui5_key":"applicationmanageyards-display-component---NewYard--addressDetailDetailsCountry-arrow"}]}
RESULT: {"script":"<script> [1562 bytes]","args":[{"selector":{"id":"application-manageyards-display-component---NewYard--addressDetailDetailsCountry-arrow"},"wdio_ui5_key":"applicationmanageyards-display-component---NewYard--addressDetailDetailsCountry-arrow"}]}
RESULT: undefined
COMMAND: POST /session/673ee8da6ae2a3036ac170eb6294f89d/element - {"using":"xpath","value":"//*[@id=\"application-manageyards-display-component---NewYard--addressDetailDetailsCountry-arrow\"]"}
RESULT: {"using":"xpath","value":"//*[@id=\"application-manageyards-display-component---NewYard--addressDetailDetailsCountry-arrow\"]"}
COMMAND: POST /session/673ee8da6ae2a3036ac170eb6294f89d/element/f.D876D0B9E4FB8B9E585720C2FE40BD5D.d.BA4F230CB385B76271E6576F81815264.e.742/click - {}
RESULT: {}
COMMAND: POST /session/673ee8da6ae2a3036ac170eb6294f89d/element - {"using":"xpath","value":"//span[contains(text(), \"Argentina\")]"}
COMMAND: GET /session/673ee8da6ae2a3036ac170eb6294f89d/screenshot - {}
RESULT: {"using":"xpath","value":"//span[contains(text(), \"Argentina\")]"}
COMMAND: POST /session/673ee8da6ae2a3036ac170eb6294f89d/element/f.D876D0B9E4FB8B9E585720C2FE40BD5D.d.BA4F230CB385B76271E6576F81815264.e.743/click - {}
RESULT: {}
RESULT: {}
COMMAND: POST /session/673ee8da6ae2a3036ac170eb6294f89d/execute/async - {"script":"<script> [1562 bytes]","args":[{"selector":{"id":"application-manageyards-display-component---NewYard--addressEditDetailsCostObjectCstType-arrow"},"wdio_ui5_key":"applicationmanageyards-display-component---NewYard--addressEditDetailsCostObjectCstType-arrow"}]}
COMMAND: GET /session/673ee8da6ae2a3036ac170eb6294f89d/screenshot - {}
RESULT: {"script":"<script> [1562 bytes]","args":[{"selector":{"id":"application-manageyards-display-component---NewYard--addressEditDetailsCostObjectCstType-arrow"},"wdio_ui5_key":"applicationmanageyards-display-component---NewYard--addressEditDetailsCostObjectCstType-arrow"}]}
RESULT: undefined
COMMAND: POST /session/673ee8da6ae2a3036ac170eb6294f89d/element - {"using":"xpath","value":"//*[@id=\"application-manageyards-display-component---NewYard--addressEditDetailsCostObjectCstType-arrow\"]"}
RESULT: {}
RESULT: {"using":"xpath","value":"//*[@id=\"application-manageyards-display-component---NewYard--addressEditDetailsCostObjectCstType-arrow\"]"}
COMMAND: POST /session/673ee8da6ae2a3036ac170eb6294f89d/element/f.D876D0B9E4FB8B9E585720C2FE40BD5D.d.BA4F230CB385B76271E6576F81815264.e.745/click - {}
RESULT: {}
COMMAND: POST /session/673ee8da6ae2a3036ac170eb6294f89d/element - {"using":"xpath","value":"//span[contains(text(), \"Cost Center\")]"}
COMMAND: GET /session/673ee8da6ae2a3036ac170eb6294f89d/screenshot - {}
RESULT: {"using":"xpath","value":"//span[contains(text(), \"Cost Center\")]"}
COMMAND: POST /session/673ee8da6ae2a3036ac170eb6294f89d/element/f.D876D0B9E4FB8B9E585720C2FE40BD5D.d.BA4F230CB385B76271E6576F81815264.e.746/click - {}
RESULT: {}
RESULT: {}
COMMAND: GET /session/673ee8da6ae2a3036ac170eb6294f89d/screenshot - {}
RESULT: {}
COMMAND: POST /session/673ee8da6ae2a3036ac170eb6294f89d/element - {"using":"xpath","value":"//span[@id=\"application-manageyards-display-component---NewYard--addressNewCostObjectCstID-vhi\"]"}
RESULT: {"using":"xpath","value":"//span[@id=\"application-manageyards-display-component---NewYard--addressNewCostObjectCstID-vhi\"]"}
COMMAND: POST /session/673ee8da6ae2a3036ac170eb6294f89d/execute/sync - {"script":"<script> [8489 bytes]","args":[{"element-6066-11e4-a52e-4f735466cecf":"f.D876D0B9E4FB8B9E585720C2FE40BD5D.d.BA4F230CB385B76271E6576F81815264.e.750","ELEMENT":"f.D876D0B9E4FB8B9E585720C2FE40BD5D.d.BA4F230CB385B76271E6576F81815264.e.750"}]}
RESULT: {"script":"<script> [8489 bytes]","args":[{"element-6066-11e4-a52e-4f735466cecf":"f.D876D0B9E4FB8B9E585720C2FE40BD5D.d.BA4F230CB385B76271E6576F81815264.e.750","ELEMENT":"f.D876D0B9E4FB8B9E585720C2FE40BD5D.d.BA4F230CB385B76271E6576F81815264.e.750"}]}
COMMAND: POST /session/673ee8da6ae2a3036ac170eb6294f89d/execute/async - {"script":"<script> [1562 bytes]","args":[{"selector":{"id":"application-manageyards-display-component---NewYard--addressNewCostObjectCstID-vhi"},"wdio_ui5_key":"applicationmanageyards-display-component---NewYard--addressNewCostObjectCstID-vhi"}]}
COMMAND: GET /session/673ee8da6ae2a3036ac170eb6294f89d/screenshot - {}
RESULT: {"script":"<script> [1562 bytes]","args":[{"selector":{"id":"application-manageyards-display-component---NewYard--addressNewCostObjectCstID-vhi"},"wdio_ui5_key":"applicationmanageyards-display-component---NewYard--addressNewCostObjectCstID-vhi"}]}
RESULT: undefined
COMMAND: POST /session/673ee8da6ae2a3036ac170eb6294f89d/element - {"using":"xpath","value":"//*[@id=\"application-manageyards-display-component---NewYard--addressNewCostObjectCstID-vhi\"]"}
RESULT: {}
RESULT: {"using":"xpath","value":"//*[@id=\"application-manageyards-display-component---NewYard--addressNewCostObjectCstID-vhi\"]"}
COMMAND: POST /session/673ee8da6ae2a3036ac170eb6294f89d/element/f.D876D0B9E4FB8B9E585720C2FE40BD5D.d.BA4F230CB385B76271E6576F81815264.e.750/click - {}
RESULT: {}
COMMAND: GET /session/673ee8da6ae2a3036ac170eb6294f89d/screenshot - {}
RESULT: {}
COMMAND: POST /session/673ee8da6ae2a3036ac170eb6294f89d/execute/async - {"script":"<script> [1562 bytes]","args":[{"selector":{"controlType":"sap.m.SearchField","properties":{"placeholder":"Search"},"searchOpenDialogs":true,"interaction":{"idSuffix":"I"}},"wdio_ui5_key":"sapm.SearchField{\"placeholder\":\"Search\"}"}]}
RESULT: {"script":"<script> [1562 bytes]","args":[{"selector":{"controlType":"sap.m.SearchField","properties":{"placeholder":"Search"},"searchOpenDialogs":true,"interaction":{"idSuffix":"I"}},"wdio_ui5_key":"sapm.SearchField{\"placeholder\":\"Search\"}"}]}
RESULT: undefined
COMMAND: POST /session/673ee8da6ae2a3036ac170eb6294f89d/execute/async - {"script":"<script> [776 bytes]","args":[{"enterText":"bauh_b","selector":{"controlType":"sap.m.SearchField","properties":{"placeholder":"Search"},"searchOpenDialogs":true,"interaction":{"idSuffix":"I"}},"clearTextFirst":true,"interactionType":"ENTER_TEXT"}]}
RESULT: {"script":"<script> [776 bytes]","args":[{"enterText":"bauh_b","selector":{"controlType":"sap.m.SearchField","properties":{"placeholder":"Search"},"searchOpenDialogs":true,"interaction":{"idSuffix":"I"}},"clearTextFirst":true,"interactionType":"ENTER_TEXT"}]}
COMMAND: POST /session/673ee8da6ae2a3036ac170eb6294f89d/actions - {"actions":[{"id":"action1","type":"key","parameters":{},"actions":[{"type":"keyDown","value":"î€‡"},{"type":"pause","duration":10},{"type":"keyUp","value":"î€‡"}]}]}
RESULT: {"actions":[{"id":"action1","type":"key","parameters":{},"actions":[{"type":"keyDown","value":"î€‡"},{"type":"pause","duration":10},{"type":"keyUp","value":"î€‡"}]}]}
COMMAND: GET /session/673ee8da6ae2a3036ac170eb6294f89d/screenshot - {}
RESULT: {}
COMMAND: POST /session/673ee8da6ae2a3036ac170eb6294f89d/element - {"using":"xpath","value":"//span[contains(text(), \"Demo Yard\")]"}
RESULT: {"using":"xpath","value":"//span[contains(text(), \"Demo Yard\")]"}
COMMAND: POST /session/673ee8da6ae2a3036ac170eb6294f89d/element/f.D876D0B9E4FB8B9E585720C2FE40BD5D.d.BA4F230CB385B76271E6576F81815264.e.792/click - {}
RESULT: {}
COMMAND: GET /session/673ee8da6ae2a3036ac170eb6294f89d/screenshot - {}
RESULT: {}
COMMAND: POST /session/673ee8da6ae2a3036ac170eb6294f89d/element - {"using":"xpath","value":"//bdi[contains(text(), \"OK\")]"}
RESULT: {"using":"xpath","value":"//bdi[contains(text(), \"OK\")]"}
COMMAND: POST /session/673ee8da6ae2a3036ac170eb6294f89d/element/f.D876D0B9E4FB8B9E585720C2FE40BD5D.d.BA4F230CB385B76271E6576F81815264.e.793/click - {}
RESULT: {}
COMMAND: GET /session/673ee8da6ae2a3036ac170eb6294f89d/screenshot - {}
RESULT: {}
COMMAND: POST /session/673ee8da6ae2a3036ac170eb6294f89d/execute/async - {"script":"<script> [1562 bytes]","args":[{"selector":{"id":"application-manageyards-display-component---NewYard--addressEditDetailsCurrency-arrow"},"wdio_ui5_key":"applicationmanageyards-display-component---NewYard--addressEditDetailsCurrency-arrow"}]}
RESULT: {"script":"<script> [1562 bytes]","args":[{"selector":{"id":"application-manageyards-display-component---NewYard--addressEditDetailsCurrency-arrow"},"wdio_ui5_key":"applicationmanageyards-display-component---NewYard--addressEditDetailsCurrency-arrow"}]}
RESULT: undefined
COMMAND: POST /session/673ee8da6ae2a3036ac170eb6294f89d/element - {"using":"xpath","value":"//*[@id=\"application-manageyards-display-component---NewYard--addressEditDetailsCurrency-arrow\"]"}
RESULT: {"using":"xpath","value":"//*[@id=\"application-manageyards-display-component---NewYard--addressEditDetailsCurrency-arrow\"]"}
COMMAND: POST /session/673ee8da6ae2a3036ac170eb6294f89d/element/f.D876D0B9E4FB8B9E585720C2FE40BD5D.d.BA4F230CB385B76271E6576F81815264.e.796/click - {}
RESULT: {}
COMMAND: POST /session/673ee8da6ae2a3036ac170eb6294f89d/element - {"using":"xpath","value":"//span[contains(text(), \"Euro\")]"}
COMMAND: GET /session/673ee8da6ae2a3036ac170eb6294f89d/screenshot - {}
RESULT: {"using":"xpath","value":"//span[contains(text(), \"Euro\")]"}
COMMAND: POST /session/673ee8da6ae2a3036ac170eb6294f89d/element/f.D876D0B9E4FB8B9E585720C2FE40BD5D.d.BA4F230CB385B76271E6576F81815264.e.797/click - {}
RESULT: {}
RESULT: {}
COMMAND: POST /session/673ee8da6ae2a3036ac170eb6294f89d/execute/async - {"script":"<script> [1562 bytes]","args":[{"selector":{"controlType":"sap.m.Input","viewName":"etm.portal.ui.manageyards.view.New","viewId":"application-manageyards-display-component---NewYard","bindingPath":{"path":"","propertyPath":"/CONTROLLING_AREA","modelName":"NewYardModel"},"interaction":{"idSuffix":"inner"}},"wdio_ui5_key":"etmportal.ui.manageyards.view.Newsap.m.Input{\"path\":\"\",\"propertyPath\":\"/CONTROLLING_AREA\",\"modelName\":\"NewYardModel\"}"}]}
COMMAND: GET /session/673ee8da6ae2a3036ac170eb6294f89d/screenshot - {}
RESULT: {"script":"<script> [1562 bytes]","args":[{"selector":{"controlType":"sap.m.Input","viewName":"etm.portal.ui.manageyards.view.New","viewId":"application-manageyards-display-component---NewYard","bindingPath":{"path":"","propertyPath":"/CONTROLLING_AREA","modelName":"NewYardModel"},"interaction":{"idSuffix":"inner"}},"wdio_ui5_key":"etmportal.ui.manageyards.view.Newsap.m.Input{\"path\":\"\",\"propertyPath\":\"/CONTROLLING_AREA\",\"modelName\":\"NewYardModel\"}"}]}
RESULT: undefined
COMMAND: POST /session/673ee8da6ae2a3036ac170eb6294f89d/execute/async - {"script":"<script> [776 bytes]","args":[{"enterText":"Z001","selector":{"controlType":"sap.m.Input","viewName":"etm.portal.ui.manageyards.view.New","viewId":"application-manageyards-display-component---NewYard","bindingPath":{"path":"","propertyPath":"/CONTROLLING_AREA","modelName":"NewYardModel"},"interaction":{"idSuffix":"inner"}},"clearTextFirst":true,"interactionType":"ENTER_TEXT"}]}
RESULT: {}
RESULT: {"script":"<script> [776 bytes]","args":[{"enterText":"Z001","selector":{"controlType":"sap.m.Input","viewName":"etm.portal.ui.manageyards.view.New","viewId":"application-manageyards-display-component---NewYard","bindingPath":{"path":"","propertyPath":"/CONTROLLING_AREA","modelName":"NewYardModel"},"interaction":{"idSuffix":"inner"}},"clearTextFirst":true,"interactionType":"ENTER_TEXT"}]}
COMMAND: POST /session/673ee8da6ae2a3036ac170eb6294f89d/execute/async - {"script":"<script> [1562 bytes]","args":[{"selector":{"id":"application-manageyards-display-component---NewYard--companyCodeComboBox","interaction":{"idSuffix":"inner"}},"wdio_ui5_key":"applicationmanageyards-display-component---NewYard--companyCodeComboBox"}]}
RESULT: {"script":"<script> [1562 bytes]","args":[{"selector":{"id":"application-manageyards-display-component---NewYard--companyCodeComboBox","interaction":{"idSuffix":"inner"}},"wdio_ui5_key":"applicationmanageyards-display-component---NewYard--companyCodeComboBox"}]}
RESULT: undefined
COMMAND: POST /session/673ee8da6ae2a3036ac170eb6294f89d/execute/async - {"script":"<script> [776 bytes]","args":[{"enterText":"1000","selector":{"id":"application-manageyards-display-component---NewYard--companyCodeComboBox","interaction":{"idSuffix":"inner"}},"clearTextFirst":true,"interactionType":"ENTER_TEXT"}]}
RESULT: {"script":"<script> [776 bytes]","args":[{"enterText":"1000","selector":{"id":"application-manageyards-display-component---NewYard--companyCodeComboBox","interaction":{"idSuffix":"inner"}},"clearTextFirst":true,"interactionType":"ENTER_TEXT"}]}
COMMAND: POST /session/673ee8da6ae2a3036ac170eb6294f89d/execute/async - {"script":"<script> [1562 bytes]","args":[{"selector":{"controlType":"sap.m.Input","viewName":"etm.portal.ui.manageyards.view.New","viewId":"application-manageyards-display-component---NewYard","bindingPath":{"path":"","propertyPath":"/PLANT","modelName":"NewYardModel"},"interaction":{"idSuffix":"inner"}},"wdio_ui5_key":"etmportal.ui.manageyards.view.Newsap.m.Input{\"path\":\"\",\"propertyPath\":\"/PLANT\",\"modelName\":\"NewYardModel\"}"}]}
RESULT: {"script":"<script> [1562 bytes]","args":[{"selector":{"controlType":"sap.m.Input","viewName":"etm.portal.ui.manageyards.view.New","viewId":"application-manageyards-display-component---NewYard","bindingPath":{"path":"","propertyPath":"/PLANT","modelName":"NewYardModel"},"interaction":{"idSuffix":"inner"}},"wdio_ui5_key":"etmportal.ui.manageyards.view.Newsap.m.Input{\"path\":\"\",\"propertyPath\":\"/PLANT\",\"modelName\":\"NewYardModel\"}"}]}
RESULT: undefined
COMMAND: POST /session/673ee8da6ae2a3036ac170eb6294f89d/execute/async - {"script":"<script> [776 bytes]","args":[{"enterText":"1001","selector":{"controlType":"sap.m.Input","viewName":"etm.portal.ui.manageyards.view.New","viewId":"application-manageyards-display-component---NewYard","bindingPath":{"path":"","propertyPath":"/PLANT","modelName":"NewYardModel"},"interaction":{"idSuffix":"inner"}},"clearTextFirst":true,"interactionType":"ENTER_TEXT"}]}
RESULT: {"script":"<script> [776 bytes]","args":[{"enterText":"1001","selector":{"controlType":"sap.m.Input","viewName":"etm.portal.ui.manageyards.view.New","viewId":"application-manageyards-display-component---NewYard","bindingPath":{"path":"","propertyPath":"/PLANT","modelName":"NewYardModel"},"interaction":{"idSuffix":"inner"}},"clearTextFirst":true,"interactionType":"ENTER_TEXT"}]}
COMMAND: POST /session/673ee8da6ae2a3036ac170eb6294f89d/execute/async - {"script":"<script> [1562 bytes]","args":[{"selector":{"controlType":"sap.m.Input","viewName":"etm.portal.ui.manageyards.view.New","viewId":"application-manageyards-display-component---NewYard","bindingPath":{"path":"","propertyPath":"/SALES_AREA_VKORG","modelName":"NewYardModel"},"interaction":{"idSuffix":"inner"}},"wdio_ui5_key":"etmportal.ui.manageyards.view.Newsap.m.Input{\"path\":\"\",\"propertyPath\":\"/SALES_AREA_VKORG\",\"modelName\":\"NewYardModel\"}"}]}
RESULT: {"script":"<script> [1562 bytes]","args":[{"selector":{"controlType":"sap.m.Input","viewName":"etm.portal.ui.manageyards.view.New","viewId":"application-manageyards-display-component---NewYard","bindingPath":{"path":"","propertyPath":"/SALES_AREA_VKORG","modelName":"NewYardModel"},"interaction":{"idSuffix":"inner"}},"wdio_ui5_key":"etmportal.ui.manageyards.view.Newsap.m.Input{\"path\":\"\",\"propertyPath\":\"/SALES_AREA_VKORG\",\"modelName\":\"NewYardModel\"}"}]}
RESULT: undefined
COMMAND: POST /session/673ee8da6ae2a3036ac170eb6294f89d/execute/async - {"script":"<script> [776 bytes]","args":[{"enterText":"C002","selector":{"controlType":"sap.m.Input","viewName":"etm.portal.ui.manageyards.view.New","viewId":"application-manageyards-display-component---NewYard","bindingPath":{"path":"","propertyPath":"/SALES_AREA_VKORG","modelName":"NewYardModel"},"interaction":{"idSuffix":"inner"}},"clearTextFirst":true,"interactionType":"ENTER_TEXT"}]}
RESULT: {"script":"<script> [776 bytes]","args":[{"enterText":"C002","selector":{"controlType":"sap.m.Input","viewName":"etm.portal.ui.manageyards.view.New","viewId":"application-manageyards-display-component---NewYard","bindingPath":{"path":"","propertyPath":"/SALES_AREA_VKORG","modelName":"NewYardModel"},"interaction":{"idSuffix":"inner"}},"clearTextFirst":true,"interactionType":"ENTER_TEXT"}]}
COMMAND: POST /session/673ee8da6ae2a3036ac170eb6294f89d/execute/async - {"script":"<script> [1562 bytes]","args":[{"selector":{"controlType":"sap.m.Input","viewName":"etm.portal.ui.manageyards.view.New","viewId":"application-manageyards-display-component---NewYard","bindingPath":{"path":"","propertyPath":"/SALES_AREA_VTWEG","modelName":"NewYardModel"},"interaction":{"idSuffix":"inner"}},"wdio_ui5_key":"etmportal.ui.manageyards.view.Newsap.m.Input{\"path\":\"\",\"propertyPath\":\"/SALES_AREA_VTWEG\",\"modelName\":\"NewYardModel\"}"}]}
RESULT: {"script":"<script> [1562 bytes]","args":[{"selector":{"controlType":"sap.m.Input","viewName":"etm.portal.ui.manageyards.view.New","viewId":"application-manageyards-display-component---NewYard","bindingPath":{"path":"","propertyPath":"/SALES_AREA_VTWEG","modelName":"NewYardModel"},"interaction":{"idSuffix":"inner"}},"wdio_ui5_key":"etmportal.ui.manageyards.view.Newsap.m.Input{\"path\":\"\",\"propertyPath\":\"/SALES_AREA_VTWEG\",\"modelName\":\"NewYardModel\"}"}]}
RESULT: undefined
COMMAND: POST /session/673ee8da6ae2a3036ac170eb6294f89d/execute/async - {"script":"<script> [776 bytes]","args":[{"enterText":"C2","selector":{"controlType":"sap.m.Input","viewName":"etm.portal.ui.manageyards.view.New","viewId":"application-manageyards-display-component---NewYard","bindingPath":{"path":"","propertyPath":"/SALES_AREA_VTWEG","modelName":"NewYardModel"},"interaction":{"idSuffix":"inner"}},"clearTextFirst":true,"interactionType":"ENTER_TEXT"}]}
RESULT: {"script":"<script> [776 bytes]","args":[{"enterText":"C2","selector":{"controlType":"sap.m.Input","viewName":"etm.portal.ui.manageyards.view.New","viewId":"application-manageyards-display-component---NewYard","bindingPath":{"path":"","propertyPath":"/SALES_AREA_VTWEG","modelName":"NewYardModel"},"interaction":{"idSuffix":"inner"}},"clearTextFirst":true,"interactionType":"ENTER_TEXT"}]}
COMMAND: POST /session/673ee8da6ae2a3036ac170eb6294f89d/execute/async - {"script":"<script> [1562 bytes]","args":[{"selector":{"controlType":"sap.m.Input","viewName":"etm.portal.ui.manageyards.view.New","viewId":"application-manageyards-display-component---NewYard","bindingPath":{"path":"","propertyPath":"/SALES_AREA_SPART","modelName":"NewYardModel"},"interaction":{"idSuffix":"inner"}},"wdio_ui5_key":"etmportal.ui.manageyards.view.Newsap.m.Input{\"path\":\"\",\"propertyPath\":\"/SALES_AREA_SPART\",\"modelName\":\"NewYardModel\"}"}]}
RESULT: {"script":"<script> [1562 bytes]","args":[{"selector":{"controlType":"sap.m.Input","viewName":"etm.portal.ui.manageyards.view.New","viewId":"application-manageyards-display-component---NewYard","bindingPath":{"path":"","propertyPath":"/SALES_AREA_SPART","modelName":"NewYardModel"},"interaction":{"idSuffix":"inner"}},"wdio_ui5_key":"etmportal.ui.manageyards.view.Newsap.m.Input{\"path\":\"\",\"propertyPath\":\"/SALES_AREA_SPART\",\"modelName\":\"NewYardModel\"}"}]}
RESULT: undefined
COMMAND: POST /session/673ee8da6ae2a3036ac170eb6294f89d/execute/async - {"script":"<script> [776 bytes]","args":[{"enterText":"C2","selector":{"controlType":"sap.m.Input","viewName":"etm.portal.ui.manageyards.view.New","viewId":"application-manageyards-display-component---NewYard","bindingPath":{"path":"","propertyPath":"/SALES_AREA_SPART","modelName":"NewYardModel"},"interaction":{"idSuffix":"inner"}},"clearTextFirst":true,"interactionType":"ENTER_TEXT"}]}
RESULT: {"script":"<script> [776 bytes]","args":[{"enterText":"C2","selector":{"controlType":"sap.m.Input","viewName":"etm.portal.ui.manageyards.view.New","viewId":"application-manageyards-display-component---NewYard","bindingPath":{"path":"","propertyPath":"/SALES_AREA_SPART","modelName":"NewYardModel"},"interaction":{"idSuffix":"inner"}},"clearTextFirst":true,"interactionType":"ENTER_TEXT"}]}
COMMAND: POST /session/673ee8da6ae2a3036ac170eb6294f89d/execute/async - {"script":"<script> [1562 bytes]","args":[{"selector":{"controlType":"sap.m.Input","viewName":"etm.portal.ui.manageyards.view.New","viewId":"application-manageyards-display-component---NewYard","bindingPath":{"path":"","propertyPath":"/SHIP_POINT","modelName":"NewYardModel"},"interaction":{"idSuffix":"inner"}},"wdio_ui5_key":"etmportal.ui.manageyards.view.Newsap.m.Input{\"path\":\"\",\"propertyPath\":\"/SHIP_POINT\",\"modelName\":\"NewYardModel\"}"}]}
RESULT: {"script":"<script> [1562 bytes]","args":[{"selector":{"controlType":"sap.m.Input","viewName":"etm.portal.ui.manageyards.view.New","viewId":"application-manageyards-display-component---NewYard","bindingPath":{"path":"","propertyPath":"/SHIP_POINT","modelName":"NewYardModel"},"interaction":{"idSuffix":"inner"}},"wdio_ui5_key":"etmportal.ui.manageyards.view.Newsap.m.Input{\"path\":\"\",\"propertyPath\":\"/SHIP_POINT\",\"modelName\":\"NewYardModel\"}"}]}
RESULT: undefined
COMMAND: POST /session/673ee8da6ae2a3036ac170eb6294f89d/execute/async - {"script":"<script> [776 bytes]","args":[{"enterText":"1710","selector":{"controlType":"sap.m.Input","viewName":"etm.portal.ui.manageyards.view.New","viewId":"application-manageyards-display-component---NewYard","bindingPath":{"path":"","propertyPath":"/SHIP_POINT","modelName":"NewYardModel"},"interaction":{"idSuffix":"inner"}},"clearTextFirst":true,"interactionType":"ENTER_TEXT"}]}
RESULT: {"script":"<script> [776 bytes]","args":[{"enterText":"1710","selector":{"controlType":"sap.m.Input","viewName":"etm.portal.ui.manageyards.view.New","viewId":"application-manageyards-display-component---NewYard","bindingPath":{"path":"","propertyPath":"/SHIP_POINT","modelName":"NewYardModel"},"interaction":{"idSuffix":"inner"}},"clearTextFirst":true,"interactionType":"ENTER_TEXT"}]}
COMMAND: POST /session/673ee8da6ae2a3036ac170eb6294f89d/execute/async - {"script":"<script> [1562 bytes]","args":[{"selector":{"controlType":"sap.m.Input","viewName":"etm.portal.ui.manageyards.view.New","viewId":"application-manageyards-display-component---NewYard","bindingPath":{"path":"","propertyPath":"/DELIVERY_TYPE","modelName":"NewYardModel"},"interaction":{"idSuffix":"inner"}},"wdio_ui5_key":"etmportal.ui.manageyards.view.Newsap.m.Input{\"path\":\"\",\"propertyPath\":\"/DELIVERY_TYPE\",\"modelName\":\"NewYardModel\"}"}]}
RESULT: {"script":"<script> [1562 bytes]","args":[{"selector":{"controlType":"sap.m.Input","viewName":"etm.portal.ui.manageyards.view.New","viewId":"application-manageyards-display-component---NewYard","bindingPath":{"path":"","propertyPath":"/DELIVERY_TYPE","modelName":"NewYardModel"},"interaction":{"idSuffix":"inner"}},"wdio_ui5_key":"etmportal.ui.manageyards.view.Newsap.m.Input{\"path\":\"\",\"propertyPath\":\"/DELIVERY_TYPE\",\"modelName\":\"NewYardModel\"}"}]}
RESULT: undefined
COMMAND: POST /session/673ee8da6ae2a3036ac170eb6294f89d/execute/async - {"script":"<script> [776 bytes]","args":[{"enterText":"ZL01","selector":{"controlType":"sap.m.Input","viewName":"etm.portal.ui.manageyards.view.New","viewId":"application-manageyards-display-component---NewYard","bindingPath":{"path":"","propertyPath":"/DELIVERY_TYPE","modelName":"NewYardModel"},"interaction":{"idSuffix":"inner"}},"clearTextFirst":true,"interactionType":"ENTER_TEXT"}]}
RESULT: {"script":"<script> [776 bytes]","args":[{"enterText":"ZL01","selector":{"controlType":"sap.m.Input","viewName":"etm.portal.ui.manageyards.view.New","viewId":"application-manageyards-display-component---NewYard","bindingPath":{"path":"","propertyPath":"/DELIVERY_TYPE","modelName":"NewYardModel"},"interaction":{"idSuffix":"inner"}},"clearTextFirst":true,"interactionType":"ENTER_TEXT"}]}
COMMAND: POST /session/673ee8da6ae2a3036ac170eb6294f89d/execute/async - {"script":"<script> [1562 bytes]","args":[{"selector":{"controlType":"sap.m.Input","viewName":"etm.portal.ui.manageyards.view.New","viewId":"application-manageyards-display-component---NewYard","bindingPath":{"path":"","propertyPath":"/AUART","modelName":"NewYardModel"},"interaction":{"idSuffix":"inner"}},"wdio_ui5_key":"etmportal.ui.manageyards.view.Newsap.m.Input{\"path\":\"\",\"propertyPath\":\"/AUART\",\"modelName\":\"NewYardModel\"}"}]}
RESULT: {"script":"<script> [1562 bytes]","args":[{"selector":{"controlType":"sap.m.Input","viewName":"etm.portal.ui.manageyards.view.New","viewId":"application-manageyards-display-component---NewYard","bindingPath":{"path":"","propertyPath":"/AUART","modelName":"NewYardModel"},"interaction":{"idSuffix":"inner"}},"wdio_ui5_key":"etmportal.ui.manageyards.view.Newsap.m.Input{\"path\":\"\",\"propertyPath\":\"/AUART\",\"modelName\":\"NewYardModel\"}"}]}
RESULT: undefined
COMMAND: POST /session/673ee8da6ae2a3036ac170eb6294f89d/execute/async - {"script":"<script> [776 bytes]","args":[{"enterText":"TA","selector":{"controlType":"sap.m.Input","viewName":"etm.portal.ui.manageyards.view.New","viewId":"application-manageyards-display-component---NewYard","bindingPath":{"path":"","propertyPath":"/AUART","modelName":"NewYardModel"},"interaction":{"idSuffix":"inner"}},"clearTextFirst":true,"interactionType":"ENTER_TEXT"}]}
RESULT: {"script":"<script> [776 bytes]","args":[{"enterText":"TA","selector":{"controlType":"sap.m.Input","viewName":"etm.portal.ui.manageyards.view.New","viewId":"application-manageyards-display-component---NewYard","bindingPath":{"path":"","propertyPath":"/AUART","modelName":"NewYardModel"},"interaction":{"idSuffix":"inner"}},"clearTextFirst":true,"interactionType":"ENTER_TEXT"}]}
COMMAND: POST /session/673ee8da6ae2a3036ac170eb6294f89d/element - {"using":"xpath","value":"//button[@data-kt=\"newYardSaveButton\"]"}
RESULT: {"using":"xpath","value":"//button[@data-kt=\"newYardSaveButton\"]"}
COMMAND: POST /session/673ee8da6ae2a3036ac170eb6294f89d/element/f.D876D0B9E4FB8B9E585720C2FE40BD5D.d.BA4F230CB385B76271E6576F81815264.e.678/click - {}
RESULT: {}
COMMAND: GET /session/673ee8da6ae2a3036ac170eb6294f89d/screenshot - {}
RESULT: {}
COMMAND: POST /session/673ee8da6ae2a3036ac170eb6294f89d/element - {"using":"xpath","value":"//header[contains(@id, 'ObjectPageLayout-headerTitle')]/div[1]/div[2]/div[1]/span[1]"}
RESULT: {"using":"xpath","value":"//header[contains(@id, 'ObjectPageLayout-headerTitle')]/div[1]/div[2]/div[1]/span[1]"}
COMMAND: POST /session/673ee8da6ae2a3036ac170eb6294f89d/elements - {"using":"xpath","value":"//header[contains(@id, 'ObjectPageLayout-headerTitle')]/div[1]/div[2]/div[1]/span[1]"}
RESULT: {"using":"xpath","value":"//header[contains(@id, 'ObjectPageLayout-headerTitle')]/div[1]/div[2]/div[1]/span[1]"}
COMMAND: POST /session/673ee8da6ae2a3036ac170eb6294f89d/execute/sync - {"script":"<script> [56 bytes]","args":[{"element-6066-11e4-a52e-4f735466cecf":"f.D876D0B9E4FB8B9E585720C2FE40BD5D.d.BA4F230CB385B76271E6576F81815264.e.1024","ELEMENT":"f.D876D0B9E4FB8B9E585720C2FE40BD5D.d.BA4F230CB385B76271E6576F81815264.e.1024"}]}
RESULT: {"script":"<script> [56 bytes]","args":[{"element-6066-11e4-a52e-4f735466cecf":"f.D876D0B9E4FB8B9E585720C2FE40BD5D.d.BA4F230CB385B76271E6576F81815264.e.1024","ELEMENT":"f.D876D0B9E4FB8B9E585720C2FE40BD5D.d.BA4F230CB385B76271E6576F81815264.e.1024"}]}
COMMAND: GET /session/673ee8da6ae2a3036ac170eb6294f89d/screenshot - {}
RESULT: {}
COMMAND: POST /session/673ee8da6ae2a3036ac170eb6294f89d/element - {"using":"css selector","value":"#shell-header-logo"}
RESULT: {"using":"css selector","value":"#shell-header-logo"}
COMMAND: POST /session/673ee8da6ae2a3036ac170eb6294f89d/element/f.D876D0B9E4FB8B9E585720C2FE40BD5D.d.BA4F230CB385B76271E6576F81815264.e.265/click - {}
RESULT: {}
COMMAND: GET /session/673ee8da6ae2a3036ac170eb6294f89d/screenshot - {}
RESULT: {}
COMMAND: POST /session/673ee8da6ae2a3036ac170eb6294f89d/execute/sync - {"script":"<script> [299 bytes]","args":[["getModel","getResource"]]}
RESULT: {"script":"<script> [299 bytes]","args":[["getModel","getResource"]]}
]]></system-out>
    </testcase>
    <testcase classname="chrome.136_0_7103_93.windows.Billing_Transfer_-_Master_data_&amp;_Intercompany_US127250" name="Should create a new partner" time="130.079">
      <system-out><![CDATA[
COMMAND: GET /session/673ee8da6ae2a3036ac170eb6294f89d/screenshot - {}
COMMAND: POST /session/673ee8da6ae2a3036ac170eb6294f89d/window/fullscreen - {}
RESULT: {}
COMMAND: POST /session/673ee8da6ae2a3036ac170eb6294f89d/execute/async - {"script":"<script> [1562 bytes]","args":[{"selector":{"controlType":"sap.m.GenericTile","properties":{"header":"Manage Partners"}},"wdio_ui5_key":"sapm.GenericTile{\"header\":\"Manage Partners\"}"}]}
RESULT: {}
RESULT: {"script":"<script> [1562 bytes]","args":[{"selector":{"controlType":"sap.m.GenericTile","properties":{"header":"Manage Partners"}},"wdio_ui5_key":"sapm.GenericTile{\"header\":\"Manage Partners\"}"}]}
RESULT: undefined
COMMAND: POST /session/673ee8da6ae2a3036ac170eb6294f89d/element - {"using":"xpath","value":"//*[@id=\"__tile38\"]"}
RESULT: {"using":"xpath","value":"//*[@id=\"__tile38\"]"}
COMMAND: POST /session/673ee8da6ae2a3036ac170eb6294f89d/element/f.D876D0B9E4FB8B9E585720C2FE40BD5D.d.BA4F230CB385B76271E6576F81815264.e.158/click - {}
RESULT: {}
COMMAND: GET /session/673ee8da6ae2a3036ac170eb6294f89d/screenshot - {}
RESULT: {}
COMMAND: POST /session/673ee8da6ae2a3036ac170eb6294f89d/elements - {"using":"xpath","value":"//span[text()='Error']"}
RESULT: {"using":"xpath","value":"//span[text()='Error']"}
COMMAND: POST /session/673ee8da6ae2a3036ac170eb6294f89d/element - {"using":"xpath","value":"//button[@data-kt=\"addButton\"]"}
RESULT: {"using":"xpath","value":"//button[@data-kt=\"addButton\"]"}
COMMAND: POST /session/673ee8da6ae2a3036ac170eb6294f89d/elements - {"using":"xpath","value":"//button[@data-kt=\"addButton\"]"}
RESULT: {"using":"xpath","value":"//button[@data-kt=\"addButton\"]"}
COMMAND: POST /session/673ee8da6ae2a3036ac170eb6294f89d/execute/sync - {"script":"<script> [8489 bytes]","args":[{"element-6066-11e4-a52e-4f735466cecf":"f.D876D0B9E4FB8B9E585720C2FE40BD5D.d.BA4F230CB385B76271E6576F81815264.e.1073","ELEMENT":"f.D876D0B9E4FB8B9E585720C2FE40BD5D.d.BA4F230CB385B76271E6576F81815264.e.1073"}]}
RESULT: {"script":"<script> [8489 bytes]","args":[{"element-6066-11e4-a52e-4f735466cecf":"f.D876D0B9E4FB8B9E585720C2FE40BD5D.d.BA4F230CB385B76271E6576F81815264.e.1073","ELEMENT":"f.D876D0B9E4FB8B9E585720C2FE40BD5D.d.BA4F230CB385B76271E6576F81815264.e.1073"}]}
COMMAND: GET /session/673ee8da6ae2a3036ac170eb6294f89d/element/f.D876D0B9E4FB8B9E585720C2FE40BD5D.d.BA4F230CB385B76271E6576F81815264.e.1073/enabled - {}
COMMAND: GET /session/673ee8da6ae2a3036ac170eb6294f89d/screenshot - {}
RESULT: {}
COMMAND: POST /session/673ee8da6ae2a3036ac170eb6294f89d/execute/sync - {"script":"<script> [8489 bytes]","args":[{"element-6066-11e4-a52e-4f735466cecf":"f.D876D0B9E4FB8B9E585720C2FE40BD5D.d.BA4F230CB385B76271E6576F81815264.e.1073","ELEMENT":"f.D876D0B9E4FB8B9E585720C2FE40BD5D.d.BA4F230CB385B76271E6576F81815264.e.1073"}]}
COMMAND: GET /session/673ee8da6ae2a3036ac170eb6294f89d/screenshot - {}
RESULT: {}
RESULT: {"script":"<script> [8489 bytes]","args":[{"element-6066-11e4-a52e-4f735466cecf":"f.D876D0B9E4FB8B9E585720C2FE40BD5D.d.BA4F230CB385B76271E6576F81815264.e.1073","ELEMENT":"f.D876D0B9E4FB8B9E585720C2FE40BD5D.d.BA4F230CB385B76271E6576F81815264.e.1073"}]}
COMMAND: POST /session/673ee8da6ae2a3036ac170eb6294f89d/execute/sync - {"script":"<script> [5351 bytes]","args":[{"element-6066-11e4-a52e-4f735466cecf":"f.D876D0B9E4FB8B9E585720C2FE40BD5D.d.BA4F230CB385B76271E6576F81815264.e.1073","ELEMENT":"f.D876D0B9E4FB8B9E585720C2FE40BD5D.d.BA4F230CB385B76271E6576F81815264.e.1073"}]}
COMMAND: GET /session/673ee8da6ae2a3036ac170eb6294f89d/screenshot - {}
RESULT: {}
RESULT: {"script":"<script> [5351 bytes]","args":[{"element-6066-11e4-a52e-4f735466cecf":"f.D876D0B9E4FB8B9E585720C2FE40BD5D.d.BA4F230CB385B76271E6576F81815264.e.1073","ELEMENT":"f.D876D0B9E4FB8B9E585720C2FE40BD5D.d.BA4F230CB385B76271E6576F81815264.e.1073"}]}
COMMAND: POST /session/673ee8da6ae2a3036ac170eb6294f89d/element/f.D876D0B9E4FB8B9E585720C2FE40BD5D.d.BA4F230CB385B76271E6576F81815264.e.1073/click - {}
COMMAND: GET /session/673ee8da6ae2a3036ac170eb6294f89d/screenshot - {}
RESULT: {}
RESULT: {}
COMMAND: GET /session/673ee8da6ae2a3036ac170eb6294f89d/screenshot - {}
COMMAND: POST /session/673ee8da6ae2a3036ac170eb6294f89d/execute/async - {"script":"<script> [1562 bytes]","args":[{"selector":{"id":"application-managepartners-display-component---NewPartner--addressDetailDetailsName1","interaction":{"idSuffix":"inner"}},"wdio_ui5_key":"applicationmanagepartners-display-component---NewPartner--addressDetailDetailsName1"}]}
RESULT: {}
RESULT: {}
RESULT: {"script":"<script> [1562 bytes]","args":[{"selector":{"id":"application-managepartners-display-component---NewPartner--addressDetailDetailsName1","interaction":{"idSuffix":"inner"}},"wdio_ui5_key":"applicationmanagepartners-display-component---NewPartner--addressDetailDetailsName1"}]}
RESULT: undefined
COMMAND: POST /session/673ee8da6ae2a3036ac170eb6294f89d/execute/async - {"script":"<script> [776 bytes]","args":[{"enterText":"Intercompany Partner WDIO","selector":{"id":"application-managepartners-display-component---NewPartner--addressDetailDetailsName1","interaction":{"idSuffix":"inner"}},"clearTextFirst":true,"interactionType":"ENTER_TEXT"}]}
RESULT: {"script":"<script> [776 bytes]","args":[{"enterText":"Intercompany Partner WDIO","selector":{"id":"application-managepartners-display-component---NewPartner--addressDetailDetailsName1","interaction":{"idSuffix":"inner"}},"clearTextFirst":true,"interactionType":"ENTER_TEXT"}]}
COMMAND: POST /session/673ee8da6ae2a3036ac170eb6294f89d/execute/async - {"script":"<script> [1562 bytes]","args":[{"selector":{"id":"application-managepartners-display-component---NewPartner--addressDetailDetailsLanguage-arrow"},"wdio_ui5_key":"applicationmanagepartners-display-component---NewPartner--addressDetailDetailsLanguage-arrow"}]}
RESULT: {"script":"<script> [1562 bytes]","args":[{"selector":{"id":"application-managepartners-display-component---NewPartner--addressDetailDetailsLanguage-arrow"},"wdio_ui5_key":"applicationmanagepartners-display-component---NewPartner--addressDetailDetailsLanguage-arrow"}]}
RESULT: undefined
COMMAND: POST /session/673ee8da6ae2a3036ac170eb6294f89d/element - {"using":"xpath","value":"//*[@id=\"application-managepartners-display-component---NewPartner--addressDetailDetailsLanguage-arrow\"]"}
RESULT: {"using":"xpath","value":"//*[@id=\"application-managepartners-display-component---NewPartner--addressDetailDetailsLanguage-arrow\"]"}
COMMAND: POST /session/673ee8da6ae2a3036ac170eb6294f89d/element/f.D876D0B9E4FB8B9E585720C2FE40BD5D.d.BA4F230CB385B76271E6576F81815264.e.1517/click - {}
RESULT: {}
COMMAND: POST /session/673ee8da6ae2a3036ac170eb6294f89d/element - {"using":"xpath","value":"//span[contains(text(), \"English\")]"}
COMMAND: GET /session/673ee8da6ae2a3036ac170eb6294f89d/screenshot - {}
RESULT: {"using":"xpath","value":"//span[contains(text(), \"English\")]"}
COMMAND: POST /session/673ee8da6ae2a3036ac170eb6294f89d/element/f.D876D0B9E4FB8B9E585720C2FE40BD5D.d.BA4F230CB385B76271E6576F81815264.e.1518/click - {}
RESULT: {}
RESULT: {}
COMMAND: GET /session/673ee8da6ae2a3036ac170eb6294f89d/screenshot - {}
RESULT: {}
COMMAND: POST /session/673ee8da6ae2a3036ac170eb6294f89d/execute/async - {"script":"<script> [1562 bytes]","args":[{"selector":{"id":"application-managepartners-display-component---NewPartner--addressDetailDetailsCity1","interaction":{"idSuffix":"inner"}},"wdio_ui5_key":"applicationmanagepartners-display-component---NewPartner--addressDetailDetailsCity1"}]}
RESULT: {"script":"<script> [1562 bytes]","args":[{"selector":{"id":"application-managepartners-display-component---NewPartner--addressDetailDetailsCity1","interaction":{"idSuffix":"inner"}},"wdio_ui5_key":"applicationmanagepartners-display-component---NewPartner--addressDetailDetailsCity1"}]}
RESULT: undefined
COMMAND: POST /session/673ee8da6ae2a3036ac170eb6294f89d/execute/async - {"script":"<script> [776 bytes]","args":[{"enterText":"Rosario","selector":{"id":"application-managepartners-display-component---NewPartner--addressDetailDetailsCity1","interaction":{"idSuffix":"inner"}},"clearTextFirst":true,"interactionType":"ENTER_TEXT"}]}
RESULT: {"script":"<script> [776 bytes]","args":[{"enterText":"Rosario","selector":{"id":"application-managepartners-display-component---NewPartner--addressDetailDetailsCity1","interaction":{"idSuffix":"inner"}},"clearTextFirst":true,"interactionType":"ENTER_TEXT"}]}
COMMAND: POST /session/673ee8da6ae2a3036ac170eb6294f89d/execute/async - {"script":"<script> [1562 bytes]","args":[{"selector":{"id":"application-managepartners-display-component---NewPartner--addressDetailDetailsCountry-arrow"},"wdio_ui5_key":"applicationmanagepartners-display-component---NewPartner--addressDetailDetailsCountry-arrow"}]}
RESULT: {"script":"<script> [1562 bytes]","args":[{"selector":{"id":"application-managepartners-display-component---NewPartner--addressDetailDetailsCountry-arrow"},"wdio_ui5_key":"applicationmanagepartners-display-component---NewPartner--addressDetailDetailsCountry-arrow"}]}
RESULT: undefined
COMMAND: POST /session/673ee8da6ae2a3036ac170eb6294f89d/element - {"using":"xpath","value":"//*[@id=\"application-managepartners-display-component---NewPartner--addressDetailDetailsCountry-arrow\"]"}
RESULT: {"using":"xpath","value":"//*[@id=\"application-managepartners-display-component---NewPartner--addressDetailDetailsCountry-arrow\"]"}
COMMAND: POST /session/673ee8da6ae2a3036ac170eb6294f89d/element/f.D876D0B9E4FB8B9E585720C2FE40BD5D.d.BA4F230CB385B76271E6576F81815264.e.1504/click - {}
RESULT: {}
COMMAND: POST /session/673ee8da6ae2a3036ac170eb6294f89d/element - {"using":"xpath","value":"//span[contains(text(), \"Argentina\")]"}
COMMAND: GET /session/673ee8da6ae2a3036ac170eb6294f89d/screenshot - {}
RESULT: {"using":"xpath","value":"//span[contains(text(), \"Argentina\")]"}
COMMAND: POST /session/673ee8da6ae2a3036ac170eb6294f89d/element/f.D876D0B9E4FB8B9E585720C2FE40BD5D.d.BA4F230CB385B76271E6576F81815264.e.1520/click - {}
RESULT: {}
RESULT: {}
COMMAND: GET /session/673ee8da6ae2a3036ac170eb6294f89d/screenshot - {}
RESULT: {}
COMMAND: POST /session/673ee8da6ae2a3036ac170eb6294f89d/element - {"using":"xpath","value":"//bdi[contains(text(), \"Commercial\")]"}
RESULT: {"using":"xpath","value":"//bdi[contains(text(), \"Commercial\")]"}
COMMAND: POST /session/673ee8da6ae2a3036ac170eb6294f89d/element/f.D876D0B9E4FB8B9E585720C2FE40BD5D.d.BA4F230CB385B76271E6576F81815264.e.1521/click - {}
RESULT: {}
COMMAND: GET /session/673ee8da6ae2a3036ac170eb6294f89d/screenshot - {}
RESULT: {}
COMMAND: POST /session/673ee8da6ae2a3036ac170eb6294f89d/execute/async - {"script":"<script> [1562 bytes]","args":[{"selector":{"id":"application-managepartners-display-component---NewPartner--partnerDetailInternal-arrow"},"wdio_ui5_key":"applicationmanagepartners-display-component---NewPartner--partnerDetailInternal-arrow"}]}
RESULT: {"script":"<script> [1562 bytes]","args":[{"selector":{"id":"application-managepartners-display-component---NewPartner--partnerDetailInternal-arrow"},"wdio_ui5_key":"applicationmanagepartners-display-component---NewPartner--partnerDetailInternal-arrow"}]}
RESULT: undefined
COMMAND: POST /session/673ee8da6ae2a3036ac170eb6294f89d/element - {"using":"xpath","value":"//*[@id=\"application-managepartners-display-component---NewPartner--partnerDetailInternal-arrow\"]"}
RESULT: {"using":"xpath","value":"//*[@id=\"application-managepartners-display-component---NewPartner--partnerDetailInternal-arrow\"]"}
COMMAND: POST /session/673ee8da6ae2a3036ac170eb6294f89d/element/f.D876D0B9E4FB8B9E585720C2FE40BD5D.d.BA4F230CB385B76271E6576F81815264.e.1527/click - {}
RESULT: {}
COMMAND: POST /session/673ee8da6ae2a3036ac170eb6294f89d/element - {"using":"xpath","value":"//span[contains(text(), \"Affiliated company\")]"}
COMMAND: GET /session/673ee8da6ae2a3036ac170eb6294f89d/screenshot - {}
RESULT: {"using":"xpath","value":"//span[contains(text(), \"Affiliated company\")]"}
COMMAND: POST /session/673ee8da6ae2a3036ac170eb6294f89d/element/f.D876D0B9E4FB8B9E585720C2FE40BD5D.d.BA4F230CB385B76271E6576F81815264.e.1528/click - {}
RESULT: {}
RESULT: {}
COMMAND: POST /session/673ee8da6ae2a3036ac170eb6294f89d/execute/async - {"script":"<script> [1562 bytes]","args":[{"selector":{"id":"application-managepartners-display-component---NewPartner--partnerDetailsCurrency-arrow"},"wdio_ui5_key":"applicationmanagepartners-display-component---NewPartner--partnerDetailsCurrency-arrow"}]}
COMMAND: GET /session/673ee8da6ae2a3036ac170eb6294f89d/screenshot - {}
RESULT: {"script":"<script> [1562 bytes]","args":[{"selector":{"id":"application-managepartners-display-component---NewPartner--partnerDetailsCurrency-arrow"},"wdio_ui5_key":"applicationmanagepartners-display-component---NewPartner--partnerDetailsCurrency-arrow"}]}
RESULT: undefined
COMMAND: POST /session/673ee8da6ae2a3036ac170eb6294f89d/element - {"using":"xpath","value":"//*[@id=\"application-managepartners-display-component---NewPartner--partnerDetailsCurrency-arrow\"]"}
RESULT: {}
RESULT: {"using":"xpath","value":"//*[@id=\"application-managepartners-display-component---NewPartner--partnerDetailsCurrency-arrow\"]"}
COMMAND: POST /session/673ee8da6ae2a3036ac170eb6294f89d/element/f.D876D0B9E4FB8B9E585720C2FE40BD5D.d.BA4F230CB385B76271E6576F81815264.e.1535/click - {}
RESULT: {}
COMMAND: POST /session/673ee8da6ae2a3036ac170eb6294f89d/element - {"using":"xpath","value":"//span[contains(text(), \"Euro\")]"}
COMMAND: GET /session/673ee8da6ae2a3036ac170eb6294f89d/screenshot - {}
RESULT: {"using":"xpath","value":"//span[contains(text(), \"Euro\")]"}
COMMAND: POST /session/673ee8da6ae2a3036ac170eb6294f89d/element/f.D876D0B9E4FB8B9E585720C2FE40BD5D.d.BA4F230CB385B76271E6576F81815264.e.1536/click - {}
RESULT: {}
RESULT: {}
COMMAND: POST /session/673ee8da6ae2a3036ac170eb6294f89d/execute/async - {"script":"<script> [1562 bytes]","args":[{"selector":{"id":"application-managepartners-display-component---NewPartner--addressEditDetailsCostObjectCstType-arrow"},"wdio_ui5_key":"applicationmanagepartners-display-component---NewPartner--addressEditDetailsCostObjectCstType-arrow"}]}
COMMAND: GET /session/673ee8da6ae2a3036ac170eb6294f89d/screenshot - {}
RESULT: {"script":"<script> [1562 bytes]","args":[{"selector":{"id":"application-managepartners-display-component---NewPartner--addressEditDetailsCostObjectCstType-arrow"},"wdio_ui5_key":"applicationmanagepartners-display-component---NewPartner--addressEditDetailsCostObjectCstType-arrow"}]}
RESULT: undefined
COMMAND: POST /session/673ee8da6ae2a3036ac170eb6294f89d/element - {"using":"xpath","value":"//*[@id=\"application-managepartners-display-component---NewPartner--addressEditDetailsCostObjectCstType-arrow\"]"}
RESULT: {}
RESULT: {"using":"xpath","value":"//*[@id=\"application-managepartners-display-component---NewPartner--addressEditDetailsCostObjectCstType-arrow\"]"}
COMMAND: POST /session/673ee8da6ae2a3036ac170eb6294f89d/element/f.D876D0B9E4FB8B9E585720C2FE40BD5D.d.BA4F230CB385B76271E6576F81815264.e.1537/click - {}
RESULT: {}
COMMAND: POST /session/673ee8da6ae2a3036ac170eb6294f89d/element - {"using":"xpath","value":"//span[contains(text(), \"Cost Center\")]"}
COMMAND: GET /session/673ee8da6ae2a3036ac170eb6294f89d/screenshot - {}
RESULT: {"using":"xpath","value":"//span[contains(text(), \"Cost Center\")]"}
COMMAND: POST /session/673ee8da6ae2a3036ac170eb6294f89d/element/f.D876D0B9E4FB8B9E585720C2FE40BD5D.d.BA4F230CB385B76271E6576F81815264.e.1538/click - {}
RESULT: {}
RESULT: {}
COMMAND: GET /session/673ee8da6ae2a3036ac170eb6294f89d/screenshot - {}
RESULT: {}
COMMAND: POST /session/673ee8da6ae2a3036ac170eb6294f89d/element - {"using":"xpath","value":"//span[@id=\"application-managepartners-display-component---NewPartner--addressNewCostObjectCstID-vhi\"]"}
RESULT: {"using":"xpath","value":"//span[@id=\"application-managepartners-display-component---NewPartner--addressNewCostObjectCstID-vhi\"]"}
COMMAND: POST /session/673ee8da6ae2a3036ac170eb6294f89d/execute/sync - {"script":"<script> [8489 bytes]","args":[{"element-6066-11e4-a52e-4f735466cecf":"f.D876D0B9E4FB8B9E585720C2FE40BD5D.d.BA4F230CB385B76271E6576F81815264.e.1542","ELEMENT":"f.D876D0B9E4FB8B9E585720C2FE40BD5D.d.BA4F230CB385B76271E6576F81815264.e.1542"}]}
RESULT: {"script":"<script> [8489 bytes]","args":[{"element-6066-11e4-a52e-4f735466cecf":"f.D876D0B9E4FB8B9E585720C2FE40BD5D.d.BA4F230CB385B76271E6576F81815264.e.1542","ELEMENT":"f.D876D0B9E4FB8B9E585720C2FE40BD5D.d.BA4F230CB385B76271E6576F81815264.e.1542"}]}
COMMAND: POST /session/673ee8da6ae2a3036ac170eb6294f89d/execute/async - {"script":"<script> [1562 bytes]","args":[{"selector":{"id":"application-managepartners-display-component---NewPartner--addressNewCostObjectCstID-vhi"},"wdio_ui5_key":"applicationmanagepartners-display-component---NewPartner--addressNewCostObjectCstID-vhi"}]}
COMMAND: GET /session/673ee8da6ae2a3036ac170eb6294f89d/screenshot - {}
RESULT: {"script":"<script> [1562 bytes]","args":[{"selector":{"id":"application-managepartners-display-component---NewPartner--addressNewCostObjectCstID-vhi"},"wdio_ui5_key":"applicationmanagepartners-display-component---NewPartner--addressNewCostObjectCstID-vhi"}]}
RESULT: undefined
COMMAND: POST /session/673ee8da6ae2a3036ac170eb6294f89d/element - {"using":"xpath","value":"//*[@id=\"application-managepartners-display-component---NewPartner--addressNewCostObjectCstID-vhi\"]"}
RESULT: {}
RESULT: {"using":"xpath","value":"//*[@id=\"application-managepartners-display-component---NewPartner--addressNewCostObjectCstID-vhi\"]"}
COMMAND: POST /session/673ee8da6ae2a3036ac170eb6294f89d/element/f.D876D0B9E4FB8B9E585720C2FE40BD5D.d.BA4F230CB385B76271E6576F81815264.e.1542/click - {}
RESULT: {}
COMMAND: GET /session/673ee8da6ae2a3036ac170eb6294f89d/screenshot - {}
RESULT: {}
RESULT: undefined
COMMAND: POST /session/673ee8da6ae2a3036ac170eb6294f89d/execute/async - {"script":"<script> [776 bytes]","args":[{"enterText":"10001013","selector":{"controlType":"sap.m.SearchField","properties":{"placeholder":"Search"},"searchOpenDialogs":true,"interaction":{"idSuffix":"I"}},"clearTextFirst":true,"interactionType":"ENTER_TEXT"}]}
RESULT: {"script":"<script> [776 bytes]","args":[{"enterText":"10001013","selector":{"controlType":"sap.m.SearchField","properties":{"placeholder":"Search"},"searchOpenDialogs":true,"interaction":{"idSuffix":"I"}},"clearTextFirst":true,"interactionType":"ENTER_TEXT"}]}
COMMAND: POST /session/673ee8da6ae2a3036ac170eb6294f89d/actions - {"actions":[{"id":"action2","type":"key","parameters":{},"actions":[{"type":"keyDown","value":"î€‡"},{"type":"pause","duration":10},{"type":"keyUp","value":"î€‡"}]}]}
RESULT: {"actions":[{"id":"action2","type":"key","parameters":{},"actions":[{"type":"keyDown","value":"î€‡"},{"type":"pause","duration":10},{"type":"keyUp","value":"î€‡"}]}]}
COMMAND: GET /session/673ee8da6ae2a3036ac170eb6294f89d/screenshot - {}
RESULT: {}
COMMAND: POST /session/673ee8da6ae2a3036ac170eb6294f89d/element - {"using":"xpath","value":"//span[contains(text(), \"General Management\")]"}
RESULT: {"using":"xpath","value":"//span[contains(text(), \"General Management\")]"}
COMMAND: POST /session/673ee8da6ae2a3036ac170eb6294f89d/element/f.D876D0B9E4FB8B9E585720C2FE40BD5D.d.BA4F230CB385B76271E6576F81815264.e.1580/click - {}
RESULT: {}
COMMAND: GET /session/673ee8da6ae2a3036ac170eb6294f89d/screenshot - {}
RESULT: {}
COMMAND: POST /session/673ee8da6ae2a3036ac170eb6294f89d/element - {"using":"xpath","value":"//bdi[contains(text(), \"OK\")]"}
RESULT: {"using":"xpath","value":"//bdi[contains(text(), \"OK\")]"}
COMMAND: POST /session/673ee8da6ae2a3036ac170eb6294f89d/element/f.D876D0B9E4FB8B9E585720C2FE40BD5D.d.BA4F230CB385B76271E6576F81815264.e.1581/click - {}
RESULT: {}
COMMAND: GET /session/673ee8da6ae2a3036ac170eb6294f89d/screenshot - {}
RESULT: {}
COMMAND: POST /session/673ee8da6ae2a3036ac170eb6294f89d/element - {"using":"xpath","value":"//input[@id=\"application-managepartners-display-component---NewPartner--companyCodeComboBox-inner\"]"}
RESULT: {"using":"xpath","value":"//input[@id=\"application-managepartners-display-component---NewPartner--companyCodeComboBox-inner\"]"}
COMMAND: POST /session/673ee8da6ae2a3036ac170eb6294f89d/element/f.D876D0B9E4FB8B9E585720C2FE40BD5D.d.BA4F230CB385B76271E6576F81815264.e.1338/clear - {}
RESULT: {}
COMMAND: POST /session/673ee8da6ae2a3036ac170eb6294f89d/element/f.D876D0B9E4FB8B9E585720C2FE40BD5D.d.BA4F230CB385B76271E6576F81815264.e.1338/value - {"text":"C002"}
COMMAND: GET /session/673ee8da6ae2a3036ac170eb6294f89d/screenshot - {}
RESULT: {"text":"C002"}
COMMAND: GET /session/673ee8da6ae2a3036ac170eb6294f89d/screenshot - {}
RESULT: {}
RESULT: {}
COMMAND: POST /session/673ee8da6ae2a3036ac170eb6294f89d/element - {"using":"xpath","value":"//li[.//span[text()= \"C002\"]]"}
RESULT: {"using":"xpath","value":"//li[.//span[text()= \"C002\"]]"}
COMMAND: POST /session/673ee8da6ae2a3036ac170eb6294f89d/element/f.D876D0B9E4FB8B9E585720C2FE40BD5D.d.BA4F230CB385B76271E6576F81815264.e.1587/click - {}
RESULT: {}
COMMAND: GET /session/673ee8da6ae2a3036ac170eb6294f89d/screenshot - {}
RESULT: {}
COMMAND: POST /session/673ee8da6ae2a3036ac170eb6294f89d/execute/async - {"script":"<script> [1562 bytes]","args":[{"selector":{"id":"application-managepartners-display-component---NewPartner--btnAddTableRow-img"},"wdio_ui5_key":"applicationmanagepartners-display-component---NewPartner--btnAddTableRow-img"}]}
RESULT: {"script":"<script> [1562 bytes]","args":[{"selector":{"id":"application-managepartners-display-component---NewPartner--btnAddTableRow-img"},"wdio_ui5_key":"applicationmanagepartners-display-component---NewPartner--btnAddTableRow-img"}]}
RESULT: undefined
COMMAND: POST /session/673ee8da6ae2a3036ac170eb6294f89d/element - {"using":"xpath","value":"//*[@id=\"application-managepartners-display-component---NewPartner--btnAddTableRow-img\"]"}
RESULT: {"using":"xpath","value":"//*[@id=\"application-managepartners-display-component---NewPartner--btnAddTableRow-img\"]"}
COMMAND: POST /session/673ee8da6ae2a3036ac170eb6294f89d/element/f.D876D0B9E4FB8B9E585720C2FE40BD5D.d.BA4F230CB385B76271E6576F81815264.e.1588/click - {}
RESULT: {}
COMMAND: GET /session/673ee8da6ae2a3036ac170eb6294f89d/screenshot - {}
RESULT: {}
COMMAND: POST /session/673ee8da6ae2a3036ac170eb6294f89d/element - {"using":"xpath","value":"//input[@id=\"application-managepartners-display-component---NewPartner--assignmentYard-application-managepartners-display-component---NewPartner--assignmentsTable-0-inner\"]"}
RESULT: {"using":"xpath","value":"//input[@id=\"application-managepartners-display-component---NewPartner--assignmentYard-application-managepartners-display-component---NewPartner--assignmentsTable-0-inner\"]"}
COMMAND: POST /session/673ee8da6ae2a3036ac170eb6294f89d/element/f.D876D0B9E4FB8B9E585720C2FE40BD5D.d.BA4F230CB385B76271E6576F81815264.e.1591/clear - {}
RESULT: {}
COMMAND: POST /session/673ee8da6ae2a3036ac170eb6294f89d/element/f.D876D0B9E4FB8B9E585720C2FE40BD5D.d.BA4F230CB385B76271E6576F81815264.e.1591/value - {"text":"528"}
COMMAND: GET /session/673ee8da6ae2a3036ac170eb6294f89d/screenshot - {}
RESULT: {"text":"528"}
COMMAND: GET /session/673ee8da6ae2a3036ac170eb6294f89d/screenshot - {}
RESULT: {}
RESULT: {}
COMMAND: POST /session/673ee8da6ae2a3036ac170eb6294f89d/element - {"using":"xpath","value":"//li[.//span[text()='528']]"}
RESULT: {"using":"xpath","value":"//li[.//span[text()='528']]"}
COMMAND: POST /session/673ee8da6ae2a3036ac170eb6294f89d/element/f.D876D0B9E4FB8B9E585720C2FE40BD5D.d.BA4F230CB385B76271E6576F81815264.e.1600/click - {}
RESULT: {}
COMMAND: GET /session/673ee8da6ae2a3036ac170eb6294f89d/screenshot - {}
RESULT: {}
COMMAND: POST /session/673ee8da6ae2a3036ac170eb6294f89d/actions - {"actions":[{"id":"action3","type":"key","parameters":{},"actions":[{"type":"keyDown","value":"î€‡"},{"type":"pause","duration":10},{"type":"keyUp","value":"î€‡"}]}]}
RESULT: {"actions":[{"id":"action3","type":"key","parameters":{},"actions":[{"type":"keyDown","value":"î€‡"},{"type":"pause","duration":10},{"type":"keyUp","value":"î€‡"}]}]}
COMMAND: POST /session/673ee8da6ae2a3036ac170eb6294f89d/execute/async - {"script":"<script> [1562 bytes]","args":[{"selector":{"id":"application-managepartners-display-component---NewPartner--externalCustomerComboBox-application-managepartners-display-component---NewPartner--assignmentsTable-0-vhi"},"wdio_ui5_key":"applicationmanagepartners-display-component---NewPartner--externalCustomerComboBox-application-managepartners-display-component---NewPartner--assignmentsTable-0-vhi"}]}
COMMAND: GET /session/673ee8da6ae2a3036ac170eb6294f89d/screenshot - {}
RESULT: {"script":"<script> [1562 bytes]","args":[{"selector":{"id":"application-managepartners-display-component---NewPartner--externalCustomerComboBox-application-managepartners-display-component---NewPartner--assignmentsTable-0-vhi"},"wdio_ui5_key":"applicationmanagepartners-display-component---NewPartner--externalCustomerComboBox-application-managepartners-display-component---NewPartner--assignmentsTable-0-vhi"}]}
RESULT: undefined
COMMAND: POST /session/673ee8da6ae2a3036ac170eb6294f89d/element - {"using":"xpath","value":"//*[@id=\"application-managepartners-display-component---NewPartner--externalCustomerComboBox-application-managepartners-display-component---NewPartner--assignmentsTable-0-vhi\"]"}
RESULT: {}
RESULT: {"using":"xpath","value":"//*[@id=\"application-managepartners-display-component---NewPartner--externalCustomerComboBox-application-managepartners-display-component---NewPartner--assignmentsTable-0-vhi\"]"}
COMMAND: POST /session/673ee8da6ae2a3036ac170eb6294f89d/element/f.D876D0B9E4FB8B9E585720C2FE40BD5D.d.BA4F230CB385B76271E6576F81815264.e.1604/click - {}
RESULT: {}
RESULT: undefined
COMMAND: POST /session/673ee8da6ae2a3036ac170eb6294f89d/execute/async - {"script":"<script> [776 bytes]","args":[{"enterText":"300003","selector":{"controlType":"sap.m.SearchField","properties":{"placeholder":"Search"},"searchOpenDialogs":true,"interaction":{"idSuffix":"I"}},"clearTextFirst":true,"interactionType":"ENTER_TEXT"}]}
COMMAND: GET /session/673ee8da6ae2a3036ac170eb6294f89d/screenshot - {}
RESULT: {"script":"<script> [776 bytes]","args":[{"enterText":"300003","selector":{"controlType":"sap.m.SearchField","properties":{"placeholder":"Search"},"searchOpenDialogs":true,"interaction":{"idSuffix":"I"}},"clearTextFirst":true,"interactionType":"ENTER_TEXT"}]}
COMMAND: POST /session/673ee8da6ae2a3036ac170eb6294f89d/actions - {"actions":[{"id":"action4","type":"key","parameters":{},"actions":[{"type":"keyDown","value":"î€‡"},{"type":"pause","duration":10},{"type":"keyUp","value":"î€‡"}]}]}
RESULT: {}
RESULT: {"actions":[{"id":"action4","type":"key","parameters":{},"actions":[{"type":"keyDown","value":"î€‡"},{"type":"pause","duration":10},{"type":"keyUp","value":"î€‡"}]}]}
COMMAND: GET /session/673ee8da6ae2a3036ac170eb6294f89d/screenshot - {}
RESULT: {}
COMMAND: POST /session/673ee8da6ae2a3036ac170eb6294f89d/element - {"using":"xpath","value":"//span[contains(text(), \"300003\")]"}
RESULT: {"using":"xpath","value":"//span[contains(text(), \"300003\")]"}
COMMAND: POST /session/673ee8da6ae2a3036ac170eb6294f89d/element/f.D876D0B9E4FB8B9E585720C2FE40BD5D.d.BA4F230CB385B76271E6576F81815264.e.1622/click - {}
RESULT: {}
COMMAND: GET /session/673ee8da6ae2a3036ac170eb6294f89d/screenshot - {}
RESULT: {}
COMMAND: POST /session/673ee8da6ae2a3036ac170eb6294f89d/element - {"using":"xpath","value":"//bdi[contains(text(), \"OK\")]"}
RESULT: {"using":"xpath","value":"//bdi[contains(text(), \"OK\")]"}
COMMAND: POST /session/673ee8da6ae2a3036ac170eb6294f89d/element/f.D876D0B9E4FB8B9E585720C2FE40BD5D.d.BA4F230CB385B76271E6576F81815264.e.1624/click - {}
RESULT: {}
COMMAND: GET /session/673ee8da6ae2a3036ac170eb6294f89d/screenshot - {}
RESULT: {}
COMMAND: POST /session/673ee8da6ae2a3036ac170eb6294f89d/execute/async - {"script":"<script> [1562 bytes]","args":[{"selector":{"id":"application-managepartners-display-component---NewPartner--intercompVendorComboBox-application-managepartners-display-component---NewPartner--assignmentsTable-0-vhi"},"wdio_ui5_key":"applicationmanagepartners-display-component---NewPartner--intercompVendorComboBox-application-managepartners-display-component---NewPartner--assignmentsTable-0-vhi"}]}
RESULT: {"script":"<script> [1562 bytes]","args":[{"selector":{"id":"application-managepartners-display-component---NewPartner--intercompVendorComboBox-application-managepartners-display-component---NewPartner--assignmentsTable-0-vhi"},"wdio_ui5_key":"applicationmanagepartners-display-component---NewPartner--intercompVendorComboBox-application-managepartners-display-component---NewPartner--assignmentsTable-0-vhi"}]}
RESULT: undefined
COMMAND: POST /session/673ee8da6ae2a3036ac170eb6294f89d/element - {"using":"xpath","value":"//*[@id=\"application-managepartners-display-component---NewPartner--intercompVendorComboBox-application-managepartners-display-component---NewPartner--assignmentsTable-0-vhi\"]"}
RESULT: {"using":"xpath","value":"//*[@id=\"application-managepartners-display-component---NewPartner--intercompVendorComboBox-application-managepartners-display-component---NewPartner--assignmentsTable-0-vhi\"]"}
COMMAND: POST /session/673ee8da6ae2a3036ac170eb6294f89d/element/f.D876D0B9E4FB8B9E585720C2FE40BD5D.d.BA4F230CB385B76271E6576F81815264.e.1627/click - {}
RESULT: {}
RESULT: undefined
COMMAND: POST /session/673ee8da6ae2a3036ac170eb6294f89d/execute/async - {"script":"<script> [776 bytes]","args":[{"enterText":"100005","selector":{"controlType":"sap.m.SearchField","properties":{"placeholder":"Search"},"searchOpenDialogs":true,"interaction":{"idSuffix":"I"}},"clearTextFirst":true,"interactionType":"ENTER_TEXT"}]}
COMMAND: GET /session/673ee8da6ae2a3036ac170eb6294f89d/screenshot - {}
RESULT: {"script":"<script> [776 bytes]","args":[{"enterText":"100005","selector":{"controlType":"sap.m.SearchField","properties":{"placeholder":"Search"},"searchOpenDialogs":true,"interaction":{"idSuffix":"I"}},"clearTextFirst":true,"interactionType":"ENTER_TEXT"}]}
COMMAND: POST /session/673ee8da6ae2a3036ac170eb6294f89d/actions - {"actions":[{"id":"action5","type":"key","parameters":{},"actions":[{"type":"keyDown","value":"î€‡"},{"type":"pause","duration":10},{"type":"keyUp","value":"î€‡"}]}]}
RESULT: {}
RESULT: {"actions":[{"id":"action5","type":"key","parameters":{},"actions":[{"type":"keyDown","value":"î€‡"},{"type":"pause","duration":10},{"type":"keyUp","value":"î€‡"}]}]}
COMMAND: GET /session/673ee8da6ae2a3036ac170eb6294f89d/screenshot - {}
RESULT: {}
COMMAND: POST /session/673ee8da6ae2a3036ac170eb6294f89d/element - {"using":"xpath","value":"//span[contains(text(), \"Penguins - Field/12345 Berlin\")]"}
RESULT: {"using":"xpath","value":"//span[contains(text(), \"Penguins - Field/12345 Berlin\")]"}
COMMAND: POST /session/673ee8da6ae2a3036ac170eb6294f89d/element/f.D876D0B9E4FB8B9E585720C2FE40BD5D.d.BA4F230CB385B76271E6576F81815264.e.1646/click - {}
RESULT: {}
COMMAND: GET /session/673ee8da6ae2a3036ac170eb6294f89d/screenshot - {}
RESULT: {}
COMMAND: POST /session/673ee8da6ae2a3036ac170eb6294f89d/element - {"using":"xpath","value":"//bdi[contains(text(), \"OK\")]"}
RESULT: {"using":"xpath","value":"//bdi[contains(text(), \"OK\")]"}
COMMAND: POST /session/673ee8da6ae2a3036ac170eb6294f89d/element/f.D876D0B9E4FB8B9E585720C2FE40BD5D.d.BA4F230CB385B76271E6576F81815264.e.1647/click - {}
RESULT: {}
COMMAND: GET /session/673ee8da6ae2a3036ac170eb6294f89d/screenshot - {}
RESULT: {}
COMMAND: POST /session/673ee8da6ae2a3036ac170eb6294f89d/element - {"using":"xpath","value":"//button[@data-kt=\"saveButton\"]"}
RESULT: {"using":"xpath","value":"//button[@data-kt=\"saveButton\"]"}
COMMAND: POST /session/673ee8da6ae2a3036ac170eb6294f89d/element/f.D876D0B9E4FB8B9E585720C2FE40BD5D.d.BA4F230CB385B76271E6576F81815264.e.1427/click - {}
RESULT: {}
COMMAND: GET /session/673ee8da6ae2a3036ac170eb6294f89d/screenshot - {}
RESULT: {}
COMMAND: POST /session/673ee8da6ae2a3036ac170eb6294f89d/element - {"using":"xpath","value":"//header[contains(@id, 'ObjectPageLayout-headerTitle')]/div[1]/div[2]/div[2]/span[1]"}
RESULT: {"using":"xpath","value":"//header[contains(@id, 'ObjectPageLayout-headerTitle')]/div[1]/div[2]/div[2]/span[1]"}
COMMAND: POST /session/673ee8da6ae2a3036ac170eb6294f89d/elements - {"using":"xpath","value":"//header[contains(@id, 'ObjectPageLayout-headerTitle')]/div[1]/div[2]/div[2]/span[1]"}
RESULT: {"using":"xpath","value":"//header[contains(@id, 'ObjectPageLayout-headerTitle')]/div[1]/div[2]/div[2]/span[1]"}
COMMAND: POST /session/673ee8da6ae2a3036ac170eb6294f89d/execute/sync - {"script":"<script> [56 bytes]","args":[{"element-6066-11e4-a52e-4f735466cecf":"f.D876D0B9E4FB8B9E585720C2FE40BD5D.d.BA4F230CB385B76271E6576F81815264.e.1810","ELEMENT":"f.D876D0B9E4FB8B9E585720C2FE40BD5D.d.BA4F230CB385B76271E6576F81815264.e.1810"}]}
RESULT: {"script":"<script> [56 bytes]","args":[{"element-6066-11e4-a52e-4f735466cecf":"f.D876D0B9E4FB8B9E585720C2FE40BD5D.d.BA4F230CB385B76271E6576F81815264.e.1810","ELEMENT":"f.D876D0B9E4FB8B9E585720C2FE40BD5D.d.BA4F230CB385B76271E6576F81815264.e.1810"}]}
COMMAND: POST /session/673ee8da6ae2a3036ac170eb6294f89d/element - {"using":"css selector","value":"#shell-header-logo"}
COMMAND: GET /session/673ee8da6ae2a3036ac170eb6294f89d/screenshot - {}
RESULT: {"using":"css selector","value":"#shell-header-logo"}
COMMAND: POST /session/673ee8da6ae2a3036ac170eb6294f89d/element/f.D876D0B9E4FB8B9E585720C2FE40BD5D.d.BA4F230CB385B76271E6576F81815264.e.1029/click - {}
RESULT: {}
RESULT: {}
COMMAND: GET /session/673ee8da6ae2a3036ac170eb6294f89d/screenshot - {}
RESULT: {}
COMMAND: POST /session/673ee8da6ae2a3036ac170eb6294f89d/execute/sync - {"script":"<script> [299 bytes]","args":[["getModel","getResource"]]}
RESULT: {"script":"<script> [299 bytes]","args":[["getModel","getResource"]]}
COMMAND: GET /session/673ee8da6ae2a3036ac170eb6294f89d/screenshot - {}
]]></system-out>
    </testcase>
    <testcase classname="chrome.136_0_7103_93.windows.Billing_Transfer_-_Master_data_&amp;_Intercompany_US127250" name="Should create a new site" time="92.996">
      <system-out><![CDATA[
COMMAND: POST /session/673ee8da6ae2a3036ac170eb6294f89d/execute/async - {"script":"<script> [1562 bytes]","args":[{"selector":{"controlType":"sap.m.GenericTile","properties":{"header":"Manage Sites"}},"wdio_ui5_key":"sapm.GenericTile{\"header\":\"Manage Sites\"}"}]}
RESULT: {}
RESULT: {"script":"<script> [1562 bytes]","args":[{"selector":{"controlType":"sap.m.GenericTile","properties":{"header":"Manage Sites"}},"wdio_ui5_key":"sapm.GenericTile{\"header\":\"Manage Sites\"}"}]}
RESULT: undefined
COMMAND: POST /session/673ee8da6ae2a3036ac170eb6294f89d/element - {"using":"xpath","value":"//*[@id=\"__tile40\"]"}
RESULT: {"using":"xpath","value":"//*[@id=\"__tile40\"]"}
COMMAND: POST /session/673ee8da6ae2a3036ac170eb6294f89d/element/f.D876D0B9E4FB8B9E585720C2FE40BD5D.d.BA4F230CB385B76271E6576F81815264.e.164/click - {}
RESULT: {}
COMMAND: GET /session/673ee8da6ae2a3036ac170eb6294f89d/screenshot - {}
RESULT: {}
COMMAND: POST /session/673ee8da6ae2a3036ac170eb6294f89d/elements - {"using":"xpath","value":"//span[text()='Error']"}
RESULT: {"using":"xpath","value":"//span[text()='Error']"}
COMMAND: POST /session/673ee8da6ae2a3036ac170eb6294f89d/element - {"using":"xpath","value":"//button[@data-kt=\"addOverflowToolbarButton\"]"}
RESULT: {"using":"xpath","value":"//button[@data-kt=\"addOverflowToolbarButton\"]"}
COMMAND: POST /session/673ee8da6ae2a3036ac170eb6294f89d/elements - {"using":"xpath","value":"//button[@data-kt=\"addOverflowToolbarButton\"]"}
RESULT: {"using":"xpath","value":"//button[@data-kt=\"addOverflowToolbarButton\"]"}
COMMAND: POST /session/673ee8da6ae2a3036ac170eb6294f89d/execute/sync - {"script":"<script> [8489 bytes]","args":[{"element-6066-11e4-a52e-4f735466cecf":"f.D876D0B9E4FB8B9E585720C2FE40BD5D.d.BA4F230CB385B76271E6576F81815264.e.1958","ELEMENT":"f.D876D0B9E4FB8B9E585720C2FE40BD5D.d.BA4F230CB385B76271E6576F81815264.e.1958"}]}
RESULT: {"script":"<script> [8489 bytes]","args":[{"element-6066-11e4-a52e-4f735466cecf":"f.D876D0B9E4FB8B9E585720C2FE40BD5D.d.BA4F230CB385B76271E6576F81815264.e.1958","ELEMENT":"f.D876D0B9E4FB8B9E585720C2FE40BD5D.d.BA4F230CB385B76271E6576F81815264.e.1958"}]}
COMMAND: GET /session/673ee8da6ae2a3036ac170eb6294f89d/element/f.D876D0B9E4FB8B9E585720C2FE40BD5D.d.BA4F230CB385B76271E6576F81815264.e.1958/enabled - {}
COMMAND: GET /session/673ee8da6ae2a3036ac170eb6294f89d/screenshot - {}
RESULT: {}
COMMAND: POST /session/673ee8da6ae2a3036ac170eb6294f89d/execute/sync - {"script":"<script> [8489 bytes]","args":[{"element-6066-11e4-a52e-4f735466cecf":"f.D876D0B9E4FB8B9E585720C2FE40BD5D.d.BA4F230CB385B76271E6576F81815264.e.1958","ELEMENT":"f.D876D0B9E4FB8B9E585720C2FE40BD5D.d.BA4F230CB385B76271E6576F81815264.e.1958"}]}
COMMAND: GET /session/673ee8da6ae2a3036ac170eb6294f89d/screenshot - {}
RESULT: {}
RESULT: {"script":"<script> [8489 bytes]","args":[{"element-6066-11e4-a52e-4f735466cecf":"f.D876D0B9E4FB8B9E585720C2FE40BD5D.d.BA4F230CB385B76271E6576F81815264.e.1958","ELEMENT":"f.D876D0B9E4FB8B9E585720C2FE40BD5D.d.BA4F230CB385B76271E6576F81815264.e.1958"}]}
COMMAND: POST /session/673ee8da6ae2a3036ac170eb6294f89d/execute/sync - {"script":"<script> [5351 bytes]","args":[{"element-6066-11e4-a52e-4f735466cecf":"f.D876D0B9E4FB8B9E585720C2FE40BD5D.d.BA4F230CB385B76271E6576F81815264.e.1958","ELEMENT":"f.D876D0B9E4FB8B9E585720C2FE40BD5D.d.BA4F230CB385B76271E6576F81815264.e.1958"}]}
COMMAND: GET /session/673ee8da6ae2a3036ac170eb6294f89d/screenshot - {}
RESULT: {}
RESULT: {"script":"<script> [5351 bytes]","args":[{"element-6066-11e4-a52e-4f735466cecf":"f.D876D0B9E4FB8B9E585720C2FE40BD5D.d.BA4F230CB385B76271E6576F81815264.e.1958","ELEMENT":"f.D876D0B9E4FB8B9E585720C2FE40BD5D.d.BA4F230CB385B76271E6576F81815264.e.1958"}]}
COMMAND: POST /session/673ee8da6ae2a3036ac170eb6294f89d/element/f.D876D0B9E4FB8B9E585720C2FE40BD5D.d.BA4F230CB385B76271E6576F81815264.e.1958/click - {}
COMMAND: GET /session/673ee8da6ae2a3036ac170eb6294f89d/screenshot - {}
RESULT: {}
RESULT: {}
COMMAND: GET /session/673ee8da6ae2a3036ac170eb6294f89d/screenshot - {}
RESULT: {}
RESULT: {}
COMMAND: POST /session/673ee8da6ae2a3036ac170eb6294f89d/element - {"using":"xpath","value":"//input[@id=\"application-managesites-display-component---NewSite--siteId-inner\"]"}
RESULT: {"using":"xpath","value":"//input[@id=\"application-managesites-display-component---NewSite--siteId-inner\"]"}
COMMAND: POST /session/673ee8da6ae2a3036ac170eb6294f89d/element - {"using":"xpath","value":"//input[@id=\"application-managesites-display-component---NewSite--siteId-inner\"]"}
RESULT: {"using":"xpath","value":"//input[@id=\"application-managesites-display-component---NewSite--siteId-inner\"]"}
COMMAND: POST /session/673ee8da6ae2a3036ac170eb6294f89d/execute/async - {"script":"<script> [1562 bytes]","args":[{"selector":{"id":"application-managesites-display-component---NewSite--addressDetailDetailsName1","interaction":{"idSuffix":"inner"}},"wdio_ui5_key":"applicationmanagesites-display-component---NewSite--addressDetailDetailsName1"}]}
RESULT: {"script":"<script> [1562 bytes]","args":[{"selector":{"id":"application-managesites-display-component---NewSite--addressDetailDetailsName1","interaction":{"idSuffix":"inner"}},"wdio_ui5_key":"applicationmanagesites-display-component---NewSite--addressDetailDetailsName1"}]}
RESULT: undefined
COMMAND: POST /session/673ee8da6ae2a3036ac170eb6294f89d/execute/async - {"script":"<script> [776 bytes]","args":[{"enterText":"Intercompany Site wdIO","selector":{"id":"application-managesites-display-component---NewSite--addressDetailDetailsName1","interaction":{"idSuffix":"inner"}},"clearTextFirst":true,"interactionType":"ENTER_TEXT"}]}
RESULT: {"script":"<script> [776 bytes]","args":[{"enterText":"Intercompany Site wdIO","selector":{"id":"application-managesites-display-component---NewSite--addressDetailDetailsName1","interaction":{"idSuffix":"inner"}},"clearTextFirst":true,"interactionType":"ENTER_TEXT"}]}
COMMAND: POST /session/673ee8da6ae2a3036ac170eb6294f89d/execute/async - {"script":"<script> [1562 bytes]","args":[{"selector":{"id":"application-managesites-display-component---NewSite--addressDetailDetailsLanguage-arrow"},"wdio_ui5_key":"applicationmanagesites-display-component---NewSite--addressDetailDetailsLanguage-arrow"}]}
RESULT: {"script":"<script> [1562 bytes]","args":[{"selector":{"id":"application-managesites-display-component---NewSite--addressDetailDetailsLanguage-arrow"},"wdio_ui5_key":"applicationmanagesites-display-component---NewSite--addressDetailDetailsLanguage-arrow"}]}
RESULT: undefined
COMMAND: POST /session/673ee8da6ae2a3036ac170eb6294f89d/element - {"using":"xpath","value":"//*[@id=\"application-managesites-display-component---NewSite--addressDetailDetailsLanguage-arrow\"]"}
RESULT: {"using":"xpath","value":"//*[@id=\"application-managesites-display-component---NewSite--addressDetailDetailsLanguage-arrow\"]"}
COMMAND: POST /session/673ee8da6ae2a3036ac170eb6294f89d/element/f.D876D0B9E4FB8B9E585720C2FE40BD5D.d.BA4F230CB385B76271E6576F81815264.e.2485/click - {}
RESULT: {}
COMMAND: POST /session/673ee8da6ae2a3036ac170eb6294f89d/element - {"using":"xpath","value":"//span[contains(text(), \"English\")]"}
COMMAND: GET /session/673ee8da6ae2a3036ac170eb6294f89d/screenshot - {}
RESULT: {"using":"xpath","value":"//span[contains(text(), \"English\")]"}
COMMAND: POST /session/673ee8da6ae2a3036ac170eb6294f89d/element/f.D876D0B9E4FB8B9E585720C2FE40BD5D.d.BA4F230CB385B76271E6576F81815264.e.2486/click - {}
RESULT: {}
RESULT: {}
COMMAND: POST /session/673ee8da6ae2a3036ac170eb6294f89d/execute/async - {"script":"<script> [1562 bytes]","args":[{"selector":{"id":"application-managesites-display-component---NewSite--addressDetailDetailsCity1","interaction":{"idSuffix":"inner"}},"wdio_ui5_key":"applicationmanagesites-display-component---NewSite--addressDetailDetailsCity1"}]}
COMMAND: GET /session/673ee8da6ae2a3036ac170eb6294f89d/screenshot - {}
RESULT: {"script":"<script> [1562 bytes]","args":[{"selector":{"id":"application-managesites-display-component---NewSite--addressDetailDetailsCity1","interaction":{"idSuffix":"inner"}},"wdio_ui5_key":"applicationmanagesites-display-component---NewSite--addressDetailDetailsCity1"}]}
RESULT: undefined
COMMAND: POST /session/673ee8da6ae2a3036ac170eb6294f89d/execute/async - {"script":"<script> [776 bytes]","args":[{"enterText":"Rosario","selector":{"id":"application-managesites-display-component---NewSite--addressDetailDetailsCity1","interaction":{"idSuffix":"inner"}},"clearTextFirst":true,"interactionType":"ENTER_TEXT"}]}
RESULT: {}
RESULT: {"script":"<script> [776 bytes]","args":[{"enterText":"Rosario","selector":{"id":"application-managesites-display-component---NewSite--addressDetailDetailsCity1","interaction":{"idSuffix":"inner"}},"clearTextFirst":true,"interactionType":"ENTER_TEXT"}]}
COMMAND: POST /session/673ee8da6ae2a3036ac170eb6294f89d/execute/async - {"script":"<script> [1562 bytes]","args":[{"selector":{"id":"application-managesites-display-component---NewSite--addressDetailDetailsCountry-arrow"},"wdio_ui5_key":"applicationmanagesites-display-component---NewSite--addressDetailDetailsCountry-arrow"}]}
RESULT: {"script":"<script> [1562 bytes]","args":[{"selector":{"id":"application-managesites-display-component---NewSite--addressDetailDetailsCountry-arrow"},"wdio_ui5_key":"applicationmanagesites-display-component---NewSite--addressDetailDetailsCountry-arrow"}]}
RESULT: undefined
COMMAND: POST /session/673ee8da6ae2a3036ac170eb6294f89d/element - {"using":"xpath","value":"//*[@id=\"application-managesites-display-component---NewSite--addressDetailDetailsCountry-arrow\"]"}
RESULT: {"using":"xpath","value":"//*[@id=\"application-managesites-display-component---NewSite--addressDetailDetailsCountry-arrow\"]"}
COMMAND: POST /session/673ee8da6ae2a3036ac170eb6294f89d/element/f.D876D0B9E4FB8B9E585720C2FE40BD5D.d.BA4F230CB385B76271E6576F81815264.e.2488/click - {}
RESULT: {}
COMMAND: POST /session/673ee8da6ae2a3036ac170eb6294f89d/element - {"using":"xpath","value":"//span[contains(text(), \"Argentina\")]"}
COMMAND: GET /session/673ee8da6ae2a3036ac170eb6294f89d/screenshot - {}
RESULT: {"using":"xpath","value":"//span[contains(text(), \"Argentina\")]"}
COMMAND: POST /session/673ee8da6ae2a3036ac170eb6294f89d/element/f.D876D0B9E4FB8B9E585720C2FE40BD5D.d.BA4F230CB385B76271E6576F81815264.e.2489/click - {}
RESULT: {}
RESULT: {}
COMMAND: GET /session/673ee8da6ae2a3036ac170eb6294f89d/screenshot - {}
RESULT: {}
COMMAND: POST /session/673ee8da6ae2a3036ac170eb6294f89d/execute/async - {"script":"<script> [1562 bytes]","args":[{"selector":{"id":"application-managesites-display-component---NewSite--addressEditDetailsCostObjectCstType-arrow"},"wdio_ui5_key":"applicationmanagesites-display-component---NewSite--addressEditDetailsCostObjectCstType-arrow"}]}
RESULT: {"script":"<script> [1562 bytes]","args":[{"selector":{"id":"application-managesites-display-component---NewSite--addressEditDetailsCostObjectCstType-arrow"},"wdio_ui5_key":"applicationmanagesites-display-component---NewSite--addressEditDetailsCostObjectCstType-arrow"}]}
RESULT: undefined
COMMAND: POST /session/673ee8da6ae2a3036ac170eb6294f89d/element - {"using":"xpath","value":"//*[@id=\"application-managesites-display-component---NewSite--addressEditDetailsCostObjectCstType-arrow\"]"}
RESULT: {"using":"xpath","value":"//*[@id=\"application-managesites-display-component---NewSite--addressEditDetailsCostObjectCstType-arrow\"]"}
COMMAND: POST /session/673ee8da6ae2a3036ac170eb6294f89d/element/f.D876D0B9E4FB8B9E585720C2FE40BD5D.d.BA4F230CB385B76271E6576F81815264.e.2491/click - {}
RESULT: {}
COMMAND: POST /session/673ee8da6ae2a3036ac170eb6294f89d/element - {"using":"xpath","value":"//span[contains(text(), \"Cost Center\")]"}
COMMAND: GET /session/673ee8da6ae2a3036ac170eb6294f89d/screenshot - {}
RESULT: {"using":"xpath","value":"//span[contains(text(), \"Cost Center\")]"}
COMMAND: POST /session/673ee8da6ae2a3036ac170eb6294f89d/element/f.D876D0B9E4FB8B9E585720C2FE40BD5D.d.BA4F230CB385B76271E6576F81815264.e.2492/click - {}
RESULT: {}
RESULT: {}
COMMAND: GET /session/673ee8da6ae2a3036ac170eb6294f89d/screenshot - {}
RESULT: {}
COMMAND: POST /session/673ee8da6ae2a3036ac170eb6294f89d/element - {"using":"xpath","value":"//span[@id=\"application-managesites-display-component---NewSite--addressNewCostObjectCstID-vhi\"]"}
RESULT: {"using":"xpath","value":"//span[@id=\"application-managesites-display-component---NewSite--addressNewCostObjectCstID-vhi\"]"}
COMMAND: POST /session/673ee8da6ae2a3036ac170eb6294f89d/execute/sync - {"script":"<script> [8489 bytes]","args":[{"element-6066-11e4-a52e-4f735466cecf":"f.D876D0B9E4FB8B9E585720C2FE40BD5D.d.BA4F230CB385B76271E6576F81815264.e.2497","ELEMENT":"f.D876D0B9E4FB8B9E585720C2FE40BD5D.d.BA4F230CB385B76271E6576F81815264.e.2497"}]}
RESULT: {"script":"<script> [8489 bytes]","args":[{"element-6066-11e4-a52e-4f735466cecf":"f.D876D0B9E4FB8B9E585720C2FE40BD5D.d.BA4F230CB385B76271E6576F81815264.e.2497","ELEMENT":"f.D876D0B9E4FB8B9E585720C2FE40BD5D.d.BA4F230CB385B76271E6576F81815264.e.2497"}]}
COMMAND: POST /session/673ee8da6ae2a3036ac170eb6294f89d/execute/async - {"script":"<script> [1562 bytes]","args":[{"selector":{"id":"application-managesites-display-component---NewSite--addressNewCostObjectCstID-vhi"},"wdio_ui5_key":"applicationmanagesites-display-component---NewSite--addressNewCostObjectCstID-vhi"}]}
COMMAND: GET /session/673ee8da6ae2a3036ac170eb6294f89d/screenshot - {}
RESULT: {"script":"<script> [1562 bytes]","args":[{"selector":{"id":"application-managesites-display-component---NewSite--addressNewCostObjectCstID-vhi"},"wdio_ui5_key":"applicationmanagesites-display-component---NewSite--addressNewCostObjectCstID-vhi"}]}
RESULT: undefined
COMMAND: POST /session/673ee8da6ae2a3036ac170eb6294f89d/element - {"using":"xpath","value":"//*[@id=\"application-managesites-display-component---NewSite--addressNewCostObjectCstID-vhi\"]"}
RESULT: {}
RESULT: {"using":"xpath","value":"//*[@id=\"application-managesites-display-component---NewSite--addressNewCostObjectCstID-vhi\"]"}
COMMAND: POST /session/673ee8da6ae2a3036ac170eb6294f89d/element/f.D876D0B9E4FB8B9E585720C2FE40BD5D.d.BA4F230CB385B76271E6576F81815264.e.2497/click - {}
RESULT: {}
COMMAND: GET /session/673ee8da6ae2a3036ac170eb6294f89d/screenshot - {}
RESULT: {}
RESULT: undefined
COMMAND: POST /session/673ee8da6ae2a3036ac170eb6294f89d/execute/async - {"script":"<script> [776 bytes]","args":[{"enterText":"10001013","selector":{"controlType":"sap.m.SearchField","properties":{"placeholder":"Search"},"searchOpenDialogs":true,"interaction":{"idSuffix":"I"}},"clearTextFirst":true,"interactionType":"ENTER_TEXT"}]}
RESULT: {"script":"<script> [776 bytes]","args":[{"enterText":"10001013","selector":{"controlType":"sap.m.SearchField","properties":{"placeholder":"Search"},"searchOpenDialogs":true,"interaction":{"idSuffix":"I"}},"clearTextFirst":true,"interactionType":"ENTER_TEXT"}]}
COMMAND: POST /session/673ee8da6ae2a3036ac170eb6294f89d/actions - {"actions":[{"id":"action6","type":"key","parameters":{},"actions":[{"type":"keyDown","value":"î€‡"},{"type":"pause","duration":10},{"type":"keyUp","value":"î€‡"}]}]}
RESULT: {"actions":[{"id":"action6","type":"key","parameters":{},"actions":[{"type":"keyDown","value":"î€‡"},{"type":"pause","duration":10},{"type":"keyUp","value":"î€‡"}]}]}
COMMAND: GET /session/673ee8da6ae2a3036ac170eb6294f89d/screenshot - {}
RESULT: {}
COMMAND: POST /session/673ee8da6ae2a3036ac170eb6294f89d/element - {"using":"xpath","value":"//span[contains(text(), \"General Management\")]"}
RESULT: {"using":"xpath","value":"//span[contains(text(), \"General Management\")]"}
COMMAND: POST /session/673ee8da6ae2a3036ac170eb6294f89d/element/f.D876D0B9E4FB8B9E585720C2FE40BD5D.d.BA4F230CB385B76271E6576F81815264.e.2536/click - {}
RESULT: {}
COMMAND: GET /session/673ee8da6ae2a3036ac170eb6294f89d/screenshot - {}
RESULT: {}
COMMAND: POST /session/673ee8da6ae2a3036ac170eb6294f89d/element - {"using":"xpath","value":"//bdi[contains(text(), \"OK\")]"}
RESULT: {"using":"xpath","value":"//bdi[contains(text(), \"OK\")]"}
COMMAND: POST /session/673ee8da6ae2a3036ac170eb6294f89d/element/f.D876D0B9E4FB8B9E585720C2FE40BD5D.d.BA4F230CB385B76271E6576F81815264.e.2537/click - {}
RESULT: {}
COMMAND: GET /session/673ee8da6ae2a3036ac170eb6294f89d/screenshot - {}
RESULT: {}
COMMAND: POST /session/673ee8da6ae2a3036ac170eb6294f89d/element - {"using":"xpath","value":"//input[@id=\"application-managesites-display-component---NewSite--addressDetailDetailsCalendar-inner\"]"}
RESULT: {"using":"xpath","value":"//input[@id=\"application-managesites-display-component---NewSite--addressDetailDetailsCalendar-inner\"]"}
COMMAND: POST /session/673ee8da6ae2a3036ac170eb6294f89d/element/f.D876D0B9E4FB8B9E585720C2FE40BD5D.d.BA4F230CB385B76271E6576F81815264.e.2289/clear - {}
RESULT: {}
COMMAND: POST /session/673ee8da6ae2a3036ac170eb6294f89d/element/f.D876D0B9E4FB8B9E585720C2FE40BD5D.d.BA4F230CB385B76271E6576F81815264.e.2289/value - {"text":"Unit"}
COMMAND: GET /session/673ee8da6ae2a3036ac170eb6294f89d/screenshot - {}
RESULT: {"text":"Unit"}
COMMAND: GET /session/673ee8da6ae2a3036ac170eb6294f89d/screenshot - {}
RESULT: {}
RESULT: {}
COMMAND: POST /session/673ee8da6ae2a3036ac170eb6294f89d/actions - {"actions":[{"id":"action7","type":"key","parameters":{},"actions":[{"type":"keyDown","value":"î€‡"},{"type":"pause","duration":10},{"type":"keyUp","value":"î€‡"}]}]}
RESULT: {"actions":[{"id":"action7","type":"key","parameters":{},"actions":[{"type":"keyDown","value":"î€‡"},{"type":"pause","duration":10},{"type":"keyUp","value":"î€‡"}]}]}
COMMAND: POST /session/673ee8da6ae2a3036ac170eb6294f89d/element - {"using":"xpath","value":"//input[@id=\"application-managesites-display-component---NewSite--addressDetailDetailsYard-inner\"]"}
COMMAND: GET /session/673ee8da6ae2a3036ac170eb6294f89d/screenshot - {}
RESULT: {"using":"xpath","value":"//input[@id=\"application-managesites-display-component---NewSite--addressDetailDetailsYard-inner\"]"}
COMMAND: POST /session/673ee8da6ae2a3036ac170eb6294f89d/element/f.D876D0B9E4FB8B9E585720C2FE40BD5D.d.BA4F230CB385B76271E6576F81815264.e.2290/clear - {}
RESULT: {}
RESULT: {}
COMMAND: POST /session/673ee8da6ae2a3036ac170eb6294f89d/element/f.D876D0B9E4FB8B9E585720C2FE40BD5D.d.BA4F230CB385B76271E6576F81815264.e.2290/value - {"text":"528"}
COMMAND: GET /session/673ee8da6ae2a3036ac170eb6294f89d/screenshot - {}
RESULT: {"text":"528"}
COMMAND: GET /session/673ee8da6ae2a3036ac170eb6294f89d/screenshot - {}
RESULT: {}
RESULT: {}
COMMAND: POST /session/673ee8da6ae2a3036ac170eb6294f89d/element - {"using":"xpath","value":"//li[.//span[text()='528']]"}
RESULT: {"using":"xpath","value":"//li[.//span[text()='528']]"}
COMMAND: POST /session/673ee8da6ae2a3036ac170eb6294f89d/element/f.D876D0B9E4FB8B9E585720C2FE40BD5D.d.BA4F230CB385B76271E6576F81815264.e.2545/click - {}
RESULT: {}
COMMAND: GET /session/673ee8da6ae2a3036ac170eb6294f89d/screenshot - {}
RESULT: {}
COMMAND: POST /session/673ee8da6ae2a3036ac170eb6294f89d/element - {"using":"xpath","value":"//input[@id=\"application-managesites-display-component---NewSite--addressDetailDetailsPartner-inner\"]"}
RESULT: {"using":"xpath","value":"//input[@id=\"application-managesites-display-component---NewSite--addressDetailDetailsPartner-inner\"]"}
COMMAND: POST /session/673ee8da6ae2a3036ac170eb6294f89d/element - {"using":"xpath","value":"//input[@id=\"application-managesites-display-component---NewSite--addressDetailDetailsPartner-inner\"]"}
RESULT: {"using":"xpath","value":"//input[@id=\"application-managesites-display-component---NewSite--addressDetailDetailsPartner-inner\"]"}
COMMAND: POST /session/673ee8da6ae2a3036ac170eb6294f89d/element - {"using":"xpath","value":"//button[@data-kt=\"saveButton\"]"}
RESULT: {"using":"xpath","value":"//button[@data-kt=\"saveButton\"]"}
COMMAND: POST /session/673ee8da6ae2a3036ac170eb6294f89d/element/f.D876D0B9E4FB8B9E585720C2FE40BD5D.d.BA4F230CB385B76271E6576F81815264.e.2422/click - {}
RESULT: {}
COMMAND: GET /session/673ee8da6ae2a3036ac170eb6294f89d/screenshot - {}
RESULT: {}
COMMAND: POST /session/673ee8da6ae2a3036ac170eb6294f89d/element - {"using":"xpath","value":"//header[contains(@id, 'ObjectPageLayout-headerTitle')]/div[1]/div[2]/div[2]/span[1]"}
RESULT: {"using":"xpath","value":"//header[contains(@id, 'ObjectPageLayout-headerTitle')]/div[1]/div[2]/div[2]/span[1]"}
COMMAND: POST /session/673ee8da6ae2a3036ac170eb6294f89d/elements - {"using":"xpath","value":"//header[contains(@id, 'ObjectPageLayout-headerTitle')]/div[1]/div[2]/div[2]/span[1]"}
RESULT: {"using":"xpath","value":"//header[contains(@id, 'ObjectPageLayout-headerTitle')]/div[1]/div[2]/div[2]/span[1]"}
COMMAND: POST /session/673ee8da6ae2a3036ac170eb6294f89d/execute/sync - {"script":"<script> [56 bytes]","args":[{"element-6066-11e4-a52e-4f735466cecf":"f.D876D0B9E4FB8B9E585720C2FE40BD5D.d.BA4F230CB385B76271E6576F81815264.e.2747","ELEMENT":"f.D876D0B9E4FB8B9E585720C2FE40BD5D.d.BA4F230CB385B76271E6576F81815264.e.2747"}]}
RESULT: {"script":"<script> [56 bytes]","args":[{"element-6066-11e4-a52e-4f735466cecf":"f.D876D0B9E4FB8B9E585720C2FE40BD5D.d.BA4F230CB385B76271E6576F81815264.e.2747","ELEMENT":"f.D876D0B9E4FB8B9E585720C2FE40BD5D.d.BA4F230CB385B76271E6576F81815264.e.2747"}]}
COMMAND: POST /session/673ee8da6ae2a3036ac170eb6294f89d/element - {"using":"css selector","value":"#shell-header-logo"}
COMMAND: GET /session/673ee8da6ae2a3036ac170eb6294f89d/screenshot - {}
RESULT: {"using":"css selector","value":"#shell-header-logo"}
COMMAND: POST /session/673ee8da6ae2a3036ac170eb6294f89d/element/f.D876D0B9E4FB8B9E585720C2FE40BD5D.d.BA4F230CB385B76271E6576F81815264.e.1815/click - {}
RESULT: {}
RESULT: {}
COMMAND: GET /session/673ee8da6ae2a3036ac170eb6294f89d/screenshot - {}
RESULT: {}
COMMAND: POST /session/673ee8da6ae2a3036ac170eb6294f89d/execute/sync - {"script":"<script> [299 bytes]","args":[["getModel","getResource"]]}
RESULT: {"script":"<script> [299 bytes]","args":[["getModel","getResource"]]}
]]></system-out>
    </testcase>
    <testcase classname="chrome.136_0_7103_93.windows.Billing_Transfer_-_Master_data_&amp;_Intercompany_US127250" name="Should create a new equipment" time="127.444">
      <system-out><![CDATA[
COMMAND: POST /session/673ee8da6ae2a3036ac170eb6294f89d/execute/async - {"script":"<script> [1562 bytes]","args":[{"selector":{"controlType":"sap.m.GenericTile","properties":{"header":"Manage Resources"}},"wdio_ui5_key":"sapm.GenericTile{\"header\":\"Manage Resources\"}"}]}
COMMAND: GET /session/673ee8da6ae2a3036ac170eb6294f89d/screenshot - {}
RESULT: {"script":"<script> [1562 bytes]","args":[{"selector":{"controlType":"sap.m.GenericTile","properties":{"header":"Manage Resources"}},"wdio_ui5_key":"sapm.GenericTile{\"header\":\"Manage Resources\"}"}]}
RESULT: undefined
COMMAND: POST /session/673ee8da6ae2a3036ac170eb6294f89d/element - {"using":"xpath","value":"//*[@id=\"__tile39\"]"}
RESULT: {}
RESULT: {"using":"xpath","value":"//*[@id=\"__tile39\"]"}
COMMAND: POST /session/673ee8da6ae2a3036ac170eb6294f89d/element/f.D876D0B9E4FB8B9E585720C2FE40BD5D.d.BA4F230CB385B76271E6576F81815264.e.161/click - {}
RESULT: {}
COMMAND: GET /session/673ee8da6ae2a3036ac170eb6294f89d/screenshot - {}
RESULT: {}
COMMAND: POST /session/673ee8da6ae2a3036ac170eb6294f89d/elements - {"using":"xpath","value":"//span[text()='Error']"}
RESULT: {"using":"xpath","value":"//span[text()='Error']"}
COMMAND: POST /session/673ee8da6ae2a3036ac170eb6294f89d/element - {"using":"xpath","value":"//button[@data-kt=\"addNewRUOverflowToolbarButton\"]"}
RESULT: {"using":"xpath","value":"//button[@data-kt=\"addNewRUOverflowToolbarButton\"]"}
COMMAND: POST /session/673ee8da6ae2a3036ac170eb6294f89d/elements - {"using":"xpath","value":"//button[@data-kt=\"addNewRUOverflowToolbarButton\"]"}
RESULT: {"using":"xpath","value":"//button[@data-kt=\"addNewRUOverflowToolbarButton\"]"}
COMMAND: POST /session/673ee8da6ae2a3036ac170eb6294f89d/execute/sync - {"script":"<script> [8489 bytes]","args":[{"element-6066-11e4-a52e-4f735466cecf":"f.D876D0B9E4FB8B9E585720C2FE40BD5D.d.BA4F230CB385B76271E6576F81815264.e.2792","ELEMENT":"f.D876D0B9E4FB8B9E585720C2FE40BD5D.d.BA4F230CB385B76271E6576F81815264.e.2792"}]}
RESULT: {"script":"<script> [8489 bytes]","args":[{"element-6066-11e4-a52e-4f735466cecf":"f.D876D0B9E4FB8B9E585720C2FE40BD5D.d.BA4F230CB385B76271E6576F81815264.e.2792","ELEMENT":"f.D876D0B9E4FB8B9E585720C2FE40BD5D.d.BA4F230CB385B76271E6576F81815264.e.2792"}]}
COMMAND: GET /session/673ee8da6ae2a3036ac170eb6294f89d/element/f.D876D0B9E4FB8B9E585720C2FE40BD5D.d.BA4F230CB385B76271E6576F81815264.e.2792/enabled - {}
COMMAND: GET /session/673ee8da6ae2a3036ac170eb6294f89d/screenshot - {}
RESULT: {}
COMMAND: POST /session/673ee8da6ae2a3036ac170eb6294f89d/execute/sync - {"script":"<script> [8489 bytes]","args":[{"element-6066-11e4-a52e-4f735466cecf":"f.D876D0B9E4FB8B9E585720C2FE40BD5D.d.BA4F230CB385B76271E6576F81815264.e.2792","ELEMENT":"f.D876D0B9E4FB8B9E585720C2FE40BD5D.d.BA4F230CB385B76271E6576F81815264.e.2792"}]}
COMMAND: GET /session/673ee8da6ae2a3036ac170eb6294f89d/screenshot - {}
RESULT: {}
RESULT: {"script":"<script> [8489 bytes]","args":[{"element-6066-11e4-a52e-4f735466cecf":"f.D876D0B9E4FB8B9E585720C2FE40BD5D.d.BA4F230CB385B76271E6576F81815264.e.2792","ELEMENT":"f.D876D0B9E4FB8B9E585720C2FE40BD5D.d.BA4F230CB385B76271E6576F81815264.e.2792"}]}
COMMAND: POST /session/673ee8da6ae2a3036ac170eb6294f89d/execute/sync - {"script":"<script> [5351 bytes]","args":[{"element-6066-11e4-a52e-4f735466cecf":"f.D876D0B9E4FB8B9E585720C2FE40BD5D.d.BA4F230CB385B76271E6576F81815264.e.2792","ELEMENT":"f.D876D0B9E4FB8B9E585720C2FE40BD5D.d.BA4F230CB385B76271E6576F81815264.e.2792"}]}
COMMAND: GET /session/673ee8da6ae2a3036ac170eb6294f89d/screenshot - {}
RESULT: {}
RESULT: {"script":"<script> [5351 bytes]","args":[{"element-6066-11e4-a52e-4f735466cecf":"f.D876D0B9E4FB8B9E585720C2FE40BD5D.d.BA4F230CB385B76271E6576F81815264.e.2792","ELEMENT":"f.D876D0B9E4FB8B9E585720C2FE40BD5D.d.BA4F230CB385B76271E6576F81815264.e.2792"}]}
COMMAND: POST /session/673ee8da6ae2a3036ac170eb6294f89d/element/f.D876D0B9E4FB8B9E585720C2FE40BD5D.d.BA4F230CB385B76271E6576F81815264.e.2792/click - {}
COMMAND: GET /session/673ee8da6ae2a3036ac170eb6294f89d/screenshot - {}
RESULT: {}
RESULT: {}
COMMAND: GET /session/673ee8da6ae2a3036ac170eb6294f89d/screenshot - {}
RESULT: {}
RESULT: {}
COMMAND: POST /session/673ee8da6ae2a3036ac170eb6294f89d/execute/async - {"script":"<script> [1562 bytes]","args":[{"selector":{"id":"application-manageresources-display-component---newResourceUnit--TYPE-arrow"},"wdio_ui5_key":"applicationmanageresources-display-component---newResourceUnit--TYPE-arrow"}]}
RESULT: {"script":"<script> [1562 bytes]","args":[{"selector":{"id":"application-manageresources-display-component---newResourceUnit--TYPE-arrow"},"wdio_ui5_key":"applicationmanageresources-display-component---newResourceUnit--TYPE-arrow"}]}
RESULT: undefined
COMMAND: POST /session/673ee8da6ae2a3036ac170eb6294f89d/element - {"using":"xpath","value":"//*[@id=\"application-manageresources-display-component---newResourceUnit--TYPE-arrow\"]"}
RESULT: {"using":"xpath","value":"//*[@id=\"application-manageresources-display-component---newResourceUnit--TYPE-arrow\"]"}
COMMAND: POST /session/673ee8da6ae2a3036ac170eb6294f89d/element/f.D876D0B9E4FB8B9E585720C2FE40BD5D.d.BA4F230CB385B76271E6576F81815264.e.3138/click - {}
RESULT: {}
COMMAND: POST /session/673ee8da6ae2a3036ac170eb6294f89d/element - {"using":"xpath","value":"//input[@id=\"application-manageresources-display-component---newResourceUnit--TYPE-inner\"]"}
COMMAND: GET /session/673ee8da6ae2a3036ac170eb6294f89d/screenshot - {}
RESULT: {"using":"xpath","value":"//input[@id=\"application-manageresources-display-component---newResourceUnit--TYPE-inner\"]"}
COMMAND: POST /session/673ee8da6ae2a3036ac170eb6294f89d/element/f.D876D0B9E4FB8B9E585720C2FE40BD5D.d.BA4F230CB385B76271E6576F81815264.e.3132/clear - {}
RESULT: {}
RESULT: {}
COMMAND: POST /session/673ee8da6ae2a3036ac170eb6294f89d/element/f.D876D0B9E4FB8B9E585720C2FE40BD5D.d.BA4F230CB385B76271E6576F81815264.e.3132/value - {"text":"Equipment"}
COMMAND: GET /session/673ee8da6ae2a3036ac170eb6294f89d/screenshot - {}
RESULT: {"text":"Equipment"}
COMMAND: GET /session/673ee8da6ae2a3036ac170eb6294f89d/screenshot - {}
RESULT: {}
RESULT: {}
COMMAND: POST /session/673ee8da6ae2a3036ac170eb6294f89d/actions - {"actions":[{"id":"action8","type":"key","parameters":{},"actions":[{"type":"keyDown","value":"î€‡"},{"type":"pause","duration":10},{"type":"keyUp","value":"î€‡"}]}]}
RESULT: {"actions":[{"id":"action8","type":"key","parameters":{},"actions":[{"type":"keyDown","value":"î€‡"},{"type":"pause","duration":10},{"type":"keyUp","value":"î€‡"}]}]}
COMMAND: POST /session/673ee8da6ae2a3036ac170eb6294f89d/execute/async - {"script":"<script> [1562 bytes]","args":[{"selector":{"id":"application-manageresources-display-component---newResourceUnit--resourceId","interaction":{"idSuffix":"inner"}},"wdio_ui5_key":"applicationmanageresources-display-component---newResourceUnit--resourceId"}]}
COMMAND: GET /session/673ee8da6ae2a3036ac170eb6294f89d/screenshot - {}
RESULT: {"script":"<script> [1562 bytes]","args":[{"selector":{"id":"application-manageresources-display-component---newResourceUnit--resourceId","interaction":{"idSuffix":"inner"}},"wdio_ui5_key":"applicationmanageresources-display-component---newResourceUnit--resourceId"}]}
RESULT: undefined
COMMAND: POST /session/673ee8da6ae2a3036ac170eb6294f89d/execute/async - {"script":"<script> [776 bytes]","args":[{"enterText":"dciyl4KfvW","selector":{"id":"application-manageresources-display-component---newResourceUnit--resourceId","interaction":{"idSuffix":"inner"}},"clearTextFirst":true,"interactionType":"ENTER_TEXT"}]}
RESULT: {}
RESULT: {"script":"<script> [776 bytes]","args":[{"enterText":"dciyl4KfvW","selector":{"id":"application-manageresources-display-component---newResourceUnit--resourceId","interaction":{"idSuffix":"inner"}},"clearTextFirst":true,"interactionType":"ENTER_TEXT"}]}
COMMAND: POST /session/673ee8da6ae2a3036ac170eb6294f89d/execute/async - {"script":"<script> [1562 bytes]","args":[{"selector":{"id":"application-manageresources-display-component---newResourceUnit--SHORT_TEXT","interaction":{"idSuffix":"inner"}},"wdio_ui5_key":"applicationmanageresources-display-component---newResourceUnit--SHORT_TEXT"}]}
RESULT: {"script":"<script> [1562 bytes]","args":[{"selector":{"id":"application-manageresources-display-component---newResourceUnit--SHORT_TEXT","interaction":{"idSuffix":"inner"}},"wdio_ui5_key":"applicationmanageresources-display-component---newResourceUnit--SHORT_TEXT"}]}
RESULT: undefined
COMMAND: POST /session/673ee8da6ae2a3036ac170eb6294f89d/execute/async - {"script":"<script> [776 bytes]","args":[{"enterText":"Intercompany Equipment WDIO","selector":{"id":"application-manageresources-display-component---newResourceUnit--SHORT_TEXT","interaction":{"idSuffix":"inner"}},"clearTextFirst":true,"interactionType":"ENTER_TEXT"}]}
RESULT: {"script":"<script> [776 bytes]","args":[{"enterText":"Intercompany Equipment WDIO","selector":{"id":"application-manageresources-display-component---newResourceUnit--SHORT_TEXT","interaction":{"idSuffix":"inner"}},"clearTextFirst":true,"interactionType":"ENTER_TEXT"}]}
COMMAND: POST /session/673ee8da6ae2a3036ac170eb6294f89d/execute/async - {"script":"<script> [1562 bytes]","args":[{"selector":{"id":"application-manageresources-display-component---newResourceUnit--BASE_UNIT_OF_MEASURE","interaction":{"idSuffix":"inner"}},"wdio_ui5_key":"applicationmanageresources-display-component---newResourceUnit--BASE_UNIT_OF_MEASURE"}]}
RESULT: {"script":"<script> [1562 bytes]","args":[{"selector":{"id":"application-manageresources-display-component---newResourceUnit--BASE_UNIT_OF_MEASURE","interaction":{"idSuffix":"inner"}},"wdio_ui5_key":"applicationmanageresources-display-component---newResourceUnit--BASE_UNIT_OF_MEASURE"}]}
RESULT: undefined
COMMAND: POST /session/673ee8da6ae2a3036ac170eb6294f89d/execute/async - {"script":"<script> [776 bytes]","args":[{"enterText":"Piece","selector":{"id":"application-manageresources-display-component---newResourceUnit--BASE_UNIT_OF_MEASURE","interaction":{"idSuffix":"inner"}},"clearTextFirst":true,"interactionType":"ENTER_TEXT"}]}
RESULT: {"script":"<script> [776 bytes]","args":[{"enterText":"Piece","selector":{"id":"application-manageresources-display-component---newResourceUnit--BASE_UNIT_OF_MEASURE","interaction":{"idSuffix":"inner"}},"clearTextFirst":true,"interactionType":"ENTER_TEXT"}]}
COMMAND: POST /session/673ee8da6ae2a3036ac170eb6294f89d/execute/async - {"script":"<script> [1562 bytes]","args":[{"selector":{"id":"application-manageresources-display-component---newResourceUnit--WEIGHT_UNIT","interaction":{"idSuffix":"inner"}},"wdio_ui5_key":"applicationmanageresources-display-component---newResourceUnit--WEIGHT_UNIT"}]}
RESULT: {"script":"<script> [1562 bytes]","args":[{"selector":{"id":"application-manageresources-display-component---newResourceUnit--WEIGHT_UNIT","interaction":{"idSuffix":"inner"}},"wdio_ui5_key":"applicationmanageresources-display-component---newResourceUnit--WEIGHT_UNIT"}]}
RESULT: undefined
COMMAND: POST /session/673ee8da6ae2a3036ac170eb6294f89d/execute/async - {"script":"<script> [776 bytes]","args":[{"enterText":"Gram","selector":{"id":"application-manageresources-display-component---newResourceUnit--WEIGHT_UNIT","interaction":{"idSuffix":"inner"}},"clearTextFirst":true,"interactionType":"ENTER_TEXT"}]}
RESULT: {"script":"<script> [776 bytes]","args":[{"enterText":"Gram","selector":{"id":"application-manageresources-display-component---newResourceUnit--WEIGHT_UNIT","interaction":{"idSuffix":"inner"}},"clearTextFirst":true,"interactionType":"ENTER_TEXT"}]}
COMMAND: POST /session/673ee8da6ae2a3036ac170eb6294f89d/execute/async - {"script":"<script> [1562 bytes]","args":[{"selector":{"id":"application-manageresources-display-component---newResourceUnit--DIMENSION_UNIT","interaction":{"idSuffix":"inner"}},"wdio_ui5_key":"applicationmanageresources-display-component---newResourceUnit--DIMENSION_UNIT"}]}
RESULT: {"script":"<script> [1562 bytes]","args":[{"selector":{"id":"application-manageresources-display-component---newResourceUnit--DIMENSION_UNIT","interaction":{"idSuffix":"inner"}},"wdio_ui5_key":"applicationmanageresources-display-component---newResourceUnit--DIMENSION_UNIT"}]}
RESULT: undefined
COMMAND: POST /session/673ee8da6ae2a3036ac170eb6294f89d/execute/async - {"script":"<script> [776 bytes]","args":[{"enterText":"Meter","selector":{"id":"application-manageresources-display-component---newResourceUnit--DIMENSION_UNIT","interaction":{"idSuffix":"inner"}},"clearTextFirst":true,"interactionType":"ENTER_TEXT"}]}
RESULT: {"script":"<script> [776 bytes]","args":[{"enterText":"Meter","selector":{"id":"application-manageresources-display-component---newResourceUnit--DIMENSION_UNIT","interaction":{"idSuffix":"inner"}},"clearTextFirst":true,"interactionType":"ENTER_TEXT"}]}
COMMAND: POST /session/673ee8da6ae2a3036ac170eb6294f89d/execute/async - {"script":"<script> [1562 bytes]","args":[{"selector":{"id":"application-manageresources-display-component---newResourceUnit--newRRUPage-anchBar-application-manageresources-display-component---newResourceUnit--control-anchor","interaction":{"idSuffix":"BDI-content"}},"wdio_ui5_key":"applicationmanageresources-display-component---newResourceUnit--newRRUPage-anchBar-application-manageresources-display-component---newResourceUnit--control-anchor"}]}
RESULT: {"script":"<script> [1562 bytes]","args":[{"selector":{"id":"application-manageresources-display-component---newResourceUnit--newRRUPage-anchBar-application-manageresources-display-component---newResourceUnit--control-anchor","interaction":{"idSuffix":"BDI-content"}},"wdio_ui5_key":"applicationmanageresources-display-component---newResourceUnit--newRRUPage-anchBar-application-manageresources-display-component---newResourceUnit--control-anchor"}]}
RESULT: undefined
COMMAND: POST /session/673ee8da6ae2a3036ac170eb6294f89d/element - {"using":"xpath","value":"//*[@id=\"application-manageresources-display-component---newResourceUnit--newRRUPage-anchBar-application-manageresources-display-component---newResourceUnit--control-anchor\"]"}
RESULT: {"using":"xpath","value":"//*[@id=\"application-manageresources-display-component---newResourceUnit--newRRUPage-anchBar-application-manageresources-display-component---newResourceUnit--control-anchor\"]"}
COMMAND: POST /session/673ee8da6ae2a3036ac170eb6294f89d/element/f.D876D0B9E4FB8B9E585720C2FE40BD5D.d.BA4F230CB385B76271E6576F81815264.e.3268/click - {}
RESULT: {}
COMMAND: POST /session/673ee8da6ae2a3036ac170eb6294f89d/execute/async - {"script":"<script> [1562 bytes]","args":[{"selector":{"id":"application-manageresources-display-component---newResourceUnit--PLANNING_GROUP","interaction":{"idSuffix":"inner"}},"wdio_ui5_key":"applicationmanageresources-display-component---newResourceUnit--PLANNING_GROUP"}]}
COMMAND: GET /session/673ee8da6ae2a3036ac170eb6294f89d/screenshot - {}
RESULT: {"script":"<script> [1562 bytes]","args":[{"selector":{"id":"application-manageresources-display-component---newResourceUnit--PLANNING_GROUP","interaction":{"idSuffix":"inner"}},"wdio_ui5_key":"applicationmanageresources-display-component---newResourceUnit--PLANNING_GROUP"}]}
RESULT: undefined
COMMAND: POST /session/673ee8da6ae2a3036ac170eb6294f89d/execute/async - {"script":"<script> [776 bytes]","args":[{"enterText":"Heavy Equi","selector":{"id":"application-manageresources-display-component---newResourceUnit--PLANNING_GROUP","interaction":{"idSuffix":"inner"}},"clearTextFirst":true,"interactionType":"ENTER_TEXT"}]}
RESULT: {}
RESULT: {"script":"<script> [776 bytes]","args":[{"enterText":"Heavy Equi","selector":{"id":"application-manageresources-display-component---newResourceUnit--PLANNING_GROUP","interaction":{"idSuffix":"inner"}},"clearTextFirst":true,"interactionType":"ENTER_TEXT"}]}
COMMAND: POST /session/673ee8da6ae2a3036ac170eb6294f89d/execute/async - {"script":"<script> [1562 bytes]","args":[{"selector":{"id":"application-manageresources-display-component---newResourceUnit--ITEM_TYPE-arrow"},"wdio_ui5_key":"applicationmanageresources-display-component---newResourceUnit--ITEM_TYPE-arrow"}]}
RESULT: {"script":"<script> [1562 bytes]","args":[{"selector":{"id":"application-manageresources-display-component---newResourceUnit--ITEM_TYPE-arrow"},"wdio_ui5_key":"applicationmanageresources-display-component---newResourceUnit--ITEM_TYPE-arrow"}]}
RESULT: undefined
COMMAND: POST /session/673ee8da6ae2a3036ac170eb6294f89d/element - {"using":"xpath","value":"//*[@id=\"application-manageresources-display-component---newResourceUnit--ITEM_TYPE-arrow\"]"}
RESULT: {"using":"xpath","value":"//*[@id=\"application-manageresources-display-component---newResourceUnit--ITEM_TYPE-arrow\"]"}
COMMAND: POST /session/673ee8da6ae2a3036ac170eb6294f89d/element/f.D876D0B9E4FB8B9E585720C2FE40BD5D.d.BA4F230CB385B76271E6576F81815264.e.3275/click - {}
RESULT: {}
COMMAND: POST /session/673ee8da6ae2a3036ac170eb6294f89d/element - {"using":"xpath","value":"(//span[contains(text(), \"Resource Unit\")])[2]"}
COMMAND: GET /session/673ee8da6ae2a3036ac170eb6294f89d/screenshot - {}
RESULT: {"using":"xpath","value":"(//span[contains(text(), \"Resource Unit\")])[2]"}
COMMAND: POST /session/673ee8da6ae2a3036ac170eb6294f89d/element/f.D876D0B9E4FB8B9E585720C2FE40BD5D.d.BA4F230CB385B76271E6576F81815264.e.3276/click - {}
RESULT: {}
RESULT: {}
COMMAND: GET /session/673ee8da6ae2a3036ac170eb6294f89d/screenshot - {}
RESULT: {}
COMMAND: POST /session/673ee8da6ae2a3036ac170eb6294f89d/element - {"using":"css selector","value":"#application-manageresources-display-component---newResourceUnit--btnAddTimeSegment"}
RESULT: {"using":"css selector","value":"#application-manageresources-display-component---newResourceUnit--btnAddTimeSegment"}
COMMAND: GET /session/673ee8da6ae2a3036ac170eb6294f89d/element/f.D876D0B9E4FB8B9E585720C2FE40BD5D.d.BA4F230CB385B76271E6576F81815264.e.3277/rect - {}
RESULT: {}
COMMAND: GET /session/673ee8da6ae2a3036ac170eb6294f89d/window/rect - {}
RESULT: {}
COMMAND: POST /session/673ee8da6ae2a3036ac170eb6294f89d/execute/sync - {"script":"<script> [92 bytes]","args":[]}
RESULT: {"script":"<script> [92 bytes]","args":[]}
COMMAND: POST /session/673ee8da6ae2a3036ac170eb6294f89d/actions - {"actions":[{"id":"action9","type":"wheel","parameters":{},"actions":[{"type":"scroll","x":-1888,"y":-32,"deltaX":0,"deltaY":0,"duration":0,"origin":{"element-6066-11e4-a52e-4f735466cecf":"f.D876D0B9E4FB8B9E585720C2FE40BD5D.d.BA4F230CB385B76271E6576F81815264.e.3277"}}]}]}
COMMAND: GET /session/673ee8da6ae2a3036ac170eb6294f89d/screenshot - {}
RESULT: {}
COMMAND: POST /session/673ee8da6ae2a3036ac170eb6294f89d/execute/sync - {"script":"<script> [79 bytes]","args":[{"element-6066-11e4-a52e-4f735466cecf":"f.D876D0B9E4FB8B9E585720C2FE40BD5D.d.BA4F230CB385B76271E6576F81815264.e.3277","ELEMENT":"f.D876D0B9E4FB8B9E585720C2FE40BD5D.d.BA4F230CB385B76271E6576F81815264.e.3277"},{"block":"start","inline":"nearest"}]}
RESULT: {"script":"<script> [79 bytes]","args":[{"element-6066-11e4-a52e-4f735466cecf":"f.D876D0B9E4FB8B9E585720C2FE40BD5D.d.BA4F230CB385B76271E6576F81815264.e.3277","ELEMENT":"f.D876D0B9E4FB8B9E585720C2FE40BD5D.d.BA4F230CB385B76271E6576F81815264.e.3277"},{"block":"start","inline":"nearest"}]}
COMMAND: POST /session/673ee8da6ae2a3036ac170eb6294f89d/execute/async - {"script":"<script> [1562 bytes]","args":[{"selector":{"id":"application-manageresources-display-component---newResourceUnit--btnAddTimeSegment","interaction":{"idSuffix":"inner"}},"wdio_ui5_key":"applicationmanageresources-display-component---newResourceUnit--btnAddTimeSegment"}]}
COMMAND: GET /session/673ee8da6ae2a3036ac170eb6294f89d/screenshot - {}
RESULT: {"script":"<script> [1562 bytes]","args":[{"selector":{"id":"application-manageresources-display-component---newResourceUnit--btnAddTimeSegment","interaction":{"idSuffix":"inner"}},"wdio_ui5_key":"applicationmanageresources-display-component---newResourceUnit--btnAddTimeSegment"}]}
RESULT: undefined
COMMAND: POST /session/673ee8da6ae2a3036ac170eb6294f89d/element - {"using":"xpath","value":"//*[@id=\"application-manageresources-display-component---newResourceUnit--btnAddTimeSegment\"]"}
RESULT: {}
RESULT: {"using":"xpath","value":"//*[@id=\"application-manageresources-display-component---newResourceUnit--btnAddTimeSegment\"]"}
COMMAND: POST /session/673ee8da6ae2a3036ac170eb6294f89d/element/f.D876D0B9E4FB8B9E585720C2FE40BD5D.d.BA4F230CB385B76271E6576F81815264.e.3277/click - {}
RESULT: {}
COMMAND: GET /session/673ee8da6ae2a3036ac170eb6294f89d/screenshot - {}
RESULT: {}
COMMAND: POST /session/673ee8da6ae2a3036ac170eb6294f89d/element - {"using":"xpath","value":"//input[@id=\"application-manageresources-display-component---newResourceUnit--idRuTSAdmin-application-manageresources-display-component---newResourceUnit--RUTimeSegment-0-inner\"]"}
RESULT: {"using":"xpath","value":"//input[@id=\"application-manageresources-display-component---newResourceUnit--idRuTSAdmin-application-manageresources-display-component---newResourceUnit--RUTimeSegment-0-inner\"]"}
COMMAND: POST /session/673ee8da6ae2a3036ac170eb6294f89d/element/f.D876D0B9E4FB8B9E585720C2FE40BD5D.d.BA4F230CB385B76271E6576F81815264.e.3283/clear - {}
RESULT: {}
COMMAND: POST /session/673ee8da6ae2a3036ac170eb6294f89d/element/f.D876D0B9E4FB8B9E585720C2FE40BD5D.d.BA4F230CB385B76271E6576F81815264.e.3283/value - {"text":"528"}
COMMAND: GET /session/673ee8da6ae2a3036ac170eb6294f89d/screenshot - {}
RESULT: {"text":"528"}
COMMAND: GET /session/673ee8da6ae2a3036ac170eb6294f89d/screenshot - {}
RESULT: {}
RESULT: {}
COMMAND: POST /session/673ee8da6ae2a3036ac170eb6294f89d/element - {"using":"xpath","value":"//li[.//span[text()='528']]"}
RESULT: {"using":"xpath","value":"//li[.//span[text()='528']]"}
COMMAND: POST /session/673ee8da6ae2a3036ac170eb6294f89d/element/f.D876D0B9E4FB8B9E585720C2FE40BD5D.d.BA4F230CB385B76271E6576F81815264.e.3295/click - {}
RESULT: {}
COMMAND: GET /session/673ee8da6ae2a3036ac170eb6294f89d/screenshot - {}
RESULT: {}
COMMAND: POST /session/673ee8da6ae2a3036ac170eb6294f89d/element - {"using":"xpath","value":"(//span[contains(@id, \"-application-manageresources-display-component---newResourceUnit--RUTimeSegment-0-arrow\")])[6]"}
RESULT: {"using":"xpath","value":"(//span[contains(@id, \"-application-manageresources-display-component---newResourceUnit--RUTimeSegment-0-arrow\")])[6]"}
COMMAND: POST /session/673ee8da6ae2a3036ac170eb6294f89d/element/f.D876D0B9E4FB8B9E585720C2FE40BD5D.d.BA4F230CB385B76271E6576F81815264.e.3296/click - {}
RESULT: {}
COMMAND: GET /session/673ee8da6ae2a3036ac170eb6294f89d/screenshot - {}
RESULT: {}
COMMAND: POST /session/673ee8da6ae2a3036ac170eb6294f89d/element - {"using":"xpath","value":"//span[contains(text(), \"PM Order\")]"}
RESULT: {"using":"xpath","value":"//span[contains(text(), \"PM Order\")]"}
COMMAND: POST /session/673ee8da6ae2a3036ac170eb6294f89d/element/f.D876D0B9E4FB8B9E585720C2FE40BD5D.d.BA4F230CB385B76271E6576F81815264.e.3299/click - {}
RESULT: {}
COMMAND: GET /session/673ee8da6ae2a3036ac170eb6294f89d/screenshot - {}
RESULT: {}
COMMAND: POST /session/673ee8da6ae2a3036ac170eb6294f89d/element - {"using":"xpath","value":"(//span[contains(@id ,\"manageresources-display-component---newResourceUnit--RUTimeSegment-0-vhi\")])[1]"}
RESULT: {"using":"xpath","value":"(//span[contains(@id ,\"manageresources-display-component---newResourceUnit--RUTimeSegment-0-vhi\")])[1]"}
COMMAND: GET /session/673ee8da6ae2a3036ac170eb6294f89d/element/f.D876D0B9E4FB8B9E585720C2FE40BD5D.d.BA4F230CB385B76271E6576F81815264.e.3303/rect - {}
RESULT: {}
COMMAND: GET /session/673ee8da6ae2a3036ac170eb6294f89d/window/rect - {}
RESULT: {}
COMMAND: POST /session/673ee8da6ae2a3036ac170eb6294f89d/execute/sync - {"script":"<script> [92 bytes]","args":[]}
RESULT: {"script":"<script> [92 bytes]","args":[]}
COMMAND: POST /session/673ee8da6ae2a3036ac170eb6294f89d/actions - {"actions":[{"id":"action10","type":"wheel","parameters":{},"actions":[{"type":"scroll","x":-869,"y":-24,"deltaX":0,"deltaY":0,"duration":0,"origin":{"element-6066-11e4-a52e-4f735466cecf":"f.D876D0B9E4FB8B9E585720C2FE40BD5D.d.BA4F230CB385B76271E6576F81815264.e.3303"}}]}]}
COMMAND: GET /session/673ee8da6ae2a3036ac170eb6294f89d/screenshot - {}
RESULT: {}
RESULT: {"actions":[{"id":"action10","type":"wheel","parameters":{},"actions":[{"type":"scroll","x":-869,"y":-24,"deltaX":0,"deltaY":0,"duration":0,"origin":{"element-6066-11e4-a52e-4f735466cecf":"f.D876D0B9E4FB8B9E585720C2FE40BD5D.d.BA4F230CB385B76271E6576F81815264.e.3303"}}]}]}
COMMAND: DELETE /session/673ee8da6ae2a3036ac170eb6294f89d/actions - {}
COMMAND: GET /session/673ee8da6ae2a3036ac170eb6294f89d/screenshot - {}
RESULT: {}
COMMAND: GET /session/673ee8da6ae2a3036ac170eb6294f89d/screenshot - {}
RESULT: {}
RESULT: {}
COMMAND: POST /session/673ee8da6ae2a3036ac170eb6294f89d/element/f.D876D0B9E4FB8B9E585720C2FE40BD5D.d.BA4F230CB385B76271E6576F81815264.e.3303/click - {}
RESULT: {}
COMMAND: GET /session/673ee8da6ae2a3036ac170eb6294f89d/screenshot - {}
RESULT: {}
RESULT: undefined
COMMAND: POST /session/673ee8da6ae2a3036ac170eb6294f89d/execute/async - {"script":"<script> [776 bytes]","args":[{"enterText":"4000360","selector":{"controlType":"sap.m.SearchField","properties":{"placeholder":"Search"},"searchOpenDialogs":true,"interaction":{"idSuffix":"I"}},"clearTextFirst":true,"interactionType":"ENTER_TEXT"}]}
RESULT: {"script":"<script> [776 bytes]","args":[{"enterText":"4000360","selector":{"controlType":"sap.m.SearchField","properties":{"placeholder":"Search"},"searchOpenDialogs":true,"interaction":{"idSuffix":"I"}},"clearTextFirst":true,"interactionType":"ENTER_TEXT"}]}
COMMAND: POST /session/673ee8da6ae2a3036ac170eb6294f89d/actions - {"actions":[{"id":"action11","type":"key","parameters":{},"actions":[{"type":"keyDown","value":"î€‡"},{"type":"pause","duration":10},{"type":"keyUp","value":"î€‡"}]}]}
RESULT: {"actions":[{"id":"action11","type":"key","parameters":{},"actions":[{"type":"keyDown","value":"î€‡"},{"type":"pause","duration":10},{"type":"keyUp","value":"î€‡"}]}]}
COMMAND: GET /session/673ee8da6ae2a3036ac170eb6294f89d/screenshot - {}
RESULT: {}
COMMAND: POST /session/673ee8da6ae2a3036ac170eb6294f89d/element - {"using":"xpath","value":"//td/div/span[contains(text(), \"BGL Vehicles\")]"}
RESULT: {"using":"xpath","value":"//td/div/span[contains(text(), \"BGL Vehicles\")]"}
COMMAND: POST /session/673ee8da6ae2a3036ac170eb6294f89d/element/f.D876D0B9E4FB8B9E585720C2FE40BD5D.d.BA4F230CB385B76271E6576F81815264.e.3323/click - {}
RESULT: {}
COMMAND: GET /session/673ee8da6ae2a3036ac170eb6294f89d/screenshot - {}
RESULT: {}
COMMAND: POST /session/673ee8da6ae2a3036ac170eb6294f89d/element - {"using":"xpath","value":"//bdi[contains(text(), \"OK\")]"}
RESULT: {"using":"xpath","value":"//bdi[contains(text(), \"OK\")]"}
COMMAND: POST /session/673ee8da6ae2a3036ac170eb6294f89d/element/f.D876D0B9E4FB8B9E585720C2FE40BD5D.d.BA4F230CB385B76271E6576F81815264.e.3324/click - {}
RESULT: {}
COMMAND: GET /session/673ee8da6ae2a3036ac170eb6294f89d/screenshot - {}
RESULT: {}
COMMAND: POST /session/673ee8da6ae2a3036ac170eb6294f89d/execute/async - {"script":"<script> [1562 bytes]","args":[{"selector":{"id":"application-manageresources-display-component---newResourceUnit--newRRUPage-anchBar-application-manageresources-display-component---newResourceUnit--resource-anchor","interaction":{"idSuffix":"BDI-content"}},"wdio_ui5_key":"applicationmanageresources-display-component---newResourceUnit--newRRUPage-anchBar-application-manageresources-display-component---newResourceUnit--resource-anchor"}]}
RESULT: {"script":"<script> [1562 bytes]","args":[{"selector":{"id":"application-manageresources-display-component---newResourceUnit--newRRUPage-anchBar-application-manageresources-display-component---newResourceUnit--resource-anchor","interaction":{"idSuffix":"BDI-content"}},"wdio_ui5_key":"applicationmanageresources-display-component---newResourceUnit--newRRUPage-anchBar-application-manageresources-display-component---newResourceUnit--resource-anchor"}]}
RESULT: undefined
COMMAND: POST /session/673ee8da6ae2a3036ac170eb6294f89d/element - {"using":"xpath","value":"//*[@id=\"application-manageresources-display-component---newResourceUnit--newRRUPage-anchBar-application-manageresources-display-component---newResourceUnit--resource-anchor\"]"}
RESULT: {"using":"xpath","value":"//*[@id=\"application-manageresources-display-component---newResourceUnit--newRRUPage-anchBar-application-manageresources-display-component---newResourceUnit--resource-anchor\"]"}
COMMAND: POST /session/673ee8da6ae2a3036ac170eb6294f89d/element/f.D876D0B9E4FB8B9E585720C2FE40BD5D.d.BA4F230CB385B76271E6576F81815264.e.3328/click - {}
RESULT: {}
COMMAND: POST /session/673ee8da6ae2a3036ac170eb6294f89d/execute/async - {"script":"<script> [1562 bytes]","args":[{"selector":{"id":"application-manageresources-display-component---newResourceUnit--PLANNED_DELIVERY_DATE","interaction":{"idSuffix":"inner"}},"wdio_ui5_key":"applicationmanageresources-display-component---newResourceUnit--PLANNED_DELIVERY_DATE"}]}
COMMAND: GET /session/673ee8da6ae2a3036ac170eb6294f89d/screenshot - {}
RESULT: {"script":"<script> [1562 bytes]","args":[{"selector":{"id":"application-manageresources-display-component---newResourceUnit--PLANNED_DELIVERY_DATE","interaction":{"idSuffix":"inner"}},"wdio_ui5_key":"applicationmanageresources-display-component---newResourceUnit--PLANNED_DELIVERY_DATE"}]}
RESULT: undefined
COMMAND: POST /session/673ee8da6ae2a3036ac170eb6294f89d/execute/async - {"script":"<script> [6424 bytes]","args":[{"element-6066-11e4-a52e-4f735466cecf":"f.D876D0B9E4FB8B9E585720C2FE40BD5D.d.BA4F230CB385B76271E6576F81815264.e.3193"},"setValue",["5/18/25"]]}
RESULT: {}
RESULT: {"script":"<script> [6424 bytes]","args":[{"element-6066-11e4-a52e-4f735466cecf":"f.D876D0B9E4FB8B9E585720C2FE40BD5D.d.BA4F230CB385B76271E6576F81815264.e.3193"},"setValue",["5/18/25"]]}
COMMAND: POST /session/673ee8da6ae2a3036ac170eb6294f89d/element - {"using":"xpath","value":"//label[contains(@class, 'sapMLabelRequired') and .//bdi[contains(text(), 'Planned Retirement')]]"}
RESULT: {"using":"xpath","value":"//label[contains(@class, 'sapMLabelRequired') and .//bdi[contains(text(), 'Planned Retirement')]]"}
COMMAND: POST /session/673ee8da6ae2a3036ac170eb6294f89d/elements - {"using":"xpath","value":"//label[contains(@class, 'sapMLabelRequired') and .//bdi[contains(text(), 'Planned Retirement')]]"}
RESULT: {"using":"xpath","value":"//label[contains(@class, 'sapMLabelRequired') and .//bdi[contains(text(), 'Planned Retirement')]]"}
COMMAND: POST /session/673ee8da6ae2a3036ac170eb6294f89d/element - {"using":"xpath","value":"//button[@data-kt=\"resourceUnitSaveButton\"]"}
RESULT: {"using":"xpath","value":"//button[@data-kt=\"resourceUnitSaveButton\"]"}
COMMAND: POST /session/673ee8da6ae2a3036ac170eb6294f89d/element/f.D876D0B9E4FB8B9E585720C2FE40BD5D.d.BA4F230CB385B76271E6576F81815264.e.3154/click - {}
RESULT: {}
COMMAND: GET /session/673ee8da6ae2a3036ac170eb6294f89d/screenshot - {}
RESULT: {}
COMMAND: POST /session/673ee8da6ae2a3036ac170eb6294f89d/element - {"using":"xpath","value":"//bdi[contains(text(), \"Close\")]"}
RESULT: {"using":"xpath","value":"//bdi[contains(text(), \"Close\")]"}
COMMAND: POST /session/673ee8da6ae2a3036ac170eb6294f89d/element/f.D876D0B9E4FB8B9E585720C2FE40BD5D.d.BA4F230CB385B76271E6576F81815264.e.3336/click - {}
RESULT: {}
COMMAND: GET /session/673ee8da6ae2a3036ac170eb6294f89d/screenshot - {}
RESULT: {}
COMMAND: POST /session/673ee8da6ae2a3036ac170eb6294f89d/element - {"using":"xpath","value":"(//button[contains(@id ,\"actionsToolbar-overflowButton\")])[1]"}
RESULT: {"using":"xpath","value":"(//button[contains(@id ,\"actionsToolbar-overflowButton\")])[1]"}
COMMAND: POST /session/673ee8da6ae2a3036ac170eb6294f89d/element/f.D876D0B9E4FB8B9E585720C2FE40BD5D.d.BA4F230CB385B76271E6576F81815264.e.3388/click - {}
RESULT: {}
COMMAND: GET /session/673ee8da6ae2a3036ac170eb6294f89d/screenshot - {}
RESULT: {}
COMMAND: POST /session/673ee8da6ae2a3036ac170eb6294f89d/element - {"using":"xpath","value":"//button[@data-kt=\"priceInfoButton\"]"}
RESULT: {"using":"xpath","value":"//button[@data-kt=\"priceInfoButton\"]"}
COMMAND: POST /session/673ee8da6ae2a3036ac170eb6294f89d/element/f.D876D0B9E4FB8B9E585720C2FE40BD5D.d.BA4F230CB385B76271E6576F81815264.e.3390/click - {}
RESULT: {}
COMMAND: GET /session/673ee8da6ae2a3036ac170eb6294f89d/screenshot - {}
RESULT: {}
]]></system-out>
    </testcase>
    <testcase classname="chrome.136_0_7103_93.windows.Billing_Transfer_-_Master_data_&amp;_Intercompany_US127250" name="Should create new pricing rule TB on the equipment TB" time="52.026">
      <system-out><![CDATA[
COMMAND: POST /session/673ee8da6ae2a3036ac170eb6294f89d/element - {"using":"xpath","value":"//button[@data-kt=\"addButton\"]"}
RESULT: {"using":"xpath","value":"//button[@data-kt=\"addButton\"]"}
COMMAND: POST /session/673ee8da6ae2a3036ac170eb6294f89d/elements - {"using":"xpath","value":"//button[@data-kt=\"addButton\"]"}
RESULT: {"using":"xpath","value":"//button[@data-kt=\"addButton\"]"}
COMMAND: POST /session/673ee8da6ae2a3036ac170eb6294f89d/elements - {"using":"xpath","value":"//button[@data-kt=\"addButton\"]"}
RESULT: {"using":"xpath","value":"//button[@data-kt=\"addButton\"]"}
COMMAND: POST /session/673ee8da6ae2a3036ac170eb6294f89d/elements - {"using":"xpath","value":"//button[@data-kt=\"addButton\"]"}
RESULT: {"using":"xpath","value":"//button[@data-kt=\"addButton\"]"}
COMMAND: POST /session/673ee8da6ae2a3036ac170eb6294f89d/elements - {"using":"xpath","value":"//button[@data-kt=\"addButton\"]"}
RESULT: {"using":"xpath","value":"//button[@data-kt=\"addButton\"]"}
COMMAND: POST /session/673ee8da6ae2a3036ac170eb6294f89d/element - {"using":"xpath","value":"//button[@data-kt=\"addButton\"]"}
RESULT: {"using":"xpath","value":"//button[@data-kt=\"addButton\"]"}
COMMAND: POST /session/673ee8da6ae2a3036ac170eb6294f89d/execute/sync - {"script":"<script> [8489 bytes]","args":[{"element-6066-11e4-a52e-4f735466cecf":"f.D876D0B9E4FB8B9E585720C2FE40BD5D.d.BA4F230CB385B76271E6576F81815264.e.3427","ELEMENT":"f.D876D0B9E4FB8B9E585720C2FE40BD5D.d.BA4F230CB385B76271E6576F81815264.e.3427"}]}
RESULT: {"script":"<script> [8489 bytes]","args":[{"element-6066-11e4-a52e-4f735466cecf":"f.D876D0B9E4FB8B9E585720C2FE40BD5D.d.BA4F230CB385B76271E6576F81815264.e.3427","ELEMENT":"f.D876D0B9E4FB8B9E585720C2FE40BD5D.d.BA4F230CB385B76271E6576F81815264.e.3427"}]}
COMMAND: GET /session/673ee8da6ae2a3036ac170eb6294f89d/element/f.D876D0B9E4FB8B9E585720C2FE40BD5D.d.BA4F230CB385B76271E6576F81815264.e.3427/enabled - {}
COMMAND: GET /session/673ee8da6ae2a3036ac170eb6294f89d/screenshot - {}
RESULT: {}
COMMAND: POST /session/673ee8da6ae2a3036ac170eb6294f89d/execute/sync - {"script":"<script> [8489 bytes]","args":[{"element-6066-11e4-a52e-4f735466cecf":"f.D876D0B9E4FB8B9E585720C2FE40BD5D.d.BA4F230CB385B76271E6576F81815264.e.3427","ELEMENT":"f.D876D0B9E4FB8B9E585720C2FE40BD5D.d.BA4F230CB385B76271E6576F81815264.e.3427"}]}
COMMAND: GET /session/673ee8da6ae2a3036ac170eb6294f89d/screenshot - {}
RESULT: {}
RESULT: {"script":"<script> [8489 bytes]","args":[{"element-6066-11e4-a52e-4f735466cecf":"f.D876D0B9E4FB8B9E585720C2FE40BD5D.d.BA4F230CB385B76271E6576F81815264.e.3427","ELEMENT":"f.D876D0B9E4FB8B9E585720C2FE40BD5D.d.BA4F230CB385B76271E6576F81815264.e.3427"}]}
COMMAND: POST /session/673ee8da6ae2a3036ac170eb6294f89d/execute/sync - {"script":"<script> [5351 bytes]","args":[{"element-6066-11e4-a52e-4f735466cecf":"f.D876D0B9E4FB8B9E585720C2FE40BD5D.d.BA4F230CB385B76271E6576F81815264.e.3427","ELEMENT":"f.D876D0B9E4FB8B9E585720C2FE40BD5D.d.BA4F230CB385B76271E6576F81815264.e.3427"}]}
COMMAND: GET /session/673ee8da6ae2a3036ac170eb6294f89d/screenshot - {}
RESULT: {}
RESULT: {"script":"<script> [5351 bytes]","args":[{"element-6066-11e4-a52e-4f735466cecf":"f.D876D0B9E4FB8B9E585720C2FE40BD5D.d.BA4F230CB385B76271E6576F81815264.e.3427","ELEMENT":"f.D876D0B9E4FB8B9E585720C2FE40BD5D.d.BA4F230CB385B76271E6576F81815264.e.3427"}]}
COMMAND: POST /session/673ee8da6ae2a3036ac170eb6294f89d/element/f.D876D0B9E4FB8B9E585720C2FE40BD5D.d.BA4F230CB385B76271E6576F81815264.e.3427/click - {}
COMMAND: GET /session/673ee8da6ae2a3036ac170eb6294f89d/screenshot - {}
RESULT: {}
RESULT: {}
COMMAND: GET /session/673ee8da6ae2a3036ac170eb6294f89d/screenshot - {}
RESULT: {}
RESULT: {}
COMMAND: POST /session/673ee8da6ae2a3036ac170eb6294f89d/execute/async - {"script":"<script> [1562 bytes]","args":[{"selector":{"controlType":"sap.m.Title","viewName":"etm.portal.ui.managepricingrules.view.NewItem","viewId":"application-managepricingrules-display-component---newInfoPriceItem","properties":{"text":"New Pricing Rules - Item Level"}},"wdio_ui5_key":"etmportal.ui.managepricingrules.view.NewItemsap.m.Title{\"text\":\"New Pricing Rules - Item Level\"}"}]}
RESULT: {"script":"<script> [1562 bytes]","args":[{"selector":{"controlType":"sap.m.Title","viewName":"etm.portal.ui.managepricingrules.view.NewItem","viewId":"application-managepricingrules-display-component---newInfoPriceItem","properties":{"text":"New Pricing Rules - Item Level"}},"wdio_ui5_key":"etmportal.ui.managepricingrules.view.NewItemsap.m.Title{\"text\":\"New Pricing Rules - Item Level\"}"}]}
RESULT: undefined
COMMAND: POST /session/673ee8da6ae2a3036ac170eb6294f89d/execute/async - {"script":"<script> [6424 bytes]","args":[{"element-6066-11e4-a52e-4f735466cecf":"f.D876D0B9E4FB8B9E585720C2FE40BD5D.d.BA4F230CB385B76271E6576F81815264.e.3505"},"getText",[]]}
RESULT: {"script":"<script> [6424 bytes]","args":[{"element-6066-11e4-a52e-4f735466cecf":"f.D876D0B9E4FB8B9E585720C2FE40BD5D.d.BA4F230CB385B76271E6576F81815264.e.3505"},"getText",[]]}
COMMAND: POST /session/673ee8da6ae2a3036ac170eb6294f89d/execute/async - {"script":"<script> [1562 bytes]","args":[{"selector":{"id":"application-managepricingrules-display-component---newInfoPriceItem--condValidTo","interaction":{"idSuffix":"inner"}},"wdio_ui5_key":"applicationmanagepricingrules-display-component---newInfoPriceItem--condValidTo"}]}
RESULT: {"script":"<script> [1562 bytes]","args":[{"selector":{"id":"application-managepricingrules-display-component---newInfoPriceItem--condValidTo","interaction":{"idSuffix":"inner"}},"wdio_ui5_key":"applicationmanagepricingrules-display-component---newInfoPriceItem--condValidTo"}]}
RESULT: undefined
COMMAND: POST /session/673ee8da6ae2a3036ac170eb6294f89d/execute/async - {"script":"<script> [776 bytes]","args":[{"enterText":"1/18/26","selector":{"id":"application-managepricingrules-display-component---newInfoPriceItem--condValidTo","interaction":{"idSuffix":"inner"}},"clearTextFirst":true,"interactionType":"ENTER_TEXT"}]}
RESULT: {"script":"<script> [776 bytes]","args":[{"enterText":"1/18/26","selector":{"id":"application-managepricingrules-display-component---newInfoPriceItem--condValidTo","interaction":{"idSuffix":"inner"}},"clearTextFirst":true,"interactionType":"ENTER_TEXT"}]}
COMMAND: POST /session/673ee8da6ae2a3036ac170eb6294f89d/execute/async - {"script":"<script> [1562 bytes]","args":[{"selector":{"id":"application-managepricingrules-display-component---newInfoPriceItem--billType-arrow"},"wdio_ui5_key":"applicationmanagepricingrules-display-component---newInfoPriceItem--billType-arrow"}]}
RESULT: {"script":"<script> [1562 bytes]","args":[{"selector":{"id":"application-managepricingrules-display-component---newInfoPriceItem--billType-arrow"},"wdio_ui5_key":"applicationmanagepricingrules-display-component---newInfoPriceItem--billType-arrow"}]}
RESULT: undefined
COMMAND: POST /session/673ee8da6ae2a3036ac170eb6294f89d/element - {"using":"xpath","value":"//*[@id=\"application-managepricingrules-display-component---newInfoPriceItem--billType-arrow\"]"}
RESULT: {"using":"xpath","value":"//*[@id=\"application-managepricingrules-display-component---newInfoPriceItem--billType-arrow\"]"}
COMMAND: POST /session/673ee8da6ae2a3036ac170eb6294f89d/element/f.D876D0B9E4FB8B9E585720C2FE40BD5D.d.BA4F230CB385B76271E6576F81815264.e.3561/click - {}
RESULT: {}
COMMAND: POST /session/673ee8da6ae2a3036ac170eb6294f89d/element - {"using":"xpath","value":"//span[contains(text(), \"TB - Time based\")]"}
COMMAND: GET /session/673ee8da6ae2a3036ac170eb6294f89d/screenshot - {}
RESULT: {"using":"xpath","value":"//span[contains(text(), \"TB - Time based\")]"}
COMMAND: POST /session/673ee8da6ae2a3036ac170eb6294f89d/element/f.D876D0B9E4FB8B9E585720C2FE40BD5D.d.BA4F230CB385B76271E6576F81815264.e.3607/click - {}
RESULT: {}
RESULT: {}
COMMAND: POST /session/673ee8da6ae2a3036ac170eb6294f89d/execute/async - {"script":"<script> [1562 bytes]","args":[{"selector":{"id":"application-managepricingrules-display-component---newInfoPriceItem--priceProc-arrow"},"wdio_ui5_key":"applicationmanagepricingrules-display-component---newInfoPriceItem--priceProc-arrow"}]}
COMMAND: GET /session/673ee8da6ae2a3036ac170eb6294f89d/screenshot - {}
RESULT: {"script":"<script> [1562 bytes]","args":[{"selector":{"id":"application-managepricingrules-display-component---newInfoPriceItem--priceProc-arrow"},"wdio_ui5_key":"applicationmanagepricingrules-display-component---newInfoPriceItem--priceProc-arrow"}]}
RESULT: undefined
COMMAND: POST /session/673ee8da6ae2a3036ac170eb6294f89d/element - {"using":"xpath","value":"//*[@id=\"application-managepricingrules-display-component---newInfoPriceItem--priceProc-arrow\"]"}
RESULT: {}
RESULT: {"using":"xpath","value":"//*[@id=\"application-managepricingrules-display-component---newInfoPriceItem--priceProc-arrow\"]"}
COMMAND: POST /session/673ee8da6ae2a3036ac170eb6294f89d/element/f.D876D0B9E4FB8B9E585720C2FE40BD5D.d.BA4F230CB385B76271E6576F81815264.e.3568/click - {}
RESULT: {}
COMMAND: POST /session/673ee8da6ae2a3036ac170eb6294f89d/element - {"using":"xpath","value":"//span[contains(text(), \"TBS - Time based standard\")]"}
COMMAND: GET /session/673ee8da6ae2a3036ac170eb6294f89d/screenshot - {}
RESULT: {"using":"xpath","value":"//span[contains(text(), \"TBS - Time based standard\")]"}
COMMAND: POST /session/673ee8da6ae2a3036ac170eb6294f89d/element/f.D876D0B9E4FB8B9E585720C2FE40BD5D.d.BA4F230CB385B76271E6576F81815264.e.3608/click - {}
RESULT: {}
RESULT: {}
COMMAND: POST /session/673ee8da6ae2a3036ac170eb6294f89d/execute/async - {"script":"<script> [1562 bytes]","args":[{"selector":{"id":"application-managepricingrules-display-component---newInfoPriceItem--calcBase-arrow"},"wdio_ui5_key":"applicationmanagepricingrules-display-component---newInfoPriceItem--calcBase-arrow"}]}
COMMAND: GET /session/673ee8da6ae2a3036ac170eb6294f89d/screenshot - {}
RESULT: {"script":"<script> [1562 bytes]","args":[{"selector":{"id":"application-managepricingrules-display-component---newInfoPriceItem--calcBase-arrow"},"wdio_ui5_key":"applicationmanagepricingrules-display-component---newInfoPriceItem--calcBase-arrow"}]}
RESULT: undefined
COMMAND: POST /session/673ee8da6ae2a3036ac170eb6294f89d/element - {"using":"xpath","value":"//*[@id=\"application-managepricingrules-display-component---newInfoPriceItem--calcBase-arrow\"]"}
RESULT: {}
RESULT: {"using":"xpath","value":"//*[@id=\"application-managepricingrules-display-component---newInfoPriceItem--calcBase-arrow\"]"}
COMMAND: POST /session/673ee8da6ae2a3036ac170eb6294f89d/element/f.D876D0B9E4FB8B9E585720C2FE40BD5D.d.BA4F230CB385B76271E6576F81815264.e.3575/click - {}
RESULT: {}
COMMAND: GET /session/673ee8da6ae2a3036ac170eb6294f89d/screenshot - {}
RESULT: {}
COMMAND: POST /session/673ee8da6ae2a3036ac170eb6294f89d/element - {"using":"xpath","value":"//span[contains(text(), \"0006 - TB(calendar days)\")]"}
RESULT: {"using":"xpath","value":"//span[contains(text(), \"0006 - TB(calendar days)\")]"}
COMMAND: POST /session/673ee8da6ae2a3036ac170eb6294f89d/element/f.D876D0B9E4FB8B9E585720C2FE40BD5D.d.BA4F230CB385B76271E6576F81815264.e.3609/click - {}
RESULT: {}
COMMAND: GET /session/673ee8da6ae2a3036ac170eb6294f89d/screenshot - {}
RESULT: {}
COMMAND: POST /session/673ee8da6ae2a3036ac170eb6294f89d/execute/async - {"script":"<script> [1562 bytes]","args":[{"selector":{"id":"application-managepricingrules-display-component---newInfoPriceItem--daysMonth","interaction":{"idSuffix":"inner"}},"wdio_ui5_key":"applicationmanagepricingrules-display-component---newInfoPriceItem--daysMonth"}]}
RESULT: {"script":"<script> [1562 bytes]","args":[{"selector":{"id":"application-managepricingrules-display-component---newInfoPriceItem--daysMonth","interaction":{"idSuffix":"inner"}},"wdio_ui5_key":"applicationmanagepricingrules-display-component---newInfoPriceItem--daysMonth"}]}
RESULT: undefined
COMMAND: POST /session/673ee8da6ae2a3036ac170eb6294f89d/execute/async - {"script":"<script> [776 bytes]","args":[{"enterText":"30","selector":{"id":"application-managepricingrules-display-component---newInfoPriceItem--daysMonth","interaction":{"idSuffix":"inner"}},"clearTextFirst":true,"interactionType":"ENTER_TEXT"}]}
RESULT: {"script":"<script> [776 bytes]","args":[{"enterText":"30","selector":{"id":"application-managepricingrules-display-component---newInfoPriceItem--daysMonth","interaction":{"idSuffix":"inner"}},"clearTextFirst":true,"interactionType":"ENTER_TEXT"}]}
COMMAND: POST /session/673ee8da6ae2a3036ac170eb6294f89d/element - {"using":"xpath","value":"//button[@data-kt=\"saveNewRuleButton\"]"}
RESULT: {"using":"xpath","value":"//button[@data-kt=\"saveNewRuleButton\"]"}
COMMAND: POST /session/673ee8da6ae2a3036ac170eb6294f89d/element/f.D876D0B9E4FB8B9E585720C2FE40BD5D.d.BA4F230CB385B76271E6576F81815264.e.3596/click - {}
RESULT: {}
COMMAND: GET /session/673ee8da6ae2a3036ac170eb6294f89d/screenshot - {}
RESULT: {}
COMMAND: POST /session/673ee8da6ae2a3036ac170eb6294f89d/execute/async - {"script":"<script> [1562 bytes]","args":[{"selector":{"id":"application-managepricingrules-display-component---priceInfoItem--smartFilterBar-btnBasicSearch","interaction":{"idSuffix":"I"}},"wdio_ui5_key":"applicationmanagepricingrules-display-component---priceInfoItem--smartFilterBar-btnBasicSearch"}]}
RESULT: {"script":"<script> [1562 bytes]","args":[{"selector":{"id":"application-managepricingrules-display-component---priceInfoItem--smartFilterBar-btnBasicSearch","interaction":{"idSuffix":"I"}},"wdio_ui5_key":"applicationmanagepricingrules-display-component---priceInfoItem--smartFilterBar-btnBasicSearch"}]}
RESULT: undefined
COMMAND: POST /session/673ee8da6ae2a3036ac170eb6294f89d/execute/async - {"script":"<script> [776 bytes]","args":[{"enterText":"dciyl4KfvW","selector":{"id":"application-managepricingrules-display-component---priceInfoItem--smartFilterBar-btnBasicSearch","interaction":{"idSuffix":"I"}},"clearTextFirst":true,"interactionType":"ENTER_TEXT"}]}
RESULT: {"script":"<script> [776 bytes]","args":[{"enterText":"dciyl4KfvW","selector":{"id":"application-managepricingrules-display-component---priceInfoItem--smartFilterBar-btnBasicSearch","interaction":{"idSuffix":"I"}},"clearTextFirst":true,"interactionType":"ENTER_TEXT"}]}
COMMAND: POST /session/673ee8da6ae2a3036ac170eb6294f89d/actions - {"actions":[{"id":"action12","type":"key","parameters":{},"actions":[{"type":"keyDown","value":"î€‡"},{"type":"pause","duration":10},{"type":"keyUp","value":"î€‡"}]}]}
RESULT: {"actions":[{"id":"action12","type":"key","parameters":{},"actions":[{"type":"keyDown","value":"î€‡"},{"type":"pause","duration":10},{"type":"keyUp","value":"î€‡"}]}]}
COMMAND: GET /session/673ee8da6ae2a3036ac170eb6294f89d/screenshot - {}
RESULT: {}
COMMAND: POST /session/673ee8da6ae2a3036ac170eb6294f89d/element - {"using":"xpath","value":"//span[@id=\"application-managepricingrules-display-component---priceInfoItem--smartTable-header-inner\"]"}
RESULT: {"using":"xpath","value":"//span[@id=\"application-managepricingrules-display-component---priceInfoItem--smartTable-header-inner\"]"}
COMMAND: POST /session/673ee8da6ae2a3036ac170eb6294f89d/elements - {"using":"xpath","value":"//span[@id=\"application-managepricingrules-display-component---priceInfoItem--smartTable-header-inner\"]"}
RESULT: {"using":"xpath","value":"//span[@id=\"application-managepricingrules-display-component---priceInfoItem--smartTable-header-inner\"]"}
COMMAND: POST /session/673ee8da6ae2a3036ac170eb6294f89d/execute/sync - {"script":"<script> [56 bytes]","args":[{"element-6066-11e4-a52e-4f735466cecf":"f.D876D0B9E4FB8B9E585720C2FE40BD5D.d.BA4F230CB385B76271E6576F81815264.e.3622","ELEMENT":"f.D876D0B9E4FB8B9E585720C2FE40BD5D.d.BA4F230CB385B76271E6576F81815264.e.3622"}]}
RESULT: {"script":"<script> [56 bytes]","args":[{"element-6066-11e4-a52e-4f735466cecf":"f.D876D0B9E4FB8B9E585720C2FE40BD5D.d.BA4F230CB385B76271E6576F81815264.e.3622","ELEMENT":"f.D876D0B9E4FB8B9E585720C2FE40BD5D.d.BA4F230CB385B76271E6576F81815264.e.3622"}]}
COMMAND: POST /session/673ee8da6ae2a3036ac170eb6294f89d/element - {"using":"css selector","value":"#shell-header-logo"}
COMMAND: GET /session/673ee8da6ae2a3036ac170eb6294f89d/screenshot - {}
RESULT: {"using":"css selector","value":"#shell-header-logo"}
COMMAND: POST /session/673ee8da6ae2a3036ac170eb6294f89d/element/f.D876D0B9E4FB8B9E585720C2FE40BD5D.d.BA4F230CB385B76271E6576F81815264.e.2752/click - {}
RESULT: {}
RESULT: {}
COMMAND: GET /session/673ee8da6ae2a3036ac170eb6294f89d/screenshot - {}
RESULT: {}
]]></system-out>
    </testcase>
    <testcase classname="chrome.136_0_7103_93.windows.Billing_Transfer_-_Master_data_&amp;_Intercompany_US127250" name="Should create new condition for equipment TB" time="63.793">
      <system-out><![CDATA[
COMMAND: POST /session/673ee8da6ae2a3036ac170eb6294f89d/execute/async - {"script":"<script> [1562 bytes]","args":[{"selector":{"controlType":"sap.m.GenericTile","properties":{"header":"Manage Conditions & Prices"}},"wdio_ui5_key":"sapm.GenericTile{\"header\":\"Manage Conditions & Prices\"}"}]}
RESULT: {"script":"<script> [1562 bytes]","args":[{"selector":{"controlType":"sap.m.GenericTile","properties":{"header":"Manage Conditions & Prices"}},"wdio_ui5_key":"sapm.GenericTile{\"header\":\"Manage Conditions & Prices\"}"}]}
RESULT: undefined
COMMAND: POST /session/673ee8da6ae2a3036ac170eb6294f89d/element - {"using":"xpath","value":"//*[@id=\"__tile53\"]"}
RESULT: {"using":"xpath","value":"//*[@id=\"__tile53\"]"}
COMMAND: POST /session/673ee8da6ae2a3036ac170eb6294f89d/element/f.D876D0B9E4FB8B9E585720C2FE40BD5D.d.BA4F230CB385B76271E6576F81815264.e.207/click - {}
RESULT: {}
COMMAND: GET /session/673ee8da6ae2a3036ac170eb6294f89d/screenshot - {}
RESULT: {}
COMMAND: POST /session/673ee8da6ae2a3036ac170eb6294f89d/elements - {"using":"xpath","value":"//span[text()='Error']"}
RESULT: {"using":"xpath","value":"//span[text()='Error']"}
COMMAND: POST /session/673ee8da6ae2a3036ac170eb6294f89d/element - {"using":"xpath","value":"//button[@aria-label=\"Create\"]"}
RESULT: {"using":"xpath","value":"//button[@aria-label=\"Create\"]"}
COMMAND: POST /session/673ee8da6ae2a3036ac170eb6294f89d/elements - {"using":"xpath","value":"//button[@aria-label=\"Create\"]"}
RESULT: {"using":"xpath","value":"//button[@aria-label=\"Create\"]"}
COMMAND: POST /session/673ee8da6ae2a3036ac170eb6294f89d/execute/sync - {"script":"<script> [8489 bytes]","args":[{"element-6066-11e4-a52e-4f735466cecf":"f.D876D0B9E4FB8B9E585720C2FE40BD5D.d.BA4F230CB385B76271E6576F81815264.e.3658","ELEMENT":"f.D876D0B9E4FB8B9E585720C2FE40BD5D.d.BA4F230CB385B76271E6576F81815264.e.3658"}]}
RESULT: {"script":"<script> [8489 bytes]","args":[{"element-6066-11e4-a52e-4f735466cecf":"f.D876D0B9E4FB8B9E585720C2FE40BD5D.d.BA4F230CB385B76271E6576F81815264.e.3658","ELEMENT":"f.D876D0B9E4FB8B9E585720C2FE40BD5D.d.BA4F230CB385B76271E6576F81815264.e.3658"}]}
COMMAND: GET /session/673ee8da6ae2a3036ac170eb6294f89d/element/f.D876D0B9E4FB8B9E585720C2FE40BD5D.d.BA4F230CB385B76271E6576F81815264.e.3658/enabled - {}
COMMAND: GET /session/673ee8da6ae2a3036ac170eb6294f89d/screenshot - {}
RESULT: {}
COMMAND: POST /session/673ee8da6ae2a3036ac170eb6294f89d/execute/sync - {"script":"<script> [8489 bytes]","args":[{"element-6066-11e4-a52e-4f735466cecf":"f.D876D0B9E4FB8B9E585720C2FE40BD5D.d.BA4F230CB385B76271E6576F81815264.e.3658","ELEMENT":"f.D876D0B9E4FB8B9E585720C2FE40BD5D.d.BA4F230CB385B76271E6576F81815264.e.3658"}]}
COMMAND: GET /session/673ee8da6ae2a3036ac170eb6294f89d/screenshot - {}
RESULT: {}
RESULT: {"script":"<script> [8489 bytes]","args":[{"element-6066-11e4-a52e-4f735466cecf":"f.D876D0B9E4FB8B9E585720C2FE40BD5D.d.BA4F230CB385B76271E6576F81815264.e.3658","ELEMENT":"f.D876D0B9E4FB8B9E585720C2FE40BD5D.d.BA4F230CB385B76271E6576F81815264.e.3658"}]}
COMMAND: POST /session/673ee8da6ae2a3036ac170eb6294f89d/execute/sync - {"script":"<script> [5351 bytes]","args":[{"element-6066-11e4-a52e-4f735466cecf":"f.D876D0B9E4FB8B9E585720C2FE40BD5D.d.BA4F230CB385B76271E6576F81815264.e.3658","ELEMENT":"f.D876D0B9E4FB8B9E585720C2FE40BD5D.d.BA4F230CB385B76271E6576F81815264.e.3658"}]}
COMMAND: GET /session/673ee8da6ae2a3036ac170eb6294f89d/screenshot - {}
RESULT: {}
RESULT: {"script":"<script> [5351 bytes]","args":[{"element-6066-11e4-a52e-4f735466cecf":"f.D876D0B9E4FB8B9E585720C2FE40BD5D.d.BA4F230CB385B76271E6576F81815264.e.3658","ELEMENT":"f.D876D0B9E4FB8B9E585720C2FE40BD5D.d.BA4F230CB385B76271E6576F81815264.e.3658"}]}
COMMAND: POST /session/673ee8da6ae2a3036ac170eb6294f89d/element/f.D876D0B9E4FB8B9E585720C2FE40BD5D.d.BA4F230CB385B76271E6576F81815264.e.3658/click - {}
COMMAND: GET /session/673ee8da6ae2a3036ac170eb6294f89d/screenshot - {}
RESULT: {}
RESULT: {}
COMMAND: GET /session/673ee8da6ae2a3036ac170eb6294f89d/screenshot - {}
RESULT: {}
RESULT: {}
COMMAND: POST /session/673ee8da6ae2a3036ac170eb6294f89d/actions - {"actions":[{"id":"action13","type":"key","parameters":{},"actions":[{"type":"keyDown","value":"î€‡"},{"type":"pause","duration":10},{"type":"keyUp","value":"î€‡"}]}]}
RESULT: {"actions":[{"id":"action13","type":"key","parameters":{},"actions":[{"type":"keyDown","value":"î€‡"},{"type":"pause","duration":10},{"type":"keyUp","value":"î€‡"}]}]}
COMMAND: GET /session/673ee8da6ae2a3036ac170eb6294f89d/screenshot - {}
RESULT: {}
COMMAND: POST /session/673ee8da6ae2a3036ac170eb6294f89d/execute/async - {"script":"<script> [1562 bytes]","args":[{"selector":{"id":"application-manageconditionprice-display-component---newCondition--condBillCond-arrow"},"wdio_ui5_key":"applicationmanageconditionprice-display-component---newCondition--condBillCond-arrow"}]}
RESULT: {"script":"<script> [1562 bytes]","args":[{"selector":{"id":"application-manageconditionprice-display-component---newCondition--condBillCond-arrow"},"wdio_ui5_key":"applicationmanageconditionprice-display-component---newCondition--condBillCond-arrow"}]}
RESULT: undefined
COMMAND: POST /session/673ee8da6ae2a3036ac170eb6294f89d/element - {"using":"xpath","value":"//*[@id=\"application-manageconditionprice-display-component---newCondition--condBillCond-arrow\"]"}
RESULT: {"using":"xpath","value":"//*[@id=\"application-manageconditionprice-display-component---newCondition--condBillCond-arrow\"]"}
COMMAND: POST /session/673ee8da6ae2a3036ac170eb6294f89d/element/f.D876D0B9E4FB8B9E585720C2FE40BD5D.d.BA4F230CB385B76271E6576F81815264.e.3836/click - {}
RESULT: {}
COMMAND: GET /session/673ee8da6ae2a3036ac170eb6294f89d/screenshot - {}
RESULT: {}
COMMAND: POST /session/673ee8da6ae2a3036ac170eb6294f89d/element - {"using":"xpath","value":"//li[.//span[contains(text(), \"DISP - D&I special price\")]]"}
RESULT: {"using":"xpath","value":"//li[.//span[contains(text(), \"DISP - D&I special price\")]]"}
COMMAND: POST /session/673ee8da6ae2a3036ac170eb6294f89d/element/f.D876D0B9E4FB8B9E585720C2FE40BD5D.d.BA4F230CB385B76271E6576F81815264.e.3840/click - {}
RESULT: {}
COMMAND: GET /session/673ee8da6ae2a3036ac170eb6294f89d/screenshot - {}
RESULT: {}
COMMAND: POST /session/673ee8da6ae2a3036ac170eb6294f89d/execute/async - {"script":"<script> [1562 bytes]","args":[{"selector":{"id":"application-manageconditionprice-display-component---newCondition--condValidTo","interaction":{"idSuffix":"inner"}},"wdio_ui5_key":"applicationmanageconditionprice-display-component---newCondition--condValidTo"}]}
RESULT: {"script":"<script> [1562 bytes]","args":[{"selector":{"id":"application-manageconditionprice-display-component---newCondition--condValidTo","interaction":{"idSuffix":"inner"}},"wdio_ui5_key":"applicationmanageconditionprice-display-component---newCondition--condValidTo"}]}
RESULT: undefined
COMMAND: POST /session/673ee8da6ae2a3036ac170eb6294f89d/execute/async - {"script":"<script> [776 bytes]","args":[{"enterText":"1/18/26","selector":{"id":"application-manageconditionprice-display-component---newCondition--condValidTo","interaction":{"idSuffix":"inner"}},"clearTextFirst":true,"interactionType":"ENTER_TEXT"}]}
RESULT: {"script":"<script> [776 bytes]","args":[{"enterText":"1/18/26","selector":{"id":"application-manageconditionprice-display-component---newCondition--condValidTo","interaction":{"idSuffix":"inner"}},"clearTextFirst":true,"interactionType":"ENTER_TEXT"}]}
COMMAND: POST /session/673ee8da6ae2a3036ac170eb6294f89d/element - {"using":"xpath","value":"//input[@id=\"application-manageconditionprice-display-component---newCondition--condRU-inner\"]"}
RESULT: {"using":"xpath","value":"//input[@id=\"application-manageconditionprice-display-component---newCondition--condRU-inner\"]"}
COMMAND: POST /session/673ee8da6ae2a3036ac170eb6294f89d/element/f.D876D0B9E4FB8B9E585720C2FE40BD5D.d.BA4F230CB385B76271E6576F81815264.e.3702/clear - {}
RESULT: {}
COMMAND: POST /session/673ee8da6ae2a3036ac170eb6294f89d/element/f.D876D0B9E4FB8B9E585720C2FE40BD5D.d.BA4F230CB385B76271E6576F81815264.e.3702/value - {"text":"dciyl4KfvW"}
COMMAND: GET /session/673ee8da6ae2a3036ac170eb6294f89d/screenshot - {}
RESULT: {"text":"dciyl4KfvW"}
COMMAND: GET /session/673ee8da6ae2a3036ac170eb6294f89d/screenshot - {}
RESULT: {}
RESULT: {}
COMMAND: POST /session/673ee8da6ae2a3036ac170eb6294f89d/actions - {"actions":[{"id":"action14","type":"key","parameters":{},"actions":[{"type":"keyDown","value":"î€‡"},{"type":"pause","duration":10},{"type":"keyUp","value":"î€‡"}]}]}
RESULT: {"actions":[{"id":"action14","type":"key","parameters":{},"actions":[{"type":"keyDown","value":"î€‡"},{"type":"pause","duration":10},{"type":"keyUp","value":"î€‡"}]}]}
COMMAND: POST /session/673ee8da6ae2a3036ac170eb6294f89d/execute/async - {"script":"<script> [1562 bytes]","args":[{"selector":{"id":"application-manageconditionprice-display-component---newCondition--condBaseQty","interaction":{"idSuffix":"inner"}},"wdio_ui5_key":"applicationmanageconditionprice-display-component---newCondition--condBaseQty"}]}
COMMAND: GET /session/673ee8da6ae2a3036ac170eb6294f89d/screenshot - {}
RESULT: {"script":"<script> [1562 bytes]","args":[{"selector":{"id":"application-manageconditionprice-display-component---newCondition--condBaseQty","interaction":{"idSuffix":"inner"}},"wdio_ui5_key":"applicationmanageconditionprice-display-component---newCondition--condBaseQty"}]}
RESULT: undefined
COMMAND: POST /session/673ee8da6ae2a3036ac170eb6294f89d/execute/async - {"script":"<script> [776 bytes]","args":[{"enterText":"1","selector":{"id":"application-manageconditionprice-display-component---newCondition--condBaseQty","interaction":{"idSuffix":"inner"}},"clearTextFirst":true,"interactionType":"ENTER_TEXT"}]}
RESULT: {}
RESULT: {"script":"<script> [776 bytes]","args":[{"enterText":"1","selector":{"id":"application-manageconditionprice-display-component---newCondition--condBaseQty","interaction":{"idSuffix":"inner"}},"clearTextFirst":true,"interactionType":"ENTER_TEXT"}]}
COMMAND: POST /session/673ee8da6ae2a3036ac170eb6294f89d/execute/async - {"script":"<script> [1562 bytes]","args":[{"selector":{"id":"application-manageconditionprice-display-component---newCondition--condValue","interaction":{"idSuffix":"inner"}},"wdio_ui5_key":"applicationmanageconditionprice-display-component---newCondition--condValue"}]}
RESULT: {"script":"<script> [1562 bytes]","args":[{"selector":{"id":"application-manageconditionprice-display-component---newCondition--condValue","interaction":{"idSuffix":"inner"}},"wdio_ui5_key":"applicationmanageconditionprice-display-component---newCondition--condValue"}]}
RESULT: undefined
COMMAND: POST /session/673ee8da6ae2a3036ac170eb6294f89d/execute/async - {"script":"<script> [776 bytes]","args":[{"enterText":"100","selector":{"id":"application-manageconditionprice-display-component---newCondition--condValue","interaction":{"idSuffix":"inner"}},"clearTextFirst":true,"interactionType":"ENTER_TEXT"}]}
RESULT: {"script":"<script> [776 bytes]","args":[{"enterText":"100","selector":{"id":"application-manageconditionprice-display-component---newCondition--condValue","interaction":{"idSuffix":"inner"}},"clearTextFirst":true,"interactionType":"ENTER_TEXT"}]}
COMMAND: POST /session/673ee8da6ae2a3036ac170eb6294f89d/execute/async - {"script":"<script> [1562 bytes]","args":[{"selector":{"id":"application-manageconditionprice-display-component---newCondition--condCurr-arrow"},"wdio_ui5_key":"applicationmanageconditionprice-display-component---newCondition--condCurr-arrow"}]}
RESULT: {"script":"<script> [1562 bytes]","args":[{"selector":{"id":"application-manageconditionprice-display-component---newCondition--condCurr-arrow"},"wdio_ui5_key":"applicationmanageconditionprice-display-component---newCondition--condCurr-arrow"}]}
RESULT: undefined
COMMAND: POST /session/673ee8da6ae2a3036ac170eb6294f89d/element - {"using":"xpath","value":"//*[@id=\"application-manageconditionprice-display-component---newCondition--condCurr-arrow\"]"}
RESULT: {"using":"xpath","value":"//*[@id=\"application-manageconditionprice-display-component---newCondition--condCurr-arrow\"]"}
COMMAND: POST /session/673ee8da6ae2a3036ac170eb6294f89d/element/f.D876D0B9E4FB8B9E585720C2FE40BD5D.d.BA4F230CB385B76271E6576F81815264.e.3795/click - {}
RESULT: {}
COMMAND: POST /session/673ee8da6ae2a3036ac170eb6294f89d/element - {"using":"xpath","value":"//span[contains(text(), \"Euro\")]"}
COMMAND: GET /session/673ee8da6ae2a3036ac170eb6294f89d/screenshot - {}
RESULT: {"using":"xpath","value":"//span[contains(text(), \"Euro\")]"}
COMMAND: POST /session/673ee8da6ae2a3036ac170eb6294f89d/element/f.D876D0B9E4FB8B9E585720C2FE40BD5D.d.BA4F230CB385B76271E6576F81815264.e.3877/click - {}
RESULT: {}
RESULT: {}
COMMAND: POST /session/673ee8da6ae2a3036ac170eb6294f89d/element - {"using":"xpath","value":"//button[@data-kt=\"saveButton\"]"}
COMMAND: GET /session/673ee8da6ae2a3036ac170eb6294f89d/screenshot - {}
RESULT: {"using":"xpath","value":"//button[@data-kt=\"saveButton\"]"}
COMMAND: POST /session/673ee8da6ae2a3036ac170eb6294f89d/element/f.D876D0B9E4FB8B9E585720C2FE40BD5D.d.BA4F230CB385B76271E6576F81815264.e.3796/click - {}
RESULT: {}
RESULT: {}
COMMAND: GET /session/673ee8da6ae2a3036ac170eb6294f89d/screenshot - {}
RESULT: {}
COMMAND: POST /session/673ee8da6ae2a3036ac170eb6294f89d/execute/async - {"script":"<script> [1562 bytes]","args":[{"selector":{"id":"application-manageconditionprice-display-component---conditions--smartFilterBar-btnBasicSearch","interaction":{"idSuffix":"I"}},"wdio_ui5_key":"applicationmanageconditionprice-display-component---conditions--smartFilterBar-btnBasicSearch"}]}
RESULT: {"script":"<script> [1562 bytes]","args":[{"selector":{"id":"application-manageconditionprice-display-component---conditions--smartFilterBar-btnBasicSearch","interaction":{"idSuffix":"I"}},"wdio_ui5_key":"applicationmanageconditionprice-display-component---conditions--smartFilterBar-btnBasicSearch"}]}
RESULT: undefined
COMMAND: POST /session/673ee8da6ae2a3036ac170eb6294f89d/execute/async - {"script":"<script> [776 bytes]","args":[{"enterText":"dciyl4KfvW","selector":{"id":"application-manageconditionprice-display-component---conditions--smartFilterBar-btnBasicSearch","interaction":{"idSuffix":"I"}},"clearTextFirst":true,"interactionType":"ENTER_TEXT"}]}
RESULT: {"script":"<script> [776 bytes]","args":[{"enterText":"dciyl4KfvW","selector":{"id":"application-manageconditionprice-display-component---conditions--smartFilterBar-btnBasicSearch","interaction":{"idSuffix":"I"}},"clearTextFirst":true,"interactionType":"ENTER_TEXT"}]}
COMMAND: POST /session/673ee8da6ae2a3036ac170eb6294f89d/actions - {"actions":[{"id":"action15","type":"key","parameters":{},"actions":[{"type":"keyDown","value":"î€‡"},{"type":"pause","duration":10},{"type":"keyUp","value":"î€‡"}]}]}
RESULT: {"actions":[{"id":"action15","type":"key","parameters":{},"actions":[{"type":"keyDown","value":"î€‡"},{"type":"pause","duration":10},{"type":"keyUp","value":"î€‡"}]}]}
COMMAND: GET /session/673ee8da6ae2a3036ac170eb6294f89d/screenshot - {}
RESULT: {}
COMMAND: POST /session/673ee8da6ae2a3036ac170eb6294f89d/execute/async - {"script":"<script> [1562 bytes]","args":[{"selector":{"id":"application-manageconditionprice-display-component---conditions--smartFilterBar-filterItemControl_BASIC-BILL_TYPES-vhi"},"wdio_ui5_key":"applicationmanageconditionprice-display-component---conditions--smartFilterBar-filterItemControl_BASIC-BILL_TYPES-vhi"}]}
RESULT: {"script":"<script> [1562 bytes]","args":[{"selector":{"id":"application-manageconditionprice-display-component---conditions--smartFilterBar-filterItemControl_BASIC-BILL_TYPES-vhi"},"wdio_ui5_key":"applicationmanageconditionprice-display-component---conditions--smartFilterBar-filterItemControl_BASIC-BILL_TYPES-vhi"}]}
RESULT: undefined
COMMAND: POST /session/673ee8da6ae2a3036ac170eb6294f89d/element - {"using":"xpath","value":"//*[@id=\"application-manageconditionprice-display-component---conditions--smartFilterBar-filterItemControl_BASIC-BILL_TYPES-vhi\"]"}
RESULT: {"using":"xpath","value":"//*[@id=\"application-manageconditionprice-display-component---conditions--smartFilterBar-filterItemControl_BASIC-BILL_TYPES-vhi\"]"}
COMMAND: POST /session/673ee8da6ae2a3036ac170eb6294f89d/element/f.D876D0B9E4FB8B9E585720C2FE40BD5D.d.BA4F230CB385B76271E6576F81815264.e.3894/click - {}
RESULT: {}
COMMAND: POST /session/673ee8da6ae2a3036ac170eb6294f89d/execute/async - {"script":"<script> [1562 bytes]","args":[{"selector":{"id":"application-manageconditionprice-display-component---conditions--smartFilterBar-filterItemControl_BASIC-BILL_TYPES-valueHelpDialog-smartFilterBar-btnBasicSearch","searchOpenDialogs":true,"interaction":{"idSuffix":"I"}},"wdio_ui5_key":"applicationmanageconditionprice-display-component---conditions--smartFilterBar-filterItemControl_BASIC-BILL_TYPES-valueHelpDialog-smartFilterBar-btnBasicSearch"}]}
COMMAND: GET /session/673ee8da6ae2a3036ac170eb6294f89d/screenshot - {}
RESULT: {"script":"<script> [1562 bytes]","args":[{"selector":{"id":"application-manageconditionprice-display-component---conditions--smartFilterBar-filterItemControl_BASIC-BILL_TYPES-valueHelpDialog-smartFilterBar-btnBasicSearch","searchOpenDialogs":true,"interaction":{"idSuffix":"I"}},"wdio_ui5_key":"applicationmanageconditionprice-display-component---conditions--smartFilterBar-filterItemControl_BASIC-BILL_TYPES-valueHelpDialog-smartFilterBar-btnBasicSearch"}]}
RESULT: undefined
COMMAND: POST /session/673ee8da6ae2a3036ac170eb6294f89d/execute/async - {"script":"<script> [776 bytes]","args":[{"enterText":"TB","selector":{"id":"application-manageconditionprice-display-component---conditions--smartFilterBar-filterItemControl_BASIC-BILL_TYPES-valueHelpDialog-smartFilterBar-btnBasicSearch","searchOpenDialogs":true,"interaction":{"idSuffix":"I"}},"clearTextFirst":true,"interactionType":"ENTER_TEXT"}]}
RESULT: {}
RESULT: {"script":"<script> [776 bytes]","args":[{"enterText":"TB","selector":{"id":"application-manageconditionprice-display-component---conditions--smartFilterBar-filterItemControl_BASIC-BILL_TYPES-valueHelpDialog-smartFilterBar-btnBasicSearch","searchOpenDialogs":true,"interaction":{"idSuffix":"I"}},"clearTextFirst":true,"interactionType":"ENTER_TEXT"}]}
COMMAND: POST /session/673ee8da6ae2a3036ac170eb6294f89d/actions - {"actions":[{"id":"action16","type":"key","parameters":{},"actions":[{"type":"keyDown","value":"î€‡"},{"type":"pause","duration":10},{"type":"keyUp","value":"î€‡"}]}]}
RESULT: {"actions":[{"id":"action16","type":"key","parameters":{},"actions":[{"type":"keyDown","value":"î€‡"},{"type":"pause","duration":10},{"type":"keyUp","value":"î€‡"}]}]}
COMMAND: GET /session/673ee8da6ae2a3036ac170eb6294f89d/screenshot - {}
RESULT: {}
COMMAND: POST /session/673ee8da6ae2a3036ac170eb6294f89d/element - {"using":"xpath","value":"//div[contains(@id, 'application-manageconditionprice-display-component---conditions--smartFilterBar-filterItemControl_BASIC-BILL_TYPES-valueHelpDialog-table-rowsel0')]"}
RESULT: {"using":"xpath","value":"//div[contains(@id, 'application-manageconditionprice-display-component---conditions--smartFilterBar-filterItemControl_BASIC-BILL_TYPES-valueHelpDialog-table-rowsel0')]"}
COMMAND: POST /session/673ee8da6ae2a3036ac170eb6294f89d/element/f.D876D0B9E4FB8B9E585720C2FE40BD5D.d.BA4F230CB385B76271E6576F81815264.e.3904/click - {}
RESULT: {}
COMMAND: GET /session/673ee8da6ae2a3036ac170eb6294f89d/screenshot - {}
RESULT: {}
COMMAND: POST /session/673ee8da6ae2a3036ac170eb6294f89d/element - {"using":"xpath","value":"//bdi[contains(text(), \"OK\")]"}
RESULT: {"using":"xpath","value":"//bdi[contains(text(), \"OK\")]"}
COMMAND: POST /session/673ee8da6ae2a3036ac170eb6294f89d/element/f.D876D0B9E4FB8B9E585720C2FE40BD5D.d.BA4F230CB385B76271E6576F81815264.e.3906/click - {}
RESULT: {}
COMMAND: GET /session/673ee8da6ae2a3036ac170eb6294f89d/screenshot - {}
RESULT: {}
COMMAND: POST /session/673ee8da6ae2a3036ac170eb6294f89d/element - {"using":"xpath","value":"//span[@id=\"application-manageconditionprice-display-component---conditions--smartTable-header-inner\"]"}
RESULT: {"using":"xpath","value":"//span[@id=\"application-manageconditionprice-display-component---conditions--smartTable-header-inner\"]"}
COMMAND: POST /session/673ee8da6ae2a3036ac170eb6294f89d/elements - {"using":"xpath","value":"//span[@id=\"application-manageconditionprice-display-component---conditions--smartTable-header-inner\"]"}
RESULT: {"using":"xpath","value":"//span[@id=\"application-manageconditionprice-display-component---conditions--smartTable-header-inner\"]"}
COMMAND: POST /session/673ee8da6ae2a3036ac170eb6294f89d/execute/sync - {"script":"<script> [56 bytes]","args":[{"element-6066-11e4-a52e-4f735466cecf":"f.D876D0B9E4FB8B9E585720C2FE40BD5D.d.BA4F230CB385B76271E6576F81815264.e.3909","ELEMENT":"f.D876D0B9E4FB8B9E585720C2FE40BD5D.d.BA4F230CB385B76271E6576F81815264.e.3909"}]}
RESULT: {"script":"<script> [56 bytes]","args":[{"element-6066-11e4-a52e-4f735466cecf":"f.D876D0B9E4FB8B9E585720C2FE40BD5D.d.BA4F230CB385B76271E6576F81815264.e.3909","ELEMENT":"f.D876D0B9E4FB8B9E585720C2FE40BD5D.d.BA4F230CB385B76271E6576F81815264.e.3909"}]}
COMMAND: POST /session/673ee8da6ae2a3036ac170eb6294f89d/element - {"using":"css selector","value":"#shell-header-logo"}
COMMAND: GET /session/673ee8da6ae2a3036ac170eb6294f89d/screenshot - {}
RESULT: {"using":"css selector","value":"#shell-header-logo"}
COMMAND: POST /session/673ee8da6ae2a3036ac170eb6294f89d/element/f.D876D0B9E4FB8B9E585720C2FE40BD5D.d.BA4F230CB385B76271E6576F81815264.e.3626/click - {}
RESULT: {}
RESULT: {}
COMMAND: GET /session/673ee8da6ae2a3036ac170eb6294f89d/screenshot - {}
RESULT: {}
]]></system-out>
    </testcase>
    <testcase classname="chrome.136_0_7103_93.windows.Billing_Transfer_-_Master_data_&amp;_Intercompany_US127250" name="Should do a stock increase" time="84.845">
      <system-out><![CDATA[
COMMAND: POST /session/673ee8da6ae2a3036ac170eb6294f89d/execute/async - {"script":"<script> [1562 bytes]","args":[{"selector":{"controlType":"sap.m.GenericTile","properties":{"header":"Manage Handovers"}},"wdio_ui5_key":"sapm.GenericTile{\"header\":\"Manage Handovers\"}"}]}
RESULT: {"script":"<script> [1562 bytes]","args":[{"selector":{"controlType":"sap.m.GenericTile","properties":{"header":"Manage Handovers"}},"wdio_ui5_key":"sapm.GenericTile{\"header\":\"Manage Handovers\"}"}]}
RESULT: undefined
COMMAND: POST /session/673ee8da6ae2a3036ac170eb6294f89d/element - {"using":"xpath","value":"//*[@id=\"__tile130\"]"}
RESULT: {"using":"xpath","value":"//*[@id=\"__tile130\"]"}
COMMAND: POST /session/673ee8da6ae2a3036ac170eb6294f89d/element/f.D876D0B9E4FB8B9E585720C2FE40BD5D.d.BA4F230CB385B76271E6576F81815264.e.240/click - {}
RESULT: {}
COMMAND: GET /session/673ee8da6ae2a3036ac170eb6294f89d/screenshot - {}
RESULT: {}
COMMAND: POST /session/673ee8da6ae2a3036ac170eb6294f89d/elements - {"using":"xpath","value":"//span[text()='Error']"}
RESULT: {"using":"xpath","value":"//span[text()='Error']"}
COMMAND: POST /session/673ee8da6ae2a3036ac170eb6294f89d/element - {"using":"xpath","value":"//button[@data-kt=\"masterHOAddButton\"]"}
RESULT: {"using":"xpath","value":"//button[@data-kt=\"masterHOAddButton\"]"}
COMMAND: POST /session/673ee8da6ae2a3036ac170eb6294f89d/elements - {"using":"xpath","value":"//button[@data-kt=\"masterHOAddButton\"]"}
RESULT: {"using":"xpath","value":"//button[@data-kt=\"masterHOAddButton\"]"}
COMMAND: POST /session/673ee8da6ae2a3036ac170eb6294f89d/execute/sync - {"script":"<script> [8489 bytes]","args":[{"element-6066-11e4-a52e-4f735466cecf":"f.D876D0B9E4FB8B9E585720C2FE40BD5D.d.BA4F230CB385B76271E6576F81815264.e.3940","ELEMENT":"f.D876D0B9E4FB8B9E585720C2FE40BD5D.d.BA4F230CB385B76271E6576F81815264.e.3940"}]}
RESULT: {"script":"<script> [8489 bytes]","args":[{"element-6066-11e4-a52e-4f735466cecf":"f.D876D0B9E4FB8B9E585720C2FE40BD5D.d.BA4F230CB385B76271E6576F81815264.e.3940","ELEMENT":"f.D876D0B9E4FB8B9E585720C2FE40BD5D.d.BA4F230CB385B76271E6576F81815264.e.3940"}]}
COMMAND: GET /session/673ee8da6ae2a3036ac170eb6294f89d/element/f.D876D0B9E4FB8B9E585720C2FE40BD5D.d.BA4F230CB385B76271E6576F81815264.e.3940/enabled - {}
COMMAND: GET /session/673ee8da6ae2a3036ac170eb6294f89d/screenshot - {}
RESULT: {}
COMMAND: POST /session/673ee8da6ae2a3036ac170eb6294f89d/execute/sync - {"script":"<script> [8489 bytes]","args":[{"element-6066-11e4-a52e-4f735466cecf":"f.D876D0B9E4FB8B9E585720C2FE40BD5D.d.BA4F230CB385B76271E6576F81815264.e.3940","ELEMENT":"f.D876D0B9E4FB8B9E585720C2FE40BD5D.d.BA4F230CB385B76271E6576F81815264.e.3940"}]}
COMMAND: GET /session/673ee8da6ae2a3036ac170eb6294f89d/screenshot - {}
RESULT: {}
RESULT: {"script":"<script> [8489 bytes]","args":[{"element-6066-11e4-a52e-4f735466cecf":"f.D876D0B9E4FB8B9E585720C2FE40BD5D.d.BA4F230CB385B76271E6576F81815264.e.3940","ELEMENT":"f.D876D0B9E4FB8B9E585720C2FE40BD5D.d.BA4F230CB385B76271E6576F81815264.e.3940"}]}
COMMAND: POST /session/673ee8da6ae2a3036ac170eb6294f89d/execute/sync - {"script":"<script> [5351 bytes]","args":[{"element-6066-11e4-a52e-4f735466cecf":"f.D876D0B9E4FB8B9E585720C2FE40BD5D.d.BA4F230CB385B76271E6576F81815264.e.3940","ELEMENT":"f.D876D0B9E4FB8B9E585720C2FE40BD5D.d.BA4F230CB385B76271E6576F81815264.e.3940"}]}
COMMAND: GET /session/673ee8da6ae2a3036ac170eb6294f89d/screenshot - {}
RESULT: {}
RESULT: {"script":"<script> [5351 bytes]","args":[{"element-6066-11e4-a52e-4f735466cecf":"f.D876D0B9E4FB8B9E585720C2FE40BD5D.d.BA4F230CB385B76271E6576F81815264.e.3940","ELEMENT":"f.D876D0B9E4FB8B9E585720C2FE40BD5D.d.BA4F230CB385B76271E6576F81815264.e.3940"}]}
COMMAND: POST /session/673ee8da6ae2a3036ac170eb6294f89d/element/f.D876D0B9E4FB8B9E585720C2FE40BD5D.d.BA4F230CB385B76271E6576F81815264.e.3940/click - {}
COMMAND: GET /session/673ee8da6ae2a3036ac170eb6294f89d/screenshot - {}
RESULT: {}
RESULT: {}
COMMAND: GET /session/673ee8da6ae2a3036ac170eb6294f89d/screenshot - {}
RESULT: {}
RESULT: {}
COMMAND: POST /session/673ee8da6ae2a3036ac170eb6294f89d/element - {"using":"xpath","value":"//span[contains(@id ,\"AddNewHO--typeSelect-arrow\")]"}
RESULT: {"using":"xpath","value":"//span[contains(@id ,\"AddNewHO--typeSelect-arrow\")]"}
COMMAND: POST /session/673ee8da6ae2a3036ac170eb6294f89d/element/f.D876D0B9E4FB8B9E585720C2FE40BD5D.d.BA4F230CB385B76271E6576F81815264.e.4313/click - {}
RESULT: {}
COMMAND: GET /session/673ee8da6ae2a3036ac170eb6294f89d/screenshot - {}
RESULT: {}
COMMAND: POST /session/673ee8da6ae2a3036ac170eb6294f89d/element - {"using":"xpath","value":"(//li[contains(text(), \"stock increase yard\")])[1]"}
RESULT: {"using":"xpath","value":"(//li[contains(text(), \"stock increase yard\")])[1]"}
COMMAND: POST /session/673ee8da6ae2a3036ac170eb6294f89d/element/f.D876D0B9E4FB8B9E585720C2FE40BD5D.d.BA4F230CB385B76271E6576F81815264.e.4314/click - {}
RESULT: {}
COMMAND: GET /session/673ee8da6ae2a3036ac170eb6294f89d/screenshot - {}
RESULT: {}
COMMAND: POST /session/673ee8da6ae2a3036ac170eb6294f89d/execute/async - {"script":"<script> [1562 bytes]","args":[{"selector":{"id":"application-managehandovers-display-component---AddNewHO--dueDate","interaction":{"idSuffix":"inner"}},"wdio_ui5_key":"applicationmanagehandovers-display-component---AddNewHO--dueDate"}]}
RESULT: {"script":"<script> [1562 bytes]","args":[{"selector":{"id":"application-managehandovers-display-component---AddNewHO--dueDate","interaction":{"idSuffix":"inner"}},"wdio_ui5_key":"applicationmanagehandovers-display-component---AddNewHO--dueDate"}]}
RESULT: undefined
COMMAND: POST /session/673ee8da6ae2a3036ac170eb6294f89d/execute/async - {"script":"<script> [6424 bytes]","args":[{"element-6066-11e4-a52e-4f735466cecf":"f.D876D0B9E4FB8B9E585720C2FE40BD5D.d.BA4F230CB385B76271E6576F81815264.e.4316"},"setValue",["5/18/25"]]}
RESULT: {"script":"<script> [6424 bytes]","args":[{"element-6066-11e4-a52e-4f735466cecf":"f.D876D0B9E4FB8B9E585720C2FE40BD5D.d.BA4F230CB385B76271E6576F81815264.e.4316"},"setValue",["5/18/25"]]}
COMMAND: POST /session/673ee8da6ae2a3036ac170eb6294f89d/element - {"using":"xpath","value":"//input[@id=\"generalSectionFrg--receiveYard-inner\"]"}
RESULT: {"using":"xpath","value":"//input[@id=\"generalSectionFrg--receiveYard-inner\"]"}
COMMAND: POST /session/673ee8da6ae2a3036ac170eb6294f89d/element/f.D876D0B9E4FB8B9E585720C2FE40BD5D.d.BA4F230CB385B76271E6576F81815264.e.4320/clear - {}
RESULT: {}
COMMAND: POST /session/673ee8da6ae2a3036ac170eb6294f89d/element/f.D876D0B9E4FB8B9E585720C2FE40BD5D.d.BA4F230CB385B76271E6576F81815264.e.4320/value - {"text":"528"}
COMMAND: GET /session/673ee8da6ae2a3036ac170eb6294f89d/screenshot - {}
RESULT: {"text":"528"}
COMMAND: GET /session/673ee8da6ae2a3036ac170eb6294f89d/screenshot - {}
RESULT: {}
RESULT: {}
COMMAND: POST /session/673ee8da6ae2a3036ac170eb6294f89d/element - {"using":"xpath","value":"//li[.//span[text()='528']]"}
RESULT: {"using":"xpath","value":"//li[.//span[text()='528']]"}
COMMAND: POST /session/673ee8da6ae2a3036ac170eb6294f89d/element/f.D876D0B9E4FB8B9E585720C2FE40BD5D.d.BA4F230CB385B76271E6576F81815264.e.4337/click - {}
RESULT: {}
COMMAND: GET /session/673ee8da6ae2a3036ac170eb6294f89d/screenshot - {}
RESULT: {}
COMMAND: POST /session/673ee8da6ae2a3036ac170eb6294f89d/execute/async - {"script":"<script> [1562 bytes]","args":[{"selector":{"id":"application-managehandovers-display-component---AddNewHO--ObjectPageLayout-anchBar-application-managehandovers-display-component---AddNewHO--section4-anchor","interaction":{"idSuffix":"BDI-content"}},"wdio_ui5_key":"applicationmanagehandovers-display-component---AddNewHO--ObjectPageLayout-anchBar-application-managehandovers-display-component---AddNewHO--section4-anchor"}]}
RESULT: {"script":"<script> [1562 bytes]","args":[{"selector":{"id":"application-managehandovers-display-component---AddNewHO--ObjectPageLayout-anchBar-application-managehandovers-display-component---AddNewHO--section4-anchor","interaction":{"idSuffix":"BDI-content"}},"wdio_ui5_key":"applicationmanagehandovers-display-component---AddNewHO--ObjectPageLayout-anchBar-application-managehandovers-display-component---AddNewHO--section4-anchor"}]}
RESULT: undefined
COMMAND: POST /session/673ee8da6ae2a3036ac170eb6294f89d/element - {"using":"xpath","value":"//*[@id=\"application-managehandovers-display-component---AddNewHO--ObjectPageLayout-anchBar-application-managehandovers-display-component---AddNewHO--section4-anchor\"]"}
RESULT: {"using":"xpath","value":"//*[@id=\"application-managehandovers-display-component---AddNewHO--ObjectPageLayout-anchBar-application-managehandovers-display-component---AddNewHO--section4-anchor\"]"}
COMMAND: POST /session/673ee8da6ae2a3036ac170eb6294f89d/element/f.D876D0B9E4FB8B9E585720C2FE40BD5D.d.BA4F230CB385B76271E6576F81815264.e.4339/click - {}
RESULT: {}
COMMAND: POST /session/673ee8da6ae2a3036ac170eb6294f89d/element - {"using":"xpath","value":"//button[@aria-label=\"Add\"]"}
COMMAND: GET /session/673ee8da6ae2a3036ac170eb6294f89d/screenshot - {}
RESULT: {"using":"xpath","value":"//button[@aria-label=\"Add\"]"}
COMMAND: POST /session/673ee8da6ae2a3036ac170eb6294f89d/element/f.D876D0B9E4FB8B9E585720C2FE40BD5D.d.BA4F230CB385B76271E6576F81815264.e.4341/click - {}
RESULT: {}
RESULT: {}
COMMAND: GET /session/673ee8da6ae2a3036ac170eb6294f89d/screenshot - {}
RESULT: {}
COMMAND: POST /session/673ee8da6ae2a3036ac170eb6294f89d/execute/async - {"script":"<script> [1562 bytes]","args":[{"selector":{"id":"application-managehandovers-display-component---AddNewHO--smartFilterBar-btnBasicSearch","searchOpenDialogs":true,"interaction":{"idSuffix":"I"}},"wdio_ui5_key":"applicationmanagehandovers-display-component---AddNewHO--smartFilterBar-btnBasicSearch"}]}
RESULT: {"script":"<script> [1562 bytes]","args":[{"selector":{"id":"application-managehandovers-display-component---AddNewHO--smartFilterBar-btnBasicSearch","searchOpenDialogs":true,"interaction":{"idSuffix":"I"}},"wdio_ui5_key":"applicationmanagehandovers-display-component---AddNewHO--smartFilterBar-btnBasicSearch"}]}
RESULT: undefined
COMMAND: POST /session/673ee8da6ae2a3036ac170eb6294f89d/execute/async - {"script":"<script> [776 bytes]","args":[{"enterText":"dciyl4KfvW","selector":{"id":"application-managehandovers-display-component---AddNewHO--smartFilterBar-btnBasicSearch","searchOpenDialogs":true,"interaction":{"idSuffix":"I"}},"clearTextFirst":true,"interactionType":"ENTER_TEXT"}]}
RESULT: {"script":"<script> [776 bytes]","args":[{"enterText":"dciyl4KfvW","selector":{"id":"application-managehandovers-display-component---AddNewHO--smartFilterBar-btnBasicSearch","searchOpenDialogs":true,"interaction":{"idSuffix":"I"}},"clearTextFirst":true,"interactionType":"ENTER_TEXT"}]}
COMMAND: POST /session/673ee8da6ae2a3036ac170eb6294f89d/actions - {"actions":[{"id":"action17","type":"key","parameters":{},"actions":[{"type":"keyDown","value":"î€‡"},{"type":"pause","duration":10},{"type":"keyUp","value":"î€‡"}]}]}
RESULT: {"actions":[{"id":"action17","type":"key","parameters":{},"actions":[{"type":"keyDown","value":"î€‡"},{"type":"pause","duration":10},{"type":"keyUp","value":"î€‡"}]}]}
COMMAND: GET /session/673ee8da6ae2a3036ac170eb6294f89d/screenshot - {}
RESULT: {}
COMMAND: POST /session/673ee8da6ae2a3036ac170eb6294f89d/execute/async - {"script":"<script> [1562 bytes]","args":[{"selector":{"id":"application-managehandovers-display-component---AddNewHO--popup-sa","searchOpenDialogs":true,"interaction":{"idSuffix":"CbBg"}},"wdio_ui5_key":"applicationmanagehandovers-display-component---AddNewHO--popup-sa"}]}
RESULT: {"script":"<script> [1562 bytes]","args":[{"selector":{"id":"application-managehandovers-display-component---AddNewHO--popup-sa","searchOpenDialogs":true,"interaction":{"idSuffix":"CbBg"}},"wdio_ui5_key":"applicationmanagehandovers-display-component---AddNewHO--popup-sa"}]}
RESULT: undefined
COMMAND: POST /session/673ee8da6ae2a3036ac170eb6294f89d/element - {"using":"xpath","value":"//*[@id=\"application-managehandovers-display-component---AddNewHO--popup-sa\"]"}
RESULT: {"using":"xpath","value":"//*[@id=\"application-managehandovers-display-component---AddNewHO--popup-sa\"]"}
COMMAND: POST /session/673ee8da6ae2a3036ac170eb6294f89d/element/f.D876D0B9E4FB8B9E585720C2FE40BD5D.d.BA4F230CB385B76271E6576F81815264.e.4494/click - {}
RESULT: {}
COMMAND: GET /session/673ee8da6ae2a3036ac170eb6294f89d/screenshot - {}
RESULT: {}
COMMAND: POST /session/673ee8da6ae2a3036ac170eb6294f89d/element - {"using":"xpath","value":"//bdi[contains(text(), \"Select\")]"}
RESULT: {"using":"xpath","value":"//bdi[contains(text(), \"Select\")]"}
COMMAND: POST /session/673ee8da6ae2a3036ac170eb6294f89d/element/f.D876D0B9E4FB8B9E585720C2FE40BD5D.d.BA4F230CB385B76271E6576F81815264.e.4495/click - {}
RESULT: {}
COMMAND: GET /session/673ee8da6ae2a3036ac170eb6294f89d/screenshot - {}
RESULT: {}
COMMAND: POST /session/673ee8da6ae2a3036ac170eb6294f89d/element - {"using":"xpath","value":"//button[@data-kt=\"AddNewHOSaveButton\"]"}
RESULT: {"using":"xpath","value":"//button[@data-kt=\"AddNewHOSaveButton\"]"}
COMMAND: POST /session/673ee8da6ae2a3036ac170eb6294f89d/element/f.D876D0B9E4FB8B9E585720C2FE40BD5D.d.BA4F230CB385B76271E6576F81815264.e.4499/click - {}
RESULT: {}
COMMAND: GET /session/673ee8da6ae2a3036ac170eb6294f89d/screenshot - {}
RESULT: {}
COMMAND: POST /session/673ee8da6ae2a3036ac170eb6294f89d/execute/async - {"script":"<script> [1562 bytes]","args":[{"selector":{"id":"receiptDatePicker","viewName":"etm.portal.ui.managehandovers.view.DetailExecuteHO","interaction":{"idSuffix":"inner"}},"wdio_ui5_key":"receiptDatePickeretmportal.ui.managehandovers.view.DetailExecuteHO"}]}
RESULT: {"script":"<script> [1562 bytes]","args":[{"selector":{"id":"receiptDatePicker","viewName":"etm.portal.ui.managehandovers.view.DetailExecuteHO","interaction":{"idSuffix":"inner"}},"wdio_ui5_key":"receiptDatePickeretmportal.ui.managehandovers.view.DetailExecuteHO"}]}
RESULT: undefined
COMMAND: POST /session/673ee8da6ae2a3036ac170eb6294f89d/execute/async - {"script":"<script> [6424 bytes]","args":[{"element-6066-11e4-a52e-4f735466cecf":"f.D876D0B9E4FB8B9E585720C2FE40BD5D.d.BA4F230CB385B76271E6576F81815264.e.4516"},"setValue",["5/18/25"]]}
RESULT: {"script":"<script> [6424 bytes]","args":[{"element-6066-11e4-a52e-4f735466cecf":"f.D876D0B9E4FB8B9E585720C2FE40BD5D.d.BA4F230CB385B76271E6576F81815264.e.4516"},"setValue",["5/18/25"]]}
COMMAND: POST /session/673ee8da6ae2a3036ac170eb6294f89d/element - {"using":"xpath","value":"//button[@data-kt=\"PickingTableConfirmAllButton\"]"}
RESULT: {"using":"xpath","value":"//button[@data-kt=\"PickingTableConfirmAllButton\"]"}
COMMAND: POST /session/673ee8da6ae2a3036ac170eb6294f89d/element/f.D876D0B9E4FB8B9E585720C2FE40BD5D.d.BA4F230CB385B76271E6576F81815264.e.4530/click - {}
RESULT: {}
COMMAND: GET /session/673ee8da6ae2a3036ac170eb6294f89d/screenshot - {}
RESULT: {}
COMMAND: POST /session/673ee8da6ae2a3036ac170eb6294f89d/element - {"using":"xpath","value":"//bdi[contains(text(), \"OK\")]"}
RESULT: {"using":"xpath","value":"//bdi[contains(text(), \"OK\")]"}
COMMAND: POST /session/673ee8da6ae2a3036ac170eb6294f89d/element/f.D876D0B9E4FB8B9E585720C2FE40BD5D.d.BA4F230CB385B76271E6576F81815264.e.4532/click - {}
RESULT: {}
COMMAND: GET /session/673ee8da6ae2a3036ac170eb6294f89d/screenshot - {}
RESULT: {}
COMMAND: POST /session/673ee8da6ae2a3036ac170eb6294f89d/element - {"using":"xpath","value":"(//bdi[contains(text(), \"Receive\")])[2]"}
RESULT: {"using":"xpath","value":"(//bdi[contains(text(), \"Receive\")])[2]"}
COMMAND: POST /session/673ee8da6ae2a3036ac170eb6294f89d/element/f.D876D0B9E4FB8B9E585720C2FE40BD5D.d.BA4F230CB385B76271E6576F81815264.e.4534/click - {}
RESULT: {}
COMMAND: GET /session/673ee8da6ae2a3036ac170eb6294f89d/screenshot - {}
RESULT: {}
COMMAND: POST /session/673ee8da6ae2a3036ac170eb6294f89d/element - {"using":"css selector","value":"#shell-header-logo"}
RESULT: {"using":"css selector","value":"#shell-header-logo"}
COMMAND: POST /session/673ee8da6ae2a3036ac170eb6294f89d/element/f.D876D0B9E4FB8B9E585720C2FE40BD5D.d.BA4F230CB385B76271E6576F81815264.e.3916/click - {}
RESULT: {}
COMMAND: GET /session/673ee8da6ae2a3036ac170eb6294f89d/screenshot - {}
RESULT: {}
]]></system-out>
    </testcase>
    <testcase classname="chrome.136_0_7103_93.windows.Billing_Transfer_-_Master_data_&amp;_Intercompany_US127250" name="Should create a new contract" time="66.922">
      <system-out><![CDATA[
COMMAND: POST /session/673ee8da6ae2a3036ac170eb6294f89d/execute/async - {"script":"<script> [1562 bytes]","args":[{"selector":{"controlType":"sap.m.GenericTile","properties":{"header":"Manage Contracts"}},"wdio_ui5_key":"sapm.GenericTile{\"header\":\"Manage Contracts\"}"}]}
RESULT: {"script":"<script> [1562 bytes]","args":[{"selector":{"controlType":"sap.m.GenericTile","properties":{"header":"Manage Contracts"}},"wdio_ui5_key":"sapm.GenericTile{\"header\":\"Manage Contracts\"}"}]}
RESULT: undefined
COMMAND: POST /session/673ee8da6ae2a3036ac170eb6294f89d/element - {"using":"xpath","value":"//*[@id=\"__tile132\"]"}
RESULT: {"using":"xpath","value":"//*[@id=\"__tile132\"]"}
COMMAND: POST /session/673ee8da6ae2a3036ac170eb6294f89d/element/f.D876D0B9E4FB8B9E585720C2FE40BD5D.d.BA4F230CB385B76271E6576F81815264.e.177/click - {}
RESULT: {}
COMMAND: GET /session/673ee8da6ae2a3036ac170eb6294f89d/screenshot - {}
RESULT: {}
COMMAND: POST /session/673ee8da6ae2a3036ac170eb6294f89d/elements - {"using":"xpath","value":"//span[text()='Error']"}
RESULT: {"using":"xpath","value":"//span[text()='Error']"}
COMMAND: POST /session/673ee8da6ae2a3036ac170eb6294f89d/element - {"using":"xpath","value":"//button[@data-kt=\"addButton\"]"}
RESULT: {"using":"xpath","value":"//button[@data-kt=\"addButton\"]"}
COMMAND: POST /session/673ee8da6ae2a3036ac170eb6294f89d/elements - {"using":"xpath","value":"//button[@data-kt=\"addButton\"]"}
RESULT: {"using":"xpath","value":"//button[@data-kt=\"addButton\"]"}
COMMAND: POST /session/673ee8da6ae2a3036ac170eb6294f89d/execute/sync - {"script":"<script> [8489 bytes]","args":[{"element-6066-11e4-a52e-4f735466cecf":"f.D876D0B9E4FB8B9E585720C2FE40BD5D.d.BA4F230CB385B76271E6576F81815264.e.4756","ELEMENT":"f.D876D0B9E4FB8B9E585720C2FE40BD5D.d.BA4F230CB385B76271E6576F81815264.e.4756"}]}
RESULT: {"script":"<script> [8489 bytes]","args":[{"element-6066-11e4-a52e-4f735466cecf":"f.D876D0B9E4FB8B9E585720C2FE40BD5D.d.BA4F230CB385B76271E6576F81815264.e.4756","ELEMENT":"f.D876D0B9E4FB8B9E585720C2FE40BD5D.d.BA4F230CB385B76271E6576F81815264.e.4756"}]}
COMMAND: GET /session/673ee8da6ae2a3036ac170eb6294f89d/element/f.D876D0B9E4FB8B9E585720C2FE40BD5D.d.BA4F230CB385B76271E6576F81815264.e.4756/enabled - {}
COMMAND: GET /session/673ee8da6ae2a3036ac170eb6294f89d/screenshot - {}
RESULT: {}
COMMAND: POST /session/673ee8da6ae2a3036ac170eb6294f89d/execute/sync - {"script":"<script> [8489 bytes]","args":[{"element-6066-11e4-a52e-4f735466cecf":"f.D876D0B9E4FB8B9E585720C2FE40BD5D.d.BA4F230CB385B76271E6576F81815264.e.4756","ELEMENT":"f.D876D0B9E4FB8B9E585720C2FE40BD5D.d.BA4F230CB385B76271E6576F81815264.e.4756"}]}
COMMAND: GET /session/673ee8da6ae2a3036ac170eb6294f89d/screenshot - {}
RESULT: {}
RESULT: {}
RESULT: {"script":"<script> [8489 bytes]","args":[{"element-6066-11e4-a52e-4f735466cecf":"f.D876D0B9E4FB8B9E585720C2FE40BD5D.d.BA4F230CB385B76271E6576F81815264.e.4756","ELEMENT":"f.D876D0B9E4FB8B9E585720C2FE40BD5D.d.BA4F230CB385B76271E6576F81815264.e.4756"}]}
COMMAND: POST /session/673ee8da6ae2a3036ac170eb6294f89d/execute/sync - {"script":"<script> [5351 bytes]","args":[{"element-6066-11e4-a52e-4f735466cecf":"f.D876D0B9E4FB8B9E585720C2FE40BD5D.d.BA4F230CB385B76271E6576F81815264.e.4756","ELEMENT":"f.D876D0B9E4FB8B9E585720C2FE40BD5D.d.BA4F230CB385B76271E6576F81815264.e.4756"}]}
COMMAND: GET /session/673ee8da6ae2a3036ac170eb6294f89d/screenshot - {}
RESULT: {"script":"<script> [5351 bytes]","args":[{"element-6066-11e4-a52e-4f735466cecf":"f.D876D0B9E4FB8B9E585720C2FE40BD5D.d.BA4F230CB385B76271E6576F81815264.e.4756","ELEMENT":"f.D876D0B9E4FB8B9E585720C2FE40BD5D.d.BA4F230CB385B76271E6576F81815264.e.4756"}]}
COMMAND: GET /session/673ee8da6ae2a3036ac170eb6294f89d/screenshot - {}
RESULT: {}
RESULT: {}
COMMAND: POST /session/673ee8da6ae2a3036ac170eb6294f89d/element/f.D876D0B9E4FB8B9E585720C2FE40BD5D.d.BA4F230CB385B76271E6576F81815264.e.4756/click - {}
RESULT: {}
COMMAND: GET /session/673ee8da6ae2a3036ac170eb6294f89d/screenshot - {}
COMMAND: POST /session/673ee8da6ae2a3036ac170eb6294f89d/execute/async - {"script":"<script> [1562 bytes]","args":[{"selector":{"id":"application-managecontracts-display-component---AddNewContract--projectDescription","interaction":{"idSuffix":"inner"}},"wdio_ui5_key":"applicationmanagecontracts-display-component---AddNewContract--projectDescription"}]}
RESULT: {}
RESULT: {"script":"<script> [1562 bytes]","args":[{"selector":{"id":"application-managecontracts-display-component---AddNewContract--projectDescription","interaction":{"idSuffix":"inner"}},"wdio_ui5_key":"applicationmanagecontracts-display-component---AddNewContract--projectDescription"}]}
RESULT: undefined
COMMAND: POST /session/673ee8da6ae2a3036ac170eb6294f89d/execute/async - {"script":"<script> [776 bytes]","args":[{"enterText":"Intercompany Contract WDIO","selector":{"id":"application-managecontracts-display-component---AddNewContract--projectDescription","interaction":{"idSuffix":"inner"}},"clearTextFirst":true,"interactionType":"ENTER_TEXT"}]}
RESULT: {"script":"<script> [776 bytes]","args":[{"enterText":"Intercompany Contract WDIO","selector":{"id":"application-managecontracts-display-component---AddNewContract--projectDescription","interaction":{"idSuffix":"inner"}},"clearTextFirst":true,"interactionType":"ENTER_TEXT"}]}
COMMAND: POST /session/673ee8da6ae2a3036ac170eb6294f89d/element - {"using":"xpath","value":"//input[@id=\"application-managecontracts-display-component---AddNewContract--site-inner\"]"}
RESULT: {"using":"xpath","value":"//input[@id=\"application-managecontracts-display-component---AddNewContract--site-inner\"]"}
COMMAND: POST /session/673ee8da6ae2a3036ac170eb6294f89d/element/f.D876D0B9E4FB8B9E585720C2FE40BD5D.d.BA4F230CB385B76271E6576F81815264.e.5111/clear - {}
RESULT: {}
COMMAND: POST /session/673ee8da6ae2a3036ac170eb6294f89d/element/f.D876D0B9E4FB8B9E585720C2FE40BD5D.d.BA4F230CB385B76271E6576F81815264.e.5111/value - {"text":"2261"}
COMMAND: GET /session/673ee8da6ae2a3036ac170eb6294f89d/screenshot - {}
RESULT: {"text":"2261"}
COMMAND: GET /session/673ee8da6ae2a3036ac170eb6294f89d/screenshot - {}
RESULT: {}
RESULT: {}
COMMAND: POST /session/673ee8da6ae2a3036ac170eb6294f89d/element - {"using":"xpath","value":"//li[.//span[text()='2261']]"}
RESULT: {"using":"xpath","value":"//li[.//span[text()='2261']]"}
COMMAND: POST /session/673ee8da6ae2a3036ac170eb6294f89d/element/f.D876D0B9E4FB8B9E585720C2FE40BD5D.d.BA4F230CB385B76271E6576F81815264.e.5140/click - {}
RESULT: {}
COMMAND: GET /session/673ee8da6ae2a3036ac170eb6294f89d/screenshot - {}
RESULT: {}
COMMAND: POST /session/673ee8da6ae2a3036ac170eb6294f89d/element - {"using":"xpath","value":"//input[@id=\"application-managecontracts-display-component---AddNewContract--yardId-inner\"]"}
RESULT: {"using":"xpath","value":"//input[@id=\"application-managecontracts-display-component---AddNewContract--yardId-inner\"]"}
COMMAND: GET /session/673ee8da6ae2a3036ac170eb6294f89d/element/f.D876D0B9E4FB8B9E585720C2FE40BD5D.d.BA4F230CB385B76271E6576F81815264.e.5112/property/value - {}
RESULT: {}
COMMAND: POST /session/673ee8da6ae2a3036ac170eb6294f89d/element - {"using":"xpath","value":"//input[@id=\"application-managecontracts-display-component---AddNewContract--customerSelect-inner\"]"}
COMMAND: GET /session/673ee8da6ae2a3036ac170eb6294f89d/screenshot - {}
RESULT: {"using":"xpath","value":"//input[@id=\"application-managecontracts-display-component---AddNewContract--customerSelect-inner\"]"}
COMMAND: POST /session/673ee8da6ae2a3036ac170eb6294f89d/element/f.D876D0B9E4FB8B9E585720C2FE40BD5D.d.BA4F230CB385B76271E6576F81815264.e.5110/clear - {}
RESULT: {}
RESULT: {}
COMMAND: POST /session/673ee8da6ae2a3036ac170eb6294f89d/element/f.D876D0B9E4FB8B9E585720C2FE40BD5D.d.BA4F230CB385B76271E6576F81815264.e.5110/value - {"text":"1309"}
COMMAND: GET /session/673ee8da6ae2a3036ac170eb6294f89d/screenshot - {}
RESULT: {"text":"1309"}
COMMAND: GET /session/673ee8da6ae2a3036ac170eb6294f89d/screenshot - {}
RESULT: {}
RESULT: {}
COMMAND: POST /session/673ee8da6ae2a3036ac170eb6294f89d/element - {"using":"xpath","value":"//li[.//span[text()='1309']]"}
RESULT: {"using":"xpath","value":"//li[.//span[text()='1309']]"}
COMMAND: POST /session/673ee8da6ae2a3036ac170eb6294f89d/element/f.D876D0B9E4FB8B9E585720C2FE40BD5D.d.BA4F230CB385B76271E6576F81815264.e.5143/click - {}
RESULT: {}
COMMAND: GET /session/673ee8da6ae2a3036ac170eb6294f89d/screenshot - {}
RESULT: {}
COMMAND: POST /session/673ee8da6ae2a3036ac170eb6294f89d/element - {"using":"xpath","value":"//button[@data-kt=\"saveButton\"]"}
RESULT: {"using":"xpath","value":"//button[@data-kt=\"saveButton\"]"}
COMMAND: POST /session/673ee8da6ae2a3036ac170eb6294f89d/element/f.D876D0B9E4FB8B9E585720C2FE40BD5D.d.BA4F230CB385B76271E6576F81815264.e.5144/click - {}
RESULT: {}
COMMAND: GET /session/673ee8da6ae2a3036ac170eb6294f89d/screenshot - {}
RESULT: {}
COMMAND: POST /session/673ee8da6ae2a3036ac170eb6294f89d/element - {"using":"xpath","value":"//span[contains(@id ,\"contractDetailTitleNoExpanded\")]"}
RESULT: {"using":"xpath","value":"//span[contains(@id ,\"contractDetailTitleNoExpanded\")]"}
COMMAND: POST /session/673ee8da6ae2a3036ac170eb6294f89d/elements - {"using":"xpath","value":"//span[contains(@id ,\"contractDetailTitleNoExpanded\")]"}
RESULT: {"using":"xpath","value":"//span[contains(@id ,\"contractDetailTitleNoExpanded\")]"}
COMMAND: POST /session/673ee8da6ae2a3036ac170eb6294f89d/execute/sync - {"script":"<script> [56 bytes]","args":[{"element-6066-11e4-a52e-4f735466cecf":"f.D876D0B9E4FB8B9E585720C2FE40BD5D.d.BA4F230CB385B76271E6576F81815264.e.5161","ELEMENT":"f.D876D0B9E4FB8B9E585720C2FE40BD5D.d.BA4F230CB385B76271E6576F81815264.e.5161"}]}
RESULT: {"script":"<script> [56 bytes]","args":[{"element-6066-11e4-a52e-4f735466cecf":"f.D876D0B9E4FB8B9E585720C2FE40BD5D.d.BA4F230CB385B76271E6576F81815264.e.5161","ELEMENT":"f.D876D0B9E4FB8B9E585720C2FE40BD5D.d.BA4F230CB385B76271E6576F81815264.e.5161"}]}
COMMAND: GET /session/673ee8da6ae2a3036ac170eb6294f89d/screenshot - {}
RESULT: {}
]]></system-out>
    </testcase>
    <testcase classname="chrome.136_0_7103_93.windows.Billing_Transfer_-_Master_data_&amp;_Intercompany_US127250" name="Should add equipment to the contract" time="45.433">
      <system-out><![CDATA[
COMMAND: POST /session/673ee8da6ae2a3036ac170eb6294f89d/element - {"using":"xpath","value":"//button[@data-kt=\"contractDetailEditBtnButton\"]"}
RESULT: {"using":"xpath","value":"//button[@data-kt=\"contractDetailEditBtnButton\"]"}
COMMAND: POST /session/673ee8da6ae2a3036ac170eb6294f89d/element/f.D876D0B9E4FB8B9E585720C2FE40BD5D.d.BA4F230CB385B76271E6576F81815264.e.5162/click - {}
RESULT: {}
COMMAND: GET /session/673ee8da6ae2a3036ac170eb6294f89d/screenshot - {}
RESULT: {}
COMMAND: POST /session/673ee8da6ae2a3036ac170eb6294f89d/element - {"using":"xpath","value":"(//span[contains(text(), \"Additional Addresses\")])[2]"}
RESULT: {"using":"xpath","value":"(//span[contains(text(), \"Additional Addresses\")])[2]"}
COMMAND: POST /session/673ee8da6ae2a3036ac170eb6294f89d/element/f.D876D0B9E4FB8B9E585720C2FE40BD5D.d.BA4F230CB385B76271E6576F81815264.e.5216/click - {}
RESULT: {}
COMMAND: GET /session/673ee8da6ae2a3036ac170eb6294f89d/screenshot - {}
RESULT: {}
COMMAND: POST /session/673ee8da6ae2a3036ac170eb6294f89d/element - {"using":"xpath","value":"//button[@data-kt=\"btnAddTableRowOverflowToolbarButton\"]"}
RESULT: {"using":"xpath","value":"//button[@data-kt=\"btnAddTableRowOverflowToolbarButton\"]"}
COMMAND: POST /session/673ee8da6ae2a3036ac170eb6294f89d/element/f.D876D0B9E4FB8B9E585720C2FE40BD5D.d.BA4F230CB385B76271E6576F81815264.e.5220/click - {}
RESULT: {}
COMMAND: GET /session/673ee8da6ae2a3036ac170eb6294f89d/screenshot - {}
RESULT: {}
COMMAND: POST /session/673ee8da6ae2a3036ac170eb6294f89d/element - {"using":"xpath","value":"//div[(text() = 'Standard Entry' or . = 'Standard Entry')]"}
RESULT: {"using":"xpath","value":"//div[(text() = 'Standard Entry' or . = 'Standard Entry')]"}
COMMAND: POST /session/673ee8da6ae2a3036ac170eb6294f89d/element/f.D876D0B9E4FB8B9E585720C2FE40BD5D.d.BA4F230CB385B76271E6576F81815264.e.5222/click - {}
RESULT: {}
COMMAND: GET /session/673ee8da6ae2a3036ac170eb6294f89d/screenshot - {}
RESULT: {}
COMMAND: POST /session/673ee8da6ae2a3036ac170eb6294f89d/element - {"using":"xpath","value":"//td[7]/div/div/input"}
RESULT: {"using":"xpath","value":"//td[7]/div/div/input"}
COMMAND: POST /session/673ee8da6ae2a3036ac170eb6294f89d/element/f.D876D0B9E4FB8B9E585720C2FE40BD5D.d.BA4F230CB385B76271E6576F81815264.e.5231/clear - {}
RESULT: {}
COMMAND: POST /session/673ee8da6ae2a3036ac170eb6294f89d/element/f.D876D0B9E4FB8B9E585720C2FE40BD5D.d.BA4F230CB385B76271E6576F81815264.e.5231/value - {"text":"dciyl4KfvW"}
COMMAND: GET /session/673ee8da6ae2a3036ac170eb6294f89d/screenshot - {}
RESULT: {"text":"dciyl4KfvW"}
COMMAND: GET /session/673ee8da6ae2a3036ac170eb6294f89d/screenshot - {}
RESULT: {}
RESULT: {}
COMMAND: POST /session/673ee8da6ae2a3036ac170eb6294f89d/actions - {"actions":[{"id":"action18","type":"key","parameters":{},"actions":[{"type":"keyDown","value":"î€‡"},{"type":"pause","duration":10},{"type":"keyUp","value":"î€‡"}]}]}
RESULT: {"actions":[{"id":"action18","type":"key","parameters":{},"actions":[{"type":"keyDown","value":"î€‡"},{"type":"pause","duration":10},{"type":"keyUp","value":"î€‡"}]}]}
COMMAND: GET /session/673ee8da6ae2a3036ac170eb6294f89d/screenshot - {}
RESULT: {}
COMMAND: POST /session/673ee8da6ae2a3036ac170eb6294f89d/execute/sync - {"script":"<script> [276 bytes]","args":["No pricing information was found"]}
RESULT: {"script":"<script> [276 bytes]","args":["No pricing information was found"]}
COMMAND: POST /session/673ee8da6ae2a3036ac170eb6294f89d/element - {"using":"xpath","value":"(//button[@data-kt=\"saveButton\"])[2]"}
COMMAND: GET /session/673ee8da6ae2a3036ac170eb6294f89d/screenshot - {}
RESULT: {"using":"xpath","value":"(//button[@data-kt=\"saveButton\"])[2]"}
COMMAND: POST /session/673ee8da6ae2a3036ac170eb6294f89d/element/f.D876D0B9E4FB8B9E585720C2FE40BD5D.d.BA4F230CB385B76271E6576F81815264.e.5246/click - {}
RESULT: {}
RESULT: {}
COMMAND: GET /session/673ee8da6ae2a3036ac170eb6294f89d/screenshot - {}
RESULT: {}
COMMAND: POST /session/673ee8da6ae2a3036ac170eb6294f89d/execute/sync - {"script":"<script> [276 bytes]","args":["Some contract items are having rental validity exceeding header rental validity"]}
RESULT: {"script":"<script> [276 bytes]","args":["Some contract items are having rental validity exceeding header rental validity"]}
COMMAND: GET /session/673ee8da6ae2a3036ac170eb6294f89d/screenshot - {}
RESULT: {}
COMMAND: POST /session/673ee8da6ae2a3036ac170eb6294f89d/element - {"using":"xpath","value":"//span[contains(@id ,\"contractItemsSmartTable-header-inner\")]"}
RESULT: {"using":"xpath","value":"//span[contains(@id ,\"contractItemsSmartTable-header-inner\")]"}
COMMAND: POST /session/673ee8da6ae2a3036ac170eb6294f89d/elements - {"using":"xpath","value":"//span[contains(@id ,\"contractItemsSmartTable-header-inner\")]"}
RESULT: {"using":"xpath","value":"//span[contains(@id ,\"contractItemsSmartTable-header-inner\")]"}
COMMAND: POST /session/673ee8da6ae2a3036ac170eb6294f89d/execute/sync - {"script":"<script> [56 bytes]","args":[{"element-6066-11e4-a52e-4f735466cecf":"f.D876D0B9E4FB8B9E585720C2FE40BD5D.d.BA4F230CB385B76271E6576F81815264.e.5253","ELEMENT":"f.D876D0B9E4FB8B9E585720C2FE40BD5D.d.BA4F230CB385B76271E6576F81815264.e.5253"}]}
RESULT: {"script":"<script> [56 bytes]","args":[{"element-6066-11e4-a52e-4f735466cecf":"f.D876D0B9E4FB8B9E585720C2FE40BD5D.d.BA4F230CB385B76271E6576F81815264.e.5253","ELEMENT":"f.D876D0B9E4FB8B9E585720C2FE40BD5D.d.BA4F230CB385B76271E6576F81815264.e.5253"}]}
]]></system-out>
    </testcase>
    <testcase classname="chrome.136_0_7103_93.windows.Billing_Transfer_-_Master_data_&amp;_Intercompany_US127250" name="Should do a provide to site handover" time="60.058">
      <system-out><![CDATA[
COMMAND: POST /session/673ee8da6ae2a3036ac170eb6294f89d/element - {"using":"xpath","value":"//button[@data-kt=\"provideButton\"]"}
COMMAND: GET /session/673ee8da6ae2a3036ac170eb6294f89d/screenshot - {}
RESULT: {"using":"xpath","value":"//button[@data-kt=\"provideButton\"]"}
COMMAND: POST /session/673ee8da6ae2a3036ac170eb6294f89d/element/f.D876D0B9E4FB8B9E585720C2FE40BD5D.d.BA4F230CB385B76271E6576F81815264.e.5254/click - {}
RESULT: {}
RESULT: {}
COMMAND: GET /session/673ee8da6ae2a3036ac170eb6294f89d/screenshot - {}
RESULT: undefined
COMMAND: POST /session/673ee8da6ae2a3036ac170eb6294f89d/execute/async - {"script":"<script> [6424 bytes]","args":[{"element-6066-11e4-a52e-4f735466cecf":"f.D876D0B9E4FB8B9E585720C2FE40BD5D.d.BA4F230CB385B76271E6576F81815264.e.4316"},"setValue",["5/18/25"]]}
RESULT: {}
COMMAND: POST /session/673ee8da6ae2a3036ac170eb6294f89d/execute/async - {"script":"<script> [1562 bytes]","args":[{"selector":{"id":"application-managehandovers-display-component---AddNewHO--dueDate","interaction":{"idSuffix":"inner"}},"wdio_ui5_key":"applicationmanagehandovers-display-component---AddNewHO--dueDate"}]}
RESULT: {"script":"<script> [1562 bytes]","args":[{"selector":{"id":"application-managehandovers-display-component---AddNewHO--dueDate","interaction":{"idSuffix":"inner"}},"wdio_ui5_key":"applicationmanagehandovers-display-component---AddNewHO--dueDate"}]}
COMMAND: POST /session/673ee8da6ae2a3036ac170eb6294f89d/execute/async - {"script":"<script> [6424 bytes]","args":[{"element-6066-11e4-a52e-4f735466cecf":"f.D876D0B9E4FB8B9E585720C2FE40BD5D.d.BA4F230CB385B76271E6576F81815264.e.5311"},"setValue",["5/18/25"]]}
RESULT: {"script":"<script> [6424 bytes]","args":[{"element-6066-11e4-a52e-4f735466cecf":"f.D876D0B9E4FB8B9E585720C2FE40BD5D.d.BA4F230CB385B76271E6576F81815264.e.5311"},"setValue",["5/18/25"]]}
COMMAND: POST /session/673ee8da6ae2a3036ac170eb6294f89d/element - {"using":"xpath","value":"//bdi[contains(text(), \"Instructions\")]"}
RESULT: {"using":"xpath","value":"//bdi[contains(text(), \"Instructions\")]"}
COMMAND: POST /session/673ee8da6ae2a3036ac170eb6294f89d/element/f.D876D0B9E4FB8B9E585720C2FE40BD5D.d.BA4F230CB385B76271E6576F81815264.e.5420/click - {}
RESULT: {}
COMMAND: GET /session/673ee8da6ae2a3036ac170eb6294f89d/screenshot - {}
RESULT: {}
COMMAND: POST /session/673ee8da6ae2a3036ac170eb6294f89d/element - {"using":"xpath","value":"//button[@data-kt=\"AddNewHOProvideAddItemsButton\"]"}
RESULT: {"using":"xpath","value":"//button[@data-kt=\"AddNewHOProvideAddItemsButton\"]"}
COMMAND: POST /session/673ee8da6ae2a3036ac170eb6294f89d/element/f.D876D0B9E4FB8B9E585720C2FE40BD5D.d.BA4F230CB385B76271E6576F81815264.e.5424/click - {}
RESULT: {}
COMMAND: GET /session/673ee8da6ae2a3036ac170eb6294f89d/screenshot - {}
RESULT: {}
RESULT: undefined
COMMAND: POST /session/673ee8da6ae2a3036ac170eb6294f89d/element - {"using":"xpath","value":"//*[@id=\"application-managehandovers-display-component---AddNewHO--popup-sa\"]"}
RESULT: {"using":"xpath","value":"//*[@id=\"application-managehandovers-display-component---AddNewHO--popup-sa\"]"}
COMMAND: POST /session/673ee8da6ae2a3036ac170eb6294f89d/element/f.D876D0B9E4FB8B9E585720C2FE40BD5D.d.BA4F230CB385B76271E6576F81815264.e.5433/click - {}
RESULT: {}
COMMAND: GET /session/673ee8da6ae2a3036ac170eb6294f89d/screenshot - {}
RESULT: {}
COMMAND: POST /session/673ee8da6ae2a3036ac170eb6294f89d/element - {"using":"xpath","value":"//*[contains(@id ,\"BDI-content\")][contains(text(), \"Select\")]"}
RESULT: {"using":"xpath","value":"//*[contains(@id ,\"BDI-content\")][contains(text(), \"Select\")]"}
COMMAND: POST /session/673ee8da6ae2a3036ac170eb6294f89d/element/f.D876D0B9E4FB8B9E585720C2FE40BD5D.d.BA4F230CB385B76271E6576F81815264.e.5435/click - {}
RESULT: {}
COMMAND: GET /session/673ee8da6ae2a3036ac170eb6294f89d/screenshot - {}
RESULT: {}
COMMAND: POST /session/673ee8da6ae2a3036ac170eb6294f89d/execute/async - {"script":"<script> [1562 bytes]","args":[{"selector":{"id":"application-managehandovers-display-component---AddNewHO--confirmCreationButton","interaction":{"idSuffix":"BDI-content"}},"wdio_ui5_key":"applicationmanagehandovers-display-component---AddNewHO--confirmCreationButton"}]}
RESULT: {"script":"<script> [1562 bytes]","args":[{"selector":{"id":"application-managehandovers-display-component---AddNewHO--confirmCreationButton","interaction":{"idSuffix":"BDI-content"}},"wdio_ui5_key":"applicationmanagehandovers-display-component---AddNewHO--confirmCreationButton"}]}
RESULT: undefined
COMMAND: POST /session/673ee8da6ae2a3036ac170eb6294f89d/element - {"using":"xpath","value":"//*[@id=\"application-managehandovers-display-component---AddNewHO--confirmCreationButton\"]"}
RESULT: {"using":"xpath","value":"//*[@id=\"application-managehandovers-display-component---AddNewHO--confirmCreationButton\"]"}
COMMAND: POST /session/673ee8da6ae2a3036ac170eb6294f89d/element/f.D876D0B9E4FB8B9E585720C2FE40BD5D.d.BA4F230CB385B76271E6576F81815264.e.5379/click - {}
RESULT: {}
COMMAND: GET /session/673ee8da6ae2a3036ac170eb6294f89d/screenshot - {}
RESULT: {}
COMMAND: POST /session/673ee8da6ae2a3036ac170eb6294f89d/execute/async - {"script":"<script> [1562 bytes]","args":[{"selector":{"id":"issueDatePicker","viewName":"etm.portal.ui.managehandovers.view.DetailExecuteHO","interaction":{"idSuffix":"inner"}},"wdio_ui5_key":"issueDatePickeretmportal.ui.managehandovers.view.DetailExecuteHO"}]}
RESULT: {"script":"<script> [1562 bytes]","args":[{"selector":{"id":"issueDatePicker","viewName":"etm.portal.ui.managehandovers.view.DetailExecuteHO","interaction":{"idSuffix":"inner"}},"wdio_ui5_key":"issueDatePickeretmportal.ui.managehandovers.view.DetailExecuteHO"}]}
RESULT: undefined
COMMAND: POST /session/673ee8da6ae2a3036ac170eb6294f89d/execute/async - {"script":"<script> [776 bytes]","args":[{"enterText":"5/18/25","selector":{"id":"issueDatePicker","viewName":"etm.portal.ui.managehandovers.view.DetailExecuteHO","interaction":{"idSuffix":"inner"}},"clearTextFirst":true,"interactionType":"ENTER_TEXT"}]}
RESULT: {"script":"<script> [776 bytes]","args":[{"enterText":"5/18/25","selector":{"id":"issueDatePicker","viewName":"etm.portal.ui.managehandovers.view.DetailExecuteHO","interaction":{"idSuffix":"inner"}},"clearTextFirst":true,"interactionType":"ENTER_TEXT"}]}
COMMAND: POST /session/673ee8da6ae2a3036ac170eb6294f89d/element - {"using":"xpath","value":"//bdi[contains(text(), \"OK\")]"}
RESULT: {"using":"xpath","value":"//bdi[contains(text(), \"OK\")]"}
COMMAND: POST /session/673ee8da6ae2a3036ac170eb6294f89d/element/f.D876D0B9E4FB8B9E585720C2FE40BD5D.d.BA4F230CB385B76271E6576F81815264.e.5479/click - {}
RESULT: {}
COMMAND: GET /session/673ee8da6ae2a3036ac170eb6294f89d/screenshot - {}
RESULT: {}
COMMAND: POST /session/673ee8da6ae2a3036ac170eb6294f89d/element - {"using":"xpath","value":"//button[@data-kt=\"PickingTableConfirmAllButton\"]"}
RESULT: {"using":"xpath","value":"//button[@data-kt=\"PickingTableConfirmAllButton\"]"}
COMMAND: POST /session/673ee8da6ae2a3036ac170eb6294f89d/element/f.D876D0B9E4FB8B9E585720C2FE40BD5D.d.BA4F230CB385B76271E6576F81815264.e.5485/click - {}
RESULT: {}
COMMAND: GET /session/673ee8da6ae2a3036ac170eb6294f89d/screenshot - {}
RESULT: {}
COMMAND: POST /session/673ee8da6ae2a3036ac170eb6294f89d/element - {"using":"xpath","value":"//bdi[contains(text(), \"OK\")]"}
RESULT: {"using":"xpath","value":"//bdi[contains(text(), \"OK\")]"}
COMMAND: POST /session/673ee8da6ae2a3036ac170eb6294f89d/element/f.D876D0B9E4FB8B9E585720C2FE40BD5D.d.BA4F230CB385B76271E6576F81815264.e.5489/click - {}
RESULT: {}
COMMAND: GET /session/673ee8da6ae2a3036ac170eb6294f89d/screenshot - {}
RESULT: {}
COMMAND: POST /session/673ee8da6ae2a3036ac170eb6294f89d/element - {"using":"xpath","value":"//bdi[contains(text(), \"Issue\")]"}
RESULT: {"using":"xpath","value":"//bdi[contains(text(), \"Issue\")]"}
COMMAND: POST /session/673ee8da6ae2a3036ac170eb6294f89d/element/f.D876D0B9E4FB8B9E585720C2FE40BD5D.d.BA4F230CB385B76271E6576F81815264.e.5490/click - {}
RESULT: {}
COMMAND: GET /session/673ee8da6ae2a3036ac170eb6294f89d/screenshot - {}
RESULT: {}
COMMAND: POST /session/673ee8da6ae2a3036ac170eb6294f89d/element - {"using":"css selector","value":"#shell-header-logo"}
RESULT: {"using":"css selector","value":"#shell-header-logo"}
COMMAND: POST /session/673ee8da6ae2a3036ac170eb6294f89d/element/f.D876D0B9E4FB8B9E585720C2FE40BD5D.d.BA4F230CB385B76271E6576F81815264.e.4709/click - {}
RESULT: {}
COMMAND: GET /session/673ee8da6ae2a3036ac170eb6294f89d/screenshot - {}
RESULT: {}
]]></system-out>
    </testcase>
    <testcase classname="chrome.136_0_7103_93.windows.Billing_Transfer_-_Master_data_&amp;_Intercompany_US127250" name="Should go navigate to Manage Billings and trigger contract calculation check result" time="62.499">
      <system-out><![CDATA[
COMMAND: POST /session/673ee8da6ae2a3036ac170eb6294f89d/execute/async - {"script":"<script> [1562 bytes]","args":[{"selector":{"controlType":"sap.m.GenericTile","properties":{"header":"Manage Billings"}},"wdio_ui5_key":"sapm.GenericTile{\"header\":\"Manage Billings\"}"}]}
RESULT: {"script":"<script> [1562 bytes]","args":[{"selector":{"controlType":"sap.m.GenericTile","properties":{"header":"Manage Billings"}},"wdio_ui5_key":"sapm.GenericTile{\"header\":\"Manage Billings\"}"}]}
RESULT: undefined
COMMAND: POST /session/673ee8da6ae2a3036ac170eb6294f89d/element - {"using":"xpath","value":"//*[@id=\"__tile51\"]"}
RESULT: {"using":"xpath","value":"//*[@id=\"__tile51\"]"}
COMMAND: POST /session/673ee8da6ae2a3036ac170eb6294f89d/element/f.D876D0B9E4FB8B9E585720C2FE40BD5D.d.BA4F230CB385B76271E6576F81815264.e.143/click - {}
RESULT: {}
COMMAND: GET /session/673ee8da6ae2a3036ac170eb6294f89d/screenshot - {}
RESULT: {}
COMMAND: POST /session/673ee8da6ae2a3036ac170eb6294f89d/elements - {"using":"xpath","value":"//span[text()='Error']"}
RESULT: {"using":"xpath","value":"//span[text()='Error']"}
COMMAND: POST /session/673ee8da6ae2a3036ac170eb6294f89d/execute/async - {"script":"<script> [1562 bytes]","args":[{"selector":{"id":"application-managebillings-display-component---billRunCalcResult--smartFilterBar-btnBasicSearch","interaction":{"idSuffix":"I"}},"wdio_ui5_key":"applicationmanagebillings-display-component---billRunCalcResult--smartFilterBar-btnBasicSearch"}]}
RESULT: {"script":"<script> [1562 bytes]","args":[{"selector":{"id":"application-managebillings-display-component---billRunCalcResult--smartFilterBar-btnBasicSearch","interaction":{"idSuffix":"I"}},"wdio_ui5_key":"applicationmanagebillings-display-component---billRunCalcResult--smartFilterBar-btnBasicSearch"}]}
RESULT: undefined
COMMAND: POST /session/673ee8da6ae2a3036ac170eb6294f89d/execute/async - {"script":"<script> [776 bytes]","args":[{"enterText":"10361","selector":{"id":"application-managebillings-display-component---billRunCalcResult--smartFilterBar-btnBasicSearch","interaction":{"idSuffix":"I"}},"clearTextFirst":true,"interactionType":"ENTER_TEXT"}]}
RESULT: {"script":"<script> [776 bytes]","args":[{"enterText":"10361","selector":{"id":"application-managebillings-display-component---billRunCalcResult--smartFilterBar-btnBasicSearch","interaction":{"idSuffix":"I"}},"clearTextFirst":true,"interactionType":"ENTER_TEXT"}]}
COMMAND: POST /session/673ee8da6ae2a3036ac170eb6294f89d/actions - {"actions":[{"id":"action19","type":"key","parameters":{},"actions":[{"type":"keyDown","value":"î€‡"},{"type":"pause","duration":10},{"type":"keyUp","value":"î€‡"}]}]}
RESULT: {"actions":[{"id":"action19","type":"key","parameters":{},"actions":[{"type":"keyDown","value":"î€‡"},{"type":"pause","duration":10},{"type":"keyUp","value":"î€‡"}]}]}
COMMAND: GET /session/673ee8da6ae2a3036ac170eb6294f89d/screenshot - {}
RESULT: {}
COMMAND: POST /session/673ee8da6ae2a3036ac170eb6294f89d/element - {"using":"xpath","value":"//td[@aria-colindex=\"1\"]/div/div[contains(@class, \"sapMCbBg\")]"}
RESULT: {"using":"xpath","value":"//td[@aria-colindex=\"1\"]/div/div[contains(@class, \"sapMCbBg\")]"}
COMMAND: POST /session/673ee8da6ae2a3036ac170eb6294f89d/element/f.D876D0B9E4FB8B9E585720C2FE40BD5D.d.BA4F230CB385B76271E6576F81815264.e.5894/click - {}
RESULT: {}
COMMAND: GET /session/673ee8da6ae2a3036ac170eb6294f89d/screenshot - {}
RESULT: {}
COMMAND: POST /session/673ee8da6ae2a3036ac170eb6294f89d/execute/async - {"script":"<script> [1562 bytes]","args":[{"selector":{"id":"application-managebillings-display-component---billRunCalcResult--contractBillRunDate","interaction":{"idSuffix":"inner"}},"wdio_ui5_key":"applicationmanagebillings-display-component---billRunCalcResult--contractBillRunDate"}]}
RESULT: {"script":"<script> [1562 bytes]","args":[{"selector":{"id":"application-managebillings-display-component---billRunCalcResult--contractBillRunDate","interaction":{"idSuffix":"inner"}},"wdio_ui5_key":"applicationmanagebillings-display-component---billRunCalcResult--contractBillRunDate"}]}
RESULT: undefined
COMMAND: POST /session/673ee8da6ae2a3036ac170eb6294f89d/execute/async - {"script":"<script> [776 bytes]","args":[{"enterText":"6/18/25","selector":{"id":"application-managebillings-display-component---billRunCalcResult--contractBillRunDate","interaction":{"idSuffix":"inner"}},"clearTextFirst":true,"interactionType":"ENTER_TEXT"}]}
RESULT: {"script":"<script> [776 bytes]","args":[{"enterText":"6/18/25","selector":{"id":"application-managebillings-display-component---billRunCalcResult--contractBillRunDate","interaction":{"idSuffix":"inner"}},"clearTextFirst":true,"interactionType":"ENTER_TEXT"}]}
COMMAND: POST /session/673ee8da6ae2a3036ac170eb6294f89d/element - {"using":"xpath","value":"//bdi[contains(text(), \"Trigger Calculation\")]"}
RESULT: {"using":"xpath","value":"//bdi[contains(text(), \"Trigger Calculation\")]"}
COMMAND: POST /session/673ee8da6ae2a3036ac170eb6294f89d/element/f.D876D0B9E4FB8B9E585720C2FE40BD5D.d.BA4F230CB385B76271E6576F81815264.e.5944/click - {}
RESULT: {}
COMMAND: GET /session/673ee8da6ae2a3036ac170eb6294f89d/screenshot - {}
RESULT: {}
COMMAND: POST /session/673ee8da6ae2a3036ac170eb6294f89d/element - {"using":"xpath","value":"(//span[contains(@id, \"imgNav\")])[1]"}
RESULT: {"using":"xpath","value":"(//span[contains(@id, \"imgNav\")])[1]"}
COMMAND: POST /session/673ee8da6ae2a3036ac170eb6294f89d/element/f.D876D0B9E4FB8B9E585720C2FE40BD5D.d.BA4F230CB385B76271E6576F81815264.e.5895/click - {}
RESULT: {}
COMMAND: GET /session/673ee8da6ae2a3036ac170eb6294f89d/screenshot - {}
RESULT: {}
COMMAND: POST /session/673ee8da6ae2a3036ac170eb6294f89d/element - {"using":"xpath","value":"//tr/td[6]/div[1]/span[1]/span[1]"}
RESULT: {"using":"xpath","value":"//tr/td[6]/div[1]/span[1]/span[1]"}
COMMAND: GET /session/673ee8da6ae2a3036ac170eb6294f89d/element/f.D876D0B9E4FB8B9E585720C2FE40BD5D.d.BA4F230CB385B76271E6576F81815264.e.5950/text - {}
RESULT: {}
COMMAND: POST /session/673ee8da6ae2a3036ac170eb6294f89d/element - {"using":"xpath","value":"(//span[contains(@id, \"imgNav\")])[2]"}
RESULT: {"using":"xpath","value":"(//span[contains(@id, \"imgNav\")])[2]"}
COMMAND: POST /session/673ee8da6ae2a3036ac170eb6294f89d/element/f.D876D0B9E4FB8B9E585720C2FE40BD5D.d.BA4F230CB385B76271E6576F81815264.e.5951/click - {}
RESULT: {}
COMMAND: POST /session/673ee8da6ae2a3036ac170eb6294f89d/element - {"using":"xpath","value":"//bdi[contains(text(), \"Business Confirm\")]"}
COMMAND: GET /session/673ee8da6ae2a3036ac170eb6294f89d/screenshot - {}
RESULT: {"using":"xpath","value":"//bdi[contains(text(), \"Business Confirm\")]"}
COMMAND: POST /session/673ee8da6ae2a3036ac170eb6294f89d/elements - {"using":"xpath","value":"//bdi[contains(text(), \"Business Confirm\")]"}
RESULT: {}
RESULT: {"using":"xpath","value":"//bdi[contains(text(), \"Business Confirm\")]"}
COMMAND: POST /session/673ee8da6ae2a3036ac170eb6294f89d/elements - {"using":"xpath","value":"//bdi[contains(text(), \"Business Confirm\")]"}
RESULT: {"using":"xpath","value":"//bdi[contains(text(), \"Business Confirm\")]"}
COMMAND: POST /session/673ee8da6ae2a3036ac170eb6294f89d/element - {"using":"xpath","value":"//bdi[contains(text(), \"Business Confirm\")]"}
RESULT: {"using":"xpath","value":"//bdi[contains(text(), \"Business Confirm\")]"}
COMMAND: POST /session/673ee8da6ae2a3036ac170eb6294f89d/element/f.D876D0B9E4FB8B9E585720C2FE40BD5D.d.BA4F230CB385B76271E6576F81815264.e.5953/click - {}
COMMAND: POST /session/673ee8da6ae2a3036ac170eb6294f89d/element - {"using":"xpath","value":"//bdi[contains(text(), \"Business Confirm\")]"}
RESULT: {"using":"xpath","value":"//bdi[contains(text(), \"Business Confirm\")]"}
COMMAND: POST /session/673ee8da6ae2a3036ac170eb6294f89d/element/f.D876D0B9E4FB8B9E585720C2FE40BD5D.d.BA4F230CB385B76271E6576F81815264.e.5953/click - {}
COMMAND: POST /session/673ee8da6ae2a3036ac170eb6294f89d/element - {"using":"xpath","value":"//bdi[contains(text(), \"Business Confirm\")]"}
RESULT: {"using":"xpath","value":"//bdi[contains(text(), \"Business Confirm\")]"}
COMMAND: POST /session/673ee8da6ae2a3036ac170eb6294f89d/element/f.D876D0B9E4FB8B9E585720C2FE40BD5D.d.BA4F230CB385B76271E6576F81815264.e.6005/click - {}
RESULT: {}
COMMAND: POST /session/673ee8da6ae2a3036ac170eb6294f89d/element - {"using":"css selector","value":"#shell-header-logo"}
COMMAND: GET /session/673ee8da6ae2a3036ac170eb6294f89d/screenshot - {}
RESULT: {"using":"css selector","value":"#shell-header-logo"}
COMMAND: POST /session/673ee8da6ae2a3036ac170eb6294f89d/element/f.D876D0B9E4FB8B9E585720C2FE40BD5D.d.BA4F230CB385B76271E6576F81815264.e.5687/click - {}
RESULT: {}
RESULT: {}
COMMAND: GET /session/673ee8da6ae2a3036ac170eb6294f89d/screenshot - {}
RESULT: {}
]]></system-out>
    </testcase>
    <testcase classname="chrome.136_0_7103_93.windows.Billing_Transfer_-_Master_data_&amp;_Intercompany_US127250" name="Should do Billing Transfer all the way into invoice open for intercompany case" time="78.343">
      <system-out><![CDATA[
COMMAND: POST /session/673ee8da6ae2a3036ac170eb6294f89d/execute/async - {"script":"<script> [1562 bytes]","args":[{"selector":{"controlType":"sap.m.GenericTile","properties":{"header":"Billing Transfer"}},"wdio_ui5_key":"sapm.GenericTile{\"header\":\"Billing Transfer\"}"}]}
RESULT: {"script":"<script> [1562 bytes]","args":[{"selector":{"controlType":"sap.m.GenericTile","properties":{"header":"Billing Transfer"}},"wdio_ui5_key":"sapm.GenericTile{\"header\":\"Billing Transfer\"}"}]}
RESULT: undefined
COMMAND: POST /session/673ee8da6ae2a3036ac170eb6294f89d/element - {"using":"xpath","value":"//*[@id=\"__tile50\"]"}
RESULT: {"using":"xpath","value":"//*[@id=\"__tile50\"]"}
COMMAND: POST /session/673ee8da6ae2a3036ac170eb6294f89d/element/f.D876D0B9E4FB8B9E585720C2FE40BD5D.d.BA4F230CB385B76271E6576F81815264.e.202/click - {}
RESULT: {}
COMMAND: GET /session/673ee8da6ae2a3036ac170eb6294f89d/screenshot - {}
RESULT: {}
COMMAND: POST /session/673ee8da6ae2a3036ac170eb6294f89d/elements - {"using":"xpath","value":"//span[text()='Error']"}
RESULT: {"using":"xpath","value":"//span[text()='Error']"}
COMMAND: POST /session/673ee8da6ae2a3036ac170eb6294f89d/element - {"using":"xpath","value":"//input[contains(@id ,\"application-billingtransfer-display-component---billingWorkbench--smartFilterBar-btnBasicSearch\")]"}
RESULT: {"using":"xpath","value":"//input[contains(@id ,\"application-billingtransfer-display-component---billingWorkbench--smartFilterBar-btnBasicSearch\")]"}
COMMAND: POST /session/673ee8da6ae2a3036ac170eb6294f89d/elements - {"using":"xpath","value":"//input[contains(@id ,\"application-billingtransfer-display-component---billingWorkbench--smartFilterBar-btnBasicSearch\")]"}
RESULT: {"using":"xpath","value":"//input[contains(@id ,\"application-billingtransfer-display-component---billingWorkbench--smartFilterBar-btnBasicSearch\")]"}
COMMAND: POST /session/673ee8da6ae2a3036ac170eb6294f89d/execute/sync - {"script":"<script> [8489 bytes]","args":[{"element-6066-11e4-a52e-4f735466cecf":"f.D876D0B9E4FB8B9E585720C2FE40BD5D.d.BA4F230CB385B76271E6576F81815264.e.6034","ELEMENT":"f.D876D0B9E4FB8B9E585720C2FE40BD5D.d.BA4F230CB385B76271E6576F81815264.e.6034"}]}
RESULT: {"script":"<script> [8489 bytes]","args":[{"element-6066-11e4-a52e-4f735466cecf":"f.D876D0B9E4FB8B9E585720C2FE40BD5D.d.BA4F230CB385B76271E6576F81815264.e.6034","ELEMENT":"f.D876D0B9E4FB8B9E585720C2FE40BD5D.d.BA4F230CB385B76271E6576F81815264.e.6034"}]}
COMMAND: GET /session/673ee8da6ae2a3036ac170eb6294f89d/element/f.D876D0B9E4FB8B9E585720C2FE40BD5D.d.BA4F230CB385B76271E6576F81815264.e.6034/enabled - {}
COMMAND: GET /session/673ee8da6ae2a3036ac170eb6294f89d/screenshot - {}
RESULT: {}
COMMAND: POST /session/673ee8da6ae2a3036ac170eb6294f89d/element/f.D876D0B9E4FB8B9E585720C2FE40BD5D.d.BA4F230CB385B76271E6576F81815264.e.6034/click - {}
COMMAND: GET /session/673ee8da6ae2a3036ac170eb6294f89d/screenshot - {}
RESULT: {}
RESULT: {}
COMMAND: GET /session/673ee8da6ae2a3036ac170eb6294f89d/screenshot - {}
RESULT: {}
RESULT: {}
COMMAND: POST /session/673ee8da6ae2a3036ac170eb6294f89d/element/f.D876D0B9E4FB8B9E585720C2FE40BD5D.d.BA4F230CB385B76271E6576F81815264.e.6034/clear - {}
RESULT: {}
COMMAND: POST /session/673ee8da6ae2a3036ac170eb6294f89d/element/f.D876D0B9E4FB8B9E585720C2FE40BD5D.d.BA4F230CB385B76271E6576F81815264.e.6034/value - {"text":"10361"}
COMMAND: GET /session/673ee8da6ae2a3036ac170eb6294f89d/screenshot - {}
RESULT: {"text":"10361"}
COMMAND: POST /session/673ee8da6ae2a3036ac170eb6294f89d/actions - {"actions":[{"id":"action20","type":"key","parameters":{},"actions":[{"type":"keyDown","value":"î€‡"},{"type":"pause","duration":10},{"type":"keyUp","value":"î€‡"}]}]}
COMMAND: GET /session/673ee8da6ae2a3036ac170eb6294f89d/screenshot - {}
RESULT: {}
RESULT: {"actions":[{"id":"action20","type":"key","parameters":{},"actions":[{"type":"keyDown","value":"î€‡"},{"type":"pause","duration":10},{"type":"keyUp","value":"î€‡"}]}]}
COMMAND: GET /session/673ee8da6ae2a3036ac170eb6294f89d/screenshot - {}
RESULT: {}
RESULT: {}
COMMAND: POST /session/673ee8da6ae2a3036ac170eb6294f89d/element - {"using":"xpath","value":"//span[contains(@id ,\"application-billingtransfer-display-component---billingWorkbench--smartTableBillingRuns-header-inner\")]"}
RESULT: {"using":"xpath","value":"//span[contains(@id ,\"application-billingtransfer-display-component---billingWorkbench--smartTableBillingRuns-header-inner\")]"}
COMMAND: POST /session/673ee8da6ae2a3036ac170eb6294f89d/elements - {"using":"xpath","value":"//span[contains(@id ,\"application-billingtransfer-display-component---billingWorkbench--smartTableBillingRuns-header-inner\")]"}
RESULT: {"using":"xpath","value":"//span[contains(@id ,\"application-billingtransfer-display-component---billingWorkbench--smartTableBillingRuns-header-inner\")]"}
COMMAND: POST /session/673ee8da6ae2a3036ac170eb6294f89d/execute/sync - {"script":"<script> [56 bytes]","args":[{"element-6066-11e4-a52e-4f735466cecf":"f.D876D0B9E4FB8B9E585720C2FE40BD5D.d.BA4F230CB385B76271E6576F81815264.e.6193","ELEMENT":"f.D876D0B9E4FB8B9E585720C2FE40BD5D.d.BA4F230CB385B76271E6576F81815264.e.6193"}]}
RESULT: {"script":"<script> [56 bytes]","args":[{"element-6066-11e4-a52e-4f735466cecf":"f.D876D0B9E4FB8B9E585720C2FE40BD5D.d.BA4F230CB385B76271E6576F81815264.e.6193","ELEMENT":"f.D876D0B9E4FB8B9E585720C2FE40BD5D.d.BA4F230CB385B76271E6576F81815264.e.6193"}]}
COMMAND: POST /session/673ee8da6ae2a3036ac170eb6294f89d/element - {"using":"xpath","value":"//td[@aria-colindex=\"1\"]/div/div[contains(@class, \"sapMCbBg\")]"}
COMMAND: GET /session/673ee8da6ae2a3036ac170eb6294f89d/screenshot - {}
RESULT: {"using":"xpath","value":"//td[@aria-colindex=\"1\"]/div/div[contains(@class, \"sapMCbBg\")]"}
COMMAND: POST /session/673ee8da6ae2a3036ac170eb6294f89d/element/f.D876D0B9E4FB8B9E585720C2FE40BD5D.d.BA4F230CB385B76271E6576F81815264.e.6176/click - {}
RESULT: {}
RESULT: {}
COMMAND: GET /session/673ee8da6ae2a3036ac170eb6294f89d/screenshot - {}
RESULT: {}
COMMAND: POST /session/673ee8da6ae2a3036ac170eb6294f89d/element - {"using":"xpath","value":"//bdi[contains(text(), \"Check\")]"}
RESULT: {"using":"xpath","value":"//bdi[contains(text(), \"Check\")]"}
COMMAND: POST /session/673ee8da6ae2a3036ac170eb6294f89d/element/f.D876D0B9E4FB8B9E585720C2FE40BD5D.d.BA4F230CB385B76271E6576F81815264.e.6194/click - {}
RESULT: {}
COMMAND: GET /session/673ee8da6ae2a3036ac170eb6294f89d/screenshot - {}
RESULT: {}
COMMAND: POST /session/673ee8da6ae2a3036ac170eb6294f89d/element - {"using":"xpath","value":"//bdi[contains(text(), \"OK\")]"}
RESULT: {"using":"xpath","value":"//bdi[contains(text(), \"OK\")]"}
COMMAND: POST /session/673ee8da6ae2a3036ac170eb6294f89d/element/f.D876D0B9E4FB8B9E585720C2FE40BD5D.d.BA4F230CB385B76271E6576F81815264.e.6197/click - {}
RESULT: {}
COMMAND: GET /session/673ee8da6ae2a3036ac170eb6294f89d/screenshot - {}
RESULT: {}
COMMAND: POST /session/673ee8da6ae2a3036ac170eb6294f89d/element - {"using":"xpath","value":"(//span[contains(text(), \"CO/SD checked\")]/parent::div/preceding-sibling::div/span)[1]"}
RESULT: {"using":"xpath","value":"(//span[contains(text(), \"CO/SD checked\")]/parent::div/preceding-sibling::div/span)[1]"}
COMMAND: POST /session/673ee8da6ae2a3036ac170eb6294f89d/element/f.D876D0B9E4FB8B9E585720C2FE40BD5D.d.BA4F230CB385B76271E6576F81815264.e.6199/click - {}
RESULT: {}
COMMAND: GET /session/673ee8da6ae2a3036ac170eb6294f89d/screenshot - {}
RESULT: {}
COMMAND: POST /session/673ee8da6ae2a3036ac170eb6294f89d/element - {"using":"xpath","value":"//input[contains(@id ,\"application-billingtransfer-display-component---billingWorkbench--smartFilterBar-btnBasicSearch\")]"}
RESULT: {"using":"xpath","value":"//input[contains(@id ,\"application-billingtransfer-display-component---billingWorkbench--smartFilterBar-btnBasicSearch\")]"}
COMMAND: POST /session/673ee8da6ae2a3036ac170eb6294f89d/elements - {"using":"xpath","value":"//input[contains(@id ,\"application-billingtransfer-display-component---billingWorkbench--smartFilterBar-btnBasicSearch\")]"}
RESULT: {"using":"xpath","value":"//input[contains(@id ,\"application-billingtransfer-display-component---billingWorkbench--smartFilterBar-btnBasicSearch\")]"}
COMMAND: POST /session/673ee8da6ae2a3036ac170eb6294f89d/execute/sync - {"script":"<script> [8489 bytes]","args":[{"element-6066-11e4-a52e-4f735466cecf":"f.D876D0B9E4FB8B9E585720C2FE40BD5D.d.BA4F230CB385B76271E6576F81815264.e.6034","ELEMENT":"f.D876D0B9E4FB8B9E585720C2FE40BD5D.d.BA4F230CB385B76271E6576F81815264.e.6034"}]}
RESULT: {"script":"<script> [8489 bytes]","args":[{"element-6066-11e4-a52e-4f735466cecf":"f.D876D0B9E4FB8B9E585720C2FE40BD5D.d.BA4F230CB385B76271E6576F81815264.e.6034","ELEMENT":"f.D876D0B9E4FB8B9E585720C2FE40BD5D.d.BA4F230CB385B76271E6576F81815264.e.6034"}]}
COMMAND: GET /session/673ee8da6ae2a3036ac170eb6294f89d/element/f.D876D0B9E4FB8B9E585720C2FE40BD5D.d.BA4F230CB385B76271E6576F81815264.e.6034/enabled - {}
COMMAND: GET /session/673ee8da6ae2a3036ac170eb6294f89d/screenshot - {}
RESULT: {}
COMMAND: POST /session/673ee8da6ae2a3036ac170eb6294f89d/element/f.D876D0B9E4FB8B9E585720C2FE40BD5D.d.BA4F230CB385B76271E6576F81815264.e.6034/click - {}
COMMAND: GET /session/673ee8da6ae2a3036ac170eb6294f89d/screenshot - {}
RESULT: {}
RESULT: {}
COMMAND: GET /session/673ee8da6ae2a3036ac170eb6294f89d/screenshot - {}
RESULT: {}
RESULT: {}
COMMAND: POST /session/673ee8da6ae2a3036ac170eb6294f89d/element/f.D876D0B9E4FB8B9E585720C2FE40BD5D.d.BA4F230CB385B76271E6576F81815264.e.6034/clear - {}
RESULT: {}
COMMAND: POST /session/673ee8da6ae2a3036ac170eb6294f89d/element/f.D876D0B9E4FB8B9E585720C2FE40BD5D.d.BA4F230CB385B76271E6576F81815264.e.6034/value - {"text":"10361"}
COMMAND: GET /session/673ee8da6ae2a3036ac170eb6294f89d/screenshot - {}
RESULT: {"text":"10361"}
COMMAND: POST /session/673ee8da6ae2a3036ac170eb6294f89d/actions - {"actions":[{"id":"action21","type":"key","parameters":{},"actions":[{"type":"keyDown","value":"î€‡"},{"type":"pause","duration":10},{"type":"keyUp","value":"î€‡"}]}]}
COMMAND: GET /session/673ee8da6ae2a3036ac170eb6294f89d/screenshot - {}
RESULT: {}
RESULT: {"actions":[{"id":"action21","type":"key","parameters":{},"actions":[{"type":"keyDown","value":"î€‡"},{"type":"pause","duration":10},{"type":"keyUp","value":"î€‡"}]}]}
COMMAND: GET /session/673ee8da6ae2a3036ac170eb6294f89d/screenshot - {}
RESULT: {}
RESULT: {}
COMMAND: POST /session/673ee8da6ae2a3036ac170eb6294f89d/element - {"using":"xpath","value":"//span[contains(@id ,\"application-billingtransfer-display-component---billingWorkbench--smartTableBillingRuns-header-inner\")]"}
RESULT: {"using":"xpath","value":"//span[contains(@id ,\"application-billingtransfer-display-component---billingWorkbench--smartTableBillingRuns-header-inner\")]"}
COMMAND: POST /session/673ee8da6ae2a3036ac170eb6294f89d/elements - {"using":"xpath","value":"//span[contains(@id ,\"application-billingtransfer-display-component---billingWorkbench--smartTableBillingRuns-header-inner\")]"}
RESULT: {"using":"xpath","value":"//span[contains(@id ,\"application-billingtransfer-display-component---billingWorkbench--smartTableBillingRuns-header-inner\")]"}
COMMAND: POST /session/673ee8da6ae2a3036ac170eb6294f89d/execute/sync - {"script":"<script> [56 bytes]","args":[{"element-6066-11e4-a52e-4f735466cecf":"f.D876D0B9E4FB8B9E585720C2FE40BD5D.d.BA4F230CB385B76271E6576F81815264.e.6193","ELEMENT":"f.D876D0B9E4FB8B9E585720C2FE40BD5D.d.BA4F230CB385B76271E6576F81815264.e.6193"}]}
RESULT: {"script":"<script> [56 bytes]","args":[{"element-6066-11e4-a52e-4f735466cecf":"f.D876D0B9E4FB8B9E585720C2FE40BD5D.d.BA4F230CB385B76271E6576F81815264.e.6193","ELEMENT":"f.D876D0B9E4FB8B9E585720C2FE40BD5D.d.BA4F230CB385B76271E6576F81815264.e.6193"}]}
COMMAND: POST /session/673ee8da6ae2a3036ac170eb6294f89d/element - {"using":"xpath","value":"//td[@aria-colindex=\"1\"]/div/div[contains(@class, \"sapMCbBg\")]"}
COMMAND: GET /session/673ee8da6ae2a3036ac170eb6294f89d/screenshot - {}
RESULT: {"using":"xpath","value":"//td[@aria-colindex=\"1\"]/div/div[contains(@class, \"sapMCbBg\")]"}
COMMAND: POST /session/673ee8da6ae2a3036ac170eb6294f89d/element/f.D876D0B9E4FB8B9E585720C2FE40BD5D.d.BA4F230CB385B76271E6576F81815264.e.6204/click - {}
RESULT: {}
RESULT: {}
COMMAND: GET /session/673ee8da6ae2a3036ac170eb6294f89d/screenshot - {}
RESULT: {}
COMMAND: POST /session/673ee8da6ae2a3036ac170eb6294f89d/element - {"using":"xpath","value":"//bdi[text()=\"Transfer\"]"}
RESULT: {"using":"xpath","value":"//bdi[text()=\"Transfer\"]"}
COMMAND: POST /session/673ee8da6ae2a3036ac170eb6294f89d/element/f.D876D0B9E4FB8B9E585720C2FE40BD5D.d.BA4F230CB385B76271E6576F81815264.e.6205/click - {}
RESULT: {}
COMMAND: GET /session/673ee8da6ae2a3036ac170eb6294f89d/screenshot - {}
RESULT: {}
COMMAND: POST /session/673ee8da6ae2a3036ac170eb6294f89d/element - {"using":"xpath","value":"//bdi[contains(text(), \"OK\")]"}
RESULT: {"using":"xpath","value":"//bdi[contains(text(), \"OK\")]"}
COMMAND: POST /session/673ee8da6ae2a3036ac170eb6294f89d/element/f.D876D0B9E4FB8B9E585720C2FE40BD5D.d.BA4F230CB385B76271E6576F81815264.e.6208/click - {}
RESULT: {}
COMMAND: GET /session/673ee8da6ae2a3036ac170eb6294f89d/screenshot - {}
RESULT: {}
COMMAND: POST /session/673ee8da6ae2a3036ac170eb6294f89d/element - {"using":"xpath","value":"(//span[contains(text(), \"Invoice open\")]/parent::div/preceding-sibling::div/span)[1]"}
RESULT: {"using":"xpath","value":"(//span[contains(text(), \"Invoice open\")]/parent::div/preceding-sibling::div/span)[1]"}
COMMAND: POST /session/673ee8da6ae2a3036ac170eb6294f89d/element/f.D876D0B9E4FB8B9E585720C2FE40BD5D.d.BA4F230CB385B76271E6576F81815264.e.6216/click - {}
RESULT: {}
COMMAND: GET /session/673ee8da6ae2a3036ac170eb6294f89d/screenshot - {}
RESULT: {}
COMMAND: POST /session/673ee8da6ae2a3036ac170eb6294f89d/element - {"using":"xpath","value":"//input[contains(@id ,\"application-billingtransfer-display-component---billingWorkbench--smartFilterBar-btnBasicSearch\")]"}
RESULT: {"using":"xpath","value":"//input[contains(@id ,\"application-billingtransfer-display-component---billingWorkbench--smartFilterBar-btnBasicSearch\")]"}
COMMAND: POST /session/673ee8da6ae2a3036ac170eb6294f89d/elements - {"using":"xpath","value":"//input[contains(@id ,\"application-billingtransfer-display-component---billingWorkbench--smartFilterBar-btnBasicSearch\")]"}
RESULT: {"using":"xpath","value":"//input[contains(@id ,\"application-billingtransfer-display-component---billingWorkbench--smartFilterBar-btnBasicSearch\")]"}
COMMAND: POST /session/673ee8da6ae2a3036ac170eb6294f89d/execute/sync - {"script":"<script> [8489 bytes]","args":[{"element-6066-11e4-a52e-4f735466cecf":"f.D876D0B9E4FB8B9E585720C2FE40BD5D.d.BA4F230CB385B76271E6576F81815264.e.6034","ELEMENT":"f.D876D0B9E4FB8B9E585720C2FE40BD5D.d.BA4F230CB385B76271E6576F81815264.e.6034"}]}
RESULT: {"script":"<script> [8489 bytes]","args":[{"element-6066-11e4-a52e-4f735466cecf":"f.D876D0B9E4FB8B9E585720C2FE40BD5D.d.BA4F230CB385B76271E6576F81815264.e.6034","ELEMENT":"f.D876D0B9E4FB8B9E585720C2FE40BD5D.d.BA4F230CB385B76271E6576F81815264.e.6034"}]}
COMMAND: GET /session/673ee8da6ae2a3036ac170eb6294f89d/element/f.D876D0B9E4FB8B9E585720C2FE40BD5D.d.BA4F230CB385B76271E6576F81815264.e.6034/enabled - {}
COMMAND: GET /session/673ee8da6ae2a3036ac170eb6294f89d/screenshot - {}
RESULT: {}
COMMAND: POST /session/673ee8da6ae2a3036ac170eb6294f89d/element/f.D876D0B9E4FB8B9E585720C2FE40BD5D.d.BA4F230CB385B76271E6576F81815264.e.6034/click - {}
COMMAND: GET /session/673ee8da6ae2a3036ac170eb6294f89d/screenshot - {}
RESULT: {}
RESULT: {}
COMMAND: GET /session/673ee8da6ae2a3036ac170eb6294f89d/screenshot - {}
RESULT: {}
RESULT: {}
COMMAND: POST /session/673ee8da6ae2a3036ac170eb6294f89d/element/f.D876D0B9E4FB8B9E585720C2FE40BD5D.d.BA4F230CB385B76271E6576F81815264.e.6034/clear - {}
RESULT: {}
COMMAND: POST /session/673ee8da6ae2a3036ac170eb6294f89d/element/f.D876D0B9E4FB8B9E585720C2FE40BD5D.d.BA4F230CB385B76271E6576F81815264.e.6034/value - {"text":"10361"}
COMMAND: GET /session/673ee8da6ae2a3036ac170eb6294f89d/screenshot - {}
RESULT: {"text":"10361"}
COMMAND: POST /session/673ee8da6ae2a3036ac170eb6294f89d/actions - {"actions":[{"id":"action22","type":"key","parameters":{},"actions":[{"type":"keyDown","value":"î€‡"},{"type":"pause","duration":10},{"type":"keyUp","value":"î€‡"}]}]}
COMMAND: GET /session/673ee8da6ae2a3036ac170eb6294f89d/screenshot - {}
RESULT: {}
RESULT: {"actions":[{"id":"action22","type":"key","parameters":{},"actions":[{"type":"keyDown","value":"î€‡"},{"type":"pause","duration":10},{"type":"keyUp","value":"î€‡"}]}]}
COMMAND: GET /session/673ee8da6ae2a3036ac170eb6294f89d/screenshot - {}
RESULT: {}
RESULT: {}
COMMAND: POST /session/673ee8da6ae2a3036ac170eb6294f89d/element - {"using":"xpath","value":"//span[contains(@id ,\"application-billingtransfer-display-component---billingWorkbench--smartTableBillingRuns-header-inner\")]"}
RESULT: {"using":"xpath","value":"//span[contains(@id ,\"application-billingtransfer-display-component---billingWorkbench--smartTableBillingRuns-header-inner\")]"}
COMMAND: POST /session/673ee8da6ae2a3036ac170eb6294f89d/elements - {"using":"xpath","value":"//span[contains(@id ,\"application-billingtransfer-display-component---billingWorkbench--smartTableBillingRuns-header-inner\")]"}
RESULT: {"using":"xpath","value":"//span[contains(@id ,\"application-billingtransfer-display-component---billingWorkbench--smartTableBillingRuns-header-inner\")]"}
COMMAND: POST /session/673ee8da6ae2a3036ac170eb6294f89d/execute/sync - {"script":"<script> [56 bytes]","args":[{"element-6066-11e4-a52e-4f735466cecf":"f.D876D0B9E4FB8B9E585720C2FE40BD5D.d.BA4F230CB385B76271E6576F81815264.e.6193","ELEMENT":"f.D876D0B9E4FB8B9E585720C2FE40BD5D.d.BA4F230CB385B76271E6576F81815264.e.6193"}]}
RESULT: {"script":"<script> [56 bytes]","args":[{"element-6066-11e4-a52e-4f735466cecf":"f.D876D0B9E4FB8B9E585720C2FE40BD5D.d.BA4F230CB385B76271E6576F81815264.e.6193","ELEMENT":"f.D876D0B9E4FB8B9E585720C2FE40BD5D.d.BA4F230CB385B76271E6576F81815264.e.6193"}]}
COMMAND: GET /session/673ee8da6ae2a3036ac170eb6294f89d/screenshot - {}
RESULT: {}
COMMAND: POST /session/673ee8da6ae2a3036ac170eb6294f89d/execute/sync - {"script":"<script> [56 bytes]","args":[{"element-6066-11e4-a52e-4f735466cecf":"f.D876D0B9E4FB8B9E585720C2FE40BD5D.d.BA4F230CB385B76271E6576F81815264.e.6193","ELEMENT":"f.D876D0B9E4FB8B9E585720C2FE40BD5D.d.BA4F230CB385B76271E6576F81815264.e.6193"}]}
RESULT: {"script":"<script> [56 bytes]","args":[{"element-6066-11e4-a52e-4f735466cecf":"f.D876D0B9E4FB8B9E585720C2FE40BD5D.d.BA4F230CB385B76271E6576F81815264.e.6193","ELEMENT":"f.D876D0B9E4FB8B9E585720C2FE40BD5D.d.BA4F230CB385B76271E6576F81815264.e.6193"}]}
COMMAND: GET /session/673ee8da6ae2a3036ac170eb6294f89d/screenshot - {}
RESULT: {}
COMMAND: POST /session/673ee8da6ae2a3036ac170eb6294f89d/execute/sync - {"script":"<script> [56 bytes]","args":[{"element-6066-11e4-a52e-4f735466cecf":"f.D876D0B9E4FB8B9E585720C2FE40BD5D.d.BA4F230CB385B76271E6576F81815264.e.6193","ELEMENT":"f.D876D0B9E4FB8B9E585720C2FE40BD5D.d.BA4F230CB385B76271E6576F81815264.e.6193"}]}
RESULT: {"script":"<script> [56 bytes]","args":[{"element-6066-11e4-a52e-4f735466cecf":"f.D876D0B9E4FB8B9E585720C2FE40BD5D.d.BA4F230CB385B76271E6576F81815264.e.6193","ELEMENT":"f.D876D0B9E4FB8B9E585720C2FE40BD5D.d.BA4F230CB385B76271E6576F81815264.e.6193"}]}
COMMAND: GET /session/673ee8da6ae2a3036ac170eb6294f89d/screenshot - {}
RESULT: {}
COMMAND: POST /session/673ee8da6ae2a3036ac170eb6294f89d/execute/sync - {"script":"<script> [56 bytes]","args":[{"element-6066-11e4-a52e-4f735466cecf":"f.D876D0B9E4FB8B9E585720C2FE40BD5D.d.BA4F230CB385B76271E6576F81815264.e.6193","ELEMENT":"f.D876D0B9E4FB8B9E585720C2FE40BD5D.d.BA4F230CB385B76271E6576F81815264.e.6193"}]}
RESULT: {"script":"<script> [56 bytes]","args":[{"element-6066-11e4-a52e-4f735466cecf":"f.D876D0B9E4FB8B9E585720C2FE40BD5D.d.BA4F230CB385B76271E6576F81815264.e.6193","ELEMENT":"f.D876D0B9E4FB8B9E585720C2FE40BD5D.d.BA4F230CB385B76271E6576F81815264.e.6193"}]}
COMMAND: GET /session/673ee8da6ae2a3036ac170eb6294f89d/screenshot - {}
RESULT: {}
COMMAND: POST /session/673ee8da6ae2a3036ac170eb6294f89d/execute/sync - {"script":"<script> [56 bytes]","args":[{"element-6066-11e4-a52e-4f735466cecf":"f.D876D0B9E4FB8B9E585720C2FE40BD5D.d.BA4F230CB385B76271E6576F81815264.e.6193","ELEMENT":"f.D876D0B9E4FB8B9E585720C2FE40BD5D.d.BA4F230CB385B76271E6576F81815264.e.6193"}]}
RESULT: {"script":"<script> [56 bytes]","args":[{"element-6066-11e4-a52e-4f735466cecf":"f.D876D0B9E4FB8B9E585720C2FE40BD5D.d.BA4F230CB385B76271E6576F81815264.e.6193","ELEMENT":"f.D876D0B9E4FB8B9E585720C2FE40BD5D.d.BA4F230CB385B76271E6576F81815264.e.6193"}]}
COMMAND: GET /session/673ee8da6ae2a3036ac170eb6294f89d/screenshot - {}
RESULT: {}
COMMAND: POST /session/673ee8da6ae2a3036ac170eb6294f89d/execute/sync - {"script":"<script> [56 bytes]","args":[{"element-6066-11e4-a52e-4f735466cecf":"f.D876D0B9E4FB8B9E585720C2FE40BD5D.d.BA4F230CB385B76271E6576F81815264.e.6193","ELEMENT":"f.D876D0B9E4FB8B9E585720C2FE40BD5D.d.BA4F230CB385B76271E6576F81815264.e.6193"}]}
RESULT: {"script":"<script> [56 bytes]","args":[{"element-6066-11e4-a52e-4f735466cecf":"f.D876D0B9E4FB8B9E585720C2FE40BD5D.d.BA4F230CB385B76271E6576F81815264.e.6193","ELEMENT":"f.D876D0B9E4FB8B9E585720C2FE40BD5D.d.BA4F230CB385B76271E6576F81815264.e.6193"}]}
COMMAND: GET /session/673ee8da6ae2a3036ac170eb6294f89d/screenshot - {}
RESULT: {}
COMMAND: POST /session/673ee8da6ae2a3036ac170eb6294f89d/execute/sync - {"script":"<script> [56 bytes]","args":[{"element-6066-11e4-a52e-4f735466cecf":"f.D876D0B9E4FB8B9E585720C2FE40BD5D.d.BA4F230CB385B76271E6576F81815264.e.6193","ELEMENT":"f.D876D0B9E4FB8B9E585720C2FE40BD5D.d.BA4F230CB385B76271E6576F81815264.e.6193"}]}
RESULT: {"script":"<script> [56 bytes]","args":[{"element-6066-11e4-a52e-4f735466cecf":"f.D876D0B9E4FB8B9E585720C2FE40BD5D.d.BA4F230CB385B76271E6576F81815264.e.6193","ELEMENT":"f.D876D0B9E4FB8B9E585720C2FE40BD5D.d.BA4F230CB385B76271E6576F81815264.e.6193"}]}
COMMAND: GET /session/673ee8da6ae2a3036ac170eb6294f89d/screenshot - {}
RESULT: {}
COMMAND: POST /session/673ee8da6ae2a3036ac170eb6294f89d/execute/sync - {"script":"<script> [56 bytes]","args":[{"element-6066-11e4-a52e-4f735466cecf":"f.D876D0B9E4FB8B9E585720C2FE40BD5D.d.BA4F230CB385B76271E6576F81815264.e.6193","ELEMENT":"f.D876D0B9E4FB8B9E585720C2FE40BD5D.d.BA4F230CB385B76271E6576F81815264.e.6193"}]}
RESULT: {"script":"<script> [56 bytes]","args":[{"element-6066-11e4-a52e-4f735466cecf":"f.D876D0B9E4FB8B9E585720C2FE40BD5D.d.BA4F230CB385B76271E6576F81815264.e.6193","ELEMENT":"f.D876D0B9E4FB8B9E585720C2FE40BD5D.d.BA4F230CB385B76271E6576F81815264.e.6193"}]}
COMMAND: GET /session/673ee8da6ae2a3036ac170eb6294f89d/screenshot - {}
RESULT: {}
COMMAND: POST /session/673ee8da6ae2a3036ac170eb6294f89d/execute/sync - {"script":"<script> [56 bytes]","args":[{"element-6066-11e4-a52e-4f735466cecf":"f.D876D0B9E4FB8B9E585720C2FE40BD5D.d.BA4F230CB385B76271E6576F81815264.e.6193","ELEMENT":"f.D876D0B9E4FB8B9E585720C2FE40BD5D.d.BA4F230CB385B76271E6576F81815264.e.6193"}]}
RESULT: {"script":"<script> [56 bytes]","args":[{"element-6066-11e4-a52e-4f735466cecf":"f.D876D0B9E4FB8B9E585720C2FE40BD5D.d.BA4F230CB385B76271E6576F81815264.e.6193","ELEMENT":"f.D876D0B9E4FB8B9E585720C2FE40BD5D.d.BA4F230CB385B76271E6576F81815264.e.6193"}]}
COMMAND: GET /session/673ee8da6ae2a3036ac170eb6294f89d/screenshot - {}
RESULT: {}
COMMAND: POST /session/673ee8da6ae2a3036ac170eb6294f89d/execute/sync - {"script":"<script> [56 bytes]","args":[{"element-6066-11e4-a52e-4f735466cecf":"f.D876D0B9E4FB8B9E585720C2FE40BD5D.d.BA4F230CB385B76271E6576F81815264.e.6193","ELEMENT":"f.D876D0B9E4FB8B9E585720C2FE40BD5D.d.BA4F230CB385B76271E6576F81815264.e.6193"}]}
RESULT: {"script":"<script> [56 bytes]","args":[{"element-6066-11e4-a52e-4f735466cecf":"f.D876D0B9E4FB8B9E585720C2FE40BD5D.d.BA4F230CB385B76271E6576F81815264.e.6193","ELEMENT":"f.D876D0B9E4FB8B9E585720C2FE40BD5D.d.BA4F230CB385B76271E6576F81815264.e.6193"}]}
COMMAND: GET /session/673ee8da6ae2a3036ac170eb6294f89d/screenshot - {}
RESULT: {}
COMMAND: POST /session/673ee8da6ae2a3036ac170eb6294f89d/execute/sync - {"script":"<script> [56 bytes]","args":[{"element-6066-11e4-a52e-4f735466cecf":"f.D876D0B9E4FB8B9E585720C2FE40BD5D.d.BA4F230CB385B76271E6576F81815264.e.6193","ELEMENT":"f.D876D0B9E4FB8B9E585720C2FE40BD5D.d.BA4F230CB385B76271E6576F81815264.e.6193"}]}
RESULT: {"script":"<script> [56 bytes]","args":[{"element-6066-11e4-a52e-4f735466cecf":"f.D876D0B9E4FB8B9E585720C2FE40BD5D.d.BA4F230CB385B76271E6576F81815264.e.6193","ELEMENT":"f.D876D0B9E4FB8B9E585720C2FE40BD5D.d.BA4F230CB385B76271E6576F81815264.e.6193"}]}
COMMAND: GET /session/673ee8da6ae2a3036ac170eb6294f89d/screenshot - {}
RESULT: {}
COMMAND: POST /session/673ee8da6ae2a3036ac170eb6294f89d/execute/sync - {"script":"<script> [56 bytes]","args":[{"element-6066-11e4-a52e-4f735466cecf":"f.D876D0B9E4FB8B9E585720C2FE40BD5D.d.BA4F230CB385B76271E6576F81815264.e.6193","ELEMENT":"f.D876D0B9E4FB8B9E585720C2FE40BD5D.d.BA4F230CB385B76271E6576F81815264.e.6193"}]}
RESULT: {"script":"<script> [56 bytes]","args":[{"element-6066-11e4-a52e-4f735466cecf":"f.D876D0B9E4FB8B9E585720C2FE40BD5D.d.BA4F230CB385B76271E6576F81815264.e.6193","ELEMENT":"f.D876D0B9E4FB8B9E585720C2FE40BD5D.d.BA4F230CB385B76271E6576F81815264.e.6193"}]}
COMMAND: GET /session/673ee8da6ae2a3036ac170eb6294f89d/screenshot - {}
RESULT: {}
COMMAND: POST /session/673ee8da6ae2a3036ac170eb6294f89d/execute/sync - {"script":"<script> [56 bytes]","args":[{"element-6066-11e4-a52e-4f735466cecf":"f.D876D0B9E4FB8B9E585720C2FE40BD5D.d.BA4F230CB385B76271E6576F81815264.e.6193","ELEMENT":"f.D876D0B9E4FB8B9E585720C2FE40BD5D.d.BA4F230CB385B76271E6576F81815264.e.6193"}]}
RESULT: {"script":"<script> [56 bytes]","args":[{"element-6066-11e4-a52e-4f735466cecf":"f.D876D0B9E4FB8B9E585720C2FE40BD5D.d.BA4F230CB385B76271E6576F81815264.e.6193","ELEMENT":"f.D876D0B9E4FB8B9E585720C2FE40BD5D.d.BA4F230CB385B76271E6576F81815264.e.6193"}]}
COMMAND: POST /session/673ee8da6ae2a3036ac170eb6294f89d/element - {"using":"css selector","value":"#shell-header-logo"}
COMMAND: GET /session/673ee8da6ae2a3036ac170eb6294f89d/screenshot - {}
RESULT: {"using":"css selector","value":"#shell-header-logo"}
COMMAND: POST /session/673ee8da6ae2a3036ac170eb6294f89d/element/f.D876D0B9E4FB8B9E585720C2FE40BD5D.d.BA4F230CB385B76271E6576F81815264.e.6032/click - {}
RESULT: {}
RESULT: {}
COMMAND: GET /session/673ee8da6ae2a3036ac170eb6294f89d/screenshot - {}
RESULT: {}
COMMAND: POST /session/673ee8da6ae2a3036ac170eb6294f89d/element - {"using":"css selector","value":"#j_username"}
COMMAND: POST /session/673ee8da6ae2a3036ac170eb6294f89d/url - {"url":"https://qa-testing-00-live-etm-ui.cfapps.eu10-004.hana.ondemand.com/"}
RESULT: {"using":"css selector","value":"#j_username"}
COMMAND: POST /session/673ee8da6ae2a3036ac170eb6294f89d/element - {"using":"css selector","value":"#j_username"}
RESULT: {"url":"https://qa-testing-00-live-etm-ui.cfapps.eu10-004.hana.ondemand.com/"}
RESULT: undefined
COMMAND: GET /session/673ee8da6ae2a3036ac170eb6294f89d/screenshot - {}
RESULT: {"using":"css selector","value":"#j_username"}
COMMAND: POST /session/673ee8da6ae2a3036ac170eb6294f89d/element - {"using":"css selector","value":"#shell-header-logo"}
RESULT: {}
RESULT: {"using":"css selector","value":"#shell-header-logo"}
COMMAND: POST /session/673ee8da6ae2a3036ac170eb6294f89d/execute/sync - {"script":"<script> [8489 bytes]","args":[{"element-6066-11e4-a52e-4f735466cecf":"f.D876D0B9E4FB8B9E585720C2FE40BD5D.d.1DF8B88EA12D8BBAD136F009AE48EA7C.e.6235","ELEMENT":"f.D876D0B9E4FB8B9E585720C2FE40BD5D.d.1DF8B88EA12D8BBAD136F009AE48EA7C.e.6235"}]}
RESULT: {"script":"<script> [8489 bytes]","args":[{"element-6066-11e4-a52e-4f735466cecf":"f.D876D0B9E4FB8B9E585720C2FE40BD5D.d.1DF8B88EA12D8BBAD136F009AE48EA7C.e.6235","ELEMENT":"f.D876D0B9E4FB8B9E585720C2FE40BD5D.d.1DF8B88EA12D8BBAD136F009AE48EA7C.e.6235"}]}
COMMAND: POST /session/673ee8da6ae2a3036ac170eb6294f89d/element - {"using":"css selector","value":"#shell-header-logo"}
COMMAND: GET /session/673ee8da6ae2a3036ac170eb6294f89d/screenshot - {}
RESULT: {"using":"css selector","value":"#shell-header-logo"}
COMMAND: POST /session/673ee8da6ae2a3036ac170eb6294f89d/execute/sync - {"script":"<script> [8489 bytes]","args":[{"element-6066-11e4-a52e-4f735466cecf":"f.D876D0B9E4FB8B9E585720C2FE40BD5D.d.1DF8B88EA12D8BBAD136F009AE48EA7C.e.6235","ELEMENT":"f.D876D0B9E4FB8B9E585720C2FE40BD5D.d.1DF8B88EA12D8BBAD136F009AE48EA7C.e.6235"}]}
RESULT: {}
RESULT: {"script":"<script> [8489 bytes]","args":[{"element-6066-11e4-a52e-4f735466cecf":"f.D876D0B9E4FB8B9E585720C2FE40BD5D.d.1DF8B88EA12D8BBAD136F009AE48EA7C.e.6235","ELEMENT":"f.D876D0B9E4FB8B9E585720C2FE40BD5D.d.1DF8B88EA12D8BBAD136F009AE48EA7C.e.6235"}]}
COMMAND: POST /session/673ee8da6ae2a3036ac170eb6294f89d/execute/sync - {"script":"<script> [5351 bytes]","args":[{"element-6066-11e4-a52e-4f735466cecf":"f.D876D0B9E4FB8B9E585720C2FE40BD5D.d.1DF8B88EA12D8BBAD136F009AE48EA7C.e.6235","ELEMENT":"f.D876D0B9E4FB8B9E585720C2FE40BD5D.d.1DF8B88EA12D8BBAD136F009AE48EA7C.e.6235"}]}
COMMAND: GET /session/673ee8da6ae2a3036ac170eb6294f89d/screenshot - {}
RESULT: {"script":"<script> [5351 bytes]","args":[{"element-6066-11e4-a52e-4f735466cecf":"f.D876D0B9E4FB8B9E585720C2FE40BD5D.d.1DF8B88EA12D8BBAD136F009AE48EA7C.e.6235","ELEMENT":"f.D876D0B9E4FB8B9E585720C2FE40BD5D.d.1DF8B88EA12D8BBAD136F009AE48EA7C.e.6235"}]}
COMMAND: POST /session/673ee8da6ae2a3036ac170eb6294f89d/element - {"using":"css selector","value":"#shell-header-logo"}
COMMAND: GET /session/673ee8da6ae2a3036ac170eb6294f89d/screenshot - {}
RESULT: {}
RESULT: {"using":"css selector","value":"#shell-header-logo"}
COMMAND: POST /session/673ee8da6ae2a3036ac170eb6294f89d/element/f.D876D0B9E4FB8B9E585720C2FE40BD5D.d.1DF8B88EA12D8BBAD136F009AE48EA7C.e.6235/click - {}
RESULT: {}
RESULT: {}
COMMAND: GET /session/673ee8da6ae2a3036ac170eb6294f89d/screenshot - {}
RESULT: {}
COMMAND: POST /session/673ee8da6ae2a3036ac170eb6294f89d/execute/async - {"script":"<script> [189 bytes]","args":[]}
RESULT: {"script":"<script> [189 bytes]","args":[]}
COMMAND: POST /session/673ee8da6ae2a3036ac170eb6294f89d/execute/async - {"script":"<script> [123 bytes]","args":[]}
RESULT: {"script":"<script> [123 bytes]","args":[]}
COMMAND: POST /session/673ee8da6ae2a3036ac170eb6294f89d/timeouts - {"script":"<number>"}
RESULT: {"script":"<number>"}
COMMAND: GET /session/673ee8da6ae2a3036ac170eb6294f89d/timeouts - {}
RESULT: {}
RESULT: undefined
COMMAND: POST /session/673ee8da6ae2a3036ac170eb6294f89d/execute/async - {"script":"<script> [2676 bytes]","args":[]}
RESULT: {"script":"<script> [2676 bytes]","args":[]}
COMMAND: POST /session/673ee8da6ae2a3036ac170eb6294f89d/execute/async - {"script":"<script> [2342 bytes]","args":[{"protocol":"http","hostname":"0.0.0.0","path":"/","capabilities":{"browserName":"chrome","goog:chromeOptions":{"binary":"C:\\Program Files\\Google\\Chrome\\Application\\chrome.exe","args":["--start-maximized"]}},"logLevel":"warn","connectionRetryTimeout":120000,"connectionRetryCount":3,"logLevels":{},"enableDirectConnect":true,"strictSSL":true,"_":"65 more keys: [\"cacheDir\",\"port\",\"requestedCapabilities\",\"automationProtocol\",\"baseUrl\",\"waitforInterval\",\"waitforTimeout\",\"onReload\",\"beforeCommand\",\"afterCommand\",\"rootDir\",\"specs\",\"suites\",\"exclude\",\"groupLogsByTestSpec\",\"excludeDriverLogs\",\"bail\",\"framework\",\"reporters\",\"services\",\"maxInstances\",\"maxInstancesPerCapability\",\"injectGlobals\",\"filesToWatch\",\"execArgv\",\"runnerEnv\",\"runner\",\"shard\",\"specFileRetries\",\"specFileRetriesDelay\",\"specFileRetriesDeferred\",\"reporterSyncInterval\",\"reporterSyncTimeout\",\"cucumberFeaturesWithLineNumbers\",\"autoCompileOpts\",\"mochaOpts\",\"jasmineOpts\",\"cucumberOpts\",\"onPrepare\",\"onWorkerStart\",\"onWorkerEnd\",\"before\",\"beforeSession\",\"beforeSuite\",\"beforeHook\",\"beforeTest\",\"afterTest\",\"afterHook\",\"afterSuite\",\"afterSession\",\"after\",\"onComplete\",\"beforeAssertion\",\"afterAssertion\",\"beforeFeature\",\"beforeScenario\",\"beforeStep\",\"afterStep\",\"afterScenario\",\"afterFeature\",\"_\",\"suite\",\"$0\",\"ignoredWorkerServices\",\"wdi5\"]"}]}
RESULT: {"script":"<script> [2342 bytes]","args":[{"protocol":"http","hostname":"0.0.0.0","path":"/","capabilities":{"browserName":"chrome","goog:chromeOptions":{"binary":"C:\\Program Files\\Google\\Chrome\\Application\\chrome.exe","args":["--start-maximized"]}},"logLevel":"warn","connectionRetryTimeout":120000,"connectionRetryCount":3,"logLevels":{},"enableDirectConnect":true,"strictSSL":true,"_":"65 more keys: [\"cacheDir\",\"port\",\"requestedCapabilities\",\"automationProtocol\",\"baseUrl\",\"waitforInterval\",\"waitforTimeout\",\"onReload\",\"beforeCommand\",\"afterCommand\",\"rootDir\",\"specs\",\"suites\",\"exclude\",\"groupLogsByTestSpec\",\"excludeDriverLogs\",\"bail\",\"framework\",\"reporters\",\"services\",\"maxInstances\",\"maxInstancesPerCapability\",\"injectGlobals\",\"filesToWatch\",\"execArgv\",\"runnerEnv\",\"runner\",\"shard\",\"specFileRetries\",\"specFileRetriesDelay\",\"specFileRetriesDeferred\",\"reporterSyncInterval\",\"reporterSyncTimeout\",\"cucumberFeaturesWithLineNumbers\",\"autoCompileOpts\",\"mochaOpts\",\"jasmineOpts\",\"cucumberOpts\",\"onPrepare\",\"onWorkerStart\",\"onWorkerEnd\",\"before\",\"beforeSession\",\"beforeSuite\",\"beforeHook\",\"beforeTest\",\"afterTest\",\"afterHook\",\"afterSuite\",\"afterSession\",\"after\",\"onComplete\",\"beforeAssertion\",\"afterAssertion\",\"beforeFeature\",\"beforeScenario\",\"beforeStep\",\"afterStep\",\"afterScenario\",\"afterFeature\",\"_\",\"suite\",\"$0\",\"ignoredWorkerServices\",\"wdi5\"]"}]}
COMMAND: POST /session/673ee8da6ae2a3036ac170eb6294f89d/execute/async - {"script":"<script> [21126 bytes]","args":[35000]}
RESULT: {"script":"<script> [21126 bytes]","args":[35000]}
COMMAND: POST /session/673ee8da6ae2a3036ac170eb6294f89d/window/maximize - {}
RESULT: {}
COMMAND: POST /session/673ee8da6ae2a3036ac170eb6294f89d/execute/async - {"script":"<script> [1562 bytes]","args":[{"selector":{"id":"shell-header","interaction":{"idSuffix":"icon"}},"wdio_ui5_key":"shellheader"}]}
COMMAND: GET /session/673ee8da6ae2a3036ac170eb6294f89d/screenshot - {}
RESULT: {"script":"<script> [1562 bytes]","args":[{"selector":{"id":"shell-header","interaction":{"idSuffix":"icon"}},"wdio_ui5_key":"shellheader"}]}
RESULT: undefined
COMMAND: POST /session/673ee8da6ae2a3036ac170eb6294f89d/refresh - {}
RESULT: {}
RESULT: {}
COMMAND: GET /session/673ee8da6ae2a3036ac170eb6294f89d/screenshot - {}
RESULT: {}
COMMAND: POST /session/673ee8da6ae2a3036ac170eb6294f89d/refresh - {}
RESULT: {}
COMMAND: GET /session/673ee8da6ae2a3036ac170eb6294f89d/screenshot - {}
RESULT: {}
COMMAND: POST /session/673ee8da6ae2a3036ac170eb6294f89d/window/fullscreen - {}
RESULT: {}
COMMAND: POST /session/673ee8da6ae2a3036ac170eb6294f89d/execute/async - {"script":"<script> [189 bytes]","args":[]}
RESULT: {"script":"<script> [189 bytes]","args":[]}
COMMAND: POST /session/673ee8da6ae2a3036ac170eb6294f89d/execute/async - {"script":"<script> [123 bytes]","args":[]}
RESULT: {"script":"<script> [123 bytes]","args":[]}
COMMAND: POST /session/673ee8da6ae2a3036ac170eb6294f89d/timeouts - {"script":"<number>"}
RESULT: {"script":"<number>"}
COMMAND: GET /session/673ee8da6ae2a3036ac170eb6294f89d/timeouts - {}
RESULT: {}
RESULT: undefined
COMMAND: POST /session/673ee8da6ae2a3036ac170eb6294f89d/execute/async - {"script":"<script> [2676 bytes]","args":[]}
RESULT: {"script":"<script> [2676 bytes]","args":[]}
COMMAND: POST /session/673ee8da6ae2a3036ac170eb6294f89d/execute/async - {"script":"<script> [2342 bytes]","args":[{"protocol":"http","hostname":"0.0.0.0","path":"/","capabilities":{"browserName":"chrome","goog:chromeOptions":{"binary":"C:\\Program Files\\Google\\Chrome\\Application\\chrome.exe","args":["--start-maximized"]}},"logLevel":"warn","connectionRetryTimeout":120000,"connectionRetryCount":3,"logLevels":{},"enableDirectConnect":true,"strictSSL":true,"_":"65 more keys: [\"cacheDir\",\"port\",\"requestedCapabilities\",\"automationProtocol\",\"baseUrl\",\"waitforInterval\",\"waitforTimeout\",\"onReload\",\"beforeCommand\",\"afterCommand\",\"rootDir\",\"specs\",\"suites\",\"exclude\",\"groupLogsByTestSpec\",\"excludeDriverLogs\",\"bail\",\"framework\",\"reporters\",\"services\",\"maxInstances\",\"maxInstancesPerCapability\",\"injectGlobals\",\"filesToWatch\",\"execArgv\",\"runnerEnv\",\"runner\",\"shard\",\"specFileRetries\",\"specFileRetriesDelay\",\"specFileRetriesDeferred\",\"reporterSyncInterval\",\"reporterSyncTimeout\",\"cucumberFeaturesWithLineNumbers\",\"autoCompileOpts\",\"mochaOpts\",\"jasmineOpts\",\"cucumberOpts\",\"onPrepare\",\"onWorkerStart\",\"onWorkerEnd\",\"before\",\"beforeSession\",\"beforeSuite\",\"beforeHook\",\"beforeTest\",\"afterTest\",\"afterHook\",\"afterSuite\",\"afterSession\",\"after\",\"onComplete\",\"beforeAssertion\",\"afterAssertion\",\"beforeFeature\",\"beforeScenario\",\"beforeStep\",\"afterStep\",\"afterScenario\",\"afterFeature\",\"_\",\"suite\",\"$0\",\"ignoredWorkerServices\",\"wdi5\"]"}]}
RESULT: {"script":"<script> [2342 bytes]","args":[{"protocol":"http","hostname":"0.0.0.0","path":"/","capabilities":{"browserName":"chrome","goog:chromeOptions":{"binary":"C:\\Program Files\\Google\\Chrome\\Application\\chrome.exe","args":["--start-maximized"]}},"logLevel":"warn","connectionRetryTimeout":120000,"connectionRetryCount":3,"logLevels":{},"enableDirectConnect":true,"strictSSL":true,"_":"65 more keys: [\"cacheDir\",\"port\",\"requestedCapabilities\",\"automationProtocol\",\"baseUrl\",\"waitforInterval\",\"waitforTimeout\",\"onReload\",\"beforeCommand\",\"afterCommand\",\"rootDir\",\"specs\",\"suites\",\"exclude\",\"groupLogsByTestSpec\",\"excludeDriverLogs\",\"bail\",\"framework\",\"reporters\",\"services\",\"maxInstances\",\"maxInstancesPerCapability\",\"injectGlobals\",\"filesToWatch\",\"execArgv\",\"runnerEnv\",\"runner\",\"shard\",\"specFileRetries\",\"specFileRetriesDelay\",\"specFileRetriesDeferred\",\"reporterSyncInterval\",\"reporterSyncTimeout\",\"cucumberFeaturesWithLineNumbers\",\"autoCompileOpts\",\"mochaOpts\",\"jasmineOpts\",\"cucumberOpts\",\"onPrepare\",\"onWorkerStart\",\"onWorkerEnd\",\"before\",\"beforeSession\",\"beforeSuite\",\"beforeHook\",\"beforeTest\",\"afterTest\",\"afterHook\",\"afterSuite\",\"afterSession\",\"after\",\"onComplete\",\"beforeAssertion\",\"afterAssertion\",\"beforeFeature\",\"beforeScenario\",\"beforeStep\",\"afterStep\",\"afterScenario\",\"afterFeature\",\"_\",\"suite\",\"$0\",\"ignoredWorkerServices\",\"wdi5\"]"}]}
COMMAND: POST /session/673ee8da6ae2a3036ac170eb6294f89d/execute/async - {"script":"<script> [21126 bytes]","args":[35000]}
RESULT: {"script":"<script> [21126 bytes]","args":[35000]}
]]></system-out>
    </testcase>
  </testsuite>
  <testsuite timestamp="2025-05-18T17:39:35" time="1078.886" tests="12" failures="0" errors="0" skipped="0">
    <properties>
      <property name="specId" value="0" />
      <property name="suiteName" value="Billing Transfer - Intracompany US127249" />
      <property name="capabilities" value="chrome.136_0_7103_93.windows" />
      <property name="file" value="file:///D:/a/1/s/test/specs/BTS/billing-transfer-intracompany.spec.js" />
    </properties>
    <testcase classname="chrome.136_0_7103_93.windows.Billing_Transfer_-_Intracompany_US127249" name="Should create a new yard" time="114.132">
      <system-out><![CDATA[
COMMAND: POST /session/673ee8da6ae2a3036ac170eb6294f89d/window/fullscreen - {}
RESULT: {}
COMMAND: POST /session/673ee8da6ae2a3036ac170eb6294f89d/execute/async - {"script":"<script> [1562 bytes]","args":[{"selector":{"controlType":"sap.m.GenericTile","properties":{"header":"Manage Yards"}},"wdio_ui5_key":"sapm.GenericTile{\"header\":\"Manage Yards\"}"}]}
RESULT: {"script":"<script> [1562 bytes]","args":[{"selector":{"controlType":"sap.m.GenericTile","properties":{"header":"Manage Yards"}},"wdio_ui5_key":"sapm.GenericTile{\"header\":\"Manage Yards\"}"}]}
RESULT: undefined
COMMAND: POST /session/673ee8da6ae2a3036ac170eb6294f89d/element - {"using":"xpath","value":"//*[@id=\"__tile41\"]"}
RESULT: {"using":"xpath","value":"//*[@id=\"__tile41\"]"}
COMMAND: POST /session/673ee8da6ae2a3036ac170eb6294f89d/element/f.D876D0B9E4FB8B9E585720C2FE40BD5D.d.8E9902481891869F8D67AF8AC8AE2DCB.e.6394/click - {}
RESULT: {}
COMMAND: GET /session/673ee8da6ae2a3036ac170eb6294f89d/screenshot - {}
RESULT: {}
COMMAND: POST /session/673ee8da6ae2a3036ac170eb6294f89d/elements - {"using":"xpath","value":"//span[text()='Error']"}
RESULT: {"using":"xpath","value":"//span[text()='Error']"}
COMMAND: POST /session/673ee8da6ae2a3036ac170eb6294f89d/element - {"using":"xpath","value":"//button[@data-kt=\"addNewYardOverflowToolbarButton\"]"}
RESULT: {"using":"xpath","value":"//button[@data-kt=\"addNewYardOverflowToolbarButton\"]"}
COMMAND: POST /session/673ee8da6ae2a3036ac170eb6294f89d/elements - {"using":"xpath","value":"//button[@data-kt=\"addNewYardOverflowToolbarButton\"]"}
RESULT: {"using":"xpath","value":"//button[@data-kt=\"addNewYardOverflowToolbarButton\"]"}
COMMAND: POST /session/673ee8da6ae2a3036ac170eb6294f89d/execute/sync - {"script":"<script> [8489 bytes]","args":[{"element-6066-11e4-a52e-4f735466cecf":"f.D876D0B9E4FB8B9E585720C2FE40BD5D.d.8E9902481891869F8D67AF8AC8AE2DCB.e.6531","ELEMENT":"f.D876D0B9E4FB8B9E585720C2FE40BD5D.d.8E9902481891869F8D67AF8AC8AE2DCB.e.6531"}]}
RESULT: {"script":"<script> [8489 bytes]","args":[{"element-6066-11e4-a52e-4f735466cecf":"f.D876D0B9E4FB8B9E585720C2FE40BD5D.d.8E9902481891869F8D67AF8AC8AE2DCB.e.6531","ELEMENT":"f.D876D0B9E4FB8B9E585720C2FE40BD5D.d.8E9902481891869F8D67AF8AC8AE2DCB.e.6531"}]}
COMMAND: GET /session/673ee8da6ae2a3036ac170eb6294f89d/element/f.D876D0B9E4FB8B9E585720C2FE40BD5D.d.8E9902481891869F8D67AF8AC8AE2DCB.e.6531/enabled - {}
COMMAND: GET /session/673ee8da6ae2a3036ac170eb6294f89d/screenshot - {}
RESULT: {}
COMMAND: POST /session/673ee8da6ae2a3036ac170eb6294f89d/execute/sync - {"script":"<script> [8489 bytes]","args":[{"element-6066-11e4-a52e-4f735466cecf":"f.D876D0B9E4FB8B9E585720C2FE40BD5D.d.8E9902481891869F8D67AF8AC8AE2DCB.e.6531","ELEMENT":"f.D876D0B9E4FB8B9E585720C2FE40BD5D.d.8E9902481891869F8D67AF8AC8AE2DCB.e.6531"}]}
COMMAND: GET /session/673ee8da6ae2a3036ac170eb6294f89d/screenshot - {}
RESULT: {}
RESULT: {"script":"<script> [8489 bytes]","args":[{"element-6066-11e4-a52e-4f735466cecf":"f.D876D0B9E4FB8B9E585720C2FE40BD5D.d.8E9902481891869F8D67AF8AC8AE2DCB.e.6531","ELEMENT":"f.D876D0B9E4FB8B9E585720C2FE40BD5D.d.8E9902481891869F8D67AF8AC8AE2DCB.e.6531"}]}
COMMAND: POST /session/673ee8da6ae2a3036ac170eb6294f89d/execute/sync - {"script":"<script> [5351 bytes]","args":[{"element-6066-11e4-a52e-4f735466cecf":"f.D876D0B9E4FB8B9E585720C2FE40BD5D.d.8E9902481891869F8D67AF8AC8AE2DCB.e.6531","ELEMENT":"f.D876D0B9E4FB8B9E585720C2FE40BD5D.d.8E9902481891869F8D67AF8AC8AE2DCB.e.6531"}]}
COMMAND: GET /session/673ee8da6ae2a3036ac170eb6294f89d/screenshot - {}
RESULT: {}
RESULT: {"script":"<script> [5351 bytes]","args":[{"element-6066-11e4-a52e-4f735466cecf":"f.D876D0B9E4FB8B9E585720C2FE40BD5D.d.8E9902481891869F8D67AF8AC8AE2DCB.e.6531","ELEMENT":"f.D876D0B9E4FB8B9E585720C2FE40BD5D.d.8E9902481891869F8D67AF8AC8AE2DCB.e.6531"}]}
COMMAND: POST /session/673ee8da6ae2a3036ac170eb6294f89d/element/f.D876D0B9E4FB8B9E585720C2FE40BD5D.d.8E9902481891869F8D67AF8AC8AE2DCB.e.6531/click - {}
COMMAND: GET /session/673ee8da6ae2a3036ac170eb6294f89d/screenshot - {}
RESULT: {}
RESULT: {}
COMMAND: GET /session/673ee8da6ae2a3036ac170eb6294f89d/screenshot - {}
RESULT: {}
RESULT: {}
COMMAND: POST /session/673ee8da6ae2a3036ac170eb6294f89d/element - {"using":"xpath","value":"//input[@id=\"application-manageyards-display-component---NewYard--yardId-inner\"]"}
RESULT: {"using":"xpath","value":"//input[@id=\"application-manageyards-display-component---NewYard--yardId-inner\"]"}
COMMAND: POST /session/673ee8da6ae2a3036ac170eb6294f89d/element - {"using":"xpath","value":"//input[@id=\"application-manageyards-display-component---NewYard--yardId-inner\"]"}
RESULT: {"using":"xpath","value":"//input[@id=\"application-manageyards-display-component---NewYard--yardId-inner\"]"}
COMMAND: POST /session/673ee8da6ae2a3036ac170eb6294f89d/execute/async - {"script":"<script> [1562 bytes]","args":[{"selector":{"id":"application-manageyards-display-component---NewYard--addressDetailDetailsName1","interaction":{"idSuffix":"inner"}},"wdio_ui5_key":"applicationmanageyards-display-component---NewYard--addressDetailDetailsName1"}]}
RESULT: {"script":"<script> [1562 bytes]","args":[{"selector":{"id":"application-manageyards-display-component---NewYard--addressDetailDetailsName1","interaction":{"idSuffix":"inner"}},"wdio_ui5_key":"applicationmanageyards-display-component---NewYard--addressDetailDetailsName1"}]}
RESULT: undefined
COMMAND: POST /session/673ee8da6ae2a3036ac170eb6294f89d/execute/async - {"script":"<script> [776 bytes]","args":[{"enterText":"Intracompany Yard wdIO","selector":{"id":"application-manageyards-display-component---NewYard--addressDetailDetailsName1","interaction":{"idSuffix":"inner"}},"clearTextFirst":true,"interactionType":"ENTER_TEXT"}]}
RESULT: {"script":"<script> [776 bytes]","args":[{"enterText":"Intracompany Yard wdIO","selector":{"id":"application-manageyards-display-component---NewYard--addressDetailDetailsName1","interaction":{"idSuffix":"inner"}},"clearTextFirst":true,"interactionType":"ENTER_TEXT"}]}
COMMAND: POST /session/673ee8da6ae2a3036ac170eb6294f89d/execute/async - {"script":"<script> [1562 bytes]","args":[{"selector":{"id":"application-manageyards-display-component---NewYard--addressDetailDetailsLanguage-arrow"},"wdio_ui5_key":"applicationmanageyards-display-component---NewYard--addressDetailDetailsLanguage-arrow"}]}
RESULT: {"script":"<script> [1562 bytes]","args":[{"selector":{"id":"application-manageyards-display-component---NewYard--addressDetailDetailsLanguage-arrow"},"wdio_ui5_key":"applicationmanageyards-display-component---NewYard--addressDetailDetailsLanguage-arrow"}]}
RESULT: undefined
COMMAND: POST /session/673ee8da6ae2a3036ac170eb6294f89d/element - {"using":"xpath","value":"//*[@id=\"application-manageyards-display-component---NewYard--addressDetailDetailsLanguage-arrow\"]"}
RESULT: {"using":"xpath","value":"//*[@id=\"application-manageyards-display-component---NewYard--addressDetailDetailsLanguage-arrow\"]"}
COMMAND: POST /session/673ee8da6ae2a3036ac170eb6294f89d/element/f.D876D0B9E4FB8B9E585720C2FE40BD5D.d.8E9902481891869F8D67AF8AC8AE2DCB.e.6783/click - {}
RESULT: {}
COMMAND: POST /session/673ee8da6ae2a3036ac170eb6294f89d/element - {"using":"xpath","value":"//span[contains(text(), \"English\")]"}
COMMAND: GET /session/673ee8da6ae2a3036ac170eb6294f89d/screenshot - {}
RESULT: {"using":"xpath","value":"//span[contains(text(), \"English\")]"}
COMMAND: POST /session/673ee8da6ae2a3036ac170eb6294f89d/element/f.D876D0B9E4FB8B9E585720C2FE40BD5D.d.8E9902481891869F8D67AF8AC8AE2DCB.e.6784/click - {}
RESULT: {}
RESULT: {}
COMMAND: POST /session/673ee8da6ae2a3036ac170eb6294f89d/execute/async - {"script":"<script> [1562 bytes]","args":[{"selector":{"id":"application-manageyards-display-component---NewYard--addressDetailDetailsCity1","interaction":{"idSuffix":"inner"}},"wdio_ui5_key":"applicationmanageyards-display-component---NewYard--addressDetailDetailsCity1"}]}
COMMAND: GET /session/673ee8da6ae2a3036ac170eb6294f89d/screenshot - {}
RESULT: {"script":"<script> [1562 bytes]","args":[{"selector":{"id":"application-manageyards-display-component---NewYard--addressDetailDetailsCity1","interaction":{"idSuffix":"inner"}},"wdio_ui5_key":"applicationmanageyards-display-component---NewYard--addressDetailDetailsCity1"}]}
RESULT: undefined
COMMAND: POST /session/673ee8da6ae2a3036ac170eb6294f89d/execute/async - {"script":"<script> [776 bytes]","args":[{"enterText":"Rosario","selector":{"id":"application-manageyards-display-component---NewYard--addressDetailDetailsCity1","interaction":{"idSuffix":"inner"}},"clearTextFirst":true,"interactionType":"ENTER_TEXT"}]}
RESULT: {}
RESULT: {"script":"<script> [776 bytes]","args":[{"enterText":"Rosario","selector":{"id":"application-manageyards-display-component---NewYard--addressDetailDetailsCity1","interaction":{"idSuffix":"inner"}},"clearTextFirst":true,"interactionType":"ENTER_TEXT"}]}
COMMAND: POST /session/673ee8da6ae2a3036ac170eb6294f89d/execute/async - {"script":"<script> [1562 bytes]","args":[{"selector":{"id":"application-manageyards-display-component---NewYard--addressDetailDetailsCountry-arrow"},"wdio_ui5_key":"applicationmanageyards-display-component---NewYard--addressDetailDetailsCountry-arrow"}]}
RESULT: {"script":"<script> [1562 bytes]","args":[{"selector":{"id":"application-manageyards-display-component---NewYard--addressDetailDetailsCountry-arrow"},"wdio_ui5_key":"applicationmanageyards-display-component---NewYard--addressDetailDetailsCountry-arrow"}]}
RESULT: undefined
COMMAND: POST /session/673ee8da6ae2a3036ac170eb6294f89d/element - {"using":"xpath","value":"//*[@id=\"application-manageyards-display-component---NewYard--addressDetailDetailsCountry-arrow\"]"}
RESULT: {"using":"xpath","value":"//*[@id=\"application-manageyards-display-component---NewYard--addressDetailDetailsCountry-arrow\"]"}
COMMAND: POST /session/673ee8da6ae2a3036ac170eb6294f89d/element/f.D876D0B9E4FB8B9E585720C2FE40BD5D.d.8E9902481891869F8D67AF8AC8AE2DCB.e.6786/click - {}
RESULT: {}
COMMAND: POST /session/673ee8da6ae2a3036ac170eb6294f89d/element - {"using":"xpath","value":"//span[contains(text(), \"Argentina\")]"}
COMMAND: GET /session/673ee8da6ae2a3036ac170eb6294f89d/screenshot - {}
RESULT: {"using":"xpath","value":"//span[contains(text(), \"Argentina\")]"}
COMMAND: POST /session/673ee8da6ae2a3036ac170eb6294f89d/element/f.D876D0B9E4FB8B9E585720C2FE40BD5D.d.8E9902481891869F8D67AF8AC8AE2DCB.e.6788/click - {}
RESULT: {}
RESULT: {}
COMMAND: POST /session/673ee8da6ae2a3036ac170eb6294f89d/execute/async - {"script":"<script> [1562 bytes]","args":[{"selector":{"id":"application-manageyards-display-component---NewYard--addressEditDetailsCostObjectCstType-arrow"},"wdio_ui5_key":"applicationmanageyards-display-component---NewYard--addressEditDetailsCostObjectCstType-arrow"}]}
COMMAND: GET /session/673ee8da6ae2a3036ac170eb6294f89d/screenshot - {}
RESULT: {"script":"<script> [1562 bytes]","args":[{"selector":{"id":"application-manageyards-display-component---NewYard--addressEditDetailsCostObjectCstType-arrow"},"wdio_ui5_key":"applicationmanageyards-display-component---NewYard--addressEditDetailsCostObjectCstType-arrow"}]}
RESULT: undefined
COMMAND: POST /session/673ee8da6ae2a3036ac170eb6294f89d/element - {"using":"xpath","value":"//*[@id=\"application-manageyards-display-component---NewYard--addressEditDetailsCostObjectCstType-arrow\"]"}
RESULT: {}
RESULT: {"using":"xpath","value":"//*[@id=\"application-manageyards-display-component---NewYard--addressEditDetailsCostObjectCstType-arrow\"]"}
COMMAND: POST /session/673ee8da6ae2a3036ac170eb6294f89d/element/f.D876D0B9E4FB8B9E585720C2FE40BD5D.d.8E9902481891869F8D67AF8AC8AE2DCB.e.6789/click - {}
RESULT: {}
COMMAND: POST /session/673ee8da6ae2a3036ac170eb6294f89d/element - {"using":"xpath","value":"//span[contains(text(), \"Cost Center\")]"}
COMMAND: GET /session/673ee8da6ae2a3036ac170eb6294f89d/screenshot - {}
RESULT: {"using":"xpath","value":"//span[contains(text(), \"Cost Center\")]"}
COMMAND: POST /session/673ee8da6ae2a3036ac170eb6294f89d/element/f.D876D0B9E4FB8B9E585720C2FE40BD5D.d.8E9902481891869F8D67AF8AC8AE2DCB.e.6790/click - {}
RESULT: {}
RESULT: {}
COMMAND: GET /session/673ee8da6ae2a3036ac170eb6294f89d/screenshot - {}
RESULT: {}
COMMAND: POST /session/673ee8da6ae2a3036ac170eb6294f89d/element - {"using":"xpath","value":"//span[@id=\"application-manageyards-display-component---NewYard--addressNewCostObjectCstID-vhi\"]"}
RESULT: {"using":"xpath","value":"//span[@id=\"application-manageyards-display-component---NewYard--addressNewCostObjectCstID-vhi\"]"}
COMMAND: POST /session/673ee8da6ae2a3036ac170eb6294f89d/execute/sync - {"script":"<script> [8489 bytes]","args":[{"element-6066-11e4-a52e-4f735466cecf":"f.D876D0B9E4FB8B9E585720C2FE40BD5D.d.8E9902481891869F8D67AF8AC8AE2DCB.e.6794","ELEMENT":"f.D876D0B9E4FB8B9E585720C2FE40BD5D.d.8E9902481891869F8D67AF8AC8AE2DCB.e.6794"}]}
RESULT: {"script":"<script> [8489 bytes]","args":[{"element-6066-11e4-a52e-4f735466cecf":"f.D876D0B9E4FB8B9E585720C2FE40BD5D.d.8E9902481891869F8D67AF8AC8AE2DCB.e.6794","ELEMENT":"f.D876D0B9E4FB8B9E585720C2FE40BD5D.d.8E9902481891869F8D67AF8AC8AE2DCB.e.6794"}]}
COMMAND: POST /session/673ee8da6ae2a3036ac170eb6294f89d/execute/async - {"script":"<script> [1562 bytes]","args":[{"selector":{"id":"application-manageyards-display-component---NewYard--addressNewCostObjectCstID-vhi"},"wdio_ui5_key":"applicationmanageyards-display-component---NewYard--addressNewCostObjectCstID-vhi"}]}
COMMAND: GET /session/673ee8da6ae2a3036ac170eb6294f89d/screenshot - {}
RESULT: {"script":"<script> [1562 bytes]","args":[{"selector":{"id":"application-manageyards-display-component---NewYard--addressNewCostObjectCstID-vhi"},"wdio_ui5_key":"applicationmanageyards-display-component---NewYard--addressNewCostObjectCstID-vhi"}]}
RESULT: undefined
COMMAND: POST /session/673ee8da6ae2a3036ac170eb6294f89d/element - {"using":"xpath","value":"//*[@id=\"application-manageyards-display-component---NewYard--addressNewCostObjectCstID-vhi\"]"}
RESULT: {}
RESULT: {"using":"xpath","value":"//*[@id=\"application-manageyards-display-component---NewYard--addressNewCostObjectCstID-vhi\"]"}
COMMAND: POST /session/673ee8da6ae2a3036ac170eb6294f89d/element/f.D876D0B9E4FB8B9E585720C2FE40BD5D.d.8E9902481891869F8D67AF8AC8AE2DCB.e.6794/click - {}
RESULT: {}
COMMAND: GET /session/673ee8da6ae2a3036ac170eb6294f89d/screenshot - {}
RESULT: {}
COMMAND: POST /session/673ee8da6ae2a3036ac170eb6294f89d/execute/async - {"script":"<script> [1562 bytes]","args":[{"selector":{"controlType":"sap.m.SearchField","properties":{"placeholder":"Search"},"searchOpenDialogs":true,"interaction":{"idSuffix":"I"}},"wdio_ui5_key":"sapm.SearchField{\"placeholder\":\"Search\"}"}]}
RESULT: {"script":"<script> [1562 bytes]","args":[{"selector":{"controlType":"sap.m.SearchField","properties":{"placeholder":"Search"},"searchOpenDialogs":true,"interaction":{"idSuffix":"I"}},"wdio_ui5_key":"sapm.SearchField{\"placeholder\":\"Search\"}"}]}
RESULT: undefined
COMMAND: POST /session/673ee8da6ae2a3036ac170eb6294f89d/execute/async - {"script":"<script> [776 bytes]","args":[{"enterText":"bauh_b","selector":{"controlType":"sap.m.SearchField","properties":{"placeholder":"Search"},"searchOpenDialogs":true,"interaction":{"idSuffix":"I"}},"clearTextFirst":true,"interactionType":"ENTER_TEXT"}]}
RESULT: {"script":"<script> [776 bytes]","args":[{"enterText":"bauh_b","selector":{"controlType":"sap.m.SearchField","properties":{"placeholder":"Search"},"searchOpenDialogs":true,"interaction":{"idSuffix":"I"}},"clearTextFirst":true,"interactionType":"ENTER_TEXT"}]}
COMMAND: POST /session/673ee8da6ae2a3036ac170eb6294f89d/actions - {"actions":[{"id":"action23","type":"key","parameters":{},"actions":[{"type":"keyDown","value":"î€‡"},{"type":"pause","duration":10},{"type":"keyUp","value":"î€‡"}]}]}
RESULT: {"actions":[{"id":"action23","type":"key","parameters":{},"actions":[{"type":"keyDown","value":"î€‡"},{"type":"pause","duration":10},{"type":"keyUp","value":"î€‡"}]}]}
COMMAND: GET /session/673ee8da6ae2a3036ac170eb6294f89d/screenshot - {}
RESULT: {}
COMMAND: POST /session/673ee8da6ae2a3036ac170eb6294f89d/element - {"using":"xpath","value":"//span[contains(text(), \"Demo Yard\")]"}
RESULT: {"using":"xpath","value":"//span[contains(text(), \"Demo Yard\")]"}
COMMAND: POST /session/673ee8da6ae2a3036ac170eb6294f89d/element/f.D876D0B9E4FB8B9E585720C2FE40BD5D.d.8E9902481891869F8D67AF8AC8AE2DCB.e.6835/click - {}
RESULT: {}
COMMAND: GET /session/673ee8da6ae2a3036ac170eb6294f89d/screenshot - {}
RESULT: {}
COMMAND: POST /session/673ee8da6ae2a3036ac170eb6294f89d/element - {"using":"xpath","value":"//bdi[contains(text(), \"OK\")]"}
RESULT: {"using":"xpath","value":"//bdi[contains(text(), \"OK\")]"}
COMMAND: POST /session/673ee8da6ae2a3036ac170eb6294f89d/element/f.D876D0B9E4FB8B9E585720C2FE40BD5D.d.8E9902481891869F8D67AF8AC8AE2DCB.e.6836/click - {}
RESULT: {}
COMMAND: GET /session/673ee8da6ae2a3036ac170eb6294f89d/screenshot - {}
RESULT: {}
COMMAND: POST /session/673ee8da6ae2a3036ac170eb6294f89d/execute/async - {"script":"<script> [1562 bytes]","args":[{"selector":{"id":"application-manageyards-display-component---NewYard--addressEditDetailsCurrency-arrow"},"wdio_ui5_key":"applicationmanageyards-display-component---NewYard--addressEditDetailsCurrency-arrow"}]}
RESULT: {"script":"<script> [1562 bytes]","args":[{"selector":{"id":"application-manageyards-display-component---NewYard--addressEditDetailsCurrency-arrow"},"wdio_ui5_key":"applicationmanageyards-display-component---NewYard--addressEditDetailsCurrency-arrow"}]}
RESULT: undefined
COMMAND: POST /session/673ee8da6ae2a3036ac170eb6294f89d/element - {"using":"xpath","value":"//*[@id=\"application-manageyards-display-component---NewYard--addressEditDetailsCurrency-arrow\"]"}
RESULT: {"using":"xpath","value":"//*[@id=\"application-manageyards-display-component---NewYard--addressEditDetailsCurrency-arrow\"]"}
COMMAND: POST /session/673ee8da6ae2a3036ac170eb6294f89d/element/f.D876D0B9E4FB8B9E585720C2FE40BD5D.d.8E9902481891869F8D67AF8AC8AE2DCB.e.6839/click - {}
RESULT: {}
COMMAND: POST /session/673ee8da6ae2a3036ac170eb6294f89d/element - {"using":"xpath","value":"//span[contains(text(), \"Euro\")]"}
COMMAND: GET /session/673ee8da6ae2a3036ac170eb6294f89d/screenshot - {}
RESULT: {"using":"xpath","value":"//span[contains(text(), \"Euro\")]"}
COMMAND: POST /session/673ee8da6ae2a3036ac170eb6294f89d/element/f.D876D0B9E4FB8B9E585720C2FE40BD5D.d.8E9902481891869F8D67AF8AC8AE2DCB.e.6840/click - {}
RESULT: {}
RESULT: {}
COMMAND: POST /session/673ee8da6ae2a3036ac170eb6294f89d/execute/async - {"script":"<script> [1562 bytes]","args":[{"selector":{"controlType":"sap.m.Input","viewName":"etm.portal.ui.manageyards.view.New","viewId":"application-manageyards-display-component---NewYard","bindingPath":{"path":"","propertyPath":"/CONTROLLING_AREA","modelName":"NewYardModel"},"interaction":{"idSuffix":"inner"}},"wdio_ui5_key":"etmportal.ui.manageyards.view.Newsap.m.Input{\"path\":\"\",\"propertyPath\":\"/CONTROLLING_AREA\",\"modelName\":\"NewYardModel\"}"}]}
COMMAND: GET /session/673ee8da6ae2a3036ac170eb6294f89d/screenshot - {}
RESULT: {"script":"<script> [1562 bytes]","args":[{"selector":{"controlType":"sap.m.Input","viewName":"etm.portal.ui.manageyards.view.New","viewId":"application-manageyards-display-component---NewYard","bindingPath":{"path":"","propertyPath":"/CONTROLLING_AREA","modelName":"NewYardModel"},"interaction":{"idSuffix":"inner"}},"wdio_ui5_key":"etmportal.ui.manageyards.view.Newsap.m.Input{\"path\":\"\",\"propertyPath\":\"/CONTROLLING_AREA\",\"modelName\":\"NewYardModel\"}"}]}
RESULT: undefined
COMMAND: POST /session/673ee8da6ae2a3036ac170eb6294f89d/execute/async - {"script":"<script> [776 bytes]","args":[{"enterText":"Z001","selector":{"controlType":"sap.m.Input","viewName":"etm.portal.ui.manageyards.view.New","viewId":"application-manageyards-display-component---NewYard","bindingPath":{"path":"","propertyPath":"/CONTROLLING_AREA","modelName":"NewYardModel"},"interaction":{"idSuffix":"inner"}},"clearTextFirst":true,"interactionType":"ENTER_TEXT"}]}
RESULT: {}
RESULT: {"script":"<script> [776 bytes]","args":[{"enterText":"Z001","selector":{"controlType":"sap.m.Input","viewName":"etm.portal.ui.manageyards.view.New","viewId":"application-manageyards-display-component---NewYard","bindingPath":{"path":"","propertyPath":"/CONTROLLING_AREA","modelName":"NewYardModel"},"interaction":{"idSuffix":"inner"}},"clearTextFirst":true,"interactionType":"ENTER_TEXT"}]}
COMMAND: POST /session/673ee8da6ae2a3036ac170eb6294f89d/execute/async - {"script":"<script> [1562 bytes]","args":[{"selector":{"id":"application-manageyards-display-component---NewYard--companyCodeComboBox","interaction":{"idSuffix":"inner"}},"wdio_ui5_key":"applicationmanageyards-display-component---NewYard--companyCodeComboBox"}]}
RESULT: {"script":"<script> [1562 bytes]","args":[{"selector":{"id":"application-manageyards-display-component---NewYard--companyCodeComboBox","interaction":{"idSuffix":"inner"}},"wdio_ui5_key":"applicationmanageyards-display-component---NewYard--companyCodeComboBox"}]}
RESULT: undefined
COMMAND: POST /session/673ee8da6ae2a3036ac170eb6294f89d/execute/async - {"script":"<script> [776 bytes]","args":[{"enterText":"1000","selector":{"id":"application-manageyards-display-component---NewYard--companyCodeComboBox","interaction":{"idSuffix":"inner"}},"clearTextFirst":true,"interactionType":"ENTER_TEXT"}]}
RESULT: {"script":"<script> [776 bytes]","args":[{"enterText":"1000","selector":{"id":"application-manageyards-display-component---NewYard--companyCodeComboBox","interaction":{"idSuffix":"inner"}},"clearTextFirst":true,"interactionType":"ENTER_TEXT"}]}
COMMAND: POST /session/673ee8da6ae2a3036ac170eb6294f89d/execute/async - {"script":"<script> [1562 bytes]","args":[{"selector":{"controlType":"sap.m.Input","viewName":"etm.portal.ui.manageyards.view.New","viewId":"application-manageyards-display-component---NewYard","bindingPath":{"path":"","propertyPath":"/PLANT","modelName":"NewYardModel"},"interaction":{"idSuffix":"inner"}},"wdio_ui5_key":"etmportal.ui.manageyards.view.Newsap.m.Input{\"path\":\"\",\"propertyPath\":\"/PLANT\",\"modelName\":\"NewYardModel\"}"}]}
RESULT: {"script":"<script> [1562 bytes]","args":[{"selector":{"controlType":"sap.m.Input","viewName":"etm.portal.ui.manageyards.view.New","viewId":"application-manageyards-display-component---NewYard","bindingPath":{"path":"","propertyPath":"/PLANT","modelName":"NewYardModel"},"interaction":{"idSuffix":"inner"}},"wdio_ui5_key":"etmportal.ui.manageyards.view.Newsap.m.Input{\"path\":\"\",\"propertyPath\":\"/PLANT\",\"modelName\":\"NewYardModel\"}"}]}
RESULT: undefined
COMMAND: POST /session/673ee8da6ae2a3036ac170eb6294f89d/execute/async - {"script":"<script> [776 bytes]","args":[{"enterText":"1001","selector":{"controlType":"sap.m.Input","viewName":"etm.portal.ui.manageyards.view.New","viewId":"application-manageyards-display-component---NewYard","bindingPath":{"path":"","propertyPath":"/PLANT","modelName":"NewYardModel"},"interaction":{"idSuffix":"inner"}},"clearTextFirst":true,"interactionType":"ENTER_TEXT"}]}
RESULT: {"script":"<script> [776 bytes]","args":[{"enterText":"1001","selector":{"controlType":"sap.m.Input","viewName":"etm.portal.ui.manageyards.view.New","viewId":"application-manageyards-display-component---NewYard","bindingPath":{"path":"","propertyPath":"/PLANT","modelName":"NewYardModel"},"interaction":{"idSuffix":"inner"}},"clearTextFirst":true,"interactionType":"ENTER_TEXT"}]}
COMMAND: POST /session/673ee8da6ae2a3036ac170eb6294f89d/execute/async - {"script":"<script> [1562 bytes]","args":[{"selector":{"controlType":"sap.m.Input","viewName":"etm.portal.ui.manageyards.view.New","viewId":"application-manageyards-display-component---NewYard","bindingPath":{"path":"","propertyPath":"/SALES_AREA_VKORG","modelName":"NewYardModel"},"interaction":{"idSuffix":"inner"}},"wdio_ui5_key":"etmportal.ui.manageyards.view.Newsap.m.Input{\"path\":\"\",\"propertyPath\":\"/SALES_AREA_VKORG\",\"modelName\":\"NewYardModel\"}"}]}
RESULT: {"script":"<script> [1562 bytes]","args":[{"selector":{"controlType":"sap.m.Input","viewName":"etm.portal.ui.manageyards.view.New","viewId":"application-manageyards-display-component---NewYard","bindingPath":{"path":"","propertyPath":"/SALES_AREA_VKORG","modelName":"NewYardModel"},"interaction":{"idSuffix":"inner"}},"wdio_ui5_key":"etmportal.ui.manageyards.view.Newsap.m.Input{\"path\":\"\",\"propertyPath\":\"/SALES_AREA_VKORG\",\"modelName\":\"NewYardModel\"}"}]}
RESULT: undefined
COMMAND: POST /session/673ee8da6ae2a3036ac170eb6294f89d/execute/async - {"script":"<script> [776 bytes]","args":[{"enterText":"C002","selector":{"controlType":"sap.m.Input","viewName":"etm.portal.ui.manageyards.view.New","viewId":"application-manageyards-display-component---NewYard","bindingPath":{"path":"","propertyPath":"/SALES_AREA_VKORG","modelName":"NewYardModel"},"interaction":{"idSuffix":"inner"}},"clearTextFirst":true,"interactionType":"ENTER_TEXT"}]}
RESULT: {"script":"<script> [776 bytes]","args":[{"enterText":"C002","selector":{"controlType":"sap.m.Input","viewName":"etm.portal.ui.manageyards.view.New","viewId":"application-manageyards-display-component---NewYard","bindingPath":{"path":"","propertyPath":"/SALES_AREA_VKORG","modelName":"NewYardModel"},"interaction":{"idSuffix":"inner"}},"clearTextFirst":true,"interactionType":"ENTER_TEXT"}]}
COMMAND: POST /session/673ee8da6ae2a3036ac170eb6294f89d/execute/async - {"script":"<script> [1562 bytes]","args":[{"selector":{"controlType":"sap.m.Input","viewName":"etm.portal.ui.manageyards.view.New","viewId":"application-manageyards-display-component---NewYard","bindingPath":{"path":"","propertyPath":"/SALES_AREA_VTWEG","modelName":"NewYardModel"},"interaction":{"idSuffix":"inner"}},"wdio_ui5_key":"etmportal.ui.manageyards.view.Newsap.m.Input{\"path\":\"\",\"propertyPath\":\"/SALES_AREA_VTWEG\",\"modelName\":\"NewYardModel\"}"}]}
RESULT: {"script":"<script> [1562 bytes]","args":[{"selector":{"controlType":"sap.m.Input","viewName":"etm.portal.ui.manageyards.view.New","viewId":"application-manageyards-display-component---NewYard","bindingPath":{"path":"","propertyPath":"/SALES_AREA_VTWEG","modelName":"NewYardModel"},"interaction":{"idSuffix":"inner"}},"wdio_ui5_key":"etmportal.ui.manageyards.view.Newsap.m.Input{\"path\":\"\",\"propertyPath\":\"/SALES_AREA_VTWEG\",\"modelName\":\"NewYardModel\"}"}]}
RESULT: undefined
COMMAND: POST /session/673ee8da6ae2a3036ac170eb6294f89d/execute/async - {"script":"<script> [776 bytes]","args":[{"enterText":"C2","selector":{"controlType":"sap.m.Input","viewName":"etm.portal.ui.manageyards.view.New","viewId":"application-manageyards-display-component---NewYard","bindingPath":{"path":"","propertyPath":"/SALES_AREA_VTWEG","modelName":"NewYardModel"},"interaction":{"idSuffix":"inner"}},"clearTextFirst":true,"interactionType":"ENTER_TEXT"}]}
RESULT: {"script":"<script> [776 bytes]","args":[{"enterText":"C2","selector":{"controlType":"sap.m.Input","viewName":"etm.portal.ui.manageyards.view.New","viewId":"application-manageyards-display-component---NewYard","bindingPath":{"path":"","propertyPath":"/SALES_AREA_VTWEG","modelName":"NewYardModel"},"interaction":{"idSuffix":"inner"}},"clearTextFirst":true,"interactionType":"ENTER_TEXT"}]}
COMMAND: POST /session/673ee8da6ae2a3036ac170eb6294f89d/execute/async - {"script":"<script> [1562 bytes]","args":[{"selector":{"controlType":"sap.m.Input","viewName":"etm.portal.ui.manageyards.view.New","viewId":"application-manageyards-display-component---NewYard","bindingPath":{"path":"","propertyPath":"/SALES_AREA_SPART","modelName":"NewYardModel"},"interaction":{"idSuffix":"inner"}},"wdio_ui5_key":"etmportal.ui.manageyards.view.Newsap.m.Input{\"path\":\"\",\"propertyPath\":\"/SALES_AREA_SPART\",\"modelName\":\"NewYardModel\"}"}]}
RESULT: {"script":"<script> [1562 bytes]","args":[{"selector":{"controlType":"sap.m.Input","viewName":"etm.portal.ui.manageyards.view.New","viewId":"application-manageyards-display-component---NewYard","bindingPath":{"path":"","propertyPath":"/SALES_AREA_SPART","modelName":"NewYardModel"},"interaction":{"idSuffix":"inner"}},"wdio_ui5_key":"etmportal.ui.manageyards.view.Newsap.m.Input{\"path\":\"\",\"propertyPath\":\"/SALES_AREA_SPART\",\"modelName\":\"NewYardModel\"}"}]}
RESULT: undefined
COMMAND: POST /session/673ee8da6ae2a3036ac170eb6294f89d/execute/async - {"script":"<script> [776 bytes]","args":[{"enterText":"C2","selector":{"controlType":"sap.m.Input","viewName":"etm.portal.ui.manageyards.view.New","viewId":"application-manageyards-display-component---NewYard","bindingPath":{"path":"","propertyPath":"/SALES_AREA_SPART","modelName":"NewYardModel"},"interaction":{"idSuffix":"inner"}},"clearTextFirst":true,"interactionType":"ENTER_TEXT"}]}
RESULT: {"script":"<script> [776 bytes]","args":[{"enterText":"C2","selector":{"controlType":"sap.m.Input","viewName":"etm.portal.ui.manageyards.view.New","viewId":"application-manageyards-display-component---NewYard","bindingPath":{"path":"","propertyPath":"/SALES_AREA_SPART","modelName":"NewYardModel"},"interaction":{"idSuffix":"inner"}},"clearTextFirst":true,"interactionType":"ENTER_TEXT"}]}
COMMAND: POST /session/673ee8da6ae2a3036ac170eb6294f89d/execute/async - {"script":"<script> [1562 bytes]","args":[{"selector":{"controlType":"sap.m.Input","viewName":"etm.portal.ui.manageyards.view.New","viewId":"application-manageyards-display-component---NewYard","bindingPath":{"path":"","propertyPath":"/SHIP_POINT","modelName":"NewYardModel"},"interaction":{"idSuffix":"inner"}},"wdio_ui5_key":"etmportal.ui.manageyards.view.Newsap.m.Input{\"path\":\"\",\"propertyPath\":\"/SHIP_POINT\",\"modelName\":\"NewYardModel\"}"}]}
RESULT: {"script":"<script> [1562 bytes]","args":[{"selector":{"controlType":"sap.m.Input","viewName":"etm.portal.ui.manageyards.view.New","viewId":"application-manageyards-display-component---NewYard","bindingPath":{"path":"","propertyPath":"/SHIP_POINT","modelName":"NewYardModel"},"interaction":{"idSuffix":"inner"}},"wdio_ui5_key":"etmportal.ui.manageyards.view.Newsap.m.Input{\"path\":\"\",\"propertyPath\":\"/SHIP_POINT\",\"modelName\":\"NewYardModel\"}"}]}
RESULT: undefined
COMMAND: POST /session/673ee8da6ae2a3036ac170eb6294f89d/execute/async - {"script":"<script> [776 bytes]","args":[{"enterText":"1710","selector":{"controlType":"sap.m.Input","viewName":"etm.portal.ui.manageyards.view.New","viewId":"application-manageyards-display-component---NewYard","bindingPath":{"path":"","propertyPath":"/SHIP_POINT","modelName":"NewYardModel"},"interaction":{"idSuffix":"inner"}},"clearTextFirst":true,"interactionType":"ENTER_TEXT"}]}
RESULT: {"script":"<script> [776 bytes]","args":[{"enterText":"1710","selector":{"controlType":"sap.m.Input","viewName":"etm.portal.ui.manageyards.view.New","viewId":"application-manageyards-display-component---NewYard","bindingPath":{"path":"","propertyPath":"/SHIP_POINT","modelName":"NewYardModel"},"interaction":{"idSuffix":"inner"}},"clearTextFirst":true,"interactionType":"ENTER_TEXT"}]}
COMMAND: POST /session/673ee8da6ae2a3036ac170eb6294f89d/execute/async - {"script":"<script> [1562 bytes]","args":[{"selector":{"controlType":"sap.m.Input","viewName":"etm.portal.ui.manageyards.view.New","viewId":"application-manageyards-display-component---NewYard","bindingPath":{"path":"","propertyPath":"/DELIVERY_TYPE","modelName":"NewYardModel"},"interaction":{"idSuffix":"inner"}},"wdio_ui5_key":"etmportal.ui.manageyards.view.Newsap.m.Input{\"path\":\"\",\"propertyPath\":\"/DELIVERY_TYPE\",\"modelName\":\"NewYardModel\"}"}]}
RESULT: {"script":"<script> [1562 bytes]","args":[{"selector":{"controlType":"sap.m.Input","viewName":"etm.portal.ui.manageyards.view.New","viewId":"application-manageyards-display-component---NewYard","bindingPath":{"path":"","propertyPath":"/DELIVERY_TYPE","modelName":"NewYardModel"},"interaction":{"idSuffix":"inner"}},"wdio_ui5_key":"etmportal.ui.manageyards.view.Newsap.m.Input{\"path\":\"\",\"propertyPath\":\"/DELIVERY_TYPE\",\"modelName\":\"NewYardModel\"}"}]}
RESULT: undefined
COMMAND: POST /session/673ee8da6ae2a3036ac170eb6294f89d/execute/async - {"script":"<script> [776 bytes]","args":[{"enterText":"ZL01","selector":{"controlType":"sap.m.Input","viewName":"etm.portal.ui.manageyards.view.New","viewId":"application-manageyards-display-component---NewYard","bindingPath":{"path":"","propertyPath":"/DELIVERY_TYPE","modelName":"NewYardModel"},"interaction":{"idSuffix":"inner"}},"clearTextFirst":true,"interactionType":"ENTER_TEXT"}]}
RESULT: {"script":"<script> [776 bytes]","args":[{"enterText":"ZL01","selector":{"controlType":"sap.m.Input","viewName":"etm.portal.ui.manageyards.view.New","viewId":"application-manageyards-display-component---NewYard","bindingPath":{"path":"","propertyPath":"/DELIVERY_TYPE","modelName":"NewYardModel"},"interaction":{"idSuffix":"inner"}},"clearTextFirst":true,"interactionType":"ENTER_TEXT"}]}
COMMAND: POST /session/673ee8da6ae2a3036ac170eb6294f89d/execute/async - {"script":"<script> [1562 bytes]","args":[{"selector":{"controlType":"sap.m.Input","viewName":"etm.portal.ui.manageyards.view.New","viewId":"application-manageyards-display-component---NewYard","bindingPath":{"path":"","propertyPath":"/AUART","modelName":"NewYardModel"},"interaction":{"idSuffix":"inner"}},"wdio_ui5_key":"etmportal.ui.manageyards.view.Newsap.m.Input{\"path\":\"\",\"propertyPath\":\"/AUART\",\"modelName\":\"NewYardModel\"}"}]}
RESULT: {"script":"<script> [1562 bytes]","args":[{"selector":{"controlType":"sap.m.Input","viewName":"etm.portal.ui.manageyards.view.New","viewId":"application-manageyards-display-component---NewYard","bindingPath":{"path":"","propertyPath":"/AUART","modelName":"NewYardModel"},"interaction":{"idSuffix":"inner"}},"wdio_ui5_key":"etmportal.ui.manageyards.view.Newsap.m.Input{\"path\":\"\",\"propertyPath\":\"/AUART\",\"modelName\":\"NewYardModel\"}"}]}
RESULT: undefined
COMMAND: POST /session/673ee8da6ae2a3036ac170eb6294f89d/execute/async - {"script":"<script> [776 bytes]","args":[{"enterText":"TA","selector":{"controlType":"sap.m.Input","viewName":"etm.portal.ui.manageyards.view.New","viewId":"application-manageyards-display-component---NewYard","bindingPath":{"path":"","propertyPath":"/AUART","modelName":"NewYardModel"},"interaction":{"idSuffix":"inner"}},"clearTextFirst":true,"interactionType":"ENTER_TEXT"}]}
RESULT: {"script":"<script> [776 bytes]","args":[{"enterText":"TA","selector":{"controlType":"sap.m.Input","viewName":"etm.portal.ui.manageyards.view.New","viewId":"application-manageyards-display-component---NewYard","bindingPath":{"path":"","propertyPath":"/AUART","modelName":"NewYardModel"},"interaction":{"idSuffix":"inner"}},"clearTextFirst":true,"interactionType":"ENTER_TEXT"}]}
COMMAND: POST /session/673ee8da6ae2a3036ac170eb6294f89d/element - {"using":"xpath","value":"//button[@data-kt=\"newYardSaveButton\"]"}
RESULT: {"using":"xpath","value":"//button[@data-kt=\"newYardSaveButton\"]"}
COMMAND: POST /session/673ee8da6ae2a3036ac170eb6294f89d/element/f.D876D0B9E4FB8B9E585720C2FE40BD5D.d.8E9902481891869F8D67AF8AC8AE2DCB.e.6623/click - {}
RESULT: {}
COMMAND: GET /session/673ee8da6ae2a3036ac170eb6294f89d/screenshot - {}
RESULT: {}
COMMAND: POST /session/673ee8da6ae2a3036ac170eb6294f89d/element - {"using":"xpath","value":"//header[contains(@id, 'ObjectPageLayout-headerTitle')]/div[1]/div[2]/div[1]/span[1]"}
RESULT: {"using":"xpath","value":"//header[contains(@id, 'ObjectPageLayout-headerTitle')]/div[1]/div[2]/div[1]/span[1]"}
COMMAND: POST /session/673ee8da6ae2a3036ac170eb6294f89d/elements - {"using":"xpath","value":"//header[contains(@id, 'ObjectPageLayout-headerTitle')]/div[1]/div[2]/div[1]/span[1]"}
RESULT: {"using":"xpath","value":"//header[contains(@id, 'ObjectPageLayout-headerTitle')]/div[1]/div[2]/div[1]/span[1]"}
COMMAND: POST /session/673ee8da6ae2a3036ac170eb6294f89d/execute/sync - {"script":"<script> [56 bytes]","args":[{"element-6066-11e4-a52e-4f735466cecf":"f.D876D0B9E4FB8B9E585720C2FE40BD5D.d.8E9902481891869F8D67AF8AC8AE2DCB.e.7065","ELEMENT":"f.D876D0B9E4FB8B9E585720C2FE40BD5D.d.8E9902481891869F8D67AF8AC8AE2DCB.e.7065"}]}
RESULT: {"script":"<script> [56 bytes]","args":[{"element-6066-11e4-a52e-4f735466cecf":"f.D876D0B9E4FB8B9E585720C2FE40BD5D.d.8E9902481891869F8D67AF8AC8AE2DCB.e.7065","ELEMENT":"f.D876D0B9E4FB8B9E585720C2FE40BD5D.d.8E9902481891869F8D67AF8AC8AE2DCB.e.7065"}]}
COMMAND: GET /session/673ee8da6ae2a3036ac170eb6294f89d/screenshot - {}
RESULT: {}
COMMAND: POST /session/673ee8da6ae2a3036ac170eb6294f89d/element - {"using":"css selector","value":"#shell-header-logo"}
RESULT: {"using":"css selector","value":"#shell-header-logo"}
COMMAND: POST /session/673ee8da6ae2a3036ac170eb6294f89d/element/f.D876D0B9E4FB8B9E585720C2FE40BD5D.d.8E9902481891869F8D67AF8AC8AE2DCB.e.6500/click - {}
RESULT: {}
COMMAND: GET /session/673ee8da6ae2a3036ac170eb6294f89d/screenshot - {}
RESULT: {}
COMMAND: POST /session/673ee8da6ae2a3036ac170eb6294f89d/execute/sync - {"script":"<script> [299 bytes]","args":[["getModel","getResource"]]}
RESULT: {"script":"<script> [299 bytes]","args":[["getModel","getResource"]]}
]]></system-out>
    </testcase>
    <testcase classname="chrome.136_0_7103_93.windows.Billing_Transfer_-_Intracompany_US127249" name="Should create a new partner" time="129.679">
      <system-out><![CDATA[
COMMAND: GET /session/673ee8da6ae2a3036ac170eb6294f89d/screenshot - {}
COMMAND: POST /session/673ee8da6ae2a3036ac170eb6294f89d/window/fullscreen - {}
RESULT: {}
RESULT: {}
COMMAND: POST /session/673ee8da6ae2a3036ac170eb6294f89d/execute/async - {"script":"<script> [1562 bytes]","args":[{"selector":{"controlType":"sap.m.GenericTile","properties":{"header":"Manage Partners"}},"wdio_ui5_key":"sapm.GenericTile{\"header\":\"Manage Partners\"}"}]}
RESULT: {"script":"<script> [1562 bytes]","args":[{"selector":{"controlType":"sap.m.GenericTile","properties":{"header":"Manage Partners"}},"wdio_ui5_key":"sapm.GenericTile{\"header\":\"Manage Partners\"}"}]}
RESULT: undefined
COMMAND: POST /session/673ee8da6ae2a3036ac170eb6294f89d/element - {"using":"xpath","value":"//*[@id=\"__tile38\"]"}
RESULT: {"using":"xpath","value":"//*[@id=\"__tile38\"]"}
COMMAND: POST /session/673ee8da6ae2a3036ac170eb6294f89d/element/f.D876D0B9E4FB8B9E585720C2FE40BD5D.d.8E9902481891869F8D67AF8AC8AE2DCB.e.6385/click - {}
RESULT: {}
COMMAND: GET /session/673ee8da6ae2a3036ac170eb6294f89d/screenshot - {}
RESULT: {}
COMMAND: POST /session/673ee8da6ae2a3036ac170eb6294f89d/elements - {"using":"xpath","value":"//span[text()='Error']"}
RESULT: {"using":"xpath","value":"//span[text()='Error']"}
COMMAND: POST /session/673ee8da6ae2a3036ac170eb6294f89d/element - {"using":"xpath","value":"//button[@data-kt=\"addButton\"]"}
RESULT: {"using":"xpath","value":"//button[@data-kt=\"addButton\"]"}
COMMAND: POST /session/673ee8da6ae2a3036ac170eb6294f89d/elements - {"using":"xpath","value":"//button[@data-kt=\"addButton\"]"}
RESULT: {"using":"xpath","value":"//button[@data-kt=\"addButton\"]"}
COMMAND: POST /session/673ee8da6ae2a3036ac170eb6294f89d/execute/sync - {"script":"<script> [8489 bytes]","args":[{"element-6066-11e4-a52e-4f735466cecf":"f.D876D0B9E4FB8B9E585720C2FE40BD5D.d.8E9902481891869F8D67AF8AC8AE2DCB.e.7112","ELEMENT":"f.D876D0B9E4FB8B9E585720C2FE40BD5D.d.8E9902481891869F8D67AF8AC8AE2DCB.e.7112"}]}
RESULT: {"script":"<script> [8489 bytes]","args":[{"element-6066-11e4-a52e-4f735466cecf":"f.D876D0B9E4FB8B9E585720C2FE40BD5D.d.8E9902481891869F8D67AF8AC8AE2DCB.e.7112","ELEMENT":"f.D876D0B9E4FB8B9E585720C2FE40BD5D.d.8E9902481891869F8D67AF8AC8AE2DCB.e.7112"}]}
COMMAND: GET /session/673ee8da6ae2a3036ac170eb6294f89d/element/f.D876D0B9E4FB8B9E585720C2FE40BD5D.d.8E9902481891869F8D67AF8AC8AE2DCB.e.7112/enabled - {}
COMMAND: GET /session/673ee8da6ae2a3036ac170eb6294f89d/screenshot - {}
RESULT: {}
COMMAND: POST /session/673ee8da6ae2a3036ac170eb6294f89d/execute/sync - {"script":"<script> [8489 bytes]","args":[{"element-6066-11e4-a52e-4f735466cecf":"f.D876D0B9E4FB8B9E585720C2FE40BD5D.d.8E9902481891869F8D67AF8AC8AE2DCB.e.7112","ELEMENT":"f.D876D0B9E4FB8B9E585720C2FE40BD5D.d.8E9902481891869F8D67AF8AC8AE2DCB.e.7112"}]}
COMMAND: GET /session/673ee8da6ae2a3036ac170eb6294f89d/screenshot - {}
RESULT: {}
RESULT: {"script":"<script> [8489 bytes]","args":[{"element-6066-11e4-a52e-4f735466cecf":"f.D876D0B9E4FB8B9E585720C2FE40BD5D.d.8E9902481891869F8D67AF8AC8AE2DCB.e.7112","ELEMENT":"f.D876D0B9E4FB8B9E585720C2FE40BD5D.d.8E9902481891869F8D67AF8AC8AE2DCB.e.7112"}]}
COMMAND: POST /session/673ee8da6ae2a3036ac170eb6294f89d/execute/sync - {"script":"<script> [5351 bytes]","args":[{"element-6066-11e4-a52e-4f735466cecf":"f.D876D0B9E4FB8B9E585720C2FE40BD5D.d.8E9902481891869F8D67AF8AC8AE2DCB.e.7112","ELEMENT":"f.D876D0B9E4FB8B9E585720C2FE40BD5D.d.8E9902481891869F8D67AF8AC8AE2DCB.e.7112"}]}
COMMAND: GET /session/673ee8da6ae2a3036ac170eb6294f89d/screenshot - {}
RESULT: {}
RESULT: {"script":"<script> [5351 bytes]","args":[{"element-6066-11e4-a52e-4f735466cecf":"f.D876D0B9E4FB8B9E585720C2FE40BD5D.d.8E9902481891869F8D67AF8AC8AE2DCB.e.7112","ELEMENT":"f.D876D0B9E4FB8B9E585720C2FE40BD5D.d.8E9902481891869F8D67AF8AC8AE2DCB.e.7112"}]}
COMMAND: POST /session/673ee8da6ae2a3036ac170eb6294f89d/element/f.D876D0B9E4FB8B9E585720C2FE40BD5D.d.8E9902481891869F8D67AF8AC8AE2DCB.e.7112/click - {}
COMMAND: GET /session/673ee8da6ae2a3036ac170eb6294f89d/screenshot - {}
RESULT: {}
RESULT: {}
COMMAND: GET /session/673ee8da6ae2a3036ac170eb6294f89d/screenshot - {}
COMMAND: POST /session/673ee8da6ae2a3036ac170eb6294f89d/execute/async - {"script":"<script> [1562 bytes]","args":[{"selector":{"id":"application-managepartners-display-component---NewPartner--addressDetailDetailsName1","interaction":{"idSuffix":"inner"}},"wdio_ui5_key":"applicationmanagepartners-display-component---NewPartner--addressDetailDetailsName1"}]}
RESULT: {}
RESULT: {}
RESULT: {"script":"<script> [1562 bytes]","args":[{"selector":{"id":"application-managepartners-display-component---NewPartner--addressDetailDetailsName1","interaction":{"idSuffix":"inner"}},"wdio_ui5_key":"applicationmanagepartners-display-component---NewPartner--addressDetailDetailsName1"}]}
RESULT: undefined
COMMAND: POST /session/673ee8da6ae2a3036ac170eb6294f89d/execute/async - {"script":"<script> [776 bytes]","args":[{"enterText":"Intracompany Partner WDIO","selector":{"id":"application-managepartners-display-component---NewPartner--addressDetailDetailsName1","interaction":{"idSuffix":"inner"}},"clearTextFirst":true,"interactionType":"ENTER_TEXT"}]}
RESULT: {"script":"<script> [776 bytes]","args":[{"enterText":"Intracompany Partner WDIO","selector":{"id":"application-managepartners-display-component---NewPartner--addressDetailDetailsName1","interaction":{"idSuffix":"inner"}},"clearTextFirst":true,"interactionType":"ENTER_TEXT"}]}
COMMAND: POST /session/673ee8da6ae2a3036ac170eb6294f89d/execute/async - {"script":"<script> [1562 bytes]","args":[{"selector":{"id":"application-managepartners-display-component---NewPartner--addressDetailDetailsLanguage-arrow"},"wdio_ui5_key":"applicationmanagepartners-display-component---NewPartner--addressDetailDetailsLanguage-arrow"}]}
RESULT: {"script":"<script> [1562 bytes]","args":[{"selector":{"id":"application-managepartners-display-component---NewPartner--addressDetailDetailsLanguage-arrow"},"wdio_ui5_key":"applicationmanagepartners-display-component---NewPartner--addressDetailDetailsLanguage-arrow"}]}
RESULT: undefined
COMMAND: POST /session/673ee8da6ae2a3036ac170eb6294f89d/element - {"using":"xpath","value":"//*[@id=\"application-managepartners-display-component---NewPartner--addressDetailDetailsLanguage-arrow\"]"}
RESULT: {"using":"xpath","value":"//*[@id=\"application-managepartners-display-component---NewPartner--addressDetailDetailsLanguage-arrow\"]"}
COMMAND: POST /session/673ee8da6ae2a3036ac170eb6294f89d/element/f.D876D0B9E4FB8B9E585720C2FE40BD5D.d.8E9902481891869F8D67AF8AC8AE2DCB.e.7556/click - {}
RESULT: {}
COMMAND: POST /session/673ee8da6ae2a3036ac170eb6294f89d/element - {"using":"xpath","value":"//span[contains(text(), \"English\")]"}
COMMAND: GET /session/673ee8da6ae2a3036ac170eb6294f89d/screenshot - {}
RESULT: {"using":"xpath","value":"//span[contains(text(), \"English\")]"}
COMMAND: POST /session/673ee8da6ae2a3036ac170eb6294f89d/element/f.D876D0B9E4FB8B9E585720C2FE40BD5D.d.8E9902481891869F8D67AF8AC8AE2DCB.e.7557/click - {}
RESULT: {}
RESULT: {}
COMMAND: GET /session/673ee8da6ae2a3036ac170eb6294f89d/screenshot - {}
RESULT: {}
COMMAND: POST /session/673ee8da6ae2a3036ac170eb6294f89d/execute/async - {"script":"<script> [1562 bytes]","args":[{"selector":{"id":"application-managepartners-display-component---NewPartner--addressDetailDetailsCity1","interaction":{"idSuffix":"inner"}},"wdio_ui5_key":"applicationmanagepartners-display-component---NewPartner--addressDetailDetailsCity1"}]}
RESULT: {"script":"<script> [1562 bytes]","args":[{"selector":{"id":"application-managepartners-display-component---NewPartner--addressDetailDetailsCity1","interaction":{"idSuffix":"inner"}},"wdio_ui5_key":"applicationmanagepartners-display-component---NewPartner--addressDetailDetailsCity1"}]}
RESULT: undefined
COMMAND: POST /session/673ee8da6ae2a3036ac170eb6294f89d/execute/async - {"script":"<script> [776 bytes]","args":[{"enterText":"Rosario","selector":{"id":"application-managepartners-display-component---NewPartner--addressDetailDetailsCity1","interaction":{"idSuffix":"inner"}},"clearTextFirst":true,"interactionType":"ENTER_TEXT"}]}
RESULT: {"script":"<script> [776 bytes]","args":[{"enterText":"Rosario","selector":{"id":"application-managepartners-display-component---NewPartner--addressDetailDetailsCity1","interaction":{"idSuffix":"inner"}},"clearTextFirst":true,"interactionType":"ENTER_TEXT"}]}
COMMAND: POST /session/673ee8da6ae2a3036ac170eb6294f89d/execute/async - {"script":"<script> [1562 bytes]","args":[{"selector":{"id":"application-managepartners-display-component---NewPartner--addressDetailDetailsCountry-arrow"},"wdio_ui5_key":"applicationmanagepartners-display-component---NewPartner--addressDetailDetailsCountry-arrow"}]}
RESULT: {"script":"<script> [1562 bytes]","args":[{"selector":{"id":"application-managepartners-display-component---NewPartner--addressDetailDetailsCountry-arrow"},"wdio_ui5_key":"applicationmanagepartners-display-component---NewPartner--addressDetailDetailsCountry-arrow"}]}
RESULT: undefined
COMMAND: POST /session/673ee8da6ae2a3036ac170eb6294f89d/element - {"using":"xpath","value":"//*[@id=\"application-managepartners-display-component---NewPartner--addressDetailDetailsCountry-arrow\"]"}
RESULT: {"using":"xpath","value":"//*[@id=\"application-managepartners-display-component---NewPartner--addressDetailDetailsCountry-arrow\"]"}
COMMAND: POST /session/673ee8da6ae2a3036ac170eb6294f89d/element/f.D876D0B9E4FB8B9E585720C2FE40BD5D.d.8E9902481891869F8D67AF8AC8AE2DCB.e.7543/click - {}
RESULT: {}
COMMAND: POST /session/673ee8da6ae2a3036ac170eb6294f89d/element - {"using":"xpath","value":"//span[contains(text(), \"Argentina\")]"}
COMMAND: GET /session/673ee8da6ae2a3036ac170eb6294f89d/screenshot - {}
RESULT: {"using":"xpath","value":"//span[contains(text(), \"Argentina\")]"}
COMMAND: POST /session/673ee8da6ae2a3036ac170eb6294f89d/element/f.D876D0B9E4FB8B9E585720C2FE40BD5D.d.8E9902481891869F8D67AF8AC8AE2DCB.e.7559/click - {}
RESULT: {}
RESULT: {}
COMMAND: GET /session/673ee8da6ae2a3036ac170eb6294f89d/screenshot - {}
RESULT: {}
COMMAND: POST /session/673ee8da6ae2a3036ac170eb6294f89d/element - {"using":"xpath","value":"//bdi[contains(text(), \"Commercial\")]"}
RESULT: {"using":"xpath","value":"//bdi[contains(text(), \"Commercial\")]"}
COMMAND: POST /session/673ee8da6ae2a3036ac170eb6294f89d/element/f.D876D0B9E4FB8B9E585720C2FE40BD5D.d.8E9902481891869F8D67AF8AC8AE2DCB.e.7560/click - {}
RESULT: {}
COMMAND: GET /session/673ee8da6ae2a3036ac170eb6294f89d/screenshot - {}
RESULT: {}
COMMAND: POST /session/673ee8da6ae2a3036ac170eb6294f89d/execute/async - {"script":"<script> [1562 bytes]","args":[{"selector":{"id":"application-managepartners-display-component---NewPartner--partnerDetailInternal-arrow"},"wdio_ui5_key":"applicationmanagepartners-display-component---NewPartner--partnerDetailInternal-arrow"}]}
RESULT: {"script":"<script> [1562 bytes]","args":[{"selector":{"id":"application-managepartners-display-component---NewPartner--partnerDetailInternal-arrow"},"wdio_ui5_key":"applicationmanagepartners-display-component---NewPartner--partnerDetailInternal-arrow"}]}
RESULT: undefined
COMMAND: POST /session/673ee8da6ae2a3036ac170eb6294f89d/element - {"using":"xpath","value":"//*[@id=\"application-managepartners-display-component---NewPartner--partnerDetailInternal-arrow\"]"}
RESULT: {"using":"xpath","value":"//*[@id=\"application-managepartners-display-component---NewPartner--partnerDetailInternal-arrow\"]"}
COMMAND: POST /session/673ee8da6ae2a3036ac170eb6294f89d/element/f.D876D0B9E4FB8B9E585720C2FE40BD5D.d.8E9902481891869F8D67AF8AC8AE2DCB.e.7566/click - {}
RESULT: {}
COMMAND: POST /session/673ee8da6ae2a3036ac170eb6294f89d/element - {"using":"xpath","value":"//span[contains(text(), \"Affiliated company\")]"}
COMMAND: GET /session/673ee8da6ae2a3036ac170eb6294f89d/screenshot - {}
RESULT: {"using":"xpath","value":"//span[contains(text(), \"Affiliated company\")]"}
COMMAND: POST /session/673ee8da6ae2a3036ac170eb6294f89d/element/f.D876D0B9E4FB8B9E585720C2FE40BD5D.d.8E9902481891869F8D67AF8AC8AE2DCB.e.7567/click - {}
RESULT: {}
RESULT: {}
COMMAND: POST /session/673ee8da6ae2a3036ac170eb6294f89d/execute/async - {"script":"<script> [1562 bytes]","args":[{"selector":{"id":"application-managepartners-display-component---NewPartner--partnerDetailsCurrency-arrow"},"wdio_ui5_key":"applicationmanagepartners-display-component---NewPartner--partnerDetailsCurrency-arrow"}]}
COMMAND: GET /session/673ee8da6ae2a3036ac170eb6294f89d/screenshot - {}
RESULT: {"script":"<script> [1562 bytes]","args":[{"selector":{"id":"application-managepartners-display-component---NewPartner--partnerDetailsCurrency-arrow"},"wdio_ui5_key":"applicationmanagepartners-display-component---NewPartner--partnerDetailsCurrency-arrow"}]}
RESULT: undefined
COMMAND: POST /session/673ee8da6ae2a3036ac170eb6294f89d/element - {"using":"xpath","value":"//*[@id=\"application-managepartners-display-component---NewPartner--partnerDetailsCurrency-arrow\"]"}
RESULT: {}
RESULT: {"using":"xpath","value":"//*[@id=\"application-managepartners-display-component---NewPartner--partnerDetailsCurrency-arrow\"]"}
COMMAND: POST /session/673ee8da6ae2a3036ac170eb6294f89d/element/f.D876D0B9E4FB8B9E585720C2FE40BD5D.d.8E9902481891869F8D67AF8AC8AE2DCB.e.7574/click - {}
RESULT: {}
COMMAND: POST /session/673ee8da6ae2a3036ac170eb6294f89d/element - {"using":"xpath","value":"//span[contains(text(), \"Euro\")]"}
COMMAND: GET /session/673ee8da6ae2a3036ac170eb6294f89d/screenshot - {}
RESULT: {"using":"xpath","value":"//span[contains(text(), \"Euro\")]"}
COMMAND: POST /session/673ee8da6ae2a3036ac170eb6294f89d/element/f.D876D0B9E4FB8B9E585720C2FE40BD5D.d.8E9902481891869F8D67AF8AC8AE2DCB.e.7575/click - {}
RESULT: {}
RESULT: {}
COMMAND: POST /session/673ee8da6ae2a3036ac170eb6294f89d/execute/async - {"script":"<script> [1562 bytes]","args":[{"selector":{"id":"application-managepartners-display-component---NewPartner--addressEditDetailsCostObjectCstType-arrow"},"wdio_ui5_key":"applicationmanagepartners-display-component---NewPartner--addressEditDetailsCostObjectCstType-arrow"}]}
COMMAND: GET /session/673ee8da6ae2a3036ac170eb6294f89d/screenshot - {}
RESULT: {"script":"<script> [1562 bytes]","args":[{"selector":{"id":"application-managepartners-display-component---NewPartner--addressEditDetailsCostObjectCstType-arrow"},"wdio_ui5_key":"applicationmanagepartners-display-component---NewPartner--addressEditDetailsCostObjectCstType-arrow"}]}
RESULT: undefined
COMMAND: POST /session/673ee8da6ae2a3036ac170eb6294f89d/element - {"using":"xpath","value":"//*[@id=\"application-managepartners-display-component---NewPartner--addressEditDetailsCostObjectCstType-arrow\"]"}
RESULT: {}
RESULT: {"using":"xpath","value":"//*[@id=\"application-managepartners-display-component---NewPartner--addressEditDetailsCostObjectCstType-arrow\"]"}
COMMAND: POST /session/673ee8da6ae2a3036ac170eb6294f89d/element/f.D876D0B9E4FB8B9E585720C2FE40BD5D.d.8E9902481891869F8D67AF8AC8AE2DCB.e.7576/click - {}
RESULT: {}
COMMAND: POST /session/673ee8da6ae2a3036ac170eb6294f89d/element - {"using":"xpath","value":"//span[contains(text(), \"Cost Center\")]"}
COMMAND: GET /session/673ee8da6ae2a3036ac170eb6294f89d/screenshot - {}
RESULT: {"using":"xpath","value":"//span[contains(text(), \"Cost Center\")]"}
COMMAND: POST /session/673ee8da6ae2a3036ac170eb6294f89d/element/f.D876D0B9E4FB8B9E585720C2FE40BD5D.d.8E9902481891869F8D67AF8AC8AE2DCB.e.7577/click - {}
RESULT: {}
RESULT: {}
COMMAND: GET /session/673ee8da6ae2a3036ac170eb6294f89d/screenshot - {}
RESULT: {}
COMMAND: POST /session/673ee8da6ae2a3036ac170eb6294f89d/element - {"using":"xpath","value":"//span[@id=\"application-managepartners-display-component---NewPartner--addressNewCostObjectCstID-vhi\"]"}
RESULT: {"using":"xpath","value":"//span[@id=\"application-managepartners-display-component---NewPartner--addressNewCostObjectCstID-vhi\"]"}
COMMAND: POST /session/673ee8da6ae2a3036ac170eb6294f89d/execute/sync - {"script":"<script> [8489 bytes]","args":[{"element-6066-11e4-a52e-4f735466cecf":"f.D876D0B9E4FB8B9E585720C2FE40BD5D.d.8E9902481891869F8D67AF8AC8AE2DCB.e.7581","ELEMENT":"f.D876D0B9E4FB8B9E585720C2FE40BD5D.d.8E9902481891869F8D67AF8AC8AE2DCB.e.7581"}]}
RESULT: {"script":"<script> [8489 bytes]","args":[{"element-6066-11e4-a52e-4f735466cecf":"f.D876D0B9E4FB8B9E585720C2FE40BD5D.d.8E9902481891869F8D67AF8AC8AE2DCB.e.7581","ELEMENT":"f.D876D0B9E4FB8B9E585720C2FE40BD5D.d.8E9902481891869F8D67AF8AC8AE2DCB.e.7581"}]}
COMMAND: POST /session/673ee8da6ae2a3036ac170eb6294f89d/execute/async - {"script":"<script> [1562 bytes]","args":[{"selector":{"id":"application-managepartners-display-component---NewPartner--addressNewCostObjectCstID-vhi"},"wdio_ui5_key":"applicationmanagepartners-display-component---NewPartner--addressNewCostObjectCstID-vhi"}]}
COMMAND: GET /session/673ee8da6ae2a3036ac170eb6294f89d/screenshot - {}
RESULT: {"script":"<script> [1562 bytes]","args":[{"selector":{"id":"application-managepartners-display-component---NewPartner--addressNewCostObjectCstID-vhi"},"wdio_ui5_key":"applicationmanagepartners-display-component---NewPartner--addressNewCostObjectCstID-vhi"}]}
RESULT: undefined
COMMAND: POST /session/673ee8da6ae2a3036ac170eb6294f89d/element - {"using":"xpath","value":"//*[@id=\"application-managepartners-display-component---NewPartner--addressNewCostObjectCstID-vhi\"]"}
RESULT: {}
RESULT: {"using":"xpath","value":"//*[@id=\"application-managepartners-display-component---NewPartner--addressNewCostObjectCstID-vhi\"]"}
COMMAND: POST /session/673ee8da6ae2a3036ac170eb6294f89d/element/f.D876D0B9E4FB8B9E585720C2FE40BD5D.d.8E9902481891869F8D67AF8AC8AE2DCB.e.7581/click - {}
RESULT: {}
COMMAND: GET /session/673ee8da6ae2a3036ac170eb6294f89d/screenshot - {}
RESULT: {}
RESULT: undefined
COMMAND: POST /session/673ee8da6ae2a3036ac170eb6294f89d/execute/async - {"script":"<script> [776 bytes]","args":[{"enterText":"10001013","selector":{"controlType":"sap.m.SearchField","properties":{"placeholder":"Search"},"searchOpenDialogs":true,"interaction":{"idSuffix":"I"}},"clearTextFirst":true,"interactionType":"ENTER_TEXT"}]}
RESULT: {"script":"<script> [776 bytes]","args":[{"enterText":"10001013","selector":{"controlType":"sap.m.SearchField","properties":{"placeholder":"Search"},"searchOpenDialogs":true,"interaction":{"idSuffix":"I"}},"clearTextFirst":true,"interactionType":"ENTER_TEXT"}]}
COMMAND: POST /session/673ee8da6ae2a3036ac170eb6294f89d/actions - {"actions":[{"id":"action24","type":"key","parameters":{},"actions":[{"type":"keyDown","value":"î€‡"},{"type":"pause","duration":10},{"type":"keyUp","value":"î€‡"}]}]}
RESULT: {"actions":[{"id":"action24","type":"key","parameters":{},"actions":[{"type":"keyDown","value":"î€‡"},{"type":"pause","duration":10},{"type":"keyUp","value":"î€‡"}]}]}
COMMAND: GET /session/673ee8da6ae2a3036ac170eb6294f89d/screenshot - {}
RESULT: {}
COMMAND: POST /session/673ee8da6ae2a3036ac170eb6294f89d/element - {"using":"xpath","value":"//span[contains(text(), \"General Management\")]"}
RESULT: {"using":"xpath","value":"//span[contains(text(), \"General Management\")]"}
COMMAND: POST /session/673ee8da6ae2a3036ac170eb6294f89d/element/f.D876D0B9E4FB8B9E585720C2FE40BD5D.d.8E9902481891869F8D67AF8AC8AE2DCB.e.7620/click - {}
RESULT: {}
COMMAND: GET /session/673ee8da6ae2a3036ac170eb6294f89d/screenshot - {}
RESULT: {}
COMMAND: POST /session/673ee8da6ae2a3036ac170eb6294f89d/element - {"using":"xpath","value":"//bdi[contains(text(), \"OK\")]"}
RESULT: {"using":"xpath","value":"//bdi[contains(text(), \"OK\")]"}
COMMAND: POST /session/673ee8da6ae2a3036ac170eb6294f89d/element/f.D876D0B9E4FB8B9E585720C2FE40BD5D.d.8E9902481891869F8D67AF8AC8AE2DCB.e.7621/click - {}
RESULT: {}
COMMAND: GET /session/673ee8da6ae2a3036ac170eb6294f89d/screenshot - {}
RESULT: {}
COMMAND: POST /session/673ee8da6ae2a3036ac170eb6294f89d/element - {"using":"xpath","value":"//input[@id=\"application-managepartners-display-component---NewPartner--companyCodeComboBox-inner\"]"}
RESULT: {"using":"xpath","value":"//input[@id=\"application-managepartners-display-component---NewPartner--companyCodeComboBox-inner\"]"}
COMMAND: POST /session/673ee8da6ae2a3036ac170eb6294f89d/element/f.D876D0B9E4FB8B9E585720C2FE40BD5D.d.8E9902481891869F8D67AF8AC8AE2DCB.e.7423/clear - {}
RESULT: {}
COMMAND: POST /session/673ee8da6ae2a3036ac170eb6294f89d/element/f.D876D0B9E4FB8B9E585720C2FE40BD5D.d.8E9902481891869F8D67AF8AC8AE2DCB.e.7423/value - {"text":"1000"}
COMMAND: GET /session/673ee8da6ae2a3036ac170eb6294f89d/screenshot - {}
RESULT: {"text":"1000"}
COMMAND: GET /session/673ee8da6ae2a3036ac170eb6294f89d/screenshot - {}
RESULT: {}
RESULT: {}
COMMAND: POST /session/673ee8da6ae2a3036ac170eb6294f89d/element - {"using":"xpath","value":"//li[.//span[text()= \"1000\"]]"}
RESULT: {"using":"xpath","value":"//li[.//span[text()= \"1000\"]]"}
COMMAND: POST /session/673ee8da6ae2a3036ac170eb6294f89d/element/f.D876D0B9E4FB8B9E585720C2FE40BD5D.d.8E9902481891869F8D67AF8AC8AE2DCB.e.7627/click - {}
RESULT: {}
COMMAND: GET /session/673ee8da6ae2a3036ac170eb6294f89d/screenshot - {}
RESULT: {}
COMMAND: POST /session/673ee8da6ae2a3036ac170eb6294f89d/execute/async - {"script":"<script> [1562 bytes]","args":[{"selector":{"id":"application-managepartners-display-component---NewPartner--btnAddTableRow-img"},"wdio_ui5_key":"applicationmanagepartners-display-component---NewPartner--btnAddTableRow-img"}]}
RESULT: {"script":"<script> [1562 bytes]","args":[{"selector":{"id":"application-managepartners-display-component---NewPartner--btnAddTableRow-img"},"wdio_ui5_key":"applicationmanagepartners-display-component---NewPartner--btnAddTableRow-img"}]}
RESULT: undefined
COMMAND: POST /session/673ee8da6ae2a3036ac170eb6294f89d/element - {"using":"xpath","value":"//*[@id=\"application-managepartners-display-component---NewPartner--btnAddTableRow-img\"]"}
RESULT: {"using":"xpath","value":"//*[@id=\"application-managepartners-display-component---NewPartner--btnAddTableRow-img\"]"}
COMMAND: POST /session/673ee8da6ae2a3036ac170eb6294f89d/element/f.D876D0B9E4FB8B9E585720C2FE40BD5D.d.8E9902481891869F8D67AF8AC8AE2DCB.e.7628/click - {}
RESULT: {}
COMMAND: GET /session/673ee8da6ae2a3036ac170eb6294f89d/screenshot - {}
RESULT: {}
COMMAND: POST /session/673ee8da6ae2a3036ac170eb6294f89d/element - {"using":"xpath","value":"//input[@id=\"application-managepartners-display-component---NewPartner--assignmentYard-application-managepartners-display-component---NewPartner--assignmentsTable-0-inner\"]"}
RESULT: {"using":"xpath","value":"//input[@id=\"application-managepartners-display-component---NewPartner--assignmentYard-application-managepartners-display-component---NewPartner--assignmentsTable-0-inner\"]"}
COMMAND: POST /session/673ee8da6ae2a3036ac170eb6294f89d/element/f.D876D0B9E4FB8B9E585720C2FE40BD5D.d.8E9902481891869F8D67AF8AC8AE2DCB.e.7631/clear - {}
RESULT: {}
COMMAND: POST /session/673ee8da6ae2a3036ac170eb6294f89d/element/f.D876D0B9E4FB8B9E585720C2FE40BD5D.d.8E9902481891869F8D67AF8AC8AE2DCB.e.7631/value - {"text":"532"}
COMMAND: GET /session/673ee8da6ae2a3036ac170eb6294f89d/screenshot - {}
RESULT: {"text":"532"}
COMMAND: GET /session/673ee8da6ae2a3036ac170eb6294f89d/screenshot - {}
RESULT: {}
RESULT: {}
COMMAND: POST /session/673ee8da6ae2a3036ac170eb6294f89d/element - {"using":"xpath","value":"//li[.//span[text()='532']]"}
RESULT: {"using":"xpath","value":"//li[.//span[text()='532']]"}
COMMAND: POST /session/673ee8da6ae2a3036ac170eb6294f89d/element/f.D876D0B9E4FB8B9E585720C2FE40BD5D.d.8E9902481891869F8D67AF8AC8AE2DCB.e.7640/click - {}
RESULT: {}
COMMAND: GET /session/673ee8da6ae2a3036ac170eb6294f89d/screenshot - {}
RESULT: {}
COMMAND: POST /session/673ee8da6ae2a3036ac170eb6294f89d/actions - {"actions":[{"id":"action25","type":"key","parameters":{},"actions":[{"type":"keyDown","value":"î€‡"},{"type":"pause","duration":10},{"type":"keyUp","value":"î€‡"}]}]}
RESULT: {"actions":[{"id":"action25","type":"key","parameters":{},"actions":[{"type":"keyDown","value":"î€‡"},{"type":"pause","duration":10},{"type":"keyUp","value":"î€‡"}]}]}
COMMAND: POST /session/673ee8da6ae2a3036ac170eb6294f89d/execute/async - {"script":"<script> [1562 bytes]","args":[{"selector":{"id":"application-managepartners-display-component---NewPartner--externalCustomerComboBox-application-managepartners-display-component---NewPartner--assignmentsTable-0-vhi"},"wdio_ui5_key":"applicationmanagepartners-display-component---NewPartner--externalCustomerComboBox-application-managepartners-display-component---NewPartner--assignmentsTable-0-vhi"}]}
COMMAND: GET /session/673ee8da6ae2a3036ac170eb6294f89d/screenshot - {}
RESULT: {"script":"<script> [1562 bytes]","args":[{"selector":{"id":"application-managepartners-display-component---NewPartner--externalCustomerComboBox-application-managepartners-display-component---NewPartner--assignmentsTable-0-vhi"},"wdio_ui5_key":"applicationmanagepartners-display-component---NewPartner--externalCustomerComboBox-application-managepartners-display-component---NewPartner--assignmentsTable-0-vhi"}]}
RESULT: undefined
COMMAND: POST /session/673ee8da6ae2a3036ac170eb6294f89d/element - {"using":"xpath","value":"//*[@id=\"application-managepartners-display-component---NewPartner--externalCustomerComboBox-application-managepartners-display-component---NewPartner--assignmentsTable-0-vhi\"]"}
RESULT: {}
RESULT: {"using":"xpath","value":"//*[@id=\"application-managepartners-display-component---NewPartner--externalCustomerComboBox-application-managepartners-display-component---NewPartner--assignmentsTable-0-vhi\"]"}
COMMAND: POST /session/673ee8da6ae2a3036ac170eb6294f89d/element/f.D876D0B9E4FB8B9E585720C2FE40BD5D.d.8E9902481891869F8D67AF8AC8AE2DCB.e.7644/click - {}
RESULT: {}
RESULT: undefined
COMMAND: POST /session/673ee8da6ae2a3036ac170eb6294f89d/execute/async - {"script":"<script> [776 bytes]","args":[{"enterText":"300003","selector":{"controlType":"sap.m.SearchField","properties":{"placeholder":"Search"},"searchOpenDialogs":true,"interaction":{"idSuffix":"I"}},"clearTextFirst":true,"interactionType":"ENTER_TEXT"}]}
COMMAND: GET /session/673ee8da6ae2a3036ac170eb6294f89d/screenshot - {}
RESULT: {"script":"<script> [776 bytes]","args":[{"enterText":"300003","selector":{"controlType":"sap.m.SearchField","properties":{"placeholder":"Search"},"searchOpenDialogs":true,"interaction":{"idSuffix":"I"}},"clearTextFirst":true,"interactionType":"ENTER_TEXT"}]}
COMMAND: POST /session/673ee8da6ae2a3036ac170eb6294f89d/actions - {"actions":[{"id":"action26","type":"key","parameters":{},"actions":[{"type":"keyDown","value":"î€‡"},{"type":"pause","duration":10},{"type":"keyUp","value":"î€‡"}]}]}
RESULT: {}
RESULT: {"actions":[{"id":"action26","type":"key","parameters":{},"actions":[{"type":"keyDown","value":"î€‡"},{"type":"pause","duration":10},{"type":"keyUp","value":"î€‡"}]}]}
COMMAND: GET /session/673ee8da6ae2a3036ac170eb6294f89d/screenshot - {}
RESULT: {}
COMMAND: POST /session/673ee8da6ae2a3036ac170eb6294f89d/element - {"using":"xpath","value":"//span[contains(text(), \"300003\")]"}
RESULT: {"using":"xpath","value":"//span[contains(text(), \"300003\")]"}
COMMAND: POST /session/673ee8da6ae2a3036ac170eb6294f89d/element/f.D876D0B9E4FB8B9E585720C2FE40BD5D.d.8E9902481891869F8D67AF8AC8AE2DCB.e.7661/click - {}
RESULT: {}
COMMAND: GET /session/673ee8da6ae2a3036ac170eb6294f89d/screenshot - {}
RESULT: {}
COMMAND: POST /session/673ee8da6ae2a3036ac170eb6294f89d/element - {"using":"xpath","value":"//bdi[contains(text(), \"OK\")]"}
RESULT: {"using":"xpath","value":"//bdi[contains(text(), \"OK\")]"}
COMMAND: POST /session/673ee8da6ae2a3036ac170eb6294f89d/element/f.D876D0B9E4FB8B9E585720C2FE40BD5D.d.8E9902481891869F8D67AF8AC8AE2DCB.e.7663/click - {}
RESULT: {}
COMMAND: GET /session/673ee8da6ae2a3036ac170eb6294f89d/screenshot - {}
RESULT: {}
COMMAND: POST /session/673ee8da6ae2a3036ac170eb6294f89d/execute/async - {"script":"<script> [1562 bytes]","args":[{"selector":{"id":"application-managepartners-display-component---NewPartner--intercompVendorComboBox-application-managepartners-display-component---NewPartner--assignmentsTable-0-vhi"},"wdio_ui5_key":"applicationmanagepartners-display-component---NewPartner--intercompVendorComboBox-application-managepartners-display-component---NewPartner--assignmentsTable-0-vhi"}]}
RESULT: {"script":"<script> [1562 bytes]","args":[{"selector":{"id":"application-managepartners-display-component---NewPartner--intercompVendorComboBox-application-managepartners-display-component---NewPartner--assignmentsTable-0-vhi"},"wdio_ui5_key":"applicationmanagepartners-display-component---NewPartner--intercompVendorComboBox-application-managepartners-display-component---NewPartner--assignmentsTable-0-vhi"}]}
RESULT: undefined
COMMAND: POST /session/673ee8da6ae2a3036ac170eb6294f89d/element - {"using":"xpath","value":"//*[@id=\"application-managepartners-display-component---NewPartner--intercompVendorComboBox-application-managepartners-display-component---NewPartner--assignmentsTable-0-vhi\"]"}
RESULT: {"using":"xpath","value":"//*[@id=\"application-managepartners-display-component---NewPartner--intercompVendorComboBox-application-managepartners-display-component---NewPartner--assignmentsTable-0-vhi\"]"}
COMMAND: POST /session/673ee8da6ae2a3036ac170eb6294f89d/element/f.D876D0B9E4FB8B9E585720C2FE40BD5D.d.8E9902481891869F8D67AF8AC8AE2DCB.e.7666/click - {}
RESULT: {}
RESULT: undefined
COMMAND: POST /session/673ee8da6ae2a3036ac170eb6294f89d/execute/async - {"script":"<script> [776 bytes]","args":[{"enterText":"100005","selector":{"controlType":"sap.m.SearchField","properties":{"placeholder":"Search"},"searchOpenDialogs":true,"interaction":{"idSuffix":"I"}},"clearTextFirst":true,"interactionType":"ENTER_TEXT"}]}
COMMAND: GET /session/673ee8da6ae2a3036ac170eb6294f89d/screenshot - {}
RESULT: {"script":"<script> [776 bytes]","args":[{"enterText":"100005","selector":{"controlType":"sap.m.SearchField","properties":{"placeholder":"Search"},"searchOpenDialogs":true,"interaction":{"idSuffix":"I"}},"clearTextFirst":true,"interactionType":"ENTER_TEXT"}]}
COMMAND: POST /session/673ee8da6ae2a3036ac170eb6294f89d/actions - {"actions":[{"id":"action27","type":"key","parameters":{},"actions":[{"type":"keyDown","value":"î€‡"},{"type":"pause","duration":10},{"type":"keyUp","value":"î€‡"}]}]}
RESULT: {}
RESULT: {"actions":[{"id":"action27","type":"key","parameters":{},"actions":[{"type":"keyDown","value":"î€‡"},{"type":"pause","duration":10},{"type":"keyUp","value":"î€‡"}]}]}
COMMAND: GET /session/673ee8da6ae2a3036ac170eb6294f89d/screenshot - {}
RESULT: {}
COMMAND: POST /session/673ee8da6ae2a3036ac170eb6294f89d/element - {"using":"xpath","value":"//span[contains(text(), \"Penguins - Field/12345 Berlin\")]"}
RESULT: {"using":"xpath","value":"//span[contains(text(), \"Penguins - Field/12345 Berlin\")]"}
COMMAND: POST /session/673ee8da6ae2a3036ac170eb6294f89d/element/f.D876D0B9E4FB8B9E585720C2FE40BD5D.d.8E9902481891869F8D67AF8AC8AE2DCB.e.7685/click - {}
RESULT: {}
COMMAND: GET /session/673ee8da6ae2a3036ac170eb6294f89d/screenshot - {}
RESULT: {}
COMMAND: POST /session/673ee8da6ae2a3036ac170eb6294f89d/element - {"using":"xpath","value":"//bdi[contains(text(), \"OK\")]"}
RESULT: {"using":"xpath","value":"//bdi[contains(text(), \"OK\")]"}
COMMAND: POST /session/673ee8da6ae2a3036ac170eb6294f89d/element/f.D876D0B9E4FB8B9E585720C2FE40BD5D.d.8E9902481891869F8D67AF8AC8AE2DCB.e.7686/click - {}
RESULT: {}
COMMAND: GET /session/673ee8da6ae2a3036ac170eb6294f89d/screenshot - {}
RESULT: {}
COMMAND: POST /session/673ee8da6ae2a3036ac170eb6294f89d/element - {"using":"xpath","value":"//button[@data-kt=\"saveButton\"]"}
RESULT: {"using":"xpath","value":"//button[@data-kt=\"saveButton\"]"}
COMMAND: POST /session/673ee8da6ae2a3036ac170eb6294f89d/element/f.D876D0B9E4FB8B9E585720C2FE40BD5D.d.8E9902481891869F8D67AF8AC8AE2DCB.e.7448/click - {}
RESULT: {}
COMMAND: GET /session/673ee8da6ae2a3036ac170eb6294f89d/screenshot - {}
RESULT: {}
COMMAND: POST /session/673ee8da6ae2a3036ac170eb6294f89d/element - {"using":"xpath","value":"//header[contains(@id, 'ObjectPageLayout-headerTitle')]/div[1]/div[2]/div[2]/span[1]"}
RESULT: {"using":"xpath","value":"//header[contains(@id, 'ObjectPageLayout-headerTitle')]/div[1]/div[2]/div[2]/span[1]"}
COMMAND: POST /session/673ee8da6ae2a3036ac170eb6294f89d/elements - {"using":"xpath","value":"//header[contains(@id, 'ObjectPageLayout-headerTitle')]/div[1]/div[2]/div[2]/span[1]"}
RESULT: {"using":"xpath","value":"//header[contains(@id, 'ObjectPageLayout-headerTitle')]/div[1]/div[2]/div[2]/span[1]"}
COMMAND: POST /session/673ee8da6ae2a3036ac170eb6294f89d/execute/sync - {"script":"<script> [56 bytes]","args":[{"element-6066-11e4-a52e-4f735466cecf":"f.D876D0B9E4FB8B9E585720C2FE40BD5D.d.8E9902481891869F8D67AF8AC8AE2DCB.e.7854","ELEMENT":"f.D876D0B9E4FB8B9E585720C2FE40BD5D.d.8E9902481891869F8D67AF8AC8AE2DCB.e.7854"}]}
RESULT: {"script":"<script> [56 bytes]","args":[{"element-6066-11e4-a52e-4f735466cecf":"f.D876D0B9E4FB8B9E585720C2FE40BD5D.d.8E9902481891869F8D67AF8AC8AE2DCB.e.7854","ELEMENT":"f.D876D0B9E4FB8B9E585720C2FE40BD5D.d.8E9902481891869F8D67AF8AC8AE2DCB.e.7854"}]}
COMMAND: POST /session/673ee8da6ae2a3036ac170eb6294f89d/element - {"using":"css selector","value":"#shell-header-logo"}
COMMAND: GET /session/673ee8da6ae2a3036ac170eb6294f89d/screenshot - {}
RESULT: {"using":"css selector","value":"#shell-header-logo"}
COMMAND: POST /session/673ee8da6ae2a3036ac170eb6294f89d/element/f.D876D0B9E4FB8B9E585720C2FE40BD5D.d.8E9902481891869F8D67AF8AC8AE2DCB.e.7068/click - {}
RESULT: {}
RESULT: {}
COMMAND: GET /session/673ee8da6ae2a3036ac170eb6294f89d/screenshot - {}
RESULT: {}
COMMAND: POST /session/673ee8da6ae2a3036ac170eb6294f89d/execute/sync - {"script":"<script> [299 bytes]","args":[["getModel","getResource"]]}
RESULT: {"script":"<script> [299 bytes]","args":[["getModel","getResource"]]}
]]></system-out>
    </testcase>
    <testcase classname="chrome.136_0_7103_93.windows.Billing_Transfer_-_Intracompany_US127249" name="Should create a new site" time="142.217">
      <system-out><![CDATA[
COMMAND: GET /session/673ee8da6ae2a3036ac170eb6294f89d/screenshot - {}
COMMAND: POST /session/673ee8da6ae2a3036ac170eb6294f89d/execute/async - {"script":"<script> [1562 bytes]","args":[{"selector":{"controlType":"sap.m.GenericTile","properties":{"header":"Manage Sites"}},"wdio_ui5_key":"sapm.GenericTile{\"header\":\"Manage Sites\"}"}]}
RESULT: {}
RESULT: {"script":"<script> [1562 bytes]","args":[{"selector":{"controlType":"sap.m.GenericTile","properties":{"header":"Manage Sites"}},"wdio_ui5_key":"sapm.GenericTile{\"header\":\"Manage Sites\"}"}]}
RESULT: undefined
COMMAND: POST /session/673ee8da6ae2a3036ac170eb6294f89d/element - {"using":"xpath","value":"//*[@id=\"__tile40\"]"}
RESULT: {"using":"xpath","value":"//*[@id=\"__tile40\"]"}
COMMAND: POST /session/673ee8da6ae2a3036ac170eb6294f89d/element/f.D876D0B9E4FB8B9E585720C2FE40BD5D.d.8E9902481891869F8D67AF8AC8AE2DCB.e.6391/click - {}
RESULT: {}
COMMAND: GET /session/673ee8da6ae2a3036ac170eb6294f89d/screenshot - {}
RESULT: {}
COMMAND: POST /session/673ee8da6ae2a3036ac170eb6294f89d/elements - {"using":"xpath","value":"//span[text()='Error']"}
RESULT: {"using":"xpath","value":"//span[text()='Error']"}
COMMAND: POST /session/673ee8da6ae2a3036ac170eb6294f89d/element - {"using":"xpath","value":"//button[@data-kt=\"addOverflowToolbarButton\"]"}
RESULT: {"using":"xpath","value":"//button[@data-kt=\"addOverflowToolbarButton\"]"}
COMMAND: POST /session/673ee8da6ae2a3036ac170eb6294f89d/elements - {"using":"xpath","value":"//button[@data-kt=\"addOverflowToolbarButton\"]"}
RESULT: {"using":"xpath","value":"//button[@data-kt=\"addOverflowToolbarButton\"]"}
COMMAND: POST /session/673ee8da6ae2a3036ac170eb6294f89d/execute/sync - {"script":"<script> [8489 bytes]","args":[{"element-6066-11e4-a52e-4f735466cecf":"f.D876D0B9E4FB8B9E585720C2FE40BD5D.d.8E9902481891869F8D67AF8AC8AE2DCB.e.7900","ELEMENT":"f.D876D0B9E4FB8B9E585720C2FE40BD5D.d.8E9902481891869F8D67AF8AC8AE2DCB.e.7900"}]}
RESULT: {"script":"<script> [8489 bytes]","args":[{"element-6066-11e4-a52e-4f735466cecf":"f.D876D0B9E4FB8B9E585720C2FE40BD5D.d.8E9902481891869F8D67AF8AC8AE2DCB.e.7900","ELEMENT":"f.D876D0B9E4FB8B9E585720C2FE40BD5D.d.8E9902481891869F8D67AF8AC8AE2DCB.e.7900"}]}
COMMAND: GET /session/673ee8da6ae2a3036ac170eb6294f89d/element/f.D876D0B9E4FB8B9E585720C2FE40BD5D.d.8E9902481891869F8D67AF8AC8AE2DCB.e.7900/enabled - {}
COMMAND: GET /session/673ee8da6ae2a3036ac170eb6294f89d/screenshot - {}
RESULT: {}
COMMAND: POST /session/673ee8da6ae2a3036ac170eb6294f89d/execute/sync - {"script":"<script> [8489 bytes]","args":[{"element-6066-11e4-a52e-4f735466cecf":"f.D876D0B9E4FB8B9E585720C2FE40BD5D.d.8E9902481891869F8D67AF8AC8AE2DCB.e.7900","ELEMENT":"f.D876D0B9E4FB8B9E585720C2FE40BD5D.d.8E9902481891869F8D67AF8AC8AE2DCB.e.7900"}]}
COMMAND: GET /session/673ee8da6ae2a3036ac170eb6294f89d/screenshot - {}
RESULT: {}
RESULT: {"script":"<script> [8489 bytes]","args":[{"element-6066-11e4-a52e-4f735466cecf":"f.D876D0B9E4FB8B9E585720C2FE40BD5D.d.8E9902481891869F8D67AF8AC8AE2DCB.e.7900","ELEMENT":"f.D876D0B9E4FB8B9E585720C2FE40BD5D.d.8E9902481891869F8D67AF8AC8AE2DCB.e.7900"}]}
COMMAND: POST /session/673ee8da6ae2a3036ac170eb6294f89d/execute/sync - {"script":"<script> [5351 bytes]","args":[{"element-6066-11e4-a52e-4f735466cecf":"f.D876D0B9E4FB8B9E585720C2FE40BD5D.d.8E9902481891869F8D67AF8AC8AE2DCB.e.7900","ELEMENT":"f.D876D0B9E4FB8B9E585720C2FE40BD5D.d.8E9902481891869F8D67AF8AC8AE2DCB.e.7900"}]}
COMMAND: GET /session/673ee8da6ae2a3036ac170eb6294f89d/screenshot - {}
RESULT: {}
RESULT: {"script":"<script> [5351 bytes]","args":[{"element-6066-11e4-a52e-4f735466cecf":"f.D876D0B9E4FB8B9E585720C2FE40BD5D.d.8E9902481891869F8D67AF8AC8AE2DCB.e.7900","ELEMENT":"f.D876D0B9E4FB8B9E585720C2FE40BD5D.d.8E9902481891869F8D67AF8AC8AE2DCB.e.7900"}]}
COMMAND: POST /session/673ee8da6ae2a3036ac170eb6294f89d/element/f.D876D0B9E4FB8B9E585720C2FE40BD5D.d.8E9902481891869F8D67AF8AC8AE2DCB.e.7900/click - {}
COMMAND: GET /session/673ee8da6ae2a3036ac170eb6294f89d/screenshot - {}
RESULT: {}
RESULT: {}
COMMAND: GET /session/673ee8da6ae2a3036ac170eb6294f89d/screenshot - {}
RESULT: {}
RESULT: {}
COMMAND: POST /session/673ee8da6ae2a3036ac170eb6294f89d/element - {"using":"xpath","value":"//input[@id=\"application-managesites-display-component---NewSite--siteId-inner\"]"}
RESULT: {"using":"xpath","value":"//input[@id=\"application-managesites-display-component---NewSite--siteId-inner\"]"}
COMMAND: POST /session/673ee8da6ae2a3036ac170eb6294f89d/element - {"using":"xpath","value":"//input[@id=\"application-managesites-display-component---NewSite--siteId-inner\"]"}
RESULT: {"using":"xpath","value":"//input[@id=\"application-managesites-display-component---NewSite--siteId-inner\"]"}
COMMAND: POST /session/673ee8da6ae2a3036ac170eb6294f89d/execute/async - {"script":"<script> [1562 bytes]","args":[{"selector":{"id":"application-managesites-display-component---NewSite--addressDetailDetailsName1","interaction":{"idSuffix":"inner"}},"wdio_ui5_key":"applicationmanagesites-display-component---NewSite--addressDetailDetailsName1"}]}
RESULT: {"script":"<script> [1562 bytes]","args":[{"selector":{"id":"application-managesites-display-component---NewSite--addressDetailDetailsName1","interaction":{"idSuffix":"inner"}},"wdio_ui5_key":"applicationmanagesites-display-component---NewSite--addressDetailDetailsName1"}]}
RESULT: undefined
COMMAND: POST /session/673ee8da6ae2a3036ac170eb6294f89d/execute/async - {"script":"<script> [776 bytes]","args":[{"enterText":"Intracompany Site wdIO","selector":{"id":"application-managesites-display-component---NewSite--addressDetailDetailsName1","interaction":{"idSuffix":"inner"}},"clearTextFirst":true,"interactionType":"ENTER_TEXT"}]}
RESULT: {"script":"<script> [776 bytes]","args":[{"enterText":"Intracompany Site wdIO","selector":{"id":"application-managesites-display-component---NewSite--addressDetailDetailsName1","interaction":{"idSuffix":"inner"}},"clearTextFirst":true,"interactionType":"ENTER_TEXT"}]}
COMMAND: POST /session/673ee8da6ae2a3036ac170eb6294f89d/execute/async - {"script":"<script> [1562 bytes]","args":[{"selector":{"id":"application-managesites-display-component---NewSite--addressDetailDetailsLanguage-arrow"},"wdio_ui5_key":"applicationmanagesites-display-component---NewSite--addressDetailDetailsLanguage-arrow"}]}
RESULT: {"script":"<script> [1562 bytes]","args":[{"selector":{"id":"application-managesites-display-component---NewSite--addressDetailDetailsLanguage-arrow"},"wdio_ui5_key":"applicationmanagesites-display-component---NewSite--addressDetailDetailsLanguage-arrow"}]}
RESULT: undefined
COMMAND: POST /session/673ee8da6ae2a3036ac170eb6294f89d/element - {"using":"xpath","value":"//*[@id=\"application-managesites-display-component---NewSite--addressDetailDetailsLanguage-arrow\"]"}
RESULT: {"using":"xpath","value":"//*[@id=\"application-managesites-display-component---NewSite--addressDetailDetailsLanguage-arrow\"]"}
COMMAND: POST /session/673ee8da6ae2a3036ac170eb6294f89d/element/f.D876D0B9E4FB8B9E585720C2FE40BD5D.d.8E9902481891869F8D67AF8AC8AE2DCB.e.8522/click - {}
RESULT: {}
COMMAND: POST /session/673ee8da6ae2a3036ac170eb6294f89d/element - {"using":"xpath","value":"//span[contains(text(), \"English\")]"}
COMMAND: GET /session/673ee8da6ae2a3036ac170eb6294f89d/screenshot - {}
RESULT: {"using":"xpath","value":"//span[contains(text(), \"English\")]"}
COMMAND: POST /session/673ee8da6ae2a3036ac170eb6294f89d/element/f.D876D0B9E4FB8B9E585720C2FE40BD5D.d.8E9902481891869F8D67AF8AC8AE2DCB.e.8523/click - {}
RESULT: {}
RESULT: {}
COMMAND: POST /session/673ee8da6ae2a3036ac170eb6294f89d/execute/async - {"script":"<script> [1562 bytes]","args":[{"selector":{"id":"application-managesites-display-component---NewSite--addressDetailDetailsCity1","interaction":{"idSuffix":"inner"}},"wdio_ui5_key":"applicationmanagesites-display-component---NewSite--addressDetailDetailsCity1"}]}
COMMAND: GET /session/673ee8da6ae2a3036ac170eb6294f89d/screenshot - {}
RESULT: {"script":"<script> [1562 bytes]","args":[{"selector":{"id":"application-managesites-display-component---NewSite--addressDetailDetailsCity1","interaction":{"idSuffix":"inner"}},"wdio_ui5_key":"applicationmanagesites-display-component---NewSite--addressDetailDetailsCity1"}]}
RESULT: undefined
COMMAND: POST /session/673ee8da6ae2a3036ac170eb6294f89d/execute/async - {"script":"<script> [776 bytes]","args":[{"enterText":"Rosario","selector":{"id":"application-managesites-display-component---NewSite--addressDetailDetailsCity1","interaction":{"idSuffix":"inner"}},"clearTextFirst":true,"interactionType":"ENTER_TEXT"}]}
RESULT: {}
RESULT: {"script":"<script> [776 bytes]","args":[{"enterText":"Rosario","selector":{"id":"application-managesites-display-component---NewSite--addressDetailDetailsCity1","interaction":{"idSuffix":"inner"}},"clearTextFirst":true,"interactionType":"ENTER_TEXT"}]}
COMMAND: POST /session/673ee8da6ae2a3036ac170eb6294f89d/execute/async - {"script":"<script> [1562 bytes]","args":[{"selector":{"id":"application-managesites-display-component---NewSite--addressDetailDetailsCountry-arrow"},"wdio_ui5_key":"applicationmanagesites-display-component---NewSite--addressDetailDetailsCountry-arrow"}]}
RESULT: {"script":"<script> [1562 bytes]","args":[{"selector":{"id":"application-managesites-display-component---NewSite--addressDetailDetailsCountry-arrow"},"wdio_ui5_key":"applicationmanagesites-display-component---NewSite--addressDetailDetailsCountry-arrow"}]}
RESULT: undefined
COMMAND: POST /session/673ee8da6ae2a3036ac170eb6294f89d/element - {"using":"xpath","value":"//*[@id=\"application-managesites-display-component---NewSite--addressDetailDetailsCountry-arrow\"]"}
RESULT: {"using":"xpath","value":"//*[@id=\"application-managesites-display-component---NewSite--addressDetailDetailsCountry-arrow\"]"}
COMMAND: POST /session/673ee8da6ae2a3036ac170eb6294f89d/element/f.D876D0B9E4FB8B9E585720C2FE40BD5D.d.8E9902481891869F8D67AF8AC8AE2DCB.e.8525/click - {}
RESULT: {}
COMMAND: POST /session/673ee8da6ae2a3036ac170eb6294f89d/element - {"using":"xpath","value":"//span[contains(text(), \"Argentina\")]"}
COMMAND: GET /session/673ee8da6ae2a3036ac170eb6294f89d/screenshot - {}
RESULT: {"using":"xpath","value":"//span[contains(text(), \"Argentina\")]"}
COMMAND: POST /session/673ee8da6ae2a3036ac170eb6294f89d/element/f.D876D0B9E4FB8B9E585720C2FE40BD5D.d.8E9902481891869F8D67AF8AC8AE2DCB.e.8526/click - {}
RESULT: {}
RESULT: {}
COMMAND: GET /session/673ee8da6ae2a3036ac170eb6294f89d/screenshot - {}
RESULT: {}
COMMAND: POST /session/673ee8da6ae2a3036ac170eb6294f89d/execute/async - {"script":"<script> [1562 bytes]","args":[{"selector":{"id":"application-managesites-display-component---NewSite--addressEditDetailsCostObjectCstType-arrow"},"wdio_ui5_key":"applicationmanagesites-display-component---NewSite--addressEditDetailsCostObjectCstType-arrow"}]}
RESULT: {"script":"<script> [1562 bytes]","args":[{"selector":{"id":"application-managesites-display-component---NewSite--addressEditDetailsCostObjectCstType-arrow"},"wdio_ui5_key":"applicationmanagesites-display-component---NewSite--addressEditDetailsCostObjectCstType-arrow"}]}
RESULT: undefined
COMMAND: POST /session/673ee8da6ae2a3036ac170eb6294f89d/element - {"using":"xpath","value":"//*[@id=\"application-managesites-display-component---NewSite--addressEditDetailsCostObjectCstType-arrow\"]"}
RESULT: {"using":"xpath","value":"//*[@id=\"application-managesites-display-component---NewSite--addressEditDetailsCostObjectCstType-arrow\"]"}
COMMAND: POST /session/673ee8da6ae2a3036ac170eb6294f89d/element/f.D876D0B9E4FB8B9E585720C2FE40BD5D.d.8E9902481891869F8D67AF8AC8AE2DCB.e.8527/click - {}
RESULT: {}
COMMAND: POST /session/673ee8da6ae2a3036ac170eb6294f89d/element - {"using":"xpath","value":"//span[contains(text(), \"Cost Center\")]"}
COMMAND: GET /session/673ee8da6ae2a3036ac170eb6294f89d/screenshot - {}
RESULT: {"using":"xpath","value":"//span[contains(text(), \"Cost Center\")]"}
COMMAND: POST /session/673ee8da6ae2a3036ac170eb6294f89d/element/f.D876D0B9E4FB8B9E585720C2FE40BD5D.d.8E9902481891869F8D67AF8AC8AE2DCB.e.8528/click - {}
RESULT: {}
RESULT: {}
COMMAND: GET /session/673ee8da6ae2a3036ac170eb6294f89d/screenshot - {}
RESULT: {}
COMMAND: POST /session/673ee8da6ae2a3036ac170eb6294f89d/element - {"using":"xpath","value":"//span[@id=\"application-managesites-display-component---NewSite--addressNewCostObjectCstID-vhi\"]"}
RESULT: {"using":"xpath","value":"//span[@id=\"application-managesites-display-component---NewSite--addressNewCostObjectCstID-vhi\"]"}
COMMAND: POST /session/673ee8da6ae2a3036ac170eb6294f89d/execute/sync - {"script":"<script> [8489 bytes]","args":[{"element-6066-11e4-a52e-4f735466cecf":"f.D876D0B9E4FB8B9E585720C2FE40BD5D.d.8E9902481891869F8D67AF8AC8AE2DCB.e.8533","ELEMENT":"f.D876D0B9E4FB8B9E585720C2FE40BD5D.d.8E9902481891869F8D67AF8AC8AE2DCB.e.8533"}]}
RESULT: {"script":"<script> [8489 bytes]","args":[{"element-6066-11e4-a52e-4f735466cecf":"f.D876D0B9E4FB8B9E585720C2FE40BD5D.d.8E9902481891869F8D67AF8AC8AE2DCB.e.8533","ELEMENT":"f.D876D0B9E4FB8B9E585720C2FE40BD5D.d.8E9902481891869F8D67AF8AC8AE2DCB.e.8533"}]}
COMMAND: POST /session/673ee8da6ae2a3036ac170eb6294f89d/execute/async - {"script":"<script> [1562 bytes]","args":[{"selector":{"id":"application-managesites-display-component---NewSite--addressNewCostObjectCstID-vhi"},"wdio_ui5_key":"applicationmanagesites-display-component---NewSite--addressNewCostObjectCstID-vhi"}]}
COMMAND: GET /session/673ee8da6ae2a3036ac170eb6294f89d/screenshot - {}
RESULT: {"script":"<script> [1562 bytes]","args":[{"selector":{"id":"application-managesites-display-component---NewSite--addressNewCostObjectCstID-vhi"},"wdio_ui5_key":"applicationmanagesites-display-component---NewSite--addressNewCostObjectCstID-vhi"}]}
RESULT: undefined
COMMAND: POST /session/673ee8da6ae2a3036ac170eb6294f89d/element - {"using":"xpath","value":"//*[@id=\"application-managesites-display-component---NewSite--addressNewCostObjectCstID-vhi\"]"}
RESULT: {}
RESULT: {"using":"xpath","value":"//*[@id=\"application-managesites-display-component---NewSite--addressNewCostObjectCstID-vhi\"]"}
COMMAND: POST /session/673ee8da6ae2a3036ac170eb6294f89d/element/f.D876D0B9E4FB8B9E585720C2FE40BD5D.d.8E9902481891869F8D67AF8AC8AE2DCB.e.8533/click - {}
RESULT: {}
COMMAND: GET /session/673ee8da6ae2a3036ac170eb6294f89d/screenshot - {}
RESULT: {}
RESULT: undefined
COMMAND: POST /session/673ee8da6ae2a3036ac170eb6294f89d/execute/async - {"script":"<script> [776 bytes]","args":[{"enterText":"10001013","selector":{"controlType":"sap.m.SearchField","properties":{"placeholder":"Search"},"searchOpenDialogs":true,"interaction":{"idSuffix":"I"}},"clearTextFirst":true,"interactionType":"ENTER_TEXT"}]}
RESULT: {"script":"<script> [776 bytes]","args":[{"enterText":"10001013","selector":{"controlType":"sap.m.SearchField","properties":{"placeholder":"Search"},"searchOpenDialogs":true,"interaction":{"idSuffix":"I"}},"clearTextFirst":true,"interactionType":"ENTER_TEXT"}]}
COMMAND: POST /session/673ee8da6ae2a3036ac170eb6294f89d/actions - {"actions":[{"id":"action28","type":"key","parameters":{},"actions":[{"type":"keyDown","value":"î€‡"},{"type":"pause","duration":10},{"type":"keyUp","value":"î€‡"}]}]}
RESULT: {"actions":[{"id":"action28","type":"key","parameters":{},"actions":[{"type":"keyDown","value":"î€‡"},{"type":"pause","duration":10},{"type":"keyUp","value":"î€‡"}]}]}
COMMAND: GET /session/673ee8da6ae2a3036ac170eb6294f89d/screenshot - {}
RESULT: {}
COMMAND: POST /session/673ee8da6ae2a3036ac170eb6294f89d/element - {"using":"xpath","value":"//span[contains(text(), \"General Management\")]"}
RESULT: {"using":"xpath","value":"//span[contains(text(), \"General Management\")]"}
COMMAND: POST /session/673ee8da6ae2a3036ac170eb6294f89d/element/f.D876D0B9E4FB8B9E585720C2FE40BD5D.d.8E9902481891869F8D67AF8AC8AE2DCB.e.8572/click - {}
RESULT: {}
COMMAND: GET /session/673ee8da6ae2a3036ac170eb6294f89d/screenshot - {}
RESULT: {}
COMMAND: POST /session/673ee8da6ae2a3036ac170eb6294f89d/element - {"using":"xpath","value":"//bdi[contains(text(), \"OK\")]"}
RESULT: {"using":"xpath","value":"//bdi[contains(text(), \"OK\")]"}
COMMAND: POST /session/673ee8da6ae2a3036ac170eb6294f89d/element/f.D876D0B9E4FB8B9E585720C2FE40BD5D.d.8E9902481891869F8D67AF8AC8AE2DCB.e.8573/click - {}
RESULT: {}
COMMAND: GET /session/673ee8da6ae2a3036ac170eb6294f89d/screenshot - {}
RESULT: {}
COMMAND: POST /session/673ee8da6ae2a3036ac170eb6294f89d/element - {"using":"xpath","value":"//input[@id=\"application-managesites-display-component---NewSite--addressDetailDetailsCalendar-inner\"]"}
RESULT: {"using":"xpath","value":"//input[@id=\"application-managesites-display-component---NewSite--addressDetailDetailsCalendar-inner\"]"}
COMMAND: POST /session/673ee8da6ae2a3036ac170eb6294f89d/element/f.D876D0B9E4FB8B9E585720C2FE40BD5D.d.8E9902481891869F8D67AF8AC8AE2DCB.e.8283/clear - {}
RESULT: {}
COMMAND: POST /session/673ee8da6ae2a3036ac170eb6294f89d/element/f.D876D0B9E4FB8B9E585720C2FE40BD5D.d.8E9902481891869F8D67AF8AC8AE2DCB.e.8283/value - {"text":"Unit"}
COMMAND: GET /session/673ee8da6ae2a3036ac170eb6294f89d/screenshot - {}
RESULT: {"text":"Unit"}
COMMAND: GET /session/673ee8da6ae2a3036ac170eb6294f89d/screenshot - {}
RESULT: {}
RESULT: {}
COMMAND: POST /session/673ee8da6ae2a3036ac170eb6294f89d/actions - {"actions":[{"id":"action29","type":"key","parameters":{},"actions":[{"type":"keyDown","value":"î€‡"},{"type":"pause","duration":10},{"type":"keyUp","value":"î€‡"}]}]}
RESULT: {"actions":[{"id":"action29","type":"key","parameters":{},"actions":[{"type":"keyDown","value":"î€‡"},{"type":"pause","duration":10},{"type":"keyUp","value":"î€‡"}]}]}
COMMAND: POST /session/673ee8da6ae2a3036ac170eb6294f89d/element - {"using":"xpath","value":"//input[@id=\"application-managesites-display-component---NewSite--addressDetailDetailsYard-inner\"]"}
COMMAND: GET /session/673ee8da6ae2a3036ac170eb6294f89d/screenshot - {}
RESULT: {"using":"xpath","value":"//input[@id=\"application-managesites-display-component---NewSite--addressDetailDetailsYard-inner\"]"}
COMMAND: POST /session/673ee8da6ae2a3036ac170eb6294f89d/element/f.D876D0B9E4FB8B9E585720C2FE40BD5D.d.8E9902481891869F8D67AF8AC8AE2DCB.e.8284/clear - {}
RESULT: {}
RESULT: {}
COMMAND: POST /session/673ee8da6ae2a3036ac170eb6294f89d/element/f.D876D0B9E4FB8B9E585720C2FE40BD5D.d.8E9902481891869F8D67AF8AC8AE2DCB.e.8284/value - {"text":"532"}
COMMAND: GET /session/673ee8da6ae2a3036ac170eb6294f89d/screenshot - {}
RESULT: {"text":"532"}
COMMAND: GET /session/673ee8da6ae2a3036ac170eb6294f89d/screenshot - {}
RESULT: {}
RESULT: {}
COMMAND: POST /session/673ee8da6ae2a3036ac170eb6294f89d/element - {"using":"xpath","value":"//li[.//span[text()='532']]"}
RESULT: {"using":"xpath","value":"//li[.//span[text()='532']]"}
COMMAND: POST /session/673ee8da6ae2a3036ac170eb6294f89d/element/f.D876D0B9E4FB8B9E585720C2FE40BD5D.d.8E9902481891869F8D67AF8AC8AE2DCB.e.8581/click - {}
RESULT: {}
COMMAND: GET /session/673ee8da6ae2a3036ac170eb6294f89d/screenshot - {}
RESULT: {}
COMMAND: POST /session/673ee8da6ae2a3036ac170eb6294f89d/element - {"using":"xpath","value":"//input[@id=\"application-managesites-display-component---NewSite--addressDetailDetailsPartner-inner\"]"}
RESULT: {"using":"xpath","value":"//input[@id=\"application-managesites-display-component---NewSite--addressDetailDetailsPartner-inner\"]"}
COMMAND: POST /session/673ee8da6ae2a3036ac170eb6294f89d/element - {"using":"xpath","value":"//input[@id=\"application-managesites-display-component---NewSite--addressDetailDetailsPartner-inner\"]"}
RESULT: {"using":"xpath","value":"//input[@id=\"application-managesites-display-component---NewSite--addressDetailDetailsPartner-inner\"]"}
COMMAND: POST /session/673ee8da6ae2a3036ac170eb6294f89d/element - {"using":"xpath","value":"//button[@data-kt=\"saveButton\"]"}
RESULT: {"using":"xpath","value":"//button[@data-kt=\"saveButton\"]"}
COMMAND: POST /session/673ee8da6ae2a3036ac170eb6294f89d/element/f.D876D0B9E4FB8B9E585720C2FE40BD5D.d.8E9902481891869F8D67AF8AC8AE2DCB.e.8461/click - {}
RESULT: {}
COMMAND: GET /session/673ee8da6ae2a3036ac170eb6294f89d/screenshot - {}
RESULT: {}
COMMAND: POST /session/673ee8da6ae2a3036ac170eb6294f89d/element - {"using":"xpath","value":"//header[contains(@id, 'ObjectPageLayout-headerTitle')]/div[1]/div[2]/div[2]/span[1]"}
RESULT: {"using":"xpath","value":"//header[contains(@id, 'ObjectPageLayout-headerTitle')]/div[1]/div[2]/div[2]/span[1]"}
COMMAND: POST /session/673ee8da6ae2a3036ac170eb6294f89d/elements - {"using":"xpath","value":"//header[contains(@id, 'ObjectPageLayout-headerTitle')]/div[1]/div[2]/div[2]/span[1]"}
RESULT: {"using":"xpath","value":"//header[contains(@id, 'ObjectPageLayout-headerTitle')]/div[1]/div[2]/div[2]/span[1]"}
COMMAND: POST /session/673ee8da6ae2a3036ac170eb6294f89d/execute/sync - {"script":"<script> [56 bytes]","args":[{"element-6066-11e4-a52e-4f735466cecf":"f.D876D0B9E4FB8B9E585720C2FE40BD5D.d.8E9902481891869F8D67AF8AC8AE2DCB.e.8784","ELEMENT":"f.D876D0B9E4FB8B9E585720C2FE40BD5D.d.8E9902481891869F8D67AF8AC8AE2DCB.e.8784"}]}
RESULT: {"script":"<script> [56 bytes]","args":[{"element-6066-11e4-a52e-4f735466cecf":"f.D876D0B9E4FB8B9E585720C2FE40BD5D.d.8E9902481891869F8D67AF8AC8AE2DCB.e.8784","ELEMENT":"f.D876D0B9E4FB8B9E585720C2FE40BD5D.d.8E9902481891869F8D67AF8AC8AE2DCB.e.8784"}]}
COMMAND: POST /session/673ee8da6ae2a3036ac170eb6294f89d/element - {"using":"css selector","value":"#shell-header-logo"}
COMMAND: GET /session/673ee8da6ae2a3036ac170eb6294f89d/screenshot - {}
RESULT: {"using":"css selector","value":"#shell-header-logo"}
COMMAND: POST /session/673ee8da6ae2a3036ac170eb6294f89d/element/f.D876D0B9E4FB8B9E585720C2FE40BD5D.d.8E9902481891869F8D67AF8AC8AE2DCB.e.7858/click - {}
RESULT: {}
RESULT: {}
COMMAND: GET /session/673ee8da6ae2a3036ac170eb6294f89d/screenshot - {}
RESULT: {}
COMMAND: POST /session/673ee8da6ae2a3036ac170eb6294f89d/execute/sync - {"script":"<script> [299 bytes]","args":[["getModel","getResource"]]}
RESULT: {"script":"<script> [299 bytes]","args":[["getModel","getResource"]]}
COMMAND: POST /session/673ee8da6ae2a3036ac170eb6294f89d/actions - {"actions":[{"id":"action30","type":"key","parameters":{},"actions":[{"type":"keyDown","value":"î€‡"},{"type":"pause","duration":10},{"type":"keyUp","value":"î€‡"}]}]}
COMMAND: GET /session/673ee8da6ae2a3036ac170eb6294f89d/screenshot - {}
RESULT: {"actions":[{"id":"action30","type":"key","parameters":{},"actions":[{"type":"keyDown","value":"î€‡"},{"type":"pause","duration":10},{"type":"keyUp","value":"î€‡"}]}]}
COMMAND: GET /session/673ee8da6ae2a3036ac170eb6294f89d/screenshot - {}
RESULT: {}
RESULT: {}
COMMAND: POST /session/673ee8da6ae2a3036ac170eb6294f89d/refresh - {}
RESULT: {}
COMMAND: GET /session/673ee8da6ae2a3036ac170eb6294f89d/screenshot - {}
RESULT: {}
COMMAND: POST /session/673ee8da6ae2a3036ac170eb6294f89d/refresh - {}
RESULT: {}
COMMAND: GET /session/673ee8da6ae2a3036ac170eb6294f89d/screenshot - {}
RESULT: {}
COMMAND: POST /session/673ee8da6ae2a3036ac170eb6294f89d/window/fullscreen - {}
RESULT: {}
COMMAND: POST /session/673ee8da6ae2a3036ac170eb6294f89d/execute/async - {"script":"<script> [189 bytes]","args":[]}
RESULT: {"script":"<script> [189 bytes]","args":[]}
COMMAND: POST /session/673ee8da6ae2a3036ac170eb6294f89d/execute/async - {"script":"<script> [123 bytes]","args":[]}
RESULT: {"script":"<script> [123 bytes]","args":[]}
COMMAND: POST /session/673ee8da6ae2a3036ac170eb6294f89d/timeouts - {"script":"<number>"}
RESULT: {"script":"<number>"}
COMMAND: GET /session/673ee8da6ae2a3036ac170eb6294f89d/timeouts - {}
RESULT: {}
RESULT: undefined
COMMAND: POST /session/673ee8da6ae2a3036ac170eb6294f89d/execute/async - {"script":"<script> [2676 bytes]","args":[]}
RESULT: {"script":"<script> [2676 bytes]","args":[]}
COMMAND: POST /session/673ee8da6ae2a3036ac170eb6294f89d/execute/async - {"script":"<script> [2342 bytes]","args":[{"protocol":"http","hostname":"0.0.0.0","path":"/","capabilities":{"browserName":"chrome","goog:chromeOptions":{"binary":"C:\\Program Files\\Google\\Chrome\\Application\\chrome.exe","args":["--start-maximized"]}},"logLevel":"warn","connectionRetryTimeout":120000,"connectionRetryCount":3,"logLevels":{},"enableDirectConnect":true,"strictSSL":true,"_":"65 more keys: [\"cacheDir\",\"port\",\"requestedCapabilities\",\"automationProtocol\",\"baseUrl\",\"waitforInterval\",\"waitforTimeout\",\"onReload\",\"beforeCommand\",\"afterCommand\",\"rootDir\",\"specs\",\"suites\",\"exclude\",\"groupLogsByTestSpec\",\"excludeDriverLogs\",\"bail\",\"framework\",\"reporters\",\"services\",\"maxInstances\",\"maxInstancesPerCapability\",\"injectGlobals\",\"filesToWatch\",\"execArgv\",\"runnerEnv\",\"runner\",\"shard\",\"specFileRetries\",\"specFileRetriesDelay\",\"specFileRetriesDeferred\",\"reporterSyncInterval\",\"reporterSyncTimeout\",\"cucumberFeaturesWithLineNumbers\",\"autoCompileOpts\",\"mochaOpts\",\"jasmineOpts\",\"cucumberOpts\",\"onPrepare\",\"onWorkerStart\",\"onWorkerEnd\",\"before\",\"beforeSession\",\"beforeSuite\",\"beforeHook\",\"beforeTest\",\"afterTest\",\"afterHook\",\"afterSuite\",\"afterSession\",\"after\",\"onComplete\",\"beforeAssertion\",\"afterAssertion\",\"beforeFeature\",\"beforeScenario\",\"beforeStep\",\"afterStep\",\"afterScenario\",\"afterFeature\",\"_\",\"suite\",\"$0\",\"ignoredWorkerServices\",\"wdi5\"]"}]}
RESULT: {"script":"<script> [2342 bytes]","args":[{"protocol":"http","hostname":"0.0.0.0","path":"/","capabilities":{"browserName":"chrome","goog:chromeOptions":{"binary":"C:\\Program Files\\Google\\Chrome\\Application\\chrome.exe","args":["--start-maximized"]}},"logLevel":"warn","connectionRetryTimeout":120000,"connectionRetryCount":3,"logLevels":{},"enableDirectConnect":true,"strictSSL":true,"_":"65 more keys: [\"cacheDir\",\"port\",\"requestedCapabilities\",\"automationProtocol\",\"baseUrl\",\"waitforInterval\",\"waitforTimeout\",\"onReload\",\"beforeCommand\",\"afterCommand\",\"rootDir\",\"specs\",\"suites\",\"exclude\",\"groupLogsByTestSpec\",\"excludeDriverLogs\",\"bail\",\"framework\",\"reporters\",\"services\",\"maxInstances\",\"maxInstancesPerCapability\",\"injectGlobals\",\"filesToWatch\",\"execArgv\",\"runnerEnv\",\"runner\",\"shard\",\"specFileRetries\",\"specFileRetriesDelay\",\"specFileRetriesDeferred\",\"reporterSyncInterval\",\"reporterSyncTimeout\",\"cucumberFeaturesWithLineNumbers\",\"autoCompileOpts\",\"mochaOpts\",\"jasmineOpts\",\"cucumberOpts\",\"onPrepare\",\"onWorkerStart\",\"onWorkerEnd\",\"before\",\"beforeSession\",\"beforeSuite\",\"beforeHook\",\"beforeTest\",\"afterTest\",\"afterHook\",\"afterSuite\",\"afterSession\",\"after\",\"onComplete\",\"beforeAssertion\",\"afterAssertion\",\"beforeFeature\",\"beforeScenario\",\"beforeStep\",\"afterStep\",\"afterScenario\",\"afterFeature\",\"_\",\"suite\",\"$0\",\"ignoredWorkerServices\",\"wdi5\"]"}]}
COMMAND: POST /session/673ee8da6ae2a3036ac170eb6294f89d/execute/async - {"script":"<script> [21126 bytes]","args":[35000]}
RESULT: {"script":"<script> [21126 bytes]","args":[35000]}
COMMAND: POST /session/673ee8da6ae2a3036ac170eb6294f89d/window/fullscreen - {}
RESULT: {}
]]></system-out>
    </testcase>
    <testcase classname="chrome.136_0_7103_93.windows.Billing_Transfer_-_Intracompany_US127249" name="Should create a new equipment" time="129.886">
      <system-out><![CDATA[
COMMAND: POST /session/673ee8da6ae2a3036ac170eb6294f89d/execute/async - {"script":"<script> [1562 bytes]","args":[{"selector":{"controlType":"sap.m.GenericTile","properties":{"header":"Manage Resources"}},"wdio_ui5_key":"sapm.GenericTile{\"header\":\"Manage Resources\"}"}]}
RESULT: {"script":"<script> [1562 bytes]","args":[{"selector":{"controlType":"sap.m.GenericTile","properties":{"header":"Manage Resources"}},"wdio_ui5_key":"sapm.GenericTile{\"header\":\"Manage Resources\"}"}]}
RESULT: undefined
COMMAND: POST /session/673ee8da6ae2a3036ac170eb6294f89d/element - {"using":"xpath","value":"//*[@id=\"__tile31\"]"}
RESULT: {"using":"xpath","value":"//*[@id=\"__tile31\"]"}
COMMAND: POST /session/673ee8da6ae2a3036ac170eb6294f89d/element/f.D876D0B9E4FB8B9E585720C2FE40BD5D.d.1A94E0C27CBC187B8B1B74327A28B579.e.8855/click - {}
RESULT: {}
COMMAND: GET /session/673ee8da6ae2a3036ac170eb6294f89d/screenshot - {}
RESULT: {}
COMMAND: POST /session/673ee8da6ae2a3036ac170eb6294f89d/elements - {"using":"xpath","value":"//span[text()='Error']"}
RESULT: {"using":"xpath","value":"//span[text()='Error']"}
COMMAND: POST /session/673ee8da6ae2a3036ac170eb6294f89d/element - {"using":"xpath","value":"//button[@data-kt=\"addNewRUOverflowToolbarButton\"]"}
RESULT: {"using":"xpath","value":"//button[@data-kt=\"addNewRUOverflowToolbarButton\"]"}
COMMAND: POST /session/673ee8da6ae2a3036ac170eb6294f89d/elements - {"using":"xpath","value":"//button[@data-kt=\"addNewRUOverflowToolbarButton\"]"}
RESULT: {"using":"xpath","value":"//button[@data-kt=\"addNewRUOverflowToolbarButton\"]"}
COMMAND: POST /session/673ee8da6ae2a3036ac170eb6294f89d/elements - {"using":"xpath","value":"//button[@data-kt=\"addNewRUOverflowToolbarButton\"]"}
RESULT: {"using":"xpath","value":"//button[@data-kt=\"addNewRUOverflowToolbarButton\"]"}
COMMAND: POST /session/673ee8da6ae2a3036ac170eb6294f89d/elements - {"using":"xpath","value":"//button[@data-kt=\"addNewRUOverflowToolbarButton\"]"}
RESULT: {"using":"xpath","value":"//button[@data-kt=\"addNewRUOverflowToolbarButton\"]"}
COMMAND: POST /session/673ee8da6ae2a3036ac170eb6294f89d/elements - {"using":"xpath","value":"//button[@data-kt=\"addNewRUOverflowToolbarButton\"]"}
RESULT: {"using":"xpath","value":"//button[@data-kt=\"addNewRUOverflowToolbarButton\"]"}
COMMAND: POST /session/673ee8da6ae2a3036ac170eb6294f89d/elements - {"using":"xpath","value":"//button[@data-kt=\"addNewRUOverflowToolbarButton\"]"}
RESULT: {"using":"xpath","value":"//button[@data-kt=\"addNewRUOverflowToolbarButton\"]"}
COMMAND: POST /session/673ee8da6ae2a3036ac170eb6294f89d/elements - {"using":"xpath","value":"//button[@data-kt=\"addNewRUOverflowToolbarButton\"]"}
RESULT: {"using":"xpath","value":"//button[@data-kt=\"addNewRUOverflowToolbarButton\"]"}
COMMAND: POST /session/673ee8da6ae2a3036ac170eb6294f89d/element - {"using":"xpath","value":"//button[@data-kt=\"addNewRUOverflowToolbarButton\"]"}
RESULT: {"using":"xpath","value":"//button[@data-kt=\"addNewRUOverflowToolbarButton\"]"}
COMMAND: POST /session/673ee8da6ae2a3036ac170eb6294f89d/execute/sync - {"script":"<script> [8489 bytes]","args":[{"element-6066-11e4-a52e-4f735466cecf":"f.D876D0B9E4FB8B9E585720C2FE40BD5D.d.1A94E0C27CBC187B8B1B74327A28B579.e.8958","ELEMENT":"f.D876D0B9E4FB8B9E585720C2FE40BD5D.d.1A94E0C27CBC187B8B1B74327A28B579.e.8958"}]}
RESULT: {"script":"<script> [8489 bytes]","args":[{"element-6066-11e4-a52e-4f735466cecf":"f.D876D0B9E4FB8B9E585720C2FE40BD5D.d.1A94E0C27CBC187B8B1B74327A28B579.e.8958","ELEMENT":"f.D876D0B9E4FB8B9E585720C2FE40BD5D.d.1A94E0C27CBC187B8B1B74327A28B579.e.8958"}]}
COMMAND: GET /session/673ee8da6ae2a3036ac170eb6294f89d/element/f.D876D0B9E4FB8B9E585720C2FE40BD5D.d.1A94E0C27CBC187B8B1B74327A28B579.e.8958/enabled - {}
COMMAND: GET /session/673ee8da6ae2a3036ac170eb6294f89d/screenshot - {}
RESULT: {}
COMMAND: POST /session/673ee8da6ae2a3036ac170eb6294f89d/execute/sync - {"script":"<script> [8489 bytes]","args":[{"element-6066-11e4-a52e-4f735466cecf":"f.D876D0B9E4FB8B9E585720C2FE40BD5D.d.1A94E0C27CBC187B8B1B74327A28B579.e.8958","ELEMENT":"f.D876D0B9E4FB8B9E585720C2FE40BD5D.d.1A94E0C27CBC187B8B1B74327A28B579.e.8958"}]}
COMMAND: GET /session/673ee8da6ae2a3036ac170eb6294f89d/screenshot - {}
RESULT: {}
RESULT: {"script":"<script> [8489 bytes]","args":[{"element-6066-11e4-a52e-4f735466cecf":"f.D876D0B9E4FB8B9E585720C2FE40BD5D.d.1A94E0C27CBC187B8B1B74327A28B579.e.8958","ELEMENT":"f.D876D0B9E4FB8B9E585720C2FE40BD5D.d.1A94E0C27CBC187B8B1B74327A28B579.e.8958"}]}
COMMAND: POST /session/673ee8da6ae2a3036ac170eb6294f89d/execute/sync - {"script":"<script> [5351 bytes]","args":[{"element-6066-11e4-a52e-4f735466cecf":"f.D876D0B9E4FB8B9E585720C2FE40BD5D.d.1A94E0C27CBC187B8B1B74327A28B579.e.8958","ELEMENT":"f.D876D0B9E4FB8B9E585720C2FE40BD5D.d.1A94E0C27CBC187B8B1B74327A28B579.e.8958"}]}
COMMAND: GET /session/673ee8da6ae2a3036ac170eb6294f89d/screenshot - {}
RESULT: {}
RESULT: {"script":"<script> [5351 bytes]","args":[{"element-6066-11e4-a52e-4f735466cecf":"f.D876D0B9E4FB8B9E585720C2FE40BD5D.d.1A94E0C27CBC187B8B1B74327A28B579.e.8958","ELEMENT":"f.D876D0B9E4FB8B9E585720C2FE40BD5D.d.1A94E0C27CBC187B8B1B74327A28B579.e.8958"}]}
COMMAND: POST /session/673ee8da6ae2a3036ac170eb6294f89d/element/f.D876D0B9E4FB8B9E585720C2FE40BD5D.d.1A94E0C27CBC187B8B1B74327A28B579.e.8958/click - {}
COMMAND: GET /session/673ee8da6ae2a3036ac170eb6294f89d/screenshot - {}
RESULT: {}
RESULT: {}
COMMAND: GET /session/673ee8da6ae2a3036ac170eb6294f89d/screenshot - {}
RESULT: {}
RESULT: {}
COMMAND: POST /session/673ee8da6ae2a3036ac170eb6294f89d/execute/async - {"script":"<script> [1562 bytes]","args":[{"selector":{"id":"application-manageresources-display-component---newResourceUnit--TYPE-arrow"},"wdio_ui5_key":"applicationmanageresources-display-component---newResourceUnit--TYPE-arrow"}]}
RESULT: {"script":"<script> [1562 bytes]","args":[{"selector":{"id":"application-manageresources-display-component---newResourceUnit--TYPE-arrow"},"wdio_ui5_key":"applicationmanageresources-display-component---newResourceUnit--TYPE-arrow"}]}
RESULT: undefined
COMMAND: POST /session/673ee8da6ae2a3036ac170eb6294f89d/element - {"using":"xpath","value":"//*[@id=\"application-manageresources-display-component---newResourceUnit--TYPE-arrow\"]"}
RESULT: {"using":"xpath","value":"//*[@id=\"application-manageresources-display-component---newResourceUnit--TYPE-arrow\"]"}
COMMAND: POST /session/673ee8da6ae2a3036ac170eb6294f89d/element/f.D876D0B9E4FB8B9E585720C2FE40BD5D.d.1A94E0C27CBC187B8B1B74327A28B579.e.9330/click - {}
RESULT: {}
COMMAND: POST /session/673ee8da6ae2a3036ac170eb6294f89d/element - {"using":"xpath","value":"//input[@id=\"application-manageresources-display-component---newResourceUnit--TYPE-inner\"]"}
COMMAND: GET /session/673ee8da6ae2a3036ac170eb6294f89d/screenshot - {}
RESULT: {"using":"xpath","value":"//input[@id=\"application-manageresources-display-component---newResourceUnit--TYPE-inner\"]"}
COMMAND: POST /session/673ee8da6ae2a3036ac170eb6294f89d/element/f.D876D0B9E4FB8B9E585720C2FE40BD5D.d.1A94E0C27CBC187B8B1B74327A28B579.e.9312/clear - {}
RESULT: {}
RESULT: {}
COMMAND: POST /session/673ee8da6ae2a3036ac170eb6294f89d/element/f.D876D0B9E4FB8B9E585720C2FE40BD5D.d.1A94E0C27CBC187B8B1B74327A28B579.e.9312/value - {"text":"Equipment"}
COMMAND: GET /session/673ee8da6ae2a3036ac170eb6294f89d/screenshot - {}
RESULT: {"text":"Equipment"}
COMMAND: GET /session/673ee8da6ae2a3036ac170eb6294f89d/screenshot - {}
RESULT: {}
RESULT: {}
COMMAND: POST /session/673ee8da6ae2a3036ac170eb6294f89d/actions - {"actions":[{"id":"action31","type":"key","parameters":{},"actions":[{"type":"keyDown","value":"î€‡"},{"type":"pause","duration":10},{"type":"keyUp","value":"î€‡"}]}]}
RESULT: {"actions":[{"id":"action31","type":"key","parameters":{},"actions":[{"type":"keyDown","value":"î€‡"},{"type":"pause","duration":10},{"type":"keyUp","value":"î€‡"}]}]}
COMMAND: POST /session/673ee8da6ae2a3036ac170eb6294f89d/execute/async - {"script":"<script> [1562 bytes]","args":[{"selector":{"id":"application-manageresources-display-component---newResourceUnit--resourceId","interaction":{"idSuffix":"inner"}},"wdio_ui5_key":"applicationmanageresources-display-component---newResourceUnit--resourceId"}]}
COMMAND: GET /session/673ee8da6ae2a3036ac170eb6294f89d/screenshot - {}
RESULT: {"script":"<script> [1562 bytes]","args":[{"selector":{"id":"application-manageresources-display-component---newResourceUnit--resourceId","interaction":{"idSuffix":"inner"}},"wdio_ui5_key":"applicationmanageresources-display-component---newResourceUnit--resourceId"}]}
RESULT: undefined
COMMAND: POST /session/673ee8da6ae2a3036ac170eb6294f89d/execute/async - {"script":"<script> [776 bytes]","args":[{"enterText":"uJWUWqcVQY","selector":{"id":"application-manageresources-display-component---newResourceUnit--resourceId","interaction":{"idSuffix":"inner"}},"clearTextFirst":true,"interactionType":"ENTER_TEXT"}]}
RESULT: {}
RESULT: {"script":"<script> [776 bytes]","args":[{"enterText":"uJWUWqcVQY","selector":{"id":"application-manageresources-display-component---newResourceUnit--resourceId","interaction":{"idSuffix":"inner"}},"clearTextFirst":true,"interactionType":"ENTER_TEXT"}]}
COMMAND: POST /session/673ee8da6ae2a3036ac170eb6294f89d/execute/async - {"script":"<script> [1562 bytes]","args":[{"selector":{"id":"application-manageresources-display-component---newResourceUnit--SHORT_TEXT","interaction":{"idSuffix":"inner"}},"wdio_ui5_key":"applicationmanageresources-display-component---newResourceUnit--SHORT_TEXT"}]}
RESULT: {"script":"<script> [1562 bytes]","args":[{"selector":{"id":"application-manageresources-display-component---newResourceUnit--SHORT_TEXT","interaction":{"idSuffix":"inner"}},"wdio_ui5_key":"applicationmanageresources-display-component---newResourceUnit--SHORT_TEXT"}]}
RESULT: undefined
COMMAND: POST /session/673ee8da6ae2a3036ac170eb6294f89d/execute/async - {"script":"<script> [776 bytes]","args":[{"enterText":"Intercompany Equipment WDIO","selector":{"id":"application-manageresources-display-component---newResourceUnit--SHORT_TEXT","interaction":{"idSuffix":"inner"}},"clearTextFirst":true,"interactionType":"ENTER_TEXT"}]}
RESULT: {"script":"<script> [776 bytes]","args":[{"enterText":"Intercompany Equipment WDIO","selector":{"id":"application-manageresources-display-component---newResourceUnit--SHORT_TEXT","interaction":{"idSuffix":"inner"}},"clearTextFirst":true,"interactionType":"ENTER_TEXT"}]}
COMMAND: POST /session/673ee8da6ae2a3036ac170eb6294f89d/execute/async - {"script":"<script> [1562 bytes]","args":[{"selector":{"id":"application-manageresources-display-component---newResourceUnit--BASE_UNIT_OF_MEASURE","interaction":{"idSuffix":"inner"}},"wdio_ui5_key":"applicationmanageresources-display-component---newResourceUnit--BASE_UNIT_OF_MEASURE"}]}
RESULT: {"script":"<script> [1562 bytes]","args":[{"selector":{"id":"application-manageresources-display-component---newResourceUnit--BASE_UNIT_OF_MEASURE","interaction":{"idSuffix":"inner"}},"wdio_ui5_key":"applicationmanageresources-display-component---newResourceUnit--BASE_UNIT_OF_MEASURE"}]}
RESULT: undefined
COMMAND: POST /session/673ee8da6ae2a3036ac170eb6294f89d/execute/async - {"script":"<script> [776 bytes]","args":[{"enterText":"Piece","selector":{"id":"application-manageresources-display-component---newResourceUnit--BASE_UNIT_OF_MEASURE","interaction":{"idSuffix":"inner"}},"clearTextFirst":true,"interactionType":"ENTER_TEXT"}]}
RESULT: {"script":"<script> [776 bytes]","args":[{"enterText":"Piece","selector":{"id":"application-manageresources-display-component---newResourceUnit--BASE_UNIT_OF_MEASURE","interaction":{"idSuffix":"inner"}},"clearTextFirst":true,"interactionType":"ENTER_TEXT"}]}
COMMAND: POST /session/673ee8da6ae2a3036ac170eb6294f89d/execute/async - {"script":"<script> [1562 bytes]","args":[{"selector":{"id":"application-manageresources-display-component---newResourceUnit--WEIGHT_UNIT","interaction":{"idSuffix":"inner"}},"wdio_ui5_key":"applicationmanageresources-display-component---newResourceUnit--WEIGHT_UNIT"}]}
RESULT: {"script":"<script> [1562 bytes]","args":[{"selector":{"id":"application-manageresources-display-component---newResourceUnit--WEIGHT_UNIT","interaction":{"idSuffix":"inner"}},"wdio_ui5_key":"applicationmanageresources-display-component---newResourceUnit--WEIGHT_UNIT"}]}
RESULT: undefined
COMMAND: POST /session/673ee8da6ae2a3036ac170eb6294f89d/execute/async - {"script":"<script> [776 bytes]","args":[{"enterText":"Gram","selector":{"id":"application-manageresources-display-component---newResourceUnit--WEIGHT_UNIT","interaction":{"idSuffix":"inner"}},"clearTextFirst":true,"interactionType":"ENTER_TEXT"}]}
RESULT: {"script":"<script> [776 bytes]","args":[{"enterText":"Gram","selector":{"id":"application-manageresources-display-component---newResourceUnit--WEIGHT_UNIT","interaction":{"idSuffix":"inner"}},"clearTextFirst":true,"interactionType":"ENTER_TEXT"}]}
COMMAND: POST /session/673ee8da6ae2a3036ac170eb6294f89d/execute/async - {"script":"<script> [1562 bytes]","args":[{"selector":{"id":"application-manageresources-display-component---newResourceUnit--DIMENSION_UNIT","interaction":{"idSuffix":"inner"}},"wdio_ui5_key":"applicationmanageresources-display-component---newResourceUnit--DIMENSION_UNIT"}]}
RESULT: {"script":"<script> [1562 bytes]","args":[{"selector":{"id":"application-manageresources-display-component---newResourceUnit--DIMENSION_UNIT","interaction":{"idSuffix":"inner"}},"wdio_ui5_key":"applicationmanageresources-display-component---newResourceUnit--DIMENSION_UNIT"}]}
RESULT: undefined
COMMAND: POST /session/673ee8da6ae2a3036ac170eb6294f89d/execute/async - {"script":"<script> [776 bytes]","args":[{"enterText":"Meter","selector":{"id":"application-manageresources-display-component---newResourceUnit--DIMENSION_UNIT","interaction":{"idSuffix":"inner"}},"clearTextFirst":true,"interactionType":"ENTER_TEXT"}]}
RESULT: {"script":"<script> [776 bytes]","args":[{"enterText":"Meter","selector":{"id":"application-manageresources-display-component---newResourceUnit--DIMENSION_UNIT","interaction":{"idSuffix":"inner"}},"clearTextFirst":true,"interactionType":"ENTER_TEXT"}]}
COMMAND: POST /session/673ee8da6ae2a3036ac170eb6294f89d/execute/async - {"script":"<script> [1562 bytes]","args":[{"selector":{"id":"application-manageresources-display-component---newResourceUnit--newRRUPage-anchBar-application-manageresources-display-component---newResourceUnit--control-anchor","interaction":{"idSuffix":"BDI-content"}},"wdio_ui5_key":"applicationmanageresources-display-component---newResourceUnit--newRRUPage-anchBar-application-manageresources-display-component---newResourceUnit--control-anchor"}]}
RESULT: {"script":"<script> [1562 bytes]","args":[{"selector":{"id":"application-manageresources-display-component---newResourceUnit--newRRUPage-anchBar-application-manageresources-display-component---newResourceUnit--control-anchor","interaction":{"idSuffix":"BDI-content"}},"wdio_ui5_key":"applicationmanageresources-display-component---newResourceUnit--newRRUPage-anchBar-application-manageresources-display-component---newResourceUnit--control-anchor"}]}
RESULT: undefined
COMMAND: POST /session/673ee8da6ae2a3036ac170eb6294f89d/element - {"using":"xpath","value":"//*[@id=\"application-manageresources-display-component---newResourceUnit--newRRUPage-anchBar-application-manageresources-display-component---newResourceUnit--control-anchor\"]"}
RESULT: {"using":"xpath","value":"//*[@id=\"application-manageresources-display-component---newResourceUnit--newRRUPage-anchBar-application-manageresources-display-component---newResourceUnit--control-anchor\"]"}
COMMAND: POST /session/673ee8da6ae2a3036ac170eb6294f89d/element/f.D876D0B9E4FB8B9E585720C2FE40BD5D.d.1A94E0C27CBC187B8B1B74327A28B579.e.9462/click - {}
RESULT: {}
COMMAND: POST /session/673ee8da6ae2a3036ac170eb6294f89d/execute/async - {"script":"<script> [1562 bytes]","args":[{"selector":{"id":"application-manageresources-display-component---newResourceUnit--PLANNING_GROUP","interaction":{"idSuffix":"inner"}},"wdio_ui5_key":"applicationmanageresources-display-component---newResourceUnit--PLANNING_GROUP"}]}
COMMAND: GET /session/673ee8da6ae2a3036ac170eb6294f89d/screenshot - {}
RESULT: {"script":"<script> [1562 bytes]","args":[{"selector":{"id":"application-manageresources-display-component---newResourceUnit--PLANNING_GROUP","interaction":{"idSuffix":"inner"}},"wdio_ui5_key":"applicationmanageresources-display-component---newResourceUnit--PLANNING_GROUP"}]}
RESULT: undefined
COMMAND: POST /session/673ee8da6ae2a3036ac170eb6294f89d/execute/async - {"script":"<script> [776 bytes]","args":[{"enterText":"Heavy Equi","selector":{"id":"application-manageresources-display-component---newResourceUnit--PLANNING_GROUP","interaction":{"idSuffix":"inner"}},"clearTextFirst":true,"interactionType":"ENTER_TEXT"}]}
RESULT: {}
RESULT: {"script":"<script> [776 bytes]","args":[{"enterText":"Heavy Equi","selector":{"id":"application-manageresources-display-component---newResourceUnit--PLANNING_GROUP","interaction":{"idSuffix":"inner"}},"clearTextFirst":true,"interactionType":"ENTER_TEXT"}]}
COMMAND: POST /session/673ee8da6ae2a3036ac170eb6294f89d/execute/async - {"script":"<script> [1562 bytes]","args":[{"selector":{"id":"application-manageresources-display-component---newResourceUnit--ITEM_TYPE-arrow"},"wdio_ui5_key":"applicationmanageresources-display-component---newResourceUnit--ITEM_TYPE-arrow"}]}
RESULT: {"script":"<script> [1562 bytes]","args":[{"selector":{"id":"application-manageresources-display-component---newResourceUnit--ITEM_TYPE-arrow"},"wdio_ui5_key":"applicationmanageresources-display-component---newResourceUnit--ITEM_TYPE-arrow"}]}
RESULT: undefined
COMMAND: POST /session/673ee8da6ae2a3036ac170eb6294f89d/element - {"using":"xpath","value":"//*[@id=\"application-manageresources-display-component---newResourceUnit--ITEM_TYPE-arrow\"]"}
RESULT: {"using":"xpath","value":"//*[@id=\"application-manageresources-display-component---newResourceUnit--ITEM_TYPE-arrow\"]"}
COMMAND: POST /session/673ee8da6ae2a3036ac170eb6294f89d/element/f.D876D0B9E4FB8B9E585720C2FE40BD5D.d.1A94E0C27CBC187B8B1B74327A28B579.e.9469/click - {}
RESULT: {}
COMMAND: POST /session/673ee8da6ae2a3036ac170eb6294f89d/element - {"using":"xpath","value":"(//span[contains(text(), \"Resource Unit\")])[2]"}
COMMAND: GET /session/673ee8da6ae2a3036ac170eb6294f89d/screenshot - {}
RESULT: {"using":"xpath","value":"(//span[contains(text(), \"Resource Unit\")])[2]"}
COMMAND: POST /session/673ee8da6ae2a3036ac170eb6294f89d/element/f.D876D0B9E4FB8B9E585720C2FE40BD5D.d.1A94E0C27CBC187B8B1B74327A28B579.e.9470/click - {}
RESULT: {}
RESULT: {}
COMMAND: GET /session/673ee8da6ae2a3036ac170eb6294f89d/screenshot - {}
RESULT: {}
COMMAND: POST /session/673ee8da6ae2a3036ac170eb6294f89d/element - {"using":"css selector","value":"#application-manageresources-display-component---newResourceUnit--btnAddTimeSegment"}
RESULT: {"using":"css selector","value":"#application-manageresources-display-component---newResourceUnit--btnAddTimeSegment"}
COMMAND: GET /session/673ee8da6ae2a3036ac170eb6294f89d/element/f.D876D0B9E4FB8B9E585720C2FE40BD5D.d.1A94E0C27CBC187B8B1B74327A28B579.e.9471/rect - {}
RESULT: {}
COMMAND: GET /session/673ee8da6ae2a3036ac170eb6294f89d/window/rect - {}
RESULT: {}
COMMAND: POST /session/673ee8da6ae2a3036ac170eb6294f89d/execute/sync - {"script":"<script> [92 bytes]","args":[]}
RESULT: {"script":"<script> [92 bytes]","args":[]}
COMMAND: POST /session/673ee8da6ae2a3036ac170eb6294f89d/actions - {"actions":[{"id":"action32","type":"wheel","parameters":{},"actions":[{"type":"scroll","x":-1888,"y":-32,"deltaX":0,"deltaY":0,"duration":0,"origin":{"element-6066-11e4-a52e-4f735466cecf":"f.D876D0B9E4FB8B9E585720C2FE40BD5D.d.1A94E0C27CBC187B8B1B74327A28B579.e.9471"}}]}]}
COMMAND: GET /session/673ee8da6ae2a3036ac170eb6294f89d/screenshot - {}
RESULT: {}
COMMAND: POST /session/673ee8da6ae2a3036ac170eb6294f89d/execute/sync - {"script":"<script> [79 bytes]","args":[{"element-6066-11e4-a52e-4f735466cecf":"f.D876D0B9E4FB8B9E585720C2FE40BD5D.d.1A94E0C27CBC187B8B1B74327A28B579.e.9471","ELEMENT":"f.D876D0B9E4FB8B9E585720C2FE40BD5D.d.1A94E0C27CBC187B8B1B74327A28B579.e.9471"},{"block":"start","inline":"nearest"}]}
RESULT: {"script":"<script> [79 bytes]","args":[{"element-6066-11e4-a52e-4f735466cecf":"f.D876D0B9E4FB8B9E585720C2FE40BD5D.d.1A94E0C27CBC187B8B1B74327A28B579.e.9471","ELEMENT":"f.D876D0B9E4FB8B9E585720C2FE40BD5D.d.1A94E0C27CBC187B8B1B74327A28B579.e.9471"},{"block":"start","inline":"nearest"}]}
COMMAND: POST /session/673ee8da6ae2a3036ac170eb6294f89d/execute/async - {"script":"<script> [1562 bytes]","args":[{"selector":{"id":"application-manageresources-display-component---newResourceUnit--btnAddTimeSegment","interaction":{"idSuffix":"inner"}},"wdio_ui5_key":"applicationmanageresources-display-component---newResourceUnit--btnAddTimeSegment"}]}
COMMAND: GET /session/673ee8da6ae2a3036ac170eb6294f89d/screenshot - {}
RESULT: {"script":"<script> [1562 bytes]","args":[{"selector":{"id":"application-manageresources-display-component---newResourceUnit--btnAddTimeSegment","interaction":{"idSuffix":"inner"}},"wdio_ui5_key":"applicationmanageresources-display-component---newResourceUnit--btnAddTimeSegment"}]}
RESULT: undefined
COMMAND: POST /session/673ee8da6ae2a3036ac170eb6294f89d/element - {"using":"xpath","value":"//*[@id=\"application-manageresources-display-component---newResourceUnit--btnAddTimeSegment\"]"}
RESULT: {}
RESULT: {"using":"xpath","value":"//*[@id=\"application-manageresources-display-component---newResourceUnit--btnAddTimeSegment\"]"}
COMMAND: POST /session/673ee8da6ae2a3036ac170eb6294f89d/element/f.D876D0B9E4FB8B9E585720C2FE40BD5D.d.1A94E0C27CBC187B8B1B74327A28B579.e.9471/click - {}
RESULT: {}
COMMAND: GET /session/673ee8da6ae2a3036ac170eb6294f89d/screenshot - {}
RESULT: {}
COMMAND: POST /session/673ee8da6ae2a3036ac170eb6294f89d/element - {"using":"xpath","value":"//input[@id=\"application-manageresources-display-component---newResourceUnit--idRuTSAdmin-application-manageresources-display-component---newResourceUnit--RUTimeSegment-0-inner\"]"}
RESULT: {"using":"xpath","value":"//input[@id=\"application-manageresources-display-component---newResourceUnit--idRuTSAdmin-application-manageresources-display-component---newResourceUnit--RUTimeSegment-0-inner\"]"}
COMMAND: POST /session/673ee8da6ae2a3036ac170eb6294f89d/element/f.D876D0B9E4FB8B9E585720C2FE40BD5D.d.1A94E0C27CBC187B8B1B74327A28B579.e.9477/clear - {}
RESULT: {}
COMMAND: POST /session/673ee8da6ae2a3036ac170eb6294f89d/element/f.D876D0B9E4FB8B9E585720C2FE40BD5D.d.1A94E0C27CBC187B8B1B74327A28B579.e.9477/value - {"text":"532"}
COMMAND: GET /session/673ee8da6ae2a3036ac170eb6294f89d/screenshot - {}
RESULT: {"text":"532"}
COMMAND: GET /session/673ee8da6ae2a3036ac170eb6294f89d/screenshot - {}
RESULT: {}
RESULT: {}
COMMAND: POST /session/673ee8da6ae2a3036ac170eb6294f89d/element - {"using":"xpath","value":"//li[.//span[text()='532']]"}
RESULT: {"using":"xpath","value":"//li[.//span[text()='532']]"}
COMMAND: POST /session/673ee8da6ae2a3036ac170eb6294f89d/element/f.D876D0B9E4FB8B9E585720C2FE40BD5D.d.1A94E0C27CBC187B8B1B74327A28B579.e.9489/click - {}
RESULT: {}
COMMAND: GET /session/673ee8da6ae2a3036ac170eb6294f89d/screenshot - {}
RESULT: {}
COMMAND: POST /session/673ee8da6ae2a3036ac170eb6294f89d/element - {"using":"xpath","value":"(//span[contains(@id, \"-application-manageresources-display-component---newResourceUnit--RUTimeSegment-0-arrow\")])[6]"}
RESULT: {"using":"xpath","value":"(//span[contains(@id, \"-application-manageresources-display-component---newResourceUnit--RUTimeSegment-0-arrow\")])[6]"}
COMMAND: POST /session/673ee8da6ae2a3036ac170eb6294f89d/element/f.D876D0B9E4FB8B9E585720C2FE40BD5D.d.1A94E0C27CBC187B8B1B74327A28B579.e.9490/click - {}
RESULT: {}
COMMAND: GET /session/673ee8da6ae2a3036ac170eb6294f89d/screenshot - {}
RESULT: {}
COMMAND: POST /session/673ee8da6ae2a3036ac170eb6294f89d/element - {"using":"xpath","value":"//span[contains(text(), \"PM Order\")]"}
RESULT: {"using":"xpath","value":"//span[contains(text(), \"PM Order\")]"}
COMMAND: POST /session/673ee8da6ae2a3036ac170eb6294f89d/element/f.D876D0B9E4FB8B9E585720C2FE40BD5D.d.1A94E0C27CBC187B8B1B74327A28B579.e.9493/click - {}
RESULT: {}
COMMAND: GET /session/673ee8da6ae2a3036ac170eb6294f89d/screenshot - {}
RESULT: {}
COMMAND: POST /session/673ee8da6ae2a3036ac170eb6294f89d/element - {"using":"xpath","value":"(//span[contains(@id ,\"manageresources-display-component---newResourceUnit--RUTimeSegment-0-vhi\")])[1]"}
RESULT: {"using":"xpath","value":"(//span[contains(@id ,\"manageresources-display-component---newResourceUnit--RUTimeSegment-0-vhi\")])[1]"}
COMMAND: GET /session/673ee8da6ae2a3036ac170eb6294f89d/element/f.D876D0B9E4FB8B9E585720C2FE40BD5D.d.1A94E0C27CBC187B8B1B74327A28B579.e.9497/rect - {}
RESULT: {}
COMMAND: GET /session/673ee8da6ae2a3036ac170eb6294f89d/window/rect - {}
RESULT: {}
COMMAND: POST /session/673ee8da6ae2a3036ac170eb6294f89d/execute/sync - {"script":"<script> [92 bytes]","args":[]}
RESULT: {"script":"<script> [92 bytes]","args":[]}
COMMAND: POST /session/673ee8da6ae2a3036ac170eb6294f89d/actions - {"actions":[{"id":"action33","type":"wheel","parameters":{},"actions":[{"type":"scroll","x":-869,"y":-24,"deltaX":0,"deltaY":0,"duration":0,"origin":{"element-6066-11e4-a52e-4f735466cecf":"f.D876D0B9E4FB8B9E585720C2FE40BD5D.d.1A94E0C27CBC187B8B1B74327A28B579.e.9497"}}]}]}
COMMAND: GET /session/673ee8da6ae2a3036ac170eb6294f89d/screenshot - {}
RESULT: {"actions":[{"id":"action33","type":"wheel","parameters":{},"actions":[{"type":"scroll","x":-869,"y":-24,"deltaX":0,"deltaY":0,"duration":0,"origin":{"element-6066-11e4-a52e-4f735466cecf":"f.D876D0B9E4FB8B9E585720C2FE40BD5D.d.1A94E0C27CBC187B8B1B74327A28B579.e.9497"}}]}]}
COMMAND: DELETE /session/673ee8da6ae2a3036ac170eb6294f89d/actions - {}
COMMAND: GET /session/673ee8da6ae2a3036ac170eb6294f89d/screenshot - {}
RESULT: {}
RESULT: {}
COMMAND: GET /session/673ee8da6ae2a3036ac170eb6294f89d/screenshot - {}
RESULT: {}
RESULT: {}
COMMAND: POST /session/673ee8da6ae2a3036ac170eb6294f89d/element/f.D876D0B9E4FB8B9E585720C2FE40BD5D.d.1A94E0C27CBC187B8B1B74327A28B579.e.9497/click - {}
RESULT: {}
COMMAND: GET /session/673ee8da6ae2a3036ac170eb6294f89d/screenshot - {}
RESULT: {}
COMMAND: POST /session/673ee8da6ae2a3036ac170eb6294f89d/execute/async - {"script":"<script> [1562 bytes]","args":[{"selector":{"controlType":"sap.m.SearchField","properties":{"placeholder":"Search"},"searchOpenDialogs":true,"interaction":{"idSuffix":"I"}},"wdio_ui5_key":"sapm.SearchField{\"placeholder\":\"Search\"}"}]}
RESULT: {"script":"<script> [1562 bytes]","args":[{"selector":{"controlType":"sap.m.SearchField","properties":{"placeholder":"Search"},"searchOpenDialogs":true,"interaction":{"idSuffix":"I"}},"wdio_ui5_key":"sapm.SearchField{\"placeholder\":\"Search\"}"}]}
RESULT: undefined
COMMAND: POST /session/673ee8da6ae2a3036ac170eb6294f89d/execute/async - {"script":"<script> [776 bytes]","args":[{"enterText":"4000360","selector":{"controlType":"sap.m.SearchField","properties":{"placeholder":"Search"},"searchOpenDialogs":true,"interaction":{"idSuffix":"I"}},"clearTextFirst":true,"interactionType":"ENTER_TEXT"}]}
RESULT: {"script":"<script> [776 bytes]","args":[{"enterText":"4000360","selector":{"controlType":"sap.m.SearchField","properties":{"placeholder":"Search"},"searchOpenDialogs":true,"interaction":{"idSuffix":"I"}},"clearTextFirst":true,"interactionType":"ENTER_TEXT"}]}
COMMAND: POST /session/673ee8da6ae2a3036ac170eb6294f89d/actions - {"actions":[{"id":"action34","type":"key","parameters":{},"actions":[{"type":"keyDown","value":"î€‡"},{"type":"pause","duration":10},{"type":"keyUp","value":"î€‡"}]}]}
RESULT: {"actions":[{"id":"action34","type":"key","parameters":{},"actions":[{"type":"keyDown","value":"î€‡"},{"type":"pause","duration":10},{"type":"keyUp","value":"î€‡"}]}]}
COMMAND: GET /session/673ee8da6ae2a3036ac170eb6294f89d/screenshot - {}
RESULT: {}
COMMAND: POST /session/673ee8da6ae2a3036ac170eb6294f89d/element - {"using":"xpath","value":"//td/div/span[contains(text(), \"BGL Vehicles\")]"}
RESULT: {"using":"xpath","value":"//td/div/span[contains(text(), \"BGL Vehicles\")]"}
COMMAND: POST /session/673ee8da6ae2a3036ac170eb6294f89d/element/f.D876D0B9E4FB8B9E585720C2FE40BD5D.d.1A94E0C27CBC187B8B1B74327A28B579.e.9519/click - {}
RESULT: {}
COMMAND: GET /session/673ee8da6ae2a3036ac170eb6294f89d/screenshot - {}
RESULT: {}
COMMAND: POST /session/673ee8da6ae2a3036ac170eb6294f89d/element - {"using":"xpath","value":"//bdi[contains(text(), \"OK\")]"}
RESULT: {"using":"xpath","value":"//bdi[contains(text(), \"OK\")]"}
COMMAND: POST /session/673ee8da6ae2a3036ac170eb6294f89d/element/f.D876D0B9E4FB8B9E585720C2FE40BD5D.d.1A94E0C27CBC187B8B1B74327A28B579.e.9520/click - {}
RESULT: {}
COMMAND: GET /session/673ee8da6ae2a3036ac170eb6294f89d/screenshot - {}
RESULT: {}
COMMAND: POST /session/673ee8da6ae2a3036ac170eb6294f89d/execute/async - {"script":"<script> [1562 bytes]","args":[{"selector":{"id":"application-manageresources-display-component---newResourceUnit--newRRUPage-anchBar-application-manageresources-display-component---newResourceUnit--resource-anchor","interaction":{"idSuffix":"BDI-content"}},"wdio_ui5_key":"applicationmanageresources-display-component---newResourceUnit--newRRUPage-anchBar-application-manageresources-display-component---newResourceUnit--resource-anchor"}]}
RESULT: {"script":"<script> [1562 bytes]","args":[{"selector":{"id":"application-manageresources-display-component---newResourceUnit--newRRUPage-anchBar-application-manageresources-display-component---newResourceUnit--resource-anchor","interaction":{"idSuffix":"BDI-content"}},"wdio_ui5_key":"applicationmanageresources-display-component---newResourceUnit--newRRUPage-anchBar-application-manageresources-display-component---newResourceUnit--resource-anchor"}]}
RESULT: undefined
COMMAND: POST /session/673ee8da6ae2a3036ac170eb6294f89d/element - {"using":"xpath","value":"//*[@id=\"application-manageresources-display-component---newResourceUnit--newRRUPage-anchBar-application-manageresources-display-component---newResourceUnit--resource-anchor\"]"}
RESULT: {"using":"xpath","value":"//*[@id=\"application-manageresources-display-component---newResourceUnit--newRRUPage-anchBar-application-manageresources-display-component---newResourceUnit--resource-anchor\"]"}
COMMAND: POST /session/673ee8da6ae2a3036ac170eb6294f89d/element/f.D876D0B9E4FB8B9E585720C2FE40BD5D.d.1A94E0C27CBC187B8B1B74327A28B579.e.9524/click - {}
RESULT: {}
COMMAND: POST /session/673ee8da6ae2a3036ac170eb6294f89d/execute/async - {"script":"<script> [1562 bytes]","args":[{"selector":{"id":"application-manageresources-display-component---newResourceUnit--PLANNED_DELIVERY_DATE","interaction":{"idSuffix":"inner"}},"wdio_ui5_key":"applicationmanageresources-display-component---newResourceUnit--PLANNED_DELIVERY_DATE"}]}
COMMAND: GET /session/673ee8da6ae2a3036ac170eb6294f89d/screenshot - {}
RESULT: {"script":"<script> [1562 bytes]","args":[{"selector":{"id":"application-manageresources-display-component---newResourceUnit--PLANNED_DELIVERY_DATE","interaction":{"idSuffix":"inner"}},"wdio_ui5_key":"applicationmanageresources-display-component---newResourceUnit--PLANNED_DELIVERY_DATE"}]}
RESULT: undefined
COMMAND: POST /session/673ee8da6ae2a3036ac170eb6294f89d/execute/async - {"script":"<script> [6424 bytes]","args":[{"element-6066-11e4-a52e-4f735466cecf":"f.D876D0B9E4FB8B9E585720C2FE40BD5D.d.1A94E0C27CBC187B8B1B74327A28B579.e.9387"},"setValue",["5/18/25"]]}
RESULT: {}
RESULT: {"script":"<script> [6424 bytes]","args":[{"element-6066-11e4-a52e-4f735466cecf":"f.D876D0B9E4FB8B9E585720C2FE40BD5D.d.1A94E0C27CBC187B8B1B74327A28B579.e.9387"},"setValue",["5/18/25"]]}
COMMAND: POST /session/673ee8da6ae2a3036ac170eb6294f89d/element - {"using":"xpath","value":"//label[contains(@class, 'sapMLabelRequired') and .//bdi[contains(text(), 'Planned Retirement')]]"}
RESULT: {"using":"xpath","value":"//label[contains(@class, 'sapMLabelRequired') and .//bdi[contains(text(), 'Planned Retirement')]]"}
COMMAND: POST /session/673ee8da6ae2a3036ac170eb6294f89d/elements - {"using":"xpath","value":"//label[contains(@class, 'sapMLabelRequired') and .//bdi[contains(text(), 'Planned Retirement')]]"}
RESULT: {"using":"xpath","value":"//label[contains(@class, 'sapMLabelRequired') and .//bdi[contains(text(), 'Planned Retirement')]]"}
COMMAND: POST /session/673ee8da6ae2a3036ac170eb6294f89d/element - {"using":"xpath","value":"//button[@data-kt=\"resourceUnitSaveButton\"]"}
RESULT: {"using":"xpath","value":"//button[@data-kt=\"resourceUnitSaveButton\"]"}
COMMAND: POST /session/673ee8da6ae2a3036ac170eb6294f89d/element/f.D876D0B9E4FB8B9E585720C2FE40BD5D.d.1A94E0C27CBC187B8B1B74327A28B579.e.9348/click - {}
RESULT: {}
COMMAND: GET /session/673ee8da6ae2a3036ac170eb6294f89d/screenshot - {}
RESULT: {}
COMMAND: POST /session/673ee8da6ae2a3036ac170eb6294f89d/element - {"using":"xpath","value":"//bdi[contains(text(), \"Close\")]"}
RESULT: {"using":"xpath","value":"//bdi[contains(text(), \"Close\")]"}
COMMAND: POST /session/673ee8da6ae2a3036ac170eb6294f89d/element/f.D876D0B9E4FB8B9E585720C2FE40BD5D.d.1A94E0C27CBC187B8B1B74327A28B579.e.9532/click - {}
RESULT: {}
COMMAND: GET /session/673ee8da6ae2a3036ac170eb6294f89d/screenshot - {}
RESULT: {}
COMMAND: POST /session/673ee8da6ae2a3036ac170eb6294f89d/element - {"using":"xpath","value":"(//button[contains(@id ,\"actionsToolbar-overflowButton\")])[1]"}
RESULT: {"using":"xpath","value":"(//button[contains(@id ,\"actionsToolbar-overflowButton\")])[1]"}
COMMAND: POST /session/673ee8da6ae2a3036ac170eb6294f89d/element/f.D876D0B9E4FB8B9E585720C2FE40BD5D.d.1A94E0C27CBC187B8B1B74327A28B579.e.9564/click - {}
RESULT: {}
COMMAND: GET /session/673ee8da6ae2a3036ac170eb6294f89d/screenshot - {}
RESULT: {}
COMMAND: POST /session/673ee8da6ae2a3036ac170eb6294f89d/element - {"using":"xpath","value":"//button[@data-kt=\"priceInfoButton\"]"}
RESULT: {"using":"xpath","value":"//button[@data-kt=\"priceInfoButton\"]"}
COMMAND: POST /session/673ee8da6ae2a3036ac170eb6294f89d/element/f.D876D0B9E4FB8B9E585720C2FE40BD5D.d.1A94E0C27CBC187B8B1B74327A28B579.e.9566/click - {}
RESULT: {}
COMMAND: GET /session/673ee8da6ae2a3036ac170eb6294f89d/screenshot - {}
]]></system-out>
    </testcase>
    <testcase classname="chrome.136_0_7103_93.windows.Billing_Transfer_-_Intracompany_US127249" name="Should create a pricing procedure" time="49.465">
      <system-out><![CDATA[
COMMAND: POST /session/673ee8da6ae2a3036ac170eb6294f89d/element - {"using":"xpath","value":"//button[@data-kt=\"addButton\"]"}
RESULT: {}
RESULT: {"using":"xpath","value":"//button[@data-kt=\"addButton\"]"}
COMMAND: POST /session/673ee8da6ae2a3036ac170eb6294f89d/elements - {"using":"xpath","value":"//button[@data-kt=\"addButton\"]"}
RESULT: {"using":"xpath","value":"//button[@data-kt=\"addButton\"]"}
COMMAND: POST /session/673ee8da6ae2a3036ac170eb6294f89d/execute/sync - {"script":"<script> [8489 bytes]","args":[{"element-6066-11e4-a52e-4f735466cecf":"f.D876D0B9E4FB8B9E585720C2FE40BD5D.d.1A94E0C27CBC187B8B1B74327A28B579.e.9602","ELEMENT":"f.D876D0B9E4FB8B9E585720C2FE40BD5D.d.1A94E0C27CBC187B8B1B74327A28B579.e.9602"}]}
RESULT: {"script":"<script> [8489 bytes]","args":[{"element-6066-11e4-a52e-4f735466cecf":"f.D876D0B9E4FB8B9E585720C2FE40BD5D.d.1A94E0C27CBC187B8B1B74327A28B579.e.9602","ELEMENT":"f.D876D0B9E4FB8B9E585720C2FE40BD5D.d.1A94E0C27CBC187B8B1B74327A28B579.e.9602"}]}
COMMAND: GET /session/673ee8da6ae2a3036ac170eb6294f89d/element/f.D876D0B9E4FB8B9E585720C2FE40BD5D.d.1A94E0C27CBC187B8B1B74327A28B579.e.9602/enabled - {}
COMMAND: GET /session/673ee8da6ae2a3036ac170eb6294f89d/screenshot - {}
RESULT: {}
COMMAND: POST /session/673ee8da6ae2a3036ac170eb6294f89d/execute/sync - {"script":"<script> [8489 bytes]","args":[{"element-6066-11e4-a52e-4f735466cecf":"f.D876D0B9E4FB8B9E585720C2FE40BD5D.d.1A94E0C27CBC187B8B1B74327A28B579.e.9602","ELEMENT":"f.D876D0B9E4FB8B9E585720C2FE40BD5D.d.1A94E0C27CBC187B8B1B74327A28B579.e.9602"}]}
COMMAND: GET /session/673ee8da6ae2a3036ac170eb6294f89d/screenshot - {}
RESULT: {}
RESULT: {"script":"<script> [8489 bytes]","args":[{"element-6066-11e4-a52e-4f735466cecf":"f.D876D0B9E4FB8B9E585720C2FE40BD5D.d.1A94E0C27CBC187B8B1B74327A28B579.e.9602","ELEMENT":"f.D876D0B9E4FB8B9E585720C2FE40BD5D.d.1A94E0C27CBC187B8B1B74327A28B579.e.9602"}]}
COMMAND: POST /session/673ee8da6ae2a3036ac170eb6294f89d/execute/sync - {"script":"<script> [5351 bytes]","args":[{"element-6066-11e4-a52e-4f735466cecf":"f.D876D0B9E4FB8B9E585720C2FE40BD5D.d.1A94E0C27CBC187B8B1B74327A28B579.e.9602","ELEMENT":"f.D876D0B9E4FB8B9E585720C2FE40BD5D.d.1A94E0C27CBC187B8B1B74327A28B579.e.9602"}]}
COMMAND: GET /session/673ee8da6ae2a3036ac170eb6294f89d/screenshot - {}
RESULT: {}
RESULT: {"script":"<script> [5351 bytes]","args":[{"element-6066-11e4-a52e-4f735466cecf":"f.D876D0B9E4FB8B9E585720C2FE40BD5D.d.1A94E0C27CBC187B8B1B74327A28B579.e.9602","ELEMENT":"f.D876D0B9E4FB8B9E585720C2FE40BD5D.d.1A94E0C27CBC187B8B1B74327A28B579.e.9602"}]}
COMMAND: POST /session/673ee8da6ae2a3036ac170eb6294f89d/element/f.D876D0B9E4FB8B9E585720C2FE40BD5D.d.1A94E0C27CBC187B8B1B74327A28B579.e.9602/click - {}
COMMAND: GET /session/673ee8da6ae2a3036ac170eb6294f89d/screenshot - {}
RESULT: {}
RESULT: {}
COMMAND: GET /session/673ee8da6ae2a3036ac170eb6294f89d/screenshot - {}
RESULT: {}
RESULT: {}
COMMAND: POST /session/673ee8da6ae2a3036ac170eb6294f89d/execute/async - {"script":"<script> [1562 bytes]","args":[{"selector":{"controlType":"sap.m.Title","viewName":"etm.portal.ui.managepricingrules.view.NewItem","viewId":"application-managepricingrules-display-component---newInfoPriceItem","properties":{"text":"New Pricing Rules - Item Level"}},"wdio_ui5_key":"etmportal.ui.managepricingrules.view.NewItemsap.m.Title{\"text\":\"New Pricing Rules - Item Level\"}"}]}
RESULT: {"script":"<script> [1562 bytes]","args":[{"selector":{"controlType":"sap.m.Title","viewName":"etm.portal.ui.managepricingrules.view.NewItem","viewId":"application-managepricingrules-display-component---newInfoPriceItem","properties":{"text":"New Pricing Rules - Item Level"}},"wdio_ui5_key":"etmportal.ui.managepricingrules.view.NewItemsap.m.Title{\"text\":\"New Pricing Rules - Item Level\"}"}]}
RESULT: undefined
COMMAND: POST /session/673ee8da6ae2a3036ac170eb6294f89d/execute/async - {"script":"<script> [6424 bytes]","args":[{"element-6066-11e4-a52e-4f735466cecf":"f.D876D0B9E4FB8B9E585720C2FE40BD5D.d.1A94E0C27CBC187B8B1B74327A28B579.e.9763"},"getText",[]]}
RESULT: {"script":"<script> [6424 bytes]","args":[{"element-6066-11e4-a52e-4f735466cecf":"f.D876D0B9E4FB8B9E585720C2FE40BD5D.d.1A94E0C27CBC187B8B1B74327A28B579.e.9763"},"getText",[]]}
COMMAND: POST /session/673ee8da6ae2a3036ac170eb6294f89d/execute/async - {"script":"<script> [1562 bytes]","args":[{"selector":{"id":"application-managepricingrules-display-component---newInfoPriceItem--condValidTo","interaction":{"idSuffix":"inner"}},"wdio_ui5_key":"applicationmanagepricingrules-display-component---newInfoPriceItem--condValidTo"}]}
RESULT: {"script":"<script> [1562 bytes]","args":[{"selector":{"id":"application-managepricingrules-display-component---newInfoPriceItem--condValidTo","interaction":{"idSuffix":"inner"}},"wdio_ui5_key":"applicationmanagepricingrules-display-component---newInfoPriceItem--condValidTo"}]}
RESULT: undefined
COMMAND: POST /session/673ee8da6ae2a3036ac170eb6294f89d/execute/async - {"script":"<script> [776 bytes]","args":[{"enterText":"1/18/26","selector":{"id":"application-managepricingrules-display-component---newInfoPriceItem--condValidTo","interaction":{"idSuffix":"inner"}},"clearTextFirst":true,"interactionType":"ENTER_TEXT"}]}
RESULT: {"script":"<script> [776 bytes]","args":[{"enterText":"1/18/26","selector":{"id":"application-managepricingrules-display-component---newInfoPriceItem--condValidTo","interaction":{"idSuffix":"inner"}},"clearTextFirst":true,"interactionType":"ENTER_TEXT"}]}
COMMAND: POST /session/673ee8da6ae2a3036ac170eb6294f89d/execute/async - {"script":"<script> [1562 bytes]","args":[{"selector":{"id":"application-managepricingrules-display-component---newInfoPriceItem--billType-arrow"},"wdio_ui5_key":"applicationmanagepricingrules-display-component---newInfoPriceItem--billType-arrow"}]}
RESULT: {"script":"<script> [1562 bytes]","args":[{"selector":{"id":"application-managepricingrules-display-component---newInfoPriceItem--billType-arrow"},"wdio_ui5_key":"applicationmanagepricingrules-display-component---newInfoPriceItem--billType-arrow"}]}
RESULT: undefined
COMMAND: POST /session/673ee8da6ae2a3036ac170eb6294f89d/element - {"using":"xpath","value":"//*[@id=\"application-managepricingrules-display-component---newInfoPriceItem--billType-arrow\"]"}
RESULT: {"using":"xpath","value":"//*[@id=\"application-managepricingrules-display-component---newInfoPriceItem--billType-arrow\"]"}
COMMAND: POST /session/673ee8da6ae2a3036ac170eb6294f89d/element/f.D876D0B9E4FB8B9E585720C2FE40BD5D.d.1A94E0C27CBC187B8B1B74327A28B579.e.9765/click - {}
RESULT: {}
COMMAND: POST /session/673ee8da6ae2a3036ac170eb6294f89d/element - {"using":"xpath","value":"//span[contains(text(), \"TB - Time based\")]"}
COMMAND: GET /session/673ee8da6ae2a3036ac170eb6294f89d/screenshot - {}
RESULT: {"using":"xpath","value":"//span[contains(text(), \"TB - Time based\")]"}
COMMAND: POST /session/673ee8da6ae2a3036ac170eb6294f89d/element/f.D876D0B9E4FB8B9E585720C2FE40BD5D.d.1A94E0C27CBC187B8B1B74327A28B579.e.9766/click - {}
RESULT: {}
RESULT: {}
COMMAND: POST /session/673ee8da6ae2a3036ac170eb6294f89d/execute/async - {"script":"<script> [1562 bytes]","args":[{"selector":{"id":"application-managepricingrules-display-component---newInfoPriceItem--priceProc-arrow"},"wdio_ui5_key":"applicationmanagepricingrules-display-component---newInfoPriceItem--priceProc-arrow"}]}
COMMAND: GET /session/673ee8da6ae2a3036ac170eb6294f89d/screenshot - {}
RESULT: {"script":"<script> [1562 bytes]","args":[{"selector":{"id":"application-managepricingrules-display-component---newInfoPriceItem--priceProc-arrow"},"wdio_ui5_key":"applicationmanagepricingrules-display-component---newInfoPriceItem--priceProc-arrow"}]}
RESULT: undefined
COMMAND: POST /session/673ee8da6ae2a3036ac170eb6294f89d/element - {"using":"xpath","value":"//*[@id=\"application-managepricingrules-display-component---newInfoPriceItem--priceProc-arrow\"]"}
RESULT: {}
RESULT: {"using":"xpath","value":"//*[@id=\"application-managepricingrules-display-component---newInfoPriceItem--priceProc-arrow\"]"}
COMMAND: POST /session/673ee8da6ae2a3036ac170eb6294f89d/element/f.D876D0B9E4FB8B9E585720C2FE40BD5D.d.1A94E0C27CBC187B8B1B74327A28B579.e.9728/click - {}
RESULT: {}
COMMAND: POST /session/673ee8da6ae2a3036ac170eb6294f89d/element - {"using":"xpath","value":"//span[contains(text(), \"TBS - Time based standard\")]"}
COMMAND: GET /session/673ee8da6ae2a3036ac170eb6294f89d/screenshot - {}
RESULT: {"using":"xpath","value":"//span[contains(text(), \"TBS - Time based standard\")]"}
COMMAND: POST /session/673ee8da6ae2a3036ac170eb6294f89d/element/f.D876D0B9E4FB8B9E585720C2FE40BD5D.d.1A94E0C27CBC187B8B1B74327A28B579.e.9767/click - {}
RESULT: {}
RESULT: {}
COMMAND: POST /session/673ee8da6ae2a3036ac170eb6294f89d/execute/async - {"script":"<script> [1562 bytes]","args":[{"selector":{"id":"application-managepricingrules-display-component---newInfoPriceItem--calcBase-arrow"},"wdio_ui5_key":"applicationmanagepricingrules-display-component---newInfoPriceItem--calcBase-arrow"}]}
COMMAND: GET /session/673ee8da6ae2a3036ac170eb6294f89d/screenshot - {}
RESULT: {"script":"<script> [1562 bytes]","args":[{"selector":{"id":"application-managepricingrules-display-component---newInfoPriceItem--calcBase-arrow"},"wdio_ui5_key":"applicationmanagepricingrules-display-component---newInfoPriceItem--calcBase-arrow"}]}
RESULT: undefined
COMMAND: POST /session/673ee8da6ae2a3036ac170eb6294f89d/element - {"using":"xpath","value":"//*[@id=\"application-managepricingrules-display-component---newInfoPriceItem--calcBase-arrow\"]"}
RESULT: {}
RESULT: {"using":"xpath","value":"//*[@id=\"application-managepricingrules-display-component---newInfoPriceItem--calcBase-arrow\"]"}
COMMAND: POST /session/673ee8da6ae2a3036ac170eb6294f89d/element/f.D876D0B9E4FB8B9E585720C2FE40BD5D.d.1A94E0C27CBC187B8B1B74327A28B579.e.9735/click - {}
RESULT: {}
COMMAND: GET /session/673ee8da6ae2a3036ac170eb6294f89d/screenshot - {}
RESULT: {}
COMMAND: POST /session/673ee8da6ae2a3036ac170eb6294f89d/element - {"using":"xpath","value":"//span[contains(text(), \"0006 - TB(calendar days)\")]"}
RESULT: {"using":"xpath","value":"//span[contains(text(), \"0006 - TB(calendar days)\")]"}
COMMAND: POST /session/673ee8da6ae2a3036ac170eb6294f89d/element/f.D876D0B9E4FB8B9E585720C2FE40BD5D.d.1A94E0C27CBC187B8B1B74327A28B579.e.9768/click - {}
RESULT: {}
COMMAND: GET /session/673ee8da6ae2a3036ac170eb6294f89d/screenshot - {}
RESULT: {}
COMMAND: POST /session/673ee8da6ae2a3036ac170eb6294f89d/execute/async - {"script":"<script> [1562 bytes]","args":[{"selector":{"id":"application-managepricingrules-display-component---newInfoPriceItem--daysMonth","interaction":{"idSuffix":"inner"}},"wdio_ui5_key":"applicationmanagepricingrules-display-component---newInfoPriceItem--daysMonth"}]}
RESULT: {"script":"<script> [1562 bytes]","args":[{"selector":{"id":"application-managepricingrules-display-component---newInfoPriceItem--daysMonth","interaction":{"idSuffix":"inner"}},"wdio_ui5_key":"applicationmanagepricingrules-display-component---newInfoPriceItem--daysMonth"}]}
RESULT: undefined
COMMAND: POST /session/673ee8da6ae2a3036ac170eb6294f89d/execute/async - {"script":"<script> [776 bytes]","args":[{"enterText":"30","selector":{"id":"application-managepricingrules-display-component---newInfoPriceItem--daysMonth","interaction":{"idSuffix":"inner"}},"clearTextFirst":true,"interactionType":"ENTER_TEXT"}]}
RESULT: {"script":"<script> [776 bytes]","args":[{"enterText":"30","selector":{"id":"application-managepricingrules-display-component---newInfoPriceItem--daysMonth","interaction":{"idSuffix":"inner"}},"clearTextFirst":true,"interactionType":"ENTER_TEXT"}]}
COMMAND: POST /session/673ee8da6ae2a3036ac170eb6294f89d/element - {"using":"xpath","value":"//button[@data-kt=\"saveNewRuleButton\"]"}
RESULT: {"using":"xpath","value":"//button[@data-kt=\"saveNewRuleButton\"]"}
COMMAND: POST /session/673ee8da6ae2a3036ac170eb6294f89d/element/f.D876D0B9E4FB8B9E585720C2FE40BD5D.d.1A94E0C27CBC187B8B1B74327A28B579.e.9752/click - {}
RESULT: {}
COMMAND: GET /session/673ee8da6ae2a3036ac170eb6294f89d/screenshot - {}
RESULT: {}
COMMAND: POST /session/673ee8da6ae2a3036ac170eb6294f89d/execute/async - {"script":"<script> [1562 bytes]","args":[{"selector":{"id":"application-managepricingrules-display-component---priceInfoItem--smartFilterBar-btnBasicSearch","interaction":{"idSuffix":"I"}},"wdio_ui5_key":"applicationmanagepricingrules-display-component---priceInfoItem--smartFilterBar-btnBasicSearch"}]}
RESULT: {"script":"<script> [1562 bytes]","args":[{"selector":{"id":"application-managepricingrules-display-component---priceInfoItem--smartFilterBar-btnBasicSearch","interaction":{"idSuffix":"I"}},"wdio_ui5_key":"applicationmanagepricingrules-display-component---priceInfoItem--smartFilterBar-btnBasicSearch"}]}
RESULT: undefined
COMMAND: POST /session/673ee8da6ae2a3036ac170eb6294f89d/execute/async - {"script":"<script> [776 bytes]","args":[{"enterText":"uJWUWqcVQY","selector":{"id":"application-managepricingrules-display-component---priceInfoItem--smartFilterBar-btnBasicSearch","interaction":{"idSuffix":"I"}},"clearTextFirst":true,"interactionType":"ENTER_TEXT"}]}
RESULT: {"script":"<script> [776 bytes]","args":[{"enterText":"uJWUWqcVQY","selector":{"id":"application-managepricingrules-display-component---priceInfoItem--smartFilterBar-btnBasicSearch","interaction":{"idSuffix":"I"}},"clearTextFirst":true,"interactionType":"ENTER_TEXT"}]}
COMMAND: POST /session/673ee8da6ae2a3036ac170eb6294f89d/actions - {"actions":[{"id":"action35","type":"key","parameters":{},"actions":[{"type":"keyDown","value":"î€‡"},{"type":"pause","duration":10},{"type":"keyUp","value":"î€‡"}]}]}
RESULT: {"actions":[{"id":"action35","type":"key","parameters":{},"actions":[{"type":"keyDown","value":"î€‡"},{"type":"pause","duration":10},{"type":"keyUp","value":"î€‡"}]}]}
COMMAND: GET /session/673ee8da6ae2a3036ac170eb6294f89d/screenshot - {}
RESULT: {}
COMMAND: POST /session/673ee8da6ae2a3036ac170eb6294f89d/element - {"using":"xpath","value":"//span[@id=\"application-managepricingrules-display-component---priceInfoItem--smartTable-header-inner\"]"}
RESULT: {"using":"xpath","value":"//span[@id=\"application-managepricingrules-display-component---priceInfoItem--smartTable-header-inner\"]"}
COMMAND: POST /session/673ee8da6ae2a3036ac170eb6294f89d/elements - {"using":"xpath","value":"//span[@id=\"application-managepricingrules-display-component---priceInfoItem--smartTable-header-inner\"]"}
RESULT: {"using":"xpath","value":"//span[@id=\"application-managepricingrules-display-component---priceInfoItem--smartTable-header-inner\"]"}
COMMAND: POST /session/673ee8da6ae2a3036ac170eb6294f89d/execute/sync - {"script":"<script> [56 bytes]","args":[{"element-6066-11e4-a52e-4f735466cecf":"f.D876D0B9E4FB8B9E585720C2FE40BD5D.d.1A94E0C27CBC187B8B1B74327A28B579.e.9791","ELEMENT":"f.D876D0B9E4FB8B9E585720C2FE40BD5D.d.1A94E0C27CBC187B8B1B74327A28B579.e.9791"}]}
RESULT: {"script":"<script> [56 bytes]","args":[{"element-6066-11e4-a52e-4f735466cecf":"f.D876D0B9E4FB8B9E585720C2FE40BD5D.d.1A94E0C27CBC187B8B1B74327A28B579.e.9791","ELEMENT":"f.D876D0B9E4FB8B9E585720C2FE40BD5D.d.1A94E0C27CBC187B8B1B74327A28B579.e.9791"}]}
COMMAND: POST /session/673ee8da6ae2a3036ac170eb6294f89d/element - {"using":"css selector","value":"#shell-header-logo"}
COMMAND: GET /session/673ee8da6ae2a3036ac170eb6294f89d/screenshot - {}
RESULT: {"using":"css selector","value":"#shell-header-logo"}
COMMAND: POST /session/673ee8da6ae2a3036ac170eb6294f89d/element/f.D876D0B9E4FB8B9E585720C2FE40BD5D.d.1A94E0C27CBC187B8B1B74327A28B579.e.8932/click - {}
RESULT: {}
RESULT: {}
COMMAND: GET /session/673ee8da6ae2a3036ac170eb6294f89d/screenshot - {}
RESULT: {}
]]></system-out>
    </testcase>
    <testcase classname="chrome.136_0_7103_93.windows.Billing_Transfer_-_Intracompany_US127249" name="Should manage conditions" time="64.188">
      <system-out><![CDATA[
COMMAND: POST /session/673ee8da6ae2a3036ac170eb6294f89d/execute/async - {"script":"<script> [1562 bytes]","args":[{"selector":{"controlType":"sap.m.GenericTile","properties":{"header":"Manage Conditions & Prices"}},"wdio_ui5_key":"sapm.GenericTile{\"header\":\"Manage Conditions & Prices\"}"}]}
RESULT: {"script":"<script> [1562 bytes]","args":[{"selector":{"controlType":"sap.m.GenericTile","properties":{"header":"Manage Conditions & Prices"}},"wdio_ui5_key":"sapm.GenericTile{\"header\":\"Manage Conditions & Prices\"}"}]}
RESULT: undefined
COMMAND: POST /session/673ee8da6ae2a3036ac170eb6294f89d/element - {"using":"xpath","value":"//*[@id=\"__tile93\"]"}
RESULT: {"using":"xpath","value":"//*[@id=\"__tile93\"]"}
COMMAND: POST /session/673ee8da6ae2a3036ac170eb6294f89d/element/f.D876D0B9E4FB8B9E585720C2FE40BD5D.d.1A94E0C27CBC187B8B1B74327A28B579.e.8918/click - {}
RESULT: {}
COMMAND: GET /session/673ee8da6ae2a3036ac170eb6294f89d/screenshot - {}
RESULT: {}
COMMAND: POST /session/673ee8da6ae2a3036ac170eb6294f89d/elements - {"using":"xpath","value":"//span[text()='Error']"}
RESULT: {"using":"xpath","value":"//span[text()='Error']"}
COMMAND: POST /session/673ee8da6ae2a3036ac170eb6294f89d/element - {"using":"xpath","value":"//button[@aria-label=\"Create\"]"}
RESULT: {"using":"xpath","value":"//button[@aria-label=\"Create\"]"}
COMMAND: POST /session/673ee8da6ae2a3036ac170eb6294f89d/elements - {"using":"xpath","value":"//button[@aria-label=\"Create\"]"}
RESULT: {"using":"xpath","value":"//button[@aria-label=\"Create\"]"}
COMMAND: POST /session/673ee8da6ae2a3036ac170eb6294f89d/execute/sync - {"script":"<script> [8489 bytes]","args":[{"element-6066-11e4-a52e-4f735466cecf":"f.D876D0B9E4FB8B9E585720C2FE40BD5D.d.1A94E0C27CBC187B8B1B74327A28B579.e.9826","ELEMENT":"f.D876D0B9E4FB8B9E585720C2FE40BD5D.d.1A94E0C27CBC187B8B1B74327A28B579.e.9826"}]}
RESULT: {"script":"<script> [8489 bytes]","args":[{"element-6066-11e4-a52e-4f735466cecf":"f.D876D0B9E4FB8B9E585720C2FE40BD5D.d.1A94E0C27CBC187B8B1B74327A28B579.e.9826","ELEMENT":"f.D876D0B9E4FB8B9E585720C2FE40BD5D.d.1A94E0C27CBC187B8B1B74327A28B579.e.9826"}]}
COMMAND: GET /session/673ee8da6ae2a3036ac170eb6294f89d/element/f.D876D0B9E4FB8B9E585720C2FE40BD5D.d.1A94E0C27CBC187B8B1B74327A28B579.e.9826/enabled - {}
COMMAND: GET /session/673ee8da6ae2a3036ac170eb6294f89d/screenshot - {}
RESULT: {}
COMMAND: POST /session/673ee8da6ae2a3036ac170eb6294f89d/execute/sync - {"script":"<script> [8489 bytes]","args":[{"element-6066-11e4-a52e-4f735466cecf":"f.D876D0B9E4FB8B9E585720C2FE40BD5D.d.1A94E0C27CBC187B8B1B74327A28B579.e.9826","ELEMENT":"f.D876D0B9E4FB8B9E585720C2FE40BD5D.d.1A94E0C27CBC187B8B1B74327A28B579.e.9826"}]}
COMMAND: GET /session/673ee8da6ae2a3036ac170eb6294f89d/screenshot - {}
RESULT: {}
RESULT: {"script":"<script> [8489 bytes]","args":[{"element-6066-11e4-a52e-4f735466cecf":"f.D876D0B9E4FB8B9E585720C2FE40BD5D.d.1A94E0C27CBC187B8B1B74327A28B579.e.9826","ELEMENT":"f.D876D0B9E4FB8B9E585720C2FE40BD5D.d.1A94E0C27CBC187B8B1B74327A28B579.e.9826"}]}
COMMAND: POST /session/673ee8da6ae2a3036ac170eb6294f89d/execute/sync - {"script":"<script> [5351 bytes]","args":[{"element-6066-11e4-a52e-4f735466cecf":"f.D876D0B9E4FB8B9E585720C2FE40BD5D.d.1A94E0C27CBC187B8B1B74327A28B579.e.9826","ELEMENT":"f.D876D0B9E4FB8B9E585720C2FE40BD5D.d.1A94E0C27CBC187B8B1B74327A28B579.e.9826"}]}
COMMAND: GET /session/673ee8da6ae2a3036ac170eb6294f89d/screenshot - {}
RESULT: {}
RESULT: {"script":"<script> [5351 bytes]","args":[{"element-6066-11e4-a52e-4f735466cecf":"f.D876D0B9E4FB8B9E585720C2FE40BD5D.d.1A94E0C27CBC187B8B1B74327A28B579.e.9826","ELEMENT":"f.D876D0B9E4FB8B9E585720C2FE40BD5D.d.1A94E0C27CBC187B8B1B74327A28B579.e.9826"}]}
COMMAND: POST /session/673ee8da6ae2a3036ac170eb6294f89d/element/f.D876D0B9E4FB8B9E585720C2FE40BD5D.d.1A94E0C27CBC187B8B1B74327A28B579.e.9826/click - {}
COMMAND: GET /session/673ee8da6ae2a3036ac170eb6294f89d/screenshot - {}
RESULT: {}
RESULT: {}
COMMAND: GET /session/673ee8da6ae2a3036ac170eb6294f89d/screenshot - {}
RESULT: {}
RESULT: {}
COMMAND: POST /session/673ee8da6ae2a3036ac170eb6294f89d/actions - {"actions":[{"id":"action36","type":"key","parameters":{},"actions":[{"type":"keyDown","value":"î€‡"},{"type":"pause","duration":10},{"type":"keyUp","value":"î€‡"}]}]}
RESULT: {"actions":[{"id":"action36","type":"key","parameters":{},"actions":[{"type":"keyDown","value":"î€‡"},{"type":"pause","duration":10},{"type":"keyUp","value":"î€‡"}]}]}
COMMAND: GET /session/673ee8da6ae2a3036ac170eb6294f89d/screenshot - {}
RESULT: {}
COMMAND: POST /session/673ee8da6ae2a3036ac170eb6294f89d/execute/async - {"script":"<script> [1562 bytes]","args":[{"selector":{"id":"application-manageconditionprice-display-component---newCondition--condBillCond-arrow"},"wdio_ui5_key":"applicationmanageconditionprice-display-component---newCondition--condBillCond-arrow"}]}
RESULT: {"script":"<script> [1562 bytes]","args":[{"selector":{"id":"application-manageconditionprice-display-component---newCondition--condBillCond-arrow"},"wdio_ui5_key":"applicationmanageconditionprice-display-component---newCondition--condBillCond-arrow"}]}
RESULT: undefined
COMMAND: POST /session/673ee8da6ae2a3036ac170eb6294f89d/element - {"using":"xpath","value":"//*[@id=\"application-manageconditionprice-display-component---newCondition--condBillCond-arrow\"]"}
RESULT: {"using":"xpath","value":"//*[@id=\"application-manageconditionprice-display-component---newCondition--condBillCond-arrow\"]"}
COMMAND: POST /session/673ee8da6ae2a3036ac170eb6294f89d/element/f.D876D0B9E4FB8B9E585720C2FE40BD5D.d.1A94E0C27CBC187B8B1B74327A28B579.e.10002/click - {}
RESULT: {}
COMMAND: GET /session/673ee8da6ae2a3036ac170eb6294f89d/screenshot - {}
RESULT: {}
COMMAND: POST /session/673ee8da6ae2a3036ac170eb6294f89d/element - {"using":"xpath","value":"//li[.//span[contains(text(), \"DISP - D&I special price\")]]"}
RESULT: {"using":"xpath","value":"//li[.//span[contains(text(), \"DISP - D&I special price\")]]"}
COMMAND: POST /session/673ee8da6ae2a3036ac170eb6294f89d/element/f.D876D0B9E4FB8B9E585720C2FE40BD5D.d.1A94E0C27CBC187B8B1B74327A28B579.e.10006/click - {}
RESULT: {}
COMMAND: GET /session/673ee8da6ae2a3036ac170eb6294f89d/screenshot - {}
RESULT: {}
COMMAND: POST /session/673ee8da6ae2a3036ac170eb6294f89d/execute/async - {"script":"<script> [1562 bytes]","args":[{"selector":{"id":"application-manageconditionprice-display-component---newCondition--condValidTo","interaction":{"idSuffix":"inner"}},"wdio_ui5_key":"applicationmanageconditionprice-display-component---newCondition--condValidTo"}]}
RESULT: {"script":"<script> [1562 bytes]","args":[{"selector":{"id":"application-manageconditionprice-display-component---newCondition--condValidTo","interaction":{"idSuffix":"inner"}},"wdio_ui5_key":"applicationmanageconditionprice-display-component---newCondition--condValidTo"}]}
RESULT: undefined
COMMAND: POST /session/673ee8da6ae2a3036ac170eb6294f89d/execute/async - {"script":"<script> [776 bytes]","args":[{"enterText":"1/18/26","selector":{"id":"application-manageconditionprice-display-component---newCondition--condValidTo","interaction":{"idSuffix":"inner"}},"clearTextFirst":true,"interactionType":"ENTER_TEXT"}]}
RESULT: {"script":"<script> [776 bytes]","args":[{"enterText":"1/18/26","selector":{"id":"application-manageconditionprice-display-component---newCondition--condValidTo","interaction":{"idSuffix":"inner"}},"clearTextFirst":true,"interactionType":"ENTER_TEXT"}]}
COMMAND: POST /session/673ee8da6ae2a3036ac170eb6294f89d/element - {"using":"xpath","value":"//input[@id=\"application-manageconditionprice-display-component---newCondition--condRU-inner\"]"}
RESULT: {"using":"xpath","value":"//input[@id=\"application-manageconditionprice-display-component---newCondition--condRU-inner\"]"}
COMMAND: POST /session/673ee8da6ae2a3036ac170eb6294f89d/element/f.D876D0B9E4FB8B9E585720C2FE40BD5D.d.1A94E0C27CBC187B8B1B74327A28B579.e.9867/clear - {}
RESULT: {}
COMMAND: POST /session/673ee8da6ae2a3036ac170eb6294f89d/element/f.D876D0B9E4FB8B9E585720C2FE40BD5D.d.1A94E0C27CBC187B8B1B74327A28B579.e.9867/value - {"text":"uJWUWqcVQY"}
COMMAND: GET /session/673ee8da6ae2a3036ac170eb6294f89d/screenshot - {}
RESULT: {"text":"uJWUWqcVQY"}
COMMAND: GET /session/673ee8da6ae2a3036ac170eb6294f89d/screenshot - {}
RESULT: {}
RESULT: {}
COMMAND: POST /session/673ee8da6ae2a3036ac170eb6294f89d/actions - {"actions":[{"id":"action37","type":"key","parameters":{},"actions":[{"type":"keyDown","value":"î€‡"},{"type":"pause","duration":10},{"type":"keyUp","value":"î€‡"}]}]}
RESULT: {"actions":[{"id":"action37","type":"key","parameters":{},"actions":[{"type":"keyDown","value":"î€‡"},{"type":"pause","duration":10},{"type":"keyUp","value":"î€‡"}]}]}
COMMAND: POST /session/673ee8da6ae2a3036ac170eb6294f89d/execute/async - {"script":"<script> [1562 bytes]","args":[{"selector":{"id":"application-manageconditionprice-display-component---newCondition--condBaseQty","interaction":{"idSuffix":"inner"}},"wdio_ui5_key":"applicationmanageconditionprice-display-component---newCondition--condBaseQty"}]}
COMMAND: GET /session/673ee8da6ae2a3036ac170eb6294f89d/screenshot - {}
RESULT: {"script":"<script> [1562 bytes]","args":[{"selector":{"id":"application-manageconditionprice-display-component---newCondition--condBaseQty","interaction":{"idSuffix":"inner"}},"wdio_ui5_key":"applicationmanageconditionprice-display-component---newCondition--condBaseQty"}]}
RESULT: undefined
COMMAND: POST /session/673ee8da6ae2a3036ac170eb6294f89d/execute/async - {"script":"<script> [776 bytes]","args":[{"enterText":"1","selector":{"id":"application-manageconditionprice-display-component---newCondition--condBaseQty","interaction":{"idSuffix":"inner"}},"clearTextFirst":true,"interactionType":"ENTER_TEXT"}]}
RESULT: {}
RESULT: {"script":"<script> [776 bytes]","args":[{"enterText":"1","selector":{"id":"application-manageconditionprice-display-component---newCondition--condBaseQty","interaction":{"idSuffix":"inner"}},"clearTextFirst":true,"interactionType":"ENTER_TEXT"}]}
COMMAND: POST /session/673ee8da6ae2a3036ac170eb6294f89d/execute/async - {"script":"<script> [1562 bytes]","args":[{"selector":{"id":"application-manageconditionprice-display-component---newCondition--condValue","interaction":{"idSuffix":"inner"}},"wdio_ui5_key":"applicationmanageconditionprice-display-component---newCondition--condValue"}]}
RESULT: {"script":"<script> [1562 bytes]","args":[{"selector":{"id":"application-manageconditionprice-display-component---newCondition--condValue","interaction":{"idSuffix":"inner"}},"wdio_ui5_key":"applicationmanageconditionprice-display-component---newCondition--condValue"}]}
RESULT: undefined
COMMAND: POST /session/673ee8da6ae2a3036ac170eb6294f89d/execute/async - {"script":"<script> [776 bytes]","args":[{"enterText":"200","selector":{"id":"application-manageconditionprice-display-component---newCondition--condValue","interaction":{"idSuffix":"inner"}},"clearTextFirst":true,"interactionType":"ENTER_TEXT"}]}
RESULT: {"script":"<script> [776 bytes]","args":[{"enterText":"200","selector":{"id":"application-manageconditionprice-display-component---newCondition--condValue","interaction":{"idSuffix":"inner"}},"clearTextFirst":true,"interactionType":"ENTER_TEXT"}]}
COMMAND: POST /session/673ee8da6ae2a3036ac170eb6294f89d/execute/async - {"script":"<script> [1562 bytes]","args":[{"selector":{"id":"application-manageconditionprice-display-component---newCondition--condCurr-arrow"},"wdio_ui5_key":"applicationmanageconditionprice-display-component---newCondition--condCurr-arrow"}]}
RESULT: {"script":"<script> [1562 bytes]","args":[{"selector":{"id":"application-manageconditionprice-display-component---newCondition--condCurr-arrow"},"wdio_ui5_key":"applicationmanageconditionprice-display-component---newCondition--condCurr-arrow"}]}
RESULT: undefined
COMMAND: POST /session/673ee8da6ae2a3036ac170eb6294f89d/element - {"using":"xpath","value":"//*[@id=\"application-manageconditionprice-display-component---newCondition--condCurr-arrow\"]"}
RESULT: {"using":"xpath","value":"//*[@id=\"application-manageconditionprice-display-component---newCondition--condCurr-arrow\"]"}
COMMAND: POST /session/673ee8da6ae2a3036ac170eb6294f89d/element/f.D876D0B9E4FB8B9E585720C2FE40BD5D.d.1A94E0C27CBC187B8B1B74327A28B579.e.9987/click - {}
RESULT: {}
COMMAND: POST /session/673ee8da6ae2a3036ac170eb6294f89d/element - {"using":"xpath","value":"//span[contains(text(), \"Euro\")]"}
COMMAND: GET /session/673ee8da6ae2a3036ac170eb6294f89d/screenshot - {}
RESULT: {"using":"xpath","value":"//span[contains(text(), \"Euro\")]"}
COMMAND: POST /session/673ee8da6ae2a3036ac170eb6294f89d/element/f.D876D0B9E4FB8B9E585720C2FE40BD5D.d.1A94E0C27CBC187B8B1B74327A28B579.e.10043/click - {}
RESULT: {}
RESULT: {}
COMMAND: POST /session/673ee8da6ae2a3036ac170eb6294f89d/element - {"using":"xpath","value":"//button[@data-kt=\"saveButton\"]"}
COMMAND: GET /session/673ee8da6ae2a3036ac170eb6294f89d/screenshot - {}
RESULT: {"using":"xpath","value":"//button[@data-kt=\"saveButton\"]"}
COMMAND: POST /session/673ee8da6ae2a3036ac170eb6294f89d/element/f.D876D0B9E4FB8B9E585720C2FE40BD5D.d.1A94E0C27CBC187B8B1B74327A28B579.e.9988/click - {}
RESULT: {}
RESULT: {}
COMMAND: GET /session/673ee8da6ae2a3036ac170eb6294f89d/screenshot - {}
RESULT: {}
COMMAND: POST /session/673ee8da6ae2a3036ac170eb6294f89d/execute/async - {"script":"<script> [1562 bytes]","args":[{"selector":{"id":"application-manageconditionprice-display-component---conditions--smartFilterBar-btnBasicSearch","interaction":{"idSuffix":"I"}},"wdio_ui5_key":"applicationmanageconditionprice-display-component---conditions--smartFilterBar-btnBasicSearch"}]}
RESULT: {"script":"<script> [1562 bytes]","args":[{"selector":{"id":"application-manageconditionprice-display-component---conditions--smartFilterBar-btnBasicSearch","interaction":{"idSuffix":"I"}},"wdio_ui5_key":"applicationmanageconditionprice-display-component---conditions--smartFilterBar-btnBasicSearch"}]}
RESULT: undefined
COMMAND: POST /session/673ee8da6ae2a3036ac170eb6294f89d/execute/async - {"script":"<script> [776 bytes]","args":[{"enterText":"uJWUWqcVQY","selector":{"id":"application-manageconditionprice-display-component---conditions--smartFilterBar-btnBasicSearch","interaction":{"idSuffix":"I"}},"clearTextFirst":true,"interactionType":"ENTER_TEXT"}]}
RESULT: {"script":"<script> [776 bytes]","args":[{"enterText":"uJWUWqcVQY","selector":{"id":"application-manageconditionprice-display-component---conditions--smartFilterBar-btnBasicSearch","interaction":{"idSuffix":"I"}},"clearTextFirst":true,"interactionType":"ENTER_TEXT"}]}
COMMAND: POST /session/673ee8da6ae2a3036ac170eb6294f89d/actions - {"actions":[{"id":"action38","type":"key","parameters":{},"actions":[{"type":"keyDown","value":"î€‡"},{"type":"pause","duration":10},{"type":"keyUp","value":"î€‡"}]}]}
RESULT: {"actions":[{"id":"action38","type":"key","parameters":{},"actions":[{"type":"keyDown","value":"î€‡"},{"type":"pause","duration":10},{"type":"keyUp","value":"î€‡"}]}]}
COMMAND: GET /session/673ee8da6ae2a3036ac170eb6294f89d/screenshot - {}
RESULT: {}
COMMAND: POST /session/673ee8da6ae2a3036ac170eb6294f89d/execute/async - {"script":"<script> [1562 bytes]","args":[{"selector":{"id":"application-manageconditionprice-display-component---conditions--smartFilterBar-filterItemControl_BASIC-BILL_TYPES-vhi"},"wdio_ui5_key":"applicationmanageconditionprice-display-component---conditions--smartFilterBar-filterItemControl_BASIC-BILL_TYPES-vhi"}]}
RESULT: {"script":"<script> [1562 bytes]","args":[{"selector":{"id":"application-manageconditionprice-display-component---conditions--smartFilterBar-filterItemControl_BASIC-BILL_TYPES-vhi"},"wdio_ui5_key":"applicationmanageconditionprice-display-component---conditions--smartFilterBar-filterItemControl_BASIC-BILL_TYPES-vhi"}]}
RESULT: undefined
COMMAND: POST /session/673ee8da6ae2a3036ac170eb6294f89d/element - {"using":"xpath","value":"//*[@id=\"application-manageconditionprice-display-component---conditions--smartFilterBar-filterItemControl_BASIC-BILL_TYPES-vhi\"]"}
RESULT: {"using":"xpath","value":"//*[@id=\"application-manageconditionprice-display-component---conditions--smartFilterBar-filterItemControl_BASIC-BILL_TYPES-vhi\"]"}
COMMAND: POST /session/673ee8da6ae2a3036ac170eb6294f89d/element/f.D876D0B9E4FB8B9E585720C2FE40BD5D.d.1A94E0C27CBC187B8B1B74327A28B579.e.10059/click - {}
RESULT: {}
COMMAND: POST /session/673ee8da6ae2a3036ac170eb6294f89d/execute/async - {"script":"<script> [1562 bytes]","args":[{"selector":{"id":"application-manageconditionprice-display-component---conditions--smartFilterBar-filterItemControl_BASIC-BILL_TYPES-valueHelpDialog-smartFilterBar-btnBasicSearch","searchOpenDialogs":true,"interaction":{"idSuffix":"I"}},"wdio_ui5_key":"applicationmanageconditionprice-display-component---conditions--smartFilterBar-filterItemControl_BASIC-BILL_TYPES-valueHelpDialog-smartFilterBar-btnBasicSearch"}]}
COMMAND: GET /session/673ee8da6ae2a3036ac170eb6294f89d/screenshot - {}
RESULT: {"script":"<script> [1562 bytes]","args":[{"selector":{"id":"application-manageconditionprice-display-component---conditions--smartFilterBar-filterItemControl_BASIC-BILL_TYPES-valueHelpDialog-smartFilterBar-btnBasicSearch","searchOpenDialogs":true,"interaction":{"idSuffix":"I"}},"wdio_ui5_key":"applicationmanageconditionprice-display-component---conditions--smartFilterBar-filterItemControl_BASIC-BILL_TYPES-valueHelpDialog-smartFilterBar-btnBasicSearch"}]}
RESULT: undefined
COMMAND: POST /session/673ee8da6ae2a3036ac170eb6294f89d/execute/async - {"script":"<script> [776 bytes]","args":[{"enterText":"TB","selector":{"id":"application-manageconditionprice-display-component---conditions--smartFilterBar-filterItemControl_BASIC-BILL_TYPES-valueHelpDialog-smartFilterBar-btnBasicSearch","searchOpenDialogs":true,"interaction":{"idSuffix":"I"}},"clearTextFirst":true,"interactionType":"ENTER_TEXT"}]}
RESULT: {}
RESULT: {"script":"<script> [776 bytes]","args":[{"enterText":"TB","selector":{"id":"application-manageconditionprice-display-component---conditions--smartFilterBar-filterItemControl_BASIC-BILL_TYPES-valueHelpDialog-smartFilterBar-btnBasicSearch","searchOpenDialogs":true,"interaction":{"idSuffix":"I"}},"clearTextFirst":true,"interactionType":"ENTER_TEXT"}]}
COMMAND: POST /session/673ee8da6ae2a3036ac170eb6294f89d/actions - {"actions":[{"id":"action39","type":"key","parameters":{},"actions":[{"type":"keyDown","value":"î€‡"},{"type":"pause","duration":10},{"type":"keyUp","value":"î€‡"}]}]}
RESULT: {"actions":[{"id":"action39","type":"key","parameters":{},"actions":[{"type":"keyDown","value":"î€‡"},{"type":"pause","duration":10},{"type":"keyUp","value":"î€‡"}]}]}
COMMAND: GET /session/673ee8da6ae2a3036ac170eb6294f89d/screenshot - {}
RESULT: {}
COMMAND: POST /session/673ee8da6ae2a3036ac170eb6294f89d/element - {"using":"xpath","value":"//div[contains(@id, 'application-manageconditionprice-display-component---conditions--smartFilterBar-filterItemControl_BASIC-BILL_TYPES-valueHelpDialog-table-rowsel0')]"}
RESULT: {"using":"xpath","value":"//div[contains(@id, 'application-manageconditionprice-display-component---conditions--smartFilterBar-filterItemControl_BASIC-BILL_TYPES-valueHelpDialog-table-rowsel0')]"}
COMMAND: POST /session/673ee8da6ae2a3036ac170eb6294f89d/element/f.D876D0B9E4FB8B9E585720C2FE40BD5D.d.1A94E0C27CBC187B8B1B74327A28B579.e.10069/click - {}
RESULT: {}
COMMAND: GET /session/673ee8da6ae2a3036ac170eb6294f89d/screenshot - {}
RESULT: {}
COMMAND: POST /session/673ee8da6ae2a3036ac170eb6294f89d/element - {"using":"xpath","value":"//bdi[contains(text(), \"OK\")]"}
RESULT: {"using":"xpath","value":"//bdi[contains(text(), \"OK\")]"}
COMMAND: POST /session/673ee8da6ae2a3036ac170eb6294f89d/element/f.D876D0B9E4FB8B9E585720C2FE40BD5D.d.1A94E0C27CBC187B8B1B74327A28B579.e.10071/click - {}
RESULT: {}
COMMAND: GET /session/673ee8da6ae2a3036ac170eb6294f89d/screenshot - {}
RESULT: {}
COMMAND: POST /session/673ee8da6ae2a3036ac170eb6294f89d/element - {"using":"xpath","value":"//span[@id=\"application-manageconditionprice-display-component---conditions--smartTable-header-inner\"]"}
RESULT: {"using":"xpath","value":"//span[@id=\"application-manageconditionprice-display-component---conditions--smartTable-header-inner\"]"}
COMMAND: POST /session/673ee8da6ae2a3036ac170eb6294f89d/elements - {"using":"xpath","value":"//span[@id=\"application-manageconditionprice-display-component---conditions--smartTable-header-inner\"]"}
RESULT: {"using":"xpath","value":"//span[@id=\"application-manageconditionprice-display-component---conditions--smartTable-header-inner\"]"}
COMMAND: POST /session/673ee8da6ae2a3036ac170eb6294f89d/execute/sync - {"script":"<script> [56 bytes]","args":[{"element-6066-11e4-a52e-4f735466cecf":"f.D876D0B9E4FB8B9E585720C2FE40BD5D.d.1A94E0C27CBC187B8B1B74327A28B579.e.10074","ELEMENT":"f.D876D0B9E4FB8B9E585720C2FE40BD5D.d.1A94E0C27CBC187B8B1B74327A28B579.e.10074"}]}
RESULT: {"script":"<script> [56 bytes]","args":[{"element-6066-11e4-a52e-4f735466cecf":"f.D876D0B9E4FB8B9E585720C2FE40BD5D.d.1A94E0C27CBC187B8B1B74327A28B579.e.10074","ELEMENT":"f.D876D0B9E4FB8B9E585720C2FE40BD5D.d.1A94E0C27CBC187B8B1B74327A28B579.e.10074"}]}
COMMAND: POST /session/673ee8da6ae2a3036ac170eb6294f89d/element - {"using":"css selector","value":"#shell-header-logo"}
COMMAND: GET /session/673ee8da6ae2a3036ac170eb6294f89d/screenshot - {}
RESULT: {"using":"css selector","value":"#shell-header-logo"}
COMMAND: POST /session/673ee8da6ae2a3036ac170eb6294f89d/element/f.D876D0B9E4FB8B9E585720C2FE40BD5D.d.1A94E0C27CBC187B8B1B74327A28B579.e.9794/click - {}
RESULT: {}
RESULT: {}
COMMAND: GET /session/673ee8da6ae2a3036ac170eb6294f89d/screenshot - {}
RESULT: {}
]]></system-out>
    </testcase>
    <testcase classname="chrome.136_0_7103_93.windows.Billing_Transfer_-_Intracompany_US127249" name="Should do a stock increase handover" time="82.886">
      <system-out><![CDATA[
COMMAND: POST /session/673ee8da6ae2a3036ac170eb6294f89d/execute/async - {"script":"<script> [1562 bytes]","args":[{"selector":{"controlType":"sap.m.GenericTile","properties":{"header":"Manage Handovers"}},"wdio_ui5_key":"sapm.GenericTile{\"header\":\"Manage Handovers\"}"}]}
RESULT: {"script":"<script> [1562 bytes]","args":[{"selector":{"controlType":"sap.m.GenericTile","properties":{"header":"Manage Handovers"}},"wdio_ui5_key":"sapm.GenericTile{\"header\":\"Manage Handovers\"}"}]}
RESULT: undefined
COMMAND: POST /session/673ee8da6ae2a3036ac170eb6294f89d/element - {"using":"xpath","value":"//*[@id=\"__tile133\"]"}
RESULT: {"using":"xpath","value":"//*[@id=\"__tile133\"]"}
COMMAND: POST /session/673ee8da6ae2a3036ac170eb6294f89d/element/f.D876D0B9E4FB8B9E585720C2FE40BD5D.d.1A94E0C27CBC187B8B1B74327A28B579.e.8882/click - {}
RESULT: {}
COMMAND: GET /session/673ee8da6ae2a3036ac170eb6294f89d/screenshot - {}
RESULT: {}
COMMAND: POST /session/673ee8da6ae2a3036ac170eb6294f89d/elements - {"using":"xpath","value":"//span[text()='Error']"}
RESULT: {"using":"xpath","value":"//span[text()='Error']"}
COMMAND: POST /session/673ee8da6ae2a3036ac170eb6294f89d/element - {"using":"xpath","value":"//button[@data-kt=\"masterHOAddButton\"]"}
RESULT: {"using":"xpath","value":"//button[@data-kt=\"masterHOAddButton\"]"}
COMMAND: POST /session/673ee8da6ae2a3036ac170eb6294f89d/elements - {"using":"xpath","value":"//button[@data-kt=\"masterHOAddButton\"]"}
RESULT: {"using":"xpath","value":"//button[@data-kt=\"masterHOAddButton\"]"}
COMMAND: POST /session/673ee8da6ae2a3036ac170eb6294f89d/execute/sync - {"script":"<script> [8489 bytes]","args":[{"element-6066-11e4-a52e-4f735466cecf":"f.D876D0B9E4FB8B9E585720C2FE40BD5D.d.1A94E0C27CBC187B8B1B74327A28B579.e.10111","ELEMENT":"f.D876D0B9E4FB8B9E585720C2FE40BD5D.d.1A94E0C27CBC187B8B1B74327A28B579.e.10111"}]}
RESULT: {"script":"<script> [8489 bytes]","args":[{"element-6066-11e4-a52e-4f735466cecf":"f.D876D0B9E4FB8B9E585720C2FE40BD5D.d.1A94E0C27CBC187B8B1B74327A28B579.e.10111","ELEMENT":"f.D876D0B9E4FB8B9E585720C2FE40BD5D.d.1A94E0C27CBC187B8B1B74327A28B579.e.10111"}]}
COMMAND: GET /session/673ee8da6ae2a3036ac170eb6294f89d/element/f.D876D0B9E4FB8B9E585720C2FE40BD5D.d.1A94E0C27CBC187B8B1B74327A28B579.e.10111/enabled - {}
COMMAND: GET /session/673ee8da6ae2a3036ac170eb6294f89d/screenshot - {}
RESULT: {}
COMMAND: POST /session/673ee8da6ae2a3036ac170eb6294f89d/execute/sync - {"script":"<script> [8489 bytes]","args":[{"element-6066-11e4-a52e-4f735466cecf":"f.D876D0B9E4FB8B9E585720C2FE40BD5D.d.1A94E0C27CBC187B8B1B74327A28B579.e.10111","ELEMENT":"f.D876D0B9E4FB8B9E585720C2FE40BD5D.d.1A94E0C27CBC187B8B1B74327A28B579.e.10111"}]}
COMMAND: GET /session/673ee8da6ae2a3036ac170eb6294f89d/screenshot - {}
RESULT: {}
RESULT: {"script":"<script> [8489 bytes]","args":[{"element-6066-11e4-a52e-4f735466cecf":"f.D876D0B9E4FB8B9E585720C2FE40BD5D.d.1A94E0C27CBC187B8B1B74327A28B579.e.10111","ELEMENT":"f.D876D0B9E4FB8B9E585720C2FE40BD5D.d.1A94E0C27CBC187B8B1B74327A28B579.e.10111"}]}
COMMAND: POST /session/673ee8da6ae2a3036ac170eb6294f89d/execute/sync - {"script":"<script> [5351 bytes]","args":[{"element-6066-11e4-a52e-4f735466cecf":"f.D876D0B9E4FB8B9E585720C2FE40BD5D.d.1A94E0C27CBC187B8B1B74327A28B579.e.10111","ELEMENT":"f.D876D0B9E4FB8B9E585720C2FE40BD5D.d.1A94E0C27CBC187B8B1B74327A28B579.e.10111"}]}
COMMAND: GET /session/673ee8da6ae2a3036ac170eb6294f89d/screenshot - {}
RESULT: {}
RESULT: {"script":"<script> [5351 bytes]","args":[{"element-6066-11e4-a52e-4f735466cecf":"f.D876D0B9E4FB8B9E585720C2FE40BD5D.d.1A94E0C27CBC187B8B1B74327A28B579.e.10111","ELEMENT":"f.D876D0B9E4FB8B9E585720C2FE40BD5D.d.1A94E0C27CBC187B8B1B74327A28B579.e.10111"}]}
COMMAND: POST /session/673ee8da6ae2a3036ac170eb6294f89d/element/f.D876D0B9E4FB8B9E585720C2FE40BD5D.d.1A94E0C27CBC187B8B1B74327A28B579.e.10111/click - {}
COMMAND: GET /session/673ee8da6ae2a3036ac170eb6294f89d/screenshot - {}
RESULT: {}
RESULT: {}
COMMAND: GET /session/673ee8da6ae2a3036ac170eb6294f89d/screenshot - {}
RESULT: {}
COMMAND: POST /session/673ee8da6ae2a3036ac170eb6294f89d/element - {"using":"xpath","value":"//span[contains(@id ,\"AddNewHO--typeSelect-arrow\")]"}
RESULT: {}
RESULT: {"using":"xpath","value":"//span[contains(@id ,\"AddNewHO--typeSelect-arrow\")]"}
COMMAND: POST /session/673ee8da6ae2a3036ac170eb6294f89d/element/f.D876D0B9E4FB8B9E585720C2FE40BD5D.d.1A94E0C27CBC187B8B1B74327A28B579.e.10475/click - {}
RESULT: {}
COMMAND: GET /session/673ee8da6ae2a3036ac170eb6294f89d/screenshot - {}
RESULT: {}
COMMAND: POST /session/673ee8da6ae2a3036ac170eb6294f89d/element - {"using":"xpath","value":"(//li[contains(text(), \"stock increase yard\")])[1]"}
RESULT: {"using":"xpath","value":"(//li[contains(text(), \"stock increase yard\")])[1]"}
COMMAND: POST /session/673ee8da6ae2a3036ac170eb6294f89d/element/f.D876D0B9E4FB8B9E585720C2FE40BD5D.d.1A94E0C27CBC187B8B1B74327A28B579.e.10476/click - {}
RESULT: {}
COMMAND: GET /session/673ee8da6ae2a3036ac170eb6294f89d/screenshot - {}
RESULT: {}
COMMAND: POST /session/673ee8da6ae2a3036ac170eb6294f89d/execute/async - {"script":"<script> [1562 bytes]","args":[{"selector":{"id":"application-managehandovers-display-component---AddNewHO--dueDate","interaction":{"idSuffix":"inner"}},"wdio_ui5_key":"applicationmanagehandovers-display-component---AddNewHO--dueDate"}]}
RESULT: {"script":"<script> [1562 bytes]","args":[{"selector":{"id":"application-managehandovers-display-component---AddNewHO--dueDate","interaction":{"idSuffix":"inner"}},"wdio_ui5_key":"applicationmanagehandovers-display-component---AddNewHO--dueDate"}]}
RESULT: undefined
COMMAND: POST /session/673ee8da6ae2a3036ac170eb6294f89d/execute/async - {"script":"<script> [6424 bytes]","args":[{"element-6066-11e4-a52e-4f735466cecf":"f.D876D0B9E4FB8B9E585720C2FE40BD5D.d.1A94E0C27CBC187B8B1B74327A28B579.e.10478"},"setValue",["5/18/25"]]}
RESULT: {"script":"<script> [6424 bytes]","args":[{"element-6066-11e4-a52e-4f735466cecf":"f.D876D0B9E4FB8B9E585720C2FE40BD5D.d.1A94E0C27CBC187B8B1B74327A28B579.e.10478"},"setValue",["5/18/25"]]}
COMMAND: POST /session/673ee8da6ae2a3036ac170eb6294f89d/element - {"using":"xpath","value":"//input[@id=\"generalSectionFrg--receiveYard-inner\"]"}
RESULT: {"using":"xpath","value":"//input[@id=\"generalSectionFrg--receiveYard-inner\"]"}
COMMAND: POST /session/673ee8da6ae2a3036ac170eb6294f89d/element/f.D876D0B9E4FB8B9E585720C2FE40BD5D.d.1A94E0C27CBC187B8B1B74327A28B579.e.10482/clear - {}
RESULT: {}
COMMAND: POST /session/673ee8da6ae2a3036ac170eb6294f89d/element/f.D876D0B9E4FB8B9E585720C2FE40BD5D.d.1A94E0C27CBC187B8B1B74327A28B579.e.10482/value - {"text":"532"}
COMMAND: GET /session/673ee8da6ae2a3036ac170eb6294f89d/screenshot - {}
RESULT: {"text":"532"}
COMMAND: GET /session/673ee8da6ae2a3036ac170eb6294f89d/screenshot - {}
RESULT: {}
RESULT: {}
COMMAND: POST /session/673ee8da6ae2a3036ac170eb6294f89d/element - {"using":"xpath","value":"//li[.//span[text()='532']]"}
RESULT: {"using":"xpath","value":"//li[.//span[text()='532']]"}
COMMAND: POST /session/673ee8da6ae2a3036ac170eb6294f89d/element/f.D876D0B9E4FB8B9E585720C2FE40BD5D.d.1A94E0C27CBC187B8B1B74327A28B579.e.10500/click - {}
RESULT: {}
COMMAND: GET /session/673ee8da6ae2a3036ac170eb6294f89d/screenshot - {}
RESULT: {}
COMMAND: POST /session/673ee8da6ae2a3036ac170eb6294f89d/execute/async - {"script":"<script> [1562 bytes]","args":[{"selector":{"id":"application-managehandovers-display-component---AddNewHO--ObjectPageLayout-anchBar-application-managehandovers-display-component---AddNewHO--section4-anchor","interaction":{"idSuffix":"BDI-content"}},"wdio_ui5_key":"applicationmanagehandovers-display-component---AddNewHO--ObjectPageLayout-anchBar-application-managehandovers-display-component---AddNewHO--section4-anchor"}]}
RESULT: {"script":"<script> [1562 bytes]","args":[{"selector":{"id":"application-managehandovers-display-component---AddNewHO--ObjectPageLayout-anchBar-application-managehandovers-display-component---AddNewHO--section4-anchor","interaction":{"idSuffix":"BDI-content"}},"wdio_ui5_key":"applicationmanagehandovers-display-component---AddNewHO--ObjectPageLayout-anchBar-application-managehandovers-display-component---AddNewHO--section4-anchor"}]}
RESULT: undefined
COMMAND: POST /session/673ee8da6ae2a3036ac170eb6294f89d/element - {"using":"xpath","value":"//*[@id=\"application-managehandovers-display-component---AddNewHO--ObjectPageLayout-anchBar-application-managehandovers-display-component---AddNewHO--section4-anchor\"]"}
RESULT: {"using":"xpath","value":"//*[@id=\"application-managehandovers-display-component---AddNewHO--ObjectPageLayout-anchBar-application-managehandovers-display-component---AddNewHO--section4-anchor\"]"}
COMMAND: POST /session/673ee8da6ae2a3036ac170eb6294f89d/element/f.D876D0B9E4FB8B9E585720C2FE40BD5D.d.1A94E0C27CBC187B8B1B74327A28B579.e.10502/click - {}
RESULT: {}
COMMAND: POST /session/673ee8da6ae2a3036ac170eb6294f89d/element - {"using":"xpath","value":"//button[@aria-label=\"Add\"]"}
COMMAND: GET /session/673ee8da6ae2a3036ac170eb6294f89d/screenshot - {}
RESULT: {"using":"xpath","value":"//button[@aria-label=\"Add\"]"}
COMMAND: POST /session/673ee8da6ae2a3036ac170eb6294f89d/element/f.D876D0B9E4FB8B9E585720C2FE40BD5D.d.1A94E0C27CBC187B8B1B74327A28B579.e.10504/click - {}
RESULT: {}
RESULT: {}
COMMAND: GET /session/673ee8da6ae2a3036ac170eb6294f89d/screenshot - {}
RESULT: {}
COMMAND: POST /session/673ee8da6ae2a3036ac170eb6294f89d/execute/async - {"script":"<script> [1562 bytes]","args":[{"selector":{"id":"application-managehandovers-display-component---AddNewHO--smartFilterBar-btnBasicSearch","searchOpenDialogs":true,"interaction":{"idSuffix":"I"}},"wdio_ui5_key":"applicationmanagehandovers-display-component---AddNewHO--smartFilterBar-btnBasicSearch"}]}
RESULT: {"script":"<script> [1562 bytes]","args":[{"selector":{"id":"application-managehandovers-display-component---AddNewHO--smartFilterBar-btnBasicSearch","searchOpenDialogs":true,"interaction":{"idSuffix":"I"}},"wdio_ui5_key":"applicationmanagehandovers-display-component---AddNewHO--smartFilterBar-btnBasicSearch"}]}
RESULT: undefined
COMMAND: POST /session/673ee8da6ae2a3036ac170eb6294f89d/execute/async - {"script":"<script> [776 bytes]","args":[{"enterText":"uJWUWqcVQY","selector":{"id":"application-managehandovers-display-component---AddNewHO--smartFilterBar-btnBasicSearch","searchOpenDialogs":true,"interaction":{"idSuffix":"I"}},"clearTextFirst":true,"interactionType":"ENTER_TEXT"}]}
RESULT: {"script":"<script> [776 bytes]","args":[{"enterText":"uJWUWqcVQY","selector":{"id":"application-managehandovers-display-component---AddNewHO--smartFilterBar-btnBasicSearch","searchOpenDialogs":true,"interaction":{"idSuffix":"I"}},"clearTextFirst":true,"interactionType":"ENTER_TEXT"}]}
COMMAND: POST /session/673ee8da6ae2a3036ac170eb6294f89d/actions - {"actions":[{"id":"action40","type":"key","parameters":{},"actions":[{"type":"keyDown","value":"î€‡"},{"type":"pause","duration":10},{"type":"keyUp","value":"î€‡"}]}]}
RESULT: {"actions":[{"id":"action40","type":"key","parameters":{},"actions":[{"type":"keyDown","value":"î€‡"},{"type":"pause","duration":10},{"type":"keyUp","value":"î€‡"}]}]}
COMMAND: GET /session/673ee8da6ae2a3036ac170eb6294f89d/screenshot - {}
RESULT: {}
COMMAND: POST /session/673ee8da6ae2a3036ac170eb6294f89d/execute/async - {"script":"<script> [1562 bytes]","args":[{"selector":{"id":"application-managehandovers-display-component---AddNewHO--popup-sa","searchOpenDialogs":true,"interaction":{"idSuffix":"CbBg"}},"wdio_ui5_key":"applicationmanagehandovers-display-component---AddNewHO--popup-sa"}]}
RESULT: {"script":"<script> [1562 bytes]","args":[{"selector":{"id":"application-managehandovers-display-component---AddNewHO--popup-sa","searchOpenDialogs":true,"interaction":{"idSuffix":"CbBg"}},"wdio_ui5_key":"applicationmanagehandovers-display-component---AddNewHO--popup-sa"}]}
RESULT: undefined
COMMAND: POST /session/673ee8da6ae2a3036ac170eb6294f89d/element - {"using":"xpath","value":"//*[@id=\"application-managehandovers-display-component---AddNewHO--popup-sa\"]"}
RESULT: {"using":"xpath","value":"//*[@id=\"application-managehandovers-display-component---AddNewHO--popup-sa\"]"}
COMMAND: POST /session/673ee8da6ae2a3036ac170eb6294f89d/element/f.D876D0B9E4FB8B9E585720C2FE40BD5D.d.1A94E0C27CBC187B8B1B74327A28B579.e.10657/click - {}
RESULT: {}
COMMAND: GET /session/673ee8da6ae2a3036ac170eb6294f89d/screenshot - {}
RESULT: {}
COMMAND: POST /session/673ee8da6ae2a3036ac170eb6294f89d/element - {"using":"xpath","value":"//bdi[contains(text(), \"Select\")]"}
RESULT: {"using":"xpath","value":"//bdi[contains(text(), \"Select\")]"}
COMMAND: POST /session/673ee8da6ae2a3036ac170eb6294f89d/element/f.D876D0B9E4FB8B9E585720C2FE40BD5D.d.1A94E0C27CBC187B8B1B74327A28B579.e.10658/click - {}
RESULT: {}
COMMAND: GET /session/673ee8da6ae2a3036ac170eb6294f89d/screenshot - {}
RESULT: {}
COMMAND: POST /session/673ee8da6ae2a3036ac170eb6294f89d/element - {"using":"xpath","value":"//button[@data-kt=\"AddNewHOSaveButton\"]"}
RESULT: {"using":"xpath","value":"//button[@data-kt=\"AddNewHOSaveButton\"]"}
COMMAND: POST /session/673ee8da6ae2a3036ac170eb6294f89d/element/f.D876D0B9E4FB8B9E585720C2FE40BD5D.d.1A94E0C27CBC187B8B1B74327A28B579.e.10662/click - {}
RESULT: {}
COMMAND: GET /session/673ee8da6ae2a3036ac170eb6294f89d/screenshot - {}
RESULT: {}
COMMAND: POST /session/673ee8da6ae2a3036ac170eb6294f89d/execute/async - {"script":"<script> [1562 bytes]","args":[{"selector":{"id":"receiptDatePicker","viewName":"etm.portal.ui.managehandovers.view.DetailExecuteHO","interaction":{"idSuffix":"inner"}},"wdio_ui5_key":"receiptDatePickeretmportal.ui.managehandovers.view.DetailExecuteHO"}]}
RESULT: {"script":"<script> [1562 bytes]","args":[{"selector":{"id":"receiptDatePicker","viewName":"etm.portal.ui.managehandovers.view.DetailExecuteHO","interaction":{"idSuffix":"inner"}},"wdio_ui5_key":"receiptDatePickeretmportal.ui.managehandovers.view.DetailExecuteHO"}]}
RESULT: undefined
COMMAND: POST /session/673ee8da6ae2a3036ac170eb6294f89d/execute/async - {"script":"<script> [6424 bytes]","args":[{"element-6066-11e4-a52e-4f735466cecf":"f.D876D0B9E4FB8B9E585720C2FE40BD5D.d.1A94E0C27CBC187B8B1B74327A28B579.e.10681"},"setValue",["5/18/25"]]}
RESULT: {"script":"<script> [6424 bytes]","args":[{"element-6066-11e4-a52e-4f735466cecf":"f.D876D0B9E4FB8B9E585720C2FE40BD5D.d.1A94E0C27CBC187B8B1B74327A28B579.e.10681"},"setValue",["5/18/25"]]}
COMMAND: POST /session/673ee8da6ae2a3036ac170eb6294f89d/element - {"using":"xpath","value":"//button[@data-kt=\"PickingTableConfirmAllButton\"]"}
RESULT: {"using":"xpath","value":"//button[@data-kt=\"PickingTableConfirmAllButton\"]"}
COMMAND: POST /session/673ee8da6ae2a3036ac170eb6294f89d/element/f.D876D0B9E4FB8B9E585720C2FE40BD5D.d.1A94E0C27CBC187B8B1B74327A28B579.e.10695/click - {}
RESULT: {}
COMMAND: GET /session/673ee8da6ae2a3036ac170eb6294f89d/screenshot - {}
RESULT: {}
COMMAND: POST /session/673ee8da6ae2a3036ac170eb6294f89d/element - {"using":"xpath","value":"//bdi[contains(text(), \"OK\")]"}
RESULT: {"using":"xpath","value":"//bdi[contains(text(), \"OK\")]"}
COMMAND: POST /session/673ee8da6ae2a3036ac170eb6294f89d/element/f.D876D0B9E4FB8B9E585720C2FE40BD5D.d.1A94E0C27CBC187B8B1B74327A28B579.e.10697/click - {}
RESULT: {}
COMMAND: GET /session/673ee8da6ae2a3036ac170eb6294f89d/screenshot - {}
RESULT: {}
COMMAND: POST /session/673ee8da6ae2a3036ac170eb6294f89d/element - {"using":"xpath","value":"(//bdi[contains(text(), \"Receive\")])[2]"}
RESULT: {"using":"xpath","value":"(//bdi[contains(text(), \"Receive\")])[2]"}
COMMAND: POST /session/673ee8da6ae2a3036ac170eb6294f89d/element/f.D876D0B9E4FB8B9E585720C2FE40BD5D.d.1A94E0C27CBC187B8B1B74327A28B579.e.10699/click - {}
RESULT: {}
COMMAND: GET /session/673ee8da6ae2a3036ac170eb6294f89d/screenshot - {}
RESULT: {}
COMMAND: POST /session/673ee8da6ae2a3036ac170eb6294f89d/element - {"using":"css selector","value":"#shell-header-logo"}
RESULT: {"using":"css selector","value":"#shell-header-logo"}
COMMAND: POST /session/673ee8da6ae2a3036ac170eb6294f89d/element/f.D876D0B9E4FB8B9E585720C2FE40BD5D.d.1A94E0C27CBC187B8B1B74327A28B579.e.10080/click - {}
RESULT: {}
COMMAND: GET /session/673ee8da6ae2a3036ac170eb6294f89d/screenshot - {}
RESULT: {}
]]></system-out>
    </testcase>
    <testcase classname="chrome.136_0_7103_93.windows.Billing_Transfer_-_Intracompany_US127249" name="Should create a new contract" time="64.198">
      <system-out><![CDATA[
COMMAND: POST /session/673ee8da6ae2a3036ac170eb6294f89d/execute/async - {"script":"<script> [1562 bytes]","args":[{"selector":{"controlType":"sap.m.GenericTile","properties":{"header":"Manage Contracts"}},"wdio_ui5_key":"sapm.GenericTile{\"header\":\"Manage Contracts\"}"}]}
RESULT: {"script":"<script> [1562 bytes]","args":[{"selector":{"controlType":"sap.m.GenericTile","properties":{"header":"Manage Contracts"}},"wdio_ui5_key":"sapm.GenericTile{\"header\":\"Manage Contracts\"}"}]}
RESULT: undefined
COMMAND: POST /session/673ee8da6ae2a3036ac170eb6294f89d/element - {"using":"xpath","value":"//*[@id=\"__tile130\"]"}
RESULT: {"using":"xpath","value":"//*[@id=\"__tile130\"]"}
COMMAND: POST /session/673ee8da6ae2a3036ac170eb6294f89d/element/f.D876D0B9E4FB8B9E585720C2FE40BD5D.d.1A94E0C27CBC187B8B1B74327A28B579.e.8871/click - {}
RESULT: {}
COMMAND: GET /session/673ee8da6ae2a3036ac170eb6294f89d/screenshot - {}
RESULT: {}
COMMAND: POST /session/673ee8da6ae2a3036ac170eb6294f89d/elements - {"using":"xpath","value":"//span[text()='Error']"}
RESULT: {"using":"xpath","value":"//span[text()='Error']"}
COMMAND: POST /session/673ee8da6ae2a3036ac170eb6294f89d/element - {"using":"xpath","value":"//button[@data-kt=\"addButton\"]"}
RESULT: {"using":"xpath","value":"//button[@data-kt=\"addButton\"]"}
COMMAND: POST /session/673ee8da6ae2a3036ac170eb6294f89d/elements - {"using":"xpath","value":"//button[@data-kt=\"addButton\"]"}
RESULT: {"using":"xpath","value":"//button[@data-kt=\"addButton\"]"}
COMMAND: POST /session/673ee8da6ae2a3036ac170eb6294f89d/execute/sync - {"script":"<script> [8489 bytes]","args":[{"element-6066-11e4-a52e-4f735466cecf":"f.D876D0B9E4FB8B9E585720C2FE40BD5D.d.1A94E0C27CBC187B8B1B74327A28B579.e.10912","ELEMENT":"f.D876D0B9E4FB8B9E585720C2FE40BD5D.d.1A94E0C27CBC187B8B1B74327A28B579.e.10912"}]}
RESULT: {"script":"<script> [8489 bytes]","args":[{"element-6066-11e4-a52e-4f735466cecf":"f.D876D0B9E4FB8B9E585720C2FE40BD5D.d.1A94E0C27CBC187B8B1B74327A28B579.e.10912","ELEMENT":"f.D876D0B9E4FB8B9E585720C2FE40BD5D.d.1A94E0C27CBC187B8B1B74327A28B579.e.10912"}]}
COMMAND: GET /session/673ee8da6ae2a3036ac170eb6294f89d/element/f.D876D0B9E4FB8B9E585720C2FE40BD5D.d.1A94E0C27CBC187B8B1B74327A28B579.e.10912/enabled - {}
COMMAND: GET /session/673ee8da6ae2a3036ac170eb6294f89d/screenshot - {}
RESULT: {}
COMMAND: POST /session/673ee8da6ae2a3036ac170eb6294f89d/execute/sync - {"script":"<script> [8489 bytes]","args":[{"element-6066-11e4-a52e-4f735466cecf":"f.D876D0B9E4FB8B9E585720C2FE40BD5D.d.1A94E0C27CBC187B8B1B74327A28B579.e.10912","ELEMENT":"f.D876D0B9E4FB8B9E585720C2FE40BD5D.d.1A94E0C27CBC187B8B1B74327A28B579.e.10912"}]}
COMMAND: GET /session/673ee8da6ae2a3036ac170eb6294f89d/screenshot - {}
RESULT: {}
RESULT: {"script":"<script> [8489 bytes]","args":[{"element-6066-11e4-a52e-4f735466cecf":"f.D876D0B9E4FB8B9E585720C2FE40BD5D.d.1A94E0C27CBC187B8B1B74327A28B579.e.10912","ELEMENT":"f.D876D0B9E4FB8B9E585720C2FE40BD5D.d.1A94E0C27CBC187B8B1B74327A28B579.e.10912"}]}
COMMAND: POST /session/673ee8da6ae2a3036ac170eb6294f89d/execute/sync - {"script":"<script> [5351 bytes]","args":[{"element-6066-11e4-a52e-4f735466cecf":"f.D876D0B9E4FB8B9E585720C2FE40BD5D.d.1A94E0C27CBC187B8B1B74327A28B579.e.10912","ELEMENT":"f.D876D0B9E4FB8B9E585720C2FE40BD5D.d.1A94E0C27CBC187B8B1B74327A28B579.e.10912"}]}
COMMAND: GET /session/673ee8da6ae2a3036ac170eb6294f89d/screenshot - {}
RESULT: {}
RESULT: {"script":"<script> [5351 bytes]","args":[{"element-6066-11e4-a52e-4f735466cecf":"f.D876D0B9E4FB8B9E585720C2FE40BD5D.d.1A94E0C27CBC187B8B1B74327A28B579.e.10912","ELEMENT":"f.D876D0B9E4FB8B9E585720C2FE40BD5D.d.1A94E0C27CBC187B8B1B74327A28B579.e.10912"}]}
COMMAND: GET /session/673ee8da6ae2a3036ac170eb6294f89d/screenshot - {}
RESULT: {}
RESULT: {}
COMMAND: POST /session/673ee8da6ae2a3036ac170eb6294f89d/element/f.D876D0B9E4FB8B9E585720C2FE40BD5D.d.1A94E0C27CBC187B8B1B74327A28B579.e.10912/click - {}
RESULT: {}
COMMAND: GET /session/673ee8da6ae2a3036ac170eb6294f89d/screenshot - {}
COMMAND: POST /session/673ee8da6ae2a3036ac170eb6294f89d/execute/async - {"script":"<script> [1562 bytes]","args":[{"selector":{"id":"application-managecontracts-display-component---AddNewContract--projectDescription","interaction":{"idSuffix":"inner"}},"wdio_ui5_key":"applicationmanagecontracts-display-component---AddNewContract--projectDescription"}]}
RESULT: {}
RESULT: {"script":"<script> [1562 bytes]","args":[{"selector":{"id":"application-managecontracts-display-component---AddNewContract--projectDescription","interaction":{"idSuffix":"inner"}},"wdio_ui5_key":"applicationmanagecontracts-display-component---AddNewContract--projectDescription"}]}
RESULT: undefined
COMMAND: POST /session/673ee8da6ae2a3036ac170eb6294f89d/execute/async - {"script":"<script> [776 bytes]","args":[{"enterText":"Contract WDIO","selector":{"id":"application-managecontracts-display-component---AddNewContract--projectDescription","interaction":{"idSuffix":"inner"}},"clearTextFirst":true,"interactionType":"ENTER_TEXT"}]}
RESULT: {"script":"<script> [776 bytes]","args":[{"enterText":"Contract WDIO","selector":{"id":"application-managecontracts-display-component---AddNewContract--projectDescription","interaction":{"idSuffix":"inner"}},"clearTextFirst":true,"interactionType":"ENTER_TEXT"}]}
COMMAND: POST /session/673ee8da6ae2a3036ac170eb6294f89d/element - {"using":"xpath","value":"//input[@id=\"application-managecontracts-display-component---AddNewContract--site-inner\"]"}
RESULT: {"using":"xpath","value":"//input[@id=\"application-managecontracts-display-component---AddNewContract--site-inner\"]"}
COMMAND: POST /session/673ee8da6ae2a3036ac170eb6294f89d/element/f.D876D0B9E4FB8B9E585720C2FE40BD5D.d.1A94E0C27CBC187B8B1B74327A28B579.e.11273/clear - {}
RESULT: {}
COMMAND: POST /session/673ee8da6ae2a3036ac170eb6294f89d/element/f.D876D0B9E4FB8B9E585720C2FE40BD5D.d.1A94E0C27CBC187B8B1B74327A28B579.e.11273/value - {"text":"2263"}
COMMAND: GET /session/673ee8da6ae2a3036ac170eb6294f89d/screenshot - {}
RESULT: {"text":"2263"}
COMMAND: GET /session/673ee8da6ae2a3036ac170eb6294f89d/screenshot - {}
RESULT: {}
RESULT: {}
COMMAND: POST /session/673ee8da6ae2a3036ac170eb6294f89d/element - {"using":"xpath","value":"//li[.//span[text()='2263']]"}
RESULT: {"using":"xpath","value":"//li[.//span[text()='2263']]"}
COMMAND: POST /session/673ee8da6ae2a3036ac170eb6294f89d/element/f.D876D0B9E4FB8B9E585720C2FE40BD5D.d.1A94E0C27CBC187B8B1B74327A28B579.e.11305/click - {}
RESULT: {}
COMMAND: GET /session/673ee8da6ae2a3036ac170eb6294f89d/screenshot - {}
RESULT: {}
COMMAND: POST /session/673ee8da6ae2a3036ac170eb6294f89d/element - {"using":"xpath","value":"//input[@id=\"application-managecontracts-display-component---AddNewContract--yardId-inner\"]"}
RESULT: {"using":"xpath","value":"//input[@id=\"application-managecontracts-display-component---AddNewContract--yardId-inner\"]"}
COMMAND: GET /session/673ee8da6ae2a3036ac170eb6294f89d/element/f.D876D0B9E4FB8B9E585720C2FE40BD5D.d.1A94E0C27CBC187B8B1B74327A28B579.e.11274/property/value - {}
RESULT: {}
COMMAND: POST /session/673ee8da6ae2a3036ac170eb6294f89d/element - {"using":"xpath","value":"//input[@id=\"application-managecontracts-display-component---AddNewContract--customerSelect-inner\"]"}
COMMAND: GET /session/673ee8da6ae2a3036ac170eb6294f89d/screenshot - {}
RESULT: {"using":"xpath","value":"//input[@id=\"application-managecontracts-display-component---AddNewContract--customerSelect-inner\"]"}
COMMAND: POST /session/673ee8da6ae2a3036ac170eb6294f89d/element/f.D876D0B9E4FB8B9E585720C2FE40BD5D.d.1A94E0C27CBC187B8B1B74327A28B579.e.11272/clear - {}
RESULT: {}
RESULT: {}
COMMAND: POST /session/673ee8da6ae2a3036ac170eb6294f89d/element/f.D876D0B9E4FB8B9E585720C2FE40BD5D.d.1A94E0C27CBC187B8B1B74327A28B579.e.11272/value - {"text":"1313"}
COMMAND: GET /session/673ee8da6ae2a3036ac170eb6294f89d/screenshot - {}
RESULT: {"text":"1313"}
COMMAND: GET /session/673ee8da6ae2a3036ac170eb6294f89d/screenshot - {}
RESULT: {}
RESULT: {}
COMMAND: POST /session/673ee8da6ae2a3036ac170eb6294f89d/element - {"using":"xpath","value":"//li[.//span[text()='1313']]"}
RESULT: {"using":"xpath","value":"//li[.//span[text()='1313']]"}
COMMAND: POST /session/673ee8da6ae2a3036ac170eb6294f89d/element/f.D876D0B9E4FB8B9E585720C2FE40BD5D.d.1A94E0C27CBC187B8B1B74327A28B579.e.11308/click - {}
RESULT: {}
COMMAND: GET /session/673ee8da6ae2a3036ac170eb6294f89d/screenshot - {}
RESULT: {}
COMMAND: POST /session/673ee8da6ae2a3036ac170eb6294f89d/element - {"using":"xpath","value":"//button[@data-kt=\"saveButton\"]"}
RESULT: {"using":"xpath","value":"//button[@data-kt=\"saveButton\"]"}
COMMAND: POST /session/673ee8da6ae2a3036ac170eb6294f89d/element/f.D876D0B9E4FB8B9E585720C2FE40BD5D.d.1A94E0C27CBC187B8B1B74327A28B579.e.11309/click - {}
RESULT: {}
COMMAND: GET /session/673ee8da6ae2a3036ac170eb6294f89d/screenshot - {}
RESULT: {}
COMMAND: POST /session/673ee8da6ae2a3036ac170eb6294f89d/element - {"using":"xpath","value":"//span[contains(@id ,\"contractDetailTitleNoExpanded\")]"}
RESULT: {"using":"xpath","value":"//span[contains(@id ,\"contractDetailTitleNoExpanded\")]"}
COMMAND: POST /session/673ee8da6ae2a3036ac170eb6294f89d/elements - {"using":"xpath","value":"//span[contains(@id ,\"contractDetailTitleNoExpanded\")]"}
RESULT: {"using":"xpath","value":"//span[contains(@id ,\"contractDetailTitleNoExpanded\")]"}
COMMAND: POST /session/673ee8da6ae2a3036ac170eb6294f89d/execute/sync - {"script":"<script> [56 bytes]","args":[{"element-6066-11e4-a52e-4f735466cecf":"f.D876D0B9E4FB8B9E585720C2FE40BD5D.d.1A94E0C27CBC187B8B1B74327A28B579.e.11379","ELEMENT":"f.D876D0B9E4FB8B9E585720C2FE40BD5D.d.1A94E0C27CBC187B8B1B74327A28B579.e.11379"}]}
RESULT: {"script":"<script> [56 bytes]","args":[{"element-6066-11e4-a52e-4f735466cecf":"f.D876D0B9E4FB8B9E585720C2FE40BD5D.d.1A94E0C27CBC187B8B1B74327A28B579.e.11379","ELEMENT":"f.D876D0B9E4FB8B9E585720C2FE40BD5D.d.1A94E0C27CBC187B8B1B74327A28B579.e.11379"}]}
COMMAND: GET /session/673ee8da6ae2a3036ac170eb6294f89d/screenshot - {}
RESULT: {}
]]></system-out>
    </testcase>
    <testcase classname="chrome.136_0_7103_93.windows.Billing_Transfer_-_Intracompany_US127249" name="Should add equipment to the contract" time="46.249">
      <system-out><![CDATA[
COMMAND: POST /session/673ee8da6ae2a3036ac170eb6294f89d/element - {"using":"xpath","value":"//button[@data-kt=\"contractDetailEditBtnButton\"]"}
RESULT: {"using":"xpath","value":"//button[@data-kt=\"contractDetailEditBtnButton\"]"}
COMMAND: POST /session/673ee8da6ae2a3036ac170eb6294f89d/element/f.D876D0B9E4FB8B9E585720C2FE40BD5D.d.1A94E0C27CBC187B8B1B74327A28B579.e.11382/click - {}
RESULT: {}
COMMAND: GET /session/673ee8da6ae2a3036ac170eb6294f89d/screenshot - {}
RESULT: {}
COMMAND: POST /session/673ee8da6ae2a3036ac170eb6294f89d/element - {"using":"xpath","value":"(//span[contains(text(), \"Additional Addresses\")])[2]"}
RESULT: {"using":"xpath","value":"(//span[contains(text(), \"Additional Addresses\")])[2]"}
COMMAND: POST /session/673ee8da6ae2a3036ac170eb6294f89d/element/f.D876D0B9E4FB8B9E585720C2FE40BD5D.d.1A94E0C27CBC187B8B1B74327A28B579.e.11436/click - {}
RESULT: {}
COMMAND: GET /session/673ee8da6ae2a3036ac170eb6294f89d/screenshot - {}
RESULT: {}
COMMAND: POST /session/673ee8da6ae2a3036ac170eb6294f89d/element - {"using":"xpath","value":"//button[@data-kt=\"btnAddTableRowOverflowToolbarButton\"]"}
RESULT: {"using":"xpath","value":"//button[@data-kt=\"btnAddTableRowOverflowToolbarButton\"]"}
COMMAND: POST /session/673ee8da6ae2a3036ac170eb6294f89d/element/f.D876D0B9E4FB8B9E585720C2FE40BD5D.d.1A94E0C27CBC187B8B1B74327A28B579.e.11440/click - {}
RESULT: {}
COMMAND: GET /session/673ee8da6ae2a3036ac170eb6294f89d/screenshot - {}
RESULT: {}
COMMAND: POST /session/673ee8da6ae2a3036ac170eb6294f89d/element - {"using":"xpath","value":"//div[(text() = 'Standard Entry' or . = 'Standard Entry')]"}
RESULT: {"using":"xpath","value":"//div[(text() = 'Standard Entry' or . = 'Standard Entry')]"}
COMMAND: POST /session/673ee8da6ae2a3036ac170eb6294f89d/element/f.D876D0B9E4FB8B9E585720C2FE40BD5D.d.1A94E0C27CBC187B8B1B74327A28B579.e.11442/click - {}
RESULT: {}
COMMAND: GET /session/673ee8da6ae2a3036ac170eb6294f89d/screenshot - {}
RESULT: {}
COMMAND: POST /session/673ee8da6ae2a3036ac170eb6294f89d/element - {"using":"xpath","value":"//td[7]/div/div/input"}
RESULT: {"using":"xpath","value":"//td[7]/div/div/input"}
COMMAND: POST /session/673ee8da6ae2a3036ac170eb6294f89d/element/f.D876D0B9E4FB8B9E585720C2FE40BD5D.d.1A94E0C27CBC187B8B1B74327A28B579.e.11451/clear - {}
RESULT: {}
COMMAND: POST /session/673ee8da6ae2a3036ac170eb6294f89d/element/f.D876D0B9E4FB8B9E585720C2FE40BD5D.d.1A94E0C27CBC187B8B1B74327A28B579.e.11451/value - {"text":"uJWUWqcVQY"}
COMMAND: GET /session/673ee8da6ae2a3036ac170eb6294f89d/screenshot - {}
RESULT: {"text":"uJWUWqcVQY"}
COMMAND: GET /session/673ee8da6ae2a3036ac170eb6294f89d/screenshot - {}
RESULT: {}
RESULT: {}
COMMAND: POST /session/673ee8da6ae2a3036ac170eb6294f89d/actions - {"actions":[{"id":"action41","type":"key","parameters":{},"actions":[{"type":"keyDown","value":"î€‡"},{"type":"pause","duration":10},{"type":"keyUp","value":"î€‡"}]}]}
RESULT: {"actions":[{"id":"action41","type":"key","parameters":{},"actions":[{"type":"keyDown","value":"î€‡"},{"type":"pause","duration":10},{"type":"keyUp","value":"î€‡"}]}]}
COMMAND: GET /session/673ee8da6ae2a3036ac170eb6294f89d/screenshot - {}
RESULT: {}
COMMAND: POST /session/673ee8da6ae2a3036ac170eb6294f89d/execute/sync - {"script":"<script> [276 bytes]","args":["No pricing information was found"]}
RESULT: {"script":"<script> [276 bytes]","args":["No pricing information was found"]}
COMMAND: POST /session/673ee8da6ae2a3036ac170eb6294f89d/element - {"using":"xpath","value":"(//button[@data-kt=\"saveButton\"])[2]"}
COMMAND: GET /session/673ee8da6ae2a3036ac170eb6294f89d/screenshot - {}
RESULT: {"using":"xpath","value":"(//button[@data-kt=\"saveButton\"])[2]"}
COMMAND: POST /session/673ee8da6ae2a3036ac170eb6294f89d/element/f.D876D0B9E4FB8B9E585720C2FE40BD5D.d.1A94E0C27CBC187B8B1B74327A28B579.e.11466/click - {}
RESULT: {}
RESULT: {}
COMMAND: GET /session/673ee8da6ae2a3036ac170eb6294f89d/screenshot - {}
RESULT: {}
COMMAND: POST /session/673ee8da6ae2a3036ac170eb6294f89d/execute/sync - {"script":"<script> [276 bytes]","args":["Some contract items are having rental validity exceeding header rental validity"]}
RESULT: {"script":"<script> [276 bytes]","args":["Some contract items are having rental validity exceeding header rental validity"]}
COMMAND: GET /session/673ee8da6ae2a3036ac170eb6294f89d/screenshot - {}
RESULT: {}
COMMAND: POST /session/673ee8da6ae2a3036ac170eb6294f89d/element - {"using":"xpath","value":"//span[contains(@id ,\"contractItemsSmartTable-header-inner\")]"}
RESULT: {"using":"xpath","value":"//span[contains(@id ,\"contractItemsSmartTable-header-inner\")]"}
COMMAND: POST /session/673ee8da6ae2a3036ac170eb6294f89d/elements - {"using":"xpath","value":"//span[contains(@id ,\"contractItemsSmartTable-header-inner\")]"}
RESULT: {"using":"xpath","value":"//span[contains(@id ,\"contractItemsSmartTable-header-inner\")]"}
COMMAND: POST /session/673ee8da6ae2a3036ac170eb6294f89d/execute/sync - {"script":"<script> [56 bytes]","args":[{"element-6066-11e4-a52e-4f735466cecf":"f.D876D0B9E4FB8B9E585720C2FE40BD5D.d.1A94E0C27CBC187B8B1B74327A28B579.e.11472","ELEMENT":"f.D876D0B9E4FB8B9E585720C2FE40BD5D.d.1A94E0C27CBC187B8B1B74327A28B579.e.11472"}]}
RESULT: {"script":"<script> [56 bytes]","args":[{"element-6066-11e4-a52e-4f735466cecf":"f.D876D0B9E4FB8B9E585720C2FE40BD5D.d.1A94E0C27CBC187B8B1B74327A28B579.e.11472","ELEMENT":"f.D876D0B9E4FB8B9E585720C2FE40BD5D.d.1A94E0C27CBC187B8B1B74327A28B579.e.11472"}]}
]]></system-out>
    </testcase>
    <testcase classname="chrome.136_0_7103_93.windows.Billing_Transfer_-_Intracompany_US127249" name="Should do a provide to site handover" time="59.694">
      <system-out><![CDATA[
COMMAND: GET /session/673ee8da6ae2a3036ac170eb6294f89d/screenshot - {}
COMMAND: POST /session/673ee8da6ae2a3036ac170eb6294f89d/element - {"using":"xpath","value":"//button[@data-kt=\"provideButton\"]"}
RESULT: {"using":"xpath","value":"//button[@data-kt=\"provideButton\"]"}
COMMAND: POST /session/673ee8da6ae2a3036ac170eb6294f89d/element/f.D876D0B9E4FB8B9E585720C2FE40BD5D.d.1A94E0C27CBC187B8B1B74327A28B579.e.11473/click - {}
RESULT: {}
RESULT: {}
COMMAND: GET /session/673ee8da6ae2a3036ac170eb6294f89d/screenshot - {}
RESULT: {}
RESULT: undefined
COMMAND: POST /session/673ee8da6ae2a3036ac170eb6294f89d/execute/async - {"script":"<script> [6424 bytes]","args":[{"element-6066-11e4-a52e-4f735466cecf":"f.D876D0B9E4FB8B9E585720C2FE40BD5D.d.1A94E0C27CBC187B8B1B74327A28B579.e.10478"},"setValue",["5/18/25"]]}
COMMAND: POST /session/673ee8da6ae2a3036ac170eb6294f89d/execute/async - {"script":"<script> [1562 bytes]","args":[{"selector":{"id":"application-managehandovers-display-component---AddNewHO--dueDate","interaction":{"idSuffix":"inner"}},"wdio_ui5_key":"applicationmanagehandovers-display-component---AddNewHO--dueDate"}]}
RESULT: {"script":"<script> [1562 bytes]","args":[{"selector":{"id":"application-managehandovers-display-component---AddNewHO--dueDate","interaction":{"idSuffix":"inner"}},"wdio_ui5_key":"applicationmanagehandovers-display-component---AddNewHO--dueDate"}]}
COMMAND: POST /session/673ee8da6ae2a3036ac170eb6294f89d/execute/async - {"script":"<script> [6424 bytes]","args":[{"element-6066-11e4-a52e-4f735466cecf":"f.D876D0B9E4FB8B9E585720C2FE40BD5D.d.1A94E0C27CBC187B8B1B74327A28B579.e.11549"},"setValue",["5/18/25"]]}
RESULT: {"script":"<script> [6424 bytes]","args":[{"element-6066-11e4-a52e-4f735466cecf":"f.D876D0B9E4FB8B9E585720C2FE40BD5D.d.1A94E0C27CBC187B8B1B74327A28B579.e.11549"},"setValue",["5/18/25"]]}
COMMAND: POST /session/673ee8da6ae2a3036ac170eb6294f89d/element - {"using":"xpath","value":"//bdi[contains(text(), \"Instructions\")]"}
RESULT: {"using":"xpath","value":"//bdi[contains(text(), \"Instructions\")]"}
COMMAND: POST /session/673ee8da6ae2a3036ac170eb6294f89d/element/f.D876D0B9E4FB8B9E585720C2FE40BD5D.d.1A94E0C27CBC187B8B1B74327A28B579.e.11782/click - {}
RESULT: {}
COMMAND: GET /session/673ee8da6ae2a3036ac170eb6294f89d/screenshot - {}
RESULT: {}
COMMAND: POST /session/673ee8da6ae2a3036ac170eb6294f89d/element - {"using":"xpath","value":"//button[@data-kt=\"AddNewHOProvideAddItemsButton\"]"}
RESULT: {"using":"xpath","value":"//button[@data-kt=\"AddNewHOProvideAddItemsButton\"]"}
COMMAND: POST /session/673ee8da6ae2a3036ac170eb6294f89d/element/f.D876D0B9E4FB8B9E585720C2FE40BD5D.d.1A94E0C27CBC187B8B1B74327A28B579.e.11786/click - {}
RESULT: {}
COMMAND: GET /session/673ee8da6ae2a3036ac170eb6294f89d/screenshot - {}
RESULT: {}
RESULT: undefined
COMMAND: POST /session/673ee8da6ae2a3036ac170eb6294f89d/element - {"using":"xpath","value":"//*[@id=\"application-managehandovers-display-component---AddNewHO--popup-sa\"]"}
RESULT: {"using":"xpath","value":"//*[@id=\"application-managehandovers-display-component---AddNewHO--popup-sa\"]"}
COMMAND: POST /session/673ee8da6ae2a3036ac170eb6294f89d/element/f.D876D0B9E4FB8B9E585720C2FE40BD5D.d.1A94E0C27CBC187B8B1B74327A28B579.e.11795/click - {}
RESULT: {}
COMMAND: GET /session/673ee8da6ae2a3036ac170eb6294f89d/screenshot - {}
RESULT: {}
COMMAND: POST /session/673ee8da6ae2a3036ac170eb6294f89d/element - {"using":"xpath","value":"//*[contains(@id ,\"BDI-content\")][contains(text(), \"Select\")]"}
RESULT: {"using":"xpath","value":"//*[contains(@id ,\"BDI-content\")][contains(text(), \"Select\")]"}
COMMAND: POST /session/673ee8da6ae2a3036ac170eb6294f89d/element/f.D876D0B9E4FB8B9E585720C2FE40BD5D.d.1A94E0C27CBC187B8B1B74327A28B579.e.11797/click - {}
RESULT: {}
COMMAND: GET /session/673ee8da6ae2a3036ac170eb6294f89d/screenshot - {}
RESULT: {}
COMMAND: POST /session/673ee8da6ae2a3036ac170eb6294f89d/execute/async - {"script":"<script> [1562 bytes]","args":[{"selector":{"id":"application-managehandovers-display-component---AddNewHO--confirmCreationButton","interaction":{"idSuffix":"BDI-content"}},"wdio_ui5_key":"applicationmanagehandovers-display-component---AddNewHO--confirmCreationButton"}]}
RESULT: {"script":"<script> [1562 bytes]","args":[{"selector":{"id":"application-managehandovers-display-component---AddNewHO--confirmCreationButton","interaction":{"idSuffix":"BDI-content"}},"wdio_ui5_key":"applicationmanagehandovers-display-component---AddNewHO--confirmCreationButton"}]}
RESULT: undefined
COMMAND: POST /session/673ee8da6ae2a3036ac170eb6294f89d/element - {"using":"xpath","value":"//*[@id=\"application-managehandovers-display-component---AddNewHO--confirmCreationButton\"]"}
RESULT: {"using":"xpath","value":"//*[@id=\"application-managehandovers-display-component---AddNewHO--confirmCreationButton\"]"}
COMMAND: POST /session/673ee8da6ae2a3036ac170eb6294f89d/element/f.D876D0B9E4FB8B9E585720C2FE40BD5D.d.1A94E0C27CBC187B8B1B74327A28B579.e.11594/click - {}
RESULT: {}
COMMAND: GET /session/673ee8da6ae2a3036ac170eb6294f89d/screenshot - {}
RESULT: {}
COMMAND: POST /session/673ee8da6ae2a3036ac170eb6294f89d/execute/async - {"script":"<script> [1562 bytes]","args":[{"selector":{"id":"issueDatePicker","viewName":"etm.portal.ui.managehandovers.view.DetailExecuteHO","interaction":{"idSuffix":"inner"}},"wdio_ui5_key":"issueDatePickeretmportal.ui.managehandovers.view.DetailExecuteHO"}]}
RESULT: {"script":"<script> [1562 bytes]","args":[{"selector":{"id":"issueDatePicker","viewName":"etm.portal.ui.managehandovers.view.DetailExecuteHO","interaction":{"idSuffix":"inner"}},"wdio_ui5_key":"issueDatePickeretmportal.ui.managehandovers.view.DetailExecuteHO"}]}
RESULT: undefined
COMMAND: POST /session/673ee8da6ae2a3036ac170eb6294f89d/execute/async - {"script":"<script> [776 bytes]","args":[{"enterText":"5/18/25","selector":{"id":"issueDatePicker","viewName":"etm.portal.ui.managehandovers.view.DetailExecuteHO","interaction":{"idSuffix":"inner"}},"clearTextFirst":true,"interactionType":"ENTER_TEXT"}]}
RESULT: {"script":"<script> [776 bytes]","args":[{"enterText":"5/18/25","selector":{"id":"issueDatePicker","viewName":"etm.portal.ui.managehandovers.view.DetailExecuteHO","interaction":{"idSuffix":"inner"}},"clearTextFirst":true,"interactionType":"ENTER_TEXT"}]}
COMMAND: POST /session/673ee8da6ae2a3036ac170eb6294f89d/element - {"using":"xpath","value":"//bdi[contains(text(), \"OK\")]"}
RESULT: {"using":"xpath","value":"//bdi[contains(text(), \"OK\")]"}
COMMAND: POST /session/673ee8da6ae2a3036ac170eb6294f89d/element/f.D876D0B9E4FB8B9E585720C2FE40BD5D.d.1A94E0C27CBC187B8B1B74327A28B579.e.11842/click - {}
RESULT: {}
COMMAND: GET /session/673ee8da6ae2a3036ac170eb6294f89d/screenshot - {}
RESULT: {}
COMMAND: POST /session/673ee8da6ae2a3036ac170eb6294f89d/element - {"using":"xpath","value":"//button[@data-kt=\"PickingTableConfirmAllButton\"]"}
RESULT: {"using":"xpath","value":"//button[@data-kt=\"PickingTableConfirmAllButton\"]"}
COMMAND: POST /session/673ee8da6ae2a3036ac170eb6294f89d/element/f.D876D0B9E4FB8B9E585720C2FE40BD5D.d.1A94E0C27CBC187B8B1B74327A28B579.e.11848/click - {}
RESULT: {}
COMMAND: GET /session/673ee8da6ae2a3036ac170eb6294f89d/screenshot - {}
RESULT: {}
COMMAND: POST /session/673ee8da6ae2a3036ac170eb6294f89d/element - {"using":"xpath","value":"//bdi[contains(text(), \"OK\")]"}
RESULT: {"using":"xpath","value":"//bdi[contains(text(), \"OK\")]"}
COMMAND: POST /session/673ee8da6ae2a3036ac170eb6294f89d/element/f.D876D0B9E4FB8B9E585720C2FE40BD5D.d.1A94E0C27CBC187B8B1B74327A28B579.e.11852/click - {}
RESULT: {}
COMMAND: GET /session/673ee8da6ae2a3036ac170eb6294f89d/screenshot - {}
RESULT: {}
COMMAND: POST /session/673ee8da6ae2a3036ac170eb6294f89d/element - {"using":"xpath","value":"//bdi[contains(text(), \"Issue\")]"}
RESULT: {"using":"xpath","value":"//bdi[contains(text(), \"Issue\")]"}
COMMAND: POST /session/673ee8da6ae2a3036ac170eb6294f89d/element/f.D876D0B9E4FB8B9E585720C2FE40BD5D.d.1A94E0C27CBC187B8B1B74327A28B579.e.11853/click - {}
RESULT: {}
COMMAND: GET /session/673ee8da6ae2a3036ac170eb6294f89d/screenshot - {}
RESULT: {}
COMMAND: POST /session/673ee8da6ae2a3036ac170eb6294f89d/element - {"using":"css selector","value":"#shell-header-logo"}
RESULT: {"using":"css selector","value":"#shell-header-logo"}
COMMAND: POST /session/673ee8da6ae2a3036ac170eb6294f89d/element/f.D876D0B9E4FB8B9E585720C2FE40BD5D.d.1A94E0C27CBC187B8B1B74327A28B579.e.10871/click - {}
RESULT: {}
COMMAND: GET /session/673ee8da6ae2a3036ac170eb6294f89d/screenshot - {}
RESULT: {}
]]></system-out>
    </testcase>
    <testcase classname="chrome.136_0_7103_93.windows.Billing_Transfer_-_Intracompany_US127249" name="Should go navigate to Manage Billings and trigger contract calculation check result" time="59.474">
      <system-out><![CDATA[
COMMAND: POST /session/673ee8da6ae2a3036ac170eb6294f89d/execute/async - {"script":"<script> [1562 bytes]","args":[{"selector":{"controlType":"sap.m.GenericTile","properties":{"header":"Manage Billings"}},"wdio_ui5_key":"sapm.GenericTile{\"header\":\"Manage Billings\"}"}]}
RESULT: {"script":"<script> [1562 bytes]","args":[{"selector":{"controlType":"sap.m.GenericTile","properties":{"header":"Manage Billings"}},"wdio_ui5_key":"sapm.GenericTile{\"header\":\"Manage Billings\"}"}]}
RESULT: undefined
COMMAND: POST /session/673ee8da6ae2a3036ac170eb6294f89d/element - {"using":"xpath","value":"//*[@id=\"__tile91\"]"}
RESULT: {"using":"xpath","value":"//*[@id=\"__tile91\"]"}
COMMAND: POST /session/673ee8da6ae2a3036ac170eb6294f89d/element/f.D876D0B9E4FB8B9E585720C2FE40BD5D.d.1A94E0C27CBC187B8B1B74327A28B579.e.8912/click - {}
RESULT: {}
COMMAND: GET /session/673ee8da6ae2a3036ac170eb6294f89d/screenshot - {}
RESULT: {}
COMMAND: POST /session/673ee8da6ae2a3036ac170eb6294f89d/elements - {"using":"xpath","value":"//span[text()='Error']"}
RESULT: {"using":"xpath","value":"//span[text()='Error']"}
COMMAND: POST /session/673ee8da6ae2a3036ac170eb6294f89d/execute/async - {"script":"<script> [1562 bytes]","args":[{"selector":{"id":"application-managebillings-display-component---billRunCalcResult--smartFilterBar-btnBasicSearch","interaction":{"idSuffix":"I"}},"wdio_ui5_key":"applicationmanagebillings-display-component---billRunCalcResult--smartFilterBar-btnBasicSearch"}]}
RESULT: {"script":"<script> [1562 bytes]","args":[{"selector":{"id":"application-managebillings-display-component---billRunCalcResult--smartFilterBar-btnBasicSearch","interaction":{"idSuffix":"I"}},"wdio_ui5_key":"applicationmanagebillings-display-component---billRunCalcResult--smartFilterBar-btnBasicSearch"}]}
RESULT: undefined
COMMAND: POST /session/673ee8da6ae2a3036ac170eb6294f89d/execute/async - {"script":"<script> [776 bytes]","args":[{"enterText":"10364","selector":{"id":"application-managebillings-display-component---billRunCalcResult--smartFilterBar-btnBasicSearch","interaction":{"idSuffix":"I"}},"clearTextFirst":true,"interactionType":"ENTER_TEXT"}]}
RESULT: {"script":"<script> [776 bytes]","args":[{"enterText":"10364","selector":{"id":"application-managebillings-display-component---billRunCalcResult--smartFilterBar-btnBasicSearch","interaction":{"idSuffix":"I"}},"clearTextFirst":true,"interactionType":"ENTER_TEXT"}]}
COMMAND: POST /session/673ee8da6ae2a3036ac170eb6294f89d/actions - {"actions":[{"id":"action42","type":"key","parameters":{},"actions":[{"type":"keyDown","value":"î€‡"},{"type":"pause","duration":10},{"type":"keyUp","value":"î€‡"}]}]}
RESULT: {"actions":[{"id":"action42","type":"key","parameters":{},"actions":[{"type":"keyDown","value":"î€‡"},{"type":"pause","duration":10},{"type":"keyUp","value":"î€‡"}]}]}
COMMAND: GET /session/673ee8da6ae2a3036ac170eb6294f89d/screenshot - {}
RESULT: {}
COMMAND: POST /session/673ee8da6ae2a3036ac170eb6294f89d/element - {"using":"xpath","value":"//td[@aria-colindex=\"1\"]/div/div[contains(@class, \"sapMCbBg\")]"}
RESULT: {"using":"xpath","value":"//td[@aria-colindex=\"1\"]/div/div[contains(@class, \"sapMCbBg\")]"}
COMMAND: POST /session/673ee8da6ae2a3036ac170eb6294f89d/element/f.D876D0B9E4FB8B9E585720C2FE40BD5D.d.1A94E0C27CBC187B8B1B74327A28B579.e.12240/click - {}
RESULT: {}
COMMAND: GET /session/673ee8da6ae2a3036ac170eb6294f89d/screenshot - {}
RESULT: {}
COMMAND: POST /session/673ee8da6ae2a3036ac170eb6294f89d/execute/async - {"script":"<script> [1562 bytes]","args":[{"selector":{"id":"application-managebillings-display-component---billRunCalcResult--contractBillRunDate","interaction":{"idSuffix":"inner"}},"wdio_ui5_key":"applicationmanagebillings-display-component---billRunCalcResult--contractBillRunDate"}]}
RESULT: {"script":"<script> [1562 bytes]","args":[{"selector":{"id":"application-managebillings-display-component---billRunCalcResult--contractBillRunDate","interaction":{"idSuffix":"inner"}},"wdio_ui5_key":"applicationmanagebillings-display-component---billRunCalcResult--contractBillRunDate"}]}
RESULT: undefined
COMMAND: POST /session/673ee8da6ae2a3036ac170eb6294f89d/execute/async - {"script":"<script> [776 bytes]","args":[{"enterText":"5/18/25","selector":{"id":"application-managebillings-display-component---billRunCalcResult--contractBillRunDate","interaction":{"idSuffix":"inner"}},"clearTextFirst":true,"interactionType":"ENTER_TEXT"}]}
RESULT: {"script":"<script> [776 bytes]","args":[{"enterText":"5/18/25","selector":{"id":"application-managebillings-display-component---billRunCalcResult--contractBillRunDate","interaction":{"idSuffix":"inner"}},"clearTextFirst":true,"interactionType":"ENTER_TEXT"}]}
COMMAND: POST /session/673ee8da6ae2a3036ac170eb6294f89d/element - {"using":"xpath","value":"//bdi[contains(text(), \"Trigger Calculation\")]"}
RESULT: {"using":"xpath","value":"//bdi[contains(text(), \"Trigger Calculation\")]"}
COMMAND: POST /session/673ee8da6ae2a3036ac170eb6294f89d/element/f.D876D0B9E4FB8B9E585720C2FE40BD5D.d.1A94E0C27CBC187B8B1B74327A28B579.e.12291/click - {}
RESULT: {}
COMMAND: GET /session/673ee8da6ae2a3036ac170eb6294f89d/screenshot - {}
RESULT: {}
COMMAND: POST /session/673ee8da6ae2a3036ac170eb6294f89d/element - {"using":"xpath","value":"(//span[contains(@id, \"imgNav\")])[1]"}
RESULT: {"using":"xpath","value":"(//span[contains(@id, \"imgNav\")])[1]"}
COMMAND: POST /session/673ee8da6ae2a3036ac170eb6294f89d/element/f.D876D0B9E4FB8B9E585720C2FE40BD5D.d.1A94E0C27CBC187B8B1B74327A28B579.e.12241/click - {}
RESULT: {}
COMMAND: GET /session/673ee8da6ae2a3036ac170eb6294f89d/screenshot - {}
RESULT: {}
COMMAND: POST /session/673ee8da6ae2a3036ac170eb6294f89d/element - {"using":"xpath","value":"//tr/td[6]/div[1]/span[1]/span[1]"}
RESULT: {"using":"xpath","value":"//tr/td[6]/div[1]/span[1]/span[1]"}
COMMAND: GET /session/673ee8da6ae2a3036ac170eb6294f89d/element/f.D876D0B9E4FB8B9E585720C2FE40BD5D.d.1A94E0C27CBC187B8B1B74327A28B579.e.12295/text - {}
RESULT: {}
COMMAND: POST /session/673ee8da6ae2a3036ac170eb6294f89d/element - {"using":"xpath","value":"(//span[contains(@id, \"imgNav\")])[2]"}
RESULT: {"using":"xpath","value":"(//span[contains(@id, \"imgNav\")])[2]"}
COMMAND: POST /session/673ee8da6ae2a3036ac170eb6294f89d/element/f.D876D0B9E4FB8B9E585720C2FE40BD5D.d.1A94E0C27CBC187B8B1B74327A28B579.e.12296/click - {}
RESULT: {}
COMMAND: POST /session/673ee8da6ae2a3036ac170eb6294f89d/element - {"using":"xpath","value":"//bdi[contains(text(), \"Business Confirm\")]"}
COMMAND: GET /session/673ee8da6ae2a3036ac170eb6294f89d/screenshot - {}
RESULT: {"using":"xpath","value":"//bdi[contains(text(), \"Business Confirm\")]"}
COMMAND: POST /session/673ee8da6ae2a3036ac170eb6294f89d/elements - {"using":"xpath","value":"//bdi[contains(text(), \"Business Confirm\")]"}
RESULT: {}
RESULT: {"using":"xpath","value":"//bdi[contains(text(), \"Business Confirm\")]"}
COMMAND: POST /session/673ee8da6ae2a3036ac170eb6294f89d/elements - {"using":"xpath","value":"//bdi[contains(text(), \"Business Confirm\")]"}
RESULT: {"using":"xpath","value":"//bdi[contains(text(), \"Business Confirm\")]"}
COMMAND: POST /session/673ee8da6ae2a3036ac170eb6294f89d/element - {"using":"xpath","value":"//bdi[contains(text(), \"Business Confirm\")]"}
RESULT: {"using":"xpath","value":"//bdi[contains(text(), \"Business Confirm\")]"}
COMMAND: POST /session/673ee8da6ae2a3036ac170eb6294f89d/element/f.D876D0B9E4FB8B9E585720C2FE40BD5D.d.1A94E0C27CBC187B8B1B74327A28B579.e.12351/click - {}
RESULT: {}
COMMAND: POST /session/673ee8da6ae2a3036ac170eb6294f89d/element - {"using":"css selector","value":"#shell-header-logo"}
COMMAND: GET /session/673ee8da6ae2a3036ac170eb6294f89d/screenshot - {}
RESULT: {"using":"css selector","value":"#shell-header-logo"}
COMMAND: POST /session/673ee8da6ae2a3036ac170eb6294f89d/element/f.D876D0B9E4FB8B9E585720C2FE40BD5D.d.1A94E0C27CBC187B8B1B74327A28B579.e.12033/click - {}
RESULT: {}
RESULT: {}
COMMAND: GET /session/673ee8da6ae2a3036ac170eb6294f89d/screenshot - {}
RESULT: {}
]]></system-out>
    </testcase>
    <testcase classname="chrome.136_0_7103_93.windows.Billing_Transfer_-_Intracompany_US127249" name="Should navigate to billing transfer and invoice the contract" time="84.877">
      <system-out><![CDATA[
COMMAND: POST /session/673ee8da6ae2a3036ac170eb6294f89d/execute/async - {"script":"<script> [1562 bytes]","args":[{"selector":{"controlType":"sap.m.GenericTile","properties":{"header":"Billing Transfer"}},"wdio_ui5_key":"sapm.GenericTile{\"header\":\"Billing Transfer\"}"}]}
RESULT: {"script":"<script> [1562 bytes]","args":[{"selector":{"controlType":"sap.m.GenericTile","properties":{"header":"Billing Transfer"}},"wdio_ui5_key":"sapm.GenericTile{\"header\":\"Billing Transfer\"}"}]}
RESULT: undefined
COMMAND: POST /session/673ee8da6ae2a3036ac170eb6294f89d/element - {"using":"xpath","value":"//*[@id=\"__tile90\"]"}
RESULT: {"using":"xpath","value":"//*[@id=\"__tile90\"]"}
COMMAND: POST /session/673ee8da6ae2a3036ac170eb6294f89d/element/f.D876D0B9E4FB8B9E585720C2FE40BD5D.d.1A94E0C27CBC187B8B1B74327A28B579.e.8909/click - {}
RESULT: {}
COMMAND: GET /session/673ee8da6ae2a3036ac170eb6294f89d/screenshot - {}
RESULT: {}
COMMAND: POST /session/673ee8da6ae2a3036ac170eb6294f89d/elements - {"using":"xpath","value":"//span[text()='Error']"}
RESULT: {"using":"xpath","value":"//span[text()='Error']"}
COMMAND: POST /session/673ee8da6ae2a3036ac170eb6294f89d/element - {"using":"xpath","value":"//input[contains(@id ,\"application-billingtransfer-display-component---billingWorkbench--smartFilterBar-btnBasicSearch\")]"}
RESULT: {"using":"xpath","value":"//input[contains(@id ,\"application-billingtransfer-display-component---billingWorkbench--smartFilterBar-btnBasicSearch\")]"}
COMMAND: POST /session/673ee8da6ae2a3036ac170eb6294f89d/elements - {"using":"xpath","value":"//input[contains(@id ,\"application-billingtransfer-display-component---billingWorkbench--smartFilterBar-btnBasicSearch\")]"}
RESULT: {"using":"xpath","value":"//input[contains(@id ,\"application-billingtransfer-display-component---billingWorkbench--smartFilterBar-btnBasicSearch\")]"}
COMMAND: POST /session/673ee8da6ae2a3036ac170eb6294f89d/execute/sync - {"script":"<script> [8489 bytes]","args":[{"element-6066-11e4-a52e-4f735466cecf":"f.D876D0B9E4FB8B9E585720C2FE40BD5D.d.1A94E0C27CBC187B8B1B74327A28B579.e.12379","ELEMENT":"f.D876D0B9E4FB8B9E585720C2FE40BD5D.d.1A94E0C27CBC187B8B1B74327A28B579.e.12379"}]}
RESULT: {"script":"<script> [8489 bytes]","args":[{"element-6066-11e4-a52e-4f735466cecf":"f.D876D0B9E4FB8B9E585720C2FE40BD5D.d.1A94E0C27CBC187B8B1B74327A28B579.e.12379","ELEMENT":"f.D876D0B9E4FB8B9E585720C2FE40BD5D.d.1A94E0C27CBC187B8B1B74327A28B579.e.12379"}]}
COMMAND: GET /session/673ee8da6ae2a3036ac170eb6294f89d/element/f.D876D0B9E4FB8B9E585720C2FE40BD5D.d.1A94E0C27CBC187B8B1B74327A28B579.e.12379/enabled - {}
COMMAND: GET /session/673ee8da6ae2a3036ac170eb6294f89d/screenshot - {}
RESULT: {}
COMMAND: POST /session/673ee8da6ae2a3036ac170eb6294f89d/element/f.D876D0B9E4FB8B9E585720C2FE40BD5D.d.1A94E0C27CBC187B8B1B74327A28B579.e.12379/click - {}
COMMAND: GET /session/673ee8da6ae2a3036ac170eb6294f89d/screenshot - {}
RESULT: {}
RESULT: {}
COMMAND: GET /session/673ee8da6ae2a3036ac170eb6294f89d/screenshot - {}
RESULT: {}
RESULT: {}
COMMAND: POST /session/673ee8da6ae2a3036ac170eb6294f89d/element/f.D876D0B9E4FB8B9E585720C2FE40BD5D.d.1A94E0C27CBC187B8B1B74327A28B579.e.12379/clear - {}
RESULT: {}
COMMAND: POST /session/673ee8da6ae2a3036ac170eb6294f89d/element/f.D876D0B9E4FB8B9E585720C2FE40BD5D.d.1A94E0C27CBC187B8B1B74327A28B579.e.12379/value - {"text":"10364"}
COMMAND: GET /session/673ee8da6ae2a3036ac170eb6294f89d/screenshot - {}
RESULT: {"text":"10364"}
COMMAND: POST /session/673ee8da6ae2a3036ac170eb6294f89d/actions - {"actions":[{"id":"action43","type":"key","parameters":{},"actions":[{"type":"keyDown","value":"î€‡"},{"type":"pause","duration":10},{"type":"keyUp","value":"î€‡"}]}]}
COMMAND: GET /session/673ee8da6ae2a3036ac170eb6294f89d/screenshot - {}
RESULT: {}
RESULT: {"actions":[{"id":"action43","type":"key","parameters":{},"actions":[{"type":"keyDown","value":"î€‡"},{"type":"pause","duration":10},{"type":"keyUp","value":"î€‡"}]}]}
COMMAND: GET /session/673ee8da6ae2a3036ac170eb6294f89d/screenshot - {}
RESULT: {}
RESULT: {}
COMMAND: POST /session/673ee8da6ae2a3036ac170eb6294f89d/element - {"using":"xpath","value":"//span[contains(@id ,\"application-billingtransfer-display-component---billingWorkbench--smartTableBillingRuns-header-inner\")]"}
RESULT: {"using":"xpath","value":"//span[contains(@id ,\"application-billingtransfer-display-component---billingWorkbench--smartTableBillingRuns-header-inner\")]"}
COMMAND: POST /session/673ee8da6ae2a3036ac170eb6294f89d/elements - {"using":"xpath","value":"//span[contains(@id ,\"application-billingtransfer-display-component---billingWorkbench--smartTableBillingRuns-header-inner\")]"}
RESULT: {"using":"xpath","value":"//span[contains(@id ,\"application-billingtransfer-display-component---billingWorkbench--smartTableBillingRuns-header-inner\")]"}
COMMAND: POST /session/673ee8da6ae2a3036ac170eb6294f89d/execute/sync - {"script":"<script> [56 bytes]","args":[{"element-6066-11e4-a52e-4f735466cecf":"f.D876D0B9E4FB8B9E585720C2FE40BD5D.d.1A94E0C27CBC187B8B1B74327A28B579.e.12547","ELEMENT":"f.D876D0B9E4FB8B9E585720C2FE40BD5D.d.1A94E0C27CBC187B8B1B74327A28B579.e.12547"}]}
RESULT: {"script":"<script> [56 bytes]","args":[{"element-6066-11e4-a52e-4f735466cecf":"f.D876D0B9E4FB8B9E585720C2FE40BD5D.d.1A94E0C27CBC187B8B1B74327A28B579.e.12547","ELEMENT":"f.D876D0B9E4FB8B9E585720C2FE40BD5D.d.1A94E0C27CBC187B8B1B74327A28B579.e.12547"}]}
COMMAND: POST /session/673ee8da6ae2a3036ac170eb6294f89d/element - {"using":"xpath","value":"//td[@aria-colindex=\"1\"]/div/div[contains(@class, \"sapMCbBg\")]"}
COMMAND: GET /session/673ee8da6ae2a3036ac170eb6294f89d/screenshot - {}
RESULT: {"using":"xpath","value":"//td[@aria-colindex=\"1\"]/div/div[contains(@class, \"sapMCbBg\")]"}
COMMAND: POST /session/673ee8da6ae2a3036ac170eb6294f89d/element/f.D876D0B9E4FB8B9E585720C2FE40BD5D.d.1A94E0C27CBC187B8B1B74327A28B579.e.12538/click - {}
RESULT: {}
RESULT: {}
COMMAND: GET /session/673ee8da6ae2a3036ac170eb6294f89d/screenshot - {}
RESULT: {}
COMMAND: POST /session/673ee8da6ae2a3036ac170eb6294f89d/element - {"using":"xpath","value":"//bdi[contains(text(), \"Check\")]"}
RESULT: {"using":"xpath","value":"//bdi[contains(text(), \"Check\")]"}
COMMAND: POST /session/673ee8da6ae2a3036ac170eb6294f89d/element/f.D876D0B9E4FB8B9E585720C2FE40BD5D.d.1A94E0C27CBC187B8B1B74327A28B579.e.12548/click - {}
RESULT: {}
COMMAND: GET /session/673ee8da6ae2a3036ac170eb6294f89d/screenshot - {}
RESULT: {}
COMMAND: POST /session/673ee8da6ae2a3036ac170eb6294f89d/element - {"using":"xpath","value":"//bdi[contains(text(), \"OK\")]"}
RESULT: {"using":"xpath","value":"//bdi[contains(text(), \"OK\")]"}
COMMAND: POST /session/673ee8da6ae2a3036ac170eb6294f89d/element/f.D876D0B9E4FB8B9E585720C2FE40BD5D.d.1A94E0C27CBC187B8B1B74327A28B579.e.12551/click - {}
RESULT: {}
COMMAND: GET /session/673ee8da6ae2a3036ac170eb6294f89d/screenshot - {}
RESULT: {}
COMMAND: POST /session/673ee8da6ae2a3036ac170eb6294f89d/element - {"using":"xpath","value":"(//span[contains(text(), \"CO/SD checked\")]/parent::div/preceding-sibling::div/span)[1]"}
RESULT: {"using":"xpath","value":"(//span[contains(text(), \"CO/SD checked\")]/parent::div/preceding-sibling::div/span)[1]"}
COMMAND: POST /session/673ee8da6ae2a3036ac170eb6294f89d/element/f.D876D0B9E4FB8B9E585720C2FE40BD5D.d.1A94E0C27CBC187B8B1B74327A28B579.e.12552/click - {}
RESULT: {}
COMMAND: GET /session/673ee8da6ae2a3036ac170eb6294f89d/screenshot - {}
RESULT: {}
COMMAND: POST /session/673ee8da6ae2a3036ac170eb6294f89d/element - {"using":"xpath","value":"//input[contains(@id ,\"application-billingtransfer-display-component---billingWorkbench--smartFilterBar-btnBasicSearch\")]"}
RESULT: {"using":"xpath","value":"//input[contains(@id ,\"application-billingtransfer-display-component---billingWorkbench--smartFilterBar-btnBasicSearch\")]"}
COMMAND: POST /session/673ee8da6ae2a3036ac170eb6294f89d/elements - {"using":"xpath","value":"//input[contains(@id ,\"application-billingtransfer-display-component---billingWorkbench--smartFilterBar-btnBasicSearch\")]"}
RESULT: {"using":"xpath","value":"//input[contains(@id ,\"application-billingtransfer-display-component---billingWorkbench--smartFilterBar-btnBasicSearch\")]"}
COMMAND: POST /session/673ee8da6ae2a3036ac170eb6294f89d/execute/sync - {"script":"<script> [8489 bytes]","args":[{"element-6066-11e4-a52e-4f735466cecf":"f.D876D0B9E4FB8B9E585720C2FE40BD5D.d.1A94E0C27CBC187B8B1B74327A28B579.e.12379","ELEMENT":"f.D876D0B9E4FB8B9E585720C2FE40BD5D.d.1A94E0C27CBC187B8B1B74327A28B579.e.12379"}]}
RESULT: {"script":"<script> [8489 bytes]","args":[{"element-6066-11e4-a52e-4f735466cecf":"f.D876D0B9E4FB8B9E585720C2FE40BD5D.d.1A94E0C27CBC187B8B1B74327A28B579.e.12379","ELEMENT":"f.D876D0B9E4FB8B9E585720C2FE40BD5D.d.1A94E0C27CBC187B8B1B74327A28B579.e.12379"}]}
COMMAND: GET /session/673ee8da6ae2a3036ac170eb6294f89d/element/f.D876D0B9E4FB8B9E585720C2FE40BD5D.d.1A94E0C27CBC187B8B1B74327A28B579.e.12379/enabled - {}
COMMAND: GET /session/673ee8da6ae2a3036ac170eb6294f89d/screenshot - {}
RESULT: {}
COMMAND: POST /session/673ee8da6ae2a3036ac170eb6294f89d/element/f.D876D0B9E4FB8B9E585720C2FE40BD5D.d.1A94E0C27CBC187B8B1B74327A28B579.e.12379/click - {}
COMMAND: GET /session/673ee8da6ae2a3036ac170eb6294f89d/screenshot - {}
RESULT: {}
RESULT: {}
COMMAND: GET /session/673ee8da6ae2a3036ac170eb6294f89d/screenshot - {}
RESULT: {}
RESULT: {}
COMMAND: POST /session/673ee8da6ae2a3036ac170eb6294f89d/element/f.D876D0B9E4FB8B9E585720C2FE40BD5D.d.1A94E0C27CBC187B8B1B74327A28B579.e.12379/clear - {}
RESULT: {}
COMMAND: POST /session/673ee8da6ae2a3036ac170eb6294f89d/element/f.D876D0B9E4FB8B9E585720C2FE40BD5D.d.1A94E0C27CBC187B8B1B74327A28B579.e.12379/value - {"text":"10364"}
COMMAND: GET /session/673ee8da6ae2a3036ac170eb6294f89d/screenshot - {}
RESULT: {"text":"10364"}
COMMAND: POST /session/673ee8da6ae2a3036ac170eb6294f89d/actions - {"actions":[{"id":"action44","type":"key","parameters":{},"actions":[{"type":"keyDown","value":"î€‡"},{"type":"pause","duration":10},{"type":"keyUp","value":"î€‡"}]}]}
COMMAND: GET /session/673ee8da6ae2a3036ac170eb6294f89d/screenshot - {}
RESULT: {}
RESULT: {"actions":[{"id":"action44","type":"key","parameters":{},"actions":[{"type":"keyDown","value":"î€‡"},{"type":"pause","duration":10},{"type":"keyUp","value":"î€‡"}]}]}
COMMAND: GET /session/673ee8da6ae2a3036ac170eb6294f89d/screenshot - {}
RESULT: {}
RESULT: {}
COMMAND: POST /session/673ee8da6ae2a3036ac170eb6294f89d/element - {"using":"xpath","value":"//span[contains(@id ,\"application-billingtransfer-display-component---billingWorkbench--smartTableBillingRuns-header-inner\")]"}
RESULT: {"using":"xpath","value":"//span[contains(@id ,\"application-billingtransfer-display-component---billingWorkbench--smartTableBillingRuns-header-inner\")]"}
COMMAND: POST /session/673ee8da6ae2a3036ac170eb6294f89d/elements - {"using":"xpath","value":"//span[contains(@id ,\"application-billingtransfer-display-component---billingWorkbench--smartTableBillingRuns-header-inner\")]"}
RESULT: {"using":"xpath","value":"//span[contains(@id ,\"application-billingtransfer-display-component---billingWorkbench--smartTableBillingRuns-header-inner\")]"}
COMMAND: POST /session/673ee8da6ae2a3036ac170eb6294f89d/execute/sync - {"script":"<script> [56 bytes]","args":[{"element-6066-11e4-a52e-4f735466cecf":"f.D876D0B9E4FB8B9E585720C2FE40BD5D.d.1A94E0C27CBC187B8B1B74327A28B579.e.12547","ELEMENT":"f.D876D0B9E4FB8B9E585720C2FE40BD5D.d.1A94E0C27CBC187B8B1B74327A28B579.e.12547"}]}
RESULT: {"script":"<script> [56 bytes]","args":[{"element-6066-11e4-a52e-4f735466cecf":"f.D876D0B9E4FB8B9E585720C2FE40BD5D.d.1A94E0C27CBC187B8B1B74327A28B579.e.12547","ELEMENT":"f.D876D0B9E4FB8B9E585720C2FE40BD5D.d.1A94E0C27CBC187B8B1B74327A28B579.e.12547"}]}
COMMAND: GET /session/673ee8da6ae2a3036ac170eb6294f89d/screenshot - {}
RESULT: {}
COMMAND: POST /session/673ee8da6ae2a3036ac170eb6294f89d/execute/sync - {"script":"<script> [56 bytes]","args":[{"element-6066-11e4-a52e-4f735466cecf":"f.D876D0B9E4FB8B9E585720C2FE40BD5D.d.1A94E0C27CBC187B8B1B74327A28B579.e.12547","ELEMENT":"f.D876D0B9E4FB8B9E585720C2FE40BD5D.d.1A94E0C27CBC187B8B1B74327A28B579.e.12547"}]}
RESULT: {"script":"<script> [56 bytes]","args":[{"element-6066-11e4-a52e-4f735466cecf":"f.D876D0B9E4FB8B9E585720C2FE40BD5D.d.1A94E0C27CBC187B8B1B74327A28B579.e.12547","ELEMENT":"f.D876D0B9E4FB8B9E585720C2FE40BD5D.d.1A94E0C27CBC187B8B1B74327A28B579.e.12547"}]}
COMMAND: GET /session/673ee8da6ae2a3036ac170eb6294f89d/screenshot - {}
RESULT: {}
COMMAND: POST /session/673ee8da6ae2a3036ac170eb6294f89d/execute/sync - {"script":"<script> [56 bytes]","args":[{"element-6066-11e4-a52e-4f735466cecf":"f.D876D0B9E4FB8B9E585720C2FE40BD5D.d.1A94E0C27CBC187B8B1B74327A28B579.e.12547","ELEMENT":"f.D876D0B9E4FB8B9E585720C2FE40BD5D.d.1A94E0C27CBC187B8B1B74327A28B579.e.12547"}]}
RESULT: {"script":"<script> [56 bytes]","args":[{"element-6066-11e4-a52e-4f735466cecf":"f.D876D0B9E4FB8B9E585720C2FE40BD5D.d.1A94E0C27CBC187B8B1B74327A28B579.e.12547","ELEMENT":"f.D876D0B9E4FB8B9E585720C2FE40BD5D.d.1A94E0C27CBC187B8B1B74327A28B579.e.12547"}]}
COMMAND: GET /session/673ee8da6ae2a3036ac170eb6294f89d/screenshot - {}
RESULT: {}
COMMAND: POST /session/673ee8da6ae2a3036ac170eb6294f89d/execute/sync - {"script":"<script> [56 bytes]","args":[{"element-6066-11e4-a52e-4f735466cecf":"f.D876D0B9E4FB8B9E585720C2FE40BD5D.d.1A94E0C27CBC187B8B1B74327A28B579.e.12547","ELEMENT":"f.D876D0B9E4FB8B9E585720C2FE40BD5D.d.1A94E0C27CBC187B8B1B74327A28B579.e.12547"}]}
RESULT: {"script":"<script> [56 bytes]","args":[{"element-6066-11e4-a52e-4f735466cecf":"f.D876D0B9E4FB8B9E585720C2FE40BD5D.d.1A94E0C27CBC187B8B1B74327A28B579.e.12547","ELEMENT":"f.D876D0B9E4FB8B9E585720C2FE40BD5D.d.1A94E0C27CBC187B8B1B74327A28B579.e.12547"}]}
COMMAND: GET /session/673ee8da6ae2a3036ac170eb6294f89d/screenshot - {}
RESULT: {}
COMMAND: POST /session/673ee8da6ae2a3036ac170eb6294f89d/execute/sync - {"script":"<script> [56 bytes]","args":[{"element-6066-11e4-a52e-4f735466cecf":"f.D876D0B9E4FB8B9E585720C2FE40BD5D.d.1A94E0C27CBC187B8B1B74327A28B579.e.12547","ELEMENT":"f.D876D0B9E4FB8B9E585720C2FE40BD5D.d.1A94E0C27CBC187B8B1B74327A28B579.e.12547"}]}
RESULT: {"script":"<script> [56 bytes]","args":[{"element-6066-11e4-a52e-4f735466cecf":"f.D876D0B9E4FB8B9E585720C2FE40BD5D.d.1A94E0C27CBC187B8B1B74327A28B579.e.12547","ELEMENT":"f.D876D0B9E4FB8B9E585720C2FE40BD5D.d.1A94E0C27CBC187B8B1B74327A28B579.e.12547"}]}
COMMAND: GET /session/673ee8da6ae2a3036ac170eb6294f89d/screenshot - {}
RESULT: {}
COMMAND: POST /session/673ee8da6ae2a3036ac170eb6294f89d/execute/sync - {"script":"<script> [56 bytes]","args":[{"element-6066-11e4-a52e-4f735466cecf":"f.D876D0B9E4FB8B9E585720C2FE40BD5D.d.1A94E0C27CBC187B8B1B74327A28B579.e.12547","ELEMENT":"f.D876D0B9E4FB8B9E585720C2FE40BD5D.d.1A94E0C27CBC187B8B1B74327A28B579.e.12547"}]}
RESULT: {"script":"<script> [56 bytes]","args":[{"element-6066-11e4-a52e-4f735466cecf":"f.D876D0B9E4FB8B9E585720C2FE40BD5D.d.1A94E0C27CBC187B8B1B74327A28B579.e.12547","ELEMENT":"f.D876D0B9E4FB8B9E585720C2FE40BD5D.d.1A94E0C27CBC187B8B1B74327A28B579.e.12547"}]}
COMMAND: GET /session/673ee8da6ae2a3036ac170eb6294f89d/screenshot - {}
RESULT: {}
COMMAND: POST /session/673ee8da6ae2a3036ac170eb6294f89d/execute/sync - {"script":"<script> [56 bytes]","args":[{"element-6066-11e4-a52e-4f735466cecf":"f.D876D0B9E4FB8B9E585720C2FE40BD5D.d.1A94E0C27CBC187B8B1B74327A28B579.e.12547","ELEMENT":"f.D876D0B9E4FB8B9E585720C2FE40BD5D.d.1A94E0C27CBC187B8B1B74327A28B579.e.12547"}]}
RESULT: {"script":"<script> [56 bytes]","args":[{"element-6066-11e4-a52e-4f735466cecf":"f.D876D0B9E4FB8B9E585720C2FE40BD5D.d.1A94E0C27CBC187B8B1B74327A28B579.e.12547","ELEMENT":"f.D876D0B9E4FB8B9E585720C2FE40BD5D.d.1A94E0C27CBC187B8B1B74327A28B579.e.12547"}]}
COMMAND: GET /session/673ee8da6ae2a3036ac170eb6294f89d/screenshot - {}
RESULT: {}
COMMAND: POST /session/673ee8da6ae2a3036ac170eb6294f89d/execute/sync - {"script":"<script> [56 bytes]","args":[{"element-6066-11e4-a52e-4f735466cecf":"f.D876D0B9E4FB8B9E585720C2FE40BD5D.d.1A94E0C27CBC187B8B1B74327A28B579.e.12547","ELEMENT":"f.D876D0B9E4FB8B9E585720C2FE40BD5D.d.1A94E0C27CBC187B8B1B74327A28B579.e.12547"}]}
RESULT: {"script":"<script> [56 bytes]","args":[{"element-6066-11e4-a52e-4f735466cecf":"f.D876D0B9E4FB8B9E585720C2FE40BD5D.d.1A94E0C27CBC187B8B1B74327A28B579.e.12547","ELEMENT":"f.D876D0B9E4FB8B9E585720C2FE40BD5D.d.1A94E0C27CBC187B8B1B74327A28B579.e.12547"}]}
COMMAND: GET /session/673ee8da6ae2a3036ac170eb6294f89d/screenshot - {}
RESULT: {}
COMMAND: POST /session/673ee8da6ae2a3036ac170eb6294f89d/execute/sync - {"script":"<script> [56 bytes]","args":[{"element-6066-11e4-a52e-4f735466cecf":"f.D876D0B9E4FB8B9E585720C2FE40BD5D.d.1A94E0C27CBC187B8B1B74327A28B579.e.12547","ELEMENT":"f.D876D0B9E4FB8B9E585720C2FE40BD5D.d.1A94E0C27CBC187B8B1B74327A28B579.e.12547"}]}
RESULT: {"script":"<script> [56 bytes]","args":[{"element-6066-11e4-a52e-4f735466cecf":"f.D876D0B9E4FB8B9E585720C2FE40BD5D.d.1A94E0C27CBC187B8B1B74327A28B579.e.12547","ELEMENT":"f.D876D0B9E4FB8B9E585720C2FE40BD5D.d.1A94E0C27CBC187B8B1B74327A28B579.e.12547"}]}
COMMAND: GET /session/673ee8da6ae2a3036ac170eb6294f89d/screenshot - {}
RESULT: {}
COMMAND: POST /session/673ee8da6ae2a3036ac170eb6294f89d/execute/sync - {"script":"<script> [56 bytes]","args":[{"element-6066-11e4-a52e-4f735466cecf":"f.D876D0B9E4FB8B9E585720C2FE40BD5D.d.1A94E0C27CBC187B8B1B74327A28B579.e.12547","ELEMENT":"f.D876D0B9E4FB8B9E585720C2FE40BD5D.d.1A94E0C27CBC187B8B1B74327A28B579.e.12547"}]}
RESULT: {"script":"<script> [56 bytes]","args":[{"element-6066-11e4-a52e-4f735466cecf":"f.D876D0B9E4FB8B9E585720C2FE40BD5D.d.1A94E0C27CBC187B8B1B74327A28B579.e.12547","ELEMENT":"f.D876D0B9E4FB8B9E585720C2FE40BD5D.d.1A94E0C27CBC187B8B1B74327A28B579.e.12547"}]}
COMMAND: POST /session/673ee8da6ae2a3036ac170eb6294f89d/element - {"using":"xpath","value":"//td[@aria-colindex=\"1\"]/div/div[contains(@class, \"sapMCbBg\")]"}
COMMAND: GET /session/673ee8da6ae2a3036ac170eb6294f89d/screenshot - {}
RESULT: {"using":"xpath","value":"//td[@aria-colindex=\"1\"]/div/div[contains(@class, \"sapMCbBg\")]"}
COMMAND: POST /session/673ee8da6ae2a3036ac170eb6294f89d/element/f.D876D0B9E4FB8B9E585720C2FE40BD5D.d.1A94E0C27CBC187B8B1B74327A28B579.e.12556/click - {}
RESULT: {}
RESULT: {}
COMMAND: GET /session/673ee8da6ae2a3036ac170eb6294f89d/screenshot - {}
RESULT: {}
COMMAND: POST /session/673ee8da6ae2a3036ac170eb6294f89d/element - {"using":"xpath","value":"//bdi[text()=\"Transfer\"]"}
RESULT: {"using":"xpath","value":"//bdi[text()=\"Transfer\"]"}
COMMAND: POST /session/673ee8da6ae2a3036ac170eb6294f89d/element/f.D876D0B9E4FB8B9E585720C2FE40BD5D.d.1A94E0C27CBC187B8B1B74327A28B579.e.12557/click - {}
RESULT: {}
COMMAND: GET /session/673ee8da6ae2a3036ac170eb6294f89d/screenshot - {}
RESULT: {}
COMMAND: POST /session/673ee8da6ae2a3036ac170eb6294f89d/element - {"using":"xpath","value":"//bdi[contains(text(), \"OK\")]"}
RESULT: {"using":"xpath","value":"//bdi[contains(text(), \"OK\")]"}
COMMAND: POST /session/673ee8da6ae2a3036ac170eb6294f89d/element/f.D876D0B9E4FB8B9E585720C2FE40BD5D.d.1A94E0C27CBC187B8B1B74327A28B579.e.12560/click - {}
RESULT: {}
COMMAND: GET /session/673ee8da6ae2a3036ac170eb6294f89d/screenshot - {}
RESULT: {}
COMMAND: POST /session/673ee8da6ae2a3036ac170eb6294f89d/element - {"using":"xpath","value":"(//span[contains(text(), \"Completed\")]/parent::div/preceding-sibling::div/span)[1]"}
RESULT: {"using":"xpath","value":"(//span[contains(text(), \"Completed\")]/parent::div/preceding-sibling::div/span)[1]"}
COMMAND: POST /session/673ee8da6ae2a3036ac170eb6294f89d/element/f.D876D0B9E4FB8B9E585720C2FE40BD5D.d.1A94E0C27CBC187B8B1B74327A28B579.e.12568/click - {}
RESULT: {}
COMMAND: POST /session/673ee8da6ae2a3036ac170eb6294f89d/element - {"using":"xpath","value":"//input[contains(@id ,\"application-billingtransfer-display-component---billingWorkbench--smartFilterBar-btnBasicSearch\")]"}
COMMAND: GET /session/673ee8da6ae2a3036ac170eb6294f89d/screenshot - {}
RESULT: {"using":"xpath","value":"//input[contains(@id ,\"application-billingtransfer-display-component---billingWorkbench--smartFilterBar-btnBasicSearch\")]"}
COMMAND: POST /session/673ee8da6ae2a3036ac170eb6294f89d/elements - {"using":"xpath","value":"//input[contains(@id ,\"application-billingtransfer-display-component---billingWorkbench--smartFilterBar-btnBasicSearch\")]"}
RESULT: {}
RESULT: {"using":"xpath","value":"//input[contains(@id ,\"application-billingtransfer-display-component---billingWorkbench--smartFilterBar-btnBasicSearch\")]"}
COMMAND: POST /session/673ee8da6ae2a3036ac170eb6294f89d/execute/sync - {"script":"<script> [8489 bytes]","args":[{"element-6066-11e4-a52e-4f735466cecf":"f.D876D0B9E4FB8B9E585720C2FE40BD5D.d.1A94E0C27CBC187B8B1B74327A28B579.e.12379","ELEMENT":"f.D876D0B9E4FB8B9E585720C2FE40BD5D.d.1A94E0C27CBC187B8B1B74327A28B579.e.12379"}]}
RESULT: {"script":"<script> [8489 bytes]","args":[{"element-6066-11e4-a52e-4f735466cecf":"f.D876D0B9E4FB8B9E585720C2FE40BD5D.d.1A94E0C27CBC187B8B1B74327A28B579.e.12379","ELEMENT":"f.D876D0B9E4FB8B9E585720C2FE40BD5D.d.1A94E0C27CBC187B8B1B74327A28B579.e.12379"}]}
COMMAND: GET /session/673ee8da6ae2a3036ac170eb6294f89d/element/f.D876D0B9E4FB8B9E585720C2FE40BD5D.d.1A94E0C27CBC187B8B1B74327A28B579.e.12379/enabled - {}
COMMAND: GET /session/673ee8da6ae2a3036ac170eb6294f89d/screenshot - {}
RESULT: {}
COMMAND: POST /session/673ee8da6ae2a3036ac170eb6294f89d/element/f.D876D0B9E4FB8B9E585720C2FE40BD5D.d.1A94E0C27CBC187B8B1B74327A28B579.e.12379/click - {}
COMMAND: GET /session/673ee8da6ae2a3036ac170eb6294f89d/screenshot - {}
RESULT: {}
RESULT: {}
COMMAND: GET /session/673ee8da6ae2a3036ac170eb6294f89d/screenshot - {}
RESULT: {}
RESULT: {}
COMMAND: POST /session/673ee8da6ae2a3036ac170eb6294f89d/element/f.D876D0B9E4FB8B9E585720C2FE40BD5D.d.1A94E0C27CBC187B8B1B74327A28B579.e.12379/clear - {}
RESULT: {}
COMMAND: POST /session/673ee8da6ae2a3036ac170eb6294f89d/element/f.D876D0B9E4FB8B9E585720C2FE40BD5D.d.1A94E0C27CBC187B8B1B74327A28B579.e.12379/value - {"text":"10364"}
COMMAND: GET /session/673ee8da6ae2a3036ac170eb6294f89d/screenshot - {}
RESULT: {"text":"10364"}
COMMAND: POST /session/673ee8da6ae2a3036ac170eb6294f89d/actions - {"actions":[{"id":"action45","type":"key","parameters":{},"actions":[{"type":"keyDown","value":"î€‡"},{"type":"pause","duration":10},{"type":"keyUp","value":"î€‡"}]}]}
COMMAND: GET /session/673ee8da6ae2a3036ac170eb6294f89d/screenshot - {}
RESULT: {}
RESULT: {"actions":[{"id":"action45","type":"key","parameters":{},"actions":[{"type":"keyDown","value":"î€‡"},{"type":"pause","duration":10},{"type":"keyUp","value":"î€‡"}]}]}
COMMAND: GET /session/673ee8da6ae2a3036ac170eb6294f89d/screenshot - {}
RESULT: {}
RESULT: {}
COMMAND: POST /session/673ee8da6ae2a3036ac170eb6294f89d/element - {"using":"xpath","value":"//span[contains(@id ,\"application-billingtransfer-display-component---billingWorkbench--smartTableBillingRuns-header-inner\")]"}
RESULT: {"using":"xpath","value":"//span[contains(@id ,\"application-billingtransfer-display-component---billingWorkbench--smartTableBillingRuns-header-inner\")]"}
COMMAND: POST /session/673ee8da6ae2a3036ac170eb6294f89d/elements - {"using":"xpath","value":"//span[contains(@id ,\"application-billingtransfer-display-component---billingWorkbench--smartTableBillingRuns-header-inner\")]"}
RESULT: {"using":"xpath","value":"//span[contains(@id ,\"application-billingtransfer-display-component---billingWorkbench--smartTableBillingRuns-header-inner\")]"}
COMMAND: POST /session/673ee8da6ae2a3036ac170eb6294f89d/execute/sync - {"script":"<script> [56 bytes]","args":[{"element-6066-11e4-a52e-4f735466cecf":"f.D876D0B9E4FB8B9E585720C2FE40BD5D.d.1A94E0C27CBC187B8B1B74327A28B579.e.12547","ELEMENT":"f.D876D0B9E4FB8B9E585720C2FE40BD5D.d.1A94E0C27CBC187B8B1B74327A28B579.e.12547"}]}
RESULT: {"script":"<script> [56 bytes]","args":[{"element-6066-11e4-a52e-4f735466cecf":"f.D876D0B9E4FB8B9E585720C2FE40BD5D.d.1A94E0C27CBC187B8B1B74327A28B579.e.12547","ELEMENT":"f.D876D0B9E4FB8B9E585720C2FE40BD5D.d.1A94E0C27CBC187B8B1B74327A28B579.e.12547"}]}
COMMAND: GET /session/673ee8da6ae2a3036ac170eb6294f89d/screenshot - {}
RESULT: {}
COMMAND: POST /session/673ee8da6ae2a3036ac170eb6294f89d/execute/sync - {"script":"<script> [56 bytes]","args":[{"element-6066-11e4-a52e-4f735466cecf":"f.D876D0B9E4FB8B9E585720C2FE40BD5D.d.1A94E0C27CBC187B8B1B74327A28B579.e.12547","ELEMENT":"f.D876D0B9E4FB8B9E585720C2FE40BD5D.d.1A94E0C27CBC187B8B1B74327A28B579.e.12547"}]}
RESULT: {"script":"<script> [56 bytes]","args":[{"element-6066-11e4-a52e-4f735466cecf":"f.D876D0B9E4FB8B9E585720C2FE40BD5D.d.1A94E0C27CBC187B8B1B74327A28B579.e.12547","ELEMENT":"f.D876D0B9E4FB8B9E585720C2FE40BD5D.d.1A94E0C27CBC187B8B1B74327A28B579.e.12547"}]}
COMMAND: GET /session/673ee8da6ae2a3036ac170eb6294f89d/screenshot - {}
RESULT: {}
COMMAND: POST /session/673ee8da6ae2a3036ac170eb6294f89d/execute/sync - {"script":"<script> [56 bytes]","args":[{"element-6066-11e4-a52e-4f735466cecf":"f.D876D0B9E4FB8B9E585720C2FE40BD5D.d.1A94E0C27CBC187B8B1B74327A28B579.e.12547","ELEMENT":"f.D876D0B9E4FB8B9E585720C2FE40BD5D.d.1A94E0C27CBC187B8B1B74327A28B579.e.12547"}]}
RESULT: {"script":"<script> [56 bytes]","args":[{"element-6066-11e4-a52e-4f735466cecf":"f.D876D0B9E4FB8B9E585720C2FE40BD5D.d.1A94E0C27CBC187B8B1B74327A28B579.e.12547","ELEMENT":"f.D876D0B9E4FB8B9E585720C2FE40BD5D.d.1A94E0C27CBC187B8B1B74327A28B579.e.12547"}]}
COMMAND: GET /session/673ee8da6ae2a3036ac170eb6294f89d/screenshot - {}
RESULT: {}
COMMAND: POST /session/673ee8da6ae2a3036ac170eb6294f89d/execute/sync - {"script":"<script> [56 bytes]","args":[{"element-6066-11e4-a52e-4f735466cecf":"f.D876D0B9E4FB8B9E585720C2FE40BD5D.d.1A94E0C27CBC187B8B1B74327A28B579.e.12547","ELEMENT":"f.D876D0B9E4FB8B9E585720C2FE40BD5D.d.1A94E0C27CBC187B8B1B74327A28B579.e.12547"}]}
RESULT: {"script":"<script> [56 bytes]","args":[{"element-6066-11e4-a52e-4f735466cecf":"f.D876D0B9E4FB8B9E585720C2FE40BD5D.d.1A94E0C27CBC187B8B1B74327A28B579.e.12547","ELEMENT":"f.D876D0B9E4FB8B9E585720C2FE40BD5D.d.1A94E0C27CBC187B8B1B74327A28B579.e.12547"}]}
COMMAND: GET /session/673ee8da6ae2a3036ac170eb6294f89d/screenshot - {}
RESULT: {}
COMMAND: POST /session/673ee8da6ae2a3036ac170eb6294f89d/execute/sync - {"script":"<script> [56 bytes]","args":[{"element-6066-11e4-a52e-4f735466cecf":"f.D876D0B9E4FB8B9E585720C2FE40BD5D.d.1A94E0C27CBC187B8B1B74327A28B579.e.12547","ELEMENT":"f.D876D0B9E4FB8B9E585720C2FE40BD5D.d.1A94E0C27CBC187B8B1B74327A28B579.e.12547"}]}
RESULT: {"script":"<script> [56 bytes]","args":[{"element-6066-11e4-a52e-4f735466cecf":"f.D876D0B9E4FB8B9E585720C2FE40BD5D.d.1A94E0C27CBC187B8B1B74327A28B579.e.12547","ELEMENT":"f.D876D0B9E4FB8B9E585720C2FE40BD5D.d.1A94E0C27CBC187B8B1B74327A28B579.e.12547"}]}
COMMAND: GET /session/673ee8da6ae2a3036ac170eb6294f89d/screenshot - {}
RESULT: {}
COMMAND: POST /session/673ee8da6ae2a3036ac170eb6294f89d/execute/sync - {"script":"<script> [56 bytes]","args":[{"element-6066-11e4-a52e-4f735466cecf":"f.D876D0B9E4FB8B9E585720C2FE40BD5D.d.1A94E0C27CBC187B8B1B74327A28B579.e.12547","ELEMENT":"f.D876D0B9E4FB8B9E585720C2FE40BD5D.d.1A94E0C27CBC187B8B1B74327A28B579.e.12547"}]}
RESULT: {"script":"<script> [56 bytes]","args":[{"element-6066-11e4-a52e-4f735466cecf":"f.D876D0B9E4FB8B9E585720C2FE40BD5D.d.1A94E0C27CBC187B8B1B74327A28B579.e.12547","ELEMENT":"f.D876D0B9E4FB8B9E585720C2FE40BD5D.d.1A94E0C27CBC187B8B1B74327A28B579.e.12547"}]}
COMMAND: GET /session/673ee8da6ae2a3036ac170eb6294f89d/screenshot - {}
RESULT: {}
COMMAND: POST /session/673ee8da6ae2a3036ac170eb6294f89d/execute/sync - {"script":"<script> [56 bytes]","args":[{"element-6066-11e4-a52e-4f735466cecf":"f.D876D0B9E4FB8B9E585720C2FE40BD5D.d.1A94E0C27CBC187B8B1B74327A28B579.e.12547","ELEMENT":"f.D876D0B9E4FB8B9E585720C2FE40BD5D.d.1A94E0C27CBC187B8B1B74327A28B579.e.12547"}]}
RESULT: {"script":"<script> [56 bytes]","args":[{"element-6066-11e4-a52e-4f735466cecf":"f.D876D0B9E4FB8B9E585720C2FE40BD5D.d.1A94E0C27CBC187B8B1B74327A28B579.e.12547","ELEMENT":"f.D876D0B9E4FB8B9E585720C2FE40BD5D.d.1A94E0C27CBC187B8B1B74327A28B579.e.12547"}]}
COMMAND: GET /session/673ee8da6ae2a3036ac170eb6294f89d/screenshot - {}
RESULT: {}
COMMAND: POST /session/673ee8da6ae2a3036ac170eb6294f89d/execute/sync - {"script":"<script> [56 bytes]","args":[{"element-6066-11e4-a52e-4f735466cecf":"f.D876D0B9E4FB8B9E585720C2FE40BD5D.d.1A94E0C27CBC187B8B1B74327A28B579.e.12547","ELEMENT":"f.D876D0B9E4FB8B9E585720C2FE40BD5D.d.1A94E0C27CBC187B8B1B74327A28B579.e.12547"}]}
RESULT: {"script":"<script> [56 bytes]","args":[{"element-6066-11e4-a52e-4f735466cecf":"f.D876D0B9E4FB8B9E585720C2FE40BD5D.d.1A94E0C27CBC187B8B1B74327A28B579.e.12547","ELEMENT":"f.D876D0B9E4FB8B9E585720C2FE40BD5D.d.1A94E0C27CBC187B8B1B74327A28B579.e.12547"}]}
COMMAND: GET /session/673ee8da6ae2a3036ac170eb6294f89d/screenshot - {}
RESULT: {}
COMMAND: POST /session/673ee8da6ae2a3036ac170eb6294f89d/execute/sync - {"script":"<script> [56 bytes]","args":[{"element-6066-11e4-a52e-4f735466cecf":"f.D876D0B9E4FB8B9E585720C2FE40BD5D.d.1A94E0C27CBC187B8B1B74327A28B579.e.12547","ELEMENT":"f.D876D0B9E4FB8B9E585720C2FE40BD5D.d.1A94E0C27CBC187B8B1B74327A28B579.e.12547"}]}
RESULT: {"script":"<script> [56 bytes]","args":[{"element-6066-11e4-a52e-4f735466cecf":"f.D876D0B9E4FB8B9E585720C2FE40BD5D.d.1A94E0C27CBC187B8B1B74327A28B579.e.12547","ELEMENT":"f.D876D0B9E4FB8B9E585720C2FE40BD5D.d.1A94E0C27CBC187B8B1B74327A28B579.e.12547"}]}
COMMAND: GET /session/673ee8da6ae2a3036ac170eb6294f89d/screenshot - {}
RESULT: {}
COMMAND: POST /session/673ee8da6ae2a3036ac170eb6294f89d/execute/sync - {"script":"<script> [56 bytes]","args":[{"element-6066-11e4-a52e-4f735466cecf":"f.D876D0B9E4FB8B9E585720C2FE40BD5D.d.1A94E0C27CBC187B8B1B74327A28B579.e.12547","ELEMENT":"f.D876D0B9E4FB8B9E585720C2FE40BD5D.d.1A94E0C27CBC187B8B1B74327A28B579.e.12547"}]}
RESULT: {"script":"<script> [56 bytes]","args":[{"element-6066-11e4-a52e-4f735466cecf":"f.D876D0B9E4FB8B9E585720C2FE40BD5D.d.1A94E0C27CBC187B8B1B74327A28B579.e.12547","ELEMENT":"f.D876D0B9E4FB8B9E585720C2FE40BD5D.d.1A94E0C27CBC187B8B1B74327A28B579.e.12547"}]}
COMMAND: GET /session/673ee8da6ae2a3036ac170eb6294f89d/screenshot - {}
RESULT: {}
COMMAND: POST /session/673ee8da6ae2a3036ac170eb6294f89d/execute/sync - {"script":"<script> [56 bytes]","args":[{"element-6066-11e4-a52e-4f735466cecf":"f.D876D0B9E4FB8B9E585720C2FE40BD5D.d.1A94E0C27CBC187B8B1B74327A28B579.e.12547","ELEMENT":"f.D876D0B9E4FB8B9E585720C2FE40BD5D.d.1A94E0C27CBC187B8B1B74327A28B579.e.12547"}]}
RESULT: {"script":"<script> [56 bytes]","args":[{"element-6066-11e4-a52e-4f735466cecf":"f.D876D0B9E4FB8B9E585720C2FE40BD5D.d.1A94E0C27CBC187B8B1B74327A28B579.e.12547","ELEMENT":"f.D876D0B9E4FB8B9E585720C2FE40BD5D.d.1A94E0C27CBC187B8B1B74327A28B579.e.12547"}]}
COMMAND: GET /session/673ee8da6ae2a3036ac170eb6294f89d/screenshot - {}
RESULT: {}
COMMAND: POST /session/673ee8da6ae2a3036ac170eb6294f89d/execute/sync - {"script":"<script> [56 bytes]","args":[{"element-6066-11e4-a52e-4f735466cecf":"f.D876D0B9E4FB8B9E585720C2FE40BD5D.d.1A94E0C27CBC187B8B1B74327A28B579.e.12547","ELEMENT":"f.D876D0B9E4FB8B9E585720C2FE40BD5D.d.1A94E0C27CBC187B8B1B74327A28B579.e.12547"}]}
RESULT: {"script":"<script> [56 bytes]","args":[{"element-6066-11e4-a52e-4f735466cecf":"f.D876D0B9E4FB8B9E585720C2FE40BD5D.d.1A94E0C27CBC187B8B1B74327A28B579.e.12547","ELEMENT":"f.D876D0B9E4FB8B9E585720C2FE40BD5D.d.1A94E0C27CBC187B8B1B74327A28B579.e.12547"}]}
COMMAND: GET /session/673ee8da6ae2a3036ac170eb6294f89d/screenshot - {}
RESULT: {}
COMMAND: POST /session/673ee8da6ae2a3036ac170eb6294f89d/execute/sync - {"script":"<script> [56 bytes]","args":[{"element-6066-11e4-a52e-4f735466cecf":"f.D876D0B9E4FB8B9E585720C2FE40BD5D.d.1A94E0C27CBC187B8B1B74327A28B579.e.12547","ELEMENT":"f.D876D0B9E4FB8B9E585720C2FE40BD5D.d.1A94E0C27CBC187B8B1B74327A28B579.e.12547"}]}
RESULT: {"script":"<script> [56 bytes]","args":[{"element-6066-11e4-a52e-4f735466cecf":"f.D876D0B9E4FB8B9E585720C2FE40BD5D.d.1A94E0C27CBC187B8B1B74327A28B579.e.12547","ELEMENT":"f.D876D0B9E4FB8B9E585720C2FE40BD5D.d.1A94E0C27CBC187B8B1B74327A28B579.e.12547"}]}
COMMAND: GET /session/673ee8da6ae2a3036ac170eb6294f89d/screenshot - {}
RESULT: {}
COMMAND: POST /session/673ee8da6ae2a3036ac170eb6294f89d/execute/sync - {"script":"<script> [56 bytes]","args":[{"element-6066-11e4-a52e-4f735466cecf":"f.D876D0B9E4FB8B9E585720C2FE40BD5D.d.1A94E0C27CBC187B8B1B74327A28B579.e.12547","ELEMENT":"f.D876D0B9E4FB8B9E585720C2FE40BD5D.d.1A94E0C27CBC187B8B1B74327A28B579.e.12547"}]}
RESULT: {"script":"<script> [56 bytes]","args":[{"element-6066-11e4-a52e-4f735466cecf":"f.D876D0B9E4FB8B9E585720C2FE40BD5D.d.1A94E0C27CBC187B8B1B74327A28B579.e.12547","ELEMENT":"f.D876D0B9E4FB8B9E585720C2FE40BD5D.d.1A94E0C27CBC187B8B1B74327A28B579.e.12547"}]}
COMMAND: GET /session/673ee8da6ae2a3036ac170eb6294f89d/screenshot - {}
RESULT: {}
COMMAND: POST /session/673ee8da6ae2a3036ac170eb6294f89d/execute/sync - {"script":"<script> [56 bytes]","args":[{"element-6066-11e4-a52e-4f735466cecf":"f.D876D0B9E4FB8B9E585720C2FE40BD5D.d.1A94E0C27CBC187B8B1B74327A28B579.e.12547","ELEMENT":"f.D876D0B9E4FB8B9E585720C2FE40BD5D.d.1A94E0C27CBC187B8B1B74327A28B579.e.12547"}]}
RESULT: {"script":"<script> [56 bytes]","args":[{"element-6066-11e4-a52e-4f735466cecf":"f.D876D0B9E4FB8B9E585720C2FE40BD5D.d.1A94E0C27CBC187B8B1B74327A28B579.e.12547","ELEMENT":"f.D876D0B9E4FB8B9E585720C2FE40BD5D.d.1A94E0C27CBC187B8B1B74327A28B579.e.12547"}]}
COMMAND: GET /session/673ee8da6ae2a3036ac170eb6294f89d/screenshot - {}
RESULT: {}
COMMAND: POST /session/673ee8da6ae2a3036ac170eb6294f89d/execute/sync - {"script":"<script> [56 bytes]","args":[{"element-6066-11e4-a52e-4f735466cecf":"f.D876D0B9E4FB8B9E585720C2FE40BD5D.d.1A94E0C27CBC187B8B1B74327A28B579.e.12547","ELEMENT":"f.D876D0B9E4FB8B9E585720C2FE40BD5D.d.1A94E0C27CBC187B8B1B74327A28B579.e.12547"}]}
RESULT: {"script":"<script> [56 bytes]","args":[{"element-6066-11e4-a52e-4f735466cecf":"f.D876D0B9E4FB8B9E585720C2FE40BD5D.d.1A94E0C27CBC187B8B1B74327A28B579.e.12547","ELEMENT":"f.D876D0B9E4FB8B9E585720C2FE40BD5D.d.1A94E0C27CBC187B8B1B74327A28B579.e.12547"}]}
COMMAND: GET /session/673ee8da6ae2a3036ac170eb6294f89d/screenshot - {}
RESULT: {}
COMMAND: POST /session/673ee8da6ae2a3036ac170eb6294f89d/execute/sync - {"script":"<script> [56 bytes]","args":[{"element-6066-11e4-a52e-4f735466cecf":"f.D876D0B9E4FB8B9E585720C2FE40BD5D.d.1A94E0C27CBC187B8B1B74327A28B579.e.12547","ELEMENT":"f.D876D0B9E4FB8B9E585720C2FE40BD5D.d.1A94E0C27CBC187B8B1B74327A28B579.e.12547"}]}
RESULT: {"script":"<script> [56 bytes]","args":[{"element-6066-11e4-a52e-4f735466cecf":"f.D876D0B9E4FB8B9E585720C2FE40BD5D.d.1A94E0C27CBC187B8B1B74327A28B579.e.12547","ELEMENT":"f.D876D0B9E4FB8B9E585720C2FE40BD5D.d.1A94E0C27CBC187B8B1B74327A28B579.e.12547"}]}
COMMAND: GET /session/673ee8da6ae2a3036ac170eb6294f89d/screenshot - {}
RESULT: {}
COMMAND: POST /session/673ee8da6ae2a3036ac170eb6294f89d/execute/sync - {"script":"<script> [56 bytes]","args":[{"element-6066-11e4-a52e-4f735466cecf":"f.D876D0B9E4FB8B9E585720C2FE40BD5D.d.1A94E0C27CBC187B8B1B74327A28B579.e.12547","ELEMENT":"f.D876D0B9E4FB8B9E585720C2FE40BD5D.d.1A94E0C27CBC187B8B1B74327A28B579.e.12547"}]}
RESULT: {"script":"<script> [56 bytes]","args":[{"element-6066-11e4-a52e-4f735466cecf":"f.D876D0B9E4FB8B9E585720C2FE40BD5D.d.1A94E0C27CBC187B8B1B74327A28B579.e.12547","ELEMENT":"f.D876D0B9E4FB8B9E585720C2FE40BD5D.d.1A94E0C27CBC187B8B1B74327A28B579.e.12547"}]}
COMMAND: GET /session/673ee8da6ae2a3036ac170eb6294f89d/screenshot - {}
RESULT: {}
COMMAND: POST /session/673ee8da6ae2a3036ac170eb6294f89d/execute/sync - {"script":"<script> [56 bytes]","args":[{"element-6066-11e4-a52e-4f735466cecf":"f.D876D0B9E4FB8B9E585720C2FE40BD5D.d.1A94E0C27CBC187B8B1B74327A28B579.e.12547","ELEMENT":"f.D876D0B9E4FB8B9E585720C2FE40BD5D.d.1A94E0C27CBC187B8B1B74327A28B579.e.12547"}]}
RESULT: {"script":"<script> [56 bytes]","args":[{"element-6066-11e4-a52e-4f735466cecf":"f.D876D0B9E4FB8B9E585720C2FE40BD5D.d.1A94E0C27CBC187B8B1B74327A28B579.e.12547","ELEMENT":"f.D876D0B9E4FB8B9E585720C2FE40BD5D.d.1A94E0C27CBC187B8B1B74327A28B579.e.12547"}]}
COMMAND: GET /session/673ee8da6ae2a3036ac170eb6294f89d/screenshot - {}
RESULT: {}
COMMAND: POST /session/673ee8da6ae2a3036ac170eb6294f89d/execute/sync - {"script":"<script> [56 bytes]","args":[{"element-6066-11e4-a52e-4f735466cecf":"f.D876D0B9E4FB8B9E585720C2FE40BD5D.d.1A94E0C27CBC187B8B1B74327A28B579.e.12547","ELEMENT":"f.D876D0B9E4FB8B9E585720C2FE40BD5D.d.1A94E0C27CBC187B8B1B74327A28B579.e.12547"}]}
RESULT: {"script":"<script> [56 bytes]","args":[{"element-6066-11e4-a52e-4f735466cecf":"f.D876D0B9E4FB8B9E585720C2FE40BD5D.d.1A94E0C27CBC187B8B1B74327A28B579.e.12547","ELEMENT":"f.D876D0B9E4FB8B9E585720C2FE40BD5D.d.1A94E0C27CBC187B8B1B74327A28B579.e.12547"}]}
COMMAND: GET /session/673ee8da6ae2a3036ac170eb6294f89d/screenshot - {}
RESULT: {}
COMMAND: POST /session/673ee8da6ae2a3036ac170eb6294f89d/execute/sync - {"script":"<script> [56 bytes]","args":[{"element-6066-11e4-a52e-4f735466cecf":"f.D876D0B9E4FB8B9E585720C2FE40BD5D.d.1A94E0C27CBC187B8B1B74327A28B579.e.12547","ELEMENT":"f.D876D0B9E4FB8B9E585720C2FE40BD5D.d.1A94E0C27CBC187B8B1B74327A28B579.e.12547"}]}
RESULT: {"script":"<script> [56 bytes]","args":[{"element-6066-11e4-a52e-4f735466cecf":"f.D876D0B9E4FB8B9E585720C2FE40BD5D.d.1A94E0C27CBC187B8B1B74327A28B579.e.12547","ELEMENT":"f.D876D0B9E4FB8B9E585720C2FE40BD5D.d.1A94E0C27CBC187B8B1B74327A28B579.e.12547"}]}
COMMAND: POST /session/673ee8da6ae2a3036ac170eb6294f89d/element - {"using":"css selector","value":"#shell-header-logo"}
COMMAND: GET /session/673ee8da6ae2a3036ac170eb6294f89d/screenshot - {}
RESULT: {"using":"css selector","value":"#shell-header-logo"}
COMMAND: POST /session/673ee8da6ae2a3036ac170eb6294f89d/element/f.D876D0B9E4FB8B9E585720C2FE40BD5D.d.1A94E0C27CBC187B8B1B74327A28B579.e.12377/click - {}
RESULT: {}
RESULT: {}
COMMAND: GET /session/673ee8da6ae2a3036ac170eb6294f89d/screenshot - {}
RESULT: {}
COMMAND: POST /session/673ee8da6ae2a3036ac170eb6294f89d/element - {"using":"css selector","value":"#j_username"}
COMMAND: POST /session/673ee8da6ae2a3036ac170eb6294f89d/url - {"url":"https://qa-testing-00-live-etm-ui.cfapps.eu10-004.hana.ondemand.com/"}
RESULT: {"using":"css selector","value":"#j_username"}
COMMAND: POST /session/673ee8da6ae2a3036ac170eb6294f89d/element - {"using":"css selector","value":"#j_username"}
RESULT: {"url":"https://qa-testing-00-live-etm-ui.cfapps.eu10-004.hana.ondemand.com/"}
RESULT: undefined
COMMAND: GET /session/673ee8da6ae2a3036ac170eb6294f89d/screenshot - {}
RESULT: {"using":"css selector","value":"#j_username"}
COMMAND: POST /session/673ee8da6ae2a3036ac170eb6294f89d/element - {"using":"css selector","value":"#shell-header-logo"}
RESULT: {}
RESULT: {"using":"css selector","value":"#shell-header-logo"}
COMMAND: POST /session/673ee8da6ae2a3036ac170eb6294f89d/execute/sync - {"script":"<script> [8489 bytes]","args":[{"element-6066-11e4-a52e-4f735466cecf":"f.D876D0B9E4FB8B9E585720C2FE40BD5D.d.8EDB40903EF10AC02AE0911671B59E00.e.12585","ELEMENT":"f.D876D0B9E4FB8B9E585720C2FE40BD5D.d.8EDB40903EF10AC02AE0911671B59E00.e.12585"}]}
RESULT: {"script":"<script> [8489 bytes]","args":[{"element-6066-11e4-a52e-4f735466cecf":"f.D876D0B9E4FB8B9E585720C2FE40BD5D.d.8EDB40903EF10AC02AE0911671B59E00.e.12585","ELEMENT":"f.D876D0B9E4FB8B9E585720C2FE40BD5D.d.8EDB40903EF10AC02AE0911671B59E00.e.12585"}]}
COMMAND: POST /session/673ee8da6ae2a3036ac170eb6294f89d/element - {"using":"css selector","value":"#shell-header-logo"}
COMMAND: GET /session/673ee8da6ae2a3036ac170eb6294f89d/screenshot - {}
RESULT: {"using":"css selector","value":"#shell-header-logo"}
COMMAND: POST /session/673ee8da6ae2a3036ac170eb6294f89d/execute/sync - {"script":"<script> [8489 bytes]","args":[{"element-6066-11e4-a52e-4f735466cecf":"f.D876D0B9E4FB8B9E585720C2FE40BD5D.d.8EDB40903EF10AC02AE0911671B59E00.e.12585","ELEMENT":"f.D876D0B9E4FB8B9E585720C2FE40BD5D.d.8EDB40903EF10AC02AE0911671B59E00.e.12585"}]}
RESULT: {}
RESULT: {"script":"<script> [8489 bytes]","args":[{"element-6066-11e4-a52e-4f735466cecf":"f.D876D0B9E4FB8B9E585720C2FE40BD5D.d.8EDB40903EF10AC02AE0911671B59E00.e.12585","ELEMENT":"f.D876D0B9E4FB8B9E585720C2FE40BD5D.d.8EDB40903EF10AC02AE0911671B59E00.e.12585"}]}
COMMAND: POST /session/673ee8da6ae2a3036ac170eb6294f89d/execute/sync - {"script":"<script> [5351 bytes]","args":[{"element-6066-11e4-a52e-4f735466cecf":"f.D876D0B9E4FB8B9E585720C2FE40BD5D.d.8EDB40903EF10AC02AE0911671B59E00.e.12585","ELEMENT":"f.D876D0B9E4FB8B9E585720C2FE40BD5D.d.8EDB40903EF10AC02AE0911671B59E00.e.12585"}]}
COMMAND: GET /session/673ee8da6ae2a3036ac170eb6294f89d/screenshot - {}
RESULT: {"script":"<script> [5351 bytes]","args":[{"element-6066-11e4-a52e-4f735466cecf":"f.D876D0B9E4FB8B9E585720C2FE40BD5D.d.8EDB40903EF10AC02AE0911671B59E00.e.12585","ELEMENT":"f.D876D0B9E4FB8B9E585720C2FE40BD5D.d.8EDB40903EF10AC02AE0911671B59E00.e.12585"}]}
COMMAND: POST /session/673ee8da6ae2a3036ac170eb6294f89d/element - {"using":"css selector","value":"#shell-header-logo"}
COMMAND: GET /session/673ee8da6ae2a3036ac170eb6294f89d/screenshot - {}
RESULT: {}
RESULT: {"using":"css selector","value":"#shell-header-logo"}
COMMAND: POST /session/673ee8da6ae2a3036ac170eb6294f89d/element/f.D876D0B9E4FB8B9E585720C2FE40BD5D.d.8EDB40903EF10AC02AE0911671B59E00.e.12585/click - {}
RESULT: {}
RESULT: {}
COMMAND: GET /session/673ee8da6ae2a3036ac170eb6294f89d/screenshot - {}
RESULT: {}
COMMAND: POST /session/673ee8da6ae2a3036ac170eb6294f89d/execute/async - {"script":"<script> [189 bytes]","args":[]}
RESULT: {"script":"<script> [189 bytes]","args":[]}
COMMAND: POST /session/673ee8da6ae2a3036ac170eb6294f89d/execute/async - {"script":"<script> [123 bytes]","args":[]}
RESULT: {"script":"<script> [123 bytes]","args":[]}
COMMAND: POST /session/673ee8da6ae2a3036ac170eb6294f89d/timeouts - {"script":"<number>"}
RESULT: {"script":"<number>"}
COMMAND: GET /session/673ee8da6ae2a3036ac170eb6294f89d/timeouts - {}
RESULT: {}
RESULT: undefined
COMMAND: POST /session/673ee8da6ae2a3036ac170eb6294f89d/execute/async - {"script":"<script> [2676 bytes]","args":[]}
RESULT: {"script":"<script> [2676 bytes]","args":[]}
COMMAND: POST /session/673ee8da6ae2a3036ac170eb6294f89d/execute/async - {"script":"<script> [2342 bytes]","args":[{"protocol":"http","hostname":"0.0.0.0","path":"/","capabilities":{"browserName":"chrome","goog:chromeOptions":{"binary":"C:\\Program Files\\Google\\Chrome\\Application\\chrome.exe","args":["--start-maximized"]}},"logLevel":"warn","connectionRetryTimeout":120000,"connectionRetryCount":3,"logLevels":{},"enableDirectConnect":true,"strictSSL":true,"_":"65 more keys: [\"cacheDir\",\"port\",\"requestedCapabilities\",\"automationProtocol\",\"baseUrl\",\"waitforInterval\",\"waitforTimeout\",\"onReload\",\"beforeCommand\",\"afterCommand\",\"rootDir\",\"specs\",\"suites\",\"exclude\",\"groupLogsByTestSpec\",\"excludeDriverLogs\",\"bail\",\"framework\",\"reporters\",\"services\",\"maxInstances\",\"maxInstancesPerCapability\",\"injectGlobals\",\"filesToWatch\",\"execArgv\",\"runnerEnv\",\"runner\",\"shard\",\"specFileRetries\",\"specFileRetriesDelay\",\"specFileRetriesDeferred\",\"reporterSyncInterval\",\"reporterSyncTimeout\",\"cucumberFeaturesWithLineNumbers\",\"autoCompileOpts\",\"mochaOpts\",\"jasmineOpts\",\"cucumberOpts\",\"onPrepare\",\"onWorkerStart\",\"onWorkerEnd\",\"before\",\"beforeSession\",\"beforeSuite\",\"beforeHook\",\"beforeTest\",\"afterTest\",\"afterHook\",\"afterSuite\",\"afterSession\",\"after\",\"onComplete\",\"beforeAssertion\",\"afterAssertion\",\"beforeFeature\",\"beforeScenario\",\"beforeStep\",\"afterStep\",\"afterScenario\",\"afterFeature\",\"_\",\"suite\",\"$0\",\"ignoredWorkerServices\",\"wdi5\"]"}]}
RESULT: {"script":"<script> [2342 bytes]","args":[{"protocol":"http","hostname":"0.0.0.0","path":"/","capabilities":{"browserName":"chrome","goog:chromeOptions":{"binary":"C:\\Program Files\\Google\\Chrome\\Application\\chrome.exe","args":["--start-maximized"]}},"logLevel":"warn","connectionRetryTimeout":120000,"connectionRetryCount":3,"logLevels":{},"enableDirectConnect":true,"strictSSL":true,"_":"65 more keys: [\"cacheDir\",\"port\",\"requestedCapabilities\",\"automationProtocol\",\"baseUrl\",\"waitforInterval\",\"waitforTimeout\",\"onReload\",\"beforeCommand\",\"afterCommand\",\"rootDir\",\"specs\",\"suites\",\"exclude\",\"groupLogsByTestSpec\",\"excludeDriverLogs\",\"bail\",\"framework\",\"reporters\",\"services\",\"maxInstances\",\"maxInstancesPerCapability\",\"injectGlobals\",\"filesToWatch\",\"execArgv\",\"runnerEnv\",\"runner\",\"shard\",\"specFileRetries\",\"specFileRetriesDelay\",\"specFileRetriesDeferred\",\"reporterSyncInterval\",\"reporterSyncTimeout\",\"cucumberFeaturesWithLineNumbers\",\"autoCompileOpts\",\"mochaOpts\",\"jasmineOpts\",\"cucumberOpts\",\"onPrepare\",\"onWorkerStart\",\"onWorkerEnd\",\"before\",\"beforeSession\",\"beforeSuite\",\"beforeHook\",\"beforeTest\",\"afterTest\",\"afterHook\",\"afterSuite\",\"afterSession\",\"after\",\"onComplete\",\"beforeAssertion\",\"afterAssertion\",\"beforeFeature\",\"beforeScenario\",\"beforeStep\",\"afterStep\",\"afterScenario\",\"afterFeature\",\"_\",\"suite\",\"$0\",\"ignoredWorkerServices\",\"wdi5\"]"}]}
COMMAND: POST /session/673ee8da6ae2a3036ac170eb6294f89d/execute/async - {"script":"<script> [21126 bytes]","args":[35000]}
RESULT: {"script":"<script> [21126 bytes]","args":[35000]}
COMMAND: POST /session/673ee8da6ae2a3036ac170eb6294f89d/window/maximize - {}
RESULT: {}
COMMAND: POST /session/673ee8da6ae2a3036ac170eb6294f89d/execute/async - {"script":"<script> [1562 bytes]","args":[{"selector":{"id":"shell-header","interaction":{"idSuffix":"icon"}},"wdio_ui5_key":"shellheader"}]}
COMMAND: GET /session/673ee8da6ae2a3036ac170eb6294f89d/screenshot - {}
RESULT: {"script":"<script> [1562 bytes]","args":[{"selector":{"id":"shell-header","interaction":{"idSuffix":"icon"}},"wdio_ui5_key":"shellheader"}]}
RESULT: undefined
COMMAND: POST /session/673ee8da6ae2a3036ac170eb6294f89d/refresh - {}
RESULT: {}
RESULT: {}
COMMAND: GET /session/673ee8da6ae2a3036ac170eb6294f89d/screenshot - {}
RESULT: {}
COMMAND: POST /session/673ee8da6ae2a3036ac170eb6294f89d/refresh - {}
RESULT: {}
COMMAND: GET /session/673ee8da6ae2a3036ac170eb6294f89d/screenshot - {}
RESULT: {}
COMMAND: POST /session/673ee8da6ae2a3036ac170eb6294f89d/window/fullscreen - {}
RESULT: {}
COMMAND: POST /session/673ee8da6ae2a3036ac170eb6294f89d/execute/async - {"script":"<script> [189 bytes]","args":[]}
RESULT: {"script":"<script> [189 bytes]","args":[]}
COMMAND: POST /session/673ee8da6ae2a3036ac170eb6294f89d/execute/async - {"script":"<script> [123 bytes]","args":[]}
RESULT: {"script":"<script> [123 bytes]","args":[]}
COMMAND: POST /session/673ee8da6ae2a3036ac170eb6294f89d/timeouts - {"script":"<number>"}
RESULT: {"script":"<number>"}
COMMAND: GET /session/673ee8da6ae2a3036ac170eb6294f89d/timeouts - {}
RESULT: {}
RESULT: undefined
COMMAND: POST /session/673ee8da6ae2a3036ac170eb6294f89d/execute/async - {"script":"<script> [2676 bytes]","args":[]}
RESULT: {"script":"<script> [2676 bytes]","args":[]}
COMMAND: POST /session/673ee8da6ae2a3036ac170eb6294f89d/execute/async - {"script":"<script> [2342 bytes]","args":[{"protocol":"http","hostname":"0.0.0.0","path":"/","capabilities":{"browserName":"chrome","goog:chromeOptions":{"binary":"C:\\Program Files\\Google\\Chrome\\Application\\chrome.exe","args":["--start-maximized"]}},"logLevel":"warn","connectionRetryTimeout":120000,"connectionRetryCount":3,"logLevels":{},"enableDirectConnect":true,"strictSSL":true,"_":"65 more keys: [\"cacheDir\",\"port\",\"requestedCapabilities\",\"automationProtocol\",\"baseUrl\",\"waitforInterval\",\"waitforTimeout\",\"onReload\",\"beforeCommand\",\"afterCommand\",\"rootDir\",\"specs\",\"suites\",\"exclude\",\"groupLogsByTestSpec\",\"excludeDriverLogs\",\"bail\",\"framework\",\"reporters\",\"services\",\"maxInstances\",\"maxInstancesPerCapability\",\"injectGlobals\",\"filesToWatch\",\"execArgv\",\"runnerEnv\",\"runner\",\"shard\",\"specFileRetries\",\"specFileRetriesDelay\",\"specFileRetriesDeferred\",\"reporterSyncInterval\",\"reporterSyncTimeout\",\"cucumberFeaturesWithLineNumbers\",\"autoCompileOpts\",\"mochaOpts\",\"jasmineOpts\",\"cucumberOpts\",\"onPrepare\",\"onWorkerStart\",\"onWorkerEnd\",\"before\",\"beforeSession\",\"beforeSuite\",\"beforeHook\",\"beforeTest\",\"afterTest\",\"afterHook\",\"afterSuite\",\"afterSession\",\"after\",\"onComplete\",\"beforeAssertion\",\"afterAssertion\",\"beforeFeature\",\"beforeScenario\",\"beforeStep\",\"afterStep\",\"afterScenario\",\"afterFeature\",\"_\",\"suite\",\"$0\",\"ignoredWorkerServices\",\"wdi5\"]"}]}
RESULT: {"script":"<script> [2342 bytes]","args":[{"protocol":"http","hostname":"0.0.0.0","path":"/","capabilities":{"browserName":"chrome","goog:chromeOptions":{"binary":"C:\\Program Files\\Google\\Chrome\\Application\\chrome.exe","args":["--start-maximized"]}},"logLevel":"warn","connectionRetryTimeout":120000,"connectionRetryCount":3,"logLevels":{},"enableDirectConnect":true,"strictSSL":true,"_":"65 more keys: [\"cacheDir\",\"port\",\"requestedCapabilities\",\"automationProtocol\",\"baseUrl\",\"waitforInterval\",\"waitforTimeout\",\"onReload\",\"beforeCommand\",\"afterCommand\",\"rootDir\",\"specs\",\"suites\",\"exclude\",\"groupLogsByTestSpec\",\"excludeDriverLogs\",\"bail\",\"framework\",\"reporters\",\"services\",\"maxInstances\",\"maxInstancesPerCapability\",\"injectGlobals\",\"filesToWatch\",\"execArgv\",\"runnerEnv\",\"runner\",\"shard\",\"specFileRetries\",\"specFileRetriesDelay\",\"specFileRetriesDeferred\",\"reporterSyncInterval\",\"reporterSyncTimeout\",\"cucumberFeaturesWithLineNumbers\",\"autoCompileOpts\",\"mochaOpts\",\"jasmineOpts\",\"cucumberOpts\",\"onPrepare\",\"onWorkerStart\",\"onWorkerEnd\",\"before\",\"beforeSession\",\"beforeSuite\",\"beforeHook\",\"beforeTest\",\"afterTest\",\"afterHook\",\"afterSuite\",\"afterSession\",\"after\",\"onComplete\",\"beforeAssertion\",\"afterAssertion\",\"beforeFeature\",\"beforeScenario\",\"beforeStep\",\"afterStep\",\"afterScenario\",\"afterFeature\",\"_\",\"suite\",\"$0\",\"ignoredWorkerServices\",\"wdi5\"]"}]}
COMMAND: POST /session/673ee8da6ae2a3036ac170eb6294f89d/execute/async - {"script":"<script> [21126 bytes]","args":[35000]}
RESULT: {"script":"<script> [21126 bytes]","args":[35000]}
]]></system-out>
    </testcase>
  </testsuite>
  <testsuite timestamp="2025-05-18T17:57:34" time="690.943" tests="12" failures="0" errors="0" skipped="0">
    <properties>
      <property name="specId" value="0" />
      <property name="suiteName" value="Billing transfer US117289" />
      <property name="capabilities" value="chrome.136_0_7103_93.windows" />
      <property name="file" value="file:///D:/a/1/s/test/specs/BTS/billing-transfer.spec.js" />
    </properties>
    <testcase classname="chrome.136_0_7103_93.windows.Billing_transfer_US117289" name="Should create a new yard" time="0.01">
      <system-out><![CDATA[
COMMAND: POST /session/673ee8da6ae2a3036ac170eb6294f89d/window/fullscreen - {}
RESULT: {}
]]></system-out>
    </testcase>
    <testcase classname="chrome.136_0_7103_93.windows.Billing_transfer_US117289" name="Should create a new partner" time="0.003" />
    <testcase classname="chrome.136_0_7103_93.windows.Billing_transfer_US117289" name="Should create a new site" time="0.003" />
    <testcase classname="chrome.136_0_7103_93.windows.Billing_transfer_US117289" name="Should create a new equipment" time="131.754">
      <system-out><![CDATA[
COMMAND: POST /session/673ee8da6ae2a3036ac170eb6294f89d/execute/async - {"script":"<script> [1562 bytes]","args":[{"selector":{"controlType":"sap.m.GenericTile","properties":{"header":"Manage Resources"}},"wdio_ui5_key":"sapm.GenericTile{\"header\":\"Manage Resources\"}"}]}
RESULT: {"script":"<script> [1562 bytes]","args":[{"selector":{"controlType":"sap.m.GenericTile","properties":{"header":"Manage Resources"}},"wdio_ui5_key":"sapm.GenericTile{\"header\":\"Manage Resources\"}"}]}
RESULT: undefined
COMMAND: POST /session/673ee8da6ae2a3036ac170eb6294f89d/element - {"using":"xpath","value":"//*[@id=\"__tile39\"]"}
RESULT: {"using":"xpath","value":"//*[@id=\"__tile39\"]"}
COMMAND: POST /session/673ee8da6ae2a3036ac170eb6294f89d/element/f.D876D0B9E4FB8B9E585720C2FE40BD5D.d.CB9A8713949076D809C867DB87710018.e.12735/click - {}
RESULT: {}
COMMAND: GET /session/673ee8da6ae2a3036ac170eb6294f89d/screenshot - {}
RESULT: {}
COMMAND: POST /session/673ee8da6ae2a3036ac170eb6294f89d/elements - {"using":"xpath","value":"//span[text()='Error']"}
RESULT: {"using":"xpath","value":"//span[text()='Error']"}
COMMAND: POST /session/673ee8da6ae2a3036ac170eb6294f89d/element - {"using":"xpath","value":"//button[@data-kt=\"addNewRUOverflowToolbarButton\"]"}
RESULT: {"using":"xpath","value":"//button[@data-kt=\"addNewRUOverflowToolbarButton\"]"}
COMMAND: POST /session/673ee8da6ae2a3036ac170eb6294f89d/elements - {"using":"xpath","value":"//button[@data-kt=\"addNewRUOverflowToolbarButton\"]"}
RESULT: {"using":"xpath","value":"//button[@data-kt=\"addNewRUOverflowToolbarButton\"]"}
COMMAND: POST /session/673ee8da6ae2a3036ac170eb6294f89d/execute/sync - {"script":"<script> [8489 bytes]","args":[{"element-6066-11e4-a52e-4f735466cecf":"f.D876D0B9E4FB8B9E585720C2FE40BD5D.d.CB9A8713949076D809C867DB87710018.e.12872","ELEMENT":"f.D876D0B9E4FB8B9E585720C2FE40BD5D.d.CB9A8713949076D809C867DB87710018.e.12872"}]}
RESULT: {"script":"<script> [8489 bytes]","args":[{"element-6066-11e4-a52e-4f735466cecf":"f.D876D0B9E4FB8B9E585720C2FE40BD5D.d.CB9A8713949076D809C867DB87710018.e.12872","ELEMENT":"f.D876D0B9E4FB8B9E585720C2FE40BD5D.d.CB9A8713949076D809C867DB87710018.e.12872"}]}
COMMAND: GET /session/673ee8da6ae2a3036ac170eb6294f89d/element/f.D876D0B9E4FB8B9E585720C2FE40BD5D.d.CB9A8713949076D809C867DB87710018.e.12872/enabled - {}
COMMAND: GET /session/673ee8da6ae2a3036ac170eb6294f89d/screenshot - {}
RESULT: {}
COMMAND: POST /session/673ee8da6ae2a3036ac170eb6294f89d/execute/sync - {"script":"<script> [8489 bytes]","args":[{"element-6066-11e4-a52e-4f735466cecf":"f.D876D0B9E4FB8B9E585720C2FE40BD5D.d.CB9A8713949076D809C867DB87710018.e.12872","ELEMENT":"f.D876D0B9E4FB8B9E585720C2FE40BD5D.d.CB9A8713949076D809C867DB87710018.e.12872"}]}
COMMAND: GET /session/673ee8da6ae2a3036ac170eb6294f89d/screenshot - {}
RESULT: {}
RESULT: {"script":"<script> [8489 bytes]","args":[{"element-6066-11e4-a52e-4f735466cecf":"f.D876D0B9E4FB8B9E585720C2FE40BD5D.d.CB9A8713949076D809C867DB87710018.e.12872","ELEMENT":"f.D876D0B9E4FB8B9E585720C2FE40BD5D.d.CB9A8713949076D809C867DB87710018.e.12872"}]}
COMMAND: POST /session/673ee8da6ae2a3036ac170eb6294f89d/execute/sync - {"script":"<script> [5351 bytes]","args":[{"element-6066-11e4-a52e-4f735466cecf":"f.D876D0B9E4FB8B9E585720C2FE40BD5D.d.CB9A8713949076D809C867DB87710018.e.12872","ELEMENT":"f.D876D0B9E4FB8B9E585720C2FE40BD5D.d.CB9A8713949076D809C867DB87710018.e.12872"}]}
COMMAND: GET /session/673ee8da6ae2a3036ac170eb6294f89d/screenshot - {}
RESULT: {}
RESULT: {"script":"<script> [5351 bytes]","args":[{"element-6066-11e4-a52e-4f735466cecf":"f.D876D0B9E4FB8B9E585720C2FE40BD5D.d.CB9A8713949076D809C867DB87710018.e.12872","ELEMENT":"f.D876D0B9E4FB8B9E585720C2FE40BD5D.d.CB9A8713949076D809C867DB87710018.e.12872"}]}
COMMAND: POST /session/673ee8da6ae2a3036ac170eb6294f89d/element/f.D876D0B9E4FB8B9E585720C2FE40BD5D.d.CB9A8713949076D809C867DB87710018.e.12872/click - {}
COMMAND: GET /session/673ee8da6ae2a3036ac170eb6294f89d/screenshot - {}
RESULT: {}
RESULT: {}
COMMAND: GET /session/673ee8da6ae2a3036ac170eb6294f89d/screenshot - {}
RESULT: {}
COMMAND: POST /session/673ee8da6ae2a3036ac170eb6294f89d/execute/async - {"script":"<script> [1562 bytes]","args":[{"selector":{"id":"application-manageresources-display-component---newResourceUnit--TYPE-arrow"},"wdio_ui5_key":"applicationmanageresources-display-component---newResourceUnit--TYPE-arrow"}]}
RESULT: {}
RESULT: {"script":"<script> [1562 bytes]","args":[{"selector":{"id":"application-manageresources-display-component---newResourceUnit--TYPE-arrow"},"wdio_ui5_key":"applicationmanageresources-display-component---newResourceUnit--TYPE-arrow"}]}
RESULT: undefined
COMMAND: POST /session/673ee8da6ae2a3036ac170eb6294f89d/element - {"using":"xpath","value":"//*[@id=\"application-manageresources-display-component---newResourceUnit--TYPE-arrow\"]"}
RESULT: {"using":"xpath","value":"//*[@id=\"application-manageresources-display-component---newResourceUnit--TYPE-arrow\"]"}
COMMAND: POST /session/673ee8da6ae2a3036ac170eb6294f89d/element/f.D876D0B9E4FB8B9E585720C2FE40BD5D.d.CB9A8713949076D809C867DB87710018.e.13232/click - {}
RESULT: {}
COMMAND: POST /session/673ee8da6ae2a3036ac170eb6294f89d/element - {"using":"xpath","value":"//input[@id=\"application-manageresources-display-component---newResourceUnit--TYPE-inner\"]"}
COMMAND: GET /session/673ee8da6ae2a3036ac170eb6294f89d/screenshot - {}
RESULT: {"using":"xpath","value":"//input[@id=\"application-manageresources-display-component---newResourceUnit--TYPE-inner\"]"}
COMMAND: POST /session/673ee8da6ae2a3036ac170eb6294f89d/element/f.D876D0B9E4FB8B9E585720C2FE40BD5D.d.CB9A8713949076D809C867DB87710018.e.13223/clear - {}
RESULT: {}
RESULT: {}
COMMAND: POST /session/673ee8da6ae2a3036ac170eb6294f89d/element/f.D876D0B9E4FB8B9E585720C2FE40BD5D.d.CB9A8713949076D809C867DB87710018.e.13223/value - {"text":"Equipment"}
COMMAND: GET /session/673ee8da6ae2a3036ac170eb6294f89d/screenshot - {}
RESULT: {"text":"Equipment"}
COMMAND: GET /session/673ee8da6ae2a3036ac170eb6294f89d/screenshot - {}
RESULT: {}
RESULT: {}
COMMAND: POST /session/673ee8da6ae2a3036ac170eb6294f89d/actions - {"actions":[{"id":"action46","type":"key","parameters":{},"actions":[{"type":"keyDown","value":"î€‡"},{"type":"pause","duration":10},{"type":"keyUp","value":"î€‡"}]}]}
RESULT: {"actions":[{"id":"action46","type":"key","parameters":{},"actions":[{"type":"keyDown","value":"î€‡"},{"type":"pause","duration":10},{"type":"keyUp","value":"î€‡"}]}]}
COMMAND: POST /session/673ee8da6ae2a3036ac170eb6294f89d/execute/async - {"script":"<script> [1562 bytes]","args":[{"selector":{"id":"application-manageresources-display-component---newResourceUnit--resourceId","interaction":{"idSuffix":"inner"}},"wdio_ui5_key":"applicationmanageresources-display-component---newResourceUnit--resourceId"}]}
COMMAND: GET /session/673ee8da6ae2a3036ac170eb6294f89d/screenshot - {}
RESULT: {"script":"<script> [1562 bytes]","args":[{"selector":{"id":"application-manageresources-display-component---newResourceUnit--resourceId","interaction":{"idSuffix":"inner"}},"wdio_ui5_key":"applicationmanageresources-display-component---newResourceUnit--resourceId"}]}
RESULT: undefined
COMMAND: POST /session/673ee8da6ae2a3036ac170eb6294f89d/execute/async - {"script":"<script> [776 bytes]","args":[{"enterText":"lMMm6Qzz3H","selector":{"id":"application-manageresources-display-component---newResourceUnit--resourceId","interaction":{"idSuffix":"inner"}},"clearTextFirst":true,"interactionType":"ENTER_TEXT"}]}
RESULT: {}
RESULT: {"script":"<script> [776 bytes]","args":[{"enterText":"lMMm6Qzz3H","selector":{"id":"application-manageresources-display-component---newResourceUnit--resourceId","interaction":{"idSuffix":"inner"}},"clearTextFirst":true,"interactionType":"ENTER_TEXT"}]}
COMMAND: POST /session/673ee8da6ae2a3036ac170eb6294f89d/execute/async - {"script":"<script> [1562 bytes]","args":[{"selector":{"id":"application-manageresources-display-component---newResourceUnit--SHORT_TEXT","interaction":{"idSuffix":"inner"}},"wdio_ui5_key":"applicationmanageresources-display-component---newResourceUnit--SHORT_TEXT"}]}
RESULT: {"script":"<script> [1562 bytes]","args":[{"selector":{"id":"application-manageresources-display-component---newResourceUnit--SHORT_TEXT","interaction":{"idSuffix":"inner"}},"wdio_ui5_key":"applicationmanageresources-display-component---newResourceUnit--SHORT_TEXT"}]}
RESULT: undefined
COMMAND: POST /session/673ee8da6ae2a3036ac170eb6294f89d/execute/async - {"script":"<script> [776 bytes]","args":[{"enterText":"Intercompany Equipment WDIO","selector":{"id":"application-manageresources-display-component---newResourceUnit--SHORT_TEXT","interaction":{"idSuffix":"inner"}},"clearTextFirst":true,"interactionType":"ENTER_TEXT"}]}
RESULT: {"script":"<script> [776 bytes]","args":[{"enterText":"Intercompany Equipment WDIO","selector":{"id":"application-manageresources-display-component---newResourceUnit--SHORT_TEXT","interaction":{"idSuffix":"inner"}},"clearTextFirst":true,"interactionType":"ENTER_TEXT"}]}
COMMAND: POST /session/673ee8da6ae2a3036ac170eb6294f89d/execute/async - {"script":"<script> [1562 bytes]","args":[{"selector":{"id":"application-manageresources-display-component---newResourceUnit--BASE_UNIT_OF_MEASURE","interaction":{"idSuffix":"inner"}},"wdio_ui5_key":"applicationmanageresources-display-component---newResourceUnit--BASE_UNIT_OF_MEASURE"}]}
RESULT: {"script":"<script> [1562 bytes]","args":[{"selector":{"id":"application-manageresources-display-component---newResourceUnit--BASE_UNIT_OF_MEASURE","interaction":{"idSuffix":"inner"}},"wdio_ui5_key":"applicationmanageresources-display-component---newResourceUnit--BASE_UNIT_OF_MEASURE"}]}
RESULT: undefined
COMMAND: POST /session/673ee8da6ae2a3036ac170eb6294f89d/execute/async - {"script":"<script> [776 bytes]","args":[{"enterText":"Piece","selector":{"id":"application-manageresources-display-component---newResourceUnit--BASE_UNIT_OF_MEASURE","interaction":{"idSuffix":"inner"}},"clearTextFirst":true,"interactionType":"ENTER_TEXT"}]}
RESULT: {"script":"<script> [776 bytes]","args":[{"enterText":"Piece","selector":{"id":"application-manageresources-display-component---newResourceUnit--BASE_UNIT_OF_MEASURE","interaction":{"idSuffix":"inner"}},"clearTextFirst":true,"interactionType":"ENTER_TEXT"}]}
COMMAND: POST /session/673ee8da6ae2a3036ac170eb6294f89d/execute/async - {"script":"<script> [1562 bytes]","args":[{"selector":{"id":"application-manageresources-display-component---newResourceUnit--WEIGHT_UNIT","interaction":{"idSuffix":"inner"}},"wdio_ui5_key":"applicationmanageresources-display-component---newResourceUnit--WEIGHT_UNIT"}]}
RESULT: {"script":"<script> [1562 bytes]","args":[{"selector":{"id":"application-manageresources-display-component---newResourceUnit--WEIGHT_UNIT","interaction":{"idSuffix":"inner"}},"wdio_ui5_key":"applicationmanageresources-display-component---newResourceUnit--WEIGHT_UNIT"}]}
RESULT: undefined
COMMAND: POST /session/673ee8da6ae2a3036ac170eb6294f89d/execute/async - {"script":"<script> [776 bytes]","args":[{"enterText":"Gram","selector":{"id":"application-manageresources-display-component---newResourceUnit--WEIGHT_UNIT","interaction":{"idSuffix":"inner"}},"clearTextFirst":true,"interactionType":"ENTER_TEXT"}]}
RESULT: {"script":"<script> [776 bytes]","args":[{"enterText":"Gram","selector":{"id":"application-manageresources-display-component---newResourceUnit--WEIGHT_UNIT","interaction":{"idSuffix":"inner"}},"clearTextFirst":true,"interactionType":"ENTER_TEXT"}]}
COMMAND: POST /session/673ee8da6ae2a3036ac170eb6294f89d/execute/async - {"script":"<script> [1562 bytes]","args":[{"selector":{"id":"application-manageresources-display-component---newResourceUnit--DIMENSION_UNIT","interaction":{"idSuffix":"inner"}},"wdio_ui5_key":"applicationmanageresources-display-component---newResourceUnit--DIMENSION_UNIT"}]}
RESULT: {"script":"<script> [1562 bytes]","args":[{"selector":{"id":"application-manageresources-display-component---newResourceUnit--DIMENSION_UNIT","interaction":{"idSuffix":"inner"}},"wdio_ui5_key":"applicationmanageresources-display-component---newResourceUnit--DIMENSION_UNIT"}]}
RESULT: undefined
COMMAND: POST /session/673ee8da6ae2a3036ac170eb6294f89d/execute/async - {"script":"<script> [776 bytes]","args":[{"enterText":"Meter","selector":{"id":"application-manageresources-display-component---newResourceUnit--DIMENSION_UNIT","interaction":{"idSuffix":"inner"}},"clearTextFirst":true,"interactionType":"ENTER_TEXT"}]}
RESULT: {"script":"<script> [776 bytes]","args":[{"enterText":"Meter","selector":{"id":"application-manageresources-display-component---newResourceUnit--DIMENSION_UNIT","interaction":{"idSuffix":"inner"}},"clearTextFirst":true,"interactionType":"ENTER_TEXT"}]}
COMMAND: POST /session/673ee8da6ae2a3036ac170eb6294f89d/execute/async - {"script":"<script> [1562 bytes]","args":[{"selector":{"id":"application-manageresources-display-component---newResourceUnit--newRRUPage-anchBar-application-manageresources-display-component---newResourceUnit--control-anchor","interaction":{"idSuffix":"BDI-content"}},"wdio_ui5_key":"applicationmanageresources-display-component---newResourceUnit--newRRUPage-anchBar-application-manageresources-display-component---newResourceUnit--control-anchor"}]}
RESULT: {"script":"<script> [1562 bytes]","args":[{"selector":{"id":"application-manageresources-display-component---newResourceUnit--newRRUPage-anchBar-application-manageresources-display-component---newResourceUnit--control-anchor","interaction":{"idSuffix":"BDI-content"}},"wdio_ui5_key":"applicationmanageresources-display-component---newResourceUnit--newRRUPage-anchBar-application-manageresources-display-component---newResourceUnit--control-anchor"}]}
RESULT: undefined
COMMAND: POST /session/673ee8da6ae2a3036ac170eb6294f89d/element - {"using":"xpath","value":"//*[@id=\"application-manageresources-display-component---newResourceUnit--newRRUPage-anchBar-application-manageresources-display-component---newResourceUnit--control-anchor\"]"}
RESULT: {"using":"xpath","value":"//*[@id=\"application-manageresources-display-component---newResourceUnit--newRRUPage-anchBar-application-manageresources-display-component---newResourceUnit--control-anchor\"]"}
COMMAND: POST /session/673ee8da6ae2a3036ac170eb6294f89d/element/f.D876D0B9E4FB8B9E585720C2FE40BD5D.d.CB9A8713949076D809C867DB87710018.e.13364/click - {}
RESULT: {}
COMMAND: POST /session/673ee8da6ae2a3036ac170eb6294f89d/execute/async - {"script":"<script> [1562 bytes]","args":[{"selector":{"id":"application-manageresources-display-component---newResourceUnit--PLANNING_GROUP","interaction":{"idSuffix":"inner"}},"wdio_ui5_key":"applicationmanageresources-display-component---newResourceUnit--PLANNING_GROUP"}]}
COMMAND: GET /session/673ee8da6ae2a3036ac170eb6294f89d/screenshot - {}
RESULT: {"script":"<script> [1562 bytes]","args":[{"selector":{"id":"application-manageresources-display-component---newResourceUnit--PLANNING_GROUP","interaction":{"idSuffix":"inner"}},"wdio_ui5_key":"applicationmanageresources-display-component---newResourceUnit--PLANNING_GROUP"}]}
RESULT: undefined
COMMAND: POST /session/673ee8da6ae2a3036ac170eb6294f89d/execute/async - {"script":"<script> [776 bytes]","args":[{"enterText":"Heavy Equi","selector":{"id":"application-manageresources-display-component---newResourceUnit--PLANNING_GROUP","interaction":{"idSuffix":"inner"}},"clearTextFirst":true,"interactionType":"ENTER_TEXT"}]}
RESULT: {}
RESULT: {"script":"<script> [776 bytes]","args":[{"enterText":"Heavy Equi","selector":{"id":"application-manageresources-display-component---newResourceUnit--PLANNING_GROUP","interaction":{"idSuffix":"inner"}},"clearTextFirst":true,"interactionType":"ENTER_TEXT"}]}
COMMAND: POST /session/673ee8da6ae2a3036ac170eb6294f89d/execute/async - {"script":"<script> [1562 bytes]","args":[{"selector":{"id":"application-manageresources-display-component---newResourceUnit--ITEM_TYPE-arrow"},"wdio_ui5_key":"applicationmanageresources-display-component---newResourceUnit--ITEM_TYPE-arrow"}]}
RESULT: {"script":"<script> [1562 bytes]","args":[{"selector":{"id":"application-manageresources-display-component---newResourceUnit--ITEM_TYPE-arrow"},"wdio_ui5_key":"applicationmanageresources-display-component---newResourceUnit--ITEM_TYPE-arrow"}]}
RESULT: undefined
COMMAND: POST /session/673ee8da6ae2a3036ac170eb6294f89d/element - {"using":"xpath","value":"//*[@id=\"application-manageresources-display-component---newResourceUnit--ITEM_TYPE-arrow\"]"}
RESULT: {"using":"xpath","value":"//*[@id=\"application-manageresources-display-component---newResourceUnit--ITEM_TYPE-arrow\"]"}
COMMAND: POST /session/673ee8da6ae2a3036ac170eb6294f89d/element/f.D876D0B9E4FB8B9E585720C2FE40BD5D.d.CB9A8713949076D809C867DB87710018.e.13371/click - {}
RESULT: {}
COMMAND: POST /session/673ee8da6ae2a3036ac170eb6294f89d/element - {"using":"xpath","value":"(//span[contains(text(), \"Resource Unit\")])[2]"}
COMMAND: GET /session/673ee8da6ae2a3036ac170eb6294f89d/screenshot - {}
RESULT: {"using":"xpath","value":"(//span[contains(text(), \"Resource Unit\")])[2]"}
COMMAND: POST /session/673ee8da6ae2a3036ac170eb6294f89d/element/f.D876D0B9E4FB8B9E585720C2FE40BD5D.d.CB9A8713949076D809C867DB87710018.e.13372/click - {}
RESULT: {}
RESULT: {}
COMMAND: GET /session/673ee8da6ae2a3036ac170eb6294f89d/screenshot - {}
RESULT: {}
COMMAND: POST /session/673ee8da6ae2a3036ac170eb6294f89d/element - {"using":"css selector","value":"#application-manageresources-display-component---newResourceUnit--btnAddTimeSegment"}
RESULT: {"using":"css selector","value":"#application-manageresources-display-component---newResourceUnit--btnAddTimeSegment"}
COMMAND: GET /session/673ee8da6ae2a3036ac170eb6294f89d/element/f.D876D0B9E4FB8B9E585720C2FE40BD5D.d.CB9A8713949076D809C867DB87710018.e.13373/rect - {}
RESULT: {}
COMMAND: GET /session/673ee8da6ae2a3036ac170eb6294f89d/window/rect - {}
RESULT: {}
COMMAND: POST /session/673ee8da6ae2a3036ac170eb6294f89d/execute/sync - {"script":"<script> [92 bytes]","args":[]}
RESULT: {"script":"<script> [92 bytes]","args":[]}
COMMAND: POST /session/673ee8da6ae2a3036ac170eb6294f89d/actions - {"actions":[{"id":"action47","type":"wheel","parameters":{},"actions":[{"type":"scroll","x":-1888,"y":-32,"deltaX":0,"deltaY":0,"duration":0,"origin":{"element-6066-11e4-a52e-4f735466cecf":"f.D876D0B9E4FB8B9E585720C2FE40BD5D.d.CB9A8713949076D809C867DB87710018.e.13373"}}]}]}
COMMAND: GET /session/673ee8da6ae2a3036ac170eb6294f89d/screenshot - {}
RESULT: {}
COMMAND: POST /session/673ee8da6ae2a3036ac170eb6294f89d/execute/sync - {"script":"<script> [79 bytes]","args":[{"element-6066-11e4-a52e-4f735466cecf":"f.D876D0B9E4FB8B9E585720C2FE40BD5D.d.CB9A8713949076D809C867DB87710018.e.13373","ELEMENT":"f.D876D0B9E4FB8B9E585720C2FE40BD5D.d.CB9A8713949076D809C867DB87710018.e.13373"},{"block":"start","inline":"nearest"}]}
RESULT: {"script":"<script> [79 bytes]","args":[{"element-6066-11e4-a52e-4f735466cecf":"f.D876D0B9E4FB8B9E585720C2FE40BD5D.d.CB9A8713949076D809C867DB87710018.e.13373","ELEMENT":"f.D876D0B9E4FB8B9E585720C2FE40BD5D.d.CB9A8713949076D809C867DB87710018.e.13373"},{"block":"start","inline":"nearest"}]}
COMMAND: POST /session/673ee8da6ae2a3036ac170eb6294f89d/execute/async - {"script":"<script> [1562 bytes]","args":[{"selector":{"id":"application-manageresources-display-component---newResourceUnit--btnAddTimeSegment","interaction":{"idSuffix":"inner"}},"wdio_ui5_key":"applicationmanageresources-display-component---newResourceUnit--btnAddTimeSegment"}]}
COMMAND: GET /session/673ee8da6ae2a3036ac170eb6294f89d/screenshot - {}
RESULT: {"script":"<script> [1562 bytes]","args":[{"selector":{"id":"application-manageresources-display-component---newResourceUnit--btnAddTimeSegment","interaction":{"idSuffix":"inner"}},"wdio_ui5_key":"applicationmanageresources-display-component---newResourceUnit--btnAddTimeSegment"}]}
RESULT: undefined
COMMAND: POST /session/673ee8da6ae2a3036ac170eb6294f89d/element - {"using":"xpath","value":"//*[@id=\"application-manageresources-display-component---newResourceUnit--btnAddTimeSegment\"]"}
RESULT: {}
RESULT: {"using":"xpath","value":"//*[@id=\"application-manageresources-display-component---newResourceUnit--btnAddTimeSegment\"]"}
COMMAND: POST /session/673ee8da6ae2a3036ac170eb6294f89d/element/f.D876D0B9E4FB8B9E585720C2FE40BD5D.d.CB9A8713949076D809C867DB87710018.e.13373/click - {}
RESULT: {}
COMMAND: GET /session/673ee8da6ae2a3036ac170eb6294f89d/screenshot - {}
RESULT: {}
COMMAND: POST /session/673ee8da6ae2a3036ac170eb6294f89d/element - {"using":"xpath","value":"//input[@id=\"application-manageresources-display-component---newResourceUnit--idRuTSAdmin-application-manageresources-display-component---newResourceUnit--RUTimeSegment-0-inner\"]"}
RESULT: {"using":"xpath","value":"//input[@id=\"application-manageresources-display-component---newResourceUnit--idRuTSAdmin-application-manageresources-display-component---newResourceUnit--RUTimeSegment-0-inner\"]"}
COMMAND: POST /session/673ee8da6ae2a3036ac170eb6294f89d/element/f.D876D0B9E4FB8B9E585720C2FE40BD5D.d.CB9A8713949076D809C867DB87710018.e.13379/clear - {}
RESULT: {}
COMMAND: POST /session/673ee8da6ae2a3036ac170eb6294f89d/element/f.D876D0B9E4FB8B9E585720C2FE40BD5D.d.CB9A8713949076D809C867DB87710018.e.13379/value - {"text":"532"}
COMMAND: GET /session/673ee8da6ae2a3036ac170eb6294f89d/screenshot - {}
RESULT: {"text":"532"}
COMMAND: GET /session/673ee8da6ae2a3036ac170eb6294f89d/screenshot - {}
RESULT: {}
RESULT: {}
COMMAND: POST /session/673ee8da6ae2a3036ac170eb6294f89d/element - {"using":"xpath","value":"//li[.//span[text()='532']]"}
RESULT: {"using":"xpath","value":"//li[.//span[text()='532']]"}
COMMAND: POST /session/673ee8da6ae2a3036ac170eb6294f89d/element/f.D876D0B9E4FB8B9E585720C2FE40BD5D.d.CB9A8713949076D809C867DB87710018.e.13391/click - {}
RESULT: {}
COMMAND: GET /session/673ee8da6ae2a3036ac170eb6294f89d/screenshot - {}
RESULT: {}
COMMAND: POST /session/673ee8da6ae2a3036ac170eb6294f89d/element - {"using":"xpath","value":"(//span[contains(@id, \"-application-manageresources-display-component---newResourceUnit--RUTimeSegment-0-arrow\")])[6]"}
RESULT: {"using":"xpath","value":"(//span[contains(@id, \"-application-manageresources-display-component---newResourceUnit--RUTimeSegment-0-arrow\")])[6]"}
COMMAND: POST /session/673ee8da6ae2a3036ac170eb6294f89d/element/f.D876D0B9E4FB8B9E585720C2FE40BD5D.d.CB9A8713949076D809C867DB87710018.e.13392/click - {}
RESULT: {}
COMMAND: GET /session/673ee8da6ae2a3036ac170eb6294f89d/screenshot - {}
RESULT: {}
COMMAND: POST /session/673ee8da6ae2a3036ac170eb6294f89d/element - {"using":"xpath","value":"//span[contains(text(), \"PM Order\")]"}
RESULT: {"using":"xpath","value":"//span[contains(text(), \"PM Order\")]"}
COMMAND: POST /session/673ee8da6ae2a3036ac170eb6294f89d/element/f.D876D0B9E4FB8B9E585720C2FE40BD5D.d.CB9A8713949076D809C867DB87710018.e.13395/click - {}
RESULT: {}
COMMAND: GET /session/673ee8da6ae2a3036ac170eb6294f89d/screenshot - {}
RESULT: {}
COMMAND: POST /session/673ee8da6ae2a3036ac170eb6294f89d/element - {"using":"xpath","value":"(//span[contains(@id ,\"manageresources-display-component---newResourceUnit--RUTimeSegment-0-vhi\")])[1]"}
RESULT: {"using":"xpath","value":"(//span[contains(@id ,\"manageresources-display-component---newResourceUnit--RUTimeSegment-0-vhi\")])[1]"}
COMMAND: GET /session/673ee8da6ae2a3036ac170eb6294f89d/element/f.D876D0B9E4FB8B9E585720C2FE40BD5D.d.CB9A8713949076D809C867DB87710018.e.13399/rect - {}
RESULT: {}
COMMAND: GET /session/673ee8da6ae2a3036ac170eb6294f89d/window/rect - {}
RESULT: {}
COMMAND: POST /session/673ee8da6ae2a3036ac170eb6294f89d/execute/sync - {"script":"<script> [92 bytes]","args":[]}
RESULT: {"script":"<script> [92 bytes]","args":[]}
COMMAND: POST /session/673ee8da6ae2a3036ac170eb6294f89d/actions - {"actions":[{"id":"action48","type":"wheel","parameters":{},"actions":[{"type":"scroll","x":-869,"y":-24,"deltaX":0,"deltaY":0,"duration":0,"origin":{"element-6066-11e4-a52e-4f735466cecf":"f.D876D0B9E4FB8B9E585720C2FE40BD5D.d.CB9A8713949076D809C867DB87710018.e.13399"}}]}]}
COMMAND: GET /session/673ee8da6ae2a3036ac170eb6294f89d/screenshot - {}
RESULT: {"actions":[{"id":"action48","type":"wheel","parameters":{},"actions":[{"type":"scroll","x":-869,"y":-24,"deltaX":0,"deltaY":0,"duration":0,"origin":{"element-6066-11e4-a52e-4f735466cecf":"f.D876D0B9E4FB8B9E585720C2FE40BD5D.d.CB9A8713949076D809C867DB87710018.e.13399"}}]}]}
COMMAND: DELETE /session/673ee8da6ae2a3036ac170eb6294f89d/actions - {}
COMMAND: GET /session/673ee8da6ae2a3036ac170eb6294f89d/screenshot - {}
RESULT: {}
RESULT: {}
COMMAND: GET /session/673ee8da6ae2a3036ac170eb6294f89d/screenshot - {}
RESULT: {}
RESULT: {}
COMMAND: POST /session/673ee8da6ae2a3036ac170eb6294f89d/element/f.D876D0B9E4FB8B9E585720C2FE40BD5D.d.CB9A8713949076D809C867DB87710018.e.13399/click - {}
RESULT: {}
COMMAND: GET /session/673ee8da6ae2a3036ac170eb6294f89d/screenshot - {}
RESULT: {}
COMMAND: POST /session/673ee8da6ae2a3036ac170eb6294f89d/execute/async - {"script":"<script> [1562 bytes]","args":[{"selector":{"controlType":"sap.m.SearchField","properties":{"placeholder":"Search"},"searchOpenDialogs":true,"interaction":{"idSuffix":"I"}},"wdio_ui5_key":"sapm.SearchField{\"placeholder\":\"Search\"}"}]}
RESULT: {"script":"<script> [1562 bytes]","args":[{"selector":{"controlType":"sap.m.SearchField","properties":{"placeholder":"Search"},"searchOpenDialogs":true,"interaction":{"idSuffix":"I"}},"wdio_ui5_key":"sapm.SearchField{\"placeholder\":\"Search\"}"}]}
RESULT: undefined
COMMAND: POST /session/673ee8da6ae2a3036ac170eb6294f89d/execute/async - {"script":"<script> [776 bytes]","args":[{"enterText":"4000360","selector":{"controlType":"sap.m.SearchField","properties":{"placeholder":"Search"},"searchOpenDialogs":true,"interaction":{"idSuffix":"I"}},"clearTextFirst":true,"interactionType":"ENTER_TEXT"}]}
RESULT: {"script":"<script> [776 bytes]","args":[{"enterText":"4000360","selector":{"controlType":"sap.m.SearchField","properties":{"placeholder":"Search"},"searchOpenDialogs":true,"interaction":{"idSuffix":"I"}},"clearTextFirst":true,"interactionType":"ENTER_TEXT"}]}
COMMAND: POST /session/673ee8da6ae2a3036ac170eb6294f89d/actions - {"actions":[{"id":"action49","type":"key","parameters":{},"actions":[{"type":"keyDown","value":"î€‡"},{"type":"pause","duration":10},{"type":"keyUp","value":"î€‡"}]}]}
RESULT: {"actions":[{"id":"action49","type":"key","parameters":{},"actions":[{"type":"keyDown","value":"î€‡"},{"type":"pause","duration":10},{"type":"keyUp","value":"î€‡"}]}]}
COMMAND: GET /session/673ee8da6ae2a3036ac170eb6294f89d/screenshot - {}
RESULT: {}
COMMAND: POST /session/673ee8da6ae2a3036ac170eb6294f89d/element - {"using":"xpath","value":"//td/div/span[contains(text(), \"BGL Vehicles\")]"}
RESULT: {"using":"xpath","value":"//td/div/span[contains(text(), \"BGL Vehicles\")]"}
COMMAND: POST /session/673ee8da6ae2a3036ac170eb6294f89d/element/f.D876D0B9E4FB8B9E585720C2FE40BD5D.d.CB9A8713949076D809C867DB87710018.e.13420/click - {}
RESULT: {}
COMMAND: GET /session/673ee8da6ae2a3036ac170eb6294f89d/screenshot - {}
RESULT: {}
COMMAND: POST /session/673ee8da6ae2a3036ac170eb6294f89d/element - {"using":"xpath","value":"//bdi[contains(text(), \"OK\")]"}
RESULT: {"using":"xpath","value":"//bdi[contains(text(), \"OK\")]"}
COMMAND: POST /session/673ee8da6ae2a3036ac170eb6294f89d/element/f.D876D0B9E4FB8B9E585720C2FE40BD5D.d.CB9A8713949076D809C867DB87710018.e.13421/click - {}
RESULT: {}
COMMAND: GET /session/673ee8da6ae2a3036ac170eb6294f89d/screenshot - {}
RESULT: {}
COMMAND: POST /session/673ee8da6ae2a3036ac170eb6294f89d/execute/async - {"script":"<script> [1562 bytes]","args":[{"selector":{"id":"application-manageresources-display-component---newResourceUnit--newRRUPage-anchBar-application-manageresources-display-component---newResourceUnit--resource-anchor","interaction":{"idSuffix":"BDI-content"}},"wdio_ui5_key":"applicationmanageresources-display-component---newResourceUnit--newRRUPage-anchBar-application-manageresources-display-component---newResourceUnit--resource-anchor"}]}
RESULT: {"script":"<script> [1562 bytes]","args":[{"selector":{"id":"application-manageresources-display-component---newResourceUnit--newRRUPage-anchBar-application-manageresources-display-component---newResourceUnit--resource-anchor","interaction":{"idSuffix":"BDI-content"}},"wdio_ui5_key":"applicationmanageresources-display-component---newResourceUnit--newRRUPage-anchBar-application-manageresources-display-component---newResourceUnit--resource-anchor"}]}
RESULT: undefined
COMMAND: POST /session/673ee8da6ae2a3036ac170eb6294f89d/element - {"using":"xpath","value":"//*[@id=\"application-manageresources-display-component---newResourceUnit--newRRUPage-anchBar-application-manageresources-display-component---newResourceUnit--resource-anchor\"]"}
RESULT: {"using":"xpath","value":"//*[@id=\"application-manageresources-display-component---newResourceUnit--newRRUPage-anchBar-application-manageresources-display-component---newResourceUnit--resource-anchor\"]"}
COMMAND: POST /session/673ee8da6ae2a3036ac170eb6294f89d/element/f.D876D0B9E4FB8B9E585720C2FE40BD5D.d.CB9A8713949076D809C867DB87710018.e.13425/click - {}
RESULT: {}
COMMAND: POST /session/673ee8da6ae2a3036ac170eb6294f89d/execute/async - {"script":"<script> [1562 bytes]","args":[{"selector":{"id":"application-manageresources-display-component---newResourceUnit--PLANNED_DELIVERY_DATE","interaction":{"idSuffix":"inner"}},"wdio_ui5_key":"applicationmanageresources-display-component---newResourceUnit--PLANNED_DELIVERY_DATE"}]}
COMMAND: GET /session/673ee8da6ae2a3036ac170eb6294f89d/screenshot - {}
RESULT: {"script":"<script> [1562 bytes]","args":[{"selector":{"id":"application-manageresources-display-component---newResourceUnit--PLANNED_DELIVERY_DATE","interaction":{"idSuffix":"inner"}},"wdio_ui5_key":"applicationmanageresources-display-component---newResourceUnit--PLANNED_DELIVERY_DATE"}]}
RESULT: undefined
COMMAND: POST /session/673ee8da6ae2a3036ac170eb6294f89d/execute/async - {"script":"<script> [6424 bytes]","args":[{"element-6066-11e4-a52e-4f735466cecf":"f.D876D0B9E4FB8B9E585720C2FE40BD5D.d.CB9A8713949076D809C867DB87710018.e.13289"},"setValue",["5/18/25"]]}
RESULT: {}
RESULT: {"script":"<script> [6424 bytes]","args":[{"element-6066-11e4-a52e-4f735466cecf":"f.D876D0B9E4FB8B9E585720C2FE40BD5D.d.CB9A8713949076D809C867DB87710018.e.13289"},"setValue",["5/18/25"]]}
COMMAND: POST /session/673ee8da6ae2a3036ac170eb6294f89d/element - {"using":"xpath","value":"//label[contains(@class, 'sapMLabelRequired') and .//bdi[contains(text(), 'Planned Retirement')]]"}
RESULT: {"using":"xpath","value":"//label[contains(@class, 'sapMLabelRequired') and .//bdi[contains(text(), 'Planned Retirement')]]"}
COMMAND: POST /session/673ee8da6ae2a3036ac170eb6294f89d/elements - {"using":"xpath","value":"//label[contains(@class, 'sapMLabelRequired') and .//bdi[contains(text(), 'Planned Retirement')]]"}
RESULT: {"using":"xpath","value":"//label[contains(@class, 'sapMLabelRequired') and .//bdi[contains(text(), 'Planned Retirement')]]"}
COMMAND: POST /session/673ee8da6ae2a3036ac170eb6294f89d/element - {"using":"xpath","value":"//button[@data-kt=\"resourceUnitSaveButton\"]"}
RESULT: {"using":"xpath","value":"//button[@data-kt=\"resourceUnitSaveButton\"]"}
COMMAND: POST /session/673ee8da6ae2a3036ac170eb6294f89d/element/f.D876D0B9E4FB8B9E585720C2FE40BD5D.d.CB9A8713949076D809C867DB87710018.e.13249/click - {}
RESULT: {}
COMMAND: GET /session/673ee8da6ae2a3036ac170eb6294f89d/screenshot - {}
RESULT: {}
COMMAND: POST /session/673ee8da6ae2a3036ac170eb6294f89d/element - {"using":"xpath","value":"//bdi[contains(text(), \"Close\")]"}
RESULT: {"using":"xpath","value":"//bdi[contains(text(), \"Close\")]"}
COMMAND: POST /session/673ee8da6ae2a3036ac170eb6294f89d/element/f.D876D0B9E4FB8B9E585720C2FE40BD5D.d.CB9A8713949076D809C867DB87710018.e.13433/click - {}
RESULT: {}
COMMAND: GET /session/673ee8da6ae2a3036ac170eb6294f89d/screenshot - {}
RESULT: {}
COMMAND: POST /session/673ee8da6ae2a3036ac170eb6294f89d/element - {"using":"xpath","value":"(//button[contains(@id ,\"actionsToolbar-overflowButton\")])[1]"}
RESULT: {"using":"xpath","value":"(//button[contains(@id ,\"actionsToolbar-overflowButton\")])[1]"}
COMMAND: POST /session/673ee8da6ae2a3036ac170eb6294f89d/element/f.D876D0B9E4FB8B9E585720C2FE40BD5D.d.CB9A8713949076D809C867DB87710018.e.13465/click - {}
RESULT: {}
COMMAND: GET /session/673ee8da6ae2a3036ac170eb6294f89d/screenshot - {}
RESULT: {}
COMMAND: POST /session/673ee8da6ae2a3036ac170eb6294f89d/element - {"using":"xpath","value":"//button[@data-kt=\"priceInfoButton\"]"}
RESULT: {"using":"xpath","value":"//button[@data-kt=\"priceInfoButton\"]"}
COMMAND: POST /session/673ee8da6ae2a3036ac170eb6294f89d/element/f.D876D0B9E4FB8B9E585720C2FE40BD5D.d.CB9A8713949076D809C867DB87710018.e.13467/click - {}
RESULT: {}
COMMAND: GET /session/673ee8da6ae2a3036ac170eb6294f89d/screenshot - {}
RESULT: {}
]]></system-out>
    </testcase>
    <testcase classname="chrome.136_0_7103_93.windows.Billing_transfer_US117289" name="Should create new pricing rule" time="51.047">
      <system-out><![CDATA[
COMMAND: POST /session/673ee8da6ae2a3036ac170eb6294f89d/element - {"using":"xpath","value":"//button[@data-kt=\"addButton\"]"}
RESULT: {"using":"xpath","value":"//button[@data-kt=\"addButton\"]"}
COMMAND: POST /session/673ee8da6ae2a3036ac170eb6294f89d/elements - {"using":"xpath","value":"//button[@data-kt=\"addButton\"]"}
RESULT: {"using":"xpath","value":"//button[@data-kt=\"addButton\"]"}
COMMAND: POST /session/673ee8da6ae2a3036ac170eb6294f89d/execute/sync - {"script":"<script> [8489 bytes]","args":[{"element-6066-11e4-a52e-4f735466cecf":"f.D876D0B9E4FB8B9E585720C2FE40BD5D.d.CB9A8713949076D809C867DB87710018.e.13503","ELEMENT":"f.D876D0B9E4FB8B9E585720C2FE40BD5D.d.CB9A8713949076D809C867DB87710018.e.13503"}]}
RESULT: {"script":"<script> [8489 bytes]","args":[{"element-6066-11e4-a52e-4f735466cecf":"f.D876D0B9E4FB8B9E585720C2FE40BD5D.d.CB9A8713949076D809C867DB87710018.e.13503","ELEMENT":"f.D876D0B9E4FB8B9E585720C2FE40BD5D.d.CB9A8713949076D809C867DB87710018.e.13503"}]}
COMMAND: GET /session/673ee8da6ae2a3036ac170eb6294f89d/element/f.D876D0B9E4FB8B9E585720C2FE40BD5D.d.CB9A8713949076D809C867DB87710018.e.13503/enabled - {}
COMMAND: GET /session/673ee8da6ae2a3036ac170eb6294f89d/screenshot - {}
RESULT: {}
COMMAND: POST /session/673ee8da6ae2a3036ac170eb6294f89d/execute/sync - {"script":"<script> [8489 bytes]","args":[{"element-6066-11e4-a52e-4f735466cecf":"f.D876D0B9E4FB8B9E585720C2FE40BD5D.d.CB9A8713949076D809C867DB87710018.e.13503","ELEMENT":"f.D876D0B9E4FB8B9E585720C2FE40BD5D.d.CB9A8713949076D809C867DB87710018.e.13503"}]}
COMMAND: GET /session/673ee8da6ae2a3036ac170eb6294f89d/screenshot - {}
RESULT: {}
RESULT: {"script":"<script> [8489 bytes]","args":[{"element-6066-11e4-a52e-4f735466cecf":"f.D876D0B9E4FB8B9E585720C2FE40BD5D.d.CB9A8713949076D809C867DB87710018.e.13503","ELEMENT":"f.D876D0B9E4FB8B9E585720C2FE40BD5D.d.CB9A8713949076D809C867DB87710018.e.13503"}]}
COMMAND: POST /session/673ee8da6ae2a3036ac170eb6294f89d/execute/sync - {"script":"<script> [5351 bytes]","args":[{"element-6066-11e4-a52e-4f735466cecf":"f.D876D0B9E4FB8B9E585720C2FE40BD5D.d.CB9A8713949076D809C867DB87710018.e.13503","ELEMENT":"f.D876D0B9E4FB8B9E585720C2FE40BD5D.d.CB9A8713949076D809C867DB87710018.e.13503"}]}
COMMAND: GET /session/673ee8da6ae2a3036ac170eb6294f89d/screenshot - {}
RESULT: {}
RESULT: {"script":"<script> [5351 bytes]","args":[{"element-6066-11e4-a52e-4f735466cecf":"f.D876D0B9E4FB8B9E585720C2FE40BD5D.d.CB9A8713949076D809C867DB87710018.e.13503","ELEMENT":"f.D876D0B9E4FB8B9E585720C2FE40BD5D.d.CB9A8713949076D809C867DB87710018.e.13503"}]}
COMMAND: POST /session/673ee8da6ae2a3036ac170eb6294f89d/element/f.D876D0B9E4FB8B9E585720C2FE40BD5D.d.CB9A8713949076D809C867DB87710018.e.13503/click - {}
COMMAND: GET /session/673ee8da6ae2a3036ac170eb6294f89d/screenshot - {}
RESULT: {}
RESULT: {}
COMMAND: GET /session/673ee8da6ae2a3036ac170eb6294f89d/screenshot - {}
RESULT: {}
RESULT: {}
COMMAND: POST /session/673ee8da6ae2a3036ac170eb6294f89d/execute/async - {"script":"<script> [1562 bytes]","args":[{"selector":{"controlType":"sap.m.Title","viewName":"etm.portal.ui.managepricingrules.view.NewItem","viewId":"application-managepricingrules-display-component---newInfoPriceItem","properties":{"text":"New Pricing Rules - Item Level"}},"wdio_ui5_key":"etmportal.ui.managepricingrules.view.NewItemsap.m.Title{\"text\":\"New Pricing Rules - Item Level\"}"}]}
RESULT: {"script":"<script> [1562 bytes]","args":[{"selector":{"controlType":"sap.m.Title","viewName":"etm.portal.ui.managepricingrules.view.NewItem","viewId":"application-managepricingrules-display-component---newInfoPriceItem","properties":{"text":"New Pricing Rules - Item Level"}},"wdio_ui5_key":"etmportal.ui.managepricingrules.view.NewItemsap.m.Title{\"text\":\"New Pricing Rules - Item Level\"}"}]}
RESULT: undefined
COMMAND: POST /session/673ee8da6ae2a3036ac170eb6294f89d/execute/async - {"script":"<script> [6424 bytes]","args":[{"element-6066-11e4-a52e-4f735466cecf":"f.D876D0B9E4FB8B9E585720C2FE40BD5D.d.CB9A8713949076D809C867DB87710018.e.13674"},"getText",[]]}
RESULT: {"script":"<script> [6424 bytes]","args":[{"element-6066-11e4-a52e-4f735466cecf":"f.D876D0B9E4FB8B9E585720C2FE40BD5D.d.CB9A8713949076D809C867DB87710018.e.13674"},"getText",[]]}
COMMAND: POST /session/673ee8da6ae2a3036ac170eb6294f89d/execute/async - {"script":"<script> [1562 bytes]","args":[{"selector":{"id":"application-managepricingrules-display-component---newInfoPriceItem--condValidTo","interaction":{"idSuffix":"inner"}},"wdio_ui5_key":"applicationmanagepricingrules-display-component---newInfoPriceItem--condValidTo"}]}
RESULT: {"script":"<script> [1562 bytes]","args":[{"selector":{"id":"application-managepricingrules-display-component---newInfoPriceItem--condValidTo","interaction":{"idSuffix":"inner"}},"wdio_ui5_key":"applicationmanagepricingrules-display-component---newInfoPriceItem--condValidTo"}]}
RESULT: undefined
COMMAND: POST /session/673ee8da6ae2a3036ac170eb6294f89d/execute/async - {"script":"<script> [776 bytes]","args":[{"enterText":"1/18/26","selector":{"id":"application-managepricingrules-display-component---newInfoPriceItem--condValidTo","interaction":{"idSuffix":"inner"}},"clearTextFirst":true,"interactionType":"ENTER_TEXT"}]}
RESULT: {"script":"<script> [776 bytes]","args":[{"enterText":"1/18/26","selector":{"id":"application-managepricingrules-display-component---newInfoPriceItem--condValidTo","interaction":{"idSuffix":"inner"}},"clearTextFirst":true,"interactionType":"ENTER_TEXT"}]}
COMMAND: POST /session/673ee8da6ae2a3036ac170eb6294f89d/execute/async - {"script":"<script> [1562 bytes]","args":[{"selector":{"id":"application-managepricingrules-display-component---newInfoPriceItem--billType-arrow"},"wdio_ui5_key":"applicationmanagepricingrules-display-component---newInfoPriceItem--billType-arrow"}]}
RESULT: {"script":"<script> [1562 bytes]","args":[{"selector":{"id":"application-managepricingrules-display-component---newInfoPriceItem--billType-arrow"},"wdio_ui5_key":"applicationmanagepricingrules-display-component---newInfoPriceItem--billType-arrow"}]}
RESULT: undefined
COMMAND: POST /session/673ee8da6ae2a3036ac170eb6294f89d/element - {"using":"xpath","value":"//*[@id=\"application-managepricingrules-display-component---newInfoPriceItem--billType-arrow\"]"}
RESULT: {"using":"xpath","value":"//*[@id=\"application-managepricingrules-display-component---newInfoPriceItem--billType-arrow\"]"}
COMMAND: POST /session/673ee8da6ae2a3036ac170eb6294f89d/element/f.D876D0B9E4FB8B9E585720C2FE40BD5D.d.CB9A8713949076D809C867DB87710018.e.13633/click - {}
RESULT: {}
COMMAND: POST /session/673ee8da6ae2a3036ac170eb6294f89d/element - {"using":"xpath","value":"//span[contains(text(), \"TB - Time based\")]"}
COMMAND: GET /session/673ee8da6ae2a3036ac170eb6294f89d/screenshot - {}
RESULT: {"using":"xpath","value":"//span[contains(text(), \"TB - Time based\")]"}
COMMAND: POST /session/673ee8da6ae2a3036ac170eb6294f89d/element/f.D876D0B9E4FB8B9E585720C2FE40BD5D.d.CB9A8713949076D809C867DB87710018.e.13676/click - {}
RESULT: {}
RESULT: {}
COMMAND: POST /session/673ee8da6ae2a3036ac170eb6294f89d/execute/async - {"script":"<script> [1562 bytes]","args":[{"selector":{"id":"application-managepricingrules-display-component---newInfoPriceItem--priceProc-arrow"},"wdio_ui5_key":"applicationmanagepricingrules-display-component---newInfoPriceItem--priceProc-arrow"}]}
COMMAND: GET /session/673ee8da6ae2a3036ac170eb6294f89d/screenshot - {}
RESULT: {"script":"<script> [1562 bytes]","args":[{"selector":{"id":"application-managepricingrules-display-component---newInfoPriceItem--priceProc-arrow"},"wdio_ui5_key":"applicationmanagepricingrules-display-component---newInfoPriceItem--priceProc-arrow"}]}
RESULT: undefined
COMMAND: POST /session/673ee8da6ae2a3036ac170eb6294f89d/element - {"using":"xpath","value":"//*[@id=\"application-managepricingrules-display-component---newInfoPriceItem--priceProc-arrow\"]"}
RESULT: {}
RESULT: {"using":"xpath","value":"//*[@id=\"application-managepricingrules-display-component---newInfoPriceItem--priceProc-arrow\"]"}
COMMAND: POST /session/673ee8da6ae2a3036ac170eb6294f89d/element/f.D876D0B9E4FB8B9E585720C2FE40BD5D.d.CB9A8713949076D809C867DB87710018.e.13640/click - {}
RESULT: {}
COMMAND: POST /session/673ee8da6ae2a3036ac170eb6294f89d/element - {"using":"xpath","value":"//span[contains(text(), \"TBS - Time based standard\")]"}
COMMAND: GET /session/673ee8da6ae2a3036ac170eb6294f89d/screenshot - {}
RESULT: {"using":"xpath","value":"//span[contains(text(), \"TBS - Time based standard\")]"}
COMMAND: POST /session/673ee8da6ae2a3036ac170eb6294f89d/element/f.D876D0B9E4FB8B9E585720C2FE40BD5D.d.CB9A8713949076D809C867DB87710018.e.13677/click - {}
RESULT: {}
RESULT: {}
COMMAND: POST /session/673ee8da6ae2a3036ac170eb6294f89d/execute/async - {"script":"<script> [1562 bytes]","args":[{"selector":{"id":"application-managepricingrules-display-component---newInfoPriceItem--calcBase-arrow"},"wdio_ui5_key":"applicationmanagepricingrules-display-component---newInfoPriceItem--calcBase-arrow"}]}
COMMAND: GET /session/673ee8da6ae2a3036ac170eb6294f89d/screenshot - {}
RESULT: {"script":"<script> [1562 bytes]","args":[{"selector":{"id":"application-managepricingrules-display-component---newInfoPriceItem--calcBase-arrow"},"wdio_ui5_key":"applicationmanagepricingrules-display-component---newInfoPriceItem--calcBase-arrow"}]}
RESULT: undefined
COMMAND: POST /session/673ee8da6ae2a3036ac170eb6294f89d/element - {"using":"xpath","value":"//*[@id=\"application-managepricingrules-display-component---newInfoPriceItem--calcBase-arrow\"]"}
RESULT: {}
RESULT: {"using":"xpath","value":"//*[@id=\"application-managepricingrules-display-component---newInfoPriceItem--calcBase-arrow\"]"}
COMMAND: POST /session/673ee8da6ae2a3036ac170eb6294f89d/element/f.D876D0B9E4FB8B9E585720C2FE40BD5D.d.CB9A8713949076D809C867DB87710018.e.13647/click - {}
RESULT: {}
COMMAND: GET /session/673ee8da6ae2a3036ac170eb6294f89d/screenshot - {}
RESULT: {}
COMMAND: POST /session/673ee8da6ae2a3036ac170eb6294f89d/element - {"using":"xpath","value":"//span[contains(text(), \"0006 - TB(calendar days)\")]"}
RESULT: {"using":"xpath","value":"//span[contains(text(), \"0006 - TB(calendar days)\")]"}
COMMAND: POST /session/673ee8da6ae2a3036ac170eb6294f89d/element/f.D876D0B9E4FB8B9E585720C2FE40BD5D.d.CB9A8713949076D809C867DB87710018.e.13678/click - {}
RESULT: {}
COMMAND: GET /session/673ee8da6ae2a3036ac170eb6294f89d/screenshot - {}
RESULT: {}
COMMAND: POST /session/673ee8da6ae2a3036ac170eb6294f89d/execute/async - {"script":"<script> [1562 bytes]","args":[{"selector":{"id":"application-managepricingrules-display-component---newInfoPriceItem--daysMonth","interaction":{"idSuffix":"inner"}},"wdio_ui5_key":"applicationmanagepricingrules-display-component---newInfoPriceItem--daysMonth"}]}
RESULT: {"script":"<script> [1562 bytes]","args":[{"selector":{"id":"application-managepricingrules-display-component---newInfoPriceItem--daysMonth","interaction":{"idSuffix":"inner"}},"wdio_ui5_key":"applicationmanagepricingrules-display-component---newInfoPriceItem--daysMonth"}]}
RESULT: undefined
COMMAND: POST /session/673ee8da6ae2a3036ac170eb6294f89d/execute/async - {"script":"<script> [776 bytes]","args":[{"enterText":"30","selector":{"id":"application-managepricingrules-display-component---newInfoPriceItem--daysMonth","interaction":{"idSuffix":"inner"}},"clearTextFirst":true,"interactionType":"ENTER_TEXT"}]}
RESULT: {"script":"<script> [776 bytes]","args":[{"enterText":"30","selector":{"id":"application-managepricingrules-display-component---newInfoPriceItem--daysMonth","interaction":{"idSuffix":"inner"}},"clearTextFirst":true,"interactionType":"ENTER_TEXT"}]}
COMMAND: POST /session/673ee8da6ae2a3036ac170eb6294f89d/element - {"using":"xpath","value":"//button[@data-kt=\"saveNewRuleButton\"]"}
RESULT: {"using":"xpath","value":"//button[@data-kt=\"saveNewRuleButton\"]"}
COMMAND: POST /session/673ee8da6ae2a3036ac170eb6294f89d/element/f.D876D0B9E4FB8B9E585720C2FE40BD5D.d.CB9A8713949076D809C867DB87710018.e.13667/click - {}
RESULT: {}
COMMAND: GET /session/673ee8da6ae2a3036ac170eb6294f89d/screenshot - {}
RESULT: {}
COMMAND: POST /session/673ee8da6ae2a3036ac170eb6294f89d/execute/async - {"script":"<script> [1562 bytes]","args":[{"selector":{"id":"application-managepricingrules-display-component---priceInfoItem--smartFilterBar-btnBasicSearch","interaction":{"idSuffix":"I"}},"wdio_ui5_key":"applicationmanagepricingrules-display-component---priceInfoItem--smartFilterBar-btnBasicSearch"}]}
RESULT: {"script":"<script> [1562 bytes]","args":[{"selector":{"id":"application-managepricingrules-display-component---priceInfoItem--smartFilterBar-btnBasicSearch","interaction":{"idSuffix":"I"}},"wdio_ui5_key":"applicationmanagepricingrules-display-component---priceInfoItem--smartFilterBar-btnBasicSearch"}]}
RESULT: undefined
COMMAND: POST /session/673ee8da6ae2a3036ac170eb6294f89d/execute/async - {"script":"<script> [776 bytes]","args":[{"enterText":"lMMm6Qzz3H","selector":{"id":"application-managepricingrules-display-component---priceInfoItem--smartFilterBar-btnBasicSearch","interaction":{"idSuffix":"I"}},"clearTextFirst":true,"interactionType":"ENTER_TEXT"}]}
RESULT: {"script":"<script> [776 bytes]","args":[{"enterText":"lMMm6Qzz3H","selector":{"id":"application-managepricingrules-display-component---priceInfoItem--smartFilterBar-btnBasicSearch","interaction":{"idSuffix":"I"}},"clearTextFirst":true,"interactionType":"ENTER_TEXT"}]}
COMMAND: POST /session/673ee8da6ae2a3036ac170eb6294f89d/actions - {"actions":[{"id":"action50","type":"key","parameters":{},"actions":[{"type":"keyDown","value":"î€‡"},{"type":"pause","duration":10},{"type":"keyUp","value":"î€‡"}]}]}
RESULT: {"actions":[{"id":"action50","type":"key","parameters":{},"actions":[{"type":"keyDown","value":"î€‡"},{"type":"pause","duration":10},{"type":"keyUp","value":"î€‡"}]}]}
COMMAND: GET /session/673ee8da6ae2a3036ac170eb6294f89d/screenshot - {}
RESULT: {}
COMMAND: POST /session/673ee8da6ae2a3036ac170eb6294f89d/element - {"using":"xpath","value":"//span[@id=\"application-managepricingrules-display-component---priceInfoItem--smartTable-header-inner\"]"}
RESULT: {"using":"xpath","value":"//span[@id=\"application-managepricingrules-display-component---priceInfoItem--smartTable-header-inner\"]"}
COMMAND: POST /session/673ee8da6ae2a3036ac170eb6294f89d/elements - {"using":"xpath","value":"//span[@id=\"application-managepricingrules-display-component---priceInfoItem--smartTable-header-inner\"]"}
RESULT: {"using":"xpath","value":"//span[@id=\"application-managepricingrules-display-component---priceInfoItem--smartTable-header-inner\"]"}
COMMAND: POST /session/673ee8da6ae2a3036ac170eb6294f89d/execute/sync - {"script":"<script> [56 bytes]","args":[{"element-6066-11e4-a52e-4f735466cecf":"f.D876D0B9E4FB8B9E585720C2FE40BD5D.d.CB9A8713949076D809C867DB87710018.e.13703","ELEMENT":"f.D876D0B9E4FB8B9E585720C2FE40BD5D.d.CB9A8713949076D809C867DB87710018.e.13703"}]}
RESULT: {"script":"<script> [56 bytes]","args":[{"element-6066-11e4-a52e-4f735466cecf":"f.D876D0B9E4FB8B9E585720C2FE40BD5D.d.CB9A8713949076D809C867DB87710018.e.13703","ELEMENT":"f.D876D0B9E4FB8B9E585720C2FE40BD5D.d.CB9A8713949076D809C867DB87710018.e.13703"}]}
COMMAND: POST /session/673ee8da6ae2a3036ac170eb6294f89d/element - {"using":"css selector","value":"#shell-header-logo"}
COMMAND: GET /session/673ee8da6ae2a3036ac170eb6294f89d/screenshot - {}
RESULT: {"using":"css selector","value":"#shell-header-logo"}
COMMAND: POST /session/673ee8da6ae2a3036ac170eb6294f89d/element/f.D876D0B9E4FB8B9E585720C2FE40BD5D.d.CB9A8713949076D809C867DB87710018.e.12842/click - {}
RESULT: {}
RESULT: {}
COMMAND: GET /session/673ee8da6ae2a3036ac170eb6294f89d/screenshot - {}
RESULT: {}
]]></system-out>
    </testcase>
    <testcase classname="chrome.136_0_7103_93.windows.Billing_transfer_US117289" name="Should create new condition for equipment" time="67.924">
      <system-out><![CDATA[
COMMAND: POST /session/673ee8da6ae2a3036ac170eb6294f89d/execute/async - {"script":"<script> [1562 bytes]","args":[{"selector":{"controlType":"sap.m.GenericTile","properties":{"header":"Manage Conditions & Prices"}},"wdio_ui5_key":"sapm.GenericTile{\"header\":\"Manage Conditions & Prices\"}"}]}
RESULT: {"script":"<script> [1562 bytes]","args":[{"selector":{"controlType":"sap.m.GenericTile","properties":{"header":"Manage Conditions & Prices"}},"wdio_ui5_key":"sapm.GenericTile{\"header\":\"Manage Conditions & Prices\"}"}]}
RESULT: undefined
COMMAND: POST /session/673ee8da6ae2a3036ac170eb6294f89d/element - {"using":"xpath","value":"//*[@id=\"__tile53\"]"}
RESULT: {"using":"xpath","value":"//*[@id=\"__tile53\"]"}
COMMAND: POST /session/673ee8da6ae2a3036ac170eb6294f89d/element/f.D876D0B9E4FB8B9E585720C2FE40BD5D.d.CB9A8713949076D809C867DB87710018.e.12782/click - {}
RESULT: {}
COMMAND: GET /session/673ee8da6ae2a3036ac170eb6294f89d/screenshot - {}
COMMAND: POST /session/673ee8da6ae2a3036ac170eb6294f89d/elements - {"using":"xpath","value":"//span[text()='Error']"}
RESULT: {}
RESULT: {"using":"xpath","value":"//span[text()='Error']"}
COMMAND: POST /session/673ee8da6ae2a3036ac170eb6294f89d/element - {"using":"xpath","value":"//button[@aria-label=\"Create\"]"}
RESULT: {"using":"xpath","value":"//button[@aria-label=\"Create\"]"}
COMMAND: POST /session/673ee8da6ae2a3036ac170eb6294f89d/elements - {"using":"xpath","value":"//button[@aria-label=\"Create\"]"}
RESULT: {"using":"xpath","value":"//button[@aria-label=\"Create\"]"}
COMMAND: POST /session/673ee8da6ae2a3036ac170eb6294f89d/elements - {"using":"xpath","value":"//button[@aria-label=\"Create\"]"}
RESULT: {"using":"xpath","value":"//button[@aria-label=\"Create\"]"}
COMMAND: POST /session/673ee8da6ae2a3036ac170eb6294f89d/element - {"using":"xpath","value":"//button[@aria-label=\"Create\"]"}
RESULT: {"using":"xpath","value":"//button[@aria-label=\"Create\"]"}
COMMAND: POST /session/673ee8da6ae2a3036ac170eb6294f89d/execute/sync - {"script":"<script> [8489 bytes]","args":[{"element-6066-11e4-a52e-4f735466cecf":"f.D876D0B9E4FB8B9E585720C2FE40BD5D.d.CB9A8713949076D809C867DB87710018.e.13738","ELEMENT":"f.D876D0B9E4FB8B9E585720C2FE40BD5D.d.CB9A8713949076D809C867DB87710018.e.13738"}]}
RESULT: {"script":"<script> [8489 bytes]","args":[{"element-6066-11e4-a52e-4f735466cecf":"f.D876D0B9E4FB8B9E585720C2FE40BD5D.d.CB9A8713949076D809C867DB87710018.e.13738","ELEMENT":"f.D876D0B9E4FB8B9E585720C2FE40BD5D.d.CB9A8713949076D809C867DB87710018.e.13738"}]}
COMMAND: GET /session/673ee8da6ae2a3036ac170eb6294f89d/element/f.D876D0B9E4FB8B9E585720C2FE40BD5D.d.CB9A8713949076D809C867DB87710018.e.13738/enabled - {}
COMMAND: GET /session/673ee8da6ae2a3036ac170eb6294f89d/screenshot - {}
RESULT: {}
COMMAND: POST /session/673ee8da6ae2a3036ac170eb6294f89d/execute/sync - {"script":"<script> [8489 bytes]","args":[{"element-6066-11e4-a52e-4f735466cecf":"f.D876D0B9E4FB8B9E585720C2FE40BD5D.d.CB9A8713949076D809C867DB87710018.e.13738","ELEMENT":"f.D876D0B9E4FB8B9E585720C2FE40BD5D.d.CB9A8713949076D809C867DB87710018.e.13738"}]}
COMMAND: GET /session/673ee8da6ae2a3036ac170eb6294f89d/screenshot - {}
RESULT: {}
RESULT: {"script":"<script> [8489 bytes]","args":[{"element-6066-11e4-a52e-4f735466cecf":"f.D876D0B9E4FB8B9E585720C2FE40BD5D.d.CB9A8713949076D809C867DB87710018.e.13738","ELEMENT":"f.D876D0B9E4FB8B9E585720C2FE40BD5D.d.CB9A8713949076D809C867DB87710018.e.13738"}]}
COMMAND: POST /session/673ee8da6ae2a3036ac170eb6294f89d/execute/sync - {"script":"<script> [5351 bytes]","args":[{"element-6066-11e4-a52e-4f735466cecf":"f.D876D0B9E4FB8B9E585720C2FE40BD5D.d.CB9A8713949076D809C867DB87710018.e.13738","ELEMENT":"f.D876D0B9E4FB8B9E585720C2FE40BD5D.d.CB9A8713949076D809C867DB87710018.e.13738"}]}
COMMAND: GET /session/673ee8da6ae2a3036ac170eb6294f89d/screenshot - {}
RESULT: {}
RESULT: {"script":"<script> [5351 bytes]","args":[{"element-6066-11e4-a52e-4f735466cecf":"f.D876D0B9E4FB8B9E585720C2FE40BD5D.d.CB9A8713949076D809C867DB87710018.e.13738","ELEMENT":"f.D876D0B9E4FB8B9E585720C2FE40BD5D.d.CB9A8713949076D809C867DB87710018.e.13738"}]}
COMMAND: POST /session/673ee8da6ae2a3036ac170eb6294f89d/element/f.D876D0B9E4FB8B9E585720C2FE40BD5D.d.CB9A8713949076D809C867DB87710018.e.13738/click - {}
COMMAND: GET /session/673ee8da6ae2a3036ac170eb6294f89d/screenshot - {}
RESULT: {}
RESULT: {}
COMMAND: GET /session/673ee8da6ae2a3036ac170eb6294f89d/screenshot - {}
RESULT: {}
RESULT: {}
COMMAND: POST /session/673ee8da6ae2a3036ac170eb6294f89d/actions - {"actions":[{"id":"action51","type":"key","parameters":{},"actions":[{"type":"keyDown","value":"î€‡"},{"type":"pause","duration":10},{"type":"keyUp","value":"î€‡"}]}]}
RESULT: {"actions":[{"id":"action51","type":"key","parameters":{},"actions":[{"type":"keyDown","value":"î€‡"},{"type":"pause","duration":10},{"type":"keyUp","value":"î€‡"}]}]}
COMMAND: GET /session/673ee8da6ae2a3036ac170eb6294f89d/screenshot - {}
RESULT: {}
COMMAND: POST /session/673ee8da6ae2a3036ac170eb6294f89d/execute/async - {"script":"<script> [1562 bytes]","args":[{"selector":{"id":"application-manageconditionprice-display-component---newCondition--condBillCond-arrow"},"wdio_ui5_key":"applicationmanageconditionprice-display-component---newCondition--condBillCond-arrow"}]}
RESULT: {"script":"<script> [1562 bytes]","args":[{"selector":{"id":"application-manageconditionprice-display-component---newCondition--condBillCond-arrow"},"wdio_ui5_key":"applicationmanageconditionprice-display-component---newCondition--condBillCond-arrow"}]}
RESULT: undefined
COMMAND: POST /session/673ee8da6ae2a3036ac170eb6294f89d/element - {"using":"xpath","value":"//*[@id=\"application-manageconditionprice-display-component---newCondition--condBillCond-arrow\"]"}
RESULT: {"using":"xpath","value":"//*[@id=\"application-manageconditionprice-display-component---newCondition--condBillCond-arrow\"]"}
COMMAND: POST /session/673ee8da6ae2a3036ac170eb6294f89d/element/f.D876D0B9E4FB8B9E585720C2FE40BD5D.d.CB9A8713949076D809C867DB87710018.e.13918/click - {}
RESULT: {}
COMMAND: GET /session/673ee8da6ae2a3036ac170eb6294f89d/screenshot - {}
RESULT: {}
COMMAND: POST /session/673ee8da6ae2a3036ac170eb6294f89d/element - {"using":"xpath","value":"//li[.//span[contains(text(), \"DISP - D&I special price\")]]"}
RESULT: {"using":"xpath","value":"//li[.//span[contains(text(), \"DISP - D&I special price\")]]"}
COMMAND: POST /session/673ee8da6ae2a3036ac170eb6294f89d/element/f.D876D0B9E4FB8B9E585720C2FE40BD5D.d.CB9A8713949076D809C867DB87710018.e.13921/click - {}
RESULT: {}
COMMAND: GET /session/673ee8da6ae2a3036ac170eb6294f89d/screenshot - {}
RESULT: {}
COMMAND: POST /session/673ee8da6ae2a3036ac170eb6294f89d/execute/async - {"script":"<script> [1562 bytes]","args":[{"selector":{"id":"application-manageconditionprice-display-component---newCondition--condValidTo","interaction":{"idSuffix":"inner"}},"wdio_ui5_key":"applicationmanageconditionprice-display-component---newCondition--condValidTo"}]}
RESULT: {"script":"<script> [1562 bytes]","args":[{"selector":{"id":"application-manageconditionprice-display-component---newCondition--condValidTo","interaction":{"idSuffix":"inner"}},"wdio_ui5_key":"applicationmanageconditionprice-display-component---newCondition--condValidTo"}]}
RESULT: undefined
COMMAND: POST /session/673ee8da6ae2a3036ac170eb6294f89d/execute/async - {"script":"<script> [776 bytes]","args":[{"enterText":"1/18/26","selector":{"id":"application-manageconditionprice-display-component---newCondition--condValidTo","interaction":{"idSuffix":"inner"}},"clearTextFirst":true,"interactionType":"ENTER_TEXT"}]}
RESULT: {"script":"<script> [776 bytes]","args":[{"enterText":"1/18/26","selector":{"id":"application-manageconditionprice-display-component---newCondition--condValidTo","interaction":{"idSuffix":"inner"}},"clearTextFirst":true,"interactionType":"ENTER_TEXT"}]}
COMMAND: POST /session/673ee8da6ae2a3036ac170eb6294f89d/element - {"using":"xpath","value":"//input[@id=\"application-manageconditionprice-display-component---newCondition--condRU-inner\"]"}
RESULT: {"using":"xpath","value":"//input[@id=\"application-manageconditionprice-display-component---newCondition--condRU-inner\"]"}
COMMAND: POST /session/673ee8da6ae2a3036ac170eb6294f89d/element/f.D876D0B9E4FB8B9E585720C2FE40BD5D.d.CB9A8713949076D809C867DB87710018.e.13754/clear - {}
RESULT: {}
COMMAND: POST /session/673ee8da6ae2a3036ac170eb6294f89d/element/f.D876D0B9E4FB8B9E585720C2FE40BD5D.d.CB9A8713949076D809C867DB87710018.e.13754/value - {"text":"lMMm6Qzz3H"}
COMMAND: GET /session/673ee8da6ae2a3036ac170eb6294f89d/screenshot - {}
RESULT: {"text":"lMMm6Qzz3H"}
COMMAND: GET /session/673ee8da6ae2a3036ac170eb6294f89d/screenshot - {}
RESULT: {}
RESULT: {}
COMMAND: POST /session/673ee8da6ae2a3036ac170eb6294f89d/actions - {"actions":[{"id":"action52","type":"key","parameters":{},"actions":[{"type":"keyDown","value":"î€‡"},{"type":"pause","duration":10},{"type":"keyUp","value":"î€‡"}]}]}
RESULT: {"actions":[{"id":"action52","type":"key","parameters":{},"actions":[{"type":"keyDown","value":"î€‡"},{"type":"pause","duration":10},{"type":"keyUp","value":"î€‡"}]}]}
COMMAND: POST /session/673ee8da6ae2a3036ac170eb6294f89d/execute/async - {"script":"<script> [1562 bytes]","args":[{"selector":{"id":"application-manageconditionprice-display-component---newCondition--condBaseQty","interaction":{"idSuffix":"inner"}},"wdio_ui5_key":"applicationmanageconditionprice-display-component---newCondition--condBaseQty"}]}
COMMAND: GET /session/673ee8da6ae2a3036ac170eb6294f89d/screenshot - {}
RESULT: {"script":"<script> [1562 bytes]","args":[{"selector":{"id":"application-manageconditionprice-display-component---newCondition--condBaseQty","interaction":{"idSuffix":"inner"}},"wdio_ui5_key":"applicationmanageconditionprice-display-component---newCondition--condBaseQty"}]}
RESULT: undefined
COMMAND: POST /session/673ee8da6ae2a3036ac170eb6294f89d/execute/async - {"script":"<script> [776 bytes]","args":[{"enterText":"1","selector":{"id":"application-manageconditionprice-display-component---newCondition--condBaseQty","interaction":{"idSuffix":"inner"}},"clearTextFirst":true,"interactionType":"ENTER_TEXT"}]}
RESULT: {}
RESULT: {"script":"<script> [776 bytes]","args":[{"enterText":"1","selector":{"id":"application-manageconditionprice-display-component---newCondition--condBaseQty","interaction":{"idSuffix":"inner"}},"clearTextFirst":true,"interactionType":"ENTER_TEXT"}]}
COMMAND: POST /session/673ee8da6ae2a3036ac170eb6294f89d/execute/async - {"script":"<script> [1562 bytes]","args":[{"selector":{"id":"application-manageconditionprice-display-component---newCondition--condValue","interaction":{"idSuffix":"inner"}},"wdio_ui5_key":"applicationmanageconditionprice-display-component---newCondition--condValue"}]}
RESULT: {"script":"<script> [1562 bytes]","args":[{"selector":{"id":"application-manageconditionprice-display-component---newCondition--condValue","interaction":{"idSuffix":"inner"}},"wdio_ui5_key":"applicationmanageconditionprice-display-component---newCondition--condValue"}]}
RESULT: undefined
COMMAND: POST /session/673ee8da6ae2a3036ac170eb6294f89d/execute/async - {"script":"<script> [776 bytes]","args":[{"enterText":"100","selector":{"id":"application-manageconditionprice-display-component---newCondition--condValue","interaction":{"idSuffix":"inner"}},"clearTextFirst":true,"interactionType":"ENTER_TEXT"}]}
RESULT: {"script":"<script> [776 bytes]","args":[{"enterText":"100","selector":{"id":"application-manageconditionprice-display-component---newCondition--condValue","interaction":{"idSuffix":"inner"}},"clearTextFirst":true,"interactionType":"ENTER_TEXT"}]}
COMMAND: POST /session/673ee8da6ae2a3036ac170eb6294f89d/execute/async - {"script":"<script> [1562 bytes]","args":[{"selector":{"id":"application-manageconditionprice-display-component---newCondition--condCurr-arrow"},"wdio_ui5_key":"applicationmanageconditionprice-display-component---newCondition--condCurr-arrow"}]}
RESULT: {"script":"<script> [1562 bytes]","args":[{"selector":{"id":"application-manageconditionprice-display-component---newCondition--condCurr-arrow"},"wdio_ui5_key":"applicationmanageconditionprice-display-component---newCondition--condCurr-arrow"}]}
RESULT: undefined
COMMAND: POST /session/673ee8da6ae2a3036ac170eb6294f89d/element - {"using":"xpath","value":"//*[@id=\"application-manageconditionprice-display-component---newCondition--condCurr-arrow\"]"}
RESULT: {"using":"xpath","value":"//*[@id=\"application-manageconditionprice-display-component---newCondition--condCurr-arrow\"]"}
COMMAND: POST /session/673ee8da6ae2a3036ac170eb6294f89d/element/f.D876D0B9E4FB8B9E585720C2FE40BD5D.d.CB9A8713949076D809C867DB87710018.e.13899/click - {}
RESULT: {}
COMMAND: POST /session/673ee8da6ae2a3036ac170eb6294f89d/element - {"using":"xpath","value":"//span[contains(text(), \"Euro\")]"}
COMMAND: GET /session/673ee8da6ae2a3036ac170eb6294f89d/screenshot - {}
RESULT: {"using":"xpath","value":"//span[contains(text(), \"Euro\")]"}
COMMAND: POST /session/673ee8da6ae2a3036ac170eb6294f89d/element/f.D876D0B9E4FB8B9E585720C2FE40BD5D.d.CB9A8713949076D809C867DB87710018.e.13958/click - {}
RESULT: {}
RESULT: {}
COMMAND: POST /session/673ee8da6ae2a3036ac170eb6294f89d/element - {"using":"xpath","value":"//button[@data-kt=\"saveButton\"]"}
COMMAND: GET /session/673ee8da6ae2a3036ac170eb6294f89d/screenshot - {}
RESULT: {"using":"xpath","value":"//button[@data-kt=\"saveButton\"]"}
COMMAND: POST /session/673ee8da6ae2a3036ac170eb6294f89d/element/f.D876D0B9E4FB8B9E585720C2FE40BD5D.d.CB9A8713949076D809C867DB87710018.e.13900/click - {}
RESULT: {}
RESULT: {}
COMMAND: GET /session/673ee8da6ae2a3036ac170eb6294f89d/screenshot - {}
RESULT: {}
COMMAND: POST /session/673ee8da6ae2a3036ac170eb6294f89d/execute/async - {"script":"<script> [1562 bytes]","args":[{"selector":{"id":"application-manageconditionprice-display-component---conditions--smartFilterBar-btnBasicSearch","interaction":{"idSuffix":"I"}},"wdio_ui5_key":"applicationmanageconditionprice-display-component---conditions--smartFilterBar-btnBasicSearch"}]}
RESULT: {"script":"<script> [1562 bytes]","args":[{"selector":{"id":"application-manageconditionprice-display-component---conditions--smartFilterBar-btnBasicSearch","interaction":{"idSuffix":"I"}},"wdio_ui5_key":"applicationmanageconditionprice-display-component---conditions--smartFilterBar-btnBasicSearch"}]}
RESULT: undefined
COMMAND: POST /session/673ee8da6ae2a3036ac170eb6294f89d/execute/async - {"script":"<script> [776 bytes]","args":[{"enterText":"lMMm6Qzz3H","selector":{"id":"application-manageconditionprice-display-component---conditions--smartFilterBar-btnBasicSearch","interaction":{"idSuffix":"I"}},"clearTextFirst":true,"interactionType":"ENTER_TEXT"}]}
RESULT: {"script":"<script> [776 bytes]","args":[{"enterText":"lMMm6Qzz3H","selector":{"id":"application-manageconditionprice-display-component---conditions--smartFilterBar-btnBasicSearch","interaction":{"idSuffix":"I"}},"clearTextFirst":true,"interactionType":"ENTER_TEXT"}]}
COMMAND: POST /session/673ee8da6ae2a3036ac170eb6294f89d/actions - {"actions":[{"id":"action53","type":"key","parameters":{},"actions":[{"type":"keyDown","value":"î€‡"},{"type":"pause","duration":10},{"type":"keyUp","value":"î€‡"}]}]}
RESULT: {"actions":[{"id":"action53","type":"key","parameters":{},"actions":[{"type":"keyDown","value":"î€‡"},{"type":"pause","duration":10},{"type":"keyUp","value":"î€‡"}]}]}
COMMAND: GET /session/673ee8da6ae2a3036ac170eb6294f89d/screenshot - {}
RESULT: {}
COMMAND: POST /session/673ee8da6ae2a3036ac170eb6294f89d/execute/async - {"script":"<script> [1562 bytes]","args":[{"selector":{"id":"application-manageconditionprice-display-component---conditions--smartFilterBar-filterItemControl_BASIC-BILL_TYPES-vhi"},"wdio_ui5_key":"applicationmanageconditionprice-display-component---conditions--smartFilterBar-filterItemControl_BASIC-BILL_TYPES-vhi"}]}
RESULT: {"script":"<script> [1562 bytes]","args":[{"selector":{"id":"application-manageconditionprice-display-component---conditions--smartFilterBar-filterItemControl_BASIC-BILL_TYPES-vhi"},"wdio_ui5_key":"applicationmanageconditionprice-display-component---conditions--smartFilterBar-filterItemControl_BASIC-BILL_TYPES-vhi"}]}
RESULT: undefined
COMMAND: POST /session/673ee8da6ae2a3036ac170eb6294f89d/element - {"using":"xpath","value":"//*[@id=\"application-manageconditionprice-display-component---conditions--smartFilterBar-filterItemControl_BASIC-BILL_TYPES-vhi\"]"}
RESULT: {"using":"xpath","value":"//*[@id=\"application-manageconditionprice-display-component---conditions--smartFilterBar-filterItemControl_BASIC-BILL_TYPES-vhi\"]"}
COMMAND: POST /session/673ee8da6ae2a3036ac170eb6294f89d/element/f.D876D0B9E4FB8B9E585720C2FE40BD5D.d.CB9A8713949076D809C867DB87710018.e.14064/click - {}
RESULT: {}
COMMAND: POST /session/673ee8da6ae2a3036ac170eb6294f89d/execute/async - {"script":"<script> [1562 bytes]","args":[{"selector":{"id":"application-manageconditionprice-display-component---conditions--smartFilterBar-filterItemControl_BASIC-BILL_TYPES-valueHelpDialog-smartFilterBar-btnBasicSearch","searchOpenDialogs":true,"interaction":{"idSuffix":"I"}},"wdio_ui5_key":"applicationmanageconditionprice-display-component---conditions--smartFilterBar-filterItemControl_BASIC-BILL_TYPES-valueHelpDialog-smartFilterBar-btnBasicSearch"}]}
COMMAND: GET /session/673ee8da6ae2a3036ac170eb6294f89d/screenshot - {}
RESULT: {"script":"<script> [1562 bytes]","args":[{"selector":{"id":"application-manageconditionprice-display-component---conditions--smartFilterBar-filterItemControl_BASIC-BILL_TYPES-valueHelpDialog-smartFilterBar-btnBasicSearch","searchOpenDialogs":true,"interaction":{"idSuffix":"I"}},"wdio_ui5_key":"applicationmanageconditionprice-display-component---conditions--smartFilterBar-filterItemControl_BASIC-BILL_TYPES-valueHelpDialog-smartFilterBar-btnBasicSearch"}]}
RESULT: undefined
COMMAND: POST /session/673ee8da6ae2a3036ac170eb6294f89d/execute/async - {"script":"<script> [776 bytes]","args":[{"enterText":"TB","selector":{"id":"application-manageconditionprice-display-component---conditions--smartFilterBar-filterItemControl_BASIC-BILL_TYPES-valueHelpDialog-smartFilterBar-btnBasicSearch","searchOpenDialogs":true,"interaction":{"idSuffix":"I"}},"clearTextFirst":true,"interactionType":"ENTER_TEXT"}]}
RESULT: {}
RESULT: {"script":"<script> [776 bytes]","args":[{"enterText":"TB","selector":{"id":"application-manageconditionprice-display-component---conditions--smartFilterBar-filterItemControl_BASIC-BILL_TYPES-valueHelpDialog-smartFilterBar-btnBasicSearch","searchOpenDialogs":true,"interaction":{"idSuffix":"I"}},"clearTextFirst":true,"interactionType":"ENTER_TEXT"}]}
COMMAND: POST /session/673ee8da6ae2a3036ac170eb6294f89d/actions - {"actions":[{"id":"action54","type":"key","parameters":{},"actions":[{"type":"keyDown","value":"î€‡"},{"type":"pause","duration":10},{"type":"keyUp","value":"î€‡"}]}]}
RESULT: {"actions":[{"id":"action54","type":"key","parameters":{},"actions":[{"type":"keyDown","value":"î€‡"},{"type":"pause","duration":10},{"type":"keyUp","value":"î€‡"}]}]}
COMMAND: GET /session/673ee8da6ae2a3036ac170eb6294f89d/screenshot - {}
RESULT: {}
COMMAND: POST /session/673ee8da6ae2a3036ac170eb6294f89d/element - {"using":"xpath","value":"//div[contains(@id, 'application-manageconditionprice-display-component---conditions--smartFilterBar-filterItemControl_BASIC-BILL_TYPES-valueHelpDialog-table-rowsel0')]"}
RESULT: {"using":"xpath","value":"//div[contains(@id, 'application-manageconditionprice-display-component---conditions--smartFilterBar-filterItemControl_BASIC-BILL_TYPES-valueHelpDialog-table-rowsel0')]"}
COMMAND: POST /session/673ee8da6ae2a3036ac170eb6294f89d/element/f.D876D0B9E4FB8B9E585720C2FE40BD5D.d.CB9A8713949076D809C867DB87710018.e.14072/click - {}
RESULT: {}
COMMAND: GET /session/673ee8da6ae2a3036ac170eb6294f89d/screenshot - {}
RESULT: {}
COMMAND: POST /session/673ee8da6ae2a3036ac170eb6294f89d/element - {"using":"xpath","value":"//bdi[contains(text(), \"OK\")]"}
RESULT: {"using":"xpath","value":"//bdi[contains(text(), \"OK\")]"}
COMMAND: POST /session/673ee8da6ae2a3036ac170eb6294f89d/element/f.D876D0B9E4FB8B9E585720C2FE40BD5D.d.CB9A8713949076D809C867DB87710018.e.14074/click - {}
RESULT: {}
COMMAND: GET /session/673ee8da6ae2a3036ac170eb6294f89d/screenshot - {}
RESULT: {}
COMMAND: POST /session/673ee8da6ae2a3036ac170eb6294f89d/element - {"using":"xpath","value":"//span[@id=\"application-manageconditionprice-display-component---conditions--smartTable-header-inner\"]"}
RESULT: {"using":"xpath","value":"//span[@id=\"application-manageconditionprice-display-component---conditions--smartTable-header-inner\"]"}
COMMAND: POST /session/673ee8da6ae2a3036ac170eb6294f89d/elements - {"using":"xpath","value":"//span[@id=\"application-manageconditionprice-display-component---conditions--smartTable-header-inner\"]"}
RESULT: {"using":"xpath","value":"//span[@id=\"application-manageconditionprice-display-component---conditions--smartTable-header-inner\"]"}
COMMAND: POST /session/673ee8da6ae2a3036ac170eb6294f89d/execute/sync - {"script":"<script> [56 bytes]","args":[{"element-6066-11e4-a52e-4f735466cecf":"f.D876D0B9E4FB8B9E585720C2FE40BD5D.d.CB9A8713949076D809C867DB87710018.e.14077","ELEMENT":"f.D876D0B9E4FB8B9E585720C2FE40BD5D.d.CB9A8713949076D809C867DB87710018.e.14077"}]}
RESULT: {"script":"<script> [56 bytes]","args":[{"element-6066-11e4-a52e-4f735466cecf":"f.D876D0B9E4FB8B9E585720C2FE40BD5D.d.CB9A8713949076D809C867DB87710018.e.14077","ELEMENT":"f.D876D0B9E4FB8B9E585720C2FE40BD5D.d.CB9A8713949076D809C867DB87710018.e.14077"}]}
COMMAND: POST /session/673ee8da6ae2a3036ac170eb6294f89d/element - {"using":"css selector","value":"#shell-header-logo"}
COMMAND: GET /session/673ee8da6ae2a3036ac170eb6294f89d/screenshot - {}
RESULT: {"using":"css selector","value":"#shell-header-logo"}
COMMAND: POST /session/673ee8da6ae2a3036ac170eb6294f89d/element/f.D876D0B9E4FB8B9E585720C2FE40BD5D.d.CB9A8713949076D809C867DB87710018.e.13706/click - {}
RESULT: {}
RESULT: {}
COMMAND: GET /session/673ee8da6ae2a3036ac170eb6294f89d/screenshot - {}
RESULT: {}
]]></system-out>
    </testcase>
    <testcase classname="chrome.136_0_7103_93.windows.Billing_transfer_US117289" name="Should do a stock increase" time="89.885">
      <system-out><![CDATA[
COMMAND: POST /session/673ee8da6ae2a3036ac170eb6294f89d/execute/async - {"script":"<script> [1562 bytes]","args":[{"selector":{"controlType":"sap.m.GenericTile","properties":{"header":"Manage Handovers"}},"wdio_ui5_key":"sapm.GenericTile{\"header\":\"Manage Handovers\"}"}]}
RESULT: {"script":"<script> [1562 bytes]","args":[{"selector":{"controlType":"sap.m.GenericTile","properties":{"header":"Manage Handovers"}},"wdio_ui5_key":"sapm.GenericTile{\"header\":\"Manage Handovers\"}"}]}
RESULT: undefined
COMMAND: POST /session/673ee8da6ae2a3036ac170eb6294f89d/element - {"using":"xpath","value":"//*[@id=\"__tile132\"]"}
RESULT: {"using":"xpath","value":"//*[@id=\"__tile132\"]"}
COMMAND: POST /session/673ee8da6ae2a3036ac170eb6294f89d/element/f.D876D0B9E4FB8B9E585720C2FE40BD5D.d.CB9A8713949076D809C867DB87710018.e.12818/click - {}
RESULT: {}
COMMAND: GET /session/673ee8da6ae2a3036ac170eb6294f89d/screenshot - {}
RESULT: {}
COMMAND: POST /session/673ee8da6ae2a3036ac170eb6294f89d/elements - {"using":"xpath","value":"//span[text()='Error']"}
RESULT: {"using":"xpath","value":"//span[text()='Error']"}
COMMAND: POST /session/673ee8da6ae2a3036ac170eb6294f89d/element - {"using":"xpath","value":"//button[@data-kt=\"masterHOAddButton\"]"}
RESULT: {"using":"xpath","value":"//button[@data-kt=\"masterHOAddButton\"]"}
COMMAND: POST /session/673ee8da6ae2a3036ac170eb6294f89d/elements - {"using":"xpath","value":"//button[@data-kt=\"masterHOAddButton\"]"}
RESULT: {"using":"xpath","value":"//button[@data-kt=\"masterHOAddButton\"]"}
COMMAND: POST /session/673ee8da6ae2a3036ac170eb6294f89d/elements - {"using":"xpath","value":"//button[@data-kt=\"masterHOAddButton\"]"}
RESULT: {"using":"xpath","value":"//button[@data-kt=\"masterHOAddButton\"]"}
COMMAND: POST /session/673ee8da6ae2a3036ac170eb6294f89d/element - {"using":"xpath","value":"//button[@data-kt=\"masterHOAddButton\"]"}
RESULT: {"using":"xpath","value":"//button[@data-kt=\"masterHOAddButton\"]"}
COMMAND: POST /session/673ee8da6ae2a3036ac170eb6294f89d/execute/sync - {"script":"<script> [8489 bytes]","args":[{"element-6066-11e4-a52e-4f735466cecf":"f.D876D0B9E4FB8B9E585720C2FE40BD5D.d.CB9A8713949076D809C867DB87710018.e.14119","ELEMENT":"f.D876D0B9E4FB8B9E585720C2FE40BD5D.d.CB9A8713949076D809C867DB87710018.e.14119"}]}
RESULT: {"script":"<script> [8489 bytes]","args":[{"element-6066-11e4-a52e-4f735466cecf":"f.D876D0B9E4FB8B9E585720C2FE40BD5D.d.CB9A8713949076D809C867DB87710018.e.14119","ELEMENT":"f.D876D0B9E4FB8B9E585720C2FE40BD5D.d.CB9A8713949076D809C867DB87710018.e.14119"}]}
COMMAND: GET /session/673ee8da6ae2a3036ac170eb6294f89d/element/f.D876D0B9E4FB8B9E585720C2FE40BD5D.d.CB9A8713949076D809C867DB87710018.e.14119/enabled - {}
COMMAND: GET /session/673ee8da6ae2a3036ac170eb6294f89d/screenshot - {}
RESULT: {}
COMMAND: POST /session/673ee8da6ae2a3036ac170eb6294f89d/execute/sync - {"script":"<script> [8489 bytes]","args":[{"element-6066-11e4-a52e-4f735466cecf":"f.D876D0B9E4FB8B9E585720C2FE40BD5D.d.CB9A8713949076D809C867DB87710018.e.14119","ELEMENT":"f.D876D0B9E4FB8B9E585720C2FE40BD5D.d.CB9A8713949076D809C867DB87710018.e.14119"}]}
COMMAND: GET /session/673ee8da6ae2a3036ac170eb6294f89d/screenshot - {}
RESULT: {}
RESULT: {"script":"<script> [8489 bytes]","args":[{"element-6066-11e4-a52e-4f735466cecf":"f.D876D0B9E4FB8B9E585720C2FE40BD5D.d.CB9A8713949076D809C867DB87710018.e.14119","ELEMENT":"f.D876D0B9E4FB8B9E585720C2FE40BD5D.d.CB9A8713949076D809C867DB87710018.e.14119"}]}
COMMAND: POST /session/673ee8da6ae2a3036ac170eb6294f89d/execute/sync - {"script":"<script> [5351 bytes]","args":[{"element-6066-11e4-a52e-4f735466cecf":"f.D876D0B9E4FB8B9E585720C2FE40BD5D.d.CB9A8713949076D809C867DB87710018.e.14119","ELEMENT":"f.D876D0B9E4FB8B9E585720C2FE40BD5D.d.CB9A8713949076D809C867DB87710018.e.14119"}]}
COMMAND: GET /session/673ee8da6ae2a3036ac170eb6294f89d/screenshot - {}
RESULT: {}
RESULT: {"script":"<script> [5351 bytes]","args":[{"element-6066-11e4-a52e-4f735466cecf":"f.D876D0B9E4FB8B9E585720C2FE40BD5D.d.CB9A8713949076D809C867DB87710018.e.14119","ELEMENT":"f.D876D0B9E4FB8B9E585720C2FE40BD5D.d.CB9A8713949076D809C867DB87710018.e.14119"}]}
COMMAND: POST /session/673ee8da6ae2a3036ac170eb6294f89d/element/f.D876D0B9E4FB8B9E585720C2FE40BD5D.d.CB9A8713949076D809C867DB87710018.e.14119/click - {}
COMMAND: GET /session/673ee8da6ae2a3036ac170eb6294f89d/screenshot - {}
RESULT: {}
RESULT: {}
COMMAND: GET /session/673ee8da6ae2a3036ac170eb6294f89d/screenshot - {}
RESULT: {}
RESULT: {}
COMMAND: POST /session/673ee8da6ae2a3036ac170eb6294f89d/element - {"using":"xpath","value":"//span[contains(@id ,\"AddNewHO--typeSelect-arrow\")]"}
RESULT: {"using":"xpath","value":"//span[contains(@id ,\"AddNewHO--typeSelect-arrow\")]"}
COMMAND: POST /session/673ee8da6ae2a3036ac170eb6294f89d/element/f.D876D0B9E4FB8B9E585720C2FE40BD5D.d.CB9A8713949076D809C867DB87710018.e.14481/click - {}
RESULT: {}
COMMAND: GET /session/673ee8da6ae2a3036ac170eb6294f89d/screenshot - {}
RESULT: {}
COMMAND: POST /session/673ee8da6ae2a3036ac170eb6294f89d/element - {"using":"xpath","value":"(//li[contains(text(), \"stock increase yard\")])[1]"}
RESULT: {"using":"xpath","value":"(//li[contains(text(), \"stock increase yard\")])[1]"}
COMMAND: POST /session/673ee8da6ae2a3036ac170eb6294f89d/element/f.D876D0B9E4FB8B9E585720C2FE40BD5D.d.CB9A8713949076D809C867DB87710018.e.14482/click - {}
RESULT: {}
COMMAND: GET /session/673ee8da6ae2a3036ac170eb6294f89d/screenshot - {}
RESULT: {}
COMMAND: POST /session/673ee8da6ae2a3036ac170eb6294f89d/execute/async - {"script":"<script> [1562 bytes]","args":[{"selector":{"id":"application-managehandovers-display-component---AddNewHO--dueDate","interaction":{"idSuffix":"inner"}},"wdio_ui5_key":"applicationmanagehandovers-display-component---AddNewHO--dueDate"}]}
RESULT: {"script":"<script> [1562 bytes]","args":[{"selector":{"id":"application-managehandovers-display-component---AddNewHO--dueDate","interaction":{"idSuffix":"inner"}},"wdio_ui5_key":"applicationmanagehandovers-display-component---AddNewHO--dueDate"}]}
RESULT: undefined
COMMAND: POST /session/673ee8da6ae2a3036ac170eb6294f89d/execute/async - {"script":"<script> [6424 bytes]","args":[{"element-6066-11e4-a52e-4f735466cecf":"f.D876D0B9E4FB8B9E585720C2FE40BD5D.d.CB9A8713949076D809C867DB87710018.e.14484"},"setValue",["5/18/25"]]}
RESULT: {"script":"<script> [6424 bytes]","args":[{"element-6066-11e4-a52e-4f735466cecf":"f.D876D0B9E4FB8B9E585720C2FE40BD5D.d.CB9A8713949076D809C867DB87710018.e.14484"},"setValue",["5/18/25"]]}
COMMAND: POST /session/673ee8da6ae2a3036ac170eb6294f89d/element - {"using":"xpath","value":"//input[@id=\"generalSectionFrg--receiveYard-inner\"]"}
RESULT: {"using":"xpath","value":"//input[@id=\"generalSectionFrg--receiveYard-inner\"]"}
COMMAND: POST /session/673ee8da6ae2a3036ac170eb6294f89d/element/f.D876D0B9E4FB8B9E585720C2FE40BD5D.d.CB9A8713949076D809C867DB87710018.e.14488/clear - {}
RESULT: {}
COMMAND: POST /session/673ee8da6ae2a3036ac170eb6294f89d/element/f.D876D0B9E4FB8B9E585720C2FE40BD5D.d.CB9A8713949076D809C867DB87710018.e.14488/value - {"text":"532"}
COMMAND: GET /session/673ee8da6ae2a3036ac170eb6294f89d/screenshot - {}
RESULT: {"text":"532"}
COMMAND: GET /session/673ee8da6ae2a3036ac170eb6294f89d/screenshot - {}
RESULT: {}
RESULT: {}
COMMAND: POST /session/673ee8da6ae2a3036ac170eb6294f89d/element - {"using":"xpath","value":"//li[.//span[text()='532']]"}
RESULT: {"using":"xpath","value":"//li[.//span[text()='532']]"}
COMMAND: POST /session/673ee8da6ae2a3036ac170eb6294f89d/element/f.D876D0B9E4FB8B9E585720C2FE40BD5D.d.CB9A8713949076D809C867DB87710018.e.14506/click - {}
RESULT: {}
COMMAND: GET /session/673ee8da6ae2a3036ac170eb6294f89d/screenshot - {}
RESULT: {}
COMMAND: POST /session/673ee8da6ae2a3036ac170eb6294f89d/execute/async - {"script":"<script> [1562 bytes]","args":[{"selector":{"id":"application-managehandovers-display-component---AddNewHO--ObjectPageLayout-anchBar-application-managehandovers-display-component---AddNewHO--section4-anchor","interaction":{"idSuffix":"BDI-content"}},"wdio_ui5_key":"applicationmanagehandovers-display-component---AddNewHO--ObjectPageLayout-anchBar-application-managehandovers-display-component---AddNewHO--section4-anchor"}]}
RESULT: {"script":"<script> [1562 bytes]","args":[{"selector":{"id":"application-managehandovers-display-component---AddNewHO--ObjectPageLayout-anchBar-application-managehandovers-display-component---AddNewHO--section4-anchor","interaction":{"idSuffix":"BDI-content"}},"wdio_ui5_key":"applicationmanagehandovers-display-component---AddNewHO--ObjectPageLayout-anchBar-application-managehandovers-display-component---AddNewHO--section4-anchor"}]}
RESULT: undefined
COMMAND: POST /session/673ee8da6ae2a3036ac170eb6294f89d/element - {"using":"xpath","value":"//*[@id=\"application-managehandovers-display-component---AddNewHO--ObjectPageLayout-anchBar-application-managehandovers-display-component---AddNewHO--section4-anchor\"]"}
RESULT: {"using":"xpath","value":"//*[@id=\"application-managehandovers-display-component---AddNewHO--ObjectPageLayout-anchBar-application-managehandovers-display-component---AddNewHO--section4-anchor\"]"}
COMMAND: POST /session/673ee8da6ae2a3036ac170eb6294f89d/element/f.D876D0B9E4FB8B9E585720C2FE40BD5D.d.CB9A8713949076D809C867DB87710018.e.14508/click - {}
RESULT: {}
COMMAND: POST /session/673ee8da6ae2a3036ac170eb6294f89d/element - {"using":"xpath","value":"//button[@aria-label=\"Add\"]"}
COMMAND: GET /session/673ee8da6ae2a3036ac170eb6294f89d/screenshot - {}
RESULT: {"using":"xpath","value":"//button[@aria-label=\"Add\"]"}
COMMAND: POST /session/673ee8da6ae2a3036ac170eb6294f89d/element/f.D876D0B9E4FB8B9E585720C2FE40BD5D.d.CB9A8713949076D809C867DB87710018.e.14510/click - {}
RESULT: {}
RESULT: {}
COMMAND: GET /session/673ee8da6ae2a3036ac170eb6294f89d/screenshot - {}
RESULT: {}
COMMAND: POST /session/673ee8da6ae2a3036ac170eb6294f89d/execute/async - {"script":"<script> [1562 bytes]","args":[{"selector":{"id":"application-managehandovers-display-component---AddNewHO--smartFilterBar-btnBasicSearch","searchOpenDialogs":true,"interaction":{"idSuffix":"I"}},"wdio_ui5_key":"applicationmanagehandovers-display-component---AddNewHO--smartFilterBar-btnBasicSearch"}]}
RESULT: {"script":"<script> [1562 bytes]","args":[{"selector":{"id":"application-managehandovers-display-component---AddNewHO--smartFilterBar-btnBasicSearch","searchOpenDialogs":true,"interaction":{"idSuffix":"I"}},"wdio_ui5_key":"applicationmanagehandovers-display-component---AddNewHO--smartFilterBar-btnBasicSearch"}]}
RESULT: undefined
COMMAND: POST /session/673ee8da6ae2a3036ac170eb6294f89d/execute/async - {"script":"<script> [776 bytes]","args":[{"enterText":"lMMm6Qzz3H","selector":{"id":"application-managehandovers-display-component---AddNewHO--smartFilterBar-btnBasicSearch","searchOpenDialogs":true,"interaction":{"idSuffix":"I"}},"clearTextFirst":true,"interactionType":"ENTER_TEXT"}]}
RESULT: {"script":"<script> [776 bytes]","args":[{"enterText":"lMMm6Qzz3H","selector":{"id":"application-managehandovers-display-component---AddNewHO--smartFilterBar-btnBasicSearch","searchOpenDialogs":true,"interaction":{"idSuffix":"I"}},"clearTextFirst":true,"interactionType":"ENTER_TEXT"}]}
COMMAND: POST /session/673ee8da6ae2a3036ac170eb6294f89d/actions - {"actions":[{"id":"action55","type":"key","parameters":{},"actions":[{"type":"keyDown","value":"î€‡"},{"type":"pause","duration":10},{"type":"keyUp","value":"î€‡"}]}]}
RESULT: {"actions":[{"id":"action55","type":"key","parameters":{},"actions":[{"type":"keyDown","value":"î€‡"},{"type":"pause","duration":10},{"type":"keyUp","value":"î€‡"}]}]}
COMMAND: GET /session/673ee8da6ae2a3036ac170eb6294f89d/screenshot - {}
RESULT: {}
COMMAND: POST /session/673ee8da6ae2a3036ac170eb6294f89d/execute/async - {"script":"<script> [1562 bytes]","args":[{"selector":{"id":"application-managehandovers-display-component---AddNewHO--popup-sa","searchOpenDialogs":true,"interaction":{"idSuffix":"CbBg"}},"wdio_ui5_key":"applicationmanagehandovers-display-component---AddNewHO--popup-sa"}]}
RESULT: {"script":"<script> [1562 bytes]","args":[{"selector":{"id":"application-managehandovers-display-component---AddNewHO--popup-sa","searchOpenDialogs":true,"interaction":{"idSuffix":"CbBg"}},"wdio_ui5_key":"applicationmanagehandovers-display-component---AddNewHO--popup-sa"}]}
RESULT: undefined
COMMAND: POST /session/673ee8da6ae2a3036ac170eb6294f89d/element - {"using":"xpath","value":"//*[@id=\"application-managehandovers-display-component---AddNewHO--popup-sa\"]"}
RESULT: {"using":"xpath","value":"//*[@id=\"application-managehandovers-display-component---AddNewHO--popup-sa\"]"}
COMMAND: POST /session/673ee8da6ae2a3036ac170eb6294f89d/element/f.D876D0B9E4FB8B9E585720C2FE40BD5D.d.CB9A8713949076D809C867DB87710018.e.14661/click - {}
RESULT: {}
COMMAND: GET /session/673ee8da6ae2a3036ac170eb6294f89d/screenshot - {}
RESULT: {}
COMMAND: POST /session/673ee8da6ae2a3036ac170eb6294f89d/element - {"using":"xpath","value":"//bdi[contains(text(), \"Select\")]"}
RESULT: {"using":"xpath","value":"//bdi[contains(text(), \"Select\")]"}
COMMAND: POST /session/673ee8da6ae2a3036ac170eb6294f89d/element/f.D876D0B9E4FB8B9E585720C2FE40BD5D.d.CB9A8713949076D809C867DB87710018.e.14662/click - {}
RESULT: {}
COMMAND: GET /session/673ee8da6ae2a3036ac170eb6294f89d/screenshot - {}
RESULT: {}
COMMAND: POST /session/673ee8da6ae2a3036ac170eb6294f89d/element - {"using":"xpath","value":"//button[@data-kt=\"AddNewHOSaveButton\"]"}
RESULT: {"using":"xpath","value":"//button[@data-kt=\"AddNewHOSaveButton\"]"}
COMMAND: POST /session/673ee8da6ae2a3036ac170eb6294f89d/element/f.D876D0B9E4FB8B9E585720C2FE40BD5D.d.CB9A8713949076D809C867DB87710018.e.14666/click - {}
RESULT: {}
COMMAND: GET /session/673ee8da6ae2a3036ac170eb6294f89d/screenshot - {}
RESULT: {}
COMMAND: POST /session/673ee8da6ae2a3036ac170eb6294f89d/execute/async - {"script":"<script> [1562 bytes]","args":[{"selector":{"id":"receiptDatePicker","viewName":"etm.portal.ui.managehandovers.view.DetailExecuteHO","interaction":{"idSuffix":"inner"}},"wdio_ui5_key":"receiptDatePickeretmportal.ui.managehandovers.view.DetailExecuteHO"}]}
RESULT: {"script":"<script> [1562 bytes]","args":[{"selector":{"id":"receiptDatePicker","viewName":"etm.portal.ui.managehandovers.view.DetailExecuteHO","interaction":{"idSuffix":"inner"}},"wdio_ui5_key":"receiptDatePickeretmportal.ui.managehandovers.view.DetailExecuteHO"}]}
RESULT: undefined
COMMAND: POST /session/673ee8da6ae2a3036ac170eb6294f89d/execute/async - {"script":"<script> [6424 bytes]","args":[{"element-6066-11e4-a52e-4f735466cecf":"f.D876D0B9E4FB8B9E585720C2FE40BD5D.d.CB9A8713949076D809C867DB87710018.e.14682"},"setValue",["5/18/25"]]}
RESULT: {"script":"<script> [6424 bytes]","args":[{"element-6066-11e4-a52e-4f735466cecf":"f.D876D0B9E4FB8B9E585720C2FE40BD5D.d.CB9A8713949076D809C867DB87710018.e.14682"},"setValue",["5/18/25"]]}
COMMAND: POST /session/673ee8da6ae2a3036ac170eb6294f89d/element - {"using":"xpath","value":"//button[@data-kt=\"PickingTableConfirmAllButton\"]"}
RESULT: {"using":"xpath","value":"//button[@data-kt=\"PickingTableConfirmAllButton\"]"}
COMMAND: POST /session/673ee8da6ae2a3036ac170eb6294f89d/element/f.D876D0B9E4FB8B9E585720C2FE40BD5D.d.CB9A8713949076D809C867DB87710018.e.14699/click - {}
RESULT: {}
COMMAND: GET /session/673ee8da6ae2a3036ac170eb6294f89d/screenshot - {}
RESULT: {}
COMMAND: POST /session/673ee8da6ae2a3036ac170eb6294f89d/element - {"using":"xpath","value":"//bdi[contains(text(), \"OK\")]"}
RESULT: {"using":"xpath","value":"//bdi[contains(text(), \"OK\")]"}
COMMAND: POST /session/673ee8da6ae2a3036ac170eb6294f89d/element/f.D876D0B9E4FB8B9E585720C2FE40BD5D.d.CB9A8713949076D809C867DB87710018.e.14701/click - {}
RESULT: {}
COMMAND: GET /session/673ee8da6ae2a3036ac170eb6294f89d/screenshot - {}
RESULT: {}
COMMAND: POST /session/673ee8da6ae2a3036ac170eb6294f89d/element - {"using":"xpath","value":"(//bdi[contains(text(), \"Receive\")])[2]"}
RESULT: {"using":"xpath","value":"(//bdi[contains(text(), \"Receive\")])[2]"}
COMMAND: POST /session/673ee8da6ae2a3036ac170eb6294f89d/element/f.D876D0B9E4FB8B9E585720C2FE40BD5D.d.CB9A8713949076D809C867DB87710018.e.14703/click - {}
RESULT: {}
COMMAND: GET /session/673ee8da6ae2a3036ac170eb6294f89d/screenshot - {}
RESULT: {}
COMMAND: POST /session/673ee8da6ae2a3036ac170eb6294f89d/element - {"using":"css selector","value":"#shell-header-logo"}
RESULT: {"using":"css selector","value":"#shell-header-logo"}
COMMAND: POST /session/673ee8da6ae2a3036ac170eb6294f89d/element/f.D876D0B9E4FB8B9E585720C2FE40BD5D.d.CB9A8713949076D809C867DB87710018.e.14083/click - {}
RESULT: {}
COMMAND: GET /session/673ee8da6ae2a3036ac170eb6294f89d/screenshot - {}
RESULT: {}
]]></system-out>
    </testcase>
    <testcase classname="chrome.136_0_7103_93.windows.Billing_transfer_US117289" name="Should create a new contract" time="59.653">
      <system-out><![CDATA[
COMMAND: POST /session/673ee8da6ae2a3036ac170eb6294f89d/execute/async - {"script":"<script> [1562 bytes]","args":[{"selector":{"controlType":"sap.m.GenericTile","properties":{"header":"Manage Contracts"}},"wdio_ui5_key":"sapm.GenericTile{\"header\":\"Manage Contracts\"}"}]}
RESULT: {"script":"<script> [1562 bytes]","args":[{"selector":{"controlType":"sap.m.GenericTile","properties":{"header":"Manage Contracts"}},"wdio_ui5_key":"sapm.GenericTile{\"header\":\"Manage Contracts\"}"}]}
RESULT: undefined
COMMAND: POST /session/673ee8da6ae2a3036ac170eb6294f89d/element - {"using":"xpath","value":"//*[@id=\"__tile130\"]"}
RESULT: {"using":"xpath","value":"//*[@id=\"__tile130\"]"}
COMMAND: POST /session/673ee8da6ae2a3036ac170eb6294f89d/element/f.D876D0B9E4FB8B9E585720C2FE40BD5D.d.CB9A8713949076D809C867DB87710018.e.12751/click - {}
RESULT: {}
COMMAND: GET /session/673ee8da6ae2a3036ac170eb6294f89d/screenshot - {}
RESULT: {}
COMMAND: POST /session/673ee8da6ae2a3036ac170eb6294f89d/elements - {"using":"xpath","value":"//span[text()='Error']"}
RESULT: {"using":"xpath","value":"//span[text()='Error']"}
COMMAND: POST /session/673ee8da6ae2a3036ac170eb6294f89d/element - {"using":"xpath","value":"//button[@data-kt=\"addButton\"]"}
RESULT: {"using":"xpath","value":"//button[@data-kt=\"addButton\"]"}
COMMAND: POST /session/673ee8da6ae2a3036ac170eb6294f89d/elements - {"using":"xpath","value":"//button[@data-kt=\"addButton\"]"}
RESULT: {"using":"xpath","value":"//button[@data-kt=\"addButton\"]"}
COMMAND: POST /session/673ee8da6ae2a3036ac170eb6294f89d/execute/sync - {"script":"<script> [8489 bytes]","args":[{"element-6066-11e4-a52e-4f735466cecf":"f.D876D0B9E4FB8B9E585720C2FE40BD5D.d.CB9A8713949076D809C867DB87710018.e.15032","ELEMENT":"f.D876D0B9E4FB8B9E585720C2FE40BD5D.d.CB9A8713949076D809C867DB87710018.e.15032"}]}
RESULT: {"script":"<script> [8489 bytes]","args":[{"element-6066-11e4-a52e-4f735466cecf":"f.D876D0B9E4FB8B9E585720C2FE40BD5D.d.CB9A8713949076D809C867DB87710018.e.15032","ELEMENT":"f.D876D0B9E4FB8B9E585720C2FE40BD5D.d.CB9A8713949076D809C867DB87710018.e.15032"}]}
COMMAND: GET /session/673ee8da6ae2a3036ac170eb6294f89d/element/f.D876D0B9E4FB8B9E585720C2FE40BD5D.d.CB9A8713949076D809C867DB87710018.e.15032/enabled - {}
COMMAND: GET /session/673ee8da6ae2a3036ac170eb6294f89d/screenshot - {}
RESULT: {}
COMMAND: POST /session/673ee8da6ae2a3036ac170eb6294f89d/execute/sync - {"script":"<script> [8489 bytes]","args":[{"element-6066-11e4-a52e-4f735466cecf":"f.D876D0B9E4FB8B9E585720C2FE40BD5D.d.CB9A8713949076D809C867DB87710018.e.15032","ELEMENT":"f.D876D0B9E4FB8B9E585720C2FE40BD5D.d.CB9A8713949076D809C867DB87710018.e.15032"}]}
COMMAND: GET /session/673ee8da6ae2a3036ac170eb6294f89d/screenshot - {}
RESULT: {}
RESULT: {"script":"<script> [8489 bytes]","args":[{"element-6066-11e4-a52e-4f735466cecf":"f.D876D0B9E4FB8B9E585720C2FE40BD5D.d.CB9A8713949076D809C867DB87710018.e.15032","ELEMENT":"f.D876D0B9E4FB8B9E585720C2FE40BD5D.d.CB9A8713949076D809C867DB87710018.e.15032"}]}
COMMAND: POST /session/673ee8da6ae2a3036ac170eb6294f89d/execute/sync - {"script":"<script> [5351 bytes]","args":[{"element-6066-11e4-a52e-4f735466cecf":"f.D876D0B9E4FB8B9E585720C2FE40BD5D.d.CB9A8713949076D809C867DB87710018.e.15032","ELEMENT":"f.D876D0B9E4FB8B9E585720C2FE40BD5D.d.CB9A8713949076D809C867DB87710018.e.15032"}]}
COMMAND: GET /session/673ee8da6ae2a3036ac170eb6294f89d/screenshot - {}
RESULT: {}
RESULT: {"script":"<script> [5351 bytes]","args":[{"element-6066-11e4-a52e-4f735466cecf":"f.D876D0B9E4FB8B9E585720C2FE40BD5D.d.CB9A8713949076D809C867DB87710018.e.15032","ELEMENT":"f.D876D0B9E4FB8B9E585720C2FE40BD5D.d.CB9A8713949076D809C867DB87710018.e.15032"}]}
COMMAND: GET /session/673ee8da6ae2a3036ac170eb6294f89d/screenshot - {}
RESULT: {}
RESULT: {}
COMMAND: POST /session/673ee8da6ae2a3036ac170eb6294f89d/element/f.D876D0B9E4FB8B9E585720C2FE40BD5D.d.CB9A8713949076D809C867DB87710018.e.15032/click - {}
RESULT: {}
COMMAND: GET /session/673ee8da6ae2a3036ac170eb6294f89d/screenshot - {}
COMMAND: POST /session/673ee8da6ae2a3036ac170eb6294f89d/execute/async - {"script":"<script> [1562 bytes]","args":[{"selector":{"id":"application-managecontracts-display-component---AddNewContract--projectDescription","interaction":{"idSuffix":"inner"}},"wdio_ui5_key":"applicationmanagecontracts-display-component---AddNewContract--projectDescription"}]}
RESULT: {}
RESULT: {"script":"<script> [1562 bytes]","args":[{"selector":{"id":"application-managecontracts-display-component---AddNewContract--projectDescription","interaction":{"idSuffix":"inner"}},"wdio_ui5_key":"applicationmanagecontracts-display-component---AddNewContract--projectDescription"}]}
RESULT: undefined
COMMAND: POST /session/673ee8da6ae2a3036ac170eb6294f89d/execute/async - {"script":"<script> [776 bytes]","args":[{"enterText":"Contract WDIO","selector":{"id":"application-managecontracts-display-component---AddNewContract--projectDescription","interaction":{"idSuffix":"inner"}},"clearTextFirst":true,"interactionType":"ENTER_TEXT"}]}
RESULT: {"script":"<script> [776 bytes]","args":[{"enterText":"Contract WDIO","selector":{"id":"application-managecontracts-display-component---AddNewContract--projectDescription","interaction":{"idSuffix":"inner"}},"clearTextFirst":true,"interactionType":"ENTER_TEXT"}]}
COMMAND: POST /session/673ee8da6ae2a3036ac170eb6294f89d/element - {"using":"xpath","value":"//input[@id=\"application-managecontracts-display-component---AddNewContract--site-inner\"]"}
RESULT: {"using":"xpath","value":"//input[@id=\"application-managecontracts-display-component---AddNewContract--site-inner\"]"}
COMMAND: POST /session/673ee8da6ae2a3036ac170eb6294f89d/element/f.D876D0B9E4FB8B9E585720C2FE40BD5D.d.CB9A8713949076D809C867DB87710018.e.15393/clear - {}
RESULT: {}
COMMAND: POST /session/673ee8da6ae2a3036ac170eb6294f89d/element/f.D876D0B9E4FB8B9E585720C2FE40BD5D.d.CB9A8713949076D809C867DB87710018.e.15393/value - {"text":"2263"}
COMMAND: GET /session/673ee8da6ae2a3036ac170eb6294f89d/screenshot - {}
RESULT: {"text":"2263"}
COMMAND: GET /session/673ee8da6ae2a3036ac170eb6294f89d/screenshot - {}
RESULT: {}
RESULT: {}
COMMAND: POST /session/673ee8da6ae2a3036ac170eb6294f89d/element - {"using":"xpath","value":"//li[.//span[text()='2263']]"}
RESULT: {"using":"xpath","value":"//li[.//span[text()='2263']]"}
COMMAND: POST /session/673ee8da6ae2a3036ac170eb6294f89d/element/f.D876D0B9E4FB8B9E585720C2FE40BD5D.d.CB9A8713949076D809C867DB87710018.e.15423/click - {}
RESULT: {}
COMMAND: GET /session/673ee8da6ae2a3036ac170eb6294f89d/screenshot - {}
RESULT: {}
COMMAND: POST /session/673ee8da6ae2a3036ac170eb6294f89d/element - {"using":"xpath","value":"//input[@id=\"application-managecontracts-display-component---AddNewContract--yardId-inner\"]"}
RESULT: {"using":"xpath","value":"//input[@id=\"application-managecontracts-display-component---AddNewContract--yardId-inner\"]"}
COMMAND: GET /session/673ee8da6ae2a3036ac170eb6294f89d/element/f.D876D0B9E4FB8B9E585720C2FE40BD5D.d.CB9A8713949076D809C867DB87710018.e.15394/property/value - {}
RESULT: {}
COMMAND: POST /session/673ee8da6ae2a3036ac170eb6294f89d/element - {"using":"xpath","value":"//input[@id=\"application-managecontracts-display-component---AddNewContract--customerSelect-inner\"]"}
COMMAND: GET /session/673ee8da6ae2a3036ac170eb6294f89d/screenshot - {}
RESULT: {"using":"xpath","value":"//input[@id=\"application-managecontracts-display-component---AddNewContract--customerSelect-inner\"]"}
COMMAND: POST /session/673ee8da6ae2a3036ac170eb6294f89d/element/f.D876D0B9E4FB8B9E585720C2FE40BD5D.d.CB9A8713949076D809C867DB87710018.e.15392/clear - {}
RESULT: {}
RESULT: {}
COMMAND: POST /session/673ee8da6ae2a3036ac170eb6294f89d/element/f.D876D0B9E4FB8B9E585720C2FE40BD5D.d.CB9A8713949076D809C867DB87710018.e.15392/value - {"text":"1313"}
COMMAND: GET /session/673ee8da6ae2a3036ac170eb6294f89d/screenshot - {}
RESULT: {"text":"1313"}
COMMAND: GET /session/673ee8da6ae2a3036ac170eb6294f89d/screenshot - {}
RESULT: {}
RESULT: {}
COMMAND: POST /session/673ee8da6ae2a3036ac170eb6294f89d/element - {"using":"xpath","value":"//li[.//span[text()='1313']]"}
RESULT: {"using":"xpath","value":"//li[.//span[text()='1313']]"}
COMMAND: POST /session/673ee8da6ae2a3036ac170eb6294f89d/element/f.D876D0B9E4FB8B9E585720C2FE40BD5D.d.CB9A8713949076D809C867DB87710018.e.15426/click - {}
RESULT: {}
COMMAND: GET /session/673ee8da6ae2a3036ac170eb6294f89d/screenshot - {}
RESULT: {}
COMMAND: POST /session/673ee8da6ae2a3036ac170eb6294f89d/element - {"using":"xpath","value":"//button[@data-kt=\"saveButton\"]"}
RESULT: {"using":"xpath","value":"//button[@data-kt=\"saveButton\"]"}
COMMAND: POST /session/673ee8da6ae2a3036ac170eb6294f89d/element/f.D876D0B9E4FB8B9E585720C2FE40BD5D.d.CB9A8713949076D809C867DB87710018.e.15427/click - {}
RESULT: {}
COMMAND: GET /session/673ee8da6ae2a3036ac170eb6294f89d/screenshot - {}
RESULT: {}
COMMAND: POST /session/673ee8da6ae2a3036ac170eb6294f89d/element - {"using":"xpath","value":"//span[contains(@id ,\"contractDetailTitleNoExpanded\")]"}
RESULT: {"using":"xpath","value":"//span[contains(@id ,\"contractDetailTitleNoExpanded\")]"}
COMMAND: POST /session/673ee8da6ae2a3036ac170eb6294f89d/elements - {"using":"xpath","value":"//span[contains(@id ,\"contractDetailTitleNoExpanded\")]"}
RESULT: {"using":"xpath","value":"//span[contains(@id ,\"contractDetailTitleNoExpanded\")]"}
COMMAND: POST /session/673ee8da6ae2a3036ac170eb6294f89d/execute/sync - {"script":"<script> [56 bytes]","args":[{"element-6066-11e4-a52e-4f735466cecf":"f.D876D0B9E4FB8B9E585720C2FE40BD5D.d.CB9A8713949076D809C867DB87710018.e.15438","ELEMENT":"f.D876D0B9E4FB8B9E585720C2FE40BD5D.d.CB9A8713949076D809C867DB87710018.e.15438"}]}
RESULT: {"script":"<script> [56 bytes]","args":[{"element-6066-11e4-a52e-4f735466cecf":"f.D876D0B9E4FB8B9E585720C2FE40BD5D.d.CB9A8713949076D809C867DB87710018.e.15438","ELEMENT":"f.D876D0B9E4FB8B9E585720C2FE40BD5D.d.CB9A8713949076D809C867DB87710018.e.15438"}]}
COMMAND: GET /session/673ee8da6ae2a3036ac170eb6294f89d/screenshot - {}
RESULT: {}
]]></system-out>
    </testcase>
    <testcase classname="chrome.136_0_7103_93.windows.Billing_transfer_US117289" name="Should add created equipment to contract" time="48.169">
      <system-out><![CDATA[
COMMAND: POST /session/673ee8da6ae2a3036ac170eb6294f89d/element - {"using":"xpath","value":"//button[@data-kt=\"contractDetailEditBtnButton\"]"}
RESULT: {"using":"xpath","value":"//button[@data-kt=\"contractDetailEditBtnButton\"]"}
COMMAND: POST /session/673ee8da6ae2a3036ac170eb6294f89d/element/f.D876D0B9E4FB8B9E585720C2FE40BD5D.d.CB9A8713949076D809C867DB87710018.e.15439/click - {}
RESULT: {}
COMMAND: GET /session/673ee8da6ae2a3036ac170eb6294f89d/screenshot - {}
RESULT: {}
COMMAND: POST /session/673ee8da6ae2a3036ac170eb6294f89d/element - {"using":"xpath","value":"(//span[contains(text(), \"Additional Addresses\")])[2]"}
RESULT: {"using":"xpath","value":"(//span[contains(text(), \"Additional Addresses\")])[2]"}
COMMAND: POST /session/673ee8da6ae2a3036ac170eb6294f89d/element/f.D876D0B9E4FB8B9E585720C2FE40BD5D.d.CB9A8713949076D809C867DB87710018.e.15493/click - {}
RESULT: {}
COMMAND: GET /session/673ee8da6ae2a3036ac170eb6294f89d/screenshot - {}
RESULT: {}
COMMAND: POST /session/673ee8da6ae2a3036ac170eb6294f89d/element - {"using":"xpath","value":"//button[@data-kt=\"btnAddTableRowOverflowToolbarButton\"]"}
RESULT: {"using":"xpath","value":"//button[@data-kt=\"btnAddTableRowOverflowToolbarButton\"]"}
COMMAND: POST /session/673ee8da6ae2a3036ac170eb6294f89d/element/f.D876D0B9E4FB8B9E585720C2FE40BD5D.d.CB9A8713949076D809C867DB87710018.e.15497/click - {}
RESULT: {}
COMMAND: GET /session/673ee8da6ae2a3036ac170eb6294f89d/screenshot - {}
RESULT: {}
COMMAND: POST /session/673ee8da6ae2a3036ac170eb6294f89d/element - {"using":"xpath","value":"//div[(text() = 'Standard Entry' or . = 'Standard Entry')]"}
RESULT: {"using":"xpath","value":"//div[(text() = 'Standard Entry' or . = 'Standard Entry')]"}
COMMAND: POST /session/673ee8da6ae2a3036ac170eb6294f89d/element/f.D876D0B9E4FB8B9E585720C2FE40BD5D.d.CB9A8713949076D809C867DB87710018.e.15499/click - {}
RESULT: {}
COMMAND: GET /session/673ee8da6ae2a3036ac170eb6294f89d/screenshot - {}
RESULT: {}
COMMAND: POST /session/673ee8da6ae2a3036ac170eb6294f89d/element - {"using":"xpath","value":"//td[7]/div/div/input"}
RESULT: {"using":"xpath","value":"//td[7]/div/div/input"}
COMMAND: POST /session/673ee8da6ae2a3036ac170eb6294f89d/element/f.D876D0B9E4FB8B9E585720C2FE40BD5D.d.CB9A8713949076D809C867DB87710018.e.15508/clear - {}
RESULT: {}
COMMAND: POST /session/673ee8da6ae2a3036ac170eb6294f89d/element/f.D876D0B9E4FB8B9E585720C2FE40BD5D.d.CB9A8713949076D809C867DB87710018.e.15508/value - {"text":"lMMm6Qzz3H"}
COMMAND: GET /session/673ee8da6ae2a3036ac170eb6294f89d/screenshot - {}
RESULT: {"text":"lMMm6Qzz3H"}
COMMAND: GET /session/673ee8da6ae2a3036ac170eb6294f89d/screenshot - {}
RESULT: {}
RESULT: {}
COMMAND: POST /session/673ee8da6ae2a3036ac170eb6294f89d/actions - {"actions":[{"id":"action56","type":"key","parameters":{},"actions":[{"type":"keyDown","value":"î€‡"},{"type":"pause","duration":10},{"type":"keyUp","value":"î€‡"}]}]}
RESULT: {"actions":[{"id":"action56","type":"key","parameters":{},"actions":[{"type":"keyDown","value":"î€‡"},{"type":"pause","duration":10},{"type":"keyUp","value":"î€‡"}]}]}
COMMAND: GET /session/673ee8da6ae2a3036ac170eb6294f89d/screenshot - {}
RESULT: {}
COMMAND: POST /session/673ee8da6ae2a3036ac170eb6294f89d/execute/sync - {"script":"<script> [276 bytes]","args":["No pricing information was found"]}
RESULT: {"script":"<script> [276 bytes]","args":["No pricing information was found"]}
COMMAND: POST /session/673ee8da6ae2a3036ac170eb6294f89d/element - {"using":"xpath","value":"(//button[@data-kt=\"saveButton\"])[2]"}
COMMAND: GET /session/673ee8da6ae2a3036ac170eb6294f89d/screenshot - {}
RESULT: {"using":"xpath","value":"(//button[@data-kt=\"saveButton\"])[2]"}
COMMAND: POST /session/673ee8da6ae2a3036ac170eb6294f89d/element/f.D876D0B9E4FB8B9E585720C2FE40BD5D.d.CB9A8713949076D809C867DB87710018.e.15523/click - {}
RESULT: {}
RESULT: {}
COMMAND: GET /session/673ee8da6ae2a3036ac170eb6294f89d/screenshot - {}
RESULT: {}
COMMAND: POST /session/673ee8da6ae2a3036ac170eb6294f89d/execute/sync - {"script":"<script> [276 bytes]","args":["Some contract items are having rental validity exceeding header rental validity"]}
RESULT: {"script":"<script> [276 bytes]","args":["Some contract items are having rental validity exceeding header rental validity"]}
COMMAND: GET /session/673ee8da6ae2a3036ac170eb6294f89d/screenshot - {}
RESULT: {}
COMMAND: POST /session/673ee8da6ae2a3036ac170eb6294f89d/element - {"using":"xpath","value":"//span[contains(@id ,\"contractItemsSmartTable-header-inner\")]"}
RESULT: {"using":"xpath","value":"//span[contains(@id ,\"contractItemsSmartTable-header-inner\")]"}
COMMAND: POST /session/673ee8da6ae2a3036ac170eb6294f89d/elements - {"using":"xpath","value":"//span[contains(@id ,\"contractItemsSmartTable-header-inner\")]"}
RESULT: {"using":"xpath","value":"//span[contains(@id ,\"contractItemsSmartTable-header-inner\")]"}
COMMAND: POST /session/673ee8da6ae2a3036ac170eb6294f89d/execute/sync - {"script":"<script> [56 bytes]","args":[{"element-6066-11e4-a52e-4f735466cecf":"f.D876D0B9E4FB8B9E585720C2FE40BD5D.d.CB9A8713949076D809C867DB87710018.e.15531","ELEMENT":"f.D876D0B9E4FB8B9E585720C2FE40BD5D.d.CB9A8713949076D809C867DB87710018.e.15531"}]}
RESULT: {"script":"<script> [56 bytes]","args":[{"element-6066-11e4-a52e-4f735466cecf":"f.D876D0B9E4FB8B9E585720C2FE40BD5D.d.CB9A8713949076D809C867DB87710018.e.15531","ELEMENT":"f.D876D0B9E4FB8B9E585720C2FE40BD5D.d.CB9A8713949076D809C867DB87710018.e.15531"}]}
]]></system-out>
    </testcase>
    <testcase classname="chrome.136_0_7103_93.windows.Billing_transfer_US117289" name="Should do a provide to site handover" time="58.743">
      <system-out><![CDATA[
COMMAND: GET /session/673ee8da6ae2a3036ac170eb6294f89d/screenshot - {}
COMMAND: POST /session/673ee8da6ae2a3036ac170eb6294f89d/element - {"using":"xpath","value":"//button[@data-kt=\"provideButton\"]"}
RESULT: {}
RESULT: {"using":"xpath","value":"//button[@data-kt=\"provideButton\"]"}
COMMAND: POST /session/673ee8da6ae2a3036ac170eb6294f89d/element/f.D876D0B9E4FB8B9E585720C2FE40BD5D.d.CB9A8713949076D809C867DB87710018.e.15532/click - {}
RESULT: {}
COMMAND: GET /session/673ee8da6ae2a3036ac170eb6294f89d/screenshot - {}
RESULT: undefined
COMMAND: POST /session/673ee8da6ae2a3036ac170eb6294f89d/execute/async - {"script":"<script> [6424 bytes]","args":[{"element-6066-11e4-a52e-4f735466cecf":"f.D876D0B9E4FB8B9E585720C2FE40BD5D.d.CB9A8713949076D809C867DB87710018.e.14484"},"setValue",["5/18/25"]]}
RESULT: {}
COMMAND: POST /session/673ee8da6ae2a3036ac170eb6294f89d/execute/async - {"script":"<script> [1562 bytes]","args":[{"selector":{"id":"application-managehandovers-display-component---AddNewHO--dueDate","interaction":{"idSuffix":"inner"}},"wdio_ui5_key":"applicationmanagehandovers-display-component---AddNewHO--dueDate"}]}
RESULT: {"script":"<script> [1562 bytes]","args":[{"selector":{"id":"application-managehandovers-display-component---AddNewHO--dueDate","interaction":{"idSuffix":"inner"}},"wdio_ui5_key":"applicationmanagehandovers-display-component---AddNewHO--dueDate"}]}
COMMAND: POST /session/673ee8da6ae2a3036ac170eb6294f89d/execute/async - {"script":"<script> [6424 bytes]","args":[{"element-6066-11e4-a52e-4f735466cecf":"f.D876D0B9E4FB8B9E585720C2FE40BD5D.d.CB9A8713949076D809C867DB87710018.e.15589"},"setValue",["5/18/25"]]}
RESULT: {"script":"<script> [6424 bytes]","args":[{"element-6066-11e4-a52e-4f735466cecf":"f.D876D0B9E4FB8B9E585720C2FE40BD5D.d.CB9A8713949076D809C867DB87710018.e.15589"},"setValue",["5/18/25"]]}
COMMAND: POST /session/673ee8da6ae2a3036ac170eb6294f89d/element - {"using":"xpath","value":"//bdi[contains(text(), \"Instructions\")]"}
RESULT: {"using":"xpath","value":"//bdi[contains(text(), \"Instructions\")]"}
COMMAND: POST /session/673ee8da6ae2a3036ac170eb6294f89d/element/f.D876D0B9E4FB8B9E585720C2FE40BD5D.d.CB9A8713949076D809C867DB87710018.e.15838/click - {}
RESULT: {}
COMMAND: GET /session/673ee8da6ae2a3036ac170eb6294f89d/screenshot - {}
RESULT: {}
COMMAND: POST /session/673ee8da6ae2a3036ac170eb6294f89d/element - {"using":"xpath","value":"//button[@data-kt=\"AddNewHOProvideAddItemsButton\"]"}
RESULT: {"using":"xpath","value":"//button[@data-kt=\"AddNewHOProvideAddItemsButton\"]"}
COMMAND: POST /session/673ee8da6ae2a3036ac170eb6294f89d/element/f.D876D0B9E4FB8B9E585720C2FE40BD5D.d.CB9A8713949076D809C867DB87710018.e.15842/click - {}
RESULT: {}
COMMAND: GET /session/673ee8da6ae2a3036ac170eb6294f89d/screenshot - {}
RESULT: {}
RESULT: undefined
COMMAND: POST /session/673ee8da6ae2a3036ac170eb6294f89d/element - {"using":"xpath","value":"//*[@id=\"application-managehandovers-display-component---AddNewHO--popup-sa\"]"}
RESULT: {"using":"xpath","value":"//*[@id=\"application-managehandovers-display-component---AddNewHO--popup-sa\"]"}
COMMAND: POST /session/673ee8da6ae2a3036ac170eb6294f89d/element/f.D876D0B9E4FB8B9E585720C2FE40BD5D.d.CB9A8713949076D809C867DB87710018.e.15851/click - {}
RESULT: {}
COMMAND: GET /session/673ee8da6ae2a3036ac170eb6294f89d/screenshot - {}
RESULT: {}
COMMAND: POST /session/673ee8da6ae2a3036ac170eb6294f89d/element - {"using":"xpath","value":"//*[contains(@id ,\"BDI-content\")][contains(text(), \"Select\")]"}
RESULT: {"using":"xpath","value":"//*[contains(@id ,\"BDI-content\")][contains(text(), \"Select\")]"}
COMMAND: POST /session/673ee8da6ae2a3036ac170eb6294f89d/element/f.D876D0B9E4FB8B9E585720C2FE40BD5D.d.CB9A8713949076D809C867DB87710018.e.15853/click - {}
RESULT: {}
COMMAND: GET /session/673ee8da6ae2a3036ac170eb6294f89d/screenshot - {}
RESULT: {}
COMMAND: POST /session/673ee8da6ae2a3036ac170eb6294f89d/execute/async - {"script":"<script> [1562 bytes]","args":[{"selector":{"id":"application-managehandovers-display-component---AddNewHO--confirmCreationButton","interaction":{"idSuffix":"BDI-content"}},"wdio_ui5_key":"applicationmanagehandovers-display-component---AddNewHO--confirmCreationButton"}]}
RESULT: {"script":"<script> [1562 bytes]","args":[{"selector":{"id":"application-managehandovers-display-component---AddNewHO--confirmCreationButton","interaction":{"idSuffix":"BDI-content"}},"wdio_ui5_key":"applicationmanagehandovers-display-component---AddNewHO--confirmCreationButton"}]}
RESULT: undefined
COMMAND: POST /session/673ee8da6ae2a3036ac170eb6294f89d/element - {"using":"xpath","value":"//*[@id=\"application-managehandovers-display-component---AddNewHO--confirmCreationButton\"]"}
RESULT: {"using":"xpath","value":"//*[@id=\"application-managehandovers-display-component---AddNewHO--confirmCreationButton\"]"}
COMMAND: POST /session/673ee8da6ae2a3036ac170eb6294f89d/element/f.D876D0B9E4FB8B9E585720C2FE40BD5D.d.CB9A8713949076D809C867DB87710018.e.15666/click - {}
RESULT: {}
COMMAND: GET /session/673ee8da6ae2a3036ac170eb6294f89d/screenshot - {}
RESULT: {}
COMMAND: POST /session/673ee8da6ae2a3036ac170eb6294f89d/execute/async - {"script":"<script> [1562 bytes]","args":[{"selector":{"id":"issueDatePicker","viewName":"etm.portal.ui.managehandovers.view.DetailExecuteHO","interaction":{"idSuffix":"inner"}},"wdio_ui5_key":"issueDatePickeretmportal.ui.managehandovers.view.DetailExecuteHO"}]}
RESULT: {"script":"<script> [1562 bytes]","args":[{"selector":{"id":"issueDatePicker","viewName":"etm.portal.ui.managehandovers.view.DetailExecuteHO","interaction":{"idSuffix":"inner"}},"wdio_ui5_key":"issueDatePickeretmportal.ui.managehandovers.view.DetailExecuteHO"}]}
RESULT: undefined
COMMAND: POST /session/673ee8da6ae2a3036ac170eb6294f89d/execute/async - {"script":"<script> [776 bytes]","args":[{"enterText":"5/18/25","selector":{"id":"issueDatePicker","viewName":"etm.portal.ui.managehandovers.view.DetailExecuteHO","interaction":{"idSuffix":"inner"}},"clearTextFirst":true,"interactionType":"ENTER_TEXT"}]}
RESULT: {"script":"<script> [776 bytes]","args":[{"enterText":"5/18/25","selector":{"id":"issueDatePicker","viewName":"etm.portal.ui.managehandovers.view.DetailExecuteHO","interaction":{"idSuffix":"inner"}},"clearTextFirst":true,"interactionType":"ENTER_TEXT"}]}
COMMAND: POST /session/673ee8da6ae2a3036ac170eb6294f89d/element - {"using":"xpath","value":"//bdi[contains(text(), \"OK\")]"}
RESULT: {"using":"xpath","value":"//bdi[contains(text(), \"OK\")]"}
COMMAND: POST /session/673ee8da6ae2a3036ac170eb6294f89d/element/f.D876D0B9E4FB8B9E585720C2FE40BD5D.d.CB9A8713949076D809C867DB87710018.e.15917/click - {}
RESULT: {}
COMMAND: GET /session/673ee8da6ae2a3036ac170eb6294f89d/screenshot - {}
RESULT: {}
COMMAND: POST /session/673ee8da6ae2a3036ac170eb6294f89d/element - {"using":"xpath","value":"//button[@data-kt=\"PickingTableConfirmAllButton\"]"}
RESULT: {"using":"xpath","value":"//button[@data-kt=\"PickingTableConfirmAllButton\"]"}
COMMAND: POST /session/673ee8da6ae2a3036ac170eb6294f89d/element/f.D876D0B9E4FB8B9E585720C2FE40BD5D.d.CB9A8713949076D809C867DB87710018.e.15924/click - {}
RESULT: {}
COMMAND: GET /session/673ee8da6ae2a3036ac170eb6294f89d/screenshot - {}
RESULT: {}
COMMAND: POST /session/673ee8da6ae2a3036ac170eb6294f89d/element - {"using":"xpath","value":"//bdi[contains(text(), \"OK\")]"}
RESULT: {"using":"xpath","value":"//bdi[contains(text(), \"OK\")]"}
COMMAND: POST /session/673ee8da6ae2a3036ac170eb6294f89d/element/f.D876D0B9E4FB8B9E585720C2FE40BD5D.d.CB9A8713949076D809C867DB87710018.e.15928/click - {}
RESULT: {}
COMMAND: GET /session/673ee8da6ae2a3036ac170eb6294f89d/screenshot - {}
RESULT: {}
COMMAND: POST /session/673ee8da6ae2a3036ac170eb6294f89d/element - {"using":"xpath","value":"//bdi[contains(text(), \"Issue\")]"}
RESULT: {"using":"xpath","value":"//bdi[contains(text(), \"Issue\")]"}
COMMAND: POST /session/673ee8da6ae2a3036ac170eb6294f89d/element/f.D876D0B9E4FB8B9E585720C2FE40BD5D.d.CB9A8713949076D809C867DB87710018.e.15929/click - {}
RESULT: {}
COMMAND: GET /session/673ee8da6ae2a3036ac170eb6294f89d/screenshot - {}
RESULT: {}
COMMAND: POST /session/673ee8da6ae2a3036ac170eb6294f89d/element - {"using":"css selector","value":"#shell-header-logo"}
RESULT: {"using":"css selector","value":"#shell-header-logo"}
COMMAND: POST /session/673ee8da6ae2a3036ac170eb6294f89d/element/f.D876D0B9E4FB8B9E585720C2FE40BD5D.d.CB9A8713949076D809C867DB87710018.e.14987/click - {}
RESULT: {}
COMMAND: GET /session/673ee8da6ae2a3036ac170eb6294f89d/screenshot - {}
RESULT: {}
]]></system-out>
    </testcase>
    <testcase classname="chrome.136_0_7103_93.windows.Billing_transfer_US117289" name="Should navigate to Manage Billings and trigger contract calculation business confirm it" time="60.68">
      <system-out><![CDATA[
COMMAND: POST /session/673ee8da6ae2a3036ac170eb6294f89d/execute/async - {"script":"<script> [1562 bytes]","args":[{"selector":{"controlType":"sap.m.GenericTile","properties":{"header":"Manage Billings"}},"wdio_ui5_key":"sapm.GenericTile{\"header\":\"Manage Billings\"}"}]}
RESULT: {"script":"<script> [1562 bytes]","args":[{"selector":{"controlType":"sap.m.GenericTile","properties":{"header":"Manage Billings"}},"wdio_ui5_key":"sapm.GenericTile{\"header\":\"Manage Billings\"}"}]}
RESULT: undefined
COMMAND: POST /session/673ee8da6ae2a3036ac170eb6294f89d/element - {"using":"xpath","value":"//*[@id=\"__tile51\"]"}
RESULT: {"using":"xpath","value":"//*[@id=\"__tile51\"]"}
COMMAND: POST /session/673ee8da6ae2a3036ac170eb6294f89d/element/f.D876D0B9E4FB8B9E585720C2FE40BD5D.d.CB9A8713949076D809C867DB87710018.e.12778/click - {}
RESULT: {}
COMMAND: GET /session/673ee8da6ae2a3036ac170eb6294f89d/screenshot - {}
RESULT: {}
COMMAND: POST /session/673ee8da6ae2a3036ac170eb6294f89d/elements - {"using":"xpath","value":"//span[text()='Error']"}
RESULT: {"using":"xpath","value":"//span[text()='Error']"}
COMMAND: POST /session/673ee8da6ae2a3036ac170eb6294f89d/execute/async - {"script":"<script> [1562 bytes]","args":[{"selector":{"id":"application-managebillings-display-component---billRunCalcResult--smartFilterBar-btnBasicSearch","interaction":{"idSuffix":"I"}},"wdio_ui5_key":"applicationmanagebillings-display-component---billRunCalcResult--smartFilterBar-btnBasicSearch"}]}
RESULT: {"script":"<script> [1562 bytes]","args":[{"selector":{"id":"application-managebillings-display-component---billRunCalcResult--smartFilterBar-btnBasicSearch","interaction":{"idSuffix":"I"}},"wdio_ui5_key":"applicationmanagebillings-display-component---billRunCalcResult--smartFilterBar-btnBasicSearch"}]}
RESULT: undefined
COMMAND: POST /session/673ee8da6ae2a3036ac170eb6294f89d/execute/async - {"script":"<script> [776 bytes]","args":[{"enterText":"10367","selector":{"id":"application-managebillings-display-component---billRunCalcResult--smartFilterBar-btnBasicSearch","interaction":{"idSuffix":"I"}},"clearTextFirst":true,"interactionType":"ENTER_TEXT"}]}
RESULT: {"script":"<script> [776 bytes]","args":[{"enterText":"10367","selector":{"id":"application-managebillings-display-component---billRunCalcResult--smartFilterBar-btnBasicSearch","interaction":{"idSuffix":"I"}},"clearTextFirst":true,"interactionType":"ENTER_TEXT"}]}
COMMAND: POST /session/673ee8da6ae2a3036ac170eb6294f89d/actions - {"actions":[{"id":"action57","type":"key","parameters":{},"actions":[{"type":"keyDown","value":"î€‡"},{"type":"pause","duration":10},{"type":"keyUp","value":"î€‡"}]}]}
RESULT: {"actions":[{"id":"action57","type":"key","parameters":{},"actions":[{"type":"keyDown","value":"î€‡"},{"type":"pause","duration":10},{"type":"keyUp","value":"î€‡"}]}]}
COMMAND: GET /session/673ee8da6ae2a3036ac170eb6294f89d/screenshot - {}
RESULT: {}
COMMAND: POST /session/673ee8da6ae2a3036ac170eb6294f89d/element - {"using":"xpath","value":"//td[@aria-colindex=\"1\"]/div/div[contains(@class, \"sapMCbBg\")]"}
RESULT: {"using":"xpath","value":"//td[@aria-colindex=\"1\"]/div/div[contains(@class, \"sapMCbBg\")]"}
COMMAND: POST /session/673ee8da6ae2a3036ac170eb6294f89d/element/f.D876D0B9E4FB8B9E585720C2FE40BD5D.d.CB9A8713949076D809C867DB87710018.e.16315/click - {}
RESULT: {}
COMMAND: GET /session/673ee8da6ae2a3036ac170eb6294f89d/screenshot - {}
RESULT: {}
COMMAND: POST /session/673ee8da6ae2a3036ac170eb6294f89d/execute/async - {"script":"<script> [1562 bytes]","args":[{"selector":{"id":"application-managebillings-display-component---billRunCalcResult--contractBillRunDate","interaction":{"idSuffix":"inner"}},"wdio_ui5_key":"applicationmanagebillings-display-component---billRunCalcResult--contractBillRunDate"}]}
RESULT: {"script":"<script> [1562 bytes]","args":[{"selector":{"id":"application-managebillings-display-component---billRunCalcResult--contractBillRunDate","interaction":{"idSuffix":"inner"}},"wdio_ui5_key":"applicationmanagebillings-display-component---billRunCalcResult--contractBillRunDate"}]}
RESULT: undefined
COMMAND: POST /session/673ee8da6ae2a3036ac170eb6294f89d/execute/async - {"script":"<script> [776 bytes]","args":[{"enterText":"6/18/25","selector":{"id":"application-managebillings-display-component---billRunCalcResult--contractBillRunDate","interaction":{"idSuffix":"inner"}},"clearTextFirst":true,"interactionType":"ENTER_TEXT"}]}
RESULT: {"script":"<script> [776 bytes]","args":[{"enterText":"6/18/25","selector":{"id":"application-managebillings-display-component---billRunCalcResult--contractBillRunDate","interaction":{"idSuffix":"inner"}},"clearTextFirst":true,"interactionType":"ENTER_TEXT"}]}
COMMAND: POST /session/673ee8da6ae2a3036ac170eb6294f89d/element - {"using":"xpath","value":"//bdi[contains(text(), \"Trigger Calculation\")]"}
RESULT: {"using":"xpath","value":"//bdi[contains(text(), \"Trigger Calculation\")]"}
COMMAND: POST /session/673ee8da6ae2a3036ac170eb6294f89d/element/f.D876D0B9E4FB8B9E585720C2FE40BD5D.d.CB9A8713949076D809C867DB87710018.e.16367/click - {}
RESULT: {}
COMMAND: GET /session/673ee8da6ae2a3036ac170eb6294f89d/screenshot - {}
RESULT: {}
COMMAND: POST /session/673ee8da6ae2a3036ac170eb6294f89d/element - {"using":"xpath","value":"(//span[contains(@id, \"imgNav\")])[1]"}
RESULT: {"using":"xpath","value":"(//span[contains(@id, \"imgNav\")])[1]"}
COMMAND: POST /session/673ee8da6ae2a3036ac170eb6294f89d/element/f.D876D0B9E4FB8B9E585720C2FE40BD5D.d.CB9A8713949076D809C867DB87710018.e.16316/click - {}
RESULT: {}
COMMAND: GET /session/673ee8da6ae2a3036ac170eb6294f89d/screenshot - {}
RESULT: {}
COMMAND: POST /session/673ee8da6ae2a3036ac170eb6294f89d/execute/async - {"script":"<script> [1562 bytes]","args":[{"selector":{"controlType":"sap.ui.core.Icon","viewName":"etm.portal.ui.managebillings.view.Master","viewId":"application-managebillings-display-component---billRunCalcResult","properties":{"src":{"regex":{"source":"slim\\-arrow\\-right"}}}},"wdio_ui5_key":"etmportal.ui.managebillings.view.Mastersap.ui.core.Icon{\"src\":{\"regex\":{\"source\":\"slim\\\\-arrow\\\\-right\"}}}"}]}
RESULT: {"script":"<script> [1562 bytes]","args":[{"selector":{"controlType":"sap.ui.core.Icon","viewName":"etm.portal.ui.managebillings.view.Master","viewId":"application-managebillings-display-component---billRunCalcResult","properties":{"src":{"regex":{"source":"slim\\-arrow\\-right"}}}},"wdio_ui5_key":"etmportal.ui.managebillings.view.Mastersap.ui.core.Icon{\"src\":{\"regex\":{\"source\":\"slim\\\\-arrow\\\\-right\"}}}"}]}
RESULT: undefined
COMMAND: POST /session/673ee8da6ae2a3036ac170eb6294f89d/element - {"using":"xpath","value":"//*[@id=\"__item1986-application-managebillings-display-component---billRunCalcResult--billingRunsTable-0-imgNav\"]"}
RESULT: {"using":"xpath","value":"//*[@id=\"__item1986-application-managebillings-display-component---billRunCalcResult--billingRunsTable-0-imgNav\"]"}
COMMAND: POST /session/673ee8da6ae2a3036ac170eb6294f89d/element/f.D876D0B9E4FB8B9E585720C2FE40BD5D.d.CB9A8713949076D809C867DB87710018.e.16371/click - {}
RESULT: {}
COMMAND: POST /session/673ee8da6ae2a3036ac170eb6294f89d/execute/async - {"script":"<script> [1562 bytes]","args":[{"selector":{"id":"application-managebillings-display-component---billRunCalcResult--btnConf","interaction":{"idSuffix":"BDI-content"}},"wdio_ui5_key":"applicationmanagebillings-display-component---billRunCalcResult--btnConf"}]}
COMMAND: GET /session/673ee8da6ae2a3036ac170eb6294f89d/screenshot - {}
RESULT: {"script":"<script> [1562 bytes]","args":[{"selector":{"id":"application-managebillings-display-component---billRunCalcResult--btnConf","interaction":{"idSuffix":"BDI-content"}},"wdio_ui5_key":"applicationmanagebillings-display-component---billRunCalcResult--btnConf"}]}
RESULT: undefined
COMMAND: POST /session/673ee8da6ae2a3036ac170eb6294f89d/element - {"using":"xpath","value":"//*[@id=\"application-managebillings-display-component---billRunCalcResult--btnConf\"]"}
RESULT: {}
RESULT: {"using":"xpath","value":"//*[@id=\"application-managebillings-display-component---billRunCalcResult--btnConf\"]"}
COMMAND: POST /session/673ee8da6ae2a3036ac170eb6294f89d/element/f.D876D0B9E4FB8B9E585720C2FE40BD5D.d.CB9A8713949076D809C867DB87710018.e.16401/click - {}
RESULT: {}
COMMAND: POST /session/673ee8da6ae2a3036ac170eb6294f89d/element - {"using":"css selector","value":"#shell-header-logo"}
COMMAND: GET /session/673ee8da6ae2a3036ac170eb6294f89d/screenshot - {}
RESULT: {"using":"css selector","value":"#shell-header-logo"}
COMMAND: POST /session/673ee8da6ae2a3036ac170eb6294f89d/element/f.D876D0B9E4FB8B9E585720C2FE40BD5D.d.CB9A8713949076D809C867DB87710018.e.16110/click - {}
RESULT: {}
RESULT: {}
COMMAND: GET /session/673ee8da6ae2a3036ac170eb6294f89d/screenshot - {}
RESULT: {}
]]></system-out>
    </testcase>
    <testcase classname="chrome.136_0_7103_93.windows.Billing_transfer_US117289" name="Should trigger Billing Transfer process all the way to completion" time="77.383">
      <system-out><![CDATA[
COMMAND: POST /session/673ee8da6ae2a3036ac170eb6294f89d/execute/async - {"script":"<script> [1562 bytes]","args":[{"selector":{"controlType":"sap.m.GenericTile","properties":{"header":"Billing Transfer"}},"wdio_ui5_key":"sapm.GenericTile{\"header\":\"Billing Transfer\"}"}]}
RESULT: {"script":"<script> [1562 bytes]","args":[{"selector":{"controlType":"sap.m.GenericTile","properties":{"header":"Billing Transfer"}},"wdio_ui5_key":"sapm.GenericTile{\"header\":\"Billing Transfer\"}"}]}
RESULT: undefined
COMMAND: POST /session/673ee8da6ae2a3036ac170eb6294f89d/element - {"using":"xpath","value":"//*[@id=\"__tile50\"]"}
RESULT: {"using":"xpath","value":"//*[@id=\"__tile50\"]"}
COMMAND: POST /session/673ee8da6ae2a3036ac170eb6294f89d/element/f.D876D0B9E4FB8B9E585720C2FE40BD5D.d.CB9A8713949076D809C867DB87710018.e.12776/click - {}
RESULT: {}
COMMAND: GET /session/673ee8da6ae2a3036ac170eb6294f89d/screenshot - {}
RESULT: {}
COMMAND: POST /session/673ee8da6ae2a3036ac170eb6294f89d/elements - {"using":"xpath","value":"//span[text()='Error']"}
RESULT: {"using":"xpath","value":"//span[text()='Error']"}
COMMAND: POST /session/673ee8da6ae2a3036ac170eb6294f89d/element - {"using":"xpath","value":"//input[contains(@id ,\"application-billingtransfer-display-component---billingWorkbench--smartFilterBar-btnBasicSearch\")]"}
RESULT: {"using":"xpath","value":"//input[contains(@id ,\"application-billingtransfer-display-component---billingWorkbench--smartFilterBar-btnBasicSearch\")]"}
COMMAND: POST /session/673ee8da6ae2a3036ac170eb6294f89d/elements - {"using":"xpath","value":"//input[contains(@id ,\"application-billingtransfer-display-component---billingWorkbench--smartFilterBar-btnBasicSearch\")]"}
RESULT: {"using":"xpath","value":"//input[contains(@id ,\"application-billingtransfer-display-component---billingWorkbench--smartFilterBar-btnBasicSearch\")]"}
COMMAND: POST /session/673ee8da6ae2a3036ac170eb6294f89d/execute/sync - {"script":"<script> [8489 bytes]","args":[{"element-6066-11e4-a52e-4f735466cecf":"f.D876D0B9E4FB8B9E585720C2FE40BD5D.d.CB9A8713949076D809C867DB87710018.e.16454","ELEMENT":"f.D876D0B9E4FB8B9E585720C2FE40BD5D.d.CB9A8713949076D809C867DB87710018.e.16454"}]}
RESULT: {"script":"<script> [8489 bytes]","args":[{"element-6066-11e4-a52e-4f735466cecf":"f.D876D0B9E4FB8B9E585720C2FE40BD5D.d.CB9A8713949076D809C867DB87710018.e.16454","ELEMENT":"f.D876D0B9E4FB8B9E585720C2FE40BD5D.d.CB9A8713949076D809C867DB87710018.e.16454"}]}
COMMAND: GET /session/673ee8da6ae2a3036ac170eb6294f89d/element/f.D876D0B9E4FB8B9E585720C2FE40BD5D.d.CB9A8713949076D809C867DB87710018.e.16454/enabled - {}
COMMAND: GET /session/673ee8da6ae2a3036ac170eb6294f89d/screenshot - {}
RESULT: {}
COMMAND: POST /session/673ee8da6ae2a3036ac170eb6294f89d/element/f.D876D0B9E4FB8B9E585720C2FE40BD5D.d.CB9A8713949076D809C867DB87710018.e.16454/click - {}
COMMAND: GET /session/673ee8da6ae2a3036ac170eb6294f89d/screenshot - {}
RESULT: {}
RESULT: {}
COMMAND: GET /session/673ee8da6ae2a3036ac170eb6294f89d/screenshot - {}
RESULT: {}
RESULT: {}
COMMAND: POST /session/673ee8da6ae2a3036ac170eb6294f89d/element/f.D876D0B9E4FB8B9E585720C2FE40BD5D.d.CB9A8713949076D809C867DB87710018.e.16454/clear - {}
RESULT: {}
COMMAND: POST /session/673ee8da6ae2a3036ac170eb6294f89d/element/f.D876D0B9E4FB8B9E585720C2FE40BD5D.d.CB9A8713949076D809C867DB87710018.e.16454/value - {"text":"10367"}
COMMAND: GET /session/673ee8da6ae2a3036ac170eb6294f89d/screenshot - {}
RESULT: {"text":"10367"}
COMMAND: POST /session/673ee8da6ae2a3036ac170eb6294f89d/actions - {"actions":[{"id":"action58","type":"key","parameters":{},"actions":[{"type":"keyDown","value":"î€‡"},{"type":"pause","duration":10},{"type":"keyUp","value":"î€‡"}]}]}
COMMAND: GET /session/673ee8da6ae2a3036ac170eb6294f89d/screenshot - {}
RESULT: {}
RESULT: {"actions":[{"id":"action58","type":"key","parameters":{},"actions":[{"type":"keyDown","value":"î€‡"},{"type":"pause","duration":10},{"type":"keyUp","value":"î€‡"}]}]}
COMMAND: GET /session/673ee8da6ae2a3036ac170eb6294f89d/screenshot - {}
RESULT: {}
RESULT: {}
COMMAND: POST /session/673ee8da6ae2a3036ac170eb6294f89d/element - {"using":"xpath","value":"//span[contains(@id ,\"application-billingtransfer-display-component---billingWorkbench--smartTableBillingRuns-header-inner\")]"}
RESULT: {"using":"xpath","value":"//span[contains(@id ,\"application-billingtransfer-display-component---billingWorkbench--smartTableBillingRuns-header-inner\")]"}
COMMAND: POST /session/673ee8da6ae2a3036ac170eb6294f89d/elements - {"using":"xpath","value":"//span[contains(@id ,\"application-billingtransfer-display-component---billingWorkbench--smartTableBillingRuns-header-inner\")]"}
RESULT: {"using":"xpath","value":"//span[contains(@id ,\"application-billingtransfer-display-component---billingWorkbench--smartTableBillingRuns-header-inner\")]"}
COMMAND: POST /session/673ee8da6ae2a3036ac170eb6294f89d/execute/sync - {"script":"<script> [56 bytes]","args":[{"element-6066-11e4-a52e-4f735466cecf":"f.D876D0B9E4FB8B9E585720C2FE40BD5D.d.CB9A8713949076D809C867DB87710018.e.16677","ELEMENT":"f.D876D0B9E4FB8B9E585720C2FE40BD5D.d.CB9A8713949076D809C867DB87710018.e.16677"}]}
RESULT: {"script":"<script> [56 bytes]","args":[{"element-6066-11e4-a52e-4f735466cecf":"f.D876D0B9E4FB8B9E585720C2FE40BD5D.d.CB9A8713949076D809C867DB87710018.e.16677","ELEMENT":"f.D876D0B9E4FB8B9E585720C2FE40BD5D.d.CB9A8713949076D809C867DB87710018.e.16677"}]}
COMMAND: POST /session/673ee8da6ae2a3036ac170eb6294f89d/element - {"using":"xpath","value":"//td[@aria-colindex=\"1\"]/div/div[contains(@class, \"sapMCbBg\")]"}
COMMAND: GET /session/673ee8da6ae2a3036ac170eb6294f89d/screenshot - {}
RESULT: {"using":"xpath","value":"//td[@aria-colindex=\"1\"]/div/div[contains(@class, \"sapMCbBg\")]"}
COMMAND: POST /session/673ee8da6ae2a3036ac170eb6294f89d/element/f.D876D0B9E4FB8B9E585720C2FE40BD5D.d.CB9A8713949076D809C867DB87710018.e.16668/click - {}
RESULT: {}
RESULT: {}
COMMAND: GET /session/673ee8da6ae2a3036ac170eb6294f89d/screenshot - {}
RESULT: {}
COMMAND: POST /session/673ee8da6ae2a3036ac170eb6294f89d/element - {"using":"xpath","value":"//bdi[contains(text(), \"Check\")]"}
RESULT: {"using":"xpath","value":"//bdi[contains(text(), \"Check\")]"}
COMMAND: POST /session/673ee8da6ae2a3036ac170eb6294f89d/element/f.D876D0B9E4FB8B9E585720C2FE40BD5D.d.CB9A8713949076D809C867DB87710018.e.16678/click - {}
RESULT: {}
COMMAND: GET /session/673ee8da6ae2a3036ac170eb6294f89d/screenshot - {}
RESULT: {}
COMMAND: POST /session/673ee8da6ae2a3036ac170eb6294f89d/element - {"using":"xpath","value":"//bdi[contains(text(), \"OK\")]"}
RESULT: {"using":"xpath","value":"//bdi[contains(text(), \"OK\")]"}
COMMAND: POST /session/673ee8da6ae2a3036ac170eb6294f89d/element/f.D876D0B9E4FB8B9E585720C2FE40BD5D.d.CB9A8713949076D809C867DB87710018.e.16681/click - {}
RESULT: {}
COMMAND: GET /session/673ee8da6ae2a3036ac170eb6294f89d/screenshot - {}
RESULT: {}
COMMAND: POST /session/673ee8da6ae2a3036ac170eb6294f89d/element - {"using":"xpath","value":"(//span[contains(text(), \"CO/SD checked\")]/parent::div/preceding-sibling::div/span)[1]"}
RESULT: {"using":"xpath","value":"(//span[contains(text(), \"CO/SD checked\")]/parent::div/preceding-sibling::div/span)[1]"}
COMMAND: POST /session/673ee8da6ae2a3036ac170eb6294f89d/element/f.D876D0B9E4FB8B9E585720C2FE40BD5D.d.CB9A8713949076D809C867DB87710018.e.16682/click - {}
RESULT: {}
COMMAND: GET /session/673ee8da6ae2a3036ac170eb6294f89d/screenshot - {}
RESULT: {}
COMMAND: POST /session/673ee8da6ae2a3036ac170eb6294f89d/element - {"using":"xpath","value":"//input[contains(@id ,\"application-billingtransfer-display-component---billingWorkbench--smartFilterBar-btnBasicSearch\")]"}
RESULT: {"using":"xpath","value":"//input[contains(@id ,\"application-billingtransfer-display-component---billingWorkbench--smartFilterBar-btnBasicSearch\")]"}
COMMAND: POST /session/673ee8da6ae2a3036ac170eb6294f89d/elements - {"using":"xpath","value":"//input[contains(@id ,\"application-billingtransfer-display-component---billingWorkbench--smartFilterBar-btnBasicSearch\")]"}
RESULT: {"using":"xpath","value":"//input[contains(@id ,\"application-billingtransfer-display-component---billingWorkbench--smartFilterBar-btnBasicSearch\")]"}
COMMAND: POST /session/673ee8da6ae2a3036ac170eb6294f89d/execute/sync - {"script":"<script> [8489 bytes]","args":[{"element-6066-11e4-a52e-4f735466cecf":"f.D876D0B9E4FB8B9E585720C2FE40BD5D.d.CB9A8713949076D809C867DB87710018.e.16454","ELEMENT":"f.D876D0B9E4FB8B9E585720C2FE40BD5D.d.CB9A8713949076D809C867DB87710018.e.16454"}]}
RESULT: {"script":"<script> [8489 bytes]","args":[{"element-6066-11e4-a52e-4f735466cecf":"f.D876D0B9E4FB8B9E585720C2FE40BD5D.d.CB9A8713949076D809C867DB87710018.e.16454","ELEMENT":"f.D876D0B9E4FB8B9E585720C2FE40BD5D.d.CB9A8713949076D809C867DB87710018.e.16454"}]}
COMMAND: GET /session/673ee8da6ae2a3036ac170eb6294f89d/element/f.D876D0B9E4FB8B9E585720C2FE40BD5D.d.CB9A8713949076D809C867DB87710018.e.16454/enabled - {}
COMMAND: GET /session/673ee8da6ae2a3036ac170eb6294f89d/screenshot - {}
RESULT: {}
COMMAND: POST /session/673ee8da6ae2a3036ac170eb6294f89d/element/f.D876D0B9E4FB8B9E585720C2FE40BD5D.d.CB9A8713949076D809C867DB87710018.e.16454/click - {}
COMMAND: GET /session/673ee8da6ae2a3036ac170eb6294f89d/screenshot - {}
RESULT: {}
RESULT: {}
COMMAND: GET /session/673ee8da6ae2a3036ac170eb6294f89d/screenshot - {}
RESULT: {}
RESULT: {}
COMMAND: POST /session/673ee8da6ae2a3036ac170eb6294f89d/element/f.D876D0B9E4FB8B9E585720C2FE40BD5D.d.CB9A8713949076D809C867DB87710018.e.16454/clear - {}
RESULT: {}
COMMAND: POST /session/673ee8da6ae2a3036ac170eb6294f89d/element/f.D876D0B9E4FB8B9E585720C2FE40BD5D.d.CB9A8713949076D809C867DB87710018.e.16454/value - {"text":"10367"}
COMMAND: GET /session/673ee8da6ae2a3036ac170eb6294f89d/screenshot - {}
RESULT: {"text":"10367"}
COMMAND: POST /session/673ee8da6ae2a3036ac170eb6294f89d/actions - {"actions":[{"id":"action59","type":"key","parameters":{},"actions":[{"type":"keyDown","value":"î€‡"},{"type":"pause","duration":10},{"type":"keyUp","value":"î€‡"}]}]}
COMMAND: GET /session/673ee8da6ae2a3036ac170eb6294f89d/screenshot - {}
RESULT: {}
RESULT: {"actions":[{"id":"action59","type":"key","parameters":{},"actions":[{"type":"keyDown","value":"î€‡"},{"type":"pause","duration":10},{"type":"keyUp","value":"î€‡"}]}]}
COMMAND: GET /session/673ee8da6ae2a3036ac170eb6294f89d/screenshot - {}
COMMAND: POST /session/673ee8da6ae2a3036ac170eb6294f89d/element - {"using":"xpath","value":"//span[contains(@id ,\"application-billingtransfer-display-component---billingWorkbench--smartTableBillingRuns-header-inner\")]"}
RESULT: {}
RESULT: {}
RESULT: {"using":"xpath","value":"//span[contains(@id ,\"application-billingtransfer-display-component---billingWorkbench--smartTableBillingRuns-header-inner\")]"}
COMMAND: POST /session/673ee8da6ae2a3036ac170eb6294f89d/elements - {"using":"xpath","value":"//span[contains(@id ,\"application-billingtransfer-display-component---billingWorkbench--smartTableBillingRuns-header-inner\")]"}
RESULT: {"using":"xpath","value":"//span[contains(@id ,\"application-billingtransfer-display-component---billingWorkbench--smartTableBillingRuns-header-inner\")]"}
COMMAND: POST /session/673ee8da6ae2a3036ac170eb6294f89d/execute/sync - {"script":"<script> [56 bytes]","args":[{"element-6066-11e4-a52e-4f735466cecf":"f.D876D0B9E4FB8B9E585720C2FE40BD5D.d.CB9A8713949076D809C867DB87710018.e.16677","ELEMENT":"f.D876D0B9E4FB8B9E585720C2FE40BD5D.d.CB9A8713949076D809C867DB87710018.e.16677"}]}
RESULT: {"script":"<script> [56 bytes]","args":[{"element-6066-11e4-a52e-4f735466cecf":"f.D876D0B9E4FB8B9E585720C2FE40BD5D.d.CB9A8713949076D809C867DB87710018.e.16677","ELEMENT":"f.D876D0B9E4FB8B9E585720C2FE40BD5D.d.CB9A8713949076D809C867DB87710018.e.16677"}]}
COMMAND: POST /session/673ee8da6ae2a3036ac170eb6294f89d/element - {"using":"xpath","value":"//td[@aria-colindex=\"1\"]/div/div[contains(@class, \"sapMCbBg\")]"}
COMMAND: GET /session/673ee8da6ae2a3036ac170eb6294f89d/screenshot - {}
RESULT: {"using":"xpath","value":"//td[@aria-colindex=\"1\"]/div/div[contains(@class, \"sapMCbBg\")]"}
COMMAND: POST /session/673ee8da6ae2a3036ac170eb6294f89d/element/f.D876D0B9E4FB8B9E585720C2FE40BD5D.d.CB9A8713949076D809C867DB87710018.e.16686/click - {}
RESULT: {}
RESULT: {}
COMMAND: GET /session/673ee8da6ae2a3036ac170eb6294f89d/screenshot - {}
RESULT: {}
COMMAND: POST /session/673ee8da6ae2a3036ac170eb6294f89d/element - {"using":"xpath","value":"//bdi[text()=\"Transfer\"]"}
RESULT: {"using":"xpath","value":"//bdi[text()=\"Transfer\"]"}
COMMAND: POST /session/673ee8da6ae2a3036ac170eb6294f89d/element/f.D876D0B9E4FB8B9E585720C2FE40BD5D.d.CB9A8713949076D809C867DB87710018.e.16687/click - {}
RESULT: {}
COMMAND: GET /session/673ee8da6ae2a3036ac170eb6294f89d/screenshot - {}
RESULT: {}
COMMAND: POST /session/673ee8da6ae2a3036ac170eb6294f89d/element - {"using":"xpath","value":"//bdi[contains(text(), \"OK\")]"}
RESULT: {"using":"xpath","value":"//bdi[contains(text(), \"OK\")]"}
COMMAND: POST /session/673ee8da6ae2a3036ac170eb6294f89d/element/f.D876D0B9E4FB8B9E585720C2FE40BD5D.d.CB9A8713949076D809C867DB87710018.e.16690/click - {}
RESULT: {}
COMMAND: GET /session/673ee8da6ae2a3036ac170eb6294f89d/screenshot - {}
RESULT: {}
COMMAND: POST /session/673ee8da6ae2a3036ac170eb6294f89d/element - {"using":"xpath","value":"(//span[contains(text(), \"Completed\")]/parent::div/preceding-sibling::div/span)[1]"}
RESULT: {"using":"xpath","value":"(//span[contains(text(), \"Completed\")]/parent::div/preceding-sibling::div/span)[1]"}
COMMAND: POST /session/673ee8da6ae2a3036ac170eb6294f89d/element/f.D876D0B9E4FB8B9E585720C2FE40BD5D.d.CB9A8713949076D809C867DB87710018.e.16698/click - {}
RESULT: {}
COMMAND: POST /session/673ee8da6ae2a3036ac170eb6294f89d/element - {"using":"xpath","value":"//input[contains(@id ,\"application-billingtransfer-display-component---billingWorkbench--smartFilterBar-btnBasicSearch\")]"}
COMMAND: GET /session/673ee8da6ae2a3036ac170eb6294f89d/screenshot - {}
RESULT: {"using":"xpath","value":"//input[contains(@id ,\"application-billingtransfer-display-component---billingWorkbench--smartFilterBar-btnBasicSearch\")]"}
COMMAND: POST /session/673ee8da6ae2a3036ac170eb6294f89d/elements - {"using":"xpath","value":"//input[contains(@id ,\"application-billingtransfer-display-component---billingWorkbench--smartFilterBar-btnBasicSearch\")]"}
RESULT: {}
RESULT: {"using":"xpath","value":"//input[contains(@id ,\"application-billingtransfer-display-component---billingWorkbench--smartFilterBar-btnBasicSearch\")]"}
COMMAND: POST /session/673ee8da6ae2a3036ac170eb6294f89d/execute/sync - {"script":"<script> [8489 bytes]","args":[{"element-6066-11e4-a52e-4f735466cecf":"f.D876D0B9E4FB8B9E585720C2FE40BD5D.d.CB9A8713949076D809C867DB87710018.e.16454","ELEMENT":"f.D876D0B9E4FB8B9E585720C2FE40BD5D.d.CB9A8713949076D809C867DB87710018.e.16454"}]}
RESULT: {"script":"<script> [8489 bytes]","args":[{"element-6066-11e4-a52e-4f735466cecf":"f.D876D0B9E4FB8B9E585720C2FE40BD5D.d.CB9A8713949076D809C867DB87710018.e.16454","ELEMENT":"f.D876D0B9E4FB8B9E585720C2FE40BD5D.d.CB9A8713949076D809C867DB87710018.e.16454"}]}
COMMAND: GET /session/673ee8da6ae2a3036ac170eb6294f89d/element/f.D876D0B9E4FB8B9E585720C2FE40BD5D.d.CB9A8713949076D809C867DB87710018.e.16454/enabled - {}
COMMAND: GET /session/673ee8da6ae2a3036ac170eb6294f89d/screenshot - {}
RESULT: {}
COMMAND: POST /session/673ee8da6ae2a3036ac170eb6294f89d/element/f.D876D0B9E4FB8B9E585720C2FE40BD5D.d.CB9A8713949076D809C867DB87710018.e.16454/click - {}
COMMAND: GET /session/673ee8da6ae2a3036ac170eb6294f89d/screenshot - {}
RESULT: {}
RESULT: {}
COMMAND: GET /session/673ee8da6ae2a3036ac170eb6294f89d/screenshot - {}
RESULT: {}
RESULT: {}
COMMAND: POST /session/673ee8da6ae2a3036ac170eb6294f89d/element/f.D876D0B9E4FB8B9E585720C2FE40BD5D.d.CB9A8713949076D809C867DB87710018.e.16454/clear - {}
RESULT: {}
COMMAND: POST /session/673ee8da6ae2a3036ac170eb6294f89d/element/f.D876D0B9E4FB8B9E585720C2FE40BD5D.d.CB9A8713949076D809C867DB87710018.e.16454/value - {"text":"10367"}
COMMAND: GET /session/673ee8da6ae2a3036ac170eb6294f89d/screenshot - {}
RESULT: {"text":"10367"}
COMMAND: POST /session/673ee8da6ae2a3036ac170eb6294f89d/actions - {"actions":[{"id":"action60","type":"key","parameters":{},"actions":[{"type":"keyDown","value":"î€‡"},{"type":"pause","duration":10},{"type":"keyUp","value":"î€‡"}]}]}
COMMAND: GET /session/673ee8da6ae2a3036ac170eb6294f89d/screenshot - {}
RESULT: {}
RESULT: {"actions":[{"id":"action60","type":"key","parameters":{},"actions":[{"type":"keyDown","value":"î€‡"},{"type":"pause","duration":10},{"type":"keyUp","value":"î€‡"}]}]}
COMMAND: GET /session/673ee8da6ae2a3036ac170eb6294f89d/screenshot - {}
RESULT: {}
RESULT: {}
COMMAND: POST /session/673ee8da6ae2a3036ac170eb6294f89d/element - {"using":"xpath","value":"//span[contains(@id ,\"application-billingtransfer-display-component---billingWorkbench--smartTableBillingRuns-header-inner\")]"}
RESULT: {"using":"xpath","value":"//span[contains(@id ,\"application-billingtransfer-display-component---billingWorkbench--smartTableBillingRuns-header-inner\")]"}
COMMAND: POST /session/673ee8da6ae2a3036ac170eb6294f89d/elements - {"using":"xpath","value":"//span[contains(@id ,\"application-billingtransfer-display-component---billingWorkbench--smartTableBillingRuns-header-inner\")]"}
RESULT: {"using":"xpath","value":"//span[contains(@id ,\"application-billingtransfer-display-component---billingWorkbench--smartTableBillingRuns-header-inner\")]"}
COMMAND: POST /session/673ee8da6ae2a3036ac170eb6294f89d/execute/sync - {"script":"<script> [56 bytes]","args":[{"element-6066-11e4-a52e-4f735466cecf":"f.D876D0B9E4FB8B9E585720C2FE40BD5D.d.CB9A8713949076D809C867DB87710018.e.16677","ELEMENT":"f.D876D0B9E4FB8B9E585720C2FE40BD5D.d.CB9A8713949076D809C867DB87710018.e.16677"}]}
RESULT: {"script":"<script> [56 bytes]","args":[{"element-6066-11e4-a52e-4f735466cecf":"f.D876D0B9E4FB8B9E585720C2FE40BD5D.d.CB9A8713949076D809C867DB87710018.e.16677","ELEMENT":"f.D876D0B9E4FB8B9E585720C2FE40BD5D.d.CB9A8713949076D809C867DB87710018.e.16677"}]}
COMMAND: GET /session/673ee8da6ae2a3036ac170eb6294f89d/screenshot - {}
RESULT: {}
COMMAND: POST /session/673ee8da6ae2a3036ac170eb6294f89d/execute/sync - {"script":"<script> [56 bytes]","args":[{"element-6066-11e4-a52e-4f735466cecf":"f.D876D0B9E4FB8B9E585720C2FE40BD5D.d.CB9A8713949076D809C867DB87710018.e.16677","ELEMENT":"f.D876D0B9E4FB8B9E585720C2FE40BD5D.d.CB9A8713949076D809C867DB87710018.e.16677"}]}
RESULT: {"script":"<script> [56 bytes]","args":[{"element-6066-11e4-a52e-4f735466cecf":"f.D876D0B9E4FB8B9E585720C2FE40BD5D.d.CB9A8713949076D809C867DB87710018.e.16677","ELEMENT":"f.D876D0B9E4FB8B9E585720C2FE40BD5D.d.CB9A8713949076D809C867DB87710018.e.16677"}]}
COMMAND: GET /session/673ee8da6ae2a3036ac170eb6294f89d/screenshot - {}
RESULT: {}
COMMAND: POST /session/673ee8da6ae2a3036ac170eb6294f89d/execute/sync - {"script":"<script> [56 bytes]","args":[{"element-6066-11e4-a52e-4f735466cecf":"f.D876D0B9E4FB8B9E585720C2FE40BD5D.d.CB9A8713949076D809C867DB87710018.e.16677","ELEMENT":"f.D876D0B9E4FB8B9E585720C2FE40BD5D.d.CB9A8713949076D809C867DB87710018.e.16677"}]}
RESULT: {"script":"<script> [56 bytes]","args":[{"element-6066-11e4-a52e-4f735466cecf":"f.D876D0B9E4FB8B9E585720C2FE40BD5D.d.CB9A8713949076D809C867DB87710018.e.16677","ELEMENT":"f.D876D0B9E4FB8B9E585720C2FE40BD5D.d.CB9A8713949076D809C867DB87710018.e.16677"}]}
COMMAND: GET /session/673ee8da6ae2a3036ac170eb6294f89d/screenshot - {}
RESULT: {}
COMMAND: POST /session/673ee8da6ae2a3036ac170eb6294f89d/execute/sync - {"script":"<script> [56 bytes]","args":[{"element-6066-11e4-a52e-4f735466cecf":"f.D876D0B9E4FB8B9E585720C2FE40BD5D.d.CB9A8713949076D809C867DB87710018.e.16677","ELEMENT":"f.D876D0B9E4FB8B9E585720C2FE40BD5D.d.CB9A8713949076D809C867DB87710018.e.16677"}]}
RESULT: {"script":"<script> [56 bytes]","args":[{"element-6066-11e4-a52e-4f735466cecf":"f.D876D0B9E4FB8B9E585720C2FE40BD5D.d.CB9A8713949076D809C867DB87710018.e.16677","ELEMENT":"f.D876D0B9E4FB8B9E585720C2FE40BD5D.d.CB9A8713949076D809C867DB87710018.e.16677"}]}
COMMAND: GET /session/673ee8da6ae2a3036ac170eb6294f89d/screenshot - {}
RESULT: {}
COMMAND: POST /session/673ee8da6ae2a3036ac170eb6294f89d/execute/sync - {"script":"<script> [56 bytes]","args":[{"element-6066-11e4-a52e-4f735466cecf":"f.D876D0B9E4FB8B9E585720C2FE40BD5D.d.CB9A8713949076D809C867DB87710018.e.16677","ELEMENT":"f.D876D0B9E4FB8B9E585720C2FE40BD5D.d.CB9A8713949076D809C867DB87710018.e.16677"}]}
RESULT: {"script":"<script> [56 bytes]","args":[{"element-6066-11e4-a52e-4f735466cecf":"f.D876D0B9E4FB8B9E585720C2FE40BD5D.d.CB9A8713949076D809C867DB87710018.e.16677","ELEMENT":"f.D876D0B9E4FB8B9E585720C2FE40BD5D.d.CB9A8713949076D809C867DB87710018.e.16677"}]}
COMMAND: GET /session/673ee8da6ae2a3036ac170eb6294f89d/screenshot - {}
RESULT: {}
COMMAND: POST /session/673ee8da6ae2a3036ac170eb6294f89d/execute/sync - {"script":"<script> [56 bytes]","args":[{"element-6066-11e4-a52e-4f735466cecf":"f.D876D0B9E4FB8B9E585720C2FE40BD5D.d.CB9A8713949076D809C867DB87710018.e.16677","ELEMENT":"f.D876D0B9E4FB8B9E585720C2FE40BD5D.d.CB9A8713949076D809C867DB87710018.e.16677"}]}
RESULT: {"script":"<script> [56 bytes]","args":[{"element-6066-11e4-a52e-4f735466cecf":"f.D876D0B9E4FB8B9E585720C2FE40BD5D.d.CB9A8713949076D809C867DB87710018.e.16677","ELEMENT":"f.D876D0B9E4FB8B9E585720C2FE40BD5D.d.CB9A8713949076D809C867DB87710018.e.16677"}]}
COMMAND: GET /session/673ee8da6ae2a3036ac170eb6294f89d/screenshot - {}
RESULT: {}
COMMAND: POST /session/673ee8da6ae2a3036ac170eb6294f89d/execute/sync - {"script":"<script> [56 bytes]","args":[{"element-6066-11e4-a52e-4f735466cecf":"f.D876D0B9E4FB8B9E585720C2FE40BD5D.d.CB9A8713949076D809C867DB87710018.e.16677","ELEMENT":"f.D876D0B9E4FB8B9E585720C2FE40BD5D.d.CB9A8713949076D809C867DB87710018.e.16677"}]}
RESULT: {"script":"<script> [56 bytes]","args":[{"element-6066-11e4-a52e-4f735466cecf":"f.D876D0B9E4FB8B9E585720C2FE40BD5D.d.CB9A8713949076D809C867DB87710018.e.16677","ELEMENT":"f.D876D0B9E4FB8B9E585720C2FE40BD5D.d.CB9A8713949076D809C867DB87710018.e.16677"}]}
COMMAND: POST /session/673ee8da6ae2a3036ac170eb6294f89d/element - {"using":"css selector","value":"#shell-header-logo"}
COMMAND: GET /session/673ee8da6ae2a3036ac170eb6294f89d/screenshot - {}
RESULT: {"using":"css selector","value":"#shell-header-logo"}
COMMAND: POST /session/673ee8da6ae2a3036ac170eb6294f89d/element/f.D876D0B9E4FB8B9E585720C2FE40BD5D.d.CB9A8713949076D809C867DB87710018.e.16452/click - {}
RESULT: {}
RESULT: {}
COMMAND: GET /session/673ee8da6ae2a3036ac170eb6294f89d/screenshot - {}
RESULT: {}
COMMAND: POST /session/673ee8da6ae2a3036ac170eb6294f89d/element - {"using":"css selector","value":"#j_username"}
COMMAND: POST /session/673ee8da6ae2a3036ac170eb6294f89d/url - {"url":"https://qa-testing-00-live-etm-ui.cfapps.eu10-004.hana.ondemand.com/"}
RESULT: {"using":"css selector","value":"#j_username"}
COMMAND: POST /session/673ee8da6ae2a3036ac170eb6294f89d/element - {"using":"css selector","value":"#j_username"}
RESULT: {"url":"https://qa-testing-00-live-etm-ui.cfapps.eu10-004.hana.ondemand.com/"}
RESULT: undefined
COMMAND: GET /session/673ee8da6ae2a3036ac170eb6294f89d/screenshot - {}
RESULT: {"using":"css selector","value":"#j_username"}
COMMAND: POST /session/673ee8da6ae2a3036ac170eb6294f89d/element - {"using":"css selector","value":"#shell-header-logo"}
RESULT: {}
RESULT: {"using":"css selector","value":"#shell-header-logo"}
COMMAND: POST /session/673ee8da6ae2a3036ac170eb6294f89d/execute/sync - {"script":"<script> [8489 bytes]","args":[{"element-6066-11e4-a52e-4f735466cecf":"f.D876D0B9E4FB8B9E585720C2FE40BD5D.d.6192B4C2B7A520527F4514144AAA180A.e.16713","ELEMENT":"f.D876D0B9E4FB8B9E585720C2FE40BD5D.d.6192B4C2B7A520527F4514144AAA180A.e.16713"}]}
RESULT: {"script":"<script> [8489 bytes]","args":[{"element-6066-11e4-a52e-4f735466cecf":"f.D876D0B9E4FB8B9E585720C2FE40BD5D.d.6192B4C2B7A520527F4514144AAA180A.e.16713","ELEMENT":"f.D876D0B9E4FB8B9E585720C2FE40BD5D.d.6192B4C2B7A520527F4514144AAA180A.e.16713"}]}
COMMAND: POST /session/673ee8da6ae2a3036ac170eb6294f89d/element - {"using":"css selector","value":"#shell-header-logo"}
COMMAND: GET /session/673ee8da6ae2a3036ac170eb6294f89d/screenshot - {}
RESULT: {"using":"css selector","value":"#shell-header-logo"}
COMMAND: POST /session/673ee8da6ae2a3036ac170eb6294f89d/execute/sync - {"script":"<script> [8489 bytes]","args":[{"element-6066-11e4-a52e-4f735466cecf":"f.D876D0B9E4FB8B9E585720C2FE40BD5D.d.6192B4C2B7A520527F4514144AAA180A.e.16713","ELEMENT":"f.D876D0B9E4FB8B9E585720C2FE40BD5D.d.6192B4C2B7A520527F4514144AAA180A.e.16713"}]}
RESULT: {}
RESULT: {"script":"<script> [8489 bytes]","args":[{"element-6066-11e4-a52e-4f735466cecf":"f.D876D0B9E4FB8B9E585720C2FE40BD5D.d.6192B4C2B7A520527F4514144AAA180A.e.16713","ELEMENT":"f.D876D0B9E4FB8B9E585720C2FE40BD5D.d.6192B4C2B7A520527F4514144AAA180A.e.16713"}]}
COMMAND: POST /session/673ee8da6ae2a3036ac170eb6294f89d/execute/sync - {"script":"<script> [5351 bytes]","args":[{"element-6066-11e4-a52e-4f735466cecf":"f.D876D0B9E4FB8B9E585720C2FE40BD5D.d.6192B4C2B7A520527F4514144AAA180A.e.16713","ELEMENT":"f.D876D0B9E4FB8B9E585720C2FE40BD5D.d.6192B4C2B7A520527F4514144AAA180A.e.16713"}]}
COMMAND: GET /session/673ee8da6ae2a3036ac170eb6294f89d/screenshot - {}
RESULT: {"script":"<script> [5351 bytes]","args":[{"element-6066-11e4-a52e-4f735466cecf":"f.D876D0B9E4FB8B9E585720C2FE40BD5D.d.6192B4C2B7A520527F4514144AAA180A.e.16713","ELEMENT":"f.D876D0B9E4FB8B9E585720C2FE40BD5D.d.6192B4C2B7A520527F4514144AAA180A.e.16713"}]}
COMMAND: POST /session/673ee8da6ae2a3036ac170eb6294f89d/element - {"using":"css selector","value":"#shell-header-logo"}
COMMAND: GET /session/673ee8da6ae2a3036ac170eb6294f89d/screenshot - {}
RESULT: {}
RESULT: {"using":"css selector","value":"#shell-header-logo"}
COMMAND: POST /session/673ee8da6ae2a3036ac170eb6294f89d/element/f.D876D0B9E4FB8B9E585720C2FE40BD5D.d.6192B4C2B7A520527F4514144AAA180A.e.16713/click - {}
RESULT: {}
RESULT: {}
COMMAND: GET /session/673ee8da6ae2a3036ac170eb6294f89d/screenshot - {}
RESULT: {}
COMMAND: POST /session/673ee8da6ae2a3036ac170eb6294f89d/execute/async - {"script":"<script> [189 bytes]","args":[]}
RESULT: {"script":"<script> [189 bytes]","args":[]}
COMMAND: POST /session/673ee8da6ae2a3036ac170eb6294f89d/execute/async - {"script":"<script> [123 bytes]","args":[]}
RESULT: {"script":"<script> [123 bytes]","args":[]}
COMMAND: POST /session/673ee8da6ae2a3036ac170eb6294f89d/timeouts - {"script":"<number>"}
RESULT: {"script":"<number>"}
COMMAND: GET /session/673ee8da6ae2a3036ac170eb6294f89d/timeouts - {}
RESULT: {}
RESULT: undefined
COMMAND: POST /session/673ee8da6ae2a3036ac170eb6294f89d/execute/async - {"script":"<script> [2676 bytes]","args":[]}
RESULT: {"script":"<script> [2676 bytes]","args":[]}
COMMAND: POST /session/673ee8da6ae2a3036ac170eb6294f89d/execute/async - {"script":"<script> [2342 bytes]","args":[{"protocol":"http","hostname":"0.0.0.0","path":"/","capabilities":{"browserName":"chrome","goog:chromeOptions":{"binary":"C:\\Program Files\\Google\\Chrome\\Application\\chrome.exe","args":["--start-maximized"]}},"logLevel":"warn","connectionRetryTimeout":120000,"connectionRetryCount":3,"logLevels":{},"enableDirectConnect":true,"strictSSL":true,"_":"65 more keys: [\"cacheDir\",\"port\",\"requestedCapabilities\",\"automationProtocol\",\"baseUrl\",\"waitforInterval\",\"waitforTimeout\",\"onReload\",\"beforeCommand\",\"afterCommand\",\"rootDir\",\"specs\",\"suites\",\"exclude\",\"groupLogsByTestSpec\",\"excludeDriverLogs\",\"bail\",\"framework\",\"reporters\",\"services\",\"maxInstances\",\"maxInstancesPerCapability\",\"injectGlobals\",\"filesToWatch\",\"execArgv\",\"runnerEnv\",\"runner\",\"shard\",\"specFileRetries\",\"specFileRetriesDelay\",\"specFileRetriesDeferred\",\"reporterSyncInterval\",\"reporterSyncTimeout\",\"cucumberFeaturesWithLineNumbers\",\"autoCompileOpts\",\"mochaOpts\",\"jasmineOpts\",\"cucumberOpts\",\"onPrepare\",\"onWorkerStart\",\"onWorkerEnd\",\"before\",\"beforeSession\",\"beforeSuite\",\"beforeHook\",\"beforeTest\",\"afterTest\",\"afterHook\",\"afterSuite\",\"afterSession\",\"after\",\"onComplete\",\"beforeAssertion\",\"afterAssertion\",\"beforeFeature\",\"beforeScenario\",\"beforeStep\",\"afterStep\",\"afterScenario\",\"afterFeature\",\"_\",\"suite\",\"$0\",\"ignoredWorkerServices\",\"wdi5\"]"}]}
RESULT: {"script":"<script> [2342 bytes]","args":[{"protocol":"http","hostname":"0.0.0.0","path":"/","capabilities":{"browserName":"chrome","goog:chromeOptions":{"binary":"C:\\Program Files\\Google\\Chrome\\Application\\chrome.exe","args":["--start-maximized"]}},"logLevel":"warn","connectionRetryTimeout":120000,"connectionRetryCount":3,"logLevels":{},"enableDirectConnect":true,"strictSSL":true,"_":"65 more keys: [\"cacheDir\",\"port\",\"requestedCapabilities\",\"automationProtocol\",\"baseUrl\",\"waitforInterval\",\"waitforTimeout\",\"onReload\",\"beforeCommand\",\"afterCommand\",\"rootDir\",\"specs\",\"suites\",\"exclude\",\"groupLogsByTestSpec\",\"excludeDriverLogs\",\"bail\",\"framework\",\"reporters\",\"services\",\"maxInstances\",\"maxInstancesPerCapability\",\"injectGlobals\",\"filesToWatch\",\"execArgv\",\"runnerEnv\",\"runner\",\"shard\",\"specFileRetries\",\"specFileRetriesDelay\",\"specFileRetriesDeferred\",\"reporterSyncInterval\",\"reporterSyncTimeout\",\"cucumberFeaturesWithLineNumbers\",\"autoCompileOpts\",\"mochaOpts\",\"jasmineOpts\",\"cucumberOpts\",\"onPrepare\",\"onWorkerStart\",\"onWorkerEnd\",\"before\",\"beforeSession\",\"beforeSuite\",\"beforeHook\",\"beforeTest\",\"afterTest\",\"afterHook\",\"afterSuite\",\"afterSession\",\"after\",\"onComplete\",\"beforeAssertion\",\"afterAssertion\",\"beforeFeature\",\"beforeScenario\",\"beforeStep\",\"afterStep\",\"afterScenario\",\"afterFeature\",\"_\",\"suite\",\"$0\",\"ignoredWorkerServices\",\"wdi5\"]"}]}
COMMAND: POST /session/673ee8da6ae2a3036ac170eb6294f89d/execute/async - {"script":"<script> [21126 bytes]","args":[35000]}
RESULT: {"script":"<script> [21126 bytes]","args":[35000]}
COMMAND: POST /session/673ee8da6ae2a3036ac170eb6294f89d/window/maximize - {}
RESULT: {}
COMMAND: POST /session/673ee8da6ae2a3036ac170eb6294f89d/execute/async - {"script":"<script> [1562 bytes]","args":[{"selector":{"id":"shell-header","interaction":{"idSuffix":"icon"}},"wdio_ui5_key":"shellheader"}]}
COMMAND: GET /session/673ee8da6ae2a3036ac170eb6294f89d/screenshot - {}
RESULT: {"script":"<script> [1562 bytes]","args":[{"selector":{"id":"shell-header","interaction":{"idSuffix":"icon"}},"wdio_ui5_key":"shellheader"}]}
RESULT: undefined
COMMAND: POST /session/673ee8da6ae2a3036ac170eb6294f89d/refresh - {}
RESULT: {}
RESULT: {}
COMMAND: GET /session/673ee8da6ae2a3036ac170eb6294f89d/screenshot - {}
RESULT: {}
COMMAND: POST /session/673ee8da6ae2a3036ac170eb6294f89d/refresh - {}
RESULT: {}
COMMAND: GET /session/673ee8da6ae2a3036ac170eb6294f89d/screenshot - {}
RESULT: {}
COMMAND: POST /session/673ee8da6ae2a3036ac170eb6294f89d/window/fullscreen - {}
RESULT: {}
COMMAND: POST /session/673ee8da6ae2a3036ac170eb6294f89d/execute/async - {"script":"<script> [189 bytes]","args":[]}
RESULT: {"script":"<script> [189 bytes]","args":[]}
COMMAND: POST /session/673ee8da6ae2a3036ac170eb6294f89d/execute/async - {"script":"<script> [123 bytes]","args":[]}
RESULT: {"script":"<script> [123 bytes]","args":[]}
COMMAND: POST /session/673ee8da6ae2a3036ac170eb6294f89d/timeouts - {"script":"<number>"}
RESULT: {"script":"<number>"}
COMMAND: GET /session/673ee8da6ae2a3036ac170eb6294f89d/timeouts - {}
RESULT: {}
RESULT: undefined
COMMAND: POST /session/673ee8da6ae2a3036ac170eb6294f89d/execute/async - {"script":"<script> [2676 bytes]","args":[]}
RESULT: {"script":"<script> [2676 bytes]","args":[]}
COMMAND: POST /session/673ee8da6ae2a3036ac170eb6294f89d/execute/async - {"script":"<script> [2342 bytes]","args":[{"protocol":"http","hostname":"0.0.0.0","path":"/","capabilities":{"browserName":"chrome","goog:chromeOptions":{"binary":"C:\\Program Files\\Google\\Chrome\\Application\\chrome.exe","args":["--start-maximized"]}},"logLevel":"warn","connectionRetryTimeout":120000,"connectionRetryCount":3,"logLevels":{},"enableDirectConnect":true,"strictSSL":true,"_":"65 more keys: [\"cacheDir\",\"port\",\"requestedCapabilities\",\"automationProtocol\",\"baseUrl\",\"waitforInterval\",\"waitforTimeout\",\"onReload\",\"beforeCommand\",\"afterCommand\",\"rootDir\",\"specs\",\"suites\",\"exclude\",\"groupLogsByTestSpec\",\"excludeDriverLogs\",\"bail\",\"framework\",\"reporters\",\"services\",\"maxInstances\",\"maxInstancesPerCapability\",\"injectGlobals\",\"filesToWatch\",\"execArgv\",\"runnerEnv\",\"runner\",\"shard\",\"specFileRetries\",\"specFileRetriesDelay\",\"specFileRetriesDeferred\",\"reporterSyncInterval\",\"reporterSyncTimeout\",\"cucumberFeaturesWithLineNumbers\",\"autoCompileOpts\",\"mochaOpts\",\"jasmineOpts\",\"cucumberOpts\",\"onPrepare\",\"onWorkerStart\",\"onWorkerEnd\",\"before\",\"beforeSession\",\"beforeSuite\",\"beforeHook\",\"beforeTest\",\"afterTest\",\"afterHook\",\"afterSuite\",\"afterSession\",\"after\",\"onComplete\",\"beforeAssertion\",\"afterAssertion\",\"beforeFeature\",\"beforeScenario\",\"beforeStep\",\"afterStep\",\"afterScenario\",\"afterFeature\",\"_\",\"suite\",\"$0\",\"ignoredWorkerServices\",\"wdi5\"]"}]}
RESULT: {"script":"<script> [2342 bytes]","args":[{"protocol":"http","hostname":"0.0.0.0","path":"/","capabilities":{"browserName":"chrome","goog:chromeOptions":{"binary":"C:\\Program Files\\Google\\Chrome\\Application\\chrome.exe","args":["--start-maximized"]}},"logLevel":"warn","connectionRetryTimeout":120000,"connectionRetryCount":3,"logLevels":{},"enableDirectConnect":true,"strictSSL":true,"_":"65 more keys: [\"cacheDir\",\"port\",\"requestedCapabilities\",\"automationProtocol\",\"baseUrl\",\"waitforInterval\",\"waitforTimeout\",\"onReload\",\"beforeCommand\",\"afterCommand\",\"rootDir\",\"specs\",\"suites\",\"exclude\",\"groupLogsByTestSpec\",\"excludeDriverLogs\",\"bail\",\"framework\",\"reporters\",\"services\",\"maxInstances\",\"maxInstancesPerCapability\",\"injectGlobals\",\"filesToWatch\",\"execArgv\",\"runnerEnv\",\"runner\",\"shard\",\"specFileRetries\",\"specFileRetriesDelay\",\"specFileRetriesDeferred\",\"reporterSyncInterval\",\"reporterSyncTimeout\",\"cucumberFeaturesWithLineNumbers\",\"autoCompileOpts\",\"mochaOpts\",\"jasmineOpts\",\"cucumberOpts\",\"onPrepare\",\"onWorkerStart\",\"onWorkerEnd\",\"before\",\"beforeSession\",\"beforeSuite\",\"beforeHook\",\"beforeTest\",\"afterTest\",\"afterHook\",\"afterSuite\",\"afterSession\",\"after\",\"onComplete\",\"beforeAssertion\",\"afterAssertion\",\"beforeFeature\",\"beforeScenario\",\"beforeStep\",\"afterStep\",\"afterScenario\",\"afterFeature\",\"_\",\"suite\",\"$0\",\"ignoredWorkerServices\",\"wdi5\"]"}]}
COMMAND: POST /session/673ee8da6ae2a3036ac170eb6294f89d/execute/async - {"script":"<script> [21126 bytes]","args":[35000]}
RESULT: {"script":"<script> [21126 bytes]","args":[35000]}
]]></system-out>
    </testcase>
  </testsuite>
  <testsuite timestamp="2025-05-18T18:09:05" time="650.296" tests="12" failures="0" errors="0" skipped="0">
    <properties>
      <property name="specId" value="0" />
      <property name="suiteName" value="Create Reverse Billing US127248" />
      <property name="capabilities" value="chrome.136_0_7103_93.windows" />
      <property name="file" value="file:///D:/a/1/s/test/specs/BTS/reverse-billing.spec.js" />
    </properties>
    <testcase classname="chrome.136_0_7103_93.windows.Create_Reverse_Billing_US127248" name="Should create a new yard" time="0.01">
      <system-out><![CDATA[
COMMAND: POST /session/673ee8da6ae2a3036ac170eb6294f89d/window/fullscreen - {}
RESULT: {}
]]></system-out>
    </testcase>
    <testcase classname="chrome.136_0_7103_93.windows.Create_Reverse_Billing_US127248" name="Should create a new partner" time="0.004" />
    <testcase classname="chrome.136_0_7103_93.windows.Create_Reverse_Billing_US127248" name="Should create a new site" time="0.005" />
    <testcase classname="chrome.136_0_7103_93.windows.Create_Reverse_Billing_US127248" name="Should create a resource" time="134.276">
      <system-out><![CDATA[
COMMAND: POST /session/673ee8da6ae2a3036ac170eb6294f89d/execute/async - {"script":"<script> [1562 bytes]","args":[{"selector":{"controlType":"sap.m.GenericTile","properties":{"header":"Manage Resources"}},"wdio_ui5_key":"sapm.GenericTile{\"header\":\"Manage Resources\"}"}]}
RESULT: {"script":"<script> [1562 bytes]","args":[{"selector":{"controlType":"sap.m.GenericTile","properties":{"header":"Manage Resources"}},"wdio_ui5_key":"sapm.GenericTile{\"header\":\"Manage Resources\"}"}]}
RESULT: undefined
COMMAND: POST /session/673ee8da6ae2a3036ac170eb6294f89d/element - {"using":"xpath","value":"//*[@id=\"__tile39\"]"}
RESULT: {"using":"xpath","value":"//*[@id=\"__tile39\"]"}
COMMAND: POST /session/673ee8da6ae2a3036ac170eb6294f89d/element/f.D876D0B9E4FB8B9E585720C2FE40BD5D.d.666699421E3115FE4552E6D239C6DA99.e.16867/click - {}
RESULT: {}
COMMAND: GET /session/673ee8da6ae2a3036ac170eb6294f89d/screenshot - {}
RESULT: {}
COMMAND: POST /session/673ee8da6ae2a3036ac170eb6294f89d/elements - {"using":"xpath","value":"//span[text()='Error']"}
RESULT: {"using":"xpath","value":"//span[text()='Error']"}
COMMAND: POST /session/673ee8da6ae2a3036ac170eb6294f89d/element - {"using":"xpath","value":"//button[@data-kt=\"addNewRUOverflowToolbarButton\"]"}
RESULT: {"using":"xpath","value":"//button[@data-kt=\"addNewRUOverflowToolbarButton\"]"}
COMMAND: POST /session/673ee8da6ae2a3036ac170eb6294f89d/elements - {"using":"xpath","value":"//button[@data-kt=\"addNewRUOverflowToolbarButton\"]"}
RESULT: {"using":"xpath","value":"//button[@data-kt=\"addNewRUOverflowToolbarButton\"]"}
COMMAND: POST /session/673ee8da6ae2a3036ac170eb6294f89d/elements - {"using":"xpath","value":"//button[@data-kt=\"addNewRUOverflowToolbarButton\"]"}
RESULT: {"using":"xpath","value":"//button[@data-kt=\"addNewRUOverflowToolbarButton\"]"}
COMMAND: POST /session/673ee8da6ae2a3036ac170eb6294f89d/elements - {"using":"xpath","value":"//button[@data-kt=\"addNewRUOverflowToolbarButton\"]"}
RESULT: {"using":"xpath","value":"//button[@data-kt=\"addNewRUOverflowToolbarButton\"]"}
COMMAND: POST /session/673ee8da6ae2a3036ac170eb6294f89d/elements - {"using":"xpath","value":"//button[@data-kt=\"addNewRUOverflowToolbarButton\"]"}
RESULT: {"using":"xpath","value":"//button[@data-kt=\"addNewRUOverflowToolbarButton\"]"}
COMMAND: POST /session/673ee8da6ae2a3036ac170eb6294f89d/elements - {"using":"xpath","value":"//button[@data-kt=\"addNewRUOverflowToolbarButton\"]"}
RESULT: {"using":"xpath","value":"//button[@data-kt=\"addNewRUOverflowToolbarButton\"]"}
COMMAND: POST /session/673ee8da6ae2a3036ac170eb6294f89d/elements - {"using":"xpath","value":"//button[@data-kt=\"addNewRUOverflowToolbarButton\"]"}
RESULT: {"using":"xpath","value":"//button[@data-kt=\"addNewRUOverflowToolbarButton\"]"}
COMMAND: POST /session/673ee8da6ae2a3036ac170eb6294f89d/elements - {"using":"xpath","value":"//button[@data-kt=\"addNewRUOverflowToolbarButton\"]"}
RESULT: {"using":"xpath","value":"//button[@data-kt=\"addNewRUOverflowToolbarButton\"]"}
COMMAND: POST /session/673ee8da6ae2a3036ac170eb6294f89d/elements - {"using":"xpath","value":"//button[@data-kt=\"addNewRUOverflowToolbarButton\"]"}
RESULT: {"using":"xpath","value":"//button[@data-kt=\"addNewRUOverflowToolbarButton\"]"}
COMMAND: POST /session/673ee8da6ae2a3036ac170eb6294f89d/elements - {"using":"xpath","value":"//button[@data-kt=\"addNewRUOverflowToolbarButton\"]"}
RESULT: {"using":"xpath","value":"//button[@data-kt=\"addNewRUOverflowToolbarButton\"]"}
COMMAND: POST /session/673ee8da6ae2a3036ac170eb6294f89d/elements - {"using":"xpath","value":"//button[@data-kt=\"addNewRUOverflowToolbarButton\"]"}
RESULT: {"using":"xpath","value":"//button[@data-kt=\"addNewRUOverflowToolbarButton\"]"}
COMMAND: POST /session/673ee8da6ae2a3036ac170eb6294f89d/elements - {"using":"xpath","value":"//button[@data-kt=\"addNewRUOverflowToolbarButton\"]"}
RESULT: {"using":"xpath","value":"//button[@data-kt=\"addNewRUOverflowToolbarButton\"]"}
COMMAND: POST /session/673ee8da6ae2a3036ac170eb6294f89d/elements - {"using":"xpath","value":"//button[@data-kt=\"addNewRUOverflowToolbarButton\"]"}
RESULT: {"using":"xpath","value":"//button[@data-kt=\"addNewRUOverflowToolbarButton\"]"}
COMMAND: POST /session/673ee8da6ae2a3036ac170eb6294f89d/element - {"using":"xpath","value":"//button[@data-kt=\"addNewRUOverflowToolbarButton\"]"}
RESULT: {"using":"xpath","value":"//button[@data-kt=\"addNewRUOverflowToolbarButton\"]"}
COMMAND: POST /session/673ee8da6ae2a3036ac170eb6294f89d/execute/sync - {"script":"<script> [8489 bytes]","args":[{"element-6066-11e4-a52e-4f735466cecf":"f.D876D0B9E4FB8B9E585720C2FE40BD5D.d.666699421E3115FE4552E6D239C6DA99.e.16999","ELEMENT":"f.D876D0B9E4FB8B9E585720C2FE40BD5D.d.666699421E3115FE4552E6D239C6DA99.e.16999"}]}
RESULT: {"script":"<script> [8489 bytes]","args":[{"element-6066-11e4-a52e-4f735466cecf":"f.D876D0B9E4FB8B9E585720C2FE40BD5D.d.666699421E3115FE4552E6D239C6DA99.e.16999","ELEMENT":"f.D876D0B9E4FB8B9E585720C2FE40BD5D.d.666699421E3115FE4552E6D239C6DA99.e.16999"}]}
COMMAND: GET /session/673ee8da6ae2a3036ac170eb6294f89d/element/f.D876D0B9E4FB8B9E585720C2FE40BD5D.d.666699421E3115FE4552E6D239C6DA99.e.16999/enabled - {}
COMMAND: GET /session/673ee8da6ae2a3036ac170eb6294f89d/screenshot - {}
RESULT: {}
COMMAND: POST /session/673ee8da6ae2a3036ac170eb6294f89d/execute/sync - {"script":"<script> [8489 bytes]","args":[{"element-6066-11e4-a52e-4f735466cecf":"f.D876D0B9E4FB8B9E585720C2FE40BD5D.d.666699421E3115FE4552E6D239C6DA99.e.16999","ELEMENT":"f.D876D0B9E4FB8B9E585720C2FE40BD5D.d.666699421E3115FE4552E6D239C6DA99.e.16999"}]}
COMMAND: GET /session/673ee8da6ae2a3036ac170eb6294f89d/screenshot - {}
RESULT: {}
RESULT: {"script":"<script> [8489 bytes]","args":[{"element-6066-11e4-a52e-4f735466cecf":"f.D876D0B9E4FB8B9E585720C2FE40BD5D.d.666699421E3115FE4552E6D239C6DA99.e.16999","ELEMENT":"f.D876D0B9E4FB8B9E585720C2FE40BD5D.d.666699421E3115FE4552E6D239C6DA99.e.16999"}]}
COMMAND: POST /session/673ee8da6ae2a3036ac170eb6294f89d/execute/sync - {"script":"<script> [5351 bytes]","args":[{"element-6066-11e4-a52e-4f735466cecf":"f.D876D0B9E4FB8B9E585720C2FE40BD5D.d.666699421E3115FE4552E6D239C6DA99.e.16999","ELEMENT":"f.D876D0B9E4FB8B9E585720C2FE40BD5D.d.666699421E3115FE4552E6D239C6DA99.e.16999"}]}
COMMAND: GET /session/673ee8da6ae2a3036ac170eb6294f89d/screenshot - {}
RESULT: {}
RESULT: {"script":"<script> [5351 bytes]","args":[{"element-6066-11e4-a52e-4f735466cecf":"f.D876D0B9E4FB8B9E585720C2FE40BD5D.d.666699421E3115FE4552E6D239C6DA99.e.16999","ELEMENT":"f.D876D0B9E4FB8B9E585720C2FE40BD5D.d.666699421E3115FE4552E6D239C6DA99.e.16999"}]}
COMMAND: POST /session/673ee8da6ae2a3036ac170eb6294f89d/element/f.D876D0B9E4FB8B9E585720C2FE40BD5D.d.666699421E3115FE4552E6D239C6DA99.e.16999/click - {}
COMMAND: GET /session/673ee8da6ae2a3036ac170eb6294f89d/screenshot - {}
RESULT: {}
RESULT: {}
COMMAND: GET /session/673ee8da6ae2a3036ac170eb6294f89d/screenshot - {}
RESULT: {}
RESULT: {}
COMMAND: POST /session/673ee8da6ae2a3036ac170eb6294f89d/execute/async - {"script":"<script> [1562 bytes]","args":[{"selector":{"id":"application-manageresources-display-component---newResourceUnit--TYPE-arrow"},"wdio_ui5_key":"applicationmanageresources-display-component---newResourceUnit--TYPE-arrow"}]}
RESULT: {"script":"<script> [1562 bytes]","args":[{"selector":{"id":"application-manageresources-display-component---newResourceUnit--TYPE-arrow"},"wdio_ui5_key":"applicationmanageresources-display-component---newResourceUnit--TYPE-arrow"}]}
RESULT: undefined
COMMAND: POST /session/673ee8da6ae2a3036ac170eb6294f89d/element - {"using":"xpath","value":"//*[@id=\"application-manageresources-display-component---newResourceUnit--TYPE-arrow\"]"}
RESULT: {"using":"xpath","value":"//*[@id=\"application-manageresources-display-component---newResourceUnit--TYPE-arrow\"]"}
COMMAND: POST /session/673ee8da6ae2a3036ac170eb6294f89d/element/f.D876D0B9E4FB8B9E585720C2FE40BD5D.d.666699421E3115FE4552E6D239C6DA99.e.17361/click - {}
RESULT: {}
COMMAND: POST /session/673ee8da6ae2a3036ac170eb6294f89d/element - {"using":"xpath","value":"//input[@id=\"application-manageresources-display-component---newResourceUnit--TYPE-inner\"]"}
COMMAND: GET /session/673ee8da6ae2a3036ac170eb6294f89d/screenshot - {}
RESULT: {"using":"xpath","value":"//input[@id=\"application-manageresources-display-component---newResourceUnit--TYPE-inner\"]"}
COMMAND: POST /session/673ee8da6ae2a3036ac170eb6294f89d/element/f.D876D0B9E4FB8B9E585720C2FE40BD5D.d.666699421E3115FE4552E6D239C6DA99.e.17353/clear - {}
RESULT: {}
RESULT: {}
COMMAND: POST /session/673ee8da6ae2a3036ac170eb6294f89d/element/f.D876D0B9E4FB8B9E585720C2FE40BD5D.d.666699421E3115FE4552E6D239C6DA99.e.17353/value - {"text":"Equipment"}
COMMAND: GET /session/673ee8da6ae2a3036ac170eb6294f89d/screenshot - {}
RESULT: {"text":"Equipment"}
COMMAND: GET /session/673ee8da6ae2a3036ac170eb6294f89d/screenshot - {}
RESULT: {}
RESULT: {}
COMMAND: POST /session/673ee8da6ae2a3036ac170eb6294f89d/actions - {"actions":[{"id":"action61","type":"key","parameters":{},"actions":[{"type":"keyDown","value":"î€‡"},{"type":"pause","duration":10},{"type":"keyUp","value":"î€‡"}]}]}
RESULT: {"actions":[{"id":"action61","type":"key","parameters":{},"actions":[{"type":"keyDown","value":"î€‡"},{"type":"pause","duration":10},{"type":"keyUp","value":"î€‡"}]}]}
COMMAND: POST /session/673ee8da6ae2a3036ac170eb6294f89d/execute/async - {"script":"<script> [1562 bytes]","args":[{"selector":{"id":"application-manageresources-display-component---newResourceUnit--resourceId","interaction":{"idSuffix":"inner"}},"wdio_ui5_key":"applicationmanageresources-display-component---newResourceUnit--resourceId"}]}
COMMAND: GET /session/673ee8da6ae2a3036ac170eb6294f89d/screenshot - {}
RESULT: {"script":"<script> [1562 bytes]","args":[{"selector":{"id":"application-manageresources-display-component---newResourceUnit--resourceId","interaction":{"idSuffix":"inner"}},"wdio_ui5_key":"applicationmanageresources-display-component---newResourceUnit--resourceId"}]}
RESULT: undefined
COMMAND: POST /session/673ee8da6ae2a3036ac170eb6294f89d/execute/async - {"script":"<script> [776 bytes]","args":[{"enterText":"mmIZmQN6vz","selector":{"id":"application-manageresources-display-component---newResourceUnit--resourceId","interaction":{"idSuffix":"inner"}},"clearTextFirst":true,"interactionType":"ENTER_TEXT"}]}
RESULT: {}
RESULT: {"script":"<script> [776 bytes]","args":[{"enterText":"mmIZmQN6vz","selector":{"id":"application-manageresources-display-component---newResourceUnit--resourceId","interaction":{"idSuffix":"inner"}},"clearTextFirst":true,"interactionType":"ENTER_TEXT"}]}
COMMAND: POST /session/673ee8da6ae2a3036ac170eb6294f89d/execute/async - {"script":"<script> [1562 bytes]","args":[{"selector":{"id":"application-manageresources-display-component---newResourceUnit--SHORT_TEXT","interaction":{"idSuffix":"inner"}},"wdio_ui5_key":"applicationmanageresources-display-component---newResourceUnit--SHORT_TEXT"}]}
RESULT: {"script":"<script> [1562 bytes]","args":[{"selector":{"id":"application-manageresources-display-component---newResourceUnit--SHORT_TEXT","interaction":{"idSuffix":"inner"}},"wdio_ui5_key":"applicationmanageresources-display-component---newResourceUnit--SHORT_TEXT"}]}
RESULT: undefined
COMMAND: POST /session/673ee8da6ae2a3036ac170eb6294f89d/execute/async - {"script":"<script> [776 bytes]","args":[{"enterText":"Intercompany Equipment WDIO","selector":{"id":"application-manageresources-display-component---newResourceUnit--SHORT_TEXT","interaction":{"idSuffix":"inner"}},"clearTextFirst":true,"interactionType":"ENTER_TEXT"}]}
RESULT: {"script":"<script> [776 bytes]","args":[{"enterText":"Intercompany Equipment WDIO","selector":{"id":"application-manageresources-display-component---newResourceUnit--SHORT_TEXT","interaction":{"idSuffix":"inner"}},"clearTextFirst":true,"interactionType":"ENTER_TEXT"}]}
COMMAND: POST /session/673ee8da6ae2a3036ac170eb6294f89d/execute/async - {"script":"<script> [1562 bytes]","args":[{"selector":{"id":"application-manageresources-display-component---newResourceUnit--BASE_UNIT_OF_MEASURE","interaction":{"idSuffix":"inner"}},"wdio_ui5_key":"applicationmanageresources-display-component---newResourceUnit--BASE_UNIT_OF_MEASURE"}]}
RESULT: {"script":"<script> [1562 bytes]","args":[{"selector":{"id":"application-manageresources-display-component---newResourceUnit--BASE_UNIT_OF_MEASURE","interaction":{"idSuffix":"inner"}},"wdio_ui5_key":"applicationmanageresources-display-component---newResourceUnit--BASE_UNIT_OF_MEASURE"}]}
RESULT: undefined
COMMAND: POST /session/673ee8da6ae2a3036ac170eb6294f89d/execute/async - {"script":"<script> [776 bytes]","args":[{"enterText":"Piece","selector":{"id":"application-manageresources-display-component---newResourceUnit--BASE_UNIT_OF_MEASURE","interaction":{"idSuffix":"inner"}},"clearTextFirst":true,"interactionType":"ENTER_TEXT"}]}
RESULT: {"script":"<script> [776 bytes]","args":[{"enterText":"Piece","selector":{"id":"application-manageresources-display-component---newResourceUnit--BASE_UNIT_OF_MEASURE","interaction":{"idSuffix":"inner"}},"clearTextFirst":true,"interactionType":"ENTER_TEXT"}]}
COMMAND: POST /session/673ee8da6ae2a3036ac170eb6294f89d/execute/async - {"script":"<script> [1562 bytes]","args":[{"selector":{"id":"application-manageresources-display-component---newResourceUnit--WEIGHT_UNIT","interaction":{"idSuffix":"inner"}},"wdio_ui5_key":"applicationmanageresources-display-component---newResourceUnit--WEIGHT_UNIT"}]}
RESULT: {"script":"<script> [1562 bytes]","args":[{"selector":{"id":"application-manageresources-display-component---newResourceUnit--WEIGHT_UNIT","interaction":{"idSuffix":"inner"}},"wdio_ui5_key":"applicationmanageresources-display-component---newResourceUnit--WEIGHT_UNIT"}]}
RESULT: undefined
COMMAND: POST /session/673ee8da6ae2a3036ac170eb6294f89d/execute/async - {"script":"<script> [776 bytes]","args":[{"enterText":"Gram","selector":{"id":"application-manageresources-display-component---newResourceUnit--WEIGHT_UNIT","interaction":{"idSuffix":"inner"}},"clearTextFirst":true,"interactionType":"ENTER_TEXT"}]}
RESULT: {"script":"<script> [776 bytes]","args":[{"enterText":"Gram","selector":{"id":"application-manageresources-display-component---newResourceUnit--WEIGHT_UNIT","interaction":{"idSuffix":"inner"}},"clearTextFirst":true,"interactionType":"ENTER_TEXT"}]}
COMMAND: POST /session/673ee8da6ae2a3036ac170eb6294f89d/execute/async - {"script":"<script> [1562 bytes]","args":[{"selector":{"id":"application-manageresources-display-component---newResourceUnit--DIMENSION_UNIT","interaction":{"idSuffix":"inner"}},"wdio_ui5_key":"applicationmanageresources-display-component---newResourceUnit--DIMENSION_UNIT"}]}
RESULT: {"script":"<script> [1562 bytes]","args":[{"selector":{"id":"application-manageresources-display-component---newResourceUnit--DIMENSION_UNIT","interaction":{"idSuffix":"inner"}},"wdio_ui5_key":"applicationmanageresources-display-component---newResourceUnit--DIMENSION_UNIT"}]}
RESULT: undefined
COMMAND: POST /session/673ee8da6ae2a3036ac170eb6294f89d/execute/async - {"script":"<script> [776 bytes]","args":[{"enterText":"Meter","selector":{"id":"application-manageresources-display-component---newResourceUnit--DIMENSION_UNIT","interaction":{"idSuffix":"inner"}},"clearTextFirst":true,"interactionType":"ENTER_TEXT"}]}
RESULT: {"script":"<script> [776 bytes]","args":[{"enterText":"Meter","selector":{"id":"application-manageresources-display-component---newResourceUnit--DIMENSION_UNIT","interaction":{"idSuffix":"inner"}},"clearTextFirst":true,"interactionType":"ENTER_TEXT"}]}
COMMAND: POST /session/673ee8da6ae2a3036ac170eb6294f89d/execute/async - {"script":"<script> [1562 bytes]","args":[{"selector":{"id":"application-manageresources-display-component---newResourceUnit--newRRUPage-anchBar-application-manageresources-display-component---newResourceUnit--control-anchor","interaction":{"idSuffix":"BDI-content"}},"wdio_ui5_key":"applicationmanageresources-display-component---newResourceUnit--newRRUPage-anchBar-application-manageresources-display-component---newResourceUnit--control-anchor"}]}
RESULT: {"script":"<script> [1562 bytes]","args":[{"selector":{"id":"application-manageresources-display-component---newResourceUnit--newRRUPage-anchBar-application-manageresources-display-component---newResourceUnit--control-anchor","interaction":{"idSuffix":"BDI-content"}},"wdio_ui5_key":"applicationmanageresources-display-component---newResourceUnit--newRRUPage-anchBar-application-manageresources-display-component---newResourceUnit--control-anchor"}]}
RESULT: undefined
COMMAND: POST /session/673ee8da6ae2a3036ac170eb6294f89d/element - {"using":"xpath","value":"//*[@id=\"application-manageresources-display-component---newResourceUnit--newRRUPage-anchBar-application-manageresources-display-component---newResourceUnit--control-anchor\"]"}
RESULT: {"using":"xpath","value":"//*[@id=\"application-manageresources-display-component---newResourceUnit--newRRUPage-anchBar-application-manageresources-display-component---newResourceUnit--control-anchor\"]"}
COMMAND: POST /session/673ee8da6ae2a3036ac170eb6294f89d/element/f.D876D0B9E4FB8B9E585720C2FE40BD5D.d.666699421E3115FE4552E6D239C6DA99.e.17493/click - {}
RESULT: {}
COMMAND: POST /session/673ee8da6ae2a3036ac170eb6294f89d/execute/async - {"script":"<script> [1562 bytes]","args":[{"selector":{"id":"application-manageresources-display-component---newResourceUnit--PLANNING_GROUP","interaction":{"idSuffix":"inner"}},"wdio_ui5_key":"applicationmanageresources-display-component---newResourceUnit--PLANNING_GROUP"}]}
COMMAND: GET /session/673ee8da6ae2a3036ac170eb6294f89d/screenshot - {}
RESULT: {"script":"<script> [1562 bytes]","args":[{"selector":{"id":"application-manageresources-display-component---newResourceUnit--PLANNING_GROUP","interaction":{"idSuffix":"inner"}},"wdio_ui5_key":"applicationmanageresources-display-component---newResourceUnit--PLANNING_GROUP"}]}
RESULT: undefined
COMMAND: POST /session/673ee8da6ae2a3036ac170eb6294f89d/execute/async - {"script":"<script> [776 bytes]","args":[{"enterText":"Heavy Equi","selector":{"id":"application-manageresources-display-component---newResourceUnit--PLANNING_GROUP","interaction":{"idSuffix":"inner"}},"clearTextFirst":true,"interactionType":"ENTER_TEXT"}]}
RESULT: {}
RESULT: {"script":"<script> [776 bytes]","args":[{"enterText":"Heavy Equi","selector":{"id":"application-manageresources-display-component---newResourceUnit--PLANNING_GROUP","interaction":{"idSuffix":"inner"}},"clearTextFirst":true,"interactionType":"ENTER_TEXT"}]}
COMMAND: POST /session/673ee8da6ae2a3036ac170eb6294f89d/execute/async - {"script":"<script> [1562 bytes]","args":[{"selector":{"id":"application-manageresources-display-component---newResourceUnit--ITEM_TYPE-arrow"},"wdio_ui5_key":"applicationmanageresources-display-component---newResourceUnit--ITEM_TYPE-arrow"}]}
RESULT: {"script":"<script> [1562 bytes]","args":[{"selector":{"id":"application-manageresources-display-component---newResourceUnit--ITEM_TYPE-arrow"},"wdio_ui5_key":"applicationmanageresources-display-component---newResourceUnit--ITEM_TYPE-arrow"}]}
RESULT: undefined
COMMAND: POST /session/673ee8da6ae2a3036ac170eb6294f89d/element - {"using":"xpath","value":"//*[@id=\"application-manageresources-display-component---newResourceUnit--ITEM_TYPE-arrow\"]"}
RESULT: {"using":"xpath","value":"//*[@id=\"application-manageresources-display-component---newResourceUnit--ITEM_TYPE-arrow\"]"}
COMMAND: POST /session/673ee8da6ae2a3036ac170eb6294f89d/element/f.D876D0B9E4FB8B9E585720C2FE40BD5D.d.666699421E3115FE4552E6D239C6DA99.e.17502/click - {}
RESULT: {}
COMMAND: POST /session/673ee8da6ae2a3036ac170eb6294f89d/element - {"using":"xpath","value":"(//span[contains(text(), \"Resource Unit\")])[2]"}
COMMAND: GET /session/673ee8da6ae2a3036ac170eb6294f89d/screenshot - {}
RESULT: {"using":"xpath","value":"(//span[contains(text(), \"Resource Unit\")])[2]"}
COMMAND: POST /session/673ee8da6ae2a3036ac170eb6294f89d/element/f.D876D0B9E4FB8B9E585720C2FE40BD5D.d.666699421E3115FE4552E6D239C6DA99.e.17503/click - {}
RESULT: {}
RESULT: {}
COMMAND: GET /session/673ee8da6ae2a3036ac170eb6294f89d/screenshot - {}
RESULT: {}
COMMAND: POST /session/673ee8da6ae2a3036ac170eb6294f89d/element - {"using":"css selector","value":"#application-manageresources-display-component---newResourceUnit--btnAddTimeSegment"}
RESULT: {"using":"css selector","value":"#application-manageresources-display-component---newResourceUnit--btnAddTimeSegment"}
COMMAND: GET /session/673ee8da6ae2a3036ac170eb6294f89d/element/f.D876D0B9E4FB8B9E585720C2FE40BD5D.d.666699421E3115FE4552E6D239C6DA99.e.17504/rect - {}
RESULT: {}
COMMAND: GET /session/673ee8da6ae2a3036ac170eb6294f89d/window/rect - {}
RESULT: {}
COMMAND: POST /session/673ee8da6ae2a3036ac170eb6294f89d/execute/sync - {"script":"<script> [92 bytes]","args":[]}
RESULT: {"script":"<script> [92 bytes]","args":[]}
COMMAND: POST /session/673ee8da6ae2a3036ac170eb6294f89d/actions - {"actions":[{"id":"action62","type":"wheel","parameters":{},"actions":[{"type":"scroll","x":-1888,"y":-32,"deltaX":0,"deltaY":0,"duration":0,"origin":{"element-6066-11e4-a52e-4f735466cecf":"f.D876D0B9E4FB8B9E585720C2FE40BD5D.d.666699421E3115FE4552E6D239C6DA99.e.17504"}}]}]}
COMMAND: GET /session/673ee8da6ae2a3036ac170eb6294f89d/screenshot - {}
RESULT: {}
COMMAND: POST /session/673ee8da6ae2a3036ac170eb6294f89d/execute/sync - {"script":"<script> [79 bytes]","args":[{"element-6066-11e4-a52e-4f735466cecf":"f.D876D0B9E4FB8B9E585720C2FE40BD5D.d.666699421E3115FE4552E6D239C6DA99.e.17504","ELEMENT":"f.D876D0B9E4FB8B9E585720C2FE40BD5D.d.666699421E3115FE4552E6D239C6DA99.e.17504"},{"block":"start","inline":"nearest"}]}
RESULT: {"script":"<script> [79 bytes]","args":[{"element-6066-11e4-a52e-4f735466cecf":"f.D876D0B9E4FB8B9E585720C2FE40BD5D.d.666699421E3115FE4552E6D239C6DA99.e.17504","ELEMENT":"f.D876D0B9E4FB8B9E585720C2FE40BD5D.d.666699421E3115FE4552E6D239C6DA99.e.17504"},{"block":"start","inline":"nearest"}]}
COMMAND: POST /session/673ee8da6ae2a3036ac170eb6294f89d/execute/async - {"script":"<script> [1562 bytes]","args":[{"selector":{"id":"application-manageresources-display-component---newResourceUnit--btnAddTimeSegment","interaction":{"idSuffix":"inner"}},"wdio_ui5_key":"applicationmanageresources-display-component---newResourceUnit--btnAddTimeSegment"}]}
COMMAND: GET /session/673ee8da6ae2a3036ac170eb6294f89d/screenshot - {}
RESULT: {"script":"<script> [1562 bytes]","args":[{"selector":{"id":"application-manageresources-display-component---newResourceUnit--btnAddTimeSegment","interaction":{"idSuffix":"inner"}},"wdio_ui5_key":"applicationmanageresources-display-component---newResourceUnit--btnAddTimeSegment"}]}
RESULT: undefined
COMMAND: POST /session/673ee8da6ae2a3036ac170eb6294f89d/element - {"using":"xpath","value":"//*[@id=\"application-manageresources-display-component---newResourceUnit--btnAddTimeSegment\"]"}
RESULT: {}
RESULT: {"using":"xpath","value":"//*[@id=\"application-manageresources-display-component---newResourceUnit--btnAddTimeSegment\"]"}
COMMAND: POST /session/673ee8da6ae2a3036ac170eb6294f89d/element/f.D876D0B9E4FB8B9E585720C2FE40BD5D.d.666699421E3115FE4552E6D239C6DA99.e.17504/click - {}
RESULT: {}
COMMAND: GET /session/673ee8da6ae2a3036ac170eb6294f89d/screenshot - {}
RESULT: {}
COMMAND: POST /session/673ee8da6ae2a3036ac170eb6294f89d/element - {"using":"xpath","value":"//input[@id=\"application-manageresources-display-component---newResourceUnit--idRuTSAdmin-application-manageresources-display-component---newResourceUnit--RUTimeSegment-0-inner\"]"}
RESULT: {"using":"xpath","value":"//input[@id=\"application-manageresources-display-component---newResourceUnit--idRuTSAdmin-application-manageresources-display-component---newResourceUnit--RUTimeSegment-0-inner\"]"}
COMMAND: POST /session/673ee8da6ae2a3036ac170eb6294f89d/element/f.D876D0B9E4FB8B9E585720C2FE40BD5D.d.666699421E3115FE4552E6D239C6DA99.e.17510/clear - {}
RESULT: {}
COMMAND: POST /session/673ee8da6ae2a3036ac170eb6294f89d/element/f.D876D0B9E4FB8B9E585720C2FE40BD5D.d.666699421E3115FE4552E6D239C6DA99.e.17510/value - {"text":"532"}
COMMAND: GET /session/673ee8da6ae2a3036ac170eb6294f89d/screenshot - {}
RESULT: {"text":"532"}
COMMAND: GET /session/673ee8da6ae2a3036ac170eb6294f89d/screenshot - {}
RESULT: {}
RESULT: {}
COMMAND: POST /session/673ee8da6ae2a3036ac170eb6294f89d/element - {"using":"xpath","value":"//li[.//span[text()='532']]"}
RESULT: {"using":"xpath","value":"//li[.//span[text()='532']]"}
COMMAND: POST /session/673ee8da6ae2a3036ac170eb6294f89d/element/f.D876D0B9E4FB8B9E585720C2FE40BD5D.d.666699421E3115FE4552E6D239C6DA99.e.17522/click - {}
RESULT: {}
COMMAND: GET /session/673ee8da6ae2a3036ac170eb6294f89d/screenshot - {}
RESULT: {}
COMMAND: POST /session/673ee8da6ae2a3036ac170eb6294f89d/element - {"using":"xpath","value":"(//span[contains(@id, \"-application-manageresources-display-component---newResourceUnit--RUTimeSegment-0-arrow\")])[6]"}
RESULT: {"using":"xpath","value":"(//span[contains(@id, \"-application-manageresources-display-component---newResourceUnit--RUTimeSegment-0-arrow\")])[6]"}
COMMAND: POST /session/673ee8da6ae2a3036ac170eb6294f89d/element/f.D876D0B9E4FB8B9E585720C2FE40BD5D.d.666699421E3115FE4552E6D239C6DA99.e.17523/click - {}
RESULT: {}
COMMAND: GET /session/673ee8da6ae2a3036ac170eb6294f89d/screenshot - {}
RESULT: {}
COMMAND: POST /session/673ee8da6ae2a3036ac170eb6294f89d/element - {"using":"xpath","value":"//span[contains(text(), \"PM Order\")]"}
RESULT: {"using":"xpath","value":"//span[contains(text(), \"PM Order\")]"}
COMMAND: POST /session/673ee8da6ae2a3036ac170eb6294f89d/element/f.D876D0B9E4FB8B9E585720C2FE40BD5D.d.666699421E3115FE4552E6D239C6DA99.e.17526/click - {}
RESULT: {}
COMMAND: GET /session/673ee8da6ae2a3036ac170eb6294f89d/screenshot - {}
RESULT: {}
COMMAND: POST /session/673ee8da6ae2a3036ac170eb6294f89d/element - {"using":"xpath","value":"(//span[contains(@id ,\"manageresources-display-component---newResourceUnit--RUTimeSegment-0-vhi\")])[1]"}
RESULT: {"using":"xpath","value":"(//span[contains(@id ,\"manageresources-display-component---newResourceUnit--RUTimeSegment-0-vhi\")])[1]"}
COMMAND: GET /session/673ee8da6ae2a3036ac170eb6294f89d/element/f.D876D0B9E4FB8B9E585720C2FE40BD5D.d.666699421E3115FE4552E6D239C6DA99.e.17530/rect - {}
RESULT: {}
COMMAND: GET /session/673ee8da6ae2a3036ac170eb6294f89d/window/rect - {}
RESULT: {}
COMMAND: POST /session/673ee8da6ae2a3036ac170eb6294f89d/execute/sync - {"script":"<script> [92 bytes]","args":[]}
RESULT: {"script":"<script> [92 bytes]","args":[]}
COMMAND: POST /session/673ee8da6ae2a3036ac170eb6294f89d/actions - {"actions":[{"id":"action63","type":"wheel","parameters":{},"actions":[{"type":"scroll","x":-869,"y":-24,"deltaX":0,"deltaY":0,"duration":0,"origin":{"element-6066-11e4-a52e-4f735466cecf":"f.D876D0B9E4FB8B9E585720C2FE40BD5D.d.666699421E3115FE4552E6D239C6DA99.e.17530"}}]}]}
COMMAND: GET /session/673ee8da6ae2a3036ac170eb6294f89d/screenshot - {}
RESULT: {"actions":[{"id":"action63","type":"wheel","parameters":{},"actions":[{"type":"scroll","x":-869,"y":-24,"deltaX":0,"deltaY":0,"duration":0,"origin":{"element-6066-11e4-a52e-4f735466cecf":"f.D876D0B9E4FB8B9E585720C2FE40BD5D.d.666699421E3115FE4552E6D239C6DA99.e.17530"}}]}]}
COMMAND: DELETE /session/673ee8da6ae2a3036ac170eb6294f89d/actions - {}
COMMAND: GET /session/673ee8da6ae2a3036ac170eb6294f89d/screenshot - {}
RESULT: {}
RESULT: {}
COMMAND: GET /session/673ee8da6ae2a3036ac170eb6294f89d/screenshot - {}
RESULT: {}
RESULT: {}
COMMAND: POST /session/673ee8da6ae2a3036ac170eb6294f89d/element/f.D876D0B9E4FB8B9E585720C2FE40BD5D.d.666699421E3115FE4552E6D239C6DA99.e.17530/click - {}
RESULT: {}
COMMAND: GET /session/673ee8da6ae2a3036ac170eb6294f89d/screenshot - {}
RESULT: {}
COMMAND: POST /session/673ee8da6ae2a3036ac170eb6294f89d/execute/async - {"script":"<script> [1562 bytes]","args":[{"selector":{"controlType":"sap.m.SearchField","properties":{"placeholder":"Search"},"searchOpenDialogs":true,"interaction":{"idSuffix":"I"}},"wdio_ui5_key":"sapm.SearchField{\"placeholder\":\"Search\"}"}]}
RESULT: {"script":"<script> [1562 bytes]","args":[{"selector":{"controlType":"sap.m.SearchField","properties":{"placeholder":"Search"},"searchOpenDialogs":true,"interaction":{"idSuffix":"I"}},"wdio_ui5_key":"sapm.SearchField{\"placeholder\":\"Search\"}"}]}
RESULT: undefined
COMMAND: POST /session/673ee8da6ae2a3036ac170eb6294f89d/execute/async - {"script":"<script> [776 bytes]","args":[{"enterText":"4000360","selector":{"controlType":"sap.m.SearchField","properties":{"placeholder":"Search"},"searchOpenDialogs":true,"interaction":{"idSuffix":"I"}},"clearTextFirst":true,"interactionType":"ENTER_TEXT"}]}
RESULT: {"script":"<script> [776 bytes]","args":[{"enterText":"4000360","selector":{"controlType":"sap.m.SearchField","properties":{"placeholder":"Search"},"searchOpenDialogs":true,"interaction":{"idSuffix":"I"}},"clearTextFirst":true,"interactionType":"ENTER_TEXT"}]}
COMMAND: POST /session/673ee8da6ae2a3036ac170eb6294f89d/actions - {"actions":[{"id":"action64","type":"key","parameters":{},"actions":[{"type":"keyDown","value":"î€‡"},{"type":"pause","duration":10},{"type":"keyUp","value":"î€‡"}]}]}
RESULT: {"actions":[{"id":"action64","type":"key","parameters":{},"actions":[{"type":"keyDown","value":"î€‡"},{"type":"pause","duration":10},{"type":"keyUp","value":"î€‡"}]}]}
COMMAND: GET /session/673ee8da6ae2a3036ac170eb6294f89d/screenshot - {}
RESULT: {}
COMMAND: POST /session/673ee8da6ae2a3036ac170eb6294f89d/element - {"using":"xpath","value":"//td/div/span[contains(text(), \"BGL Vehicles\")]"}
RESULT: {"using":"xpath","value":"//td/div/span[contains(text(), \"BGL Vehicles\")]"}
COMMAND: POST /session/673ee8da6ae2a3036ac170eb6294f89d/element/f.D876D0B9E4FB8B9E585720C2FE40BD5D.d.666699421E3115FE4552E6D239C6DA99.e.17552/click - {}
RESULT: {}
COMMAND: GET /session/673ee8da6ae2a3036ac170eb6294f89d/screenshot - {}
RESULT: {}
COMMAND: POST /session/673ee8da6ae2a3036ac170eb6294f89d/element - {"using":"xpath","value":"//bdi[contains(text(), \"OK\")]"}
RESULT: {"using":"xpath","value":"//bdi[contains(text(), \"OK\")]"}
COMMAND: POST /session/673ee8da6ae2a3036ac170eb6294f89d/element/f.D876D0B9E4FB8B9E585720C2FE40BD5D.d.666699421E3115FE4552E6D239C6DA99.e.17553/click - {}
RESULT: {}
COMMAND: GET /session/673ee8da6ae2a3036ac170eb6294f89d/screenshot - {}
RESULT: {}
COMMAND: POST /session/673ee8da6ae2a3036ac170eb6294f89d/execute/async - {"script":"<script> [1562 bytes]","args":[{"selector":{"id":"application-manageresources-display-component---newResourceUnit--newRRUPage-anchBar-application-manageresources-display-component---newResourceUnit--resource-anchor","interaction":{"idSuffix":"BDI-content"}},"wdio_ui5_key":"applicationmanageresources-display-component---newResourceUnit--newRRUPage-anchBar-application-manageresources-display-component---newResourceUnit--resource-anchor"}]}
RESULT: {"script":"<script> [1562 bytes]","args":[{"selector":{"id":"application-manageresources-display-component---newResourceUnit--newRRUPage-anchBar-application-manageresources-display-component---newResourceUnit--resource-anchor","interaction":{"idSuffix":"BDI-content"}},"wdio_ui5_key":"applicationmanageresources-display-component---newResourceUnit--newRRUPage-anchBar-application-manageresources-display-component---newResourceUnit--resource-anchor"}]}
RESULT: undefined
COMMAND: POST /session/673ee8da6ae2a3036ac170eb6294f89d/element - {"using":"xpath","value":"//*[@id=\"application-manageresources-display-component---newResourceUnit--newRRUPage-anchBar-application-manageresources-display-component---newResourceUnit--resource-anchor\"]"}
RESULT: {"using":"xpath","value":"//*[@id=\"application-manageresources-display-component---newResourceUnit--newRRUPage-anchBar-application-manageresources-display-component---newResourceUnit--resource-anchor\"]"}
COMMAND: POST /session/673ee8da6ae2a3036ac170eb6294f89d/element/f.D876D0B9E4FB8B9E585720C2FE40BD5D.d.666699421E3115FE4552E6D239C6DA99.e.17557/click - {}
RESULT: {}
COMMAND: POST /session/673ee8da6ae2a3036ac170eb6294f89d/execute/async - {"script":"<script> [1562 bytes]","args":[{"selector":{"id":"application-manageresources-display-component---newResourceUnit--PLANNED_DELIVERY_DATE","interaction":{"idSuffix":"inner"}},"wdio_ui5_key":"applicationmanageresources-display-component---newResourceUnit--PLANNED_DELIVERY_DATE"}]}
COMMAND: GET /session/673ee8da6ae2a3036ac170eb6294f89d/screenshot - {}
RESULT: {"script":"<script> [1562 bytes]","args":[{"selector":{"id":"application-manageresources-display-component---newResourceUnit--PLANNED_DELIVERY_DATE","interaction":{"idSuffix":"inner"}},"wdio_ui5_key":"applicationmanageresources-display-component---newResourceUnit--PLANNED_DELIVERY_DATE"}]}
RESULT: undefined
COMMAND: POST /session/673ee8da6ae2a3036ac170eb6294f89d/execute/async - {"script":"<script> [6424 bytes]","args":[{"element-6066-11e4-a52e-4f735466cecf":"f.D876D0B9E4FB8B9E585720C2FE40BD5D.d.666699421E3115FE4552E6D239C6DA99.e.17418"},"setValue",["5/18/25"]]}
RESULT: {}
RESULT: {"script":"<script> [6424 bytes]","args":[{"element-6066-11e4-a52e-4f735466cecf":"f.D876D0B9E4FB8B9E585720C2FE40BD5D.d.666699421E3115FE4552E6D239C6DA99.e.17418"},"setValue",["5/18/25"]]}
COMMAND: POST /session/673ee8da6ae2a3036ac170eb6294f89d/element - {"using":"xpath","value":"//label[contains(@class, 'sapMLabelRequired') and .//bdi[contains(text(), 'Planned Retirement')]]"}
RESULT: {"using":"xpath","value":"//label[contains(@class, 'sapMLabelRequired') and .//bdi[contains(text(), 'Planned Retirement')]]"}
COMMAND: POST /session/673ee8da6ae2a3036ac170eb6294f89d/elements - {"using":"xpath","value":"//label[contains(@class, 'sapMLabelRequired') and .//bdi[contains(text(), 'Planned Retirement')]]"}
RESULT: {"using":"xpath","value":"//label[contains(@class, 'sapMLabelRequired') and .//bdi[contains(text(), 'Planned Retirement')]]"}
COMMAND: POST /session/673ee8da6ae2a3036ac170eb6294f89d/element - {"using":"xpath","value":"//button[@data-kt=\"resourceUnitSaveButton\"]"}
RESULT: {"using":"xpath","value":"//button[@data-kt=\"resourceUnitSaveButton\"]"}
COMMAND: POST /session/673ee8da6ae2a3036ac170eb6294f89d/element/f.D876D0B9E4FB8B9E585720C2FE40BD5D.d.666699421E3115FE4552E6D239C6DA99.e.17379/click - {}
RESULT: {}
COMMAND: GET /session/673ee8da6ae2a3036ac170eb6294f89d/screenshot - {}
RESULT: {}
COMMAND: POST /session/673ee8da6ae2a3036ac170eb6294f89d/element - {"using":"xpath","value":"//bdi[contains(text(), \"Close\")]"}
RESULT: {"using":"xpath","value":"//bdi[contains(text(), \"Close\")]"}
COMMAND: POST /session/673ee8da6ae2a3036ac170eb6294f89d/element/f.D876D0B9E4FB8B9E585720C2FE40BD5D.d.666699421E3115FE4552E6D239C6DA99.e.17565/click - {}
RESULT: {}
COMMAND: GET /session/673ee8da6ae2a3036ac170eb6294f89d/screenshot - {}
RESULT: {}
COMMAND: POST /session/673ee8da6ae2a3036ac170eb6294f89d/element - {"using":"xpath","value":"(//button[contains(@id ,\"actionsToolbar-overflowButton\")])[1]"}
RESULT: {"using":"xpath","value":"(//button[contains(@id ,\"actionsToolbar-overflowButton\")])[1]"}
COMMAND: POST /session/673ee8da6ae2a3036ac170eb6294f89d/element/f.D876D0B9E4FB8B9E585720C2FE40BD5D.d.666699421E3115FE4552E6D239C6DA99.e.17595/click - {}
RESULT: {}
COMMAND: GET /session/673ee8da6ae2a3036ac170eb6294f89d/screenshot - {}
RESULT: {}
COMMAND: POST /session/673ee8da6ae2a3036ac170eb6294f89d/element - {"using":"xpath","value":"//button[@data-kt=\"priceInfoButton\"]"}
RESULT: {"using":"xpath","value":"//button[@data-kt=\"priceInfoButton\"]"}
COMMAND: POST /session/673ee8da6ae2a3036ac170eb6294f89d/element/f.D876D0B9E4FB8B9E585720C2FE40BD5D.d.666699421E3115FE4552E6D239C6DA99.e.17597/click - {}
RESULT: {}
COMMAND: GET /session/673ee8da6ae2a3036ac170eb6294f89d/screenshot - {}
RESULT: {}
]]></system-out>
    </testcase>
    <testcase classname="chrome.136_0_7103_93.windows.Create_Reverse_Billing_US127248" name="Should create a pricing procedure" time="49.889">
      <system-out><![CDATA[
COMMAND: POST /session/673ee8da6ae2a3036ac170eb6294f89d/element - {"using":"xpath","value":"//button[@data-kt=\"addButton\"]"}
RESULT: {"using":"xpath","value":"//button[@data-kt=\"addButton\"]"}
COMMAND: POST /session/673ee8da6ae2a3036ac170eb6294f89d/elements - {"using":"xpath","value":"//button[@data-kt=\"addButton\"]"}
RESULT: {"using":"xpath","value":"//button[@data-kt=\"addButton\"]"}
COMMAND: POST /session/673ee8da6ae2a3036ac170eb6294f89d/elements - {"using":"xpath","value":"//button[@data-kt=\"addButton\"]"}
RESULT: {"using":"xpath","value":"//button[@data-kt=\"addButton\"]"}
COMMAND: POST /session/673ee8da6ae2a3036ac170eb6294f89d/element - {"using":"xpath","value":"//button[@data-kt=\"addButton\"]"}
RESULT: {"using":"xpath","value":"//button[@data-kt=\"addButton\"]"}
COMMAND: POST /session/673ee8da6ae2a3036ac170eb6294f89d/execute/sync - {"script":"<script> [8489 bytes]","args":[{"element-6066-11e4-a52e-4f735466cecf":"f.D876D0B9E4FB8B9E585720C2FE40BD5D.d.666699421E3115FE4552E6D239C6DA99.e.17633","ELEMENT":"f.D876D0B9E4FB8B9E585720C2FE40BD5D.d.666699421E3115FE4552E6D239C6DA99.e.17633"}]}
RESULT: {"script":"<script> [8489 bytes]","args":[{"element-6066-11e4-a52e-4f735466cecf":"f.D876D0B9E4FB8B9E585720C2FE40BD5D.d.666699421E3115FE4552E6D239C6DA99.e.17633","ELEMENT":"f.D876D0B9E4FB8B9E585720C2FE40BD5D.d.666699421E3115FE4552E6D239C6DA99.e.17633"}]}
COMMAND: GET /session/673ee8da6ae2a3036ac170eb6294f89d/element/f.D876D0B9E4FB8B9E585720C2FE40BD5D.d.666699421E3115FE4552E6D239C6DA99.e.17633/enabled - {}
COMMAND: GET /session/673ee8da6ae2a3036ac170eb6294f89d/screenshot - {}
RESULT: {}
COMMAND: POST /session/673ee8da6ae2a3036ac170eb6294f89d/execute/sync - {"script":"<script> [8489 bytes]","args":[{"element-6066-11e4-a52e-4f735466cecf":"f.D876D0B9E4FB8B9E585720C2FE40BD5D.d.666699421E3115FE4552E6D239C6DA99.e.17633","ELEMENT":"f.D876D0B9E4FB8B9E585720C2FE40BD5D.d.666699421E3115FE4552E6D239C6DA99.e.17633"}]}
COMMAND: GET /session/673ee8da6ae2a3036ac170eb6294f89d/screenshot - {}
RESULT: {}
RESULT: {"script":"<script> [8489 bytes]","args":[{"element-6066-11e4-a52e-4f735466cecf":"f.D876D0B9E4FB8B9E585720C2FE40BD5D.d.666699421E3115FE4552E6D239C6DA99.e.17633","ELEMENT":"f.D876D0B9E4FB8B9E585720C2FE40BD5D.d.666699421E3115FE4552E6D239C6DA99.e.17633"}]}
COMMAND: POST /session/673ee8da6ae2a3036ac170eb6294f89d/execute/sync - {"script":"<script> [5351 bytes]","args":[{"element-6066-11e4-a52e-4f735466cecf":"f.D876D0B9E4FB8B9E585720C2FE40BD5D.d.666699421E3115FE4552E6D239C6DA99.e.17633","ELEMENT":"f.D876D0B9E4FB8B9E585720C2FE40BD5D.d.666699421E3115FE4552E6D239C6DA99.e.17633"}]}
COMMAND: GET /session/673ee8da6ae2a3036ac170eb6294f89d/screenshot - {}
RESULT: {}
RESULT: {"script":"<script> [5351 bytes]","args":[{"element-6066-11e4-a52e-4f735466cecf":"f.D876D0B9E4FB8B9E585720C2FE40BD5D.d.666699421E3115FE4552E6D239C6DA99.e.17633","ELEMENT":"f.D876D0B9E4FB8B9E585720C2FE40BD5D.d.666699421E3115FE4552E6D239C6DA99.e.17633"}]}
COMMAND: POST /session/673ee8da6ae2a3036ac170eb6294f89d/element/f.D876D0B9E4FB8B9E585720C2FE40BD5D.d.666699421E3115FE4552E6D239C6DA99.e.17633/click - {}
COMMAND: GET /session/673ee8da6ae2a3036ac170eb6294f89d/screenshot - {}
RESULT: {}
RESULT: {}
COMMAND: GET /session/673ee8da6ae2a3036ac170eb6294f89d/screenshot - {}
RESULT: {}
RESULT: {}
COMMAND: POST /session/673ee8da6ae2a3036ac170eb6294f89d/execute/async - {"script":"<script> [1562 bytes]","args":[{"selector":{"controlType":"sap.m.Title","viewName":"etm.portal.ui.managepricingrules.view.NewItem","viewId":"application-managepricingrules-display-component---newInfoPriceItem","properties":{"text":"New Pricing Rules - Item Level"}},"wdio_ui5_key":"etmportal.ui.managepricingrules.view.NewItemsap.m.Title{\"text\":\"New Pricing Rules - Item Level\"}"}]}
RESULT: {"script":"<script> [1562 bytes]","args":[{"selector":{"controlType":"sap.m.Title","viewName":"etm.portal.ui.managepricingrules.view.NewItem","viewId":"application-managepricingrules-display-component---newInfoPriceItem","properties":{"text":"New Pricing Rules - Item Level"}},"wdio_ui5_key":"etmportal.ui.managepricingrules.view.NewItemsap.m.Title{\"text\":\"New Pricing Rules - Item Level\"}"}]}
RESULT: undefined
COMMAND: POST /session/673ee8da6ae2a3036ac170eb6294f89d/execute/async - {"script":"<script> [6424 bytes]","args":[{"element-6066-11e4-a52e-4f735466cecf":"f.D876D0B9E4FB8B9E585720C2FE40BD5D.d.666699421E3115FE4552E6D239C6DA99.e.17805"},"getText",[]]}
RESULT: {"script":"<script> [6424 bytes]","args":[{"element-6066-11e4-a52e-4f735466cecf":"f.D876D0B9E4FB8B9E585720C2FE40BD5D.d.666699421E3115FE4552E6D239C6DA99.e.17805"},"getText",[]]}
COMMAND: POST /session/673ee8da6ae2a3036ac170eb6294f89d/execute/async - {"script":"<script> [1562 bytes]","args":[{"selector":{"id":"application-managepricingrules-display-component---newInfoPriceItem--condValidTo","interaction":{"idSuffix":"inner"}},"wdio_ui5_key":"applicationmanagepricingrules-display-component---newInfoPriceItem--condValidTo"}]}
RESULT: {"script":"<script> [1562 bytes]","args":[{"selector":{"id":"application-managepricingrules-display-component---newInfoPriceItem--condValidTo","interaction":{"idSuffix":"inner"}},"wdio_ui5_key":"applicationmanagepricingrules-display-component---newInfoPriceItem--condValidTo"}]}
RESULT: undefined
COMMAND: POST /session/673ee8da6ae2a3036ac170eb6294f89d/execute/async - {"script":"<script> [776 bytes]","args":[{"enterText":"1/18/26","selector":{"id":"application-managepricingrules-display-component---newInfoPriceItem--condValidTo","interaction":{"idSuffix":"inner"}},"clearTextFirst":true,"interactionType":"ENTER_TEXT"}]}
RESULT: {"script":"<script> [776 bytes]","args":[{"enterText":"1/18/26","selector":{"id":"application-managepricingrules-display-component---newInfoPriceItem--condValidTo","interaction":{"idSuffix":"inner"}},"clearTextFirst":true,"interactionType":"ENTER_TEXT"}]}
COMMAND: POST /session/673ee8da6ae2a3036ac170eb6294f89d/execute/async - {"script":"<script> [1562 bytes]","args":[{"selector":{"id":"application-managepricingrules-display-component---newInfoPriceItem--billType-arrow"},"wdio_ui5_key":"applicationmanagepricingrules-display-component---newInfoPriceItem--billType-arrow"}]}
RESULT: {"script":"<script> [1562 bytes]","args":[{"selector":{"id":"application-managepricingrules-display-component---newInfoPriceItem--billType-arrow"},"wdio_ui5_key":"applicationmanagepricingrules-display-component---newInfoPriceItem--billType-arrow"}]}
RESULT: undefined
COMMAND: POST /session/673ee8da6ae2a3036ac170eb6294f89d/element - {"using":"xpath","value":"//*[@id=\"application-managepricingrules-display-component---newInfoPriceItem--billType-arrow\"]"}
RESULT: {"using":"xpath","value":"//*[@id=\"application-managepricingrules-display-component---newInfoPriceItem--billType-arrow\"]"}
COMMAND: POST /session/673ee8da6ae2a3036ac170eb6294f89d/element/f.D876D0B9E4FB8B9E585720C2FE40BD5D.d.666699421E3115FE4552E6D239C6DA99.e.17765/click - {}
RESULT: {}
COMMAND: POST /session/673ee8da6ae2a3036ac170eb6294f89d/element - {"using":"xpath","value":"//span[contains(text(), \"TB - Time based\")]"}
COMMAND: GET /session/673ee8da6ae2a3036ac170eb6294f89d/screenshot - {}
RESULT: {"using":"xpath","value":"//span[contains(text(), \"TB - Time based\")]"}
COMMAND: POST /session/673ee8da6ae2a3036ac170eb6294f89d/element/f.D876D0B9E4FB8B9E585720C2FE40BD5D.d.666699421E3115FE4552E6D239C6DA99.e.17807/click - {}
RESULT: {}
RESULT: {}
COMMAND: POST /session/673ee8da6ae2a3036ac170eb6294f89d/execute/async - {"script":"<script> [1562 bytes]","args":[{"selector":{"id":"application-managepricingrules-display-component---newInfoPriceItem--priceProc-arrow"},"wdio_ui5_key":"applicationmanagepricingrules-display-component---newInfoPriceItem--priceProc-arrow"}]}
COMMAND: GET /session/673ee8da6ae2a3036ac170eb6294f89d/screenshot - {}
RESULT: {"script":"<script> [1562 bytes]","args":[{"selector":{"id":"application-managepricingrules-display-component---newInfoPriceItem--priceProc-arrow"},"wdio_ui5_key":"applicationmanagepricingrules-display-component---newInfoPriceItem--priceProc-arrow"}]}
RESULT: undefined
COMMAND: POST /session/673ee8da6ae2a3036ac170eb6294f89d/element - {"using":"xpath","value":"//*[@id=\"application-managepricingrules-display-component---newInfoPriceItem--priceProc-arrow\"]"}
RESULT: {}
RESULT: {"using":"xpath","value":"//*[@id=\"application-managepricingrules-display-component---newInfoPriceItem--priceProc-arrow\"]"}
COMMAND: POST /session/673ee8da6ae2a3036ac170eb6294f89d/element/f.D876D0B9E4FB8B9E585720C2FE40BD5D.d.666699421E3115FE4552E6D239C6DA99.e.17772/click - {}
RESULT: {}
COMMAND: POST /session/673ee8da6ae2a3036ac170eb6294f89d/element - {"using":"xpath","value":"//span[contains(text(), \"TBS - Time based standard\")]"}
COMMAND: GET /session/673ee8da6ae2a3036ac170eb6294f89d/screenshot - {}
RESULT: {"using":"xpath","value":"//span[contains(text(), \"TBS - Time based standard\")]"}
COMMAND: POST /session/673ee8da6ae2a3036ac170eb6294f89d/element/f.D876D0B9E4FB8B9E585720C2FE40BD5D.d.666699421E3115FE4552E6D239C6DA99.e.17808/click - {}
RESULT: {}
RESULT: {}
COMMAND: POST /session/673ee8da6ae2a3036ac170eb6294f89d/execute/async - {"script":"<script> [1562 bytes]","args":[{"selector":{"id":"application-managepricingrules-display-component---newInfoPriceItem--calcBase-arrow"},"wdio_ui5_key":"applicationmanagepricingrules-display-component---newInfoPriceItem--calcBase-arrow"}]}
COMMAND: GET /session/673ee8da6ae2a3036ac170eb6294f89d/screenshot - {}
RESULT: {"script":"<script> [1562 bytes]","args":[{"selector":{"id":"application-managepricingrules-display-component---newInfoPriceItem--calcBase-arrow"},"wdio_ui5_key":"applicationmanagepricingrules-display-component---newInfoPriceItem--calcBase-arrow"}]}
RESULT: undefined
COMMAND: POST /session/673ee8da6ae2a3036ac170eb6294f89d/element - {"using":"xpath","value":"//*[@id=\"application-managepricingrules-display-component---newInfoPriceItem--calcBase-arrow\"]"}
RESULT: {}
RESULT: {"using":"xpath","value":"//*[@id=\"application-managepricingrules-display-component---newInfoPriceItem--calcBase-arrow\"]"}
COMMAND: POST /session/673ee8da6ae2a3036ac170eb6294f89d/element/f.D876D0B9E4FB8B9E585720C2FE40BD5D.d.666699421E3115FE4552E6D239C6DA99.e.17779/click - {}
RESULT: {}
COMMAND: GET /session/673ee8da6ae2a3036ac170eb6294f89d/screenshot - {}
RESULT: {}
COMMAND: POST /session/673ee8da6ae2a3036ac170eb6294f89d/element - {"using":"xpath","value":"//span[contains(text(), \"0006 - TB(calendar days)\")]"}
RESULT: {"using":"xpath","value":"//span[contains(text(), \"0006 - TB(calendar days)\")]"}
COMMAND: POST /session/673ee8da6ae2a3036ac170eb6294f89d/element/f.D876D0B9E4FB8B9E585720C2FE40BD5D.d.666699421E3115FE4552E6D239C6DA99.e.17809/click - {}
RESULT: {}
COMMAND: GET /session/673ee8da6ae2a3036ac170eb6294f89d/screenshot - {}
RESULT: {}
COMMAND: POST /session/673ee8da6ae2a3036ac170eb6294f89d/execute/async - {"script":"<script> [1562 bytes]","args":[{"selector":{"id":"application-managepricingrules-display-component---newInfoPriceItem--daysMonth","interaction":{"idSuffix":"inner"}},"wdio_ui5_key":"applicationmanagepricingrules-display-component---newInfoPriceItem--daysMonth"}]}
RESULT: {"script":"<script> [1562 bytes]","args":[{"selector":{"id":"application-managepricingrules-display-component---newInfoPriceItem--daysMonth","interaction":{"idSuffix":"inner"}},"wdio_ui5_key":"applicationmanagepricingrules-display-component---newInfoPriceItem--daysMonth"}]}
RESULT: undefined
COMMAND: POST /session/673ee8da6ae2a3036ac170eb6294f89d/execute/async - {"script":"<script> [776 bytes]","args":[{"enterText":"30","selector":{"id":"application-managepricingrules-display-component---newInfoPriceItem--daysMonth","interaction":{"idSuffix":"inner"}},"clearTextFirst":true,"interactionType":"ENTER_TEXT"}]}
RESULT: {"script":"<script> [776 bytes]","args":[{"enterText":"30","selector":{"id":"application-managepricingrules-display-component---newInfoPriceItem--daysMonth","interaction":{"idSuffix":"inner"}},"clearTextFirst":true,"interactionType":"ENTER_TEXT"}]}
COMMAND: POST /session/673ee8da6ae2a3036ac170eb6294f89d/element - {"using":"xpath","value":"//button[@data-kt=\"saveNewRuleButton\"]"}
RESULT: {"using":"xpath","value":"//button[@data-kt=\"saveNewRuleButton\"]"}
COMMAND: POST /session/673ee8da6ae2a3036ac170eb6294f89d/element/f.D876D0B9E4FB8B9E585720C2FE40BD5D.d.666699421E3115FE4552E6D239C6DA99.e.17799/click - {}
RESULT: {}
COMMAND: GET /session/673ee8da6ae2a3036ac170eb6294f89d/screenshot - {}
RESULT: {}
COMMAND: POST /session/673ee8da6ae2a3036ac170eb6294f89d/execute/async - {"script":"<script> [1562 bytes]","args":[{"selector":{"id":"application-managepricingrules-display-component---priceInfoItem--smartFilterBar-btnBasicSearch","interaction":{"idSuffix":"I"}},"wdio_ui5_key":"applicationmanagepricingrules-display-component---priceInfoItem--smartFilterBar-btnBasicSearch"}]}
RESULT: {"script":"<script> [1562 bytes]","args":[{"selector":{"id":"application-managepricingrules-display-component---priceInfoItem--smartFilterBar-btnBasicSearch","interaction":{"idSuffix":"I"}},"wdio_ui5_key":"applicationmanagepricingrules-display-component---priceInfoItem--smartFilterBar-btnBasicSearch"}]}
RESULT: undefined
COMMAND: POST /session/673ee8da6ae2a3036ac170eb6294f89d/execute/async - {"script":"<script> [776 bytes]","args":[{"enterText":"mmIZmQN6vz","selector":{"id":"application-managepricingrules-display-component---priceInfoItem--smartFilterBar-btnBasicSearch","interaction":{"idSuffix":"I"}},"clearTextFirst":true,"interactionType":"ENTER_TEXT"}]}
RESULT: {"script":"<script> [776 bytes]","args":[{"enterText":"mmIZmQN6vz","selector":{"id":"application-managepricingrules-display-component---priceInfoItem--smartFilterBar-btnBasicSearch","interaction":{"idSuffix":"I"}},"clearTextFirst":true,"interactionType":"ENTER_TEXT"}]}
COMMAND: POST /session/673ee8da6ae2a3036ac170eb6294f89d/actions - {"actions":[{"id":"action65","type":"key","parameters":{},"actions":[{"type":"keyDown","value":"î€‡"},{"type":"pause","duration":10},{"type":"keyUp","value":"î€‡"}]}]}
RESULT: {"actions":[{"id":"action65","type":"key","parameters":{},"actions":[{"type":"keyDown","value":"î€‡"},{"type":"pause","duration":10},{"type":"keyUp","value":"î€‡"}]}]}
COMMAND: GET /session/673ee8da6ae2a3036ac170eb6294f89d/screenshot - {}
RESULT: {}
COMMAND: POST /session/673ee8da6ae2a3036ac170eb6294f89d/element - {"using":"xpath","value":"//span[@id=\"application-managepricingrules-display-component---priceInfoItem--smartTable-header-inner\"]"}
RESULT: {"using":"xpath","value":"//span[@id=\"application-managepricingrules-display-component---priceInfoItem--smartTable-header-inner\"]"}
COMMAND: POST /session/673ee8da6ae2a3036ac170eb6294f89d/elements - {"using":"xpath","value":"//span[@id=\"application-managepricingrules-display-component---priceInfoItem--smartTable-header-inner\"]"}
RESULT: {"using":"xpath","value":"//span[@id=\"application-managepricingrules-display-component---priceInfoItem--smartTable-header-inner\"]"}
COMMAND: POST /session/673ee8da6ae2a3036ac170eb6294f89d/execute/sync - {"script":"<script> [56 bytes]","args":[{"element-6066-11e4-a52e-4f735466cecf":"f.D876D0B9E4FB8B9E585720C2FE40BD5D.d.666699421E3115FE4552E6D239C6DA99.e.17834","ELEMENT":"f.D876D0B9E4FB8B9E585720C2FE40BD5D.d.666699421E3115FE4552E6D239C6DA99.e.17834"}]}
RESULT: {"script":"<script> [56 bytes]","args":[{"element-6066-11e4-a52e-4f735466cecf":"f.D876D0B9E4FB8B9E585720C2FE40BD5D.d.666699421E3115FE4552E6D239C6DA99.e.17834","ELEMENT":"f.D876D0B9E4FB8B9E585720C2FE40BD5D.d.666699421E3115FE4552E6D239C6DA99.e.17834"}]}
COMMAND: POST /session/673ee8da6ae2a3036ac170eb6294f89d/element - {"using":"css selector","value":"#shell-header-logo"}
COMMAND: GET /session/673ee8da6ae2a3036ac170eb6294f89d/screenshot - {}
RESULT: {"using":"css selector","value":"#shell-header-logo"}
COMMAND: POST /session/673ee8da6ae2a3036ac170eb6294f89d/element/f.D876D0B9E4FB8B9E585720C2FE40BD5D.d.666699421E3115FE4552E6D239C6DA99.e.16970/click - {}
RESULT: {}
RESULT: {}
COMMAND: GET /session/673ee8da6ae2a3036ac170eb6294f89d/screenshot - {}
RESULT: {}
]]></system-out>
    </testcase>
    <testcase classname="chrome.136_0_7103_93.windows.Create_Reverse_Billing_US127248" name="Should manage conditions" time="64.131">
      <system-out><![CDATA[
COMMAND: POST /session/673ee8da6ae2a3036ac170eb6294f89d/execute/async - {"script":"<script> [1562 bytes]","args":[{"selector":{"controlType":"sap.m.GenericTile","properties":{"header":"Manage Conditions & Prices"}},"wdio_ui5_key":"sapm.GenericTile{\"header\":\"Manage Conditions & Prices\"}"}]}
RESULT: {"script":"<script> [1562 bytes]","args":[{"selector":{"controlType":"sap.m.GenericTile","properties":{"header":"Manage Conditions & Prices"}},"wdio_ui5_key":"sapm.GenericTile{\"header\":\"Manage Conditions & Prices\"}"}]}
RESULT: undefined
COMMAND: POST /session/673ee8da6ae2a3036ac170eb6294f89d/element - {"using":"xpath","value":"//*[@id=\"__tile53\"]"}
RESULT: {"using":"xpath","value":"//*[@id=\"__tile53\"]"}
COMMAND: POST /session/673ee8da6ae2a3036ac170eb6294f89d/element/f.D876D0B9E4FB8B9E585720C2FE40BD5D.d.666699421E3115FE4552E6D239C6DA99.e.16914/click - {}
RESULT: {}
COMMAND: GET /session/673ee8da6ae2a3036ac170eb6294f89d/screenshot - {}
RESULT: {}
COMMAND: POST /session/673ee8da6ae2a3036ac170eb6294f89d/elements - {"using":"xpath","value":"//span[text()='Error']"}
RESULT: {"using":"xpath","value":"//span[text()='Error']"}
COMMAND: POST /session/673ee8da6ae2a3036ac170eb6294f89d/element - {"using":"xpath","value":"//button[@aria-label=\"Create\"]"}
RESULT: {"using":"xpath","value":"//button[@aria-label=\"Create\"]"}
COMMAND: POST /session/673ee8da6ae2a3036ac170eb6294f89d/elements - {"using":"xpath","value":"//button[@aria-label=\"Create\"]"}
RESULT: {"using":"xpath","value":"//button[@aria-label=\"Create\"]"}
COMMAND: POST /session/673ee8da6ae2a3036ac170eb6294f89d/execute/sync - {"script":"<script> [8489 bytes]","args":[{"element-6066-11e4-a52e-4f735466cecf":"f.D876D0B9E4FB8B9E585720C2FE40BD5D.d.666699421E3115FE4552E6D239C6DA99.e.17869","ELEMENT":"f.D876D0B9E4FB8B9E585720C2FE40BD5D.d.666699421E3115FE4552E6D239C6DA99.e.17869"}]}
RESULT: {"script":"<script> [8489 bytes]","args":[{"element-6066-11e4-a52e-4f735466cecf":"f.D876D0B9E4FB8B9E585720C2FE40BD5D.d.666699421E3115FE4552E6D239C6DA99.e.17869","ELEMENT":"f.D876D0B9E4FB8B9E585720C2FE40BD5D.d.666699421E3115FE4552E6D239C6DA99.e.17869"}]}
COMMAND: GET /session/673ee8da6ae2a3036ac170eb6294f89d/element/f.D876D0B9E4FB8B9E585720C2FE40BD5D.d.666699421E3115FE4552E6D239C6DA99.e.17869/enabled - {}
COMMAND: GET /session/673ee8da6ae2a3036ac170eb6294f89d/screenshot - {}
RESULT: {}
COMMAND: POST /session/673ee8da6ae2a3036ac170eb6294f89d/execute/sync - {"script":"<script> [8489 bytes]","args":[{"element-6066-11e4-a52e-4f735466cecf":"f.D876D0B9E4FB8B9E585720C2FE40BD5D.d.666699421E3115FE4552E6D239C6DA99.e.17869","ELEMENT":"f.D876D0B9E4FB8B9E585720C2FE40BD5D.d.666699421E3115FE4552E6D239C6DA99.e.17869"}]}
COMMAND: GET /session/673ee8da6ae2a3036ac170eb6294f89d/screenshot - {}
RESULT: {}
RESULT: {"script":"<script> [8489 bytes]","args":[{"element-6066-11e4-a52e-4f735466cecf":"f.D876D0B9E4FB8B9E585720C2FE40BD5D.d.666699421E3115FE4552E6D239C6DA99.e.17869","ELEMENT":"f.D876D0B9E4FB8B9E585720C2FE40BD5D.d.666699421E3115FE4552E6D239C6DA99.e.17869"}]}
COMMAND: POST /session/673ee8da6ae2a3036ac170eb6294f89d/execute/sync - {"script":"<script> [5351 bytes]","args":[{"element-6066-11e4-a52e-4f735466cecf":"f.D876D0B9E4FB8B9E585720C2FE40BD5D.d.666699421E3115FE4552E6D239C6DA99.e.17869","ELEMENT":"f.D876D0B9E4FB8B9E585720C2FE40BD5D.d.666699421E3115FE4552E6D239C6DA99.e.17869"}]}
COMMAND: GET /session/673ee8da6ae2a3036ac170eb6294f89d/screenshot - {}
RESULT: {}
RESULT: {"script":"<script> [5351 bytes]","args":[{"element-6066-11e4-a52e-4f735466cecf":"f.D876D0B9E4FB8B9E585720C2FE40BD5D.d.666699421E3115FE4552E6D239C6DA99.e.17869","ELEMENT":"f.D876D0B9E4FB8B9E585720C2FE40BD5D.d.666699421E3115FE4552E6D239C6DA99.e.17869"}]}
COMMAND: POST /session/673ee8da6ae2a3036ac170eb6294f89d/element/f.D876D0B9E4FB8B9E585720C2FE40BD5D.d.666699421E3115FE4552E6D239C6DA99.e.17869/click - {}
COMMAND: GET /session/673ee8da6ae2a3036ac170eb6294f89d/screenshot - {}
RESULT: {}
RESULT: {}
COMMAND: GET /session/673ee8da6ae2a3036ac170eb6294f89d/screenshot - {}
RESULT: {}
RESULT: {}
COMMAND: POST /session/673ee8da6ae2a3036ac170eb6294f89d/actions - {"actions":[{"id":"action66","type":"key","parameters":{},"actions":[{"type":"keyDown","value":"î€‡"},{"type":"pause","duration":10},{"type":"keyUp","value":"î€‡"}]}]}
RESULT: {"actions":[{"id":"action66","type":"key","parameters":{},"actions":[{"type":"keyDown","value":"î€‡"},{"type":"pause","duration":10},{"type":"keyUp","value":"î€‡"}]}]}
COMMAND: GET /session/673ee8da6ae2a3036ac170eb6294f89d/screenshot - {}
RESULT: {}
COMMAND: POST /session/673ee8da6ae2a3036ac170eb6294f89d/execute/async - {"script":"<script> [1562 bytes]","args":[{"selector":{"id":"application-manageconditionprice-display-component---newCondition--condBillCond-arrow"},"wdio_ui5_key":"applicationmanageconditionprice-display-component---newCondition--condBillCond-arrow"}]}
RESULT: {"script":"<script> [1562 bytes]","args":[{"selector":{"id":"application-manageconditionprice-display-component---newCondition--condBillCond-arrow"},"wdio_ui5_key":"applicationmanageconditionprice-display-component---newCondition--condBillCond-arrow"}]}
RESULT: undefined
COMMAND: POST /session/673ee8da6ae2a3036ac170eb6294f89d/element - {"using":"xpath","value":"//*[@id=\"application-manageconditionprice-display-component---newCondition--condBillCond-arrow\"]"}
RESULT: {"using":"xpath","value":"//*[@id=\"application-manageconditionprice-display-component---newCondition--condBillCond-arrow\"]"}
COMMAND: POST /session/673ee8da6ae2a3036ac170eb6294f89d/element/f.D876D0B9E4FB8B9E585720C2FE40BD5D.d.666699421E3115FE4552E6D239C6DA99.e.18046/click - {}
RESULT: {}
COMMAND: GET /session/673ee8da6ae2a3036ac170eb6294f89d/screenshot - {}
RESULT: {}
COMMAND: POST /session/673ee8da6ae2a3036ac170eb6294f89d/element - {"using":"xpath","value":"//li[.//span[contains(text(), \"DISP - D&I special price\")]]"}
RESULT: {"using":"xpath","value":"//li[.//span[contains(text(), \"DISP - D&I special price\")]]"}
COMMAND: POST /session/673ee8da6ae2a3036ac170eb6294f89d/element/f.D876D0B9E4FB8B9E585720C2FE40BD5D.d.666699421E3115FE4552E6D239C6DA99.e.18049/click - {}
RESULT: {}
COMMAND: GET /session/673ee8da6ae2a3036ac170eb6294f89d/screenshot - {}
RESULT: {}
COMMAND: POST /session/673ee8da6ae2a3036ac170eb6294f89d/execute/async - {"script":"<script> [1562 bytes]","args":[{"selector":{"id":"application-manageconditionprice-display-component---newCondition--condValidTo","interaction":{"idSuffix":"inner"}},"wdio_ui5_key":"applicationmanageconditionprice-display-component---newCondition--condValidTo"}]}
RESULT: {"script":"<script> [1562 bytes]","args":[{"selector":{"id":"application-manageconditionprice-display-component---newCondition--condValidTo","interaction":{"idSuffix":"inner"}},"wdio_ui5_key":"applicationmanageconditionprice-display-component---newCondition--condValidTo"}]}
RESULT: undefined
COMMAND: POST /session/673ee8da6ae2a3036ac170eb6294f89d/execute/async - {"script":"<script> [776 bytes]","args":[{"enterText":"1/18/26","selector":{"id":"application-manageconditionprice-display-component---newCondition--condValidTo","interaction":{"idSuffix":"inner"}},"clearTextFirst":true,"interactionType":"ENTER_TEXT"}]}
RESULT: {"script":"<script> [776 bytes]","args":[{"enterText":"1/18/26","selector":{"id":"application-manageconditionprice-display-component---newCondition--condValidTo","interaction":{"idSuffix":"inner"}},"clearTextFirst":true,"interactionType":"ENTER_TEXT"}]}
COMMAND: POST /session/673ee8da6ae2a3036ac170eb6294f89d/element - {"using":"xpath","value":"//input[@id=\"application-manageconditionprice-display-component---newCondition--condRU-inner\"]"}
RESULT: {"using":"xpath","value":"//input[@id=\"application-manageconditionprice-display-component---newCondition--condRU-inner\"]"}
COMMAND: POST /session/673ee8da6ae2a3036ac170eb6294f89d/element/f.D876D0B9E4FB8B9E585720C2FE40BD5D.d.666699421E3115FE4552E6D239C6DA99.e.17911/clear - {}
RESULT: {}
COMMAND: POST /session/673ee8da6ae2a3036ac170eb6294f89d/element/f.D876D0B9E4FB8B9E585720C2FE40BD5D.d.666699421E3115FE4552E6D239C6DA99.e.17911/value - {"text":"mmIZmQN6vz"}
COMMAND: GET /session/673ee8da6ae2a3036ac170eb6294f89d/screenshot - {}
RESULT: {"text":"mmIZmQN6vz"}
COMMAND: GET /session/673ee8da6ae2a3036ac170eb6294f89d/screenshot - {}
RESULT: {}
RESULT: {}
COMMAND: POST /session/673ee8da6ae2a3036ac170eb6294f89d/actions - {"actions":[{"id":"action67","type":"key","parameters":{},"actions":[{"type":"keyDown","value":"î€‡"},{"type":"pause","duration":10},{"type":"keyUp","value":"î€‡"}]}]}
RESULT: {"actions":[{"id":"action67","type":"key","parameters":{},"actions":[{"type":"keyDown","value":"î€‡"},{"type":"pause","duration":10},{"type":"keyUp","value":"î€‡"}]}]}
COMMAND: POST /session/673ee8da6ae2a3036ac170eb6294f89d/execute/async - {"script":"<script> [1562 bytes]","args":[{"selector":{"id":"application-manageconditionprice-display-component---newCondition--condBaseQty","interaction":{"idSuffix":"inner"}},"wdio_ui5_key":"applicationmanageconditionprice-display-component---newCondition--condBaseQty"}]}
COMMAND: GET /session/673ee8da6ae2a3036ac170eb6294f89d/screenshot - {}
RESULT: {"script":"<script> [1562 bytes]","args":[{"selector":{"id":"application-manageconditionprice-display-component---newCondition--condBaseQty","interaction":{"idSuffix":"inner"}},"wdio_ui5_key":"applicationmanageconditionprice-display-component---newCondition--condBaseQty"}]}
RESULT: undefined
COMMAND: POST /session/673ee8da6ae2a3036ac170eb6294f89d/execute/async - {"script":"<script> [776 bytes]","args":[{"enterText":"1","selector":{"id":"application-manageconditionprice-display-component---newCondition--condBaseQty","interaction":{"idSuffix":"inner"}},"clearTextFirst":true,"interactionType":"ENTER_TEXT"}]}
RESULT: {}
RESULT: {"script":"<script> [776 bytes]","args":[{"enterText":"1","selector":{"id":"application-manageconditionprice-display-component---newCondition--condBaseQty","interaction":{"idSuffix":"inner"}},"clearTextFirst":true,"interactionType":"ENTER_TEXT"}]}
COMMAND: POST /session/673ee8da6ae2a3036ac170eb6294f89d/execute/async - {"script":"<script> [1562 bytes]","args":[{"selector":{"id":"application-manageconditionprice-display-component---newCondition--condValue","interaction":{"idSuffix":"inner"}},"wdio_ui5_key":"applicationmanageconditionprice-display-component---newCondition--condValue"}]}
RESULT: {"script":"<script> [1562 bytes]","args":[{"selector":{"id":"application-manageconditionprice-display-component---newCondition--condValue","interaction":{"idSuffix":"inner"}},"wdio_ui5_key":"applicationmanageconditionprice-display-component---newCondition--condValue"}]}
RESULT: undefined
COMMAND: POST /session/673ee8da6ae2a3036ac170eb6294f89d/execute/async - {"script":"<script> [776 bytes]","args":[{"enterText":"200","selector":{"id":"application-manageconditionprice-display-component---newCondition--condValue","interaction":{"idSuffix":"inner"}},"clearTextFirst":true,"interactionType":"ENTER_TEXT"}]}
RESULT: {"script":"<script> [776 bytes]","args":[{"enterText":"200","selector":{"id":"application-manageconditionprice-display-component---newCondition--condValue","interaction":{"idSuffix":"inner"}},"clearTextFirst":true,"interactionType":"ENTER_TEXT"}]}
COMMAND: POST /session/673ee8da6ae2a3036ac170eb6294f89d/execute/async - {"script":"<script> [1562 bytes]","args":[{"selector":{"id":"application-manageconditionprice-display-component---newCondition--condCurr-arrow"},"wdio_ui5_key":"applicationmanageconditionprice-display-component---newCondition--condCurr-arrow"}]}
RESULT: {"script":"<script> [1562 bytes]","args":[{"selector":{"id":"application-manageconditionprice-display-component---newCondition--condCurr-arrow"},"wdio_ui5_key":"applicationmanageconditionprice-display-component---newCondition--condCurr-arrow"}]}
RESULT: undefined
COMMAND: POST /session/673ee8da6ae2a3036ac170eb6294f89d/element - {"using":"xpath","value":"//*[@id=\"application-manageconditionprice-display-component---newCondition--condCurr-arrow\"]"}
RESULT: {"using":"xpath","value":"//*[@id=\"application-manageconditionprice-display-component---newCondition--condCurr-arrow\"]"}
COMMAND: POST /session/673ee8da6ae2a3036ac170eb6294f89d/element/f.D876D0B9E4FB8B9E585720C2FE40BD5D.d.666699421E3115FE4552E6D239C6DA99.e.18028/click - {}
RESULT: {}
COMMAND: POST /session/673ee8da6ae2a3036ac170eb6294f89d/element - {"using":"xpath","value":"//span[contains(text(), \"Euro\")]"}
COMMAND: GET /session/673ee8da6ae2a3036ac170eb6294f89d/screenshot - {}
RESULT: {"using":"xpath","value":"//span[contains(text(), \"Euro\")]"}
COMMAND: POST /session/673ee8da6ae2a3036ac170eb6294f89d/element/f.D876D0B9E4FB8B9E585720C2FE40BD5D.d.666699421E3115FE4552E6D239C6DA99.e.18085/click - {}
RESULT: {}
RESULT: {}
COMMAND: POST /session/673ee8da6ae2a3036ac170eb6294f89d/element - {"using":"xpath","value":"//button[@data-kt=\"saveButton\"]"}
COMMAND: GET /session/673ee8da6ae2a3036ac170eb6294f89d/screenshot - {}
RESULT: {"using":"xpath","value":"//button[@data-kt=\"saveButton\"]"}
COMMAND: POST /session/673ee8da6ae2a3036ac170eb6294f89d/element/f.D876D0B9E4FB8B9E585720C2FE40BD5D.d.666699421E3115FE4552E6D239C6DA99.e.18029/click - {}
RESULT: {}
RESULT: {}
COMMAND: GET /session/673ee8da6ae2a3036ac170eb6294f89d/screenshot - {}
RESULT: {}
COMMAND: POST /session/673ee8da6ae2a3036ac170eb6294f89d/execute/async - {"script":"<script> [1562 bytes]","args":[{"selector":{"id":"application-manageconditionprice-display-component---conditions--smartFilterBar-btnBasicSearch","interaction":{"idSuffix":"I"}},"wdio_ui5_key":"applicationmanageconditionprice-display-component---conditions--smartFilterBar-btnBasicSearch"}]}
RESULT: {"script":"<script> [1562 bytes]","args":[{"selector":{"id":"application-manageconditionprice-display-component---conditions--smartFilterBar-btnBasicSearch","interaction":{"idSuffix":"I"}},"wdio_ui5_key":"applicationmanageconditionprice-display-component---conditions--smartFilterBar-btnBasicSearch"}]}
RESULT: undefined
COMMAND: POST /session/673ee8da6ae2a3036ac170eb6294f89d/execute/async - {"script":"<script> [776 bytes]","args":[{"enterText":"mmIZmQN6vz","selector":{"id":"application-manageconditionprice-display-component---conditions--smartFilterBar-btnBasicSearch","interaction":{"idSuffix":"I"}},"clearTextFirst":true,"interactionType":"ENTER_TEXT"}]}
RESULT: {"script":"<script> [776 bytes]","args":[{"enterText":"mmIZmQN6vz","selector":{"id":"application-manageconditionprice-display-component---conditions--smartFilterBar-btnBasicSearch","interaction":{"idSuffix":"I"}},"clearTextFirst":true,"interactionType":"ENTER_TEXT"}]}
COMMAND: POST /session/673ee8da6ae2a3036ac170eb6294f89d/actions - {"actions":[{"id":"action68","type":"key","parameters":{},"actions":[{"type":"keyDown","value":"î€‡"},{"type":"pause","duration":10},{"type":"keyUp","value":"î€‡"}]}]}
RESULT: {"actions":[{"id":"action68","type":"key","parameters":{},"actions":[{"type":"keyDown","value":"î€‡"},{"type":"pause","duration":10},{"type":"keyUp","value":"î€‡"}]}]}
COMMAND: GET /session/673ee8da6ae2a3036ac170eb6294f89d/screenshot - {}
RESULT: {}
COMMAND: POST /session/673ee8da6ae2a3036ac170eb6294f89d/execute/async - {"script":"<script> [1562 bytes]","args":[{"selector":{"id":"application-manageconditionprice-display-component---conditions--smartFilterBar-filterItemControl_BASIC-BILL_TYPES-vhi"},"wdio_ui5_key":"applicationmanageconditionprice-display-component---conditions--smartFilterBar-filterItemControl_BASIC-BILL_TYPES-vhi"}]}
RESULT: {"script":"<script> [1562 bytes]","args":[{"selector":{"id":"application-manageconditionprice-display-component---conditions--smartFilterBar-filterItemControl_BASIC-BILL_TYPES-vhi"},"wdio_ui5_key":"applicationmanageconditionprice-display-component---conditions--smartFilterBar-filterItemControl_BASIC-BILL_TYPES-vhi"}]}
RESULT: undefined
COMMAND: POST /session/673ee8da6ae2a3036ac170eb6294f89d/element - {"using":"xpath","value":"//*[@id=\"application-manageconditionprice-display-component---conditions--smartFilterBar-filterItemControl_BASIC-BILL_TYPES-vhi\"]"}
RESULT: {"using":"xpath","value":"//*[@id=\"application-manageconditionprice-display-component---conditions--smartFilterBar-filterItemControl_BASIC-BILL_TYPES-vhi\"]"}
COMMAND: POST /session/673ee8da6ae2a3036ac170eb6294f89d/element/f.D876D0B9E4FB8B9E585720C2FE40BD5D.d.666699421E3115FE4552E6D239C6DA99.e.18191/click - {}
RESULT: {}
COMMAND: POST /session/673ee8da6ae2a3036ac170eb6294f89d/execute/async - {"script":"<script> [1562 bytes]","args":[{"selector":{"id":"application-manageconditionprice-display-component---conditions--smartFilterBar-filterItemControl_BASIC-BILL_TYPES-valueHelpDialog-smartFilterBar-btnBasicSearch","searchOpenDialogs":true,"interaction":{"idSuffix":"I"}},"wdio_ui5_key":"applicationmanageconditionprice-display-component---conditions--smartFilterBar-filterItemControl_BASIC-BILL_TYPES-valueHelpDialog-smartFilterBar-btnBasicSearch"}]}
COMMAND: GET /session/673ee8da6ae2a3036ac170eb6294f89d/screenshot - {}
RESULT: {"script":"<script> [1562 bytes]","args":[{"selector":{"id":"application-manageconditionprice-display-component---conditions--smartFilterBar-filterItemControl_BASIC-BILL_TYPES-valueHelpDialog-smartFilterBar-btnBasicSearch","searchOpenDialogs":true,"interaction":{"idSuffix":"I"}},"wdio_ui5_key":"applicationmanageconditionprice-display-component---conditions--smartFilterBar-filterItemControl_BASIC-BILL_TYPES-valueHelpDialog-smartFilterBar-btnBasicSearch"}]}
RESULT: undefined
COMMAND: POST /session/673ee8da6ae2a3036ac170eb6294f89d/execute/async - {"script":"<script> [776 bytes]","args":[{"enterText":"TB","selector":{"id":"application-manageconditionprice-display-component---conditions--smartFilterBar-filterItemControl_BASIC-BILL_TYPES-valueHelpDialog-smartFilterBar-btnBasicSearch","searchOpenDialogs":true,"interaction":{"idSuffix":"I"}},"clearTextFirst":true,"interactionType":"ENTER_TEXT"}]}
RESULT: {}
RESULT: {"script":"<script> [776 bytes]","args":[{"enterText":"TB","selector":{"id":"application-manageconditionprice-display-component---conditions--smartFilterBar-filterItemControl_BASIC-BILL_TYPES-valueHelpDialog-smartFilterBar-btnBasicSearch","searchOpenDialogs":true,"interaction":{"idSuffix":"I"}},"clearTextFirst":true,"interactionType":"ENTER_TEXT"}]}
COMMAND: POST /session/673ee8da6ae2a3036ac170eb6294f89d/actions - {"actions":[{"id":"action69","type":"key","parameters":{},"actions":[{"type":"keyDown","value":"î€‡"},{"type":"pause","duration":10},{"type":"keyUp","value":"î€‡"}]}]}
RESULT: {"actions":[{"id":"action69","type":"key","parameters":{},"actions":[{"type":"keyDown","value":"î€‡"},{"type":"pause","duration":10},{"type":"keyUp","value":"î€‡"}]}]}
COMMAND: GET /session/673ee8da6ae2a3036ac170eb6294f89d/screenshot - {}
RESULT: {}
COMMAND: POST /session/673ee8da6ae2a3036ac170eb6294f89d/element - {"using":"xpath","value":"//div[contains(@id, 'application-manageconditionprice-display-component---conditions--smartFilterBar-filterItemControl_BASIC-BILL_TYPES-valueHelpDialog-table-rowsel0')]"}
RESULT: {"using":"xpath","value":"//div[contains(@id, 'application-manageconditionprice-display-component---conditions--smartFilterBar-filterItemControl_BASIC-BILL_TYPES-valueHelpDialog-table-rowsel0')]"}
COMMAND: POST /session/673ee8da6ae2a3036ac170eb6294f89d/element/f.D876D0B9E4FB8B9E585720C2FE40BD5D.d.666699421E3115FE4552E6D239C6DA99.e.18199/click - {}
RESULT: {}
COMMAND: GET /session/673ee8da6ae2a3036ac170eb6294f89d/screenshot - {}
RESULT: {}
COMMAND: POST /session/673ee8da6ae2a3036ac170eb6294f89d/element - {"using":"xpath","value":"//bdi[contains(text(), \"OK\")]"}
RESULT: {"using":"xpath","value":"//bdi[contains(text(), \"OK\")]"}
COMMAND: POST /session/673ee8da6ae2a3036ac170eb6294f89d/element/f.D876D0B9E4FB8B9E585720C2FE40BD5D.d.666699421E3115FE4552E6D239C6DA99.e.18201/click - {}
RESULT: {}
COMMAND: GET /session/673ee8da6ae2a3036ac170eb6294f89d/screenshot - {}
RESULT: {}
COMMAND: POST /session/673ee8da6ae2a3036ac170eb6294f89d/element - {"using":"xpath","value":"//span[@id=\"application-manageconditionprice-display-component---conditions--smartTable-header-inner\"]"}
RESULT: {"using":"xpath","value":"//span[@id=\"application-manageconditionprice-display-component---conditions--smartTable-header-inner\"]"}
COMMAND: POST /session/673ee8da6ae2a3036ac170eb6294f89d/elements - {"using":"xpath","value":"//span[@id=\"application-manageconditionprice-display-component---conditions--smartTable-header-inner\"]"}
RESULT: {"using":"xpath","value":"//span[@id=\"application-manageconditionprice-display-component---conditions--smartTable-header-inner\"]"}
COMMAND: POST /session/673ee8da6ae2a3036ac170eb6294f89d/execute/sync - {"script":"<script> [56 bytes]","args":[{"element-6066-11e4-a52e-4f735466cecf":"f.D876D0B9E4FB8B9E585720C2FE40BD5D.d.666699421E3115FE4552E6D239C6DA99.e.18204","ELEMENT":"f.D876D0B9E4FB8B9E585720C2FE40BD5D.d.666699421E3115FE4552E6D239C6DA99.e.18204"}]}
RESULT: {"script":"<script> [56 bytes]","args":[{"element-6066-11e4-a52e-4f735466cecf":"f.D876D0B9E4FB8B9E585720C2FE40BD5D.d.666699421E3115FE4552E6D239C6DA99.e.18204","ELEMENT":"f.D876D0B9E4FB8B9E585720C2FE40BD5D.d.666699421E3115FE4552E6D239C6DA99.e.18204"}]}
COMMAND: POST /session/673ee8da6ae2a3036ac170eb6294f89d/element - {"using":"css selector","value":"#shell-header-logo"}
COMMAND: GET /session/673ee8da6ae2a3036ac170eb6294f89d/screenshot - {}
RESULT: {}
RESULT: {"using":"css selector","value":"#shell-header-logo"}
COMMAND: POST /session/673ee8da6ae2a3036ac170eb6294f89d/element/f.D876D0B9E4FB8B9E585720C2FE40BD5D.d.666699421E3115FE4552E6D239C6DA99.e.17837/click - {}
RESULT: {}
COMMAND: GET /session/673ee8da6ae2a3036ac170eb6294f89d/screenshot - {}
RESULT: {}
]]></system-out>
    </testcase>
    <testcase classname="chrome.136_0_7103_93.windows.Create_Reverse_Billing_US127248" name="Should do a stock increase handover" time="90.349">
      <system-out><![CDATA[
COMMAND: POST /session/673ee8da6ae2a3036ac170eb6294f89d/execute/async - {"script":"<script> [1562 bytes]","args":[{"selector":{"controlType":"sap.m.GenericTile","properties":{"header":"Manage Handovers"}},"wdio_ui5_key":"sapm.GenericTile{\"header\":\"Manage Handovers\"}"}]}
RESULT: {"script":"<script> [1562 bytes]","args":[{"selector":{"controlType":"sap.m.GenericTile","properties":{"header":"Manage Handovers"}},"wdio_ui5_key":"sapm.GenericTile{\"header\":\"Manage Handovers\"}"}]}
RESULT: undefined
COMMAND: POST /session/673ee8da6ae2a3036ac170eb6294f89d/element - {"using":"xpath","value":"//*[@id=\"__tile133\"]"}
RESULT: {"using":"xpath","value":"//*[@id=\"__tile133\"]"}
COMMAND: POST /session/673ee8da6ae2a3036ac170eb6294f89d/element/f.D876D0B9E4FB8B9E585720C2FE40BD5D.d.666699421E3115FE4552E6D239C6DA99.e.16946/click - {}
RESULT: {}
COMMAND: GET /session/673ee8da6ae2a3036ac170eb6294f89d/screenshot - {}
RESULT: {}
COMMAND: POST /session/673ee8da6ae2a3036ac170eb6294f89d/elements - {"using":"xpath","value":"//span[text()='Error']"}
RESULT: {"using":"xpath","value":"//span[text()='Error']"}
COMMAND: POST /session/673ee8da6ae2a3036ac170eb6294f89d/element - {"using":"xpath","value":"//button[@data-kt=\"masterHOAddButton\"]"}
RESULT: {"using":"xpath","value":"//button[@data-kt=\"masterHOAddButton\"]"}
COMMAND: POST /session/673ee8da6ae2a3036ac170eb6294f89d/elements - {"using":"xpath","value":"//button[@data-kt=\"masterHOAddButton\"]"}
RESULT: {"using":"xpath","value":"//button[@data-kt=\"masterHOAddButton\"]"}
COMMAND: POST /session/673ee8da6ae2a3036ac170eb6294f89d/execute/sync - {"script":"<script> [8489 bytes]","args":[{"element-6066-11e4-a52e-4f735466cecf":"f.D876D0B9E4FB8B9E585720C2FE40BD5D.d.666699421E3115FE4552E6D239C6DA99.e.18243","ELEMENT":"f.D876D0B9E4FB8B9E585720C2FE40BD5D.d.666699421E3115FE4552E6D239C6DA99.e.18243"}]}
RESULT: {"script":"<script> [8489 bytes]","args":[{"element-6066-11e4-a52e-4f735466cecf":"f.D876D0B9E4FB8B9E585720C2FE40BD5D.d.666699421E3115FE4552E6D239C6DA99.e.18243","ELEMENT":"f.D876D0B9E4FB8B9E585720C2FE40BD5D.d.666699421E3115FE4552E6D239C6DA99.e.18243"}]}
COMMAND: GET /session/673ee8da6ae2a3036ac170eb6294f89d/element/f.D876D0B9E4FB8B9E585720C2FE40BD5D.d.666699421E3115FE4552E6D239C6DA99.e.18243/enabled - {}
COMMAND: GET /session/673ee8da6ae2a3036ac170eb6294f89d/screenshot - {}
RESULT: {}
COMMAND: POST /session/673ee8da6ae2a3036ac170eb6294f89d/execute/sync - {"script":"<script> [8489 bytes]","args":[{"element-6066-11e4-a52e-4f735466cecf":"f.D876D0B9E4FB8B9E585720C2FE40BD5D.d.666699421E3115FE4552E6D239C6DA99.e.18243","ELEMENT":"f.D876D0B9E4FB8B9E585720C2FE40BD5D.d.666699421E3115FE4552E6D239C6DA99.e.18243"}]}
COMMAND: GET /session/673ee8da6ae2a3036ac170eb6294f89d/screenshot - {}
RESULT: {}
RESULT: {"script":"<script> [8489 bytes]","args":[{"element-6066-11e4-a52e-4f735466cecf":"f.D876D0B9E4FB8B9E585720C2FE40BD5D.d.666699421E3115FE4552E6D239C6DA99.e.18243","ELEMENT":"f.D876D0B9E4FB8B9E585720C2FE40BD5D.d.666699421E3115FE4552E6D239C6DA99.e.18243"}]}
COMMAND: POST /session/673ee8da6ae2a3036ac170eb6294f89d/execute/sync - {"script":"<script> [5351 bytes]","args":[{"element-6066-11e4-a52e-4f735466cecf":"f.D876D0B9E4FB8B9E585720C2FE40BD5D.d.666699421E3115FE4552E6D239C6DA99.e.18243","ELEMENT":"f.D876D0B9E4FB8B9E585720C2FE40BD5D.d.666699421E3115FE4552E6D239C6DA99.e.18243"}]}
COMMAND: GET /session/673ee8da6ae2a3036ac170eb6294f89d/screenshot - {}
RESULT: {}
RESULT: {"script":"<script> [5351 bytes]","args":[{"element-6066-11e4-a52e-4f735466cecf":"f.D876D0B9E4FB8B9E585720C2FE40BD5D.d.666699421E3115FE4552E6D239C6DA99.e.18243","ELEMENT":"f.D876D0B9E4FB8B9E585720C2FE40BD5D.d.666699421E3115FE4552E6D239C6DA99.e.18243"}]}
COMMAND: POST /session/673ee8da6ae2a3036ac170eb6294f89d/element/f.D876D0B9E4FB8B9E585720C2FE40BD5D.d.666699421E3115FE4552E6D239C6DA99.e.18243/click - {}
COMMAND: GET /session/673ee8da6ae2a3036ac170eb6294f89d/screenshot - {}
RESULT: {}
RESULT: {}
COMMAND: GET /session/673ee8da6ae2a3036ac170eb6294f89d/screenshot - {}
RESULT: {}
COMMAND: POST /session/673ee8da6ae2a3036ac170eb6294f89d/element - {"using":"xpath","value":"//span[contains(@id ,\"AddNewHO--typeSelect-arrow\")]"}
RESULT: {}
RESULT: {"using":"xpath","value":"//span[contains(@id ,\"AddNewHO--typeSelect-arrow\")]"}
COMMAND: POST /session/673ee8da6ae2a3036ac170eb6294f89d/element/f.D876D0B9E4FB8B9E585720C2FE40BD5D.d.666699421E3115FE4552E6D239C6DA99.e.18603/click - {}
RESULT: {}
COMMAND: GET /session/673ee8da6ae2a3036ac170eb6294f89d/screenshot - {}
RESULT: {}
COMMAND: POST /session/673ee8da6ae2a3036ac170eb6294f89d/element - {"using":"xpath","value":"(//li[contains(text(), \"stock increase yard\")])[1]"}
RESULT: {"using":"xpath","value":"(//li[contains(text(), \"stock increase yard\")])[1]"}
COMMAND: POST /session/673ee8da6ae2a3036ac170eb6294f89d/element/f.D876D0B9E4FB8B9E585720C2FE40BD5D.d.666699421E3115FE4552E6D239C6DA99.e.18604/click - {}
RESULT: {}
COMMAND: GET /session/673ee8da6ae2a3036ac170eb6294f89d/screenshot - {}
RESULT: {}
COMMAND: POST /session/673ee8da6ae2a3036ac170eb6294f89d/execute/async - {"script":"<script> [1562 bytes]","args":[{"selector":{"id":"application-managehandovers-display-component---AddNewHO--dueDate","interaction":{"idSuffix":"inner"}},"wdio_ui5_key":"applicationmanagehandovers-display-component---AddNewHO--dueDate"}]}
RESULT: {"script":"<script> [1562 bytes]","args":[{"selector":{"id":"application-managehandovers-display-component---AddNewHO--dueDate","interaction":{"idSuffix":"inner"}},"wdio_ui5_key":"applicationmanagehandovers-display-component---AddNewHO--dueDate"}]}
RESULT: undefined
COMMAND: POST /session/673ee8da6ae2a3036ac170eb6294f89d/execute/async - {"script":"<script> [6424 bytes]","args":[{"element-6066-11e4-a52e-4f735466cecf":"f.D876D0B9E4FB8B9E585720C2FE40BD5D.d.666699421E3115FE4552E6D239C6DA99.e.18606"},"setValue",["5/18/25"]]}
RESULT: {"script":"<script> [6424 bytes]","args":[{"element-6066-11e4-a52e-4f735466cecf":"f.D876D0B9E4FB8B9E585720C2FE40BD5D.d.666699421E3115FE4552E6D239C6DA99.e.18606"},"setValue",["5/18/25"]]}
COMMAND: POST /session/673ee8da6ae2a3036ac170eb6294f89d/element - {"using":"xpath","value":"//input[@id=\"generalSectionFrg--receiveYard-inner\"]"}
RESULT: {"using":"xpath","value":"//input[@id=\"generalSectionFrg--receiveYard-inner\"]"}
COMMAND: POST /session/673ee8da6ae2a3036ac170eb6294f89d/element/f.D876D0B9E4FB8B9E585720C2FE40BD5D.d.666699421E3115FE4552E6D239C6DA99.e.18610/clear - {}
RESULT: {}
COMMAND: POST /session/673ee8da6ae2a3036ac170eb6294f89d/element/f.D876D0B9E4FB8B9E585720C2FE40BD5D.d.666699421E3115FE4552E6D239C6DA99.e.18610/value - {"text":"532"}
COMMAND: GET /session/673ee8da6ae2a3036ac170eb6294f89d/screenshot - {}
RESULT: {"text":"532"}
COMMAND: GET /session/673ee8da6ae2a3036ac170eb6294f89d/screenshot - {}
RESULT: {}
RESULT: {}
COMMAND: POST /session/673ee8da6ae2a3036ac170eb6294f89d/element - {"using":"xpath","value":"//li[.//span[text()='532']]"}
RESULT: {"using":"xpath","value":"//li[.//span[text()='532']]"}
COMMAND: POST /session/673ee8da6ae2a3036ac170eb6294f89d/element/f.D876D0B9E4FB8B9E585720C2FE40BD5D.d.666699421E3115FE4552E6D239C6DA99.e.18628/click - {}
RESULT: {}
COMMAND: GET /session/673ee8da6ae2a3036ac170eb6294f89d/screenshot - {}
RESULT: {}
COMMAND: POST /session/673ee8da6ae2a3036ac170eb6294f89d/execute/async - {"script":"<script> [1562 bytes]","args":[{"selector":{"id":"application-managehandovers-display-component---AddNewHO--ObjectPageLayout-anchBar-application-managehandovers-display-component---AddNewHO--section4-anchor","interaction":{"idSuffix":"BDI-content"}},"wdio_ui5_key":"applicationmanagehandovers-display-component---AddNewHO--ObjectPageLayout-anchBar-application-managehandovers-display-component---AddNewHO--section4-anchor"}]}
RESULT: {"script":"<script> [1562 bytes]","args":[{"selector":{"id":"application-managehandovers-display-component---AddNewHO--ObjectPageLayout-anchBar-application-managehandovers-display-component---AddNewHO--section4-anchor","interaction":{"idSuffix":"BDI-content"}},"wdio_ui5_key":"applicationmanagehandovers-display-component---AddNewHO--ObjectPageLayout-anchBar-application-managehandovers-display-component---AddNewHO--section4-anchor"}]}
RESULT: undefined
COMMAND: POST /session/673ee8da6ae2a3036ac170eb6294f89d/element - {"using":"xpath","value":"//*[@id=\"application-managehandovers-display-component---AddNewHO--ObjectPageLayout-anchBar-application-managehandovers-display-component---AddNewHO--section4-anchor\"]"}
RESULT: {"using":"xpath","value":"//*[@id=\"application-managehandovers-display-component---AddNewHO--ObjectPageLayout-anchBar-application-managehandovers-display-component---AddNewHO--section4-anchor\"]"}
COMMAND: POST /session/673ee8da6ae2a3036ac170eb6294f89d/element/f.D876D0B9E4FB8B9E585720C2FE40BD5D.d.666699421E3115FE4552E6D239C6DA99.e.18630/click - {}
RESULT: {}
COMMAND: POST /session/673ee8da6ae2a3036ac170eb6294f89d/element - {"using":"xpath","value":"//button[@aria-label=\"Add\"]"}
COMMAND: GET /session/673ee8da6ae2a3036ac170eb6294f89d/screenshot - {}
RESULT: {"using":"xpath","value":"//button[@aria-label=\"Add\"]"}
COMMAND: POST /session/673ee8da6ae2a3036ac170eb6294f89d/element/f.D876D0B9E4FB8B9E585720C2FE40BD5D.d.666699421E3115FE4552E6D239C6DA99.e.18632/click - {}
RESULT: {}
RESULT: {}
COMMAND: GET /session/673ee8da6ae2a3036ac170eb6294f89d/screenshot - {}
RESULT: {}
COMMAND: POST /session/673ee8da6ae2a3036ac170eb6294f89d/execute/async - {"script":"<script> [1562 bytes]","args":[{"selector":{"id":"application-managehandovers-display-component---AddNewHO--smartFilterBar-btnBasicSearch","searchOpenDialogs":true,"interaction":{"idSuffix":"I"}},"wdio_ui5_key":"applicationmanagehandovers-display-component---AddNewHO--smartFilterBar-btnBasicSearch"}]}
RESULT: {"script":"<script> [1562 bytes]","args":[{"selector":{"id":"application-managehandovers-display-component---AddNewHO--smartFilterBar-btnBasicSearch","searchOpenDialogs":true,"interaction":{"idSuffix":"I"}},"wdio_ui5_key":"applicationmanagehandovers-display-component---AddNewHO--smartFilterBar-btnBasicSearch"}]}
RESULT: undefined
COMMAND: POST /session/673ee8da6ae2a3036ac170eb6294f89d/execute/async - {"script":"<script> [776 bytes]","args":[{"enterText":"mmIZmQN6vz","selector":{"id":"application-managehandovers-display-component---AddNewHO--smartFilterBar-btnBasicSearch","searchOpenDialogs":true,"interaction":{"idSuffix":"I"}},"clearTextFirst":true,"interactionType":"ENTER_TEXT"}]}
RESULT: {"script":"<script> [776 bytes]","args":[{"enterText":"mmIZmQN6vz","selector":{"id":"application-managehandovers-display-component---AddNewHO--smartFilterBar-btnBasicSearch","searchOpenDialogs":true,"interaction":{"idSuffix":"I"}},"clearTextFirst":true,"interactionType":"ENTER_TEXT"}]}
COMMAND: POST /session/673ee8da6ae2a3036ac170eb6294f89d/actions - {"actions":[{"id":"action70","type":"key","parameters":{},"actions":[{"type":"keyDown","value":"î€‡"},{"type":"pause","duration":10},{"type":"keyUp","value":"î€‡"}]}]}
RESULT: {"actions":[{"id":"action70","type":"key","parameters":{},"actions":[{"type":"keyDown","value":"î€‡"},{"type":"pause","duration":10},{"type":"keyUp","value":"î€‡"}]}]}
COMMAND: GET /session/673ee8da6ae2a3036ac170eb6294f89d/screenshot - {}
RESULT: {}
COMMAND: POST /session/673ee8da6ae2a3036ac170eb6294f89d/execute/async - {"script":"<script> [1562 bytes]","args":[{"selector":{"id":"application-managehandovers-display-component---AddNewHO--popup-sa","searchOpenDialogs":true,"interaction":{"idSuffix":"CbBg"}},"wdio_ui5_key":"applicationmanagehandovers-display-component---AddNewHO--popup-sa"}]}
RESULT: {"script":"<script> [1562 bytes]","args":[{"selector":{"id":"application-managehandovers-display-component---AddNewHO--popup-sa","searchOpenDialogs":true,"interaction":{"idSuffix":"CbBg"}},"wdio_ui5_key":"applicationmanagehandovers-display-component---AddNewHO--popup-sa"}]}
RESULT: undefined
COMMAND: POST /session/673ee8da6ae2a3036ac170eb6294f89d/element - {"using":"xpath","value":"//*[@id=\"application-managehandovers-display-component---AddNewHO--popup-sa\"]"}
RESULT: {"using":"xpath","value":"//*[@id=\"application-managehandovers-display-component---AddNewHO--popup-sa\"]"}
COMMAND: POST /session/673ee8da6ae2a3036ac170eb6294f89d/element/f.D876D0B9E4FB8B9E585720C2FE40BD5D.d.666699421E3115FE4552E6D239C6DA99.e.18784/click - {}
RESULT: {}
COMMAND: GET /session/673ee8da6ae2a3036ac170eb6294f89d/screenshot - {}
RESULT: {}
COMMAND: POST /session/673ee8da6ae2a3036ac170eb6294f89d/element - {"using":"xpath","value":"//bdi[contains(text(), \"Select\")]"}
RESULT: {"using":"xpath","value":"//bdi[contains(text(), \"Select\")]"}
COMMAND: POST /session/673ee8da6ae2a3036ac170eb6294f89d/element/f.D876D0B9E4FB8B9E585720C2FE40BD5D.d.666699421E3115FE4552E6D239C6DA99.e.18785/click - {}
RESULT: {}
COMMAND: GET /session/673ee8da6ae2a3036ac170eb6294f89d/screenshot - {}
RESULT: {}
COMMAND: POST /session/673ee8da6ae2a3036ac170eb6294f89d/element - {"using":"xpath","value":"//button[@data-kt=\"AddNewHOSaveButton\"]"}
RESULT: {"using":"xpath","value":"//button[@data-kt=\"AddNewHOSaveButton\"]"}
COMMAND: POST /session/673ee8da6ae2a3036ac170eb6294f89d/element/f.D876D0B9E4FB8B9E585720C2FE40BD5D.d.666699421E3115FE4552E6D239C6DA99.e.18789/click - {}
RESULT: {}
COMMAND: GET /session/673ee8da6ae2a3036ac170eb6294f89d/screenshot - {}
RESULT: {}
COMMAND: POST /session/673ee8da6ae2a3036ac170eb6294f89d/execute/async - {"script":"<script> [1562 bytes]","args":[{"selector":{"id":"receiptDatePicker","viewName":"etm.portal.ui.managehandovers.view.DetailExecuteHO","interaction":{"idSuffix":"inner"}},"wdio_ui5_key":"receiptDatePickeretmportal.ui.managehandovers.view.DetailExecuteHO"}]}
RESULT: {"script":"<script> [1562 bytes]","args":[{"selector":{"id":"receiptDatePicker","viewName":"etm.portal.ui.managehandovers.view.DetailExecuteHO","interaction":{"idSuffix":"inner"}},"wdio_ui5_key":"receiptDatePickeretmportal.ui.managehandovers.view.DetailExecuteHO"}]}
RESULT: undefined
COMMAND: POST /session/673ee8da6ae2a3036ac170eb6294f89d/execute/async - {"script":"<script> [6424 bytes]","args":[{"element-6066-11e4-a52e-4f735466cecf":"f.D876D0B9E4FB8B9E585720C2FE40BD5D.d.666699421E3115FE4552E6D239C6DA99.e.18809"},"setValue",["5/18/25"]]}
RESULT: {"script":"<script> [6424 bytes]","args":[{"element-6066-11e4-a52e-4f735466cecf":"f.D876D0B9E4FB8B9E585720C2FE40BD5D.d.666699421E3115FE4552E6D239C6DA99.e.18809"},"setValue",["5/18/25"]]}
COMMAND: POST /session/673ee8da6ae2a3036ac170eb6294f89d/element - {"using":"xpath","value":"//button[@data-kt=\"PickingTableConfirmAllButton\"]"}
RESULT: {"using":"xpath","value":"//button[@data-kt=\"PickingTableConfirmAllButton\"]"}
COMMAND: POST /session/673ee8da6ae2a3036ac170eb6294f89d/element/f.D876D0B9E4FB8B9E585720C2FE40BD5D.d.666699421E3115FE4552E6D239C6DA99.e.18823/click - {}
RESULT: {}
COMMAND: GET /session/673ee8da6ae2a3036ac170eb6294f89d/screenshot - {}
RESULT: {}
COMMAND: POST /session/673ee8da6ae2a3036ac170eb6294f89d/element - {"using":"xpath","value":"//bdi[contains(text(), \"OK\")]"}
RESULT: {"using":"xpath","value":"//bdi[contains(text(), \"OK\")]"}
COMMAND: POST /session/673ee8da6ae2a3036ac170eb6294f89d/element/f.D876D0B9E4FB8B9E585720C2FE40BD5D.d.666699421E3115FE4552E6D239C6DA99.e.18825/click - {}
RESULT: {}
COMMAND: GET /session/673ee8da6ae2a3036ac170eb6294f89d/screenshot - {}
RESULT: {}
COMMAND: POST /session/673ee8da6ae2a3036ac170eb6294f89d/element - {"using":"xpath","value":"(//bdi[contains(text(), \"Receive\")])[2]"}
RESULT: {"using":"xpath","value":"(//bdi[contains(text(), \"Receive\")])[2]"}
COMMAND: POST /session/673ee8da6ae2a3036ac170eb6294f89d/element/f.D876D0B9E4FB8B9E585720C2FE40BD5D.d.666699421E3115FE4552E6D239C6DA99.e.18827/click - {}
RESULT: {}
COMMAND: GET /session/673ee8da6ae2a3036ac170eb6294f89d/screenshot - {}
RESULT: {}
COMMAND: POST /session/673ee8da6ae2a3036ac170eb6294f89d/element - {"using":"css selector","value":"#shell-header-logo"}
RESULT: {"using":"css selector","value":"#shell-header-logo"}
COMMAND: POST /session/673ee8da6ae2a3036ac170eb6294f89d/element/f.D876D0B9E4FB8B9E585720C2FE40BD5D.d.666699421E3115FE4552E6D239C6DA99.e.18210/click - {}
RESULT: {}
COMMAND: GET /session/673ee8da6ae2a3036ac170eb6294f89d/screenshot - {}
RESULT: {}
]]></system-out>
    </testcase>
    <testcase classname="chrome.136_0_7103_93.windows.Create_Reverse_Billing_US127248" name="Should create a new contract" time="60.245">
      <system-out><![CDATA[
COMMAND: POST /session/673ee8da6ae2a3036ac170eb6294f89d/execute/async - {"script":"<script> [1562 bytes]","args":[{"selector":{"controlType":"sap.m.GenericTile","properties":{"header":"Manage Contracts"}},"wdio_ui5_key":"sapm.GenericTile{\"header\":\"Manage Contracts\"}"}]}
RESULT: {"script":"<script> [1562 bytes]","args":[{"selector":{"controlType":"sap.m.GenericTile","properties":{"header":"Manage Contracts"}},"wdio_ui5_key":"sapm.GenericTile{\"header\":\"Manage Contracts\"}"}]}
RESULT: undefined
COMMAND: POST /session/673ee8da6ae2a3036ac170eb6294f89d/element - {"using":"xpath","value":"//*[@id=\"__tile130\"]"}
RESULT: {"using":"xpath","value":"//*[@id=\"__tile130\"]"}
COMMAND: POST /session/673ee8da6ae2a3036ac170eb6294f89d/element/f.D876D0B9E4FB8B9E585720C2FE40BD5D.d.666699421E3115FE4552E6D239C6DA99.e.16883/click - {}
RESULT: {}
COMMAND: GET /session/673ee8da6ae2a3036ac170eb6294f89d/screenshot - {}
RESULT: {}
COMMAND: POST /session/673ee8da6ae2a3036ac170eb6294f89d/elements - {"using":"xpath","value":"//span[text()='Error']"}
RESULT: {"using":"xpath","value":"//span[text()='Error']"}
COMMAND: POST /session/673ee8da6ae2a3036ac170eb6294f89d/element - {"using":"xpath","value":"//button[@data-kt=\"addButton\"]"}
RESULT: {"using":"xpath","value":"//button[@data-kt=\"addButton\"]"}
COMMAND: POST /session/673ee8da6ae2a3036ac170eb6294f89d/elements - {"using":"xpath","value":"//button[@data-kt=\"addButton\"]"}
RESULT: {"using":"xpath","value":"//button[@data-kt=\"addButton\"]"}
COMMAND: POST /session/673ee8da6ae2a3036ac170eb6294f89d/execute/sync - {"script":"<script> [8489 bytes]","args":[{"element-6066-11e4-a52e-4f735466cecf":"f.D876D0B9E4FB8B9E585720C2FE40BD5D.d.666699421E3115FE4552E6D239C6DA99.e.19044","ELEMENT":"f.D876D0B9E4FB8B9E585720C2FE40BD5D.d.666699421E3115FE4552E6D239C6DA99.e.19044"}]}
RESULT: {"script":"<script> [8489 bytes]","args":[{"element-6066-11e4-a52e-4f735466cecf":"f.D876D0B9E4FB8B9E585720C2FE40BD5D.d.666699421E3115FE4552E6D239C6DA99.e.19044","ELEMENT":"f.D876D0B9E4FB8B9E585720C2FE40BD5D.d.666699421E3115FE4552E6D239C6DA99.e.19044"}]}
COMMAND: GET /session/673ee8da6ae2a3036ac170eb6294f89d/element/f.D876D0B9E4FB8B9E585720C2FE40BD5D.d.666699421E3115FE4552E6D239C6DA99.e.19044/enabled - {}
COMMAND: GET /session/673ee8da6ae2a3036ac170eb6294f89d/screenshot - {}
RESULT: {}
COMMAND: POST /session/673ee8da6ae2a3036ac170eb6294f89d/execute/sync - {"script":"<script> [8489 bytes]","args":[{"element-6066-11e4-a52e-4f735466cecf":"f.D876D0B9E4FB8B9E585720C2FE40BD5D.d.666699421E3115FE4552E6D239C6DA99.e.19044","ELEMENT":"f.D876D0B9E4FB8B9E585720C2FE40BD5D.d.666699421E3115FE4552E6D239C6DA99.e.19044"}]}
COMMAND: GET /session/673ee8da6ae2a3036ac170eb6294f89d/screenshot - {}
RESULT: {}
RESULT: {"script":"<script> [8489 bytes]","args":[{"element-6066-11e4-a52e-4f735466cecf":"f.D876D0B9E4FB8B9E585720C2FE40BD5D.d.666699421E3115FE4552E6D239C6DA99.e.19044","ELEMENT":"f.D876D0B9E4FB8B9E585720C2FE40BD5D.d.666699421E3115FE4552E6D239C6DA99.e.19044"}]}
COMMAND: POST /session/673ee8da6ae2a3036ac170eb6294f89d/execute/sync - {"script":"<script> [5351 bytes]","args":[{"element-6066-11e4-a52e-4f735466cecf":"f.D876D0B9E4FB8B9E585720C2FE40BD5D.d.666699421E3115FE4552E6D239C6DA99.e.19044","ELEMENT":"f.D876D0B9E4FB8B9E585720C2FE40BD5D.d.666699421E3115FE4552E6D239C6DA99.e.19044"}]}
COMMAND: GET /session/673ee8da6ae2a3036ac170eb6294f89d/screenshot - {}
RESULT: {}
RESULT: {"script":"<script> [5351 bytes]","args":[{"element-6066-11e4-a52e-4f735466cecf":"f.D876D0B9E4FB8B9E585720C2FE40BD5D.d.666699421E3115FE4552E6D239C6DA99.e.19044","ELEMENT":"f.D876D0B9E4FB8B9E585720C2FE40BD5D.d.666699421E3115FE4552E6D239C6DA99.e.19044"}]}
COMMAND: GET /session/673ee8da6ae2a3036ac170eb6294f89d/screenshot - {}
RESULT: {}
RESULT: {}
COMMAND: POST /session/673ee8da6ae2a3036ac170eb6294f89d/element/f.D876D0B9E4FB8B9E585720C2FE40BD5D.d.666699421E3115FE4552E6D239C6DA99.e.19044/click - {}
RESULT: {}
COMMAND: GET /session/673ee8da6ae2a3036ac170eb6294f89d/screenshot - {}
COMMAND: POST /session/673ee8da6ae2a3036ac170eb6294f89d/execute/async - {"script":"<script> [1562 bytes]","args":[{"selector":{"id":"application-managecontracts-display-component---AddNewContract--projectDescription","interaction":{"idSuffix":"inner"}},"wdio_ui5_key":"applicationmanagecontracts-display-component---AddNewContract--projectDescription"}]}
RESULT: {}
RESULT: {"script":"<script> [1562 bytes]","args":[{"selector":{"id":"application-managecontracts-display-component---AddNewContract--projectDescription","interaction":{"idSuffix":"inner"}},"wdio_ui5_key":"applicationmanagecontracts-display-component---AddNewContract--projectDescription"}]}
RESULT: undefined
COMMAND: POST /session/673ee8da6ae2a3036ac170eb6294f89d/execute/async - {"script":"<script> [776 bytes]","args":[{"enterText":"Contract WDIO","selector":{"id":"application-managecontracts-display-component---AddNewContract--projectDescription","interaction":{"idSuffix":"inner"}},"clearTextFirst":true,"interactionType":"ENTER_TEXT"}]}
RESULT: {"script":"<script> [776 bytes]","args":[{"enterText":"Contract WDIO","selector":{"id":"application-managecontracts-display-component---AddNewContract--projectDescription","interaction":{"idSuffix":"inner"}},"clearTextFirst":true,"interactionType":"ENTER_TEXT"}]}
COMMAND: POST /session/673ee8da6ae2a3036ac170eb6294f89d/element - {"using":"xpath","value":"//input[@id=\"application-managecontracts-display-component---AddNewContract--site-inner\"]"}
RESULT: {"using":"xpath","value":"//input[@id=\"application-managecontracts-display-component---AddNewContract--site-inner\"]"}
COMMAND: POST /session/673ee8da6ae2a3036ac170eb6294f89d/element/f.D876D0B9E4FB8B9E585720C2FE40BD5D.d.666699421E3115FE4552E6D239C6DA99.e.19402/clear - {}
RESULT: {}
COMMAND: POST /session/673ee8da6ae2a3036ac170eb6294f89d/element/f.D876D0B9E4FB8B9E585720C2FE40BD5D.d.666699421E3115FE4552E6D239C6DA99.e.19402/value - {"text":"2263"}
COMMAND: GET /session/673ee8da6ae2a3036ac170eb6294f89d/screenshot - {}
RESULT: {"text":"2263"}
COMMAND: GET /session/673ee8da6ae2a3036ac170eb6294f89d/screenshot - {}
RESULT: {}
RESULT: {}
COMMAND: POST /session/673ee8da6ae2a3036ac170eb6294f89d/element - {"using":"xpath","value":"//li[.//span[text()='2263']]"}
RESULT: {"using":"xpath","value":"//li[.//span[text()='2263']]"}
COMMAND: POST /session/673ee8da6ae2a3036ac170eb6294f89d/element/f.D876D0B9E4FB8B9E585720C2FE40BD5D.d.666699421E3115FE4552E6D239C6DA99.e.19437/click - {}
RESULT: {}
COMMAND: GET /session/673ee8da6ae2a3036ac170eb6294f89d/screenshot - {}
RESULT: {}
COMMAND: POST /session/673ee8da6ae2a3036ac170eb6294f89d/element - {"using":"xpath","value":"//input[@id=\"application-managecontracts-display-component---AddNewContract--yardId-inner\"]"}
RESULT: {"using":"xpath","value":"//input[@id=\"application-managecontracts-display-component---AddNewContract--yardId-inner\"]"}
COMMAND: GET /session/673ee8da6ae2a3036ac170eb6294f89d/element/f.D876D0B9E4FB8B9E585720C2FE40BD5D.d.666699421E3115FE4552E6D239C6DA99.e.19403/property/value - {}
RESULT: {}
COMMAND: POST /session/673ee8da6ae2a3036ac170eb6294f89d/element - {"using":"xpath","value":"//input[@id=\"application-managecontracts-display-component---AddNewContract--customerSelect-inner\"]"}
COMMAND: GET /session/673ee8da6ae2a3036ac170eb6294f89d/screenshot - {}
RESULT: {"using":"xpath","value":"//input[@id=\"application-managecontracts-display-component---AddNewContract--customerSelect-inner\"]"}
COMMAND: POST /session/673ee8da6ae2a3036ac170eb6294f89d/element/f.D876D0B9E4FB8B9E585720C2FE40BD5D.d.666699421E3115FE4552E6D239C6DA99.e.19401/clear - {}
RESULT: {}
RESULT: {}
COMMAND: POST /session/673ee8da6ae2a3036ac170eb6294f89d/element/f.D876D0B9E4FB8B9E585720C2FE40BD5D.d.666699421E3115FE4552E6D239C6DA99.e.19401/value - {"text":"1313"}
COMMAND: GET /session/673ee8da6ae2a3036ac170eb6294f89d/screenshot - {}
RESULT: {"text":"1313"}
COMMAND: GET /session/673ee8da6ae2a3036ac170eb6294f89d/screenshot - {}
RESULT: {}
RESULT: {}
COMMAND: POST /session/673ee8da6ae2a3036ac170eb6294f89d/element - {"using":"xpath","value":"//li[.//span[text()='1313']]"}
RESULT: {"using":"xpath","value":"//li[.//span[text()='1313']]"}
COMMAND: POST /session/673ee8da6ae2a3036ac170eb6294f89d/element/f.D876D0B9E4FB8B9E585720C2FE40BD5D.d.666699421E3115FE4552E6D239C6DA99.e.19440/click - {}
RESULT: {}
COMMAND: GET /session/673ee8da6ae2a3036ac170eb6294f89d/screenshot - {}
RESULT: {}
COMMAND: POST /session/673ee8da6ae2a3036ac170eb6294f89d/element - {"using":"xpath","value":"//button[@data-kt=\"saveButton\"]"}
RESULT: {"using":"xpath","value":"//button[@data-kt=\"saveButton\"]"}
COMMAND: POST /session/673ee8da6ae2a3036ac170eb6294f89d/element/f.D876D0B9E4FB8B9E585720C2FE40BD5D.d.666699421E3115FE4552E6D239C6DA99.e.19441/click - {}
RESULT: {}
COMMAND: GET /session/673ee8da6ae2a3036ac170eb6294f89d/screenshot - {}
RESULT: {}
COMMAND: POST /session/673ee8da6ae2a3036ac170eb6294f89d/element - {"using":"xpath","value":"//span[contains(@id ,\"contractDetailTitleNoExpanded\")]"}
RESULT: {"using":"xpath","value":"//span[contains(@id ,\"contractDetailTitleNoExpanded\")]"}
COMMAND: POST /session/673ee8da6ae2a3036ac170eb6294f89d/elements - {"using":"xpath","value":"//span[contains(@id ,\"contractDetailTitleNoExpanded\")]"}
RESULT: {"using":"xpath","value":"//span[contains(@id ,\"contractDetailTitleNoExpanded\")]"}
COMMAND: POST /session/673ee8da6ae2a3036ac170eb6294f89d/execute/sync - {"script":"<script> [56 bytes]","args":[{"element-6066-11e4-a52e-4f735466cecf":"f.D876D0B9E4FB8B9E585720C2FE40BD5D.d.666699421E3115FE4552E6D239C6DA99.e.19512","ELEMENT":"f.D876D0B9E4FB8B9E585720C2FE40BD5D.d.666699421E3115FE4552E6D239C6DA99.e.19512"}]}
RESULT: {"script":"<script> [56 bytes]","args":[{"element-6066-11e4-a52e-4f735466cecf":"f.D876D0B9E4FB8B9E585720C2FE40BD5D.d.666699421E3115FE4552E6D239C6DA99.e.19512","ELEMENT":"f.D876D0B9E4FB8B9E585720C2FE40BD5D.d.666699421E3115FE4552E6D239C6DA99.e.19512"}]}
COMMAND: GET /session/673ee8da6ae2a3036ac170eb6294f89d/screenshot - {}
RESULT: {}
]]></system-out>
    </testcase>
    <testcase classname="chrome.136_0_7103_93.windows.Create_Reverse_Billing_US127248" name="Should add equipment to the contract" time="46.369">
      <system-out><![CDATA[
COMMAND: POST /session/673ee8da6ae2a3036ac170eb6294f89d/element - {"using":"xpath","value":"//button[@data-kt=\"contractDetailEditBtnButton\"]"}
RESULT: {"using":"xpath","value":"//button[@data-kt=\"contractDetailEditBtnButton\"]"}
COMMAND: POST /session/673ee8da6ae2a3036ac170eb6294f89d/element/f.D876D0B9E4FB8B9E585720C2FE40BD5D.d.666699421E3115FE4552E6D239C6DA99.e.19513/click - {}
RESULT: {}
COMMAND: GET /session/673ee8da6ae2a3036ac170eb6294f89d/screenshot - {}
RESULT: {}
COMMAND: POST /session/673ee8da6ae2a3036ac170eb6294f89d/element - {"using":"xpath","value":"(//span[contains(text(), \"Additional Addresses\")])[2]"}
RESULT: {"using":"xpath","value":"(//span[contains(text(), \"Additional Addresses\")])[2]"}
COMMAND: POST /session/673ee8da6ae2a3036ac170eb6294f89d/element/f.D876D0B9E4FB8B9E585720C2FE40BD5D.d.666699421E3115FE4552E6D239C6DA99.e.19567/click - {}
RESULT: {}
COMMAND: GET /session/673ee8da6ae2a3036ac170eb6294f89d/screenshot - {}
RESULT: {}
COMMAND: POST /session/673ee8da6ae2a3036ac170eb6294f89d/element - {"using":"xpath","value":"//button[@data-kt=\"btnAddTableRowOverflowToolbarButton\"]"}
RESULT: {"using":"xpath","value":"//button[@data-kt=\"btnAddTableRowOverflowToolbarButton\"]"}
COMMAND: POST /session/673ee8da6ae2a3036ac170eb6294f89d/element/f.D876D0B9E4FB8B9E585720C2FE40BD5D.d.666699421E3115FE4552E6D239C6DA99.e.19571/click - {}
RESULT: {}
COMMAND: GET /session/673ee8da6ae2a3036ac170eb6294f89d/screenshot - {}
RESULT: {}
COMMAND: POST /session/673ee8da6ae2a3036ac170eb6294f89d/element - {"using":"xpath","value":"//div[(text() = 'Standard Entry' or . = 'Standard Entry')]"}
RESULT: {"using":"xpath","value":"//div[(text() = 'Standard Entry' or . = 'Standard Entry')]"}
COMMAND: POST /session/673ee8da6ae2a3036ac170eb6294f89d/element/f.D876D0B9E4FB8B9E585720C2FE40BD5D.d.666699421E3115FE4552E6D239C6DA99.e.19573/click - {}
RESULT: {}
COMMAND: GET /session/673ee8da6ae2a3036ac170eb6294f89d/screenshot - {}
RESULT: {}
COMMAND: POST /session/673ee8da6ae2a3036ac170eb6294f89d/element - {"using":"xpath","value":"//td[7]/div/div/input"}
RESULT: {"using":"xpath","value":"//td[7]/div/div/input"}
COMMAND: POST /session/673ee8da6ae2a3036ac170eb6294f89d/element/f.D876D0B9E4FB8B9E585720C2FE40BD5D.d.666699421E3115FE4552E6D239C6DA99.e.19582/clear - {}
RESULT: {}
COMMAND: POST /session/673ee8da6ae2a3036ac170eb6294f89d/element/f.D876D0B9E4FB8B9E585720C2FE40BD5D.d.666699421E3115FE4552E6D239C6DA99.e.19582/value - {"text":"mmIZmQN6vz"}
COMMAND: GET /session/673ee8da6ae2a3036ac170eb6294f89d/screenshot - {}
RESULT: {"text":"mmIZmQN6vz"}
COMMAND: GET /session/673ee8da6ae2a3036ac170eb6294f89d/screenshot - {}
RESULT: {}
RESULT: {}
COMMAND: POST /session/673ee8da6ae2a3036ac170eb6294f89d/actions - {"actions":[{"id":"action71","type":"key","parameters":{},"actions":[{"type":"keyDown","value":"î€‡"},{"type":"pause","duration":10},{"type":"keyUp","value":"î€‡"}]}]}
RESULT: {"actions":[{"id":"action71","type":"key","parameters":{},"actions":[{"type":"keyDown","value":"î€‡"},{"type":"pause","duration":10},{"type":"keyUp","value":"î€‡"}]}]}
COMMAND: GET /session/673ee8da6ae2a3036ac170eb6294f89d/screenshot - {}
RESULT: {}
COMMAND: POST /session/673ee8da6ae2a3036ac170eb6294f89d/execute/sync - {"script":"<script> [276 bytes]","args":["No pricing information was found"]}
RESULT: {"script":"<script> [276 bytes]","args":["No pricing information was found"]}
COMMAND: POST /session/673ee8da6ae2a3036ac170eb6294f89d/element - {"using":"xpath","value":"(//button[@data-kt=\"saveButton\"])[2]"}
COMMAND: GET /session/673ee8da6ae2a3036ac170eb6294f89d/screenshot - {}
RESULT: {"using":"xpath","value":"(//button[@data-kt=\"saveButton\"])[2]"}
COMMAND: POST /session/673ee8da6ae2a3036ac170eb6294f89d/element/f.D876D0B9E4FB8B9E585720C2FE40BD5D.d.666699421E3115FE4552E6D239C6DA99.e.19597/click - {}
RESULT: {}
RESULT: {}
COMMAND: GET /session/673ee8da6ae2a3036ac170eb6294f89d/screenshot - {}
RESULT: {}
COMMAND: POST /session/673ee8da6ae2a3036ac170eb6294f89d/execute/sync - {"script":"<script> [276 bytes]","args":["Some contract items are having rental validity exceeding header rental validity"]}
RESULT: {"script":"<script> [276 bytes]","args":["Some contract items are having rental validity exceeding header rental validity"]}
COMMAND: GET /session/673ee8da6ae2a3036ac170eb6294f89d/screenshot - {}
RESULT: {}
COMMAND: POST /session/673ee8da6ae2a3036ac170eb6294f89d/element - {"using":"xpath","value":"//span[contains(@id ,\"contractItemsSmartTable-header-inner\")]"}
RESULT: {"using":"xpath","value":"//span[contains(@id ,\"contractItemsSmartTable-header-inner\")]"}
COMMAND: POST /session/673ee8da6ae2a3036ac170eb6294f89d/elements - {"using":"xpath","value":"//span[contains(@id ,\"contractItemsSmartTable-header-inner\")]"}
RESULT: {"using":"xpath","value":"//span[contains(@id ,\"contractItemsSmartTable-header-inner\")]"}
COMMAND: POST /session/673ee8da6ae2a3036ac170eb6294f89d/execute/sync - {"script":"<script> [56 bytes]","args":[{"element-6066-11e4-a52e-4f735466cecf":"f.D876D0B9E4FB8B9E585720C2FE40BD5D.d.666699421E3115FE4552E6D239C6DA99.e.19602","ELEMENT":"f.D876D0B9E4FB8B9E585720C2FE40BD5D.d.666699421E3115FE4552E6D239C6DA99.e.19602"}]}
RESULT: {"script":"<script> [56 bytes]","args":[{"element-6066-11e4-a52e-4f735466cecf":"f.D876D0B9E4FB8B9E585720C2FE40BD5D.d.666699421E3115FE4552E6D239C6DA99.e.19602","ELEMENT":"f.D876D0B9E4FB8B9E585720C2FE40BD5D.d.666699421E3115FE4552E6D239C6DA99.e.19602"}]}
]]></system-out>
    </testcase>
    <testcase classname="chrome.136_0_7103_93.windows.Create_Reverse_Billing_US127248" name="Should do a provide to site handover" time="59.271">
      <system-out><![CDATA[
COMMAND: POST /session/673ee8da6ae2a3036ac170eb6294f89d/element - {"using":"xpath","value":"//button[@data-kt=\"provideButton\"]"}
COMMAND: GET /session/673ee8da6ae2a3036ac170eb6294f89d/screenshot - {}
RESULT: {"using":"xpath","value":"//button[@data-kt=\"provideButton\"]"}
COMMAND: POST /session/673ee8da6ae2a3036ac170eb6294f89d/element/f.D876D0B9E4FB8B9E585720C2FE40BD5D.d.666699421E3115FE4552E6D239C6DA99.e.19603/click - {}
RESULT: {}
RESULT: {}
COMMAND: GET /session/673ee8da6ae2a3036ac170eb6294f89d/screenshot - {}
RESULT: undefined
COMMAND: POST /session/673ee8da6ae2a3036ac170eb6294f89d/execute/async - {"script":"<script> [6424 bytes]","args":[{"element-6066-11e4-a52e-4f735466cecf":"f.D876D0B9E4FB8B9E585720C2FE40BD5D.d.666699421E3115FE4552E6D239C6DA99.e.18606"},"setValue",["5/18/25"]]}
RESULT: {}
COMMAND: POST /session/673ee8da6ae2a3036ac170eb6294f89d/execute/async - {"script":"<script> [1562 bytes]","args":[{"selector":{"id":"application-managehandovers-display-component---AddNewHO--dueDate","interaction":{"idSuffix":"inner"}},"wdio_ui5_key":"applicationmanagehandovers-display-component---AddNewHO--dueDate"}]}
RESULT: {"script":"<script> [1562 bytes]","args":[{"selector":{"id":"application-managehandovers-display-component---AddNewHO--dueDate","interaction":{"idSuffix":"inner"}},"wdio_ui5_key":"applicationmanagehandovers-display-component---AddNewHO--dueDate"}]}
COMMAND: POST /session/673ee8da6ae2a3036ac170eb6294f89d/execute/async - {"script":"<script> [6424 bytes]","args":[{"element-6066-11e4-a52e-4f735466cecf":"f.D876D0B9E4FB8B9E585720C2FE40BD5D.d.666699421E3115FE4552E6D239C6DA99.e.19674"},"setValue",["5/18/25"]]}
RESULT: {"script":"<script> [6424 bytes]","args":[{"element-6066-11e4-a52e-4f735466cecf":"f.D876D0B9E4FB8B9E585720C2FE40BD5D.d.666699421E3115FE4552E6D239C6DA99.e.19674"},"setValue",["5/18/25"]]}
COMMAND: POST /session/673ee8da6ae2a3036ac170eb6294f89d/element - {"using":"xpath","value":"//bdi[contains(text(), \"Instructions\")]"}
RESULT: {"using":"xpath","value":"//bdi[contains(text(), \"Instructions\")]"}
COMMAND: POST /session/673ee8da6ae2a3036ac170eb6294f89d/element/f.D876D0B9E4FB8B9E585720C2FE40BD5D.d.666699421E3115FE4552E6D239C6DA99.e.19897/click - {}
RESULT: {}
COMMAND: GET /session/673ee8da6ae2a3036ac170eb6294f89d/screenshot - {}
RESULT: {}
COMMAND: POST /session/673ee8da6ae2a3036ac170eb6294f89d/element - {"using":"xpath","value":"//button[@data-kt=\"AddNewHOProvideAddItemsButton\"]"}
RESULT: {"using":"xpath","value":"//button[@data-kt=\"AddNewHOProvideAddItemsButton\"]"}
COMMAND: POST /session/673ee8da6ae2a3036ac170eb6294f89d/element/f.D876D0B9E4FB8B9E585720C2FE40BD5D.d.666699421E3115FE4552E6D239C6DA99.e.19901/click - {}
RESULT: {}
COMMAND: GET /session/673ee8da6ae2a3036ac170eb6294f89d/screenshot - {}
RESULT: {}
RESULT: undefined
COMMAND: POST /session/673ee8da6ae2a3036ac170eb6294f89d/element - {"using":"xpath","value":"//*[@id=\"application-managehandovers-display-component---AddNewHO--popup-sa\"]"}
RESULT: {"using":"xpath","value":"//*[@id=\"application-managehandovers-display-component---AddNewHO--popup-sa\"]"}
COMMAND: POST /session/673ee8da6ae2a3036ac170eb6294f89d/element/f.D876D0B9E4FB8B9E585720C2FE40BD5D.d.666699421E3115FE4552E6D239C6DA99.e.19910/click - {}
RESULT: {}
COMMAND: GET /session/673ee8da6ae2a3036ac170eb6294f89d/screenshot - {}
RESULT: {}
COMMAND: POST /session/673ee8da6ae2a3036ac170eb6294f89d/element - {"using":"xpath","value":"//*[contains(@id ,\"BDI-content\")][contains(text(), \"Select\")]"}
RESULT: {"using":"xpath","value":"//*[contains(@id ,\"BDI-content\")][contains(text(), \"Select\")]"}
COMMAND: POST /session/673ee8da6ae2a3036ac170eb6294f89d/element/f.D876D0B9E4FB8B9E585720C2FE40BD5D.d.666699421E3115FE4552E6D239C6DA99.e.19912/click - {}
RESULT: {}
COMMAND: GET /session/673ee8da6ae2a3036ac170eb6294f89d/screenshot - {}
RESULT: {}
COMMAND: POST /session/673ee8da6ae2a3036ac170eb6294f89d/execute/async - {"script":"<script> [1562 bytes]","args":[{"selector":{"id":"application-managehandovers-display-component---AddNewHO--confirmCreationButton","interaction":{"idSuffix":"BDI-content"}},"wdio_ui5_key":"applicationmanagehandovers-display-component---AddNewHO--confirmCreationButton"}]}
RESULT: {"script":"<script> [1562 bytes]","args":[{"selector":{"id":"application-managehandovers-display-component---AddNewHO--confirmCreationButton","interaction":{"idSuffix":"BDI-content"}},"wdio_ui5_key":"applicationmanagehandovers-display-component---AddNewHO--confirmCreationButton"}]}
RESULT: undefined
COMMAND: POST /session/673ee8da6ae2a3036ac170eb6294f89d/element - {"using":"xpath","value":"//*[@id=\"application-managehandovers-display-component---AddNewHO--confirmCreationButton\"]"}
RESULT: {"using":"xpath","value":"//*[@id=\"application-managehandovers-display-component---AddNewHO--confirmCreationButton\"]"}
COMMAND: POST /session/673ee8da6ae2a3036ac170eb6294f89d/element/f.D876D0B9E4FB8B9E585720C2FE40BD5D.d.666699421E3115FE4552E6D239C6DA99.e.19710/click - {}
RESULT: {}
COMMAND: GET /session/673ee8da6ae2a3036ac170eb6294f89d/screenshot - {}
RESULT: {}
COMMAND: POST /session/673ee8da6ae2a3036ac170eb6294f89d/execute/async - {"script":"<script> [1562 bytes]","args":[{"selector":{"id":"issueDatePicker","viewName":"etm.portal.ui.managehandovers.view.DetailExecuteHO","interaction":{"idSuffix":"inner"}},"wdio_ui5_key":"issueDatePickeretmportal.ui.managehandovers.view.DetailExecuteHO"}]}
RESULT: {"script":"<script> [1562 bytes]","args":[{"selector":{"id":"issueDatePicker","viewName":"etm.portal.ui.managehandovers.view.DetailExecuteHO","interaction":{"idSuffix":"inner"}},"wdio_ui5_key":"issueDatePickeretmportal.ui.managehandovers.view.DetailExecuteHO"}]}
RESULT: undefined
COMMAND: POST /session/673ee8da6ae2a3036ac170eb6294f89d/execute/async - {"script":"<script> [776 bytes]","args":[{"enterText":"5/18/25","selector":{"id":"issueDatePicker","viewName":"etm.portal.ui.managehandovers.view.DetailExecuteHO","interaction":{"idSuffix":"inner"}},"clearTextFirst":true,"interactionType":"ENTER_TEXT"}]}
RESULT: {"script":"<script> [776 bytes]","args":[{"enterText":"5/18/25","selector":{"id":"issueDatePicker","viewName":"etm.portal.ui.managehandovers.view.DetailExecuteHO","interaction":{"idSuffix":"inner"}},"clearTextFirst":true,"interactionType":"ENTER_TEXT"}]}
COMMAND: POST /session/673ee8da6ae2a3036ac170eb6294f89d/element - {"using":"xpath","value":"//bdi[contains(text(), \"OK\")]"}
RESULT: {"using":"xpath","value":"//bdi[contains(text(), \"OK\")]"}
COMMAND: POST /session/673ee8da6ae2a3036ac170eb6294f89d/element/f.D876D0B9E4FB8B9E585720C2FE40BD5D.d.666699421E3115FE4552E6D239C6DA99.e.19975/click - {}
RESULT: {}
COMMAND: GET /session/673ee8da6ae2a3036ac170eb6294f89d/screenshot - {}
RESULT: {}
COMMAND: POST /session/673ee8da6ae2a3036ac170eb6294f89d/element - {"using":"xpath","value":"//button[@data-kt=\"PickingTableConfirmAllButton\"]"}
RESULT: {"using":"xpath","value":"//button[@data-kt=\"PickingTableConfirmAllButton\"]"}
COMMAND: POST /session/673ee8da6ae2a3036ac170eb6294f89d/element/f.D876D0B9E4FB8B9E585720C2FE40BD5D.d.666699421E3115FE4552E6D239C6DA99.e.19981/click - {}
RESULT: {}
COMMAND: GET /session/673ee8da6ae2a3036ac170eb6294f89d/screenshot - {}
RESULT: {}
COMMAND: POST /session/673ee8da6ae2a3036ac170eb6294f89d/element - {"using":"xpath","value":"//bdi[contains(text(), \"OK\")]"}
RESULT: {"using":"xpath","value":"//bdi[contains(text(), \"OK\")]"}
COMMAND: POST /session/673ee8da6ae2a3036ac170eb6294f89d/element/f.D876D0B9E4FB8B9E585720C2FE40BD5D.d.666699421E3115FE4552E6D239C6DA99.e.19984/click - {}
RESULT: {}
COMMAND: GET /session/673ee8da6ae2a3036ac170eb6294f89d/screenshot - {}
RESULT: {}
COMMAND: POST /session/673ee8da6ae2a3036ac170eb6294f89d/element - {"using":"xpath","value":"//bdi[contains(text(), \"Issue\")]"}
RESULT: {"using":"xpath","value":"//bdi[contains(text(), \"Issue\")]"}
COMMAND: POST /session/673ee8da6ae2a3036ac170eb6294f89d/element/f.D876D0B9E4FB8B9E585720C2FE40BD5D.d.666699421E3115FE4552E6D239C6DA99.e.19986/click - {}
RESULT: {}
COMMAND: GET /session/673ee8da6ae2a3036ac170eb6294f89d/screenshot - {}
RESULT: {}
COMMAND: POST /session/673ee8da6ae2a3036ac170eb6294f89d/element - {"using":"css selector","value":"#shell-header-logo"}
RESULT: {"using":"css selector","value":"#shell-header-logo"}
COMMAND: POST /session/673ee8da6ae2a3036ac170eb6294f89d/element/f.D876D0B9E4FB8B9E585720C2FE40BD5D.d.666699421E3115FE4552E6D239C6DA99.e.18999/click - {}
RESULT: {}
COMMAND: GET /session/673ee8da6ae2a3036ac170eb6294f89d/screenshot - {}
RESULT: {}
]]></system-out>
    </testcase>
    <testcase classname="chrome.136_0_7103_93.windows.Create_Reverse_Billing_US127248" name="Should go navigate to Manage Billings and trigger contract calculation check result" time="61.582">
      <system-out><![CDATA[
COMMAND: POST /session/673ee8da6ae2a3036ac170eb6294f89d/execute/async - {"script":"<script> [1562 bytes]","args":[{"selector":{"controlType":"sap.m.GenericTile","properties":{"header":"Manage Billings"}},"wdio_ui5_key":"sapm.GenericTile{\"header\":\"Manage Billings\"}"}]}
RESULT: {"script":"<script> [1562 bytes]","args":[{"selector":{"controlType":"sap.m.GenericTile","properties":{"header":"Manage Billings"}},"wdio_ui5_key":"sapm.GenericTile{\"header\":\"Manage Billings\"}"}]}
RESULT: undefined
COMMAND: POST /session/673ee8da6ae2a3036ac170eb6294f89d/element - {"using":"xpath","value":"//*[@id=\"__tile51\"]"}
RESULT: {"using":"xpath","value":"//*[@id=\"__tile51\"]"}
COMMAND: POST /session/673ee8da6ae2a3036ac170eb6294f89d/element/f.D876D0B9E4FB8B9E585720C2FE40BD5D.d.666699421E3115FE4552E6D239C6DA99.e.16910/click - {}
RESULT: {}
COMMAND: GET /session/673ee8da6ae2a3036ac170eb6294f89d/screenshot - {}
RESULT: {}
COMMAND: POST /session/673ee8da6ae2a3036ac170eb6294f89d/elements - {"using":"xpath","value":"//span[text()='Error']"}
RESULT: {"using":"xpath","value":"//span[text()='Error']"}
COMMAND: POST /session/673ee8da6ae2a3036ac170eb6294f89d/execute/async - {"script":"<script> [1562 bytes]","args":[{"selector":{"id":"application-managebillings-display-component---billRunCalcResult--smartFilterBar-btnBasicSearch","interaction":{"idSuffix":"I"}},"wdio_ui5_key":"applicationmanagebillings-display-component---billRunCalcResult--smartFilterBar-btnBasicSearch"}]}
RESULT: {"script":"<script> [1562 bytes]","args":[{"selector":{"id":"application-managebillings-display-component---billRunCalcResult--smartFilterBar-btnBasicSearch","interaction":{"idSuffix":"I"}},"wdio_ui5_key":"applicationmanagebillings-display-component---billRunCalcResult--smartFilterBar-btnBasicSearch"}]}
RESULT: undefined
COMMAND: POST /session/673ee8da6ae2a3036ac170eb6294f89d/execute/async - {"script":"<script> [776 bytes]","args":[{"enterText":"10372","selector":{"id":"application-managebillings-display-component---billRunCalcResult--smartFilterBar-btnBasicSearch","interaction":{"idSuffix":"I"}},"clearTextFirst":true,"interactionType":"ENTER_TEXT"}]}
RESULT: {"script":"<script> [776 bytes]","args":[{"enterText":"10372","selector":{"id":"application-managebillings-display-component---billRunCalcResult--smartFilterBar-btnBasicSearch","interaction":{"idSuffix":"I"}},"clearTextFirst":true,"interactionType":"ENTER_TEXT"}]}
COMMAND: POST /session/673ee8da6ae2a3036ac170eb6294f89d/actions - {"actions":[{"id":"action72","type":"key","parameters":{},"actions":[{"type":"keyDown","value":"î€‡"},{"type":"pause","duration":10},{"type":"keyUp","value":"î€‡"}]}]}
RESULT: {"actions":[{"id":"action72","type":"key","parameters":{},"actions":[{"type":"keyDown","value":"î€‡"},{"type":"pause","duration":10},{"type":"keyUp","value":"î€‡"}]}]}
COMMAND: GET /session/673ee8da6ae2a3036ac170eb6294f89d/screenshot - {}
RESULT: {}
COMMAND: POST /session/673ee8da6ae2a3036ac170eb6294f89d/element - {"using":"xpath","value":"//td[@aria-colindex=\"1\"]/div/div[contains(@class, \"sapMCbBg\")]"}
RESULT: {"using":"xpath","value":"//td[@aria-colindex=\"1\"]/div/div[contains(@class, \"sapMCbBg\")]"}
COMMAND: POST /session/673ee8da6ae2a3036ac170eb6294f89d/element/f.D876D0B9E4FB8B9E585720C2FE40BD5D.d.666699421E3115FE4552E6D239C6DA99.e.20371/click - {}
RESULT: {}
COMMAND: GET /session/673ee8da6ae2a3036ac170eb6294f89d/screenshot - {}
RESULT: {}
COMMAND: POST /session/673ee8da6ae2a3036ac170eb6294f89d/execute/async - {"script":"<script> [1562 bytes]","args":[{"selector":{"id":"application-managebillings-display-component---billRunCalcResult--contractBillRunDate","interaction":{"idSuffix":"inner"}},"wdio_ui5_key":"applicationmanagebillings-display-component---billRunCalcResult--contractBillRunDate"}]}
RESULT: {"script":"<script> [1562 bytes]","args":[{"selector":{"id":"application-managebillings-display-component---billRunCalcResult--contractBillRunDate","interaction":{"idSuffix":"inner"}},"wdio_ui5_key":"applicationmanagebillings-display-component---billRunCalcResult--contractBillRunDate"}]}
RESULT: undefined
COMMAND: POST /session/673ee8da6ae2a3036ac170eb6294f89d/execute/async - {"script":"<script> [776 bytes]","args":[{"enterText":"6/18/25","selector":{"id":"application-managebillings-display-component---billRunCalcResult--contractBillRunDate","interaction":{"idSuffix":"inner"}},"clearTextFirst":true,"interactionType":"ENTER_TEXT"}]}
RESULT: {"script":"<script> [776 bytes]","args":[{"enterText":"6/18/25","selector":{"id":"application-managebillings-display-component---billRunCalcResult--contractBillRunDate","interaction":{"idSuffix":"inner"}},"clearTextFirst":true,"interactionType":"ENTER_TEXT"}]}
COMMAND: POST /session/673ee8da6ae2a3036ac170eb6294f89d/element - {"using":"xpath","value":"//bdi[contains(text(), \"Trigger Calculation\")]"}
RESULT: {"using":"xpath","value":"//bdi[contains(text(), \"Trigger Calculation\")]"}
COMMAND: POST /session/673ee8da6ae2a3036ac170eb6294f89d/element/f.D876D0B9E4FB8B9E585720C2FE40BD5D.d.666699421E3115FE4552E6D239C6DA99.e.20421/click - {}
RESULT: {}
COMMAND: GET /session/673ee8da6ae2a3036ac170eb6294f89d/screenshot - {}
RESULT: {}
COMMAND: POST /session/673ee8da6ae2a3036ac170eb6294f89d/element - {"using":"xpath","value":"(//span[contains(@id, \"imgNav\")])[1]"}
RESULT: {"using":"xpath","value":"(//span[contains(@id, \"imgNav\")])[1]"}
COMMAND: POST /session/673ee8da6ae2a3036ac170eb6294f89d/element/f.D876D0B9E4FB8B9E585720C2FE40BD5D.d.666699421E3115FE4552E6D239C6DA99.e.20372/click - {}
RESULT: {}
COMMAND: GET /session/673ee8da6ae2a3036ac170eb6294f89d/screenshot - {}
RESULT: {}
COMMAND: POST /session/673ee8da6ae2a3036ac170eb6294f89d/element - {"using":"xpath","value":"//tr/td[6]/div[1]/span[1]/span[1]"}
RESULT: {"using":"xpath","value":"//tr/td[6]/div[1]/span[1]/span[1]"}
COMMAND: GET /session/673ee8da6ae2a3036ac170eb6294f89d/element/f.D876D0B9E4FB8B9E585720C2FE40BD5D.d.666699421E3115FE4552E6D239C6DA99.e.20425/text - {}
RESULT: {}
COMMAND: POST /session/673ee8da6ae2a3036ac170eb6294f89d/element - {"using":"xpath","value":"(//span[contains(@id, \"imgNav\")])[2]"}
RESULT: {"using":"xpath","value":"(//span[contains(@id, \"imgNav\")])[2]"}
COMMAND: POST /session/673ee8da6ae2a3036ac170eb6294f89d/element/f.D876D0B9E4FB8B9E585720C2FE40BD5D.d.666699421E3115FE4552E6D239C6DA99.e.20426/click - {}
RESULT: {}
COMMAND: POST /session/673ee8da6ae2a3036ac170eb6294f89d/element - {"using":"xpath","value":"//bdi[contains(text(), \"Business Confirm\")]"}
COMMAND: GET /session/673ee8da6ae2a3036ac170eb6294f89d/screenshot - {}
RESULT: {"using":"xpath","value":"//bdi[contains(text(), \"Business Confirm\")]"}
COMMAND: POST /session/673ee8da6ae2a3036ac170eb6294f89d/elements - {"using":"xpath","value":"//bdi[contains(text(), \"Business Confirm\")]"}
RESULT: {}
RESULT: {"using":"xpath","value":"//bdi[contains(text(), \"Business Confirm\")]"}
COMMAND: POST /session/673ee8da6ae2a3036ac170eb6294f89d/elements - {"using":"xpath","value":"//bdi[contains(text(), \"Business Confirm\")]"}
RESULT: {"using":"xpath","value":"//bdi[contains(text(), \"Business Confirm\")]"}
COMMAND: POST /session/673ee8da6ae2a3036ac170eb6294f89d/element - {"using":"xpath","value":"//bdi[contains(text(), \"Business Confirm\")]"}
RESULT: {"using":"xpath","value":"//bdi[contains(text(), \"Business Confirm\")]"}
COMMAND: POST /session/673ee8da6ae2a3036ac170eb6294f89d/element/f.D876D0B9E4FB8B9E585720C2FE40BD5D.d.666699421E3115FE4552E6D239C6DA99.e.20429/click - {}
COMMAND: POST /session/673ee8da6ae2a3036ac170eb6294f89d/element - {"using":"xpath","value":"//bdi[contains(text(), \"Business Confirm\")]"}
RESULT: {"using":"xpath","value":"//bdi[contains(text(), \"Business Confirm\")]"}
COMMAND: POST /session/673ee8da6ae2a3036ac170eb6294f89d/element/f.D876D0B9E4FB8B9E585720C2FE40BD5D.d.666699421E3115FE4552E6D239C6DA99.e.20429/click - {}
COMMAND: POST /session/673ee8da6ae2a3036ac170eb6294f89d/element - {"using":"xpath","value":"//bdi[contains(text(), \"Business Confirm\")]"}
RESULT: {"using":"xpath","value":"//bdi[contains(text(), \"Business Confirm\")]"}
COMMAND: POST /session/673ee8da6ae2a3036ac170eb6294f89d/element/f.D876D0B9E4FB8B9E585720C2FE40BD5D.d.666699421E3115FE4552E6D239C6DA99.e.20468/click - {}
RESULT: {}
COMMAND: POST /session/673ee8da6ae2a3036ac170eb6294f89d/element - {"using":"css selector","value":"#shell-header-logo"}
COMMAND: GET /session/673ee8da6ae2a3036ac170eb6294f89d/screenshot - {}
RESULT: {"using":"css selector","value":"#shell-header-logo"}
COMMAND: POST /session/673ee8da6ae2a3036ac170eb6294f89d/element/f.D876D0B9E4FB8B9E585720C2FE40BD5D.d.666699421E3115FE4552E6D239C6DA99.e.20165/click - {}
RESULT: {}
RESULT: {}
COMMAND: GET /session/673ee8da6ae2a3036ac170eb6294f89d/screenshot - {}
RESULT: {}
]]></system-out>
    </testcase>
    <testcase classname="chrome.136_0_7103_93.windows.Create_Reverse_Billing_US127248" name="Should go into Billing Transfer and reverse the billing" time="37.422">
      <system-out><![CDATA[
COMMAND: POST /session/673ee8da6ae2a3036ac170eb6294f89d/execute/async - {"script":"<script> [1562 bytes]","args":[{"selector":{"controlType":"sap.m.GenericTile","properties":{"header":"Billing Transfer"}},"wdio_ui5_key":"sapm.GenericTile{\"header\":\"Billing Transfer\"}"}]}
RESULT: {"script":"<script> [1562 bytes]","args":[{"selector":{"controlType":"sap.m.GenericTile","properties":{"header":"Billing Transfer"}},"wdio_ui5_key":"sapm.GenericTile{\"header\":\"Billing Transfer\"}"}]}
RESULT: undefined
COMMAND: POST /session/673ee8da6ae2a3036ac170eb6294f89d/element - {"using":"xpath","value":"//*[@id=\"__tile50\"]"}
RESULT: {"using":"xpath","value":"//*[@id=\"__tile50\"]"}
COMMAND: POST /session/673ee8da6ae2a3036ac170eb6294f89d/element/f.D876D0B9E4FB8B9E585720C2FE40BD5D.d.666699421E3115FE4552E6D239C6DA99.e.16908/click - {}
RESULT: {}
COMMAND: GET /session/673ee8da6ae2a3036ac170eb6294f89d/screenshot - {}
RESULT: {}
COMMAND: POST /session/673ee8da6ae2a3036ac170eb6294f89d/elements - {"using":"xpath","value":"//span[text()='Error']"}
RESULT: {"using":"xpath","value":"//span[text()='Error']"}
COMMAND: POST /session/673ee8da6ae2a3036ac170eb6294f89d/element - {"using":"xpath","value":"//input[contains(@id ,\"application-billingtransfer-display-component---billingWorkbench--smartFilterBar-btnBasicSearch\")]"}
RESULT: {"using":"xpath","value":"//input[contains(@id ,\"application-billingtransfer-display-component---billingWorkbench--smartFilterBar-btnBasicSearch\")]"}
COMMAND: POST /session/673ee8da6ae2a3036ac170eb6294f89d/elements - {"using":"xpath","value":"//input[contains(@id ,\"application-billingtransfer-display-component---billingWorkbench--smartFilterBar-btnBasicSearch\")]"}
RESULT: {"using":"xpath","value":"//input[contains(@id ,\"application-billingtransfer-display-component---billingWorkbench--smartFilterBar-btnBasicSearch\")]"}
COMMAND: POST /session/673ee8da6ae2a3036ac170eb6294f89d/execute/sync - {"script":"<script> [8489 bytes]","args":[{"element-6066-11e4-a52e-4f735466cecf":"f.D876D0B9E4FB8B9E585720C2FE40BD5D.d.666699421E3115FE4552E6D239C6DA99.e.20497","ELEMENT":"f.D876D0B9E4FB8B9E585720C2FE40BD5D.d.666699421E3115FE4552E6D239C6DA99.e.20497"}]}
RESULT: {"script":"<script> [8489 bytes]","args":[{"element-6066-11e4-a52e-4f735466cecf":"f.D876D0B9E4FB8B9E585720C2FE40BD5D.d.666699421E3115FE4552E6D239C6DA99.e.20497","ELEMENT":"f.D876D0B9E4FB8B9E585720C2FE40BD5D.d.666699421E3115FE4552E6D239C6DA99.e.20497"}]}
COMMAND: GET /session/673ee8da6ae2a3036ac170eb6294f89d/element/f.D876D0B9E4FB8B9E585720C2FE40BD5D.d.666699421E3115FE4552E6D239C6DA99.e.20497/enabled - {}
COMMAND: GET /session/673ee8da6ae2a3036ac170eb6294f89d/screenshot - {}
RESULT: {}
COMMAND: POST /session/673ee8da6ae2a3036ac170eb6294f89d/element/f.D876D0B9E4FB8B9E585720C2FE40BD5D.d.666699421E3115FE4552E6D239C6DA99.e.20497/click - {}
COMMAND: GET /session/673ee8da6ae2a3036ac170eb6294f89d/screenshot - {}
RESULT: {}
RESULT: {}
COMMAND: GET /session/673ee8da6ae2a3036ac170eb6294f89d/screenshot - {}
RESULT: {}
RESULT: {}
COMMAND: POST /session/673ee8da6ae2a3036ac170eb6294f89d/element/f.D876D0B9E4FB8B9E585720C2FE40BD5D.d.666699421E3115FE4552E6D239C6DA99.e.20497/clear - {}
RESULT: {}
COMMAND: POST /session/673ee8da6ae2a3036ac170eb6294f89d/element/f.D876D0B9E4FB8B9E585720C2FE40BD5D.d.666699421E3115FE4552E6D239C6DA99.e.20497/value - {"text":"10372"}
COMMAND: GET /session/673ee8da6ae2a3036ac170eb6294f89d/screenshot - {}
RESULT: {"text":"10372"}
COMMAND: POST /session/673ee8da6ae2a3036ac170eb6294f89d/actions - {"actions":[{"id":"action73","type":"key","parameters":{},"actions":[{"type":"keyDown","value":"î€‡"},{"type":"pause","duration":10},{"type":"keyUp","value":"î€‡"}]}]}
COMMAND: GET /session/673ee8da6ae2a3036ac170eb6294f89d/screenshot - {}
RESULT: {}
RESULT: {"actions":[{"id":"action73","type":"key","parameters":{},"actions":[{"type":"keyDown","value":"î€‡"},{"type":"pause","duration":10},{"type":"keyUp","value":"î€‡"}]}]}
COMMAND: GET /session/673ee8da6ae2a3036ac170eb6294f89d/screenshot - {}
RESULT: {}
RESULT: {}
COMMAND: POST /session/673ee8da6ae2a3036ac170eb6294f89d/element - {"using":"xpath","value":"//span[contains(@id ,\"application-billingtransfer-display-component---billingWorkbench--smartTableBillingRuns-header-inner\")]"}
RESULT: {"using":"xpath","value":"//span[contains(@id ,\"application-billingtransfer-display-component---billingWorkbench--smartTableBillingRuns-header-inner\")]"}
COMMAND: POST /session/673ee8da6ae2a3036ac170eb6294f89d/elements - {"using":"xpath","value":"//span[contains(@id ,\"application-billingtransfer-display-component---billingWorkbench--smartTableBillingRuns-header-inner\")]"}
RESULT: {"using":"xpath","value":"//span[contains(@id ,\"application-billingtransfer-display-component---billingWorkbench--smartTableBillingRuns-header-inner\")]"}
COMMAND: POST /session/673ee8da6ae2a3036ac170eb6294f89d/execute/sync - {"script":"<script> [56 bytes]","args":[{"element-6066-11e4-a52e-4f735466cecf":"f.D876D0B9E4FB8B9E585720C2FE40BD5D.d.666699421E3115FE4552E6D239C6DA99.e.20710","ELEMENT":"f.D876D0B9E4FB8B9E585720C2FE40BD5D.d.666699421E3115FE4552E6D239C6DA99.e.20710"}]}
RESULT: {"script":"<script> [56 bytes]","args":[{"element-6066-11e4-a52e-4f735466cecf":"f.D876D0B9E4FB8B9E585720C2FE40BD5D.d.666699421E3115FE4552E6D239C6DA99.e.20710","ELEMENT":"f.D876D0B9E4FB8B9E585720C2FE40BD5D.d.666699421E3115FE4552E6D239C6DA99.e.20710"}]}
COMMAND: POST /session/673ee8da6ae2a3036ac170eb6294f89d/element - {"using":"xpath","value":"//td[@aria-colindex=\"1\"]/div/div[contains(@class, \"sapMCbBg\")]"}
COMMAND: GET /session/673ee8da6ae2a3036ac170eb6294f89d/screenshot - {}
RESULT: {"using":"xpath","value":"//td[@aria-colindex=\"1\"]/div/div[contains(@class, \"sapMCbBg\")]"}
COMMAND: POST /session/673ee8da6ae2a3036ac170eb6294f89d/element/f.D876D0B9E4FB8B9E585720C2FE40BD5D.d.666699421E3115FE4552E6D239C6DA99.e.20669/click - {}
RESULT: {}
RESULT: {}
COMMAND: GET /session/673ee8da6ae2a3036ac170eb6294f89d/screenshot - {}
RESULT: {}
COMMAND: POST /session/673ee8da6ae2a3036ac170eb6294f89d/element - {"using":"xpath","value":"//bdi[contains(text(), \"Reverse\")]"}
RESULT: {"using":"xpath","value":"//bdi[contains(text(), \"Reverse\")]"}
COMMAND: POST /session/673ee8da6ae2a3036ac170eb6294f89d/element/f.D876D0B9E4FB8B9E585720C2FE40BD5D.d.666699421E3115FE4552E6D239C6DA99.e.20711/click - {}
RESULT: {}
COMMAND: GET /session/673ee8da6ae2a3036ac170eb6294f89d/screenshot - {}
RESULT: {}
COMMAND: POST /session/673ee8da6ae2a3036ac170eb6294f89d/element - {"using":"xpath","value":"//input[contains(@id ,\"application-billingtransfer-display-component---billingWorkbench--smartFilterBar-btnBasicSearch\")]"}
RESULT: {"using":"xpath","value":"//input[contains(@id ,\"application-billingtransfer-display-component---billingWorkbench--smartFilterBar-btnBasicSearch\")]"}
COMMAND: POST /session/673ee8da6ae2a3036ac170eb6294f89d/elements - {"using":"xpath","value":"//input[contains(@id ,\"application-billingtransfer-display-component---billingWorkbench--smartFilterBar-btnBasicSearch\")]"}
RESULT: {"using":"xpath","value":"//input[contains(@id ,\"application-billingtransfer-display-component---billingWorkbench--smartFilterBar-btnBasicSearch\")]"}
COMMAND: POST /session/673ee8da6ae2a3036ac170eb6294f89d/execute/sync - {"script":"<script> [8489 bytes]","args":[{"element-6066-11e4-a52e-4f735466cecf":"f.D876D0B9E4FB8B9E585720C2FE40BD5D.d.666699421E3115FE4552E6D239C6DA99.e.20497","ELEMENT":"f.D876D0B9E4FB8B9E585720C2FE40BD5D.d.666699421E3115FE4552E6D239C6DA99.e.20497"}]}
RESULT: {"script":"<script> [8489 bytes]","args":[{"element-6066-11e4-a52e-4f735466cecf":"f.D876D0B9E4FB8B9E585720C2FE40BD5D.d.666699421E3115FE4552E6D239C6DA99.e.20497","ELEMENT":"f.D876D0B9E4FB8B9E585720C2FE40BD5D.d.666699421E3115FE4552E6D239C6DA99.e.20497"}]}
COMMAND: GET /session/673ee8da6ae2a3036ac170eb6294f89d/element/f.D876D0B9E4FB8B9E585720C2FE40BD5D.d.666699421E3115FE4552E6D239C6DA99.e.20497/enabled - {}
COMMAND: GET /session/673ee8da6ae2a3036ac170eb6294f89d/screenshot - {}
RESULT: {}
COMMAND: POST /session/673ee8da6ae2a3036ac170eb6294f89d/element/f.D876D0B9E4FB8B9E585720C2FE40BD5D.d.666699421E3115FE4552E6D239C6DA99.e.20497/click - {}
COMMAND: GET /session/673ee8da6ae2a3036ac170eb6294f89d/screenshot - {}
RESULT: {}
RESULT: {}
COMMAND: GET /session/673ee8da6ae2a3036ac170eb6294f89d/screenshot - {}
RESULT: {}
RESULT: {}
COMMAND: POST /session/673ee8da6ae2a3036ac170eb6294f89d/element/f.D876D0B9E4FB8B9E585720C2FE40BD5D.d.666699421E3115FE4552E6D239C6DA99.e.20497/clear - {}
RESULT: {}
COMMAND: POST /session/673ee8da6ae2a3036ac170eb6294f89d/element/f.D876D0B9E4FB8B9E585720C2FE40BD5D.d.666699421E3115FE4552E6D239C6DA99.e.20497/value - {"text":"10372"}
COMMAND: GET /session/673ee8da6ae2a3036ac170eb6294f89d/screenshot - {}
RESULT: {"text":"10372"}
COMMAND: POST /session/673ee8da6ae2a3036ac170eb6294f89d/actions - {"actions":[{"id":"action74","type":"key","parameters":{},"actions":[{"type":"keyDown","value":"î€‡"},{"type":"pause","duration":10},{"type":"keyUp","value":"î€‡"}]}]}
COMMAND: GET /session/673ee8da6ae2a3036ac170eb6294f89d/screenshot - {}
RESULT: {}
RESULT: {"actions":[{"id":"action74","type":"key","parameters":{},"actions":[{"type":"keyDown","value":"î€‡"},{"type":"pause","duration":10},{"type":"keyUp","value":"î€‡"}]}]}
COMMAND: GET /session/673ee8da6ae2a3036ac170eb6294f89d/screenshot - {}
RESULT: {}
RESULT: {}
COMMAND: POST /session/673ee8da6ae2a3036ac170eb6294f89d/element - {"using":"xpath","value":"//span[contains(@id ,\"application-billingtransfer-display-component---billingWorkbench--smartTableBillingRuns-header-inner\")]"}
RESULT: {"using":"xpath","value":"//span[contains(@id ,\"application-billingtransfer-display-component---billingWorkbench--smartTableBillingRuns-header-inner\")]"}
COMMAND: POST /session/673ee8da6ae2a3036ac170eb6294f89d/elements - {"using":"xpath","value":"//span[contains(@id ,\"application-billingtransfer-display-component---billingWorkbench--smartTableBillingRuns-header-inner\")]"}
RESULT: {"using":"xpath","value":"//span[contains(@id ,\"application-billingtransfer-display-component---billingWorkbench--smartTableBillingRuns-header-inner\")]"}
COMMAND: POST /session/673ee8da6ae2a3036ac170eb6294f89d/execute/sync - {"script":"<script> [56 bytes]","args":[{"element-6066-11e4-a52e-4f735466cecf":"f.D876D0B9E4FB8B9E585720C2FE40BD5D.d.666699421E3115FE4552E6D239C6DA99.e.20710","ELEMENT":"f.D876D0B9E4FB8B9E585720C2FE40BD5D.d.666699421E3115FE4552E6D239C6DA99.e.20710"}]}
RESULT: {"script":"<script> [56 bytes]","args":[{"element-6066-11e4-a52e-4f735466cecf":"f.D876D0B9E4FB8B9E585720C2FE40BD5D.d.666699421E3115FE4552E6D239C6DA99.e.20710","ELEMENT":"f.D876D0B9E4FB8B9E585720C2FE40BD5D.d.666699421E3115FE4552E6D239C6DA99.e.20710"}]}
COMMAND: POST /session/673ee8da6ae2a3036ac170eb6294f89d/element - {"using":"css selector","value":"#shell-header-logo"}
COMMAND: GET /session/673ee8da6ae2a3036ac170eb6294f89d/screenshot - {}
RESULT: {"using":"css selector","value":"#shell-header-logo"}
COMMAND: POST /session/673ee8da6ae2a3036ac170eb6294f89d/element/f.D876D0B9E4FB8B9E585720C2FE40BD5D.d.666699421E3115FE4552E6D239C6DA99.e.20494/click - {}
RESULT: {}
RESULT: {}
COMMAND: GET /session/673ee8da6ae2a3036ac170eb6294f89d/screenshot - {}
RESULT: {}
COMMAND: DELETE /session/673ee8da6ae2a3036ac170eb6294f89d - {}
RESULT: {}
]]></system-out>
    </testcase>
  </testsuite>
</testsuites>