<?xml version="1.0" encoding="UTF-8"?>
<testsuites tests="15" failures="0" errors="0" skipped="0">
  <testsuite timestamp="2025-05-23T16:38:14" time="866.18" tests="9" failures="0" errors="0" skipped="0">
    <properties>
      <property name="specId" value="0"/>
      <property name="suiteName" value="Prerequisites &amp; test for yard mass return on Yard Overview US131057"/>
      <property name="capabilities" value="chrome.136_0_7103_93.windows"/>
      <property name="file" value="file:///D:/a/1/s/test/specs/HTR/yard-mass-return.spec.js"/>
    </properties>
    <testcase classname="chrome.136_0_7103_93.windows.Prerequisites_&amp;_test_for_yard_mass_return_on_Yard_Overview_US131057" name="Prereq Should create a new yard used for all following tests" time="135.269">
      <system-out><![CDATA[
COMMAND: POST /session/a64399a1195f4b74d2f6139fc8fd5cd0/window/fullscreen - {}
RESULT: {}
COMMAND: POST /session/a64399a1195f4b74d2f6139fc8fd5cd0/execute/async - {"script":"<script> [1562 bytes]","args":[{"selector":{"controlType":"sap.m.GenericTile","properties":{"header":"Manage Yards"}},"wdio_ui5_key":"sapm.GenericTile{\"header\":\"Manage Yards\"}"}]}
RESULT: {"script":"<script> [1562 bytes]","args":[{"selector":{"controlType":"sap.m.GenericTile","properties":{"header":"Manage Yards"}},"wdio_ui5_key":"sapm.GenericTile{\"header\":\"Manage Yards\"}"}]}
RESULT: undefined
COMMAND: POST /session/a64399a1195f4b74d2f6139fc8fd5cd0/element - {"using":"xpath","value":"//*[@id=\"__tile41\"]"}
RESULT: {"using":"xpath","value":"//*[@id=\"__tile41\"]"}
COMMAND: POST /session/a64399a1195f4b74d2f6139fc8fd5cd0/element/f.393C77C539AF0175FCB39A24D69769D1.d.789CD64F9F00CF2E060ADDE6183038C4.e.163/click - {}
RESULT: {}
COMMAND: GET /session/a64399a1195f4b74d2f6139fc8fd5cd0/screenshot - {}
RESULT: {}
COMMAND: POST /session/a64399a1195f4b74d2f6139fc8fd5cd0/elements - {"using":"xpath","value":"//span[text()='Error']"}
RESULT: {"using":"xpath","value":"//span[text()='Error']"}
COMMAND: POST /session/a64399a1195f4b74d2f6139fc8fd5cd0/element - {"using":"xpath","value":"//button[@data-kt=\"addNewYardOverflowToolbarButton\"]"}
RESULT: {"using":"xpath","value":"//button[@data-kt=\"addNewYardOverflowToolbarButton\"]"}
COMMAND: POST /session/a64399a1195f4b74d2f6139fc8fd5cd0/elements - {"using":"xpath","value":"//button[@data-kt=\"addNewYardOverflowToolbarButton\"]"}
RESULT: {"using":"xpath","value":"//button[@data-kt=\"addNewYardOverflowToolbarButton\"]"}
COMMAND: POST /session/a64399a1195f4b74d2f6139fc8fd5cd0/elements - {"using":"xpath","value":"//button[@data-kt=\"addNewYardOverflowToolbarButton\"]"}
RESULT: {"using":"xpath","value":"//button[@data-kt=\"addNewYardOverflowToolbarButton\"]"}
COMMAND: POST /session/a64399a1195f4b74d2f6139fc8fd5cd0/elements - {"using":"xpath","value":"//button[@data-kt=\"addNewYardOverflowToolbarButton\"]"}
RESULT: {"using":"xpath","value":"//button[@data-kt=\"addNewYardOverflowToolbarButton\"]"}
COMMAND: POST /session/a64399a1195f4b74d2f6139fc8fd5cd0/elements - {"using":"xpath","value":"//button[@data-kt=\"addNewYardOverflowToolbarButton\"]"}
RESULT: {"using":"xpath","value":"//button[@data-kt=\"addNewYardOverflowToolbarButton\"]"}
COMMAND: POST /session/a64399a1195f4b74d2f6139fc8fd5cd0/elements - {"using":"xpath","value":"//button[@data-kt=\"addNewYardOverflowToolbarButton\"]"}
RESULT: {"using":"xpath","value":"//button[@data-kt=\"addNewYardOverflowToolbarButton\"]"}
COMMAND: POST /session/a64399a1195f4b74d2f6139fc8fd5cd0/elements - {"using":"xpath","value":"//button[@data-kt=\"addNewYardOverflowToolbarButton\"]"}
RESULT: {"using":"xpath","value":"//button[@data-kt=\"addNewYardOverflowToolbarButton\"]"}
COMMAND: POST /session/a64399a1195f4b74d2f6139fc8fd5cd0/elements - {"using":"xpath","value":"//button[@data-kt=\"addNewYardOverflowToolbarButton\"]"}
RESULT: {"using":"xpath","value":"//button[@data-kt=\"addNewYardOverflowToolbarButton\"]"}
COMMAND: POST /session/a64399a1195f4b74d2f6139fc8fd5cd0/elements - {"using":"xpath","value":"//button[@data-kt=\"addNewYardOverflowToolbarButton\"]"}
RESULT: {"using":"xpath","value":"//button[@data-kt=\"addNewYardOverflowToolbarButton\"]"}
COMMAND: POST /session/a64399a1195f4b74d2f6139fc8fd5cd0/elements - {"using":"xpath","value":"//button[@data-kt=\"addNewYardOverflowToolbarButton\"]"}
RESULT: {"using":"xpath","value":"//button[@data-kt=\"addNewYardOverflowToolbarButton\"]"}
COMMAND: POST /session/a64399a1195f4b74d2f6139fc8fd5cd0/elements - {"using":"xpath","value":"//button[@data-kt=\"addNewYardOverflowToolbarButton\"]"}
RESULT: {"using":"xpath","value":"//button[@data-kt=\"addNewYardOverflowToolbarButton\"]"}
COMMAND: POST /session/a64399a1195f4b74d2f6139fc8fd5cd0/elements - {"using":"xpath","value":"//button[@data-kt=\"addNewYardOverflowToolbarButton\"]"}
RESULT: {"using":"xpath","value":"//button[@data-kt=\"addNewYardOverflowToolbarButton\"]"}
COMMAND: POST /session/a64399a1195f4b74d2f6139fc8fd5cd0/elements - {"using":"xpath","value":"//button[@data-kt=\"addNewYardOverflowToolbarButton\"]"}
RESULT: {"using":"xpath","value":"//button[@data-kt=\"addNewYardOverflowToolbarButton\"]"}
COMMAND: POST /session/a64399a1195f4b74d2f6139fc8fd5cd0/elements - {"using":"xpath","value":"//button[@data-kt=\"addNewYardOverflowToolbarButton\"]"}
RESULT: {"using":"xpath","value":"//button[@data-kt=\"addNewYardOverflowToolbarButton\"]"}
COMMAND: POST /session/a64399a1195f4b74d2f6139fc8fd5cd0/elements - {"using":"xpath","value":"//button[@data-kt=\"addNewYardOverflowToolbarButton\"]"}
RESULT: {"using":"xpath","value":"//button[@data-kt=\"addNewYardOverflowToolbarButton\"]"}
COMMAND: POST /session/a64399a1195f4b74d2f6139fc8fd5cd0/elements - {"using":"xpath","value":"//button[@data-kt=\"addNewYardOverflowToolbarButton\"]"}
RESULT: {"using":"xpath","value":"//button[@data-kt=\"addNewYardOverflowToolbarButton\"]"}
COMMAND: POST /session/a64399a1195f4b74d2f6139fc8fd5cd0/elements - {"using":"xpath","value":"//button[@data-kt=\"addNewYardOverflowToolbarButton\"]"}
RESULT: {"using":"xpath","value":"//button[@data-kt=\"addNewYardOverflowToolbarButton\"]"}
COMMAND: POST /session/a64399a1195f4b74d2f6139fc8fd5cd0/elements - {"using":"xpath","value":"//button[@data-kt=\"addNewYardOverflowToolbarButton\"]"}
RESULT: {"using":"xpath","value":"//button[@data-kt=\"addNewYardOverflowToolbarButton\"]"}
COMMAND: POST /session/a64399a1195f4b74d2f6139fc8fd5cd0/elements - {"using":"xpath","value":"//button[@data-kt=\"addNewYardOverflowToolbarButton\"]"}
RESULT: {"using":"xpath","value":"//button[@data-kt=\"addNewYardOverflowToolbarButton\"]"}
COMMAND: POST /session/a64399a1195f4b74d2f6139fc8fd5cd0/elements - {"using":"xpath","value":"//button[@data-kt=\"addNewYardOverflowToolbarButton\"]"}
RESULT: {"using":"xpath","value":"//button[@data-kt=\"addNewYardOverflowToolbarButton\"]"}
COMMAND: POST /session/a64399a1195f4b74d2f6139fc8fd5cd0/elements - {"using":"xpath","value":"//button[@data-kt=\"addNewYardOverflowToolbarButton\"]"}
RESULT: {"using":"xpath","value":"//button[@data-kt=\"addNewYardOverflowToolbarButton\"]"}
COMMAND: POST /session/a64399a1195f4b74d2f6139fc8fd5cd0/elements - {"using":"xpath","value":"//button[@data-kt=\"addNewYardOverflowToolbarButton\"]"}
RESULT: {"using":"xpath","value":"//button[@data-kt=\"addNewYardOverflowToolbarButton\"]"}
COMMAND: POST /session/a64399a1195f4b74d2f6139fc8fd5cd0/elements - {"using":"xpath","value":"//button[@data-kt=\"addNewYardOverflowToolbarButton\"]"}
RESULT: {"using":"xpath","value":"//button[@data-kt=\"addNewYardOverflowToolbarButton\"]"}
COMMAND: POST /session/a64399a1195f4b74d2f6139fc8fd5cd0/elements - {"using":"xpath","value":"//button[@data-kt=\"addNewYardOverflowToolbarButton\"]"}
RESULT: {"using":"xpath","value":"//button[@data-kt=\"addNewYardOverflowToolbarButton\"]"}
COMMAND: POST /session/a64399a1195f4b74d2f6139fc8fd5cd0/elements - {"using":"xpath","value":"//button[@data-kt=\"addNewYardOverflowToolbarButton\"]"}
RESULT: {"using":"xpath","value":"//button[@data-kt=\"addNewYardOverflowToolbarButton\"]"}
COMMAND: POST /session/a64399a1195f4b74d2f6139fc8fd5cd0/elements - {"using":"xpath","value":"//button[@data-kt=\"addNewYardOverflowToolbarButton\"]"}
RESULT: {"using":"xpath","value":"//button[@data-kt=\"addNewYardOverflowToolbarButton\"]"}
COMMAND: POST /session/a64399a1195f4b74d2f6139fc8fd5cd0/elements - {"using":"xpath","value":"//button[@data-kt=\"addNewYardOverflowToolbarButton\"]"}
RESULT: {"using":"xpath","value":"//button[@data-kt=\"addNewYardOverflowToolbarButton\"]"}
COMMAND: POST /session/a64399a1195f4b74d2f6139fc8fd5cd0/elements - {"using":"xpath","value":"//button[@data-kt=\"addNewYardOverflowToolbarButton\"]"}
RESULT: {"using":"xpath","value":"//button[@data-kt=\"addNewYardOverflowToolbarButton\"]"}
COMMAND: POST /session/a64399a1195f4b74d2f6139fc8fd5cd0/elements - {"using":"xpath","value":"//button[@data-kt=\"addNewYardOverflowToolbarButton\"]"}
RESULT: {"using":"xpath","value":"//button[@data-kt=\"addNewYardOverflowToolbarButton\"]"}
COMMAND: POST /session/a64399a1195f4b74d2f6139fc8fd5cd0/elements - {"using":"xpath","value":"//button[@data-kt=\"addNewYardOverflowToolbarButton\"]"}
RESULT: {"using":"xpath","value":"//button[@data-kt=\"addNewYardOverflowToolbarButton\"]"}
COMMAND: POST /session/a64399a1195f4b74d2f6139fc8fd5cd0/elements - {"using":"xpath","value":"//button[@data-kt=\"addNewYardOverflowToolbarButton\"]"}
RESULT: {"using":"xpath","value":"//button[@data-kt=\"addNewYardOverflowToolbarButton\"]"}
COMMAND: POST /session/a64399a1195f4b74d2f6139fc8fd5cd0/elements - {"using":"xpath","value":"//button[@data-kt=\"addNewYardOverflowToolbarButton\"]"}
RESULT: {"using":"xpath","value":"//button[@data-kt=\"addNewYardOverflowToolbarButton\"]"}
COMMAND: POST /session/a64399a1195f4b74d2f6139fc8fd5cd0/elements - {"using":"xpath","value":"//button[@data-kt=\"addNewYardOverflowToolbarButton\"]"}
RESULT: {"using":"xpath","value":"//button[@data-kt=\"addNewYardOverflowToolbarButton\"]"}
COMMAND: POST /session/a64399a1195f4b74d2f6139fc8fd5cd0/elements - {"using":"xpath","value":"//button[@data-kt=\"addNewYardOverflowToolbarButton\"]"}
RESULT: {"using":"xpath","value":"//button[@data-kt=\"addNewYardOverflowToolbarButton\"]"}
COMMAND: POST /session/a64399a1195f4b74d2f6139fc8fd5cd0/elements - {"using":"xpath","value":"//button[@data-kt=\"addNewYardOverflowToolbarButton\"]"}
RESULT: {"using":"xpath","value":"//button[@data-kt=\"addNewYardOverflowToolbarButton\"]"}
COMMAND: POST /session/a64399a1195f4b74d2f6139fc8fd5cd0/elements - {"using":"xpath","value":"//button[@data-kt=\"addNewYardOverflowToolbarButton\"]"}
RESULT: {"using":"xpath","value":"//button[@data-kt=\"addNewYardOverflowToolbarButton\"]"}
COMMAND: POST /session/a64399a1195f4b74d2f6139fc8fd5cd0/elements - {"using":"xpath","value":"//button[@data-kt=\"addNewYardOverflowToolbarButton\"]"}
RESULT: {"using":"xpath","value":"//button[@data-kt=\"addNewYardOverflowToolbarButton\"]"}
COMMAND: POST /session/a64399a1195f4b74d2f6139fc8fd5cd0/element - {"using":"xpath","value":"//button[@data-kt=\"addNewYardOverflowToolbarButton\"]"}
RESULT: {"using":"xpath","value":"//button[@data-kt=\"addNewYardOverflowToolbarButton\"]"}
COMMAND: POST /session/a64399a1195f4b74d2f6139fc8fd5cd0/execute/sync - {"script":"<script> [8489 bytes]","args":[{"element-6066-11e4-a52e-4f735466cecf":"f.393C77C539AF0175FCB39A24D69769D1.d.789CD64F9F00CF2E060ADDE6183038C4.e.299","ELEMENT":"f.393C77C539AF0175FCB39A24D69769D1.d.789CD64F9F00CF2E060ADDE6183038C4.e.299"}]}
RESULT: {"script":"<script> [8489 bytes]","args":[{"element-6066-11e4-a52e-4f735466cecf":"f.393C77C539AF0175FCB39A24D69769D1.d.789CD64F9F00CF2E060ADDE6183038C4.e.299","ELEMENT":"f.393C77C539AF0175FCB39A24D69769D1.d.789CD64F9F00CF2E060ADDE6183038C4.e.299"}]}
COMMAND: GET /session/a64399a1195f4b74d2f6139fc8fd5cd0/element/f.393C77C539AF0175FCB39A24D69769D1.d.789CD64F9F00CF2E060ADDE6183038C4.e.299/enabled - {}
COMMAND: GET /session/a64399a1195f4b74d2f6139fc8fd5cd0/screenshot - {}
RESULT: {}
COMMAND: POST /session/a64399a1195f4b74d2f6139fc8fd5cd0/execute/sync - {"script":"<script> [8489 bytes]","args":[{"element-6066-11e4-a52e-4f735466cecf":"f.393C77C539AF0175FCB39A24D69769D1.d.789CD64F9F00CF2E060ADDE6183038C4.e.299","ELEMENT":"f.393C77C539AF0175FCB39A24D69769D1.d.789CD64F9F00CF2E060ADDE6183038C4.e.299"}]}
COMMAND: GET /session/a64399a1195f4b74d2f6139fc8fd5cd0/screenshot - {}
RESULT: {}
RESULT: {"script":"<script> [8489 bytes]","args":[{"element-6066-11e4-a52e-4f735466cecf":"f.393C77C539AF0175FCB39A24D69769D1.d.789CD64F9F00CF2E060ADDE6183038C4.e.299","ELEMENT":"f.393C77C539AF0175FCB39A24D69769D1.d.789CD64F9F00CF2E060ADDE6183038C4.e.299"}]}
COMMAND: POST /session/a64399a1195f4b74d2f6139fc8fd5cd0/execute/sync - {"script":"<script> [5351 bytes]","args":[{"element-6066-11e4-a52e-4f735466cecf":"f.393C77C539AF0175FCB39A24D69769D1.d.789CD64F9F00CF2E060ADDE6183038C4.e.299","ELEMENT":"f.393C77C539AF0175FCB39A24D69769D1.d.789CD64F9F00CF2E060ADDE6183038C4.e.299"}]}
COMMAND: GET /session/a64399a1195f4b74d2f6139fc8fd5cd0/screenshot - {}
RESULT: {}
RESULT: {"script":"<script> [5351 bytes]","args":[{"element-6066-11e4-a52e-4f735466cecf":"f.393C77C539AF0175FCB39A24D69769D1.d.789CD64F9F00CF2E060ADDE6183038C4.e.299","ELEMENT":"f.393C77C539AF0175FCB39A24D69769D1.d.789CD64F9F00CF2E060ADDE6183038C4.e.299"}]}
COMMAND: POST /session/a64399a1195f4b74d2f6139fc8fd5cd0/element/f.393C77C539AF0175FCB39A24D69769D1.d.789CD64F9F00CF2E060ADDE6183038C4.e.299/click - {}
COMMAND: GET /session/a64399a1195f4b74d2f6139fc8fd5cd0/screenshot - {}
RESULT: {}
RESULT: {}
COMMAND: GET /session/a64399a1195f4b74d2f6139fc8fd5cd0/screenshot - {}
RESULT: {}
COMMAND: POST /session/a64399a1195f4b74d2f6139fc8fd5cd0/element - {"using":"xpath","value":"//input[@id=\"application-manageyards-display-component---NewYard--yardId-inner\"]"}
RESULT: {}
RESULT: {"using":"xpath","value":"//input[@id=\"application-manageyards-display-component---NewYard--yardId-inner\"]"}
COMMAND: POST /session/a64399a1195f4b74d2f6139fc8fd5cd0/element - {"using":"xpath","value":"//input[@id=\"application-manageyards-display-component---NewYard--yardId-inner\"]"}
RESULT: {"using":"xpath","value":"//input[@id=\"application-manageyards-display-component---NewYard--yardId-inner\"]"}
COMMAND: POST /session/a64399a1195f4b74d2f6139fc8fd5cd0/execute/async - {"script":"<script> [1562 bytes]","args":[{"selector":{"id":"application-manageyards-display-component---NewYard--addressDetailDetailsName1","interaction":{"idSuffix":"inner"}},"wdio_ui5_key":"applicationmanageyards-display-component---NewYard--addressDetailDetailsName1"}]}
RESULT: {"script":"<script> [1562 bytes]","args":[{"selector":{"id":"application-manageyards-display-component---NewYard--addressDetailDetailsName1","interaction":{"idSuffix":"inner"}},"wdio_ui5_key":"applicationmanageyards-display-component---NewYard--addressDetailDetailsName1"}]}
RESULT: undefined
COMMAND: POST /session/a64399a1195f4b74d2f6139fc8fd5cd0/execute/async - {"script":"<script> [776 bytes]","args":[{"enterText":"Other Yard WDIO","selector":{"id":"application-manageyards-display-component---NewYard--addressDetailDetailsName1","interaction":{"idSuffix":"inner"}},"clearTextFirst":true,"interactionType":"ENTER_TEXT"}]}
RESULT: {"script":"<script> [776 bytes]","args":[{"enterText":"Other Yard WDIO","selector":{"id":"application-manageyards-display-component---NewYard--addressDetailDetailsName1","interaction":{"idSuffix":"inner"}},"clearTextFirst":true,"interactionType":"ENTER_TEXT"}]}
COMMAND: POST /session/a64399a1195f4b74d2f6139fc8fd5cd0/execute/async - {"script":"<script> [1562 bytes]","args":[{"selector":{"id":"application-manageyards-display-component---NewYard--addressDetailDetailsLanguage-arrow"},"wdio_ui5_key":"applicationmanageyards-display-component---NewYard--addressDetailDetailsLanguage-arrow"}]}
RESULT: {"script":"<script> [1562 bytes]","args":[{"selector":{"id":"application-manageyards-display-component---NewYard--addressDetailDetailsLanguage-arrow"},"wdio_ui5_key":"applicationmanageyards-display-component---NewYard--addressDetailDetailsLanguage-arrow"}]}
RESULT: undefined
COMMAND: POST /session/a64399a1195f4b74d2f6139fc8fd5cd0/element - {"using":"xpath","value":"//*[@id=\"application-manageyards-display-component---NewYard--addressDetailDetailsLanguage-arrow\"]"}
RESULT: {"using":"xpath","value":"//*[@id=\"application-manageyards-display-component---NewYard--addressDetailDetailsLanguage-arrow\"]"}
COMMAND: POST /session/a64399a1195f4b74d2f6139fc8fd5cd0/element/f.393C77C539AF0175FCB39A24D69769D1.d.789CD64F9F00CF2E060ADDE6183038C4.e.736/click - {}
RESULT: {}
COMMAND: POST /session/a64399a1195f4b74d2f6139fc8fd5cd0/element - {"using":"xpath","value":"//span[contains(text(), \"English\")]"}
COMMAND: GET /session/a64399a1195f4b74d2f6139fc8fd5cd0/screenshot - {}
RESULT: {"using":"xpath","value":"//span[contains(text(), \"English\")]"}
COMMAND: POST /session/a64399a1195f4b74d2f6139fc8fd5cd0/element/f.393C77C539AF0175FCB39A24D69769D1.d.789CD64F9F00CF2E060ADDE6183038C4.e.737/click - {}
RESULT: {}
RESULT: {}
COMMAND: POST /session/a64399a1195f4b74d2f6139fc8fd5cd0/execute/async - {"script":"<script> [1562 bytes]","args":[{"selector":{"id":"application-manageyards-display-component---NewYard--addressDetailDetailsCity1","interaction":{"idSuffix":"inner"}},"wdio_ui5_key":"applicationmanageyards-display-component---NewYard--addressDetailDetailsCity1"}]}
COMMAND: GET /session/a64399a1195f4b74d2f6139fc8fd5cd0/screenshot - {}
RESULT: {"script":"<script> [1562 bytes]","args":[{"selector":{"id":"application-manageyards-display-component---NewYard--addressDetailDetailsCity1","interaction":{"idSuffix":"inner"}},"wdio_ui5_key":"applicationmanageyards-display-component---NewYard--addressDetailDetailsCity1"}]}
RESULT: undefined
COMMAND: POST /session/a64399a1195f4b74d2f6139fc8fd5cd0/execute/async - {"script":"<script> [776 bytes]","args":[{"enterText":"Rosario","selector":{"id":"application-manageyards-display-component---NewYard--addressDetailDetailsCity1","interaction":{"idSuffix":"inner"}},"clearTextFirst":true,"interactionType":"ENTER_TEXT"}]}
RESULT: {}
RESULT: {"script":"<script> [776 bytes]","args":[{"enterText":"Rosario","selector":{"id":"application-manageyards-display-component---NewYard--addressDetailDetailsCity1","interaction":{"idSuffix":"inner"}},"clearTextFirst":true,"interactionType":"ENTER_TEXT"}]}
COMMAND: POST /session/a64399a1195f4b74d2f6139fc8fd5cd0/execute/async - {"script":"<script> [1562 bytes]","args":[{"selector":{"id":"application-manageyards-display-component---NewYard--addressDetailDetailsCountry-arrow"},"wdio_ui5_key":"applicationmanageyards-display-component---NewYard--addressDetailDetailsCountry-arrow"}]}
RESULT: {"script":"<script> [1562 bytes]","args":[{"selector":{"id":"application-manageyards-display-component---NewYard--addressDetailDetailsCountry-arrow"},"wdio_ui5_key":"applicationmanageyards-display-component---NewYard--addressDetailDetailsCountry-arrow"}]}
RESULT: undefined
COMMAND: POST /session/a64399a1195f4b74d2f6139fc8fd5cd0/element - {"using":"xpath","value":"//*[@id=\"application-manageyards-display-component---NewYard--addressDetailDetailsCountry-arrow\"]"}
RESULT: {"using":"xpath","value":"//*[@id=\"application-manageyards-display-component---NewYard--addressDetailDetailsCountry-arrow\"]"}
COMMAND: POST /session/a64399a1195f4b74d2f6139fc8fd5cd0/element/f.393C77C539AF0175FCB39A24D69769D1.d.789CD64F9F00CF2E060ADDE6183038C4.e.739/click - {}
RESULT: {}
COMMAND: POST /session/a64399a1195f4b74d2f6139fc8fd5cd0/element - {"using":"xpath","value":"//span[contains(text(), \"Argentina\")]"}
COMMAND: GET /session/a64399a1195f4b74d2f6139fc8fd5cd0/screenshot - {}
RESULT: {"using":"xpath","value":"//span[contains(text(), \"Argentina\")]"}
COMMAND: POST /session/a64399a1195f4b74d2f6139fc8fd5cd0/element/f.393C77C539AF0175FCB39A24D69769D1.d.789CD64F9F00CF2E060ADDE6183038C4.e.740/click - {}
RESULT: {}
RESULT: {}
COMMAND: POST /session/a64399a1195f4b74d2f6139fc8fd5cd0/execute/async - {"script":"<script> [1562 bytes]","args":[{"selector":{"id":"application-manageyards-display-component---NewYard--addressEditDetailsCostObjectCstType-arrow"},"wdio_ui5_key":"applicationmanageyards-display-component---NewYard--addressEditDetailsCostObjectCstType-arrow"}]}
COMMAND: GET /session/a64399a1195f4b74d2f6139fc8fd5cd0/screenshot - {}
RESULT: {"script":"<script> [1562 bytes]","args":[{"selector":{"id":"application-manageyards-display-component---NewYard--addressEditDetailsCostObjectCstType-arrow"},"wdio_ui5_key":"applicationmanageyards-display-component---NewYard--addressEditDetailsCostObjectCstType-arrow"}]}
RESULT: undefined
COMMAND: POST /session/a64399a1195f4b74d2f6139fc8fd5cd0/element - {"using":"xpath","value":"//*[@id=\"application-manageyards-display-component---NewYard--addressEditDetailsCostObjectCstType-arrow\"]"}
RESULT: {}
RESULT: {"using":"xpath","value":"//*[@id=\"application-manageyards-display-component---NewYard--addressEditDetailsCostObjectCstType-arrow\"]"}
COMMAND: POST /session/a64399a1195f4b74d2f6139fc8fd5cd0/element/f.393C77C539AF0175FCB39A24D69769D1.d.789CD64F9F00CF2E060ADDE6183038C4.e.742/click - {}
RESULT: {}
COMMAND: POST /session/a64399a1195f4b74d2f6139fc8fd5cd0/element - {"using":"xpath","value":"//span[contains(text(), \"Cost Center\")]"}
COMMAND: GET /session/a64399a1195f4b74d2f6139fc8fd5cd0/screenshot - {}
RESULT: {"using":"xpath","value":"//span[contains(text(), \"Cost Center\")]"}
COMMAND: POST /session/a64399a1195f4b74d2f6139fc8fd5cd0/element/f.393C77C539AF0175FCB39A24D69769D1.d.789CD64F9F00CF2E060ADDE6183038C4.e.743/click - {}
RESULT: {}
RESULT: {}
COMMAND: GET /session/a64399a1195f4b74d2f6139fc8fd5cd0/screenshot - {}
RESULT: {}
COMMAND: POST /session/a64399a1195f4b74d2f6139fc8fd5cd0/element - {"using":"xpath","value":"//span[@id=\"application-manageyards-display-component---NewYard--addressNewCostObjectCstID-vhi\"]"}
RESULT: {"using":"xpath","value":"//span[@id=\"application-manageyards-display-component---NewYard--addressNewCostObjectCstID-vhi\"]"}
COMMAND: POST /session/a64399a1195f4b74d2f6139fc8fd5cd0/execute/sync - {"script":"<script> [8489 bytes]","args":[{"element-6066-11e4-a52e-4f735466cecf":"f.393C77C539AF0175FCB39A24D69769D1.d.789CD64F9F00CF2E060ADDE6183038C4.e.747","ELEMENT":"f.393C77C539AF0175FCB39A24D69769D1.d.789CD64F9F00CF2E060ADDE6183038C4.e.747"}]}
RESULT: {"script":"<script> [8489 bytes]","args":[{"element-6066-11e4-a52e-4f735466cecf":"f.393C77C539AF0175FCB39A24D69769D1.d.789CD64F9F00CF2E060ADDE6183038C4.e.747","ELEMENT":"f.393C77C539AF0175FCB39A24D69769D1.d.789CD64F9F00CF2E060ADDE6183038C4.e.747"}]}
COMMAND: POST /session/a64399a1195f4b74d2f6139fc8fd5cd0/execute/async - {"script":"<script> [1562 bytes]","args":[{"selector":{"id":"application-manageyards-display-component---NewYard--addressNewCostObjectCstID-vhi"},"wdio_ui5_key":"applicationmanageyards-display-component---NewYard--addressNewCostObjectCstID-vhi"}]}
COMMAND: GET /session/a64399a1195f4b74d2f6139fc8fd5cd0/screenshot - {}
RESULT: {"script":"<script> [1562 bytes]","args":[{"selector":{"id":"application-manageyards-display-component---NewYard--addressNewCostObjectCstID-vhi"},"wdio_ui5_key":"applicationmanageyards-display-component---NewYard--addressNewCostObjectCstID-vhi"}]}
RESULT: undefined
COMMAND: POST /session/a64399a1195f4b74d2f6139fc8fd5cd0/element - {"using":"xpath","value":"//*[@id=\"application-manageyards-display-component---NewYard--addressNewCostObjectCstID-vhi\"]"}
RESULT: {}
RESULT: {"using":"xpath","value":"//*[@id=\"application-manageyards-display-component---NewYard--addressNewCostObjectCstID-vhi\"]"}
COMMAND: POST /session/a64399a1195f4b74d2f6139fc8fd5cd0/element/f.393C77C539AF0175FCB39A24D69769D1.d.789CD64F9F00CF2E060ADDE6183038C4.e.747/click - {}
RESULT: {}
COMMAND: GET /session/a64399a1195f4b74d2f6139fc8fd5cd0/screenshot - {}
RESULT: {}
COMMAND: POST /session/a64399a1195f4b74d2f6139fc8fd5cd0/execute/async - {"script":"<script> [1562 bytes]","args":[{"selector":{"controlType":"sap.m.SearchField","properties":{"placeholder":"Search"},"searchOpenDialogs":true,"interaction":{"idSuffix":"I"}},"wdio_ui5_key":"sapm.SearchField{\"placeholder\":\"Search\"}"}]}
RESULT: {"script":"<script> [1562 bytes]","args":[{"selector":{"controlType":"sap.m.SearchField","properties":{"placeholder":"Search"},"searchOpenDialogs":true,"interaction":{"idSuffix":"I"}},"wdio_ui5_key":"sapm.SearchField{\"placeholder\":\"Search\"}"}]}
RESULT: undefined
COMMAND: POST /session/a64399a1195f4b74d2f6139fc8fd5cd0/execute/async - {"script":"<script> [776 bytes]","args":[{"enterText":"bauh_b","selector":{"controlType":"sap.m.SearchField","properties":{"placeholder":"Search"},"searchOpenDialogs":true,"interaction":{"idSuffix":"I"}},"clearTextFirst":true,"interactionType":"ENTER_TEXT"}]}
RESULT: {"script":"<script> [776 bytes]","args":[{"enterText":"bauh_b","selector":{"controlType":"sap.m.SearchField","properties":{"placeholder":"Search"},"searchOpenDialogs":true,"interaction":{"idSuffix":"I"}},"clearTextFirst":true,"interactionType":"ENTER_TEXT"}]}
COMMAND: POST /session/a64399a1195f4b74d2f6139fc8fd5cd0/actions - {"actions":[{"id":"action1","type":"key","parameters":{},"actions":[{"type":"keyDown","value":""},{"type":"pause","duration":10},{"type":"keyUp","value":""}]}]}
RESULT: {"actions":[{"id":"action1","type":"key","parameters":{},"actions":[{"type":"keyDown","value":""},{"type":"pause","duration":10},{"type":"keyUp","value":""}]}]}
COMMAND: GET /session/a64399a1195f4b74d2f6139fc8fd5cd0/screenshot - {}
RESULT: {}
COMMAND: POST /session/a64399a1195f4b74d2f6139fc8fd5cd0/element - {"using":"xpath","value":"//span[contains(text(), \"Demo Yard\")]"}
RESULT: {"using":"xpath","value":"//span[contains(text(), \"Demo Yard\")]"}
COMMAND: POST /session/a64399a1195f4b74d2f6139fc8fd5cd0/element/f.393C77C539AF0175FCB39A24D69769D1.d.789CD64F9F00CF2E060ADDE6183038C4.e.788/click - {}
RESULT: {}
COMMAND: GET /session/a64399a1195f4b74d2f6139fc8fd5cd0/screenshot - {}
RESULT: {}
COMMAND: POST /session/a64399a1195f4b74d2f6139fc8fd5cd0/element - {"using":"xpath","value":"//bdi[contains(text(), \"OK\")]"}
RESULT: {"using":"xpath","value":"//bdi[contains(text(), \"OK\")]"}
COMMAND: POST /session/a64399a1195f4b74d2f6139fc8fd5cd0/element/f.393C77C539AF0175FCB39A24D69769D1.d.789CD64F9F00CF2E060ADDE6183038C4.e.789/click - {}
RESULT: {}
COMMAND: GET /session/a64399a1195f4b74d2f6139fc8fd5cd0/screenshot - {}
RESULT: {}
COMMAND: POST /session/a64399a1195f4b74d2f6139fc8fd5cd0/execute/async - {"script":"<script> [1562 bytes]","args":[{"selector":{"id":"application-manageyards-display-component---NewYard--addressEditDetailsCurrency-arrow"},"wdio_ui5_key":"applicationmanageyards-display-component---NewYard--addressEditDetailsCurrency-arrow"}]}
RESULT: {"script":"<script> [1562 bytes]","args":[{"selector":{"id":"application-manageyards-display-component---NewYard--addressEditDetailsCurrency-arrow"},"wdio_ui5_key":"applicationmanageyards-display-component---NewYard--addressEditDetailsCurrency-arrow"}]}
RESULT: undefined
COMMAND: POST /session/a64399a1195f4b74d2f6139fc8fd5cd0/element - {"using":"xpath","value":"//*[@id=\"application-manageyards-display-component---NewYard--addressEditDetailsCurrency-arrow\"]"}
RESULT: {"using":"xpath","value":"//*[@id=\"application-manageyards-display-component---NewYard--addressEditDetailsCurrency-arrow\"]"}
COMMAND: POST /session/a64399a1195f4b74d2f6139fc8fd5cd0/element/f.393C77C539AF0175FCB39A24D69769D1.d.789CD64F9F00CF2E060ADDE6183038C4.e.792/click - {}
RESULT: {}
COMMAND: POST /session/a64399a1195f4b74d2f6139fc8fd5cd0/element - {"using":"xpath","value":"//span[contains(text(), \"Euro\")]"}
COMMAND: GET /session/a64399a1195f4b74d2f6139fc8fd5cd0/screenshot - {}
RESULT: {"using":"xpath","value":"//span[contains(text(), \"Euro\")]"}
COMMAND: POST /session/a64399a1195f4b74d2f6139fc8fd5cd0/element/f.393C77C539AF0175FCB39A24D69769D1.d.789CD64F9F00CF2E060ADDE6183038C4.e.793/click - {}
RESULT: {}
RESULT: {}
COMMAND: POST /session/a64399a1195f4b74d2f6139fc8fd5cd0/execute/async - {"script":"<script> [1562 bytes]","args":[{"selector":{"controlType":"sap.m.Input","viewName":"etm.portal.ui.manageyards.view.New","viewId":"application-manageyards-display-component---NewYard","bindingPath":{"path":"","propertyPath":"/CONTROLLING_AREA","modelName":"NewYardModel"},"interaction":{"idSuffix":"inner"}},"wdio_ui5_key":"etmportal.ui.manageyards.view.Newsap.m.Input{\"path\":\"\",\"propertyPath\":\"/CONTROLLING_AREA\",\"modelName\":\"NewYardModel\"}"}]}
COMMAND: GET /session/a64399a1195f4b74d2f6139fc8fd5cd0/screenshot - {}
RESULT: {"script":"<script> [1562 bytes]","args":[{"selector":{"controlType":"sap.m.Input","viewName":"etm.portal.ui.manageyards.view.New","viewId":"application-manageyards-display-component---NewYard","bindingPath":{"path":"","propertyPath":"/CONTROLLING_AREA","modelName":"NewYardModel"},"interaction":{"idSuffix":"inner"}},"wdio_ui5_key":"etmportal.ui.manageyards.view.Newsap.m.Input{\"path\":\"\",\"propertyPath\":\"/CONTROLLING_AREA\",\"modelName\":\"NewYardModel\"}"}]}
RESULT: undefined
COMMAND: POST /session/a64399a1195f4b74d2f6139fc8fd5cd0/execute/async - {"script":"<script> [776 bytes]","args":[{"enterText":"Z001","selector":{"controlType":"sap.m.Input","viewName":"etm.portal.ui.manageyards.view.New","viewId":"application-manageyards-display-component---NewYard","bindingPath":{"path":"","propertyPath":"/CONTROLLING_AREA","modelName":"NewYardModel"},"interaction":{"idSuffix":"inner"}},"clearTextFirst":true,"interactionType":"ENTER_TEXT"}]}
RESULT: {}
RESULT: {"script":"<script> [776 bytes]","args":[{"enterText":"Z001","selector":{"controlType":"sap.m.Input","viewName":"etm.portal.ui.manageyards.view.New","viewId":"application-manageyards-display-component---NewYard","bindingPath":{"path":"","propertyPath":"/CONTROLLING_AREA","modelName":"NewYardModel"},"interaction":{"idSuffix":"inner"}},"clearTextFirst":true,"interactionType":"ENTER_TEXT"}]}
COMMAND: POST /session/a64399a1195f4b74d2f6139fc8fd5cd0/execute/async - {"script":"<script> [1562 bytes]","args":[{"selector":{"id":"application-manageyards-display-component---NewYard--companyCodeComboBox","interaction":{"idSuffix":"inner"}},"wdio_ui5_key":"applicationmanageyards-display-component---NewYard--companyCodeComboBox"}]}
RESULT: {"script":"<script> [1562 bytes]","args":[{"selector":{"id":"application-manageyards-display-component---NewYard--companyCodeComboBox","interaction":{"idSuffix":"inner"}},"wdio_ui5_key":"applicationmanageyards-display-component---NewYard--companyCodeComboBox"}]}
RESULT: undefined
COMMAND: POST /session/a64399a1195f4b74d2f6139fc8fd5cd0/execute/async - {"script":"<script> [776 bytes]","args":[{"enterText":"1000","selector":{"id":"application-manageyards-display-component---NewYard--companyCodeComboBox","interaction":{"idSuffix":"inner"}},"clearTextFirst":true,"interactionType":"ENTER_TEXT"}]}
RESULT: {"script":"<script> [776 bytes]","args":[{"enterText":"1000","selector":{"id":"application-manageyards-display-component---NewYard--companyCodeComboBox","interaction":{"idSuffix":"inner"}},"clearTextFirst":true,"interactionType":"ENTER_TEXT"}]}
COMMAND: POST /session/a64399a1195f4b74d2f6139fc8fd5cd0/execute/async - {"script":"<script> [1562 bytes]","args":[{"selector":{"controlType":"sap.m.Input","viewName":"etm.portal.ui.manageyards.view.New","viewId":"application-manageyards-display-component---NewYard","bindingPath":{"path":"","propertyPath":"/PLANT","modelName":"NewYardModel"},"interaction":{"idSuffix":"inner"}},"wdio_ui5_key":"etmportal.ui.manageyards.view.Newsap.m.Input{\"path\":\"\",\"propertyPath\":\"/PLANT\",\"modelName\":\"NewYardModel\"}"}]}
RESULT: {"script":"<script> [1562 bytes]","args":[{"selector":{"controlType":"sap.m.Input","viewName":"etm.portal.ui.manageyards.view.New","viewId":"application-manageyards-display-component---NewYard","bindingPath":{"path":"","propertyPath":"/PLANT","modelName":"NewYardModel"},"interaction":{"idSuffix":"inner"}},"wdio_ui5_key":"etmportal.ui.manageyards.view.Newsap.m.Input{\"path\":\"\",\"propertyPath\":\"/PLANT\",\"modelName\":\"NewYardModel\"}"}]}
RESULT: undefined
COMMAND: POST /session/a64399a1195f4b74d2f6139fc8fd5cd0/execute/async - {"script":"<script> [776 bytes]","args":[{"enterText":"1001","selector":{"controlType":"sap.m.Input","viewName":"etm.portal.ui.manageyards.view.New","viewId":"application-manageyards-display-component---NewYard","bindingPath":{"path":"","propertyPath":"/PLANT","modelName":"NewYardModel"},"interaction":{"idSuffix":"inner"}},"clearTextFirst":true,"interactionType":"ENTER_TEXT"}]}
RESULT: {"script":"<script> [776 bytes]","args":[{"enterText":"1001","selector":{"controlType":"sap.m.Input","viewName":"etm.portal.ui.manageyards.view.New","viewId":"application-manageyards-display-component---NewYard","bindingPath":{"path":"","propertyPath":"/PLANT","modelName":"NewYardModel"},"interaction":{"idSuffix":"inner"}},"clearTextFirst":true,"interactionType":"ENTER_TEXT"}]}
COMMAND: POST /session/a64399a1195f4b74d2f6139fc8fd5cd0/execute/async - {"script":"<script> [1562 bytes]","args":[{"selector":{"controlType":"sap.m.Input","viewName":"etm.portal.ui.manageyards.view.New","viewId":"application-manageyards-display-component---NewYard","bindingPath":{"path":"","propertyPath":"/SALES_AREA_VKORG","modelName":"NewYardModel"},"interaction":{"idSuffix":"inner"}},"wdio_ui5_key":"etmportal.ui.manageyards.view.Newsap.m.Input{\"path\":\"\",\"propertyPath\":\"/SALES_AREA_VKORG\",\"modelName\":\"NewYardModel\"}"}]}
RESULT: {"script":"<script> [1562 bytes]","args":[{"selector":{"controlType":"sap.m.Input","viewName":"etm.portal.ui.manageyards.view.New","viewId":"application-manageyards-display-component---NewYard","bindingPath":{"path":"","propertyPath":"/SALES_AREA_VKORG","modelName":"NewYardModel"},"interaction":{"idSuffix":"inner"}},"wdio_ui5_key":"etmportal.ui.manageyards.view.Newsap.m.Input{\"path\":\"\",\"propertyPath\":\"/SALES_AREA_VKORG\",\"modelName\":\"NewYardModel\"}"}]}
RESULT: undefined
COMMAND: POST /session/a64399a1195f4b74d2f6139fc8fd5cd0/execute/async - {"script":"<script> [776 bytes]","args":[{"enterText":"C002","selector":{"controlType":"sap.m.Input","viewName":"etm.portal.ui.manageyards.view.New","viewId":"application-manageyards-display-component---NewYard","bindingPath":{"path":"","propertyPath":"/SALES_AREA_VKORG","modelName":"NewYardModel"},"interaction":{"idSuffix":"inner"}},"clearTextFirst":true,"interactionType":"ENTER_TEXT"}]}
RESULT: {"script":"<script> [776 bytes]","args":[{"enterText":"C002","selector":{"controlType":"sap.m.Input","viewName":"etm.portal.ui.manageyards.view.New","viewId":"application-manageyards-display-component---NewYard","bindingPath":{"path":"","propertyPath":"/SALES_AREA_VKORG","modelName":"NewYardModel"},"interaction":{"idSuffix":"inner"}},"clearTextFirst":true,"interactionType":"ENTER_TEXT"}]}
COMMAND: POST /session/a64399a1195f4b74d2f6139fc8fd5cd0/execute/async - {"script":"<script> [1562 bytes]","args":[{"selector":{"controlType":"sap.m.Input","viewName":"etm.portal.ui.manageyards.view.New","viewId":"application-manageyards-display-component---NewYard","bindingPath":{"path":"","propertyPath":"/SALES_AREA_VTWEG","modelName":"NewYardModel"},"interaction":{"idSuffix":"inner"}},"wdio_ui5_key":"etmportal.ui.manageyards.view.Newsap.m.Input{\"path\":\"\",\"propertyPath\":\"/SALES_AREA_VTWEG\",\"modelName\":\"NewYardModel\"}"}]}
RESULT: {"script":"<script> [1562 bytes]","args":[{"selector":{"controlType":"sap.m.Input","viewName":"etm.portal.ui.manageyards.view.New","viewId":"application-manageyards-display-component---NewYard","bindingPath":{"path":"","propertyPath":"/SALES_AREA_VTWEG","modelName":"NewYardModel"},"interaction":{"idSuffix":"inner"}},"wdio_ui5_key":"etmportal.ui.manageyards.view.Newsap.m.Input{\"path\":\"\",\"propertyPath\":\"/SALES_AREA_VTWEG\",\"modelName\":\"NewYardModel\"}"}]}
RESULT: undefined
COMMAND: POST /session/a64399a1195f4b74d2f6139fc8fd5cd0/execute/async - {"script":"<script> [776 bytes]","args":[{"enterText":"C2","selector":{"controlType":"sap.m.Input","viewName":"etm.portal.ui.manageyards.view.New","viewId":"application-manageyards-display-component---NewYard","bindingPath":{"path":"","propertyPath":"/SALES_AREA_VTWEG","modelName":"NewYardModel"},"interaction":{"idSuffix":"inner"}},"clearTextFirst":true,"interactionType":"ENTER_TEXT"}]}
RESULT: {"script":"<script> [776 bytes]","args":[{"enterText":"C2","selector":{"controlType":"sap.m.Input","viewName":"etm.portal.ui.manageyards.view.New","viewId":"application-manageyards-display-component---NewYard","bindingPath":{"path":"","propertyPath":"/SALES_AREA_VTWEG","modelName":"NewYardModel"},"interaction":{"idSuffix":"inner"}},"clearTextFirst":true,"interactionType":"ENTER_TEXT"}]}
COMMAND: POST /session/a64399a1195f4b74d2f6139fc8fd5cd0/execute/async - {"script":"<script> [1562 bytes]","args":[{"selector":{"controlType":"sap.m.Input","viewName":"etm.portal.ui.manageyards.view.New","viewId":"application-manageyards-display-component---NewYard","bindingPath":{"path":"","propertyPath":"/SALES_AREA_SPART","modelName":"NewYardModel"},"interaction":{"idSuffix":"inner"}},"wdio_ui5_key":"etmportal.ui.manageyards.view.Newsap.m.Input{\"path\":\"\",\"propertyPath\":\"/SALES_AREA_SPART\",\"modelName\":\"NewYardModel\"}"}]}
RESULT: {"script":"<script> [1562 bytes]","args":[{"selector":{"controlType":"sap.m.Input","viewName":"etm.portal.ui.manageyards.view.New","viewId":"application-manageyards-display-component---NewYard","bindingPath":{"path":"","propertyPath":"/SALES_AREA_SPART","modelName":"NewYardModel"},"interaction":{"idSuffix":"inner"}},"wdio_ui5_key":"etmportal.ui.manageyards.view.Newsap.m.Input{\"path\":\"\",\"propertyPath\":\"/SALES_AREA_SPART\",\"modelName\":\"NewYardModel\"}"}]}
RESULT: undefined
COMMAND: POST /session/a64399a1195f4b74d2f6139fc8fd5cd0/execute/async - {"script":"<script> [776 bytes]","args":[{"enterText":"C2","selector":{"controlType":"sap.m.Input","viewName":"etm.portal.ui.manageyards.view.New","viewId":"application-manageyards-display-component---NewYard","bindingPath":{"path":"","propertyPath":"/SALES_AREA_SPART","modelName":"NewYardModel"},"interaction":{"idSuffix":"inner"}},"clearTextFirst":true,"interactionType":"ENTER_TEXT"}]}
RESULT: {"script":"<script> [776 bytes]","args":[{"enterText":"C2","selector":{"controlType":"sap.m.Input","viewName":"etm.portal.ui.manageyards.view.New","viewId":"application-manageyards-display-component---NewYard","bindingPath":{"path":"","propertyPath":"/SALES_AREA_SPART","modelName":"NewYardModel"},"interaction":{"idSuffix":"inner"}},"clearTextFirst":true,"interactionType":"ENTER_TEXT"}]}
COMMAND: POST /session/a64399a1195f4b74d2f6139fc8fd5cd0/execute/async - {"script":"<script> [1562 bytes]","args":[{"selector":{"controlType":"sap.m.Input","viewName":"etm.portal.ui.manageyards.view.New","viewId":"application-manageyards-display-component---NewYard","bindingPath":{"path":"","propertyPath":"/SHIP_POINT","modelName":"NewYardModel"},"interaction":{"idSuffix":"inner"}},"wdio_ui5_key":"etmportal.ui.manageyards.view.Newsap.m.Input{\"path\":\"\",\"propertyPath\":\"/SHIP_POINT\",\"modelName\":\"NewYardModel\"}"}]}
RESULT: {"script":"<script> [1562 bytes]","args":[{"selector":{"controlType":"sap.m.Input","viewName":"etm.portal.ui.manageyards.view.New","viewId":"application-manageyards-display-component---NewYard","bindingPath":{"path":"","propertyPath":"/SHIP_POINT","modelName":"NewYardModel"},"interaction":{"idSuffix":"inner"}},"wdio_ui5_key":"etmportal.ui.manageyards.view.Newsap.m.Input{\"path\":\"\",\"propertyPath\":\"/SHIP_POINT\",\"modelName\":\"NewYardModel\"}"}]}
RESULT: undefined
COMMAND: POST /session/a64399a1195f4b74d2f6139fc8fd5cd0/execute/async - {"script":"<script> [776 bytes]","args":[{"enterText":"1710","selector":{"controlType":"sap.m.Input","viewName":"etm.portal.ui.manageyards.view.New","viewId":"application-manageyards-display-component---NewYard","bindingPath":{"path":"","propertyPath":"/SHIP_POINT","modelName":"NewYardModel"},"interaction":{"idSuffix":"inner"}},"clearTextFirst":true,"interactionType":"ENTER_TEXT"}]}
RESULT: {"script":"<script> [776 bytes]","args":[{"enterText":"1710","selector":{"controlType":"sap.m.Input","viewName":"etm.portal.ui.manageyards.view.New","viewId":"application-manageyards-display-component---NewYard","bindingPath":{"path":"","propertyPath":"/SHIP_POINT","modelName":"NewYardModel"},"interaction":{"idSuffix":"inner"}},"clearTextFirst":true,"interactionType":"ENTER_TEXT"}]}
COMMAND: POST /session/a64399a1195f4b74d2f6139fc8fd5cd0/execute/async - {"script":"<script> [1562 bytes]","args":[{"selector":{"controlType":"sap.m.Input","viewName":"etm.portal.ui.manageyards.view.New","viewId":"application-manageyards-display-component---NewYard","bindingPath":{"path":"","propertyPath":"/DELIVERY_TYPE","modelName":"NewYardModel"},"interaction":{"idSuffix":"inner"}},"wdio_ui5_key":"etmportal.ui.manageyards.view.Newsap.m.Input{\"path\":\"\",\"propertyPath\":\"/DELIVERY_TYPE\",\"modelName\":\"NewYardModel\"}"}]}
RESULT: {"script":"<script> [1562 bytes]","args":[{"selector":{"controlType":"sap.m.Input","viewName":"etm.portal.ui.manageyards.view.New","viewId":"application-manageyards-display-component---NewYard","bindingPath":{"path":"","propertyPath":"/DELIVERY_TYPE","modelName":"NewYardModel"},"interaction":{"idSuffix":"inner"}},"wdio_ui5_key":"etmportal.ui.manageyards.view.Newsap.m.Input{\"path\":\"\",\"propertyPath\":\"/DELIVERY_TYPE\",\"modelName\":\"NewYardModel\"}"}]}
RESULT: undefined
COMMAND: POST /session/a64399a1195f4b74d2f6139fc8fd5cd0/execute/async - {"script":"<script> [776 bytes]","args":[{"enterText":"ZL01","selector":{"controlType":"sap.m.Input","viewName":"etm.portal.ui.manageyards.view.New","viewId":"application-manageyards-display-component---NewYard","bindingPath":{"path":"","propertyPath":"/DELIVERY_TYPE","modelName":"NewYardModel"},"interaction":{"idSuffix":"inner"}},"clearTextFirst":true,"interactionType":"ENTER_TEXT"}]}
RESULT: {"script":"<script> [776 bytes]","args":[{"enterText":"ZL01","selector":{"controlType":"sap.m.Input","viewName":"etm.portal.ui.manageyards.view.New","viewId":"application-manageyards-display-component---NewYard","bindingPath":{"path":"","propertyPath":"/DELIVERY_TYPE","modelName":"NewYardModel"},"interaction":{"idSuffix":"inner"}},"clearTextFirst":true,"interactionType":"ENTER_TEXT"}]}
COMMAND: POST /session/a64399a1195f4b74d2f6139fc8fd5cd0/execute/async - {"script":"<script> [1562 bytes]","args":[{"selector":{"controlType":"sap.m.Input","viewName":"etm.portal.ui.manageyards.view.New","viewId":"application-manageyards-display-component---NewYard","bindingPath":{"path":"","propertyPath":"/AUART","modelName":"NewYardModel"},"interaction":{"idSuffix":"inner"}},"wdio_ui5_key":"etmportal.ui.manageyards.view.Newsap.m.Input{\"path\":\"\",\"propertyPath\":\"/AUART\",\"modelName\":\"NewYardModel\"}"}]}
RESULT: {"script":"<script> [1562 bytes]","args":[{"selector":{"controlType":"sap.m.Input","viewName":"etm.portal.ui.manageyards.view.New","viewId":"application-manageyards-display-component---NewYard","bindingPath":{"path":"","propertyPath":"/AUART","modelName":"NewYardModel"},"interaction":{"idSuffix":"inner"}},"wdio_ui5_key":"etmportal.ui.manageyards.view.Newsap.m.Input{\"path\":\"\",\"propertyPath\":\"/AUART\",\"modelName\":\"NewYardModel\"}"}]}
RESULT: undefined
COMMAND: POST /session/a64399a1195f4b74d2f6139fc8fd5cd0/execute/async - {"script":"<script> [776 bytes]","args":[{"enterText":"TA","selector":{"controlType":"sap.m.Input","viewName":"etm.portal.ui.manageyards.view.New","viewId":"application-manageyards-display-component---NewYard","bindingPath":{"path":"","propertyPath":"/AUART","modelName":"NewYardModel"},"interaction":{"idSuffix":"inner"}},"clearTextFirst":true,"interactionType":"ENTER_TEXT"}]}
RESULT: {"script":"<script> [776 bytes]","args":[{"enterText":"TA","selector":{"controlType":"sap.m.Input","viewName":"etm.portal.ui.manageyards.view.New","viewId":"application-manageyards-display-component---NewYard","bindingPath":{"path":"","propertyPath":"/AUART","modelName":"NewYardModel"},"interaction":{"idSuffix":"inner"}},"clearTextFirst":true,"interactionType":"ENTER_TEXT"}]}
COMMAND: POST /session/a64399a1195f4b74d2f6139fc8fd5cd0/element - {"using":"xpath","value":"//button[@data-kt=\"newYardSaveButton\"]"}
RESULT: {"using":"xpath","value":"//button[@data-kt=\"newYardSaveButton\"]"}
COMMAND: POST /session/a64399a1195f4b74d2f6139fc8fd5cd0/element/f.393C77C539AF0175FCB39A24D69769D1.d.789CD64F9F00CF2E060ADDE6183038C4.e.719/click - {}
RESULT: {}
COMMAND: GET /session/a64399a1195f4b74d2f6139fc8fd5cd0/screenshot - {}
RESULT: {}
COMMAND: POST /session/a64399a1195f4b74d2f6139fc8fd5cd0/element - {"using":"xpath","value":"//header[contains(@id, 'ObjectPageLayout-headerTitle')]/div[1]/div[2]/div[1]/span[1]"}
RESULT: {"using":"xpath","value":"//header[contains(@id, 'ObjectPageLayout-headerTitle')]/div[1]/div[2]/div[1]/span[1]"}
COMMAND: POST /session/a64399a1195f4b74d2f6139fc8fd5cd0/elements - {"using":"xpath","value":"//header[contains(@id, 'ObjectPageLayout-headerTitle')]/div[1]/div[2]/div[1]/span[1]"}
RESULT: {"using":"xpath","value":"//header[contains(@id, 'ObjectPageLayout-headerTitle')]/div[1]/div[2]/div[1]/span[1]"}
COMMAND: POST /session/a64399a1195f4b74d2f6139fc8fd5cd0/execute/sync - {"script":"<script> [56 bytes]","args":[{"element-6066-11e4-a52e-4f735466cecf":"f.393C77C539AF0175FCB39A24D69769D1.d.789CD64F9F00CF2E060ADDE6183038C4.e.1014","ELEMENT":"f.393C77C539AF0175FCB39A24D69769D1.d.789CD64F9F00CF2E060ADDE6183038C4.e.1014"}]}
RESULT: {"script":"<script> [56 bytes]","args":[{"element-6066-11e4-a52e-4f735466cecf":"f.393C77C539AF0175FCB39A24D69769D1.d.789CD64F9F00CF2E060ADDE6183038C4.e.1014","ELEMENT":"f.393C77C539AF0175FCB39A24D69769D1.d.789CD64F9F00CF2E060ADDE6183038C4.e.1014"}]}
COMMAND: GET /session/a64399a1195f4b74d2f6139fc8fd5cd0/screenshot - {}
RESULT: {}
COMMAND: POST /session/a64399a1195f4b74d2f6139fc8fd5cd0/element - {"using":"css selector","value":"#shell-header-logo"}
RESULT: {"using":"css selector","value":"#shell-header-logo"}
COMMAND: POST /session/a64399a1195f4b74d2f6139fc8fd5cd0/element/f.393C77C539AF0175FCB39A24D69769D1.d.789CD64F9F00CF2E060ADDE6183038C4.e.269/click - {}
RESULT: {}
COMMAND: GET /session/a64399a1195f4b74d2f6139fc8fd5cd0/screenshot - {}
RESULT: {}
COMMAND: POST /session/a64399a1195f4b74d2f6139fc8fd5cd0/execute/sync - {"script":"<script> [299 bytes]","args":[["getModel","getResource"]]}
RESULT: {"script":"<script> [299 bytes]","args":[["getModel","getResource"]]}
COMMAND: GET /session/a64399a1195f4b74d2f6139fc8fd5cd0/screenshot - {}
]]></system-out>
    </testcase>
    <testcase classname="chrome.136_0_7103_93.windows.Prerequisites_&amp;_test_for_yard_mass_return_on_Yard_Overview_US131057" name="Prereq Should create a new partner" time="135.513">
      <system-out><![CDATA[
COMMAND: POST /session/a64399a1195f4b74d2f6139fc8fd5cd0/window/fullscreen - {}
RESULT: {}
COMMAND: POST /session/a64399a1195f4b74d2f6139fc8fd5cd0/execute/async - {"script":"<script> [1562 bytes]","args":[{"selector":{"controlType":"sap.m.GenericTile","properties":{"header":"Manage Partners"}},"wdio_ui5_key":"sapm.GenericTile{\"header\":\"Manage Partners\"}"}]}
RESULT: {}
RESULT: {"script":"<script> [1562 bytes]","args":[{"selector":{"controlType":"sap.m.GenericTile","properties":{"header":"Manage Partners"}},"wdio_ui5_key":"sapm.GenericTile{\"header\":\"Manage Partners\"}"}]}
RESULT: undefined
COMMAND: POST /session/a64399a1195f4b74d2f6139fc8fd5cd0/element - {"using":"xpath","value":"//*[@id=\"__tile38\"]"}
RESULT: {"using":"xpath","value":"//*[@id=\"__tile38\"]"}
COMMAND: POST /session/a64399a1195f4b74d2f6139fc8fd5cd0/element/f.393C77C539AF0175FCB39A24D69769D1.d.789CD64F9F00CF2E060ADDE6183038C4.e.154/click - {}
RESULT: {}
COMMAND: GET /session/a64399a1195f4b74d2f6139fc8fd5cd0/screenshot - {}
RESULT: {}
COMMAND: POST /session/a64399a1195f4b74d2f6139fc8fd5cd0/elements - {"using":"xpath","value":"//span[text()='Error']"}
RESULT: {"using":"xpath","value":"//span[text()='Error']"}
COMMAND: POST /session/a64399a1195f4b74d2f6139fc8fd5cd0/element - {"using":"xpath","value":"//button[@data-kt=\"addButton\"]"}
RESULT: {"using":"xpath","value":"//button[@data-kt=\"addButton\"]"}
COMMAND: POST /session/a64399a1195f4b74d2f6139fc8fd5cd0/elements - {"using":"xpath","value":"//button[@data-kt=\"addButton\"]"}
RESULT: {"using":"xpath","value":"//button[@data-kt=\"addButton\"]"}
COMMAND: POST /session/a64399a1195f4b74d2f6139fc8fd5cd0/execute/sync - {"script":"<script> [8489 bytes]","args":[{"element-6066-11e4-a52e-4f735466cecf":"f.393C77C539AF0175FCB39A24D69769D1.d.789CD64F9F00CF2E060ADDE6183038C4.e.1062","ELEMENT":"f.393C77C539AF0175FCB39A24D69769D1.d.789CD64F9F00CF2E060ADDE6183038C4.e.1062"}]}
RESULT: {"script":"<script> [8489 bytes]","args":[{"element-6066-11e4-a52e-4f735466cecf":"f.393C77C539AF0175FCB39A24D69769D1.d.789CD64F9F00CF2E060ADDE6183038C4.e.1062","ELEMENT":"f.393C77C539AF0175FCB39A24D69769D1.d.789CD64F9F00CF2E060ADDE6183038C4.e.1062"}]}
COMMAND: GET /session/a64399a1195f4b74d2f6139fc8fd5cd0/element/f.393C77C539AF0175FCB39A24D69769D1.d.789CD64F9F00CF2E060ADDE6183038C4.e.1062/enabled - {}
COMMAND: GET /session/a64399a1195f4b74d2f6139fc8fd5cd0/screenshot - {}
RESULT: {}
COMMAND: POST /session/a64399a1195f4b74d2f6139fc8fd5cd0/execute/sync - {"script":"<script> [8489 bytes]","args":[{"element-6066-11e4-a52e-4f735466cecf":"f.393C77C539AF0175FCB39A24D69769D1.d.789CD64F9F00CF2E060ADDE6183038C4.e.1062","ELEMENT":"f.393C77C539AF0175FCB39A24D69769D1.d.789CD64F9F00CF2E060ADDE6183038C4.e.1062"}]}
COMMAND: GET /session/a64399a1195f4b74d2f6139fc8fd5cd0/screenshot - {}
RESULT: {}
RESULT: {"script":"<script> [8489 bytes]","args":[{"element-6066-11e4-a52e-4f735466cecf":"f.393C77C539AF0175FCB39A24D69769D1.d.789CD64F9F00CF2E060ADDE6183038C4.e.1062","ELEMENT":"f.393C77C539AF0175FCB39A24D69769D1.d.789CD64F9F00CF2E060ADDE6183038C4.e.1062"}]}
COMMAND: POST /session/a64399a1195f4b74d2f6139fc8fd5cd0/execute/sync - {"script":"<script> [5351 bytes]","args":[{"element-6066-11e4-a52e-4f735466cecf":"f.393C77C539AF0175FCB39A24D69769D1.d.789CD64F9F00CF2E060ADDE6183038C4.e.1062","ELEMENT":"f.393C77C539AF0175FCB39A24D69769D1.d.789CD64F9F00CF2E060ADDE6183038C4.e.1062"}]}
COMMAND: GET /session/a64399a1195f4b74d2f6139fc8fd5cd0/screenshot - {}
RESULT: {}
RESULT: {"script":"<script> [5351 bytes]","args":[{"element-6066-11e4-a52e-4f735466cecf":"f.393C77C539AF0175FCB39A24D69769D1.d.789CD64F9F00CF2E060ADDE6183038C4.e.1062","ELEMENT":"f.393C77C539AF0175FCB39A24D69769D1.d.789CD64F9F00CF2E060ADDE6183038C4.e.1062"}]}
COMMAND: POST /session/a64399a1195f4b74d2f6139fc8fd5cd0/element/f.393C77C539AF0175FCB39A24D69769D1.d.789CD64F9F00CF2E060ADDE6183038C4.e.1062/click - {}
COMMAND: GET /session/a64399a1195f4b74d2f6139fc8fd5cd0/screenshot - {}
RESULT: {}
RESULT: {}
COMMAND: GET /session/a64399a1195f4b74d2f6139fc8fd5cd0/screenshot - {}
COMMAND: POST /session/a64399a1195f4b74d2f6139fc8fd5cd0/execute/async - {"script":"<script> [1562 bytes]","args":[{"selector":{"id":"application-managepartners-display-component---NewPartner--addressDetailDetailsName1","interaction":{"idSuffix":"inner"}},"wdio_ui5_key":"applicationmanagepartners-display-component---NewPartner--addressDetailDetailsName1"}]}
RESULT: {}
RESULT: {}
RESULT: {"script":"<script> [1562 bytes]","args":[{"selector":{"id":"application-managepartners-display-component---NewPartner--addressDetailDetailsName1","interaction":{"idSuffix":"inner"}},"wdio_ui5_key":"applicationmanagepartners-display-component---NewPartner--addressDetailDetailsName1"}]}
RESULT: undefined
COMMAND: POST /session/a64399a1195f4b74d2f6139fc8fd5cd0/execute/async - {"script":"<script> [776 bytes]","args":[{"enterText":"Intracompany Partner WDIO","selector":{"id":"application-managepartners-display-component---NewPartner--addressDetailDetailsName1","interaction":{"idSuffix":"inner"}},"clearTextFirst":true,"interactionType":"ENTER_TEXT"}]}
RESULT: {"script":"<script> [776 bytes]","args":[{"enterText":"Intracompany Partner WDIO","selector":{"id":"application-managepartners-display-component---NewPartner--addressDetailDetailsName1","interaction":{"idSuffix":"inner"}},"clearTextFirst":true,"interactionType":"ENTER_TEXT"}]}
COMMAND: POST /session/a64399a1195f4b74d2f6139fc8fd5cd0/execute/async - {"script":"<script> [1562 bytes]","args":[{"selector":{"id":"application-managepartners-display-component---NewPartner--addressDetailDetailsLanguage-arrow"},"wdio_ui5_key":"applicationmanagepartners-display-component---NewPartner--addressDetailDetailsLanguage-arrow"}]}
RESULT: {"script":"<script> [1562 bytes]","args":[{"selector":{"id":"application-managepartners-display-component---NewPartner--addressDetailDetailsLanguage-arrow"},"wdio_ui5_key":"applicationmanagepartners-display-component---NewPartner--addressDetailDetailsLanguage-arrow"}]}
RESULT: undefined
COMMAND: POST /session/a64399a1195f4b74d2f6139fc8fd5cd0/element - {"using":"xpath","value":"//*[@id=\"application-managepartners-display-component---NewPartner--addressDetailDetailsLanguage-arrow\"]"}
RESULT: {"using":"xpath","value":"//*[@id=\"application-managepartners-display-component---NewPartner--addressDetailDetailsLanguage-arrow\"]"}
COMMAND: POST /session/a64399a1195f4b74d2f6139fc8fd5cd0/element/f.393C77C539AF0175FCB39A24D69769D1.d.789CD64F9F00CF2E060ADDE6183038C4.e.1447/click - {}
RESULT: {}
COMMAND: POST /session/a64399a1195f4b74d2f6139fc8fd5cd0/element - {"using":"xpath","value":"//span[contains(text(), \"English\")]"}
COMMAND: GET /session/a64399a1195f4b74d2f6139fc8fd5cd0/screenshot - {}
RESULT: {"using":"xpath","value":"//span[contains(text(), \"English\")]"}
COMMAND: POST /session/a64399a1195f4b74d2f6139fc8fd5cd0/element/f.393C77C539AF0175FCB39A24D69769D1.d.789CD64F9F00CF2E060ADDE6183038C4.e.1448/click - {}
RESULT: {}
RESULT: {}
COMMAND: GET /session/a64399a1195f4b74d2f6139fc8fd5cd0/screenshot - {}
RESULT: {}
COMMAND: POST /session/a64399a1195f4b74d2f6139fc8fd5cd0/execute/async - {"script":"<script> [1562 bytes]","args":[{"selector":{"id":"application-managepartners-display-component---NewPartner--addressDetailDetailsCity1","interaction":{"idSuffix":"inner"}},"wdio_ui5_key":"applicationmanagepartners-display-component---NewPartner--addressDetailDetailsCity1"}]}
RESULT: {"script":"<script> [1562 bytes]","args":[{"selector":{"id":"application-managepartners-display-component---NewPartner--addressDetailDetailsCity1","interaction":{"idSuffix":"inner"}},"wdio_ui5_key":"applicationmanagepartners-display-component---NewPartner--addressDetailDetailsCity1"}]}
RESULT: undefined
COMMAND: POST /session/a64399a1195f4b74d2f6139fc8fd5cd0/execute/async - {"script":"<script> [776 bytes]","args":[{"enterText":"Rosario","selector":{"id":"application-managepartners-display-component---NewPartner--addressDetailDetailsCity1","interaction":{"idSuffix":"inner"}},"clearTextFirst":true,"interactionType":"ENTER_TEXT"}]}
RESULT: {"script":"<script> [776 bytes]","args":[{"enterText":"Rosario","selector":{"id":"application-managepartners-display-component---NewPartner--addressDetailDetailsCity1","interaction":{"idSuffix":"inner"}},"clearTextFirst":true,"interactionType":"ENTER_TEXT"}]}
COMMAND: POST /session/a64399a1195f4b74d2f6139fc8fd5cd0/execute/async - {"script":"<script> [1562 bytes]","args":[{"selector":{"id":"application-managepartners-display-component---NewPartner--addressDetailDetailsCountry-arrow"},"wdio_ui5_key":"applicationmanagepartners-display-component---NewPartner--addressDetailDetailsCountry-arrow"}]}
RESULT: {"script":"<script> [1562 bytes]","args":[{"selector":{"id":"application-managepartners-display-component---NewPartner--addressDetailDetailsCountry-arrow"},"wdio_ui5_key":"applicationmanagepartners-display-component---NewPartner--addressDetailDetailsCountry-arrow"}]}
RESULT: undefined
COMMAND: POST /session/a64399a1195f4b74d2f6139fc8fd5cd0/element - {"using":"xpath","value":"//*[@id=\"application-managepartners-display-component---NewPartner--addressDetailDetailsCountry-arrow\"]"}
RESULT: {"using":"xpath","value":"//*[@id=\"application-managepartners-display-component---NewPartner--addressDetailDetailsCountry-arrow\"]"}
COMMAND: POST /session/a64399a1195f4b74d2f6139fc8fd5cd0/element/f.393C77C539AF0175FCB39A24D69769D1.d.789CD64F9F00CF2E060ADDE6183038C4.e.1429/click - {}
RESULT: {}
COMMAND: POST /session/a64399a1195f4b74d2f6139fc8fd5cd0/element - {"using":"xpath","value":"//span[contains(text(), \"Argentina\")]"}
COMMAND: GET /session/a64399a1195f4b74d2f6139fc8fd5cd0/screenshot - {}
RESULT: {"using":"xpath","value":"//span[contains(text(), \"Argentina\")]"}
COMMAND: POST /session/a64399a1195f4b74d2f6139fc8fd5cd0/element/f.393C77C539AF0175FCB39A24D69769D1.d.789CD64F9F00CF2E060ADDE6183038C4.e.1450/click - {}
RESULT: {}
RESULT: {}
COMMAND: GET /session/a64399a1195f4b74d2f6139fc8fd5cd0/screenshot - {}
RESULT: {}
COMMAND: POST /session/a64399a1195f4b74d2f6139fc8fd5cd0/element - {"using":"xpath","value":"//bdi[contains(text(), \"Commercial\")]"}
RESULT: {"using":"xpath","value":"//bdi[contains(text(), \"Commercial\")]"}
COMMAND: POST /session/a64399a1195f4b74d2f6139fc8fd5cd0/element/f.393C77C539AF0175FCB39A24D69769D1.d.789CD64F9F00CF2E060ADDE6183038C4.e.1451/click - {}
RESULT: {}
COMMAND: GET /session/a64399a1195f4b74d2f6139fc8fd5cd0/screenshot - {}
RESULT: {}
COMMAND: POST /session/a64399a1195f4b74d2f6139fc8fd5cd0/execute/async - {"script":"<script> [1562 bytes]","args":[{"selector":{"id":"application-managepartners-display-component---NewPartner--partnerDetailInternal-arrow"},"wdio_ui5_key":"applicationmanagepartners-display-component---NewPartner--partnerDetailInternal-arrow"}]}
RESULT: {"script":"<script> [1562 bytes]","args":[{"selector":{"id":"application-managepartners-display-component---NewPartner--partnerDetailInternal-arrow"},"wdio_ui5_key":"applicationmanagepartners-display-component---NewPartner--partnerDetailInternal-arrow"}]}
RESULT: undefined
COMMAND: POST /session/a64399a1195f4b74d2f6139fc8fd5cd0/element - {"using":"xpath","value":"//*[@id=\"application-managepartners-display-component---NewPartner--partnerDetailInternal-arrow\"]"}
RESULT: {"using":"xpath","value":"//*[@id=\"application-managepartners-display-component---NewPartner--partnerDetailInternal-arrow\"]"}
COMMAND: POST /session/a64399a1195f4b74d2f6139fc8fd5cd0/element/f.393C77C539AF0175FCB39A24D69769D1.d.789CD64F9F00CF2E060ADDE6183038C4.e.1457/click - {}
RESULT: {}
COMMAND: POST /session/a64399a1195f4b74d2f6139fc8fd5cd0/element - {"using":"xpath","value":"//span[contains(text(), \"Affiliated company\")]"}
COMMAND: GET /session/a64399a1195f4b74d2f6139fc8fd5cd0/screenshot - {}
RESULT: {"using":"xpath","value":"//span[contains(text(), \"Affiliated company\")]"}
COMMAND: POST /session/a64399a1195f4b74d2f6139fc8fd5cd0/element/f.393C77C539AF0175FCB39A24D69769D1.d.789CD64F9F00CF2E060ADDE6183038C4.e.1460/click - {}
RESULT: {}
RESULT: {}
COMMAND: POST /session/a64399a1195f4b74d2f6139fc8fd5cd0/execute/async - {"script":"<script> [1562 bytes]","args":[{"selector":{"id":"application-managepartners-display-component---NewPartner--partnerDetailsCurrency-arrow"},"wdio_ui5_key":"applicationmanagepartners-display-component---NewPartner--partnerDetailsCurrency-arrow"}]}
COMMAND: GET /session/a64399a1195f4b74d2f6139fc8fd5cd0/screenshot - {}
RESULT: {"script":"<script> [1562 bytes]","args":[{"selector":{"id":"application-managepartners-display-component---NewPartner--partnerDetailsCurrency-arrow"},"wdio_ui5_key":"applicationmanagepartners-display-component---NewPartner--partnerDetailsCurrency-arrow"}]}
RESULT: undefined
COMMAND: POST /session/a64399a1195f4b74d2f6139fc8fd5cd0/element - {"using":"xpath","value":"//*[@id=\"application-managepartners-display-component---NewPartner--partnerDetailsCurrency-arrow\"]"}
RESULT: {}
RESULT: {"using":"xpath","value":"//*[@id=\"application-managepartners-display-component---NewPartner--partnerDetailsCurrency-arrow\"]"}
COMMAND: POST /session/a64399a1195f4b74d2f6139fc8fd5cd0/element/f.393C77C539AF0175FCB39A24D69769D1.d.789CD64F9F00CF2E060ADDE6183038C4.e.1467/click - {}
RESULT: {}
COMMAND: POST /session/a64399a1195f4b74d2f6139fc8fd5cd0/element - {"using":"xpath","value":"//span[contains(text(), \"Euro\")]"}
COMMAND: GET /session/a64399a1195f4b74d2f6139fc8fd5cd0/screenshot - {}
RESULT: {"using":"xpath","value":"//span[contains(text(), \"Euro\")]"}
COMMAND: POST /session/a64399a1195f4b74d2f6139fc8fd5cd0/element/f.393C77C539AF0175FCB39A24D69769D1.d.789CD64F9F00CF2E060ADDE6183038C4.e.1468/click - {}
RESULT: {}
RESULT: {}
COMMAND: POST /session/a64399a1195f4b74d2f6139fc8fd5cd0/execute/async - {"script":"<script> [1562 bytes]","args":[{"selector":{"id":"application-managepartners-display-component---NewPartner--addressEditDetailsCostObjectCstType-arrow"},"wdio_ui5_key":"applicationmanagepartners-display-component---NewPartner--addressEditDetailsCostObjectCstType-arrow"}]}
COMMAND: GET /session/a64399a1195f4b74d2f6139fc8fd5cd0/screenshot - {}
RESULT: {"script":"<script> [1562 bytes]","args":[{"selector":{"id":"application-managepartners-display-component---NewPartner--addressEditDetailsCostObjectCstType-arrow"},"wdio_ui5_key":"applicationmanagepartners-display-component---NewPartner--addressEditDetailsCostObjectCstType-arrow"}]}
RESULT: undefined
COMMAND: POST /session/a64399a1195f4b74d2f6139fc8fd5cd0/element - {"using":"xpath","value":"//*[@id=\"application-managepartners-display-component---NewPartner--addressEditDetailsCostObjectCstType-arrow\"]"}
RESULT: {}
RESULT: {"using":"xpath","value":"//*[@id=\"application-managepartners-display-component---NewPartner--addressEditDetailsCostObjectCstType-arrow\"]"}
COMMAND: POST /session/a64399a1195f4b74d2f6139fc8fd5cd0/element/f.393C77C539AF0175FCB39A24D69769D1.d.789CD64F9F00CF2E060ADDE6183038C4.e.1469/click - {}
RESULT: {}
COMMAND: POST /session/a64399a1195f4b74d2f6139fc8fd5cd0/element - {"using":"xpath","value":"//span[contains(text(), \"Cost Center\")]"}
COMMAND: GET /session/a64399a1195f4b74d2f6139fc8fd5cd0/screenshot - {}
RESULT: {"using":"xpath","value":"//span[contains(text(), \"Cost Center\")]"}
COMMAND: POST /session/a64399a1195f4b74d2f6139fc8fd5cd0/element/f.393C77C539AF0175FCB39A24D69769D1.d.789CD64F9F00CF2E060ADDE6183038C4.e.1470/click - {}
RESULT: {}
RESULT: {}
COMMAND: GET /session/a64399a1195f4b74d2f6139fc8fd5cd0/screenshot - {}
RESULT: {}
COMMAND: POST /session/a64399a1195f4b74d2f6139fc8fd5cd0/element - {"using":"xpath","value":"//span[@id=\"application-managepartners-display-component---NewPartner--addressNewCostObjectCstID-vhi\"]"}
RESULT: {"using":"xpath","value":"//span[@id=\"application-managepartners-display-component---NewPartner--addressNewCostObjectCstID-vhi\"]"}
COMMAND: POST /session/a64399a1195f4b74d2f6139fc8fd5cd0/execute/sync - {"script":"<script> [8489 bytes]","args":[{"element-6066-11e4-a52e-4f735466cecf":"f.393C77C539AF0175FCB39A24D69769D1.d.789CD64F9F00CF2E060ADDE6183038C4.e.1474","ELEMENT":"f.393C77C539AF0175FCB39A24D69769D1.d.789CD64F9F00CF2E060ADDE6183038C4.e.1474"}]}
RESULT: {"script":"<script> [8489 bytes]","args":[{"element-6066-11e4-a52e-4f735466cecf":"f.393C77C539AF0175FCB39A24D69769D1.d.789CD64F9F00CF2E060ADDE6183038C4.e.1474","ELEMENT":"f.393C77C539AF0175FCB39A24D69769D1.d.789CD64F9F00CF2E060ADDE6183038C4.e.1474"}]}
COMMAND: POST /session/a64399a1195f4b74d2f6139fc8fd5cd0/execute/async - {"script":"<script> [1562 bytes]","args":[{"selector":{"id":"application-managepartners-display-component---NewPartner--addressNewCostObjectCstID-vhi"},"wdio_ui5_key":"applicationmanagepartners-display-component---NewPartner--addressNewCostObjectCstID-vhi"}]}
COMMAND: GET /session/a64399a1195f4b74d2f6139fc8fd5cd0/screenshot - {}
RESULT: {"script":"<script> [1562 bytes]","args":[{"selector":{"id":"application-managepartners-display-component---NewPartner--addressNewCostObjectCstID-vhi"},"wdio_ui5_key":"applicationmanagepartners-display-component---NewPartner--addressNewCostObjectCstID-vhi"}]}
RESULT: undefined
COMMAND: POST /session/a64399a1195f4b74d2f6139fc8fd5cd0/element - {"using":"xpath","value":"//*[@id=\"application-managepartners-display-component---NewPartner--addressNewCostObjectCstID-vhi\"]"}
RESULT: {}
RESULT: {"using":"xpath","value":"//*[@id=\"application-managepartners-display-component---NewPartner--addressNewCostObjectCstID-vhi\"]"}
COMMAND: POST /session/a64399a1195f4b74d2f6139fc8fd5cd0/element/f.393C77C539AF0175FCB39A24D69769D1.d.789CD64F9F00CF2E060ADDE6183038C4.e.1474/click - {}
RESULT: {}
COMMAND: GET /session/a64399a1195f4b74d2f6139fc8fd5cd0/screenshot - {}
RESULT: {}
RESULT: undefined
COMMAND: POST /session/a64399a1195f4b74d2f6139fc8fd5cd0/execute/async - {"script":"<script> [776 bytes]","args":[{"enterText":"10001013","selector":{"controlType":"sap.m.SearchField","properties":{"placeholder":"Search"},"searchOpenDialogs":true,"interaction":{"idSuffix":"I"}},"clearTextFirst":true,"interactionType":"ENTER_TEXT"}]}
RESULT: {"script":"<script> [776 bytes]","args":[{"enterText":"10001013","selector":{"controlType":"sap.m.SearchField","properties":{"placeholder":"Search"},"searchOpenDialogs":true,"interaction":{"idSuffix":"I"}},"clearTextFirst":true,"interactionType":"ENTER_TEXT"}]}
COMMAND: POST /session/a64399a1195f4b74d2f6139fc8fd5cd0/actions - {"actions":[{"id":"action2","type":"key","parameters":{},"actions":[{"type":"keyDown","value":""},{"type":"pause","duration":10},{"type":"keyUp","value":""}]}]}
RESULT: {"actions":[{"id":"action2","type":"key","parameters":{},"actions":[{"type":"keyDown","value":""},{"type":"pause","duration":10},{"type":"keyUp","value":""}]}]}
COMMAND: GET /session/a64399a1195f4b74d2f6139fc8fd5cd0/screenshot - {}
RESULT: {}
COMMAND: POST /session/a64399a1195f4b74d2f6139fc8fd5cd0/element - {"using":"xpath","value":"//span[contains(text(), \"General Management\")]"}
RESULT: {"using":"xpath","value":"//span[contains(text(), \"General Management\")]"}
COMMAND: POST /session/a64399a1195f4b74d2f6139fc8fd5cd0/element/f.393C77C539AF0175FCB39A24D69769D1.d.789CD64F9F00CF2E060ADDE6183038C4.e.1514/click - {}
RESULT: {}
COMMAND: GET /session/a64399a1195f4b74d2f6139fc8fd5cd0/screenshot - {}
RESULT: {}
COMMAND: POST /session/a64399a1195f4b74d2f6139fc8fd5cd0/element - {"using":"xpath","value":"//bdi[contains(text(), \"OK\")]"}
RESULT: {"using":"xpath","value":"//bdi[contains(text(), \"OK\")]"}
COMMAND: POST /session/a64399a1195f4b74d2f6139fc8fd5cd0/element/f.393C77C539AF0175FCB39A24D69769D1.d.789CD64F9F00CF2E060ADDE6183038C4.e.1515/click - {}
RESULT: {}
COMMAND: GET /session/a64399a1195f4b74d2f6139fc8fd5cd0/screenshot - {}
RESULT: {}
COMMAND: POST /session/a64399a1195f4b74d2f6139fc8fd5cd0/element - {"using":"xpath","value":"//input[@id=\"application-managepartners-display-component---NewPartner--companyCodeComboBox-inner\"]"}
RESULT: {"using":"xpath","value":"//input[@id=\"application-managepartners-display-component---NewPartner--companyCodeComboBox-inner\"]"}
COMMAND: POST /session/a64399a1195f4b74d2f6139fc8fd5cd0/element/f.393C77C539AF0175FCB39A24D69769D1.d.789CD64F9F00CF2E060ADDE6183038C4.e.1307/clear - {}
RESULT: {}
COMMAND: POST /session/a64399a1195f4b74d2f6139fc8fd5cd0/element/f.393C77C539AF0175FCB39A24D69769D1.d.789CD64F9F00CF2E060ADDE6183038C4.e.1307/value - {"text":"1000"}
COMMAND: GET /session/a64399a1195f4b74d2f6139fc8fd5cd0/screenshot - {}
RESULT: {"text":"1000"}
COMMAND: GET /session/a64399a1195f4b74d2f6139fc8fd5cd0/screenshot - {}
RESULT: {}
RESULT: {}
COMMAND: POST /session/a64399a1195f4b74d2f6139fc8fd5cd0/element - {"using":"xpath","value":"//li[.//span[text()= \"1000\"]]"}
RESULT: {"using":"xpath","value":"//li[.//span[text()= \"1000\"]]"}
COMMAND: POST /session/a64399a1195f4b74d2f6139fc8fd5cd0/element/f.393C77C539AF0175FCB39A24D69769D1.d.789CD64F9F00CF2E060ADDE6183038C4.e.1521/click - {}
RESULT: {}
COMMAND: GET /session/a64399a1195f4b74d2f6139fc8fd5cd0/screenshot - {}
RESULT: {}
COMMAND: POST /session/a64399a1195f4b74d2f6139fc8fd5cd0/execute/async - {"script":"<script> [1562 bytes]","args":[{"selector":{"id":"application-managepartners-display-component---NewPartner--btnAddTableRow-img"},"wdio_ui5_key":"applicationmanagepartners-display-component---NewPartner--btnAddTableRow-img"}]}
RESULT: {"script":"<script> [1562 bytes]","args":[{"selector":{"id":"application-managepartners-display-component---NewPartner--btnAddTableRow-img"},"wdio_ui5_key":"applicationmanagepartners-display-component---NewPartner--btnAddTableRow-img"}]}
RESULT: undefined
COMMAND: POST /session/a64399a1195f4b74d2f6139fc8fd5cd0/element - {"using":"xpath","value":"//*[@id=\"application-managepartners-display-component---NewPartner--btnAddTableRow-img\"]"}
RESULT: {"using":"xpath","value":"//*[@id=\"application-managepartners-display-component---NewPartner--btnAddTableRow-img\"]"}
COMMAND: POST /session/a64399a1195f4b74d2f6139fc8fd5cd0/element/f.393C77C539AF0175FCB39A24D69769D1.d.789CD64F9F00CF2E060ADDE6183038C4.e.1522/click - {}
RESULT: {}
COMMAND: GET /session/a64399a1195f4b74d2f6139fc8fd5cd0/screenshot - {}
RESULT: {}
COMMAND: POST /session/a64399a1195f4b74d2f6139fc8fd5cd0/element - {"using":"xpath","value":"//input[@id=\"application-managepartners-display-component---NewPartner--assignmentYard-application-managepartners-display-component---NewPartner--assignmentsTable-0-inner\"]"}
RESULT: {"using":"xpath","value":"//input[@id=\"application-managepartners-display-component---NewPartner--assignmentYard-application-managepartners-display-component---NewPartner--assignmentsTable-0-inner\"]"}
COMMAND: POST /session/a64399a1195f4b74d2f6139fc8fd5cd0/element/f.393C77C539AF0175FCB39A24D69769D1.d.789CD64F9F00CF2E060ADDE6183038C4.e.1525/clear - {}
RESULT: {}
COMMAND: POST /session/a64399a1195f4b74d2f6139fc8fd5cd0/element/f.393C77C539AF0175FCB39A24D69769D1.d.789CD64F9F00CF2E060ADDE6183038C4.e.1525/value - {"text":"226"}
COMMAND: GET /session/a64399a1195f4b74d2f6139fc8fd5cd0/screenshot - {}
RESULT: {"text":"226"}
COMMAND: GET /session/a64399a1195f4b74d2f6139fc8fd5cd0/screenshot - {}
RESULT: {}
RESULT: {}
COMMAND: POST /session/a64399a1195f4b74d2f6139fc8fd5cd0/element - {"using":"xpath","value":"//li[.//span[text()='226']]"}
RESULT: {"using":"xpath","value":"//li[.//span[text()='226']]"}
COMMAND: POST /session/a64399a1195f4b74d2f6139fc8fd5cd0/element/f.393C77C539AF0175FCB39A24D69769D1.d.789CD64F9F00CF2E060ADDE6183038C4.e.1534/click - {}
RESULT: {}
COMMAND: GET /session/a64399a1195f4b74d2f6139fc8fd5cd0/screenshot - {}
RESULT: {}
COMMAND: POST /session/a64399a1195f4b74d2f6139fc8fd5cd0/actions - {"actions":[{"id":"action3","type":"key","parameters":{},"actions":[{"type":"keyDown","value":""},{"type":"pause","duration":10},{"type":"keyUp","value":""}]}]}
RESULT: {"actions":[{"id":"action3","type":"key","parameters":{},"actions":[{"type":"keyDown","value":""},{"type":"pause","duration":10},{"type":"keyUp","value":""}]}]}
COMMAND: POST /session/a64399a1195f4b74d2f6139fc8fd5cd0/execute/async - {"script":"<script> [1562 bytes]","args":[{"selector":{"id":"application-managepartners-display-component---NewPartner--externalCustomerComboBox-application-managepartners-display-component---NewPartner--assignmentsTable-0-vhi"},"wdio_ui5_key":"applicationmanagepartners-display-component---NewPartner--externalCustomerComboBox-application-managepartners-display-component---NewPartner--assignmentsTable-0-vhi"}]}
COMMAND: GET /session/a64399a1195f4b74d2f6139fc8fd5cd0/screenshot - {}
RESULT: {"script":"<script> [1562 bytes]","args":[{"selector":{"id":"application-managepartners-display-component---NewPartner--externalCustomerComboBox-application-managepartners-display-component---NewPartner--assignmentsTable-0-vhi"},"wdio_ui5_key":"applicationmanagepartners-display-component---NewPartner--externalCustomerComboBox-application-managepartners-display-component---NewPartner--assignmentsTable-0-vhi"}]}
RESULT: undefined
COMMAND: POST /session/a64399a1195f4b74d2f6139fc8fd5cd0/element - {"using":"xpath","value":"//*[@id=\"application-managepartners-display-component---NewPartner--externalCustomerComboBox-application-managepartners-display-component---NewPartner--assignmentsTable-0-vhi\"]"}
RESULT: {}
RESULT: {"using":"xpath","value":"//*[@id=\"application-managepartners-display-component---NewPartner--externalCustomerComboBox-application-managepartners-display-component---NewPartner--assignmentsTable-0-vhi\"]"}
COMMAND: POST /session/a64399a1195f4b74d2f6139fc8fd5cd0/element/f.393C77C539AF0175FCB39A24D69769D1.d.789CD64F9F00CF2E060ADDE6183038C4.e.1538/click - {}
RESULT: {}
RESULT: undefined
COMMAND: POST /session/a64399a1195f4b74d2f6139fc8fd5cd0/execute/async - {"script":"<script> [776 bytes]","args":[{"enterText":"300003","selector":{"controlType":"sap.m.SearchField","properties":{"placeholder":"Search"},"searchOpenDialogs":true,"interaction":{"idSuffix":"I"}},"clearTextFirst":true,"interactionType":"ENTER_TEXT"}]}
COMMAND: GET /session/a64399a1195f4b74d2f6139fc8fd5cd0/screenshot - {}
RESULT: {"script":"<script> [776 bytes]","args":[{"enterText":"300003","selector":{"controlType":"sap.m.SearchField","properties":{"placeholder":"Search"},"searchOpenDialogs":true,"interaction":{"idSuffix":"I"}},"clearTextFirst":true,"interactionType":"ENTER_TEXT"}]}
COMMAND: POST /session/a64399a1195f4b74d2f6139fc8fd5cd0/actions - {"actions":[{"id":"action4","type":"key","parameters":{},"actions":[{"type":"keyDown","value":""},{"type":"pause","duration":10},{"type":"keyUp","value":""}]}]}
RESULT: {}
RESULT: {"actions":[{"id":"action4","type":"key","parameters":{},"actions":[{"type":"keyDown","value":""},{"type":"pause","duration":10},{"type":"keyUp","value":""}]}]}
COMMAND: GET /session/a64399a1195f4b74d2f6139fc8fd5cd0/screenshot - {}
RESULT: {}
COMMAND: POST /session/a64399a1195f4b74d2f6139fc8fd5cd0/element - {"using":"xpath","value":"//span[contains(text(), \"300003\")]"}
RESULT: {"using":"xpath","value":"//span[contains(text(), \"300003\")]"}
COMMAND: POST /session/a64399a1195f4b74d2f6139fc8fd5cd0/element/f.393C77C539AF0175FCB39A24D69769D1.d.789CD64F9F00CF2E060ADDE6183038C4.e.1556/click - {}
RESULT: {}
COMMAND: GET /session/a64399a1195f4b74d2f6139fc8fd5cd0/screenshot - {}
RESULT: {}
COMMAND: POST /session/a64399a1195f4b74d2f6139fc8fd5cd0/element - {"using":"xpath","value":"//bdi[contains(text(), \"OK\")]"}
RESULT: {"using":"xpath","value":"//bdi[contains(text(), \"OK\")]"}
COMMAND: POST /session/a64399a1195f4b74d2f6139fc8fd5cd0/element/f.393C77C539AF0175FCB39A24D69769D1.d.789CD64F9F00CF2E060ADDE6183038C4.e.1558/click - {}
RESULT: {}
COMMAND: GET /session/a64399a1195f4b74d2f6139fc8fd5cd0/screenshot - {}
RESULT: {}
COMMAND: POST /session/a64399a1195f4b74d2f6139fc8fd5cd0/execute/async - {"script":"<script> [1562 bytes]","args":[{"selector":{"id":"application-managepartners-display-component---NewPartner--intercompVendorComboBox-application-managepartners-display-component---NewPartner--assignmentsTable-0-vhi"},"wdio_ui5_key":"applicationmanagepartners-display-component---NewPartner--intercompVendorComboBox-application-managepartners-display-component---NewPartner--assignmentsTable-0-vhi"}]}
RESULT: {"script":"<script> [1562 bytes]","args":[{"selector":{"id":"application-managepartners-display-component---NewPartner--intercompVendorComboBox-application-managepartners-display-component---NewPartner--assignmentsTable-0-vhi"},"wdio_ui5_key":"applicationmanagepartners-display-component---NewPartner--intercompVendorComboBox-application-managepartners-display-component---NewPartner--assignmentsTable-0-vhi"}]}
RESULT: undefined
COMMAND: POST /session/a64399a1195f4b74d2f6139fc8fd5cd0/element - {"using":"xpath","value":"//*[@id=\"application-managepartners-display-component---NewPartner--intercompVendorComboBox-application-managepartners-display-component---NewPartner--assignmentsTable-0-vhi\"]"}
RESULT: {"using":"xpath","value":"//*[@id=\"application-managepartners-display-component---NewPartner--intercompVendorComboBox-application-managepartners-display-component---NewPartner--assignmentsTable-0-vhi\"]"}
COMMAND: POST /session/a64399a1195f4b74d2f6139fc8fd5cd0/element/f.393C77C539AF0175FCB39A24D69769D1.d.789CD64F9F00CF2E060ADDE6183038C4.e.1561/click - {}
RESULT: {}
RESULT: undefined
COMMAND: POST /session/a64399a1195f4b74d2f6139fc8fd5cd0/execute/async - {"script":"<script> [776 bytes]","args":[{"enterText":"100005","selector":{"controlType":"sap.m.SearchField","properties":{"placeholder":"Search"},"searchOpenDialogs":true,"interaction":{"idSuffix":"I"}},"clearTextFirst":true,"interactionType":"ENTER_TEXT"}]}
COMMAND: GET /session/a64399a1195f4b74d2f6139fc8fd5cd0/screenshot - {}
RESULT: {"script":"<script> [776 bytes]","args":[{"enterText":"100005","selector":{"controlType":"sap.m.SearchField","properties":{"placeholder":"Search"},"searchOpenDialogs":true,"interaction":{"idSuffix":"I"}},"clearTextFirst":true,"interactionType":"ENTER_TEXT"}]}
COMMAND: POST /session/a64399a1195f4b74d2f6139fc8fd5cd0/actions - {"actions":[{"id":"action5","type":"key","parameters":{},"actions":[{"type":"keyDown","value":""},{"type":"pause","duration":10},{"type":"keyUp","value":""}]}]}
RESULT: {}
RESULT: {"actions":[{"id":"action5","type":"key","parameters":{},"actions":[{"type":"keyDown","value":""},{"type":"pause","duration":10},{"type":"keyUp","value":""}]}]}
COMMAND: GET /session/a64399a1195f4b74d2f6139fc8fd5cd0/screenshot - {}
RESULT: {}
COMMAND: POST /session/a64399a1195f4b74d2f6139fc8fd5cd0/element - {"using":"xpath","value":"//span[contains(text(), \"Penguins - Field/12345 Berlin\")]"}
RESULT: {"using":"xpath","value":"//span[contains(text(), \"Penguins - Field/12345 Berlin\")]"}
COMMAND: POST /session/a64399a1195f4b74d2f6139fc8fd5cd0/element/f.393C77C539AF0175FCB39A24D69769D1.d.789CD64F9F00CF2E060ADDE6183038C4.e.1578/click - {}
RESULT: {}
COMMAND: GET /session/a64399a1195f4b74d2f6139fc8fd5cd0/screenshot - {}
RESULT: {}
COMMAND: POST /session/a64399a1195f4b74d2f6139fc8fd5cd0/element - {"using":"xpath","value":"//bdi[contains(text(), \"OK\")]"}
RESULT: {"using":"xpath","value":"//bdi[contains(text(), \"OK\")]"}
COMMAND: POST /session/a64399a1195f4b74d2f6139fc8fd5cd0/element/f.393C77C539AF0175FCB39A24D69769D1.d.789CD64F9F00CF2E060ADDE6183038C4.e.1579/click - {}
RESULT: {}
COMMAND: GET /session/a64399a1195f4b74d2f6139fc8fd5cd0/screenshot - {}
RESULT: {}
COMMAND: POST /session/a64399a1195f4b74d2f6139fc8fd5cd0/element - {"using":"xpath","value":"//button[@data-kt=\"saveButton\"]"}
RESULT: {"using":"xpath","value":"//button[@data-kt=\"saveButton\"]"}
COMMAND: POST /session/a64399a1195f4b74d2f6139fc8fd5cd0/element/f.393C77C539AF0175FCB39A24D69769D1.d.789CD64F9F00CF2E060ADDE6183038C4.e.1431/click - {}
RESULT: {}
COMMAND: GET /session/a64399a1195f4b74d2f6139fc8fd5cd0/screenshot - {}
RESULT: {}
COMMAND: POST /session/a64399a1195f4b74d2f6139fc8fd5cd0/element - {"using":"xpath","value":"//header[contains(@id, 'ObjectPageLayout-headerTitle')]/div[1]/div[2]/div[2]/span[1]"}
RESULT: {"using":"xpath","value":"//header[contains(@id, 'ObjectPageLayout-headerTitle')]/div[1]/div[2]/div[2]/span[1]"}
COMMAND: POST /session/a64399a1195f4b74d2f6139fc8fd5cd0/elements - {"using":"xpath","value":"//header[contains(@id, 'ObjectPageLayout-headerTitle')]/div[1]/div[2]/div[2]/span[1]"}
RESULT: {"using":"xpath","value":"//header[contains(@id, 'ObjectPageLayout-headerTitle')]/div[1]/div[2]/div[2]/span[1]"}
COMMAND: POST /session/a64399a1195f4b74d2f6139fc8fd5cd0/execute/sync - {"script":"<script> [56 bytes]","args":[{"element-6066-11e4-a52e-4f735466cecf":"f.393C77C539AF0175FCB39A24D69769D1.d.789CD64F9F00CF2E060ADDE6183038C4.e.1715","ELEMENT":"f.393C77C539AF0175FCB39A24D69769D1.d.789CD64F9F00CF2E060ADDE6183038C4.e.1715"}]}
RESULT: {"script":"<script> [56 bytes]","args":[{"element-6066-11e4-a52e-4f735466cecf":"f.393C77C539AF0175FCB39A24D69769D1.d.789CD64F9F00CF2E060ADDE6183038C4.e.1715","ELEMENT":"f.393C77C539AF0175FCB39A24D69769D1.d.789CD64F9F00CF2E060ADDE6183038C4.e.1715"}]}
COMMAND: POST /session/a64399a1195f4b74d2f6139fc8fd5cd0/element - {"using":"css selector","value":"#shell-header-logo"}
COMMAND: GET /session/a64399a1195f4b74d2f6139fc8fd5cd0/screenshot - {}
RESULT: {"using":"css selector","value":"#shell-header-logo"}
COMMAND: POST /session/a64399a1195f4b74d2f6139fc8fd5cd0/element/f.393C77C539AF0175FCB39A24D69769D1.d.789CD64F9F00CF2E060ADDE6183038C4.e.1018/click - {}
RESULT: {}
RESULT: {}
COMMAND: GET /session/a64399a1195f4b74d2f6139fc8fd5cd0/screenshot - {}
RESULT: {}
COMMAND: POST /session/a64399a1195f4b74d2f6139fc8fd5cd0/execute/sync - {"script":"<script> [299 bytes]","args":[["getModel","getResource"]]}
RESULT: {"script":"<script> [299 bytes]","args":[["getModel","getResource"]]}
COMMAND: GET /session/a64399a1195f4b74d2f6139fc8fd5cd0/screenshot - {}
]]></system-out>
    </testcase>
    <testcase classname="chrome.136_0_7103_93.windows.Prerequisites_&amp;_test_for_yard_mass_return_on_Yard_Overview_US131057" name="Prereq Should create a new site" time="89.581">
      <system-out><![CDATA[
COMMAND: POST /session/a64399a1195f4b74d2f6139fc8fd5cd0/execute/async - {"script":"<script> [1562 bytes]","args":[{"selector":{"controlType":"sap.m.GenericTile","properties":{"header":"Manage Sites"}},"wdio_ui5_key":"sapm.GenericTile{\"header\":\"Manage Sites\"}"}]}
RESULT: {}
RESULT: {"script":"<script> [1562 bytes]","args":[{"selector":{"controlType":"sap.m.GenericTile","properties":{"header":"Manage Sites"}},"wdio_ui5_key":"sapm.GenericTile{\"header\":\"Manage Sites\"}"}]}
RESULT: undefined
COMMAND: POST /session/a64399a1195f4b74d2f6139fc8fd5cd0/element - {"using":"xpath","value":"//*[@id=\"__tile40\"]"}
RESULT: {"using":"xpath","value":"//*[@id=\"__tile40\"]"}
COMMAND: POST /session/a64399a1195f4b74d2f6139fc8fd5cd0/element/f.393C77C539AF0175FCB39A24D69769D1.d.789CD64F9F00CF2E060ADDE6183038C4.e.160/click - {}
RESULT: {}
COMMAND: GET /session/a64399a1195f4b74d2f6139fc8fd5cd0/screenshot - {}
RESULT: {}
COMMAND: POST /session/a64399a1195f4b74d2f6139fc8fd5cd0/elements - {"using":"xpath","value":"//span[text()='Error']"}
RESULT: {"using":"xpath","value":"//span[text()='Error']"}
COMMAND: POST /session/a64399a1195f4b74d2f6139fc8fd5cd0/element - {"using":"xpath","value":"//button[@data-kt=\"addOverflowToolbarButton\"]"}
RESULT: {"using":"xpath","value":"//button[@data-kt=\"addOverflowToolbarButton\"]"}
COMMAND: POST /session/a64399a1195f4b74d2f6139fc8fd5cd0/elements - {"using":"xpath","value":"//button[@data-kt=\"addOverflowToolbarButton\"]"}
RESULT: {"using":"xpath","value":"//button[@data-kt=\"addOverflowToolbarButton\"]"}
COMMAND: POST /session/a64399a1195f4b74d2f6139fc8fd5cd0/execute/sync - {"script":"<script> [8489 bytes]","args":[{"element-6066-11e4-a52e-4f735466cecf":"f.393C77C539AF0175FCB39A24D69769D1.d.789CD64F9F00CF2E060ADDE6183038C4.e.1762","ELEMENT":"f.393C77C539AF0175FCB39A24D69769D1.d.789CD64F9F00CF2E060ADDE6183038C4.e.1762"}]}
RESULT: {"script":"<script> [8489 bytes]","args":[{"element-6066-11e4-a52e-4f735466cecf":"f.393C77C539AF0175FCB39A24D69769D1.d.789CD64F9F00CF2E060ADDE6183038C4.e.1762","ELEMENT":"f.393C77C539AF0175FCB39A24D69769D1.d.789CD64F9F00CF2E060ADDE6183038C4.e.1762"}]}
COMMAND: GET /session/a64399a1195f4b74d2f6139fc8fd5cd0/element/f.393C77C539AF0175FCB39A24D69769D1.d.789CD64F9F00CF2E060ADDE6183038C4.e.1762/enabled - {}
COMMAND: GET /session/a64399a1195f4b74d2f6139fc8fd5cd0/screenshot - {}
RESULT: {}
COMMAND: POST /session/a64399a1195f4b74d2f6139fc8fd5cd0/execute/sync - {"script":"<script> [8489 bytes]","args":[{"element-6066-11e4-a52e-4f735466cecf":"f.393C77C539AF0175FCB39A24D69769D1.d.789CD64F9F00CF2E060ADDE6183038C4.e.1762","ELEMENT":"f.393C77C539AF0175FCB39A24D69769D1.d.789CD64F9F00CF2E060ADDE6183038C4.e.1762"}]}
COMMAND: GET /session/a64399a1195f4b74d2f6139fc8fd5cd0/screenshot - {}
RESULT: {}
RESULT: {"script":"<script> [8489 bytes]","args":[{"element-6066-11e4-a52e-4f735466cecf":"f.393C77C539AF0175FCB39A24D69769D1.d.789CD64F9F00CF2E060ADDE6183038C4.e.1762","ELEMENT":"f.393C77C539AF0175FCB39A24D69769D1.d.789CD64F9F00CF2E060ADDE6183038C4.e.1762"}]}
COMMAND: POST /session/a64399a1195f4b74d2f6139fc8fd5cd0/execute/sync - {"script":"<script> [5351 bytes]","args":[{"element-6066-11e4-a52e-4f735466cecf":"f.393C77C539AF0175FCB39A24D69769D1.d.789CD64F9F00CF2E060ADDE6183038C4.e.1762","ELEMENT":"f.393C77C539AF0175FCB39A24D69769D1.d.789CD64F9F00CF2E060ADDE6183038C4.e.1762"}]}
COMMAND: GET /session/a64399a1195f4b74d2f6139fc8fd5cd0/screenshot - {}
RESULT: {}
RESULT: {"script":"<script> [5351 bytes]","args":[{"element-6066-11e4-a52e-4f735466cecf":"f.393C77C539AF0175FCB39A24D69769D1.d.789CD64F9F00CF2E060ADDE6183038C4.e.1762","ELEMENT":"f.393C77C539AF0175FCB39A24D69769D1.d.789CD64F9F00CF2E060ADDE6183038C4.e.1762"}]}
COMMAND: POST /session/a64399a1195f4b74d2f6139fc8fd5cd0/element/f.393C77C539AF0175FCB39A24D69769D1.d.789CD64F9F00CF2E060ADDE6183038C4.e.1762/click - {}
COMMAND: GET /session/a64399a1195f4b74d2f6139fc8fd5cd0/screenshot - {}
RESULT: {}
RESULT: {}
COMMAND: GET /session/a64399a1195f4b74d2f6139fc8fd5cd0/screenshot - {}
COMMAND: POST /session/a64399a1195f4b74d2f6139fc8fd5cd0/element - {"using":"xpath","value":"//input[@id=\"application-managesites-display-component---NewSite--siteId-inner\"]"}
RESULT: {}
RESULT: {}
RESULT: {"using":"xpath","value":"//input[@id=\"application-managesites-display-component---NewSite--siteId-inner\"]"}
COMMAND: POST /session/a64399a1195f4b74d2f6139fc8fd5cd0/element - {"using":"xpath","value":"//input[@id=\"application-managesites-display-component---NewSite--siteId-inner\"]"}
RESULT: {"using":"xpath","value":"//input[@id=\"application-managesites-display-component---NewSite--siteId-inner\"]"}
COMMAND: POST /session/a64399a1195f4b74d2f6139fc8fd5cd0/execute/async - {"script":"<script> [1562 bytes]","args":[{"selector":{"id":"application-managesites-display-component---NewSite--addressDetailDetailsName1","interaction":{"idSuffix":"inner"}},"wdio_ui5_key":"applicationmanagesites-display-component---NewSite--addressDetailDetailsName1"}]}
RESULT: {"script":"<script> [1562 bytes]","args":[{"selector":{"id":"application-managesites-display-component---NewSite--addressDetailDetailsName1","interaction":{"idSuffix":"inner"}},"wdio_ui5_key":"applicationmanagesites-display-component---NewSite--addressDetailDetailsName1"}]}
RESULT: undefined
COMMAND: POST /session/a64399a1195f4b74d2f6139fc8fd5cd0/execute/async - {"script":"<script> [776 bytes]","args":[{"enterText":"Intracompany Site wdIO","selector":{"id":"application-managesites-display-component---NewSite--addressDetailDetailsName1","interaction":{"idSuffix":"inner"}},"clearTextFirst":true,"interactionType":"ENTER_TEXT"}]}
RESULT: {"script":"<script> [776 bytes]","args":[{"enterText":"Intracompany Site wdIO","selector":{"id":"application-managesites-display-component---NewSite--addressDetailDetailsName1","interaction":{"idSuffix":"inner"}},"clearTextFirst":true,"interactionType":"ENTER_TEXT"}]}
COMMAND: POST /session/a64399a1195f4b74d2f6139fc8fd5cd0/execute/async - {"script":"<script> [1562 bytes]","args":[{"selector":{"id":"application-managesites-display-component---NewSite--addressDetailDetailsLanguage-arrow"},"wdio_ui5_key":"applicationmanagesites-display-component---NewSite--addressDetailDetailsLanguage-arrow"}]}
RESULT: {"script":"<script> [1562 bytes]","args":[{"selector":{"id":"application-managesites-display-component---NewSite--addressDetailDetailsLanguage-arrow"},"wdio_ui5_key":"applicationmanagesites-display-component---NewSite--addressDetailDetailsLanguage-arrow"}]}
RESULT: undefined
COMMAND: POST /session/a64399a1195f4b74d2f6139fc8fd5cd0/element - {"using":"xpath","value":"//*[@id=\"application-managesites-display-component---NewSite--addressDetailDetailsLanguage-arrow\"]"}
RESULT: {"using":"xpath","value":"//*[@id=\"application-managesites-display-component---NewSite--addressDetailDetailsLanguage-arrow\"]"}
COMMAND: POST /session/a64399a1195f4b74d2f6139fc8fd5cd0/element/f.393C77C539AF0175FCB39A24D69769D1.d.789CD64F9F00CF2E060ADDE6183038C4.e.2332/click - {}
RESULT: {}
COMMAND: POST /session/a64399a1195f4b74d2f6139fc8fd5cd0/element - {"using":"xpath","value":"//span[contains(text(), \"English\")]"}
COMMAND: GET /session/a64399a1195f4b74d2f6139fc8fd5cd0/screenshot - {}
RESULT: {"using":"xpath","value":"//span[contains(text(), \"English\")]"}
COMMAND: POST /session/a64399a1195f4b74d2f6139fc8fd5cd0/element/f.393C77C539AF0175FCB39A24D69769D1.d.789CD64F9F00CF2E060ADDE6183038C4.e.2333/click - {}
RESULT: {}
RESULT: {}
COMMAND: POST /session/a64399a1195f4b74d2f6139fc8fd5cd0/execute/async - {"script":"<script> [1562 bytes]","args":[{"selector":{"id":"application-managesites-display-component---NewSite--addressDetailDetailsCity1","interaction":{"idSuffix":"inner"}},"wdio_ui5_key":"applicationmanagesites-display-component---NewSite--addressDetailDetailsCity1"}]}
COMMAND: GET /session/a64399a1195f4b74d2f6139fc8fd5cd0/screenshot - {}
RESULT: {"script":"<script> [1562 bytes]","args":[{"selector":{"id":"application-managesites-display-component---NewSite--addressDetailDetailsCity1","interaction":{"idSuffix":"inner"}},"wdio_ui5_key":"applicationmanagesites-display-component---NewSite--addressDetailDetailsCity1"}]}
RESULT: undefined
COMMAND: POST /session/a64399a1195f4b74d2f6139fc8fd5cd0/execute/async - {"script":"<script> [776 bytes]","args":[{"enterText":"Rosario","selector":{"id":"application-managesites-display-component---NewSite--addressDetailDetailsCity1","interaction":{"idSuffix":"inner"}},"clearTextFirst":true,"interactionType":"ENTER_TEXT"}]}
RESULT: {}
RESULT: {"script":"<script> [776 bytes]","args":[{"enterText":"Rosario","selector":{"id":"application-managesites-display-component---NewSite--addressDetailDetailsCity1","interaction":{"idSuffix":"inner"}},"clearTextFirst":true,"interactionType":"ENTER_TEXT"}]}
COMMAND: POST /session/a64399a1195f4b74d2f6139fc8fd5cd0/execute/async - {"script":"<script> [1562 bytes]","args":[{"selector":{"id":"application-managesites-display-component---NewSite--addressDetailDetailsCountry-arrow"},"wdio_ui5_key":"applicationmanagesites-display-component---NewSite--addressDetailDetailsCountry-arrow"}]}
RESULT: {"script":"<script> [1562 bytes]","args":[{"selector":{"id":"application-managesites-display-component---NewSite--addressDetailDetailsCountry-arrow"},"wdio_ui5_key":"applicationmanagesites-display-component---NewSite--addressDetailDetailsCountry-arrow"}]}
RESULT: undefined
COMMAND: POST /session/a64399a1195f4b74d2f6139fc8fd5cd0/element - {"using":"xpath","value":"//*[@id=\"application-managesites-display-component---NewSite--addressDetailDetailsCountry-arrow\"]"}
RESULT: {"using":"xpath","value":"//*[@id=\"application-managesites-display-component---NewSite--addressDetailDetailsCountry-arrow\"]"}
COMMAND: POST /session/a64399a1195f4b74d2f6139fc8fd5cd0/element/f.393C77C539AF0175FCB39A24D69769D1.d.789CD64F9F00CF2E060ADDE6183038C4.e.2335/click - {}
RESULT: {}
COMMAND: POST /session/a64399a1195f4b74d2f6139fc8fd5cd0/element - {"using":"xpath","value":"//span[contains(text(), \"Argentina\")]"}
COMMAND: GET /session/a64399a1195f4b74d2f6139fc8fd5cd0/screenshot - {}
RESULT: {"using":"xpath","value":"//span[contains(text(), \"Argentina\")]"}
COMMAND: POST /session/a64399a1195f4b74d2f6139fc8fd5cd0/element/f.393C77C539AF0175FCB39A24D69769D1.d.789CD64F9F00CF2E060ADDE6183038C4.e.2336/click - {}
RESULT: {}
RESULT: {}
COMMAND: GET /session/a64399a1195f4b74d2f6139fc8fd5cd0/screenshot - {}
RESULT: {}
COMMAND: POST /session/a64399a1195f4b74d2f6139fc8fd5cd0/execute/async - {"script":"<script> [1562 bytes]","args":[{"selector":{"id":"application-managesites-display-component---NewSite--addressEditDetailsCostObjectCstType-arrow"},"wdio_ui5_key":"applicationmanagesites-display-component---NewSite--addressEditDetailsCostObjectCstType-arrow"}]}
RESULT: {"script":"<script> [1562 bytes]","args":[{"selector":{"id":"application-managesites-display-component---NewSite--addressEditDetailsCostObjectCstType-arrow"},"wdio_ui5_key":"applicationmanagesites-display-component---NewSite--addressEditDetailsCostObjectCstType-arrow"}]}
RESULT: undefined
COMMAND: POST /session/a64399a1195f4b74d2f6139fc8fd5cd0/element - {"using":"xpath","value":"//*[@id=\"application-managesites-display-component---NewSite--addressEditDetailsCostObjectCstType-arrow\"]"}
RESULT: {"using":"xpath","value":"//*[@id=\"application-managesites-display-component---NewSite--addressEditDetailsCostObjectCstType-arrow\"]"}
COMMAND: POST /session/a64399a1195f4b74d2f6139fc8fd5cd0/element/f.393C77C539AF0175FCB39A24D69769D1.d.789CD64F9F00CF2E060ADDE6183038C4.e.2338/click - {}
RESULT: {}
COMMAND: POST /session/a64399a1195f4b74d2f6139fc8fd5cd0/element - {"using":"xpath","value":"//span[contains(text(), \"Cost Center\")]"}
COMMAND: GET /session/a64399a1195f4b74d2f6139fc8fd5cd0/screenshot - {}
RESULT: {"using":"xpath","value":"//span[contains(text(), \"Cost Center\")]"}
COMMAND: POST /session/a64399a1195f4b74d2f6139fc8fd5cd0/element/f.393C77C539AF0175FCB39A24D69769D1.d.789CD64F9F00CF2E060ADDE6183038C4.e.2339/click - {}
RESULT: {}
RESULT: {}
COMMAND: GET /session/a64399a1195f4b74d2f6139fc8fd5cd0/screenshot - {}
RESULT: {}
COMMAND: POST /session/a64399a1195f4b74d2f6139fc8fd5cd0/element - {"using":"xpath","value":"//span[@id=\"application-managesites-display-component---NewSite--addressNewCostObjectCstID-vhi\"]"}
RESULT: {"using":"xpath","value":"//span[@id=\"application-managesites-display-component---NewSite--addressNewCostObjectCstID-vhi\"]"}
COMMAND: POST /session/a64399a1195f4b74d2f6139fc8fd5cd0/execute/sync - {"script":"<script> [8489 bytes]","args":[{"element-6066-11e4-a52e-4f735466cecf":"f.393C77C539AF0175FCB39A24D69769D1.d.789CD64F9F00CF2E060ADDE6183038C4.e.2344","ELEMENT":"f.393C77C539AF0175FCB39A24D69769D1.d.789CD64F9F00CF2E060ADDE6183038C4.e.2344"}]}
RESULT: {"script":"<script> [8489 bytes]","args":[{"element-6066-11e4-a52e-4f735466cecf":"f.393C77C539AF0175FCB39A24D69769D1.d.789CD64F9F00CF2E060ADDE6183038C4.e.2344","ELEMENT":"f.393C77C539AF0175FCB39A24D69769D1.d.789CD64F9F00CF2E060ADDE6183038C4.e.2344"}]}
COMMAND: POST /session/a64399a1195f4b74d2f6139fc8fd5cd0/execute/async - {"script":"<script> [1562 bytes]","args":[{"selector":{"id":"application-managesites-display-component---NewSite--addressNewCostObjectCstID-vhi"},"wdio_ui5_key":"applicationmanagesites-display-component---NewSite--addressNewCostObjectCstID-vhi"}]}
COMMAND: GET /session/a64399a1195f4b74d2f6139fc8fd5cd0/screenshot - {}
RESULT: {"script":"<script> [1562 bytes]","args":[{"selector":{"id":"application-managesites-display-component---NewSite--addressNewCostObjectCstID-vhi"},"wdio_ui5_key":"applicationmanagesites-display-component---NewSite--addressNewCostObjectCstID-vhi"}]}
RESULT: undefined
COMMAND: POST /session/a64399a1195f4b74d2f6139fc8fd5cd0/element - {"using":"xpath","value":"//*[@id=\"application-managesites-display-component---NewSite--addressNewCostObjectCstID-vhi\"]"}
RESULT: {}
RESULT: {"using":"xpath","value":"//*[@id=\"application-managesites-display-component---NewSite--addressNewCostObjectCstID-vhi\"]"}
COMMAND: POST /session/a64399a1195f4b74d2f6139fc8fd5cd0/element/f.393C77C539AF0175FCB39A24D69769D1.d.789CD64F9F00CF2E060ADDE6183038C4.e.2344/click - {}
RESULT: {}
COMMAND: GET /session/a64399a1195f4b74d2f6139fc8fd5cd0/screenshot - {}
RESULT: {}
RESULT: undefined
COMMAND: POST /session/a64399a1195f4b74d2f6139fc8fd5cd0/execute/async - {"script":"<script> [776 bytes]","args":[{"enterText":"10001013","selector":{"controlType":"sap.m.SearchField","properties":{"placeholder":"Search"},"searchOpenDialogs":true,"interaction":{"idSuffix":"I"}},"clearTextFirst":true,"interactionType":"ENTER_TEXT"}]}
RESULT: {"script":"<script> [776 bytes]","args":[{"enterText":"10001013","selector":{"controlType":"sap.m.SearchField","properties":{"placeholder":"Search"},"searchOpenDialogs":true,"interaction":{"idSuffix":"I"}},"clearTextFirst":true,"interactionType":"ENTER_TEXT"}]}
COMMAND: POST /session/a64399a1195f4b74d2f6139fc8fd5cd0/actions - {"actions":[{"id":"action6","type":"key","parameters":{},"actions":[{"type":"keyDown","value":""},{"type":"pause","duration":10},{"type":"keyUp","value":""}]}]}
RESULT: {"actions":[{"id":"action6","type":"key","parameters":{},"actions":[{"type":"keyDown","value":""},{"type":"pause","duration":10},{"type":"keyUp","value":""}]}]}
COMMAND: GET /session/a64399a1195f4b74d2f6139fc8fd5cd0/screenshot - {}
RESULT: {}
COMMAND: POST /session/a64399a1195f4b74d2f6139fc8fd5cd0/element - {"using":"xpath","value":"//span[contains(text(), \"General Management\")]"}
RESULT: {"using":"xpath","value":"//span[contains(text(), \"General Management\")]"}
COMMAND: POST /session/a64399a1195f4b74d2f6139fc8fd5cd0/element/f.393C77C539AF0175FCB39A24D69769D1.d.789CD64F9F00CF2E060ADDE6183038C4.e.2383/click - {}
RESULT: {}
COMMAND: GET /session/a64399a1195f4b74d2f6139fc8fd5cd0/screenshot - {}
RESULT: {}
COMMAND: POST /session/a64399a1195f4b74d2f6139fc8fd5cd0/element - {"using":"xpath","value":"//bdi[contains(text(), \"OK\")]"}
RESULT: {"using":"xpath","value":"//bdi[contains(text(), \"OK\")]"}
COMMAND: POST /session/a64399a1195f4b74d2f6139fc8fd5cd0/element/f.393C77C539AF0175FCB39A24D69769D1.d.789CD64F9F00CF2E060ADDE6183038C4.e.2384/click - {}
RESULT: {}
COMMAND: GET /session/a64399a1195f4b74d2f6139fc8fd5cd0/screenshot - {}
RESULT: {}
COMMAND: POST /session/a64399a1195f4b74d2f6139fc8fd5cd0/element - {"using":"xpath","value":"//input[@id=\"application-managesites-display-component---NewSite--addressDetailDetailsCalendar-inner\"]"}
RESULT: {"using":"xpath","value":"//input[@id=\"application-managesites-display-component---NewSite--addressDetailDetailsCalendar-inner\"]"}
COMMAND: POST /session/a64399a1195f4b74d2f6139fc8fd5cd0/element/f.393C77C539AF0175FCB39A24D69769D1.d.789CD64F9F00CF2E060ADDE6183038C4.e.2149/clear - {}
RESULT: {}
COMMAND: POST /session/a64399a1195f4b74d2f6139fc8fd5cd0/element/f.393C77C539AF0175FCB39A24D69769D1.d.789CD64F9F00CF2E060ADDE6183038C4.e.2149/value - {"text":"Unit"}
COMMAND: GET /session/a64399a1195f4b74d2f6139fc8fd5cd0/screenshot - {}
RESULT: {"text":"Unit"}
COMMAND: GET /session/a64399a1195f4b74d2f6139fc8fd5cd0/screenshot - {}
RESULT: {}
RESULT: {}
COMMAND: POST /session/a64399a1195f4b74d2f6139fc8fd5cd0/actions - {"actions":[{"id":"action7","type":"key","parameters":{},"actions":[{"type":"keyDown","value":""},{"type":"pause","duration":10},{"type":"keyUp","value":""}]}]}
RESULT: {"actions":[{"id":"action7","type":"key","parameters":{},"actions":[{"type":"keyDown","value":""},{"type":"pause","duration":10},{"type":"keyUp","value":""}]}]}
COMMAND: POST /session/a64399a1195f4b74d2f6139fc8fd5cd0/element - {"using":"xpath","value":"//input[@id=\"application-managesites-display-component---NewSite--addressDetailDetailsYard-inner\"]"}
COMMAND: GET /session/a64399a1195f4b74d2f6139fc8fd5cd0/screenshot - {}
RESULT: {"using":"xpath","value":"//input[@id=\"application-managesites-display-component---NewSite--addressDetailDetailsYard-inner\"]"}
COMMAND: POST /session/a64399a1195f4b74d2f6139fc8fd5cd0/element/f.393C77C539AF0175FCB39A24D69769D1.d.789CD64F9F00CF2E060ADDE6183038C4.e.2150/clear - {}
RESULT: {}
RESULT: {}
COMMAND: POST /session/a64399a1195f4b74d2f6139fc8fd5cd0/element/f.393C77C539AF0175FCB39A24D69769D1.d.789CD64F9F00CF2E060ADDE6183038C4.e.2150/value - {"text":"226"}
COMMAND: GET /session/a64399a1195f4b74d2f6139fc8fd5cd0/screenshot - {}
RESULT: {"text":"226"}
COMMAND: GET /session/a64399a1195f4b74d2f6139fc8fd5cd0/screenshot - {}
RESULT: {}
RESULT: {}
COMMAND: POST /session/a64399a1195f4b74d2f6139fc8fd5cd0/element - {"using":"xpath","value":"//li[.//span[text()='226']]"}
RESULT: {"using":"xpath","value":"//li[.//span[text()='226']]"}
COMMAND: POST /session/a64399a1195f4b74d2f6139fc8fd5cd0/element/f.393C77C539AF0175FCB39A24D69769D1.d.789CD64F9F00CF2E060ADDE6183038C4.e.2392/click - {}
RESULT: {}
COMMAND: GET /session/a64399a1195f4b74d2f6139fc8fd5cd0/screenshot - {}
RESULT: {}
COMMAND: POST /session/a64399a1195f4b74d2f6139fc8fd5cd0/element - {"using":"xpath","value":"//input[@id=\"application-managesites-display-component---NewSite--addressDetailDetailsPartner-inner\"]"}
RESULT: {"using":"xpath","value":"//input[@id=\"application-managesites-display-component---NewSite--addressDetailDetailsPartner-inner\"]"}
COMMAND: POST /session/a64399a1195f4b74d2f6139fc8fd5cd0/element - {"using":"xpath","value":"//input[@id=\"application-managesites-display-component---NewSite--addressDetailDetailsPartner-inner\"]"}
RESULT: {"using":"xpath","value":"//input[@id=\"application-managesites-display-component---NewSite--addressDetailDetailsPartner-inner\"]"}
COMMAND: POST /session/a64399a1195f4b74d2f6139fc8fd5cd0/element - {"using":"xpath","value":"//button[@data-kt=\"saveButton\"]"}
RESULT: {"using":"xpath","value":"//button[@data-kt=\"saveButton\"]"}
COMMAND: POST /session/a64399a1195f4b74d2f6139fc8fd5cd0/element/f.393C77C539AF0175FCB39A24D69769D1.d.789CD64F9F00CF2E060ADDE6183038C4.e.2325/click - {}
RESULT: {}
COMMAND: GET /session/a64399a1195f4b74d2f6139fc8fd5cd0/screenshot - {}
RESULT: {}
COMMAND: POST /session/a64399a1195f4b74d2f6139fc8fd5cd0/element - {"using":"xpath","value":"//header[contains(@id, 'ObjectPageLayout-headerTitle')]/div[1]/div[2]/div[2]/span[1]"}
RESULT: {"using":"xpath","value":"//header[contains(@id, 'ObjectPageLayout-headerTitle')]/div[1]/div[2]/div[2]/span[1]"}
COMMAND: POST /session/a64399a1195f4b74d2f6139fc8fd5cd0/elements - {"using":"xpath","value":"//header[contains(@id, 'ObjectPageLayout-headerTitle')]/div[1]/div[2]/div[2]/span[1]"}
RESULT: {"using":"xpath","value":"//header[contains(@id, 'ObjectPageLayout-headerTitle')]/div[1]/div[2]/div[2]/span[1]"}
COMMAND: POST /session/a64399a1195f4b74d2f6139fc8fd5cd0/execute/sync - {"script":"<script> [56 bytes]","args":[{"element-6066-11e4-a52e-4f735466cecf":"f.393C77C539AF0175FCB39A24D69769D1.d.789CD64F9F00CF2E060ADDE6183038C4.e.2576","ELEMENT":"f.393C77C539AF0175FCB39A24D69769D1.d.789CD64F9F00CF2E060ADDE6183038C4.e.2576"}]}
RESULT: {"script":"<script> [56 bytes]","args":[{"element-6066-11e4-a52e-4f735466cecf":"f.393C77C539AF0175FCB39A24D69769D1.d.789CD64F9F00CF2E060ADDE6183038C4.e.2576","ELEMENT":"f.393C77C539AF0175FCB39A24D69769D1.d.789CD64F9F00CF2E060ADDE6183038C4.e.2576"}]}
COMMAND: POST /session/a64399a1195f4b74d2f6139fc8fd5cd0/element - {"using":"css selector","value":"#shell-header-logo"}
COMMAND: GET /session/a64399a1195f4b74d2f6139fc8fd5cd0/screenshot - {}
RESULT: {"using":"css selector","value":"#shell-header-logo"}
COMMAND: POST /session/a64399a1195f4b74d2f6139fc8fd5cd0/element/f.393C77C539AF0175FCB39A24D69769D1.d.789CD64F9F00CF2E060ADDE6183038C4.e.1720/click - {}
RESULT: {}
RESULT: {}
COMMAND: GET /session/a64399a1195f4b74d2f6139fc8fd5cd0/screenshot - {}
RESULT: {}
COMMAND: POST /session/a64399a1195f4b74d2f6139fc8fd5cd0/execute/sync - {"script":"<script> [299 bytes]","args":[["getModel","getResource"]]}
RESULT: {"script":"<script> [299 bytes]","args":[["getModel","getResource"]]}
]]></system-out>
    </testcase>
    <testcase classname="chrome.136_0_7103_93.windows.Prerequisites_&amp;_test_for_yard_mass_return_on_Yard_Overview_US131057" name="Prereq Should create a new material" time="119.326">
      <system-out><![CDATA[
COMMAND: GET /session/a64399a1195f4b74d2f6139fc8fd5cd0/screenshot - {}
COMMAND: POST /session/a64399a1195f4b74d2f6139fc8fd5cd0/execute/async - {"script":"<script> [1562 bytes]","args":[{"selector":{"controlType":"sap.m.GenericTile","properties":{"header":"Manage Resources"}},"wdio_ui5_key":"sapm.GenericTile{\"header\":\"Manage Resources\"}"}]}
RESULT: {}
RESULT: {"script":"<script> [1562 bytes]","args":[{"selector":{"controlType":"sap.m.GenericTile","properties":{"header":"Manage Resources"}},"wdio_ui5_key":"sapm.GenericTile{\"header\":\"Manage Resources\"}"}]}
RESULT: undefined
COMMAND: POST /session/a64399a1195f4b74d2f6139fc8fd5cd0/element - {"using":"xpath","value":"//*[@id=\"__tile39\"]"}
RESULT: {"using":"xpath","value":"//*[@id=\"__tile39\"]"}
COMMAND: POST /session/a64399a1195f4b74d2f6139fc8fd5cd0/element/f.393C77C539AF0175FCB39A24D69769D1.d.789CD64F9F00CF2E060ADDE6183038C4.e.157/click - {}
RESULT: {}
COMMAND: GET /session/a64399a1195f4b74d2f6139fc8fd5cd0/screenshot - {}
RESULT: {}
COMMAND: POST /session/a64399a1195f4b74d2f6139fc8fd5cd0/elements - {"using":"xpath","value":"//span[text()='Error']"}
RESULT: {"using":"xpath","value":"//span[text()='Error']"}
COMMAND: POST /session/a64399a1195f4b74d2f6139fc8fd5cd0/element - {"using":"xpath","value":"//button[@data-kt=\"addNewRUOverflowToolbarButton\"]"}
RESULT: {"using":"xpath","value":"//button[@data-kt=\"addNewRUOverflowToolbarButton\"]"}
COMMAND: POST /session/a64399a1195f4b74d2f6139fc8fd5cd0/elements - {"using":"xpath","value":"//button[@data-kt=\"addNewRUOverflowToolbarButton\"]"}
RESULT: {"using":"xpath","value":"//button[@data-kt=\"addNewRUOverflowToolbarButton\"]"}
COMMAND: POST /session/a64399a1195f4b74d2f6139fc8fd5cd0/execute/sync - {"script":"<script> [8489 bytes]","args":[{"element-6066-11e4-a52e-4f735466cecf":"f.393C77C539AF0175FCB39A24D69769D1.d.789CD64F9F00CF2E060ADDE6183038C4.e.2620","ELEMENT":"f.393C77C539AF0175FCB39A24D69769D1.d.789CD64F9F00CF2E060ADDE6183038C4.e.2620"}]}
RESULT: {"script":"<script> [8489 bytes]","args":[{"element-6066-11e4-a52e-4f735466cecf":"f.393C77C539AF0175FCB39A24D69769D1.d.789CD64F9F00CF2E060ADDE6183038C4.e.2620","ELEMENT":"f.393C77C539AF0175FCB39A24D69769D1.d.789CD64F9F00CF2E060ADDE6183038C4.e.2620"}]}
COMMAND: GET /session/a64399a1195f4b74d2f6139fc8fd5cd0/element/f.393C77C539AF0175FCB39A24D69769D1.d.789CD64F9F00CF2E060ADDE6183038C4.e.2620/enabled - {}
COMMAND: GET /session/a64399a1195f4b74d2f6139fc8fd5cd0/screenshot - {}
RESULT: {}
COMMAND: POST /session/a64399a1195f4b74d2f6139fc8fd5cd0/execute/sync - {"script":"<script> [8489 bytes]","args":[{"element-6066-11e4-a52e-4f735466cecf":"f.393C77C539AF0175FCB39A24D69769D1.d.789CD64F9F00CF2E060ADDE6183038C4.e.2620","ELEMENT":"f.393C77C539AF0175FCB39A24D69769D1.d.789CD64F9F00CF2E060ADDE6183038C4.e.2620"}]}
COMMAND: GET /session/a64399a1195f4b74d2f6139fc8fd5cd0/screenshot - {}
RESULT: {}
RESULT: {"script":"<script> [8489 bytes]","args":[{"element-6066-11e4-a52e-4f735466cecf":"f.393C77C539AF0175FCB39A24D69769D1.d.789CD64F9F00CF2E060ADDE6183038C4.e.2620","ELEMENT":"f.393C77C539AF0175FCB39A24D69769D1.d.789CD64F9F00CF2E060ADDE6183038C4.e.2620"}]}
COMMAND: POST /session/a64399a1195f4b74d2f6139fc8fd5cd0/execute/sync - {"script":"<script> [5351 bytes]","args":[{"element-6066-11e4-a52e-4f735466cecf":"f.393C77C539AF0175FCB39A24D69769D1.d.789CD64F9F00CF2E060ADDE6183038C4.e.2620","ELEMENT":"f.393C77C539AF0175FCB39A24D69769D1.d.789CD64F9F00CF2E060ADDE6183038C4.e.2620"}]}
COMMAND: GET /session/a64399a1195f4b74d2f6139fc8fd5cd0/screenshot - {}
RESULT: {}
RESULT: {"script":"<script> [5351 bytes]","args":[{"element-6066-11e4-a52e-4f735466cecf":"f.393C77C539AF0175FCB39A24D69769D1.d.789CD64F9F00CF2E060ADDE6183038C4.e.2620","ELEMENT":"f.393C77C539AF0175FCB39A24D69769D1.d.789CD64F9F00CF2E060ADDE6183038C4.e.2620"}]}
COMMAND: POST /session/a64399a1195f4b74d2f6139fc8fd5cd0/element/f.393C77C539AF0175FCB39A24D69769D1.d.789CD64F9F00CF2E060ADDE6183038C4.e.2620/click - {}
COMMAND: GET /session/a64399a1195f4b74d2f6139fc8fd5cd0/screenshot - {}
RESULT: {}
RESULT: {}
COMMAND: GET /session/a64399a1195f4b74d2f6139fc8fd5cd0/screenshot - {}
COMMAND: POST /session/a64399a1195f4b74d2f6139fc8fd5cd0/execute/async - {"script":"<script> [1562 bytes]","args":[{"selector":{"id":"application-manageresources-display-component---newResourceUnit--TYPE-arrow"},"wdio_ui5_key":"applicationmanageresources-display-component---newResourceUnit--TYPE-arrow"}]}
RESULT: {}
RESULT: {}
RESULT: {"script":"<script> [1562 bytes]","args":[{"selector":{"id":"application-manageresources-display-component---newResourceUnit--TYPE-arrow"},"wdio_ui5_key":"applicationmanageresources-display-component---newResourceUnit--TYPE-arrow"}]}
RESULT: undefined
COMMAND: POST /session/a64399a1195f4b74d2f6139fc8fd5cd0/element - {"using":"xpath","value":"//*[@id=\"application-manageresources-display-component---newResourceUnit--TYPE-arrow\"]"}
RESULT: {"using":"xpath","value":"//*[@id=\"application-manageresources-display-component---newResourceUnit--TYPE-arrow\"]"}
COMMAND: POST /session/a64399a1195f4b74d2f6139fc8fd5cd0/element/f.393C77C539AF0175FCB39A24D69769D1.d.789CD64F9F00CF2E060ADDE6183038C4.e.2966/click - {}
RESULT: {}
COMMAND: POST /session/a64399a1195f4b74d2f6139fc8fd5cd0/element - {"using":"xpath","value":"//input[@id=\"application-manageresources-display-component---newResourceUnit--TYPE-inner\"]"}
COMMAND: GET /session/a64399a1195f4b74d2f6139fc8fd5cd0/screenshot - {}
RESULT: {"using":"xpath","value":"//input[@id=\"application-manageresources-display-component---newResourceUnit--TYPE-inner\"]"}
COMMAND: POST /session/a64399a1195f4b74d2f6139fc8fd5cd0/element/f.393C77C539AF0175FCB39A24D69769D1.d.789CD64F9F00CF2E060ADDE6183038C4.e.2960/clear - {}
RESULT: {}
RESULT: {}
COMMAND: POST /session/a64399a1195f4b74d2f6139fc8fd5cd0/element/f.393C77C539AF0175FCB39A24D69769D1.d.789CD64F9F00CF2E060ADDE6183038C4.e.2960/value - {"text":"Material"}
COMMAND: GET /session/a64399a1195f4b74d2f6139fc8fd5cd0/screenshot - {}
RESULT: {"text":"Material"}
COMMAND: GET /session/a64399a1195f4b74d2f6139fc8fd5cd0/screenshot - {}
RESULT: {}
RESULT: {}
COMMAND: POST /session/a64399a1195f4b74d2f6139fc8fd5cd0/actions - {"actions":[{"id":"action8","type":"key","parameters":{},"actions":[{"type":"keyDown","value":""},{"type":"pause","duration":10},{"type":"keyUp","value":""}]}]}
RESULT: {"actions":[{"id":"action8","type":"key","parameters":{},"actions":[{"type":"keyDown","value":""},{"type":"pause","duration":10},{"type":"keyUp","value":""}]}]}
COMMAND: POST /session/a64399a1195f4b74d2f6139fc8fd5cd0/execute/async - {"script":"<script> [1562 bytes]","args":[{"selector":{"id":"application-manageresources-display-component---newResourceUnit--SHORT_TEXT","interaction":{"idSuffix":"inner"}},"wdio_ui5_key":"applicationmanageresources-display-component---newResourceUnit--SHORT_TEXT"}]}
COMMAND: GET /session/a64399a1195f4b74d2f6139fc8fd5cd0/screenshot - {}
RESULT: {"script":"<script> [1562 bytes]","args":[{"selector":{"id":"application-manageresources-display-component---newResourceUnit--SHORT_TEXT","interaction":{"idSuffix":"inner"}},"wdio_ui5_key":"applicationmanageresources-display-component---newResourceUnit--SHORT_TEXT"}]}
RESULT: undefined
COMMAND: POST /session/a64399a1195f4b74d2f6139fc8fd5cd0/execute/async - {"script":"<script> [776 bytes]","args":[{"enterText":"Cement WDIO","selector":{"id":"application-manageresources-display-component---newResourceUnit--SHORT_TEXT","interaction":{"idSuffix":"inner"}},"clearTextFirst":true,"interactionType":"ENTER_TEXT"}]}
RESULT: {}
RESULT: {"script":"<script> [776 bytes]","args":[{"enterText":"Cement WDIO","selector":{"id":"application-manageresources-display-component---newResourceUnit--SHORT_TEXT","interaction":{"idSuffix":"inner"}},"clearTextFirst":true,"interactionType":"ENTER_TEXT"}]}
COMMAND: POST /session/a64399a1195f4b74d2f6139fc8fd5cd0/execute/async - {"script":"<script> [1562 bytes]","args":[{"selector":{"id":"application-manageresources-display-component---newResourceUnit--BASE_UNIT_OF_MEASURE","interaction":{"idSuffix":"inner"}},"wdio_ui5_key":"applicationmanageresources-display-component---newResourceUnit--BASE_UNIT_OF_MEASURE"}]}
RESULT: {"script":"<script> [1562 bytes]","args":[{"selector":{"id":"application-manageresources-display-component---newResourceUnit--BASE_UNIT_OF_MEASURE","interaction":{"idSuffix":"inner"}},"wdio_ui5_key":"applicationmanageresources-display-component---newResourceUnit--BASE_UNIT_OF_MEASURE"}]}
RESULT: undefined
COMMAND: POST /session/a64399a1195f4b74d2f6139fc8fd5cd0/execute/async - {"script":"<script> [776 bytes]","args":[{"enterText":"Piece","selector":{"id":"application-manageresources-display-component---newResourceUnit--BASE_UNIT_OF_MEASURE","interaction":{"idSuffix":"inner"}},"clearTextFirst":true,"interactionType":"ENTER_TEXT"}]}
RESULT: {"script":"<script> [776 bytes]","args":[{"enterText":"Piece","selector":{"id":"application-manageresources-display-component---newResourceUnit--BASE_UNIT_OF_MEASURE","interaction":{"idSuffix":"inner"}},"clearTextFirst":true,"interactionType":"ENTER_TEXT"}]}
COMMAND: POST /session/a64399a1195f4b74d2f6139fc8fd5cd0/execute/async - {"script":"<script> [1562 bytes]","args":[{"selector":{"id":"application-manageresources-display-component---newResourceUnit--WEIGHT_UNIT","interaction":{"idSuffix":"inner"}},"wdio_ui5_key":"applicationmanageresources-display-component---newResourceUnit--WEIGHT_UNIT"}]}
RESULT: {"script":"<script> [1562 bytes]","args":[{"selector":{"id":"application-manageresources-display-component---newResourceUnit--WEIGHT_UNIT","interaction":{"idSuffix":"inner"}},"wdio_ui5_key":"applicationmanageresources-display-component---newResourceUnit--WEIGHT_UNIT"}]}
RESULT: undefined
COMMAND: POST /session/a64399a1195f4b74d2f6139fc8fd5cd0/execute/async - {"script":"<script> [776 bytes]","args":[{"enterText":"Gram","selector":{"id":"application-manageresources-display-component---newResourceUnit--WEIGHT_UNIT","interaction":{"idSuffix":"inner"}},"clearTextFirst":true,"interactionType":"ENTER_TEXT"}]}
RESULT: {"script":"<script> [776 bytes]","args":[{"enterText":"Gram","selector":{"id":"application-manageresources-display-component---newResourceUnit--WEIGHT_UNIT","interaction":{"idSuffix":"inner"}},"clearTextFirst":true,"interactionType":"ENTER_TEXT"}]}
COMMAND: POST /session/a64399a1195f4b74d2f6139fc8fd5cd0/execute/async - {"script":"<script> [1562 bytes]","args":[{"selector":{"id":"application-manageresources-display-component---newResourceUnit--DIMENSION_UNIT","interaction":{"idSuffix":"inner"}},"wdio_ui5_key":"applicationmanageresources-display-component---newResourceUnit--DIMENSION_UNIT"}]}
RESULT: {"script":"<script> [1562 bytes]","args":[{"selector":{"id":"application-manageresources-display-component---newResourceUnit--DIMENSION_UNIT","interaction":{"idSuffix":"inner"}},"wdio_ui5_key":"applicationmanageresources-display-component---newResourceUnit--DIMENSION_UNIT"}]}
RESULT: undefined
COMMAND: POST /session/a64399a1195f4b74d2f6139fc8fd5cd0/execute/async - {"script":"<script> [776 bytes]","args":[{"enterText":"Meter","selector":{"id":"application-manageresources-display-component---newResourceUnit--DIMENSION_UNIT","interaction":{"idSuffix":"inner"}},"clearTextFirst":true,"interactionType":"ENTER_TEXT"}]}
RESULT: {"script":"<script> [776 bytes]","args":[{"enterText":"Meter","selector":{"id":"application-manageresources-display-component---newResourceUnit--DIMENSION_UNIT","interaction":{"idSuffix":"inner"}},"clearTextFirst":true,"interactionType":"ENTER_TEXT"}]}
COMMAND: POST /session/a64399a1195f4b74d2f6139fc8fd5cd0/execute/async - {"script":"<script> [1562 bytes]","args":[{"selector":{"id":"application-manageresources-display-component---newResourceUnit--newRRUPage-anchBar-application-manageresources-display-component---newResourceUnit--control-anchor","interaction":{"idSuffix":"BDI-content"}},"wdio_ui5_key":"applicationmanageresources-display-component---newResourceUnit--newRRUPage-anchBar-application-manageresources-display-component---newResourceUnit--control-anchor"}]}
RESULT: {"script":"<script> [1562 bytes]","args":[{"selector":{"id":"application-manageresources-display-component---newResourceUnit--newRRUPage-anchBar-application-manageresources-display-component---newResourceUnit--control-anchor","interaction":{"idSuffix":"BDI-content"}},"wdio_ui5_key":"applicationmanageresources-display-component---newResourceUnit--newRRUPage-anchBar-application-manageresources-display-component---newResourceUnit--control-anchor"}]}
RESULT: undefined
COMMAND: POST /session/a64399a1195f4b74d2f6139fc8fd5cd0/element - {"using":"xpath","value":"//*[@id=\"application-manageresources-display-component---newResourceUnit--newRRUPage-anchBar-application-manageresources-display-component---newResourceUnit--control-anchor\"]"}
RESULT: {"using":"xpath","value":"//*[@id=\"application-manageresources-display-component---newResourceUnit--newRRUPage-anchBar-application-manageresources-display-component---newResourceUnit--control-anchor\"]"}
COMMAND: POST /session/a64399a1195f4b74d2f6139fc8fd5cd0/element/f.393C77C539AF0175FCB39A24D69769D1.d.789CD64F9F00CF2E060ADDE6183038C4.e.3097/click - {}
RESULT: {}
COMMAND: POST /session/a64399a1195f4b74d2f6139fc8fd5cd0/execute/async - {"script":"<script> [1562 bytes]","args":[{"selector":{"id":"application-manageresources-display-component---newResourceUnit--PLANNING_GROUP","interaction":{"idSuffix":"inner"}},"wdio_ui5_key":"applicationmanageresources-display-component---newResourceUnit--PLANNING_GROUP"}]}
COMMAND: GET /session/a64399a1195f4b74d2f6139fc8fd5cd0/screenshot - {}
RESULT: {"script":"<script> [1562 bytes]","args":[{"selector":{"id":"application-manageresources-display-component---newResourceUnit--PLANNING_GROUP","interaction":{"idSuffix":"inner"}},"wdio_ui5_key":"applicationmanageresources-display-component---newResourceUnit--PLANNING_GROUP"}]}
RESULT: undefined
COMMAND: POST /session/a64399a1195f4b74d2f6139fc8fd5cd0/execute/async - {"script":"<script> [776 bytes]","args":[{"enterText":"Material","selector":{"id":"application-manageresources-display-component---newResourceUnit--PLANNING_GROUP","interaction":{"idSuffix":"inner"}},"clearTextFirst":true,"interactionType":"ENTER_TEXT"}]}
RESULT: {}
RESULT: {"script":"<script> [776 bytes]","args":[{"enterText":"Material","selector":{"id":"application-manageresources-display-component---newResourceUnit--PLANNING_GROUP","interaction":{"idSuffix":"inner"}},"clearTextFirst":true,"interactionType":"ENTER_TEXT"}]}
COMMAND: POST /session/a64399a1195f4b74d2f6139fc8fd5cd0/execute/async - {"script":"<script> [1562 bytes]","args":[{"selector":{"id":"application-manageresources-display-component---newResourceUnit--PLANNING_INDICATOR","interaction":{"idSuffix":"inner"}},"wdio_ui5_key":"applicationmanageresources-display-component---newResourceUnit--PLANNING_INDICATOR"}]}
RESULT: {"script":"<script> [1562 bytes]","args":[{"selector":{"id":"application-manageresources-display-component---newResourceUnit--PLANNING_INDICATOR","interaction":{"idSuffix":"inner"}},"wdio_ui5_key":"applicationmanageresources-display-component---newResourceUnit--PLANNING_INDICATOR"}]}
RESULT: undefined
COMMAND: POST /session/a64399a1195f4b74d2f6139fc8fd5cd0/execute/async - {"script":"<script> [776 bytes]","args":[{"enterText":"10 - infinite","selector":{"id":"application-manageresources-display-component---newResourceUnit--PLANNING_INDICATOR","interaction":{"idSuffix":"inner"}},"clearTextFirst":true,"interactionType":"ENTER_TEXT"}]}
RESULT: {"script":"<script> [776 bytes]","args":[{"enterText":"10 - infinite","selector":{"id":"application-manageresources-display-component---newResourceUnit--PLANNING_INDICATOR","interaction":{"idSuffix":"inner"}},"clearTextFirst":true,"interactionType":"ENTER_TEXT"}]}
COMMAND: POST /session/a64399a1195f4b74d2f6139fc8fd5cd0/element - {"using":"css selector","value":"#application-manageresources-display-component---newResourceUnit--btnAddTimeSegment"}
RESULT: {"using":"css selector","value":"#application-manageresources-display-component---newResourceUnit--btnAddTimeSegment"}
COMMAND: GET /session/a64399a1195f4b74d2f6139fc8fd5cd0/element/f.393C77C539AF0175FCB39A24D69769D1.d.789CD64F9F00CF2E060ADDE6183038C4.e.3107/rect - {}
RESULT: {}
COMMAND: GET /session/a64399a1195f4b74d2f6139fc8fd5cd0/window/rect - {}
RESULT: {}
COMMAND: POST /session/a64399a1195f4b74d2f6139fc8fd5cd0/execute/sync - {"script":"<script> [92 bytes]","args":[]}
RESULT: {"script":"<script> [92 bytes]","args":[]}
COMMAND: POST /session/a64399a1195f4b74d2f6139fc8fd5cd0/actions - {"actions":[{"id":"action9","type":"wheel","parameters":{},"actions":[{"type":"scroll","x":-1888,"y":-32,"deltaX":0,"deltaY":0,"duration":0,"origin":{"element-6066-11e4-a52e-4f735466cecf":"f.393C77C539AF0175FCB39A24D69769D1.d.789CD64F9F00CF2E060ADDE6183038C4.e.3107"}}]}]}
COMMAND: GET /session/a64399a1195f4b74d2f6139fc8fd5cd0/screenshot - {}
RESULT: {}
COMMAND: POST /session/a64399a1195f4b74d2f6139fc8fd5cd0/execute/sync - {"script":"<script> [79 bytes]","args":[{"element-6066-11e4-a52e-4f735466cecf":"f.393C77C539AF0175FCB39A24D69769D1.d.789CD64F9F00CF2E060ADDE6183038C4.e.3107","ELEMENT":"f.393C77C539AF0175FCB39A24D69769D1.d.789CD64F9F00CF2E060ADDE6183038C4.e.3107"},{"block":"start","inline":"nearest"}]}
RESULT: {"script":"<script> [79 bytes]","args":[{"element-6066-11e4-a52e-4f735466cecf":"f.393C77C539AF0175FCB39A24D69769D1.d.789CD64F9F00CF2E060ADDE6183038C4.e.3107","ELEMENT":"f.393C77C539AF0175FCB39A24D69769D1.d.789CD64F9F00CF2E060ADDE6183038C4.e.3107"},{"block":"start","inline":"nearest"}]}
COMMAND: POST /session/a64399a1195f4b74d2f6139fc8fd5cd0/execute/async - {"script":"<script> [1562 bytes]","args":[{"selector":{"id":"application-manageresources-display-component---newResourceUnit--btnAddTimeSegment","interaction":{"idSuffix":"inner"}},"wdio_ui5_key":"applicationmanageresources-display-component---newResourceUnit--btnAddTimeSegment"}]}
COMMAND: GET /session/a64399a1195f4b74d2f6139fc8fd5cd0/screenshot - {}
RESULT: {"script":"<script> [1562 bytes]","args":[{"selector":{"id":"application-manageresources-display-component---newResourceUnit--btnAddTimeSegment","interaction":{"idSuffix":"inner"}},"wdio_ui5_key":"applicationmanageresources-display-component---newResourceUnit--btnAddTimeSegment"}]}
RESULT: undefined
COMMAND: POST /session/a64399a1195f4b74d2f6139fc8fd5cd0/element - {"using":"xpath","value":"//*[@id=\"application-manageresources-display-component---newResourceUnit--btnAddTimeSegment\"]"}
RESULT: {}
RESULT: {"using":"xpath","value":"//*[@id=\"application-manageresources-display-component---newResourceUnit--btnAddTimeSegment\"]"}
COMMAND: POST /session/a64399a1195f4b74d2f6139fc8fd5cd0/element/f.393C77C539AF0175FCB39A24D69769D1.d.789CD64F9F00CF2E060ADDE6183038C4.e.3107/click - {}
RESULT: {}
COMMAND: GET /session/a64399a1195f4b74d2f6139fc8fd5cd0/screenshot - {}
RESULT: {}
COMMAND: POST /session/a64399a1195f4b74d2f6139fc8fd5cd0/element - {"using":"xpath","value":"//input[@id=\"application-manageresources-display-component---newResourceUnit--idRuTSAdmin-application-manageresources-display-component---newResourceUnit--RUTimeSegment-0-inner\"]"}
RESULT: {"using":"xpath","value":"//input[@id=\"application-manageresources-display-component---newResourceUnit--idRuTSAdmin-application-manageresources-display-component---newResourceUnit--RUTimeSegment-0-inner\"]"}
COMMAND: POST /session/a64399a1195f4b74d2f6139fc8fd5cd0/element/f.393C77C539AF0175FCB39A24D69769D1.d.789CD64F9F00CF2E060ADDE6183038C4.e.3112/clear - {}
RESULT: {}
COMMAND: POST /session/a64399a1195f4b74d2f6139fc8fd5cd0/element/f.393C77C539AF0175FCB39A24D69769D1.d.789CD64F9F00CF2E060ADDE6183038C4.e.3112/value - {"text":"226"}
COMMAND: GET /session/a64399a1195f4b74d2f6139fc8fd5cd0/screenshot - {}
RESULT: {"text":"226"}
COMMAND: GET /session/a64399a1195f4b74d2f6139fc8fd5cd0/screenshot - {}
RESULT: {}
RESULT: {}
COMMAND: POST /session/a64399a1195f4b74d2f6139fc8fd5cd0/element - {"using":"xpath","value":"//li[.//span[text()='226']]"}
RESULT: {"using":"xpath","value":"//li[.//span[text()='226']]"}
COMMAND: POST /session/a64399a1195f4b74d2f6139fc8fd5cd0/element/f.393C77C539AF0175FCB39A24D69769D1.d.789CD64F9F00CF2E060ADDE6183038C4.e.3121/click - {}
RESULT: {}
COMMAND: GET /session/a64399a1195f4b74d2f6139fc8fd5cd0/screenshot - {}
RESULT: {}
COMMAND: POST /session/a64399a1195f4b74d2f6139fc8fd5cd0/element - {"using":"xpath","value":"(//span[contains(@id, \"-application-manageresources-display-component---newResourceUnit--RUTimeSegment-0-arrow\")])[2]"}
RESULT: {"using":"xpath","value":"(//span[contains(@id, \"-application-manageresources-display-component---newResourceUnit--RUTimeSegment-0-arrow\")])[2]"}
COMMAND: POST /session/a64399a1195f4b74d2f6139fc8fd5cd0/element/f.393C77C539AF0175FCB39A24D69769D1.d.789CD64F9F00CF2E060ADDE6183038C4.e.3122/click - {}
RESULT: {}
COMMAND: POST /session/a64399a1195f4b74d2f6139fc8fd5cd0/element - {"using":"xpath","value":"//span[contains(text(), \"PM Order\")]"}
COMMAND: GET /session/a64399a1195f4b74d2f6139fc8fd5cd0/screenshot - {}
RESULT: {"using":"xpath","value":"//span[contains(text(), \"PM Order\")]"}
COMMAND: POST /session/a64399a1195f4b74d2f6139fc8fd5cd0/element/f.393C77C539AF0175FCB39A24D69769D1.d.789CD64F9F00CF2E060ADDE6183038C4.e.3123/click - {}
RESULT: {}
RESULT: {}
COMMAND: GET /session/a64399a1195f4b74d2f6139fc8fd5cd0/screenshot - {}
RESULT: {}
COMMAND: POST /session/a64399a1195f4b74d2f6139fc8fd5cd0/element - {"using":"xpath","value":"//td/div/div/div/span[contains(@id, \"newResourceUnit--RUTimeSegment-0-vhi\")][1]"}
RESULT: {"using":"xpath","value":"//td/div/div/div/span[contains(@id, \"newResourceUnit--RUTimeSegment-0-vhi\")][1]"}
COMMAND: GET /session/a64399a1195f4b74d2f6139fc8fd5cd0/element/f.393C77C539AF0175FCB39A24D69769D1.d.789CD64F9F00CF2E060ADDE6183038C4.e.3127/rect - {}
RESULT: {}
COMMAND: GET /session/a64399a1195f4b74d2f6139fc8fd5cd0/window/rect - {}
RESULT: {}
COMMAND: POST /session/a64399a1195f4b74d2f6139fc8fd5cd0/execute/sync - {"script":"<script> [92 bytes]","args":[]}
RESULT: {"script":"<script> [92 bytes]","args":[]}
COMMAND: POST /session/a64399a1195f4b74d2f6139fc8fd5cd0/actions - {"actions":[{"id":"action10","type":"wheel","parameters":{},"actions":[{"type":"scroll","x":-1888,"y":-24,"deltaX":0,"deltaY":0,"duration":0,"origin":{"element-6066-11e4-a52e-4f735466cecf":"f.393C77C539AF0175FCB39A24D69769D1.d.789CD64F9F00CF2E060ADDE6183038C4.e.3127"}}]}]}
COMMAND: GET /session/a64399a1195f4b74d2f6139fc8fd5cd0/screenshot - {}
RESULT: {}
COMMAND: POST /session/a64399a1195f4b74d2f6139fc8fd5cd0/execute/sync - {"script":"<script> [79 bytes]","args":[{"element-6066-11e4-a52e-4f735466cecf":"f.393C77C539AF0175FCB39A24D69769D1.d.789CD64F9F00CF2E060ADDE6183038C4.e.3127","ELEMENT":"f.393C77C539AF0175FCB39A24D69769D1.d.789CD64F9F00CF2E060ADDE6183038C4.e.3127"},{"block":"start","inline":"nearest"}]}
RESULT: {"script":"<script> [79 bytes]","args":[{"element-6066-11e4-a52e-4f735466cecf":"f.393C77C539AF0175FCB39A24D69769D1.d.789CD64F9F00CF2E060ADDE6183038C4.e.3127","ELEMENT":"f.393C77C539AF0175FCB39A24D69769D1.d.789CD64F9F00CF2E060ADDE6183038C4.e.3127"},{"block":"start","inline":"nearest"}]}
COMMAND: GET /session/a64399a1195f4b74d2f6139fc8fd5cd0/screenshot - {}
RESULT: {}
COMMAND: POST /session/a64399a1195f4b74d2f6139fc8fd5cd0/element/f.393C77C539AF0175FCB39A24D69769D1.d.789CD64F9F00CF2E060ADDE6183038C4.e.3127/click - {}
RESULT: {}
COMMAND: GET /session/a64399a1195f4b74d2f6139fc8fd5cd0/screenshot - {}
RESULT: {}
RESULT: undefined
COMMAND: POST /session/a64399a1195f4b74d2f6139fc8fd5cd0/execute/async - {"script":"<script> [776 bytes]","args":[{"enterText":"4000360","selector":{"controlType":"sap.m.SearchField","properties":{"placeholder":"Search"},"searchOpenDialogs":true,"interaction":{"idSuffix":"I"}},"clearTextFirst":true,"interactionType":"ENTER_TEXT"}]}
RESULT: {"script":"<script> [776 bytes]","args":[{"enterText":"4000360","selector":{"controlType":"sap.m.SearchField","properties":{"placeholder":"Search"},"searchOpenDialogs":true,"interaction":{"idSuffix":"I"}},"clearTextFirst":true,"interactionType":"ENTER_TEXT"}]}
COMMAND: POST /session/a64399a1195f4b74d2f6139fc8fd5cd0/actions - {"actions":[{"id":"action11","type":"key","parameters":{},"actions":[{"type":"keyDown","value":""},{"type":"pause","duration":10},{"type":"keyUp","value":""}]}]}
RESULT: {"actions":[{"id":"action11","type":"key","parameters":{},"actions":[{"type":"keyDown","value":""},{"type":"pause","duration":10},{"type":"keyUp","value":""}]}]}
COMMAND: GET /session/a64399a1195f4b74d2f6139fc8fd5cd0/screenshot - {}
RESULT: {}
COMMAND: POST /session/a64399a1195f4b74d2f6139fc8fd5cd0/element - {"using":"xpath","value":"//td/div/span[contains(text(), \"BGL Vehicles\")]"}
RESULT: {"using":"xpath","value":"//td/div/span[contains(text(), \"BGL Vehicles\")]"}
COMMAND: POST /session/a64399a1195f4b74d2f6139fc8fd5cd0/element/f.393C77C539AF0175FCB39A24D69769D1.d.789CD64F9F00CF2E060ADDE6183038C4.e.3147/click - {}
RESULT: {}
COMMAND: GET /session/a64399a1195f4b74d2f6139fc8fd5cd0/screenshot - {}
RESULT: {}
COMMAND: POST /session/a64399a1195f4b74d2f6139fc8fd5cd0/element - {"using":"xpath","value":"//bdi[contains(text(), \"OK\")]"}
RESULT: {"using":"xpath","value":"//bdi[contains(text(), \"OK\")]"}
COMMAND: POST /session/a64399a1195f4b74d2f6139fc8fd5cd0/element/f.393C77C539AF0175FCB39A24D69769D1.d.789CD64F9F00CF2E060ADDE6183038C4.e.3148/click - {}
RESULT: {}
COMMAND: GET /session/a64399a1195f4b74d2f6139fc8fd5cd0/screenshot - {}
RESULT: {}
COMMAND: POST /session/a64399a1195f4b74d2f6139fc8fd5cd0/element - {"using":"xpath","value":"//label[contains(@class, 'sapMLabelRequired') and .//bdi[contains(text(), 'Planned Retirement')]]"}
RESULT: {"using":"xpath","value":"//label[contains(@class, 'sapMLabelRequired') and .//bdi[contains(text(), 'Planned Retirement')]]"}
COMMAND: POST /session/a64399a1195f4b74d2f6139fc8fd5cd0/elements - {"using":"xpath","value":"//label[contains(@class, 'sapMLabelRequired') and .//bdi[contains(text(), 'Planned Retirement')]]"}
RESULT: {"using":"xpath","value":"//label[contains(@class, 'sapMLabelRequired') and .//bdi[contains(text(), 'Planned Retirement')]]"}
COMMAND: POST /session/a64399a1195f4b74d2f6139fc8fd5cd0/element - {"using":"xpath","value":"//button[@data-kt=\"resourceUnitSaveButton\"]"}
RESULT: {"using":"xpath","value":"//button[@data-kt=\"resourceUnitSaveButton\"]"}
COMMAND: POST /session/a64399a1195f4b74d2f6139fc8fd5cd0/element/f.393C77C539AF0175FCB39A24D69769D1.d.789CD64F9F00CF2E060ADDE6183038C4.e.2984/click - {}
RESULT: {}
COMMAND: GET /session/a64399a1195f4b74d2f6139fc8fd5cd0/screenshot - {}
RESULT: {}
COMMAND: POST /session/a64399a1195f4b74d2f6139fc8fd5cd0/element - {"using":"xpath","value":"//bdi[contains(text(), \"Close\")]"}
RESULT: {"using":"xpath","value":"//bdi[contains(text(), \"Close\")]"}
COMMAND: POST /session/a64399a1195f4b74d2f6139fc8fd5cd0/element/f.393C77C539AF0175FCB39A24D69769D1.d.789CD64F9F00CF2E060ADDE6183038C4.e.3155/click - {}
RESULT: {}
COMMAND: GET /session/a64399a1195f4b74d2f6139fc8fd5cd0/screenshot - {}
RESULT: {}
COMMAND: POST /session/a64399a1195f4b74d2f6139fc8fd5cd0/element - {"using":"xpath","value":"//header[contains(@id, 'detailRruPage-headerTitle')]/div[1]/div[2]/div[2]/span[1]"}
RESULT: {"using":"xpath","value":"//header[contains(@id, 'detailRruPage-headerTitle')]/div[1]/div[2]/div[2]/span[1]"}
COMMAND: POST /session/a64399a1195f4b74d2f6139fc8fd5cd0/elements - {"using":"xpath","value":"//header[contains(@id, 'detailRruPage-headerTitle')]/div[1]/div[2]/div[2]/span[1]"}
RESULT: {"using":"xpath","value":"//header[contains(@id, 'detailRruPage-headerTitle')]/div[1]/div[2]/div[2]/span[1]"}
COMMAND: POST /session/a64399a1195f4b74d2f6139fc8fd5cd0/execute/sync - {"script":"<script> [56 bytes]","args":[{"element-6066-11e4-a52e-4f735466cecf":"f.393C77C539AF0175FCB39A24D69769D1.d.789CD64F9F00CF2E060ADDE6183038C4.e.3184","ELEMENT":"f.393C77C539AF0175FCB39A24D69769D1.d.789CD64F9F00CF2E060ADDE6183038C4.e.3184"}]}
RESULT: {"script":"<script> [56 bytes]","args":[{"element-6066-11e4-a52e-4f735466cecf":"f.393C77C539AF0175FCB39A24D69769D1.d.789CD64F9F00CF2E060ADDE6183038C4.e.3184","ELEMENT":"f.393C77C539AF0175FCB39A24D69769D1.d.789CD64F9F00CF2E060ADDE6183038C4.e.3184"}]}
COMMAND: POST /session/a64399a1195f4b74d2f6139fc8fd5cd0/element - {"using":"css selector","value":"#shell-header-logo"}
COMMAND: GET /session/a64399a1195f4b74d2f6139fc8fd5cd0/screenshot - {}
RESULT: {"using":"css selector","value":"#shell-header-logo"}
COMMAND: POST /session/a64399a1195f4b74d2f6139fc8fd5cd0/element/f.393C77C539AF0175FCB39A24D69769D1.d.789CD64F9F00CF2E060ADDE6183038C4.e.2580/click - {}
RESULT: {}
RESULT: {}
COMMAND: GET /session/a64399a1195f4b74d2f6139fc8fd5cd0/screenshot - {}
RESULT: {}
]]></system-out>
    </testcase>
    <testcase classname="chrome.136_0_7103_93.windows.Prerequisites_&amp;_test_for_yard_mass_return_on_Yard_Overview_US131057" name="Prereq Should do stock increase" time="92.975">
      <system-out><![CDATA[
COMMAND: POST /session/a64399a1195f4b74d2f6139fc8fd5cd0/execute/async - {"script":"<script> [1562 bytes]","args":[{"selector":{"controlType":"sap.m.GenericTile","properties":{"header":"Manage Handovers"}},"wdio_ui5_key":"sapm.GenericTile{\"header\":\"Manage Handovers\"}"}]}
RESULT: {"script":"<script> [1562 bytes]","args":[{"selector":{"controlType":"sap.m.GenericTile","properties":{"header":"Manage Handovers"}},"wdio_ui5_key":"sapm.GenericTile{\"header\":\"Manage Handovers\"}"}]}
RESULT: undefined
COMMAND: POST /session/a64399a1195f4b74d2f6139fc8fd5cd0/element - {"using":"xpath","value":"//*[@id=\"__tile131\"]"}
RESULT: {"using":"xpath","value":"//*[@id=\"__tile131\"]"}
COMMAND: POST /session/a64399a1195f4b74d2f6139fc8fd5cd0/element/f.393C77C539AF0175FCB39A24D69769D1.d.789CD64F9F00CF2E060ADDE6183038C4.e.244/click - {}
RESULT: {}
COMMAND: GET /session/a64399a1195f4b74d2f6139fc8fd5cd0/screenshot - {}
RESULT: {}
COMMAND: POST /session/a64399a1195f4b74d2f6139fc8fd5cd0/elements - {"using":"xpath","value":"//span[text()='Error']"}
RESULT: {"using":"xpath","value":"//span[text()='Error']"}
COMMAND: POST /session/a64399a1195f4b74d2f6139fc8fd5cd0/element - {"using":"xpath","value":"//button[@data-kt=\"masterHOAddButton\"]"}
RESULT: {"using":"xpath","value":"//button[@data-kt=\"masterHOAddButton\"]"}
COMMAND: POST /session/a64399a1195f4b74d2f6139fc8fd5cd0/elements - {"using":"xpath","value":"//button[@data-kt=\"masterHOAddButton\"]"}
RESULT: {"using":"xpath","value":"//button[@data-kt=\"masterHOAddButton\"]"}
COMMAND: POST /session/a64399a1195f4b74d2f6139fc8fd5cd0/execute/sync - {"script":"<script> [8489 bytes]","args":[{"element-6066-11e4-a52e-4f735466cecf":"f.393C77C539AF0175FCB39A24D69769D1.d.789CD64F9F00CF2E060ADDE6183038C4.e.3223","ELEMENT":"f.393C77C539AF0175FCB39A24D69769D1.d.789CD64F9F00CF2E060ADDE6183038C4.e.3223"}]}
RESULT: {"script":"<script> [8489 bytes]","args":[{"element-6066-11e4-a52e-4f735466cecf":"f.393C77C539AF0175FCB39A24D69769D1.d.789CD64F9F00CF2E060ADDE6183038C4.e.3223","ELEMENT":"f.393C77C539AF0175FCB39A24D69769D1.d.789CD64F9F00CF2E060ADDE6183038C4.e.3223"}]}
COMMAND: GET /session/a64399a1195f4b74d2f6139fc8fd5cd0/element/f.393C77C539AF0175FCB39A24D69769D1.d.789CD64F9F00CF2E060ADDE6183038C4.e.3223/enabled - {}
COMMAND: GET /session/a64399a1195f4b74d2f6139fc8fd5cd0/screenshot - {}
RESULT: {}
COMMAND: POST /session/a64399a1195f4b74d2f6139fc8fd5cd0/execute/sync - {"script":"<script> [8489 bytes]","args":[{"element-6066-11e4-a52e-4f735466cecf":"f.393C77C539AF0175FCB39A24D69769D1.d.789CD64F9F00CF2E060ADDE6183038C4.e.3223","ELEMENT":"f.393C77C539AF0175FCB39A24D69769D1.d.789CD64F9F00CF2E060ADDE6183038C4.e.3223"}]}
COMMAND: GET /session/a64399a1195f4b74d2f6139fc8fd5cd0/screenshot - {}
RESULT: {}
RESULT: {"script":"<script> [8489 bytes]","args":[{"element-6066-11e4-a52e-4f735466cecf":"f.393C77C539AF0175FCB39A24D69769D1.d.789CD64F9F00CF2E060ADDE6183038C4.e.3223","ELEMENT":"f.393C77C539AF0175FCB39A24D69769D1.d.789CD64F9F00CF2E060ADDE6183038C4.e.3223"}]}
COMMAND: POST /session/a64399a1195f4b74d2f6139fc8fd5cd0/execute/sync - {"script":"<script> [5351 bytes]","args":[{"element-6066-11e4-a52e-4f735466cecf":"f.393C77C539AF0175FCB39A24D69769D1.d.789CD64F9F00CF2E060ADDE6183038C4.e.3223","ELEMENT":"f.393C77C539AF0175FCB39A24D69769D1.d.789CD64F9F00CF2E060ADDE6183038C4.e.3223"}]}
COMMAND: GET /session/a64399a1195f4b74d2f6139fc8fd5cd0/screenshot - {}
RESULT: {}
RESULT: {"script":"<script> [5351 bytes]","args":[{"element-6066-11e4-a52e-4f735466cecf":"f.393C77C539AF0175FCB39A24D69769D1.d.789CD64F9F00CF2E060ADDE6183038C4.e.3223","ELEMENT":"f.393C77C539AF0175FCB39A24D69769D1.d.789CD64F9F00CF2E060ADDE6183038C4.e.3223"}]}
COMMAND: POST /session/a64399a1195f4b74d2f6139fc8fd5cd0/element/f.393C77C539AF0175FCB39A24D69769D1.d.789CD64F9F00CF2E060ADDE6183038C4.e.3223/click - {}
COMMAND: GET /session/a64399a1195f4b74d2f6139fc8fd5cd0/screenshot - {}
RESULT: {}
RESULT: {}
COMMAND: GET /session/a64399a1195f4b74d2f6139fc8fd5cd0/screenshot - {}
COMMAND: POST /session/a64399a1195f4b74d2f6139fc8fd5cd0/element - {"using":"xpath","value":"//span[contains(@id ,\"AddNewHO--typeSelect-arrow\")]"}
RESULT: {}
RESULT: {}
RESULT: {"using":"xpath","value":"//span[contains(@id ,\"AddNewHO--typeSelect-arrow\")]"}
COMMAND: POST /session/a64399a1195f4b74d2f6139fc8fd5cd0/element/f.393C77C539AF0175FCB39A24D69769D1.d.789CD64F9F00CF2E060ADDE6183038C4.e.3579/click - {}
RESULT: {}
COMMAND: GET /session/a64399a1195f4b74d2f6139fc8fd5cd0/screenshot - {}
RESULT: {}
COMMAND: POST /session/a64399a1195f4b74d2f6139fc8fd5cd0/element - {"using":"xpath","value":"(//li[contains(text(), \"stock increase yard\")])[1]"}
RESULT: {"using":"xpath","value":"(//li[contains(text(), \"stock increase yard\")])[1]"}
COMMAND: POST /session/a64399a1195f4b74d2f6139fc8fd5cd0/element/f.393C77C539AF0175FCB39A24D69769D1.d.789CD64F9F00CF2E060ADDE6183038C4.e.3580/click - {}
RESULT: {}
COMMAND: GET /session/a64399a1195f4b74d2f6139fc8fd5cd0/screenshot - {}
RESULT: {}
COMMAND: POST /session/a64399a1195f4b74d2f6139fc8fd5cd0/execute/async - {"script":"<script> [1562 bytes]","args":[{"selector":{"id":"application-managehandovers-display-component---AddNewHO--dueDate","interaction":{"idSuffix":"inner"}},"wdio_ui5_key":"applicationmanagehandovers-display-component---AddNewHO--dueDate"}]}
RESULT: {"script":"<script> [1562 bytes]","args":[{"selector":{"id":"application-managehandovers-display-component---AddNewHO--dueDate","interaction":{"idSuffix":"inner"}},"wdio_ui5_key":"applicationmanagehandovers-display-component---AddNewHO--dueDate"}]}
RESULT: undefined
COMMAND: POST /session/a64399a1195f4b74d2f6139fc8fd5cd0/execute/async - {"script":"<script> [6424 bytes]","args":[{"element-6066-11e4-a52e-4f735466cecf":"f.393C77C539AF0175FCB39A24D69769D1.d.789CD64F9F00CF2E060ADDE6183038C4.e.3582"},"setValue",["5/23/25"]]}
RESULT: {"script":"<script> [6424 bytes]","args":[{"element-6066-11e4-a52e-4f735466cecf":"f.393C77C539AF0175FCB39A24D69769D1.d.789CD64F9F00CF2E060ADDE6183038C4.e.3582"},"setValue",["5/23/25"]]}
COMMAND: POST /session/a64399a1195f4b74d2f6139fc8fd5cd0/element - {"using":"xpath","value":"//input[@id=\"generalSectionFrg--receiveYard-inner\"]"}
RESULT: {"using":"xpath","value":"//input[@id=\"generalSectionFrg--receiveYard-inner\"]"}
COMMAND: POST /session/a64399a1195f4b74d2f6139fc8fd5cd0/element/f.393C77C539AF0175FCB39A24D69769D1.d.789CD64F9F00CF2E060ADDE6183038C4.e.3588/clear - {}
RESULT: {}
COMMAND: POST /session/a64399a1195f4b74d2f6139fc8fd5cd0/element/f.393C77C539AF0175FCB39A24D69769D1.d.789CD64F9F00CF2E060ADDE6183038C4.e.3588/value - {"text":"226"}
COMMAND: GET /session/a64399a1195f4b74d2f6139fc8fd5cd0/screenshot - {}
RESULT: {"text":"226"}
COMMAND: GET /session/a64399a1195f4b74d2f6139fc8fd5cd0/screenshot - {}
RESULT: {}
RESULT: {}
COMMAND: POST /session/a64399a1195f4b74d2f6139fc8fd5cd0/element - {"using":"xpath","value":"//li[.//span[text()='226']]"}
RESULT: {"using":"xpath","value":"//li[.//span[text()='226']]"}
COMMAND: POST /session/a64399a1195f4b74d2f6139fc8fd5cd0/element/f.393C77C539AF0175FCB39A24D69769D1.d.789CD64F9F00CF2E060ADDE6183038C4.e.3605/click - {}
RESULT: {}
COMMAND: GET /session/a64399a1195f4b74d2f6139fc8fd5cd0/screenshot - {}
RESULT: {}
COMMAND: POST /session/a64399a1195f4b74d2f6139fc8fd5cd0/execute/async - {"script":"<script> [1562 bytes]","args":[{"selector":{"id":"application-managehandovers-display-component---AddNewHO--ObjectPageLayout-anchBar-application-managehandovers-display-component---AddNewHO--section4-anchor","interaction":{"idSuffix":"BDI-content"}},"wdio_ui5_key":"applicationmanagehandovers-display-component---AddNewHO--ObjectPageLayout-anchBar-application-managehandovers-display-component---AddNewHO--section4-anchor"}]}
RESULT: {"script":"<script> [1562 bytes]","args":[{"selector":{"id":"application-managehandovers-display-component---AddNewHO--ObjectPageLayout-anchBar-application-managehandovers-display-component---AddNewHO--section4-anchor","interaction":{"idSuffix":"BDI-content"}},"wdio_ui5_key":"applicationmanagehandovers-display-component---AddNewHO--ObjectPageLayout-anchBar-application-managehandovers-display-component---AddNewHO--section4-anchor"}]}
RESULT: undefined
COMMAND: POST /session/a64399a1195f4b74d2f6139fc8fd5cd0/element - {"using":"xpath","value":"//*[@id=\"application-managehandovers-display-component---AddNewHO--ObjectPageLayout-anchBar-application-managehandovers-display-component---AddNewHO--section4-anchor\"]"}
RESULT: {"using":"xpath","value":"//*[@id=\"application-managehandovers-display-component---AddNewHO--ObjectPageLayout-anchBar-application-managehandovers-display-component---AddNewHO--section4-anchor\"]"}
COMMAND: POST /session/a64399a1195f4b74d2f6139fc8fd5cd0/element/f.393C77C539AF0175FCB39A24D69769D1.d.789CD64F9F00CF2E060ADDE6183038C4.e.3607/click - {}
RESULT: {}
COMMAND: POST /session/a64399a1195f4b74d2f6139fc8fd5cd0/element - {"using":"xpath","value":"//button[@aria-label=\"Add\"]"}
COMMAND: GET /session/a64399a1195f4b74d2f6139fc8fd5cd0/screenshot - {}
RESULT: {"using":"xpath","value":"//button[@aria-label=\"Add\"]"}
COMMAND: POST /session/a64399a1195f4b74d2f6139fc8fd5cd0/element/f.393C77C539AF0175FCB39A24D69769D1.d.789CD64F9F00CF2E060ADDE6183038C4.e.3611/click - {}
RESULT: {}
RESULT: {}
COMMAND: GET /session/a64399a1195f4b74d2f6139fc8fd5cd0/screenshot - {}
RESULT: {}
COMMAND: POST /session/a64399a1195f4b74d2f6139fc8fd5cd0/execute/async - {"script":"<script> [1562 bytes]","args":[{"selector":{"id":"application-managehandovers-display-component---AddNewHO--smartFilterBar-btnBasicSearch","searchOpenDialogs":true,"interaction":{"idSuffix":"I"}},"wdio_ui5_key":"applicationmanagehandovers-display-component---AddNewHO--smartFilterBar-btnBasicSearch"}]}
RESULT: {"script":"<script> [1562 bytes]","args":[{"selector":{"id":"application-managehandovers-display-component---AddNewHO--smartFilterBar-btnBasicSearch","searchOpenDialogs":true,"interaction":{"idSuffix":"I"}},"wdio_ui5_key":"applicationmanagehandovers-display-component---AddNewHO--smartFilterBar-btnBasicSearch"}]}
RESULT: undefined
COMMAND: POST /session/a64399a1195f4b74d2f6139fc8fd5cd0/execute/async - {"script":"<script> [776 bytes]","args":[{"enterText":"200091","selector":{"id":"application-managehandovers-display-component---AddNewHO--smartFilterBar-btnBasicSearch","searchOpenDialogs":true,"interaction":{"idSuffix":"I"}},"clearTextFirst":true,"interactionType":"ENTER_TEXT"}]}
RESULT: {"script":"<script> [776 bytes]","args":[{"enterText":"200091","selector":{"id":"application-managehandovers-display-component---AddNewHO--smartFilterBar-btnBasicSearch","searchOpenDialogs":true,"interaction":{"idSuffix":"I"}},"clearTextFirst":true,"interactionType":"ENTER_TEXT"}]}
COMMAND: POST /session/a64399a1195f4b74d2f6139fc8fd5cd0/actions - {"actions":[{"id":"action12","type":"key","parameters":{},"actions":[{"type":"keyDown","value":""},{"type":"pause","duration":10},{"type":"keyUp","value":""}]}]}
RESULT: {"actions":[{"id":"action12","type":"key","parameters":{},"actions":[{"type":"keyDown","value":""},{"type":"pause","duration":10},{"type":"keyUp","value":""}]}]}
COMMAND: GET /session/a64399a1195f4b74d2f6139fc8fd5cd0/screenshot - {}
RESULT: {}
COMMAND: POST /session/a64399a1195f4b74d2f6139fc8fd5cd0/execute/async - {"script":"<script> [1562 bytes]","args":[{"selector":{"id":"application-managehandovers-display-component---AddNewHO--popup-sa","searchOpenDialogs":true,"interaction":{"idSuffix":"CbBg"}},"wdio_ui5_key":"applicationmanagehandovers-display-component---AddNewHO--popup-sa"}]}
RESULT: {"script":"<script> [1562 bytes]","args":[{"selector":{"id":"application-managehandovers-display-component---AddNewHO--popup-sa","searchOpenDialogs":true,"interaction":{"idSuffix":"CbBg"}},"wdio_ui5_key":"applicationmanagehandovers-display-component---AddNewHO--popup-sa"}]}
RESULT: undefined
COMMAND: POST /session/a64399a1195f4b74d2f6139fc8fd5cd0/element - {"using":"xpath","value":"//*[@id=\"application-managehandovers-display-component---AddNewHO--popup-sa\"]"}
RESULT: {"using":"xpath","value":"//*[@id=\"application-managehandovers-display-component---AddNewHO--popup-sa\"]"}
COMMAND: POST /session/a64399a1195f4b74d2f6139fc8fd5cd0/element/f.393C77C539AF0175FCB39A24D69769D1.d.789CD64F9F00CF2E060ADDE6183038C4.e.3762/click - {}
RESULT: {}
COMMAND: GET /session/a64399a1195f4b74d2f6139fc8fd5cd0/screenshot - {}
RESULT: {}
COMMAND: POST /session/a64399a1195f4b74d2f6139fc8fd5cd0/element - {"using":"xpath","value":"//bdi[contains(text(), \"Select\")]"}
RESULT: {"using":"xpath","value":"//bdi[contains(text(), \"Select\")]"}
COMMAND: POST /session/a64399a1195f4b74d2f6139fc8fd5cd0/element/f.393C77C539AF0175FCB39A24D69769D1.d.789CD64F9F00CF2E060ADDE6183038C4.e.3763/click - {}
RESULT: {}
COMMAND: GET /session/a64399a1195f4b74d2f6139fc8fd5cd0/screenshot - {}
RESULT: {}
COMMAND: POST /session/a64399a1195f4b74d2f6139fc8fd5cd0/element - {"using":"xpath","value":"//button[@data-kt=\"AddNewHOSaveButton\"]"}
RESULT: {"using":"xpath","value":"//button[@data-kt=\"AddNewHOSaveButton\"]"}
COMMAND: POST /session/a64399a1195f4b74d2f6139fc8fd5cd0/element/f.393C77C539AF0175FCB39A24D69769D1.d.789CD64F9F00CF2E060ADDE6183038C4.e.3767/click - {}
RESULT: {}
COMMAND: GET /session/a64399a1195f4b74d2f6139fc8fd5cd0/screenshot - {}
RESULT: {}
COMMAND: POST /session/a64399a1195f4b74d2f6139fc8fd5cd0/execute/async - {"script":"<script> [1562 bytes]","args":[{"selector":{"id":"receiptDatePicker","viewName":"etm.portal.ui.managehandovers.view.DetailExecuteHO","interaction":{"idSuffix":"inner"}},"wdio_ui5_key":"receiptDatePickeretmportal.ui.managehandovers.view.DetailExecuteHO"}]}
RESULT: {"script":"<script> [1562 bytes]","args":[{"selector":{"id":"receiptDatePicker","viewName":"etm.portal.ui.managehandovers.view.DetailExecuteHO","interaction":{"idSuffix":"inner"}},"wdio_ui5_key":"receiptDatePickeretmportal.ui.managehandovers.view.DetailExecuteHO"}]}
RESULT: undefined
COMMAND: POST /session/a64399a1195f4b74d2f6139fc8fd5cd0/execute/async - {"script":"<script> [6424 bytes]","args":[{"element-6066-11e4-a52e-4f735466cecf":"f.393C77C539AF0175FCB39A24D69769D1.d.789CD64F9F00CF2E060ADDE6183038C4.e.3798"},"setValue",["5/23/25"]]}
RESULT: {"script":"<script> [6424 bytes]","args":[{"element-6066-11e4-a52e-4f735466cecf":"f.393C77C539AF0175FCB39A24D69769D1.d.789CD64F9F00CF2E060ADDE6183038C4.e.3798"},"setValue",["5/23/25"]]}
COMMAND: POST /session/a64399a1195f4b74d2f6139fc8fd5cd0/element - {"using":"xpath","value":"//button[@data-kt=\"ReceivingTableConfirmAllButton\"]"}
RESULT: {"using":"xpath","value":"//button[@data-kt=\"ReceivingTableConfirmAllButton\"]"}
COMMAND: POST /session/a64399a1195f4b74d2f6139fc8fd5cd0/element/f.393C77C539AF0175FCB39A24D69769D1.d.789CD64F9F00CF2E060ADDE6183038C4.e.3812/click - {}
RESULT: {}
COMMAND: GET /session/a64399a1195f4b74d2f6139fc8fd5cd0/screenshot - {}
RESULT: {}
COMMAND: POST /session/a64399a1195f4b74d2f6139fc8fd5cd0/element - {"using":"xpath","value":"//bdi[contains(text(), \"OK\")]"}
RESULT: {"using":"xpath","value":"//bdi[contains(text(), \"OK\")]"}
COMMAND: POST /session/a64399a1195f4b74d2f6139fc8fd5cd0/element/f.393C77C539AF0175FCB39A24D69769D1.d.789CD64F9F00CF2E060ADDE6183038C4.e.3814/click - {}
RESULT: {}
COMMAND: GET /session/a64399a1195f4b74d2f6139fc8fd5cd0/screenshot - {}
RESULT: {}
COMMAND: POST /session/a64399a1195f4b74d2f6139fc8fd5cd0/element - {"using":"xpath","value":"(//bdi[contains(text(), \"Receive\")])[2]"}
RESULT: {"using":"xpath","value":"(//bdi[contains(text(), \"Receive\")])[2]"}
COMMAND: POST /session/a64399a1195f4b74d2f6139fc8fd5cd0/element/f.393C77C539AF0175FCB39A24D69769D1.d.789CD64F9F00CF2E060ADDE6183038C4.e.3816/click - {}
RESULT: {}
COMMAND: GET /session/a64399a1195f4b74d2f6139fc8fd5cd0/screenshot - {}
RESULT: {}
COMMAND: POST /session/a64399a1195f4b74d2f6139fc8fd5cd0/element - {"using":"css selector","value":"#shell-header-logo"}
RESULT: {"using":"css selector","value":"#shell-header-logo"}
COMMAND: POST /session/a64399a1195f4b74d2f6139fc8fd5cd0/element/f.393C77C539AF0175FCB39A24D69769D1.d.789CD64F9F00CF2E060ADDE6183038C4.e.3188/click - {}
RESULT: {}
COMMAND: GET /session/a64399a1195f4b74d2f6139fc8fd5cd0/screenshot - {}
RESULT: {}
]]></system-out>
    </testcase>
    <testcase classname="chrome.136_0_7103_93.windows.Prerequisites_&amp;_test_for_yard_mass_return_on_Yard_Overview_US131057" name="Prereq Should create a new contract" time="61.747">
      <system-out><![CDATA[
COMMAND: POST /session/a64399a1195f4b74d2f6139fc8fd5cd0/execute/async - {"script":"<script> [1562 bytes]","args":[{"selector":{"controlType":"sap.m.GenericTile","properties":{"header":"Manage Contracts"}},"wdio_ui5_key":"sapm.GenericTile{\"header\":\"Manage Contracts\"}"}]}
RESULT: {"script":"<script> [1562 bytes]","args":[{"selector":{"controlType":"sap.m.GenericTile","properties":{"header":"Manage Contracts"}},"wdio_ui5_key":"sapm.GenericTile{\"header\":\"Manage Contracts\"}"}]}
RESULT: undefined
COMMAND: POST /session/a64399a1195f4b74d2f6139fc8fd5cd0/element - {"using":"xpath","value":"//*[@id=\"__tile133\"]"}
RESULT: {"using":"xpath","value":"//*[@id=\"__tile133\"]"}
COMMAND: POST /session/a64399a1195f4b74d2f6139fc8fd5cd0/element/f.393C77C539AF0175FCB39A24D69769D1.d.789CD64F9F00CF2E060ADDE6183038C4.e.173/click - {}
RESULT: {}
COMMAND: GET /session/a64399a1195f4b74d2f6139fc8fd5cd0/screenshot - {}
RESULT: {}
COMMAND: POST /session/a64399a1195f4b74d2f6139fc8fd5cd0/elements - {"using":"xpath","value":"//span[text()='Error']"}
RESULT: {"using":"xpath","value":"//span[text()='Error']"}
COMMAND: POST /session/a64399a1195f4b74d2f6139fc8fd5cd0/element - {"using":"xpath","value":"//button[@data-kt=\"addButton\"]"}
RESULT: {"using":"xpath","value":"//button[@data-kt=\"addButton\"]"}
COMMAND: POST /session/a64399a1195f4b74d2f6139fc8fd5cd0/elements - {"using":"xpath","value":"//button[@data-kt=\"addButton\"]"}
RESULT: {"using":"xpath","value":"//button[@data-kt=\"addButton\"]"}
COMMAND: POST /session/a64399a1195f4b74d2f6139fc8fd5cd0/execute/sync - {"script":"<script> [8489 bytes]","args":[{"element-6066-11e4-a52e-4f735466cecf":"f.393C77C539AF0175FCB39A24D69769D1.d.789CD64F9F00CF2E060ADDE6183038C4.e.4036","ELEMENT":"f.393C77C539AF0175FCB39A24D69769D1.d.789CD64F9F00CF2E060ADDE6183038C4.e.4036"}]}
RESULT: {"script":"<script> [8489 bytes]","args":[{"element-6066-11e4-a52e-4f735466cecf":"f.393C77C539AF0175FCB39A24D69769D1.d.789CD64F9F00CF2E060ADDE6183038C4.e.4036","ELEMENT":"f.393C77C539AF0175FCB39A24D69769D1.d.789CD64F9F00CF2E060ADDE6183038C4.e.4036"}]}
COMMAND: GET /session/a64399a1195f4b74d2f6139fc8fd5cd0/element/f.393C77C539AF0175FCB39A24D69769D1.d.789CD64F9F00CF2E060ADDE6183038C4.e.4036/enabled - {}
COMMAND: GET /session/a64399a1195f4b74d2f6139fc8fd5cd0/screenshot - {}
RESULT: {}
COMMAND: POST /session/a64399a1195f4b74d2f6139fc8fd5cd0/execute/sync - {"script":"<script> [8489 bytes]","args":[{"element-6066-11e4-a52e-4f735466cecf":"f.393C77C539AF0175FCB39A24D69769D1.d.789CD64F9F00CF2E060ADDE6183038C4.e.4036","ELEMENT":"f.393C77C539AF0175FCB39A24D69769D1.d.789CD64F9F00CF2E060ADDE6183038C4.e.4036"}]}
COMMAND: GET /session/a64399a1195f4b74d2f6139fc8fd5cd0/screenshot - {}
RESULT: {}
RESULT: {"script":"<script> [8489 bytes]","args":[{"element-6066-11e4-a52e-4f735466cecf":"f.393C77C539AF0175FCB39A24D69769D1.d.789CD64F9F00CF2E060ADDE6183038C4.e.4036","ELEMENT":"f.393C77C539AF0175FCB39A24D69769D1.d.789CD64F9F00CF2E060ADDE6183038C4.e.4036"}]}
COMMAND: POST /session/a64399a1195f4b74d2f6139fc8fd5cd0/execute/sync - {"script":"<script> [5351 bytes]","args":[{"element-6066-11e4-a52e-4f735466cecf":"f.393C77C539AF0175FCB39A24D69769D1.d.789CD64F9F00CF2E060ADDE6183038C4.e.4036","ELEMENT":"f.393C77C539AF0175FCB39A24D69769D1.d.789CD64F9F00CF2E060ADDE6183038C4.e.4036"}]}
COMMAND: GET /session/a64399a1195f4b74d2f6139fc8fd5cd0/screenshot - {}
RESULT: {}
RESULT: {"script":"<script> [5351 bytes]","args":[{"element-6066-11e4-a52e-4f735466cecf":"f.393C77C539AF0175FCB39A24D69769D1.d.789CD64F9F00CF2E060ADDE6183038C4.e.4036","ELEMENT":"f.393C77C539AF0175FCB39A24D69769D1.d.789CD64F9F00CF2E060ADDE6183038C4.e.4036"}]}
COMMAND: GET /session/a64399a1195f4b74d2f6139fc8fd5cd0/screenshot - {}
RESULT: {}
RESULT: {}
COMMAND: POST /session/a64399a1195f4b74d2f6139fc8fd5cd0/element/f.393C77C539AF0175FCB39A24D69769D1.d.789CD64F9F00CF2E060ADDE6183038C4.e.4036/click - {}
RESULT: {}
COMMAND: GET /session/a64399a1195f4b74d2f6139fc8fd5cd0/screenshot - {}
RESULT: {}
COMMAND: POST /session/a64399a1195f4b74d2f6139fc8fd5cd0/execute/async - {"script":"<script> [1562 bytes]","args":[{"selector":{"id":"application-managecontracts-display-component---AddNewContract--projectDescription","interaction":{"idSuffix":"inner"}},"wdio_ui5_key":"applicationmanagecontracts-display-component---AddNewContract--projectDescription"}]}
RESULT: {"script":"<script> [1562 bytes]","args":[{"selector":{"id":"application-managecontracts-display-component---AddNewContract--projectDescription","interaction":{"idSuffix":"inner"}},"wdio_ui5_key":"applicationmanagecontracts-display-component---AddNewContract--projectDescription"}]}
RESULT: undefined
COMMAND: POST /session/a64399a1195f4b74d2f6139fc8fd5cd0/execute/async - {"script":"<script> [776 bytes]","args":[{"enterText":"Contract WDIO","selector":{"id":"application-managecontracts-display-component---AddNewContract--projectDescription","interaction":{"idSuffix":"inner"}},"clearTextFirst":true,"interactionType":"ENTER_TEXT"}]}
RESULT: {"script":"<script> [776 bytes]","args":[{"enterText":"Contract WDIO","selector":{"id":"application-managecontracts-display-component---AddNewContract--projectDescription","interaction":{"idSuffix":"inner"}},"clearTextFirst":true,"interactionType":"ENTER_TEXT"}]}
COMMAND: POST /session/a64399a1195f4b74d2f6139fc8fd5cd0/element - {"using":"xpath","value":"//input[@id=\"application-managecontracts-display-component---AddNewContract--site-inner\"]"}
RESULT: {"using":"xpath","value":"//input[@id=\"application-managecontracts-display-component---AddNewContract--site-inner\"]"}
COMMAND: POST /session/a64399a1195f4b74d2f6139fc8fd5cd0/element/f.393C77C539AF0175FCB39A24D69769D1.d.789CD64F9F00CF2E060ADDE6183038C4.e.4357/clear - {}
RESULT: {}
COMMAND: POST /session/a64399a1195f4b74d2f6139fc8fd5cd0/element/f.393C77C539AF0175FCB39A24D69769D1.d.789CD64F9F00CF2E060ADDE6183038C4.e.4357/value - {"text":"2077"}
COMMAND: GET /session/a64399a1195f4b74d2f6139fc8fd5cd0/screenshot - {}
RESULT: {"text":"2077"}
COMMAND: GET /session/a64399a1195f4b74d2f6139fc8fd5cd0/screenshot - {}
RESULT: {}
RESULT: {}
COMMAND: POST /session/a64399a1195f4b74d2f6139fc8fd5cd0/element - {"using":"xpath","value":"//li[.//span[text()='2077']]"}
RESULT: {"using":"xpath","value":"//li[.//span[text()='2077']]"}
COMMAND: POST /session/a64399a1195f4b74d2f6139fc8fd5cd0/element/f.393C77C539AF0175FCB39A24D69769D1.d.789CD64F9F00CF2E060ADDE6183038C4.e.4440/click - {}
RESULT: {}
COMMAND: GET /session/a64399a1195f4b74d2f6139fc8fd5cd0/screenshot - {}
RESULT: {}
COMMAND: POST /session/a64399a1195f4b74d2f6139fc8fd5cd0/element - {"using":"xpath","value":"//input[@id=\"application-managecontracts-display-component---AddNewContract--yardId-inner\"]"}
RESULT: {"using":"xpath","value":"//input[@id=\"application-managecontracts-display-component---AddNewContract--yardId-inner\"]"}
COMMAND: GET /session/a64399a1195f4b74d2f6139fc8fd5cd0/element/f.393C77C539AF0175FCB39A24D69769D1.d.789CD64F9F00CF2E060ADDE6183038C4.e.4358/property/value - {}
RESULT: {}
COMMAND: POST /session/a64399a1195f4b74d2f6139fc8fd5cd0/element - {"using":"xpath","value":"//input[@id=\"application-managecontracts-display-component---AddNewContract--customerSelect-inner\"]"}
COMMAND: GET /session/a64399a1195f4b74d2f6139fc8fd5cd0/screenshot - {}
RESULT: {"using":"xpath","value":"//input[@id=\"application-managecontracts-display-component---AddNewContract--customerSelect-inner\"]"}
COMMAND: POST /session/a64399a1195f4b74d2f6139fc8fd5cd0/element/f.393C77C539AF0175FCB39A24D69769D1.d.789CD64F9F00CF2E060ADDE6183038C4.e.4356/clear - {}
RESULT: {}
RESULT: {}
COMMAND: POST /session/a64399a1195f4b74d2f6139fc8fd5cd0/element/f.393C77C539AF0175FCB39A24D69769D1.d.789CD64F9F00CF2E060ADDE6183038C4.e.4356/value - {"text":"1077"}
COMMAND: GET /session/a64399a1195f4b74d2f6139fc8fd5cd0/screenshot - {}
RESULT: {"text":"1077"}
COMMAND: GET /session/a64399a1195f4b74d2f6139fc8fd5cd0/screenshot - {}
RESULT: {}
RESULT: {}
COMMAND: POST /session/a64399a1195f4b74d2f6139fc8fd5cd0/element - {"using":"xpath","value":"//li[.//span[text()='1077']]"}
RESULT: {"using":"xpath","value":"//li[.//span[text()='1077']]"}
COMMAND: POST /session/a64399a1195f4b74d2f6139fc8fd5cd0/element/f.393C77C539AF0175FCB39A24D69769D1.d.789CD64F9F00CF2E060ADDE6183038C4.e.4443/click - {}
RESULT: {}
COMMAND: GET /session/a64399a1195f4b74d2f6139fc8fd5cd0/screenshot - {}
RESULT: {}
COMMAND: POST /session/a64399a1195f4b74d2f6139fc8fd5cd0/element - {"using":"xpath","value":"//button[@data-kt=\"saveButton\"]"}
RESULT: {"using":"xpath","value":"//button[@data-kt=\"saveButton\"]"}
COMMAND: POST /session/a64399a1195f4b74d2f6139fc8fd5cd0/element/f.393C77C539AF0175FCB39A24D69769D1.d.789CD64F9F00CF2E060ADDE6183038C4.e.4433/click - {}
RESULT: {}
COMMAND: GET /session/a64399a1195f4b74d2f6139fc8fd5cd0/screenshot - {}
RESULT: {}
COMMAND: POST /session/a64399a1195f4b74d2f6139fc8fd5cd0/element - {"using":"xpath","value":"//span[contains(@id ,\"contractDetailTitleNoExpanded\")]"}
RESULT: {"using":"xpath","value":"//span[contains(@id ,\"contractDetailTitleNoExpanded\")]"}
COMMAND: POST /session/a64399a1195f4b74d2f6139fc8fd5cd0/elements - {"using":"xpath","value":"//span[contains(@id ,\"contractDetailTitleNoExpanded\")]"}
RESULT: {"using":"xpath","value":"//span[contains(@id ,\"contractDetailTitleNoExpanded\")]"}
COMMAND: POST /session/a64399a1195f4b74d2f6139fc8fd5cd0/execute/sync - {"script":"<script> [56 bytes]","args":[{"element-6066-11e4-a52e-4f735466cecf":"f.393C77C539AF0175FCB39A24D69769D1.d.789CD64F9F00CF2E060ADDE6183038C4.e.4453","ELEMENT":"f.393C77C539AF0175FCB39A24D69769D1.d.789CD64F9F00CF2E060ADDE6183038C4.e.4453"}]}
RESULT: {"script":"<script> [56 bytes]","args":[{"element-6066-11e4-a52e-4f735466cecf":"f.393C77C539AF0175FCB39A24D69769D1.d.789CD64F9F00CF2E060ADDE6183038C4.e.4453","ELEMENT":"f.393C77C539AF0175FCB39A24D69769D1.d.789CD64F9F00CF2E060ADDE6183038C4.e.4453"}]}
COMMAND: GET /session/a64399a1195f4b74d2f6139fc8fd5cd0/screenshot - {}
RESULT: {}
]]></system-out>
    </testcase>
    <testcase classname="chrome.136_0_7103_93.windows.Prerequisites_&amp;_test_for_yard_mass_return_on_Yard_Overview_US131057" name="Prereq Should add created material to contract" time="56.352">
      <system-out><![CDATA[
COMMAND: POST /session/a64399a1195f4b74d2f6139fc8fd5cd0/element - {"using":"xpath","value":"//button[@data-kt=\"contractDetailEditBtnButton\"]"}
RESULT: {"using":"xpath","value":"//button[@data-kt=\"contractDetailEditBtnButton\"]"}
COMMAND: POST /session/a64399a1195f4b74d2f6139fc8fd5cd0/element/f.393C77C539AF0175FCB39A24D69769D1.d.789CD64F9F00CF2E060ADDE6183038C4.e.4456/click - {}
RESULT: {}
COMMAND: GET /session/a64399a1195f4b74d2f6139fc8fd5cd0/screenshot - {}
RESULT: {}
COMMAND: POST /session/a64399a1195f4b74d2f6139fc8fd5cd0/element - {"using":"xpath","value":"(//span[contains(text(), \"Additional Addresses\")])[2]"}
RESULT: {"using":"xpath","value":"(//span[contains(text(), \"Additional Addresses\")])[2]"}
COMMAND: POST /session/a64399a1195f4b74d2f6139fc8fd5cd0/element/f.393C77C539AF0175FCB39A24D69769D1.d.789CD64F9F00CF2E060ADDE6183038C4.e.4510/click - {}
RESULT: {}
COMMAND: GET /session/a64399a1195f4b74d2f6139fc8fd5cd0/screenshot - {}
RESULT: {}
COMMAND: POST /session/a64399a1195f4b74d2f6139fc8fd5cd0/element - {"using":"xpath","value":"//button[@data-kt=\"btnAddTableRowOverflowToolbarButton\"]"}
RESULT: {"using":"xpath","value":"//button[@data-kt=\"btnAddTableRowOverflowToolbarButton\"]"}
COMMAND: POST /session/a64399a1195f4b74d2f6139fc8fd5cd0/element/f.393C77C539AF0175FCB39A24D69769D1.d.789CD64F9F00CF2E060ADDE6183038C4.e.4514/click - {}
RESULT: {}
COMMAND: GET /session/a64399a1195f4b74d2f6139fc8fd5cd0/screenshot - {}
RESULT: {}
COMMAND: POST /session/a64399a1195f4b74d2f6139fc8fd5cd0/element - {"using":"xpath","value":"//div[(text() = 'Standard Entry' or . = 'Standard Entry')]"}
RESULT: {"using":"xpath","value":"//div[(text() = 'Standard Entry' or . = 'Standard Entry')]"}
COMMAND: POST /session/a64399a1195f4b74d2f6139fc8fd5cd0/element/f.393C77C539AF0175FCB39A24D69769D1.d.789CD64F9F00CF2E060ADDE6183038C4.e.4516/click - {}
RESULT: {}
COMMAND: GET /session/a64399a1195f4b74d2f6139fc8fd5cd0/screenshot - {}
RESULT: {}
COMMAND: POST /session/a64399a1195f4b74d2f6139fc8fd5cd0/element - {"using":"xpath","value":"//td[6]/div/div/div/span"}
RESULT: {"using":"xpath","value":"//td[6]/div/div/div/span"}
COMMAND: POST /session/a64399a1195f4b74d2f6139fc8fd5cd0/element/f.393C77C539AF0175FCB39A24D69769D1.d.789CD64F9F00CF2E060ADDE6183038C4.e.4528/click - {}
RESULT: {}
COMMAND: GET /session/a64399a1195f4b74d2f6139fc8fd5cd0/screenshot - {}
RESULT: {}
COMMAND: POST /session/a64399a1195f4b74d2f6139fc8fd5cd0/element - {"using":"xpath","value":"(//span[contains(text(), \"Material\")])"}
RESULT: {"using":"xpath","value":"(//span[contains(text(), \"Material\")])"}
COMMAND: POST /session/a64399a1195f4b74d2f6139fc8fd5cd0/element/f.393C77C539AF0175FCB39A24D69769D1.d.789CD64F9F00CF2E060ADDE6183038C4.e.4529/click - {}
RESULT: {}
COMMAND: GET /session/a64399a1195f4b74d2f6139fc8fd5cd0/screenshot - {}
RESULT: {}
COMMAND: POST /session/a64399a1195f4b74d2f6139fc8fd5cd0/element - {"using":"xpath","value":"//td[7]/div/div/input"}
RESULT: {"using":"xpath","value":"//td[7]/div/div/input"}
COMMAND: POST /session/a64399a1195f4b74d2f6139fc8fd5cd0/element/f.393C77C539AF0175FCB39A24D69769D1.d.789CD64F9F00CF2E060ADDE6183038C4.e.4533/clear - {}
RESULT: {}
COMMAND: POST /session/a64399a1195f4b74d2f6139fc8fd5cd0/element/f.393C77C539AF0175FCB39A24D69769D1.d.789CD64F9F00CF2E060ADDE6183038C4.e.4533/value - {"text":"200091"}
COMMAND: GET /session/a64399a1195f4b74d2f6139fc8fd5cd0/screenshot - {}
RESULT: {"text":"200091"}
COMMAND: GET /session/a64399a1195f4b74d2f6139fc8fd5cd0/screenshot - {}
RESULT: {}
RESULT: {}
COMMAND: POST /session/a64399a1195f4b74d2f6139fc8fd5cd0/actions - {"actions":[{"id":"action13","type":"key","parameters":{},"actions":[{"type":"keyDown","value":""},{"type":"pause","duration":10},{"type":"keyUp","value":""}]}]}
RESULT: {"actions":[{"id":"action13","type":"key","parameters":{},"actions":[{"type":"keyDown","value":""},{"type":"pause","duration":10},{"type":"keyUp","value":""}]}]}
COMMAND: GET /session/a64399a1195f4b74d2f6139fc8fd5cd0/screenshot - {}
RESULT: {}
COMMAND: POST /session/a64399a1195f4b74d2f6139fc8fd5cd0/execute/sync - {"script":"<script> [276 bytes]","args":["No pricing information was found"]}
RESULT: {"script":"<script> [276 bytes]","args":["No pricing information was found"]}
COMMAND: POST /session/a64399a1195f4b74d2f6139fc8fd5cd0/element - {"using":"xpath","value":"//bdi[contains(text(), \"OK\")]"}
COMMAND: GET /session/a64399a1195f4b74d2f6139fc8fd5cd0/screenshot - {}
RESULT: {"using":"xpath","value":"//bdi[contains(text(), \"OK\")]"}
COMMAND: POST /session/a64399a1195f4b74d2f6139fc8fd5cd0/element/f.393C77C539AF0175FCB39A24D69769D1.d.789CD64F9F00CF2E060ADDE6183038C4.e.4559/click - {}
RESULT: {}
RESULT: {}
COMMAND: GET /session/a64399a1195f4b74d2f6139fc8fd5cd0/screenshot - {}
RESULT: {}
COMMAND: POST /session/a64399a1195f4b74d2f6139fc8fd5cd0/element - {"using":"xpath","value":"(//button[@data-kt=\"saveButton\"])[2]"}
RESULT: {"using":"xpath","value":"(//button[@data-kt=\"saveButton\"])[2]"}
COMMAND: POST /session/a64399a1195f4b74d2f6139fc8fd5cd0/element/f.393C77C539AF0175FCB39A24D69769D1.d.789CD64F9F00CF2E060ADDE6183038C4.e.4560/click - {}
RESULT: {}
COMMAND: GET /session/a64399a1195f4b74d2f6139fc8fd5cd0/screenshot - {}
RESULT: {}
COMMAND: POST /session/a64399a1195f4b74d2f6139fc8fd5cd0/execute/sync - {"script":"<script> [276 bytes]","args":["Some contract items are having rental validity exceeding header rental validity"]}
RESULT: {"script":"<script> [276 bytes]","args":["Some contract items are having rental validity exceeding header rental validity"]}
COMMAND: GET /session/a64399a1195f4b74d2f6139fc8fd5cd0/screenshot - {}
RESULT: {}
COMMAND: POST /session/a64399a1195f4b74d2f6139fc8fd5cd0/element - {"using":"xpath","value":"//span[contains(@id ,\"contractItemsSmartTable-header-inner\")]"}
RESULT: {"using":"xpath","value":"//span[contains(@id ,\"contractItemsSmartTable-header-inner\")]"}
COMMAND: POST /session/a64399a1195f4b74d2f6139fc8fd5cd0/elements - {"using":"xpath","value":"//span[contains(@id ,\"contractItemsSmartTable-header-inner\")]"}
RESULT: {"using":"xpath","value":"//span[contains(@id ,\"contractItemsSmartTable-header-inner\")]"}
COMMAND: POST /session/a64399a1195f4b74d2f6139fc8fd5cd0/execute/sync - {"script":"<script> [56 bytes]","args":[{"element-6066-11e4-a52e-4f735466cecf":"f.393C77C539AF0175FCB39A24D69769D1.d.789CD64F9F00CF2E060ADDE6183038C4.e.4564","ELEMENT":"f.393C77C539AF0175FCB39A24D69769D1.d.789CD64F9F00CF2E060ADDE6183038C4.e.4564"}]}
RESULT: {"script":"<script> [56 bytes]","args":[{"element-6066-11e4-a52e-4f735466cecf":"f.393C77C539AF0175FCB39A24D69769D1.d.789CD64F9F00CF2E060ADDE6183038C4.e.4564","ELEMENT":"f.393C77C539AF0175FCB39A24D69769D1.d.789CD64F9F00CF2E060ADDE6183038C4.e.4564"}]}
COMMAND: GET /session/a64399a1195f4b74d2f6139fc8fd5cd0/screenshot - {}
]]></system-out>
    </testcase>
    <testcase classname="chrome.136_0_7103_93.windows.Prerequisites_&amp;_test_for_yard_mass_return_on_Yard_Overview_US131057" name="Prerq Should do a provide to site handover" time="66.155">
      <system-out><![CDATA[
COMMAND: POST /session/a64399a1195f4b74d2f6139fc8fd5cd0/element - {"using":"xpath","value":"//button[@data-kt=\"provideButton\"]"}
RESULT: {}
RESULT: {"using":"xpath","value":"//button[@data-kt=\"provideButton\"]"}
COMMAND: POST /session/a64399a1195f4b74d2f6139fc8fd5cd0/element/f.393C77C539AF0175FCB39A24D69769D1.d.789CD64F9F00CF2E060ADDE6183038C4.e.4565/click - {}
RESULT: {}
COMMAND: GET /session/a64399a1195f4b74d2f6139fc8fd5cd0/screenshot - {}
RESULT: {}
RESULT: undefined
COMMAND: POST /session/a64399a1195f4b74d2f6139fc8fd5cd0/execute/async - {"script":"<script> [6424 bytes]","args":[{"element-6066-11e4-a52e-4f735466cecf":"f.393C77C539AF0175FCB39A24D69769D1.d.789CD64F9F00CF2E060ADDE6183038C4.e.3582"},"setValue",["5/23/25"]]}
COMMAND: POST /session/a64399a1195f4b74d2f6139fc8fd5cd0/execute/async - {"script":"<script> [1562 bytes]","args":[{"selector":{"id":"application-managehandovers-display-component---AddNewHO--dueDate","interaction":{"idSuffix":"inner"}},"wdio_ui5_key":"applicationmanagehandovers-display-component---AddNewHO--dueDate"}]}
RESULT: {"script":"<script> [1562 bytes]","args":[{"selector":{"id":"application-managehandovers-display-component---AddNewHO--dueDate","interaction":{"idSuffix":"inner"}},"wdio_ui5_key":"applicationmanagehandovers-display-component---AddNewHO--dueDate"}]}
COMMAND: POST /session/a64399a1195f4b74d2f6139fc8fd5cd0/execute/async - {"script":"<script> [6424 bytes]","args":[{"element-6066-11e4-a52e-4f735466cecf":"f.393C77C539AF0175FCB39A24D69769D1.d.789CD64F9F00CF2E060ADDE6183038C4.e.4655"},"setValue",["5/23/25"]]}
RESULT: {"script":"<script> [6424 bytes]","args":[{"element-6066-11e4-a52e-4f735466cecf":"f.393C77C539AF0175FCB39A24D69769D1.d.789CD64F9F00CF2E060ADDE6183038C4.e.4655"},"setValue",["5/23/25"]]}
COMMAND: POST /session/a64399a1195f4b74d2f6139fc8fd5cd0/element - {"using":"xpath","value":"//bdi[contains(text(), \"Instructions\")]"}
RESULT: {"using":"xpath","value":"//bdi[contains(text(), \"Instructions\")]"}
COMMAND: POST /session/a64399a1195f4b74d2f6139fc8fd5cd0/element/f.393C77C539AF0175FCB39A24D69769D1.d.789CD64F9F00CF2E060ADDE6183038C4.e.4872/click - {}
RESULT: {}
COMMAND: GET /session/a64399a1195f4b74d2f6139fc8fd5cd0/screenshot - {}
RESULT: {}
COMMAND: POST /session/a64399a1195f4b74d2f6139fc8fd5cd0/element - {"using":"xpath","value":"//button[@data-kt=\"AddNewHOProvideAddItemsButton\"]"}
RESULT: {"using":"xpath","value":"//button[@data-kt=\"AddNewHOProvideAddItemsButton\"]"}
COMMAND: POST /session/a64399a1195f4b74d2f6139fc8fd5cd0/element/f.393C77C539AF0175FCB39A24D69769D1.d.789CD64F9F00CF2E060ADDE6183038C4.e.4876/click - {}
RESULT: {}
COMMAND: GET /session/a64399a1195f4b74d2f6139fc8fd5cd0/screenshot - {}
RESULT: {}
RESULT: undefined
COMMAND: POST /session/a64399a1195f4b74d2f6139fc8fd5cd0/element - {"using":"xpath","value":"//*[@id=\"application-managehandovers-display-component---AddNewHO--popup-sa\"]"}
RESULT: {"using":"xpath","value":"//*[@id=\"application-managehandovers-display-component---AddNewHO--popup-sa\"]"}
COMMAND: POST /session/a64399a1195f4b74d2f6139fc8fd5cd0/element/f.393C77C539AF0175FCB39A24D69769D1.d.789CD64F9F00CF2E060ADDE6183038C4.e.4885/click - {}
RESULT: {}
COMMAND: GET /session/a64399a1195f4b74d2f6139fc8fd5cd0/screenshot - {}
RESULT: {}
COMMAND: POST /session/a64399a1195f4b74d2f6139fc8fd5cd0/element - {"using":"xpath","value":"//*[contains(@id ,\"BDI-content\")][contains(text(), \"Select\")]"}
RESULT: {"using":"xpath","value":"//*[contains(@id ,\"BDI-content\")][contains(text(), \"Select\")]"}
COMMAND: POST /session/a64399a1195f4b74d2f6139fc8fd5cd0/element/f.393C77C539AF0175FCB39A24D69769D1.d.789CD64F9F00CF2E060ADDE6183038C4.e.4887/click - {}
RESULT: {}
COMMAND: GET /session/a64399a1195f4b74d2f6139fc8fd5cd0/screenshot - {}
RESULT: {}
COMMAND: POST /session/a64399a1195f4b74d2f6139fc8fd5cd0/execute/async - {"script":"<script> [1562 bytes]","args":[{"selector":{"id":"application-managehandovers-display-component---AddNewHO--confirmCreationButton","interaction":{"idSuffix":"BDI-content"}},"wdio_ui5_key":"applicationmanagehandovers-display-component---AddNewHO--confirmCreationButton"}]}
RESULT: {"script":"<script> [1562 bytes]","args":[{"selector":{"id":"application-managehandovers-display-component---AddNewHO--confirmCreationButton","interaction":{"idSuffix":"BDI-content"}},"wdio_ui5_key":"applicationmanagehandovers-display-component---AddNewHO--confirmCreationButton"}]}
RESULT: undefined
COMMAND: POST /session/a64399a1195f4b74d2f6139fc8fd5cd0/element - {"using":"xpath","value":"//*[@id=\"application-managehandovers-display-component---AddNewHO--confirmCreationButton\"]"}
RESULT: {"using":"xpath","value":"//*[@id=\"application-managehandovers-display-component---AddNewHO--confirmCreationButton\"]"}
COMMAND: POST /session/a64399a1195f4b74d2f6139fc8fd5cd0/element/f.393C77C539AF0175FCB39A24D69769D1.d.789CD64F9F00CF2E060ADDE6183038C4.e.4702/click - {}
RESULT: {}
COMMAND: GET /session/a64399a1195f4b74d2f6139fc8fd5cd0/screenshot - {}
RESULT: {}
COMMAND: POST /session/a64399a1195f4b74d2f6139fc8fd5cd0/execute/async - {"script":"<script> [1562 bytes]","args":[{"selector":{"id":"issueDatePicker","viewName":"etm.portal.ui.managehandovers.view.DetailExecuteHO","interaction":{"idSuffix":"inner"}},"wdio_ui5_key":"issueDatePickeretmportal.ui.managehandovers.view.DetailExecuteHO"}]}
RESULT: {"script":"<script> [1562 bytes]","args":[{"selector":{"id":"issueDatePicker","viewName":"etm.portal.ui.managehandovers.view.DetailExecuteHO","interaction":{"idSuffix":"inner"}},"wdio_ui5_key":"issueDatePickeretmportal.ui.managehandovers.view.DetailExecuteHO"}]}
RESULT: undefined
COMMAND: POST /session/a64399a1195f4b74d2f6139fc8fd5cd0/execute/async - {"script":"<script> [776 bytes]","args":[{"enterText":"5/23/25","selector":{"id":"issueDatePicker","viewName":"etm.portal.ui.managehandovers.view.DetailExecuteHO","interaction":{"idSuffix":"inner"}},"clearTextFirst":true,"interactionType":"ENTER_TEXT"}]}
RESULT: {"script":"<script> [776 bytes]","args":[{"enterText":"5/23/25","selector":{"id":"issueDatePicker","viewName":"etm.portal.ui.managehandovers.view.DetailExecuteHO","interaction":{"idSuffix":"inner"}},"clearTextFirst":true,"interactionType":"ENTER_TEXT"}]}
COMMAND: POST /session/a64399a1195f4b74d2f6139fc8fd5cd0/element - {"using":"xpath","value":"//button[@data-kt=\"PickingTableConfirmAllButton\"]"}
RESULT: {"using":"xpath","value":"//button[@data-kt=\"PickingTableConfirmAllButton\"]"}
COMMAND: POST /session/a64399a1195f4b74d2f6139fc8fd5cd0/element/f.393C77C539AF0175FCB39A24D69769D1.d.789CD64F9F00CF2E060ADDE6183038C4.e.4944/click - {}
RESULT: {}
COMMAND: GET /session/a64399a1195f4b74d2f6139fc8fd5cd0/screenshot - {}
RESULT: {}
COMMAND: POST /session/a64399a1195f4b74d2f6139fc8fd5cd0/element - {"using":"xpath","value":"//bdi[contains(text(), \"OK\")]"}
RESULT: {"using":"xpath","value":"//bdi[contains(text(), \"OK\")]"}
COMMAND: POST /session/a64399a1195f4b74d2f6139fc8fd5cd0/element/f.393C77C539AF0175FCB39A24D69769D1.d.789CD64F9F00CF2E060ADDE6183038C4.e.4947/click - {}
RESULT: {}
COMMAND: GET /session/a64399a1195f4b74d2f6139fc8fd5cd0/screenshot - {}
RESULT: {}
COMMAND: POST /session/a64399a1195f4b74d2f6139fc8fd5cd0/element - {"using":"xpath","value":"//bdi[contains(text(), \"Issue\")]"}
RESULT: {"using":"xpath","value":"//bdi[contains(text(), \"Issue\")]"}
COMMAND: POST /session/a64399a1195f4b74d2f6139fc8fd5cd0/element/f.393C77C539AF0175FCB39A24D69769D1.d.789CD64F9F00CF2E060ADDE6183038C4.e.4949/click - {}
RESULT: {}
COMMAND: GET /session/a64399a1195f4b74d2f6139fc8fd5cd0/screenshot - {}
RESULT: {}
COMMAND: POST /session/a64399a1195f4b74d2f6139fc8fd5cd0/element - {"using":"css selector","value":"#shell-header-logo"}
RESULT: {"using":"css selector","value":"#shell-header-logo"}
COMMAND: POST /session/a64399a1195f4b74d2f6139fc8fd5cd0/element/f.393C77C539AF0175FCB39A24D69769D1.d.789CD64F9F00CF2E060ADDE6183038C4.e.3990/click - {}
RESULT: {}
COMMAND: GET /session/a64399a1195f4b74d2f6139fc8fd5cd0/screenshot - {}
RESULT: {}
]]></system-out>
    </testcase>
    <testcase classname="chrome.136_0_7103_93.windows.Prerequisites_&amp;_test_for_yard_mass_return_on_Yard_Overview_US131057" name="Should do mass return on Yard Overview US131057" time="54.438">
      <system-out><![CDATA[
COMMAND: POST /session/a64399a1195f4b74d2f6139fc8fd5cd0/execute/async - {"script":"<script> [1562 bytes]","args":[{"selector":{"controlType":"sap.m.GenericTile","properties":{"header":"Yard Overview"}},"wdio_ui5_key":"sapm.GenericTile{\"header\":\"Yard Overview\"}"}]}
RESULT: {"script":"<script> [1562 bytes]","args":[{"selector":{"controlType":"sap.m.GenericTile","properties":{"header":"Yard Overview"}},"wdio_ui5_key":"sapm.GenericTile{\"header\":\"Yard Overview\"}"}]}
RESULT: undefined
COMMAND: POST /session/a64399a1195f4b74d2f6139fc8fd5cd0/element - {"using":"xpath","value":"//*[@id=\"__tile102\"]"}
RESULT: {"using":"xpath","value":"//*[@id=\"__tile102\"]"}
COMMAND: POST /session/a64399a1195f4b74d2f6139fc8fd5cd0/element/f.393C77C539AF0175FCB39A24D69769D1.d.789CD64F9F00CF2E060ADDE6183038C4.e.5128/click - {}
RESULT: {}
COMMAND: GET /session/a64399a1195f4b74d2f6139fc8fd5cd0/screenshot - {}
RESULT: {}
COMMAND: POST /session/a64399a1195f4b74d2f6139fc8fd5cd0/elements - {"using":"xpath","value":"//span[text()='Error']"}
RESULT: {"using":"xpath","value":"//span[text()='Error']"}
COMMAND: POST /session/a64399a1195f4b74d2f6139fc8fd5cd0/element - {"using":"xpath","value":"//input[contains(@id,\"application-yardoverview-display-component---masterYardInventory--smartFilterBar-btnBasicSearch-I\")]"}
RESULT: {"using":"xpath","value":"//input[contains(@id,\"application-yardoverview-display-component---masterYardInventory--smartFilterBar-btnBasicSearch-I\")]"}
COMMAND: POST /session/a64399a1195f4b74d2f6139fc8fd5cd0/elements - {"using":"xpath","value":"//input[contains(@id,\"application-yardoverview-display-component---masterYardInventory--smartFilterBar-btnBasicSearch-I\")]"}
RESULT: {"using":"xpath","value":"//input[contains(@id,\"application-yardoverview-display-component---masterYardInventory--smartFilterBar-btnBasicSearch-I\")]"}
COMMAND: POST /session/a64399a1195f4b74d2f6139fc8fd5cd0/execute/sync - {"script":"<script> [8489 bytes]","args":[{"element-6066-11e4-a52e-4f735466cecf":"f.393C77C539AF0175FCB39A24D69769D1.d.789CD64F9F00CF2E060ADDE6183038C4.e.5149","ELEMENT":"f.393C77C539AF0175FCB39A24D69769D1.d.789CD64F9F00CF2E060ADDE6183038C4.e.5149"}]}
RESULT: {"script":"<script> [8489 bytes]","args":[{"element-6066-11e4-a52e-4f735466cecf":"f.393C77C539AF0175FCB39A24D69769D1.d.789CD64F9F00CF2E060ADDE6183038C4.e.5149","ELEMENT":"f.393C77C539AF0175FCB39A24D69769D1.d.789CD64F9F00CF2E060ADDE6183038C4.e.5149"}]}
COMMAND: GET /session/a64399a1195f4b74d2f6139fc8fd5cd0/element/f.393C77C539AF0175FCB39A24D69769D1.d.789CD64F9F00CF2E060ADDE6183038C4.e.5149/enabled - {}
COMMAND: GET /session/a64399a1195f4b74d2f6139fc8fd5cd0/screenshot - {}
RESULT: {}
COMMAND: POST /session/a64399a1195f4b74d2f6139fc8fd5cd0/execute/sync - {"script":"<script> [8489 bytes]","args":[{"element-6066-11e4-a52e-4f735466cecf":"f.393C77C539AF0175FCB39A24D69769D1.d.789CD64F9F00CF2E060ADDE6183038C4.e.5149","ELEMENT":"f.393C77C539AF0175FCB39A24D69769D1.d.789CD64F9F00CF2E060ADDE6183038C4.e.5149"}]}
COMMAND: GET /session/a64399a1195f4b74d2f6139fc8fd5cd0/screenshot - {}
RESULT: {}
RESULT: {"script":"<script> [8489 bytes]","args":[{"element-6066-11e4-a52e-4f735466cecf":"f.393C77C539AF0175FCB39A24D69769D1.d.789CD64F9F00CF2E060ADDE6183038C4.e.5149","ELEMENT":"f.393C77C539AF0175FCB39A24D69769D1.d.789CD64F9F00CF2E060ADDE6183038C4.e.5149"}]}
COMMAND: POST /session/a64399a1195f4b74d2f6139fc8fd5cd0/execute/sync - {"script":"<script> [5351 bytes]","args":[{"element-6066-11e4-a52e-4f735466cecf":"f.393C77C539AF0175FCB39A24D69769D1.d.789CD64F9F00CF2E060ADDE6183038C4.e.5149","ELEMENT":"f.393C77C539AF0175FCB39A24D69769D1.d.789CD64F9F00CF2E060ADDE6183038C4.e.5149"}]}
COMMAND: GET /session/a64399a1195f4b74d2f6139fc8fd5cd0/screenshot - {}
RESULT: {}
RESULT: {"script":"<script> [5351 bytes]","args":[{"element-6066-11e4-a52e-4f735466cecf":"f.393C77C539AF0175FCB39A24D69769D1.d.789CD64F9F00CF2E060ADDE6183038C4.e.5149","ELEMENT":"f.393C77C539AF0175FCB39A24D69769D1.d.789CD64F9F00CF2E060ADDE6183038C4.e.5149"}]}
COMMAND: GET /session/a64399a1195f4b74d2f6139fc8fd5cd0/screenshot - {}
RESULT: {}
RESULT: {}
COMMAND: POST /session/a64399a1195f4b74d2f6139fc8fd5cd0/execute/async - {"script":"<script> [1562 bytes]","args":[{"selector":{"id":"application-yardoverview-display-component---masterYardInventory--smartFilterBar-btnBasicSearch","interaction":{"idSuffix":"I"}},"wdio_ui5_key":"applicationyardoverview-display-component---masterYardInventory--smartFilterBar-btnBasicSearch"}]}
RESULT: {"script":"<script> [1562 bytes]","args":[{"selector":{"id":"application-yardoverview-display-component---masterYardInventory--smartFilterBar-btnBasicSearch","interaction":{"idSuffix":"I"}},"wdio_ui5_key":"applicationyardoverview-display-component---masterYardInventory--smartFilterBar-btnBasicSearch"}]}
RESULT: undefined
COMMAND: POST /session/a64399a1195f4b74d2f6139fc8fd5cd0/execute/async - {"script":"<script> [776 bytes]","args":[{"enterText":"226","selector":{"id":"application-yardoverview-display-component---masterYardInventory--smartFilterBar-btnBasicSearch","interaction":{"idSuffix":"I"}},"clearTextFirst":true,"interactionType":"ENTER_TEXT"}]}
RESULT: {"script":"<script> [776 bytes]","args":[{"enterText":"226","selector":{"id":"application-yardoverview-display-component---masterYardInventory--smartFilterBar-btnBasicSearch","interaction":{"idSuffix":"I"}},"clearTextFirst":true,"interactionType":"ENTER_TEXT"}]}
COMMAND: POST /session/a64399a1195f4b74d2f6139fc8fd5cd0/actions - {"actions":[{"id":"action14","type":"key","parameters":{},"actions":[{"type":"keyDown","value":""},{"type":"pause","duration":10},{"type":"keyUp","value":""}]}]}
RESULT: {"actions":[{"id":"action14","type":"key","parameters":{},"actions":[{"type":"keyDown","value":""},{"type":"pause","duration":10},{"type":"keyUp","value":""}]}]}
COMMAND: GET /session/a64399a1195f4b74d2f6139fc8fd5cd0/screenshot - {}
RESULT: {}
COMMAND: POST /session/a64399a1195f4b74d2f6139fc8fd5cd0/element - {"using":"xpath","value":"(//span[contains(@id, \"imgNav\")])[1]"}
RESULT: {"using":"xpath","value":"(//span[contains(@id, \"imgNav\")])[1]"}
COMMAND: POST /session/a64399a1195f4b74d2f6139fc8fd5cd0/element/f.393C77C539AF0175FCB39A24D69769D1.d.789CD64F9F00CF2E060ADDE6183038C4.e.5204/click - {}
RESULT: {}
COMMAND: GET /session/a64399a1195f4b74d2f6139fc8fd5cd0/screenshot - {}
RESULT: {}
COMMAND: POST /session/a64399a1195f4b74d2f6139fc8fd5cd0/execute/async - {"script":"<script> [1562 bytes]","args":[{"selector":{"id":"application-yardoverview-display-component---detailYardInventory--ObjectPageLayout-anchBar-application-yardoverview-display-component---detailYardInventory--openReturnsSection-anchor","interaction":{"idSuffix":"BDI-content"}},"wdio_ui5_key":"applicationyardoverview-display-component---detailYardInventory--ObjectPageLayout-anchBar-application-yardoverview-display-component---detailYardInventory--openReturnsSection-anchor"}]}
RESULT: {"script":"<script> [1562 bytes]","args":[{"selector":{"id":"application-yardoverview-display-component---detailYardInventory--ObjectPageLayout-anchBar-application-yardoverview-display-component---detailYardInventory--openReturnsSection-anchor","interaction":{"idSuffix":"BDI-content"}},"wdio_ui5_key":"applicationyardoverview-display-component---detailYardInventory--ObjectPageLayout-anchBar-application-yardoverview-display-component---detailYardInventory--openReturnsSection-anchor"}]}
RESULT: undefined
COMMAND: POST /session/a64399a1195f4b74d2f6139fc8fd5cd0/element - {"using":"xpath","value":"//*[@id=\"application-yardoverview-display-component---detailYardInventory--ObjectPageLayout-anchBar-application-yardoverview-display-component---detailYardInventory--openReturnsSection-anchor\"]"}
RESULT: {"using":"xpath","value":"//*[@id=\"application-yardoverview-display-component---detailYardInventory--ObjectPageLayout-anchBar-application-yardoverview-display-component---detailYardInventory--openReturnsSection-anchor\"]"}
COMMAND: POST /session/a64399a1195f4b74d2f6139fc8fd5cd0/element/f.393C77C539AF0175FCB39A24D69769D1.d.789CD64F9F00CF2E060ADDE6183038C4.e.5292/click - {}
RESULT: {}
COMMAND: GET /session/a64399a1195f4b74d2f6139fc8fd5cd0/screenshot - {}
RESULT: {}
COMMAND: POST /session/a64399a1195f4b74d2f6139fc8fd5cd0/execute/async - {"script":"<script> [1562 bytes]","args":[{"selector":{"id":"application-yardoverview-display-component---detailYardInventory--openReturns-triggerAction-returnBtn","interaction":{"idSuffix":"BDI-content"}},"wdio_ui5_key":"applicationyardoverview-display-component---detailYardInventory--openReturns-triggerAction-returnBtn"}]}
RESULT: {"script":"<script> [1562 bytes]","args":[{"selector":{"id":"application-yardoverview-display-component---detailYardInventory--openReturns-triggerAction-returnBtn","interaction":{"idSuffix":"BDI-content"}},"wdio_ui5_key":"applicationyardoverview-display-component---detailYardInventory--openReturns-triggerAction-returnBtn"}]}
RESULT: undefined
COMMAND: POST /session/a64399a1195f4b74d2f6139fc8fd5cd0/element - {"using":"xpath","value":"//*[@id=\"application-yardoverview-display-component---detailYardInventory--openReturns-triggerAction-returnBtn\"]"}
RESULT: {"using":"xpath","value":"//*[@id=\"application-yardoverview-display-component---detailYardInventory--openReturns-triggerAction-returnBtn\"]"}
COMMAND: POST /session/a64399a1195f4b74d2f6139fc8fd5cd0/element/f.393C77C539AF0175FCB39A24D69769D1.d.789CD64F9F00CF2E060ADDE6183038C4.e.5315/click - {}
RESULT: {}
COMMAND: GET /session/a64399a1195f4b74d2f6139fc8fd5cd0/screenshot - {}
RESULT: {}
COMMAND: POST /session/a64399a1195f4b74d2f6139fc8fd5cd0/element - {"using":"xpath","value":"//div[@id=\"application-yardoverview-display-component---detailYardInventory--customReturnsTable-sa-CbBg\"]"}
RESULT: {"using":"xpath","value":"//div[@id=\"application-yardoverview-display-component---detailYardInventory--customReturnsTable-sa-CbBg\"]"}
COMMAND: POST /session/a64399a1195f4b74d2f6139fc8fd5cd0/execute/sync - {"script":"<script> [8489 bytes]","args":[{"element-6066-11e4-a52e-4f735466cecf":"f.393C77C539AF0175FCB39A24D69769D1.d.789CD64F9F00CF2E060ADDE6183038C4.e.5333","ELEMENT":"f.393C77C539AF0175FCB39A24D69769D1.d.789CD64F9F00CF2E060ADDE6183038C4.e.5333"}]}
RESULT: {"script":"<script> [8489 bytes]","args":[{"element-6066-11e4-a52e-4f735466cecf":"f.393C77C539AF0175FCB39A24D69769D1.d.789CD64F9F00CF2E060ADDE6183038C4.e.5333","ELEMENT":"f.393C77C539AF0175FCB39A24D69769D1.d.789CD64F9F00CF2E060ADDE6183038C4.e.5333"}]}
COMMAND: POST /session/a64399a1195f4b74d2f6139fc8fd5cd0/execute/sync - {"script":"<script> [5351 bytes]","args":[{"element-6066-11e4-a52e-4f735466cecf":"f.393C77C539AF0175FCB39A24D69769D1.d.789CD64F9F00CF2E060ADDE6183038C4.e.5333","ELEMENT":"f.393C77C539AF0175FCB39A24D69769D1.d.789CD64F9F00CF2E060ADDE6183038C4.e.5333"}]}
COMMAND: GET /session/a64399a1195f4b74d2f6139fc8fd5cd0/screenshot - {}
RESULT: {"script":"<script> [5351 bytes]","args":[{"element-6066-11e4-a52e-4f735466cecf":"f.393C77C539AF0175FCB39A24D69769D1.d.789CD64F9F00CF2E060ADDE6183038C4.e.5333","ELEMENT":"f.393C77C539AF0175FCB39A24D69769D1.d.789CD64F9F00CF2E060ADDE6183038C4.e.5333"}]}
COMMAND: POST /session/a64399a1195f4b74d2f6139fc8fd5cd0/element/f.393C77C539AF0175FCB39A24D69769D1.d.789CD64F9F00CF2E060ADDE6183038C4.e.5333/click - {}
COMMAND: GET /session/a64399a1195f4b74d2f6139fc8fd5cd0/screenshot - {}
RESULT: {}
RESULT: {}
COMMAND: GET /session/a64399a1195f4b74d2f6139fc8fd5cd0/screenshot - {}
RESULT: {}
RESULT: {}
COMMAND: POST /session/a64399a1195f4b74d2f6139fc8fd5cd0/actions - {"actions":[{"id":"action15","type":"key","parameters":{},"actions":[{"type":"keyDown","value":""},{"type":"pause","duration":10},{"type":"keyUp","value":""}]}]}
RESULT: {"actions":[{"id":"action15","type":"key","parameters":{},"actions":[{"type":"keyDown","value":""},{"type":"pause","duration":10},{"type":"keyUp","value":""}]}]}
COMMAND: POST /session/a64399a1195f4b74d2f6139fc8fd5cd0/element - {"using":"xpath","value":"//bdi[text()=\"Return\"]"}
COMMAND: GET /session/a64399a1195f4b74d2f6139fc8fd5cd0/screenshot - {}
RESULT: {"using":"xpath","value":"//bdi[text()=\"Return\"]"}
COMMAND: POST /session/a64399a1195f4b74d2f6139fc8fd5cd0/execute/sync - {"script":"<script> [8489 bytes]","args":[{"element-6066-11e4-a52e-4f735466cecf":"f.393C77C539AF0175FCB39A24D69769D1.d.789CD64F9F00CF2E060ADDE6183038C4.e.5314","ELEMENT":"f.393C77C539AF0175FCB39A24D69769D1.d.789CD64F9F00CF2E060ADDE6183038C4.e.5314"}]}
RESULT: {}
RESULT: {"script":"<script> [8489 bytes]","args":[{"element-6066-11e4-a52e-4f735466cecf":"f.393C77C539AF0175FCB39A24D69769D1.d.789CD64F9F00CF2E060ADDE6183038C4.e.5314","ELEMENT":"f.393C77C539AF0175FCB39A24D69769D1.d.789CD64F9F00CF2E060ADDE6183038C4.e.5314"}]}
COMMAND: POST /session/a64399a1195f4b74d2f6139fc8fd5cd0/execute/sync - {"script":"<script> [5351 bytes]","args":[{"element-6066-11e4-a52e-4f735466cecf":"f.393C77C539AF0175FCB39A24D69769D1.d.789CD64F9F00CF2E060ADDE6183038C4.e.5314","ELEMENT":"f.393C77C539AF0175FCB39A24D69769D1.d.789CD64F9F00CF2E060ADDE6183038C4.e.5314"}]}
COMMAND: GET /session/a64399a1195f4b74d2f6139fc8fd5cd0/screenshot - {}
RESULT: {"script":"<script> [5351 bytes]","args":[{"element-6066-11e4-a52e-4f735466cecf":"f.393C77C539AF0175FCB39A24D69769D1.d.789CD64F9F00CF2E060ADDE6183038C4.e.5314","ELEMENT":"f.393C77C539AF0175FCB39A24D69769D1.d.789CD64F9F00CF2E060ADDE6183038C4.e.5314"}]}
COMMAND: POST /session/a64399a1195f4b74d2f6139fc8fd5cd0/element/f.393C77C539AF0175FCB39A24D69769D1.d.789CD64F9F00CF2E060ADDE6183038C4.e.5314/click - {}
COMMAND: GET /session/a64399a1195f4b74d2f6139fc8fd5cd0/screenshot - {}
RESULT: {}
RESULT: {}
COMMAND: POST /session/a64399a1195f4b74d2f6139fc8fd5cd0/execute/async - {"script":"<script> [1562 bytes]","args":[{"selector":{"controlType":"sap.m.Text","properties":{"text":"Mass Create Handovers process was executed with success!"},"searchOpenDialogs":true},"wdio_ui5_key":"sapm.Text{\"text\":\"Mass Create Handovers process was executed with success!\"}"}]}
COMMAND: GET /session/a64399a1195f4b74d2f6139fc8fd5cd0/screenshot - {}
RESULT: {}
RESULT: {"script":"<script> [1562 bytes]","args":[{"selector":{"controlType":"sap.m.Text","properties":{"text":"Mass Create Handovers process was executed with success!"},"searchOpenDialogs":true},"wdio_ui5_key":"sapm.Text{\"text\":\"Mass Create Handovers process was executed with success!\"}"}]}
RESULT: undefined
COMMAND: POST /session/a64399a1195f4b74d2f6139fc8fd5cd0/execute/async - {"script":"<script> [6424 bytes]","args":[{"element-6066-11e4-a52e-4f735466cecf":"f.393C77C539AF0175FCB39A24D69769D1.d.789CD64F9F00CF2E060ADDE6183038C4.e.5336"},"getText",[]]}
RESULT: {}
RESULT: {"script":"<script> [6424 bytes]","args":[{"element-6066-11e4-a52e-4f735466cecf":"f.393C77C539AF0175FCB39A24D69769D1.d.789CD64F9F00CF2E060ADDE6183038C4.e.5336"},"getText",[]]}
COMMAND: POST /session/a64399a1195f4b74d2f6139fc8fd5cd0/execute/async - {"script":"<script> [1562 bytes]","args":[{"selector":{"controlType":"sap.m.Button","properties":{"text":"OK"},"searchOpenDialogs":true,"interaction":{"idSuffix":"BDI-content"}},"wdio_ui5_key":"sapm.Button{\"text\":\"OK\"}"}]}
RESULT: {"script":"<script> [1562 bytes]","args":[{"selector":{"controlType":"sap.m.Button","properties":{"text":"OK"},"searchOpenDialogs":true,"interaction":{"idSuffix":"BDI-content"}},"wdio_ui5_key":"sapm.Button{\"text\":\"OK\"}"}]}
RESULT: undefined
COMMAND: POST /session/a64399a1195f4b74d2f6139fc8fd5cd0/element - {"using":"xpath","value":"//*[@id=\"__mbox-btn-6\"]"}
RESULT: {"using":"xpath","value":"//*[@id=\"__mbox-btn-6\"]"}
COMMAND: POST /session/a64399a1195f4b74d2f6139fc8fd5cd0/element/f.393C77C539AF0175FCB39A24D69769D1.d.789CD64F9F00CF2E060ADDE6183038C4.e.5335/click - {}
RESULT: {}
COMMAND: GET /session/a64399a1195f4b74d2f6139fc8fd5cd0/screenshot - {}
RESULT: {}
COMMAND: POST /session/a64399a1195f4b74d2f6139fc8fd5cd0/execute/async - {"script":"<script> [1562 bytes]","args":[{"selector":{"controlType":"sap.m.Text","viewName":"etm.portal.ui.yardoverview.view.Detail","viewId":"application-yardoverview-display-component---detailYardInventory","bindingPath":{"path":"","propertyPath":"STATUS_DESC"}},"wdio_ui5_key":"etmportal.ui.yardoverview.view.Detailsap.m.Text{\"path\":\"\",\"propertyPath\":\"STATUS_DESC\"}"}]}
RESULT: {"script":"<script> [1562 bytes]","args":[{"selector":{"controlType":"sap.m.Text","viewName":"etm.portal.ui.yardoverview.view.Detail","viewId":"application-yardoverview-display-component---detailYardInventory","bindingPath":{"path":"","propertyPath":"STATUS_DESC"}},"wdio_ui5_key":"etmportal.ui.yardoverview.view.Detailsap.m.Text{\"path\":\"\",\"propertyPath\":\"STATUS_DESC\"}"}]}
RESULT: undefined
COMMAND: POST /session/a64399a1195f4b74d2f6139fc8fd5cd0/execute/async - {"script":"<script> [6424 bytes]","args":[{"element-6066-11e4-a52e-4f735466cecf":"f.393C77C539AF0175FCB39A24D69769D1.d.789CD64F9F00CF2E060ADDE6183038C4.e.5338"},"getText",[]]}
RESULT: {"script":"<script> [6424 bytes]","args":[{"element-6066-11e4-a52e-4f735466cecf":"f.393C77C539AF0175FCB39A24D69769D1.d.789CD64F9F00CF2E060ADDE6183038C4.e.5338"},"getText",[]]}
COMMAND: POST /session/a64399a1195f4b74d2f6139fc8fd5cd0/element - {"using":"css selector","value":"#shell-header-logo"}
RESULT: {"using":"css selector","value":"#shell-header-logo"}
COMMAND: POST /session/a64399a1195f4b74d2f6139fc8fd5cd0/element/f.393C77C539AF0175FCB39A24D69769D1.d.789CD64F9F00CF2E060ADDE6183038C4.e.5130/click - {}
RESULT: {}
COMMAND: GET /session/a64399a1195f4b74d2f6139fc8fd5cd0/screenshot - {}
RESULT: {}
COMMAND: POST /session/a64399a1195f4b74d2f6139fc8fd5cd0/element - {"using":"css selector","value":"#j_username"}
COMMAND: POST /session/a64399a1195f4b74d2f6139fc8fd5cd0/url - {"url":"https://qa-testing-00-live-etm-ui.cfapps.eu10-004.hana.ondemand.com/"}
RESULT: {"using":"css selector","value":"#j_username"}
COMMAND: POST /session/a64399a1195f4b74d2f6139fc8fd5cd0/element - {"using":"css selector","value":"#j_username"}
RESULT: {"url":"https://qa-testing-00-live-etm-ui.cfapps.eu10-004.hana.ondemand.com/"}
RESULT: undefined
COMMAND: GET /session/a64399a1195f4b74d2f6139fc8fd5cd0/screenshot - {}
RESULT: {"using":"css selector","value":"#j_username"}
COMMAND: POST /session/a64399a1195f4b74d2f6139fc8fd5cd0/element - {"using":"css selector","value":"#shell-header-logo"}
RESULT: {}
RESULT: {"using":"css selector","value":"#shell-header-logo"}
COMMAND: POST /session/a64399a1195f4b74d2f6139fc8fd5cd0/execute/sync - {"script":"<script> [8489 bytes]","args":[{"element-6066-11e4-a52e-4f735466cecf":"f.393C77C539AF0175FCB39A24D69769D1.d.CA1B12614CCC445E39F9FC2C1DE5E5C3.e.5397","ELEMENT":"f.393C77C539AF0175FCB39A24D69769D1.d.CA1B12614CCC445E39F9FC2C1DE5E5C3.e.5397"}]}
RESULT: {"script":"<script> [8489 bytes]","args":[{"element-6066-11e4-a52e-4f735466cecf":"f.393C77C539AF0175FCB39A24D69769D1.d.CA1B12614CCC445E39F9FC2C1DE5E5C3.e.5397","ELEMENT":"f.393C77C539AF0175FCB39A24D69769D1.d.CA1B12614CCC445E39F9FC2C1DE5E5C3.e.5397"}]}
COMMAND: POST /session/a64399a1195f4b74d2f6139fc8fd5cd0/element - {"using":"css selector","value":"#shell-header-logo"}
COMMAND: GET /session/a64399a1195f4b74d2f6139fc8fd5cd0/screenshot - {}
RESULT: {"using":"css selector","value":"#shell-header-logo"}
COMMAND: POST /session/a64399a1195f4b74d2f6139fc8fd5cd0/execute/sync - {"script":"<script> [8489 bytes]","args":[{"element-6066-11e4-a52e-4f735466cecf":"f.393C77C539AF0175FCB39A24D69769D1.d.CA1B12614CCC445E39F9FC2C1DE5E5C3.e.5397","ELEMENT":"f.393C77C539AF0175FCB39A24D69769D1.d.CA1B12614CCC445E39F9FC2C1DE5E5C3.e.5397"}]}
RESULT: {}
RESULT: {"script":"<script> [8489 bytes]","args":[{"element-6066-11e4-a52e-4f735466cecf":"f.393C77C539AF0175FCB39A24D69769D1.d.CA1B12614CCC445E39F9FC2C1DE5E5C3.e.5397","ELEMENT":"f.393C77C539AF0175FCB39A24D69769D1.d.CA1B12614CCC445E39F9FC2C1DE5E5C3.e.5397"}]}
COMMAND: POST /session/a64399a1195f4b74d2f6139fc8fd5cd0/execute/sync - {"script":"<script> [5351 bytes]","args":[{"element-6066-11e4-a52e-4f735466cecf":"f.393C77C539AF0175FCB39A24D69769D1.d.CA1B12614CCC445E39F9FC2C1DE5E5C3.e.5397","ELEMENT":"f.393C77C539AF0175FCB39A24D69769D1.d.CA1B12614CCC445E39F9FC2C1DE5E5C3.e.5397"}]}
COMMAND: GET /session/a64399a1195f4b74d2f6139fc8fd5cd0/screenshot - {}
RESULT: {"script":"<script> [5351 bytes]","args":[{"element-6066-11e4-a52e-4f735466cecf":"f.393C77C539AF0175FCB39A24D69769D1.d.CA1B12614CCC445E39F9FC2C1DE5E5C3.e.5397","ELEMENT":"f.393C77C539AF0175FCB39A24D69769D1.d.CA1B12614CCC445E39F9FC2C1DE5E5C3.e.5397"}]}
COMMAND: POST /session/a64399a1195f4b74d2f6139fc8fd5cd0/element - {"using":"css selector","value":"#shell-header-logo"}
COMMAND: GET /session/a64399a1195f4b74d2f6139fc8fd5cd0/screenshot - {}
RESULT: {}
RESULT: {"using":"css selector","value":"#shell-header-logo"}
COMMAND: POST /session/a64399a1195f4b74d2f6139fc8fd5cd0/element/f.393C77C539AF0175FCB39A24D69769D1.d.CA1B12614CCC445E39F9FC2C1DE5E5C3.e.5397/click - {}
RESULT: {}
RESULT: {}
COMMAND: GET /session/a64399a1195f4b74d2f6139fc8fd5cd0/screenshot - {}
RESULT: {}
COMMAND: POST /session/a64399a1195f4b74d2f6139fc8fd5cd0/execute/async - {"script":"<script> [189 bytes]","args":[]}
RESULT: {"script":"<script> [189 bytes]","args":[]}
COMMAND: POST /session/a64399a1195f4b74d2f6139fc8fd5cd0/execute/async - {"script":"<script> [123 bytes]","args":[]}
RESULT: {"script":"<script> [123 bytes]","args":[]}
COMMAND: POST /session/a64399a1195f4b74d2f6139fc8fd5cd0/timeouts - {"script":"<number>"}
RESULT: {"script":"<number>"}
COMMAND: GET /session/a64399a1195f4b74d2f6139fc8fd5cd0/timeouts - {}
RESULT: {}
RESULT: undefined
COMMAND: POST /session/a64399a1195f4b74d2f6139fc8fd5cd0/execute/async - {"script":"<script> [2676 bytes]","args":[]}
RESULT: {"script":"<script> [2676 bytes]","args":[]}
COMMAND: POST /session/a64399a1195f4b74d2f6139fc8fd5cd0/execute/async - {"script":"<script> [2342 bytes]","args":[{"protocol":"http","hostname":"0.0.0.0","path":"/","capabilities":{"browserName":"chrome","goog:chromeOptions":{"binary":"C:\\Program Files\\Google\\Chrome\\Application\\chrome.exe","args":["--start-maximized"]}},"logLevel":"warn","connectionRetryTimeout":120000,"connectionRetryCount":3,"logLevels":{},"enableDirectConnect":true,"strictSSL":true,"_":"65 more keys: [\"cacheDir\",\"port\",\"requestedCapabilities\",\"automationProtocol\",\"baseUrl\",\"waitforInterval\",\"waitforTimeout\",\"onReload\",\"beforeCommand\",\"afterCommand\",\"rootDir\",\"specs\",\"suites\",\"exclude\",\"groupLogsByTestSpec\",\"excludeDriverLogs\",\"bail\",\"framework\",\"reporters\",\"services\",\"maxInstances\",\"maxInstancesPerCapability\",\"injectGlobals\",\"filesToWatch\",\"execArgv\",\"runnerEnv\",\"runner\",\"shard\",\"specFileRetries\",\"specFileRetriesDelay\",\"specFileRetriesDeferred\",\"reporterSyncInterval\",\"reporterSyncTimeout\",\"cucumberFeaturesWithLineNumbers\",\"autoCompileOpts\",\"mochaOpts\",\"jasmineOpts\",\"cucumberOpts\",\"onPrepare\",\"onWorkerStart\",\"onWorkerEnd\",\"before\",\"beforeSession\",\"beforeSuite\",\"beforeHook\",\"beforeTest\",\"afterTest\",\"afterHook\",\"afterSuite\",\"afterSession\",\"after\",\"onComplete\",\"beforeAssertion\",\"afterAssertion\",\"beforeFeature\",\"beforeScenario\",\"beforeStep\",\"afterStep\",\"afterScenario\",\"afterFeature\",\"_\",\"suite\",\"$0\",\"ignoredWorkerServices\",\"wdi5\"]"}]}
RESULT: {"script":"<script> [2342 bytes]","args":[{"protocol":"http","hostname":"0.0.0.0","path":"/","capabilities":{"browserName":"chrome","goog:chromeOptions":{"binary":"C:\\Program Files\\Google\\Chrome\\Application\\chrome.exe","args":["--start-maximized"]}},"logLevel":"warn","connectionRetryTimeout":120000,"connectionRetryCount":3,"logLevels":{},"enableDirectConnect":true,"strictSSL":true,"_":"65 more keys: [\"cacheDir\",\"port\",\"requestedCapabilities\",\"automationProtocol\",\"baseUrl\",\"waitforInterval\",\"waitforTimeout\",\"onReload\",\"beforeCommand\",\"afterCommand\",\"rootDir\",\"specs\",\"suites\",\"exclude\",\"groupLogsByTestSpec\",\"excludeDriverLogs\",\"bail\",\"framework\",\"reporters\",\"services\",\"maxInstances\",\"maxInstancesPerCapability\",\"injectGlobals\",\"filesToWatch\",\"execArgv\",\"runnerEnv\",\"runner\",\"shard\",\"specFileRetries\",\"specFileRetriesDelay\",\"specFileRetriesDeferred\",\"reporterSyncInterval\",\"reporterSyncTimeout\",\"cucumberFeaturesWithLineNumbers\",\"autoCompileOpts\",\"mochaOpts\",\"jasmineOpts\",\"cucumberOpts\",\"onPrepare\",\"onWorkerStart\",\"onWorkerEnd\",\"before\",\"beforeSession\",\"beforeSuite\",\"beforeHook\",\"beforeTest\",\"afterTest\",\"afterHook\",\"afterSuite\",\"afterSession\",\"after\",\"onComplete\",\"beforeAssertion\",\"afterAssertion\",\"beforeFeature\",\"beforeScenario\",\"beforeStep\",\"afterStep\",\"afterScenario\",\"afterFeature\",\"_\",\"suite\",\"$0\",\"ignoredWorkerServices\",\"wdi5\"]"}]}
COMMAND: POST /session/a64399a1195f4b74d2f6139fc8fd5cd0/execute/async - {"script":"<script> [21126 bytes]","args":[35000]}
RESULT: {"script":"<script> [21126 bytes]","args":[35000]}
COMMAND: POST /session/a64399a1195f4b74d2f6139fc8fd5cd0/window/maximize - {}
RESULT: {}
COMMAND: POST /session/a64399a1195f4b74d2f6139fc8fd5cd0/execute/async - {"script":"<script> [1562 bytes]","args":[{"selector":{"id":"shell-header","interaction":{"idSuffix":"icon"}},"wdio_ui5_key":"shellheader"}]}
COMMAND: GET /session/a64399a1195f4b74d2f6139fc8fd5cd0/screenshot - {}
RESULT: {"script":"<script> [1562 bytes]","args":[{"selector":{"id":"shell-header","interaction":{"idSuffix":"icon"}},"wdio_ui5_key":"shellheader"}]}
RESULT: undefined
COMMAND: POST /session/a64399a1195f4b74d2f6139fc8fd5cd0/refresh - {}
RESULT: {}
RESULT: {}
COMMAND: GET /session/a64399a1195f4b74d2f6139fc8fd5cd0/screenshot - {}
COMMAND: POST /session/a64399a1195f4b74d2f6139fc8fd5cd0/refresh - {}
RESULT: {}
RESULT: {}
COMMAND: GET /session/a64399a1195f4b74d2f6139fc8fd5cd0/screenshot - {}
RESULT: {}
COMMAND: POST /session/a64399a1195f4b74d2f6139fc8fd5cd0/window/fullscreen - {}
RESULT: {}
COMMAND: POST /session/a64399a1195f4b74d2f6139fc8fd5cd0/execute/async - {"script":"<script> [189 bytes]","args":[]}
RESULT: {"script":"<script> [189 bytes]","args":[]}
COMMAND: POST /session/a64399a1195f4b74d2f6139fc8fd5cd0/execute/async - {"script":"<script> [123 bytes]","args":[]}
RESULT: {"script":"<script> [123 bytes]","args":[]}
COMMAND: POST /session/a64399a1195f4b74d2f6139fc8fd5cd0/timeouts - {"script":"<number>"}
RESULT: {"script":"<number>"}
COMMAND: GET /session/a64399a1195f4b74d2f6139fc8fd5cd0/timeouts - {}
RESULT: {}
RESULT: undefined
COMMAND: POST /session/a64399a1195f4b74d2f6139fc8fd5cd0/execute/async - {"script":"<script> [2676 bytes]","args":[]}
RESULT: {"script":"<script> [2676 bytes]","args":[]}
COMMAND: POST /session/a64399a1195f4b74d2f6139fc8fd5cd0/execute/async - {"script":"<script> [2342 bytes]","args":[{"protocol":"http","hostname":"0.0.0.0","path":"/","capabilities":{"browserName":"chrome","goog:chromeOptions":{"binary":"C:\\Program Files\\Google\\Chrome\\Application\\chrome.exe","args":["--start-maximized"]}},"logLevel":"warn","connectionRetryTimeout":120000,"connectionRetryCount":3,"logLevels":{},"enableDirectConnect":true,"strictSSL":true,"_":"65 more keys: [\"cacheDir\",\"port\",\"requestedCapabilities\",\"automationProtocol\",\"baseUrl\",\"waitforInterval\",\"waitforTimeout\",\"onReload\",\"beforeCommand\",\"afterCommand\",\"rootDir\",\"specs\",\"suites\",\"exclude\",\"groupLogsByTestSpec\",\"excludeDriverLogs\",\"bail\",\"framework\",\"reporters\",\"services\",\"maxInstances\",\"maxInstancesPerCapability\",\"injectGlobals\",\"filesToWatch\",\"execArgv\",\"runnerEnv\",\"runner\",\"shard\",\"specFileRetries\",\"specFileRetriesDelay\",\"specFileRetriesDeferred\",\"reporterSyncInterval\",\"reporterSyncTimeout\",\"cucumberFeaturesWithLineNumbers\",\"autoCompileOpts\",\"mochaOpts\",\"jasmineOpts\",\"cucumberOpts\",\"onPrepare\",\"onWorkerStart\",\"onWorkerEnd\",\"before\",\"beforeSession\",\"beforeSuite\",\"beforeHook\",\"beforeTest\",\"afterTest\",\"afterHook\",\"afterSuite\",\"afterSession\",\"after\",\"onComplete\",\"beforeAssertion\",\"afterAssertion\",\"beforeFeature\",\"beforeScenario\",\"beforeStep\",\"afterStep\",\"afterScenario\",\"afterFeature\",\"_\",\"suite\",\"$0\",\"ignoredWorkerServices\",\"wdi5\"]"}]}
RESULT: {"script":"<script> [2342 bytes]","args":[{"protocol":"http","hostname":"0.0.0.0","path":"/","capabilities":{"browserName":"chrome","goog:chromeOptions":{"binary":"C:\\Program Files\\Google\\Chrome\\Application\\chrome.exe","args":["--start-maximized"]}},"logLevel":"warn","connectionRetryTimeout":120000,"connectionRetryCount":3,"logLevels":{},"enableDirectConnect":true,"strictSSL":true,"_":"65 more keys: [\"cacheDir\",\"port\",\"requestedCapabilities\",\"automationProtocol\",\"baseUrl\",\"waitforInterval\",\"waitforTimeout\",\"onReload\",\"beforeCommand\",\"afterCommand\",\"rootDir\",\"specs\",\"suites\",\"exclude\",\"groupLogsByTestSpec\",\"excludeDriverLogs\",\"bail\",\"framework\",\"reporters\",\"services\",\"maxInstances\",\"maxInstancesPerCapability\",\"injectGlobals\",\"filesToWatch\",\"execArgv\",\"runnerEnv\",\"runner\",\"shard\",\"specFileRetries\",\"specFileRetriesDelay\",\"specFileRetriesDeferred\",\"reporterSyncInterval\",\"reporterSyncTimeout\",\"cucumberFeaturesWithLineNumbers\",\"autoCompileOpts\",\"mochaOpts\",\"jasmineOpts\",\"cucumberOpts\",\"onPrepare\",\"onWorkerStart\",\"onWorkerEnd\",\"before\",\"beforeSession\",\"beforeSuite\",\"beforeHook\",\"beforeTest\",\"afterTest\",\"afterHook\",\"afterSuite\",\"afterSession\",\"after\",\"onComplete\",\"beforeAssertion\",\"afterAssertion\",\"beforeFeature\",\"beforeScenario\",\"beforeStep\",\"afterStep\",\"afterScenario\",\"afterFeature\",\"_\",\"suite\",\"$0\",\"ignoredWorkerServices\",\"wdi5\"]"}]}
COMMAND: POST /session/a64399a1195f4b74d2f6139fc8fd5cd0/execute/async - {"script":"<script> [21126 bytes]","args":[35000]}
RESULT: {"script":"<script> [21126 bytes]","args":[35000]}
COMMAND: POST /session/a64399a1195f4b74d2f6139fc8fd5cd0/window/fullscreen - {}
RESULT: {}
]]></system-out>
    </testcase>
  </testsuite>
  <testsuite timestamp="2025-05-23T16:52:40" time="407.283" tests="6" failures="0" errors="0" skipped="0">
    <properties>
      <property name="specId" value="0"/>
      <property name="suiteName" value="Yard Overview Autoplanning US130989"/>
      <property name="capabilities" value="chrome.136_0_7103_93.windows"/>
      <property name="file" value="file:///D:/a/1/s/test/specs/HTR/yard-overview-autoplanning.spec.js"/>
    </properties>
    <testcase classname="chrome.136_0_7103_93.windows.Yard_Overview_Autoplanning_US130989" name="Prereq Should create a new yard used for all following tests" time="0.012">
      <system-out><![CDATA[
COMMAND: POST /session/a64399a1195f4b74d2f6139fc8fd5cd0/window/fullscreen - {}
RESULT: {}
]]></system-out>
    </testcase>
    <testcase classname="chrome.136_0_7103_93.windows.Yard_Overview_Autoplanning_US130989" name="Prereq Should create a new partner" time="0.005"/>
    <testcase classname="chrome.136_0_7103_93.windows.Yard_Overview_Autoplanning_US130989" name="Prereq Should create a new site" time="0.005"/>
    <testcase classname="chrome.136_0_7103_93.windows.Yard_Overview_Autoplanning_US130989" name="Prereq Should create a new material with catalog selection" time="127.443">
      <system-out><![CDATA[
COMMAND: POST /session/a64399a1195f4b74d2f6139fc8fd5cd0/execute/async - {"script":"<script> [1562 bytes]","args":[{"selector":{"controlType":"sap.m.GenericTile","properties":{"header":"Manage Resources"}},"wdio_ui5_key":"sapm.GenericTile{\"header\":\"Manage Resources\"}"}]}
RESULT: {"script":"<script> [1562 bytes]","args":[{"selector":{"controlType":"sap.m.GenericTile","properties":{"header":"Manage Resources"}},"wdio_ui5_key":"sapm.GenericTile{\"header\":\"Manage Resources\"}"}]}
RESULT: undefined
COMMAND: POST /session/a64399a1195f4b74d2f6139fc8fd5cd0/element - {"using":"xpath","value":"//*[@id=\"__tile39\"]"}
RESULT: {"using":"xpath","value":"//*[@id=\"__tile39\"]"}
COMMAND: POST /session/a64399a1195f4b74d2f6139fc8fd5cd0/element/f.393C77C539AF0175FCB39A24D69769D1.d.E69A8633C4E0969170648692F04AFD55.e.5533/click - {}
RESULT: {}
COMMAND: GET /session/a64399a1195f4b74d2f6139fc8fd5cd0/screenshot - {}
RESULT: {}
COMMAND: POST /session/a64399a1195f4b74d2f6139fc8fd5cd0/elements - {"using":"xpath","value":"//span[text()='Error']"}
RESULT: {"using":"xpath","value":"//span[text()='Error']"}
COMMAND: POST /session/a64399a1195f4b74d2f6139fc8fd5cd0/element - {"using":"xpath","value":"//button[@data-kt=\"addNewRUOverflowToolbarButton\"]"}
RESULT: {"using":"xpath","value":"//button[@data-kt=\"addNewRUOverflowToolbarButton\"]"}
COMMAND: POST /session/a64399a1195f4b74d2f6139fc8fd5cd0/elements - {"using":"xpath","value":"//button[@data-kt=\"addNewRUOverflowToolbarButton\"]"}
RESULT: {"using":"xpath","value":"//button[@data-kt=\"addNewRUOverflowToolbarButton\"]"}
COMMAND: POST /session/a64399a1195f4b74d2f6139fc8fd5cd0/elements - {"using":"xpath","value":"//button[@data-kt=\"addNewRUOverflowToolbarButton\"]"}
RESULT: {"using":"xpath","value":"//button[@data-kt=\"addNewRUOverflowToolbarButton\"]"}
COMMAND: POST /session/a64399a1195f4b74d2f6139fc8fd5cd0/elements - {"using":"xpath","value":"//button[@data-kt=\"addNewRUOverflowToolbarButton\"]"}
RESULT: {"using":"xpath","value":"//button[@data-kt=\"addNewRUOverflowToolbarButton\"]"}
COMMAND: POST /session/a64399a1195f4b74d2f6139fc8fd5cd0/elements - {"using":"xpath","value":"//button[@data-kt=\"addNewRUOverflowToolbarButton\"]"}
RESULT: {"using":"xpath","value":"//button[@data-kt=\"addNewRUOverflowToolbarButton\"]"}
COMMAND: POST /session/a64399a1195f4b74d2f6139fc8fd5cd0/elements - {"using":"xpath","value":"//button[@data-kt=\"addNewRUOverflowToolbarButton\"]"}
RESULT: {"using":"xpath","value":"//button[@data-kt=\"addNewRUOverflowToolbarButton\"]"}
COMMAND: POST /session/a64399a1195f4b74d2f6139fc8fd5cd0/elements - {"using":"xpath","value":"//button[@data-kt=\"addNewRUOverflowToolbarButton\"]"}
RESULT: {"using":"xpath","value":"//button[@data-kt=\"addNewRUOverflowToolbarButton\"]"}
COMMAND: POST /session/a64399a1195f4b74d2f6139fc8fd5cd0/elements - {"using":"xpath","value":"//button[@data-kt=\"addNewRUOverflowToolbarButton\"]"}
RESULT: {"using":"xpath","value":"//button[@data-kt=\"addNewRUOverflowToolbarButton\"]"}
COMMAND: POST /session/a64399a1195f4b74d2f6139fc8fd5cd0/elements - {"using":"xpath","value":"//button[@data-kt=\"addNewRUOverflowToolbarButton\"]"}
RESULT: {"using":"xpath","value":"//button[@data-kt=\"addNewRUOverflowToolbarButton\"]"}
COMMAND: POST /session/a64399a1195f4b74d2f6139fc8fd5cd0/elements - {"using":"xpath","value":"//button[@data-kt=\"addNewRUOverflowToolbarButton\"]"}
RESULT: {"using":"xpath","value":"//button[@data-kt=\"addNewRUOverflowToolbarButton\"]"}
COMMAND: POST /session/a64399a1195f4b74d2f6139fc8fd5cd0/elements - {"using":"xpath","value":"//button[@data-kt=\"addNewRUOverflowToolbarButton\"]"}
RESULT: {"using":"xpath","value":"//button[@data-kt=\"addNewRUOverflowToolbarButton\"]"}
COMMAND: POST /session/a64399a1195f4b74d2f6139fc8fd5cd0/elements - {"using":"xpath","value":"//button[@data-kt=\"addNewRUOverflowToolbarButton\"]"}
RESULT: {"using":"xpath","value":"//button[@data-kt=\"addNewRUOverflowToolbarButton\"]"}
COMMAND: POST /session/a64399a1195f4b74d2f6139fc8fd5cd0/elements - {"using":"xpath","value":"//button[@data-kt=\"addNewRUOverflowToolbarButton\"]"}
RESULT: {"using":"xpath","value":"//button[@data-kt=\"addNewRUOverflowToolbarButton\"]"}
COMMAND: POST /session/a64399a1195f4b74d2f6139fc8fd5cd0/elements - {"using":"xpath","value":"//button[@data-kt=\"addNewRUOverflowToolbarButton\"]"}
RESULT: {"using":"xpath","value":"//button[@data-kt=\"addNewRUOverflowToolbarButton\"]"}
COMMAND: POST /session/a64399a1195f4b74d2f6139fc8fd5cd0/element - {"using":"xpath","value":"//button[@data-kt=\"addNewRUOverflowToolbarButton\"]"}
RESULT: {"using":"xpath","value":"//button[@data-kt=\"addNewRUOverflowToolbarButton\"]"}
COMMAND: POST /session/a64399a1195f4b74d2f6139fc8fd5cd0/execute/sync - {"script":"<script> [8489 bytes]","args":[{"element-6066-11e4-a52e-4f735466cecf":"f.393C77C539AF0175FCB39A24D69769D1.d.E69A8633C4E0969170648692F04AFD55.e.5660","ELEMENT":"f.393C77C539AF0175FCB39A24D69769D1.d.E69A8633C4E0969170648692F04AFD55.e.5660"}]}
RESULT: {"script":"<script> [8489 bytes]","args":[{"element-6066-11e4-a52e-4f735466cecf":"f.393C77C539AF0175FCB39A24D69769D1.d.E69A8633C4E0969170648692F04AFD55.e.5660","ELEMENT":"f.393C77C539AF0175FCB39A24D69769D1.d.E69A8633C4E0969170648692F04AFD55.e.5660"}]}
COMMAND: GET /session/a64399a1195f4b74d2f6139fc8fd5cd0/element/f.393C77C539AF0175FCB39A24D69769D1.d.E69A8633C4E0969170648692F04AFD55.e.5660/enabled - {}
COMMAND: GET /session/a64399a1195f4b74d2f6139fc8fd5cd0/screenshot - {}
RESULT: {}
COMMAND: POST /session/a64399a1195f4b74d2f6139fc8fd5cd0/execute/sync - {"script":"<script> [8489 bytes]","args":[{"element-6066-11e4-a52e-4f735466cecf":"f.393C77C539AF0175FCB39A24D69769D1.d.E69A8633C4E0969170648692F04AFD55.e.5660","ELEMENT":"f.393C77C539AF0175FCB39A24D69769D1.d.E69A8633C4E0969170648692F04AFD55.e.5660"}]}
COMMAND: GET /session/a64399a1195f4b74d2f6139fc8fd5cd0/screenshot - {}
RESULT: {}
RESULT: {"script":"<script> [8489 bytes]","args":[{"element-6066-11e4-a52e-4f735466cecf":"f.393C77C539AF0175FCB39A24D69769D1.d.E69A8633C4E0969170648692F04AFD55.e.5660","ELEMENT":"f.393C77C539AF0175FCB39A24D69769D1.d.E69A8633C4E0969170648692F04AFD55.e.5660"}]}
COMMAND: POST /session/a64399a1195f4b74d2f6139fc8fd5cd0/execute/sync - {"script":"<script> [5351 bytes]","args":[{"element-6066-11e4-a52e-4f735466cecf":"f.393C77C539AF0175FCB39A24D69769D1.d.E69A8633C4E0969170648692F04AFD55.e.5660","ELEMENT":"f.393C77C539AF0175FCB39A24D69769D1.d.E69A8633C4E0969170648692F04AFD55.e.5660"}]}
COMMAND: GET /session/a64399a1195f4b74d2f6139fc8fd5cd0/screenshot - {}
RESULT: {}
RESULT: {"script":"<script> [5351 bytes]","args":[{"element-6066-11e4-a52e-4f735466cecf":"f.393C77C539AF0175FCB39A24D69769D1.d.E69A8633C4E0969170648692F04AFD55.e.5660","ELEMENT":"f.393C77C539AF0175FCB39A24D69769D1.d.E69A8633C4E0969170648692F04AFD55.e.5660"}]}
COMMAND: POST /session/a64399a1195f4b74d2f6139fc8fd5cd0/element/f.393C77C539AF0175FCB39A24D69769D1.d.E69A8633C4E0969170648692F04AFD55.e.5660/click - {}
COMMAND: GET /session/a64399a1195f4b74d2f6139fc8fd5cd0/screenshot - {}
RESULT: {}
RESULT: {}
COMMAND: GET /session/a64399a1195f4b74d2f6139fc8fd5cd0/screenshot - {}
RESULT: {}
COMMAND: POST /session/a64399a1195f4b74d2f6139fc8fd5cd0/execute/async - {"script":"<script> [1562 bytes]","args":[{"selector":{"id":"application-manageresources-display-component---newResourceUnit--TYPE-arrow"},"wdio_ui5_key":"applicationmanageresources-display-component---newResourceUnit--TYPE-arrow"}]}
RESULT: {}
RESULT: {"script":"<script> [1562 bytes]","args":[{"selector":{"id":"application-manageresources-display-component---newResourceUnit--TYPE-arrow"},"wdio_ui5_key":"applicationmanageresources-display-component---newResourceUnit--TYPE-arrow"}]}
RESULT: undefined
COMMAND: POST /session/a64399a1195f4b74d2f6139fc8fd5cd0/element - {"using":"xpath","value":"//*[@id=\"application-manageresources-display-component---newResourceUnit--TYPE-arrow\"]"}
RESULT: {"using":"xpath","value":"//*[@id=\"application-manageresources-display-component---newResourceUnit--TYPE-arrow\"]"}
COMMAND: POST /session/a64399a1195f4b74d2f6139fc8fd5cd0/element/f.393C77C539AF0175FCB39A24D69769D1.d.E69A8633C4E0969170648692F04AFD55.e.6022/click - {}
RESULT: {}
COMMAND: POST /session/a64399a1195f4b74d2f6139fc8fd5cd0/element - {"using":"xpath","value":"//input[@id=\"application-manageresources-display-component---newResourceUnit--TYPE-inner\"]"}
COMMAND: GET /session/a64399a1195f4b74d2f6139fc8fd5cd0/screenshot - {}
RESULT: {"using":"xpath","value":"//input[@id=\"application-manageresources-display-component---newResourceUnit--TYPE-inner\"]"}
COMMAND: POST /session/a64399a1195f4b74d2f6139fc8fd5cd0/element/f.393C77C539AF0175FCB39A24D69769D1.d.E69A8633C4E0969170648692F04AFD55.e.6015/clear - {}
RESULT: {}
RESULT: {}
COMMAND: POST /session/a64399a1195f4b74d2f6139fc8fd5cd0/element/f.393C77C539AF0175FCB39A24D69769D1.d.E69A8633C4E0969170648692F04AFD55.e.6015/value - {"text":"Material"}
COMMAND: GET /session/a64399a1195f4b74d2f6139fc8fd5cd0/screenshot - {}
RESULT: {"text":"Material"}
COMMAND: GET /session/a64399a1195f4b74d2f6139fc8fd5cd0/screenshot - {}
RESULT: {}
RESULT: {}
COMMAND: POST /session/a64399a1195f4b74d2f6139fc8fd5cd0/actions - {"actions":[{"id":"action16","type":"key","parameters":{},"actions":[{"type":"keyDown","value":""},{"type":"pause","duration":10},{"type":"keyUp","value":""}]}]}
RESULT: {"actions":[{"id":"action16","type":"key","parameters":{},"actions":[{"type":"keyDown","value":""},{"type":"pause","duration":10},{"type":"keyUp","value":""}]}]}
COMMAND: POST /session/a64399a1195f4b74d2f6139fc8fd5cd0/execute/async - {"script":"<script> [1562 bytes]","args":[{"selector":{"id":"application-manageresources-display-component---newResourceUnit--SHORT_TEXT","interaction":{"idSuffix":"inner"}},"wdio_ui5_key":"applicationmanageresources-display-component---newResourceUnit--SHORT_TEXT"}]}
COMMAND: GET /session/a64399a1195f4b74d2f6139fc8fd5cd0/screenshot - {}
RESULT: {"script":"<script> [1562 bytes]","args":[{"selector":{"id":"application-manageresources-display-component---newResourceUnit--SHORT_TEXT","interaction":{"idSuffix":"inner"}},"wdio_ui5_key":"applicationmanageresources-display-component---newResourceUnit--SHORT_TEXT"}]}
RESULT: undefined
COMMAND: POST /session/a64399a1195f4b74d2f6139fc8fd5cd0/execute/async - {"script":"<script> [776 bytes]","args":[{"enterText":"Cement WDIO","selector":{"id":"application-manageresources-display-component---newResourceUnit--SHORT_TEXT","interaction":{"idSuffix":"inner"}},"clearTextFirst":true,"interactionType":"ENTER_TEXT"}]}
RESULT: {}
RESULT: {"script":"<script> [776 bytes]","args":[{"enterText":"Cement WDIO","selector":{"id":"application-manageresources-display-component---newResourceUnit--SHORT_TEXT","interaction":{"idSuffix":"inner"}},"clearTextFirst":true,"interactionType":"ENTER_TEXT"}]}
COMMAND: POST /session/a64399a1195f4b74d2f6139fc8fd5cd0/execute/async - {"script":"<script> [1562 bytes]","args":[{"selector":{"id":"application-manageresources-display-component---newResourceUnit--BASE_UNIT_OF_MEASURE","interaction":{"idSuffix":"inner"}},"wdio_ui5_key":"applicationmanageresources-display-component---newResourceUnit--BASE_UNIT_OF_MEASURE"}]}
RESULT: {"script":"<script> [1562 bytes]","args":[{"selector":{"id":"application-manageresources-display-component---newResourceUnit--BASE_UNIT_OF_MEASURE","interaction":{"idSuffix":"inner"}},"wdio_ui5_key":"applicationmanageresources-display-component---newResourceUnit--BASE_UNIT_OF_MEASURE"}]}
RESULT: undefined
COMMAND: POST /session/a64399a1195f4b74d2f6139fc8fd5cd0/execute/async - {"script":"<script> [776 bytes]","args":[{"enterText":"Piece","selector":{"id":"application-manageresources-display-component---newResourceUnit--BASE_UNIT_OF_MEASURE","interaction":{"idSuffix":"inner"}},"clearTextFirst":true,"interactionType":"ENTER_TEXT"}]}
RESULT: {"script":"<script> [776 bytes]","args":[{"enterText":"Piece","selector":{"id":"application-manageresources-display-component---newResourceUnit--BASE_UNIT_OF_MEASURE","interaction":{"idSuffix":"inner"}},"clearTextFirst":true,"interactionType":"ENTER_TEXT"}]}
COMMAND: POST /session/a64399a1195f4b74d2f6139fc8fd5cd0/execute/async - {"script":"<script> [1562 bytes]","args":[{"selector":{"id":"application-manageresources-display-component---newResourceUnit--WEIGHT_UNIT","interaction":{"idSuffix":"inner"}},"wdio_ui5_key":"applicationmanageresources-display-component---newResourceUnit--WEIGHT_UNIT"}]}
RESULT: {"script":"<script> [1562 bytes]","args":[{"selector":{"id":"application-manageresources-display-component---newResourceUnit--WEIGHT_UNIT","interaction":{"idSuffix":"inner"}},"wdio_ui5_key":"applicationmanageresources-display-component---newResourceUnit--WEIGHT_UNIT"}]}
RESULT: undefined
COMMAND: POST /session/a64399a1195f4b74d2f6139fc8fd5cd0/execute/async - {"script":"<script> [776 bytes]","args":[{"enterText":"Gram","selector":{"id":"application-manageresources-display-component---newResourceUnit--WEIGHT_UNIT","interaction":{"idSuffix":"inner"}},"clearTextFirst":true,"interactionType":"ENTER_TEXT"}]}
RESULT: {"script":"<script> [776 bytes]","args":[{"enterText":"Gram","selector":{"id":"application-manageresources-display-component---newResourceUnit--WEIGHT_UNIT","interaction":{"idSuffix":"inner"}},"clearTextFirst":true,"interactionType":"ENTER_TEXT"}]}
COMMAND: POST /session/a64399a1195f4b74d2f6139fc8fd5cd0/execute/async - {"script":"<script> [1562 bytes]","args":[{"selector":{"id":"application-manageresources-display-component---newResourceUnit--DIMENSION_UNIT","interaction":{"idSuffix":"inner"}},"wdio_ui5_key":"applicationmanageresources-display-component---newResourceUnit--DIMENSION_UNIT"}]}
RESULT: {"script":"<script> [1562 bytes]","args":[{"selector":{"id":"application-manageresources-display-component---newResourceUnit--DIMENSION_UNIT","interaction":{"idSuffix":"inner"}},"wdio_ui5_key":"applicationmanageresources-display-component---newResourceUnit--DIMENSION_UNIT"}]}
RESULT: undefined
COMMAND: POST /session/a64399a1195f4b74d2f6139fc8fd5cd0/execute/async - {"script":"<script> [776 bytes]","args":[{"enterText":"Meter","selector":{"id":"application-manageresources-display-component---newResourceUnit--DIMENSION_UNIT","interaction":{"idSuffix":"inner"}},"clearTextFirst":true,"interactionType":"ENTER_TEXT"}]}
RESULT: {"script":"<script> [776 bytes]","args":[{"enterText":"Meter","selector":{"id":"application-manageresources-display-component---newResourceUnit--DIMENSION_UNIT","interaction":{"idSuffix":"inner"}},"clearTextFirst":true,"interactionType":"ENTER_TEXT"}]}
COMMAND: POST /session/a64399a1195f4b74d2f6139fc8fd5cd0/execute/async - {"script":"<script> [1562 bytes]","args":[{"selector":{"id":"application-manageresources-display-component---newResourceUnit--newRRUPage-anchBar-application-manageresources-display-component---newResourceUnit--control-anchor","interaction":{"idSuffix":"BDI-content"}},"wdio_ui5_key":"applicationmanageresources-display-component---newResourceUnit--newRRUPage-anchBar-application-manageresources-display-component---newResourceUnit--control-anchor"}]}
RESULT: {"script":"<script> [1562 bytes]","args":[{"selector":{"id":"application-manageresources-display-component---newResourceUnit--newRRUPage-anchBar-application-manageresources-display-component---newResourceUnit--control-anchor","interaction":{"idSuffix":"BDI-content"}},"wdio_ui5_key":"applicationmanageresources-display-component---newResourceUnit--newRRUPage-anchBar-application-manageresources-display-component---newResourceUnit--control-anchor"}]}
RESULT: undefined
COMMAND: POST /session/a64399a1195f4b74d2f6139fc8fd5cd0/element - {"using":"xpath","value":"//*[@id=\"application-manageresources-display-component---newResourceUnit--newRRUPage-anchBar-application-manageresources-display-component---newResourceUnit--control-anchor\"]"}
RESULT: {"using":"xpath","value":"//*[@id=\"application-manageresources-display-component---newResourceUnit--newRRUPage-anchBar-application-manageresources-display-component---newResourceUnit--control-anchor\"]"}
COMMAND: POST /session/a64399a1195f4b74d2f6139fc8fd5cd0/element/f.393C77C539AF0175FCB39A24D69769D1.d.E69A8633C4E0969170648692F04AFD55.e.6155/click - {}
RESULT: {}
COMMAND: POST /session/a64399a1195f4b74d2f6139fc8fd5cd0/execute/async - {"script":"<script> [1562 bytes]","args":[{"selector":{"id":"application-manageresources-display-component---newResourceUnit--PLANNING_GROUP","interaction":{"idSuffix":"inner"}},"wdio_ui5_key":"applicationmanageresources-display-component---newResourceUnit--PLANNING_GROUP"}]}
COMMAND: GET /session/a64399a1195f4b74d2f6139fc8fd5cd0/screenshot - {}
RESULT: {"script":"<script> [1562 bytes]","args":[{"selector":{"id":"application-manageresources-display-component---newResourceUnit--PLANNING_GROUP","interaction":{"idSuffix":"inner"}},"wdio_ui5_key":"applicationmanageresources-display-component---newResourceUnit--PLANNING_GROUP"}]}
RESULT: undefined
COMMAND: POST /session/a64399a1195f4b74d2f6139fc8fd5cd0/execute/async - {"script":"<script> [776 bytes]","args":[{"enterText":"Material","selector":{"id":"application-manageresources-display-component---newResourceUnit--PLANNING_GROUP","interaction":{"idSuffix":"inner"}},"clearTextFirst":true,"interactionType":"ENTER_TEXT"}]}
RESULT: {}
RESULT: {"script":"<script> [776 bytes]","args":[{"enterText":"Material","selector":{"id":"application-manageresources-display-component---newResourceUnit--PLANNING_GROUP","interaction":{"idSuffix":"inner"}},"clearTextFirst":true,"interactionType":"ENTER_TEXT"}]}
COMMAND: POST /session/a64399a1195f4b74d2f6139fc8fd5cd0/execute/async - {"script":"<script> [1562 bytes]","args":[{"selector":{"id":"application-manageresources-display-component---newResourceUnit--PLANNING_INDICATOR","interaction":{"idSuffix":"inner"}},"wdio_ui5_key":"applicationmanageresources-display-component---newResourceUnit--PLANNING_INDICATOR"}]}
RESULT: {"script":"<script> [1562 bytes]","args":[{"selector":{"id":"application-manageresources-display-component---newResourceUnit--PLANNING_INDICATOR","interaction":{"idSuffix":"inner"}},"wdio_ui5_key":"applicationmanageresources-display-component---newResourceUnit--PLANNING_INDICATOR"}]}
RESULT: undefined
COMMAND: POST /session/a64399a1195f4b74d2f6139fc8fd5cd0/execute/async - {"script":"<script> [776 bytes]","args":[{"enterText":"10 - infinite","selector":{"id":"application-manageresources-display-component---newResourceUnit--PLANNING_INDICATOR","interaction":{"idSuffix":"inner"}},"clearTextFirst":true,"interactionType":"ENTER_TEXT"}]}
RESULT: {"script":"<script> [776 bytes]","args":[{"enterText":"10 - infinite","selector":{"id":"application-manageresources-display-component---newResourceUnit--PLANNING_INDICATOR","interaction":{"idSuffix":"inner"}},"clearTextFirst":true,"interactionType":"ENTER_TEXT"}]}
COMMAND: POST /session/a64399a1195f4b74d2f6139fc8fd5cd0/element - {"using":"css selector","value":"#application-manageresources-display-component---newResourceUnit--btnAddTimeSegment"}
RESULT: {"using":"css selector","value":"#application-manageresources-display-component---newResourceUnit--btnAddTimeSegment"}
COMMAND: GET /session/a64399a1195f4b74d2f6139fc8fd5cd0/element/f.393C77C539AF0175FCB39A24D69769D1.d.E69A8633C4E0969170648692F04AFD55.e.6163/rect - {}
RESULT: {}
COMMAND: GET /session/a64399a1195f4b74d2f6139fc8fd5cd0/window/rect - {}
RESULT: {}
COMMAND: POST /session/a64399a1195f4b74d2f6139fc8fd5cd0/execute/sync - {"script":"<script> [92 bytes]","args":[]}
RESULT: {"script":"<script> [92 bytes]","args":[]}
COMMAND: POST /session/a64399a1195f4b74d2f6139fc8fd5cd0/actions - {"actions":[{"id":"action17","type":"wheel","parameters":{},"actions":[{"type":"scroll","x":-1888,"y":-32,"deltaX":0,"deltaY":0,"duration":0,"origin":{"element-6066-11e4-a52e-4f735466cecf":"f.393C77C539AF0175FCB39A24D69769D1.d.E69A8633C4E0969170648692F04AFD55.e.6163"}}]}]}
COMMAND: GET /session/a64399a1195f4b74d2f6139fc8fd5cd0/screenshot - {}
RESULT: {}
COMMAND: POST /session/a64399a1195f4b74d2f6139fc8fd5cd0/execute/sync - {"script":"<script> [79 bytes]","args":[{"element-6066-11e4-a52e-4f735466cecf":"f.393C77C539AF0175FCB39A24D69769D1.d.E69A8633C4E0969170648692F04AFD55.e.6163","ELEMENT":"f.393C77C539AF0175FCB39A24D69769D1.d.E69A8633C4E0969170648692F04AFD55.e.6163"},{"block":"start","inline":"nearest"}]}
RESULT: {"script":"<script> [79 bytes]","args":[{"element-6066-11e4-a52e-4f735466cecf":"f.393C77C539AF0175FCB39A24D69769D1.d.E69A8633C4E0969170648692F04AFD55.e.6163","ELEMENT":"f.393C77C539AF0175FCB39A24D69769D1.d.E69A8633C4E0969170648692F04AFD55.e.6163"},{"block":"start","inline":"nearest"}]}
COMMAND: POST /session/a64399a1195f4b74d2f6139fc8fd5cd0/execute/async - {"script":"<script> [1562 bytes]","args":[{"selector":{"id":"application-manageresources-display-component---newResourceUnit--btnAddTimeSegment","interaction":{"idSuffix":"inner"}},"wdio_ui5_key":"applicationmanageresources-display-component---newResourceUnit--btnAddTimeSegment"}]}
COMMAND: GET /session/a64399a1195f4b74d2f6139fc8fd5cd0/screenshot - {}
RESULT: {"script":"<script> [1562 bytes]","args":[{"selector":{"id":"application-manageresources-display-component---newResourceUnit--btnAddTimeSegment","interaction":{"idSuffix":"inner"}},"wdio_ui5_key":"applicationmanageresources-display-component---newResourceUnit--btnAddTimeSegment"}]}
RESULT: undefined
COMMAND: POST /session/a64399a1195f4b74d2f6139fc8fd5cd0/element - {"using":"xpath","value":"//*[@id=\"application-manageresources-display-component---newResourceUnit--btnAddTimeSegment\"]"}
RESULT: {}
RESULT: {"using":"xpath","value":"//*[@id=\"application-manageresources-display-component---newResourceUnit--btnAddTimeSegment\"]"}
COMMAND: POST /session/a64399a1195f4b74d2f6139fc8fd5cd0/element/f.393C77C539AF0175FCB39A24D69769D1.d.E69A8633C4E0969170648692F04AFD55.e.6163/click - {}
RESULT: {}
COMMAND: GET /session/a64399a1195f4b74d2f6139fc8fd5cd0/screenshot - {}
RESULT: {}
COMMAND: POST /session/a64399a1195f4b74d2f6139fc8fd5cd0/element - {"using":"xpath","value":"//input[@id=\"application-manageresources-display-component---newResourceUnit--idRuTSAdmin-application-manageresources-display-component---newResourceUnit--RUTimeSegment-0-inner\"]"}
RESULT: {"using":"xpath","value":"//input[@id=\"application-manageresources-display-component---newResourceUnit--idRuTSAdmin-application-manageresources-display-component---newResourceUnit--RUTimeSegment-0-inner\"]"}
COMMAND: POST /session/a64399a1195f4b74d2f6139fc8fd5cd0/element/f.393C77C539AF0175FCB39A24D69769D1.d.E69A8633C4E0969170648692F04AFD55.e.6168/clear - {}
RESULT: {}
COMMAND: POST /session/a64399a1195f4b74d2f6139fc8fd5cd0/element/f.393C77C539AF0175FCB39A24D69769D1.d.E69A8633C4E0969170648692F04AFD55.e.6168/value - {"text":"226"}
COMMAND: GET /session/a64399a1195f4b74d2f6139fc8fd5cd0/screenshot - {}
RESULT: {"text":"226"}
COMMAND: GET /session/a64399a1195f4b74d2f6139fc8fd5cd0/screenshot - {}
RESULT: {}
RESULT: {}
COMMAND: POST /session/a64399a1195f4b74d2f6139fc8fd5cd0/element - {"using":"xpath","value":"//li[.//span[text()='226']]"}
RESULT: {"using":"xpath","value":"//li[.//span[text()='226']]"}
COMMAND: POST /session/a64399a1195f4b74d2f6139fc8fd5cd0/element/f.393C77C539AF0175FCB39A24D69769D1.d.E69A8633C4E0969170648692F04AFD55.e.6177/click - {}
RESULT: {}
COMMAND: GET /session/a64399a1195f4b74d2f6139fc8fd5cd0/screenshot - {}
RESULT: {}
COMMAND: POST /session/a64399a1195f4b74d2f6139fc8fd5cd0/element - {"using":"xpath","value":"//*[contains(text(), \"Catalogs\")][contains(@id ,\"application-manageresources-display-component---newResourceUnit--newRRUPage-anchBar\")]"}
RESULT: {"using":"xpath","value":"//*[contains(text(), \"Catalogs\")][contains(@id ,\"application-manageresources-display-component---newResourceUnit--newRRUPage-anchBar\")]"}
COMMAND: POST /session/a64399a1195f4b74d2f6139fc8fd5cd0/element/f.393C77C539AF0175FCB39A24D69769D1.d.E69A8633C4E0969170648692F04AFD55.e.6178/click - {}
RESULT: {}
COMMAND: GET /session/a64399a1195f4b74d2f6139fc8fd5cd0/screenshot - {}
RESULT: {}
COMMAND: POST /session/a64399a1195f4b74d2f6139fc8fd5cd0/element - {"using":"xpath","value":"//*[contains(text(), \"Assign\")][contains(@id ,\"button\")]"}
RESULT: {"using":"xpath","value":"//*[contains(text(), \"Assign\")][contains(@id ,\"button\")]"}
COMMAND: POST /session/a64399a1195f4b74d2f6139fc8fd5cd0/element/f.393C77C539AF0175FCB39A24D69769D1.d.E69A8633C4E0969170648692F04AFD55.e.6182/click - {}
RESULT: {}
COMMAND: GET /session/a64399a1195f4b74d2f6139fc8fd5cd0/screenshot - {}
RESULT: {}
COMMAND: POST /session/a64399a1195f4b74d2f6139fc8fd5cd0/element - {"using":"xpath","value":"//span[@id = \"application-manageresources-display-component---newResourceUnit--catalogSelect-arrow\"]"}
RESULT: {"using":"xpath","value":"//span[@id = \"application-manageresources-display-component---newResourceUnit--catalogSelect-arrow\"]"}
COMMAND: POST /session/a64399a1195f4b74d2f6139fc8fd5cd0/element/f.393C77C539AF0175FCB39A24D69769D1.d.E69A8633C4E0969170648692F04AFD55.e.6191/click - {}
RESULT: {}
COMMAND: GET /session/a64399a1195f4b74d2f6139fc8fd5cd0/screenshot - {}
RESULT: {}
COMMAND: POST /session/a64399a1195f4b74d2f6139fc8fd5cd0/element - {"using":"xpath","value":"//li[.//span[text()=\"Webshop Catalog\"]]"}
RESULT: {"using":"xpath","value":"//li[.//span[text()=\"Webshop Catalog\"]]"}
COMMAND: POST /session/a64399a1195f4b74d2f6139fc8fd5cd0/element/f.393C77C539AF0175FCB39A24D69769D1.d.E69A8633C4E0969170648692F04AFD55.e.6192/click - {}
RESULT: {}
COMMAND: GET /session/a64399a1195f4b74d2f6139fc8fd5cd0/screenshot - {}
RESULT: {}
COMMAND: POST /session/a64399a1195f4b74d2f6139fc8fd5cd0/element - {"using":"xpath","value":"//span[@id = \"application-manageresources-display-component---newResourceUnit--catalogItemSelect-arrow\"]"}
RESULT: {"using":"xpath","value":"//span[@id = \"application-manageresources-display-component---newResourceUnit--catalogItemSelect-arrow\"]"}
COMMAND: POST /session/a64399a1195f4b74d2f6139fc8fd5cd0/element/f.393C77C539AF0175FCB39A24D69769D1.d.E69A8633C4E0969170648692F04AFD55.e.6193/click - {}
RESULT: {}
COMMAND: GET /session/a64399a1195f4b74d2f6139fc8fd5cd0/screenshot - {}
RESULT: {}
COMMAND: POST /session/a64399a1195f4b74d2f6139fc8fd5cd0/element - {"using":"xpath","value":"//li[.//span[text()=\"Concert - Concert \"]]"}
RESULT: {"using":"xpath","value":"//li[.//span[text()=\"Concert - Concert \"]]"}
COMMAND: POST /session/a64399a1195f4b74d2f6139fc8fd5cd0/element/f.393C77C539AF0175FCB39A24D69769D1.d.E69A8633C4E0969170648692F04AFD55.e.6194/click - {}
RESULT: {}
COMMAND: GET /session/a64399a1195f4b74d2f6139fc8fd5cd0/screenshot - {}
RESULT: {}
COMMAND: POST /session/a64399a1195f4b74d2f6139fc8fd5cd0/execute/async - {"script":"<script> [1562 bytes]","args":[{"selector":{"id":"application-manageresources-display-component---newResourceUnit--RUAssignmentSaveButton","searchOpenDialogs":true,"interaction":{"idSuffix":"BDI-content"}},"wdio_ui5_key":"applicationmanageresources-display-component---newResourceUnit--RUAssignmentSaveButton"}]}
RESULT: {"script":"<script> [1562 bytes]","args":[{"selector":{"id":"application-manageresources-display-component---newResourceUnit--RUAssignmentSaveButton","searchOpenDialogs":true,"interaction":{"idSuffix":"BDI-content"}},"wdio_ui5_key":"applicationmanageresources-display-component---newResourceUnit--RUAssignmentSaveButton"}]}
RESULT: undefined
COMMAND: POST /session/a64399a1195f4b74d2f6139fc8fd5cd0/element - {"using":"xpath","value":"//*[@id=\"application-manageresources-display-component---newResourceUnit--RUAssignmentSaveButton\"]"}
RESULT: {"using":"xpath","value":"//*[@id=\"application-manageresources-display-component---newResourceUnit--RUAssignmentSaveButton\"]"}
COMMAND: POST /session/a64399a1195f4b74d2f6139fc8fd5cd0/element/f.393C77C539AF0175FCB39A24D69769D1.d.E69A8633C4E0969170648692F04AFD55.e.6210/click - {}
RESULT: {}
COMMAND: GET /session/a64399a1195f4b74d2f6139fc8fd5cd0/screenshot - {}
RESULT: {}
COMMAND: POST /session/a64399a1195f4b74d2f6139fc8fd5cd0/element - {"using":"xpath","value":"//button[@data-kt=\"resourceUnitSaveButton\"]"}
RESULT: {"using":"xpath","value":"//button[@data-kt=\"resourceUnitSaveButton\"]"}
COMMAND: POST /session/a64399a1195f4b74d2f6139fc8fd5cd0/element/f.393C77C539AF0175FCB39A24D69769D1.d.E69A8633C4E0969170648692F04AFD55.e.6041/click - {}
RESULT: {}
COMMAND: GET /session/a64399a1195f4b74d2f6139fc8fd5cd0/screenshot - {}
RESULT: {}
COMMAND: POST /session/a64399a1195f4b74d2f6139fc8fd5cd0/element - {"using":"xpath","value":"//bdi[contains(text(), \"Close\")]"}
RESULT: {"using":"xpath","value":"//bdi[contains(text(), \"Close\")]"}
COMMAND: POST /session/a64399a1195f4b74d2f6139fc8fd5cd0/element/f.393C77C539AF0175FCB39A24D69769D1.d.E69A8633C4E0969170648692F04AFD55.e.6219/click - {}
RESULT: {}
COMMAND: GET /session/a64399a1195f4b74d2f6139fc8fd5cd0/screenshot - {}
RESULT: {}
COMMAND: POST /session/a64399a1195f4b74d2f6139fc8fd5cd0/element - {"using":"xpath","value":"//header[contains(@id, 'detailRruPage-headerTitle')]/div[1]/div[2]/div[2]/span[1]"}
RESULT: {"using":"xpath","value":"//header[contains(@id, 'detailRruPage-headerTitle')]/div[1]/div[2]/div[2]/span[1]"}
COMMAND: POST /session/a64399a1195f4b74d2f6139fc8fd5cd0/elements - {"using":"xpath","value":"//header[contains(@id, 'detailRruPage-headerTitle')]/div[1]/div[2]/div[2]/span[1]"}
RESULT: {"using":"xpath","value":"//header[contains(@id, 'detailRruPage-headerTitle')]/div[1]/div[2]/div[2]/span[1]"}
COMMAND: POST /session/a64399a1195f4b74d2f6139fc8fd5cd0/execute/sync - {"script":"<script> [56 bytes]","args":[{"element-6066-11e4-a52e-4f735466cecf":"f.393C77C539AF0175FCB39A24D69769D1.d.E69A8633C4E0969170648692F04AFD55.e.6252","ELEMENT":"f.393C77C539AF0175FCB39A24D69769D1.d.E69A8633C4E0969170648692F04AFD55.e.6252"}]}
RESULT: {"script":"<script> [56 bytes]","args":[{"element-6066-11e4-a52e-4f735466cecf":"f.393C77C539AF0175FCB39A24D69769D1.d.E69A8633C4E0969170648692F04AFD55.e.6252","ELEMENT":"f.393C77C539AF0175FCB39A24D69769D1.d.E69A8633C4E0969170648692F04AFD55.e.6252"}]}
COMMAND: POST /session/a64399a1195f4b74d2f6139fc8fd5cd0/element - {"using":"css selector","value":"#shell-header-logo"}
COMMAND: GET /session/a64399a1195f4b74d2f6139fc8fd5cd0/screenshot - {}
RESULT: {"using":"css selector","value":"#shell-header-logo"}
COMMAND: POST /session/a64399a1195f4b74d2f6139fc8fd5cd0/element/f.393C77C539AF0175FCB39A24D69769D1.d.E69A8633C4E0969170648692F04AFD55.e.5635/click - {}
RESULT: {}
RESULT: {}
COMMAND: GET /session/a64399a1195f4b74d2f6139fc8fd5cd0/screenshot - {}
RESULT: {}
]]></system-out>
    </testcase>
    <testcase classname="chrome.136_0_7103_93.windows.Yard_Overview_Autoplanning_US130989" name="Should create a new request and add the material" time="89.789">
      <system-out><![CDATA[
COMMAND: POST /session/a64399a1195f4b74d2f6139fc8fd5cd0/execute/async - {"script":"<script> [1562 bytes]","args":[{"selector":{"controlType":"sap.m.GenericTile","properties":{"header":"Manage Requests"}},"wdio_ui5_key":"sapm.GenericTile{\"header\":\"Manage Requests\"}"}]}
RESULT: {"script":"<script> [1562 bytes]","args":[{"selector":{"controlType":"sap.m.GenericTile","properties":{"header":"Manage Requests"}},"wdio_ui5_key":"sapm.GenericTile{\"header\":\"Manage Requests\"}"}]}
RESULT: undefined
COMMAND: POST /session/a64399a1195f4b74d2f6139fc8fd5cd0/element - {"using":"xpath","value":"//*[@id=\"__tile47\"]"}
RESULT: {"using":"xpath","value":"//*[@id=\"__tile47\"]"}
COMMAND: POST /session/a64399a1195f4b74d2f6139fc8fd5cd0/element/f.393C77C539AF0175FCB39A24D69769D1.d.E69A8633C4E0969170648692F04AFD55.e.5621/click - {}
RESULT: {}
COMMAND: GET /session/a64399a1195f4b74d2f6139fc8fd5cd0/screenshot - {}
RESULT: {}
COMMAND: POST /session/a64399a1195f4b74d2f6139fc8fd5cd0/elements - {"using":"xpath","value":"//span[text()='Error']"}
RESULT: {"using":"xpath","value":"//span[text()='Error']"}
COMMAND: POST /session/a64399a1195f4b74d2f6139fc8fd5cd0/execute/async - {"script":"<script> [1562 bytes]","args":[{"selector":{"id":"btnCreateNew","viewName":"etm.portal.ui.managerequests.view.Master","interaction":{"idSuffix":"inner"}},"wdio_ui5_key":"btnCreateNewetmportal.ui.managerequests.view.Master"}]}
RESULT: {"script":"<script> [1562 bytes]","args":[{"selector":{"id":"btnCreateNew","viewName":"etm.portal.ui.managerequests.view.Master","interaction":{"idSuffix":"inner"}},"wdio_ui5_key":"btnCreateNewetmportal.ui.managerequests.view.Master"}]}
RESULT: undefined
COMMAND: POST /session/a64399a1195f4b74d2f6139fc8fd5cd0/element - {"using":"xpath","value":"//*[@id=\"__xmlview58--btnCreateNew\"]"}
RESULT: {"using":"xpath","value":"//*[@id=\"__xmlview58--btnCreateNew\"]"}
COMMAND: POST /session/a64399a1195f4b74d2f6139fc8fd5cd0/element/f.393C77C539AF0175FCB39A24D69769D1.d.E69A8633C4E0969170648692F04AFD55.e.6309/click - {}
RESULT: {}
COMMAND: GET /session/a64399a1195f4b74d2f6139fc8fd5cd0/screenshot - {}
RESULT: {}
COMMAND: POST /session/a64399a1195f4b74d2f6139fc8fd5cd0/execute/async - {"script":"<script> [1562 bytes]","args":[{"selector":{"controlType":"sap.ui.core.Icon","viewName":"etm.portal.ui.managerequests.view.NewRequest","properties":{"src":{"regex":{"source":"full\\-screen"}}}},"wdio_ui5_key":"etmportal.ui.managerequests.view.NewRequestsap.ui.core.Icon{\"src\":{\"regex\":{\"source\":\"full\\\\-screen\"}}}"}]}
RESULT: {"script":"<script> [1562 bytes]","args":[{"selector":{"controlType":"sap.ui.core.Icon","viewName":"etm.portal.ui.managerequests.view.NewRequest","properties":{"src":{"regex":{"source":"full\\-screen"}}}},"wdio_ui5_key":"etmportal.ui.managerequests.view.NewRequestsap.ui.core.Icon{\"src\":{\"regex\":{\"source\":\"full\\\\-screen\"}}}"}]}
RESULT: undefined
COMMAND: POST /session/a64399a1195f4b74d2f6139fc8fd5cd0/element - {"using":"xpath","value":"//*[@id=\"__button83-img\"]"}
RESULT: {"using":"xpath","value":"//*[@id=\"__button83-img\"]"}
COMMAND: POST /session/a64399a1195f4b74d2f6139fc8fd5cd0/element/f.393C77C539AF0175FCB39A24D69769D1.d.E69A8633C4E0969170648692F04AFD55.e.6729/click - {}
RESULT: {}
COMMAND: GET /session/a64399a1195f4b74d2f6139fc8fd5cd0/screenshot - {}
RESULT: {}
COMMAND: POST /session/a64399a1195f4b74d2f6139fc8fd5cd0/element - {"using":"xpath","value":"//input[contains(@id ,\"yardId-inner\")]"}
RESULT: {"using":"xpath","value":"//input[contains(@id ,\"yardId-inner\")]"}
COMMAND: POST /session/a64399a1195f4b74d2f6139fc8fd5cd0/element/f.393C77C539AF0175FCB39A24D69769D1.d.E69A8633C4E0969170648692F04AFD55.e.6562/value - {"text":"226"}
RESULT: {"text":"226"}
COMMAND: GET /session/a64399a1195f4b74d2f6139fc8fd5cd0/screenshot - {}
RESULT: {}
COMMAND: POST /session/a64399a1195f4b74d2f6139fc8fd5cd0/element - {"using":"xpath","value":"//li[.//span[text()='226']]"}
RESULT: {"using":"xpath","value":"//li[.//span[text()='226']]"}
COMMAND: POST /session/a64399a1195f4b74d2f6139fc8fd5cd0/element/f.393C77C539AF0175FCB39A24D69769D1.d.E69A8633C4E0969170648692F04AFD55.e.6775/click - {}
RESULT: {}
COMMAND: GET /session/a64399a1195f4b74d2f6139fc8fd5cd0/screenshot - {}
RESULT: {}
COMMAND: POST /session/a64399a1195f4b74d2f6139fc8fd5cd0/element - {"using":"xpath","value":"//input[contains(@id ,\"customerNumber-inner\")]"}
RESULT: {"using":"xpath","value":"//input[contains(@id ,\"customerNumber-inner\")]"}
COMMAND: POST /session/a64399a1195f4b74d2f6139fc8fd5cd0/element/f.393C77C539AF0175FCB39A24D69769D1.d.E69A8633C4E0969170648692F04AFD55.e.6556/clear - {}
RESULT: {}
COMMAND: POST /session/a64399a1195f4b74d2f6139fc8fd5cd0/element/f.393C77C539AF0175FCB39A24D69769D1.d.E69A8633C4E0969170648692F04AFD55.e.6556/value - {"text":"1077"}
COMMAND: GET /session/a64399a1195f4b74d2f6139fc8fd5cd0/screenshot - {}
RESULT: {"text":"1077"}
COMMAND: GET /session/a64399a1195f4b74d2f6139fc8fd5cd0/screenshot - {}
RESULT: {}
RESULT: {}
COMMAND: POST /session/a64399a1195f4b74d2f6139fc8fd5cd0/element - {"using":"xpath","value":"//li[.//span[text()='1077']]"}
RESULT: {"using":"xpath","value":"//li[.//span[text()='1077']]"}
COMMAND: POST /session/a64399a1195f4b74d2f6139fc8fd5cd0/element/f.393C77C539AF0175FCB39A24D69769D1.d.E69A8633C4E0969170648692F04AFD55.e.6777/click - {}
RESULT: {}
COMMAND: GET /session/a64399a1195f4b74d2f6139fc8fd5cd0/screenshot - {}
RESULT: {}
COMMAND: POST /session/a64399a1195f4b74d2f6139fc8fd5cd0/element - {"using":"xpath","value":"//button[contains(@id ,\"btnAddTableRow\")]"}
RESULT: {"using":"xpath","value":"//button[contains(@id ,\"btnAddTableRow\")]"}
COMMAND: POST /session/a64399a1195f4b74d2f6139fc8fd5cd0/element/f.393C77C539AF0175FCB39A24D69769D1.d.E69A8633C4E0969170648692F04AFD55.e.6534/click - {}
RESULT: {}
COMMAND: GET /session/a64399a1195f4b74d2f6139fc8fd5cd0/screenshot - {}
RESULT: {}
COMMAND: POST /session/a64399a1195f4b74d2f6139fc8fd5cd0/actions - {"actions":[{"id":"action18","type":"key","parameters":{},"actions":[{"type":"keyDown","value":""},{"type":"pause","duration":10},{"type":"keyUp","value":""}]}]}
RESULT: {"actions":[{"id":"action18","type":"key","parameters":{},"actions":[{"type":"keyDown","value":""},{"type":"pause","duration":10},{"type":"keyUp","value":""}]}]}
COMMAND: POST /session/a64399a1195f4b74d2f6139fc8fd5cd0/actions - {"actions":[{"id":"action19","type":"key","parameters":{},"actions":[{"type":"keyDown","value":""},{"type":"pause","duration":10},{"type":"keyUp","value":""}]}]}
COMMAND: GET /session/a64399a1195f4b74d2f6139fc8fd5cd0/screenshot - {}
RESULT: {"actions":[{"id":"action19","type":"key","parameters":{},"actions":[{"type":"keyDown","value":""},{"type":"pause","duration":10},{"type":"keyUp","value":""}]}]}
COMMAND: GET /session/a64399a1195f4b74d2f6139fc8fd5cd0/screenshot - {}
RESULT: {}
RESULT: {}
COMMAND: POST /session/a64399a1195f4b74d2f6139fc8fd5cd0/element - {"using":"xpath","value":"//table[contains(@id, \"requestItemsTable-listUl\")]//tbody/tr[1]/td[3]/div/div/input"}
RESULT: {"using":"xpath","value":"//table[contains(@id, \"requestItemsTable-listUl\")]//tbody/tr[1]/td[3]/div/div/input"}
COMMAND: POST /session/a64399a1195f4b74d2f6139fc8fd5cd0/element/f.393C77C539AF0175FCB39A24D69769D1.d.E69A8633C4E0969170648692F04AFD55.e.6781/clear - {}
RESULT: {}
COMMAND: POST /session/a64399a1195f4b74d2f6139fc8fd5cd0/element/f.393C77C539AF0175FCB39A24D69769D1.d.E69A8633C4E0969170648692F04AFD55.e.6781/value - {"text":"Concert"}
COMMAND: GET /session/a64399a1195f4b74d2f6139fc8fd5cd0/screenshot - {}
RESULT: {"text":"Concert"}
COMMAND: GET /session/a64399a1195f4b74d2f6139fc8fd5cd0/screenshot - {}
RESULT: {}
RESULT: {}
COMMAND: POST /session/a64399a1195f4b74d2f6139fc8fd5cd0/element - {"using":"xpath","value":"//li[.//span[contains(text(), \"Concert\")]]"}
RESULT: {"using":"xpath","value":"//li[.//span[contains(text(), \"Concert\")]]"}
COMMAND: POST /session/a64399a1195f4b74d2f6139fc8fd5cd0/element/f.393C77C539AF0175FCB39A24D69769D1.d.E69A8633C4E0969170648692F04AFD55.e.6793/click - {}
RESULT: {}
COMMAND: GET /session/a64399a1195f4b74d2f6139fc8fd5cd0/screenshot - {}
RESULT: {}
COMMAND: POST /session/a64399a1195f4b74d2f6139fc8fd5cd0/execute/async - {"script":"<script> [1562 bytes]","args":[{"selector":{"controlType":"sap.ui.core.Icon","viewName":"etm.portal.ui.managerequests.view.NewRequest","properties":{"src":{"regex":{"source":"message\\-error"}}},"ancestor":{"controlType":"sap.m.ColumnListItem","viewName":"etm.portal.ui.managerequests.view.NewRequest","bindingPath":{"modelName":"newRequestItems","path":"/RequestItems/0"},"ancestor":{"id":"requestItemsTable","viewName":"etm.portal.ui.managerequests.view.NewRequest"}}},"wdio_ui5_key":"etmportal.ui.managerequests.view.NewRequestsap.ui.core.Icon{\"src\":{\"regex\":{\"source\":\"message\\\\-error\"}}}{\"controlType\":\"sap.m.ColumnListItem\",\"viewName\":\"etm.portal.ui.managerequests.view.NewRequest\",\"bindingPath\":{\"modelName\":\"newRequestItems\",\"path\":\"/RequestItems/0\"},\"ancestor\":{\"id\":\"requestItemsTable\",\"viewName\":\"etm.portal.ui.managerequests.view.NewRequest\"}}"}]}
RESULT: {"script":"<script> [1562 bytes]","args":[{"selector":{"controlType":"sap.ui.core.Icon","viewName":"etm.portal.ui.managerequests.view.NewRequest","properties":{"src":{"regex":{"source":"message\\-error"}}},"ancestor":{"controlType":"sap.m.ColumnListItem","viewName":"etm.portal.ui.managerequests.view.NewRequest","bindingPath":{"modelName":"newRequestItems","path":"/RequestItems/0"},"ancestor":{"id":"requestItemsTable","viewName":"etm.portal.ui.managerequests.view.NewRequest"}}},"wdio_ui5_key":"etmportal.ui.managerequests.view.NewRequestsap.ui.core.Icon{\"src\":{\"regex\":{\"source\":\"message\\\\-error\"}}}{\"controlType\":\"sap.m.ColumnListItem\",\"viewName\":\"etm.portal.ui.managerequests.view.NewRequest\",\"bindingPath\":{\"modelName\":\"newRequestItems\",\"path\":\"/RequestItems/0\"},\"ancestor\":{\"id\":\"requestItemsTable\",\"viewName\":\"etm.portal.ui.managerequests.view.NewRequest\"}}"}]}
RESULT: undefined
COMMAND: POST /session/a64399a1195f4b74d2f6139fc8fd5cd0/element - {"using":"xpath","value":"//*[@id=\"__status10-__xmlview59--requestItemsTable-0-icon\"]"}
RESULT: {"using":"xpath","value":"//*[@id=\"__status10-__xmlview59--requestItemsTable-0-icon\"]"}
COMMAND: POST /session/a64399a1195f4b74d2f6139fc8fd5cd0/element/f.393C77C539AF0175FCB39A24D69769D1.d.E69A8633C4E0969170648692F04AFD55.e.6794/click - {}
RESULT: {}
COMMAND: POST /session/a64399a1195f4b74d2f6139fc8fd5cd0/execute/async - {"script":"<script> [1562 bytes]","args":[{"selector":{"controlType":"sap.ui.core.Icon","viewName":"etm.portal.ui.managerequests.view.NewRequest","properties":{"src":{"regex":{"source":"slim\\-arrow\\-down"}}},"searchOpenDialogs":true,"ancestor":{"id":"costObjectAdminTypeComboBox","viewName":"etm.portal.ui.managerequests.view.NewRequest","searchOpenDialogs":true}},"wdio_ui5_key":"etmportal.ui.managerequests.view.NewRequestsap.ui.core.Icon{\"src\":{\"regex\":{\"source\":\"slim\\\\-arrow\\\\-down\"}}}{\"id\":\"costObjectAdminTypeComboBox\",\"viewName\":\"etm.portal.ui.managerequests.view.NewRequest\",\"searchOpenDialogs\":true}"}]}
COMMAND: GET /session/a64399a1195f4b74d2f6139fc8fd5cd0/screenshot - {}
RESULT: {"script":"<script> [1562 bytes]","args":[{"selector":{"controlType":"sap.ui.core.Icon","viewName":"etm.portal.ui.managerequests.view.NewRequest","properties":{"src":{"regex":{"source":"slim\\-arrow\\-down"}}},"searchOpenDialogs":true,"ancestor":{"id":"costObjectAdminTypeComboBox","viewName":"etm.portal.ui.managerequests.view.NewRequest","searchOpenDialogs":true}},"wdio_ui5_key":"etmportal.ui.managerequests.view.NewRequestsap.ui.core.Icon{\"src\":{\"regex\":{\"source\":\"slim\\\\-arrow\\\\-down\"}}}{\"id\":\"costObjectAdminTypeComboBox\",\"viewName\":\"etm.portal.ui.managerequests.view.NewRequest\",\"searchOpenDialogs\":true}"}]}
RESULT: undefined
COMMAND: POST /session/a64399a1195f4b74d2f6139fc8fd5cd0/element - {"using":"xpath","value":"//*[@id=\"__xmlview59--costObjectAdminTypeComboBox-arrow\"]"}
RESULT: {}
RESULT: {"using":"xpath","value":"//*[@id=\"__xmlview59--costObjectAdminTypeComboBox-arrow\"]"}
COMMAND: POST /session/a64399a1195f4b74d2f6139fc8fd5cd0/element/f.393C77C539AF0175FCB39A24D69769D1.d.E69A8633C4E0969170648692F04AFD55.e.6799/click - {}
RESULT: {}
COMMAND: GET /session/a64399a1195f4b74d2f6139fc8fd5cd0/screenshot - {}
RESULT: {}
COMMAND: POST /session/a64399a1195f4b74d2f6139fc8fd5cd0/execute/async - {"script":"<script> [1562 bytes]","args":[{"selector":{"controlType":"sap.m.StandardListItem","viewName":"etm.portal.ui.managerequests.view.NewRequest","properties":{"title":"Cost Center"},"searchOpenDialogs":true,"interaction":{"idSuffix":"content"}},"wdio_ui5_key":"etmportal.ui.managerequests.view.NewRequestsap.m.StandardListItem{\"title\":\"Cost Center\"}"}]}
RESULT: {"script":"<script> [1562 bytes]","args":[{"selector":{"controlType":"sap.m.StandardListItem","viewName":"etm.portal.ui.managerequests.view.NewRequest","properties":{"title":"Cost Center"},"searchOpenDialogs":true,"interaction":{"idSuffix":"content"}},"wdio_ui5_key":"etmportal.ui.managerequests.view.NewRequestsap.m.StandardListItem{\"title\":\"Cost Center\"}"}]}
RESULT: undefined
COMMAND: POST /session/a64399a1195f4b74d2f6139fc8fd5cd0/element - {"using":"xpath","value":"//*[@id=\"__item948\"]"}
RESULT: {"using":"xpath","value":"//*[@id=\"__item948\"]"}
COMMAND: POST /session/a64399a1195f4b74d2f6139fc8fd5cd0/element/f.393C77C539AF0175FCB39A24D69769D1.d.E69A8633C4E0969170648692F04AFD55.e.6802/click - {}
RESULT: {}
COMMAND: GET /session/a64399a1195f4b74d2f6139fc8fd5cd0/screenshot - {}
RESULT: {}
COMMAND: POST /session/a64399a1195f4b74d2f6139fc8fd5cd0/execute/async - {"script":"<script> [1562 bytes]","args":[{"selector":{"controlType":"sap.m.Button","viewName":"etm.portal.ui.managerequests.view.NewRequest","i18NText":{"propertyName":"text","key":"save"},"searchOpenDialogs":true,"interaction":{"idSuffix":"inner"}},"wdio_ui5_key":"etmportal.ui.managerequests.view.NewRequestsap.m.Button{\"propertyName\":\"text\",\"key\":\"save\"}"}]}
RESULT: {"script":"<script> [1562 bytes]","args":[{"selector":{"controlType":"sap.m.Button","viewName":"etm.portal.ui.managerequests.view.NewRequest","i18NText":{"propertyName":"text","key":"save"},"searchOpenDialogs":true,"interaction":{"idSuffix":"inner"}},"wdio_ui5_key":"etmportal.ui.managerequests.view.NewRequestsap.m.Button{\"propertyName\":\"text\",\"key\":\"save\"}"}]}
RESULT: undefined
COMMAND: POST /session/a64399a1195f4b74d2f6139fc8fd5cd0/element - {"using":"xpath","value":"//*[@id=\"__button101\"]"}
RESULT: {"using":"xpath","value":"//*[@id=\"__button101\"]"}
COMMAND: POST /session/a64399a1195f4b74d2f6139fc8fd5cd0/element/f.393C77C539AF0175FCB39A24D69769D1.d.E69A8633C4E0969170648692F04AFD55.e.6810/click - {}
RESULT: {}
COMMAND: GET /session/a64399a1195f4b74d2f6139fc8fd5cd0/screenshot - {}
RESULT: {}
COMMAND: POST /session/a64399a1195f4b74d2f6139fc8fd5cd0/execute/async - {"script":"<script> [1562 bytes]","args":[{"selector":{"controlType":"sap.m.Button","viewName":"etm.portal.ui.managerequests.view.NewRequest","i18NText":{"propertyName":"tooltip","key":"save"},"interaction":{"idSuffix":"BDI-content"}},"wdio_ui5_key":"etmportal.ui.managerequests.view.NewRequestsap.m.Button{\"propertyName\":\"tooltip\",\"key\":\"save\"}"}]}
RESULT: {"script":"<script> [1562 bytes]","args":[{"selector":{"controlType":"sap.m.Button","viewName":"etm.portal.ui.managerequests.view.NewRequest","i18NText":{"propertyName":"tooltip","key":"save"},"interaction":{"idSuffix":"BDI-content"}},"wdio_ui5_key":"etmportal.ui.managerequests.view.NewRequestsap.m.Button{\"propertyName\":\"tooltip\",\"key\":\"save\"}"}]}
RESULT: undefined
COMMAND: POST /session/a64399a1195f4b74d2f6139fc8fd5cd0/element - {"using":"xpath","value":"//*[@id=\"__button90\"]"}
RESULT: {"using":"xpath","value":"//*[@id=\"__button90\"]"}
COMMAND: POST /session/a64399a1195f4b74d2f6139fc8fd5cd0/element/f.393C77C539AF0175FCB39A24D69769D1.d.E69A8633C4E0969170648692F04AFD55.e.6676/click - {}
RESULT: {}
COMMAND: POST /session/a64399a1195f4b74d2f6139fc8fd5cd0/execute/async - {"script":"<script> [1562 bytes]","args":[{"selector":{"controlType":"sap.m.Button","properties":{"text":"Close"},"searchOpenDialogs":true,"interaction":{"idSuffix":"inner"}},"wdio_ui5_key":"sapm.Button{\"text\":\"Close\"}"}]}
COMMAND: GET /session/a64399a1195f4b74d2f6139fc8fd5cd0/screenshot - {}
RESULT: {"script":"<script> [1562 bytes]","args":[{"selector":{"controlType":"sap.m.Button","properties":{"text":"Close"},"searchOpenDialogs":true,"interaction":{"idSuffix":"inner"}},"wdio_ui5_key":"sapm.Button{\"text\":\"Close\"}"}]}
RESULT: undefined
COMMAND: POST /session/a64399a1195f4b74d2f6139fc8fd5cd0/element - {"using":"xpath","value":"//*[@id=\"__mbox-btn-1\"]"}
RESULT: {}
RESULT: {"using":"xpath","value":"//*[@id=\"__mbox-btn-1\"]"}
COMMAND: POST /session/a64399a1195f4b74d2f6139fc8fd5cd0/element/f.393C77C539AF0175FCB39A24D69769D1.d.E69A8633C4E0969170648692F04AFD55.e.6813/click - {}
RESULT: {}
COMMAND: GET /session/a64399a1195f4b74d2f6139fc8fd5cd0/screenshot - {}
RESULT: {}
COMMAND: POST /session/a64399a1195f4b74d2f6139fc8fd5cd0/execute/async - {"script":"<script> [1562 bytes]","args":[{"selector":{"controlType":"sap.m.Text","viewName":"etm.portal.ui.managerequests.view.Detail","bindingPath":{"propertyPath":"NO","modelName":"catalogModel"}},"wdio_ui5_key":"etmportal.ui.managerequests.view.Detailsap.m.Text{\"propertyPath\":\"NO\",\"modelName\":\"catalogModel\"}"}]}
RESULT: {"script":"<script> [1562 bytes]","args":[{"selector":{"controlType":"sap.m.Text","viewName":"etm.portal.ui.managerequests.view.Detail","bindingPath":{"propertyPath":"NO","modelName":"catalogModel"}},"wdio_ui5_key":"etmportal.ui.managerequests.view.Detailsap.m.Text{\"propertyPath\":\"NO\",\"modelName\":\"catalogModel\"}"}]}
RESULT: undefined
COMMAND: POST /session/a64399a1195f4b74d2f6139fc8fd5cd0/execute/async - {"script":"<script> [6424 bytes]","args":[{"element-6066-11e4-a52e-4f735466cecf":"f.393C77C539AF0175FCB39A24D69769D1.d.E69A8633C4E0969170648692F04AFD55.e.7069"},"getText",[]]}
RESULT: {"script":"<script> [6424 bytes]","args":[{"element-6066-11e4-a52e-4f735466cecf":"f.393C77C539AF0175FCB39A24D69769D1.d.E69A8633C4E0969170648692F04AFD55.e.7069"},"getText",[]]}
COMMAND: POST /session/a64399a1195f4b74d2f6139fc8fd5cd0/element - {"using":"css selector","value":"#shell-header-logo"}
RESULT: {"using":"css selector","value":"#shell-header-logo"}
COMMAND: POST /session/a64399a1195f4b74d2f6139fc8fd5cd0/element/f.393C77C539AF0175FCB39A24D69769D1.d.E69A8633C4E0969170648692F04AFD55.e.6255/click - {}
RESULT: {}
COMMAND: GET /session/a64399a1195f4b74d2f6139fc8fd5cd0/screenshot - {}
RESULT: {}
]]></system-out>
    </testcase>
    <testcase classname="chrome.136_0_7103_93.windows.Yard_Overview_Autoplanning_US130989" name="Should navigate to Yard overview and plan the request" time="136.901">
      <system-out><![CDATA[
COMMAND: POST /session/a64399a1195f4b74d2f6139fc8fd5cd0/execute/async - {"script":"<script> [1562 bytes]","args":[{"selector":{"controlType":"sap.m.GenericTile","properties":{"header":"Yard Overview"}},"wdio_ui5_key":"sapm.GenericTile{\"header\":\"Yard Overview\"}"}]}
RESULT: {"script":"<script> [1562 bytes]","args":[{"selector":{"controlType":"sap.m.GenericTile","properties":{"header":"Yard Overview"}},"wdio_ui5_key":"sapm.GenericTile{\"header\":\"Yard Overview\"}"}]}
RESULT: undefined
COMMAND: POST /session/a64399a1195f4b74d2f6139fc8fd5cd0/element - {"using":"xpath","value":"//*[@id=\"__tile102\"]"}
RESULT: {"using":"xpath","value":"//*[@id=\"__tile102\"]"}
COMMAND: POST /session/a64399a1195f4b74d2f6139fc8fd5cd0/element/f.393C77C539AF0175FCB39A24D69769D1.d.E69A8633C4E0969170648692F04AFD55.e.7073/click - {}
RESULT: {}
COMMAND: GET /session/a64399a1195f4b74d2f6139fc8fd5cd0/screenshot - {}
RESULT: {}
COMMAND: POST /session/a64399a1195f4b74d2f6139fc8fd5cd0/elements - {"using":"xpath","value":"//span[text()='Error']"}
RESULT: {"using":"xpath","value":"//span[text()='Error']"}
COMMAND: POST /session/a64399a1195f4b74d2f6139fc8fd5cd0/execute/async - {"script":"<script> [1562 bytes]","args":[{"selector":{"id":"application-yardoverview-display-component---masterYardInventory--smartFilterBar-btnBasicSearch","interaction":{"idSuffix":"I"}},"wdio_ui5_key":"applicationyardoverview-display-component---masterYardInventory--smartFilterBar-btnBasicSearch"}]}
RESULT: {"script":"<script> [1562 bytes]","args":[{"selector":{"id":"application-yardoverview-display-component---masterYardInventory--smartFilterBar-btnBasicSearch","interaction":{"idSuffix":"I"}},"wdio_ui5_key":"applicationyardoverview-display-component---masterYardInventory--smartFilterBar-btnBasicSearch"}]}
RESULT: undefined
COMMAND: POST /session/a64399a1195f4b74d2f6139fc8fd5cd0/execute/async - {"script":"<script> [776 bytes]","args":[{"enterText":"226","selector":{"id":"application-yardoverview-display-component---masterYardInventory--smartFilterBar-btnBasicSearch","interaction":{"idSuffix":"I"}},"clearTextFirst":true,"interactionType":"ENTER_TEXT"}]}
RESULT: {"script":"<script> [776 bytes]","args":[{"enterText":"226","selector":{"id":"application-yardoverview-display-component---masterYardInventory--smartFilterBar-btnBasicSearch","interaction":{"idSuffix":"I"}},"clearTextFirst":true,"interactionType":"ENTER_TEXT"}]}
COMMAND: POST /session/a64399a1195f4b74d2f6139fc8fd5cd0/actions - {"actions":[{"id":"action20","type":"key","parameters":{},"actions":[{"type":"keyDown","value":""},{"type":"pause","duration":10},{"type":"keyUp","value":""}]}]}
RESULT: {"actions":[{"id":"action20","type":"key","parameters":{},"actions":[{"type":"keyDown","value":""},{"type":"pause","duration":10},{"type":"keyUp","value":""}]}]}
COMMAND: GET /session/a64399a1195f4b74d2f6139fc8fd5cd0/screenshot - {}
RESULT: {}
COMMAND: POST /session/a64399a1195f4b74d2f6139fc8fd5cd0/execute/async - {"script":"<script> [1562 bytes]","args":[{"selector":{"controlType":"sap.m.Text","viewName":"etm.portal.ui.yardoverview.view.Master","viewId":"application-yardoverview-display-component---masterYardInventory","bindingPath":{"propertyPath":"ID"}},"wdio_ui5_key":"etmportal.ui.yardoverview.view.Mastersap.m.Text{\"propertyPath\":\"ID\"}"}]}
RESULT: {"script":"<script> [1562 bytes]","args":[{"selector":{"controlType":"sap.m.Text","viewName":"etm.portal.ui.yardoverview.view.Master","viewId":"application-yardoverview-display-component---masterYardInventory","bindingPath":{"propertyPath":"ID"}},"wdio_ui5_key":"etmportal.ui.yardoverview.view.Mastersap.m.Text{\"propertyPath\":\"ID\"}"}]}
RESULT: undefined
COMMAND: POST /session/a64399a1195f4b74d2f6139fc8fd5cd0/element - {"using":"xpath","value":"//*[@id=\"__text982-__clone1641\"]"}
RESULT: {"using":"xpath","value":"//*[@id=\"__text982-__clone1641\"]"}
COMMAND: POST /session/a64399a1195f4b74d2f6139fc8fd5cd0/element/f.393C77C539AF0175FCB39A24D69769D1.d.E69A8633C4E0969170648692F04AFD55.e.7147/click - {}
RESULT: {}
COMMAND: GET /session/a64399a1195f4b74d2f6139fc8fd5cd0/screenshot - {}
RESULT: {}
COMMAND: POST /session/a64399a1195f4b74d2f6139fc8fd5cd0/execute/async - {"script":"<script> [1562 bytes]","args":[{"selector":{"id":"application-yardoverview-display-component---detailYardInventory--ObjectPageLayout-anchBar-application-yardoverview-display-component---detailYardInventory--openRequestsSection-anchor","interaction":{"idSuffix":"BDI-content"}},"wdio_ui5_key":"applicationyardoverview-display-component---detailYardInventory--ObjectPageLayout-anchBar-application-yardoverview-display-component---detailYardInventory--openRequestsSection-anchor"}]}
RESULT: {"script":"<script> [1562 bytes]","args":[{"selector":{"id":"application-yardoverview-display-component---detailYardInventory--ObjectPageLayout-anchBar-application-yardoverview-display-component---detailYardInventory--openRequestsSection-anchor","interaction":{"idSuffix":"BDI-content"}},"wdio_ui5_key":"applicationyardoverview-display-component---detailYardInventory--ObjectPageLayout-anchBar-application-yardoverview-display-component---detailYardInventory--openRequestsSection-anchor"}]}
RESULT: undefined
COMMAND: POST /session/a64399a1195f4b74d2f6139fc8fd5cd0/element - {"using":"xpath","value":"//*[@id=\"application-yardoverview-display-component---detailYardInventory--ObjectPageLayout-anchBar-application-yardoverview-display-component---detailYardInventory--openRequestsSection-anchor\"]"}
RESULT: {"using":"xpath","value":"//*[@id=\"application-yardoverview-display-component---detailYardInventory--ObjectPageLayout-anchBar-application-yardoverview-display-component---detailYardInventory--openRequestsSection-anchor\"]"}
COMMAND: POST /session/a64399a1195f4b74d2f6139fc8fd5cd0/element/f.393C77C539AF0175FCB39A24D69769D1.d.E69A8633C4E0969170648692F04AFD55.e.7241/click - {}
RESULT: {}
COMMAND: GET /session/a64399a1195f4b74d2f6139fc8fd5cd0/screenshot - {}
RESULT: {}
COMMAND: POST /session/a64399a1195f4b74d2f6139fc8fd5cd0/element - {"using":"xpath","value":"//input[contains(@aria-labelledby ,\"INTERNAL_GROUP-request\")]"}
RESULT: {"using":"xpath","value":"//input[contains(@aria-labelledby ,\"INTERNAL_GROUP-request\")]"}
COMMAND: POST /session/a64399a1195f4b74d2f6139fc8fd5cd0/element/f.393C77C539AF0175FCB39A24D69769D1.d.E69A8633C4E0969170648692F04AFD55.e.7252/clear - {}
RESULT: {}
COMMAND: POST /session/a64399a1195f4b74d2f6139fc8fd5cd0/element/f.393C77C539AF0175FCB39A24D69769D1.d.E69A8633C4E0969170648692F04AFD55.e.7252/value - {"text":"20088"}
COMMAND: GET /session/a64399a1195f4b74d2f6139fc8fd5cd0/screenshot - {}
RESULT: {"text":"20088"}
COMMAND: GET /session/a64399a1195f4b74d2f6139fc8fd5cd0/screenshot - {}
RESULT: {}
RESULT: {}
COMMAND: POST /session/a64399a1195f4b74d2f6139fc8fd5cd0/actions - {"actions":[{"id":"action21","type":"key","parameters":{},"actions":[{"type":"keyDown","value":""},{"type":"pause","duration":10},{"type":"keyUp","value":""}]}]}
RESULT: {"actions":[{"id":"action21","type":"key","parameters":{},"actions":[{"type":"keyDown","value":""},{"type":"pause","duration":10},{"type":"keyUp","value":""}]}]}
COMMAND: POST /session/a64399a1195f4b74d2f6139fc8fd5cd0/element - {"using":"xpath","value":"//button[contains(@id,\"openRequests-triggerAction-autoplanBtn\")]"}
COMMAND: GET /session/a64399a1195f4b74d2f6139fc8fd5cd0/screenshot - {}
RESULT: {"using":"xpath","value":"//button[contains(@id,\"openRequests-triggerAction-autoplanBtn\")]"}
COMMAND: POST /session/a64399a1195f4b74d2f6139fc8fd5cd0/element/f.393C77C539AF0175FCB39A24D69769D1.d.E69A8633C4E0969170648692F04AFD55.e.7273/click - {}
RESULT: {}
RESULT: {}
COMMAND: GET /session/a64399a1195f4b74d2f6139fc8fd5cd0/screenshot - {}
RESULT: {}
COMMAND: POST /session/a64399a1195f4b74d2f6139fc8fd5cd0/execute/async - {"script":"<script> [1562 bytes]","args":[{"selector":{"id":"application-yardoverview-display-component---detailYardInventory--customRequestsTable-sa","interaction":{"idSuffix":"CbBg"}},"wdio_ui5_key":"applicationyardoverview-display-component---detailYardInventory--customRequestsTable-sa"}]}
RESULT: {"script":"<script> [1562 bytes]","args":[{"selector":{"id":"application-yardoverview-display-component---detailYardInventory--customRequestsTable-sa","interaction":{"idSuffix":"CbBg"}},"wdio_ui5_key":"applicationyardoverview-display-component---detailYardInventory--customRequestsTable-sa"}]}
RESULT: undefined
COMMAND: POST /session/a64399a1195f4b74d2f6139fc8fd5cd0/element - {"using":"xpath","value":"//*[@id=\"application-yardoverview-display-component---detailYardInventory--customRequestsTable-sa\"]"}
RESULT: {"using":"xpath","value":"//*[@id=\"application-yardoverview-display-component---detailYardInventory--customRequestsTable-sa\"]"}
COMMAND: POST /session/a64399a1195f4b74d2f6139fc8fd5cd0/element/f.393C77C539AF0175FCB39A24D69769D1.d.E69A8633C4E0969170648692F04AFD55.e.7296/click - {}
RESULT: {}
COMMAND: GET /session/a64399a1195f4b74d2f6139fc8fd5cd0/screenshot - {}
RESULT: {}
COMMAND: POST /session/a64399a1195f4b74d2f6139fc8fd5cd0/element - {"using":"xpath","value":"//button[contains(@id,\"openRequests-triggerAction-autoplanBtn\")]"}
RESULT: {"using":"xpath","value":"//button[contains(@id,\"openRequests-triggerAction-autoplanBtn\")]"}
COMMAND: POST /session/a64399a1195f4b74d2f6139fc8fd5cd0/element/f.393C77C539AF0175FCB39A24D69769D1.d.E69A8633C4E0969170648692F04AFD55.e.7273/click - {}
RESULT: {}
COMMAND: GET /session/a64399a1195f4b74d2f6139fc8fd5cd0/screenshot - {}
RESULT: {}
COMMAND: POST /session/a64399a1195f4b74d2f6139fc8fd5cd0/element - {"using":"xpath","value":"//button[.//bdi[contains(text(),\"OK\")]]"}
RESULT: {"using":"xpath","value":"//button[.//bdi[contains(text(),\"OK\")]]"}
COMMAND: POST /session/a64399a1195f4b74d2f6139fc8fd5cd0/element/f.393C77C539AF0175FCB39A24D69769D1.d.E69A8633C4E0969170648692F04AFD55.e.7297/click - {}
RESULT: {}
COMMAND: GET /session/a64399a1195f4b74d2f6139fc8fd5cd0/screenshot - {}
RESULT: {}
COMMAND: POST /session/a64399a1195f4b74d2f6139fc8fd5cd0/execute/async - {"script":"<script> [1562 bytes]","args":[{"selector":{"id":"application-yardoverview-display-component---detailYardInventory--refreshOpenRequests-img"},"wdio_ui5_key":"applicationyardoverview-display-component---detailYardInventory--refreshOpenRequests-img"}]}
RESULT: {"script":"<script> [1562 bytes]","args":[{"selector":{"id":"application-yardoverview-display-component---detailYardInventory--refreshOpenRequests-img"},"wdio_ui5_key":"applicationyardoverview-display-component---detailYardInventory--refreshOpenRequests-img"}]}
RESULT: undefined
COMMAND: POST /session/a64399a1195f4b74d2f6139fc8fd5cd0/element - {"using":"xpath","value":"//*[@id=\"application-yardoverview-display-component---detailYardInventory--refreshOpenRequests-img\"]"}
RESULT: {"using":"xpath","value":"//*[@id=\"application-yardoverview-display-component---detailYardInventory--refreshOpenRequests-img\"]"}
COMMAND: POST /session/a64399a1195f4b74d2f6139fc8fd5cd0/element/f.393C77C539AF0175FCB39A24D69769D1.d.E69A8633C4E0969170648692F04AFD55.e.7299/click - {}
RESULT: {}
COMMAND: GET /session/a64399a1195f4b74d2f6139fc8fd5cd0/screenshot - {}
RESULT: {}
COMMAND: POST /session/a64399a1195f4b74d2f6139fc8fd5cd0/execute/async - {"script":"<script> [1562 bytes]","args":[{"selector":{"id":"application-yardoverview-display-component---detailYardInventory--ObjectPageLayout-anchBar-application-yardoverview-display-component---detailYardInventory--openProvidesSection-anchor","interaction":{"idSuffix":"BDI-content"}},"wdio_ui5_key":"applicationyardoverview-display-component---detailYardInventory--ObjectPageLayout-anchBar-application-yardoverview-display-component---detailYardInventory--openProvidesSection-anchor"}]}
RESULT: {"script":"<script> [1562 bytes]","args":[{"selector":{"id":"application-yardoverview-display-component---detailYardInventory--ObjectPageLayout-anchBar-application-yardoverview-display-component---detailYardInventory--openProvidesSection-anchor","interaction":{"idSuffix":"BDI-content"}},"wdio_ui5_key":"applicationyardoverview-display-component---detailYardInventory--ObjectPageLayout-anchBar-application-yardoverview-display-component---detailYardInventory--openProvidesSection-anchor"}]}
RESULT: undefined
COMMAND: POST /session/a64399a1195f4b74d2f6139fc8fd5cd0/element - {"using":"xpath","value":"//*[@id=\"application-yardoverview-display-component---detailYardInventory--ObjectPageLayout-anchBar-application-yardoverview-display-component---detailYardInventory--openProvidesSection-anchor\"]"}
RESULT: {"using":"xpath","value":"//*[@id=\"application-yardoverview-display-component---detailYardInventory--ObjectPageLayout-anchBar-application-yardoverview-display-component---detailYardInventory--openProvidesSection-anchor\"]"}
COMMAND: POST /session/a64399a1195f4b74d2f6139fc8fd5cd0/element/f.393C77C539AF0175FCB39A24D69769D1.d.E69A8633C4E0969170648692F04AFD55.e.7303/click - {}
RESULT: {}
COMMAND: GET /session/a64399a1195f4b74d2f6139fc8fd5cd0/screenshot - {}
RESULT: {}
COMMAND: POST /session/a64399a1195f4b74d2f6139fc8fd5cd0/element - {"using":"css selector","value":"#shell-header-logo"}
RESULT: {"using":"css selector","value":"#shell-header-logo"}
COMMAND: POST /session/a64399a1195f4b74d2f6139fc8fd5cd0/element/f.393C77C539AF0175FCB39A24D69769D1.d.E69A8633C4E0969170648692F04AFD55.e.7075/click - {}
RESULT: {}
COMMAND: GET /session/a64399a1195f4b74d2f6139fc8fd5cd0/screenshot - {}
RESULT: {}
RESULT: undefined
COMMAND: POST /session/a64399a1195f4b74d2f6139fc8fd5cd0/element - {"using":"xpath","value":"//*[@id=\"__tile47\"]"}
RESULT: {"using":"xpath","value":"//*[@id=\"__tile47\"]"}
COMMAND: POST /session/a64399a1195f4b74d2f6139fc8fd5cd0/element/f.393C77C539AF0175FCB39A24D69769D1.d.E69A8633C4E0969170648692F04AFD55.e.5621/click - {}
RESULT: {}
COMMAND: GET /session/a64399a1195f4b74d2f6139fc8fd5cd0/screenshot - {}
RESULT: {}
COMMAND: POST /session/a64399a1195f4b74d2f6139fc8fd5cd0/elements - {"using":"xpath","value":"//span[text()='Error']"}
RESULT: {"using":"xpath","value":"//span[text()='Error']"}
COMMAND: POST /session/a64399a1195f4b74d2f6139fc8fd5cd0/execute/async - {"script":"<script> [1562 bytes]","args":[{"selector":{"controlType":"sap.m.SearchField","viewName":"etm.portal.ui.managerequests.view.Master","bindingPath":{"path":"","propertyPath":"/_BASIC_SEARCH_FIELD","modelName":"fi1t3rM0d31"},"interaction":{"idSuffix":"I"}},"wdio_ui5_key":"etmportal.ui.managerequests.view.Mastersap.m.SearchField{\"path\":\"\",\"propertyPath\":\"/_BASIC_SEARCH_FIELD\",\"modelName\":\"fi1t3rM0d31\"}"}]}
RESULT: {"script":"<script> [1562 bytes]","args":[{"selector":{"controlType":"sap.m.SearchField","viewName":"etm.portal.ui.managerequests.view.Master","bindingPath":{"path":"","propertyPath":"/_BASIC_SEARCH_FIELD","modelName":"fi1t3rM0d31"},"interaction":{"idSuffix":"I"}},"wdio_ui5_key":"etmportal.ui.managerequests.view.Mastersap.m.SearchField{\"path\":\"\",\"propertyPath\":\"/_BASIC_SEARCH_FIELD\",\"modelName\":\"fi1t3rM0d31\"}"}]}
RESULT: undefined
COMMAND: POST /session/a64399a1195f4b74d2f6139fc8fd5cd0/execute/async - {"script":"<script> [776 bytes]","args":[{"enterText":"20088","selector":{"controlType":"sap.m.SearchField","viewName":"etm.portal.ui.managerequests.view.Master","bindingPath":{"path":"","propertyPath":"/_BASIC_SEARCH_FIELD","modelName":"fi1t3rM0d31"},"interaction":{"idSuffix":"I"}},"clearTextFirst":true,"interactionType":"ENTER_TEXT"}]}
RESULT: {"script":"<script> [776 bytes]","args":[{"enterText":"20088","selector":{"controlType":"sap.m.SearchField","viewName":"etm.portal.ui.managerequests.view.Master","bindingPath":{"path":"","propertyPath":"/_BASIC_SEARCH_FIELD","modelName":"fi1t3rM0d31"},"interaction":{"idSuffix":"I"}},"clearTextFirst":true,"interactionType":"ENTER_TEXT"}]}
COMMAND: POST /session/a64399a1195f4b74d2f6139fc8fd5cd0/actions - {"actions":[{"id":"action22","type":"key","parameters":{},"actions":[{"type":"keyDown","value":""},{"type":"pause","duration":10},{"type":"keyUp","value":""}]}]}
RESULT: {"actions":[{"id":"action22","type":"key","parameters":{},"actions":[{"type":"keyDown","value":""},{"type":"pause","duration":10},{"type":"keyUp","value":""}]}]}
COMMAND: GET /session/a64399a1195f4b74d2f6139fc8fd5cd0/screenshot - {}
RESULT: {}
COMMAND: POST /session/a64399a1195f4b74d2f6139fc8fd5cd0/execute/async - {"script":"<script> [1562 bytes]","args":[{"selector":{"controlType":"sap.m.ObjectNumber","viewName":"etm.portal.ui.managerequests.view.Master","bindingPath":{"propertyPath":"IN_USE_FOR"},"interaction":{"idSuffix":"number"}},"wdio_ui5_key":"etmportal.ui.managerequests.view.Mastersap.m.ObjectNumber{\"propertyPath\":\"IN_USE_FOR\"}"}]}
RESULT: {"script":"<script> [1562 bytes]","args":[{"selector":{"controlType":"sap.m.ObjectNumber","viewName":"etm.portal.ui.managerequests.view.Master","bindingPath":{"propertyPath":"IN_USE_FOR"},"interaction":{"idSuffix":"number"}},"wdio_ui5_key":"etmportal.ui.managerequests.view.Mastersap.m.ObjectNumber{\"propertyPath\":\"IN_USE_FOR\"}"}]}
RESULT: undefined
COMMAND: POST /session/a64399a1195f4b74d2f6139fc8fd5cd0/element - {"using":"xpath","value":"//*[@id=\"__number8-__clone1843\"]"}
RESULT: {"using":"xpath","value":"//*[@id=\"__number8-__clone1843\"]"}
COMMAND: POST /session/a64399a1195f4b74d2f6139fc8fd5cd0/element/f.393C77C539AF0175FCB39A24D69769D1.d.E69A8633C4E0969170648692F04AFD55.e.7446/click - {}
RESULT: {}
COMMAND: POST /session/a64399a1195f4b74d2f6139fc8fd5cd0/execute/async - {"script":"<script> [1562 bytes]","args":[{"selector":{"controlType":"sap.m.ObjectStatus","viewName":"etm.portal.ui.managerequests.view.Detail","bindingPath":{"propertyPath":"LINK_TO_STATUS/DESCRIPTION","modelName":"catalogModel"}},"wdio_ui5_key":"etmportal.ui.managerequests.view.Detailsap.m.ObjectStatus{\"propertyPath\":\"LINK_TO_STATUS/DESCRIPTION\",\"modelName\":\"catalogModel\"}"}]}
COMMAND: GET /session/a64399a1195f4b74d2f6139fc8fd5cd0/screenshot - {}
RESULT: {"script":"<script> [1562 bytes]","args":[{"selector":{"controlType":"sap.m.ObjectStatus","viewName":"etm.portal.ui.managerequests.view.Detail","bindingPath":{"propertyPath":"LINK_TO_STATUS/DESCRIPTION","modelName":"catalogModel"}},"wdio_ui5_key":"etmportal.ui.managerequests.view.Detailsap.m.ObjectStatus{\"propertyPath\":\"LINK_TO_STATUS/DESCRIPTION\",\"modelName\":\"catalogModel\"}"}]}
RESULT: undefined
COMMAND: POST /session/a64399a1195f4b74d2f6139fc8fd5cd0/execute/async - {"script":"<script> [6424 bytes]","args":[{"element-6066-11e4-a52e-4f735466cecf":"f.393C77C539AF0175FCB39A24D69769D1.d.E69A8633C4E0969170648692F04AFD55.e.7643"},"getText",[]]}
RESULT: {}
RESULT: {"script":"<script> [6424 bytes]","args":[{"element-6066-11e4-a52e-4f735466cecf":"f.393C77C539AF0175FCB39A24D69769D1.d.E69A8633C4E0969170648692F04AFD55.e.7643"},"getText",[]]}
COMMAND: POST /session/a64399a1195f4b74d2f6139fc8fd5cd0/element - {"using":"css selector","value":"#shell-header-logo"}
RESULT: {"using":"css selector","value":"#shell-header-logo"}
COMMAND: POST /session/a64399a1195f4b74d2f6139fc8fd5cd0/element/f.393C77C539AF0175FCB39A24D69769D1.d.E69A8633C4E0969170648692F04AFD55.e.7321/click - {}
RESULT: {}
COMMAND: GET /session/a64399a1195f4b74d2f6139fc8fd5cd0/screenshot - {}
RESULT: {}
COMMAND: DELETE /session/a64399a1195f4b74d2f6139fc8fd5cd0 - {}
RESULT: {}
]]></system-out>
    </testcase>
  </testsuite>
</testsuites>