<?xml version="1.0" encoding="UTF-8"?>
<testsuites tests="24" failures="0" errors="0" skipped="0">
  <testsuite timestamp="2025-05-26T15:37:41" time="705.052" tests="5" failures="0" errors="0" skipped="0">
    <properties>
      <property name="specId" value="0"/>
      <property name="suiteName" value="Manage Requests Tags Tests US120163"/>
      <property name="capabilities" value="chrome.136_0_7103_93.windows"/>
      <property name="file" value="file:///D:/a/1/s/test/specs/R2C/create-request-Tags.spec.js"/>
    </properties>
    <testcase classname="chrome.136_0_7103_93.windows.Manage_Requests_Tags_Tests_US120163" name="Should create a new yard" time="137.954">
      <system-out><![CDATA[
COMMAND: POST /session/7ceb9c4207408afb27fb3a73a7391b04/execute/async - {"script":"<script> [1562 bytes]","args":[{"selector":{"controlType":"sap.m.GenericTile","properties":{"header":"Manage Yards"}},"wdio_ui5_key":"sapm.GenericTile{\"header\":\"Manage Yards\"}"}]}
RESULT: {"script":"<script> [1562 bytes]","args":[{"selector":{"controlType":"sap.m.GenericTile","properties":{"header":"Manage Yards"}},"wdio_ui5_key":"sapm.GenericTile{\"header\":\"Manage Yards\"}"}]}
RESULT: undefined
COMMAND: POST /session/7ceb9c4207408afb27fb3a73a7391b04/element - {"using":"xpath","value":"//*[@id=\"__tile41\"]"}
RESULT: {"using":"xpath","value":"//*[@id=\"__tile41\"]"}
COMMAND: POST /session/7ceb9c4207408afb27fb3a73a7391b04/element/f.0A3556A37C534166386D2A4E113E99D8.d.FC59416B86B54CD7BB553B7D5DD89A3D.e.126/click - {}
RESULT: {}
COMMAND: GET /session/7ceb9c4207408afb27fb3a73a7391b04/screenshot - {}
RESULT: {}
COMMAND: POST /session/7ceb9c4207408afb27fb3a73a7391b04/elements - {"using":"xpath","value":"//span[text()='Error']"}
RESULT: {"using":"xpath","value":"//span[text()='Error']"}
COMMAND: POST /session/7ceb9c4207408afb27fb3a73a7391b04/execute/async - {"script":"<script> [1562 bytes]","args":[{"selector":{"controlType":"sap.ui.core.Icon","viewName":"etm.portal.ui.manageyards.view.Master","viewId":"application-manageyards-display-component---masterYard","properties":{"src":{"regex":{"source":"add"}}}},"wdio_ui5_key":"etmportal.ui.manageyards.view.Mastersap.ui.core.Icon{\"src\":{\"regex\":{\"source\":\"add\"}}}"}]}
RESULT: {"script":"<script> [1562 bytes]","args":[{"selector":{"controlType":"sap.ui.core.Icon","viewName":"etm.portal.ui.manageyards.view.Master","viewId":"application-manageyards-display-component---masterYard","properties":{"src":{"regex":{"source":"add"}}}},"wdio_ui5_key":"etmportal.ui.manageyards.view.Mastersap.ui.core.Icon{\"src\":{\"regex\":{\"source\":\"add\"}}}"}]}
RESULT: undefined
COMMAND: POST /session/7ceb9c4207408afb27fb3a73a7391b04/element - {"using":"xpath","value":"//*[@id=\"__button4-img\"]"}
RESULT: {"using":"xpath","value":"//*[@id=\"__button4-img\"]"}
COMMAND: POST /session/7ceb9c4207408afb27fb3a73a7391b04/element/f.0A3556A37C534166386D2A4E113E99D8.d.FC59416B86B54CD7BB553B7D5DD89A3D.e.174/click - {}
RESULT: {}
COMMAND: GET /session/7ceb9c4207408afb27fb3a73a7391b04/screenshot - {}
RESULT: {}
COMMAND: POST /session/7ceb9c4207408afb27fb3a73a7391b04/execute/async - {"script":"<script> [1562 bytes]","args":[{"selector":{"id":"application-manageyards-display-component---NewYard--yardId","interaction":{"idSuffix":"inner"}},"wdio_ui5_key":"applicationmanageyards-display-component---NewYard--yardId"}]}
RESULT: {"script":"<script> [1562 bytes]","args":[{"selector":{"id":"application-manageyards-display-component---NewYard--yardId","interaction":{"idSuffix":"inner"}},"wdio_ui5_key":"applicationmanageyards-display-component---NewYard--yardId"}]}
RESULT: undefined
COMMAND: POST /session/7ceb9c4207408afb27fb3a73a7391b04/element - {"using":"xpath","value":"//*[@id=\"application-manageyards-display-component---NewYard--addressDetailDetailsName1-inner\"]"}
RESULT: {"using":"xpath","value":"//*[@id=\"application-manageyards-display-component---NewYard--addressDetailDetailsName1-inner\"]"}
COMMAND: POST /session/7ceb9c4207408afb27fb3a73a7391b04/element/f.0A3556A37C534166386D2A4E113E99D8.d.FC59416B86B54CD7BB553B7D5DD89A3D.e.388/clear - {}
RESULT: {}
COMMAND: POST /session/7ceb9c4207408afb27fb3a73a7391b04/element/f.0A3556A37C534166386D2A4E113E99D8.d.FC59416B86B54CD7BB553B7D5DD89A3D.e.388/value - {"text":"WebdriverYard2bocbg"}
COMMAND: GET /session/7ceb9c4207408afb27fb3a73a7391b04/screenshot - {}
RESULT: {"text":"WebdriverYard2bocbg"}
COMMAND: POST /session/7ceb9c4207408afb27fb3a73a7391b04/element - {"using":"xpath","value":"//*[@id=\"application-manageyards-display-component---NewYard--addressDetailDetailsLanguage-inner\"]"}
COMMAND: GET /session/7ceb9c4207408afb27fb3a73a7391b04/screenshot - {}
RESULT: {}
RESULT: {"using":"xpath","value":"//*[@id=\"application-manageyards-display-component---NewYard--addressDetailDetailsLanguage-inner\"]"}
COMMAND: POST /session/7ceb9c4207408afb27fb3a73a7391b04/element/f.0A3556A37C534166386D2A4E113E99D8.d.FC59416B86B54CD7BB553B7D5DD89A3D.e.389/clear - {}
RESULT: {}
RESULT: {}
COMMAND: POST /session/7ceb9c4207408afb27fb3a73a7391b04/element/f.0A3556A37C534166386D2A4E113E99D8.d.FC59416B86B54CD7BB553B7D5DD89A3D.e.389/value - {"text":"Romanian"}
COMMAND: GET /session/7ceb9c4207408afb27fb3a73a7391b04/screenshot - {}
RESULT: {"text":"Romanian"}
COMMAND: POST /session/7ceb9c4207408afb27fb3a73a7391b04/element - {"using":"xpath","value":"//input[contains(@id ,\"application-manageyards-display-component---NewYard--addressDetailDetailsName1-inner\")]"}
COMMAND: GET /session/7ceb9c4207408afb27fb3a73a7391b04/screenshot - {}
RESULT: {}
RESULT: {"using":"xpath","value":"//input[contains(@id ,\"application-manageyards-display-component---NewYard--addressDetailDetailsName1-inner\")]"}
COMMAND: GET /session/7ceb9c4207408afb27fb3a73a7391b04/element/f.0A3556A37C534166386D2A4E113E99D8.d.FC59416B86B54CD7BB553B7D5DD89A3D.e.388/property/value - {}
RESULT: {}
RESULT: {}
COMMAND: GET /session/7ceb9c4207408afb27fb3a73a7391b04/screenshot - {}
RESULT: {}
COMMAND: POST /session/7ceb9c4207408afb27fb3a73a7391b04/element - {"using":"xpath","value":"//*[@id=\"application-manageyards-display-component---NewYard--addressDetailDetailsCity1-inner\"]"}
RESULT: {"using":"xpath","value":"//*[@id=\"application-manageyards-display-component---NewYard--addressDetailDetailsCity1-inner\"]"}
COMMAND: POST /session/7ceb9c4207408afb27fb3a73a7391b04/element/f.0A3556A37C534166386D2A4E113E99D8.d.FC59416B86B54CD7BB553B7D5DD89A3D.e.391/clear - {}
RESULT: {}
COMMAND: POST /session/7ceb9c4207408afb27fb3a73a7391b04/element/f.0A3556A37C534166386D2A4E113E99D8.d.FC59416B86B54CD7BB553B7D5DD89A3D.e.391/value - {"text":"Bucuresti"}
COMMAND: GET /session/7ceb9c4207408afb27fb3a73a7391b04/screenshot - {}
RESULT: {"text":"Bucuresti"}
COMMAND: GET /session/7ceb9c4207408afb27fb3a73a7391b04/screenshot - {}
RESULT: {}
RESULT: {}
COMMAND: POST /session/7ceb9c4207408afb27fb3a73a7391b04/element - {"using":"xpath","value":"//*[@id=\"application-manageyards-display-component---NewYard--addressDetailDetailsCountry-inner\"]"}
RESULT: {"using":"xpath","value":"//*[@id=\"application-manageyards-display-component---NewYard--addressDetailDetailsCountry-inner\"]"}
COMMAND: POST /session/7ceb9c4207408afb27fb3a73a7391b04/element/f.0A3556A37C534166386D2A4E113E99D8.d.FC59416B86B54CD7BB553B7D5DD89A3D.e.395/clear - {}
RESULT: {}
COMMAND: POST /session/7ceb9c4207408afb27fb3a73a7391b04/element/f.0A3556A37C534166386D2A4E113E99D8.d.FC59416B86B54CD7BB553B7D5DD89A3D.e.395/value - {"text":"Romania"}
COMMAND: GET /session/7ceb9c4207408afb27fb3a73a7391b04/screenshot - {}
RESULT: {"text":"Romania"}
COMMAND: GET /session/7ceb9c4207408afb27fb3a73a7391b04/screenshot - {}
RESULT: {}
RESULT: {}
COMMAND: POST /session/7ceb9c4207408afb27fb3a73a7391b04/element - {"using":"xpath","value":"//div[contains(text(), \"Commercial\")]"}
RESULT: {"using":"xpath","value":"//div[contains(text(), \"Commercial\")]"}
COMMAND: GET /session/7ceb9c4207408afb27fb3a73a7391b04/element/f.0A3556A37C534166386D2A4E113E99D8.d.FC59416B86B54CD7BB553B7D5DD89A3D.e.582/rect - {}
RESULT: {}
COMMAND: GET /session/7ceb9c4207408afb27fb3a73a7391b04/window/rect - {}
RESULT: {}
COMMAND: POST /session/7ceb9c4207408afb27fb3a73a7391b04/execute/sync - {"script":"<script> [92 bytes]","args":[]}
RESULT: {"script":"<script> [92 bytes]","args":[]}
COMMAND: POST /session/7ceb9c4207408afb27fb3a73a7391b04/actions - {"actions":[{"id":"action1","type":"wheel","parameters":{},"actions":[{"type":"scroll","x":-1841,"y":-44,"deltaX":0,"deltaY":0,"duration":0,"origin":{"element-6066-11e4-a52e-4f735466cecf":"f.0A3556A37C534166386D2A4E113E99D8.d.FC59416B86B54CD7BB553B7D5DD89A3D.e.582"}}]}]}
COMMAND: GET /session/7ceb9c4207408afb27fb3a73a7391b04/screenshot - {}
RESULT: {}
COMMAND: POST /session/7ceb9c4207408afb27fb3a73a7391b04/execute/sync - {"script":"<script> [79 bytes]","args":[{"element-6066-11e4-a52e-4f735466cecf":"f.0A3556A37C534166386D2A4E113E99D8.d.FC59416B86B54CD7BB553B7D5DD89A3D.e.582","ELEMENT":"f.0A3556A37C534166386D2A4E113E99D8.d.FC59416B86B54CD7BB553B7D5DD89A3D.e.582"},{"block":"start","inline":"nearest"}]}
RESULT: {"script":"<script> [79 bytes]","args":[{"element-6066-11e4-a52e-4f735466cecf":"f.0A3556A37C534166386D2A4E113E99D8.d.FC59416B86B54CD7BB553B7D5DD89A3D.e.582","ELEMENT":"f.0A3556A37C534166386D2A4E113E99D8.d.FC59416B86B54CD7BB553B7D5DD89A3D.e.582"},{"block":"start","inline":"nearest"}]}
COMMAND: GET /session/7ceb9c4207408afb27fb3a73a7391b04/screenshot - {}
RESULT: {}
COMMAND: POST /session/7ceb9c4207408afb27fb3a73a7391b04/execute/async - {"script":"<script> [1562 bytes]","args":[{"selector":{"id":"application-manageyards-display-component---NewYard--addressEditDetailsCostObjectCstType-arrow"},"wdio_ui5_key":"applicationmanageyards-display-component---NewYard--addressEditDetailsCostObjectCstType-arrow"}]}
RESULT: {"script":"<script> [1562 bytes]","args":[{"selector":{"id":"application-manageyards-display-component---NewYard--addressEditDetailsCostObjectCstType-arrow"},"wdio_ui5_key":"applicationmanageyards-display-component---NewYard--addressEditDetailsCostObjectCstType-arrow"}]}
RESULT: undefined
COMMAND: POST /session/7ceb9c4207408afb27fb3a73a7391b04/element - {"using":"xpath","value":"//*[@id=\"application-manageyards-display-component---NewYard--addressEditDetailsCostObjectCstType-arrow\"]"}
RESULT: {"using":"xpath","value":"//*[@id=\"application-manageyards-display-component---NewYard--addressEditDetailsCostObjectCstType-arrow\"]"}
COMMAND: POST /session/7ceb9c4207408afb27fb3a73a7391b04/element/f.0A3556A37C534166386D2A4E113E99D8.d.FC59416B86B54CD7BB553B7D5DD89A3D.e.590/click - {}
RESULT: {}
COMMAND: POST /session/7ceb9c4207408afb27fb3a73a7391b04/element - {"using":"xpath","value":"//span[contains(text(), \"Cost Center\")]"}
COMMAND: GET /session/7ceb9c4207408afb27fb3a73a7391b04/screenshot - {}
RESULT: {"using":"xpath","value":"//span[contains(text(), \"Cost Center\")]"}
COMMAND: POST /session/7ceb9c4207408afb27fb3a73a7391b04/element/f.0A3556A37C534166386D2A4E113E99D8.d.FC59416B86B54CD7BB553B7D5DD89A3D.e.591/click - {}
RESULT: {}
RESULT: {}
COMMAND: GET /session/7ceb9c4207408afb27fb3a73a7391b04/screenshot - {}
RESULT: {}
COMMAND: POST /session/7ceb9c4207408afb27fb3a73a7391b04/execute/async - {"script":"<script> [1562 bytes]","args":[{"selector":{"id":"application-manageyards-display-component---NewYard--addressNewCostObjectCstID-vhi"},"wdio_ui5_key":"applicationmanageyards-display-component---NewYard--addressNewCostObjectCstID-vhi"}]}
RESULT: {"script":"<script> [1562 bytes]","args":[{"selector":{"id":"application-manageyards-display-component---NewYard--addressNewCostObjectCstID-vhi"},"wdio_ui5_key":"applicationmanageyards-display-component---NewYard--addressNewCostObjectCstID-vhi"}]}
RESULT: undefined
COMMAND: POST /session/7ceb9c4207408afb27fb3a73a7391b04/element - {"using":"xpath","value":"//*[@id=\"application-manageyards-display-component---NewYard--addressNewCostObjectCstID-vhi\"]"}
RESULT: {"using":"xpath","value":"//*[@id=\"application-manageyards-display-component---NewYard--addressNewCostObjectCstID-vhi\"]"}
COMMAND: POST /session/7ceb9c4207408afb27fb3a73a7391b04/element/f.0A3556A37C534166386D2A4E113E99D8.d.FC59416B86B54CD7BB553B7D5DD89A3D.e.595/click - {}
RESULT: {}
COMMAND: GET /session/7ceb9c4207408afb27fb3a73a7391b04/screenshot - {}
RESULT: {}
COMMAND: POST /session/7ceb9c4207408afb27fb3a73a7391b04/execute/async - {"script":"<script> [1562 bytes]","args":[{"selector":{"controlType":"sap.m.SearchField","properties":{"placeholder":"Search"},"searchOpenDialogs":true,"interaction":{"idSuffix":"I"}},"wdio_ui5_key":"sapm.SearchField{\"placeholder\":\"Search\"}"}]}
RESULT: {"script":"<script> [1562 bytes]","args":[{"selector":{"controlType":"sap.m.SearchField","properties":{"placeholder":"Search"},"searchOpenDialogs":true,"interaction":{"idSuffix":"I"}},"wdio_ui5_key":"sapm.SearchField{\"placeholder\":\"Search\"}"}]}
RESULT: undefined
COMMAND: POST /session/7ceb9c4207408afb27fb3a73a7391b04/execute/async - {"script":"<script> [776 bytes]","args":[{"enterText":"10001013","selector":{"controlType":"sap.m.SearchField","properties":{"placeholder":"Search"},"searchOpenDialogs":true,"interaction":{"idSuffix":"I"}},"clearTextFirst":true,"interactionType":"ENTER_TEXT"}]}
RESULT: {"script":"<script> [776 bytes]","args":[{"enterText":"10001013","selector":{"controlType":"sap.m.SearchField","properties":{"placeholder":"Search"},"searchOpenDialogs":true,"interaction":{"idSuffix":"I"}},"clearTextFirst":true,"interactionType":"ENTER_TEXT"}]}
COMMAND: POST /session/7ceb9c4207408afb27fb3a73a7391b04/actions - {"actions":[{"id":"action2","type":"key","parameters":{},"actions":[{"type":"keyDown","value":""},{"type":"pause","duration":10},{"type":"keyUp","value":""}]}]}
RESULT: {"actions":[{"id":"action2","type":"key","parameters":{},"actions":[{"type":"keyDown","value":""},{"type":"pause","duration":10},{"type":"keyUp","value":""}]}]}
COMMAND: GET /session/7ceb9c4207408afb27fb3a73a7391b04/screenshot - {}
RESULT: {}
COMMAND: POST /session/7ceb9c4207408afb27fb3a73a7391b04/element - {"using":"xpath","value":"//span[contains(text(), \"General Management\")]"}
RESULT: {"using":"xpath","value":"//span[contains(text(), \"General Management\")]"}
COMMAND: POST /session/7ceb9c4207408afb27fb3a73a7391b04/element/f.0A3556A37C534166386D2A4E113E99D8.d.FC59416B86B54CD7BB553B7D5DD89A3D.e.636/click - {}
RESULT: {}
COMMAND: GET /session/7ceb9c4207408afb27fb3a73a7391b04/screenshot - {}
RESULT: {}
COMMAND: POST /session/7ceb9c4207408afb27fb3a73a7391b04/element - {"using":"xpath","value":"//bdi[contains(text(), \"OK\")]"}
RESULT: {"using":"xpath","value":"//bdi[contains(text(), \"OK\")]"}
COMMAND: POST /session/7ceb9c4207408afb27fb3a73a7391b04/element/f.0A3556A37C534166386D2A4E113E99D8.d.FC59416B86B54CD7BB553B7D5DD89A3D.e.637/click - {}
RESULT: {}
COMMAND: GET /session/7ceb9c4207408afb27fb3a73a7391b04/screenshot - {}
RESULT: {}
COMMAND: POST /session/7ceb9c4207408afb27fb3a73a7391b04/execute/async - {"script":"<script> [1562 bytes]","args":[{"selector":{"controlType":"sap.m.Button","viewName":"etm.portal.ui.manageyards.view.New","viewId":"application-manageyards-display-component---NewYard","i18NText":{"propertyName":"text","key":"save"},"interaction":{"idSuffix":"inner"}},"wdio_ui5_key":"etmportal.ui.manageyards.view.Newsap.m.Button{\"propertyName\":\"text\",\"key\":\"save\"}"}]}
RESULT: {"script":"<script> [1562 bytes]","args":[{"selector":{"controlType":"sap.m.Button","viewName":"etm.portal.ui.manageyards.view.New","viewId":"application-manageyards-display-component---NewYard","i18NText":{"propertyName":"text","key":"save"},"interaction":{"idSuffix":"inner"}},"wdio_ui5_key":"etmportal.ui.manageyards.view.Newsap.m.Button{\"propertyName\":\"text\",\"key\":\"save\"}"}]}
RESULT: undefined
COMMAND: POST /session/7ceb9c4207408afb27fb3a73a7391b04/element - {"using":"xpath","value":"//*[@id=\"__button18\"]"}
RESULT: {"using":"xpath","value":"//*[@id=\"__button18\"]"}
COMMAND: POST /session/7ceb9c4207408afb27fb3a73a7391b04/element/f.0A3556A37C534166386D2A4E113E99D8.d.FC59416B86B54CD7BB553B7D5DD89A3D.e.562/click - {}
RESULT: {}
COMMAND: GET /session/7ceb9c4207408afb27fb3a73a7391b04/screenshot - {}
RESULT: {}
COMMAND: POST /session/7ceb9c4207408afb27fb3a73a7391b04/element - {"using":"xpath","value":"//header/div/div[2]/div[2]/span"}
RESULT: {"using":"xpath","value":"//header/div/div[2]/div[2]/span"}
COMMAND: GET /session/7ceb9c4207408afb27fb3a73a7391b04/element/f.0A3556A37C534166386D2A4E113E99D8.d.FC59416B86B54CD7BB553B7D5DD89A3D.e.831/text - {}
RESULT: {}
COMMAND: POST /session/7ceb9c4207408afb27fb3a73a7391b04/execute/async - {"script":"<script> [1562 bytes]","args":[{"selector":{"controlType":"sap.m.OverflowToolbarButton","viewName":"etm.portal.ui.manageyards.view.Detail","viewId":"application-manageyards-display-component---detailYard","i18NText":{"propertyName":"tooltip","key":"closeColumn"},"interaction":{"idSuffix":"inner"}},"wdio_ui5_key":"etmportal.ui.manageyards.view.Detailsap.m.OverflowToolbarButton{\"propertyName\":\"tooltip\",\"key\":\"closeColumn\"}"}]}
RESULT: {"script":"<script> [1562 bytes]","args":[{"selector":{"controlType":"sap.m.OverflowToolbarButton","viewName":"etm.portal.ui.manageyards.view.Detail","viewId":"application-manageyards-display-component---detailYard","i18NText":{"propertyName":"tooltip","key":"closeColumn"},"interaction":{"idSuffix":"inner"}},"wdio_ui5_key":"etmportal.ui.manageyards.view.Detailsap.m.OverflowToolbarButton{\"propertyName\":\"tooltip\",\"key\":\"closeColumn\"}"}]}
RESULT: undefined
COMMAND: POST /session/7ceb9c4207408afb27fb3a73a7391b04/element - {"using":"xpath","value":"//*[@id=\"__button42\"]"}
RESULT: {"using":"xpath","value":"//*[@id=\"__button42\"]"}
COMMAND: POST /session/7ceb9c4207408afb27fb3a73a7391b04/element/f.0A3556A37C534166386D2A4E113E99D8.d.FC59416B86B54CD7BB553B7D5DD89A3D.e.833/click - {}
RESULT: {}
COMMAND: GET /session/7ceb9c4207408afb27fb3a73a7391b04/screenshot - {}
RESULT: {}
COMMAND: POST /session/7ceb9c4207408afb27fb3a73a7391b04/element - {"using":"css selector","value":"#shell-header-logo"}
RESULT: {"using":"css selector","value":"#shell-header-logo"}
COMMAND: POST /session/7ceb9c4207408afb27fb3a73a7391b04/element/f.0A3556A37C534166386D2A4E113E99D8.d.FC59416B86B54CD7BB553B7D5DD89A3D.e.129/click - {}
RESULT: {}
COMMAND: GET /session/7ceb9c4207408afb27fb3a73a7391b04/screenshot - {}
RESULT: {}
COMMAND: POST /session/7ceb9c4207408afb27fb3a73a7391b04/refresh - {}
RESULT: {}
COMMAND: GET /session/7ceb9c4207408afb27fb3a73a7391b04/screenshot - {}
RESULT: {}
COMMAND: POST /session/7ceb9c4207408afb27fb3a73a7391b04/execute/async - {"script":"<script> [189 bytes]","args":[]}
RESULT: {"script":"<script> [189 bytes]","args":[]}
COMMAND: POST /session/7ceb9c4207408afb27fb3a73a7391b04/execute/async - {"script":"<script> [123 bytes]","args":[]}
RESULT: {"script":"<script> [123 bytes]","args":[]}
COMMAND: POST /session/7ceb9c4207408afb27fb3a73a7391b04/timeouts - {"script":"<number>"}
RESULT: {"script":"<number>"}
COMMAND: GET /session/7ceb9c4207408afb27fb3a73a7391b04/timeouts - {}
RESULT: {}
RESULT: undefined
COMMAND: POST /session/7ceb9c4207408afb27fb3a73a7391b04/execute/async - {"script":"<script> [2676 bytes]","args":[]}
RESULT: {"script":"<script> [2676 bytes]","args":[]}
COMMAND: POST /session/7ceb9c4207408afb27fb3a73a7391b04/execute/async - {"script":"<script> [2342 bytes]","args":[{"protocol":"http","hostname":"0.0.0.0","path":"/","capabilities":{"browserName":"chrome","goog:chromeOptions":{"binary":"C:\\Program Files\\Google\\Chrome\\Application\\chrome.exe","args":["--start-maximized"]}},"logLevel":"warn","connectionRetryTimeout":120000,"connectionRetryCount":3,"logLevels":{},"enableDirectConnect":true,"strictSSL":true,"_":"65 more keys: [\"cacheDir\",\"port\",\"requestedCapabilities\",\"automationProtocol\",\"baseUrl\",\"waitforInterval\",\"waitforTimeout\",\"onReload\",\"beforeCommand\",\"afterCommand\",\"rootDir\",\"specs\",\"suites\",\"exclude\",\"groupLogsByTestSpec\",\"excludeDriverLogs\",\"bail\",\"framework\",\"reporters\",\"services\",\"maxInstances\",\"maxInstancesPerCapability\",\"injectGlobals\",\"filesToWatch\",\"execArgv\",\"runnerEnv\",\"runner\",\"shard\",\"specFileRetries\",\"specFileRetriesDelay\",\"specFileRetriesDeferred\",\"reporterSyncInterval\",\"reporterSyncTimeout\",\"cucumberFeaturesWithLineNumbers\",\"autoCompileOpts\",\"mochaOpts\",\"jasmineOpts\",\"cucumberOpts\",\"onPrepare\",\"onWorkerStart\",\"onWorkerEnd\",\"before\",\"beforeSession\",\"beforeSuite\",\"beforeHook\",\"beforeTest\",\"afterTest\",\"afterHook\",\"afterSuite\",\"afterSession\",\"after\",\"onComplete\",\"beforeAssertion\",\"afterAssertion\",\"beforeFeature\",\"beforeScenario\",\"beforeStep\",\"afterStep\",\"afterScenario\",\"afterFeature\",\"_\",\"suite\",\"$0\",\"ignoredWorkerServices\",\"wdi5\"]"}]}
RESULT: {"script":"<script> [2342 bytes]","args":[{"protocol":"http","hostname":"0.0.0.0","path":"/","capabilities":{"browserName":"chrome","goog:chromeOptions":{"binary":"C:\\Program Files\\Google\\Chrome\\Application\\chrome.exe","args":["--start-maximized"]}},"logLevel":"warn","connectionRetryTimeout":120000,"connectionRetryCount":3,"logLevels":{},"enableDirectConnect":true,"strictSSL":true,"_":"65 more keys: [\"cacheDir\",\"port\",\"requestedCapabilities\",\"automationProtocol\",\"baseUrl\",\"waitforInterval\",\"waitforTimeout\",\"onReload\",\"beforeCommand\",\"afterCommand\",\"rootDir\",\"specs\",\"suites\",\"exclude\",\"groupLogsByTestSpec\",\"excludeDriverLogs\",\"bail\",\"framework\",\"reporters\",\"services\",\"maxInstances\",\"maxInstancesPerCapability\",\"injectGlobals\",\"filesToWatch\",\"execArgv\",\"runnerEnv\",\"runner\",\"shard\",\"specFileRetries\",\"specFileRetriesDelay\",\"specFileRetriesDeferred\",\"reporterSyncInterval\",\"reporterSyncTimeout\",\"cucumberFeaturesWithLineNumbers\",\"autoCompileOpts\",\"mochaOpts\",\"jasmineOpts\",\"cucumberOpts\",\"onPrepare\",\"onWorkerStart\",\"onWorkerEnd\",\"before\",\"beforeSession\",\"beforeSuite\",\"beforeHook\",\"beforeTest\",\"afterTest\",\"afterHook\",\"afterSuite\",\"afterSession\",\"after\",\"onComplete\",\"beforeAssertion\",\"afterAssertion\",\"beforeFeature\",\"beforeScenario\",\"beforeStep\",\"afterStep\",\"afterScenario\",\"afterFeature\",\"_\",\"suite\",\"$0\",\"ignoredWorkerServices\",\"wdi5\"]"}]}
COMMAND: POST /session/7ceb9c4207408afb27fb3a73a7391b04/execute/async - {"script":"<script> [21126 bytes]","args":[35000]}
RESULT: {"script":"<script> [21126 bytes]","args":[35000]}
]]></system-out>
    </testcase>
    <testcase classname="chrome.136_0_7103_93.windows.Manage_Requests_Tags_Tests_US120163" name="Should create a new partner" time="79.166">
      <system-out><![CDATA[
COMMAND: POST /session/7ceb9c4207408afb27fb3a73a7391b04/execute/async - {"script":"<script> [1562 bytes]","args":[{"selector":{"controlType":"sap.m.GenericTile","properties":{"header":"Manage Partners"}},"wdio_ui5_key":"sapm.GenericTile{\"header\":\"Manage Partners\"}"}]}
RESULT: {"script":"<script> [1562 bytes]","args":[{"selector":{"controlType":"sap.m.GenericTile","properties":{"header":"Manage Partners"}},"wdio_ui5_key":"sapm.GenericTile{\"header\":\"Manage Partners\"}"}]}
RESULT: undefined
COMMAND: POST /session/7ceb9c4207408afb27fb3a73a7391b04/element - {"using":"xpath","value":"//*[@id=\"__tile38\"]"}
RESULT: {"using":"xpath","value":"//*[@id=\"__tile38\"]"}
COMMAND: POST /session/7ceb9c4207408afb27fb3a73a7391b04/element/f.0A3556A37C534166386D2A4E113E99D8.d.57794FD979F83204B4F72BC95D4DE9BA.e.1195/click - {}
RESULT: {}
COMMAND: GET /session/7ceb9c4207408afb27fb3a73a7391b04/screenshot - {}
RESULT: {}
COMMAND: POST /session/7ceb9c4207408afb27fb3a73a7391b04/elements - {"using":"xpath","value":"//span[text()='Error']"}
RESULT: {"using":"xpath","value":"//span[text()='Error']"}
COMMAND: POST /session/7ceb9c4207408afb27fb3a73a7391b04/execute/async - {"script":"<script> [1562 bytes]","args":[{"selector":{"controlType":"sap.ui.core.Icon","viewName":"etm.portal.ui.managepartners.view.Master","viewId":"application-managepartners-display-component---masterPtm","properties":{"src":{"regex":{"source":"add"}}}},"wdio_ui5_key":"etmportal.ui.managepartners.view.Mastersap.ui.core.Icon{\"src\":{\"regex\":{\"source\":\"add\"}}}"}]}
RESULT: {"script":"<script> [1562 bytes]","args":[{"selector":{"controlType":"sap.ui.core.Icon","viewName":"etm.portal.ui.managepartners.view.Master","viewId":"application-managepartners-display-component---masterPtm","properties":{"src":{"regex":{"source":"add"}}}},"wdio_ui5_key":"etmportal.ui.managepartners.view.Mastersap.ui.core.Icon{\"src\":{\"regex\":{\"source\":\"add\"}}}"}]}
RESULT: undefined
COMMAND: POST /session/7ceb9c4207408afb27fb3a73a7391b04/element - {"using":"xpath","value":"//*[@id=\"__button4-img\"]"}
RESULT: {"using":"xpath","value":"//*[@id=\"__button4-img\"]"}
COMMAND: POST /session/7ceb9c4207408afb27fb3a73a7391b04/element/f.0A3556A37C534166386D2A4E113E99D8.d.57794FD979F83204B4F72BC95D4DE9BA.e.1247/click - {}
RESULT: {}
COMMAND: GET /session/7ceb9c4207408afb27fb3a73a7391b04/screenshot - {}
RESULT: {}
COMMAND: POST /session/7ceb9c4207408afb27fb3a73a7391b04/execute/async - {"script":"<script> [1562 bytes]","args":[{"selector":{"id":"application-managepartners-display-component---NewPartner--partnerId","interaction":{"idSuffix":"inner"}},"wdio_ui5_key":"applicationmanagepartners-display-component---NewPartner--partnerId"}]}
RESULT: {"script":"<script> [1562 bytes]","args":[{"selector":{"id":"application-managepartners-display-component---NewPartner--partnerId","interaction":{"idSuffix":"inner"}},"wdio_ui5_key":"applicationmanagepartners-display-component---NewPartner--partnerId"}]}
RESULT: undefined
COMMAND: POST /session/7ceb9c4207408afb27fb3a73a7391b04/execute/async - {"script":"<script> [1562 bytes]","args":[{"selector":{"id":"application-managepartners-display-component---NewPartner--addressDetailDetailsName1","interaction":{"idSuffix":"inner"}},"wdio_ui5_key":"applicationmanagepartners-display-component---NewPartner--addressDetailDetailsName1"}]}
RESULT: {"script":"<script> [1562 bytes]","args":[{"selector":{"id":"application-managepartners-display-component---NewPartner--addressDetailDetailsName1","interaction":{"idSuffix":"inner"}},"wdio_ui5_key":"applicationmanagepartners-display-component---NewPartner--addressDetailDetailsName1"}]}
RESULT: undefined
COMMAND: POST /session/7ceb9c4207408afb27fb3a73a7391b04/execute/async - {"script":"<script> [776 bytes]","args":[{"enterText":"WebdriverPartnerpmdjl","selector":{"id":"application-managepartners-display-component---NewPartner--addressDetailDetailsName1","interaction":{"idSuffix":"inner"}},"clearTextFirst":true,"interactionType":"ENTER_TEXT"}]}
RESULT: {"script":"<script> [776 bytes]","args":[{"enterText":"WebdriverPartnerpmdjl","selector":{"id":"application-managepartners-display-component---NewPartner--addressDetailDetailsName1","interaction":{"idSuffix":"inner"}},"clearTextFirst":true,"interactionType":"ENTER_TEXT"}]}
COMMAND: POST /session/7ceb9c4207408afb27fb3a73a7391b04/execute/async - {"script":"<script> [1562 bytes]","args":[{"selector":{"id":"application-managepartners-display-component---NewPartner--addressDetailDetailsLanguage","interaction":{"idSuffix":"inner"}},"wdio_ui5_key":"applicationmanagepartners-display-component---NewPartner--addressDetailDetailsLanguage"}]}
RESULT: {"script":"<script> [1562 bytes]","args":[{"selector":{"id":"application-managepartners-display-component---NewPartner--addressDetailDetailsLanguage","interaction":{"idSuffix":"inner"}},"wdio_ui5_key":"applicationmanagepartners-display-component---NewPartner--addressDetailDetailsLanguage"}]}
RESULT: undefined
COMMAND: POST /session/7ceb9c4207408afb27fb3a73a7391b04/execute/async - {"script":"<script> [776 bytes]","args":[{"enterText":"Romanian","selector":{"id":"application-managepartners-display-component---NewPartner--addressDetailDetailsLanguage","interaction":{"idSuffix":"inner"}},"clearTextFirst":true,"interactionType":"ENTER_TEXT"}]}
RESULT: {"script":"<script> [776 bytes]","args":[{"enterText":"Romanian","selector":{"id":"application-managepartners-display-component---NewPartner--addressDetailDetailsLanguage","interaction":{"idSuffix":"inner"}},"clearTextFirst":true,"interactionType":"ENTER_TEXT"}]}
COMMAND: POST /session/7ceb9c4207408afb27fb3a73a7391b04/element - {"using":"xpath","value":"//input[contains(@id ,\"application-managepartners-display-component---NewPartner--addressDetailDetailsName1-inner\")]"}
RESULT: {"using":"xpath","value":"//input[contains(@id ,\"application-managepartners-display-component---NewPartner--addressDetailDetailsName1-inner\")]"}
COMMAND: GET /session/7ceb9c4207408afb27fb3a73a7391b04/element/f.0A3556A37C534166386D2A4E113E99D8.d.57794FD979F83204B4F72BC95D4DE9BA.e.1456/property/value - {}
RESULT: {}
COMMAND: POST /session/7ceb9c4207408afb27fb3a73a7391b04/execute/async - {"script":"<script> [1562 bytes]","args":[{"selector":{"id":"application-managepartners-display-component---NewPartner--addressDetailDetailsCity1","interaction":{"idSuffix":"inner"}},"wdio_ui5_key":"applicationmanagepartners-display-component---NewPartner--addressDetailDetailsCity1"}]}
COMMAND: GET /session/7ceb9c4207408afb27fb3a73a7391b04/screenshot - {}
RESULT: {"script":"<script> [1562 bytes]","args":[{"selector":{"id":"application-managepartners-display-component---NewPartner--addressDetailDetailsCity1","interaction":{"idSuffix":"inner"}},"wdio_ui5_key":"applicationmanagepartners-display-component---NewPartner--addressDetailDetailsCity1"}]}
RESULT: undefined
COMMAND: POST /session/7ceb9c4207408afb27fb3a73a7391b04/execute/async - {"script":"<script> [776 bytes]","args":[{"enterText":"Bucharest","selector":{"id":"application-managepartners-display-component---NewPartner--addressDetailDetailsCity1","interaction":{"idSuffix":"inner"}},"clearTextFirst":true,"interactionType":"ENTER_TEXT"}]}
RESULT: {}
RESULT: {"script":"<script> [776 bytes]","args":[{"enterText":"Bucharest","selector":{"id":"application-managepartners-display-component---NewPartner--addressDetailDetailsCity1","interaction":{"idSuffix":"inner"}},"clearTextFirst":true,"interactionType":"ENTER_TEXT"}]}
COMMAND: POST /session/7ceb9c4207408afb27fb3a73a7391b04/execute/async - {"script":"<script> [1562 bytes]","args":[{"selector":{"id":"application-managepartners-display-component---NewPartner--addressDetailDetailsCountry","interaction":{"idSuffix":"inner"}},"wdio_ui5_key":"applicationmanagepartners-display-component---NewPartner--addressDetailDetailsCountry"}]}
RESULT: {"script":"<script> [1562 bytes]","args":[{"selector":{"id":"application-managepartners-display-component---NewPartner--addressDetailDetailsCountry","interaction":{"idSuffix":"inner"}},"wdio_ui5_key":"applicationmanagepartners-display-component---NewPartner--addressDetailDetailsCountry"}]}
RESULT: undefined
COMMAND: POST /session/7ceb9c4207408afb27fb3a73a7391b04/execute/async - {"script":"<script> [6424 bytes]","args":[{"element-6066-11e4-a52e-4f735466cecf":"f.0A3556A37C534166386D2A4E113E99D8.d.57794FD979F83204B4F72BC95D4DE9BA.e.1463"},"setValue",["Romania"]]}
RESULT: {"script":"<script> [6424 bytes]","args":[{"element-6066-11e4-a52e-4f735466cecf":"f.0A3556A37C534166386D2A4E113E99D8.d.57794FD979F83204B4F72BC95D4DE9BA.e.1463"},"setValue",["Romania"]]}
COMMAND: POST /session/7ceb9c4207408afb27fb3a73a7391b04/execute/async - {"script":"<script> [1562 bytes]","args":[{"selector":{"id":"application-managepartners-display-component---NewPartner--partnerDetailInternal","interaction":{"idSuffix":"inner"}},"wdio_ui5_key":"applicationmanagepartners-display-component---NewPartner--partnerDetailInternal"}]}
RESULT: {"script":"<script> [1562 bytes]","args":[{"selector":{"id":"application-managepartners-display-component---NewPartner--partnerDetailInternal","interaction":{"idSuffix":"inner"}},"wdio_ui5_key":"applicationmanagepartners-display-component---NewPartner--partnerDetailInternal"}]}
RESULT: undefined
COMMAND: POST /session/7ceb9c4207408afb27fb3a73a7391b04/execute/async - {"script":"<script> [776 bytes]","args":[{"enterText":"External partner","selector":{"id":"application-managepartners-display-component---NewPartner--partnerDetailInternal","interaction":{"idSuffix":"inner"}},"clearTextFirst":true,"interactionType":"ENTER_TEXT"}]}
RESULT: {"script":"<script> [776 bytes]","args":[{"enterText":"External partner","selector":{"id":"application-managepartners-display-component---NewPartner--partnerDetailInternal","interaction":{"idSuffix":"inner"}},"clearTextFirst":true,"interactionType":"ENTER_TEXT"}]}
COMMAND: POST /session/7ceb9c4207408afb27fb3a73a7391b04/execute/async - {"script":"<script> [1562 bytes]","args":[{"selector":{"id":"application-managepartners-display-component---NewPartner--partnerDetailsCurrency","interaction":{"idSuffix":"inner"}},"wdio_ui5_key":"applicationmanagepartners-display-component---NewPartner--partnerDetailsCurrency"}]}
RESULT: {"script":"<script> [1562 bytes]","args":[{"selector":{"id":"application-managepartners-display-component---NewPartner--partnerDetailsCurrency","interaction":{"idSuffix":"inner"}},"wdio_ui5_key":"applicationmanagepartners-display-component---NewPartner--partnerDetailsCurrency"}]}
RESULT: undefined
COMMAND: POST /session/7ceb9c4207408afb27fb3a73a7391b04/execute/async - {"script":"<script> [776 bytes]","args":[{"enterText":"Euro","selector":{"id":"application-managepartners-display-component---NewPartner--partnerDetailsCurrency","interaction":{"idSuffix":"inner"}},"clearTextFirst":true,"interactionType":"ENTER_TEXT"}]}
RESULT: {"script":"<script> [776 bytes]","args":[{"enterText":"Euro","selector":{"id":"application-managepartners-display-component---NewPartner--partnerDetailsCurrency","interaction":{"idSuffix":"inner"}},"clearTextFirst":true,"interactionType":"ENTER_TEXT"}]}
COMMAND: POST /session/7ceb9c4207408afb27fb3a73a7391b04/execute/async - {"script":"<script> [1562 bytes]","args":[{"selector":{"controlType":"sap.m.Button","viewName":"etm.portal.ui.managepartners.view.NewPartner","viewId":"application-managepartners-display-component---NewPartner","properties":{"text":"Commercial"},"interaction":{"idSuffix":"BDI-content"}},"wdio_ui5_key":"etmportal.ui.managepartners.view.NewPartnersap.m.Button{\"text\":\"Commercial\"}"}]}
RESULT: {"script":"<script> [1562 bytes]","args":[{"selector":{"controlType":"sap.m.Button","viewName":"etm.portal.ui.managepartners.view.NewPartner","viewId":"application-managepartners-display-component---NewPartner","properties":{"text":"Commercial"},"interaction":{"idSuffix":"BDI-content"}},"wdio_ui5_key":"etmportal.ui.managepartners.view.NewPartnersap.m.Button{\"text\":\"Commercial\"}"}]}
RESULT: undefined
COMMAND: POST /session/7ceb9c4207408afb27fb3a73a7391b04/element - {"using":"xpath","value":"//*[@id=\"application-managepartners-display-component---NewPartner--ObjectPageLayout-anchBar-__section5-anchor\"]"}
RESULT: {"using":"xpath","value":"//*[@id=\"application-managepartners-display-component---NewPartner--ObjectPageLayout-anchBar-__section5-anchor\"]"}
COMMAND: POST /session/7ceb9c4207408afb27fb3a73a7391b04/element/f.0A3556A37C534166386D2A4E113E99D8.d.57794FD979F83204B4F72BC95D4DE9BA.e.1660/click - {}
RESULT: {}
COMMAND: GET /session/7ceb9c4207408afb27fb3a73a7391b04/screenshot - {}
RESULT: {}
COMMAND: POST /session/7ceb9c4207408afb27fb3a73a7391b04/execute/async - {"script":"<script> [1562 bytes]","args":[{"selector":{"id":"application-managepartners-display-component---NewPartner--btnAddTableRow-img"},"wdio_ui5_key":"applicationmanagepartners-display-component---NewPartner--btnAddTableRow-img"}]}
RESULT: {"script":"<script> [1562 bytes]","args":[{"selector":{"id":"application-managepartners-display-component---NewPartner--btnAddTableRow-img"},"wdio_ui5_key":"applicationmanagepartners-display-component---NewPartner--btnAddTableRow-img"}]}
RESULT: undefined
COMMAND: POST /session/7ceb9c4207408afb27fb3a73a7391b04/element - {"using":"xpath","value":"//*[@id=\"application-managepartners-display-component---NewPartner--btnAddTableRow-img\"]"}
RESULT: {"using":"xpath","value":"//*[@id=\"application-managepartners-display-component---NewPartner--btnAddTableRow-img\"]"}
COMMAND: POST /session/7ceb9c4207408afb27fb3a73a7391b04/element/f.0A3556A37C534166386D2A4E113E99D8.d.57794FD979F83204B4F72BC95D4DE9BA.e.1666/click - {}
RESULT: {}
COMMAND: POST /session/7ceb9c4207408afb27fb3a73a7391b04/element - {"using":"xpath","value":"//input[contains(@id ,\"application-managepartners-display-component---NewPartner--assignmentYard-application-managepartners-display-component---NewPartner\")]"}
COMMAND: GET /session/7ceb9c4207408afb27fb3a73a7391b04/screenshot - {}
RESULT: {"using":"xpath","value":"//input[contains(@id ,\"application-managepartners-display-component---NewPartner--assignmentYard-application-managepartners-display-component---NewPartner\")]"}
COMMAND: POST /session/7ceb9c4207408afb27fb3a73a7391b04/element/f.0A3556A37C534166386D2A4E113E99D8.d.57794FD979F83204B4F72BC95D4DE9BA.e.1671/clear - {}
RESULT: {}
RESULT: {}
COMMAND: POST /session/7ceb9c4207408afb27fb3a73a7391b04/element/f.0A3556A37C534166386D2A4E113E99D8.d.57794FD979F83204B4F72BC95D4DE9BA.e.1671/value - {"text":"WebdriverYard2bocbg"}
COMMAND: GET /session/7ceb9c4207408afb27fb3a73a7391b04/screenshot - {}
RESULT: {"text":"WebdriverYard2bocbg"}
COMMAND: GET /session/7ceb9c4207408afb27fb3a73a7391b04/screenshot - {}
RESULT: {}
RESULT: {}
COMMAND: POST /session/7ceb9c4207408afb27fb3a73a7391b04/execute/async - {"script":"<script> [1562 bytes]","args":[{"selector":{"controlType":"sap.m.Button","viewName":"etm.portal.ui.managepartners.view.NewPartner","viewId":"application-managepartners-display-component---NewPartner","i18NText":{"propertyName":"text","key":"save"},"interaction":{"idSuffix":"BDI-content"}},"wdio_ui5_key":"etmportal.ui.managepartners.view.NewPartnersap.m.Button{\"propertyName\":\"text\",\"key\":\"save\"}"}]}
RESULT: {"script":"<script> [1562 bytes]","args":[{"selector":{"controlType":"sap.m.Button","viewName":"etm.portal.ui.managepartners.view.NewPartner","viewId":"application-managepartners-display-component---NewPartner","i18NText":{"propertyName":"text","key":"save"},"interaction":{"idSuffix":"BDI-content"}},"wdio_ui5_key":"etmportal.ui.managepartners.view.NewPartnersap.m.Button{\"propertyName\":\"text\",\"key\":\"save\"}"}]}
RESULT: undefined
COMMAND: POST /session/7ceb9c4207408afb27fb3a73a7391b04/element - {"using":"xpath","value":"//*[@id=\"__button12\"]"}
RESULT: {"using":"xpath","value":"//*[@id=\"__button12\"]"}
COMMAND: POST /session/7ceb9c4207408afb27fb3a73a7391b04/element/f.0A3556A37C534166386D2A4E113E99D8.d.57794FD979F83204B4F72BC95D4DE9BA.e.1619/click - {}
RESULT: {}
COMMAND: GET /session/7ceb9c4207408afb27fb3a73a7391b04/screenshot - {}
RESULT: {}
COMMAND: POST /session/7ceb9c4207408afb27fb3a73a7391b04/element - {"using":"xpath","value":"//header/div/div[2]/div[2]/span"}
RESULT: {"using":"xpath","value":"//header/div/div[2]/div[2]/span"}
COMMAND: GET /session/7ceb9c4207408afb27fb3a73a7391b04/element/f.0A3556A37C534166386D2A4E113E99D8.d.57794FD979F83204B4F72BC95D4DE9BA.e.1844/text - {}
RESULT: {}
COMMAND: POST /session/7ceb9c4207408afb27fb3a73a7391b04/element - {"using":"xpath","value":"//header/div/div/div/div/div/div[2]/div/span"}
RESULT: {"using":"xpath","value":"//header/div/div/div/div/div/div[2]/div/span"}
COMMAND: GET /session/7ceb9c4207408afb27fb3a73a7391b04/element/f.0A3556A37C534166386D2A4E113E99D8.d.57794FD979F83204B4F72BC95D4DE9BA.e.1845/text - {}
RESULT: {}
COMMAND: POST /session/7ceb9c4207408afb27fb3a73a7391b04/execute/async - {"script":"<script> [1562 bytes]","args":[{"selector":{"id":"application-managepartners-display-component---detailPtm--partnerType"},"wdio_ui5_key":"applicationmanagepartners-display-component---detailPtm--partnerType"}]}
RESULT: {"script":"<script> [1562 bytes]","args":[{"selector":{"id":"application-managepartners-display-component---detailPtm--partnerType"},"wdio_ui5_key":"applicationmanagepartners-display-component---detailPtm--partnerType"}]}
RESULT: undefined
COMMAND: POST /session/7ceb9c4207408afb27fb3a73a7391b04/execute/async - {"script":"<script> [6424 bytes]","args":[{"element-6066-11e4-a52e-4f735466cecf":"f.0A3556A37C534166386D2A4E113E99D8.d.57794FD979F83204B4F72BC95D4DE9BA.e.1846"},"getText",[]]}
RESULT: {"script":"<script> [6424 bytes]","args":[{"element-6066-11e4-a52e-4f735466cecf":"f.0A3556A37C534166386D2A4E113E99D8.d.57794FD979F83204B4F72BC95D4DE9BA.e.1846"},"getText",[]]}
COMMAND: POST /session/7ceb9c4207408afb27fb3a73a7391b04/element - {"using":"css selector","value":"#shell-header-logo"}
RESULT: {"using":"css selector","value":"#shell-header-logo"}
COMMAND: POST /session/7ceb9c4207408afb27fb3a73a7391b04/element/f.0A3556A37C534166386D2A4E113E99D8.d.57794FD979F83204B4F72BC95D4DE9BA.e.1198/click - {}
RESULT: {}
COMMAND: GET /session/7ceb9c4207408afb27fb3a73a7391b04/screenshot - {}
RESULT: {}
]]></system-out>
    </testcase>
    <testcase classname="chrome.136_0_7103_93.windows.Manage_Requests_Tags_Tests_US120163" name="Should create a new site" time="107.521">
      <system-out><![CDATA[
COMMAND: POST /session/7ceb9c4207408afb27fb3a73a7391b04/execute/async - {"script":"<script> [1562 bytes]","args":[{"selector":{"controlType":"sap.m.GenericTile","properties":{"header":"Manage Sites"}},"wdio_ui5_key":"sapm.GenericTile{\"header\":\"Manage Sites\"}"}]}
RESULT: {"script":"<script> [1562 bytes]","args":[{"selector":{"controlType":"sap.m.GenericTile","properties":{"header":"Manage Sites"}},"wdio_ui5_key":"sapm.GenericTile{\"header\":\"Manage Sites\"}"}]}
RESULT: undefined
COMMAND: POST /session/7ceb9c4207408afb27fb3a73a7391b04/element - {"using":"xpath","value":"//*[@id=\"__tile40\"]"}
RESULT: {"using":"xpath","value":"//*[@id=\"__tile40\"]"}
COMMAND: POST /session/7ceb9c4207408afb27fb3a73a7391b04/element/f.0A3556A37C534166386D2A4E113E99D8.d.57794FD979F83204B4F72BC95D4DE9BA.e.1848/click - {}
RESULT: {}
COMMAND: GET /session/7ceb9c4207408afb27fb3a73a7391b04/screenshot - {}
RESULT: {}
COMMAND: POST /session/7ceb9c4207408afb27fb3a73a7391b04/elements - {"using":"xpath","value":"//span[text()='Error']"}
RESULT: {"using":"xpath","value":"//span[text()='Error']"}
COMMAND: POST /session/7ceb9c4207408afb27fb3a73a7391b04/execute/async - {"script":"<script> [1562 bytes]","args":[{"selector":{"controlType":"sap.ui.core.Icon","viewName":"etm.portal.ui.managesites.view.Master","viewId":"application-managesites-display-component---masterSite","properties":{"src":{"regex":{"source":"add"}}}},"wdio_ui5_key":"etmportal.ui.managesites.view.Mastersap.ui.core.Icon{\"src\":{\"regex\":{\"source\":\"add\"}}}"}]}
RESULT: {"script":"<script> [1562 bytes]","args":[{"selector":{"controlType":"sap.ui.core.Icon","viewName":"etm.portal.ui.managesites.view.Master","viewId":"application-managesites-display-component---masterSite","properties":{"src":{"regex":{"source":"add"}}}},"wdio_ui5_key":"etmportal.ui.managesites.view.Mastersap.ui.core.Icon{\"src\":{\"regex\":{\"source\":\"add\"}}}"}]}
RESULT: undefined
COMMAND: POST /session/7ceb9c4207408afb27fb3a73a7391b04/element - {"using":"xpath","value":"//*[@id=\"__button52-img\"]"}
RESULT: {"using":"xpath","value":"//*[@id=\"__button52-img\"]"}
COMMAND: POST /session/7ceb9c4207408afb27fb3a73a7391b04/element/f.0A3556A37C534166386D2A4E113E99D8.d.57794FD979F83204B4F72BC95D4DE9BA.e.1897/click - {}
RESULT: {}
COMMAND: POST /session/7ceb9c4207408afb27fb3a73a7391b04/execute/async - {"script":"<script> [1562 bytes]","args":[{"selector":{"id":"application-managesites-display-component---NewSite--siteId","interaction":{"idSuffix":"inner"}},"wdio_ui5_key":"applicationmanagesites-display-component---NewSite--siteId"}]}
COMMAND: GET /session/7ceb9c4207408afb27fb3a73a7391b04/screenshot - {}
RESULT: {"script":"<script> [1562 bytes]","args":[{"selector":{"id":"application-managesites-display-component---NewSite--siteId","interaction":{"idSuffix":"inner"}},"wdio_ui5_key":"applicationmanagesites-display-component---NewSite--siteId"}]}
RESULT: undefined
COMMAND: POST /session/7ceb9c4207408afb27fb3a73a7391b04/execute/async - {"script":"<script> [1562 bytes]","args":[{"selector":{"id":"application-managesites-display-component---NewSite--addressDetailDetailsName1","interaction":{"idSuffix":"inner"}},"wdio_ui5_key":"applicationmanagesites-display-component---NewSite--addressDetailDetailsName1"}]}
RESULT: {}
RESULT: {"script":"<script> [1562 bytes]","args":[{"selector":{"id":"application-managesites-display-component---NewSite--addressDetailDetailsName1","interaction":{"idSuffix":"inner"}},"wdio_ui5_key":"applicationmanagesites-display-component---NewSite--addressDetailDetailsName1"}]}
RESULT: undefined
COMMAND: POST /session/7ceb9c4207408afb27fb3a73a7391b04/execute/async - {"script":"<script> [776 bytes]","args":[{"enterText":"WebdriverSitebbrdn","selector":{"id":"application-managesites-display-component---NewSite--addressDetailDetailsName1","interaction":{"idSuffix":"inner"}},"clearTextFirst":true,"interactionType":"ENTER_TEXT"}]}
RESULT: {"script":"<script> [776 bytes]","args":[{"enterText":"WebdriverSitebbrdn","selector":{"id":"application-managesites-display-component---NewSite--addressDetailDetailsName1","interaction":{"idSuffix":"inner"}},"clearTextFirst":true,"interactionType":"ENTER_TEXT"}]}
COMMAND: POST /session/7ceb9c4207408afb27fb3a73a7391b04/execute/async - {"script":"<script> [1562 bytes]","args":[{"selector":{"id":"application-managesites-display-component---NewSite--addressDetailDetailsLanguage","interaction":{"idSuffix":"inner"}},"wdio_ui5_key":"applicationmanagesites-display-component---NewSite--addressDetailDetailsLanguage"}]}
RESULT: {"script":"<script> [1562 bytes]","args":[{"selector":{"id":"application-managesites-display-component---NewSite--addressDetailDetailsLanguage","interaction":{"idSuffix":"inner"}},"wdio_ui5_key":"applicationmanagesites-display-component---NewSite--addressDetailDetailsLanguage"}]}
RESULT: undefined
COMMAND: POST /session/7ceb9c4207408afb27fb3a73a7391b04/execute/async - {"script":"<script> [776 bytes]","args":[{"enterText":"Romanian","selector":{"id":"application-managesites-display-component---NewSite--addressDetailDetailsLanguage","interaction":{"idSuffix":"inner"}},"clearTextFirst":true,"interactionType":"ENTER_TEXT"}]}
RESULT: {"script":"<script> [776 bytes]","args":[{"enterText":"Romanian","selector":{"id":"application-managesites-display-component---NewSite--addressDetailDetailsLanguage","interaction":{"idSuffix":"inner"}},"clearTextFirst":true,"interactionType":"ENTER_TEXT"}]}
COMMAND: POST /session/7ceb9c4207408afb27fb3a73a7391b04/execute/async - {"script":"<script> [1562 bytes]","args":[{"selector":{"id":"application-managesites-display-component---NewSite--addressDetailDetailsCity1","interaction":{"idSuffix":"inner"}},"wdio_ui5_key":"applicationmanagesites-display-component---NewSite--addressDetailDetailsCity1"}]}
RESULT: {"script":"<script> [1562 bytes]","args":[{"selector":{"id":"application-managesites-display-component---NewSite--addressDetailDetailsCity1","interaction":{"idSuffix":"inner"}},"wdio_ui5_key":"applicationmanagesites-display-component---NewSite--addressDetailDetailsCity1"}]}
RESULT: undefined
COMMAND: POST /session/7ceb9c4207408afb27fb3a73a7391b04/execute/async - {"script":"<script> [776 bytes]","args":[{"enterText":"Bucharest","selector":{"id":"application-managesites-display-component---NewSite--addressDetailDetailsCity1","interaction":{"idSuffix":"inner"}},"clearTextFirst":true,"interactionType":"ENTER_TEXT"}]}
RESULT: {"script":"<script> [776 bytes]","args":[{"enterText":"Bucharest","selector":{"id":"application-managesites-display-component---NewSite--addressDetailDetailsCity1","interaction":{"idSuffix":"inner"}},"clearTextFirst":true,"interactionType":"ENTER_TEXT"}]}
COMMAND: POST /session/7ceb9c4207408afb27fb3a73a7391b04/execute/async - {"script":"<script> [1562 bytes]","args":[{"selector":{"id":"application-managesites-display-component---NewSite--addressDetailDetailsCountry","interaction":{"idSuffix":"inner"}},"wdio_ui5_key":"applicationmanagesites-display-component---NewSite--addressDetailDetailsCountry"}]}
RESULT: {"script":"<script> [1562 bytes]","args":[{"selector":{"id":"application-managesites-display-component---NewSite--addressDetailDetailsCountry","interaction":{"idSuffix":"inner"}},"wdio_ui5_key":"applicationmanagesites-display-component---NewSite--addressDetailDetailsCountry"}]}
RESULT: undefined
COMMAND: POST /session/7ceb9c4207408afb27fb3a73a7391b04/execute/async - {"script":"<script> [776 bytes]","args":[{"enterText":"Romania","selector":{"id":"application-managesites-display-component---NewSite--addressDetailDetailsCountry","interaction":{"idSuffix":"inner"}},"clearTextFirst":true,"interactionType":"ENTER_TEXT"}]}
RESULT: {"script":"<script> [776 bytes]","args":[{"enterText":"Romania","selector":{"id":"application-managesites-display-component---NewSite--addressDetailDetailsCountry","interaction":{"idSuffix":"inner"}},"clearTextFirst":true,"interactionType":"ENTER_TEXT"}]}
COMMAND: POST /session/7ceb9c4207408afb27fb3a73a7391b04/element - {"using":"css selector","value":"#application-managesites-display-component---NewSite--addressDetailDetailsCalendar-inner"}
RESULT: {"using":"css selector","value":"#application-managesites-display-component---NewSite--addressDetailDetailsCalendar-inner"}
COMMAND: POST /session/7ceb9c4207408afb27fb3a73a7391b04/element/f.0A3556A37C534166386D2A4E113E99D8.d.57794FD979F83204B4F72BC95D4DE9BA.e.2313/clear - {}
RESULT: {}
COMMAND: POST /session/7ceb9c4207408afb27fb3a73a7391b04/element/f.0A3556A37C534166386D2A4E113E99D8.d.57794FD979F83204B4F72BC95D4DE9BA.e.2313/value - {"text":"Germany"}
COMMAND: GET /session/7ceb9c4207408afb27fb3a73a7391b04/screenshot - {}
RESULT: {"text":"Germany"}
COMMAND: POST /session/7ceb9c4207408afb27fb3a73a7391b04/execute/async - {"script":"<script> [1562 bytes]","args":[{"selector":{"id":"application-managesites-display-component---NewSite--addressEditDetailsCostObjectCstType-arrow"},"wdio_ui5_key":"applicationmanagesites-display-component---NewSite--addressEditDetailsCostObjectCstType-arrow"}]}
COMMAND: GET /session/7ceb9c4207408afb27fb3a73a7391b04/screenshot - {}
RESULT: {}
RESULT: {"script":"<script> [1562 bytes]","args":[{"selector":{"id":"application-managesites-display-component---NewSite--addressEditDetailsCostObjectCstType-arrow"},"wdio_ui5_key":"applicationmanagesites-display-component---NewSite--addressEditDetailsCostObjectCstType-arrow"}]}
RESULT: undefined
COMMAND: POST /session/7ceb9c4207408afb27fb3a73a7391b04/element - {"using":"xpath","value":"//*[@id=\"application-managesites-display-component---NewSite--addressEditDetailsCostObjectCstType-arrow\"]"}
RESULT: {}
RESULT: {"using":"xpath","value":"//*[@id=\"application-managesites-display-component---NewSite--addressEditDetailsCostObjectCstType-arrow\"]"}
COMMAND: POST /session/7ceb9c4207408afb27fb3a73a7391b04/element/f.0A3556A37C534166386D2A4E113E99D8.d.57794FD979F83204B4F72BC95D4DE9BA.e.2468/click - {}
RESULT: {}
COMMAND: POST /session/7ceb9c4207408afb27fb3a73a7391b04/element - {"using":"xpath","value":"//span[contains(text(), \"Work Breakdown Structure\")]"}
COMMAND: GET /session/7ceb9c4207408afb27fb3a73a7391b04/screenshot - {}
RESULT: {"using":"xpath","value":"//span[contains(text(), \"Work Breakdown Structure\")]"}
COMMAND: POST /session/7ceb9c4207408afb27fb3a73a7391b04/element/f.0A3556A37C534166386D2A4E113E99D8.d.57794FD979F83204B4F72BC95D4DE9BA.e.2470/click - {}
RESULT: {}
RESULT: {}
COMMAND: GET /session/7ceb9c4207408afb27fb3a73a7391b04/screenshot - {}
RESULT: {}
COMMAND: POST /session/7ceb9c4207408afb27fb3a73a7391b04/execute/async - {"script":"<script> [1562 bytes]","args":[{"selector":{"id":"application-managesites-display-component---NewSite--addressNewCostObjectCstID-vhi"},"wdio_ui5_key":"applicationmanagesites-display-component---NewSite--addressNewCostObjectCstID-vhi"}]}
RESULT: {"script":"<script> [1562 bytes]","args":[{"selector":{"id":"application-managesites-display-component---NewSite--addressNewCostObjectCstID-vhi"},"wdio_ui5_key":"applicationmanagesites-display-component---NewSite--addressNewCostObjectCstID-vhi"}]}
RESULT: undefined
COMMAND: POST /session/7ceb9c4207408afb27fb3a73a7391b04/element - {"using":"xpath","value":"//*[@id=\"application-managesites-display-component---NewSite--addressNewCostObjectCstID-vhi\"]"}
RESULT: {"using":"xpath","value":"//*[@id=\"application-managesites-display-component---NewSite--addressNewCostObjectCstID-vhi\"]"}
COMMAND: POST /session/7ceb9c4207408afb27fb3a73a7391b04/element/f.0A3556A37C534166386D2A4E113E99D8.d.57794FD979F83204B4F72BC95D4DE9BA.e.2474/click - {}
RESULT: {}
COMMAND: GET /session/7ceb9c4207408afb27fb3a73a7391b04/screenshot - {}
RESULT: {}
COMMAND: POST /session/7ceb9c4207408afb27fb3a73a7391b04/execute/async - {"script":"<script> [1562 bytes]","args":[{"selector":{"controlType":"sap.m.SearchField","properties":{"placeholder":"Search"},"searchOpenDialogs":true,"interaction":{"idSuffix":"I"}},"wdio_ui5_key":"sapm.SearchField{\"placeholder\":\"Search\"}"}]}
RESULT: {"script":"<script> [1562 bytes]","args":[{"selector":{"controlType":"sap.m.SearchField","properties":{"placeholder":"Search"},"searchOpenDialogs":true,"interaction":{"idSuffix":"I"}},"wdio_ui5_key":"sapm.SearchField{\"placeholder\":\"Search\"}"}]}
RESULT: undefined
COMMAND: POST /session/7ceb9c4207408afb27fb3a73a7391b04/execute/async - {"script":"<script> [776 bytes]","args":[{"enterText":"A1-000100-01","selector":{"controlType":"sap.m.SearchField","properties":{"placeholder":"Search"},"searchOpenDialogs":true,"interaction":{"idSuffix":"I"}},"clearTextFirst":true,"interactionType":"ENTER_TEXT"}]}
RESULT: {"script":"<script> [776 bytes]","args":[{"enterText":"A1-000100-01","selector":{"controlType":"sap.m.SearchField","properties":{"placeholder":"Search"},"searchOpenDialogs":true,"interaction":{"idSuffix":"I"}},"clearTextFirst":true,"interactionType":"ENTER_TEXT"}]}
COMMAND: POST /session/7ceb9c4207408afb27fb3a73a7391b04/actions - {"actions":[{"id":"action3","type":"key","parameters":{},"actions":[{"type":"keyDown","value":""},{"type":"pause","duration":10},{"type":"keyUp","value":""}]}]}
RESULT: {"actions":[{"id":"action3","type":"key","parameters":{},"actions":[{"type":"keyDown","value":""},{"type":"pause","duration":10},{"type":"keyUp","value":""}]}]}
COMMAND: GET /session/7ceb9c4207408afb27fb3a73a7391b04/screenshot - {}
RESULT: {}
COMMAND: POST /session/7ceb9c4207408afb27fb3a73a7391b04/element - {"using":"xpath","value":"//span[contains(text(), \"Template for ETO-Process\")]"}
RESULT: {"using":"xpath","value":"//span[contains(text(), \"Template for ETO-Process\")]"}
COMMAND: POST /session/7ceb9c4207408afb27fb3a73a7391b04/element/f.0A3556A37C534166386D2A4E113E99D8.d.57794FD979F83204B4F72BC95D4DE9BA.e.2494/click - {}
RESULT: {}
COMMAND: GET /session/7ceb9c4207408afb27fb3a73a7391b04/screenshot - {}
RESULT: {}
COMMAND: POST /session/7ceb9c4207408afb27fb3a73a7391b04/element - {"using":"xpath","value":"//bdi[contains(text(), \"OK\")]"}
RESULT: {"using":"xpath","value":"//bdi[contains(text(), \"OK\")]"}
COMMAND: POST /session/7ceb9c4207408afb27fb3a73a7391b04/element/f.0A3556A37C534166386D2A4E113E99D8.d.57794FD979F83204B4F72BC95D4DE9BA.e.2495/click - {}
RESULT: {}
COMMAND: GET /session/7ceb9c4207408afb27fb3a73a7391b04/screenshot - {}
RESULT: {}
COMMAND: POST /session/7ceb9c4207408afb27fb3a73a7391b04/element - {"using":"xpath","value":"//input[@id=\"application-managesites-display-component---NewSite--addressDetailDetailsYard-inner\"]"}
RESULT: {"using":"xpath","value":"//input[@id=\"application-managesites-display-component---NewSite--addressDetailDetailsYard-inner\"]"}
COMMAND: POST /session/7ceb9c4207408afb27fb3a73a7391b04/element/f.0A3556A37C534166386D2A4E113E99D8.d.57794FD979F83204B4F72BC95D4DE9BA.e.2314/value - {"text":"WebdriverYard2bocbg"}
RESULT: {"text":"WebdriverYard2bocbg"}
COMMAND: GET /session/7ceb9c4207408afb27fb3a73a7391b04/screenshot - {}
RESULT: {}
COMMAND: POST /session/7ceb9c4207408afb27fb3a73a7391b04/actions - {"actions":[{"id":"action4","type":"key","parameters":{},"actions":[{"type":"keyDown","value":""},{"type":"pause","duration":10},{"type":"keyUp","value":""}]}]}
RESULT: {"actions":[{"id":"action4","type":"key","parameters":{},"actions":[{"type":"keyDown","value":""},{"type":"pause","duration":10},{"type":"keyUp","value":""}]}]}
COMMAND: GET /session/7ceb9c4207408afb27fb3a73a7391b04/screenshot - {}
RESULT: {}
COMMAND: POST /session/7ceb9c4207408afb27fb3a73a7391b04/element - {"using":"xpath","value":"//input[@id=\"application-managesites-display-component---NewSite--addressDetailDetailsPartner-inner\"]"}
RESULT: {"using":"xpath","value":"//input[@id=\"application-managesites-display-component---NewSite--addressDetailDetailsPartner-inner\"]"}
COMMAND: POST /session/7ceb9c4207408afb27fb3a73a7391b04/elements - {"using":"xpath","value":"//input[@id=\"application-managesites-display-component---NewSite--addressDetailDetailsPartner-inner\"]"}
RESULT: {"using":"xpath","value":"//input[@id=\"application-managesites-display-component---NewSite--addressDetailDetailsPartner-inner\"]"}
COMMAND: POST /session/7ceb9c4207408afb27fb3a73a7391b04/execute/async - {"script":"<script> [1562 bytes]","args":[{"selector":{"controlType":"sap.m.Button","viewName":"etm.portal.ui.managesites.view.NewSmartSite","viewId":"application-managesites-display-component---NewSite","properties":{"text":"Commercial"},"interaction":{"idSuffix":"BDI-content"}},"wdio_ui5_key":"etmportal.ui.managesites.view.NewSmartSitesap.m.Button{\"text\":\"Commercial\"}"}]}
RESULT: {"script":"<script> [1562 bytes]","args":[{"selector":{"controlType":"sap.m.Button","viewName":"etm.portal.ui.managesites.view.NewSmartSite","viewId":"application-managesites-display-component---NewSite","properties":{"text":"Commercial"},"interaction":{"idSuffix":"BDI-content"}},"wdio_ui5_key":"etmportal.ui.managesites.view.NewSmartSitesap.m.Button{\"text\":\"Commercial\"}"}]}
RESULT: undefined
COMMAND: POST /session/7ceb9c4207408afb27fb3a73a7391b04/element - {"using":"xpath","value":"//*[@id=\"application-managesites-display-component---NewSite--ObjectPageLayout-anchBar-__section31-anchor\"]"}
RESULT: {"using":"xpath","value":"//*[@id=\"application-managesites-display-component---NewSite--ObjectPageLayout-anchBar-__section31-anchor\"]"}
COMMAND: POST /session/7ceb9c4207408afb27fb3a73a7391b04/element/f.0A3556A37C534166386D2A4E113E99D8.d.57794FD979F83204B4F72BC95D4DE9BA.e.2502/click - {}
RESULT: {}
COMMAND: POST /session/7ceb9c4207408afb27fb3a73a7391b04/execute/async - {"script":"<script> [1562 bytes]","args":[{"selector":{"controlType":"sap.m.Button","viewName":"etm.portal.ui.managesites.view.NewSmartSite","viewId":"application-managesites-display-component---NewSite","i18NText":{"propertyName":"text","key":"save"},"interaction":{"idSuffix":"BDI-content"}},"wdio_ui5_key":"etmportal.ui.managesites.view.NewSmartSitesap.m.Button{\"propertyName\":\"text\",\"key\":\"save\"}"}]}
COMMAND: GET /session/7ceb9c4207408afb27fb3a73a7391b04/screenshot - {}
RESULT: {"script":"<script> [1562 bytes]","args":[{"selector":{"controlType":"sap.m.Button","viewName":"etm.portal.ui.managesites.view.NewSmartSite","viewId":"application-managesites-display-component---NewSite","i18NText":{"propertyName":"text","key":"save"},"interaction":{"idSuffix":"BDI-content"}},"wdio_ui5_key":"etmportal.ui.managesites.view.NewSmartSitesap.m.Button{\"propertyName\":\"text\",\"key\":\"save\"}"}]}
RESULT: undefined
COMMAND: POST /session/7ceb9c4207408afb27fb3a73a7391b04/element - {"using":"xpath","value":"//*[@id=\"__button64\"]"}
RESULT: {}
RESULT: {"using":"xpath","value":"//*[@id=\"__button64\"]"}
COMMAND: POST /session/7ceb9c4207408afb27fb3a73a7391b04/element/f.0A3556A37C534166386D2A4E113E99D8.d.57794FD979F83204B4F72BC95D4DE9BA.e.2448/click - {}
RESULT: {}
COMMAND: GET /session/7ceb9c4207408afb27fb3a73a7391b04/screenshot - {}
RESULT: {}
COMMAND: POST /session/7ceb9c4207408afb27fb3a73a7391b04/execute/async - {"script":"<script> [1562 bytes]","args":[{"selector":{"id":"application-managesites-display-component---detailSite--addressDetailDetailsYardText"},"wdio_ui5_key":"applicationmanagesites-display-component---detailSite--addressDetailDetailsYardText"}]}
RESULT: {"script":"<script> [1562 bytes]","args":[{"selector":{"id":"application-managesites-display-component---detailSite--addressDetailDetailsYardText"},"wdio_ui5_key":"applicationmanagesites-display-component---detailSite--addressDetailDetailsYardText"}]}
RESULT: undefined
COMMAND: POST /session/7ceb9c4207408afb27fb3a73a7391b04/element - {"using":"xpath","value":"//header/div/div[2]/div[2]/span"}
RESULT: {"using":"xpath","value":"//header/div/div[2]/div[2]/span"}
COMMAND: GET /session/7ceb9c4207408afb27fb3a73a7391b04/element/f.0A3556A37C534166386D2A4E113E99D8.d.57794FD979F83204B4F72BC95D4DE9BA.e.2707/text - {}
RESULT: {}
COMMAND: POST /session/7ceb9c4207408afb27fb3a73a7391b04/element - {"using":"xpath","value":"//header/div/div/div/div/div/div[2]/div/span"}
RESULT: {"using":"xpath","value":"//header/div/div/div/div/div/div[2]/div/span"}
COMMAND: GET /session/7ceb9c4207408afb27fb3a73a7391b04/element/f.0A3556A37C534166386D2A4E113E99D8.d.57794FD979F83204B4F72BC95D4DE9BA.e.2708/text - {}
RESULT: {}
COMMAND: POST /session/7ceb9c4207408afb27fb3a73a7391b04/element - {"using":"css selector","value":"#shell-header-logo"}
RESULT: {"using":"css selector","value":"#shell-header-logo"}
COMMAND: POST /session/7ceb9c4207408afb27fb3a73a7391b04/element/f.0A3556A37C534166386D2A4E113E99D8.d.57794FD979F83204B4F72BC95D4DE9BA.e.1853/click - {}
RESULT: {}
COMMAND: GET /session/7ceb9c4207408afb27fb3a73a7391b04/screenshot - {}
RESULT: {}
]]></system-out>
    </testcase>
    <testcase classname="chrome.136_0_7103_93.windows.Manage_Requests_Tags_Tests_US120163" name="Should Create New Request Tags" time="237.285">
      <system-out><![CDATA[
COMMAND: POST /session/7ceb9c4207408afb27fb3a73a7391b04/execute/async - {"script":"<script> [1562 bytes]","args":[{"selector":{"controlType":"sap.m.GenericTile","properties":{"header":"Manage Requests"}},"wdio_ui5_key":"sapm.GenericTile{\"header\":\"Manage Requests\"}"}]}
RESULT: {"script":"<script> [1562 bytes]","args":[{"selector":{"controlType":"sap.m.GenericTile","properties":{"header":"Manage Requests"}},"wdio_ui5_key":"sapm.GenericTile{\"header\":\"Manage Requests\"}"}]}
RESULT: undefined
COMMAND: POST /session/7ceb9c4207408afb27fb3a73a7391b04/element - {"using":"xpath","value":"//*[@id=\"__tile47\"]"}
RESULT: {"using":"xpath","value":"//*[@id=\"__tile47\"]"}
COMMAND: POST /session/7ceb9c4207408afb27fb3a73a7391b04/element/f.0A3556A37C534166386D2A4E113E99D8.d.57794FD979F83204B4F72BC95D4DE9BA.e.2710/click - {}
RESULT: {}
COMMAND: GET /session/7ceb9c4207408afb27fb3a73a7391b04/screenshot - {}
RESULT: {}
COMMAND: POST /session/7ceb9c4207408afb27fb3a73a7391b04/elements - {"using":"xpath","value":"//span[text()='Error']"}
RESULT: {"using":"xpath","value":"//span[text()='Error']"}
COMMAND: POST /session/7ceb9c4207408afb27fb3a73a7391b04/element - {"using":"xpath","value":"//button[contains(@data-kt ,\"btnCreateNewOverflowToolbarButton\")]"}
COMMAND: POST /session/7ceb9c4207408afb27fb3a73a7391b04/element - {"using":"xpath","value":"(//span[contains(@class ,\"sapMObjStatusText\")])[1]"}
RESULT: {"using":"xpath","value":"//button[contains(@data-kt ,\"btnCreateNewOverflowToolbarButton\")]"}
COMMAND: POST /session/7ceb9c4207408afb27fb3a73a7391b04/element/f.0A3556A37C534166386D2A4E113E99D8.d.57794FD979F83204B4F72BC95D4DE9BA.e.2766/click - {}
RESULT: {"using":"xpath","value":"(//span[contains(@class ,\"sapMObjStatusText\")])[1]"}
COMMAND: POST /session/7ceb9c4207408afb27fb3a73a7391b04/execute/sync - {"script":"<script> [8489 bytes]","args":[{"element-6066-11e4-a52e-4f735466cecf":"f.0A3556A37C534166386D2A4E113E99D8.d.57794FD979F83204B4F72BC95D4DE9BA.e.2809","ELEMENT":"f.0A3556A37C534166386D2A4E113E99D8.d.57794FD979F83204B4F72BC95D4DE9BA.e.2809"}]}
RESULT: {}
COMMAND: GET /session/7ceb9c4207408afb27fb3a73a7391b04/screenshot - {}
COMMAND: POST /session/7ceb9c4207408afb27fb3a73a7391b04/element - {"using":"xpath","value":"(//span[contains(@class ,\"sapMObjStatusText\")])[1]"}
RESULT: {}
RESULT: {"using":"xpath","value":"(//span[contains(@class ,\"sapMObjStatusText\")])[1]"}
COMMAND: POST /session/7ceb9c4207408afb27fb3a73a7391b04/execute/sync - {"script":"<script> [8489 bytes]","args":[{"element-6066-11e4-a52e-4f735466cecf":"f.0A3556A37C534166386D2A4E113E99D8.d.57794FD979F83204B4F72BC95D4DE9BA.e.3051","ELEMENT":"f.0A3556A37C534166386D2A4E113E99D8.d.57794FD979F83204B4F72BC95D4DE9BA.e.3051"}]}
RESULT: {"script":"<script> [8489 bytes]","args":[{"element-6066-11e4-a52e-4f735466cecf":"f.0A3556A37C534166386D2A4E113E99D8.d.57794FD979F83204B4F72BC95D4DE9BA.e.3051","ELEMENT":"f.0A3556A37C534166386D2A4E113E99D8.d.57794FD979F83204B4F72BC95D4DE9BA.e.3051"}]}
COMMAND: GET /session/7ceb9c4207408afb27fb3a73a7391b04/screenshot - {}
RESULT: {}
COMMAND: POST /session/7ceb9c4207408afb27fb3a73a7391b04/element - {"using":"xpath","value":"//input[contains(@id ,\"yardId-inner\")]"}
RESULT: {"using":"xpath","value":"//input[contains(@id ,\"yardId-inner\")]"}
COMMAND: POST /session/7ceb9c4207408afb27fb3a73a7391b04/execute/sync - {"script":"<script> [8489 bytes]","args":[{"element-6066-11e4-a52e-4f735466cecf":"f.0A3556A37C534166386D2A4E113E99D8.d.57794FD979F83204B4F72BC95D4DE9BA.e.2911","ELEMENT":"f.0A3556A37C534166386D2A4E113E99D8.d.57794FD979F83204B4F72BC95D4DE9BA.e.2911"}]}
RESULT: {"script":"<script> [8489 bytes]","args":[{"element-6066-11e4-a52e-4f735466cecf":"f.0A3556A37C534166386D2A4E113E99D8.d.57794FD979F83204B4F72BC95D4DE9BA.e.2911","ELEMENT":"f.0A3556A37C534166386D2A4E113E99D8.d.57794FD979F83204B4F72BC95D4DE9BA.e.2911"}]}
COMMAND: POST /session/7ceb9c4207408afb27fb3a73a7391b04/element - {"using":"xpath","value":"//input[contains(@id ,\"yardId-inner\")]"}
COMMAND: GET /session/7ceb9c4207408afb27fb3a73a7391b04/screenshot - {}
RESULT: {"using":"xpath","value":"//input[contains(@id ,\"yardId-inner\")]"}
COMMAND: GET /session/7ceb9c4207408afb27fb3a73a7391b04/element/f.0A3556A37C534166386D2A4E113E99D8.d.57794FD979F83204B4F72BC95D4DE9BA.e.2911/enabled - {}
RESULT: {}
RESULT: {}
COMMAND: POST /session/7ceb9c4207408afb27fb3a73a7391b04/element/f.0A3556A37C534166386D2A4E113E99D8.d.57794FD979F83204B4F72BC95D4DE9BA.e.2911/clear - {}
COMMAND: GET /session/7ceb9c4207408afb27fb3a73a7391b04/screenshot - {}
RESULT: {}
COMMAND: POST /session/7ceb9c4207408afb27fb3a73a7391b04/element/f.0A3556A37C534166386D2A4E113E99D8.d.57794FD979F83204B4F72BC95D4DE9BA.e.2911/value - {"text":"WebdriverYard2bocbg"}
COMMAND: GET /session/7ceb9c4207408afb27fb3a73a7391b04/screenshot - {}
RESULT: {}
RESULT: {"text":"WebdriverYard2bocbg"}
COMMAND: GET /session/7ceb9c4207408afb27fb3a73a7391b04/screenshot - {}
RESULT: {}
RESULT: {}
COMMAND: POST /session/7ceb9c4207408afb27fb3a73a7391b04/element - {"using":"xpath","value":"//input[contains(@id ,\"customerNumber-inner\")]"}
RESULT: {"using":"xpath","value":"//input[contains(@id ,\"customerNumber-inner\")]"}
COMMAND: POST /session/7ceb9c4207408afb27fb3a73a7391b04/element/f.0A3556A37C534166386D2A4E113E99D8.d.57794FD979F83204B4F72BC95D4DE9BA.e.2905/value - {"text":"WebdriverPartnerpmdjl"}
COMMAND: POST /session/7ceb9c4207408afb27fb3a73a7391b04/actions - {"actions":[{"id":"action5","type":"key","parameters":{},"actions":[{"type":"keyDown","value":""},{"type":"pause","duration":10},{"type":"keyUp","value":""}]}]}
RESULT: {"actions":[{"id":"action5","type":"key","parameters":{},"actions":[{"type":"keyDown","value":""},{"type":"pause","duration":10},{"type":"keyUp","value":""}]}]}
COMMAND: GET /session/7ceb9c4207408afb27fb3a73a7391b04/screenshot - {}
COMMAND: POST /session/7ceb9c4207408afb27fb3a73a7391b04/element/f.0A3556A37C534166386D2A4E113E99D8.d.57794FD979F83204B4F72BC95D4DE9BA.e.2911/clear - {}
RESULT: {"text":"WebdriverPartnerpmdjl"}
COMMAND: GET /session/7ceb9c4207408afb27fb3a73a7391b04/screenshot - {}
RESULT: {}
RESULT: {}
COMMAND: POST /session/7ceb9c4207408afb27fb3a73a7391b04/element/f.0A3556A37C534166386D2A4E113E99D8.d.57794FD979F83204B4F72BC95D4DE9BA.e.2911/clear - {}
COMMAND: GET /session/7ceb9c4207408afb27fb3a73a7391b04/screenshot - {}
RESULT: {}
RESULT: {}
COMMAND: POST /session/7ceb9c4207408afb27fb3a73a7391b04/element/f.0A3556A37C534166386D2A4E113E99D8.d.57794FD979F83204B4F72BC95D4DE9BA.e.2911/value - {"text":"WebdriverYard2bocbg"}
COMMAND: GET /session/7ceb9c4207408afb27fb3a73a7391b04/screenshot - {}
RESULT: {}
RESULT: {"text":"WebdriverYard2bocbg"}
COMMAND: GET /session/7ceb9c4207408afb27fb3a73a7391b04/screenshot - {}
RESULT: {}
RESULT: {}
COMMAND: POST /session/7ceb9c4207408afb27fb3a73a7391b04/actions - {"actions":[{"id":"action6","type":"key","parameters":{},"actions":[{"type":"keyDown","value":""},{"type":"pause","duration":10},{"type":"keyUp","value":""}]}]}
RESULT: {"actions":[{"id":"action6","type":"key","parameters":{},"actions":[{"type":"keyDown","value":""},{"type":"pause","duration":10},{"type":"keyUp","value":""}]}]}
COMMAND: GET /session/7ceb9c4207408afb27fb3a73a7391b04/screenshot - {}
RESULT: {}
COMMAND: GET /session/7ceb9c4207408afb27fb3a73a7391b04/element/f.0A3556A37C534166386D2A4E113E99D8.d.57794FD979F83204B4F72BC95D4DE9BA.e.2905/property/value - {}
COMMAND: POST /session/7ceb9c4207408afb27fb3a73a7391b04/actions - {"actions":[{"id":"action7","type":"key","parameters":{},"actions":[{"type":"keyDown","value":""},{"type":"pause","duration":10},{"type":"keyUp","value":""}]}]}
RESULT: {}
COMMAND: POST /session/7ceb9c4207408afb27fb3a73a7391b04/element/f.0A3556A37C534166386D2A4E113E99D8.d.57794FD979F83204B4F72BC95D4DE9BA.e.2905/clear - {}
COMMAND: GET /session/7ceb9c4207408afb27fb3a73a7391b04/screenshot - {}
RESULT: {"actions":[{"id":"action7","type":"key","parameters":{},"actions":[{"type":"keyDown","value":""},{"type":"pause","duration":10},{"type":"keyUp","value":""}]}]}
COMMAND: GET /session/7ceb9c4207408afb27fb3a73a7391b04/screenshot - {}
RESULT: {}
COMMAND: GET /session/7ceb9c4207408afb27fb3a73a7391b04/screenshot - {}
RESULT: {}
RESULT: {}
RESULT: {}
COMMAND: POST /session/7ceb9c4207408afb27fb3a73a7391b04/element/f.0A3556A37C534166386D2A4E113E99D8.d.57794FD979F83204B4F72BC95D4DE9BA.e.2905/value - {"text":"WebdriverPartnerpmdjl"}
RESULT: {"text":"WebdriverPartnerpmdjl"}
COMMAND: GET /session/7ceb9c4207408afb27fb3a73a7391b04/screenshot - {}
RESULT: {}
COMMAND: POST /session/7ceb9c4207408afb27fb3a73a7391b04/actions - {"actions":[{"id":"action8","type":"key","parameters":{},"actions":[{"type":"keyDown","value":""},{"type":"pause","duration":10},{"type":"keyUp","value":""}]}]}
RESULT: {"actions":[{"id":"action8","type":"key","parameters":{},"actions":[{"type":"keyDown","value":""},{"type":"pause","duration":10},{"type":"keyUp","value":""}]}]}
COMMAND: GET /session/7ceb9c4207408afb27fb3a73a7391b04/screenshot - {}
RESULT: {}
COMMAND: POST /session/7ceb9c4207408afb27fb3a73a7391b04/element - {"using":"xpath","value":"//input[contains(@id ,\"requestSiteId-inner\")]"}
RESULT: {"using":"xpath","value":"//input[contains(@id ,\"requestSiteId-inner\")]"}
COMMAND: POST /session/7ceb9c4207408afb27fb3a73a7391b04/element/f.0A3556A37C534166386D2A4E113E99D8.d.57794FD979F83204B4F72BC95D4DE9BA.e.2904/value - {"text":"WebdriverSitebbrdn"}
RESULT: {"text":"WebdriverSitebbrdn"}
COMMAND: GET /session/7ceb9c4207408afb27fb3a73a7391b04/screenshot - {}
RESULT: {}
COMMAND: POST /session/7ceb9c4207408afb27fb3a73a7391b04/actions - {"actions":[{"id":"action9","type":"key","parameters":{},"actions":[{"type":"keyDown","value":""},{"type":"pause","duration":10},{"type":"keyUp","value":""}]}]}
RESULT: {"actions":[{"id":"action9","type":"key","parameters":{},"actions":[{"type":"keyDown","value":""},{"type":"pause","duration":10},{"type":"keyUp","value":""}]}]}
COMMAND: GET /session/7ceb9c4207408afb27fb3a73a7391b04/screenshot - {}
RESULT: {}
COMMAND: POST /session/7ceb9c4207408afb27fb3a73a7391b04/execute/async - {"script":"<script> [1562 bytes]","args":[{"selector":{"controlType":"sap.m.Input","viewName":"etm.portal.ui.managerequests.view.NewRequest","bindingPath":{"path":"","propertyPath":"/DESCRIPTION","modelName":"oNewRequestModel"},"interaction":{"idSuffix":"inner"}},"wdio_ui5_key":"etmportal.ui.managerequests.view.NewRequestsap.m.Input{\"path\":\"\",\"propertyPath\":\"/DESCRIPTION\",\"modelName\":\"oNewRequestModel\"}"}]}
RESULT: {"script":"<script> [1562 bytes]","args":[{"selector":{"controlType":"sap.m.Input","viewName":"etm.portal.ui.managerequests.view.NewRequest","bindingPath":{"path":"","propertyPath":"/DESCRIPTION","modelName":"oNewRequestModel"},"interaction":{"idSuffix":"inner"}},"wdio_ui5_key":"etmportal.ui.managerequests.view.NewRequestsap.m.Input{\"path\":\"\",\"propertyPath\":\"/DESCRIPTION\",\"modelName\":\"oNewRequestModel\"}"}]}
RESULT: undefined
COMMAND: POST /session/7ceb9c4207408afb27fb3a73a7391b04/execute/async - {"script":"<script> [776 bytes]","args":[{"enterText":"Wdi5 Tags Test","selector":{"controlType":"sap.m.Input","viewName":"etm.portal.ui.managerequests.view.NewRequest","bindingPath":{"path":"","propertyPath":"/DESCRIPTION","modelName":"oNewRequestModel"},"interaction":{"idSuffix":"inner"}},"clearTextFirst":true,"interactionType":"ENTER_TEXT"}]}
RESULT: {"script":"<script> [776 bytes]","args":[{"enterText":"Wdi5 Tags Test","selector":{"controlType":"sap.m.Input","viewName":"etm.portal.ui.managerequests.view.NewRequest","bindingPath":{"path":"","propertyPath":"/DESCRIPTION","modelName":"oNewRequestModel"},"interaction":{"idSuffix":"inner"}},"clearTextFirst":true,"interactionType":"ENTER_TEXT"}]}
COMMAND: POST /session/7ceb9c4207408afb27fb3a73a7391b04/execute/async - {"script":"<script> [1562 bytes]","args":[{"selector":{"id":"tagInputAdd","viewName":"etm.portal.ui.managerequests.view.NewRequest","interaction":{"idSuffix":"inner"}},"wdio_ui5_key":"tagInputAddetmportal.ui.managerequests.view.NewRequest"}]}
RESULT: {"script":"<script> [1562 bytes]","args":[{"selector":{"id":"tagInputAdd","viewName":"etm.portal.ui.managerequests.view.NewRequest","interaction":{"idSuffix":"inner"}},"wdio_ui5_key":"tagInputAddetmportal.ui.managerequests.view.NewRequest"}]}
RESULT: undefined
COMMAND: POST /session/7ceb9c4207408afb27fb3a73a7391b04/execute/async - {"script":"<script> [776 bytes]","args":[{"enterText":"RefTag","selector":{"id":"tagInputAdd","viewName":"etm.portal.ui.managerequests.view.NewRequest","interaction":{"idSuffix":"inner"}},"clearTextFirst":true,"interactionType":"ENTER_TEXT"}]}
RESULT: {"script":"<script> [776 bytes]","args":[{"enterText":"RefTag","selector":{"id":"tagInputAdd","viewName":"etm.portal.ui.managerequests.view.NewRequest","interaction":{"idSuffix":"inner"}},"clearTextFirst":true,"interactionType":"ENTER_TEXT"}]}
COMMAND: POST /session/7ceb9c4207408afb27fb3a73a7391b04/actions - {"actions":[{"id":"action10","type":"key","parameters":{},"actions":[{"type":"keyDown","value":""},{"type":"pause","duration":10},{"type":"keyUp","value":""}]}]}
RESULT: {"actions":[{"id":"action10","type":"key","parameters":{},"actions":[{"type":"keyDown","value":""},{"type":"pause","duration":10},{"type":"keyUp","value":""}]}]}
COMMAND: GET /session/7ceb9c4207408afb27fb3a73a7391b04/screenshot - {}
RESULT: {}
RESULT: undefined
COMMAND: POST /session/7ceb9c4207408afb27fb3a73a7391b04/execute/async - {"script":"<script> [776 bytes]","args":[{"enterText":"tag-header","selector":{"id":"tagInputAdd","viewName":"etm.portal.ui.managerequests.view.NewRequest","interaction":{"idSuffix":"inner"}},"clearTextFirst":true,"interactionType":"ENTER_TEXT"}]}
RESULT: {"script":"<script> [776 bytes]","args":[{"enterText":"tag-header","selector":{"id":"tagInputAdd","viewName":"etm.portal.ui.managerequests.view.NewRequest","interaction":{"idSuffix":"inner"}},"clearTextFirst":true,"interactionType":"ENTER_TEXT"}]}
COMMAND: POST /session/7ceb9c4207408afb27fb3a73a7391b04/actions - {"actions":[{"id":"action11","type":"key","parameters":{},"actions":[{"type":"keyDown","value":""},{"type":"pause","duration":10},{"type":"keyUp","value":""}]}]}
RESULT: {"actions":[{"id":"action11","type":"key","parameters":{},"actions":[{"type":"keyDown","value":""},{"type":"pause","duration":10},{"type":"keyUp","value":""}]}]}
COMMAND: GET /session/7ceb9c4207408afb27fb3a73a7391b04/screenshot - {}
RESULT: {}
RESULT: undefined
COMMAND: POST /session/7ceb9c4207408afb27fb3a73a7391b04/execute/async - {"script":"<script> [776 bytes]","args":[{"enterText":"tag-duplicate","selector":{"id":"tagInputAdd","viewName":"etm.portal.ui.managerequests.view.NewRequest","interaction":{"idSuffix":"inner"}},"clearTextFirst":true,"interactionType":"ENTER_TEXT"}]}
RESULT: {"script":"<script> [776 bytes]","args":[{"enterText":"tag-duplicate","selector":{"id":"tagInputAdd","viewName":"etm.portal.ui.managerequests.view.NewRequest","interaction":{"idSuffix":"inner"}},"clearTextFirst":true,"interactionType":"ENTER_TEXT"}]}
COMMAND: POST /session/7ceb9c4207408afb27fb3a73a7391b04/actions - {"actions":[{"id":"action12","type":"key","parameters":{},"actions":[{"type":"keyDown","value":""},{"type":"pause","duration":10},{"type":"keyUp","value":""}]}]}
RESULT: {"actions":[{"id":"action12","type":"key","parameters":{},"actions":[{"type":"keyDown","value":""},{"type":"pause","duration":10},{"type":"keyUp","value":""}]}]}
COMMAND: GET /session/7ceb9c4207408afb27fb3a73a7391b04/screenshot - {}
RESULT: {}
COMMAND: POST /session/7ceb9c4207408afb27fb3a73a7391b04/execute/async - {"script":"<script> [1562 bytes]","args":[{"selector":{"id":"tagsLayoutAdd","viewName":"etm.portal.ui.managerequests.view.NewRequest"},"wdio_ui5_key":"tagsLayoutAddetmportal.ui.managerequests.view.NewRequest"}]}
RESULT: {"script":"<script> [1562 bytes]","args":[{"selector":{"id":"tagsLayoutAdd","viewName":"etm.portal.ui.managerequests.view.NewRequest"},"wdio_ui5_key":"tagsLayoutAddetmportal.ui.managerequests.view.NewRequest"}]}
RESULT: undefined
COMMAND: POST /session/7ceb9c4207408afb27fb3a73a7391b04/execute/async - {"script":"<script> [6424 bytes]","args":[{"element-6066-11e4-a52e-4f735466cecf":"f.0A3556A37C534166386D2A4E113E99D8.d.57794FD979F83204B4F72BC95D4DE9BA.e.3034"},"getTokens",[]]}
RESULT: {"script":"<script> [6424 bytes]","args":[{"element-6066-11e4-a52e-4f735466cecf":"f.0A3556A37C534166386D2A4E113E99D8.d.57794FD979F83204B4F72BC95D4DE9BA.e.3034"},"getTokens",[]]}
COMMAND: POST /session/7ceb9c4207408afb27fb3a73a7391b04/execute/async - {"script":"<script> [1562 bytes]","args":[{"wdio_ui5_key":"__token9","selector":{"id":"__token9"}}]}
COMMAND: POST /session/7ceb9c4207408afb27fb3a73a7391b04/execute/async - {"script":"<script> [1562 bytes]","args":[{"wdio_ui5_key":"__token10","selector":{"id":"__token10"}}]}
COMMAND: POST /session/7ceb9c4207408afb27fb3a73a7391b04/execute/async - {"script":"<script> [1562 bytes]","args":[{"wdio_ui5_key":"__token8","selector":{"id":"__token8"}}]}
RESULT: {"script":"<script> [1562 bytes]","args":[{"wdio_ui5_key":"__token8","selector":{"id":"__token8"}}]}
RESULT: undefined
RESULT: {"script":"<script> [1562 bytes]","args":[{"wdio_ui5_key":"__token10","selector":{"id":"__token10"}}]}
RESULT: undefined
RESULT: {"script":"<script> [1562 bytes]","args":[{"wdio_ui5_key":"__token9","selector":{"id":"__token9"}}]}
RESULT: undefined
COMMAND: POST /session/7ceb9c4207408afb27fb3a73a7391b04/execute/async - {"script":"<script> [1562 bytes]","args":[{"selector":{"controlType":"sap.ui.core.Icon","viewName":"etm.portal.ui.managerequests.view.NewRequest","properties":{"src":{"regex":{"source":"decline"}}},"ancestor":{"controlType":"sap.m.Token","viewName":"etm.portal.ui.managerequests.view.NewRequest","properties":{"text":"tag-duplicate"}}},"wdio_ui5_key":"etmportal.ui.managerequests.view.NewRequestsap.ui.core.Icon{\"src\":{\"regex\":{\"source\":\"decline\"}}}{\"controlType\":\"sap.m.Token\",\"viewName\":\"etm.portal.ui.managerequests.view.NewRequest\",\"properties\":{\"text\":\"tag-duplicate\"}}"}]}
RESULT: {"script":"<script> [1562 bytes]","args":[{"selector":{"controlType":"sap.ui.core.Icon","viewName":"etm.portal.ui.managerequests.view.NewRequest","properties":{"src":{"regex":{"source":"decline"}}},"ancestor":{"controlType":"sap.m.Token","viewName":"etm.portal.ui.managerequests.view.NewRequest","properties":{"text":"tag-duplicate"}}},"wdio_ui5_key":"etmportal.ui.managerequests.view.NewRequestsap.ui.core.Icon{\"src\":{\"regex\":{\"source\":\"decline\"}}}{\"controlType\":\"sap.m.Token\",\"viewName\":\"etm.portal.ui.managerequests.view.NewRequest\",\"properties\":{\"text\":\"tag-duplicate\"}}"}]}
RESULT: undefined
COMMAND: POST /session/7ceb9c4207408afb27fb3a73a7391b04/element - {"using":"xpath","value":"//*[@id=\"__token10-icon\"]"}
RESULT: {"using":"xpath","value":"//*[@id=\"__token10-icon\"]"}
COMMAND: POST /session/7ceb9c4207408afb27fb3a73a7391b04/element/f.0A3556A37C534166386D2A4E113E99D8.d.57794FD979F83204B4F72BC95D4DE9BA.e.3065/click - {}
RESULT: {}
COMMAND: POST /session/7ceb9c4207408afb27fb3a73a7391b04/execute/async - {"script":"<script> [1562 bytes]","args":[{"selector":{"controlType":"sap.ui.core.Icon","viewName":"etm.portal.ui.managerequests.view.NewRequest","properties":{"src":{"regex":{"source":"decline"}}},"ancestor":{"controlType":"sap.m.Token","viewName":"etm.portal.ui.managerequests.view.NewRequest","properties":{"text":"tag1"}}},"wdio_ui5_key":"etmportal.ui.managerequests.view.NewRequestsap.ui.core.Icon{\"src\":{\"regex\":{\"source\":\"decline\"}}}{\"controlType\":\"sap.m.Token\",\"viewName\":\"etm.portal.ui.managerequests.view.NewRequest\",\"properties\":{\"text\":\"tag1\"}}"}]}
COMMAND: GET /session/7ceb9c4207408afb27fb3a73a7391b04/screenshot - {}
RESULT: {"script":"<script> [1562 bytes]","args":[{"selector":{"controlType":"sap.ui.core.Icon","viewName":"etm.portal.ui.managerequests.view.NewRequest","properties":{"src":{"regex":{"source":"decline"}}},"ancestor":{"controlType":"sap.m.Token","viewName":"etm.portal.ui.managerequests.view.NewRequest","properties":{"text":"tag1"}}},"wdio_ui5_key":"etmportal.ui.managerequests.view.NewRequestsap.ui.core.Icon{\"src\":{\"regex\":{\"source\":\"decline\"}}}{\"controlType\":\"sap.m.Token\",\"viewName\":\"etm.portal.ui.managerequests.view.NewRequest\",\"properties\":{\"text\":\"tag1\"}}"}]}
RESULT: undefined
RESULT: {}
COMMAND: POST /session/7ceb9c4207408afb27fb3a73a7391b04/actions - {"actions":[{"id":"action13","type":"key","parameters":{},"actions":[{"type":"keyDown","value":""},{"type":"pause","duration":10},{"type":"keyUp","value":""}]}]}
RESULT: {"actions":[{"id":"action13","type":"key","parameters":{},"actions":[{"type":"keyDown","value":""},{"type":"pause","duration":10},{"type":"keyUp","value":""}]}]}
COMMAND: GET /session/7ceb9c4207408afb27fb3a73a7391b04/screenshot - {}
RESULT: {}
RESULT: undefined
COMMAND: POST /session/7ceb9c4207408afb27fb3a73a7391b04/execute/async - {"script":"<script> [6424 bytes]","args":[{"element-6066-11e4-a52e-4f735466cecf":"f.0A3556A37C534166386D2A4E113E99D8.d.57794FD979F83204B4F72BC95D4DE9BA.e.3034"},"getTokens",[]]}
RESULT: {"script":"<script> [6424 bytes]","args":[{"element-6066-11e4-a52e-4f735466cecf":"f.0A3556A37C534166386D2A4E113E99D8.d.57794FD979F83204B4F72BC95D4DE9BA.e.3034"},"getTokens",[]]}
RESULT: undefined
RESULT: undefined
COMMAND: POST /session/7ceb9c4207408afb27fb3a73a7391b04/execute/async - {"script":"<script> [1562 bytes]","args":[{"selector":{"controlType":"sap.m.Button","viewName":"etm.portal.ui.managerequests.view.NewRequest","properties":{"text":"Items"},"interaction":{"idSuffix":"BDI-content"}},"wdio_ui5_key":"etmportal.ui.managerequests.view.NewRequestsap.m.Button{\"text\":\"Items\"}"}]}
RESULT: {"script":"<script> [1562 bytes]","args":[{"selector":{"controlType":"sap.m.Button","viewName":"etm.portal.ui.managerequests.view.NewRequest","properties":{"text":"Items"},"interaction":{"idSuffix":"BDI-content"}},"wdio_ui5_key":"etmportal.ui.managerequests.view.NewRequestsap.m.Button{\"text\":\"Items\"}"}]}
RESULT: undefined
COMMAND: POST /session/7ceb9c4207408afb27fb3a73a7391b04/element - {"using":"xpath","value":"//*[@id=\"__xmlview59--newRequestPage-anchBar-__xmlview59--requestItemsSection-anchor\"]"}
RESULT: {"using":"xpath","value":"//*[@id=\"__xmlview59--newRequestPage-anchBar-__xmlview59--requestItemsSection-anchor\"]"}
COMMAND: POST /session/7ceb9c4207408afb27fb3a73a7391b04/element/f.0A3556A37C534166386D2A4E113E99D8.d.57794FD979F83204B4F72BC95D4DE9BA.e.3072/click - {}
RESULT: {}
COMMAND: GET /session/7ceb9c4207408afb27fb3a73a7391b04/screenshot - {}
RESULT: {}
COMMAND: POST /session/7ceb9c4207408afb27fb3a73a7391b04/execute/async - {"script":"<script> [1562 bytes]","args":[{"selector":{"controlType":"sap.ui.core.Icon","viewName":"etm.portal.ui.managerequests.view.NewRequest","properties":{"src":{"regex":{"source":"inspect"}}}},"wdio_ui5_key":"etmportal.ui.managerequests.view.NewRequestsap.ui.core.Icon{\"src\":{\"regex\":{\"source\":\"inspect\"}}}"}]}
RESULT: {"script":"<script> [1562 bytes]","args":[{"selector":{"controlType":"sap.ui.core.Icon","viewName":"etm.portal.ui.managerequests.view.NewRequest","properties":{"src":{"regex":{"source":"inspect"}}}},"wdio_ui5_key":"etmportal.ui.managerequests.view.NewRequestsap.ui.core.Icon{\"src\":{\"regex\":{\"source\":\"inspect\"}}}"}]}
RESULT: undefined
COMMAND: POST /session/7ceb9c4207408afb27fb3a73a7391b04/element - {"using":"xpath","value":"//*[@id=\"__button114-img\"]"}
RESULT: {"using":"xpath","value":"//*[@id=\"__button114-img\"]"}
COMMAND: POST /session/7ceb9c4207408afb27fb3a73a7391b04/element/f.0A3556A37C534166386D2A4E113E99D8.d.57794FD979F83204B4F72BC95D4DE9BA.e.3077/click - {}
RESULT: {}
COMMAND: GET /session/7ceb9c4207408afb27fb3a73a7391b04/screenshot - {}
RESULT: {}
COMMAND: POST /session/7ceb9c4207408afb27fb3a73a7391b04/execute/async - {"script":"<script> [1562 bytes]","args":[{"selector":{"controlType":"sap.ui.core.Icon","viewName":"etm.portal.ui.managerequests.view.NewRequest","properties":{"src":{"regex":{"source":"add"}}}},"wdio_ui5_key":"etmportal.ui.managerequests.view.NewRequestsap.ui.core.Icon{\"src\":{\"regex\":{\"source\":\"add\"}}}"}]}
RESULT: {"script":"<script> [1562 bytes]","args":[{"selector":{"controlType":"sap.ui.core.Icon","viewName":"etm.portal.ui.managerequests.view.NewRequest","properties":{"src":{"regex":{"source":"add"}}}},"wdio_ui5_key":"etmportal.ui.managerequests.view.NewRequestsap.ui.core.Icon{\"src\":{\"regex\":{\"source\":\"add\"}}}"}]}
RESULT: undefined
COMMAND: POST /session/7ceb9c4207408afb27fb3a73a7391b04/element - {"using":"xpath","value":"//*[@id=\"__xmlview59--btnAddTableRow-img\"]"}
RESULT: {"using":"xpath","value":"//*[@id=\"__xmlview59--btnAddTableRow-img\"]"}
COMMAND: POST /session/7ceb9c4207408afb27fb3a73a7391b04/element/f.0A3556A37C534166386D2A4E113E99D8.d.57794FD979F83204B4F72BC95D4DE9BA.e.3085/click - {}
RESULT: {}
COMMAND: GET /session/7ceb9c4207408afb27fb3a73a7391b04/screenshot - {}
RESULT: {}
COMMAND: POST /session/7ceb9c4207408afb27fb3a73a7391b04/execute/async - {"script":"<script> [1562 bytes]","args":[{"selector":{"controlType":"sap.ui.unified.MenuItem","viewName":"etm.portal.ui.managerequests.view.NewRequest","i18NText":{"propertyName":"text","key":"standardEntry"},"searchOpenDialogs":true,"interaction":{"idSuffix":"txt"}},"wdio_ui5_key":"etmportal.ui.managerequests.view.NewRequestsap.ui.unified.MenuItem{\"propertyName\":\"text\",\"key\":\"standardEntry\"}"}]}
RESULT: {"script":"<script> [1562 bytes]","args":[{"selector":{"controlType":"sap.ui.unified.MenuItem","viewName":"etm.portal.ui.managerequests.view.NewRequest","i18NText":{"propertyName":"text","key":"standardEntry"},"searchOpenDialogs":true,"interaction":{"idSuffix":"txt"}},"wdio_ui5_key":"etmportal.ui.managerequests.view.NewRequestsap.ui.unified.MenuItem{\"propertyName\":\"text\",\"key\":\"standardEntry\"}"}]}
RESULT: undefined
COMMAND: POST /session/7ceb9c4207408afb27fb3a73a7391b04/element - {"using":"xpath","value":"//*[@id=\"__item1212\"]"}
RESULT: {"using":"xpath","value":"//*[@id=\"__item1212\"]"}
COMMAND: POST /session/7ceb9c4207408afb27fb3a73a7391b04/element/f.0A3556A37C534166386D2A4E113E99D8.d.57794FD979F83204B4F72BC95D4DE9BA.e.3088/click - {}
RESULT: {}
COMMAND: GET /session/7ceb9c4207408afb27fb3a73a7391b04/screenshot - {}
RESULT: {}
RESULT: undefined
COMMAND: POST /session/7ceb9c4207408afb27fb3a73a7391b04/element - {"using":"xpath","value":"//*[@id=\"__xmlview59--btnAddTableRow-img\"]"}
RESULT: {"using":"xpath","value":"//*[@id=\"__xmlview59--btnAddTableRow-img\"]"}
COMMAND: POST /session/7ceb9c4207408afb27fb3a73a7391b04/element/f.0A3556A37C534166386D2A4E113E99D8.d.57794FD979F83204B4F72BC95D4DE9BA.e.3085/click - {}
RESULT: {}
COMMAND: GET /session/7ceb9c4207408afb27fb3a73a7391b04/screenshot - {}
RESULT: {}
RESULT: undefined
COMMAND: POST /session/7ceb9c4207408afb27fb3a73a7391b04/element - {"using":"xpath","value":"//*[@id=\"__item1212\"]"}
RESULT: {"using":"xpath","value":"//*[@id=\"__item1212\"]"}
COMMAND: POST /session/7ceb9c4207408afb27fb3a73a7391b04/element/f.0A3556A37C534166386D2A4E113E99D8.d.57794FD979F83204B4F72BC95D4DE9BA.e.3109/click - {}
RESULT: {}
COMMAND: GET /session/7ceb9c4207408afb27fb3a73a7391b04/screenshot - {}
RESULT: {}
COMMAND: POST /session/7ceb9c4207408afb27fb3a73a7391b04/element - {"using":"xpath","value":"(//input[contains(@id ,\"requestItemsTable-0-inner\")])[5]"}
RESULT: {"using":"xpath","value":"(//input[contains(@id ,\"requestItemsTable-0-inner\")])[5]"}
COMMAND: POST /session/7ceb9c4207408afb27fb3a73a7391b04/element/f.0A3556A37C534166386D2A4E113E99D8.d.57794FD979F83204B4F72BC95D4DE9BA.e.3100/clear - {}
RESULT: {}
COMMAND: POST /session/7ceb9c4207408afb27fb3a73a7391b04/element/f.0A3556A37C534166386D2A4E113E99D8.d.57794FD979F83204B4F72BC95D4DE9BA.e.3100/value - {"text":"1000001"}
COMMAND: GET /session/7ceb9c4207408afb27fb3a73a7391b04/screenshot - {}
RESULT: {"text":"1000001"}
COMMAND: GET /session/7ceb9c4207408afb27fb3a73a7391b04/screenshot - {}
RESULT: {}
RESULT: {}
COMMAND: POST /session/7ceb9c4207408afb27fb3a73a7391b04/actions - {"actions":[{"id":"action14","type":"key","parameters":{},"actions":[{"type":"keyDown","value":""},{"type":"pause","duration":10},{"type":"keyUp","value":""}]}]}
RESULT: {"actions":[{"id":"action14","type":"key","parameters":{},"actions":[{"type":"keyDown","value":""},{"type":"pause","duration":10},{"type":"keyUp","value":""}]}]}
COMMAND: POST /session/7ceb9c4207408afb27fb3a73a7391b04/element - {"using":"xpath","value":"(//input[contains(@id ,\"requestItemsTable-1-inner\")])[5]"}
COMMAND: GET /session/7ceb9c4207408afb27fb3a73a7391b04/screenshot - {}
RESULT: {"using":"xpath","value":"(//input[contains(@id ,\"requestItemsTable-1-inner\")])[5]"}
COMMAND: POST /session/7ceb9c4207408afb27fb3a73a7391b04/element/f.0A3556A37C534166386D2A4E113E99D8.d.57794FD979F83204B4F72BC95D4DE9BA.e.3115/clear - {}
RESULT: {}
RESULT: {}
COMMAND: POST /session/7ceb9c4207408afb27fb3a73a7391b04/element/f.0A3556A37C534166386D2A4E113E99D8.d.57794FD979F83204B4F72BC95D4DE9BA.e.3115/value - {"text":"1000002"}
COMMAND: GET /session/7ceb9c4207408afb27fb3a73a7391b04/screenshot - {}
RESULT: {"text":"1000002"}
COMMAND: GET /session/7ceb9c4207408afb27fb3a73a7391b04/screenshot - {}
RESULT: {}
RESULT: {}
COMMAND: POST /session/7ceb9c4207408afb27fb3a73a7391b04/actions - {"actions":[{"id":"action15","type":"key","parameters":{},"actions":[{"type":"keyDown","value":""},{"type":"pause","duration":10},{"type":"keyUp","value":""}]}]}
RESULT: {"actions":[{"id":"action15","type":"key","parameters":{},"actions":[{"type":"keyDown","value":""},{"type":"pause","duration":10},{"type":"keyUp","value":""}]}]}
COMMAND: POST /session/7ceb9c4207408afb27fb3a73a7391b04/execute/async - {"script":"<script> [1562 bytes]","args":[{"selector":{"controlType":"sap.m.Input","viewName":"etm.portal.ui.managerequests.view.NewRequest","bindingPath":{"path":"","propertyPath":"/Tags","modelName":"catalogModel"},"ancestor":{"controlType":"sap.m.ColumnListItem","viewName":"etm.portal.ui.managerequests.view.NewRequest","bindingPath":{"modelName":"newRequestItems","path":"/RequestItems/0"},"ancestor":{"id":"requestItemsTable","viewName":"etm.portal.ui.managerequests.view.NewRequest"}},"interaction":{"idSuffix":"inner"}},"wdio_ui5_key":"etmportal.ui.managerequests.view.NewRequestsap.m.Input{\"path\":\"\",\"propertyPath\":\"/Tags\",\"modelName\":\"catalogModel\"}{\"controlType\":\"sap.m.ColumnListItem\",\"viewName\":\"etm.portal.ui.managerequests.view.NewRequest\",\"bindingPath\":{\"modelName\":\"newRequestItems\",\"path\":\"/RequestItems/0\"},\"ancestor\":{\"id\":\"requestItemsTable\",\"viewName\":\"etm.portal.ui.managerequests.view.NewRequest\"}}"}]}
COMMAND: GET /session/7ceb9c4207408afb27fb3a73a7391b04/screenshot - {}
RESULT: {"script":"<script> [1562 bytes]","args":[{"selector":{"controlType":"sap.m.Input","viewName":"etm.portal.ui.managerequests.view.NewRequest","bindingPath":{"path":"","propertyPath":"/Tags","modelName":"catalogModel"},"ancestor":{"controlType":"sap.m.ColumnListItem","viewName":"etm.portal.ui.managerequests.view.NewRequest","bindingPath":{"modelName":"newRequestItems","path":"/RequestItems/0"},"ancestor":{"id":"requestItemsTable","viewName":"etm.portal.ui.managerequests.view.NewRequest"}},"interaction":{"idSuffix":"inner"}},"wdio_ui5_key":"etmportal.ui.managerequests.view.NewRequestsap.m.Input{\"path\":\"\",\"propertyPath\":\"/Tags\",\"modelName\":\"catalogModel\"}{\"controlType\":\"sap.m.ColumnListItem\",\"viewName\":\"etm.portal.ui.managerequests.view.NewRequest\",\"bindingPath\":{\"modelName\":\"newRequestItems\",\"path\":\"/RequestItems/0\"},\"ancestor\":{\"id\":\"requestItemsTable\",\"viewName\":\"etm.portal.ui.managerequests.view.NewRequest\"}}"}]}
RESULT: undefined
COMMAND: POST /session/7ceb9c4207408afb27fb3a73a7391b04/execute/async - {"script":"<script> [776 bytes]","args":[{"enterText":"tag1","selector":{"controlType":"sap.m.Input","viewName":"etm.portal.ui.managerequests.view.NewRequest","bindingPath":{"path":"","propertyPath":"/Tags","modelName":"catalogModel"},"ancestor":{"controlType":"sap.m.ColumnListItem","viewName":"etm.portal.ui.managerequests.view.NewRequest","bindingPath":{"modelName":"newRequestItems","path":"/RequestItems/0"},"ancestor":{"id":"requestItemsTable","viewName":"etm.portal.ui.managerequests.view.NewRequest"}},"interaction":{"idSuffix":"inner"}},"clearTextFirst":true,"interactionType":"ENTER_TEXT"}]}
RESULT: {}
RESULT: {"script":"<script> [776 bytes]","args":[{"enterText":"tag1","selector":{"controlType":"sap.m.Input","viewName":"etm.portal.ui.managerequests.view.NewRequest","bindingPath":{"path":"","propertyPath":"/Tags","modelName":"catalogModel"},"ancestor":{"controlType":"sap.m.ColumnListItem","viewName":"etm.portal.ui.managerequests.view.NewRequest","bindingPath":{"modelName":"newRequestItems","path":"/RequestItems/0"},"ancestor":{"id":"requestItemsTable","viewName":"etm.portal.ui.managerequests.view.NewRequest"}},"interaction":{"idSuffix":"inner"}},"clearTextFirst":true,"interactionType":"ENTER_TEXT"}]}
COMMAND: POST /session/7ceb9c4207408afb27fb3a73a7391b04/actions - {"actions":[{"id":"action16","type":"key","parameters":{},"actions":[{"type":"keyDown","value":""},{"type":"pause","duration":10},{"type":"keyUp","value":""}]}]}
RESULT: {"actions":[{"id":"action16","type":"key","parameters":{},"actions":[{"type":"keyDown","value":""},{"type":"pause","duration":10},{"type":"keyUp","value":""}]}]}
RESULT: undefined
COMMAND: POST /session/7ceb9c4207408afb27fb3a73a7391b04/execute/async - {"script":"<script> [776 bytes]","args":[{"enterText":"tag-duplicate","selector":{"controlType":"sap.m.Input","viewName":"etm.portal.ui.managerequests.view.NewRequest","bindingPath":{"path":"","propertyPath":"/Tags","modelName":"catalogModel"},"ancestor":{"controlType":"sap.m.ColumnListItem","viewName":"etm.portal.ui.managerequests.view.NewRequest","bindingPath":{"modelName":"newRequestItems","path":"/RequestItems/0"},"ancestor":{"id":"requestItemsTable","viewName":"etm.portal.ui.managerequests.view.NewRequest"}},"interaction":{"idSuffix":"inner"}},"clearTextFirst":true,"interactionType":"ENTER_TEXT"}]}
COMMAND: GET /session/7ceb9c4207408afb27fb3a73a7391b04/screenshot - {}
RESULT: {"script":"<script> [776 bytes]","args":[{"enterText":"tag-duplicate","selector":{"controlType":"sap.m.Input","viewName":"etm.portal.ui.managerequests.view.NewRequest","bindingPath":{"path":"","propertyPath":"/Tags","modelName":"catalogModel"},"ancestor":{"controlType":"sap.m.ColumnListItem","viewName":"etm.portal.ui.managerequests.view.NewRequest","bindingPath":{"modelName":"newRequestItems","path":"/RequestItems/0"},"ancestor":{"id":"requestItemsTable","viewName":"etm.portal.ui.managerequests.view.NewRequest"}},"interaction":{"idSuffix":"inner"}},"clearTextFirst":true,"interactionType":"ENTER_TEXT"}]}
RESULT: {}
COMMAND: POST /session/7ceb9c4207408afb27fb3a73a7391b04/actions - {"actions":[{"id":"action17","type":"key","parameters":{},"actions":[{"type":"keyDown","value":""},{"type":"pause","duration":10},{"type":"keyUp","value":""}]}]}
RESULT: {"actions":[{"id":"action17","type":"key","parameters":{},"actions":[{"type":"keyDown","value":""},{"type":"pause","duration":10},{"type":"keyUp","value":""}]}]}
COMMAND: GET /session/7ceb9c4207408afb27fb3a73a7391b04/screenshot - {}
RESULT: {}
COMMAND: POST /session/7ceb9c4207408afb27fb3a73a7391b04/execute/async - {"script":"<script> [1562 bytes]","args":[{"selector":{"controlType":"sap.m.Input","viewName":"etm.portal.ui.managerequests.view.NewRequest","bindingPath":{"path":"","propertyPath":"/Tags","modelName":"catalogModel"},"ancestor":{"controlType":"sap.m.ColumnListItem","viewName":"etm.portal.ui.managerequests.view.NewRequest","bindingPath":{"modelName":"newRequestItems","path":"/RequestItems/1"},"ancestor":{"id":"requestItemsTable","viewName":"etm.portal.ui.managerequests.view.NewRequest"}},"interaction":{"idSuffix":"inner"}},"wdio_ui5_key":"etmportal.ui.managerequests.view.NewRequestsap.m.Input{\"path\":\"\",\"propertyPath\":\"/Tags\",\"modelName\":\"catalogModel\"}{\"controlType\":\"sap.m.ColumnListItem\",\"viewName\":\"etm.portal.ui.managerequests.view.NewRequest\",\"bindingPath\":{\"modelName\":\"newRequestItems\",\"path\":\"/RequestItems/1\"},\"ancestor\":{\"id\":\"requestItemsTable\",\"viewName\":\"etm.portal.ui.managerequests.view.NewRequest\"}}"}]}
RESULT: {"script":"<script> [1562 bytes]","args":[{"selector":{"controlType":"sap.m.Input","viewName":"etm.portal.ui.managerequests.view.NewRequest","bindingPath":{"path":"","propertyPath":"/Tags","modelName":"catalogModel"},"ancestor":{"controlType":"sap.m.ColumnListItem","viewName":"etm.portal.ui.managerequests.view.NewRequest","bindingPath":{"modelName":"newRequestItems","path":"/RequestItems/1"},"ancestor":{"id":"requestItemsTable","viewName":"etm.portal.ui.managerequests.view.NewRequest"}},"interaction":{"idSuffix":"inner"}},"wdio_ui5_key":"etmportal.ui.managerequests.view.NewRequestsap.m.Input{\"path\":\"\",\"propertyPath\":\"/Tags\",\"modelName\":\"catalogModel\"}{\"controlType\":\"sap.m.ColumnListItem\",\"viewName\":\"etm.portal.ui.managerequests.view.NewRequest\",\"bindingPath\":{\"modelName\":\"newRequestItems\",\"path\":\"/RequestItems/1\"},\"ancestor\":{\"id\":\"requestItemsTable\",\"viewName\":\"etm.portal.ui.managerequests.view.NewRequest\"}}"}]}
RESULT: undefined
COMMAND: POST /session/7ceb9c4207408afb27fb3a73a7391b04/execute/async - {"script":"<script> [776 bytes]","args":[{"enterText":"tag1","selector":{"controlType":"sap.m.Input","viewName":"etm.portal.ui.managerequests.view.NewRequest","bindingPath":{"path":"","propertyPath":"/Tags","modelName":"catalogModel"},"ancestor":{"controlType":"sap.m.ColumnListItem","viewName":"etm.portal.ui.managerequests.view.NewRequest","bindingPath":{"modelName":"newRequestItems","path":"/RequestItems/1"},"ancestor":{"id":"requestItemsTable","viewName":"etm.portal.ui.managerequests.view.NewRequest"}},"interaction":{"idSuffix":"inner"}},"clearTextFirst":true,"interactionType":"ENTER_TEXT"}]}
RESULT: {"script":"<script> [776 bytes]","args":[{"enterText":"tag1","selector":{"controlType":"sap.m.Input","viewName":"etm.portal.ui.managerequests.view.NewRequest","bindingPath":{"path":"","propertyPath":"/Tags","modelName":"catalogModel"},"ancestor":{"controlType":"sap.m.ColumnListItem","viewName":"etm.portal.ui.managerequests.view.NewRequest","bindingPath":{"modelName":"newRequestItems","path":"/RequestItems/1"},"ancestor":{"id":"requestItemsTable","viewName":"etm.portal.ui.managerequests.view.NewRequest"}},"interaction":{"idSuffix":"inner"}},"clearTextFirst":true,"interactionType":"ENTER_TEXT"}]}
COMMAND: POST /session/7ceb9c4207408afb27fb3a73a7391b04/actions - {"actions":[{"id":"action18","type":"key","parameters":{},"actions":[{"type":"keyDown","value":""},{"type":"pause","duration":10},{"type":"keyUp","value":""}]}]}
RESULT: {"actions":[{"id":"action18","type":"key","parameters":{},"actions":[{"type":"keyDown","value":""},{"type":"pause","duration":10},{"type":"keyUp","value":""}]}]}
RESULT: undefined
COMMAND: POST /session/7ceb9c4207408afb27fb3a73a7391b04/execute/async - {"script":"<script> [776 bytes]","args":[{"enterText":"tag-duplicate","selector":{"controlType":"sap.m.Input","viewName":"etm.portal.ui.managerequests.view.NewRequest","bindingPath":{"path":"","propertyPath":"/Tags","modelName":"catalogModel"},"ancestor":{"controlType":"sap.m.ColumnListItem","viewName":"etm.portal.ui.managerequests.view.NewRequest","bindingPath":{"modelName":"newRequestItems","path":"/RequestItems/1"},"ancestor":{"id":"requestItemsTable","viewName":"etm.portal.ui.managerequests.view.NewRequest"}},"interaction":{"idSuffix":"inner"}},"clearTextFirst":true,"interactionType":"ENTER_TEXT"}]}
COMMAND: GET /session/7ceb9c4207408afb27fb3a73a7391b04/screenshot - {}
RESULT: {"script":"<script> [776 bytes]","args":[{"enterText":"tag-duplicate","selector":{"controlType":"sap.m.Input","viewName":"etm.portal.ui.managerequests.view.NewRequest","bindingPath":{"path":"","propertyPath":"/Tags","modelName":"catalogModel"},"ancestor":{"controlType":"sap.m.ColumnListItem","viewName":"etm.portal.ui.managerequests.view.NewRequest","bindingPath":{"modelName":"newRequestItems","path":"/RequestItems/1"},"ancestor":{"id":"requestItemsTable","viewName":"etm.portal.ui.managerequests.view.NewRequest"}},"interaction":{"idSuffix":"inner"}},"clearTextFirst":true,"interactionType":"ENTER_TEXT"}]}
RESULT: {}
COMMAND: POST /session/7ceb9c4207408afb27fb3a73a7391b04/actions - {"actions":[{"id":"action19","type":"key","parameters":{},"actions":[{"type":"keyDown","value":""},{"type":"pause","duration":10},{"type":"keyUp","value":""}]}]}
RESULT: {"actions":[{"id":"action19","type":"key","parameters":{},"actions":[{"type":"keyDown","value":""},{"type":"pause","duration":10},{"type":"keyUp","value":""}]}]}
COMMAND: GET /session/7ceb9c4207408afb27fb3a73a7391b04/screenshot - {}
RESULT: {}
COMMAND: POST /session/7ceb9c4207408afb27fb3a73a7391b04/execute/async - {"script":"<script> [1562 bytes]","args":[{"selector":{"controlType":"sap.ui.core.Icon","viewName":"etm.portal.ui.managerequests.view.NewRequest","properties":{"src":{"regex":{"source":"slim\\-arrow\\-down"}}},"ancestor":{"controlType":"sap.m.Button","viewName":"etm.portal.ui.managerequests.view.NewRequest","properties":{"icon":"sap-icon://slim-arrow-down"}}},"wdio_ui5_key":"etmportal.ui.managerequests.view.NewRequestsap.ui.core.Icon{\"src\":{\"regex\":{\"source\":\"slim\\\\-arrow\\\\-down\"}}}{\"controlType\":\"sap.m.Button\",\"viewName\":\"etm.portal.ui.managerequests.view.NewRequest\",\"properties\":{\"icon\":\"sap-icon://slim-arrow-down\"}}"}]}
RESULT: {"script":"<script> [1562 bytes]","args":[{"selector":{"controlType":"sap.ui.core.Icon","viewName":"etm.portal.ui.managerequests.view.NewRequest","properties":{"src":{"regex":{"source":"slim\\-arrow\\-down"}}},"ancestor":{"controlType":"sap.m.Button","viewName":"etm.portal.ui.managerequests.view.NewRequest","properties":{"icon":"sap-icon://slim-arrow-down"}}},"wdio_ui5_key":"etmportal.ui.managerequests.view.NewRequestsap.ui.core.Icon{\"src\":{\"regex\":{\"source\":\"slim\\\\-arrow\\\\-down\"}}}{\"controlType\":\"sap.m.Button\",\"viewName\":\"etm.portal.ui.managerequests.view.NewRequest\",\"properties\":{\"icon\":\"sap-icon://slim-arrow-down\"}}"}]}
RESULT: undefined
COMMAND: POST /session/7ceb9c4207408afb27fb3a73a7391b04/element - {"using":"xpath","value":"//*[@id=\"__title25-expandBtn-img\"]"}
RESULT: {"using":"xpath","value":"//*[@id=\"__title25-expandBtn-img\"]"}
COMMAND: POST /session/7ceb9c4207408afb27fb3a73a7391b04/element/f.0A3556A37C534166386D2A4E113E99D8.d.57794FD979F83204B4F72BC95D4DE9BA.e.3161/click - {}
RESULT: {}
COMMAND: GET /session/7ceb9c4207408afb27fb3a73a7391b04/screenshot - {}
RESULT: {}
COMMAND: POST /session/7ceb9c4207408afb27fb3a73a7391b04/element - {"using":"xpath","value":"//div[contains(@data-kt ,\"splitAllocationObjectStatus\")]"}
RESULT: {"using":"xpath","value":"//div[contains(@data-kt ,\"splitAllocationObjectStatus\")]"}
COMMAND: POST /session/7ceb9c4207408afb27fb3a73a7391b04/elements - {"using":"xpath","value":"//div[contains(@data-kt ,\"splitAllocationObjectStatus\")]"}
RESULT: {"using":"xpath","value":"//div[contains(@data-kt ,\"splitAllocationObjectStatus\")]"}
COMMAND: POST /session/7ceb9c4207408afb27fb3a73a7391b04/execute/async - {"script":"<script> [1562 bytes]","args":[{"selector":{"controlType":"sap.ui.core.Icon","viewName":"etm.portal.ui.managerequests.view.NewRequest","properties":{"src":{"regex":{"source":"message\\-error"}}},"ancestor":{"controlType":"sap.m.ColumnListItem","viewName":"etm.portal.ui.managerequests.view.NewRequest","bindingPath":{"modelName":"newRequestItems","path":"/RequestItems/0"},"ancestor":{"id":"requestItemsTable","viewName":"etm.portal.ui.managerequests.view.NewRequest"}}},"wdio_ui5_key":"etmportal.ui.managerequests.view.NewRequestsap.ui.core.Icon{\"src\":{\"regex\":{\"source\":\"message\\\\-error\"}}}{\"controlType\":\"sap.m.ColumnListItem\",\"viewName\":\"etm.portal.ui.managerequests.view.NewRequest\",\"bindingPath\":{\"modelName\":\"newRequestItems\",\"path\":\"/RequestItems/0\"},\"ancestor\":{\"id\":\"requestItemsTable\",\"viewName\":\"etm.portal.ui.managerequests.view.NewRequest\"}}"}]}
RESULT: {"script":"<script> [1562 bytes]","args":[{"selector":{"controlType":"sap.ui.core.Icon","viewName":"etm.portal.ui.managerequests.view.NewRequest","properties":{"src":{"regex":{"source":"message\\-error"}}},"ancestor":{"controlType":"sap.m.ColumnListItem","viewName":"etm.portal.ui.managerequests.view.NewRequest","bindingPath":{"modelName":"newRequestItems","path":"/RequestItems/0"},"ancestor":{"id":"requestItemsTable","viewName":"etm.portal.ui.managerequests.view.NewRequest"}}},"wdio_ui5_key":"etmportal.ui.managerequests.view.NewRequestsap.ui.core.Icon{\"src\":{\"regex\":{\"source\":\"message\\\\-error\"}}}{\"controlType\":\"sap.m.ColumnListItem\",\"viewName\":\"etm.portal.ui.managerequests.view.NewRequest\",\"bindingPath\":{\"modelName\":\"newRequestItems\",\"path\":\"/RequestItems/0\"},\"ancestor\":{\"id\":\"requestItemsTable\",\"viewName\":\"etm.portal.ui.managerequests.view.NewRequest\"}}"}]}
RESULT: undefined
COMMAND: POST /session/7ceb9c4207408afb27fb3a73a7391b04/element - {"using":"xpath","value":"//*[@id=\"__status6-__xmlview59--requestItemsTable-0-icon\"]"}
RESULT: {"using":"xpath","value":"//*[@id=\"__status6-__xmlview59--requestItemsTable-0-icon\"]"}
COMMAND: POST /session/7ceb9c4207408afb27fb3a73a7391b04/element/f.0A3556A37C534166386D2A4E113E99D8.d.57794FD979F83204B4F72BC95D4DE9BA.e.3142/click - {}
RESULT: {}
COMMAND: GET /session/7ceb9c4207408afb27fb3a73a7391b04/screenshot - {}
RESULT: {}
COMMAND: POST /session/7ceb9c4207408afb27fb3a73a7391b04/execute/async - {"script":"<script> [1562 bytes]","args":[{"selector":{"id":"costObjectAdminTypeComboBox","viewName":"etm.portal.ui.managerequests.view.NewRequest","searchOpenDialogs":true,"interaction":{"idSuffix":"inner"}},"wdio_ui5_key":"costObjectAdminTypeComboBoxetmportal.ui.managerequests.view.NewRequest"}]}
RESULT: {"script":"<script> [1562 bytes]","args":[{"selector":{"id":"costObjectAdminTypeComboBox","viewName":"etm.portal.ui.managerequests.view.NewRequest","searchOpenDialogs":true,"interaction":{"idSuffix":"inner"}},"wdio_ui5_key":"costObjectAdminTypeComboBoxetmportal.ui.managerequests.view.NewRequest"}]}
RESULT: undefined
COMMAND: POST /session/7ceb9c4207408afb27fb3a73a7391b04/execute/async - {"script":"<script> [776 bytes]","args":[{"enterText":"Cost Center","selector":{"id":"costObjectAdminTypeComboBox","viewName":"etm.portal.ui.managerequests.view.NewRequest","searchOpenDialogs":true,"interaction":{"idSuffix":"inner"}},"clearTextFirst":true,"interactionType":"ENTER_TEXT"}]}
RESULT: {"script":"<script> [776 bytes]","args":[{"enterText":"Cost Center","selector":{"id":"costObjectAdminTypeComboBox","viewName":"etm.portal.ui.managerequests.view.NewRequest","searchOpenDialogs":true,"interaction":{"idSuffix":"inner"}},"clearTextFirst":true,"interactionType":"ENTER_TEXT"}]}
COMMAND: POST /session/7ceb9c4207408afb27fb3a73a7391b04/actions - {"actions":[{"id":"action20","type":"key","parameters":{},"actions":[{"type":"keyDown","value":""},{"type":"pause","duration":10},{"type":"keyUp","value":""}]}]}
RESULT: {"actions":[{"id":"action20","type":"key","parameters":{},"actions":[{"type":"keyDown","value":""},{"type":"pause","duration":10},{"type":"keyUp","value":""}]}]}
COMMAND: GET /session/7ceb9c4207408afb27fb3a73a7391b04/screenshot - {}
RESULT: {}
COMMAND: POST /session/7ceb9c4207408afb27fb3a73a7391b04/execute/async - {"script":"<script> [1562 bytes]","args":[{"selector":{"id":"costObjectIdComboBox","viewName":"etm.portal.ui.managerequests.view.NewRequest","searchOpenDialogs":true,"interaction":{"idSuffix":"inner"}},"wdio_ui5_key":"costObjectIdComboBoxetmportal.ui.managerequests.view.NewRequest"}]}
RESULT: {"script":"<script> [1562 bytes]","args":[{"selector":{"id":"costObjectIdComboBox","viewName":"etm.portal.ui.managerequests.view.NewRequest","searchOpenDialogs":true,"interaction":{"idSuffix":"inner"}},"wdio_ui5_key":"costObjectIdComboBoxetmportal.ui.managerequests.view.NewRequest"}]}
RESULT: undefined
COMMAND: POST /session/7ceb9c4207408afb27fb3a73a7391b04/execute/async - {"script":"<script> [776 bytes]","args":[{"enterText":"1001 - 1001","selector":{"id":"costObjectIdComboBox","viewName":"etm.portal.ui.managerequests.view.NewRequest","searchOpenDialogs":true,"interaction":{"idSuffix":"inner"}},"clearTextFirst":true,"interactionType":"ENTER_TEXT"}]}
RESULT: {"script":"<script> [776 bytes]","args":[{"enterText":"1001 - 1001","selector":{"id":"costObjectIdComboBox","viewName":"etm.portal.ui.managerequests.view.NewRequest","searchOpenDialogs":true,"interaction":{"idSuffix":"inner"}},"clearTextFirst":true,"interactionType":"ENTER_TEXT"}]}
COMMAND: POST /session/7ceb9c4207408afb27fb3a73a7391b04/actions - {"actions":[{"id":"action21","type":"key","parameters":{},"actions":[{"type":"keyDown","value":""},{"type":"pause","duration":10},{"type":"keyUp","value":""}]}]}
RESULT: {"actions":[{"id":"action21","type":"key","parameters":{},"actions":[{"type":"keyDown","value":""},{"type":"pause","duration":10},{"type":"keyUp","value":""}]}]}
COMMAND: GET /session/7ceb9c4207408afb27fb3a73a7391b04/screenshot - {}
RESULT: {}
COMMAND: POST /session/7ceb9c4207408afb27fb3a73a7391b04/element - {"using":"xpath","value":"(//bdi[(text() = 'Save' or . = 'Save')])[1]"}
RESULT: {"using":"xpath","value":"(//bdi[(text() = 'Save' or . = 'Save')])[1]"}
COMMAND: POST /session/7ceb9c4207408afb27fb3a73a7391b04/element/f.0A3556A37C534166386D2A4E113E99D8.d.57794FD979F83204B4F72BC95D4DE9BA.e.3181/click - {}
RESULT: {}
COMMAND: POST /session/7ceb9c4207408afb27fb3a73a7391b04/execute/async - {"script":"<script> [1562 bytes]","args":[{"selector":{"controlType":"sap.ui.core.Icon","viewName":"etm.portal.ui.managerequests.view.NewRequest","properties":{"src":{"regex":{"source":"message\\-error"}}},"ancestor":{"controlType":"sap.m.ColumnListItem","viewName":"etm.portal.ui.managerequests.view.NewRequest","bindingPath":{"modelName":"newRequestItems","path":"/RequestItems/1"},"ancestor":{"id":"requestItemsTable","viewName":"etm.portal.ui.managerequests.view.NewRequest"}}},"wdio_ui5_key":"etmportal.ui.managerequests.view.NewRequestsap.ui.core.Icon{\"src\":{\"regex\":{\"source\":\"message\\\\-error\"}}}{\"controlType\":\"sap.m.ColumnListItem\",\"viewName\":\"etm.portal.ui.managerequests.view.NewRequest\",\"bindingPath\":{\"modelName\":\"newRequestItems\",\"path\":\"/RequestItems/1\"},\"ancestor\":{\"id\":\"requestItemsTable\",\"viewName\":\"etm.portal.ui.managerequests.view.NewRequest\"}}"}]}
COMMAND: GET /session/7ceb9c4207408afb27fb3a73a7391b04/screenshot - {}
RESULT: {"script":"<script> [1562 bytes]","args":[{"selector":{"controlType":"sap.ui.core.Icon","viewName":"etm.portal.ui.managerequests.view.NewRequest","properties":{"src":{"regex":{"source":"message\\-error"}}},"ancestor":{"controlType":"sap.m.ColumnListItem","viewName":"etm.portal.ui.managerequests.view.NewRequest","bindingPath":{"modelName":"newRequestItems","path":"/RequestItems/1"},"ancestor":{"id":"requestItemsTable","viewName":"etm.portal.ui.managerequests.view.NewRequest"}}},"wdio_ui5_key":"etmportal.ui.managerequests.view.NewRequestsap.ui.core.Icon{\"src\":{\"regex\":{\"source\":\"message\\\\-error\"}}}{\"controlType\":\"sap.m.ColumnListItem\",\"viewName\":\"etm.portal.ui.managerequests.view.NewRequest\",\"bindingPath\":{\"modelName\":\"newRequestItems\",\"path\":\"/RequestItems/1\"},\"ancestor\":{\"id\":\"requestItemsTable\",\"viewName\":\"etm.portal.ui.managerequests.view.NewRequest\"}}"}]}
RESULT: undefined
COMMAND: POST /session/7ceb9c4207408afb27fb3a73a7391b04/element - {"using":"xpath","value":"//*[@id=\"__status6-__xmlview59--requestItemsTable-1-icon\"]"}
RESULT: {}
RESULT: {"using":"xpath","value":"//*[@id=\"__status6-__xmlview59--requestItemsTable-1-icon\"]"}
COMMAND: POST /session/7ceb9c4207408afb27fb3a73a7391b04/element/f.0A3556A37C534166386D2A4E113E99D8.d.57794FD979F83204B4F72BC95D4DE9BA.e.3159/click - {}
RESULT: {}
COMMAND: GET /session/7ceb9c4207408afb27fb3a73a7391b04/screenshot - {}
RESULT: {}
RESULT: undefined
COMMAND: POST /session/7ceb9c4207408afb27fb3a73a7391b04/execute/async - {"script":"<script> [776 bytes]","args":[{"enterText":"Cost Center","selector":{"id":"costObjectAdminTypeComboBox","viewName":"etm.portal.ui.managerequests.view.NewRequest","searchOpenDialogs":true,"interaction":{"idSuffix":"inner"}},"clearTextFirst":true,"interactionType":"ENTER_TEXT"}]}
RESULT: {"script":"<script> [776 bytes]","args":[{"enterText":"Cost Center","selector":{"id":"costObjectAdminTypeComboBox","viewName":"etm.portal.ui.managerequests.view.NewRequest","searchOpenDialogs":true,"interaction":{"idSuffix":"inner"}},"clearTextFirst":true,"interactionType":"ENTER_TEXT"}]}
COMMAND: POST /session/7ceb9c4207408afb27fb3a73a7391b04/actions - {"actions":[{"id":"action22","type":"key","parameters":{},"actions":[{"type":"keyDown","value":""},{"type":"pause","duration":10},{"type":"keyUp","value":""}]}]}
RESULT: {"actions":[{"id":"action22","type":"key","parameters":{},"actions":[{"type":"keyDown","value":""},{"type":"pause","duration":10},{"type":"keyUp","value":""}]}]}
COMMAND: GET /session/7ceb9c4207408afb27fb3a73a7391b04/screenshot - {}
RESULT: {}
RESULT: undefined
COMMAND: POST /session/7ceb9c4207408afb27fb3a73a7391b04/execute/async - {"script":"<script> [776 bytes]","args":[{"enterText":"1001 - 1001","selector":{"id":"costObjectIdComboBox","viewName":"etm.portal.ui.managerequests.view.NewRequest","searchOpenDialogs":true,"interaction":{"idSuffix":"inner"}},"clearTextFirst":true,"interactionType":"ENTER_TEXT"}]}
RESULT: {"script":"<script> [776 bytes]","args":[{"enterText":"1001 - 1001","selector":{"id":"costObjectIdComboBox","viewName":"etm.portal.ui.managerequests.view.NewRequest","searchOpenDialogs":true,"interaction":{"idSuffix":"inner"}},"clearTextFirst":true,"interactionType":"ENTER_TEXT"}]}
COMMAND: POST /session/7ceb9c4207408afb27fb3a73a7391b04/actions - {"actions":[{"id":"action23","type":"key","parameters":{},"actions":[{"type":"keyDown","value":""},{"type":"pause","duration":10},{"type":"keyUp","value":""}]}]}
RESULT: {"actions":[{"id":"action23","type":"key","parameters":{},"actions":[{"type":"keyDown","value":""},{"type":"pause","duration":10},{"type":"keyUp","value":""}]}]}
COMMAND: GET /session/7ceb9c4207408afb27fb3a73a7391b04/screenshot - {}
RESULT: {}
COMMAND: POST /session/7ceb9c4207408afb27fb3a73a7391b04/element - {"using":"xpath","value":"(//bdi[(text() = 'Save' or . = 'Save')])[1]"}
RESULT: {"using":"xpath","value":"(//bdi[(text() = 'Save' or . = 'Save')])[1]"}
COMMAND: POST /session/7ceb9c4207408afb27fb3a73a7391b04/element/f.0A3556A37C534166386D2A4E113E99D8.d.57794FD979F83204B4F72BC95D4DE9BA.e.3195/click - {}
RESULT: {}
COMMAND: POST /session/7ceb9c4207408afb27fb3a73a7391b04/execute/async - {"script":"<script> [1562 bytes]","args":[{"selector":{"controlType":"sap.ui.core.Icon","viewName":"etm.portal.ui.managerequests.view.NewRequest","properties":{"src":{"regex":{"source":"decline"}}},"ancestor":{"controlType":"sap.m.Token","viewName":"etm.portal.ui.managerequests.view.NewRequest","bindingPath":{"path":"/RequestItems/0/TOKENS/0","propertyPath":"TAG","modelName":"newRequestItems"}}},"wdio_ui5_key":"etmportal.ui.managerequests.view.NewRequestsap.ui.core.Icon{\"src\":{\"regex\":{\"source\":\"decline\"}}}{\"controlType\":\"sap.m.Token\",\"viewName\":\"etm.portal.ui.managerequests.view.NewRequest\",\"bindingPath\":{\"path\":\"/RequestItems/0/TOKENS/0\",\"propertyPath\":\"TAG\",\"modelName\":\"newRequestItems\"}}"}]}
COMMAND: GET /session/7ceb9c4207408afb27fb3a73a7391b04/screenshot - {}
RESULT: {"script":"<script> [1562 bytes]","args":[{"selector":{"controlType":"sap.ui.core.Icon","viewName":"etm.portal.ui.managerequests.view.NewRequest","properties":{"src":{"regex":{"source":"decline"}}},"ancestor":{"controlType":"sap.m.Token","viewName":"etm.portal.ui.managerequests.view.NewRequest","bindingPath":{"path":"/RequestItems/0/TOKENS/0","propertyPath":"TAG","modelName":"newRequestItems"}}},"wdio_ui5_key":"etmportal.ui.managerequests.view.NewRequestsap.ui.core.Icon{\"src\":{\"regex\":{\"source\":\"decline\"}}}{\"controlType\":\"sap.m.Token\",\"viewName\":\"etm.portal.ui.managerequests.view.NewRequest\",\"bindingPath\":{\"path\":\"/RequestItems/0/TOKENS/0\",\"propertyPath\":\"TAG\",\"modelName\":\"newRequestItems\"}}"}]}
RESULT: undefined
COMMAND: POST /session/7ceb9c4207408afb27fb3a73a7391b04/element - {"using":"xpath","value":"//*[@id=\"__token7-__tokenizer62-__xmlview59--requestItemsTable-0-0-icon\"]"}
RESULT: {}
RESULT: {"using":"xpath","value":"//*[@id=\"__token7-__tokenizer62-__xmlview59--requestItemsTable-0-0-icon\"]"}
COMMAND: POST /session/7ceb9c4207408afb27fb3a73a7391b04/element/f.0A3556A37C534166386D2A4E113E99D8.d.57794FD979F83204B4F72BC95D4DE9BA.e.3197/click - {}
RESULT: {}
COMMAND: GET /session/7ceb9c4207408afb27fb3a73a7391b04/screenshot - {}
RESULT: {}
COMMAND: POST /session/7ceb9c4207408afb27fb3a73a7391b04/actions - {"actions":[{"id":"action24","type":"key","parameters":{},"actions":[{"type":"keyDown","value":""},{"type":"pause","duration":10},{"type":"keyUp","value":""}]}]}
RESULT: {"actions":[{"id":"action24","type":"key","parameters":{},"actions":[{"type":"keyDown","value":""},{"type":"pause","duration":10},{"type":"keyUp","value":""}]}]}
COMMAND: GET /session/7ceb9c4207408afb27fb3a73a7391b04/screenshot - {}
COMMAND: POST /session/7ceb9c4207408afb27fb3a73a7391b04/execute/async - {"script":"<script> [1562 bytes]","args":[{"selector":{"controlType":"sap.m.Tokenizer","viewName":"etm.portal.ui.managerequests.view.NewRequest","bindingPath":{"path":"/RequestItems/0","propertyPath":"TOKENS","modelName":"newRequestItems"}},"wdio_ui5_key":"etmportal.ui.managerequests.view.NewRequestsap.m.Tokenizer{\"path\":\"/RequestItems/0\",\"propertyPath\":\"TOKENS\",\"modelName\":\"newRequestItems\"}"}]}
RESULT: {}
RESULT: {"script":"<script> [1562 bytes]","args":[{"selector":{"controlType":"sap.m.Tokenizer","viewName":"etm.portal.ui.managerequests.view.NewRequest","bindingPath":{"path":"/RequestItems/0","propertyPath":"TOKENS","modelName":"newRequestItems"}},"wdio_ui5_key":"etmportal.ui.managerequests.view.NewRequestsap.m.Tokenizer{\"path\":\"/RequestItems/0\",\"propertyPath\":\"TOKENS\",\"modelName\":\"newRequestItems\"}"}]}
RESULT: undefined
COMMAND: POST /session/7ceb9c4207408afb27fb3a73a7391b04/execute/async - {"script":"<script> [6424 bytes]","args":[{"element-6066-11e4-a52e-4f735466cecf":"f.0A3556A37C534166386D2A4E113E99D8.d.57794FD979F83204B4F72BC95D4DE9BA.e.3203"},"getTokens",[]]}
RESULT: {"script":"<script> [6424 bytes]","args":[{"element-6066-11e4-a52e-4f735466cecf":"f.0A3556A37C534166386D2A4E113E99D8.d.57794FD979F83204B4F72BC95D4DE9BA.e.3203"},"getTokens",[]]}
COMMAND: POST /session/7ceb9c4207408afb27fb3a73a7391b04/execute/async - {"script":"<script> [1562 bytes]","args":[{"wdio_ui5_key":"__token7-__tokenizer62-__xmlview59--requestItemsTable-0-0","selector":{"id":"__token7-__tokenizer62-__xmlview59--requestItemsTable-0-0"}}]}
RESULT: {"script":"<script> [1562 bytes]","args":[{"wdio_ui5_key":"__token7-__tokenizer62-__xmlview59--requestItemsTable-0-0","selector":{"id":"__token7-__tokenizer62-__xmlview59--requestItemsTable-0-0"}}]}
RESULT: undefined
RESULT: undefined
COMMAND: POST /session/7ceb9c4207408afb27fb3a73a7391b04/execute/async - {"script":"<script> [776 bytes]","args":[{"enterText":"tagRequest1","selector":{"controlType":"sap.m.Input","viewName":"etm.portal.ui.managerequests.view.NewRequest","bindingPath":{"path":"","propertyPath":"/Tags","modelName":"catalogModel"},"ancestor":{"controlType":"sap.m.ColumnListItem","viewName":"etm.portal.ui.managerequests.view.NewRequest","bindingPath":{"modelName":"newRequestItems","path":"/RequestItems/0"},"ancestor":{"id":"requestItemsTable","viewName":"etm.portal.ui.managerequests.view.NewRequest"}},"interaction":{"idSuffix":"inner"}},"clearTextFirst":true,"interactionType":"ENTER_TEXT"}]}
RESULT: {"script":"<script> [776 bytes]","args":[{"enterText":"tagRequest1","selector":{"controlType":"sap.m.Input","viewName":"etm.portal.ui.managerequests.view.NewRequest","bindingPath":{"path":"","propertyPath":"/Tags","modelName":"catalogModel"},"ancestor":{"controlType":"sap.m.ColumnListItem","viewName":"etm.portal.ui.managerequests.view.NewRequest","bindingPath":{"modelName":"newRequestItems","path":"/RequestItems/0"},"ancestor":{"id":"requestItemsTable","viewName":"etm.portal.ui.managerequests.view.NewRequest"}},"interaction":{"idSuffix":"inner"}},"clearTextFirst":true,"interactionType":"ENTER_TEXT"}]}
COMMAND: POST /session/7ceb9c4207408afb27fb3a73a7391b04/actions - {"actions":[{"id":"action25","type":"key","parameters":{},"actions":[{"type":"keyDown","value":""},{"type":"pause","duration":10},{"type":"keyUp","value":""}]}]}
RESULT: {"actions":[{"id":"action25","type":"key","parameters":{},"actions":[{"type":"keyDown","value":""},{"type":"pause","duration":10},{"type":"keyUp","value":""}]}]}
COMMAND: GET /session/7ceb9c4207408afb27fb3a73a7391b04/screenshot - {}
RESULT: {}
RESULT: undefined
COMMAND: POST /session/7ceb9c4207408afb27fb3a73a7391b04/execute/async - {"script":"<script> [6424 bytes]","args":[{"element-6066-11e4-a52e-4f735466cecf":"f.0A3556A37C534166386D2A4E113E99D8.d.57794FD979F83204B4F72BC95D4DE9BA.e.3203"},"getTokens",[]]}
RESULT: {"script":"<script> [6424 bytes]","args":[{"element-6066-11e4-a52e-4f735466cecf":"f.0A3556A37C534166386D2A4E113E99D8.d.57794FD979F83204B4F72BC95D4DE9BA.e.3203"},"getTokens",[]]}
COMMAND: POST /session/7ceb9c4207408afb27fb3a73a7391b04/execute/async - {"script":"<script> [1562 bytes]","args":[{"wdio_ui5_key":"__token7-__tokenizer62-__xmlview59--requestItemsTable-0-1","selector":{"id":"__token7-__tokenizer62-__xmlview59--requestItemsTable-0-1"}}]}
RESULT: undefined
RESULT: {"script":"<script> [1562 bytes]","args":[{"wdio_ui5_key":"__token7-__tokenizer62-__xmlview59--requestItemsTable-0-1","selector":{"id":"__token7-__tokenizer62-__xmlview59--requestItemsTable-0-1"}}]}
RESULT: undefined
COMMAND: POST /session/7ceb9c4207408afb27fb3a73a7391b04/execute/async - {"script":"<script> [1562 bytes]","args":[{"selector":{"controlType":"sap.ui.core.Icon","viewName":"etm.portal.ui.managerequests.view.NewRequest","properties":{"src":{"regex":{"source":"decline"}}},"ancestor":{"controlType":"sap.m.Token","viewName":"etm.portal.ui.managerequests.view.NewRequest","bindingPath":{"path":"/RequestItems/1/TOKENS/0","propertyPath":"TAG","modelName":"newRequestItems"}}},"wdio_ui5_key":"etmportal.ui.managerequests.view.NewRequestsap.ui.core.Icon{\"src\":{\"regex\":{\"source\":\"decline\"}}}{\"controlType\":\"sap.m.Token\",\"viewName\":\"etm.portal.ui.managerequests.view.NewRequest\",\"bindingPath\":{\"path\":\"/RequestItems/1/TOKENS/0\",\"propertyPath\":\"TAG\",\"modelName\":\"newRequestItems\"}}"}]}
RESULT: {"script":"<script> [1562 bytes]","args":[{"selector":{"controlType":"sap.ui.core.Icon","viewName":"etm.portal.ui.managerequests.view.NewRequest","properties":{"src":{"regex":{"source":"decline"}}},"ancestor":{"controlType":"sap.m.Token","viewName":"etm.portal.ui.managerequests.view.NewRequest","bindingPath":{"path":"/RequestItems/1/TOKENS/0","propertyPath":"TAG","modelName":"newRequestItems"}}},"wdio_ui5_key":"etmportal.ui.managerequests.view.NewRequestsap.ui.core.Icon{\"src\":{\"regex\":{\"source\":\"decline\"}}}{\"controlType\":\"sap.m.Token\",\"viewName\":\"etm.portal.ui.managerequests.view.NewRequest\",\"bindingPath\":{\"path\":\"/RequestItems/1/TOKENS/0\",\"propertyPath\":\"TAG\",\"modelName\":\"newRequestItems\"}}"}]}
RESULT: undefined
COMMAND: POST /session/7ceb9c4207408afb27fb3a73a7391b04/element - {"using":"xpath","value":"//*[@id=\"__token7-__tokenizer62-__xmlview59--requestItemsTable-1-0-icon\"]"}
RESULT: {"using":"xpath","value":"//*[@id=\"__token7-__tokenizer62-__xmlview59--requestItemsTable-1-0-icon\"]"}
COMMAND: POST /session/7ceb9c4207408afb27fb3a73a7391b04/element/f.0A3556A37C534166386D2A4E113E99D8.d.57794FD979F83204B4F72BC95D4DE9BA.e.3205/click - {}
RESULT: {}
COMMAND: GET /session/7ceb9c4207408afb27fb3a73a7391b04/screenshot - {}
COMMAND: POST /session/7ceb9c4207408afb27fb3a73a7391b04/actions - {"actions":[{"id":"action26","type":"key","parameters":{},"actions":[{"type":"keyDown","value":""},{"type":"pause","duration":10},{"type":"keyUp","value":""}]}]}
RESULT: {}
RESULT: {"actions":[{"id":"action26","type":"key","parameters":{},"actions":[{"type":"keyDown","value":""},{"type":"pause","duration":10},{"type":"keyUp","value":""}]}]}
COMMAND: GET /session/7ceb9c4207408afb27fb3a73a7391b04/screenshot - {}
RESULT: {}
COMMAND: POST /session/7ceb9c4207408afb27fb3a73a7391b04/execute/async - {"script":"<script> [1562 bytes]","args":[{"selector":{"controlType":"sap.m.Tokenizer","viewName":"etm.portal.ui.managerequests.view.NewRequest","bindingPath":{"path":"/RequestItems/1","propertyPath":"TOKENS","modelName":"newRequestItems"}},"wdio_ui5_key":"etmportal.ui.managerequests.view.NewRequestsap.m.Tokenizer{\"path\":\"/RequestItems/1\",\"propertyPath\":\"TOKENS\",\"modelName\":\"newRequestItems\"}"}]}
RESULT: {"script":"<script> [1562 bytes]","args":[{"selector":{"controlType":"sap.m.Tokenizer","viewName":"etm.portal.ui.managerequests.view.NewRequest","bindingPath":{"path":"/RequestItems/1","propertyPath":"TOKENS","modelName":"newRequestItems"}},"wdio_ui5_key":"etmportal.ui.managerequests.view.NewRequestsap.m.Tokenizer{\"path\":\"/RequestItems/1\",\"propertyPath\":\"TOKENS\",\"modelName\":\"newRequestItems\"}"}]}
RESULT: undefined
COMMAND: POST /session/7ceb9c4207408afb27fb3a73a7391b04/execute/async - {"script":"<script> [6424 bytes]","args":[{"element-6066-11e4-a52e-4f735466cecf":"f.0A3556A37C534166386D2A4E113E99D8.d.57794FD979F83204B4F72BC95D4DE9BA.e.3211"},"getTokens",[]]}
RESULT: {"script":"<script> [6424 bytes]","args":[{"element-6066-11e4-a52e-4f735466cecf":"f.0A3556A37C534166386D2A4E113E99D8.d.57794FD979F83204B4F72BC95D4DE9BA.e.3211"},"getTokens",[]]}
COMMAND: POST /session/7ceb9c4207408afb27fb3a73a7391b04/execute/async - {"script":"<script> [1562 bytes]","args":[{"wdio_ui5_key":"__token7-__tokenizer62-__xmlview59--requestItemsTable-1-0","selector":{"id":"__token7-__tokenizer62-__xmlview59--requestItemsTable-1-0"}}]}
RESULT: {"script":"<script> [1562 bytes]","args":[{"wdio_ui5_key":"__token7-__tokenizer62-__xmlview59--requestItemsTable-1-0","selector":{"id":"__token7-__tokenizer62-__xmlview59--requestItemsTable-1-0"}}]}
RESULT: undefined
RESULT: undefined
COMMAND: POST /session/7ceb9c4207408afb27fb3a73a7391b04/execute/async - {"script":"<script> [776 bytes]","args":[{"enterText":"tagRequest1","selector":{"controlType":"sap.m.Input","viewName":"etm.portal.ui.managerequests.view.NewRequest","bindingPath":{"path":"","propertyPath":"/Tags","modelName":"catalogModel"},"ancestor":{"controlType":"sap.m.ColumnListItem","viewName":"etm.portal.ui.managerequests.view.NewRequest","bindingPath":{"modelName":"newRequestItems","path":"/RequestItems/1"},"ancestor":{"id":"requestItemsTable","viewName":"etm.portal.ui.managerequests.view.NewRequest"}},"interaction":{"idSuffix":"inner"}},"clearTextFirst":true,"interactionType":"ENTER_TEXT"}]}
RESULT: {"script":"<script> [776 bytes]","args":[{"enterText":"tagRequest1","selector":{"controlType":"sap.m.Input","viewName":"etm.portal.ui.managerequests.view.NewRequest","bindingPath":{"path":"","propertyPath":"/Tags","modelName":"catalogModel"},"ancestor":{"controlType":"sap.m.ColumnListItem","viewName":"etm.portal.ui.managerequests.view.NewRequest","bindingPath":{"modelName":"newRequestItems","path":"/RequestItems/1"},"ancestor":{"id":"requestItemsTable","viewName":"etm.portal.ui.managerequests.view.NewRequest"}},"interaction":{"idSuffix":"inner"}},"clearTextFirst":true,"interactionType":"ENTER_TEXT"}]}
COMMAND: POST /session/7ceb9c4207408afb27fb3a73a7391b04/actions - {"actions":[{"id":"action27","type":"key","parameters":{},"actions":[{"type":"keyDown","value":""},{"type":"pause","duration":10},{"type":"keyUp","value":""}]}]}
RESULT: {"actions":[{"id":"action27","type":"key","parameters":{},"actions":[{"type":"keyDown","value":""},{"type":"pause","duration":10},{"type":"keyUp","value":""}]}]}
COMMAND: GET /session/7ceb9c4207408afb27fb3a73a7391b04/screenshot - {}
RESULT: {}
RESULT: undefined
COMMAND: POST /session/7ceb9c4207408afb27fb3a73a7391b04/execute/async - {"script":"<script> [6424 bytes]","args":[{"element-6066-11e4-a52e-4f735466cecf":"f.0A3556A37C534166386D2A4E113E99D8.d.57794FD979F83204B4F72BC95D4DE9BA.e.3211"},"getTokens",[]]}
RESULT: {"script":"<script> [6424 bytes]","args":[{"element-6066-11e4-a52e-4f735466cecf":"f.0A3556A37C534166386D2A4E113E99D8.d.57794FD979F83204B4F72BC95D4DE9BA.e.3211"},"getTokens",[]]}
COMMAND: POST /session/7ceb9c4207408afb27fb3a73a7391b04/execute/async - {"script":"<script> [1562 bytes]","args":[{"wdio_ui5_key":"__token7-__tokenizer62-__xmlview59--requestItemsTable-1-1","selector":{"id":"__token7-__tokenizer62-__xmlview59--requestItemsTable-1-1"}}]}
RESULT: undefined
RESULT: {"script":"<script> [1562 bytes]","args":[{"wdio_ui5_key":"__token7-__tokenizer62-__xmlview59--requestItemsTable-1-1","selector":{"id":"__token7-__tokenizer62-__xmlview59--requestItemsTable-1-1"}}]}
RESULT: undefined
COMMAND: POST /session/7ceb9c4207408afb27fb3a73a7391b04/execute/async - {"script":"<script> [1562 bytes]","args":[{"selector":{"controlType":"sap.m.Button","viewName":"etm.portal.ui.managerequests.view.NewRequest","properties":{"text":"Save"},"i18NText":{"propertyName":"tooltip","key":"save"},"interaction":{"idSuffix":"BDI-content"}},"wdio_ui5_key":"etmportal.ui.managerequests.view.NewRequestsap.m.Button{\"propertyName\":\"tooltip\",\"key\":\"save\"}{\"text\":\"Save\"}"}]}
RESULT: {"script":"<script> [1562 bytes]","args":[{"selector":{"controlType":"sap.m.Button","viewName":"etm.portal.ui.managerequests.view.NewRequest","properties":{"text":"Save"},"i18NText":{"propertyName":"tooltip","key":"save"},"interaction":{"idSuffix":"BDI-content"}},"wdio_ui5_key":"etmportal.ui.managerequests.view.NewRequestsap.m.Button{\"propertyName\":\"tooltip\",\"key\":\"save\"}{\"text\":\"Save\"}"}]}
RESULT: undefined
COMMAND: POST /session/7ceb9c4207408afb27fb3a73a7391b04/element - {"using":"xpath","value":"//*[@id=\"__button117\"]"}
RESULT: {"using":"xpath","value":"//*[@id=\"__button117\"]"}
COMMAND: POST /session/7ceb9c4207408afb27fb3a73a7391b04/element/f.0A3556A37C534166386D2A4E113E99D8.d.57794FD979F83204B4F72BC95D4DE9BA.e.2971/click - {}
RESULT: {}
COMMAND: GET /session/7ceb9c4207408afb27fb3a73a7391b04/screenshot - {}
RESULT: {}
COMMAND: POST /session/7ceb9c4207408afb27fb3a73a7391b04/element - {"using":"xpath","value":"//bdi[contains(@id ,\"BDI-content\")][contains(text(), \"Close\")]"}
RESULT: {"using":"xpath","value":"//bdi[contains(@id ,\"BDI-content\")][contains(text(), \"Close\")]"}
COMMAND: POST /session/7ceb9c4207408afb27fb3a73a7391b04/element/f.0A3556A37C534166386D2A4E113E99D8.d.57794FD979F83204B4F72BC95D4DE9BA.e.3219/click - {}
RESULT: {}
COMMAND: GET /session/7ceb9c4207408afb27fb3a73a7391b04/screenshot - {}
RESULT: {}
]]></system-out>
    </testcase>
    <testcase classname="chrome.136_0_7103_93.windows.Manage_Requests_Tags_Tests_US120163" name="Should Edit Request Tags" time="108.458">
      <system-out><![CDATA[
COMMAND: POST /session/7ceb9c4207408afb27fb3a73a7391b04/execute/async - {"script":"<script> [1562 bytes]","args":[{"selector":{"controlType":"sap.ui.core.Icon","viewName":"etm.portal.ui.managerequests.view.Detail","properties":{"src":{"regex":{"source":"overflow"}}}},"wdio_ui5_key":"etmportal.ui.managerequests.view.Detailsap.ui.core.Icon{\"src\":{\"regex\":{\"source\":\"overflow\"}}}"}]}
RESULT: {"script":"<script> [1562 bytes]","args":[{"selector":{"controlType":"sap.ui.core.Icon","viewName":"etm.portal.ui.managerequests.view.Detail","properties":{"src":{"regex":{"source":"overflow"}}}},"wdio_ui5_key":"etmportal.ui.managerequests.view.Detailsap.ui.core.Icon{\"src\":{\"regex\":{\"source\":\"overflow\"}}}"}]}
RESULT: undefined
COMMAND: POST /session/7ceb9c4207408afb27fb3a73a7391b04/element - {"using":"xpath","value":"//*[@id=\"__xmlview60--detailHeaderTitle-_actionsToolbar-overflowButton-img\"]"}
RESULT: {"using":"xpath","value":"//*[@id=\"__xmlview60--detailHeaderTitle-_actionsToolbar-overflowButton-img\"]"}
COMMAND: POST /session/7ceb9c4207408afb27fb3a73a7391b04/element/f.0A3556A37C534166386D2A4E113E99D8.d.57794FD979F83204B4F72BC95D4DE9BA.e.3345/click - {}
RESULT: {}
COMMAND: GET /session/7ceb9c4207408afb27fb3a73a7391b04/screenshot - {}
RESULT: {}
COMMAND: POST /session/7ceb9c4207408afb27fb3a73a7391b04/execute/async - {"script":"<script> [1562 bytes]","args":[{"selector":{"controlType":"sap.uxap.ObjectPageHeaderActionButton","viewName":"etm.portal.ui.managerequests.view.Detail","i18NText":{"propertyName":"text","key":"edit"},"searchOpenDialogs":true,"interaction":{"idSuffix":"inner"}},"wdio_ui5_key":"etmportal.ui.managerequests.view.Detailsap.uxap.ObjectPageHeaderActionButton{\"propertyName\":\"text\",\"key\":\"edit\"}"}]}
RESULT: {"script":"<script> [1562 bytes]","args":[{"selector":{"controlType":"sap.uxap.ObjectPageHeaderActionButton","viewName":"etm.portal.ui.managerequests.view.Detail","i18NText":{"propertyName":"text","key":"edit"},"searchOpenDialogs":true,"interaction":{"idSuffix":"inner"}},"wdio_ui5_key":"etmportal.ui.managerequests.view.Detailsap.uxap.ObjectPageHeaderActionButton{\"propertyName\":\"text\",\"key\":\"edit\"}"}]}
RESULT: undefined
COMMAND: POST /session/7ceb9c4207408afb27fb3a73a7391b04/element - {"using":"xpath","value":"//*[@id=\"__button138\"]"}
RESULT: {"using":"xpath","value":"//*[@id=\"__button138\"]"}
COMMAND: POST /session/7ceb9c4207408afb27fb3a73a7391b04/element/f.0A3556A37C534166386D2A4E113E99D8.d.57794FD979F83204B4F72BC95D4DE9BA.e.3348/click - {}
RESULT: {}
COMMAND: GET /session/7ceb9c4207408afb27fb3a73a7391b04/screenshot - {}
RESULT: {}
COMMAND: POST /session/7ceb9c4207408afb27fb3a73a7391b04/execute/async - {"script":"<script> [1562 bytes]","args":[{"selector":{"controlType":"sap.ui.core.Icon","viewName":"etm.portal.ui.managerequests.view.Edit","properties":{"src":{"regex":{"source":"decline"}}},"ancestor":{"controlType":"sap.m.Token","viewName":"etm.portal.ui.managerequests.view.Edit","bindingPath":{"propertyPath":"TAG","modelName":"catalogModel"},"properties":{"text":"RefTag"}}},"wdio_ui5_key":"etmportal.ui.managerequests.view.Editsap.ui.core.Icon{\"src\":{\"regex\":{\"source\":\"decline\"}}}{\"controlType\":\"sap.m.Token\",\"viewName\":\"etm.portal.ui.managerequests.view.Edit\",\"bindingPath\":{\"propertyPath\":\"TAG\",\"modelName\":\"catalogModel\"},\"properties\":{\"text\":\"RefTag\"}}"}]}
RESULT: {"script":"<script> [1562 bytes]","args":[{"selector":{"controlType":"sap.ui.core.Icon","viewName":"etm.portal.ui.managerequests.view.Edit","properties":{"src":{"regex":{"source":"decline"}}},"ancestor":{"controlType":"sap.m.Token","viewName":"etm.portal.ui.managerequests.view.Edit","bindingPath":{"propertyPath":"TAG","modelName":"catalogModel"},"properties":{"text":"RefTag"}}},"wdio_ui5_key":"etmportal.ui.managerequests.view.Editsap.ui.core.Icon{\"src\":{\"regex\":{\"source\":\"decline\"}}}{\"controlType\":\"sap.m.Token\",\"viewName\":\"etm.portal.ui.managerequests.view.Edit\",\"bindingPath\":{\"propertyPath\":\"TAG\",\"modelName\":\"catalogModel\"},\"properties\":{\"text\":\"RefTag\"}}"}]}
RESULT: undefined
COMMAND: POST /session/7ceb9c4207408afb27fb3a73a7391b04/element - {"using":"xpath","value":"//*[@id=\"__token13-__tokenizer64-0-icon\"]"}
RESULT: {"using":"xpath","value":"//*[@id=\"__token13-__tokenizer64-0-icon\"]"}
COMMAND: POST /session/7ceb9c4207408afb27fb3a73a7391b04/element/f.0A3556A37C534166386D2A4E113E99D8.d.57794FD979F83204B4F72BC95D4DE9BA.e.3456/click - {}
RESULT: {}
COMMAND: POST /session/7ceb9c4207408afb27fb3a73a7391b04/execute/async - {"script":"<script> [1562 bytes]","args":[{"selector":{"id":"tagMultiInputRequests","viewName":"etm.portal.ui.managerequests.view.Edit","interaction":{"idSuffix":"inner"}},"wdio_ui5_key":"tagMultiInputRequestsetmportal.ui.managerequests.view.Edit"}]}
COMMAND: GET /session/7ceb9c4207408afb27fb3a73a7391b04/screenshot - {}
RESULT: {"script":"<script> [1562 bytes]","args":[{"selector":{"id":"tagMultiInputRequests","viewName":"etm.portal.ui.managerequests.view.Edit","interaction":{"idSuffix":"inner"}},"wdio_ui5_key":"tagMultiInputRequestsetmportal.ui.managerequests.view.Edit"}]}
RESULT: undefined
COMMAND: POST /session/7ceb9c4207408afb27fb3a73a7391b04/execute/async - {"script":"<script> [6424 bytes]","args":[{"element-6066-11e4-a52e-4f735466cecf":"f.0A3556A37C534166386D2A4E113E99D8.d.57794FD979F83204B4F72BC95D4DE9BA.e.3382"},"getTokens",[]]}
RESULT: {}
RESULT: {"script":"<script> [6424 bytes]","args":[{"element-6066-11e4-a52e-4f735466cecf":"f.0A3556A37C534166386D2A4E113E99D8.d.57794FD979F83204B4F72BC95D4DE9BA.e.3382"},"getTokens",[]]}
COMMAND: POST /session/7ceb9c4207408afb27fb3a73a7391b04/execute/async - {"script":"<script> [1562 bytes]","args":[{"wdio_ui5_key":"__token13-__tokenizer64-1","selector":{"id":"__token13-__tokenizer64-1"}}]}
RESULT: {"script":"<script> [1562 bytes]","args":[{"wdio_ui5_key":"__token13-__tokenizer64-1","selector":{"id":"__token13-__tokenizer64-1"}}]}
RESULT: undefined
RESULT: undefined
COMMAND: POST /session/7ceb9c4207408afb27fb3a73a7391b04/execute/async - {"script":"<script> [776 bytes]","args":[{"enterText":"RefTag","selector":{"id":"tagMultiInputRequests","viewName":"etm.portal.ui.managerequests.view.Edit","interaction":{"idSuffix":"inner"}},"clearTextFirst":true,"interactionType":"ENTER_TEXT"}]}
RESULT: {"script":"<script> [776 bytes]","args":[{"enterText":"RefTag","selector":{"id":"tagMultiInputRequests","viewName":"etm.portal.ui.managerequests.view.Edit","interaction":{"idSuffix":"inner"}},"clearTextFirst":true,"interactionType":"ENTER_TEXT"}]}
COMMAND: POST /session/7ceb9c4207408afb27fb3a73a7391b04/actions - {"actions":[{"id":"action28","type":"key","parameters":{},"actions":[{"type":"keyDown","value":""},{"type":"pause","duration":10},{"type":"keyUp","value":""}]}]}
RESULT: {"actions":[{"id":"action28","type":"key","parameters":{},"actions":[{"type":"keyDown","value":""},{"type":"pause","duration":10},{"type":"keyUp","value":""}]}]}
COMMAND: GET /session/7ceb9c4207408afb27fb3a73a7391b04/screenshot - {}
RESULT: {}
RESULT: undefined
COMMAND: POST /session/7ceb9c4207408afb27fb3a73a7391b04/execute/async - {"script":"<script> [6424 bytes]","args":[{"element-6066-11e4-a52e-4f735466cecf":"f.0A3556A37C534166386D2A4E113E99D8.d.57794FD979F83204B4F72BC95D4DE9BA.e.3382"},"getTokens",[]]}
RESULT: {"script":"<script> [6424 bytes]","args":[{"element-6066-11e4-a52e-4f735466cecf":"f.0A3556A37C534166386D2A4E113E99D8.d.57794FD979F83204B4F72BC95D4DE9BA.e.3382"},"getTokens",[]]}
COMMAND: POST /session/7ceb9c4207408afb27fb3a73a7391b04/execute/async - {"script":"<script> [1562 bytes]","args":[{"wdio_ui5_key":"__token16","selector":{"id":"__token16"}}]}
RESULT: undefined
RESULT: {"script":"<script> [1562 bytes]","args":[{"wdio_ui5_key":"__token16","selector":{"id":"__token16"}}]}
RESULT: undefined
COMMAND: POST /session/7ceb9c4207408afb27fb3a73a7391b04/execute/async - {"script":"<script> [1562 bytes]","args":[{"selector":{"controlType":"sap.m.Button","viewName":"etm.portal.ui.managerequests.view.Edit","properties":{"text":"Items (2)"},"interaction":{"idSuffix":"BDI-content"}},"wdio_ui5_key":"etmportal.ui.managerequests.view.Editsap.m.Button{\"text\":\"Items (2)\"}"}]}
RESULT: {"script":"<script> [1562 bytes]","args":[{"selector":{"controlType":"sap.m.Button","viewName":"etm.portal.ui.managerequests.view.Edit","properties":{"text":"Items (2)"},"interaction":{"idSuffix":"BDI-content"}},"wdio_ui5_key":"etmportal.ui.managerequests.view.Editsap.m.Button{\"text\":\"Items (2)\"}"}]}
RESULT: undefined
COMMAND: POST /session/7ceb9c4207408afb27fb3a73a7391b04/element - {"using":"xpath","value":"//*[@id=\"__xmlview61--editRequestPage-anchBar-__xmlview61--requestItemsSection-anchor\"]"}
RESULT: {"using":"xpath","value":"//*[@id=\"__xmlview61--editRequestPage-anchBar-__xmlview61--requestItemsSection-anchor\"]"}
COMMAND: POST /session/7ceb9c4207408afb27fb3a73a7391b04/element/f.0A3556A37C534166386D2A4E113E99D8.d.57794FD979F83204B4F72BC95D4DE9BA.e.3461/click - {}
RESULT: {}
COMMAND: GET /session/7ceb9c4207408afb27fb3a73a7391b04/screenshot - {}
RESULT: {}
COMMAND: POST /session/7ceb9c4207408afb27fb3a73a7391b04/execute/async - {"script":"<script> [1562 bytes]","args":[{"selector":{"controlType":"sap.ui.core.Icon","viewName":"etm.portal.ui.managerequests.view.Edit","properties":{"src":{"regex":{"source":"inspect"}}}},"wdio_ui5_key":"etmportal.ui.managerequests.view.Editsap.ui.core.Icon{\"src\":{\"regex\":{\"source\":\"inspect\"}}}"}]}
RESULT: {"script":"<script> [1562 bytes]","args":[{"selector":{"controlType":"sap.ui.core.Icon","viewName":"etm.portal.ui.managerequests.view.Edit","properties":{"src":{"regex":{"source":"inspect"}}}},"wdio_ui5_key":"etmportal.ui.managerequests.view.Editsap.ui.core.Icon{\"src\":{\"regex\":{\"source\":\"inspect\"}}}"}]}
RESULT: undefined
COMMAND: POST /session/7ceb9c4207408afb27fb3a73a7391b04/element - {"using":"xpath","value":"//*[@id=\"__button165-img\"]"}
RESULT: {"using":"xpath","value":"//*[@id=\"__button165-img\"]"}
COMMAND: POST /session/7ceb9c4207408afb27fb3a73a7391b04/element/f.0A3556A37C534166386D2A4E113E99D8.d.57794FD979F83204B4F72BC95D4DE9BA.e.3469/click - {}
RESULT: {}
COMMAND: GET /session/7ceb9c4207408afb27fb3a73a7391b04/screenshot - {}
RESULT: {}
COMMAND: POST /session/7ceb9c4207408afb27fb3a73a7391b04/execute/async - {"script":"<script> [1562 bytes]","args":[{"selector":{"controlType":"sap.m.Tokenizer","viewName":"etm.portal.ui.managerequests.view.Edit","bindingPath":{"path":"/RequestItems/0","propertyPath":"LINK_TO_TAGS","modelName":"RequestItemsModel"}},"wdio_ui5_key":"etmportal.ui.managerequests.view.Editsap.m.Tokenizer{\"path\":\"/RequestItems/0\",\"propertyPath\":\"LINK_TO_TAGS\",\"modelName\":\"RequestItemsModel\"}"}]}
RESULT: {"script":"<script> [1562 bytes]","args":[{"selector":{"controlType":"sap.m.Tokenizer","viewName":"etm.portal.ui.managerequests.view.Edit","bindingPath":{"path":"/RequestItems/0","propertyPath":"LINK_TO_TAGS","modelName":"RequestItemsModel"}},"wdio_ui5_key":"etmportal.ui.managerequests.view.Editsap.m.Tokenizer{\"path\":\"/RequestItems/0\",\"propertyPath\":\"LINK_TO_TAGS\",\"modelName\":\"RequestItemsModel\"}"}]}
RESULT: undefined
COMMAND: POST /session/7ceb9c4207408afb27fb3a73a7391b04/element - {"using":"xpath","value":"//*[@id=\"__tokenizer66\"]"}
RESULT: {"using":"xpath","value":"//*[@id=\"__tokenizer66\"]"}
COMMAND: POST /session/7ceb9c4207408afb27fb3a73a7391b04/element/f.0A3556A37C534166386D2A4E113E99D8.d.57794FD979F83204B4F72BC95D4DE9BA.e.3471/click - {}
RESULT: {}
COMMAND: GET /session/7ceb9c4207408afb27fb3a73a7391b04/screenshot - {}
RESULT: {}
COMMAND: POST /session/7ceb9c4207408afb27fb3a73a7391b04/execute/async - {"script":"<script> [1562 bytes]","args":[{"selector":{"controlType":"sap.ui.core.Icon","viewName":"etm.portal.ui.managerequests.view.Edit","properties":{"src":{"regex":{"source":"decline"}}},"searchOpenDialogs":true,"ancestor":{"controlType":"sap.m.StandardListItem","viewName":"etm.portal.ui.managerequests.view.Edit","properties":{"title":"tag-duplicate"},"searchOpenDialogs":true}},"wdio_ui5_key":"etmportal.ui.managerequests.view.Editsap.ui.core.Icon{\"src\":{\"regex\":{\"source\":\"decline\"}}}{\"controlType\":\"sap.m.StandardListItem\",\"viewName\":\"etm.portal.ui.managerequests.view.Edit\",\"properties\":{\"title\":\"tag-duplicate\"},\"searchOpenDialogs\":true}"}]}
RESULT: {"script":"<script> [1562 bytes]","args":[{"selector":{"controlType":"sap.ui.core.Icon","viewName":"etm.portal.ui.managerequests.view.Edit","properties":{"src":{"regex":{"source":"decline"}}},"searchOpenDialogs":true,"ancestor":{"controlType":"sap.m.StandardListItem","viewName":"etm.portal.ui.managerequests.view.Edit","properties":{"title":"tag-duplicate"},"searchOpenDialogs":true}},"wdio_ui5_key":"etmportal.ui.managerequests.view.Editsap.ui.core.Icon{\"src\":{\"regex\":{\"source\":\"decline\"}}}{\"controlType\":\"sap.m.StandardListItem\",\"viewName\":\"etm.portal.ui.managerequests.view.Edit\",\"properties\":{\"title\":\"tag-duplicate\"},\"searchOpenDialogs\":true}"}]}
RESULT: undefined
COMMAND: POST /session/7ceb9c4207408afb27fb3a73a7391b04/element - {"using":"xpath","value":"//*[@id=\"__item1651-imgDel-img\"]"}
RESULT: {"using":"xpath","value":"//*[@id=\"__item1651-imgDel-img\"]"}
COMMAND: POST /session/7ceb9c4207408afb27fb3a73a7391b04/element/f.0A3556A37C534166386D2A4E113E99D8.d.57794FD979F83204B4F72BC95D4DE9BA.e.3474/click - {}
RESULT: {}
COMMAND: GET /session/7ceb9c4207408afb27fb3a73a7391b04/screenshot - {}
RESULT: {}
COMMAND: POST /session/7ceb9c4207408afb27fb3a73a7391b04/actions - {"actions":[{"id":"action29","type":"key","parameters":{},"actions":[{"type":"keyDown","value":""},{"type":"pause","duration":10},{"type":"keyUp","value":""}]}]}
RESULT: {"actions":[{"id":"action29","type":"key","parameters":{},"actions":[{"type":"keyDown","value":""},{"type":"pause","duration":10},{"type":"keyUp","value":""}]}]}
COMMAND: POST /session/7ceb9c4207408afb27fb3a73a7391b04/execute/async - {"script":"<script> [1562 bytes]","args":[{"selector":{"controlType":"sap.m.Tokenizer","viewName":"etm.portal.ui.managerequests.view.Edit","bindingPath":{"path":"/RequestItems/1","propertyPath":"LINK_TO_TAGS","modelName":"RequestItemsModel"}},"wdio_ui5_key":"etmportal.ui.managerequests.view.Editsap.m.Tokenizer{\"path\":\"/RequestItems/1\",\"propertyPath\":\"LINK_TO_TAGS\",\"modelName\":\"RequestItemsModel\"}"}]}
COMMAND: GET /session/7ceb9c4207408afb27fb3a73a7391b04/screenshot - {}
RESULT: {"script":"<script> [1562 bytes]","args":[{"selector":{"controlType":"sap.m.Tokenizer","viewName":"etm.portal.ui.managerequests.view.Edit","bindingPath":{"path":"/RequestItems/1","propertyPath":"LINK_TO_TAGS","modelName":"RequestItemsModel"}},"wdio_ui5_key":"etmportal.ui.managerequests.view.Editsap.m.Tokenizer{\"path\":\"/RequestItems/1\",\"propertyPath\":\"LINK_TO_TAGS\",\"modelName\":\"RequestItemsModel\"}"}]}
RESULT: undefined
COMMAND: POST /session/7ceb9c4207408afb27fb3a73a7391b04/element - {"using":"xpath","value":"//*[@id=\"__tokenizer67\"]"}
RESULT: {}
RESULT: {"using":"xpath","value":"//*[@id=\"__tokenizer67\"]"}
COMMAND: POST /session/7ceb9c4207408afb27fb3a73a7391b04/element/f.0A3556A37C534166386D2A4E113E99D8.d.57794FD979F83204B4F72BC95D4DE9BA.e.3477/click - {}
RESULT: {}
COMMAND: GET /session/7ceb9c4207408afb27fb3a73a7391b04/screenshot - {}
RESULT: {}
COMMAND: POST /session/7ceb9c4207408afb27fb3a73a7391b04/execute/async - {"script":"<script> [1562 bytes]","args":[{"selector":{"controlType":"sap.ui.core.Icon","viewName":"etm.portal.ui.managerequests.view.Edit","properties":{"src":{"regex":{"source":"decline"}}},"searchOpenDialogs":true,"ancestor":{"controlType":"sap.m.StandardListItem","viewName":"etm.portal.ui.managerequests.view.Edit","properties":{"title":"tagRequest1"},"searchOpenDialogs":true}},"wdio_ui5_key":"etmportal.ui.managerequests.view.Editsap.ui.core.Icon{\"src\":{\"regex\":{\"source\":\"decline\"}}}{\"controlType\":\"sap.m.StandardListItem\",\"viewName\":\"etm.portal.ui.managerequests.view.Edit\",\"properties\":{\"title\":\"tagRequest1\"},\"searchOpenDialogs\":true}"}]}
RESULT: {"script":"<script> [1562 bytes]","args":[{"selector":{"controlType":"sap.ui.core.Icon","viewName":"etm.portal.ui.managerequests.view.Edit","properties":{"src":{"regex":{"source":"decline"}}},"searchOpenDialogs":true,"ancestor":{"controlType":"sap.m.StandardListItem","viewName":"etm.portal.ui.managerequests.view.Edit","properties":{"title":"tagRequest1"},"searchOpenDialogs":true}},"wdio_ui5_key":"etmportal.ui.managerequests.view.Editsap.ui.core.Icon{\"src\":{\"regex\":{\"source\":\"decline\"}}}{\"controlType\":\"sap.m.StandardListItem\",\"viewName\":\"etm.portal.ui.managerequests.view.Edit\",\"properties\":{\"title\":\"tagRequest1\"},\"searchOpenDialogs\":true}"}]}
RESULT: undefined
COMMAND: POST /session/7ceb9c4207408afb27fb3a73a7391b04/element - {"using":"xpath","value":"//*[@id=\"__item1659-imgDel-img\"]"}
RESULT: {"using":"xpath","value":"//*[@id=\"__item1659-imgDel-img\"]"}
COMMAND: POST /session/7ceb9c4207408afb27fb3a73a7391b04/element/f.0A3556A37C534166386D2A4E113E99D8.d.57794FD979F83204B4F72BC95D4DE9BA.e.3480/click - {}
RESULT: {}
COMMAND: GET /session/7ceb9c4207408afb27fb3a73a7391b04/screenshot - {}
RESULT: {}
COMMAND: POST /session/7ceb9c4207408afb27fb3a73a7391b04/execute/async - {"script":"<script> [1562 bytes]","args":[{"selector":{"controlType":"sap.ui.core.Icon","viewName":"etm.portal.ui.managerequests.view.Edit","properties":{"src":{"regex":{"source":"decline"}}},"searchOpenDialogs":true,"ancestor":{"controlType":"sap.m.StandardListItem","viewName":"etm.portal.ui.managerequests.view.Edit","properties":{"title":"RefTag"},"searchOpenDialogs":true}},"wdio_ui5_key":"etmportal.ui.managerequests.view.Editsap.ui.core.Icon{\"src\":{\"regex\":{\"source\":\"decline\"}}}{\"controlType\":\"sap.m.StandardListItem\",\"viewName\":\"etm.portal.ui.managerequests.view.Edit\",\"properties\":{\"title\":\"RefTag\"},\"searchOpenDialogs\":true}"}]}
RESULT: {"script":"<script> [1562 bytes]","args":[{"selector":{"controlType":"sap.ui.core.Icon","viewName":"etm.portal.ui.managerequests.view.Edit","properties":{"src":{"regex":{"source":"decline"}}},"searchOpenDialogs":true,"ancestor":{"controlType":"sap.m.StandardListItem","viewName":"etm.portal.ui.managerequests.view.Edit","properties":{"title":"RefTag"},"searchOpenDialogs":true}},"wdio_ui5_key":"etmportal.ui.managerequests.view.Editsap.ui.core.Icon{\"src\":{\"regex\":{\"source\":\"decline\"}}}{\"controlType\":\"sap.m.StandardListItem\",\"viewName\":\"etm.portal.ui.managerequests.view.Edit\",\"properties\":{\"title\":\"RefTag\"},\"searchOpenDialogs\":true}"}]}
RESULT: undefined
COMMAND: POST /session/7ceb9c4207408afb27fb3a73a7391b04/element - {"using":"xpath","value":"//*[@id=\"__item1663-imgDel-img\"]"}
RESULT: {"using":"xpath","value":"//*[@id=\"__item1663-imgDel-img\"]"}
COMMAND: POST /session/7ceb9c4207408afb27fb3a73a7391b04/element/f.0A3556A37C534166386D2A4E113E99D8.d.57794FD979F83204B4F72BC95D4DE9BA.e.3483/click - {}
RESULT: {}
COMMAND: GET /session/7ceb9c4207408afb27fb3a73a7391b04/screenshot - {}
RESULT: {}
COMMAND: POST /session/7ceb9c4207408afb27fb3a73a7391b04/execute/async - {"script":"<script> [1562 bytes]","args":[{"selector":{"controlType":"sap.ui.core.Icon","viewName":"etm.portal.ui.managerequests.view.Edit","properties":{"src":{"regex":{"source":"decline"}}},"searchOpenDialogs":true,"ancestor":{"controlType":"sap.m.StandardListItem","viewName":"etm.portal.ui.managerequests.view.Edit","properties":{"title":"tag-header"},"searchOpenDialogs":true}},"wdio_ui5_key":"etmportal.ui.managerequests.view.Editsap.ui.core.Icon{\"src\":{\"regex\":{\"source\":\"decline\"}}}{\"controlType\":\"sap.m.StandardListItem\",\"viewName\":\"etm.portal.ui.managerequests.view.Edit\",\"properties\":{\"title\":\"tag-header\"},\"searchOpenDialogs\":true}"}]}
RESULT: {"script":"<script> [1562 bytes]","args":[{"selector":{"controlType":"sap.ui.core.Icon","viewName":"etm.portal.ui.managerequests.view.Edit","properties":{"src":{"regex":{"source":"decline"}}},"searchOpenDialogs":true,"ancestor":{"controlType":"sap.m.StandardListItem","viewName":"etm.portal.ui.managerequests.view.Edit","properties":{"title":"tag-header"},"searchOpenDialogs":true}},"wdio_ui5_key":"etmportal.ui.managerequests.view.Editsap.ui.core.Icon{\"src\":{\"regex\":{\"source\":\"decline\"}}}{\"controlType\":\"sap.m.StandardListItem\",\"viewName\":\"etm.portal.ui.managerequests.view.Edit\",\"properties\":{\"title\":\"tag-header\"},\"searchOpenDialogs\":true}"}]}
RESULT: undefined
COMMAND: POST /session/7ceb9c4207408afb27fb3a73a7391b04/element - {"using":"xpath","value":"//*[@id=\"__item1666-imgDel-img\"]"}
RESULT: {"using":"xpath","value":"//*[@id=\"__item1666-imgDel-img\"]"}
COMMAND: POST /session/7ceb9c4207408afb27fb3a73a7391b04/element/f.0A3556A37C534166386D2A4E113E99D8.d.57794FD979F83204B4F72BC95D4DE9BA.e.3486/click - {}
RESULT: {}
COMMAND: GET /session/7ceb9c4207408afb27fb3a73a7391b04/screenshot - {}
RESULT: {}
COMMAND: POST /session/7ceb9c4207408afb27fb3a73a7391b04/actions - {"actions":[{"id":"action30","type":"key","parameters":{},"actions":[{"type":"keyDown","value":""},{"type":"pause","duration":10},{"type":"keyUp","value":""}]}]}
RESULT: {"actions":[{"id":"action30","type":"key","parameters":{},"actions":[{"type":"keyDown","value":""},{"type":"pause","duration":10},{"type":"keyUp","value":""}]}]}
COMMAND: POST /session/7ceb9c4207408afb27fb3a73a7391b04/actions - {"actions":[{"id":"action31","type":"key","parameters":{},"actions":[{"type":"keyDown","value":""},{"type":"pause","duration":10},{"type":"keyUp","value":""}]}]}
COMMAND: GET /session/7ceb9c4207408afb27fb3a73a7391b04/screenshot - {}
RESULT: {"actions":[{"id":"action31","type":"key","parameters":{},"actions":[{"type":"keyDown","value":""},{"type":"pause","duration":10},{"type":"keyUp","value":""}]}]}
COMMAND: GET /session/7ceb9c4207408afb27fb3a73a7391b04/screenshot - {}
RESULT: {}
RESULT: {}
COMMAND: POST /session/7ceb9c4207408afb27fb3a73a7391b04/execute/async - {"script":"<script> [1562 bytes]","args":[{"selector":{"controlType":"sap.m.Button","viewName":"etm.portal.ui.managerequests.view.Edit","i18NText":{"propertyName":"tooltip","key":"save"},"interaction":{"idSuffix":"BDI-content"}},"wdio_ui5_key":"etmportal.ui.managerequests.view.Editsap.m.Button{\"propertyName\":\"tooltip\",\"key\":\"save\"}"}]}
RESULT: {"script":"<script> [1562 bytes]","args":[{"selector":{"controlType":"sap.m.Button","viewName":"etm.portal.ui.managerequests.view.Edit","i18NText":{"propertyName":"tooltip","key":"save"},"interaction":{"idSuffix":"BDI-content"}},"wdio_ui5_key":"etmportal.ui.managerequests.view.Editsap.m.Button{\"propertyName\":\"tooltip\",\"key\":\"save\"}"}]}
RESULT: undefined
COMMAND: POST /session/7ceb9c4207408afb27fb3a73a7391b04/element - {"using":"xpath","value":"//*[@id=\"__xmlview61--saveButtonId\"]"}
RESULT: {"using":"xpath","value":"//*[@id=\"__xmlview61--saveButtonId\"]"}
COMMAND: POST /session/7ceb9c4207408afb27fb3a73a7391b04/element/f.0A3556A37C534166386D2A4E113E99D8.d.57794FD979F83204B4F72BC95D4DE9BA.e.3391/click - {}
RESULT: {}
COMMAND: GET /session/7ceb9c4207408afb27fb3a73a7391b04/screenshot - {}
RESULT: {}
COMMAND: POST /session/7ceb9c4207408afb27fb3a73a7391b04/execute/async - {"script":"<script> [1562 bytes]","args":[{"selector":{"id":"tagsLayoutViewMode","viewName":"etm.portal.ui.managerequests.view.Detail"},"wdio_ui5_key":"tagsLayoutViewModeetmportal.ui.managerequests.view.Detail"}]}
RESULT: {"script":"<script> [1562 bytes]","args":[{"selector":{"id":"tagsLayoutViewMode","viewName":"etm.portal.ui.managerequests.view.Detail"},"wdio_ui5_key":"tagsLayoutViewModeetmportal.ui.managerequests.view.Detail"}]}
RESULT: undefined
COMMAND: POST /session/7ceb9c4207408afb27fb3a73a7391b04/execute/async - {"script":"<script> [6424 bytes]","args":[{"element-6066-11e4-a52e-4f735466cecf":"f.0A3556A37C534166386D2A4E113E99D8.d.57794FD979F83204B4F72BC95D4DE9BA.e.3616"},"getTokens",[]]}
RESULT: {"script":"<script> [6424 bytes]","args":[{"element-6066-11e4-a52e-4f735466cecf":"f.0A3556A37C534166386D2A4E113E99D8.d.57794FD979F83204B4F72BC95D4DE9BA.e.3616"},"getTokens",[]]}
COMMAND: POST /session/7ceb9c4207408afb27fb3a73a7391b04/execute/async - {"script":"<script> [1562 bytes]","args":[{"wdio_ui5_key":"__token11-__xmlview60--tagsLayoutViewMode-1","selector":{"id":"__token11-__xmlview60--tagsLayoutViewMode-1"}}]}
COMMAND: POST /session/7ceb9c4207408afb27fb3a73a7391b04/execute/async - {"script":"<script> [1562 bytes]","args":[{"wdio_ui5_key":"__token11-__xmlview60--tagsLayoutViewMode-0","selector":{"id":"__token11-__xmlview60--tagsLayoutViewMode-0"}}]}
RESULT: {"script":"<script> [1562 bytes]","args":[{"wdio_ui5_key":"__token11-__xmlview60--tagsLayoutViewMode-1","selector":{"id":"__token11-__xmlview60--tagsLayoutViewMode-1"}}]}
RESULT: undefined
RESULT: {"script":"<script> [1562 bytes]","args":[{"wdio_ui5_key":"__token11-__xmlview60--tagsLayoutViewMode-0","selector":{"id":"__token11-__xmlview60--tagsLayoutViewMode-0"}}]}
RESULT: undefined
COMMAND: POST /session/7ceb9c4207408afb27fb3a73a7391b04/execute/async - {"script":"<script> [1562 bytes]","args":[{"selector":{"controlType":"sap.m.OverflowToolbarButton","viewName":"etm.portal.ui.managerequests.view.Detail","properties":{"text":"Settings"},"interaction":{"idSuffix":"inner"}},"wdio_ui5_key":"etmportal.ui.managerequests.view.Detailsap.m.OverflowToolbarButton{\"text\":\"Settings\"}"}]}
RESULT: {"script":"<script> [1562 bytes]","args":[{"selector":{"controlType":"sap.m.OverflowToolbarButton","viewName":"etm.portal.ui.managerequests.view.Detail","properties":{"text":"Settings"},"interaction":{"idSuffix":"inner"}},"wdio_ui5_key":"etmportal.ui.managerequests.view.Detailsap.m.OverflowToolbarButton{\"text\":\"Settings\"}"}]}
RESULT: undefined
COMMAND: POST /session/7ceb9c4207408afb27fb3a73a7391b04/element - {"using":"xpath","value":"//*[@id=\"__xmlview60--smartTableRequestItems-btnPersonalisation\"]"}
RESULT: {"using":"xpath","value":"//*[@id=\"__xmlview60--smartTableRequestItems-btnPersonalisation\"]"}
COMMAND: POST /session/7ceb9c4207408afb27fb3a73a7391b04/element/f.0A3556A37C534166386D2A4E113E99D8.d.57794FD979F83204B4F72BC95D4DE9BA.e.3620/click - {}
RESULT: {}
COMMAND: POST /session/7ceb9c4207408afb27fb3a73a7391b04/execute/async - {"script":"<script> [1562 bytes]","args":[{"selector":{"controlType":"sap.m.SearchField","viewName":"etm.portal.ui.managerequests.view.Detail","searchOpenDialogs":true,"interaction":{"idSuffix":"I"}},"wdio_ui5_key":"etmportal.ui.managerequests.view.Detailsap.m.SearchField"}]}
COMMAND: GET /session/7ceb9c4207408afb27fb3a73a7391b04/screenshot - {}
RESULT: {"script":"<script> [1562 bytes]","args":[{"selector":{"controlType":"sap.m.SearchField","viewName":"etm.portal.ui.managerequests.view.Detail","searchOpenDialogs":true,"interaction":{"idSuffix":"I"}},"wdio_ui5_key":"etmportal.ui.managerequests.view.Detailsap.m.SearchField"}]}
RESULT: undefined
COMMAND: POST /session/7ceb9c4207408afb27fb3a73a7391b04/execute/async - {"script":"<script> [776 bytes]","args":[{"enterText":"tag","selector":{"controlType":"sap.m.SearchField","viewName":"etm.portal.ui.managerequests.view.Detail","searchOpenDialogs":true,"interaction":{"idSuffix":"I"}},"clearTextFirst":true,"interactionType":"ENTER_TEXT"}]}
RESULT: {}
RESULT: {"script":"<script> [776 bytes]","args":[{"enterText":"tag","selector":{"controlType":"sap.m.SearchField","viewName":"etm.portal.ui.managerequests.view.Detail","searchOpenDialogs":true,"interaction":{"idSuffix":"I"}},"clearTextFirst":true,"interactionType":"ENTER_TEXT"}]}
COMMAND: POST /session/7ceb9c4207408afb27fb3a73a7391b04/element - {"using":"xpath","value":"//div[contains(@id ,\"innerSelectionPanelTable-0-selectMulti-CbBg\")]"}
RESULT: {"using":"xpath","value":"//div[contains(@id ,\"innerSelectionPanelTable-0-selectMulti-CbBg\")]"}
COMMAND: POST /session/7ceb9c4207408afb27fb3a73a7391b04/element/f.0A3556A37C534166386D2A4E113E99D8.d.57794FD979F83204B4F72BC95D4DE9BA.e.3655/click - {}
RESULT: {}
COMMAND: POST /session/7ceb9c4207408afb27fb3a73a7391b04/execute/async - {"script":"<script> [1562 bytes]","args":[{"selector":{"controlType":"sap.m.Button","viewName":"etm.portal.ui.managerequests.view.Detail","properties":{"text":"OK"},"searchOpenDialogs":true,"interaction":{"idSuffix":"BDI-content"}},"wdio_ui5_key":"etmportal.ui.managerequests.view.Detailsap.m.Button{\"text\":\"OK\"}"}]}
COMMAND: GET /session/7ceb9c4207408afb27fb3a73a7391b04/screenshot - {}
RESULT: {"script":"<script> [1562 bytes]","args":[{"selector":{"controlType":"sap.m.Button","viewName":"etm.portal.ui.managerequests.view.Detail","properties":{"text":"OK"},"searchOpenDialogs":true,"interaction":{"idSuffix":"BDI-content"}},"wdio_ui5_key":"etmportal.ui.managerequests.view.Detailsap.m.Button{\"text\":\"OK\"}"}]}
RESULT: undefined
COMMAND: POST /session/7ceb9c4207408afb27fb3a73a7391b04/element - {"using":"xpath","value":"//*[@id=\"__popup378-confirmBtn\"]"}
RESULT: {}
RESULT: {"using":"xpath","value":"//*[@id=\"__popup378-confirmBtn\"]"}
COMMAND: POST /session/7ceb9c4207408afb27fb3a73a7391b04/element/f.0A3556A37C534166386D2A4E113E99D8.d.57794FD979F83204B4F72BC95D4DE9BA.e.3659/click - {}
RESULT: {}
COMMAND: GET /session/7ceb9c4207408afb27fb3a73a7391b04/screenshot - {}
RESULT: {}
COMMAND: POST /session/7ceb9c4207408afb27fb3a73a7391b04/execute/async - {"script":"<script> [1562 bytes]","args":[{"selector":{"controlType":"sap.m.Text","viewName":"etm.portal.ui.managerequests.view.Detail","bindingPath":{"propertyPath":"NO","modelName":"catalogModel"}},"wdio_ui5_key":"etmportal.ui.managerequests.view.Detailsap.m.Text{\"propertyPath\":\"NO\",\"modelName\":\"catalogModel\"}"}]}
RESULT: {"script":"<script> [1562 bytes]","args":[{"selector":{"controlType":"sap.m.Text","viewName":"etm.portal.ui.managerequests.view.Detail","bindingPath":{"propertyPath":"NO","modelName":"catalogModel"}},"wdio_ui5_key":"etmportal.ui.managerequests.view.Detailsap.m.Text{\"propertyPath\":\"NO\",\"modelName\":\"catalogModel\"}"}]}
RESULT: undefined
COMMAND: POST /session/7ceb9c4207408afb27fb3a73a7391b04/execute/async - {"script":"<script> [6424 bytes]","args":[{"element-6066-11e4-a52e-4f735466cecf":"f.0A3556A37C534166386D2A4E113E99D8.d.57794FD979F83204B4F72BC95D4DE9BA.e.3671"},"getText",[]]}
RESULT: {"script":"<script> [6424 bytes]","args":[{"element-6066-11e4-a52e-4f735466cecf":"f.0A3556A37C534166386D2A4E113E99D8.d.57794FD979F83204B4F72BC95D4DE9BA.e.3671"},"getText",[]]}
COMMAND: POST /session/7ceb9c4207408afb27fb3a73a7391b04/execute/async - {"script":"<script> [1562 bytes]","args":[{"selector":{"controlType":"sap.m.Tokenizer","viewName":"etm.portal.ui.managerequests.view.Detail","bindingPath":{"path":"/SmartRequestItemsPlanningBoard(ITEM=10m,REQUEST='20112')","propertyPath":"LINK_TO_TAGS"}},"wdio_ui5_key":"etmportal.ui.managerequests.view.Detailsap.m.Tokenizer{\"path\":\"/SmartRequestItemsPlanningBoard(ITEM=10m,REQUEST='20112')\",\"propertyPath\":\"LINK_TO_TAGS\"}"}]}
RESULT: {"script":"<script> [1562 bytes]","args":[{"selector":{"controlType":"sap.m.Tokenizer","viewName":"etm.portal.ui.managerequests.view.Detail","bindingPath":{"path":"/SmartRequestItemsPlanningBoard(ITEM=10m,REQUEST='20112')","propertyPath":"LINK_TO_TAGS"}},"wdio_ui5_key":"etmportal.ui.managerequests.view.Detailsap.m.Tokenizer{\"path\":\"/SmartRequestItemsPlanningBoard(ITEM=10m,REQUEST='20112')\",\"propertyPath\":\"LINK_TO_TAGS\"}"}]}
RESULT: undefined
COMMAND: POST /session/7ceb9c4207408afb27fb3a73a7391b04/execute/async - {"script":"<script> [6424 bytes]","args":[{"element-6066-11e4-a52e-4f735466cecf":"f.0A3556A37C534166386D2A4E113E99D8.d.57794FD979F83204B4F72BC95D4DE9BA.e.3672"},"getTokens",[]]}
RESULT: {"script":"<script> [6424 bytes]","args":[{"element-6066-11e4-a52e-4f735466cecf":"f.0A3556A37C534166386D2A4E113E99D8.d.57794FD979F83204B4F72BC95D4DE9BA.e.3672"},"getTokens",[]]}
COMMAND: POST /session/7ceb9c4207408afb27fb3a73a7391b04/execute/async - {"script":"<script> [1562 bytes]","args":[{"wdio_ui5_key":"__token12-__tokenizer63-__clone4572-1","selector":{"id":"__token12-__tokenizer63-__clone4572-1"}}]}
COMMAND: POST /session/7ceb9c4207408afb27fb3a73a7391b04/execute/async - {"script":"<script> [1562 bytes]","args":[{"wdio_ui5_key":"__token12-__tokenizer63-__clone4572-2","selector":{"id":"__token12-__tokenizer63-__clone4572-2"}}]}
COMMAND: POST /session/7ceb9c4207408afb27fb3a73a7391b04/execute/async - {"script":"<script> [1562 bytes]","args":[{"wdio_ui5_key":"__token12-__tokenizer63-__clone4572-0","selector":{"id":"__token12-__tokenizer63-__clone4572-0"}}]}
RESULT: {"script":"<script> [1562 bytes]","args":[{"wdio_ui5_key":"__token12-__tokenizer63-__clone4572-0","selector":{"id":"__token12-__tokenizer63-__clone4572-0"}}]}
RESULT: undefined
RESULT: {"script":"<script> [1562 bytes]","args":[{"wdio_ui5_key":"__token12-__tokenizer63-__clone4572-2","selector":{"id":"__token12-__tokenizer63-__clone4572-2"}}]}
RESULT: undefined
RESULT: {"script":"<script> [1562 bytes]","args":[{"wdio_ui5_key":"__token12-__tokenizer63-__clone4572-1","selector":{"id":"__token12-__tokenizer63-__clone4572-1"}}]}
RESULT: undefined
COMMAND: POST /session/7ceb9c4207408afb27fb3a73a7391b04/element - {"using":"xpath","value":"(//span[contains(text(), \"tag-header\")])[2]"}
RESULT: {"using":"xpath","value":"(//span[contains(text(), \"tag-header\")])[2]"}
COMMAND: POST /session/7ceb9c4207408afb27fb3a73a7391b04/elements - {"using":"xpath","value":"(//span[contains(text(), \"tag-header\")])[2]"}
RESULT: {"using":"xpath","value":"(//span[contains(text(), \"tag-header\")])[2]"}
COMMAND: POST /session/7ceb9c4207408afb27fb3a73a7391b04/execute/async - {"script":"<script> [1562 bytes]","args":[{"selector":{"controlType":"sap.m.Tokenizer","viewName":"etm.portal.ui.managerequests.view.Detail","bindingPath":{"path":"/SmartRequestItemsPlanningBoard(ITEM=20m,REQUEST='20112')","propertyPath":"LINK_TO_TAGS"}},"wdio_ui5_key":"etmportal.ui.managerequests.view.Detailsap.m.Tokenizer{\"path\":\"/SmartRequestItemsPlanningBoard(ITEM=20m,REQUEST='20112')\",\"propertyPath\":\"LINK_TO_TAGS\"}"}]}
RESULT: {"script":"<script> [1562 bytes]","args":[{"selector":{"controlType":"sap.m.Tokenizer","viewName":"etm.portal.ui.managerequests.view.Detail","bindingPath":{"path":"/SmartRequestItemsPlanningBoard(ITEM=20m,REQUEST='20112')","propertyPath":"LINK_TO_TAGS"}},"wdio_ui5_key":"etmportal.ui.managerequests.view.Detailsap.m.Tokenizer{\"path\":\"/SmartRequestItemsPlanningBoard(ITEM=20m,REQUEST='20112')\",\"propertyPath\":\"LINK_TO_TAGS\"}"}]}
RESULT: undefined
COMMAND: POST /session/7ceb9c4207408afb27fb3a73a7391b04/execute/async - {"script":"<script> [6424 bytes]","args":[{"element-6066-11e4-a52e-4f735466cecf":"f.0A3556A37C534166386D2A4E113E99D8.d.57794FD979F83204B4F72BC95D4DE9BA.e.3677"},"getTokens",[]]}
RESULT: {"script":"<script> [6424 bytes]","args":[{"element-6066-11e4-a52e-4f735466cecf":"f.0A3556A37C534166386D2A4E113E99D8.d.57794FD979F83204B4F72BC95D4DE9BA.e.3677"},"getTokens",[]]}
COMMAND: POST /session/7ceb9c4207408afb27fb3a73a7391b04/element - {"using":"css selector","value":"#shell-header-logo"}
RESULT: {"using":"css selector","value":"#shell-header-logo"}
COMMAND: POST /session/7ceb9c4207408afb27fb3a73a7391b04/element/f.0A3556A37C534166386D2A4E113E99D8.d.57794FD979F83204B4F72BC95D4DE9BA.e.2712/click - {}
RESULT: {}
COMMAND: GET /session/7ceb9c4207408afb27fb3a73a7391b04/screenshot - {}
RESULT: {}
]]></system-out>
    </testcase>
  </testsuite>
  <testsuite timestamp="2025-05-26T15:49:26" time="660.693" tests="4" failures="0" errors="0" skipped="0">
    <properties>
      <property name="specId" value="0"/>
      <property name="suiteName" value="Manage request + Contract processing pick up option US120163 "/>
      <property name="capabilities" value="chrome.136_0_7103_93.windows"/>
      <property name="file" value="file:///D:/a/1/s/test/specs/R2C/create-request-Pickup.spec.js"/>
    </properties>
    <testcase classname="chrome.136_0_7103_93.windows.Manage_request_+_Contract_processing_pick_up_option_US120163_" name="Should create a new contract" time="78.955">
      <system-out><![CDATA[
COMMAND: POST /session/7ceb9c4207408afb27fb3a73a7391b04/execute/async - {"script":"<script> [1562 bytes]","args":[{"selector":{"controlType":"sap.m.Text","viewName":"etm.portal.ui.managecontractstile.view.Master","properties":{"text":"Manage Contracts"},"interaction":{"idSuffix":"inner"}},"wdio_ui5_key":"etmportal.ui.managecontractstile.view.Mastersap.m.Text{\"text\":\"Manage Contracts\"}"}]}
RESULT: {"script":"<script> [1562 bytes]","args":[{"selector":{"controlType":"sap.m.Text","viewName":"etm.portal.ui.managecontractstile.view.Master","properties":{"text":"Manage Contracts"},"interaction":{"idSuffix":"inner"}},"wdio_ui5_key":"etmportal.ui.managecontractstile.view.Mastersap.m.Text{\"text\":\"Manage Contracts\"}"}]}
RESULT: undefined
COMMAND: POST /session/7ceb9c4207408afb27fb3a73a7391b04/element - {"using":"xpath","value":"//*[@id=\"__tile130-title\"]"}
RESULT: {"using":"xpath","value":"//*[@id=\"__tile130-title\"]"}
COMMAND: POST /session/7ceb9c4207408afb27fb3a73a7391b04/element/f.0A3556A37C534166386D2A4E113E99D8.d.57794FD979F83204B4F72BC95D4DE9BA.e.3681/click - {}
RESULT: {}
COMMAND: GET /session/7ceb9c4207408afb27fb3a73a7391b04/screenshot - {}
RESULT: {}
COMMAND: POST /session/7ceb9c4207408afb27fb3a73a7391b04/execute/async - {"script":"<script> [1562 bytes]","args":[{"selector":{"controlType":"sap.ui.core.Icon","viewName":"etm.portal.ui.managecontracts.view.Master","properties":{"src":{"regex":{"source":"add"}}}},"wdio_ui5_key":"etmportal.ui.managecontracts.view.Mastersap.ui.core.Icon{\"src\":{\"regex\":{\"source\":\"add\"}}}"}]}
RESULT: {"script":"<script> [1562 bytes]","args":[{"selector":{"controlType":"sap.ui.core.Icon","viewName":"etm.portal.ui.managecontracts.view.Master","properties":{"src":{"regex":{"source":"add"}}}},"wdio_ui5_key":"etmportal.ui.managecontracts.view.Mastersap.ui.core.Icon{\"src\":{\"regex\":{\"source\":\"add\"}}}"}]}
RESULT: undefined
COMMAND: POST /session/7ceb9c4207408afb27fb3a73a7391b04/element - {"using":"xpath","value":"//*[@id=\"__button187-img\"]"}
RESULT: {"using":"xpath","value":"//*[@id=\"__button187-img\"]"}
COMMAND: POST /session/7ceb9c4207408afb27fb3a73a7391b04/element/f.0A3556A37C534166386D2A4E113E99D8.d.57794FD979F83204B4F72BC95D4DE9BA.e.3737/click - {}
RESULT: {}
COMMAND: POST /session/7ceb9c4207408afb27fb3a73a7391b04/execute/async - {"script":"<script> [1562 bytes]","args":[{"selector":{"id":"application-managecontracts-display-component---AddNewContract--projectDescription","interaction":{"idSuffix":"inner"}},"wdio_ui5_key":"applicationmanagecontracts-display-component---AddNewContract--projectDescription"}]}
COMMAND: GET /session/7ceb9c4207408afb27fb3a73a7391b04/screenshot - {}
RESULT: {"script":"<script> [1562 bytes]","args":[{"selector":{"id":"application-managecontracts-display-component---AddNewContract--projectDescription","interaction":{"idSuffix":"inner"}},"wdio_ui5_key":"applicationmanagecontracts-display-component---AddNewContract--projectDescription"}]}
RESULT: undefined
COMMAND: POST /session/7ceb9c4207408afb27fb3a73a7391b04/execute/async - {"script":"<script> [776 bytes]","args":[{"enterText":"PickupContract0s2rn","selector":{"id":"application-managecontracts-display-component---AddNewContract--projectDescription","interaction":{"idSuffix":"inner"}},"clearTextFirst":true,"interactionType":"ENTER_TEXT"}]}
RESULT: {}
RESULT: {"script":"<script> [776 bytes]","args":[{"enterText":"PickupContract0s2rn","selector":{"id":"application-managecontracts-display-component---AddNewContract--projectDescription","interaction":{"idSuffix":"inner"}},"clearTextFirst":true,"interactionType":"ENTER_TEXT"}]}
COMMAND: POST /session/7ceb9c4207408afb27fb3a73a7391b04/element - {"using":"xpath","value":"//input[contains(@id ,\"application-managecontracts-display-component---AddNewContract--yardId-inner\")]"}
RESULT: {"using":"xpath","value":"//input[contains(@id ,\"application-managecontracts-display-component---AddNewContract--yardId-inner\")]"}
COMMAND: POST /session/7ceb9c4207408afb27fb3a73a7391b04/element/f.0A3556A37C534166386D2A4E113E99D8.d.57794FD979F83204B4F72BC95D4DE9BA.e.3999/value - {"text":"WebdriverYard2bocbg"}
RESULT: {"text":"WebdriverYard2bocbg"}
COMMAND: GET /session/7ceb9c4207408afb27fb3a73a7391b04/screenshot - {}
RESULT: {}
COMMAND: POST /session/7ceb9c4207408afb27fb3a73a7391b04/actions - {"actions":[{"id":"action32","type":"key","parameters":{},"actions":[{"type":"keyDown","value":""},{"type":"pause","duration":10},{"type":"keyUp","value":""}]}]}
RESULT: {"actions":[{"id":"action32","type":"key","parameters":{},"actions":[{"type":"keyDown","value":""},{"type":"pause","duration":10},{"type":"keyUp","value":""}]}]}
COMMAND: GET /session/7ceb9c4207408afb27fb3a73a7391b04/screenshot - {}
RESULT: {}
COMMAND: POST /session/7ceb9c4207408afb27fb3a73a7391b04/element - {"using":"xpath","value":"//input[contains(@id ,\"application-managecontracts-display-component---AddNewContract--customerSelect-inner\")]"}
RESULT: {"using":"xpath","value":"//input[contains(@id ,\"application-managecontracts-display-component---AddNewContract--customerSelect-inner\")]"}
COMMAND: POST /session/7ceb9c4207408afb27fb3a73a7391b04/element/f.0A3556A37C534166386D2A4E113E99D8.d.57794FD979F83204B4F72BC95D4DE9BA.e.3997/value - {"text":"WebdriverPartnerpmdjl"}
RESULT: {"text":"WebdriverPartnerpmdjl"}
COMMAND: GET /session/7ceb9c4207408afb27fb3a73a7391b04/screenshot - {}
RESULT: {}
COMMAND: POST /session/7ceb9c4207408afb27fb3a73a7391b04/actions - {"actions":[{"id":"action33","type":"key","parameters":{},"actions":[{"type":"keyDown","value":""},{"type":"pause","duration":10},{"type":"keyUp","value":""}]}]}
RESULT: {"actions":[{"id":"action33","type":"key","parameters":{},"actions":[{"type":"keyDown","value":""},{"type":"pause","duration":10},{"type":"keyUp","value":""}]}]}
COMMAND: GET /session/7ceb9c4207408afb27fb3a73a7391b04/screenshot - {}
RESULT: {}
COMMAND: POST /session/7ceb9c4207408afb27fb3a73a7391b04/element - {"using":"xpath","value":"//input[contains(@id ,\"application-managecontracts-display-component---AddNewContract--site-inner\")]"}
RESULT: {"using":"xpath","value":"//input[contains(@id ,\"application-managecontracts-display-component---AddNewContract--site-inner\")]"}
COMMAND: POST /session/7ceb9c4207408afb27fb3a73a7391b04/element/f.0A3556A37C534166386D2A4E113E99D8.d.57794FD979F83204B4F72BC95D4DE9BA.e.3998/value - {"text":"WebdriverSitebbrdn"}
RESULT: {"text":"WebdriverSitebbrdn"}
COMMAND: GET /session/7ceb9c4207408afb27fb3a73a7391b04/screenshot - {}
RESULT: {}
COMMAND: POST /session/7ceb9c4207408afb27fb3a73a7391b04/actions - {"actions":[{"id":"action34","type":"key","parameters":{},"actions":[{"type":"keyDown","value":""},{"type":"pause","duration":10},{"type":"keyUp","value":""}]}]}
RESULT: {"actions":[{"id":"action34","type":"key","parameters":{},"actions":[{"type":"keyDown","value":""},{"type":"pause","duration":10},{"type":"keyUp","value":""}]}]}
COMMAND: GET /session/7ceb9c4207408afb27fb3a73a7391b04/screenshot - {}
RESULT: {}
COMMAND: POST /session/7ceb9c4207408afb27fb3a73a7391b04/execute/async - {"script":"<script> [1562 bytes]","args":[{"selector":{"id":"application-managecontracts-display-component---AddNewContract--saveBtn","interaction":{"idSuffix":"BDI-content"}},"wdio_ui5_key":"applicationmanagecontracts-display-component---AddNewContract--saveBtn"}]}
RESULT: {"script":"<script> [1562 bytes]","args":[{"selector":{"id":"application-managecontracts-display-component---AddNewContract--saveBtn","interaction":{"idSuffix":"BDI-content"}},"wdio_ui5_key":"applicationmanagecontracts-display-component---AddNewContract--saveBtn"}]}
RESULT: undefined
COMMAND: POST /session/7ceb9c4207408afb27fb3a73a7391b04/element - {"using":"xpath","value":"//*[@id=\"application-managecontracts-display-component---AddNewContract--saveBtn\"]"}
RESULT: {"using":"xpath","value":"//*[@id=\"application-managecontracts-display-component---AddNewContract--saveBtn\"]"}
COMMAND: POST /session/7ceb9c4207408afb27fb3a73a7391b04/element/f.0A3556A37C534166386D2A4E113E99D8.d.57794FD979F83204B4F72BC95D4DE9BA.e.4073/click - {}
RESULT: {}
COMMAND: GET /session/7ceb9c4207408afb27fb3a73a7391b04/screenshot - {}
RESULT: {}
COMMAND: POST /session/7ceb9c4207408afb27fb3a73a7391b04/element - {"using":"xpath","value":"//span[contains(@id ,\"contractDetailTitleNoExpanded\")]"}
RESULT: {"using":"xpath","value":"//span[contains(@id ,\"contractDetailTitleNoExpanded\")]"}
COMMAND: GET /session/7ceb9c4207408afb27fb3a73a7391b04/element/f.0A3556A37C534166386D2A4E113E99D8.d.57794FD979F83204B4F72BC95D4DE9BA.e.4154/text - {}
RESULT: {}
COMMAND: POST /session/7ceb9c4207408afb27fb3a73a7391b04/element - {"using":"css selector","value":"#shell-header-logo"}
RESULT: {"using":"css selector","value":"#shell-header-logo"}
COMMAND: POST /session/7ceb9c4207408afb27fb3a73a7391b04/element/f.0A3556A37C534166386D2A4E113E99D8.d.57794FD979F83204B4F72BC95D4DE9BA.e.3684/click - {}
RESULT: {}
COMMAND: GET /session/7ceb9c4207408afb27fb3a73a7391b04/screenshot - {}
RESULT: {}
]]></system-out>
    </testcase>
    <testcase classname="chrome.136_0_7103_93.windows.Manage_request_+_Contract_processing_pick_up_option_US120163_" name="Should create a new material" time="160.22">
      <system-out><![CDATA[
COMMAND: POST /session/7ceb9c4207408afb27fb3a73a7391b04/execute/async - {"script":"<script> [1562 bytes]","args":[{"selector":{"controlType":"sap.m.GenericTile","properties":{"header":"Manage Resources"}},"wdio_ui5_key":"sapm.GenericTile{\"header\":\"Manage Resources\"}"}]}
RESULT: {"script":"<script> [1562 bytes]","args":[{"selector":{"controlType":"sap.m.GenericTile","properties":{"header":"Manage Resources"}},"wdio_ui5_key":"sapm.GenericTile{\"header\":\"Manage Resources\"}"}]}
RESULT: undefined
COMMAND: POST /session/7ceb9c4207408afb27fb3a73a7391b04/element - {"using":"xpath","value":"//*[@id=\"__tile39\"]"}
RESULT: {"using":"xpath","value":"//*[@id=\"__tile39\"]"}
COMMAND: POST /session/7ceb9c4207408afb27fb3a73a7391b04/element/f.0A3556A37C534166386D2A4E113E99D8.d.57794FD979F83204B4F72BC95D4DE9BA.e.4156/click - {}
RESULT: {}
COMMAND: GET /session/7ceb9c4207408afb27fb3a73a7391b04/screenshot - {}
RESULT: {}
COMMAND: POST /session/7ceb9c4207408afb27fb3a73a7391b04/elements - {"using":"xpath","value":"//span[text()='Error']"}
RESULT: {"using":"xpath","value":"//span[text()='Error']"}
COMMAND: POST /session/7ceb9c4207408afb27fb3a73a7391b04/element - {"using":"xpath","value":"//button[@data-kt=\"addNewRUOverflowToolbarButton\"]"}
RESULT: {"using":"xpath","value":"//button[@data-kt=\"addNewRUOverflowToolbarButton\"]"}
COMMAND: POST /session/7ceb9c4207408afb27fb3a73a7391b04/execute/sync - {"script":"<script> [8489 bytes]","args":[{"element-6066-11e4-a52e-4f735466cecf":"f.0A3556A37C534166386D2A4E113E99D8.d.57794FD979F83204B4F72BC95D4DE9BA.e.4198","ELEMENT":"f.0A3556A37C534166386D2A4E113E99D8.d.57794FD979F83204B4F72BC95D4DE9BA.e.4198"}]}
RESULT: {"script":"<script> [8489 bytes]","args":[{"element-6066-11e4-a52e-4f735466cecf":"f.0A3556A37C534166386D2A4E113E99D8.d.57794FD979F83204B4F72BC95D4DE9BA.e.4198","ELEMENT":"f.0A3556A37C534166386D2A4E113E99D8.d.57794FD979F83204B4F72BC95D4DE9BA.e.4198"}]}
COMMAND: POST /session/7ceb9c4207408afb27fb3a73a7391b04/element/f.0A3556A37C534166386D2A4E113E99D8.d.57794FD979F83204B4F72BC95D4DE9BA.e.4198/click - {}
COMMAND: GET /session/7ceb9c4207408afb27fb3a73a7391b04/screenshot - {}
RESULT: {}
COMMAND: POST /session/7ceb9c4207408afb27fb3a73a7391b04/execute/async - {"script":"<script> [1562 bytes]","args":[{"selector":{"id":"application-manageresources-display-component---newResourceUnit--TYPE-arrow"},"wdio_ui5_key":"applicationmanageresources-display-component---newResourceUnit--TYPE-arrow"}]}
COMMAND: GET /session/7ceb9c4207408afb27fb3a73a7391b04/screenshot - {}
RESULT: {}
RESULT: {"script":"<script> [1562 bytes]","args":[{"selector":{"id":"application-manageresources-display-component---newResourceUnit--TYPE-arrow"},"wdio_ui5_key":"applicationmanageresources-display-component---newResourceUnit--TYPE-arrow"}]}
RESULT: undefined
COMMAND: POST /session/7ceb9c4207408afb27fb3a73a7391b04/element - {"using":"xpath","value":"//*[@id=\"application-manageresources-display-component---newResourceUnit--TYPE-arrow\"]"}
RESULT: {}
RESULT: {"using":"xpath","value":"//*[@id=\"application-manageresources-display-component---newResourceUnit--TYPE-arrow\"]"}
COMMAND: POST /session/7ceb9c4207408afb27fb3a73a7391b04/element/f.0A3556A37C534166386D2A4E113E99D8.d.57794FD979F83204B4F72BC95D4DE9BA.e.4516/click - {}
RESULT: {}
COMMAND: POST /session/7ceb9c4207408afb27fb3a73a7391b04/execute/async - {"script":"<script> [1562 bytes]","args":[{"selector":{"controlType":"sap.m.StandardListItem","viewName":"reusables.view.manageresources.NewResourceUnit","viewId":"application-manageresources-display-component---newResourceUnit","properties":{"title":"Material"},"searchOpenDialogs":true,"interaction":{"idSuffix":"titleText"}},"wdio_ui5_key":"reusablesview.manageresources.NewResourceUnitsap.m.StandardListItem{\"title\":\"Material\"}"}]}
COMMAND: GET /session/7ceb9c4207408afb27fb3a73a7391b04/screenshot - {}
RESULT: {"script":"<script> [1562 bytes]","args":[{"selector":{"controlType":"sap.m.StandardListItem","viewName":"reusables.view.manageresources.NewResourceUnit","viewId":"application-manageresources-display-component---newResourceUnit","properties":{"title":"Material"},"searchOpenDialogs":true,"interaction":{"idSuffix":"titleText"}},"wdio_ui5_key":"reusablesview.manageresources.NewResourceUnitsap.m.StandardListItem{\"title\":\"Material\"}"}]}
RESULT: undefined
COMMAND: POST /session/7ceb9c4207408afb27fb3a73a7391b04/element - {"using":"xpath","value":"//*[@id=\"__item2726\"]"}
RESULT: {}
RESULT: {"using":"xpath","value":"//*[@id=\"__item2726\"]"}
COMMAND: POST /session/7ceb9c4207408afb27fb3a73a7391b04/element/f.0A3556A37C534166386D2A4E113E99D8.d.57794FD979F83204B4F72BC95D4DE9BA.e.4519/click - {}
RESULT: {}
COMMAND: POST /session/7ceb9c4207408afb27fb3a73a7391b04/execute/async - {"script":"<script> [1562 bytes]","args":[{"selector":{"id":"application-manageresources-display-component---newResourceUnit--SHORT_TEXT","interaction":{"idSuffix":"inner"}},"wdio_ui5_key":"applicationmanageresources-display-component---newResourceUnit--SHORT_TEXT"}]}
COMMAND: GET /session/7ceb9c4207408afb27fb3a73a7391b04/screenshot - {}
RESULT: {"script":"<script> [1562 bytes]","args":[{"selector":{"id":"application-manageresources-display-component---newResourceUnit--SHORT_TEXT","interaction":{"idSuffix":"inner"}},"wdio_ui5_key":"applicationmanageresources-display-component---newResourceUnit--SHORT_TEXT"}]}
RESULT: undefined
COMMAND: POST /session/7ceb9c4207408afb27fb3a73a7391b04/execute/async - {"script":"<script> [776 bytes]","args":[{"enterText":"WebdriverRUR2Cwoldn","selector":{"id":"application-manageresources-display-component---newResourceUnit--SHORT_TEXT","interaction":{"idSuffix":"inner"}},"clearTextFirst":true,"interactionType":"ENTER_TEXT"}]}
RESULT: {}
RESULT: {"script":"<script> [776 bytes]","args":[{"enterText":"WebdriverRUR2Cwoldn","selector":{"id":"application-manageresources-display-component---newResourceUnit--SHORT_TEXT","interaction":{"idSuffix":"inner"}},"clearTextFirst":true,"interactionType":"ENTER_TEXT"}]}
COMMAND: POST /session/7ceb9c4207408afb27fb3a73a7391b04/execute/async - {"script":"<script> [1562 bytes]","args":[{"selector":{"id":"application-manageresources-display-component---newResourceUnit--BASE_UNIT_OF_MEASURE-arrow"},"wdio_ui5_key":"applicationmanageresources-display-component---newResourceUnit--BASE_UNIT_OF_MEASURE-arrow"}]}
RESULT: {"script":"<script> [1562 bytes]","args":[{"selector":{"id":"application-manageresources-display-component---newResourceUnit--BASE_UNIT_OF_MEASURE-arrow"},"wdio_ui5_key":"applicationmanageresources-display-component---newResourceUnit--BASE_UNIT_OF_MEASURE-arrow"}]}
RESULT: undefined
COMMAND: POST /session/7ceb9c4207408afb27fb3a73a7391b04/element - {"using":"xpath","value":"//*[@id=\"application-manageresources-display-component---newResourceUnit--BASE_UNIT_OF_MEASURE-arrow\"]"}
RESULT: {"using":"xpath","value":"//*[@id=\"application-manageresources-display-component---newResourceUnit--BASE_UNIT_OF_MEASURE-arrow\"]"}
COMMAND: POST /session/7ceb9c4207408afb27fb3a73a7391b04/element/f.0A3556A37C534166386D2A4E113E99D8.d.57794FD979F83204B4F72BC95D4DE9BA.e.4639/click - {}
RESULT: {}
COMMAND: POST /session/7ceb9c4207408afb27fb3a73a7391b04/execute/async - {"script":"<script> [1562 bytes]","args":[{"selector":{"controlType":"sap.m.StandardListItem","viewName":"reusables.view.manageresources.NewResourceUnit","viewId":"application-manageresources-display-component---newResourceUnit","properties":{"title":"Piece"},"searchOpenDialogs":true,"interaction":{"idSuffix":"titleText"}},"wdio_ui5_key":"reusablesview.manageresources.NewResourceUnitsap.m.StandardListItem{\"title\":\"Piece\"}"}]}
COMMAND: GET /session/7ceb9c4207408afb27fb3a73a7391b04/screenshot - {}
RESULT: {"script":"<script> [1562 bytes]","args":[{"selector":{"controlType":"sap.m.StandardListItem","viewName":"reusables.view.manageresources.NewResourceUnit","viewId":"application-manageresources-display-component---newResourceUnit","properties":{"title":"Piece"},"searchOpenDialogs":true,"interaction":{"idSuffix":"titleText"}},"wdio_ui5_key":"reusablesview.manageresources.NewResourceUnitsap.m.StandardListItem{\"title\":\"Piece\"}"}]}
RESULT: undefined
COMMAND: POST /session/7ceb9c4207408afb27fb3a73a7391b04/element - {"using":"xpath","value":"//*[@id=\"__item2779\"]"}
RESULT: {}
RESULT: {"using":"xpath","value":"//*[@id=\"__item2779\"]"}
COMMAND: POST /session/7ceb9c4207408afb27fb3a73a7391b04/element/f.0A3556A37C534166386D2A4E113E99D8.d.57794FD979F83204B4F72BC95D4DE9BA.e.4641/click - {}
RESULT: {}
COMMAND: POST /session/7ceb9c4207408afb27fb3a73a7391b04/element - {"using":"xpath","value":"//input[contains(@id ,\"application-manageresources-display-component---newResourceUnit--SHORT_TEXT-inner\")]"}
COMMAND: GET /session/7ceb9c4207408afb27fb3a73a7391b04/screenshot - {}
RESULT: {"using":"xpath","value":"//input[contains(@id ,\"application-manageresources-display-component---newResourceUnit--SHORT_TEXT-inner\")]"}
COMMAND: GET /session/7ceb9c4207408afb27fb3a73a7391b04/element/f.0A3556A37C534166386D2A4E113E99D8.d.57794FD979F83204B4F72BC95D4DE9BA.e.4536/property/value - {}
RESULT: {}
RESULT: {}
COMMAND: POST /session/7ceb9c4207408afb27fb3a73a7391b04/execute/async - {"script":"<script> [1562 bytes]","args":[{"selector":{"id":"application-manageresources-display-component---newResourceUnit--WEIGHT_UNIT-arrow"},"wdio_ui5_key":"applicationmanageresources-display-component---newResourceUnit--WEIGHT_UNIT-arrow"}]}
COMMAND: GET /session/7ceb9c4207408afb27fb3a73a7391b04/screenshot - {}
RESULT: {"script":"<script> [1562 bytes]","args":[{"selector":{"id":"application-manageresources-display-component---newResourceUnit--WEIGHT_UNIT-arrow"},"wdio_ui5_key":"applicationmanageresources-display-component---newResourceUnit--WEIGHT_UNIT-arrow"}]}
RESULT: undefined
COMMAND: POST /session/7ceb9c4207408afb27fb3a73a7391b04/element - {"using":"xpath","value":"//*[@id=\"application-manageresources-display-component---newResourceUnit--WEIGHT_UNIT-arrow\"]"}
RESULT: {}
RESULT: {"using":"xpath","value":"//*[@id=\"application-manageresources-display-component---newResourceUnit--WEIGHT_UNIT-arrow\"]"}
COMMAND: POST /session/7ceb9c4207408afb27fb3a73a7391b04/element/f.0A3556A37C534166386D2A4E113E99D8.d.57794FD979F83204B4F72BC95D4DE9BA.e.4642/click - {}
RESULT: {}
COMMAND: POST /session/7ceb9c4207408afb27fb3a73a7391b04/execute/async - {"script":"<script> [1562 bytes]","args":[{"selector":{"controlType":"sap.m.StandardListItem","viewName":"reusables.view.manageresources.NewResourceUnit","viewId":"application-manageresources-display-component---newResourceUnit","properties":{"title":"Gram"},"searchOpenDialogs":true,"interaction":{"idSuffix":"content"}},"wdio_ui5_key":"reusablesview.manageresources.NewResourceUnitsap.m.StandardListItem{\"title\":\"Gram\"}"}]}
COMMAND: GET /session/7ceb9c4207408afb27fb3a73a7391b04/screenshot - {}
RESULT: {"script":"<script> [1562 bytes]","args":[{"selector":{"controlType":"sap.m.StandardListItem","viewName":"reusables.view.manageresources.NewResourceUnit","viewId":"application-manageresources-display-component---newResourceUnit","properties":{"title":"Gram"},"searchOpenDialogs":true,"interaction":{"idSuffix":"content"}},"wdio_ui5_key":"reusablesview.manageresources.NewResourceUnitsap.m.StandardListItem{\"title\":\"Gram\"}"}]}
RESULT: undefined
COMMAND: POST /session/7ceb9c4207408afb27fb3a73a7391b04/element - {"using":"xpath","value":"//*[@id=\"__item2844\"]"}
RESULT: {}
RESULT: {"using":"xpath","value":"//*[@id=\"__item2844\"]"}
COMMAND: POST /session/7ceb9c4207408afb27fb3a73a7391b04/element/f.0A3556A37C534166386D2A4E113E99D8.d.57794FD979F83204B4F72BC95D4DE9BA.e.4644/click - {}
RESULT: {}
COMMAND: POST /session/7ceb9c4207408afb27fb3a73a7391b04/execute/async - {"script":"<script> [1562 bytes]","args":[{"selector":{"id":"application-manageresources-display-component---newResourceUnit--newRRUPage-OPHeaderContent-collapseBtn-img"},"wdio_ui5_key":"applicationmanageresources-display-component---newResourceUnit--newRRUPage-OPHeaderContent-collapseBtn-img"}]}
COMMAND: GET /session/7ceb9c4207408afb27fb3a73a7391b04/screenshot - {}
RESULT: {"script":"<script> [1562 bytes]","args":[{"selector":{"id":"application-manageresources-display-component---newResourceUnit--newRRUPage-OPHeaderContent-collapseBtn-img"},"wdio_ui5_key":"applicationmanageresources-display-component---newResourceUnit--newRRUPage-OPHeaderContent-collapseBtn-img"}]}
RESULT: undefined
COMMAND: POST /session/7ceb9c4207408afb27fb3a73a7391b04/element - {"using":"xpath","value":"//*[@id=\"application-manageresources-display-component---newResourceUnit--newRRUPage-OPHeaderContent-collapseBtn-img\"]"}
RESULT: {}
RESULT: {"using":"xpath","value":"//*[@id=\"application-manageresources-display-component---newResourceUnit--newRRUPage-OPHeaderContent-collapseBtn-img\"]"}
COMMAND: POST /session/7ceb9c4207408afb27fb3a73a7391b04/element/f.0A3556A37C534166386D2A4E113E99D8.d.57794FD979F83204B4F72BC95D4DE9BA.e.4526/click - {}
RESULT: {}
COMMAND: GET /session/7ceb9c4207408afb27fb3a73a7391b04/screenshot - {}
RESULT: {}
COMMAND: POST /session/7ceb9c4207408afb27fb3a73a7391b04/element - {"using":"xpath","value":"(//span[contains(@id ,\"application-manageresources-display-component---newResourceUnit--DIMENSION_UNIT-arrow\")])[1]"}
RESULT: {"using":"xpath","value":"(//span[contains(@id ,\"application-manageresources-display-component---newResourceUnit--DIMENSION_UNIT-arrow\")])[1]"}
COMMAND: POST /session/7ceb9c4207408afb27fb3a73a7391b04/element/f.0A3556A37C534166386D2A4E113E99D8.d.57794FD979F83204B4F72BC95D4DE9BA.e.4648/click - {}
RESULT: {}
COMMAND: GET /session/7ceb9c4207408afb27fb3a73a7391b04/screenshot - {}
RESULT: {}
COMMAND: POST /session/7ceb9c4207408afb27fb3a73a7391b04/execute/async - {"script":"<script> [1562 bytes]","args":[{"selector":{"controlType":"sap.m.StandardListItem","viewName":"reusables.view.manageresources.NewResourceUnit","viewId":"application-manageresources-display-component---newResourceUnit","properties":{"title":"Centimeter"},"searchOpenDialogs":true,"interaction":{"idSuffix":"titleText"}},"wdio_ui5_key":"reusablesview.manageresources.NewResourceUnitsap.m.StandardListItem{\"title\":\"Centimeter\"}"}]}
RESULT: {"script":"<script> [1562 bytes]","args":[{"selector":{"controlType":"sap.m.StandardListItem","viewName":"reusables.view.manageresources.NewResourceUnit","viewId":"application-manageresources-display-component---newResourceUnit","properties":{"title":"Centimeter"},"searchOpenDialogs":true,"interaction":{"idSuffix":"titleText"}},"wdio_ui5_key":"reusablesview.manageresources.NewResourceUnitsap.m.StandardListItem{\"title\":\"Centimeter\"}"}]}
RESULT: undefined
COMMAND: POST /session/7ceb9c4207408afb27fb3a73a7391b04/element - {"using":"xpath","value":"//*[@id=\"__item2847\"]"}
RESULT: {"using":"xpath","value":"//*[@id=\"__item2847\"]"}
COMMAND: POST /session/7ceb9c4207408afb27fb3a73a7391b04/element/f.0A3556A37C534166386D2A4E113E99D8.d.57794FD979F83204B4F72BC95D4DE9BA.e.4652/click - {}
RESULT: {}
COMMAND: POST /session/7ceb9c4207408afb27fb3a73a7391b04/execute/async - {"script":"<script> [1562 bytes]","args":[{"selector":{"id":"application-manageresources-display-component---newResourceUnit--newRRUPage-anchBar-application-manageresources-display-component---newResourceUnit--reference-anchor","interaction":{"idSuffix":"BDI-content"}},"wdio_ui5_key":"applicationmanageresources-display-component---newResourceUnit--newRRUPage-anchBar-application-manageresources-display-component---newResourceUnit--reference-anchor"}]}
COMMAND: GET /session/7ceb9c4207408afb27fb3a73a7391b04/screenshot - {}
RESULT: {"script":"<script> [1562 bytes]","args":[{"selector":{"id":"application-manageresources-display-component---newResourceUnit--newRRUPage-anchBar-application-manageresources-display-component---newResourceUnit--reference-anchor","interaction":{"idSuffix":"BDI-content"}},"wdio_ui5_key":"applicationmanageresources-display-component---newResourceUnit--newRRUPage-anchBar-application-manageresources-display-component---newResourceUnit--reference-anchor"}]}
RESULT: undefined
COMMAND: POST /session/7ceb9c4207408afb27fb3a73a7391b04/element - {"using":"xpath","value":"//*[@id=\"application-manageresources-display-component---newResourceUnit--newRRUPage-anchBar-application-manageresources-display-component---newResourceUnit--reference-anchor\"]"}
RESULT: {}
RESULT: {"using":"xpath","value":"//*[@id=\"application-manageresources-display-component---newResourceUnit--newRRUPage-anchBar-application-manageresources-display-component---newResourceUnit--reference-anchor\"]"}
COMMAND: POST /session/7ceb9c4207408afb27fb3a73a7391b04/element/f.0A3556A37C534166386D2A4E113E99D8.d.57794FD979F83204B4F72BC95D4DE9BA.e.4654/click - {}
RESULT: {}
COMMAND: POST /session/7ceb9c4207408afb27fb3a73a7391b04/execute/async - {"script":"<script> [1562 bytes]","args":[{"selector":{"id":"application-manageresources-display-component---newResourceUnit--PLANNING_GROUP-arrow"},"wdio_ui5_key":"applicationmanageresources-display-component---newResourceUnit--PLANNING_GROUP-arrow"}]}
COMMAND: GET /session/7ceb9c4207408afb27fb3a73a7391b04/screenshot - {}
RESULT: {"script":"<script> [1562 bytes]","args":[{"selector":{"id":"application-manageresources-display-component---newResourceUnit--PLANNING_GROUP-arrow"},"wdio_ui5_key":"applicationmanageresources-display-component---newResourceUnit--PLANNING_GROUP-arrow"}]}
RESULT: undefined
COMMAND: POST /session/7ceb9c4207408afb27fb3a73a7391b04/element - {"using":"xpath","value":"//*[@id=\"application-manageresources-display-component---newResourceUnit--PLANNING_GROUP-arrow\"]"}
RESULT: {}
RESULT: {"using":"xpath","value":"//*[@id=\"application-manageresources-display-component---newResourceUnit--PLANNING_GROUP-arrow\"]"}
COMMAND: POST /session/7ceb9c4207408afb27fb3a73a7391b04/element/f.0A3556A37C534166386D2A4E113E99D8.d.57794FD979F83204B4F72BC95D4DE9BA.e.4658/click - {}
RESULT: {}
COMMAND: POST /session/7ceb9c4207408afb27fb3a73a7391b04/execute/async - {"script":"<script> [1562 bytes]","args":[{"selector":{"controlType":"sap.m.StandardListItem","viewName":"reusables.view.manageresources.NewResourceUnit","viewId":"application-manageresources-display-component---newResourceUnit","properties":{"title":"Heavy Equi"},"searchOpenDialogs":true,"interaction":{"idSuffix":"content"}},"wdio_ui5_key":"reusablesview.manageresources.NewResourceUnitsap.m.StandardListItem{\"title\":\"Heavy Equi\"}"}]}
COMMAND: GET /session/7ceb9c4207408afb27fb3a73a7391b04/screenshot - {}
RESULT: {"script":"<script> [1562 bytes]","args":[{"selector":{"controlType":"sap.m.StandardListItem","viewName":"reusables.view.manageresources.NewResourceUnit","viewId":"application-manageresources-display-component---newResourceUnit","properties":{"title":"Heavy Equi"},"searchOpenDialogs":true,"interaction":{"idSuffix":"content"}},"wdio_ui5_key":"reusablesview.manageresources.NewResourceUnitsap.m.StandardListItem{\"title\":\"Heavy Equi\"}"}]}
RESULT: undefined
COMMAND: POST /session/7ceb9c4207408afb27fb3a73a7391b04/element - {"using":"xpath","value":"//*[@id=\"__item2855\"]"}
RESULT: {}
RESULT: {"using":"xpath","value":"//*[@id=\"__item2855\"]"}
COMMAND: POST /session/7ceb9c4207408afb27fb3a73a7391b04/element/f.0A3556A37C534166386D2A4E113E99D8.d.57794FD979F83204B4F72BC95D4DE9BA.e.4660/click - {}
RESULT: {}
COMMAND: GET /session/7ceb9c4207408afb27fb3a73a7391b04/screenshot - {}
RESULT: {}
COMMAND: POST /session/7ceb9c4207408afb27fb3a73a7391b04/execute/async - {"script":"<script> [1562 bytes]","args":[{"selector":{"id":"application-manageresources-display-component---newResourceUnit--PLANNING_INDICATOR-arrow"},"wdio_ui5_key":"applicationmanageresources-display-component---newResourceUnit--PLANNING_INDICATOR-arrow"}]}
RESULT: {"script":"<script> [1562 bytes]","args":[{"selector":{"id":"application-manageresources-display-component---newResourceUnit--PLANNING_INDICATOR-arrow"},"wdio_ui5_key":"applicationmanageresources-display-component---newResourceUnit--PLANNING_INDICATOR-arrow"}]}
RESULT: undefined
COMMAND: POST /session/7ceb9c4207408afb27fb3a73a7391b04/element - {"using":"xpath","value":"//*[@id=\"application-manageresources-display-component---newResourceUnit--PLANNING_INDICATOR-arrow\"]"}
RESULT: {"using":"xpath","value":"//*[@id=\"application-manageresources-display-component---newResourceUnit--PLANNING_INDICATOR-arrow\"]"}
COMMAND: POST /session/7ceb9c4207408afb27fb3a73a7391b04/element/f.0A3556A37C534166386D2A4E113E99D8.d.57794FD979F83204B4F72BC95D4DE9BA.e.4661/click - {}
RESULT: {}
COMMAND: POST /session/7ceb9c4207408afb27fb3a73a7391b04/execute/async - {"script":"<script> [1562 bytes]","args":[{"selector":{"controlType":"sap.m.StandardListItem","viewName":"reusables.view.manageresources.NewResourceUnit","viewId":"application-manageresources-display-component---newResourceUnit","properties":{"title":"10 - infinite"},"searchOpenDialogs":true,"interaction":{"idSuffix":"content"}},"wdio_ui5_key":"reusablesview.manageresources.NewResourceUnitsap.m.StandardListItem{\"title\":\"10 - infinite\"}"}]}
COMMAND: GET /session/7ceb9c4207408afb27fb3a73a7391b04/screenshot - {}
RESULT: {"script":"<script> [1562 bytes]","args":[{"selector":{"controlType":"sap.m.StandardListItem","viewName":"reusables.view.manageresources.NewResourceUnit","viewId":"application-manageresources-display-component---newResourceUnit","properties":{"title":"10 - infinite"},"searchOpenDialogs":true,"interaction":{"idSuffix":"content"}},"wdio_ui5_key":"reusablesview.manageresources.NewResourceUnitsap.m.StandardListItem{\"title\":\"10 - infinite\"}"}]}
RESULT: undefined
COMMAND: POST /session/7ceb9c4207408afb27fb3a73a7391b04/element - {"using":"xpath","value":"//*[@id=\"__item2865\"]"}
RESULT: {}
RESULT: {"using":"xpath","value":"//*[@id=\"__item2865\"]"}
COMMAND: POST /session/7ceb9c4207408afb27fb3a73a7391b04/element/f.0A3556A37C534166386D2A4E113E99D8.d.57794FD979F83204B4F72BC95D4DE9BA.e.4663/click - {}
RESULT: {}
COMMAND: GET /session/7ceb9c4207408afb27fb3a73a7391b04/screenshot - {}
RESULT: {}
COMMAND: POST /session/7ceb9c4207408afb27fb3a73a7391b04/element - {"using":"xpath","value":"//bdi[contains(text(), \"Time Segment\")]"}
RESULT: {"using":"xpath","value":"//bdi[contains(text(), \"Time Segment\")]"}
COMMAND: GET /session/7ceb9c4207408afb27fb3a73a7391b04/element/f.0A3556A37C534166386D2A4E113E99D8.d.57794FD979F83204B4F72BC95D4DE9BA.e.4664/rect - {}
RESULT: {}
COMMAND: GET /session/7ceb9c4207408afb27fb3a73a7391b04/window/rect - {}
RESULT: {}
COMMAND: POST /session/7ceb9c4207408afb27fb3a73a7391b04/execute/sync - {"script":"<script> [92 bytes]","args":[]}
RESULT: {"script":"<script> [92 bytes]","args":[]}
COMMAND: POST /session/7ceb9c4207408afb27fb3a73a7391b04/actions - {"actions":[{"id":"action35","type":"wheel","parameters":{},"actions":[{"type":"scroll","x":-1820,"y":-21,"deltaX":0,"deltaY":0,"duration":0,"origin":{"element-6066-11e4-a52e-4f735466cecf":"f.0A3556A37C534166386D2A4E113E99D8.d.57794FD979F83204B4F72BC95D4DE9BA.e.4664"}}]}]}
COMMAND: GET /session/7ceb9c4207408afb27fb3a73a7391b04/screenshot - {}
RESULT: {}
COMMAND: POST /session/7ceb9c4207408afb27fb3a73a7391b04/execute/sync - {"script":"<script> [79 bytes]","args":[{"element-6066-11e4-a52e-4f735466cecf":"f.0A3556A37C534166386D2A4E113E99D8.d.57794FD979F83204B4F72BC95D4DE9BA.e.4664","ELEMENT":"f.0A3556A37C534166386D2A4E113E99D8.d.57794FD979F83204B4F72BC95D4DE9BA.e.4664"},{"block":"start","inline":"nearest"}]}
RESULT: {"script":"<script> [79 bytes]","args":[{"element-6066-11e4-a52e-4f735466cecf":"f.0A3556A37C534166386D2A4E113E99D8.d.57794FD979F83204B4F72BC95D4DE9BA.e.4664","ELEMENT":"f.0A3556A37C534166386D2A4E113E99D8.d.57794FD979F83204B4F72BC95D4DE9BA.e.4664"},{"block":"start","inline":"nearest"}]}
COMMAND: GET /session/7ceb9c4207408afb27fb3a73a7391b04/screenshot - {}
RESULT: {}
COMMAND: POST /session/7ceb9c4207408afb27fb3a73a7391b04/element - {"using":"xpath","value":"//span[@id=\"application-manageresources-display-component---newResourceUnit--btnAddTimeSegment-img\"]"}
RESULT: {"using":"xpath","value":"//span[@id=\"application-manageresources-display-component---newResourceUnit--btnAddTimeSegment-img\"]"}
COMMAND: POST /session/7ceb9c4207408afb27fb3a73a7391b04/execute/sync - {"script":"<script> [8489 bytes]","args":[{"element-6066-11e4-a52e-4f735466cecf":"f.0A3556A37C534166386D2A4E113E99D8.d.57794FD979F83204B4F72BC95D4DE9BA.e.4667","ELEMENT":"f.0A3556A37C534166386D2A4E113E99D8.d.57794FD979F83204B4F72BC95D4DE9BA.e.4667"}]}
RESULT: {"script":"<script> [8489 bytes]","args":[{"element-6066-11e4-a52e-4f735466cecf":"f.0A3556A37C534166386D2A4E113E99D8.d.57794FD979F83204B4F72BC95D4DE9BA.e.4667","ELEMENT":"f.0A3556A37C534166386D2A4E113E99D8.d.57794FD979F83204B4F72BC95D4DE9BA.e.4667"}]}
COMMAND: POST /session/7ceb9c4207408afb27fb3a73a7391b04/element/f.0A3556A37C534166386D2A4E113E99D8.d.57794FD979F83204B4F72BC95D4DE9BA.e.4667/click - {}
COMMAND: GET /session/7ceb9c4207408afb27fb3a73a7391b04/screenshot - {}
RESULT: {}
COMMAND: GET /session/7ceb9c4207408afb27fb3a73a7391b04/screenshot - {}
COMMAND: POST /session/7ceb9c4207408afb27fb3a73a7391b04/element - {"using":"xpath","value":"//input[@id=\"application-manageresources-display-component---newResourceUnit--idRuTSAdmin-application-manageresources-display-component---newResourceUnit--RUTimeSegment-0-inner\"]"}
RESULT: {}
RESULT: {}
RESULT: {"using":"xpath","value":"//input[@id=\"application-manageresources-display-component---newResourceUnit--idRuTSAdmin-application-manageresources-display-component---newResourceUnit--RUTimeSegment-0-inner\"]"}
COMMAND: POST /session/7ceb9c4207408afb27fb3a73a7391b04/element/f.0A3556A37C534166386D2A4E113E99D8.d.57794FD979F83204B4F72BC95D4DE9BA.e.4670/clear - {}
RESULT: {}
COMMAND: POST /session/7ceb9c4207408afb27fb3a73a7391b04/element/f.0A3556A37C534166386D2A4E113E99D8.d.57794FD979F83204B4F72BC95D4DE9BA.e.4670/value - {"text":"WebdriverYard2bocbg"}
COMMAND: GET /session/7ceb9c4207408afb27fb3a73a7391b04/screenshot - {}
RESULT: {"text":"WebdriverYard2bocbg"}
COMMAND: GET /session/7ceb9c4207408afb27fb3a73a7391b04/screenshot - {}
RESULT: {}
RESULT: {}
COMMAND: POST /session/7ceb9c4207408afb27fb3a73a7391b04/actions - {"actions":[{"id":"action36","type":"key","parameters":{},"actions":[{"type":"keyDown","value":""},{"type":"pause","duration":10},{"type":"keyUp","value":""}]}]}
RESULT: {"actions":[{"id":"action36","type":"key","parameters":{},"actions":[{"type":"keyDown","value":""},{"type":"pause","duration":10},{"type":"keyUp","value":""}]}]}
COMMAND: GET /session/7ceb9c4207408afb27fb3a73a7391b04/screenshot - {}
RESULT: {}
COMMAND: POST /session/7ceb9c4207408afb27fb3a73a7391b04/execute/async - {"script":"<script> [1562 bytes]","args":[{"selector":{"controlType":"sap.m.Button","viewName":"reusables.view.manageresources.NewResourceUnit","viewId":"application-manageresources-display-component---newResourceUnit","i18NText":{"propertyName":"tooltip","key":"save"},"interaction":{"idSuffix":"BDI-content"}},"wdio_ui5_key":"reusablesview.manageresources.NewResourceUnitsap.m.Button{\"propertyName\":\"tooltip\",\"key\":\"save\"}"}]}
RESULT: {"script":"<script> [1562 bytes]","args":[{"selector":{"controlType":"sap.m.Button","viewName":"reusables.view.manageresources.NewResourceUnit","viewId":"application-manageresources-display-component---newResourceUnit","i18NText":{"propertyName":"tooltip","key":"save"},"interaction":{"idSuffix":"BDI-content"}},"wdio_ui5_key":"reusablesview.manageresources.NewResourceUnitsap.m.Button{\"propertyName\":\"tooltip\",\"key\":\"save\"}"}]}
RESULT: undefined
COMMAND: POST /session/7ceb9c4207408afb27fb3a73a7391b04/element - {"using":"xpath","value":"//*[@id=\"application-manageresources-display-component---newResourceUnit--createRuButton\"]"}
RESULT: {"using":"xpath","value":"//*[@id=\"application-manageresources-display-component---newResourceUnit--createRuButton\"]"}
COMMAND: POST /session/7ceb9c4207408afb27fb3a73a7391b04/element/f.0A3556A37C534166386D2A4E113E99D8.d.57794FD979F83204B4F72BC95D4DE9BA.e.4532/click - {}
RESULT: {}
COMMAND: GET /session/7ceb9c4207408afb27fb3a73a7391b04/screenshot - {}
RESULT: {}
COMMAND: POST /session/7ceb9c4207408afb27fb3a73a7391b04/execute/async - {"script":"<script> [1562 bytes]","args":[{"selector":{"controlType":"sap.m.Title","properties":{"text":"Success"},"searchOpenDialogs":true},"wdio_ui5_key":"sapm.Title{\"text\":\"Success\"}"}]}
RESULT: {"script":"<script> [1562 bytes]","args":[{"selector":{"controlType":"sap.m.Title","properties":{"text":"Success"},"searchOpenDialogs":true},"wdio_ui5_key":"sapm.Title{\"text\":\"Success\"}"}]}
RESULT: undefined
COMMAND: POST /session/7ceb9c4207408afb27fb3a73a7391b04/execute/async - {"script":"<script> [6424 bytes]","args":[{"element-6066-11e4-a52e-4f735466cecf":"f.0A3556A37C534166386D2A4E113E99D8.d.57794FD979F83204B4F72BC95D4DE9BA.e.4683"},"getText",[]]}
RESULT: {"script":"<script> [6424 bytes]","args":[{"element-6066-11e4-a52e-4f735466cecf":"f.0A3556A37C534166386D2A4E113E99D8.d.57794FD979F83204B4F72BC95D4DE9BA.e.4683"},"getText",[]]}
COMMAND: POST /session/7ceb9c4207408afb27fb3a73a7391b04/element - {"using":"xpath","value":"//*[contains(@id, '__text') and (contains(text(), 'successfully created') or contains(., 'successfully created'))]"}
RESULT: {"using":"xpath","value":"//*[contains(@id, '__text') and (contains(text(), 'successfully created') or contains(., 'successfully created'))]"}
COMMAND: GET /session/7ceb9c4207408afb27fb3a73a7391b04/element/f.0A3556A37C534166386D2A4E113E99D8.d.57794FD979F83204B4F72BC95D4DE9BA.e.4682/text - {}
RESULT: {}
COMMAND: POST /session/7ceb9c4207408afb27fb3a73a7391b04/execute/async - {"script":"<script> [1562 bytes]","args":[{"selector":{"controlType":"sap.m.Button","properties":{"text":"Close"},"searchOpenDialogs":true,"interaction":{"idSuffix":"BDI-content"}},"wdio_ui5_key":"sapm.Button{\"text\":\"Close\"}"}]}
RESULT: {"script":"<script> [1562 bytes]","args":[{"selector":{"controlType":"sap.m.Button","properties":{"text":"Close"},"searchOpenDialogs":true,"interaction":{"idSuffix":"BDI-content"}},"wdio_ui5_key":"sapm.Button{\"text\":\"Close\"}"}]}
RESULT: undefined
COMMAND: POST /session/7ceb9c4207408afb27fb3a73a7391b04/element - {"using":"xpath","value":"//*[@id=\"__mbox-btn-1\"]"}
RESULT: {"using":"xpath","value":"//*[@id=\"__mbox-btn-1\"]"}
COMMAND: POST /session/7ceb9c4207408afb27fb3a73a7391b04/element/f.0A3556A37C534166386D2A4E113E99D8.d.57794FD979F83204B4F72BC95D4DE9BA.e.4680/click - {}
RESULT: {}
COMMAND: GET /session/7ceb9c4207408afb27fb3a73a7391b04/screenshot - {}
RESULT: {}
COMMAND: POST /session/7ceb9c4207408afb27fb3a73a7391b04/execute/async - {"script":"<script> [1562 bytes]","args":[{"selector":{"controlType":"sap.ui.core.Icon","viewName":"etm.portal.ui.manageresources.view.Detail","viewId":"application-manageresources-display-component---detailRU","properties":{"src":{"regex":{"source":"overflow"}}}},"wdio_ui5_key":"etmportal.ui.manageresources.view.Detailsap.ui.core.Icon{\"src\":{\"regex\":{\"source\":\"overflow\"}}}"}]}
RESULT: {"script":"<script> [1562 bytes]","args":[{"selector":{"controlType":"sap.ui.core.Icon","viewName":"etm.portal.ui.manageresources.view.Detail","viewId":"application-manageresources-display-component---detailRU","properties":{"src":{"regex":{"source":"overflow"}}}},"wdio_ui5_key":"etmportal.ui.manageresources.view.Detailsap.ui.core.Icon{\"src\":{\"regex\":{\"source\":\"overflow\"}}}"}]}
RESULT: undefined
COMMAND: POST /session/7ceb9c4207408afb27fb3a73a7391b04/element - {"using":"xpath","value":"//*[@id=\"__title81-_actionsToolbar-overflowButton-img\"]"}
RESULT: {"using":"xpath","value":"//*[@id=\"__title81-_actionsToolbar-overflowButton-img\"]"}
COMMAND: POST /session/7ceb9c4207408afb27fb3a73a7391b04/element/f.0A3556A37C534166386D2A4E113E99D8.d.57794FD979F83204B4F72BC95D4DE9BA.e.4712/click - {}
RESULT: {}
COMMAND: POST /session/7ceb9c4207408afb27fb3a73a7391b04/execute/async - {"script":"<script> [1562 bytes]","args":[{"selector":{"controlType":"sap.m.Button","viewName":"etm.portal.ui.manageresources.view.Detail","viewId":"application-manageresources-display-component---detailRU","i18NText":{"propertyName":"tooltip","key":"closeColumn"},"searchOpenDialogs":true,"interaction":{"idSuffix":"inner"}},"wdio_ui5_key":"etmportal.ui.manageresources.view.Detailsap.m.Button{\"propertyName\":\"tooltip\",\"key\":\"closeColumn\"}"}]}
COMMAND: GET /session/7ceb9c4207408afb27fb3a73a7391b04/screenshot - {}
RESULT: {"script":"<script> [1562 bytes]","args":[{"selector":{"controlType":"sap.m.Button","viewName":"etm.portal.ui.manageresources.view.Detail","viewId":"application-manageresources-display-component---detailRU","i18NText":{"propertyName":"tooltip","key":"closeColumn"},"searchOpenDialogs":true,"interaction":{"idSuffix":"inner"}},"wdio_ui5_key":"etmportal.ui.manageresources.view.Detailsap.m.Button{\"propertyName\":\"tooltip\",\"key\":\"closeColumn\"}"}]}
RESULT: undefined
COMMAND: POST /session/7ceb9c4207408afb27fb3a73a7391b04/element - {"using":"xpath","value":"//*[@id=\"__button257\"]"}
RESULT: {}
RESULT: {"using":"xpath","value":"//*[@id=\"__button257\"]"}
COMMAND: POST /session/7ceb9c4207408afb27fb3a73a7391b04/element/f.0A3556A37C534166386D2A4E113E99D8.d.57794FD979F83204B4F72BC95D4DE9BA.e.4714/click - {}
RESULT: {}
COMMAND: GET /session/7ceb9c4207408afb27fb3a73a7391b04/screenshot - {}
RESULT: {}
COMMAND: POST /session/7ceb9c4207408afb27fb3a73a7391b04/refresh - {}
RESULT: {}
COMMAND: GET /session/7ceb9c4207408afb27fb3a73a7391b04/screenshot - {}
RESULT: {}
COMMAND: POST /session/7ceb9c4207408afb27fb3a73a7391b04/execute/async - {"script":"<script> [189 bytes]","args":[]}
RESULT: {"script":"<script> [189 bytes]","args":[]}
COMMAND: POST /session/7ceb9c4207408afb27fb3a73a7391b04/execute/async - {"script":"<script> [123 bytes]","args":[]}
RESULT: {"script":"<script> [123 bytes]","args":[]}
COMMAND: POST /session/7ceb9c4207408afb27fb3a73a7391b04/timeouts - {"script":"<number>"}
RESULT: {"script":"<number>"}
COMMAND: GET /session/7ceb9c4207408afb27fb3a73a7391b04/timeouts - {}
RESULT: {}
RESULT: undefined
COMMAND: POST /session/7ceb9c4207408afb27fb3a73a7391b04/execute/async - {"script":"<script> [2676 bytes]","args":[]}
RESULT: {"script":"<script> [2676 bytes]","args":[]}
COMMAND: POST /session/7ceb9c4207408afb27fb3a73a7391b04/execute/async - {"script":"<script> [2342 bytes]","args":[{"protocol":"http","hostname":"0.0.0.0","path":"/","capabilities":{"browserName":"chrome","goog:chromeOptions":{"binary":"C:\\Program Files\\Google\\Chrome\\Application\\chrome.exe","args":["--start-maximized"]}},"logLevel":"warn","connectionRetryTimeout":120000,"connectionRetryCount":3,"logLevels":{},"enableDirectConnect":true,"strictSSL":true,"_":"65 more keys: [\"cacheDir\",\"port\",\"requestedCapabilities\",\"automationProtocol\",\"baseUrl\",\"waitforInterval\",\"waitforTimeout\",\"onReload\",\"beforeCommand\",\"afterCommand\",\"rootDir\",\"specs\",\"suites\",\"exclude\",\"groupLogsByTestSpec\",\"excludeDriverLogs\",\"bail\",\"framework\",\"reporters\",\"services\",\"maxInstances\",\"maxInstancesPerCapability\",\"injectGlobals\",\"filesToWatch\",\"execArgv\",\"runnerEnv\",\"runner\",\"shard\",\"specFileRetries\",\"specFileRetriesDelay\",\"specFileRetriesDeferred\",\"reporterSyncInterval\",\"reporterSyncTimeout\",\"cucumberFeaturesWithLineNumbers\",\"autoCompileOpts\",\"mochaOpts\",\"jasmineOpts\",\"cucumberOpts\",\"onPrepare\",\"onWorkerStart\",\"onWorkerEnd\",\"before\",\"beforeSession\",\"beforeSuite\",\"beforeHook\",\"beforeTest\",\"afterTest\",\"afterHook\",\"afterSuite\",\"afterSession\",\"after\",\"onComplete\",\"beforeAssertion\",\"afterAssertion\",\"beforeFeature\",\"beforeScenario\",\"beforeStep\",\"afterStep\",\"afterScenario\",\"afterFeature\",\"_\",\"suite\",\"$0\",\"ignoredWorkerServices\",\"wdi5\"]"}]}
RESULT: {"script":"<script> [2342 bytes]","args":[{"protocol":"http","hostname":"0.0.0.0","path":"/","capabilities":{"browserName":"chrome","goog:chromeOptions":{"binary":"C:\\Program Files\\Google\\Chrome\\Application\\chrome.exe","args":["--start-maximized"]}},"logLevel":"warn","connectionRetryTimeout":120000,"connectionRetryCount":3,"logLevels":{},"enableDirectConnect":true,"strictSSL":true,"_":"65 more keys: [\"cacheDir\",\"port\",\"requestedCapabilities\",\"automationProtocol\",\"baseUrl\",\"waitforInterval\",\"waitforTimeout\",\"onReload\",\"beforeCommand\",\"afterCommand\",\"rootDir\",\"specs\",\"suites\",\"exclude\",\"groupLogsByTestSpec\",\"excludeDriverLogs\",\"bail\",\"framework\",\"reporters\",\"services\",\"maxInstances\",\"maxInstancesPerCapability\",\"injectGlobals\",\"filesToWatch\",\"execArgv\",\"runnerEnv\",\"runner\",\"shard\",\"specFileRetries\",\"specFileRetriesDelay\",\"specFileRetriesDeferred\",\"reporterSyncInterval\",\"reporterSyncTimeout\",\"cucumberFeaturesWithLineNumbers\",\"autoCompileOpts\",\"mochaOpts\",\"jasmineOpts\",\"cucumberOpts\",\"onPrepare\",\"onWorkerStart\",\"onWorkerEnd\",\"before\",\"beforeSession\",\"beforeSuite\",\"beforeHook\",\"beforeTest\",\"afterTest\",\"afterHook\",\"afterSuite\",\"afterSession\",\"after\",\"onComplete\",\"beforeAssertion\",\"afterAssertion\",\"beforeFeature\",\"beforeScenario\",\"beforeStep\",\"afterStep\",\"afterScenario\",\"afterFeature\",\"_\",\"suite\",\"$0\",\"ignoredWorkerServices\",\"wdi5\"]"}]}
COMMAND: POST /session/7ceb9c4207408afb27fb3a73a7391b04/execute/async - {"script":"<script> [21126 bytes]","args":[35000]}
RESULT: {"script":"<script> [21126 bytes]","args":[35000]}
COMMAND: POST /session/7ceb9c4207408afb27fb3a73a7391b04/element - {"using":"css selector","value":"#shell-header-logo"}
RESULT: {"using":"css selector","value":"#shell-header-logo"}
COMMAND: POST /session/7ceb9c4207408afb27fb3a73a7391b04/element/f.0A3556A37C534166386D2A4E113E99D8.d.9437789C264B7C414D98712A4253477E.e.4798/click - {}
RESULT: {}
COMMAND: GET /session/7ceb9c4207408afb27fb3a73a7391b04/screenshot - {}
COMMAND: POST /session/7ceb9c4207408afb27fb3a73a7391b04/element - {"using":"css selector","value":"#shell-header-logo"}
RESULT: {}
RESULT: {"using":"css selector","value":"#shell-header-logo"}
COMMAND: POST /session/7ceb9c4207408afb27fb3a73a7391b04/element/f.0A3556A37C534166386D2A4E113E99D8.d.9437789C264B7C414D98712A4253477E.e.4984/click - {}
RESULT: {}
COMMAND: GET /session/7ceb9c4207408afb27fb3a73a7391b04/screenshot - {}
RESULT: {}
]]></system-out>
    </testcase>
    <testcase classname="chrome.136_0_7103_93.windows.Manage_request_+_Contract_processing_pick_up_option_US120163_" name="Should Create New Request pick up option" time="217.652">
      <system-out><![CDATA[
COMMAND: POST /session/7ceb9c4207408afb27fb3a73a7391b04/element - {"using":"css selector","value":"#shell-header-logo"}
RESULT: {"using":"css selector","value":"#shell-header-logo"}
COMMAND: POST /session/7ceb9c4207408afb27fb3a73a7391b04/element/f.0A3556A37C534166386D2A4E113E99D8.d.9437789C264B7C414D98712A4253477E.e.4984/click - {}
RESULT: {}
COMMAND: GET /session/7ceb9c4207408afb27fb3a73a7391b04/screenshot - {}
RESULT: {}
COMMAND: POST /session/7ceb9c4207408afb27fb3a73a7391b04/execute/async - {"script":"<script> [1562 bytes]","args":[{"selector":{"controlType":"sap.m.GenericTile","properties":{"header":"Manage Requests"}},"wdio_ui5_key":"sapm.GenericTile{\"header\":\"Manage Requests\"}"}]}
RESULT: {"script":"<script> [1562 bytes]","args":[{"selector":{"controlType":"sap.m.GenericTile","properties":{"header":"Manage Requests"}},"wdio_ui5_key":"sapm.GenericTile{\"header\":\"Manage Requests\"}"}]}
RESULT: undefined
COMMAND: POST /session/7ceb9c4207408afb27fb3a73a7391b04/element - {"using":"xpath","value":"//*[@id=\"__tile47\"]"}
RESULT: {"using":"xpath","value":"//*[@id=\"__tile47\"]"}
COMMAND: POST /session/7ceb9c4207408afb27fb3a73a7391b04/element/f.0A3556A37C534166386D2A4E113E99D8.d.9437789C264B7C414D98712A4253477E.e.4985/click - {}
RESULT: {}
COMMAND: GET /session/7ceb9c4207408afb27fb3a73a7391b04/screenshot - {}
RESULT: {}
COMMAND: POST /session/7ceb9c4207408afb27fb3a73a7391b04/elements - {"using":"xpath","value":"//span[text()='Error']"}
RESULT: {"using":"xpath","value":"//span[text()='Error']"}
COMMAND: POST /session/7ceb9c4207408afb27fb3a73a7391b04/refresh - {}
RESULT: {}
COMMAND: GET /session/7ceb9c4207408afb27fb3a73a7391b04/screenshot - {}
RESULT: {}
COMMAND: POST /session/7ceb9c4207408afb27fb3a73a7391b04/execute/async - {"script":"<script> [189 bytes]","args":[]}
RESULT: {"script":"<script> [189 bytes]","args":[]}
COMMAND: POST /session/7ceb9c4207408afb27fb3a73a7391b04/execute/async - {"script":"<script> [123 bytes]","args":[]}
RESULT: {"script":"<script> [123 bytes]","args":[]}
COMMAND: POST /session/7ceb9c4207408afb27fb3a73a7391b04/timeouts - {"script":"<number>"}
RESULT: {"script":"<number>"}
COMMAND: GET /session/7ceb9c4207408afb27fb3a73a7391b04/timeouts - {}
RESULT: {}
RESULT: undefined
COMMAND: POST /session/7ceb9c4207408afb27fb3a73a7391b04/execute/async - {"script":"<script> [2676 bytes]","args":[]}
RESULT: {"script":"<script> [2676 bytes]","args":[]}
COMMAND: POST /session/7ceb9c4207408afb27fb3a73a7391b04/execute/async - {"script":"<script> [2342 bytes]","args":[{"protocol":"http","hostname":"0.0.0.0","path":"/","capabilities":{"browserName":"chrome","goog:chromeOptions":{"binary":"C:\\Program Files\\Google\\Chrome\\Application\\chrome.exe","args":["--start-maximized"]}},"logLevel":"warn","connectionRetryTimeout":120000,"connectionRetryCount":3,"logLevels":{},"enableDirectConnect":true,"strictSSL":true,"_":"65 more keys: [\"cacheDir\",\"port\",\"requestedCapabilities\",\"automationProtocol\",\"baseUrl\",\"waitforInterval\",\"waitforTimeout\",\"onReload\",\"beforeCommand\",\"afterCommand\",\"rootDir\",\"specs\",\"suites\",\"exclude\",\"groupLogsByTestSpec\",\"excludeDriverLogs\",\"bail\",\"framework\",\"reporters\",\"services\",\"maxInstances\",\"maxInstancesPerCapability\",\"injectGlobals\",\"filesToWatch\",\"execArgv\",\"runnerEnv\",\"runner\",\"shard\",\"specFileRetries\",\"specFileRetriesDelay\",\"specFileRetriesDeferred\",\"reporterSyncInterval\",\"reporterSyncTimeout\",\"cucumberFeaturesWithLineNumbers\",\"autoCompileOpts\",\"mochaOpts\",\"jasmineOpts\",\"cucumberOpts\",\"onPrepare\",\"onWorkerStart\",\"onWorkerEnd\",\"before\",\"beforeSession\",\"beforeSuite\",\"beforeHook\",\"beforeTest\",\"afterTest\",\"afterHook\",\"afterSuite\",\"afterSession\",\"after\",\"onComplete\",\"beforeAssertion\",\"afterAssertion\",\"beforeFeature\",\"beforeScenario\",\"beforeStep\",\"afterStep\",\"afterScenario\",\"afterFeature\",\"_\",\"suite\",\"$0\",\"ignoredWorkerServices\",\"wdi5\"]"}]}
RESULT: {"script":"<script> [2342 bytes]","args":[{"protocol":"http","hostname":"0.0.0.0","path":"/","capabilities":{"browserName":"chrome","goog:chromeOptions":{"binary":"C:\\Program Files\\Google\\Chrome\\Application\\chrome.exe","args":["--start-maximized"]}},"logLevel":"warn","connectionRetryTimeout":120000,"connectionRetryCount":3,"logLevels":{},"enableDirectConnect":true,"strictSSL":true,"_":"65 more keys: [\"cacheDir\",\"port\",\"requestedCapabilities\",\"automationProtocol\",\"baseUrl\",\"waitforInterval\",\"waitforTimeout\",\"onReload\",\"beforeCommand\",\"afterCommand\",\"rootDir\",\"specs\",\"suites\",\"exclude\",\"groupLogsByTestSpec\",\"excludeDriverLogs\",\"bail\",\"framework\",\"reporters\",\"services\",\"maxInstances\",\"maxInstancesPerCapability\",\"injectGlobals\",\"filesToWatch\",\"execArgv\",\"runnerEnv\",\"runner\",\"shard\",\"specFileRetries\",\"specFileRetriesDelay\",\"specFileRetriesDeferred\",\"reporterSyncInterval\",\"reporterSyncTimeout\",\"cucumberFeaturesWithLineNumbers\",\"autoCompileOpts\",\"mochaOpts\",\"jasmineOpts\",\"cucumberOpts\",\"onPrepare\",\"onWorkerStart\",\"onWorkerEnd\",\"before\",\"beforeSession\",\"beforeSuite\",\"beforeHook\",\"beforeTest\",\"afterTest\",\"afterHook\",\"afterSuite\",\"afterSession\",\"after\",\"onComplete\",\"beforeAssertion\",\"afterAssertion\",\"beforeFeature\",\"beforeScenario\",\"beforeStep\",\"afterStep\",\"afterScenario\",\"afterFeature\",\"_\",\"suite\",\"$0\",\"ignoredWorkerServices\",\"wdi5\"]"}]}
COMMAND: POST /session/7ceb9c4207408afb27fb3a73a7391b04/execute/async - {"script":"<script> [21126 bytes]","args":[35000]}
RESULT: {"script":"<script> [21126 bytes]","args":[35000]}
COMMAND: POST /session/7ceb9c4207408afb27fb3a73a7391b04/element - {"using":"xpath","value":"//button[contains(@data-kt ,\"btnCreateNewOverflowToolbarButton\")]"}
COMMAND: POST /session/7ceb9c4207408afb27fb3a73a7391b04/element - {"using":"xpath","value":"(//span[contains(@class ,\"sapMObjStatusText\")])[1]"}
RESULT: {"using":"xpath","value":"//button[contains(@data-kt ,\"btnCreateNewOverflowToolbarButton\")]"}
COMMAND: POST /session/7ceb9c4207408afb27fb3a73a7391b04/elements - {"using":"xpath","value":"//button[contains(@data-kt ,\"btnCreateNewOverflowToolbarButton\")]"}
RESULT: {"using":"xpath","value":"(//span[contains(@class ,\"sapMObjStatusText\")])[1]"}
COMMAND: POST /session/7ceb9c4207408afb27fb3a73a7391b04/element - {"using":"xpath","value":"(//span[contains(@class ,\"sapMObjStatusText\")])[1]"}
RESULT: {"using":"xpath","value":"//button[contains(@data-kt ,\"btnCreateNewOverflowToolbarButton\")]"}
RESULT: {"using":"xpath","value":"(//span[contains(@class ,\"sapMObjStatusText\")])[1]"}
COMMAND: POST /session/7ceb9c4207408afb27fb3a73a7391b04/elements - {"using":"xpath","value":"//button[contains(@data-kt ,\"btnCreateNewOverflowToolbarButton\")]"}
COMMAND: POST /session/7ceb9c4207408afb27fb3a73a7391b04/element - {"using":"xpath","value":"(//span[contains(@class ,\"sapMObjStatusText\")])[1]"}
RESULT: {"using":"xpath","value":"//button[contains(@data-kt ,\"btnCreateNewOverflowToolbarButton\")]"}
RESULT: {"using":"xpath","value":"(//span[contains(@class ,\"sapMObjStatusText\")])[1]"}
COMMAND: POST /session/7ceb9c4207408afb27fb3a73a7391b04/elements - {"using":"xpath","value":"//button[contains(@data-kt ,\"btnCreateNewOverflowToolbarButton\")]"}
COMMAND: POST /session/7ceb9c4207408afb27fb3a73a7391b04/element - {"using":"xpath","value":"(//span[contains(@class ,\"sapMObjStatusText\")])[1]"}
RESULT: {"using":"xpath","value":"//button[contains(@data-kt ,\"btnCreateNewOverflowToolbarButton\")]"}
COMMAND: POST /session/7ceb9c4207408afb27fb3a73a7391b04/element - {"using":"xpath","value":"//button[contains(@data-kt ,\"btnCreateNewOverflowToolbarButton\")]"}
RESULT: {"using":"xpath","value":"(//span[contains(@class ,\"sapMObjStatusText\")])[1]"}
COMMAND: POST /session/7ceb9c4207408afb27fb3a73a7391b04/element - {"using":"xpath","value":"(//span[contains(@class ,\"sapMObjStatusText\")])[1]"}
RESULT: {"using":"xpath","value":"//button[contains(@data-kt ,\"btnCreateNewOverflowToolbarButton\")]"}
COMMAND: POST /session/7ceb9c4207408afb27fb3a73a7391b04/element/f.0A3556A37C534166386D2A4E113E99D8.d.B4D1386352E3230A4F979939F77CEC82.e.5120/click - {}
RESULT: {"using":"xpath","value":"(//span[contains(@class ,\"sapMObjStatusText\")])[1]"}
COMMAND: POST /session/7ceb9c4207408afb27fb3a73a7391b04/element - {"using":"xpath","value":"(//span[contains(@class ,\"sapMObjStatusText\")])[1]"}
RESULT: {}
RESULT: {"using":"xpath","value":"(//span[contains(@class ,\"sapMObjStatusText\")])[1]"}
COMMAND: POST /session/7ceb9c4207408afb27fb3a73a7391b04/element - {"using":"xpath","value":"(//span[contains(@class ,\"sapMObjStatusText\")])[1]"}
COMMAND: GET /session/7ceb9c4207408afb27fb3a73a7391b04/screenshot - {}
RESULT: {"using":"xpath","value":"(//span[contains(@class ,\"sapMObjStatusText\")])[1]"}
COMMAND: POST /session/7ceb9c4207408afb27fb3a73a7391b04/element - {"using":"xpath","value":"(//span[contains(@class ,\"sapMObjStatusText\")])[1]"}
RESULT: {}
RESULT: {"using":"xpath","value":"(//span[contains(@class ,\"sapMObjStatusText\")])[1]"}
COMMAND: POST /session/7ceb9c4207408afb27fb3a73a7391b04/element - {"using":"xpath","value":"(//span[contains(@class ,\"sapMObjStatusText\")])[1]"}
RESULT: {"using":"xpath","value":"(//span[contains(@class ,\"sapMObjStatusText\")])[1]"}
COMMAND: POST /session/7ceb9c4207408afb27fb3a73a7391b04/execute/sync - {"script":"<script> [8489 bytes]","args":[{"element-6066-11e4-a52e-4f735466cecf":"f.0A3556A37C534166386D2A4E113E99D8.d.B4D1386352E3230A4F979939F77CEC82.e.5177","ELEMENT":"f.0A3556A37C534166386D2A4E113E99D8.d.B4D1386352E3230A4F979939F77CEC82.e.5177"}]}
RESULT: {"script":"<script> [8489 bytes]","args":[{"element-6066-11e4-a52e-4f735466cecf":"f.0A3556A37C534166386D2A4E113E99D8.d.B4D1386352E3230A4F979939F77CEC82.e.5177","ELEMENT":"f.0A3556A37C534166386D2A4E113E99D8.d.B4D1386352E3230A4F979939F77CEC82.e.5177"}]}
COMMAND: GET /session/7ceb9c4207408afb27fb3a73a7391b04/screenshot - {}
RESULT: {}
COMMAND: POST /session/7ceb9c4207408afb27fb3a73a7391b04/element - {"using":"xpath","value":"//input[contains(@id ,\"yardId-inner\")]"}
RESULT: {"using":"xpath","value":"//input[contains(@id ,\"yardId-inner\")]"}
COMMAND: POST /session/7ceb9c4207408afb27fb3a73a7391b04/element - {"using":"xpath","value":"//input[contains(@id ,\"yardId-inner\")]"}
RESULT: {"using":"xpath","value":"//input[contains(@id ,\"yardId-inner\")]"}
COMMAND: POST /session/7ceb9c4207408afb27fb3a73a7391b04/element/f.0A3556A37C534166386D2A4E113E99D8.d.B4D1386352E3230A4F979939F77CEC82.e.5120/click - {}
RESULT: {}
COMMAND: GET /session/7ceb9c4207408afb27fb3a73a7391b04/screenshot - {}
RESULT: {}
COMMAND: POST /session/7ceb9c4207408afb27fb3a73a7391b04/element - {"using":"xpath","value":"//input[contains(@id ,\"requestContractNo-inner\")]"}
COMMAND: POST /session/7ceb9c4207408afb27fb3a73a7391b04/element - {"using":"xpath","value":"//input[contains(@id ,\"yardId-inner\")]"}
RESULT: {"using":"xpath","value":"//input[contains(@id ,\"requestContractNo-inner\")]"}
COMMAND: POST /session/7ceb9c4207408afb27fb3a73a7391b04/element/f.0A3556A37C534166386D2A4E113E99D8.d.B4D1386352E3230A4F979939F77CEC82.e.5265/value - {"text":"10269"}
RESULT: {"using":"xpath","value":"//input[contains(@id ,\"yardId-inner\")]"}
COMMAND: GET /session/7ceb9c4207408afb27fb3a73a7391b04/element/f.0A3556A37C534166386D2A4E113E99D8.d.B4D1386352E3230A4F979939F77CEC82.e.5270/enabled - {}
RESULT: {"text":"10269"}
RESULT: {}
COMMAND: GET /session/7ceb9c4207408afb27fb3a73a7391b04/screenshot - {}
COMMAND: GET /session/7ceb9c4207408afb27fb3a73a7391b04/screenshot - {}
RESULT: {}
RESULT: {}
COMMAND: POST /session/7ceb9c4207408afb27fb3a73a7391b04/actions - {"actions":[{"id":"action37","type":"key","parameters":{},"actions":[{"type":"keyDown","value":""},{"type":"pause","duration":10},{"type":"keyUp","value":""}]}]}
RESULT: {"actions":[{"id":"action37","type":"key","parameters":{},"actions":[{"type":"keyDown","value":""},{"type":"pause","duration":10},{"type":"keyUp","value":""}]}]}
COMMAND: GET /session/7ceb9c4207408afb27fb3a73a7391b04/screenshot - {}
RESULT: {}
COMMAND: POST /session/7ceb9c4207408afb27fb3a73a7391b04/execute/async - {"script":"<script> [1562 bytes]","args":[{"selector":{"controlType":"sap.m.Button","viewName":"etm.portal.ui.managerequests.view.NewRequest","properties":{"text":"Items"},"interaction":{"idSuffix":"BDI-content"}},"wdio_ui5_key":"etmportal.ui.managerequests.view.NewRequestsap.m.Button{\"text\":\"Items\"}"}]}
RESULT: {"script":"<script> [1562 bytes]","args":[{"selector":{"controlType":"sap.m.Button","viewName":"etm.portal.ui.managerequests.view.NewRequest","properties":{"text":"Items"},"interaction":{"idSuffix":"BDI-content"}},"wdio_ui5_key":"etmportal.ui.managerequests.view.NewRequestsap.m.Button{\"text\":\"Items\"}"}]}
RESULT: undefined
COMMAND: POST /session/7ceb9c4207408afb27fb3a73a7391b04/element - {"using":"xpath","value":"//*[@id=\"__xmlview1--newRequestPage-anchBar-__xmlview1--requestItemsSection-anchor\"]"}
RESULT: {"using":"xpath","value":"//*[@id=\"__xmlview1--newRequestPage-anchBar-__xmlview1--requestItemsSection-anchor\"]"}
COMMAND: POST /session/7ceb9c4207408afb27fb3a73a7391b04/element/f.0A3556A37C534166386D2A4E113E99D8.d.B4D1386352E3230A4F979939F77CEC82.e.5432/click - {}
RESULT: {}
COMMAND: GET /session/7ceb9c4207408afb27fb3a73a7391b04/screenshot - {}
RESULT: {}
COMMAND: POST /session/7ceb9c4207408afb27fb3a73a7391b04/execute/async - {"script":"<script> [1562 bytes]","args":[{"selector":{"controlType":"sap.ui.core.Icon","viewName":"etm.portal.ui.managerequests.view.NewRequest","properties":{"src":{"regex":{"source":"inspect"}}}},"wdio_ui5_key":"etmportal.ui.managerequests.view.NewRequestsap.ui.core.Icon{\"src\":{\"regex\":{\"source\":\"inspect\"}}}"}]}
RESULT: {"script":"<script> [1562 bytes]","args":[{"selector":{"controlType":"sap.ui.core.Icon","viewName":"etm.portal.ui.managerequests.view.NewRequest","properties":{"src":{"regex":{"source":"inspect"}}}},"wdio_ui5_key":"etmportal.ui.managerequests.view.NewRequestsap.ui.core.Icon{\"src\":{\"regex\":{\"source\":\"inspect\"}}}"}]}
RESULT: undefined
COMMAND: POST /session/7ceb9c4207408afb27fb3a73a7391b04/element - {"using":"xpath","value":"//*[@id=\"__button8-img\"]"}
RESULT: {"using":"xpath","value":"//*[@id=\"__button8-img\"]"}
COMMAND: POST /session/7ceb9c4207408afb27fb3a73a7391b04/element/f.0A3556A37C534166386D2A4E113E99D8.d.B4D1386352E3230A4F979939F77CEC82.e.5437/click - {}
RESULT: {}
COMMAND: GET /session/7ceb9c4207408afb27fb3a73a7391b04/screenshot - {}
RESULT: {}
COMMAND: POST /session/7ceb9c4207408afb27fb3a73a7391b04/execute/async - {"script":"<script> [1562 bytes]","args":[{"selector":{"controlType":"sap.ui.core.Icon","viewName":"etm.portal.ui.managerequests.view.NewRequest","properties":{"src":{"regex":{"source":"add"}}}},"wdio_ui5_key":"etmportal.ui.managerequests.view.NewRequestsap.ui.core.Icon{\"src\":{\"regex\":{\"source\":\"add\"}}}"}]}
RESULT: {"script":"<script> [1562 bytes]","args":[{"selector":{"controlType":"sap.ui.core.Icon","viewName":"etm.portal.ui.managerequests.view.NewRequest","properties":{"src":{"regex":{"source":"add"}}}},"wdio_ui5_key":"etmportal.ui.managerequests.view.NewRequestsap.ui.core.Icon{\"src\":{\"regex\":{\"source\":\"add\"}}}"}]}
RESULT: undefined
COMMAND: POST /session/7ceb9c4207408afb27fb3a73a7391b04/element - {"using":"xpath","value":"//*[@id=\"__xmlview1--btnAddTableRow-img\"]"}
RESULT: {"using":"xpath","value":"//*[@id=\"__xmlview1--btnAddTableRow-img\"]"}
COMMAND: POST /session/7ceb9c4207408afb27fb3a73a7391b04/element/f.0A3556A37C534166386D2A4E113E99D8.d.B4D1386352E3230A4F979939F77CEC82.e.5445/click - {}
RESULT: {}
COMMAND: GET /session/7ceb9c4207408afb27fb3a73a7391b04/screenshot - {}
RESULT: {}
COMMAND: POST /session/7ceb9c4207408afb27fb3a73a7391b04/execute/async - {"script":"<script> [1562 bytes]","args":[{"selector":{"controlType":"sap.ui.unified.MenuItem","viewName":"etm.portal.ui.managerequests.view.NewRequest","i18NText":{"propertyName":"text","key":"standardEntry"},"searchOpenDialogs":true,"interaction":{"idSuffix":"txt"}},"wdio_ui5_key":"etmportal.ui.managerequests.view.NewRequestsap.ui.unified.MenuItem{\"propertyName\":\"text\",\"key\":\"standardEntry\"}"}]}
RESULT: {"script":"<script> [1562 bytes]","args":[{"selector":{"controlType":"sap.ui.unified.MenuItem","viewName":"etm.portal.ui.managerequests.view.NewRequest","i18NText":{"propertyName":"text","key":"standardEntry"},"searchOpenDialogs":true,"interaction":{"idSuffix":"txt"}},"wdio_ui5_key":"etmportal.ui.managerequests.view.NewRequestsap.ui.unified.MenuItem{\"propertyName\":\"text\",\"key\":\"standardEntry\"}"}]}
RESULT: undefined
COMMAND: POST /session/7ceb9c4207408afb27fb3a73a7391b04/element - {"using":"xpath","value":"//*[@id=\"__item178\"]"}
RESULT: {"using":"xpath","value":"//*[@id=\"__item178\"]"}
COMMAND: POST /session/7ceb9c4207408afb27fb3a73a7391b04/element/f.0A3556A37C534166386D2A4E113E99D8.d.B4D1386352E3230A4F979939F77CEC82.e.5449/click - {}
RESULT: {}
COMMAND: GET /session/7ceb9c4207408afb27fb3a73a7391b04/screenshot - {}
RESULT: undefined
COMMAND: POST /session/7ceb9c4207408afb27fb3a73a7391b04/element - {"using":"xpath","value":"//*[@id=\"__xmlview1--btnAddTableRow-img\"]"}
RESULT: {}
RESULT: {"using":"xpath","value":"//*[@id=\"__xmlview1--btnAddTableRow-img\"]"}
COMMAND: POST /session/7ceb9c4207408afb27fb3a73a7391b04/element/f.0A3556A37C534166386D2A4E113E99D8.d.B4D1386352E3230A4F979939F77CEC82.e.5445/click - {}
RESULT: {}
COMMAND: GET /session/7ceb9c4207408afb27fb3a73a7391b04/screenshot - {}
RESULT: {}
RESULT: undefined
COMMAND: POST /session/7ceb9c4207408afb27fb3a73a7391b04/element - {"using":"xpath","value":"//*[@id=\"__item178\"]"}
RESULT: {"using":"xpath","value":"//*[@id=\"__item178\"]"}
COMMAND: POST /session/7ceb9c4207408afb27fb3a73a7391b04/element/f.0A3556A37C534166386D2A4E113E99D8.d.B4D1386352E3230A4F979939F77CEC82.e.5470/click - {}
RESULT: {}
COMMAND: GET /session/7ceb9c4207408afb27fb3a73a7391b04/screenshot - {}
RESULT: {}
COMMAND: POST /session/7ceb9c4207408afb27fb3a73a7391b04/element - {"using":"xpath","value":"(//input[contains(@id ,\"requestItemsTable-0-inner\")])[5]"}
RESULT: {"using":"xpath","value":"(//input[contains(@id ,\"requestItemsTable-0-inner\")])[5]"}
COMMAND: POST /session/7ceb9c4207408afb27fb3a73a7391b04/element/f.0A3556A37C534166386D2A4E113E99D8.d.B4D1386352E3230A4F979939F77CEC82.e.5461/clear - {}
RESULT: {}
COMMAND: POST /session/7ceb9c4207408afb27fb3a73a7391b04/element/f.0A3556A37C534166386D2A4E113E99D8.d.B4D1386352E3230A4F979939F77CEC82.e.5461/value - {"text":"1000001"}
COMMAND: GET /session/7ceb9c4207408afb27fb3a73a7391b04/screenshot - {}
RESULT: {"text":"1000001"}
COMMAND: GET /session/7ceb9c4207408afb27fb3a73a7391b04/screenshot - {}
RESULT: {}
RESULT: {}
COMMAND: POST /session/7ceb9c4207408afb27fb3a73a7391b04/actions - {"actions":[{"id":"action38","type":"key","parameters":{},"actions":[{"type":"keyDown","value":""},{"type":"pause","duration":10},{"type":"keyUp","value":""}]}]}
RESULT: {"actions":[{"id":"action38","type":"key","parameters":{},"actions":[{"type":"keyDown","value":""},{"type":"pause","duration":10},{"type":"keyUp","value":""}]}]}
COMMAND: POST /session/7ceb9c4207408afb27fb3a73a7391b04/element - {"using":"xpath","value":"(//input[contains(@id ,\"requestItemsTable-1-inner\")])[5]"}
COMMAND: GET /session/7ceb9c4207408afb27fb3a73a7391b04/screenshot - {}
RESULT: {"using":"xpath","value":"(//input[contains(@id ,\"requestItemsTable-1-inner\")])[5]"}
COMMAND: POST /session/7ceb9c4207408afb27fb3a73a7391b04/element/f.0A3556A37C534166386D2A4E113E99D8.d.B4D1386352E3230A4F979939F77CEC82.e.5477/clear - {}
RESULT: {}
RESULT: {}
COMMAND: POST /session/7ceb9c4207408afb27fb3a73a7391b04/element/f.0A3556A37C534166386D2A4E113E99D8.d.B4D1386352E3230A4F979939F77CEC82.e.5477/value - {"text":"200177"}
COMMAND: GET /session/7ceb9c4207408afb27fb3a73a7391b04/screenshot - {}
RESULT: {"text":"200177"}
COMMAND: GET /session/7ceb9c4207408afb27fb3a73a7391b04/screenshot - {}
RESULT: {}
RESULT: {}
COMMAND: POST /session/7ceb9c4207408afb27fb3a73a7391b04/actions - {"actions":[{"id":"action39","type":"key","parameters":{},"actions":[{"type":"keyDown","value":""},{"type":"pause","duration":10},{"type":"keyUp","value":""}]}]}
RESULT: {"actions":[{"id":"action39","type":"key","parameters":{},"actions":[{"type":"keyDown","value":""},{"type":"pause","duration":10},{"type":"keyUp","value":""}]}]}
COMMAND: POST /session/7ceb9c4207408afb27fb3a73a7391b04/element - {"using":"xpath","value":"//div[contains(@data-kt ,\"splitAllocationObjectStatus\")]"}
COMMAND: GET /session/7ceb9c4207408afb27fb3a73a7391b04/screenshot - {}
RESULT: {"using":"xpath","value":"//div[contains(@data-kt ,\"splitAllocationObjectStatus\")]"}
COMMAND: POST /session/7ceb9c4207408afb27fb3a73a7391b04/elements - {"using":"xpath","value":"//div[contains(@data-kt ,\"splitAllocationObjectStatus\")]"}
RESULT: {}
RESULT: {"using":"xpath","value":"//div[contains(@data-kt ,\"splitAllocationObjectStatus\")]"}
COMMAND: POST /session/7ceb9c4207408afb27fb3a73a7391b04/execute/async - {"script":"<script> [1562 bytes]","args":[{"selector":{"controlType":"sap.ui.core.Icon","viewName":"etm.portal.ui.managerequests.view.NewRequest","properties":{"src":{"regex":{"source":"message\\-error"}}},"ancestor":{"controlType":"sap.m.ColumnListItem","viewName":"etm.portal.ui.managerequests.view.NewRequest","bindingPath":{"modelName":"newRequestItems","path":"/RequestItems/0"},"ancestor":{"id":"requestItemsTable","viewName":"etm.portal.ui.managerequests.view.NewRequest"}}},"wdio_ui5_key":"etmportal.ui.managerequests.view.NewRequestsap.ui.core.Icon{\"src\":{\"regex\":{\"source\":\"message\\\\-error\"}}}{\"controlType\":\"sap.m.ColumnListItem\",\"viewName\":\"etm.portal.ui.managerequests.view.NewRequest\",\"bindingPath\":{\"modelName\":\"newRequestItems\",\"path\":\"/RequestItems/0\"},\"ancestor\":{\"id\":\"requestItemsTable\",\"viewName\":\"etm.portal.ui.managerequests.view.NewRequest\"}}"}]}
RESULT: {"script":"<script> [1562 bytes]","args":[{"selector":{"controlType":"sap.ui.core.Icon","viewName":"etm.portal.ui.managerequests.view.NewRequest","properties":{"src":{"regex":{"source":"message\\-error"}}},"ancestor":{"controlType":"sap.m.ColumnListItem","viewName":"etm.portal.ui.managerequests.view.NewRequest","bindingPath":{"modelName":"newRequestItems","path":"/RequestItems/0"},"ancestor":{"id":"requestItemsTable","viewName":"etm.portal.ui.managerequests.view.NewRequest"}}},"wdio_ui5_key":"etmportal.ui.managerequests.view.NewRequestsap.ui.core.Icon{\"src\":{\"regex\":{\"source\":\"message\\\\-error\"}}}{\"controlType\":\"sap.m.ColumnListItem\",\"viewName\":\"etm.portal.ui.managerequests.view.NewRequest\",\"bindingPath\":{\"modelName\":\"newRequestItems\",\"path\":\"/RequestItems/0\"},\"ancestor\":{\"id\":\"requestItemsTable\",\"viewName\":\"etm.portal.ui.managerequests.view.NewRequest\"}}"}]}
RESULT: undefined
COMMAND: POST /session/7ceb9c4207408afb27fb3a73a7391b04/element - {"using":"xpath","value":"//*[@id=\"__status4-__xmlview1--requestItemsTable-0-icon\"]"}
RESULT: {"using":"xpath","value":"//*[@id=\"__status4-__xmlview1--requestItemsTable-0-icon\"]"}
COMMAND: POST /session/7ceb9c4207408afb27fb3a73a7391b04/element/f.0A3556A37C534166386D2A4E113E99D8.d.B4D1386352E3230A4F979939F77CEC82.e.5488/click - {}
RESULT: {}
COMMAND: GET /session/7ceb9c4207408afb27fb3a73a7391b04/screenshot - {}
RESULT: {}
COMMAND: POST /session/7ceb9c4207408afb27fb3a73a7391b04/execute/async - {"script":"<script> [1562 bytes]","args":[{"selector":{"id":"costObjectAdminTypeComboBox","viewName":"etm.portal.ui.managerequests.view.NewRequest","searchOpenDialogs":true,"interaction":{"idSuffix":"inner"}},"wdio_ui5_key":"costObjectAdminTypeComboBoxetmportal.ui.managerequests.view.NewRequest"}]}
RESULT: {"script":"<script> [1562 bytes]","args":[{"selector":{"id":"costObjectAdminTypeComboBox","viewName":"etm.portal.ui.managerequests.view.NewRequest","searchOpenDialogs":true,"interaction":{"idSuffix":"inner"}},"wdio_ui5_key":"costObjectAdminTypeComboBoxetmportal.ui.managerequests.view.NewRequest"}]}
RESULT: undefined
COMMAND: POST /session/7ceb9c4207408afb27fb3a73a7391b04/execute/async - {"script":"<script> [776 bytes]","args":[{"enterText":"Cost Center","selector":{"id":"costObjectAdminTypeComboBox","viewName":"etm.portal.ui.managerequests.view.NewRequest","searchOpenDialogs":true,"interaction":{"idSuffix":"inner"}},"clearTextFirst":true,"interactionType":"ENTER_TEXT"}]}
RESULT: {"script":"<script> [776 bytes]","args":[{"enterText":"Cost Center","selector":{"id":"costObjectAdminTypeComboBox","viewName":"etm.portal.ui.managerequests.view.NewRequest","searchOpenDialogs":true,"interaction":{"idSuffix":"inner"}},"clearTextFirst":true,"interactionType":"ENTER_TEXT"}]}
COMMAND: POST /session/7ceb9c4207408afb27fb3a73a7391b04/actions - {"actions":[{"id":"action40","type":"key","parameters":{},"actions":[{"type":"keyDown","value":""},{"type":"pause","duration":10},{"type":"keyUp","value":""}]}]}
RESULT: {"actions":[{"id":"action40","type":"key","parameters":{},"actions":[{"type":"keyDown","value":""},{"type":"pause","duration":10},{"type":"keyUp","value":""}]}]}
COMMAND: GET /session/7ceb9c4207408afb27fb3a73a7391b04/screenshot - {}
RESULT: {}
COMMAND: POST /session/7ceb9c4207408afb27fb3a73a7391b04/execute/async - {"script":"<script> [1562 bytes]","args":[{"selector":{"id":"costObjectIdComboBox","viewName":"etm.portal.ui.managerequests.view.NewRequest","searchOpenDialogs":true,"interaction":{"idSuffix":"inner"}},"wdio_ui5_key":"costObjectIdComboBoxetmportal.ui.managerequests.view.NewRequest"}]}
RESULT: {"script":"<script> [1562 bytes]","args":[{"selector":{"id":"costObjectIdComboBox","viewName":"etm.portal.ui.managerequests.view.NewRequest","searchOpenDialogs":true,"interaction":{"idSuffix":"inner"}},"wdio_ui5_key":"costObjectIdComboBoxetmportal.ui.managerequests.view.NewRequest"}]}
RESULT: undefined
COMMAND: POST /session/7ceb9c4207408afb27fb3a73a7391b04/execute/async - {"script":"<script> [776 bytes]","args":[{"enterText":"1001 - 1001","selector":{"id":"costObjectIdComboBox","viewName":"etm.portal.ui.managerequests.view.NewRequest","searchOpenDialogs":true,"interaction":{"idSuffix":"inner"}},"clearTextFirst":true,"interactionType":"ENTER_TEXT"}]}
RESULT: {"script":"<script> [776 bytes]","args":[{"enterText":"1001 - 1001","selector":{"id":"costObjectIdComboBox","viewName":"etm.portal.ui.managerequests.view.NewRequest","searchOpenDialogs":true,"interaction":{"idSuffix":"inner"}},"clearTextFirst":true,"interactionType":"ENTER_TEXT"}]}
COMMAND: POST /session/7ceb9c4207408afb27fb3a73a7391b04/actions - {"actions":[{"id":"action41","type":"key","parameters":{},"actions":[{"type":"keyDown","value":""},{"type":"pause","duration":10},{"type":"keyUp","value":""}]}]}
RESULT: {"actions":[{"id":"action41","type":"key","parameters":{},"actions":[{"type":"keyDown","value":""},{"type":"pause","duration":10},{"type":"keyUp","value":""}]}]}
COMMAND: GET /session/7ceb9c4207408afb27fb3a73a7391b04/screenshot - {}
RESULT: {}
COMMAND: POST /session/7ceb9c4207408afb27fb3a73a7391b04/element - {"using":"xpath","value":"(//bdi[(text() = 'Save' or . = 'Save')])[1]"}
RESULT: {"using":"xpath","value":"(//bdi[(text() = 'Save' or . = 'Save')])[1]"}
COMMAND: POST /session/7ceb9c4207408afb27fb3a73a7391b04/element/f.0A3556A37C534166386D2A4E113E99D8.d.B4D1386352E3230A4F979939F77CEC82.e.5502/click - {}
RESULT: {}
COMMAND: POST /session/7ceb9c4207408afb27fb3a73a7391b04/execute/async - {"script":"<script> [1562 bytes]","args":[{"selector":{"controlType":"sap.ui.core.Icon","viewName":"etm.portal.ui.managerequests.view.NewRequest","properties":{"src":{"regex":{"source":"message\\-error"}}},"ancestor":{"controlType":"sap.m.ColumnListItem","viewName":"etm.portal.ui.managerequests.view.NewRequest","bindingPath":{"modelName":"newRequestItems","path":"/RequestItems/1"},"ancestor":{"id":"requestItemsTable","viewName":"etm.portal.ui.managerequests.view.NewRequest"}}},"wdio_ui5_key":"etmportal.ui.managerequests.view.NewRequestsap.ui.core.Icon{\"src\":{\"regex\":{\"source\":\"message\\\\-error\"}}}{\"controlType\":\"sap.m.ColumnListItem\",\"viewName\":\"etm.portal.ui.managerequests.view.NewRequest\",\"bindingPath\":{\"modelName\":\"newRequestItems\",\"path\":\"/RequestItems/1\"},\"ancestor\":{\"id\":\"requestItemsTable\",\"viewName\":\"etm.portal.ui.managerequests.view.NewRequest\"}}"}]}
COMMAND: GET /session/7ceb9c4207408afb27fb3a73a7391b04/screenshot - {}
RESULT: {"script":"<script> [1562 bytes]","args":[{"selector":{"controlType":"sap.ui.core.Icon","viewName":"etm.portal.ui.managerequests.view.NewRequest","properties":{"src":{"regex":{"source":"message\\-error"}}},"ancestor":{"controlType":"sap.m.ColumnListItem","viewName":"etm.portal.ui.managerequests.view.NewRequest","bindingPath":{"modelName":"newRequestItems","path":"/RequestItems/1"},"ancestor":{"id":"requestItemsTable","viewName":"etm.portal.ui.managerequests.view.NewRequest"}}},"wdio_ui5_key":"etmportal.ui.managerequests.view.NewRequestsap.ui.core.Icon{\"src\":{\"regex\":{\"source\":\"message\\\\-error\"}}}{\"controlType\":\"sap.m.ColumnListItem\",\"viewName\":\"etm.portal.ui.managerequests.view.NewRequest\",\"bindingPath\":{\"modelName\":\"newRequestItems\",\"path\":\"/RequestItems/1\"},\"ancestor\":{\"id\":\"requestItemsTable\",\"viewName\":\"etm.portal.ui.managerequests.view.NewRequest\"}}"}]}
RESULT: undefined
COMMAND: POST /session/7ceb9c4207408afb27fb3a73a7391b04/element - {"using":"xpath","value":"//*[@id=\"__status4-__xmlview1--requestItemsTable-1-icon\"]"}
RESULT: {}
RESULT: {"using":"xpath","value":"//*[@id=\"__status4-__xmlview1--requestItemsTable-1-icon\"]"}
COMMAND: POST /session/7ceb9c4207408afb27fb3a73a7391b04/element/f.0A3556A37C534166386D2A4E113E99D8.d.B4D1386352E3230A4F979939F77CEC82.e.5505/click - {}
RESULT: {}
COMMAND: GET /session/7ceb9c4207408afb27fb3a73a7391b04/screenshot - {}
RESULT: {}
RESULT: undefined
COMMAND: POST /session/7ceb9c4207408afb27fb3a73a7391b04/execute/async - {"script":"<script> [776 bytes]","args":[{"enterText":"Cost Center","selector":{"id":"costObjectAdminTypeComboBox","viewName":"etm.portal.ui.managerequests.view.NewRequest","searchOpenDialogs":true,"interaction":{"idSuffix":"inner"}},"clearTextFirst":true,"interactionType":"ENTER_TEXT"}]}
RESULT: {"script":"<script> [776 bytes]","args":[{"enterText":"Cost Center","selector":{"id":"costObjectAdminTypeComboBox","viewName":"etm.portal.ui.managerequests.view.NewRequest","searchOpenDialogs":true,"interaction":{"idSuffix":"inner"}},"clearTextFirst":true,"interactionType":"ENTER_TEXT"}]}
COMMAND: POST /session/7ceb9c4207408afb27fb3a73a7391b04/actions - {"actions":[{"id":"action42","type":"key","parameters":{},"actions":[{"type":"keyDown","value":""},{"type":"pause","duration":10},{"type":"keyUp","value":""}]}]}
RESULT: {"actions":[{"id":"action42","type":"key","parameters":{},"actions":[{"type":"keyDown","value":""},{"type":"pause","duration":10},{"type":"keyUp","value":""}]}]}
COMMAND: GET /session/7ceb9c4207408afb27fb3a73a7391b04/screenshot - {}
RESULT: {}
RESULT: undefined
COMMAND: POST /session/7ceb9c4207408afb27fb3a73a7391b04/execute/async - {"script":"<script> [776 bytes]","args":[{"enterText":"1001 - 1001","selector":{"id":"costObjectIdComboBox","viewName":"etm.portal.ui.managerequests.view.NewRequest","searchOpenDialogs":true,"interaction":{"idSuffix":"inner"}},"clearTextFirst":true,"interactionType":"ENTER_TEXT"}]}
RESULT: {"script":"<script> [776 bytes]","args":[{"enterText":"1001 - 1001","selector":{"id":"costObjectIdComboBox","viewName":"etm.portal.ui.managerequests.view.NewRequest","searchOpenDialogs":true,"interaction":{"idSuffix":"inner"}},"clearTextFirst":true,"interactionType":"ENTER_TEXT"}]}
COMMAND: POST /session/7ceb9c4207408afb27fb3a73a7391b04/actions - {"actions":[{"id":"action43","type":"key","parameters":{},"actions":[{"type":"keyDown","value":""},{"type":"pause","duration":10},{"type":"keyUp","value":""}]}]}
RESULT: {"actions":[{"id":"action43","type":"key","parameters":{},"actions":[{"type":"keyDown","value":""},{"type":"pause","duration":10},{"type":"keyUp","value":""}]}]}
COMMAND: GET /session/7ceb9c4207408afb27fb3a73a7391b04/screenshot - {}
RESULT: {}
COMMAND: POST /session/7ceb9c4207408afb27fb3a73a7391b04/element - {"using":"xpath","value":"(//bdi[(text() = 'Save' or . = 'Save')])[1]"}
RESULT: {"using":"xpath","value":"(//bdi[(text() = 'Save' or . = 'Save')])[1]"}
COMMAND: POST /session/7ceb9c4207408afb27fb3a73a7391b04/element/f.0A3556A37C534166386D2A4E113E99D8.d.B4D1386352E3230A4F979939F77CEC82.e.5518/click - {}
RESULT: {}
COMMAND: GET /session/7ceb9c4207408afb27fb3a73a7391b04/screenshot - {}
RESULT: {}
COMMAND: POST /session/7ceb9c4207408afb27fb3a73a7391b04/execute/async - {"script":"<script> [1562 bytes]","args":[{"selector":{"controlType":"sap.m.Button","viewName":"etm.portal.ui.managerequests.view.NewRequest","bindingPath":{"path":"/RequestItems/0","propertyPath":"PICK_UP","modelName":"newRequestItems"},"interaction":{"idSuffix":"BDI-content"}},"wdio_ui5_key":"etmportal.ui.managerequests.view.NewRequestsap.m.Button{\"path\":\"/RequestItems/0\",\"propertyPath\":\"PICK_UP\",\"modelName\":\"newRequestItems\"}"}]}
RESULT: {"script":"<script> [1562 bytes]","args":[{"selector":{"controlType":"sap.m.Button","viewName":"etm.portal.ui.managerequests.view.NewRequest","bindingPath":{"path":"/RequestItems/0","propertyPath":"PICK_UP","modelName":"newRequestItems"},"interaction":{"idSuffix":"BDI-content"}},"wdio_ui5_key":"etmportal.ui.managerequests.view.NewRequestsap.m.Button{\"path\":\"/RequestItems/0\",\"propertyPath\":\"PICK_UP\",\"modelName\":\"newRequestItems\"}"}]}
RESULT: undefined
COMMAND: POST /session/7ceb9c4207408afb27fb3a73a7391b04/element - {"using":"xpath","value":"//*[@id=\"__xmlview1--pickUpItemButton-__xmlview1--requestItemsTable-0\"]"}
RESULT: {"using":"xpath","value":"//*[@id=\"__xmlview1--pickUpItemButton-__xmlview1--requestItemsTable-0\"]"}
COMMAND: POST /session/7ceb9c4207408afb27fb3a73a7391b04/element/f.0A3556A37C534166386D2A4E113E99D8.d.B4D1386352E3230A4F979939F77CEC82.e.5522/click - {}
RESULT: {}
COMMAND: GET /session/7ceb9c4207408afb27fb3a73a7391b04/screenshot - {}
RESULT: {}
COMMAND: POST /session/7ceb9c4207408afb27fb3a73a7391b04/execute/async - {"script":"<script> [1562 bytes]","args":[{"selector":{"controlType":"sap.m.Button","viewName":"etm.portal.ui.managerequests.view.NewRequest","properties":{"text":"Save"},"i18NText":{"propertyName":"tooltip","key":"save"},"interaction":{"idSuffix":"BDI-content"}},"wdio_ui5_key":"etmportal.ui.managerequests.view.NewRequestsap.m.Button{\"propertyName\":\"tooltip\",\"key\":\"save\"}{\"text\":\"Save\"}"}]}
RESULT: {"script":"<script> [1562 bytes]","args":[{"selector":{"controlType":"sap.m.Button","viewName":"etm.portal.ui.managerequests.view.NewRequest","properties":{"text":"Save"},"i18NText":{"propertyName":"tooltip","key":"save"},"interaction":{"idSuffix":"BDI-content"}},"wdio_ui5_key":"etmportal.ui.managerequests.view.NewRequestsap.m.Button{\"propertyName\":\"tooltip\",\"key\":\"save\"}{\"text\":\"Save\"}"}]}
RESULT: undefined
COMMAND: POST /session/7ceb9c4207408afb27fb3a73a7391b04/element - {"using":"xpath","value":"//*[@id=\"__button11\"]"}
RESULT: {"using":"xpath","value":"//*[@id=\"__button11\"]"}
COMMAND: POST /session/7ceb9c4207408afb27fb3a73a7391b04/element/f.0A3556A37C534166386D2A4E113E99D8.d.B4D1386352E3230A4F979939F77CEC82.e.5365/click - {}
RESULT: {}
COMMAND: GET /session/7ceb9c4207408afb27fb3a73a7391b04/screenshot - {}
RESULT: {}
COMMAND: POST /session/7ceb9c4207408afb27fb3a73a7391b04/execute/async - {"script":"<script> [1562 bytes]","args":[{"selector":{"controlType":"sap.m.Text","searchOpenDialogs":true},"wdio_ui5_key":"sapm.Text"}]}
RESULT: {"script":"<script> [1562 bytes]","args":[{"selector":{"controlType":"sap.m.Text","searchOpenDialogs":true},"wdio_ui5_key":"sapm.Text"}]}
RESULT: undefined
COMMAND: POST /session/7ceb9c4207408afb27fb3a73a7391b04/execute/async - {"script":"<script> [6424 bytes]","args":[{"element-6066-11e4-a52e-4f735466cecf":"f.0A3556A37C534166386D2A4E113E99D8.d.B4D1386352E3230A4F979939F77CEC82.e.5526"},"getText",[]]}
RESULT: {"script":"<script> [6424 bytes]","args":[{"element-6066-11e4-a52e-4f735466cecf":"f.0A3556A37C534166386D2A4E113E99D8.d.B4D1386352E3230A4F979939F77CEC82.e.5526"},"getText",[]]}
COMMAND: POST /session/7ceb9c4207408afb27fb3a73a7391b04/execute/async - {"script":"<script> [1562 bytes]","args":[{"selector":{"controlType":"sap.m.Button","properties":{"text":"Close"},"searchOpenDialogs":true,"interaction":{"idSuffix":"BDI-content"}},"wdio_ui5_key":"sapm.Button{\"text\":\"Close\"}"}]}
RESULT: {"script":"<script> [1562 bytes]","args":[{"selector":{"controlType":"sap.m.Button","properties":{"text":"Close"},"searchOpenDialogs":true,"interaction":{"idSuffix":"BDI-content"}},"wdio_ui5_key":"sapm.Button{\"text\":\"Close\"}"}]}
RESULT: undefined
COMMAND: POST /session/7ceb9c4207408afb27fb3a73a7391b04/element - {"using":"xpath","value":"//*[@id=\"__mbox-btn-0\"]"}
RESULT: {"using":"xpath","value":"//*[@id=\"__mbox-btn-0\"]"}
COMMAND: POST /session/7ceb9c4207408afb27fb3a73a7391b04/element/f.0A3556A37C534166386D2A4E113E99D8.d.B4D1386352E3230A4F979939F77CEC82.e.5525/click - {}
RESULT: {}
COMMAND: GET /session/7ceb9c4207408afb27fb3a73a7391b04/screenshot - {}
RESULT: {}
COMMAND: POST /session/7ceb9c4207408afb27fb3a73a7391b04/execute/async - {"script":"<script> [1562 bytes]","args":[{"selector":{"controlType":"sap.m.Button","viewName":"etm.portal.ui.managerequests.view.Detail","bindingPath":{"path":"/SmartRequestItemsPlanningBoard(ITEM=10m,REQUEST='20113')","propertyPath":"PICK_UP"}},"wdio_ui5_key":"etmportal.ui.managerequests.view.Detailsap.m.Button{\"path\":\"/SmartRequestItemsPlanningBoard(ITEM=10m,REQUEST='20113')\",\"propertyPath\":\"PICK_UP\"}"}]}
RESULT: {"script":"<script> [1562 bytes]","args":[{"selector":{"controlType":"sap.m.Button","viewName":"etm.portal.ui.managerequests.view.Detail","bindingPath":{"path":"/SmartRequestItemsPlanningBoard(ITEM=10m,REQUEST='20113')","propertyPath":"PICK_UP"}},"wdio_ui5_key":"etmportal.ui.managerequests.view.Detailsap.m.Button{\"path\":\"/SmartRequestItemsPlanningBoard(ITEM=10m,REQUEST='20113')\",\"propertyPath\":\"PICK_UP\"}"}]}
RESULT: undefined
COMMAND: POST /session/7ceb9c4207408afb27fb3a73a7391b04/execute/async - {"script":"<script> [6424 bytes]","args":[{"element-6066-11e4-a52e-4f735466cecf":"f.0A3556A37C534166386D2A4E113E99D8.d.B4D1386352E3230A4F979939F77CEC82.e.5632"},"getType",[]]}
RESULT: {"script":"<script> [6424 bytes]","args":[{"element-6066-11e4-a52e-4f735466cecf":"f.0A3556A37C534166386D2A4E113E99D8.d.B4D1386352E3230A4F979939F77CEC82.e.5632"},"getType",[]]}
COMMAND: POST /session/7ceb9c4207408afb27fb3a73a7391b04/execute/async - {"script":"<script> [1562 bytes]","args":[{"selector":{"controlType":"sap.m.Button","viewName":"etm.portal.ui.managerequests.view.Detail","bindingPath":{"path":"/SmartRequestItemsPlanningBoard(ITEM=20m,REQUEST='20113')","propertyPath":"PICK_UP"}},"wdio_ui5_key":"etmportal.ui.managerequests.view.Detailsap.m.Button{\"path\":\"/SmartRequestItemsPlanningBoard(ITEM=20m,REQUEST='20113')\",\"propertyPath\":\"PICK_UP\"}"}]}
RESULT: {"script":"<script> [1562 bytes]","args":[{"selector":{"controlType":"sap.m.Button","viewName":"etm.portal.ui.managerequests.view.Detail","bindingPath":{"path":"/SmartRequestItemsPlanningBoard(ITEM=20m,REQUEST='20113')","propertyPath":"PICK_UP"}},"wdio_ui5_key":"etmportal.ui.managerequests.view.Detailsap.m.Button{\"path\":\"/SmartRequestItemsPlanningBoard(ITEM=20m,REQUEST='20113')\",\"propertyPath\":\"PICK_UP\"}"}]}
RESULT: undefined
COMMAND: POST /session/7ceb9c4207408afb27fb3a73a7391b04/execute/async - {"script":"<script> [6424 bytes]","args":[{"element-6066-11e4-a52e-4f735466cecf":"f.0A3556A37C534166386D2A4E113E99D8.d.B4D1386352E3230A4F979939F77CEC82.e.5650"},"getType",[]]}
RESULT: {"script":"<script> [6424 bytes]","args":[{"element-6066-11e4-a52e-4f735466cecf":"f.0A3556A37C534166386D2A4E113E99D8.d.B4D1386352E3230A4F979939F77CEC82.e.5650"},"getType",[]]}
COMMAND: POST /session/7ceb9c4207408afb27fb3a73a7391b04/execute/async - {"script":"<script> [1562 bytes]","args":[{"selector":{"id":"pickUpSwitchHeader","viewName":"etm.portal.ui.managerequests.view.Detail","interaction":{"idSuffix":"handle"}},"wdio_ui5_key":"pickUpSwitchHeaderetmportal.ui.managerequests.view.Detail"}]}
RESULT: {"script":"<script> [1562 bytes]","args":[{"selector":{"id":"pickUpSwitchHeader","viewName":"etm.portal.ui.managerequests.view.Detail","interaction":{"idSuffix":"handle"}},"wdio_ui5_key":"pickUpSwitchHeaderetmportal.ui.managerequests.view.Detail"}]}
RESULT: undefined
COMMAND: POST /session/7ceb9c4207408afb27fb3a73a7391b04/element - {"using":"xpath","value":"//*[@id=\"__xmlview2--pickUpSwitchHeader\"]"}
RESULT: {"using":"xpath","value":"//*[@id=\"__xmlview2--pickUpSwitchHeader\"]"}
COMMAND: POST /session/7ceb9c4207408afb27fb3a73a7391b04/element/f.0A3556A37C534166386D2A4E113E99D8.d.B4D1386352E3230A4F979939F77CEC82.e.5603/click - {}
RESULT: {}
COMMAND: POST /session/7ceb9c4207408afb27fb3a73a7391b04/execute/async - {"script":"<script> [1562 bytes]","args":[{"selector":{"controlType":"sap.ui.core.Icon","viewName":"etm.portal.ui.managerequests.view.Detail","properties":{"src":{"regex":{"source":"pushpin\\-off"}}}},"wdio_ui5_key":"etmportal.ui.managerequests.view.Detailsap.ui.core.Icon{\"src\":{\"regex\":{\"source\":\"pushpin\\\\-off\"}}}"}]}
COMMAND: GET /session/7ceb9c4207408afb27fb3a73a7391b04/screenshot - {}
RESULT: {"script":"<script> [1562 bytes]","args":[{"selector":{"controlType":"sap.ui.core.Icon","viewName":"etm.portal.ui.managerequests.view.Detail","properties":{"src":{"regex":{"source":"pushpin\\-off"}}}},"wdio_ui5_key":"etmportal.ui.managerequests.view.Detailsap.ui.core.Icon{\"src\":{\"regex\":{\"source\":\"pushpin\\\\-off\"}}}"}]}
RESULT: undefined
COMMAND: POST /session/7ceb9c4207408afb27fb3a73a7391b04/element - {"using":"xpath","value":"//*[@id=\"__xmlview2--detailRequestPage-OPHeaderContent-pinBtn-img\"]"}
RESULT: {}
RESULT: {"using":"xpath","value":"//*[@id=\"__xmlview2--detailRequestPage-OPHeaderContent-pinBtn-img\"]"}
COMMAND: POST /session/7ceb9c4207408afb27fb3a73a7391b04/element/f.0A3556A37C534166386D2A4E113E99D8.d.B4D1386352E3230A4F979939F77CEC82.e.5611/click - {}
RESULT: {}
RESULT: undefined
COMMAND: POST /session/7ceb9c4207408afb27fb3a73a7391b04/execute/async - {"script":"<script> [6424 bytes]","args":[{"element-6066-11e4-a52e-4f735466cecf":"f.0A3556A37C534166386D2A4E113E99D8.d.B4D1386352E3230A4F979939F77CEC82.e.5632"},"getType",[]]}
COMMAND: GET /session/7ceb9c4207408afb27fb3a73a7391b04/screenshot - {}
RESULT: {"script":"<script> [6424 bytes]","args":[{"element-6066-11e4-a52e-4f735466cecf":"f.0A3556A37C534166386D2A4E113E99D8.d.B4D1386352E3230A4F979939F77CEC82.e.5632"},"getType",[]]}
RESULT: undefined
COMMAND: POST /session/7ceb9c4207408afb27fb3a73a7391b04/execute/async - {"script":"<script> [6424 bytes]","args":[{"element-6066-11e4-a52e-4f735466cecf":"f.0A3556A37C534166386D2A4E113E99D8.d.B4D1386352E3230A4F979939F77CEC82.e.5650"},"getType",[]]}
RESULT: {}
RESULT: {"script":"<script> [6424 bytes]","args":[{"element-6066-11e4-a52e-4f735466cecf":"f.0A3556A37C534166386D2A4E113E99D8.d.B4D1386352E3230A4F979939F77CEC82.e.5650"},"getType",[]]}
COMMAND: POST /session/7ceb9c4207408afb27fb3a73a7391b04/execute/async - {"script":"<script> [1562 bytes]","args":[{"selector":{"controlType":"sap.ui.core.Icon","viewName":"etm.portal.ui.managerequests.view.Detail","properties":{"src":{"regex":{"source":"date\\-time"}}},"ancestor":{"controlType":"sap.m.ColumnListItem","viewName":"etm.portal.ui.managerequests.view.Detail","bindingPath":{"path":"/SmartRequestItemsPlanningBoard(ITEM=10m,REQUEST='20113')"},"ancestor":{"id":"requestItemsTable","viewName":"etm.portal.ui.managerequests.view.Detail"}}},"wdio_ui5_key":"etmportal.ui.managerequests.view.Detailsap.ui.core.Icon{\"src\":{\"regex\":{\"source\":\"date\\\\-time\"}}}{\"controlType\":\"sap.m.ColumnListItem\",\"viewName\":\"etm.portal.ui.managerequests.view.Detail\",\"bindingPath\":{\"path\":\"/SmartRequestItemsPlanningBoard(ITEM=10m,REQUEST='20113')\"},\"ancestor\":{\"id\":\"requestItemsTable\",\"viewName\":\"etm.portal.ui.managerequests.view.Detail\"}}"}]}
RESULT: {"script":"<script> [1562 bytes]","args":[{"selector":{"controlType":"sap.ui.core.Icon","viewName":"etm.portal.ui.managerequests.view.Detail","properties":{"src":{"regex":{"source":"date\\-time"}}},"ancestor":{"controlType":"sap.m.ColumnListItem","viewName":"etm.portal.ui.managerequests.view.Detail","bindingPath":{"path":"/SmartRequestItemsPlanningBoard(ITEM=10m,REQUEST='20113')"},"ancestor":{"id":"requestItemsTable","viewName":"etm.portal.ui.managerequests.view.Detail"}}},"wdio_ui5_key":"etmportal.ui.managerequests.view.Detailsap.ui.core.Icon{\"src\":{\"regex\":{\"source\":\"date\\\\-time\"}}}{\"controlType\":\"sap.m.ColumnListItem\",\"viewName\":\"etm.portal.ui.managerequests.view.Detail\",\"bindingPath\":{\"path\":\"/SmartRequestItemsPlanningBoard(ITEM=10m,REQUEST='20113')\"},\"ancestor\":{\"id\":\"requestItemsTable\",\"viewName\":\"etm.portal.ui.managerequests.view.Detail\"}}"}]}
RESULT: undefined
COMMAND: POST /session/7ceb9c4207408afb27fb3a73a7391b04/element - {"using":"xpath","value":"//*[@id=\"__button39-__clone1825-img\"]"}
RESULT: {"using":"xpath","value":"//*[@id=\"__button39-__clone1825-img\"]"}
COMMAND: POST /session/7ceb9c4207408afb27fb3a73a7391b04/element/f.0A3556A37C534166386D2A4E113E99D8.d.B4D1386352E3230A4F979939F77CEC82.e.5658/click - {}
RESULT: {}
COMMAND: POST /session/7ceb9c4207408afb27fb3a73a7391b04/execute/async - {"script":"<script> [1562 bytes]","args":[{"selector":{"controlType":"sap.m.Button","viewName":"etm.portal.ui.managerequests.view.Detail","properties":{"text":"Close"},"searchOpenDialogs":true,"interaction":{"idSuffix":"inner"}},"wdio_ui5_key":"etmportal.ui.managerequests.view.Detailsap.m.Button{\"text\":\"Close\"}"}]}
COMMAND: GET /session/7ceb9c4207408afb27fb3a73a7391b04/screenshot - {}
RESULT: {"script":"<script> [1562 bytes]","args":[{"selector":{"controlType":"sap.m.Button","viewName":"etm.portal.ui.managerequests.view.Detail","properties":{"text":"Close"},"searchOpenDialogs":true,"interaction":{"idSuffix":"inner"}},"wdio_ui5_key":"etmportal.ui.managerequests.view.Detailsap.m.Button{\"text\":\"Close\"}"}]}
RESULT: undefined
COMMAND: POST /session/7ceb9c4207408afb27fb3a73a7391b04/element - {"using":"xpath","value":"//*[@id=\"__button49\"]"}
RESULT: {}
RESULT: {"using":"xpath","value":"//*[@id=\"__button49\"]"}
COMMAND: POST /session/7ceb9c4207408afb27fb3a73a7391b04/element/f.0A3556A37C534166386D2A4E113E99D8.d.B4D1386352E3230A4F979939F77CEC82.e.5660/click - {}
RESULT: {}
COMMAND: POST /session/7ceb9c4207408afb27fb3a73a7391b04/execute/async - {"script":"<script> [1562 bytes]","args":[{"selector":{"controlType":"sap.ui.core.Icon","viewName":"etm.portal.ui.managerequests.view.Detail","properties":{"src":{"regex":{"source":"date\\-time"}}},"ancestor":{"controlType":"sap.m.ColumnListItem","viewName":"etm.portal.ui.managerequests.view.Detail","bindingPath":{"path":"/SmartRequestItemsPlanningBoard(ITEM=20m,REQUEST='20113')"},"ancestor":{"id":"requestItemsTable","viewName":"etm.portal.ui.managerequests.view.Detail"}}},"wdio_ui5_key":"etmportal.ui.managerequests.view.Detailsap.ui.core.Icon{\"src\":{\"regex\":{\"source\":\"date\\\\-time\"}}}{\"controlType\":\"sap.m.ColumnListItem\",\"viewName\":\"etm.portal.ui.managerequests.view.Detail\",\"bindingPath\":{\"path\":\"/SmartRequestItemsPlanningBoard(ITEM=20m,REQUEST='20113')\"},\"ancestor\":{\"id\":\"requestItemsTable\",\"viewName\":\"etm.portal.ui.managerequests.view.Detail\"}}"}]}
COMMAND: GET /session/7ceb9c4207408afb27fb3a73a7391b04/screenshot - {}
RESULT: {"script":"<script> [1562 bytes]","args":[{"selector":{"controlType":"sap.ui.core.Icon","viewName":"etm.portal.ui.managerequests.view.Detail","properties":{"src":{"regex":{"source":"date\\-time"}}},"ancestor":{"controlType":"sap.m.ColumnListItem","viewName":"etm.portal.ui.managerequests.view.Detail","bindingPath":{"path":"/SmartRequestItemsPlanningBoard(ITEM=20m,REQUEST='20113')"},"ancestor":{"id":"requestItemsTable","viewName":"etm.portal.ui.managerequests.view.Detail"}}},"wdio_ui5_key":"etmportal.ui.managerequests.view.Detailsap.ui.core.Icon{\"src\":{\"regex\":{\"source\":\"date\\\\-time\"}}}{\"controlType\":\"sap.m.ColumnListItem\",\"viewName\":\"etm.portal.ui.managerequests.view.Detail\",\"bindingPath\":{\"path\":\"/SmartRequestItemsPlanningBoard(ITEM=20m,REQUEST='20113')\"},\"ancestor\":{\"id\":\"requestItemsTable\",\"viewName\":\"etm.portal.ui.managerequests.view.Detail\"}}"}]}
RESULT: undefined
COMMAND: POST /session/7ceb9c4207408afb27fb3a73a7391b04/element - {"using":"xpath","value":"//*[@id=\"__button39-__clone1826-img\"]"}
RESULT: {}
RESULT: {"using":"xpath","value":"//*[@id=\"__button39-__clone1826-img\"]"}
COMMAND: POST /session/7ceb9c4207408afb27fb3a73a7391b04/element/f.0A3556A37C534166386D2A4E113E99D8.d.B4D1386352E3230A4F979939F77CEC82.e.5667/click - {}
RESULT: {}
RESULT: undefined
COMMAND: POST /session/7ceb9c4207408afb27fb3a73a7391b04/element - {"using":"xpath","value":"//*[@id=\"__button49\"]"}
COMMAND: GET /session/7ceb9c4207408afb27fb3a73a7391b04/screenshot - {}
RESULT: {"using":"xpath","value":"//*[@id=\"__button49\"]"}
COMMAND: POST /session/7ceb9c4207408afb27fb3a73a7391b04/elements - {"using":"xpath","value":"//*[@id=\"__button49\"]"}
RESULT: {}
RESULT: {"using":"xpath","value":"//*[@id=\"__button49\"]"}
COMMAND: POST /session/7ceb9c4207408afb27fb3a73a7391b04/element - {"using":"xpath","value":"//*[@id=\"__button49\"]"}
RESULT: {"using":"xpath","value":"//*[@id=\"__button49\"]"}
COMMAND: POST /session/7ceb9c4207408afb27fb3a73a7391b04/element/f.0A3556A37C534166386D2A4E113E99D8.d.B4D1386352E3230A4F979939F77CEC82.e.5671/click - {}
RESULT: {}
COMMAND: POST /session/7ceb9c4207408afb27fb3a73a7391b04/execute/async - {"script":"<script> [189 bytes]","args":[]}
COMMAND: GET /session/7ceb9c4207408afb27fb3a73a7391b04/screenshot - {}
RESULT: {"script":"<script> [189 bytes]","args":[]}
COMMAND: POST /session/7ceb9c4207408afb27fb3a73a7391b04/execute/async - {"script":"<script> [123 bytes]","args":[]}
RESULT: {}
RESULT: {"script":"<script> [123 bytes]","args":[]}
COMMAND: POST /session/7ceb9c4207408afb27fb3a73a7391b04/timeouts - {"script":"<number>"}
RESULT: {"script":"<number>"}
COMMAND: GET /session/7ceb9c4207408afb27fb3a73a7391b04/timeouts - {}
RESULT: {}
RESULT: undefined
COMMAND: POST /session/7ceb9c4207408afb27fb3a73a7391b04/execute/async - {"script":"<script> [2676 bytes]","args":[]}
RESULT: {"script":"<script> [2676 bytes]","args":[]}
COMMAND: POST /session/7ceb9c4207408afb27fb3a73a7391b04/execute/async - {"script":"<script> [2342 bytes]","args":[{"protocol":"http","hostname":"0.0.0.0","path":"/","capabilities":{"browserName":"chrome","goog:chromeOptions":{"binary":"C:\\Program Files\\Google\\Chrome\\Application\\chrome.exe","args":["--start-maximized"]}},"logLevel":"warn","connectionRetryTimeout":120000,"connectionRetryCount":3,"logLevels":{},"enableDirectConnect":true,"strictSSL":true,"_":"65 more keys: [\"cacheDir\",\"port\",\"requestedCapabilities\",\"automationProtocol\",\"baseUrl\",\"waitforInterval\",\"waitforTimeout\",\"onReload\",\"beforeCommand\",\"afterCommand\",\"rootDir\",\"specs\",\"suites\",\"exclude\",\"groupLogsByTestSpec\",\"excludeDriverLogs\",\"bail\",\"framework\",\"reporters\",\"services\",\"maxInstances\",\"maxInstancesPerCapability\",\"injectGlobals\",\"filesToWatch\",\"execArgv\",\"runnerEnv\",\"runner\",\"shard\",\"specFileRetries\",\"specFileRetriesDelay\",\"specFileRetriesDeferred\",\"reporterSyncInterval\",\"reporterSyncTimeout\",\"cucumberFeaturesWithLineNumbers\",\"autoCompileOpts\",\"mochaOpts\",\"jasmineOpts\",\"cucumberOpts\",\"onPrepare\",\"onWorkerStart\",\"onWorkerEnd\",\"before\",\"beforeSession\",\"beforeSuite\",\"beforeHook\",\"beforeTest\",\"afterTest\",\"afterHook\",\"afterSuite\",\"afterSession\",\"after\",\"onComplete\",\"beforeAssertion\",\"afterAssertion\",\"beforeFeature\",\"beforeScenario\",\"beforeStep\",\"afterStep\",\"afterScenario\",\"afterFeature\",\"_\",\"suite\",\"$0\",\"ignoredWorkerServices\",\"wdi5\"]"}]}
RESULT: {"script":"<script> [2342 bytes]","args":[{"protocol":"http","hostname":"0.0.0.0","path":"/","capabilities":{"browserName":"chrome","goog:chromeOptions":{"binary":"C:\\Program Files\\Google\\Chrome\\Application\\chrome.exe","args":["--start-maximized"]}},"logLevel":"warn","connectionRetryTimeout":120000,"connectionRetryCount":3,"logLevels":{},"enableDirectConnect":true,"strictSSL":true,"_":"65 more keys: [\"cacheDir\",\"port\",\"requestedCapabilities\",\"automationProtocol\",\"baseUrl\",\"waitforInterval\",\"waitforTimeout\",\"onReload\",\"beforeCommand\",\"afterCommand\",\"rootDir\",\"specs\",\"suites\",\"exclude\",\"groupLogsByTestSpec\",\"excludeDriverLogs\",\"bail\",\"framework\",\"reporters\",\"services\",\"maxInstances\",\"maxInstancesPerCapability\",\"injectGlobals\",\"filesToWatch\",\"execArgv\",\"runnerEnv\",\"runner\",\"shard\",\"specFileRetries\",\"specFileRetriesDelay\",\"specFileRetriesDeferred\",\"reporterSyncInterval\",\"reporterSyncTimeout\",\"cucumberFeaturesWithLineNumbers\",\"autoCompileOpts\",\"mochaOpts\",\"jasmineOpts\",\"cucumberOpts\",\"onPrepare\",\"onWorkerStart\",\"onWorkerEnd\",\"before\",\"beforeSession\",\"beforeSuite\",\"beforeHook\",\"beforeTest\",\"afterTest\",\"afterHook\",\"afterSuite\",\"afterSession\",\"after\",\"onComplete\",\"beforeAssertion\",\"afterAssertion\",\"beforeFeature\",\"beforeScenario\",\"beforeStep\",\"afterStep\",\"afterScenario\",\"afterFeature\",\"_\",\"suite\",\"$0\",\"ignoredWorkerServices\",\"wdi5\"]"}]}
COMMAND: POST /session/7ceb9c4207408afb27fb3a73a7391b04/execute/async - {"script":"<script> [21126 bytes]","args":[35000]}
RESULT: {"script":"<script> [21126 bytes]","args":[35000]}
COMMAND: POST /session/7ceb9c4207408afb27fb3a73a7391b04/execute/async - {"script":"<script> [1562 bytes]","args":[{"selector":{"controlType":"sap.m.Button","viewName":"etm.portal.ui.managerequests.view.Detail","bindingPath":{"path":"/SmartRequestItemsPlanningBoard(ITEM=10m,REQUEST='20113')","propertyPath":"PICK_UP"}},"wdio_ui5_key":"etmportal.ui.managerequests.view.Detailsap.m.Button{\"path\":\"/SmartRequestItemsPlanningBoard(ITEM=10m,REQUEST='20113')\",\"propertyPath\":\"PICK_UP\"}"}]}
RESULT: {"script":"<script> [1562 bytes]","args":[{"selector":{"controlType":"sap.m.Button","viewName":"etm.portal.ui.managerequests.view.Detail","bindingPath":{"path":"/SmartRequestItemsPlanningBoard(ITEM=10m,REQUEST='20113')","propertyPath":"PICK_UP"}},"wdio_ui5_key":"etmportal.ui.managerequests.view.Detailsap.m.Button{\"path\":\"/SmartRequestItemsPlanningBoard(ITEM=10m,REQUEST='20113')\",\"propertyPath\":\"PICK_UP\"}"}]}
RESULT: undefined
COMMAND: POST /session/7ceb9c4207408afb27fb3a73a7391b04/execute/async - {"script":"<script> [6424 bytes]","args":[{"element-6066-11e4-a52e-4f735466cecf":"f.0A3556A37C534166386D2A4E113E99D8.d.B4D1386352E3230A4F979939F77CEC82.e.5632"},"getType",[]]}
RESULT: {"script":"<script> [6424 bytes]","args":[{"element-6066-11e4-a52e-4f735466cecf":"f.0A3556A37C534166386D2A4E113E99D8.d.B4D1386352E3230A4F979939F77CEC82.e.5632"},"getType",[]]}
COMMAND: POST /session/7ceb9c4207408afb27fb3a73a7391b04/execute/async - {"script":"<script> [1562 bytes]","args":[{"selector":{"controlType":"sap.m.Button","viewName":"etm.portal.ui.managerequests.view.Detail","bindingPath":{"path":"/SmartRequestItemsPlanningBoard(ITEM=20m,REQUEST='20113')","propertyPath":"PICK_UP"}},"wdio_ui5_key":"etmportal.ui.managerequests.view.Detailsap.m.Button{\"path\":\"/SmartRequestItemsPlanningBoard(ITEM=20m,REQUEST='20113')\",\"propertyPath\":\"PICK_UP\"}"}]}
RESULT: {"script":"<script> [1562 bytes]","args":[{"selector":{"controlType":"sap.m.Button","viewName":"etm.portal.ui.managerequests.view.Detail","bindingPath":{"path":"/SmartRequestItemsPlanningBoard(ITEM=20m,REQUEST='20113')","propertyPath":"PICK_UP"}},"wdio_ui5_key":"etmportal.ui.managerequests.view.Detailsap.m.Button{\"path\":\"/SmartRequestItemsPlanningBoard(ITEM=20m,REQUEST='20113')\",\"propertyPath\":\"PICK_UP\"}"}]}
RESULT: undefined
COMMAND: POST /session/7ceb9c4207408afb27fb3a73a7391b04/execute/async - {"script":"<script> [6424 bytes]","args":[{"element-6066-11e4-a52e-4f735466cecf":"f.0A3556A37C534166386D2A4E113E99D8.d.B4D1386352E3230A4F979939F77CEC82.e.5650"},"getType",[]]}
RESULT: {"script":"<script> [6424 bytes]","args":[{"element-6066-11e4-a52e-4f735466cecf":"f.0A3556A37C534166386D2A4E113E99D8.d.B4D1386352E3230A4F979939F77CEC82.e.5650"},"getType",[]]}
]]></system-out>
    </testcase>
    <testcase classname="chrome.136_0_7103_93.windows.Manage_request_+_Contract_processing_pick_up_option_US120163_" name="Should Contract processing pick up option" time="196.484">
      <system-out><![CDATA[
COMMAND: POST /session/7ceb9c4207408afb27fb3a73a7391b04/execute/async - {"script":"<script> [1562 bytes]","args":[{"selector":{"id":"requestContractNo","viewName":"etm.portal.ui.managerequests.view.Detail"},"wdio_ui5_key":"requestContractNoetmportal.ui.managerequests.view.Detail"}]}
RESULT: {"script":"<script> [1562 bytes]","args":[{"selector":{"id":"requestContractNo","viewName":"etm.portal.ui.managerequests.view.Detail"},"wdio_ui5_key":"requestContractNoetmportal.ui.managerequests.view.Detail"}]}
RESULT: undefined
COMMAND: POST /session/7ceb9c4207408afb27fb3a73a7391b04/element - {"using":"xpath","value":"//*[@id=\"__xmlview2--requestContractNo\"]"}
RESULT: {"using":"xpath","value":"//*[@id=\"__xmlview2--requestContractNo\"]"}
COMMAND: POST /session/7ceb9c4207408afb27fb3a73a7391b04/element/f.0A3556A37C534166386D2A4E113E99D8.d.B4D1386352E3230A4F979939F77CEC82.e.5682/click - {}
RESULT: {}
COMMAND: POST /session/7ceb9c4207408afb27fb3a73a7391b04/execute/async - {"script":"<script> [1562 bytes]","args":[{"selector":{"controlType":"sap.m.Link","viewName":"etm.portal.ui.managerequests.view.Detail","properties":{"text":"Contract Overview"},"searchOpenDialogs":true},"wdio_ui5_key":"etmportal.ui.managerequests.view.Detailsap.m.Link{\"text\":\"Contract Overview\"}"}]}
COMMAND: GET /session/7ceb9c4207408afb27fb3a73a7391b04/screenshot - {}
RESULT: {"script":"<script> [1562 bytes]","args":[{"selector":{"controlType":"sap.m.Link","viewName":"etm.portal.ui.managerequests.view.Detail","properties":{"text":"Contract Overview"},"searchOpenDialogs":true},"wdio_ui5_key":"etmportal.ui.managerequests.view.Detailsap.m.Link{\"text\":\"Contract Overview\"}"}]}
RESULT: undefined
COMMAND: POST /session/7ceb9c4207408afb27fb3a73a7391b04/element - {"using":"xpath","value":"//*[@id=\"__link8\"]"}
RESULT: {}
RESULT: {"using":"xpath","value":"//*[@id=\"__link8\"]"}
COMMAND: POST /session/7ceb9c4207408afb27fb3a73a7391b04/element/f.0A3556A37C534166386D2A4E113E99D8.d.B4D1386352E3230A4F979939F77CEC82.e.5684/click - {}
RESULT: {}
COMMAND: GET /session/7ceb9c4207408afb27fb3a73a7391b04/screenshot - {}
RESULT: {}
COMMAND: POST /session/7ceb9c4207408afb27fb3a73a7391b04/element - {"using":"xpath","value":"//div[contains(@id ,\"headerBillingItemsTabFilter-text\")]"}
RESULT: {"using":"xpath","value":"//div[contains(@id ,\"headerBillingItemsTabFilter-text\")]"}
COMMAND: POST /session/7ceb9c4207408afb27fb3a73a7391b04/elements - {"using":"xpath","value":"//div[contains(@id ,\"headerBillingItemsTabFilter-text\")]"}
RESULT: {"using":"xpath","value":"//div[contains(@id ,\"headerBillingItemsTabFilter-text\")]"}
COMMAND: POST /session/7ceb9c4207408afb27fb3a73a7391b04/element - {"using":"xpath","value":"//div[contains(@id ,\"headerBillingItemsTabFilter-text\")]"}
RESULT: {"using":"xpath","value":"//div[contains(@id ,\"headerBillingItemsTabFilter-text\")]"}
COMMAND: POST /session/7ceb9c4207408afb27fb3a73a7391b04/element/f.0A3556A37C534166386D2A4E113E99D8.d.B4D1386352E3230A4F979939F77CEC82.e.5906/click - {}
RESULT: {}
COMMAND: GET /session/7ceb9c4207408afb27fb3a73a7391b04/screenshot - {}
RESULT: {}
COMMAND: POST /session/7ceb9c4207408afb27fb3a73a7391b04/execute/async - {"script":"<script> [1562 bytes]","args":[{"selector":{"id":"addRequestItemBtn","viewName":"etm.portal.ui.managecontracts.view.Detail","interaction":{"idSuffix":"BDI-content"}},"wdio_ui5_key":"addRequestItemBtnetmportal.ui.managecontracts.view.Detail"}]}
RESULT: {"script":"<script> [1562 bytes]","args":[{"selector":{"id":"addRequestItemBtn","viewName":"etm.portal.ui.managecontracts.view.Detail","interaction":{"idSuffix":"BDI-content"}},"wdio_ui5_key":"addRequestItemBtnetmportal.ui.managecontracts.view.Detail"}]}
RESULT: undefined
COMMAND: POST /session/7ceb9c4207408afb27fb3a73a7391b04/element - {"using":"xpath","value":"//*[@id=\"__xmlview4--addRequestItemBtn\"]"}
RESULT: {"using":"xpath","value":"//*[@id=\"__xmlview4--addRequestItemBtn\"]"}
COMMAND: POST /session/7ceb9c4207408afb27fb3a73a7391b04/element/f.0A3556A37C534166386D2A4E113E99D8.d.B4D1386352E3230A4F979939F77CEC82.e.5804/click - {}
RESULT: {}
COMMAND: GET /session/7ceb9c4207408afb27fb3a73a7391b04/screenshot - {}
RESULT: {}
COMMAND: POST /session/7ceb9c4207408afb27fb3a73a7391b04/element - {"using":"xpath","value":"//div[contains(@id ,\"popupRequestTable-sa-CbBg\")]"}
RESULT: {"using":"xpath","value":"//div[contains(@id ,\"popupRequestTable-sa-CbBg\")]"}
COMMAND: POST /session/7ceb9c4207408afb27fb3a73a7391b04/element/f.0A3556A37C534166386D2A4E113E99D8.d.B4D1386352E3230A4F979939F77CEC82.e.5949/click - {}
RESULT: {}
COMMAND: GET /session/7ceb9c4207408afb27fb3a73a7391b04/screenshot - {}
RESULT: {}
COMMAND: POST /session/7ceb9c4207408afb27fb3a73a7391b04/execute/async - {"script":"<script> [1562 bytes]","args":[{"selector":{"controlType":"sap.m.Button","viewName":"etm.portal.ui.managecontracts.view.Detail","i18NText":{"propertyName":"text","key":"selectionDone"},"searchOpenDialogs":true,"interaction":{"idSuffix":"content"}},"wdio_ui5_key":"etmportal.ui.managecontracts.view.Detailsap.m.Button{\"propertyName\":\"text\",\"key\":\"selectionDone\"}"}]}
RESULT: {"script":"<script> [1562 bytes]","args":[{"selector":{"controlType":"sap.m.Button","viewName":"etm.portal.ui.managecontracts.view.Detail","i18NText":{"propertyName":"text","key":"selectionDone"},"searchOpenDialogs":true,"interaction":{"idSuffix":"content"}},"wdio_ui5_key":"etmportal.ui.managecontracts.view.Detailsap.m.Button{\"propertyName\":\"text\",\"key\":\"selectionDone\"}"}]}
RESULT: undefined
COMMAND: POST /session/7ceb9c4207408afb27fb3a73a7391b04/element - {"using":"xpath","value":"//*[@id=\"__button64\"]"}
RESULT: {"using":"xpath","value":"//*[@id=\"__button64\"]"}
COMMAND: POST /session/7ceb9c4207408afb27fb3a73a7391b04/element/f.0A3556A37C534166386D2A4E113E99D8.d.B4D1386352E3230A4F979939F77CEC82.e.5952/click - {}
RESULT: {}
COMMAND: POST /session/7ceb9c4207408afb27fb3a73a7391b04/execute/async - {"script":"<script> [1562 bytes]","args":[{"selector":{"controlType":"sap.m.Button","properties":{"text":"OK"},"searchOpenDialogs":true,"interaction":{"idSuffix":"inner"}},"wdio_ui5_key":"sapm.Button{\"text\":\"OK\"}"}]}
COMMAND: GET /session/7ceb9c4207408afb27fb3a73a7391b04/screenshot - {}
RESULT: {"script":"<script> [1562 bytes]","args":[{"selector":{"controlType":"sap.m.Button","properties":{"text":"OK"},"searchOpenDialogs":true,"interaction":{"idSuffix":"inner"}},"wdio_ui5_key":"sapm.Button{\"text\":\"OK\"}"}]}
RESULT: undefined
COMMAND: POST /session/7ceb9c4207408afb27fb3a73a7391b04/element - {"using":"xpath","value":"//*[@id=\"__mbox-btn-1\"]"}
RESULT: {}
RESULT: {"using":"xpath","value":"//*[@id=\"__mbox-btn-1\"]"}
COMMAND: POST /session/7ceb9c4207408afb27fb3a73a7391b04/element/f.0A3556A37C534166386D2A4E113E99D8.d.B4D1386352E3230A4F979939F77CEC82.e.5953/click - {}
RESULT: {}
COMMAND: GET /session/7ceb9c4207408afb27fb3a73a7391b04/screenshot - {}
RESULT: {}
COMMAND: POST /session/7ceb9c4207408afb27fb3a73a7391b04/element - {"using":"xpath","value":"//div[contains(@id ,\"headerBillingItemsTabFilter-text\")]"}
RESULT: {"using":"xpath","value":"//div[contains(@id ,\"headerBillingItemsTabFilter-text\")]"}
COMMAND: POST /session/7ceb9c4207408afb27fb3a73a7391b04/element/f.0A3556A37C534166386D2A4E113E99D8.d.B4D1386352E3230A4F979939F77CEC82.e.5906/click - {}
RESULT: {}
COMMAND: GET /session/7ceb9c4207408afb27fb3a73a7391b04/screenshot - {}
RESULT: {}
COMMAND: POST /session/7ceb9c4207408afb27fb3a73a7391b04/element - {"using":"xpath","value":"//button[contains(@data-kt ,\"refreshButton\")]"}
RESULT: {"using":"xpath","value":"//button[contains(@data-kt ,\"refreshButton\")]"}
COMMAND: POST /session/7ceb9c4207408afb27fb3a73a7391b04/element/f.0A3556A37C534166386D2A4E113E99D8.d.B4D1386352E3230A4F979939F77CEC82.e.5801/click - {}
RESULT: {}
COMMAND: GET /session/7ceb9c4207408afb27fb3a73a7391b04/screenshot - {}
RESULT: {}
COMMAND: POST /session/7ceb9c4207408afb27fb3a73a7391b04/element - {"using":"xpath","value":"//div[contains(@id ,\"headerBillingItemsTabFilter-text\")]"}
RESULT: {"using":"xpath","value":"//div[contains(@id ,\"headerBillingItemsTabFilter-text\")]"}
COMMAND: POST /session/7ceb9c4207408afb27fb3a73a7391b04/element/f.0A3556A37C534166386D2A4E113E99D8.d.B4D1386352E3230A4F979939F77CEC82.e.5906/click - {}
RESULT: {}
COMMAND: GET /session/7ceb9c4207408afb27fb3a73a7391b04/screenshot - {}
RESULT: {}
COMMAND: POST /session/7ceb9c4207408afb27fb3a73a7391b04/execute/async - {"script":"<script> [1562 bytes]","args":[{"selector":{"id":"contractDetailProvideButton","viewName":"etm.portal.ui.managecontracts.view.Detail","interaction":{"idSuffix":"BDI-content"}},"wdio_ui5_key":"contractDetailProvideButtonetmportal.ui.managecontracts.view.Detail"}]}
RESULT: {"script":"<script> [1562 bytes]","args":[{"selector":{"id":"contractDetailProvideButton","viewName":"etm.portal.ui.managecontracts.view.Detail","interaction":{"idSuffix":"BDI-content"}},"wdio_ui5_key":"contractDetailProvideButtonetmportal.ui.managecontracts.view.Detail"}]}
RESULT: undefined
COMMAND: POST /session/7ceb9c4207408afb27fb3a73a7391b04/element - {"using":"xpath","value":"//*[@id=\"__xmlview4--contractDetailProvideButton\"]"}
RESULT: {"using":"xpath","value":"//*[@id=\"__xmlview4--contractDetailProvideButton\"]"}
COMMAND: POST /session/7ceb9c4207408afb27fb3a73a7391b04/element/f.0A3556A37C534166386D2A4E113E99D8.d.B4D1386352E3230A4F979939F77CEC82.e.5810/click - {}
RESULT: {}
COMMAND: GET /session/7ceb9c4207408afb27fb3a73a7391b04/screenshot - {}
RESULT: {}
COMMAND: POST /session/7ceb9c4207408afb27fb3a73a7391b04/execute/async - {"script":"<script> [1562 bytes]","args":[{"selector":{"id":"application-managehandovers-display-component---AddNewHO--pickUpCheckbox","interaction":{"idSuffix":"CbBg"}},"wdio_ui5_key":"applicationmanagehandovers-display-component---AddNewHO--pickUpCheckbox"}]}
RESULT: {"script":"<script> [1562 bytes]","args":[{"selector":{"id":"application-managehandovers-display-component---AddNewHO--pickUpCheckbox","interaction":{"idSuffix":"CbBg"}},"wdio_ui5_key":"applicationmanagehandovers-display-component---AddNewHO--pickUpCheckbox"}]}
RESULT: undefined
COMMAND: POST /session/7ceb9c4207408afb27fb3a73a7391b04/element - {"using":"xpath","value":"//*[@id=\"application-managehandovers-display-component---AddNewHO--pickUpCheckbox\"]"}
RESULT: {"using":"xpath","value":"//*[@id=\"application-managehandovers-display-component---AddNewHO--pickUpCheckbox\"]"}
COMMAND: POST /session/7ceb9c4207408afb27fb3a73a7391b04/element/f.0A3556A37C534166386D2A4E113E99D8.d.B4D1386352E3230A4F979939F77CEC82.e.6281/click - {}
RESULT: {}
COMMAND: POST /session/7ceb9c4207408afb27fb3a73a7391b04/execute/async - {"script":"<script> [1562 bytes]","args":[{"selector":{"id":"application-managehandovers-display-component---AddNewHO--ObjectPageLayout-anchBar-application-managehandovers-display-component---AddNewHO--section4-anchor","interaction":{"idSuffix":"content"}},"wdio_ui5_key":"applicationmanagehandovers-display-component---AddNewHO--ObjectPageLayout-anchBar-application-managehandovers-display-component---AddNewHO--section4-anchor"}]}
COMMAND: GET /session/7ceb9c4207408afb27fb3a73a7391b04/screenshot - {}
RESULT: {"script":"<script> [1562 bytes]","args":[{"selector":{"id":"application-managehandovers-display-component---AddNewHO--ObjectPageLayout-anchBar-application-managehandovers-display-component---AddNewHO--section4-anchor","interaction":{"idSuffix":"content"}},"wdio_ui5_key":"applicationmanagehandovers-display-component---AddNewHO--ObjectPageLayout-anchBar-application-managehandovers-display-component---AddNewHO--section4-anchor"}]}
RESULT: undefined
COMMAND: POST /session/7ceb9c4207408afb27fb3a73a7391b04/element - {"using":"xpath","value":"//*[@id=\"application-managehandovers-display-component---AddNewHO--ObjectPageLayout-anchBar-application-managehandovers-display-component---AddNewHO--section4-anchor\"]"}
RESULT: {}
RESULT: {"using":"xpath","value":"//*[@id=\"application-managehandovers-display-component---AddNewHO--ObjectPageLayout-anchBar-application-managehandovers-display-component---AddNewHO--section4-anchor\"]"}
COMMAND: POST /session/7ceb9c4207408afb27fb3a73a7391b04/element/f.0A3556A37C534166386D2A4E113E99D8.d.B4D1386352E3230A4F979939F77CEC82.e.6283/click - {}
RESULT: {}
COMMAND: POST /session/7ceb9c4207408afb27fb3a73a7391b04/execute/async - {"script":"<script> [1562 bytes]","args":[{"selector":{"controlType":"sap.m.Button","viewName":"etm.portal.ui.managehandovers.view.AddNewHO","viewId":"application-managehandovers-display-component---AddNewHO","i18NText":{"propertyName":"tooltip","key":"addItems"},"interaction":{"idSuffix":"inner"}},"wdio_ui5_key":"etmportal.ui.managehandovers.view.AddNewHOsap.m.Button{\"propertyName\":\"tooltip\",\"key\":\"addItems\"}"}]}
COMMAND: GET /session/7ceb9c4207408afb27fb3a73a7391b04/screenshot - {}
RESULT: {"script":"<script> [1562 bytes]","args":[{"selector":{"controlType":"sap.m.Button","viewName":"etm.portal.ui.managehandovers.view.AddNewHO","viewId":"application-managehandovers-display-component---AddNewHO","i18NText":{"propertyName":"tooltip","key":"addItems"},"interaction":{"idSuffix":"inner"}},"wdio_ui5_key":"etmportal.ui.managehandovers.view.AddNewHOsap.m.Button{\"propertyName\":\"tooltip\",\"key\":\"addItems\"}"}]}
RESULT: undefined
COMMAND: POST /session/7ceb9c4207408afb27fb3a73a7391b04/element - {"using":"xpath","value":"//*[@id=\"__button81\"]"}
RESULT: {}
RESULT: {"using":"xpath","value":"//*[@id=\"__button81\"]"}
COMMAND: POST /session/7ceb9c4207408afb27fb3a73a7391b04/element/f.0A3556A37C534166386D2A4E113E99D8.d.B4D1386352E3230A4F979939F77CEC82.e.6287/click - {}
RESULT: {}
COMMAND: POST /session/7ceb9c4207408afb27fb3a73a7391b04/execute/async - {"script":"<script> [1562 bytes]","args":[{"selector":{"id":"application-managehandovers-display-component---AddNewHO--smartTableHOPopup-header","searchOpenDialogs":true},"wdio_ui5_key":"applicationmanagehandovers-display-component---AddNewHO--smartTableHOPopup-header"}]}
COMMAND: GET /session/7ceb9c4207408afb27fb3a73a7391b04/screenshot - {}
RESULT: {"script":"<script> [1562 bytes]","args":[{"selector":{"id":"application-managehandovers-display-component---AddNewHO--smartTableHOPopup-header","searchOpenDialogs":true},"wdio_ui5_key":"applicationmanagehandovers-display-component---AddNewHO--smartTableHOPopup-header"}]}
RESULT: undefined
COMMAND: POST /session/7ceb9c4207408afb27fb3a73a7391b04/execute/async - {"script":"<script> [6424 bytes]","args":[{"element-6066-11e4-a52e-4f735466cecf":"f.0A3556A37C534166386D2A4E113E99D8.d.B4D1386352E3230A4F979939F77CEC82.e.6296"},"getText",[]]}
RESULT: {}
RESULT: {"script":"<script> [6424 bytes]","args":[{"element-6066-11e4-a52e-4f735466cecf":"f.0A3556A37C534166386D2A4E113E99D8.d.B4D1386352E3230A4F979939F77CEC82.e.6296"},"getText",[]]}
COMMAND: POST /session/7ceb9c4207408afb27fb3a73a7391b04/actions - {"actions":[{"id":"action44","type":"key","parameters":{},"actions":[{"type":"keyDown","value":""},{"type":"pause","duration":10},{"type":"keyUp","value":""}]}]}
RESULT: {"actions":[{"id":"action44","type":"key","parameters":{},"actions":[{"type":"keyDown","value":""},{"type":"pause","duration":10},{"type":"keyUp","value":""}]}]}
COMMAND: GET /session/7ceb9c4207408afb27fb3a73a7391b04/screenshot - {}
RESULT: {}
COMMAND: POST /session/7ceb9c4207408afb27fb3a73a7391b04/execute/async - {"script":"<script> [1562 bytes]","args":[{"selector":{"id":"backBtn"},"wdio_ui5_key":"backBtn"}]}
RESULT: {"script":"<script> [1562 bytes]","args":[{"selector":{"id":"backBtn"},"wdio_ui5_key":"backBtn"}]}
RESULT: undefined
COMMAND: POST /session/7ceb9c4207408afb27fb3a73a7391b04/element - {"using":"xpath","value":"//*[@id=\"backBtn\"]"}
RESULT: {"using":"xpath","value":"//*[@id=\"backBtn\"]"}
COMMAND: POST /session/7ceb9c4207408afb27fb3a73a7391b04/element/f.0A3556A37C534166386D2A4E113E99D8.d.B4D1386352E3230A4F979939F77CEC82.e.6298/click - {}
RESULT: {}
COMMAND: GET /session/7ceb9c4207408afb27fb3a73a7391b04/screenshot - {}
COMMAND: POST /session/7ceb9c4207408afb27fb3a73a7391b04/refresh - {}
RESULT: {}
RESULT: {}
COMMAND: GET /session/7ceb9c4207408afb27fb3a73a7391b04/screenshot - {}
RESULT: {}
COMMAND: POST /session/7ceb9c4207408afb27fb3a73a7391b04/execute/async - {"script":"<script> [189 bytes]","args":[]}
RESULT: {"script":"<script> [189 bytes]","args":[]}
COMMAND: POST /session/7ceb9c4207408afb27fb3a73a7391b04/execute/async - {"script":"<script> [123 bytes]","args":[]}
RESULT: {"script":"<script> [123 bytes]","args":[]}
COMMAND: POST /session/7ceb9c4207408afb27fb3a73a7391b04/timeouts - {"script":"<number>"}
RESULT: {"script":"<number>"}
COMMAND: GET /session/7ceb9c4207408afb27fb3a73a7391b04/timeouts - {}
RESULT: {}
RESULT: undefined
COMMAND: POST /session/7ceb9c4207408afb27fb3a73a7391b04/execute/async - {"script":"<script> [2676 bytes]","args":[]}
RESULT: {"script":"<script> [2676 bytes]","args":[]}
COMMAND: POST /session/7ceb9c4207408afb27fb3a73a7391b04/execute/async - {"script":"<script> [2342 bytes]","args":[{"protocol":"http","hostname":"0.0.0.0","path":"/","capabilities":{"browserName":"chrome","goog:chromeOptions":{"binary":"C:\\Program Files\\Google\\Chrome\\Application\\chrome.exe","args":["--start-maximized"]}},"logLevel":"warn","connectionRetryTimeout":120000,"connectionRetryCount":3,"logLevels":{},"enableDirectConnect":true,"strictSSL":true,"_":"65 more keys: [\"cacheDir\",\"port\",\"requestedCapabilities\",\"automationProtocol\",\"baseUrl\",\"waitforInterval\",\"waitforTimeout\",\"onReload\",\"beforeCommand\",\"afterCommand\",\"rootDir\",\"specs\",\"suites\",\"exclude\",\"groupLogsByTestSpec\",\"excludeDriverLogs\",\"bail\",\"framework\",\"reporters\",\"services\",\"maxInstances\",\"maxInstancesPerCapability\",\"injectGlobals\",\"filesToWatch\",\"execArgv\",\"runnerEnv\",\"runner\",\"shard\",\"specFileRetries\",\"specFileRetriesDelay\",\"specFileRetriesDeferred\",\"reporterSyncInterval\",\"reporterSyncTimeout\",\"cucumberFeaturesWithLineNumbers\",\"autoCompileOpts\",\"mochaOpts\",\"jasmineOpts\",\"cucumberOpts\",\"onPrepare\",\"onWorkerStart\",\"onWorkerEnd\",\"before\",\"beforeSession\",\"beforeSuite\",\"beforeHook\",\"beforeTest\",\"afterTest\",\"afterHook\",\"afterSuite\",\"afterSession\",\"after\",\"onComplete\",\"beforeAssertion\",\"afterAssertion\",\"beforeFeature\",\"beforeScenario\",\"beforeStep\",\"afterStep\",\"afterScenario\",\"afterFeature\",\"_\",\"suite\",\"$0\",\"ignoredWorkerServices\",\"wdi5\"]"}]}
RESULT: {"script":"<script> [2342 bytes]","args":[{"protocol":"http","hostname":"0.0.0.0","path":"/","capabilities":{"browserName":"chrome","goog:chromeOptions":{"binary":"C:\\Program Files\\Google\\Chrome\\Application\\chrome.exe","args":["--start-maximized"]}},"logLevel":"warn","connectionRetryTimeout":120000,"connectionRetryCount":3,"logLevels":{},"enableDirectConnect":true,"strictSSL":true,"_":"65 more keys: [\"cacheDir\",\"port\",\"requestedCapabilities\",\"automationProtocol\",\"baseUrl\",\"waitforInterval\",\"waitforTimeout\",\"onReload\",\"beforeCommand\",\"afterCommand\",\"rootDir\",\"specs\",\"suites\",\"exclude\",\"groupLogsByTestSpec\",\"excludeDriverLogs\",\"bail\",\"framework\",\"reporters\",\"services\",\"maxInstances\",\"maxInstancesPerCapability\",\"injectGlobals\",\"filesToWatch\",\"execArgv\",\"runnerEnv\",\"runner\",\"shard\",\"specFileRetries\",\"specFileRetriesDelay\",\"specFileRetriesDeferred\",\"reporterSyncInterval\",\"reporterSyncTimeout\",\"cucumberFeaturesWithLineNumbers\",\"autoCompileOpts\",\"mochaOpts\",\"jasmineOpts\",\"cucumberOpts\",\"onPrepare\",\"onWorkerStart\",\"onWorkerEnd\",\"before\",\"beforeSession\",\"beforeSuite\",\"beforeHook\",\"beforeTest\",\"afterTest\",\"afterHook\",\"afterSuite\",\"afterSession\",\"after\",\"onComplete\",\"beforeAssertion\",\"afterAssertion\",\"beforeFeature\",\"beforeScenario\",\"beforeStep\",\"afterStep\",\"afterScenario\",\"afterFeature\",\"_\",\"suite\",\"$0\",\"ignoredWorkerServices\",\"wdi5\"]"}]}
COMMAND: POST /session/7ceb9c4207408afb27fb3a73a7391b04/execute/async - {"script":"<script> [21126 bytes]","args":[35000]}
RESULT: {"script":"<script> [21126 bytes]","args":[35000]}
COMMAND: POST /session/7ceb9c4207408afb27fb3a73a7391b04/element - {"using":"xpath","value":"//div[contains(@id ,\"headerBillingItemsTabFilter-text\")]"}
RESULT: {"using":"xpath","value":"//div[contains(@id ,\"headerBillingItemsTabFilter-text\")]"}
COMMAND: POST /session/7ceb9c4207408afb27fb3a73a7391b04/element/f.0A3556A37C534166386D2A4E113E99D8.d.FB072B59D2C7122A96D7A652A76DCB32.e.6533/click - {}
RESULT: {}
COMMAND: GET /session/7ceb9c4207408afb27fb3a73a7391b04/screenshot - {}
RESULT: {}
COMMAND: POST /session/7ceb9c4207408afb27fb3a73a7391b04/execute/async - {"script":"<script> [1562 bytes]","args":[{"selector":{"id":"revertPlanningBtn","viewName":"etm.portal.ui.managecontracts.view.Detail","interaction":{"idSuffix":"BDI-content"}},"wdio_ui5_key":"revertPlanningBtnetmportal.ui.managecontracts.view.Detail"}]}
RESULT: {"script":"<script> [1562 bytes]","args":[{"selector":{"id":"revertPlanningBtn","viewName":"etm.portal.ui.managecontracts.view.Detail","interaction":{"idSuffix":"BDI-content"}},"wdio_ui5_key":"revertPlanningBtnetmportal.ui.managecontracts.view.Detail"}]}
RESULT: undefined
COMMAND: POST /session/7ceb9c4207408afb27fb3a73a7391b04/element - {"using":"xpath","value":"//*[@id=\"__xmlview1--revertPlanningBtn\"]"}
RESULT: {"using":"xpath","value":"//*[@id=\"__xmlview1--revertPlanningBtn\"]"}
COMMAND: POST /session/7ceb9c4207408afb27fb3a73a7391b04/element/f.0A3556A37C534166386D2A4E113E99D8.d.FB072B59D2C7122A96D7A652A76DCB32.e.6501/click - {}
RESULT: {}
COMMAND: GET /session/7ceb9c4207408afb27fb3a73a7391b04/screenshot - {}
RESULT: {}
COMMAND: POST /session/7ceb9c4207408afb27fb3a73a7391b04/actions - {"actions":[{"id":"action45","type":"key","parameters":{},"actions":[{"type":"keyDown","value":""},{"type":"pause","duration":10},{"type":"keyUp","value":""}]}]}
RESULT: {"actions":[{"id":"action45","type":"key","parameters":{},"actions":[{"type":"keyDown","value":""},{"type":"pause","duration":10},{"type":"keyUp","value":""}]}]}
COMMAND: GET /session/7ceb9c4207408afb27fb3a73a7391b04/screenshot - {}
RESULT: {}
COMMAND: POST /session/7ceb9c4207408afb27fb3a73a7391b04/element - {"using":"xpath","value":"//div[contains(@id ,\"ProductsTable-sa-CbBg\")]"}
RESULT: {"using":"xpath","value":"//div[contains(@id ,\"ProductsTable-sa-CbBg\")]"}
COMMAND: POST /session/7ceb9c4207408afb27fb3a73a7391b04/element/f.0A3556A37C534166386D2A4E113E99D8.d.FB072B59D2C7122A96D7A652A76DCB32.e.6643/click - {}
RESULT: {}
COMMAND: GET /session/7ceb9c4207408afb27fb3a73a7391b04/screenshot - {}
RESULT: {}
COMMAND: POST /session/7ceb9c4207408afb27fb3a73a7391b04/execute/async - {"script":"<script> [1562 bytes]","args":[{"selector":{"id":"executeRevertPlanningBtn","viewName":"etm.portal.ui.managecontracts.view.Detail","interaction":{"idSuffix":"BDI-content"}},"wdio_ui5_key":"executeRevertPlanningBtnetmportal.ui.managecontracts.view.Detail"}]}
RESULT: {"script":"<script> [1562 bytes]","args":[{"selector":{"id":"executeRevertPlanningBtn","viewName":"etm.portal.ui.managecontracts.view.Detail","interaction":{"idSuffix":"BDI-content"}},"wdio_ui5_key":"executeRevertPlanningBtnetmportal.ui.managecontracts.view.Detail"}]}
RESULT: undefined
COMMAND: POST /session/7ceb9c4207408afb27fb3a73a7391b04/element - {"using":"xpath","value":"//*[@id=\"__xmlview1--executeRevertPlanningBtn\"]"}
RESULT: {"using":"xpath","value":"//*[@id=\"__xmlview1--executeRevertPlanningBtn\"]"}
COMMAND: POST /session/7ceb9c4207408afb27fb3a73a7391b04/element/f.0A3556A37C534166386D2A4E113E99D8.d.FB072B59D2C7122A96D7A652A76DCB32.e.6642/click - {}
RESULT: {}
COMMAND: GET /session/7ceb9c4207408afb27fb3a73a7391b04/screenshot - {}
RESULT: {}
COMMAND: POST /session/7ceb9c4207408afb27fb3a73a7391b04/actions - {"actions":[{"id":"action46","type":"key","parameters":{},"actions":[{"type":"keyDown","value":""},{"type":"pause","duration":10},{"type":"keyUp","value":""}]}]}
RESULT: {"actions":[{"id":"action46","type":"key","parameters":{},"actions":[{"type":"keyDown","value":""},{"type":"pause","duration":10},{"type":"keyUp","value":""}]}]}
COMMAND: POST /session/7ceb9c4207408afb27fb3a73a7391b04/execute/async - {"script":"<script> [1562 bytes]","args":[{"selector":{"id":"backBtn"},"wdio_ui5_key":"backBtn"}]}
COMMAND: GET /session/7ceb9c4207408afb27fb3a73a7391b04/screenshot - {}
RESULT: {"script":"<script> [1562 bytes]","args":[{"selector":{"id":"backBtn"},"wdio_ui5_key":"backBtn"}]}
RESULT: undefined
COMMAND: POST /session/7ceb9c4207408afb27fb3a73a7391b04/element - {"using":"xpath","value":"//*[@id=\"backBtn\"]"}
RESULT: {}
RESULT: {"using":"xpath","value":"//*[@id=\"backBtn\"]"}
COMMAND: POST /session/7ceb9c4207408afb27fb3a73a7391b04/element/f.0A3556A37C534166386D2A4E113E99D8.d.FB072B59D2C7122A96D7A652A76DCB32.e.6655/click - {}
RESULT: {}
COMMAND: GET /session/7ceb9c4207408afb27fb3a73a7391b04/screenshot - {}
COMMAND: POST /session/7ceb9c4207408afb27fb3a73a7391b04/refresh - {}
RESULT: {}
RESULT: {}
COMMAND: GET /session/7ceb9c4207408afb27fb3a73a7391b04/screenshot - {}
RESULT: {}
COMMAND: POST /session/7ceb9c4207408afb27fb3a73a7391b04/execute/async - {"script":"<script> [189 bytes]","args":[]}
RESULT: {"script":"<script> [189 bytes]","args":[]}
COMMAND: POST /session/7ceb9c4207408afb27fb3a73a7391b04/execute/async - {"script":"<script> [123 bytes]","args":[]}
RESULT: {"script":"<script> [123 bytes]","args":[]}
COMMAND: POST /session/7ceb9c4207408afb27fb3a73a7391b04/timeouts - {"script":"<number>"}
RESULT: {"script":"<number>"}
COMMAND: GET /session/7ceb9c4207408afb27fb3a73a7391b04/timeouts - {}
RESULT: {}
RESULT: undefined
COMMAND: POST /session/7ceb9c4207408afb27fb3a73a7391b04/execute/async - {"script":"<script> [2676 bytes]","args":[]}
RESULT: {"script":"<script> [2676 bytes]","args":[]}
COMMAND: POST /session/7ceb9c4207408afb27fb3a73a7391b04/execute/async - {"script":"<script> [2342 bytes]","args":[{"protocol":"http","hostname":"0.0.0.0","path":"/","capabilities":{"browserName":"chrome","goog:chromeOptions":{"binary":"C:\\Program Files\\Google\\Chrome\\Application\\chrome.exe","args":["--start-maximized"]}},"logLevel":"warn","connectionRetryTimeout":120000,"connectionRetryCount":3,"logLevels":{},"enableDirectConnect":true,"strictSSL":true,"_":"65 more keys: [\"cacheDir\",\"port\",\"requestedCapabilities\",\"automationProtocol\",\"baseUrl\",\"waitforInterval\",\"waitforTimeout\",\"onReload\",\"beforeCommand\",\"afterCommand\",\"rootDir\",\"specs\",\"suites\",\"exclude\",\"groupLogsByTestSpec\",\"excludeDriverLogs\",\"bail\",\"framework\",\"reporters\",\"services\",\"maxInstances\",\"maxInstancesPerCapability\",\"injectGlobals\",\"filesToWatch\",\"execArgv\",\"runnerEnv\",\"runner\",\"shard\",\"specFileRetries\",\"specFileRetriesDelay\",\"specFileRetriesDeferred\",\"reporterSyncInterval\",\"reporterSyncTimeout\",\"cucumberFeaturesWithLineNumbers\",\"autoCompileOpts\",\"mochaOpts\",\"jasmineOpts\",\"cucumberOpts\",\"onPrepare\",\"onWorkerStart\",\"onWorkerEnd\",\"before\",\"beforeSession\",\"beforeSuite\",\"beforeHook\",\"beforeTest\",\"afterTest\",\"afterHook\",\"afterSuite\",\"afterSession\",\"after\",\"onComplete\",\"beforeAssertion\",\"afterAssertion\",\"beforeFeature\",\"beforeScenario\",\"beforeStep\",\"afterStep\",\"afterScenario\",\"afterFeature\",\"_\",\"suite\",\"$0\",\"ignoredWorkerServices\",\"wdi5\"]"}]}
RESULT: {"script":"<script> [2342 bytes]","args":[{"protocol":"http","hostname":"0.0.0.0","path":"/","capabilities":{"browserName":"chrome","goog:chromeOptions":{"binary":"C:\\Program Files\\Google\\Chrome\\Application\\chrome.exe","args":["--start-maximized"]}},"logLevel":"warn","connectionRetryTimeout":120000,"connectionRetryCount":3,"logLevels":{},"enableDirectConnect":true,"strictSSL":true,"_":"65 more keys: [\"cacheDir\",\"port\",\"requestedCapabilities\",\"automationProtocol\",\"baseUrl\",\"waitforInterval\",\"waitforTimeout\",\"onReload\",\"beforeCommand\",\"afterCommand\",\"rootDir\",\"specs\",\"suites\",\"exclude\",\"groupLogsByTestSpec\",\"excludeDriverLogs\",\"bail\",\"framework\",\"reporters\",\"services\",\"maxInstances\",\"maxInstancesPerCapability\",\"injectGlobals\",\"filesToWatch\",\"execArgv\",\"runnerEnv\",\"runner\",\"shard\",\"specFileRetries\",\"specFileRetriesDelay\",\"specFileRetriesDeferred\",\"reporterSyncInterval\",\"reporterSyncTimeout\",\"cucumberFeaturesWithLineNumbers\",\"autoCompileOpts\",\"mochaOpts\",\"jasmineOpts\",\"cucumberOpts\",\"onPrepare\",\"onWorkerStart\",\"onWorkerEnd\",\"before\",\"beforeSession\",\"beforeSuite\",\"beforeHook\",\"beforeTest\",\"afterTest\",\"afterHook\",\"afterSuite\",\"afterSession\",\"after\",\"onComplete\",\"beforeAssertion\",\"afterAssertion\",\"beforeFeature\",\"beforeScenario\",\"beforeStep\",\"afterStep\",\"afterScenario\",\"afterFeature\",\"_\",\"suite\",\"$0\",\"ignoredWorkerServices\",\"wdi5\"]"}]}
COMMAND: POST /session/7ceb9c4207408afb27fb3a73a7391b04/execute/async - {"script":"<script> [21126 bytes]","args":[35000]}
RESULT: {"script":"<script> [21126 bytes]","args":[35000]}
COMMAND: POST /session/7ceb9c4207408afb27fb3a73a7391b04/execute/async - {"script":"<script> [1562 bytes]","args":[{"selector":{"controlType":"sap.m.ObjectStatus","viewName":"etm.portal.ui.managerequests.view.Detail","bindingPath":{"path":"/RequestHeaders('20113')","propertyPath":"LINK_TO_STATUS/DESCRIPTION","modelName":"catalogModel"}},"wdio_ui5_key":"etmportal.ui.managerequests.view.Detailsap.m.ObjectStatus{\"path\":\"/RequestHeaders('20113')\",\"propertyPath\":\"LINK_TO_STATUS/DESCRIPTION\",\"modelName\":\"catalogModel\"}"}]}
RESULT: {"script":"<script> [1562 bytes]","args":[{"selector":{"controlType":"sap.m.ObjectStatus","viewName":"etm.portal.ui.managerequests.view.Detail","bindingPath":{"path":"/RequestHeaders('20113')","propertyPath":"LINK_TO_STATUS/DESCRIPTION","modelName":"catalogModel"}},"wdio_ui5_key":"etmportal.ui.managerequests.view.Detailsap.m.ObjectStatus{\"path\":\"/RequestHeaders('20113')\",\"propertyPath\":\"LINK_TO_STATUS/DESCRIPTION\",\"modelName\":\"catalogModel\"}"}]}
RESULT: undefined
COMMAND: POST /session/7ceb9c4207408afb27fb3a73a7391b04/execute/async - {"script":"<script> [6424 bytes]","args":[{"element-6066-11e4-a52e-4f735466cecf":"f.0A3556A37C534166386D2A4E113E99D8.d.0A21E9D8B0D84941F9C761551FF0F3F6.e.7030"},"getText",[]]}
RESULT: {"script":"<script> [6424 bytes]","args":[{"element-6066-11e4-a52e-4f735466cecf":"f.0A3556A37C534166386D2A4E113E99D8.d.0A21E9D8B0D84941F9C761551FF0F3F6.e.7030"},"getText",[]]}
COMMAND: POST /session/7ceb9c4207408afb27fb3a73a7391b04/execute/async - {"script":"<script> [1562 bytes]","args":[{"selector":{"controlType":"sap.m.Button","viewName":"etm.portal.ui.managerequests.view.Detail","bindingPath":{"path":"/SmartRequestItemsPlanningBoard(ITEM=10m,REQUEST='20113')","propertyPath":"PICK_UP"}},"wdio_ui5_key":"etmportal.ui.managerequests.view.Detailsap.m.Button{\"path\":\"/SmartRequestItemsPlanningBoard(ITEM=10m,REQUEST='20113')\",\"propertyPath\":\"PICK_UP\"}"}]}
RESULT: {"script":"<script> [1562 bytes]","args":[{"selector":{"controlType":"sap.m.Button","viewName":"etm.portal.ui.managerequests.view.Detail","bindingPath":{"path":"/SmartRequestItemsPlanningBoard(ITEM=10m,REQUEST='20113')","propertyPath":"PICK_UP"}},"wdio_ui5_key":"etmportal.ui.managerequests.view.Detailsap.m.Button{\"path\":\"/SmartRequestItemsPlanningBoard(ITEM=10m,REQUEST='20113')\",\"propertyPath\":\"PICK_UP\"}"}]}
RESULT: undefined
COMMAND: POST /session/7ceb9c4207408afb27fb3a73a7391b04/execute/async - {"script":"<script> [6424 bytes]","args":[{"element-6066-11e4-a52e-4f735466cecf":"f.0A3556A37C534166386D2A4E113E99D8.d.0A21E9D8B0D84941F9C761551FF0F3F6.e.7031"},"getType",[]]}
RESULT: {"script":"<script> [6424 bytes]","args":[{"element-6066-11e4-a52e-4f735466cecf":"f.0A3556A37C534166386D2A4E113E99D8.d.0A21E9D8B0D84941F9C761551FF0F3F6.e.7031"},"getType",[]]}
COMMAND: POST /session/7ceb9c4207408afb27fb3a73a7391b04/execute/async - {"script":"<script> [1562 bytes]","args":[{"selector":{"controlType":"sap.m.Button","viewName":"etm.portal.ui.managerequests.view.Detail","bindingPath":{"path":"/SmartRequestItemsPlanningBoard(ITEM=20m,REQUEST='20113')","propertyPath":"PICK_UP"}},"wdio_ui5_key":"etmportal.ui.managerequests.view.Detailsap.m.Button{\"path\":\"/SmartRequestItemsPlanningBoard(ITEM=20m,REQUEST='20113')\",\"propertyPath\":\"PICK_UP\"}"}]}
RESULT: {"script":"<script> [1562 bytes]","args":[{"selector":{"controlType":"sap.m.Button","viewName":"etm.portal.ui.managerequests.view.Detail","bindingPath":{"path":"/SmartRequestItemsPlanningBoard(ITEM=20m,REQUEST='20113')","propertyPath":"PICK_UP"}},"wdio_ui5_key":"etmportal.ui.managerequests.view.Detailsap.m.Button{\"path\":\"/SmartRequestItemsPlanningBoard(ITEM=20m,REQUEST='20113')\",\"propertyPath\":\"PICK_UP\"}"}]}
RESULT: undefined
COMMAND: POST /session/7ceb9c4207408afb27fb3a73a7391b04/execute/async - {"script":"<script> [6424 bytes]","args":[{"element-6066-11e4-a52e-4f735466cecf":"f.0A3556A37C534166386D2A4E113E99D8.d.0A21E9D8B0D84941F9C761551FF0F3F6.e.7032"},"getType",[]]}
RESULT: {"script":"<script> [6424 bytes]","args":[{"element-6066-11e4-a52e-4f735466cecf":"f.0A3556A37C534166386D2A4E113E99D8.d.0A21E9D8B0D84941F9C761551FF0F3F6.e.7032"},"getType",[]]}
COMMAND: POST /session/7ceb9c4207408afb27fb3a73a7391b04/element - {"using":"css selector","value":"#shell-header-logo"}
RESULT: {"using":"css selector","value":"#shell-header-logo"}
COMMAND: POST /session/7ceb9c4207408afb27fb3a73a7391b04/element/f.0A3556A37C534166386D2A4E113E99D8.d.0A21E9D8B0D84941F9C761551FF0F3F6.e.6836/click - {}
RESULT: {}
COMMAND: GET /session/7ceb9c4207408afb27fb3a73a7391b04/screenshot - {}
RESULT: {}
COMMAND: POST /session/7ceb9c4207408afb27fb3a73a7391b04/execute/async - {"script":"<script> [1562 bytes]","args":[{"selector":{"controlType":"sap.m.GenericTile","properties":{"header":"Manage Classifications"}},"wdio_ui5_key":"sapm.GenericTile{\"header\":\"Manage Classifications\"}"}]}
RESULT: {"script":"<script> [1562 bytes]","args":[{"selector":{"controlType":"sap.m.GenericTile","properties":{"header":"Manage Classifications"}},"wdio_ui5_key":"sapm.GenericTile{\"header\":\"Manage Classifications\"}"}]}
RESULT: undefined
COMMAND: POST /session/7ceb9c4207408afb27fb3a73a7391b04/element - {"using":"xpath","value":"//*[@id=\"__tile115\"]"}
RESULT: {"using":"xpath","value":"//*[@id=\"__tile115\"]"}
COMMAND: POST /session/7ceb9c4207408afb27fb3a73a7391b04/element/f.0A3556A37C534166386D2A4E113E99D8.d.0A21E9D8B0D84941F9C761551FF0F3F6.e.7050/click - {}
RESULT: {}
COMMAND: GET /session/7ceb9c4207408afb27fb3a73a7391b04/screenshot - {}
RESULT: {}
COMMAND: POST /session/7ceb9c4207408afb27fb3a73a7391b04/elements - {"using":"xpath","value":"//span[text()='Error']"}
RESULT: {"using":"xpath","value":"//span[text()='Error']"}
]]></system-out>
    </testcase>
  </testsuite>
  <testsuite timestamp="2025-05-26T16:00:27" time="450.622" tests="4" failures="0" errors="0" skipped="0">
    <properties>
      <property name="specId" value="0"/>
      <property name="suiteName" value="Manage requests - requests specifications US141095"/>
      <property name="capabilities" value="chrome.136_0_7103_93.windows"/>
      <property name="file" value="file:///D:/a/1/s/test/specs/R2C/manage-requests-request-specifications.spec.js"/>
    </properties>
    <testcase classname="chrome.136_0_7103_93.windows.Manage_requests_-_requests_specifications_US141095" name="Should create a new classification of type request item" time="43.219">
      <system-out><![CDATA[
COMMAND: POST /session/7ceb9c4207408afb27fb3a73a7391b04/execute/async - {"script":"<script> [1562 bytes]","args":[{"selector":{"controlType":"sap.ui.core.Icon","viewName":"etm.portal.ui.manageclassifications.view.Master","viewId":"application-manageclassifications-display-component---classificationMaster","properties":{"src":{"regex":{"source":"add"}}}},"wdio_ui5_key":"etmportal.ui.manageclassifications.view.Mastersap.ui.core.Icon{\"src\":{\"regex\":{\"source\":\"add\"}}}"}]}
RESULT: {"script":"<script> [1562 bytes]","args":[{"selector":{"controlType":"sap.ui.core.Icon","viewName":"etm.portal.ui.manageclassifications.view.Master","viewId":"application-manageclassifications-display-component---classificationMaster","properties":{"src":{"regex":{"source":"add"}}}},"wdio_ui5_key":"etmportal.ui.manageclassifications.view.Mastersap.ui.core.Icon{\"src\":{\"regex\":{\"source\":\"add\"}}}"}]}
RESULT: undefined
COMMAND: POST /session/7ceb9c4207408afb27fb3a73a7391b04/element - {"using":"xpath","value":"//*[@id=\"__button27-img\"]"}
RESULT: {"using":"xpath","value":"//*[@id=\"__button27-img\"]"}
COMMAND: POST /session/7ceb9c4207408afb27fb3a73a7391b04/element/f.0A3556A37C534166386D2A4E113E99D8.d.0A21E9D8B0D84941F9C761551FF0F3F6.e.7088/click - {}
RESULT: {}
COMMAND: POST /session/7ceb9c4207408afb27fb3a73a7391b04/execute/async - {"script":"<script> [1562 bytes]","args":[{"selector":{"id":"application-manageclassifications-display-component---classificationCreate--classHeaderName","interaction":{"idSuffix":"inner"}},"wdio_ui5_key":"applicationmanageclassifications-display-component---classificationCreate--classHeaderName"}]}
COMMAND: GET /session/7ceb9c4207408afb27fb3a73a7391b04/screenshot - {}
RESULT: {"script":"<script> [1562 bytes]","args":[{"selector":{"id":"application-manageclassifications-display-component---classificationCreate--classHeaderName","interaction":{"idSuffix":"inner"}},"wdio_ui5_key":"applicationmanageclassifications-display-component---classificationCreate--classHeaderName"}]}
RESULT: undefined
COMMAND: POST /session/7ceb9c4207408afb27fb3a73a7391b04/execute/async - {"script":"<script> [776 bytes]","args":[{"enterText":"WebdriverItemClass1rhll","selector":{"id":"application-manageclassifications-display-component---classificationCreate--classHeaderName","interaction":{"idSuffix":"inner"}},"clearTextFirst":true,"interactionType":"ENTER_TEXT"}]}
RESULT: {}
RESULT: {"script":"<script> [776 bytes]","args":[{"enterText":"WebdriverItemClass1rhll","selector":{"id":"application-manageclassifications-display-component---classificationCreate--classHeaderName","interaction":{"idSuffix":"inner"}},"clearTextFirst":true,"interactionType":"ENTER_TEXT"}]}
COMMAND: POST /session/7ceb9c4207408afb27fb3a73a7391b04/execute/async - {"script":"<script> [1562 bytes]","args":[{"selector":{"controlType":"sap.ui.core.Icon","viewName":"etm.portal.ui.manageclassifications.view.Create","viewId":"application-manageclassifications-display-component---classificationCreate","properties":{"src":{"regex":{"source":"slim\\-arrow\\-down"}}}},"wdio_ui5_key":"etmportal.ui.manageclassifications.view.Createsap.ui.core.Icon{\"src\":{\"regex\":{\"source\":\"slim\\\\-arrow\\\\-down\"}}}"}]}
RESULT: {"script":"<script> [1562 bytes]","args":[{"selector":{"controlType":"sap.ui.core.Icon","viewName":"etm.portal.ui.manageclassifications.view.Create","viewId":"application-manageclassifications-display-component---classificationCreate","properties":{"src":{"regex":{"source":"slim\\-arrow\\-down"}}}},"wdio_ui5_key":"etmportal.ui.manageclassifications.view.Createsap.ui.core.Icon{\"src\":{\"regex\":{\"source\":\"slim\\\\-arrow\\\\-down\"}}}"}]}
RESULT: undefined
COMMAND: POST /session/7ceb9c4207408afb27fb3a73a7391b04/element - {"using":"xpath","value":"//*[@id=\"__box12-arrow\"]"}
RESULT: {"using":"xpath","value":"//*[@id=\"__box12-arrow\"]"}
COMMAND: POST /session/7ceb9c4207408afb27fb3a73a7391b04/element/f.0A3556A37C534166386D2A4E113E99D8.d.0A21E9D8B0D84941F9C761551FF0F3F6.e.7519/click - {}
RESULT: {}
COMMAND: POST /session/7ceb9c4207408afb27fb3a73a7391b04/execute/async - {"script":"<script> [1562 bytes]","args":[{"selector":{"controlType":"sap.m.StandardListItem","viewName":"etm.portal.ui.manageclassifications.view.Create","viewId":"application-manageclassifications-display-component---classificationCreate","properties":{"title":"Request Item Specifications"},"searchOpenDialogs":true,"interaction":{"idSuffix":"titleText"}},"wdio_ui5_key":"etmportal.ui.manageclassifications.view.Createsap.m.StandardListItem{\"title\":\"Request Item Specifications\"}"}]}
COMMAND: GET /session/7ceb9c4207408afb27fb3a73a7391b04/screenshot - {}
RESULT: {"script":"<script> [1562 bytes]","args":[{"selector":{"controlType":"sap.m.StandardListItem","viewName":"etm.portal.ui.manageclassifications.view.Create","viewId":"application-manageclassifications-display-component---classificationCreate","properties":{"title":"Request Item Specifications"},"searchOpenDialogs":true,"interaction":{"idSuffix":"titleText"}},"wdio_ui5_key":"etmportal.ui.manageclassifications.view.Createsap.m.StandardListItem{\"title\":\"Request Item Specifications\"}"}]}
RESULT: undefined
COMMAND: POST /session/7ceb9c4207408afb27fb3a73a7391b04/element - {"using":"xpath","value":"//*[@id=\"__item85\"]"}
RESULT: {}
RESULT: {"using":"xpath","value":"//*[@id=\"__item85\"]"}
COMMAND: POST /session/7ceb9c4207408afb27fb3a73a7391b04/element/f.0A3556A37C534166386D2A4E113E99D8.d.0A21E9D8B0D84941F9C761551FF0F3F6.e.7562/click - {}
RESULT: {}
COMMAND: POST /session/7ceb9c4207408afb27fb3a73a7391b04/execute/async - {"script":"<script> [1562 bytes]","args":[{"selector":{"controlType":"sap.ui.core.Icon","viewName":"etm.portal.ui.manageclassifications.view.Create","viewId":"application-manageclassifications-display-component---classificationCreate","properties":{"src":{"regex":{"source":"add"}}}},"wdio_ui5_key":"etmportal.ui.manageclassifications.view.Createsap.ui.core.Icon{\"src\":{\"regex\":{\"source\":\"add\"}}}"}]}
COMMAND: GET /session/7ceb9c4207408afb27fb3a73a7391b04/screenshot - {}
RESULT: {"script":"<script> [1562 bytes]","args":[{"selector":{"controlType":"sap.ui.core.Icon","viewName":"etm.portal.ui.manageclassifications.view.Create","viewId":"application-manageclassifications-display-component---classificationCreate","properties":{"src":{"regex":{"source":"add"}}}},"wdio_ui5_key":"etmportal.ui.manageclassifications.view.Createsap.ui.core.Icon{\"src\":{\"regex\":{\"source\":\"add\"}}}"}]}
RESULT: undefined
COMMAND: POST /session/7ceb9c4207408afb27fb3a73a7391b04/element - {"using":"xpath","value":"//*[@id=\"__button32-img\"]"}
RESULT: {}
RESULT: {"using":"xpath","value":"//*[@id=\"__button32-img\"]"}
COMMAND: POST /session/7ceb9c4207408afb27fb3a73a7391b04/element/f.0A3556A37C534166386D2A4E113E99D8.d.0A21E9D8B0D84941F9C761551FF0F3F6.e.7522/click - {}
RESULT: {}
COMMAND: POST /session/7ceb9c4207408afb27fb3a73a7391b04/execute/async - {"script":"<script> [1562 bytes]","args":[{"selector":{"controlType":"sap.m.Input","viewName":"etm.portal.ui.manageclassifications.view.Create","viewId":"application-manageclassifications-display-component---classificationCreate","bindingPath":{"path":"/0","propertyPath":"PROPERTY","modelName":"newConfigModel"},"interaction":{"idSuffix":"inner"}},"wdio_ui5_key":"etmportal.ui.manageclassifications.view.Createsap.m.Input{\"path\":\"/0\",\"propertyPath\":\"PROPERTY\",\"modelName\":\"newConfigModel\"}"}]}
COMMAND: GET /session/7ceb9c4207408afb27fb3a73a7391b04/screenshot - {}
RESULT: {"script":"<script> [1562 bytes]","args":[{"selector":{"controlType":"sap.m.Input","viewName":"etm.portal.ui.manageclassifications.view.Create","viewId":"application-manageclassifications-display-component---classificationCreate","bindingPath":{"path":"/0","propertyPath":"PROPERTY","modelName":"newConfigModel"},"interaction":{"idSuffix":"inner"}},"wdio_ui5_key":"etmportal.ui.manageclassifications.view.Createsap.m.Input{\"path\":\"/0\",\"propertyPath\":\"PROPERTY\",\"modelName\":\"newConfigModel\"}"}]}
RESULT: undefined
COMMAND: POST /session/7ceb9c4207408afb27fb3a73a7391b04/execute/async - {"script":"<script> [776 bytes]","args":[{"enterText":"Color","selector":{"controlType":"sap.m.Input","viewName":"etm.portal.ui.manageclassifications.view.Create","viewId":"application-manageclassifications-display-component---classificationCreate","bindingPath":{"path":"/0","propertyPath":"PROPERTY","modelName":"newConfigModel"},"interaction":{"idSuffix":"inner"}},"clearTextFirst":true,"interactionType":"ENTER_TEXT"}]}
RESULT: {}
RESULT: {"script":"<script> [776 bytes]","args":[{"enterText":"Color","selector":{"controlType":"sap.m.Input","viewName":"etm.portal.ui.manageclassifications.view.Create","viewId":"application-manageclassifications-display-component---classificationCreate","bindingPath":{"path":"/0","propertyPath":"PROPERTY","modelName":"newConfigModel"},"interaction":{"idSuffix":"inner"}},"clearTextFirst":true,"interactionType":"ENTER_TEXT"}]}
COMMAND: POST /session/7ceb9c4207408afb27fb3a73a7391b04/execute/async - {"script":"<script> [1562 bytes]","args":[{"selector":{"controlType":"sap.m.Input","viewName":"etm.portal.ui.manageclassifications.view.Create","viewId":"application-manageclassifications-display-component---classificationCreate","bindingPath":{"path":"/0","propertyPath":"DESCRIPTION","modelName":"newConfigModel"},"interaction":{"idSuffix":"inner"}},"wdio_ui5_key":"etmportal.ui.manageclassifications.view.Createsap.m.Input{\"path\":\"/0\",\"propertyPath\":\"DESCRIPTION\",\"modelName\":\"newConfigModel\"}"}]}
RESULT: {"script":"<script> [1562 bytes]","args":[{"selector":{"controlType":"sap.m.Input","viewName":"etm.portal.ui.manageclassifications.view.Create","viewId":"application-manageclassifications-display-component---classificationCreate","bindingPath":{"path":"/0","propertyPath":"DESCRIPTION","modelName":"newConfigModel"},"interaction":{"idSuffix":"inner"}},"wdio_ui5_key":"etmportal.ui.manageclassifications.view.Createsap.m.Input{\"path\":\"/0\",\"propertyPath\":\"DESCRIPTION\",\"modelName\":\"newConfigModel\"}"}]}
RESULT: undefined
COMMAND: POST /session/7ceb9c4207408afb27fb3a73a7391b04/execute/async - {"script":"<script> [776 bytes]","args":[{"enterText":"Color","selector":{"controlType":"sap.m.Input","viewName":"etm.portal.ui.manageclassifications.view.Create","viewId":"application-manageclassifications-display-component---classificationCreate","bindingPath":{"path":"/0","propertyPath":"DESCRIPTION","modelName":"newConfigModel"},"interaction":{"idSuffix":"inner"}},"clearTextFirst":true,"interactionType":"ENTER_TEXT"}]}
RESULT: {"script":"<script> [776 bytes]","args":[{"enterText":"Color","selector":{"controlType":"sap.m.Input","viewName":"etm.portal.ui.manageclassifications.view.Create","viewId":"application-manageclassifications-display-component---classificationCreate","bindingPath":{"path":"/0","propertyPath":"DESCRIPTION","modelName":"newConfigModel"},"interaction":{"idSuffix":"inner"}},"clearTextFirst":true,"interactionType":"ENTER_TEXT"}]}
COMMAND: POST /session/7ceb9c4207408afb27fb3a73a7391b04/execute/async - {"script":"<script> [1562 bytes]","args":[{"selector":{"controlType":"sap.ui.core.Icon","viewName":"etm.portal.ui.manageclassifications.view.Create","viewId":"application-manageclassifications-display-component---classificationCreate","properties":{"src":{"regex":{"source":"slim\\-arrow\\-down"}}},"ancestor":{"controlType":"sap.m.ComboBox","viewName":"etm.portal.ui.manageclassifications.view.Create","viewId":"application-manageclassifications-display-component---classificationCreate","bindingPath":{"path":"/0","propertyPath":"VALUE_TYPE","modelName":"newConfigModel"}}},"wdio_ui5_key":"etmportal.ui.manageclassifications.view.Createsap.ui.core.Icon{\"src\":{\"regex\":{\"source\":\"slim\\\\-arrow\\\\-down\"}}}{\"controlType\":\"sap.m.ComboBox\",\"viewName\":\"etm.portal.ui.manageclassifications.view.Create\",\"viewId\":\"application-manageclassifications-display-component---classificationCreate\",\"bindingPath\":{\"path\":\"/0\",\"propertyPath\":\"VALUE_TYPE\",\"modelName\":\"newConfigModel\"}}"}]}
RESULT: {"script":"<script> [1562 bytes]","args":[{"selector":{"controlType":"sap.ui.core.Icon","viewName":"etm.portal.ui.manageclassifications.view.Create","viewId":"application-manageclassifications-display-component---classificationCreate","properties":{"src":{"regex":{"source":"slim\\-arrow\\-down"}}},"ancestor":{"controlType":"sap.m.ComboBox","viewName":"etm.portal.ui.manageclassifications.view.Create","viewId":"application-manageclassifications-display-component---classificationCreate","bindingPath":{"path":"/0","propertyPath":"VALUE_TYPE","modelName":"newConfigModel"}}},"wdio_ui5_key":"etmportal.ui.manageclassifications.view.Createsap.ui.core.Icon{\"src\":{\"regex\":{\"source\":\"slim\\\\-arrow\\\\-down\"}}}{\"controlType\":\"sap.m.ComboBox\",\"viewName\":\"etm.portal.ui.manageclassifications.view.Create\",\"viewId\":\"application-manageclassifications-display-component---classificationCreate\",\"bindingPath\":{\"path\":\"/0\",\"propertyPath\":\"VALUE_TYPE\",\"modelName\":\"newConfigModel\"}}"}]}
RESULT: undefined
COMMAND: POST /session/7ceb9c4207408afb27fb3a73a7391b04/element - {"using":"xpath","value":"//*[@id=\"__box13-application-manageclassifications-display-component---classificationCreate--configurationList-0-arrow\"]"}
RESULT: {"using":"xpath","value":"//*[@id=\"__box13-application-manageclassifications-display-component---classificationCreate--configurationList-0-arrow\"]"}
COMMAND: POST /session/7ceb9c4207408afb27fb3a73a7391b04/element/f.0A3556A37C534166386D2A4E113E99D8.d.0A21E9D8B0D84941F9C761551FF0F3F6.e.7571/click - {}
RESULT: {}
COMMAND: POST /session/7ceb9c4207408afb27fb3a73a7391b04/execute/async - {"script":"<script> [1562 bytes]","args":[{"selector":{"controlType":"sap.m.StandardListItem","viewName":"etm.portal.ui.manageclassifications.view.Create","viewId":"application-manageclassifications-display-component---classificationCreate","properties":{"title":"Dropdown"},"searchOpenDialogs":true,"interaction":{"idSuffix":"titleText"}},"wdio_ui5_key":"etmportal.ui.manageclassifications.view.Createsap.m.StandardListItem{\"title\":\"Dropdown\"}"}]}
COMMAND: GET /session/7ceb9c4207408afb27fb3a73a7391b04/screenshot - {}
RESULT: {"script":"<script> [1562 bytes]","args":[{"selector":{"controlType":"sap.m.StandardListItem","viewName":"etm.portal.ui.manageclassifications.view.Create","viewId":"application-manageclassifications-display-component---classificationCreate","properties":{"title":"Dropdown"},"searchOpenDialogs":true,"interaction":{"idSuffix":"titleText"}},"wdio_ui5_key":"etmportal.ui.manageclassifications.view.Createsap.m.StandardListItem{\"title\":\"Dropdown\"}"}]}
RESULT: undefined
COMMAND: POST /session/7ceb9c4207408afb27fb3a73a7391b04/element - {"using":"xpath","value":"//*[@id=\"__item93\"]"}
RESULT: {}
RESULT: {"using":"xpath","value":"//*[@id=\"__item93\"]"}
COMMAND: POST /session/7ceb9c4207408afb27fb3a73a7391b04/element/f.0A3556A37C534166386D2A4E113E99D8.d.0A21E9D8B0D84941F9C761551FF0F3F6.e.7573/click - {}
RESULT: {}
COMMAND: POST /session/7ceb9c4207408afb27fb3a73a7391b04/execute/async - {"script":"<script> [1562 bytes]","args":[{"selector":{"controlType":"sap.ui.core.Icon","viewName":"etm.portal.ui.manageclassifications.view.Create","viewId":"application-manageclassifications-display-component---classificationCreate","properties":{"src":{"regex":{"source":"crm\\-service\\-manager"}}}},"wdio_ui5_key":"etmportal.ui.manageclassifications.view.Createsap.ui.core.Icon{\"src\":{\"regex\":{\"source\":\"crm\\\\-service\\\\-manager\"}}}"}]}
COMMAND: GET /session/7ceb9c4207408afb27fb3a73a7391b04/screenshot - {}
RESULT: {"script":"<script> [1562 bytes]","args":[{"selector":{"controlType":"sap.ui.core.Icon","viewName":"etm.portal.ui.manageclassifications.view.Create","viewId":"application-manageclassifications-display-component---classificationCreate","properties":{"src":{"regex":{"source":"crm\\-service\\-manager"}}}},"wdio_ui5_key":"etmportal.ui.manageclassifications.view.Createsap.ui.core.Icon{\"src\":{\"regex\":{\"source\":\"crm\\\\-service\\\\-manager\"}}}"}]}
RESULT: undefined
COMMAND: POST /session/7ceb9c4207408afb27fb3a73a7391b04/element - {"using":"xpath","value":"//*[@id=\"__button34-application-manageclassifications-display-component---classificationCreate--configurationList-0-img\"]"}
RESULT: {}
RESULT: {"using":"xpath","value":"//*[@id=\"__button34-application-manageclassifications-display-component---classificationCreate--configurationList-0-img\"]"}
COMMAND: POST /session/7ceb9c4207408afb27fb3a73a7391b04/element/f.0A3556A37C534166386D2A4E113E99D8.d.0A21E9D8B0D84941F9C761551FF0F3F6.e.7575/click - {}
RESULT: {}
COMMAND: POST /session/7ceb9c4207408afb27fb3a73a7391b04/element - {"using":"xpath","value":"//button[@title=\"Add additional value\"]"}
COMMAND: GET /session/7ceb9c4207408afb27fb3a73a7391b04/screenshot - {}
RESULT: {"using":"xpath","value":"//button[@title=\"Add additional value\"]"}
COMMAND: POST /session/7ceb9c4207408afb27fb3a73a7391b04/element/f.0A3556A37C534166386D2A4E113E99D8.d.0A21E9D8B0D84941F9C761551FF0F3F6.e.7576/click - {}
RESULT: {}
RESULT: {}
COMMAND: POST /session/7ceb9c4207408afb27fb3a73a7391b04/execute/async - {"script":"<script> [1562 bytes]","args":[{"selector":{"controlType":"sap.m.Input","viewName":"etm.portal.ui.manageclassifications.view.Create","viewId":"application-manageclassifications-display-component---classificationCreate","bindingPath":{"path":"/VALUES/0","propertyPath":"VALUE","modelName":"dropdownValuesModel"},"searchOpenDialogs":true,"interaction":{"idSuffix":"inner"}},"wdio_ui5_key":"etmportal.ui.manageclassifications.view.Createsap.m.Input{\"path\":\"/VALUES/0\",\"propertyPath\":\"VALUE\",\"modelName\":\"dropdownValuesModel\"}"}]}
COMMAND: GET /session/7ceb9c4207408afb27fb3a73a7391b04/screenshot - {}
RESULT: {"script":"<script> [1562 bytes]","args":[{"selector":{"controlType":"sap.m.Input","viewName":"etm.portal.ui.manageclassifications.view.Create","viewId":"application-manageclassifications-display-component---classificationCreate","bindingPath":{"path":"/VALUES/0","propertyPath":"VALUE","modelName":"dropdownValuesModel"},"searchOpenDialogs":true,"interaction":{"idSuffix":"inner"}},"wdio_ui5_key":"etmportal.ui.manageclassifications.view.Createsap.m.Input{\"path\":\"/VALUES/0\",\"propertyPath\":\"VALUE\",\"modelName\":\"dropdownValuesModel\"}"}]}
RESULT: undefined
COMMAND: POST /session/7ceb9c4207408afb27fb3a73a7391b04/execute/async - {"script":"<script> [776 bytes]","args":[{"enterText":"1","selector":{"controlType":"sap.m.Input","viewName":"etm.portal.ui.manageclassifications.view.Create","viewId":"application-manageclassifications-display-component---classificationCreate","bindingPath":{"path":"/VALUES/0","propertyPath":"VALUE","modelName":"dropdownValuesModel"},"searchOpenDialogs":true,"interaction":{"idSuffix":"inner"}},"clearTextFirst":true,"interactionType":"ENTER_TEXT"}]}
RESULT: {}
RESULT: {"script":"<script> [776 bytes]","args":[{"enterText":"1","selector":{"controlType":"sap.m.Input","viewName":"etm.portal.ui.manageclassifications.view.Create","viewId":"application-manageclassifications-display-component---classificationCreate","bindingPath":{"path":"/VALUES/0","propertyPath":"VALUE","modelName":"dropdownValuesModel"},"searchOpenDialogs":true,"interaction":{"idSuffix":"inner"}},"clearTextFirst":true,"interactionType":"ENTER_TEXT"}]}
COMMAND: POST /session/7ceb9c4207408afb27fb3a73a7391b04/execute/async - {"script":"<script> [1562 bytes]","args":[{"selector":{"controlType":"sap.m.Input","viewName":"etm.portal.ui.manageclassifications.view.Create","viewId":"application-manageclassifications-display-component---classificationCreate","bindingPath":{"path":"/VALUES/0","propertyPath":"TEXT","modelName":"dropdownValuesModel"},"searchOpenDialogs":true,"interaction":{"idSuffix":"inner"}},"wdio_ui5_key":"etmportal.ui.manageclassifications.view.Createsap.m.Input{\"path\":\"/VALUES/0\",\"propertyPath\":\"TEXT\",\"modelName\":\"dropdownValuesModel\"}"}]}
RESULT: {"script":"<script> [1562 bytes]","args":[{"selector":{"controlType":"sap.m.Input","viewName":"etm.portal.ui.manageclassifications.view.Create","viewId":"application-manageclassifications-display-component---classificationCreate","bindingPath":{"path":"/VALUES/0","propertyPath":"TEXT","modelName":"dropdownValuesModel"},"searchOpenDialogs":true,"interaction":{"idSuffix":"inner"}},"wdio_ui5_key":"etmportal.ui.manageclassifications.view.Createsap.m.Input{\"path\":\"/VALUES/0\",\"propertyPath\":\"TEXT\",\"modelName\":\"dropdownValuesModel\"}"}]}
RESULT: undefined
COMMAND: POST /session/7ceb9c4207408afb27fb3a73a7391b04/execute/async - {"script":"<script> [776 bytes]","args":[{"enterText":"blue","selector":{"controlType":"sap.m.Input","viewName":"etm.portal.ui.manageclassifications.view.Create","viewId":"application-manageclassifications-display-component---classificationCreate","bindingPath":{"path":"/VALUES/0","propertyPath":"TEXT","modelName":"dropdownValuesModel"},"searchOpenDialogs":true,"interaction":{"idSuffix":"inner"}},"clearTextFirst":true,"interactionType":"ENTER_TEXT"}]}
RESULT: {"script":"<script> [776 bytes]","args":[{"enterText":"blue","selector":{"controlType":"sap.m.Input","viewName":"etm.portal.ui.manageclassifications.view.Create","viewId":"application-manageclassifications-display-component---classificationCreate","bindingPath":{"path":"/VALUES/0","propertyPath":"TEXT","modelName":"dropdownValuesModel"},"searchOpenDialogs":true,"interaction":{"idSuffix":"inner"}},"clearTextFirst":true,"interactionType":"ENTER_TEXT"}]}
COMMAND: POST /session/7ceb9c4207408afb27fb3a73a7391b04/element - {"using":"xpath","value":"//button[@title=\"Add additional value\"]"}
RESULT: {"using":"xpath","value":"//button[@title=\"Add additional value\"]"}
COMMAND: POST /session/7ceb9c4207408afb27fb3a73a7391b04/element/f.0A3556A37C534166386D2A4E113E99D8.d.0A21E9D8B0D84941F9C761551FF0F3F6.e.7576/click - {}
RESULT: {}
COMMAND: POST /session/7ceb9c4207408afb27fb3a73a7391b04/execute/async - {"script":"<script> [1562 bytes]","args":[{"selector":{"controlType":"sap.m.Input","viewName":"etm.portal.ui.manageclassifications.view.Create","viewId":"application-manageclassifications-display-component---classificationCreate","bindingPath":{"path":"/VALUES/1","propertyPath":"VALUE","modelName":"dropdownValuesModel"},"searchOpenDialogs":true,"interaction":{"idSuffix":"inner"}},"wdio_ui5_key":"etmportal.ui.manageclassifications.view.Createsap.m.Input{\"path\":\"/VALUES/1\",\"propertyPath\":\"VALUE\",\"modelName\":\"dropdownValuesModel\"}"}]}
COMMAND: GET /session/7ceb9c4207408afb27fb3a73a7391b04/screenshot - {}
RESULT: {"script":"<script> [1562 bytes]","args":[{"selector":{"controlType":"sap.m.Input","viewName":"etm.portal.ui.manageclassifications.view.Create","viewId":"application-manageclassifications-display-component---classificationCreate","bindingPath":{"path":"/VALUES/1","propertyPath":"VALUE","modelName":"dropdownValuesModel"},"searchOpenDialogs":true,"interaction":{"idSuffix":"inner"}},"wdio_ui5_key":"etmportal.ui.manageclassifications.view.Createsap.m.Input{\"path\":\"/VALUES/1\",\"propertyPath\":\"VALUE\",\"modelName\":\"dropdownValuesModel\"}"}]}
RESULT: undefined
COMMAND: POST /session/7ceb9c4207408afb27fb3a73a7391b04/execute/async - {"script":"<script> [776 bytes]","args":[{"enterText":"2","selector":{"controlType":"sap.m.Input","viewName":"etm.portal.ui.manageclassifications.view.Create","viewId":"application-manageclassifications-display-component---classificationCreate","bindingPath":{"path":"/VALUES/1","propertyPath":"VALUE","modelName":"dropdownValuesModel"},"searchOpenDialogs":true,"interaction":{"idSuffix":"inner"}},"clearTextFirst":true,"interactionType":"ENTER_TEXT"}]}
RESULT: {}
RESULT: {"script":"<script> [776 bytes]","args":[{"enterText":"2","selector":{"controlType":"sap.m.Input","viewName":"etm.portal.ui.manageclassifications.view.Create","viewId":"application-manageclassifications-display-component---classificationCreate","bindingPath":{"path":"/VALUES/1","propertyPath":"VALUE","modelName":"dropdownValuesModel"},"searchOpenDialogs":true,"interaction":{"idSuffix":"inner"}},"clearTextFirst":true,"interactionType":"ENTER_TEXT"}]}
COMMAND: POST /session/7ceb9c4207408afb27fb3a73a7391b04/execute/async - {"script":"<script> [1562 bytes]","args":[{"selector":{"controlType":"sap.m.Input","viewName":"etm.portal.ui.manageclassifications.view.Create","viewId":"application-manageclassifications-display-component---classificationCreate","bindingPath":{"path":"/VALUES/1","propertyPath":"TEXT","modelName":"dropdownValuesModel"},"searchOpenDialogs":true,"interaction":{"idSuffix":"inner"}},"wdio_ui5_key":"etmportal.ui.manageclassifications.view.Createsap.m.Input{\"path\":\"/VALUES/1\",\"propertyPath\":\"TEXT\",\"modelName\":\"dropdownValuesModel\"}"}]}
RESULT: {"script":"<script> [1562 bytes]","args":[{"selector":{"controlType":"sap.m.Input","viewName":"etm.portal.ui.manageclassifications.view.Create","viewId":"application-manageclassifications-display-component---classificationCreate","bindingPath":{"path":"/VALUES/1","propertyPath":"TEXT","modelName":"dropdownValuesModel"},"searchOpenDialogs":true,"interaction":{"idSuffix":"inner"}},"wdio_ui5_key":"etmportal.ui.manageclassifications.view.Createsap.m.Input{\"path\":\"/VALUES/1\",\"propertyPath\":\"TEXT\",\"modelName\":\"dropdownValuesModel\"}"}]}
RESULT: undefined
COMMAND: POST /session/7ceb9c4207408afb27fb3a73a7391b04/execute/async - {"script":"<script> [776 bytes]","args":[{"enterText":"red","selector":{"controlType":"sap.m.Input","viewName":"etm.portal.ui.manageclassifications.view.Create","viewId":"application-manageclassifications-display-component---classificationCreate","bindingPath":{"path":"/VALUES/1","propertyPath":"TEXT","modelName":"dropdownValuesModel"},"searchOpenDialogs":true,"interaction":{"idSuffix":"inner"}},"clearTextFirst":true,"interactionType":"ENTER_TEXT"}]}
RESULT: {"script":"<script> [776 bytes]","args":[{"enterText":"red","selector":{"controlType":"sap.m.Input","viewName":"etm.portal.ui.manageclassifications.view.Create","viewId":"application-manageclassifications-display-component---classificationCreate","bindingPath":{"path":"/VALUES/1","propertyPath":"TEXT","modelName":"dropdownValuesModel"},"searchOpenDialogs":true,"interaction":{"idSuffix":"inner"}},"clearTextFirst":true,"interactionType":"ENTER_TEXT"}]}
COMMAND: POST /session/7ceb9c4207408afb27fb3a73a7391b04/execute/async - {"script":"<script> [1562 bytes]","args":[{"selector":{"controlType":"sap.m.Button","viewName":"etm.portal.ui.manageclassifications.view.Create","viewId":"application-manageclassifications-display-component---classificationCreate","i18NText":{"propertyName":"text","key":"save"},"searchOpenDialogs":true,"interaction":{"idSuffix":"BDI-content"}},"wdio_ui5_key":"etmportal.ui.manageclassifications.view.Createsap.m.Button{\"propertyName\":\"text\",\"key\":\"save\"}"}]}
RESULT: {"script":"<script> [1562 bytes]","args":[{"selector":{"controlType":"sap.m.Button","viewName":"etm.portal.ui.manageclassifications.view.Create","viewId":"application-manageclassifications-display-component---classificationCreate","i18NText":{"propertyName":"text","key":"save"},"searchOpenDialogs":true,"interaction":{"idSuffix":"BDI-content"}},"wdio_ui5_key":"etmportal.ui.manageclassifications.view.Createsap.m.Button{\"propertyName\":\"text\",\"key\":\"save\"}"}]}
RESULT: undefined
COMMAND: POST /session/7ceb9c4207408afb27fb3a73a7391b04/element - {"using":"xpath","value":"//*[@id=\"__button44\"]"}
RESULT: {"using":"xpath","value":"//*[@id=\"__button44\"]"}
COMMAND: POST /session/7ceb9c4207408afb27fb3a73a7391b04/element/f.0A3556A37C534166386D2A4E113E99D8.d.0A21E9D8B0D84941F9C761551FF0F3F6.e.7596/click - {}
RESULT: {}
COMMAND: GET /session/7ceb9c4207408afb27fb3a73a7391b04/screenshot - {}
RESULT: {}
COMMAND: POST /session/7ceb9c4207408afb27fb3a73a7391b04/element - {"using":"xpath","value":"//button[@title=\"Save\"]"}
RESULT: {"using":"xpath","value":"//button[@title=\"Save\"]"}
COMMAND: POST /session/7ceb9c4207408afb27fb3a73a7391b04/element/f.0A3556A37C534166386D2A4E113E99D8.d.0A21E9D8B0D84941F9C761551FF0F3F6.e.7530/click - {}
RESULT: {}
COMMAND: GET /session/7ceb9c4207408afb27fb3a73a7391b04/screenshot - {}
RESULT: {}
COMMAND: POST /session/7ceb9c4207408afb27fb3a73a7391b04/execute/async - {"script":"<script> [1562 bytes]","args":[{"selector":{"id":"application-manageclassifications-display-component---classificationMaster--smartFilterBar-btnBasicSearch","interaction":{"idSuffix":"I"}},"wdio_ui5_key":"applicationmanageclassifications-display-component---classificationMaster--smartFilterBar-btnBasicSearch"}]}
RESULT: {"script":"<script> [1562 bytes]","args":[{"selector":{"id":"application-manageclassifications-display-component---classificationMaster--smartFilterBar-btnBasicSearch","interaction":{"idSuffix":"I"}},"wdio_ui5_key":"applicationmanageclassifications-display-component---classificationMaster--smartFilterBar-btnBasicSearch"}]}
RESULT: undefined
COMMAND: POST /session/7ceb9c4207408afb27fb3a73a7391b04/execute/async - {"script":"<script> [776 bytes]","args":[{"enterText":"WebdriverItemClass1rhll","selector":{"id":"application-manageclassifications-display-component---classificationMaster--smartFilterBar-btnBasicSearch","interaction":{"idSuffix":"I"}},"clearTextFirst":true,"interactionType":"ENTER_TEXT"}]}
RESULT: {"script":"<script> [776 bytes]","args":[{"enterText":"WebdriverItemClass1rhll","selector":{"id":"application-manageclassifications-display-component---classificationMaster--smartFilterBar-btnBasicSearch","interaction":{"idSuffix":"I"}},"clearTextFirst":true,"interactionType":"ENTER_TEXT"}]}
COMMAND: POST /session/7ceb9c4207408afb27fb3a73a7391b04/actions - {"actions":[{"id":"action47","type":"key","parameters":{},"actions":[{"type":"keyDown","value":""},{"type":"pause","duration":10},{"type":"keyUp","value":""}]}]}
RESULT: {"actions":[{"id":"action47","type":"key","parameters":{},"actions":[{"type":"keyDown","value":""},{"type":"pause","duration":10},{"type":"keyUp","value":""}]}]}
COMMAND: POST /session/7ceb9c4207408afb27fb3a73a7391b04/execute/async - {"script":"<script> [1562 bytes]","args":[{"selector":{"id":"application-manageclassifications-display-component---classificationMaster--smartTable-header"},"wdio_ui5_key":"applicationmanageclassifications-display-component---classificationMaster--smartTable-header"}]}
COMMAND: GET /session/7ceb9c4207408afb27fb3a73a7391b04/screenshot - {}
RESULT: {"script":"<script> [1562 bytes]","args":[{"selector":{"id":"application-manageclassifications-display-component---classificationMaster--smartTable-header"},"wdio_ui5_key":"applicationmanageclassifications-display-component---classificationMaster--smartTable-header"}]}
RESULT: undefined
COMMAND: POST /session/7ceb9c4207408afb27fb3a73a7391b04/execute/async - {"script":"<script> [6424 bytes]","args":[{"element-6066-11e4-a52e-4f735466cecf":"f.0A3556A37C534166386D2A4E113E99D8.d.0A21E9D8B0D84941F9C761551FF0F3F6.e.7769"},"getText",[]]}
RESULT: {}
RESULT: {"script":"<script> [6424 bytes]","args":[{"element-6066-11e4-a52e-4f735466cecf":"f.0A3556A37C534166386D2A4E113E99D8.d.0A21E9D8B0D84941F9C761551FF0F3F6.e.7769"},"getText",[]]}
COMMAND: POST /session/7ceb9c4207408afb27fb3a73a7391b04/element - {"using":"css selector","value":"#shell-header-logo"}
RESULT: {"using":"css selector","value":"#shell-header-logo"}
COMMAND: POST /session/7ceb9c4207408afb27fb3a73a7391b04/element/f.0A3556A37C534166386D2A4E113E99D8.d.0A21E9D8B0D84941F9C761551FF0F3F6.e.7054/click - {}
RESULT: {}
COMMAND: GET /session/7ceb9c4207408afb27fb3a73a7391b04/screenshot - {}
RESULT: {}
]]></system-out>
    </testcase>
    <testcase classname="chrome.136_0_7103_93.windows.Manage_requests_-_requests_specifications_US141095" name="Should create a new section and a catalog item" time="160.851">
      <system-out><![CDATA[
COMMAND: POST /session/7ceb9c4207408afb27fb3a73a7391b04/execute/async - {"script":"<script> [1562 bytes]","args":[{"selector":{"controlType":"sap.m.GenericTile","properties":{"header":"Manage Catalogs"}},"wdio_ui5_key":"sapm.GenericTile{\"header\":\"Manage Catalogs\"}"}]}
RESULT: {"script":"<script> [1562 bytes]","args":[{"selector":{"controlType":"sap.m.GenericTile","properties":{"header":"Manage Catalogs"}},"wdio_ui5_key":"sapm.GenericTile{\"header\":\"Manage Catalogs\"}"}]}
RESULT: undefined
COMMAND: POST /session/7ceb9c4207408afb27fb3a73a7391b04/element - {"using":"xpath","value":"//*[@id=\"__tile37\"]"}
RESULT: {"using":"xpath","value":"//*[@id=\"__tile37\"]"}
COMMAND: POST /session/7ceb9c4207408afb27fb3a73a7391b04/element/f.0A3556A37C534166386D2A4E113E99D8.d.0A21E9D8B0D84941F9C761551FF0F3F6.e.7773/click - {}
RESULT: {}
COMMAND: GET /session/7ceb9c4207408afb27fb3a73a7391b04/screenshot - {}
RESULT: {}
COMMAND: POST /session/7ceb9c4207408afb27fb3a73a7391b04/elements - {"using":"xpath","value":"//span[text()='Error']"}
RESULT: {"using":"xpath","value":"//span[text()='Error']"}
COMMAND: POST /session/7ceb9c4207408afb27fb3a73a7391b04/execute/async - {"script":"<script> [1562 bytes]","args":[{"selector":{"controlType":"sap.m.Text","viewName":"etm.portal.ui.managecatalogs.view.MasterCatalogs","viewId":"application-managecatalogs-display-component---masterCatalogs","bindingPath":{"path":"/Catalogs('0D7502D073D53A0F1700BE067B89AFF9')","propertyPath":"DESCRIPTION","modelName":"catalogModel"}},"wdio_ui5_key":"etmportal.ui.managecatalogs.view.MasterCatalogssap.m.Text{\"path\":\"/Catalogs('0D7502D073D53A0F1700BE067B89AFF9')\",\"propertyPath\":\"DESCRIPTION\",\"modelName\":\"catalogModel\"}"}]}
RESULT: {"script":"<script> [1562 bytes]","args":[{"selector":{"controlType":"sap.m.Text","viewName":"etm.portal.ui.managecatalogs.view.MasterCatalogs","viewId":"application-managecatalogs-display-component---masterCatalogs","bindingPath":{"path":"/Catalogs('0D7502D073D53A0F1700BE067B89AFF9')","propertyPath":"DESCRIPTION","modelName":"catalogModel"}},"wdio_ui5_key":"etmportal.ui.managecatalogs.view.MasterCatalogssap.m.Text{\"path\":\"/Catalogs('0D7502D073D53A0F1700BE067B89AFF9')\",\"propertyPath\":\"DESCRIPTION\",\"modelName\":\"catalogModel\"}"}]}
RESULT: undefined
COMMAND: POST /session/7ceb9c4207408afb27fb3a73a7391b04/element - {"using":"xpath","value":"//*[@id=\"__text434-application-managecatalogs-display-component---masterCatalogs--CatalogsTable-11\"]"}
RESULT: {"using":"xpath","value":"//*[@id=\"__text434-application-managecatalogs-display-component---masterCatalogs--CatalogsTable-11\"]"}
COMMAND: POST /session/7ceb9c4207408afb27fb3a73a7391b04/element/f.0A3556A37C534166386D2A4E113E99D8.d.0A21E9D8B0D84941F9C761551FF0F3F6.e.7843/click - {}
RESULT: {}
COMMAND: POST /session/7ceb9c4207408afb27fb3a73a7391b04/execute/async - {"script":"<script> [1562 bytes]","args":[{"selector":{"controlType":"sap.ui.layout.HorizontalLayout","viewName":"etm.portal.ui.managecatalogs.view.MasterItems","viewId":"application-managecatalogs-display-component---masterCatalogItems","ancestor":{"id":"application-managecatalogs-display-component---masterCatalogItems--idCatalogItemsTree-rows-row0"}},"wdio_ui5_key":"etmportal.ui.managecatalogs.view.MasterItemssap.ui.layout.HorizontalLayout{\"id\":\"application-managecatalogs-display-component---masterCatalogItems--idCatalogItemsTree-rows-row0\"}"}]}
COMMAND: GET /session/7ceb9c4207408afb27fb3a73a7391b04/screenshot - {}
RESULT: {"script":"<script> [1562 bytes]","args":[{"selector":{"controlType":"sap.ui.layout.HorizontalLayout","viewName":"etm.portal.ui.managecatalogs.view.MasterItems","viewId":"application-managecatalogs-display-component---masterCatalogItems","ancestor":{"id":"application-managecatalogs-display-component---masterCatalogItems--idCatalogItemsTree-rows-row0"}},"wdio_ui5_key":"etmportal.ui.managecatalogs.view.MasterItemssap.ui.layout.HorizontalLayout{\"id\":\"application-managecatalogs-display-component---masterCatalogItems--idCatalogItemsTree-rows-row0\"}"}]}
RESULT: undefined
COMMAND: POST /session/7ceb9c4207408afb27fb3a73a7391b04/element - {"using":"xpath","value":"//*[@id=\"__layout40-__clone400\"]"}
RESULT: {}
RESULT: {"using":"xpath","value":"//*[@id=\"__layout40-__clone400\"]"}
COMMAND: POST /session/7ceb9c4207408afb27fb3a73a7391b04/element/f.0A3556A37C534166386D2A4E113E99D8.d.0A21E9D8B0D84941F9C761551FF0F3F6.e.7877/click - {}
RESULT: {}
COMMAND: GET /session/7ceb9c4207408afb27fb3a73a7391b04/screenshot - {}
COMMAND: POST /session/7ceb9c4207408afb27fb3a73a7391b04/execute/async - {"script":"<script> [1562 bytes]","args":[{"selector":{"controlType":"sap.m.Button","viewName":"etm.portal.ui.managecatalogs.view.Detail","viewId":"application-managecatalogs-display-component---detailCatalog","i18NText":{"propertyName":"text","key":"edit"},"interaction":{"idSuffix":"BDI-content"}},"wdio_ui5_key":"etmportal.ui.managecatalogs.view.Detailsap.m.Button{\"propertyName\":\"text\",\"key\":\"edit\"}"}]}
RESULT: {}
RESULT: {"script":"<script> [1562 bytes]","args":[{"selector":{"controlType":"sap.m.Button","viewName":"etm.portal.ui.managecatalogs.view.Detail","viewId":"application-managecatalogs-display-component---detailCatalog","i18NText":{"propertyName":"text","key":"edit"},"interaction":{"idSuffix":"BDI-content"}},"wdio_ui5_key":"etmportal.ui.managecatalogs.view.Detailsap.m.Button{\"propertyName\":\"text\",\"key\":\"edit\"}"}]}
RESULT: undefined
COMMAND: POST /session/7ceb9c4207408afb27fb3a73a7391b04/element - {"using":"xpath","value":"//*[@id=\"__button88\"]"}
RESULT: {"using":"xpath","value":"//*[@id=\"__button88\"]"}
COMMAND: POST /session/7ceb9c4207408afb27fb3a73a7391b04/element/f.0A3556A37C534166386D2A4E113E99D8.d.0A21E9D8B0D84941F9C761551FF0F3F6.e.7971/click - {}
RESULT: {}
COMMAND: GET /session/7ceb9c4207408afb27fb3a73a7391b04/screenshot - {}
RESULT: {}
COMMAND: POST /session/7ceb9c4207408afb27fb3a73a7391b04/element - {"using":"xpath","value":"//bdi[contains(text(), \"Unlock\")]"}
RESULT: {"using":"xpath","value":"//bdi[contains(text(), \"Unlock\")]"}
COMMAND: POST /session/7ceb9c4207408afb27fb3a73a7391b04/elements - {"using":"xpath","value":"//bdi[contains(text(), \"Unlock\")]"}
RESULT: {"using":"xpath","value":"//bdi[contains(text(), \"Unlock\")]"}
COMMAND: POST /session/7ceb9c4207408afb27fb3a73a7391b04/execute/async - {"script":"<script> [1562 bytes]","args":[{"selector":{"controlType":"sap.ui.core.Icon","viewName":"etm.portal.ui.managecatalogs.view.Detail","viewId":"application-managecatalogs-display-component---detailCatalog","properties":{"src":{"regex":{"source":"add\\-folder"}}}},"wdio_ui5_key":"etmportal.ui.managecatalogs.view.Detailsap.ui.core.Icon{\"src\":{\"regex\":{\"source\":\"add\\\\-folder\"}}}"}]}
RESULT: {"script":"<script> [1562 bytes]","args":[{"selector":{"controlType":"sap.ui.core.Icon","viewName":"etm.portal.ui.managecatalogs.view.Detail","viewId":"application-managecatalogs-display-component---detailCatalog","properties":{"src":{"regex":{"source":"add\\-folder"}}}},"wdio_ui5_key":"etmportal.ui.managecatalogs.view.Detailsap.ui.core.Icon{\"src\":{\"regex\":{\"source\":\"add\\\\-folder\"}}}"}]}
RESULT: undefined
COMMAND: POST /session/7ceb9c4207408afb27fb3a73a7391b04/element - {"using":"xpath","value":"//*[@id=\"__button96-img\"]"}
RESULT: {"using":"xpath","value":"//*[@id=\"__button96-img\"]"}
COMMAND: POST /session/7ceb9c4207408afb27fb3a73a7391b04/element/f.0A3556A37C534166386D2A4E113E99D8.d.0A21E9D8B0D84941F9C761551FF0F3F6.e.7978/click - {}
RESULT: {}
COMMAND: GET /session/7ceb9c4207408afb27fb3a73a7391b04/screenshot - {}
RESULT: {}
COMMAND: POST /session/7ceb9c4207408afb27fb3a73a7391b04/execute/async - {"script":"<script> [1562 bytes]","args":[{"selector":{"id":"application-managecatalogs-display-component---detailCatalog--numberInput","searchOpenDialogs":true,"interaction":{"idSuffix":"inner"}},"wdio_ui5_key":"applicationmanagecatalogs-display-component---detailCatalog--numberInput"}]}
RESULT: {"script":"<script> [1562 bytes]","args":[{"selector":{"id":"application-managecatalogs-display-component---detailCatalog--numberInput","searchOpenDialogs":true,"interaction":{"idSuffix":"inner"}},"wdio_ui5_key":"applicationmanagecatalogs-display-component---detailCatalog--numberInput"}]}
RESULT: undefined
COMMAND: POST /session/7ceb9c4207408afb27fb3a73a7391b04/execute/async - {"script":"<script> [776 bytes]","args":[{"enterText":"Sectiono3gsk","selector":{"id":"application-managecatalogs-display-component---detailCatalog--numberInput","searchOpenDialogs":true,"interaction":{"idSuffix":"inner"}},"clearTextFirst":true,"interactionType":"ENTER_TEXT"}]}
RESULT: {"script":"<script> [776 bytes]","args":[{"enterText":"Sectiono3gsk","selector":{"id":"application-managecatalogs-display-component---detailCatalog--numberInput","searchOpenDialogs":true,"interaction":{"idSuffix":"inner"}},"clearTextFirst":true,"interactionType":"ENTER_TEXT"}]}
COMMAND: POST /session/7ceb9c4207408afb27fb3a73a7391b04/element - {"using":"css selector","value":"#application-managecatalogs-display-component---detailCatalog--nameInput-inner"}
RESULT: {"using":"css selector","value":"#application-managecatalogs-display-component---detailCatalog--nameInput-inner"}
COMMAND: POST /session/7ceb9c4207408afb27fb3a73a7391b04/elements - {"using":"css selector","value":"#application-managecatalogs-display-component---detailCatalog--nameInput-inner"}
RESULT: {"using":"css selector","value":"#application-managecatalogs-display-component---detailCatalog--nameInput-inner"}
COMMAND: POST /session/7ceb9c4207408afb27fb3a73a7391b04/element/f.0A3556A37C534166386D2A4E113E99D8.d.0A21E9D8B0D84941F9C761551FF0F3F6.e.7982/clear - {}
RESULT: {}
COMMAND: POST /session/7ceb9c4207408afb27fb3a73a7391b04/element/f.0A3556A37C534166386D2A4E113E99D8.d.0A21E9D8B0D84941F9C761551FF0F3F6.e.7982/value - {"text":"Webdriver0ci1b"}
COMMAND: GET /session/7ceb9c4207408afb27fb3a73a7391b04/screenshot - {}
RESULT: {"text":"Webdriver0ci1b"}
COMMAND: POST /session/7ceb9c4207408afb27fb3a73a7391b04/execute/async - {"script":"<script> [1562 bytes]","args":[{"selector":{"controlType":"sap.m.Button","viewName":"etm.portal.ui.managecatalogs.view.Detail","viewId":"application-managecatalogs-display-component---detailCatalog","i18NText":{"propertyName":"text","key":"create"},"searchOpenDialogs":true,"interaction":{"idSuffix":"BDI-content"}},"wdio_ui5_key":"etmportal.ui.managecatalogs.view.Detailsap.m.Button{\"propertyName\":\"text\",\"key\":\"create\"}"}]}
COMMAND: GET /session/7ceb9c4207408afb27fb3a73a7391b04/screenshot - {}
RESULT: {}
RESULT: {"script":"<script> [1562 bytes]","args":[{"selector":{"controlType":"sap.m.Button","viewName":"etm.portal.ui.managecatalogs.view.Detail","viewId":"application-managecatalogs-display-component---detailCatalog","i18NText":{"propertyName":"text","key":"create"},"searchOpenDialogs":true,"interaction":{"idSuffix":"BDI-content"}},"wdio_ui5_key":"etmportal.ui.managecatalogs.view.Detailsap.m.Button{\"propertyName\":\"text\",\"key\":\"create\"}"}]}
RESULT: undefined
COMMAND: POST /session/7ceb9c4207408afb27fb3a73a7391b04/element - {"using":"xpath","value":"//*[@id=\"__button66\"]"}
RESULT: {}
RESULT: {"using":"xpath","value":"//*[@id=\"__button66\"]"}
COMMAND: POST /session/7ceb9c4207408afb27fb3a73a7391b04/element/f.0A3556A37C534166386D2A4E113E99D8.d.0A21E9D8B0D84941F9C761551FF0F3F6.e.7987/click - {}
RESULT: {}
COMMAND: GET /session/7ceb9c4207408afb27fb3a73a7391b04/screenshot - {}
RESULT: {}
COMMAND: POST /session/7ceb9c4207408afb27fb3a73a7391b04/element - {"using":"xpath","value":"//button[@title=\"Save\"]"}
RESULT: {"using":"xpath","value":"//button[@title=\"Save\"]"}
COMMAND: POST /session/7ceb9c4207408afb27fb3a73a7391b04/element/f.0A3556A37C534166386D2A4E113E99D8.d.0A21E9D8B0D84941F9C761551FF0F3F6.e.7988/click - {}
RESULT: {}
COMMAND: POST /session/7ceb9c4207408afb27fb3a73a7391b04/execute/async - {"script":"<script> [1562 bytes]","args":[{"selector":{"controlType":"sap.ui.core.Icon","viewName":"etm.portal.ui.managecatalogs.view.Detail","viewId":"application-managecatalogs-display-component---detailCatalog","properties":{"src":{"regex":{"source":"decline"}}}},"wdio_ui5_key":"etmportal.ui.managecatalogs.view.Detailsap.ui.core.Icon{\"src\":{\"regex\":{\"source\":\"decline\"}}}"}]}
COMMAND: GET /session/7ceb9c4207408afb27fb3a73a7391b04/screenshot - {}
RESULT: {"script":"<script> [1562 bytes]","args":[{"selector":{"controlType":"sap.ui.core.Icon","viewName":"etm.portal.ui.managecatalogs.view.Detail","viewId":"application-managecatalogs-display-component---detailCatalog","properties":{"src":{"regex":{"source":"decline"}}}},"wdio_ui5_key":"etmportal.ui.managecatalogs.view.Detailsap.ui.core.Icon{\"src\":{\"regex\":{\"source\":\"decline\"}}}"}]}
RESULT: undefined
COMMAND: POST /session/7ceb9c4207408afb27fb3a73a7391b04/element - {"using":"xpath","value":"//*[@id=\"__button91-img\"]"}
RESULT: {}
RESULT: {"using":"xpath","value":"//*[@id=\"__button91-img\"]"}
COMMAND: POST /session/7ceb9c4207408afb27fb3a73a7391b04/element/f.0A3556A37C534166386D2A4E113E99D8.d.0A21E9D8B0D84941F9C761551FF0F3F6.e.7994/click - {}
RESULT: {}
COMMAND: GET /session/7ceb9c4207408afb27fb3a73a7391b04/screenshot - {}
RESULT: {}
COMMAND: POST /session/7ceb9c4207408afb27fb3a73a7391b04/execute/async - {"script":"<script> [1562 bytes]","args":[{"selector":{"controlType":"sap.ui.core.Icon","viewName":"etm.portal.ui.managecatalogs.view.MasterItems","viewId":"application-managecatalogs-display-component---masterCatalogItems","properties":{"src":{"regex":{"source":"refresh"}}}},"wdio_ui5_key":"etmportal.ui.managecatalogs.view.MasterItemssap.ui.core.Icon{\"src\":{\"regex\":{\"source\":\"refresh\"}}}"}]}
RESULT: {"script":"<script> [1562 bytes]","args":[{"selector":{"controlType":"sap.ui.core.Icon","viewName":"etm.portal.ui.managecatalogs.view.MasterItems","viewId":"application-managecatalogs-display-component---masterCatalogItems","properties":{"src":{"regex":{"source":"refresh"}}}},"wdio_ui5_key":"etmportal.ui.managecatalogs.view.MasterItemssap.ui.core.Icon{\"src\":{\"regex\":{\"source\":\"refresh\"}}}"}]}
RESULT: undefined
COMMAND: POST /session/7ceb9c4207408afb27fb3a73a7391b04/element - {"using":"xpath","value":"//*[@id=\"__button64-img\"]"}
RESULT: {"using":"xpath","value":"//*[@id=\"__button64-img\"]"}
COMMAND: POST /session/7ceb9c4207408afb27fb3a73a7391b04/element/f.0A3556A37C534166386D2A4E113E99D8.d.0A21E9D8B0D84941F9C761551FF0F3F6.e.8030/click - {}
RESULT: {}
COMMAND: POST /session/7ceb9c4207408afb27fb3a73a7391b04/execute/async - {"script":"<script> [1562 bytes]","args":[{"selector":{"id":"application-managecatalogs-display-component---masterCatalogItems--searchItemsField","interaction":{"idSuffix":"I"}},"wdio_ui5_key":"applicationmanagecatalogs-display-component---masterCatalogItems--searchItemsField"}]}
COMMAND: GET /session/7ceb9c4207408afb27fb3a73a7391b04/screenshot - {}
RESULT: {"script":"<script> [1562 bytes]","args":[{"selector":{"id":"application-managecatalogs-display-component---masterCatalogItems--searchItemsField","interaction":{"idSuffix":"I"}},"wdio_ui5_key":"applicationmanagecatalogs-display-component---masterCatalogItems--searchItemsField"}]}
RESULT: undefined
COMMAND: POST /session/7ceb9c4207408afb27fb3a73a7391b04/execute/async - {"script":"<script> [776 bytes]","args":[{"enterText":"Webdriver0ci1b","selector":{"id":"application-managecatalogs-display-component---masterCatalogItems--searchItemsField","interaction":{"idSuffix":"I"}},"clearTextFirst":true,"interactionType":"ENTER_TEXT"}]}
RESULT: {}
RESULT: {"script":"<script> [776 bytes]","args":[{"enterText":"Webdriver0ci1b","selector":{"id":"application-managecatalogs-display-component---masterCatalogItems--searchItemsField","interaction":{"idSuffix":"I"}},"clearTextFirst":true,"interactionType":"ENTER_TEXT"}]}
COMMAND: POST /session/7ceb9c4207408afb27fb3a73a7391b04/actions - {"actions":[{"id":"action48","type":"key","parameters":{},"actions":[{"type":"keyDown","value":""},{"type":"pause","duration":10},{"type":"keyUp","value":""}]}]}
RESULT: {"actions":[{"id":"action48","type":"key","parameters":{},"actions":[{"type":"keyDown","value":""},{"type":"pause","duration":10},{"type":"keyUp","value":""}]}]}
COMMAND: POST /session/7ceb9c4207408afb27fb3a73a7391b04/element - {"using":"xpath","value":"(//span[contains(text(), \"Webdriver0ci1b\")])[1]"}
COMMAND: GET /session/7ceb9c4207408afb27fb3a73a7391b04/screenshot - {}
RESULT: {"using":"xpath","value":"(//span[contains(text(), \"Webdriver0ci1b\")])[1]"}
COMMAND: POST /session/7ceb9c4207408afb27fb3a73a7391b04/element/f.0A3556A37C534166386D2A4E113E99D8.d.0A21E9D8B0D84941F9C761551FF0F3F6.e.8033/click - {}
RESULT: {}
RESULT: {}
COMMAND: GET /session/7ceb9c4207408afb27fb3a73a7391b04/screenshot - {}
RESULT: {}
RESULT: undefined
COMMAND: POST /session/7ceb9c4207408afb27fb3a73a7391b04/element - {"using":"xpath","value":"//*[@id=\"__button88\"]"}
RESULT: {"using":"xpath","value":"//*[@id=\"__button88\"]"}
COMMAND: POST /session/7ceb9c4207408afb27fb3a73a7391b04/element/f.0A3556A37C534166386D2A4E113E99D8.d.0A21E9D8B0D84941F9C761551FF0F3F6.e.8070/click - {}
RESULT: {}
COMMAND: GET /session/7ceb9c4207408afb27fb3a73a7391b04/screenshot - {}
RESULT: {}
RESULT: undefined
COMMAND: POST /session/7ceb9c4207408afb27fb3a73a7391b04/element - {"using":"xpath","value":"//*[@id=\"__button96-img\"]"}
RESULT: {"using":"xpath","value":"//*[@id=\"__button96-img\"]"}
COMMAND: POST /session/7ceb9c4207408afb27fb3a73a7391b04/element/f.0A3556A37C534166386D2A4E113E99D8.d.0A21E9D8B0D84941F9C761551FF0F3F6.e.8118/click - {}
RESULT: {}
COMMAND: GET /session/7ceb9c4207408afb27fb3a73a7391b04/screenshot - {}
RESULT: {}
RESULT: undefined
COMMAND: POST /session/7ceb9c4207408afb27fb3a73a7391b04/execute/async - {"script":"<script> [776 bytes]","args":[{"enterText":"SecondSection131m4","selector":{"id":"application-managecatalogs-display-component---detailCatalog--numberInput","searchOpenDialogs":true,"interaction":{"idSuffix":"inner"}},"clearTextFirst":true,"interactionType":"ENTER_TEXT"}]}
RESULT: {"script":"<script> [776 bytes]","args":[{"enterText":"SecondSection131m4","selector":{"id":"application-managecatalogs-display-component---detailCatalog--numberInput","searchOpenDialogs":true,"interaction":{"idSuffix":"inner"}},"clearTextFirst":true,"interactionType":"ENTER_TEXT"}]}
COMMAND: POST /session/7ceb9c4207408afb27fb3a73a7391b04/element - {"using":"xpath","value":"//input[contains(@id ,\"application-managecatalogs-display-component---detailCatalog--nameInput-inner\")]"}
RESULT: {"using":"xpath","value":"//input[contains(@id ,\"application-managecatalogs-display-component---detailCatalog--nameInput-inner\")]"}
COMMAND: POST /session/7ceb9c4207408afb27fb3a73a7391b04/elements - {"using":"xpath","value":"//input[contains(@id ,\"application-managecatalogs-display-component---detailCatalog--nameInput-inner\")]"}
RESULT: {"using":"xpath","value":"//input[contains(@id ,\"application-managecatalogs-display-component---detailCatalog--nameInput-inner\")]"}
COMMAND: POST /session/7ceb9c4207408afb27fb3a73a7391b04/element/f.0A3556A37C534166386D2A4E113E99D8.d.0A21E9D8B0D84941F9C761551FF0F3F6.e.8122/clear - {}
RESULT: {}
COMMAND: POST /session/7ceb9c4207408afb27fb3a73a7391b04/element/f.0A3556A37C534166386D2A4E113E99D8.d.0A21E9D8B0D84941F9C761551FF0F3F6.e.8122/value - {"text":"webdriversecondscpp4"}
COMMAND: GET /session/7ceb9c4207408afb27fb3a73a7391b04/screenshot - {}
RESULT: {"text":"webdriversecondscpp4"}
RESULT: undefined
COMMAND: POST /session/7ceb9c4207408afb27fb3a73a7391b04/element - {"using":"xpath","value":"//*[@id=\"__button66\"]"}
COMMAND: GET /session/7ceb9c4207408afb27fb3a73a7391b04/screenshot - {}
RESULT: {}
RESULT: {"using":"xpath","value":"//*[@id=\"__button66\"]"}
COMMAND: POST /session/7ceb9c4207408afb27fb3a73a7391b04/element/f.0A3556A37C534166386D2A4E113E99D8.d.0A21E9D8B0D84941F9C761551FF0F3F6.e.8126/click - {}
RESULT: {}
RESULT: {}
COMMAND: GET /session/7ceb9c4207408afb27fb3a73a7391b04/screenshot - {}
RESULT: {}
COMMAND: POST /session/7ceb9c4207408afb27fb3a73a7391b04/element - {"using":"xpath","value":"//button[@title=\"Save\"]"}
RESULT: {"using":"xpath","value":"//button[@title=\"Save\"]"}
COMMAND: POST /session/7ceb9c4207408afb27fb3a73a7391b04/element/f.0A3556A37C534166386D2A4E113E99D8.d.0A21E9D8B0D84941F9C761551FF0F3F6.e.8103/click - {}
RESULT: {}
COMMAND: GET /session/7ceb9c4207408afb27fb3a73a7391b04/screenshot - {}
RESULT: {}
RESULT: undefined
COMMAND: POST /session/7ceb9c4207408afb27fb3a73a7391b04/element - {"using":"xpath","value":"//*[@id=\"__button91-img\"]"}
RESULT: {"using":"xpath","value":"//*[@id=\"__button91-img\"]"}
COMMAND: POST /session/7ceb9c4207408afb27fb3a73a7391b04/element/f.0A3556A37C534166386D2A4E113E99D8.d.0A21E9D8B0D84941F9C761551FF0F3F6.e.8077/click - {}
RESULT: {}
COMMAND: GET /session/7ceb9c4207408afb27fb3a73a7391b04/screenshot - {}
RESULT: {}
RESULT: undefined
COMMAND: POST /session/7ceb9c4207408afb27fb3a73a7391b04/element - {"using":"xpath","value":"//*[@id=\"__button64-img\"]"}
RESULT: {"using":"xpath","value":"//*[@id=\"__button64-img\"]"}
COMMAND: POST /session/7ceb9c4207408afb27fb3a73a7391b04/element/f.0A3556A37C534166386D2A4E113E99D8.d.0A21E9D8B0D84941F9C761551FF0F3F6.e.8166/click - {}
RESULT: {}
COMMAND: GET /session/7ceb9c4207408afb27fb3a73a7391b04/screenshot - {}
RESULT: {}
RESULT: undefined
COMMAND: POST /session/7ceb9c4207408afb27fb3a73a7391b04/execute/async - {"script":"<script> [776 bytes]","args":[{"enterText":"SecondSection131m4","selector":{"id":"application-managecatalogs-display-component---masterCatalogItems--searchItemsField","interaction":{"idSuffix":"I"}},"clearTextFirst":true,"interactionType":"ENTER_TEXT"}]}
RESULT: {"script":"<script> [776 bytes]","args":[{"enterText":"SecondSection131m4","selector":{"id":"application-managecatalogs-display-component---masterCatalogItems--searchItemsField","interaction":{"idSuffix":"I"}},"clearTextFirst":true,"interactionType":"ENTER_TEXT"}]}
COMMAND: POST /session/7ceb9c4207408afb27fb3a73a7391b04/actions - {"actions":[{"id":"action49","type":"key","parameters":{},"actions":[{"type":"keyDown","value":""},{"type":"pause","duration":10},{"type":"keyUp","value":""}]}]}
RESULT: {"actions":[{"id":"action49","type":"key","parameters":{},"actions":[{"type":"keyDown","value":""},{"type":"pause","duration":10},{"type":"keyUp","value":""}]}]}
COMMAND: POST /session/7ceb9c4207408afb27fb3a73a7391b04/element - {"using":"xpath","value":"(//span[contains(text(), \"SecondSection131m4\")])[1]"}
COMMAND: GET /session/7ceb9c4207408afb27fb3a73a7391b04/screenshot - {}
RESULT: {"using":"xpath","value":"(//span[contains(text(), \"SecondSection131m4\")])[1]"}
COMMAND: POST /session/7ceb9c4207408afb27fb3a73a7391b04/element/f.0A3556A37C534166386D2A4E113E99D8.d.0A21E9D8B0D84941F9C761551FF0F3F6.e.8169/click - {}
RESULT: {}
RESULT: {}
COMMAND: POST /session/7ceb9c4207408afb27fb3a73a7391b04/element - {"using":"xpath","value":"(//span[contains(text(), \"SecondSection131m4\")])[1]"}
COMMAND: GET /session/7ceb9c4207408afb27fb3a73a7391b04/screenshot - {}
RESULT: {"using":"xpath","value":"(//span[contains(text(), \"SecondSection131m4\")])[1]"}
COMMAND: GET /session/7ceb9c4207408afb27fb3a73a7391b04/element/f.0A3556A37C534166386D2A4E113E99D8.d.0A21E9D8B0D84941F9C761551FF0F3F6.e.8169/text - {}
RESULT: {}
COMMAND: POST /session/7ceb9c4207408afb27fb3a73a7391b04/element - {"using":"xpath","value":"(//span[contains(text(), \"SecondSection131m4\")])[1]"}
RESULT: {"using":"xpath","value":"(//span[contains(text(), \"SecondSection131m4\")])[1]"}
COMMAND: GET /session/7ceb9c4207408afb27fb3a73a7391b04/element/f.0A3556A37C534166386D2A4E113E99D8.d.0A21E9D8B0D84941F9C761551FF0F3F6.e.8169/text - {}
COMMAND: POST /session/7ceb9c4207408afb27fb3a73a7391b04/element - {"using":"xpath","value":"(//span[contains(text(), \"SecondSection131m4\")])[1]"}
RESULT: {"using":"xpath","value":"(//span[contains(text(), \"SecondSection131m4\")])[1]"}
COMMAND: GET /session/7ceb9c4207408afb27fb3a73a7391b04/element/f.0A3556A37C534166386D2A4E113E99D8.d.0A21E9D8B0D84941F9C761551FF0F3F6.e.8221/text - {}
RESULT: {}
COMMAND: POST /session/7ceb9c4207408afb27fb3a73a7391b04/refresh - {}
RESULT: {}
COMMAND: GET /session/7ceb9c4207408afb27fb3a73a7391b04/screenshot - {}
RESULT: {}
COMMAND: POST /session/7ceb9c4207408afb27fb3a73a7391b04/execute/async - {"script":"<script> [189 bytes]","args":[]}
RESULT: {"script":"<script> [189 bytes]","args":[]}
COMMAND: POST /session/7ceb9c4207408afb27fb3a73a7391b04/execute/async - {"script":"<script> [123 bytes]","args":[]}
RESULT: {"script":"<script> [123 bytes]","args":[]}
COMMAND: POST /session/7ceb9c4207408afb27fb3a73a7391b04/timeouts - {"script":"<number>"}
RESULT: {"script":"<number>"}
COMMAND: GET /session/7ceb9c4207408afb27fb3a73a7391b04/timeouts - {}
RESULT: {}
RESULT: undefined
COMMAND: POST /session/7ceb9c4207408afb27fb3a73a7391b04/execute/async - {"script":"<script> [2676 bytes]","args":[]}
RESULT: {"script":"<script> [2676 bytes]","args":[]}
COMMAND: POST /session/7ceb9c4207408afb27fb3a73a7391b04/execute/async - {"script":"<script> [2342 bytes]","args":[{"protocol":"http","hostname":"0.0.0.0","path":"/","capabilities":{"browserName":"chrome","goog:chromeOptions":{"binary":"C:\\Program Files\\Google\\Chrome\\Application\\chrome.exe","args":["--start-maximized"]}},"logLevel":"warn","connectionRetryTimeout":120000,"connectionRetryCount":3,"logLevels":{},"enableDirectConnect":true,"strictSSL":true,"_":"65 more keys: [\"cacheDir\",\"port\",\"requestedCapabilities\",\"automationProtocol\",\"baseUrl\",\"waitforInterval\",\"waitforTimeout\",\"onReload\",\"beforeCommand\",\"afterCommand\",\"rootDir\",\"specs\",\"suites\",\"exclude\",\"groupLogsByTestSpec\",\"excludeDriverLogs\",\"bail\",\"framework\",\"reporters\",\"services\",\"maxInstances\",\"maxInstancesPerCapability\",\"injectGlobals\",\"filesToWatch\",\"execArgv\",\"runnerEnv\",\"runner\",\"shard\",\"specFileRetries\",\"specFileRetriesDelay\",\"specFileRetriesDeferred\",\"reporterSyncInterval\",\"reporterSyncTimeout\",\"cucumberFeaturesWithLineNumbers\",\"autoCompileOpts\",\"mochaOpts\",\"jasmineOpts\",\"cucumberOpts\",\"onPrepare\",\"onWorkerStart\",\"onWorkerEnd\",\"before\",\"beforeSession\",\"beforeSuite\",\"beforeHook\",\"beforeTest\",\"afterTest\",\"afterHook\",\"afterSuite\",\"afterSession\",\"after\",\"onComplete\",\"beforeAssertion\",\"afterAssertion\",\"beforeFeature\",\"beforeScenario\",\"beforeStep\",\"afterStep\",\"afterScenario\",\"afterFeature\",\"_\",\"suite\",\"$0\",\"ignoredWorkerServices\",\"wdi5\"]"}]}
RESULT: {"script":"<script> [2342 bytes]","args":[{"protocol":"http","hostname":"0.0.0.0","path":"/","capabilities":{"browserName":"chrome","goog:chromeOptions":{"binary":"C:\\Program Files\\Google\\Chrome\\Application\\chrome.exe","args":["--start-maximized"]}},"logLevel":"warn","connectionRetryTimeout":120000,"connectionRetryCount":3,"logLevels":{},"enableDirectConnect":true,"strictSSL":true,"_":"65 more keys: [\"cacheDir\",\"port\",\"requestedCapabilities\",\"automationProtocol\",\"baseUrl\",\"waitforInterval\",\"waitforTimeout\",\"onReload\",\"beforeCommand\",\"afterCommand\",\"rootDir\",\"specs\",\"suites\",\"exclude\",\"groupLogsByTestSpec\",\"excludeDriverLogs\",\"bail\",\"framework\",\"reporters\",\"services\",\"maxInstances\",\"maxInstancesPerCapability\",\"injectGlobals\",\"filesToWatch\",\"execArgv\",\"runnerEnv\",\"runner\",\"shard\",\"specFileRetries\",\"specFileRetriesDelay\",\"specFileRetriesDeferred\",\"reporterSyncInterval\",\"reporterSyncTimeout\",\"cucumberFeaturesWithLineNumbers\",\"autoCompileOpts\",\"mochaOpts\",\"jasmineOpts\",\"cucumberOpts\",\"onPrepare\",\"onWorkerStart\",\"onWorkerEnd\",\"before\",\"beforeSession\",\"beforeSuite\",\"beforeHook\",\"beforeTest\",\"afterTest\",\"afterHook\",\"afterSuite\",\"afterSession\",\"after\",\"onComplete\",\"beforeAssertion\",\"afterAssertion\",\"beforeFeature\",\"beforeScenario\",\"beforeStep\",\"afterStep\",\"afterScenario\",\"afterFeature\",\"_\",\"suite\",\"$0\",\"ignoredWorkerServices\",\"wdi5\"]"}]}
COMMAND: POST /session/7ceb9c4207408afb27fb3a73a7391b04/execute/async - {"script":"<script> [21126 bytes]","args":[35000]}
RESULT: {"script":"<script> [21126 bytes]","args":[35000]}
COMMAND: POST /session/7ceb9c4207408afb27fb3a73a7391b04/execute/async - {"script":"<script> [1562 bytes]","args":[{"selector":{"controlType":"sap.m.Button","viewName":"etm.portal.ui.managecatalogs.view.Detail","viewId":"application-managecatalogs-display-component---detailCatalog","i18NText":{"propertyName":"text","key":"edit"},"interaction":{"idSuffix":"BDI-content"}},"wdio_ui5_key":"etmportal.ui.managecatalogs.view.Detailsap.m.Button{\"propertyName\":\"text\",\"key\":\"edit\"}"}]}
RESULT: {"script":"<script> [1562 bytes]","args":[{"selector":{"controlType":"sap.m.Button","viewName":"etm.portal.ui.managecatalogs.view.Detail","viewId":"application-managecatalogs-display-component---detailCatalog","i18NText":{"propertyName":"text","key":"edit"},"interaction":{"idSuffix":"BDI-content"}},"wdio_ui5_key":"etmportal.ui.managecatalogs.view.Detailsap.m.Button{\"propertyName\":\"text\",\"key\":\"edit\"}"}]}
RESULT: undefined
COMMAND: POST /session/7ceb9c4207408afb27fb3a73a7391b04/element - {"using":"xpath","value":"//*[@id=\"__button25\"]"}
RESULT: {"using":"xpath","value":"//*[@id=\"__button25\"]"}
COMMAND: POST /session/7ceb9c4207408afb27fb3a73a7391b04/element/f.0A3556A37C534166386D2A4E113E99D8.d.EBA55DF7EB443B9599B32653A930C8E9.e.8277/click - {}
RESULT: {}
COMMAND: POST /session/7ceb9c4207408afb27fb3a73a7391b04/execute/async - {"script":"<script> [1562 bytes]","args":[{"selector":{"controlType":"sap.ui.core.Icon","viewName":"etm.portal.ui.managecatalogs.view.Detail","viewId":"application-managecatalogs-display-component---detailCatalog","properties":{"src":{"regex":{"source":"add\\-document"}}}},"wdio_ui5_key":"etmportal.ui.managecatalogs.view.Detailsap.ui.core.Icon{\"src\":{\"regex\":{\"source\":\"add\\\\-document\"}}}"}]}
COMMAND: GET /session/7ceb9c4207408afb27fb3a73a7391b04/screenshot - {}
RESULT: {"script":"<script> [1562 bytes]","args":[{"selector":{"controlType":"sap.ui.core.Icon","viewName":"etm.portal.ui.managecatalogs.view.Detail","viewId":"application-managecatalogs-display-component---detailCatalog","properties":{"src":{"regex":{"source":"add\\-document"}}}},"wdio_ui5_key":"etmportal.ui.managecatalogs.view.Detailsap.ui.core.Icon{\"src\":{\"regex\":{\"source\":\"add\\\\-document\"}}}"}]}
RESULT: undefined
COMMAND: POST /session/7ceb9c4207408afb27fb3a73a7391b04/element - {"using":"xpath","value":"//*[@id=\"__button34-img\"]"}
RESULT: {}
RESULT: {"using":"xpath","value":"//*[@id=\"__button34-img\"]"}
COMMAND: POST /session/7ceb9c4207408afb27fb3a73a7391b04/element/f.0A3556A37C534166386D2A4E113E99D8.d.EBA55DF7EB443B9599B32653A930C8E9.e.8284/click - {}
RESULT: {}
COMMAND: POST /session/7ceb9c4207408afb27fb3a73a7391b04/execute/async - {"script":"<script> [1562 bytes]","args":[{"selector":{"id":"application-managecatalogs-display-component---detailCatalog--newItemNumberInput","searchOpenDialogs":true,"interaction":{"idSuffix":"inner"}},"wdio_ui5_key":"applicationmanagecatalogs-display-component---detailCatalog--newItemNumberInput"}]}
COMMAND: GET /session/7ceb9c4207408afb27fb3a73a7391b04/screenshot - {}
RESULT: {"script":"<script> [1562 bytes]","args":[{"selector":{"id":"application-managecatalogs-display-component---detailCatalog--newItemNumberInput","searchOpenDialogs":true,"interaction":{"idSuffix":"inner"}},"wdio_ui5_key":"applicationmanagecatalogs-display-component---detailCatalog--newItemNumberInput"}]}
RESULT: undefined
COMMAND: POST /session/7ceb9c4207408afb27fb3a73a7391b04/execute/async - {"script":"<script> [776 bytes]","args":[{"enterText":"catalogItemr9iev","selector":{"id":"application-managecatalogs-display-component---detailCatalog--newItemNumberInput","searchOpenDialogs":true,"interaction":{"idSuffix":"inner"}},"clearTextFirst":true,"interactionType":"ENTER_TEXT"}]}
RESULT: {}
RESULT: {"script":"<script> [776 bytes]","args":[{"enterText":"catalogItemr9iev","selector":{"id":"application-managecatalogs-display-component---detailCatalog--newItemNumberInput","searchOpenDialogs":true,"interaction":{"idSuffix":"inner"}},"clearTextFirst":true,"interactionType":"ENTER_TEXT"}]}
COMMAND: POST /session/7ceb9c4207408afb27fb3a73a7391b04/execute/async - {"script":"<script> [1562 bytes]","args":[{"selector":{"controlType":"sap.m.Input","viewName":"etm.portal.ui.managecatalogs.view.Detail","viewId":"application-managecatalogs-display-component---detailCatalog","bindingPath":{"path":"","propertyPath":"/DESCRIPTION"},"searchOpenDialogs":true,"interaction":{"idSuffix":"inner"}},"wdio_ui5_key":"etmportal.ui.managecatalogs.view.Detailsap.m.Input{\"path\":\"\",\"propertyPath\":\"/DESCRIPTION\"}"}]}
RESULT: {"script":"<script> [1562 bytes]","args":[{"selector":{"controlType":"sap.m.Input","viewName":"etm.portal.ui.managecatalogs.view.Detail","viewId":"application-managecatalogs-display-component---detailCatalog","bindingPath":{"path":"","propertyPath":"/DESCRIPTION"},"searchOpenDialogs":true,"interaction":{"idSuffix":"inner"}},"wdio_ui5_key":"etmportal.ui.managecatalogs.view.Detailsap.m.Input{\"path\":\"\",\"propertyPath\":\"/DESCRIPTION\"}"}]}
RESULT: undefined
COMMAND: POST /session/7ceb9c4207408afb27fb3a73a7391b04/execute/async - {"script":"<script> [776 bytes]","args":[{"enterText":"catalogItemNamezw4dv","selector":{"controlType":"sap.m.Input","viewName":"etm.portal.ui.managecatalogs.view.Detail","viewId":"application-managecatalogs-display-component---detailCatalog","bindingPath":{"path":"","propertyPath":"/DESCRIPTION"},"searchOpenDialogs":true,"interaction":{"idSuffix":"inner"}},"clearTextFirst":true,"interactionType":"ENTER_TEXT"}]}
RESULT: {"script":"<script> [776 bytes]","args":[{"enterText":"catalogItemNamezw4dv","selector":{"controlType":"sap.m.Input","viewName":"etm.portal.ui.managecatalogs.view.Detail","viewId":"application-managecatalogs-display-component---detailCatalog","bindingPath":{"path":"","propertyPath":"/DESCRIPTION"},"searchOpenDialogs":true,"interaction":{"idSuffix":"inner"}},"clearTextFirst":true,"interactionType":"ENTER_TEXT"}]}
COMMAND: POST /session/7ceb9c4207408afb27fb3a73a7391b04/execute/async - {"script":"<script> [1562 bytes]","args":[{"selector":{"controlType":"sap.m.Button","viewName":"etm.portal.ui.managecatalogs.view.Detail","viewId":"application-managecatalogs-display-component---detailCatalog","i18NText":{"propertyName":"text","key":"create"},"searchOpenDialogs":true,"interaction":{"idSuffix":"BDI-content"}},"wdio_ui5_key":"etmportal.ui.managecatalogs.view.Detailsap.m.Button{\"propertyName\":\"text\",\"key\":\"create\"}"}]}
RESULT: {"script":"<script> [1562 bytes]","args":[{"selector":{"controlType":"sap.m.Button","viewName":"etm.portal.ui.managecatalogs.view.Detail","viewId":"application-managecatalogs-display-component---detailCatalog","i18NText":{"propertyName":"text","key":"create"},"searchOpenDialogs":true,"interaction":{"idSuffix":"BDI-content"}},"wdio_ui5_key":"etmportal.ui.managecatalogs.view.Detailsap.m.Button{\"propertyName\":\"text\",\"key\":\"create\"}"}]}
RESULT: undefined
COMMAND: POST /session/7ceb9c4207408afb27fb3a73a7391b04/element - {"using":"xpath","value":"//*[@id=\"__button9\"]"}
RESULT: {"using":"xpath","value":"//*[@id=\"__button9\"]"}
COMMAND: POST /session/7ceb9c4207408afb27fb3a73a7391b04/element/f.0A3556A37C534166386D2A4E113E99D8.d.EBA55DF7EB443B9599B32653A930C8E9.e.8293/click - {}
RESULT: {}
COMMAND: GET /session/7ceb9c4207408afb27fb3a73a7391b04/screenshot - {}
RESULT: {}
COMMAND: POST /session/7ceb9c4207408afb27fb3a73a7391b04/element - {"using":"xpath","value":"//button[@title=\"Save\"]"}
RESULT: {"using":"xpath","value":"//button[@title=\"Save\"]"}
COMMAND: POST /session/7ceb9c4207408afb27fb3a73a7391b04/element/f.0A3556A37C534166386D2A4E113E99D8.d.EBA55DF7EB443B9599B32653A930C8E9.e.8294/click - {}
RESULT: {}
COMMAND: GET /session/7ceb9c4207408afb27fb3a73a7391b04/screenshot - {}
RESULT: {}
COMMAND: POST /session/7ceb9c4207408afb27fb3a73a7391b04/execute/async - {"script":"<script> [1562 bytes]","args":[{"selector":{"controlType":"sap.ui.core.Icon","viewName":"etm.portal.ui.managecatalogs.view.Detail","viewId":"application-managecatalogs-display-component---detailCatalog","properties":{"src":{"regex":{"source":"decline"}}}},"wdio_ui5_key":"etmportal.ui.managecatalogs.view.Detailsap.ui.core.Icon{\"src\":{\"regex\":{\"source\":\"decline\"}}}"}]}
RESULT: {"script":"<script> [1562 bytes]","args":[{"selector":{"controlType":"sap.ui.core.Icon","viewName":"etm.portal.ui.managecatalogs.view.Detail","viewId":"application-managecatalogs-display-component---detailCatalog","properties":{"src":{"regex":{"source":"decline"}}}},"wdio_ui5_key":"etmportal.ui.managecatalogs.view.Detailsap.ui.core.Icon{\"src\":{\"regex\":{\"source\":\"decline\"}}}"}]}
RESULT: undefined
COMMAND: POST /session/7ceb9c4207408afb27fb3a73a7391b04/element - {"using":"xpath","value":"//*[@id=\"__button28-img\"]"}
RESULT: {"using":"xpath","value":"//*[@id=\"__button28-img\"]"}
COMMAND: POST /session/7ceb9c4207408afb27fb3a73a7391b04/element/f.0A3556A37C534166386D2A4E113E99D8.d.EBA55DF7EB443B9599B32653A930C8E9.e.8299/click - {}
RESULT: {}
COMMAND: GET /session/7ceb9c4207408afb27fb3a73a7391b04/screenshot - {}
RESULT: {}
COMMAND: POST /session/7ceb9c4207408afb27fb3a73a7391b04/execute/async - {"script":"<script> [1562 bytes]","args":[{"selector":{"controlType":"sap.ui.core.Icon","viewName":"etm.portal.ui.managecatalogs.view.MasterItems","viewId":"application-managecatalogs-display-component---masterCatalogItems","properties":{"src":{"regex":{"source":"refresh"}}}},"wdio_ui5_key":"etmportal.ui.managecatalogs.view.MasterItemssap.ui.core.Icon{\"src\":{\"regex\":{\"source\":\"refresh\"}}}"}]}
RESULT: {"script":"<script> [1562 bytes]","args":[{"selector":{"controlType":"sap.ui.core.Icon","viewName":"etm.portal.ui.managecatalogs.view.MasterItems","viewId":"application-managecatalogs-display-component---masterCatalogItems","properties":{"src":{"regex":{"source":"refresh"}}}},"wdio_ui5_key":"etmportal.ui.managecatalogs.view.MasterItemssap.ui.core.Icon{\"src\":{\"regex\":{\"source\":\"refresh\"}}}"}]}
RESULT: undefined
COMMAND: POST /session/7ceb9c4207408afb27fb3a73a7391b04/element - {"using":"xpath","value":"//*[@id=\"__button1-img\"]"}
RESULT: {"using":"xpath","value":"//*[@id=\"__button1-img\"]"}
COMMAND: POST /session/7ceb9c4207408afb27fb3a73a7391b04/element/f.0A3556A37C534166386D2A4E113E99D8.d.EBA55DF7EB443B9599B32653A930C8E9.e.8308/click - {}
RESULT: {}
COMMAND: GET /session/7ceb9c4207408afb27fb3a73a7391b04/screenshot - {}
RESULT: {}
COMMAND: POST /session/7ceb9c4207408afb27fb3a73a7391b04/execute/async - {"script":"<script> [1562 bytes]","args":[{"selector":{"id":"application-managecatalogs-display-component---masterCatalogItems--searchItemsField","interaction":{"idSuffix":"I"}},"wdio_ui5_key":"applicationmanagecatalogs-display-component---masterCatalogItems--searchItemsField"}]}
RESULT: {"script":"<script> [1562 bytes]","args":[{"selector":{"id":"application-managecatalogs-display-component---masterCatalogItems--searchItemsField","interaction":{"idSuffix":"I"}},"wdio_ui5_key":"applicationmanagecatalogs-display-component---masterCatalogItems--searchItemsField"}]}
RESULT: undefined
COMMAND: POST /session/7ceb9c4207408afb27fb3a73a7391b04/execute/async - {"script":"<script> [776 bytes]","args":[{"enterText":"catalogItemNamezw4dv","selector":{"id":"application-managecatalogs-display-component---masterCatalogItems--searchItemsField","interaction":{"idSuffix":"I"}},"clearTextFirst":true,"interactionType":"ENTER_TEXT"}]}
RESULT: {"script":"<script> [776 bytes]","args":[{"enterText":"catalogItemNamezw4dv","selector":{"id":"application-managecatalogs-display-component---masterCatalogItems--searchItemsField","interaction":{"idSuffix":"I"}},"clearTextFirst":true,"interactionType":"ENTER_TEXT"}]}
COMMAND: POST /session/7ceb9c4207408afb27fb3a73a7391b04/actions - {"actions":[{"id":"action50","type":"key","parameters":{},"actions":[{"type":"keyDown","value":""},{"type":"pause","duration":10},{"type":"keyUp","value":""}]}]}
RESULT: {"actions":[{"id":"action50","type":"key","parameters":{},"actions":[{"type":"keyDown","value":""},{"type":"pause","duration":10},{"type":"keyUp","value":""}]}]}
COMMAND: POST /session/7ceb9c4207408afb27fb3a73a7391b04/element - {"using":"xpath","value":"(//span[contains(text(), \"catalogItemNamezw4dv\")])[1]"}
COMMAND: GET /session/7ceb9c4207408afb27fb3a73a7391b04/screenshot - {}
RESULT: {"using":"xpath","value":"(//span[contains(text(), \"catalogItemNamezw4dv\")])[1]"}
COMMAND: POST /session/7ceb9c4207408afb27fb3a73a7391b04/element/f.0A3556A37C534166386D2A4E113E99D8.d.EBA55DF7EB443B9599B32653A930C8E9.e.8345/click - {}
RESULT: {}
RESULT: {}
COMMAND: GET /session/7ceb9c4207408afb27fb3a73a7391b04/screenshot - {}
RESULT: {}
COMMAND: POST /session/7ceb9c4207408afb27fb3a73a7391b04/element - {"using":"xpath","value":"//span[contains(text(), \"catalogItemr9iev\")]"}
RESULT: {"using":"xpath","value":"//span[contains(text(), \"catalogItemr9iev\")]"}
COMMAND: GET /session/7ceb9c4207408afb27fb3a73a7391b04/element/f.0A3556A37C534166386D2A4E113E99D8.d.EBA55DF7EB443B9599B32653A930C8E9.e.8409/text - {}
RESULT: {}
]]></system-out>
    </testcase>
    <testcase classname="chrome.136_0_7103_93.windows.Manage_requests_-_requests_specifications_US141095" name="Should add the classification to the catalog item" time="43.433">
      <system-out><![CDATA[
RESULT: undefined
COMMAND: POST /session/7ceb9c4207408afb27fb3a73a7391b04/element - {"using":"xpath","value":"//*[@id=\"__button25\"]"}
RESULT: {"using":"xpath","value":"//*[@id=\"__button25\"]"}
COMMAND: POST /session/7ceb9c4207408afb27fb3a73a7391b04/element/f.0A3556A37C534166386D2A4E113E99D8.d.EBA55DF7EB443B9599B32653A930C8E9.e.8410/click - {}
RESULT: {}
COMMAND: GET /session/7ceb9c4207408afb27fb3a73a7391b04/screenshot - {}
RESULT: {}
COMMAND: POST /session/7ceb9c4207408afb27fb3a73a7391b04/execute/async - {"script":"<script> [1562 bytes]","args":[{"selector":{"id":"application-managecatalogs-display-component---detailCatalog--BASE_UNIT_OF_MEASURE-arrow"},"wdio_ui5_key":"applicationmanagecatalogs-display-component---detailCatalog--BASE_UNIT_OF_MEASURE-arrow"}]}
RESULT: {"script":"<script> [1562 bytes]","args":[{"selector":{"id":"application-managecatalogs-display-component---detailCatalog--BASE_UNIT_OF_MEASURE-arrow"},"wdio_ui5_key":"applicationmanagecatalogs-display-component---detailCatalog--BASE_UNIT_OF_MEASURE-arrow"}]}
RESULT: undefined
COMMAND: POST /session/7ceb9c4207408afb27fb3a73a7391b04/element - {"using":"xpath","value":"//*[@id=\"application-managecatalogs-display-component---detailCatalog--BASE_UNIT_OF_MEASURE-arrow\"]"}
RESULT: {"using":"xpath","value":"//*[@id=\"application-managecatalogs-display-component---detailCatalog--BASE_UNIT_OF_MEASURE-arrow\"]"}
COMMAND: POST /session/7ceb9c4207408afb27fb3a73a7391b04/element/f.0A3556A37C534166386D2A4E113E99D8.d.EBA55DF7EB443B9599B32653A930C8E9.e.8438/click - {}
RESULT: {}
COMMAND: POST /session/7ceb9c4207408afb27fb3a73a7391b04/execute/async - {"script":"<script> [1562 bytes]","args":[{"selector":{"controlType":"sap.m.StandardListItem","viewName":"etm.portal.ui.managecatalogs.view.Detail","viewId":"application-managecatalogs-display-component---detailCatalog","properties":{"title":"Piece"},"searchOpenDialogs":true,"interaction":{"idSuffix":"titleText"}},"wdio_ui5_key":"etmportal.ui.managecatalogs.view.Detailsap.m.StandardListItem{\"title\":\"Piece\"}"}]}
COMMAND: GET /session/7ceb9c4207408afb27fb3a73a7391b04/screenshot - {}
RESULT: {"script":"<script> [1562 bytes]","args":[{"selector":{"controlType":"sap.m.StandardListItem","viewName":"etm.portal.ui.managecatalogs.view.Detail","viewId":"application-managecatalogs-display-component---detailCatalog","properties":{"title":"Piece"},"searchOpenDialogs":true,"interaction":{"idSuffix":"titleText"}},"wdio_ui5_key":"etmportal.ui.managecatalogs.view.Detailsap.m.StandardListItem{\"title\":\"Piece\"}"}]}
RESULT: undefined
COMMAND: POST /session/7ceb9c4207408afb27fb3a73a7391b04/element - {"using":"xpath","value":"//*[@id=\"__item223\"]"}
RESULT: {}
RESULT: {"using":"xpath","value":"//*[@id=\"__item223\"]"}
COMMAND: POST /session/7ceb9c4207408afb27fb3a73a7391b04/element/f.0A3556A37C534166386D2A4E113E99D8.d.EBA55DF7EB443B9599B32653A930C8E9.e.8442/click - {}
RESULT: {}
COMMAND: POST /session/7ceb9c4207408afb27fb3a73a7391b04/element - {"using":"xpath","value":"//button[contains(@data-kt ,\"ClassificationAddClassButton\")]"}
COMMAND: GET /session/7ceb9c4207408afb27fb3a73a7391b04/screenshot - {}
RESULT: {"using":"xpath","value":"//button[contains(@data-kt ,\"ClassificationAddClassButton\")]"}
COMMAND: POST /session/7ceb9c4207408afb27fb3a73a7391b04/element/f.0A3556A37C534166386D2A4E113E99D8.d.EBA55DF7EB443B9599B32653A930C8E9.e.8443/click - {}
RESULT: {}
RESULT: {}
COMMAND: GET /session/7ceb9c4207408afb27fb3a73a7391b04/screenshot - {}
RESULT: {}
COMMAND: POST /session/7ceb9c4207408afb27fb3a73a7391b04/element - {"using":"xpath","value":"//input[contains(@id ,\"searchField-I\")]"}
RESULT: {"using":"xpath","value":"//input[contains(@id ,\"searchField-I\")]"}
COMMAND: POST /session/7ceb9c4207408afb27fb3a73a7391b04/element/f.0A3556A37C534166386D2A4E113E99D8.d.EBA55DF7EB443B9599B32653A930C8E9.e.8446/value - {"text":"WebdriverItemClass1rhll"}
RESULT: {"text":"WebdriverItemClass1rhll"}
COMMAND: POST /session/7ceb9c4207408afb27fb3a73a7391b04/actions - {"actions":[{"id":"action51","type":"key","parameters":{},"actions":[{"type":"keyDown","value":""},{"type":"pause","duration":10},{"type":"keyUp","value":""}]}]}
COMMAND: GET /session/7ceb9c4207408afb27fb3a73a7391b04/screenshot - {}
RESULT: {"actions":[{"id":"action51","type":"key","parameters":{},"actions":[{"type":"keyDown","value":""},{"type":"pause","duration":10},{"type":"keyUp","value":""}]}]}
COMMAND: GET /session/7ceb9c4207408afb27fb3a73a7391b04/screenshot - {}
RESULT: {}
RESULT: {}
COMMAND: POST /session/7ceb9c4207408afb27fb3a73a7391b04/element - {"using":"xpath","value":"//span[contains(text(), \"WebdriverItemClass1rhll\")]"}
RESULT: {"using":"xpath","value":"//span[contains(text(), \"WebdriverItemClass1rhll\")]"}
COMMAND: POST /session/7ceb9c4207408afb27fb3a73a7391b04/element/f.0A3556A37C534166386D2A4E113E99D8.d.EBA55DF7EB443B9599B32653A930C8E9.e.8477/click - {}
RESULT: {}
COMMAND: GET /session/7ceb9c4207408afb27fb3a73a7391b04/screenshot - {}
RESULT: {}
COMMAND: POST /session/7ceb9c4207408afb27fb3a73a7391b04/execute/async - {"script":"<script> [1562 bytes]","args":[{"selector":{"controlType":"sap.m.Button","viewName":"etm.portal.ui.managecatalogs.view.Detail","viewId":"application-managecatalogs-display-component---detailCatalog","properties":{"text":"Classification"},"interaction":{"idSuffix":"BDI-content"}},"wdio_ui5_key":"etmportal.ui.managecatalogs.view.Detailsap.m.Button{\"text\":\"Classification\"}"}]}
RESULT: {"script":"<script> [1562 bytes]","args":[{"selector":{"controlType":"sap.m.Button","viewName":"etm.portal.ui.managecatalogs.view.Detail","viewId":"application-managecatalogs-display-component---detailCatalog","properties":{"text":"Classification"},"interaction":{"idSuffix":"BDI-content"}},"wdio_ui5_key":"etmportal.ui.managecatalogs.view.Detailsap.m.Button{\"text\":\"Classification\"}"}]}
RESULT: undefined
COMMAND: POST /session/7ceb9c4207408afb27fb3a73a7391b04/element - {"using":"xpath","value":"//*[@id=\"application-managecatalogs-display-component---detailCatalog--ObjectPageLayout-anchBar-__section3-anchor\"]"}
RESULT: {"using":"xpath","value":"//*[@id=\"application-managecatalogs-display-component---detailCatalog--ObjectPageLayout-anchBar-__section3-anchor\"]"}
COMMAND: POST /session/7ceb9c4207408afb27fb3a73a7391b04/element/f.0A3556A37C534166386D2A4E113E99D8.d.EBA55DF7EB443B9599B32653A930C8E9.e.8482/click - {}
RESULT: {}
COMMAND: POST /session/7ceb9c4207408afb27fb3a73a7391b04/execute/async - {"script":"<script> [1562 bytes]","args":[{"selector":{"controlType":"sap.ui.core.Icon","viewName":"etm.portal.ui.managecatalogs.view.Detail","viewId":"application-managecatalogs-display-component---detailCatalog","properties":{"src":{"regex":{"source":"slim\\-arrow\\-right"}}},"ancestor":{"controlType":"sap.m.Panel","viewName":"etm.portal.ui.managecatalogs.view.Detail","viewId":"application-managecatalogs-display-component---detailCatalog"}},"wdio_ui5_key":"etmportal.ui.managecatalogs.view.Detailsap.ui.core.Icon{\"src\":{\"regex\":{\"source\":\"slim\\\\-arrow\\\\-right\"}}}{\"controlType\":\"sap.m.Panel\",\"viewName\":\"etm.portal.ui.managecatalogs.view.Detail\",\"viewId\":\"application-managecatalogs-display-component---detailCatalog\"}"}]}
COMMAND: GET /session/7ceb9c4207408afb27fb3a73a7391b04/screenshot - {}
RESULT: {"script":"<script> [1562 bytes]","args":[{"selector":{"controlType":"sap.ui.core.Icon","viewName":"etm.portal.ui.managecatalogs.view.Detail","viewId":"application-managecatalogs-display-component---detailCatalog","properties":{"src":{"regex":{"source":"slim\\-arrow\\-right"}}},"ancestor":{"controlType":"sap.m.Panel","viewName":"etm.portal.ui.managecatalogs.view.Detail","viewId":"application-managecatalogs-display-component---detailCatalog"}},"wdio_ui5_key":"etmportal.ui.managecatalogs.view.Detailsap.ui.core.Icon{\"src\":{\"regex\":{\"source\":\"slim\\\\-arrow\\\\-right\"}}}{\"controlType\":\"sap.m.Panel\",\"viewName\":\"etm.portal.ui.managecatalogs.view.Detail\",\"viewId\":\"application-managecatalogs-display-component---detailCatalog\"}"}]}
RESULT: undefined
COMMAND: POST /session/7ceb9c4207408afb27fb3a73a7391b04/element - {"using":"xpath","value":"//*[@id=\"__panel0-__layout17-0-expandButton-img\"]"}
RESULT: {}
RESULT: {"using":"xpath","value":"//*[@id=\"__panel0-__layout17-0-expandButton-img\"]"}
COMMAND: POST /session/7ceb9c4207408afb27fb3a73a7391b04/element/f.0A3556A37C534166386D2A4E113E99D8.d.EBA55DF7EB443B9599B32653A930C8E9.e.8488/click - {}
RESULT: {}
COMMAND: POST /session/7ceb9c4207408afb27fb3a73a7391b04/execute/async - {"script":"<script> [1562 bytes]","args":[{"selector":{"controlType":"sap.ui.core.Icon","viewName":"etm.portal.ui.managecatalogs.view.Detail","viewId":"application-managecatalogs-display-component---detailCatalog","properties":{"src":{"regex":{"source":"slim\\-arrow\\-down"}}},"ancestor":{"controlType":"sap.m.ColumnListItem","viewName":"etm.portal.ui.managecatalogs.view.Detail","viewId":"application-managecatalogs-display-component---detailCatalog","bindingPath":{"modelName":"classModel","path":"/data/0/PROPERTIES/0"},"ancestor":{"controlType":"sap.m.Table","viewName":"etm.portal.ui.managecatalogs.view.Detail","viewId":"application-managecatalogs-display-component---detailCatalog","bindingPath":{"path":"/data/0","propertyPath":"PROPERTIES","modelName":"classModel"}}}},"wdio_ui5_key":"etmportal.ui.managecatalogs.view.Detailsap.ui.core.Icon{\"src\":{\"regex\":{\"source\":\"slim\\\\-arrow\\\\-down\"}}}{\"controlType\":\"sap.m.ColumnListItem\",\"viewName\":\"etm.portal.ui.managecatalogs.view.Detail\",\"viewId\":\"application-managecatalogs-display-component---detailCatalog\",\"bindingPath\":{\"modelName\":\"classModel\",\"path\":\"/data/0/PROPERTIES/0\"},\"ancestor\":{\"controlType\":\"sap.m.Table\",\"viewName\":\"etm.portal.ui.managecatalogs.view.Detail\",\"viewId\":\"application-managecatalogs-display-component---detailCatalog\",\"bindingPath\":{\"path\":\"/data/0\",\"propertyPath\":\"PROPERTIES\",\"modelName\":\"classModel\"}}}"}]}
COMMAND: GET /session/7ceb9c4207408afb27fb3a73a7391b04/screenshot - {}
RESULT: {"script":"<script> [1562 bytes]","args":[{"selector":{"controlType":"sap.ui.core.Icon","viewName":"etm.portal.ui.managecatalogs.view.Detail","viewId":"application-managecatalogs-display-component---detailCatalog","properties":{"src":{"regex":{"source":"slim\\-arrow\\-down"}}},"ancestor":{"controlType":"sap.m.ColumnListItem","viewName":"etm.portal.ui.managecatalogs.view.Detail","viewId":"application-managecatalogs-display-component---detailCatalog","bindingPath":{"modelName":"classModel","path":"/data/0/PROPERTIES/0"},"ancestor":{"controlType":"sap.m.Table","viewName":"etm.portal.ui.managecatalogs.view.Detail","viewId":"application-managecatalogs-display-component---detailCatalog","bindingPath":{"path":"/data/0","propertyPath":"PROPERTIES","modelName":"classModel"}}}},"wdio_ui5_key":"etmportal.ui.managecatalogs.view.Detailsap.ui.core.Icon{\"src\":{\"regex\":{\"source\":\"slim\\\\-arrow\\\\-down\"}}}{\"controlType\":\"sap.m.ColumnListItem\",\"viewName\":\"etm.portal.ui.managecatalogs.view.Detail\",\"viewId\":\"application-managecatalogs-display-component---detailCatalog\",\"bindingPath\":{\"modelName\":\"classModel\",\"path\":\"/data/0/PROPERTIES/0\"},\"ancestor\":{\"controlType\":\"sap.m.Table\",\"viewName\":\"etm.portal.ui.managecatalogs.view.Detail\",\"viewId\":\"application-managecatalogs-display-component---detailCatalog\",\"bindingPath\":{\"path\":\"/data/0\",\"propertyPath\":\"PROPERTIES\",\"modelName\":\"classModel\"}}}"}]}
RESULT: undefined
COMMAND: POST /session/7ceb9c4207408afb27fb3a73a7391b04/element - {"using":"xpath","value":"//*[@id=\"__box31-arrow\"]"}
RESULT: {}
RESULT: {"using":"xpath","value":"//*[@id=\"__box31-arrow\"]"}
COMMAND: POST /session/7ceb9c4207408afb27fb3a73a7391b04/element/f.0A3556A37C534166386D2A4E113E99D8.d.EBA55DF7EB443B9599B32653A930C8E9.e.8501/click - {}
RESULT: {}
COMMAND: POST /session/7ceb9c4207408afb27fb3a73a7391b04/execute/async - {"script":"<script> [1562 bytes]","args":[{"selector":{"controlType":"sap.m.StandardListItem","viewName":"etm.portal.ui.managecatalogs.view.Detail","viewId":"application-managecatalogs-display-component---detailCatalog","properties":{"title":"red"},"searchOpenDialogs":true,"interaction":{"idSuffix":"content"}},"wdio_ui5_key":"etmportal.ui.managecatalogs.view.Detailsap.m.StandardListItem{\"title\":\"red\"}"}]}
COMMAND: GET /session/7ceb9c4207408afb27fb3a73a7391b04/screenshot - {}
RESULT: {"script":"<script> [1562 bytes]","args":[{"selector":{"controlType":"sap.m.StandardListItem","viewName":"etm.portal.ui.managecatalogs.view.Detail","viewId":"application-managecatalogs-display-component---detailCatalog","properties":{"title":"red"},"searchOpenDialogs":true,"interaction":{"idSuffix":"content"}},"wdio_ui5_key":"etmportal.ui.managecatalogs.view.Detailsap.m.StandardListItem{\"title\":\"red\"}"}]}
RESULT: undefined
COMMAND: POST /session/7ceb9c4207408afb27fb3a73a7391b04/element - {"using":"xpath","value":"//*[@id=\"__item231\"]"}
RESULT: {}
RESULT: {"using":"xpath","value":"//*[@id=\"__item231\"]"}
COMMAND: POST /session/7ceb9c4207408afb27fb3a73a7391b04/element/f.0A3556A37C534166386D2A4E113E99D8.d.EBA55DF7EB443B9599B32653A930C8E9.e.8504/click - {}
RESULT: {}
COMMAND: GET /session/7ceb9c4207408afb27fb3a73a7391b04/screenshot - {}
RESULT: {}
COMMAND: POST /session/7ceb9c4207408afb27fb3a73a7391b04/execute/async - {"script":"<script> [1562 bytes]","args":[{"selector":{"controlType":"sap.m.Button","viewName":"etm.portal.ui.managecatalogs.view.Detail","viewId":"application-managecatalogs-display-component---detailCatalog","i18NText":{"propertyName":"text","key":"save"},"interaction":{"idSuffix":"BDI-content"}},"wdio_ui5_key":"etmportal.ui.managecatalogs.view.Detailsap.m.Button{\"propertyName\":\"text\",\"key\":\"save\"}"}]}
RESULT: {"script":"<script> [1562 bytes]","args":[{"selector":{"controlType":"sap.m.Button","viewName":"etm.portal.ui.managecatalogs.view.Detail","viewId":"application-managecatalogs-display-component---detailCatalog","i18NText":{"propertyName":"text","key":"save"},"interaction":{"idSuffix":"BDI-content"}},"wdio_ui5_key":"etmportal.ui.managecatalogs.view.Detailsap.m.Button{\"propertyName\":\"text\",\"key\":\"save\"}"}]}
RESULT: undefined
COMMAND: POST /session/7ceb9c4207408afb27fb3a73a7391b04/element - {"using":"xpath","value":"//*[@id=\"__button43\"]"}
RESULT: {"using":"xpath","value":"//*[@id=\"__button43\"]"}
COMMAND: POST /session/7ceb9c4207408afb27fb3a73a7391b04/element/f.0A3556A37C534166386D2A4E113E99D8.d.EBA55DF7EB443B9599B32653A930C8E9.e.8412/click - {}
RESULT: {}
COMMAND: GET /session/7ceb9c4207408afb27fb3a73a7391b04/screenshot - {}
RESULT: {}
COMMAND: POST /session/7ceb9c4207408afb27fb3a73a7391b04/element - {"using":"css selector","value":"#shell-header-logo"}
RESULT: {"using":"css selector","value":"#shell-header-logo"}
COMMAND: POST /session/7ceb9c4207408afb27fb3a73a7391b04/element/f.0A3556A37C534166386D2A4E113E99D8.d.EBA55DF7EB443B9599B32653A930C8E9.e.8243/click - {}
RESULT: {}
COMMAND: GET /session/7ceb9c4207408afb27fb3a73a7391b04/screenshot - {}
]]></system-out>
    </testcase>
    <testcase classname="chrome.136_0_7103_93.windows.Manage_requests_-_requests_specifications_US141095" name="Should create a new request and add the catalog item with the specifications" time="172.031">
      <system-out><![CDATA[
COMMAND: POST /session/7ceb9c4207408afb27fb3a73a7391b04/execute/async - {"script":"<script> [1562 bytes]","args":[{"selector":{"controlType":"sap.m.GenericTile","properties":{"header":"Manage Requests"}},"wdio_ui5_key":"sapm.GenericTile{\"header\":\"Manage Requests\"}"}]}
RESULT: {}
RESULT: {"script":"<script> [1562 bytes]","args":[{"selector":{"controlType":"sap.m.GenericTile","properties":{"header":"Manage Requests"}},"wdio_ui5_key":"sapm.GenericTile{\"header\":\"Manage Requests\"}"}]}
RESULT: undefined
COMMAND: POST /session/7ceb9c4207408afb27fb3a73a7391b04/element - {"using":"xpath","value":"//*[@id=\"__tile47\"]"}
RESULT: {"using":"xpath","value":"//*[@id=\"__tile47\"]"}
COMMAND: POST /session/7ceb9c4207408afb27fb3a73a7391b04/element/f.0A3556A37C534166386D2A4E113E99D8.d.EBA55DF7EB443B9599B32653A930C8E9.e.8534/click - {}
RESULT: {}
COMMAND: GET /session/7ceb9c4207408afb27fb3a73a7391b04/screenshot - {}
RESULT: {}
COMMAND: POST /session/7ceb9c4207408afb27fb3a73a7391b04/elements - {"using":"xpath","value":"//span[text()='Error']"}
RESULT: {"using":"xpath","value":"//span[text()='Error']"}
COMMAND: POST /session/7ceb9c4207408afb27fb3a73a7391b04/element - {"using":"xpath","value":"//button[contains(@data-kt ,\"btnCreateNewOverflowToolbarButton\")]"}
COMMAND: POST /session/7ceb9c4207408afb27fb3a73a7391b04/element - {"using":"xpath","value":"(//span[contains(@class ,\"sapMObjStatusText\")])[1]"}
RESULT: {"using":"xpath","value":"//button[contains(@data-kt ,\"btnCreateNewOverflowToolbarButton\")]"}
COMMAND: POST /session/7ceb9c4207408afb27fb3a73a7391b04/element/f.0A3556A37C534166386D2A4E113E99D8.d.EBA55DF7EB443B9599B32653A930C8E9.e.8590/click - {}
RESULT: {"using":"xpath","value":"(//span[contains(@class ,\"sapMObjStatusText\")])[1]"}
COMMAND: POST /session/7ceb9c4207408afb27fb3a73a7391b04/execute/sync - {"script":"<script> [8489 bytes]","args":[{"element-6066-11e4-a52e-4f735466cecf":"f.0A3556A37C534166386D2A4E113E99D8.d.EBA55DF7EB443B9599B32653A930C8E9.e.8629","ELEMENT":"f.0A3556A37C534166386D2A4E113E99D8.d.EBA55DF7EB443B9599B32653A930C8E9.e.8629"}]}
RESULT: {}
COMMAND: GET /session/7ceb9c4207408afb27fb3a73a7391b04/screenshot - {}
COMMAND: POST /session/7ceb9c4207408afb27fb3a73a7391b04/element - {"using":"xpath","value":"(//span[contains(@class ,\"sapMObjStatusText\")])[1]"}
RESULT: {}
RESULT: {"using":"xpath","value":"(//span[contains(@class ,\"sapMObjStatusText\")])[1]"}
COMMAND: POST /session/7ceb9c4207408afb27fb3a73a7391b04/execute/sync - {"script":"<script> [8489 bytes]","args":[{"element-6066-11e4-a52e-4f735466cecf":"f.0A3556A37C534166386D2A4E113E99D8.d.EBA55DF7EB443B9599B32653A930C8E9.e.8871","ELEMENT":"f.0A3556A37C534166386D2A4E113E99D8.d.EBA55DF7EB443B9599B32653A930C8E9.e.8871"}]}
RESULT: {"script":"<script> [8489 bytes]","args":[{"element-6066-11e4-a52e-4f735466cecf":"f.0A3556A37C534166386D2A4E113E99D8.d.EBA55DF7EB443B9599B32653A930C8E9.e.8871","ELEMENT":"f.0A3556A37C534166386D2A4E113E99D8.d.EBA55DF7EB443B9599B32653A930C8E9.e.8871"}]}
COMMAND: GET /session/7ceb9c4207408afb27fb3a73a7391b04/screenshot - {}
RESULT: {}
COMMAND: POST /session/7ceb9c4207408afb27fb3a73a7391b04/element - {"using":"xpath","value":"//input[contains(@id ,\"yardId-inner\")]"}
RESULT: {"using":"xpath","value":"//input[contains(@id ,\"yardId-inner\")]"}
COMMAND: POST /session/7ceb9c4207408afb27fb3a73a7391b04/execute/sync - {"script":"<script> [8489 bytes]","args":[{"element-6066-11e4-a52e-4f735466cecf":"f.0A3556A37C534166386D2A4E113E99D8.d.EBA55DF7EB443B9599B32653A930C8E9.e.8777","ELEMENT":"f.0A3556A37C534166386D2A4E113E99D8.d.EBA55DF7EB443B9599B32653A930C8E9.e.8777"}]}
RESULT: {"script":"<script> [8489 bytes]","args":[{"element-6066-11e4-a52e-4f735466cecf":"f.0A3556A37C534166386D2A4E113E99D8.d.EBA55DF7EB443B9599B32653A930C8E9.e.8777","ELEMENT":"f.0A3556A37C534166386D2A4E113E99D8.d.EBA55DF7EB443B9599B32653A930C8E9.e.8777"}]}
COMMAND: POST /session/7ceb9c4207408afb27fb3a73a7391b04/element - {"using":"xpath","value":"//input[contains(@id ,\"yardId-inner\")]"}
COMMAND: GET /session/7ceb9c4207408afb27fb3a73a7391b04/screenshot - {}
RESULT: {"using":"xpath","value":"//input[contains(@id ,\"yardId-inner\")]"}
COMMAND: GET /session/7ceb9c4207408afb27fb3a73a7391b04/element/f.0A3556A37C534166386D2A4E113E99D8.d.EBA55DF7EB443B9599B32653A930C8E9.e.8777/enabled - {}
RESULT: {}
RESULT: {}
COMMAND: POST /session/7ceb9c4207408afb27fb3a73a7391b04/element/f.0A3556A37C534166386D2A4E113E99D8.d.EBA55DF7EB443B9599B32653A930C8E9.e.8777/clear - {}
COMMAND: GET /session/7ceb9c4207408afb27fb3a73a7391b04/screenshot - {}
RESULT: {}
COMMAND: POST /session/7ceb9c4207408afb27fb3a73a7391b04/element/f.0A3556A37C534166386D2A4E113E99D8.d.EBA55DF7EB443B9599B32653A930C8E9.e.8777/value - {"text":"WebdriverYard2bocbg"}
COMMAND: GET /session/7ceb9c4207408afb27fb3a73a7391b04/screenshot - {}
RESULT: {}
RESULT: {"text":"WebdriverYard2bocbg"}
COMMAND: GET /session/7ceb9c4207408afb27fb3a73a7391b04/screenshot - {}
RESULT: {}
RESULT: {}
COMMAND: POST /session/7ceb9c4207408afb27fb3a73a7391b04/element - {"using":"xpath","value":"//input[contains(@id ,\"customerNumber-inner\")]"}
RESULT: {"using":"xpath","value":"//input[contains(@id ,\"customerNumber-inner\")]"}
COMMAND: POST /session/7ceb9c4207408afb27fb3a73a7391b04/element/f.0A3556A37C534166386D2A4E113E99D8.d.EBA55DF7EB443B9599B32653A930C8E9.e.8771/value - {"text":"WebdriverPartnerpmdjl"}
COMMAND: POST /session/7ceb9c4207408afb27fb3a73a7391b04/actions - {"actions":[{"id":"action52","type":"key","parameters":{},"actions":[{"type":"keyDown","value":""},{"type":"pause","duration":10},{"type":"keyUp","value":""}]}]}
RESULT: {"actions":[{"id":"action52","type":"key","parameters":{},"actions":[{"type":"keyDown","value":""},{"type":"pause","duration":10},{"type":"keyUp","value":""}]}]}
COMMAND: GET /session/7ceb9c4207408afb27fb3a73a7391b04/screenshot - {}
RESULT: {"text":"WebdriverPartnerpmdjl"}
COMMAND: GET /session/7ceb9c4207408afb27fb3a73a7391b04/screenshot - {}
RESULT: {}
RESULT: {}
COMMAND: POST /session/7ceb9c4207408afb27fb3a73a7391b04/actions - {"actions":[{"id":"action53","type":"key","parameters":{},"actions":[{"type":"keyDown","value":""},{"type":"pause","duration":10},{"type":"keyUp","value":""}]}]}
RESULT: {"actions":[{"id":"action53","type":"key","parameters":{},"actions":[{"type":"keyDown","value":""},{"type":"pause","duration":10},{"type":"keyUp","value":""}]}]}
COMMAND: GET /session/7ceb9c4207408afb27fb3a73a7391b04/screenshot - {}
RESULT: {}
COMMAND: POST /session/7ceb9c4207408afb27fb3a73a7391b04/element - {"using":"xpath","value":"//input[contains(@id ,\"requestSiteId-inner\")]"}
RESULT: {"using":"xpath","value":"//input[contains(@id ,\"requestSiteId-inner\")]"}
COMMAND: POST /session/7ceb9c4207408afb27fb3a73a7391b04/element/f.0A3556A37C534166386D2A4E113E99D8.d.EBA55DF7EB443B9599B32653A930C8E9.e.8770/value - {"text":"WebdriverSitebbrdn"}
RESULT: {"text":"WebdriverSitebbrdn"}
COMMAND: GET /session/7ceb9c4207408afb27fb3a73a7391b04/screenshot - {}
RESULT: {}
COMMAND: POST /session/7ceb9c4207408afb27fb3a73a7391b04/actions - {"actions":[{"id":"action54","type":"key","parameters":{},"actions":[{"type":"keyDown","value":""},{"type":"pause","duration":10},{"type":"keyUp","value":""}]}]}
RESULT: {"actions":[{"id":"action54","type":"key","parameters":{},"actions":[{"type":"keyDown","value":""},{"type":"pause","duration":10},{"type":"keyUp","value":""}]}]}
COMMAND: POST /session/7ceb9c4207408afb27fb3a73a7391b04/execute/async - {"script":"<script> [1562 bytes]","args":[{"selector":{"controlType":"sap.ui.core.Icon","viewName":"etm.portal.ui.managerequests.view.NewRequest","properties":{"src":{"regex":{"source":"add"}}}},"wdio_ui5_key":"etmportal.ui.managerequests.view.NewRequestsap.ui.core.Icon{\"src\":{\"regex\":{\"source\":\"add\"}}}"}]}
COMMAND: GET /session/7ceb9c4207408afb27fb3a73a7391b04/screenshot - {}
RESULT: {"script":"<script> [1562 bytes]","args":[{"selector":{"controlType":"sap.ui.core.Icon","viewName":"etm.portal.ui.managerequests.view.NewRequest","properties":{"src":{"regex":{"source":"add"}}}},"wdio_ui5_key":"etmportal.ui.managerequests.view.NewRequestsap.ui.core.Icon{\"src\":{\"regex\":{\"source\":\"add\"}}}"}]}
RESULT: undefined
COMMAND: POST /session/7ceb9c4207408afb27fb3a73a7391b04/element - {"using":"xpath","value":"//*[@id=\"__xmlview59--btnAddTableRow-img\"]"}
RESULT: {}
RESULT: {"using":"xpath","value":"//*[@id=\"__xmlview59--btnAddTableRow-img\"]"}
COMMAND: POST /session/7ceb9c4207408afb27fb3a73a7391b04/element/f.0A3556A37C534166386D2A4E113E99D8.d.EBA55DF7EB443B9599B32653A930C8E9.e.8880/click - {}
RESULT: {}
COMMAND: GET /session/7ceb9c4207408afb27fb3a73a7391b04/screenshot - {}
RESULT: {}
COMMAND: POST /session/7ceb9c4207408afb27fb3a73a7391b04/actions - {"actions":[{"id":"action55","type":"key","parameters":{},"actions":[{"type":"keyDown","value":""},{"type":"pause","duration":10},{"type":"keyUp","value":""}]}]}
RESULT: {"actions":[{"id":"action55","type":"key","parameters":{},"actions":[{"type":"keyDown","value":""},{"type":"pause","duration":10},{"type":"keyUp","value":""}]}]}
COMMAND: POST /session/7ceb9c4207408afb27fb3a73a7391b04/actions - {"actions":[{"id":"action56","type":"key","parameters":{},"actions":[{"type":"keyDown","value":""},{"type":"pause","duration":10},{"type":"keyUp","value":""}]}]}
COMMAND: GET /session/7ceb9c4207408afb27fb3a73a7391b04/screenshot - {}
RESULT: {"actions":[{"id":"action56","type":"key","parameters":{},"actions":[{"type":"keyDown","value":""},{"type":"pause","duration":10},{"type":"keyUp","value":""}]}]}
COMMAND: POST /session/7ceb9c4207408afb27fb3a73a7391b04/element - {"using":"xpath","value":"(//input[contains(@id ,\"requestItemsTable-0-inner\")])[1]"}
COMMAND: GET /session/7ceb9c4207408afb27fb3a73a7391b04/screenshot - {}
RESULT: {}
RESULT: {"using":"xpath","value":"(//input[contains(@id ,\"requestItemsTable-0-inner\")])[1]"}
COMMAND: POST /session/7ceb9c4207408afb27fb3a73a7391b04/element/f.0A3556A37C534166386D2A4E113E99D8.d.EBA55DF7EB443B9599B32653A930C8E9.e.8885/clear - {}
RESULT: {}
RESULT: {}
COMMAND: POST /session/7ceb9c4207408afb27fb3a73a7391b04/element/f.0A3556A37C534166386D2A4E113E99D8.d.EBA55DF7EB443B9599B32653A930C8E9.e.8885/value - {"text":"catalogItemNamezw4dv"}
COMMAND: GET /session/7ceb9c4207408afb27fb3a73a7391b04/screenshot - {}
RESULT: {"text":"catalogItemNamezw4dv"}
COMMAND: GET /session/7ceb9c4207408afb27fb3a73a7391b04/screenshot - {}
RESULT: {}
RESULT: {}
COMMAND: POST /session/7ceb9c4207408afb27fb3a73a7391b04/actions - {"actions":[{"id":"action57","type":"key","parameters":{},"actions":[{"type":"keyDown","value":""},{"type":"pause","duration":10},{"type":"keyUp","value":""}]}]}
RESULT: {"actions":[{"id":"action57","type":"key","parameters":{},"actions":[{"type":"keyDown","value":""},{"type":"pause","duration":10},{"type":"keyUp","value":""}]}]}
COMMAND: GET /session/7ceb9c4207408afb27fb3a73a7391b04/screenshot - {}
RESULT: {}
COMMAND: POST /session/7ceb9c4207408afb27fb3a73a7391b04/execute/async - {"script":"<script> [1562 bytes]","args":[{"selector":{"controlType":"sap.m.Button","viewName":"etm.portal.ui.managerequests.view.NewRequest","i18NText":{"propertyName":"text","key":"requestSpecifications"},"interaction":{"idSuffix":"BDI-content"}},"wdio_ui5_key":"etmportal.ui.managerequests.view.NewRequestsap.m.Button{\"propertyName\":\"text\",\"key\":\"requestSpecifications\"}"}]}
RESULT: {"script":"<script> [1562 bytes]","args":[{"selector":{"controlType":"sap.m.Button","viewName":"etm.portal.ui.managerequests.view.NewRequest","i18NText":{"propertyName":"text","key":"requestSpecifications"},"interaction":{"idSuffix":"BDI-content"}},"wdio_ui5_key":"etmportal.ui.managerequests.view.NewRequestsap.m.Button{\"propertyName\":\"text\",\"key\":\"requestSpecifications\"}"}]}
RESULT: undefined
COMMAND: POST /session/7ceb9c4207408afb27fb3a73a7391b04/element - {"using":"xpath","value":"//*[@id=\"__button78-__xmlview59--requestItemsTable-0\"]"}
RESULT: {"using":"xpath","value":"//*[@id=\"__button78-__xmlview59--requestItemsTable-0\"]"}
COMMAND: POST /session/7ceb9c4207408afb27fb3a73a7391b04/element/f.0A3556A37C534166386D2A4E113E99D8.d.EBA55DF7EB443B9599B32653A930C8E9.e.8900/click - {}
RESULT: {}
COMMAND: GET /session/7ceb9c4207408afb27fb3a73a7391b04/screenshot - {}
RESULT: {}
COMMAND: POST /session/7ceb9c4207408afb27fb3a73a7391b04/element - {"using":"xpath","value":"//input[@value=\"red\"]"}
RESULT: {"using":"xpath","value":"//input[@value=\"red\"]"}
COMMAND: POST /session/7ceb9c4207408afb27fb3a73a7391b04/elements - {"using":"xpath","value":"//input[@value=\"red\"]"}
RESULT: {"using":"xpath","value":"//input[@value=\"red\"]"}
COMMAND: POST /session/7ceb9c4207408afb27fb3a73a7391b04/execute/async - {"script":"<script> [1562 bytes]","args":[{"selector":{"controlType":"sap.m.Text","viewName":"etm.portal.ui.managerequests.view.NewRequest","bindingPath":{"path":"/currentEntries/0/PROPERTIES/0","propertyPath":"DESCRIPTION","modelName":"techSpecsClassificationModel"},"searchOpenDialogs":true},"wdio_ui5_key":"etmportal.ui.managerequests.view.NewRequestsap.m.Text{\"path\":\"/currentEntries/0/PROPERTIES/0\",\"propertyPath\":\"DESCRIPTION\",\"modelName\":\"techSpecsClassificationModel\"}"}]}
RESULT: {"script":"<script> [1562 bytes]","args":[{"selector":{"controlType":"sap.m.Text","viewName":"etm.portal.ui.managerequests.view.NewRequest","bindingPath":{"path":"/currentEntries/0/PROPERTIES/0","propertyPath":"DESCRIPTION","modelName":"techSpecsClassificationModel"},"searchOpenDialogs":true},"wdio_ui5_key":"etmportal.ui.managerequests.view.NewRequestsap.m.Text{\"path\":\"/currentEntries/0/PROPERTIES/0\",\"propertyPath\":\"DESCRIPTION\",\"modelName\":\"techSpecsClassificationModel\"}"}]}
RESULT: undefined
COMMAND: POST /session/7ceb9c4207408afb27fb3a73a7391b04/execute/async - {"script":"<script> [6424 bytes]","args":[{"element-6066-11e4-a52e-4f735466cecf":"f.0A3556A37C534166386D2A4E113E99D8.d.EBA55DF7EB443B9599B32653A930C8E9.e.8908"},"getText",[]]}
RESULT: {"script":"<script> [6424 bytes]","args":[{"element-6066-11e4-a52e-4f735466cecf":"f.0A3556A37C534166386D2A4E113E99D8.d.EBA55DF7EB443B9599B32653A930C8E9.e.8908"},"getText",[]]}
COMMAND: POST /session/7ceb9c4207408afb27fb3a73a7391b04/execute/async - {"script":"<script> [1562 bytes]","args":[{"selector":{"controlType":"sap.ui.core.Icon","viewName":"etm.portal.ui.managerequests.view.NewRequest","properties":{"src":{"regex":{"source":"slim\\-arrow\\-down"}}},"searchOpenDialogs":true},"wdio_ui5_key":"etmportal.ui.managerequests.view.NewRequestsap.ui.core.Icon{\"src\":{\"regex\":{\"source\":\"slim\\\\-arrow\\\\-down\"}}}"}]}
RESULT: {"script":"<script> [1562 bytes]","args":[{"selector":{"controlType":"sap.ui.core.Icon","viewName":"etm.portal.ui.managerequests.view.NewRequest","properties":{"src":{"regex":{"source":"slim\\-arrow\\-down"}}},"searchOpenDialogs":true},"wdio_ui5_key":"etmportal.ui.managerequests.view.NewRequestsap.ui.core.Icon{\"src\":{\"regex\":{\"source\":\"slim\\\\-arrow\\\\-down\"}}}"}]}
RESULT: undefined
COMMAND: POST /session/7ceb9c4207408afb27fb3a73a7391b04/element - {"using":"xpath","value":"//*[@id=\"__box58-arrow\"]"}
RESULT: {"using":"xpath","value":"//*[@id=\"__box58-arrow\"]"}
COMMAND: POST /session/7ceb9c4207408afb27fb3a73a7391b04/element/f.0A3556A37C534166386D2A4E113E99D8.d.EBA55DF7EB443B9599B32653A930C8E9.e.8909/click - {}
RESULT: {}
COMMAND: POST /session/7ceb9c4207408afb27fb3a73a7391b04/execute/async - {"script":"<script> [1562 bytes]","args":[{"selector":{"controlType":"sap.m.StandardListItem","viewName":"etm.portal.ui.managerequests.view.NewRequest","properties":{"title":"blue"},"searchOpenDialogs":true,"interaction":{"idSuffix":"content"}},"wdio_ui5_key":"etmportal.ui.managerequests.view.NewRequestsap.m.StandardListItem{\"title\":\"blue\"}"}]}
COMMAND: GET /session/7ceb9c4207408afb27fb3a73a7391b04/screenshot - {}
RESULT: {"script":"<script> [1562 bytes]","args":[{"selector":{"controlType":"sap.m.StandardListItem","viewName":"etm.portal.ui.managerequests.view.NewRequest","properties":{"title":"blue"},"searchOpenDialogs":true,"interaction":{"idSuffix":"content"}},"wdio_ui5_key":"etmportal.ui.managerequests.view.NewRequestsap.m.StandardListItem{\"title\":\"blue\"}"}]}
RESULT: undefined
COMMAND: POST /session/7ceb9c4207408afb27fb3a73a7391b04/element - {"using":"xpath","value":"//*[@id=\"__item767\"]"}
RESULT: {}
RESULT: {"using":"xpath","value":"//*[@id=\"__item767\"]"}
COMMAND: POST /session/7ceb9c4207408afb27fb3a73a7391b04/element/f.0A3556A37C534166386D2A4E113E99D8.d.EBA55DF7EB443B9599B32653A930C8E9.e.8912/click - {}
RESULT: {}
COMMAND: GET /session/7ceb9c4207408afb27fb3a73a7391b04/screenshot - {}
RESULT: {}
COMMAND: POST /session/7ceb9c4207408afb27fb3a73a7391b04/execute/async - {"script":"<script> [1562 bytes]","args":[{"selector":{"id":"saveButton","viewName":"etm.portal.ui.managerequests.view.NewRequest","searchOpenDialogs":true,"interaction":{"idSuffix":"BDI-content"}},"wdio_ui5_key":"saveButtonetmportal.ui.managerequests.view.NewRequest"}]}
RESULT: {"script":"<script> [1562 bytes]","args":[{"selector":{"id":"saveButton","viewName":"etm.portal.ui.managerequests.view.NewRequest","searchOpenDialogs":true,"interaction":{"idSuffix":"BDI-content"}},"wdio_ui5_key":"saveButtonetmportal.ui.managerequests.view.NewRequest"}]}
RESULT: undefined
COMMAND: POST /session/7ceb9c4207408afb27fb3a73a7391b04/element - {"using":"xpath","value":"//*[@id=\"__xmlview59--saveButton\"]"}
RESULT: {"using":"xpath","value":"//*[@id=\"__xmlview59--saveButton\"]"}
COMMAND: POST /session/7ceb9c4207408afb27fb3a73a7391b04/element/f.0A3556A37C534166386D2A4E113E99D8.d.EBA55DF7EB443B9599B32653A930C8E9.e.8906/click - {}
RESULT: {}
COMMAND: POST /session/7ceb9c4207408afb27fb3a73a7391b04/execute/async - {"script":"<script> [1562 bytes]","args":[{"selector":{"controlType":"sap.ui.core.Icon","viewName":"etm.portal.ui.managerequests.view.NewRequest","properties":{"src":{"regex":{"source":"slim\\-arrow\\-down"}}},"ancestor":{"controlType":"sap.m.Button","viewName":"etm.portal.ui.managerequests.view.NewRequest","properties":{"icon":"sap-icon://slim-arrow-down"}}},"wdio_ui5_key":"etmportal.ui.managerequests.view.NewRequestsap.ui.core.Icon{\"src\":{\"regex\":{\"source\":\"slim\\\\-arrow\\\\-down\"}}}{\"controlType\":\"sap.m.Button\",\"viewName\":\"etm.portal.ui.managerequests.view.NewRequest\",\"properties\":{\"icon\":\"sap-icon://slim-arrow-down\"}}"}]}
COMMAND: GET /session/7ceb9c4207408afb27fb3a73a7391b04/screenshot - {}
RESULT: {"script":"<script> [1562 bytes]","args":[{"selector":{"controlType":"sap.ui.core.Icon","viewName":"etm.portal.ui.managerequests.view.NewRequest","properties":{"src":{"regex":{"source":"slim\\-arrow\\-down"}}},"ancestor":{"controlType":"sap.m.Button","viewName":"etm.portal.ui.managerequests.view.NewRequest","properties":{"icon":"sap-icon://slim-arrow-down"}}},"wdio_ui5_key":"etmportal.ui.managerequests.view.NewRequestsap.ui.core.Icon{\"src\":{\"regex\":{\"source\":\"slim\\\\-arrow\\\\-down\"}}}{\"controlType\":\"sap.m.Button\",\"viewName\":\"etm.portal.ui.managerequests.view.NewRequest\",\"properties\":{\"icon\":\"sap-icon://slim-arrow-down\"}}"}]}
RESULT: undefined
RESULT: {}
COMMAND: POST /session/7ceb9c4207408afb27fb3a73a7391b04/element - {"using":"xpath","value":"//div[contains(@data-kt ,\"splitAllocationObjectStatus\")]"}
RESULT: {"using":"xpath","value":"//div[contains(@data-kt ,\"splitAllocationObjectStatus\")]"}
COMMAND: POST /session/7ceb9c4207408afb27fb3a73a7391b04/elements - {"using":"xpath","value":"//div[contains(@data-kt ,\"splitAllocationObjectStatus\")]"}
RESULT: {"using":"xpath","value":"//div[contains(@data-kt ,\"splitAllocationObjectStatus\")]"}
COMMAND: POST /session/7ceb9c4207408afb27fb3a73a7391b04/execute/async - {"script":"<script> [1562 bytes]","args":[{"selector":{"controlType":"sap.ui.core.Icon","viewName":"etm.portal.ui.managerequests.view.NewRequest","properties":{"src":{"regex":{"source":"message\\-error"}}}},"wdio_ui5_key":"etmportal.ui.managerequests.view.NewRequestsap.ui.core.Icon{\"src\":{\"regex\":{\"source\":\"message\\\\-error\"}}}"}]}
RESULT: {"script":"<script> [1562 bytes]","args":[{"selector":{"controlType":"sap.ui.core.Icon","viewName":"etm.portal.ui.managerequests.view.NewRequest","properties":{"src":{"regex":{"source":"message\\-error"}}}},"wdio_ui5_key":"etmportal.ui.managerequests.view.NewRequestsap.ui.core.Icon{\"src\":{\"regex\":{\"source\":\"message\\\\-error\"}}}"}]}
RESULT: undefined
COMMAND: POST /session/7ceb9c4207408afb27fb3a73a7391b04/element - {"using":"xpath","value":"//*[@id=\"__status4-__xmlview59--requestItemsTable-0-icon\"]"}
RESULT: {"using":"xpath","value":"//*[@id=\"__status4-__xmlview59--requestItemsTable-0-icon\"]"}
COMMAND: POST /session/7ceb9c4207408afb27fb3a73a7391b04/element/f.0A3556A37C534166386D2A4E113E99D8.d.EBA55DF7EB443B9599B32653A930C8E9.e.8915/click - {}
RESULT: {}
COMMAND: POST /session/7ceb9c4207408afb27fb3a73a7391b04/execute/async - {"script":"<script> [1562 bytes]","args":[{"selector":{"controlType":"sap.ui.core.Icon","viewName":"etm.portal.ui.managerequests.view.NewRequest","properties":{"src":{"regex":{"source":"slim\\-arrow\\-down"}}},"searchOpenDialogs":true,"ancestor":{"id":"costObjectAdminTypeComboBox","viewName":"etm.portal.ui.managerequests.view.NewRequest","searchOpenDialogs":true}},"wdio_ui5_key":"etmportal.ui.managerequests.view.NewRequestsap.ui.core.Icon{\"src\":{\"regex\":{\"source\":\"slim\\\\-arrow\\\\-down\"}}}{\"id\":\"costObjectAdminTypeComboBox\",\"viewName\":\"etm.portal.ui.managerequests.view.NewRequest\",\"searchOpenDialogs\":true}"}]}
COMMAND: GET /session/7ceb9c4207408afb27fb3a73a7391b04/screenshot - {}
RESULT: {"script":"<script> [1562 bytes]","args":[{"selector":{"controlType":"sap.ui.core.Icon","viewName":"etm.portal.ui.managerequests.view.NewRequest","properties":{"src":{"regex":{"source":"slim\\-arrow\\-down"}}},"searchOpenDialogs":true,"ancestor":{"id":"costObjectAdminTypeComboBox","viewName":"etm.portal.ui.managerequests.view.NewRequest","searchOpenDialogs":true}},"wdio_ui5_key":"etmportal.ui.managerequests.view.NewRequestsap.ui.core.Icon{\"src\":{\"regex\":{\"source\":\"slim\\\\-arrow\\\\-down\"}}}{\"id\":\"costObjectAdminTypeComboBox\",\"viewName\":\"etm.portal.ui.managerequests.view.NewRequest\",\"searchOpenDialogs\":true}"}]}
RESULT: undefined
COMMAND: POST /session/7ceb9c4207408afb27fb3a73a7391b04/element - {"using":"xpath","value":"//*[@id=\"__xmlview59--costObjectAdminTypeComboBox-arrow\"]"}
RESULT: {}
RESULT: {"using":"xpath","value":"//*[@id=\"__xmlview59--costObjectAdminTypeComboBox-arrow\"]"}
COMMAND: POST /session/7ceb9c4207408afb27fb3a73a7391b04/element/f.0A3556A37C534166386D2A4E113E99D8.d.EBA55DF7EB443B9599B32653A930C8E9.e.8919/click - {}
RESULT: {}
COMMAND: POST /session/7ceb9c4207408afb27fb3a73a7391b04/execute/async - {"script":"<script> [1562 bytes]","args":[{"selector":{"controlType":"sap.m.StandardListItem","viewName":"etm.portal.ui.managerequests.view.NewRequest","properties":{"title":"Cost Center"},"searchOpenDialogs":true,"interaction":{"idSuffix":"titleText"}},"wdio_ui5_key":"etmportal.ui.managerequests.view.NewRequestsap.m.StandardListItem{\"title\":\"Cost Center\"}"}]}
COMMAND: GET /session/7ceb9c4207408afb27fb3a73a7391b04/screenshot - {}
RESULT: {"script":"<script> [1562 bytes]","args":[{"selector":{"controlType":"sap.m.StandardListItem","viewName":"etm.portal.ui.managerequests.view.NewRequest","properties":{"title":"Cost Center"},"searchOpenDialogs":true,"interaction":{"idSuffix":"titleText"}},"wdio_ui5_key":"etmportal.ui.managerequests.view.NewRequestsap.m.StandardListItem{\"title\":\"Cost Center\"}"}]}
RESULT: undefined
COMMAND: POST /session/7ceb9c4207408afb27fb3a73a7391b04/element - {"using":"xpath","value":"//*[@id=\"__item770\"]"}
RESULT: {}
RESULT: {"using":"xpath","value":"//*[@id=\"__item770\"]"}
COMMAND: POST /session/7ceb9c4207408afb27fb3a73a7391b04/element/f.0A3556A37C534166386D2A4E113E99D8.d.EBA55DF7EB443B9599B32653A930C8E9.e.8922/click - {}
RESULT: {}
COMMAND: GET /session/7ceb9c4207408afb27fb3a73a7391b04/screenshot - {}
RESULT: {}
COMMAND: POST /session/7ceb9c4207408afb27fb3a73a7391b04/execute/async - {"script":"<script> [1562 bytes]","args":[{"selector":{"controlType":"sap.ui.core.Icon","viewName":"etm.portal.ui.managerequests.view.NewRequest","properties":{"src":{"regex":{"source":"value\\-help"}}},"searchOpenDialogs":true},"wdio_ui5_key":"etmportal.ui.managerequests.view.NewRequestsap.ui.core.Icon{\"src\":{\"regex\":{\"source\":\"value\\\\-help\"}}}"}]}
RESULT: {"script":"<script> [1562 bytes]","args":[{"selector":{"controlType":"sap.ui.core.Icon","viewName":"etm.portal.ui.managerequests.view.NewRequest","properties":{"src":{"regex":{"source":"value\\-help"}}},"searchOpenDialogs":true},"wdio_ui5_key":"etmportal.ui.managerequests.view.NewRequestsap.ui.core.Icon{\"src\":{\"regex\":{\"source\":\"value\\\\-help\"}}}"}]}
RESULT: undefined
COMMAND: POST /session/7ceb9c4207408afb27fb3a73a7391b04/element - {"using":"xpath","value":"//*[@id=\"__xmlview59--costObjectIdComboBox-vhi\"]"}
RESULT: {"using":"xpath","value":"//*[@id=\"__xmlview59--costObjectIdComboBox-vhi\"]"}
COMMAND: POST /session/7ceb9c4207408afb27fb3a73a7391b04/element/f.0A3556A37C534166386D2A4E113E99D8.d.EBA55DF7EB443B9599B32653A930C8E9.e.8929/click - {}
RESULT: {}
COMMAND: POST /session/7ceb9c4207408afb27fb3a73a7391b04/execute/async - {"script":"<script> [1562 bytes]","args":[{"selector":{"controlType":"sap.m.SearchField","properties":{"placeholder":"Search"},"searchOpenDialogs":true,"interaction":{"idSuffix":"I"}},"wdio_ui5_key":"sapm.SearchField{\"placeholder\":\"Search\"}"}]}
COMMAND: GET /session/7ceb9c4207408afb27fb3a73a7391b04/screenshot - {}
RESULT: {"script":"<script> [1562 bytes]","args":[{"selector":{"controlType":"sap.m.SearchField","properties":{"placeholder":"Search"},"searchOpenDialogs":true,"interaction":{"idSuffix":"I"}},"wdio_ui5_key":"sapm.SearchField{\"placeholder\":\"Search\"}"}]}
RESULT: undefined
COMMAND: POST /session/7ceb9c4207408afb27fb3a73a7391b04/execute/async - {"script":"<script> [776 bytes]","args":[{"enterText":"10001010","selector":{"controlType":"sap.m.SearchField","properties":{"placeholder":"Search"},"searchOpenDialogs":true,"interaction":{"idSuffix":"I"}},"clearTextFirst":true,"interactionType":"ENTER_TEXT"}]}
RESULT: {}
RESULT: {"script":"<script> [776 bytes]","args":[{"enterText":"10001010","selector":{"controlType":"sap.m.SearchField","properties":{"placeholder":"Search"},"searchOpenDialogs":true,"interaction":{"idSuffix":"I"}},"clearTextFirst":true,"interactionType":"ENTER_TEXT"}]}
COMMAND: POST /session/7ceb9c4207408afb27fb3a73a7391b04/actions - {"actions":[{"id":"action58","type":"key","parameters":{},"actions":[{"type":"keyDown","value":""},{"type":"pause","duration":10},{"type":"keyUp","value":""}]}]}
RESULT: {"actions":[{"id":"action58","type":"key","parameters":{},"actions":[{"type":"keyDown","value":""},{"type":"pause","duration":10},{"type":"keyUp","value":""}]}]}
COMMAND: GET /session/7ceb9c4207408afb27fb3a73a7391b04/screenshot - {}
RESULT: {}
COMMAND: POST /session/7ceb9c4207408afb27fb3a73a7391b04/execute/async - {"script":"<script> [1562 bytes]","args":[{"selector":{"controlType":"sap.m.Text","bindingPath":{"path":"/C_CostCtrValueHelp(CostCenter='10001010',ControllingArea='Z001')","propertyPath":"CostCenterName","modelName":"CostCenterModel"},"searchOpenDialogs":true},"wdio_ui5_key":"sapm.Text{\"path\":\"/C_CostCtrValueHelp(CostCenter='10001010',ControllingArea='Z001')\",\"propertyPath\":\"CostCenterName\",\"modelName\":\"CostCenterModel\"}"}]}
RESULT: {"script":"<script> [1562 bytes]","args":[{"selector":{"controlType":"sap.m.Text","bindingPath":{"path":"/C_CostCtrValueHelp(CostCenter='10001010',ControllingArea='Z001')","propertyPath":"CostCenterName","modelName":"CostCenterModel"},"searchOpenDialogs":true},"wdio_ui5_key":"sapm.Text{\"path\":\"/C_CostCtrValueHelp(CostCenter='10001010',ControllingArea='Z001')\",\"propertyPath\":\"CostCenterName\",\"modelName\":\"CostCenterModel\"}"}]}
RESULT: undefined
COMMAND: POST /session/7ceb9c4207408afb27fb3a73a7391b04/element - {"using":"xpath","value":"//*[@id=\"__text550-__clone987\"]"}
RESULT: {"using":"xpath","value":"//*[@id=\"__text550-__clone987\"]"}
COMMAND: POST /session/7ceb9c4207408afb27fb3a73a7391b04/element/f.0A3556A37C534166386D2A4E113E99D8.d.EBA55DF7EB443B9599B32653A930C8E9.e.8968/click - {}
RESULT: {}
COMMAND: POST /session/7ceb9c4207408afb27fb3a73a7391b04/execute/async - {"script":"<script> [1562 bytes]","args":[{"selector":{"controlType":"sap.m.Button","properties":{"text":"OK"},"searchOpenDialogs":true,"interaction":{"idSuffix":"BDI-content"}},"wdio_ui5_key":"sapm.Button{\"text\":\"OK\"}"}]}
COMMAND: GET /session/7ceb9c4207408afb27fb3a73a7391b04/screenshot - {}
RESULT: {"script":"<script> [1562 bytes]","args":[{"selector":{"controlType":"sap.m.Button","properties":{"text":"OK"},"searchOpenDialogs":true,"interaction":{"idSuffix":"BDI-content"}},"wdio_ui5_key":"sapm.Button{\"text\":\"OK\"}"}]}
RESULT: undefined
COMMAND: POST /session/7ceb9c4207408afb27fb3a73a7391b04/element - {"using":"xpath","value":"//*[@id=\"__dialog2-ok\"]"}
RESULT: {}
RESULT: {"using":"xpath","value":"//*[@id=\"__dialog2-ok\"]"}
COMMAND: POST /session/7ceb9c4207408afb27fb3a73a7391b04/element/f.0A3556A37C534166386D2A4E113E99D8.d.EBA55DF7EB443B9599B32653A930C8E9.e.8970/click - {}
RESULT: {}
COMMAND: GET /session/7ceb9c4207408afb27fb3a73a7391b04/screenshot - {}
RESULT: {}
COMMAND: POST /session/7ceb9c4207408afb27fb3a73a7391b04/execute/async - {"script":"<script> [1562 bytes]","args":[{"selector":{"controlType":"sap.m.Button","viewName":"etm.portal.ui.managerequests.view.NewRequest","i18NText":{"propertyName":"text","key":"save"},"searchOpenDialogs":true,"interaction":{"idSuffix":"BDI-content"}},"wdio_ui5_key":"etmportal.ui.managerequests.view.NewRequestsap.m.Button{\"propertyName\":\"text\",\"key\":\"save\"}"}]}
RESULT: {"script":"<script> [1562 bytes]","args":[{"selector":{"controlType":"sap.m.Button","viewName":"etm.portal.ui.managerequests.view.NewRequest","i18NText":{"propertyName":"text","key":"save"},"searchOpenDialogs":true,"interaction":{"idSuffix":"BDI-content"}},"wdio_ui5_key":"etmportal.ui.managerequests.view.NewRequestsap.m.Button{\"propertyName\":\"text\",\"key\":\"save\"}"}]}
RESULT: undefined
COMMAND: POST /session/7ceb9c4207408afb27fb3a73a7391b04/element - {"using":"xpath","value":"//*[@id=\"__button91\"]"}
RESULT: {"using":"xpath","value":"//*[@id=\"__button91\"]"}
COMMAND: POST /session/7ceb9c4207408afb27fb3a73a7391b04/element/f.0A3556A37C534166386D2A4E113E99D8.d.EBA55DF7EB443B9599B32653A930C8E9.e.8974/click - {}
RESULT: {}
COMMAND: GET /session/7ceb9c4207408afb27fb3a73a7391b04/screenshot - {}
RESULT: {}
COMMAND: POST /session/7ceb9c4207408afb27fb3a73a7391b04/execute/async - {"script":"<script> [1562 bytes]","args":[{"selector":{"controlType":"sap.m.Button","viewName":"etm.portal.ui.managerequests.view.NewRequest","i18NText":{"propertyName":"tooltip","key":"save"},"interaction":{"idSuffix":"content"}},"wdio_ui5_key":"etmportal.ui.managerequests.view.NewRequestsap.m.Button{\"propertyName\":\"tooltip\",\"key\":\"save\"}"}]}
RESULT: {"script":"<script> [1562 bytes]","args":[{"selector":{"controlType":"sap.m.Button","viewName":"etm.portal.ui.managerequests.view.NewRequest","i18NText":{"propertyName":"tooltip","key":"save"},"interaction":{"idSuffix":"content"}},"wdio_ui5_key":"etmportal.ui.managerequests.view.NewRequestsap.m.Button{\"propertyName\":\"tooltip\",\"key\":\"save\"}"}]}
RESULT: undefined
COMMAND: POST /session/7ceb9c4207408afb27fb3a73a7391b04/element - {"using":"xpath","value":"//*[@id=\"__button80\"]"}
RESULT: {"using":"xpath","value":"//*[@id=\"__button80\"]"}
COMMAND: POST /session/7ceb9c4207408afb27fb3a73a7391b04/element/f.0A3556A37C534166386D2A4E113E99D8.d.EBA55DF7EB443B9599B32653A930C8E9.e.8813/click - {}
RESULT: {}
COMMAND: GET /session/7ceb9c4207408afb27fb3a73a7391b04/screenshot - {}
RESULT: {}
COMMAND: POST /session/7ceb9c4207408afb27fb3a73a7391b04/execute/async - {"script":"<script> [1562 bytes]","args":[{"selector":{"controlType":"sap.m.Title","properties":{"text":"Success"},"searchOpenDialogs":true},"wdio_ui5_key":"sapm.Title{\"text\":\"Success\"}"}]}
RESULT: {"script":"<script> [1562 bytes]","args":[{"selector":{"controlType":"sap.m.Title","properties":{"text":"Success"},"searchOpenDialogs":true},"wdio_ui5_key":"sapm.Title{\"text\":\"Success\"}"}]}
RESULT: undefined
COMMAND: POST /session/7ceb9c4207408afb27fb3a73a7391b04/execute/async - {"script":"<script> [6424 bytes]","args":[{"element-6066-11e4-a52e-4f735466cecf":"f.0A3556A37C534166386D2A4E113E99D8.d.EBA55DF7EB443B9599B32653A930C8E9.e.8979"},"getText",[]]}
RESULT: {"script":"<script> [6424 bytes]","args":[{"element-6066-11e4-a52e-4f735466cecf":"f.0A3556A37C534166386D2A4E113E99D8.d.EBA55DF7EB443B9599B32653A930C8E9.e.8979"},"getText",[]]}
COMMAND: POST /session/7ceb9c4207408afb27fb3a73a7391b04/execute/async - {"script":"<script> [1562 bytes]","args":[{"selector":{"controlType":"sap.m.Button","properties":{"text":"Close"},"searchOpenDialogs":true,"interaction":{"idSuffix":"BDI-content"}},"wdio_ui5_key":"sapm.Button{\"text\":\"Close\"}"}]}
RESULT: {"script":"<script> [1562 bytes]","args":[{"selector":{"controlType":"sap.m.Button","properties":{"text":"Close"},"searchOpenDialogs":true,"interaction":{"idSuffix":"BDI-content"}},"wdio_ui5_key":"sapm.Button{\"text\":\"Close\"}"}]}
RESULT: undefined
COMMAND: POST /session/7ceb9c4207408afb27fb3a73a7391b04/element - {"using":"xpath","value":"//*[@id=\"__mbox-btn-0\"]"}
RESULT: {"using":"xpath","value":"//*[@id=\"__mbox-btn-0\"]"}
COMMAND: POST /session/7ceb9c4207408afb27fb3a73a7391b04/element/f.0A3556A37C534166386D2A4E113E99D8.d.EBA55DF7EB443B9599B32653A930C8E9.e.8978/click - {}
RESULT: {}
COMMAND: GET /session/7ceb9c4207408afb27fb3a73a7391b04/screenshot - {}
RESULT: {}
COMMAND: POST /session/7ceb9c4207408afb27fb3a73a7391b04/execute/async - {"script":"<script> [1562 bytes]","args":[{"selector":{"controlType":"sap.m.Button","viewName":"etm.portal.ui.managerequests.view.Detail","i18NText":{"propertyName":"text","key":"requestSpecifications"},"interaction":{"idSuffix":"BDI-content"}},"wdio_ui5_key":"etmportal.ui.managerequests.view.Detailsap.m.Button{\"propertyName\":\"text\",\"key\":\"requestSpecifications\"}"}]}
RESULT: {"script":"<script> [1562 bytes]","args":[{"selector":{"controlType":"sap.m.Button","viewName":"etm.portal.ui.managerequests.view.Detail","i18NText":{"propertyName":"text","key":"requestSpecifications"},"interaction":{"idSuffix":"BDI-content"}},"wdio_ui5_key":"etmportal.ui.managerequests.view.Detailsap.m.Button{\"propertyName\":\"text\",\"key\":\"requestSpecifications\"}"}]}
RESULT: undefined
COMMAND: POST /session/7ceb9c4207408afb27fb3a73a7391b04/element - {"using":"xpath","value":"//*[@id=\"__button107-__clone1026\"]"}
RESULT: {"using":"xpath","value":"//*[@id=\"__button107-__clone1026\"]"}
COMMAND: POST /session/7ceb9c4207408afb27fb3a73a7391b04/element/f.0A3556A37C534166386D2A4E113E99D8.d.EBA55DF7EB443B9599B32653A930C8E9.e.9105/click - {}
RESULT: {}
COMMAND: GET /session/7ceb9c4207408afb27fb3a73a7391b04/screenshot - {}
RESULT: {}
COMMAND: POST /session/7ceb9c4207408afb27fb3a73a7391b04/element - {"using":"xpath","value":"//input[@value=\"blue\"]"}
RESULT: {"using":"xpath","value":"//input[@value=\"blue\"]"}
COMMAND: POST /session/7ceb9c4207408afb27fb3a73a7391b04/elements - {"using":"xpath","value":"//input[@value=\"blue\"]"}
RESULT: {"using":"xpath","value":"//input[@value=\"blue\"]"}
COMMAND: POST /session/7ceb9c4207408afb27fb3a73a7391b04/execute/async - {"script":"<script> [1562 bytes]","args":[{"selector":{"id":"cancelRequestSpecificationsButton","viewName":"etm.portal.ui.managerequests.view.Detail","searchOpenDialogs":true,"interaction":{"idSuffix":"BDI-content"}},"wdio_ui5_key":"cancelRequestSpecificationsButtonetmportal.ui.managerequests.view.Detail"}]}
RESULT: {"script":"<script> [1562 bytes]","args":[{"selector":{"id":"cancelRequestSpecificationsButton","viewName":"etm.portal.ui.managerequests.view.Detail","searchOpenDialogs":true,"interaction":{"idSuffix":"BDI-content"}},"wdio_ui5_key":"cancelRequestSpecificationsButtonetmportal.ui.managerequests.view.Detail"}]}
RESULT: undefined
COMMAND: POST /session/7ceb9c4207408afb27fb3a73a7391b04/element - {"using":"xpath","value":"//*[@id=\"__xmlview60--cancelRequestSpecificationsButton\"]"}
RESULT: {"using":"xpath","value":"//*[@id=\"__xmlview60--cancelRequestSpecificationsButton\"]"}
COMMAND: POST /session/7ceb9c4207408afb27fb3a73a7391b04/element/f.0A3556A37C534166386D2A4E113E99D8.d.EBA55DF7EB443B9599B32653A930C8E9.e.9107/click - {}
RESULT: {}
COMMAND: GET /session/7ceb9c4207408afb27fb3a73a7391b04/screenshot - {}
COMMAND: POST /session/7ceb9c4207408afb27fb3a73a7391b04/element - {"using":"css selector","value":"#shell-header-logo"}
RESULT: {}
RESULT: {"using":"css selector","value":"#shell-header-logo"}
COMMAND: POST /session/7ceb9c4207408afb27fb3a73a7391b04/element/f.0A3556A37C534166386D2A4E113E99D8.d.EBA55DF7EB443B9599B32653A930C8E9.e.8536/click - {}
RESULT: {}
COMMAND: GET /session/7ceb9c4207408afb27fb3a73a7391b04/screenshot - {}
RESULT: {}
]]></system-out>
    </testcase>
  </testsuite>
  <testsuite timestamp="2025-05-26T16:07:58" time="377.592" tests="3" failures="0" errors="0" skipped="0">
    <properties>
      <property name="specId" value="0"/>
      <property name="suiteName" value="Reserve/Unreserve request item via reserve option US139161"/>
      <property name="capabilities" value="chrome.136_0_7103_93.windows"/>
      <property name="file" value="file:///D:/a/1/s/test/specs/R2C/reserve-unreserve-request-item-via-reserve-option.spec.js"/>
    </properties>
    <testcase classname="chrome.136_0_7103_93.windows.Reserve/Unreserve_request_item_via_reserve_option_US139161" name="Should add the material to the catalog item" time="86.949">
      <system-out><![CDATA[
COMMAND: POST /session/7ceb9c4207408afb27fb3a73a7391b04/execute/async - {"script":"<script> [1562 bytes]","args":[{"selector":{"controlType":"sap.m.GenericTile","properties":{"header":"Manage Catalogs"}},"wdio_ui5_key":"sapm.GenericTile{\"header\":\"Manage Catalogs\"}"}]}
RESULT: {"script":"<script> [1562 bytes]","args":[{"selector":{"controlType":"sap.m.GenericTile","properties":{"header":"Manage Catalogs"}},"wdio_ui5_key":"sapm.GenericTile{\"header\":\"Manage Catalogs\"}"}]}
RESULT: undefined
COMMAND: POST /session/7ceb9c4207408afb27fb3a73a7391b04/element - {"using":"xpath","value":"//*[@id=\"__tile37\"]"}
RESULT: {"using":"xpath","value":"//*[@id=\"__tile37\"]"}
COMMAND: POST /session/7ceb9c4207408afb27fb3a73a7391b04/element/f.0A3556A37C534166386D2A4E113E99D8.d.EBA55DF7EB443B9599B32653A930C8E9.e.9113/click - {}
RESULT: {}
COMMAND: GET /session/7ceb9c4207408afb27fb3a73a7391b04/screenshot - {}
RESULT: {}
COMMAND: POST /session/7ceb9c4207408afb27fb3a73a7391b04/elements - {"using":"xpath","value":"//span[text()='Error']"}
RESULT: {"using":"xpath","value":"//span[text()='Error']"}
COMMAND: POST /session/7ceb9c4207408afb27fb3a73a7391b04/execute/async - {"script":"<script> [1562 bytes]","args":[{"selector":{"controlType":"sap.m.Text","viewName":"etm.portal.ui.managecatalogs.view.MasterCatalogs","viewId":"application-managecatalogs-display-component---masterCatalogs","bindingPath":{"path":"/Catalogs('0D7502D073D53A0F1700BE067B89AFF9')","propertyPath":"DESCRIPTION","modelName":"catalogModel"}},"wdio_ui5_key":"etmportal.ui.managecatalogs.view.MasterCatalogssap.m.Text{\"path\":\"/Catalogs('0D7502D073D53A0F1700BE067B89AFF9')\",\"propertyPath\":\"DESCRIPTION\",\"modelName\":\"catalogModel\"}"}]}
RESULT: {"script":"<script> [1562 bytes]","args":[{"selector":{"controlType":"sap.m.Text","viewName":"etm.portal.ui.managecatalogs.view.MasterCatalogs","viewId":"application-managecatalogs-display-component---masterCatalogs","bindingPath":{"path":"/Catalogs('0D7502D073D53A0F1700BE067B89AFF9')","propertyPath":"DESCRIPTION","modelName":"catalogModel"}},"wdio_ui5_key":"etmportal.ui.managecatalogs.view.MasterCatalogssap.m.Text{\"path\":\"/Catalogs('0D7502D073D53A0F1700BE067B89AFF9')\",\"propertyPath\":\"DESCRIPTION\",\"modelName\":\"catalogModel\"}"}]}
RESULT: undefined
COMMAND: POST /session/7ceb9c4207408afb27fb3a73a7391b04/element - {"using":"xpath","value":"//*[@id=\"__text685-application-managecatalogs-display-component---masterCatalogs--CatalogsTable-11\"]"}
RESULT: {"using":"xpath","value":"//*[@id=\"__text685-application-managecatalogs-display-component---masterCatalogs--CatalogsTable-11\"]"}
COMMAND: POST /session/7ceb9c4207408afb27fb3a73a7391b04/element/f.0A3556A37C534166386D2A4E113E99D8.d.EBA55DF7EB443B9599B32653A930C8E9.e.9183/click - {}
RESULT: {}
RESULT: undefined
COMMAND: POST /session/7ceb9c4207408afb27fb3a73a7391b04/execute/async - {"script":"<script> [776 bytes]","args":[{"enterText":"catalogItemr9iev","selector":{"id":"application-managecatalogs-display-component---masterCatalogItems--searchItemsField","interaction":{"idSuffix":"I"}},"clearTextFirst":true,"interactionType":"ENTER_TEXT"}]}
COMMAND: GET /session/7ceb9c4207408afb27fb3a73a7391b04/screenshot - {}
RESULT: {"script":"<script> [776 bytes]","args":[{"enterText":"catalogItemr9iev","selector":{"id":"application-managecatalogs-display-component---masterCatalogItems--searchItemsField","interaction":{"idSuffix":"I"}},"clearTextFirst":true,"interactionType":"ENTER_TEXT"}]}
COMMAND: POST /session/7ceb9c4207408afb27fb3a73a7391b04/actions - {"actions":[{"id":"action59","type":"key","parameters":{},"actions":[{"type":"keyDown","value":""},{"type":"pause","duration":10},{"type":"keyUp","value":""}]}]}
RESULT: {}
RESULT: {"actions":[{"id":"action59","type":"key","parameters":{},"actions":[{"type":"keyDown","value":""},{"type":"pause","duration":10},{"type":"keyUp","value":""}]}]}
COMMAND: POST /session/7ceb9c4207408afb27fb3a73a7391b04/element - {"using":"xpath","value":"(//span[contains(text(), \"catalogItemr9iev\")])[1]"}
COMMAND: GET /session/7ceb9c4207408afb27fb3a73a7391b04/screenshot - {}
RESULT: {"using":"xpath","value":"(//span[contains(text(), \"catalogItemr9iev\")])[1]"}
COMMAND: POST /session/7ceb9c4207408afb27fb3a73a7391b04/element/f.0A3556A37C534166386D2A4E113E99D8.d.EBA55DF7EB443B9599B32653A930C8E9.e.9221/click - {}
RESULT: {}
RESULT: {}
COMMAND: GET /session/7ceb9c4207408afb27fb3a73a7391b04/screenshot - {}
RESULT: {}
COMMAND: POST /session/7ceb9c4207408afb27fb3a73a7391b04/element - {"using":"xpath","value":"//*[contains(@id ,\"BDI-content\")][contains(text(), \"Edit\")]"}
RESULT: {"using":"xpath","value":"//*[contains(@id ,\"BDI-content\")][contains(text(), \"Edit\")]"}
COMMAND: POST /session/7ceb9c4207408afb27fb3a73a7391b04/element/f.0A3556A37C534166386D2A4E113E99D8.d.EBA55DF7EB443B9599B32653A930C8E9.e.9301/click - {}
RESULT: {}
COMMAND: GET /session/7ceb9c4207408afb27fb3a73a7391b04/screenshot - {}
RESULT: {}
COMMAND: POST /session/7ceb9c4207408afb27fb3a73a7391b04/element - {"using":"xpath","value":"//bdi[contains(text(), \"Assigned Resources\")]"}
RESULT: {"using":"xpath","value":"//bdi[contains(text(), \"Assigned Resources\")]"}
COMMAND: POST /session/7ceb9c4207408afb27fb3a73a7391b04/element/f.0A3556A37C534166386D2A4E113E99D8.d.EBA55DF7EB443B9599B32653A930C8E9.e.9327/click - {}
RESULT: {}
COMMAND: GET /session/7ceb9c4207408afb27fb3a73a7391b04/screenshot - {}
RESULT: {}
COMMAND: POST /session/7ceb9c4207408afb27fb3a73a7391b04/element - {"using":"xpath","value":"//button[contains(@data-kt ,\"catalogItemAssignRuButton\")]"}
RESULT: {"using":"xpath","value":"//button[contains(@data-kt ,\"catalogItemAssignRuButton\")]"}
COMMAND: POST /session/7ceb9c4207408afb27fb3a73a7391b04/element/f.0A3556A37C534166386D2A4E113E99D8.d.EBA55DF7EB443B9599B32653A930C8E9.e.9335/click - {}
RESULT: {}
COMMAND: GET /session/7ceb9c4207408afb27fb3a73a7391b04/screenshot - {}
RESULT: {}
COMMAND: POST /session/7ceb9c4207408afb27fb3a73a7391b04/actions - {"actions":[{"id":"action60","type":"key","parameters":{},"actions":[{"type":"keyDown","value":""},{"type":"pause","duration":10},{"type":"keyUp","value":""}]}]}
RESULT: {"actions":[{"id":"action60","type":"key","parameters":{},"actions":[{"type":"keyDown","value":""},{"type":"pause","duration":10},{"type":"keyUp","value":""}]}]}
COMMAND: GET /session/7ceb9c4207408afb27fb3a73a7391b04/screenshot - {}
RESULT: {}
COMMAND: POST /session/7ceb9c4207408afb27fb3a73a7391b04/execute/async - {"script":"<script> [1562 bytes]","args":[{"selector":{"id":"application-managecatalogs-display-component---detailCatalog--assignRUSearchField-vhi","searchOpenDialogs":true},"wdio_ui5_key":"applicationmanagecatalogs-display-component---detailCatalog--assignRUSearchField-vhi"}]}
RESULT: {"script":"<script> [1562 bytes]","args":[{"selector":{"id":"application-managecatalogs-display-component---detailCatalog--assignRUSearchField-vhi","searchOpenDialogs":true},"wdio_ui5_key":"applicationmanagecatalogs-display-component---detailCatalog--assignRUSearchField-vhi"}]}
RESULT: undefined
COMMAND: POST /session/7ceb9c4207408afb27fb3a73a7391b04/element - {"using":"xpath","value":"//*[@id=\"application-managecatalogs-display-component---detailCatalog--assignRUSearchField-vhi\"]"}
RESULT: {"using":"xpath","value":"//*[@id=\"application-managecatalogs-display-component---detailCatalog--assignRUSearchField-vhi\"]"}
COMMAND: POST /session/7ceb9c4207408afb27fb3a73a7391b04/element/f.0A3556A37C534166386D2A4E113E99D8.d.EBA55DF7EB443B9599B32653A930C8E9.e.9353/click - {}
RESULT: {}
COMMAND: GET /session/7ceb9c4207408afb27fb3a73a7391b04/screenshot - {}
RESULT: {}
COMMAND: POST /session/7ceb9c4207408afb27fb3a73a7391b04/element - {"using":"xpath","value":"//input[contains(@id ,\"searchField-I\")]"}
RESULT: {"using":"xpath","value":"//input[contains(@id ,\"searchField-I\")]"}
COMMAND: POST /session/7ceb9c4207408afb27fb3a73a7391b04/element/f.0A3556A37C534166386D2A4E113E99D8.d.EBA55DF7EB443B9599B32653A930C8E9.e.9355/clear - {}
RESULT: {}
COMMAND: POST /session/7ceb9c4207408afb27fb3a73a7391b04/element/f.0A3556A37C534166386D2A4E113E99D8.d.EBA55DF7EB443B9599B32653A930C8E9.e.9355/value - {"text":"WebdriverRUR2Cwoldn"}
COMMAND: GET /session/7ceb9c4207408afb27fb3a73a7391b04/screenshot - {}
RESULT: {"text":"WebdriverRUR2Cwoldn"}
COMMAND: GET /session/7ceb9c4207408afb27fb3a73a7391b04/screenshot - {}
RESULT: {}
RESULT: {}
COMMAND: POST /session/7ceb9c4207408afb27fb3a73a7391b04/actions - {"actions":[{"id":"action61","type":"key","parameters":{},"actions":[{"type":"keyDown","value":""},{"type":"pause","duration":10},{"type":"keyUp","value":""}]}]}
RESULT: {"actions":[{"id":"action61","type":"key","parameters":{},"actions":[{"type":"keyDown","value":""},{"type":"pause","duration":10},{"type":"keyUp","value":""}]}]}
COMMAND: GET /session/7ceb9c4207408afb27fb3a73a7391b04/screenshot - {}
RESULT: {}
COMMAND: POST /session/7ceb9c4207408afb27fb3a73a7391b04/actions - {"actions":[{"id":"action62","type":"key","parameters":{},"actions":[{"type":"keyDown","value":""},{"type":"pause","duration":10},{"type":"keyUp","value":""}]}]}
RESULT: {"actions":[{"id":"action62","type":"key","parameters":{},"actions":[{"type":"keyDown","value":""},{"type":"pause","duration":10},{"type":"keyUp","value":""}]}]}
COMMAND: GET /session/7ceb9c4207408afb27fb3a73a7391b04/screenshot - {}
RESULT: {}
COMMAND: POST /session/7ceb9c4207408afb27fb3a73a7391b04/actions - {"actions":[{"id":"action63","type":"key","parameters":{},"actions":[{"type":"keyDown","value":""},{"type":"pause","duration":10},{"type":"keyUp","value":""}]}]}
RESULT: {"actions":[{"id":"action63","type":"key","parameters":{},"actions":[{"type":"keyDown","value":""},{"type":"pause","duration":10},{"type":"keyUp","value":""}]}]}
COMMAND: GET /session/7ceb9c4207408afb27fb3a73a7391b04/screenshot - {}
RESULT: {}
COMMAND: POST /session/7ceb9c4207408afb27fb3a73a7391b04/element - {"using":"xpath","value":"//bdi[contains(@id ,\"application-managecatalogs-display-component---detailCatalog--RUAssignmentSaveButton-BDI-content\")]"}
RESULT: {"using":"xpath","value":"//bdi[contains(@id ,\"application-managecatalogs-display-component---detailCatalog--RUAssignmentSaveButton-BDI-content\")]"}
COMMAND: POST /session/7ceb9c4207408afb27fb3a73a7391b04/element/f.0A3556A37C534166386D2A4E113E99D8.d.EBA55DF7EB443B9599B32653A930C8E9.e.9372/click - {}
RESULT: {}
COMMAND: GET /session/7ceb9c4207408afb27fb3a73a7391b04/screenshot - {}
RESULT: {}
COMMAND: POST /session/7ceb9c4207408afb27fb3a73a7391b04/element - {"using":"xpath","value":"//bdi[contains(text(), \"Save\")]"}
RESULT: {"using":"xpath","value":"//bdi[contains(text(), \"Save\")]"}
COMMAND: POST /session/7ceb9c4207408afb27fb3a73a7391b04/element/f.0A3556A37C534166386D2A4E113E99D8.d.EBA55DF7EB443B9599B32653A930C8E9.e.9388/click - {}
RESULT: {}
COMMAND: GET /session/7ceb9c4207408afb27fb3a73a7391b04/screenshot - {}
RESULT: {}
COMMAND: POST /session/7ceb9c4207408afb27fb3a73a7391b04/element - {"using":"css selector","value":"#shell-header-logo"}
RESULT: {"using":"css selector","value":"#shell-header-logo"}
COMMAND: POST /session/7ceb9c4207408afb27fb3a73a7391b04/element/f.0A3556A37C534166386D2A4E113E99D8.d.EBA55DF7EB443B9599B32653A930C8E9.e.9117/click - {}
RESULT: {}
COMMAND: GET /session/7ceb9c4207408afb27fb3a73a7391b04/screenshot - {}
RESULT: {}
COMMAND: POST /session/7ceb9c4207408afb27fb3a73a7391b04/refresh - {}
RESULT: {}
COMMAND: GET /session/7ceb9c4207408afb27fb3a73a7391b04/screenshot - {}
RESULT: {}
COMMAND: POST /session/7ceb9c4207408afb27fb3a73a7391b04/execute/async - {"script":"<script> [189 bytes]","args":[]}
RESULT: {"script":"<script> [189 bytes]","args":[]}
COMMAND: POST /session/7ceb9c4207408afb27fb3a73a7391b04/execute/async - {"script":"<script> [123 bytes]","args":[]}
RESULT: {"script":"<script> [123 bytes]","args":[]}
COMMAND: POST /session/7ceb9c4207408afb27fb3a73a7391b04/timeouts - {"script":"<number>"}
RESULT: {"script":"<number>"}
COMMAND: GET /session/7ceb9c4207408afb27fb3a73a7391b04/timeouts - {}
RESULT: {}
RESULT: undefined
COMMAND: POST /session/7ceb9c4207408afb27fb3a73a7391b04/execute/async - {"script":"<script> [2676 bytes]","args":[]}
RESULT: {"script":"<script> [2676 bytes]","args":[]}
COMMAND: POST /session/7ceb9c4207408afb27fb3a73a7391b04/execute/async - {"script":"<script> [2342 bytes]","args":[{"protocol":"http","hostname":"0.0.0.0","path":"/","capabilities":{"browserName":"chrome","goog:chromeOptions":{"binary":"C:\\Program Files\\Google\\Chrome\\Application\\chrome.exe","args":["--start-maximized"]}},"logLevel":"warn","connectionRetryTimeout":120000,"connectionRetryCount":3,"logLevels":{},"enableDirectConnect":true,"strictSSL":true,"_":"65 more keys: [\"cacheDir\",\"port\",\"requestedCapabilities\",\"automationProtocol\",\"baseUrl\",\"waitforInterval\",\"waitforTimeout\",\"onReload\",\"beforeCommand\",\"afterCommand\",\"rootDir\",\"specs\",\"suites\",\"exclude\",\"groupLogsByTestSpec\",\"excludeDriverLogs\",\"bail\",\"framework\",\"reporters\",\"services\",\"maxInstances\",\"maxInstancesPerCapability\",\"injectGlobals\",\"filesToWatch\",\"execArgv\",\"runnerEnv\",\"runner\",\"shard\",\"specFileRetries\",\"specFileRetriesDelay\",\"specFileRetriesDeferred\",\"reporterSyncInterval\",\"reporterSyncTimeout\",\"cucumberFeaturesWithLineNumbers\",\"autoCompileOpts\",\"mochaOpts\",\"jasmineOpts\",\"cucumberOpts\",\"onPrepare\",\"onWorkerStart\",\"onWorkerEnd\",\"before\",\"beforeSession\",\"beforeSuite\",\"beforeHook\",\"beforeTest\",\"afterTest\",\"afterHook\",\"afterSuite\",\"afterSession\",\"after\",\"onComplete\",\"beforeAssertion\",\"afterAssertion\",\"beforeFeature\",\"beforeScenario\",\"beforeStep\",\"afterStep\",\"afterScenario\",\"afterFeature\",\"_\",\"suite\",\"$0\",\"ignoredWorkerServices\",\"wdi5\"]"}]}
RESULT: {"script":"<script> [2342 bytes]","args":[{"protocol":"http","hostname":"0.0.0.0","path":"/","capabilities":{"browserName":"chrome","goog:chromeOptions":{"binary":"C:\\Program Files\\Google\\Chrome\\Application\\chrome.exe","args":["--start-maximized"]}},"logLevel":"warn","connectionRetryTimeout":120000,"connectionRetryCount":3,"logLevels":{},"enableDirectConnect":true,"strictSSL":true,"_":"65 more keys: [\"cacheDir\",\"port\",\"requestedCapabilities\",\"automationProtocol\",\"baseUrl\",\"waitforInterval\",\"waitforTimeout\",\"onReload\",\"beforeCommand\",\"afterCommand\",\"rootDir\",\"specs\",\"suites\",\"exclude\",\"groupLogsByTestSpec\",\"excludeDriverLogs\",\"bail\",\"framework\",\"reporters\",\"services\",\"maxInstances\",\"maxInstancesPerCapability\",\"injectGlobals\",\"filesToWatch\",\"execArgv\",\"runnerEnv\",\"runner\",\"shard\",\"specFileRetries\",\"specFileRetriesDelay\",\"specFileRetriesDeferred\",\"reporterSyncInterval\",\"reporterSyncTimeout\",\"cucumberFeaturesWithLineNumbers\",\"autoCompileOpts\",\"mochaOpts\",\"jasmineOpts\",\"cucumberOpts\",\"onPrepare\",\"onWorkerStart\",\"onWorkerEnd\",\"before\",\"beforeSession\",\"beforeSuite\",\"beforeHook\",\"beforeTest\",\"afterTest\",\"afterHook\",\"afterSuite\",\"afterSession\",\"after\",\"onComplete\",\"beforeAssertion\",\"afterAssertion\",\"beforeFeature\",\"beforeScenario\",\"beforeStep\",\"afterStep\",\"afterScenario\",\"afterFeature\",\"_\",\"suite\",\"$0\",\"ignoredWorkerServices\",\"wdi5\"]"}]}
COMMAND: POST /session/7ceb9c4207408afb27fb3a73a7391b04/execute/async - {"script":"<script> [21126 bytes]","args":[35000]}
RESULT: {"script":"<script> [21126 bytes]","args":[35000]}
]]></system-out>
    </testcase>
    <testcase classname="chrome.136_0_7103_93.windows.Reserve/Unreserve_request_item_via_reserve_option_US139161" name="Should create a new request with a catalog item that can be planned" time="177.876">
      <system-out><![CDATA[
COMMAND: POST /session/7ceb9c4207408afb27fb3a73a7391b04/execute/async - {"script":"<script> [1562 bytes]","args":[{"selector":{"controlType":"sap.m.GenericTile","properties":{"header":"Manage Requests"}},"wdio_ui5_key":"sapm.GenericTile{\"header\":\"Manage Requests\"}"}]}
RESULT: {"script":"<script> [1562 bytes]","args":[{"selector":{"controlType":"sap.m.GenericTile","properties":{"header":"Manage Requests"}},"wdio_ui5_key":"sapm.GenericTile{\"header\":\"Manage Requests\"}"}]}
RESULT: undefined
COMMAND: POST /session/7ceb9c4207408afb27fb3a73a7391b04/element - {"using":"xpath","value":"//*[@id=\"__tile47\"]"}
RESULT: {"using":"xpath","value":"//*[@id=\"__tile47\"]"}
COMMAND: POST /session/7ceb9c4207408afb27fb3a73a7391b04/element/f.0A3556A37C534166386D2A4E113E99D8.d.E0B5B93C6B5DE0E9F0A3B322233D0879.e.9434/click - {}
RESULT: {}
COMMAND: GET /session/7ceb9c4207408afb27fb3a73a7391b04/screenshot - {}
RESULT: {}
COMMAND: POST /session/7ceb9c4207408afb27fb3a73a7391b04/elements - {"using":"xpath","value":"//span[text()='Error']"}
RESULT: {"using":"xpath","value":"//span[text()='Error']"}
COMMAND: POST /session/7ceb9c4207408afb27fb3a73a7391b04/element - {"using":"xpath","value":"//button[contains(@data-kt ,\"btnCreateNewOverflowToolbarButton\")]"}
COMMAND: POST /session/7ceb9c4207408afb27fb3a73a7391b04/element - {"using":"xpath","value":"(//span[contains(@class ,\"sapMObjStatusText\")])[1]"}
RESULT: {"using":"xpath","value":"//button[contains(@data-kt ,\"btnCreateNewOverflowToolbarButton\")]"}
COMMAND: POST /session/7ceb9c4207408afb27fb3a73a7391b04/element/f.0A3556A37C534166386D2A4E113E99D8.d.E0B5B93C6B5DE0E9F0A3B322233D0879.e.9491/click - {}
RESULT: {"using":"xpath","value":"(//span[contains(@class ,\"sapMObjStatusText\")])[1]"}
COMMAND: POST /session/7ceb9c4207408afb27fb3a73a7391b04/execute/sync - {"script":"<script> [8489 bytes]","args":[{"element-6066-11e4-a52e-4f735466cecf":"f.0A3556A37C534166386D2A4E113E99D8.d.E0B5B93C6B5DE0E9F0A3B322233D0879.e.9532","ELEMENT":"f.0A3556A37C534166386D2A4E113E99D8.d.E0B5B93C6B5DE0E9F0A3B322233D0879.e.9532"}]}
RESULT: {}
COMMAND: GET /session/7ceb9c4207408afb27fb3a73a7391b04/screenshot - {}
RESULT: {"script":"<script> [8489 bytes]","args":[{"element-6066-11e4-a52e-4f735466cecf":"f.0A3556A37C534166386D2A4E113E99D8.d.E0B5B93C6B5DE0E9F0A3B322233D0879.e.9532","ELEMENT":"f.0A3556A37C534166386D2A4E113E99D8.d.E0B5B93C6B5DE0E9F0A3B322233D0879.e.9532"}]}
COMMAND: GET /session/7ceb9c4207408afb27fb3a73a7391b04/screenshot - {}
RESULT: {}
RESULT: {}
COMMAND: POST /session/7ceb9c4207408afb27fb3a73a7391b04/element - {"using":"xpath","value":"//input[contains(@id ,\"yardId-inner\")]"}
RESULT: {"using":"xpath","value":"//input[contains(@id ,\"yardId-inner\")]"}
COMMAND: POST /session/7ceb9c4207408afb27fb3a73a7391b04/execute/sync - {"script":"<script> [8489 bytes]","args":[{"element-6066-11e4-a52e-4f735466cecf":"f.0A3556A37C534166386D2A4E113E99D8.d.E0B5B93C6B5DE0E9F0A3B322233D0879.e.9634","ELEMENT":"f.0A3556A37C534166386D2A4E113E99D8.d.E0B5B93C6B5DE0E9F0A3B322233D0879.e.9634"}]}
RESULT: {"script":"<script> [8489 bytes]","args":[{"element-6066-11e4-a52e-4f735466cecf":"f.0A3556A37C534166386D2A4E113E99D8.d.E0B5B93C6B5DE0E9F0A3B322233D0879.e.9634","ELEMENT":"f.0A3556A37C534166386D2A4E113E99D8.d.E0B5B93C6B5DE0E9F0A3B322233D0879.e.9634"}]}
COMMAND: POST /session/7ceb9c4207408afb27fb3a73a7391b04/element - {"using":"xpath","value":"//input[contains(@id ,\"yardId-inner\")]"}
COMMAND: GET /session/7ceb9c4207408afb27fb3a73a7391b04/screenshot - {}
RESULT: {"using":"xpath","value":"//input[contains(@id ,\"yardId-inner\")]"}
COMMAND: GET /session/7ceb9c4207408afb27fb3a73a7391b04/element/f.0A3556A37C534166386D2A4E113E99D8.d.E0B5B93C6B5DE0E9F0A3B322233D0879.e.9634/enabled - {}
RESULT: {}
RESULT: {}
COMMAND: POST /session/7ceb9c4207408afb27fb3a73a7391b04/element/f.0A3556A37C534166386D2A4E113E99D8.d.E0B5B93C6B5DE0E9F0A3B322233D0879.e.9634/clear - {}
COMMAND: GET /session/7ceb9c4207408afb27fb3a73a7391b04/screenshot - {}
RESULT: {}
COMMAND: POST /session/7ceb9c4207408afb27fb3a73a7391b04/element/f.0A3556A37C534166386D2A4E113E99D8.d.E0B5B93C6B5DE0E9F0A3B322233D0879.e.9634/value - {"text":"WebdriverYard2bocbg"}
COMMAND: GET /session/7ceb9c4207408afb27fb3a73a7391b04/screenshot - {}
RESULT: {}
RESULT: {"text":"WebdriverYard2bocbg"}
COMMAND: GET /session/7ceb9c4207408afb27fb3a73a7391b04/screenshot - {}
RESULT: {}
RESULT: {}
COMMAND: POST /session/7ceb9c4207408afb27fb3a73a7391b04/element - {"using":"xpath","value":"//input[contains(@id ,\"customerNumber-inner\")]"}
RESULT: {"using":"xpath","value":"//input[contains(@id ,\"customerNumber-inner\")]"}
COMMAND: POST /session/7ceb9c4207408afb27fb3a73a7391b04/element/f.0A3556A37C534166386D2A4E113E99D8.d.E0B5B93C6B5DE0E9F0A3B322233D0879.e.9628/value - {"text":"WebdriverPartnerpmdjl"}
COMMAND: POST /session/7ceb9c4207408afb27fb3a73a7391b04/actions - {"actions":[{"id":"action64","type":"key","parameters":{},"actions":[{"type":"keyDown","value":""},{"type":"pause","duration":10},{"type":"keyUp","value":""}]}]}
RESULT: {"actions":[{"id":"action64","type":"key","parameters":{},"actions":[{"type":"keyDown","value":""},{"type":"pause","duration":10},{"type":"keyUp","value":""}]}]}
COMMAND: GET /session/7ceb9c4207408afb27fb3a73a7391b04/screenshot - {}
RESULT: {"text":"WebdriverPartnerpmdjl"}
COMMAND: GET /session/7ceb9c4207408afb27fb3a73a7391b04/screenshot - {}
RESULT: {}
RESULT: {}
COMMAND: POST /session/7ceb9c4207408afb27fb3a73a7391b04/actions - {"actions":[{"id":"action65","type":"key","parameters":{},"actions":[{"type":"keyDown","value":""},{"type":"pause","duration":10},{"type":"keyUp","value":""}]}]}
RESULT: {"actions":[{"id":"action65","type":"key","parameters":{},"actions":[{"type":"keyDown","value":""},{"type":"pause","duration":10},{"type":"keyUp","value":""}]}]}
COMMAND: GET /session/7ceb9c4207408afb27fb3a73a7391b04/screenshot - {}
RESULT: {}
COMMAND: GET /session/7ceb9c4207408afb27fb3a73a7391b04/element/f.0A3556A37C534166386D2A4E113E99D8.d.E0B5B93C6B5DE0E9F0A3B322233D0879.e.9628/property/value - {}
RESULT: {}
COMMAND: GET /session/7ceb9c4207408afb27fb3a73a7391b04/screenshot - {}
RESULT: {}
COMMAND: POST /session/7ceb9c4207408afb27fb3a73a7391b04/element - {"using":"xpath","value":"//input[contains(@id ,\"requestSiteId-inner\")]"}
RESULT: {"using":"xpath","value":"//input[contains(@id ,\"requestSiteId-inner\")]"}
COMMAND: POST /session/7ceb9c4207408afb27fb3a73a7391b04/element/f.0A3556A37C534166386D2A4E113E99D8.d.E0B5B93C6B5DE0E9F0A3B322233D0879.e.9627/value - {"text":"WebdriverSitebbrdn"}
RESULT: {"text":"WebdriverSitebbrdn"}
COMMAND: GET /session/7ceb9c4207408afb27fb3a73a7391b04/screenshot - {}
RESULT: {}
COMMAND: POST /session/7ceb9c4207408afb27fb3a73a7391b04/actions - {"actions":[{"id":"action66","type":"key","parameters":{},"actions":[{"type":"keyDown","value":""},{"type":"pause","duration":10},{"type":"keyUp","value":""}]}]}
RESULT: {"actions":[{"id":"action66","type":"key","parameters":{},"actions":[{"type":"keyDown","value":""},{"type":"pause","duration":10},{"type":"keyUp","value":""}]}]}
COMMAND: GET /session/7ceb9c4207408afb27fb3a73a7391b04/screenshot - {}
RESULT: {}
COMMAND: POST /session/7ceb9c4207408afb27fb3a73a7391b04/element - {"using":"xpath","value":"//button[contains(@data-kt ,\"requestItemAddOverflowToolbarButton\")]"}
RESULT: {"using":"xpath","value":"//button[contains(@data-kt ,\"requestItemAddOverflowToolbarButton\")]"}
COMMAND: POST /session/7ceb9c4207408afb27fb3a73a7391b04/element/f.0A3556A37C534166386D2A4E113E99D8.d.E0B5B93C6B5DE0E9F0A3B322233D0879.e.9805/click - {}
RESULT: {}
COMMAND: GET /session/7ceb9c4207408afb27fb3a73a7391b04/screenshot - {}
RESULT: {}
COMMAND: POST /session/7ceb9c4207408afb27fb3a73a7391b04/actions - {"actions":[{"id":"action67","type":"key","parameters":{},"actions":[{"type":"keyDown","value":""},{"type":"pause","duration":10},{"type":"keyUp","value":""}]}]}
RESULT: {"actions":[{"id":"action67","type":"key","parameters":{},"actions":[{"type":"keyDown","value":""},{"type":"pause","duration":10},{"type":"keyUp","value":""}]}]}
COMMAND: POST /session/7ceb9c4207408afb27fb3a73a7391b04/actions - {"actions":[{"id":"action68","type":"key","parameters":{},"actions":[{"type":"keyDown","value":""},{"type":"pause","duration":10},{"type":"keyUp","value":""}]}]}
COMMAND: GET /session/7ceb9c4207408afb27fb3a73a7391b04/screenshot - {}
RESULT: {"actions":[{"id":"action68","type":"key","parameters":{},"actions":[{"type":"keyDown","value":""},{"type":"pause","duration":10},{"type":"keyUp","value":""}]}]}
COMMAND: POST /session/7ceb9c4207408afb27fb3a73a7391b04/element - {"using":"xpath","value":"(//input[contains(@id ,\"requestItemsTable-0-inner\")])[1]"}
COMMAND: GET /session/7ceb9c4207408afb27fb3a73a7391b04/screenshot - {}
RESULT: {}
RESULT: {"using":"xpath","value":"(//input[contains(@id ,\"requestItemsTable-0-inner\")])[1]"}
COMMAND: POST /session/7ceb9c4207408afb27fb3a73a7391b04/element/f.0A3556A37C534166386D2A4E113E99D8.d.E0B5B93C6B5DE0E9F0A3B322233D0879.e.9809/clear - {}
RESULT: {}
RESULT: {}
COMMAND: POST /session/7ceb9c4207408afb27fb3a73a7391b04/element/f.0A3556A37C534166386D2A4E113E99D8.d.E0B5B93C6B5DE0E9F0A3B322233D0879.e.9809/value - {"text":"catalogItemr9iev"}
COMMAND: GET /session/7ceb9c4207408afb27fb3a73a7391b04/screenshot - {}
RESULT: {"text":"catalogItemr9iev"}
COMMAND: GET /session/7ceb9c4207408afb27fb3a73a7391b04/screenshot - {}
RESULT: {}
RESULT: {}
COMMAND: POST /session/7ceb9c4207408afb27fb3a73a7391b04/actions - {"actions":[{"id":"action69","type":"key","parameters":{},"actions":[{"type":"keyDown","value":""},{"type":"pause","duration":10},{"type":"keyUp","value":""}]}]}
RESULT: {"actions":[{"id":"action69","type":"key","parameters":{},"actions":[{"type":"keyDown","value":""},{"type":"pause","duration":10},{"type":"keyUp","value":""}]}]}
COMMAND: GET /session/7ceb9c4207408afb27fb3a73a7391b04/screenshot - {}
RESULT: {}
COMMAND: POST /session/7ceb9c4207408afb27fb3a73a7391b04/execute/async - {"script":"<script> [1562 bytes]","args":[{"selector":{"controlType":"sap.ui.core.Icon","viewName":"etm.portal.ui.managerequests.view.NewRequest","properties":{"src":{"regex":{"source":"slim\\-arrow\\-down"}}},"ancestor":{"controlType":"sap.m.Button","viewName":"etm.portal.ui.managerequests.view.NewRequest","properties":{"icon":"sap-icon://slim-arrow-down"}}},"wdio_ui5_key":"etmportal.ui.managerequests.view.NewRequestsap.ui.core.Icon{\"src\":{\"regex\":{\"source\":\"slim\\\\-arrow\\\\-down\"}}}{\"controlType\":\"sap.m.Button\",\"viewName\":\"etm.portal.ui.managerequests.view.NewRequest\",\"properties\":{\"icon\":\"sap-icon://slim-arrow-down\"}}"}]}
RESULT: {"script":"<script> [1562 bytes]","args":[{"selector":{"controlType":"sap.ui.core.Icon","viewName":"etm.portal.ui.managerequests.view.NewRequest","properties":{"src":{"regex":{"source":"slim\\-arrow\\-down"}}},"ancestor":{"controlType":"sap.m.Button","viewName":"etm.portal.ui.managerequests.view.NewRequest","properties":{"icon":"sap-icon://slim-arrow-down"}}},"wdio_ui5_key":"etmportal.ui.managerequests.view.NewRequestsap.ui.core.Icon{\"src\":{\"regex\":{\"source\":\"slim\\\\-arrow\\\\-down\"}}}{\"controlType\":\"sap.m.Button\",\"viewName\":\"etm.portal.ui.managerequests.view.NewRequest\",\"properties\":{\"icon\":\"sap-icon://slim-arrow-down\"}}"}]}
RESULT: undefined
COMMAND: POST /session/7ceb9c4207408afb27fb3a73a7391b04/element - {"using":"xpath","value":"//div[contains(@data-kt ,\"splitAllocationObjectStatus\")]"}
RESULT: {"using":"xpath","value":"//div[contains(@data-kt ,\"splitAllocationObjectStatus\")]"}
COMMAND: POST /session/7ceb9c4207408afb27fb3a73a7391b04/elements - {"using":"xpath","value":"//div[contains(@data-kt ,\"splitAllocationObjectStatus\")]"}
RESULT: {"using":"xpath","value":"//div[contains(@data-kt ,\"splitAllocationObjectStatus\")]"}
COMMAND: POST /session/7ceb9c4207408afb27fb3a73a7391b04/execute/async - {"script":"<script> [1562 bytes]","args":[{"selector":{"controlType":"sap.ui.core.Icon","viewName":"etm.portal.ui.managerequests.view.NewRequest","properties":{"src":{"regex":{"source":"message\\-error"}}}},"wdio_ui5_key":"etmportal.ui.managerequests.view.NewRequestsap.ui.core.Icon{\"src\":{\"regex\":{\"source\":\"message\\\\-error\"}}}"}]}
RESULT: {"script":"<script> [1562 bytes]","args":[{"selector":{"controlType":"sap.ui.core.Icon","viewName":"etm.portal.ui.managerequests.view.NewRequest","properties":{"src":{"regex":{"source":"message\\-error"}}}},"wdio_ui5_key":"etmportal.ui.managerequests.view.NewRequestsap.ui.core.Icon{\"src\":{\"regex\":{\"source\":\"message\\\\-error\"}}}"}]}
RESULT: undefined
COMMAND: POST /session/7ceb9c4207408afb27fb3a73a7391b04/element - {"using":"xpath","value":"//*[@id=\"__status4-__xmlview59--requestItemsTable-0-icon\"]"}
RESULT: {"using":"xpath","value":"//*[@id=\"__status4-__xmlview59--requestItemsTable-0-icon\"]"}
COMMAND: POST /session/7ceb9c4207408afb27fb3a73a7391b04/element/f.0A3556A37C534166386D2A4E113E99D8.d.E0B5B93C6B5DE0E9F0A3B322233D0879.e.9824/click - {}
RESULT: {}
COMMAND: POST /session/7ceb9c4207408afb27fb3a73a7391b04/execute/async - {"script":"<script> [1562 bytes]","args":[{"selector":{"controlType":"sap.ui.core.Icon","viewName":"etm.portal.ui.managerequests.view.NewRequest","properties":{"src":{"regex":{"source":"slim\\-arrow\\-down"}}},"searchOpenDialogs":true,"ancestor":{"id":"costObjectAdminTypeComboBox","viewName":"etm.portal.ui.managerequests.view.NewRequest","searchOpenDialogs":true}},"wdio_ui5_key":"etmportal.ui.managerequests.view.NewRequestsap.ui.core.Icon{\"src\":{\"regex\":{\"source\":\"slim\\\\-arrow\\\\-down\"}}}{\"id\":\"costObjectAdminTypeComboBox\",\"viewName\":\"etm.portal.ui.managerequests.view.NewRequest\",\"searchOpenDialogs\":true}"}]}
COMMAND: GET /session/7ceb9c4207408afb27fb3a73a7391b04/screenshot - {}
RESULT: {"script":"<script> [1562 bytes]","args":[{"selector":{"controlType":"sap.ui.core.Icon","viewName":"etm.portal.ui.managerequests.view.NewRequest","properties":{"src":{"regex":{"source":"slim\\-arrow\\-down"}}},"searchOpenDialogs":true,"ancestor":{"id":"costObjectAdminTypeComboBox","viewName":"etm.portal.ui.managerequests.view.NewRequest","searchOpenDialogs":true}},"wdio_ui5_key":"etmportal.ui.managerequests.view.NewRequestsap.ui.core.Icon{\"src\":{\"regex\":{\"source\":\"slim\\\\-arrow\\\\-down\"}}}{\"id\":\"costObjectAdminTypeComboBox\",\"viewName\":\"etm.portal.ui.managerequests.view.NewRequest\",\"searchOpenDialogs\":true}"}]}
RESULT: undefined
COMMAND: POST /session/7ceb9c4207408afb27fb3a73a7391b04/element - {"using":"xpath","value":"//*[@id=\"__xmlview59--costObjectAdminTypeComboBox-arrow\"]"}
RESULT: {}
RESULT: {"using":"xpath","value":"//*[@id=\"__xmlview59--costObjectAdminTypeComboBox-arrow\"]"}
COMMAND: POST /session/7ceb9c4207408afb27fb3a73a7391b04/element/f.0A3556A37C534166386D2A4E113E99D8.d.E0B5B93C6B5DE0E9F0A3B322233D0879.e.9829/click - {}
RESULT: {}
COMMAND: POST /session/7ceb9c4207408afb27fb3a73a7391b04/execute/async - {"script":"<script> [1562 bytes]","args":[{"selector":{"controlType":"sap.m.StandardListItem","viewName":"etm.portal.ui.managerequests.view.NewRequest","properties":{"title":"Cost Center"},"searchOpenDialogs":true,"interaction":{"idSuffix":"titleText"}},"wdio_ui5_key":"etmportal.ui.managerequests.view.NewRequestsap.m.StandardListItem{\"title\":\"Cost Center\"}"}]}
COMMAND: GET /session/7ceb9c4207408afb27fb3a73a7391b04/screenshot - {}
RESULT: {"script":"<script> [1562 bytes]","args":[{"selector":{"controlType":"sap.m.StandardListItem","viewName":"etm.portal.ui.managerequests.view.NewRequest","properties":{"title":"Cost Center"},"searchOpenDialogs":true,"interaction":{"idSuffix":"titleText"}},"wdio_ui5_key":"etmportal.ui.managerequests.view.NewRequestsap.m.StandardListItem{\"title\":\"Cost Center\"}"}]}
RESULT: undefined
COMMAND: POST /session/7ceb9c4207408afb27fb3a73a7391b04/element - {"using":"xpath","value":"//*[@id=\"__item791\"]"}
RESULT: {}
RESULT: {"using":"xpath","value":"//*[@id=\"__item791\"]"}
COMMAND: POST /session/7ceb9c4207408afb27fb3a73a7391b04/element/f.0A3556A37C534166386D2A4E113E99D8.d.E0B5B93C6B5DE0E9F0A3B322233D0879.e.9832/click - {}
RESULT: {}
COMMAND: GET /session/7ceb9c4207408afb27fb3a73a7391b04/screenshot - {}
RESULT: {}
COMMAND: POST /session/7ceb9c4207408afb27fb3a73a7391b04/execute/async - {"script":"<script> [1562 bytes]","args":[{"selector":{"controlType":"sap.ui.core.Icon","viewName":"etm.portal.ui.managerequests.view.NewRequest","properties":{"src":{"regex":{"source":"value\\-help"}}},"searchOpenDialogs":true},"wdio_ui5_key":"etmportal.ui.managerequests.view.NewRequestsap.ui.core.Icon{\"src\":{\"regex\":{\"source\":\"value\\\\-help\"}}}"}]}
RESULT: {"script":"<script> [1562 bytes]","args":[{"selector":{"controlType":"sap.ui.core.Icon","viewName":"etm.portal.ui.managerequests.view.NewRequest","properties":{"src":{"regex":{"source":"value\\-help"}}},"searchOpenDialogs":true},"wdio_ui5_key":"etmportal.ui.managerequests.view.NewRequestsap.ui.core.Icon{\"src\":{\"regex\":{\"source\":\"value\\\\-help\"}}}"}]}
RESULT: undefined
COMMAND: POST /session/7ceb9c4207408afb27fb3a73a7391b04/element - {"using":"xpath","value":"//*[@id=\"__xmlview59--costObjectIdComboBox-vhi\"]"}
RESULT: {"using":"xpath","value":"//*[@id=\"__xmlview59--costObjectIdComboBox-vhi\"]"}
COMMAND: POST /session/7ceb9c4207408afb27fb3a73a7391b04/element/f.0A3556A37C534166386D2A4E113E99D8.d.E0B5B93C6B5DE0E9F0A3B322233D0879.e.9839/click - {}
RESULT: {}
COMMAND: POST /session/7ceb9c4207408afb27fb3a73a7391b04/execute/async - {"script":"<script> [1562 bytes]","args":[{"selector":{"controlType":"sap.m.SearchField","properties":{"placeholder":"Search"},"searchOpenDialogs":true,"interaction":{"idSuffix":"I"}},"wdio_ui5_key":"sapm.SearchField{\"placeholder\":\"Search\"}"}]}
COMMAND: GET /session/7ceb9c4207408afb27fb3a73a7391b04/screenshot - {}
RESULT: {"script":"<script> [1562 bytes]","args":[{"selector":{"controlType":"sap.m.SearchField","properties":{"placeholder":"Search"},"searchOpenDialogs":true,"interaction":{"idSuffix":"I"}},"wdio_ui5_key":"sapm.SearchField{\"placeholder\":\"Search\"}"}]}
RESULT: undefined
COMMAND: POST /session/7ceb9c4207408afb27fb3a73a7391b04/execute/async - {"script":"<script> [776 bytes]","args":[{"enterText":"10001010","selector":{"controlType":"sap.m.SearchField","properties":{"placeholder":"Search"},"searchOpenDialogs":true,"interaction":{"idSuffix":"I"}},"clearTextFirst":true,"interactionType":"ENTER_TEXT"}]}
RESULT: {}
RESULT: {"script":"<script> [776 bytes]","args":[{"enterText":"10001010","selector":{"controlType":"sap.m.SearchField","properties":{"placeholder":"Search"},"searchOpenDialogs":true,"interaction":{"idSuffix":"I"}},"clearTextFirst":true,"interactionType":"ENTER_TEXT"}]}
COMMAND: POST /session/7ceb9c4207408afb27fb3a73a7391b04/actions - {"actions":[{"id":"action70","type":"key","parameters":{},"actions":[{"type":"keyDown","value":""},{"type":"pause","duration":10},{"type":"keyUp","value":""}]}]}
RESULT: {"actions":[{"id":"action70","type":"key","parameters":{},"actions":[{"type":"keyDown","value":""},{"type":"pause","duration":10},{"type":"keyUp","value":""}]}]}
COMMAND: GET /session/7ceb9c4207408afb27fb3a73a7391b04/screenshot - {}
RESULT: {}
COMMAND: POST /session/7ceb9c4207408afb27fb3a73a7391b04/execute/async - {"script":"<script> [1562 bytes]","args":[{"selector":{"controlType":"sap.m.Text","bindingPath":{"path":"/C_CostCtrValueHelp(CostCenter='10001010',ControllingArea='Z001')","propertyPath":"CostCenterName","modelName":"CostCenterModel"},"searchOpenDialogs":true},"wdio_ui5_key":"sapm.Text{\"path\":\"/C_CostCtrValueHelp(CostCenter='10001010',ControllingArea='Z001')\",\"propertyPath\":\"CostCenterName\",\"modelName\":\"CostCenterModel\"}"}]}
RESULT: {"script":"<script> [1562 bytes]","args":[{"selector":{"controlType":"sap.m.Text","bindingPath":{"path":"/C_CostCtrValueHelp(CostCenter='10001010',ControllingArea='Z001')","propertyPath":"CostCenterName","modelName":"CostCenterModel"},"searchOpenDialogs":true},"wdio_ui5_key":"sapm.Text{\"path\":\"/C_CostCtrValueHelp(CostCenter='10001010',ControllingArea='Z001')\",\"propertyPath\":\"CostCenterName\",\"modelName\":\"CostCenterModel\"}"}]}
RESULT: undefined
COMMAND: POST /session/7ceb9c4207408afb27fb3a73a7391b04/element - {"using":"xpath","value":"//*[@id=\"__text291-__clone1029\"]"}
RESULT: {"using":"xpath","value":"//*[@id=\"__text291-__clone1029\"]"}
COMMAND: POST /session/7ceb9c4207408afb27fb3a73a7391b04/element/f.0A3556A37C534166386D2A4E113E99D8.d.E0B5B93C6B5DE0E9F0A3B322233D0879.e.9879/click - {}
RESULT: {}
COMMAND: POST /session/7ceb9c4207408afb27fb3a73a7391b04/execute/async - {"script":"<script> [1562 bytes]","args":[{"selector":{"controlType":"sap.m.Button","properties":{"text":"OK"},"searchOpenDialogs":true,"interaction":{"idSuffix":"BDI-content"}},"wdio_ui5_key":"sapm.Button{\"text\":\"OK\"}"}]}
COMMAND: GET /session/7ceb9c4207408afb27fb3a73a7391b04/screenshot - {}
RESULT: {"script":"<script> [1562 bytes]","args":[{"selector":{"controlType":"sap.m.Button","properties":{"text":"OK"},"searchOpenDialogs":true,"interaction":{"idSuffix":"BDI-content"}},"wdio_ui5_key":"sapm.Button{\"text\":\"OK\"}"}]}
RESULT: undefined
COMMAND: POST /session/7ceb9c4207408afb27fb3a73a7391b04/element - {"using":"xpath","value":"//*[@id=\"__dialog1-ok\"]"}
RESULT: {}
RESULT: {"using":"xpath","value":"//*[@id=\"__dialog1-ok\"]"}
COMMAND: POST /session/7ceb9c4207408afb27fb3a73a7391b04/element/f.0A3556A37C534166386D2A4E113E99D8.d.E0B5B93C6B5DE0E9F0A3B322233D0879.e.9881/click - {}
RESULT: {}
COMMAND: GET /session/7ceb9c4207408afb27fb3a73a7391b04/screenshot - {}
RESULT: {}
COMMAND: POST /session/7ceb9c4207408afb27fb3a73a7391b04/execute/async - {"script":"<script> [1562 bytes]","args":[{"selector":{"controlType":"sap.m.Button","viewName":"etm.portal.ui.managerequests.view.NewRequest","i18NText":{"propertyName":"text","key":"save"},"searchOpenDialogs":true,"interaction":{"idSuffix":"BDI-content"}},"wdio_ui5_key":"etmportal.ui.managerequests.view.NewRequestsap.m.Button{\"propertyName\":\"text\",\"key\":\"save\"}"}]}
RESULT: {"script":"<script> [1562 bytes]","args":[{"selector":{"controlType":"sap.m.Button","viewName":"etm.portal.ui.managerequests.view.NewRequest","i18NText":{"propertyName":"text","key":"save"},"searchOpenDialogs":true,"interaction":{"idSuffix":"BDI-content"}},"wdio_ui5_key":"etmportal.ui.managerequests.view.NewRequestsap.m.Button{\"propertyName\":\"text\",\"key\":\"save\"}"}]}
RESULT: undefined
COMMAND: POST /session/7ceb9c4207408afb27fb3a73a7391b04/element - {"using":"xpath","value":"//*[@id=\"__button24\"]"}
RESULT: {"using":"xpath","value":"//*[@id=\"__button24\"]"}
COMMAND: POST /session/7ceb9c4207408afb27fb3a73a7391b04/element/f.0A3556A37C534166386D2A4E113E99D8.d.E0B5B93C6B5DE0E9F0A3B322233D0879.e.9885/click - {}
RESULT: {}
COMMAND: GET /session/7ceb9c4207408afb27fb3a73a7391b04/screenshot - {}
RESULT: {}
COMMAND: POST /session/7ceb9c4207408afb27fb3a73a7391b04/element - {"using":"xpath","value":"(//bdi[contains(text() ,\"Save\")])[1]"}
RESULT: {"using":"xpath","value":"(//bdi[contains(text() ,\"Save\")])[1]"}
COMMAND: POST /session/7ceb9c4207408afb27fb3a73a7391b04/element/f.0A3556A37C534166386D2A4E113E99D8.d.E0B5B93C6B5DE0E9F0A3B322233D0879.e.9887/click - {}
RESULT: {}
COMMAND: GET /session/7ceb9c4207408afb27fb3a73a7391b04/screenshot - {}
RESULT: {}
COMMAND: POST /session/7ceb9c4207408afb27fb3a73a7391b04/execute/async - {"script":"<script> [1562 bytes]","args":[{"selector":{"controlType":"sap.m.Title","properties":{"text":"Success"},"searchOpenDialogs":true},"wdio_ui5_key":"sapm.Title{\"text\":\"Success\"}"}]}
RESULT: {"script":"<script> [1562 bytes]","args":[{"selector":{"controlType":"sap.m.Title","properties":{"text":"Success"},"searchOpenDialogs":true},"wdio_ui5_key":"sapm.Title{\"text\":\"Success\"}"}]}
RESULT: undefined
COMMAND: POST /session/7ceb9c4207408afb27fb3a73a7391b04/execute/async - {"script":"<script> [6424 bytes]","args":[{"element-6066-11e4-a52e-4f735466cecf":"f.0A3556A37C534166386D2A4E113E99D8.d.E0B5B93C6B5DE0E9F0A3B322233D0879.e.9890"},"getText",[]]}
RESULT: {"script":"<script> [6424 bytes]","args":[{"element-6066-11e4-a52e-4f735466cecf":"f.0A3556A37C534166386D2A4E113E99D8.d.E0B5B93C6B5DE0E9F0A3B322233D0879.e.9890"},"getText",[]]}
COMMAND: POST /session/7ceb9c4207408afb27fb3a73a7391b04/execute/async - {"script":"<script> [1562 bytes]","args":[{"selector":{"controlType":"sap.m.Button","properties":{"text":"Close"},"searchOpenDialogs":true,"interaction":{"idSuffix":"BDI-content"}},"wdio_ui5_key":"sapm.Button{\"text\":\"Close\"}"}]}
RESULT: {"script":"<script> [1562 bytes]","args":[{"selector":{"controlType":"sap.m.Button","properties":{"text":"Close"},"searchOpenDialogs":true,"interaction":{"idSuffix":"BDI-content"}},"wdio_ui5_key":"sapm.Button{\"text\":\"Close\"}"}]}
RESULT: undefined
COMMAND: POST /session/7ceb9c4207408afb27fb3a73a7391b04/element - {"using":"xpath","value":"//*[@id=\"__mbox-btn-0\"]"}
RESULT: {"using":"xpath","value":"//*[@id=\"__mbox-btn-0\"]"}
COMMAND: POST /session/7ceb9c4207408afb27fb3a73a7391b04/element/f.0A3556A37C534166386D2A4E113E99D8.d.E0B5B93C6B5DE0E9F0A3B322233D0879.e.9889/click - {}
RESULT: {}
COMMAND: GET /session/7ceb9c4207408afb27fb3a73a7391b04/screenshot - {}
RESULT: {}
]]></system-out>
    </testcase>
    <testcase classname="chrome.136_0_7103_93.windows.Reserve/Unreserve_request_item_via_reserve_option_US139161" name="Should navigate to planning board and reserve the resource" time="103.383">
      <system-out><![CDATA[
COMMAND: POST /session/7ceb9c4207408afb27fb3a73a7391b04/execute/async - {"script":"<script> [1562 bytes]","args":[{"selector":{"controlType":"sap.m.Button","viewName":"etm.portal.ui.managerequests.view.Detail","i18NText":{"propertyName":"text","key":"planningSituation"},"interaction":{"idSuffix":"BDI-content"}},"wdio_ui5_key":"etmportal.ui.managerequests.view.Detailsap.m.Button{\"propertyName\":\"text\",\"key\":\"planningSituation\"}"}]}
RESULT: {"script":"<script> [1562 bytes]","args":[{"selector":{"controlType":"sap.m.Button","viewName":"etm.portal.ui.managerequests.view.Detail","i18NText":{"propertyName":"text","key":"planningSituation"},"interaction":{"idSuffix":"BDI-content"}},"wdio_ui5_key":"etmportal.ui.managerequests.view.Detailsap.m.Button{\"propertyName\":\"text\",\"key\":\"planningSituation\"}"}]}
RESULT: undefined
COMMAND: POST /session/7ceb9c4207408afb27fb3a73a7391b04/element - {"using":"xpath","value":"//*[@id=\"__button27\"]"}
RESULT: {"using":"xpath","value":"//*[@id=\"__button27\"]"}
COMMAND: POST /session/7ceb9c4207408afb27fb3a73a7391b04/element/f.0A3556A37C534166386D2A4E113E99D8.d.E0B5B93C6B5DE0E9F0A3B322233D0879.e.9915/click - {}
RESULT: {}
COMMAND: GET /session/7ceb9c4207408afb27fb3a73a7391b04/screenshot - {}
RESULT: {}
COMMAND: POST /session/7ceb9c4207408afb27fb3a73a7391b04/element - {"using":"xpath","value":"(//span[contains(@title ,\"WebdriverYard2bocbg\")])[1]"}
RESULT: {"using":"xpath","value":"(//span[contains(@title ,\"WebdriverYard2bocbg\")])[1]"}
COMMAND: POST /session/7ceb9c4207408afb27fb3a73a7391b04/elements - {"using":"xpath","value":"(//span[contains(@title ,\"WebdriverYard2bocbg\")])[1]"}
RESULT: {"using":"xpath","value":"(//span[contains(@title ,\"WebdriverYard2bocbg\")])[1]"}
COMMAND: POST /session/7ceb9c4207408afb27fb3a73a7391b04/elements - {"using":"xpath","value":"(//span[contains(@title ,\"WebdriverYard2bocbg\")])[1]"}
RESULT: {"using":"xpath","value":"(//span[contains(@title ,\"WebdriverYard2bocbg\")])[1]"}
COMMAND: POST /session/7ceb9c4207408afb27fb3a73a7391b04/elements - {"using":"xpath","value":"(//span[contains(@title ,\"WebdriverYard2bocbg\")])[1]"}
RESULT: {"using":"xpath","value":"(//span[contains(@title ,\"WebdriverYard2bocbg\")])[1]"}
COMMAND: POST /session/7ceb9c4207408afb27fb3a73a7391b04/elements - {"using":"xpath","value":"(//span[contains(@title ,\"WebdriverYard2bocbg\")])[1]"}
RESULT: {"using":"xpath","value":"(//span[contains(@title ,\"WebdriverYard2bocbg\")])[1]"}
COMMAND: POST /session/7ceb9c4207408afb27fb3a73a7391b04/elements - {"using":"xpath","value":"(//span[contains(@title ,\"WebdriverYard2bocbg\")])[1]"}
RESULT: {"using":"xpath","value":"(//span[contains(@title ,\"WebdriverYard2bocbg\")])[1]"}
COMMAND: POST /session/7ceb9c4207408afb27fb3a73a7391b04/elements - {"using":"xpath","value":"(//span[contains(@title ,\"WebdriverYard2bocbg\")])[1]"}
RESULT: {"using":"xpath","value":"(//span[contains(@title ,\"WebdriverYard2bocbg\")])[1]"}
COMMAND: POST /session/7ceb9c4207408afb27fb3a73a7391b04/elements - {"using":"xpath","value":"(//span[contains(@title ,\"WebdriverYard2bocbg\")])[1]"}
RESULT: {"using":"xpath","value":"(//span[contains(@title ,\"WebdriverYard2bocbg\")])[1]"}
COMMAND: POST /session/7ceb9c4207408afb27fb3a73a7391b04/elements - {"using":"xpath","value":"(//span[contains(@title ,\"WebdriverYard2bocbg\")])[1]"}
RESULT: {"using":"xpath","value":"(//span[contains(@title ,\"WebdriverYard2bocbg\")])[1]"}
COMMAND: POST /session/7ceb9c4207408afb27fb3a73a7391b04/elements - {"using":"xpath","value":"(//span[contains(@title ,\"WebdriverYard2bocbg\")])[1]"}
RESULT: {"using":"xpath","value":"(//span[contains(@title ,\"WebdriverYard2bocbg\")])[1]"}
COMMAND: POST /session/7ceb9c4207408afb27fb3a73a7391b04/elements - {"using":"xpath","value":"(//span[contains(@title ,\"WebdriverYard2bocbg\")])[1]"}
RESULT: {"using":"xpath","value":"(//span[contains(@title ,\"WebdriverYard2bocbg\")])[1]"}
COMMAND: POST /session/7ceb9c4207408afb27fb3a73a7391b04/elements - {"using":"xpath","value":"(//span[contains(@title ,\"WebdriverYard2bocbg\")])[1]"}
RESULT: {"using":"xpath","value":"(//span[contains(@title ,\"WebdriverYard2bocbg\")])[1]"}
COMMAND: POST /session/7ceb9c4207408afb27fb3a73a7391b04/elements - {"using":"xpath","value":"(//span[contains(@title ,\"WebdriverYard2bocbg\")])[1]"}
RESULT: {"using":"xpath","value":"(//span[contains(@title ,\"WebdriverYard2bocbg\")])[1]"}
COMMAND: POST /session/7ceb9c4207408afb27fb3a73a7391b04/elements - {"using":"xpath","value":"(//span[contains(@title ,\"WebdriverYard2bocbg\")])[1]"}
RESULT: {"using":"xpath","value":"(//span[contains(@title ,\"WebdriverYard2bocbg\")])[1]"}
COMMAND: POST /session/7ceb9c4207408afb27fb3a73a7391b04/elements - {"using":"xpath","value":"(//span[contains(@title ,\"WebdriverYard2bocbg\")])[1]"}
RESULT: {"using":"xpath","value":"(//span[contains(@title ,\"WebdriverYard2bocbg\")])[1]"}
COMMAND: POST /session/7ceb9c4207408afb27fb3a73a7391b04/elements - {"using":"xpath","value":"(//span[contains(@title ,\"WebdriverYard2bocbg\")])[1]"}
RESULT: {"using":"xpath","value":"(//span[contains(@title ,\"WebdriverYard2bocbg\")])[1]"}
COMMAND: POST /session/7ceb9c4207408afb27fb3a73a7391b04/elements - {"using":"xpath","value":"(//span[contains(@title ,\"WebdriverYard2bocbg\")])[1]"}
RESULT: {"using":"xpath","value":"(//span[contains(@title ,\"WebdriverYard2bocbg\")])[1]"}
COMMAND: POST /session/7ceb9c4207408afb27fb3a73a7391b04/elements - {"using":"xpath","value":"(//span[contains(@title ,\"WebdriverYard2bocbg\")])[1]"}
RESULT: {"using":"xpath","value":"(//span[contains(@title ,\"WebdriverYard2bocbg\")])[1]"}
COMMAND: POST /session/7ceb9c4207408afb27fb3a73a7391b04/elements - {"using":"xpath","value":"(//span[contains(@title ,\"WebdriverYard2bocbg\")])[1]"}
RESULT: {"using":"xpath","value":"(//span[contains(@title ,\"WebdriverYard2bocbg\")])[1]"}
COMMAND: POST /session/7ceb9c4207408afb27fb3a73a7391b04/elements - {"using":"xpath","value":"(//span[contains(@title ,\"WebdriverYard2bocbg\")])[1]"}
RESULT: {"using":"xpath","value":"(//span[contains(@title ,\"WebdriverYard2bocbg\")])[1]"}
COMMAND: POST /session/7ceb9c4207408afb27fb3a73a7391b04/elements - {"using":"xpath","value":"(//span[contains(@title ,\"WebdriverYard2bocbg\")])[1]"}
RESULT: {"using":"xpath","value":"(//span[contains(@title ,\"WebdriverYard2bocbg\")])[1]"}
COMMAND: POST /session/7ceb9c4207408afb27fb3a73a7391b04/elements - {"using":"xpath","value":"(//span[contains(@title ,\"WebdriverYard2bocbg\")])[1]"}
RESULT: {"using":"xpath","value":"(//span[contains(@title ,\"WebdriverYard2bocbg\")])[1]"}
COMMAND: POST /session/7ceb9c4207408afb27fb3a73a7391b04/elements - {"using":"xpath","value":"(//span[contains(@title ,\"WebdriverYard2bocbg\")])[1]"}
RESULT: {"using":"xpath","value":"(//span[contains(@title ,\"WebdriverYard2bocbg\")])[1]"}
COMMAND: POST /session/7ceb9c4207408afb27fb3a73a7391b04/elements - {"using":"xpath","value":"(//span[contains(@title ,\"WebdriverYard2bocbg\")])[1]"}
RESULT: {"using":"xpath","value":"(//span[contains(@title ,\"WebdriverYard2bocbg\")])[1]"}
COMMAND: POST /session/7ceb9c4207408afb27fb3a73a7391b04/element - {"using":"xpath","value":"(//span[contains(@title ,\"WebdriverYard2bocbg\")])[1]"}
RESULT: {"using":"xpath","value":"(//span[contains(@title ,\"WebdriverYard2bocbg\")])[1]"}
COMMAND: POST /session/7ceb9c4207408afb27fb3a73a7391b04/execute/sync - {"script":"<script> [8489 bytes]","args":[{"element-6066-11e4-a52e-4f735466cecf":"f.0A3556A37C534166386D2A4E113E99D8.d.E0B5B93C6B5DE0E9F0A3B322233D0879.e.10325","ELEMENT":"f.0A3556A37C534166386D2A4E113E99D8.d.E0B5B93C6B5DE0E9F0A3B322233D0879.e.10325"}]}
RESULT: {"script":"<script> [8489 bytes]","args":[{"element-6066-11e4-a52e-4f735466cecf":"f.0A3556A37C534166386D2A4E113E99D8.d.E0B5B93C6B5DE0E9F0A3B322233D0879.e.10325","ELEMENT":"f.0A3556A37C534166386D2A4E113E99D8.d.E0B5B93C6B5DE0E9F0A3B322233D0879.e.10325"}]}
COMMAND: POST /session/7ceb9c4207408afb27fb3a73a7391b04/element - {"using":"xpath","value":"(//span[contains(@title ,\"WebdriverYard2bocbg\")])[1]"}
COMMAND: GET /session/7ceb9c4207408afb27fb3a73a7391b04/screenshot - {}
RESULT: {"using":"xpath","value":"(//span[contains(@title ,\"WebdriverYard2bocbg\")])[1]"}
COMMAND: POST /session/7ceb9c4207408afb27fb3a73a7391b04/actions - {"actions":[{"id":"action71","type":"pointer","parameters":{"pointerType":"mouse"},"actions":[{"type":"pointerMove","button":0,"width":0,"height":0,"pressure":0,"tangentialPressure":0,"tiltX":0,"tiltY":0,"twist":0,"altitudeAngle":0,"_":"5 more keys: [\"azimuthAngle\",\"x\",\"y\",\"duration\",\"origin\"]"},{"type":"pointerDown","button":2,"width":0,"height":0,"pressure":0,"tangentialPressure":0,"tiltX":0,"tiltY":0,"twist":0,"altitudeAngle":0,"_":"1 more keys: [\"azimuthAngle\"]"},{"type":"pointerUp","button":2}]}]}
RESULT: {}
RESULT: {"actions":[{"id":"action71","type":"pointer","parameters":{"pointerType":"mouse"},"actions":[{"type":"pointerMove","button":0,"width":0,"height":0,"pressure":0,"tangentialPressure":0,"tiltX":0,"tiltY":0,"twist":0,"altitudeAngle":0,"_":"5 more keys: [\"azimuthAngle\",\"x\",\"y\",\"duration\",\"origin\"]"},{"type":"pointerDown","button":2,"width":0,"height":0,"pressure":0,"tangentialPressure":0,"tiltX":0,"tiltY":0,"twist":0,"altitudeAngle":0,"_":"1 more keys: [\"azimuthAngle\"]"},{"type":"pointerUp","button":2}]}]}
COMMAND: DELETE /session/7ceb9c4207408afb27fb3a73a7391b04/actions - {}
COMMAND: GET /session/7ceb9c4207408afb27fb3a73a7391b04/screenshot - {}
RESULT: {}
COMMAND: GET /session/7ceb9c4207408afb27fb3a73a7391b04/screenshot - {}
RESULT: {}
RESULT: {}
COMMAND: POST /session/7ceb9c4207408afb27fb3a73a7391b04/actions - {"actions":[{"id":"action72","type":"key","parameters":{},"actions":[{"type":"keyDown","value":""},{"type":"pause","duration":10},{"type":"keyUp","value":""}]}]}
RESULT: {"actions":[{"id":"action72","type":"key","parameters":{},"actions":[{"type":"keyDown","value":""},{"type":"pause","duration":10},{"type":"keyUp","value":""}]}]}
COMMAND: GET /session/7ceb9c4207408afb27fb3a73a7391b04/screenshot - {}
RESULT: {}
COMMAND: POST /session/7ceb9c4207408afb27fb3a73a7391b04/actions - {"actions":[{"id":"action73","type":"key","parameters":{},"actions":[{"type":"keyDown","value":""},{"type":"pause","duration":10},{"type":"keyUp","value":""}]}]}
RESULT: {"actions":[{"id":"action73","type":"key","parameters":{},"actions":[{"type":"keyDown","value":""},{"type":"pause","duration":10},{"type":"keyUp","value":""}]}]}
COMMAND: GET /session/7ceb9c4207408afb27fb3a73a7391b04/screenshot - {}
RESULT: {}
COMMAND: POST /session/7ceb9c4207408afb27fb3a73a7391b04/execute/async - {"script":"<script> [1562 bytes]","args":[{"selector":{"id":"application-planningboard-display-component---pB_RequestHeader--RUreservationComment","searchOpenDialogs":true,"interaction":{"idSuffix":"inner"}},"wdio_ui5_key":"applicationplanningboard-display-component---pB_RequestHeader--RUreservationComment"}]}
RESULT: {"script":"<script> [1562 bytes]","args":[{"selector":{"id":"application-planningboard-display-component---pB_RequestHeader--RUreservationComment","searchOpenDialogs":true,"interaction":{"idSuffix":"inner"}},"wdio_ui5_key":"applicationplanningboard-display-component---pB_RequestHeader--RUreservationComment"}]}
RESULT: undefined
COMMAND: POST /session/7ceb9c4207408afb27fb3a73a7391b04/execute/async - {"script":"<script> [776 bytes]","args":[{"enterText":"WdIORes1w84re","selector":{"id":"application-planningboard-display-component---pB_RequestHeader--RUreservationComment","searchOpenDialogs":true,"interaction":{"idSuffix":"inner"}},"clearTextFirst":true,"interactionType":"ENTER_TEXT"}]}
RESULT: {"script":"<script> [776 bytes]","args":[{"enterText":"WdIORes1w84re","selector":{"id":"application-planningboard-display-component---pB_RequestHeader--RUreservationComment","searchOpenDialogs":true,"interaction":{"idSuffix":"inner"}},"clearTextFirst":true,"interactionType":"ENTER_TEXT"}]}
COMMAND: POST /session/7ceb9c4207408afb27fb3a73a7391b04/execute/async - {"script":"<script> [1562 bytes]","args":[{"selector":{"controlType":"sap.m.Button","viewName":"etm.portal.ui.planningboard.view.detail.RequestHeader","viewId":"application-planningboard-display-component---pB_RequestHeader","properties":{"text":"Ok"},"searchOpenDialogs":true,"interaction":{"idSuffix":"BDI-content"}},"wdio_ui5_key":"etmportal.ui.planningboard.view.detail.RequestHeadersap.m.Button{\"text\":\"Ok\"}"}]}
RESULT: {"script":"<script> [1562 bytes]","args":[{"selector":{"controlType":"sap.m.Button","viewName":"etm.portal.ui.planningboard.view.detail.RequestHeader","viewId":"application-planningboard-display-component---pB_RequestHeader","properties":{"text":"Ok"},"searchOpenDialogs":true,"interaction":{"idSuffix":"BDI-content"}},"wdio_ui5_key":"etmportal.ui.planningboard.view.detail.RequestHeadersap.m.Button{\"text\":\"Ok\"}"}]}
RESULT: undefined
COMMAND: POST /session/7ceb9c4207408afb27fb3a73a7391b04/element - {"using":"xpath","value":"//*[@id=\"__button192\"]"}
RESULT: {"using":"xpath","value":"//*[@id=\"__button192\"]"}
COMMAND: POST /session/7ceb9c4207408afb27fb3a73a7391b04/element/f.0A3556A37C534166386D2A4E113E99D8.d.E0B5B93C6B5DE0E9F0A3B322233D0879.e.10340/click - {}
RESULT: {}
COMMAND: GET /session/7ceb9c4207408afb27fb3a73a7391b04/screenshot - {}
RESULT: {}
COMMAND: POST /session/7ceb9c4207408afb27fb3a73a7391b04/element - {"using":"xpath","value":"//span[contains(@title ,\"WebdriverYard2bocbg\")]"}
RESULT: {"using":"xpath","value":"//span[contains(@title ,\"WebdriverYard2bocbg\")]"}
COMMAND: POST /session/7ceb9c4207408afb27fb3a73a7391b04/actions - {"actions":[{"id":"action74","type":"pointer","parameters":{"pointerType":"mouse"},"actions":[{"type":"pointerMove","button":0,"width":0,"height":0,"pressure":0,"tangentialPressure":0,"tiltX":0,"tiltY":0,"twist":0,"altitudeAngle":0,"_":"5 more keys: [\"azimuthAngle\",\"x\",\"y\",\"duration\",\"origin\"]"},{"type":"pointerDown","button":2,"width":0,"height":0,"pressure":0,"tangentialPressure":0,"tiltX":0,"tiltY":0,"twist":0,"altitudeAngle":0,"_":"1 more keys: [\"azimuthAngle\"]"},{"type":"pointerUp","button":2}]}]}
RESULT: {"actions":[{"id":"action74","type":"pointer","parameters":{"pointerType":"mouse"},"actions":[{"type":"pointerMove","button":0,"width":0,"height":0,"pressure":0,"tangentialPressure":0,"tiltX":0,"tiltY":0,"twist":0,"altitudeAngle":0,"_":"5 more keys: [\"azimuthAngle\",\"x\",\"y\",\"duration\",\"origin\"]"},{"type":"pointerDown","button":2,"width":0,"height":0,"pressure":0,"tangentialPressure":0,"tiltX":0,"tiltY":0,"twist":0,"altitudeAngle":0,"_":"1 more keys: [\"azimuthAngle\"]"},{"type":"pointerUp","button":2}]}]}
COMMAND: DELETE /session/7ceb9c4207408afb27fb3a73a7391b04/actions - {}
COMMAND: GET /session/7ceb9c4207408afb27fb3a73a7391b04/screenshot - {}
RESULT: {}
COMMAND: GET /session/7ceb9c4207408afb27fb3a73a7391b04/screenshot - {}
RESULT: {}
RESULT: {}
COMMAND: POST /session/7ceb9c4207408afb27fb3a73a7391b04/actions - {"actions":[{"id":"action75","type":"key","parameters":{},"actions":[{"type":"keyDown","value":""},{"type":"pause","duration":10},{"type":"keyUp","value":""}]}]}
RESULT: {"actions":[{"id":"action75","type":"key","parameters":{},"actions":[{"type":"keyDown","value":""},{"type":"pause","duration":10},{"type":"keyUp","value":""}]}]}
COMMAND: GET /session/7ceb9c4207408afb27fb3a73a7391b04/screenshot - {}
RESULT: {}
COMMAND: POST /session/7ceb9c4207408afb27fb3a73a7391b04/actions - {"actions":[{"id":"action76","type":"key","parameters":{},"actions":[{"type":"keyDown","value":""},{"type":"pause","duration":10},{"type":"keyUp","value":""}]}]}
RESULT: {"actions":[{"id":"action76","type":"key","parameters":{},"actions":[{"type":"keyDown","value":""},{"type":"pause","duration":10},{"type":"keyUp","value":""}]}]}
COMMAND: GET /session/7ceb9c4207408afb27fb3a73a7391b04/screenshot - {}
RESULT: {}
RESULT: undefined
COMMAND: POST /session/7ceb9c4207408afb27fb3a73a7391b04/execute/async - {"script":"<script> [776 bytes]","args":[{"enterText":"WdIORes2fryaui","selector":{"id":"application-planningboard-display-component---pB_RequestHeader--RUreservationComment","searchOpenDialogs":true,"interaction":{"idSuffix":"inner"}},"clearTextFirst":true,"interactionType":"ENTER_TEXT"}]}
RESULT: {"script":"<script> [776 bytes]","args":[{"enterText":"WdIORes2fryaui","selector":{"id":"application-planningboard-display-component---pB_RequestHeader--RUreservationComment","searchOpenDialogs":true,"interaction":{"idSuffix":"inner"}},"clearTextFirst":true,"interactionType":"ENTER_TEXT"}]}
RESULT: undefined
COMMAND: POST /session/7ceb9c4207408afb27fb3a73a7391b04/element - {"using":"xpath","value":"//*[@id=\"__button192\"]"}
RESULT: {"using":"xpath","value":"//*[@id=\"__button192\"]"}
COMMAND: POST /session/7ceb9c4207408afb27fb3a73a7391b04/element/f.0A3556A37C534166386D2A4E113E99D8.d.E0B5B93C6B5DE0E9F0A3B322233D0879.e.10418/click - {}
RESULT: {}
COMMAND: GET /session/7ceb9c4207408afb27fb3a73a7391b04/screenshot - {}
RESULT: {}
COMMAND: POST /session/7ceb9c4207408afb27fb3a73a7391b04/execute/async - {"script":"<script> [1562 bytes]","args":[{"selector":{"controlType":"sap.m.Button","viewName":"etm.portal.ui.planningboard.view.detail.RequestHeader","viewId":"application-planningboard-display-component---pB_RequestHeader","i18NText":{"propertyName":"text","key":"close"},"ancestor":{"id":"application-planningboard-display-component---pB_RequestHeader--requestItemDetails"},"interaction":{"idSuffix":"BDI-content"}},"wdio_ui5_key":"etmportal.ui.planningboard.view.detail.RequestHeadersap.m.Button{\"propertyName\":\"text\",\"key\":\"close\"}{\"id\":\"application-planningboard-display-component---pB_RequestHeader--requestItemDetails\"}"}]}
RESULT: {"script":"<script> [1562 bytes]","args":[{"selector":{"controlType":"sap.m.Button","viewName":"etm.portal.ui.planningboard.view.detail.RequestHeader","viewId":"application-planningboard-display-component---pB_RequestHeader","i18NText":{"propertyName":"text","key":"close"},"ancestor":{"id":"application-planningboard-display-component---pB_RequestHeader--requestItemDetails"},"interaction":{"idSuffix":"BDI-content"}},"wdio_ui5_key":"etmportal.ui.planningboard.view.detail.RequestHeadersap.m.Button{\"propertyName\":\"text\",\"key\":\"close\"}{\"id\":\"application-planningboard-display-component---pB_RequestHeader--requestItemDetails\"}"}]}
RESULT: undefined
COMMAND: POST /session/7ceb9c4207408afb27fb3a73a7391b04/element - {"using":"xpath","value":"//*[@id=\"__button68\"]"}
RESULT: {"using":"xpath","value":"//*[@id=\"__button68\"]"}
COMMAND: POST /session/7ceb9c4207408afb27fb3a73a7391b04/element/f.0A3556A37C534166386D2A4E113E99D8.d.E0B5B93C6B5DE0E9F0A3B322233D0879.e.10264/click - {}
RESULT: {}
COMMAND: GET /session/7ceb9c4207408afb27fb3a73a7391b04/screenshot - {}
RESULT: {}
COMMAND: POST /session/7ceb9c4207408afb27fb3a73a7391b04/execute/async - {"script":"<script> [1562 bytes]","args":[{"selector":{"id":"application-planningboard-display-component---pB_Master--selectView","interaction":{"idSuffix":"arrow"}},"wdio_ui5_key":"applicationplanningboard-display-component---pB_Master--selectView"}]}
RESULT: {"script":"<script> [1562 bytes]","args":[{"selector":{"id":"application-planningboard-display-component---pB_Master--selectView","interaction":{"idSuffix":"arrow"}},"wdio_ui5_key":"applicationplanningboard-display-component---pB_Master--selectView"}]}
RESULT: undefined
COMMAND: POST /session/7ceb9c4207408afb27fb3a73a7391b04/element - {"using":"xpath","value":"//*[@id=\"application-planningboard-display-component---pB_Master--selectView\"]"}
RESULT: {"using":"xpath","value":"//*[@id=\"application-planningboard-display-component---pB_Master--selectView\"]"}
COMMAND: POST /session/7ceb9c4207408afb27fb3a73a7391b04/element/f.0A3556A37C534166386D2A4E113E99D8.d.E0B5B93C6B5DE0E9F0A3B322233D0879.e.10748/click - {}
RESULT: {}
COMMAND: GET /session/7ceb9c4207408afb27fb3a73a7391b04/screenshot - {}
RESULT: {}
COMMAND: POST /session/7ceb9c4207408afb27fb3a73a7391b04/execute/async - {"script":"<script> [1562 bytes]","args":[{"selector":{"controlType":"sap.ui.core.Item","viewName":"etm.portal.ui.planningboard.view.Master","viewId":"application-planningboard-display-component---pB_Master","i18NText":{"propertyName":"text","key":"manageReservations"},"searchOpenDialogs":true},"wdio_ui5_key":"etmportal.ui.planningboard.view.Mastersap.ui.core.Item{\"propertyName\":\"text\",\"key\":\"manageReservations\"}"}]}
RESULT: {"script":"<script> [1562 bytes]","args":[{"selector":{"controlType":"sap.ui.core.Item","viewName":"etm.portal.ui.planningboard.view.Master","viewId":"application-planningboard-display-component---pB_Master","i18NText":{"propertyName":"text","key":"manageReservations"},"searchOpenDialogs":true},"wdio_ui5_key":"etmportal.ui.planningboard.view.Mastersap.ui.core.Item{\"propertyName\":\"text\",\"key\":\"manageReservations\"}"}]}
RESULT: undefined
COMMAND: POST /session/7ceb9c4207408afb27fb3a73a7391b04/element - {"using":"xpath","value":"//*[@id=\"__item838\"]"}
RESULT: {"using":"xpath","value":"//*[@id=\"__item838\"]"}
COMMAND: POST /session/7ceb9c4207408afb27fb3a73a7391b04/element/f.0A3556A37C534166386D2A4E113E99D8.d.E0B5B93C6B5DE0E9F0A3B322233D0879.e.10751/click - {}
RESULT: {}
COMMAND: GET /session/7ceb9c4207408afb27fb3a73a7391b04/screenshot - {}
RESULT: {}
COMMAND: POST /session/7ceb9c4207408afb27fb3a73a7391b04/element - {"using":"xpath","value":"//span[contains(@id ,\"clone\")][contains(text(), \"WdIORes1w84re\")]"}
RESULT: {"using":"xpath","value":"//span[contains(@id ,\"clone\")][contains(text(), \"WdIORes1w84re\")]"}
COMMAND: GET /session/7ceb9c4207408afb27fb3a73a7391b04/element/f.0A3556A37C534166386D2A4E113E99D8.d.E0B5B93C6B5DE0E9F0A3B322233D0879.e.10767/text - {}
RESULT: {}
COMMAND: POST /session/7ceb9c4207408afb27fb3a73a7391b04/element - {"using":"xpath","value":"//span[contains(@id ,\"clone\")][contains(text(), \"WdIORes2fryaui\")]"}
RESULT: {"using":"xpath","value":"//span[contains(@id ,\"clone\")][contains(text(), \"WdIORes2fryaui\")]"}
COMMAND: POST /session/7ceb9c4207408afb27fb3a73a7391b04/element/f.0A3556A37C534166386D2A4E113E99D8.d.E0B5B93C6B5DE0E9F0A3B322233D0879.e.10768/click - {}
RESULT: {}
COMMAND: GET /session/7ceb9c4207408afb27fb3a73a7391b04/screenshot - {}
RESULT: {}
COMMAND: POST /session/7ceb9c4207408afb27fb3a73a7391b04/actions - {"actions":[{"id":"action77","type":"key","parameters":{},"actions":[{"type":"keyDown","value":""},{"type":"pause","duration":10},{"type":"keyUp","value":""}]}]}
RESULT: {"actions":[{"id":"action77","type":"key","parameters":{},"actions":[{"type":"keyDown","value":""},{"type":"pause","duration":10},{"type":"keyUp","value":""}]}]}
COMMAND: GET /session/7ceb9c4207408afb27fb3a73a7391b04/screenshot - {}
RESULT: {}
COMMAND: POST /session/7ceb9c4207408afb27fb3a73a7391b04/execute/async - {"script":"<script> [1562 bytes]","args":[{"selector":{"controlType":"sap.m.Button","viewName":"etm.portal.ui.planningboard.view.detail.Planning","viewId":"application-planningboard-display-component---pB_Planning","i18NText":{"propertyName":"text","key":"unplan"},"interaction":{"idSuffix":"BDI-content"}},"wdio_ui5_key":"etmportal.ui.planningboard.view.detail.Planningsap.m.Button{\"propertyName\":\"text\",\"key\":\"unplan\"}"}]}
RESULT: {"script":"<script> [1562 bytes]","args":[{"selector":{"controlType":"sap.m.Button","viewName":"etm.portal.ui.planningboard.view.detail.Planning","viewId":"application-planningboard-display-component---pB_Planning","i18NText":{"propertyName":"text","key":"unplan"},"interaction":{"idSuffix":"BDI-content"}},"wdio_ui5_key":"etmportal.ui.planningboard.view.detail.Planningsap.m.Button{\"propertyName\":\"text\",\"key\":\"unplan\"}"}]}
RESULT: undefined
COMMAND: POST /session/7ceb9c4207408afb27fb3a73a7391b04/element - {"using":"xpath","value":"//*[@id=\"__button258\"]"}
RESULT: {"using":"xpath","value":"//*[@id=\"__button258\"]"}
COMMAND: POST /session/7ceb9c4207408afb27fb3a73a7391b04/element/f.0A3556A37C534166386D2A4E113E99D8.d.E0B5B93C6B5DE0E9F0A3B322233D0879.e.10831/click - {}
RESULT: {}
COMMAND: GET /session/7ceb9c4207408afb27fb3a73a7391b04/screenshot - {}
RESULT: {}
COMMAND: POST /session/7ceb9c4207408afb27fb3a73a7391b04/element - {"using":"xpath","value":"//span[contains(@id ,\"clone\")][contains(text(), \"WdIORes2fryaui\")]"}
RESULT: {"using":"xpath","value":"//span[contains(@id ,\"clone\")][contains(text(), \"WdIORes2fryaui\")]"}
COMMAND: POST /session/7ceb9c4207408afb27fb3a73a7391b04/element - {"using":"xpath","value":"//span[contains(@id ,\"clone\")][contains(text(), \"WdIORes2fryaui\")]"}
RESULT: {"using":"xpath","value":"//span[contains(@id ,\"clone\")][contains(text(), \"WdIORes2fryaui\")]"}
COMMAND: POST /session/7ceb9c4207408afb27fb3a73a7391b04/element - {"using":"xpath","value":"//span[contains(@id ,\"clone\")][contains(text(), \"WdIORes1w84re\")]"}
RESULT: {"using":"xpath","value":"//span[contains(@id ,\"clone\")][contains(text(), \"WdIORes1w84re\")]"}
COMMAND: POST /session/7ceb9c4207408afb27fb3a73a7391b04/element/f.0A3556A37C534166386D2A4E113E99D8.d.E0B5B93C6B5DE0E9F0A3B322233D0879.e.10895/click - {}
RESULT: {}
COMMAND: GET /session/7ceb9c4207408afb27fb3a73a7391b04/screenshot - {}
RESULT: {}
COMMAND: POST /session/7ceb9c4207408afb27fb3a73a7391b04/actions - {"actions":[{"id":"action78","type":"key","parameters":{},"actions":[{"type":"keyDown","value":""},{"type":"pause","duration":10},{"type":"keyUp","value":""}]}]}
RESULT: {"actions":[{"id":"action78","type":"key","parameters":{},"actions":[{"type":"keyDown","value":""},{"type":"pause","duration":10},{"type":"keyUp","value":""}]}]}
COMMAND: GET /session/7ceb9c4207408afb27fb3a73a7391b04/screenshot - {}
RESULT: {}
]]></system-out>
    </testcase>
  </testsuite>
  <testsuite timestamp="2025-05-26T16:14:15" time="31.212" tests="1" failures="0" errors="0" skipped="0">
    <properties>
      <property name="specId" value="0"/>
      <property name="suiteName" value="Reserve/Unreserve request item via reserve option US139161"/>
      <property name="capabilities" value="chrome.136_0_7103_93.windows"/>
      <property name="file" value="file:///D:/a/1/s/test/specs/R2C/manage-reservations-view-planning-board.spec.js"/>
    </properties>
    <testcase classname="chrome.136_0_7103_93.windows.Reserve/Unreserve_request_item_via_reserve_option_US139161" name="Should open a reservation to verify and edit the details" time="31.21">
      <system-out><![CDATA[
COMMAND: POST /session/7ceb9c4207408afb27fb3a73a7391b04/element - {"using":"xpath","value":"//button[contains(@data-kt, \"editButton\")]"}
RESULT: {"using":"xpath","value":"//button[contains(@data-kt, \"editButton\")]"}
COMMAND: POST /session/7ceb9c4207408afb27fb3a73a7391b04/execute/sync - {"script":"<script> [8489 bytes]","args":[{"element-6066-11e4-a52e-4f735466cecf":"f.0A3556A37C534166386D2A4E113E99D8.d.E0B5B93C6B5DE0E9F0A3B322233D0879.e.10950","ELEMENT":"f.0A3556A37C534166386D2A4E113E99D8.d.E0B5B93C6B5DE0E9F0A3B322233D0879.e.10950"}]}
RESULT: {"script":"<script> [8489 bytes]","args":[{"element-6066-11e4-a52e-4f735466cecf":"f.0A3556A37C534166386D2A4E113E99D8.d.E0B5B93C6B5DE0E9F0A3B322233D0879.e.10950","ELEMENT":"f.0A3556A37C534166386D2A4E113E99D8.d.E0B5B93C6B5DE0E9F0A3B322233D0879.e.10950"}]}
COMMAND: POST /session/7ceb9c4207408afb27fb3a73a7391b04/element - {"using":"xpath","value":"//button[contains(@data-kt, \"unplanButton\")]"}
COMMAND: GET /session/7ceb9c4207408afb27fb3a73a7391b04/screenshot - {}
RESULT: {"using":"xpath","value":"//button[contains(@data-kt, \"unplanButton\")]"}
COMMAND: POST /session/7ceb9c4207408afb27fb3a73a7391b04/execute/sync - {"script":"<script> [8489 bytes]","args":[{"element-6066-11e4-a52e-4f735466cecf":"f.0A3556A37C534166386D2A4E113E99D8.d.E0B5B93C6B5DE0E9F0A3B322233D0879.e.10951","ELEMENT":"f.0A3556A37C534166386D2A4E113E99D8.d.E0B5B93C6B5DE0E9F0A3B322233D0879.e.10951"}]}
RESULT: {}
RESULT: {"script":"<script> [8489 bytes]","args":[{"element-6066-11e4-a52e-4f735466cecf":"f.0A3556A37C534166386D2A4E113E99D8.d.E0B5B93C6B5DE0E9F0A3B322233D0879.e.10951","ELEMENT":"f.0A3556A37C534166386D2A4E113E99D8.d.E0B5B93C6B5DE0E9F0A3B322233D0879.e.10951"}]}
COMMAND: POST /session/7ceb9c4207408afb27fb3a73a7391b04/element - {"using":"xpath","value":"//button[contains(@data-kt, \"editButton\")]"}
COMMAND: GET /session/7ceb9c4207408afb27fb3a73a7391b04/screenshot - {}
RESULT: {"using":"xpath","value":"//button[contains(@data-kt, \"editButton\")]"}
COMMAND: POST /session/7ceb9c4207408afb27fb3a73a7391b04/element/f.0A3556A37C534166386D2A4E113E99D8.d.E0B5B93C6B5DE0E9F0A3B322233D0879.e.10950/click - {}
RESULT: {}
RESULT: {}
COMMAND: POST /session/7ceb9c4207408afb27fb3a73a7391b04/element - {"using":"xpath","value":"(//input[contains(@id ,\"picker\")][contains(@aria-roledescription ,\"Date Input\")])[4]"}
COMMAND: GET /session/7ceb9c4207408afb27fb3a73a7391b04/screenshot - {}
RESULT: {"using":"xpath","value":"(//input[contains(@id ,\"picker\")][contains(@aria-roledescription ,\"Date Input\")])[4]"}
COMMAND: POST /session/7ceb9c4207408afb27fb3a73a7391b04/element/f.0A3556A37C534166386D2A4E113E99D8.d.E0B5B93C6B5DE0E9F0A3B322233D0879.e.10915/clear - {}
RESULT: {}
RESULT: {}
COMMAND: POST /session/7ceb9c4207408afb27fb3a73a7391b04/element/f.0A3556A37C534166386D2A4E113E99D8.d.E0B5B93C6B5DE0E9F0A3B322233D0879.e.10915/value - {"text":"5/28/25"}
COMMAND: GET /session/7ceb9c4207408afb27fb3a73a7391b04/screenshot - {}
RESULT: {"text":"5/28/25"}
COMMAND: GET /session/7ceb9c4207408afb27fb3a73a7391b04/screenshot - {}
RESULT: {}
RESULT: {}
COMMAND: POST /session/7ceb9c4207408afb27fb3a73a7391b04/element - {"using":"xpath","value":"//bdi[contains(text(), \"Save\")]"}
RESULT: {"using":"xpath","value":"//bdi[contains(text(), \"Save\")]"}
COMMAND: POST /session/7ceb9c4207408afb27fb3a73a7391b04/element/f.0A3556A37C534166386D2A4E113E99D8.d.E0B5B93C6B5DE0E9F0A3B322233D0879.e.10973/click - {}
RESULT: {}
COMMAND: GET /session/7ceb9c4207408afb27fb3a73a7391b04/screenshot - {}
RESULT: {}
COMMAND: POST /session/7ceb9c4207408afb27fb3a73a7391b04/element - {"using":"xpath","value":"(//input[contains(@id ,\"picker\")][contains(@aria-roledescription ,\"Date Input\")])[4]"}
RESULT: {"using":"xpath","value":"(//input[contains(@id ,\"picker\")][contains(@aria-roledescription ,\"Date Input\")])[4]"}
COMMAND: GET /session/7ceb9c4207408afb27fb3a73a7391b04/element/f.0A3556A37C534166386D2A4E113E99D8.d.E0B5B93C6B5DE0E9F0A3B322233D0879.e.10915/property/value - {}
RESULT: {}
COMMAND: GET /session/7ceb9c4207408afb27fb3a73a7391b04/screenshot - {}
RESULT: {}
COMMAND: POST /session/7ceb9c4207408afb27fb3a73a7391b04/element - {"using":"xpath","value":"//bdi[contains(text(), \"Unplan\")]"}
RESULT: {"using":"xpath","value":"//bdi[contains(text(), \"Unplan\")]"}
COMMAND: POST /session/7ceb9c4207408afb27fb3a73a7391b04/element/f.0A3556A37C534166386D2A4E113E99D8.d.E0B5B93C6B5DE0E9F0A3B322233D0879.e.10985/click - {}
RESULT: {}
COMMAND: GET /session/7ceb9c4207408afb27fb3a73a7391b04/screenshot - {}
RESULT: {}
COMMAND: POST /session/7ceb9c4207408afb27fb3a73a7391b04/element - {"using":"css selector","value":"#shell-header-logo"}
RESULT: {"using":"css selector","value":"#shell-header-logo"}
COMMAND: POST /session/7ceb9c4207408afb27fb3a73a7391b04/element/f.0A3556A37C534166386D2A4E113E99D8.d.E0B5B93C6B5DE0E9F0A3B322233D0879.e.9435/click - {}
RESULT: {}
COMMAND: GET /session/7ceb9c4207408afb27fb3a73a7391b04/screenshot - {}
RESULT: {}
]]></system-out>
    </testcase>
  </testsuite>
  <testsuite timestamp="2025-05-26T16:14:46" time="500.408" tests="4" failures="0" errors="0" skipped="0">
    <properties>
      <property name="specId" value="0"/>
      <property name="suiteName" value="Process request items into an existing quotation US120163"/>
      <property name="capabilities" value="chrome.136_0_7103_93.windows"/>
      <property name="file" value="file:///D:/a/1/s/test/specs/R2C/process-request-items-into-existing-quotation.spec.js"/>
    </properties>
    <testcase classname="chrome.136_0_7103_93.windows.Process_request_items_into_an_existing_quotation_US120163" name="Should create a new quotation" time="112.276">
      <system-out><![CDATA[
COMMAND: POST /session/7ceb9c4207408afb27fb3a73a7391b04/execute/async - {"script":"<script> [1562 bytes]","args":[{"selector":{"controlType":"sap.m.GenericTile","properties":{"header":"Manage Quotations"}},"wdio_ui5_key":"sapm.GenericTile{\"header\":\"Manage Quotations\"}"}]}
RESULT: {"script":"<script> [1562 bytes]","args":[{"selector":{"controlType":"sap.m.GenericTile","properties":{"header":"Manage Quotations"}},"wdio_ui5_key":"sapm.GenericTile{\"header\":\"Manage Quotations\"}"}]}
RESULT: undefined
COMMAND: POST /session/7ceb9c4207408afb27fb3a73a7391b04/element - {"using":"xpath","value":"//*[@id=\"__tile131\"]"}
RESULT: {"using":"xpath","value":"//*[@id=\"__tile131\"]"}
COMMAND: POST /session/7ceb9c4207408afb27fb3a73a7391b04/element/f.0A3556A37C534166386D2A4E113E99D8.d.E0B5B93C6B5DE0E9F0A3B322233D0879.e.11038/click - {}
RESULT: {}
COMMAND: GET /session/7ceb9c4207408afb27fb3a73a7391b04/screenshot - {}
RESULT: {}
COMMAND: POST /session/7ceb9c4207408afb27fb3a73a7391b04/elements - {"using":"xpath","value":"//span[text()='Error']"}
RESULT: {"using":"xpath","value":"//span[text()='Error']"}
COMMAND: POST /session/7ceb9c4207408afb27fb3a73a7391b04/element - {"using":"xpath","value":"//button[contains(@title ,\"Add New Contract\")]"}
RESULT: {"using":"xpath","value":"//button[contains(@title ,\"Add New Contract\")]"}
COMMAND: POST /session/7ceb9c4207408afb27fb3a73a7391b04/element/f.0A3556A37C534166386D2A4E113E99D8.d.E0B5B93C6B5DE0E9F0A3B322233D0879.e.11077/click - {}
RESULT: {}
COMMAND: GET /session/7ceb9c4207408afb27fb3a73a7391b04/screenshot - {}
RESULT: {}
COMMAND: POST /session/7ceb9c4207408afb27fb3a73a7391b04/element - {"using":"xpath","value":"//input[contains(@id ,\"application-managequotations-display-component---AddNewContract--projectDescription-inner\")]"}
RESULT: {"using":"xpath","value":"//input[contains(@id ,\"application-managequotations-display-component---AddNewContract--projectDescription-inner\")]"}
COMMAND: POST /session/7ceb9c4207408afb27fb3a73a7391b04/element/f.0A3556A37C534166386D2A4E113E99D8.d.E0B5B93C6B5DE0E9F0A3B322233D0879.e.11343/value - {"text":"WdIOQuotationllh68"}
RESULT: {"text":"WdIOQuotationllh68"}
COMMAND: GET /session/7ceb9c4207408afb27fb3a73a7391b04/screenshot - {}
RESULT: {}
COMMAND: POST /session/7ceb9c4207408afb27fb3a73a7391b04/element - {"using":"xpath","value":"//input[contains(@id ,\"application-managequotations-display-component---AddNewContract--yardId-inner\")]"}
RESULT: {"using":"xpath","value":"//input[contains(@id ,\"application-managequotations-display-component---AddNewContract--yardId-inner\")]"}
COMMAND: POST /session/7ceb9c4207408afb27fb3a73a7391b04/element/f.0A3556A37C534166386D2A4E113E99D8.d.E0B5B93C6B5DE0E9F0A3B322233D0879.e.11346/value - {"text":"WebdriverYard2bocbg"}
RESULT: {"text":"WebdriverYard2bocbg"}
COMMAND: GET /session/7ceb9c4207408afb27fb3a73a7391b04/screenshot - {}
RESULT: {}
COMMAND: POST /session/7ceb9c4207408afb27fb3a73a7391b04/actions - {"actions":[{"id":"action79","type":"key","parameters":{},"actions":[{"type":"keyDown","value":""},{"type":"pause","duration":10},{"type":"keyUp","value":""}]}]}
RESULT: {"actions":[{"id":"action79","type":"key","parameters":{},"actions":[{"type":"keyDown","value":""},{"type":"pause","duration":10},{"type":"keyUp","value":""}]}]}
COMMAND: GET /session/7ceb9c4207408afb27fb3a73a7391b04/screenshot - {}
RESULT: {}
COMMAND: POST /session/7ceb9c4207408afb27fb3a73a7391b04/element - {"using":"xpath","value":"//input[contains(@id ,\"application-managequotations-display-component---AddNewContract--customerSelect-inner\")]"}
RESULT: {"using":"xpath","value":"//input[contains(@id ,\"application-managequotations-display-component---AddNewContract--customerSelect-inner\")]"}
COMMAND: POST /session/7ceb9c4207408afb27fb3a73a7391b04/element/f.0A3556A37C534166386D2A4E113E99D8.d.E0B5B93C6B5DE0E9F0A3B322233D0879.e.11344/value - {"text":"WebdriverPartnerpmdjl"}
RESULT: {"text":"WebdriverPartnerpmdjl"}
COMMAND: GET /session/7ceb9c4207408afb27fb3a73a7391b04/screenshot - {}
RESULT: {}
COMMAND: POST /session/7ceb9c4207408afb27fb3a73a7391b04/actions - {"actions":[{"id":"action80","type":"key","parameters":{},"actions":[{"type":"keyDown","value":""},{"type":"pause","duration":10},{"type":"keyUp","value":""}]}]}
RESULT: {"actions":[{"id":"action80","type":"key","parameters":{},"actions":[{"type":"keyDown","value":""},{"type":"pause","duration":10},{"type":"keyUp","value":""}]}]}
COMMAND: GET /session/7ceb9c4207408afb27fb3a73a7391b04/screenshot - {}
RESULT: {}
COMMAND: POST /session/7ceb9c4207408afb27fb3a73a7391b04/element - {"using":"xpath","value":"//input[contains(@id ,\"application-managequotations-display-component---AddNewContract--site-inner\")]"}
RESULT: {"using":"xpath","value":"//input[contains(@id ,\"application-managequotations-display-component---AddNewContract--site-inner\")]"}
COMMAND: POST /session/7ceb9c4207408afb27fb3a73a7391b04/element/f.0A3556A37C534166386D2A4E113E99D8.d.E0B5B93C6B5DE0E9F0A3B322233D0879.e.11345/value - {"text":"WebdriverSitebbrdn"}
RESULT: {"text":"WebdriverSitebbrdn"}
COMMAND: GET /session/7ceb9c4207408afb27fb3a73a7391b04/screenshot - {}
RESULT: {}
COMMAND: POST /session/7ceb9c4207408afb27fb3a73a7391b04/actions - {"actions":[{"id":"action81","type":"key","parameters":{},"actions":[{"type":"keyDown","value":""},{"type":"pause","duration":10},{"type":"keyUp","value":""}]}]}
RESULT: {"actions":[{"id":"action81","type":"key","parameters":{},"actions":[{"type":"keyDown","value":""},{"type":"pause","duration":10},{"type":"keyUp","value":""}]}]}
COMMAND: GET /session/7ceb9c4207408afb27fb3a73a7391b04/screenshot - {}
RESULT: {}
COMMAND: POST /session/7ceb9c4207408afb27fb3a73a7391b04/element - {"using":"xpath","value":"//bdi[contains(text(), \"Save\")]"}
RESULT: {"using":"xpath","value":"//bdi[contains(text(), \"Save\")]"}
COMMAND: POST /session/7ceb9c4207408afb27fb3a73a7391b04/element/f.0A3556A37C534166386D2A4E113E99D8.d.E0B5B93C6B5DE0E9F0A3B322233D0879.e.11431/click - {}
RESULT: {}
COMMAND: GET /session/7ceb9c4207408afb27fb3a73a7391b04/screenshot - {}
RESULT: {}
COMMAND: POST /session/7ceb9c4207408afb27fb3a73a7391b04/element - {"using":"css selector","value":"#shell-header-logo"}
RESULT: {"using":"css selector","value":"#shell-header-logo"}
COMMAND: POST /session/7ceb9c4207408afb27fb3a73a7391b04/element/f.0A3556A37C534166386D2A4E113E99D8.d.E0B5B93C6B5DE0E9F0A3B322233D0879.e.11040/click - {}
RESULT: {}
COMMAND: GET /session/7ceb9c4207408afb27fb3a73a7391b04/screenshot - {}
RESULT: {}
COMMAND: POST /session/7ceb9c4207408afb27fb3a73a7391b04/refresh - {}
RESULT: {}
COMMAND: GET /session/7ceb9c4207408afb27fb3a73a7391b04/screenshot - {}
RESULT: {}
COMMAND: POST /session/7ceb9c4207408afb27fb3a73a7391b04/execute/async - {"script":"<script> [189 bytes]","args":[]}
RESULT: {"script":"<script> [189 bytes]","args":[]}
COMMAND: POST /session/7ceb9c4207408afb27fb3a73a7391b04/execute/async - {"script":"<script> [123 bytes]","args":[]}
RESULT: {"script":"<script> [123 bytes]","args":[]}
COMMAND: POST /session/7ceb9c4207408afb27fb3a73a7391b04/timeouts - {"script":"<number>"}
RESULT: {"script":"<number>"}
COMMAND: GET /session/7ceb9c4207408afb27fb3a73a7391b04/timeouts - {}
RESULT: {}
RESULT: undefined
COMMAND: POST /session/7ceb9c4207408afb27fb3a73a7391b04/execute/async - {"script":"<script> [2676 bytes]","args":[]}
RESULT: {"script":"<script> [2676 bytes]","args":[]}
COMMAND: POST /session/7ceb9c4207408afb27fb3a73a7391b04/execute/async - {"script":"<script> [2342 bytes]","args":[{"protocol":"http","hostname":"0.0.0.0","path":"/","capabilities":{"browserName":"chrome","goog:chromeOptions":{"binary":"C:\\Program Files\\Google\\Chrome\\Application\\chrome.exe","args":["--start-maximized"]}},"logLevel":"warn","connectionRetryTimeout":120000,"connectionRetryCount":3,"logLevels":{},"enableDirectConnect":true,"strictSSL":true,"_":"65 more keys: [\"cacheDir\",\"port\",\"requestedCapabilities\",\"automationProtocol\",\"baseUrl\",\"waitforInterval\",\"waitforTimeout\",\"onReload\",\"beforeCommand\",\"afterCommand\",\"rootDir\",\"specs\",\"suites\",\"exclude\",\"groupLogsByTestSpec\",\"excludeDriverLogs\",\"bail\",\"framework\",\"reporters\",\"services\",\"maxInstances\",\"maxInstancesPerCapability\",\"injectGlobals\",\"filesToWatch\",\"execArgv\",\"runnerEnv\",\"runner\",\"shard\",\"specFileRetries\",\"specFileRetriesDelay\",\"specFileRetriesDeferred\",\"reporterSyncInterval\",\"reporterSyncTimeout\",\"cucumberFeaturesWithLineNumbers\",\"autoCompileOpts\",\"mochaOpts\",\"jasmineOpts\",\"cucumberOpts\",\"onPrepare\",\"onWorkerStart\",\"onWorkerEnd\",\"before\",\"beforeSession\",\"beforeSuite\",\"beforeHook\",\"beforeTest\",\"afterTest\",\"afterHook\",\"afterSuite\",\"afterSession\",\"after\",\"onComplete\",\"beforeAssertion\",\"afterAssertion\",\"beforeFeature\",\"beforeScenario\",\"beforeStep\",\"afterStep\",\"afterScenario\",\"afterFeature\",\"_\",\"suite\",\"$0\",\"ignoredWorkerServices\",\"wdi5\"]"}]}
RESULT: {"script":"<script> [2342 bytes]","args":[{"protocol":"http","hostname":"0.0.0.0","path":"/","capabilities":{"browserName":"chrome","goog:chromeOptions":{"binary":"C:\\Program Files\\Google\\Chrome\\Application\\chrome.exe","args":["--start-maximized"]}},"logLevel":"warn","connectionRetryTimeout":120000,"connectionRetryCount":3,"logLevels":{},"enableDirectConnect":true,"strictSSL":true,"_":"65 more keys: [\"cacheDir\",\"port\",\"requestedCapabilities\",\"automationProtocol\",\"baseUrl\",\"waitforInterval\",\"waitforTimeout\",\"onReload\",\"beforeCommand\",\"afterCommand\",\"rootDir\",\"specs\",\"suites\",\"exclude\",\"groupLogsByTestSpec\",\"excludeDriverLogs\",\"bail\",\"framework\",\"reporters\",\"services\",\"maxInstances\",\"maxInstancesPerCapability\",\"injectGlobals\",\"filesToWatch\",\"execArgv\",\"runnerEnv\",\"runner\",\"shard\",\"specFileRetries\",\"specFileRetriesDelay\",\"specFileRetriesDeferred\",\"reporterSyncInterval\",\"reporterSyncTimeout\",\"cucumberFeaturesWithLineNumbers\",\"autoCompileOpts\",\"mochaOpts\",\"jasmineOpts\",\"cucumberOpts\",\"onPrepare\",\"onWorkerStart\",\"onWorkerEnd\",\"before\",\"beforeSession\",\"beforeSuite\",\"beforeHook\",\"beforeTest\",\"afterTest\",\"afterHook\",\"afterSuite\",\"afterSession\",\"after\",\"onComplete\",\"beforeAssertion\",\"afterAssertion\",\"beforeFeature\",\"beforeScenario\",\"beforeStep\",\"afterStep\",\"afterScenario\",\"afterFeature\",\"_\",\"suite\",\"$0\",\"ignoredWorkerServices\",\"wdi5\"]"}]}
COMMAND: POST /session/7ceb9c4207408afb27fb3a73a7391b04/execute/async - {"script":"<script> [21126 bytes]","args":[35000]}
RESULT: {"script":"<script> [21126 bytes]","args":[35000]}
]]></system-out>
    </testcase>
    <testcase classname="chrome.136_0_7103_93.windows.Process_request_items_into_an_existing_quotation_US120163" name="Should create a new request with catalog items and plan it" time="256.238">
      <system-out><![CDATA[
COMMAND: POST /session/7ceb9c4207408afb27fb3a73a7391b04/execute/async - {"script":"<script> [1562 bytes]","args":[{"selector":{"controlType":"sap.m.GenericTile","properties":{"header":"Manage Requests"}},"wdio_ui5_key":"sapm.GenericTile{\"header\":\"Manage Requests\"}"}]}
RESULT: {"script":"<script> [1562 bytes]","args":[{"selector":{"controlType":"sap.m.GenericTile","properties":{"header":"Manage Requests"}},"wdio_ui5_key":"sapm.GenericTile{\"header\":\"Manage Requests\"}"}]}
RESULT: undefined
COMMAND: POST /session/7ceb9c4207408afb27fb3a73a7391b04/element - {"using":"xpath","value":"//*[@id=\"__tile47\"]"}
RESULT: {"using":"xpath","value":"//*[@id=\"__tile47\"]"}
COMMAND: POST /session/7ceb9c4207408afb27fb3a73a7391b04/element/f.0A3556A37C534166386D2A4E113E99D8.d.A01A8C1FE96C626B362A897EBDEDA319.e.11521/click - {}
RESULT: {}
COMMAND: GET /session/7ceb9c4207408afb27fb3a73a7391b04/screenshot - {}
COMMAND: POST /session/7ceb9c4207408afb27fb3a73a7391b04/elements - {"using":"xpath","value":"//span[text()='Error']"}
RESULT: {}
RESULT: {"using":"xpath","value":"//span[text()='Error']"}
COMMAND: POST /session/7ceb9c4207408afb27fb3a73a7391b04/element - {"using":"xpath","value":"(//span[contains(@class ,\"sapMObjStatusText\")])[1]"}
RESULT: {"using":"xpath","value":"(//span[contains(@class ,\"sapMObjStatusText\")])[1]"}
COMMAND: POST /session/7ceb9c4207408afb27fb3a73a7391b04/execute/sync - {"script":"<script> [8489 bytes]","args":[{"element-6066-11e4-a52e-4f735466cecf":"f.0A3556A37C534166386D2A4E113E99D8.d.A01A8C1FE96C626B362A897EBDEDA319.e.11615","ELEMENT":"f.0A3556A37C534166386D2A4E113E99D8.d.A01A8C1FE96C626B362A897EBDEDA319.e.11615"}]}
RESULT: {"script":"<script> [8489 bytes]","args":[{"element-6066-11e4-a52e-4f735466cecf":"f.0A3556A37C534166386D2A4E113E99D8.d.A01A8C1FE96C626B362A897EBDEDA319.e.11615","ELEMENT":"f.0A3556A37C534166386D2A4E113E99D8.d.A01A8C1FE96C626B362A897EBDEDA319.e.11615"}]}
COMMAND: POST /session/7ceb9c4207408afb27fb3a73a7391b04/element - {"using":"xpath","value":"//button[contains(@data-kt ,\"btnCreateNewOverflowToolbarButton\")]"}
COMMAND: GET /session/7ceb9c4207408afb27fb3a73a7391b04/screenshot - {}
RESULT: {"using":"xpath","value":"//button[contains(@data-kt ,\"btnCreateNewOverflowToolbarButton\")]"}
COMMAND: POST /session/7ceb9c4207408afb27fb3a73a7391b04/element/f.0A3556A37C534166386D2A4E113E99D8.d.A01A8C1FE96C626B362A897EBDEDA319.e.11579/click - {}
RESULT: {}
RESULT: {}
COMMAND: GET /session/7ceb9c4207408afb27fb3a73a7391b04/screenshot - {}
RESULT: {}
COMMAND: POST /session/7ceb9c4207408afb27fb3a73a7391b04/element - {"using":"xpath","value":"//input[contains(@id ,\"yardId-inner\")]"}
RESULT: {"using":"xpath","value":"//input[contains(@id ,\"yardId-inner\")]"}
COMMAND: POST /session/7ceb9c4207408afb27fb3a73a7391b04/execute/sync - {"script":"<script> [8489 bytes]","args":[{"element-6066-11e4-a52e-4f735466cecf":"f.0A3556A37C534166386D2A4E113E99D8.d.A01A8C1FE96C626B362A897EBDEDA319.e.11707","ELEMENT":"f.0A3556A37C534166386D2A4E113E99D8.d.A01A8C1FE96C626B362A897EBDEDA319.e.11707"}]}
RESULT: {"script":"<script> [8489 bytes]","args":[{"element-6066-11e4-a52e-4f735466cecf":"f.0A3556A37C534166386D2A4E113E99D8.d.A01A8C1FE96C626B362A897EBDEDA319.e.11707","ELEMENT":"f.0A3556A37C534166386D2A4E113E99D8.d.A01A8C1FE96C626B362A897EBDEDA319.e.11707"}]}
COMMAND: POST /session/7ceb9c4207408afb27fb3a73a7391b04/element - {"using":"xpath","value":"//input[contains(@id ,\"yardId-inner\")]"}
COMMAND: GET /session/7ceb9c4207408afb27fb3a73a7391b04/screenshot - {}
RESULT: {"using":"xpath","value":"//input[contains(@id ,\"yardId-inner\")]"}
COMMAND: GET /session/7ceb9c4207408afb27fb3a73a7391b04/element/f.0A3556A37C534166386D2A4E113E99D8.d.A01A8C1FE96C626B362A897EBDEDA319.e.11707/enabled - {}
RESULT: {}
RESULT: {}
COMMAND: POST /session/7ceb9c4207408afb27fb3a73a7391b04/element/f.0A3556A37C534166386D2A4E113E99D8.d.A01A8C1FE96C626B362A897EBDEDA319.e.11707/clear - {}
COMMAND: GET /session/7ceb9c4207408afb27fb3a73a7391b04/screenshot - {}
RESULT: {}
COMMAND: POST /session/7ceb9c4207408afb27fb3a73a7391b04/element/f.0A3556A37C534166386D2A4E113E99D8.d.A01A8C1FE96C626B362A897EBDEDA319.e.11707/value - {"text":"WebdriverYard2bocbg"}
COMMAND: GET /session/7ceb9c4207408afb27fb3a73a7391b04/screenshot - {}
RESULT: {}
RESULT: {"text":"WebdriverYard2bocbg"}
COMMAND: GET /session/7ceb9c4207408afb27fb3a73a7391b04/screenshot - {}
RESULT: {}
RESULT: {}
COMMAND: POST /session/7ceb9c4207408afb27fb3a73a7391b04/actions - {"actions":[{"id":"action82","type":"key","parameters":{},"actions":[{"type":"keyDown","value":""},{"type":"pause","duration":10},{"type":"keyUp","value":""}]}]}
RESULT: {"actions":[{"id":"action82","type":"key","parameters":{},"actions":[{"type":"keyDown","value":""},{"type":"pause","duration":10},{"type":"keyUp","value":""}]}]}
COMMAND: GET /session/7ceb9c4207408afb27fb3a73a7391b04/screenshot - {}
RESULT: {}
COMMAND: POST /session/7ceb9c4207408afb27fb3a73a7391b04/element - {"using":"xpath","value":"//input[contains(@id ,\"customerNumber-inner\")]"}
RESULT: {"using":"xpath","value":"//input[contains(@id ,\"customerNumber-inner\")]"}
COMMAND: POST /session/7ceb9c4207408afb27fb3a73a7391b04/element/f.0A3556A37C534166386D2A4E113E99D8.d.A01A8C1FE96C626B362A897EBDEDA319.e.11701/value - {"text":"WebdriverPartnerpmdjl"}
RESULT: {"text":"WebdriverPartnerpmdjl"}
COMMAND: GET /session/7ceb9c4207408afb27fb3a73a7391b04/screenshot - {}
RESULT: {}
COMMAND: POST /session/7ceb9c4207408afb27fb3a73a7391b04/actions - {"actions":[{"id":"action83","type":"key","parameters":{},"actions":[{"type":"keyDown","value":""},{"type":"pause","duration":10},{"type":"keyUp","value":""}]}]}
RESULT: {"actions":[{"id":"action83","type":"key","parameters":{},"actions":[{"type":"keyDown","value":""},{"type":"pause","duration":10},{"type":"keyUp","value":""}]}]}
COMMAND: GET /session/7ceb9c4207408afb27fb3a73a7391b04/screenshot - {}
RESULT: {}
COMMAND: GET /session/7ceb9c4207408afb27fb3a73a7391b04/element/f.0A3556A37C534166386D2A4E113E99D8.d.A01A8C1FE96C626B362A897EBDEDA319.e.11701/property/value - {}
RESULT: {}
COMMAND: POST /session/7ceb9c4207408afb27fb3a73a7391b04/element/f.0A3556A37C534166386D2A4E113E99D8.d.A01A8C1FE96C626B362A897EBDEDA319.e.11701/value - {"text":"WebdriverPartnerpmdjl"}
COMMAND: GET /session/7ceb9c4207408afb27fb3a73a7391b04/screenshot - {}
RESULT: {"text":"WebdriverPartnerpmdjl"}
COMMAND: GET /session/7ceb9c4207408afb27fb3a73a7391b04/screenshot - {}
RESULT: {}
RESULT: {}
COMMAND: POST /session/7ceb9c4207408afb27fb3a73a7391b04/actions - {"actions":[{"id":"action84","type":"key","parameters":{},"actions":[{"type":"keyDown","value":""},{"type":"pause","duration":10},{"type":"keyUp","value":""}]}]}
RESULT: {"actions":[{"id":"action84","type":"key","parameters":{},"actions":[{"type":"keyDown","value":""},{"type":"pause","duration":10},{"type":"keyUp","value":""}]}]}
COMMAND: GET /session/7ceb9c4207408afb27fb3a73a7391b04/screenshot - {}
RESULT: {}
COMMAND: POST /session/7ceb9c4207408afb27fb3a73a7391b04/element - {"using":"xpath","value":"//input[contains(@id ,\"requestSiteId-inner\")]"}
RESULT: {"using":"xpath","value":"//input[contains(@id ,\"requestSiteId-inner\")]"}
COMMAND: POST /session/7ceb9c4207408afb27fb3a73a7391b04/element/f.0A3556A37C534166386D2A4E113E99D8.d.A01A8C1FE96C626B362A897EBDEDA319.e.11700/value - {"text":"WebdriverSitebbrdn"}
RESULT: {"text":"WebdriverSitebbrdn"}
COMMAND: GET /session/7ceb9c4207408afb27fb3a73a7391b04/screenshot - {}
RESULT: {}
COMMAND: POST /session/7ceb9c4207408afb27fb3a73a7391b04/actions - {"actions":[{"id":"action85","type":"key","parameters":{},"actions":[{"type":"keyDown","value":""},{"type":"pause","duration":10},{"type":"keyUp","value":""}]}]}
RESULT: {"actions":[{"id":"action85","type":"key","parameters":{},"actions":[{"type":"keyDown","value":""},{"type":"pause","duration":10},{"type":"keyUp","value":""}]}]}
COMMAND: GET /session/7ceb9c4207408afb27fb3a73a7391b04/screenshot - {}
RESULT: {}
COMMAND: POST /session/7ceb9c4207408afb27fb3a73a7391b04/element - {"using":"xpath","value":"//button[contains(@data-kt ,\"requestItemAddOverflowToolbarButton\")]"}
RESULT: {"using":"xpath","value":"//button[contains(@data-kt ,\"requestItemAddOverflowToolbarButton\")]"}
COMMAND: POST /session/7ceb9c4207408afb27fb3a73a7391b04/element/f.0A3556A37C534166386D2A4E113E99D8.d.A01A8C1FE96C626B362A897EBDEDA319.e.11886/click - {}
RESULT: {}
COMMAND: GET /session/7ceb9c4207408afb27fb3a73a7391b04/screenshot - {}
RESULT: {}
COMMAND: POST /session/7ceb9c4207408afb27fb3a73a7391b04/actions - {"actions":[{"id":"action86","type":"key","parameters":{},"actions":[{"type":"keyDown","value":""},{"type":"pause","duration":10},{"type":"keyUp","value":""}]}]}
RESULT: {"actions":[{"id":"action86","type":"key","parameters":{},"actions":[{"type":"keyDown","value":""},{"type":"pause","duration":10},{"type":"keyUp","value":""}]}]}
COMMAND: POST /session/7ceb9c4207408afb27fb3a73a7391b04/actions - {"actions":[{"id":"action87","type":"key","parameters":{},"actions":[{"type":"keyDown","value":""},{"type":"pause","duration":10},{"type":"keyUp","value":""}]}]}
COMMAND: GET /session/7ceb9c4207408afb27fb3a73a7391b04/screenshot - {}
RESULT: {"actions":[{"id":"action87","type":"key","parameters":{},"actions":[{"type":"keyDown","value":""},{"type":"pause","duration":10},{"type":"keyUp","value":""}]}]}
COMMAND: GET /session/7ceb9c4207408afb27fb3a73a7391b04/screenshot - {}
RESULT: {}
RESULT: {}
COMMAND: POST /session/7ceb9c4207408afb27fb3a73a7391b04/element - {"using":"xpath","value":"(//input[contains(@id ,\"requestItemsTable-0-inner\")])[1]"}
RESULT: {"using":"xpath","value":"(//input[contains(@id ,\"requestItemsTable-0-inner\")])[1]"}
COMMAND: POST /session/7ceb9c4207408afb27fb3a73a7391b04/element/f.0A3556A37C534166386D2A4E113E99D8.d.A01A8C1FE96C626B362A897EBDEDA319.e.11890/clear - {}
RESULT: {}
COMMAND: POST /session/7ceb9c4207408afb27fb3a73a7391b04/element/f.0A3556A37C534166386D2A4E113E99D8.d.A01A8C1FE96C626B362A897EBDEDA319.e.11890/value - {"text":"catalogItemr9iev"}
COMMAND: GET /session/7ceb9c4207408afb27fb3a73a7391b04/screenshot - {}
RESULT: {"text":"catalogItemr9iev"}
COMMAND: GET /session/7ceb9c4207408afb27fb3a73a7391b04/screenshot - {}
RESULT: {}
RESULT: {}
COMMAND: POST /session/7ceb9c4207408afb27fb3a73a7391b04/actions - {"actions":[{"id":"action88","type":"key","parameters":{},"actions":[{"type":"keyDown","value":""},{"type":"pause","duration":10},{"type":"keyUp","value":""}]}]}
RESULT: {"actions":[{"id":"action88","type":"key","parameters":{},"actions":[{"type":"keyDown","value":""},{"type":"pause","duration":10},{"type":"keyUp","value":""}]}]}
COMMAND: GET /session/7ceb9c4207408afb27fb3a73a7391b04/screenshot - {}
RESULT: {}
COMMAND: POST /session/7ceb9c4207408afb27fb3a73a7391b04/execute/async - {"script":"<script> [1562 bytes]","args":[{"selector":{"controlType":"sap.ui.core.Icon","viewName":"etm.portal.ui.managerequests.view.NewRequest","properties":{"src":{"regex":{"source":"slim\\-arrow\\-down"}}},"ancestor":{"controlType":"sap.m.Button","viewName":"etm.portal.ui.managerequests.view.NewRequest","properties":{"icon":"sap-icon://slim-arrow-down"}}},"wdio_ui5_key":"etmportal.ui.managerequests.view.NewRequestsap.ui.core.Icon{\"src\":{\"regex\":{\"source\":\"slim\\\\-arrow\\\\-down\"}}}{\"controlType\":\"sap.m.Button\",\"viewName\":\"etm.portal.ui.managerequests.view.NewRequest\",\"properties\":{\"icon\":\"sap-icon://slim-arrow-down\"}}"}]}
RESULT: {"script":"<script> [1562 bytes]","args":[{"selector":{"controlType":"sap.ui.core.Icon","viewName":"etm.portal.ui.managerequests.view.NewRequest","properties":{"src":{"regex":{"source":"slim\\-arrow\\-down"}}},"ancestor":{"controlType":"sap.m.Button","viewName":"etm.portal.ui.managerequests.view.NewRequest","properties":{"icon":"sap-icon://slim-arrow-down"}}},"wdio_ui5_key":"etmportal.ui.managerequests.view.NewRequestsap.ui.core.Icon{\"src\":{\"regex\":{\"source\":\"slim\\\\-arrow\\\\-down\"}}}{\"controlType\":\"sap.m.Button\",\"viewName\":\"etm.portal.ui.managerequests.view.NewRequest\",\"properties\":{\"icon\":\"sap-icon://slim-arrow-down\"}}"}]}
RESULT: undefined
COMMAND: POST /session/7ceb9c4207408afb27fb3a73a7391b04/element - {"using":"xpath","value":"//div[contains(@data-kt ,\"splitAllocationObjectStatus\")]"}
RESULT: {"using":"xpath","value":"//div[contains(@data-kt ,\"splitAllocationObjectStatus\")]"}
COMMAND: POST /session/7ceb9c4207408afb27fb3a73a7391b04/elements - {"using":"xpath","value":"//div[contains(@data-kt ,\"splitAllocationObjectStatus\")]"}
RESULT: {"using":"xpath","value":"//div[contains(@data-kt ,\"splitAllocationObjectStatus\")]"}
COMMAND: POST /session/7ceb9c4207408afb27fb3a73a7391b04/execute/async - {"script":"<script> [1562 bytes]","args":[{"selector":{"controlType":"sap.ui.core.Icon","viewName":"etm.portal.ui.managerequests.view.NewRequest","properties":{"src":{"regex":{"source":"message\\-error"}}}},"wdio_ui5_key":"etmportal.ui.managerequests.view.NewRequestsap.ui.core.Icon{\"src\":{\"regex\":{\"source\":\"message\\\\-error\"}}}"}]}
RESULT: {"script":"<script> [1562 bytes]","args":[{"selector":{"controlType":"sap.ui.core.Icon","viewName":"etm.portal.ui.managerequests.view.NewRequest","properties":{"src":{"regex":{"source":"message\\-error"}}}},"wdio_ui5_key":"etmportal.ui.managerequests.view.NewRequestsap.ui.core.Icon{\"src\":{\"regex\":{\"source\":\"message\\\\-error\"}}}"}]}
RESULT: undefined
COMMAND: POST /session/7ceb9c4207408afb27fb3a73a7391b04/element - {"using":"xpath","value":"//*[@id=\"__status4-__xmlview59--requestItemsTable-0-icon\"]"}
RESULT: {"using":"xpath","value":"//*[@id=\"__status4-__xmlview59--requestItemsTable-0-icon\"]"}
COMMAND: POST /session/7ceb9c4207408afb27fb3a73a7391b04/element/f.0A3556A37C534166386D2A4E113E99D8.d.A01A8C1FE96C626B362A897EBDEDA319.e.11905/click - {}
RESULT: {}
COMMAND: POST /session/7ceb9c4207408afb27fb3a73a7391b04/execute/async - {"script":"<script> [1562 bytes]","args":[{"selector":{"controlType":"sap.ui.core.Icon","viewName":"etm.portal.ui.managerequests.view.NewRequest","properties":{"src":{"regex":{"source":"slim\\-arrow\\-down"}}},"searchOpenDialogs":true,"ancestor":{"id":"costObjectAdminTypeComboBox","viewName":"etm.portal.ui.managerequests.view.NewRequest","searchOpenDialogs":true}},"wdio_ui5_key":"etmportal.ui.managerequests.view.NewRequestsap.ui.core.Icon{\"src\":{\"regex\":{\"source\":\"slim\\\\-arrow\\\\-down\"}}}{\"id\":\"costObjectAdminTypeComboBox\",\"viewName\":\"etm.portal.ui.managerequests.view.NewRequest\",\"searchOpenDialogs\":true}"}]}
COMMAND: GET /session/7ceb9c4207408afb27fb3a73a7391b04/screenshot - {}
RESULT: {"script":"<script> [1562 bytes]","args":[{"selector":{"controlType":"sap.ui.core.Icon","viewName":"etm.portal.ui.managerequests.view.NewRequest","properties":{"src":{"regex":{"source":"slim\\-arrow\\-down"}}},"searchOpenDialogs":true,"ancestor":{"id":"costObjectAdminTypeComboBox","viewName":"etm.portal.ui.managerequests.view.NewRequest","searchOpenDialogs":true}},"wdio_ui5_key":"etmportal.ui.managerequests.view.NewRequestsap.ui.core.Icon{\"src\":{\"regex\":{\"source\":\"slim\\\\-arrow\\\\-down\"}}}{\"id\":\"costObjectAdminTypeComboBox\",\"viewName\":\"etm.portal.ui.managerequests.view.NewRequest\",\"searchOpenDialogs\":true}"}]}
RESULT: undefined
COMMAND: POST /session/7ceb9c4207408afb27fb3a73a7391b04/element - {"using":"xpath","value":"//*[@id=\"__xmlview59--costObjectAdminTypeComboBox-arrow\"]"}
RESULT: {}
RESULT: {"using":"xpath","value":"//*[@id=\"__xmlview59--costObjectAdminTypeComboBox-arrow\"]"}
COMMAND: POST /session/7ceb9c4207408afb27fb3a73a7391b04/element/f.0A3556A37C534166386D2A4E113E99D8.d.A01A8C1FE96C626B362A897EBDEDA319.e.11910/click - {}
RESULT: {}
COMMAND: POST /session/7ceb9c4207408afb27fb3a73a7391b04/execute/async - {"script":"<script> [1562 bytes]","args":[{"selector":{"controlType":"sap.m.StandardListItem","viewName":"etm.portal.ui.managerequests.view.NewRequest","properties":{"title":"Cost Center"},"searchOpenDialogs":true,"interaction":{"idSuffix":"titleText"}},"wdio_ui5_key":"etmportal.ui.managerequests.view.NewRequestsap.m.StandardListItem{\"title\":\"Cost Center\"}"}]}
COMMAND: GET /session/7ceb9c4207408afb27fb3a73a7391b04/screenshot - {}
RESULT: {"script":"<script> [1562 bytes]","args":[{"selector":{"controlType":"sap.m.StandardListItem","viewName":"etm.portal.ui.managerequests.view.NewRequest","properties":{"title":"Cost Center"},"searchOpenDialogs":true,"interaction":{"idSuffix":"titleText"}},"wdio_ui5_key":"etmportal.ui.managerequests.view.NewRequestsap.m.StandardListItem{\"title\":\"Cost Center\"}"}]}
RESULT: undefined
COMMAND: POST /session/7ceb9c4207408afb27fb3a73a7391b04/element - {"using":"xpath","value":"//*[@id=\"__item693\"]"}
RESULT: {}
RESULT: {"using":"xpath","value":"//*[@id=\"__item693\"]"}
COMMAND: POST /session/7ceb9c4207408afb27fb3a73a7391b04/element/f.0A3556A37C534166386D2A4E113E99D8.d.A01A8C1FE96C626B362A897EBDEDA319.e.11912/click - {}
RESULT: {}
COMMAND: GET /session/7ceb9c4207408afb27fb3a73a7391b04/screenshot - {}
RESULT: {}
COMMAND: POST /session/7ceb9c4207408afb27fb3a73a7391b04/execute/async - {"script":"<script> [1562 bytes]","args":[{"selector":{"controlType":"sap.ui.core.Icon","viewName":"etm.portal.ui.managerequests.view.NewRequest","properties":{"src":{"regex":{"source":"value\\-help"}}},"searchOpenDialogs":true},"wdio_ui5_key":"etmportal.ui.managerequests.view.NewRequestsap.ui.core.Icon{\"src\":{\"regex\":{\"source\":\"value\\\\-help\"}}}"}]}
RESULT: {"script":"<script> [1562 bytes]","args":[{"selector":{"controlType":"sap.ui.core.Icon","viewName":"etm.portal.ui.managerequests.view.NewRequest","properties":{"src":{"regex":{"source":"value\\-help"}}},"searchOpenDialogs":true},"wdio_ui5_key":"etmportal.ui.managerequests.view.NewRequestsap.ui.core.Icon{\"src\":{\"regex\":{\"source\":\"value\\\\-help\"}}}"}]}
RESULT: undefined
COMMAND: POST /session/7ceb9c4207408afb27fb3a73a7391b04/element - {"using":"xpath","value":"//*[@id=\"__xmlview59--costObjectIdComboBox-vhi\"]"}
RESULT: {"using":"xpath","value":"//*[@id=\"__xmlview59--costObjectIdComboBox-vhi\"]"}
COMMAND: POST /session/7ceb9c4207408afb27fb3a73a7391b04/element/f.0A3556A37C534166386D2A4E113E99D8.d.A01A8C1FE96C626B362A897EBDEDA319.e.11919/click - {}
RESULT: {}
COMMAND: POST /session/7ceb9c4207408afb27fb3a73a7391b04/execute/async - {"script":"<script> [1562 bytes]","args":[{"selector":{"controlType":"sap.m.SearchField","properties":{"placeholder":"Search"},"searchOpenDialogs":true,"interaction":{"idSuffix":"I"}},"wdio_ui5_key":"sapm.SearchField{\"placeholder\":\"Search\"}"}]}
COMMAND: GET /session/7ceb9c4207408afb27fb3a73a7391b04/screenshot - {}
RESULT: {"script":"<script> [1562 bytes]","args":[{"selector":{"controlType":"sap.m.SearchField","properties":{"placeholder":"Search"},"searchOpenDialogs":true,"interaction":{"idSuffix":"I"}},"wdio_ui5_key":"sapm.SearchField{\"placeholder\":\"Search\"}"}]}
RESULT: undefined
COMMAND: POST /session/7ceb9c4207408afb27fb3a73a7391b04/execute/async - {"script":"<script> [776 bytes]","args":[{"enterText":"10001010","selector":{"controlType":"sap.m.SearchField","properties":{"placeholder":"Search"},"searchOpenDialogs":true,"interaction":{"idSuffix":"I"}},"clearTextFirst":true,"interactionType":"ENTER_TEXT"}]}
RESULT: {}
RESULT: {"script":"<script> [776 bytes]","args":[{"enterText":"10001010","selector":{"controlType":"sap.m.SearchField","properties":{"placeholder":"Search"},"searchOpenDialogs":true,"interaction":{"idSuffix":"I"}},"clearTextFirst":true,"interactionType":"ENTER_TEXT"}]}
COMMAND: POST /session/7ceb9c4207408afb27fb3a73a7391b04/actions - {"actions":[{"id":"action89","type":"key","parameters":{},"actions":[{"type":"keyDown","value":""},{"type":"pause","duration":10},{"type":"keyUp","value":""}]}]}
RESULT: {"actions":[{"id":"action89","type":"key","parameters":{},"actions":[{"type":"keyDown","value":""},{"type":"pause","duration":10},{"type":"keyUp","value":""}]}]}
COMMAND: GET /session/7ceb9c4207408afb27fb3a73a7391b04/screenshot - {}
RESULT: {}
COMMAND: POST /session/7ceb9c4207408afb27fb3a73a7391b04/execute/async - {"script":"<script> [1562 bytes]","args":[{"selector":{"controlType":"sap.m.Text","bindingPath":{"path":"/C_CostCtrValueHelp(CostCenter='10001010',ControllingArea='Z001')","propertyPath":"CostCenterName","modelName":"CostCenterModel"},"searchOpenDialogs":true},"wdio_ui5_key":"sapm.Text{\"path\":\"/C_CostCtrValueHelp(CostCenter='10001010',ControllingArea='Z001')\",\"propertyPath\":\"CostCenterName\",\"modelName\":\"CostCenterModel\"}"}]}
RESULT: {"script":"<script> [1562 bytes]","args":[{"selector":{"controlType":"sap.m.Text","bindingPath":{"path":"/C_CostCtrValueHelp(CostCenter='10001010',ControllingArea='Z001')","propertyPath":"CostCenterName","modelName":"CostCenterModel"},"searchOpenDialogs":true},"wdio_ui5_key":"sapm.Text{\"path\":\"/C_CostCtrValueHelp(CostCenter='10001010',ControllingArea='Z001')\",\"propertyPath\":\"CostCenterName\",\"modelName\":\"CostCenterModel\"}"}]}
RESULT: undefined
COMMAND: POST /session/7ceb9c4207408afb27fb3a73a7391b04/element - {"using":"xpath","value":"//*[@id=\"__text291-__clone832\"]"}
RESULT: {"using":"xpath","value":"//*[@id=\"__text291-__clone832\"]"}
COMMAND: POST /session/7ceb9c4207408afb27fb3a73a7391b04/element/f.0A3556A37C534166386D2A4E113E99D8.d.A01A8C1FE96C626B362A897EBDEDA319.e.11959/click - {}
RESULT: {}
COMMAND: POST /session/7ceb9c4207408afb27fb3a73a7391b04/execute/async - {"script":"<script> [1562 bytes]","args":[{"selector":{"controlType":"sap.m.Button","properties":{"text":"OK"},"searchOpenDialogs":true,"interaction":{"idSuffix":"BDI-content"}},"wdio_ui5_key":"sapm.Button{\"text\":\"OK\"}"}]}
COMMAND: GET /session/7ceb9c4207408afb27fb3a73a7391b04/screenshot - {}
RESULT: {"script":"<script> [1562 bytes]","args":[{"selector":{"controlType":"sap.m.Button","properties":{"text":"OK"},"searchOpenDialogs":true,"interaction":{"idSuffix":"BDI-content"}},"wdio_ui5_key":"sapm.Button{\"text\":\"OK\"}"}]}
RESULT: undefined
COMMAND: POST /session/7ceb9c4207408afb27fb3a73a7391b04/element - {"using":"xpath","value":"//*[@id=\"__dialog1-ok\"]"}
RESULT: {}
RESULT: {"using":"xpath","value":"//*[@id=\"__dialog1-ok\"]"}
COMMAND: POST /session/7ceb9c4207408afb27fb3a73a7391b04/element/f.0A3556A37C534166386D2A4E113E99D8.d.A01A8C1FE96C626B362A897EBDEDA319.e.11961/click - {}
RESULT: {}
COMMAND: GET /session/7ceb9c4207408afb27fb3a73a7391b04/screenshot - {}
RESULT: {}
COMMAND: POST /session/7ceb9c4207408afb27fb3a73a7391b04/execute/async - {"script":"<script> [1562 bytes]","args":[{"selector":{"controlType":"sap.m.Button","viewName":"etm.portal.ui.managerequests.view.NewRequest","i18NText":{"propertyName":"text","key":"save"},"searchOpenDialogs":true,"interaction":{"idSuffix":"BDI-content"}},"wdio_ui5_key":"etmportal.ui.managerequests.view.NewRequestsap.m.Button{\"propertyName\":\"text\",\"key\":\"save\"}"}]}
RESULT: {"script":"<script> [1562 bytes]","args":[{"selector":{"controlType":"sap.m.Button","viewName":"etm.portal.ui.managerequests.view.NewRequest","i18NText":{"propertyName":"text","key":"save"},"searchOpenDialogs":true,"interaction":{"idSuffix":"BDI-content"}},"wdio_ui5_key":"etmportal.ui.managerequests.view.NewRequestsap.m.Button{\"propertyName\":\"text\",\"key\":\"save\"}"}]}
RESULT: undefined
COMMAND: POST /session/7ceb9c4207408afb27fb3a73a7391b04/element - {"using":"xpath","value":"//*[@id=\"__button24\"]"}
RESULT: {"using":"xpath","value":"//*[@id=\"__button24\"]"}
COMMAND: POST /session/7ceb9c4207408afb27fb3a73a7391b04/element/f.0A3556A37C534166386D2A4E113E99D8.d.A01A8C1FE96C626B362A897EBDEDA319.e.11965/click - {}
RESULT: {}
COMMAND: GET /session/7ceb9c4207408afb27fb3a73a7391b04/screenshot - {}
RESULT: {}
COMMAND: POST /session/7ceb9c4207408afb27fb3a73a7391b04/element - {"using":"xpath","value":"(//bdi[contains(text() ,\"Save\")])[1]"}
RESULT: {"using":"xpath","value":"(//bdi[contains(text() ,\"Save\")])[1]"}
COMMAND: POST /session/7ceb9c4207408afb27fb3a73a7391b04/element/f.0A3556A37C534166386D2A4E113E99D8.d.A01A8C1FE96C626B362A897EBDEDA319.e.11967/click - {}
RESULT: {}
COMMAND: GET /session/7ceb9c4207408afb27fb3a73a7391b04/screenshot - {}
RESULT: {}
COMMAND: POST /session/7ceb9c4207408afb27fb3a73a7391b04/execute/async - {"script":"<script> [1562 bytes]","args":[{"selector":{"controlType":"sap.m.Title","properties":{"text":"Success"},"searchOpenDialogs":true},"wdio_ui5_key":"sapm.Title{\"text\":\"Success\"}"}]}
RESULT: {"script":"<script> [1562 bytes]","args":[{"selector":{"controlType":"sap.m.Title","properties":{"text":"Success"},"searchOpenDialogs":true},"wdio_ui5_key":"sapm.Title{\"text\":\"Success\"}"}]}
RESULT: undefined
COMMAND: POST /session/7ceb9c4207408afb27fb3a73a7391b04/execute/async - {"script":"<script> [6424 bytes]","args":[{"element-6066-11e4-a52e-4f735466cecf":"f.0A3556A37C534166386D2A4E113E99D8.d.A01A8C1FE96C626B362A897EBDEDA319.e.11971"},"getText",[]]}
RESULT: {"script":"<script> [6424 bytes]","args":[{"element-6066-11e4-a52e-4f735466cecf":"f.0A3556A37C534166386D2A4E113E99D8.d.A01A8C1FE96C626B362A897EBDEDA319.e.11971"},"getText",[]]}
COMMAND: POST /session/7ceb9c4207408afb27fb3a73a7391b04/execute/async - {"script":"<script> [1562 bytes]","args":[{"selector":{"controlType":"sap.m.Button","properties":{"text":"Close"},"searchOpenDialogs":true,"interaction":{"idSuffix":"BDI-content"}},"wdio_ui5_key":"sapm.Button{\"text\":\"Close\"}"}]}
RESULT: {"script":"<script> [1562 bytes]","args":[{"selector":{"controlType":"sap.m.Button","properties":{"text":"Close"},"searchOpenDialogs":true,"interaction":{"idSuffix":"BDI-content"}},"wdio_ui5_key":"sapm.Button{\"text\":\"Close\"}"}]}
RESULT: undefined
COMMAND: POST /session/7ceb9c4207408afb27fb3a73a7391b04/element - {"using":"xpath","value":"//*[@id=\"__mbox-btn-0\"]"}
RESULT: {"using":"xpath","value":"//*[@id=\"__mbox-btn-0\"]"}
COMMAND: POST /session/7ceb9c4207408afb27fb3a73a7391b04/element/f.0A3556A37C534166386D2A4E113E99D8.d.A01A8C1FE96C626B362A897EBDEDA319.e.11970/click - {}
RESULT: {}
COMMAND: GET /session/7ceb9c4207408afb27fb3a73a7391b04/screenshot - {}
RESULT: {}
COMMAND: POST /session/7ceb9c4207408afb27fb3a73a7391b04/execute/async - {"script":"<script> [1562 bytes]","args":[{"selector":{"controlType":"sap.m.Text","viewName":"etm.portal.ui.managerequests.view.Detail","bindingPath":{"propertyPath":"NO","modelName":"catalogModel"}},"wdio_ui5_key":"etmportal.ui.managerequests.view.Detailsap.m.Text{\"propertyPath\":\"NO\",\"modelName\":\"catalogModel\"}"}]}
RESULT: {"script":"<script> [1562 bytes]","args":[{"selector":{"controlType":"sap.m.Text","viewName":"etm.portal.ui.managerequests.view.Detail","bindingPath":{"propertyPath":"NO","modelName":"catalogModel"}},"wdio_ui5_key":"etmportal.ui.managerequests.view.Detailsap.m.Text{\"propertyPath\":\"NO\",\"modelName\":\"catalogModel\"}"}]}
RESULT: undefined
COMMAND: POST /session/7ceb9c4207408afb27fb3a73a7391b04/execute/async - {"script":"<script> [6424 bytes]","args":[{"element-6066-11e4-a52e-4f735466cecf":"f.0A3556A37C534166386D2A4E113E99D8.d.A01A8C1FE96C626B362A897EBDEDA319.e.12097"},"getText",[]]}
RESULT: {"script":"<script> [6424 bytes]","args":[{"element-6066-11e4-a52e-4f735466cecf":"f.0A3556A37C534166386D2A4E113E99D8.d.A01A8C1FE96C626B362A897EBDEDA319.e.12097"},"getText",[]]}
COMMAND: POST /session/7ceb9c4207408afb27fb3a73a7391b04/execute/async - {"script":"<script> [1562 bytes]","args":[{"selector":{"controlType":"sap.ui.core.Icon","viewName":"etm.portal.ui.managerequests.view.Detail","properties":{"src":{"regex":{"source":"date\\-time"}}},"ancestor":{"controlType":"sap.m.ColumnListItem","viewName":"etm.portal.ui.managerequests.view.Detail","bindingPath":{"path":"/SmartRequestItemsPlanningBoard(ITEM=10m,REQUEST='20118')"},"ancestor":{"id":"requestItemsTable","viewName":"etm.portal.ui.managerequests.view.Detail"}}},"wdio_ui5_key":"etmportal.ui.managerequests.view.Detailsap.ui.core.Icon{\"src\":{\"regex\":{\"source\":\"date\\\\-time\"}}}{\"controlType\":\"sap.m.ColumnListItem\",\"viewName\":\"etm.portal.ui.managerequests.view.Detail\",\"bindingPath\":{\"path\":\"/SmartRequestItemsPlanningBoard(ITEM=10m,REQUEST='20118')\"},\"ancestor\":{\"id\":\"requestItemsTable\",\"viewName\":\"etm.portal.ui.managerequests.view.Detail\"}}"}]}
RESULT: {"script":"<script> [1562 bytes]","args":[{"selector":{"controlType":"sap.ui.core.Icon","viewName":"etm.portal.ui.managerequests.view.Detail","properties":{"src":{"regex":{"source":"date\\-time"}}},"ancestor":{"controlType":"sap.m.ColumnListItem","viewName":"etm.portal.ui.managerequests.view.Detail","bindingPath":{"path":"/SmartRequestItemsPlanningBoard(ITEM=10m,REQUEST='20118')"},"ancestor":{"id":"requestItemsTable","viewName":"etm.portal.ui.managerequests.view.Detail"}}},"wdio_ui5_key":"etmportal.ui.managerequests.view.Detailsap.ui.core.Icon{\"src\":{\"regex\":{\"source\":\"date\\\\-time\"}}}{\"controlType\":\"sap.m.ColumnListItem\",\"viewName\":\"etm.portal.ui.managerequests.view.Detail\",\"bindingPath\":{\"path\":\"/SmartRequestItemsPlanningBoard(ITEM=10m,REQUEST='20118')\"},\"ancestor\":{\"id\":\"requestItemsTable\",\"viewName\":\"etm.portal.ui.managerequests.view.Detail\"}}"}]}
RESULT: undefined
COMMAND: POST /session/7ceb9c4207408afb27fb3a73a7391b04/element - {"using":"xpath","value":"//*[@id=\"__button39-__clone871-img\"]"}
RESULT: {"using":"xpath","value":"//*[@id=\"__button39-__clone871-img\"]"}
COMMAND: POST /session/7ceb9c4207408afb27fb3a73a7391b04/element/f.0A3556A37C534166386D2A4E113E99D8.d.A01A8C1FE96C626B362A897EBDEDA319.e.12098/click - {}
RESULT: {}
COMMAND: POST /session/7ceb9c4207408afb27fb3a73a7391b04/execute/async - {"script":"<script> [1562 bytes]","args":[{"selector":{"controlType":"sap.m.Button","viewName":"etm.portal.ui.managerequests.view.Detail","properties":{"text":"Close"},"searchOpenDialogs":true,"interaction":{"idSuffix":"BDI-content"}},"wdio_ui5_key":"etmportal.ui.managerequests.view.Detailsap.m.Button{\"text\":\"Close\"}"}]}
COMMAND: GET /session/7ceb9c4207408afb27fb3a73a7391b04/screenshot - {}
RESULT: {"script":"<script> [1562 bytes]","args":[{"selector":{"controlType":"sap.m.Button","viewName":"etm.portal.ui.managerequests.view.Detail","properties":{"text":"Close"},"searchOpenDialogs":true,"interaction":{"idSuffix":"BDI-content"}},"wdio_ui5_key":"etmportal.ui.managerequests.view.Detailsap.m.Button{\"text\":\"Close\"}"}]}
RESULT: undefined
COMMAND: POST /session/7ceb9c4207408afb27fb3a73a7391b04/element - {"using":"xpath","value":"//*[@id=\"__button49\"]"}
RESULT: {}
RESULT: {"using":"xpath","value":"//*[@id=\"__button49\"]"}
COMMAND: POST /session/7ceb9c4207408afb27fb3a73a7391b04/element/f.0A3556A37C534166386D2A4E113E99D8.d.A01A8C1FE96C626B362A897EBDEDA319.e.12101/click - {}
RESULT: {}
COMMAND: GET /session/7ceb9c4207408afb27fb3a73a7391b04/screenshot - {}
RESULT: {}
COMMAND: POST /session/7ceb9c4207408afb27fb3a73a7391b04/refresh - {}
RESULT: {}
COMMAND: GET /session/7ceb9c4207408afb27fb3a73a7391b04/screenshot - {}
RESULT: {}
COMMAND: POST /session/7ceb9c4207408afb27fb3a73a7391b04/execute/async - {"script":"<script> [189 bytes]","args":[]}
RESULT: {"script":"<script> [189 bytes]","args":[]}
COMMAND: POST /session/7ceb9c4207408afb27fb3a73a7391b04/execute/async - {"script":"<script> [123 bytes]","args":[]}
RESULT: {"script":"<script> [123 bytes]","args":[]}
COMMAND: POST /session/7ceb9c4207408afb27fb3a73a7391b04/timeouts - {"script":"<number>"}
RESULT: {"script":"<number>"}
COMMAND: GET /session/7ceb9c4207408afb27fb3a73a7391b04/timeouts - {}
RESULT: {}
RESULT: undefined
COMMAND: POST /session/7ceb9c4207408afb27fb3a73a7391b04/execute/async - {"script":"<script> [2676 bytes]","args":[]}
RESULT: {"script":"<script> [2676 bytes]","args":[]}
COMMAND: POST /session/7ceb9c4207408afb27fb3a73a7391b04/execute/async - {"script":"<script> [2342 bytes]","args":[{"protocol":"http","hostname":"0.0.0.0","path":"/","capabilities":{"browserName":"chrome","goog:chromeOptions":{"binary":"C:\\Program Files\\Google\\Chrome\\Application\\chrome.exe","args":["--start-maximized"]}},"logLevel":"warn","connectionRetryTimeout":120000,"connectionRetryCount":3,"logLevels":{},"enableDirectConnect":true,"strictSSL":true,"_":"65 more keys: [\"cacheDir\",\"port\",\"requestedCapabilities\",\"automationProtocol\",\"baseUrl\",\"waitforInterval\",\"waitforTimeout\",\"onReload\",\"beforeCommand\",\"afterCommand\",\"rootDir\",\"specs\",\"suites\",\"exclude\",\"groupLogsByTestSpec\",\"excludeDriverLogs\",\"bail\",\"framework\",\"reporters\",\"services\",\"maxInstances\",\"maxInstancesPerCapability\",\"injectGlobals\",\"filesToWatch\",\"execArgv\",\"runnerEnv\",\"runner\",\"shard\",\"specFileRetries\",\"specFileRetriesDelay\",\"specFileRetriesDeferred\",\"reporterSyncInterval\",\"reporterSyncTimeout\",\"cucumberFeaturesWithLineNumbers\",\"autoCompileOpts\",\"mochaOpts\",\"jasmineOpts\",\"cucumberOpts\",\"onPrepare\",\"onWorkerStart\",\"onWorkerEnd\",\"before\",\"beforeSession\",\"beforeSuite\",\"beforeHook\",\"beforeTest\",\"afterTest\",\"afterHook\",\"afterSuite\",\"afterSession\",\"after\",\"onComplete\",\"beforeAssertion\",\"afterAssertion\",\"beforeFeature\",\"beforeScenario\",\"beforeStep\",\"afterStep\",\"afterScenario\",\"afterFeature\",\"_\",\"suite\",\"$0\",\"ignoredWorkerServices\",\"wdi5\"]"}]}
RESULT: {"script":"<script> [2342 bytes]","args":[{"protocol":"http","hostname":"0.0.0.0","path":"/","capabilities":{"browserName":"chrome","goog:chromeOptions":{"binary":"C:\\Program Files\\Google\\Chrome\\Application\\chrome.exe","args":["--start-maximized"]}},"logLevel":"warn","connectionRetryTimeout":120000,"connectionRetryCount":3,"logLevels":{},"enableDirectConnect":true,"strictSSL":true,"_":"65 more keys: [\"cacheDir\",\"port\",\"requestedCapabilities\",\"automationProtocol\",\"baseUrl\",\"waitforInterval\",\"waitforTimeout\",\"onReload\",\"beforeCommand\",\"afterCommand\",\"rootDir\",\"specs\",\"suites\",\"exclude\",\"groupLogsByTestSpec\",\"excludeDriverLogs\",\"bail\",\"framework\",\"reporters\",\"services\",\"maxInstances\",\"maxInstancesPerCapability\",\"injectGlobals\",\"filesToWatch\",\"execArgv\",\"runnerEnv\",\"runner\",\"shard\",\"specFileRetries\",\"specFileRetriesDelay\",\"specFileRetriesDeferred\",\"reporterSyncInterval\",\"reporterSyncTimeout\",\"cucumberFeaturesWithLineNumbers\",\"autoCompileOpts\",\"mochaOpts\",\"jasmineOpts\",\"cucumberOpts\",\"onPrepare\",\"onWorkerStart\",\"onWorkerEnd\",\"before\",\"beforeSession\",\"beforeSuite\",\"beforeHook\",\"beforeTest\",\"afterTest\",\"afterHook\",\"afterSuite\",\"afterSession\",\"after\",\"onComplete\",\"beforeAssertion\",\"afterAssertion\",\"beforeFeature\",\"beforeScenario\",\"beforeStep\",\"afterStep\",\"afterScenario\",\"afterFeature\",\"_\",\"suite\",\"$0\",\"ignoredWorkerServices\",\"wdi5\"]"}]}
COMMAND: POST /session/7ceb9c4207408afb27fb3a73a7391b04/execute/async - {"script":"<script> [21126 bytes]","args":[35000]}
RESULT: {"script":"<script> [21126 bytes]","args":[35000]}
]]></system-out>
    </testcase>
    <testcase classname="chrome.136_0_7103_93.windows.Process_request_items_into_an_existing_quotation_US120163" name="Should process the request into an existing quotation" time="86.208">
      <system-out><![CDATA[
COMMAND: GET /session/7ceb9c4207408afb27fb3a73a7391b04/window - {}
RESULT: {}
COMMAND: POST /session/7ceb9c4207408afb27fb3a73a7391b04/element - {"using":"xpath","value":"//span[contains(@id ,\"detailHeaderTitle-_actionsToolbar-overflowButton-img\")]"}
RESULT: {"using":"xpath","value":"//span[contains(@id ,\"detailHeaderTitle-_actionsToolbar-overflowButton-img\")]"}
COMMAND: POST /session/7ceb9c4207408afb27fb3a73a7391b04/element/f.0A3556A37C534166386D2A4E113E99D8.d.91816D365078817BDC008D36A54C3673.e.12320/click - {}
RESULT: {}
COMMAND: GET /session/7ceb9c4207408afb27fb3a73a7391b04/screenshot - {}
RESULT: {}
COMMAND: POST /session/7ceb9c4207408afb27fb3a73a7391b04/element - {"using":"xpath","value":"//span[contains(@id ,\"actionsMenuButton-internalSplitBtn-arrowButton-img\")]"}
RESULT: {"using":"xpath","value":"//span[contains(@id ,\"actionsMenuButton-internalSplitBtn-arrowButton-img\")]"}
COMMAND: POST /session/7ceb9c4207408afb27fb3a73a7391b04/element/f.0A3556A37C534166386D2A4E113E99D8.d.91816D365078817BDC008D36A54C3673.e.12324/click - {}
RESULT: {}
COMMAND: GET /session/7ceb9c4207408afb27fb3a73a7391b04/screenshot - {}
RESULT: {}
COMMAND: POST /session/7ceb9c4207408afb27fb3a73a7391b04/actions - {"actions":[{"id":"action90","type":"key","parameters":{},"actions":[{"type":"keyDown","value":""},{"type":"pause","duration":10},{"type":"keyUp","value":""}]}]}
RESULT: {"actions":[{"id":"action90","type":"key","parameters":{},"actions":[{"type":"keyDown","value":""},{"type":"pause","duration":10},{"type":"keyUp","value":""}]}]}
COMMAND: GET /session/7ceb9c4207408afb27fb3a73a7391b04/screenshot - {}
RESULT: {}
COMMAND: POST /session/7ceb9c4207408afb27fb3a73a7391b04/actions - {"actions":[{"id":"action91","type":"key","parameters":{},"actions":[{"type":"keyDown","value":""},{"type":"pause","duration":10},{"type":"keyUp","value":""}]}]}
RESULT: {"actions":[{"id":"action91","type":"key","parameters":{},"actions":[{"type":"keyDown","value":""},{"type":"pause","duration":10},{"type":"keyUp","value":""}]}]}
COMMAND: GET /session/7ceb9c4207408afb27fb3a73a7391b04/screenshot - {}
RESULT: {}
COMMAND: POST /session/7ceb9c4207408afb27fb3a73a7391b04/actions - {"actions":[{"id":"action92","type":"key","parameters":{},"actions":[{"type":"keyDown","value":""},{"type":"pause","duration":10},{"type":"keyUp","value":""}]}]}
RESULT: {"actions":[{"id":"action92","type":"key","parameters":{},"actions":[{"type":"keyDown","value":""},{"type":"pause","duration":10},{"type":"keyUp","value":""}]}]}
COMMAND: GET /session/7ceb9c4207408afb27fb3a73a7391b04/screenshot - {}
RESULT: {}
COMMAND: POST /session/7ceb9c4207408afb27fb3a73a7391b04/actions - {"actions":[{"id":"action93","type":"key","parameters":{},"actions":[{"type":"keyDown","value":""},{"type":"pause","duration":10},{"type":"keyUp","value":""}]}]}
RESULT: {"actions":[{"id":"action93","type":"key","parameters":{},"actions":[{"type":"keyDown","value":""},{"type":"pause","duration":10},{"type":"keyUp","value":""}]}]}
COMMAND: GET /session/7ceb9c4207408afb27fb3a73a7391b04/screenshot - {}
RESULT: {}
COMMAND: POST /session/7ceb9c4207408afb27fb3a73a7391b04/element - {"using":"xpath","value":"//input[contains(@id ,\"quotationsSearchField-I\")]"}
RESULT: {"using":"xpath","value":"//input[contains(@id ,\"quotationsSearchField-I\")]"}
COMMAND: POST /session/7ceb9c4207408afb27fb3a73a7391b04/element/f.0A3556A37C534166386D2A4E113E99D8.d.91816D365078817BDC008D36A54C3673.e.12327/clear - {}
RESULT: {}
COMMAND: POST /session/7ceb9c4207408afb27fb3a73a7391b04/element/f.0A3556A37C534166386D2A4E113E99D8.d.91816D365078817BDC008D36A54C3673.e.12327/value - {"text":"WdIOQuotationllh68"}
COMMAND: GET /session/7ceb9c4207408afb27fb3a73a7391b04/screenshot - {}
RESULT: {"text":"WdIOQuotationllh68"}
COMMAND: GET /session/7ceb9c4207408afb27fb3a73a7391b04/screenshot - {}
RESULT: {}
RESULT: {}
COMMAND: POST /session/7ceb9c4207408afb27fb3a73a7391b04/actions - {"actions":[{"id":"action94","type":"key","parameters":{},"actions":[{"type":"keyDown","value":""},{"type":"pause","duration":10},{"type":"keyUp","value":""}]}]}
RESULT: {"actions":[{"id":"action94","type":"key","parameters":{},"actions":[{"type":"keyDown","value":""},{"type":"pause","duration":10},{"type":"keyUp","value":""}]}]}
COMMAND: GET /session/7ceb9c4207408afb27fb3a73a7391b04/screenshot - {}
RESULT: {}
COMMAND: POST /session/7ceb9c4207408afb27fb3a73a7391b04/element - {"using":"xpath","value":"//div[contains(@id ,\"selectSingle\")]"}
RESULT: {"using":"xpath","value":"//div[contains(@id ,\"selectSingle\")]"}
COMMAND: POST /session/7ceb9c4207408afb27fb3a73a7391b04/element/f.0A3556A37C534166386D2A4E113E99D8.d.91816D365078817BDC008D36A54C3673.e.12339/click - {}
RESULT: {}
COMMAND: GET /session/7ceb9c4207408afb27fb3a73a7391b04/screenshot - {}
RESULT: {}
COMMAND: POST /session/7ceb9c4207408afb27fb3a73a7391b04/element - {"using":"xpath","value":"//bdi[contains(text() ,\"Selection Done\")]"}
RESULT: {"using":"xpath","value":"//bdi[contains(text() ,\"Selection Done\")]"}
COMMAND: POST /session/7ceb9c4207408afb27fb3a73a7391b04/element/f.0A3556A37C534166386D2A4E113E99D8.d.91816D365078817BDC008D36A54C3673.e.12340/click - {}
RESULT: {}
COMMAND: GET /session/7ceb9c4207408afb27fb3a73a7391b04/screenshot - {}
RESULT: {}
COMMAND: POST /session/7ceb9c4207408afb27fb3a73a7391b04/actions - {"actions":[{"id":"action95","type":"key","parameters":{},"actions":[{"type":"keyDown","value":""},{"type":"pause","duration":10},{"type":"keyUp","value":""}]}]}
RESULT: {"actions":[{"id":"action95","type":"key","parameters":{},"actions":[{"type":"keyDown","value":""},{"type":"pause","duration":10},{"type":"keyUp","value":""}]}]}
COMMAND: GET /session/7ceb9c4207408afb27fb3a73a7391b04/screenshot - {}
RESULT: {}
COMMAND: POST /session/7ceb9c4207408afb27fb3a73a7391b04/actions - {"actions":[{"id":"action96","type":"key","parameters":{},"actions":[{"type":"keyDown","value":""},{"type":"pause","duration":10},{"type":"keyUp","value":""}]}]}
RESULT: {"actions":[{"id":"action96","type":"key","parameters":{},"actions":[{"type":"keyDown","value":""},{"type":"pause","duration":10},{"type":"keyUp","value":""}]}]}
COMMAND: GET /session/7ceb9c4207408afb27fb3a73a7391b04/screenshot - {}
RESULT: {}
COMMAND: GET /session/7ceb9c4207408afb27fb3a73a7391b04/window/handles - {}
RESULT: {}
COMMAND: GET /session/7ceb9c4207408afb27fb3a73a7391b04/window/handles - {}
RESULT: {}
COMMAND: POST /session/7ceb9c4207408afb27fb3a73a7391b04/window - {"handle":"1E5272E7910AA304AEFE4831878F84FD"}
RESULT: {"handle":"1E5272E7910AA304AEFE4831878F84FD"}
COMMAND: GET /session/7ceb9c4207408afb27fb3a73a7391b04/url - {}
RESULT: {}
COMMAND: GET /session/7ceb9c4207408afb27fb3a73a7391b04/screenshot - {}
RESULT: {}
COMMAND: POST /session/7ceb9c4207408afb27fb3a73a7391b04/element - {"using":"xpath","value":"//span[contains(text(), \"Header Billing Items\")]"}
RESULT: {"using":"xpath","value":"//span[contains(text(), \"Header Billing Items\")]"}
COMMAND: POST /session/7ceb9c4207408afb27fb3a73a7391b04/element/f.1E5272E7910AA304AEFE4831878F84FD.d.23E488C2552688C85FD4EFCA5027B5F7.e.12511/click - {}
RESULT: {}
COMMAND: GET /session/7ceb9c4207408afb27fb3a73a7391b04/screenshot - {}
RESULT: {}
COMMAND: POST /session/7ceb9c4207408afb27fb3a73a7391b04/element - {"using":"xpath","value":"//span[contains(@id ,\"contractItemsSmartTable-header-inner\")]"}
RESULT: {"using":"xpath","value":"//span[contains(@id ,\"contractItemsSmartTable-header-inner\")]"}
COMMAND: GET /session/7ceb9c4207408afb27fb3a73a7391b04/element/f.1E5272E7910AA304AEFE4831878F84FD.d.23E488C2552688C85FD4EFCA5027B5F7.e.12513/text - {}
RESULT: {}
COMMAND: POST /session/7ceb9c4207408afb27fb3a73a7391b04/element - {"using":"xpath","value":"//span[@class=\"sapMObjStatusText\"][contains(text(), \"proposed\")]"}
RESULT: {"using":"xpath","value":"//span[@class=\"sapMObjStatusText\"][contains(text(), \"proposed\")]"}
COMMAND: GET /session/7ceb9c4207408afb27fb3a73a7391b04/element/f.1E5272E7910AA304AEFE4831878F84FD.d.23E488C2552688C85FD4EFCA5027B5F7.e.12514/text - {}
RESULT: {}
COMMAND: DELETE /session/7ceb9c4207408afb27fb3a73a7391b04/window - {}
RESULT: {}
COMMAND: POST /session/7ceb9c4207408afb27fb3a73a7391b04/window - {"handle":"0A3556A37C534166386D2A4E113E99D8"}
RESULT: {"handle":"0A3556A37C534166386D2A4E113E99D8"}
COMMAND: GET /session/7ceb9c4207408afb27fb3a73a7391b04/url - {}
RESULT: {}
COMMAND: GET /session/7ceb9c4207408afb27fb3a73a7391b04/screenshot - {}
RESULT: {}
]]></system-out>
    </testcase>
    <testcase classname="chrome.136_0_7103_93.windows.Process_request_items_into_an_existing_quotation_US120163" name="Should navigate back to the request and check the request and item statuses" time="40.729">
      <system-out><![CDATA[
COMMAND: POST /session/7ceb9c4207408afb27fb3a73a7391b04/refresh - {}
RESULT: {}
COMMAND: GET /session/7ceb9c4207408afb27fb3a73a7391b04/screenshot - {}
RESULT: {}
COMMAND: POST /session/7ceb9c4207408afb27fb3a73a7391b04/execute/async - {"script":"<script> [189 bytes]","args":[]}
RESULT: {"script":"<script> [189 bytes]","args":[]}
COMMAND: POST /session/7ceb9c4207408afb27fb3a73a7391b04/execute/async - {"script":"<script> [123 bytes]","args":[]}
RESULT: {"script":"<script> [123 bytes]","args":[]}
COMMAND: POST /session/7ceb9c4207408afb27fb3a73a7391b04/timeouts - {"script":"<number>"}
RESULT: {"script":"<number>"}
COMMAND: GET /session/7ceb9c4207408afb27fb3a73a7391b04/timeouts - {}
RESULT: {}
RESULT: undefined
COMMAND: POST /session/7ceb9c4207408afb27fb3a73a7391b04/execute/async - {"script":"<script> [2676 bytes]","args":[]}
RESULT: {"script":"<script> [2676 bytes]","args":[]}
COMMAND: POST /session/7ceb9c4207408afb27fb3a73a7391b04/execute/async - {"script":"<script> [2342 bytes]","args":[{"protocol":"http","hostname":"0.0.0.0","path":"/","capabilities":{"browserName":"chrome","goog:chromeOptions":{"binary":"C:\\Program Files\\Google\\Chrome\\Application\\chrome.exe","args":["--start-maximized"]}},"logLevel":"warn","connectionRetryTimeout":120000,"connectionRetryCount":3,"logLevels":{},"enableDirectConnect":true,"strictSSL":true,"_":"65 more keys: [\"cacheDir\",\"port\",\"requestedCapabilities\",\"automationProtocol\",\"baseUrl\",\"waitforInterval\",\"waitforTimeout\",\"onReload\",\"beforeCommand\",\"afterCommand\",\"rootDir\",\"specs\",\"suites\",\"exclude\",\"groupLogsByTestSpec\",\"excludeDriverLogs\",\"bail\",\"framework\",\"reporters\",\"services\",\"maxInstances\",\"maxInstancesPerCapability\",\"injectGlobals\",\"filesToWatch\",\"execArgv\",\"runnerEnv\",\"runner\",\"shard\",\"specFileRetries\",\"specFileRetriesDelay\",\"specFileRetriesDeferred\",\"reporterSyncInterval\",\"reporterSyncTimeout\",\"cucumberFeaturesWithLineNumbers\",\"autoCompileOpts\",\"mochaOpts\",\"jasmineOpts\",\"cucumberOpts\",\"onPrepare\",\"onWorkerStart\",\"onWorkerEnd\",\"before\",\"beforeSession\",\"beforeSuite\",\"beforeHook\",\"beforeTest\",\"afterTest\",\"afterHook\",\"afterSuite\",\"afterSession\",\"after\",\"onComplete\",\"beforeAssertion\",\"afterAssertion\",\"beforeFeature\",\"beforeScenario\",\"beforeStep\",\"afterStep\",\"afterScenario\",\"afterFeature\",\"_\",\"suite\",\"$0\",\"ignoredWorkerServices\",\"wdi5\"]"}]}
RESULT: {"script":"<script> [2342 bytes]","args":[{"protocol":"http","hostname":"0.0.0.0","path":"/","capabilities":{"browserName":"chrome","goog:chromeOptions":{"binary":"C:\\Program Files\\Google\\Chrome\\Application\\chrome.exe","args":["--start-maximized"]}},"logLevel":"warn","connectionRetryTimeout":120000,"connectionRetryCount":3,"logLevels":{},"enableDirectConnect":true,"strictSSL":true,"_":"65 more keys: [\"cacheDir\",\"port\",\"requestedCapabilities\",\"automationProtocol\",\"baseUrl\",\"waitforInterval\",\"waitforTimeout\",\"onReload\",\"beforeCommand\",\"afterCommand\",\"rootDir\",\"specs\",\"suites\",\"exclude\",\"groupLogsByTestSpec\",\"excludeDriverLogs\",\"bail\",\"framework\",\"reporters\",\"services\",\"maxInstances\",\"maxInstancesPerCapability\",\"injectGlobals\",\"filesToWatch\",\"execArgv\",\"runnerEnv\",\"runner\",\"shard\",\"specFileRetries\",\"specFileRetriesDelay\",\"specFileRetriesDeferred\",\"reporterSyncInterval\",\"reporterSyncTimeout\",\"cucumberFeaturesWithLineNumbers\",\"autoCompileOpts\",\"mochaOpts\",\"jasmineOpts\",\"cucumberOpts\",\"onPrepare\",\"onWorkerStart\",\"onWorkerEnd\",\"before\",\"beforeSession\",\"beforeSuite\",\"beforeHook\",\"beforeTest\",\"afterTest\",\"afterHook\",\"afterSuite\",\"afterSession\",\"after\",\"onComplete\",\"beforeAssertion\",\"afterAssertion\",\"beforeFeature\",\"beforeScenario\",\"beforeStep\",\"afterStep\",\"afterScenario\",\"afterFeature\",\"_\",\"suite\",\"$0\",\"ignoredWorkerServices\",\"wdi5\"]"}]}
COMMAND: POST /session/7ceb9c4207408afb27fb3a73a7391b04/execute/async - {"script":"<script> [21126 bytes]","args":[35000]}
RESULT: {"script":"<script> [21126 bytes]","args":[35000]}
COMMAND: POST /session/7ceb9c4207408afb27fb3a73a7391b04/execute/async - {"script":"<script> [1562 bytes]","args":[{"selector":{"controlType":"sap.m.Text","viewName":"etm.portal.ui.managerequests.view.Detail","bindingPath":{"path":"/SmartRequestItemsPlanningBoard(ITEM=10m,REQUEST='20118')","propertyPath":"STATUS_DESC"}},"wdio_ui5_key":"etmportal.ui.managerequests.view.Detailsap.m.Text{\"path\":\"/SmartRequestItemsPlanningBoard(ITEM=10m,REQUEST='20118')\",\"propertyPath\":\"STATUS_DESC\"}"}]}
RESULT: {"script":"<script> [1562 bytes]","args":[{"selector":{"controlType":"sap.m.Text","viewName":"etm.portal.ui.managerequests.view.Detail","bindingPath":{"path":"/SmartRequestItemsPlanningBoard(ITEM=10m,REQUEST='20118')","propertyPath":"STATUS_DESC"}},"wdio_ui5_key":"etmportal.ui.managerequests.view.Detailsap.m.Text{\"path\":\"/SmartRequestItemsPlanningBoard(ITEM=10m,REQUEST='20118')\",\"propertyPath\":\"STATUS_DESC\"}"}]}
RESULT: undefined
COMMAND: POST /session/7ceb9c4207408afb27fb3a73a7391b04/execute/async - {"script":"<script> [6424 bytes]","args":[{"element-6066-11e4-a52e-4f735466cecf":"f.0A3556A37C534166386D2A4E113E99D8.d.13ECA76FA0ECD15950992C1F254CBA4D.e.12728"},"getText",[]]}
RESULT: {"script":"<script> [6424 bytes]","args":[{"element-6066-11e4-a52e-4f735466cecf":"f.0A3556A37C534166386D2A4E113E99D8.d.13ECA76FA0ECD15950992C1F254CBA4D.e.12728"},"getText",[]]}
COMMAND: POST /session/7ceb9c4207408afb27fb3a73a7391b04/execute/async - {"script":"<script> [1562 bytes]","args":[{"selector":{"controlType":"sap.m.ObjectStatus","viewName":"etm.portal.ui.managerequests.view.Detail","bindingPath":{"path":"/RequestHeaders('20118')","propertyPath":"LINK_TO_STATUS/DESCRIPTION","modelName":"catalogModel"}},"wdio_ui5_key":"etmportal.ui.managerequests.view.Detailsap.m.ObjectStatus{\"path\":\"/RequestHeaders('20118')\",\"propertyPath\":\"LINK_TO_STATUS/DESCRIPTION\",\"modelName\":\"catalogModel\"}"}]}
RESULT: {"script":"<script> [1562 bytes]","args":[{"selector":{"controlType":"sap.m.ObjectStatus","viewName":"etm.portal.ui.managerequests.view.Detail","bindingPath":{"path":"/RequestHeaders('20118')","propertyPath":"LINK_TO_STATUS/DESCRIPTION","modelName":"catalogModel"}},"wdio_ui5_key":"etmportal.ui.managerequests.view.Detailsap.m.ObjectStatus{\"path\":\"/RequestHeaders('20118')\",\"propertyPath\":\"LINK_TO_STATUS/DESCRIPTION\",\"modelName\":\"catalogModel\"}"}]}
RESULT: undefined
COMMAND: POST /session/7ceb9c4207408afb27fb3a73a7391b04/execute/async - {"script":"<script> [6424 bytes]","args":[{"element-6066-11e4-a52e-4f735466cecf":"f.0A3556A37C534166386D2A4E113E99D8.d.13ECA76FA0ECD15950992C1F254CBA4D.e.12729"},"getText",[]]}
RESULT: {"script":"<script> [6424 bytes]","args":[{"element-6066-11e4-a52e-4f735466cecf":"f.0A3556A37C534166386D2A4E113E99D8.d.13ECA76FA0ECD15950992C1F254CBA4D.e.12729"},"getText",[]]}
COMMAND: POST /session/7ceb9c4207408afb27fb3a73a7391b04/element - {"using":"css selector","value":"#shell-header-logo"}
RESULT: {"using":"css selector","value":"#shell-header-logo"}
COMMAND: POST /session/7ceb9c4207408afb27fb3a73a7391b04/element/f.0A3556A37C534166386D2A4E113E99D8.d.13ECA76FA0ECD15950992C1F254CBA4D.e.12522/click - {}
RESULT: {}
COMMAND: GET /session/7ceb9c4207408afb27fb3a73a7391b04/screenshot - {}
COMMAND: POST /session/7ceb9c4207408afb27fb3a73a7391b04/refresh - {}
RESULT: {}
RESULT: {}
COMMAND: GET /session/7ceb9c4207408afb27fb3a73a7391b04/screenshot - {}
RESULT: {}
COMMAND: POST /session/7ceb9c4207408afb27fb3a73a7391b04/execute/async - {"script":"<script> [189 bytes]","args":[]}
RESULT: {"script":"<script> [189 bytes]","args":[]}
COMMAND: POST /session/7ceb9c4207408afb27fb3a73a7391b04/execute/async - {"script":"<script> [123 bytes]","args":[]}
RESULT: {"script":"<script> [123 bytes]","args":[]}
COMMAND: POST /session/7ceb9c4207408afb27fb3a73a7391b04/timeouts - {"script":"<number>"}
RESULT: {"script":"<number>"}
COMMAND: GET /session/7ceb9c4207408afb27fb3a73a7391b04/timeouts - {}
RESULT: {}
RESULT: undefined
COMMAND: POST /session/7ceb9c4207408afb27fb3a73a7391b04/execute/async - {"script":"<script> [2676 bytes]","args":[]}
RESULT: {"script":"<script> [2676 bytes]","args":[]}
COMMAND: POST /session/7ceb9c4207408afb27fb3a73a7391b04/execute/async - {"script":"<script> [2342 bytes]","args":[{"protocol":"http","hostname":"0.0.0.0","path":"/","capabilities":{"browserName":"chrome","goog:chromeOptions":{"binary":"C:\\Program Files\\Google\\Chrome\\Application\\chrome.exe","args":["--start-maximized"]}},"logLevel":"warn","connectionRetryTimeout":120000,"connectionRetryCount":3,"logLevels":{},"enableDirectConnect":true,"strictSSL":true,"_":"65 more keys: [\"cacheDir\",\"port\",\"requestedCapabilities\",\"automationProtocol\",\"baseUrl\",\"waitforInterval\",\"waitforTimeout\",\"onReload\",\"beforeCommand\",\"afterCommand\",\"rootDir\",\"specs\",\"suites\",\"exclude\",\"groupLogsByTestSpec\",\"excludeDriverLogs\",\"bail\",\"framework\",\"reporters\",\"services\",\"maxInstances\",\"maxInstancesPerCapability\",\"injectGlobals\",\"filesToWatch\",\"execArgv\",\"runnerEnv\",\"runner\",\"shard\",\"specFileRetries\",\"specFileRetriesDelay\",\"specFileRetriesDeferred\",\"reporterSyncInterval\",\"reporterSyncTimeout\",\"cucumberFeaturesWithLineNumbers\",\"autoCompileOpts\",\"mochaOpts\",\"jasmineOpts\",\"cucumberOpts\",\"onPrepare\",\"onWorkerStart\",\"onWorkerEnd\",\"before\",\"beforeSession\",\"beforeSuite\",\"beforeHook\",\"beforeTest\",\"afterTest\",\"afterHook\",\"afterSuite\",\"afterSession\",\"after\",\"onComplete\",\"beforeAssertion\",\"afterAssertion\",\"beforeFeature\",\"beforeScenario\",\"beforeStep\",\"afterStep\",\"afterScenario\",\"afterFeature\",\"_\",\"suite\",\"$0\",\"ignoredWorkerServices\",\"wdi5\"]"}]}
RESULT: {"script":"<script> [2342 bytes]","args":[{"protocol":"http","hostname":"0.0.0.0","path":"/","capabilities":{"browserName":"chrome","goog:chromeOptions":{"binary":"C:\\Program Files\\Google\\Chrome\\Application\\chrome.exe","args":["--start-maximized"]}},"logLevel":"warn","connectionRetryTimeout":120000,"connectionRetryCount":3,"logLevels":{},"enableDirectConnect":true,"strictSSL":true,"_":"65 more keys: [\"cacheDir\",\"port\",\"requestedCapabilities\",\"automationProtocol\",\"baseUrl\",\"waitforInterval\",\"waitforTimeout\",\"onReload\",\"beforeCommand\",\"afterCommand\",\"rootDir\",\"specs\",\"suites\",\"exclude\",\"groupLogsByTestSpec\",\"excludeDriverLogs\",\"bail\",\"framework\",\"reporters\",\"services\",\"maxInstances\",\"maxInstancesPerCapability\",\"injectGlobals\",\"filesToWatch\",\"execArgv\",\"runnerEnv\",\"runner\",\"shard\",\"specFileRetries\",\"specFileRetriesDelay\",\"specFileRetriesDeferred\",\"reporterSyncInterval\",\"reporterSyncTimeout\",\"cucumberFeaturesWithLineNumbers\",\"autoCompileOpts\",\"mochaOpts\",\"jasmineOpts\",\"cucumberOpts\",\"onPrepare\",\"onWorkerStart\",\"onWorkerEnd\",\"before\",\"beforeSession\",\"beforeSuite\",\"beforeHook\",\"beforeTest\",\"afterTest\",\"afterHook\",\"afterSuite\",\"afterSession\",\"after\",\"onComplete\",\"beforeAssertion\",\"afterAssertion\",\"beforeFeature\",\"beforeScenario\",\"beforeStep\",\"afterStep\",\"afterScenario\",\"afterFeature\",\"_\",\"suite\",\"$0\",\"ignoredWorkerServices\",\"wdi5\"]"}]}
COMMAND: POST /session/7ceb9c4207408afb27fb3a73a7391b04/execute/async - {"script":"<script> [21126 bytes]","args":[35000]}
RESULT: {"script":"<script> [21126 bytes]","args":[35000]}
]]></system-out>
    </testcase>
  </testsuite>
  <testsuite timestamp="2025-05-26T16:23:07" time="334.178" tests="3" failures="0" errors="0" skipped="0">
    <properties>
      <property name="specId" value="0"/>
      <property name="suiteName" value="Process request items into new quotation US120163"/>
      <property name="capabilities" value="chrome.136_0_7103_93.windows"/>
      <property name="file" value="file:///D:/a/1/s/test/specs/R2C/process-request-items-into-new-quotation.spec.js"/>
    </properties>
    <testcase classname="chrome.136_0_7103_93.windows.Process_request_items_into_new_quotation_US120163" name="Should create a new request with catalog items and plan it" time="198.002">
      <system-out><![CDATA[
COMMAND: POST /session/7ceb9c4207408afb27fb3a73a7391b04/execute/async - {"script":"<script> [1562 bytes]","args":[{"selector":{"controlType":"sap.m.GenericTile","properties":{"header":"Manage Requests"}},"wdio_ui5_key":"sapm.GenericTile{\"header\":\"Manage Requests\"}"}]}
RESULT: {"script":"<script> [1562 bytes]","args":[{"selector":{"controlType":"sap.m.GenericTile","properties":{"header":"Manage Requests"}},"wdio_ui5_key":"sapm.GenericTile{\"header\":\"Manage Requests\"}"}]}
RESULT: undefined
COMMAND: POST /session/7ceb9c4207408afb27fb3a73a7391b04/element - {"using":"xpath","value":"//*[@id=\"__tile47\"]"}
RESULT: {"using":"xpath","value":"//*[@id=\"__tile47\"]"}
COMMAND: POST /session/7ceb9c4207408afb27fb3a73a7391b04/element/f.0A3556A37C534166386D2A4E113E99D8.d.A3C7A7DD1E78175E826E197969453BC0.e.12758/click - {}
RESULT: {}
COMMAND: GET /session/7ceb9c4207408afb27fb3a73a7391b04/screenshot - {}
RESULT: {}
COMMAND: POST /session/7ceb9c4207408afb27fb3a73a7391b04/elements - {"using":"xpath","value":"//span[text()='Error']"}
RESULT: {"using":"xpath","value":"//span[text()='Error']"}
COMMAND: POST /session/7ceb9c4207408afb27fb3a73a7391b04/element - {"using":"xpath","value":"//button[contains(@data-kt ,\"btnCreateNewOverflowToolbarButton\")]"}
COMMAND: POST /session/7ceb9c4207408afb27fb3a73a7391b04/element - {"using":"xpath","value":"(//span[contains(@class ,\"sapMObjStatusText\")])[1]"}
RESULT: {"using":"xpath","value":"//button[contains(@data-kt ,\"btnCreateNewOverflowToolbarButton\")]"}
COMMAND: POST /session/7ceb9c4207408afb27fb3a73a7391b04/element/f.0A3556A37C534166386D2A4E113E99D8.d.A3C7A7DD1E78175E826E197969453BC0.e.12817/click - {}
RESULT: {"using":"xpath","value":"(//span[contains(@class ,\"sapMObjStatusText\")])[1]"}
COMMAND: POST /session/7ceb9c4207408afb27fb3a73a7391b04/execute/sync - {"script":"<script> [8489 bytes]","args":[{"element-6066-11e4-a52e-4f735466cecf":"f.0A3556A37C534166386D2A4E113E99D8.d.A3C7A7DD1E78175E826E197969453BC0.e.12853","ELEMENT":"f.0A3556A37C534166386D2A4E113E99D8.d.A3C7A7DD1E78175E826E197969453BC0.e.12853"}]}
RESULT: {"script":"<script> [8489 bytes]","args":[{"element-6066-11e4-a52e-4f735466cecf":"f.0A3556A37C534166386D2A4E113E99D8.d.A3C7A7DD1E78175E826E197969453BC0.e.12853","ELEMENT":"f.0A3556A37C534166386D2A4E113E99D8.d.A3C7A7DD1E78175E826E197969453BC0.e.12853"}]}
COMMAND: GET /session/7ceb9c4207408afb27fb3a73a7391b04/screenshot - {}
RESULT: {}
COMMAND: GET /session/7ceb9c4207408afb27fb3a73a7391b04/screenshot - {}
RESULT: {}
RESULT: {}
COMMAND: POST /session/7ceb9c4207408afb27fb3a73a7391b04/element - {"using":"xpath","value":"//input[contains(@id ,\"yardId-inner\")]"}
RESULT: {"using":"xpath","value":"//input[contains(@id ,\"yardId-inner\")]"}
COMMAND: POST /session/7ceb9c4207408afb27fb3a73a7391b04/execute/sync - {"script":"<script> [8489 bytes]","args":[{"element-6066-11e4-a52e-4f735466cecf":"f.0A3556A37C534166386D2A4E113E99D8.d.A3C7A7DD1E78175E826E197969453BC0.e.12955","ELEMENT":"f.0A3556A37C534166386D2A4E113E99D8.d.A3C7A7DD1E78175E826E197969453BC0.e.12955"}]}
RESULT: {"script":"<script> [8489 bytes]","args":[{"element-6066-11e4-a52e-4f735466cecf":"f.0A3556A37C534166386D2A4E113E99D8.d.A3C7A7DD1E78175E826E197969453BC0.e.12955","ELEMENT":"f.0A3556A37C534166386D2A4E113E99D8.d.A3C7A7DD1E78175E826E197969453BC0.e.12955"}]}
COMMAND: POST /session/7ceb9c4207408afb27fb3a73a7391b04/element - {"using":"xpath","value":"//input[contains(@id ,\"yardId-inner\")]"}
RESULT: {"using":"xpath","value":"//input[contains(@id ,\"yardId-inner\")]"}
COMMAND: GET /session/7ceb9c4207408afb27fb3a73a7391b04/element/f.0A3556A37C534166386D2A4E113E99D8.d.A3C7A7DD1E78175E826E197969453BC0.e.12955/enabled - {}
COMMAND: GET /session/7ceb9c4207408afb27fb3a73a7391b04/screenshot - {}
RESULT: {}
COMMAND: POST /session/7ceb9c4207408afb27fb3a73a7391b04/element/f.0A3556A37C534166386D2A4E113E99D8.d.A3C7A7DD1E78175E826E197969453BC0.e.12955/clear - {}
COMMAND: GET /session/7ceb9c4207408afb27fb3a73a7391b04/screenshot - {}
RESULT: {}
RESULT: {}
COMMAND: POST /session/7ceb9c4207408afb27fb3a73a7391b04/element/f.0A3556A37C534166386D2A4E113E99D8.d.A3C7A7DD1E78175E826E197969453BC0.e.12955/value - {"text":"WebdriverYard2bocbg"}
COMMAND: GET /session/7ceb9c4207408afb27fb3a73a7391b04/screenshot - {}
RESULT: {}
RESULT: {"text":"WebdriverYard2bocbg"}
COMMAND: GET /session/7ceb9c4207408afb27fb3a73a7391b04/screenshot - {}
RESULT: {}
RESULT: {}
COMMAND: POST /session/7ceb9c4207408afb27fb3a73a7391b04/element - {"using":"xpath","value":"//input[contains(@id ,\"customerNumber-inner\")]"}
RESULT: {"using":"xpath","value":"//input[contains(@id ,\"customerNumber-inner\")]"}
COMMAND: POST /session/7ceb9c4207408afb27fb3a73a7391b04/element/f.0A3556A37C534166386D2A4E113E99D8.d.A3C7A7DD1E78175E826E197969453BC0.e.12949/value - {"text":"WebdriverPartnerpmdjl"}
COMMAND: POST /session/7ceb9c4207408afb27fb3a73a7391b04/actions - {"actions":[{"id":"action97","type":"key","parameters":{},"actions":[{"type":"keyDown","value":""},{"type":"pause","duration":10},{"type":"keyUp","value":""}]}]}
RESULT: {"actions":[{"id":"action97","type":"key","parameters":{},"actions":[{"type":"keyDown","value":""},{"type":"pause","duration":10},{"type":"keyUp","value":""}]}]}
COMMAND: GET /session/7ceb9c4207408afb27fb3a73a7391b04/screenshot - {}
RESULT: {"text":"WebdriverPartnerpmdjl"}
COMMAND: GET /session/7ceb9c4207408afb27fb3a73a7391b04/screenshot - {}
RESULT: {}
RESULT: {}
COMMAND: POST /session/7ceb9c4207408afb27fb3a73a7391b04/element/f.0A3556A37C534166386D2A4E113E99D8.d.A3C7A7DD1E78175E826E197969453BC0.e.12955/clear - {}
RESULT: {}
COMMAND: POST /session/7ceb9c4207408afb27fb3a73a7391b04/element/f.0A3556A37C534166386D2A4E113E99D8.d.A3C7A7DD1E78175E826E197969453BC0.e.12955/clear - {}
COMMAND: GET /session/7ceb9c4207408afb27fb3a73a7391b04/screenshot - {}
RESULT: {}
COMMAND: POST /session/7ceb9c4207408afb27fb3a73a7391b04/element/f.0A3556A37C534166386D2A4E113E99D8.d.A3C7A7DD1E78175E826E197969453BC0.e.12955/value - {"text":"WebdriverYard2bocbg"}
COMMAND: GET /session/7ceb9c4207408afb27fb3a73a7391b04/screenshot - {}
RESULT: {}
RESULT: {"text":"WebdriverYard2bocbg"}
COMMAND: GET /session/7ceb9c4207408afb27fb3a73a7391b04/screenshot - {}
RESULT: {}
RESULT: {}
COMMAND: POST /session/7ceb9c4207408afb27fb3a73a7391b04/actions - {"actions":[{"id":"action98","type":"key","parameters":{},"actions":[{"type":"keyDown","value":""},{"type":"pause","duration":10},{"type":"keyUp","value":""}]}]}
RESULT: {"actions":[{"id":"action98","type":"key","parameters":{},"actions":[{"type":"keyDown","value":""},{"type":"pause","duration":10},{"type":"keyUp","value":""}]}]}
COMMAND: GET /session/7ceb9c4207408afb27fb3a73a7391b04/screenshot - {}
RESULT: {}
COMMAND: POST /session/7ceb9c4207408afb27fb3a73a7391b04/actions - {"actions":[{"id":"action99","type":"key","parameters":{},"actions":[{"type":"keyDown","value":""},{"type":"pause","duration":10},{"type":"keyUp","value":""}]}]}
RESULT: {"actions":[{"id":"action99","type":"key","parameters":{},"actions":[{"type":"keyDown","value":""},{"type":"pause","duration":10},{"type":"keyUp","value":""}]}]}
COMMAND: GET /session/7ceb9c4207408afb27fb3a73a7391b04/screenshot - {}
RESULT: {}
COMMAND: GET /session/7ceb9c4207408afb27fb3a73a7391b04/element/f.0A3556A37C534166386D2A4E113E99D8.d.A3C7A7DD1E78175E826E197969453BC0.e.12949/property/value - {}
RESULT: {}
COMMAND: POST /session/7ceb9c4207408afb27fb3a73a7391b04/element - {"using":"xpath","value":"//input[contains(@id ,\"requestSiteId-inner\")]"}
COMMAND: GET /session/7ceb9c4207408afb27fb3a73a7391b04/screenshot - {}
RESULT: {"using":"xpath","value":"//input[contains(@id ,\"requestSiteId-inner\")]"}
COMMAND: POST /session/7ceb9c4207408afb27fb3a73a7391b04/element/f.0A3556A37C534166386D2A4E113E99D8.d.A3C7A7DD1E78175E826E197969453BC0.e.12948/value - {"text":"WebdriverSitebbrdn"}
RESULT: {}
RESULT: {"text":"WebdriverSitebbrdn"}
COMMAND: GET /session/7ceb9c4207408afb27fb3a73a7391b04/screenshot - {}
RESULT: {}
COMMAND: POST /session/7ceb9c4207408afb27fb3a73a7391b04/actions - {"actions":[{"id":"action100","type":"key","parameters":{},"actions":[{"type":"keyDown","value":""},{"type":"pause","duration":10},{"type":"keyUp","value":""}]}]}
RESULT: {"actions":[{"id":"action100","type":"key","parameters":{},"actions":[{"type":"keyDown","value":""},{"type":"pause","duration":10},{"type":"keyUp","value":""}]}]}
COMMAND: GET /session/7ceb9c4207408afb27fb3a73a7391b04/screenshot - {}
RESULT: {}
COMMAND: POST /session/7ceb9c4207408afb27fb3a73a7391b04/element - {"using":"xpath","value":"//button[contains(@data-kt ,\"requestItemAddOverflowToolbarButton\")]"}
RESULT: {"using":"xpath","value":"//button[contains(@data-kt ,\"requestItemAddOverflowToolbarButton\")]"}
COMMAND: POST /session/7ceb9c4207408afb27fb3a73a7391b04/element/f.0A3556A37C534166386D2A4E113E99D8.d.A3C7A7DD1E78175E826E197969453BC0.e.13102/click - {}
RESULT: {}
COMMAND: GET /session/7ceb9c4207408afb27fb3a73a7391b04/screenshot - {}
RESULT: {}
COMMAND: POST /session/7ceb9c4207408afb27fb3a73a7391b04/actions - {"actions":[{"id":"action101","type":"key","parameters":{},"actions":[{"type":"keyDown","value":""},{"type":"pause","duration":10},{"type":"keyUp","value":""}]}]}
RESULT: {"actions":[{"id":"action101","type":"key","parameters":{},"actions":[{"type":"keyDown","value":""},{"type":"pause","duration":10},{"type":"keyUp","value":""}]}]}
COMMAND: POST /session/7ceb9c4207408afb27fb3a73a7391b04/actions - {"actions":[{"id":"action102","type":"key","parameters":{},"actions":[{"type":"keyDown","value":""},{"type":"pause","duration":10},{"type":"keyUp","value":""}]}]}
COMMAND: GET /session/7ceb9c4207408afb27fb3a73a7391b04/screenshot - {}
RESULT: {"actions":[{"id":"action102","type":"key","parameters":{},"actions":[{"type":"keyDown","value":""},{"type":"pause","duration":10},{"type":"keyUp","value":""}]}]}
COMMAND: GET /session/7ceb9c4207408afb27fb3a73a7391b04/screenshot - {}
RESULT: {}
RESULT: {}
COMMAND: POST /session/7ceb9c4207408afb27fb3a73a7391b04/element - {"using":"xpath","value":"(//input[contains(@id ,\"requestItemsTable-0-inner\")])[1]"}
RESULT: {"using":"xpath","value":"(//input[contains(@id ,\"requestItemsTable-0-inner\")])[1]"}
COMMAND: POST /session/7ceb9c4207408afb27fb3a73a7391b04/element/f.0A3556A37C534166386D2A4E113E99D8.d.A3C7A7DD1E78175E826E197969453BC0.e.13106/clear - {}
RESULT: {}
COMMAND: POST /session/7ceb9c4207408afb27fb3a73a7391b04/element/f.0A3556A37C534166386D2A4E113E99D8.d.A3C7A7DD1E78175E826E197969453BC0.e.13106/value - {"text":"catalogItemr9iev"}
COMMAND: GET /session/7ceb9c4207408afb27fb3a73a7391b04/screenshot - {}
RESULT: {"text":"catalogItemr9iev"}
COMMAND: GET /session/7ceb9c4207408afb27fb3a73a7391b04/screenshot - {}
RESULT: {}
RESULT: {}
COMMAND: POST /session/7ceb9c4207408afb27fb3a73a7391b04/actions - {"actions":[{"id":"action103","type":"key","parameters":{},"actions":[{"type":"keyDown","value":""},{"type":"pause","duration":10},{"type":"keyUp","value":""}]}]}
RESULT: {"actions":[{"id":"action103","type":"key","parameters":{},"actions":[{"type":"keyDown","value":""},{"type":"pause","duration":10},{"type":"keyUp","value":""}]}]}
COMMAND: GET /session/7ceb9c4207408afb27fb3a73a7391b04/screenshot - {}
RESULT: {}
COMMAND: POST /session/7ceb9c4207408afb27fb3a73a7391b04/execute/async - {"script":"<script> [1562 bytes]","args":[{"selector":{"controlType":"sap.ui.core.Icon","viewName":"etm.portal.ui.managerequests.view.NewRequest","properties":{"src":{"regex":{"source":"slim\\-arrow\\-down"}}},"ancestor":{"controlType":"sap.m.Button","viewName":"etm.portal.ui.managerequests.view.NewRequest","properties":{"icon":"sap-icon://slim-arrow-down"}}},"wdio_ui5_key":"etmportal.ui.managerequests.view.NewRequestsap.ui.core.Icon{\"src\":{\"regex\":{\"source\":\"slim\\\\-arrow\\\\-down\"}}}{\"controlType\":\"sap.m.Button\",\"viewName\":\"etm.portal.ui.managerequests.view.NewRequest\",\"properties\":{\"icon\":\"sap-icon://slim-arrow-down\"}}"}]}
RESULT: {"script":"<script> [1562 bytes]","args":[{"selector":{"controlType":"sap.ui.core.Icon","viewName":"etm.portal.ui.managerequests.view.NewRequest","properties":{"src":{"regex":{"source":"slim\\-arrow\\-down"}}},"ancestor":{"controlType":"sap.m.Button","viewName":"etm.portal.ui.managerequests.view.NewRequest","properties":{"icon":"sap-icon://slim-arrow-down"}}},"wdio_ui5_key":"etmportal.ui.managerequests.view.NewRequestsap.ui.core.Icon{\"src\":{\"regex\":{\"source\":\"slim\\\\-arrow\\\\-down\"}}}{\"controlType\":\"sap.m.Button\",\"viewName\":\"etm.portal.ui.managerequests.view.NewRequest\",\"properties\":{\"icon\":\"sap-icon://slim-arrow-down\"}}"}]}
RESULT: undefined
COMMAND: POST /session/7ceb9c4207408afb27fb3a73a7391b04/element - {"using":"xpath","value":"//div[contains(@data-kt ,\"splitAllocationObjectStatus\")]"}
RESULT: {"using":"xpath","value":"//div[contains(@data-kt ,\"splitAllocationObjectStatus\")]"}
COMMAND: POST /session/7ceb9c4207408afb27fb3a73a7391b04/elements - {"using":"xpath","value":"//div[contains(@data-kt ,\"splitAllocationObjectStatus\")]"}
RESULT: {"using":"xpath","value":"//div[contains(@data-kt ,\"splitAllocationObjectStatus\")]"}
COMMAND: POST /session/7ceb9c4207408afb27fb3a73a7391b04/execute/async - {"script":"<script> [1562 bytes]","args":[{"selector":{"controlType":"sap.ui.core.Icon","viewName":"etm.portal.ui.managerequests.view.NewRequest","properties":{"src":{"regex":{"source":"message\\-error"}}}},"wdio_ui5_key":"etmportal.ui.managerequests.view.NewRequestsap.ui.core.Icon{\"src\":{\"regex\":{\"source\":\"message\\\\-error\"}}}"}]}
RESULT: {"script":"<script> [1562 bytes]","args":[{"selector":{"controlType":"sap.ui.core.Icon","viewName":"etm.portal.ui.managerequests.view.NewRequest","properties":{"src":{"regex":{"source":"message\\-error"}}}},"wdio_ui5_key":"etmportal.ui.managerequests.view.NewRequestsap.ui.core.Icon{\"src\":{\"regex\":{\"source\":\"message\\\\-error\"}}}"}]}
RESULT: undefined
COMMAND: POST /session/7ceb9c4207408afb27fb3a73a7391b04/element - {"using":"xpath","value":"//*[@id=\"__status4-__xmlview59--requestItemsTable-0-icon\"]"}
RESULT: {"using":"xpath","value":"//*[@id=\"__status4-__xmlview59--requestItemsTable-0-icon\"]"}
COMMAND: POST /session/7ceb9c4207408afb27fb3a73a7391b04/element/f.0A3556A37C534166386D2A4E113E99D8.d.A3C7A7DD1E78175E826E197969453BC0.e.13122/click - {}
RESULT: {}
COMMAND: POST /session/7ceb9c4207408afb27fb3a73a7391b04/execute/async - {"script":"<script> [1562 bytes]","args":[{"selector":{"controlType":"sap.ui.core.Icon","viewName":"etm.portal.ui.managerequests.view.NewRequest","properties":{"src":{"regex":{"source":"slim\\-arrow\\-down"}}},"searchOpenDialogs":true,"ancestor":{"id":"costObjectAdminTypeComboBox","viewName":"etm.portal.ui.managerequests.view.NewRequest","searchOpenDialogs":true}},"wdio_ui5_key":"etmportal.ui.managerequests.view.NewRequestsap.ui.core.Icon{\"src\":{\"regex\":{\"source\":\"slim\\\\-arrow\\\\-down\"}}}{\"id\":\"costObjectAdminTypeComboBox\",\"viewName\":\"etm.portal.ui.managerequests.view.NewRequest\",\"searchOpenDialogs\":true}"}]}
COMMAND: GET /session/7ceb9c4207408afb27fb3a73a7391b04/screenshot - {}
RESULT: {"script":"<script> [1562 bytes]","args":[{"selector":{"controlType":"sap.ui.core.Icon","viewName":"etm.portal.ui.managerequests.view.NewRequest","properties":{"src":{"regex":{"source":"slim\\-arrow\\-down"}}},"searchOpenDialogs":true,"ancestor":{"id":"costObjectAdminTypeComboBox","viewName":"etm.portal.ui.managerequests.view.NewRequest","searchOpenDialogs":true}},"wdio_ui5_key":"etmportal.ui.managerequests.view.NewRequestsap.ui.core.Icon{\"src\":{\"regex\":{\"source\":\"slim\\\\-arrow\\\\-down\"}}}{\"id\":\"costObjectAdminTypeComboBox\",\"viewName\":\"etm.portal.ui.managerequests.view.NewRequest\",\"searchOpenDialogs\":true}"}]}
RESULT: undefined
COMMAND: POST /session/7ceb9c4207408afb27fb3a73a7391b04/element - {"using":"xpath","value":"//*[@id=\"__xmlview59--costObjectAdminTypeComboBox-arrow\"]"}
RESULT: {}
RESULT: {"using":"xpath","value":"//*[@id=\"__xmlview59--costObjectAdminTypeComboBox-arrow\"]"}
COMMAND: POST /session/7ceb9c4207408afb27fb3a73a7391b04/element/f.0A3556A37C534166386D2A4E113E99D8.d.A3C7A7DD1E78175E826E197969453BC0.e.13127/click - {}
RESULT: {}
COMMAND: POST /session/7ceb9c4207408afb27fb3a73a7391b04/execute/async - {"script":"<script> [1562 bytes]","args":[{"selector":{"controlType":"sap.m.StandardListItem","viewName":"etm.portal.ui.managerequests.view.NewRequest","properties":{"title":"Cost Center"},"searchOpenDialogs":true,"interaction":{"idSuffix":"titleText"}},"wdio_ui5_key":"etmportal.ui.managerequests.view.NewRequestsap.m.StandardListItem{\"title\":\"Cost Center\"}"}]}
COMMAND: GET /session/7ceb9c4207408afb27fb3a73a7391b04/screenshot - {}
RESULT: {"script":"<script> [1562 bytes]","args":[{"selector":{"controlType":"sap.m.StandardListItem","viewName":"etm.portal.ui.managerequests.view.NewRequest","properties":{"title":"Cost Center"},"searchOpenDialogs":true,"interaction":{"idSuffix":"titleText"}},"wdio_ui5_key":"etmportal.ui.managerequests.view.NewRequestsap.m.StandardListItem{\"title\":\"Cost Center\"}"}]}
RESULT: undefined
COMMAND: POST /session/7ceb9c4207408afb27fb3a73a7391b04/element - {"using":"xpath","value":"//*[@id=\"__item523\"]"}
RESULT: {}
RESULT: {"using":"xpath","value":"//*[@id=\"__item523\"]"}
COMMAND: POST /session/7ceb9c4207408afb27fb3a73a7391b04/element/f.0A3556A37C534166386D2A4E113E99D8.d.A3C7A7DD1E78175E826E197969453BC0.e.13130/click - {}
RESULT: {}
COMMAND: GET /session/7ceb9c4207408afb27fb3a73a7391b04/screenshot - {}
RESULT: {}
COMMAND: POST /session/7ceb9c4207408afb27fb3a73a7391b04/execute/async - {"script":"<script> [1562 bytes]","args":[{"selector":{"controlType":"sap.ui.core.Icon","viewName":"etm.portal.ui.managerequests.view.NewRequest","properties":{"src":{"regex":{"source":"value\\-help"}}},"searchOpenDialogs":true},"wdio_ui5_key":"etmportal.ui.managerequests.view.NewRequestsap.ui.core.Icon{\"src\":{\"regex\":{\"source\":\"value\\\\-help\"}}}"}]}
RESULT: {"script":"<script> [1562 bytes]","args":[{"selector":{"controlType":"sap.ui.core.Icon","viewName":"etm.portal.ui.managerequests.view.NewRequest","properties":{"src":{"regex":{"source":"value\\-help"}}},"searchOpenDialogs":true},"wdio_ui5_key":"etmportal.ui.managerequests.view.NewRequestsap.ui.core.Icon{\"src\":{\"regex\":{\"source\":\"value\\\\-help\"}}}"}]}
RESULT: undefined
COMMAND: POST /session/7ceb9c4207408afb27fb3a73a7391b04/element - {"using":"xpath","value":"//*[@id=\"__xmlview59--costObjectIdComboBox-vhi\"]"}
RESULT: {"using":"xpath","value":"//*[@id=\"__xmlview59--costObjectIdComboBox-vhi\"]"}
COMMAND: POST /session/7ceb9c4207408afb27fb3a73a7391b04/element/f.0A3556A37C534166386D2A4E113E99D8.d.A3C7A7DD1E78175E826E197969453BC0.e.13138/click - {}
RESULT: {}
COMMAND: POST /session/7ceb9c4207408afb27fb3a73a7391b04/execute/async - {"script":"<script> [1562 bytes]","args":[{"selector":{"controlType":"sap.m.SearchField","properties":{"placeholder":"Search"},"searchOpenDialogs":true,"interaction":{"idSuffix":"I"}},"wdio_ui5_key":"sapm.SearchField{\"placeholder\":\"Search\"}"}]}
COMMAND: GET /session/7ceb9c4207408afb27fb3a73a7391b04/screenshot - {}
RESULT: {"script":"<script> [1562 bytes]","args":[{"selector":{"controlType":"sap.m.SearchField","properties":{"placeholder":"Search"},"searchOpenDialogs":true,"interaction":{"idSuffix":"I"}},"wdio_ui5_key":"sapm.SearchField{\"placeholder\":\"Search\"}"}]}
RESULT: undefined
COMMAND: POST /session/7ceb9c4207408afb27fb3a73a7391b04/execute/async - {"script":"<script> [776 bytes]","args":[{"enterText":"10001010","selector":{"controlType":"sap.m.SearchField","properties":{"placeholder":"Search"},"searchOpenDialogs":true,"interaction":{"idSuffix":"I"}},"clearTextFirst":true,"interactionType":"ENTER_TEXT"}]}
RESULT: {}
RESULT: {"script":"<script> [776 bytes]","args":[{"enterText":"10001010","selector":{"controlType":"sap.m.SearchField","properties":{"placeholder":"Search"},"searchOpenDialogs":true,"interaction":{"idSuffix":"I"}},"clearTextFirst":true,"interactionType":"ENTER_TEXT"}]}
COMMAND: POST /session/7ceb9c4207408afb27fb3a73a7391b04/actions - {"actions":[{"id":"action104","type":"key","parameters":{},"actions":[{"type":"keyDown","value":""},{"type":"pause","duration":10},{"type":"keyUp","value":""}]}]}
RESULT: {"actions":[{"id":"action104","type":"key","parameters":{},"actions":[{"type":"keyDown","value":""},{"type":"pause","duration":10},{"type":"keyUp","value":""}]}]}
COMMAND: GET /session/7ceb9c4207408afb27fb3a73a7391b04/screenshot - {}
RESULT: {}
COMMAND: POST /session/7ceb9c4207408afb27fb3a73a7391b04/execute/async - {"script":"<script> [1562 bytes]","args":[{"selector":{"controlType":"sap.m.Text","bindingPath":{"path":"/C_CostCtrValueHelp(CostCenter='10001010',ControllingArea='Z001')","propertyPath":"CostCenterName","modelName":"CostCenterModel"},"searchOpenDialogs":true},"wdio_ui5_key":"sapm.Text{\"path\":\"/C_CostCtrValueHelp(CostCenter='10001010',ControllingArea='Z001')\",\"propertyPath\":\"CostCenterName\",\"modelName\":\"CostCenterModel\"}"}]}
RESULT: {"script":"<script> [1562 bytes]","args":[{"selector":{"controlType":"sap.m.Text","bindingPath":{"path":"/C_CostCtrValueHelp(CostCenter='10001010',ControllingArea='Z001')","propertyPath":"CostCenterName","modelName":"CostCenterModel"},"searchOpenDialogs":true},"wdio_ui5_key":"sapm.Text{\"path\":\"/C_CostCtrValueHelp(CostCenter='10001010',ControllingArea='Z001')\",\"propertyPath\":\"CostCenterName\",\"modelName\":\"CostCenterModel\"}"}]}
RESULT: undefined
COMMAND: POST /session/7ceb9c4207408afb27fb3a73a7391b04/element - {"using":"xpath","value":"//*[@id=\"__text291-__clone661\"]"}
RESULT: {"using":"xpath","value":"//*[@id=\"__text291-__clone661\"]"}
COMMAND: POST /session/7ceb9c4207408afb27fb3a73a7391b04/element/f.0A3556A37C534166386D2A4E113E99D8.d.A3C7A7DD1E78175E826E197969453BC0.e.13178/click - {}
RESULT: {}
COMMAND: POST /session/7ceb9c4207408afb27fb3a73a7391b04/execute/async - {"script":"<script> [1562 bytes]","args":[{"selector":{"controlType":"sap.m.Button","properties":{"text":"OK"},"searchOpenDialogs":true,"interaction":{"idSuffix":"BDI-content"}},"wdio_ui5_key":"sapm.Button{\"text\":\"OK\"}"}]}
COMMAND: GET /session/7ceb9c4207408afb27fb3a73a7391b04/screenshot - {}
RESULT: {"script":"<script> [1562 bytes]","args":[{"selector":{"controlType":"sap.m.Button","properties":{"text":"OK"},"searchOpenDialogs":true,"interaction":{"idSuffix":"BDI-content"}},"wdio_ui5_key":"sapm.Button{\"text\":\"OK\"}"}]}
RESULT: undefined
COMMAND: POST /session/7ceb9c4207408afb27fb3a73a7391b04/element - {"using":"xpath","value":"//*[@id=\"__dialog1-ok\"]"}
RESULT: {}
RESULT: {"using":"xpath","value":"//*[@id=\"__dialog1-ok\"]"}
COMMAND: POST /session/7ceb9c4207408afb27fb3a73a7391b04/element/f.0A3556A37C534166386D2A4E113E99D8.d.A3C7A7DD1E78175E826E197969453BC0.e.13180/click - {}
RESULT: {}
COMMAND: GET /session/7ceb9c4207408afb27fb3a73a7391b04/screenshot - {}
RESULT: {}
COMMAND: POST /session/7ceb9c4207408afb27fb3a73a7391b04/execute/async - {"script":"<script> [1562 bytes]","args":[{"selector":{"controlType":"sap.m.Button","viewName":"etm.portal.ui.managerequests.view.NewRequest","i18NText":{"propertyName":"text","key":"save"},"searchOpenDialogs":true,"interaction":{"idSuffix":"BDI-content"}},"wdio_ui5_key":"etmportal.ui.managerequests.view.NewRequestsap.m.Button{\"propertyName\":\"text\",\"key\":\"save\"}"}]}
RESULT: {"script":"<script> [1562 bytes]","args":[{"selector":{"controlType":"sap.m.Button","viewName":"etm.portal.ui.managerequests.view.NewRequest","i18NText":{"propertyName":"text","key":"save"},"searchOpenDialogs":true,"interaction":{"idSuffix":"BDI-content"}},"wdio_ui5_key":"etmportal.ui.managerequests.view.NewRequestsap.m.Button{\"propertyName\":\"text\",\"key\":\"save\"}"}]}
RESULT: undefined
COMMAND: POST /session/7ceb9c4207408afb27fb3a73a7391b04/element - {"using":"xpath","value":"//*[@id=\"__button24\"]"}
RESULT: {"using":"xpath","value":"//*[@id=\"__button24\"]"}
COMMAND: POST /session/7ceb9c4207408afb27fb3a73a7391b04/element/f.0A3556A37C534166386D2A4E113E99D8.d.A3C7A7DD1E78175E826E197969453BC0.e.13184/click - {}
RESULT: {}
COMMAND: GET /session/7ceb9c4207408afb27fb3a73a7391b04/screenshot - {}
RESULT: {}
COMMAND: POST /session/7ceb9c4207408afb27fb3a73a7391b04/element - {"using":"xpath","value":"(//bdi[contains(text() ,\"Save\")])[1]"}
RESULT: {"using":"xpath","value":"(//bdi[contains(text() ,\"Save\")])[1]"}
COMMAND: POST /session/7ceb9c4207408afb27fb3a73a7391b04/element/f.0A3556A37C534166386D2A4E113E99D8.d.A3C7A7DD1E78175E826E197969453BC0.e.13186/click - {}
RESULT: {}
COMMAND: GET /session/7ceb9c4207408afb27fb3a73a7391b04/screenshot - {}
RESULT: {}
COMMAND: POST /session/7ceb9c4207408afb27fb3a73a7391b04/execute/async - {"script":"<script> [1562 bytes]","args":[{"selector":{"controlType":"sap.m.Title","properties":{"text":"Success"},"searchOpenDialogs":true},"wdio_ui5_key":"sapm.Title{\"text\":\"Success\"}"}]}
RESULT: {"script":"<script> [1562 bytes]","args":[{"selector":{"controlType":"sap.m.Title","properties":{"text":"Success"},"searchOpenDialogs":true},"wdio_ui5_key":"sapm.Title{\"text\":\"Success\"}"}]}
RESULT: undefined
COMMAND: POST /session/7ceb9c4207408afb27fb3a73a7391b04/execute/async - {"script":"<script> [6424 bytes]","args":[{"element-6066-11e4-a52e-4f735466cecf":"f.0A3556A37C534166386D2A4E113E99D8.d.A3C7A7DD1E78175E826E197969453BC0.e.13189"},"getText",[]]}
RESULT: {"script":"<script> [6424 bytes]","args":[{"element-6066-11e4-a52e-4f735466cecf":"f.0A3556A37C534166386D2A4E113E99D8.d.A3C7A7DD1E78175E826E197969453BC0.e.13189"},"getText",[]]}
COMMAND: POST /session/7ceb9c4207408afb27fb3a73a7391b04/execute/async - {"script":"<script> [1562 bytes]","args":[{"selector":{"controlType":"sap.m.Button","properties":{"text":"Close"},"searchOpenDialogs":true,"interaction":{"idSuffix":"BDI-content"}},"wdio_ui5_key":"sapm.Button{\"text\":\"Close\"}"}]}
RESULT: {"script":"<script> [1562 bytes]","args":[{"selector":{"controlType":"sap.m.Button","properties":{"text":"Close"},"searchOpenDialogs":true,"interaction":{"idSuffix":"BDI-content"}},"wdio_ui5_key":"sapm.Button{\"text\":\"Close\"}"}]}
RESULT: undefined
COMMAND: POST /session/7ceb9c4207408afb27fb3a73a7391b04/element - {"using":"xpath","value":"//*[@id=\"__mbox-btn-0\"]"}
RESULT: {"using":"xpath","value":"//*[@id=\"__mbox-btn-0\"]"}
COMMAND: POST /session/7ceb9c4207408afb27fb3a73a7391b04/element/f.0A3556A37C534166386D2A4E113E99D8.d.A3C7A7DD1E78175E826E197969453BC0.e.13188/click - {}
RESULT: {}
COMMAND: GET /session/7ceb9c4207408afb27fb3a73a7391b04/screenshot - {}
RESULT: {}
COMMAND: POST /session/7ceb9c4207408afb27fb3a73a7391b04/execute/async - {"script":"<script> [1562 bytes]","args":[{"selector":{"controlType":"sap.m.Text","viewName":"etm.portal.ui.managerequests.view.Detail","bindingPath":{"propertyPath":"NO","modelName":"catalogModel"}},"wdio_ui5_key":"etmportal.ui.managerequests.view.Detailsap.m.Text{\"propertyPath\":\"NO\",\"modelName\":\"catalogModel\"}"}]}
RESULT: {"script":"<script> [1562 bytes]","args":[{"selector":{"controlType":"sap.m.Text","viewName":"etm.portal.ui.managerequests.view.Detail","bindingPath":{"propertyPath":"NO","modelName":"catalogModel"}},"wdio_ui5_key":"etmportal.ui.managerequests.view.Detailsap.m.Text{\"propertyPath\":\"NO\",\"modelName\":\"catalogModel\"}"}]}
RESULT: undefined
COMMAND: POST /session/7ceb9c4207408afb27fb3a73a7391b04/execute/async - {"script":"<script> [6424 bytes]","args":[{"element-6066-11e4-a52e-4f735466cecf":"f.0A3556A37C534166386D2A4E113E99D8.d.A3C7A7DD1E78175E826E197969453BC0.e.13317"},"getText",[]]}
RESULT: {"script":"<script> [6424 bytes]","args":[{"element-6066-11e4-a52e-4f735466cecf":"f.0A3556A37C534166386D2A4E113E99D8.d.A3C7A7DD1E78175E826E197969453BC0.e.13317"},"getText",[]]}
COMMAND: POST /session/7ceb9c4207408afb27fb3a73a7391b04/execute/async - {"script":"<script> [1562 bytes]","args":[{"selector":{"controlType":"sap.ui.core.Icon","viewName":"etm.portal.ui.managerequests.view.Detail","properties":{"src":{"regex":{"source":"date\\-time"}}},"ancestor":{"controlType":"sap.m.ColumnListItem","viewName":"etm.portal.ui.managerequests.view.Detail","bindingPath":{"path":"/SmartRequestItemsPlanningBoard(ITEM=10m,REQUEST='20119')"},"ancestor":{"id":"requestItemsTable","viewName":"etm.portal.ui.managerequests.view.Detail"}}},"wdio_ui5_key":"etmportal.ui.managerequests.view.Detailsap.ui.core.Icon{\"src\":{\"regex\":{\"source\":\"date\\\\-time\"}}}{\"controlType\":\"sap.m.ColumnListItem\",\"viewName\":\"etm.portal.ui.managerequests.view.Detail\",\"bindingPath\":{\"path\":\"/SmartRequestItemsPlanningBoard(ITEM=10m,REQUEST='20119')\"},\"ancestor\":{\"id\":\"requestItemsTable\",\"viewName\":\"etm.portal.ui.managerequests.view.Detail\"}}"}]}
RESULT: {"script":"<script> [1562 bytes]","args":[{"selector":{"controlType":"sap.ui.core.Icon","viewName":"etm.portal.ui.managerequests.view.Detail","properties":{"src":{"regex":{"source":"date\\-time"}}},"ancestor":{"controlType":"sap.m.ColumnListItem","viewName":"etm.portal.ui.managerequests.view.Detail","bindingPath":{"path":"/SmartRequestItemsPlanningBoard(ITEM=10m,REQUEST='20119')"},"ancestor":{"id":"requestItemsTable","viewName":"etm.portal.ui.managerequests.view.Detail"}}},"wdio_ui5_key":"etmportal.ui.managerequests.view.Detailsap.ui.core.Icon{\"src\":{\"regex\":{\"source\":\"date\\\\-time\"}}}{\"controlType\":\"sap.m.ColumnListItem\",\"viewName\":\"etm.portal.ui.managerequests.view.Detail\",\"bindingPath\":{\"path\":\"/SmartRequestItemsPlanningBoard(ITEM=10m,REQUEST='20119')\"},\"ancestor\":{\"id\":\"requestItemsTable\",\"viewName\":\"etm.portal.ui.managerequests.view.Detail\"}}"}]}
RESULT: undefined
COMMAND: POST /session/7ceb9c4207408afb27fb3a73a7391b04/element - {"using":"xpath","value":"//*[@id=\"__button39-__clone700-img\"]"}
RESULT: {"using":"xpath","value":"//*[@id=\"__button39-__clone700-img\"]"}
COMMAND: POST /session/7ceb9c4207408afb27fb3a73a7391b04/element/f.0A3556A37C534166386D2A4E113E99D8.d.A3C7A7DD1E78175E826E197969453BC0.e.13318/click - {}
RESULT: {}
COMMAND: POST /session/7ceb9c4207408afb27fb3a73a7391b04/execute/async - {"script":"<script> [1562 bytes]","args":[{"selector":{"controlType":"sap.m.Button","viewName":"etm.portal.ui.managerequests.view.Detail","properties":{"text":"Close"},"searchOpenDialogs":true,"interaction":{"idSuffix":"BDI-content"}},"wdio_ui5_key":"etmportal.ui.managerequests.view.Detailsap.m.Button{\"text\":\"Close\"}"}]}
COMMAND: GET /session/7ceb9c4207408afb27fb3a73a7391b04/screenshot - {}
RESULT: {"script":"<script> [1562 bytes]","args":[{"selector":{"controlType":"sap.m.Button","viewName":"etm.portal.ui.managerequests.view.Detail","properties":{"text":"Close"},"searchOpenDialogs":true,"interaction":{"idSuffix":"BDI-content"}},"wdio_ui5_key":"etmportal.ui.managerequests.view.Detailsap.m.Button{\"text\":\"Close\"}"}]}
RESULT: undefined
COMMAND: POST /session/7ceb9c4207408afb27fb3a73a7391b04/element - {"using":"xpath","value":"//*[@id=\"__button49\"]"}
RESULT: {}
RESULT: {"using":"xpath","value":"//*[@id=\"__button49\"]"}
COMMAND: POST /session/7ceb9c4207408afb27fb3a73a7391b04/element/f.0A3556A37C534166386D2A4E113E99D8.d.A3C7A7DD1E78175E826E197969453BC0.e.13320/click - {}
RESULT: {}
COMMAND: POST /session/7ceb9c4207408afb27fb3a73a7391b04/refresh - {}
COMMAND: GET /session/7ceb9c4207408afb27fb3a73a7391b04/screenshot - {}
RESULT: {}
COMMAND: GET /session/7ceb9c4207408afb27fb3a73a7391b04/screenshot - {}
RESULT: {}
RESULT: {}
COMMAND: POST /session/7ceb9c4207408afb27fb3a73a7391b04/execute/async - {"script":"<script> [189 bytes]","args":[]}
RESULT: {"script":"<script> [189 bytes]","args":[]}
COMMAND: POST /session/7ceb9c4207408afb27fb3a73a7391b04/execute/async - {"script":"<script> [123 bytes]","args":[]}
RESULT: {"script":"<script> [123 bytes]","args":[]}
COMMAND: POST /session/7ceb9c4207408afb27fb3a73a7391b04/timeouts - {"script":"<number>"}
RESULT: {"script":"<number>"}
COMMAND: GET /session/7ceb9c4207408afb27fb3a73a7391b04/timeouts - {}
RESULT: {}
RESULT: undefined
COMMAND: POST /session/7ceb9c4207408afb27fb3a73a7391b04/execute/async - {"script":"<script> [2676 bytes]","args":[]}
RESULT: {"script":"<script> [2676 bytes]","args":[]}
COMMAND: POST /session/7ceb9c4207408afb27fb3a73a7391b04/execute/async - {"script":"<script> [2342 bytes]","args":[{"protocol":"http","hostname":"0.0.0.0","path":"/","capabilities":{"browserName":"chrome","goog:chromeOptions":{"binary":"C:\\Program Files\\Google\\Chrome\\Application\\chrome.exe","args":["--start-maximized"]}},"logLevel":"warn","connectionRetryTimeout":120000,"connectionRetryCount":3,"logLevels":{},"enableDirectConnect":true,"strictSSL":true,"_":"65 more keys: [\"cacheDir\",\"port\",\"requestedCapabilities\",\"automationProtocol\",\"baseUrl\",\"waitforInterval\",\"waitforTimeout\",\"onReload\",\"beforeCommand\",\"afterCommand\",\"rootDir\",\"specs\",\"suites\",\"exclude\",\"groupLogsByTestSpec\",\"excludeDriverLogs\",\"bail\",\"framework\",\"reporters\",\"services\",\"maxInstances\",\"maxInstancesPerCapability\",\"injectGlobals\",\"filesToWatch\",\"execArgv\",\"runnerEnv\",\"runner\",\"shard\",\"specFileRetries\",\"specFileRetriesDelay\",\"specFileRetriesDeferred\",\"reporterSyncInterval\",\"reporterSyncTimeout\",\"cucumberFeaturesWithLineNumbers\",\"autoCompileOpts\",\"mochaOpts\",\"jasmineOpts\",\"cucumberOpts\",\"onPrepare\",\"onWorkerStart\",\"onWorkerEnd\",\"before\",\"beforeSession\",\"beforeSuite\",\"beforeHook\",\"beforeTest\",\"afterTest\",\"afterHook\",\"afterSuite\",\"afterSession\",\"after\",\"onComplete\",\"beforeAssertion\",\"afterAssertion\",\"beforeFeature\",\"beforeScenario\",\"beforeStep\",\"afterStep\",\"afterScenario\",\"afterFeature\",\"_\",\"suite\",\"$0\",\"ignoredWorkerServices\",\"wdi5\"]"}]}
RESULT: {"script":"<script> [2342 bytes]","args":[{"protocol":"http","hostname":"0.0.0.0","path":"/","capabilities":{"browserName":"chrome","goog:chromeOptions":{"binary":"C:\\Program Files\\Google\\Chrome\\Application\\chrome.exe","args":["--start-maximized"]}},"logLevel":"warn","connectionRetryTimeout":120000,"connectionRetryCount":3,"logLevels":{},"enableDirectConnect":true,"strictSSL":true,"_":"65 more keys: [\"cacheDir\",\"port\",\"requestedCapabilities\",\"automationProtocol\",\"baseUrl\",\"waitforInterval\",\"waitforTimeout\",\"onReload\",\"beforeCommand\",\"afterCommand\",\"rootDir\",\"specs\",\"suites\",\"exclude\",\"groupLogsByTestSpec\",\"excludeDriverLogs\",\"bail\",\"framework\",\"reporters\",\"services\",\"maxInstances\",\"maxInstancesPerCapability\",\"injectGlobals\",\"filesToWatch\",\"execArgv\",\"runnerEnv\",\"runner\",\"shard\",\"specFileRetries\",\"specFileRetriesDelay\",\"specFileRetriesDeferred\",\"reporterSyncInterval\",\"reporterSyncTimeout\",\"cucumberFeaturesWithLineNumbers\",\"autoCompileOpts\",\"mochaOpts\",\"jasmineOpts\",\"cucumberOpts\",\"onPrepare\",\"onWorkerStart\",\"onWorkerEnd\",\"before\",\"beforeSession\",\"beforeSuite\",\"beforeHook\",\"beforeTest\",\"afterTest\",\"afterHook\",\"afterSuite\",\"afterSession\",\"after\",\"onComplete\",\"beforeAssertion\",\"afterAssertion\",\"beforeFeature\",\"beforeScenario\",\"beforeStep\",\"afterStep\",\"afterScenario\",\"afterFeature\",\"_\",\"suite\",\"$0\",\"ignoredWorkerServices\",\"wdi5\"]"}]}
COMMAND: POST /session/7ceb9c4207408afb27fb3a73a7391b04/execute/async - {"script":"<script> [21126 bytes]","args":[35000]}
RESULT: {"script":"<script> [21126 bytes]","args":[35000]}
]]></system-out>
    </testcase>
    <testcase classname="chrome.136_0_7103_93.windows.Process_request_items_into_new_quotation_US120163" name="Should process the request into a new quotation" time="61.082">
      <system-out><![CDATA[
COMMAND: GET /session/7ceb9c4207408afb27fb3a73a7391b04/window - {}
RESULT: {}
COMMAND: POST /session/7ceb9c4207408afb27fb3a73a7391b04/element - {"using":"xpath","value":"//span[contains(@id ,\"detailHeaderTitle-_actionsToolbar-overflowButton-img\")]"}
RESULT: {"using":"xpath","value":"//span[contains(@id ,\"detailHeaderTitle-_actionsToolbar-overflowButton-img\")]"}
COMMAND: POST /session/7ceb9c4207408afb27fb3a73a7391b04/element/f.0A3556A37C534166386D2A4E113E99D8.d.7C2F25AD278EF62694AF28C963F062F9.e.13532/click - {}
RESULT: {}
COMMAND: GET /session/7ceb9c4207408afb27fb3a73a7391b04/screenshot - {}
RESULT: {}
COMMAND: POST /session/7ceb9c4207408afb27fb3a73a7391b04/element - {"using":"xpath","value":"//span[contains(@id ,\"actionsMenuButton-internalSplitBtn-arrowButton-img\")]"}
RESULT: {"using":"xpath","value":"//span[contains(@id ,\"actionsMenuButton-internalSplitBtn-arrowButton-img\")]"}
COMMAND: POST /session/7ceb9c4207408afb27fb3a73a7391b04/element/f.0A3556A37C534166386D2A4E113E99D8.d.7C2F25AD278EF62694AF28C963F062F9.e.13535/click - {}
RESULT: {}
COMMAND: GET /session/7ceb9c4207408afb27fb3a73a7391b04/screenshot - {}
RESULT: {}
COMMAND: POST /session/7ceb9c4207408afb27fb3a73a7391b04/actions - {"actions":[{"id":"action105","type":"key","parameters":{},"actions":[{"type":"keyDown","value":""},{"type":"pause","duration":10},{"type":"keyUp","value":""}]}]}
RESULT: {"actions":[{"id":"action105","type":"key","parameters":{},"actions":[{"type":"keyDown","value":""},{"type":"pause","duration":10},{"type":"keyUp","value":""}]}]}
COMMAND: GET /session/7ceb9c4207408afb27fb3a73a7391b04/screenshot - {}
RESULT: {}
COMMAND: POST /session/7ceb9c4207408afb27fb3a73a7391b04/actions - {"actions":[{"id":"action106","type":"key","parameters":{},"actions":[{"type":"keyDown","value":""},{"type":"pause","duration":10},{"type":"keyUp","value":""}]}]}
RESULT: {"actions":[{"id":"action106","type":"key","parameters":{},"actions":[{"type":"keyDown","value":""},{"type":"pause","duration":10},{"type":"keyUp","value":""}]}]}
COMMAND: GET /session/7ceb9c4207408afb27fb3a73a7391b04/screenshot - {}
RESULT: {}
COMMAND: POST /session/7ceb9c4207408afb27fb3a73a7391b04/actions - {"actions":[{"id":"action107","type":"key","parameters":{},"actions":[{"type":"keyDown","value":""},{"type":"pause","duration":10},{"type":"keyUp","value":""}]}]}
RESULT: {"actions":[{"id":"action107","type":"key","parameters":{},"actions":[{"type":"keyDown","value":""},{"type":"pause","duration":10},{"type":"keyUp","value":""}]}]}
COMMAND: GET /session/7ceb9c4207408afb27fb3a73a7391b04/screenshot - {}
RESULT: {}
COMMAND: POST /session/7ceb9c4207408afb27fb3a73a7391b04/actions - {"actions":[{"id":"action108","type":"key","parameters":{},"actions":[{"type":"keyDown","value":""},{"type":"pause","duration":10},{"type":"keyUp","value":""}]}]}
RESULT: {"actions":[{"id":"action108","type":"key","parameters":{},"actions":[{"type":"keyDown","value":""},{"type":"pause","duration":10},{"type":"keyUp","value":""}]}]}
COMMAND: GET /session/7ceb9c4207408afb27fb3a73a7391b04/screenshot - {}
RESULT: {}
COMMAND: POST /session/7ceb9c4207408afb27fb3a73a7391b04/actions - {"actions":[{"id":"action109","type":"key","parameters":{},"actions":[{"type":"keyDown","value":""},{"type":"pause","duration":10},{"type":"keyUp","value":""}]}]}
RESULT: {"actions":[{"id":"action109","type":"key","parameters":{},"actions":[{"type":"keyDown","value":""},{"type":"pause","duration":10},{"type":"keyUp","value":""}]}]}
COMMAND: GET /session/7ceb9c4207408afb27fb3a73a7391b04/screenshot - {}
RESULT: {}
COMMAND: GET /session/7ceb9c4207408afb27fb3a73a7391b04/window/handles - {}
RESULT: {}
COMMAND: GET /session/7ceb9c4207408afb27fb3a73a7391b04/window/handles - {}
RESULT: {}
COMMAND: POST /session/7ceb9c4207408afb27fb3a73a7391b04/window - {"handle":"3522CF9994260574B667BFBEB56A966E"}
RESULT: {"handle":"3522CF9994260574B667BFBEB56A966E"}
COMMAND: GET /session/7ceb9c4207408afb27fb3a73a7391b04/url - {}
RESULT: {}
COMMAND: GET /session/7ceb9c4207408afb27fb3a73a7391b04/screenshot - {}
RESULT: {}
COMMAND: POST /session/7ceb9c4207408afb27fb3a73a7391b04/element - {"using":"xpath","value":"//span[contains(text(), \"Header Billing Items\")]"}
RESULT: {"using":"xpath","value":"//span[contains(text(), \"Header Billing Items\")]"}
COMMAND: POST /session/7ceb9c4207408afb27fb3a73a7391b04/element/f.3522CF9994260574B667BFBEB56A966E.d.86F80BA0E3CD2CB30AA356FBDD1BD2E9.e.13755/click - {}
RESULT: {}
COMMAND: GET /session/7ceb9c4207408afb27fb3a73a7391b04/screenshot - {}
RESULT: {}
COMMAND: POST /session/7ceb9c4207408afb27fb3a73a7391b04/element - {"using":"xpath","value":"//span[contains(@id ,\"contractItemsSmartTable-header-inner\")]"}
RESULT: {"using":"xpath","value":"//span[contains(@id ,\"contractItemsSmartTable-header-inner\")]"}
COMMAND: GET /session/7ceb9c4207408afb27fb3a73a7391b04/element/f.3522CF9994260574B667BFBEB56A966E.d.86F80BA0E3CD2CB30AA356FBDD1BD2E9.e.13757/text - {}
RESULT: {}
COMMAND: POST /session/7ceb9c4207408afb27fb3a73a7391b04/element - {"using":"xpath","value":"//span[@class=\"sapMObjStatusText\"][contains(text(), \"proposed\")]"}
RESULT: {"using":"xpath","value":"//span[@class=\"sapMObjStatusText\"][contains(text(), \"proposed\")]"}
COMMAND: GET /session/7ceb9c4207408afb27fb3a73a7391b04/element/f.3522CF9994260574B667BFBEB56A966E.d.86F80BA0E3CD2CB30AA356FBDD1BD2E9.e.13758/text - {}
RESULT: {}
COMMAND: DELETE /session/7ceb9c4207408afb27fb3a73a7391b04/window - {}
RESULT: {}
COMMAND: POST /session/7ceb9c4207408afb27fb3a73a7391b04/window - {"handle":"0A3556A37C534166386D2A4E113E99D8"}
RESULT: {"handle":"0A3556A37C534166386D2A4E113E99D8"}
COMMAND: GET /session/7ceb9c4207408afb27fb3a73a7391b04/url - {}
RESULT: {}
COMMAND: GET /session/7ceb9c4207408afb27fb3a73a7391b04/screenshot - {}
RESULT: {}
]]></system-out>
    </testcase>
    <testcase classname="chrome.136_0_7103_93.windows.Process_request_items_into_new_quotation_US120163" name="Should navigate back to the request and check the request and item statuses" time="42.41">
      <system-out><![CDATA[
COMMAND: POST /session/7ceb9c4207408afb27fb3a73a7391b04/refresh - {}
RESULT: {}
COMMAND: GET /session/7ceb9c4207408afb27fb3a73a7391b04/screenshot - {}
RESULT: {}
COMMAND: POST /session/7ceb9c4207408afb27fb3a73a7391b04/execute/async - {"script":"<script> [189 bytes]","args":[]}
RESULT: {"script":"<script> [189 bytes]","args":[]}
COMMAND: POST /session/7ceb9c4207408afb27fb3a73a7391b04/execute/async - {"script":"<script> [123 bytes]","args":[]}
RESULT: {"script":"<script> [123 bytes]","args":[]}
COMMAND: POST /session/7ceb9c4207408afb27fb3a73a7391b04/timeouts - {"script":"<number>"}
RESULT: {"script":"<number>"}
COMMAND: GET /session/7ceb9c4207408afb27fb3a73a7391b04/timeouts - {}
RESULT: {}
RESULT: undefined
COMMAND: POST /session/7ceb9c4207408afb27fb3a73a7391b04/execute/async - {"script":"<script> [2676 bytes]","args":[]}
RESULT: {"script":"<script> [2676 bytes]","args":[]}
COMMAND: POST /session/7ceb9c4207408afb27fb3a73a7391b04/execute/async - {"script":"<script> [2342 bytes]","args":[{"protocol":"http","hostname":"0.0.0.0","path":"/","capabilities":{"browserName":"chrome","goog:chromeOptions":{"binary":"C:\\Program Files\\Google\\Chrome\\Application\\chrome.exe","args":["--start-maximized"]}},"logLevel":"warn","connectionRetryTimeout":120000,"connectionRetryCount":3,"logLevels":{},"enableDirectConnect":true,"strictSSL":true,"_":"65 more keys: [\"cacheDir\",\"port\",\"requestedCapabilities\",\"automationProtocol\",\"baseUrl\",\"waitforInterval\",\"waitforTimeout\",\"onReload\",\"beforeCommand\",\"afterCommand\",\"rootDir\",\"specs\",\"suites\",\"exclude\",\"groupLogsByTestSpec\",\"excludeDriverLogs\",\"bail\",\"framework\",\"reporters\",\"services\",\"maxInstances\",\"maxInstancesPerCapability\",\"injectGlobals\",\"filesToWatch\",\"execArgv\",\"runnerEnv\",\"runner\",\"shard\",\"specFileRetries\",\"specFileRetriesDelay\",\"specFileRetriesDeferred\",\"reporterSyncInterval\",\"reporterSyncTimeout\",\"cucumberFeaturesWithLineNumbers\",\"autoCompileOpts\",\"mochaOpts\",\"jasmineOpts\",\"cucumberOpts\",\"onPrepare\",\"onWorkerStart\",\"onWorkerEnd\",\"before\",\"beforeSession\",\"beforeSuite\",\"beforeHook\",\"beforeTest\",\"afterTest\",\"afterHook\",\"afterSuite\",\"afterSession\",\"after\",\"onComplete\",\"beforeAssertion\",\"afterAssertion\",\"beforeFeature\",\"beforeScenario\",\"beforeStep\",\"afterStep\",\"afterScenario\",\"afterFeature\",\"_\",\"suite\",\"$0\",\"ignoredWorkerServices\",\"wdi5\"]"}]}
RESULT: {"script":"<script> [2342 bytes]","args":[{"protocol":"http","hostname":"0.0.0.0","path":"/","capabilities":{"browserName":"chrome","goog:chromeOptions":{"binary":"C:\\Program Files\\Google\\Chrome\\Application\\chrome.exe","args":["--start-maximized"]}},"logLevel":"warn","connectionRetryTimeout":120000,"connectionRetryCount":3,"logLevels":{},"enableDirectConnect":true,"strictSSL":true,"_":"65 more keys: [\"cacheDir\",\"port\",\"requestedCapabilities\",\"automationProtocol\",\"baseUrl\",\"waitforInterval\",\"waitforTimeout\",\"onReload\",\"beforeCommand\",\"afterCommand\",\"rootDir\",\"specs\",\"suites\",\"exclude\",\"groupLogsByTestSpec\",\"excludeDriverLogs\",\"bail\",\"framework\",\"reporters\",\"services\",\"maxInstances\",\"maxInstancesPerCapability\",\"injectGlobals\",\"filesToWatch\",\"execArgv\",\"runnerEnv\",\"runner\",\"shard\",\"specFileRetries\",\"specFileRetriesDelay\",\"specFileRetriesDeferred\",\"reporterSyncInterval\",\"reporterSyncTimeout\",\"cucumberFeaturesWithLineNumbers\",\"autoCompileOpts\",\"mochaOpts\",\"jasmineOpts\",\"cucumberOpts\",\"onPrepare\",\"onWorkerStart\",\"onWorkerEnd\",\"before\",\"beforeSession\",\"beforeSuite\",\"beforeHook\",\"beforeTest\",\"afterTest\",\"afterHook\",\"afterSuite\",\"afterSession\",\"after\",\"onComplete\",\"beforeAssertion\",\"afterAssertion\",\"beforeFeature\",\"beforeScenario\",\"beforeStep\",\"afterStep\",\"afterScenario\",\"afterFeature\",\"_\",\"suite\",\"$0\",\"ignoredWorkerServices\",\"wdi5\"]"}]}
COMMAND: POST /session/7ceb9c4207408afb27fb3a73a7391b04/execute/async - {"script":"<script> [21126 bytes]","args":[35000]}
RESULT: {"script":"<script> [21126 bytes]","args":[35000]}
COMMAND: POST /session/7ceb9c4207408afb27fb3a73a7391b04/execute/async - {"script":"<script> [1562 bytes]","args":[{"selector":{"controlType":"sap.m.Text","viewName":"etm.portal.ui.managerequests.view.Detail","bindingPath":{"path":"/SmartRequestItemsPlanningBoard(ITEM=10m,REQUEST='20119')","propertyPath":"STATUS_DESC"}},"wdio_ui5_key":"etmportal.ui.managerequests.view.Detailsap.m.Text{\"path\":\"/SmartRequestItemsPlanningBoard(ITEM=10m,REQUEST='20119')\",\"propertyPath\":\"STATUS_DESC\"}"}]}
RESULT: {"script":"<script> [1562 bytes]","args":[{"selector":{"controlType":"sap.m.Text","viewName":"etm.portal.ui.managerequests.view.Detail","bindingPath":{"path":"/SmartRequestItemsPlanningBoard(ITEM=10m,REQUEST='20119')","propertyPath":"STATUS_DESC"}},"wdio_ui5_key":"etmportal.ui.managerequests.view.Detailsap.m.Text{\"path\":\"/SmartRequestItemsPlanningBoard(ITEM=10m,REQUEST='20119')\",\"propertyPath\":\"STATUS_DESC\"}"}]}
RESULT: undefined
COMMAND: POST /session/7ceb9c4207408afb27fb3a73a7391b04/execute/async - {"script":"<script> [6424 bytes]","args":[{"element-6066-11e4-a52e-4f735466cecf":"f.0A3556A37C534166386D2A4E113E99D8.d.894F47AA3176913B09CD4320801D5C4F.e.13958"},"getText",[]]}
RESULT: {"script":"<script> [6424 bytes]","args":[{"element-6066-11e4-a52e-4f735466cecf":"f.0A3556A37C534166386D2A4E113E99D8.d.894F47AA3176913B09CD4320801D5C4F.e.13958"},"getText",[]]}
COMMAND: POST /session/7ceb9c4207408afb27fb3a73a7391b04/execute/async - {"script":"<script> [1562 bytes]","args":[{"selector":{"controlType":"sap.m.ObjectStatus","viewName":"etm.portal.ui.managerequests.view.Detail","bindingPath":{"path":"/RequestHeaders('20119')","propertyPath":"LINK_TO_STATUS/DESCRIPTION","modelName":"catalogModel"}},"wdio_ui5_key":"etmportal.ui.managerequests.view.Detailsap.m.ObjectStatus{\"path\":\"/RequestHeaders('20119')\",\"propertyPath\":\"LINK_TO_STATUS/DESCRIPTION\",\"modelName\":\"catalogModel\"}"}]}
RESULT: {"script":"<script> [1562 bytes]","args":[{"selector":{"controlType":"sap.m.ObjectStatus","viewName":"etm.portal.ui.managerequests.view.Detail","bindingPath":{"path":"/RequestHeaders('20119')","propertyPath":"LINK_TO_STATUS/DESCRIPTION","modelName":"catalogModel"}},"wdio_ui5_key":"etmportal.ui.managerequests.view.Detailsap.m.ObjectStatus{\"path\":\"/RequestHeaders('20119')\",\"propertyPath\":\"LINK_TO_STATUS/DESCRIPTION\",\"modelName\":\"catalogModel\"}"}]}
RESULT: undefined
COMMAND: POST /session/7ceb9c4207408afb27fb3a73a7391b04/execute/async - {"script":"<script> [6424 bytes]","args":[{"element-6066-11e4-a52e-4f735466cecf":"f.0A3556A37C534166386D2A4E113E99D8.d.894F47AA3176913B09CD4320801D5C4F.e.13959"},"getText",[]]}
RESULT: {"script":"<script> [6424 bytes]","args":[{"element-6066-11e4-a52e-4f735466cecf":"f.0A3556A37C534166386D2A4E113E99D8.d.894F47AA3176913B09CD4320801D5C4F.e.13959"},"getText",[]]}
COMMAND: DELETE /session/7ceb9c4207408afb27fb3a73a7391b04 - {}
RESULT: {}
]]></system-out>
    </testcase>
  </testsuite>
</testsuites>