<?xml version="1.0" encoding="UTF-8"?>
<testsuites tests="18" failures="0" errors="0" skipped="0">
  <testsuite timestamp="2025-04-27T15:18:08" time="78.84" tests="2" failures="0" errors="0" skipped="0">
    <properties>
      <property name="specId" value="0" />
      <property name="suiteName" value="Assign the user test user id to an address" />
      <property name="capabilities" value="chrome.135_0_7049_96.windows" />
      <property name="file" value="file:///D:/a/1/s/test/specs/R2C/assign-user-id-to-an-address.spec.js" />
    </properties>
    <testcase classname="chrome.135_0_7049_96.windows.Assign_the_user_test_user_id_to_an_address" name="Should search for test1ETM create only if not present" time="18.581">
      <system-out><![CDATA[
COMMAND: POST /session/7d4fbfd037fb9998338d13e3e1bba5cd/execute/async - {"script":"<script> [1562 bytes]","args":[{"selector":{"id":"application-addressmanagement-display-component---masterAdm--smartFilterBar-filterItemControl_BASIC-NAME-vhi"},"wdio_ui5_key":"applicationaddressmanagement-display-component---masterAdm--smartFilterBar-filterItemControl_BASIC-NAME-vhi"}]}
RESULT: {"script":"<script> [1562 bytes]","args":[{"selector":{"id":"application-addressmanagement-display-component---masterAdm--smartFilterBar-filterItemControl_BASIC-NAME-vhi"},"wdio_ui5_key":"applicationaddressmanagement-display-component---masterAdm--smartFilterBar-filterItemControl_BASIC-NAME-vhi"}]}
RESULT: undefined
COMMAND: POST /session/7d4fbfd037fb9998338d13e3e1bba5cd/element - {"using":"xpath","value":"//*[@id=\"application-addressmanagement-display-component---masterAdm--smartFilterBar-filterItemControl_BASIC-NAME-vhi\"]"}
RESULT: {"using":"xpath","value":"//*[@id=\"application-addressmanagement-display-component---masterAdm--smartFilterBar-filterItemControl_BASIC-NAME-vhi\"]"}
COMMAND: POST /session/7d4fbfd037fb9998338d13e3e1bba5cd/element/f.8197E7E82739F49E8E00421C1FF1176E.d.A2D2410C54F2942957DE8CCAF95E82BD.e.310/click - {}
RESULT: {}
COMMAND: POST /session/7d4fbfd037fb9998338d13e3e1bba5cd/execute/async - {"script":"<script> [1562 bytes]","args":[{"selector":{"controlType":"sap.m.Input","viewName":"etm.portal.ui.addressmanagement.view.Master","viewId":"application-addressmanagement-display-component---masterAdm","properties":{"valueState":"None"},"searchOpenDialogs":true,"interaction":{"idSuffix":"inner"}},"wdio_ui5_key":"etmportal.ui.addressmanagement.view.Mastersap.m.Input{\"valueState\":\"None\"}"}]}
COMMAND: GET /session/7d4fbfd037fb9998338d13e3e1bba5cd/screenshot - {}
RESULT: {"script":"<script> [1562 bytes]","args":[{"selector":{"controlType":"sap.m.Input","viewName":"etm.portal.ui.addressmanagement.view.Master","viewId":"application-addressmanagement-display-component---masterAdm","properties":{"valueState":"None"},"searchOpenDialogs":true,"interaction":{"idSuffix":"inner"}},"wdio_ui5_key":"etmportal.ui.addressmanagement.view.Mastersap.m.Input{\"valueState\":\"None\"}"}]}
RESULT: undefined
COMMAND: POST /session/7d4fbfd037fb9998338d13e3e1bba5cd/execute/async - {"script":"<script> [776 bytes]","args":[{"enterText":"Test1ETM","selector":{"controlType":"sap.m.Input","viewName":"etm.portal.ui.addressmanagement.view.Master","viewId":"application-addressmanagement-display-component---masterAdm","properties":{"valueState":"None"},"searchOpenDialogs":true,"interaction":{"idSuffix":"inner"}},"clearTextFirst":true,"interactionType":"ENTER_TEXT"}]}
RESULT: {}
RESULT: {"script":"<script> [776 bytes]","args":[{"enterText":"Test1ETM","selector":{"controlType":"sap.m.Input","viewName":"etm.portal.ui.addressmanagement.view.Master","viewId":"application-addressmanagement-display-component---masterAdm","properties":{"valueState":"None"},"searchOpenDialogs":true,"interaction":{"idSuffix":"inner"}},"clearTextFirst":true,"interactionType":"ENTER_TEXT"}]}
COMMAND: POST /session/7d4fbfd037fb9998338d13e3e1bba5cd/actions - {"actions":[{"id":"action1","type":"key","parameters":{},"actions":[{"type":"keyDown","value":"î€‡"},{"type":"pause","duration":10},{"type":"keyUp","value":"î€‡"}]}]}
RESULT: {"actions":[{"id":"action1","type":"key","parameters":{},"actions":[{"type":"keyDown","value":"î€‡"},{"type":"pause","duration":10},{"type":"keyUp","value":"î€‡"}]}]}
COMMAND: POST /session/7d4fbfd037fb9998338d13e3e1bba5cd/execute/async - {"script":"<script> [1562 bytes]","args":[{"selector":{"id":"application-addressmanagement-display-component---masterAdm--smartFilterBar-filterItemControl_BASIC-NAME-valueHelpDialog-ok","searchOpenDialogs":true,"interaction":{"idSuffix":"BDI-content"}},"wdio_ui5_key":"applicationaddressmanagement-display-component---masterAdm--smartFilterBar-filterItemControl_BASIC-NAME-valueHelpDialog-ok"}]}
COMMAND: GET /session/7d4fbfd037fb9998338d13e3e1bba5cd/screenshot - {}
RESULT: {"script":"<script> [1562 bytes]","args":[{"selector":{"id":"application-addressmanagement-display-component---masterAdm--smartFilterBar-filterItemControl_BASIC-NAME-valueHelpDialog-ok","searchOpenDialogs":true,"interaction":{"idSuffix":"BDI-content"}},"wdio_ui5_key":"applicationaddressmanagement-display-component---masterAdm--smartFilterBar-filterItemControl_BASIC-NAME-valueHelpDialog-ok"}]}
RESULT: undefined
COMMAND: POST /session/7d4fbfd037fb9998338d13e3e1bba5cd/element - {"using":"xpath","value":"//*[@id=\"application-addressmanagement-display-component---masterAdm--smartFilterBar-filterItemControl_BASIC-NAME-valueHelpDialog-ok\"]"}
RESULT: {}
RESULT: {"using":"xpath","value":"//*[@id=\"application-addressmanagement-display-component---masterAdm--smartFilterBar-filterItemControl_BASIC-NAME-valueHelpDialog-ok\"]"}
COMMAND: POST /session/7d4fbfd037fb9998338d13e3e1bba5cd/element/f.8197E7E82739F49E8E00421C1FF1176E.d.A2D2410C54F2942957DE8CCAF95E82BD.e.319/click - {}
RESULT: {}
COMMAND: GET /session/7d4fbfd037fb9998338d13e3e1bba5cd/screenshot - {}
RESULT: {}
COMMAND: POST /session/7d4fbfd037fb9998338d13e3e1bba5cd/element - {"using":"xpath","value":"(//span[text()=\"Active\"])[1]"}
RESULT: {"using":"xpath","value":"(//span[text()=\"Active\"])[1]"}
COMMAND: POST /session/7d4fbfd037fb9998338d13e3e1bba5cd/elements - {"using":"xpath","value":"(//span[text()=\"Active\"])[1]"}
RESULT: {"using":"xpath","value":"(//span[text()=\"Active\"])[1]"}
COMMAND: POST /session/7d4fbfd037fb9998338d13e3e1bba5cd/execute/sync - {"script":"<script> [8489 bytes]","args":[{"element-6066-11e4-a52e-4f735466cecf":"f.8197E7E82739F49E8E00421C1FF1176E.d.A2D2410C54F2942957DE8CCAF95E82BD.e.333","ELEMENT":"f.8197E7E82739F49E8E00421C1FF1176E.d.A2D2410C54F2942957DE8CCAF95E82BD.e.333"}]}
RESULT: {"script":"<script> [8489 bytes]","args":[{"element-6066-11e4-a52e-4f735466cecf":"f.8197E7E82739F49E8E00421C1FF1176E.d.A2D2410C54F2942957DE8CCAF95E82BD.e.333","ELEMENT":"f.8197E7E82739F49E8E00421C1FF1176E.d.A2D2410C54F2942957DE8CCAF95E82BD.e.333"}]}
COMMAND: POST /session/7d4fbfd037fb9998338d13e3e1bba5cd/execute/sync - {"script":"<script> [5351 bytes]","args":[{"element-6066-11e4-a52e-4f735466cecf":"f.8197E7E82739F49E8E00421C1FF1176E.d.A2D2410C54F2942957DE8CCAF95E82BD.e.333","ELEMENT":"f.8197E7E82739F49E8E00421C1FF1176E.d.A2D2410C54F2942957DE8CCAF95E82BD.e.333"}]}
COMMAND: GET /session/7d4fbfd037fb9998338d13e3e1bba5cd/screenshot - {}
RESULT: {"script":"<script> [5351 bytes]","args":[{"element-6066-11e4-a52e-4f735466cecf":"f.8197E7E82739F49E8E00421C1FF1176E.d.A2D2410C54F2942957DE8CCAF95E82BD.e.333","ELEMENT":"f.8197E7E82739F49E8E00421C1FF1176E.d.A2D2410C54F2942957DE8CCAF95E82BD.e.333"}]}
COMMAND: POST /session/7d4fbfd037fb9998338d13e3e1bba5cd/element/f.8197E7E82739F49E8E00421C1FF1176E.d.A2D2410C54F2942957DE8CCAF95E82BD.e.333/click - {}
COMMAND: GET /session/7d4fbfd037fb9998338d13e3e1bba5cd/screenshot - {}
RESULT: {}
RESULT: {}
COMMAND: POST /session/7d4fbfd037fb9998338d13e3e1bba5cd/element - {"using":"xpath","value":"//span[@id=\"application-addressmanagement-display-component---detailAdm--addressDetailDetailsName1\"]"}
COMMAND: GET /session/7d4fbfd037fb9998338d13e3e1bba5cd/screenshot - {}
RESULT: {}
RESULT: {"using":"xpath","value":"//span[@id=\"application-addressmanagement-display-component---detailAdm--addressDetailDetailsName1\"]"}
COMMAND: POST /session/7d4fbfd037fb9998338d13e3e1bba5cd/execute/sync - {"script":"<script> [8489 bytes]","args":[{"element-6066-11e4-a52e-4f735466cecf":"f.8197E7E82739F49E8E00421C1FF1176E.d.A2D2410C54F2942957DE8CCAF95E82BD.e.414","ELEMENT":"f.8197E7E82739F49E8E00421C1FF1176E.d.A2D2410C54F2942957DE8CCAF95E82BD.e.414"}]}
RESULT: {}
RESULT: {"script":"<script> [8489 bytes]","args":[{"element-6066-11e4-a52e-4f735466cecf":"f.8197E7E82739F49E8E00421C1FF1176E.d.A2D2410C54F2942957DE8CCAF95E82BD.e.414","ELEMENT":"f.8197E7E82739F49E8E00421C1FF1176E.d.A2D2410C54F2942957DE8CCAF95E82BD.e.414"}]}
]]></system-out>
    </testcase>
    <testcase classname="chrome.135_0_7049_96.windows.Assign_the_user_test_user_id_to_an_address" name="Should edit the title of the created found address" time="14.199">
      <system-out><![CDATA[
COMMAND: GET /session/7d4fbfd037fb9998338d13e3e1bba5cd/screenshot - {}
COMMAND: POST /session/7d4fbfd037fb9998338d13e3e1bba5cd/execute/async - {"script":"<script> [1562 bytes]","args":[{"selector":{"controlType":"sap.m.Button","viewName":"etm.portal.ui.addressmanagement.view.Detail","viewId":"application-addressmanagement-display-component---detailAdm","i18NText":{"propertyName":"text","key":"edit"}},"wdio_ui5_key":"etmportal.ui.addressmanagement.view.Detailsap.m.Button{\"propertyName\":\"text\",\"key\":\"edit\"}"}]}
RESULT: {"script":"<script> [1562 bytes]","args":[{"selector":{"controlType":"sap.m.Button","viewName":"etm.portal.ui.addressmanagement.view.Detail","viewId":"application-addressmanagement-display-component---detailAdm","i18NText":{"propertyName":"text","key":"edit"}},"wdio_ui5_key":"etmportal.ui.addressmanagement.view.Detailsap.m.Button{\"propertyName\":\"text\",\"key\":\"edit\"}"}]}
RESULT: undefined
COMMAND: POST /session/7d4fbfd037fb9998338d13e3e1bba5cd/element - {"using":"xpath","value":"//*[@id=\"__button16\"]"}
RESULT: {}
RESULT: {"using":"xpath","value":"//*[@id=\"__button16\"]"}
COMMAND: POST /session/7d4fbfd037fb9998338d13e3e1bba5cd/element/f.8197E7E82739F49E8E00421C1FF1176E.d.A2D2410C54F2942957DE8CCAF95E82BD.e.419/click - {}
RESULT: {}
COMMAND: POST /session/7d4fbfd037fb9998338d13e3e1bba5cd/execute/async - {"script":"<script> [1562 bytes]","args":[{"selector":{"controlType":"sap.ui.core.Icon","viewName":"etm.portal.ui.addressmanagement.view.EditDetail","properties":{"src":{"regex":{"source":"slim\\-arrow\\-down"}}},"ancestor":{"id":"addressTitle","viewName":"etm.portal.ui.addressmanagement.view.EditDetail"}},"wdio_ui5_key":"etmportal.ui.addressmanagement.view.EditDetailsap.ui.core.Icon{\"src\":{\"regex\":{\"source\":\"slim\\\\-arrow\\\\-down\"}}}{\"id\":\"addressTitle\",\"viewName\":\"etm.portal.ui.addressmanagement.view.EditDetail\"}"}]}
COMMAND: GET /session/7d4fbfd037fb9998338d13e3e1bba5cd/screenshot - {}
RESULT: {"script":"<script> [1562 bytes]","args":[{"selector":{"controlType":"sap.ui.core.Icon","viewName":"etm.portal.ui.addressmanagement.view.EditDetail","properties":{"src":{"regex":{"source":"slim\\-arrow\\-down"}}},"ancestor":{"id":"addressTitle","viewName":"etm.portal.ui.addressmanagement.view.EditDetail"}},"wdio_ui5_key":"etmportal.ui.addressmanagement.view.EditDetailsap.ui.core.Icon{\"src\":{\"regex\":{\"source\":\"slim\\\\-arrow\\\\-down\"}}}{\"id\":\"addressTitle\",\"viewName\":\"etm.portal.ui.addressmanagement.view.EditDetail\"}"}]}
RESULT: undefined
COMMAND: POST /session/7d4fbfd037fb9998338d13e3e1bba5cd/element - {"using":"xpath","value":"//*[@id=\"__xmlview58--addressTitle-arrow\"]"}
RESULT: {}
RESULT: {"using":"xpath","value":"//*[@id=\"__xmlview58--addressTitle-arrow\"]"}
COMMAND: POST /session/7d4fbfd037fb9998338d13e3e1bba5cd/element/f.8197E7E82739F49E8E00421C1FF1176E.d.A2D2410C54F2942957DE8CCAF95E82BD.e.459/click - {}
RESULT: {}
COMMAND: POST /session/7d4fbfd037fb9998338d13e3e1bba5cd/execute/async - {"script":"<script> [1562 bytes]","args":[{"selector":{"controlType":"sap.m.StandardListItem","viewName":"etm.portal.ui.addressmanagement.view.EditDetail","properties":{"title":"Dr."},"searchOpenDialogs":true},"wdio_ui5_key":"etmportal.ui.addressmanagement.view.EditDetailsap.m.StandardListItem{\"title\":\"Dr.\"}"}]}
COMMAND: GET /session/7d4fbfd037fb9998338d13e3e1bba5cd/screenshot - {}
RESULT: {"script":"<script> [1562 bytes]","args":[{"selector":{"controlType":"sap.m.StandardListItem","viewName":"etm.portal.ui.addressmanagement.view.EditDetail","properties":{"title":"Dr."},"searchOpenDialogs":true},"wdio_ui5_key":"etmportal.ui.addressmanagement.view.EditDetailsap.m.StandardListItem{\"title\":\"Dr.\"}"}]}
RESULT: undefined
COMMAND: POST /session/7d4fbfd037fb9998338d13e3e1bba5cd/element - {"using":"xpath","value":"//*[@id=\"__item229\"]"}
RESULT: {}
RESULT: {"using":"xpath","value":"//*[@id=\"__item229\"]"}
COMMAND: POST /session/7d4fbfd037fb9998338d13e3e1bba5cd/element/f.8197E7E82739F49E8E00421C1FF1176E.d.A2D2410C54F2942957DE8CCAF95E82BD.e.460/click - {}
RESULT: {}
COMMAND: POST /session/7d4fbfd037fb9998338d13e3e1bba5cd/execute/async - {"script":"<script> [1562 bytes]","args":[{"selector":{"controlType":"sap.m.Button","viewName":"etm.portal.ui.addressmanagement.view.EditDetail","i18NText":{"propertyName":"text","key":"save"}},"wdio_ui5_key":"etmportal.ui.addressmanagement.view.EditDetailsap.m.Button{\"propertyName\":\"text\",\"key\":\"save\"}"}]}
COMMAND: GET /session/7d4fbfd037fb9998338d13e3e1bba5cd/screenshot - {}
RESULT: {"script":"<script> [1562 bytes]","args":[{"selector":{"controlType":"sap.m.Button","viewName":"etm.portal.ui.addressmanagement.view.EditDetail","i18NText":{"propertyName":"text","key":"save"}},"wdio_ui5_key":"etmportal.ui.addressmanagement.view.EditDetailsap.m.Button{\"propertyName\":\"text\",\"key\":\"save\"}"}]}
RESULT: undefined
COMMAND: POST /session/7d4fbfd037fb9998338d13e3e1bba5cd/element - {"using":"xpath","value":"//*[@id=\"__button39\"]"}
RESULT: {}
RESULT: {"using":"xpath","value":"//*[@id=\"__button39\"]"}
COMMAND: POST /session/7d4fbfd037fb9998338d13e3e1bba5cd/element/f.8197E7E82739F49E8E00421C1FF1176E.d.A2D2410C54F2942957DE8CCAF95E82BD.e.461/click - {}
RESULT: {}
COMMAND: GET /session/7d4fbfd037fb9998338d13e3e1bba5cd/screenshot - {}
RESULT: {}
COMMAND: POST /session/7d4fbfd037fb9998338d13e3e1bba5cd/element - {"using":"xpath","value":"//span[@id=\"application-addressmanagement-display-component---detailAdm--addressTitle\"]"}
RESULT: {"using":"xpath","value":"//span[@id=\"application-addressmanagement-display-component---detailAdm--addressTitle\"]"}
COMMAND: GET /session/7d4fbfd037fb9998338d13e3e1bba5cd/element/f.8197E7E82739F49E8E00421C1FF1176E.d.A2D2410C54F2942957DE8CCAF95E82BD.e.473/text - {}
RESULT: {}
COMMAND: POST /session/7d4fbfd037fb9998338d13e3e1bba5cd/element - {"using":"xpath","value":"//span[@id=\"application-addressmanagement-display-component---detailAdm--addressDetailDetailsName1\"]"}
RESULT: {"using":"xpath","value":"//span[@id=\"application-addressmanagement-display-component---detailAdm--addressDetailDetailsName1\"]"}
COMMAND: GET /session/7d4fbfd037fb9998338d13e3e1bba5cd/element/f.8197E7E82739F49E8E00421C1FF1176E.d.A2D2410C54F2942957DE8CCAF95E82BD.e.414/text - {}
RESULT: {}
COMMAND: POST /session/7d4fbfd037fb9998338d13e3e1bba5cd/refresh - {}
RESULT: {}
COMMAND: GET /session/7d4fbfd037fb9998338d13e3e1bba5cd/screenshot - {}
RESULT: {}
COMMAND: POST /session/7d4fbfd037fb9998338d13e3e1bba5cd/refresh - {}
RESULT: {}
COMMAND: GET /session/7d4fbfd037fb9998338d13e3e1bba5cd/screenshot - {}
RESULT: {}
COMMAND: POST /session/7d4fbfd037fb9998338d13e3e1bba5cd/window/fullscreen - {}
RESULT: {}
COMMAND: POST /session/7d4fbfd037fb9998338d13e3e1bba5cd/execute/async - {"script":"<script> [189 bytes]","args":[]}
RESULT: {"script":"<script> [189 bytes]","args":[]}
COMMAND: POST /session/7d4fbfd037fb9998338d13e3e1bba5cd/execute/async - {"script":"<script> [123 bytes]","args":[]}
RESULT: {"script":"<script> [123 bytes]","args":[]}
COMMAND: POST /session/7d4fbfd037fb9998338d13e3e1bba5cd/timeouts - {"script":"<number>"}
RESULT: {"script":"<number>"}
COMMAND: GET /session/7d4fbfd037fb9998338d13e3e1bba5cd/timeouts - {}
RESULT: {}
RESULT: undefined
COMMAND: POST /session/7d4fbfd037fb9998338d13e3e1bba5cd/execute/async - {"script":"<script> [2676 bytes]","args":[]}
RESULT: {"script":"<script> [2676 bytes]","args":[]}
COMMAND: POST /session/7d4fbfd037fb9998338d13e3e1bba5cd/execute/async - {"script":"<script> [2342 bytes]","args":[{"protocol":"http","hostname":"0.0.0.0","path":"/","capabilities":{"browserName":"chrome","goog:chromeOptions":{"binary":"C:\\Program Files\\Google\\Chrome\\Application\\chrome.exe","args":["--start-maximized"]}},"logLevel":"warn","connectionRetryTimeout":120000,"connectionRetryCount":3,"logLevels":{},"enableDirectConnect":true,"strictSSL":true,"_":"65 more keys: [\"cacheDir\",\"port\",\"requestedCapabilities\",\"automationProtocol\",\"baseUrl\",\"waitforInterval\",\"waitforTimeout\",\"onReload\",\"beforeCommand\",\"afterCommand\",\"rootDir\",\"specs\",\"suites\",\"exclude\",\"groupLogsByTestSpec\",\"excludeDriverLogs\",\"bail\",\"framework\",\"reporters\",\"services\",\"maxInstances\",\"maxInstancesPerCapability\",\"injectGlobals\",\"filesToWatch\",\"execArgv\",\"runnerEnv\",\"runner\",\"shard\",\"specFileRetries\",\"specFileRetriesDelay\",\"specFileRetriesDeferred\",\"reporterSyncInterval\",\"reporterSyncTimeout\",\"cucumberFeaturesWithLineNumbers\",\"autoCompileOpts\",\"mochaOpts\",\"jasmineOpts\",\"cucumberOpts\",\"onPrepare\",\"onWorkerStart\",\"onWorkerEnd\",\"before\",\"beforeSession\",\"beforeSuite\",\"beforeHook\",\"beforeTest\",\"afterTest\",\"afterHook\",\"afterSuite\",\"afterSession\",\"after\",\"onComplete\",\"beforeAssertion\",\"afterAssertion\",\"beforeFeature\",\"beforeScenario\",\"beforeStep\",\"afterStep\",\"afterScenario\",\"afterFeature\",\"_\",\"suite\",\"$0\",\"ignoredWorkerServices\",\"wdi5\"]"}]}
RESULT: {"script":"<script> [2342 bytes]","args":[{"protocol":"http","hostname":"0.0.0.0","path":"/","capabilities":{"browserName":"chrome","goog:chromeOptions":{"binary":"C:\\Program Files\\Google\\Chrome\\Application\\chrome.exe","args":["--start-maximized"]}},"logLevel":"warn","connectionRetryTimeout":120000,"connectionRetryCount":3,"logLevels":{},"enableDirectConnect":true,"strictSSL":true,"_":"65 more keys: [\"cacheDir\",\"port\",\"requestedCapabilities\",\"automationProtocol\",\"baseUrl\",\"waitforInterval\",\"waitforTimeout\",\"onReload\",\"beforeCommand\",\"afterCommand\",\"rootDir\",\"specs\",\"suites\",\"exclude\",\"groupLogsByTestSpec\",\"excludeDriverLogs\",\"bail\",\"framework\",\"reporters\",\"services\",\"maxInstances\",\"maxInstancesPerCapability\",\"injectGlobals\",\"filesToWatch\",\"execArgv\",\"runnerEnv\",\"runner\",\"shard\",\"specFileRetries\",\"specFileRetriesDelay\",\"specFileRetriesDeferred\",\"reporterSyncInterval\",\"reporterSyncTimeout\",\"cucumberFeaturesWithLineNumbers\",\"autoCompileOpts\",\"mochaOpts\",\"jasmineOpts\",\"cucumberOpts\",\"onPrepare\",\"onWorkerStart\",\"onWorkerEnd\",\"before\",\"beforeSession\",\"beforeSuite\",\"beforeHook\",\"beforeTest\",\"afterTest\",\"afterHook\",\"afterSuite\",\"afterSession\",\"after\",\"onComplete\",\"beforeAssertion\",\"afterAssertion\",\"beforeFeature\",\"beforeScenario\",\"beforeStep\",\"afterStep\",\"afterScenario\",\"afterFeature\",\"_\",\"suite\",\"$0\",\"ignoredWorkerServices\",\"wdi5\"]"}]}
COMMAND: POST /session/7d4fbfd037fb9998338d13e3e1bba5cd/execute/async - {"script":"<script> [21126 bytes]","args":[35000]}
RESULT: {"script":"<script> [21126 bytes]","args":[35000]}
COMMAND: POST /session/7d4fbfd037fb9998338d13e3e1bba5cd/element - {"using":"css selector","value":"#shell-header-logo"}
RESULT: {"using":"css selector","value":"#shell-header-logo"}
COMMAND: POST /session/7d4fbfd037fb9998338d13e3e1bba5cd/element/f.8197E7E82739F49E8E00421C1FF1176E.d.540025719F2A532D2BB9E76ED383DE63.e.490/click - {}
RESULT: {}
COMMAND: GET /session/7d4fbfd037fb9998338d13e3e1bba5cd/screenshot - {}
RESULT: {}
COMMAND: POST /session/7d4fbfd037fb9998338d13e3e1bba5cd/execute/async - {"script":"<script> [1562 bytes]","args":[{"selector":{"controlType":"sap.m.GenericTile","properties":{"header":"Manage Yards"}},"wdio_ui5_key":"sapm.GenericTile{\"header\":\"Manage Yards\"}"}]}
RESULT: {"script":"<script> [1562 bytes]","args":[{"selector":{"controlType":"sap.m.GenericTile","properties":{"header":"Manage Yards"}},"wdio_ui5_key":"sapm.GenericTile{\"header\":\"Manage Yards\"}"}]}
RESULT: undefined
COMMAND: POST /session/7d4fbfd037fb9998338d13e3e1bba5cd/element - {"using":"xpath","value":"//*[@id=\"__tile52\"]"}
RESULT: {"using":"xpath","value":"//*[@id=\"__tile52\"]"}
COMMAND: POST /session/7d4fbfd037fb9998338d13e3e1bba5cd/element/f.8197E7E82739F49E8E00421C1FF1176E.d.540025719F2A532D2BB9E76ED383DE63.e.737/click - {}
RESULT: {}
]]></system-out>
    </testcase>
  </testsuite>
  <testsuite timestamp="2025-04-27T15:19:27" time="270.777" tests="2" failures="0" errors="0" skipped="0">
    <properties>
      <property name="specId" value="0" />
      <property name="suiteName" value="Create 2 Yards US112496" />
      <property name="capabilities" value="chrome.135_0_7049_96.windows" />
      <property name="file" value="file:///D:/a/1/s/test/specs/R2C/create-yard.spec.js" />
    </properties>
    <testcase classname="chrome.135_0_7049_96.windows.Create_2_Yards_US112496" name="Should create a new simple yard" time="131.112">
      <system-out><![CDATA[
COMMAND: GET /session/7d4fbfd037fb9998338d13e3e1bba5cd/screenshot - {}
RESULT: {}
COMMAND: POST /session/7d4fbfd037fb9998338d13e3e1bba5cd/execute/async - {"script":"<script> [1562 bytes]","args":[{"selector":{"controlType":"sap.ui.core.Icon","viewName":"etm.portal.ui.manageyards.view.Master","viewId":"application-manageyards-display-component---masterYard","properties":{"src":{"regex":{"source":"add"}}}},"wdio_ui5_key":"etmportal.ui.manageyards.view.Mastersap.ui.core.Icon{\"src\":{\"regex\":{\"source\":\"add\"}}}"}]}
RESULT: {"script":"<script> [1562 bytes]","args":[{"selector":{"controlType":"sap.ui.core.Icon","viewName":"etm.portal.ui.manageyards.view.Master","viewId":"application-manageyards-display-component---masterYard","properties":{"src":{"regex":{"source":"add"}}}},"wdio_ui5_key":"etmportal.ui.manageyards.view.Mastersap.ui.core.Icon{\"src\":{\"regex\":{\"source\":\"add\"}}}"}]}
RESULT: undefined
COMMAND: POST /session/7d4fbfd037fb9998338d13e3e1bba5cd/element - {"using":"xpath","value":"//*[@id=\"__button25-img\"]"}
RESULT: {"using":"xpath","value":"//*[@id=\"__button25-img\"]"}
COMMAND: POST /session/7d4fbfd037fb9998338d13e3e1bba5cd/element/f.8197E7E82739F49E8E00421C1FF1176E.d.540025719F2A532D2BB9E76ED383DE63.e.783/click - {}
RESULT: {}
COMMAND: GET /session/7d4fbfd037fb9998338d13e3e1bba5cd/screenshot - {}
RESULT: {}
COMMAND: POST /session/7d4fbfd037fb9998338d13e3e1bba5cd/execute/async - {"script":"<script> [1562 bytes]","args":[{"selector":{"id":"application-manageyards-display-component---NewYard--yardId","interaction":{"idSuffix":"inner"}},"wdio_ui5_key":"applicationmanageyards-display-component---NewYard--yardId"}]}
RESULT: {"script":"<script> [1562 bytes]","args":[{"selector":{"id":"application-manageyards-display-component---NewYard--yardId","interaction":{"idSuffix":"inner"}},"wdio_ui5_key":"applicationmanageyards-display-component---NewYard--yardId"}]}
RESULT: undefined
COMMAND: POST /session/7d4fbfd037fb9998338d13e3e1bba5cd/element - {"using":"xpath","value":"//*[@id=\"application-manageyards-display-component---NewYard--addressDetailDetailsName1-inner\"]"}
RESULT: {"using":"xpath","value":"//*[@id=\"application-manageyards-display-component---NewYard--addressDetailDetailsName1-inner\"]"}
COMMAND: POST /session/7d4fbfd037fb9998338d13e3e1bba5cd/element/f.8197E7E82739F49E8E00421C1FF1176E.d.540025719F2A532D2BB9E76ED383DE63.e.1018/clear - {}
RESULT: {}
COMMAND: POST /session/7d4fbfd037fb9998338d13e3e1bba5cd/element/f.8197E7E82739F49E8E00421C1FF1176E.d.540025719F2A532D2BB9E76ED383DE63.e.1018/value - {"text":"Webdriver Yard celwck"}
COMMAND: GET /session/7d4fbfd037fb9998338d13e3e1bba5cd/screenshot - {}
RESULT: {"text":"Webdriver Yard celwck"}
COMMAND: POST /session/7d4fbfd037fb9998338d13e3e1bba5cd/element - {"using":"xpath","value":"//*[@id=\"application-manageyards-display-component---NewYard--addressDetailDetailsLanguage-inner\"]"}
COMMAND: GET /session/7d4fbfd037fb9998338d13e3e1bba5cd/screenshot - {}
RESULT: {}
RESULT: {"using":"xpath","value":"//*[@id=\"application-manageyards-display-component---NewYard--addressDetailDetailsLanguage-inner\"]"}
COMMAND: POST /session/7d4fbfd037fb9998338d13e3e1bba5cd/element/f.8197E7E82739F49E8E00421C1FF1176E.d.540025719F2A532D2BB9E76ED383DE63.e.1019/clear - {}
RESULT: {}
RESULT: {}
COMMAND: POST /session/7d4fbfd037fb9998338d13e3e1bba5cd/element/f.8197E7E82739F49E8E00421C1FF1176E.d.540025719F2A532D2BB9E76ED383DE63.e.1019/value - {"text":"Romanian"}
COMMAND: GET /session/7d4fbfd037fb9998338d13e3e1bba5cd/screenshot - {}
RESULT: {"text":"Romanian"}
RESULT: {}
COMMAND: GET /session/7d4fbfd037fb9998338d13e3e1bba5cd/screenshot - {}
RESULT: {}
COMMAND: POST /session/7d4fbfd037fb9998338d13e3e1bba5cd/element - {"using":"xpath","value":"//*[@id=\"application-manageyards-display-component---NewYard--addressDetailDetailsCity1-inner\"]"}
RESULT: {"using":"xpath","value":"//*[@id=\"application-manageyards-display-component---NewYard--addressDetailDetailsCity1-inner\"]"}
COMMAND: POST /session/7d4fbfd037fb9998338d13e3e1bba5cd/element/f.8197E7E82739F49E8E00421C1FF1176E.d.540025719F2A532D2BB9E76ED383DE63.e.1021/clear - {}
RESULT: {}
COMMAND: POST /session/7d4fbfd037fb9998338d13e3e1bba5cd/element/f.8197E7E82739F49E8E00421C1FF1176E.d.540025719F2A532D2BB9E76ED383DE63.e.1021/value - {"text":"Bucuresti"}
COMMAND: GET /session/7d4fbfd037fb9998338d13e3e1bba5cd/screenshot - {}
RESULT: {"text":"Bucuresti"}
COMMAND: GET /session/7d4fbfd037fb9998338d13e3e1bba5cd/screenshot - {}
RESULT: {}
RESULT: {}
COMMAND: POST /session/7d4fbfd037fb9998338d13e3e1bba5cd/element - {"using":"xpath","value":"//*[@id=\"application-manageyards-display-component---NewYard--addressDetailDetailsCountry-inner\"]"}
RESULT: {"using":"xpath","value":"//*[@id=\"application-manageyards-display-component---NewYard--addressDetailDetailsCountry-inner\"]"}
COMMAND: POST /session/7d4fbfd037fb9998338d13e3e1bba5cd/element/f.8197E7E82739F49E8E00421C1FF1176E.d.540025719F2A532D2BB9E76ED383DE63.e.1025/clear - {}
RESULT: {}
COMMAND: POST /session/7d4fbfd037fb9998338d13e3e1bba5cd/element/f.8197E7E82739F49E8E00421C1FF1176E.d.540025719F2A532D2BB9E76ED383DE63.e.1025/value - {"text":"Romania"}
COMMAND: GET /session/7d4fbfd037fb9998338d13e3e1bba5cd/screenshot - {}
RESULT: {"text":"Romania"}
COMMAND: GET /session/7d4fbfd037fb9998338d13e3e1bba5cd/screenshot - {}
RESULT: {}
RESULT: {}
COMMAND: POST /session/7d4fbfd037fb9998338d13e3e1bba5cd/element - {"using":"xpath","value":"//div[contains(text(), \"Commercial\")]"}
RESULT: {"using":"xpath","value":"//div[contains(text(), \"Commercial\")]"}
COMMAND: GET /session/7d4fbfd037fb9998338d13e3e1bba5cd/element/f.8197E7E82739F49E8E00421C1FF1176E.d.540025719F2A532D2BB9E76ED383DE63.e.1216/rect - {}
RESULT: {}
COMMAND: GET /session/7d4fbfd037fb9998338d13e3e1bba5cd/window/rect - {}
RESULT: {}
COMMAND: POST /session/7d4fbfd037fb9998338d13e3e1bba5cd/execute/sync - {"script":"<script> [92 bytes]","args":[]}
RESULT: {"script":"<script> [92 bytes]","args":[]}
COMMAND: POST /session/7d4fbfd037fb9998338d13e3e1bba5cd/actions - {"actions":[{"id":"action2","type":"wheel","parameters":{},"actions":[{"type":"scroll","x":-1825,"y":-44,"deltaX":0,"deltaY":0,"duration":0,"origin":{"element-6066-11e4-a52e-4f735466cecf":"f.8197E7E82739F49E8E00421C1FF1176E.d.540025719F2A532D2BB9E76ED383DE63.e.1216"}}]}]}
COMMAND: GET /session/7d4fbfd037fb9998338d13e3e1bba5cd/screenshot - {}
RESULT: {}
COMMAND: POST /session/7d4fbfd037fb9998338d13e3e1bba5cd/execute/sync - {"script":"<script> [79 bytes]","args":[{"element-6066-11e4-a52e-4f735466cecf":"f.8197E7E82739F49E8E00421C1FF1176E.d.540025719F2A532D2BB9E76ED383DE63.e.1216","ELEMENT":"f.8197E7E82739F49E8E00421C1FF1176E.d.540025719F2A532D2BB9E76ED383DE63.e.1216"},{"block":"start","inline":"nearest"}]}
RESULT: {"script":"<script> [79 bytes]","args":[{"element-6066-11e4-a52e-4f735466cecf":"f.8197E7E82739F49E8E00421C1FF1176E.d.540025719F2A532D2BB9E76ED383DE63.e.1216","ELEMENT":"f.8197E7E82739F49E8E00421C1FF1176E.d.540025719F2A532D2BB9E76ED383DE63.e.1216"},{"block":"start","inline":"nearest"}]}
COMMAND: GET /session/7d4fbfd037fb9998338d13e3e1bba5cd/screenshot - {}
RESULT: {}
COMMAND: POST /session/7d4fbfd037fb9998338d13e3e1bba5cd/element - {"using":"xpath","value":"//input[@id='application-manageyards-display-component---NewYard--addressEditDetailsCostObjectCstType-inner']"}
RESULT: {"using":"xpath","value":"//input[@id='application-manageyards-display-component---NewYard--addressEditDetailsCostObjectCstType-inner']"}
COMMAND: POST /session/7d4fbfd037fb9998338d13e3e1bba5cd/execute/sync - {"script":"<script> [8489 bytes]","args":[{"element-6066-11e4-a52e-4f735466cecf":"f.8197E7E82739F49E8E00421C1FF1176E.d.540025719F2A532D2BB9E76ED383DE63.e.1031","ELEMENT":"f.8197E7E82739F49E8E00421C1FF1176E.d.540025719F2A532D2BB9E76ED383DE63.e.1031"}]}
RESULT: {"script":"<script> [8489 bytes]","args":[{"element-6066-11e4-a52e-4f735466cecf":"f.8197E7E82739F49E8E00421C1FF1176E.d.540025719F2A532D2BB9E76ED383DE63.e.1031","ELEMENT":"f.8197E7E82739F49E8E00421C1FF1176E.d.540025719F2A532D2BB9E76ED383DE63.e.1031"}]}
COMMAND: POST /session/7d4fbfd037fb9998338d13e3e1bba5cd/element/f.8197E7E82739F49E8E00421C1FF1176E.d.540025719F2A532D2BB9E76ED383DE63.e.1031/clear - {}
COMMAND: GET /session/7d4fbfd037fb9998338d13e3e1bba5cd/screenshot - {}
RESULT: {}
COMMAND: POST /session/7d4fbfd037fb9998338d13e3e1bba5cd/element/f.8197E7E82739F49E8E00421C1FF1176E.d.540025719F2A532D2BB9E76ED383DE63.e.1031/value - {"text":"Cost"}
COMMAND: GET /session/7d4fbfd037fb9998338d13e3e1bba5cd/screenshot - {}
RESULT: {}
RESULT: {"text":"Cost"}
COMMAND: GET /session/7d4fbfd037fb9998338d13e3e1bba5cd/screenshot - {}
RESULT: {}
RESULT: {}
COMMAND: POST /session/7d4fbfd037fb9998338d13e3e1bba5cd/execute/async - {"script":"<script> [1562 bytes]","args":[{"selector":{"id":"application-manageyards-display-component---NewYard--addressNewCostObjectCstID","interaction":{"idSuffix":"inner"}},"wdio_ui5_key":"applicationmanageyards-display-component---NewYard--addressNewCostObjectCstID"}]}
RESULT: {"script":"<script> [1562 bytes]","args":[{"selector":{"id":"application-manageyards-display-component---NewYard--addressNewCostObjectCstID","interaction":{"idSuffix":"inner"}},"wdio_ui5_key":"applicationmanageyards-display-component---NewYard--addressNewCostObjectCstID"}]}
RESULT: undefined
COMMAND: POST /session/7d4fbfd037fb9998338d13e3e1bba5cd/execute/async - {"script":"<script> [776 bytes]","args":[{"enterText":"10001013","selector":{"id":"application-manageyards-display-component---NewYard--addressNewCostObjectCstID","interaction":{"idSuffix":"inner"}},"clearTextFirst":true,"interactionType":"ENTER_TEXT"}]}
RESULT: {"script":"<script> [776 bytes]","args":[{"enterText":"10001013","selector":{"id":"application-manageyards-display-component---NewYard--addressNewCostObjectCstID","interaction":{"idSuffix":"inner"}},"clearTextFirst":true,"interactionType":"ENTER_TEXT"}]}
COMMAND: POST /session/7d4fbfd037fb9998338d13e3e1bba5cd/actions - {"actions":[{"id":"action3","type":"key","parameters":{},"actions":[{"type":"keyDown","value":"î€‡"},{"type":"pause","duration":10},{"type":"keyUp","value":"î€‡"}]}]}
RESULT: {"actions":[{"id":"action3","type":"key","parameters":{},"actions":[{"type":"keyDown","value":"î€‡"},{"type":"pause","duration":10},{"type":"keyUp","value":"î€‡"}]}]}
COMMAND: GET /session/7d4fbfd037fb9998338d13e3e1bba5cd/screenshot - {}
RESULT: {}
COMMAND: POST /session/7d4fbfd037fb9998338d13e3e1bba5cd/execute/async - {"script":"<script> [1562 bytes]","args":[{"selector":{"controlType":"sap.m.Button","viewName":"etm.portal.ui.manageyards.view.New","viewId":"application-manageyards-display-component---NewYard","i18NText":{"propertyName":"text","key":"save"},"interaction":{"idSuffix":"inner"}},"wdio_ui5_key":"etmportal.ui.manageyards.view.Newsap.m.Button{\"propertyName\":\"text\",\"key\":\"save\"}"}]}
RESULT: {"script":"<script> [1562 bytes]","args":[{"selector":{"controlType":"sap.m.Button","viewName":"etm.portal.ui.manageyards.view.New","viewId":"application-manageyards-display-component---NewYard","i18NText":{"propertyName":"text","key":"save"},"interaction":{"idSuffix":"inner"}},"wdio_ui5_key":"etmportal.ui.manageyards.view.Newsap.m.Button{\"propertyName\":\"text\",\"key\":\"save\"}"}]}
RESULT: undefined
COMMAND: POST /session/7d4fbfd037fb9998338d13e3e1bba5cd/element - {"using":"xpath","value":"//*[@id=\"__button39\"]"}
RESULT: {"using":"xpath","value":"//*[@id=\"__button39\"]"}
COMMAND: POST /session/7d4fbfd037fb9998338d13e3e1bba5cd/element/f.8197E7E82739F49E8E00421C1FF1176E.d.540025719F2A532D2BB9E76ED383DE63.e.1196/click - {}
RESULT: {}
COMMAND: GET /session/7d4fbfd037fb9998338d13e3e1bba5cd/screenshot - {}
RESULT: {}
COMMAND: POST /session/7d4fbfd037fb9998338d13e3e1bba5cd/element - {"using":"xpath","value":"//header/div/div/div/div/div/div[2]/div/span"}
RESULT: {"using":"xpath","value":"//header/div/div/div/div/div/div[2]/div/span"}
COMMAND: GET /session/7d4fbfd037fb9998338d13e3e1bba5cd/element/f.8197E7E82739F49E8E00421C1FF1176E.d.540025719F2A532D2BB9E76ED383DE63.e.1445/text - {}
RESULT: {}
COMMAND: POST /session/7d4fbfd037fb9998338d13e3e1bba5cd/element - {"using":"xpath","value":"//header/div/div[2]/div[2]/span"}
RESULT: {"using":"xpath","value":"//header/div/div[2]/div[2]/span"}
COMMAND: GET /session/7d4fbfd037fb9998338d13e3e1bba5cd/element/f.8197E7E82739F49E8E00421C1FF1176E.d.540025719F2A532D2BB9E76ED383DE63.e.1446/text - {}
RESULT: {}
COMMAND: POST /session/7d4fbfd037fb9998338d13e3e1bba5cd/execute/async - {"script":"<script> [1562 bytes]","args":[{"selector":{"controlType":"sap.m.OverflowToolbarButton","viewName":"etm.portal.ui.manageyards.view.Detail","viewId":"application-manageyards-display-component---detailYard","i18NText":{"propertyName":"tooltip","key":"closeColumn"},"interaction":{"idSuffix":"inner"}},"wdio_ui5_key":"etmportal.ui.manageyards.view.Detailsap.m.OverflowToolbarButton{\"propertyName\":\"tooltip\",\"key\":\"closeColumn\"}"}]}
RESULT: {"script":"<script> [1562 bytes]","args":[{"selector":{"controlType":"sap.m.OverflowToolbarButton","viewName":"etm.portal.ui.manageyards.view.Detail","viewId":"application-manageyards-display-component---detailYard","i18NText":{"propertyName":"tooltip","key":"closeColumn"},"interaction":{"idSuffix":"inner"}},"wdio_ui5_key":"etmportal.ui.manageyards.view.Detailsap.m.OverflowToolbarButton{\"propertyName\":\"tooltip\",\"key\":\"closeColumn\"}"}]}
RESULT: undefined
COMMAND: POST /session/7d4fbfd037fb9998338d13e3e1bba5cd/element - {"using":"xpath","value":"//*[@id=\"__button62\"]"}
RESULT: {"using":"xpath","value":"//*[@id=\"__button62\"]"}
COMMAND: POST /session/7d4fbfd037fb9998338d13e3e1bba5cd/element/f.8197E7E82739F49E8E00421C1FF1176E.d.540025719F2A532D2BB9E76ED383DE63.e.1448/click - {}
RESULT: {}
COMMAND: POST /session/7d4fbfd037fb9998338d13e3e1bba5cd/refresh - {}
COMMAND: GET /session/7d4fbfd037fb9998338d13e3e1bba5cd/screenshot - {}
RESULT: {}
COMMAND: GET /session/7d4fbfd037fb9998338d13e3e1bba5cd/screenshot - {}
RESULT: {}
RESULT: {}
COMMAND: POST /session/7d4fbfd037fb9998338d13e3e1bba5cd/refresh - {}
RESULT: {}
COMMAND: GET /session/7d4fbfd037fb9998338d13e3e1bba5cd/screenshot - {}
RESULT: {}
COMMAND: POST /session/7d4fbfd037fb9998338d13e3e1bba5cd/window/fullscreen - {}
RESULT: {}
COMMAND: POST /session/7d4fbfd037fb9998338d13e3e1bba5cd/execute/async - {"script":"<script> [189 bytes]","args":[]}
RESULT: {"script":"<script> [189 bytes]","args":[]}
COMMAND: POST /session/7d4fbfd037fb9998338d13e3e1bba5cd/execute/async - {"script":"<script> [123 bytes]","args":[]}
RESULT: {"script":"<script> [123 bytes]","args":[]}
COMMAND: POST /session/7d4fbfd037fb9998338d13e3e1bba5cd/timeouts - {"script":"<number>"}
RESULT: {"script":"<number>"}
COMMAND: GET /session/7d4fbfd037fb9998338d13e3e1bba5cd/timeouts - {}
RESULT: {}
RESULT: undefined
COMMAND: POST /session/7d4fbfd037fb9998338d13e3e1bba5cd/execute/async - {"script":"<script> [2676 bytes]","args":[]}
RESULT: {"script":"<script> [2676 bytes]","args":[]}
COMMAND: POST /session/7d4fbfd037fb9998338d13e3e1bba5cd/execute/async - {"script":"<script> [2342 bytes]","args":[{"protocol":"http","hostname":"0.0.0.0","path":"/","capabilities":{"browserName":"chrome","goog:chromeOptions":{"binary":"C:\\Program Files\\Google\\Chrome\\Application\\chrome.exe","args":["--start-maximized"]}},"logLevel":"warn","connectionRetryTimeout":120000,"connectionRetryCount":3,"logLevels":{},"enableDirectConnect":true,"strictSSL":true,"_":"65 more keys: [\"cacheDir\",\"port\",\"requestedCapabilities\",\"automationProtocol\",\"baseUrl\",\"waitforInterval\",\"waitforTimeout\",\"onReload\",\"beforeCommand\",\"afterCommand\",\"rootDir\",\"specs\",\"suites\",\"exclude\",\"groupLogsByTestSpec\",\"excludeDriverLogs\",\"bail\",\"framework\",\"reporters\",\"services\",\"maxInstances\",\"maxInstancesPerCapability\",\"injectGlobals\",\"filesToWatch\",\"execArgv\",\"runnerEnv\",\"runner\",\"shard\",\"specFileRetries\",\"specFileRetriesDelay\",\"specFileRetriesDeferred\",\"reporterSyncInterval\",\"reporterSyncTimeout\",\"cucumberFeaturesWithLineNumbers\",\"autoCompileOpts\",\"mochaOpts\",\"jasmineOpts\",\"cucumberOpts\",\"onPrepare\",\"onWorkerStart\",\"onWorkerEnd\",\"before\",\"beforeSession\",\"beforeSuite\",\"beforeHook\",\"beforeTest\",\"afterTest\",\"afterHook\",\"afterSuite\",\"afterSession\",\"after\",\"onComplete\",\"beforeAssertion\",\"afterAssertion\",\"beforeFeature\",\"beforeScenario\",\"beforeStep\",\"afterStep\",\"afterScenario\",\"afterFeature\",\"_\",\"suite\",\"$0\",\"ignoredWorkerServices\",\"wdi5\"]"}]}
RESULT: {"script":"<script> [2342 bytes]","args":[{"protocol":"http","hostname":"0.0.0.0","path":"/","capabilities":{"browserName":"chrome","goog:chromeOptions":{"binary":"C:\\Program Files\\Google\\Chrome\\Application\\chrome.exe","args":["--start-maximized"]}},"logLevel":"warn","connectionRetryTimeout":120000,"connectionRetryCount":3,"logLevels":{},"enableDirectConnect":true,"strictSSL":true,"_":"65 more keys: [\"cacheDir\",\"port\",\"requestedCapabilities\",\"automationProtocol\",\"baseUrl\",\"waitforInterval\",\"waitforTimeout\",\"onReload\",\"beforeCommand\",\"afterCommand\",\"rootDir\",\"specs\",\"suites\",\"exclude\",\"groupLogsByTestSpec\",\"excludeDriverLogs\",\"bail\",\"framework\",\"reporters\",\"services\",\"maxInstances\",\"maxInstancesPerCapability\",\"injectGlobals\",\"filesToWatch\",\"execArgv\",\"runnerEnv\",\"runner\",\"shard\",\"specFileRetries\",\"specFileRetriesDelay\",\"specFileRetriesDeferred\",\"reporterSyncInterval\",\"reporterSyncTimeout\",\"cucumberFeaturesWithLineNumbers\",\"autoCompileOpts\",\"mochaOpts\",\"jasmineOpts\",\"cucumberOpts\",\"onPrepare\",\"onWorkerStart\",\"onWorkerEnd\",\"before\",\"beforeSession\",\"beforeSuite\",\"beforeHook\",\"beforeTest\",\"afterTest\",\"afterHook\",\"afterSuite\",\"afterSession\",\"after\",\"onComplete\",\"beforeAssertion\",\"afterAssertion\",\"beforeFeature\",\"beforeScenario\",\"beforeStep\",\"afterStep\",\"afterScenario\",\"afterFeature\",\"_\",\"suite\",\"$0\",\"ignoredWorkerServices\",\"wdi5\"]"}]}
COMMAND: POST /session/7d4fbfd037fb9998338d13e3e1bba5cd/execute/async - {"script":"<script> [21126 bytes]","args":[35000]}
RESULT: {"script":"<script> [21126 bytes]","args":[35000]}
]]></system-out>
    </testcase>
    <testcase classname="chrome.135_0_7049_96.windows.Create_2_Yards_US112496" name="Should create a WHM yard" time="67.256">
      <system-out><![CDATA[
COMMAND: POST /session/7d4fbfd037fb9998338d13e3e1bba5cd/execute/async - {"script":"<script> [1562 bytes]","args":[{"selector":{"controlType":"sap.ui.core.Icon","viewName":"etm.portal.ui.manageyards.view.Master","viewId":"application-manageyards-display-component---masterYard","properties":{"src":{"regex":{"source":"add"}}}},"wdio_ui5_key":"etmportal.ui.manageyards.view.Mastersap.ui.core.Icon{\"src\":{\"regex\":{\"source\":\"add\"}}}"}]}
RESULT: {"script":"<script> [1562 bytes]","args":[{"selector":{"controlType":"sap.ui.core.Icon","viewName":"etm.portal.ui.manageyards.view.Master","viewId":"application-manageyards-display-component---masterYard","properties":{"src":{"regex":{"source":"add"}}}},"wdio_ui5_key":"etmportal.ui.manageyards.view.Mastersap.ui.core.Icon{\"src\":{\"regex\":{\"source\":\"add\"}}}"}]}
RESULT: undefined
COMMAND: POST /session/7d4fbfd037fb9998338d13e3e1bba5cd/element - {"using":"xpath","value":"//*[@id=\"__button9-img\"]"}
RESULT: {"using":"xpath","value":"//*[@id=\"__button9-img\"]"}
COMMAND: POST /session/7d4fbfd037fb9998338d13e3e1bba5cd/element/f.8197E7E82739F49E8E00421C1FF1176E.d.5D19F2521C2175094B72E6EE04A5E6FE.e.1670/click - {}
RESULT: {}
COMMAND: GET /session/7d4fbfd037fb9998338d13e3e1bba5cd/screenshot - {}
RESULT: {}
COMMAND: POST /session/7d4fbfd037fb9998338d13e3e1bba5cd/execute/async - {"script":"<script> [1562 bytes]","args":[{"selector":{"id":"application-manageyards-display-component---NewYard--yardId","interaction":{"idSuffix":"inner"}},"wdio_ui5_key":"applicationmanageyards-display-component---NewYard--yardId"}]}
RESULT: {"script":"<script> [1562 bytes]","args":[{"selector":{"id":"application-manageyards-display-component---NewYard--yardId","interaction":{"idSuffix":"inner"}},"wdio_ui5_key":"applicationmanageyards-display-component---NewYard--yardId"}]}
RESULT: undefined
COMMAND: POST /session/7d4fbfd037fb9998338d13e3e1bba5cd/element - {"using":"xpath","value":"//*[@id=\"application-manageyards-display-component---NewYard--addressDetailDetailsName1-inner\"]"}
RESULT: {"using":"xpath","value":"//*[@id=\"application-manageyards-display-component---NewYard--addressDetailDetailsName1-inner\"]"}
COMMAND: POST /session/7d4fbfd037fb9998338d13e3e1bba5cd/element/f.8197E7E82739F49E8E00421C1FF1176E.d.5D19F2521C2175094B72E6EE04A5E6FE.e.1788/clear - {}
RESULT: {}
COMMAND: POST /session/7d4fbfd037fb9998338d13e3e1bba5cd/element/f.8197E7E82739F49E8E00421C1FF1176E.d.5D19F2521C2175094B72E6EE04A5E6FE.e.1788/value - {"text":"Webdriver WHM Yard j88qa"}
COMMAND: GET /session/7d4fbfd037fb9998338d13e3e1bba5cd/screenshot - {}
RESULT: {"text":"Webdriver WHM Yard j88qa"}
COMMAND: POST /session/7d4fbfd037fb9998338d13e3e1bba5cd/element - {"using":"xpath","value":"//*[@id=\"application-manageyards-display-component---NewYard--addressDetailDetailsLanguage-inner\"]"}
COMMAND: GET /session/7d4fbfd037fb9998338d13e3e1bba5cd/screenshot - {}
RESULT: {}
RESULT: {"using":"xpath","value":"//*[@id=\"application-manageyards-display-component---NewYard--addressDetailDetailsLanguage-inner\"]"}
COMMAND: POST /session/7d4fbfd037fb9998338d13e3e1bba5cd/element/f.8197E7E82739F49E8E00421C1FF1176E.d.5D19F2521C2175094B72E6EE04A5E6FE.e.1789/clear - {}
RESULT: {}
RESULT: {}
COMMAND: POST /session/7d4fbfd037fb9998338d13e3e1bba5cd/element/f.8197E7E82739F49E8E00421C1FF1176E.d.5D19F2521C2175094B72E6EE04A5E6FE.e.1789/value - {"text":"Romanian"}
COMMAND: GET /session/7d4fbfd037fb9998338d13e3e1bba5cd/screenshot - {}
RESULT: {"text":"Romanian"}
COMMAND: GET /session/7d4fbfd037fb9998338d13e3e1bba5cd/screenshot - {}
RESULT: {}
RESULT: {}
COMMAND: POST /session/7d4fbfd037fb9998338d13e3e1bba5cd/element - {"using":"xpath","value":"//*[@id=\"application-manageyards-display-component---NewYard--addressDetailDetailsCity1-inner\"]"}
RESULT: {"using":"xpath","value":"//*[@id=\"application-manageyards-display-component---NewYard--addressDetailDetailsCity1-inner\"]"}
COMMAND: POST /session/7d4fbfd037fb9998338d13e3e1bba5cd/element/f.8197E7E82739F49E8E00421C1FF1176E.d.5D19F2521C2175094B72E6EE04A5E6FE.e.1791/clear - {}
RESULT: {}
COMMAND: POST /session/7d4fbfd037fb9998338d13e3e1bba5cd/element/f.8197E7E82739F49E8E00421C1FF1176E.d.5D19F2521C2175094B72E6EE04A5E6FE.e.1791/value - {"text":"Bucuresti"}
COMMAND: GET /session/7d4fbfd037fb9998338d13e3e1bba5cd/screenshot - {}
RESULT: {"text":"Bucuresti"}
COMMAND: GET /session/7d4fbfd037fb9998338d13e3e1bba5cd/screenshot - {}
RESULT: {}
RESULT: {}
COMMAND: POST /session/7d4fbfd037fb9998338d13e3e1bba5cd/element - {"using":"xpath","value":"//*[@id=\"application-manageyards-display-component---NewYard--addressDetailDetailsCountry-inner\"]"}
RESULT: {"using":"xpath","value":"//*[@id=\"application-manageyards-display-component---NewYard--addressDetailDetailsCountry-inner\"]"}
COMMAND: POST /session/7d4fbfd037fb9998338d13e3e1bba5cd/element/f.8197E7E82739F49E8E00421C1FF1176E.d.5D19F2521C2175094B72E6EE04A5E6FE.e.1795/clear - {}
RESULT: {}
COMMAND: POST /session/7d4fbfd037fb9998338d13e3e1bba5cd/element/f.8197E7E82739F49E8E00421C1FF1176E.d.5D19F2521C2175094B72E6EE04A5E6FE.e.1795/value - {"text":"Romania"}
COMMAND: GET /session/7d4fbfd037fb9998338d13e3e1bba5cd/screenshot - {}
RESULT: {"text":"Romania"}
COMMAND: GET /session/7d4fbfd037fb9998338d13e3e1bba5cd/screenshot - {}
RESULT: {}
RESULT: {}
COMMAND: POST /session/7d4fbfd037fb9998338d13e3e1bba5cd/execute/async - {"script":"<script> [1562 bytes]","args":[{"selector":{"controlType":"sap.m.Button","viewName":"etm.portal.ui.manageyards.view.New","viewId":"application-manageyards-display-component---NewYard","properties":{"text":"Commercial"},"interaction":{"idSuffix":"BDI-content"}},"wdio_ui5_key":"etmportal.ui.manageyards.view.Newsap.m.Button{\"text\":\"Commercial\"}"}]}
RESULT: {"script":"<script> [1562 bytes]","args":[{"selector":{"controlType":"sap.m.Button","viewName":"etm.portal.ui.manageyards.view.New","viewId":"application-manageyards-display-component---NewYard","properties":{"text":"Commercial"},"interaction":{"idSuffix":"BDI-content"}},"wdio_ui5_key":"etmportal.ui.manageyards.view.Newsap.m.Button{\"text\":\"Commercial\"}"}]}
RESULT: undefined
COMMAND: POST /session/7d4fbfd037fb9998338d13e3e1bba5cd/element - {"using":"xpath","value":"//*[@id=\"application-manageyards-display-component---NewYard--ObjectPageLayout-anchBar-__section18-anchor\"]"}
RESULT: {"using":"xpath","value":"//*[@id=\"application-manageyards-display-component---NewYard--ObjectPageLayout-anchBar-__section18-anchor\"]"}
COMMAND: POST /session/7d4fbfd037fb9998338d13e3e1bba5cd/element/f.8197E7E82739F49E8E00421C1FF1176E.d.5D19F2521C2175094B72E6EE04A5E6FE.e.1940/click - {}
RESULT: {}
COMMAND: GET /session/7d4fbfd037fb9998338d13e3e1bba5cd/screenshot - {}
RESULT: {}
COMMAND: POST /session/7d4fbfd037fb9998338d13e3e1bba5cd/element - {"using":"xpath","value":"//input[@id='application-manageyards-display-component---NewYard--addressEditDetailsCostObjectCstType-inner']"}
RESULT: {"using":"xpath","value":"//input[@id='application-manageyards-display-component---NewYard--addressEditDetailsCostObjectCstType-inner']"}
COMMAND: POST /session/7d4fbfd037fb9998338d13e3e1bba5cd/execute/sync - {"script":"<script> [8489 bytes]","args":[{"element-6066-11e4-a52e-4f735466cecf":"f.8197E7E82739F49E8E00421C1FF1176E.d.5D19F2521C2175094B72E6EE04A5E6FE.e.1801","ELEMENT":"f.8197E7E82739F49E8E00421C1FF1176E.d.5D19F2521C2175094B72E6EE04A5E6FE.e.1801"}]}
RESULT: {"script":"<script> [8489 bytes]","args":[{"element-6066-11e4-a52e-4f735466cecf":"f.8197E7E82739F49E8E00421C1FF1176E.d.5D19F2521C2175094B72E6EE04A5E6FE.e.1801","ELEMENT":"f.8197E7E82739F49E8E00421C1FF1176E.d.5D19F2521C2175094B72E6EE04A5E6FE.e.1801"}]}
COMMAND: POST /session/7d4fbfd037fb9998338d13e3e1bba5cd/element/f.8197E7E82739F49E8E00421C1FF1176E.d.5D19F2521C2175094B72E6EE04A5E6FE.e.1801/clear - {}
COMMAND: GET /session/7d4fbfd037fb9998338d13e3e1bba5cd/screenshot - {}
RESULT: {}
COMMAND: POST /session/7d4fbfd037fb9998338d13e3e1bba5cd/element/f.8197E7E82739F49E8E00421C1FF1176E.d.5D19F2521C2175094B72E6EE04A5E6FE.e.1801/value - {"text":"Cost"}
COMMAND: GET /session/7d4fbfd037fb9998338d13e3e1bba5cd/screenshot - {}
RESULT: {}
RESULT: {"text":"Cost"}
COMMAND: GET /session/7d4fbfd037fb9998338d13e3e1bba5cd/screenshot - {}
RESULT: {}
RESULT: {}
COMMAND: POST /session/7d4fbfd037fb9998338d13e3e1bba5cd/execute/async - {"script":"<script> [1562 bytes]","args":[{"selector":{"id":"application-manageyards-display-component---NewYard--addressNewCostObjectCstID","interaction":{"idSuffix":"inner"}},"wdio_ui5_key":"applicationmanageyards-display-component---NewYard--addressNewCostObjectCstID"}]}
RESULT: {"script":"<script> [1562 bytes]","args":[{"selector":{"id":"application-manageyards-display-component---NewYard--addressNewCostObjectCstID","interaction":{"idSuffix":"inner"}},"wdio_ui5_key":"applicationmanageyards-display-component---NewYard--addressNewCostObjectCstID"}]}
RESULT: undefined
COMMAND: POST /session/7d4fbfd037fb9998338d13e3e1bba5cd/execute/async - {"script":"<script> [776 bytes]","args":[{"enterText":"10001013","selector":{"id":"application-manageyards-display-component---NewYard--addressNewCostObjectCstID","interaction":{"idSuffix":"inner"}},"clearTextFirst":true,"interactionType":"ENTER_TEXT"}]}
RESULT: {"script":"<script> [776 bytes]","args":[{"enterText":"10001013","selector":{"id":"application-manageyards-display-component---NewYard--addressNewCostObjectCstID","interaction":{"idSuffix":"inner"}},"clearTextFirst":true,"interactionType":"ENTER_TEXT"}]}
COMMAND: POST /session/7d4fbfd037fb9998338d13e3e1bba5cd/actions - {"actions":[{"id":"action4","type":"key","parameters":{},"actions":[{"type":"keyDown","value":"î€‡"},{"type":"pause","duration":10},{"type":"keyUp","value":"î€‡"}]}]}
RESULT: {"actions":[{"id":"action4","type":"key","parameters":{},"actions":[{"type":"keyDown","value":"î€‡"},{"type":"pause","duration":10},{"type":"keyUp","value":"î€‡"}]}]}
COMMAND: POST /session/7d4fbfd037fb9998338d13e3e1bba5cd/execute/async - {"script":"<script> [1562 bytes]","args":[{"selector":{"id":"application-manageyards-display-component---NewYard--addressEditDetailsCurrency","interaction":{"idSuffix":"inner"}},"wdio_ui5_key":"applicationmanageyards-display-component---NewYard--addressEditDetailsCurrency"}]}
COMMAND: GET /session/7d4fbfd037fb9998338d13e3e1bba5cd/screenshot - {}
RESULT: {"script":"<script> [1562 bytes]","args":[{"selector":{"id":"application-manageyards-display-component---NewYard--addressEditDetailsCurrency","interaction":{"idSuffix":"inner"}},"wdio_ui5_key":"applicationmanageyards-display-component---NewYard--addressEditDetailsCurrency"}]}
RESULT: undefined
COMMAND: POST /session/7d4fbfd037fb9998338d13e3e1bba5cd/execute/async - {"script":"<script> [776 bytes]","args":[{"enterText":"Euro","selector":{"id":"application-manageyards-display-component---NewYard--addressEditDetailsCurrency","interaction":{"idSuffix":"inner"}},"clearTextFirst":true,"interactionType":"ENTER_TEXT"}]}
RESULT: {}
RESULT: {"script":"<script> [776 bytes]","args":[{"enterText":"Euro","selector":{"id":"application-manageyards-display-component---NewYard--addressEditDetailsCurrency","interaction":{"idSuffix":"inner"}},"clearTextFirst":true,"interactionType":"ENTER_TEXT"}]}
COMMAND: POST /session/7d4fbfd037fb9998338d13e3e1bba5cd/execute/async - {"script":"<script> [1562 bytes]","args":[{"selector":{"controlType":"sap.m.Input","viewName":"etm.portal.ui.manageyards.view.New","viewId":"application-manageyards-display-component---NewYard","bindingPath":{"path":"","propertyPath":"/CONTROLLING_AREA","modelName":"NewYardModel"},"interaction":{"idSuffix":"inner"}},"wdio_ui5_key":"etmportal.ui.manageyards.view.Newsap.m.Input{\"path\":\"\",\"propertyPath\":\"/CONTROLLING_AREA\",\"modelName\":\"NewYardModel\"}"}]}
RESULT: {"script":"<script> [1562 bytes]","args":[{"selector":{"controlType":"sap.m.Input","viewName":"etm.portal.ui.manageyards.view.New","viewId":"application-manageyards-display-component---NewYard","bindingPath":{"path":"","propertyPath":"/CONTROLLING_AREA","modelName":"NewYardModel"},"interaction":{"idSuffix":"inner"}},"wdio_ui5_key":"etmportal.ui.manageyards.view.Newsap.m.Input{\"path\":\"\",\"propertyPath\":\"/CONTROLLING_AREA\",\"modelName\":\"NewYardModel\"}"}]}
RESULT: undefined
COMMAND: POST /session/7d4fbfd037fb9998338d13e3e1bba5cd/execute/async - {"script":"<script> [776 bytes]","args":[{"enterText":"Z001","selector":{"controlType":"sap.m.Input","viewName":"etm.portal.ui.manageyards.view.New","viewId":"application-manageyards-display-component---NewYard","bindingPath":{"path":"","propertyPath":"/CONTROLLING_AREA","modelName":"NewYardModel"},"interaction":{"idSuffix":"inner"}},"clearTextFirst":true,"interactionType":"ENTER_TEXT"}]}
RESULT: {"script":"<script> [776 bytes]","args":[{"enterText":"Z001","selector":{"controlType":"sap.m.Input","viewName":"etm.portal.ui.manageyards.view.New","viewId":"application-manageyards-display-component---NewYard","bindingPath":{"path":"","propertyPath":"/CONTROLLING_AREA","modelName":"NewYardModel"},"interaction":{"idSuffix":"inner"}},"clearTextFirst":true,"interactionType":"ENTER_TEXT"}]}
COMMAND: POST /session/7d4fbfd037fb9998338d13e3e1bba5cd/execute/async - {"script":"<script> [1562 bytes]","args":[{"selector":{"id":"application-manageyards-display-component---NewYard--companyCodeComboBox","interaction":{"idSuffix":"inner"}},"wdio_ui5_key":"applicationmanageyards-display-component---NewYard--companyCodeComboBox"}]}
RESULT: {"script":"<script> [1562 bytes]","args":[{"selector":{"id":"application-manageyards-display-component---NewYard--companyCodeComboBox","interaction":{"idSuffix":"inner"}},"wdio_ui5_key":"applicationmanageyards-display-component---NewYard--companyCodeComboBox"}]}
RESULT: undefined
COMMAND: POST /session/7d4fbfd037fb9998338d13e3e1bba5cd/execute/async - {"script":"<script> [776 bytes]","args":[{"enterText":"1000","selector":{"id":"application-manageyards-display-component---NewYard--companyCodeComboBox","interaction":{"idSuffix":"inner"}},"clearTextFirst":true,"interactionType":"ENTER_TEXT"}]}
RESULT: {"script":"<script> [776 bytes]","args":[{"enterText":"1000","selector":{"id":"application-manageyards-display-component---NewYard--companyCodeComboBox","interaction":{"idSuffix":"inner"}},"clearTextFirst":true,"interactionType":"ENTER_TEXT"}]}
COMMAND: POST /session/7d4fbfd037fb9998338d13e3e1bba5cd/actions - {"actions":[{"id":"action5","type":"key","parameters":{},"actions":[{"type":"keyDown","value":"î€‡"},{"type":"pause","duration":10},{"type":"keyUp","value":"î€‡"}]}]}
RESULT: {"actions":[{"id":"action5","type":"key","parameters":{},"actions":[{"type":"keyDown","value":"î€‡"},{"type":"pause","duration":10},{"type":"keyUp","value":"î€‡"}]}]}
COMMAND: POST /session/7d4fbfd037fb9998338d13e3e1bba5cd/execute/async - {"script":"<script> [1562 bytes]","args":[{"selector":{"controlType":"sap.m.Input","viewName":"etm.portal.ui.manageyards.view.New","viewId":"application-manageyards-display-component---NewYard","bindingPath":{"path":"","propertyPath":"/PLANT","modelName":"NewYardModel"},"interaction":{"idSuffix":"inner"}},"wdio_ui5_key":"etmportal.ui.manageyards.view.Newsap.m.Input{\"path\":\"\",\"propertyPath\":\"/PLANT\",\"modelName\":\"NewYardModel\"}"}]}
COMMAND: GET /session/7d4fbfd037fb9998338d13e3e1bba5cd/screenshot - {}
RESULT: {"script":"<script> [1562 bytes]","args":[{"selector":{"controlType":"sap.m.Input","viewName":"etm.portal.ui.manageyards.view.New","viewId":"application-manageyards-display-component---NewYard","bindingPath":{"path":"","propertyPath":"/PLANT","modelName":"NewYardModel"},"interaction":{"idSuffix":"inner"}},"wdio_ui5_key":"etmportal.ui.manageyards.view.Newsap.m.Input{\"path\":\"\",\"propertyPath\":\"/PLANT\",\"modelName\":\"NewYardModel\"}"}]}
RESULT: undefined
COMMAND: POST /session/7d4fbfd037fb9998338d13e3e1bba5cd/execute/async - {"script":"<script> [776 bytes]","args":[{"enterText":"1001","selector":{"controlType":"sap.m.Input","viewName":"etm.portal.ui.manageyards.view.New","viewId":"application-manageyards-display-component---NewYard","bindingPath":{"path":"","propertyPath":"/PLANT","modelName":"NewYardModel"},"interaction":{"idSuffix":"inner"}},"clearTextFirst":true,"interactionType":"ENTER_TEXT"}]}
RESULT: {}
RESULT: {"script":"<script> [776 bytes]","args":[{"enterText":"1001","selector":{"controlType":"sap.m.Input","viewName":"etm.portal.ui.manageyards.view.New","viewId":"application-manageyards-display-component---NewYard","bindingPath":{"path":"","propertyPath":"/PLANT","modelName":"NewYardModel"},"interaction":{"idSuffix":"inner"}},"clearTextFirst":true,"interactionType":"ENTER_TEXT"}]}
COMMAND: POST /session/7d4fbfd037fb9998338d13e3e1bba5cd/execute/async - {"script":"<script> [1562 bytes]","args":[{"selector":{"controlType":"sap.m.Input","viewName":"etm.portal.ui.manageyards.view.New","viewId":"application-manageyards-display-component---NewYard","bindingPath":{"path":"","propertyPath":"/SALES_AREA_VKORG","modelName":"NewYardModel"},"interaction":{"idSuffix":"inner"}},"wdio_ui5_key":"etmportal.ui.manageyards.view.Newsap.m.Input{\"path\":\"\",\"propertyPath\":\"/SALES_AREA_VKORG\",\"modelName\":\"NewYardModel\"}"}]}
RESULT: {"script":"<script> [1562 bytes]","args":[{"selector":{"controlType":"sap.m.Input","viewName":"etm.portal.ui.manageyards.view.New","viewId":"application-manageyards-display-component---NewYard","bindingPath":{"path":"","propertyPath":"/SALES_AREA_VKORG","modelName":"NewYardModel"},"interaction":{"idSuffix":"inner"}},"wdio_ui5_key":"etmportal.ui.manageyards.view.Newsap.m.Input{\"path\":\"\",\"propertyPath\":\"/SALES_AREA_VKORG\",\"modelName\":\"NewYardModel\"}"}]}
RESULT: undefined
COMMAND: POST /session/7d4fbfd037fb9998338d13e3e1bba5cd/execute/async - {"script":"<script> [776 bytes]","args":[{"enterText":"C002","selector":{"controlType":"sap.m.Input","viewName":"etm.portal.ui.manageyards.view.New","viewId":"application-manageyards-display-component---NewYard","bindingPath":{"path":"","propertyPath":"/SALES_AREA_VKORG","modelName":"NewYardModel"},"interaction":{"idSuffix":"inner"}},"clearTextFirst":true,"interactionType":"ENTER_TEXT"}]}
RESULT: {"script":"<script> [776 bytes]","args":[{"enterText":"C002","selector":{"controlType":"sap.m.Input","viewName":"etm.portal.ui.manageyards.view.New","viewId":"application-manageyards-display-component---NewYard","bindingPath":{"path":"","propertyPath":"/SALES_AREA_VKORG","modelName":"NewYardModel"},"interaction":{"idSuffix":"inner"}},"clearTextFirst":true,"interactionType":"ENTER_TEXT"}]}
COMMAND: POST /session/7d4fbfd037fb9998338d13e3e1bba5cd/execute/async - {"script":"<script> [1562 bytes]","args":[{"selector":{"controlType":"sap.m.Input","viewName":"etm.portal.ui.manageyards.view.New","viewId":"application-manageyards-display-component---NewYard","bindingPath":{"path":"","propertyPath":"/SALES_AREA_VTWEG","modelName":"NewYardModel"},"interaction":{"idSuffix":"inner"}},"wdio_ui5_key":"etmportal.ui.manageyards.view.Newsap.m.Input{\"path\":\"\",\"propertyPath\":\"/SALES_AREA_VTWEG\",\"modelName\":\"NewYardModel\"}"}]}
RESULT: {"script":"<script> [1562 bytes]","args":[{"selector":{"controlType":"sap.m.Input","viewName":"etm.portal.ui.manageyards.view.New","viewId":"application-manageyards-display-component---NewYard","bindingPath":{"path":"","propertyPath":"/SALES_AREA_VTWEG","modelName":"NewYardModel"},"interaction":{"idSuffix":"inner"}},"wdio_ui5_key":"etmportal.ui.manageyards.view.Newsap.m.Input{\"path\":\"\",\"propertyPath\":\"/SALES_AREA_VTWEG\",\"modelName\":\"NewYardModel\"}"}]}
RESULT: undefined
COMMAND: POST /session/7d4fbfd037fb9998338d13e3e1bba5cd/execute/async - {"script":"<script> [776 bytes]","args":[{"enterText":"C2","selector":{"controlType":"sap.m.Input","viewName":"etm.portal.ui.manageyards.view.New","viewId":"application-manageyards-display-component---NewYard","bindingPath":{"path":"","propertyPath":"/SALES_AREA_VTWEG","modelName":"NewYardModel"},"interaction":{"idSuffix":"inner"}},"clearTextFirst":true,"interactionType":"ENTER_TEXT"}]}
RESULT: {"script":"<script> [776 bytes]","args":[{"enterText":"C2","selector":{"controlType":"sap.m.Input","viewName":"etm.portal.ui.manageyards.view.New","viewId":"application-manageyards-display-component---NewYard","bindingPath":{"path":"","propertyPath":"/SALES_AREA_VTWEG","modelName":"NewYardModel"},"interaction":{"idSuffix":"inner"}},"clearTextFirst":true,"interactionType":"ENTER_TEXT"}]}
COMMAND: POST /session/7d4fbfd037fb9998338d13e3e1bba5cd/execute/async - {"script":"<script> [1562 bytes]","args":[{"selector":{"controlType":"sap.m.Input","viewName":"etm.portal.ui.manageyards.view.New","viewId":"application-manageyards-display-component---NewYard","bindingPath":{"path":"","propertyPath":"/SALES_AREA_SPART","modelName":"NewYardModel"},"interaction":{"idSuffix":"inner"}},"wdio_ui5_key":"etmportal.ui.manageyards.view.Newsap.m.Input{\"path\":\"\",\"propertyPath\":\"/SALES_AREA_SPART\",\"modelName\":\"NewYardModel\"}"}]}
RESULT: {"script":"<script> [1562 bytes]","args":[{"selector":{"controlType":"sap.m.Input","viewName":"etm.portal.ui.manageyards.view.New","viewId":"application-manageyards-display-component---NewYard","bindingPath":{"path":"","propertyPath":"/SALES_AREA_SPART","modelName":"NewYardModel"},"interaction":{"idSuffix":"inner"}},"wdio_ui5_key":"etmportal.ui.manageyards.view.Newsap.m.Input{\"path\":\"\",\"propertyPath\":\"/SALES_AREA_SPART\",\"modelName\":\"NewYardModel\"}"}]}
RESULT: undefined
COMMAND: POST /session/7d4fbfd037fb9998338d13e3e1bba5cd/execute/async - {"script":"<script> [776 bytes]","args":[{"enterText":"C2","selector":{"controlType":"sap.m.Input","viewName":"etm.portal.ui.manageyards.view.New","viewId":"application-manageyards-display-component---NewYard","bindingPath":{"path":"","propertyPath":"/SALES_AREA_SPART","modelName":"NewYardModel"},"interaction":{"idSuffix":"inner"}},"clearTextFirst":true,"interactionType":"ENTER_TEXT"}]}
RESULT: {"script":"<script> [776 bytes]","args":[{"enterText":"C2","selector":{"controlType":"sap.m.Input","viewName":"etm.portal.ui.manageyards.view.New","viewId":"application-manageyards-display-component---NewYard","bindingPath":{"path":"","propertyPath":"/SALES_AREA_SPART","modelName":"NewYardModel"},"interaction":{"idSuffix":"inner"}},"clearTextFirst":true,"interactionType":"ENTER_TEXT"}]}
COMMAND: POST /session/7d4fbfd037fb9998338d13e3e1bba5cd/execute/async - {"script":"<script> [1562 bytes]","args":[{"selector":{"id":"application-manageyards-display-component---NewYard--whmCheckBox","interaction":{"idSuffix":"CbBg"}},"wdio_ui5_key":"applicationmanageyards-display-component---NewYard--whmCheckBox"}]}
RESULT: {"script":"<script> [1562 bytes]","args":[{"selector":{"id":"application-manageyards-display-component---NewYard--whmCheckBox","interaction":{"idSuffix":"CbBg"}},"wdio_ui5_key":"applicationmanageyards-display-component---NewYard--whmCheckBox"}]}
RESULT: undefined
COMMAND: POST /session/7d4fbfd037fb9998338d13e3e1bba5cd/element - {"using":"xpath","value":"//*[@id=\"application-manageyards-display-component---NewYard--whmCheckBox\"]"}
RESULT: {"using":"xpath","value":"//*[@id=\"application-manageyards-display-component---NewYard--whmCheckBox\"]"}
COMMAND: POST /session/7d4fbfd037fb9998338d13e3e1bba5cd/element/f.8197E7E82739F49E8E00421C1FF1176E.d.5D19F2521C2175094B72E6EE04A5E6FE.e.1964/click - {}
RESULT: {}
COMMAND: POST /session/7d4fbfd037fb9998338d13e3e1bba5cd/execute/async - {"script":"<script> [1562 bytes]","args":[{"selector":{"controlType":"sap.m.Button","viewName":"etm.portal.ui.manageyards.view.New","viewId":"application-manageyards-display-component---NewYard","i18NText":{"propertyName":"text","key":"save"},"interaction":{"idSuffix":"inner"}},"wdio_ui5_key":"etmportal.ui.manageyards.view.Newsap.m.Button{\"propertyName\":\"text\",\"key\":\"save\"}"}]}
COMMAND: GET /session/7d4fbfd037fb9998338d13e3e1bba5cd/screenshot - {}
RESULT: {"script":"<script> [1562 bytes]","args":[{"selector":{"controlType":"sap.m.Button","viewName":"etm.portal.ui.manageyards.view.New","viewId":"application-manageyards-display-component---NewYard","i18NText":{"propertyName":"text","key":"save"},"interaction":{"idSuffix":"inner"}},"wdio_ui5_key":"etmportal.ui.manageyards.view.Newsap.m.Button{\"propertyName\":\"text\",\"key\":\"save\"}"}]}
RESULT: undefined
COMMAND: POST /session/7d4fbfd037fb9998338d13e3e1bba5cd/element - {"using":"xpath","value":"//*[@id=\"__button43\"]"}
RESULT: {}
RESULT: {"using":"xpath","value":"//*[@id=\"__button43\"]"}
COMMAND: POST /session/7d4fbfd037fb9998338d13e3e1bba5cd/element/f.8197E7E82739F49E8E00421C1FF1176E.d.5D19F2521C2175094B72E6EE04A5E6FE.e.1925/click - {}
RESULT: {}
COMMAND: GET /session/7d4fbfd037fb9998338d13e3e1bba5cd/screenshot - {}
RESULT: {}
COMMAND: POST /session/7d4fbfd037fb9998338d13e3e1bba5cd/element - {"using":"xpath","value":"//header/div/div/div/div/div/div[2]/div/span"}
RESULT: {"using":"xpath","value":"//header/div/div/div/div/div/div[2]/div/span"}
COMMAND: GET /session/7d4fbfd037fb9998338d13e3e1bba5cd/element/f.8197E7E82739F49E8E00421C1FF1176E.d.5D19F2521C2175094B72E6EE04A5E6FE.e.2115/text - {}
RESULT: {}
COMMAND: POST /session/7d4fbfd037fb9998338d13e3e1bba5cd/element - {"using":"xpath","value":"//header/div/div[2]/div[2]/span"}
RESULT: {"using":"xpath","value":"//header/div/div[2]/div[2]/span"}
COMMAND: GET /session/7d4fbfd037fb9998338d13e3e1bba5cd/element/f.8197E7E82739F49E8E00421C1FF1176E.d.5D19F2521C2175094B72E6EE04A5E6FE.e.2116/text - {}
RESULT: {}
COMMAND: POST /session/7d4fbfd037fb9998338d13e3e1bba5cd/element - {"using":"css selector","value":"#j_username"}
COMMAND: POST /session/7d4fbfd037fb9998338d13e3e1bba5cd/url - {"url":"https://qa-testing-00-live-etm-ui.cfapps.eu10-004.hana.ondemand.com/"}
RESULT: {"using":"css selector","value":"#j_username"}
COMMAND: POST /session/7d4fbfd037fb9998338d13e3e1bba5cd/element - {"using":"css selector","value":"#j_username"}
RESULT: {"url":"https://qa-testing-00-live-etm-ui.cfapps.eu10-004.hana.ondemand.com/"}
RESULT: undefined
COMMAND: GET /session/7d4fbfd037fb9998338d13e3e1bba5cd/screenshot - {}
RESULT: {"using":"css selector","value":"#j_username"}
COMMAND: POST /session/7d4fbfd037fb9998338d13e3e1bba5cd/element - {"using":"css selector","value":"#shell-header-logo"}
RESULT: {}
RESULT: {"using":"css selector","value":"#shell-header-logo"}
COMMAND: POST /session/7d4fbfd037fb9998338d13e3e1bba5cd/execute/sync - {"script":"<script> [8489 bytes]","args":[{"element-6066-11e4-a52e-4f735466cecf":"f.8197E7E82739F49E8E00421C1FF1176E.d.39F1129758AC13B5A2B64A7D3BBF580C.e.2126","ELEMENT":"f.8197E7E82739F49E8E00421C1FF1176E.d.39F1129758AC13B5A2B64A7D3BBF580C.e.2126"}]}
RESULT: {"script":"<script> [8489 bytes]","args":[{"element-6066-11e4-a52e-4f735466cecf":"f.8197E7E82739F49E8E00421C1FF1176E.d.39F1129758AC13B5A2B64A7D3BBF580C.e.2126","ELEMENT":"f.8197E7E82739F49E8E00421C1FF1176E.d.39F1129758AC13B5A2B64A7D3BBF580C.e.2126"}]}
COMMAND: POST /session/7d4fbfd037fb9998338d13e3e1bba5cd/element - {"using":"css selector","value":"#shell-header-logo"}
COMMAND: GET /session/7d4fbfd037fb9998338d13e3e1bba5cd/screenshot - {}
RESULT: {"using":"css selector","value":"#shell-header-logo"}
COMMAND: POST /session/7d4fbfd037fb9998338d13e3e1bba5cd/execute/sync - {"script":"<script> [8489 bytes]","args":[{"element-6066-11e4-a52e-4f735466cecf":"f.8197E7E82739F49E8E00421C1FF1176E.d.39F1129758AC13B5A2B64A7D3BBF580C.e.2126","ELEMENT":"f.8197E7E82739F49E8E00421C1FF1176E.d.39F1129758AC13B5A2B64A7D3BBF580C.e.2126"}]}
RESULT: {}
RESULT: {"script":"<script> [8489 bytes]","args":[{"element-6066-11e4-a52e-4f735466cecf":"f.8197E7E82739F49E8E00421C1FF1176E.d.39F1129758AC13B5A2B64A7D3BBF580C.e.2126","ELEMENT":"f.8197E7E82739F49E8E00421C1FF1176E.d.39F1129758AC13B5A2B64A7D3BBF580C.e.2126"}]}
COMMAND: POST /session/7d4fbfd037fb9998338d13e3e1bba5cd/execute/sync - {"script":"<script> [5351 bytes]","args":[{"element-6066-11e4-a52e-4f735466cecf":"f.8197E7E82739F49E8E00421C1FF1176E.d.39F1129758AC13B5A2B64A7D3BBF580C.e.2126","ELEMENT":"f.8197E7E82739F49E8E00421C1FF1176E.d.39F1129758AC13B5A2B64A7D3BBF580C.e.2126"}]}
COMMAND: GET /session/7d4fbfd037fb9998338d13e3e1bba5cd/screenshot - {}
RESULT: {"script":"<script> [5351 bytes]","args":[{"element-6066-11e4-a52e-4f735466cecf":"f.8197E7E82739F49E8E00421C1FF1176E.d.39F1129758AC13B5A2B64A7D3BBF580C.e.2126","ELEMENT":"f.8197E7E82739F49E8E00421C1FF1176E.d.39F1129758AC13B5A2B64A7D3BBF580C.e.2126"}]}
COMMAND: POST /session/7d4fbfd037fb9998338d13e3e1bba5cd/element - {"using":"css selector","value":"#shell-header-logo"}
COMMAND: GET /session/7d4fbfd037fb9998338d13e3e1bba5cd/screenshot - {}
RESULT: {}
RESULT: {"using":"css selector","value":"#shell-header-logo"}
COMMAND: POST /session/7d4fbfd037fb9998338d13e3e1bba5cd/element/f.8197E7E82739F49E8E00421C1FF1176E.d.39F1129758AC13B5A2B64A7D3BBF580C.e.2126/click - {}
RESULT: {}
RESULT: {}
COMMAND: GET /session/7d4fbfd037fb9998338d13e3e1bba5cd/screenshot - {}
RESULT: {}
COMMAND: POST /session/7d4fbfd037fb9998338d13e3e1bba5cd/execute/async - {"script":"<script> [189 bytes]","args":[]}
RESULT: {"script":"<script> [189 bytes]","args":[]}
COMMAND: POST /session/7d4fbfd037fb9998338d13e3e1bba5cd/execute/async - {"script":"<script> [123 bytes]","args":[]}
RESULT: {"script":"<script> [123 bytes]","args":[]}
COMMAND: POST /session/7d4fbfd037fb9998338d13e3e1bba5cd/timeouts - {"script":"<number>"}
RESULT: {"script":"<number>"}
COMMAND: GET /session/7d4fbfd037fb9998338d13e3e1bba5cd/timeouts - {}
RESULT: {}
RESULT: undefined
COMMAND: POST /session/7d4fbfd037fb9998338d13e3e1bba5cd/execute/async - {"script":"<script> [2676 bytes]","args":[]}
RESULT: {"script":"<script> [2676 bytes]","args":[]}
COMMAND: POST /session/7d4fbfd037fb9998338d13e3e1bba5cd/execute/async - {"script":"<script> [2342 bytes]","args":[{"protocol":"http","hostname":"0.0.0.0","path":"/","capabilities":{"browserName":"chrome","goog:chromeOptions":{"binary":"C:\\Program Files\\Google\\Chrome\\Application\\chrome.exe","args":["--start-maximized"]}},"logLevel":"warn","connectionRetryTimeout":120000,"connectionRetryCount":3,"logLevels":{},"enableDirectConnect":true,"strictSSL":true,"_":"65 more keys: [\"cacheDir\",\"port\",\"requestedCapabilities\",\"automationProtocol\",\"baseUrl\",\"waitforInterval\",\"waitforTimeout\",\"onReload\",\"beforeCommand\",\"afterCommand\",\"rootDir\",\"specs\",\"suites\",\"exclude\",\"groupLogsByTestSpec\",\"excludeDriverLogs\",\"bail\",\"framework\",\"reporters\",\"services\",\"maxInstances\",\"maxInstancesPerCapability\",\"injectGlobals\",\"filesToWatch\",\"execArgv\",\"runnerEnv\",\"runner\",\"shard\",\"specFileRetries\",\"specFileRetriesDelay\",\"specFileRetriesDeferred\",\"reporterSyncInterval\",\"reporterSyncTimeout\",\"cucumberFeaturesWithLineNumbers\",\"autoCompileOpts\",\"mochaOpts\",\"jasmineOpts\",\"cucumberOpts\",\"onPrepare\",\"onWorkerStart\",\"onWorkerEnd\",\"before\",\"beforeSession\",\"beforeSuite\",\"beforeHook\",\"beforeTest\",\"afterTest\",\"afterHook\",\"afterSuite\",\"afterSession\",\"after\",\"onComplete\",\"beforeAssertion\",\"afterAssertion\",\"beforeFeature\",\"beforeScenario\",\"beforeStep\",\"afterStep\",\"afterScenario\",\"afterFeature\",\"_\",\"suite\",\"$0\",\"ignoredWorkerServices\",\"wdi5\"]"}]}
RESULT: {"script":"<script> [2342 bytes]","args":[{"protocol":"http","hostname":"0.0.0.0","path":"/","capabilities":{"browserName":"chrome","goog:chromeOptions":{"binary":"C:\\Program Files\\Google\\Chrome\\Application\\chrome.exe","args":["--start-maximized"]}},"logLevel":"warn","connectionRetryTimeout":120000,"connectionRetryCount":3,"logLevels":{},"enableDirectConnect":true,"strictSSL":true,"_":"65 more keys: [\"cacheDir\",\"port\",\"requestedCapabilities\",\"automationProtocol\",\"baseUrl\",\"waitforInterval\",\"waitforTimeout\",\"onReload\",\"beforeCommand\",\"afterCommand\",\"rootDir\",\"specs\",\"suites\",\"exclude\",\"groupLogsByTestSpec\",\"excludeDriverLogs\",\"bail\",\"framework\",\"reporters\",\"services\",\"maxInstances\",\"maxInstancesPerCapability\",\"injectGlobals\",\"filesToWatch\",\"execArgv\",\"runnerEnv\",\"runner\",\"shard\",\"specFileRetries\",\"specFileRetriesDelay\",\"specFileRetriesDeferred\",\"reporterSyncInterval\",\"reporterSyncTimeout\",\"cucumberFeaturesWithLineNumbers\",\"autoCompileOpts\",\"mochaOpts\",\"jasmineOpts\",\"cucumberOpts\",\"onPrepare\",\"onWorkerStart\",\"onWorkerEnd\",\"before\",\"beforeSession\",\"beforeSuite\",\"beforeHook\",\"beforeTest\",\"afterTest\",\"afterHook\",\"afterSuite\",\"afterSession\",\"after\",\"onComplete\",\"beforeAssertion\",\"afterAssertion\",\"beforeFeature\",\"beforeScenario\",\"beforeStep\",\"afterStep\",\"afterScenario\",\"afterFeature\",\"_\",\"suite\",\"$0\",\"ignoredWorkerServices\",\"wdi5\"]"}]}
COMMAND: POST /session/7d4fbfd037fb9998338d13e3e1bba5cd/execute/async - {"script":"<script> [21126 bytes]","args":[35000]}
RESULT: {"script":"<script> [21126 bytes]","args":[35000]}
COMMAND: POST /session/7d4fbfd037fb9998338d13e3e1bba5cd/window/maximize - {}
RESULT: {}
COMMAND: POST /session/7d4fbfd037fb9998338d13e3e1bba5cd/execute/async - {"script":"<script> [1562 bytes]","args":[{"selector":{"id":"shell-header","interaction":{"idSuffix":"icon"}},"wdio_ui5_key":"shellheader"}]}
COMMAND: GET /session/7d4fbfd037fb9998338d13e3e1bba5cd/screenshot - {}
RESULT: {"script":"<script> [1562 bytes]","args":[{"selector":{"id":"shell-header","interaction":{"idSuffix":"icon"}},"wdio_ui5_key":"shellheader"}]}
RESULT: undefined
COMMAND: POST /session/7d4fbfd037fb9998338d13e3e1bba5cd/refresh - {}
RESULT: {}
RESULT: {}
COMMAND: GET /session/7d4fbfd037fb9998338d13e3e1bba5cd/screenshot - {}
RESULT: {}
COMMAND: POST /session/7d4fbfd037fb9998338d13e3e1bba5cd/refresh - {}
RESULT: {}
COMMAND: GET /session/7d4fbfd037fb9998338d13e3e1bba5cd/screenshot - {}
RESULT: {}
COMMAND: POST /session/7d4fbfd037fb9998338d13e3e1bba5cd/window/fullscreen - {}
RESULT: {}
COMMAND: POST /session/7d4fbfd037fb9998338d13e3e1bba5cd/execute/async - {"script":"<script> [189 bytes]","args":[]}
RESULT: {"script":"<script> [189 bytes]","args":[]}
COMMAND: POST /session/7d4fbfd037fb9998338d13e3e1bba5cd/execute/async - {"script":"<script> [123 bytes]","args":[]}
RESULT: {"script":"<script> [123 bytes]","args":[]}
COMMAND: POST /session/7d4fbfd037fb9998338d13e3e1bba5cd/timeouts - {"script":"<number>"}
RESULT: {"script":"<number>"}
COMMAND: GET /session/7d4fbfd037fb9998338d13e3e1bba5cd/timeouts - {}
RESULT: {}
RESULT: undefined
COMMAND: POST /session/7d4fbfd037fb9998338d13e3e1bba5cd/execute/async - {"script":"<script> [2676 bytes]","args":[]}
RESULT: {"script":"<script> [2676 bytes]","args":[]}
COMMAND: POST /session/7d4fbfd037fb9998338d13e3e1bba5cd/execute/async - {"script":"<script> [2342 bytes]","args":[{"protocol":"http","hostname":"0.0.0.0","path":"/","capabilities":{"browserName":"chrome","goog:chromeOptions":{"binary":"C:\\Program Files\\Google\\Chrome\\Application\\chrome.exe","args":["--start-maximized"]}},"logLevel":"warn","connectionRetryTimeout":120000,"connectionRetryCount":3,"logLevels":{},"enableDirectConnect":true,"strictSSL":true,"_":"65 more keys: [\"cacheDir\",\"port\",\"requestedCapabilities\",\"automationProtocol\",\"baseUrl\",\"waitforInterval\",\"waitforTimeout\",\"onReload\",\"beforeCommand\",\"afterCommand\",\"rootDir\",\"specs\",\"suites\",\"exclude\",\"groupLogsByTestSpec\",\"excludeDriverLogs\",\"bail\",\"framework\",\"reporters\",\"services\",\"maxInstances\",\"maxInstancesPerCapability\",\"injectGlobals\",\"filesToWatch\",\"execArgv\",\"runnerEnv\",\"runner\",\"shard\",\"specFileRetries\",\"specFileRetriesDelay\",\"specFileRetriesDeferred\",\"reporterSyncInterval\",\"reporterSyncTimeout\",\"cucumberFeaturesWithLineNumbers\",\"autoCompileOpts\",\"mochaOpts\",\"jasmineOpts\",\"cucumberOpts\",\"onPrepare\",\"onWorkerStart\",\"onWorkerEnd\",\"before\",\"beforeSession\",\"beforeSuite\",\"beforeHook\",\"beforeTest\",\"afterTest\",\"afterHook\",\"afterSuite\",\"afterSession\",\"after\",\"onComplete\",\"beforeAssertion\",\"afterAssertion\",\"beforeFeature\",\"beforeScenario\",\"beforeStep\",\"afterStep\",\"afterScenario\",\"afterFeature\",\"_\",\"suite\",\"$0\",\"ignoredWorkerServices\",\"wdi5\"]"}]}
RESULT: {"script":"<script> [2342 bytes]","args":[{"protocol":"http","hostname":"0.0.0.0","path":"/","capabilities":{"browserName":"chrome","goog:chromeOptions":{"binary":"C:\\Program Files\\Google\\Chrome\\Application\\chrome.exe","args":["--start-maximized"]}},"logLevel":"warn","connectionRetryTimeout":120000,"connectionRetryCount":3,"logLevels":{},"enableDirectConnect":true,"strictSSL":true,"_":"65 more keys: [\"cacheDir\",\"port\",\"requestedCapabilities\",\"automationProtocol\",\"baseUrl\",\"waitforInterval\",\"waitforTimeout\",\"onReload\",\"beforeCommand\",\"afterCommand\",\"rootDir\",\"specs\",\"suites\",\"exclude\",\"groupLogsByTestSpec\",\"excludeDriverLogs\",\"bail\",\"framework\",\"reporters\",\"services\",\"maxInstances\",\"maxInstancesPerCapability\",\"injectGlobals\",\"filesToWatch\",\"execArgv\",\"runnerEnv\",\"runner\",\"shard\",\"specFileRetries\",\"specFileRetriesDelay\",\"specFileRetriesDeferred\",\"reporterSyncInterval\",\"reporterSyncTimeout\",\"cucumberFeaturesWithLineNumbers\",\"autoCompileOpts\",\"mochaOpts\",\"jasmineOpts\",\"cucumberOpts\",\"onPrepare\",\"onWorkerStart\",\"onWorkerEnd\",\"before\",\"beforeSession\",\"beforeSuite\",\"beforeHook\",\"beforeTest\",\"afterTest\",\"afterHook\",\"afterSuite\",\"afterSession\",\"after\",\"onComplete\",\"beforeAssertion\",\"afterAssertion\",\"beforeFeature\",\"beforeScenario\",\"beforeStep\",\"afterStep\",\"afterScenario\",\"afterFeature\",\"_\",\"suite\",\"$0\",\"ignoredWorkerServices\",\"wdi5\"]"}]}
COMMAND: POST /session/7d4fbfd037fb9998338d13e3e1bba5cd/execute/async - {"script":"<script> [21126 bytes]","args":[35000]}
RESULT: {"script":"<script> [21126 bytes]","args":[35000]}
]]></system-out>
    </testcase>
  </testsuite>
  <testsuite timestamp="2025-04-27T15:23:57" time="251.578" tests="2" failures="0" errors="0" skipped="0">
    <properties>
      <property name="specId" value="0" />
      <property name="suiteName" value="Create partner US118246" />
      <property name="capabilities" value="chrome.135_0_7049_96.windows" />
      <property name="file" value="file:///D:/a/1/s/test/specs/BTS/create-partner.spec.js" />
    </properties>
    <testcase classname="chrome.135_0_7049_96.windows.Create_partner_US118246" name="Should create new external partner" time="115.822">
      <system-out><![CDATA[
COMMAND: POST /session/7d4fbfd037fb9998338d13e3e1bba5cd/window/fullscreen - {}
RESULT: {}
COMMAND: POST /session/7d4fbfd037fb9998338d13e3e1bba5cd/execute/async - {"script":"<script> [1562 bytes]","args":[{"selector":{"controlType":"sap.m.GenericTile","properties":{"header":"Manage Partners"}},"wdio_ui5_key":"sapm.GenericTile{\"header\":\"Manage Partners\"}"}]}
RESULT: {"script":"<script> [1562 bytes]","args":[{"selector":{"controlType":"sap.m.GenericTile","properties":{"header":"Manage Partners"}},"wdio_ui5_key":"sapm.GenericTile{\"header\":\"Manage Partners\"}"}]}
RESULT: undefined
COMMAND: POST /session/7d4fbfd037fb9998338d13e3e1bba5cd/element - {"using":"xpath","value":"//*[@id=\"__tile38\"]"}
RESULT: {"using":"xpath","value":"//*[@id=\"__tile38\"]"}
COMMAND: POST /session/7d4fbfd037fb9998338d13e3e1bba5cd/element/f.8197E7E82739F49E8E00421C1FF1176E.d.CCD32113332662375B33B39FE17D8373.e.2274/click - {}
RESULT: {}
COMMAND: POST /session/7d4fbfd037fb9998338d13e3e1bba5cd/element - {"using":"xpath","value":"//button[@data-kt=\"addButton\"]"}
COMMAND: GET /session/7d4fbfd037fb9998338d13e3e1bba5cd/screenshot - {}
RESULT: {"using":"xpath","value":"//button[@data-kt=\"addButton\"]"}
COMMAND: POST /session/7d4fbfd037fb9998338d13e3e1bba5cd/elements - {"using":"xpath","value":"//button[@data-kt=\"addButton\"]"}
RESULT: {}
RESULT: {"using":"xpath","value":"//button[@data-kt=\"addButton\"]"}
COMMAND: POST /session/7d4fbfd037fb9998338d13e3e1bba5cd/elements - {"using":"xpath","value":"//button[@data-kt=\"addButton\"]"}
RESULT: {"using":"xpath","value":"//button[@data-kt=\"addButton\"]"}
COMMAND: POST /session/7d4fbfd037fb9998338d13e3e1bba5cd/elements - {"using":"xpath","value":"//button[@data-kt=\"addButton\"]"}
RESULT: {"using":"xpath","value":"//button[@data-kt=\"addButton\"]"}
COMMAND: POST /session/7d4fbfd037fb9998338d13e3e1bba5cd/elements - {"using":"xpath","value":"//button[@data-kt=\"addButton\"]"}
RESULT: {"using":"xpath","value":"//button[@data-kt=\"addButton\"]"}
COMMAND: POST /session/7d4fbfd037fb9998338d13e3e1bba5cd/elements - {"using":"xpath","value":"//button[@data-kt=\"addButton\"]"}
RESULT: {"using":"xpath","value":"//button[@data-kt=\"addButton\"]"}
COMMAND: POST /session/7d4fbfd037fb9998338d13e3e1bba5cd/elements - {"using":"xpath","value":"//button[@data-kt=\"addButton\"]"}
RESULT: {"using":"xpath","value":"//button[@data-kt=\"addButton\"]"}
COMMAND: POST /session/7d4fbfd037fb9998338d13e3e1bba5cd/elements - {"using":"xpath","value":"//button[@data-kt=\"addButton\"]"}
RESULT: {"using":"xpath","value":"//button[@data-kt=\"addButton\"]"}
COMMAND: POST /session/7d4fbfd037fb9998338d13e3e1bba5cd/elements - {"using":"xpath","value":"//button[@data-kt=\"addButton\"]"}
RESULT: {"using":"xpath","value":"//button[@data-kt=\"addButton\"]"}
COMMAND: POST /session/7d4fbfd037fb9998338d13e3e1bba5cd/elements - {"using":"xpath","value":"//button[@data-kt=\"addButton\"]"}
RESULT: {"using":"xpath","value":"//button[@data-kt=\"addButton\"]"}
COMMAND: POST /session/7d4fbfd037fb9998338d13e3e1bba5cd/elements - {"using":"xpath","value":"//button[@data-kt=\"addButton\"]"}
RESULT: {"using":"xpath","value":"//button[@data-kt=\"addButton\"]"}
COMMAND: POST /session/7d4fbfd037fb9998338d13e3e1bba5cd/elements - {"using":"xpath","value":"//button[@data-kt=\"addButton\"]"}
RESULT: {"using":"xpath","value":"//button[@data-kt=\"addButton\"]"}
COMMAND: POST /session/7d4fbfd037fb9998338d13e3e1bba5cd/elements - {"using":"xpath","value":"//button[@data-kt=\"addButton\"]"}
RESULT: {"using":"xpath","value":"//button[@data-kt=\"addButton\"]"}
COMMAND: POST /session/7d4fbfd037fb9998338d13e3e1bba5cd/elements - {"using":"xpath","value":"//button[@data-kt=\"addButton\"]"}
RESULT: {"using":"xpath","value":"//button[@data-kt=\"addButton\"]"}
COMMAND: POST /session/7d4fbfd037fb9998338d13e3e1bba5cd/elements - {"using":"xpath","value":"//button[@data-kt=\"addButton\"]"}
RESULT: {"using":"xpath","value":"//button[@data-kt=\"addButton\"]"}
COMMAND: POST /session/7d4fbfd037fb9998338d13e3e1bba5cd/elements - {"using":"xpath","value":"//button[@data-kt=\"addButton\"]"}
RESULT: {"using":"xpath","value":"//button[@data-kt=\"addButton\"]"}
COMMAND: POST /session/7d4fbfd037fb9998338d13e3e1bba5cd/elements - {"using":"xpath","value":"//button[@data-kt=\"addButton\"]"}
RESULT: {"using":"xpath","value":"//button[@data-kt=\"addButton\"]"}
COMMAND: POST /session/7d4fbfd037fb9998338d13e3e1bba5cd/elements - {"using":"xpath","value":"//button[@data-kt=\"addButton\"]"}
RESULT: {"using":"xpath","value":"//button[@data-kt=\"addButton\"]"}
COMMAND: POST /session/7d4fbfd037fb9998338d13e3e1bba5cd/elements - {"using":"xpath","value":"//button[@data-kt=\"addButton\"]"}
RESULT: {"using":"xpath","value":"//button[@data-kt=\"addButton\"]"}
COMMAND: POST /session/7d4fbfd037fb9998338d13e3e1bba5cd/elements - {"using":"xpath","value":"//button[@data-kt=\"addButton\"]"}
RESULT: {"using":"xpath","value":"//button[@data-kt=\"addButton\"]"}
COMMAND: POST /session/7d4fbfd037fb9998338d13e3e1bba5cd/elements - {"using":"xpath","value":"//button[@data-kt=\"addButton\"]"}
RESULT: {"using":"xpath","value":"//button[@data-kt=\"addButton\"]"}
COMMAND: POST /session/7d4fbfd037fb9998338d13e3e1bba5cd/elements - {"using":"xpath","value":"//button[@data-kt=\"addButton\"]"}
RESULT: {"using":"xpath","value":"//button[@data-kt=\"addButton\"]"}
COMMAND: POST /session/7d4fbfd037fb9998338d13e3e1bba5cd/elements - {"using":"xpath","value":"//button[@data-kt=\"addButton\"]"}
RESULT: {"using":"xpath","value":"//button[@data-kt=\"addButton\"]"}
COMMAND: POST /session/7d4fbfd037fb9998338d13e3e1bba5cd/elements - {"using":"xpath","value":"//button[@data-kt=\"addButton\"]"}
RESULT: {"using":"xpath","value":"//button[@data-kt=\"addButton\"]"}
COMMAND: POST /session/7d4fbfd037fb9998338d13e3e1bba5cd/elements - {"using":"xpath","value":"//button[@data-kt=\"addButton\"]"}
RESULT: {"using":"xpath","value":"//button[@data-kt=\"addButton\"]"}
COMMAND: POST /session/7d4fbfd037fb9998338d13e3e1bba5cd/elements - {"using":"xpath","value":"//button[@data-kt=\"addButton\"]"}
RESULT: {"using":"xpath","value":"//button[@data-kt=\"addButton\"]"}
COMMAND: POST /session/7d4fbfd037fb9998338d13e3e1bba5cd/elements - {"using":"xpath","value":"//button[@data-kt=\"addButton\"]"}
RESULT: {"using":"xpath","value":"//button[@data-kt=\"addButton\"]"}
COMMAND: POST /session/7d4fbfd037fb9998338d13e3e1bba5cd/elements - {"using":"xpath","value":"//button[@data-kt=\"addButton\"]"}
RESULT: {"using":"xpath","value":"//button[@data-kt=\"addButton\"]"}
COMMAND: POST /session/7d4fbfd037fb9998338d13e3e1bba5cd/elements - {"using":"xpath","value":"//button[@data-kt=\"addButton\"]"}
RESULT: {"using":"xpath","value":"//button[@data-kt=\"addButton\"]"}
COMMAND: POST /session/7d4fbfd037fb9998338d13e3e1bba5cd/elements - {"using":"xpath","value":"//button[@data-kt=\"addButton\"]"}
RESULT: {"using":"xpath","value":"//button[@data-kt=\"addButton\"]"}
COMMAND: POST /session/7d4fbfd037fb9998338d13e3e1bba5cd/elements - {"using":"xpath","value":"//button[@data-kt=\"addButton\"]"}
RESULT: {"using":"xpath","value":"//button[@data-kt=\"addButton\"]"}
COMMAND: POST /session/7d4fbfd037fb9998338d13e3e1bba5cd/elements - {"using":"xpath","value":"//button[@data-kt=\"addButton\"]"}
RESULT: {"using":"xpath","value":"//button[@data-kt=\"addButton\"]"}
COMMAND: POST /session/7d4fbfd037fb9998338d13e3e1bba5cd/elements - {"using":"xpath","value":"//button[@data-kt=\"addButton\"]"}
RESULT: {"using":"xpath","value":"//button[@data-kt=\"addButton\"]"}
COMMAND: POST /session/7d4fbfd037fb9998338d13e3e1bba5cd/elements - {"using":"xpath","value":"//button[@data-kt=\"addButton\"]"}
RESULT: {"using":"xpath","value":"//button[@data-kt=\"addButton\"]"}
COMMAND: POST /session/7d4fbfd037fb9998338d13e3e1bba5cd/elements - {"using":"xpath","value":"//button[@data-kt=\"addButton\"]"}
RESULT: {"using":"xpath","value":"//button[@data-kt=\"addButton\"]"}
COMMAND: POST /session/7d4fbfd037fb9998338d13e3e1bba5cd/elements - {"using":"xpath","value":"//button[@data-kt=\"addButton\"]"}
RESULT: {"using":"xpath","value":"//button[@data-kt=\"addButton\"]"}
COMMAND: POST /session/7d4fbfd037fb9998338d13e3e1bba5cd/elements - {"using":"xpath","value":"//button[@data-kt=\"addButton\"]"}
RESULT: {"using":"xpath","value":"//button[@data-kt=\"addButton\"]"}
COMMAND: POST /session/7d4fbfd037fb9998338d13e3e1bba5cd/elements - {"using":"xpath","value":"//button[@data-kt=\"addButton\"]"}
RESULT: {"using":"xpath","value":"//button[@data-kt=\"addButton\"]"}
COMMAND: POST /session/7d4fbfd037fb9998338d13e3e1bba5cd/elements - {"using":"xpath","value":"//button[@data-kt=\"addButton\"]"}
RESULT: {"using":"xpath","value":"//button[@data-kt=\"addButton\"]"}
COMMAND: POST /session/7d4fbfd037fb9998338d13e3e1bba5cd/elements - {"using":"xpath","value":"//button[@data-kt=\"addButton\"]"}
RESULT: {"using":"xpath","value":"//button[@data-kt=\"addButton\"]"}
COMMAND: POST /session/7d4fbfd037fb9998338d13e3e1bba5cd/elements - {"using":"xpath","value":"//button[@data-kt=\"addButton\"]"}
RESULT: {"using":"xpath","value":"//button[@data-kt=\"addButton\"]"}
COMMAND: POST /session/7d4fbfd037fb9998338d13e3e1bba5cd/elements - {"using":"xpath","value":"//button[@data-kt=\"addButton\"]"}
RESULT: {"using":"xpath","value":"//button[@data-kt=\"addButton\"]"}
COMMAND: POST /session/7d4fbfd037fb9998338d13e3e1bba5cd/elements - {"using":"xpath","value":"//button[@data-kt=\"addButton\"]"}
RESULT: {"using":"xpath","value":"//button[@data-kt=\"addButton\"]"}
COMMAND: POST /session/7d4fbfd037fb9998338d13e3e1bba5cd/elements - {"using":"xpath","value":"//button[@data-kt=\"addButton\"]"}
RESULT: {"using":"xpath","value":"//button[@data-kt=\"addButton\"]"}
COMMAND: POST /session/7d4fbfd037fb9998338d13e3e1bba5cd/elements - {"using":"xpath","value":"//button[@data-kt=\"addButton\"]"}
RESULT: {"using":"xpath","value":"//button[@data-kt=\"addButton\"]"}
COMMAND: POST /session/7d4fbfd037fb9998338d13e3e1bba5cd/elements - {"using":"xpath","value":"//button[@data-kt=\"addButton\"]"}
RESULT: {"using":"xpath","value":"//button[@data-kt=\"addButton\"]"}
COMMAND: POST /session/7d4fbfd037fb9998338d13e3e1bba5cd/elements - {"using":"xpath","value":"//button[@data-kt=\"addButton\"]"}
RESULT: {"using":"xpath","value":"//button[@data-kt=\"addButton\"]"}
COMMAND: POST /session/7d4fbfd037fb9998338d13e3e1bba5cd/elements - {"using":"xpath","value":"//button[@data-kt=\"addButton\"]"}
RESULT: {"using":"xpath","value":"//button[@data-kt=\"addButton\"]"}
COMMAND: POST /session/7d4fbfd037fb9998338d13e3e1bba5cd/elements - {"using":"xpath","value":"//button[@data-kt=\"addButton\"]"}
RESULT: {"using":"xpath","value":"//button[@data-kt=\"addButton\"]"}
COMMAND: POST /session/7d4fbfd037fb9998338d13e3e1bba5cd/elements - {"using":"xpath","value":"//button[@data-kt=\"addButton\"]"}
RESULT: {"using":"xpath","value":"//button[@data-kt=\"addButton\"]"}
COMMAND: POST /session/7d4fbfd037fb9998338d13e3e1bba5cd/elements - {"using":"xpath","value":"//button[@data-kt=\"addButton\"]"}
RESULT: {"using":"xpath","value":"//button[@data-kt=\"addButton\"]"}
COMMAND: POST /session/7d4fbfd037fb9998338d13e3e1bba5cd/elements - {"using":"xpath","value":"//button[@data-kt=\"addButton\"]"}
RESULT: {"using":"xpath","value":"//button[@data-kt=\"addButton\"]"}
COMMAND: POST /session/7d4fbfd037fb9998338d13e3e1bba5cd/elements - {"using":"xpath","value":"//button[@data-kt=\"addButton\"]"}
RESULT: {"using":"xpath","value":"//button[@data-kt=\"addButton\"]"}
COMMAND: POST /session/7d4fbfd037fb9998338d13e3e1bba5cd/elements - {"using":"xpath","value":"//button[@data-kt=\"addButton\"]"}
RESULT: {"using":"xpath","value":"//button[@data-kt=\"addButton\"]"}
COMMAND: POST /session/7d4fbfd037fb9998338d13e3e1bba5cd/elements - {"using":"xpath","value":"//button[@data-kt=\"addButton\"]"}
RESULT: {"using":"xpath","value":"//button[@data-kt=\"addButton\"]"}
COMMAND: POST /session/7d4fbfd037fb9998338d13e3e1bba5cd/elements - {"using":"xpath","value":"//button[@data-kt=\"addButton\"]"}
RESULT: {"using":"xpath","value":"//button[@data-kt=\"addButton\"]"}
COMMAND: POST /session/7d4fbfd037fb9998338d13e3e1bba5cd/elements - {"using":"xpath","value":"//button[@data-kt=\"addButton\"]"}
RESULT: {"using":"xpath","value":"//button[@data-kt=\"addButton\"]"}
COMMAND: POST /session/7d4fbfd037fb9998338d13e3e1bba5cd/elements - {"using":"xpath","value":"//button[@data-kt=\"addButton\"]"}
RESULT: {"using":"xpath","value":"//button[@data-kt=\"addButton\"]"}
COMMAND: POST /session/7d4fbfd037fb9998338d13e3e1bba5cd/elements - {"using":"xpath","value":"//button[@data-kt=\"addButton\"]"}
RESULT: {"using":"xpath","value":"//button[@data-kt=\"addButton\"]"}
COMMAND: POST /session/7d4fbfd037fb9998338d13e3e1bba5cd/elements - {"using":"xpath","value":"//button[@data-kt=\"addButton\"]"}
RESULT: {"using":"xpath","value":"//button[@data-kt=\"addButton\"]"}
COMMAND: POST /session/7d4fbfd037fb9998338d13e3e1bba5cd/elements - {"using":"xpath","value":"//button[@data-kt=\"addButton\"]"}
RESULT: {"using":"xpath","value":"//button[@data-kt=\"addButton\"]"}
COMMAND: POST /session/7d4fbfd037fb9998338d13e3e1bba5cd/elements - {"using":"xpath","value":"//button[@data-kt=\"addButton\"]"}
RESULT: {"using":"xpath","value":"//button[@data-kt=\"addButton\"]"}
COMMAND: POST /session/7d4fbfd037fb9998338d13e3e1bba5cd/elements - {"using":"xpath","value":"//button[@data-kt=\"addButton\"]"}
RESULT: {"using":"xpath","value":"//button[@data-kt=\"addButton\"]"}
COMMAND: POST /session/7d4fbfd037fb9998338d13e3e1bba5cd/elements - {"using":"xpath","value":"//button[@data-kt=\"addButton\"]"}
RESULT: {"using":"xpath","value":"//button[@data-kt=\"addButton\"]"}
COMMAND: POST /session/7d4fbfd037fb9998338d13e3e1bba5cd/element - {"using":"xpath","value":"//button[@data-kt=\"addButton\"]"}
RESULT: {"using":"xpath","value":"//button[@data-kt=\"addButton\"]"}
COMMAND: POST /session/7d4fbfd037fb9998338d13e3e1bba5cd/execute/sync - {"script":"<script> [8489 bytes]","args":[{"element-6066-11e4-a52e-4f735466cecf":"f.8197E7E82739F49E8E00421C1FF1176E.d.CCD32113332662375B33B39FE17D8373.e.2421","ELEMENT":"f.8197E7E82739F49E8E00421C1FF1176E.d.CCD32113332662375B33B39FE17D8373.e.2421"}]}
RESULT: {"script":"<script> [8489 bytes]","args":[{"element-6066-11e4-a52e-4f735466cecf":"f.8197E7E82739F49E8E00421C1FF1176E.d.CCD32113332662375B33B39FE17D8373.e.2421","ELEMENT":"f.8197E7E82739F49E8E00421C1FF1176E.d.CCD32113332662375B33B39FE17D8373.e.2421"}]}
COMMAND: GET /session/7d4fbfd037fb9998338d13e3e1bba5cd/element/f.8197E7E82739F49E8E00421C1FF1176E.d.CCD32113332662375B33B39FE17D8373.e.2421/enabled - {}
COMMAND: GET /session/7d4fbfd037fb9998338d13e3e1bba5cd/screenshot - {}
RESULT: {}
COMMAND: POST /session/7d4fbfd037fb9998338d13e3e1bba5cd/execute/sync - {"script":"<script> [8489 bytes]","args":[{"element-6066-11e4-a52e-4f735466cecf":"f.8197E7E82739F49E8E00421C1FF1176E.d.CCD32113332662375B33B39FE17D8373.e.2421","ELEMENT":"f.8197E7E82739F49E8E00421C1FF1176E.d.CCD32113332662375B33B39FE17D8373.e.2421"}]}
COMMAND: GET /session/7d4fbfd037fb9998338d13e3e1bba5cd/screenshot - {}
RESULT: {}
RESULT: {"script":"<script> [8489 bytes]","args":[{"element-6066-11e4-a52e-4f735466cecf":"f.8197E7E82739F49E8E00421C1FF1176E.d.CCD32113332662375B33B39FE17D8373.e.2421","ELEMENT":"f.8197E7E82739F49E8E00421C1FF1176E.d.CCD32113332662375B33B39FE17D8373.e.2421"}]}
COMMAND: POST /session/7d4fbfd037fb9998338d13e3e1bba5cd/execute/sync - {"script":"<script> [5351 bytes]","args":[{"element-6066-11e4-a52e-4f735466cecf":"f.8197E7E82739F49E8E00421C1FF1176E.d.CCD32113332662375B33B39FE17D8373.e.2421","ELEMENT":"f.8197E7E82739F49E8E00421C1FF1176E.d.CCD32113332662375B33B39FE17D8373.e.2421"}]}
COMMAND: GET /session/7d4fbfd037fb9998338d13e3e1bba5cd/screenshot - {}
RESULT: {}
RESULT: {"script":"<script> [5351 bytes]","args":[{"element-6066-11e4-a52e-4f735466cecf":"f.8197E7E82739F49E8E00421C1FF1176E.d.CCD32113332662375B33B39FE17D8373.e.2421","ELEMENT":"f.8197E7E82739F49E8E00421C1FF1176E.d.CCD32113332662375B33B39FE17D8373.e.2421"}]}
COMMAND: POST /session/7d4fbfd037fb9998338d13e3e1bba5cd/element/f.8197E7E82739F49E8E00421C1FF1176E.d.CCD32113332662375B33B39FE17D8373.e.2421/click - {}
COMMAND: GET /session/7d4fbfd037fb9998338d13e3e1bba5cd/screenshot - {}
RESULT: {}
RESULT: {}
COMMAND: GET /session/7d4fbfd037fb9998338d13e3e1bba5cd/screenshot - {}
COMMAND: POST /session/7d4fbfd037fb9998338d13e3e1bba5cd/execute/async - {"script":"<script> [1562 bytes]","args":[{"selector":{"id":"application-managepartners-display-component---NewPartner--addressDetailDetailsName1","interaction":{"idSuffix":"inner"}},"wdio_ui5_key":"applicationmanagepartners-display-component---NewPartner--addressDetailDetailsName1"}]}
RESULT: {}
RESULT: {}
RESULT: {"script":"<script> [1562 bytes]","args":[{"selector":{"id":"application-managepartners-display-component---NewPartner--addressDetailDetailsName1","interaction":{"idSuffix":"inner"}},"wdio_ui5_key":"applicationmanagepartners-display-component---NewPartner--addressDetailDetailsName1"}]}
RESULT: undefined
COMMAND: POST /session/7d4fbfd037fb9998338d13e3e1bba5cd/execute/async - {"script":"<script> [776 bytes]","args":[{"enterText":"External Partner WDIO","selector":{"id":"application-managepartners-display-component---NewPartner--addressDetailDetailsName1","interaction":{"idSuffix":"inner"}},"clearTextFirst":true,"interactionType":"ENTER_TEXT"}]}
RESULT: {"script":"<script> [776 bytes]","args":[{"enterText":"External Partner WDIO","selector":{"id":"application-managepartners-display-component---NewPartner--addressDetailDetailsName1","interaction":{"idSuffix":"inner"}},"clearTextFirst":true,"interactionType":"ENTER_TEXT"}]}
COMMAND: POST /session/7d4fbfd037fb9998338d13e3e1bba5cd/execute/async - {"script":"<script> [1562 bytes]","args":[{"selector":{"id":"application-managepartners-display-component---NewPartner--addressDetailDetailsLanguage-arrow"},"wdio_ui5_key":"applicationmanagepartners-display-component---NewPartner--addressDetailDetailsLanguage-arrow"}]}
RESULT: {"script":"<script> [1562 bytes]","args":[{"selector":{"id":"application-managepartners-display-component---NewPartner--addressDetailDetailsLanguage-arrow"},"wdio_ui5_key":"applicationmanagepartners-display-component---NewPartner--addressDetailDetailsLanguage-arrow"}]}
RESULT: undefined
COMMAND: POST /session/7d4fbfd037fb9998338d13e3e1bba5cd/element - {"using":"xpath","value":"//*[@id=\"application-managepartners-display-component---NewPartner--addressDetailDetailsLanguage-arrow\"]"}
RESULT: {"using":"xpath","value":"//*[@id=\"application-managepartners-display-component---NewPartner--addressDetailDetailsLanguage-arrow\"]"}
COMMAND: POST /session/7d4fbfd037fb9998338d13e3e1bba5cd/element/f.8197E7E82739F49E8E00421C1FF1176E.d.CCD32113332662375B33B39FE17D8373.e.2865/click - {}
RESULT: {}
COMMAND: POST /session/7d4fbfd037fb9998338d13e3e1bba5cd/element - {"using":"xpath","value":"//span[contains(text(), \"English\")]"}
COMMAND: GET /session/7d4fbfd037fb9998338d13e3e1bba5cd/screenshot - {}
RESULT: {"using":"xpath","value":"//span[contains(text(), \"English\")]"}
COMMAND: POST /session/7d4fbfd037fb9998338d13e3e1bba5cd/element/f.8197E7E82739F49E8E00421C1FF1176E.d.CCD32113332662375B33B39FE17D8373.e.2866/click - {}
RESULT: {}
RESULT: {}
COMMAND: GET /session/7d4fbfd037fb9998338d13e3e1bba5cd/screenshot - {}
RESULT: {}
COMMAND: POST /session/7d4fbfd037fb9998338d13e3e1bba5cd/execute/async - {"script":"<script> [1562 bytes]","args":[{"selector":{"id":"application-managepartners-display-component---NewPartner--addressDetailDetailsCity1","interaction":{"idSuffix":"inner"}},"wdio_ui5_key":"applicationmanagepartners-display-component---NewPartner--addressDetailDetailsCity1"}]}
RESULT: {"script":"<script> [1562 bytes]","args":[{"selector":{"id":"application-managepartners-display-component---NewPartner--addressDetailDetailsCity1","interaction":{"idSuffix":"inner"}},"wdio_ui5_key":"applicationmanagepartners-display-component---NewPartner--addressDetailDetailsCity1"}]}
RESULT: undefined
COMMAND: POST /session/7d4fbfd037fb9998338d13e3e1bba5cd/execute/async - {"script":"<script> [776 bytes]","args":[{"enterText":"Rosario","selector":{"id":"application-managepartners-display-component---NewPartner--addressDetailDetailsCity1","interaction":{"idSuffix":"inner"}},"clearTextFirst":true,"interactionType":"ENTER_TEXT"}]}
RESULT: {"script":"<script> [776 bytes]","args":[{"enterText":"Rosario","selector":{"id":"application-managepartners-display-component---NewPartner--addressDetailDetailsCity1","interaction":{"idSuffix":"inner"}},"clearTextFirst":true,"interactionType":"ENTER_TEXT"}]}
COMMAND: POST /session/7d4fbfd037fb9998338d13e3e1bba5cd/execute/async - {"script":"<script> [1562 bytes]","args":[{"selector":{"id":"application-managepartners-display-component---NewPartner--addressDetailDetailsCountry-arrow"},"wdio_ui5_key":"applicationmanagepartners-display-component---NewPartner--addressDetailDetailsCountry-arrow"}]}
RESULT: {"script":"<script> [1562 bytes]","args":[{"selector":{"id":"application-managepartners-display-component---NewPartner--addressDetailDetailsCountry-arrow"},"wdio_ui5_key":"applicationmanagepartners-display-component---NewPartner--addressDetailDetailsCountry-arrow"}]}
RESULT: undefined
COMMAND: POST /session/7d4fbfd037fb9998338d13e3e1bba5cd/element - {"using":"xpath","value":"//*[@id=\"application-managepartners-display-component---NewPartner--addressDetailDetailsCountry-arrow\"]"}
RESULT: {"using":"xpath","value":"//*[@id=\"application-managepartners-display-component---NewPartner--addressDetailDetailsCountry-arrow\"]"}
COMMAND: POST /session/7d4fbfd037fb9998338d13e3e1bba5cd/element/f.8197E7E82739F49E8E00421C1FF1176E.d.CCD32113332662375B33B39FE17D8373.e.2822/click - {}
RESULT: {}
COMMAND: POST /session/7d4fbfd037fb9998338d13e3e1bba5cd/element - {"using":"xpath","value":"//span[contains(text(), \"Argentina\")]"}
COMMAND: GET /session/7d4fbfd037fb9998338d13e3e1bba5cd/screenshot - {}
RESULT: {"using":"xpath","value":"//span[contains(text(), \"Argentina\")]"}
COMMAND: POST /session/7d4fbfd037fb9998338d13e3e1bba5cd/element/f.8197E7E82739F49E8E00421C1FF1176E.d.CCD32113332662375B33B39FE17D8373.e.2868/click - {}
RESULT: {}
RESULT: {}
COMMAND: GET /session/7d4fbfd037fb9998338d13e3e1bba5cd/screenshot - {}
RESULT: {}
COMMAND: POST /session/7d4fbfd037fb9998338d13e3e1bba5cd/element - {"using":"xpath","value":"//bdi[contains(text(), \"Commercial\")]"}
RESULT: {"using":"xpath","value":"//bdi[contains(text(), \"Commercial\")]"}
COMMAND: POST /session/7d4fbfd037fb9998338d13e3e1bba5cd/element/f.8197E7E82739F49E8E00421C1FF1176E.d.CCD32113332662375B33B39FE17D8373.e.2869/click - {}
RESULT: {}
COMMAND: GET /session/7d4fbfd037fb9998338d13e3e1bba5cd/screenshot - {}
RESULT: {}
COMMAND: POST /session/7d4fbfd037fb9998338d13e3e1bba5cd/execute/async - {"script":"<script> [1562 bytes]","args":[{"selector":{"id":"application-managepartners-display-component---NewPartner--partnerDetailInternal-arrow"},"wdio_ui5_key":"applicationmanagepartners-display-component---NewPartner--partnerDetailInternal-arrow"}]}
RESULT: {"script":"<script> [1562 bytes]","args":[{"selector":{"id":"application-managepartners-display-component---NewPartner--partnerDetailInternal-arrow"},"wdio_ui5_key":"applicationmanagepartners-display-component---NewPartner--partnerDetailInternal-arrow"}]}
RESULT: undefined
COMMAND: POST /session/7d4fbfd037fb9998338d13e3e1bba5cd/element - {"using":"xpath","value":"//*[@id=\"application-managepartners-display-component---NewPartner--partnerDetailInternal-arrow\"]"}
RESULT: {"using":"xpath","value":"//*[@id=\"application-managepartners-display-component---NewPartner--partnerDetailInternal-arrow\"]"}
COMMAND: POST /session/7d4fbfd037fb9998338d13e3e1bba5cd/element/f.8197E7E82739F49E8E00421C1FF1176E.d.CCD32113332662375B33B39FE17D8373.e.2877/click - {}
RESULT: {}
COMMAND: POST /session/7d4fbfd037fb9998338d13e3e1bba5cd/element - {"using":"xpath","value":"//span[contains(text(), \"External partner\")]"}
COMMAND: GET /session/7d4fbfd037fb9998338d13e3e1bba5cd/screenshot - {}
RESULT: {"using":"xpath","value":"//span[contains(text(), \"External partner\")]"}
COMMAND: POST /session/7d4fbfd037fb9998338d13e3e1bba5cd/element/f.8197E7E82739F49E8E00421C1FF1176E.d.CCD32113332662375B33B39FE17D8373.e.2878/click - {}
RESULT: {}
RESULT: {}
COMMAND: POST /session/7d4fbfd037fb9998338d13e3e1bba5cd/execute/async - {"script":"<script> [1562 bytes]","args":[{"selector":{"id":"application-managepartners-display-component---NewPartner--partnerDetailsCurrency-arrow"},"wdio_ui5_key":"applicationmanagepartners-display-component---NewPartner--partnerDetailsCurrency-arrow"}]}
COMMAND: GET /session/7d4fbfd037fb9998338d13e3e1bba5cd/screenshot - {}
RESULT: {"script":"<script> [1562 bytes]","args":[{"selector":{"id":"application-managepartners-display-component---NewPartner--partnerDetailsCurrency-arrow"},"wdio_ui5_key":"applicationmanagepartners-display-component---NewPartner--partnerDetailsCurrency-arrow"}]}
RESULT: undefined
COMMAND: POST /session/7d4fbfd037fb9998338d13e3e1bba5cd/element - {"using":"xpath","value":"//*[@id=\"application-managepartners-display-component---NewPartner--partnerDetailsCurrency-arrow\"]"}
RESULT: {}
RESULT: {"using":"xpath","value":"//*[@id=\"application-managepartners-display-component---NewPartner--partnerDetailsCurrency-arrow\"]"}
COMMAND: POST /session/7d4fbfd037fb9998338d13e3e1bba5cd/element/f.8197E7E82739F49E8E00421C1FF1176E.d.CCD32113332662375B33B39FE17D8373.e.2883/click - {}
RESULT: {}
COMMAND: POST /session/7d4fbfd037fb9998338d13e3e1bba5cd/element - {"using":"xpath","value":"//span[contains(text(), \"US Dollar\")]"}
COMMAND: GET /session/7d4fbfd037fb9998338d13e3e1bba5cd/screenshot - {}
RESULT: {}
RESULT: {"using":"xpath","value":"//span[contains(text(), \"US Dollar\")]"}
COMMAND: POST /session/7d4fbfd037fb9998338d13e3e1bba5cd/element/f.8197E7E82739F49E8E00421C1FF1176E.d.CCD32113332662375B33B39FE17D8373.e.2884/click - {}
RESULT: {}
COMMAND: GET /session/7d4fbfd037fb9998338d13e3e1bba5cd/screenshot - {}
RESULT: {}
COMMAND: POST /session/7d4fbfd037fb9998338d13e3e1bba5cd/element - {"using":"xpath","value":"//input[@id=\"application-managepartners-display-component---NewPartner--companyCodeComboBox-inner\"]"}
RESULT: {"using":"xpath","value":"//input[@id=\"application-managepartners-display-component---NewPartner--companyCodeComboBox-inner\"]"}
COMMAND: POST /session/7d4fbfd037fb9998338d13e3e1bba5cd/element/f.8197E7E82739F49E8E00421C1FF1176E.d.CCD32113332662375B33B39FE17D8373.e.2817/clear - {}
RESULT: {}
COMMAND: POST /session/7d4fbfd037fb9998338d13e3e1bba5cd/element/f.8197E7E82739F49E8E00421C1FF1176E.d.CCD32113332662375B33B39FE17D8373.e.2817/value - {"text":"C002"}
COMMAND: GET /session/7d4fbfd037fb9998338d13e3e1bba5cd/screenshot - {}
RESULT: {"text":"C002"}
COMMAND: GET /session/7d4fbfd037fb9998338d13e3e1bba5cd/screenshot - {}
RESULT: {}
RESULT: {}
COMMAND: POST /session/7d4fbfd037fb9998338d13e3e1bba5cd/element - {"using":"xpath","value":"//span[contains(text(), \"C002\")]"}
RESULT: {"using":"xpath","value":"//span[contains(text(), \"C002\")]"}
COMMAND: POST /session/7d4fbfd037fb9998338d13e3e1bba5cd/element/f.8197E7E82739F49E8E00421C1FF1176E.d.CCD32113332662375B33B39FE17D8373.e.2888/click - {}
RESULT: {}
COMMAND: GET /session/7d4fbfd037fb9998338d13e3e1bba5cd/screenshot - {}
RESULT: {}
COMMAND: POST /session/7d4fbfd037fb9998338d13e3e1bba5cd/execute/async - {"script":"<script> [1562 bytes]","args":[{"selector":{"id":"application-managepartners-display-component---NewPartner--btnAddTableRow-img"},"wdio_ui5_key":"applicationmanagepartners-display-component---NewPartner--btnAddTableRow-img"}]}
RESULT: {"script":"<script> [1562 bytes]","args":[{"selector":{"id":"application-managepartners-display-component---NewPartner--btnAddTableRow-img"},"wdio_ui5_key":"applicationmanagepartners-display-component---NewPartner--btnAddTableRow-img"}]}
RESULT: undefined
COMMAND: POST /session/7d4fbfd037fb9998338d13e3e1bba5cd/element - {"using":"xpath","value":"//*[@id=\"application-managepartners-display-component---NewPartner--btnAddTableRow-img\"]"}
RESULT: {"using":"xpath","value":"//*[@id=\"application-managepartners-display-component---NewPartner--btnAddTableRow-img\"]"}
COMMAND: POST /session/7d4fbfd037fb9998338d13e3e1bba5cd/element/f.8197E7E82739F49E8E00421C1FF1176E.d.CCD32113332662375B33B39FE17D8373.e.2889/click - {}
RESULT: {}
COMMAND: GET /session/7d4fbfd037fb9998338d13e3e1bba5cd/screenshot - {}
RESULT: {}
COMMAND: POST /session/7d4fbfd037fb9998338d13e3e1bba5cd/element - {"using":"xpath","value":"//input[@id=\"application-managepartners-display-component---NewPartner--assignmentYard-application-managepartners-display-component---NewPartner--assignmentsTable-0-inner\"]"}
RESULT: {"using":"xpath","value":"//input[@id=\"application-managepartners-display-component---NewPartner--assignmentYard-application-managepartners-display-component---NewPartner--assignmentsTable-0-inner\"]"}
COMMAND: POST /session/7d4fbfd037fb9998338d13e3e1bba5cd/element/f.8197E7E82739F49E8E00421C1FF1176E.d.CCD32113332662375B33B39FE17D8373.e.2892/clear - {}
RESULT: {}
COMMAND: POST /session/7d4fbfd037fb9998338d13e3e1bba5cd/element/f.8197E7E82739F49E8E00421C1FF1176E.d.CCD32113332662375B33B39FE17D8373.e.2892/value - {"text":"284"}
COMMAND: GET /session/7d4fbfd037fb9998338d13e3e1bba5cd/screenshot - {}
RESULT: {"text":"284"}
COMMAND: GET /session/7d4fbfd037fb9998338d13e3e1bba5cd/screenshot - {}
RESULT: {}
RESULT: {}
COMMAND: POST /session/7d4fbfd037fb9998338d13e3e1bba5cd/element - {"using":"xpath","value":"//li[.//span[text()='284']]"}
RESULT: {"using":"xpath","value":"//li[.//span[text()='284']]"}
COMMAND: POST /session/7d4fbfd037fb9998338d13e3e1bba5cd/element/f.8197E7E82739F49E8E00421C1FF1176E.d.CCD32113332662375B33B39FE17D8373.e.2900/click - {}
RESULT: {}
COMMAND: GET /session/7d4fbfd037fb9998338d13e3e1bba5cd/screenshot - {}
RESULT: {}
COMMAND: POST /session/7d4fbfd037fb9998338d13e3e1bba5cd/actions - {"actions":[{"id":"action6","type":"key","parameters":{},"actions":[{"type":"keyDown","value":"î€‡"},{"type":"pause","duration":10},{"type":"keyUp","value":"î€‡"}]}]}
RESULT: {"actions":[{"id":"action6","type":"key","parameters":{},"actions":[{"type":"keyDown","value":"î€‡"},{"type":"pause","duration":10},{"type":"keyUp","value":"î€‡"}]}]}
COMMAND: POST /session/7d4fbfd037fb9998338d13e3e1bba5cd/element - {"using":"xpath","value":"//td[contains(@id, \"assignmentsTable-0-cell2\")]/div/div"}
COMMAND: GET /session/7d4fbfd037fb9998338d13e3e1bba5cd/screenshot - {}
RESULT: {"using":"xpath","value":"//td[contains(@id, \"assignmentsTable-0-cell2\")]/div/div"}
COMMAND: POST /session/7d4fbfd037fb9998338d13e3e1bba5cd/element/f.8197E7E82739F49E8E00421C1FF1176E.d.CCD32113332662375B33B39FE17D8373.e.2903/click - {}
RESULT: {}
RESULT: {}
COMMAND: GET /session/7d4fbfd037fb9998338d13e3e1bba5cd/screenshot - {}
RESULT: {}
COMMAND: POST /session/7d4fbfd037fb9998338d13e3e1bba5cd/element - {"using":"xpath","value":"//button[@data-kt=\"saveButton\"]"}
RESULT: {"using":"xpath","value":"//button[@data-kt=\"saveButton\"]"}
COMMAND: POST /session/7d4fbfd037fb9998338d13e3e1bba5cd/element/f.8197E7E82739F49E8E00421C1FF1176E.d.CCD32113332662375B33B39FE17D8373.e.2843/click - {}
RESULT: {}
COMMAND: GET /session/7d4fbfd037fb9998338d13e3e1bba5cd/screenshot - {}
RESULT: {}
COMMAND: POST /session/7d4fbfd037fb9998338d13e3e1bba5cd/element - {"using":"xpath","value":"//header[contains(@id, 'ObjectPageLayout-headerTitle')]/div[1]/div[2]/div[2]/span[1]"}
RESULT: {"using":"xpath","value":"//header[contains(@id, 'ObjectPageLayout-headerTitle')]/div[1]/div[2]/div[2]/span[1]"}
COMMAND: POST /session/7d4fbfd037fb9998338d13e3e1bba5cd/elements - {"using":"xpath","value":"//header[contains(@id, 'ObjectPageLayout-headerTitle')]/div[1]/div[2]/div[2]/span[1]"}
RESULT: {"using":"xpath","value":"//header[contains(@id, 'ObjectPageLayout-headerTitle')]/div[1]/div[2]/div[2]/span[1]"}
COMMAND: POST /session/7d4fbfd037fb9998338d13e3e1bba5cd/execute/sync - {"script":"<script> [56 bytes]","args":[{"element-6066-11e4-a52e-4f735466cecf":"f.8197E7E82739F49E8E00421C1FF1176E.d.CCD32113332662375B33B39FE17D8373.e.3063","ELEMENT":"f.8197E7E82739F49E8E00421C1FF1176E.d.CCD32113332662375B33B39FE17D8373.e.3063"}]}
RESULT: {"script":"<script> [56 bytes]","args":[{"element-6066-11e4-a52e-4f735466cecf":"f.8197E7E82739F49E8E00421C1FF1176E.d.CCD32113332662375B33B39FE17D8373.e.3063","ELEMENT":"f.8197E7E82739F49E8E00421C1FF1176E.d.CCD32113332662375B33B39FE17D8373.e.3063"}]}
COMMAND: POST /session/7d4fbfd037fb9998338d13e3e1bba5cd/element - {"using":"css selector","value":"#shell-header-logo"}
COMMAND: GET /session/7d4fbfd037fb9998338d13e3e1bba5cd/screenshot - {}
RESULT: {"using":"css selector","value":"#shell-header-logo"}
COMMAND: POST /session/7d4fbfd037fb9998338d13e3e1bba5cd/element/f.8197E7E82739F49E8E00421C1FF1176E.d.CCD32113332662375B33B39FE17D8373.e.2386/click - {}
RESULT: {}
RESULT: {}
COMMAND: GET /session/7d4fbfd037fb9998338d13e3e1bba5cd/screenshot - {}
RESULT: {}
COMMAND: POST /session/7d4fbfd037fb9998338d13e3e1bba5cd/execute/sync - {"script":"<script> [299 bytes]","args":[["getModel","getResource"]]}
RESULT: {"script":"<script> [299 bytes]","args":[["getModel","getResource"]]}
COMMAND: GET /session/7d4fbfd037fb9998338d13e3e1bba5cd/screenshot - {}
]]></system-out>
    </testcase>
    <testcase classname="chrome.135_0_7049_96.windows.Create_partner_US118246" name="Should create new external WHM partner" time="79.559">
      <system-out><![CDATA[
COMMAND: POST /session/7d4fbfd037fb9998338d13e3e1bba5cd/window/fullscreen - {}
RESULT: {}
RESULT: {}
RESULT: undefined
COMMAND: POST /session/7d4fbfd037fb9998338d13e3e1bba5cd/element - {"using":"xpath","value":"//*[@id=\"__tile38\"]"}
RESULT: {"using":"xpath","value":"//*[@id=\"__tile38\"]"}
COMMAND: POST /session/7d4fbfd037fb9998338d13e3e1bba5cd/element/f.8197E7E82739F49E8E00421C1FF1176E.d.CCD32113332662375B33B39FE17D8373.e.2274/click - {}
RESULT: {}
COMMAND: POST /session/7d4fbfd037fb9998338d13e3e1bba5cd/element - {"using":"xpath","value":"//button[@data-kt=\"addButton\"]"}
COMMAND: GET /session/7d4fbfd037fb9998338d13e3e1bba5cd/screenshot - {}
RESULT: {"using":"xpath","value":"//button[@data-kt=\"addButton\"]"}
COMMAND: POST /session/7d4fbfd037fb9998338d13e3e1bba5cd/elements - {"using":"xpath","value":"//button[@data-kt=\"addButton\"]"}
RESULT: {}
RESULT: {"using":"xpath","value":"//button[@data-kt=\"addButton\"]"}
COMMAND: POST /session/7d4fbfd037fb9998338d13e3e1bba5cd/element - {"using":"xpath","value":"//button[@data-kt=\"addButton\"]"}
RESULT: {"using":"xpath","value":"//button[@data-kt=\"addButton\"]"}
COMMAND: POST /session/7d4fbfd037fb9998338d13e3e1bba5cd/execute/sync - {"script":"<script> [8489 bytes]","args":[{"element-6066-11e4-a52e-4f735466cecf":"f.8197E7E82739F49E8E00421C1FF1176E.d.CCD32113332662375B33B39FE17D8373.e.3110","ELEMENT":"f.8197E7E82739F49E8E00421C1FF1176E.d.CCD32113332662375B33B39FE17D8373.e.3110"}]}
RESULT: {"script":"<script> [8489 bytes]","args":[{"element-6066-11e4-a52e-4f735466cecf":"f.8197E7E82739F49E8E00421C1FF1176E.d.CCD32113332662375B33B39FE17D8373.e.3110","ELEMENT":"f.8197E7E82739F49E8E00421C1FF1176E.d.CCD32113332662375B33B39FE17D8373.e.3110"}]}
COMMAND: GET /session/7d4fbfd037fb9998338d13e3e1bba5cd/element/f.8197E7E82739F49E8E00421C1FF1176E.d.CCD32113332662375B33B39FE17D8373.e.3110/enabled - {}
COMMAND: GET /session/7d4fbfd037fb9998338d13e3e1bba5cd/screenshot - {}
RESULT: {}
COMMAND: POST /session/7d4fbfd037fb9998338d13e3e1bba5cd/execute/sync - {"script":"<script> [8489 bytes]","args":[{"element-6066-11e4-a52e-4f735466cecf":"f.8197E7E82739F49E8E00421C1FF1176E.d.CCD32113332662375B33B39FE17D8373.e.3110","ELEMENT":"f.8197E7E82739F49E8E00421C1FF1176E.d.CCD32113332662375B33B39FE17D8373.e.3110"}]}
COMMAND: GET /session/7d4fbfd037fb9998338d13e3e1bba5cd/screenshot - {}
RESULT: {}
RESULT: {}
RESULT: {"script":"<script> [8489 bytes]","args":[{"element-6066-11e4-a52e-4f735466cecf":"f.8197E7E82739F49E8E00421C1FF1176E.d.CCD32113332662375B33B39FE17D8373.e.3110","ELEMENT":"f.8197E7E82739F49E8E00421C1FF1176E.d.CCD32113332662375B33B39FE17D8373.e.3110"}]}
COMMAND: POST /session/7d4fbfd037fb9998338d13e3e1bba5cd/execute/sync - {"script":"<script> [5351 bytes]","args":[{"element-6066-11e4-a52e-4f735466cecf":"f.8197E7E82739F49E8E00421C1FF1176E.d.CCD32113332662375B33B39FE17D8373.e.3110","ELEMENT":"f.8197E7E82739F49E8E00421C1FF1176E.d.CCD32113332662375B33B39FE17D8373.e.3110"}]}
COMMAND: GET /session/7d4fbfd037fb9998338d13e3e1bba5cd/screenshot - {}
RESULT: {"script":"<script> [5351 bytes]","args":[{"element-6066-11e4-a52e-4f735466cecf":"f.8197E7E82739F49E8E00421C1FF1176E.d.CCD32113332662375B33B39FE17D8373.e.3110","ELEMENT":"f.8197E7E82739F49E8E00421C1FF1176E.d.CCD32113332662375B33B39FE17D8373.e.3110"}]}
COMMAND: POST /session/7d4fbfd037fb9998338d13e3e1bba5cd/element/f.8197E7E82739F49E8E00421C1FF1176E.d.CCD32113332662375B33B39FE17D8373.e.3110/click - {}
COMMAND: GET /session/7d4fbfd037fb9998338d13e3e1bba5cd/screenshot - {}
RESULT: {}
RESULT: {}
COMMAND: GET /session/7d4fbfd037fb9998338d13e3e1bba5cd/screenshot - {}
RESULT: {}
RESULT: {}
RESULT: undefined
COMMAND: POST /session/7d4fbfd037fb9998338d13e3e1bba5cd/execute/async - {"script":"<script> [776 bytes]","args":[{"enterText":"WHM Partner WDIO","selector":{"id":"application-managepartners-display-component---NewPartner--addressDetailDetailsName1","interaction":{"idSuffix":"inner"}},"clearTextFirst":true,"interactionType":"ENTER_TEXT"}]}
RESULT: {"script":"<script> [776 bytes]","args":[{"enterText":"WHM Partner WDIO","selector":{"id":"application-managepartners-display-component---NewPartner--addressDetailDetailsName1","interaction":{"idSuffix":"inner"}},"clearTextFirst":true,"interactionType":"ENTER_TEXT"}]}
RESULT: undefined
COMMAND: POST /session/7d4fbfd037fb9998338d13e3e1bba5cd/element - {"using":"xpath","value":"//*[@id=\"application-managepartners-display-component---NewPartner--addressDetailDetailsLanguage-arrow\"]"}
RESULT: {"using":"xpath","value":"//*[@id=\"application-managepartners-display-component---NewPartner--addressDetailDetailsLanguage-arrow\"]"}
COMMAND: POST /session/7d4fbfd037fb9998338d13e3e1bba5cd/element/f.8197E7E82739F49E8E00421C1FF1176E.d.CCD32113332662375B33B39FE17D8373.e.3552/click - {}
RESULT: {}
COMMAND: POST /session/7d4fbfd037fb9998338d13e3e1bba5cd/element - {"using":"xpath","value":"//span[contains(text(), \"English\")]"}
COMMAND: GET /session/7d4fbfd037fb9998338d13e3e1bba5cd/screenshot - {}
RESULT: {"using":"xpath","value":"//span[contains(text(), \"English\")]"}
COMMAND: POST /session/7d4fbfd037fb9998338d13e3e1bba5cd/element/f.8197E7E82739F49E8E00421C1FF1176E.d.CCD32113332662375B33B39FE17D8373.e.3553/click - {}
RESULT: {}
RESULT: {}
COMMAND: GET /session/7d4fbfd037fb9998338d13e3e1bba5cd/screenshot - {}
RESULT: {}
RESULT: undefined
COMMAND: POST /session/7d4fbfd037fb9998338d13e3e1bba5cd/execute/async - {"script":"<script> [776 bytes]","args":[{"enterText":"Rosario","selector":{"id":"application-managepartners-display-component---NewPartner--addressDetailDetailsCity1","interaction":{"idSuffix":"inner"}},"clearTextFirst":true,"interactionType":"ENTER_TEXT"}]}
RESULT: {"script":"<script> [776 bytes]","args":[{"enterText":"Rosario","selector":{"id":"application-managepartners-display-component---NewPartner--addressDetailDetailsCity1","interaction":{"idSuffix":"inner"}},"clearTextFirst":true,"interactionType":"ENTER_TEXT"}]}
RESULT: undefined
COMMAND: POST /session/7d4fbfd037fb9998338d13e3e1bba5cd/element - {"using":"xpath","value":"//*[@id=\"application-managepartners-display-component---NewPartner--addressDetailDetailsCountry-arrow\"]"}
RESULT: {"using":"xpath","value":"//*[@id=\"application-managepartners-display-component---NewPartner--addressDetailDetailsCountry-arrow\"]"}
COMMAND: POST /session/7d4fbfd037fb9998338d13e3e1bba5cd/element/f.8197E7E82739F49E8E00421C1FF1176E.d.CCD32113332662375B33B39FE17D8373.e.3517/click - {}
RESULT: {}
COMMAND: POST /session/7d4fbfd037fb9998338d13e3e1bba5cd/element - {"using":"xpath","value":"//span[contains(text(), \"Argentina\")]"}
COMMAND: GET /session/7d4fbfd037fb9998338d13e3e1bba5cd/screenshot - {}
RESULT: {"using":"xpath","value":"//span[contains(text(), \"Argentina\")]"}
COMMAND: POST /session/7d4fbfd037fb9998338d13e3e1bba5cd/element/f.8197E7E82739F49E8E00421C1FF1176E.d.CCD32113332662375B33B39FE17D8373.e.3554/click - {}
RESULT: {}
RESULT: {}
COMMAND: GET /session/7d4fbfd037fb9998338d13e3e1bba5cd/screenshot - {}
RESULT: {}
COMMAND: POST /session/7d4fbfd037fb9998338d13e3e1bba5cd/element - {"using":"xpath","value":"//bdi[contains(text(), \"Commercial\")]"}
RESULT: {"using":"xpath","value":"//bdi[contains(text(), \"Commercial\")]"}
COMMAND: POST /session/7d4fbfd037fb9998338d13e3e1bba5cd/element/f.8197E7E82739F49E8E00421C1FF1176E.d.CCD32113332662375B33B39FE17D8373.e.3555/click - {}
RESULT: {}
COMMAND: GET /session/7d4fbfd037fb9998338d13e3e1bba5cd/screenshot - {}
RESULT: {}
RESULT: undefined
COMMAND: POST /session/7d4fbfd037fb9998338d13e3e1bba5cd/element - {"using":"xpath","value":"//*[@id=\"application-managepartners-display-component---NewPartner--partnerDetailInternal-arrow\"]"}
RESULT: {"using":"xpath","value":"//*[@id=\"application-managepartners-display-component---NewPartner--partnerDetailInternal-arrow\"]"}
COMMAND: POST /session/7d4fbfd037fb9998338d13e3e1bba5cd/element/f.8197E7E82739F49E8E00421C1FF1176E.d.CCD32113332662375B33B39FE17D8373.e.3561/click - {}
RESULT: {}
COMMAND: POST /session/7d4fbfd037fb9998338d13e3e1bba5cd/element - {"using":"xpath","value":"//span[contains(text(), \"External partner\")]"}
COMMAND: GET /session/7d4fbfd037fb9998338d13e3e1bba5cd/screenshot - {}
RESULT: {"using":"xpath","value":"//span[contains(text(), \"External partner\")]"}
COMMAND: POST /session/7d4fbfd037fb9998338d13e3e1bba5cd/element/f.8197E7E82739F49E8E00421C1FF1176E.d.CCD32113332662375B33B39FE17D8373.e.3562/click - {}
RESULT: {}
RESULT: {}
RESULT: undefined
COMMAND: POST /session/7d4fbfd037fb9998338d13e3e1bba5cd/element - {"using":"xpath","value":"//*[@id=\"application-managepartners-display-component---NewPartner--partnerDetailsCurrency-arrow\"]"}
COMMAND: GET /session/7d4fbfd037fb9998338d13e3e1bba5cd/screenshot - {}
RESULT: {"using":"xpath","value":"//*[@id=\"application-managepartners-display-component---NewPartner--partnerDetailsCurrency-arrow\"]"}
COMMAND: POST /session/7d4fbfd037fb9998338d13e3e1bba5cd/element/f.8197E7E82739F49E8E00421C1FF1176E.d.CCD32113332662375B33B39FE17D8373.e.3567/click - {}
RESULT: {}
RESULT: {}
COMMAND: POST /session/7d4fbfd037fb9998338d13e3e1bba5cd/element - {"using":"xpath","value":"//span[contains(text(), \"US Dollar\")]"}
COMMAND: GET /session/7d4fbfd037fb9998338d13e3e1bba5cd/screenshot - {}
RESULT: {"using":"xpath","value":"//span[contains(text(), \"US Dollar\")]"}
COMMAND: POST /session/7d4fbfd037fb9998338d13e3e1bba5cd/element/f.8197E7E82739F49E8E00421C1FF1176E.d.CCD32113332662375B33B39FE17D8373.e.3568/click - {}
RESULT: {}
RESULT: {}
COMMAND: GET /session/7d4fbfd037fb9998338d13e3e1bba5cd/screenshot - {}
RESULT: {}
COMMAND: POST /session/7d4fbfd037fb9998338d13e3e1bba5cd/element - {"using":"xpath","value":"//input[@id=\"application-managepartners-display-component---NewPartner--companyCodeComboBox-inner\"]"}
RESULT: {"using":"xpath","value":"//input[@id=\"application-managepartners-display-component---NewPartner--companyCodeComboBox-inner\"]"}
COMMAND: POST /session/7d4fbfd037fb9998338d13e3e1bba5cd/element/f.8197E7E82739F49E8E00421C1FF1176E.d.CCD32113332662375B33B39FE17D8373.e.3459/clear - {}
RESULT: {}
COMMAND: POST /session/7d4fbfd037fb9998338d13e3e1bba5cd/element/f.8197E7E82739F49E8E00421C1FF1176E.d.CCD32113332662375B33B39FE17D8373.e.3459/value - {"text":"C002"}
COMMAND: GET /session/7d4fbfd037fb9998338d13e3e1bba5cd/screenshot - {}
RESULT: {"text":"C002"}
COMMAND: GET /session/7d4fbfd037fb9998338d13e3e1bba5cd/screenshot - {}
RESULT: {}
RESULT: {}
COMMAND: POST /session/7d4fbfd037fb9998338d13e3e1bba5cd/element - {"using":"xpath","value":"//span[contains(text(), \"C002\")]"}
RESULT: {"using":"xpath","value":"//span[contains(text(), \"C002\")]"}
COMMAND: POST /session/7d4fbfd037fb9998338d13e3e1bba5cd/element/f.8197E7E82739F49E8E00421C1FF1176E.d.CCD32113332662375B33B39FE17D8373.e.3572/click - {}
RESULT: {}
COMMAND: GET /session/7d4fbfd037fb9998338d13e3e1bba5cd/screenshot - {}
RESULT: {}
RESULT: undefined
COMMAND: POST /session/7d4fbfd037fb9998338d13e3e1bba5cd/element - {"using":"xpath","value":"//*[@id=\"application-managepartners-display-component---NewPartner--btnAddTableRow-img\"]"}
RESULT: {"using":"xpath","value":"//*[@id=\"application-managepartners-display-component---NewPartner--btnAddTableRow-img\"]"}
COMMAND: POST /session/7d4fbfd037fb9998338d13e3e1bba5cd/element/f.8197E7E82739F49E8E00421C1FF1176E.d.CCD32113332662375B33B39FE17D8373.e.3573/click - {}
RESULT: {}
COMMAND: GET /session/7d4fbfd037fb9998338d13e3e1bba5cd/screenshot - {}
RESULT: {}
COMMAND: POST /session/7d4fbfd037fb9998338d13e3e1bba5cd/element - {"using":"xpath","value":"//input[@id=\"application-managepartners-display-component---NewPartner--assignmentYard-application-managepartners-display-component---NewPartner--assignmentsTable-0-inner\"]"}
RESULT: {"using":"xpath","value":"//input[@id=\"application-managepartners-display-component---NewPartner--assignmentYard-application-managepartners-display-component---NewPartner--assignmentsTable-0-inner\"]"}
COMMAND: POST /session/7d4fbfd037fb9998338d13e3e1bba5cd/element/f.8197E7E82739F49E8E00421C1FF1176E.d.CCD32113332662375B33B39FE17D8373.e.3576/clear - {}
RESULT: {}
COMMAND: POST /session/7d4fbfd037fb9998338d13e3e1bba5cd/element/f.8197E7E82739F49E8E00421C1FF1176E.d.CCD32113332662375B33B39FE17D8373.e.3576/value - {"text":"285"}
COMMAND: GET /session/7d4fbfd037fb9998338d13e3e1bba5cd/screenshot - {}
RESULT: {"text":"285"}
COMMAND: GET /session/7d4fbfd037fb9998338d13e3e1bba5cd/screenshot - {}
RESULT: {}
RESULT: {}
COMMAND: POST /session/7d4fbfd037fb9998338d13e3e1bba5cd/element - {"using":"xpath","value":"//li[.//span[text()='285']]"}
RESULT: {"using":"xpath","value":"//li[.//span[text()='285']]"}
COMMAND: POST /session/7d4fbfd037fb9998338d13e3e1bba5cd/element/f.8197E7E82739F49E8E00421C1FF1176E.d.CCD32113332662375B33B39FE17D8373.e.3584/click - {}
RESULT: {}
COMMAND: GET /session/7d4fbfd037fb9998338d13e3e1bba5cd/screenshot - {}
RESULT: {}
COMMAND: POST /session/7d4fbfd037fb9998338d13e3e1bba5cd/actions - {"actions":[{"id":"action7","type":"key","parameters":{},"actions":[{"type":"keyDown","value":"î€‡"},{"type":"pause","duration":10},{"type":"keyUp","value":"î€‡"}]}]}
RESULT: {"actions":[{"id":"action7","type":"key","parameters":{},"actions":[{"type":"keyDown","value":"î€‡"},{"type":"pause","duration":10},{"type":"keyUp","value":"î€‡"}]}]}
COMMAND: POST /session/7d4fbfd037fb9998338d13e3e1bba5cd/element - {"using":"xpath","value":"//td[contains(@id, \"assignmentsTable-0-cell2\")]/div/div"}
COMMAND: GET /session/7d4fbfd037fb9998338d13e3e1bba5cd/screenshot - {}
RESULT: {"using":"xpath","value":"//td[contains(@id, \"assignmentsTable-0-cell2\")]/div/div"}
COMMAND: POST /session/7d4fbfd037fb9998338d13e3e1bba5cd/element/f.8197E7E82739F49E8E00421C1FF1176E.d.CCD32113332662375B33B39FE17D8373.e.3587/click - {}
RESULT: {}
RESULT: {}
COMMAND: GET /session/7d4fbfd037fb9998338d13e3e1bba5cd/screenshot - {}
RESULT: {}
COMMAND: POST /session/7d4fbfd037fb9998338d13e3e1bba5cd/element - {"using":"xpath","value":"//button[@data-kt=\"saveButton\"]"}
RESULT: {"using":"xpath","value":"//button[@data-kt=\"saveButton\"]"}
COMMAND: POST /session/7d4fbfd037fb9998338d13e3e1bba5cd/element/f.8197E7E82739F49E8E00421C1FF1176E.d.CCD32113332662375B33B39FE17D8373.e.3538/click - {}
RESULT: {}
COMMAND: GET /session/7d4fbfd037fb9998338d13e3e1bba5cd/screenshot - {}
RESULT: {}
COMMAND: POST /session/7d4fbfd037fb9998338d13e3e1bba5cd/element - {"using":"xpath","value":"//header[contains(@id, 'ObjectPageLayout-headerTitle')]/div[1]/div[2]/div[2]/span[1]"}
RESULT: {"using":"xpath","value":"//header[contains(@id, 'ObjectPageLayout-headerTitle')]/div[1]/div[2]/div[2]/span[1]"}
COMMAND: POST /session/7d4fbfd037fb9998338d13e3e1bba5cd/elements - {"using":"xpath","value":"//header[contains(@id, 'ObjectPageLayout-headerTitle')]/div[1]/div[2]/div[2]/span[1]"}
RESULT: {"using":"xpath","value":"//header[contains(@id, 'ObjectPageLayout-headerTitle')]/div[1]/div[2]/div[2]/span[1]"}
COMMAND: POST /session/7d4fbfd037fb9998338d13e3e1bba5cd/execute/sync - {"script":"<script> [56 bytes]","args":[{"element-6066-11e4-a52e-4f735466cecf":"f.8197E7E82739F49E8E00421C1FF1176E.d.CCD32113332662375B33B39FE17D8373.e.3751","ELEMENT":"f.8197E7E82739F49E8E00421C1FF1176E.d.CCD32113332662375B33B39FE17D8373.e.3751"}]}
RESULT: {"script":"<script> [56 bytes]","args":[{"element-6066-11e4-a52e-4f735466cecf":"f.8197E7E82739F49E8E00421C1FF1176E.d.CCD32113332662375B33B39FE17D8373.e.3751","ELEMENT":"f.8197E7E82739F49E8E00421C1FF1176E.d.CCD32113332662375B33B39FE17D8373.e.3751"}]}
COMMAND: POST /session/7d4fbfd037fb9998338d13e3e1bba5cd/element - {"using":"css selector","value":"#shell-header-logo"}
COMMAND: GET /session/7d4fbfd037fb9998338d13e3e1bba5cd/screenshot - {}
RESULT: {"using":"css selector","value":"#shell-header-logo"}
COMMAND: POST /session/7d4fbfd037fb9998338d13e3e1bba5cd/element/f.8197E7E82739F49E8E00421C1FF1176E.d.CCD32113332662375B33B39FE17D8373.e.3066/click - {}
RESULT: {}
RESULT: {}
COMMAND: GET /session/7d4fbfd037fb9998338d13e3e1bba5cd/screenshot - {}
RESULT: {}
COMMAND: POST /session/7d4fbfd037fb9998338d13e3e1bba5cd/execute/sync - {"script":"<script> [299 bytes]","args":[["getModel","getResource"]]}
RESULT: {"script":"<script> [299 bytes]","args":[["getModel","getResource"]]}
COMMAND: POST /session/7d4fbfd037fb9998338d13e3e1bba5cd/refresh - {}
COMMAND: GET /session/7d4fbfd037fb9998338d13e3e1bba5cd/screenshot - {}
RESULT: {}
COMMAND: GET /session/7d4fbfd037fb9998338d13e3e1bba5cd/screenshot - {}
RESULT: {}
COMMAND: POST /session/7d4fbfd037fb9998338d13e3e1bba5cd/refresh - {}
RESULT: {}
RESULT: {}
COMMAND: GET /session/7d4fbfd037fb9998338d13e3e1bba5cd/screenshot - {}
RESULT: {}
COMMAND: POST /session/7d4fbfd037fb9998338d13e3e1bba5cd/window/fullscreen - {}
RESULT: {}
COMMAND: POST /session/7d4fbfd037fb9998338d13e3e1bba5cd/execute/async - {"script":"<script> [189 bytes]","args":[]}
RESULT: {"script":"<script> [189 bytes]","args":[]}
COMMAND: POST /session/7d4fbfd037fb9998338d13e3e1bba5cd/execute/async - {"script":"<script> [123 bytes]","args":[]}
RESULT: {"script":"<script> [123 bytes]","args":[]}
COMMAND: POST /session/7d4fbfd037fb9998338d13e3e1bba5cd/timeouts - {"script":"<number>"}
RESULT: {"script":"<number>"}
COMMAND: GET /session/7d4fbfd037fb9998338d13e3e1bba5cd/timeouts - {}
RESULT: {}
RESULT: undefined
COMMAND: POST /session/7d4fbfd037fb9998338d13e3e1bba5cd/execute/async - {"script":"<script> [2676 bytes]","args":[]}
RESULT: {"script":"<script> [2676 bytes]","args":[]}
COMMAND: POST /session/7d4fbfd037fb9998338d13e3e1bba5cd/execute/async - {"script":"<script> [2342 bytes]","args":[{"protocol":"http","hostname":"0.0.0.0","path":"/","capabilities":{"browserName":"chrome","goog:chromeOptions":{"binary":"C:\\Program Files\\Google\\Chrome\\Application\\chrome.exe","args":["--start-maximized"]}},"logLevel":"warn","connectionRetryTimeout":120000,"connectionRetryCount":3,"logLevels":{},"enableDirectConnect":true,"strictSSL":true,"_":"65 more keys: [\"cacheDir\",\"port\",\"requestedCapabilities\",\"automationProtocol\",\"baseUrl\",\"waitforInterval\",\"waitforTimeout\",\"onReload\",\"beforeCommand\",\"afterCommand\",\"rootDir\",\"specs\",\"suites\",\"exclude\",\"groupLogsByTestSpec\",\"excludeDriverLogs\",\"bail\",\"framework\",\"reporters\",\"services\",\"maxInstances\",\"maxInstancesPerCapability\",\"injectGlobals\",\"filesToWatch\",\"execArgv\",\"runnerEnv\",\"runner\",\"shard\",\"specFileRetries\",\"specFileRetriesDelay\",\"specFileRetriesDeferred\",\"reporterSyncInterval\",\"reporterSyncTimeout\",\"cucumberFeaturesWithLineNumbers\",\"autoCompileOpts\",\"mochaOpts\",\"jasmineOpts\",\"cucumberOpts\",\"onPrepare\",\"onWorkerStart\",\"onWorkerEnd\",\"before\",\"beforeSession\",\"beforeSuite\",\"beforeHook\",\"beforeTest\",\"afterTest\",\"afterHook\",\"afterSuite\",\"afterSession\",\"after\",\"onComplete\",\"beforeAssertion\",\"afterAssertion\",\"beforeFeature\",\"beforeScenario\",\"beforeStep\",\"afterStep\",\"afterScenario\",\"afterFeature\",\"_\",\"suite\",\"$0\",\"ignoredWorkerServices\",\"wdi5\"]"}]}
RESULT: {"script":"<script> [2342 bytes]","args":[{"protocol":"http","hostname":"0.0.0.0","path":"/","capabilities":{"browserName":"chrome","goog:chromeOptions":{"binary":"C:\\Program Files\\Google\\Chrome\\Application\\chrome.exe","args":["--start-maximized"]}},"logLevel":"warn","connectionRetryTimeout":120000,"connectionRetryCount":3,"logLevels":{},"enableDirectConnect":true,"strictSSL":true,"_":"65 more keys: [\"cacheDir\",\"port\",\"requestedCapabilities\",\"automationProtocol\",\"baseUrl\",\"waitforInterval\",\"waitforTimeout\",\"onReload\",\"beforeCommand\",\"afterCommand\",\"rootDir\",\"specs\",\"suites\",\"exclude\",\"groupLogsByTestSpec\",\"excludeDriverLogs\",\"bail\",\"framework\",\"reporters\",\"services\",\"maxInstances\",\"maxInstancesPerCapability\",\"injectGlobals\",\"filesToWatch\",\"execArgv\",\"runnerEnv\",\"runner\",\"shard\",\"specFileRetries\",\"specFileRetriesDelay\",\"specFileRetriesDeferred\",\"reporterSyncInterval\",\"reporterSyncTimeout\",\"cucumberFeaturesWithLineNumbers\",\"autoCompileOpts\",\"mochaOpts\",\"jasmineOpts\",\"cucumberOpts\",\"onPrepare\",\"onWorkerStart\",\"onWorkerEnd\",\"before\",\"beforeSession\",\"beforeSuite\",\"beforeHook\",\"beforeTest\",\"afterTest\",\"afterHook\",\"afterSuite\",\"afterSession\",\"after\",\"onComplete\",\"beforeAssertion\",\"afterAssertion\",\"beforeFeature\",\"beforeScenario\",\"beforeStep\",\"afterStep\",\"afterScenario\",\"afterFeature\",\"_\",\"suite\",\"$0\",\"ignoredWorkerServices\",\"wdi5\"]"}]}
COMMAND: POST /session/7d4fbfd037fb9998338d13e3e1bba5cd/execute/async - {"script":"<script> [21126 bytes]","args":[35000]}
RESULT: {"script":"<script> [21126 bytes]","args":[35000]}
COMMAND: POST /session/7d4fbfd037fb9998338d13e3e1bba5cd/element - {"using":"css selector","value":"#shell-header-logo"}
RESULT: {"using":"css selector","value":"#shell-header-logo"}
COMMAND: POST /session/7d4fbfd037fb9998338d13e3e1bba5cd/element/f.8197E7E82739F49E8E00421C1FF1176E.d.54B50C4981927F23061AFA386175BD99.e.3899/click - {}
RESULT: {}
COMMAND: GET /session/7d4fbfd037fb9998338d13e3e1bba5cd/screenshot - {}
RESULT: {}
COMMAND: POST /session/7d4fbfd037fb9998338d13e3e1bba5cd/execute/async - {"script":"<script> [1562 bytes]","args":[{"selector":{"controlType":"sap.m.GenericTile","properties":{"header":"Manage Sites"}},"wdio_ui5_key":"sapm.GenericTile{\"header\":\"Manage Sites\"}"}]}
RESULT: {"script":"<script> [1562 bytes]","args":[{"selector":{"controlType":"sap.m.GenericTile","properties":{"header":"Manage Sites"}},"wdio_ui5_key":"sapm.GenericTile{\"header\":\"Manage Sites\"}"}]}
RESULT: undefined
COMMAND: POST /session/7d4fbfd037fb9998338d13e3e1bba5cd/element - {"using":"xpath","value":"//*[@id=\"__tile32\"]"}
RESULT: {"using":"xpath","value":"//*[@id=\"__tile32\"]"}
COMMAND: POST /session/7d4fbfd037fb9998338d13e3e1bba5cd/element/f.8197E7E82739F49E8E00421C1FF1176E.d.54B50C4981927F23061AFA386175BD99.e.3823/click - {}
RESULT: {}
]]></system-out>
    </testcase>
  </testsuite>
  <testsuite timestamp="2025-04-27T15:28:09" time="210.607" tests="2" failures="0" errors="0" skipped="0">
    <properties>
      <property name="specId" value="0" />
      <property name="suiteName" value="Create 2 sites US118246" />
      <property name="capabilities" value="chrome.135_0_7049_96.windows" />
      <property name="file" value="file:///D:/a/1/s/test/specs/R2C/create-site.spec.js" />
    </properties>
    <testcase classname="chrome.135_0_7049_96.windows.Create_2_sites_US118246" name="Should create new site" time="98.859">
      <system-out><![CDATA[
COMMAND: POST /session/7d4fbfd037fb9998338d13e3e1bba5cd/execute/async - {"script":"<script> [1562 bytes]","args":[{"selector":{"controlType":"sap.m.Title","viewName":"etm.portal.ui.managesites.view.Master","viewId":"application-managesites-display-component---masterSite","i18NText":{"propertyName":"text","key":"sites"}},"wdio_ui5_key":"etmportal.ui.managesites.view.Mastersap.m.Title{\"propertyName\":\"text\",\"key\":\"sites\"}"}]}
COMMAND: GET /session/7d4fbfd037fb9998338d13e3e1bba5cd/screenshot - {}
RESULT: {"script":"<script> [1562 bytes]","args":[{"selector":{"controlType":"sap.m.Title","viewName":"etm.portal.ui.managesites.view.Master","viewId":"application-managesites-display-component---masterSite","i18NText":{"propertyName":"text","key":"sites"}},"wdio_ui5_key":"etmportal.ui.managesites.view.Mastersap.m.Title{\"propertyName\":\"text\",\"key\":\"sites\"}"}]}
RESULT: undefined
COMMAND: POST /session/7d4fbfd037fb9998338d13e3e1bba5cd/execute/async - {"script":"<script> [6424 bytes]","args":[{"element-6066-11e4-a52e-4f735466cecf":"f.8197E7E82739F49E8E00421C1FF1176E.d.54B50C4981927F23061AFA386175BD99.e.4072"},"getText",[]]}
RESULT: {}
RESULT: {"script":"<script> [6424 bytes]","args":[{"element-6066-11e4-a52e-4f735466cecf":"f.8197E7E82739F49E8E00421C1FF1176E.d.54B50C4981927F23061AFA386175BD99.e.4072"},"getText",[]]}
COMMAND: POST /session/7d4fbfd037fb9998338d13e3e1bba5cd/execute/async - {"script":"<script> [1562 bytes]","args":[{"selector":{"controlType":"sap.ui.core.Icon","viewName":"etm.portal.ui.managesites.view.Master","viewId":"application-managesites-display-component---masterSite","properties":{"src":{"regex":{"source":"add"}}}},"wdio_ui5_key":"etmportal.ui.managesites.view.Mastersap.ui.core.Icon{\"src\":{\"regex\":{\"source\":\"add\"}}}"}]}
RESULT: {"script":"<script> [1562 bytes]","args":[{"selector":{"controlType":"sap.ui.core.Icon","viewName":"etm.portal.ui.managesites.view.Master","viewId":"application-managesites-display-component---masterSite","properties":{"src":{"regex":{"source":"add"}}}},"wdio_ui5_key":"etmportal.ui.managesites.view.Mastersap.ui.core.Icon{\"src\":{\"regex\":{\"source\":\"add\"}}}"}]}
RESULT: undefined
COMMAND: POST /session/7d4fbfd037fb9998338d13e3e1bba5cd/element - {"using":"xpath","value":"//*[@id=\"__button4-img\"]"}
RESULT: {"using":"xpath","value":"//*[@id=\"__button4-img\"]"}
COMMAND: POST /session/7d4fbfd037fb9998338d13e3e1bba5cd/element/f.8197E7E82739F49E8E00421C1FF1176E.d.54B50C4981927F23061AFA386175BD99.e.3946/click - {}
RESULT: {}
COMMAND: POST /session/7d4fbfd037fb9998338d13e3e1bba5cd/execute/async - {"script":"<script> [1562 bytes]","args":[{"selector":{"id":"application-managesites-display-component---NewSite--siteId","interaction":{"idSuffix":"inner"}},"wdio_ui5_key":"applicationmanagesites-display-component---NewSite--siteId"}]}
COMMAND: GET /session/7d4fbfd037fb9998338d13e3e1bba5cd/screenshot - {}
RESULT: {"script":"<script> [1562 bytes]","args":[{"selector":{"id":"application-managesites-display-component---NewSite--siteId","interaction":{"idSuffix":"inner"}},"wdio_ui5_key":"applicationmanagesites-display-component---NewSite--siteId"}]}
RESULT: undefined
COMMAND: POST /session/7d4fbfd037fb9998338d13e3e1bba5cd/execute/async - {"script":"<script> [1562 bytes]","args":[{"selector":{"id":"application-managesites-display-component---NewSite--addressDetailDetailsName1","interaction":{"idSuffix":"inner"}},"wdio_ui5_key":"applicationmanagesites-display-component---NewSite--addressDetailDetailsName1"}]}
RESULT: {}
RESULT: {"script":"<script> [1562 bytes]","args":[{"selector":{"id":"application-managesites-display-component---NewSite--addressDetailDetailsName1","interaction":{"idSuffix":"inner"}},"wdio_ui5_key":"applicationmanagesites-display-component---NewSite--addressDetailDetailsName1"}]}
RESULT: undefined
COMMAND: POST /session/7d4fbfd037fb9998338d13e3e1bba5cd/execute/async - {"script":"<script> [776 bytes]","args":[{"enterText":"Webdriver Site 37lxb","selector":{"id":"application-managesites-display-component---NewSite--addressDetailDetailsName1","interaction":{"idSuffix":"inner"}},"clearTextFirst":true,"interactionType":"ENTER_TEXT"}]}
RESULT: {"script":"<script> [776 bytes]","args":[{"enterText":"Webdriver Site 37lxb","selector":{"id":"application-managesites-display-component---NewSite--addressDetailDetailsName1","interaction":{"idSuffix":"inner"}},"clearTextFirst":true,"interactionType":"ENTER_TEXT"}]}
COMMAND: POST /session/7d4fbfd037fb9998338d13e3e1bba5cd/execute/async - {"script":"<script> [1562 bytes]","args":[{"selector":{"id":"application-managesites-display-component---NewSite--addressDetailDetailsLanguage","interaction":{"idSuffix":"inner"}},"wdio_ui5_key":"applicationmanagesites-display-component---NewSite--addressDetailDetailsLanguage"}]}
RESULT: {"script":"<script> [1562 bytes]","args":[{"selector":{"id":"application-managesites-display-component---NewSite--addressDetailDetailsLanguage","interaction":{"idSuffix":"inner"}},"wdio_ui5_key":"applicationmanagesites-display-component---NewSite--addressDetailDetailsLanguage"}]}
RESULT: undefined
COMMAND: POST /session/7d4fbfd037fb9998338d13e3e1bba5cd/execute/async - {"script":"<script> [776 bytes]","args":[{"enterText":"Romanian","selector":{"id":"application-managesites-display-component---NewSite--addressDetailDetailsLanguage","interaction":{"idSuffix":"inner"}},"clearTextFirst":true,"interactionType":"ENTER_TEXT"}]}
RESULT: {"script":"<script> [776 bytes]","args":[{"enterText":"Romanian","selector":{"id":"application-managesites-display-component---NewSite--addressDetailDetailsLanguage","interaction":{"idSuffix":"inner"}},"clearTextFirst":true,"interactionType":"ENTER_TEXT"}]}
COMMAND: POST /session/7d4fbfd037fb9998338d13e3e1bba5cd/execute/async - {"script":"<script> [1562 bytes]","args":[{"selector":{"id":"application-managesites-display-component---NewSite--addressDetailDetailsCity1","interaction":{"idSuffix":"inner"}},"wdio_ui5_key":"applicationmanagesites-display-component---NewSite--addressDetailDetailsCity1"}]}
RESULT: {"script":"<script> [1562 bytes]","args":[{"selector":{"id":"application-managesites-display-component---NewSite--addressDetailDetailsCity1","interaction":{"idSuffix":"inner"}},"wdio_ui5_key":"applicationmanagesites-display-component---NewSite--addressDetailDetailsCity1"}]}
RESULT: undefined
COMMAND: POST /session/7d4fbfd037fb9998338d13e3e1bba5cd/execute/async - {"script":"<script> [776 bytes]","args":[{"enterText":"Bucharest","selector":{"id":"application-managesites-display-component---NewSite--addressDetailDetailsCity1","interaction":{"idSuffix":"inner"}},"clearTextFirst":true,"interactionType":"ENTER_TEXT"}]}
RESULT: {"script":"<script> [776 bytes]","args":[{"enterText":"Bucharest","selector":{"id":"application-managesites-display-component---NewSite--addressDetailDetailsCity1","interaction":{"idSuffix":"inner"}},"clearTextFirst":true,"interactionType":"ENTER_TEXT"}]}
COMMAND: POST /session/7d4fbfd037fb9998338d13e3e1bba5cd/execute/async - {"script":"<script> [1562 bytes]","args":[{"selector":{"id":"application-managesites-display-component---NewSite--addressDetailDetailsCountry","interaction":{"idSuffix":"inner"}},"wdio_ui5_key":"applicationmanagesites-display-component---NewSite--addressDetailDetailsCountry"}]}
RESULT: {"script":"<script> [1562 bytes]","args":[{"selector":{"id":"application-managesites-display-component---NewSite--addressDetailDetailsCountry","interaction":{"idSuffix":"inner"}},"wdio_ui5_key":"applicationmanagesites-display-component---NewSite--addressDetailDetailsCountry"}]}
RESULT: undefined
COMMAND: POST /session/7d4fbfd037fb9998338d13e3e1bba5cd/execute/async - {"script":"<script> [776 bytes]","args":[{"enterText":"Romania","selector":{"id":"application-managesites-display-component---NewSite--addressDetailDetailsCountry","interaction":{"idSuffix":"inner"}},"clearTextFirst":true,"interactionType":"ENTER_TEXT"}]}
RESULT: {"script":"<script> [776 bytes]","args":[{"enterText":"Romania","selector":{"id":"application-managesites-display-component---NewSite--addressDetailDetailsCountry","interaction":{"idSuffix":"inner"}},"clearTextFirst":true,"interactionType":"ENTER_TEXT"}]}
COMMAND: POST /session/7d4fbfd037fb9998338d13e3e1bba5cd/execute/async - {"script":"<script> [1562 bytes]","args":[{"selector":{"id":"application-managesites-display-component---NewSite--addressDetailDetailsCalendar","interaction":{"idSuffix":"inner"}},"wdio_ui5_key":"applicationmanagesites-display-component---NewSite--addressDetailDetailsCalendar"}]}
RESULT: {"script":"<script> [1562 bytes]","args":[{"selector":{"id":"application-managesites-display-component---NewSite--addressDetailDetailsCalendar","interaction":{"idSuffix":"inner"}},"wdio_ui5_key":"applicationmanagesites-display-component---NewSite--addressDetailDetailsCalendar"}]}
RESULT: undefined
COMMAND: POST /session/7d4fbfd037fb9998338d13e3e1bba5cd/execute/async - {"script":"<script> [776 bytes]","args":[{"enterText":"Germany","selector":{"id":"application-managesites-display-component---NewSite--addressDetailDetailsCalendar","interaction":{"idSuffix":"inner"}},"clearTextFirst":true,"interactionType":"ENTER_TEXT"}]}
RESULT: {"script":"<script> [776 bytes]","args":[{"enterText":"Germany","selector":{"id":"application-managesites-display-component---NewSite--addressDetailDetailsCalendar","interaction":{"idSuffix":"inner"}},"clearTextFirst":true,"interactionType":"ENTER_TEXT"}]}
COMMAND: POST /session/7d4fbfd037fb9998338d13e3e1bba5cd/execute/async - {"script":"<script> [1562 bytes]","args":[{"selector":{"id":"application-managesites-display-component---NewSite--addressEditDetailsCostObjectCstType-arrow"},"wdio_ui5_key":"applicationmanagesites-display-component---NewSite--addressEditDetailsCostObjectCstType-arrow"}]}
RESULT: {"script":"<script> [1562 bytes]","args":[{"selector":{"id":"application-managesites-display-component---NewSite--addressEditDetailsCostObjectCstType-arrow"},"wdio_ui5_key":"applicationmanagesites-display-component---NewSite--addressEditDetailsCostObjectCstType-arrow"}]}
RESULT: undefined
COMMAND: POST /session/7d4fbfd037fb9998338d13e3e1bba5cd/element - {"using":"xpath","value":"//*[@id=\"application-managesites-display-component---NewSite--addressEditDetailsCostObjectCstType-arrow\"]"}
RESULT: {"using":"xpath","value":"//*[@id=\"application-managesites-display-component---NewSite--addressEditDetailsCostObjectCstType-arrow\"]"}
COMMAND: POST /session/7d4fbfd037fb9998338d13e3e1bba5cd/element/f.8197E7E82739F49E8E00421C1FF1176E.d.54B50C4981927F23061AFA386175BD99.e.4338/click - {}
RESULT: {}
COMMAND: POST /session/7d4fbfd037fb9998338d13e3e1bba5cd/element - {"using":"xpath","value":"//span[contains(text(), \"Work Breakdown Structure\")]"}
COMMAND: GET /session/7d4fbfd037fb9998338d13e3e1bba5cd/screenshot - {}
RESULT: {"using":"xpath","value":"//span[contains(text(), \"Work Breakdown Structure\")]"}
COMMAND: POST /session/7d4fbfd037fb9998338d13e3e1bba5cd/element/f.8197E7E82739F49E8E00421C1FF1176E.d.54B50C4981927F23061AFA386175BD99.e.4339/click - {}
RESULT: {}
RESULT: {}
COMMAND: GET /session/7d4fbfd037fb9998338d13e3e1bba5cd/screenshot - {}
RESULT: {}
COMMAND: POST /session/7d4fbfd037fb9998338d13e3e1bba5cd/execute/async - {"script":"<script> [1562 bytes]","args":[{"selector":{"id":"application-managesites-display-component---NewSite--addressNewCostObjectCstID-vhi"},"wdio_ui5_key":"applicationmanagesites-display-component---NewSite--addressNewCostObjectCstID-vhi"}]}
RESULT: {"script":"<script> [1562 bytes]","args":[{"selector":{"id":"application-managesites-display-component---NewSite--addressNewCostObjectCstID-vhi"},"wdio_ui5_key":"applicationmanagesites-display-component---NewSite--addressNewCostObjectCstID-vhi"}]}
RESULT: undefined
COMMAND: POST /session/7d4fbfd037fb9998338d13e3e1bba5cd/element - {"using":"xpath","value":"//*[@id=\"application-managesites-display-component---NewSite--addressNewCostObjectCstID-vhi\"]"}
RESULT: {"using":"xpath","value":"//*[@id=\"application-managesites-display-component---NewSite--addressNewCostObjectCstID-vhi\"]"}
COMMAND: POST /session/7d4fbfd037fb9998338d13e3e1bba5cd/element/f.8197E7E82739F49E8E00421C1FF1176E.d.54B50C4981927F23061AFA386175BD99.e.4343/click - {}
RESULT: {}
COMMAND: GET /session/7d4fbfd037fb9998338d13e3e1bba5cd/screenshot - {}
RESULT: {}
COMMAND: POST /session/7d4fbfd037fb9998338d13e3e1bba5cd/execute/async - {"script":"<script> [1562 bytes]","args":[{"selector":{"controlType":"sap.m.SearchField","properties":{"placeholder":"Search"},"searchOpenDialogs":true,"interaction":{"idSuffix":"I"}},"wdio_ui5_key":"sapm.SearchField{\"placeholder\":\"Search\"}"}]}
RESULT: {"script":"<script> [1562 bytes]","args":[{"selector":{"controlType":"sap.m.SearchField","properties":{"placeholder":"Search"},"searchOpenDialogs":true,"interaction":{"idSuffix":"I"}},"wdio_ui5_key":"sapm.SearchField{\"placeholder\":\"Search\"}"}]}
RESULT: undefined
COMMAND: POST /session/7d4fbfd037fb9998338d13e3e1bba5cd/execute/async - {"script":"<script> [776 bytes]","args":[{"enterText":"A1-000100-01","selector":{"controlType":"sap.m.SearchField","properties":{"placeholder":"Search"},"searchOpenDialogs":true,"interaction":{"idSuffix":"I"}},"clearTextFirst":true,"interactionType":"ENTER_TEXT"}]}
RESULT: {"script":"<script> [776 bytes]","args":[{"enterText":"A1-000100-01","selector":{"controlType":"sap.m.SearchField","properties":{"placeholder":"Search"},"searchOpenDialogs":true,"interaction":{"idSuffix":"I"}},"clearTextFirst":true,"interactionType":"ENTER_TEXT"}]}
COMMAND: POST /session/7d4fbfd037fb9998338d13e3e1bba5cd/actions - {"actions":[{"id":"action8","type":"key","parameters":{},"actions":[{"type":"keyDown","value":"î€‡"},{"type":"pause","duration":10},{"type":"keyUp","value":"î€‡"}]}]}
RESULT: {"actions":[{"id":"action8","type":"key","parameters":{},"actions":[{"type":"keyDown","value":"î€‡"},{"type":"pause","duration":10},{"type":"keyUp","value":"î€‡"}]}]}
COMMAND: GET /session/7d4fbfd037fb9998338d13e3e1bba5cd/screenshot - {}
RESULT: {}
COMMAND: POST /session/7d4fbfd037fb9998338d13e3e1bba5cd/element - {"using":"xpath","value":"//span[contains(text(), \"Template for ETO-Process\")]"}
RESULT: {"using":"xpath","value":"//span[contains(text(), \"Template for ETO-Process\")]"}
COMMAND: POST /session/7d4fbfd037fb9998338d13e3e1bba5cd/element/f.8197E7E82739F49E8E00421C1FF1176E.d.54B50C4981927F23061AFA386175BD99.e.4364/click - {}
RESULT: {}
COMMAND: GET /session/7d4fbfd037fb9998338d13e3e1bba5cd/screenshot - {}
RESULT: {}
COMMAND: POST /session/7d4fbfd037fb9998338d13e3e1bba5cd/element - {"using":"xpath","value":"//bdi[contains(text(), \"OK\")]"}
RESULT: {"using":"xpath","value":"//bdi[contains(text(), \"OK\")]"}
COMMAND: POST /session/7d4fbfd037fb9998338d13e3e1bba5cd/element/f.8197E7E82739F49E8E00421C1FF1176E.d.54B50C4981927F23061AFA386175BD99.e.4365/click - {}
RESULT: {}
COMMAND: GET /session/7d4fbfd037fb9998338d13e3e1bba5cd/screenshot - {}
RESULT: {}
COMMAND: POST /session/7d4fbfd037fb9998338d13e3e1bba5cd/element - {"using":"xpath","value":"//input[@id=\"application-managesites-display-component---NewSite--addressDetailDetailsYard-inner\"]"}
RESULT: {"using":"xpath","value":"//input[@id=\"application-managesites-display-component---NewSite--addressDetailDetailsYard-inner\"]"}
COMMAND: POST /session/7d4fbfd037fb9998338d13e3e1bba5cd/element/f.8197E7E82739F49E8E00421C1FF1176E.d.54B50C4981927F23061AFA386175BD99.e.4133/value - {"text":"284"}
RESULT: {"text":"284"}
COMMAND: GET /session/7d4fbfd037fb9998338d13e3e1bba5cd/screenshot - {}
RESULT: {}
COMMAND: POST /session/7d4fbfd037fb9998338d13e3e1bba5cd/actions - {"actions":[{"id":"action9","type":"key","parameters":{},"actions":[{"type":"keyDown","value":"î€‡"},{"type":"pause","duration":10},{"type":"keyUp","value":"î€‡"}]}]}
RESULT: {"actions":[{"id":"action9","type":"key","parameters":{},"actions":[{"type":"keyDown","value":"î€‡"},{"type":"pause","duration":10},{"type":"keyUp","value":"î€‡"}]}]}
COMMAND: GET /session/7d4fbfd037fb9998338d13e3e1bba5cd/screenshot - {}
RESULT: {}
COMMAND: POST /session/7d4fbfd037fb9998338d13e3e1bba5cd/element - {"using":"xpath","value":"//input[@id=\"application-managesites-display-component---NewSite--addressDetailDetailsPartner-inner\"]"}
RESULT: {"using":"xpath","value":"//input[@id=\"application-managesites-display-component---NewSite--addressDetailDetailsPartner-inner\"]"}
COMMAND: POST /session/7d4fbfd037fb9998338d13e3e1bba5cd/elements - {"using":"xpath","value":"//input[@id=\"application-managesites-display-component---NewSite--addressDetailDetailsPartner-inner\"]"}
RESULT: {"using":"xpath","value":"//input[@id=\"application-managesites-display-component---NewSite--addressDetailDetailsPartner-inner\"]"}
COMMAND: POST /session/7d4fbfd037fb9998338d13e3e1bba5cd/execute/async - {"script":"<script> [1562 bytes]","args":[{"selector":{"controlType":"sap.m.Button","viewName":"etm.portal.ui.managesites.view.NewSmartSite","viewId":"application-managesites-display-component---NewSite","properties":{"text":"Commercial"},"interaction":{"idSuffix":"BDI-content"}},"wdio_ui5_key":"etmportal.ui.managesites.view.NewSmartSitesap.m.Button{\"text\":\"Commercial\"}"}]}
RESULT: {"script":"<script> [1562 bytes]","args":[{"selector":{"controlType":"sap.m.Button","viewName":"etm.portal.ui.managesites.view.NewSmartSite","viewId":"application-managesites-display-component---NewSite","properties":{"text":"Commercial"},"interaction":{"idSuffix":"BDI-content"}},"wdio_ui5_key":"etmportal.ui.managesites.view.NewSmartSitesap.m.Button{\"text\":\"Commercial\"}"}]}
RESULT: undefined
COMMAND: POST /session/7d4fbfd037fb9998338d13e3e1bba5cd/element - {"using":"xpath","value":"//*[@id=\"application-managesites-display-component---NewSite--ObjectPageLayout-anchBar-__section5-anchor\"]"}
RESULT: {"using":"xpath","value":"//*[@id=\"application-managesites-display-component---NewSite--ObjectPageLayout-anchBar-__section5-anchor\"]"}
COMMAND: POST /session/7d4fbfd037fb9998338d13e3e1bba5cd/element/f.8197E7E82739F49E8E00421C1FF1176E.d.54B50C4981927F23061AFA386175BD99.e.4372/click - {}
RESULT: {}
COMMAND: POST /session/7d4fbfd037fb9998338d13e3e1bba5cd/execute/async - {"script":"<script> [1562 bytes]","args":[{"selector":{"controlType":"sap.m.Button","viewName":"etm.portal.ui.managesites.view.NewSmartSite","viewId":"application-managesites-display-component---NewSite","i18NText":{"propertyName":"text","key":"save"},"interaction":{"idSuffix":"BDI-content"}},"wdio_ui5_key":"etmportal.ui.managesites.view.NewSmartSitesap.m.Button{\"propertyName\":\"text\",\"key\":\"save\"}"}]}
COMMAND: GET /session/7d4fbfd037fb9998338d13e3e1bba5cd/screenshot - {}
RESULT: {"script":"<script> [1562 bytes]","args":[{"selector":{"controlType":"sap.m.Button","viewName":"etm.portal.ui.managesites.view.NewSmartSite","viewId":"application-managesites-display-component---NewSite","i18NText":{"propertyName":"text","key":"save"},"interaction":{"idSuffix":"BDI-content"}},"wdio_ui5_key":"etmportal.ui.managesites.view.NewSmartSitesap.m.Button{\"propertyName\":\"text\",\"key\":\"save\"}"}]}
RESULT: undefined
COMMAND: POST /session/7d4fbfd037fb9998338d13e3e1bba5cd/element - {"using":"xpath","value":"//*[@id=\"__button16\"]"}
RESULT: {}
RESULT: {"using":"xpath","value":"//*[@id=\"__button16\"]"}
COMMAND: POST /session/7d4fbfd037fb9998338d13e3e1bba5cd/element/f.8197E7E82739F49E8E00421C1FF1176E.d.54B50C4981927F23061AFA386175BD99.e.4317/click - {}
RESULT: {}
COMMAND: GET /session/7d4fbfd037fb9998338d13e3e1bba5cd/screenshot - {}
COMMAND: POST /session/7d4fbfd037fb9998338d13e3e1bba5cd/execute/async - {"script":"<script> [1562 bytes]","args":[{"selector":{"id":"application-managesites-display-component---detailSite--addressDetailDetailsYardText"},"wdio_ui5_key":"applicationmanagesites-display-component---detailSite--addressDetailDetailsYardText"}]}
RESULT: {}
RESULT: {"script":"<script> [1562 bytes]","args":[{"selector":{"id":"application-managesites-display-component---detailSite--addressDetailDetailsYardText"},"wdio_ui5_key":"applicationmanagesites-display-component---detailSite--addressDetailDetailsYardText"}]}
RESULT: undefined
COMMAND: POST /session/7d4fbfd037fb9998338d13e3e1bba5cd/element - {"using":"xpath","value":"//header/div/div[2]/div[2]/span"}
RESULT: {"using":"xpath","value":"//header/div/div[2]/div[2]/span"}
COMMAND: GET /session/7d4fbfd037fb9998338d13e3e1bba5cd/element/f.8197E7E82739F49E8E00421C1FF1176E.d.54B50C4981927F23061AFA386175BD99.e.4586/text - {}
RESULT: {}
COMMAND: POST /session/7d4fbfd037fb9998338d13e3e1bba5cd/execute/async - {"script":"<script> [1562 bytes]","args":[{"selector":{"controlType":"sap.m.Label","viewName":"etm.portal.ui.managesites.view.Detail","viewId":"application-managesites-display-component---detailSite","i18NText":{"propertyName":"text","key":"status"}},"wdio_ui5_key":"etmportal.ui.managesites.view.Detailsap.m.Label{\"propertyName\":\"text\",\"key\":\"status\"}"}]}
RESULT: {"script":"<script> [1562 bytes]","args":[{"selector":{"controlType":"sap.m.Label","viewName":"etm.portal.ui.managesites.view.Detail","viewId":"application-managesites-display-component---detailSite","i18NText":{"propertyName":"text","key":"status"}},"wdio_ui5_key":"etmportal.ui.managesites.view.Detailsap.m.Label{\"propertyName\":\"text\",\"key\":\"status\"}"}]}
RESULT: undefined
COMMAND: POST /session/7d4fbfd037fb9998338d13e3e1bba5cd/execute/async - {"script":"<script> [6424 bytes]","args":[{"element-6066-11e4-a52e-4f735466cecf":"f.8197E7E82739F49E8E00421C1FF1176E.d.54B50C4981927F23061AFA386175BD99.e.4574"},"getText",[]]}
RESULT: {"script":"<script> [6424 bytes]","args":[{"element-6066-11e4-a52e-4f735466cecf":"f.8197E7E82739F49E8E00421C1FF1176E.d.54B50C4981927F23061AFA386175BD99.e.4574"},"getText",[]]}
]]></system-out>
    </testcase>
    <testcase classname="chrome.135_0_7049_96.windows.Create_2_sites_US118246" name="Should create WHM site" time="58.995">
      <system-out><![CDATA[
RESULT: undefined
COMMAND: POST /session/7d4fbfd037fb9998338d13e3e1bba5cd/element - {"using":"xpath","value":"//*[@id=\"__button4-img\"]"}
RESULT: {"using":"xpath","value":"//*[@id=\"__button4-img\"]"}
COMMAND: POST /session/7d4fbfd037fb9998338d13e3e1bba5cd/element/f.8197E7E82739F49E8E00421C1FF1176E.d.54B50C4981927F23061AFA386175BD99.e.4587/click - {}
RESULT: {}
COMMAND: GET /session/7d4fbfd037fb9998338d13e3e1bba5cd/screenshot - {}
RESULT: undefined
COMMAND: POST /session/7d4fbfd037fb9998338d13e3e1bba5cd/execute/async - {"script":"<script> [1562 bytes]","args":[{"selector":{"controlType":"sap.m.Button","viewName":"etm.portal.ui.managesites.view.NewSmartSite","viewId":"application-managesites-display-component---NewSite","properties":{"text":"General Information"},"interaction":{"idSuffix":"BDI-content"}},"wdio_ui5_key":"etmportal.ui.managesites.view.NewSmartSitesap.m.Button{\"text\":\"General Information\"}"}]}
RESULT: {}
RESULT: {"script":"<script> [1562 bytes]","args":[{"selector":{"controlType":"sap.m.Button","viewName":"etm.portal.ui.managesites.view.NewSmartSite","viewId":"application-managesites-display-component---NewSite","properties":{"text":"General Information"},"interaction":{"idSuffix":"BDI-content"}},"wdio_ui5_key":"etmportal.ui.managesites.view.NewSmartSitesap.m.Button{\"text\":\"General Information\"}"}]}
RESULT: undefined
COMMAND: POST /session/7d4fbfd037fb9998338d13e3e1bba5cd/element - {"using":"xpath","value":"//*[@id=\"application-managesites-display-component---NewSite--ObjectPageLayout-anchBar-__section3-anchor\"]"}
RESULT: {"using":"xpath","value":"//*[@id=\"application-managesites-display-component---NewSite--ObjectPageLayout-anchBar-__section3-anchor\"]"}
COMMAND: POST /session/7d4fbfd037fb9998338d13e3e1bba5cd/element/f.8197E7E82739F49E8E00421C1FF1176E.d.54B50C4981927F23061AFA386175BD99.e.4768/click - {}
RESULT: {}
RESULT: undefined
COMMAND: POST /session/7d4fbfd037fb9998338d13e3e1bba5cd/execute/async - {"script":"<script> [776 bytes]","args":[{"enterText":"Webdriver WHM Site l4in7","selector":{"id":"application-managesites-display-component---NewSite--addressDetailDetailsName1","interaction":{"idSuffix":"inner"}},"clearTextFirst":true,"interactionType":"ENTER_TEXT"}]}
COMMAND: GET /session/7d4fbfd037fb9998338d13e3e1bba5cd/screenshot - {}
RESULT: {"script":"<script> [776 bytes]","args":[{"enterText":"Webdriver WHM Site l4in7","selector":{"id":"application-managesites-display-component---NewSite--addressDetailDetailsName1","interaction":{"idSuffix":"inner"}},"clearTextFirst":true,"interactionType":"ENTER_TEXT"}]}
RESULT: {}
RESULT: undefined
COMMAND: POST /session/7d4fbfd037fb9998338d13e3e1bba5cd/execute/async - {"script":"<script> [776 bytes]","args":[{"enterText":"Romanian","selector":{"id":"application-managesites-display-component---NewSite--addressDetailDetailsLanguage","interaction":{"idSuffix":"inner"}},"clearTextFirst":true,"interactionType":"ENTER_TEXT"}]}
RESULT: {"script":"<script> [776 bytes]","args":[{"enterText":"Romanian","selector":{"id":"application-managesites-display-component---NewSite--addressDetailDetailsLanguage","interaction":{"idSuffix":"inner"}},"clearTextFirst":true,"interactionType":"ENTER_TEXT"}]}
COMMAND: POST /session/7d4fbfd037fb9998338d13e3e1bba5cd/actions - {"actions":[{"id":"action10","type":"key","parameters":{},"actions":[{"type":"keyDown","value":"î€‡"},{"type":"pause","duration":10},{"type":"keyUp","value":"î€‡"}]}]}
RESULT: {"actions":[{"id":"action10","type":"key","parameters":{},"actions":[{"type":"keyDown","value":"î€‡"},{"type":"pause","duration":10},{"type":"keyUp","value":"î€‡"}]}]}
RESULT: undefined
COMMAND: POST /session/7d4fbfd037fb9998338d13e3e1bba5cd/execute/async - {"script":"<script> [776 bytes]","args":[{"enterText":"Bucharest","selector":{"id":"application-managesites-display-component---NewSite--addressDetailDetailsCity1","interaction":{"idSuffix":"inner"}},"clearTextFirst":true,"interactionType":"ENTER_TEXT"}]}
COMMAND: GET /session/7d4fbfd037fb9998338d13e3e1bba5cd/screenshot - {}
RESULT: {"script":"<script> [776 bytes]","args":[{"enterText":"Bucharest","selector":{"id":"application-managesites-display-component---NewSite--addressDetailDetailsCity1","interaction":{"idSuffix":"inner"}},"clearTextFirst":true,"interactionType":"ENTER_TEXT"}]}
RESULT: {}
COMMAND: POST /session/7d4fbfd037fb9998338d13e3e1bba5cd/actions - {"actions":[{"id":"action11","type":"key","parameters":{},"actions":[{"type":"keyDown","value":"î€‡"},{"type":"pause","duration":10},{"type":"keyUp","value":"î€‡"}]}]}
RESULT: {"actions":[{"id":"action11","type":"key","parameters":{},"actions":[{"type":"keyDown","value":"î€‡"},{"type":"pause","duration":10},{"type":"keyUp","value":"î€‡"}]}]}
RESULT: undefined
COMMAND: POST /session/7d4fbfd037fb9998338d13e3e1bba5cd/execute/async - {"script":"<script> [6424 bytes]","args":[{"element-6066-11e4-a52e-4f735466cecf":"f.8197E7E82739F49E8E00421C1FF1176E.d.54B50C4981927F23061AFA386175BD99.e.4122"},"setValue",["Romania"]]}
COMMAND: GET /session/7d4fbfd037fb9998338d13e3e1bba5cd/screenshot - {}
COMMAND: POST /session/7d4fbfd037fb9998338d13e3e1bba5cd/execute/async - {"script":"<script> [1562 bytes]","args":[{"selector":{"id":"application-managesites-display-component---NewSite--addressDetailDetailsCountry","interaction":{"idSuffix":"inner"}},"wdio_ui5_key":"applicationmanagesites-display-component---NewSite--addressDetailDetailsCountry"}]}
RESULT: {}
RESULT: {"script":"<script> [1562 bytes]","args":[{"selector":{"id":"application-managesites-display-component---NewSite--addressDetailDetailsCountry","interaction":{"idSuffix":"inner"}},"wdio_ui5_key":"applicationmanagesites-display-component---NewSite--addressDetailDetailsCountry"}]}
COMMAND: POST /session/7d4fbfd037fb9998338d13e3e1bba5cd/execute/async - {"script":"<script> [6424 bytes]","args":[{"element-6066-11e4-a52e-4f735466cecf":"f.8197E7E82739F49E8E00421C1FF1176E.d.54B50C4981927F23061AFA386175BD99.e.4642"},"setValue",["Romania"]]}
RESULT: {"script":"<script> [6424 bytes]","args":[{"element-6066-11e4-a52e-4f735466cecf":"f.8197E7E82739F49E8E00421C1FF1176E.d.54B50C4981927F23061AFA386175BD99.e.4642"},"setValue",["Romania"]]}
COMMAND: POST /session/7d4fbfd037fb9998338d13e3e1bba5cd/actions - {"actions":[{"id":"action12","type":"key","parameters":{},"actions":[{"type":"keyDown","value":"î€‡"},{"type":"pause","duration":10},{"type":"keyUp","value":"î€‡"}]}]}
RESULT: {"actions":[{"id":"action12","type":"key","parameters":{},"actions":[{"type":"keyDown","value":"î€‡"},{"type":"pause","duration":10},{"type":"keyUp","value":"î€‡"}]}]}
RESULT: undefined
COMMAND: POST /session/7d4fbfd037fb9998338d13e3e1bba5cd/execute/async - {"script":"<script> [776 bytes]","args":[{"enterText":"Germany","selector":{"id":"application-managesites-display-component---NewSite--addressDetailDetailsCalendar","interaction":{"idSuffix":"inner"}},"clearTextFirst":true,"interactionType":"ENTER_TEXT"}]}
COMMAND: GET /session/7d4fbfd037fb9998338d13e3e1bba5cd/screenshot - {}
RESULT: {"script":"<script> [776 bytes]","args":[{"enterText":"Germany","selector":{"id":"application-managesites-display-component---NewSite--addressDetailDetailsCalendar","interaction":{"idSuffix":"inner"}},"clearTextFirst":true,"interactionType":"ENTER_TEXT"}]}
RESULT: {}
COMMAND: POST /session/7d4fbfd037fb9998338d13e3e1bba5cd/actions - {"actions":[{"id":"action13","type":"key","parameters":{},"actions":[{"type":"keyDown","value":"î€‡"},{"type":"pause","duration":10},{"type":"keyUp","value":"î€‡"}]}]}
RESULT: {"actions":[{"id":"action13","type":"key","parameters":{},"actions":[{"type":"keyDown","value":"î€‡"},{"type":"pause","duration":10},{"type":"keyUp","value":"î€‡"}]}]}
COMMAND: POST /session/7d4fbfd037fb9998338d13e3e1bba5cd/execute/async - {"script":"<script> [1562 bytes]","args":[{"selector":{"id":"application-managesites-display-component---NewSite--addressEditDetailsCostObjectCstType","interaction":{"idSuffix":"inner"}},"wdio_ui5_key":"applicationmanagesites-display-component---NewSite--addressEditDetailsCostObjectCstType"}]}
COMMAND: GET /session/7d4fbfd037fb9998338d13e3e1bba5cd/screenshot - {}
RESULT: {"script":"<script> [1562 bytes]","args":[{"selector":{"id":"application-managesites-display-component---NewSite--addressEditDetailsCostObjectCstType","interaction":{"idSuffix":"inner"}},"wdio_ui5_key":"applicationmanagesites-display-component---NewSite--addressEditDetailsCostObjectCstType"}]}
RESULT: undefined
COMMAND: POST /session/7d4fbfd037fb9998338d13e3e1bba5cd/execute/async - {"script":"<script> [776 bytes]","args":[{"enterText":"Cost","selector":{"id":"application-managesites-display-component---NewSite--addressEditDetailsCostObjectCstType","interaction":{"idSuffix":"inner"}},"clearTextFirst":true,"interactionType":"ENTER_TEXT"}]}
RESULT: {}
RESULT: {"script":"<script> [776 bytes]","args":[{"enterText":"Cost","selector":{"id":"application-managesites-display-component---NewSite--addressEditDetailsCostObjectCstType","interaction":{"idSuffix":"inner"}},"clearTextFirst":true,"interactionType":"ENTER_TEXT"}]}
COMMAND: POST /session/7d4fbfd037fb9998338d13e3e1bba5cd/actions - {"actions":[{"id":"action14","type":"key","parameters":{},"actions":[{"type":"keyDown","value":"î€‡"},{"type":"pause","duration":10},{"type":"keyUp","value":"î€‡"}]}]}
RESULT: {"actions":[{"id":"action14","type":"key","parameters":{},"actions":[{"type":"keyDown","value":"î€‡"},{"type":"pause","duration":10},{"type":"keyUp","value":"î€‡"}]}]}
COMMAND: POST /session/7d4fbfd037fb9998338d13e3e1bba5cd/execute/async - {"script":"<script> [1562 bytes]","args":[{"selector":{"id":"application-managesites-display-component---NewSite--addressNewCostObjectCstID","interaction":{"idSuffix":"inner"}},"wdio_ui5_key":"applicationmanagesites-display-component---NewSite--addressNewCostObjectCstID"}]}
COMMAND: GET /session/7d4fbfd037fb9998338d13e3e1bba5cd/screenshot - {}
RESULT: {"script":"<script> [1562 bytes]","args":[{"selector":{"id":"application-managesites-display-component---NewSite--addressNewCostObjectCstID","interaction":{"idSuffix":"inner"}},"wdio_ui5_key":"applicationmanagesites-display-component---NewSite--addressNewCostObjectCstID"}]}
RESULT: undefined
COMMAND: POST /session/7d4fbfd037fb9998338d13e3e1bba5cd/execute/async - {"script":"<script> [776 bytes]","args":[{"enterText":"1001","selector":{"id":"application-managesites-display-component---NewSite--addressNewCostObjectCstID","interaction":{"idSuffix":"inner"}},"clearTextFirst":true,"interactionType":"ENTER_TEXT"}]}
RESULT: {}
RESULT: {"script":"<script> [776 bytes]","args":[{"enterText":"1001","selector":{"id":"application-managesites-display-component---NewSite--addressNewCostObjectCstID","interaction":{"idSuffix":"inner"}},"clearTextFirst":true,"interactionType":"ENTER_TEXT"}]}
COMMAND: POST /session/7d4fbfd037fb9998338d13e3e1bba5cd/actions - {"actions":[{"id":"action15","type":"key","parameters":{},"actions":[{"type":"keyDown","value":"î€‡"},{"type":"pause","duration":10},{"type":"keyUp","value":"î€‡"}]}]}
RESULT: {"actions":[{"id":"action15","type":"key","parameters":{},"actions":[{"type":"keyDown","value":"î€‡"},{"type":"pause","duration":10},{"type":"keyUp","value":"î€‡"}]}]}
COMMAND: POST /session/7d4fbfd037fb9998338d13e3e1bba5cd/element - {"using":"xpath","value":"//input[@id=\"application-managesites-display-component---NewSite--addressDetailDetailsYard-inner\"]"}
COMMAND: GET /session/7d4fbfd037fb9998338d13e3e1bba5cd/screenshot - {}
RESULT: {"using":"xpath","value":"//input[@id=\"application-managesites-display-component---NewSite--addressDetailDetailsYard-inner\"]"}
COMMAND: POST /session/7d4fbfd037fb9998338d13e3e1bba5cd/element/f.8197E7E82739F49E8E00421C1FF1176E.d.54B50C4981927F23061AFA386175BD99.e.4653/value - {"text":"285"}
RESULT: {}
RESULT: {"text":"285"}
COMMAND: GET /session/7d4fbfd037fb9998338d13e3e1bba5cd/screenshot - {}
RESULT: {}
COMMAND: POST /session/7d4fbfd037fb9998338d13e3e1bba5cd/actions - {"actions":[{"id":"action16","type":"key","parameters":{},"actions":[{"type":"keyDown","value":"î€‡"},{"type":"pause","duration":10},{"type":"keyUp","value":"î€‡"}]}]}
RESULT: {"actions":[{"id":"action16","type":"key","parameters":{},"actions":[{"type":"keyDown","value":"î€‡"},{"type":"pause","duration":10},{"type":"keyUp","value":"î€‡"}]}]}
COMMAND: GET /session/7d4fbfd037fb9998338d13e3e1bba5cd/screenshot - {}
RESULT: {}
COMMAND: POST /session/7d4fbfd037fb9998338d13e3e1bba5cd/element - {"using":"xpath","value":"//input[@id=\"application-managesites-display-component---NewSite--addressDetailDetailsPartner-inner\"]"}
RESULT: {"using":"xpath","value":"//input[@id=\"application-managesites-display-component---NewSite--addressDetailDetailsPartner-inner\"]"}
COMMAND: POST /session/7d4fbfd037fb9998338d13e3e1bba5cd/elements - {"using":"xpath","value":"//input[@id=\"application-managesites-display-component---NewSite--addressDetailDetailsPartner-inner\"]"}
RESULT: {"using":"xpath","value":"//input[@id=\"application-managesites-display-component---NewSite--addressDetailDetailsPartner-inner\"]"}
RESULT: undefined
COMMAND: POST /session/7d4fbfd037fb9998338d13e3e1bba5cd/element - {"using":"xpath","value":"//*[@id=\"application-managesites-display-component---NewSite--ObjectPageLayout-anchBar-__section5-anchor\"]"}
RESULT: {"using":"xpath","value":"//*[@id=\"application-managesites-display-component---NewSite--ObjectPageLayout-anchBar-__section5-anchor\"]"}
COMMAND: POST /session/7d4fbfd037fb9998338d13e3e1bba5cd/element/f.8197E7E82739F49E8E00421C1FF1176E.d.54B50C4981927F23061AFA386175BD99.e.4775/click - {}
RESULT: {}
COMMAND: POST /session/7d4fbfd037fb9998338d13e3e1bba5cd/execute/async - {"script":"<script> [1562 bytes]","args":[{"selector":{"id":"application-managesites-display-component---NewSite--siteWhmCheckBox-label","interaction":{"idSuffix":"bdi"}},"wdio_ui5_key":"applicationmanagesites-display-component---NewSite--siteWhmCheckBox-label"}]}
COMMAND: GET /session/7d4fbfd037fb9998338d13e3e1bba5cd/screenshot - {}
RESULT: {"script":"<script> [1562 bytes]","args":[{"selector":{"id":"application-managesites-display-component---NewSite--siteWhmCheckBox-label","interaction":{"idSuffix":"bdi"}},"wdio_ui5_key":"applicationmanagesites-display-component---NewSite--siteWhmCheckBox-label"}]}
RESULT: undefined
COMMAND: POST /session/7d4fbfd037fb9998338d13e3e1bba5cd/element - {"using":"xpath","value":"//*[@id=\"application-managesites-display-component---NewSite--siteWhmCheckBox-label\"]"}
RESULT: {}
RESULT: {"using":"xpath","value":"//*[@id=\"application-managesites-display-component---NewSite--siteWhmCheckBox-label\"]"}
COMMAND: POST /session/7d4fbfd037fb9998338d13e3e1bba5cd/element/f.8197E7E82739F49E8E00421C1FF1176E.d.54B50C4981927F23061AFA386175BD99.e.4778/click - {}
RESULT: {}
RESULT: undefined
COMMAND: POST /session/7d4fbfd037fb9998338d13e3e1bba5cd/element - {"using":"xpath","value":"//*[@id=\"__button16\"]"}
COMMAND: GET /session/7d4fbfd037fb9998338d13e3e1bba5cd/screenshot - {}
RESULT: {"using":"xpath","value":"//*[@id=\"__button16\"]"}
COMMAND: POST /session/7d4fbfd037fb9998338d13e3e1bba5cd/element/f.8197E7E82739F49E8E00421C1FF1176E.d.54B50C4981927F23061AFA386175BD99.e.4779/click - {}
RESULT: {}
RESULT: {}
COMMAND: GET /session/7d4fbfd037fb9998338d13e3e1bba5cd/screenshot - {}
RESULT: {}
COMMAND: POST /session/7d4fbfd037fb9998338d13e3e1bba5cd/element - {"using":"xpath","value":"//header/div/div[2]/div[2]/span"}
RESULT: {"using":"xpath","value":"//header/div/div[2]/div[2]/span"}
COMMAND: GET /session/7d4fbfd037fb9998338d13e3e1bba5cd/element/f.8197E7E82739F49E8E00421C1FF1176E.d.54B50C4981927F23061AFA386175BD99.e.4979/text - {}
RESULT: {}
RESULT: undefined
RESULT: undefined
COMMAND: POST /session/7d4fbfd037fb9998338d13e3e1bba5cd/execute/async - {"script":"<script> [6424 bytes]","args":[{"element-6066-11e4-a52e-4f735466cecf":"f.8197E7E82739F49E8E00421C1FF1176E.d.54B50C4981927F23061AFA386175BD99.e.4574"},"getText",[]]}
COMMAND: POST /session/7d4fbfd037fb9998338d13e3e1bba5cd/execute/async - {"script":"<script> [1562 bytes]","args":[{"selector":{"controlType":"sap.m.Label","viewName":"etm.portal.ui.managesites.view.Detail","viewId":"application-managesites-display-component---detailSite","i18NText":{"propertyName":"text","key":"status"}},"wdio_ui5_key":"etmportal.ui.managesites.view.Detailsap.m.Label{\"propertyName\":\"text\",\"key\":\"status\"}"}]}
RESULT: {"script":"<script> [1562 bytes]","args":[{"selector":{"controlType":"sap.m.Label","viewName":"etm.portal.ui.managesites.view.Detail","viewId":"application-managesites-display-component---detailSite","i18NText":{"propertyName":"text","key":"status"}},"wdio_ui5_key":"etmportal.ui.managesites.view.Detailsap.m.Label{\"propertyName\":\"text\",\"key\":\"status\"}"}]}
COMMAND: POST /session/7d4fbfd037fb9998338d13e3e1bba5cd/execute/async - {"script":"<script> [6424 bytes]","args":[{"element-6066-11e4-a52e-4f735466cecf":"f.8197E7E82739F49E8E00421C1FF1176E.d.54B50C4981927F23061AFA386175BD99.e.4969"},"getText",[]]}
RESULT: {"script":"<script> [6424 bytes]","args":[{"element-6066-11e4-a52e-4f735466cecf":"f.8197E7E82739F49E8E00421C1FF1176E.d.54B50C4981927F23061AFA386175BD99.e.4969"},"getText",[]]}
COMMAND: POST /session/7d4fbfd037fb9998338d13e3e1bba5cd/execute/async - {"script":"<script> [1562 bytes]","args":[{"selector":{"id":"shell-header","interaction":{"idSuffix":"icon"}},"wdio_ui5_key":"shellheader"}]}
RESULT: {"script":"<script> [1562 bytes]","args":[{"selector":{"id":"shell-header","interaction":{"idSuffix":"icon"}},"wdio_ui5_key":"shellheader"}]}
RESULT: undefined
COMMAND: POST /session/7d4fbfd037fb9998338d13e3e1bba5cd/element - {"using":"xpath","value":"//*[@id=\"shell-header\"]"}
RESULT: {"using":"xpath","value":"//*[@id=\"shell-header\"]"}
COMMAND: POST /session/7d4fbfd037fb9998338d13e3e1bba5cd/element/f.8197E7E82739F49E8E00421C1FF1176E.d.54B50C4981927F23061AFA386175BD99.e.4981/click - {}
RESULT: {}
COMMAND: POST /session/7d4fbfd037fb9998338d13e3e1bba5cd/refresh - {}
COMMAND: GET /session/7d4fbfd037fb9998338d13e3e1bba5cd/screenshot - {}
RESULT: {}
COMMAND: GET /session/7d4fbfd037fb9998338d13e3e1bba5cd/screenshot - {}
RESULT: {}
RESULT: {}
COMMAND: POST /session/7d4fbfd037fb9998338d13e3e1bba5cd/refresh - {}
RESULT: {}
COMMAND: GET /session/7d4fbfd037fb9998338d13e3e1bba5cd/screenshot - {}
RESULT: {}
COMMAND: POST /session/7d4fbfd037fb9998338d13e3e1bba5cd/window/fullscreen - {}
RESULT: {}
COMMAND: POST /session/7d4fbfd037fb9998338d13e3e1bba5cd/execute/async - {"script":"<script> [189 bytes]","args":[]}
RESULT: {"script":"<script> [189 bytes]","args":[]}
COMMAND: POST /session/7d4fbfd037fb9998338d13e3e1bba5cd/execute/async - {"script":"<script> [123 bytes]","args":[]}
RESULT: {"script":"<script> [123 bytes]","args":[]}
COMMAND: POST /session/7d4fbfd037fb9998338d13e3e1bba5cd/timeouts - {"script":"<number>"}
RESULT: {"script":"<number>"}
COMMAND: GET /session/7d4fbfd037fb9998338d13e3e1bba5cd/timeouts - {}
RESULT: {}
RESULT: undefined
COMMAND: POST /session/7d4fbfd037fb9998338d13e3e1bba5cd/execute/async - {"script":"<script> [2676 bytes]","args":[]}
RESULT: {"script":"<script> [2676 bytes]","args":[]}
COMMAND: POST /session/7d4fbfd037fb9998338d13e3e1bba5cd/execute/async - {"script":"<script> [2342 bytes]","args":[{"protocol":"http","hostname":"0.0.0.0","path":"/","capabilities":{"browserName":"chrome","goog:chromeOptions":{"binary":"C:\\Program Files\\Google\\Chrome\\Application\\chrome.exe","args":["--start-maximized"]}},"logLevel":"warn","connectionRetryTimeout":120000,"connectionRetryCount":3,"logLevels":{},"enableDirectConnect":true,"strictSSL":true,"_":"65 more keys: [\"cacheDir\",\"port\",\"requestedCapabilities\",\"automationProtocol\",\"baseUrl\",\"waitforInterval\",\"waitforTimeout\",\"onReload\",\"beforeCommand\",\"afterCommand\",\"rootDir\",\"specs\",\"suites\",\"exclude\",\"groupLogsByTestSpec\",\"excludeDriverLogs\",\"bail\",\"framework\",\"reporters\",\"services\",\"maxInstances\",\"maxInstancesPerCapability\",\"injectGlobals\",\"filesToWatch\",\"execArgv\",\"runnerEnv\",\"runner\",\"shard\",\"specFileRetries\",\"specFileRetriesDelay\",\"specFileRetriesDeferred\",\"reporterSyncInterval\",\"reporterSyncTimeout\",\"cucumberFeaturesWithLineNumbers\",\"autoCompileOpts\",\"mochaOpts\",\"jasmineOpts\",\"cucumberOpts\",\"onPrepare\",\"onWorkerStart\",\"onWorkerEnd\",\"before\",\"beforeSession\",\"beforeSuite\",\"beforeHook\",\"beforeTest\",\"afterTest\",\"afterHook\",\"afterSuite\",\"afterSession\",\"after\",\"onComplete\",\"beforeAssertion\",\"afterAssertion\",\"beforeFeature\",\"beforeScenario\",\"beforeStep\",\"afterStep\",\"afterScenario\",\"afterFeature\",\"_\",\"suite\",\"$0\",\"ignoredWorkerServices\",\"wdi5\"]"}]}
RESULT: {"script":"<script> [2342 bytes]","args":[{"protocol":"http","hostname":"0.0.0.0","path":"/","capabilities":{"browserName":"chrome","goog:chromeOptions":{"binary":"C:\\Program Files\\Google\\Chrome\\Application\\chrome.exe","args":["--start-maximized"]}},"logLevel":"warn","connectionRetryTimeout":120000,"connectionRetryCount":3,"logLevels":{},"enableDirectConnect":true,"strictSSL":true,"_":"65 more keys: [\"cacheDir\",\"port\",\"requestedCapabilities\",\"automationProtocol\",\"baseUrl\",\"waitforInterval\",\"waitforTimeout\",\"onReload\",\"beforeCommand\",\"afterCommand\",\"rootDir\",\"specs\",\"suites\",\"exclude\",\"groupLogsByTestSpec\",\"excludeDriverLogs\",\"bail\",\"framework\",\"reporters\",\"services\",\"maxInstances\",\"maxInstancesPerCapability\",\"injectGlobals\",\"filesToWatch\",\"execArgv\",\"runnerEnv\",\"runner\",\"shard\",\"specFileRetries\",\"specFileRetriesDelay\",\"specFileRetriesDeferred\",\"reporterSyncInterval\",\"reporterSyncTimeout\",\"cucumberFeaturesWithLineNumbers\",\"autoCompileOpts\",\"mochaOpts\",\"jasmineOpts\",\"cucumberOpts\",\"onPrepare\",\"onWorkerStart\",\"onWorkerEnd\",\"before\",\"beforeSession\",\"beforeSuite\",\"beforeHook\",\"beforeTest\",\"afterTest\",\"afterHook\",\"afterSuite\",\"afterSession\",\"after\",\"onComplete\",\"beforeAssertion\",\"afterAssertion\",\"beforeFeature\",\"beforeScenario\",\"beforeStep\",\"afterStep\",\"afterScenario\",\"afterFeature\",\"_\",\"suite\",\"$0\",\"ignoredWorkerServices\",\"wdi5\"]"}]}
COMMAND: POST /session/7d4fbfd037fb9998338d13e3e1bba5cd/execute/async - {"script":"<script> [21126 bytes]","args":[35000]}
RESULT: {"script":"<script> [21126 bytes]","args":[35000]}
COMMAND: POST /session/7d4fbfd037fb9998338d13e3e1bba5cd/element - {"using":"css selector","value":"#j_username"}
COMMAND: POST /session/7d4fbfd037fb9998338d13e3e1bba5cd/url - {"url":"https://qa-testing-00-live-etm-ui.cfapps.eu10-004.hana.ondemand.com/"}
RESULT: {"using":"css selector","value":"#j_username"}
COMMAND: POST /session/7d4fbfd037fb9998338d13e3e1bba5cd/element - {"using":"css selector","value":"#j_username"}
RESULT: {"url":"https://qa-testing-00-live-etm-ui.cfapps.eu10-004.hana.ondemand.com/"}
RESULT: undefined
COMMAND: GET /session/7d4fbfd037fb9998338d13e3e1bba5cd/screenshot - {}
RESULT: {"using":"css selector","value":"#j_username"}
COMMAND: POST /session/7d4fbfd037fb9998338d13e3e1bba5cd/element - {"using":"css selector","value":"#shell-header-logo"}
RESULT: {}
RESULT: {"using":"css selector","value":"#shell-header-logo"}
COMMAND: POST /session/7d4fbfd037fb9998338d13e3e1bba5cd/execute/sync - {"script":"<script> [8489 bytes]","args":[{"element-6066-11e4-a52e-4f735466cecf":"f.8197E7E82739F49E8E00421C1FF1176E.d.2D71D675CACC9512FBFD2E9432C8A1D9.e.5128","ELEMENT":"f.8197E7E82739F49E8E00421C1FF1176E.d.2D71D675CACC9512FBFD2E9432C8A1D9.e.5128"}]}
RESULT: {"script":"<script> [8489 bytes]","args":[{"element-6066-11e4-a52e-4f735466cecf":"f.8197E7E82739F49E8E00421C1FF1176E.d.2D71D675CACC9512FBFD2E9432C8A1D9.e.5128","ELEMENT":"f.8197E7E82739F49E8E00421C1FF1176E.d.2D71D675CACC9512FBFD2E9432C8A1D9.e.5128"}]}
COMMAND: POST /session/7d4fbfd037fb9998338d13e3e1bba5cd/element - {"using":"css selector","value":"#shell-header-logo"}
COMMAND: GET /session/7d4fbfd037fb9998338d13e3e1bba5cd/screenshot - {}
RESULT: {"using":"css selector","value":"#shell-header-logo"}
COMMAND: POST /session/7d4fbfd037fb9998338d13e3e1bba5cd/execute/sync - {"script":"<script> [8489 bytes]","args":[{"element-6066-11e4-a52e-4f735466cecf":"f.8197E7E82739F49E8E00421C1FF1176E.d.2D71D675CACC9512FBFD2E9432C8A1D9.e.5128","ELEMENT":"f.8197E7E82739F49E8E00421C1FF1176E.d.2D71D675CACC9512FBFD2E9432C8A1D9.e.5128"}]}
RESULT: {}
RESULT: {"script":"<script> [8489 bytes]","args":[{"element-6066-11e4-a52e-4f735466cecf":"f.8197E7E82739F49E8E00421C1FF1176E.d.2D71D675CACC9512FBFD2E9432C8A1D9.e.5128","ELEMENT":"f.8197E7E82739F49E8E00421C1FF1176E.d.2D71D675CACC9512FBFD2E9432C8A1D9.e.5128"}]}
COMMAND: POST /session/7d4fbfd037fb9998338d13e3e1bba5cd/execute/sync - {"script":"<script> [5351 bytes]","args":[{"element-6066-11e4-a52e-4f735466cecf":"f.8197E7E82739F49E8E00421C1FF1176E.d.2D71D675CACC9512FBFD2E9432C8A1D9.e.5128","ELEMENT":"f.8197E7E82739F49E8E00421C1FF1176E.d.2D71D675CACC9512FBFD2E9432C8A1D9.e.5128"}]}
COMMAND: GET /session/7d4fbfd037fb9998338d13e3e1bba5cd/screenshot - {}
RESULT: {"script":"<script> [5351 bytes]","args":[{"element-6066-11e4-a52e-4f735466cecf":"f.8197E7E82739F49E8E00421C1FF1176E.d.2D71D675CACC9512FBFD2E9432C8A1D9.e.5128","ELEMENT":"f.8197E7E82739F49E8E00421C1FF1176E.d.2D71D675CACC9512FBFD2E9432C8A1D9.e.5128"}]}
COMMAND: POST /session/7d4fbfd037fb9998338d13e3e1bba5cd/element - {"using":"css selector","value":"#shell-header-logo"}
COMMAND: GET /session/7d4fbfd037fb9998338d13e3e1bba5cd/screenshot - {}
RESULT: {}
RESULT: {"using":"css selector","value":"#shell-header-logo"}
COMMAND: POST /session/7d4fbfd037fb9998338d13e3e1bba5cd/element/f.8197E7E82739F49E8E00421C1FF1176E.d.2D71D675CACC9512FBFD2E9432C8A1D9.e.5128/click - {}
RESULT: {}
RESULT: {}
COMMAND: GET /session/7d4fbfd037fb9998338d13e3e1bba5cd/screenshot - {}
RESULT: {}
COMMAND: POST /session/7d4fbfd037fb9998338d13e3e1bba5cd/execute/async - {"script":"<script> [189 bytes]","args":[]}
RESULT: {"script":"<script> [189 bytes]","args":[]}
COMMAND: POST /session/7d4fbfd037fb9998338d13e3e1bba5cd/execute/async - {"script":"<script> [123 bytes]","args":[]}
RESULT: {"script":"<script> [123 bytes]","args":[]}
COMMAND: POST /session/7d4fbfd037fb9998338d13e3e1bba5cd/timeouts - {"script":"<number>"}
RESULT: {"script":"<number>"}
COMMAND: GET /session/7d4fbfd037fb9998338d13e3e1bba5cd/timeouts - {}
RESULT: {}
RESULT: undefined
COMMAND: POST /session/7d4fbfd037fb9998338d13e3e1bba5cd/execute/async - {"script":"<script> [2676 bytes]","args":[]}
RESULT: {"script":"<script> [2676 bytes]","args":[]}
COMMAND: POST /session/7d4fbfd037fb9998338d13e3e1bba5cd/execute/async - {"script":"<script> [2342 bytes]","args":[{"protocol":"http","hostname":"0.0.0.0","path":"/","capabilities":{"browserName":"chrome","goog:chromeOptions":{"binary":"C:\\Program Files\\Google\\Chrome\\Application\\chrome.exe","args":["--start-maximized"]}},"logLevel":"warn","connectionRetryTimeout":120000,"connectionRetryCount":3,"logLevels":{},"enableDirectConnect":true,"strictSSL":true,"_":"65 more keys: [\"cacheDir\",\"port\",\"requestedCapabilities\",\"automationProtocol\",\"baseUrl\",\"waitforInterval\",\"waitforTimeout\",\"onReload\",\"beforeCommand\",\"afterCommand\",\"rootDir\",\"specs\",\"suites\",\"exclude\",\"groupLogsByTestSpec\",\"excludeDriverLogs\",\"bail\",\"framework\",\"reporters\",\"services\",\"maxInstances\",\"maxInstancesPerCapability\",\"injectGlobals\",\"filesToWatch\",\"execArgv\",\"runnerEnv\",\"runner\",\"shard\",\"specFileRetries\",\"specFileRetriesDelay\",\"specFileRetriesDeferred\",\"reporterSyncInterval\",\"reporterSyncTimeout\",\"cucumberFeaturesWithLineNumbers\",\"autoCompileOpts\",\"mochaOpts\",\"jasmineOpts\",\"cucumberOpts\",\"onPrepare\",\"onWorkerStart\",\"onWorkerEnd\",\"before\",\"beforeSession\",\"beforeSuite\",\"beforeHook\",\"beforeTest\",\"afterTest\",\"afterHook\",\"afterSuite\",\"afterSession\",\"after\",\"onComplete\",\"beforeAssertion\",\"afterAssertion\",\"beforeFeature\",\"beforeScenario\",\"beforeStep\",\"afterStep\",\"afterScenario\",\"afterFeature\",\"_\",\"suite\",\"$0\",\"ignoredWorkerServices\",\"wdi5\"]"}]}
RESULT: {"script":"<script> [2342 bytes]","args":[{"protocol":"http","hostname":"0.0.0.0","path":"/","capabilities":{"browserName":"chrome","goog:chromeOptions":{"binary":"C:\\Program Files\\Google\\Chrome\\Application\\chrome.exe","args":["--start-maximized"]}},"logLevel":"warn","connectionRetryTimeout":120000,"connectionRetryCount":3,"logLevels":{},"enableDirectConnect":true,"strictSSL":true,"_":"65 more keys: [\"cacheDir\",\"port\",\"requestedCapabilities\",\"automationProtocol\",\"baseUrl\",\"waitforInterval\",\"waitforTimeout\",\"onReload\",\"beforeCommand\",\"afterCommand\",\"rootDir\",\"specs\",\"suites\",\"exclude\",\"groupLogsByTestSpec\",\"excludeDriverLogs\",\"bail\",\"framework\",\"reporters\",\"services\",\"maxInstances\",\"maxInstancesPerCapability\",\"injectGlobals\",\"filesToWatch\",\"execArgv\",\"runnerEnv\",\"runner\",\"shard\",\"specFileRetries\",\"specFileRetriesDelay\",\"specFileRetriesDeferred\",\"reporterSyncInterval\",\"reporterSyncTimeout\",\"cucumberFeaturesWithLineNumbers\",\"autoCompileOpts\",\"mochaOpts\",\"jasmineOpts\",\"cucumberOpts\",\"onPrepare\",\"onWorkerStart\",\"onWorkerEnd\",\"before\",\"beforeSession\",\"beforeSuite\",\"beforeHook\",\"beforeTest\",\"afterTest\",\"afterHook\",\"afterSuite\",\"afterSession\",\"after\",\"onComplete\",\"beforeAssertion\",\"afterAssertion\",\"beforeFeature\",\"beforeScenario\",\"beforeStep\",\"afterStep\",\"afterScenario\",\"afterFeature\",\"_\",\"suite\",\"$0\",\"ignoredWorkerServices\",\"wdi5\"]"}]}
COMMAND: POST /session/7d4fbfd037fb9998338d13e3e1bba5cd/execute/async - {"script":"<script> [21126 bytes]","args":[35000]}
RESULT: {"script":"<script> [21126 bytes]","args":[35000]}
COMMAND: POST /session/7d4fbfd037fb9998338d13e3e1bba5cd/window/maximize - {}
RESULT: {}
COMMAND: POST /session/7d4fbfd037fb9998338d13e3e1bba5cd/execute/async - {"script":"<script> [1562 bytes]","args":[{"selector":{"id":"shell-header","interaction":{"idSuffix":"icon"}},"wdio_ui5_key":"shellheader"}]}
COMMAND: GET /session/7d4fbfd037fb9998338d13e3e1bba5cd/screenshot - {}
RESULT: {"script":"<script> [1562 bytes]","args":[{"selector":{"id":"shell-header","interaction":{"idSuffix":"icon"}},"wdio_ui5_key":"shellheader"}]}
RESULT: undefined
RESULT: {}
COMMAND: POST /session/7d4fbfd037fb9998338d13e3e1bba5cd/execute/async - {"script":"<script> [1562 bytes]","args":[{"selector":{"controlType":"sap.m.Title","i18NText":{"propertyName":"text","key":"dataCollectionAgreement"},"searchOpenDialogs":true},"wdio_ui5_key":"sapm.Title{\"propertyName\":\"text\",\"key\":\"dataCollectionAgreement\"}"}]}
RESULT: {"script":"<script> [1562 bytes]","args":[{"selector":{"controlType":"sap.m.Title","i18NText":{"propertyName":"text","key":"dataCollectionAgreement"},"searchOpenDialogs":true},"wdio_ui5_key":"sapm.Title{\"propertyName\":\"text\",\"key\":\"dataCollectionAgreement\"}"}]}
RESULT: undefined
COMMAND: POST /session/7d4fbfd037fb9998338d13e3e1bba5cd/execute/async - {"script":"<script> [1562 bytes]","args":[{"selector":{"controlType":"sap.m.GenericTile","properties":{"header":"Manage Resources"}},"wdio_ui5_key":"sapm.GenericTile{\"header\":\"Manage Resources\"}"}]}
RESULT: {"script":"<script> [1562 bytes]","args":[{"selector":{"controlType":"sap.m.GenericTile","properties":{"header":"Manage Resources"}},"wdio_ui5_key":"sapm.GenericTile{\"header\":\"Manage Resources\"}"}]}
RESULT: undefined
COMMAND: POST /session/7d4fbfd037fb9998338d13e3e1bba5cd/element - {"using":"xpath","value":"//*[@id=\"__tile31\"]"}
RESULT: {"using":"xpath","value":"//*[@id=\"__tile31\"]"}
COMMAND: POST /session/7d4fbfd037fb9998338d13e3e1bba5cd/element/f.8197E7E82739F49E8E00421C1FF1176E.d.2D71D675CACC9512FBFD2E9432C8A1D9.e.5151/click - {}
RESULT: {}
COMMAND: GET /session/7d4fbfd037fb9998338d13e3e1bba5cd/screenshot - {}
RESULT: {}
]]></system-out>
    </testcase>
  </testsuite>
  <testsuite timestamp="2025-04-27T15:31:39" time="559.773" tests="2" failures="0" errors="0" skipped="0">
    <properties>
      <property name="specId" value="0" />
      <property name="suiteName" value="Create 2 RU material US118246" />
      <property name="capabilities" value="chrome.135_0_7049_96.windows" />
      <property name="file" value="file:///D:/a/1/s/test/specs/R2C/create-material.spec.js" />
    </properties>
    <testcase classname="chrome.135_0_7049_96.windows.Create_2_RU_material_US118246" name="Create material" time="269.656">
      <system-out><![CDATA[
COMMAND: POST /session/7d4fbfd037fb9998338d13e3e1bba5cd/element - {"using":"xpath","value":"//button[@data-kt=\"addNewRUOverflowToolbarButton\"]"}
RESULT: {"using":"xpath","value":"//button[@data-kt=\"addNewRUOverflowToolbarButton\"]"}
COMMAND: POST /session/7d4fbfd037fb9998338d13e3e1bba5cd/execute/sync - {"script":"<script> [8489 bytes]","args":[{"element-6066-11e4-a52e-4f735466cecf":"f.8197E7E82739F49E8E00421C1FF1176E.d.2D71D675CACC9512FBFD2E9432C8A1D9.e.5279","ELEMENT":"f.8197E7E82739F49E8E00421C1FF1176E.d.2D71D675CACC9512FBFD2E9432C8A1D9.e.5279"}]}
RESULT: {"script":"<script> [8489 bytes]","args":[{"element-6066-11e4-a52e-4f735466cecf":"f.8197E7E82739F49E8E00421C1FF1176E.d.2D71D675CACC9512FBFD2E9432C8A1D9.e.5279","ELEMENT":"f.8197E7E82739F49E8E00421C1FF1176E.d.2D71D675CACC9512FBFD2E9432C8A1D9.e.5279"}]}
COMMAND: POST /session/7d4fbfd037fb9998338d13e3e1bba5cd/element/f.8197E7E82739F49E8E00421C1FF1176E.d.2D71D675CACC9512FBFD2E9432C8A1D9.e.5279/click - {}
COMMAND: GET /session/7d4fbfd037fb9998338d13e3e1bba5cd/screenshot - {}
RESULT: {}
COMMAND: GET /session/7d4fbfd037fb9998338d13e3e1bba5cd/screenshot - {}
RESULT: {}
RESULT: {}
COMMAND: POST /session/7d4fbfd037fb9998338d13e3e1bba5cd/execute/async - {"script":"<script> [1562 bytes]","args":[{"selector":{"controlType":"sap.m.ComboBox","viewName":"reusables.view.manageresources.NewResourceUnit","viewId":"application-manageresources-display-component---newResourceUnit","bindingPath":{"path":"","propertyPath":"/RuTypes","modelName":"catalogModel"},"searchOpenDialogs":true},"wdio_ui5_key":"reusablesview.manageresources.NewResourceUnitsap.m.ComboBox{\"path\":\"\",\"propertyPath\":\"/RuTypes\",\"modelName\":\"catalogModel\"}"}]}
RESULT: {"script":"<script> [1562 bytes]","args":[{"selector":{"controlType":"sap.m.ComboBox","viewName":"reusables.view.manageresources.NewResourceUnit","viewId":"application-manageresources-display-component---newResourceUnit","bindingPath":{"path":"","propertyPath":"/RuTypes","modelName":"catalogModel"},"searchOpenDialogs":true},"wdio_ui5_key":"reusablesview.manageresources.NewResourceUnitsap.m.ComboBox{\"path\":\"\",\"propertyPath\":\"/RuTypes\",\"modelName\":\"catalogModel\"}"}]}
RESULT: undefined
COMMAND: POST /session/7d4fbfd037fb9998338d13e3e1bba5cd/execute/async - {"script":"<script> [1562 bytes]","args":[{"selector":{"controlType":"sap.m.ComboBox","viewName":"reusables.view.manageresources.NewResourceUnit","viewId":"application-manageresources-display-component---newResourceUnit","bindingPath":{"path":"","propertyPath":"/Yards","modelName":"catalogModel"},"searchOpenDialogs":true},"wdio_ui5_key":"reusablesview.manageresources.NewResourceUnitsap.m.ComboBox{\"path\":\"\",\"propertyPath\":\"/Yards\",\"modelName\":\"catalogModel\"}"}]}
RESULT: {"script":"<script> [1562 bytes]","args":[{"selector":{"controlType":"sap.m.ComboBox","viewName":"reusables.view.manageresources.NewResourceUnit","viewId":"application-manageresources-display-component---newResourceUnit","bindingPath":{"path":"","propertyPath":"/Yards","modelName":"catalogModel"},"searchOpenDialogs":true},"wdio_ui5_key":"reusablesview.manageresources.NewResourceUnitsap.m.ComboBox{\"path\":\"\",\"propertyPath\":\"/Yards\",\"modelName\":\"catalogModel\"}"}]}
RESULT: undefined
COMMAND: POST /session/7d4fbfd037fb9998338d13e3e1bba5cd/execute/async - {"script":"<script> [1562 bytes]","args":[{"selector":{"controlType":"etm.portal.ui.reusables.customControls.LiveSearchComboBox","viewName":"reusables.view.manageresources.NewResourceUnit","viewId":"application-manageresources-display-component---newResourceUnit","bindingPath":{"path":"","propertyPath":"/CatalogItems","modelName":"catalogModel"},"searchOpenDialogs":true},"wdio_ui5_key":"reusablesview.manageresources.NewResourceUnitetm.portal.ui.reusables.customControls.LiveSearchComboBox{\"path\":\"\",\"propertyPath\":\"/CatalogItems\",\"modelName\":\"catalogModel\"}"}]}
RESULT: {"script":"<script> [1562 bytes]","args":[{"selector":{"controlType":"etm.portal.ui.reusables.customControls.LiveSearchComboBox","viewName":"reusables.view.manageresources.NewResourceUnit","viewId":"application-manageresources-display-component---newResourceUnit","bindingPath":{"path":"","propertyPath":"/CatalogItems","modelName":"catalogModel"},"searchOpenDialogs":true},"wdio_ui5_key":"reusablesview.manageresources.NewResourceUnitetm.portal.ui.reusables.customControls.LiveSearchComboBox{\"path\":\"\",\"propertyPath\":\"/CatalogItems\",\"modelName\":\"catalogModel\"}"}]}
RESULT: undefined
COMMAND: POST /session/7d4fbfd037fb9998338d13e3e1bba5cd/element - {"using":"xpath","value":"//bdi[text()=\"OK\"]"}
RESULT: {"using":"xpath","value":"//bdi[text()=\"OK\"]"}
COMMAND: POST /session/7d4fbfd037fb9998338d13e3e1bba5cd/elements - {"using":"xpath","value":"//bdi[text()=\"OK\"]"}
RESULT: {"using":"xpath","value":"//bdi[text()=\"OK\"]"}
COMMAND: POST /session/7d4fbfd037fb9998338d13e3e1bba5cd/elements - {"using":"xpath","value":"//bdi[text()=\"OK\"]"}
RESULT: {"using":"xpath","value":"//bdi[text()=\"OK\"]"}
COMMAND: POST /session/7d4fbfd037fb9998338d13e3e1bba5cd/elements - {"using":"xpath","value":"//bdi[text()=\"OK\"]"}
RESULT: {"using":"xpath","value":"//bdi[text()=\"OK\"]"}
COMMAND: POST /session/7d4fbfd037fb9998338d13e3e1bba5cd/elements - {"using":"xpath","value":"//bdi[text()=\"OK\"]"}
RESULT: {"using":"xpath","value":"//bdi[text()=\"OK\"]"}
COMMAND: POST /session/7d4fbfd037fb9998338d13e3e1bba5cd/elements - {"using":"xpath","value":"//bdi[text()=\"OK\"]"}
RESULT: {"using":"xpath","value":"//bdi[text()=\"OK\"]"}
COMMAND: POST /session/7d4fbfd037fb9998338d13e3e1bba5cd/elements - {"using":"xpath","value":"//bdi[text()=\"OK\"]"}
RESULT: {"using":"xpath","value":"//bdi[text()=\"OK\"]"}
COMMAND: POST /session/7d4fbfd037fb9998338d13e3e1bba5cd/elements - {"using":"xpath","value":"//bdi[text()=\"OK\"]"}
RESULT: {"using":"xpath","value":"//bdi[text()=\"OK\"]"}
COMMAND: POST /session/7d4fbfd037fb9998338d13e3e1bba5cd/elements - {"using":"xpath","value":"//bdi[text()=\"OK\"]"}
RESULT: {"using":"xpath","value":"//bdi[text()=\"OK\"]"}
COMMAND: POST /session/7d4fbfd037fb9998338d13e3e1bba5cd/elements - {"using":"xpath","value":"//bdi[text()=\"OK\"]"}
RESULT: {"using":"xpath","value":"//bdi[text()=\"OK\"]"}
COMMAND: POST /session/7d4fbfd037fb9998338d13e3e1bba5cd/elements - {"using":"xpath","value":"//bdi[text()=\"OK\"]"}
RESULT: {"using":"xpath","value":"//bdi[text()=\"OK\"]"}
COMMAND: POST /session/7d4fbfd037fb9998338d13e3e1bba5cd/elements - {"using":"xpath","value":"//bdi[text()=\"OK\"]"}
RESULT: {"using":"xpath","value":"//bdi[text()=\"OK\"]"}
COMMAND: POST /session/7d4fbfd037fb9998338d13e3e1bba5cd/elements - {"using":"xpath","value":"//bdi[text()=\"OK\"]"}
RESULT: {"using":"xpath","value":"//bdi[text()=\"OK\"]"}
COMMAND: POST /session/7d4fbfd037fb9998338d13e3e1bba5cd/elements - {"using":"xpath","value":"//bdi[text()=\"OK\"]"}
RESULT: {"using":"xpath","value":"//bdi[text()=\"OK\"]"}
COMMAND: POST /session/7d4fbfd037fb9998338d13e3e1bba5cd/elements - {"using":"xpath","value":"//bdi[text()=\"OK\"]"}
RESULT: {"using":"xpath","value":"//bdi[text()=\"OK\"]"}
COMMAND: POST /session/7d4fbfd037fb9998338d13e3e1bba5cd/elements - {"using":"xpath","value":"//bdi[text()=\"OK\"]"}
RESULT: {"using":"xpath","value":"//bdi[text()=\"OK\"]"}
COMMAND: POST /session/7d4fbfd037fb9998338d13e3e1bba5cd/elements - {"using":"xpath","value":"//bdi[text()=\"OK\"]"}
RESULT: {"using":"xpath","value":"//bdi[text()=\"OK\"]"}
COMMAND: POST /session/7d4fbfd037fb9998338d13e3e1bba5cd/elements - {"using":"xpath","value":"//bdi[text()=\"OK\"]"}
RESULT: {"using":"xpath","value":"//bdi[text()=\"OK\"]"}
COMMAND: POST /session/7d4fbfd037fb9998338d13e3e1bba5cd/elements - {"using":"xpath","value":"//bdi[text()=\"OK\"]"}
RESULT: {"using":"xpath","value":"//bdi[text()=\"OK\"]"}
COMMAND: POST /session/7d4fbfd037fb9998338d13e3e1bba5cd/elements - {"using":"xpath","value":"//bdi[text()=\"OK\"]"}
RESULT: {"using":"xpath","value":"//bdi[text()=\"OK\"]"}
COMMAND: POST /session/7d4fbfd037fb9998338d13e3e1bba5cd/elements - {"using":"xpath","value":"//bdi[text()=\"OK\"]"}
RESULT: {"using":"xpath","value":"//bdi[text()=\"OK\"]"}
COMMAND: POST /session/7d4fbfd037fb9998338d13e3e1bba5cd/elements - {"using":"xpath","value":"//bdi[text()=\"OK\"]"}
RESULT: {"using":"xpath","value":"//bdi[text()=\"OK\"]"}
COMMAND: POST /session/7d4fbfd037fb9998338d13e3e1bba5cd/elements - {"using":"xpath","value":"//bdi[text()=\"OK\"]"}
RESULT: {"using":"xpath","value":"//bdi[text()=\"OK\"]"}
COMMAND: POST /session/7d4fbfd037fb9998338d13e3e1bba5cd/elements - {"using":"xpath","value":"//bdi[text()=\"OK\"]"}
RESULT: {"using":"xpath","value":"//bdi[text()=\"OK\"]"}
COMMAND: POST /session/7d4fbfd037fb9998338d13e3e1bba5cd/elements - {"using":"xpath","value":"//bdi[text()=\"OK\"]"}
RESULT: {"using":"xpath","value":"//bdi[text()=\"OK\"]"}
COMMAND: POST /session/7d4fbfd037fb9998338d13e3e1bba5cd/elements - {"using":"xpath","value":"//bdi[text()=\"OK\"]"}
RESULT: {"using":"xpath","value":"//bdi[text()=\"OK\"]"}
COMMAND: POST /session/7d4fbfd037fb9998338d13e3e1bba5cd/elements - {"using":"xpath","value":"//bdi[text()=\"OK\"]"}
RESULT: {"using":"xpath","value":"//bdi[text()=\"OK\"]"}
COMMAND: POST /session/7d4fbfd037fb9998338d13e3e1bba5cd/elements - {"using":"xpath","value":"//bdi[text()=\"OK\"]"}
RESULT: {"using":"xpath","value":"//bdi[text()=\"OK\"]"}
COMMAND: POST /session/7d4fbfd037fb9998338d13e3e1bba5cd/elements - {"using":"xpath","value":"//bdi[text()=\"OK\"]"}
RESULT: {"using":"xpath","value":"//bdi[text()=\"OK\"]"}
COMMAND: POST /session/7d4fbfd037fb9998338d13e3e1bba5cd/elements - {"using":"xpath","value":"//bdi[text()=\"OK\"]"}
RESULT: {"using":"xpath","value":"//bdi[text()=\"OK\"]"}
COMMAND: POST /session/7d4fbfd037fb9998338d13e3e1bba5cd/elements - {"using":"xpath","value":"//bdi[text()=\"OK\"]"}
RESULT: {"using":"xpath","value":"//bdi[text()=\"OK\"]"}
COMMAND: POST /session/7d4fbfd037fb9998338d13e3e1bba5cd/elements - {"using":"xpath","value":"//bdi[text()=\"OK\"]"}
RESULT: {"using":"xpath","value":"//bdi[text()=\"OK\"]"}
COMMAND: POST /session/7d4fbfd037fb9998338d13e3e1bba5cd/elements - {"using":"xpath","value":"//bdi[text()=\"OK\"]"}
RESULT: {"using":"xpath","value":"//bdi[text()=\"OK\"]"}
COMMAND: POST /session/7d4fbfd037fb9998338d13e3e1bba5cd/elements - {"using":"xpath","value":"//bdi[text()=\"OK\"]"}
RESULT: {"using":"xpath","value":"//bdi[text()=\"OK\"]"}
COMMAND: POST /session/7d4fbfd037fb9998338d13e3e1bba5cd/elements - {"using":"xpath","value":"//bdi[text()=\"OK\"]"}
RESULT: {"using":"xpath","value":"//bdi[text()=\"OK\"]"}
COMMAND: POST /session/7d4fbfd037fb9998338d13e3e1bba5cd/elements - {"using":"xpath","value":"//bdi[text()=\"OK\"]"}
RESULT: {"using":"xpath","value":"//bdi[text()=\"OK\"]"}
COMMAND: POST /session/7d4fbfd037fb9998338d13e3e1bba5cd/elements - {"using":"xpath","value":"//bdi[text()=\"OK\"]"}
RESULT: {"using":"xpath","value":"//bdi[text()=\"OK\"]"}
COMMAND: POST /session/7d4fbfd037fb9998338d13e3e1bba5cd/elements - {"using":"xpath","value":"//bdi[text()=\"OK\"]"}
RESULT: {"using":"xpath","value":"//bdi[text()=\"OK\"]"}
COMMAND: POST /session/7d4fbfd037fb9998338d13e3e1bba5cd/elements - {"using":"xpath","value":"//bdi[text()=\"OK\"]"}
RESULT: {"using":"xpath","value":"//bdi[text()=\"OK\"]"}
COMMAND: POST /session/7d4fbfd037fb9998338d13e3e1bba5cd/elements - {"using":"xpath","value":"//bdi[text()=\"OK\"]"}
RESULT: {"using":"xpath","value":"//bdi[text()=\"OK\"]"}
COMMAND: POST /session/7d4fbfd037fb9998338d13e3e1bba5cd/elements - {"using":"xpath","value":"//bdi[text()=\"OK\"]"}
RESULT: {"using":"xpath","value":"//bdi[text()=\"OK\"]"}
COMMAND: POST /session/7d4fbfd037fb9998338d13e3e1bba5cd/elements - {"using":"xpath","value":"//bdi[text()=\"OK\"]"}
RESULT: {"using":"xpath","value":"//bdi[text()=\"OK\"]"}
COMMAND: POST /session/7d4fbfd037fb9998338d13e3e1bba5cd/elements - {"using":"xpath","value":"//bdi[text()=\"OK\"]"}
RESULT: {"using":"xpath","value":"//bdi[text()=\"OK\"]"}
COMMAND: POST /session/7d4fbfd037fb9998338d13e3e1bba5cd/elements - {"using":"xpath","value":"//bdi[text()=\"OK\"]"}
RESULT: {"using":"xpath","value":"//bdi[text()=\"OK\"]"}
COMMAND: POST /session/7d4fbfd037fb9998338d13e3e1bba5cd/elements - {"using":"xpath","value":"//bdi[text()=\"OK\"]"}
RESULT: {"using":"xpath","value":"//bdi[text()=\"OK\"]"}
COMMAND: POST /session/7d4fbfd037fb9998338d13e3e1bba5cd/elements - {"using":"xpath","value":"//bdi[text()=\"OK\"]"}
RESULT: {"using":"xpath","value":"//bdi[text()=\"OK\"]"}
COMMAND: POST /session/7d4fbfd037fb9998338d13e3e1bba5cd/elements - {"using":"xpath","value":"//bdi[text()=\"OK\"]"}
RESULT: {"using":"xpath","value":"//bdi[text()=\"OK\"]"}
COMMAND: POST /session/7d4fbfd037fb9998338d13e3e1bba5cd/elements - {"using":"xpath","value":"//bdi[text()=\"OK\"]"}
RESULT: {"using":"xpath","value":"//bdi[text()=\"OK\"]"}
COMMAND: POST /session/7d4fbfd037fb9998338d13e3e1bba5cd/elements - {"using":"xpath","value":"//bdi[text()=\"OK\"]"}
RESULT: {"using":"xpath","value":"//bdi[text()=\"OK\"]"}
COMMAND: POST /session/7d4fbfd037fb9998338d13e3e1bba5cd/elements - {"using":"xpath","value":"//bdi[text()=\"OK\"]"}
RESULT: {"using":"xpath","value":"//bdi[text()=\"OK\"]"}
COMMAND: POST /session/7d4fbfd037fb9998338d13e3e1bba5cd/elements - {"using":"xpath","value":"//bdi[text()=\"OK\"]"}
RESULT: {"using":"xpath","value":"//bdi[text()=\"OK\"]"}
COMMAND: POST /session/7d4fbfd037fb9998338d13e3e1bba5cd/elements - {"using":"xpath","value":"//bdi[text()=\"OK\"]"}
RESULT: {"using":"xpath","value":"//bdi[text()=\"OK\"]"}
COMMAND: POST /session/7d4fbfd037fb9998338d13e3e1bba5cd/elements - {"using":"xpath","value":"//bdi[text()=\"OK\"]"}
RESULT: {"using":"xpath","value":"//bdi[text()=\"OK\"]"}
COMMAND: POST /session/7d4fbfd037fb9998338d13e3e1bba5cd/elements - {"using":"xpath","value":"//bdi[text()=\"OK\"]"}
RESULT: {"using":"xpath","value":"//bdi[text()=\"OK\"]"}
COMMAND: POST /session/7d4fbfd037fb9998338d13e3e1bba5cd/elements - {"using":"xpath","value":"//bdi[text()=\"OK\"]"}
RESULT: {"using":"xpath","value":"//bdi[text()=\"OK\"]"}
COMMAND: POST /session/7d4fbfd037fb9998338d13e3e1bba5cd/elements - {"using":"xpath","value":"//bdi[text()=\"OK\"]"}
RESULT: {"using":"xpath","value":"//bdi[text()=\"OK\"]"}
COMMAND: POST /session/7d4fbfd037fb9998338d13e3e1bba5cd/elements - {"using":"xpath","value":"//bdi[text()=\"OK\"]"}
RESULT: {"using":"xpath","value":"//bdi[text()=\"OK\"]"}
COMMAND: POST /session/7d4fbfd037fb9998338d13e3e1bba5cd/elements - {"using":"xpath","value":"//bdi[text()=\"OK\"]"}
RESULT: {"using":"xpath","value":"//bdi[text()=\"OK\"]"}
COMMAND: POST /session/7d4fbfd037fb9998338d13e3e1bba5cd/elements - {"using":"xpath","value":"//bdi[text()=\"OK\"]"}
RESULT: {"using":"xpath","value":"//bdi[text()=\"OK\"]"}
COMMAND: POST /session/7d4fbfd037fb9998338d13e3e1bba5cd/elements - {"using":"xpath","value":"//bdi[text()=\"OK\"]"}
RESULT: {"using":"xpath","value":"//bdi[text()=\"OK\"]"}
COMMAND: POST /session/7d4fbfd037fb9998338d13e3e1bba5cd/elements - {"using":"xpath","value":"//bdi[text()=\"OK\"]"}
RESULT: {"using":"xpath","value":"//bdi[text()=\"OK\"]"}
COMMAND: POST /session/7d4fbfd037fb9998338d13e3e1bba5cd/elements - {"using":"xpath","value":"//bdi[text()=\"OK\"]"}
RESULT: {"using":"xpath","value":"//bdi[text()=\"OK\"]"}
COMMAND: POST /session/7d4fbfd037fb9998338d13e3e1bba5cd/elements - {"using":"xpath","value":"//bdi[text()=\"OK\"]"}
RESULT: {"using":"xpath","value":"//bdi[text()=\"OK\"]"}
COMMAND: POST /session/7d4fbfd037fb9998338d13e3e1bba5cd/elements - {"using":"xpath","value":"//bdi[text()=\"OK\"]"}
RESULT: {"using":"xpath","value":"//bdi[text()=\"OK\"]"}
COMMAND: POST /session/7d4fbfd037fb9998338d13e3e1bba5cd/elements - {"using":"xpath","value":"//bdi[text()=\"OK\"]"}
RESULT: {"using":"xpath","value":"//bdi[text()=\"OK\"]"}
COMMAND: POST /session/7d4fbfd037fb9998338d13e3e1bba5cd/elements - {"using":"xpath","value":"//bdi[text()=\"OK\"]"}
RESULT: {"using":"xpath","value":"//bdi[text()=\"OK\"]"}
COMMAND: POST /session/7d4fbfd037fb9998338d13e3e1bba5cd/elements - {"using":"xpath","value":"//bdi[text()=\"OK\"]"}
RESULT: {"using":"xpath","value":"//bdi[text()=\"OK\"]"}
COMMAND: POST /session/7d4fbfd037fb9998338d13e3e1bba5cd/elements - {"using":"xpath","value":"//bdi[text()=\"OK\"]"}
RESULT: {"using":"xpath","value":"//bdi[text()=\"OK\"]"}
COMMAND: POST /session/7d4fbfd037fb9998338d13e3e1bba5cd/elements - {"using":"xpath","value":"//bdi[text()=\"OK\"]"}
RESULT: {"using":"xpath","value":"//bdi[text()=\"OK\"]"}
COMMAND: POST /session/7d4fbfd037fb9998338d13e3e1bba5cd/elements - {"using":"xpath","value":"//bdi[text()=\"OK\"]"}
RESULT: {"using":"xpath","value":"//bdi[text()=\"OK\"]"}
COMMAND: POST /session/7d4fbfd037fb9998338d13e3e1bba5cd/elements - {"using":"xpath","value":"//bdi[text()=\"OK\"]"}
RESULT: {"using":"xpath","value":"//bdi[text()=\"OK\"]"}
COMMAND: POST /session/7d4fbfd037fb9998338d13e3e1bba5cd/elements - {"using":"xpath","value":"//bdi[text()=\"OK\"]"}
RESULT: {"using":"xpath","value":"//bdi[text()=\"OK\"]"}
COMMAND: POST /session/7d4fbfd037fb9998338d13e3e1bba5cd/elements - {"using":"xpath","value":"//bdi[text()=\"OK\"]"}
RESULT: {"using":"xpath","value":"//bdi[text()=\"OK\"]"}
COMMAND: POST /session/7d4fbfd037fb9998338d13e3e1bba5cd/elements - {"using":"xpath","value":"//bdi[text()=\"OK\"]"}
RESULT: {"using":"xpath","value":"//bdi[text()=\"OK\"]"}
COMMAND: POST /session/7d4fbfd037fb9998338d13e3e1bba5cd/elements - {"using":"xpath","value":"//bdi[text()=\"OK\"]"}
RESULT: {"using":"xpath","value":"//bdi[text()=\"OK\"]"}
COMMAND: POST /session/7d4fbfd037fb9998338d13e3e1bba5cd/elements - {"using":"xpath","value":"//bdi[text()=\"OK\"]"}
RESULT: {"using":"xpath","value":"//bdi[text()=\"OK\"]"}
COMMAND: POST /session/7d4fbfd037fb9998338d13e3e1bba5cd/elements - {"using":"xpath","value":"//bdi[text()=\"OK\"]"}
RESULT: {"using":"xpath","value":"//bdi[text()=\"OK\"]"}
COMMAND: POST /session/7d4fbfd037fb9998338d13e3e1bba5cd/elements - {"using":"xpath","value":"//bdi[text()=\"OK\"]"}
RESULT: {"using":"xpath","value":"//bdi[text()=\"OK\"]"}
COMMAND: POST /session/7d4fbfd037fb9998338d13e3e1bba5cd/elements - {"using":"xpath","value":"//bdi[text()=\"OK\"]"}
RESULT: {"using":"xpath","value":"//bdi[text()=\"OK\"]"}
COMMAND: POST /session/7d4fbfd037fb9998338d13e3e1bba5cd/elements - {"using":"xpath","value":"//bdi[text()=\"OK\"]"}
RESULT: {"using":"xpath","value":"//bdi[text()=\"OK\"]"}
COMMAND: POST /session/7d4fbfd037fb9998338d13e3e1bba5cd/elements - {"using":"xpath","value":"//bdi[text()=\"OK\"]"}
RESULT: {"using":"xpath","value":"//bdi[text()=\"OK\"]"}
COMMAND: POST /session/7d4fbfd037fb9998338d13e3e1bba5cd/elements - {"using":"xpath","value":"//bdi[text()=\"OK\"]"}
RESULT: {"using":"xpath","value":"//bdi[text()=\"OK\"]"}
COMMAND: POST /session/7d4fbfd037fb9998338d13e3e1bba5cd/elements - {"using":"xpath","value":"//bdi[text()=\"OK\"]"}
RESULT: {"using":"xpath","value":"//bdi[text()=\"OK\"]"}
COMMAND: POST /session/7d4fbfd037fb9998338d13e3e1bba5cd/elements - {"using":"xpath","value":"//bdi[text()=\"OK\"]"}
RESULT: {"using":"xpath","value":"//bdi[text()=\"OK\"]"}
COMMAND: POST /session/7d4fbfd037fb9998338d13e3e1bba5cd/elements - {"using":"xpath","value":"//bdi[text()=\"OK\"]"}
RESULT: {"using":"xpath","value":"//bdi[text()=\"OK\"]"}
COMMAND: POST /session/7d4fbfd037fb9998338d13e3e1bba5cd/elements - {"using":"xpath","value":"//bdi[text()=\"OK\"]"}
RESULT: {"using":"xpath","value":"//bdi[text()=\"OK\"]"}
COMMAND: POST /session/7d4fbfd037fb9998338d13e3e1bba5cd/elements - {"using":"xpath","value":"//bdi[text()=\"OK\"]"}
RESULT: {"using":"xpath","value":"//bdi[text()=\"OK\"]"}
COMMAND: POST /session/7d4fbfd037fb9998338d13e3e1bba5cd/elements - {"using":"xpath","value":"//bdi[text()=\"OK\"]"}
RESULT: {"using":"xpath","value":"//bdi[text()=\"OK\"]"}
COMMAND: POST /session/7d4fbfd037fb9998338d13e3e1bba5cd/elements - {"using":"xpath","value":"//bdi[text()=\"OK\"]"}
RESULT: {"using":"xpath","value":"//bdi[text()=\"OK\"]"}
COMMAND: POST /session/7d4fbfd037fb9998338d13e3e1bba5cd/elements - {"using":"xpath","value":"//bdi[text()=\"OK\"]"}
RESULT: {"using":"xpath","value":"//bdi[text()=\"OK\"]"}
COMMAND: POST /session/7d4fbfd037fb9998338d13e3e1bba5cd/elements - {"using":"xpath","value":"//bdi[text()=\"OK\"]"}
RESULT: {"using":"xpath","value":"//bdi[text()=\"OK\"]"}
COMMAND: POST /session/7d4fbfd037fb9998338d13e3e1bba5cd/elements - {"using":"xpath","value":"//bdi[text()=\"OK\"]"}
RESULT: {"using":"xpath","value":"//bdi[text()=\"OK\"]"}
COMMAND: POST /session/7d4fbfd037fb9998338d13e3e1bba5cd/elements - {"using":"xpath","value":"//bdi[text()=\"OK\"]"}
RESULT: {"using":"xpath","value":"//bdi[text()=\"OK\"]"}
COMMAND: POST /session/7d4fbfd037fb9998338d13e3e1bba5cd/elements - {"using":"xpath","value":"//bdi[text()=\"OK\"]"}
RESULT: {"using":"xpath","value":"//bdi[text()=\"OK\"]"}
COMMAND: POST /session/7d4fbfd037fb9998338d13e3e1bba5cd/elements - {"using":"xpath","value":"//bdi[text()=\"OK\"]"}
RESULT: {"using":"xpath","value":"//bdi[text()=\"OK\"]"}
COMMAND: POST /session/7d4fbfd037fb9998338d13e3e1bba5cd/elements - {"using":"xpath","value":"//bdi[text()=\"OK\"]"}
RESULT: {"using":"xpath","value":"//bdi[text()=\"OK\"]"}
COMMAND: POST /session/7d4fbfd037fb9998338d13e3e1bba5cd/elements - {"using":"xpath","value":"//bdi[text()=\"OK\"]"}
RESULT: {"using":"xpath","value":"//bdi[text()=\"OK\"]"}
COMMAND: POST /session/7d4fbfd037fb9998338d13e3e1bba5cd/elements - {"using":"xpath","value":"//bdi[text()=\"OK\"]"}
RESULT: {"using":"xpath","value":"//bdi[text()=\"OK\"]"}
COMMAND: POST /session/7d4fbfd037fb9998338d13e3e1bba5cd/elements - {"using":"xpath","value":"//bdi[text()=\"OK\"]"}
RESULT: {"using":"xpath","value":"//bdi[text()=\"OK\"]"}
COMMAND: POST /session/7d4fbfd037fb9998338d13e3e1bba5cd/elements - {"using":"xpath","value":"//bdi[text()=\"OK\"]"}
RESULT: {"using":"xpath","value":"//bdi[text()=\"OK\"]"}
COMMAND: POST /session/7d4fbfd037fb9998338d13e3e1bba5cd/elements - {"using":"xpath","value":"//bdi[text()=\"OK\"]"}
RESULT: {"using":"xpath","value":"//bdi[text()=\"OK\"]"}
COMMAND: POST /session/7d4fbfd037fb9998338d13e3e1bba5cd/elements - {"using":"xpath","value":"//bdi[text()=\"OK\"]"}
RESULT: {"using":"xpath","value":"//bdi[text()=\"OK\"]"}
COMMAND: POST /session/7d4fbfd037fb9998338d13e3e1bba5cd/elements - {"using":"xpath","value":"//bdi[text()=\"OK\"]"}
RESULT: {"using":"xpath","value":"//bdi[text()=\"OK\"]"}
COMMAND: POST /session/7d4fbfd037fb9998338d13e3e1bba5cd/elements - {"using":"xpath","value":"//bdi[text()=\"OK\"]"}
RESULT: {"using":"xpath","value":"//bdi[text()=\"OK\"]"}
COMMAND: POST /session/7d4fbfd037fb9998338d13e3e1bba5cd/elements - {"using":"xpath","value":"//bdi[text()=\"OK\"]"}
RESULT: {"using":"xpath","value":"//bdi[text()=\"OK\"]"}
COMMAND: POST /session/7d4fbfd037fb9998338d13e3e1bba5cd/elements - {"using":"xpath","value":"//bdi[text()=\"OK\"]"}
RESULT: {"using":"xpath","value":"//bdi[text()=\"OK\"]"}
COMMAND: POST /session/7d4fbfd037fb9998338d13e3e1bba5cd/elements - {"using":"xpath","value":"//bdi[text()=\"OK\"]"}
RESULT: {"using":"xpath","value":"//bdi[text()=\"OK\"]"}
COMMAND: POST /session/7d4fbfd037fb9998338d13e3e1bba5cd/elements - {"using":"xpath","value":"//bdi[text()=\"OK\"]"}
RESULT: {"using":"xpath","value":"//bdi[text()=\"OK\"]"}
COMMAND: POST /session/7d4fbfd037fb9998338d13e3e1bba5cd/elements - {"using":"xpath","value":"//bdi[text()=\"OK\"]"}
RESULT: {"using":"xpath","value":"//bdi[text()=\"OK\"]"}
COMMAND: POST /session/7d4fbfd037fb9998338d13e3e1bba5cd/elements - {"using":"xpath","value":"//bdi[text()=\"OK\"]"}
RESULT: {"using":"xpath","value":"//bdi[text()=\"OK\"]"}
COMMAND: POST /session/7d4fbfd037fb9998338d13e3e1bba5cd/elements - {"using":"xpath","value":"//bdi[text()=\"OK\"]"}
RESULT: {"using":"xpath","value":"//bdi[text()=\"OK\"]"}
COMMAND: POST /session/7d4fbfd037fb9998338d13e3e1bba5cd/elements - {"using":"xpath","value":"//bdi[text()=\"OK\"]"}
RESULT: {"using":"xpath","value":"//bdi[text()=\"OK\"]"}
COMMAND: POST /session/7d4fbfd037fb9998338d13e3e1bba5cd/elements - {"using":"xpath","value":"//bdi[text()=\"OK\"]"}
RESULT: {"using":"xpath","value":"//bdi[text()=\"OK\"]"}
COMMAND: POST /session/7d4fbfd037fb9998338d13e3e1bba5cd/elements - {"using":"xpath","value":"//bdi[text()=\"OK\"]"}
RESULT: {"using":"xpath","value":"//bdi[text()=\"OK\"]"}
COMMAND: POST /session/7d4fbfd037fb9998338d13e3e1bba5cd/elements - {"using":"xpath","value":"//bdi[text()=\"OK\"]"}
RESULT: {"using":"xpath","value":"//bdi[text()=\"OK\"]"}
COMMAND: POST /session/7d4fbfd037fb9998338d13e3e1bba5cd/elements - {"using":"xpath","value":"//bdi[text()=\"OK\"]"}
RESULT: {"using":"xpath","value":"//bdi[text()=\"OK\"]"}
COMMAND: POST /session/7d4fbfd037fb9998338d13e3e1bba5cd/elements - {"using":"xpath","value":"//bdi[text()=\"OK\"]"}
RESULT: {"using":"xpath","value":"//bdi[text()=\"OK\"]"}
COMMAND: POST /session/7d4fbfd037fb9998338d13e3e1bba5cd/elements - {"using":"xpath","value":"//bdi[text()=\"OK\"]"}
RESULT: {"using":"xpath","value":"//bdi[text()=\"OK\"]"}
COMMAND: POST /session/7d4fbfd037fb9998338d13e3e1bba5cd/elements - {"using":"xpath","value":"//bdi[text()=\"OK\"]"}
RESULT: {"using":"xpath","value":"//bdi[text()=\"OK\"]"}
COMMAND: POST /session/7d4fbfd037fb9998338d13e3e1bba5cd/elements - {"using":"xpath","value":"//bdi[text()=\"OK\"]"}
RESULT: {"using":"xpath","value":"//bdi[text()=\"OK\"]"}
COMMAND: POST /session/7d4fbfd037fb9998338d13e3e1bba5cd/elements - {"using":"xpath","value":"//bdi[text()=\"OK\"]"}
RESULT: {"using":"xpath","value":"//bdi[text()=\"OK\"]"}
COMMAND: POST /session/7d4fbfd037fb9998338d13e3e1bba5cd/element - {"using":"xpath","value":"//bdi[text()=\"OK\"]"}
RESULT: {"using":"xpath","value":"//bdi[text()=\"OK\"]"}
COMMAND: POST /session/7d4fbfd037fb9998338d13e3e1bba5cd/elements - {"using":"xpath","value":"//bdi[text()=\"OK\"]"}
RESULT: {"using":"xpath","value":"//bdi[text()=\"OK\"]"}
COMMAND: POST /session/7d4fbfd037fb9998338d13e3e1bba5cd/elements - {"using":"xpath","value":"//bdi[text()=\"OK\"]"}
RESULT: {"using":"xpath","value":"//bdi[text()=\"OK\"]"}
COMMAND: POST /session/7d4fbfd037fb9998338d13e3e1bba5cd/elements - {"using":"xpath","value":"//bdi[text()=\"OK\"]"}
RESULT: {"using":"xpath","value":"//bdi[text()=\"OK\"]"}
COMMAND: POST /session/7d4fbfd037fb9998338d13e3e1bba5cd/elements - {"using":"xpath","value":"//bdi[text()=\"OK\"]"}
RESULT: {"using":"xpath","value":"//bdi[text()=\"OK\"]"}
COMMAND: POST /session/7d4fbfd037fb9998338d13e3e1bba5cd/elements - {"using":"xpath","value":"//bdi[text()=\"OK\"]"}
RESULT: {"using":"xpath","value":"//bdi[text()=\"OK\"]"}
COMMAND: POST /session/7d4fbfd037fb9998338d13e3e1bba5cd/elements - {"using":"xpath","value":"//bdi[text()=\"OK\"]"}
RESULT: {"using":"xpath","value":"//bdi[text()=\"OK\"]"}
COMMAND: POST /session/7d4fbfd037fb9998338d13e3e1bba5cd/elements - {"using":"xpath","value":"//bdi[text()=\"OK\"]"}
RESULT: {"using":"xpath","value":"//bdi[text()=\"OK\"]"}
COMMAND: POST /session/7d4fbfd037fb9998338d13e3e1bba5cd/elements - {"using":"xpath","value":"//bdi[text()=\"OK\"]"}
RESULT: {"using":"xpath","value":"//bdi[text()=\"OK\"]"}
COMMAND: POST /session/7d4fbfd037fb9998338d13e3e1bba5cd/elements - {"using":"xpath","value":"//bdi[text()=\"OK\"]"}
RESULT: {"using":"xpath","value":"//bdi[text()=\"OK\"]"}
COMMAND: POST /session/7d4fbfd037fb9998338d13e3e1bba5cd/elements - {"using":"xpath","value":"//bdi[text()=\"OK\"]"}
RESULT: {"using":"xpath","value":"//bdi[text()=\"OK\"]"}
COMMAND: POST /session/7d4fbfd037fb9998338d13e3e1bba5cd/elements - {"using":"xpath","value":"//bdi[text()=\"OK\"]"}
RESULT: {"using":"xpath","value":"//bdi[text()=\"OK\"]"}
COMMAND: POST /session/7d4fbfd037fb9998338d13e3e1bba5cd/elements - {"using":"xpath","value":"//bdi[text()=\"OK\"]"}
RESULT: {"using":"xpath","value":"//bdi[text()=\"OK\"]"}
COMMAND: POST /session/7d4fbfd037fb9998338d13e3e1bba5cd/elements - {"using":"xpath","value":"//bdi[text()=\"OK\"]"}
RESULT: {"using":"xpath","value":"//bdi[text()=\"OK\"]"}
COMMAND: POST /session/7d4fbfd037fb9998338d13e3e1bba5cd/elements - {"using":"xpath","value":"//bdi[text()=\"OK\"]"}
RESULT: {"using":"xpath","value":"//bdi[text()=\"OK\"]"}
COMMAND: POST /session/7d4fbfd037fb9998338d13e3e1bba5cd/elements - {"using":"xpath","value":"//bdi[text()=\"OK\"]"}
RESULT: {"using":"xpath","value":"//bdi[text()=\"OK\"]"}
COMMAND: POST /session/7d4fbfd037fb9998338d13e3e1bba5cd/elements - {"using":"xpath","value":"//bdi[text()=\"OK\"]"}
RESULT: {"using":"xpath","value":"//bdi[text()=\"OK\"]"}
COMMAND: POST /session/7d4fbfd037fb9998338d13e3e1bba5cd/elements - {"using":"xpath","value":"//bdi[text()=\"OK\"]"}
RESULT: {"using":"xpath","value":"//bdi[text()=\"OK\"]"}
COMMAND: POST /session/7d4fbfd037fb9998338d13e3e1bba5cd/elements - {"using":"xpath","value":"//bdi[text()=\"OK\"]"}
RESULT: {"using":"xpath","value":"//bdi[text()=\"OK\"]"}
COMMAND: POST /session/7d4fbfd037fb9998338d13e3e1bba5cd/elements - {"using":"xpath","value":"//bdi[text()=\"OK\"]"}
RESULT: {"using":"xpath","value":"//bdi[text()=\"OK\"]"}
COMMAND: POST /session/7d4fbfd037fb9998338d13e3e1bba5cd/elements - {"using":"xpath","value":"//bdi[text()=\"OK\"]"}
RESULT: {"using":"xpath","value":"//bdi[text()=\"OK\"]"}
COMMAND: POST /session/7d4fbfd037fb9998338d13e3e1bba5cd/elements - {"using":"xpath","value":"//bdi[text()=\"OK\"]"}
RESULT: {"using":"xpath","value":"//bdi[text()=\"OK\"]"}
COMMAND: POST /session/7d4fbfd037fb9998338d13e3e1bba5cd/elements - {"using":"xpath","value":"//bdi[text()=\"OK\"]"}
RESULT: {"using":"xpath","value":"//bdi[text()=\"OK\"]"}
COMMAND: POST /session/7d4fbfd037fb9998338d13e3e1bba5cd/elements - {"using":"xpath","value":"//bdi[text()=\"OK\"]"}
RESULT: {"using":"xpath","value":"//bdi[text()=\"OK\"]"}
COMMAND: POST /session/7d4fbfd037fb9998338d13e3e1bba5cd/elements - {"using":"xpath","value":"//bdi[text()=\"OK\"]"}
RESULT: {"using":"xpath","value":"//bdi[text()=\"OK\"]"}
COMMAND: POST /session/7d4fbfd037fb9998338d13e3e1bba5cd/elements - {"using":"xpath","value":"//bdi[text()=\"OK\"]"}
RESULT: {"using":"xpath","value":"//bdi[text()=\"OK\"]"}
COMMAND: POST /session/7d4fbfd037fb9998338d13e3e1bba5cd/elements - {"using":"xpath","value":"//bdi[text()=\"OK\"]"}
RESULT: {"using":"xpath","value":"//bdi[text()=\"OK\"]"}
COMMAND: POST /session/7d4fbfd037fb9998338d13e3e1bba5cd/elements - {"using":"xpath","value":"//bdi[text()=\"OK\"]"}
RESULT: {"using":"xpath","value":"//bdi[text()=\"OK\"]"}
COMMAND: POST /session/7d4fbfd037fb9998338d13e3e1bba5cd/elements - {"using":"xpath","value":"//bdi[text()=\"OK\"]"}
RESULT: {"using":"xpath","value":"//bdi[text()=\"OK\"]"}
COMMAND: POST /session/7d4fbfd037fb9998338d13e3e1bba5cd/elements - {"using":"xpath","value":"//bdi[text()=\"OK\"]"}
RESULT: {"using":"xpath","value":"//bdi[text()=\"OK\"]"}
COMMAND: POST /session/7d4fbfd037fb9998338d13e3e1bba5cd/elements - {"using":"xpath","value":"//bdi[text()=\"OK\"]"}
RESULT: {"using":"xpath","value":"//bdi[text()=\"OK\"]"}
COMMAND: POST /session/7d4fbfd037fb9998338d13e3e1bba5cd/elements - {"using":"xpath","value":"//bdi[text()=\"OK\"]"}
RESULT: {"using":"xpath","value":"//bdi[text()=\"OK\"]"}
COMMAND: POST /session/7d4fbfd037fb9998338d13e3e1bba5cd/elements - {"using":"xpath","value":"//bdi[text()=\"OK\"]"}
RESULT: {"using":"xpath","value":"//bdi[text()=\"OK\"]"}
COMMAND: POST /session/7d4fbfd037fb9998338d13e3e1bba5cd/elements - {"using":"xpath","value":"//bdi[text()=\"OK\"]"}
RESULT: {"using":"xpath","value":"//bdi[text()=\"OK\"]"}
COMMAND: POST /session/7d4fbfd037fb9998338d13e3e1bba5cd/elements - {"using":"xpath","value":"//bdi[text()=\"OK\"]"}
RESULT: {"using":"xpath","value":"//bdi[text()=\"OK\"]"}
COMMAND: POST /session/7d4fbfd037fb9998338d13e3e1bba5cd/elements - {"using":"xpath","value":"//bdi[text()=\"OK\"]"}
RESULT: {"using":"xpath","value":"//bdi[text()=\"OK\"]"}
COMMAND: POST /session/7d4fbfd037fb9998338d13e3e1bba5cd/elements - {"using":"xpath","value":"//bdi[text()=\"OK\"]"}
RESULT: {"using":"xpath","value":"//bdi[text()=\"OK\"]"}
COMMAND: POST /session/7d4fbfd037fb9998338d13e3e1bba5cd/elements - {"using":"xpath","value":"//bdi[text()=\"OK\"]"}
RESULT: {"using":"xpath","value":"//bdi[text()=\"OK\"]"}
COMMAND: POST /session/7d4fbfd037fb9998338d13e3e1bba5cd/elements - {"using":"xpath","value":"//bdi[text()=\"OK\"]"}
RESULT: {"using":"xpath","value":"//bdi[text()=\"OK\"]"}
COMMAND: POST /session/7d4fbfd037fb9998338d13e3e1bba5cd/elements - {"using":"xpath","value":"//bdi[text()=\"OK\"]"}
RESULT: {"using":"xpath","value":"//bdi[text()=\"OK\"]"}
COMMAND: POST /session/7d4fbfd037fb9998338d13e3e1bba5cd/elements - {"using":"xpath","value":"//bdi[text()=\"OK\"]"}
RESULT: {"using":"xpath","value":"//bdi[text()=\"OK\"]"}
COMMAND: POST /session/7d4fbfd037fb9998338d13e3e1bba5cd/elements - {"using":"xpath","value":"//bdi[text()=\"OK\"]"}
RESULT: {"using":"xpath","value":"//bdi[text()=\"OK\"]"}
COMMAND: POST /session/7d4fbfd037fb9998338d13e3e1bba5cd/elements - {"using":"xpath","value":"//bdi[text()=\"OK\"]"}
RESULT: {"using":"xpath","value":"//bdi[text()=\"OK\"]"}
COMMAND: POST /session/7d4fbfd037fb9998338d13e3e1bba5cd/elements - {"using":"xpath","value":"//bdi[text()=\"OK\"]"}
RESULT: {"using":"xpath","value":"//bdi[text()=\"OK\"]"}
COMMAND: POST /session/7d4fbfd037fb9998338d13e3e1bba5cd/elements - {"using":"xpath","value":"//bdi[text()=\"OK\"]"}
RESULT: {"using":"xpath","value":"//bdi[text()=\"OK\"]"}
COMMAND: POST /session/7d4fbfd037fb9998338d13e3e1bba5cd/elements - {"using":"xpath","value":"//bdi[text()=\"OK\"]"}
RESULT: {"using":"xpath","value":"//bdi[text()=\"OK\"]"}
COMMAND: POST /session/7d4fbfd037fb9998338d13e3e1bba5cd/elements - {"using":"xpath","value":"//bdi[text()=\"OK\"]"}
RESULT: {"using":"xpath","value":"//bdi[text()=\"OK\"]"}
COMMAND: POST /session/7d4fbfd037fb9998338d13e3e1bba5cd/elements - {"using":"xpath","value":"//bdi[text()=\"OK\"]"}
RESULT: {"using":"xpath","value":"//bdi[text()=\"OK\"]"}
COMMAND: POST /session/7d4fbfd037fb9998338d13e3e1bba5cd/elements - {"using":"xpath","value":"//bdi[text()=\"OK\"]"}
RESULT: {"using":"xpath","value":"//bdi[text()=\"OK\"]"}
COMMAND: POST /session/7d4fbfd037fb9998338d13e3e1bba5cd/elements - {"using":"xpath","value":"//bdi[text()=\"OK\"]"}
RESULT: {"using":"xpath","value":"//bdi[text()=\"OK\"]"}
COMMAND: POST /session/7d4fbfd037fb9998338d13e3e1bba5cd/elements - {"using":"xpath","value":"//bdi[text()=\"OK\"]"}
RESULT: {"using":"xpath","value":"//bdi[text()=\"OK\"]"}
COMMAND: POST /session/7d4fbfd037fb9998338d13e3e1bba5cd/elements - {"using":"xpath","value":"//bdi[text()=\"OK\"]"}
RESULT: {"using":"xpath","value":"//bdi[text()=\"OK\"]"}
COMMAND: POST /session/7d4fbfd037fb9998338d13e3e1bba5cd/elements - {"using":"xpath","value":"//bdi[text()=\"OK\"]"}
RESULT: {"using":"xpath","value":"//bdi[text()=\"OK\"]"}
COMMAND: POST /session/7d4fbfd037fb9998338d13e3e1bba5cd/elements - {"using":"xpath","value":"//bdi[text()=\"OK\"]"}
RESULT: {"using":"xpath","value":"//bdi[text()=\"OK\"]"}
COMMAND: POST /session/7d4fbfd037fb9998338d13e3e1bba5cd/elements - {"using":"xpath","value":"//bdi[text()=\"OK\"]"}
RESULT: {"using":"xpath","value":"//bdi[text()=\"OK\"]"}
COMMAND: POST /session/7d4fbfd037fb9998338d13e3e1bba5cd/elements - {"using":"xpath","value":"//bdi[text()=\"OK\"]"}
RESULT: {"using":"xpath","value":"//bdi[text()=\"OK\"]"}
COMMAND: POST /session/7d4fbfd037fb9998338d13e3e1bba5cd/elements - {"using":"xpath","value":"//bdi[text()=\"OK\"]"}
RESULT: {"using":"xpath","value":"//bdi[text()=\"OK\"]"}
COMMAND: POST /session/7d4fbfd037fb9998338d13e3e1bba5cd/elements - {"using":"xpath","value":"//bdi[text()=\"OK\"]"}
RESULT: {"using":"xpath","value":"//bdi[text()=\"OK\"]"}
COMMAND: POST /session/7d4fbfd037fb9998338d13e3e1bba5cd/elements - {"using":"xpath","value":"//bdi[text()=\"OK\"]"}
RESULT: {"using":"xpath","value":"//bdi[text()=\"OK\"]"}
COMMAND: POST /session/7d4fbfd037fb9998338d13e3e1bba5cd/elements - {"using":"xpath","value":"//bdi[text()=\"OK\"]"}
RESULT: {"using":"xpath","value":"//bdi[text()=\"OK\"]"}
COMMAND: POST /session/7d4fbfd037fb9998338d13e3e1bba5cd/elements - {"using":"xpath","value":"//bdi[text()=\"OK\"]"}
RESULT: {"using":"xpath","value":"//bdi[text()=\"OK\"]"}
COMMAND: POST /session/7d4fbfd037fb9998338d13e3e1bba5cd/elements - {"using":"xpath","value":"//bdi[text()=\"OK\"]"}
RESULT: {"using":"xpath","value":"//bdi[text()=\"OK\"]"}
COMMAND: POST /session/7d4fbfd037fb9998338d13e3e1bba5cd/elements - {"using":"xpath","value":"//bdi[text()=\"OK\"]"}
RESULT: {"using":"xpath","value":"//bdi[text()=\"OK\"]"}
COMMAND: POST /session/7d4fbfd037fb9998338d13e3e1bba5cd/elements - {"using":"xpath","value":"//bdi[text()=\"OK\"]"}
RESULT: {"using":"xpath","value":"//bdi[text()=\"OK\"]"}
COMMAND: POST /session/7d4fbfd037fb9998338d13e3e1bba5cd/elements - {"using":"xpath","value":"//bdi[text()=\"OK\"]"}
RESULT: {"using":"xpath","value":"//bdi[text()=\"OK\"]"}
COMMAND: POST /session/7d4fbfd037fb9998338d13e3e1bba5cd/elements - {"using":"xpath","value":"//bdi[text()=\"OK\"]"}
RESULT: {"using":"xpath","value":"//bdi[text()=\"OK\"]"}
COMMAND: POST /session/7d4fbfd037fb9998338d13e3e1bba5cd/elements - {"using":"xpath","value":"//bdi[text()=\"OK\"]"}
RESULT: {"using":"xpath","value":"//bdi[text()=\"OK\"]"}
COMMAND: POST /session/7d4fbfd037fb9998338d13e3e1bba5cd/elements - {"using":"xpath","value":"//bdi[text()=\"OK\"]"}
RESULT: {"using":"xpath","value":"//bdi[text()=\"OK\"]"}
COMMAND: POST /session/7d4fbfd037fb9998338d13e3e1bba5cd/elements - {"using":"xpath","value":"//bdi[text()=\"OK\"]"}
RESULT: {"using":"xpath","value":"//bdi[text()=\"OK\"]"}
COMMAND: POST /session/7d4fbfd037fb9998338d13e3e1bba5cd/elements - {"using":"xpath","value":"//bdi[text()=\"OK\"]"}
RESULT: {"using":"xpath","value":"//bdi[text()=\"OK\"]"}
COMMAND: POST /session/7d4fbfd037fb9998338d13e3e1bba5cd/elements - {"using":"xpath","value":"//bdi[text()=\"OK\"]"}
RESULT: {"using":"xpath","value":"//bdi[text()=\"OK\"]"}
COMMAND: POST /session/7d4fbfd037fb9998338d13e3e1bba5cd/elements - {"using":"xpath","value":"//bdi[text()=\"OK\"]"}
RESULT: {"using":"xpath","value":"//bdi[text()=\"OK\"]"}
COMMAND: POST /session/7d4fbfd037fb9998338d13e3e1bba5cd/elements - {"using":"xpath","value":"//bdi[text()=\"OK\"]"}
RESULT: {"using":"xpath","value":"//bdi[text()=\"OK\"]"}
COMMAND: POST /session/7d4fbfd037fb9998338d13e3e1bba5cd/elements - {"using":"xpath","value":"//bdi[text()=\"OK\"]"}
RESULT: {"using":"xpath","value":"//bdi[text()=\"OK\"]"}
COMMAND: POST /session/7d4fbfd037fb9998338d13e3e1bba5cd/elements - {"using":"xpath","value":"//bdi[text()=\"OK\"]"}
RESULT: {"using":"xpath","value":"//bdi[text()=\"OK\"]"}
COMMAND: POST /session/7d4fbfd037fb9998338d13e3e1bba5cd/elements - {"using":"xpath","value":"//bdi[text()=\"OK\"]"}
RESULT: {"using":"xpath","value":"//bdi[text()=\"OK\"]"}
COMMAND: POST /session/7d4fbfd037fb9998338d13e3e1bba5cd/elements - {"using":"xpath","value":"//bdi[text()=\"OK\"]"}
RESULT: {"using":"xpath","value":"//bdi[text()=\"OK\"]"}
COMMAND: POST /session/7d4fbfd037fb9998338d13e3e1bba5cd/elements - {"using":"xpath","value":"//bdi[text()=\"OK\"]"}
RESULT: {"using":"xpath","value":"//bdi[text()=\"OK\"]"}
COMMAND: POST /session/7d4fbfd037fb9998338d13e3e1bba5cd/elements - {"using":"xpath","value":"//bdi[text()=\"OK\"]"}
RESULT: {"using":"xpath","value":"//bdi[text()=\"OK\"]"}
COMMAND: POST /session/7d4fbfd037fb9998338d13e3e1bba5cd/elements - {"using":"xpath","value":"//bdi[text()=\"OK\"]"}
RESULT: {"using":"xpath","value":"//bdi[text()=\"OK\"]"}
COMMAND: POST /session/7d4fbfd037fb9998338d13e3e1bba5cd/elements - {"using":"xpath","value":"//bdi[text()=\"OK\"]"}
RESULT: {"using":"xpath","value":"//bdi[text()=\"OK\"]"}
COMMAND: POST /session/7d4fbfd037fb9998338d13e3e1bba5cd/elements - {"using":"xpath","value":"//bdi[text()=\"OK\"]"}
RESULT: {"using":"xpath","value":"//bdi[text()=\"OK\"]"}
COMMAND: POST /session/7d4fbfd037fb9998338d13e3e1bba5cd/elements - {"using":"xpath","value":"//bdi[text()=\"OK\"]"}
RESULT: {"using":"xpath","value":"//bdi[text()=\"OK\"]"}
COMMAND: POST /session/7d4fbfd037fb9998338d13e3e1bba5cd/elements - {"using":"xpath","value":"//bdi[text()=\"OK\"]"}
RESULT: {"using":"xpath","value":"//bdi[text()=\"OK\"]"}
COMMAND: POST /session/7d4fbfd037fb9998338d13e3e1bba5cd/elements - {"using":"xpath","value":"//bdi[text()=\"OK\"]"}
RESULT: {"using":"xpath","value":"//bdi[text()=\"OK\"]"}
COMMAND: POST /session/7d4fbfd037fb9998338d13e3e1bba5cd/elements - {"using":"xpath","value":"//bdi[text()=\"OK\"]"}
RESULT: {"using":"xpath","value":"//bdi[text()=\"OK\"]"}
COMMAND: POST /session/7d4fbfd037fb9998338d13e3e1bba5cd/elements - {"using":"xpath","value":"//bdi[text()=\"OK\"]"}
RESULT: {"using":"xpath","value":"//bdi[text()=\"OK\"]"}
COMMAND: POST /session/7d4fbfd037fb9998338d13e3e1bba5cd/elements - {"using":"xpath","value":"//bdi[text()=\"OK\"]"}
RESULT: {"using":"xpath","value":"//bdi[text()=\"OK\"]"}
COMMAND: POST /session/7d4fbfd037fb9998338d13e3e1bba5cd/elements - {"using":"xpath","value":"//bdi[text()=\"OK\"]"}
RESULT: {"using":"xpath","value":"//bdi[text()=\"OK\"]"}
COMMAND: POST /session/7d4fbfd037fb9998338d13e3e1bba5cd/elements - {"using":"xpath","value":"//bdi[text()=\"OK\"]"}
RESULT: {"using":"xpath","value":"//bdi[text()=\"OK\"]"}
COMMAND: POST /session/7d4fbfd037fb9998338d13e3e1bba5cd/elements - {"using":"xpath","value":"//bdi[text()=\"OK\"]"}
RESULT: {"using":"xpath","value":"//bdi[text()=\"OK\"]"}
COMMAND: POST /session/7d4fbfd037fb9998338d13e3e1bba5cd/elements - {"using":"xpath","value":"//bdi[text()=\"OK\"]"}
RESULT: {"using":"xpath","value":"//bdi[text()=\"OK\"]"}
COMMAND: POST /session/7d4fbfd037fb9998338d13e3e1bba5cd/elements - {"using":"xpath","value":"//bdi[text()=\"OK\"]"}
RESULT: {"using":"xpath","value":"//bdi[text()=\"OK\"]"}
COMMAND: POST /session/7d4fbfd037fb9998338d13e3e1bba5cd/elements - {"using":"xpath","value":"//bdi[text()=\"OK\"]"}
RESULT: {"using":"xpath","value":"//bdi[text()=\"OK\"]"}
COMMAND: POST /session/7d4fbfd037fb9998338d13e3e1bba5cd/elements - {"using":"xpath","value":"//bdi[text()=\"OK\"]"}
RESULT: {"using":"xpath","value":"//bdi[text()=\"OK\"]"}
COMMAND: POST /session/7d4fbfd037fb9998338d13e3e1bba5cd/elements - {"using":"xpath","value":"//bdi[text()=\"OK\"]"}
RESULT: {"using":"xpath","value":"//bdi[text()=\"OK\"]"}
COMMAND: POST /session/7d4fbfd037fb9998338d13e3e1bba5cd/elements - {"using":"xpath","value":"//bdi[text()=\"OK\"]"}
RESULT: {"using":"xpath","value":"//bdi[text()=\"OK\"]"}
COMMAND: POST /session/7d4fbfd037fb9998338d13e3e1bba5cd/elements - {"using":"xpath","value":"//bdi[text()=\"OK\"]"}
RESULT: {"using":"xpath","value":"//bdi[text()=\"OK\"]"}
COMMAND: POST /session/7d4fbfd037fb9998338d13e3e1bba5cd/elements - {"using":"xpath","value":"//bdi[text()=\"OK\"]"}
RESULT: {"using":"xpath","value":"//bdi[text()=\"OK\"]"}
COMMAND: POST /session/7d4fbfd037fb9998338d13e3e1bba5cd/elements - {"using":"xpath","value":"//bdi[text()=\"OK\"]"}
RESULT: {"using":"xpath","value":"//bdi[text()=\"OK\"]"}
COMMAND: POST /session/7d4fbfd037fb9998338d13e3e1bba5cd/elements - {"using":"xpath","value":"//bdi[text()=\"OK\"]"}
RESULT: {"using":"xpath","value":"//bdi[text()=\"OK\"]"}
COMMAND: POST /session/7d4fbfd037fb9998338d13e3e1bba5cd/elements - {"using":"xpath","value":"//bdi[text()=\"OK\"]"}
RESULT: {"using":"xpath","value":"//bdi[text()=\"OK\"]"}
COMMAND: POST /session/7d4fbfd037fb9998338d13e3e1bba5cd/elements - {"using":"xpath","value":"//bdi[text()=\"OK\"]"}
RESULT: {"using":"xpath","value":"//bdi[text()=\"OK\"]"}
COMMAND: POST /session/7d4fbfd037fb9998338d13e3e1bba5cd/elements - {"using":"xpath","value":"//bdi[text()=\"OK\"]"}
RESULT: {"using":"xpath","value":"//bdi[text()=\"OK\"]"}
COMMAND: POST /session/7d4fbfd037fb9998338d13e3e1bba5cd/elements - {"using":"xpath","value":"//bdi[text()=\"OK\"]"}
RESULT: {"using":"xpath","value":"//bdi[text()=\"OK\"]"}
COMMAND: POST /session/7d4fbfd037fb9998338d13e3e1bba5cd/elements - {"using":"xpath","value":"//bdi[text()=\"OK\"]"}
RESULT: {"using":"xpath","value":"//bdi[text()=\"OK\"]"}
COMMAND: POST /session/7d4fbfd037fb9998338d13e3e1bba5cd/elements - {"using":"xpath","value":"//bdi[text()=\"OK\"]"}
RESULT: {"using":"xpath","value":"//bdi[text()=\"OK\"]"}
COMMAND: POST /session/7d4fbfd037fb9998338d13e3e1bba5cd/elements - {"using":"xpath","value":"//bdi[text()=\"OK\"]"}
RESULT: {"using":"xpath","value":"//bdi[text()=\"OK\"]"}
COMMAND: POST /session/7d4fbfd037fb9998338d13e3e1bba5cd/elements - {"using":"xpath","value":"//bdi[text()=\"OK\"]"}
RESULT: {"using":"xpath","value":"//bdi[text()=\"OK\"]"}
COMMAND: POST /session/7d4fbfd037fb9998338d13e3e1bba5cd/elements - {"using":"xpath","value":"//bdi[text()=\"OK\"]"}
RESULT: {"using":"xpath","value":"//bdi[text()=\"OK\"]"}
COMMAND: POST /session/7d4fbfd037fb9998338d13e3e1bba5cd/elements - {"using":"xpath","value":"//bdi[text()=\"OK\"]"}
RESULT: {"using":"xpath","value":"//bdi[text()=\"OK\"]"}
COMMAND: POST /session/7d4fbfd037fb9998338d13e3e1bba5cd/elements - {"using":"xpath","value":"//bdi[text()=\"OK\"]"}
RESULT: {"using":"xpath","value":"//bdi[text()=\"OK\"]"}
COMMAND: POST /session/7d4fbfd037fb9998338d13e3e1bba5cd/elements - {"using":"xpath","value":"//bdi[text()=\"OK\"]"}
RESULT: {"using":"xpath","value":"//bdi[text()=\"OK\"]"}
COMMAND: POST /session/7d4fbfd037fb9998338d13e3e1bba5cd/elements - {"using":"xpath","value":"//bdi[text()=\"OK\"]"}
RESULT: {"using":"xpath","value":"//bdi[text()=\"OK\"]"}
COMMAND: POST /session/7d4fbfd037fb9998338d13e3e1bba5cd/elements - {"using":"xpath","value":"//bdi[text()=\"OK\"]"}
RESULT: {"using":"xpath","value":"//bdi[text()=\"OK\"]"}
COMMAND: POST /session/7d4fbfd037fb9998338d13e3e1bba5cd/elements - {"using":"xpath","value":"//bdi[text()=\"OK\"]"}
RESULT: {"using":"xpath","value":"//bdi[text()=\"OK\"]"}
COMMAND: POST /session/7d4fbfd037fb9998338d13e3e1bba5cd/elements - {"using":"xpath","value":"//bdi[text()=\"OK\"]"}
RESULT: {"using":"xpath","value":"//bdi[text()=\"OK\"]"}
COMMAND: POST /session/7d4fbfd037fb9998338d13e3e1bba5cd/elements - {"using":"xpath","value":"//bdi[text()=\"OK\"]"}
RESULT: {"using":"xpath","value":"//bdi[text()=\"OK\"]"}
COMMAND: POST /session/7d4fbfd037fb9998338d13e3e1bba5cd/elements - {"using":"xpath","value":"//bdi[text()=\"OK\"]"}
RESULT: {"using":"xpath","value":"//bdi[text()=\"OK\"]"}
COMMAND: POST /session/7d4fbfd037fb9998338d13e3e1bba5cd/elements - {"using":"xpath","value":"//bdi[text()=\"OK\"]"}
RESULT: {"using":"xpath","value":"//bdi[text()=\"OK\"]"}
COMMAND: POST /session/7d4fbfd037fb9998338d13e3e1bba5cd/elements - {"using":"xpath","value":"//bdi[text()=\"OK\"]"}
RESULT: {"using":"xpath","value":"//bdi[text()=\"OK\"]"}
COMMAND: POST /session/7d4fbfd037fb9998338d13e3e1bba5cd/execute/async - {"script":"<script> [1562 bytes]","args":[{"selector":{"id":"application-manageresources-display-component---newResourceUnit--TYPE-arrow"},"wdio_ui5_key":"applicationmanageresources-display-component---newResourceUnit--TYPE-arrow"}]}
RESULT: {"script":"<script> [1562 bytes]","args":[{"selector":{"id":"application-manageresources-display-component---newResourceUnit--TYPE-arrow"},"wdio_ui5_key":"applicationmanageresources-display-component---newResourceUnit--TYPE-arrow"}]}
RESULT: undefined
COMMAND: POST /session/7d4fbfd037fb9998338d13e3e1bba5cd/element - {"using":"xpath","value":"//*[@id=\"application-manageresources-display-component---newResourceUnit--TYPE-arrow\"]"}
RESULT: {"using":"xpath","value":"//*[@id=\"application-manageresources-display-component---newResourceUnit--TYPE-arrow\"]"}
COMMAND: POST /session/7d4fbfd037fb9998338d13e3e1bba5cd/element/f.8197E7E82739F49E8E00421C1FF1176E.d.2D71D675CACC9512FBFD2E9432C8A1D9.e.5446/click - {}
RESULT: {}
COMMAND: POST /session/7d4fbfd037fb9998338d13e3e1bba5cd/execute/async - {"script":"<script> [1562 bytes]","args":[{"selector":{"controlType":"sap.m.StandardListItem","viewName":"reusables.view.manageresources.NewResourceUnit","viewId":"application-manageresources-display-component---newResourceUnit","properties":{"title":"Material"},"searchOpenDialogs":true,"interaction":{"idSuffix":"titleText"}},"wdio_ui5_key":"reusablesview.manageresources.NewResourceUnitsap.m.StandardListItem{\"title\":\"Material\"}"}]}
COMMAND: GET /session/7d4fbfd037fb9998338d13e3e1bba5cd/screenshot - {}
RESULT: {"script":"<script> [1562 bytes]","args":[{"selector":{"controlType":"sap.m.StandardListItem","viewName":"reusables.view.manageresources.NewResourceUnit","viewId":"application-manageresources-display-component---newResourceUnit","properties":{"title":"Material"},"searchOpenDialogs":true,"interaction":{"idSuffix":"titleText"}},"wdio_ui5_key":"reusablesview.manageresources.NewResourceUnitsap.m.StandardListItem{\"title\":\"Material\"}"}]}
RESULT: undefined
COMMAND: POST /session/7d4fbfd037fb9998338d13e3e1bba5cd/element - {"using":"xpath","value":"//*[@id=\"__item142\"]"}
RESULT: {}
RESULT: {"using":"xpath","value":"//*[@id=\"__item142\"]"}
COMMAND: POST /session/7d4fbfd037fb9998338d13e3e1bba5cd/element/f.8197E7E82739F49E8E00421C1FF1176E.d.2D71D675CACC9512FBFD2E9432C8A1D9.e.5449/click - {}
RESULT: {}
COMMAND: POST /session/7d4fbfd037fb9998338d13e3e1bba5cd/execute/async - {"script":"<script> [1562 bytes]","args":[{"selector":{"id":"application-manageresources-display-component---newResourceUnit--SHORT_TEXT","interaction":{"idSuffix":"inner"}},"wdio_ui5_key":"applicationmanageresources-display-component---newResourceUnit--SHORT_TEXT"}]}
COMMAND: GET /session/7d4fbfd037fb9998338d13e3e1bba5cd/screenshot - {}
RESULT: {"script":"<script> [1562 bytes]","args":[{"selector":{"id":"application-manageresources-display-component---newResourceUnit--SHORT_TEXT","interaction":{"idSuffix":"inner"}},"wdio_ui5_key":"applicationmanageresources-display-component---newResourceUnit--SHORT_TEXT"}]}
RESULT: undefined
COMMAND: POST /session/7d4fbfd037fb9998338d13e3e1bba5cd/execute/async - {"script":"<script> [776 bytes]","args":[{"enterText":"WebdriverRU R2Cu4ff2","selector":{"id":"application-manageresources-display-component---newResourceUnit--SHORT_TEXT","interaction":{"idSuffix":"inner"}},"clearTextFirst":true,"interactionType":"ENTER_TEXT"}]}
RESULT: {}
RESULT: {"script":"<script> [776 bytes]","args":[{"enterText":"WebdriverRU R2Cu4ff2","selector":{"id":"application-manageresources-display-component---newResourceUnit--SHORT_TEXT","interaction":{"idSuffix":"inner"}},"clearTextFirst":true,"interactionType":"ENTER_TEXT"}]}
COMMAND: POST /session/7d4fbfd037fb9998338d13e3e1bba5cd/execute/async - {"script":"<script> [1562 bytes]","args":[{"selector":{"id":"application-manageresources-display-component---newResourceUnit--BASE_UNIT_OF_MEASURE-arrow"},"wdio_ui5_key":"applicationmanageresources-display-component---newResourceUnit--BASE_UNIT_OF_MEASURE-arrow"}]}
RESULT: {"script":"<script> [1562 bytes]","args":[{"selector":{"id":"application-manageresources-display-component---newResourceUnit--BASE_UNIT_OF_MEASURE-arrow"},"wdio_ui5_key":"applicationmanageresources-display-component---newResourceUnit--BASE_UNIT_OF_MEASURE-arrow"}]}
RESULT: undefined
COMMAND: POST /session/7d4fbfd037fb9998338d13e3e1bba5cd/element - {"using":"xpath","value":"//*[@id=\"application-manageresources-display-component---newResourceUnit--BASE_UNIT_OF_MEASURE-arrow\"]"}
RESULT: {"using":"xpath","value":"//*[@id=\"application-manageresources-display-component---newResourceUnit--BASE_UNIT_OF_MEASURE-arrow\"]"}
COMMAND: POST /session/7d4fbfd037fb9998338d13e3e1bba5cd/element/f.8197E7E82739F49E8E00421C1FF1176E.d.2D71D675CACC9512FBFD2E9432C8A1D9.e.5507/click - {}
RESULT: {}
COMMAND: POST /session/7d4fbfd037fb9998338d13e3e1bba5cd/execute/async - {"script":"<script> [1562 bytes]","args":[{"selector":{"controlType":"sap.m.StandardListItem","viewName":"reusables.view.manageresources.NewResourceUnit","viewId":"application-manageresources-display-component---newResourceUnit","properties":{"title":"Piece"},"searchOpenDialogs":true,"interaction":{"idSuffix":"titleText"}},"wdio_ui5_key":"reusablesview.manageresources.NewResourceUnitsap.m.StandardListItem{\"title\":\"Piece\"}"}]}
COMMAND: GET /session/7d4fbfd037fb9998338d13e3e1bba5cd/screenshot - {}
RESULT: {"script":"<script> [1562 bytes]","args":[{"selector":{"controlType":"sap.m.StandardListItem","viewName":"reusables.view.manageresources.NewResourceUnit","viewId":"application-manageresources-display-component---newResourceUnit","properties":{"title":"Piece"},"searchOpenDialogs":true,"interaction":{"idSuffix":"titleText"}},"wdio_ui5_key":"reusablesview.manageresources.NewResourceUnitsap.m.StandardListItem{\"title\":\"Piece\"}"}]}
RESULT: undefined
COMMAND: POST /session/7d4fbfd037fb9998338d13e3e1bba5cd/element - {"using":"xpath","value":"//*[@id=\"__item186\"]"}
RESULT: {}
RESULT: {"using":"xpath","value":"//*[@id=\"__item186\"]"}
COMMAND: POST /session/7d4fbfd037fb9998338d13e3e1bba5cd/element/f.8197E7E82739F49E8E00421C1FF1176E.d.2D71D675CACC9512FBFD2E9432C8A1D9.e.5509/click - {}
RESULT: {}
COMMAND: POST /session/7d4fbfd037fb9998338d13e3e1bba5cd/execute/async - {"script":"<script> [1562 bytes]","args":[{"selector":{"id":"application-manageresources-display-component---newResourceUnit--WEIGHT_UNIT-arrow"},"wdio_ui5_key":"applicationmanageresources-display-component---newResourceUnit--WEIGHT_UNIT-arrow"}]}
COMMAND: GET /session/7d4fbfd037fb9998338d13e3e1bba5cd/screenshot - {}
RESULT: {"script":"<script> [1562 bytes]","args":[{"selector":{"id":"application-manageresources-display-component---newResourceUnit--WEIGHT_UNIT-arrow"},"wdio_ui5_key":"applicationmanageresources-display-component---newResourceUnit--WEIGHT_UNIT-arrow"}]}
RESULT: undefined
COMMAND: POST /session/7d4fbfd037fb9998338d13e3e1bba5cd/element - {"using":"xpath","value":"//*[@id=\"application-manageresources-display-component---newResourceUnit--WEIGHT_UNIT-arrow\"]"}
RESULT: {}
RESULT: {"using":"xpath","value":"//*[@id=\"application-manageresources-display-component---newResourceUnit--WEIGHT_UNIT-arrow\"]"}
COMMAND: POST /session/7d4fbfd037fb9998338d13e3e1bba5cd/element/f.8197E7E82739F49E8E00421C1FF1176E.d.2D71D675CACC9512FBFD2E9432C8A1D9.e.5510/click - {}
RESULT: {}
COMMAND: POST /session/7d4fbfd037fb9998338d13e3e1bba5cd/execute/async - {"script":"<script> [1562 bytes]","args":[{"selector":{"controlType":"sap.m.StandardListItem","viewName":"reusables.view.manageresources.NewResourceUnit","viewId":"application-manageresources-display-component---newResourceUnit","properties":{"title":"Gram"},"searchOpenDialogs":true,"interaction":{"idSuffix":"content"}},"wdio_ui5_key":"reusablesview.manageresources.NewResourceUnitsap.m.StandardListItem{\"title\":\"Gram\"}"}]}
COMMAND: GET /session/7d4fbfd037fb9998338d13e3e1bba5cd/screenshot - {}
RESULT: {"script":"<script> [1562 bytes]","args":[{"selector":{"controlType":"sap.m.StandardListItem","viewName":"reusables.view.manageresources.NewResourceUnit","viewId":"application-manageresources-display-component---newResourceUnit","properties":{"title":"Gram"},"searchOpenDialogs":true,"interaction":{"idSuffix":"content"}},"wdio_ui5_key":"reusablesview.manageresources.NewResourceUnitsap.m.StandardListItem{\"title\":\"Gram\"}"}]}
RESULT: undefined
COMMAND: POST /session/7d4fbfd037fb9998338d13e3e1bba5cd/element - {"using":"xpath","value":"//*[@id=\"__item251\"]"}
RESULT: {}
RESULT: {"using":"xpath","value":"//*[@id=\"__item251\"]"}
COMMAND: POST /session/7d4fbfd037fb9998338d13e3e1bba5cd/element/f.8197E7E82739F49E8E00421C1FF1176E.d.2D71D675CACC9512FBFD2E9432C8A1D9.e.5512/click - {}
RESULT: {}
COMMAND: GET /session/7d4fbfd037fb9998338d13e3e1bba5cd/screenshot - {}
RESULT: {}
COMMAND: POST /session/7d4fbfd037fb9998338d13e3e1bba5cd/execute/async - {"script":"<script> [1562 bytes]","args":[{"selector":{"id":"application-manageresources-display-component---newResourceUnit--newRRUPage-OPHeaderContent-collapseBtn-img"},"wdio_ui5_key":"applicationmanageresources-display-component---newResourceUnit--newRRUPage-OPHeaderContent-collapseBtn-img"}]}
RESULT: {"script":"<script> [1562 bytes]","args":[{"selector":{"id":"application-manageresources-display-component---newResourceUnit--newRRUPage-OPHeaderContent-collapseBtn-img"},"wdio_ui5_key":"applicationmanageresources-display-component---newResourceUnit--newRRUPage-OPHeaderContent-collapseBtn-img"}]}
RESULT: undefined
COMMAND: POST /session/7d4fbfd037fb9998338d13e3e1bba5cd/element - {"using":"xpath","value":"//*[@id=\"application-manageresources-display-component---newResourceUnit--newRRUPage-OPHeaderContent-collapseBtn-img\"]"}
RESULT: {"using":"xpath","value":"//*[@id=\"application-manageresources-display-component---newResourceUnit--newRRUPage-OPHeaderContent-collapseBtn-img\"]"}
COMMAND: POST /session/7d4fbfd037fb9998338d13e3e1bba5cd/element/f.8197E7E82739F49E8E00421C1FF1176E.d.2D71D675CACC9512FBFD2E9432C8A1D9.e.5458/click - {}
RESULT: {}
COMMAND: GET /session/7d4fbfd037fb9998338d13e3e1bba5cd/screenshot - {}
RESULT: {}
COMMAND: POST /session/7d4fbfd037fb9998338d13e3e1bba5cd/element - {"using":"xpath","value":"(//span[contains(@id ,\"application-manageresources-display-component---newResourceUnit--DIMENSION_UNIT-arrow\")])[1]"}
RESULT: {"using":"xpath","value":"(//span[contains(@id ,\"application-manageresources-display-component---newResourceUnit--DIMENSION_UNIT-arrow\")])[1]"}
COMMAND: POST /session/7d4fbfd037fb9998338d13e3e1bba5cd/element/f.8197E7E82739F49E8E00421C1FF1176E.d.2D71D675CACC9512FBFD2E9432C8A1D9.e.5516/click - {}
RESULT: {}
COMMAND: GET /session/7d4fbfd037fb9998338d13e3e1bba5cd/screenshot - {}
RESULT: {}
COMMAND: POST /session/7d4fbfd037fb9998338d13e3e1bba5cd/execute/async - {"script":"<script> [1562 bytes]","args":[{"selector":{"controlType":"sap.m.StandardListItem","viewName":"reusables.view.manageresources.NewResourceUnit","viewId":"application-manageresources-display-component---newResourceUnit","properties":{"title":"Centimeter"},"searchOpenDialogs":true,"interaction":{"idSuffix":"titleText"}},"wdio_ui5_key":"reusablesview.manageresources.NewResourceUnitsap.m.StandardListItem{\"title\":\"Centimeter\"}"}]}
RESULT: {"script":"<script> [1562 bytes]","args":[{"selector":{"controlType":"sap.m.StandardListItem","viewName":"reusables.view.manageresources.NewResourceUnit","viewId":"application-manageresources-display-component---newResourceUnit","properties":{"title":"Centimeter"},"searchOpenDialogs":true,"interaction":{"idSuffix":"titleText"}},"wdio_ui5_key":"reusablesview.manageresources.NewResourceUnitsap.m.StandardListItem{\"title\":\"Centimeter\"}"}]}
RESULT: undefined
COMMAND: POST /session/7d4fbfd037fb9998338d13e3e1bba5cd/element - {"using":"xpath","value":"//*[@id=\"__item254\"]"}
RESULT: {"using":"xpath","value":"//*[@id=\"__item254\"]"}
COMMAND: POST /session/7d4fbfd037fb9998338d13e3e1bba5cd/element/f.8197E7E82739F49E8E00421C1FF1176E.d.2D71D675CACC9512FBFD2E9432C8A1D9.e.5520/click - {}
RESULT: {}
COMMAND: GET /session/7d4fbfd037fb9998338d13e3e1bba5cd/screenshot - {}
RESULT: {}
COMMAND: POST /session/7d4fbfd037fb9998338d13e3e1bba5cd/execute/async - {"script":"<script> [1562 bytes]","args":[{"selector":{"id":"application-manageresources-display-component---newResourceUnit--newRRUPage-anchBar-application-manageresources-display-component---newResourceUnit--reference-anchor","interaction":{"idSuffix":"BDI-content"}},"wdio_ui5_key":"applicationmanageresources-display-component---newResourceUnit--newRRUPage-anchBar-application-manageresources-display-component---newResourceUnit--reference-anchor"}]}
RESULT: {"script":"<script> [1562 bytes]","args":[{"selector":{"id":"application-manageresources-display-component---newResourceUnit--newRRUPage-anchBar-application-manageresources-display-component---newResourceUnit--reference-anchor","interaction":{"idSuffix":"BDI-content"}},"wdio_ui5_key":"applicationmanageresources-display-component---newResourceUnit--newRRUPage-anchBar-application-manageresources-display-component---newResourceUnit--reference-anchor"}]}
RESULT: undefined
COMMAND: POST /session/7d4fbfd037fb9998338d13e3e1bba5cd/element - {"using":"xpath","value":"//*[@id=\"application-manageresources-display-component---newResourceUnit--newRRUPage-anchBar-application-manageresources-display-component---newResourceUnit--reference-anchor\"]"}
RESULT: {"using":"xpath","value":"//*[@id=\"application-manageresources-display-component---newResourceUnit--newRRUPage-anchBar-application-manageresources-display-component---newResourceUnit--reference-anchor\"]"}
COMMAND: POST /session/7d4fbfd037fb9998338d13e3e1bba5cd/element/f.8197E7E82739F49E8E00421C1FF1176E.d.2D71D675CACC9512FBFD2E9432C8A1D9.e.5522/click - {}
RESULT: {}
COMMAND: POST /session/7d4fbfd037fb9998338d13e3e1bba5cd/execute/async - {"script":"<script> [1562 bytes]","args":[{"selector":{"id":"application-manageresources-display-component---newResourceUnit--PLANNING_GROUP-arrow"},"wdio_ui5_key":"applicationmanageresources-display-component---newResourceUnit--PLANNING_GROUP-arrow"}]}
COMMAND: GET /session/7d4fbfd037fb9998338d13e3e1bba5cd/screenshot - {}
RESULT: {"script":"<script> [1562 bytes]","args":[{"selector":{"id":"application-manageresources-display-component---newResourceUnit--PLANNING_GROUP-arrow"},"wdio_ui5_key":"applicationmanageresources-display-component---newResourceUnit--PLANNING_GROUP-arrow"}]}
RESULT: undefined
COMMAND: POST /session/7d4fbfd037fb9998338d13e3e1bba5cd/element - {"using":"xpath","value":"//*[@id=\"application-manageresources-display-component---newResourceUnit--PLANNING_GROUP-arrow\"]"}
RESULT: {}
RESULT: {"using":"xpath","value":"//*[@id=\"application-manageresources-display-component---newResourceUnit--PLANNING_GROUP-arrow\"]"}
COMMAND: POST /session/7d4fbfd037fb9998338d13e3e1bba5cd/element/f.8197E7E82739F49E8E00421C1FF1176E.d.2D71D675CACC9512FBFD2E9432C8A1D9.e.5526/click - {}
RESULT: {}
COMMAND: POST /session/7d4fbfd037fb9998338d13e3e1bba5cd/execute/async - {"script":"<script> [1562 bytes]","args":[{"selector":{"controlType":"sap.m.StandardListItem","viewName":"reusables.view.manageresources.NewResourceUnit","viewId":"application-manageresources-display-component---newResourceUnit","properties":{"title":"Heavy Equi"},"searchOpenDialogs":true,"interaction":{"idSuffix":"content"}},"wdio_ui5_key":"reusablesview.manageresources.NewResourceUnitsap.m.StandardListItem{\"title\":\"Heavy Equi\"}"}]}
COMMAND: GET /session/7d4fbfd037fb9998338d13e3e1bba5cd/screenshot - {}
RESULT: {"script":"<script> [1562 bytes]","args":[{"selector":{"controlType":"sap.m.StandardListItem","viewName":"reusables.view.manageresources.NewResourceUnit","viewId":"application-manageresources-display-component---newResourceUnit","properties":{"title":"Heavy Equi"},"searchOpenDialogs":true,"interaction":{"idSuffix":"content"}},"wdio_ui5_key":"reusablesview.manageresources.NewResourceUnitsap.m.StandardListItem{\"title\":\"Heavy Equi\"}"}]}
RESULT: undefined
COMMAND: POST /session/7d4fbfd037fb9998338d13e3e1bba5cd/element - {"using":"xpath","value":"//*[@id=\"__item262\"]"}
RESULT: {}
RESULT: {"using":"xpath","value":"//*[@id=\"__item262\"]"}
COMMAND: POST /session/7d4fbfd037fb9998338d13e3e1bba5cd/element/f.8197E7E82739F49E8E00421C1FF1176E.d.2D71D675CACC9512FBFD2E9432C8A1D9.e.5528/click - {}
RESULT: {}
COMMAND: GET /session/7d4fbfd037fb9998338d13e3e1bba5cd/screenshot - {}
RESULT: {}
COMMAND: POST /session/7d4fbfd037fb9998338d13e3e1bba5cd/execute/async - {"script":"<script> [1562 bytes]","args":[{"selector":{"id":"application-manageresources-display-component---newResourceUnit--PLANNING_INDICATOR-arrow"},"wdio_ui5_key":"applicationmanageresources-display-component---newResourceUnit--PLANNING_INDICATOR-arrow"}]}
RESULT: {"script":"<script> [1562 bytes]","args":[{"selector":{"id":"application-manageresources-display-component---newResourceUnit--PLANNING_INDICATOR-arrow"},"wdio_ui5_key":"applicationmanageresources-display-component---newResourceUnit--PLANNING_INDICATOR-arrow"}]}
RESULT: undefined
COMMAND: POST /session/7d4fbfd037fb9998338d13e3e1bba5cd/element - {"using":"xpath","value":"//*[@id=\"application-manageresources-display-component---newResourceUnit--PLANNING_INDICATOR-arrow\"]"}
RESULT: {"using":"xpath","value":"//*[@id=\"application-manageresources-display-component---newResourceUnit--PLANNING_INDICATOR-arrow\"]"}
COMMAND: POST /session/7d4fbfd037fb9998338d13e3e1bba5cd/element/f.8197E7E82739F49E8E00421C1FF1176E.d.2D71D675CACC9512FBFD2E9432C8A1D9.e.5529/click - {}
RESULT: {}
COMMAND: POST /session/7d4fbfd037fb9998338d13e3e1bba5cd/execute/async - {"script":"<script> [1562 bytes]","args":[{"selector":{"controlType":"sap.m.StandardListItem","viewName":"reusables.view.manageresources.NewResourceUnit","viewId":"application-manageresources-display-component---newResourceUnit","properties":{"title":"10 - infinite"},"searchOpenDialogs":true,"interaction":{"idSuffix":"content"}},"wdio_ui5_key":"reusablesview.manageresources.NewResourceUnitsap.m.StandardListItem{\"title\":\"10 - infinite\"}"}]}
COMMAND: GET /session/7d4fbfd037fb9998338d13e3e1bba5cd/screenshot - {}
RESULT: {"script":"<script> [1562 bytes]","args":[{"selector":{"controlType":"sap.m.StandardListItem","viewName":"reusables.view.manageresources.NewResourceUnit","viewId":"application-manageresources-display-component---newResourceUnit","properties":{"title":"10 - infinite"},"searchOpenDialogs":true,"interaction":{"idSuffix":"content"}},"wdio_ui5_key":"reusablesview.manageresources.NewResourceUnitsap.m.StandardListItem{\"title\":\"10 - infinite\"}"}]}
RESULT: undefined
COMMAND: POST /session/7d4fbfd037fb9998338d13e3e1bba5cd/element - {"using":"xpath","value":"//*[@id=\"__item272\"]"}
RESULT: {}
RESULT: {"using":"xpath","value":"//*[@id=\"__item272\"]"}
COMMAND: POST /session/7d4fbfd037fb9998338d13e3e1bba5cd/element/f.8197E7E82739F49E8E00421C1FF1176E.d.2D71D675CACC9512FBFD2E9432C8A1D9.e.5531/click - {}
RESULT: {}
COMMAND: GET /session/7d4fbfd037fb9998338d13e3e1bba5cd/screenshot - {}
RESULT: {}
COMMAND: POST /session/7d4fbfd037fb9998338d13e3e1bba5cd/element - {"using":"xpath","value":"//bdi[contains(text(), \"Time Segment\")]"}
RESULT: {"using":"xpath","value":"//bdi[contains(text(), \"Time Segment\")]"}
COMMAND: GET /session/7d4fbfd037fb9998338d13e3e1bba5cd/element/f.8197E7E82739F49E8E00421C1FF1176E.d.2D71D675CACC9512FBFD2E9432C8A1D9.e.5532/rect - {}
RESULT: {}
COMMAND: GET /session/7d4fbfd037fb9998338d13e3e1bba5cd/window/rect - {}
RESULT: {}
COMMAND: POST /session/7d4fbfd037fb9998338d13e3e1bba5cd/execute/sync - {"script":"<script> [92 bytes]","args":[]}
RESULT: {"script":"<script> [92 bytes]","args":[]}
COMMAND: POST /session/7d4fbfd037fb9998338d13e3e1bba5cd/actions - {"actions":[{"id":"action17","type":"wheel","parameters":{},"actions":[{"type":"scroll","x":-1820,"y":-21,"deltaX":0,"deltaY":0,"duration":0,"origin":{"element-6066-11e4-a52e-4f735466cecf":"f.8197E7E82739F49E8E00421C1FF1176E.d.2D71D675CACC9512FBFD2E9432C8A1D9.e.5532"}}]}]}
COMMAND: GET /session/7d4fbfd037fb9998338d13e3e1bba5cd/screenshot - {}
RESULT: {}
COMMAND: POST /session/7d4fbfd037fb9998338d13e3e1bba5cd/execute/sync - {"script":"<script> [79 bytes]","args":[{"element-6066-11e4-a52e-4f735466cecf":"f.8197E7E82739F49E8E00421C1FF1176E.d.2D71D675CACC9512FBFD2E9432C8A1D9.e.5532","ELEMENT":"f.8197E7E82739F49E8E00421C1FF1176E.d.2D71D675CACC9512FBFD2E9432C8A1D9.e.5532"},{"block":"start","inline":"nearest"}]}
RESULT: {"script":"<script> [79 bytes]","args":[{"element-6066-11e4-a52e-4f735466cecf":"f.8197E7E82739F49E8E00421C1FF1176E.d.2D71D675CACC9512FBFD2E9432C8A1D9.e.5532","ELEMENT":"f.8197E7E82739F49E8E00421C1FF1176E.d.2D71D675CACC9512FBFD2E9432C8A1D9.e.5532"},{"block":"start","inline":"nearest"}]}
COMMAND: GET /session/7d4fbfd037fb9998338d13e3e1bba5cd/screenshot - {}
RESULT: {}
COMMAND: POST /session/7d4fbfd037fb9998338d13e3e1bba5cd/element - {"using":"xpath","value":"//span[@id=\"application-manageresources-display-component---newResourceUnit--btnAddTimeSegment-img\"]"}
RESULT: {"using":"xpath","value":"//span[@id=\"application-manageresources-display-component---newResourceUnit--btnAddTimeSegment-img\"]"}
COMMAND: POST /session/7d4fbfd037fb9998338d13e3e1bba5cd/execute/sync - {"script":"<script> [8489 bytes]","args":[{"element-6066-11e4-a52e-4f735466cecf":"f.8197E7E82739F49E8E00421C1FF1176E.d.2D71D675CACC9512FBFD2E9432C8A1D9.e.5535","ELEMENT":"f.8197E7E82739F49E8E00421C1FF1176E.d.2D71D675CACC9512FBFD2E9432C8A1D9.e.5535"}]}
RESULT: {"script":"<script> [8489 bytes]","args":[{"element-6066-11e4-a52e-4f735466cecf":"f.8197E7E82739F49E8E00421C1FF1176E.d.2D71D675CACC9512FBFD2E9432C8A1D9.e.5535","ELEMENT":"f.8197E7E82739F49E8E00421C1FF1176E.d.2D71D675CACC9512FBFD2E9432C8A1D9.e.5535"}]}
COMMAND: POST /session/7d4fbfd037fb9998338d13e3e1bba5cd/element/f.8197E7E82739F49E8E00421C1FF1176E.d.2D71D675CACC9512FBFD2E9432C8A1D9.e.5535/click - {}
COMMAND: GET /session/7d4fbfd037fb9998338d13e3e1bba5cd/screenshot - {}
RESULT: {}
COMMAND: GET /session/7d4fbfd037fb9998338d13e3e1bba5cd/screenshot - {}
COMMAND: POST /session/7d4fbfd037fb9998338d13e3e1bba5cd/element - {"using":"xpath","value":"//input[@id=\"application-manageresources-display-component---newResourceUnit--idRuTSAdmin-application-manageresources-display-component---newResourceUnit--RUTimeSegment-0-inner\"]"}
RESULT: {}
RESULT: {}
RESULT: {"using":"xpath","value":"//input[@id=\"application-manageresources-display-component---newResourceUnit--idRuTSAdmin-application-manageresources-display-component---newResourceUnit--RUTimeSegment-0-inner\"]"}
COMMAND: POST /session/7d4fbfd037fb9998338d13e3e1bba5cd/element/f.8197E7E82739F49E8E00421C1FF1176E.d.2D71D675CACC9512FBFD2E9432C8A1D9.e.5538/clear - {}
RESULT: {}
COMMAND: POST /session/7d4fbfd037fb9998338d13e3e1bba5cd/element/f.8197E7E82739F49E8E00421C1FF1176E.d.2D71D675CACC9512FBFD2E9432C8A1D9.e.5538/value - {"text":"284"}
COMMAND: GET /session/7d4fbfd037fb9998338d13e3e1bba5cd/screenshot - {}
RESULT: {"text":"284"}
COMMAND: GET /session/7d4fbfd037fb9998338d13e3e1bba5cd/screenshot - {}
RESULT: {}
RESULT: {}
COMMAND: POST /session/7d4fbfd037fb9998338d13e3e1bba5cd/actions - {"actions":[{"id":"action18","type":"key","parameters":{},"actions":[{"type":"keyDown","value":"î€‡"},{"type":"pause","duration":10},{"type":"keyUp","value":"î€‡"}]}]}
RESULT: {"actions":[{"id":"action18","type":"key","parameters":{},"actions":[{"type":"keyDown","value":"î€‡"},{"type":"pause","duration":10},{"type":"keyUp","value":"î€‡"}]}]}
COMMAND: GET /session/7d4fbfd037fb9998338d13e3e1bba5cd/screenshot - {}
RESULT: {}
COMMAND: POST /session/7d4fbfd037fb9998338d13e3e1bba5cd/execute/async - {"script":"<script> [1562 bytes]","args":[{"selector":{"controlType":"sap.m.Button","viewName":"reusables.view.manageresources.NewResourceUnit","viewId":"application-manageresources-display-component---newResourceUnit","i18NText":{"propertyName":"tooltip","key":"save"},"interaction":{"idSuffix":"BDI-content"}},"wdio_ui5_key":"reusablesview.manageresources.NewResourceUnitsap.m.Button{\"propertyName\":\"tooltip\",\"key\":\"save\"}"}]}
RESULT: {"script":"<script> [1562 bytes]","args":[{"selector":{"controlType":"sap.m.Button","viewName":"reusables.view.manageresources.NewResourceUnit","viewId":"application-manageresources-display-component---newResourceUnit","i18NText":{"propertyName":"tooltip","key":"save"},"interaction":{"idSuffix":"BDI-content"}},"wdio_ui5_key":"reusablesview.manageresources.NewResourceUnitsap.m.Button{\"propertyName\":\"tooltip\",\"key\":\"save\"}"}]}
RESULT: undefined
COMMAND: POST /session/7d4fbfd037fb9998338d13e3e1bba5cd/element - {"using":"xpath","value":"//*[@id=\"application-manageresources-display-component---newResourceUnit--createRuButton\"]"}
RESULT: {"using":"xpath","value":"//*[@id=\"application-manageresources-display-component---newResourceUnit--createRuButton\"]"}
COMMAND: POST /session/7d4fbfd037fb9998338d13e3e1bba5cd/element/f.8197E7E82739F49E8E00421C1FF1176E.d.2D71D675CACC9512FBFD2E9432C8A1D9.e.5464/click - {}
RESULT: {}
COMMAND: GET /session/7d4fbfd037fb9998338d13e3e1bba5cd/screenshot - {}
RESULT: {}
COMMAND: POST /session/7d4fbfd037fb9998338d13e3e1bba5cd/execute/async - {"script":"<script> [1562 bytes]","args":[{"selector":{"controlType":"sap.m.Title","properties":{"text":"Success"},"searchOpenDialogs":true},"wdio_ui5_key":"sapm.Title{\"text\":\"Success\"}"}]}
RESULT: {"script":"<script> [1562 bytes]","args":[{"selector":{"controlType":"sap.m.Title","properties":{"text":"Success"},"searchOpenDialogs":true},"wdio_ui5_key":"sapm.Title{\"text\":\"Success\"}"}]}
RESULT: undefined
COMMAND: POST /session/7d4fbfd037fb9998338d13e3e1bba5cd/execute/async - {"script":"<script> [6424 bytes]","args":[{"element-6066-11e4-a52e-4f735466cecf":"f.8197E7E82739F49E8E00421C1FF1176E.d.2D71D675CACC9512FBFD2E9432C8A1D9.e.5553"},"getText",[]]}
RESULT: {"script":"<script> [6424 bytes]","args":[{"element-6066-11e4-a52e-4f735466cecf":"f.8197E7E82739F49E8E00421C1FF1176E.d.2D71D675CACC9512FBFD2E9432C8A1D9.e.5553"},"getText",[]]}
COMMAND: POST /session/7d4fbfd037fb9998338d13e3e1bba5cd/element - {"using":"xpath","value":"//*[contains(@id, '__text') and (contains(text(), 'successfully created') or contains(., 'successfully created'))]"}
RESULT: {"using":"xpath","value":"//*[contains(@id, '__text') and (contains(text(), 'successfully created') or contains(., 'successfully created'))]"}
COMMAND: GET /session/7d4fbfd037fb9998338d13e3e1bba5cd/element/f.8197E7E82739F49E8E00421C1FF1176E.d.2D71D675CACC9512FBFD2E9432C8A1D9.e.5552/text - {}
RESULT: {}
COMMAND: POST /session/7d4fbfd037fb9998338d13e3e1bba5cd/execute/async - {"script":"<script> [1562 bytes]","args":[{"selector":{"controlType":"sap.m.Button","properties":{"text":"Close"},"searchOpenDialogs":true,"interaction":{"idSuffix":"BDI-content"}},"wdio_ui5_key":"sapm.Button{\"text\":\"Close\"}"}]}
RESULT: {"script":"<script> [1562 bytes]","args":[{"selector":{"controlType":"sap.m.Button","properties":{"text":"Close"},"searchOpenDialogs":true,"interaction":{"idSuffix":"BDI-content"}},"wdio_ui5_key":"sapm.Button{\"text\":\"Close\"}"}]}
RESULT: undefined
COMMAND: POST /session/7d4fbfd037fb9998338d13e3e1bba5cd/element - {"using":"xpath","value":"//*[@id=\"__mbox-btn-0\"]"}
RESULT: {"using":"xpath","value":"//*[@id=\"__mbox-btn-0\"]"}
COMMAND: POST /session/7d4fbfd037fb9998338d13e3e1bba5cd/element/f.8197E7E82739F49E8E00421C1FF1176E.d.2D71D675CACC9512FBFD2E9432C8A1D9.e.5549/click - {}
RESULT: {}
COMMAND: GET /session/7d4fbfd037fb9998338d13e3e1bba5cd/screenshot - {}
RESULT: {}
COMMAND: POST /session/7d4fbfd037fb9998338d13e3e1bba5cd/execute/async - {"script":"<script> [1562 bytes]","args":[{"selector":{"controlType":"sap.ui.core.Icon","viewName":"etm.portal.ui.manageresources.view.Detail","viewId":"application-manageresources-display-component---detailRU","properties":{"src":{"regex":{"source":"overflow"}}}},"wdio_ui5_key":"etmportal.ui.manageresources.view.Detailsap.ui.core.Icon{\"src\":{\"regex\":{\"source\":\"overflow\"}}}"}]}
RESULT: {"script":"<script> [1562 bytes]","args":[{"selector":{"controlType":"sap.ui.core.Icon","viewName":"etm.portal.ui.manageresources.view.Detail","viewId":"application-manageresources-display-component---detailRU","properties":{"src":{"regex":{"source":"overflow"}}}},"wdio_ui5_key":"etmportal.ui.manageresources.view.Detailsap.ui.core.Icon{\"src\":{\"regex\":{\"source\":\"overflow\"}}}"}]}
RESULT: undefined
COMMAND: POST /session/7d4fbfd037fb9998338d13e3e1bba5cd/element - {"using":"xpath","value":"//*[@id=\"__title15-_actionsToolbar-overflowButton-img\"]"}
RESULT: {"using":"xpath","value":"//*[@id=\"__title15-_actionsToolbar-overflowButton-img\"]"}
COMMAND: POST /session/7d4fbfd037fb9998338d13e3e1bba5cd/element/f.8197E7E82739F49E8E00421C1FF1176E.d.2D71D675CACC9512FBFD2E9432C8A1D9.e.5586/click - {}
RESULT: {}
COMMAND: POST /session/7d4fbfd037fb9998338d13e3e1bba5cd/execute/async - {"script":"<script> [1562 bytes]","args":[{"selector":{"controlType":"sap.m.Button","viewName":"etm.portal.ui.manageresources.view.Detail","viewId":"application-manageresources-display-component---detailRU","i18NText":{"propertyName":"tooltip","key":"closeColumn"},"searchOpenDialogs":true,"interaction":{"idSuffix":"inner"}},"wdio_ui5_key":"etmportal.ui.manageresources.view.Detailsap.m.Button{\"propertyName\":\"tooltip\",\"key\":\"closeColumn\"}"}]}
COMMAND: GET /session/7d4fbfd037fb9998338d13e3e1bba5cd/screenshot - {}
RESULT: {"script":"<script> [1562 bytes]","args":[{"selector":{"controlType":"sap.m.Button","viewName":"etm.portal.ui.manageresources.view.Detail","viewId":"application-manageresources-display-component---detailRU","i18NText":{"propertyName":"tooltip","key":"closeColumn"},"searchOpenDialogs":true,"interaction":{"idSuffix":"inner"}},"wdio_ui5_key":"etmportal.ui.manageresources.view.Detailsap.m.Button{\"propertyName\":\"tooltip\",\"key\":\"closeColumn\"}"}]}
RESULT: undefined
COMMAND: POST /session/7d4fbfd037fb9998338d13e3e1bba5cd/element - {"using":"xpath","value":"//*[@id=\"__button43\"]"}
RESULT: {}
RESULT: {"using":"xpath","value":"//*[@id=\"__button43\"]"}
COMMAND: POST /session/7d4fbfd037fb9998338d13e3e1bba5cd/element/f.8197E7E82739F49E8E00421C1FF1176E.d.2D71D675CACC9512FBFD2E9432C8A1D9.e.5588/click - {}
RESULT: {}
COMMAND: GET /session/7d4fbfd037fb9998338d13e3e1bba5cd/screenshot - {}
RESULT: {}
COMMAND: POST /session/7d4fbfd037fb9998338d13e3e1bba5cd/refresh - {}
RESULT: {}
COMMAND: GET /session/7d4fbfd037fb9998338d13e3e1bba5cd/screenshot - {}
RESULT: {}
COMMAND: POST /session/7d4fbfd037fb9998338d13e3e1bba5cd/refresh - {}
RESULT: {}
COMMAND: GET /session/7d4fbfd037fb9998338d13e3e1bba5cd/screenshot - {}
RESULT: {}
COMMAND: POST /session/7d4fbfd037fb9998338d13e3e1bba5cd/window/fullscreen - {}
RESULT: {}
COMMAND: POST /session/7d4fbfd037fb9998338d13e3e1bba5cd/execute/async - {"script":"<script> [189 bytes]","args":[]}
RESULT: {"script":"<script> [189 bytes]","args":[]}
COMMAND: POST /session/7d4fbfd037fb9998338d13e3e1bba5cd/execute/async - {"script":"<script> [123 bytes]","args":[]}
RESULT: {"script":"<script> [123 bytes]","args":[]}
COMMAND: POST /session/7d4fbfd037fb9998338d13e3e1bba5cd/timeouts - {"script":"<number>"}
RESULT: {"script":"<number>"}
COMMAND: GET /session/7d4fbfd037fb9998338d13e3e1bba5cd/timeouts - {}
RESULT: {}
RESULT: undefined
COMMAND: POST /session/7d4fbfd037fb9998338d13e3e1bba5cd/execute/async - {"script":"<script> [2676 bytes]","args":[]}
RESULT: {"script":"<script> [2676 bytes]","args":[]}
COMMAND: POST /session/7d4fbfd037fb9998338d13e3e1bba5cd/execute/async - {"script":"<script> [2342 bytes]","args":[{"protocol":"http","hostname":"0.0.0.0","path":"/","capabilities":{"browserName":"chrome","goog:chromeOptions":{"binary":"C:\\Program Files\\Google\\Chrome\\Application\\chrome.exe","args":["--start-maximized"]}},"logLevel":"warn","connectionRetryTimeout":120000,"connectionRetryCount":3,"logLevels":{},"enableDirectConnect":true,"strictSSL":true,"_":"65 more keys: [\"cacheDir\",\"port\",\"requestedCapabilities\",\"automationProtocol\",\"baseUrl\",\"waitforInterval\",\"waitforTimeout\",\"onReload\",\"beforeCommand\",\"afterCommand\",\"rootDir\",\"specs\",\"suites\",\"exclude\",\"groupLogsByTestSpec\",\"excludeDriverLogs\",\"bail\",\"framework\",\"reporters\",\"services\",\"maxInstances\",\"maxInstancesPerCapability\",\"injectGlobals\",\"filesToWatch\",\"execArgv\",\"runnerEnv\",\"runner\",\"shard\",\"specFileRetries\",\"specFileRetriesDelay\",\"specFileRetriesDeferred\",\"reporterSyncInterval\",\"reporterSyncTimeout\",\"cucumberFeaturesWithLineNumbers\",\"autoCompileOpts\",\"mochaOpts\",\"jasmineOpts\",\"cucumberOpts\",\"onPrepare\",\"onWorkerStart\",\"onWorkerEnd\",\"before\",\"beforeSession\",\"beforeSuite\",\"beforeHook\",\"beforeTest\",\"afterTest\",\"afterHook\",\"afterSuite\",\"afterSession\",\"after\",\"onComplete\",\"beforeAssertion\",\"afterAssertion\",\"beforeFeature\",\"beforeScenario\",\"beforeStep\",\"afterStep\",\"afterScenario\",\"afterFeature\",\"_\",\"suite\",\"$0\",\"ignoredWorkerServices\",\"wdi5\"]"}]}
RESULT: {"script":"<script> [2342 bytes]","args":[{"protocol":"http","hostname":"0.0.0.0","path":"/","capabilities":{"browserName":"chrome","goog:chromeOptions":{"binary":"C:\\Program Files\\Google\\Chrome\\Application\\chrome.exe","args":["--start-maximized"]}},"logLevel":"warn","connectionRetryTimeout":120000,"connectionRetryCount":3,"logLevels":{},"enableDirectConnect":true,"strictSSL":true,"_":"65 more keys: [\"cacheDir\",\"port\",\"requestedCapabilities\",\"automationProtocol\",\"baseUrl\",\"waitforInterval\",\"waitforTimeout\",\"onReload\",\"beforeCommand\",\"afterCommand\",\"rootDir\",\"specs\",\"suites\",\"exclude\",\"groupLogsByTestSpec\",\"excludeDriverLogs\",\"bail\",\"framework\",\"reporters\",\"services\",\"maxInstances\",\"maxInstancesPerCapability\",\"injectGlobals\",\"filesToWatch\",\"execArgv\",\"runnerEnv\",\"runner\",\"shard\",\"specFileRetries\",\"specFileRetriesDelay\",\"specFileRetriesDeferred\",\"reporterSyncInterval\",\"reporterSyncTimeout\",\"cucumberFeaturesWithLineNumbers\",\"autoCompileOpts\",\"mochaOpts\",\"jasmineOpts\",\"cucumberOpts\",\"onPrepare\",\"onWorkerStart\",\"onWorkerEnd\",\"before\",\"beforeSession\",\"beforeSuite\",\"beforeHook\",\"beforeTest\",\"afterTest\",\"afterHook\",\"afterSuite\",\"afterSession\",\"after\",\"onComplete\",\"beforeAssertion\",\"afterAssertion\",\"beforeFeature\",\"beforeScenario\",\"beforeStep\",\"afterStep\",\"afterScenario\",\"afterFeature\",\"_\",\"suite\",\"$0\",\"ignoredWorkerServices\",\"wdi5\"]"}]}
COMMAND: POST /session/7d4fbfd037fb9998338d13e3e1bba5cd/execute/async - {"script":"<script> [21126 bytes]","args":[35000]}
RESULT: {"script":"<script> [21126 bytes]","args":[35000]}
]]></system-out>
    </testcase>
    <testcase classname="chrome.135_0_7049_96.windows.Create_2_RU_material_US118246" name="Create WHM material" time="190.309">
      <system-out><![CDATA[
COMMAND: POST /session/7d4fbfd037fb9998338d13e3e1bba5cd/element - {"using":"xpath","value":"//button[@data-kt=\"addNewRUOverflowToolbarButton\"]"}
RESULT: {"using":"xpath","value":"//button[@data-kt=\"addNewRUOverflowToolbarButton\"]"}
COMMAND: POST /session/7d4fbfd037fb9998338d13e3e1bba5cd/execute/sync - {"script":"<script> [8489 bytes]","args":[{"element-6066-11e4-a52e-4f735466cecf":"f.8197E7E82739F49E8E00421C1FF1176E.d.5FFD4B2FD3E427F149EAF3BEB7A9F95F.e.5868","ELEMENT":"f.8197E7E82739F49E8E00421C1FF1176E.d.5FFD4B2FD3E427F149EAF3BEB7A9F95F.e.5868"}]}
RESULT: {"script":"<script> [8489 bytes]","args":[{"element-6066-11e4-a52e-4f735466cecf":"f.8197E7E82739F49E8E00421C1FF1176E.d.5FFD4B2FD3E427F149EAF3BEB7A9F95F.e.5868","ELEMENT":"f.8197E7E82739F49E8E00421C1FF1176E.d.5FFD4B2FD3E427F149EAF3BEB7A9F95F.e.5868"}]}
COMMAND: POST /session/7d4fbfd037fb9998338d13e3e1bba5cd/element/f.8197E7E82739F49E8E00421C1FF1176E.d.5FFD4B2FD3E427F149EAF3BEB7A9F95F.e.5868/click - {}
COMMAND: GET /session/7d4fbfd037fb9998338d13e3e1bba5cd/screenshot - {}
RESULT: {}
COMMAND: GET /session/7d4fbfd037fb9998338d13e3e1bba5cd/screenshot - {}
RESULT: {}
RESULT: {}
COMMAND: POST /session/7d4fbfd037fb9998338d13e3e1bba5cd/execute/async - {"script":"<script> [1562 bytes]","args":[{"selector":{"controlType":"sap.m.ComboBox","viewName":"reusables.view.manageresources.NewResourceUnit","viewId":"application-manageresources-display-component---newResourceUnit","bindingPath":{"path":"","propertyPath":"/RuTypes","modelName":"catalogModel"},"searchOpenDialogs":true},"wdio_ui5_key":"reusablesview.manageresources.NewResourceUnitsap.m.ComboBox{\"path\":\"\",\"propertyPath\":\"/RuTypes\",\"modelName\":\"catalogModel\"}"}]}
RESULT: {"script":"<script> [1562 bytes]","args":[{"selector":{"controlType":"sap.m.ComboBox","viewName":"reusables.view.manageresources.NewResourceUnit","viewId":"application-manageresources-display-component---newResourceUnit","bindingPath":{"path":"","propertyPath":"/RuTypes","modelName":"catalogModel"},"searchOpenDialogs":true},"wdio_ui5_key":"reusablesview.manageresources.NewResourceUnitsap.m.ComboBox{\"path\":\"\",\"propertyPath\":\"/RuTypes\",\"modelName\":\"catalogModel\"}"}]}
RESULT: undefined
COMMAND: POST /session/7d4fbfd037fb9998338d13e3e1bba5cd/execute/async - {"script":"<script> [1562 bytes]","args":[{"selector":{"controlType":"sap.m.ComboBox","viewName":"reusables.view.manageresources.NewResourceUnit","viewId":"application-manageresources-display-component---newResourceUnit","bindingPath":{"path":"","propertyPath":"/Yards","modelName":"catalogModel"},"searchOpenDialogs":true},"wdio_ui5_key":"reusablesview.manageresources.NewResourceUnitsap.m.ComboBox{\"path\":\"\",\"propertyPath\":\"/Yards\",\"modelName\":\"catalogModel\"}"}]}
RESULT: {"script":"<script> [1562 bytes]","args":[{"selector":{"controlType":"sap.m.ComboBox","viewName":"reusables.view.manageresources.NewResourceUnit","viewId":"application-manageresources-display-component---newResourceUnit","bindingPath":{"path":"","propertyPath":"/Yards","modelName":"catalogModel"},"searchOpenDialogs":true},"wdio_ui5_key":"reusablesview.manageresources.NewResourceUnitsap.m.ComboBox{\"path\":\"\",\"propertyPath\":\"/Yards\",\"modelName\":\"catalogModel\"}"}]}
RESULT: undefined
COMMAND: POST /session/7d4fbfd037fb9998338d13e3e1bba5cd/execute/async - {"script":"<script> [1562 bytes]","args":[{"selector":{"controlType":"etm.portal.ui.reusables.customControls.LiveSearchComboBox","viewName":"reusables.view.manageresources.NewResourceUnit","viewId":"application-manageresources-display-component---newResourceUnit","bindingPath":{"path":"","propertyPath":"/CatalogItems","modelName":"catalogModel"},"searchOpenDialogs":true},"wdio_ui5_key":"reusablesview.manageresources.NewResourceUnitetm.portal.ui.reusables.customControls.LiveSearchComboBox{\"path\":\"\",\"propertyPath\":\"/CatalogItems\",\"modelName\":\"catalogModel\"}"}]}
RESULT: {"script":"<script> [1562 bytes]","args":[{"selector":{"controlType":"etm.portal.ui.reusables.customControls.LiveSearchComboBox","viewName":"reusables.view.manageresources.NewResourceUnit","viewId":"application-manageresources-display-component---newResourceUnit","bindingPath":{"path":"","propertyPath":"/CatalogItems","modelName":"catalogModel"},"searchOpenDialogs":true},"wdio_ui5_key":"reusablesview.manageresources.NewResourceUnitetm.portal.ui.reusables.customControls.LiveSearchComboBox{\"path\":\"\",\"propertyPath\":\"/CatalogItems\",\"modelName\":\"catalogModel\"}"}]}
RESULT: undefined
COMMAND: POST /session/7d4fbfd037fb9998338d13e3e1bba5cd/element - {"using":"xpath","value":"//bdi[text()=\"OK\"]"}
RESULT: {"using":"xpath","value":"//bdi[text()=\"OK\"]"}
COMMAND: POST /session/7d4fbfd037fb9998338d13e3e1bba5cd/elements - {"using":"xpath","value":"//bdi[text()=\"OK\"]"}
RESULT: {"using":"xpath","value":"//bdi[text()=\"OK\"]"}
COMMAND: POST /session/7d4fbfd037fb9998338d13e3e1bba5cd/elements - {"using":"xpath","value":"//bdi[text()=\"OK\"]"}
RESULT: {"using":"xpath","value":"//bdi[text()=\"OK\"]"}
COMMAND: POST /session/7d4fbfd037fb9998338d13e3e1bba5cd/elements - {"using":"xpath","value":"//bdi[text()=\"OK\"]"}
RESULT: {"using":"xpath","value":"//bdi[text()=\"OK\"]"}
COMMAND: POST /session/7d4fbfd037fb9998338d13e3e1bba5cd/elements - {"using":"xpath","value":"//bdi[text()=\"OK\"]"}
RESULT: {"using":"xpath","value":"//bdi[text()=\"OK\"]"}
COMMAND: POST /session/7d4fbfd037fb9998338d13e3e1bba5cd/elements - {"using":"xpath","value":"//bdi[text()=\"OK\"]"}
RESULT: {"using":"xpath","value":"//bdi[text()=\"OK\"]"}
COMMAND: POST /session/7d4fbfd037fb9998338d13e3e1bba5cd/elements - {"using":"xpath","value":"//bdi[text()=\"OK\"]"}
RESULT: {"using":"xpath","value":"//bdi[text()=\"OK\"]"}
COMMAND: POST /session/7d4fbfd037fb9998338d13e3e1bba5cd/elements - {"using":"xpath","value":"//bdi[text()=\"OK\"]"}
RESULT: {"using":"xpath","value":"//bdi[text()=\"OK\"]"}
COMMAND: POST /session/7d4fbfd037fb9998338d13e3e1bba5cd/elements - {"using":"xpath","value":"//bdi[text()=\"OK\"]"}
RESULT: {"using":"xpath","value":"//bdi[text()=\"OK\"]"}
COMMAND: POST /session/7d4fbfd037fb9998338d13e3e1bba5cd/elements - {"using":"xpath","value":"//bdi[text()=\"OK\"]"}
RESULT: {"using":"xpath","value":"//bdi[text()=\"OK\"]"}
COMMAND: POST /session/7d4fbfd037fb9998338d13e3e1bba5cd/elements - {"using":"xpath","value":"//bdi[text()=\"OK\"]"}
RESULT: {"using":"xpath","value":"//bdi[text()=\"OK\"]"}
COMMAND: POST /session/7d4fbfd037fb9998338d13e3e1bba5cd/elements - {"using":"xpath","value":"//bdi[text()=\"OK\"]"}
RESULT: {"using":"xpath","value":"//bdi[text()=\"OK\"]"}
COMMAND: POST /session/7d4fbfd037fb9998338d13e3e1bba5cd/elements - {"using":"xpath","value":"//bdi[text()=\"OK\"]"}
RESULT: {"using":"xpath","value":"//bdi[text()=\"OK\"]"}
COMMAND: POST /session/7d4fbfd037fb9998338d13e3e1bba5cd/elements - {"using":"xpath","value":"//bdi[text()=\"OK\"]"}
RESULT: {"using":"xpath","value":"//bdi[text()=\"OK\"]"}
COMMAND: POST /session/7d4fbfd037fb9998338d13e3e1bba5cd/elements - {"using":"xpath","value":"//bdi[text()=\"OK\"]"}
RESULT: {"using":"xpath","value":"//bdi[text()=\"OK\"]"}
COMMAND: POST /session/7d4fbfd037fb9998338d13e3e1bba5cd/elements - {"using":"xpath","value":"//bdi[text()=\"OK\"]"}
RESULT: {"using":"xpath","value":"//bdi[text()=\"OK\"]"}
COMMAND: POST /session/7d4fbfd037fb9998338d13e3e1bba5cd/elements - {"using":"xpath","value":"//bdi[text()=\"OK\"]"}
RESULT: {"using":"xpath","value":"//bdi[text()=\"OK\"]"}
COMMAND: POST /session/7d4fbfd037fb9998338d13e3e1bba5cd/elements - {"using":"xpath","value":"//bdi[text()=\"OK\"]"}
RESULT: {"using":"xpath","value":"//bdi[text()=\"OK\"]"}
COMMAND: POST /session/7d4fbfd037fb9998338d13e3e1bba5cd/elements - {"using":"xpath","value":"//bdi[text()=\"OK\"]"}
RESULT: {"using":"xpath","value":"//bdi[text()=\"OK\"]"}
COMMAND: POST /session/7d4fbfd037fb9998338d13e3e1bba5cd/elements - {"using":"xpath","value":"//bdi[text()=\"OK\"]"}
RESULT: {"using":"xpath","value":"//bdi[text()=\"OK\"]"}
COMMAND: POST /session/7d4fbfd037fb9998338d13e3e1bba5cd/elements - {"using":"xpath","value":"//bdi[text()=\"OK\"]"}
RESULT: {"using":"xpath","value":"//bdi[text()=\"OK\"]"}
COMMAND: POST /session/7d4fbfd037fb9998338d13e3e1bba5cd/elements - {"using":"xpath","value":"//bdi[text()=\"OK\"]"}
RESULT: {"using":"xpath","value":"//bdi[text()=\"OK\"]"}
COMMAND: POST /session/7d4fbfd037fb9998338d13e3e1bba5cd/elements - {"using":"xpath","value":"//bdi[text()=\"OK\"]"}
RESULT: {"using":"xpath","value":"//bdi[text()=\"OK\"]"}
COMMAND: POST /session/7d4fbfd037fb9998338d13e3e1bba5cd/elements - {"using":"xpath","value":"//bdi[text()=\"OK\"]"}
RESULT: {"using":"xpath","value":"//bdi[text()=\"OK\"]"}
COMMAND: POST /session/7d4fbfd037fb9998338d13e3e1bba5cd/elements - {"using":"xpath","value":"//bdi[text()=\"OK\"]"}
RESULT: {"using":"xpath","value":"//bdi[text()=\"OK\"]"}
COMMAND: POST /session/7d4fbfd037fb9998338d13e3e1bba5cd/elements - {"using":"xpath","value":"//bdi[text()=\"OK\"]"}
RESULT: {"using":"xpath","value":"//bdi[text()=\"OK\"]"}
COMMAND: POST /session/7d4fbfd037fb9998338d13e3e1bba5cd/elements - {"using":"xpath","value":"//bdi[text()=\"OK\"]"}
RESULT: {"using":"xpath","value":"//bdi[text()=\"OK\"]"}
COMMAND: POST /session/7d4fbfd037fb9998338d13e3e1bba5cd/elements - {"using":"xpath","value":"//bdi[text()=\"OK\"]"}
RESULT: {"using":"xpath","value":"//bdi[text()=\"OK\"]"}
COMMAND: POST /session/7d4fbfd037fb9998338d13e3e1bba5cd/elements - {"using":"xpath","value":"//bdi[text()=\"OK\"]"}
RESULT: {"using":"xpath","value":"//bdi[text()=\"OK\"]"}
COMMAND: POST /session/7d4fbfd037fb9998338d13e3e1bba5cd/elements - {"using":"xpath","value":"//bdi[text()=\"OK\"]"}
RESULT: {"using":"xpath","value":"//bdi[text()=\"OK\"]"}
COMMAND: POST /session/7d4fbfd037fb9998338d13e3e1bba5cd/elements - {"using":"xpath","value":"//bdi[text()=\"OK\"]"}
RESULT: {"using":"xpath","value":"//bdi[text()=\"OK\"]"}
COMMAND: POST /session/7d4fbfd037fb9998338d13e3e1bba5cd/elements - {"using":"xpath","value":"//bdi[text()=\"OK\"]"}
RESULT: {"using":"xpath","value":"//bdi[text()=\"OK\"]"}
COMMAND: POST /session/7d4fbfd037fb9998338d13e3e1bba5cd/elements - {"using":"xpath","value":"//bdi[text()=\"OK\"]"}
RESULT: {"using":"xpath","value":"//bdi[text()=\"OK\"]"}
COMMAND: POST /session/7d4fbfd037fb9998338d13e3e1bba5cd/elements - {"using":"xpath","value":"//bdi[text()=\"OK\"]"}
RESULT: {"using":"xpath","value":"//bdi[text()=\"OK\"]"}
COMMAND: POST /session/7d4fbfd037fb9998338d13e3e1bba5cd/elements - {"using":"xpath","value":"//bdi[text()=\"OK\"]"}
RESULT: {"using":"xpath","value":"//bdi[text()=\"OK\"]"}
COMMAND: POST /session/7d4fbfd037fb9998338d13e3e1bba5cd/elements - {"using":"xpath","value":"//bdi[text()=\"OK\"]"}
RESULT: {"using":"xpath","value":"//bdi[text()=\"OK\"]"}
COMMAND: POST /session/7d4fbfd037fb9998338d13e3e1bba5cd/elements - {"using":"xpath","value":"//bdi[text()=\"OK\"]"}
RESULT: {"using":"xpath","value":"//bdi[text()=\"OK\"]"}
COMMAND: POST /session/7d4fbfd037fb9998338d13e3e1bba5cd/elements - {"using":"xpath","value":"//bdi[text()=\"OK\"]"}
RESULT: {"using":"xpath","value":"//bdi[text()=\"OK\"]"}
COMMAND: POST /session/7d4fbfd037fb9998338d13e3e1bba5cd/elements - {"using":"xpath","value":"//bdi[text()=\"OK\"]"}
RESULT: {"using":"xpath","value":"//bdi[text()=\"OK\"]"}
COMMAND: POST /session/7d4fbfd037fb9998338d13e3e1bba5cd/elements - {"using":"xpath","value":"//bdi[text()=\"OK\"]"}
RESULT: {"using":"xpath","value":"//bdi[text()=\"OK\"]"}
COMMAND: POST /session/7d4fbfd037fb9998338d13e3e1bba5cd/elements - {"using":"xpath","value":"//bdi[text()=\"OK\"]"}
RESULT: {"using":"xpath","value":"//bdi[text()=\"OK\"]"}
COMMAND: POST /session/7d4fbfd037fb9998338d13e3e1bba5cd/elements - {"using":"xpath","value":"//bdi[text()=\"OK\"]"}
RESULT: {"using":"xpath","value":"//bdi[text()=\"OK\"]"}
COMMAND: POST /session/7d4fbfd037fb9998338d13e3e1bba5cd/elements - {"using":"xpath","value":"//bdi[text()=\"OK\"]"}
RESULT: {"using":"xpath","value":"//bdi[text()=\"OK\"]"}
COMMAND: POST /session/7d4fbfd037fb9998338d13e3e1bba5cd/elements - {"using":"xpath","value":"//bdi[text()=\"OK\"]"}
RESULT: {"using":"xpath","value":"//bdi[text()=\"OK\"]"}
COMMAND: POST /session/7d4fbfd037fb9998338d13e3e1bba5cd/elements - {"using":"xpath","value":"//bdi[text()=\"OK\"]"}
RESULT: {"using":"xpath","value":"//bdi[text()=\"OK\"]"}
COMMAND: POST /session/7d4fbfd037fb9998338d13e3e1bba5cd/elements - {"using":"xpath","value":"//bdi[text()=\"OK\"]"}
RESULT: {"using":"xpath","value":"//bdi[text()=\"OK\"]"}
COMMAND: POST /session/7d4fbfd037fb9998338d13e3e1bba5cd/elements - {"using":"xpath","value":"//bdi[text()=\"OK\"]"}
RESULT: {"using":"xpath","value":"//bdi[text()=\"OK\"]"}
COMMAND: POST /session/7d4fbfd037fb9998338d13e3e1bba5cd/elements - {"using":"xpath","value":"//bdi[text()=\"OK\"]"}
RESULT: {"using":"xpath","value":"//bdi[text()=\"OK\"]"}
COMMAND: POST /session/7d4fbfd037fb9998338d13e3e1bba5cd/elements - {"using":"xpath","value":"//bdi[text()=\"OK\"]"}
RESULT: {"using":"xpath","value":"//bdi[text()=\"OK\"]"}
COMMAND: POST /session/7d4fbfd037fb9998338d13e3e1bba5cd/elements - {"using":"xpath","value":"//bdi[text()=\"OK\"]"}
RESULT: {"using":"xpath","value":"//bdi[text()=\"OK\"]"}
COMMAND: POST /session/7d4fbfd037fb9998338d13e3e1bba5cd/elements - {"using":"xpath","value":"//bdi[text()=\"OK\"]"}
RESULT: {"using":"xpath","value":"//bdi[text()=\"OK\"]"}
COMMAND: POST /session/7d4fbfd037fb9998338d13e3e1bba5cd/elements - {"using":"xpath","value":"//bdi[text()=\"OK\"]"}
RESULT: {"using":"xpath","value":"//bdi[text()=\"OK\"]"}
COMMAND: POST /session/7d4fbfd037fb9998338d13e3e1bba5cd/elements - {"using":"xpath","value":"//bdi[text()=\"OK\"]"}
RESULT: {"using":"xpath","value":"//bdi[text()=\"OK\"]"}
COMMAND: POST /session/7d4fbfd037fb9998338d13e3e1bba5cd/elements - {"using":"xpath","value":"//bdi[text()=\"OK\"]"}
RESULT: {"using":"xpath","value":"//bdi[text()=\"OK\"]"}
COMMAND: POST /session/7d4fbfd037fb9998338d13e3e1bba5cd/elements - {"using":"xpath","value":"//bdi[text()=\"OK\"]"}
RESULT: {"using":"xpath","value":"//bdi[text()=\"OK\"]"}
COMMAND: POST /session/7d4fbfd037fb9998338d13e3e1bba5cd/elements - {"using":"xpath","value":"//bdi[text()=\"OK\"]"}
RESULT: {"using":"xpath","value":"//bdi[text()=\"OK\"]"}
COMMAND: POST /session/7d4fbfd037fb9998338d13e3e1bba5cd/elements - {"using":"xpath","value":"//bdi[text()=\"OK\"]"}
RESULT: {"using":"xpath","value":"//bdi[text()=\"OK\"]"}
COMMAND: POST /session/7d4fbfd037fb9998338d13e3e1bba5cd/elements - {"using":"xpath","value":"//bdi[text()=\"OK\"]"}
RESULT: {"using":"xpath","value":"//bdi[text()=\"OK\"]"}
COMMAND: POST /session/7d4fbfd037fb9998338d13e3e1bba5cd/elements - {"using":"xpath","value":"//bdi[text()=\"OK\"]"}
RESULT: {"using":"xpath","value":"//bdi[text()=\"OK\"]"}
COMMAND: POST /session/7d4fbfd037fb9998338d13e3e1bba5cd/elements - {"using":"xpath","value":"//bdi[text()=\"OK\"]"}
RESULT: {"using":"xpath","value":"//bdi[text()=\"OK\"]"}
COMMAND: POST /session/7d4fbfd037fb9998338d13e3e1bba5cd/elements - {"using":"xpath","value":"//bdi[text()=\"OK\"]"}
RESULT: {"using":"xpath","value":"//bdi[text()=\"OK\"]"}
COMMAND: POST /session/7d4fbfd037fb9998338d13e3e1bba5cd/elements - {"using":"xpath","value":"//bdi[text()=\"OK\"]"}
RESULT: {"using":"xpath","value":"//bdi[text()=\"OK\"]"}
COMMAND: POST /session/7d4fbfd037fb9998338d13e3e1bba5cd/elements - {"using":"xpath","value":"//bdi[text()=\"OK\"]"}
RESULT: {"using":"xpath","value":"//bdi[text()=\"OK\"]"}
COMMAND: POST /session/7d4fbfd037fb9998338d13e3e1bba5cd/elements - {"using":"xpath","value":"//bdi[text()=\"OK\"]"}
RESULT: {"using":"xpath","value":"//bdi[text()=\"OK\"]"}
COMMAND: POST /session/7d4fbfd037fb9998338d13e3e1bba5cd/elements - {"using":"xpath","value":"//bdi[text()=\"OK\"]"}
RESULT: {"using":"xpath","value":"//bdi[text()=\"OK\"]"}
COMMAND: POST /session/7d4fbfd037fb9998338d13e3e1bba5cd/elements - {"using":"xpath","value":"//bdi[text()=\"OK\"]"}
RESULT: {"using":"xpath","value":"//bdi[text()=\"OK\"]"}
COMMAND: POST /session/7d4fbfd037fb9998338d13e3e1bba5cd/elements - {"using":"xpath","value":"//bdi[text()=\"OK\"]"}
RESULT: {"using":"xpath","value":"//bdi[text()=\"OK\"]"}
COMMAND: POST /session/7d4fbfd037fb9998338d13e3e1bba5cd/elements - {"using":"xpath","value":"//bdi[text()=\"OK\"]"}
RESULT: {"using":"xpath","value":"//bdi[text()=\"OK\"]"}
COMMAND: POST /session/7d4fbfd037fb9998338d13e3e1bba5cd/elements - {"using":"xpath","value":"//bdi[text()=\"OK\"]"}
RESULT: {"using":"xpath","value":"//bdi[text()=\"OK\"]"}
COMMAND: POST /session/7d4fbfd037fb9998338d13e3e1bba5cd/elements - {"using":"xpath","value":"//bdi[text()=\"OK\"]"}
RESULT: {"using":"xpath","value":"//bdi[text()=\"OK\"]"}
COMMAND: POST /session/7d4fbfd037fb9998338d13e3e1bba5cd/elements - {"using":"xpath","value":"//bdi[text()=\"OK\"]"}
RESULT: {"using":"xpath","value":"//bdi[text()=\"OK\"]"}
COMMAND: POST /session/7d4fbfd037fb9998338d13e3e1bba5cd/elements - {"using":"xpath","value":"//bdi[text()=\"OK\"]"}
RESULT: {"using":"xpath","value":"//bdi[text()=\"OK\"]"}
COMMAND: POST /session/7d4fbfd037fb9998338d13e3e1bba5cd/elements - {"using":"xpath","value":"//bdi[text()=\"OK\"]"}
RESULT: {"using":"xpath","value":"//bdi[text()=\"OK\"]"}
COMMAND: POST /session/7d4fbfd037fb9998338d13e3e1bba5cd/elements - {"using":"xpath","value":"//bdi[text()=\"OK\"]"}
RESULT: {"using":"xpath","value":"//bdi[text()=\"OK\"]"}
COMMAND: POST /session/7d4fbfd037fb9998338d13e3e1bba5cd/elements - {"using":"xpath","value":"//bdi[text()=\"OK\"]"}
RESULT: {"using":"xpath","value":"//bdi[text()=\"OK\"]"}
COMMAND: POST /session/7d4fbfd037fb9998338d13e3e1bba5cd/elements - {"using":"xpath","value":"//bdi[text()=\"OK\"]"}
RESULT: {"using":"xpath","value":"//bdi[text()=\"OK\"]"}
COMMAND: POST /session/7d4fbfd037fb9998338d13e3e1bba5cd/elements - {"using":"xpath","value":"//bdi[text()=\"OK\"]"}
RESULT: {"using":"xpath","value":"//bdi[text()=\"OK\"]"}
COMMAND: POST /session/7d4fbfd037fb9998338d13e3e1bba5cd/elements - {"using":"xpath","value":"//bdi[text()=\"OK\"]"}
RESULT: {"using":"xpath","value":"//bdi[text()=\"OK\"]"}
COMMAND: POST /session/7d4fbfd037fb9998338d13e3e1bba5cd/elements - {"using":"xpath","value":"//bdi[text()=\"OK\"]"}
RESULT: {"using":"xpath","value":"//bdi[text()=\"OK\"]"}
COMMAND: POST /session/7d4fbfd037fb9998338d13e3e1bba5cd/elements - {"using":"xpath","value":"//bdi[text()=\"OK\"]"}
RESULT: {"using":"xpath","value":"//bdi[text()=\"OK\"]"}
COMMAND: POST /session/7d4fbfd037fb9998338d13e3e1bba5cd/elements - {"using":"xpath","value":"//bdi[text()=\"OK\"]"}
RESULT: {"using":"xpath","value":"//bdi[text()=\"OK\"]"}
COMMAND: POST /session/7d4fbfd037fb9998338d13e3e1bba5cd/elements - {"using":"xpath","value":"//bdi[text()=\"OK\"]"}
RESULT: {"using":"xpath","value":"//bdi[text()=\"OK\"]"}
COMMAND: POST /session/7d4fbfd037fb9998338d13e3e1bba5cd/elements - {"using":"xpath","value":"//bdi[text()=\"OK\"]"}
RESULT: {"using":"xpath","value":"//bdi[text()=\"OK\"]"}
COMMAND: POST /session/7d4fbfd037fb9998338d13e3e1bba5cd/elements - {"using":"xpath","value":"//bdi[text()=\"OK\"]"}
RESULT: {"using":"xpath","value":"//bdi[text()=\"OK\"]"}
COMMAND: POST /session/7d4fbfd037fb9998338d13e3e1bba5cd/elements - {"using":"xpath","value":"//bdi[text()=\"OK\"]"}
RESULT: {"using":"xpath","value":"//bdi[text()=\"OK\"]"}
COMMAND: POST /session/7d4fbfd037fb9998338d13e3e1bba5cd/elements - {"using":"xpath","value":"//bdi[text()=\"OK\"]"}
RESULT: {"using":"xpath","value":"//bdi[text()=\"OK\"]"}
COMMAND: POST /session/7d4fbfd037fb9998338d13e3e1bba5cd/elements - {"using":"xpath","value":"//bdi[text()=\"OK\"]"}
RESULT: {"using":"xpath","value":"//bdi[text()=\"OK\"]"}
COMMAND: POST /session/7d4fbfd037fb9998338d13e3e1bba5cd/elements - {"using":"xpath","value":"//bdi[text()=\"OK\"]"}
RESULT: {"using":"xpath","value":"//bdi[text()=\"OK\"]"}
COMMAND: POST /session/7d4fbfd037fb9998338d13e3e1bba5cd/elements - {"using":"xpath","value":"//bdi[text()=\"OK\"]"}
RESULT: {"using":"xpath","value":"//bdi[text()=\"OK\"]"}
COMMAND: POST /session/7d4fbfd037fb9998338d13e3e1bba5cd/elements - {"using":"xpath","value":"//bdi[text()=\"OK\"]"}
RESULT: {"using":"xpath","value":"//bdi[text()=\"OK\"]"}
COMMAND: POST /session/7d4fbfd037fb9998338d13e3e1bba5cd/elements - {"using":"xpath","value":"//bdi[text()=\"OK\"]"}
RESULT: {"using":"xpath","value":"//bdi[text()=\"OK\"]"}
COMMAND: POST /session/7d4fbfd037fb9998338d13e3e1bba5cd/elements - {"using":"xpath","value":"//bdi[text()=\"OK\"]"}
RESULT: {"using":"xpath","value":"//bdi[text()=\"OK\"]"}
COMMAND: POST /session/7d4fbfd037fb9998338d13e3e1bba5cd/elements - {"using":"xpath","value":"//bdi[text()=\"OK\"]"}
RESULT: {"using":"xpath","value":"//bdi[text()=\"OK\"]"}
COMMAND: POST /session/7d4fbfd037fb9998338d13e3e1bba5cd/elements - {"using":"xpath","value":"//bdi[text()=\"OK\"]"}
RESULT: {"using":"xpath","value":"//bdi[text()=\"OK\"]"}
COMMAND: POST /session/7d4fbfd037fb9998338d13e3e1bba5cd/elements - {"using":"xpath","value":"//bdi[text()=\"OK\"]"}
RESULT: {"using":"xpath","value":"//bdi[text()=\"OK\"]"}
COMMAND: POST /session/7d4fbfd037fb9998338d13e3e1bba5cd/elements - {"using":"xpath","value":"//bdi[text()=\"OK\"]"}
RESULT: {"using":"xpath","value":"//bdi[text()=\"OK\"]"}
COMMAND: POST /session/7d4fbfd037fb9998338d13e3e1bba5cd/elements - {"using":"xpath","value":"//bdi[text()=\"OK\"]"}
RESULT: {"using":"xpath","value":"//bdi[text()=\"OK\"]"}
COMMAND: POST /session/7d4fbfd037fb9998338d13e3e1bba5cd/elements - {"using":"xpath","value":"//bdi[text()=\"OK\"]"}
RESULT: {"using":"xpath","value":"//bdi[text()=\"OK\"]"}
COMMAND: POST /session/7d4fbfd037fb9998338d13e3e1bba5cd/elements - {"using":"xpath","value":"//bdi[text()=\"OK\"]"}
RESULT: {"using":"xpath","value":"//bdi[text()=\"OK\"]"}
COMMAND: POST /session/7d4fbfd037fb9998338d13e3e1bba5cd/elements - {"using":"xpath","value":"//bdi[text()=\"OK\"]"}
RESULT: {"using":"xpath","value":"//bdi[text()=\"OK\"]"}
COMMAND: POST /session/7d4fbfd037fb9998338d13e3e1bba5cd/elements - {"using":"xpath","value":"//bdi[text()=\"OK\"]"}
RESULT: {"using":"xpath","value":"//bdi[text()=\"OK\"]"}
COMMAND: POST /session/7d4fbfd037fb9998338d13e3e1bba5cd/elements - {"using":"xpath","value":"//bdi[text()=\"OK\"]"}
RESULT: {"using":"xpath","value":"//bdi[text()=\"OK\"]"}
COMMAND: POST /session/7d4fbfd037fb9998338d13e3e1bba5cd/elements - {"using":"xpath","value":"//bdi[text()=\"OK\"]"}
RESULT: {"using":"xpath","value":"//bdi[text()=\"OK\"]"}
COMMAND: POST /session/7d4fbfd037fb9998338d13e3e1bba5cd/elements - {"using":"xpath","value":"//bdi[text()=\"OK\"]"}
RESULT: {"using":"xpath","value":"//bdi[text()=\"OK\"]"}
COMMAND: POST /session/7d4fbfd037fb9998338d13e3e1bba5cd/elements - {"using":"xpath","value":"//bdi[text()=\"OK\"]"}
RESULT: {"using":"xpath","value":"//bdi[text()=\"OK\"]"}
COMMAND: POST /session/7d4fbfd037fb9998338d13e3e1bba5cd/elements - {"using":"xpath","value":"//bdi[text()=\"OK\"]"}
RESULT: {"using":"xpath","value":"//bdi[text()=\"OK\"]"}
COMMAND: POST /session/7d4fbfd037fb9998338d13e3e1bba5cd/elements - {"using":"xpath","value":"//bdi[text()=\"OK\"]"}
RESULT: {"using":"xpath","value":"//bdi[text()=\"OK\"]"}
COMMAND: POST /session/7d4fbfd037fb9998338d13e3e1bba5cd/elements - {"using":"xpath","value":"//bdi[text()=\"OK\"]"}
RESULT: {"using":"xpath","value":"//bdi[text()=\"OK\"]"}
COMMAND: POST /session/7d4fbfd037fb9998338d13e3e1bba5cd/elements - {"using":"xpath","value":"//bdi[text()=\"OK\"]"}
RESULT: {"using":"xpath","value":"//bdi[text()=\"OK\"]"}
COMMAND: POST /session/7d4fbfd037fb9998338d13e3e1bba5cd/elements - {"using":"xpath","value":"//bdi[text()=\"OK\"]"}
RESULT: {"using":"xpath","value":"//bdi[text()=\"OK\"]"}
COMMAND: POST /session/7d4fbfd037fb9998338d13e3e1bba5cd/elements - {"using":"xpath","value":"//bdi[text()=\"OK\"]"}
RESULT: {"using":"xpath","value":"//bdi[text()=\"OK\"]"}
COMMAND: POST /session/7d4fbfd037fb9998338d13e3e1bba5cd/elements - {"using":"xpath","value":"//bdi[text()=\"OK\"]"}
RESULT: {"using":"xpath","value":"//bdi[text()=\"OK\"]"}
COMMAND: POST /session/7d4fbfd037fb9998338d13e3e1bba5cd/elements - {"using":"xpath","value":"//bdi[text()=\"OK\"]"}
RESULT: {"using":"xpath","value":"//bdi[text()=\"OK\"]"}
COMMAND: POST /session/7d4fbfd037fb9998338d13e3e1bba5cd/elements - {"using":"xpath","value":"//bdi[text()=\"OK\"]"}
RESULT: {"using":"xpath","value":"//bdi[text()=\"OK\"]"}
COMMAND: POST /session/7d4fbfd037fb9998338d13e3e1bba5cd/elements - {"using":"xpath","value":"//bdi[text()=\"OK\"]"}
RESULT: {"using":"xpath","value":"//bdi[text()=\"OK\"]"}
COMMAND: POST /session/7d4fbfd037fb9998338d13e3e1bba5cd/elements - {"using":"xpath","value":"//bdi[text()=\"OK\"]"}
RESULT: {"using":"xpath","value":"//bdi[text()=\"OK\"]"}
COMMAND: POST /session/7d4fbfd037fb9998338d13e3e1bba5cd/elements - {"using":"xpath","value":"//bdi[text()=\"OK\"]"}
RESULT: {"using":"xpath","value":"//bdi[text()=\"OK\"]"}
COMMAND: POST /session/7d4fbfd037fb9998338d13e3e1bba5cd/elements - {"using":"xpath","value":"//bdi[text()=\"OK\"]"}
RESULT: {"using":"xpath","value":"//bdi[text()=\"OK\"]"}
COMMAND: POST /session/7d4fbfd037fb9998338d13e3e1bba5cd/elements - {"using":"xpath","value":"//bdi[text()=\"OK\"]"}
RESULT: {"using":"xpath","value":"//bdi[text()=\"OK\"]"}
COMMAND: POST /session/7d4fbfd037fb9998338d13e3e1bba5cd/elements - {"using":"xpath","value":"//bdi[text()=\"OK\"]"}
RESULT: {"using":"xpath","value":"//bdi[text()=\"OK\"]"}
COMMAND: POST /session/7d4fbfd037fb9998338d13e3e1bba5cd/elements - {"using":"xpath","value":"//bdi[text()=\"OK\"]"}
RESULT: {"using":"xpath","value":"//bdi[text()=\"OK\"]"}
COMMAND: POST /session/7d4fbfd037fb9998338d13e3e1bba5cd/element - {"using":"xpath","value":"//bdi[text()=\"OK\"]"}
RESULT: {"using":"xpath","value":"//bdi[text()=\"OK\"]"}
COMMAND: POST /session/7d4fbfd037fb9998338d13e3e1bba5cd/elements - {"using":"xpath","value":"//bdi[text()=\"OK\"]"}
RESULT: {"using":"xpath","value":"//bdi[text()=\"OK\"]"}
COMMAND: POST /session/7d4fbfd037fb9998338d13e3e1bba5cd/elements - {"using":"xpath","value":"//bdi[text()=\"OK\"]"}
RESULT: {"using":"xpath","value":"//bdi[text()=\"OK\"]"}
COMMAND: POST /session/7d4fbfd037fb9998338d13e3e1bba5cd/elements - {"using":"xpath","value":"//bdi[text()=\"OK\"]"}
RESULT: {"using":"xpath","value":"//bdi[text()=\"OK\"]"}
COMMAND: POST /session/7d4fbfd037fb9998338d13e3e1bba5cd/elements - {"using":"xpath","value":"//bdi[text()=\"OK\"]"}
RESULT: {"using":"xpath","value":"//bdi[text()=\"OK\"]"}
COMMAND: POST /session/7d4fbfd037fb9998338d13e3e1bba5cd/elements - {"using":"xpath","value":"//bdi[text()=\"OK\"]"}
RESULT: {"using":"xpath","value":"//bdi[text()=\"OK\"]"}
COMMAND: POST /session/7d4fbfd037fb9998338d13e3e1bba5cd/elements - {"using":"xpath","value":"//bdi[text()=\"OK\"]"}
RESULT: {"using":"xpath","value":"//bdi[text()=\"OK\"]"}
COMMAND: POST /session/7d4fbfd037fb9998338d13e3e1bba5cd/elements - {"using":"xpath","value":"//bdi[text()=\"OK\"]"}
RESULT: {"using":"xpath","value":"//bdi[text()=\"OK\"]"}
COMMAND: POST /session/7d4fbfd037fb9998338d13e3e1bba5cd/elements - {"using":"xpath","value":"//bdi[text()=\"OK\"]"}
RESULT: {"using":"xpath","value":"//bdi[text()=\"OK\"]"}
COMMAND: POST /session/7d4fbfd037fb9998338d13e3e1bba5cd/elements - {"using":"xpath","value":"//bdi[text()=\"OK\"]"}
RESULT: {"using":"xpath","value":"//bdi[text()=\"OK\"]"}
COMMAND: POST /session/7d4fbfd037fb9998338d13e3e1bba5cd/elements - {"using":"xpath","value":"//bdi[text()=\"OK\"]"}
RESULT: {"using":"xpath","value":"//bdi[text()=\"OK\"]"}
COMMAND: POST /session/7d4fbfd037fb9998338d13e3e1bba5cd/elements - {"using":"xpath","value":"//bdi[text()=\"OK\"]"}
RESULT: {"using":"xpath","value":"//bdi[text()=\"OK\"]"}
COMMAND: POST /session/7d4fbfd037fb9998338d13e3e1bba5cd/elements - {"using":"xpath","value":"//bdi[text()=\"OK\"]"}
RESULT: {"using":"xpath","value":"//bdi[text()=\"OK\"]"}
COMMAND: POST /session/7d4fbfd037fb9998338d13e3e1bba5cd/elements - {"using":"xpath","value":"//bdi[text()=\"OK\"]"}
RESULT: {"using":"xpath","value":"//bdi[text()=\"OK\"]"}
COMMAND: POST /session/7d4fbfd037fb9998338d13e3e1bba5cd/elements - {"using":"xpath","value":"//bdi[text()=\"OK\"]"}
RESULT: {"using":"xpath","value":"//bdi[text()=\"OK\"]"}
COMMAND: POST /session/7d4fbfd037fb9998338d13e3e1bba5cd/elements - {"using":"xpath","value":"//bdi[text()=\"OK\"]"}
RESULT: {"using":"xpath","value":"//bdi[text()=\"OK\"]"}
COMMAND: POST /session/7d4fbfd037fb9998338d13e3e1bba5cd/elements - {"using":"xpath","value":"//bdi[text()=\"OK\"]"}
RESULT: {"using":"xpath","value":"//bdi[text()=\"OK\"]"}
COMMAND: POST /session/7d4fbfd037fb9998338d13e3e1bba5cd/elements - {"using":"xpath","value":"//bdi[text()=\"OK\"]"}
RESULT: {"using":"xpath","value":"//bdi[text()=\"OK\"]"}
COMMAND: POST /session/7d4fbfd037fb9998338d13e3e1bba5cd/elements - {"using":"xpath","value":"//bdi[text()=\"OK\"]"}
RESULT: {"using":"xpath","value":"//bdi[text()=\"OK\"]"}
COMMAND: POST /session/7d4fbfd037fb9998338d13e3e1bba5cd/elements - {"using":"xpath","value":"//bdi[text()=\"OK\"]"}
RESULT: {"using":"xpath","value":"//bdi[text()=\"OK\"]"}
COMMAND: POST /session/7d4fbfd037fb9998338d13e3e1bba5cd/elements - {"using":"xpath","value":"//bdi[text()=\"OK\"]"}
RESULT: {"using":"xpath","value":"//bdi[text()=\"OK\"]"}
COMMAND: POST /session/7d4fbfd037fb9998338d13e3e1bba5cd/elements - {"using":"xpath","value":"//bdi[text()=\"OK\"]"}
RESULT: {"using":"xpath","value":"//bdi[text()=\"OK\"]"}
COMMAND: POST /session/7d4fbfd037fb9998338d13e3e1bba5cd/elements - {"using":"xpath","value":"//bdi[text()=\"OK\"]"}
RESULT: {"using":"xpath","value":"//bdi[text()=\"OK\"]"}
COMMAND: POST /session/7d4fbfd037fb9998338d13e3e1bba5cd/elements - {"using":"xpath","value":"//bdi[text()=\"OK\"]"}
RESULT: {"using":"xpath","value":"//bdi[text()=\"OK\"]"}
COMMAND: POST /session/7d4fbfd037fb9998338d13e3e1bba5cd/elements - {"using":"xpath","value":"//bdi[text()=\"OK\"]"}
RESULT: {"using":"xpath","value":"//bdi[text()=\"OK\"]"}
COMMAND: POST /session/7d4fbfd037fb9998338d13e3e1bba5cd/elements - {"using":"xpath","value":"//bdi[text()=\"OK\"]"}
RESULT: {"using":"xpath","value":"//bdi[text()=\"OK\"]"}
COMMAND: POST /session/7d4fbfd037fb9998338d13e3e1bba5cd/elements - {"using":"xpath","value":"//bdi[text()=\"OK\"]"}
RESULT: {"using":"xpath","value":"//bdi[text()=\"OK\"]"}
COMMAND: POST /session/7d4fbfd037fb9998338d13e3e1bba5cd/elements - {"using":"xpath","value":"//bdi[text()=\"OK\"]"}
RESULT: {"using":"xpath","value":"//bdi[text()=\"OK\"]"}
COMMAND: POST /session/7d4fbfd037fb9998338d13e3e1bba5cd/elements - {"using":"xpath","value":"//bdi[text()=\"OK\"]"}
RESULT: {"using":"xpath","value":"//bdi[text()=\"OK\"]"}
COMMAND: POST /session/7d4fbfd037fb9998338d13e3e1bba5cd/elements - {"using":"xpath","value":"//bdi[text()=\"OK\"]"}
RESULT: {"using":"xpath","value":"//bdi[text()=\"OK\"]"}
COMMAND: POST /session/7d4fbfd037fb9998338d13e3e1bba5cd/elements - {"using":"xpath","value":"//bdi[text()=\"OK\"]"}
RESULT: {"using":"xpath","value":"//bdi[text()=\"OK\"]"}
COMMAND: POST /session/7d4fbfd037fb9998338d13e3e1bba5cd/elements - {"using":"xpath","value":"//bdi[text()=\"OK\"]"}
RESULT: {"using":"xpath","value":"//bdi[text()=\"OK\"]"}
COMMAND: POST /session/7d4fbfd037fb9998338d13e3e1bba5cd/elements - {"using":"xpath","value":"//bdi[text()=\"OK\"]"}
RESULT: {"using":"xpath","value":"//bdi[text()=\"OK\"]"}
COMMAND: POST /session/7d4fbfd037fb9998338d13e3e1bba5cd/elements - {"using":"xpath","value":"//bdi[text()=\"OK\"]"}
RESULT: {"using":"xpath","value":"//bdi[text()=\"OK\"]"}
COMMAND: POST /session/7d4fbfd037fb9998338d13e3e1bba5cd/elements - {"using":"xpath","value":"//bdi[text()=\"OK\"]"}
RESULT: {"using":"xpath","value":"//bdi[text()=\"OK\"]"}
COMMAND: POST /session/7d4fbfd037fb9998338d13e3e1bba5cd/elements - {"using":"xpath","value":"//bdi[text()=\"OK\"]"}
RESULT: {"using":"xpath","value":"//bdi[text()=\"OK\"]"}
COMMAND: POST /session/7d4fbfd037fb9998338d13e3e1bba5cd/elements - {"using":"xpath","value":"//bdi[text()=\"OK\"]"}
RESULT: {"using":"xpath","value":"//bdi[text()=\"OK\"]"}
COMMAND: POST /session/7d4fbfd037fb9998338d13e3e1bba5cd/elements - {"using":"xpath","value":"//bdi[text()=\"OK\"]"}
RESULT: {"using":"xpath","value":"//bdi[text()=\"OK\"]"}
COMMAND: POST /session/7d4fbfd037fb9998338d13e3e1bba5cd/elements - {"using":"xpath","value":"//bdi[text()=\"OK\"]"}
RESULT: {"using":"xpath","value":"//bdi[text()=\"OK\"]"}
COMMAND: POST /session/7d4fbfd037fb9998338d13e3e1bba5cd/elements - {"using":"xpath","value":"//bdi[text()=\"OK\"]"}
RESULT: {"using":"xpath","value":"//bdi[text()=\"OK\"]"}
COMMAND: POST /session/7d4fbfd037fb9998338d13e3e1bba5cd/elements - {"using":"xpath","value":"//bdi[text()=\"OK\"]"}
RESULT: {"using":"xpath","value":"//bdi[text()=\"OK\"]"}
COMMAND: POST /session/7d4fbfd037fb9998338d13e3e1bba5cd/elements - {"using":"xpath","value":"//bdi[text()=\"OK\"]"}
RESULT: {"using":"xpath","value":"//bdi[text()=\"OK\"]"}
COMMAND: POST /session/7d4fbfd037fb9998338d13e3e1bba5cd/elements - {"using":"xpath","value":"//bdi[text()=\"OK\"]"}
RESULT: {"using":"xpath","value":"//bdi[text()=\"OK\"]"}
COMMAND: POST /session/7d4fbfd037fb9998338d13e3e1bba5cd/elements - {"using":"xpath","value":"//bdi[text()=\"OK\"]"}
RESULT: {"using":"xpath","value":"//bdi[text()=\"OK\"]"}
COMMAND: POST /session/7d4fbfd037fb9998338d13e3e1bba5cd/elements - {"using":"xpath","value":"//bdi[text()=\"OK\"]"}
RESULT: {"using":"xpath","value":"//bdi[text()=\"OK\"]"}
COMMAND: POST /session/7d4fbfd037fb9998338d13e3e1bba5cd/elements - {"using":"xpath","value":"//bdi[text()=\"OK\"]"}
RESULT: {"using":"xpath","value":"//bdi[text()=\"OK\"]"}
COMMAND: POST /session/7d4fbfd037fb9998338d13e3e1bba5cd/elements - {"using":"xpath","value":"//bdi[text()=\"OK\"]"}
RESULT: {"using":"xpath","value":"//bdi[text()=\"OK\"]"}
COMMAND: POST /session/7d4fbfd037fb9998338d13e3e1bba5cd/elements - {"using":"xpath","value":"//bdi[text()=\"OK\"]"}
RESULT: {"using":"xpath","value":"//bdi[text()=\"OK\"]"}
COMMAND: POST /session/7d4fbfd037fb9998338d13e3e1bba5cd/elements - {"using":"xpath","value":"//bdi[text()=\"OK\"]"}
RESULT: {"using":"xpath","value":"//bdi[text()=\"OK\"]"}
COMMAND: POST /session/7d4fbfd037fb9998338d13e3e1bba5cd/elements - {"using":"xpath","value":"//bdi[text()=\"OK\"]"}
RESULT: {"using":"xpath","value":"//bdi[text()=\"OK\"]"}
COMMAND: POST /session/7d4fbfd037fb9998338d13e3e1bba5cd/elements - {"using":"xpath","value":"//bdi[text()=\"OK\"]"}
RESULT: {"using":"xpath","value":"//bdi[text()=\"OK\"]"}
COMMAND: POST /session/7d4fbfd037fb9998338d13e3e1bba5cd/elements - {"using":"xpath","value":"//bdi[text()=\"OK\"]"}
RESULT: {"using":"xpath","value":"//bdi[text()=\"OK\"]"}
COMMAND: POST /session/7d4fbfd037fb9998338d13e3e1bba5cd/elements - {"using":"xpath","value":"//bdi[text()=\"OK\"]"}
RESULT: {"using":"xpath","value":"//bdi[text()=\"OK\"]"}
COMMAND: POST /session/7d4fbfd037fb9998338d13e3e1bba5cd/elements - {"using":"xpath","value":"//bdi[text()=\"OK\"]"}
RESULT: {"using":"xpath","value":"//bdi[text()=\"OK\"]"}
COMMAND: POST /session/7d4fbfd037fb9998338d13e3e1bba5cd/elements - {"using":"xpath","value":"//bdi[text()=\"OK\"]"}
RESULT: {"using":"xpath","value":"//bdi[text()=\"OK\"]"}
COMMAND: POST /session/7d4fbfd037fb9998338d13e3e1bba5cd/elements - {"using":"xpath","value":"//bdi[text()=\"OK\"]"}
RESULT: {"using":"xpath","value":"//bdi[text()=\"OK\"]"}
COMMAND: POST /session/7d4fbfd037fb9998338d13e3e1bba5cd/elements - {"using":"xpath","value":"//bdi[text()=\"OK\"]"}
RESULT: {"using":"xpath","value":"//bdi[text()=\"OK\"]"}
COMMAND: POST /session/7d4fbfd037fb9998338d13e3e1bba5cd/elements - {"using":"xpath","value":"//bdi[text()=\"OK\"]"}
RESULT: {"using":"xpath","value":"//bdi[text()=\"OK\"]"}
COMMAND: POST /session/7d4fbfd037fb9998338d13e3e1bba5cd/elements - {"using":"xpath","value":"//bdi[text()=\"OK\"]"}
RESULT: {"using":"xpath","value":"//bdi[text()=\"OK\"]"}
COMMAND: POST /session/7d4fbfd037fb9998338d13e3e1bba5cd/elements - {"using":"xpath","value":"//bdi[text()=\"OK\"]"}
RESULT: {"using":"xpath","value":"//bdi[text()=\"OK\"]"}
COMMAND: POST /session/7d4fbfd037fb9998338d13e3e1bba5cd/elements - {"using":"xpath","value":"//bdi[text()=\"OK\"]"}
RESULT: {"using":"xpath","value":"//bdi[text()=\"OK\"]"}
COMMAND: POST /session/7d4fbfd037fb9998338d13e3e1bba5cd/elements - {"using":"xpath","value":"//bdi[text()=\"OK\"]"}
RESULT: {"using":"xpath","value":"//bdi[text()=\"OK\"]"}
COMMAND: POST /session/7d4fbfd037fb9998338d13e3e1bba5cd/elements - {"using":"xpath","value":"//bdi[text()=\"OK\"]"}
RESULT: {"using":"xpath","value":"//bdi[text()=\"OK\"]"}
COMMAND: POST /session/7d4fbfd037fb9998338d13e3e1bba5cd/elements - {"using":"xpath","value":"//bdi[text()=\"OK\"]"}
RESULT: {"using":"xpath","value":"//bdi[text()=\"OK\"]"}
COMMAND: POST /session/7d4fbfd037fb9998338d13e3e1bba5cd/elements - {"using":"xpath","value":"//bdi[text()=\"OK\"]"}
RESULT: {"using":"xpath","value":"//bdi[text()=\"OK\"]"}
COMMAND: POST /session/7d4fbfd037fb9998338d13e3e1bba5cd/elements - {"using":"xpath","value":"//bdi[text()=\"OK\"]"}
RESULT: {"using":"xpath","value":"//bdi[text()=\"OK\"]"}
COMMAND: POST /session/7d4fbfd037fb9998338d13e3e1bba5cd/elements - {"using":"xpath","value":"//bdi[text()=\"OK\"]"}
RESULT: {"using":"xpath","value":"//bdi[text()=\"OK\"]"}
COMMAND: POST /session/7d4fbfd037fb9998338d13e3e1bba5cd/elements - {"using":"xpath","value":"//bdi[text()=\"OK\"]"}
RESULT: {"using":"xpath","value":"//bdi[text()=\"OK\"]"}
COMMAND: POST /session/7d4fbfd037fb9998338d13e3e1bba5cd/elements - {"using":"xpath","value":"//bdi[text()=\"OK\"]"}
RESULT: {"using":"xpath","value":"//bdi[text()=\"OK\"]"}
COMMAND: POST /session/7d4fbfd037fb9998338d13e3e1bba5cd/elements - {"using":"xpath","value":"//bdi[text()=\"OK\"]"}
RESULT: {"using":"xpath","value":"//bdi[text()=\"OK\"]"}
COMMAND: POST /session/7d4fbfd037fb9998338d13e3e1bba5cd/elements - {"using":"xpath","value":"//bdi[text()=\"OK\"]"}
RESULT: {"using":"xpath","value":"//bdi[text()=\"OK\"]"}
COMMAND: POST /session/7d4fbfd037fb9998338d13e3e1bba5cd/elements - {"using":"xpath","value":"//bdi[text()=\"OK\"]"}
RESULT: {"using":"xpath","value":"//bdi[text()=\"OK\"]"}
COMMAND: POST /session/7d4fbfd037fb9998338d13e3e1bba5cd/elements - {"using":"xpath","value":"//bdi[text()=\"OK\"]"}
RESULT: {"using":"xpath","value":"//bdi[text()=\"OK\"]"}
COMMAND: POST /session/7d4fbfd037fb9998338d13e3e1bba5cd/elements - {"using":"xpath","value":"//bdi[text()=\"OK\"]"}
RESULT: {"using":"xpath","value":"//bdi[text()=\"OK\"]"}
COMMAND: POST /session/7d4fbfd037fb9998338d13e3e1bba5cd/elements - {"using":"xpath","value":"//bdi[text()=\"OK\"]"}
RESULT: {"using":"xpath","value":"//bdi[text()=\"OK\"]"}
COMMAND: POST /session/7d4fbfd037fb9998338d13e3e1bba5cd/elements - {"using":"xpath","value":"//bdi[text()=\"OK\"]"}
RESULT: {"using":"xpath","value":"//bdi[text()=\"OK\"]"}
COMMAND: POST /session/7d4fbfd037fb9998338d13e3e1bba5cd/elements - {"using":"xpath","value":"//bdi[text()=\"OK\"]"}
RESULT: {"using":"xpath","value":"//bdi[text()=\"OK\"]"}
COMMAND: POST /session/7d4fbfd037fb9998338d13e3e1bba5cd/elements - {"using":"xpath","value":"//bdi[text()=\"OK\"]"}
RESULT: {"using":"xpath","value":"//bdi[text()=\"OK\"]"}
COMMAND: POST /session/7d4fbfd037fb9998338d13e3e1bba5cd/elements - {"using":"xpath","value":"//bdi[text()=\"OK\"]"}
RESULT: {"using":"xpath","value":"//bdi[text()=\"OK\"]"}
COMMAND: POST /session/7d4fbfd037fb9998338d13e3e1bba5cd/elements - {"using":"xpath","value":"//bdi[text()=\"OK\"]"}
RESULT: {"using":"xpath","value":"//bdi[text()=\"OK\"]"}
COMMAND: POST /session/7d4fbfd037fb9998338d13e3e1bba5cd/elements - {"using":"xpath","value":"//bdi[text()=\"OK\"]"}
RESULT: {"using":"xpath","value":"//bdi[text()=\"OK\"]"}
COMMAND: POST /session/7d4fbfd037fb9998338d13e3e1bba5cd/elements - {"using":"xpath","value":"//bdi[text()=\"OK\"]"}
RESULT: {"using":"xpath","value":"//bdi[text()=\"OK\"]"}
COMMAND: POST /session/7d4fbfd037fb9998338d13e3e1bba5cd/elements - {"using":"xpath","value":"//bdi[text()=\"OK\"]"}
RESULT: {"using":"xpath","value":"//bdi[text()=\"OK\"]"}
COMMAND: POST /session/7d4fbfd037fb9998338d13e3e1bba5cd/elements - {"using":"xpath","value":"//bdi[text()=\"OK\"]"}
RESULT: {"using":"xpath","value":"//bdi[text()=\"OK\"]"}
COMMAND: POST /session/7d4fbfd037fb9998338d13e3e1bba5cd/elements - {"using":"xpath","value":"//bdi[text()=\"OK\"]"}
RESULT: {"using":"xpath","value":"//bdi[text()=\"OK\"]"}
COMMAND: POST /session/7d4fbfd037fb9998338d13e3e1bba5cd/elements - {"using":"xpath","value":"//bdi[text()=\"OK\"]"}
RESULT: {"using":"xpath","value":"//bdi[text()=\"OK\"]"}
COMMAND: POST /session/7d4fbfd037fb9998338d13e3e1bba5cd/elements - {"using":"xpath","value":"//bdi[text()=\"OK\"]"}
RESULT: {"using":"xpath","value":"//bdi[text()=\"OK\"]"}
COMMAND: POST /session/7d4fbfd037fb9998338d13e3e1bba5cd/elements - {"using":"xpath","value":"//bdi[text()=\"OK\"]"}
RESULT: {"using":"xpath","value":"//bdi[text()=\"OK\"]"}
COMMAND: POST /session/7d4fbfd037fb9998338d13e3e1bba5cd/elements - {"using":"xpath","value":"//bdi[text()=\"OK\"]"}
RESULT: {"using":"xpath","value":"//bdi[text()=\"OK\"]"}
COMMAND: POST /session/7d4fbfd037fb9998338d13e3e1bba5cd/elements - {"using":"xpath","value":"//bdi[text()=\"OK\"]"}
RESULT: {"using":"xpath","value":"//bdi[text()=\"OK\"]"}
COMMAND: POST /session/7d4fbfd037fb9998338d13e3e1bba5cd/elements - {"using":"xpath","value":"//bdi[text()=\"OK\"]"}
RESULT: {"using":"xpath","value":"//bdi[text()=\"OK\"]"}
COMMAND: POST /session/7d4fbfd037fb9998338d13e3e1bba5cd/elements - {"using":"xpath","value":"//bdi[text()=\"OK\"]"}
RESULT: {"using":"xpath","value":"//bdi[text()=\"OK\"]"}
COMMAND: POST /session/7d4fbfd037fb9998338d13e3e1bba5cd/elements - {"using":"xpath","value":"//bdi[text()=\"OK\"]"}
RESULT: {"using":"xpath","value":"//bdi[text()=\"OK\"]"}
COMMAND: POST /session/7d4fbfd037fb9998338d13e3e1bba5cd/elements - {"using":"xpath","value":"//bdi[text()=\"OK\"]"}
RESULT: {"using":"xpath","value":"//bdi[text()=\"OK\"]"}
COMMAND: POST /session/7d4fbfd037fb9998338d13e3e1bba5cd/elements - {"using":"xpath","value":"//bdi[text()=\"OK\"]"}
RESULT: {"using":"xpath","value":"//bdi[text()=\"OK\"]"}
COMMAND: POST /session/7d4fbfd037fb9998338d13e3e1bba5cd/elements - {"using":"xpath","value":"//bdi[text()=\"OK\"]"}
RESULT: {"using":"xpath","value":"//bdi[text()=\"OK\"]"}
COMMAND: POST /session/7d4fbfd037fb9998338d13e3e1bba5cd/elements - {"using":"xpath","value":"//bdi[text()=\"OK\"]"}
RESULT: {"using":"xpath","value":"//bdi[text()=\"OK\"]"}
COMMAND: POST /session/7d4fbfd037fb9998338d13e3e1bba5cd/elements - {"using":"xpath","value":"//bdi[text()=\"OK\"]"}
RESULT: {"using":"xpath","value":"//bdi[text()=\"OK\"]"}
COMMAND: POST /session/7d4fbfd037fb9998338d13e3e1bba5cd/elements - {"using":"xpath","value":"//bdi[text()=\"OK\"]"}
RESULT: {"using":"xpath","value":"//bdi[text()=\"OK\"]"}
COMMAND: POST /session/7d4fbfd037fb9998338d13e3e1bba5cd/elements - {"using":"xpath","value":"//bdi[text()=\"OK\"]"}
RESULT: {"using":"xpath","value":"//bdi[text()=\"OK\"]"}
COMMAND: POST /session/7d4fbfd037fb9998338d13e3e1bba5cd/elements - {"using":"xpath","value":"//bdi[text()=\"OK\"]"}
RESULT: {"using":"xpath","value":"//bdi[text()=\"OK\"]"}
COMMAND: POST /session/7d4fbfd037fb9998338d13e3e1bba5cd/elements - {"using":"xpath","value":"//bdi[text()=\"OK\"]"}
RESULT: {"using":"xpath","value":"//bdi[text()=\"OK\"]"}
COMMAND: POST /session/7d4fbfd037fb9998338d13e3e1bba5cd/elements - {"using":"xpath","value":"//bdi[text()=\"OK\"]"}
RESULT: {"using":"xpath","value":"//bdi[text()=\"OK\"]"}
COMMAND: POST /session/7d4fbfd037fb9998338d13e3e1bba5cd/elements - {"using":"xpath","value":"//bdi[text()=\"OK\"]"}
RESULT: {"using":"xpath","value":"//bdi[text()=\"OK\"]"}
COMMAND: POST /session/7d4fbfd037fb9998338d13e3e1bba5cd/elements - {"using":"xpath","value":"//bdi[text()=\"OK\"]"}
RESULT: {"using":"xpath","value":"//bdi[text()=\"OK\"]"}
COMMAND: POST /session/7d4fbfd037fb9998338d13e3e1bba5cd/elements - {"using":"xpath","value":"//bdi[text()=\"OK\"]"}
RESULT: {"using":"xpath","value":"//bdi[text()=\"OK\"]"}
COMMAND: POST /session/7d4fbfd037fb9998338d13e3e1bba5cd/elements - {"using":"xpath","value":"//bdi[text()=\"OK\"]"}
RESULT: {"using":"xpath","value":"//bdi[text()=\"OK\"]"}
COMMAND: POST /session/7d4fbfd037fb9998338d13e3e1bba5cd/elements - {"using":"xpath","value":"//bdi[text()=\"OK\"]"}
RESULT: {"using":"xpath","value":"//bdi[text()=\"OK\"]"}
COMMAND: POST /session/7d4fbfd037fb9998338d13e3e1bba5cd/elements - {"using":"xpath","value":"//bdi[text()=\"OK\"]"}
RESULT: {"using":"xpath","value":"//bdi[text()=\"OK\"]"}
COMMAND: POST /session/7d4fbfd037fb9998338d13e3e1bba5cd/elements - {"using":"xpath","value":"//bdi[text()=\"OK\"]"}
RESULT: {"using":"xpath","value":"//bdi[text()=\"OK\"]"}
COMMAND: POST /session/7d4fbfd037fb9998338d13e3e1bba5cd/elements - {"using":"xpath","value":"//bdi[text()=\"OK\"]"}
RESULT: {"using":"xpath","value":"//bdi[text()=\"OK\"]"}
COMMAND: POST /session/7d4fbfd037fb9998338d13e3e1bba5cd/elements - {"using":"xpath","value":"//bdi[text()=\"OK\"]"}
RESULT: {"using":"xpath","value":"//bdi[text()=\"OK\"]"}
COMMAND: POST /session/7d4fbfd037fb9998338d13e3e1bba5cd/elements - {"using":"xpath","value":"//bdi[text()=\"OK\"]"}
RESULT: {"using":"xpath","value":"//bdi[text()=\"OK\"]"}
COMMAND: POST /session/7d4fbfd037fb9998338d13e3e1bba5cd/elements - {"using":"xpath","value":"//bdi[text()=\"OK\"]"}
RESULT: {"using":"xpath","value":"//bdi[text()=\"OK\"]"}
COMMAND: POST /session/7d4fbfd037fb9998338d13e3e1bba5cd/elements - {"using":"xpath","value":"//bdi[text()=\"OK\"]"}
RESULT: {"using":"xpath","value":"//bdi[text()=\"OK\"]"}
COMMAND: POST /session/7d4fbfd037fb9998338d13e3e1bba5cd/elements - {"using":"xpath","value":"//bdi[text()=\"OK\"]"}
RESULT: {"using":"xpath","value":"//bdi[text()=\"OK\"]"}
COMMAND: POST /session/7d4fbfd037fb9998338d13e3e1bba5cd/elements - {"using":"xpath","value":"//bdi[text()=\"OK\"]"}
RESULT: {"using":"xpath","value":"//bdi[text()=\"OK\"]"}
COMMAND: POST /session/7d4fbfd037fb9998338d13e3e1bba5cd/elements - {"using":"xpath","value":"//bdi[text()=\"OK\"]"}
RESULT: {"using":"xpath","value":"//bdi[text()=\"OK\"]"}
COMMAND: POST /session/7d4fbfd037fb9998338d13e3e1bba5cd/elements - {"using":"xpath","value":"//bdi[text()=\"OK\"]"}
RESULT: {"using":"xpath","value":"//bdi[text()=\"OK\"]"}
COMMAND: POST /session/7d4fbfd037fb9998338d13e3e1bba5cd/elements - {"using":"xpath","value":"//bdi[text()=\"OK\"]"}
RESULT: {"using":"xpath","value":"//bdi[text()=\"OK\"]"}
COMMAND: POST /session/7d4fbfd037fb9998338d13e3e1bba5cd/elements - {"using":"xpath","value":"//bdi[text()=\"OK\"]"}
RESULT: {"using":"xpath","value":"//bdi[text()=\"OK\"]"}
COMMAND: POST /session/7d4fbfd037fb9998338d13e3e1bba5cd/execute/async - {"script":"<script> [1562 bytes]","args":[{"selector":{"id":"application-manageresources-display-component---newResourceUnit--TYPE-arrow"},"wdio_ui5_key":"applicationmanageresources-display-component---newResourceUnit--TYPE-arrow"}]}
RESULT: {"script":"<script> [1562 bytes]","args":[{"selector":{"id":"application-manageresources-display-component---newResourceUnit--TYPE-arrow"},"wdio_ui5_key":"applicationmanageresources-display-component---newResourceUnit--TYPE-arrow"}]}
RESULT: undefined
COMMAND: POST /session/7d4fbfd037fb9998338d13e3e1bba5cd/element - {"using":"xpath","value":"//*[@id=\"application-manageresources-display-component---newResourceUnit--TYPE-arrow\"]"}
RESULT: {"using":"xpath","value":"//*[@id=\"application-manageresources-display-component---newResourceUnit--TYPE-arrow\"]"}
COMMAND: POST /session/7d4fbfd037fb9998338d13e3e1bba5cd/element/f.8197E7E82739F49E8E00421C1FF1176E.d.5FFD4B2FD3E427F149EAF3BEB7A9F95F.e.6215/click - {}
RESULT: {}
COMMAND: POST /session/7d4fbfd037fb9998338d13e3e1bba5cd/execute/async - {"script":"<script> [1562 bytes]","args":[{"selector":{"controlType":"sap.m.StandardListItem","viewName":"reusables.view.manageresources.NewResourceUnit","viewId":"application-manageresources-display-component---newResourceUnit","properties":{"title":"Material"},"searchOpenDialogs":true,"interaction":{"idSuffix":"titleText"}},"wdio_ui5_key":"reusablesview.manageresources.NewResourceUnitsap.m.StandardListItem{\"title\":\"Material\"}"}]}
COMMAND: GET /session/7d4fbfd037fb9998338d13e3e1bba5cd/screenshot - {}
RESULT: {"script":"<script> [1562 bytes]","args":[{"selector":{"controlType":"sap.m.StandardListItem","viewName":"reusables.view.manageresources.NewResourceUnit","viewId":"application-manageresources-display-component---newResourceUnit","properties":{"title":"Material"},"searchOpenDialogs":true,"interaction":{"idSuffix":"titleText"}},"wdio_ui5_key":"reusablesview.manageresources.NewResourceUnitsap.m.StandardListItem{\"title\":\"Material\"}"}]}
RESULT: undefined
COMMAND: POST /session/7d4fbfd037fb9998338d13e3e1bba5cd/element - {"using":"xpath","value":"//*[@id=\"__item143\"]"}
RESULT: {}
RESULT: {"using":"xpath","value":"//*[@id=\"__item143\"]"}
COMMAND: POST /session/7d4fbfd037fb9998338d13e3e1bba5cd/element/f.8197E7E82739F49E8E00421C1FF1176E.d.5FFD4B2FD3E427F149EAF3BEB7A9F95F.e.6218/click - {}
RESULT: {}
COMMAND: POST /session/7d4fbfd037fb9998338d13e3e1bba5cd/execute/async - {"script":"<script> [1562 bytes]","args":[{"selector":{"id":"application-manageresources-display-component---newResourceUnit--SHORT_TEXT","interaction":{"idSuffix":"inner"}},"wdio_ui5_key":"applicationmanageresources-display-component---newResourceUnit--SHORT_TEXT"}]}
COMMAND: GET /session/7d4fbfd037fb9998338d13e3e1bba5cd/screenshot - {}
RESULT: {"script":"<script> [1562 bytes]","args":[{"selector":{"id":"application-manageresources-display-component---newResourceUnit--SHORT_TEXT","interaction":{"idSuffix":"inner"}},"wdio_ui5_key":"applicationmanageresources-display-component---newResourceUnit--SHORT_TEXT"}]}
RESULT: undefined
COMMAND: POST /session/7d4fbfd037fb9998338d13e3e1bba5cd/execute/async - {"script":"<script> [776 bytes]","args":[{"enterText":"WebdriverWHM_RU R2C4j9e3","selector":{"id":"application-manageresources-display-component---newResourceUnit--SHORT_TEXT","interaction":{"idSuffix":"inner"}},"clearTextFirst":true,"interactionType":"ENTER_TEXT"}]}
RESULT: {}
RESULT: {"script":"<script> [776 bytes]","args":[{"enterText":"WebdriverWHM_RU R2C4j9e3","selector":{"id":"application-manageresources-display-component---newResourceUnit--SHORT_TEXT","interaction":{"idSuffix":"inner"}},"clearTextFirst":true,"interactionType":"ENTER_TEXT"}]}
COMMAND: POST /session/7d4fbfd037fb9998338d13e3e1bba5cd/execute/async - {"script":"<script> [1562 bytes]","args":[{"selector":{"id":"application-manageresources-display-component---newResourceUnit--BASE_UNIT_OF_MEASURE-arrow"},"wdio_ui5_key":"applicationmanageresources-display-component---newResourceUnit--BASE_UNIT_OF_MEASURE-arrow"}]}
RESULT: {"script":"<script> [1562 bytes]","args":[{"selector":{"id":"application-manageresources-display-component---newResourceUnit--BASE_UNIT_OF_MEASURE-arrow"},"wdio_ui5_key":"applicationmanageresources-display-component---newResourceUnit--BASE_UNIT_OF_MEASURE-arrow"}]}
RESULT: undefined
COMMAND: POST /session/7d4fbfd037fb9998338d13e3e1bba5cd/element - {"using":"xpath","value":"//*[@id=\"application-manageresources-display-component---newResourceUnit--BASE_UNIT_OF_MEASURE-arrow\"]"}
RESULT: {"using":"xpath","value":"//*[@id=\"application-manageresources-display-component---newResourceUnit--BASE_UNIT_OF_MEASURE-arrow\"]"}
COMMAND: POST /session/7d4fbfd037fb9998338d13e3e1bba5cd/element/f.8197E7E82739F49E8E00421C1FF1176E.d.5FFD4B2FD3E427F149EAF3BEB7A9F95F.e.6276/click - {}
RESULT: {}
COMMAND: POST /session/7d4fbfd037fb9998338d13e3e1bba5cd/execute/async - {"script":"<script> [1562 bytes]","args":[{"selector":{"controlType":"sap.m.StandardListItem","viewName":"reusables.view.manageresources.NewResourceUnit","viewId":"application-manageresources-display-component---newResourceUnit","properties":{"title":"Piece"},"searchOpenDialogs":true,"interaction":{"idSuffix":"content"}},"wdio_ui5_key":"reusablesview.manageresources.NewResourceUnitsap.m.StandardListItem{\"title\":\"Piece\"}"}]}
COMMAND: GET /session/7d4fbfd037fb9998338d13e3e1bba5cd/screenshot - {}
RESULT: {"script":"<script> [1562 bytes]","args":[{"selector":{"controlType":"sap.m.StandardListItem","viewName":"reusables.view.manageresources.NewResourceUnit","viewId":"application-manageresources-display-component---newResourceUnit","properties":{"title":"Piece"},"searchOpenDialogs":true,"interaction":{"idSuffix":"content"}},"wdio_ui5_key":"reusablesview.manageresources.NewResourceUnitsap.m.StandardListItem{\"title\":\"Piece\"}"}]}
RESULT: undefined
COMMAND: POST /session/7d4fbfd037fb9998338d13e3e1bba5cd/element - {"using":"xpath","value":"//*[@id=\"__item187\"]"}
RESULT: {}
RESULT: {"using":"xpath","value":"//*[@id=\"__item187\"]"}
COMMAND: POST /session/7d4fbfd037fb9998338d13e3e1bba5cd/element/f.8197E7E82739F49E8E00421C1FF1176E.d.5FFD4B2FD3E427F149EAF3BEB7A9F95F.e.6278/click - {}
RESULT: {}
COMMAND: POST /session/7d4fbfd037fb9998338d13e3e1bba5cd/execute/async - {"script":"<script> [1562 bytes]","args":[{"selector":{"id":"application-manageresources-display-component---newResourceUnit--WEIGHT_UNIT-arrow"},"wdio_ui5_key":"applicationmanageresources-display-component---newResourceUnit--WEIGHT_UNIT-arrow"}]}
COMMAND: GET /session/7d4fbfd037fb9998338d13e3e1bba5cd/screenshot - {}
RESULT: {"script":"<script> [1562 bytes]","args":[{"selector":{"id":"application-manageresources-display-component---newResourceUnit--WEIGHT_UNIT-arrow"},"wdio_ui5_key":"applicationmanageresources-display-component---newResourceUnit--WEIGHT_UNIT-arrow"}]}
RESULT: undefined
COMMAND: POST /session/7d4fbfd037fb9998338d13e3e1bba5cd/element - {"using":"xpath","value":"//*[@id=\"application-manageresources-display-component---newResourceUnit--WEIGHT_UNIT-arrow\"]"}
RESULT: {}
RESULT: {"using":"xpath","value":"//*[@id=\"application-manageresources-display-component---newResourceUnit--WEIGHT_UNIT-arrow\"]"}
COMMAND: POST /session/7d4fbfd037fb9998338d13e3e1bba5cd/element/f.8197E7E82739F49E8E00421C1FF1176E.d.5FFD4B2FD3E427F149EAF3BEB7A9F95F.e.6279/click - {}
RESULT: {}
COMMAND: POST /session/7d4fbfd037fb9998338d13e3e1bba5cd/execute/async - {"script":"<script> [1562 bytes]","args":[{"selector":{"controlType":"sap.m.StandardListItem","viewName":"reusables.view.manageresources.NewResourceUnit","viewId":"application-manageresources-display-component---newResourceUnit","properties":{"title":"Gram"},"searchOpenDialogs":true,"interaction":{"idSuffix":"content"}},"wdio_ui5_key":"reusablesview.manageresources.NewResourceUnitsap.m.StandardListItem{\"title\":\"Gram\"}"}]}
COMMAND: GET /session/7d4fbfd037fb9998338d13e3e1bba5cd/screenshot - {}
RESULT: {"script":"<script> [1562 bytes]","args":[{"selector":{"controlType":"sap.m.StandardListItem","viewName":"reusables.view.manageresources.NewResourceUnit","viewId":"application-manageresources-display-component---newResourceUnit","properties":{"title":"Gram"},"searchOpenDialogs":true,"interaction":{"idSuffix":"content"}},"wdio_ui5_key":"reusablesview.manageresources.NewResourceUnitsap.m.StandardListItem{\"title\":\"Gram\"}"}]}
RESULT: undefined
COMMAND: POST /session/7d4fbfd037fb9998338d13e3e1bba5cd/element - {"using":"xpath","value":"//*[@id=\"__item252\"]"}
RESULT: {}
RESULT: {"using":"xpath","value":"//*[@id=\"__item252\"]"}
COMMAND: POST /session/7d4fbfd037fb9998338d13e3e1bba5cd/element/f.8197E7E82739F49E8E00421C1FF1176E.d.5FFD4B2FD3E427F149EAF3BEB7A9F95F.e.6281/click - {}
RESULT: {}
COMMAND: GET /session/7d4fbfd037fb9998338d13e3e1bba5cd/screenshot - {}
RESULT: {}
COMMAND: POST /session/7d4fbfd037fb9998338d13e3e1bba5cd/execute/async - {"script":"<script> [1562 bytes]","args":[{"selector":{"id":"application-manageresources-display-component---newResourceUnit--newRRUPage-OPHeaderContent-collapseBtn-img"},"wdio_ui5_key":"applicationmanageresources-display-component---newResourceUnit--newRRUPage-OPHeaderContent-collapseBtn-img"}]}
RESULT: {"script":"<script> [1562 bytes]","args":[{"selector":{"id":"application-manageresources-display-component---newResourceUnit--newRRUPage-OPHeaderContent-collapseBtn-img"},"wdio_ui5_key":"applicationmanageresources-display-component---newResourceUnit--newRRUPage-OPHeaderContent-collapseBtn-img"}]}
RESULT: undefined
COMMAND: POST /session/7d4fbfd037fb9998338d13e3e1bba5cd/element - {"using":"xpath","value":"//*[@id=\"application-manageresources-display-component---newResourceUnit--newRRUPage-OPHeaderContent-collapseBtn-img\"]"}
RESULT: {"using":"xpath","value":"//*[@id=\"application-manageresources-display-component---newResourceUnit--newRRUPage-OPHeaderContent-collapseBtn-img\"]"}
COMMAND: POST /session/7d4fbfd037fb9998338d13e3e1bba5cd/element/f.8197E7E82739F49E8E00421C1FF1176E.d.5FFD4B2FD3E427F149EAF3BEB7A9F95F.e.6227/click - {}
RESULT: {}
COMMAND: GET /session/7d4fbfd037fb9998338d13e3e1bba5cd/screenshot - {}
RESULT: {}
COMMAND: POST /session/7d4fbfd037fb9998338d13e3e1bba5cd/element - {"using":"xpath","value":"(//span[contains(@id ,\"application-manageresources-display-component---newResourceUnit--DIMENSION_UNIT-arrow\")])[1]"}
RESULT: {"using":"xpath","value":"(//span[contains(@id ,\"application-manageresources-display-component---newResourceUnit--DIMENSION_UNIT-arrow\")])[1]"}
COMMAND: POST /session/7d4fbfd037fb9998338d13e3e1bba5cd/element/f.8197E7E82739F49E8E00421C1FF1176E.d.5FFD4B2FD3E427F149EAF3BEB7A9F95F.e.6285/click - {}
RESULT: {}
COMMAND: GET /session/7d4fbfd037fb9998338d13e3e1bba5cd/screenshot - {}
RESULT: {}
COMMAND: POST /session/7d4fbfd037fb9998338d13e3e1bba5cd/execute/async - {"script":"<script> [1562 bytes]","args":[{"selector":{"controlType":"sap.m.StandardListItem","viewName":"reusables.view.manageresources.NewResourceUnit","viewId":"application-manageresources-display-component---newResourceUnit","properties":{"title":"Centimeter"},"searchOpenDialogs":true,"interaction":{"idSuffix":"titleText"}},"wdio_ui5_key":"reusablesview.manageresources.NewResourceUnitsap.m.StandardListItem{\"title\":\"Centimeter\"}"}]}
RESULT: {"script":"<script> [1562 bytes]","args":[{"selector":{"controlType":"sap.m.StandardListItem","viewName":"reusables.view.manageresources.NewResourceUnit","viewId":"application-manageresources-display-component---newResourceUnit","properties":{"title":"Centimeter"},"searchOpenDialogs":true,"interaction":{"idSuffix":"titleText"}},"wdio_ui5_key":"reusablesview.manageresources.NewResourceUnitsap.m.StandardListItem{\"title\":\"Centimeter\"}"}]}
RESULT: undefined
COMMAND: POST /session/7d4fbfd037fb9998338d13e3e1bba5cd/element - {"using":"xpath","value":"//*[@id=\"__item255\"]"}
RESULT: {"using":"xpath","value":"//*[@id=\"__item255\"]"}
COMMAND: POST /session/7d4fbfd037fb9998338d13e3e1bba5cd/element/f.8197E7E82739F49E8E00421C1FF1176E.d.5FFD4B2FD3E427F149EAF3BEB7A9F95F.e.6289/click - {}
RESULT: {}
COMMAND: GET /session/7d4fbfd037fb9998338d13e3e1bba5cd/screenshot - {}
RESULT: {}
COMMAND: POST /session/7d4fbfd037fb9998338d13e3e1bba5cd/execute/async - {"script":"<script> [1562 bytes]","args":[{"selector":{"id":"application-manageresources-display-component---newResourceUnit--newRRUPage-anchBar-application-manageresources-display-component---newResourceUnit--reference-anchor","interaction":{"idSuffix":"BDI-content"}},"wdio_ui5_key":"applicationmanageresources-display-component---newResourceUnit--newRRUPage-anchBar-application-manageresources-display-component---newResourceUnit--reference-anchor"}]}
RESULT: {"script":"<script> [1562 bytes]","args":[{"selector":{"id":"application-manageresources-display-component---newResourceUnit--newRRUPage-anchBar-application-manageresources-display-component---newResourceUnit--reference-anchor","interaction":{"idSuffix":"BDI-content"}},"wdio_ui5_key":"applicationmanageresources-display-component---newResourceUnit--newRRUPage-anchBar-application-manageresources-display-component---newResourceUnit--reference-anchor"}]}
RESULT: undefined
COMMAND: POST /session/7d4fbfd037fb9998338d13e3e1bba5cd/element - {"using":"xpath","value":"//*[@id=\"application-manageresources-display-component---newResourceUnit--newRRUPage-anchBar-application-manageresources-display-component---newResourceUnit--reference-anchor\"]"}
RESULT: {"using":"xpath","value":"//*[@id=\"application-manageresources-display-component---newResourceUnit--newRRUPage-anchBar-application-manageresources-display-component---newResourceUnit--reference-anchor\"]"}
COMMAND: POST /session/7d4fbfd037fb9998338d13e3e1bba5cd/element/f.8197E7E82739F49E8E00421C1FF1176E.d.5FFD4B2FD3E427F149EAF3BEB7A9F95F.e.6291/click - {}
RESULT: {}
COMMAND: POST /session/7d4fbfd037fb9998338d13e3e1bba5cd/execute/async - {"script":"<script> [1562 bytes]","args":[{"selector":{"id":"application-manageresources-display-component---newResourceUnit--PLANNING_GROUP-arrow"},"wdio_ui5_key":"applicationmanageresources-display-component---newResourceUnit--PLANNING_GROUP-arrow"}]}
COMMAND: GET /session/7d4fbfd037fb9998338d13e3e1bba5cd/screenshot - {}
RESULT: {"script":"<script> [1562 bytes]","args":[{"selector":{"id":"application-manageresources-display-component---newResourceUnit--PLANNING_GROUP-arrow"},"wdio_ui5_key":"applicationmanageresources-display-component---newResourceUnit--PLANNING_GROUP-arrow"}]}
RESULT: undefined
COMMAND: POST /session/7d4fbfd037fb9998338d13e3e1bba5cd/element - {"using":"xpath","value":"//*[@id=\"application-manageresources-display-component---newResourceUnit--PLANNING_GROUP-arrow\"]"}
RESULT: {}
RESULT: {"using":"xpath","value":"//*[@id=\"application-manageresources-display-component---newResourceUnit--PLANNING_GROUP-arrow\"]"}
COMMAND: POST /session/7d4fbfd037fb9998338d13e3e1bba5cd/element/f.8197E7E82739F49E8E00421C1FF1176E.d.5FFD4B2FD3E427F149EAF3BEB7A9F95F.e.6297/click - {}
RESULT: {}
COMMAND: POST /session/7d4fbfd037fb9998338d13e3e1bba5cd/execute/async - {"script":"<script> [1562 bytes]","args":[{"selector":{"controlType":"sap.m.StandardListItem","viewName":"reusables.view.manageresources.NewResourceUnit","viewId":"application-manageresources-display-component---newResourceUnit","properties":{"title":"Heavy Equi"},"searchOpenDialogs":true,"interaction":{"idSuffix":"content"}},"wdio_ui5_key":"reusablesview.manageresources.NewResourceUnitsap.m.StandardListItem{\"title\":\"Heavy Equi\"}"}]}
COMMAND: GET /session/7d4fbfd037fb9998338d13e3e1bba5cd/screenshot - {}
RESULT: {"script":"<script> [1562 bytes]","args":[{"selector":{"controlType":"sap.m.StandardListItem","viewName":"reusables.view.manageresources.NewResourceUnit","viewId":"application-manageresources-display-component---newResourceUnit","properties":{"title":"Heavy Equi"},"searchOpenDialogs":true,"interaction":{"idSuffix":"content"}},"wdio_ui5_key":"reusablesview.manageresources.NewResourceUnitsap.m.StandardListItem{\"title\":\"Heavy Equi\"}"}]}
RESULT: undefined
COMMAND: POST /session/7d4fbfd037fb9998338d13e3e1bba5cd/element - {"using":"xpath","value":"//*[@id=\"__item263\"]"}
RESULT: {}
RESULT: {"using":"xpath","value":"//*[@id=\"__item263\"]"}
COMMAND: POST /session/7d4fbfd037fb9998338d13e3e1bba5cd/element/f.8197E7E82739F49E8E00421C1FF1176E.d.5FFD4B2FD3E427F149EAF3BEB7A9F95F.e.6299/click - {}
RESULT: {}
COMMAND: GET /session/7d4fbfd037fb9998338d13e3e1bba5cd/screenshot - {}
RESULT: {}
COMMAND: POST /session/7d4fbfd037fb9998338d13e3e1bba5cd/execute/async - {"script":"<script> [1562 bytes]","args":[{"selector":{"id":"application-manageresources-display-component---newResourceUnit--PLANNING_INDICATOR-arrow"},"wdio_ui5_key":"applicationmanageresources-display-component---newResourceUnit--PLANNING_INDICATOR-arrow"}]}
RESULT: {"script":"<script> [1562 bytes]","args":[{"selector":{"id":"application-manageresources-display-component---newResourceUnit--PLANNING_INDICATOR-arrow"},"wdio_ui5_key":"applicationmanageresources-display-component---newResourceUnit--PLANNING_INDICATOR-arrow"}]}
RESULT: undefined
COMMAND: POST /session/7d4fbfd037fb9998338d13e3e1bba5cd/element - {"using":"xpath","value":"//*[@id=\"application-manageresources-display-component---newResourceUnit--PLANNING_INDICATOR-arrow\"]"}
RESULT: {"using":"xpath","value":"//*[@id=\"application-manageresources-display-component---newResourceUnit--PLANNING_INDICATOR-arrow\"]"}
COMMAND: POST /session/7d4fbfd037fb9998338d13e3e1bba5cd/element/f.8197E7E82739F49E8E00421C1FF1176E.d.5FFD4B2FD3E427F149EAF3BEB7A9F95F.e.6300/click - {}
RESULT: {}
COMMAND: POST /session/7d4fbfd037fb9998338d13e3e1bba5cd/execute/async - {"script":"<script> [1562 bytes]","args":[{"selector":{"controlType":"sap.m.StandardListItem","viewName":"reusables.view.manageresources.NewResourceUnit","viewId":"application-manageresources-display-component---newResourceUnit","properties":{"title":"10 - infinite"},"searchOpenDialogs":true,"interaction":{"idSuffix":"content"}},"wdio_ui5_key":"reusablesview.manageresources.NewResourceUnitsap.m.StandardListItem{\"title\":\"10 - infinite\"}"}]}
COMMAND: GET /session/7d4fbfd037fb9998338d13e3e1bba5cd/screenshot - {}
RESULT: {"script":"<script> [1562 bytes]","args":[{"selector":{"controlType":"sap.m.StandardListItem","viewName":"reusables.view.manageresources.NewResourceUnit","viewId":"application-manageresources-display-component---newResourceUnit","properties":{"title":"10 - infinite"},"searchOpenDialogs":true,"interaction":{"idSuffix":"content"}},"wdio_ui5_key":"reusablesview.manageresources.NewResourceUnitsap.m.StandardListItem{\"title\":\"10 - infinite\"}"}]}
RESULT: undefined
COMMAND: POST /session/7d4fbfd037fb9998338d13e3e1bba5cd/element - {"using":"xpath","value":"//*[@id=\"__item273\"]"}
RESULT: {}
RESULT: {"using":"xpath","value":"//*[@id=\"__item273\"]"}
COMMAND: POST /session/7d4fbfd037fb9998338d13e3e1bba5cd/element/f.8197E7E82739F49E8E00421C1FF1176E.d.5FFD4B2FD3E427F149EAF3BEB7A9F95F.e.6302/click - {}
RESULT: {}
COMMAND: GET /session/7d4fbfd037fb9998338d13e3e1bba5cd/screenshot - {}
RESULT: {}
COMMAND: POST /session/7d4fbfd037fb9998338d13e3e1bba5cd/element - {"using":"xpath","value":"//bdi[contains(text(), \"Time Segment\")]"}
RESULT: {"using":"xpath","value":"//bdi[contains(text(), \"Time Segment\")]"}
COMMAND: GET /session/7d4fbfd037fb9998338d13e3e1bba5cd/element/f.8197E7E82739F49E8E00421C1FF1176E.d.5FFD4B2FD3E427F149EAF3BEB7A9F95F.e.6303/rect - {}
RESULT: {}
COMMAND: GET /session/7d4fbfd037fb9998338d13e3e1bba5cd/window/rect - {}
RESULT: {}
COMMAND: POST /session/7d4fbfd037fb9998338d13e3e1bba5cd/execute/sync - {"script":"<script> [92 bytes]","args":[]}
RESULT: {"script":"<script> [92 bytes]","args":[]}
COMMAND: POST /session/7d4fbfd037fb9998338d13e3e1bba5cd/actions - {"actions":[{"id":"action19","type":"wheel","parameters":{},"actions":[{"type":"scroll","x":-1804,"y":-21,"deltaX":0,"deltaY":0,"duration":0,"origin":{"element-6066-11e4-a52e-4f735466cecf":"f.8197E7E82739F49E8E00421C1FF1176E.d.5FFD4B2FD3E427F149EAF3BEB7A9F95F.e.6303"}}]}]}
COMMAND: GET /session/7d4fbfd037fb9998338d13e3e1bba5cd/screenshot - {}
RESULT: {}
COMMAND: POST /session/7d4fbfd037fb9998338d13e3e1bba5cd/execute/sync - {"script":"<script> [79 bytes]","args":[{"element-6066-11e4-a52e-4f735466cecf":"f.8197E7E82739F49E8E00421C1FF1176E.d.5FFD4B2FD3E427F149EAF3BEB7A9F95F.e.6303","ELEMENT":"f.8197E7E82739F49E8E00421C1FF1176E.d.5FFD4B2FD3E427F149EAF3BEB7A9F95F.e.6303"},{"block":"start","inline":"nearest"}]}
RESULT: {"script":"<script> [79 bytes]","args":[{"element-6066-11e4-a52e-4f735466cecf":"f.8197E7E82739F49E8E00421C1FF1176E.d.5FFD4B2FD3E427F149EAF3BEB7A9F95F.e.6303","ELEMENT":"f.8197E7E82739F49E8E00421C1FF1176E.d.5FFD4B2FD3E427F149EAF3BEB7A9F95F.e.6303"},{"block":"start","inline":"nearest"}]}
COMMAND: GET /session/7d4fbfd037fb9998338d13e3e1bba5cd/screenshot - {}
RESULT: {}
COMMAND: POST /session/7d4fbfd037fb9998338d13e3e1bba5cd/element - {"using":"xpath","value":"//span[@id=\"application-manageresources-display-component---newResourceUnit--btnAddTimeSegment-img\"]"}
RESULT: {"using":"xpath","value":"//span[@id=\"application-manageresources-display-component---newResourceUnit--btnAddTimeSegment-img\"]"}
COMMAND: POST /session/7d4fbfd037fb9998338d13e3e1bba5cd/execute/sync - {"script":"<script> [8489 bytes]","args":[{"element-6066-11e4-a52e-4f735466cecf":"f.8197E7E82739F49E8E00421C1FF1176E.d.5FFD4B2FD3E427F149EAF3BEB7A9F95F.e.6306","ELEMENT":"f.8197E7E82739F49E8E00421C1FF1176E.d.5FFD4B2FD3E427F149EAF3BEB7A9F95F.e.6306"}]}
RESULT: {"script":"<script> [8489 bytes]","args":[{"element-6066-11e4-a52e-4f735466cecf":"f.8197E7E82739F49E8E00421C1FF1176E.d.5FFD4B2FD3E427F149EAF3BEB7A9F95F.e.6306","ELEMENT":"f.8197E7E82739F49E8E00421C1FF1176E.d.5FFD4B2FD3E427F149EAF3BEB7A9F95F.e.6306"}]}
COMMAND: POST /session/7d4fbfd037fb9998338d13e3e1bba5cd/element/f.8197E7E82739F49E8E00421C1FF1176E.d.5FFD4B2FD3E427F149EAF3BEB7A9F95F.e.6306/click - {}
COMMAND: GET /session/7d4fbfd037fb9998338d13e3e1bba5cd/screenshot - {}
RESULT: {}
COMMAND: GET /session/7d4fbfd037fb9998338d13e3e1bba5cd/screenshot - {}
COMMAND: POST /session/7d4fbfd037fb9998338d13e3e1bba5cd/element - {"using":"xpath","value":"//input[@id=\"application-manageresources-display-component---newResourceUnit--idRuTSAdmin-application-manageresources-display-component---newResourceUnit--RUTimeSegment-0-inner\"]"}
RESULT: {}
RESULT: {}
RESULT: {"using":"xpath","value":"//input[@id=\"application-manageresources-display-component---newResourceUnit--idRuTSAdmin-application-manageresources-display-component---newResourceUnit--RUTimeSegment-0-inner\"]"}
COMMAND: POST /session/7d4fbfd037fb9998338d13e3e1bba5cd/element/f.8197E7E82739F49E8E00421C1FF1176E.d.5FFD4B2FD3E427F149EAF3BEB7A9F95F.e.6309/clear - {}
RESULT: {}
COMMAND: POST /session/7d4fbfd037fb9998338d13e3e1bba5cd/element/f.8197E7E82739F49E8E00421C1FF1176E.d.5FFD4B2FD3E427F149EAF3BEB7A9F95F.e.6309/value - {"text":"285"}
COMMAND: GET /session/7d4fbfd037fb9998338d13e3e1bba5cd/screenshot - {}
RESULT: {"text":"285"}
COMMAND: GET /session/7d4fbfd037fb9998338d13e3e1bba5cd/screenshot - {}
RESULT: {}
RESULT: {}
COMMAND: POST /session/7d4fbfd037fb9998338d13e3e1bba5cd/actions - {"actions":[{"id":"action20","type":"key","parameters":{},"actions":[{"type":"keyDown","value":"î€‡"},{"type":"pause","duration":10},{"type":"keyUp","value":"î€‡"}]}]}
RESULT: {"actions":[{"id":"action20","type":"key","parameters":{},"actions":[{"type":"keyDown","value":"î€‡"},{"type":"pause","duration":10},{"type":"keyUp","value":"î€‡"}]}]}
COMMAND: POST /session/7d4fbfd037fb9998338d13e3e1bba5cd/execute/async - {"script":"<script> [1562 bytes]","args":[{"selector":{"controlType":"sap.m.Button","viewName":"reusables.view.manageresources.NewResourceUnit","viewId":"application-manageresources-display-component---newResourceUnit","i18NText":{"propertyName":"tooltip","key":"save"},"interaction":{"idSuffix":"BDI-content"}},"wdio_ui5_key":"reusablesview.manageresources.NewResourceUnitsap.m.Button{\"propertyName\":\"tooltip\",\"key\":\"save\"}"}]}
COMMAND: GET /session/7d4fbfd037fb9998338d13e3e1bba5cd/screenshot - {}
RESULT: {"script":"<script> [1562 bytes]","args":[{"selector":{"controlType":"sap.m.Button","viewName":"reusables.view.manageresources.NewResourceUnit","viewId":"application-manageresources-display-component---newResourceUnit","i18NText":{"propertyName":"tooltip","key":"save"},"interaction":{"idSuffix":"BDI-content"}},"wdio_ui5_key":"reusablesview.manageresources.NewResourceUnitsap.m.Button{\"propertyName\":\"tooltip\",\"key\":\"save\"}"}]}
RESULT: undefined
COMMAND: POST /session/7d4fbfd037fb9998338d13e3e1bba5cd/element - {"using":"xpath","value":"//*[@id=\"application-manageresources-display-component---newResourceUnit--createRuButton\"]"}
RESULT: {}
RESULT: {"using":"xpath","value":"//*[@id=\"application-manageresources-display-component---newResourceUnit--createRuButton\"]"}
COMMAND: POST /session/7d4fbfd037fb9998338d13e3e1bba5cd/element/f.8197E7E82739F49E8E00421C1FF1176E.d.5FFD4B2FD3E427F149EAF3BEB7A9F95F.e.6233/click - {}
RESULT: {}
COMMAND: GET /session/7d4fbfd037fb9998338d13e3e1bba5cd/screenshot - {}
RESULT: {}
COMMAND: POST /session/7d4fbfd037fb9998338d13e3e1bba5cd/execute/async - {"script":"<script> [1562 bytes]","args":[{"selector":{"controlType":"sap.m.Title","properties":{"text":"Success"},"searchOpenDialogs":true},"wdio_ui5_key":"sapm.Title{\"text\":\"Success\"}"}]}
RESULT: {"script":"<script> [1562 bytes]","args":[{"selector":{"controlType":"sap.m.Title","properties":{"text":"Success"},"searchOpenDialogs":true},"wdio_ui5_key":"sapm.Title{\"text\":\"Success\"}"}]}
RESULT: undefined
COMMAND: POST /session/7d4fbfd037fb9998338d13e3e1bba5cd/execute/async - {"script":"<script> [6424 bytes]","args":[{"element-6066-11e4-a52e-4f735466cecf":"f.8197E7E82739F49E8E00421C1FF1176E.d.5FFD4B2FD3E427F149EAF3BEB7A9F95F.e.6323"},"getText",[]]}
RESULT: {"script":"<script> [6424 bytes]","args":[{"element-6066-11e4-a52e-4f735466cecf":"f.8197E7E82739F49E8E00421C1FF1176E.d.5FFD4B2FD3E427F149EAF3BEB7A9F95F.e.6323"},"getText",[]]}
COMMAND: POST /session/7d4fbfd037fb9998338d13e3e1bba5cd/element - {"using":"xpath","value":"//*[contains(@id, '__text') and (contains(text(), 'successfully created') or contains(., 'successfully created'))]"}
RESULT: {"using":"xpath","value":"//*[contains(@id, '__text') and (contains(text(), 'successfully created') or contains(., 'successfully created'))]"}
COMMAND: GET /session/7d4fbfd037fb9998338d13e3e1bba5cd/element/f.8197E7E82739F49E8E00421C1FF1176E.d.5FFD4B2FD3E427F149EAF3BEB7A9F95F.e.6321/text - {}
RESULT: {}
COMMAND: POST /session/7d4fbfd037fb9998338d13e3e1bba5cd/execute/async - {"script":"<script> [1562 bytes]","args":[{"selector":{"controlType":"sap.m.Button","properties":{"text":"Close"},"searchOpenDialogs":true,"interaction":{"idSuffix":"BDI-content"}},"wdio_ui5_key":"sapm.Button{\"text\":\"Close\"}"}]}
RESULT: {"script":"<script> [1562 bytes]","args":[{"selector":{"controlType":"sap.m.Button","properties":{"text":"Close"},"searchOpenDialogs":true,"interaction":{"idSuffix":"BDI-content"}},"wdio_ui5_key":"sapm.Button{\"text\":\"Close\"}"}]}
RESULT: undefined
COMMAND: POST /session/7d4fbfd037fb9998338d13e3e1bba5cd/element - {"using":"xpath","value":"//*[@id=\"__mbox-btn-0\"]"}
RESULT: {"using":"xpath","value":"//*[@id=\"__mbox-btn-0\"]"}
COMMAND: POST /session/7d4fbfd037fb9998338d13e3e1bba5cd/element/f.8197E7E82739F49E8E00421C1FF1176E.d.5FFD4B2FD3E427F149EAF3BEB7A9F95F.e.6319/click - {}
RESULT: {}
COMMAND: GET /session/7d4fbfd037fb9998338d13e3e1bba5cd/screenshot - {}
RESULT: {}
COMMAND: POST /session/7d4fbfd037fb9998338d13e3e1bba5cd/execute/async - {"script":"<script> [1562 bytes]","args":[{"selector":{"controlType":"sap.ui.core.Icon","viewName":"etm.portal.ui.manageresources.view.Detail","viewId":"application-manageresources-display-component---detailRU","properties":{"src":{"regex":{"source":"overflow"}}}},"wdio_ui5_key":"etmportal.ui.manageresources.view.Detailsap.ui.core.Icon{\"src\":{\"regex\":{\"source\":\"overflow\"}}}"}]}
RESULT: {"script":"<script> [1562 bytes]","args":[{"selector":{"controlType":"sap.ui.core.Icon","viewName":"etm.portal.ui.manageresources.view.Detail","viewId":"application-manageresources-display-component---detailRU","properties":{"src":{"regex":{"source":"overflow"}}}},"wdio_ui5_key":"etmportal.ui.manageresources.view.Detailsap.ui.core.Icon{\"src\":{\"regex\":{\"source\":\"overflow\"}}}"}]}
RESULT: undefined
COMMAND: POST /session/7d4fbfd037fb9998338d13e3e1bba5cd/element - {"using":"xpath","value":"//*[@id=\"__title15-_actionsToolbar-overflowButton-img\"]"}
RESULT: {"using":"xpath","value":"//*[@id=\"__title15-_actionsToolbar-overflowButton-img\"]"}
COMMAND: POST /session/7d4fbfd037fb9998338d13e3e1bba5cd/element/f.8197E7E82739F49E8E00421C1FF1176E.d.5FFD4B2FD3E427F149EAF3BEB7A9F95F.e.6356/click - {}
RESULT: {}
COMMAND: POST /session/7d4fbfd037fb9998338d13e3e1bba5cd/execute/async - {"script":"<script> [1562 bytes]","args":[{"selector":{"controlType":"sap.m.Button","viewName":"etm.portal.ui.manageresources.view.Detail","viewId":"application-manageresources-display-component---detailRU","i18NText":{"propertyName":"tooltip","key":"closeColumn"},"searchOpenDialogs":true,"interaction":{"idSuffix":"inner"}},"wdio_ui5_key":"etmportal.ui.manageresources.view.Detailsap.m.Button{\"propertyName\":\"tooltip\",\"key\":\"closeColumn\"}"}]}
COMMAND: GET /session/7d4fbfd037fb9998338d13e3e1bba5cd/screenshot - {}
RESULT: {"script":"<script> [1562 bytes]","args":[{"selector":{"controlType":"sap.m.Button","viewName":"etm.portal.ui.manageresources.view.Detail","viewId":"application-manageresources-display-component---detailRU","i18NText":{"propertyName":"tooltip","key":"closeColumn"},"searchOpenDialogs":true,"interaction":{"idSuffix":"inner"}},"wdio_ui5_key":"etmportal.ui.manageresources.view.Detailsap.m.Button{\"propertyName\":\"tooltip\",\"key\":\"closeColumn\"}"}]}
RESULT: undefined
COMMAND: POST /session/7d4fbfd037fb9998338d13e3e1bba5cd/element - {"using":"xpath","value":"//*[@id=\"__button41\"]"}
RESULT: {}
RESULT: {"using":"xpath","value":"//*[@id=\"__button41\"]"}
COMMAND: POST /session/7d4fbfd037fb9998338d13e3e1bba5cd/element/f.8197E7E82739F49E8E00421C1FF1176E.d.5FFD4B2FD3E427F149EAF3BEB7A9F95F.e.6358/click - {}
RESULT: {}
COMMAND: POST /session/7d4fbfd037fb9998338d13e3e1bba5cd/element - {"using":"css selector","value":"#j_username"}
COMMAND: POST /session/7d4fbfd037fb9998338d13e3e1bba5cd/url - {"url":"https://qa-testing-00-live-etm-ui.cfapps.eu10-004.hana.ondemand.com/"}
COMMAND: GET /session/7d4fbfd037fb9998338d13e3e1bba5cd/screenshot - {}
RESULT: {"url":"https://qa-testing-00-live-etm-ui.cfapps.eu10-004.hana.ondemand.com/"}
RESULT: undefined
COMMAND: GET /session/7d4fbfd037fb9998338d13e3e1bba5cd/screenshot - {}
RESULT: {"using":"css selector","value":"#j_username"}
COMMAND: POST /session/7d4fbfd037fb9998338d13e3e1bba5cd/element - {"using":"css selector","value":"#j_username"}
RESULT: {}
RESULT: {}
RESULT: {"using":"css selector","value":"#j_username"}
COMMAND: POST /session/7d4fbfd037fb9998338d13e3e1bba5cd/element - {"using":"css selector","value":"#shell-header-logo"}
RESULT: {"using":"css selector","value":"#shell-header-logo"}
COMMAND: POST /session/7d4fbfd037fb9998338d13e3e1bba5cd/execute/sync - {"script":"<script> [8489 bytes]","args":[{"element-6066-11e4-a52e-4f735466cecf":"f.8197E7E82739F49E8E00421C1FF1176E.d.8538FF6B49A6E83A6F0ABE9BB74D2FF5.e.6490","ELEMENT":"f.8197E7E82739F49E8E00421C1FF1176E.d.8538FF6B49A6E83A6F0ABE9BB74D2FF5.e.6490"}]}
RESULT: {"script":"<script> [8489 bytes]","args":[{"element-6066-11e4-a52e-4f735466cecf":"f.8197E7E82739F49E8E00421C1FF1176E.d.8538FF6B49A6E83A6F0ABE9BB74D2FF5.e.6490","ELEMENT":"f.8197E7E82739F49E8E00421C1FF1176E.d.8538FF6B49A6E83A6F0ABE9BB74D2FF5.e.6490"}]}
COMMAND: POST /session/7d4fbfd037fb9998338d13e3e1bba5cd/element - {"using":"css selector","value":"#shell-header-logo"}
COMMAND: GET /session/7d4fbfd037fb9998338d13e3e1bba5cd/screenshot - {}
RESULT: {"using":"css selector","value":"#shell-header-logo"}
COMMAND: POST /session/7d4fbfd037fb9998338d13e3e1bba5cd/execute/sync - {"script":"<script> [8489 bytes]","args":[{"element-6066-11e4-a52e-4f735466cecf":"f.8197E7E82739F49E8E00421C1FF1176E.d.8538FF6B49A6E83A6F0ABE9BB74D2FF5.e.6490","ELEMENT":"f.8197E7E82739F49E8E00421C1FF1176E.d.8538FF6B49A6E83A6F0ABE9BB74D2FF5.e.6490"}]}
RESULT: {}
RESULT: {"script":"<script> [8489 bytes]","args":[{"element-6066-11e4-a52e-4f735466cecf":"f.8197E7E82739F49E8E00421C1FF1176E.d.8538FF6B49A6E83A6F0ABE9BB74D2FF5.e.6490","ELEMENT":"f.8197E7E82739F49E8E00421C1FF1176E.d.8538FF6B49A6E83A6F0ABE9BB74D2FF5.e.6490"}]}
COMMAND: POST /session/7d4fbfd037fb9998338d13e3e1bba5cd/execute/sync - {"script":"<script> [5351 bytes]","args":[{"element-6066-11e4-a52e-4f735466cecf":"f.8197E7E82739F49E8E00421C1FF1176E.d.8538FF6B49A6E83A6F0ABE9BB74D2FF5.e.6490","ELEMENT":"f.8197E7E82739F49E8E00421C1FF1176E.d.8538FF6B49A6E83A6F0ABE9BB74D2FF5.e.6490"}]}
COMMAND: GET /session/7d4fbfd037fb9998338d13e3e1bba5cd/screenshot - {}
RESULT: {"script":"<script> [5351 bytes]","args":[{"element-6066-11e4-a52e-4f735466cecf":"f.8197E7E82739F49E8E00421C1FF1176E.d.8538FF6B49A6E83A6F0ABE9BB74D2FF5.e.6490","ELEMENT":"f.8197E7E82739F49E8E00421C1FF1176E.d.8538FF6B49A6E83A6F0ABE9BB74D2FF5.e.6490"}]}
COMMAND: POST /session/7d4fbfd037fb9998338d13e3e1bba5cd/element - {"using":"css selector","value":"#shell-header-logo"}
COMMAND: GET /session/7d4fbfd037fb9998338d13e3e1bba5cd/screenshot - {}
RESULT: {}
RESULT: {"using":"css selector","value":"#shell-header-logo"}
COMMAND: POST /session/7d4fbfd037fb9998338d13e3e1bba5cd/element/f.8197E7E82739F49E8E00421C1FF1176E.d.8538FF6B49A6E83A6F0ABE9BB74D2FF5.e.6490/click - {}
RESULT: {}
RESULT: {}
COMMAND: GET /session/7d4fbfd037fb9998338d13e3e1bba5cd/screenshot - {}
RESULT: {}
COMMAND: POST /session/7d4fbfd037fb9998338d13e3e1bba5cd/execute/async - {"script":"<script> [189 bytes]","args":[]}
RESULT: {"script":"<script> [189 bytes]","args":[]}
COMMAND: POST /session/7d4fbfd037fb9998338d13e3e1bba5cd/execute/async - {"script":"<script> [123 bytes]","args":[]}
RESULT: {"script":"<script> [123 bytes]","args":[]}
COMMAND: POST /session/7d4fbfd037fb9998338d13e3e1bba5cd/timeouts - {"script":"<number>"}
RESULT: {"script":"<number>"}
COMMAND: GET /session/7d4fbfd037fb9998338d13e3e1bba5cd/timeouts - {}
RESULT: {}
RESULT: undefined
COMMAND: POST /session/7d4fbfd037fb9998338d13e3e1bba5cd/execute/async - {"script":"<script> [2676 bytes]","args":[]}
RESULT: {"script":"<script> [2676 bytes]","args":[]}
COMMAND: POST /session/7d4fbfd037fb9998338d13e3e1bba5cd/execute/async - {"script":"<script> [2342 bytes]","args":[{"protocol":"http","hostname":"0.0.0.0","path":"/","capabilities":{"browserName":"chrome","goog:chromeOptions":{"binary":"C:\\Program Files\\Google\\Chrome\\Application\\chrome.exe","args":["--start-maximized"]}},"logLevel":"warn","connectionRetryTimeout":120000,"connectionRetryCount":3,"logLevels":{},"enableDirectConnect":true,"strictSSL":true,"_":"65 more keys: [\"cacheDir\",\"port\",\"requestedCapabilities\",\"automationProtocol\",\"baseUrl\",\"waitforInterval\",\"waitforTimeout\",\"onReload\",\"beforeCommand\",\"afterCommand\",\"rootDir\",\"specs\",\"suites\",\"exclude\",\"groupLogsByTestSpec\",\"excludeDriverLogs\",\"bail\",\"framework\",\"reporters\",\"services\",\"maxInstances\",\"maxInstancesPerCapability\",\"injectGlobals\",\"filesToWatch\",\"execArgv\",\"runnerEnv\",\"runner\",\"shard\",\"specFileRetries\",\"specFileRetriesDelay\",\"specFileRetriesDeferred\",\"reporterSyncInterval\",\"reporterSyncTimeout\",\"cucumberFeaturesWithLineNumbers\",\"autoCompileOpts\",\"mochaOpts\",\"jasmineOpts\",\"cucumberOpts\",\"onPrepare\",\"onWorkerStart\",\"onWorkerEnd\",\"before\",\"beforeSession\",\"beforeSuite\",\"beforeHook\",\"beforeTest\",\"afterTest\",\"afterHook\",\"afterSuite\",\"afterSession\",\"after\",\"onComplete\",\"beforeAssertion\",\"afterAssertion\",\"beforeFeature\",\"beforeScenario\",\"beforeStep\",\"afterStep\",\"afterScenario\",\"afterFeature\",\"_\",\"suite\",\"$0\",\"ignoredWorkerServices\",\"wdi5\"]"}]}
RESULT: {"script":"<script> [2342 bytes]","args":[{"protocol":"http","hostname":"0.0.0.0","path":"/","capabilities":{"browserName":"chrome","goog:chromeOptions":{"binary":"C:\\Program Files\\Google\\Chrome\\Application\\chrome.exe","args":["--start-maximized"]}},"logLevel":"warn","connectionRetryTimeout":120000,"connectionRetryCount":3,"logLevels":{},"enableDirectConnect":true,"strictSSL":true,"_":"65 more keys: [\"cacheDir\",\"port\",\"requestedCapabilities\",\"automationProtocol\",\"baseUrl\",\"waitforInterval\",\"waitforTimeout\",\"onReload\",\"beforeCommand\",\"afterCommand\",\"rootDir\",\"specs\",\"suites\",\"exclude\",\"groupLogsByTestSpec\",\"excludeDriverLogs\",\"bail\",\"framework\",\"reporters\",\"services\",\"maxInstances\",\"maxInstancesPerCapability\",\"injectGlobals\",\"filesToWatch\",\"execArgv\",\"runnerEnv\",\"runner\",\"shard\",\"specFileRetries\",\"specFileRetriesDelay\",\"specFileRetriesDeferred\",\"reporterSyncInterval\",\"reporterSyncTimeout\",\"cucumberFeaturesWithLineNumbers\",\"autoCompileOpts\",\"mochaOpts\",\"jasmineOpts\",\"cucumberOpts\",\"onPrepare\",\"onWorkerStart\",\"onWorkerEnd\",\"before\",\"beforeSession\",\"beforeSuite\",\"beforeHook\",\"beforeTest\",\"afterTest\",\"afterHook\",\"afterSuite\",\"afterSession\",\"after\",\"onComplete\",\"beforeAssertion\",\"afterAssertion\",\"beforeFeature\",\"beforeScenario\",\"beforeStep\",\"afterStep\",\"afterScenario\",\"afterFeature\",\"_\",\"suite\",\"$0\",\"ignoredWorkerServices\",\"wdi5\"]"}]}
COMMAND: POST /session/7d4fbfd037fb9998338d13e3e1bba5cd/execute/async - {"script":"<script> [21126 bytes]","args":[35000]}
RESULT: {"script":"<script> [21126 bytes]","args":[35000]}
COMMAND: POST /session/7d4fbfd037fb9998338d13e3e1bba5cd/window/maximize - {}
RESULT: {}
COMMAND: POST /session/7d4fbfd037fb9998338d13e3e1bba5cd/execute/async - {"script":"<script> [1562 bytes]","args":[{"selector":{"id":"shell-header","interaction":{"idSuffix":"icon"}},"wdio_ui5_key":"shellheader"}]}
COMMAND: GET /session/7d4fbfd037fb9998338d13e3e1bba5cd/screenshot - {}
RESULT: {"script":"<script> [1562 bytes]","args":[{"selector":{"id":"shell-header","interaction":{"idSuffix":"icon"}},"wdio_ui5_key":"shellheader"}]}
RESULT: undefined
]]></system-out>
    </testcase>
  </testsuite>
  <testsuite timestamp="2025-04-27T15:40:59" time="311.256" tests="1" failures="0" errors="0" skipped="0">
    <properties>
      <property name="specId" value="0" />
      <property name="suiteName" value="create-equipment" />
      <property name="capabilities" value="chrome.135_0_7049_96.windows" />
      <property name="file" value="file:///D:/a/1/s/test/specs/R2C/create-equipment.spec.js" />
    </properties>
    <testcase classname="chrome.135_0_7049_96.windows.create-equipment" name="create equipment" time="286.812">
      <system-out><![CDATA[
COMMAND: POST /session/7d4fbfd037fb9998338d13e3e1bba5cd/execute/async - {"script":"<script> [1562 bytes]","args":[{"selector":{"controlType":"sap.m.GenericTile","properties":{"header":"Manage Resources"}},"wdio_ui5_key":"sapm.GenericTile{\"header\":\"Manage Resources\"}"}]}
RESULT: {}
RESULT: {"script":"<script> [1562 bytes]","args":[{"selector":{"controlType":"sap.m.GenericTile","properties":{"header":"Manage Resources"}},"wdio_ui5_key":"sapm.GenericTile{\"header\":\"Manage Resources\"}"}]}
RESULT: undefined
COMMAND: POST /session/7d4fbfd037fb9998338d13e3e1bba5cd/element - {"using":"xpath","value":"//*[@id=\"__tile31\"]"}
RESULT: {"using":"xpath","value":"//*[@id=\"__tile31\"]"}
COMMAND: POST /session/7d4fbfd037fb9998338d13e3e1bba5cd/element/f.8197E7E82739F49E8E00421C1FF1176E.d.8538FF6B49A6E83A6F0ABE9BB74D2FF5.e.6506/click - {}
RESULT: {}
COMMAND: GET /session/7d4fbfd037fb9998338d13e3e1bba5cd/screenshot - {}
RESULT: {}
COMMAND: POST /session/7d4fbfd037fb9998338d13e3e1bba5cd/element - {"using":"xpath","value":"//button[@data-kt=\"addNewRUOverflowToolbarButton\"]"}
RESULT: {"using":"xpath","value":"//button[@data-kt=\"addNewRUOverflowToolbarButton\"]"}
COMMAND: POST /session/7d4fbfd037fb9998338d13e3e1bba5cd/element - {"using":"xpath","value":"//button[@data-kt=\"addNewRUOverflowToolbarButton\"]"}
RESULT: {"using":"xpath","value":"//button[@data-kt=\"addNewRUOverflowToolbarButton\"]"}
COMMAND: POST /session/7d4fbfd037fb9998338d13e3e1bba5cd/element - {"using":"xpath","value":"//button[@data-kt=\"addNewRUOverflowToolbarButton\"]"}
RESULT: {"using":"xpath","value":"//button[@data-kt=\"addNewRUOverflowToolbarButton\"]"}
COMMAND: POST /session/7d4fbfd037fb9998338d13e3e1bba5cd/element - {"using":"xpath","value":"//button[@data-kt=\"addNewRUOverflowToolbarButton\"]"}
COMMAND: POST /session/7d4fbfd037fb9998338d13e3e1bba5cd/execute/async - {"script":"<script> [1562 bytes]","args":[{"selector":{"controlType":"sap.ui.core.Icon","viewName":"etm.portal.ui.manageresources.view.Master","viewId":"application-manageresources-display-component---masterRU","properties":{"src":{"regex":{"source":"add"}}}},"wdio_ui5_key":"etmportal.ui.manageresources.view.Mastersap.ui.core.Icon{\"src\":{\"regex\":{\"source\":\"add\"}}}"}]}
RESULT: {"script":"<script> [1562 bytes]","args":[{"selector":{"controlType":"sap.ui.core.Icon","viewName":"etm.portal.ui.manageresources.view.Master","viewId":"application-manageresources-display-component---masterRU","properties":{"src":{"regex":{"source":"add"}}}},"wdio_ui5_key":"etmportal.ui.manageresources.view.Mastersap.ui.core.Icon{\"src\":{\"regex\":{\"source\":\"add\"}}}"}]}
RESULT: undefined
COMMAND: POST /session/7d4fbfd037fb9998338d13e3e1bba5cd/element - {"using":"xpath","value":"//*[@id=\"__button5-img\"]"}
RESULT: {"using":"xpath","value":"//button[@data-kt=\"addNewRUOverflowToolbarButton\"]"}
COMMAND: POST /session/7d4fbfd037fb9998338d13e3e1bba5cd/execute/sync - {"script":"<script> [8489 bytes]","args":[{"element-6066-11e4-a52e-4f735466cecf":"f.8197E7E82739F49E8E00421C1FF1176E.d.8538FF6B49A6E83A6F0ABE9BB74D2FF5.e.6644","ELEMENT":"f.8197E7E82739F49E8E00421C1FF1176E.d.8538FF6B49A6E83A6F0ABE9BB74D2FF5.e.6644"}]}
RESULT: {"using":"xpath","value":"//*[@id=\"__button5-img\"]"}
COMMAND: POST /session/7d4fbfd037fb9998338d13e3e1bba5cd/element/f.8197E7E82739F49E8E00421C1FF1176E.d.8538FF6B49A6E83A6F0ABE9BB74D2FF5.e.6646/click - {}
RESULT: {"script":"<script> [8489 bytes]","args":[{"element-6066-11e4-a52e-4f735466cecf":"f.8197E7E82739F49E8E00421C1FF1176E.d.8538FF6B49A6E83A6F0ABE9BB74D2FF5.e.6644","ELEMENT":"f.8197E7E82739F49E8E00421C1FF1176E.d.8538FF6B49A6E83A6F0ABE9BB74D2FF5.e.6644"}]}
COMMAND: GET /session/7d4fbfd037fb9998338d13e3e1bba5cd/screenshot - {}
RESULT: {}
COMMAND: GET /session/7d4fbfd037fb9998338d13e3e1bba5cd/screenshot - {}
RESULT: {}
RESULT: {}
COMMAND: POST /session/7d4fbfd037fb9998338d13e3e1bba5cd/execute/async - {"script":"<script> [1562 bytes]","args":[{"selector":{"controlType":"sap.m.ComboBox","viewName":"reusables.view.manageresources.NewResourceUnit","viewId":"application-manageresources-display-component---newResourceUnit","bindingPath":{"path":"","propertyPath":"/RuTypes","modelName":"catalogModel"},"searchOpenDialogs":true},"wdio_ui5_key":"reusablesview.manageresources.NewResourceUnitsap.m.ComboBox{\"path\":\"\",\"propertyPath\":\"/RuTypes\",\"modelName\":\"catalogModel\"}"}]}
RESULT: {"script":"<script> [1562 bytes]","args":[{"selector":{"controlType":"sap.m.ComboBox","viewName":"reusables.view.manageresources.NewResourceUnit","viewId":"application-manageresources-display-component---newResourceUnit","bindingPath":{"path":"","propertyPath":"/RuTypes","modelName":"catalogModel"},"searchOpenDialogs":true},"wdio_ui5_key":"reusablesview.manageresources.NewResourceUnitsap.m.ComboBox{\"path\":\"\",\"propertyPath\":\"/RuTypes\",\"modelName\":\"catalogModel\"}"}]}
RESULT: undefined
COMMAND: POST /session/7d4fbfd037fb9998338d13e3e1bba5cd/execute/async - {"script":"<script> [1562 bytes]","args":[{"selector":{"controlType":"sap.m.ComboBox","viewName":"reusables.view.manageresources.NewResourceUnit","viewId":"application-manageresources-display-component---newResourceUnit","bindingPath":{"path":"","propertyPath":"/Yards","modelName":"catalogModel"},"searchOpenDialogs":true},"wdio_ui5_key":"reusablesview.manageresources.NewResourceUnitsap.m.ComboBox{\"path\":\"\",\"propertyPath\":\"/Yards\",\"modelName\":\"catalogModel\"}"}]}
RESULT: {"script":"<script> [1562 bytes]","args":[{"selector":{"controlType":"sap.m.ComboBox","viewName":"reusables.view.manageresources.NewResourceUnit","viewId":"application-manageresources-display-component---newResourceUnit","bindingPath":{"path":"","propertyPath":"/Yards","modelName":"catalogModel"},"searchOpenDialogs":true},"wdio_ui5_key":"reusablesview.manageresources.NewResourceUnitsap.m.ComboBox{\"path\":\"\",\"propertyPath\":\"/Yards\",\"modelName\":\"catalogModel\"}"}]}
RESULT: undefined
COMMAND: POST /session/7d4fbfd037fb9998338d13e3e1bba5cd/execute/async - {"script":"<script> [1562 bytes]","args":[{"selector":{"controlType":"etm.portal.ui.reusables.customControls.LiveSearchComboBox","viewName":"reusables.view.manageresources.NewResourceUnit","viewId":"application-manageresources-display-component---newResourceUnit","bindingPath":{"path":"","propertyPath":"/CatalogItems","modelName":"catalogModel"},"searchOpenDialogs":true},"wdio_ui5_key":"reusablesview.manageresources.NewResourceUnitetm.portal.ui.reusables.customControls.LiveSearchComboBox{\"path\":\"\",\"propertyPath\":\"/CatalogItems\",\"modelName\":\"catalogModel\"}"}]}
RESULT: {"script":"<script> [1562 bytes]","args":[{"selector":{"controlType":"etm.portal.ui.reusables.customControls.LiveSearchComboBox","viewName":"reusables.view.manageresources.NewResourceUnit","viewId":"application-manageresources-display-component---newResourceUnit","bindingPath":{"path":"","propertyPath":"/CatalogItems","modelName":"catalogModel"},"searchOpenDialogs":true},"wdio_ui5_key":"reusablesview.manageresources.NewResourceUnitetm.portal.ui.reusables.customControls.LiveSearchComboBox{\"path\":\"\",\"propertyPath\":\"/CatalogItems\",\"modelName\":\"catalogModel\"}"}]}
RESULT: undefined
COMMAND: POST /session/7d4fbfd037fb9998338d13e3e1bba5cd/element - {"using":"xpath","value":"//bdi[text()=\"OK\"]"}
RESULT: {"using":"xpath","value":"//bdi[text()=\"OK\"]"}
COMMAND: POST /session/7d4fbfd037fb9998338d13e3e1bba5cd/elements - {"using":"xpath","value":"//bdi[text()=\"OK\"]"}
RESULT: {"using":"xpath","value":"//bdi[text()=\"OK\"]"}
COMMAND: POST /session/7d4fbfd037fb9998338d13e3e1bba5cd/elements - {"using":"xpath","value":"//bdi[text()=\"OK\"]"}
RESULT: {"using":"xpath","value":"//bdi[text()=\"OK\"]"}
COMMAND: POST /session/7d4fbfd037fb9998338d13e3e1bba5cd/elements - {"using":"xpath","value":"//bdi[text()=\"OK\"]"}
RESULT: {"using":"xpath","value":"//bdi[text()=\"OK\"]"}
COMMAND: POST /session/7d4fbfd037fb9998338d13e3e1bba5cd/elements - {"using":"xpath","value":"//bdi[text()=\"OK\"]"}
RESULT: {"using":"xpath","value":"//bdi[text()=\"OK\"]"}
COMMAND: POST /session/7d4fbfd037fb9998338d13e3e1bba5cd/elements - {"using":"xpath","value":"//bdi[text()=\"OK\"]"}
RESULT: {"using":"xpath","value":"//bdi[text()=\"OK\"]"}
COMMAND: POST /session/7d4fbfd037fb9998338d13e3e1bba5cd/elements - {"using":"xpath","value":"//bdi[text()=\"OK\"]"}
RESULT: {"using":"xpath","value":"//bdi[text()=\"OK\"]"}
COMMAND: POST /session/7d4fbfd037fb9998338d13e3e1bba5cd/elements - {"using":"xpath","value":"//bdi[text()=\"OK\"]"}
RESULT: {"using":"xpath","value":"//bdi[text()=\"OK\"]"}
COMMAND: POST /session/7d4fbfd037fb9998338d13e3e1bba5cd/elements - {"using":"xpath","value":"//bdi[text()=\"OK\"]"}
RESULT: {"using":"xpath","value":"//bdi[text()=\"OK\"]"}
COMMAND: POST /session/7d4fbfd037fb9998338d13e3e1bba5cd/elements - {"using":"xpath","value":"//bdi[text()=\"OK\"]"}
RESULT: {"using":"xpath","value":"//bdi[text()=\"OK\"]"}
COMMAND: POST /session/7d4fbfd037fb9998338d13e3e1bba5cd/elements - {"using":"xpath","value":"//bdi[text()=\"OK\"]"}
RESULT: {"using":"xpath","value":"//bdi[text()=\"OK\"]"}
COMMAND: POST /session/7d4fbfd037fb9998338d13e3e1bba5cd/elements - {"using":"xpath","value":"//bdi[text()=\"OK\"]"}
RESULT: {"using":"xpath","value":"//bdi[text()=\"OK\"]"}
COMMAND: POST /session/7d4fbfd037fb9998338d13e3e1bba5cd/elements - {"using":"xpath","value":"//bdi[text()=\"OK\"]"}
RESULT: {"using":"xpath","value":"//bdi[text()=\"OK\"]"}
COMMAND: POST /session/7d4fbfd037fb9998338d13e3e1bba5cd/elements - {"using":"xpath","value":"//bdi[text()=\"OK\"]"}
RESULT: {"using":"xpath","value":"//bdi[text()=\"OK\"]"}
COMMAND: POST /session/7d4fbfd037fb9998338d13e3e1bba5cd/elements - {"using":"xpath","value":"//bdi[text()=\"OK\"]"}
RESULT: {"using":"xpath","value":"//bdi[text()=\"OK\"]"}
COMMAND: POST /session/7d4fbfd037fb9998338d13e3e1bba5cd/elements - {"using":"xpath","value":"//bdi[text()=\"OK\"]"}
RESULT: {"using":"xpath","value":"//bdi[text()=\"OK\"]"}
COMMAND: POST /session/7d4fbfd037fb9998338d13e3e1bba5cd/elements - {"using":"xpath","value":"//bdi[text()=\"OK\"]"}
RESULT: {"using":"xpath","value":"//bdi[text()=\"OK\"]"}
COMMAND: POST /session/7d4fbfd037fb9998338d13e3e1bba5cd/elements - {"using":"xpath","value":"//bdi[text()=\"OK\"]"}
RESULT: {"using":"xpath","value":"//bdi[text()=\"OK\"]"}
COMMAND: POST /session/7d4fbfd037fb9998338d13e3e1bba5cd/elements - {"using":"xpath","value":"//bdi[text()=\"OK\"]"}
RESULT: {"using":"xpath","value":"//bdi[text()=\"OK\"]"}
COMMAND: POST /session/7d4fbfd037fb9998338d13e3e1bba5cd/elements - {"using":"xpath","value":"//bdi[text()=\"OK\"]"}
RESULT: {"using":"xpath","value":"//bdi[text()=\"OK\"]"}
COMMAND: POST /session/7d4fbfd037fb9998338d13e3e1bba5cd/elements - {"using":"xpath","value":"//bdi[text()=\"OK\"]"}
RESULT: {"using":"xpath","value":"//bdi[text()=\"OK\"]"}
COMMAND: POST /session/7d4fbfd037fb9998338d13e3e1bba5cd/elements - {"using":"xpath","value":"//bdi[text()=\"OK\"]"}
RESULT: {"using":"xpath","value":"//bdi[text()=\"OK\"]"}
COMMAND: POST /session/7d4fbfd037fb9998338d13e3e1bba5cd/elements - {"using":"xpath","value":"//bdi[text()=\"OK\"]"}
RESULT: {"using":"xpath","value":"//bdi[text()=\"OK\"]"}
COMMAND: POST /session/7d4fbfd037fb9998338d13e3e1bba5cd/elements - {"using":"xpath","value":"//bdi[text()=\"OK\"]"}
RESULT: {"using":"xpath","value":"//bdi[text()=\"OK\"]"}
COMMAND: POST /session/7d4fbfd037fb9998338d13e3e1bba5cd/elements - {"using":"xpath","value":"//bdi[text()=\"OK\"]"}
RESULT: {"using":"xpath","value":"//bdi[text()=\"OK\"]"}
COMMAND: POST /session/7d4fbfd037fb9998338d13e3e1bba5cd/elements - {"using":"xpath","value":"//bdi[text()=\"OK\"]"}
RESULT: {"using":"xpath","value":"//bdi[text()=\"OK\"]"}
COMMAND: POST /session/7d4fbfd037fb9998338d13e3e1bba5cd/elements - {"using":"xpath","value":"//bdi[text()=\"OK\"]"}
RESULT: {"using":"xpath","value":"//bdi[text()=\"OK\"]"}
COMMAND: POST /session/7d4fbfd037fb9998338d13e3e1bba5cd/elements - {"using":"xpath","value":"//bdi[text()=\"OK\"]"}
RESULT: {"using":"xpath","value":"//bdi[text()=\"OK\"]"}
COMMAND: POST /session/7d4fbfd037fb9998338d13e3e1bba5cd/elements - {"using":"xpath","value":"//bdi[text()=\"OK\"]"}
RESULT: {"using":"xpath","value":"//bdi[text()=\"OK\"]"}
COMMAND: POST /session/7d4fbfd037fb9998338d13e3e1bba5cd/elements - {"using":"xpath","value":"//bdi[text()=\"OK\"]"}
RESULT: {"using":"xpath","value":"//bdi[text()=\"OK\"]"}
COMMAND: POST /session/7d4fbfd037fb9998338d13e3e1bba5cd/elements - {"using":"xpath","value":"//bdi[text()=\"OK\"]"}
RESULT: {"using":"xpath","value":"//bdi[text()=\"OK\"]"}
COMMAND: POST /session/7d4fbfd037fb9998338d13e3e1bba5cd/elements - {"using":"xpath","value":"//bdi[text()=\"OK\"]"}
RESULT: {"using":"xpath","value":"//bdi[text()=\"OK\"]"}
COMMAND: POST /session/7d4fbfd037fb9998338d13e3e1bba5cd/elements - {"using":"xpath","value":"//bdi[text()=\"OK\"]"}
RESULT: {"using":"xpath","value":"//bdi[text()=\"OK\"]"}
COMMAND: POST /session/7d4fbfd037fb9998338d13e3e1bba5cd/elements - {"using":"xpath","value":"//bdi[text()=\"OK\"]"}
RESULT: {"using":"xpath","value":"//bdi[text()=\"OK\"]"}
COMMAND: POST /session/7d4fbfd037fb9998338d13e3e1bba5cd/elements - {"using":"xpath","value":"//bdi[text()=\"OK\"]"}
RESULT: {"using":"xpath","value":"//bdi[text()=\"OK\"]"}
COMMAND: POST /session/7d4fbfd037fb9998338d13e3e1bba5cd/elements - {"using":"xpath","value":"//bdi[text()=\"OK\"]"}
RESULT: {"using":"xpath","value":"//bdi[text()=\"OK\"]"}
COMMAND: POST /session/7d4fbfd037fb9998338d13e3e1bba5cd/elements - {"using":"xpath","value":"//bdi[text()=\"OK\"]"}
RESULT: {"using":"xpath","value":"//bdi[text()=\"OK\"]"}
COMMAND: POST /session/7d4fbfd037fb9998338d13e3e1bba5cd/elements - {"using":"xpath","value":"//bdi[text()=\"OK\"]"}
RESULT: {"using":"xpath","value":"//bdi[text()=\"OK\"]"}
COMMAND: POST /session/7d4fbfd037fb9998338d13e3e1bba5cd/elements - {"using":"xpath","value":"//bdi[text()=\"OK\"]"}
RESULT: {"using":"xpath","value":"//bdi[text()=\"OK\"]"}
COMMAND: POST /session/7d4fbfd037fb9998338d13e3e1bba5cd/elements - {"using":"xpath","value":"//bdi[text()=\"OK\"]"}
RESULT: {"using":"xpath","value":"//bdi[text()=\"OK\"]"}
COMMAND: POST /session/7d4fbfd037fb9998338d13e3e1bba5cd/elements - {"using":"xpath","value":"//bdi[text()=\"OK\"]"}
RESULT: {"using":"xpath","value":"//bdi[text()=\"OK\"]"}
COMMAND: POST /session/7d4fbfd037fb9998338d13e3e1bba5cd/elements - {"using":"xpath","value":"//bdi[text()=\"OK\"]"}
RESULT: {"using":"xpath","value":"//bdi[text()=\"OK\"]"}
COMMAND: POST /session/7d4fbfd037fb9998338d13e3e1bba5cd/elements - {"using":"xpath","value":"//bdi[text()=\"OK\"]"}
RESULT: {"using":"xpath","value":"//bdi[text()=\"OK\"]"}
COMMAND: POST /session/7d4fbfd037fb9998338d13e3e1bba5cd/elements - {"using":"xpath","value":"//bdi[text()=\"OK\"]"}
RESULT: {"using":"xpath","value":"//bdi[text()=\"OK\"]"}
COMMAND: POST /session/7d4fbfd037fb9998338d13e3e1bba5cd/elements - {"using":"xpath","value":"//bdi[text()=\"OK\"]"}
RESULT: {"using":"xpath","value":"//bdi[text()=\"OK\"]"}
COMMAND: POST /session/7d4fbfd037fb9998338d13e3e1bba5cd/elements - {"using":"xpath","value":"//bdi[text()=\"OK\"]"}
RESULT: {"using":"xpath","value":"//bdi[text()=\"OK\"]"}
COMMAND: POST /session/7d4fbfd037fb9998338d13e3e1bba5cd/elements - {"using":"xpath","value":"//bdi[text()=\"OK\"]"}
RESULT: {"using":"xpath","value":"//bdi[text()=\"OK\"]"}
COMMAND: POST /session/7d4fbfd037fb9998338d13e3e1bba5cd/elements - {"using":"xpath","value":"//bdi[text()=\"OK\"]"}
RESULT: {"using":"xpath","value":"//bdi[text()=\"OK\"]"}
COMMAND: POST /session/7d4fbfd037fb9998338d13e3e1bba5cd/elements - {"using":"xpath","value":"//bdi[text()=\"OK\"]"}
RESULT: {"using":"xpath","value":"//bdi[text()=\"OK\"]"}
COMMAND: POST /session/7d4fbfd037fb9998338d13e3e1bba5cd/elements - {"using":"xpath","value":"//bdi[text()=\"OK\"]"}
RESULT: {"using":"xpath","value":"//bdi[text()=\"OK\"]"}
COMMAND: POST /session/7d4fbfd037fb9998338d13e3e1bba5cd/elements - {"using":"xpath","value":"//bdi[text()=\"OK\"]"}
RESULT: {"using":"xpath","value":"//bdi[text()=\"OK\"]"}
COMMAND: POST /session/7d4fbfd037fb9998338d13e3e1bba5cd/elements - {"using":"xpath","value":"//bdi[text()=\"OK\"]"}
RESULT: {"using":"xpath","value":"//bdi[text()=\"OK\"]"}
COMMAND: POST /session/7d4fbfd037fb9998338d13e3e1bba5cd/elements - {"using":"xpath","value":"//bdi[text()=\"OK\"]"}
RESULT: {"using":"xpath","value":"//bdi[text()=\"OK\"]"}
COMMAND: POST /session/7d4fbfd037fb9998338d13e3e1bba5cd/elements - {"using":"xpath","value":"//bdi[text()=\"OK\"]"}
RESULT: {"using":"xpath","value":"//bdi[text()=\"OK\"]"}
COMMAND: POST /session/7d4fbfd037fb9998338d13e3e1bba5cd/elements - {"using":"xpath","value":"//bdi[text()=\"OK\"]"}
RESULT: {"using":"xpath","value":"//bdi[text()=\"OK\"]"}
COMMAND: POST /session/7d4fbfd037fb9998338d13e3e1bba5cd/elements - {"using":"xpath","value":"//bdi[text()=\"OK\"]"}
RESULT: {"using":"xpath","value":"//bdi[text()=\"OK\"]"}
COMMAND: POST /session/7d4fbfd037fb9998338d13e3e1bba5cd/elements - {"using":"xpath","value":"//bdi[text()=\"OK\"]"}
RESULT: {"using":"xpath","value":"//bdi[text()=\"OK\"]"}
COMMAND: POST /session/7d4fbfd037fb9998338d13e3e1bba5cd/elements - {"using":"xpath","value":"//bdi[text()=\"OK\"]"}
RESULT: {"using":"xpath","value":"//bdi[text()=\"OK\"]"}
COMMAND: POST /session/7d4fbfd037fb9998338d13e3e1bba5cd/elements - {"using":"xpath","value":"//bdi[text()=\"OK\"]"}
RESULT: {"using":"xpath","value":"//bdi[text()=\"OK\"]"}
COMMAND: POST /session/7d4fbfd037fb9998338d13e3e1bba5cd/elements - {"using":"xpath","value":"//bdi[text()=\"OK\"]"}
RESULT: {"using":"xpath","value":"//bdi[text()=\"OK\"]"}
COMMAND: POST /session/7d4fbfd037fb9998338d13e3e1bba5cd/elements - {"using":"xpath","value":"//bdi[text()=\"OK\"]"}
RESULT: {"using":"xpath","value":"//bdi[text()=\"OK\"]"}
COMMAND: POST /session/7d4fbfd037fb9998338d13e3e1bba5cd/elements - {"using":"xpath","value":"//bdi[text()=\"OK\"]"}
RESULT: {"using":"xpath","value":"//bdi[text()=\"OK\"]"}
COMMAND: POST /session/7d4fbfd037fb9998338d13e3e1bba5cd/elements - {"using":"xpath","value":"//bdi[text()=\"OK\"]"}
RESULT: {"using":"xpath","value":"//bdi[text()=\"OK\"]"}
COMMAND: POST /session/7d4fbfd037fb9998338d13e3e1bba5cd/elements - {"using":"xpath","value":"//bdi[text()=\"OK\"]"}
RESULT: {"using":"xpath","value":"//bdi[text()=\"OK\"]"}
COMMAND: POST /session/7d4fbfd037fb9998338d13e3e1bba5cd/elements - {"using":"xpath","value":"//bdi[text()=\"OK\"]"}
RESULT: {"using":"xpath","value":"//bdi[text()=\"OK\"]"}
COMMAND: POST /session/7d4fbfd037fb9998338d13e3e1bba5cd/elements - {"using":"xpath","value":"//bdi[text()=\"OK\"]"}
RESULT: {"using":"xpath","value":"//bdi[text()=\"OK\"]"}
COMMAND: POST /session/7d4fbfd037fb9998338d13e3e1bba5cd/elements - {"using":"xpath","value":"//bdi[text()=\"OK\"]"}
RESULT: {"using":"xpath","value":"//bdi[text()=\"OK\"]"}
COMMAND: POST /session/7d4fbfd037fb9998338d13e3e1bba5cd/elements - {"using":"xpath","value":"//bdi[text()=\"OK\"]"}
RESULT: {"using":"xpath","value":"//bdi[text()=\"OK\"]"}
COMMAND: POST /session/7d4fbfd037fb9998338d13e3e1bba5cd/elements - {"using":"xpath","value":"//bdi[text()=\"OK\"]"}
RESULT: {"using":"xpath","value":"//bdi[text()=\"OK\"]"}
COMMAND: POST /session/7d4fbfd037fb9998338d13e3e1bba5cd/elements - {"using":"xpath","value":"//bdi[text()=\"OK\"]"}
RESULT: {"using":"xpath","value":"//bdi[text()=\"OK\"]"}
COMMAND: POST /session/7d4fbfd037fb9998338d13e3e1bba5cd/elements - {"using":"xpath","value":"//bdi[text()=\"OK\"]"}
RESULT: {"using":"xpath","value":"//bdi[text()=\"OK\"]"}
COMMAND: POST /session/7d4fbfd037fb9998338d13e3e1bba5cd/elements - {"using":"xpath","value":"//bdi[text()=\"OK\"]"}
RESULT: {"using":"xpath","value":"//bdi[text()=\"OK\"]"}
COMMAND: POST /session/7d4fbfd037fb9998338d13e3e1bba5cd/elements - {"using":"xpath","value":"//bdi[text()=\"OK\"]"}
RESULT: {"using":"xpath","value":"//bdi[text()=\"OK\"]"}
COMMAND: POST /session/7d4fbfd037fb9998338d13e3e1bba5cd/elements - {"using":"xpath","value":"//bdi[text()=\"OK\"]"}
RESULT: {"using":"xpath","value":"//bdi[text()=\"OK\"]"}
COMMAND: POST /session/7d4fbfd037fb9998338d13e3e1bba5cd/elements - {"using":"xpath","value":"//bdi[text()=\"OK\"]"}
RESULT: {"using":"xpath","value":"//bdi[text()=\"OK\"]"}
COMMAND: POST /session/7d4fbfd037fb9998338d13e3e1bba5cd/elements - {"using":"xpath","value":"//bdi[text()=\"OK\"]"}
RESULT: {"using":"xpath","value":"//bdi[text()=\"OK\"]"}
COMMAND: POST /session/7d4fbfd037fb9998338d13e3e1bba5cd/elements - {"using":"xpath","value":"//bdi[text()=\"OK\"]"}
RESULT: {"using":"xpath","value":"//bdi[text()=\"OK\"]"}
COMMAND: POST /session/7d4fbfd037fb9998338d13e3e1bba5cd/elements - {"using":"xpath","value":"//bdi[text()=\"OK\"]"}
RESULT: {"using":"xpath","value":"//bdi[text()=\"OK\"]"}
COMMAND: POST /session/7d4fbfd037fb9998338d13e3e1bba5cd/elements - {"using":"xpath","value":"//bdi[text()=\"OK\"]"}
RESULT: {"using":"xpath","value":"//bdi[text()=\"OK\"]"}
COMMAND: POST /session/7d4fbfd037fb9998338d13e3e1bba5cd/elements - {"using":"xpath","value":"//bdi[text()=\"OK\"]"}
RESULT: {"using":"xpath","value":"//bdi[text()=\"OK\"]"}
COMMAND: POST /session/7d4fbfd037fb9998338d13e3e1bba5cd/elements - {"using":"xpath","value":"//bdi[text()=\"OK\"]"}
RESULT: {"using":"xpath","value":"//bdi[text()=\"OK\"]"}
COMMAND: POST /session/7d4fbfd037fb9998338d13e3e1bba5cd/elements - {"using":"xpath","value":"//bdi[text()=\"OK\"]"}
RESULT: {"using":"xpath","value":"//bdi[text()=\"OK\"]"}
COMMAND: POST /session/7d4fbfd037fb9998338d13e3e1bba5cd/elements - {"using":"xpath","value":"//bdi[text()=\"OK\"]"}
RESULT: {"using":"xpath","value":"//bdi[text()=\"OK\"]"}
COMMAND: POST /session/7d4fbfd037fb9998338d13e3e1bba5cd/elements - {"using":"xpath","value":"//bdi[text()=\"OK\"]"}
RESULT: {"using":"xpath","value":"//bdi[text()=\"OK\"]"}
COMMAND: POST /session/7d4fbfd037fb9998338d13e3e1bba5cd/elements - {"using":"xpath","value":"//bdi[text()=\"OK\"]"}
RESULT: {"using":"xpath","value":"//bdi[text()=\"OK\"]"}
COMMAND: POST /session/7d4fbfd037fb9998338d13e3e1bba5cd/elements - {"using":"xpath","value":"//bdi[text()=\"OK\"]"}
RESULT: {"using":"xpath","value":"//bdi[text()=\"OK\"]"}
COMMAND: POST /session/7d4fbfd037fb9998338d13e3e1bba5cd/elements - {"using":"xpath","value":"//bdi[text()=\"OK\"]"}
RESULT: {"using":"xpath","value":"//bdi[text()=\"OK\"]"}
COMMAND: POST /session/7d4fbfd037fb9998338d13e3e1bba5cd/elements - {"using":"xpath","value":"//bdi[text()=\"OK\"]"}
RESULT: {"using":"xpath","value":"//bdi[text()=\"OK\"]"}
COMMAND: POST /session/7d4fbfd037fb9998338d13e3e1bba5cd/elements - {"using":"xpath","value":"//bdi[text()=\"OK\"]"}
RESULT: {"using":"xpath","value":"//bdi[text()=\"OK\"]"}
COMMAND: POST /session/7d4fbfd037fb9998338d13e3e1bba5cd/elements - {"using":"xpath","value":"//bdi[text()=\"OK\"]"}
RESULT: {"using":"xpath","value":"//bdi[text()=\"OK\"]"}
COMMAND: POST /session/7d4fbfd037fb9998338d13e3e1bba5cd/elements - {"using":"xpath","value":"//bdi[text()=\"OK\"]"}
RESULT: {"using":"xpath","value":"//bdi[text()=\"OK\"]"}
COMMAND: POST /session/7d4fbfd037fb9998338d13e3e1bba5cd/elements - {"using":"xpath","value":"//bdi[text()=\"OK\"]"}
RESULT: {"using":"xpath","value":"//bdi[text()=\"OK\"]"}
COMMAND: POST /session/7d4fbfd037fb9998338d13e3e1bba5cd/elements - {"using":"xpath","value":"//bdi[text()=\"OK\"]"}
RESULT: {"using":"xpath","value":"//bdi[text()=\"OK\"]"}
COMMAND: POST /session/7d4fbfd037fb9998338d13e3e1bba5cd/elements - {"using":"xpath","value":"//bdi[text()=\"OK\"]"}
RESULT: {"using":"xpath","value":"//bdi[text()=\"OK\"]"}
COMMAND: POST /session/7d4fbfd037fb9998338d13e3e1bba5cd/elements - {"using":"xpath","value":"//bdi[text()=\"OK\"]"}
RESULT: {"using":"xpath","value":"//bdi[text()=\"OK\"]"}
COMMAND: POST /session/7d4fbfd037fb9998338d13e3e1bba5cd/elements - {"using":"xpath","value":"//bdi[text()=\"OK\"]"}
RESULT: {"using":"xpath","value":"//bdi[text()=\"OK\"]"}
COMMAND: POST /session/7d4fbfd037fb9998338d13e3e1bba5cd/elements - {"using":"xpath","value":"//bdi[text()=\"OK\"]"}
RESULT: {"using":"xpath","value":"//bdi[text()=\"OK\"]"}
COMMAND: POST /session/7d4fbfd037fb9998338d13e3e1bba5cd/elements - {"using":"xpath","value":"//bdi[text()=\"OK\"]"}
RESULT: {"using":"xpath","value":"//bdi[text()=\"OK\"]"}
COMMAND: POST /session/7d4fbfd037fb9998338d13e3e1bba5cd/elements - {"using":"xpath","value":"//bdi[text()=\"OK\"]"}
RESULT: {"using":"xpath","value":"//bdi[text()=\"OK\"]"}
COMMAND: POST /session/7d4fbfd037fb9998338d13e3e1bba5cd/elements - {"using":"xpath","value":"//bdi[text()=\"OK\"]"}
RESULT: {"using":"xpath","value":"//bdi[text()=\"OK\"]"}
COMMAND: POST /session/7d4fbfd037fb9998338d13e3e1bba5cd/elements - {"using":"xpath","value":"//bdi[text()=\"OK\"]"}
RESULT: {"using":"xpath","value":"//bdi[text()=\"OK\"]"}
COMMAND: POST /session/7d4fbfd037fb9998338d13e3e1bba5cd/elements - {"using":"xpath","value":"//bdi[text()=\"OK\"]"}
RESULT: {"using":"xpath","value":"//bdi[text()=\"OK\"]"}
COMMAND: POST /session/7d4fbfd037fb9998338d13e3e1bba5cd/elements - {"using":"xpath","value":"//bdi[text()=\"OK\"]"}
RESULT: {"using":"xpath","value":"//bdi[text()=\"OK\"]"}
COMMAND: POST /session/7d4fbfd037fb9998338d13e3e1bba5cd/elements - {"using":"xpath","value":"//bdi[text()=\"OK\"]"}
RESULT: {"using":"xpath","value":"//bdi[text()=\"OK\"]"}
COMMAND: POST /session/7d4fbfd037fb9998338d13e3e1bba5cd/elements - {"using":"xpath","value":"//bdi[text()=\"OK\"]"}
RESULT: {"using":"xpath","value":"//bdi[text()=\"OK\"]"}
COMMAND: POST /session/7d4fbfd037fb9998338d13e3e1bba5cd/elements - {"using":"xpath","value":"//bdi[text()=\"OK\"]"}
RESULT: {"using":"xpath","value":"//bdi[text()=\"OK\"]"}
COMMAND: POST /session/7d4fbfd037fb9998338d13e3e1bba5cd/elements - {"using":"xpath","value":"//bdi[text()=\"OK\"]"}
RESULT: {"using":"xpath","value":"//bdi[text()=\"OK\"]"}
COMMAND: POST /session/7d4fbfd037fb9998338d13e3e1bba5cd/elements - {"using":"xpath","value":"//bdi[text()=\"OK\"]"}
RESULT: {"using":"xpath","value":"//bdi[text()=\"OK\"]"}
COMMAND: POST /session/7d4fbfd037fb9998338d13e3e1bba5cd/elements - {"using":"xpath","value":"//bdi[text()=\"OK\"]"}
RESULT: {"using":"xpath","value":"//bdi[text()=\"OK\"]"}
COMMAND: POST /session/7d4fbfd037fb9998338d13e3e1bba5cd/elements - {"using":"xpath","value":"//bdi[text()=\"OK\"]"}
RESULT: {"using":"xpath","value":"//bdi[text()=\"OK\"]"}
COMMAND: POST /session/7d4fbfd037fb9998338d13e3e1bba5cd/elements - {"using":"xpath","value":"//bdi[text()=\"OK\"]"}
RESULT: {"using":"xpath","value":"//bdi[text()=\"OK\"]"}
COMMAND: POST /session/7d4fbfd037fb9998338d13e3e1bba5cd/elements - {"using":"xpath","value":"//bdi[text()=\"OK\"]"}
RESULT: {"using":"xpath","value":"//bdi[text()=\"OK\"]"}
COMMAND: POST /session/7d4fbfd037fb9998338d13e3e1bba5cd/elements - {"using":"xpath","value":"//bdi[text()=\"OK\"]"}
RESULT: {"using":"xpath","value":"//bdi[text()=\"OK\"]"}
COMMAND: POST /session/7d4fbfd037fb9998338d13e3e1bba5cd/elements - {"using":"xpath","value":"//bdi[text()=\"OK\"]"}
RESULT: {"using":"xpath","value":"//bdi[text()=\"OK\"]"}
COMMAND: POST /session/7d4fbfd037fb9998338d13e3e1bba5cd/elements - {"using":"xpath","value":"//bdi[text()=\"OK\"]"}
RESULT: {"using":"xpath","value":"//bdi[text()=\"OK\"]"}
COMMAND: POST /session/7d4fbfd037fb9998338d13e3e1bba5cd/elements - {"using":"xpath","value":"//bdi[text()=\"OK\"]"}
RESULT: {"using":"xpath","value":"//bdi[text()=\"OK\"]"}
COMMAND: POST /session/7d4fbfd037fb9998338d13e3e1bba5cd/elements - {"using":"xpath","value":"//bdi[text()=\"OK\"]"}
RESULT: {"using":"xpath","value":"//bdi[text()=\"OK\"]"}
COMMAND: POST /session/7d4fbfd037fb9998338d13e3e1bba5cd/elements - {"using":"xpath","value":"//bdi[text()=\"OK\"]"}
RESULT: {"using":"xpath","value":"//bdi[text()=\"OK\"]"}
COMMAND: POST /session/7d4fbfd037fb9998338d13e3e1bba5cd/elements - {"using":"xpath","value":"//bdi[text()=\"OK\"]"}
RESULT: {"using":"xpath","value":"//bdi[text()=\"OK\"]"}
COMMAND: POST /session/7d4fbfd037fb9998338d13e3e1bba5cd/elements - {"using":"xpath","value":"//bdi[text()=\"OK\"]"}
RESULT: {"using":"xpath","value":"//bdi[text()=\"OK\"]"}
COMMAND: POST /session/7d4fbfd037fb9998338d13e3e1bba5cd/elements - {"using":"xpath","value":"//bdi[text()=\"OK\"]"}
RESULT: {"using":"xpath","value":"//bdi[text()=\"OK\"]"}
COMMAND: POST /session/7d4fbfd037fb9998338d13e3e1bba5cd/elements - {"using":"xpath","value":"//bdi[text()=\"OK\"]"}
COMMAND: POST /session/7d4fbfd037fb9998338d13e3e1bba5cd/element - {"using":"xpath","value":"//bdi[text()=\"OK\"]"}
RESULT: {"using":"xpath","value":"//bdi[text()=\"OK\"]"}
RESULT: {"using":"xpath","value":"//bdi[text()=\"OK\"]"}
COMMAND: POST /session/7d4fbfd037fb9998338d13e3e1bba5cd/elements - {"using":"xpath","value":"//bdi[text()=\"OK\"]"}
RESULT: {"using":"xpath","value":"//bdi[text()=\"OK\"]"}
COMMAND: POST /session/7d4fbfd037fb9998338d13e3e1bba5cd/elements - {"using":"xpath","value":"//bdi[text()=\"OK\"]"}
RESULT: {"using":"xpath","value":"//bdi[text()=\"OK\"]"}
COMMAND: POST /session/7d4fbfd037fb9998338d13e3e1bba5cd/elements - {"using":"xpath","value":"//bdi[text()=\"OK\"]"}
RESULT: {"using":"xpath","value":"//bdi[text()=\"OK\"]"}
COMMAND: POST /session/7d4fbfd037fb9998338d13e3e1bba5cd/elements - {"using":"xpath","value":"//bdi[text()=\"OK\"]"}
RESULT: {"using":"xpath","value":"//bdi[text()=\"OK\"]"}
COMMAND: POST /session/7d4fbfd037fb9998338d13e3e1bba5cd/elements - {"using":"xpath","value":"//bdi[text()=\"OK\"]"}
RESULT: {"using":"xpath","value":"//bdi[text()=\"OK\"]"}
COMMAND: POST /session/7d4fbfd037fb9998338d13e3e1bba5cd/elements - {"using":"xpath","value":"//bdi[text()=\"OK\"]"}
RESULT: {"using":"xpath","value":"//bdi[text()=\"OK\"]"}
COMMAND: POST /session/7d4fbfd037fb9998338d13e3e1bba5cd/elements - {"using":"xpath","value":"//bdi[text()=\"OK\"]"}
RESULT: {"using":"xpath","value":"//bdi[text()=\"OK\"]"}
COMMAND: POST /session/7d4fbfd037fb9998338d13e3e1bba5cd/elements - {"using":"xpath","value":"//bdi[text()=\"OK\"]"}
RESULT: {"using":"xpath","value":"//bdi[text()=\"OK\"]"}
COMMAND: POST /session/7d4fbfd037fb9998338d13e3e1bba5cd/elements - {"using":"xpath","value":"//bdi[text()=\"OK\"]"}
RESULT: {"using":"xpath","value":"//bdi[text()=\"OK\"]"}
COMMAND: POST /session/7d4fbfd037fb9998338d13e3e1bba5cd/elements - {"using":"xpath","value":"//bdi[text()=\"OK\"]"}
RESULT: {"using":"xpath","value":"//bdi[text()=\"OK\"]"}
COMMAND: POST /session/7d4fbfd037fb9998338d13e3e1bba5cd/elements - {"using":"xpath","value":"//bdi[text()=\"OK\"]"}
RESULT: {"using":"xpath","value":"//bdi[text()=\"OK\"]"}
COMMAND: POST /session/7d4fbfd037fb9998338d13e3e1bba5cd/elements - {"using":"xpath","value":"//bdi[text()=\"OK\"]"}
RESULT: {"using":"xpath","value":"//bdi[text()=\"OK\"]"}
COMMAND: POST /session/7d4fbfd037fb9998338d13e3e1bba5cd/elements - {"using":"xpath","value":"//bdi[text()=\"OK\"]"}
RESULT: {"using":"xpath","value":"//bdi[text()=\"OK\"]"}
COMMAND: POST /session/7d4fbfd037fb9998338d13e3e1bba5cd/elements - {"using":"xpath","value":"//bdi[text()=\"OK\"]"}
RESULT: {"using":"xpath","value":"//bdi[text()=\"OK\"]"}
COMMAND: POST /session/7d4fbfd037fb9998338d13e3e1bba5cd/elements - {"using":"xpath","value":"//bdi[text()=\"OK\"]"}
RESULT: {"using":"xpath","value":"//bdi[text()=\"OK\"]"}
COMMAND: POST /session/7d4fbfd037fb9998338d13e3e1bba5cd/elements - {"using":"xpath","value":"//bdi[text()=\"OK\"]"}
RESULT: {"using":"xpath","value":"//bdi[text()=\"OK\"]"}
COMMAND: POST /session/7d4fbfd037fb9998338d13e3e1bba5cd/elements - {"using":"xpath","value":"//bdi[text()=\"OK\"]"}
RESULT: {"using":"xpath","value":"//bdi[text()=\"OK\"]"}
COMMAND: POST /session/7d4fbfd037fb9998338d13e3e1bba5cd/elements - {"using":"xpath","value":"//bdi[text()=\"OK\"]"}
RESULT: {"using":"xpath","value":"//bdi[text()=\"OK\"]"}
COMMAND: POST /session/7d4fbfd037fb9998338d13e3e1bba5cd/elements - {"using":"xpath","value":"//bdi[text()=\"OK\"]"}
RESULT: {"using":"xpath","value":"//bdi[text()=\"OK\"]"}
COMMAND: POST /session/7d4fbfd037fb9998338d13e3e1bba5cd/elements - {"using":"xpath","value":"//bdi[text()=\"OK\"]"}
RESULT: {"using":"xpath","value":"//bdi[text()=\"OK\"]"}
COMMAND: POST /session/7d4fbfd037fb9998338d13e3e1bba5cd/elements - {"using":"xpath","value":"//bdi[text()=\"OK\"]"}
RESULT: {"using":"xpath","value":"//bdi[text()=\"OK\"]"}
COMMAND: POST /session/7d4fbfd037fb9998338d13e3e1bba5cd/elements - {"using":"xpath","value":"//bdi[text()=\"OK\"]"}
RESULT: {"using":"xpath","value":"//bdi[text()=\"OK\"]"}
COMMAND: POST /session/7d4fbfd037fb9998338d13e3e1bba5cd/elements - {"using":"xpath","value":"//bdi[text()=\"OK\"]"}
RESULT: {"using":"xpath","value":"//bdi[text()=\"OK\"]"}
COMMAND: POST /session/7d4fbfd037fb9998338d13e3e1bba5cd/elements - {"using":"xpath","value":"//bdi[text()=\"OK\"]"}
RESULT: {"using":"xpath","value":"//bdi[text()=\"OK\"]"}
COMMAND: POST /session/7d4fbfd037fb9998338d13e3e1bba5cd/elements - {"using":"xpath","value":"//bdi[text()=\"OK\"]"}
RESULT: {"using":"xpath","value":"//bdi[text()=\"OK\"]"}
COMMAND: POST /session/7d4fbfd037fb9998338d13e3e1bba5cd/elements - {"using":"xpath","value":"//bdi[text()=\"OK\"]"}
RESULT: {"using":"xpath","value":"//bdi[text()=\"OK\"]"}
COMMAND: POST /session/7d4fbfd037fb9998338d13e3e1bba5cd/elements - {"using":"xpath","value":"//bdi[text()=\"OK\"]"}
RESULT: {"using":"xpath","value":"//bdi[text()=\"OK\"]"}
COMMAND: POST /session/7d4fbfd037fb9998338d13e3e1bba5cd/elements - {"using":"xpath","value":"//bdi[text()=\"OK\"]"}
RESULT: {"using":"xpath","value":"//bdi[text()=\"OK\"]"}
COMMAND: POST /session/7d4fbfd037fb9998338d13e3e1bba5cd/elements - {"using":"xpath","value":"//bdi[text()=\"OK\"]"}
RESULT: {"using":"xpath","value":"//bdi[text()=\"OK\"]"}
COMMAND: POST /session/7d4fbfd037fb9998338d13e3e1bba5cd/elements - {"using":"xpath","value":"//bdi[text()=\"OK\"]"}
RESULT: {"using":"xpath","value":"//bdi[text()=\"OK\"]"}
COMMAND: POST /session/7d4fbfd037fb9998338d13e3e1bba5cd/elements - {"using":"xpath","value":"//bdi[text()=\"OK\"]"}
RESULT: {"using":"xpath","value":"//bdi[text()=\"OK\"]"}
COMMAND: POST /session/7d4fbfd037fb9998338d13e3e1bba5cd/elements - {"using":"xpath","value":"//bdi[text()=\"OK\"]"}
RESULT: {"using":"xpath","value":"//bdi[text()=\"OK\"]"}
COMMAND: POST /session/7d4fbfd037fb9998338d13e3e1bba5cd/elements - {"using":"xpath","value":"//bdi[text()=\"OK\"]"}
RESULT: {"using":"xpath","value":"//bdi[text()=\"OK\"]"}
COMMAND: POST /session/7d4fbfd037fb9998338d13e3e1bba5cd/elements - {"using":"xpath","value":"//bdi[text()=\"OK\"]"}
RESULT: {"using":"xpath","value":"//bdi[text()=\"OK\"]"}
COMMAND: POST /session/7d4fbfd037fb9998338d13e3e1bba5cd/elements - {"using":"xpath","value":"//bdi[text()=\"OK\"]"}
RESULT: {"using":"xpath","value":"//bdi[text()=\"OK\"]"}
COMMAND: POST /session/7d4fbfd037fb9998338d13e3e1bba5cd/elements - {"using":"xpath","value":"//bdi[text()=\"OK\"]"}
RESULT: {"using":"xpath","value":"//bdi[text()=\"OK\"]"}
COMMAND: POST /session/7d4fbfd037fb9998338d13e3e1bba5cd/elements - {"using":"xpath","value":"//bdi[text()=\"OK\"]"}
RESULT: {"using":"xpath","value":"//bdi[text()=\"OK\"]"}
COMMAND: POST /session/7d4fbfd037fb9998338d13e3e1bba5cd/elements - {"using":"xpath","value":"//bdi[text()=\"OK\"]"}
RESULT: {"using":"xpath","value":"//bdi[text()=\"OK\"]"}
COMMAND: POST /session/7d4fbfd037fb9998338d13e3e1bba5cd/elements - {"using":"xpath","value":"//bdi[text()=\"OK\"]"}
RESULT: {"using":"xpath","value":"//bdi[text()=\"OK\"]"}
COMMAND: POST /session/7d4fbfd037fb9998338d13e3e1bba5cd/elements - {"using":"xpath","value":"//bdi[text()=\"OK\"]"}
RESULT: {"using":"xpath","value":"//bdi[text()=\"OK\"]"}
COMMAND: POST /session/7d4fbfd037fb9998338d13e3e1bba5cd/elements - {"using":"xpath","value":"//bdi[text()=\"OK\"]"}
RESULT: {"using":"xpath","value":"//bdi[text()=\"OK\"]"}
COMMAND: POST /session/7d4fbfd037fb9998338d13e3e1bba5cd/elements - {"using":"xpath","value":"//bdi[text()=\"OK\"]"}
RESULT: {"using":"xpath","value":"//bdi[text()=\"OK\"]"}
COMMAND: POST /session/7d4fbfd037fb9998338d13e3e1bba5cd/elements - {"using":"xpath","value":"//bdi[text()=\"OK\"]"}
RESULT: {"using":"xpath","value":"//bdi[text()=\"OK\"]"}
COMMAND: POST /session/7d4fbfd037fb9998338d13e3e1bba5cd/elements - {"using":"xpath","value":"//bdi[text()=\"OK\"]"}
RESULT: {"using":"xpath","value":"//bdi[text()=\"OK\"]"}
COMMAND: POST /session/7d4fbfd037fb9998338d13e3e1bba5cd/elements - {"using":"xpath","value":"//bdi[text()=\"OK\"]"}
RESULT: {"using":"xpath","value":"//bdi[text()=\"OK\"]"}
COMMAND: POST /session/7d4fbfd037fb9998338d13e3e1bba5cd/elements - {"using":"xpath","value":"//bdi[text()=\"OK\"]"}
RESULT: {"using":"xpath","value":"//bdi[text()=\"OK\"]"}
COMMAND: POST /session/7d4fbfd037fb9998338d13e3e1bba5cd/elements - {"using":"xpath","value":"//bdi[text()=\"OK\"]"}
RESULT: {"using":"xpath","value":"//bdi[text()=\"OK\"]"}
COMMAND: POST /session/7d4fbfd037fb9998338d13e3e1bba5cd/elements - {"using":"xpath","value":"//bdi[text()=\"OK\"]"}
RESULT: {"using":"xpath","value":"//bdi[text()=\"OK\"]"}
COMMAND: POST /session/7d4fbfd037fb9998338d13e3e1bba5cd/elements - {"using":"xpath","value":"//bdi[text()=\"OK\"]"}
RESULT: {"using":"xpath","value":"//bdi[text()=\"OK\"]"}
COMMAND: POST /session/7d4fbfd037fb9998338d13e3e1bba5cd/elements - {"using":"xpath","value":"//bdi[text()=\"OK\"]"}
RESULT: {"using":"xpath","value":"//bdi[text()=\"OK\"]"}
COMMAND: POST /session/7d4fbfd037fb9998338d13e3e1bba5cd/elements - {"using":"xpath","value":"//bdi[text()=\"OK\"]"}
RESULT: {"using":"xpath","value":"//bdi[text()=\"OK\"]"}
COMMAND: POST /session/7d4fbfd037fb9998338d13e3e1bba5cd/elements - {"using":"xpath","value":"//bdi[text()=\"OK\"]"}
RESULT: {"using":"xpath","value":"//bdi[text()=\"OK\"]"}
COMMAND: POST /session/7d4fbfd037fb9998338d13e3e1bba5cd/elements - {"using":"xpath","value":"//bdi[text()=\"OK\"]"}
RESULT: {"using":"xpath","value":"//bdi[text()=\"OK\"]"}
COMMAND: POST /session/7d4fbfd037fb9998338d13e3e1bba5cd/elements - {"using":"xpath","value":"//bdi[text()=\"OK\"]"}
RESULT: {"using":"xpath","value":"//bdi[text()=\"OK\"]"}
COMMAND: POST /session/7d4fbfd037fb9998338d13e3e1bba5cd/elements - {"using":"xpath","value":"//bdi[text()=\"OK\"]"}
RESULT: {"using":"xpath","value":"//bdi[text()=\"OK\"]"}
COMMAND: POST /session/7d4fbfd037fb9998338d13e3e1bba5cd/elements - {"using":"xpath","value":"//bdi[text()=\"OK\"]"}
RESULT: {"using":"xpath","value":"//bdi[text()=\"OK\"]"}
COMMAND: POST /session/7d4fbfd037fb9998338d13e3e1bba5cd/elements - {"using":"xpath","value":"//bdi[text()=\"OK\"]"}
RESULT: {"using":"xpath","value":"//bdi[text()=\"OK\"]"}
COMMAND: POST /session/7d4fbfd037fb9998338d13e3e1bba5cd/elements - {"using":"xpath","value":"//bdi[text()=\"OK\"]"}
RESULT: {"using":"xpath","value":"//bdi[text()=\"OK\"]"}
COMMAND: POST /session/7d4fbfd037fb9998338d13e3e1bba5cd/elements - {"using":"xpath","value":"//bdi[text()=\"OK\"]"}
RESULT: {"using":"xpath","value":"//bdi[text()=\"OK\"]"}
COMMAND: POST /session/7d4fbfd037fb9998338d13e3e1bba5cd/elements - {"using":"xpath","value":"//bdi[text()=\"OK\"]"}
RESULT: {"using":"xpath","value":"//bdi[text()=\"OK\"]"}
COMMAND: POST /session/7d4fbfd037fb9998338d13e3e1bba5cd/elements - {"using":"xpath","value":"//bdi[text()=\"OK\"]"}
RESULT: {"using":"xpath","value":"//bdi[text()=\"OK\"]"}
COMMAND: POST /session/7d4fbfd037fb9998338d13e3e1bba5cd/elements - {"using":"xpath","value":"//bdi[text()=\"OK\"]"}
RESULT: {"using":"xpath","value":"//bdi[text()=\"OK\"]"}
COMMAND: POST /session/7d4fbfd037fb9998338d13e3e1bba5cd/elements - {"using":"xpath","value":"//bdi[text()=\"OK\"]"}
RESULT: {"using":"xpath","value":"//bdi[text()=\"OK\"]"}
COMMAND: POST /session/7d4fbfd037fb9998338d13e3e1bba5cd/elements - {"using":"xpath","value":"//bdi[text()=\"OK\"]"}
RESULT: {"using":"xpath","value":"//bdi[text()=\"OK\"]"}
COMMAND: POST /session/7d4fbfd037fb9998338d13e3e1bba5cd/elements - {"using":"xpath","value":"//bdi[text()=\"OK\"]"}
RESULT: {"using":"xpath","value":"//bdi[text()=\"OK\"]"}
COMMAND: POST /session/7d4fbfd037fb9998338d13e3e1bba5cd/elements - {"using":"xpath","value":"//bdi[text()=\"OK\"]"}
RESULT: {"using":"xpath","value":"//bdi[text()=\"OK\"]"}
COMMAND: POST /session/7d4fbfd037fb9998338d13e3e1bba5cd/elements - {"using":"xpath","value":"//bdi[text()=\"OK\"]"}
RESULT: {"using":"xpath","value":"//bdi[text()=\"OK\"]"}
COMMAND: POST /session/7d4fbfd037fb9998338d13e3e1bba5cd/elements - {"using":"xpath","value":"//bdi[text()=\"OK\"]"}
RESULT: {"using":"xpath","value":"//bdi[text()=\"OK\"]"}
COMMAND: POST /session/7d4fbfd037fb9998338d13e3e1bba5cd/elements - {"using":"xpath","value":"//bdi[text()=\"OK\"]"}
RESULT: {"using":"xpath","value":"//bdi[text()=\"OK\"]"}
COMMAND: POST /session/7d4fbfd037fb9998338d13e3e1bba5cd/elements - {"using":"xpath","value":"//bdi[text()=\"OK\"]"}
RESULT: {"using":"xpath","value":"//bdi[text()=\"OK\"]"}
COMMAND: POST /session/7d4fbfd037fb9998338d13e3e1bba5cd/elements - {"using":"xpath","value":"//bdi[text()=\"OK\"]"}
RESULT: {"using":"xpath","value":"//bdi[text()=\"OK\"]"}
COMMAND: POST /session/7d4fbfd037fb9998338d13e3e1bba5cd/elements - {"using":"xpath","value":"//bdi[text()=\"OK\"]"}
RESULT: {"using":"xpath","value":"//bdi[text()=\"OK\"]"}
COMMAND: POST /session/7d4fbfd037fb9998338d13e3e1bba5cd/elements - {"using":"xpath","value":"//bdi[text()=\"OK\"]"}
RESULT: {"using":"xpath","value":"//bdi[text()=\"OK\"]"}
COMMAND: POST /session/7d4fbfd037fb9998338d13e3e1bba5cd/elements - {"using":"xpath","value":"//bdi[text()=\"OK\"]"}
RESULT: {"using":"xpath","value":"//bdi[text()=\"OK\"]"}
COMMAND: POST /session/7d4fbfd037fb9998338d13e3e1bba5cd/elements - {"using":"xpath","value":"//bdi[text()=\"OK\"]"}
RESULT: {"using":"xpath","value":"//bdi[text()=\"OK\"]"}
COMMAND: POST /session/7d4fbfd037fb9998338d13e3e1bba5cd/elements - {"using":"xpath","value":"//bdi[text()=\"OK\"]"}
RESULT: {"using":"xpath","value":"//bdi[text()=\"OK\"]"}
COMMAND: POST /session/7d4fbfd037fb9998338d13e3e1bba5cd/elements - {"using":"xpath","value":"//bdi[text()=\"OK\"]"}
RESULT: {"using":"xpath","value":"//bdi[text()=\"OK\"]"}
COMMAND: POST /session/7d4fbfd037fb9998338d13e3e1bba5cd/elements - {"using":"xpath","value":"//bdi[text()=\"OK\"]"}
RESULT: {"using":"xpath","value":"//bdi[text()=\"OK\"]"}
COMMAND: POST /session/7d4fbfd037fb9998338d13e3e1bba5cd/elements - {"using":"xpath","value":"//bdi[text()=\"OK\"]"}
RESULT: {"using":"xpath","value":"//bdi[text()=\"OK\"]"}
COMMAND: POST /session/7d4fbfd037fb9998338d13e3e1bba5cd/elements - {"using":"xpath","value":"//bdi[text()=\"OK\"]"}
RESULT: {"using":"xpath","value":"//bdi[text()=\"OK\"]"}
COMMAND: POST /session/7d4fbfd037fb9998338d13e3e1bba5cd/elements - {"using":"xpath","value":"//bdi[text()=\"OK\"]"}
RESULT: {"using":"xpath","value":"//bdi[text()=\"OK\"]"}
COMMAND: POST /session/7d4fbfd037fb9998338d13e3e1bba5cd/elements - {"using":"xpath","value":"//bdi[text()=\"OK\"]"}
RESULT: {"using":"xpath","value":"//bdi[text()=\"OK\"]"}
COMMAND: POST /session/7d4fbfd037fb9998338d13e3e1bba5cd/elements - {"using":"xpath","value":"//bdi[text()=\"OK\"]"}
RESULT: {"using":"xpath","value":"//bdi[text()=\"OK\"]"}
COMMAND: POST /session/7d4fbfd037fb9998338d13e3e1bba5cd/elements - {"using":"xpath","value":"//bdi[text()=\"OK\"]"}
RESULT: {"using":"xpath","value":"//bdi[text()=\"OK\"]"}
COMMAND: POST /session/7d4fbfd037fb9998338d13e3e1bba5cd/elements - {"using":"xpath","value":"//bdi[text()=\"OK\"]"}
RESULT: {"using":"xpath","value":"//bdi[text()=\"OK\"]"}
COMMAND: POST /session/7d4fbfd037fb9998338d13e3e1bba5cd/elements - {"using":"xpath","value":"//bdi[text()=\"OK\"]"}
RESULT: {"using":"xpath","value":"//bdi[text()=\"OK\"]"}
COMMAND: POST /session/7d4fbfd037fb9998338d13e3e1bba5cd/elements - {"using":"xpath","value":"//bdi[text()=\"OK\"]"}
RESULT: {"using":"xpath","value":"//bdi[text()=\"OK\"]"}
COMMAND: POST /session/7d4fbfd037fb9998338d13e3e1bba5cd/elements - {"using":"xpath","value":"//bdi[text()=\"OK\"]"}
RESULT: {"using":"xpath","value":"//bdi[text()=\"OK\"]"}
COMMAND: POST /session/7d4fbfd037fb9998338d13e3e1bba5cd/elements - {"using":"xpath","value":"//bdi[text()=\"OK\"]"}
RESULT: {"using":"xpath","value":"//bdi[text()=\"OK\"]"}
COMMAND: POST /session/7d4fbfd037fb9998338d13e3e1bba5cd/elements - {"using":"xpath","value":"//bdi[text()=\"OK\"]"}
RESULT: {"using":"xpath","value":"//bdi[text()=\"OK\"]"}
COMMAND: POST /session/7d4fbfd037fb9998338d13e3e1bba5cd/elements - {"using":"xpath","value":"//bdi[text()=\"OK\"]"}
RESULT: {"using":"xpath","value":"//bdi[text()=\"OK\"]"}
COMMAND: POST /session/7d4fbfd037fb9998338d13e3e1bba5cd/elements - {"using":"xpath","value":"//bdi[text()=\"OK\"]"}
RESULT: {"using":"xpath","value":"//bdi[text()=\"OK\"]"}
COMMAND: POST /session/7d4fbfd037fb9998338d13e3e1bba5cd/elements - {"using":"xpath","value":"//bdi[text()=\"OK\"]"}
RESULT: {"using":"xpath","value":"//bdi[text()=\"OK\"]"}
COMMAND: POST /session/7d4fbfd037fb9998338d13e3e1bba5cd/elements - {"using":"xpath","value":"//bdi[text()=\"OK\"]"}
RESULT: {"using":"xpath","value":"//bdi[text()=\"OK\"]"}
COMMAND: POST /session/7d4fbfd037fb9998338d13e3e1bba5cd/elements - {"using":"xpath","value":"//bdi[text()=\"OK\"]"}
RESULT: {"using":"xpath","value":"//bdi[text()=\"OK\"]"}
COMMAND: POST /session/7d4fbfd037fb9998338d13e3e1bba5cd/elements - {"using":"xpath","value":"//bdi[text()=\"OK\"]"}
RESULT: {"using":"xpath","value":"//bdi[text()=\"OK\"]"}
COMMAND: POST /session/7d4fbfd037fb9998338d13e3e1bba5cd/elements - {"using":"xpath","value":"//bdi[text()=\"OK\"]"}
RESULT: {"using":"xpath","value":"//bdi[text()=\"OK\"]"}
COMMAND: POST /session/7d4fbfd037fb9998338d13e3e1bba5cd/elements - {"using":"xpath","value":"//bdi[text()=\"OK\"]"}
RESULT: {"using":"xpath","value":"//bdi[text()=\"OK\"]"}
COMMAND: POST /session/7d4fbfd037fb9998338d13e3e1bba5cd/elements - {"using":"xpath","value":"//bdi[text()=\"OK\"]"}
RESULT: {"using":"xpath","value":"//bdi[text()=\"OK\"]"}
COMMAND: POST /session/7d4fbfd037fb9998338d13e3e1bba5cd/elements - {"using":"xpath","value":"//bdi[text()=\"OK\"]"}
RESULT: {"using":"xpath","value":"//bdi[text()=\"OK\"]"}
COMMAND: POST /session/7d4fbfd037fb9998338d13e3e1bba5cd/elements - {"using":"xpath","value":"//bdi[text()=\"OK\"]"}
RESULT: {"using":"xpath","value":"//bdi[text()=\"OK\"]"}
COMMAND: POST /session/7d4fbfd037fb9998338d13e3e1bba5cd/elements - {"using":"xpath","value":"//bdi[text()=\"OK\"]"}
RESULT: {"using":"xpath","value":"//bdi[text()=\"OK\"]"}
COMMAND: POST /session/7d4fbfd037fb9998338d13e3e1bba5cd/elements - {"using":"xpath","value":"//bdi[text()=\"OK\"]"}
RESULT: {"using":"xpath","value":"//bdi[text()=\"OK\"]"}
COMMAND: POST /session/7d4fbfd037fb9998338d13e3e1bba5cd/elements - {"using":"xpath","value":"//bdi[text()=\"OK\"]"}
RESULT: {"using":"xpath","value":"//bdi[text()=\"OK\"]"}
COMMAND: POST /session/7d4fbfd037fb9998338d13e3e1bba5cd/elements - {"using":"xpath","value":"//bdi[text()=\"OK\"]"}
RESULT: {"using":"xpath","value":"//bdi[text()=\"OK\"]"}
COMMAND: POST /session/7d4fbfd037fb9998338d13e3e1bba5cd/elements - {"using":"xpath","value":"//bdi[text()=\"OK\"]"}
RESULT: {"using":"xpath","value":"//bdi[text()=\"OK\"]"}
COMMAND: POST /session/7d4fbfd037fb9998338d13e3e1bba5cd/elements - {"using":"xpath","value":"//bdi[text()=\"OK\"]"}
RESULT: {"using":"xpath","value":"//bdi[text()=\"OK\"]"}
COMMAND: POST /session/7d4fbfd037fb9998338d13e3e1bba5cd/elements - {"using":"xpath","value":"//bdi[text()=\"OK\"]"}
RESULT: {"using":"xpath","value":"//bdi[text()=\"OK\"]"}
COMMAND: POST /session/7d4fbfd037fb9998338d13e3e1bba5cd/elements - {"using":"xpath","value":"//bdi[text()=\"OK\"]"}
RESULT: {"using":"xpath","value":"//bdi[text()=\"OK\"]"}
COMMAND: POST /session/7d4fbfd037fb9998338d13e3e1bba5cd/elements - {"using":"xpath","value":"//bdi[text()=\"OK\"]"}
RESULT: {"using":"xpath","value":"//bdi[text()=\"OK\"]"}
COMMAND: POST /session/7d4fbfd037fb9998338d13e3e1bba5cd/elements - {"using":"xpath","value":"//bdi[text()=\"OK\"]"}
RESULT: {"using":"xpath","value":"//bdi[text()=\"OK\"]"}
COMMAND: POST /session/7d4fbfd037fb9998338d13e3e1bba5cd/elements - {"using":"xpath","value":"//bdi[text()=\"OK\"]"}
RESULT: {"using":"xpath","value":"//bdi[text()=\"OK\"]"}
COMMAND: POST /session/7d4fbfd037fb9998338d13e3e1bba5cd/elements - {"using":"xpath","value":"//bdi[text()=\"OK\"]"}
RESULT: {"using":"xpath","value":"//bdi[text()=\"OK\"]"}
COMMAND: POST /session/7d4fbfd037fb9998338d13e3e1bba5cd/elements - {"using":"xpath","value":"//bdi[text()=\"OK\"]"}
RESULT: {"using":"xpath","value":"//bdi[text()=\"OK\"]"}
COMMAND: POST /session/7d4fbfd037fb9998338d13e3e1bba5cd/elements - {"using":"xpath","value":"//bdi[text()=\"OK\"]"}
RESULT: {"using":"xpath","value":"//bdi[text()=\"OK\"]"}
COMMAND: POST /session/7d4fbfd037fb9998338d13e3e1bba5cd/elements - {"using":"xpath","value":"//bdi[text()=\"OK\"]"}
RESULT: {"using":"xpath","value":"//bdi[text()=\"OK\"]"}
COMMAND: POST /session/7d4fbfd037fb9998338d13e3e1bba5cd/elements - {"using":"xpath","value":"//bdi[text()=\"OK\"]"}
RESULT: {"using":"xpath","value":"//bdi[text()=\"OK\"]"}
COMMAND: POST /session/7d4fbfd037fb9998338d13e3e1bba5cd/elements - {"using":"xpath","value":"//bdi[text()=\"OK\"]"}
RESULT: {"using":"xpath","value":"//bdi[text()=\"OK\"]"}
COMMAND: POST /session/7d4fbfd037fb9998338d13e3e1bba5cd/elements - {"using":"xpath","value":"//bdi[text()=\"OK\"]"}
RESULT: {"using":"xpath","value":"//bdi[text()=\"OK\"]"}
COMMAND: POST /session/7d4fbfd037fb9998338d13e3e1bba5cd/elements - {"using":"xpath","value":"//bdi[text()=\"OK\"]"}
RESULT: {"using":"xpath","value":"//bdi[text()=\"OK\"]"}
COMMAND: POST /session/7d4fbfd037fb9998338d13e3e1bba5cd/execute/async - {"script":"<script> [1562 bytes]","args":[{"selector":{"id":"application-manageresources-display-component---newResourceUnit--TYPE-arrow"},"wdio_ui5_key":"applicationmanageresources-display-component---newResourceUnit--TYPE-arrow"}]}
RESULT: {"script":"<script> [1562 bytes]","args":[{"selector":{"id":"application-manageresources-display-component---newResourceUnit--TYPE-arrow"},"wdio_ui5_key":"applicationmanageresources-display-component---newResourceUnit--TYPE-arrow"}]}
RESULT: undefined
COMMAND: POST /session/7d4fbfd037fb9998338d13e3e1bba5cd/element - {"using":"xpath","value":"//*[@id=\"application-manageresources-display-component---newResourceUnit--TYPE-arrow\"]"}
RESULT: {"using":"xpath","value":"//*[@id=\"application-manageresources-display-component---newResourceUnit--TYPE-arrow\"]"}
COMMAND: POST /session/7d4fbfd037fb9998338d13e3e1bba5cd/element/f.8197E7E82739F49E8E00421C1FF1176E.d.8538FF6B49A6E83A6F0ABE9BB74D2FF5.e.6964/click - {}
RESULT: {}
COMMAND: POST /session/7d4fbfd037fb9998338d13e3e1bba5cd/execute/async - {"script":"<script> [1562 bytes]","args":[{"selector":{"controlType":"sap.m.StandardListItem","viewName":"reusables.view.manageresources.NewResourceUnit","viewId":"application-manageresources-display-component---newResourceUnit","properties":{"title":"Equipment"},"searchOpenDialogs":true,"interaction":{"idSuffix":"content"}},"wdio_ui5_key":"reusablesview.manageresources.NewResourceUnitsap.m.StandardListItem{\"title\":\"Equipment\"}"}]}
COMMAND: GET /session/7d4fbfd037fb9998338d13e3e1bba5cd/screenshot - {}
RESULT: {"script":"<script> [1562 bytes]","args":[{"selector":{"controlType":"sap.m.StandardListItem","viewName":"reusables.view.manageresources.NewResourceUnit","viewId":"application-manageresources-display-component---newResourceUnit","properties":{"title":"Equipment"},"searchOpenDialogs":true,"interaction":{"idSuffix":"content"}},"wdio_ui5_key":"reusablesview.manageresources.NewResourceUnitsap.m.StandardListItem{\"title\":\"Equipment\"}"}]}
RESULT: undefined
COMMAND: POST /session/7d4fbfd037fb9998338d13e3e1bba5cd/element - {"using":"xpath","value":"//*[@id=\"__item139\"]"}
RESULT: {}
RESULT: {"using":"xpath","value":"//*[@id=\"__item139\"]"}
COMMAND: POST /session/7d4fbfd037fb9998338d13e3e1bba5cd/element/f.8197E7E82739F49E8E00421C1FF1176E.d.8538FF6B49A6E83A6F0ABE9BB74D2FF5.e.6967/click - {}
RESULT: {}
COMMAND: POST /session/7d4fbfd037fb9998338d13e3e1bba5cd/execute/async - {"script":"<script> [1562 bytes]","args":[{"selector":{"id":"application-manageresources-display-component---newResourceUnit--resourceId","interaction":{"idSuffix":"inner"}},"wdio_ui5_key":"applicationmanageresources-display-component---newResourceUnit--resourceId"}]}
COMMAND: GET /session/7d4fbfd037fb9998338d13e3e1bba5cd/screenshot - {}
RESULT: {"script":"<script> [1562 bytes]","args":[{"selector":{"id":"application-manageresources-display-component---newResourceUnit--resourceId","interaction":{"idSuffix":"inner"}},"wdio_ui5_key":"applicationmanageresources-display-component---newResourceUnit--resourceId"}]}
RESULT: undefined
COMMAND: POST /session/7d4fbfd037fb9998338d13e3e1bba5cd/execute/async - {"script":"<script> [776 bytes]","args":[{"enterText":"EquipmentCounter v7guu","selector":{"id":"application-manageresources-display-component---newResourceUnit--resourceId","interaction":{"idSuffix":"inner"}},"clearTextFirst":true,"interactionType":"ENTER_TEXT"}]}
RESULT: {}
RESULT: {"script":"<script> [776 bytes]","args":[{"enterText":"EquipmentCounter v7guu","selector":{"id":"application-manageresources-display-component---newResourceUnit--resourceId","interaction":{"idSuffix":"inner"}},"clearTextFirst":true,"interactionType":"ENTER_TEXT"}]}
COMMAND: POST /session/7d4fbfd037fb9998338d13e3e1bba5cd/execute/async - {"script":"<script> [1562 bytes]","args":[{"selector":{"id":"application-manageresources-display-component---newResourceUnit--SHORT_TEXT","interaction":{"idSuffix":"inner"}},"wdio_ui5_key":"applicationmanageresources-display-component---newResourceUnit--SHORT_TEXT"}]}
RESULT: {"script":"<script> [1562 bytes]","args":[{"selector":{"id":"application-manageresources-display-component---newResourceUnit--SHORT_TEXT","interaction":{"idSuffix":"inner"}},"wdio_ui5_key":"applicationmanageresources-display-component---newResourceUnit--SHORT_TEXT"}]}
RESULT: undefined
COMMAND: POST /session/7d4fbfd037fb9998338d13e3e1bba5cd/execute/async - {"script":"<script> [776 bytes]","args":[{"enterText":"EquipmentCounter v7guu","selector":{"id":"application-manageresources-display-component---newResourceUnit--SHORT_TEXT","interaction":{"idSuffix":"inner"}},"clearTextFirst":true,"interactionType":"ENTER_TEXT"}]}
RESULT: {"script":"<script> [776 bytes]","args":[{"enterText":"EquipmentCounter v7guu","selector":{"id":"application-manageresources-display-component---newResourceUnit--SHORT_TEXT","interaction":{"idSuffix":"inner"}},"clearTextFirst":true,"interactionType":"ENTER_TEXT"}]}
COMMAND: POST /session/7d4fbfd037fb9998338d13e3e1bba5cd/execute/async - {"script":"<script> [1562 bytes]","args":[{"selector":{"id":"application-manageresources-display-component---newResourceUnit--BASE_UNIT_OF_MEASURE","interaction":{"idSuffix":"inner"}},"wdio_ui5_key":"applicationmanageresources-display-component---newResourceUnit--BASE_UNIT_OF_MEASURE"}]}
RESULT: {"script":"<script> [1562 bytes]","args":[{"selector":{"id":"application-manageresources-display-component---newResourceUnit--BASE_UNIT_OF_MEASURE","interaction":{"idSuffix":"inner"}},"wdio_ui5_key":"applicationmanageresources-display-component---newResourceUnit--BASE_UNIT_OF_MEASURE"}]}
RESULT: undefined
COMMAND: POST /session/7d4fbfd037fb9998338d13e3e1bba5cd/execute/async - {"script":"<script> [776 bytes]","args":[{"enterText":"Piece","selector":{"id":"application-manageresources-display-component---newResourceUnit--BASE_UNIT_OF_MEASURE","interaction":{"idSuffix":"inner"}},"clearTextFirst":true,"interactionType":"ENTER_TEXT"}]}
RESULT: {"script":"<script> [776 bytes]","args":[{"enterText":"Piece","selector":{"id":"application-manageresources-display-component---newResourceUnit--BASE_UNIT_OF_MEASURE","interaction":{"idSuffix":"inner"}},"clearTextFirst":true,"interactionType":"ENTER_TEXT"}]}
COMMAND: POST /session/7d4fbfd037fb9998338d13e3e1bba5cd/execute/async - {"script":"<script> [1562 bytes]","args":[{"selector":{"id":"application-manageresources-display-component---newResourceUnit--WEIGHT_UNIT","interaction":{"idSuffix":"inner"}},"wdio_ui5_key":"applicationmanageresources-display-component---newResourceUnit--WEIGHT_UNIT"}]}
RESULT: {"script":"<script> [1562 bytes]","args":[{"selector":{"id":"application-manageresources-display-component---newResourceUnit--WEIGHT_UNIT","interaction":{"idSuffix":"inner"}},"wdio_ui5_key":"applicationmanageresources-display-component---newResourceUnit--WEIGHT_UNIT"}]}
RESULT: undefined
COMMAND: POST /session/7d4fbfd037fb9998338d13e3e1bba5cd/execute/async - {"script":"<script> [776 bytes]","args":[{"enterText":"Gram","selector":{"id":"application-manageresources-display-component---newResourceUnit--WEIGHT_UNIT","interaction":{"idSuffix":"inner"}},"clearTextFirst":true,"interactionType":"ENTER_TEXT"}]}
RESULT: {"script":"<script> [776 bytes]","args":[{"enterText":"Gram","selector":{"id":"application-manageresources-display-component---newResourceUnit--WEIGHT_UNIT","interaction":{"idSuffix":"inner"}},"clearTextFirst":true,"interactionType":"ENTER_TEXT"}]}
COMMAND: POST /session/7d4fbfd037fb9998338d13e3e1bba5cd/execute/async - {"script":"<script> [1562 bytes]","args":[{"selector":{"id":"application-manageresources-display-component---newResourceUnit--newRRUPage-OPHeaderContent-collapseBtn-img"},"wdio_ui5_key":"applicationmanageresources-display-component---newResourceUnit--newRRUPage-OPHeaderContent-collapseBtn-img"}]}
RESULT: {"script":"<script> [1562 bytes]","args":[{"selector":{"id":"application-manageresources-display-component---newResourceUnit--newRRUPage-OPHeaderContent-collapseBtn-img"},"wdio_ui5_key":"applicationmanageresources-display-component---newResourceUnit--newRRUPage-OPHeaderContent-collapseBtn-img"}]}
RESULT: undefined
COMMAND: POST /session/7d4fbfd037fb9998338d13e3e1bba5cd/element - {"using":"xpath","value":"//*[@id=\"application-manageresources-display-component---newResourceUnit--newRRUPage-OPHeaderContent-collapseBtn-img\"]"}
RESULT: {"using":"xpath","value":"//*[@id=\"application-manageresources-display-component---newResourceUnit--newRRUPage-OPHeaderContent-collapseBtn-img\"]"}
COMMAND: POST /session/7d4fbfd037fb9998338d13e3e1bba5cd/element/f.8197E7E82739F49E8E00421C1FF1176E.d.8538FF6B49A6E83A6F0ABE9BB74D2FF5.e.6976/click - {}
RESULT: {}
COMMAND: GET /session/7d4fbfd037fb9998338d13e3e1bba5cd/screenshot - {}
RESULT: {}
COMMAND: POST /session/7d4fbfd037fb9998338d13e3e1bba5cd/element - {"using":"xpath","value":"(//span[contains(@id ,\"application-manageresources-display-component---newResourceUnit--DIMENSION_UNIT-arrow\")])[1]"}
RESULT: {"using":"xpath","value":"(//span[contains(@id ,\"application-manageresources-display-component---newResourceUnit--DIMENSION_UNIT-arrow\")])[1]"}
COMMAND: POST /session/7d4fbfd037fb9998338d13e3e1bba5cd/element/f.8197E7E82739F49E8E00421C1FF1176E.d.8538FF6B49A6E83A6F0ABE9BB74D2FF5.e.7098/click - {}
RESULT: {}
COMMAND: GET /session/7d4fbfd037fb9998338d13e3e1bba5cd/screenshot - {}
RESULT: {}
COMMAND: POST /session/7d4fbfd037fb9998338d13e3e1bba5cd/execute/async - {"script":"<script> [1562 bytes]","args":[{"selector":{"controlType":"sap.m.StandardListItem","viewName":"reusables.view.manageresources.NewResourceUnit","viewId":"application-manageresources-display-component---newResourceUnit","properties":{"title":"Centimeter"},"searchOpenDialogs":true,"interaction":{"idSuffix":"titleText"}},"wdio_ui5_key":"reusablesview.manageresources.NewResourceUnitsap.m.StandardListItem{\"title\":\"Centimeter\"}"}]}
RESULT: {"script":"<script> [1562 bytes]","args":[{"selector":{"controlType":"sap.m.StandardListItem","viewName":"reusables.view.manageresources.NewResourceUnit","viewId":"application-manageresources-display-component---newResourceUnit","properties":{"title":"Centimeter"},"searchOpenDialogs":true,"interaction":{"idSuffix":"titleText"}},"wdio_ui5_key":"reusablesview.manageresources.NewResourceUnitsap.m.StandardListItem{\"title\":\"Centimeter\"}"}]}
RESULT: undefined
COMMAND: POST /session/7d4fbfd037fb9998338d13e3e1bba5cd/element - {"using":"xpath","value":"//*[@id=\"__item182\"]"}
RESULT: {"using":"xpath","value":"//*[@id=\"__item182\"]"}
COMMAND: POST /session/7d4fbfd037fb9998338d13e3e1bba5cd/element/f.8197E7E82739F49E8E00421C1FF1176E.d.8538FF6B49A6E83A6F0ABE9BB74D2FF5.e.7102/click - {}
RESULT: {}
COMMAND: GET /session/7d4fbfd037fb9998338d13e3e1bba5cd/screenshot - {}
RESULT: {}
COMMAND: POST /session/7d4fbfd037fb9998338d13e3e1bba5cd/execute/async - {"script":"<script> [1562 bytes]","args":[{"selector":{"id":"application-manageresources-display-component---newResourceUnit--newRRUPage-anchBar-application-manageresources-display-component---newResourceUnit--control-anchor","interaction":{"idSuffix":"BDI-content"}},"wdio_ui5_key":"applicationmanageresources-display-component---newResourceUnit--newRRUPage-anchBar-application-manageresources-display-component---newResourceUnit--control-anchor"}]}
RESULT: {"script":"<script> [1562 bytes]","args":[{"selector":{"id":"application-manageresources-display-component---newResourceUnit--newRRUPage-anchBar-application-manageresources-display-component---newResourceUnit--control-anchor","interaction":{"idSuffix":"BDI-content"}},"wdio_ui5_key":"applicationmanageresources-display-component---newResourceUnit--newRRUPage-anchBar-application-manageresources-display-component---newResourceUnit--control-anchor"}]}
RESULT: undefined
COMMAND: POST /session/7d4fbfd037fb9998338d13e3e1bba5cd/element - {"using":"xpath","value":"//*[@id=\"application-manageresources-display-component---newResourceUnit--newRRUPage-anchBar-application-manageresources-display-component---newResourceUnit--control-anchor\"]"}
RESULT: {"using":"xpath","value":"//*[@id=\"application-manageresources-display-component---newResourceUnit--newRRUPage-anchBar-application-manageresources-display-component---newResourceUnit--control-anchor\"]"}
COMMAND: POST /session/7d4fbfd037fb9998338d13e3e1bba5cd/element/f.8197E7E82739F49E8E00421C1FF1176E.d.8538FF6B49A6E83A6F0ABE9BB74D2FF5.e.7104/click - {}
RESULT: {}
COMMAND: POST /session/7d4fbfd037fb9998338d13e3e1bba5cd/execute/async - {"script":"<script> [1562 bytes]","args":[{"selector":{"id":"application-manageresources-display-component---newResourceUnit--PLANNING_GROUP","interaction":{"idSuffix":"inner"}},"wdio_ui5_key":"applicationmanageresources-display-component---newResourceUnit--PLANNING_GROUP"}]}
COMMAND: GET /session/7d4fbfd037fb9998338d13e3e1bba5cd/screenshot - {}
RESULT: {"script":"<script> [1562 bytes]","args":[{"selector":{"id":"application-manageresources-display-component---newResourceUnit--PLANNING_GROUP","interaction":{"idSuffix":"inner"}},"wdio_ui5_key":"applicationmanageresources-display-component---newResourceUnit--PLANNING_GROUP"}]}
RESULT: undefined
COMMAND: POST /session/7d4fbfd037fb9998338d13e3e1bba5cd/execute/async - {"script":"<script> [776 bytes]","args":[{"enterText":"Heavy Equi","selector":{"id":"application-manageresources-display-component---newResourceUnit--PLANNING_GROUP","interaction":{"idSuffix":"inner"}},"clearTextFirst":true,"interactionType":"ENTER_TEXT"}]}
RESULT: {}
RESULT: {"script":"<script> [776 bytes]","args":[{"enterText":"Heavy Equi","selector":{"id":"application-manageresources-display-component---newResourceUnit--PLANNING_GROUP","interaction":{"idSuffix":"inner"}},"clearTextFirst":true,"interactionType":"ENTER_TEXT"}]}
COMMAND: POST /session/7d4fbfd037fb9998338d13e3e1bba5cd/execute/async - {"script":"<script> [1562 bytes]","args":[{"selector":{"id":"application-manageresources-display-component---newResourceUnit--ITEM_TYPE-arrow"},"wdio_ui5_key":"applicationmanageresources-display-component---newResourceUnit--ITEM_TYPE-arrow"}]}
RESULT: {"script":"<script> [1562 bytes]","args":[{"selector":{"id":"application-manageresources-display-component---newResourceUnit--ITEM_TYPE-arrow"},"wdio_ui5_key":"applicationmanageresources-display-component---newResourceUnit--ITEM_TYPE-arrow"}]}
RESULT: undefined
COMMAND: POST /session/7d4fbfd037fb9998338d13e3e1bba5cd/element - {"using":"xpath","value":"//*[@id=\"application-manageresources-display-component---newResourceUnit--ITEM_TYPE-arrow\"]"}
RESULT: {"using":"xpath","value":"//*[@id=\"application-manageresources-display-component---newResourceUnit--ITEM_TYPE-arrow\"]"}
COMMAND: POST /session/7d4fbfd037fb9998338d13e3e1bba5cd/element/f.8197E7E82739F49E8E00421C1FF1176E.d.8538FF6B49A6E83A6F0ABE9BB74D2FF5.e.7109/click - {}
RESULT: {}
COMMAND: POST /session/7d4fbfd037fb9998338d13e3e1bba5cd/execute/async - {"script":"<script> [1562 bytes]","args":[{"selector":{"controlType":"sap.m.StandardListItem","viewName":"reusables.view.manageresources.NewResourceUnit","viewId":"application-manageresources-display-component---newResourceUnit","properties":{"title":"Resource Unit"},"searchOpenDialogs":true,"interaction":{"idSuffix":"titleText"}},"wdio_ui5_key":"reusablesview.manageresources.NewResourceUnitsap.m.StandardListItem{\"title\":\"Resource Unit\"}"}]}
COMMAND: GET /session/7d4fbfd037fb9998338d13e3e1bba5cd/screenshot - {}
RESULT: {"script":"<script> [1562 bytes]","args":[{"selector":{"controlType":"sap.m.StandardListItem","viewName":"reusables.view.manageresources.NewResourceUnit","viewId":"application-manageresources-display-component---newResourceUnit","properties":{"title":"Resource Unit"},"searchOpenDialogs":true,"interaction":{"idSuffix":"titleText"}},"wdio_ui5_key":"reusablesview.manageresources.NewResourceUnitsap.m.StandardListItem{\"title\":\"Resource Unit\"}"}]}
RESULT: undefined
COMMAND: POST /session/7d4fbfd037fb9998338d13e3e1bba5cd/element - {"using":"xpath","value":"//*[@id=\"__item204\"]"}
RESULT: {}
RESULT: {"using":"xpath","value":"//*[@id=\"__item204\"]"}
COMMAND: POST /session/7d4fbfd037fb9998338d13e3e1bba5cd/element/f.8197E7E82739F49E8E00421C1FF1176E.d.8538FF6B49A6E83A6F0ABE9BB74D2FF5.e.7111/click - {}
RESULT: {}
COMMAND: POST /session/7d4fbfd037fb9998338d13e3e1bba5cd/element - {"using":"xpath","value":"//bdi[contains(text(), \"Time Segment\")]"}
COMMAND: GET /session/7d4fbfd037fb9998338d13e3e1bba5cd/screenshot - {}
RESULT: {"using":"xpath","value":"//bdi[contains(text(), \"Time Segment\")]"}
COMMAND: GET /session/7d4fbfd037fb9998338d13e3e1bba5cd/element/f.8197E7E82739F49E8E00421C1FF1176E.d.8538FF6B49A6E83A6F0ABE9BB74D2FF5.e.7112/rect - {}
RESULT: {}
RESULT: {}
COMMAND: GET /session/7d4fbfd037fb9998338d13e3e1bba5cd/window/rect - {}
RESULT: {}
COMMAND: POST /session/7d4fbfd037fb9998338d13e3e1bba5cd/execute/sync - {"script":"<script> [92 bytes]","args":[]}
RESULT: {"script":"<script> [92 bytes]","args":[]}
COMMAND: POST /session/7d4fbfd037fb9998338d13e3e1bba5cd/actions - {"actions":[{"id":"action21","type":"wheel","parameters":{},"actions":[{"type":"scroll","x":-1820,"y":-21,"deltaX":0,"deltaY":0,"duration":0,"origin":{"element-6066-11e4-a52e-4f735466cecf":"f.8197E7E82739F49E8E00421C1FF1176E.d.8538FF6B49A6E83A6F0ABE9BB74D2FF5.e.7112"}}]}]}
COMMAND: GET /session/7d4fbfd037fb9998338d13e3e1bba5cd/screenshot - {}
RESULT: {}
COMMAND: POST /session/7d4fbfd037fb9998338d13e3e1bba5cd/execute/sync - {"script":"<script> [79 bytes]","args":[{"element-6066-11e4-a52e-4f735466cecf":"f.8197E7E82739F49E8E00421C1FF1176E.d.8538FF6B49A6E83A6F0ABE9BB74D2FF5.e.7112","ELEMENT":"f.8197E7E82739F49E8E00421C1FF1176E.d.8538FF6B49A6E83A6F0ABE9BB74D2FF5.e.7112"},{"block":"start","inline":"nearest"}]}
RESULT: {"script":"<script> [79 bytes]","args":[{"element-6066-11e4-a52e-4f735466cecf":"f.8197E7E82739F49E8E00421C1FF1176E.d.8538FF6B49A6E83A6F0ABE9BB74D2FF5.e.7112","ELEMENT":"f.8197E7E82739F49E8E00421C1FF1176E.d.8538FF6B49A6E83A6F0ABE9BB74D2FF5.e.7112"},{"block":"start","inline":"nearest"}]}
COMMAND: POST /session/7d4fbfd037fb9998338d13e3e1bba5cd/execute/async - {"script":"<script> [1562 bytes]","args":[{"selector":{"id":"application-manageresources-display-component---newResourceUnit--btnAddTimeSegment-img"},"wdio_ui5_key":"applicationmanageresources-display-component---newResourceUnit--btnAddTimeSegment-img"}]}
COMMAND: GET /session/7d4fbfd037fb9998338d13e3e1bba5cd/screenshot - {}
RESULT: {"script":"<script> [1562 bytes]","args":[{"selector":{"id":"application-manageresources-display-component---newResourceUnit--btnAddTimeSegment-img"},"wdio_ui5_key":"applicationmanageresources-display-component---newResourceUnit--btnAddTimeSegment-img"}]}
RESULT: undefined
COMMAND: POST /session/7d4fbfd037fb9998338d13e3e1bba5cd/element - {"using":"xpath","value":"//*[@id=\"application-manageresources-display-component---newResourceUnit--btnAddTimeSegment-img\"]"}
RESULT: {}
RESULT: {"using":"xpath","value":"//*[@id=\"application-manageresources-display-component---newResourceUnit--btnAddTimeSegment-img\"]"}
COMMAND: POST /session/7d4fbfd037fb9998338d13e3e1bba5cd/element/f.8197E7E82739F49E8E00421C1FF1176E.d.8538FF6B49A6E83A6F0ABE9BB74D2FF5.e.7115/click - {}
RESULT: {}
COMMAND: POST /session/7d4fbfd037fb9998338d13e3e1bba5cd/element - {"using":"xpath","value":"//input[@id=\"application-manageresources-display-component---newResourceUnit--idRuTSAdmin-application-manageresources-display-component---newResourceUnit--RUTimeSegment-0-inner\"]"}
COMMAND: GET /session/7d4fbfd037fb9998338d13e3e1bba5cd/screenshot - {}
RESULT: {"using":"xpath","value":"//input[@id=\"application-manageresources-display-component---newResourceUnit--idRuTSAdmin-application-manageresources-display-component---newResourceUnit--RUTimeSegment-0-inner\"]"}
COMMAND: POST /session/7d4fbfd037fb9998338d13e3e1bba5cd/element/f.8197E7E82739F49E8E00421C1FF1176E.d.8538FF6B49A6E83A6F0ABE9BB74D2FF5.e.7118/clear - {}
RESULT: {}
RESULT: {}
COMMAND: POST /session/7d4fbfd037fb9998338d13e3e1bba5cd/element/f.8197E7E82739F49E8E00421C1FF1176E.d.8538FF6B49A6E83A6F0ABE9BB74D2FF5.e.7118/value - {"text":"Webdriver Yard"}
COMMAND: GET /session/7d4fbfd037fb9998338d13e3e1bba5cd/screenshot - {}
RESULT: {"text":"Webdriver Yard"}
COMMAND: GET /session/7d4fbfd037fb9998338d13e3e1bba5cd/screenshot - {}
RESULT: {}
RESULT: {}
COMMAND: POST /session/7d4fbfd037fb9998338d13e3e1bba5cd/actions - {"actions":[{"id":"action22","type":"key","parameters":{},"actions":[{"type":"keyDown","value":"î€‡"},{"type":"pause","duration":10},{"type":"keyUp","value":"î€‡"}]}]}
RESULT: {"actions":[{"id":"action22","type":"key","parameters":{},"actions":[{"type":"keyDown","value":"î€‡"},{"type":"pause","duration":10},{"type":"keyUp","value":"î€‡"}]}]}
COMMAND: POST /session/7d4fbfd037fb9998338d13e3e1bba5cd/execute/async - {"script":"<script> [1562 bytes]","args":[{"selector":{"controlType":"sap.ui.core.Icon","viewName":"reusables.view.manageresources.NewResourceUnit","viewId":"application-manageresources-display-component---newResourceUnit","properties":{"src":{"regex":{"source":"slim\\-arrow\\-down"}}},"ancestor":{"controlType":"sap.m.ComboBox","viewName":"reusables.view.manageresources.NewResourceUnit","viewId":"application-manageresources-display-component---newResourceUnit","bindingPath":{"path":"/RESOURCE_UNIT_TIME_SEQUENCES/0","propertyPath":"COST_OBJECT_ADMIN_CST_TYPE","modelName":"oNewRruModel"}}},"wdio_ui5_key":"reusablesview.manageresources.NewResourceUnitsap.ui.core.Icon{\"src\":{\"regex\":{\"source\":\"slim\\\\-arrow\\\\-down\"}}}{\"controlType\":\"sap.m.ComboBox\",\"viewName\":\"reusables.view.manageresources.NewResourceUnit\",\"viewId\":\"application-manageresources-display-component---newResourceUnit\",\"bindingPath\":{\"path\":\"/RESOURCE_UNIT_TIME_SEQUENCES/0\",\"propertyPath\":\"COST_OBJECT_ADMIN_CST_TYPE\",\"modelName\":\"oNewRruModel\"}}"}]}
COMMAND: GET /session/7d4fbfd037fb9998338d13e3e1bba5cd/screenshot - {}
RESULT: {"script":"<script> [1562 bytes]","args":[{"selector":{"controlType":"sap.ui.core.Icon","viewName":"reusables.view.manageresources.NewResourceUnit","viewId":"application-manageresources-display-component---newResourceUnit","properties":{"src":{"regex":{"source":"slim\\-arrow\\-down"}}},"ancestor":{"controlType":"sap.m.ComboBox","viewName":"reusables.view.manageresources.NewResourceUnit","viewId":"application-manageresources-display-component---newResourceUnit","bindingPath":{"path":"/RESOURCE_UNIT_TIME_SEQUENCES/0","propertyPath":"COST_OBJECT_ADMIN_CST_TYPE","modelName":"oNewRruModel"}}},"wdio_ui5_key":"reusablesview.manageresources.NewResourceUnitsap.ui.core.Icon{\"src\":{\"regex\":{\"source\":\"slim\\\\-arrow\\\\-down\"}}}{\"controlType\":\"sap.m.ComboBox\",\"viewName\":\"reusables.view.manageresources.NewResourceUnit\",\"viewId\":\"application-manageresources-display-component---newResourceUnit\",\"bindingPath\":{\"path\":\"/RESOURCE_UNIT_TIME_SEQUENCES/0\",\"propertyPath\":\"COST_OBJECT_ADMIN_CST_TYPE\",\"modelName\":\"oNewRruModel\"}}"}]}
RESULT: undefined
COMMAND: POST /session/7d4fbfd037fb9998338d13e3e1bba5cd/element - {"using":"xpath","value":"//*[@id=\"__box4-application-manageresources-display-component---newResourceUnit--RUTimeSegment-0-arrow\"]"}
RESULT: {}
RESULT: {"using":"xpath","value":"//*[@id=\"__box4-application-manageresources-display-component---newResourceUnit--RUTimeSegment-0-arrow\"]"}
COMMAND: POST /session/7d4fbfd037fb9998338d13e3e1bba5cd/element/f.8197E7E82739F49E8E00421C1FF1176E.d.8538FF6B49A6E83A6F0ABE9BB74D2FF5.e.7132/click - {}
RESULT: {}
COMMAND: POST /session/7d4fbfd037fb9998338d13e3e1bba5cd/execute/async - {"script":"<script> [1562 bytes]","args":[{"selector":{"controlType":"sap.m.StandardListItem","viewName":"reusables.view.manageresources.NewResourceUnit","viewId":"application-manageresources-display-component---newResourceUnit","properties":{"title":"PM Order"},"searchOpenDialogs":true,"interaction":{"idSuffix":"titleText"}},"wdio_ui5_key":"reusablesview.manageresources.NewResourceUnitsap.m.StandardListItem{\"title\":\"PM Order\"}"}]}
COMMAND: GET /session/7d4fbfd037fb9998338d13e3e1bba5cd/screenshot - {}
RESULT: {"script":"<script> [1562 bytes]","args":[{"selector":{"controlType":"sap.m.StandardListItem","viewName":"reusables.view.manageresources.NewResourceUnit","viewId":"application-manageresources-display-component---newResourceUnit","properties":{"title":"PM Order"},"searchOpenDialogs":true,"interaction":{"idSuffix":"titleText"}},"wdio_ui5_key":"reusablesview.manageresources.NewResourceUnitsap.m.StandardListItem{\"title\":\"PM Order\"}"}]}
RESULT: undefined
COMMAND: POST /session/7d4fbfd037fb9998338d13e3e1bba5cd/element - {"using":"xpath","value":"//*[@id=\"__item394\"]"}
RESULT: {}
RESULT: {"using":"xpath","value":"//*[@id=\"__item394\"]"}
COMMAND: POST /session/7d4fbfd037fb9998338d13e3e1bba5cd/element/f.8197E7E82739F49E8E00421C1FF1176E.d.8538FF6B49A6E83A6F0ABE9BB74D2FF5.e.7136/click - {}
RESULT: {}
COMMAND: POST /session/7d4fbfd037fb9998338d13e3e1bba5cd/element - {"using":"xpath","value":"(//input[contains(@id ,\"-application-manageresources-display-component---newResourceUnit--RUTimeSegment-0-inner\")])[8]"}
COMMAND: GET /session/7d4fbfd037fb9998338d13e3e1bba5cd/screenshot - {}
RESULT: {"using":"xpath","value":"(//input[contains(@id ,\"-application-manageresources-display-component---newResourceUnit--RUTimeSegment-0-inner\")])[8]"}
COMMAND: POST /session/7d4fbfd037fb9998338d13e3e1bba5cd/element/f.8197E7E82739F49E8E00421C1FF1176E.d.8538FF6B49A6E83A6F0ABE9BB74D2FF5.e.7126/clear - {}
RESULT: {}
COMMAND: POST /session/7d4fbfd037fb9998338d13e3e1bba5cd/element - {"using":"xpath","value":"(//input[contains(@id ,\"-application-manageresources-display-component---newResourceUnit--RUTimeSegment-0-inner\")])[8]"}
RESULT: {"using":"xpath","value":"(//input[contains(@id ,\"-application-manageresources-display-component---newResourceUnit--RUTimeSegment-0-inner\")])[8]"}
COMMAND: POST /session/7d4fbfd037fb9998338d13e3e1bba5cd/element/f.8197E7E82739F49E8E00421C1FF1176E.d.8538FF6B49A6E83A6F0ABE9BB74D2FF5.e.7126/clear - {}
COMMAND: POST /session/7d4fbfd037fb9998338d13e3e1bba5cd/element - {"using":"xpath","value":"(//input[contains(@id ,\"-application-manageresources-display-component---newResourceUnit--RUTimeSegment-0-inner\")])[8]"}
RESULT: {"using":"xpath","value":"(//input[contains(@id ,\"-application-manageresources-display-component---newResourceUnit--RUTimeSegment-0-inner\")])[8]"}
COMMAND: POST /session/7d4fbfd037fb9998338d13e3e1bba5cd/element/f.8197E7E82739F49E8E00421C1FF1176E.d.8538FF6B49A6E83A6F0ABE9BB74D2FF5.e.7140/clear - {}
COMMAND: POST /session/7d4fbfd037fb9998338d13e3e1bba5cd/element - {"using":"xpath","value":"(//input[contains(@id ,\"-application-manageresources-display-component---newResourceUnit--RUTimeSegment-0-inner\")])[8]"}
RESULT: {"using":"xpath","value":"(//input[contains(@id ,\"-application-manageresources-display-component---newResourceUnit--RUTimeSegment-0-inner\")])[8]"}
COMMAND: POST /session/7d4fbfd037fb9998338d13e3e1bba5cd/element/f.8197E7E82739F49E8E00421C1FF1176E.d.8538FF6B49A6E83A6F0ABE9BB74D2FF5.e.7140/clear - {}
COMMAND: POST /session/7d4fbfd037fb9998338d13e3e1bba5cd/element - {"using":"xpath","value":"(//input[contains(@id ,\"-application-manageresources-display-component---newResourceUnit--RUTimeSegment-0-inner\")])[8]"}
RESULT: {"using":"xpath","value":"(//input[contains(@id ,\"-application-manageresources-display-component---newResourceUnit--RUTimeSegment-0-inner\")])[8]"}
COMMAND: POST /session/7d4fbfd037fb9998338d13e3e1bba5cd/element/f.8197E7E82739F49E8E00421C1FF1176E.d.8538FF6B49A6E83A6F0ABE9BB74D2FF5.e.7142/clear - {}
RESULT: {}
COMMAND: POST /session/7d4fbfd037fb9998338d13e3e1bba5cd/element/f.8197E7E82739F49E8E00421C1FF1176E.d.8538FF6B49A6E83A6F0ABE9BB74D2FF5.e.7142/value - {"text":"4000360"}
COMMAND: GET /session/7d4fbfd037fb9998338d13e3e1bba5cd/screenshot - {}
RESULT: {"text":"4000360"}
COMMAND: GET /session/7d4fbfd037fb9998338d13e3e1bba5cd/screenshot - {}
RESULT: {}
RESULT: {}
COMMAND: POST /session/7d4fbfd037fb9998338d13e3e1bba5cd/actions - {"actions":[{"id":"action23","type":"key","parameters":{},"actions":[{"type":"keyDown","value":"î€‡"},{"type":"pause","duration":10},{"type":"keyUp","value":"î€‡"}]}]}
RESULT: {"actions":[{"id":"action23","type":"key","parameters":{},"actions":[{"type":"keyDown","value":"î€‡"},{"type":"pause","duration":10},{"type":"keyUp","value":"î€‡"}]}]}
COMMAND: GET /session/7d4fbfd037fb9998338d13e3e1bba5cd/screenshot - {}
RESULT: {}
COMMAND: POST /session/7d4fbfd037fb9998338d13e3e1bba5cd/execute/async - {"script":"<script> [1562 bytes]","args":[{"selector":{"id":"application-manageresources-display-component---newResourceUnit--newTimeSegmentDateRangePicker-application-manageresources-display-component---newResourceUnit--RUTimeSegment-0","interaction":{"idSuffix":"inner"}},"wdio_ui5_key":"applicationmanageresources-display-component---newResourceUnit--newTimeSegmentDateRangePicker-application-manageresources-display-component---newResourceUnit--RUTimeSegment-0"}]}
RESULT: {"script":"<script> [1562 bytes]","args":[{"selector":{"id":"application-manageresources-display-component---newResourceUnit--newTimeSegmentDateRangePicker-application-manageresources-display-component---newResourceUnit--RUTimeSegment-0","interaction":{"idSuffix":"inner"}},"wdio_ui5_key":"applicationmanageresources-display-component---newResourceUnit--newTimeSegmentDateRangePicker-application-manageresources-display-component---newResourceUnit--RUTimeSegment-0"}]}
RESULT: undefined
COMMAND: POST /session/7d4fbfd037fb9998338d13e3e1bba5cd/execute/async - {"script":"<script> [1562 bytes]","args":[{"selector":{"id":"application-manageresources-display-component---newResourceUnit--newRRUPage-anchBar-application-manageresources-display-component---newResourceUnit--resource-anchor","interaction":{"idSuffix":"BDI-content"}},"wdio_ui5_key":"applicationmanageresources-display-component---newResourceUnit--newRRUPage-anchBar-application-manageresources-display-component---newResourceUnit--resource-anchor"}]}
RESULT: {"script":"<script> [1562 bytes]","args":[{"selector":{"id":"application-manageresources-display-component---newResourceUnit--newRRUPage-anchBar-application-manageresources-display-component---newResourceUnit--resource-anchor","interaction":{"idSuffix":"BDI-content"}},"wdio_ui5_key":"applicationmanageresources-display-component---newResourceUnit--newRRUPage-anchBar-application-manageresources-display-component---newResourceUnit--resource-anchor"}]}
RESULT: undefined
COMMAND: POST /session/7d4fbfd037fb9998338d13e3e1bba5cd/element - {"using":"xpath","value":"//*[@id=\"application-manageresources-display-component---newResourceUnit--newRRUPage-anchBar-application-manageresources-display-component---newResourceUnit--resource-anchor\"]"}
RESULT: {"using":"xpath","value":"//*[@id=\"application-manageresources-display-component---newResourceUnit--newRRUPage-anchBar-application-manageresources-display-component---newResourceUnit--resource-anchor\"]"}
COMMAND: POST /session/7d4fbfd037fb9998338d13e3e1bba5cd/element/f.8197E7E82739F49E8E00421C1FF1176E.d.8538FF6B49A6E83A6F0ABE9BB74D2FF5.e.7161/click - {}
RESULT: {}
COMMAND: POST /session/7d4fbfd037fb9998338d13e3e1bba5cd/execute/async - {"script":"<script> [1562 bytes]","args":[{"selector":{"id":"application-manageresources-display-component---newResourceUnit--PLANNED_DELIVERY_DATE","interaction":{"idSuffix":"inner"}},"wdio_ui5_key":"applicationmanageresources-display-component---newResourceUnit--PLANNED_DELIVERY_DATE"}]}
COMMAND: GET /session/7d4fbfd037fb9998338d13e3e1bba5cd/screenshot - {}
RESULT: {"script":"<script> [1562 bytes]","args":[{"selector":{"id":"application-manageresources-display-component---newResourceUnit--PLANNED_DELIVERY_DATE","interaction":{"idSuffix":"inner"}},"wdio_ui5_key":"applicationmanageresources-display-component---newResourceUnit--PLANNED_DELIVERY_DATE"}]}
RESULT: undefined
COMMAND: POST /session/7d4fbfd037fb9998338d13e3e1bba5cd/execute/async - {"script":"<script> [6424 bytes]","args":[{"element-6066-11e4-a52e-4f735466cecf":"f.8197E7E82739F49E8E00421C1FF1176E.d.8538FF6B49A6E83A6F0ABE9BB74D2FF5.e.7021"},"setValue",["05/27/24"]]}
RESULT: {}
RESULT: {"script":"<script> [6424 bytes]","args":[{"element-6066-11e4-a52e-4f735466cecf":"f.8197E7E82739F49E8E00421C1FF1176E.d.8538FF6B49A6E83A6F0ABE9BB74D2FF5.e.7021"},"setValue",["05/27/24"]]}
COMMAND: POST /session/7d4fbfd037fb9998338d13e3e1bba5cd/execute/async - {"script":"<script> [1562 bytes]","args":[{"selector":{"controlType":"sap.m.Button","viewName":"reusables.view.manageresources.NewResourceUnit","viewId":"application-manageresources-display-component---newResourceUnit","i18NText":{"propertyName":"tooltip","key":"save"},"interaction":{"idSuffix":"BDI-content"}},"wdio_ui5_key":"reusablesview.manageresources.NewResourceUnitsap.m.Button{\"propertyName\":\"tooltip\",\"key\":\"save\"}"}]}
RESULT: {"script":"<script> [1562 bytes]","args":[{"selector":{"controlType":"sap.m.Button","viewName":"reusables.view.manageresources.NewResourceUnit","viewId":"application-manageresources-display-component---newResourceUnit","i18NText":{"propertyName":"tooltip","key":"save"},"interaction":{"idSuffix":"BDI-content"}},"wdio_ui5_key":"reusablesview.manageresources.NewResourceUnitsap.m.Button{\"propertyName\":\"tooltip\",\"key\":\"save\"}"}]}
RESULT: undefined
COMMAND: POST /session/7d4fbfd037fb9998338d13e3e1bba5cd/element - {"using":"xpath","value":"//*[@id=\"application-manageresources-display-component---newResourceUnit--createRuButton\"]"}
RESULT: {"using":"xpath","value":"//*[@id=\"application-manageresources-display-component---newResourceUnit--createRuButton\"]"}
COMMAND: POST /session/7d4fbfd037fb9998338d13e3e1bba5cd/element/f.8197E7E82739F49E8E00421C1FF1176E.d.8538FF6B49A6E83A6F0ABE9BB74D2FF5.e.6982/click - {}
RESULT: {}
COMMAND: GET /session/7d4fbfd037fb9998338d13e3e1bba5cd/screenshot - {}
RESULT: {}
COMMAND: POST /session/7d4fbfd037fb9998338d13e3e1bba5cd/execute/async - {"script":"<script> [1562 bytes]","args":[{"selector":{"controlType":"sap.m.Button","properties":{"text":"Close"},"searchOpenDialogs":true,"interaction":{"idSuffix":"inner"}},"wdio_ui5_key":"sapm.Button{\"text\":\"Close\"}"}]}
RESULT: {"script":"<script> [1562 bytes]","args":[{"selector":{"controlType":"sap.m.Button","properties":{"text":"Close"},"searchOpenDialogs":true,"interaction":{"idSuffix":"inner"}},"wdio_ui5_key":"sapm.Button{\"text\":\"Close\"}"}]}
RESULT: undefined
COMMAND: POST /session/7d4fbfd037fb9998338d13e3e1bba5cd/element - {"using":"xpath","value":"//*[@id=\"__mbox-btn-0\"]"}
RESULT: {"using":"xpath","value":"//*[@id=\"__mbox-btn-0\"]"}
COMMAND: POST /session/7d4fbfd037fb9998338d13e3e1bba5cd/element/f.8197E7E82739F49E8E00421C1FF1176E.d.8538FF6B49A6E83A6F0ABE9BB74D2FF5.e.7167/click - {}
RESULT: {}
COMMAND: GET /session/7d4fbfd037fb9998338d13e3e1bba5cd/screenshot - {}
COMMAND: POST /session/7d4fbfd037fb9998338d13e3e1bba5cd/execute/async - {"script":"<script> [1562 bytes]","args":[{"selector":{"controlType":"sap.m.Text","viewName":"etm.portal.ui.manageresources.view.Detail","viewId":"application-manageresources-display-component---detailRU","bindingPath":{"propertyPath":"ID","modelName":"catalogModel"}},"wdio_ui5_key":"etmportal.ui.manageresources.view.Detailsap.m.Text{\"propertyPath\":\"ID\",\"modelName\":\"catalogModel\"}"}]}
RESULT: {}
RESULT: {"script":"<script> [1562 bytes]","args":[{"selector":{"controlType":"sap.m.Text","viewName":"etm.portal.ui.manageresources.view.Detail","viewId":"application-manageresources-display-component---detailRU","bindingPath":{"propertyPath":"ID","modelName":"catalogModel"}},"wdio_ui5_key":"etmportal.ui.manageresources.view.Detailsap.m.Text{\"propertyPath\":\"ID\",\"modelName\":\"catalogModel\"}"}]}
RESULT: undefined
COMMAND: POST /session/7d4fbfd037fb9998338d13e3e1bba5cd/execute/async - {"script":"<script> [6424 bytes]","args":[{"element-6066-11e4-a52e-4f735466cecf":"f.8197E7E82739F49E8E00421C1FF1176E.d.8538FF6B49A6E83A6F0ABE9BB74D2FF5.e.7232"},"getText",[]]}
RESULT: {"script":"<script> [6424 bytes]","args":[{"element-6066-11e4-a52e-4f735466cecf":"f.8197E7E82739F49E8E00421C1FF1176E.d.8538FF6B49A6E83A6F0ABE9BB74D2FF5.e.7232"},"getText",[]]}
COMMAND: POST /session/7d4fbfd037fb9998338d13e3e1bba5cd/element - {"using":"xpath","value":"//bdi[text()=\"Edit\"]"}
RESULT: {"using":"xpath","value":"//bdi[text()=\"Edit\"]"}
COMMAND: GET /session/7d4fbfd037fb9998338d13e3e1bba5cd/element/f.8197E7E82739F49E8E00421C1FF1176E.d.8538FF6B49A6E83A6F0ABE9BB74D2FF5.e.7233/enabled - {}
RESULT: {}
COMMAND: POST /session/7d4fbfd037fb9998338d13e3e1bba5cd/execute/sync - {"script":"<script> [8489 bytes]","args":[{"element-6066-11e4-a52e-4f735466cecf":"f.8197E7E82739F49E8E00421C1FF1176E.d.8538FF6B49A6E83A6F0ABE9BB74D2FF5.e.7233","ELEMENT":"f.8197E7E82739F49E8E00421C1FF1176E.d.8538FF6B49A6E83A6F0ABE9BB74D2FF5.e.7233"}]}
COMMAND: GET /session/7d4fbfd037fb9998338d13e3e1bba5cd/screenshot - {}
RESULT: {"script":"<script> [8489 bytes]","args":[{"element-6066-11e4-a52e-4f735466cecf":"f.8197E7E82739F49E8E00421C1FF1176E.d.8538FF6B49A6E83A6F0ABE9BB74D2FF5.e.7233","ELEMENT":"f.8197E7E82739F49E8E00421C1FF1176E.d.8538FF6B49A6E83A6F0ABE9BB74D2FF5.e.7233"}]}
COMMAND: POST /session/7d4fbfd037fb9998338d13e3e1bba5cd/execute/sync - {"script":"<script> [5351 bytes]","args":[{"element-6066-11e4-a52e-4f735466cecf":"f.8197E7E82739F49E8E00421C1FF1176E.d.8538FF6B49A6E83A6F0ABE9BB74D2FF5.e.7233","ELEMENT":"f.8197E7E82739F49E8E00421C1FF1176E.d.8538FF6B49A6E83A6F0ABE9BB74D2FF5.e.7233"}]}
COMMAND: GET /session/7d4fbfd037fb9998338d13e3e1bba5cd/screenshot - {}
RESULT: {}
RESULT: {}
RESULT: {"script":"<script> [5351 bytes]","args":[{"element-6066-11e4-a52e-4f735466cecf":"f.8197E7E82739F49E8E00421C1FF1176E.d.8538FF6B49A6E83A6F0ABE9BB74D2FF5.e.7233","ELEMENT":"f.8197E7E82739F49E8E00421C1FF1176E.d.8538FF6B49A6E83A6F0ABE9BB74D2FF5.e.7233"}]}
COMMAND: POST /session/7d4fbfd037fb9998338d13e3e1bba5cd/element/f.8197E7E82739F49E8E00421C1FF1176E.d.8538FF6B49A6E83A6F0ABE9BB74D2FF5.e.7233/click - {}
COMMAND: GET /session/7d4fbfd037fb9998338d13e3e1bba5cd/screenshot - {}
RESULT: {}
COMMAND: GET /session/7d4fbfd037fb9998338d13e3e1bba5cd/screenshot - {}
RESULT: {}
RESULT: {}
COMMAND: POST /session/7d4fbfd037fb9998338d13e3e1bba5cd/element - {"using":"xpath","value":"//bdi[@id=\"application-manageresources-display-component---editResource--editRruPage-anchBar-application-manageresources-display-component---editResource--counters-anchor-BDI-content\"]"}
RESULT: {"using":"xpath","value":"//bdi[@id=\"application-manageresources-display-component---editResource--editRruPage-anchBar-application-manageresources-display-component---editResource--counters-anchor-BDI-content\"]"}
COMMAND: POST /session/7d4fbfd037fb9998338d13e3e1bba5cd/execute/sync - {"script":"<script> [8489 bytes]","args":[{"element-6066-11e4-a52e-4f735466cecf":"f.8197E7E82739F49E8E00421C1FF1176E.d.8538FF6B49A6E83A6F0ABE9BB74D2FF5.e.7343","ELEMENT":"f.8197E7E82739F49E8E00421C1FF1176E.d.8538FF6B49A6E83A6F0ABE9BB74D2FF5.e.7343"}]}
RESULT: {"script":"<script> [8489 bytes]","args":[{"element-6066-11e4-a52e-4f735466cecf":"f.8197E7E82739F49E8E00421C1FF1176E.d.8538FF6B49A6E83A6F0ABE9BB74D2FF5.e.7343","ELEMENT":"f.8197E7E82739F49E8E00421C1FF1176E.d.8538FF6B49A6E83A6F0ABE9BB74D2FF5.e.7343"}]}
COMMAND: POST /session/7d4fbfd037fb9998338d13e3e1bba5cd/element/f.8197E7E82739F49E8E00421C1FF1176E.d.8538FF6B49A6E83A6F0ABE9BB74D2FF5.e.7343/click - {}
COMMAND: GET /session/7d4fbfd037fb9998338d13e3e1bba5cd/screenshot - {}
RESULT: {}
COMMAND: GET /session/7d4fbfd037fb9998338d13e3e1bba5cd/screenshot - {}
RESULT: {}
RESULT: {}
COMMAND: POST /session/7d4fbfd037fb9998338d13e3e1bba5cd/execute/async - {"script":"<script> [1562 bytes]","args":[{"selector":{"id":"application-manageresources-display-component---editResource--btnAddCounter-img"},"wdio_ui5_key":"applicationmanageresources-display-component---editResource--btnAddCounter-img"}]}
RESULT: {"script":"<script> [1562 bytes]","args":[{"selector":{"id":"application-manageresources-display-component---editResource--btnAddCounter-img"},"wdio_ui5_key":"applicationmanageresources-display-component---editResource--btnAddCounter-img"}]}
RESULT: undefined
COMMAND: POST /session/7d4fbfd037fb9998338d13e3e1bba5cd/element - {"using":"xpath","value":"//*[@id=\"application-manageresources-display-component---editResource--btnAddCounter-img\"]"}
RESULT: {"using":"xpath","value":"//*[@id=\"application-manageresources-display-component---editResource--btnAddCounter-img\"]"}
COMMAND: POST /session/7d4fbfd037fb9998338d13e3e1bba5cd/element/f.8197E7E82739F49E8E00421C1FF1176E.d.8538FF6B49A6E83A6F0ABE9BB74D2FF5.e.7381/click - {}
RESULT: {}
COMMAND: GET /session/7d4fbfd037fb9998338d13e3e1bba5cd/screenshot - {}
RESULT: {}
COMMAND: POST /session/7d4fbfd037fb9998338d13e3e1bba5cd/execute/async - {"script":"<script> [1562 bytes]","args":[{"selector":{"id":"application-manageresources-display-component---editResource--HAND_OVER_TYPE-application-manageresources-display-component---editResource--RUCounters-0","interaction":{"idSuffix":"CbBg"}},"wdio_ui5_key":"applicationmanageresources-display-component---editResource--HAND_OVER_TYPE-application-manageresources-display-component---editResource--RUCounters-0"}]}
RESULT: {"script":"<script> [1562 bytes]","args":[{"selector":{"id":"application-manageresources-display-component---editResource--HAND_OVER_TYPE-application-manageresources-display-component---editResource--RUCounters-0","interaction":{"idSuffix":"CbBg"}},"wdio_ui5_key":"applicationmanageresources-display-component---editResource--HAND_OVER_TYPE-application-manageresources-display-component---editResource--RUCounters-0"}]}
RESULT: undefined
COMMAND: POST /session/7d4fbfd037fb9998338d13e3e1bba5cd/element - {"using":"xpath","value":"//*[@id=\"application-manageresources-display-component---editResource--HAND_OVER_TYPE-application-manageresources-display-component---editResource--RUCounters-0\"]"}
RESULT: {"using":"xpath","value":"//*[@id=\"application-manageresources-display-component---editResource--HAND_OVER_TYPE-application-manageresources-display-component---editResource--RUCounters-0\"]"}
COMMAND: POST /session/7d4fbfd037fb9998338d13e3e1bba5cd/element/f.8197E7E82739F49E8E00421C1FF1176E.d.8538FF6B49A6E83A6F0ABE9BB74D2FF5.e.7387/click - {}
RESULT: {}
COMMAND: POST /session/7d4fbfd037fb9998338d13e3e1bba5cd/execute/async - {"script":"<script> [1562 bytes]","args":[{"selector":{"controlType":"sap.m.Button","viewName":"etm.portal.ui.manageresources.view.EditResource","viewId":"application-manageresources-display-component---editResource","i18NText":{"propertyName":"text","key":"save"},"interaction":{"idSuffix":"BDI-content"}},"wdio_ui5_key":"etmportal.ui.manageresources.view.EditResourcesap.m.Button{\"propertyName\":\"text\",\"key\":\"save\"}"}]}
COMMAND: GET /session/7d4fbfd037fb9998338d13e3e1bba5cd/screenshot - {}
RESULT: {"script":"<script> [1562 bytes]","args":[{"selector":{"controlType":"sap.m.Button","viewName":"etm.portal.ui.manageresources.view.EditResource","viewId":"application-manageresources-display-component---editResource","i18NText":{"propertyName":"text","key":"save"},"interaction":{"idSuffix":"BDI-content"}},"wdio_ui5_key":"etmportal.ui.manageresources.view.EditResourcesap.m.Button{\"propertyName\":\"text\",\"key\":\"save\"}"}]}
RESULT: undefined
COMMAND: POST /session/7d4fbfd037fb9998338d13e3e1bba5cd/element - {"using":"xpath","value":"//*[@id=\"__button90\"]"}
RESULT: {}
RESULT: {"using":"xpath","value":"//*[@id=\"__button90\"]"}
COMMAND: POST /session/7d4fbfd037fb9998338d13e3e1bba5cd/element/f.8197E7E82739F49E8E00421C1FF1176E.d.8538FF6B49A6E83A6F0ABE9BB74D2FF5.e.7389/click - {}
RESULT: {}
COMMAND: GET /session/7d4fbfd037fb9998338d13e3e1bba5cd/screenshot - {}
RESULT: {}
COMMAND: POST /session/7d4fbfd037fb9998338d13e3e1bba5cd/element - {"using":"css selector","value":"#shell-header-logo"}
RESULT: {"using":"css selector","value":"#shell-header-logo"}
COMMAND: POST /session/7d4fbfd037fb9998338d13e3e1bba5cd/elements - {"using":"css selector","value":"#shell-header-logo"}
RESULT: {"using":"css selector","value":"#shell-header-logo"}
COMMAND: POST /session/7d4fbfd037fb9998338d13e3e1bba5cd/execute/sync - {"script":"<script> [8489 bytes]","args":[{"element-6066-11e4-a52e-4f735466cecf":"f.8197E7E82739F49E8E00421C1FF1176E.d.8538FF6B49A6E83A6F0ABE9BB74D2FF5.e.6490","ELEMENT":"f.8197E7E82739F49E8E00421C1FF1176E.d.8538FF6B49A6E83A6F0ABE9BB74D2FF5.e.6490"}]}
RESULT: {"script":"<script> [8489 bytes]","args":[{"element-6066-11e4-a52e-4f735466cecf":"f.8197E7E82739F49E8E00421C1FF1176E.d.8538FF6B49A6E83A6F0ABE9BB74D2FF5.e.6490","ELEMENT":"f.8197E7E82739F49E8E00421C1FF1176E.d.8538FF6B49A6E83A6F0ABE9BB74D2FF5.e.6490"}]}
COMMAND: POST /session/7d4fbfd037fb9998338d13e3e1bba5cd/execute/sync - {"script":"<script> [5351 bytes]","args":[{"element-6066-11e4-a52e-4f735466cecf":"f.8197E7E82739F49E8E00421C1FF1176E.d.8538FF6B49A6E83A6F0ABE9BB74D2FF5.e.6490","ELEMENT":"f.8197E7E82739F49E8E00421C1FF1176E.d.8538FF6B49A6E83A6F0ABE9BB74D2FF5.e.6490"}]}
COMMAND: GET /session/7d4fbfd037fb9998338d13e3e1bba5cd/screenshot - {}
RESULT: {"script":"<script> [5351 bytes]","args":[{"element-6066-11e4-a52e-4f735466cecf":"f.8197E7E82739F49E8E00421C1FF1176E.d.8538FF6B49A6E83A6F0ABE9BB74D2FF5.e.6490","ELEMENT":"f.8197E7E82739F49E8E00421C1FF1176E.d.8538FF6B49A6E83A6F0ABE9BB74D2FF5.e.6490"}]}
COMMAND: POST /session/7d4fbfd037fb9998338d13e3e1bba5cd/element/f.8197E7E82739F49E8E00421C1FF1176E.d.8538FF6B49A6E83A6F0ABE9BB74D2FF5.e.6490/click - {}
COMMAND: GET /session/7d4fbfd037fb9998338d13e3e1bba5cd/screenshot - {}
RESULT: {}
RESULT: {}
COMMAND: GET /session/7d4fbfd037fb9998338d13e3e1bba5cd/screenshot - {}
COMMAND: POST /session/7d4fbfd037fb9998338d13e3e1bba5cd/element - {"using":"css selector","value":"#shell-header-logo"}
RESULT: {}
RESULT: {}
RESULT: {"using":"css selector","value":"#shell-header-logo"}
COMMAND: POST /session/7d4fbfd037fb9998338d13e3e1bba5cd/element/f.8197E7E82739F49E8E00421C1FF1176E.d.8538FF6B49A6E83A6F0ABE9BB74D2FF5.e.7400/click - {}
RESULT: {}
COMMAND: GET /session/7d4fbfd037fb9998338d13e3e1bba5cd/screenshot - {}
RESULT: {}
]]></system-out>
    </testcase>
  </testsuite>
  <testsuite timestamp="2025-04-27T15:46:11" time="93.675" tests="2" failures="0" errors="0" skipped="0">
    <properties>
      <property name="specId" value="0" />
      <property name="suiteName" value="Personnel creation and reference material verification  US120163" />
      <property name="capabilities" value="chrome.135_0_7049_96.windows" />
      <property name="file" value="file:///D:/a/1/s/test/specs/R2C/create-personnel-no-material-reference.spec.js" />
    </properties>
    <testcase classname="chrome.135_0_7049_96.windows.Personnel_creation_and_reference_material_verification__US120163" name="Should create a new personnel and verify if the material reference is visible" time="72.717">
      <system-out><![CDATA[
RESULT: undefined
COMMAND: POST /session/7d4fbfd037fb9998338d13e3e1bba5cd/element - {"using":"xpath","value":"//*[@id=\"__tile31\"]"}
RESULT: {"using":"xpath","value":"//*[@id=\"__tile31\"]"}
COMMAND: POST /session/7d4fbfd037fb9998338d13e3e1bba5cd/element/f.8197E7E82739F49E8E00421C1FF1176E.d.8538FF6B49A6E83A6F0ABE9BB74D2FF5.e.6506/click - {}
RESULT: {}
COMMAND: GET /session/7d4fbfd037fb9998338d13e3e1bba5cd/screenshot - {}
RESULT: {}
COMMAND: POST /session/7d4fbfd037fb9998338d13e3e1bba5cd/element - {"using":"xpath","value":"//button[@data-kt=\"addNewRUOverflowToolbarButton\"]"}
RESULT: {"using":"xpath","value":"//button[@data-kt=\"addNewRUOverflowToolbarButton\"]"}
COMMAND: POST /session/7d4fbfd037fb9998338d13e3e1bba5cd/execute/sync - {"script":"<script> [8489 bytes]","args":[{"element-6066-11e4-a52e-4f735466cecf":"f.8197E7E82739F49E8E00421C1FF1176E.d.8538FF6B49A6E83A6F0ABE9BB74D2FF5.e.7794","ELEMENT":"f.8197E7E82739F49E8E00421C1FF1176E.d.8538FF6B49A6E83A6F0ABE9BB74D2FF5.e.7794"}]}
RESULT: {"script":"<script> [8489 bytes]","args":[{"element-6066-11e4-a52e-4f735466cecf":"f.8197E7E82739F49E8E00421C1FF1176E.d.8538FF6B49A6E83A6F0ABE9BB74D2FF5.e.7794","ELEMENT":"f.8197E7E82739F49E8E00421C1FF1176E.d.8538FF6B49A6E83A6F0ABE9BB74D2FF5.e.7794"}]}
COMMAND: POST /session/7d4fbfd037fb9998338d13e3e1bba5cd/element/f.8197E7E82739F49E8E00421C1FF1176E.d.8538FF6B49A6E83A6F0ABE9BB74D2FF5.e.7794/click - {}
COMMAND: GET /session/7d4fbfd037fb9998338d13e3e1bba5cd/screenshot - {}
RESULT: {}
RESULT: undefined
COMMAND: POST /session/7d4fbfd037fb9998338d13e3e1bba5cd/element - {"using":"xpath","value":"//*[@id=\"application-manageresources-display-component---newResourceUnit--TYPE-arrow\"]"}
COMMAND: GET /session/7d4fbfd037fb9998338d13e3e1bba5cd/screenshot - {}
RESULT: {}
RESULT: {"using":"xpath","value":"//*[@id=\"application-manageresources-display-component---newResourceUnit--TYPE-arrow\"]"}
COMMAND: POST /session/7d4fbfd037fb9998338d13e3e1bba5cd/element/f.8197E7E82739F49E8E00421C1FF1176E.d.8538FF6B49A6E83A6F0ABE9BB74D2FF5.e.7856/click - {}
RESULT: {}
RESULT: {}
COMMAND: POST /session/7d4fbfd037fb9998338d13e3e1bba5cd/execute/async - {"script":"<script> [1562 bytes]","args":[{"selector":{"controlType":"sap.m.StandardListItem","viewName":"reusables.view.manageresources.NewResourceUnit","viewId":"application-manageresources-display-component---newResourceUnit","properties":{"title":"Personnel"},"searchOpenDialogs":true,"interaction":{"idSuffix":"titleText"}},"wdio_ui5_key":"reusablesview.manageresources.NewResourceUnitsap.m.StandardListItem{\"title\":\"Personnel\"}"}]}
COMMAND: GET /session/7d4fbfd037fb9998338d13e3e1bba5cd/screenshot - {}
RESULT: {"script":"<script> [1562 bytes]","args":[{"selector":{"controlType":"sap.m.StandardListItem","viewName":"reusables.view.manageresources.NewResourceUnit","viewId":"application-manageresources-display-component---newResourceUnit","properties":{"title":"Personnel"},"searchOpenDialogs":true,"interaction":{"idSuffix":"titleText"}},"wdio_ui5_key":"reusablesview.manageresources.NewResourceUnitsap.m.StandardListItem{\"title\":\"Personnel\"}"}]}
RESULT: undefined
COMMAND: POST /session/7d4fbfd037fb9998338d13e3e1bba5cd/element - {"using":"xpath","value":"//*[@id=\"__item972\"]"}
RESULT: {}
RESULT: {"using":"xpath","value":"//*[@id=\"__item972\"]"}
COMMAND: POST /session/7d4fbfd037fb9998338d13e3e1bba5cd/element/f.8197E7E82739F49E8E00421C1FF1176E.d.8538FF6B49A6E83A6F0ABE9BB74D2FF5.e.7859/click - {}
RESULT: {}
RESULT: undefined
COMMAND: POST /session/7d4fbfd037fb9998338d13e3e1bba5cd/execute/async - {"script":"<script> [776 bytes]","args":[{"enterText":"WdIOPersonnel4agi6f","selector":{"id":"application-manageresources-display-component---newResourceUnit--SHORT_TEXT","interaction":{"idSuffix":"inner"}},"clearTextFirst":true,"interactionType":"ENTER_TEXT"}]}
COMMAND: GET /session/7d4fbfd037fb9998338d13e3e1bba5cd/screenshot - {}
RESULT: {"script":"<script> [776 bytes]","args":[{"enterText":"WdIOPersonnel4agi6f","selector":{"id":"application-manageresources-display-component---newResourceUnit--SHORT_TEXT","interaction":{"idSuffix":"inner"}},"clearTextFirst":true,"interactionType":"ENTER_TEXT"}]}
COMMAND: POST /session/7d4fbfd037fb9998338d13e3e1bba5cd/element - {"using":"xpath","value":"//bdi[contains(text(), \"Material\")]"}
RESULT: {}
RESULT: {"using":"xpath","value":"//bdi[contains(text(), \"Material\")]"}
COMMAND: POST /session/7d4fbfd037fb9998338d13e3e1bba5cd/element - {"using":"xpath","value":"//bdi[contains(text(), \"Material\")]"}
RESULT: {"using":"xpath","value":"//bdi[contains(text(), \"Material\")]"}
COMMAND: POST /session/7d4fbfd037fb9998338d13e3e1bba5cd/execute/async - {"script":"<script> [1562 bytes]","args":[{"selector":{"id":"application-manageresources-display-component---newResourceUnit--BASE_UNIT_OF_MEASURE-arrow"},"wdio_ui5_key":"applicationmanageresources-display-component---newResourceUnit--BASE_UNIT_OF_MEASURE-arrow"}]}
RESULT: {"script":"<script> [1562 bytes]","args":[{"selector":{"id":"application-manageresources-display-component---newResourceUnit--BASE_UNIT_OF_MEASURE-arrow"},"wdio_ui5_key":"applicationmanageresources-display-component---newResourceUnit--BASE_UNIT_OF_MEASURE-arrow"}]}
RESULT: undefined
COMMAND: POST /session/7d4fbfd037fb9998338d13e3e1bba5cd/element - {"using":"xpath","value":"//*[@id=\"application-manageresources-display-component---newResourceUnit--BASE_UNIT_OF_MEASURE-arrow\"]"}
RESULT: {"using":"xpath","value":"//*[@id=\"application-manageresources-display-component---newResourceUnit--BASE_UNIT_OF_MEASURE-arrow\"]"}
COMMAND: POST /session/7d4fbfd037fb9998338d13e3e1bba5cd/element/f.8197E7E82739F49E8E00421C1FF1176E.d.8538FF6B49A6E83A6F0ABE9BB74D2FF5.e.7901/click - {}
RESULT: {}
COMMAND: POST /session/7d4fbfd037fb9998338d13e3e1bba5cd/execute/async - {"script":"<script> [1562 bytes]","args":[{"selector":{"controlType":"sap.m.StandardListItem","viewName":"reusables.view.manageresources.NewResourceUnit","viewId":"application-manageresources-display-component---newResourceUnit","properties":{"title":"Percent"},"searchOpenDialogs":true,"interaction":{"idSuffix":"titleText"}},"wdio_ui5_key":"reusablesview.manageresources.NewResourceUnitsap.m.StandardListItem{\"title\":\"Percent\"}"}]}
COMMAND: GET /session/7d4fbfd037fb9998338d13e3e1bba5cd/screenshot - {}
RESULT: {"script":"<script> [1562 bytes]","args":[{"selector":{"controlType":"sap.m.StandardListItem","viewName":"reusables.view.manageresources.NewResourceUnit","viewId":"application-manageresources-display-component---newResourceUnit","properties":{"title":"Percent"},"searchOpenDialogs":true,"interaction":{"idSuffix":"titleText"}},"wdio_ui5_key":"reusablesview.manageresources.NewResourceUnitsap.m.StandardListItem{\"title\":\"Percent\"}"}]}
RESULT: undefined
COMMAND: POST /session/7d4fbfd037fb9998338d13e3e1bba5cd/element - {"using":"xpath","value":"//*[@id=\"__item994\"]"}
RESULT: {}
RESULT: {"using":"xpath","value":"//*[@id=\"__item994\"]"}
COMMAND: POST /session/7d4fbfd037fb9998338d13e3e1bba5cd/element/f.8197E7E82739F49E8E00421C1FF1176E.d.8538FF6B49A6E83A6F0ABE9BB74D2FF5.e.7903/click - {}
RESULT: {}
COMMAND: POST /session/7d4fbfd037fb9998338d13e3e1bba5cd/execute/async - {"script":"<script> [1562 bytes]","args":[{"selector":{"id":"application-manageresources-display-component---newResourceUnit--PLANNING_GROUP-arrow"},"wdio_ui5_key":"applicationmanageresources-display-component---newResourceUnit--PLANNING_GROUP-arrow"}]}
COMMAND: GET /session/7d4fbfd037fb9998338d13e3e1bba5cd/screenshot - {}
RESULT: {"script":"<script> [1562 bytes]","args":[{"selector":{"id":"application-manageresources-display-component---newResourceUnit--PLANNING_GROUP-arrow"},"wdio_ui5_key":"applicationmanageresources-display-component---newResourceUnit--PLANNING_GROUP-arrow"}]}
RESULT: undefined
COMMAND: POST /session/7d4fbfd037fb9998338d13e3e1bba5cd/element - {"using":"xpath","value":"//*[@id=\"application-manageresources-display-component---newResourceUnit--PLANNING_GROUP-arrow\"]"}
RESULT: {}
RESULT: {"using":"xpath","value":"//*[@id=\"application-manageresources-display-component---newResourceUnit--PLANNING_GROUP-arrow\"]"}
COMMAND: POST /session/7d4fbfd037fb9998338d13e3e1bba5cd/element/f.8197E7E82739F49E8E00421C1FF1176E.d.8538FF6B49A6E83A6F0ABE9BB74D2FF5.e.7904/click - {}
RESULT: {}
COMMAND: GET /session/7d4fbfd037fb9998338d13e3e1bba5cd/screenshot - {}
RESULT: {}
COMMAND: POST /session/7d4fbfd037fb9998338d13e3e1bba5cd/execute/async - {"script":"<script> [1562 bytes]","args":[{"selector":{"controlType":"sap.m.StandardListItem","viewName":"reusables.view.manageresources.NewResourceUnit","viewId":"application-manageresources-display-component---newResourceUnit","properties":{"title":"Operating personnel"},"searchOpenDialogs":true,"interaction":{"idSuffix":"titleText"}},"wdio_ui5_key":"reusablesview.manageresources.NewResourceUnitsap.m.StandardListItem{\"title\":\"Operating personnel\"}"}]}
RESULT: {"script":"<script> [1562 bytes]","args":[{"selector":{"controlType":"sap.m.StandardListItem","viewName":"reusables.view.manageresources.NewResourceUnit","viewId":"application-manageresources-display-component---newResourceUnit","properties":{"title":"Operating personnel"},"searchOpenDialogs":true,"interaction":{"idSuffix":"titleText"}},"wdio_ui5_key":"reusablesview.manageresources.NewResourceUnitsap.m.StandardListItem{\"title\":\"Operating personnel\"}"}]}
RESULT: undefined
COMMAND: POST /session/7d4fbfd037fb9998338d13e3e1bba5cd/element - {"using":"xpath","value":"//*[@id=\"__item1003\"]"}
RESULT: {"using":"xpath","value":"//*[@id=\"__item1003\"]"}
COMMAND: POST /session/7d4fbfd037fb9998338d13e3e1bba5cd/element/f.8197E7E82739F49E8E00421C1FF1176E.d.8538FF6B49A6E83A6F0ABE9BB74D2FF5.e.7906/click - {}
RESULT: {}
COMMAND: GET /session/7d4fbfd037fb9998338d13e3e1bba5cd/screenshot - {}
RESULT: {}
COMMAND: POST /session/7d4fbfd037fb9998338d13e3e1bba5cd/element - {"using":"xpath","value":"//bdi[contains(text(), \"Time Segment\")]"}
RESULT: {"using":"xpath","value":"//bdi[contains(text(), \"Time Segment\")]"}
COMMAND: GET /session/7d4fbfd037fb9998338d13e3e1bba5cd/element/f.8197E7E82739F49E8E00421C1FF1176E.d.8538FF6B49A6E83A6F0ABE9BB74D2FF5.e.7907/rect - {}
RESULT: {}
COMMAND: GET /session/7d4fbfd037fb9998338d13e3e1bba5cd/window/rect - {}
RESULT: {}
COMMAND: POST /session/7d4fbfd037fb9998338d13e3e1bba5cd/execute/sync - {"script":"<script> [92 bytes]","args":[]}
RESULT: {"script":"<script> [92 bytes]","args":[]}
COMMAND: POST /session/7d4fbfd037fb9998338d13e3e1bba5cd/actions - {"actions":[{"id":"action24","type":"wheel","parameters":{},"actions":[{"type":"scroll","x":-1820,"y":804,"deltaX":0,"deltaY":0,"duration":0,"origin":{"element-6066-11e4-a52e-4f735466cecf":"f.8197E7E82739F49E8E00421C1FF1176E.d.8538FF6B49A6E83A6F0ABE9BB74D2FF5.e.7907"}}]}]}
COMMAND: GET /session/7d4fbfd037fb9998338d13e3e1bba5cd/screenshot - {}
RESULT: {}
COMMAND: POST /session/7d4fbfd037fb9998338d13e3e1bba5cd/execute/sync - {"script":"<script> [79 bytes]","args":[{"element-6066-11e4-a52e-4f735466cecf":"f.8197E7E82739F49E8E00421C1FF1176E.d.8538FF6B49A6E83A6F0ABE9BB74D2FF5.e.7907","ELEMENT":"f.8197E7E82739F49E8E00421C1FF1176E.d.8538FF6B49A6E83A6F0ABE9BB74D2FF5.e.7907"},{"block":"start","inline":"nearest"}]}
RESULT: {"script":"<script> [79 bytes]","args":[{"element-6066-11e4-a52e-4f735466cecf":"f.8197E7E82739F49E8E00421C1FF1176E.d.8538FF6B49A6E83A6F0ABE9BB74D2FF5.e.7907","ELEMENT":"f.8197E7E82739F49E8E00421C1FF1176E.d.8538FF6B49A6E83A6F0ABE9BB74D2FF5.e.7907"},{"block":"start","inline":"nearest"}]}
COMMAND: GET /session/7d4fbfd037fb9998338d13e3e1bba5cd/screenshot - {}
RESULT: {}
COMMAND: POST /session/7d4fbfd037fb9998338d13e3e1bba5cd/element - {"using":"xpath","value":"//span[@id=\"application-manageresources-display-component---newResourceUnit--btnAddTimeSegment-img\"]"}
RESULT: {"using":"xpath","value":"//span[@id=\"application-manageresources-display-component---newResourceUnit--btnAddTimeSegment-img\"]"}
COMMAND: POST /session/7d4fbfd037fb9998338d13e3e1bba5cd/execute/sync - {"script":"<script> [8489 bytes]","args":[{"element-6066-11e4-a52e-4f735466cecf":"f.8197E7E82739F49E8E00421C1FF1176E.d.8538FF6B49A6E83A6F0ABE9BB74D2FF5.e.7914","ELEMENT":"f.8197E7E82739F49E8E00421C1FF1176E.d.8538FF6B49A6E83A6F0ABE9BB74D2FF5.e.7914"}]}
RESULT: {"script":"<script> [8489 bytes]","args":[{"element-6066-11e4-a52e-4f735466cecf":"f.8197E7E82739F49E8E00421C1FF1176E.d.8538FF6B49A6E83A6F0ABE9BB74D2FF5.e.7914","ELEMENT":"f.8197E7E82739F49E8E00421C1FF1176E.d.8538FF6B49A6E83A6F0ABE9BB74D2FF5.e.7914"}]}
COMMAND: POST /session/7d4fbfd037fb9998338d13e3e1bba5cd/element/f.8197E7E82739F49E8E00421C1FF1176E.d.8538FF6B49A6E83A6F0ABE9BB74D2FF5.e.7914/click - {}
COMMAND: GET /session/7d4fbfd037fb9998338d13e3e1bba5cd/screenshot - {}
RESULT: {}
COMMAND: GET /session/7d4fbfd037fb9998338d13e3e1bba5cd/screenshot - {}
COMMAND: POST /session/7d4fbfd037fb9998338d13e3e1bba5cd/element - {"using":"xpath","value":"//input[@id=\"application-manageresources-display-component---newResourceUnit--idRuTSAdmin-application-manageresources-display-component---newResourceUnit--RUTimeSegment-0-inner\"]"}
RESULT: {}
RESULT: {}
RESULT: {"using":"xpath","value":"//input[@id=\"application-manageresources-display-component---newResourceUnit--idRuTSAdmin-application-manageresources-display-component---newResourceUnit--RUTimeSegment-0-inner\"]"}
COMMAND: POST /session/7d4fbfd037fb9998338d13e3e1bba5cd/element/f.8197E7E82739F49E8E00421C1FF1176E.d.8538FF6B49A6E83A6F0ABE9BB74D2FF5.e.7917/clear - {}
RESULT: {}
COMMAND: POST /session/7d4fbfd037fb9998338d13e3e1bba5cd/element/f.8197E7E82739F49E8E00421C1FF1176E.d.8538FF6B49A6E83A6F0ABE9BB74D2FF5.e.7917/value - {"text":"webdriveryard"}
COMMAND: GET /session/7d4fbfd037fb9998338d13e3e1bba5cd/screenshot - {}
RESULT: {"text":"webdriveryard"}
COMMAND: GET /session/7d4fbfd037fb9998338d13e3e1bba5cd/screenshot - {}
RESULT: {}
RESULT: {}
COMMAND: POST /session/7d4fbfd037fb9998338d13e3e1bba5cd/actions - {"actions":[{"id":"action25","type":"key","parameters":{},"actions":[{"type":"keyDown","value":"î€‡"},{"type":"pause","duration":10},{"type":"keyUp","value":"î€‡"}]}]}
RESULT: {"actions":[{"id":"action25","type":"key","parameters":{},"actions":[{"type":"keyDown","value":"î€‡"},{"type":"pause","duration":10},{"type":"keyUp","value":"î€‡"}]}]}
COMMAND: GET /session/7d4fbfd037fb9998338d13e3e1bba5cd/screenshot - {}
RESULT: {}
COMMAND: POST /session/7d4fbfd037fb9998338d13e3e1bba5cd/element - {"using":"xpath","value":"//input[contains(@id, \"application-manageresources-display-component---newResourceUnit--newControlDataDateRangePicker-inner\")]"}
RESULT: {"using":"xpath","value":"//input[contains(@id, \"application-manageresources-display-component---newResourceUnit--newControlDataDateRangePicker-inner\")]"}
COMMAND: POST /session/7d4fbfd037fb9998338d13e3e1bba5cd/element/f.8197E7E82739F49E8E00421C1FF1176E.d.8538FF6B49A6E83A6F0ABE9BB74D2FF5.e.7889/clear - {}
RESULT: {}
COMMAND: POST /session/7d4fbfd037fb9998338d13e3e1bba5cd/element/f.8197E7E82739F49E8E00421C1FF1176E.d.8538FF6B49A6E83A6F0ABE9BB74D2FF5.e.7889/value - {"text":"12/17/26 - 2/18/27"}
COMMAND: GET /session/7d4fbfd037fb9998338d13e3e1bba5cd/screenshot - {}
RESULT: {"text":"12/17/26 - 2/18/27"}
COMMAND: POST /session/7d4fbfd037fb9998338d13e3e1bba5cd/element - {"using":"xpath","value":"//bdi[contains(@id, \"application-manageresources-display-component---newResourceUnit--createRuButton-BDI-content\")]"}
COMMAND: GET /session/7d4fbfd037fb9998338d13e3e1bba5cd/screenshot - {}
RESULT: {}
RESULT: {"using":"xpath","value":"//bdi[contains(@id, \"application-manageresources-display-component---newResourceUnit--createRuButton-BDI-content\")]"}
COMMAND: POST /session/7d4fbfd037fb9998338d13e3e1bba5cd/element/f.8197E7E82739F49E8E00421C1FF1176E.d.8538FF6B49A6E83A6F0ABE9BB74D2FF5.e.7931/click - {}
RESULT: {}
RESULT: {}
COMMAND: GET /session/7d4fbfd037fb9998338d13e3e1bba5cd/screenshot - {}
RESULT: {}
COMMAND: POST /session/7d4fbfd037fb9998338d13e3e1bba5cd/actions - {"actions":[{"id":"action26","type":"key","parameters":{},"actions":[{"type":"keyDown","value":"î€‡"},{"type":"pause","duration":10},{"type":"keyUp","value":"î€‡"}]}]}
RESULT: {"actions":[{"id":"action26","type":"key","parameters":{},"actions":[{"type":"keyDown","value":"î€‡"},{"type":"pause","duration":10},{"type":"keyUp","value":"î€‡"}]}]}
COMMAND: GET /session/7d4fbfd037fb9998338d13e3e1bba5cd/screenshot - {}
RESULT: {}
]]></system-out>
    </testcase>
    <testcase classname="chrome.135_0_7049_96.windows.Personnel_creation_and_reference_material_verification__US120163" name="Should verify if the reference material is visible in edit and detail mode" time="17.09">
      <system-out><![CDATA[
COMMAND: POST /session/7d4fbfd037fb9998338d13e3e1bba5cd/element - {"using":"xpath","value":"//bdi[contains(text(), \"Edit\")]"}
RESULT: {"using":"xpath","value":"//bdi[contains(text(), \"Edit\")]"}
COMMAND: POST /session/7d4fbfd037fb9998338d13e3e1bba5cd/element/f.8197E7E82739F49E8E00421C1FF1176E.d.8538FF6B49A6E83A6F0ABE9BB74D2FF5.e.7959/click - {}
RESULT: {}
COMMAND: GET /session/7d4fbfd037fb9998338d13e3e1bba5cd/screenshot - {}
RESULT: {}
COMMAND: POST /session/7d4fbfd037fb9998338d13e3e1bba5cd/element - {"using":"xpath","value":"//bdi[contains(text(), \"Material\")]"}
RESULT: {"using":"xpath","value":"//bdi[contains(text(), \"Material\")]"}
COMMAND: POST /session/7d4fbfd037fb9998338d13e3e1bba5cd/element - {"using":"xpath","value":"//bdi[contains(text(), \"Material\")]"}
RESULT: {"using":"xpath","value":"//bdi[contains(text(), \"Material\")]"}
COMMAND: POST /session/7d4fbfd037fb9998338d13e3e1bba5cd/element - {"using":"xpath","value":"(//bdi[contains(text(), \"Save\")])[2]"}
RESULT: {"using":"xpath","value":"(//bdi[contains(text(), \"Save\")])[2]"}
COMMAND: POST /session/7d4fbfd037fb9998338d13e3e1bba5cd/element/f.8197E7E82739F49E8E00421C1FF1176E.d.8538FF6B49A6E83A6F0ABE9BB74D2FF5.e.8008/click - {}
RESULT: {}
COMMAND: GET /session/7d4fbfd037fb9998338d13e3e1bba5cd/screenshot - {}
RESULT: {}
COMMAND: POST /session/7d4fbfd037fb9998338d13e3e1bba5cd/element - {"using":"css selector","value":"#j_username"}
COMMAND: POST /session/7d4fbfd037fb9998338d13e3e1bba5cd/url - {"url":"https://qa-testing-00-live-etm-ui.cfapps.eu10-004.hana.ondemand.com/"}
RESULT: {"using":"css selector","value":"#j_username"}
COMMAND: POST /session/7d4fbfd037fb9998338d13e3e1bba5cd/element - {"using":"css selector","value":"#j_username"}
RESULT: {"url":"https://qa-testing-00-live-etm-ui.cfapps.eu10-004.hana.ondemand.com/"}
RESULT: undefined
COMMAND: GET /session/7d4fbfd037fb9998338d13e3e1bba5cd/screenshot - {}
RESULT: {"using":"css selector","value":"#j_username"}
COMMAND: POST /session/7d4fbfd037fb9998338d13e3e1bba5cd/element - {"using":"css selector","value":"#shell-header-logo"}
RESULT: {}
RESULT: {"using":"css selector","value":"#shell-header-logo"}
COMMAND: POST /session/7d4fbfd037fb9998338d13e3e1bba5cd/execute/sync - {"script":"<script> [8489 bytes]","args":[{"element-6066-11e4-a52e-4f735466cecf":"f.8197E7E82739F49E8E00421C1FF1176E.d.8B5DF943DCE6F22D2CD3359242484718.e.8043","ELEMENT":"f.8197E7E82739F49E8E00421C1FF1176E.d.8B5DF943DCE6F22D2CD3359242484718.e.8043"}]}
RESULT: {"script":"<script> [8489 bytes]","args":[{"element-6066-11e4-a52e-4f735466cecf":"f.8197E7E82739F49E8E00421C1FF1176E.d.8B5DF943DCE6F22D2CD3359242484718.e.8043","ELEMENT":"f.8197E7E82739F49E8E00421C1FF1176E.d.8B5DF943DCE6F22D2CD3359242484718.e.8043"}]}
COMMAND: POST /session/7d4fbfd037fb9998338d13e3e1bba5cd/element - {"using":"css selector","value":"#shell-header-logo"}
COMMAND: GET /session/7d4fbfd037fb9998338d13e3e1bba5cd/screenshot - {}
RESULT: {"using":"css selector","value":"#shell-header-logo"}
COMMAND: POST /session/7d4fbfd037fb9998338d13e3e1bba5cd/execute/sync - {"script":"<script> [8489 bytes]","args":[{"element-6066-11e4-a52e-4f735466cecf":"f.8197E7E82739F49E8E00421C1FF1176E.d.8B5DF943DCE6F22D2CD3359242484718.e.8043","ELEMENT":"f.8197E7E82739F49E8E00421C1FF1176E.d.8B5DF943DCE6F22D2CD3359242484718.e.8043"}]}
RESULT: {}
RESULT: {"script":"<script> [8489 bytes]","args":[{"element-6066-11e4-a52e-4f735466cecf":"f.8197E7E82739F49E8E00421C1FF1176E.d.8B5DF943DCE6F22D2CD3359242484718.e.8043","ELEMENT":"f.8197E7E82739F49E8E00421C1FF1176E.d.8B5DF943DCE6F22D2CD3359242484718.e.8043"}]}
COMMAND: POST /session/7d4fbfd037fb9998338d13e3e1bba5cd/execute/sync - {"script":"<script> [5351 bytes]","args":[{"element-6066-11e4-a52e-4f735466cecf":"f.8197E7E82739F49E8E00421C1FF1176E.d.8B5DF943DCE6F22D2CD3359242484718.e.8043","ELEMENT":"f.8197E7E82739F49E8E00421C1FF1176E.d.8B5DF943DCE6F22D2CD3359242484718.e.8043"}]}
COMMAND: GET /session/7d4fbfd037fb9998338d13e3e1bba5cd/screenshot - {}
RESULT: {"script":"<script> [5351 bytes]","args":[{"element-6066-11e4-a52e-4f735466cecf":"f.8197E7E82739F49E8E00421C1FF1176E.d.8B5DF943DCE6F22D2CD3359242484718.e.8043","ELEMENT":"f.8197E7E82739F49E8E00421C1FF1176E.d.8B5DF943DCE6F22D2CD3359242484718.e.8043"}]}
COMMAND: POST /session/7d4fbfd037fb9998338d13e3e1bba5cd/element - {"using":"css selector","value":"#shell-header-logo"}
COMMAND: GET /session/7d4fbfd037fb9998338d13e3e1bba5cd/screenshot - {}
RESULT: {}
RESULT: {"using":"css selector","value":"#shell-header-logo"}
COMMAND: POST /session/7d4fbfd037fb9998338d13e3e1bba5cd/element/f.8197E7E82739F49E8E00421C1FF1176E.d.8B5DF943DCE6F22D2CD3359242484718.e.8043/click - {}
RESULT: {}
RESULT: {}
COMMAND: GET /session/7d4fbfd037fb9998338d13e3e1bba5cd/screenshot - {}
RESULT: {}
COMMAND: POST /session/7d4fbfd037fb9998338d13e3e1bba5cd/execute/async - {"script":"<script> [189 bytes]","args":[]}
RESULT: {"script":"<script> [189 bytes]","args":[]}
COMMAND: POST /session/7d4fbfd037fb9998338d13e3e1bba5cd/execute/async - {"script":"<script> [123 bytes]","args":[]}
RESULT: {"script":"<script> [123 bytes]","args":[]}
COMMAND: POST /session/7d4fbfd037fb9998338d13e3e1bba5cd/timeouts - {"script":"<number>"}
RESULT: {"script":"<number>"}
COMMAND: GET /session/7d4fbfd037fb9998338d13e3e1bba5cd/timeouts - {}
RESULT: {}
RESULT: undefined
COMMAND: POST /session/7d4fbfd037fb9998338d13e3e1bba5cd/execute/async - {"script":"<script> [2676 bytes]","args":[]}
RESULT: {"script":"<script> [2676 bytes]","args":[]}
COMMAND: POST /session/7d4fbfd037fb9998338d13e3e1bba5cd/execute/async - {"script":"<script> [2342 bytes]","args":[{"protocol":"http","hostname":"0.0.0.0","path":"/","capabilities":{"browserName":"chrome","goog:chromeOptions":{"binary":"C:\\Program Files\\Google\\Chrome\\Application\\chrome.exe","args":["--start-maximized"]}},"logLevel":"warn","connectionRetryTimeout":120000,"connectionRetryCount":3,"logLevels":{},"enableDirectConnect":true,"strictSSL":true,"_":"65 more keys: [\"cacheDir\",\"port\",\"requestedCapabilities\",\"automationProtocol\",\"baseUrl\",\"waitforInterval\",\"waitforTimeout\",\"onReload\",\"beforeCommand\",\"afterCommand\",\"rootDir\",\"specs\",\"suites\",\"exclude\",\"groupLogsByTestSpec\",\"excludeDriverLogs\",\"bail\",\"framework\",\"reporters\",\"services\",\"maxInstances\",\"maxInstancesPerCapability\",\"injectGlobals\",\"filesToWatch\",\"execArgv\",\"runnerEnv\",\"runner\",\"shard\",\"specFileRetries\",\"specFileRetriesDelay\",\"specFileRetriesDeferred\",\"reporterSyncInterval\",\"reporterSyncTimeout\",\"cucumberFeaturesWithLineNumbers\",\"autoCompileOpts\",\"mochaOpts\",\"jasmineOpts\",\"cucumberOpts\",\"onPrepare\",\"onWorkerStart\",\"onWorkerEnd\",\"before\",\"beforeSession\",\"beforeSuite\",\"beforeHook\",\"beforeTest\",\"afterTest\",\"afterHook\",\"afterSuite\",\"afterSession\",\"after\",\"onComplete\",\"beforeAssertion\",\"afterAssertion\",\"beforeFeature\",\"beforeScenario\",\"beforeStep\",\"afterStep\",\"afterScenario\",\"afterFeature\",\"_\",\"suite\",\"$0\",\"ignoredWorkerServices\",\"wdi5\"]"}]}
RESULT: {"script":"<script> [2342 bytes]","args":[{"protocol":"http","hostname":"0.0.0.0","path":"/","capabilities":{"browserName":"chrome","goog:chromeOptions":{"binary":"C:\\Program Files\\Google\\Chrome\\Application\\chrome.exe","args":["--start-maximized"]}},"logLevel":"warn","connectionRetryTimeout":120000,"connectionRetryCount":3,"logLevels":{},"enableDirectConnect":true,"strictSSL":true,"_":"65 more keys: [\"cacheDir\",\"port\",\"requestedCapabilities\",\"automationProtocol\",\"baseUrl\",\"waitforInterval\",\"waitforTimeout\",\"onReload\",\"beforeCommand\",\"afterCommand\",\"rootDir\",\"specs\",\"suites\",\"exclude\",\"groupLogsByTestSpec\",\"excludeDriverLogs\",\"bail\",\"framework\",\"reporters\",\"services\",\"maxInstances\",\"maxInstancesPerCapability\",\"injectGlobals\",\"filesToWatch\",\"execArgv\",\"runnerEnv\",\"runner\",\"shard\",\"specFileRetries\",\"specFileRetriesDelay\",\"specFileRetriesDeferred\",\"reporterSyncInterval\",\"reporterSyncTimeout\",\"cucumberFeaturesWithLineNumbers\",\"autoCompileOpts\",\"mochaOpts\",\"jasmineOpts\",\"cucumberOpts\",\"onPrepare\",\"onWorkerStart\",\"onWorkerEnd\",\"before\",\"beforeSession\",\"beforeSuite\",\"beforeHook\",\"beforeTest\",\"afterTest\",\"afterHook\",\"afterSuite\",\"afterSession\",\"after\",\"onComplete\",\"beforeAssertion\",\"afterAssertion\",\"beforeFeature\",\"beforeScenario\",\"beforeStep\",\"afterStep\",\"afterScenario\",\"afterFeature\",\"_\",\"suite\",\"$0\",\"ignoredWorkerServices\",\"wdi5\"]"}]}
COMMAND: POST /session/7d4fbfd037fb9998338d13e3e1bba5cd/execute/async - {"script":"<script> [21126 bytes]","args":[35000]}
RESULT: {"script":"<script> [21126 bytes]","args":[35000]}
COMMAND: POST /session/7d4fbfd037fb9998338d13e3e1bba5cd/window/maximize - {}
RESULT: {}
COMMAND: POST /session/7d4fbfd037fb9998338d13e3e1bba5cd/execute/async - {"script":"<script> [1562 bytes]","args":[{"selector":{"id":"shell-header","interaction":{"idSuffix":"icon"}},"wdio_ui5_key":"shellheader"}]}
COMMAND: GET /session/7d4fbfd037fb9998338d13e3e1bba5cd/screenshot - {}
RESULT: {"script":"<script> [1562 bytes]","args":[{"selector":{"id":"shell-header","interaction":{"idSuffix":"icon"}},"wdio_ui5_key":"shellheader"}]}
RESULT: undefined
RESULT: {}
]]></system-out>
    </testcase>
  </testsuite>
  <testsuite timestamp="2025-04-27T15:47:44" time="496.177" tests="5" failures="0" errors="0" skipped="0">
    <properties>
      <property name="specId" value="0" />
      <property name="suiteName" value="Warehouse movements inventory test" />
      <property name="capabilities" value="chrome.135_0_7049_96.windows" />
      <property name="file" value="file:///D:/a/1/s/test/specs/R2C/create-resource.spec.js" />
    </properties>
    <testcase classname="chrome.135_0_7049_96.windows.Warehouse_movements_inventory_test" name="Should create a new WHM yard" time="132.985">
      <system-out><![CDATA[
COMMAND: POST /session/7d4fbfd037fb9998338d13e3e1bba5cd/execute/async - {"script":"<script> [1562 bytes]","args":[{"selector":{"controlType":"sap.m.GenericTile","properties":{"header":"Manage Yards"}},"wdio_ui5_key":"sapm.GenericTile{\"header\":\"Manage Yards\"}"}]}
RESULT: {"script":"<script> [1562 bytes]","args":[{"selector":{"controlType":"sap.m.GenericTile","properties":{"header":"Manage Yards"}},"wdio_ui5_key":"sapm.GenericTile{\"header\":\"Manage Yards\"}"}]}
RESULT: undefined
COMMAND: POST /session/7d4fbfd037fb9998338d13e3e1bba5cd/element - {"using":"xpath","value":"//*[@id=\"__tile41\"]"}
RESULT: {"using":"xpath","value":"//*[@id=\"__tile41\"]"}
COMMAND: POST /session/7d4fbfd037fb9998338d13e3e1bba5cd/element/f.8197E7E82739F49E8E00421C1FF1176E.d.8B5DF943DCE6F22D2CD3359242484718.e.8044/click - {}
RESULT: {}
COMMAND: GET /session/7d4fbfd037fb9998338d13e3e1bba5cd/screenshot - {}
RESULT: {}
COMMAND: POST /session/7d4fbfd037fb9998338d13e3e1bba5cd/execute/async - {"script":"<script> [1562 bytes]","args":[{"selector":{"controlType":"sap.ui.core.Icon","viewName":"etm.portal.ui.manageyards.view.Master","viewId":"application-manageyards-display-component---masterYard","properties":{"src":{"regex":{"source":"add"}}}},"wdio_ui5_key":"etmportal.ui.manageyards.view.Mastersap.ui.core.Icon{\"src\":{\"regex\":{\"source\":\"add\"}}}"}]}
RESULT: {"script":"<script> [1562 bytes]","args":[{"selector":{"controlType":"sap.ui.core.Icon","viewName":"etm.portal.ui.manageyards.view.Master","viewId":"application-manageyards-display-component---masterYard","properties":{"src":{"regex":{"source":"add"}}}},"wdio_ui5_key":"etmportal.ui.manageyards.view.Mastersap.ui.core.Icon{\"src\":{\"regex\":{\"source\":\"add\"}}}"}]}
RESULT: undefined
COMMAND: POST /session/7d4fbfd037fb9998338d13e3e1bba5cd/element - {"using":"xpath","value":"//*[@id=\"__button4-img\"]"}
RESULT: {"using":"xpath","value":"//*[@id=\"__button4-img\"]"}
COMMAND: POST /session/7d4fbfd037fb9998338d13e3e1bba5cd/element/f.8197E7E82739F49E8E00421C1FF1176E.d.8B5DF943DCE6F22D2CD3359242484718.e.8088/click - {}
RESULT: {}
COMMAND: GET /session/7d4fbfd037fb9998338d13e3e1bba5cd/screenshot - {}
RESULT: {}
COMMAND: POST /session/7d4fbfd037fb9998338d13e3e1bba5cd/execute/async - {"script":"<script> [1562 bytes]","args":[{"selector":{"id":"application-manageyards-display-component---NewYard--yardId","interaction":{"idSuffix":"inner"}},"wdio_ui5_key":"applicationmanageyards-display-component---NewYard--yardId"}]}
RESULT: {"script":"<script> [1562 bytes]","args":[{"selector":{"id":"application-manageyards-display-component---NewYard--yardId","interaction":{"idSuffix":"inner"}},"wdio_ui5_key":"applicationmanageyards-display-component---NewYard--yardId"}]}
RESULT: undefined
COMMAND: POST /session/7d4fbfd037fb9998338d13e3e1bba5cd/element - {"using":"xpath","value":"//*[@id=\"application-manageyards-display-component---NewYard--addressDetailDetailsName1-inner\"]"}
RESULT: {"using":"xpath","value":"//*[@id=\"application-manageyards-display-component---NewYard--addressDetailDetailsName1-inner\"]"}
COMMAND: POST /session/7d4fbfd037fb9998338d13e3e1bba5cd/element/f.8197E7E82739F49E8E00421C1FF1176E.d.8B5DF943DCE6F22D2CD3359242484718.e.8306/clear - {}
RESULT: {}
COMMAND: POST /session/7d4fbfd037fb9998338d13e3e1bba5cd/element/f.8197E7E82739F49E8E00421C1FF1176E.d.8B5DF943DCE6F22D2CD3359242484718.e.8306/value - {"text":"WebdriverWHMYardfg2is"}
COMMAND: GET /session/7d4fbfd037fb9998338d13e3e1bba5cd/screenshot - {}
RESULT: {}
RESULT: {"text":"WebdriverWHMYardfg2is"}
COMMAND: POST /session/7d4fbfd037fb9998338d13e3e1bba5cd/element - {"using":"xpath","value":"//*[@id=\"application-manageyards-display-component---NewYard--addressDetailDetailsLanguage-inner\"]"}
COMMAND: GET /session/7d4fbfd037fb9998338d13e3e1bba5cd/screenshot - {}
RESULT: {"using":"xpath","value":"//*[@id=\"application-manageyards-display-component---NewYard--addressDetailDetailsLanguage-inner\"]"}
COMMAND: POST /session/7d4fbfd037fb9998338d13e3e1bba5cd/element/f.8197E7E82739F49E8E00421C1FF1176E.d.8B5DF943DCE6F22D2CD3359242484718.e.8307/clear - {}
RESULT: {}
RESULT: {}
COMMAND: POST /session/7d4fbfd037fb9998338d13e3e1bba5cd/element/f.8197E7E82739F49E8E00421C1FF1176E.d.8B5DF943DCE6F22D2CD3359242484718.e.8307/value - {"text":"Romanian"}
COMMAND: GET /session/7d4fbfd037fb9998338d13e3e1bba5cd/screenshot - {}
RESULT: {"text":"Romanian"}
COMMAND: POST /session/7d4fbfd037fb9998338d13e3e1bba5cd/element - {"using":"xpath","value":"//input[contains(@id ,\"application-manageyards-display-component---NewYard--addressDetailDetailsName1-inner\")]"}
COMMAND: GET /session/7d4fbfd037fb9998338d13e3e1bba5cd/screenshot - {}
RESULT: {}
RESULT: {"using":"xpath","value":"//input[contains(@id ,\"application-manageyards-display-component---NewYard--addressDetailDetailsName1-inner\")]"}
COMMAND: GET /session/7d4fbfd037fb9998338d13e3e1bba5cd/element/f.8197E7E82739F49E8E00421C1FF1176E.d.8B5DF943DCE6F22D2CD3359242484718.e.8306/property/value - {}
RESULT: {}
RESULT: {}
COMMAND: GET /session/7d4fbfd037fb9998338d13e3e1bba5cd/screenshot - {}
RESULT: {}
COMMAND: POST /session/7d4fbfd037fb9998338d13e3e1bba5cd/element - {"using":"xpath","value":"//*[@id=\"application-manageyards-display-component---NewYard--addressDetailDetailsCity1-inner\"]"}
RESULT: {"using":"xpath","value":"//*[@id=\"application-manageyards-display-component---NewYard--addressDetailDetailsCity1-inner\"]"}
COMMAND: POST /session/7d4fbfd037fb9998338d13e3e1bba5cd/element/f.8197E7E82739F49E8E00421C1FF1176E.d.8B5DF943DCE6F22D2CD3359242484718.e.8309/clear - {}
RESULT: {}
COMMAND: POST /session/7d4fbfd037fb9998338d13e3e1bba5cd/element/f.8197E7E82739F49E8E00421C1FF1176E.d.8B5DF943DCE6F22D2CD3359242484718.e.8309/value - {"text":"Bucuresti"}
COMMAND: GET /session/7d4fbfd037fb9998338d13e3e1bba5cd/screenshot - {}
RESULT: {"text":"Bucuresti"}
COMMAND: GET /session/7d4fbfd037fb9998338d13e3e1bba5cd/screenshot - {}
RESULT: {}
RESULT: {}
COMMAND: POST /session/7d4fbfd037fb9998338d13e3e1bba5cd/element - {"using":"xpath","value":"//*[@id=\"application-manageyards-display-component---NewYard--addressDetailDetailsCountry-inner\"]"}
RESULT: {"using":"xpath","value":"//*[@id=\"application-manageyards-display-component---NewYard--addressDetailDetailsCountry-inner\"]"}
COMMAND: POST /session/7d4fbfd037fb9998338d13e3e1bba5cd/element/f.8197E7E82739F49E8E00421C1FF1176E.d.8B5DF943DCE6F22D2CD3359242484718.e.8313/clear - {}
RESULT: {}
COMMAND: POST /session/7d4fbfd037fb9998338d13e3e1bba5cd/element/f.8197E7E82739F49E8E00421C1FF1176E.d.8B5DF943DCE6F22D2CD3359242484718.e.8313/value - {"text":"Romania"}
COMMAND: GET /session/7d4fbfd037fb9998338d13e3e1bba5cd/screenshot - {}
RESULT: {"text":"Romania"}
COMMAND: GET /session/7d4fbfd037fb9998338d13e3e1bba5cd/screenshot - {}
RESULT: {}
RESULT: {}
COMMAND: POST /session/7d4fbfd037fb9998338d13e3e1bba5cd/execute/async - {"script":"<script> [1562 bytes]","args":[{"selector":{"controlType":"sap.m.Button","viewName":"etm.portal.ui.manageyards.view.New","viewId":"application-manageyards-display-component---NewYard","properties":{"text":"Commercial"},"interaction":{"idSuffix":"BDI-content"}},"wdio_ui5_key":"etmportal.ui.manageyards.view.Newsap.m.Button{\"text\":\"Commercial\"}"}]}
RESULT: {"script":"<script> [1562 bytes]","args":[{"selector":{"controlType":"sap.m.Button","viewName":"etm.portal.ui.manageyards.view.New","viewId":"application-manageyards-display-component---NewYard","properties":{"text":"Commercial"},"interaction":{"idSuffix":"BDI-content"}},"wdio_ui5_key":"etmportal.ui.manageyards.view.Newsap.m.Button{\"text\":\"Commercial\"}"}]}
RESULT: undefined
COMMAND: POST /session/7d4fbfd037fb9998338d13e3e1bba5cd/element - {"using":"xpath","value":"//*[@id=\"application-manageyards-display-component---NewYard--ObjectPageLayout-anchBar-__section5-anchor\"]"}
RESULT: {"using":"xpath","value":"//*[@id=\"application-manageyards-display-component---NewYard--ObjectPageLayout-anchBar-__section5-anchor\"]"}
COMMAND: POST /session/7d4fbfd037fb9998338d13e3e1bba5cd/element/f.8197E7E82739F49E8E00421C1FF1176E.d.8B5DF943DCE6F22D2CD3359242484718.e.8503/click - {}
RESULT: {}
COMMAND: GET /session/7d4fbfd037fb9998338d13e3e1bba5cd/screenshot - {}
RESULT: {}
COMMAND: POST /session/7d4fbfd037fb9998338d13e3e1bba5cd/element - {"using":"xpath","value":"//div[contains(text(), \"Commercial\")]"}
RESULT: {"using":"xpath","value":"//div[contains(text(), \"Commercial\")]"}
COMMAND: GET /session/7d4fbfd037fb9998338d13e3e1bba5cd/element/f.8197E7E82739F49E8E00421C1FF1176E.d.8B5DF943DCE6F22D2CD3359242484718.e.8514/rect - {}
RESULT: {}
COMMAND: GET /session/7d4fbfd037fb9998338d13e3e1bba5cd/window/rect - {}
RESULT: {}
COMMAND: POST /session/7d4fbfd037fb9998338d13e3e1bba5cd/execute/sync - {"script":"<script> [92 bytes]","args":[]}
RESULT: {"script":"<script> [92 bytes]","args":[]}
COMMAND: POST /session/7d4fbfd037fb9998338d13e3e1bba5cd/actions - {"actions":[{"id":"action27","type":"wheel","parameters":{},"actions":[{"type":"scroll","x":-1841,"y":-44,"deltaX":0,"deltaY":0,"duration":0,"origin":{"element-6066-11e4-a52e-4f735466cecf":"f.8197E7E82739F49E8E00421C1FF1176E.d.8B5DF943DCE6F22D2CD3359242484718.e.8514"}}]}]}
COMMAND: GET /session/7d4fbfd037fb9998338d13e3e1bba5cd/screenshot - {}
RESULT: {}
COMMAND: POST /session/7d4fbfd037fb9998338d13e3e1bba5cd/execute/sync - {"script":"<script> [79 bytes]","args":[{"element-6066-11e4-a52e-4f735466cecf":"f.8197E7E82739F49E8E00421C1FF1176E.d.8B5DF943DCE6F22D2CD3359242484718.e.8514","ELEMENT":"f.8197E7E82739F49E8E00421C1FF1176E.d.8B5DF943DCE6F22D2CD3359242484718.e.8514"},{"block":"start","inline":"nearest"}]}
RESULT: {"script":"<script> [79 bytes]","args":[{"element-6066-11e4-a52e-4f735466cecf":"f.8197E7E82739F49E8E00421C1FF1176E.d.8B5DF943DCE6F22D2CD3359242484718.e.8514","ELEMENT":"f.8197E7E82739F49E8E00421C1FF1176E.d.8B5DF943DCE6F22D2CD3359242484718.e.8514"},{"block":"start","inline":"nearest"}]}
COMMAND: GET /session/7d4fbfd037fb9998338d13e3e1bba5cd/screenshot - {}
RESULT: {}
COMMAND: POST /session/7d4fbfd037fb9998338d13e3e1bba5cd/execute/async - {"script":"<script> [1562 bytes]","args":[{"selector":{"id":"application-manageyards-display-component---NewYard--addressEditDetailsCostObjectCstType-arrow"},"wdio_ui5_key":"applicationmanageyards-display-component---NewYard--addressEditDetailsCostObjectCstType-arrow"}]}
RESULT: {"script":"<script> [1562 bytes]","args":[{"selector":{"id":"application-manageyards-display-component---NewYard--addressEditDetailsCostObjectCstType-arrow"},"wdio_ui5_key":"applicationmanageyards-display-component---NewYard--addressEditDetailsCostObjectCstType-arrow"}]}
RESULT: undefined
COMMAND: POST /session/7d4fbfd037fb9998338d13e3e1bba5cd/element - {"using":"xpath","value":"//*[@id=\"application-manageyards-display-component---NewYard--addressEditDetailsCostObjectCstType-arrow\"]"}
RESULT: {"using":"xpath","value":"//*[@id=\"application-manageyards-display-component---NewYard--addressEditDetailsCostObjectCstType-arrow\"]"}
COMMAND: POST /session/7d4fbfd037fb9998338d13e3e1bba5cd/element/f.8197E7E82739F49E8E00421C1FF1176E.d.8B5DF943DCE6F22D2CD3359242484718.e.8515/click - {}
RESULT: {}
COMMAND: POST /session/7d4fbfd037fb9998338d13e3e1bba5cd/element - {"using":"xpath","value":"//span[contains(text(), \"Cost Center\")]"}
COMMAND: GET /session/7d4fbfd037fb9998338d13e3e1bba5cd/screenshot - {}
RESULT: {"using":"xpath","value":"//span[contains(text(), \"Cost Center\")]"}
COMMAND: POST /session/7d4fbfd037fb9998338d13e3e1bba5cd/element/f.8197E7E82739F49E8E00421C1FF1176E.d.8B5DF943DCE6F22D2CD3359242484718.e.8516/click - {}
RESULT: {}
RESULT: {}
COMMAND: GET /session/7d4fbfd037fb9998338d13e3e1bba5cd/screenshot - {}
RESULT: {}
COMMAND: POST /session/7d4fbfd037fb9998338d13e3e1bba5cd/execute/async - {"script":"<script> [1562 bytes]","args":[{"selector":{"id":"application-manageyards-display-component---NewYard--addressNewCostObjectCstID-vhi"},"wdio_ui5_key":"applicationmanageyards-display-component---NewYard--addressNewCostObjectCstID-vhi"}]}
RESULT: {"script":"<script> [1562 bytes]","args":[{"selector":{"id":"application-manageyards-display-component---NewYard--addressNewCostObjectCstID-vhi"},"wdio_ui5_key":"applicationmanageyards-display-component---NewYard--addressNewCostObjectCstID-vhi"}]}
RESULT: undefined
COMMAND: POST /session/7d4fbfd037fb9998338d13e3e1bba5cd/element - {"using":"xpath","value":"//*[@id=\"application-manageyards-display-component---NewYard--addressNewCostObjectCstID-vhi\"]"}
RESULT: {"using":"xpath","value":"//*[@id=\"application-manageyards-display-component---NewYard--addressNewCostObjectCstID-vhi\"]"}
COMMAND: POST /session/7d4fbfd037fb9998338d13e3e1bba5cd/element/f.8197E7E82739F49E8E00421C1FF1176E.d.8B5DF943DCE6F22D2CD3359242484718.e.8520/click - {}
RESULT: {}
COMMAND: GET /session/7d4fbfd037fb9998338d13e3e1bba5cd/screenshot - {}
RESULT: {}
COMMAND: POST /session/7d4fbfd037fb9998338d13e3e1bba5cd/execute/async - {"script":"<script> [1562 bytes]","args":[{"selector":{"controlType":"sap.m.SearchField","properties":{"placeholder":"Search"},"searchOpenDialogs":true,"interaction":{"idSuffix":"I"}},"wdio_ui5_key":"sapm.SearchField{\"placeholder\":\"Search\"}"}]}
RESULT: {"script":"<script> [1562 bytes]","args":[{"selector":{"controlType":"sap.m.SearchField","properties":{"placeholder":"Search"},"searchOpenDialogs":true,"interaction":{"idSuffix":"I"}},"wdio_ui5_key":"sapm.SearchField{\"placeholder\":\"Search\"}"}]}
RESULT: undefined
COMMAND: POST /session/7d4fbfd037fb9998338d13e3e1bba5cd/execute/async - {"script":"<script> [776 bytes]","args":[{"enterText":"10001013","selector":{"controlType":"sap.m.SearchField","properties":{"placeholder":"Search"},"searchOpenDialogs":true,"interaction":{"idSuffix":"I"}},"clearTextFirst":true,"interactionType":"ENTER_TEXT"}]}
RESULT: {"script":"<script> [776 bytes]","args":[{"enterText":"10001013","selector":{"controlType":"sap.m.SearchField","properties":{"placeholder":"Search"},"searchOpenDialogs":true,"interaction":{"idSuffix":"I"}},"clearTextFirst":true,"interactionType":"ENTER_TEXT"}]}
COMMAND: POST /session/7d4fbfd037fb9998338d13e3e1bba5cd/actions - {"actions":[{"id":"action28","type":"key","parameters":{},"actions":[{"type":"keyDown","value":"î€‡"},{"type":"pause","duration":10},{"type":"keyUp","value":"î€‡"}]}]}
RESULT: {"actions":[{"id":"action28","type":"key","parameters":{},"actions":[{"type":"keyDown","value":"î€‡"},{"type":"pause","duration":10},{"type":"keyUp","value":"î€‡"}]}]}
COMMAND: GET /session/7d4fbfd037fb9998338d13e3e1bba5cd/screenshot - {}
RESULT: {}
COMMAND: POST /session/7d4fbfd037fb9998338d13e3e1bba5cd/element - {"using":"xpath","value":"//span[contains(text(), \"General Management\")]"}
RESULT: {"using":"xpath","value":"//span[contains(text(), \"General Management\")]"}
COMMAND: POST /session/7d4fbfd037fb9998338d13e3e1bba5cd/element/f.8197E7E82739F49E8E00421C1FF1176E.d.8B5DF943DCE6F22D2CD3359242484718.e.8561/click - {}
RESULT: {}
COMMAND: GET /session/7d4fbfd037fb9998338d13e3e1bba5cd/screenshot - {}
RESULT: {}
COMMAND: POST /session/7d4fbfd037fb9998338d13e3e1bba5cd/element - {"using":"xpath","value":"//bdi[contains(text(), \"OK\")]"}
RESULT: {"using":"xpath","value":"//bdi[contains(text(), \"OK\")]"}
COMMAND: POST /session/7d4fbfd037fb9998338d13e3e1bba5cd/element/f.8197E7E82739F49E8E00421C1FF1176E.d.8B5DF943DCE6F22D2CD3359242484718.e.8562/click - {}
RESULT: {}
COMMAND: GET /session/7d4fbfd037fb9998338d13e3e1bba5cd/screenshot - {}
RESULT: {}
COMMAND: POST /session/7d4fbfd037fb9998338d13e3e1bba5cd/execute/async - {"script":"<script> [1562 bytes]","args":[{"selector":{"id":"application-manageyards-display-component---NewYard--addressEditDetailsCurrency","interaction":{"idSuffix":"inner"}},"wdio_ui5_key":"applicationmanageyards-display-component---NewYard--addressEditDetailsCurrency"}]}
RESULT: {"script":"<script> [1562 bytes]","args":[{"selector":{"id":"application-manageyards-display-component---NewYard--addressEditDetailsCurrency","interaction":{"idSuffix":"inner"}},"wdio_ui5_key":"applicationmanageyards-display-component---NewYard--addressEditDetailsCurrency"}]}
RESULT: undefined
COMMAND: POST /session/7d4fbfd037fb9998338d13e3e1bba5cd/execute/async - {"script":"<script> [776 bytes]","args":[{"enterText":"Euro","selector":{"id":"application-manageyards-display-component---NewYard--addressEditDetailsCurrency","interaction":{"idSuffix":"inner"}},"clearTextFirst":true,"interactionType":"ENTER_TEXT"}]}
RESULT: {"script":"<script> [776 bytes]","args":[{"enterText":"Euro","selector":{"id":"application-manageyards-display-component---NewYard--addressEditDetailsCurrency","interaction":{"idSuffix":"inner"}},"clearTextFirst":true,"interactionType":"ENTER_TEXT"}]}
COMMAND: POST /session/7d4fbfd037fb9998338d13e3e1bba5cd/execute/async - {"script":"<script> [1562 bytes]","args":[{"selector":{"controlType":"sap.m.Input","viewName":"etm.portal.ui.manageyards.view.New","viewId":"application-manageyards-display-component---NewYard","bindingPath":{"path":"","propertyPath":"/CONTROLLING_AREA","modelName":"NewYardModel"},"interaction":{"idSuffix":"inner"}},"wdio_ui5_key":"etmportal.ui.manageyards.view.Newsap.m.Input{\"path\":\"\",\"propertyPath\":\"/CONTROLLING_AREA\",\"modelName\":\"NewYardModel\"}"}]}
RESULT: {"script":"<script> [1562 bytes]","args":[{"selector":{"controlType":"sap.m.Input","viewName":"etm.portal.ui.manageyards.view.New","viewId":"application-manageyards-display-component---NewYard","bindingPath":{"path":"","propertyPath":"/CONTROLLING_AREA","modelName":"NewYardModel"},"interaction":{"idSuffix":"inner"}},"wdio_ui5_key":"etmportal.ui.manageyards.view.Newsap.m.Input{\"path\":\"\",\"propertyPath\":\"/CONTROLLING_AREA\",\"modelName\":\"NewYardModel\"}"}]}
RESULT: undefined
COMMAND: POST /session/7d4fbfd037fb9998338d13e3e1bba5cd/execute/async - {"script":"<script> [776 bytes]","args":[{"enterText":"Z001","selector":{"controlType":"sap.m.Input","viewName":"etm.portal.ui.manageyards.view.New","viewId":"application-manageyards-display-component---NewYard","bindingPath":{"path":"","propertyPath":"/CONTROLLING_AREA","modelName":"NewYardModel"},"interaction":{"idSuffix":"inner"}},"clearTextFirst":true,"interactionType":"ENTER_TEXT"}]}
RESULT: {"script":"<script> [776 bytes]","args":[{"enterText":"Z001","selector":{"controlType":"sap.m.Input","viewName":"etm.portal.ui.manageyards.view.New","viewId":"application-manageyards-display-component---NewYard","bindingPath":{"path":"","propertyPath":"/CONTROLLING_AREA","modelName":"NewYardModel"},"interaction":{"idSuffix":"inner"}},"clearTextFirst":true,"interactionType":"ENTER_TEXT"}]}
COMMAND: POST /session/7d4fbfd037fb9998338d13e3e1bba5cd/execute/async - {"script":"<script> [1562 bytes]","args":[{"selector":{"id":"application-manageyards-display-component---NewYard--companyCodeComboBox","interaction":{"idSuffix":"inner"}},"wdio_ui5_key":"applicationmanageyards-display-component---NewYard--companyCodeComboBox"}]}
RESULT: {"script":"<script> [1562 bytes]","args":[{"selector":{"id":"application-manageyards-display-component---NewYard--companyCodeComboBox","interaction":{"idSuffix":"inner"}},"wdio_ui5_key":"applicationmanageyards-display-component---NewYard--companyCodeComboBox"}]}
RESULT: undefined
COMMAND: POST /session/7d4fbfd037fb9998338d13e3e1bba5cd/execute/async - {"script":"<script> [776 bytes]","args":[{"enterText":"1000","selector":{"id":"application-manageyards-display-component---NewYard--companyCodeComboBox","interaction":{"idSuffix":"inner"}},"clearTextFirst":true,"interactionType":"ENTER_TEXT"}]}
RESULT: {"script":"<script> [776 bytes]","args":[{"enterText":"1000","selector":{"id":"application-manageyards-display-component---NewYard--companyCodeComboBox","interaction":{"idSuffix":"inner"}},"clearTextFirst":true,"interactionType":"ENTER_TEXT"}]}
COMMAND: POST /session/7d4fbfd037fb9998338d13e3e1bba5cd/actions - {"actions":[{"id":"action29","type":"key","parameters":{},"actions":[{"type":"keyDown","value":"î€‡"},{"type":"pause","duration":10},{"type":"keyUp","value":"î€‡"}]}]}
RESULT: {"actions":[{"id":"action29","type":"key","parameters":{},"actions":[{"type":"keyDown","value":"î€‡"},{"type":"pause","duration":10},{"type":"keyUp","value":"î€‡"}]}]}
COMMAND: POST /session/7d4fbfd037fb9998338d13e3e1bba5cd/execute/async - {"script":"<script> [1562 bytes]","args":[{"selector":{"controlType":"sap.m.Input","viewName":"etm.portal.ui.manageyards.view.New","viewId":"application-manageyards-display-component---NewYard","bindingPath":{"path":"","propertyPath":"/PLANT","modelName":"NewYardModel"},"interaction":{"idSuffix":"inner"}},"wdio_ui5_key":"etmportal.ui.manageyards.view.Newsap.m.Input{\"path\":\"\",\"propertyPath\":\"/PLANT\",\"modelName\":\"NewYardModel\"}"}]}
COMMAND: GET /session/7d4fbfd037fb9998338d13e3e1bba5cd/screenshot - {}
RESULT: {"script":"<script> [1562 bytes]","args":[{"selector":{"controlType":"sap.m.Input","viewName":"etm.portal.ui.manageyards.view.New","viewId":"application-manageyards-display-component---NewYard","bindingPath":{"path":"","propertyPath":"/PLANT","modelName":"NewYardModel"},"interaction":{"idSuffix":"inner"}},"wdio_ui5_key":"etmportal.ui.manageyards.view.Newsap.m.Input{\"path\":\"\",\"propertyPath\":\"/PLANT\",\"modelName\":\"NewYardModel\"}"}]}
RESULT: undefined
COMMAND: POST /session/7d4fbfd037fb9998338d13e3e1bba5cd/execute/async - {"script":"<script> [776 bytes]","args":[{"enterText":"1001","selector":{"controlType":"sap.m.Input","viewName":"etm.portal.ui.manageyards.view.New","viewId":"application-manageyards-display-component---NewYard","bindingPath":{"path":"","propertyPath":"/PLANT","modelName":"NewYardModel"},"interaction":{"idSuffix":"inner"}},"clearTextFirst":true,"interactionType":"ENTER_TEXT"}]}
RESULT: {}
RESULT: {"script":"<script> [776 bytes]","args":[{"enterText":"1001","selector":{"controlType":"sap.m.Input","viewName":"etm.portal.ui.manageyards.view.New","viewId":"application-manageyards-display-component---NewYard","bindingPath":{"path":"","propertyPath":"/PLANT","modelName":"NewYardModel"},"interaction":{"idSuffix":"inner"}},"clearTextFirst":true,"interactionType":"ENTER_TEXT"}]}
COMMAND: POST /session/7d4fbfd037fb9998338d13e3e1bba5cd/execute/async - {"script":"<script> [1562 bytes]","args":[{"selector":{"controlType":"sap.m.Input","viewName":"etm.portal.ui.manageyards.view.New","viewId":"application-manageyards-display-component---NewYard","bindingPath":{"path":"","propertyPath":"/SALES_AREA_VKORG","modelName":"NewYardModel"},"interaction":{"idSuffix":"inner"}},"wdio_ui5_key":"etmportal.ui.manageyards.view.Newsap.m.Input{\"path\":\"\",\"propertyPath\":\"/SALES_AREA_VKORG\",\"modelName\":\"NewYardModel\"}"}]}
RESULT: {"script":"<script> [1562 bytes]","args":[{"selector":{"controlType":"sap.m.Input","viewName":"etm.portal.ui.manageyards.view.New","viewId":"application-manageyards-display-component---NewYard","bindingPath":{"path":"","propertyPath":"/SALES_AREA_VKORG","modelName":"NewYardModel"},"interaction":{"idSuffix":"inner"}},"wdio_ui5_key":"etmportal.ui.manageyards.view.Newsap.m.Input{\"path\":\"\",\"propertyPath\":\"/SALES_AREA_VKORG\",\"modelName\":\"NewYardModel\"}"}]}
RESULT: undefined
COMMAND: POST /session/7d4fbfd037fb9998338d13e3e1bba5cd/execute/async - {"script":"<script> [776 bytes]","args":[{"enterText":"C002","selector":{"controlType":"sap.m.Input","viewName":"etm.portal.ui.manageyards.view.New","viewId":"application-manageyards-display-component---NewYard","bindingPath":{"path":"","propertyPath":"/SALES_AREA_VKORG","modelName":"NewYardModel"},"interaction":{"idSuffix":"inner"}},"clearTextFirst":true,"interactionType":"ENTER_TEXT"}]}
RESULT: {"script":"<script> [776 bytes]","args":[{"enterText":"C002","selector":{"controlType":"sap.m.Input","viewName":"etm.portal.ui.manageyards.view.New","viewId":"application-manageyards-display-component---NewYard","bindingPath":{"path":"","propertyPath":"/SALES_AREA_VKORG","modelName":"NewYardModel"},"interaction":{"idSuffix":"inner"}},"clearTextFirst":true,"interactionType":"ENTER_TEXT"}]}
COMMAND: POST /session/7d4fbfd037fb9998338d13e3e1bba5cd/execute/async - {"script":"<script> [1562 bytes]","args":[{"selector":{"controlType":"sap.m.Input","viewName":"etm.portal.ui.manageyards.view.New","viewId":"application-manageyards-display-component---NewYard","bindingPath":{"path":"","propertyPath":"/SALES_AREA_VTWEG","modelName":"NewYardModel"},"interaction":{"idSuffix":"inner"}},"wdio_ui5_key":"etmportal.ui.manageyards.view.Newsap.m.Input{\"path\":\"\",\"propertyPath\":\"/SALES_AREA_VTWEG\",\"modelName\":\"NewYardModel\"}"}]}
RESULT: {"script":"<script> [1562 bytes]","args":[{"selector":{"controlType":"sap.m.Input","viewName":"etm.portal.ui.manageyards.view.New","viewId":"application-manageyards-display-component---NewYard","bindingPath":{"path":"","propertyPath":"/SALES_AREA_VTWEG","modelName":"NewYardModel"},"interaction":{"idSuffix":"inner"}},"wdio_ui5_key":"etmportal.ui.manageyards.view.Newsap.m.Input{\"path\":\"\",\"propertyPath\":\"/SALES_AREA_VTWEG\",\"modelName\":\"NewYardModel\"}"}]}
RESULT: undefined
COMMAND: POST /session/7d4fbfd037fb9998338d13e3e1bba5cd/execute/async - {"script":"<script> [776 bytes]","args":[{"enterText":"C2","selector":{"controlType":"sap.m.Input","viewName":"etm.portal.ui.manageyards.view.New","viewId":"application-manageyards-display-component---NewYard","bindingPath":{"path":"","propertyPath":"/SALES_AREA_VTWEG","modelName":"NewYardModel"},"interaction":{"idSuffix":"inner"}},"clearTextFirst":true,"interactionType":"ENTER_TEXT"}]}
RESULT: {"script":"<script> [776 bytes]","args":[{"enterText":"C2","selector":{"controlType":"sap.m.Input","viewName":"etm.portal.ui.manageyards.view.New","viewId":"application-manageyards-display-component---NewYard","bindingPath":{"path":"","propertyPath":"/SALES_AREA_VTWEG","modelName":"NewYardModel"},"interaction":{"idSuffix":"inner"}},"clearTextFirst":true,"interactionType":"ENTER_TEXT"}]}
COMMAND: POST /session/7d4fbfd037fb9998338d13e3e1bba5cd/execute/async - {"script":"<script> [1562 bytes]","args":[{"selector":{"controlType":"sap.m.Input","viewName":"etm.portal.ui.manageyards.view.New","viewId":"application-manageyards-display-component---NewYard","bindingPath":{"path":"","propertyPath":"/SALES_AREA_SPART","modelName":"NewYardModel"},"interaction":{"idSuffix":"inner"}},"wdio_ui5_key":"etmportal.ui.manageyards.view.Newsap.m.Input{\"path\":\"\",\"propertyPath\":\"/SALES_AREA_SPART\",\"modelName\":\"NewYardModel\"}"}]}
RESULT: {"script":"<script> [1562 bytes]","args":[{"selector":{"controlType":"sap.m.Input","viewName":"etm.portal.ui.manageyards.view.New","viewId":"application-manageyards-display-component---NewYard","bindingPath":{"path":"","propertyPath":"/SALES_AREA_SPART","modelName":"NewYardModel"},"interaction":{"idSuffix":"inner"}},"wdio_ui5_key":"etmportal.ui.manageyards.view.Newsap.m.Input{\"path\":\"\",\"propertyPath\":\"/SALES_AREA_SPART\",\"modelName\":\"NewYardModel\"}"}]}
RESULT: undefined
COMMAND: POST /session/7d4fbfd037fb9998338d13e3e1bba5cd/execute/async - {"script":"<script> [776 bytes]","args":[{"enterText":"C2","selector":{"controlType":"sap.m.Input","viewName":"etm.portal.ui.manageyards.view.New","viewId":"application-manageyards-display-component---NewYard","bindingPath":{"path":"","propertyPath":"/SALES_AREA_SPART","modelName":"NewYardModel"},"interaction":{"idSuffix":"inner"}},"clearTextFirst":true,"interactionType":"ENTER_TEXT"}]}
RESULT: {"script":"<script> [776 bytes]","args":[{"enterText":"C2","selector":{"controlType":"sap.m.Input","viewName":"etm.portal.ui.manageyards.view.New","viewId":"application-manageyards-display-component---NewYard","bindingPath":{"path":"","propertyPath":"/SALES_AREA_SPART","modelName":"NewYardModel"},"interaction":{"idSuffix":"inner"}},"clearTextFirst":true,"interactionType":"ENTER_TEXT"}]}
COMMAND: POST /session/7d4fbfd037fb9998338d13e3e1bba5cd/execute/async - {"script":"<script> [1562 bytes]","args":[{"selector":{"id":"application-manageyards-display-component---NewYard--whmCheckBox","interaction":{"idSuffix":"CbBg"}},"wdio_ui5_key":"applicationmanageyards-display-component---NewYard--whmCheckBox"}]}
RESULT: {"script":"<script> [1562 bytes]","args":[{"selector":{"id":"application-manageyards-display-component---NewYard--whmCheckBox","interaction":{"idSuffix":"CbBg"}},"wdio_ui5_key":"applicationmanageyards-display-component---NewYard--whmCheckBox"}]}
RESULT: undefined
COMMAND: POST /session/7d4fbfd037fb9998338d13e3e1bba5cd/element - {"using":"xpath","value":"//*[@id=\"application-manageyards-display-component---NewYard--whmCheckBox\"]"}
RESULT: {"using":"xpath","value":"//*[@id=\"application-manageyards-display-component---NewYard--whmCheckBox\"]"}
COMMAND: POST /session/7d4fbfd037fb9998338d13e3e1bba5cd/element/f.8197E7E82739F49E8E00421C1FF1176E.d.8B5DF943DCE6F22D2CD3359242484718.e.8573/click - {}
RESULT: {}
COMMAND: POST /session/7d4fbfd037fb9998338d13e3e1bba5cd/execute/async - {"script":"<script> [1562 bytes]","args":[{"selector":{"controlType":"sap.m.Button","viewName":"etm.portal.ui.manageyards.view.New","viewId":"application-manageyards-display-component---NewYard","i18NText":{"propertyName":"text","key":"save"},"interaction":{"idSuffix":"inner"}},"wdio_ui5_key":"etmportal.ui.manageyards.view.Newsap.m.Button{\"propertyName\":\"text\",\"key\":\"save\"}"}]}
COMMAND: GET /session/7d4fbfd037fb9998338d13e3e1bba5cd/screenshot - {}
RESULT: {"script":"<script> [1562 bytes]","args":[{"selector":{"controlType":"sap.m.Button","viewName":"etm.portal.ui.manageyards.view.New","viewId":"application-manageyards-display-component---NewYard","i18NText":{"propertyName":"text","key":"save"},"interaction":{"idSuffix":"inner"}},"wdio_ui5_key":"etmportal.ui.manageyards.view.Newsap.m.Button{\"propertyName\":\"text\",\"key\":\"save\"}"}]}
RESULT: undefined
COMMAND: POST /session/7d4fbfd037fb9998338d13e3e1bba5cd/element - {"using":"xpath","value":"//*[@id=\"__button18\"]"}
RESULT: {}
RESULT: {"using":"xpath","value":"//*[@id=\"__button18\"]"}
COMMAND: POST /session/7d4fbfd037fb9998338d13e3e1bba5cd/element/f.8197E7E82739F49E8E00421C1FF1176E.d.8B5DF943DCE6F22D2CD3359242484718.e.8490/click - {}
RESULT: {}
COMMAND: GET /session/7d4fbfd037fb9998338d13e3e1bba5cd/screenshot - {}
RESULT: {}
COMMAND: POST /session/7d4fbfd037fb9998338d13e3e1bba5cd/element - {"using":"css selector","value":"#shell-header-logo"}
RESULT: {"using":"css selector","value":"#shell-header-logo"}
COMMAND: POST /session/7d4fbfd037fb9998338d13e3e1bba5cd/element/f.8197E7E82739F49E8E00421C1FF1176E.d.8B5DF943DCE6F22D2CD3359242484718.e.8043/click - {}
RESULT: {}
COMMAND: GET /session/7d4fbfd037fb9998338d13e3e1bba5cd/screenshot - {}
RESULT: {}
COMMAND: POST /session/7d4fbfd037fb9998338d13e3e1bba5cd/refresh - {}
RESULT: {}
COMMAND: GET /session/7d4fbfd037fb9998338d13e3e1bba5cd/screenshot - {}
RESULT: {}
COMMAND: POST /session/7d4fbfd037fb9998338d13e3e1bba5cd/execute/async - {"script":"<script> [189 bytes]","args":[]}
RESULT: {"script":"<script> [189 bytes]","args":[]}
COMMAND: POST /session/7d4fbfd037fb9998338d13e3e1bba5cd/execute/async - {"script":"<script> [123 bytes]","args":[]}
RESULT: {"script":"<script> [123 bytes]","args":[]}
COMMAND: POST /session/7d4fbfd037fb9998338d13e3e1bba5cd/timeouts - {"script":"<number>"}
RESULT: {"script":"<number>"}
COMMAND: GET /session/7d4fbfd037fb9998338d13e3e1bba5cd/timeouts - {}
RESULT: {}
RESULT: undefined
COMMAND: POST /session/7d4fbfd037fb9998338d13e3e1bba5cd/execute/async - {"script":"<script> [2676 bytes]","args":[]}
RESULT: {"script":"<script> [2676 bytes]","args":[]}
COMMAND: POST /session/7d4fbfd037fb9998338d13e3e1bba5cd/execute/async - {"script":"<script> [2342 bytes]","args":[{"protocol":"http","hostname":"0.0.0.0","path":"/","capabilities":{"browserName":"chrome","goog:chromeOptions":{"binary":"C:\\Program Files\\Google\\Chrome\\Application\\chrome.exe","args":["--start-maximized"]}},"logLevel":"warn","connectionRetryTimeout":120000,"connectionRetryCount":3,"logLevels":{},"enableDirectConnect":true,"strictSSL":true,"_":"65 more keys: [\"cacheDir\",\"port\",\"requestedCapabilities\",\"automationProtocol\",\"baseUrl\",\"waitforInterval\",\"waitforTimeout\",\"onReload\",\"beforeCommand\",\"afterCommand\",\"rootDir\",\"specs\",\"suites\",\"exclude\",\"groupLogsByTestSpec\",\"excludeDriverLogs\",\"bail\",\"framework\",\"reporters\",\"services\",\"maxInstances\",\"maxInstancesPerCapability\",\"injectGlobals\",\"filesToWatch\",\"execArgv\",\"runnerEnv\",\"runner\",\"shard\",\"specFileRetries\",\"specFileRetriesDelay\",\"specFileRetriesDeferred\",\"reporterSyncInterval\",\"reporterSyncTimeout\",\"cucumberFeaturesWithLineNumbers\",\"autoCompileOpts\",\"mochaOpts\",\"jasmineOpts\",\"cucumberOpts\",\"onPrepare\",\"onWorkerStart\",\"onWorkerEnd\",\"before\",\"beforeSession\",\"beforeSuite\",\"beforeHook\",\"beforeTest\",\"afterTest\",\"afterHook\",\"afterSuite\",\"afterSession\",\"after\",\"onComplete\",\"beforeAssertion\",\"afterAssertion\",\"beforeFeature\",\"beforeScenario\",\"beforeStep\",\"afterStep\",\"afterScenario\",\"afterFeature\",\"_\",\"suite\",\"$0\",\"ignoredWorkerServices\",\"wdi5\"]"}]}
RESULT: {"script":"<script> [2342 bytes]","args":[{"protocol":"http","hostname":"0.0.0.0","path":"/","capabilities":{"browserName":"chrome","goog:chromeOptions":{"binary":"C:\\Program Files\\Google\\Chrome\\Application\\chrome.exe","args":["--start-maximized"]}},"logLevel":"warn","connectionRetryTimeout":120000,"connectionRetryCount":3,"logLevels":{},"enableDirectConnect":true,"strictSSL":true,"_":"65 more keys: [\"cacheDir\",\"port\",\"requestedCapabilities\",\"automationProtocol\",\"baseUrl\",\"waitforInterval\",\"waitforTimeout\",\"onReload\",\"beforeCommand\",\"afterCommand\",\"rootDir\",\"specs\",\"suites\",\"exclude\",\"groupLogsByTestSpec\",\"excludeDriverLogs\",\"bail\",\"framework\",\"reporters\",\"services\",\"maxInstances\",\"maxInstancesPerCapability\",\"injectGlobals\",\"filesToWatch\",\"execArgv\",\"runnerEnv\",\"runner\",\"shard\",\"specFileRetries\",\"specFileRetriesDelay\",\"specFileRetriesDeferred\",\"reporterSyncInterval\",\"reporterSyncTimeout\",\"cucumberFeaturesWithLineNumbers\",\"autoCompileOpts\",\"mochaOpts\",\"jasmineOpts\",\"cucumberOpts\",\"onPrepare\",\"onWorkerStart\",\"onWorkerEnd\",\"before\",\"beforeSession\",\"beforeSuite\",\"beforeHook\",\"beforeTest\",\"afterTest\",\"afterHook\",\"afterSuite\",\"afterSession\",\"after\",\"onComplete\",\"beforeAssertion\",\"afterAssertion\",\"beforeFeature\",\"beforeScenario\",\"beforeStep\",\"afterStep\",\"afterScenario\",\"afterFeature\",\"_\",\"suite\",\"$0\",\"ignoredWorkerServices\",\"wdi5\"]"}]}
COMMAND: POST /session/7d4fbfd037fb9998338d13e3e1bba5cd/execute/async - {"script":"<script> [21126 bytes]","args":[35000]}
RESULT: {"script":"<script> [21126 bytes]","args":[35000]}
]]></system-out>
    </testcase>
    <testcase classname="chrome.135_0_7049_96.windows.Warehouse_movements_inventory_test" name="Should create a new warehouse organization" time="55.76">
      <system-out><![CDATA[
COMMAND: POST /session/7d4fbfd037fb9998338d13e3e1bba5cd/execute/async - {"script":"<script> [1562 bytes]","args":[{"selector":{"controlType":"sap.m.GenericTile","properties":{"header":"Bin Status Report"}},"wdio_ui5_key":"sapm.GenericTile{\"header\":\"Bin Status Report\"}"}]}
RESULT: {"script":"<script> [1562 bytes]","args":[{"selector":{"controlType":"sap.m.GenericTile","properties":{"header":"Bin Status Report"}},"wdio_ui5_key":"sapm.GenericTile{\"header\":\"Bin Status Report\"}"}]}
RESULT: undefined
COMMAND: POST /session/7d4fbfd037fb9998338d13e3e1bba5cd/element - {"using":"xpath","value":"//*[@id=\"__tile104\"]"}
RESULT: {"using":"xpath","value":"//*[@id=\"__tile104\"]"}
COMMAND: POST /session/7d4fbfd037fb9998338d13e3e1bba5cd/element/f.8197E7E82739F49E8E00421C1FF1176E.d.0C4CD191052988660E2CB6784B12BFE5.e.8790/click - {}
RESULT: {}
COMMAND: GET /session/7d4fbfd037fb9998338d13e3e1bba5cd/screenshot - {}
RESULT: {}
COMMAND: POST /session/7d4fbfd037fb9998338d13e3e1bba5cd/execute/async - {"script":"<script> [1562 bytes]","args":[{"selector":{"id":"application-binstatusreport-display-component---warehousing--createOrgBtn","interaction":{"idSuffix":"BDI-content"}},"wdio_ui5_key":"applicationbinstatusreport-display-component---warehousing--createOrgBtn"}]}
RESULT: {"script":"<script> [1562 bytes]","args":[{"selector":{"id":"application-binstatusreport-display-component---warehousing--createOrgBtn","interaction":{"idSuffix":"BDI-content"}},"wdio_ui5_key":"applicationbinstatusreport-display-component---warehousing--createOrgBtn"}]}
RESULT: undefined
COMMAND: POST /session/7d4fbfd037fb9998338d13e3e1bba5cd/element - {"using":"xpath","value":"//*[@id=\"application-binstatusreport-display-component---warehousing--createOrgBtn\"]"}
RESULT: {"using":"xpath","value":"//*[@id=\"application-binstatusreport-display-component---warehousing--createOrgBtn\"]"}
COMMAND: POST /session/7d4fbfd037fb9998338d13e3e1bba5cd/element/f.8197E7E82739F49E8E00421C1FF1176E.d.0C4CD191052988660E2CB6784B12BFE5.e.8836/click - {}
RESULT: {}
COMMAND: GET /session/7d4fbfd037fb9998338d13e3e1bba5cd/screenshot - {}
RESULT: {}
COMMAND: POST /session/7d4fbfd037fb9998338d13e3e1bba5cd/execute/async - {"script":"<script> [1562 bytes]","args":[{"selector":{"id":"createOrganizationPop--sectionInput","searchOpenDialogs":true,"interaction":{"idSuffix":"inner"}},"wdio_ui5_key":"createOrganizationPopsectionInput"}]}
RESULT: {"script":"<script> [1562 bytes]","args":[{"selector":{"id":"createOrganizationPop--sectionInput","searchOpenDialogs":true,"interaction":{"idSuffix":"inner"}},"wdio_ui5_key":"createOrganizationPopsectionInput"}]}
RESULT: undefined
COMMAND: POST /session/7d4fbfd037fb9998338d13e3e1bba5cd/execute/async - {"script":"<script> [776 bytes]","args":[{"enterText":"Secycxwa","selector":{"id":"createOrganizationPop--sectionInput","searchOpenDialogs":true,"interaction":{"idSuffix":"inner"}},"clearTextFirst":true,"interactionType":"ENTER_TEXT"}]}
RESULT: {"script":"<script> [776 bytes]","args":[{"enterText":"Secycxwa","selector":{"id":"createOrganizationPop--sectionInput","searchOpenDialogs":true,"interaction":{"idSuffix":"inner"}},"clearTextFirst":true,"interactionType":"ENTER_TEXT"}]}
COMMAND: POST /session/7d4fbfd037fb9998338d13e3e1bba5cd/execute/async - {"script":"<script> [1562 bytes]","args":[{"selector":{"id":"createOrganizationPop--descriptionInput","searchOpenDialogs":true,"interaction":{"idSuffix":"inner"}},"wdio_ui5_key":"createOrganizationPopdescriptionInput"}]}
RESULT: {"script":"<script> [1562 bytes]","args":[{"selector":{"id":"createOrganizationPop--descriptionInput","searchOpenDialogs":true,"interaction":{"idSuffix":"inner"}},"wdio_ui5_key":"createOrganizationPopdescriptionInput"}]}
RESULT: undefined
COMMAND: POST /session/7d4fbfd037fb9998338d13e3e1bba5cd/execute/async - {"script":"<script> [776 bytes]","args":[{"enterText":"OrgName17tyx","selector":{"id":"createOrganizationPop--descriptionInput","searchOpenDialogs":true,"interaction":{"idSuffix":"inner"}},"clearTextFirst":true,"interactionType":"ENTER_TEXT"}]}
RESULT: {"script":"<script> [776 bytes]","args":[{"enterText":"OrgName17tyx","selector":{"id":"createOrganizationPop--descriptionInput","searchOpenDialogs":true,"interaction":{"idSuffix":"inner"}},"clearTextFirst":true,"interactionType":"ENTER_TEXT"}]}
COMMAND: POST /session/7d4fbfd037fb9998338d13e3e1bba5cd/element - {"using":"xpath","value":"//input[contains(@id ,\"createOrganizationPop--yardOrg-inner\")]"}
RESULT: {"using":"xpath","value":"//input[contains(@id ,\"createOrganizationPop--yardOrg-inner\")]"}
COMMAND: POST /session/7d4fbfd037fb9998338d13e3e1bba5cd/element/f.8197E7E82739F49E8E00421C1FF1176E.d.0C4CD191052988660E2CB6784B12BFE5.e.8872/clear - {}
RESULT: {}
COMMAND: POST /session/7d4fbfd037fb9998338d13e3e1bba5cd/element/f.8197E7E82739F49E8E00421C1FF1176E.d.0C4CD191052988660E2CB6784B12BFE5.e.8872/value - {"text":"WebdriverWHMYardfg2is"}
COMMAND: GET /session/7d4fbfd037fb9998338d13e3e1bba5cd/screenshot - {}
RESULT: {"text":"WebdriverWHMYardfg2is"}
COMMAND: GET /session/7d4fbfd037fb9998338d13e3e1bba5cd/screenshot - {}
RESULT: {}
RESULT: {}
COMMAND: POST /session/7d4fbfd037fb9998338d13e3e1bba5cd/actions - {"actions":[{"id":"action30","type":"key","parameters":{},"actions":[{"type":"keyDown","value":"î€‡"},{"type":"pause","duration":10},{"type":"keyUp","value":"î€‡"}]}]}
RESULT: {"actions":[{"id":"action30","type":"key","parameters":{},"actions":[{"type":"keyDown","value":"î€‡"},{"type":"pause","duration":10},{"type":"keyUp","value":"î€‡"}]}]}
COMMAND: GET /session/7d4fbfd037fb9998338d13e3e1bba5cd/screenshot - {}
RESULT: {}
COMMAND: POST /session/7d4fbfd037fb9998338d13e3e1bba5cd/execute/async - {"script":"<script> [1562 bytes]","args":[{"selector":{"id":"createOrganizationPop--grZone","searchOpenDialogs":true,"interaction":{"idSuffix":"CbBg"}},"wdio_ui5_key":"createOrganizationPopgrZone"}]}
RESULT: {"script":"<script> [1562 bytes]","args":[{"selector":{"id":"createOrganizationPop--grZone","searchOpenDialogs":true,"interaction":{"idSuffix":"CbBg"}},"wdio_ui5_key":"createOrganizationPopgrZone"}]}
RESULT: undefined
COMMAND: POST /session/7d4fbfd037fb9998338d13e3e1bba5cd/element - {"using":"xpath","value":"//*[@id=\"createOrganizationPop--grZone\"]"}
RESULT: {"using":"xpath","value":"//*[@id=\"createOrganizationPop--grZone\"]"}
COMMAND: POST /session/7d4fbfd037fb9998338d13e3e1bba5cd/element/f.8197E7E82739F49E8E00421C1FF1176E.d.0C4CD191052988660E2CB6784B12BFE5.e.8894/click - {}
RESULT: {}
COMMAND: POST /session/7d4fbfd037fb9998338d13e3e1bba5cd/execute/async - {"script":"<script> [1562 bytes]","args":[{"selector":{"id":"createOrganizationPop--giZone","searchOpenDialogs":true,"interaction":{"idSuffix":"CbBg"}},"wdio_ui5_key":"createOrganizationPopgiZone"}]}
COMMAND: GET /session/7d4fbfd037fb9998338d13e3e1bba5cd/screenshot - {}
RESULT: {"script":"<script> [1562 bytes]","args":[{"selector":{"id":"createOrganizationPop--giZone","searchOpenDialogs":true,"interaction":{"idSuffix":"CbBg"}},"wdio_ui5_key":"createOrganizationPopgiZone"}]}
RESULT: undefined
COMMAND: POST /session/7d4fbfd037fb9998338d13e3e1bba5cd/element - {"using":"xpath","value":"//*[@id=\"createOrganizationPop--giZone\"]"}
RESULT: {}
RESULT: {"using":"xpath","value":"//*[@id=\"createOrganizationPop--giZone\"]"}
COMMAND: POST /session/7d4fbfd037fb9998338d13e3e1bba5cd/element/f.8197E7E82739F49E8E00421C1FF1176E.d.0C4CD191052988660E2CB6784B12BFE5.e.8896/click - {}
RESULT: {}
COMMAND: POST /session/7d4fbfd037fb9998338d13e3e1bba5cd/execute/async - {"script":"<script> [1562 bytes]","args":[{"selector":{"id":"createOrganizationPop--binNoInput","searchOpenDialogs":true,"interaction":{"idSuffix":"inner"}},"wdio_ui5_key":"createOrganizationPopbinNoInput"}]}
COMMAND: GET /session/7d4fbfd037fb9998338d13e3e1bba5cd/screenshot - {}
RESULT: {"script":"<script> [1562 bytes]","args":[{"selector":{"id":"createOrganizationPop--binNoInput","searchOpenDialogs":true,"interaction":{"idSuffix":"inner"}},"wdio_ui5_key":"createOrganizationPopbinNoInput"}]}
RESULT: undefined
COMMAND: POST /session/7d4fbfd037fb9998338d13e3e1bba5cd/execute/async - {"script":"<script> [776 bytes]","args":[{"enterText":"Binghh5p","selector":{"id":"createOrganizationPop--binNoInput","searchOpenDialogs":true,"interaction":{"idSuffix":"inner"}},"clearTextFirst":true,"interactionType":"ENTER_TEXT"}]}
RESULT: {}
RESULT: {"script":"<script> [776 bytes]","args":[{"enterText":"Binghh5p","selector":{"id":"createOrganizationPop--binNoInput","searchOpenDialogs":true,"interaction":{"idSuffix":"inner"}},"clearTextFirst":true,"interactionType":"ENTER_TEXT"}]}
COMMAND: POST /session/7d4fbfd037fb9998338d13e3e1bba5cd/execute/async - {"script":"<script> [1562 bytes]","args":[{"selector":{"id":"createOrganizationPop--descriptionId","searchOpenDialogs":true,"interaction":{"idSuffix":"inner"}},"wdio_ui5_key":"createOrganizationPopdescriptionId"}]}
RESULT: {"script":"<script> [1562 bytes]","args":[{"selector":{"id":"createOrganizationPop--descriptionId","searchOpenDialogs":true,"interaction":{"idSuffix":"inner"}},"wdio_ui5_key":"createOrganizationPopdescriptionId"}]}
RESULT: undefined
COMMAND: POST /session/7d4fbfd037fb9998338d13e3e1bba5cd/execute/async - {"script":"<script> [776 bytes]","args":[{"enterText":"Binvrok1","selector":{"id":"createOrganizationPop--descriptionId","searchOpenDialogs":true,"interaction":{"idSuffix":"inner"}},"clearTextFirst":true,"interactionType":"ENTER_TEXT"}]}
RESULT: {"script":"<script> [776 bytes]","args":[{"enterText":"Binvrok1","selector":{"id":"createOrganizationPop--descriptionId","searchOpenDialogs":true,"interaction":{"idSuffix":"inner"}},"clearTextFirst":true,"interactionType":"ENTER_TEXT"}]}
COMMAND: POST /session/7d4fbfd037fb9998338d13e3e1bba5cd/execute/async - {"script":"<script> [1562 bytes]","args":[{"selector":{"controlType":"sap.m.CheckBox","viewName":"etm.portal.ui.binstatusreport.view.MasterWareBins","viewId":"application-binstatusreport-display-component---warehousing","bindingPath":{"path":"","propertyPath":"/ZONE","modelName":"newBin"},"searchOpenDialogs":true,"interaction":{"idSuffix":"CbBg"}},"wdio_ui5_key":"etmportal.ui.binstatusreport.view.MasterWareBinssap.m.CheckBox{\"path\":\"\",\"propertyPath\":\"/ZONE\",\"modelName\":\"newBin\"}"}]}
RESULT: {"script":"<script> [1562 bytes]","args":[{"selector":{"controlType":"sap.m.CheckBox","viewName":"etm.portal.ui.binstatusreport.view.MasterWareBins","viewId":"application-binstatusreport-display-component---warehousing","bindingPath":{"path":"","propertyPath":"/ZONE","modelName":"newBin"},"searchOpenDialogs":true,"interaction":{"idSuffix":"CbBg"}},"wdio_ui5_key":"etmportal.ui.binstatusreport.view.MasterWareBinssap.m.CheckBox{\"path\":\"\",\"propertyPath\":\"/ZONE\",\"modelName\":\"newBin\"}"}]}
RESULT: undefined
COMMAND: POST /session/7d4fbfd037fb9998338d13e3e1bba5cd/element - {"using":"xpath","value":"//*[@id=\"__box12\"]"}
RESULT: {"using":"xpath","value":"//*[@id=\"__box12\"]"}
COMMAND: POST /session/7d4fbfd037fb9998338d13e3e1bba5cd/element/f.8197E7E82739F49E8E00421C1FF1176E.d.0C4CD191052988660E2CB6784B12BFE5.e.8900/click - {}
RESULT: {}
COMMAND: POST /session/7d4fbfd037fb9998338d13e3e1bba5cd/execute/async - {"script":"<script> [1562 bytes]","args":[{"selector":{"id":"createOrganizationPop--binTypesCB-arrow","searchOpenDialogs":true},"wdio_ui5_key":"createOrganizationPopbinTypesCB-arrow"}]}
COMMAND: GET /session/7d4fbfd037fb9998338d13e3e1bba5cd/screenshot - {}
RESULT: {"script":"<script> [1562 bytes]","args":[{"selector":{"id":"createOrganizationPop--binTypesCB-arrow","searchOpenDialogs":true},"wdio_ui5_key":"createOrganizationPopbinTypesCB-arrow"}]}
RESULT: undefined
COMMAND: POST /session/7d4fbfd037fb9998338d13e3e1bba5cd/element - {"using":"xpath","value":"//*[@id=\"createOrganizationPop--binTypesCB-arrow\"]"}
RESULT: {}
RESULT: {"using":"xpath","value":"//*[@id=\"createOrganizationPop--binTypesCB-arrow\"]"}
COMMAND: POST /session/7d4fbfd037fb9998338d13e3e1bba5cd/element/f.8197E7E82739F49E8E00421C1FF1176E.d.0C4CD191052988660E2CB6784B12BFE5.e.8901/click - {}
RESULT: {}
COMMAND: POST /session/7d4fbfd037fb9998338d13e3e1bba5cd/execute/async - {"script":"<script> [1562 bytes]","args":[{"selector":{"controlType":"sap.m.StandardListItem","viewName":"etm.portal.ui.binstatusreport.view.MasterWareBins","viewId":"application-binstatusreport-display-component---warehousing","properties":{"title":"1 - General / No capacity check"},"searchOpenDialogs":true,"interaction":{"idSuffix":"content"}},"wdio_ui5_key":"etmportal.ui.binstatusreport.view.MasterWareBinssap.m.StandardListItem{\"title\":\"1 - General / No capacity check\"}"}]}
COMMAND: GET /session/7d4fbfd037fb9998338d13e3e1bba5cd/screenshot - {}
RESULT: {"script":"<script> [1562 bytes]","args":[{"selector":{"controlType":"sap.m.StandardListItem","viewName":"etm.portal.ui.binstatusreport.view.MasterWareBins","viewId":"application-binstatusreport-display-component---warehousing","properties":{"title":"1 - General / No capacity check"},"searchOpenDialogs":true,"interaction":{"idSuffix":"content"}},"wdio_ui5_key":"etmportal.ui.binstatusreport.view.MasterWareBinssap.m.StandardListItem{\"title\":\"1 - General / No capacity check\"}"}]}
RESULT: undefined
COMMAND: POST /session/7d4fbfd037fb9998338d13e3e1bba5cd/element - {"using":"xpath","value":"//*[@id=\"__item79\"]"}
RESULT: {}
RESULT: {"using":"xpath","value":"//*[@id=\"__item79\"]"}
COMMAND: POST /session/7d4fbfd037fb9998338d13e3e1bba5cd/element/f.8197E7E82739F49E8E00421C1FF1176E.d.0C4CD191052988660E2CB6784B12BFE5.e.8903/click - {}
RESULT: {}
COMMAND: POST /session/7d4fbfd037fb9998338d13e3e1bba5cd/execute/async - {"script":"<script> [1562 bytes]","args":[{"selector":{"id":"createOrganizationPop--finishBtn","searchOpenDialogs":true,"interaction":{"idSuffix":"BDI-content"}},"wdio_ui5_key":"createOrganizationPopfinishBtn"}]}
COMMAND: GET /session/7d4fbfd037fb9998338d13e3e1bba5cd/screenshot - {}
RESULT: {"script":"<script> [1562 bytes]","args":[{"selector":{"id":"createOrganizationPop--finishBtn","searchOpenDialogs":true,"interaction":{"idSuffix":"BDI-content"}},"wdio_ui5_key":"createOrganizationPopfinishBtn"}]}
RESULT: undefined
COMMAND: POST /session/7d4fbfd037fb9998338d13e3e1bba5cd/element - {"using":"xpath","value":"//*[@id=\"createOrganizationPop--finishBtn\"]"}
RESULT: {}
RESULT: {"using":"xpath","value":"//*[@id=\"createOrganizationPop--finishBtn\"]"}
COMMAND: POST /session/7d4fbfd037fb9998338d13e3e1bba5cd/element/f.8197E7E82739F49E8E00421C1FF1176E.d.0C4CD191052988660E2CB6784B12BFE5.e.8905/click - {}
RESULT: {}
COMMAND: GET /session/7d4fbfd037fb9998338d13e3e1bba5cd/screenshot - {}
RESULT: {}
COMMAND: POST /session/7d4fbfd037fb9998338d13e3e1bba5cd/element - {"using":"css selector","value":"#shell-header-logo"}
RESULT: {"using":"css selector","value":"#shell-header-logo"}
COMMAND: POST /session/7d4fbfd037fb9998338d13e3e1bba5cd/element/f.8197E7E82739F49E8E00421C1FF1176E.d.0C4CD191052988660E2CB6784B12BFE5.e.8795/click - {}
RESULT: {}
COMMAND: GET /session/7d4fbfd037fb9998338d13e3e1bba5cd/screenshot - {}
RESULT: {}
]]></system-out>
    </testcase>
    <testcase classname="chrome.135_0_7049_96.windows.Warehouse_movements_inventory_test" name="Should Create new material for WHM yard" time="147.282">
      <system-out><![CDATA[
COMMAND: POST /session/7d4fbfd037fb9998338d13e3e1bba5cd/execute/async - {"script":"<script> [1562 bytes]","args":[{"selector":{"controlType":"sap.m.GenericTile","properties":{"header":"Manage Resources"}},"wdio_ui5_key":"sapm.GenericTile{\"header\":\"Manage Resources\"}"}]}
RESULT: {"script":"<script> [1562 bytes]","args":[{"selector":{"controlType":"sap.m.GenericTile","properties":{"header":"Manage Resources"}},"wdio_ui5_key":"sapm.GenericTile{\"header\":\"Manage Resources\"}"}]}
RESULT: undefined
COMMAND: POST /session/7d4fbfd037fb9998338d13e3e1bba5cd/element - {"using":"xpath","value":"//*[@id=\"__tile39\"]"}
RESULT: {"using":"xpath","value":"//*[@id=\"__tile39\"]"}
COMMAND: POST /session/7d4fbfd037fb9998338d13e3e1bba5cd/element/f.8197E7E82739F49E8E00421C1FF1176E.d.0C4CD191052988660E2CB6784B12BFE5.e.8913/click - {}
RESULT: {}
COMMAND: GET /session/7d4fbfd037fb9998338d13e3e1bba5cd/screenshot - {}
COMMAND: POST /session/7d4fbfd037fb9998338d13e3e1bba5cd/element - {"using":"xpath","value":"//button[@data-kt=\"addNewRUOverflowToolbarButton\"]"}
RESULT: {}
RESULT: {"using":"xpath","value":"//button[@data-kt=\"addNewRUOverflowToolbarButton\"]"}
COMMAND: POST /session/7d4fbfd037fb9998338d13e3e1bba5cd/execute/sync - {"script":"<script> [8489 bytes]","args":[{"element-6066-11e4-a52e-4f735466cecf":"f.8197E7E82739F49E8E00421C1FF1176E.d.0C4CD191052988660E2CB6784B12BFE5.e.8955","ELEMENT":"f.8197E7E82739F49E8E00421C1FF1176E.d.0C4CD191052988660E2CB6784B12BFE5.e.8955"}]}
RESULT: {"script":"<script> [8489 bytes]","args":[{"element-6066-11e4-a52e-4f735466cecf":"f.8197E7E82739F49E8E00421C1FF1176E.d.0C4CD191052988660E2CB6784B12BFE5.e.8955","ELEMENT":"f.8197E7E82739F49E8E00421C1FF1176E.d.0C4CD191052988660E2CB6784B12BFE5.e.8955"}]}
COMMAND: POST /session/7d4fbfd037fb9998338d13e3e1bba5cd/element/f.8197E7E82739F49E8E00421C1FF1176E.d.0C4CD191052988660E2CB6784B12BFE5.e.8955/click - {}
COMMAND: GET /session/7d4fbfd037fb9998338d13e3e1bba5cd/screenshot - {}
RESULT: {}
COMMAND: POST /session/7d4fbfd037fb9998338d13e3e1bba5cd/execute/async - {"script":"<script> [1562 bytes]","args":[{"selector":{"id":"application-manageresources-display-component---newResourceUnit--TYPE-arrow"},"wdio_ui5_key":"applicationmanageresources-display-component---newResourceUnit--TYPE-arrow"}]}
COMMAND: GET /session/7d4fbfd037fb9998338d13e3e1bba5cd/screenshot - {}
RESULT: {}
RESULT: {"script":"<script> [1562 bytes]","args":[{"selector":{"id":"application-manageresources-display-component---newResourceUnit--TYPE-arrow"},"wdio_ui5_key":"applicationmanageresources-display-component---newResourceUnit--TYPE-arrow"}]}
RESULT: undefined
COMMAND: POST /session/7d4fbfd037fb9998338d13e3e1bba5cd/element - {"using":"xpath","value":"//*[@id=\"application-manageresources-display-component---newResourceUnit--TYPE-arrow\"]"}
RESULT: {}
RESULT: {"using":"xpath","value":"//*[@id=\"application-manageresources-display-component---newResourceUnit--TYPE-arrow\"]"}
COMMAND: POST /session/7d4fbfd037fb9998338d13e3e1bba5cd/element/f.8197E7E82739F49E8E00421C1FF1176E.d.0C4CD191052988660E2CB6784B12BFE5.e.9274/click - {}
RESULT: {}
COMMAND: POST /session/7d4fbfd037fb9998338d13e3e1bba5cd/execute/async - {"script":"<script> [1562 bytes]","args":[{"selector":{"controlType":"sap.m.StandardListItem","viewName":"reusables.view.manageresources.NewResourceUnit","viewId":"application-manageresources-display-component---newResourceUnit","properties":{"title":"Material"},"searchOpenDialogs":true,"interaction":{"idSuffix":"titleText"}},"wdio_ui5_key":"reusablesview.manageresources.NewResourceUnitsap.m.StandardListItem{\"title\":\"Material\"}"}]}
COMMAND: GET /session/7d4fbfd037fb9998338d13e3e1bba5cd/screenshot - {}
RESULT: {"script":"<script> [1562 bytes]","args":[{"selector":{"controlType":"sap.m.StandardListItem","viewName":"reusables.view.manageresources.NewResourceUnit","viewId":"application-manageresources-display-component---newResourceUnit","properties":{"title":"Material"},"searchOpenDialogs":true,"interaction":{"idSuffix":"titleText"}},"wdio_ui5_key":"reusablesview.manageresources.NewResourceUnitsap.m.StandardListItem{\"title\":\"Material\"}"}]}
RESULT: undefined
COMMAND: POST /session/7d4fbfd037fb9998338d13e3e1bba5cd/element - {"using":"xpath","value":"//*[@id=\"__item209\"]"}
RESULT: {}
RESULT: {"using":"xpath","value":"//*[@id=\"__item209\"]"}
COMMAND: POST /session/7d4fbfd037fb9998338d13e3e1bba5cd/element/f.8197E7E82739F49E8E00421C1FF1176E.d.0C4CD191052988660E2CB6784B12BFE5.e.9277/click - {}
RESULT: {}
COMMAND: POST /session/7d4fbfd037fb9998338d13e3e1bba5cd/execute/async - {"script":"<script> [1562 bytes]","args":[{"selector":{"id":"application-manageresources-display-component---newResourceUnit--SHORT_TEXT","interaction":{"idSuffix":"inner"}},"wdio_ui5_key":"applicationmanageresources-display-component---newResourceUnit--SHORT_TEXT"}]}
COMMAND: GET /session/7d4fbfd037fb9998338d13e3e1bba5cd/screenshot - {}
RESULT: {"script":"<script> [1562 bytes]","args":[{"selector":{"id":"application-manageresources-display-component---newResourceUnit--SHORT_TEXT","interaction":{"idSuffix":"inner"}},"wdio_ui5_key":"applicationmanageresources-display-component---newResourceUnit--SHORT_TEXT"}]}
RESULT: undefined
COMMAND: POST /session/7d4fbfd037fb9998338d13e3e1bba5cd/execute/async - {"script":"<script> [776 bytes]","args":[{"enterText":"WebdriverRUR2C5g558","selector":{"id":"application-manageresources-display-component---newResourceUnit--SHORT_TEXT","interaction":{"idSuffix":"inner"}},"clearTextFirst":true,"interactionType":"ENTER_TEXT"}]}
RESULT: {}
RESULT: {"script":"<script> [776 bytes]","args":[{"enterText":"WebdriverRUR2C5g558","selector":{"id":"application-manageresources-display-component---newResourceUnit--SHORT_TEXT","interaction":{"idSuffix":"inner"}},"clearTextFirst":true,"interactionType":"ENTER_TEXT"}]}
COMMAND: POST /session/7d4fbfd037fb9998338d13e3e1bba5cd/execute/async - {"script":"<script> [1562 bytes]","args":[{"selector":{"id":"application-manageresources-display-component---newResourceUnit--BASE_UNIT_OF_MEASURE-arrow"},"wdio_ui5_key":"applicationmanageresources-display-component---newResourceUnit--BASE_UNIT_OF_MEASURE-arrow"}]}
RESULT: {"script":"<script> [1562 bytes]","args":[{"selector":{"id":"application-manageresources-display-component---newResourceUnit--BASE_UNIT_OF_MEASURE-arrow"},"wdio_ui5_key":"applicationmanageresources-display-component---newResourceUnit--BASE_UNIT_OF_MEASURE-arrow"}]}
RESULT: undefined
COMMAND: POST /session/7d4fbfd037fb9998338d13e3e1bba5cd/element - {"using":"xpath","value":"//*[@id=\"application-manageresources-display-component---newResourceUnit--BASE_UNIT_OF_MEASURE-arrow\"]"}
RESULT: {"using":"xpath","value":"//*[@id=\"application-manageresources-display-component---newResourceUnit--BASE_UNIT_OF_MEASURE-arrow\"]"}
COMMAND: POST /session/7d4fbfd037fb9998338d13e3e1bba5cd/element/f.8197E7E82739F49E8E00421C1FF1176E.d.0C4CD191052988660E2CB6784B12BFE5.e.9333/click - {}
RESULT: {}
COMMAND: POST /session/7d4fbfd037fb9998338d13e3e1bba5cd/execute/async - {"script":"<script> [1562 bytes]","args":[{"selector":{"controlType":"sap.m.StandardListItem","viewName":"reusables.view.manageresources.NewResourceUnit","viewId":"application-manageresources-display-component---newResourceUnit","properties":{"title":"Piece"},"searchOpenDialogs":true,"interaction":{"idSuffix":"titleText"}},"wdio_ui5_key":"reusablesview.manageresources.NewResourceUnitsap.m.StandardListItem{\"title\":\"Piece\"}"}]}
COMMAND: GET /session/7d4fbfd037fb9998338d13e3e1bba5cd/screenshot - {}
RESULT: {"script":"<script> [1562 bytes]","args":[{"selector":{"controlType":"sap.m.StandardListItem","viewName":"reusables.view.manageresources.NewResourceUnit","viewId":"application-manageresources-display-component---newResourceUnit","properties":{"title":"Piece"},"searchOpenDialogs":true,"interaction":{"idSuffix":"titleText"}},"wdio_ui5_key":"reusablesview.manageresources.NewResourceUnitsap.m.StandardListItem{\"title\":\"Piece\"}"}]}
RESULT: undefined
COMMAND: POST /session/7d4fbfd037fb9998338d13e3e1bba5cd/element - {"using":"xpath","value":"//*[@id=\"__item253\"]"}
RESULT: {}
RESULT: {"using":"xpath","value":"//*[@id=\"__item253\"]"}
COMMAND: POST /session/7d4fbfd037fb9998338d13e3e1bba5cd/element/f.8197E7E82739F49E8E00421C1FF1176E.d.0C4CD191052988660E2CB6784B12BFE5.e.9335/click - {}
RESULT: {}
COMMAND: POST /session/7d4fbfd037fb9998338d13e3e1bba5cd/element - {"using":"xpath","value":"//input[contains(@id ,\"application-manageresources-display-component---newResourceUnit--SHORT_TEXT-inner\")]"}
RESULT: {"using":"xpath","value":"//input[contains(@id ,\"application-manageresources-display-component---newResourceUnit--SHORT_TEXT-inner\")]"}
COMMAND: GET /session/7d4fbfd037fb9998338d13e3e1bba5cd/element/f.8197E7E82739F49E8E00421C1FF1176E.d.0C4CD191052988660E2CB6784B12BFE5.e.9294/property/value - {}
COMMAND: GET /session/7d4fbfd037fb9998338d13e3e1bba5cd/screenshot - {}
RESULT: {}
COMMAND: POST /session/7d4fbfd037fb9998338d13e3e1bba5cd/execute/async - {"script":"<script> [1562 bytes]","args":[{"selector":{"id":"application-manageresources-display-component---newResourceUnit--WEIGHT_UNIT-arrow"},"wdio_ui5_key":"applicationmanageresources-display-component---newResourceUnit--WEIGHT_UNIT-arrow"}]}
RESULT: {}
COMMAND: GET /session/7d4fbfd037fb9998338d13e3e1bba5cd/screenshot - {}
RESULT: {"script":"<script> [1562 bytes]","args":[{"selector":{"id":"application-manageresources-display-component---newResourceUnit--WEIGHT_UNIT-arrow"},"wdio_ui5_key":"applicationmanageresources-display-component---newResourceUnit--WEIGHT_UNIT-arrow"}]}
RESULT: undefined
COMMAND: POST /session/7d4fbfd037fb9998338d13e3e1bba5cd/element - {"using":"xpath","value":"//*[@id=\"application-manageresources-display-component---newResourceUnit--WEIGHT_UNIT-arrow\"]"}
RESULT: {}
RESULT: {"using":"xpath","value":"//*[@id=\"application-manageresources-display-component---newResourceUnit--WEIGHT_UNIT-arrow\"]"}
COMMAND: POST /session/7d4fbfd037fb9998338d13e3e1bba5cd/element/f.8197E7E82739F49E8E00421C1FF1176E.d.0C4CD191052988660E2CB6784B12BFE5.e.9336/click - {}
RESULT: {}
COMMAND: POST /session/7d4fbfd037fb9998338d13e3e1bba5cd/execute/async - {"script":"<script> [1562 bytes]","args":[{"selector":{"controlType":"sap.m.StandardListItem","viewName":"reusables.view.manageresources.NewResourceUnit","viewId":"application-manageresources-display-component---newResourceUnit","properties":{"title":"Gram"},"searchOpenDialogs":true,"interaction":{"idSuffix":"content"}},"wdio_ui5_key":"reusablesview.manageresources.NewResourceUnitsap.m.StandardListItem{\"title\":\"Gram\"}"}]}
COMMAND: GET /session/7d4fbfd037fb9998338d13e3e1bba5cd/screenshot - {}
RESULT: {"script":"<script> [1562 bytes]","args":[{"selector":{"controlType":"sap.m.StandardListItem","viewName":"reusables.view.manageresources.NewResourceUnit","viewId":"application-manageresources-display-component---newResourceUnit","properties":{"title":"Gram"},"searchOpenDialogs":true,"interaction":{"idSuffix":"content"}},"wdio_ui5_key":"reusablesview.manageresources.NewResourceUnitsap.m.StandardListItem{\"title\":\"Gram\"}"}]}
RESULT: undefined
COMMAND: POST /session/7d4fbfd037fb9998338d13e3e1bba5cd/element - {"using":"xpath","value":"//*[@id=\"__item318\"]"}
RESULT: {}
RESULT: {"using":"xpath","value":"//*[@id=\"__item318\"]"}
COMMAND: POST /session/7d4fbfd037fb9998338d13e3e1bba5cd/element/f.8197E7E82739F49E8E00421C1FF1176E.d.0C4CD191052988660E2CB6784B12BFE5.e.9338/click - {}
RESULT: {}
COMMAND: POST /session/7d4fbfd037fb9998338d13e3e1bba5cd/execute/async - {"script":"<script> [1562 bytes]","args":[{"selector":{"id":"application-manageresources-display-component---newResourceUnit--newRRUPage-OPHeaderContent-collapseBtn-img"},"wdio_ui5_key":"applicationmanageresources-display-component---newResourceUnit--newRRUPage-OPHeaderContent-collapseBtn-img"}]}
COMMAND: GET /session/7d4fbfd037fb9998338d13e3e1bba5cd/screenshot - {}
RESULT: {"script":"<script> [1562 bytes]","args":[{"selector":{"id":"application-manageresources-display-component---newResourceUnit--newRRUPage-OPHeaderContent-collapseBtn-img"},"wdio_ui5_key":"applicationmanageresources-display-component---newResourceUnit--newRRUPage-OPHeaderContent-collapseBtn-img"}]}
RESULT: undefined
COMMAND: POST /session/7d4fbfd037fb9998338d13e3e1bba5cd/element - {"using":"xpath","value":"//*[@id=\"application-manageresources-display-component---newResourceUnit--newRRUPage-OPHeaderContent-collapseBtn-img\"]"}
RESULT: {}
RESULT: {"using":"xpath","value":"//*[@id=\"application-manageresources-display-component---newResourceUnit--newRRUPage-OPHeaderContent-collapseBtn-img\"]"}
COMMAND: POST /session/7d4fbfd037fb9998338d13e3e1bba5cd/element/f.8197E7E82739F49E8E00421C1FF1176E.d.0C4CD191052988660E2CB6784B12BFE5.e.9284/click - {}
RESULT: {}
COMMAND: GET /session/7d4fbfd037fb9998338d13e3e1bba5cd/screenshot - {}
RESULT: {}
COMMAND: POST /session/7d4fbfd037fb9998338d13e3e1bba5cd/element - {"using":"xpath","value":"(//span[contains(@id ,\"application-manageresources-display-component---newResourceUnit--DIMENSION_UNIT-arrow\")])[1]"}
RESULT: {"using":"xpath","value":"(//span[contains(@id ,\"application-manageresources-display-component---newResourceUnit--DIMENSION_UNIT-arrow\")])[1]"}
COMMAND: POST /session/7d4fbfd037fb9998338d13e3e1bba5cd/element/f.8197E7E82739F49E8E00421C1FF1176E.d.0C4CD191052988660E2CB6784B12BFE5.e.9342/click - {}
RESULT: {}
COMMAND: GET /session/7d4fbfd037fb9998338d13e3e1bba5cd/screenshot - {}
RESULT: {}
COMMAND: POST /session/7d4fbfd037fb9998338d13e3e1bba5cd/execute/async - {"script":"<script> [1562 bytes]","args":[{"selector":{"controlType":"sap.m.StandardListItem","viewName":"reusables.view.manageresources.NewResourceUnit","viewId":"application-manageresources-display-component---newResourceUnit","properties":{"title":"Centimeter"},"searchOpenDialogs":true,"interaction":{"idSuffix":"titleText"}},"wdio_ui5_key":"reusablesview.manageresources.NewResourceUnitsap.m.StandardListItem{\"title\":\"Centimeter\"}"}]}
RESULT: {"script":"<script> [1562 bytes]","args":[{"selector":{"controlType":"sap.m.StandardListItem","viewName":"reusables.view.manageresources.NewResourceUnit","viewId":"application-manageresources-display-component---newResourceUnit","properties":{"title":"Centimeter"},"searchOpenDialogs":true,"interaction":{"idSuffix":"titleText"}},"wdio_ui5_key":"reusablesview.manageresources.NewResourceUnitsap.m.StandardListItem{\"title\":\"Centimeter\"}"}]}
RESULT: undefined
COMMAND: POST /session/7d4fbfd037fb9998338d13e3e1bba5cd/element - {"using":"xpath","value":"//*[@id=\"__item321\"]"}
RESULT: {"using":"xpath","value":"//*[@id=\"__item321\"]"}
COMMAND: POST /session/7d4fbfd037fb9998338d13e3e1bba5cd/element/f.8197E7E82739F49E8E00421C1FF1176E.d.0C4CD191052988660E2CB6784B12BFE5.e.9346/click - {}
RESULT: {}
COMMAND: POST /session/7d4fbfd037fb9998338d13e3e1bba5cd/execute/async - {"script":"<script> [1562 bytes]","args":[{"selector":{"id":"application-manageresources-display-component---newResourceUnit--newRRUPage-anchBar-application-manageresources-display-component---newResourceUnit--reference-anchor","interaction":{"idSuffix":"BDI-content"}},"wdio_ui5_key":"applicationmanageresources-display-component---newResourceUnit--newRRUPage-anchBar-application-manageresources-display-component---newResourceUnit--reference-anchor"}]}
COMMAND: GET /session/7d4fbfd037fb9998338d13e3e1bba5cd/screenshot - {}
RESULT: {"script":"<script> [1562 bytes]","args":[{"selector":{"id":"application-manageresources-display-component---newResourceUnit--newRRUPage-anchBar-application-manageresources-display-component---newResourceUnit--reference-anchor","interaction":{"idSuffix":"BDI-content"}},"wdio_ui5_key":"applicationmanageresources-display-component---newResourceUnit--newRRUPage-anchBar-application-manageresources-display-component---newResourceUnit--reference-anchor"}]}
RESULT: undefined
COMMAND: POST /session/7d4fbfd037fb9998338d13e3e1bba5cd/element - {"using":"xpath","value":"//*[@id=\"application-manageresources-display-component---newResourceUnit--newRRUPage-anchBar-application-manageresources-display-component---newResourceUnit--reference-anchor\"]"}
RESULT: {}
RESULT: {"using":"xpath","value":"//*[@id=\"application-manageresources-display-component---newResourceUnit--newRRUPage-anchBar-application-manageresources-display-component---newResourceUnit--reference-anchor\"]"}
COMMAND: POST /session/7d4fbfd037fb9998338d13e3e1bba5cd/element/f.8197E7E82739F49E8E00421C1FF1176E.d.0C4CD191052988660E2CB6784B12BFE5.e.9348/click - {}
RESULT: {}
COMMAND: POST /session/7d4fbfd037fb9998338d13e3e1bba5cd/execute/async - {"script":"<script> [1562 bytes]","args":[{"selector":{"id":"application-manageresources-display-component---newResourceUnit--PLANNING_GROUP-arrow"},"wdio_ui5_key":"applicationmanageresources-display-component---newResourceUnit--PLANNING_GROUP-arrow"}]}
COMMAND: GET /session/7d4fbfd037fb9998338d13e3e1bba5cd/screenshot - {}
RESULT: {"script":"<script> [1562 bytes]","args":[{"selector":{"id":"application-manageresources-display-component---newResourceUnit--PLANNING_GROUP-arrow"},"wdio_ui5_key":"applicationmanageresources-display-component---newResourceUnit--PLANNING_GROUP-arrow"}]}
RESULT: undefined
COMMAND: POST /session/7d4fbfd037fb9998338d13e3e1bba5cd/element - {"using":"xpath","value":"//*[@id=\"application-manageresources-display-component---newResourceUnit--PLANNING_GROUP-arrow\"]"}
RESULT: {}
RESULT: {"using":"xpath","value":"//*[@id=\"application-manageresources-display-component---newResourceUnit--PLANNING_GROUP-arrow\"]"}
COMMAND: POST /session/7d4fbfd037fb9998338d13e3e1bba5cd/element/f.8197E7E82739F49E8E00421C1FF1176E.d.0C4CD191052988660E2CB6784B12BFE5.e.9352/click - {}
RESULT: {}
COMMAND: POST /session/7d4fbfd037fb9998338d13e3e1bba5cd/execute/async - {"script":"<script> [1562 bytes]","args":[{"selector":{"controlType":"sap.m.StandardListItem","viewName":"reusables.view.manageresources.NewResourceUnit","viewId":"application-manageresources-display-component---newResourceUnit","properties":{"title":"Heavy Equi"},"searchOpenDialogs":true,"interaction":{"idSuffix":"content"}},"wdio_ui5_key":"reusablesview.manageresources.NewResourceUnitsap.m.StandardListItem{\"title\":\"Heavy Equi\"}"}]}
COMMAND: GET /session/7d4fbfd037fb9998338d13e3e1bba5cd/screenshot - {}
RESULT: {"script":"<script> [1562 bytes]","args":[{"selector":{"controlType":"sap.m.StandardListItem","viewName":"reusables.view.manageresources.NewResourceUnit","viewId":"application-manageresources-display-component---newResourceUnit","properties":{"title":"Heavy Equi"},"searchOpenDialogs":true,"interaction":{"idSuffix":"content"}},"wdio_ui5_key":"reusablesview.manageresources.NewResourceUnitsap.m.StandardListItem{\"title\":\"Heavy Equi\"}"}]}
RESULT: undefined
COMMAND: POST /session/7d4fbfd037fb9998338d13e3e1bba5cd/element - {"using":"xpath","value":"//*[@id=\"__item329\"]"}
RESULT: {}
RESULT: {"using":"xpath","value":"//*[@id=\"__item329\"]"}
COMMAND: POST /session/7d4fbfd037fb9998338d13e3e1bba5cd/element/f.8197E7E82739F49E8E00421C1FF1176E.d.0C4CD191052988660E2CB6784B12BFE5.e.9355/click - {}
RESULT: {}
COMMAND: GET /session/7d4fbfd037fb9998338d13e3e1bba5cd/screenshot - {}
RESULT: {}
COMMAND: POST /session/7d4fbfd037fb9998338d13e3e1bba5cd/execute/async - {"script":"<script> [1562 bytes]","args":[{"selector":{"id":"application-manageresources-display-component---newResourceUnit--PLANNING_INDICATOR-arrow"},"wdio_ui5_key":"applicationmanageresources-display-component---newResourceUnit--PLANNING_INDICATOR-arrow"}]}
RESULT: {"script":"<script> [1562 bytes]","args":[{"selector":{"id":"application-manageresources-display-component---newResourceUnit--PLANNING_INDICATOR-arrow"},"wdio_ui5_key":"applicationmanageresources-display-component---newResourceUnit--PLANNING_INDICATOR-arrow"}]}
RESULT: undefined
COMMAND: POST /session/7d4fbfd037fb9998338d13e3e1bba5cd/element - {"using":"xpath","value":"//*[@id=\"application-manageresources-display-component---newResourceUnit--PLANNING_INDICATOR-arrow\"]"}
RESULT: {"using":"xpath","value":"//*[@id=\"application-manageresources-display-component---newResourceUnit--PLANNING_INDICATOR-arrow\"]"}
COMMAND: POST /session/7d4fbfd037fb9998338d13e3e1bba5cd/element/f.8197E7E82739F49E8E00421C1FF1176E.d.0C4CD191052988660E2CB6784B12BFE5.e.9356/click - {}
RESULT: {}
COMMAND: POST /session/7d4fbfd037fb9998338d13e3e1bba5cd/execute/async - {"script":"<script> [1562 bytes]","args":[{"selector":{"controlType":"sap.m.StandardListItem","viewName":"reusables.view.manageresources.NewResourceUnit","viewId":"application-manageresources-display-component---newResourceUnit","properties":{"title":"10 - infinite"},"searchOpenDialogs":true,"interaction":{"idSuffix":"content"}},"wdio_ui5_key":"reusablesview.manageresources.NewResourceUnitsap.m.StandardListItem{\"title\":\"10 - infinite\"}"}]}
COMMAND: GET /session/7d4fbfd037fb9998338d13e3e1bba5cd/screenshot - {}
RESULT: {"script":"<script> [1562 bytes]","args":[{"selector":{"controlType":"sap.m.StandardListItem","viewName":"reusables.view.manageresources.NewResourceUnit","viewId":"application-manageresources-display-component---newResourceUnit","properties":{"title":"10 - infinite"},"searchOpenDialogs":true,"interaction":{"idSuffix":"content"}},"wdio_ui5_key":"reusablesview.manageresources.NewResourceUnitsap.m.StandardListItem{\"title\":\"10 - infinite\"}"}]}
RESULT: undefined
COMMAND: POST /session/7d4fbfd037fb9998338d13e3e1bba5cd/element - {"using":"xpath","value":"//*[@id=\"__item339\"]"}
RESULT: {}
RESULT: {"using":"xpath","value":"//*[@id=\"__item339\"]"}
COMMAND: POST /session/7d4fbfd037fb9998338d13e3e1bba5cd/element/f.8197E7E82739F49E8E00421C1FF1176E.d.0C4CD191052988660E2CB6784B12BFE5.e.9358/click - {}
RESULT: {}
COMMAND: GET /session/7d4fbfd037fb9998338d13e3e1bba5cd/screenshot - {}
RESULT: {}
COMMAND: POST /session/7d4fbfd037fb9998338d13e3e1bba5cd/element - {"using":"xpath","value":"//bdi[contains(text(), \"Time Segment\")]"}
RESULT: {"using":"xpath","value":"//bdi[contains(text(), \"Time Segment\")]"}
COMMAND: GET /session/7d4fbfd037fb9998338d13e3e1bba5cd/element/f.8197E7E82739F49E8E00421C1FF1176E.d.0C4CD191052988660E2CB6784B12BFE5.e.9359/rect - {}
RESULT: {}
COMMAND: GET /session/7d4fbfd037fb9998338d13e3e1bba5cd/window/rect - {}
RESULT: {}
COMMAND: POST /session/7d4fbfd037fb9998338d13e3e1bba5cd/execute/sync - {"script":"<script> [92 bytes]","args":[]}
RESULT: {"script":"<script> [92 bytes]","args":[]}
COMMAND: POST /session/7d4fbfd037fb9998338d13e3e1bba5cd/actions - {"actions":[{"id":"action31","type":"wheel","parameters":{},"actions":[{"type":"scroll","x":-1820,"y":-21,"deltaX":0,"deltaY":0,"duration":0,"origin":{"element-6066-11e4-a52e-4f735466cecf":"f.8197E7E82739F49E8E00421C1FF1176E.d.0C4CD191052988660E2CB6784B12BFE5.e.9359"}}]}]}
COMMAND: GET /session/7d4fbfd037fb9998338d13e3e1bba5cd/screenshot - {}
RESULT: {}
COMMAND: POST /session/7d4fbfd037fb9998338d13e3e1bba5cd/execute/sync - {"script":"<script> [79 bytes]","args":[{"element-6066-11e4-a52e-4f735466cecf":"f.8197E7E82739F49E8E00421C1FF1176E.d.0C4CD191052988660E2CB6784B12BFE5.e.9359","ELEMENT":"f.8197E7E82739F49E8E00421C1FF1176E.d.0C4CD191052988660E2CB6784B12BFE5.e.9359"},{"block":"start","inline":"nearest"}]}
RESULT: {"script":"<script> [79 bytes]","args":[{"element-6066-11e4-a52e-4f735466cecf":"f.8197E7E82739F49E8E00421C1FF1176E.d.0C4CD191052988660E2CB6784B12BFE5.e.9359","ELEMENT":"f.8197E7E82739F49E8E00421C1FF1176E.d.0C4CD191052988660E2CB6784B12BFE5.e.9359"},{"block":"start","inline":"nearest"}]}
COMMAND: GET /session/7d4fbfd037fb9998338d13e3e1bba5cd/screenshot - {}
RESULT: {}
COMMAND: POST /session/7d4fbfd037fb9998338d13e3e1bba5cd/element - {"using":"xpath","value":"//span[@id=\"application-manageresources-display-component---newResourceUnit--btnAddTimeSegment-img\"]"}
RESULT: {"using":"xpath","value":"//span[@id=\"application-manageresources-display-component---newResourceUnit--btnAddTimeSegment-img\"]"}
COMMAND: POST /session/7d4fbfd037fb9998338d13e3e1bba5cd/execute/sync - {"script":"<script> [8489 bytes]","args":[{"element-6066-11e4-a52e-4f735466cecf":"f.8197E7E82739F49E8E00421C1FF1176E.d.0C4CD191052988660E2CB6784B12BFE5.e.9362","ELEMENT":"f.8197E7E82739F49E8E00421C1FF1176E.d.0C4CD191052988660E2CB6784B12BFE5.e.9362"}]}
RESULT: {"script":"<script> [8489 bytes]","args":[{"element-6066-11e4-a52e-4f735466cecf":"f.8197E7E82739F49E8E00421C1FF1176E.d.0C4CD191052988660E2CB6784B12BFE5.e.9362","ELEMENT":"f.8197E7E82739F49E8E00421C1FF1176E.d.0C4CD191052988660E2CB6784B12BFE5.e.9362"}]}
COMMAND: POST /session/7d4fbfd037fb9998338d13e3e1bba5cd/element/f.8197E7E82739F49E8E00421C1FF1176E.d.0C4CD191052988660E2CB6784B12BFE5.e.9362/click - {}
COMMAND: GET /session/7d4fbfd037fb9998338d13e3e1bba5cd/screenshot - {}
RESULT: {}
COMMAND: GET /session/7d4fbfd037fb9998338d13e3e1bba5cd/screenshot - {}
COMMAND: POST /session/7d4fbfd037fb9998338d13e3e1bba5cd/element - {"using":"xpath","value":"//input[@id=\"application-manageresources-display-component---newResourceUnit--idRuTSAdmin-application-manageresources-display-component---newResourceUnit--RUTimeSegment-0-inner\"]"}
RESULT: {}
RESULT: {}
RESULT: {"using":"xpath","value":"//input[@id=\"application-manageresources-display-component---newResourceUnit--idRuTSAdmin-application-manageresources-display-component---newResourceUnit--RUTimeSegment-0-inner\"]"}
COMMAND: POST /session/7d4fbfd037fb9998338d13e3e1bba5cd/element/f.8197E7E82739F49E8E00421C1FF1176E.d.0C4CD191052988660E2CB6784B12BFE5.e.9365/clear - {}
RESULT: {}
COMMAND: POST /session/7d4fbfd037fb9998338d13e3e1bba5cd/element/f.8197E7E82739F49E8E00421C1FF1176E.d.0C4CD191052988660E2CB6784B12BFE5.e.9365/value - {"text":"WebdriverWHMYardfg2is"}
COMMAND: GET /session/7d4fbfd037fb9998338d13e3e1bba5cd/screenshot - {}
RESULT: {"text":"WebdriverWHMYardfg2is"}
COMMAND: GET /session/7d4fbfd037fb9998338d13e3e1bba5cd/screenshot - {}
RESULT: {}
RESULT: {}
COMMAND: POST /session/7d4fbfd037fb9998338d13e3e1bba5cd/actions - {"actions":[{"id":"action32","type":"key","parameters":{},"actions":[{"type":"keyDown","value":"î€‡"},{"type":"pause","duration":10},{"type":"keyUp","value":"î€‡"}]}]}
RESULT: {"actions":[{"id":"action32","type":"key","parameters":{},"actions":[{"type":"keyDown","value":"î€‡"},{"type":"pause","duration":10},{"type":"keyUp","value":"î€‡"}]}]}
COMMAND: GET /session/7d4fbfd037fb9998338d13e3e1bba5cd/screenshot - {}
RESULT: {}
COMMAND: POST /session/7d4fbfd037fb9998338d13e3e1bba5cd/execute/async - {"script":"<script> [1562 bytes]","args":[{"selector":{"controlType":"sap.m.Button","viewName":"reusables.view.manageresources.NewResourceUnit","viewId":"application-manageresources-display-component---newResourceUnit","i18NText":{"propertyName":"tooltip","key":"save"},"interaction":{"idSuffix":"BDI-content"}},"wdio_ui5_key":"reusablesview.manageresources.NewResourceUnitsap.m.Button{\"propertyName\":\"tooltip\",\"key\":\"save\"}"}]}
RESULT: {"script":"<script> [1562 bytes]","args":[{"selector":{"controlType":"sap.m.Button","viewName":"reusables.view.manageresources.NewResourceUnit","viewId":"application-manageresources-display-component---newResourceUnit","i18NText":{"propertyName":"tooltip","key":"save"},"interaction":{"idSuffix":"BDI-content"}},"wdio_ui5_key":"reusablesview.manageresources.NewResourceUnitsap.m.Button{\"propertyName\":\"tooltip\",\"key\":\"save\"}"}]}
RESULT: undefined
COMMAND: POST /session/7d4fbfd037fb9998338d13e3e1bba5cd/element - {"using":"xpath","value":"//*[@id=\"application-manageresources-display-component---newResourceUnit--createRuButton\"]"}
RESULT: {"using":"xpath","value":"//*[@id=\"application-manageresources-display-component---newResourceUnit--createRuButton\"]"}
COMMAND: POST /session/7d4fbfd037fb9998338d13e3e1bba5cd/element/f.8197E7E82739F49E8E00421C1FF1176E.d.0C4CD191052988660E2CB6784B12BFE5.e.9290/click - {}
RESULT: {}
COMMAND: GET /session/7d4fbfd037fb9998338d13e3e1bba5cd/screenshot - {}
RESULT: {}
COMMAND: POST /session/7d4fbfd037fb9998338d13e3e1bba5cd/execute/async - {"script":"<script> [1562 bytes]","args":[{"selector":{"controlType":"sap.m.Title","properties":{"text":"Success"},"searchOpenDialogs":true},"wdio_ui5_key":"sapm.Title{\"text\":\"Success\"}"}]}
RESULT: {"script":"<script> [1562 bytes]","args":[{"selector":{"controlType":"sap.m.Title","properties":{"text":"Success"},"searchOpenDialogs":true},"wdio_ui5_key":"sapm.Title{\"text\":\"Success\"}"}]}
RESULT: undefined
COMMAND: POST /session/7d4fbfd037fb9998338d13e3e1bba5cd/execute/async - {"script":"<script> [6424 bytes]","args":[{"element-6066-11e4-a52e-4f735466cecf":"f.8197E7E82739F49E8E00421C1FF1176E.d.0C4CD191052988660E2CB6784B12BFE5.e.9379"},"getText",[]]}
RESULT: {"script":"<script> [6424 bytes]","args":[{"element-6066-11e4-a52e-4f735466cecf":"f.8197E7E82739F49E8E00421C1FF1176E.d.0C4CD191052988660E2CB6784B12BFE5.e.9379"},"getText",[]]}
COMMAND: POST /session/7d4fbfd037fb9998338d13e3e1bba5cd/element - {"using":"xpath","value":"//*[contains(@id, '__text') and (contains(text(), 'successfully created') or contains(., 'successfully created'))]"}
RESULT: {"using":"xpath","value":"//*[contains(@id, '__text') and (contains(text(), 'successfully created') or contains(., 'successfully created'))]"}
COMMAND: GET /session/7d4fbfd037fb9998338d13e3e1bba5cd/element/f.8197E7E82739F49E8E00421C1FF1176E.d.0C4CD191052988660E2CB6784B12BFE5.e.9377/text - {}
RESULT: {}
COMMAND: POST /session/7d4fbfd037fb9998338d13e3e1bba5cd/execute/async - {"script":"<script> [1562 bytes]","args":[{"selector":{"controlType":"sap.m.Button","properties":{"text":"Close"},"searchOpenDialogs":true,"interaction":{"idSuffix":"BDI-content"}},"wdio_ui5_key":"sapm.Button{\"text\":\"Close\"}"}]}
RESULT: {"script":"<script> [1562 bytes]","args":[{"selector":{"controlType":"sap.m.Button","properties":{"text":"Close"},"searchOpenDialogs":true,"interaction":{"idSuffix":"BDI-content"}},"wdio_ui5_key":"sapm.Button{\"text\":\"Close\"}"}]}
RESULT: undefined
COMMAND: POST /session/7d4fbfd037fb9998338d13e3e1bba5cd/element - {"using":"xpath","value":"//*[@id=\"__mbox-btn-0\"]"}
RESULT: {"using":"xpath","value":"//*[@id=\"__mbox-btn-0\"]"}
COMMAND: POST /session/7d4fbfd037fb9998338d13e3e1bba5cd/element/f.8197E7E82739F49E8E00421C1FF1176E.d.0C4CD191052988660E2CB6784B12BFE5.e.9375/click - {}
RESULT: {}
COMMAND: GET /session/7d4fbfd037fb9998338d13e3e1bba5cd/screenshot - {}
RESULT: {}
COMMAND: POST /session/7d4fbfd037fb9998338d13e3e1bba5cd/execute/async - {"script":"<script> [1562 bytes]","args":[{"selector":{"controlType":"sap.ui.core.Icon","viewName":"etm.portal.ui.manageresources.view.Detail","viewId":"application-manageresources-display-component---detailRU","properties":{"src":{"regex":{"source":"overflow"}}}},"wdio_ui5_key":"etmportal.ui.manageresources.view.Detailsap.ui.core.Icon{\"src\":{\"regex\":{\"source\":\"overflow\"}}}"}]}
RESULT: {"script":"<script> [1562 bytes]","args":[{"selector":{"controlType":"sap.ui.core.Icon","viewName":"etm.portal.ui.manageresources.view.Detail","viewId":"application-manageresources-display-component---detailRU","properties":{"src":{"regex":{"source":"overflow"}}}},"wdio_ui5_key":"etmportal.ui.manageresources.view.Detailsap.ui.core.Icon{\"src\":{\"regex\":{\"source\":\"overflow\"}}}"}]}
RESULT: undefined
COMMAND: POST /session/7d4fbfd037fb9998338d13e3e1bba5cd/element - {"using":"xpath","value":"//*[@id=\"__title18-_actionsToolbar-overflowButton-img\"]"}
RESULT: {"using":"xpath","value":"//*[@id=\"__title18-_actionsToolbar-overflowButton-img\"]"}
COMMAND: POST /session/7d4fbfd037fb9998338d13e3e1bba5cd/element/f.8197E7E82739F49E8E00421C1FF1176E.d.0C4CD191052988660E2CB6784B12BFE5.e.9408/click - {}
RESULT: {}
COMMAND: POST /session/7d4fbfd037fb9998338d13e3e1bba5cd/execute/async - {"script":"<script> [1562 bytes]","args":[{"selector":{"controlType":"sap.m.Button","viewName":"etm.portal.ui.manageresources.view.Detail","viewId":"application-manageresources-display-component---detailRU","i18NText":{"propertyName":"tooltip","key":"closeColumn"},"searchOpenDialogs":true,"interaction":{"idSuffix":"inner"}},"wdio_ui5_key":"etmportal.ui.manageresources.view.Detailsap.m.Button{\"propertyName\":\"tooltip\",\"key\":\"closeColumn\"}"}]}
COMMAND: GET /session/7d4fbfd037fb9998338d13e3e1bba5cd/screenshot - {}
RESULT: {"script":"<script> [1562 bytes]","args":[{"selector":{"controlType":"sap.m.Button","viewName":"etm.portal.ui.manageresources.view.Detail","viewId":"application-manageresources-display-component---detailRU","i18NText":{"propertyName":"tooltip","key":"closeColumn"},"searchOpenDialogs":true,"interaction":{"idSuffix":"inner"}},"wdio_ui5_key":"etmportal.ui.manageresources.view.Detailsap.m.Button{\"propertyName\":\"tooltip\",\"key\":\"closeColumn\"}"}]}
RESULT: undefined
COMMAND: POST /session/7d4fbfd037fb9998338d13e3e1bba5cd/element - {"using":"xpath","value":"//*[@id=\"__button47\"]"}
RESULT: {}
RESULT: {"using":"xpath","value":"//*[@id=\"__button47\"]"}
COMMAND: POST /session/7d4fbfd037fb9998338d13e3e1bba5cd/element/f.8197E7E82739F49E8E00421C1FF1176E.d.0C4CD191052988660E2CB6784B12BFE5.e.9410/click - {}
RESULT: {}
COMMAND: GET /session/7d4fbfd037fb9998338d13e3e1bba5cd/screenshot - {}
COMMAND: POST /session/7d4fbfd037fb9998338d13e3e1bba5cd/refresh - {}
RESULT: {}
RESULT: {}
COMMAND: GET /session/7d4fbfd037fb9998338d13e3e1bba5cd/screenshot - {}
RESULT: {}
COMMAND: POST /session/7d4fbfd037fb9998338d13e3e1bba5cd/execute/async - {"script":"<script> [189 bytes]","args":[]}
RESULT: {"script":"<script> [189 bytes]","args":[]}
COMMAND: POST /session/7d4fbfd037fb9998338d13e3e1bba5cd/execute/async - {"script":"<script> [123 bytes]","args":[]}
RESULT: {"script":"<script> [123 bytes]","args":[]}
COMMAND: POST /session/7d4fbfd037fb9998338d13e3e1bba5cd/timeouts - {"script":"<number>"}
RESULT: {"script":"<number>"}
COMMAND: GET /session/7d4fbfd037fb9998338d13e3e1bba5cd/timeouts - {}
RESULT: {}
RESULT: undefined
COMMAND: POST /session/7d4fbfd037fb9998338d13e3e1bba5cd/execute/async - {"script":"<script> [2676 bytes]","args":[]}
RESULT: {"script":"<script> [2676 bytes]","args":[]}
COMMAND: POST /session/7d4fbfd037fb9998338d13e3e1bba5cd/execute/async - {"script":"<script> [2342 bytes]","args":[{"protocol":"http","hostname":"0.0.0.0","path":"/","capabilities":{"browserName":"chrome","goog:chromeOptions":{"binary":"C:\\Program Files\\Google\\Chrome\\Application\\chrome.exe","args":["--start-maximized"]}},"logLevel":"warn","connectionRetryTimeout":120000,"connectionRetryCount":3,"logLevels":{},"enableDirectConnect":true,"strictSSL":true,"_":"65 more keys: [\"cacheDir\",\"port\",\"requestedCapabilities\",\"automationProtocol\",\"baseUrl\",\"waitforInterval\",\"waitforTimeout\",\"onReload\",\"beforeCommand\",\"afterCommand\",\"rootDir\",\"specs\",\"suites\",\"exclude\",\"groupLogsByTestSpec\",\"excludeDriverLogs\",\"bail\",\"framework\",\"reporters\",\"services\",\"maxInstances\",\"maxInstancesPerCapability\",\"injectGlobals\",\"filesToWatch\",\"execArgv\",\"runnerEnv\",\"runner\",\"shard\",\"specFileRetries\",\"specFileRetriesDelay\",\"specFileRetriesDeferred\",\"reporterSyncInterval\",\"reporterSyncTimeout\",\"cucumberFeaturesWithLineNumbers\",\"autoCompileOpts\",\"mochaOpts\",\"jasmineOpts\",\"cucumberOpts\",\"onPrepare\",\"onWorkerStart\",\"onWorkerEnd\",\"before\",\"beforeSession\",\"beforeSuite\",\"beforeHook\",\"beforeTest\",\"afterTest\",\"afterHook\",\"afterSuite\",\"afterSession\",\"after\",\"onComplete\",\"beforeAssertion\",\"afterAssertion\",\"beforeFeature\",\"beforeScenario\",\"beforeStep\",\"afterStep\",\"afterScenario\",\"afterFeature\",\"_\",\"suite\",\"$0\",\"ignoredWorkerServices\",\"wdi5\"]"}]}
RESULT: {"script":"<script> [2342 bytes]","args":[{"protocol":"http","hostname":"0.0.0.0","path":"/","capabilities":{"browserName":"chrome","goog:chromeOptions":{"binary":"C:\\Program Files\\Google\\Chrome\\Application\\chrome.exe","args":["--start-maximized"]}},"logLevel":"warn","connectionRetryTimeout":120000,"connectionRetryCount":3,"logLevels":{},"enableDirectConnect":true,"strictSSL":true,"_":"65 more keys: [\"cacheDir\",\"port\",\"requestedCapabilities\",\"automationProtocol\",\"baseUrl\",\"waitforInterval\",\"waitforTimeout\",\"onReload\",\"beforeCommand\",\"afterCommand\",\"rootDir\",\"specs\",\"suites\",\"exclude\",\"groupLogsByTestSpec\",\"excludeDriverLogs\",\"bail\",\"framework\",\"reporters\",\"services\",\"maxInstances\",\"maxInstancesPerCapability\",\"injectGlobals\",\"filesToWatch\",\"execArgv\",\"runnerEnv\",\"runner\",\"shard\",\"specFileRetries\",\"specFileRetriesDelay\",\"specFileRetriesDeferred\",\"reporterSyncInterval\",\"reporterSyncTimeout\",\"cucumberFeaturesWithLineNumbers\",\"autoCompileOpts\",\"mochaOpts\",\"jasmineOpts\",\"cucumberOpts\",\"onPrepare\",\"onWorkerStart\",\"onWorkerEnd\",\"before\",\"beforeSession\",\"beforeSuite\",\"beforeHook\",\"beforeTest\",\"afterTest\",\"afterHook\",\"afterSuite\",\"afterSession\",\"after\",\"onComplete\",\"beforeAssertion\",\"afterAssertion\",\"beforeFeature\",\"beforeScenario\",\"beforeStep\",\"afterStep\",\"afterScenario\",\"afterFeature\",\"_\",\"suite\",\"$0\",\"ignoredWorkerServices\",\"wdi5\"]"}]}
COMMAND: POST /session/7d4fbfd037fb9998338d13e3e1bba5cd/execute/async - {"script":"<script> [21126 bytes]","args":[35000]}
RESULT: {"script":"<script> [21126 bytes]","args":[35000]}
COMMAND: POST /session/7d4fbfd037fb9998338d13e3e1bba5cd/element - {"using":"css selector","value":"#shell-header-logo"}
RESULT: {"using":"css selector","value":"#shell-header-logo"}
COMMAND: POST /session/7d4fbfd037fb9998338d13e3e1bba5cd/element/f.8197E7E82739F49E8E00421C1FF1176E.d.C8B2982C03B708C3C7C0D279427766BF.e.9464/click - {}
RESULT: {}
COMMAND: GET /session/7d4fbfd037fb9998338d13e3e1bba5cd/screenshot - {}
RESULT: {}
COMMAND: POST /session/7d4fbfd037fb9998338d13e3e1bba5cd/element - {"using":"css selector","value":"#shell-header-logo"}
RESULT: {"using":"css selector","value":"#shell-header-logo"}
COMMAND: POST /session/7d4fbfd037fb9998338d13e3e1bba5cd/element/f.8197E7E82739F49E8E00421C1FF1176E.d.C8B2982C03B708C3C7C0D279427766BF.e.9464/click - {}
RESULT: {}
COMMAND: GET /session/7d4fbfd037fb9998338d13e3e1bba5cd/screenshot - {}
RESULT: {}
]]></system-out>
    </testcase>
    <testcase classname="chrome.135_0_7049_96.windows.Warehouse_movements_inventory_test" name="Should do a stock increase handover" time="89.999">
      <system-out><![CDATA[
COMMAND: POST /session/7d4fbfd037fb9998338d13e3e1bba5cd/execute/async - {"script":"<script> [1562 bytes]","args":[{"selector":{"controlType":"sap.m.Text","viewName":"etm.portal.ui.managehandoverstile.view.Master","properties":{"text":"Manage Handovers"},"interaction":{"idSuffix":"inner"}},"wdio_ui5_key":"etmportal.ui.managehandoverstile.view.Mastersap.m.Text{\"text\":\"Manage Handovers\"}"}]}
RESULT: {"script":"<script> [1562 bytes]","args":[{"selector":{"controlType":"sap.m.Text","viewName":"etm.portal.ui.managehandoverstile.view.Master","properties":{"text":"Manage Handovers"},"interaction":{"idSuffix":"inner"}},"wdio_ui5_key":"etmportal.ui.managehandoverstile.view.Mastersap.m.Text{\"text\":\"Manage Handovers\"}"}]}
RESULT: undefined
COMMAND: POST /session/7d4fbfd037fb9998338d13e3e1bba5cd/element - {"using":"xpath","value":"//*[@id=\"__tile132-title\"]"}
RESULT: {"using":"xpath","value":"//*[@id=\"__tile132-title\"]"}
COMMAND: POST /session/7d4fbfd037fb9998338d13e3e1bba5cd/element/f.8197E7E82739F49E8E00421C1FF1176E.d.C8B2982C03B708C3C7C0D279427766BF.e.9655/click - {}
RESULT: {}
COMMAND: GET /session/7d4fbfd037fb9998338d13e3e1bba5cd/screenshot - {}
RESULT: {}
COMMAND: POST /session/7d4fbfd037fb9998338d13e3e1bba5cd/element - {"using":"xpath","value":"//button[(@data-kt = 'masterHOAddButton')]"}
RESULT: {"using":"xpath","value":"//button[(@data-kt = 'masterHOAddButton')]"}
COMMAND: POST /session/7d4fbfd037fb9998338d13e3e1bba5cd/elements - {"using":"xpath","value":"//button[(@data-kt = 'masterHOAddButton')]"}
RESULT: {"using":"xpath","value":"//button[(@data-kt = 'masterHOAddButton')]"}
COMMAND: POST /session/7d4fbfd037fb9998338d13e3e1bba5cd/elements - {"using":"xpath","value":"//button[(@data-kt = 'masterHOAddButton')]"}
RESULT: {"using":"xpath","value":"//button[(@data-kt = 'masterHOAddButton')]"}
COMMAND: POST /session/7d4fbfd037fb9998338d13e3e1bba5cd/elements - {"using":"xpath","value":"//button[(@data-kt = 'masterHOAddButton')]"}
RESULT: {"using":"xpath","value":"//button[(@data-kt = 'masterHOAddButton')]"}
COMMAND: POST /session/7d4fbfd037fb9998338d13e3e1bba5cd/elements - {"using":"xpath","value":"//button[(@data-kt = 'masterHOAddButton')]"}
RESULT: {"using":"xpath","value":"//button[(@data-kt = 'masterHOAddButton')]"}
COMMAND: POST /session/7d4fbfd037fb9998338d13e3e1bba5cd/elements - {"using":"xpath","value":"//button[(@data-kt = 'masterHOAddButton')]"}
RESULT: {"using":"xpath","value":"//button[(@data-kt = 'masterHOAddButton')]"}
COMMAND: POST /session/7d4fbfd037fb9998338d13e3e1bba5cd/elements - {"using":"xpath","value":"//button[(@data-kt = 'masterHOAddButton')]"}
RESULT: {"using":"xpath","value":"//button[(@data-kt = 'masterHOAddButton')]"}
COMMAND: POST /session/7d4fbfd037fb9998338d13e3e1bba5cd/element - {"using":"xpath","value":"//button[(@data-kt = 'masterHOAddButton')]"}
RESULT: {"using":"xpath","value":"//button[(@data-kt = 'masterHOAddButton')]"}
COMMAND: POST /session/7d4fbfd037fb9998338d13e3e1bba5cd/element/f.8197E7E82739F49E8E00421C1FF1176E.d.C8B2982C03B708C3C7C0D279427766BF.e.9686/click - {}
RESULT: {}
COMMAND: GET /session/7d4fbfd037fb9998338d13e3e1bba5cd/screenshot - {}
RESULT: {}
COMMAND: POST /session/7d4fbfd037fb9998338d13e3e1bba5cd/element - {"using":"xpath","value":"//span[contains(@id ,\"AddNewHO--typeSelect-arrow\")]"}
RESULT: {"using":"xpath","value":"//span[contains(@id ,\"AddNewHO--typeSelect-arrow\")]"}
COMMAND: POST /session/7d4fbfd037fb9998338d13e3e1bba5cd/element/f.8197E7E82739F49E8E00421C1FF1176E.d.C8B2982C03B708C3C7C0D279427766BF.e.9823/click - {}
RESULT: {}
COMMAND: POST /session/7d4fbfd037fb9998338d13e3e1bba5cd/element - {"using":"xpath","value":"(//li[contains(text(), \"stock increase yard\")])[1]"}
COMMAND: GET /session/7d4fbfd037fb9998338d13e3e1bba5cd/screenshot - {}
RESULT: {"using":"xpath","value":"(//li[contains(text(), \"stock increase yard\")])[1]"}
COMMAND: POST /session/7d4fbfd037fb9998338d13e3e1bba5cd/element/f.8197E7E82739F49E8E00421C1FF1176E.d.C8B2982C03B708C3C7C0D279427766BF.e.9824/click - {}
RESULT: {}
RESULT: {}
COMMAND: GET /session/7d4fbfd037fb9998338d13e3e1bba5cd/screenshot - {}
RESULT: {}
COMMAND: POST /session/7d4fbfd037fb9998338d13e3e1bba5cd/execute/async - {"script":"<script> [1562 bytes]","args":[{"selector":{"id":"application-managehandovers-display-component---AddNewHO--dueDate","interaction":{"idSuffix":"inner"}},"wdio_ui5_key":"applicationmanagehandovers-display-component---AddNewHO--dueDate"}]}
RESULT: {"script":"<script> [1562 bytes]","args":[{"selector":{"id":"application-managehandovers-display-component---AddNewHO--dueDate","interaction":{"idSuffix":"inner"}},"wdio_ui5_key":"applicationmanagehandovers-display-component---AddNewHO--dueDate"}]}
RESULT: undefined
COMMAND: POST /session/7d4fbfd037fb9998338d13e3e1bba5cd/execute/async - {"script":"<script> [6424 bytes]","args":[{"element-6066-11e4-a52e-4f735466cecf":"f.8197E7E82739F49E8E00421C1FF1176E.d.C8B2982C03B708C3C7C0D279427766BF.e.9828"},"setValue",["04/27/2025"]]}
RESULT: {"script":"<script> [6424 bytes]","args":[{"element-6066-11e4-a52e-4f735466cecf":"f.8197E7E82739F49E8E00421C1FF1176E.d.C8B2982C03B708C3C7C0D279427766BF.e.9828"},"setValue",["04/27/2025"]]}
COMMAND: POST /session/7d4fbfd037fb9998338d13e3e1bba5cd/element - {"using":"xpath","value":"//input[@id=\"generalSectionFrg--receiveYard-inner\"]"}
RESULT: {"using":"xpath","value":"//input[@id=\"generalSectionFrg--receiveYard-inner\"]"}
COMMAND: POST /session/7d4fbfd037fb9998338d13e3e1bba5cd/element/f.8197E7E82739F49E8E00421C1FF1176E.d.C8B2982C03B708C3C7C0D279427766BF.e.9834/clear - {}
RESULT: {}
COMMAND: POST /session/7d4fbfd037fb9998338d13e3e1bba5cd/element/f.8197E7E82739F49E8E00421C1FF1176E.d.C8B2982C03B708C3C7C0D279427766BF.e.9834/value - {"text":"WebdriverWHMYardfg2is"}
COMMAND: GET /session/7d4fbfd037fb9998338d13e3e1bba5cd/screenshot - {}
RESULT: {"text":"WebdriverWHMYardfg2is"}
COMMAND: GET /session/7d4fbfd037fb9998338d13e3e1bba5cd/screenshot - {}
RESULT: {}
RESULT: {}
COMMAND: POST /session/7d4fbfd037fb9998338d13e3e1bba5cd/execute/async - {"script":"<script> [1562 bytes]","args":[{"selector":{"id":"application-managehandovers-display-component---AddNewHO--ObjectPageLayout-anchBar-application-managehandovers-display-component---AddNewHO--section4-anchor","interaction":{"idSuffix":"BDI-content"}},"wdio_ui5_key":"applicationmanagehandovers-display-component---AddNewHO--ObjectPageLayout-anchBar-application-managehandovers-display-component---AddNewHO--section4-anchor"}]}
RESULT: {"script":"<script> [1562 bytes]","args":[{"selector":{"id":"application-managehandovers-display-component---AddNewHO--ObjectPageLayout-anchBar-application-managehandovers-display-component---AddNewHO--section4-anchor","interaction":{"idSuffix":"BDI-content"}},"wdio_ui5_key":"applicationmanagehandovers-display-component---AddNewHO--ObjectPageLayout-anchBar-application-managehandovers-display-component---AddNewHO--section4-anchor"}]}
RESULT: undefined
COMMAND: POST /session/7d4fbfd037fb9998338d13e3e1bba5cd/element - {"using":"xpath","value":"//*[@id=\"application-managehandovers-display-component---AddNewHO--ObjectPageLayout-anchBar-application-managehandovers-display-component---AddNewHO--section4-anchor\"]"}
RESULT: {"using":"xpath","value":"//*[@id=\"application-managehandovers-display-component---AddNewHO--ObjectPageLayout-anchBar-application-managehandovers-display-component---AddNewHO--section4-anchor\"]"}
COMMAND: POST /session/7d4fbfd037fb9998338d13e3e1bba5cd/element/f.8197E7E82739F49E8E00421C1FF1176E.d.C8B2982C03B708C3C7C0D279427766BF.e.9851/click - {}
RESULT: {}
COMMAND: GET /session/7d4fbfd037fb9998338d13e3e1bba5cd/screenshot - {}
RESULT: {}
COMMAND: POST /session/7d4fbfd037fb9998338d13e3e1bba5cd/element - {"using":"xpath","value":"//button[@aria-label=\"Add\"]"}
RESULT: {"using":"xpath","value":"//button[@aria-label=\"Add\"]"}
COMMAND: POST /session/7d4fbfd037fb9998338d13e3e1bba5cd/element/f.8197E7E82739F49E8E00421C1FF1176E.d.C8B2982C03B708C3C7C0D279427766BF.e.9855/click - {}
RESULT: {}
COMMAND: GET /session/7d4fbfd037fb9998338d13e3e1bba5cd/screenshot - {}
RESULT: {}
COMMAND: POST /session/7d4fbfd037fb9998338d13e3e1bba5cd/execute/async - {"script":"<script> [1562 bytes]","args":[{"selector":{"id":"application-managehandovers-display-component---AddNewHO--smartFilterBar-btnBasicSearch","searchOpenDialogs":true,"interaction":{"idSuffix":"I"}},"wdio_ui5_key":"applicationmanagehandovers-display-component---AddNewHO--smartFilterBar-btnBasicSearch"}]}
RESULT: {"script":"<script> [1562 bytes]","args":[{"selector":{"id":"application-managehandovers-display-component---AddNewHO--smartFilterBar-btnBasicSearch","searchOpenDialogs":true,"interaction":{"idSuffix":"I"}},"wdio_ui5_key":"applicationmanagehandovers-display-component---AddNewHO--smartFilterBar-btnBasicSearch"}]}
RESULT: undefined
COMMAND: POST /session/7d4fbfd037fb9998338d13e3e1bba5cd/execute/async - {"script":"<script> [776 bytes]","args":[{"enterText":"WebdriverRUR2C5g558","selector":{"id":"application-managehandovers-display-component---AddNewHO--smartFilterBar-btnBasicSearch","searchOpenDialogs":true,"interaction":{"idSuffix":"I"}},"clearTextFirst":true,"interactionType":"ENTER_TEXT"}]}
RESULT: {"script":"<script> [776 bytes]","args":[{"enterText":"WebdriverRUR2C5g558","selector":{"id":"application-managehandovers-display-component---AddNewHO--smartFilterBar-btnBasicSearch","searchOpenDialogs":true,"interaction":{"idSuffix":"I"}},"clearTextFirst":true,"interactionType":"ENTER_TEXT"}]}
COMMAND: POST /session/7d4fbfd037fb9998338d13e3e1bba5cd/actions - {"actions":[{"id":"action33","type":"key","parameters":{},"actions":[{"type":"keyDown","value":"î€‡"},{"type":"pause","duration":10},{"type":"keyUp","value":"î€‡"}]}]}
RESULT: {"actions":[{"id":"action33","type":"key","parameters":{},"actions":[{"type":"keyDown","value":"î€‡"},{"type":"pause","duration":10},{"type":"keyUp","value":"î€‡"}]}]}
COMMAND: POST /session/7d4fbfd037fb9998338d13e3e1bba5cd/execute/async - {"script":"<script> [1562 bytes]","args":[{"selector":{"id":"application-managehandovers-display-component---AddNewHO--popup-sa","searchOpenDialogs":true,"interaction":{"idSuffix":"CbBg"}},"wdio_ui5_key":"applicationmanagehandovers-display-component---AddNewHO--popup-sa"}]}
COMMAND: GET /session/7d4fbfd037fb9998338d13e3e1bba5cd/screenshot - {}
RESULT: {"script":"<script> [1562 bytes]","args":[{"selector":{"id":"application-managehandovers-display-component---AddNewHO--popup-sa","searchOpenDialogs":true,"interaction":{"idSuffix":"CbBg"}},"wdio_ui5_key":"applicationmanagehandovers-display-component---AddNewHO--popup-sa"}]}
RESULT: undefined
COMMAND: POST /session/7d4fbfd037fb9998338d13e3e1bba5cd/element - {"using":"xpath","value":"//*[@id=\"application-managehandovers-display-component---AddNewHO--popup-sa\"]"}
RESULT: {}
RESULT: {"using":"xpath","value":"//*[@id=\"application-managehandovers-display-component---AddNewHO--popup-sa\"]"}
COMMAND: POST /session/7d4fbfd037fb9998338d13e3e1bba5cd/element/f.8197E7E82739F49E8E00421C1FF1176E.d.C8B2982C03B708C3C7C0D279427766BF.e.10010/click - {}
RESULT: {}
COMMAND: GET /session/7d4fbfd037fb9998338d13e3e1bba5cd/screenshot - {}
RESULT: {}
COMMAND: POST /session/7d4fbfd037fb9998338d13e3e1bba5cd/element - {"using":"xpath","value":"//bdi[contains(text(), \"Select\")]"}
RESULT: {"using":"xpath","value":"//bdi[contains(text(), \"Select\")]"}
COMMAND: POST /session/7d4fbfd037fb9998338d13e3e1bba5cd/element/f.8197E7E82739F49E8E00421C1FF1176E.d.C8B2982C03B708C3C7C0D279427766BF.e.10011/click - {}
RESULT: {}
COMMAND: GET /session/7d4fbfd037fb9998338d13e3e1bba5cd/screenshot - {}
RESULT: {}
COMMAND: POST /session/7d4fbfd037fb9998338d13e3e1bba5cd/element - {"using":"xpath","value":"//button[@data-kt=\"AddNewHOSaveButton\"]"}
RESULT: {"using":"xpath","value":"//button[@data-kt=\"AddNewHOSaveButton\"]"}
COMMAND: POST /session/7d4fbfd037fb9998338d13e3e1bba5cd/element/f.8197E7E82739F49E8E00421C1FF1176E.d.C8B2982C03B708C3C7C0D279427766BF.e.10015/click - {}
RESULT: {}
COMMAND: GET /session/7d4fbfd037fb9998338d13e3e1bba5cd/screenshot - {}
RESULT: {}
COMMAND: POST /session/7d4fbfd037fb9998338d13e3e1bba5cd/execute/async - {"script":"<script> [1562 bytes]","args":[{"selector":{"id":"receiptDatePicker","viewName":"etm.portal.ui.managehandovers.view.DetailExecuteHO","interaction":{"idSuffix":"inner"}},"wdio_ui5_key":"receiptDatePickeretmportal.ui.managehandovers.view.DetailExecuteHO"}]}
RESULT: {"script":"<script> [1562 bytes]","args":[{"selector":{"id":"receiptDatePicker","viewName":"etm.portal.ui.managehandovers.view.DetailExecuteHO","interaction":{"idSuffix":"inner"}},"wdio_ui5_key":"receiptDatePickeretmportal.ui.managehandovers.view.DetailExecuteHO"}]}
RESULT: undefined
COMMAND: POST /session/7d4fbfd037fb9998338d13e3e1bba5cd/execute/async - {"script":"<script> [6424 bytes]","args":[{"element-6066-11e4-a52e-4f735466cecf":"f.8197E7E82739F49E8E00421C1FF1176E.d.C8B2982C03B708C3C7C0D279427766BF.e.10042"},"setValue",["04/27/2025"]]}
RESULT: {"script":"<script> [6424 bytes]","args":[{"element-6066-11e4-a52e-4f735466cecf":"f.8197E7E82739F49E8E00421C1FF1176E.d.C8B2982C03B708C3C7C0D279427766BF.e.10042"},"setValue",["04/27/2025"]]}
COMMAND: POST /session/7d4fbfd037fb9998338d13e3e1bba5cd/element - {"using":"xpath","value":"//button[@data-kt=\"PickingTableConfirmAllButton\"]"}
RESULT: {"using":"xpath","value":"//button[@data-kt=\"PickingTableConfirmAllButton\"]"}
COMMAND: POST /session/7d4fbfd037fb9998338d13e3e1bba5cd/element/f.8197E7E82739F49E8E00421C1FF1176E.d.C8B2982C03B708C3C7C0D279427766BF.e.10061/click - {}
RESULT: {}
COMMAND: GET /session/7d4fbfd037fb9998338d13e3e1bba5cd/screenshot - {}
RESULT: {}
COMMAND: POST /session/7d4fbfd037fb9998338d13e3e1bba5cd/element - {"using":"xpath","value":"//bdi[contains(text(), \"OK\")]"}
RESULT: {"using":"xpath","value":"//bdi[contains(text(), \"OK\")]"}
COMMAND: POST /session/7d4fbfd037fb9998338d13e3e1bba5cd/element/f.8197E7E82739F49E8E00421C1FF1176E.d.C8B2982C03B708C3C7C0D279427766BF.e.10063/click - {}
RESULT: {}
COMMAND: GET /session/7d4fbfd037fb9998338d13e3e1bba5cd/screenshot - {}
RESULT: {}
COMMAND: POST /session/7d4fbfd037fb9998338d13e3e1bba5cd/element - {"using":"xpath","value":"(//bdi[contains(text(), \"Receive\")])[2]"}
RESULT: {"using":"xpath","value":"(//bdi[contains(text(), \"Receive\")])[2]"}
COMMAND: POST /session/7d4fbfd037fb9998338d13e3e1bba5cd/element/f.8197E7E82739F49E8E00421C1FF1176E.d.C8B2982C03B708C3C7C0D279427766BF.e.10065/click - {}
RESULT: {}
COMMAND: GET /session/7d4fbfd037fb9998338d13e3e1bba5cd/screenshot - {}
RESULT: {}
COMMAND: POST /session/7d4fbfd037fb9998338d13e3e1bba5cd/element - {"using":"css selector","value":"#shell-header-logo"}
RESULT: {"using":"css selector","value":"#shell-header-logo"}
COMMAND: POST /session/7d4fbfd037fb9998338d13e3e1bba5cd/element/f.8197E7E82739F49E8E00421C1FF1176E.d.C8B2982C03B708C3C7C0D279427766BF.e.9658/click - {}
RESULT: {}
COMMAND: GET /session/7d4fbfd037fb9998338d13e3e1bba5cd/screenshot - {}
RESULT: {}
]]></system-out>
    </testcase>
    <testcase classname="chrome.135_0_7049_96.windows.Warehouse_movements_inventory_test" name="Verify the warehouse movement" time="43.799">
      <system-out><![CDATA[
COMMAND: POST /session/7d4fbfd037fb9998338d13e3e1bba5cd/execute/async - {"script":"<script> [1562 bytes]","args":[{"selector":{"controlType":"sap.m.GenericTile","properties":{"header":"Manage Warehouse Movements"}},"wdio_ui5_key":"sapm.GenericTile{\"header\":\"Manage Warehouse Movements\"}"}]}
RESULT: {"script":"<script> [1562 bytes]","args":[{"selector":{"controlType":"sap.m.GenericTile","properties":{"header":"Manage Warehouse Movements"}},"wdio_ui5_key":"sapm.GenericTile{\"header\":\"Manage Warehouse Movements\"}"}]}
RESULT: undefined
COMMAND: POST /session/7d4fbfd037fb9998338d13e3e1bba5cd/element - {"using":"xpath","value":"//*[@id=\"__tile105\"]"}
RESULT: {"using":"xpath","value":"//*[@id=\"__tile105\"]"}
COMMAND: POST /session/7d4fbfd037fb9998338d13e3e1bba5cd/element/f.8197E7E82739F49E8E00421C1FF1176E.d.C8B2982C03B708C3C7C0D279427766BF.e.10215/click - {}
RESULT: {}
COMMAND: GET /session/7d4fbfd037fb9998338d13e3e1bba5cd/screenshot - {}
RESULT: {}
COMMAND: POST /session/7d4fbfd037fb9998338d13e3e1bba5cd/execute/async - {"script":"<script> [1562 bytes]","args":[{"selector":{"id":"application-warehousemovements-display-component---warehouseMovements--smartFilterBar-filterItemControl_BASIC-YARD-vhi"},"wdio_ui5_key":"applicationwarehousemovements-display-component---warehouseMovements--smartFilterBar-filterItemControl_BASIC-YARD-vhi"}]}
RESULT: {"script":"<script> [1562 bytes]","args":[{"selector":{"id":"application-warehousemovements-display-component---warehouseMovements--smartFilterBar-filterItemControl_BASIC-YARD-vhi"},"wdio_ui5_key":"applicationwarehousemovements-display-component---warehouseMovements--smartFilterBar-filterItemControl_BASIC-YARD-vhi"}]}
RESULT: undefined
COMMAND: POST /session/7d4fbfd037fb9998338d13e3e1bba5cd/element - {"using":"xpath","value":"//*[@id=\"application-warehousemovements-display-component---warehouseMovements--smartFilterBar-filterItemControl_BASIC-YARD-vhi\"]"}
RESULT: {"using":"xpath","value":"//*[@id=\"application-warehousemovements-display-component---warehouseMovements--smartFilterBar-filterItemControl_BASIC-YARD-vhi\"]"}
COMMAND: POST /session/7d4fbfd037fb9998338d13e3e1bba5cd/element/f.8197E7E82739F49E8E00421C1FF1176E.d.C8B2982C03B708C3C7C0D279427766BF.e.10294/click - {}
RESULT: {}
COMMAND: GET /session/7d4fbfd037fb9998338d13e3e1bba5cd/screenshot - {}
RESULT: {}
COMMAND: POST /session/7d4fbfd037fb9998338d13e3e1bba5cd/execute/async - {"script":"<script> [1562 bytes]","args":[{"selector":{"id":"application-warehousemovements-display-component---warehouseMovements--smartFilterBar-filterItemControl_BASIC-YARD-valueHelpDialog-smartFilterBar-btnBasicSearch","searchOpenDialogs":true,"interaction":{"idSuffix":"I"}},"wdio_ui5_key":"applicationwarehousemovements-display-component---warehouseMovements--smartFilterBar-filterItemControl_BASIC-YARD-valueHelpDialog-smartFilterBar-btnBasicSearch"}]}
RESULT: {"script":"<script> [1562 bytes]","args":[{"selector":{"id":"application-warehousemovements-display-component---warehouseMovements--smartFilterBar-filterItemControl_BASIC-YARD-valueHelpDialog-smartFilterBar-btnBasicSearch","searchOpenDialogs":true,"interaction":{"idSuffix":"I"}},"wdio_ui5_key":"applicationwarehousemovements-display-component---warehouseMovements--smartFilterBar-filterItemControl_BASIC-YARD-valueHelpDialog-smartFilterBar-btnBasicSearch"}]}
RESULT: undefined
COMMAND: POST /session/7d4fbfd037fb9998338d13e3e1bba5cd/execute/async - {"script":"<script> [776 bytes]","args":[{"enterText":"WebdriverWHMYardfg2is","selector":{"id":"application-warehousemovements-display-component---warehouseMovements--smartFilterBar-filterItemControl_BASIC-YARD-valueHelpDialog-smartFilterBar-btnBasicSearch","searchOpenDialogs":true,"interaction":{"idSuffix":"I"}},"clearTextFirst":true,"interactionType":"ENTER_TEXT"}]}
RESULT: {"script":"<script> [776 bytes]","args":[{"enterText":"WebdriverWHMYardfg2is","selector":{"id":"application-warehousemovements-display-component---warehouseMovements--smartFilterBar-filterItemControl_BASIC-YARD-valueHelpDialog-smartFilterBar-btnBasicSearch","searchOpenDialogs":true,"interaction":{"idSuffix":"I"}},"clearTextFirst":true,"interactionType":"ENTER_TEXT"}]}
COMMAND: POST /session/7d4fbfd037fb9998338d13e3e1bba5cd/actions - {"actions":[{"id":"action34","type":"key","parameters":{},"actions":[{"type":"keyDown","value":"î€‡"},{"type":"pause","duration":10},{"type":"keyUp","value":"î€‡"}]}]}
RESULT: {"actions":[{"id":"action34","type":"key","parameters":{},"actions":[{"type":"keyDown","value":"î€‡"},{"type":"pause","duration":10},{"type":"keyUp","value":"î€‡"}]}]}
COMMAND: GET /session/7d4fbfd037fb9998338d13e3e1bba5cd/screenshot - {}
RESULT: {}
COMMAND: POST /session/7d4fbfd037fb9998338d13e3e1bba5cd/element - {"using":"xpath","value":"//div[@id='application-warehousemovements-display-component---warehouseMovements--smartFilterBar-filterItemControl_BASIC-YARD-valueHelpDialog-table-rowsel0']"}
RESULT: {"using":"xpath","value":"//div[@id='application-warehousemovements-display-component---warehouseMovements--smartFilterBar-filterItemControl_BASIC-YARD-valueHelpDialog-table-rowsel0']"}
COMMAND: POST /session/7d4fbfd037fb9998338d13e3e1bba5cd/element/f.8197E7E82739F49E8E00421C1FF1176E.d.C8B2982C03B708C3C7C0D279427766BF.e.10318/click - {}
RESULT: {}
COMMAND: POST /session/7d4fbfd037fb9998338d13e3e1bba5cd/execute/async - {"script":"<script> [1562 bytes]","args":[{"selector":{"id":"application-warehousemovements-display-component---warehouseMovements--smartFilterBar-filterItemControl_BASIC-YARD-valueHelpDialog-ok","searchOpenDialogs":true,"interaction":{"idSuffix":"BDI-content"}},"wdio_ui5_key":"applicationwarehousemovements-display-component---warehouseMovements--smartFilterBar-filterItemControl_BASIC-YARD-valueHelpDialog-ok"}]}
COMMAND: GET /session/7d4fbfd037fb9998338d13e3e1bba5cd/screenshot - {}
RESULT: {"script":"<script> [1562 bytes]","args":[{"selector":{"id":"application-warehousemovements-display-component---warehouseMovements--smartFilterBar-filterItemControl_BASIC-YARD-valueHelpDialog-ok","searchOpenDialogs":true,"interaction":{"idSuffix":"BDI-content"}},"wdio_ui5_key":"applicationwarehousemovements-display-component---warehouseMovements--smartFilterBar-filterItemControl_BASIC-YARD-valueHelpDialog-ok"}]}
RESULT: undefined
COMMAND: POST /session/7d4fbfd037fb9998338d13e3e1bba5cd/element - {"using":"xpath","value":"//*[@id=\"application-warehousemovements-display-component---warehouseMovements--smartFilterBar-filterItemControl_BASIC-YARD-valueHelpDialog-ok\"]"}
RESULT: {}
RESULT: {"using":"xpath","value":"//*[@id=\"application-warehousemovements-display-component---warehouseMovements--smartFilterBar-filterItemControl_BASIC-YARD-valueHelpDialog-ok\"]"}
COMMAND: POST /session/7d4fbfd037fb9998338d13e3e1bba5cd/element/f.8197E7E82739F49E8E00421C1FF1176E.d.C8B2982C03B708C3C7C0D279427766BF.e.10321/click - {}
RESULT: {}
COMMAND: POST /session/7d4fbfd037fb9998338d13e3e1bba5cd/execute/async - {"script":"<script> [1562 bytes]","args":[{"selector":{"controlType":"sap.ui.core.Icon","viewName":"etm.portal.ui.warehousemovements.view.MasterMovement","viewId":"application-warehousemovements-display-component---warehouseMovements","properties":{"src":{"regex":{"source":"add"}}}},"wdio_ui5_key":"etmportal.ui.warehousemovements.view.MasterMovementsap.ui.core.Icon{\"src\":{\"regex\":{\"source\":\"add\"}}}"}]}
COMMAND: GET /session/7d4fbfd037fb9998338d13e3e1bba5cd/screenshot - {}
RESULT: {"script":"<script> [1562 bytes]","args":[{"selector":{"controlType":"sap.ui.core.Icon","viewName":"etm.portal.ui.warehousemovements.view.MasterMovement","viewId":"application-warehousemovements-display-component---warehouseMovements","properties":{"src":{"regex":{"source":"add"}}}},"wdio_ui5_key":"etmportal.ui.warehousemovements.view.MasterMovementsap.ui.core.Icon{\"src\":{\"regex\":{\"source\":\"add\"}}}"}]}
RESULT: undefined
COMMAND: POST /session/7d4fbfd037fb9998338d13e3e1bba5cd/element - {"using":"xpath","value":"//*[@id=\"__button73-img\"]"}
RESULT: {}
RESULT: {"using":"xpath","value":"//*[@id=\"__button73-img\"]"}
COMMAND: POST /session/7d4fbfd037fb9998338d13e3e1bba5cd/element/f.8197E7E82739F49E8E00421C1FF1176E.d.C8B2982C03B708C3C7C0D279427766BF.e.10252/click - {}
RESULT: {}
COMMAND: POST /session/7d4fbfd037fb9998338d13e3e1bba5cd/element - {"using":"xpath","value":"//input[contains(@id ,\"application-warehousemovements-display-component---addMovement--sectionsList-inner\")]"}
COMMAND: GET /session/7d4fbfd037fb9998338d13e3e1bba5cd/screenshot - {}
RESULT: {"using":"xpath","value":"//input[contains(@id ,\"application-warehousemovements-display-component---addMovement--sectionsList-inner\")]"}
COMMAND: POST /session/7d4fbfd037fb9998338d13e3e1bba5cd/elements - {"using":"xpath","value":"//input[contains(@id ,\"application-warehousemovements-display-component---addMovement--sectionsList-inner\")]"}
RESULT: {}
RESULT: {"using":"xpath","value":"//input[contains(@id ,\"application-warehousemovements-display-component---addMovement--sectionsList-inner\")]"}
COMMAND: POST /session/7d4fbfd037fb9998338d13e3e1bba5cd/element - {"using":"xpath","value":"//input[contains(@id ,\"application-warehousemovements-display-component---addMovement--sectionsList-inner\")]"}
RESULT: {"using":"xpath","value":"//input[contains(@id ,\"application-warehousemovements-display-component---addMovement--sectionsList-inner\")]"}
COMMAND: POST /session/7d4fbfd037fb9998338d13e3e1bba5cd/element/f.8197E7E82739F49E8E00421C1FF1176E.d.C8B2982C03B708C3C7C0D279427766BF.e.10385/clear - {}
RESULT: {}
COMMAND: POST /session/7d4fbfd037fb9998338d13e3e1bba5cd/element/f.8197E7E82739F49E8E00421C1FF1176E.d.C8B2982C03B708C3C7C0D279427766BF.e.10385/value - {"text":"Secycxwa"}
COMMAND: GET /session/7d4fbfd037fb9998338d13e3e1bba5cd/screenshot - {}
RESULT: {"text":"Secycxwa"}
COMMAND: GET /session/7d4fbfd037fb9998338d13e3e1bba5cd/screenshot - {}
RESULT: {}
RESULT: {}
COMMAND: POST /session/7d4fbfd037fb9998338d13e3e1bba5cd/actions - {"actions":[{"id":"action35","type":"key","parameters":{},"actions":[{"type":"keyDown","value":"î€‡"},{"type":"pause","duration":10},{"type":"keyUp","value":"î€‡"}]}]}
RESULT: {"actions":[{"id":"action35","type":"key","parameters":{},"actions":[{"type":"keyDown","value":"î€‡"},{"type":"pause","duration":10},{"type":"keyUp","value":"î€‡"}]}]}
COMMAND: GET /session/7d4fbfd037fb9998338d13e3e1bba5cd/screenshot - {}
RESULT: {}
COMMAND: POST /session/7d4fbfd037fb9998338d13e3e1bba5cd/execute/async - {"script":"<script> [1562 bytes]","args":[{"selector":{"id":"application-warehousemovements-display-component---addMovement--addItem-img"},"wdio_ui5_key":"applicationwarehousemovements-display-component---addMovement--addItem-img"}]}
RESULT: {"script":"<script> [1562 bytes]","args":[{"selector":{"id":"application-warehousemovements-display-component---addMovement--addItem-img"},"wdio_ui5_key":"applicationwarehousemovements-display-component---addMovement--addItem-img"}]}
RESULT: undefined
COMMAND: POST /session/7d4fbfd037fb9998338d13e3e1bba5cd/element - {"using":"xpath","value":"//*[@id=\"application-warehousemovements-display-component---addMovement--addItem-img\"]"}
RESULT: {"using":"xpath","value":"//*[@id=\"application-warehousemovements-display-component---addMovement--addItem-img\"]"}
COMMAND: POST /session/7d4fbfd037fb9998338d13e3e1bba5cd/element/f.8197E7E82739F49E8E00421C1FF1176E.d.C8B2982C03B708C3C7C0D279427766BF.e.10369/click - {}
RESULT: {}
COMMAND: POST /session/7d4fbfd037fb9998338d13e3e1bba5cd/execute/async - {"script":"<script> [1562 bytes]","args":[{"selector":{"id":"movementItemsPopUp--invSearch","searchOpenDialogs":true,"interaction":{"idSuffix":"I"}},"wdio_ui5_key":"movementItemsPopUpinvSearch"}]}
COMMAND: GET /session/7d4fbfd037fb9998338d13e3e1bba5cd/screenshot - {}
RESULT: {"script":"<script> [1562 bytes]","args":[{"selector":{"id":"movementItemsPopUp--invSearch","searchOpenDialogs":true,"interaction":{"idSuffix":"I"}},"wdio_ui5_key":"movementItemsPopUpinvSearch"}]}
RESULT: undefined
COMMAND: POST /session/7d4fbfd037fb9998338d13e3e1bba5cd/execute/async - {"script":"<script> [776 bytes]","args":[{"enterText":"WebdriverRUR2C5g558","selector":{"id":"movementItemsPopUp--invSearch","searchOpenDialogs":true,"interaction":{"idSuffix":"I"}},"clearTextFirst":true,"interactionType":"ENTER_TEXT"}]}
RESULT: {}
RESULT: {"script":"<script> [776 bytes]","args":[{"enterText":"WebdriverRUR2C5g558","selector":{"id":"movementItemsPopUp--invSearch","searchOpenDialogs":true,"interaction":{"idSuffix":"I"}},"clearTextFirst":true,"interactionType":"ENTER_TEXT"}]}
COMMAND: POST /session/7d4fbfd037fb9998338d13e3e1bba5cd/execute/async - {"script":"<script> [1562 bytes]","args":[{"selector":{"id":"movementItemsPopUp--movementItemsTable-sa","searchOpenDialogs":true,"interaction":{"idSuffix":"CbBg"}},"wdio_ui5_key":"movementItemsPopUpmovementItemsTable-sa"}]}
RESULT: {"script":"<script> [1562 bytes]","args":[{"selector":{"id":"movementItemsPopUp--movementItemsTable-sa","searchOpenDialogs":true,"interaction":{"idSuffix":"CbBg"}},"wdio_ui5_key":"movementItemsPopUpmovementItemsTable-sa"}]}
RESULT: undefined
COMMAND: POST /session/7d4fbfd037fb9998338d13e3e1bba5cd/element - {"using":"xpath","value":"//*[@id=\"movementItemsPopUp--movementItemsTable-sa\"]"}
RESULT: {"using":"xpath","value":"//*[@id=\"movementItemsPopUp--movementItemsTable-sa\"]"}
COMMAND: POST /session/7d4fbfd037fb9998338d13e3e1bba5cd/element/f.8197E7E82739F49E8E00421C1FF1176E.d.C8B2982C03B708C3C7C0D279427766BF.e.10461/click - {}
RESULT: {}
COMMAND: POST /session/7d4fbfd037fb9998338d13e3e1bba5cd/execute/async - {"script":"<script> [1562 bytes]","args":[{"selector":{"id":"movementItemsPopUp--createBtn","searchOpenDialogs":true,"interaction":{"idSuffix":"BDI-content"}},"wdio_ui5_key":"movementItemsPopUpcreateBtn"}]}
COMMAND: GET /session/7d4fbfd037fb9998338d13e3e1bba5cd/screenshot - {}
RESULT: {"script":"<script> [1562 bytes]","args":[{"selector":{"id":"movementItemsPopUp--createBtn","searchOpenDialogs":true,"interaction":{"idSuffix":"BDI-content"}},"wdio_ui5_key":"movementItemsPopUpcreateBtn"}]}
RESULT: undefined
COMMAND: POST /session/7d4fbfd037fb9998338d13e3e1bba5cd/element - {"using":"xpath","value":"//*[@id=\"movementItemsPopUp--createBtn\"]"}
RESULT: {}
RESULT: {"using":"xpath","value":"//*[@id=\"movementItemsPopUp--createBtn\"]"}
COMMAND: POST /session/7d4fbfd037fb9998338d13e3e1bba5cd/element/f.8197E7E82739F49E8E00421C1FF1176E.d.C8B2982C03B708C3C7C0D279427766BF.e.10463/click - {}
RESULT: {}
COMMAND: GET /session/7d4fbfd037fb9998338d13e3e1bba5cd/screenshot - {}
RESULT: {}
COMMAND: DELETE /session/7d4fbfd037fb9998338d13e3e1bba5cd - {}
RESULT: {}
]]></system-out>
    </testcase>
  </testsuite>
</testsuites>