<?xml version="1.0" encoding="UTF-8"?>
<testsuites tests="24" failures="0" errors="0" skipped="0">
  <testsuite timestamp="2025-06-02T15:38:55" time="720.639" tests="5" failures="0" errors="0" skipped="0">
    <properties>
      <property name="specId" value="0" />
      <property name="suiteName" value="Manage Requests Tags Tests US120163" />
      <property name="capabilities" value="chrome.136_0_7103_93.windows" />
      <property name="file" value="file:///D:/a/1/s/test/specs/R2C/create-request-Tags.spec.js" />
    </properties>
    <testcase classname="chrome.136_0_7103_93.windows.Manage_Requests_Tags_Tests_US120163" name="Should create a new yard" time="135.477">
      <system-out><![CDATA[
COMMAND: POST /session/6e77a8c699da6c53a9289fc604b7742b/execute/async - {"script":"<script> [1562 bytes]","args":[{"selector":{"controlType":"sap.m.GenericTile","properties":{"header":"Manage Yards"}},"wdio_ui5_key":"sapm.GenericTile{\"header\":\"Manage Yards\"}"}]}
RESULT: {"script":"<script> [1562 bytes]","args":[{"selector":{"controlType":"sap.m.GenericTile","properties":{"header":"Manage Yards"}},"wdio_ui5_key":"sapm.GenericTile{\"header\":\"Manage Yards\"}"}]}
RESULT: undefined
COMMAND: POST /session/6e77a8c699da6c53a9289fc604b7742b/element - {"using":"xpath","value":"//*[@id=\"__tile41\"]"}
RESULT: {"using":"xpath","value":"//*[@id=\"__tile41\"]"}
COMMAND: POST /session/6e77a8c699da6c53a9289fc604b7742b/element/f.93F4A61C81F21A46154A7CFE6A8617A2.d.3E9BE921D88DC975EF81E6AB1E0D9E04.e.111/click - {}
RESULT: {}
COMMAND: GET /session/6e77a8c699da6c53a9289fc604b7742b/screenshot - {}
RESULT: {}
COMMAND: POST /session/6e77a8c699da6c53a9289fc604b7742b/elements - {"using":"xpath","value":"//span[text()='Error']"}
RESULT: {"using":"xpath","value":"//span[text()='Error']"}
COMMAND: POST /session/6e77a8c699da6c53a9289fc604b7742b/execute/async - {"script":"<script> [1562 bytes]","args":[{"selector":{"controlType":"sap.ui.core.Icon","viewName":"etm.portal.ui.manageyards.view.Master","viewId":"application-manageyards-display-component---masterYard","properties":{"src":{"regex":{"source":"add"}}}},"wdio_ui5_key":"etmportal.ui.manageyards.view.Mastersap.ui.core.Icon{\"src\":{\"regex\":{\"source\":\"add\"}}}"}]}
RESULT: {"script":"<script> [1562 bytes]","args":[{"selector":{"controlType":"sap.ui.core.Icon","viewName":"etm.portal.ui.manageyards.view.Master","viewId":"application-manageyards-display-component---masterYard","properties":{"src":{"regex":{"source":"add"}}}},"wdio_ui5_key":"etmportal.ui.manageyards.view.Mastersap.ui.core.Icon{\"src\":{\"regex\":{\"source\":\"add\"}}}"}]}
RESULT: undefined
COMMAND: POST /session/6e77a8c699da6c53a9289fc604b7742b/element - {"using":"xpath","value":"//*[@id=\"__button4-img\"]"}
RESULT: {"using":"xpath","value":"//*[@id=\"__button4-img\"]"}
COMMAND: POST /session/6e77a8c699da6c53a9289fc604b7742b/element/f.93F4A61C81F21A46154A7CFE6A8617A2.d.3E9BE921D88DC975EF81E6AB1E0D9E04.e.158/click - {}
RESULT: {}
COMMAND: GET /session/6e77a8c699da6c53a9289fc604b7742b/screenshot - {}
RESULT: {}
COMMAND: POST /session/6e77a8c699da6c53a9289fc604b7742b/execute/async - {"script":"<script> [1562 bytes]","args":[{"selector":{"id":"application-manageyards-display-component---NewYard--yardId","interaction":{"idSuffix":"inner"}},"wdio_ui5_key":"applicationmanageyards-display-component---NewYard--yardId"}]}
RESULT: {"script":"<script> [1562 bytes]","args":[{"selector":{"id":"application-manageyards-display-component---NewYard--yardId","interaction":{"idSuffix":"inner"}},"wdio_ui5_key":"applicationmanageyards-display-component---NewYard--yardId"}]}
RESULT: undefined
COMMAND: POST /session/6e77a8c699da6c53a9289fc604b7742b/element - {"using":"xpath","value":"//*[@id=\"application-manageyards-display-component---NewYard--addressDetailDetailsName1-inner\"]"}
RESULT: {"using":"xpath","value":"//*[@id=\"application-manageyards-display-component---NewYard--addressDetailDetailsName1-inner\"]"}
COMMAND: POST /session/6e77a8c699da6c53a9289fc604b7742b/element/f.93F4A61C81F21A46154A7CFE6A8617A2.d.3E9BE921D88DC975EF81E6AB1E0D9E04.e.371/clear - {}
RESULT: {}
COMMAND: POST /session/6e77a8c699da6c53a9289fc604b7742b/element/f.93F4A61C81F21A46154A7CFE6A8617A2.d.3E9BE921D88DC975EF81E6AB1E0D9E04.e.371/value - {"text":"WebdriverYardowxms"}
COMMAND: GET /session/6e77a8c699da6c53a9289fc604b7742b/screenshot - {}
RESULT: {"text":"WebdriverYardowxms"}
COMMAND: POST /session/6e77a8c699da6c53a9289fc604b7742b/element - {"using":"xpath","value":"//*[@id=\"application-manageyards-display-component---NewYard--addressDetailDetailsLanguage-inner\"]"}
COMMAND: GET /session/6e77a8c699da6c53a9289fc604b7742b/screenshot - {}
RESULT: {}
RESULT: {"using":"xpath","value":"//*[@id=\"application-manageyards-display-component---NewYard--addressDetailDetailsLanguage-inner\"]"}
COMMAND: POST /session/6e77a8c699da6c53a9289fc604b7742b/element/f.93F4A61C81F21A46154A7CFE6A8617A2.d.3E9BE921D88DC975EF81E6AB1E0D9E04.e.372/clear - {}
RESULT: {}
RESULT: {}
COMMAND: POST /session/6e77a8c699da6c53a9289fc604b7742b/element/f.93F4A61C81F21A46154A7CFE6A8617A2.d.3E9BE921D88DC975EF81E6AB1E0D9E04.e.372/value - {"text":"Romanian"}
COMMAND: GET /session/6e77a8c699da6c53a9289fc604b7742b/screenshot - {}
RESULT: {"text":"Romanian"}
COMMAND: POST /session/6e77a8c699da6c53a9289fc604b7742b/element - {"using":"xpath","value":"//input[contains(@id ,\"application-manageyards-display-component---NewYard--addressDetailDetailsName1-inner\")]"}
COMMAND: GET /session/6e77a8c699da6c53a9289fc604b7742b/screenshot - {}
RESULT: {}
RESULT: {"using":"xpath","value":"//input[contains(@id ,\"application-manageyards-display-component---NewYard--addressDetailDetailsName1-inner\")]"}
COMMAND: GET /session/6e77a8c699da6c53a9289fc604b7742b/element/f.93F4A61C81F21A46154A7CFE6A8617A2.d.3E9BE921D88DC975EF81E6AB1E0D9E04.e.371/property/value - {}
RESULT: {}
RESULT: {}
COMMAND: GET /session/6e77a8c699da6c53a9289fc604b7742b/screenshot - {}
RESULT: {}
COMMAND: POST /session/6e77a8c699da6c53a9289fc604b7742b/element - {"using":"xpath","value":"//*[@id=\"application-manageyards-display-component---NewYard--addressDetailDetailsCity1-inner\"]"}
RESULT: {"using":"xpath","value":"//*[@id=\"application-manageyards-display-component---NewYard--addressDetailDetailsCity1-inner\"]"}
COMMAND: POST /session/6e77a8c699da6c53a9289fc604b7742b/element/f.93F4A61C81F21A46154A7CFE6A8617A2.d.3E9BE921D88DC975EF81E6AB1E0D9E04.e.374/clear - {}
RESULT: {}
COMMAND: POST /session/6e77a8c699da6c53a9289fc604b7742b/element/f.93F4A61C81F21A46154A7CFE6A8617A2.d.3E9BE921D88DC975EF81E6AB1E0D9E04.e.374/value - {"text":"Bucuresti"}
COMMAND: GET /session/6e77a8c699da6c53a9289fc604b7742b/screenshot - {}
RESULT: {"text":"Bucuresti"}
COMMAND: GET /session/6e77a8c699da6c53a9289fc604b7742b/screenshot - {}
RESULT: {}
RESULT: {}
COMMAND: POST /session/6e77a8c699da6c53a9289fc604b7742b/element - {"using":"xpath","value":"//*[@id=\"application-manageyards-display-component---NewYard--addressDetailDetailsCountry-inner\"]"}
RESULT: {"using":"xpath","value":"//*[@id=\"application-manageyards-display-component---NewYard--addressDetailDetailsCountry-inner\"]"}
COMMAND: POST /session/6e77a8c699da6c53a9289fc604b7742b/element/f.93F4A61C81F21A46154A7CFE6A8617A2.d.3E9BE921D88DC975EF81E6AB1E0D9E04.e.378/clear - {}
RESULT: {}
COMMAND: POST /session/6e77a8c699da6c53a9289fc604b7742b/element/f.93F4A61C81F21A46154A7CFE6A8617A2.d.3E9BE921D88DC975EF81E6AB1E0D9E04.e.378/value - {"text":"Romania"}
COMMAND: GET /session/6e77a8c699da6c53a9289fc604b7742b/screenshot - {}
RESULT: {"text":"Romania"}
COMMAND: GET /session/6e77a8c699da6c53a9289fc604b7742b/screenshot - {}
RESULT: {}
RESULT: {}
COMMAND: POST /session/6e77a8c699da6c53a9289fc604b7742b/element - {"using":"xpath","value":"//div[contains(text(), \"Commercial\")]"}
RESULT: {"using":"xpath","value":"//div[contains(text(), \"Commercial\")]"}
COMMAND: GET /session/6e77a8c699da6c53a9289fc604b7742b/element/f.93F4A61C81F21A46154A7CFE6A8617A2.d.3E9BE921D88DC975EF81E6AB1E0D9E04.e.565/rect - {}
RESULT: {}
COMMAND: GET /session/6e77a8c699da6c53a9289fc604b7742b/window/rect - {}
RESULT: {}
COMMAND: POST /session/6e77a8c699da6c53a9289fc604b7742b/execute/sync - {"script":"<script> [92 bytes]","args":[]}
RESULT: {"script":"<script> [92 bytes]","args":[]}
COMMAND: POST /session/6e77a8c699da6c53a9289fc604b7742b/actions - {"actions":[{"id":"action1","type":"wheel","parameters":{},"actions":[{"type":"scroll","x":-1841,"y":-44,"deltaX":0,"deltaY":0,"duration":0,"origin":{"element-6066-11e4-a52e-4f735466cecf":"f.93F4A61C81F21A46154A7CFE6A8617A2.d.3E9BE921D88DC975EF81E6AB1E0D9E04.e.565"}}]}]}
COMMAND: GET /session/6e77a8c699da6c53a9289fc604b7742b/screenshot - {}
RESULT: {}
COMMAND: POST /session/6e77a8c699da6c53a9289fc604b7742b/execute/sync - {"script":"<script> [79 bytes]","args":[{"element-6066-11e4-a52e-4f735466cecf":"f.93F4A61C81F21A46154A7CFE6A8617A2.d.3E9BE921D88DC975EF81E6AB1E0D9E04.e.565","ELEMENT":"f.93F4A61C81F21A46154A7CFE6A8617A2.d.3E9BE921D88DC975EF81E6AB1E0D9E04.e.565"},{"block":"start","inline":"nearest"}]}
RESULT: {"script":"<script> [79 bytes]","args":[{"element-6066-11e4-a52e-4f735466cecf":"f.93F4A61C81F21A46154A7CFE6A8617A2.d.3E9BE921D88DC975EF81E6AB1E0D9E04.e.565","ELEMENT":"f.93F4A61C81F21A46154A7CFE6A8617A2.d.3E9BE921D88DC975EF81E6AB1E0D9E04.e.565"},{"block":"start","inline":"nearest"}]}
COMMAND: GET /session/6e77a8c699da6c53a9289fc604b7742b/screenshot - {}
RESULT: {}
COMMAND: POST /session/6e77a8c699da6c53a9289fc604b7742b/execute/async - {"script":"<script> [1562 bytes]","args":[{"selector":{"id":"application-manageyards-display-component---NewYard--addressEditDetailsCostObjectCstType-arrow"},"wdio_ui5_key":"applicationmanageyards-display-component---NewYard--addressEditDetailsCostObjectCstType-arrow"}]}
RESULT: {"script":"<script> [1562 bytes]","args":[{"selector":{"id":"application-manageyards-display-component---NewYard--addressEditDetailsCostObjectCstType-arrow"},"wdio_ui5_key":"applicationmanageyards-display-component---NewYard--addressEditDetailsCostObjectCstType-arrow"}]}
RESULT: undefined
COMMAND: POST /session/6e77a8c699da6c53a9289fc604b7742b/element - {"using":"xpath","value":"//*[@id=\"application-manageyards-display-component---NewYard--addressEditDetailsCostObjectCstType-arrow\"]"}
RESULT: {"using":"xpath","value":"//*[@id=\"application-manageyards-display-component---NewYard--addressEditDetailsCostObjectCstType-arrow\"]"}
COMMAND: POST /session/6e77a8c699da6c53a9289fc604b7742b/element/f.93F4A61C81F21A46154A7CFE6A8617A2.d.3E9BE921D88DC975EF81E6AB1E0D9E04.e.573/click - {}
RESULT: {}
COMMAND: POST /session/6e77a8c699da6c53a9289fc604b7742b/element - {"using":"xpath","value":"//span[contains(text(), \"Cost Center\")]"}
COMMAND: GET /session/6e77a8c699da6c53a9289fc604b7742b/screenshot - {}
RESULT: {"using":"xpath","value":"//span[contains(text(), \"Cost Center\")]"}
COMMAND: POST /session/6e77a8c699da6c53a9289fc604b7742b/element/f.93F4A61C81F21A46154A7CFE6A8617A2.d.3E9BE921D88DC975EF81E6AB1E0D9E04.e.574/click - {}
RESULT: {}
RESULT: {}
COMMAND: GET /session/6e77a8c699da6c53a9289fc604b7742b/screenshot - {}
RESULT: {}
COMMAND: POST /session/6e77a8c699da6c53a9289fc604b7742b/execute/async - {"script":"<script> [1562 bytes]","args":[{"selector":{"id":"application-manageyards-display-component---NewYard--addressNewCostObjectCstID-vhi"},"wdio_ui5_key":"applicationmanageyards-display-component---NewYard--addressNewCostObjectCstID-vhi"}]}
RESULT: {"script":"<script> [1562 bytes]","args":[{"selector":{"id":"application-manageyards-display-component---NewYard--addressNewCostObjectCstID-vhi"},"wdio_ui5_key":"applicationmanageyards-display-component---NewYard--addressNewCostObjectCstID-vhi"}]}
RESULT: undefined
COMMAND: POST /session/6e77a8c699da6c53a9289fc604b7742b/element - {"using":"xpath","value":"//*[@id=\"application-manageyards-display-component---NewYard--addressNewCostObjectCstID-vhi\"]"}
RESULT: {"using":"xpath","value":"//*[@id=\"application-manageyards-display-component---NewYard--addressNewCostObjectCstID-vhi\"]"}
COMMAND: POST /session/6e77a8c699da6c53a9289fc604b7742b/element/f.93F4A61C81F21A46154A7CFE6A8617A2.d.3E9BE921D88DC975EF81E6AB1E0D9E04.e.589/click - {}
RESULT: {}
COMMAND: GET /session/6e77a8c699da6c53a9289fc604b7742b/screenshot - {}
RESULT: {}
COMMAND: POST /session/6e77a8c699da6c53a9289fc604b7742b/execute/async - {"script":"<script> [1562 bytes]","args":[{"selector":{"controlType":"sap.m.SearchField","properties":{"placeholder":"Search"},"searchOpenDialogs":true,"interaction":{"idSuffix":"I"}},"wdio_ui5_key":"sapm.SearchField{\"placeholder\":\"Search\"}"}]}
RESULT: {"script":"<script> [1562 bytes]","args":[{"selector":{"controlType":"sap.m.SearchField","properties":{"placeholder":"Search"},"searchOpenDialogs":true,"interaction":{"idSuffix":"I"}},"wdio_ui5_key":"sapm.SearchField{\"placeholder\":\"Search\"}"}]}
RESULT: undefined
COMMAND: POST /session/6e77a8c699da6c53a9289fc604b7742b/execute/async - {"script":"<script> [776 bytes]","args":[{"enterText":"10001013","selector":{"controlType":"sap.m.SearchField","properties":{"placeholder":"Search"},"searchOpenDialogs":true,"interaction":{"idSuffix":"I"}},"clearTextFirst":true,"interactionType":"ENTER_TEXT"}]}
RESULT: {"script":"<script> [776 bytes]","args":[{"enterText":"10001013","selector":{"controlType":"sap.m.SearchField","properties":{"placeholder":"Search"},"searchOpenDialogs":true,"interaction":{"idSuffix":"I"}},"clearTextFirst":true,"interactionType":"ENTER_TEXT"}]}
COMMAND: POST /session/6e77a8c699da6c53a9289fc604b7742b/actions - {"actions":[{"id":"action2","type":"key","parameters":{},"actions":[{"type":"keyDown","value":"î€‡"},{"type":"pause","duration":10},{"type":"keyUp","value":"î€‡"}]}]}
RESULT: {"actions":[{"id":"action2","type":"key","parameters":{},"actions":[{"type":"keyDown","value":"î€‡"},{"type":"pause","duration":10},{"type":"keyUp","value":"î€‡"}]}]}
COMMAND: GET /session/6e77a8c699da6c53a9289fc604b7742b/screenshot - {}
RESULT: {}
COMMAND: POST /session/6e77a8c699da6c53a9289fc604b7742b/element - {"using":"xpath","value":"//span[contains(text(), \"General Management\")]"}
RESULT: {"using":"xpath","value":"//span[contains(text(), \"General Management\")]"}
COMMAND: POST /session/6e77a8c699da6c53a9289fc604b7742b/element/f.93F4A61C81F21A46154A7CFE6A8617A2.d.3E9BE921D88DC975EF81E6AB1E0D9E04.e.629/click - {}
RESULT: {}
COMMAND: GET /session/6e77a8c699da6c53a9289fc604b7742b/screenshot - {}
RESULT: {}
COMMAND: POST /session/6e77a8c699da6c53a9289fc604b7742b/element - {"using":"xpath","value":"//bdi[contains(text(), \"OK\")]"}
RESULT: {"using":"xpath","value":"//bdi[contains(text(), \"OK\")]"}
COMMAND: POST /session/6e77a8c699da6c53a9289fc604b7742b/element/f.93F4A61C81F21A46154A7CFE6A8617A2.d.3E9BE921D88DC975EF81E6AB1E0D9E04.e.630/click - {}
RESULT: {}
COMMAND: GET /session/6e77a8c699da6c53a9289fc604b7742b/screenshot - {}
RESULT: {}
COMMAND: POST /session/6e77a8c699da6c53a9289fc604b7742b/execute/async - {"script":"<script> [1562 bytes]","args":[{"selector":{"controlType":"sap.m.Button","viewName":"etm.portal.ui.manageyards.view.New","viewId":"application-manageyards-display-component---NewYard","i18NText":{"propertyName":"text","key":"save"},"interaction":{"idSuffix":"inner"}},"wdio_ui5_key":"etmportal.ui.manageyards.view.Newsap.m.Button{\"propertyName\":\"text\",\"key\":\"save\"}"}]}
RESULT: {"script":"<script> [1562 bytes]","args":[{"selector":{"controlType":"sap.m.Button","viewName":"etm.portal.ui.manageyards.view.New","viewId":"application-manageyards-display-component---NewYard","i18NText":{"propertyName":"text","key":"save"},"interaction":{"idSuffix":"inner"}},"wdio_ui5_key":"etmportal.ui.manageyards.view.Newsap.m.Button{\"propertyName\":\"text\",\"key\":\"save\"}"}]}
RESULT: undefined
COMMAND: POST /session/6e77a8c699da6c53a9289fc604b7742b/element - {"using":"xpath","value":"//*[@id=\"__button18\"]"}
RESULT: {"using":"xpath","value":"//*[@id=\"__button18\"]"}
COMMAND: POST /session/6e77a8c699da6c53a9289fc604b7742b/element/f.93F4A61C81F21A46154A7CFE6A8617A2.d.3E9BE921D88DC975EF81E6AB1E0D9E04.e.545/click - {}
RESULT: {}
COMMAND: GET /session/6e77a8c699da6c53a9289fc604b7742b/screenshot - {}
RESULT: {}
COMMAND: POST /session/6e77a8c699da6c53a9289fc604b7742b/element - {"using":"xpath","value":"//header/div/div[2]/div[2]/span"}
RESULT: {"using":"xpath","value":"//header/div/div[2]/div[2]/span"}
COMMAND: GET /session/6e77a8c699da6c53a9289fc604b7742b/element/f.93F4A61C81F21A46154A7CFE6A8617A2.d.3E9BE921D88DC975EF81E6AB1E0D9E04.e.828/text - {}
RESULT: {}
COMMAND: POST /session/6e77a8c699da6c53a9289fc604b7742b/execute/async - {"script":"<script> [1562 bytes]","args":[{"selector":{"controlType":"sap.m.OverflowToolbarButton","viewName":"etm.portal.ui.manageyards.view.Detail","viewId":"application-manageyards-display-component---detailYard","i18NText":{"propertyName":"tooltip","key":"closeColumn"},"interaction":{"idSuffix":"inner"}},"wdio_ui5_key":"etmportal.ui.manageyards.view.Detailsap.m.OverflowToolbarButton{\"propertyName\":\"tooltip\",\"key\":\"closeColumn\"}"}]}
RESULT: {"script":"<script> [1562 bytes]","args":[{"selector":{"controlType":"sap.m.OverflowToolbarButton","viewName":"etm.portal.ui.manageyards.view.Detail","viewId":"application-manageyards-display-component---detailYard","i18NText":{"propertyName":"tooltip","key":"closeColumn"},"interaction":{"idSuffix":"inner"}},"wdio_ui5_key":"etmportal.ui.manageyards.view.Detailsap.m.OverflowToolbarButton{\"propertyName\":\"tooltip\",\"key\":\"closeColumn\"}"}]}
RESULT: undefined
COMMAND: POST /session/6e77a8c699da6c53a9289fc604b7742b/element - {"using":"xpath","value":"//*[@id=\"__button42\"]"}
RESULT: {"using":"xpath","value":"//*[@id=\"__button42\"]"}
COMMAND: POST /session/6e77a8c699da6c53a9289fc604b7742b/element/f.93F4A61C81F21A46154A7CFE6A8617A2.d.3E9BE921D88DC975EF81E6AB1E0D9E04.e.830/click - {}
RESULT: {}
COMMAND: GET /session/6e77a8c699da6c53a9289fc604b7742b/screenshot - {}
RESULT: {}
COMMAND: POST /session/6e77a8c699da6c53a9289fc604b7742b/element - {"using":"css selector","value":"#shell-header-logo"}
RESULT: {"using":"css selector","value":"#shell-header-logo"}
COMMAND: POST /session/6e77a8c699da6c53a9289fc604b7742b/element/f.93F4A61C81F21A46154A7CFE6A8617A2.d.3E9BE921D88DC975EF81E6AB1E0D9E04.e.114/click - {}
RESULT: {}
COMMAND: GET /session/6e77a8c699da6c53a9289fc604b7742b/screenshot - {}
RESULT: {}
COMMAND: POST /session/6e77a8c699da6c53a9289fc604b7742b/refresh - {}
RESULT: {}
COMMAND: GET /session/6e77a8c699da6c53a9289fc604b7742b/screenshot - {}
RESULT: {}
COMMAND: POST /session/6e77a8c699da6c53a9289fc604b7742b/execute/async - {"script":"<script> [189 bytes]","args":[]}
RESULT: {"script":"<script> [189 bytes]","args":[]}
COMMAND: POST /session/6e77a8c699da6c53a9289fc604b7742b/execute/async - {"script":"<script> [123 bytes]","args":[]}
RESULT: {"script":"<script> [123 bytes]","args":[]}
COMMAND: POST /session/6e77a8c699da6c53a9289fc604b7742b/timeouts - {"script":"<number>"}
RESULT: {"script":"<number>"}
COMMAND: GET /session/6e77a8c699da6c53a9289fc604b7742b/timeouts - {}
RESULT: {}
RESULT: undefined
COMMAND: POST /session/6e77a8c699da6c53a9289fc604b7742b/execute/async - {"script":"<script> [2676 bytes]","args":[]}
RESULT: {"script":"<script> [2676 bytes]","args":[]}
COMMAND: POST /session/6e77a8c699da6c53a9289fc604b7742b/execute/async - {"script":"<script> [2342 bytes]","args":[{"protocol":"http","hostname":"0.0.0.0","path":"/","capabilities":{"browserName":"chrome","goog:chromeOptions":{"binary":"C:\\Program Files\\Google\\Chrome\\Application\\chrome.exe","args":["--start-maximized"]}},"logLevel":"warn","connectionRetryTimeout":120000,"connectionRetryCount":3,"logLevels":{},"enableDirectConnect":true,"strictSSL":true,"_":"65 more keys: [\"cacheDir\",\"port\",\"requestedCapabilities\",\"automationProtocol\",\"baseUrl\",\"waitforInterval\",\"waitforTimeout\",\"onReload\",\"beforeCommand\",\"afterCommand\",\"rootDir\",\"specs\",\"suites\",\"exclude\",\"groupLogsByTestSpec\",\"excludeDriverLogs\",\"bail\",\"framework\",\"reporters\",\"services\",\"maxInstances\",\"maxInstancesPerCapability\",\"injectGlobals\",\"filesToWatch\",\"execArgv\",\"runnerEnv\",\"runner\",\"shard\",\"specFileRetries\",\"specFileRetriesDelay\",\"specFileRetriesDeferred\",\"reporterSyncInterval\",\"reporterSyncTimeout\",\"cucumberFeaturesWithLineNumbers\",\"autoCompileOpts\",\"mochaOpts\",\"jasmineOpts\",\"cucumberOpts\",\"onPrepare\",\"onWorkerStart\",\"onWorkerEnd\",\"before\",\"beforeSession\",\"beforeSuite\",\"beforeHook\",\"beforeTest\",\"afterTest\",\"afterHook\",\"afterSuite\",\"afterSession\",\"after\",\"onComplete\",\"beforeAssertion\",\"afterAssertion\",\"beforeFeature\",\"beforeScenario\",\"beforeStep\",\"afterStep\",\"afterScenario\",\"afterFeature\",\"_\",\"suite\",\"$0\",\"ignoredWorkerServices\",\"wdi5\"]"}]}
RESULT: {"script":"<script> [2342 bytes]","args":[{"protocol":"http","hostname":"0.0.0.0","path":"/","capabilities":{"browserName":"chrome","goog:chromeOptions":{"binary":"C:\\Program Files\\Google\\Chrome\\Application\\chrome.exe","args":["--start-maximized"]}},"logLevel":"warn","connectionRetryTimeout":120000,"connectionRetryCount":3,"logLevels":{},"enableDirectConnect":true,"strictSSL":true,"_":"65 more keys: [\"cacheDir\",\"port\",\"requestedCapabilities\",\"automationProtocol\",\"baseUrl\",\"waitforInterval\",\"waitforTimeout\",\"onReload\",\"beforeCommand\",\"afterCommand\",\"rootDir\",\"specs\",\"suites\",\"exclude\",\"groupLogsByTestSpec\",\"excludeDriverLogs\",\"bail\",\"framework\",\"reporters\",\"services\",\"maxInstances\",\"maxInstancesPerCapability\",\"injectGlobals\",\"filesToWatch\",\"execArgv\",\"runnerEnv\",\"runner\",\"shard\",\"specFileRetries\",\"specFileRetriesDelay\",\"specFileRetriesDeferred\",\"reporterSyncInterval\",\"reporterSyncTimeout\",\"cucumberFeaturesWithLineNumbers\",\"autoCompileOpts\",\"mochaOpts\",\"jasmineOpts\",\"cucumberOpts\",\"onPrepare\",\"onWorkerStart\",\"onWorkerEnd\",\"before\",\"beforeSession\",\"beforeSuite\",\"beforeHook\",\"beforeTest\",\"afterTest\",\"afterHook\",\"afterSuite\",\"afterSession\",\"after\",\"onComplete\",\"beforeAssertion\",\"afterAssertion\",\"beforeFeature\",\"beforeScenario\",\"beforeStep\",\"afterStep\",\"afterScenario\",\"afterFeature\",\"_\",\"suite\",\"$0\",\"ignoredWorkerServices\",\"wdi5\"]"}]}
COMMAND: POST /session/6e77a8c699da6c53a9289fc604b7742b/execute/async - {"script":"<script> [21126 bytes]","args":[35000]}
RESULT: {"script":"<script> [21126 bytes]","args":[35000]}
]]></system-out>
    </testcase>
    <testcase classname="chrome.136_0_7103_93.windows.Manage_Requests_Tags_Tests_US120163" name="Should create a new partner" time="89.204">
      <system-out><![CDATA[
COMMAND: POST /session/6e77a8c699da6c53a9289fc604b7742b/execute/async - {"script":"<script> [1562 bytes]","args":[{"selector":{"controlType":"sap.m.GenericTile","properties":{"header":"Manage Partners"}},"wdio_ui5_key":"sapm.GenericTile{\"header\":\"Manage Partners\"}"}]}
RESULT: {"script":"<script> [1562 bytes]","args":[{"selector":{"controlType":"sap.m.GenericTile","properties":{"header":"Manage Partners"}},"wdio_ui5_key":"sapm.GenericTile{\"header\":\"Manage Partners\"}"}]}
RESULT: undefined
COMMAND: POST /session/6e77a8c699da6c53a9289fc604b7742b/element - {"using":"xpath","value":"//*[@id=\"__tile38\"]"}
RESULT: {"using":"xpath","value":"//*[@id=\"__tile38\"]"}
COMMAND: POST /session/6e77a8c699da6c53a9289fc604b7742b/element/f.93F4A61C81F21A46154A7CFE6A8617A2.d.4A4F0E704EE3815BDB209D837196F4F1.e.1185/click - {}
RESULT: {}
COMMAND: GET /session/6e77a8c699da6c53a9289fc604b7742b/screenshot - {}
RESULT: {}
COMMAND: POST /session/6e77a8c699da6c53a9289fc604b7742b/elements - {"using":"xpath","value":"//span[text()='Error']"}
RESULT: {"using":"xpath","value":"//span[text()='Error']"}
COMMAND: POST /session/6e77a8c699da6c53a9289fc604b7742b/execute/async - {"script":"<script> [1562 bytes]","args":[{"selector":{"controlType":"sap.ui.core.Icon","viewName":"etm.portal.ui.managepartners.view.Master","viewId":"application-managepartners-display-component---masterPtm","properties":{"src":{"regex":{"source":"add"}}}},"wdio_ui5_key":"etmportal.ui.managepartners.view.Mastersap.ui.core.Icon{\"src\":{\"regex\":{\"source\":\"add\"}}}"}]}
RESULT: {"script":"<script> [1562 bytes]","args":[{"selector":{"controlType":"sap.ui.core.Icon","viewName":"etm.portal.ui.managepartners.view.Master","viewId":"application-managepartners-display-component---masterPtm","properties":{"src":{"regex":{"source":"add"}}}},"wdio_ui5_key":"etmportal.ui.managepartners.view.Mastersap.ui.core.Icon{\"src\":{\"regex\":{\"source\":\"add\"}}}"}]}
RESULT: undefined
COMMAND: POST /session/6e77a8c699da6c53a9289fc604b7742b/element - {"using":"xpath","value":"//*[@id=\"__button4-img\"]"}
RESULT: {"using":"xpath","value":"//*[@id=\"__button4-img\"]"}
COMMAND: POST /session/6e77a8c699da6c53a9289fc604b7742b/element/f.93F4A61C81F21A46154A7CFE6A8617A2.d.4A4F0E704EE3815BDB209D837196F4F1.e.1335/click - {}
RESULT: {}
COMMAND: GET /session/6e77a8c699da6c53a9289fc604b7742b/screenshot - {}
RESULT: {}
COMMAND: POST /session/6e77a8c699da6c53a9289fc604b7742b/execute/async - {"script":"<script> [1562 bytes]","args":[{"selector":{"id":"application-managepartners-display-component---NewPartner--partnerId","interaction":{"idSuffix":"inner"}},"wdio_ui5_key":"applicationmanagepartners-display-component---NewPartner--partnerId"}]}
RESULT: {"script":"<script> [1562 bytes]","args":[{"selector":{"id":"application-managepartners-display-component---NewPartner--partnerId","interaction":{"idSuffix":"inner"}},"wdio_ui5_key":"applicationmanagepartners-display-component---NewPartner--partnerId"}]}
RESULT: undefined
COMMAND: POST /session/6e77a8c699da6c53a9289fc604b7742b/execute/async - {"script":"<script> [1562 bytes]","args":[{"selector":{"id":"application-managepartners-display-component---NewPartner--addressDetailDetailsName1","interaction":{"idSuffix":"inner"}},"wdio_ui5_key":"applicationmanagepartners-display-component---NewPartner--addressDetailDetailsName1"}]}
RESULT: {"script":"<script> [1562 bytes]","args":[{"selector":{"id":"application-managepartners-display-component---NewPartner--addressDetailDetailsName1","interaction":{"idSuffix":"inner"}},"wdio_ui5_key":"applicationmanagepartners-display-component---NewPartner--addressDetailDetailsName1"}]}
RESULT: undefined
COMMAND: POST /session/6e77a8c699da6c53a9289fc604b7742b/execute/async - {"script":"<script> [776 bytes]","args":[{"enterText":"WebdriverPartnern1kjv","selector":{"id":"application-managepartners-display-component---NewPartner--addressDetailDetailsName1","interaction":{"idSuffix":"inner"}},"clearTextFirst":true,"interactionType":"ENTER_TEXT"}]}
RESULT: {"script":"<script> [776 bytes]","args":[{"enterText":"WebdriverPartnern1kjv","selector":{"id":"application-managepartners-display-component---NewPartner--addressDetailDetailsName1","interaction":{"idSuffix":"inner"}},"clearTextFirst":true,"interactionType":"ENTER_TEXT"}]}
COMMAND: POST /session/6e77a8c699da6c53a9289fc604b7742b/execute/async - {"script":"<script> [1562 bytes]","args":[{"selector":{"id":"application-managepartners-display-component---NewPartner--addressDetailDetailsLanguage","interaction":{"idSuffix":"inner"}},"wdio_ui5_key":"applicationmanagepartners-display-component---NewPartner--addressDetailDetailsLanguage"}]}
RESULT: {"script":"<script> [1562 bytes]","args":[{"selector":{"id":"application-managepartners-display-component---NewPartner--addressDetailDetailsLanguage","interaction":{"idSuffix":"inner"}},"wdio_ui5_key":"applicationmanagepartners-display-component---NewPartner--addressDetailDetailsLanguage"}]}
RESULT: undefined
COMMAND: POST /session/6e77a8c699da6c53a9289fc604b7742b/execute/async - {"script":"<script> [776 bytes]","args":[{"enterText":"Romanian","selector":{"id":"application-managepartners-display-component---NewPartner--addressDetailDetailsLanguage","interaction":{"idSuffix":"inner"}},"clearTextFirst":true,"interactionType":"ENTER_TEXT"}]}
RESULT: {"script":"<script> [776 bytes]","args":[{"enterText":"Romanian","selector":{"id":"application-managepartners-display-component---NewPartner--addressDetailDetailsLanguage","interaction":{"idSuffix":"inner"}},"clearTextFirst":true,"interactionType":"ENTER_TEXT"}]}
COMMAND: POST /session/6e77a8c699da6c53a9289fc604b7742b/element - {"using":"xpath","value":"//input[contains(@id ,\"application-managepartners-display-component---NewPartner--addressDetailDetailsName1-inner\")]"}
RESULT: {"using":"xpath","value":"//input[contains(@id ,\"application-managepartners-display-component---NewPartner--addressDetailDetailsName1-inner\")]"}
COMMAND: GET /session/6e77a8c699da6c53a9289fc604b7742b/element/f.93F4A61C81F21A46154A7CFE6A8617A2.d.4A4F0E704EE3815BDB209D837196F4F1.e.1414/property/value - {}
RESULT: {}
COMMAND: POST /session/6e77a8c699da6c53a9289fc604b7742b/execute/async - {"script":"<script> [1562 bytes]","args":[{"selector":{"id":"application-managepartners-display-component---NewPartner--addressDetailDetailsCity1","interaction":{"idSuffix":"inner"}},"wdio_ui5_key":"applicationmanagepartners-display-component---NewPartner--addressDetailDetailsCity1"}]}
COMMAND: GET /session/6e77a8c699da6c53a9289fc604b7742b/screenshot - {}
RESULT: {"script":"<script> [1562 bytes]","args":[{"selector":{"id":"application-managepartners-display-component---NewPartner--addressDetailDetailsCity1","interaction":{"idSuffix":"inner"}},"wdio_ui5_key":"applicationmanagepartners-display-component---NewPartner--addressDetailDetailsCity1"}]}
RESULT: undefined
COMMAND: POST /session/6e77a8c699da6c53a9289fc604b7742b/execute/async - {"script":"<script> [776 bytes]","args":[{"enterText":"Bucharest","selector":{"id":"application-managepartners-display-component---NewPartner--addressDetailDetailsCity1","interaction":{"idSuffix":"inner"}},"clearTextFirst":true,"interactionType":"ENTER_TEXT"}]}
RESULT: {}
RESULT: {"script":"<script> [776 bytes]","args":[{"enterText":"Bucharest","selector":{"id":"application-managepartners-display-component---NewPartner--addressDetailDetailsCity1","interaction":{"idSuffix":"inner"}},"clearTextFirst":true,"interactionType":"ENTER_TEXT"}]}
COMMAND: POST /session/6e77a8c699da6c53a9289fc604b7742b/execute/async - {"script":"<script> [1562 bytes]","args":[{"selector":{"id":"application-managepartners-display-component---NewPartner--addressDetailDetailsCountry","interaction":{"idSuffix":"inner"}},"wdio_ui5_key":"applicationmanagepartners-display-component---NewPartner--addressDetailDetailsCountry"}]}
RESULT: {"script":"<script> [1562 bytes]","args":[{"selector":{"id":"application-managepartners-display-component---NewPartner--addressDetailDetailsCountry","interaction":{"idSuffix":"inner"}},"wdio_ui5_key":"applicationmanagepartners-display-component---NewPartner--addressDetailDetailsCountry"}]}
RESULT: undefined
COMMAND: POST /session/6e77a8c699da6c53a9289fc604b7742b/execute/async - {"script":"<script> [6424 bytes]","args":[{"element-6066-11e4-a52e-4f735466cecf":"f.93F4A61C81F21A46154A7CFE6A8617A2.d.4A4F0E704EE3815BDB209D837196F4F1.e.1421"},"setValue",["Romania"]]}
RESULT: {"script":"<script> [6424 bytes]","args":[{"element-6066-11e4-a52e-4f735466cecf":"f.93F4A61C81F21A46154A7CFE6A8617A2.d.4A4F0E704EE3815BDB209D837196F4F1.e.1421"},"setValue",["Romania"]]}
COMMAND: POST /session/6e77a8c699da6c53a9289fc604b7742b/execute/async - {"script":"<script> [1562 bytes]","args":[{"selector":{"id":"application-managepartners-display-component---NewPartner--partnerDetailInternal","interaction":{"idSuffix":"inner"}},"wdio_ui5_key":"applicationmanagepartners-display-component---NewPartner--partnerDetailInternal"}]}
RESULT: {"script":"<script> [1562 bytes]","args":[{"selector":{"id":"application-managepartners-display-component---NewPartner--partnerDetailInternal","interaction":{"idSuffix":"inner"}},"wdio_ui5_key":"applicationmanagepartners-display-component---NewPartner--partnerDetailInternal"}]}
RESULT: undefined
COMMAND: POST /session/6e77a8c699da6c53a9289fc604b7742b/execute/async - {"script":"<script> [776 bytes]","args":[{"enterText":"External partner","selector":{"id":"application-managepartners-display-component---NewPartner--partnerDetailInternal","interaction":{"idSuffix":"inner"}},"clearTextFirst":true,"interactionType":"ENTER_TEXT"}]}
RESULT: {"script":"<script> [776 bytes]","args":[{"enterText":"External partner","selector":{"id":"application-managepartners-display-component---NewPartner--partnerDetailInternal","interaction":{"idSuffix":"inner"}},"clearTextFirst":true,"interactionType":"ENTER_TEXT"}]}
COMMAND: POST /session/6e77a8c699da6c53a9289fc604b7742b/execute/async - {"script":"<script> [1562 bytes]","args":[{"selector":{"id":"application-managepartners-display-component---NewPartner--partnerDetailsCurrency","interaction":{"idSuffix":"inner"}},"wdio_ui5_key":"applicationmanagepartners-display-component---NewPartner--partnerDetailsCurrency"}]}
RESULT: {"script":"<script> [1562 bytes]","args":[{"selector":{"id":"application-managepartners-display-component---NewPartner--partnerDetailsCurrency","interaction":{"idSuffix":"inner"}},"wdio_ui5_key":"applicationmanagepartners-display-component---NewPartner--partnerDetailsCurrency"}]}
RESULT: undefined
COMMAND: POST /session/6e77a8c699da6c53a9289fc604b7742b/execute/async - {"script":"<script> [776 bytes]","args":[{"enterText":"Euro","selector":{"id":"application-managepartners-display-component---NewPartner--partnerDetailsCurrency","interaction":{"idSuffix":"inner"}},"clearTextFirst":true,"interactionType":"ENTER_TEXT"}]}
RESULT: {"script":"<script> [776 bytes]","args":[{"enterText":"Euro","selector":{"id":"application-managepartners-display-component---NewPartner--partnerDetailsCurrency","interaction":{"idSuffix":"inner"}},"clearTextFirst":true,"interactionType":"ENTER_TEXT"}]}
COMMAND: POST /session/6e77a8c699da6c53a9289fc604b7742b/execute/async - {"script":"<script> [1562 bytes]","args":[{"selector":{"controlType":"sap.m.Button","viewName":"etm.portal.ui.managepartners.view.NewPartner","viewId":"application-managepartners-display-component---NewPartner","properties":{"text":"Commercial"},"interaction":{"idSuffix":"BDI-content"}},"wdio_ui5_key":"etmportal.ui.managepartners.view.NewPartnersap.m.Button{\"text\":\"Commercial\"}"}]}
RESULT: {"script":"<script> [1562 bytes]","args":[{"selector":{"controlType":"sap.m.Button","viewName":"etm.portal.ui.managepartners.view.NewPartner","viewId":"application-managepartners-display-component---NewPartner","properties":{"text":"Commercial"},"interaction":{"idSuffix":"BDI-content"}},"wdio_ui5_key":"etmportal.ui.managepartners.view.NewPartnersap.m.Button{\"text\":\"Commercial\"}"}]}
RESULT: undefined
COMMAND: POST /session/6e77a8c699da6c53a9289fc604b7742b/element - {"using":"xpath","value":"//*[@id=\"application-managepartners-display-component---NewPartner--ObjectPageLayout-anchBar-__section5-anchor\"]"}
RESULT: {"using":"xpath","value":"//*[@id=\"application-managepartners-display-component---NewPartner--ObjectPageLayout-anchBar-__section5-anchor\"]"}
COMMAND: POST /session/6e77a8c699da6c53a9289fc604b7742b/element/f.93F4A61C81F21A46154A7CFE6A8617A2.d.4A4F0E704EE3815BDB209D837196F4F1.e.1658/click - {}
RESULT: {}
COMMAND: GET /session/6e77a8c699da6c53a9289fc604b7742b/screenshot - {}
RESULT: {}
COMMAND: POST /session/6e77a8c699da6c53a9289fc604b7742b/execute/async - {"script":"<script> [1562 bytes]","args":[{"selector":{"id":"application-managepartners-display-component---NewPartner--btnAddTableRow-img"},"wdio_ui5_key":"applicationmanagepartners-display-component---NewPartner--btnAddTableRow-img"}]}
RESULT: {"script":"<script> [1562 bytes]","args":[{"selector":{"id":"application-managepartners-display-component---NewPartner--btnAddTableRow-img"},"wdio_ui5_key":"applicationmanagepartners-display-component---NewPartner--btnAddTableRow-img"}]}
RESULT: undefined
COMMAND: POST /session/6e77a8c699da6c53a9289fc604b7742b/element - {"using":"xpath","value":"//*[@id=\"application-managepartners-display-component---NewPartner--btnAddTableRow-img\"]"}
RESULT: {"using":"xpath","value":"//*[@id=\"application-managepartners-display-component---NewPartner--btnAddTableRow-img\"]"}
COMMAND: POST /session/6e77a8c699da6c53a9289fc604b7742b/element/f.93F4A61C81F21A46154A7CFE6A8617A2.d.4A4F0E704EE3815BDB209D837196F4F1.e.1664/click - {}
RESULT: {}
COMMAND: POST /session/6e77a8c699da6c53a9289fc604b7742b/element - {"using":"xpath","value":"//input[contains(@id ,\"application-managepartners-display-component---NewPartner--assignmentYard-application-managepartners-display-component---NewPartner\")]"}
COMMAND: GET /session/6e77a8c699da6c53a9289fc604b7742b/screenshot - {}
RESULT: {"using":"xpath","value":"//input[contains(@id ,\"application-managepartners-display-component---NewPartner--assignmentYard-application-managepartners-display-component---NewPartner\")]"}
COMMAND: POST /session/6e77a8c699da6c53a9289fc604b7742b/element/f.93F4A61C81F21A46154A7CFE6A8617A2.d.4A4F0E704EE3815BDB209D837196F4F1.e.1667/clear - {}
RESULT: {}
RESULT: {}
COMMAND: POST /session/6e77a8c699da6c53a9289fc604b7742b/element/f.93F4A61C81F21A46154A7CFE6A8617A2.d.4A4F0E704EE3815BDB209D837196F4F1.e.1667/value - {"text":"WebdriverYardowxms"}
COMMAND: GET /session/6e77a8c699da6c53a9289fc604b7742b/screenshot - {}
RESULT: {"text":"WebdriverYardowxms"}
COMMAND: GET /session/6e77a8c699da6c53a9289fc604b7742b/screenshot - {}
RESULT: {}
RESULT: {}
COMMAND: POST /session/6e77a8c699da6c53a9289fc604b7742b/execute/async - {"script":"<script> [1562 bytes]","args":[{"selector":{"controlType":"sap.m.Button","viewName":"etm.portal.ui.managepartners.view.NewPartner","viewId":"application-managepartners-display-component---NewPartner","i18NText":{"propertyName":"text","key":"save"},"interaction":{"idSuffix":"BDI-content"}},"wdio_ui5_key":"etmportal.ui.managepartners.view.NewPartnersap.m.Button{\"propertyName\":\"text\",\"key\":\"save\"}"}]}
RESULT: {"script":"<script> [1562 bytes]","args":[{"selector":{"controlType":"sap.m.Button","viewName":"etm.portal.ui.managepartners.view.NewPartner","viewId":"application-managepartners-display-component---NewPartner","i18NText":{"propertyName":"text","key":"save"},"interaction":{"idSuffix":"BDI-content"}},"wdio_ui5_key":"etmportal.ui.managepartners.view.NewPartnersap.m.Button{\"propertyName\":\"text\",\"key\":\"save\"}"}]}
RESULT: undefined
COMMAND: POST /session/6e77a8c699da6c53a9289fc604b7742b/element - {"using":"xpath","value":"//*[@id=\"__button12\"]"}
RESULT: {"using":"xpath","value":"//*[@id=\"__button12\"]"}
COMMAND: POST /session/6e77a8c699da6c53a9289fc604b7742b/element/f.93F4A61C81F21A46154A7CFE6A8617A2.d.4A4F0E704EE3815BDB209D837196F4F1.e.1584/click - {}
RESULT: {}
COMMAND: GET /session/6e77a8c699da6c53a9289fc604b7742b/screenshot - {}
RESULT: {}
COMMAND: POST /session/6e77a8c699da6c53a9289fc604b7742b/element - {"using":"xpath","value":"//header/div/div[2]/div[2]/span"}
RESULT: {"using":"xpath","value":"//header/div/div[2]/div[2]/span"}
COMMAND: GET /session/6e77a8c699da6c53a9289fc604b7742b/element/f.93F4A61C81F21A46154A7CFE6A8617A2.d.4A4F0E704EE3815BDB209D837196F4F1.e.1836/text - {}
RESULT: {}
COMMAND: POST /session/6e77a8c699da6c53a9289fc604b7742b/element - {"using":"xpath","value":"//header/div/div/div/div/div/div[2]/div/span"}
RESULT: {"using":"xpath","value":"//header/div/div/div/div/div/div[2]/div/span"}
COMMAND: GET /session/6e77a8c699da6c53a9289fc604b7742b/element/f.93F4A61C81F21A46154A7CFE6A8617A2.d.4A4F0E704EE3815BDB209D837196F4F1.e.1837/text - {}
RESULT: {}
COMMAND: POST /session/6e77a8c699da6c53a9289fc604b7742b/execute/async - {"script":"<script> [1562 bytes]","args":[{"selector":{"id":"application-managepartners-display-component---detailPtm--partnerType"},"wdio_ui5_key":"applicationmanagepartners-display-component---detailPtm--partnerType"}]}
RESULT: {"script":"<script> [1562 bytes]","args":[{"selector":{"id":"application-managepartners-display-component---detailPtm--partnerType"},"wdio_ui5_key":"applicationmanagepartners-display-component---detailPtm--partnerType"}]}
RESULT: undefined
COMMAND: POST /session/6e77a8c699da6c53a9289fc604b7742b/execute/async - {"script":"<script> [6424 bytes]","args":[{"element-6066-11e4-a52e-4f735466cecf":"f.93F4A61C81F21A46154A7CFE6A8617A2.d.4A4F0E704EE3815BDB209D837196F4F1.e.1838"},"getText",[]]}
RESULT: {"script":"<script> [6424 bytes]","args":[{"element-6066-11e4-a52e-4f735466cecf":"f.93F4A61C81F21A46154A7CFE6A8617A2.d.4A4F0E704EE3815BDB209D837196F4F1.e.1838"},"getText",[]]}
COMMAND: POST /session/6e77a8c699da6c53a9289fc604b7742b/element - {"using":"css selector","value":"#shell-header-logo"}
RESULT: {"using":"css selector","value":"#shell-header-logo"}
COMMAND: POST /session/6e77a8c699da6c53a9289fc604b7742b/element/f.93F4A61C81F21A46154A7CFE6A8617A2.d.4A4F0E704EE3815BDB209D837196F4F1.e.1188/click - {}
RESULT: {}
COMMAND: GET /session/6e77a8c699da6c53a9289fc604b7742b/screenshot - {}
RESULT: {}
]]></system-out>
    </testcase>
    <testcase classname="chrome.136_0_7103_93.windows.Manage_Requests_Tags_Tests_US120163" name="Should create a new site" time="112.428">
      <system-out><![CDATA[
COMMAND: POST /session/6e77a8c699da6c53a9289fc604b7742b/execute/async - {"script":"<script> [1562 bytes]","args":[{"selector":{"controlType":"sap.m.GenericTile","properties":{"header":"Manage Sites"}},"wdio_ui5_key":"sapm.GenericTile{\"header\":\"Manage Sites\"}"}]}
RESULT: {"script":"<script> [1562 bytes]","args":[{"selector":{"controlType":"sap.m.GenericTile","properties":{"header":"Manage Sites"}},"wdio_ui5_key":"sapm.GenericTile{\"header\":\"Manage Sites\"}"}]}
RESULT: undefined
COMMAND: POST /session/6e77a8c699da6c53a9289fc604b7742b/element - {"using":"xpath","value":"//*[@id=\"__tile40\"]"}
RESULT: {"using":"xpath","value":"//*[@id=\"__tile40\"]"}
COMMAND: POST /session/6e77a8c699da6c53a9289fc604b7742b/element/f.93F4A61C81F21A46154A7CFE6A8617A2.d.4A4F0E704EE3815BDB209D837196F4F1.e.1840/click - {}
RESULT: {}
COMMAND: GET /session/6e77a8c699da6c53a9289fc604b7742b/screenshot - {}
RESULT: {}
COMMAND: POST /session/6e77a8c699da6c53a9289fc604b7742b/elements - {"using":"xpath","value":"//span[text()='Error']"}
RESULT: {"using":"xpath","value":"//span[text()='Error']"}
COMMAND: POST /session/6e77a8c699da6c53a9289fc604b7742b/execute/async - {"script":"<script> [1562 bytes]","args":[{"selector":{"controlType":"sap.ui.core.Icon","viewName":"etm.portal.ui.managesites.view.Master","viewId":"application-managesites-display-component---masterSite","properties":{"src":{"regex":{"source":"add"}}}},"wdio_ui5_key":"etmportal.ui.managesites.view.Mastersap.ui.core.Icon{\"src\":{\"regex\":{\"source\":\"add\"}}}"}]}
RESULT: {"script":"<script> [1562 bytes]","args":[{"selector":{"controlType":"sap.ui.core.Icon","viewName":"etm.portal.ui.managesites.view.Master","viewId":"application-managesites-display-component---masterSite","properties":{"src":{"regex":{"source":"add"}}}},"wdio_ui5_key":"etmportal.ui.managesites.view.Mastersap.ui.core.Icon{\"src\":{\"regex\":{\"source\":\"add\"}}}"}]}
RESULT: undefined
COMMAND: POST /session/6e77a8c699da6c53a9289fc604b7742b/element - {"using":"xpath","value":"//*[@id=\"__button52-img\"]"}
RESULT: {"using":"xpath","value":"//*[@id=\"__button52-img\"]"}
COMMAND: POST /session/6e77a8c699da6c53a9289fc604b7742b/element/f.93F4A61C81F21A46154A7CFE6A8617A2.d.4A4F0E704EE3815BDB209D837196F4F1.e.1889/click - {}
RESULT: {}
COMMAND: POST /session/6e77a8c699da6c53a9289fc604b7742b/execute/async - {"script":"<script> [1562 bytes]","args":[{"selector":{"id":"application-managesites-display-component---NewSite--siteId","interaction":{"idSuffix":"inner"}},"wdio_ui5_key":"applicationmanagesites-display-component---NewSite--siteId"}]}
COMMAND: GET /session/6e77a8c699da6c53a9289fc604b7742b/screenshot - {}
RESULT: {"script":"<script> [1562 bytes]","args":[{"selector":{"id":"application-managesites-display-component---NewSite--siteId","interaction":{"idSuffix":"inner"}},"wdio_ui5_key":"applicationmanagesites-display-component---NewSite--siteId"}]}
RESULT: undefined
COMMAND: POST /session/6e77a8c699da6c53a9289fc604b7742b/execute/async - {"script":"<script> [1562 bytes]","args":[{"selector":{"id":"application-managesites-display-component---NewSite--addressDetailDetailsName1","interaction":{"idSuffix":"inner"}},"wdio_ui5_key":"applicationmanagesites-display-component---NewSite--addressDetailDetailsName1"}]}
RESULT: {}
RESULT: {"script":"<script> [1562 bytes]","args":[{"selector":{"id":"application-managesites-display-component---NewSite--addressDetailDetailsName1","interaction":{"idSuffix":"inner"}},"wdio_ui5_key":"applicationmanagesites-display-component---NewSite--addressDetailDetailsName1"}]}
RESULT: undefined
COMMAND: POST /session/6e77a8c699da6c53a9289fc604b7742b/execute/async - {"script":"<script> [776 bytes]","args":[{"enterText":"WebdriverSite6aqq2","selector":{"id":"application-managesites-display-component---NewSite--addressDetailDetailsName1","interaction":{"idSuffix":"inner"}},"clearTextFirst":true,"interactionType":"ENTER_TEXT"}]}
RESULT: {"script":"<script> [776 bytes]","args":[{"enterText":"WebdriverSite6aqq2","selector":{"id":"application-managesites-display-component---NewSite--addressDetailDetailsName1","interaction":{"idSuffix":"inner"}},"clearTextFirst":true,"interactionType":"ENTER_TEXT"}]}
COMMAND: POST /session/6e77a8c699da6c53a9289fc604b7742b/execute/async - {"script":"<script> [1562 bytes]","args":[{"selector":{"id":"application-managesites-display-component---NewSite--addressDetailDetailsLanguage","interaction":{"idSuffix":"inner"}},"wdio_ui5_key":"applicationmanagesites-display-component---NewSite--addressDetailDetailsLanguage"}]}
RESULT: {"script":"<script> [1562 bytes]","args":[{"selector":{"id":"application-managesites-display-component---NewSite--addressDetailDetailsLanguage","interaction":{"idSuffix":"inner"}},"wdio_ui5_key":"applicationmanagesites-display-component---NewSite--addressDetailDetailsLanguage"}]}
RESULT: undefined
COMMAND: POST /session/6e77a8c699da6c53a9289fc604b7742b/execute/async - {"script":"<script> [776 bytes]","args":[{"enterText":"Romanian","selector":{"id":"application-managesites-display-component---NewSite--addressDetailDetailsLanguage","interaction":{"idSuffix":"inner"}},"clearTextFirst":true,"interactionType":"ENTER_TEXT"}]}
RESULT: {"script":"<script> [776 bytes]","args":[{"enterText":"Romanian","selector":{"id":"application-managesites-display-component---NewSite--addressDetailDetailsLanguage","interaction":{"idSuffix":"inner"}},"clearTextFirst":true,"interactionType":"ENTER_TEXT"}]}
COMMAND: POST /session/6e77a8c699da6c53a9289fc604b7742b/execute/async - {"script":"<script> [1562 bytes]","args":[{"selector":{"id":"application-managesites-display-component---NewSite--addressDetailDetailsCity1","interaction":{"idSuffix":"inner"}},"wdio_ui5_key":"applicationmanagesites-display-component---NewSite--addressDetailDetailsCity1"}]}
RESULT: {"script":"<script> [1562 bytes]","args":[{"selector":{"id":"application-managesites-display-component---NewSite--addressDetailDetailsCity1","interaction":{"idSuffix":"inner"}},"wdio_ui5_key":"applicationmanagesites-display-component---NewSite--addressDetailDetailsCity1"}]}
RESULT: undefined
COMMAND: POST /session/6e77a8c699da6c53a9289fc604b7742b/execute/async - {"script":"<script> [776 bytes]","args":[{"enterText":"Bucharest","selector":{"id":"application-managesites-display-component---NewSite--addressDetailDetailsCity1","interaction":{"idSuffix":"inner"}},"clearTextFirst":true,"interactionType":"ENTER_TEXT"}]}
RESULT: {"script":"<script> [776 bytes]","args":[{"enterText":"Bucharest","selector":{"id":"application-managesites-display-component---NewSite--addressDetailDetailsCity1","interaction":{"idSuffix":"inner"}},"clearTextFirst":true,"interactionType":"ENTER_TEXT"}]}
COMMAND: POST /session/6e77a8c699da6c53a9289fc604b7742b/execute/async - {"script":"<script> [1562 bytes]","args":[{"selector":{"id":"application-managesites-display-component---NewSite--addressDetailDetailsCountry","interaction":{"idSuffix":"inner"}},"wdio_ui5_key":"applicationmanagesites-display-component---NewSite--addressDetailDetailsCountry"}]}
RESULT: {"script":"<script> [1562 bytes]","args":[{"selector":{"id":"application-managesites-display-component---NewSite--addressDetailDetailsCountry","interaction":{"idSuffix":"inner"}},"wdio_ui5_key":"applicationmanagesites-display-component---NewSite--addressDetailDetailsCountry"}]}
RESULT: undefined
COMMAND: POST /session/6e77a8c699da6c53a9289fc604b7742b/execute/async - {"script":"<script> [776 bytes]","args":[{"enterText":"Romania","selector":{"id":"application-managesites-display-component---NewSite--addressDetailDetailsCountry","interaction":{"idSuffix":"inner"}},"clearTextFirst":true,"interactionType":"ENTER_TEXT"}]}
RESULT: {"script":"<script> [776 bytes]","args":[{"enterText":"Romania","selector":{"id":"application-managesites-display-component---NewSite--addressDetailDetailsCountry","interaction":{"idSuffix":"inner"}},"clearTextFirst":true,"interactionType":"ENTER_TEXT"}]}
COMMAND: POST /session/6e77a8c699da6c53a9289fc604b7742b/element - {"using":"css selector","value":"#application-managesites-display-component---NewSite--addressDetailDetailsCalendar-inner"}
RESULT: {"using":"css selector","value":"#application-managesites-display-component---NewSite--addressDetailDetailsCalendar-inner"}
COMMAND: POST /session/6e77a8c699da6c53a9289fc604b7742b/element/f.93F4A61C81F21A46154A7CFE6A8617A2.d.4A4F0E704EE3815BDB209D837196F4F1.e.2081/clear - {}
RESULT: {}
COMMAND: POST /session/6e77a8c699da6c53a9289fc604b7742b/element/f.93F4A61C81F21A46154A7CFE6A8617A2.d.4A4F0E704EE3815BDB209D837196F4F1.e.2081/value - {"text":"Germany"}
COMMAND: GET /session/6e77a8c699da6c53a9289fc604b7742b/screenshot - {}
RESULT: {"text":"Germany"}
COMMAND: POST /session/6e77a8c699da6c53a9289fc604b7742b/execute/async - {"script":"<script> [1562 bytes]","args":[{"selector":{"id":"application-managesites-display-component---NewSite--addressEditDetailsCostObjectCstType-arrow"},"wdio_ui5_key":"applicationmanagesites-display-component---NewSite--addressEditDetailsCostObjectCstType-arrow"}]}
COMMAND: GET /session/6e77a8c699da6c53a9289fc604b7742b/screenshot - {}
RESULT: {}
RESULT: {"script":"<script> [1562 bytes]","args":[{"selector":{"id":"application-managesites-display-component---NewSite--addressEditDetailsCostObjectCstType-arrow"},"wdio_ui5_key":"applicationmanagesites-display-component---NewSite--addressEditDetailsCostObjectCstType-arrow"}]}
RESULT: undefined
COMMAND: POST /session/6e77a8c699da6c53a9289fc604b7742b/element - {"using":"xpath","value":"//*[@id=\"application-managesites-display-component---NewSite--addressEditDetailsCostObjectCstType-arrow\"]"}
RESULT: {}
RESULT: {"using":"xpath","value":"//*[@id=\"application-managesites-display-component---NewSite--addressEditDetailsCostObjectCstType-arrow\"]"}
COMMAND: POST /session/6e77a8c699da6c53a9289fc604b7742b/element/f.93F4A61C81F21A46154A7CFE6A8617A2.d.4A4F0E704EE3815BDB209D837196F4F1.e.2288/click - {}
RESULT: {}
COMMAND: POST /session/6e77a8c699da6c53a9289fc604b7742b/element - {"using":"xpath","value":"//span[contains(text(), \"Work Breakdown Structure\")]"}
COMMAND: GET /session/6e77a8c699da6c53a9289fc604b7742b/screenshot - {}
RESULT: {"using":"xpath","value":"//span[contains(text(), \"Work Breakdown Structure\")]"}
COMMAND: POST /session/6e77a8c699da6c53a9289fc604b7742b/element/f.93F4A61C81F21A46154A7CFE6A8617A2.d.4A4F0E704EE3815BDB209D837196F4F1.e.2289/click - {}
RESULT: {}
RESULT: {}
COMMAND: GET /session/6e77a8c699da6c53a9289fc604b7742b/screenshot - {}
RESULT: {}
COMMAND: POST /session/6e77a8c699da6c53a9289fc604b7742b/execute/async - {"script":"<script> [1562 bytes]","args":[{"selector":{"id":"application-managesites-display-component---NewSite--addressNewCostObjectCstID-vhi"},"wdio_ui5_key":"applicationmanagesites-display-component---NewSite--addressNewCostObjectCstID-vhi"}]}
RESULT: {"script":"<script> [1562 bytes]","args":[{"selector":{"id":"application-managesites-display-component---NewSite--addressNewCostObjectCstID-vhi"},"wdio_ui5_key":"applicationmanagesites-display-component---NewSite--addressNewCostObjectCstID-vhi"}]}
RESULT: undefined
COMMAND: POST /session/6e77a8c699da6c53a9289fc604b7742b/element - {"using":"xpath","value":"//*[@id=\"application-managesites-display-component---NewSite--addressNewCostObjectCstID-vhi\"]"}
RESULT: {"using":"xpath","value":"//*[@id=\"application-managesites-display-component---NewSite--addressNewCostObjectCstID-vhi\"]"}
COMMAND: POST /session/6e77a8c699da6c53a9289fc604b7742b/element/f.93F4A61C81F21A46154A7CFE6A8617A2.d.4A4F0E704EE3815BDB209D837196F4F1.e.2294/click - {}
RESULT: {}
COMMAND: GET /session/6e77a8c699da6c53a9289fc604b7742b/screenshot - {}
RESULT: {}
COMMAND: POST /session/6e77a8c699da6c53a9289fc604b7742b/execute/async - {"script":"<script> [1562 bytes]","args":[{"selector":{"controlType":"sap.m.SearchField","properties":{"placeholder":"Search"},"searchOpenDialogs":true,"interaction":{"idSuffix":"I"}},"wdio_ui5_key":"sapm.SearchField{\"placeholder\":\"Search\"}"}]}
RESULT: {"script":"<script> [1562 bytes]","args":[{"selector":{"controlType":"sap.m.SearchField","properties":{"placeholder":"Search"},"searchOpenDialogs":true,"interaction":{"idSuffix":"I"}},"wdio_ui5_key":"sapm.SearchField{\"placeholder\":\"Search\"}"}]}
RESULT: undefined
COMMAND: POST /session/6e77a8c699da6c53a9289fc604b7742b/execute/async - {"script":"<script> [776 bytes]","args":[{"enterText":"A1-000100-01","selector":{"controlType":"sap.m.SearchField","properties":{"placeholder":"Search"},"searchOpenDialogs":true,"interaction":{"idSuffix":"I"}},"clearTextFirst":true,"interactionType":"ENTER_TEXT"}]}
RESULT: {"script":"<script> [776 bytes]","args":[{"enterText":"A1-000100-01","selector":{"controlType":"sap.m.SearchField","properties":{"placeholder":"Search"},"searchOpenDialogs":true,"interaction":{"idSuffix":"I"}},"clearTextFirst":true,"interactionType":"ENTER_TEXT"}]}
COMMAND: POST /session/6e77a8c699da6c53a9289fc604b7742b/actions - {"actions":[{"id":"action3","type":"key","parameters":{},"actions":[{"type":"keyDown","value":"î€‡"},{"type":"pause","duration":10},{"type":"keyUp","value":"î€‡"}]}]}
RESULT: {"actions":[{"id":"action3","type":"key","parameters":{},"actions":[{"type":"keyDown","value":"î€‡"},{"type":"pause","duration":10},{"type":"keyUp","value":"î€‡"}]}]}
COMMAND: GET /session/6e77a8c699da6c53a9289fc604b7742b/screenshot - {}
RESULT: {}
COMMAND: POST /session/6e77a8c699da6c53a9289fc604b7742b/element - {"using":"xpath","value":"//span[contains(text(), \"Template for ETO-Process\")]"}
RESULT: {"using":"xpath","value":"//span[contains(text(), \"Template for ETO-Process\")]"}
COMMAND: POST /session/6e77a8c699da6c53a9289fc604b7742b/element/f.93F4A61C81F21A46154A7CFE6A8617A2.d.4A4F0E704EE3815BDB209D837196F4F1.e.2315/click - {}
RESULT: {}
COMMAND: GET /session/6e77a8c699da6c53a9289fc604b7742b/screenshot - {}
RESULT: {}
COMMAND: POST /session/6e77a8c699da6c53a9289fc604b7742b/element - {"using":"xpath","value":"//bdi[contains(text(), \"OK\")]"}
RESULT: {"using":"xpath","value":"//bdi[contains(text(), \"OK\")]"}
COMMAND: POST /session/6e77a8c699da6c53a9289fc604b7742b/element/f.93F4A61C81F21A46154A7CFE6A8617A2.d.4A4F0E704EE3815BDB209D837196F4F1.e.2316/click - {}
RESULT: {}
COMMAND: GET /session/6e77a8c699da6c53a9289fc604b7742b/screenshot - {}
RESULT: {}
COMMAND: POST /session/6e77a8c699da6c53a9289fc604b7742b/element - {"using":"xpath","value":"//input[@id=\"application-managesites-display-component---NewSite--addressDetailDetailsYard-inner\"]"}
RESULT: {"using":"xpath","value":"//input[@id=\"application-managesites-display-component---NewSite--addressDetailDetailsYard-inner\"]"}
COMMAND: POST /session/6e77a8c699da6c53a9289fc604b7742b/element/f.93F4A61C81F21A46154A7CFE6A8617A2.d.4A4F0E704EE3815BDB209D837196F4F1.e.2082/value - {"text":"WebdriverYardowxms"}
RESULT: {"text":"WebdriverYardowxms"}
COMMAND: GET /session/6e77a8c699da6c53a9289fc604b7742b/screenshot - {}
RESULT: {}
COMMAND: POST /session/6e77a8c699da6c53a9289fc604b7742b/actions - {"actions":[{"id":"action4","type":"key","parameters":{},"actions":[{"type":"keyDown","value":"î€‡"},{"type":"pause","duration":10},{"type":"keyUp","value":"î€‡"}]}]}
RESULT: {"actions":[{"id":"action4","type":"key","parameters":{},"actions":[{"type":"keyDown","value":"î€‡"},{"type":"pause","duration":10},{"type":"keyUp","value":"î€‡"}]}]}
COMMAND: GET /session/6e77a8c699da6c53a9289fc604b7742b/screenshot - {}
RESULT: {}
COMMAND: POST /session/6e77a8c699da6c53a9289fc604b7742b/element - {"using":"xpath","value":"//input[@id=\"application-managesites-display-component---NewSite--addressDetailDetailsPartner-inner\"]"}
RESULT: {"using":"xpath","value":"//input[@id=\"application-managesites-display-component---NewSite--addressDetailDetailsPartner-inner\"]"}
COMMAND: POST /session/6e77a8c699da6c53a9289fc604b7742b/elements - {"using":"xpath","value":"//input[@id=\"application-managesites-display-component---NewSite--addressDetailDetailsPartner-inner\"]"}
RESULT: {"using":"xpath","value":"//input[@id=\"application-managesites-display-component---NewSite--addressDetailDetailsPartner-inner\"]"}
COMMAND: POST /session/6e77a8c699da6c53a9289fc604b7742b/execute/async - {"script":"<script> [1562 bytes]","args":[{"selector":{"controlType":"sap.m.Button","viewName":"etm.portal.ui.managesites.view.NewSmartSite","viewId":"application-managesites-display-component---NewSite","properties":{"text":"Commercial"},"interaction":{"idSuffix":"BDI-content"}},"wdio_ui5_key":"etmportal.ui.managesites.view.NewSmartSitesap.m.Button{\"text\":\"Commercial\"}"}]}
RESULT: {"script":"<script> [1562 bytes]","args":[{"selector":{"controlType":"sap.m.Button","viewName":"etm.portal.ui.managesites.view.NewSmartSite","viewId":"application-managesites-display-component---NewSite","properties":{"text":"Commercial"},"interaction":{"idSuffix":"BDI-content"}},"wdio_ui5_key":"etmportal.ui.managesites.view.NewSmartSitesap.m.Button{\"text\":\"Commercial\"}"}]}
RESULT: undefined
COMMAND: POST /session/6e77a8c699da6c53a9289fc604b7742b/element - {"using":"xpath","value":"//*[@id=\"application-managesites-display-component---NewSite--ObjectPageLayout-anchBar-__section31-anchor\"]"}
RESULT: {"using":"xpath","value":"//*[@id=\"application-managesites-display-component---NewSite--ObjectPageLayout-anchBar-__section31-anchor\"]"}
COMMAND: POST /session/6e77a8c699da6c53a9289fc604b7742b/element/f.93F4A61C81F21A46154A7CFE6A8617A2.d.4A4F0E704EE3815BDB209D837196F4F1.e.2323/click - {}
RESULT: {}
COMMAND: POST /session/6e77a8c699da6c53a9289fc604b7742b/execute/async - {"script":"<script> [1562 bytes]","args":[{"selector":{"controlType":"sap.m.Button","viewName":"etm.portal.ui.managesites.view.NewSmartSite","viewId":"application-managesites-display-component---NewSite","i18NText":{"propertyName":"text","key":"save"},"interaction":{"idSuffix":"BDI-content"}},"wdio_ui5_key":"etmportal.ui.managesites.view.NewSmartSitesap.m.Button{\"propertyName\":\"text\",\"key\":\"save\"}"}]}
COMMAND: GET /session/6e77a8c699da6c53a9289fc604b7742b/screenshot - {}
RESULT: {"script":"<script> [1562 bytes]","args":[{"selector":{"controlType":"sap.m.Button","viewName":"etm.portal.ui.managesites.view.NewSmartSite","viewId":"application-managesites-display-component---NewSite","i18NText":{"propertyName":"text","key":"save"},"interaction":{"idSuffix":"BDI-content"}},"wdio_ui5_key":"etmportal.ui.managesites.view.NewSmartSitesap.m.Button{\"propertyName\":\"text\",\"key\":\"save\"}"}]}
RESULT: undefined
COMMAND: POST /session/6e77a8c699da6c53a9289fc604b7742b/element - {"using":"xpath","value":"//*[@id=\"__button64\"]"}
RESULT: {}
RESULT: {"using":"xpath","value":"//*[@id=\"__button64\"]"}
COMMAND: POST /session/6e77a8c699da6c53a9289fc604b7742b/element/f.93F4A61C81F21A46154A7CFE6A8617A2.d.4A4F0E704EE3815BDB209D837196F4F1.e.2267/click - {}
RESULT: {}
COMMAND: GET /session/6e77a8c699da6c53a9289fc604b7742b/screenshot - {}
RESULT: {}
COMMAND: POST /session/6e77a8c699da6c53a9289fc604b7742b/execute/async - {"script":"<script> [1562 bytes]","args":[{"selector":{"id":"application-managesites-display-component---detailSite--addressDetailDetailsYardText"},"wdio_ui5_key":"applicationmanagesites-display-component---detailSite--addressDetailDetailsYardText"}]}
RESULT: {"script":"<script> [1562 bytes]","args":[{"selector":{"id":"application-managesites-display-component---detailSite--addressDetailDetailsYardText"},"wdio_ui5_key":"applicationmanagesites-display-component---detailSite--addressDetailDetailsYardText"}]}
RESULT: undefined
COMMAND: POST /session/6e77a8c699da6c53a9289fc604b7742b/element - {"using":"xpath","value":"//header/div/div[2]/div[2]/span"}
RESULT: {"using":"xpath","value":"//header/div/div[2]/div[2]/span"}
COMMAND: GET /session/6e77a8c699da6c53a9289fc604b7742b/element/f.93F4A61C81F21A46154A7CFE6A8617A2.d.4A4F0E704EE3815BDB209D837196F4F1.e.2526/text - {}
RESULT: {}
COMMAND: POST /session/6e77a8c699da6c53a9289fc604b7742b/element - {"using":"xpath","value":"//header/div/div/div/div/div/div[2]/div/span"}
RESULT: {"using":"xpath","value":"//header/div/div/div/div/div/div[2]/div/span"}
COMMAND: GET /session/6e77a8c699da6c53a9289fc604b7742b/element/f.93F4A61C81F21A46154A7CFE6A8617A2.d.4A4F0E704EE3815BDB209D837196F4F1.e.2527/text - {}
RESULT: {}
COMMAND: POST /session/6e77a8c699da6c53a9289fc604b7742b/element - {"using":"css selector","value":"#shell-header-logo"}
RESULT: {"using":"css selector","value":"#shell-header-logo"}
COMMAND: POST /session/6e77a8c699da6c53a9289fc604b7742b/element/f.93F4A61C81F21A46154A7CFE6A8617A2.d.4A4F0E704EE3815BDB209D837196F4F1.e.1845/click - {}
RESULT: {}
COMMAND: GET /session/6e77a8c699da6c53a9289fc604b7742b/screenshot - {}
RESULT: {}
]]></system-out>
    </testcase>
    <testcase classname="chrome.136_0_7103_93.windows.Manage_Requests_Tags_Tests_US120163" name="Should Create New Request Tags" time="233.571">
      <system-out><![CDATA[
COMMAND: POST /session/6e77a8c699da6c53a9289fc604b7742b/execute/async - {"script":"<script> [1562 bytes]","args":[{"selector":{"controlType":"sap.m.GenericTile","properties":{"header":"Manage Requests"}},"wdio_ui5_key":"sapm.GenericTile{\"header\":\"Manage Requests\"}"}]}
RESULT: {"script":"<script> [1562 bytes]","args":[{"selector":{"controlType":"sap.m.GenericTile","properties":{"header":"Manage Requests"}},"wdio_ui5_key":"sapm.GenericTile{\"header\":\"Manage Requests\"}"}]}
RESULT: undefined
COMMAND: POST /session/6e77a8c699da6c53a9289fc604b7742b/element - {"using":"xpath","value":"//*[@id=\"__tile47\"]"}
RESULT: {"using":"xpath","value":"//*[@id=\"__tile47\"]"}
COMMAND: POST /session/6e77a8c699da6c53a9289fc604b7742b/element/f.93F4A61C81F21A46154A7CFE6A8617A2.d.4A4F0E704EE3815BDB209D837196F4F1.e.2529/click - {}
RESULT: {}
COMMAND: GET /session/6e77a8c699da6c53a9289fc604b7742b/screenshot - {}
RESULT: {}
COMMAND: POST /session/6e77a8c699da6c53a9289fc604b7742b/elements - {"using":"xpath","value":"//span[text()='Error']"}
RESULT: {"using":"xpath","value":"//span[text()='Error']"}
COMMAND: POST /session/6e77a8c699da6c53a9289fc604b7742b/element - {"using":"xpath","value":"//button[contains(@data-kt ,\"btnCreateNewOverflowToolbarButton\")]"}
COMMAND: POST /session/6e77a8c699da6c53a9289fc604b7742b/element - {"using":"xpath","value":"(//span[contains(@class ,\"sapMObjStatusText\")])[1]"}
RESULT: {"using":"xpath","value":"//button[contains(@data-kt ,\"btnCreateNewOverflowToolbarButton\")]"}
COMMAND: POST /session/6e77a8c699da6c53a9289fc604b7742b/element/f.93F4A61C81F21A46154A7CFE6A8617A2.d.4A4F0E704EE3815BDB209D837196F4F1.e.2585/click - {}
RESULT: {"using":"xpath","value":"(//span[contains(@class ,\"sapMObjStatusText\")])[1]"}
COMMAND: POST /session/6e77a8c699da6c53a9289fc604b7742b/execute/sync - {"script":"<script> [8489 bytes]","args":[{"element-6066-11e4-a52e-4f735466cecf":"f.93F4A61C81F21A46154A7CFE6A8617A2.d.4A4F0E704EE3815BDB209D837196F4F1.e.2635","ELEMENT":"f.93F4A61C81F21A46154A7CFE6A8617A2.d.4A4F0E704EE3815BDB209D837196F4F1.e.2635"}]}
RESULT: {}
COMMAND: GET /session/6e77a8c699da6c53a9289fc604b7742b/screenshot - {}
RESULT: {"script":"<script> [8489 bytes]","args":[{"element-6066-11e4-a52e-4f735466cecf":"f.93F4A61C81F21A46154A7CFE6A8617A2.d.4A4F0E704EE3815BDB209D837196F4F1.e.2635","ELEMENT":"f.93F4A61C81F21A46154A7CFE6A8617A2.d.4A4F0E704EE3815BDB209D837196F4F1.e.2635"}]}
COMMAND: GET /session/6e77a8c699da6c53a9289fc604b7742b/screenshot - {}
RESULT: {}
RESULT: {}
COMMAND: POST /session/6e77a8c699da6c53a9289fc604b7742b/element - {"using":"xpath","value":"//input[contains(@id ,\"yardId-inner\")]"}
RESULT: {"using":"xpath","value":"//input[contains(@id ,\"yardId-inner\")]"}
COMMAND: POST /session/6e77a8c699da6c53a9289fc604b7742b/execute/sync - {"script":"<script> [8489 bytes]","args":[{"element-6066-11e4-a52e-4f735466cecf":"f.93F4A61C81F21A46154A7CFE6A8617A2.d.4A4F0E704EE3815BDB209D837196F4F1.e.2737","ELEMENT":"f.93F4A61C81F21A46154A7CFE6A8617A2.d.4A4F0E704EE3815BDB209D837196F4F1.e.2737"}]}
RESULT: {"script":"<script> [8489 bytes]","args":[{"element-6066-11e4-a52e-4f735466cecf":"f.93F4A61C81F21A46154A7CFE6A8617A2.d.4A4F0E704EE3815BDB209D837196F4F1.e.2737","ELEMENT":"f.93F4A61C81F21A46154A7CFE6A8617A2.d.4A4F0E704EE3815BDB209D837196F4F1.e.2737"}]}
COMMAND: POST /session/6e77a8c699da6c53a9289fc604b7742b/element - {"using":"xpath","value":"//input[contains(@id ,\"yardId-inner\")]"}
COMMAND: GET /session/6e77a8c699da6c53a9289fc604b7742b/screenshot - {}
RESULT: {"using":"xpath","value":"//input[contains(@id ,\"yardId-inner\")]"}
COMMAND: GET /session/6e77a8c699da6c53a9289fc604b7742b/element/f.93F4A61C81F21A46154A7CFE6A8617A2.d.4A4F0E704EE3815BDB209D837196F4F1.e.2737/enabled - {}
RESULT: {}
RESULT: {}
COMMAND: POST /session/6e77a8c699da6c53a9289fc604b7742b/element/f.93F4A61C81F21A46154A7CFE6A8617A2.d.4A4F0E704EE3815BDB209D837196F4F1.e.2737/clear - {}
COMMAND: GET /session/6e77a8c699da6c53a9289fc604b7742b/screenshot - {}
RESULT: {}
COMMAND: POST /session/6e77a8c699da6c53a9289fc604b7742b/element/f.93F4A61C81F21A46154A7CFE6A8617A2.d.4A4F0E704EE3815BDB209D837196F4F1.e.2737/value - {"text":"WebdriverYardowxms"}
COMMAND: GET /session/6e77a8c699da6c53a9289fc604b7742b/screenshot - {}
RESULT: {}
RESULT: {"text":"WebdriverYardowxms"}
COMMAND: GET /session/6e77a8c699da6c53a9289fc604b7742b/screenshot - {}
RESULT: {}
RESULT: {}
COMMAND: POST /session/6e77a8c699da6c53a9289fc604b7742b/element - {"using":"xpath","value":"//input[contains(@id ,\"customerNumber-inner\")]"}
RESULT: {"using":"xpath","value":"//input[contains(@id ,\"customerNumber-inner\")]"}
COMMAND: POST /session/6e77a8c699da6c53a9289fc604b7742b/element/f.93F4A61C81F21A46154A7CFE6A8617A2.d.4A4F0E704EE3815BDB209D837196F4F1.e.2731/value - {"text":"WebdriverPartnern1kjv"}
COMMAND: POST /session/6e77a8c699da6c53a9289fc604b7742b/actions - {"actions":[{"id":"action5","type":"key","parameters":{},"actions":[{"type":"keyDown","value":"î€‡"},{"type":"pause","duration":10},{"type":"keyUp","value":"î€‡"}]}]}
RESULT: {"text":"WebdriverPartnern1kjv"}
COMMAND: GET /session/6e77a8c699da6c53a9289fc604b7742b/screenshot - {}
RESULT: {"actions":[{"id":"action5","type":"key","parameters":{},"actions":[{"type":"keyDown","value":"î€‡"},{"type":"pause","duration":10},{"type":"keyUp","value":"î€‡"}]}]}
COMMAND: GET /session/6e77a8c699da6c53a9289fc604b7742b/screenshot - {}
RESULT: {}
RESULT: {}
COMMAND: POST /session/6e77a8c699da6c53a9289fc604b7742b/element/f.93F4A61C81F21A46154A7CFE6A8617A2.d.4A4F0E704EE3815BDB209D837196F4F1.e.2737/clear - {}
RESULT: {}
COMMAND: POST /session/6e77a8c699da6c53a9289fc604b7742b/element/f.93F4A61C81F21A46154A7CFE6A8617A2.d.4A4F0E704EE3815BDB209D837196F4F1.e.2737/clear - {}
COMMAND: GET /session/6e77a8c699da6c53a9289fc604b7742b/screenshot - {}
RESULT: {}
COMMAND: POST /session/6e77a8c699da6c53a9289fc604b7742b/element/f.93F4A61C81F21A46154A7CFE6A8617A2.d.4A4F0E704EE3815BDB209D837196F4F1.e.2737/value - {"text":"WebdriverYardowxms"}
COMMAND: GET /session/6e77a8c699da6c53a9289fc604b7742b/screenshot - {}
RESULT: {}
COMMAND: POST /session/6e77a8c699da6c53a9289fc604b7742b/actions - {"actions":[{"id":"action6","type":"key","parameters":{},"actions":[{"type":"keyDown","value":"î€‡"},{"type":"pause","duration":10},{"type":"keyUp","value":"î€‡"}]}]}
RESULT: {"text":"WebdriverYardowxms"}
COMMAND: GET /session/6e77a8c699da6c53a9289fc604b7742b/screenshot - {}
RESULT: {}
RESULT: {"actions":[{"id":"action6","type":"key","parameters":{},"actions":[{"type":"keyDown","value":"î€‡"},{"type":"pause","duration":10},{"type":"keyUp","value":"î€‡"}]}]}
COMMAND: GET /session/6e77a8c699da6c53a9289fc604b7742b/screenshot - {}
RESULT: {}
RESULT: {}
COMMAND: GET /session/6e77a8c699da6c53a9289fc604b7742b/element/f.93F4A61C81F21A46154A7CFE6A8617A2.d.4A4F0E704EE3815BDB209D837196F4F1.e.2731/property/value - {}
RESULT: {}
COMMAND: POST /session/6e77a8c699da6c53a9289fc604b7742b/element/f.93F4A61C81F21A46154A7CFE6A8617A2.d.4A4F0E704EE3815BDB209D837196F4F1.e.2731/clear - {}
COMMAND: GET /session/6e77a8c699da6c53a9289fc604b7742b/screenshot - {}
COMMAND: POST /session/6e77a8c699da6c53a9289fc604b7742b/actions - {"actions":[{"id":"action7","type":"key","parameters":{},"actions":[{"type":"keyDown","value":"î€‡"},{"type":"pause","duration":10},{"type":"keyUp","value":"î€‡"}]}]}
RESULT: {}
COMMAND: GET /session/6e77a8c699da6c53a9289fc604b7742b/screenshot - {}
RESULT: {}
RESULT: {"actions":[{"id":"action7","type":"key","parameters":{},"actions":[{"type":"keyDown","value":"î€‡"},{"type":"pause","duration":10},{"type":"keyUp","value":"î€‡"}]}]}
COMMAND: GET /session/6e77a8c699da6c53a9289fc604b7742b/screenshot - {}
RESULT: {}
COMMAND: POST /session/6e77a8c699da6c53a9289fc604b7742b/element/f.93F4A61C81F21A46154A7CFE6A8617A2.d.4A4F0E704EE3815BDB209D837196F4F1.e.2731/value - {"text":"WebdriverPartnern1kjv"}
RESULT: {}
RESULT: {"text":"WebdriverPartnern1kjv"}
COMMAND: GET /session/6e77a8c699da6c53a9289fc604b7742b/screenshot - {}
RESULT: {}
COMMAND: POST /session/6e77a8c699da6c53a9289fc604b7742b/actions - {"actions":[{"id":"action8","type":"key","parameters":{},"actions":[{"type":"keyDown","value":"î€‡"},{"type":"pause","duration":10},{"type":"keyUp","value":"î€‡"}]}]}
RESULT: {"actions":[{"id":"action8","type":"key","parameters":{},"actions":[{"type":"keyDown","value":"î€‡"},{"type":"pause","duration":10},{"type":"keyUp","value":"î€‡"}]}]}
COMMAND: GET /session/6e77a8c699da6c53a9289fc604b7742b/screenshot - {}
RESULT: {}
COMMAND: POST /session/6e77a8c699da6c53a9289fc604b7742b/element - {"using":"xpath","value":"//input[contains(@id ,\"requestSiteId-inner\")]"}
RESULT: {"using":"xpath","value":"//input[contains(@id ,\"requestSiteId-inner\")]"}
COMMAND: POST /session/6e77a8c699da6c53a9289fc604b7742b/element/f.93F4A61C81F21A46154A7CFE6A8617A2.d.4A4F0E704EE3815BDB209D837196F4F1.e.2730/value - {"text":"WebdriverSite6aqq2"}
RESULT: {"text":"WebdriverSite6aqq2"}
COMMAND: GET /session/6e77a8c699da6c53a9289fc604b7742b/screenshot - {}
RESULT: {}
COMMAND: POST /session/6e77a8c699da6c53a9289fc604b7742b/actions - {"actions":[{"id":"action9","type":"key","parameters":{},"actions":[{"type":"keyDown","value":"î€‡"},{"type":"pause","duration":10},{"type":"keyUp","value":"î€‡"}]}]}
RESULT: {"actions":[{"id":"action9","type":"key","parameters":{},"actions":[{"type":"keyDown","value":"î€‡"},{"type":"pause","duration":10},{"type":"keyUp","value":"î€‡"}]}]}
COMMAND: GET /session/6e77a8c699da6c53a9289fc604b7742b/screenshot - {}
RESULT: {}
COMMAND: POST /session/6e77a8c699da6c53a9289fc604b7742b/execute/async - {"script":"<script> [1562 bytes]","args":[{"selector":{"controlType":"sap.m.Input","viewName":"etm.portal.ui.managerequests.view.NewRequest","bindingPath":{"path":"","propertyPath":"/DESCRIPTION","modelName":"oNewRequestModel"},"interaction":{"idSuffix":"inner"}},"wdio_ui5_key":"etmportal.ui.managerequests.view.NewRequestsap.m.Input{\"path\":\"\",\"propertyPath\":\"/DESCRIPTION\",\"modelName\":\"oNewRequestModel\"}"}]}
RESULT: {"script":"<script> [1562 bytes]","args":[{"selector":{"controlType":"sap.m.Input","viewName":"etm.portal.ui.managerequests.view.NewRequest","bindingPath":{"path":"","propertyPath":"/DESCRIPTION","modelName":"oNewRequestModel"},"interaction":{"idSuffix":"inner"}},"wdio_ui5_key":"etmportal.ui.managerequests.view.NewRequestsap.m.Input{\"path\":\"\",\"propertyPath\":\"/DESCRIPTION\",\"modelName\":\"oNewRequestModel\"}"}]}
RESULT: undefined
COMMAND: POST /session/6e77a8c699da6c53a9289fc604b7742b/execute/async - {"script":"<script> [776 bytes]","args":[{"enterText":"Wdi5 Tags Test","selector":{"controlType":"sap.m.Input","viewName":"etm.portal.ui.managerequests.view.NewRequest","bindingPath":{"path":"","propertyPath":"/DESCRIPTION","modelName":"oNewRequestModel"},"interaction":{"idSuffix":"inner"}},"clearTextFirst":true,"interactionType":"ENTER_TEXT"}]}
RESULT: {"script":"<script> [776 bytes]","args":[{"enterText":"Wdi5 Tags Test","selector":{"controlType":"sap.m.Input","viewName":"etm.portal.ui.managerequests.view.NewRequest","bindingPath":{"path":"","propertyPath":"/DESCRIPTION","modelName":"oNewRequestModel"},"interaction":{"idSuffix":"inner"}},"clearTextFirst":true,"interactionType":"ENTER_TEXT"}]}
COMMAND: POST /session/6e77a8c699da6c53a9289fc604b7742b/execute/async - {"script":"<script> [1562 bytes]","args":[{"selector":{"id":"tagInputAdd","viewName":"etm.portal.ui.managerequests.view.NewRequest","interaction":{"idSuffix":"inner"}},"wdio_ui5_key":"tagInputAddetmportal.ui.managerequests.view.NewRequest"}]}
RESULT: {"script":"<script> [1562 bytes]","args":[{"selector":{"id":"tagInputAdd","viewName":"etm.portal.ui.managerequests.view.NewRequest","interaction":{"idSuffix":"inner"}},"wdio_ui5_key":"tagInputAddetmportal.ui.managerequests.view.NewRequest"}]}
RESULT: undefined
COMMAND: POST /session/6e77a8c699da6c53a9289fc604b7742b/execute/async - {"script":"<script> [776 bytes]","args":[{"enterText":"RefTag","selector":{"id":"tagInputAdd","viewName":"etm.portal.ui.managerequests.view.NewRequest","interaction":{"idSuffix":"inner"}},"clearTextFirst":true,"interactionType":"ENTER_TEXT"}]}
RESULT: {"script":"<script> [776 bytes]","args":[{"enterText":"RefTag","selector":{"id":"tagInputAdd","viewName":"etm.portal.ui.managerequests.view.NewRequest","interaction":{"idSuffix":"inner"}},"clearTextFirst":true,"interactionType":"ENTER_TEXT"}]}
COMMAND: POST /session/6e77a8c699da6c53a9289fc604b7742b/actions - {"actions":[{"id":"action10","type":"key","parameters":{},"actions":[{"type":"keyDown","value":"î€‡"},{"type":"pause","duration":10},{"type":"keyUp","value":"î€‡"}]}]}
RESULT: {"actions":[{"id":"action10","type":"key","parameters":{},"actions":[{"type":"keyDown","value":"î€‡"},{"type":"pause","duration":10},{"type":"keyUp","value":"î€‡"}]}]}
COMMAND: GET /session/6e77a8c699da6c53a9289fc604b7742b/screenshot - {}
RESULT: {}
RESULT: undefined
COMMAND: POST /session/6e77a8c699da6c53a9289fc604b7742b/execute/async - {"script":"<script> [776 bytes]","args":[{"enterText":"tag-header","selector":{"id":"tagInputAdd","viewName":"etm.portal.ui.managerequests.view.NewRequest","interaction":{"idSuffix":"inner"}},"clearTextFirst":true,"interactionType":"ENTER_TEXT"}]}
RESULT: {"script":"<script> [776 bytes]","args":[{"enterText":"tag-header","selector":{"id":"tagInputAdd","viewName":"etm.portal.ui.managerequests.view.NewRequest","interaction":{"idSuffix":"inner"}},"clearTextFirst":true,"interactionType":"ENTER_TEXT"}]}
COMMAND: POST /session/6e77a8c699da6c53a9289fc604b7742b/actions - {"actions":[{"id":"action11","type":"key","parameters":{},"actions":[{"type":"keyDown","value":"î€‡"},{"type":"pause","duration":10},{"type":"keyUp","value":"î€‡"}]}]}
RESULT: {"actions":[{"id":"action11","type":"key","parameters":{},"actions":[{"type":"keyDown","value":"î€‡"},{"type":"pause","duration":10},{"type":"keyUp","value":"î€‡"}]}]}
COMMAND: GET /session/6e77a8c699da6c53a9289fc604b7742b/screenshot - {}
RESULT: {}
RESULT: undefined
COMMAND: POST /session/6e77a8c699da6c53a9289fc604b7742b/execute/async - {"script":"<script> [776 bytes]","args":[{"enterText":"tag-duplicate","selector":{"id":"tagInputAdd","viewName":"etm.portal.ui.managerequests.view.NewRequest","interaction":{"idSuffix":"inner"}},"clearTextFirst":true,"interactionType":"ENTER_TEXT"}]}
RESULT: {"script":"<script> [776 bytes]","args":[{"enterText":"tag-duplicate","selector":{"id":"tagInputAdd","viewName":"etm.portal.ui.managerequests.view.NewRequest","interaction":{"idSuffix":"inner"}},"clearTextFirst":true,"interactionType":"ENTER_TEXT"}]}
COMMAND: POST /session/6e77a8c699da6c53a9289fc604b7742b/actions - {"actions":[{"id":"action12","type":"key","parameters":{},"actions":[{"type":"keyDown","value":"î€‡"},{"type":"pause","duration":10},{"type":"keyUp","value":"î€‡"}]}]}
RESULT: {"actions":[{"id":"action12","type":"key","parameters":{},"actions":[{"type":"keyDown","value":"î€‡"},{"type":"pause","duration":10},{"type":"keyUp","value":"î€‡"}]}]}
COMMAND: GET /session/6e77a8c699da6c53a9289fc604b7742b/screenshot - {}
RESULT: {}
COMMAND: POST /session/6e77a8c699da6c53a9289fc604b7742b/execute/async - {"script":"<script> [1562 bytes]","args":[{"selector":{"id":"tagsLayoutAdd","viewName":"etm.portal.ui.managerequests.view.NewRequest"},"wdio_ui5_key":"tagsLayoutAddetmportal.ui.managerequests.view.NewRequest"}]}
RESULT: {"script":"<script> [1562 bytes]","args":[{"selector":{"id":"tagsLayoutAdd","viewName":"etm.portal.ui.managerequests.view.NewRequest"},"wdio_ui5_key":"tagsLayoutAddetmportal.ui.managerequests.view.NewRequest"}]}
RESULT: undefined
COMMAND: POST /session/6e77a8c699da6c53a9289fc604b7742b/execute/async - {"script":"<script> [6424 bytes]","args":[{"element-6066-11e4-a52e-4f735466cecf":"f.93F4A61C81F21A46154A7CFE6A8617A2.d.4A4F0E704EE3815BDB209D837196F4F1.e.2854"},"getTokens",[]]}
RESULT: {"script":"<script> [6424 bytes]","args":[{"element-6066-11e4-a52e-4f735466cecf":"f.93F4A61C81F21A46154A7CFE6A8617A2.d.4A4F0E704EE3815BDB209D837196F4F1.e.2854"},"getTokens",[]]}
COMMAND: POST /session/6e77a8c699da6c53a9289fc604b7742b/execute/async - {"script":"<script> [1562 bytes]","args":[{"wdio_ui5_key":"__token9","selector":{"id":"__token9"}}]}
COMMAND: POST /session/6e77a8c699da6c53a9289fc604b7742b/execute/async - {"script":"<script> [1562 bytes]","args":[{"wdio_ui5_key":"__token10","selector":{"id":"__token10"}}]}
COMMAND: POST /session/6e77a8c699da6c53a9289fc604b7742b/execute/async - {"script":"<script> [1562 bytes]","args":[{"wdio_ui5_key":"__token8","selector":{"id":"__token8"}}]}
RESULT: {"script":"<script> [1562 bytes]","args":[{"wdio_ui5_key":"__token9","selector":{"id":"__token9"}}]}
RESULT: undefined
RESULT: {"script":"<script> [1562 bytes]","args":[{"wdio_ui5_key":"__token10","selector":{"id":"__token10"}}]}
RESULT: undefined
RESULT: {"script":"<script> [1562 bytes]","args":[{"wdio_ui5_key":"__token8","selector":{"id":"__token8"}}]}
RESULT: undefined
COMMAND: POST /session/6e77a8c699da6c53a9289fc604b7742b/execute/async - {"script":"<script> [1562 bytes]","args":[{"selector":{"controlType":"sap.ui.core.Icon","viewName":"etm.portal.ui.managerequests.view.NewRequest","properties":{"src":{"regex":{"source":"decline"}}},"ancestor":{"controlType":"sap.m.Token","viewName":"etm.portal.ui.managerequests.view.NewRequest","properties":{"text":"tag-duplicate"}}},"wdio_ui5_key":"etmportal.ui.managerequests.view.NewRequestsap.ui.core.Icon{\"src\":{\"regex\":{\"source\":\"decline\"}}}{\"controlType\":\"sap.m.Token\",\"viewName\":\"etm.portal.ui.managerequests.view.NewRequest\",\"properties\":{\"text\":\"tag-duplicate\"}}"}]}
RESULT: {"script":"<script> [1562 bytes]","args":[{"selector":{"controlType":"sap.ui.core.Icon","viewName":"etm.portal.ui.managerequests.view.NewRequest","properties":{"src":{"regex":{"source":"decline"}}},"ancestor":{"controlType":"sap.m.Token","viewName":"etm.portal.ui.managerequests.view.NewRequest","properties":{"text":"tag-duplicate"}}},"wdio_ui5_key":"etmportal.ui.managerequests.view.NewRequestsap.ui.core.Icon{\"src\":{\"regex\":{\"source\":\"decline\"}}}{\"controlType\":\"sap.m.Token\",\"viewName\":\"etm.portal.ui.managerequests.view.NewRequest\",\"properties\":{\"text\":\"tag-duplicate\"}}"}]}
RESULT: undefined
COMMAND: POST /session/6e77a8c699da6c53a9289fc604b7742b/element - {"using":"xpath","value":"//*[@id=\"__token10-icon\"]"}
RESULT: {"using":"xpath","value":"//*[@id=\"__token10-icon\"]"}
COMMAND: POST /session/6e77a8c699da6c53a9289fc604b7742b/element/f.93F4A61C81F21A46154A7CFE6A8617A2.d.4A4F0E704EE3815BDB209D837196F4F1.e.2890/click - {}
RESULT: {}
COMMAND: POST /session/6e77a8c699da6c53a9289fc604b7742b/execute/async - {"script":"<script> [1562 bytes]","args":[{"selector":{"controlType":"sap.ui.core.Icon","viewName":"etm.portal.ui.managerequests.view.NewRequest","properties":{"src":{"regex":{"source":"decline"}}},"ancestor":{"controlType":"sap.m.Token","viewName":"etm.portal.ui.managerequests.view.NewRequest","properties":{"text":"tag1"}}},"wdio_ui5_key":"etmportal.ui.managerequests.view.NewRequestsap.ui.core.Icon{\"src\":{\"regex\":{\"source\":\"decline\"}}}{\"controlType\":\"sap.m.Token\",\"viewName\":\"etm.portal.ui.managerequests.view.NewRequest\",\"properties\":{\"text\":\"tag1\"}}"}]}
COMMAND: GET /session/6e77a8c699da6c53a9289fc604b7742b/screenshot - {}
RESULT: {"script":"<script> [1562 bytes]","args":[{"selector":{"controlType":"sap.ui.core.Icon","viewName":"etm.portal.ui.managerequests.view.NewRequest","properties":{"src":{"regex":{"source":"decline"}}},"ancestor":{"controlType":"sap.m.Token","viewName":"etm.portal.ui.managerequests.view.NewRequest","properties":{"text":"tag1"}}},"wdio_ui5_key":"etmportal.ui.managerequests.view.NewRequestsap.ui.core.Icon{\"src\":{\"regex\":{\"source\":\"decline\"}}}{\"controlType\":\"sap.m.Token\",\"viewName\":\"etm.portal.ui.managerequests.view.NewRequest\",\"properties\":{\"text\":\"tag1\"}}"}]}
RESULT: undefined
RESULT: {}
COMMAND: POST /session/6e77a8c699da6c53a9289fc604b7742b/actions - {"actions":[{"id":"action13","type":"key","parameters":{},"actions":[{"type":"keyDown","value":"î€Œ"},{"type":"pause","duration":10},{"type":"keyUp","value":"î€Œ"}]}]}
RESULT: {"actions":[{"id":"action13","type":"key","parameters":{},"actions":[{"type":"keyDown","value":"î€Œ"},{"type":"pause","duration":10},{"type":"keyUp","value":"î€Œ"}]}]}
COMMAND: GET /session/6e77a8c699da6c53a9289fc604b7742b/screenshot - {}
RESULT: {}
RESULT: undefined
COMMAND: POST /session/6e77a8c699da6c53a9289fc604b7742b/execute/async - {"script":"<script> [6424 bytes]","args":[{"element-6066-11e4-a52e-4f735466cecf":"f.93F4A61C81F21A46154A7CFE6A8617A2.d.4A4F0E704EE3815BDB209D837196F4F1.e.2854"},"getTokens",[]]}
RESULT: {"script":"<script> [6424 bytes]","args":[{"element-6066-11e4-a52e-4f735466cecf":"f.93F4A61C81F21A46154A7CFE6A8617A2.d.4A4F0E704EE3815BDB209D837196F4F1.e.2854"},"getTokens",[]]}
RESULT: undefined
RESULT: undefined
COMMAND: POST /session/6e77a8c699da6c53a9289fc604b7742b/execute/async - {"script":"<script> [1562 bytes]","args":[{"selector":{"controlType":"sap.m.Button","viewName":"etm.portal.ui.managerequests.view.NewRequest","properties":{"text":"Items"},"interaction":{"idSuffix":"BDI-content"}},"wdio_ui5_key":"etmportal.ui.managerequests.view.NewRequestsap.m.Button{\"text\":\"Items\"}"}]}
RESULT: {"script":"<script> [1562 bytes]","args":[{"selector":{"controlType":"sap.m.Button","viewName":"etm.portal.ui.managerequests.view.NewRequest","properties":{"text":"Items"},"interaction":{"idSuffix":"BDI-content"}},"wdio_ui5_key":"etmportal.ui.managerequests.view.NewRequestsap.m.Button{\"text\":\"Items\"}"}]}
RESULT: undefined
COMMAND: POST /session/6e77a8c699da6c53a9289fc604b7742b/element - {"using":"xpath","value":"//*[@id=\"__xmlview59--newRequestPage-anchBar-__xmlview59--requestItemsSection-anchor\"]"}
RESULT: {"using":"xpath","value":"//*[@id=\"__xmlview59--newRequestPage-anchBar-__xmlview59--requestItemsSection-anchor\"]"}
COMMAND: POST /session/6e77a8c699da6c53a9289fc604b7742b/element/f.93F4A61C81F21A46154A7CFE6A8617A2.d.4A4F0E704EE3815BDB209D837196F4F1.e.2897/click - {}
RESULT: {}
COMMAND: GET /session/6e77a8c699da6c53a9289fc604b7742b/screenshot - {}
RESULT: {}
COMMAND: POST /session/6e77a8c699da6c53a9289fc604b7742b/execute/async - {"script":"<script> [1562 bytes]","args":[{"selector":{"controlType":"sap.ui.core.Icon","viewName":"etm.portal.ui.managerequests.view.NewRequest","properties":{"src":{"regex":{"source":"inspect"}}}},"wdio_ui5_key":"etmportal.ui.managerequests.view.NewRequestsap.ui.core.Icon{\"src\":{\"regex\":{\"source\":\"inspect\"}}}"}]}
RESULT: {"script":"<script> [1562 bytes]","args":[{"selector":{"controlType":"sap.ui.core.Icon","viewName":"etm.portal.ui.managerequests.view.NewRequest","properties":{"src":{"regex":{"source":"inspect"}}}},"wdio_ui5_key":"etmportal.ui.managerequests.view.NewRequestsap.ui.core.Icon{\"src\":{\"regex\":{\"source\":\"inspect\"}}}"}]}
RESULT: undefined
COMMAND: POST /session/6e77a8c699da6c53a9289fc604b7742b/element - {"using":"xpath","value":"//*[@id=\"__button114-img\"]"}
RESULT: {"using":"xpath","value":"//*[@id=\"__button114-img\"]"}
COMMAND: POST /session/6e77a8c699da6c53a9289fc604b7742b/element/f.93F4A61C81F21A46154A7CFE6A8617A2.d.4A4F0E704EE3815BDB209D837196F4F1.e.2902/click - {}
RESULT: {}
COMMAND: GET /session/6e77a8c699da6c53a9289fc604b7742b/screenshot - {}
RESULT: {}
COMMAND: POST /session/6e77a8c699da6c53a9289fc604b7742b/execute/async - {"script":"<script> [1562 bytes]","args":[{"selector":{"controlType":"sap.ui.core.Icon","viewName":"etm.portal.ui.managerequests.view.NewRequest","properties":{"src":{"regex":{"source":"add"}}}},"wdio_ui5_key":"etmportal.ui.managerequests.view.NewRequestsap.ui.core.Icon{\"src\":{\"regex\":{\"source\":\"add\"}}}"}]}
RESULT: {"script":"<script> [1562 bytes]","args":[{"selector":{"controlType":"sap.ui.core.Icon","viewName":"etm.portal.ui.managerequests.view.NewRequest","properties":{"src":{"regex":{"source":"add"}}}},"wdio_ui5_key":"etmportal.ui.managerequests.view.NewRequestsap.ui.core.Icon{\"src\":{\"regex\":{\"source\":\"add\"}}}"}]}
RESULT: undefined
COMMAND: POST /session/6e77a8c699da6c53a9289fc604b7742b/element - {"using":"xpath","value":"//*[@id=\"__xmlview59--btnAddTableRow-img\"]"}
RESULT: {"using":"xpath","value":"//*[@id=\"__xmlview59--btnAddTableRow-img\"]"}
COMMAND: POST /session/6e77a8c699da6c53a9289fc604b7742b/element/f.93F4A61C81F21A46154A7CFE6A8617A2.d.4A4F0E704EE3815BDB209D837196F4F1.e.2910/click - {}
RESULT: {}
COMMAND: GET /session/6e77a8c699da6c53a9289fc604b7742b/screenshot - {}
RESULT: {}
COMMAND: POST /session/6e77a8c699da6c53a9289fc604b7742b/execute/async - {"script":"<script> [1562 bytes]","args":[{"selector":{"controlType":"sap.ui.unified.MenuItem","viewName":"etm.portal.ui.managerequests.view.NewRequest","i18NText":{"propertyName":"text","key":"standardEntry"},"searchOpenDialogs":true,"interaction":{"idSuffix":"txt"}},"wdio_ui5_key":"etmportal.ui.managerequests.view.NewRequestsap.ui.unified.MenuItem{\"propertyName\":\"text\",\"key\":\"standardEntry\"}"}]}
RESULT: {"script":"<script> [1562 bytes]","args":[{"selector":{"controlType":"sap.ui.unified.MenuItem","viewName":"etm.portal.ui.managerequests.view.NewRequest","i18NText":{"propertyName":"text","key":"standardEntry"},"searchOpenDialogs":true,"interaction":{"idSuffix":"txt"}},"wdio_ui5_key":"etmportal.ui.managerequests.view.NewRequestsap.ui.unified.MenuItem{\"propertyName\":\"text\",\"key\":\"standardEntry\"}"}]}
RESULT: undefined
COMMAND: POST /session/6e77a8c699da6c53a9289fc604b7742b/element - {"using":"xpath","value":"//*[@id=\"__item1722\"]"}
RESULT: {"using":"xpath","value":"//*[@id=\"__item1722\"]"}
COMMAND: POST /session/6e77a8c699da6c53a9289fc604b7742b/element/f.93F4A61C81F21A46154A7CFE6A8617A2.d.4A4F0E704EE3815BDB209D837196F4F1.e.2913/click - {}
RESULT: {}
COMMAND: GET /session/6e77a8c699da6c53a9289fc604b7742b/screenshot - {}
RESULT: {}
RESULT: undefined
COMMAND: POST /session/6e77a8c699da6c53a9289fc604b7742b/element - {"using":"xpath","value":"//*[@id=\"__xmlview59--btnAddTableRow-img\"]"}
RESULT: {"using":"xpath","value":"//*[@id=\"__xmlview59--btnAddTableRow-img\"]"}
COMMAND: POST /session/6e77a8c699da6c53a9289fc604b7742b/element/f.93F4A61C81F21A46154A7CFE6A8617A2.d.4A4F0E704EE3815BDB209D837196F4F1.e.2910/click - {}
RESULT: {}
COMMAND: GET /session/6e77a8c699da6c53a9289fc604b7742b/screenshot - {}
RESULT: {}
RESULT: undefined
COMMAND: POST /session/6e77a8c699da6c53a9289fc604b7742b/element - {"using":"xpath","value":"//*[@id=\"__item1722\"]"}
RESULT: {"using":"xpath","value":"//*[@id=\"__item1722\"]"}
COMMAND: POST /session/6e77a8c699da6c53a9289fc604b7742b/element/f.93F4A61C81F21A46154A7CFE6A8617A2.d.4A4F0E704EE3815BDB209D837196F4F1.e.2934/click - {}
RESULT: {}
COMMAND: GET /session/6e77a8c699da6c53a9289fc604b7742b/screenshot - {}
RESULT: {}
COMMAND: POST /session/6e77a8c699da6c53a9289fc604b7742b/element - {"using":"xpath","value":"(//input[contains(@id ,\"requestItemsTable-0-inner\")])[5]"}
RESULT: {"using":"xpath","value":"(//input[contains(@id ,\"requestItemsTable-0-inner\")])[5]"}
COMMAND: POST /session/6e77a8c699da6c53a9289fc604b7742b/element/f.93F4A61C81F21A46154A7CFE6A8617A2.d.4A4F0E704EE3815BDB209D837196F4F1.e.2925/clear - {}
RESULT: {}
COMMAND: POST /session/6e77a8c699da6c53a9289fc604b7742b/element/f.93F4A61C81F21A46154A7CFE6A8617A2.d.4A4F0E704EE3815BDB209D837196F4F1.e.2925/value - {"text":"1000001"}
COMMAND: GET /session/6e77a8c699da6c53a9289fc604b7742b/screenshot - {}
RESULT: {"text":"1000001"}
COMMAND: GET /session/6e77a8c699da6c53a9289fc604b7742b/screenshot - {}
RESULT: {}
RESULT: {}
COMMAND: POST /session/6e77a8c699da6c53a9289fc604b7742b/actions - {"actions":[{"id":"action14","type":"key","parameters":{},"actions":[{"type":"keyDown","value":"î€‡"},{"type":"pause","duration":10},{"type":"keyUp","value":"î€‡"}]}]}
RESULT: {"actions":[{"id":"action14","type":"key","parameters":{},"actions":[{"type":"keyDown","value":"î€‡"},{"type":"pause","duration":10},{"type":"keyUp","value":"î€‡"}]}]}
COMMAND: POST /session/6e77a8c699da6c53a9289fc604b7742b/element - {"using":"xpath","value":"(//input[contains(@id ,\"requestItemsTable-1-inner\")])[5]"}
COMMAND: GET /session/6e77a8c699da6c53a9289fc604b7742b/screenshot - {}
RESULT: {"using":"xpath","value":"(//input[contains(@id ,\"requestItemsTable-1-inner\")])[5]"}
COMMAND: POST /session/6e77a8c699da6c53a9289fc604b7742b/element/f.93F4A61C81F21A46154A7CFE6A8617A2.d.4A4F0E704EE3815BDB209D837196F4F1.e.2940/clear - {}
RESULT: {}
RESULT: {}
COMMAND: POST /session/6e77a8c699da6c53a9289fc604b7742b/element/f.93F4A61C81F21A46154A7CFE6A8617A2.d.4A4F0E704EE3815BDB209D837196F4F1.e.2940/value - {"text":"1000002"}
COMMAND: GET /session/6e77a8c699da6c53a9289fc604b7742b/screenshot - {}
RESULT: {"text":"1000002"}
COMMAND: GET /session/6e77a8c699da6c53a9289fc604b7742b/screenshot - {}
RESULT: {}
RESULT: {}
COMMAND: POST /session/6e77a8c699da6c53a9289fc604b7742b/actions - {"actions":[{"id":"action15","type":"key","parameters":{},"actions":[{"type":"keyDown","value":"î€‡"},{"type":"pause","duration":10},{"type":"keyUp","value":"î€‡"}]}]}
RESULT: {"actions":[{"id":"action15","type":"key","parameters":{},"actions":[{"type":"keyDown","value":"î€‡"},{"type":"pause","duration":10},{"type":"keyUp","value":"î€‡"}]}]}
COMMAND: POST /session/6e77a8c699da6c53a9289fc604b7742b/execute/async - {"script":"<script> [1562 bytes]","args":[{"selector":{"controlType":"sap.m.Input","viewName":"etm.portal.ui.managerequests.view.NewRequest","bindingPath":{"path":"","propertyPath":"/Tags","modelName":"catalogModel"},"ancestor":{"controlType":"sap.m.ColumnListItem","viewName":"etm.portal.ui.managerequests.view.NewRequest","bindingPath":{"modelName":"newRequestItems","path":"/RequestItems/0"},"ancestor":{"id":"requestItemsTable","viewName":"etm.portal.ui.managerequests.view.NewRequest"}},"interaction":{"idSuffix":"inner"}},"wdio_ui5_key":"etmportal.ui.managerequests.view.NewRequestsap.m.Input{\"path\":\"\",\"propertyPath\":\"/Tags\",\"modelName\":\"catalogModel\"}{\"controlType\":\"sap.m.ColumnListItem\",\"viewName\":\"etm.portal.ui.managerequests.view.NewRequest\",\"bindingPath\":{\"modelName\":\"newRequestItems\",\"path\":\"/RequestItems/0\"},\"ancestor\":{\"id\":\"requestItemsTable\",\"viewName\":\"etm.portal.ui.managerequests.view.NewRequest\"}}"}]}
COMMAND: GET /session/6e77a8c699da6c53a9289fc604b7742b/screenshot - {}
RESULT: {"script":"<script> [1562 bytes]","args":[{"selector":{"controlType":"sap.m.Input","viewName":"etm.portal.ui.managerequests.view.NewRequest","bindingPath":{"path":"","propertyPath":"/Tags","modelName":"catalogModel"},"ancestor":{"controlType":"sap.m.ColumnListItem","viewName":"etm.portal.ui.managerequests.view.NewRequest","bindingPath":{"modelName":"newRequestItems","path":"/RequestItems/0"},"ancestor":{"id":"requestItemsTable","viewName":"etm.portal.ui.managerequests.view.NewRequest"}},"interaction":{"idSuffix":"inner"}},"wdio_ui5_key":"etmportal.ui.managerequests.view.NewRequestsap.m.Input{\"path\":\"\",\"propertyPath\":\"/Tags\",\"modelName\":\"catalogModel\"}{\"controlType\":\"sap.m.ColumnListItem\",\"viewName\":\"etm.portal.ui.managerequests.view.NewRequest\",\"bindingPath\":{\"modelName\":\"newRequestItems\",\"path\":\"/RequestItems/0\"},\"ancestor\":{\"id\":\"requestItemsTable\",\"viewName\":\"etm.portal.ui.managerequests.view.NewRequest\"}}"}]}
RESULT: undefined
COMMAND: POST /session/6e77a8c699da6c53a9289fc604b7742b/execute/async - {"script":"<script> [776 bytes]","args":[{"enterText":"tag1","selector":{"controlType":"sap.m.Input","viewName":"etm.portal.ui.managerequests.view.NewRequest","bindingPath":{"path":"","propertyPath":"/Tags","modelName":"catalogModel"},"ancestor":{"controlType":"sap.m.ColumnListItem","viewName":"etm.portal.ui.managerequests.view.NewRequest","bindingPath":{"modelName":"newRequestItems","path":"/RequestItems/0"},"ancestor":{"id":"requestItemsTable","viewName":"etm.portal.ui.managerequests.view.NewRequest"}},"interaction":{"idSuffix":"inner"}},"clearTextFirst":true,"interactionType":"ENTER_TEXT"}]}
RESULT: {}
RESULT: {"script":"<script> [776 bytes]","args":[{"enterText":"tag1","selector":{"controlType":"sap.m.Input","viewName":"etm.portal.ui.managerequests.view.NewRequest","bindingPath":{"path":"","propertyPath":"/Tags","modelName":"catalogModel"},"ancestor":{"controlType":"sap.m.ColumnListItem","viewName":"etm.portal.ui.managerequests.view.NewRequest","bindingPath":{"modelName":"newRequestItems","path":"/RequestItems/0"},"ancestor":{"id":"requestItemsTable","viewName":"etm.portal.ui.managerequests.view.NewRequest"}},"interaction":{"idSuffix":"inner"}},"clearTextFirst":true,"interactionType":"ENTER_TEXT"}]}
COMMAND: POST /session/6e77a8c699da6c53a9289fc604b7742b/actions - {"actions":[{"id":"action16","type":"key","parameters":{},"actions":[{"type":"keyDown","value":"î€‡"},{"type":"pause","duration":10},{"type":"keyUp","value":"î€‡"}]}]}
RESULT: {"actions":[{"id":"action16","type":"key","parameters":{},"actions":[{"type":"keyDown","value":"î€‡"},{"type":"pause","duration":10},{"type":"keyUp","value":"î€‡"}]}]}
RESULT: undefined
COMMAND: POST /session/6e77a8c699da6c53a9289fc604b7742b/execute/async - {"script":"<script> [776 bytes]","args":[{"enterText":"tag-duplicate","selector":{"controlType":"sap.m.Input","viewName":"etm.portal.ui.managerequests.view.NewRequest","bindingPath":{"path":"","propertyPath":"/Tags","modelName":"catalogModel"},"ancestor":{"controlType":"sap.m.ColumnListItem","viewName":"etm.portal.ui.managerequests.view.NewRequest","bindingPath":{"modelName":"newRequestItems","path":"/RequestItems/0"},"ancestor":{"id":"requestItemsTable","viewName":"etm.portal.ui.managerequests.view.NewRequest"}},"interaction":{"idSuffix":"inner"}},"clearTextFirst":true,"interactionType":"ENTER_TEXT"}]}
COMMAND: GET /session/6e77a8c699da6c53a9289fc604b7742b/screenshot - {}
RESULT: {"script":"<script> [776 bytes]","args":[{"enterText":"tag-duplicate","selector":{"controlType":"sap.m.Input","viewName":"etm.portal.ui.managerequests.view.NewRequest","bindingPath":{"path":"","propertyPath":"/Tags","modelName":"catalogModel"},"ancestor":{"controlType":"sap.m.ColumnListItem","viewName":"etm.portal.ui.managerequests.view.NewRequest","bindingPath":{"modelName":"newRequestItems","path":"/RequestItems/0"},"ancestor":{"id":"requestItemsTable","viewName":"etm.portal.ui.managerequests.view.NewRequest"}},"interaction":{"idSuffix":"inner"}},"clearTextFirst":true,"interactionType":"ENTER_TEXT"}]}
RESULT: {}
COMMAND: POST /session/6e77a8c699da6c53a9289fc604b7742b/actions - {"actions":[{"id":"action17","type":"key","parameters":{},"actions":[{"type":"keyDown","value":"î€‡"},{"type":"pause","duration":10},{"type":"keyUp","value":"î€‡"}]}]}
RESULT: {"actions":[{"id":"action17","type":"key","parameters":{},"actions":[{"type":"keyDown","value":"î€‡"},{"type":"pause","duration":10},{"type":"keyUp","value":"î€‡"}]}]}
COMMAND: GET /session/6e77a8c699da6c53a9289fc604b7742b/screenshot - {}
RESULT: {}
COMMAND: POST /session/6e77a8c699da6c53a9289fc604b7742b/execute/async - {"script":"<script> [1562 bytes]","args":[{"selector":{"controlType":"sap.m.Input","viewName":"etm.portal.ui.managerequests.view.NewRequest","bindingPath":{"path":"","propertyPath":"/Tags","modelName":"catalogModel"},"ancestor":{"controlType":"sap.m.ColumnListItem","viewName":"etm.portal.ui.managerequests.view.NewRequest","bindingPath":{"modelName":"newRequestItems","path":"/RequestItems/1"},"ancestor":{"id":"requestItemsTable","viewName":"etm.portal.ui.managerequests.view.NewRequest"}},"interaction":{"idSuffix":"inner"}},"wdio_ui5_key":"etmportal.ui.managerequests.view.NewRequestsap.m.Input{\"path\":\"\",\"propertyPath\":\"/Tags\",\"modelName\":\"catalogModel\"}{\"controlType\":\"sap.m.ColumnListItem\",\"viewName\":\"etm.portal.ui.managerequests.view.NewRequest\",\"bindingPath\":{\"modelName\":\"newRequestItems\",\"path\":\"/RequestItems/1\"},\"ancestor\":{\"id\":\"requestItemsTable\",\"viewName\":\"etm.portal.ui.managerequests.view.NewRequest\"}}"}]}
RESULT: {"script":"<script> [1562 bytes]","args":[{"selector":{"controlType":"sap.m.Input","viewName":"etm.portal.ui.managerequests.view.NewRequest","bindingPath":{"path":"","propertyPath":"/Tags","modelName":"catalogModel"},"ancestor":{"controlType":"sap.m.ColumnListItem","viewName":"etm.portal.ui.managerequests.view.NewRequest","bindingPath":{"modelName":"newRequestItems","path":"/RequestItems/1"},"ancestor":{"id":"requestItemsTable","viewName":"etm.portal.ui.managerequests.view.NewRequest"}},"interaction":{"idSuffix":"inner"}},"wdio_ui5_key":"etmportal.ui.managerequests.view.NewRequestsap.m.Input{\"path\":\"\",\"propertyPath\":\"/Tags\",\"modelName\":\"catalogModel\"}{\"controlType\":\"sap.m.ColumnListItem\",\"viewName\":\"etm.portal.ui.managerequests.view.NewRequest\",\"bindingPath\":{\"modelName\":\"newRequestItems\",\"path\":\"/RequestItems/1\"},\"ancestor\":{\"id\":\"requestItemsTable\",\"viewName\":\"etm.portal.ui.managerequests.view.NewRequest\"}}"}]}
RESULT: undefined
COMMAND: POST /session/6e77a8c699da6c53a9289fc604b7742b/execute/async - {"script":"<script> [776 bytes]","args":[{"enterText":"tag1","selector":{"controlType":"sap.m.Input","viewName":"etm.portal.ui.managerequests.view.NewRequest","bindingPath":{"path":"","propertyPath":"/Tags","modelName":"catalogModel"},"ancestor":{"controlType":"sap.m.ColumnListItem","viewName":"etm.portal.ui.managerequests.view.NewRequest","bindingPath":{"modelName":"newRequestItems","path":"/RequestItems/1"},"ancestor":{"id":"requestItemsTable","viewName":"etm.portal.ui.managerequests.view.NewRequest"}},"interaction":{"idSuffix":"inner"}},"clearTextFirst":true,"interactionType":"ENTER_TEXT"}]}
RESULT: {"script":"<script> [776 bytes]","args":[{"enterText":"tag1","selector":{"controlType":"sap.m.Input","viewName":"etm.portal.ui.managerequests.view.NewRequest","bindingPath":{"path":"","propertyPath":"/Tags","modelName":"catalogModel"},"ancestor":{"controlType":"sap.m.ColumnListItem","viewName":"etm.portal.ui.managerequests.view.NewRequest","bindingPath":{"modelName":"newRequestItems","path":"/RequestItems/1"},"ancestor":{"id":"requestItemsTable","viewName":"etm.portal.ui.managerequests.view.NewRequest"}},"interaction":{"idSuffix":"inner"}},"clearTextFirst":true,"interactionType":"ENTER_TEXT"}]}
COMMAND: POST /session/6e77a8c699da6c53a9289fc604b7742b/actions - {"actions":[{"id":"action18","type":"key","parameters":{},"actions":[{"type":"keyDown","value":"î€‡"},{"type":"pause","duration":10},{"type":"keyUp","value":"î€‡"}]}]}
RESULT: {"actions":[{"id":"action18","type":"key","parameters":{},"actions":[{"type":"keyDown","value":"î€‡"},{"type":"pause","duration":10},{"type":"keyUp","value":"î€‡"}]}]}
RESULT: undefined
COMMAND: POST /session/6e77a8c699da6c53a9289fc604b7742b/execute/async - {"script":"<script> [776 bytes]","args":[{"enterText":"tag-duplicate","selector":{"controlType":"sap.m.Input","viewName":"etm.portal.ui.managerequests.view.NewRequest","bindingPath":{"path":"","propertyPath":"/Tags","modelName":"catalogModel"},"ancestor":{"controlType":"sap.m.ColumnListItem","viewName":"etm.portal.ui.managerequests.view.NewRequest","bindingPath":{"modelName":"newRequestItems","path":"/RequestItems/1"},"ancestor":{"id":"requestItemsTable","viewName":"etm.portal.ui.managerequests.view.NewRequest"}},"interaction":{"idSuffix":"inner"}},"clearTextFirst":true,"interactionType":"ENTER_TEXT"}]}
COMMAND: GET /session/6e77a8c699da6c53a9289fc604b7742b/screenshot - {}
RESULT: {"script":"<script> [776 bytes]","args":[{"enterText":"tag-duplicate","selector":{"controlType":"sap.m.Input","viewName":"etm.portal.ui.managerequests.view.NewRequest","bindingPath":{"path":"","propertyPath":"/Tags","modelName":"catalogModel"},"ancestor":{"controlType":"sap.m.ColumnListItem","viewName":"etm.portal.ui.managerequests.view.NewRequest","bindingPath":{"modelName":"newRequestItems","path":"/RequestItems/1"},"ancestor":{"id":"requestItemsTable","viewName":"etm.portal.ui.managerequests.view.NewRequest"}},"interaction":{"idSuffix":"inner"}},"clearTextFirst":true,"interactionType":"ENTER_TEXT"}]}
RESULT: {}
COMMAND: POST /session/6e77a8c699da6c53a9289fc604b7742b/actions - {"actions":[{"id":"action19","type":"key","parameters":{},"actions":[{"type":"keyDown","value":"î€‡"},{"type":"pause","duration":10},{"type":"keyUp","value":"î€‡"}]}]}
RESULT: {"actions":[{"id":"action19","type":"key","parameters":{},"actions":[{"type":"keyDown","value":"î€‡"},{"type":"pause","duration":10},{"type":"keyUp","value":"î€‡"}]}]}
COMMAND: GET /session/6e77a8c699da6c53a9289fc604b7742b/screenshot - {}
RESULT: {}
COMMAND: POST /session/6e77a8c699da6c53a9289fc604b7742b/execute/async - {"script":"<script> [1562 bytes]","args":[{"selector":{"controlType":"sap.ui.core.Icon","viewName":"etm.portal.ui.managerequests.view.NewRequest","properties":{"src":{"regex":{"source":"slim\\-arrow\\-down"}}},"ancestor":{"controlType":"sap.m.Button","viewName":"etm.portal.ui.managerequests.view.NewRequest","properties":{"icon":"sap-icon://slim-arrow-down"}}},"wdio_ui5_key":"etmportal.ui.managerequests.view.NewRequestsap.ui.core.Icon{\"src\":{\"regex\":{\"source\":\"slim\\\\-arrow\\\\-down\"}}}{\"controlType\":\"sap.m.Button\",\"viewName\":\"etm.portal.ui.managerequests.view.NewRequest\",\"properties\":{\"icon\":\"sap-icon://slim-arrow-down\"}}"}]}
RESULT: {"script":"<script> [1562 bytes]","args":[{"selector":{"controlType":"sap.ui.core.Icon","viewName":"etm.portal.ui.managerequests.view.NewRequest","properties":{"src":{"regex":{"source":"slim\\-arrow\\-down"}}},"ancestor":{"controlType":"sap.m.Button","viewName":"etm.portal.ui.managerequests.view.NewRequest","properties":{"icon":"sap-icon://slim-arrow-down"}}},"wdio_ui5_key":"etmportal.ui.managerequests.view.NewRequestsap.ui.core.Icon{\"src\":{\"regex\":{\"source\":\"slim\\\\-arrow\\\\-down\"}}}{\"controlType\":\"sap.m.Button\",\"viewName\":\"etm.portal.ui.managerequests.view.NewRequest\",\"properties\":{\"icon\":\"sap-icon://slim-arrow-down\"}}"}]}
RESULT: undefined
COMMAND: POST /session/6e77a8c699da6c53a9289fc604b7742b/element - {"using":"xpath","value":"//*[@id=\"__title25-expandBtn-img\"]"}
RESULT: {"using":"xpath","value":"//*[@id=\"__title25-expandBtn-img\"]"}
COMMAND: POST /session/6e77a8c699da6c53a9289fc604b7742b/element/f.93F4A61C81F21A46154A7CFE6A8617A2.d.4A4F0E704EE3815BDB209D837196F4F1.e.2986/click - {}
RESULT: {}
COMMAND: GET /session/6e77a8c699da6c53a9289fc604b7742b/screenshot - {}
RESULT: {}
COMMAND: POST /session/6e77a8c699da6c53a9289fc604b7742b/element - {"using":"xpath","value":"//div[contains(@data-kt ,\"splitAllocationObjectStatus\")]"}
RESULT: {"using":"xpath","value":"//div[contains(@data-kt ,\"splitAllocationObjectStatus\")]"}
COMMAND: POST /session/6e77a8c699da6c53a9289fc604b7742b/elements - {"using":"xpath","value":"//div[contains(@data-kt ,\"splitAllocationObjectStatus\")]"}
RESULT: {"using":"xpath","value":"//div[contains(@data-kt ,\"splitAllocationObjectStatus\")]"}
COMMAND: POST /session/6e77a8c699da6c53a9289fc604b7742b/execute/async - {"script":"<script> [1562 bytes]","args":[{"selector":{"controlType":"sap.ui.core.Icon","viewName":"etm.portal.ui.managerequests.view.NewRequest","properties":{"src":{"regex":{"source":"message\\-error"}}},"ancestor":{"controlType":"sap.m.ColumnListItem","viewName":"etm.portal.ui.managerequests.view.NewRequest","bindingPath":{"modelName":"newRequestItems","path":"/RequestItems/0"},"ancestor":{"id":"requestItemsTable","viewName":"etm.portal.ui.managerequests.view.NewRequest"}}},"wdio_ui5_key":"etmportal.ui.managerequests.view.NewRequestsap.ui.core.Icon{\"src\":{\"regex\":{\"source\":\"message\\\\-error\"}}}{\"controlType\":\"sap.m.ColumnListItem\",\"viewName\":\"etm.portal.ui.managerequests.view.NewRequest\",\"bindingPath\":{\"modelName\":\"newRequestItems\",\"path\":\"/RequestItems/0\"},\"ancestor\":{\"id\":\"requestItemsTable\",\"viewName\":\"etm.portal.ui.managerequests.view.NewRequest\"}}"}]}
RESULT: {"script":"<script> [1562 bytes]","args":[{"selector":{"controlType":"sap.ui.core.Icon","viewName":"etm.portal.ui.managerequests.view.NewRequest","properties":{"src":{"regex":{"source":"message\\-error"}}},"ancestor":{"controlType":"sap.m.ColumnListItem","viewName":"etm.portal.ui.managerequests.view.NewRequest","bindingPath":{"modelName":"newRequestItems","path":"/RequestItems/0"},"ancestor":{"id":"requestItemsTable","viewName":"etm.portal.ui.managerequests.view.NewRequest"}}},"wdio_ui5_key":"etmportal.ui.managerequests.view.NewRequestsap.ui.core.Icon{\"src\":{\"regex\":{\"source\":\"message\\\\-error\"}}}{\"controlType\":\"sap.m.ColumnListItem\",\"viewName\":\"etm.portal.ui.managerequests.view.NewRequest\",\"bindingPath\":{\"modelName\":\"newRequestItems\",\"path\":\"/RequestItems/0\"},\"ancestor\":{\"id\":\"requestItemsTable\",\"viewName\":\"etm.portal.ui.managerequests.view.NewRequest\"}}"}]}
RESULT: undefined
COMMAND: POST /session/6e77a8c699da6c53a9289fc604b7742b/element - {"using":"xpath","value":"//*[@id=\"__status6-__xmlview59--requestItemsTable-0-icon\"]"}
RESULT: {"using":"xpath","value":"//*[@id=\"__status6-__xmlview59--requestItemsTable-0-icon\"]"}
COMMAND: POST /session/6e77a8c699da6c53a9289fc604b7742b/element/f.93F4A61C81F21A46154A7CFE6A8617A2.d.4A4F0E704EE3815BDB209D837196F4F1.e.2967/click - {}
RESULT: {}
COMMAND: GET /session/6e77a8c699da6c53a9289fc604b7742b/screenshot - {}
RESULT: {}
COMMAND: POST /session/6e77a8c699da6c53a9289fc604b7742b/execute/async - {"script":"<script> [1562 bytes]","args":[{"selector":{"id":"costObjectAdminTypeComboBox","viewName":"etm.portal.ui.managerequests.view.NewRequest","searchOpenDialogs":true,"interaction":{"idSuffix":"inner"}},"wdio_ui5_key":"costObjectAdminTypeComboBoxetmportal.ui.managerequests.view.NewRequest"}]}
RESULT: {"script":"<script> [1562 bytes]","args":[{"selector":{"id":"costObjectAdminTypeComboBox","viewName":"etm.portal.ui.managerequests.view.NewRequest","searchOpenDialogs":true,"interaction":{"idSuffix":"inner"}},"wdio_ui5_key":"costObjectAdminTypeComboBoxetmportal.ui.managerequests.view.NewRequest"}]}
RESULT: undefined
COMMAND: POST /session/6e77a8c699da6c53a9289fc604b7742b/execute/async - {"script":"<script> [776 bytes]","args":[{"enterText":"Cost Center","selector":{"id":"costObjectAdminTypeComboBox","viewName":"etm.portal.ui.managerequests.view.NewRequest","searchOpenDialogs":true,"interaction":{"idSuffix":"inner"}},"clearTextFirst":true,"interactionType":"ENTER_TEXT"}]}
RESULT: {"script":"<script> [776 bytes]","args":[{"enterText":"Cost Center","selector":{"id":"costObjectAdminTypeComboBox","viewName":"etm.portal.ui.managerequests.view.NewRequest","searchOpenDialogs":true,"interaction":{"idSuffix":"inner"}},"clearTextFirst":true,"interactionType":"ENTER_TEXT"}]}
COMMAND: POST /session/6e77a8c699da6c53a9289fc604b7742b/actions - {"actions":[{"id":"action20","type":"key","parameters":{},"actions":[{"type":"keyDown","value":"î€‡"},{"type":"pause","duration":10},{"type":"keyUp","value":"î€‡"}]}]}
RESULT: {"actions":[{"id":"action20","type":"key","parameters":{},"actions":[{"type":"keyDown","value":"î€‡"},{"type":"pause","duration":10},{"type":"keyUp","value":"î€‡"}]}]}
COMMAND: GET /session/6e77a8c699da6c53a9289fc604b7742b/screenshot - {}
RESULT: {}
COMMAND: POST /session/6e77a8c699da6c53a9289fc604b7742b/execute/async - {"script":"<script> [1562 bytes]","args":[{"selector":{"id":"costObjectIdComboBox","viewName":"etm.portal.ui.managerequests.view.NewRequest","searchOpenDialogs":true,"interaction":{"idSuffix":"inner"}},"wdio_ui5_key":"costObjectIdComboBoxetmportal.ui.managerequests.view.NewRequest"}]}
RESULT: {"script":"<script> [1562 bytes]","args":[{"selector":{"id":"costObjectIdComboBox","viewName":"etm.portal.ui.managerequests.view.NewRequest","searchOpenDialogs":true,"interaction":{"idSuffix":"inner"}},"wdio_ui5_key":"costObjectIdComboBoxetmportal.ui.managerequests.view.NewRequest"}]}
RESULT: undefined
COMMAND: POST /session/6e77a8c699da6c53a9289fc604b7742b/execute/async - {"script":"<script> [776 bytes]","args":[{"enterText":"1001 - 1001","selector":{"id":"costObjectIdComboBox","viewName":"etm.portal.ui.managerequests.view.NewRequest","searchOpenDialogs":true,"interaction":{"idSuffix":"inner"}},"clearTextFirst":true,"interactionType":"ENTER_TEXT"}]}
RESULT: {"script":"<script> [776 bytes]","args":[{"enterText":"1001 - 1001","selector":{"id":"costObjectIdComboBox","viewName":"etm.portal.ui.managerequests.view.NewRequest","searchOpenDialogs":true,"interaction":{"idSuffix":"inner"}},"clearTextFirst":true,"interactionType":"ENTER_TEXT"}]}
COMMAND: POST /session/6e77a8c699da6c53a9289fc604b7742b/actions - {"actions":[{"id":"action21","type":"key","parameters":{},"actions":[{"type":"keyDown","value":"î€‡"},{"type":"pause","duration":10},{"type":"keyUp","value":"î€‡"}]}]}
RESULT: {"actions":[{"id":"action21","type":"key","parameters":{},"actions":[{"type":"keyDown","value":"î€‡"},{"type":"pause","duration":10},{"type":"keyUp","value":"î€‡"}]}]}
COMMAND: GET /session/6e77a8c699da6c53a9289fc604b7742b/screenshot - {}
RESULT: {}
COMMAND: POST /session/6e77a8c699da6c53a9289fc604b7742b/element - {"using":"xpath","value":"(//bdi[(text() = 'Save' or . = 'Save')])[1]"}
RESULT: {"using":"xpath","value":"(//bdi[(text() = 'Save' or . = 'Save')])[1]"}
COMMAND: POST /session/6e77a8c699da6c53a9289fc604b7742b/element/f.93F4A61C81F21A46154A7CFE6A8617A2.d.4A4F0E704EE3815BDB209D837196F4F1.e.3006/click - {}
RESULT: {}
COMMAND: POST /session/6e77a8c699da6c53a9289fc604b7742b/execute/async - {"script":"<script> [1562 bytes]","args":[{"selector":{"controlType":"sap.ui.core.Icon","viewName":"etm.portal.ui.managerequests.view.NewRequest","properties":{"src":{"regex":{"source":"message\\-error"}}},"ancestor":{"controlType":"sap.m.ColumnListItem","viewName":"etm.portal.ui.managerequests.view.NewRequest","bindingPath":{"modelName":"newRequestItems","path":"/RequestItems/1"},"ancestor":{"id":"requestItemsTable","viewName":"etm.portal.ui.managerequests.view.NewRequest"}}},"wdio_ui5_key":"etmportal.ui.managerequests.view.NewRequestsap.ui.core.Icon{\"src\":{\"regex\":{\"source\":\"message\\\\-error\"}}}{\"controlType\":\"sap.m.ColumnListItem\",\"viewName\":\"etm.portal.ui.managerequests.view.NewRequest\",\"bindingPath\":{\"modelName\":\"newRequestItems\",\"path\":\"/RequestItems/1\"},\"ancestor\":{\"id\":\"requestItemsTable\",\"viewName\":\"etm.portal.ui.managerequests.view.NewRequest\"}}"}]}
COMMAND: GET /session/6e77a8c699da6c53a9289fc604b7742b/screenshot - {}
RESULT: {"script":"<script> [1562 bytes]","args":[{"selector":{"controlType":"sap.ui.core.Icon","viewName":"etm.portal.ui.managerequests.view.NewRequest","properties":{"src":{"regex":{"source":"message\\-error"}}},"ancestor":{"controlType":"sap.m.ColumnListItem","viewName":"etm.portal.ui.managerequests.view.NewRequest","bindingPath":{"modelName":"newRequestItems","path":"/RequestItems/1"},"ancestor":{"id":"requestItemsTable","viewName":"etm.portal.ui.managerequests.view.NewRequest"}}},"wdio_ui5_key":"etmportal.ui.managerequests.view.NewRequestsap.ui.core.Icon{\"src\":{\"regex\":{\"source\":\"message\\\\-error\"}}}{\"controlType\":\"sap.m.ColumnListItem\",\"viewName\":\"etm.portal.ui.managerequests.view.NewRequest\",\"bindingPath\":{\"modelName\":\"newRequestItems\",\"path\":\"/RequestItems/1\"},\"ancestor\":{\"id\":\"requestItemsTable\",\"viewName\":\"etm.portal.ui.managerequests.view.NewRequest\"}}"}]}
RESULT: undefined
COMMAND: POST /session/6e77a8c699da6c53a9289fc604b7742b/element - {"using":"xpath","value":"//*[@id=\"__status6-__xmlview59--requestItemsTable-1-icon\"]"}
RESULT: {}
RESULT: {"using":"xpath","value":"//*[@id=\"__status6-__xmlview59--requestItemsTable-1-icon\"]"}
COMMAND: POST /session/6e77a8c699da6c53a9289fc604b7742b/element/f.93F4A61C81F21A46154A7CFE6A8617A2.d.4A4F0E704EE3815BDB209D837196F4F1.e.2984/click - {}
RESULT: {}
COMMAND: GET /session/6e77a8c699da6c53a9289fc604b7742b/screenshot - {}
RESULT: {}
RESULT: undefined
COMMAND: POST /session/6e77a8c699da6c53a9289fc604b7742b/execute/async - {"script":"<script> [776 bytes]","args":[{"enterText":"Cost Center","selector":{"id":"costObjectAdminTypeComboBox","viewName":"etm.portal.ui.managerequests.view.NewRequest","searchOpenDialogs":true,"interaction":{"idSuffix":"inner"}},"clearTextFirst":true,"interactionType":"ENTER_TEXT"}]}
RESULT: {"script":"<script> [776 bytes]","args":[{"enterText":"Cost Center","selector":{"id":"costObjectAdminTypeComboBox","viewName":"etm.portal.ui.managerequests.view.NewRequest","searchOpenDialogs":true,"interaction":{"idSuffix":"inner"}},"clearTextFirst":true,"interactionType":"ENTER_TEXT"}]}
COMMAND: POST /session/6e77a8c699da6c53a9289fc604b7742b/actions - {"actions":[{"id":"action22","type":"key","parameters":{},"actions":[{"type":"keyDown","value":"î€‡"},{"type":"pause","duration":10},{"type":"keyUp","value":"î€‡"}]}]}
RESULT: {"actions":[{"id":"action22","type":"key","parameters":{},"actions":[{"type":"keyDown","value":"î€‡"},{"type":"pause","duration":10},{"type":"keyUp","value":"î€‡"}]}]}
COMMAND: GET /session/6e77a8c699da6c53a9289fc604b7742b/screenshot - {}
RESULT: {}
RESULT: undefined
COMMAND: POST /session/6e77a8c699da6c53a9289fc604b7742b/execute/async - {"script":"<script> [776 bytes]","args":[{"enterText":"1001 - 1001","selector":{"id":"costObjectIdComboBox","viewName":"etm.portal.ui.managerequests.view.NewRequest","searchOpenDialogs":true,"interaction":{"idSuffix":"inner"}},"clearTextFirst":true,"interactionType":"ENTER_TEXT"}]}
RESULT: {"script":"<script> [776 bytes]","args":[{"enterText":"1001 - 1001","selector":{"id":"costObjectIdComboBox","viewName":"etm.portal.ui.managerequests.view.NewRequest","searchOpenDialogs":true,"interaction":{"idSuffix":"inner"}},"clearTextFirst":true,"interactionType":"ENTER_TEXT"}]}
COMMAND: POST /session/6e77a8c699da6c53a9289fc604b7742b/actions - {"actions":[{"id":"action23","type":"key","parameters":{},"actions":[{"type":"keyDown","value":"î€‡"},{"type":"pause","duration":10},{"type":"keyUp","value":"î€‡"}]}]}
RESULT: {"actions":[{"id":"action23","type":"key","parameters":{},"actions":[{"type":"keyDown","value":"î€‡"},{"type":"pause","duration":10},{"type":"keyUp","value":"î€‡"}]}]}
COMMAND: GET /session/6e77a8c699da6c53a9289fc604b7742b/screenshot - {}
RESULT: {}
COMMAND: POST /session/6e77a8c699da6c53a9289fc604b7742b/element - {"using":"xpath","value":"(//bdi[(text() = 'Save' or . = 'Save')])[1]"}
RESULT: {"using":"xpath","value":"(//bdi[(text() = 'Save' or . = 'Save')])[1]"}
COMMAND: POST /session/6e77a8c699da6c53a9289fc604b7742b/element/f.93F4A61C81F21A46154A7CFE6A8617A2.d.4A4F0E704EE3815BDB209D837196F4F1.e.3020/click - {}
RESULT: {}
COMMAND: POST /session/6e77a8c699da6c53a9289fc604b7742b/execute/async - {"script":"<script> [1562 bytes]","args":[{"selector":{"controlType":"sap.ui.core.Icon","viewName":"etm.portal.ui.managerequests.view.NewRequest","properties":{"src":{"regex":{"source":"decline"}}},"ancestor":{"controlType":"sap.m.Token","viewName":"etm.portal.ui.managerequests.view.NewRequest","bindingPath":{"path":"/RequestItems/0/TOKENS/0","propertyPath":"TAG","modelName":"newRequestItems"}}},"wdio_ui5_key":"etmportal.ui.managerequests.view.NewRequestsap.ui.core.Icon{\"src\":{\"regex\":{\"source\":\"decline\"}}}{\"controlType\":\"sap.m.Token\",\"viewName\":\"etm.portal.ui.managerequests.view.NewRequest\",\"bindingPath\":{\"path\":\"/RequestItems/0/TOKENS/0\",\"propertyPath\":\"TAG\",\"modelName\":\"newRequestItems\"}}"}]}
COMMAND: GET /session/6e77a8c699da6c53a9289fc604b7742b/screenshot - {}
RESULT: {"script":"<script> [1562 bytes]","args":[{"selector":{"controlType":"sap.ui.core.Icon","viewName":"etm.portal.ui.managerequests.view.NewRequest","properties":{"src":{"regex":{"source":"decline"}}},"ancestor":{"controlType":"sap.m.Token","viewName":"etm.portal.ui.managerequests.view.NewRequest","bindingPath":{"path":"/RequestItems/0/TOKENS/0","propertyPath":"TAG","modelName":"newRequestItems"}}},"wdio_ui5_key":"etmportal.ui.managerequests.view.NewRequestsap.ui.core.Icon{\"src\":{\"regex\":{\"source\":\"decline\"}}}{\"controlType\":\"sap.m.Token\",\"viewName\":\"etm.portal.ui.managerequests.view.NewRequest\",\"bindingPath\":{\"path\":\"/RequestItems/0/TOKENS/0\",\"propertyPath\":\"TAG\",\"modelName\":\"newRequestItems\"}}"}]}
RESULT: undefined
COMMAND: POST /session/6e77a8c699da6c53a9289fc604b7742b/element - {"using":"xpath","value":"//*[@id=\"__token7-__tokenizer62-__xmlview59--requestItemsTable-0-0-icon\"]"}
RESULT: {}
RESULT: {"using":"xpath","value":"//*[@id=\"__token7-__tokenizer62-__xmlview59--requestItemsTable-0-0-icon\"]"}
COMMAND: POST /session/6e77a8c699da6c53a9289fc604b7742b/element/f.93F4A61C81F21A46154A7CFE6A8617A2.d.4A4F0E704EE3815BDB209D837196F4F1.e.3022/click - {}
RESULT: {}
COMMAND: GET /session/6e77a8c699da6c53a9289fc604b7742b/screenshot - {}
RESULT: {}
COMMAND: POST /session/6e77a8c699da6c53a9289fc604b7742b/actions - {"actions":[{"id":"action24","type":"key","parameters":{},"actions":[{"type":"keyDown","value":"î€Œ"},{"type":"pause","duration":10},{"type":"keyUp","value":"î€Œ"}]}]}
RESULT: {"actions":[{"id":"action24","type":"key","parameters":{},"actions":[{"type":"keyDown","value":"î€Œ"},{"type":"pause","duration":10},{"type":"keyUp","value":"î€Œ"}]}]}
COMMAND: GET /session/6e77a8c699da6c53a9289fc604b7742b/screenshot - {}
COMMAND: POST /session/6e77a8c699da6c53a9289fc604b7742b/execute/async - {"script":"<script> [1562 bytes]","args":[{"selector":{"controlType":"sap.m.Tokenizer","viewName":"etm.portal.ui.managerequests.view.NewRequest","bindingPath":{"path":"/RequestItems/0","propertyPath":"TOKENS","modelName":"newRequestItems"}},"wdio_ui5_key":"etmportal.ui.managerequests.view.NewRequestsap.m.Tokenizer{\"path\":\"/RequestItems/0\",\"propertyPath\":\"TOKENS\",\"modelName\":\"newRequestItems\"}"}]}
RESULT: {}
RESULT: {"script":"<script> [1562 bytes]","args":[{"selector":{"controlType":"sap.m.Tokenizer","viewName":"etm.portal.ui.managerequests.view.NewRequest","bindingPath":{"path":"/RequestItems/0","propertyPath":"TOKENS","modelName":"newRequestItems"}},"wdio_ui5_key":"etmportal.ui.managerequests.view.NewRequestsap.m.Tokenizer{\"path\":\"/RequestItems/0\",\"propertyPath\":\"TOKENS\",\"modelName\":\"newRequestItems\"}"}]}
RESULT: undefined
COMMAND: POST /session/6e77a8c699da6c53a9289fc604b7742b/execute/async - {"script":"<script> [6424 bytes]","args":[{"element-6066-11e4-a52e-4f735466cecf":"f.93F4A61C81F21A46154A7CFE6A8617A2.d.4A4F0E704EE3815BDB209D837196F4F1.e.3028"},"getTokens",[]]}
RESULT: {"script":"<script> [6424 bytes]","args":[{"element-6066-11e4-a52e-4f735466cecf":"f.93F4A61C81F21A46154A7CFE6A8617A2.d.4A4F0E704EE3815BDB209D837196F4F1.e.3028"},"getTokens",[]]}
COMMAND: POST /session/6e77a8c699da6c53a9289fc604b7742b/execute/async - {"script":"<script> [1562 bytes]","args":[{"wdio_ui5_key":"__token7-__tokenizer62-__xmlview59--requestItemsTable-0-0","selector":{"id":"__token7-__tokenizer62-__xmlview59--requestItemsTable-0-0"}}]}
RESULT: {"script":"<script> [1562 bytes]","args":[{"wdio_ui5_key":"__token7-__tokenizer62-__xmlview59--requestItemsTable-0-0","selector":{"id":"__token7-__tokenizer62-__xmlview59--requestItemsTable-0-0"}}]}
RESULT: undefined
RESULT: undefined
COMMAND: POST /session/6e77a8c699da6c53a9289fc604b7742b/execute/async - {"script":"<script> [776 bytes]","args":[{"enterText":"tagRequest1","selector":{"controlType":"sap.m.Input","viewName":"etm.portal.ui.managerequests.view.NewRequest","bindingPath":{"path":"","propertyPath":"/Tags","modelName":"catalogModel"},"ancestor":{"controlType":"sap.m.ColumnListItem","viewName":"etm.portal.ui.managerequests.view.NewRequest","bindingPath":{"modelName":"newRequestItems","path":"/RequestItems/0"},"ancestor":{"id":"requestItemsTable","viewName":"etm.portal.ui.managerequests.view.NewRequest"}},"interaction":{"idSuffix":"inner"}},"clearTextFirst":true,"interactionType":"ENTER_TEXT"}]}
RESULT: {"script":"<script> [776 bytes]","args":[{"enterText":"tagRequest1","selector":{"controlType":"sap.m.Input","viewName":"etm.portal.ui.managerequests.view.NewRequest","bindingPath":{"path":"","propertyPath":"/Tags","modelName":"catalogModel"},"ancestor":{"controlType":"sap.m.ColumnListItem","viewName":"etm.portal.ui.managerequests.view.NewRequest","bindingPath":{"modelName":"newRequestItems","path":"/RequestItems/0"},"ancestor":{"id":"requestItemsTable","viewName":"etm.portal.ui.managerequests.view.NewRequest"}},"interaction":{"idSuffix":"inner"}},"clearTextFirst":true,"interactionType":"ENTER_TEXT"}]}
COMMAND: POST /session/6e77a8c699da6c53a9289fc604b7742b/actions - {"actions":[{"id":"action25","type":"key","parameters":{},"actions":[{"type":"keyDown","value":"î€‡"},{"type":"pause","duration":10},{"type":"keyUp","value":"î€‡"}]}]}
RESULT: {"actions":[{"id":"action25","type":"key","parameters":{},"actions":[{"type":"keyDown","value":"î€‡"},{"type":"pause","duration":10},{"type":"keyUp","value":"î€‡"}]}]}
COMMAND: GET /session/6e77a8c699da6c53a9289fc604b7742b/screenshot - {}
RESULT: {}
RESULT: undefined
COMMAND: POST /session/6e77a8c699da6c53a9289fc604b7742b/execute/async - {"script":"<script> [6424 bytes]","args":[{"element-6066-11e4-a52e-4f735466cecf":"f.93F4A61C81F21A46154A7CFE6A8617A2.d.4A4F0E704EE3815BDB209D837196F4F1.e.3028"},"getTokens",[]]}
RESULT: {"script":"<script> [6424 bytes]","args":[{"element-6066-11e4-a52e-4f735466cecf":"f.93F4A61C81F21A46154A7CFE6A8617A2.d.4A4F0E704EE3815BDB209D837196F4F1.e.3028"},"getTokens",[]]}
COMMAND: POST /session/6e77a8c699da6c53a9289fc604b7742b/execute/async - {"script":"<script> [1562 bytes]","args":[{"wdio_ui5_key":"__token7-__tokenizer62-__xmlview59--requestItemsTable-0-1","selector":{"id":"__token7-__tokenizer62-__xmlview59--requestItemsTable-0-1"}}]}
RESULT: undefined
RESULT: {"script":"<script> [1562 bytes]","args":[{"wdio_ui5_key":"__token7-__tokenizer62-__xmlview59--requestItemsTable-0-1","selector":{"id":"__token7-__tokenizer62-__xmlview59--requestItemsTable-0-1"}}]}
RESULT: undefined
COMMAND: POST /session/6e77a8c699da6c53a9289fc604b7742b/execute/async - {"script":"<script> [1562 bytes]","args":[{"selector":{"controlType":"sap.ui.core.Icon","viewName":"etm.portal.ui.managerequests.view.NewRequest","properties":{"src":{"regex":{"source":"decline"}}},"ancestor":{"controlType":"sap.m.Token","viewName":"etm.portal.ui.managerequests.view.NewRequest","bindingPath":{"path":"/RequestItems/1/TOKENS/0","propertyPath":"TAG","modelName":"newRequestItems"}}},"wdio_ui5_key":"etmportal.ui.managerequests.view.NewRequestsap.ui.core.Icon{\"src\":{\"regex\":{\"source\":\"decline\"}}}{\"controlType\":\"sap.m.Token\",\"viewName\":\"etm.portal.ui.managerequests.view.NewRequest\",\"bindingPath\":{\"path\":\"/RequestItems/1/TOKENS/0\",\"propertyPath\":\"TAG\",\"modelName\":\"newRequestItems\"}}"}]}
RESULT: {"script":"<script> [1562 bytes]","args":[{"selector":{"controlType":"sap.ui.core.Icon","viewName":"etm.portal.ui.managerequests.view.NewRequest","properties":{"src":{"regex":{"source":"decline"}}},"ancestor":{"controlType":"sap.m.Token","viewName":"etm.portal.ui.managerequests.view.NewRequest","bindingPath":{"path":"/RequestItems/1/TOKENS/0","propertyPath":"TAG","modelName":"newRequestItems"}}},"wdio_ui5_key":"etmportal.ui.managerequests.view.NewRequestsap.ui.core.Icon{\"src\":{\"regex\":{\"source\":\"decline\"}}}{\"controlType\":\"sap.m.Token\",\"viewName\":\"etm.portal.ui.managerequests.view.NewRequest\",\"bindingPath\":{\"path\":\"/RequestItems/1/TOKENS/0\",\"propertyPath\":\"TAG\",\"modelName\":\"newRequestItems\"}}"}]}
RESULT: undefined
COMMAND: POST /session/6e77a8c699da6c53a9289fc604b7742b/element - {"using":"xpath","value":"//*[@id=\"__token7-__tokenizer62-__xmlview59--requestItemsTable-1-0-icon\"]"}
RESULT: {"using":"xpath","value":"//*[@id=\"__token7-__tokenizer62-__xmlview59--requestItemsTable-1-0-icon\"]"}
COMMAND: POST /session/6e77a8c699da6c53a9289fc604b7742b/element/f.93F4A61C81F21A46154A7CFE6A8617A2.d.4A4F0E704EE3815BDB209D837196F4F1.e.3030/click - {}
RESULT: {}
COMMAND: GET /session/6e77a8c699da6c53a9289fc604b7742b/screenshot - {}
RESULT: {}
COMMAND: POST /session/6e77a8c699da6c53a9289fc604b7742b/actions - {"actions":[{"id":"action26","type":"key","parameters":{},"actions":[{"type":"keyDown","value":"î€Œ"},{"type":"pause","duration":10},{"type":"keyUp","value":"î€Œ"}]}]}
RESULT: {"actions":[{"id":"action26","type":"key","parameters":{},"actions":[{"type":"keyDown","value":"î€Œ"},{"type":"pause","duration":10},{"type":"keyUp","value":"î€Œ"}]}]}
COMMAND: GET /session/6e77a8c699da6c53a9289fc604b7742b/screenshot - {}
RESULT: {}
COMMAND: POST /session/6e77a8c699da6c53a9289fc604b7742b/execute/async - {"script":"<script> [1562 bytes]","args":[{"selector":{"controlType":"sap.m.Tokenizer","viewName":"etm.portal.ui.managerequests.view.NewRequest","bindingPath":{"path":"/RequestItems/1","propertyPath":"TOKENS","modelName":"newRequestItems"}},"wdio_ui5_key":"etmportal.ui.managerequests.view.NewRequestsap.m.Tokenizer{\"path\":\"/RequestItems/1\",\"propertyPath\":\"TOKENS\",\"modelName\":\"newRequestItems\"}"}]}
RESULT: {"script":"<script> [1562 bytes]","args":[{"selector":{"controlType":"sap.m.Tokenizer","viewName":"etm.portal.ui.managerequests.view.NewRequest","bindingPath":{"path":"/RequestItems/1","propertyPath":"TOKENS","modelName":"newRequestItems"}},"wdio_ui5_key":"etmportal.ui.managerequests.view.NewRequestsap.m.Tokenizer{\"path\":\"/RequestItems/1\",\"propertyPath\":\"TOKENS\",\"modelName\":\"newRequestItems\"}"}]}
RESULT: undefined
COMMAND: POST /session/6e77a8c699da6c53a9289fc604b7742b/execute/async - {"script":"<script> [6424 bytes]","args":[{"element-6066-11e4-a52e-4f735466cecf":"f.93F4A61C81F21A46154A7CFE6A8617A2.d.4A4F0E704EE3815BDB209D837196F4F1.e.3036"},"getTokens",[]]}
RESULT: {"script":"<script> [6424 bytes]","args":[{"element-6066-11e4-a52e-4f735466cecf":"f.93F4A61C81F21A46154A7CFE6A8617A2.d.4A4F0E704EE3815BDB209D837196F4F1.e.3036"},"getTokens",[]]}
COMMAND: POST /session/6e77a8c699da6c53a9289fc604b7742b/execute/async - {"script":"<script> [1562 bytes]","args":[{"wdio_ui5_key":"__token7-__tokenizer62-__xmlview59--requestItemsTable-1-0","selector":{"id":"__token7-__tokenizer62-__xmlview59--requestItemsTable-1-0"}}]}
RESULT: {"script":"<script> [1562 bytes]","args":[{"wdio_ui5_key":"__token7-__tokenizer62-__xmlview59--requestItemsTable-1-0","selector":{"id":"__token7-__tokenizer62-__xmlview59--requestItemsTable-1-0"}}]}
RESULT: undefined
RESULT: undefined
COMMAND: POST /session/6e77a8c699da6c53a9289fc604b7742b/execute/async - {"script":"<script> [776 bytes]","args":[{"enterText":"tagRequest1","selector":{"controlType":"sap.m.Input","viewName":"etm.portal.ui.managerequests.view.NewRequest","bindingPath":{"path":"","propertyPath":"/Tags","modelName":"catalogModel"},"ancestor":{"controlType":"sap.m.ColumnListItem","viewName":"etm.portal.ui.managerequests.view.NewRequest","bindingPath":{"modelName":"newRequestItems","path":"/RequestItems/1"},"ancestor":{"id":"requestItemsTable","viewName":"etm.portal.ui.managerequests.view.NewRequest"}},"interaction":{"idSuffix":"inner"}},"clearTextFirst":true,"interactionType":"ENTER_TEXT"}]}
RESULT: {"script":"<script> [776 bytes]","args":[{"enterText":"tagRequest1","selector":{"controlType":"sap.m.Input","viewName":"etm.portal.ui.managerequests.view.NewRequest","bindingPath":{"path":"","propertyPath":"/Tags","modelName":"catalogModel"},"ancestor":{"controlType":"sap.m.ColumnListItem","viewName":"etm.portal.ui.managerequests.view.NewRequest","bindingPath":{"modelName":"newRequestItems","path":"/RequestItems/1"},"ancestor":{"id":"requestItemsTable","viewName":"etm.portal.ui.managerequests.view.NewRequest"}},"interaction":{"idSuffix":"inner"}},"clearTextFirst":true,"interactionType":"ENTER_TEXT"}]}
COMMAND: POST /session/6e77a8c699da6c53a9289fc604b7742b/actions - {"actions":[{"id":"action27","type":"key","parameters":{},"actions":[{"type":"keyDown","value":"î€‡"},{"type":"pause","duration":10},{"type":"keyUp","value":"î€‡"}]}]}
RESULT: {"actions":[{"id":"action27","type":"key","parameters":{},"actions":[{"type":"keyDown","value":"î€‡"},{"type":"pause","duration":10},{"type":"keyUp","value":"î€‡"}]}]}
COMMAND: GET /session/6e77a8c699da6c53a9289fc604b7742b/screenshot - {}
RESULT: {}
RESULT: undefined
COMMAND: POST /session/6e77a8c699da6c53a9289fc604b7742b/execute/async - {"script":"<script> [6424 bytes]","args":[{"element-6066-11e4-a52e-4f735466cecf":"f.93F4A61C81F21A46154A7CFE6A8617A2.d.4A4F0E704EE3815BDB209D837196F4F1.e.3036"},"getTokens",[]]}
RESULT: {"script":"<script> [6424 bytes]","args":[{"element-6066-11e4-a52e-4f735466cecf":"f.93F4A61C81F21A46154A7CFE6A8617A2.d.4A4F0E704EE3815BDB209D837196F4F1.e.3036"},"getTokens",[]]}
COMMAND: POST /session/6e77a8c699da6c53a9289fc604b7742b/execute/async - {"script":"<script> [1562 bytes]","args":[{"wdio_ui5_key":"__token7-__tokenizer62-__xmlview59--requestItemsTable-1-1","selector":{"id":"__token7-__tokenizer62-__xmlview59--requestItemsTable-1-1"}}]}
RESULT: undefined
RESULT: {"script":"<script> [1562 bytes]","args":[{"wdio_ui5_key":"__token7-__tokenizer62-__xmlview59--requestItemsTable-1-1","selector":{"id":"__token7-__tokenizer62-__xmlview59--requestItemsTable-1-1"}}]}
RESULT: undefined
COMMAND: POST /session/6e77a8c699da6c53a9289fc604b7742b/execute/async - {"script":"<script> [1562 bytes]","args":[{"selector":{"controlType":"sap.m.Button","viewName":"etm.portal.ui.managerequests.view.NewRequest","properties":{"text":"Save"},"i18NText":{"propertyName":"tooltip","key":"save"},"interaction":{"idSuffix":"BDI-content"}},"wdio_ui5_key":"etmportal.ui.managerequests.view.NewRequestsap.m.Button{\"propertyName\":\"tooltip\",\"key\":\"save\"}{\"text\":\"Save\"}"}]}
RESULT: {"script":"<script> [1562 bytes]","args":[{"selector":{"controlType":"sap.m.Button","viewName":"etm.portal.ui.managerequests.view.NewRequest","properties":{"text":"Save"},"i18NText":{"propertyName":"tooltip","key":"save"},"interaction":{"idSuffix":"BDI-content"}},"wdio_ui5_key":"etmportal.ui.managerequests.view.NewRequestsap.m.Button{\"propertyName\":\"tooltip\",\"key\":\"save\"}{\"text\":\"Save\"}"}]}
RESULT: undefined
COMMAND: POST /session/6e77a8c699da6c53a9289fc604b7742b/element - {"using":"xpath","value":"//*[@id=\"__button117\"]"}
RESULT: {"using":"xpath","value":"//*[@id=\"__button117\"]"}
COMMAND: POST /session/6e77a8c699da6c53a9289fc604b7742b/element/f.93F4A61C81F21A46154A7CFE6A8617A2.d.4A4F0E704EE3815BDB209D837196F4F1.e.2859/click - {}
RESULT: {}
COMMAND: GET /session/6e77a8c699da6c53a9289fc604b7742b/screenshot - {}
RESULT: {}
COMMAND: POST /session/6e77a8c699da6c53a9289fc604b7742b/element - {"using":"xpath","value":"//bdi[contains(@id ,\"BDI-content\")][contains(text(), \"Close\")]"}
RESULT: {"using":"xpath","value":"//bdi[contains(@id ,\"BDI-content\")][contains(text(), \"Close\")]"}
COMMAND: POST /session/6e77a8c699da6c53a9289fc604b7742b/element/f.93F4A61C81F21A46154A7CFE6A8617A2.d.4A4F0E704EE3815BDB209D837196F4F1.e.3044/click - {}
RESULT: {}
COMMAND: GET /session/6e77a8c699da6c53a9289fc604b7742b/screenshot - {}
RESULT: {}
]]></system-out>
    </testcase>
    <testcase classname="chrome.136_0_7103_93.windows.Manage_Requests_Tags_Tests_US120163" name="Should Edit Request Tags" time="108.45">
      <system-out><![CDATA[
COMMAND: POST /session/6e77a8c699da6c53a9289fc604b7742b/execute/async - {"script":"<script> [1562 bytes]","args":[{"selector":{"controlType":"sap.ui.core.Icon","viewName":"etm.portal.ui.managerequests.view.Detail","properties":{"src":{"regex":{"source":"overflow"}}}},"wdio_ui5_key":"etmportal.ui.managerequests.view.Detailsap.ui.core.Icon{\"src\":{\"regex\":{\"source\":\"overflow\"}}}"}]}
RESULT: {"script":"<script> [1562 bytes]","args":[{"selector":{"controlType":"sap.ui.core.Icon","viewName":"etm.portal.ui.managerequests.view.Detail","properties":{"src":{"regex":{"source":"overflow"}}}},"wdio_ui5_key":"etmportal.ui.managerequests.view.Detailsap.ui.core.Icon{\"src\":{\"regex\":{\"source\":\"overflow\"}}}"}]}
RESULT: undefined
COMMAND: POST /session/6e77a8c699da6c53a9289fc604b7742b/element - {"using":"xpath","value":"//*[@id=\"__xmlview60--detailHeaderTitle-_actionsToolbar-overflowButton-img\"]"}
RESULT: {"using":"xpath","value":"//*[@id=\"__xmlview60--detailHeaderTitle-_actionsToolbar-overflowButton-img\"]"}
COMMAND: POST /session/6e77a8c699da6c53a9289fc604b7742b/element/f.93F4A61C81F21A46154A7CFE6A8617A2.d.4A4F0E704EE3815BDB209D837196F4F1.e.3171/click - {}
RESULT: {}
COMMAND: GET /session/6e77a8c699da6c53a9289fc604b7742b/screenshot - {}
RESULT: {}
COMMAND: POST /session/6e77a8c699da6c53a9289fc604b7742b/execute/async - {"script":"<script> [1562 bytes]","args":[{"selector":{"controlType":"sap.uxap.ObjectPageHeaderActionButton","viewName":"etm.portal.ui.managerequests.view.Detail","i18NText":{"propertyName":"text","key":"edit"},"searchOpenDialogs":true,"interaction":{"idSuffix":"inner"}},"wdio_ui5_key":"etmportal.ui.managerequests.view.Detailsap.uxap.ObjectPageHeaderActionButton{\"propertyName\":\"text\",\"key\":\"edit\"}"}]}
RESULT: {"script":"<script> [1562 bytes]","args":[{"selector":{"controlType":"sap.uxap.ObjectPageHeaderActionButton","viewName":"etm.portal.ui.managerequests.view.Detail","i18NText":{"propertyName":"text","key":"edit"},"searchOpenDialogs":true,"interaction":{"idSuffix":"inner"}},"wdio_ui5_key":"etmportal.ui.managerequests.view.Detailsap.uxap.ObjectPageHeaderActionButton{\"propertyName\":\"text\",\"key\":\"edit\"}"}]}
RESULT: undefined
COMMAND: POST /session/6e77a8c699da6c53a9289fc604b7742b/element - {"using":"xpath","value":"//*[@id=\"__button138\"]"}
RESULT: {"using":"xpath","value":"//*[@id=\"__button138\"]"}
COMMAND: POST /session/6e77a8c699da6c53a9289fc604b7742b/element/f.93F4A61C81F21A46154A7CFE6A8617A2.d.4A4F0E704EE3815BDB209D837196F4F1.e.3173/click - {}
RESULT: {}
COMMAND: GET /session/6e77a8c699da6c53a9289fc604b7742b/screenshot - {}
RESULT: {}
COMMAND: POST /session/6e77a8c699da6c53a9289fc604b7742b/execute/async - {"script":"<script> [1562 bytes]","args":[{"selector":{"controlType":"sap.ui.core.Icon","viewName":"etm.portal.ui.managerequests.view.Edit","properties":{"src":{"regex":{"source":"decline"}}},"ancestor":{"controlType":"sap.m.Token","viewName":"etm.portal.ui.managerequests.view.Edit","bindingPath":{"propertyPath":"TAG","modelName":"catalogModel"},"properties":{"text":"RefTag"}}},"wdio_ui5_key":"etmportal.ui.managerequests.view.Editsap.ui.core.Icon{\"src\":{\"regex\":{\"source\":\"decline\"}}}{\"controlType\":\"sap.m.Token\",\"viewName\":\"etm.portal.ui.managerequests.view.Edit\",\"bindingPath\":{\"propertyPath\":\"TAG\",\"modelName\":\"catalogModel\"},\"properties\":{\"text\":\"RefTag\"}}"}]}
RESULT: {"script":"<script> [1562 bytes]","args":[{"selector":{"controlType":"sap.ui.core.Icon","viewName":"etm.portal.ui.managerequests.view.Edit","properties":{"src":{"regex":{"source":"decline"}}},"ancestor":{"controlType":"sap.m.Token","viewName":"etm.portal.ui.managerequests.view.Edit","bindingPath":{"propertyPath":"TAG","modelName":"catalogModel"},"properties":{"text":"RefTag"}}},"wdio_ui5_key":"etmportal.ui.managerequests.view.Editsap.ui.core.Icon{\"src\":{\"regex\":{\"source\":\"decline\"}}}{\"controlType\":\"sap.m.Token\",\"viewName\":\"etm.portal.ui.managerequests.view.Edit\",\"bindingPath\":{\"propertyPath\":\"TAG\",\"modelName\":\"catalogModel\"},\"properties\":{\"text\":\"RefTag\"}}"}]}
RESULT: undefined
COMMAND: POST /session/6e77a8c699da6c53a9289fc604b7742b/element - {"using":"xpath","value":"//*[@id=\"__token13-__tokenizer64-0-icon\"]"}
RESULT: {"using":"xpath","value":"//*[@id=\"__token13-__tokenizer64-0-icon\"]"}
COMMAND: POST /session/6e77a8c699da6c53a9289fc604b7742b/element/f.93F4A61C81F21A46154A7CFE6A8617A2.d.4A4F0E704EE3815BDB209D837196F4F1.e.3282/click - {}
RESULT: {}
COMMAND: POST /session/6e77a8c699da6c53a9289fc604b7742b/execute/async - {"script":"<script> [1562 bytes]","args":[{"selector":{"id":"tagMultiInputRequests","viewName":"etm.portal.ui.managerequests.view.Edit","interaction":{"idSuffix":"inner"}},"wdio_ui5_key":"tagMultiInputRequestsetmportal.ui.managerequests.view.Edit"}]}
COMMAND: GET /session/6e77a8c699da6c53a9289fc604b7742b/screenshot - {}
RESULT: {"script":"<script> [1562 bytes]","args":[{"selector":{"id":"tagMultiInputRequests","viewName":"etm.portal.ui.managerequests.view.Edit","interaction":{"idSuffix":"inner"}},"wdio_ui5_key":"tagMultiInputRequestsetmportal.ui.managerequests.view.Edit"}]}
RESULT: undefined
COMMAND: POST /session/6e77a8c699da6c53a9289fc604b7742b/execute/async - {"script":"<script> [6424 bytes]","args":[{"element-6066-11e4-a52e-4f735466cecf":"f.93F4A61C81F21A46154A7CFE6A8617A2.d.4A4F0E704EE3815BDB209D837196F4F1.e.3207"},"getTokens",[]]}
RESULT: {}
RESULT: {"script":"<script> [6424 bytes]","args":[{"element-6066-11e4-a52e-4f735466cecf":"f.93F4A61C81F21A46154A7CFE6A8617A2.d.4A4F0E704EE3815BDB209D837196F4F1.e.3207"},"getTokens",[]]}
COMMAND: POST /session/6e77a8c699da6c53a9289fc604b7742b/execute/async - {"script":"<script> [1562 bytes]","args":[{"wdio_ui5_key":"__token13-__tokenizer64-1","selector":{"id":"__token13-__tokenizer64-1"}}]}
RESULT: {"script":"<script> [1562 bytes]","args":[{"wdio_ui5_key":"__token13-__tokenizer64-1","selector":{"id":"__token13-__tokenizer64-1"}}]}
RESULT: undefined
RESULT: undefined
COMMAND: POST /session/6e77a8c699da6c53a9289fc604b7742b/execute/async - {"script":"<script> [776 bytes]","args":[{"enterText":"RefTag","selector":{"id":"tagMultiInputRequests","viewName":"etm.portal.ui.managerequests.view.Edit","interaction":{"idSuffix":"inner"}},"clearTextFirst":true,"interactionType":"ENTER_TEXT"}]}
RESULT: {"script":"<script> [776 bytes]","args":[{"enterText":"RefTag","selector":{"id":"tagMultiInputRequests","viewName":"etm.portal.ui.managerequests.view.Edit","interaction":{"idSuffix":"inner"}},"clearTextFirst":true,"interactionType":"ENTER_TEXT"}]}
COMMAND: POST /session/6e77a8c699da6c53a9289fc604b7742b/actions - {"actions":[{"id":"action28","type":"key","parameters":{},"actions":[{"type":"keyDown","value":"î€‡"},{"type":"pause","duration":10},{"type":"keyUp","value":"î€‡"}]}]}
RESULT: {"actions":[{"id":"action28","type":"key","parameters":{},"actions":[{"type":"keyDown","value":"î€‡"},{"type":"pause","duration":10},{"type":"keyUp","value":"î€‡"}]}]}
COMMAND: GET /session/6e77a8c699da6c53a9289fc604b7742b/screenshot - {}
RESULT: {}
RESULT: undefined
COMMAND: POST /session/6e77a8c699da6c53a9289fc604b7742b/execute/async - {"script":"<script> [6424 bytes]","args":[{"element-6066-11e4-a52e-4f735466cecf":"f.93F4A61C81F21A46154A7CFE6A8617A2.d.4A4F0E704EE3815BDB209D837196F4F1.e.3207"},"getTokens",[]]}
RESULT: {"script":"<script> [6424 bytes]","args":[{"element-6066-11e4-a52e-4f735466cecf":"f.93F4A61C81F21A46154A7CFE6A8617A2.d.4A4F0E704EE3815BDB209D837196F4F1.e.3207"},"getTokens",[]]}
COMMAND: POST /session/6e77a8c699da6c53a9289fc604b7742b/execute/async - {"script":"<script> [1562 bytes]","args":[{"wdio_ui5_key":"__token16","selector":{"id":"__token16"}}]}
RESULT: undefined
RESULT: {"script":"<script> [1562 bytes]","args":[{"wdio_ui5_key":"__token16","selector":{"id":"__token16"}}]}
RESULT: undefined
COMMAND: POST /session/6e77a8c699da6c53a9289fc604b7742b/execute/async - {"script":"<script> [1562 bytes]","args":[{"selector":{"controlType":"sap.m.Button","viewName":"etm.portal.ui.managerequests.view.Edit","properties":{"text":"Items (2)"},"interaction":{"idSuffix":"BDI-content"}},"wdio_ui5_key":"etmportal.ui.managerequests.view.Editsap.m.Button{\"text\":\"Items (2)\"}"}]}
RESULT: {"script":"<script> [1562 bytes]","args":[{"selector":{"controlType":"sap.m.Button","viewName":"etm.portal.ui.managerequests.view.Edit","properties":{"text":"Items (2)"},"interaction":{"idSuffix":"BDI-content"}},"wdio_ui5_key":"etmportal.ui.managerequests.view.Editsap.m.Button{\"text\":\"Items (2)\"}"}]}
RESULT: undefined
COMMAND: POST /session/6e77a8c699da6c53a9289fc604b7742b/element - {"using":"xpath","value":"//*[@id=\"__xmlview61--editRequestPage-anchBar-__xmlview61--requestItemsSection-anchor\"]"}
RESULT: {"using":"xpath","value":"//*[@id=\"__xmlview61--editRequestPage-anchBar-__xmlview61--requestItemsSection-anchor\"]"}
COMMAND: POST /session/6e77a8c699da6c53a9289fc604b7742b/element/f.93F4A61C81F21A46154A7CFE6A8617A2.d.4A4F0E704EE3815BDB209D837196F4F1.e.3287/click - {}
RESULT: {}
COMMAND: GET /session/6e77a8c699da6c53a9289fc604b7742b/screenshot - {}
RESULT: {}
COMMAND: POST /session/6e77a8c699da6c53a9289fc604b7742b/execute/async - {"script":"<script> [1562 bytes]","args":[{"selector":{"controlType":"sap.ui.core.Icon","viewName":"etm.portal.ui.managerequests.view.Edit","properties":{"src":{"regex":{"source":"inspect"}}}},"wdio_ui5_key":"etmportal.ui.managerequests.view.Editsap.ui.core.Icon{\"src\":{\"regex\":{\"source\":\"inspect\"}}}"}]}
RESULT: {"script":"<script> [1562 bytes]","args":[{"selector":{"controlType":"sap.ui.core.Icon","viewName":"etm.portal.ui.managerequests.view.Edit","properties":{"src":{"regex":{"source":"inspect"}}}},"wdio_ui5_key":"etmportal.ui.managerequests.view.Editsap.ui.core.Icon{\"src\":{\"regex\":{\"source\":\"inspect\"}}}"}]}
RESULT: undefined
COMMAND: POST /session/6e77a8c699da6c53a9289fc604b7742b/element - {"using":"xpath","value":"//*[@id=\"__button165-img\"]"}
RESULT: {"using":"xpath","value":"//*[@id=\"__button165-img\"]"}
COMMAND: POST /session/6e77a8c699da6c53a9289fc604b7742b/element/f.93F4A61C81F21A46154A7CFE6A8617A2.d.4A4F0E704EE3815BDB209D837196F4F1.e.3293/click - {}
RESULT: {}
COMMAND: GET /session/6e77a8c699da6c53a9289fc604b7742b/screenshot - {}
RESULT: {}
COMMAND: POST /session/6e77a8c699da6c53a9289fc604b7742b/execute/async - {"script":"<script> [1562 bytes]","args":[{"selector":{"controlType":"sap.m.Tokenizer","viewName":"etm.portal.ui.managerequests.view.Edit","bindingPath":{"path":"/RequestItems/0","propertyPath":"LINK_TO_TAGS","modelName":"RequestItemsModel"}},"wdio_ui5_key":"etmportal.ui.managerequests.view.Editsap.m.Tokenizer{\"path\":\"/RequestItems/0\",\"propertyPath\":\"LINK_TO_TAGS\",\"modelName\":\"RequestItemsModel\"}"}]}
RESULT: {"script":"<script> [1562 bytes]","args":[{"selector":{"controlType":"sap.m.Tokenizer","viewName":"etm.portal.ui.managerequests.view.Edit","bindingPath":{"path":"/RequestItems/0","propertyPath":"LINK_TO_TAGS","modelName":"RequestItemsModel"}},"wdio_ui5_key":"etmportal.ui.managerequests.view.Editsap.m.Tokenizer{\"path\":\"/RequestItems/0\",\"propertyPath\":\"LINK_TO_TAGS\",\"modelName\":\"RequestItemsModel\"}"}]}
RESULT: undefined
COMMAND: POST /session/6e77a8c699da6c53a9289fc604b7742b/element - {"using":"xpath","value":"//*[@id=\"__tokenizer66\"]"}
RESULT: {"using":"xpath","value":"//*[@id=\"__tokenizer66\"]"}
COMMAND: POST /session/6e77a8c699da6c53a9289fc604b7742b/element/f.93F4A61C81F21A46154A7CFE6A8617A2.d.4A4F0E704EE3815BDB209D837196F4F1.e.3295/click - {}
RESULT: {}
COMMAND: GET /session/6e77a8c699da6c53a9289fc604b7742b/screenshot - {}
RESULT: {}
COMMAND: POST /session/6e77a8c699da6c53a9289fc604b7742b/execute/async - {"script":"<script> [1562 bytes]","args":[{"selector":{"controlType":"sap.ui.core.Icon","viewName":"etm.portal.ui.managerequests.view.Edit","properties":{"src":{"regex":{"source":"decline"}}},"searchOpenDialogs":true,"ancestor":{"controlType":"sap.m.StandardListItem","viewName":"etm.portal.ui.managerequests.view.Edit","properties":{"title":"tag-duplicate"},"searchOpenDialogs":true}},"wdio_ui5_key":"etmportal.ui.managerequests.view.Editsap.ui.core.Icon{\"src\":{\"regex\":{\"source\":\"decline\"}}}{\"controlType\":\"sap.m.StandardListItem\",\"viewName\":\"etm.portal.ui.managerequests.view.Edit\",\"properties\":{\"title\":\"tag-duplicate\"},\"searchOpenDialogs\":true}"}]}
RESULT: {"script":"<script> [1562 bytes]","args":[{"selector":{"controlType":"sap.ui.core.Icon","viewName":"etm.portal.ui.managerequests.view.Edit","properties":{"src":{"regex":{"source":"decline"}}},"searchOpenDialogs":true,"ancestor":{"controlType":"sap.m.StandardListItem","viewName":"etm.portal.ui.managerequests.view.Edit","properties":{"title":"tag-duplicate"},"searchOpenDialogs":true}},"wdio_ui5_key":"etmportal.ui.managerequests.view.Editsap.ui.core.Icon{\"src\":{\"regex\":{\"source\":\"decline\"}}}{\"controlType\":\"sap.m.StandardListItem\",\"viewName\":\"etm.portal.ui.managerequests.view.Edit\",\"properties\":{\"title\":\"tag-duplicate\"},\"searchOpenDialogs\":true}"}]}
RESULT: undefined
COMMAND: POST /session/6e77a8c699da6c53a9289fc604b7742b/element - {"using":"xpath","value":"//*[@id=\"__item2165-imgDel-img\"]"}
RESULT: {"using":"xpath","value":"//*[@id=\"__item2165-imgDel-img\"]"}
COMMAND: POST /session/6e77a8c699da6c53a9289fc604b7742b/element/f.93F4A61C81F21A46154A7CFE6A8617A2.d.4A4F0E704EE3815BDB209D837196F4F1.e.3298/click - {}
RESULT: {}
COMMAND: GET /session/6e77a8c699da6c53a9289fc604b7742b/screenshot - {}
RESULT: {}
COMMAND: POST /session/6e77a8c699da6c53a9289fc604b7742b/actions - {"actions":[{"id":"action29","type":"key","parameters":{},"actions":[{"type":"keyDown","value":"î€Œ"},{"type":"pause","duration":10},{"type":"keyUp","value":"î€Œ"}]}]}
RESULT: {"actions":[{"id":"action29","type":"key","parameters":{},"actions":[{"type":"keyDown","value":"î€Œ"},{"type":"pause","duration":10},{"type":"keyUp","value":"î€Œ"}]}]}
COMMAND: POST /session/6e77a8c699da6c53a9289fc604b7742b/execute/async - {"script":"<script> [1562 bytes]","args":[{"selector":{"controlType":"sap.m.Tokenizer","viewName":"etm.portal.ui.managerequests.view.Edit","bindingPath":{"path":"/RequestItems/1","propertyPath":"LINK_TO_TAGS","modelName":"RequestItemsModel"}},"wdio_ui5_key":"etmportal.ui.managerequests.view.Editsap.m.Tokenizer{\"path\":\"/RequestItems/1\",\"propertyPath\":\"LINK_TO_TAGS\",\"modelName\":\"RequestItemsModel\"}"}]}
COMMAND: GET /session/6e77a8c699da6c53a9289fc604b7742b/screenshot - {}
RESULT: {"script":"<script> [1562 bytes]","args":[{"selector":{"controlType":"sap.m.Tokenizer","viewName":"etm.portal.ui.managerequests.view.Edit","bindingPath":{"path":"/RequestItems/1","propertyPath":"LINK_TO_TAGS","modelName":"RequestItemsModel"}},"wdio_ui5_key":"etmportal.ui.managerequests.view.Editsap.m.Tokenizer{\"path\":\"/RequestItems/1\",\"propertyPath\":\"LINK_TO_TAGS\",\"modelName\":\"RequestItemsModel\"}"}]}
RESULT: undefined
COMMAND: POST /session/6e77a8c699da6c53a9289fc604b7742b/element - {"using":"xpath","value":"//*[@id=\"__tokenizer67\"]"}
RESULT: {}
RESULT: {"using":"xpath","value":"//*[@id=\"__tokenizer67\"]"}
COMMAND: POST /session/6e77a8c699da6c53a9289fc604b7742b/element/f.93F4A61C81F21A46154A7CFE6A8617A2.d.4A4F0E704EE3815BDB209D837196F4F1.e.3301/click - {}
RESULT: {}
COMMAND: GET /session/6e77a8c699da6c53a9289fc604b7742b/screenshot - {}
RESULT: {}
COMMAND: POST /session/6e77a8c699da6c53a9289fc604b7742b/execute/async - {"script":"<script> [1562 bytes]","args":[{"selector":{"controlType":"sap.ui.core.Icon","viewName":"etm.portal.ui.managerequests.view.Edit","properties":{"src":{"regex":{"source":"decline"}}},"searchOpenDialogs":true,"ancestor":{"controlType":"sap.m.StandardListItem","viewName":"etm.portal.ui.managerequests.view.Edit","properties":{"title":"tagRequest1"},"searchOpenDialogs":true}},"wdio_ui5_key":"etmportal.ui.managerequests.view.Editsap.ui.core.Icon{\"src\":{\"regex\":{\"source\":\"decline\"}}}{\"controlType\":\"sap.m.StandardListItem\",\"viewName\":\"etm.portal.ui.managerequests.view.Edit\",\"properties\":{\"title\":\"tagRequest1\"},\"searchOpenDialogs\":true}"}]}
RESULT: {"script":"<script> [1562 bytes]","args":[{"selector":{"controlType":"sap.ui.core.Icon","viewName":"etm.portal.ui.managerequests.view.Edit","properties":{"src":{"regex":{"source":"decline"}}},"searchOpenDialogs":true,"ancestor":{"controlType":"sap.m.StandardListItem","viewName":"etm.portal.ui.managerequests.view.Edit","properties":{"title":"tagRequest1"},"searchOpenDialogs":true}},"wdio_ui5_key":"etmportal.ui.managerequests.view.Editsap.ui.core.Icon{\"src\":{\"regex\":{\"source\":\"decline\"}}}{\"controlType\":\"sap.m.StandardListItem\",\"viewName\":\"etm.portal.ui.managerequests.view.Edit\",\"properties\":{\"title\":\"tagRequest1\"},\"searchOpenDialogs\":true}"}]}
RESULT: undefined
COMMAND: POST /session/6e77a8c699da6c53a9289fc604b7742b/element - {"using":"xpath","value":"//*[@id=\"__item2173-imgDel-img\"]"}
RESULT: {"using":"xpath","value":"//*[@id=\"__item2173-imgDel-img\"]"}
COMMAND: POST /session/6e77a8c699da6c53a9289fc604b7742b/element/f.93F4A61C81F21A46154A7CFE6A8617A2.d.4A4F0E704EE3815BDB209D837196F4F1.e.3304/click - {}
RESULT: {}
COMMAND: GET /session/6e77a8c699da6c53a9289fc604b7742b/screenshot - {}
RESULT: {}
COMMAND: POST /session/6e77a8c699da6c53a9289fc604b7742b/execute/async - {"script":"<script> [1562 bytes]","args":[{"selector":{"controlType":"sap.ui.core.Icon","viewName":"etm.portal.ui.managerequests.view.Edit","properties":{"src":{"regex":{"source":"decline"}}},"searchOpenDialogs":true,"ancestor":{"controlType":"sap.m.StandardListItem","viewName":"etm.portal.ui.managerequests.view.Edit","properties":{"title":"RefTag"},"searchOpenDialogs":true}},"wdio_ui5_key":"etmportal.ui.managerequests.view.Editsap.ui.core.Icon{\"src\":{\"regex\":{\"source\":\"decline\"}}}{\"controlType\":\"sap.m.StandardListItem\",\"viewName\":\"etm.portal.ui.managerequests.view.Edit\",\"properties\":{\"title\":\"RefTag\"},\"searchOpenDialogs\":true}"}]}
RESULT: {"script":"<script> [1562 bytes]","args":[{"selector":{"controlType":"sap.ui.core.Icon","viewName":"etm.portal.ui.managerequests.view.Edit","properties":{"src":{"regex":{"source":"decline"}}},"searchOpenDialogs":true,"ancestor":{"controlType":"sap.m.StandardListItem","viewName":"etm.portal.ui.managerequests.view.Edit","properties":{"title":"RefTag"},"searchOpenDialogs":true}},"wdio_ui5_key":"etmportal.ui.managerequests.view.Editsap.ui.core.Icon{\"src\":{\"regex\":{\"source\":\"decline\"}}}{\"controlType\":\"sap.m.StandardListItem\",\"viewName\":\"etm.portal.ui.managerequests.view.Edit\",\"properties\":{\"title\":\"RefTag\"},\"searchOpenDialogs\":true}"}]}
RESULT: undefined
COMMAND: POST /session/6e77a8c699da6c53a9289fc604b7742b/element - {"using":"xpath","value":"//*[@id=\"__item2177-imgDel-img\"]"}
RESULT: {"using":"xpath","value":"//*[@id=\"__item2177-imgDel-img\"]"}
COMMAND: POST /session/6e77a8c699da6c53a9289fc604b7742b/element/f.93F4A61C81F21A46154A7CFE6A8617A2.d.4A4F0E704EE3815BDB209D837196F4F1.e.3307/click - {}
RESULT: {}
COMMAND: GET /session/6e77a8c699da6c53a9289fc604b7742b/screenshot - {}
RESULT: {}
COMMAND: POST /session/6e77a8c699da6c53a9289fc604b7742b/execute/async - {"script":"<script> [1562 bytes]","args":[{"selector":{"controlType":"sap.ui.core.Icon","viewName":"etm.portal.ui.managerequests.view.Edit","properties":{"src":{"regex":{"source":"decline"}}},"searchOpenDialogs":true,"ancestor":{"controlType":"sap.m.StandardListItem","viewName":"etm.portal.ui.managerequests.view.Edit","properties":{"title":"tag-header"},"searchOpenDialogs":true}},"wdio_ui5_key":"etmportal.ui.managerequests.view.Editsap.ui.core.Icon{\"src\":{\"regex\":{\"source\":\"decline\"}}}{\"controlType\":\"sap.m.StandardListItem\",\"viewName\":\"etm.portal.ui.managerequests.view.Edit\",\"properties\":{\"title\":\"tag-header\"},\"searchOpenDialogs\":true}"}]}
RESULT: {"script":"<script> [1562 bytes]","args":[{"selector":{"controlType":"sap.ui.core.Icon","viewName":"etm.portal.ui.managerequests.view.Edit","properties":{"src":{"regex":{"source":"decline"}}},"searchOpenDialogs":true,"ancestor":{"controlType":"sap.m.StandardListItem","viewName":"etm.portal.ui.managerequests.view.Edit","properties":{"title":"tag-header"},"searchOpenDialogs":true}},"wdio_ui5_key":"etmportal.ui.managerequests.view.Editsap.ui.core.Icon{\"src\":{\"regex\":{\"source\":\"decline\"}}}{\"controlType\":\"sap.m.StandardListItem\",\"viewName\":\"etm.portal.ui.managerequests.view.Edit\",\"properties\":{\"title\":\"tag-header\"},\"searchOpenDialogs\":true}"}]}
RESULT: undefined
COMMAND: POST /session/6e77a8c699da6c53a9289fc604b7742b/element - {"using":"xpath","value":"//*[@id=\"__item2180-imgDel-img\"]"}
RESULT: {"using":"xpath","value":"//*[@id=\"__item2180-imgDel-img\"]"}
COMMAND: POST /session/6e77a8c699da6c53a9289fc604b7742b/element/f.93F4A61C81F21A46154A7CFE6A8617A2.d.4A4F0E704EE3815BDB209D837196F4F1.e.3310/click - {}
RESULT: {}
COMMAND: GET /session/6e77a8c699da6c53a9289fc604b7742b/screenshot - {}
RESULT: {}
COMMAND: POST /session/6e77a8c699da6c53a9289fc604b7742b/actions - {"actions":[{"id":"action30","type":"key","parameters":{},"actions":[{"type":"keyDown","value":"î€ƒ"},{"type":"pause","duration":10},{"type":"keyUp","value":"î€ƒ"}]}]}
RESULT: {"actions":[{"id":"action30","type":"key","parameters":{},"actions":[{"type":"keyDown","value":"î€ƒ"},{"type":"pause","duration":10},{"type":"keyUp","value":"î€ƒ"}]}]}
COMMAND: POST /session/6e77a8c699da6c53a9289fc604b7742b/actions - {"actions":[{"id":"action31","type":"key","parameters":{},"actions":[{"type":"keyDown","value":"î€ƒ"},{"type":"pause","duration":10},{"type":"keyUp","value":"î€ƒ"}]}]}
COMMAND: GET /session/6e77a8c699da6c53a9289fc604b7742b/screenshot - {}
RESULT: {"actions":[{"id":"action31","type":"key","parameters":{},"actions":[{"type":"keyDown","value":"î€ƒ"},{"type":"pause","duration":10},{"type":"keyUp","value":"î€ƒ"}]}]}
COMMAND: GET /session/6e77a8c699da6c53a9289fc604b7742b/screenshot - {}
RESULT: {}
RESULT: {}
COMMAND: POST /session/6e77a8c699da6c53a9289fc604b7742b/execute/async - {"script":"<script> [1562 bytes]","args":[{"selector":{"controlType":"sap.m.Button","viewName":"etm.portal.ui.managerequests.view.Edit","i18NText":{"propertyName":"tooltip","key":"save"},"interaction":{"idSuffix":"BDI-content"}},"wdio_ui5_key":"etmportal.ui.managerequests.view.Editsap.m.Button{\"propertyName\":\"tooltip\",\"key\":\"save\"}"}]}
RESULT: {"script":"<script> [1562 bytes]","args":[{"selector":{"controlType":"sap.m.Button","viewName":"etm.portal.ui.managerequests.view.Edit","i18NText":{"propertyName":"tooltip","key":"save"},"interaction":{"idSuffix":"BDI-content"}},"wdio_ui5_key":"etmportal.ui.managerequests.view.Editsap.m.Button{\"propertyName\":\"tooltip\",\"key\":\"save\"}"}]}
RESULT: undefined
COMMAND: POST /session/6e77a8c699da6c53a9289fc604b7742b/element - {"using":"xpath","value":"//*[@id=\"__xmlview61--saveButtonId\"]"}
RESULT: {"using":"xpath","value":"//*[@id=\"__xmlview61--saveButtonId\"]"}
COMMAND: POST /session/6e77a8c699da6c53a9289fc604b7742b/element/f.93F4A61C81F21A46154A7CFE6A8617A2.d.4A4F0E704EE3815BDB209D837196F4F1.e.3215/click - {}
RESULT: {}
COMMAND: GET /session/6e77a8c699da6c53a9289fc604b7742b/screenshot - {}
RESULT: {}
COMMAND: POST /session/6e77a8c699da6c53a9289fc604b7742b/execute/async - {"script":"<script> [1562 bytes]","args":[{"selector":{"id":"tagsLayoutViewMode","viewName":"etm.portal.ui.managerequests.view.Detail"},"wdio_ui5_key":"tagsLayoutViewModeetmportal.ui.managerequests.view.Detail"}]}
RESULT: {"script":"<script> [1562 bytes]","args":[{"selector":{"id":"tagsLayoutViewMode","viewName":"etm.portal.ui.managerequests.view.Detail"},"wdio_ui5_key":"tagsLayoutViewModeetmportal.ui.managerequests.view.Detail"}]}
RESULT: undefined
COMMAND: POST /session/6e77a8c699da6c53a9289fc604b7742b/execute/async - {"script":"<script> [6424 bytes]","args":[{"element-6066-11e4-a52e-4f735466cecf":"f.93F4A61C81F21A46154A7CFE6A8617A2.d.4A4F0E704EE3815BDB209D837196F4F1.e.3437"},"getTokens",[]]}
RESULT: {"script":"<script> [6424 bytes]","args":[{"element-6066-11e4-a52e-4f735466cecf":"f.93F4A61C81F21A46154A7CFE6A8617A2.d.4A4F0E704EE3815BDB209D837196F4F1.e.3437"},"getTokens",[]]}
COMMAND: POST /session/6e77a8c699da6c53a9289fc604b7742b/execute/async - {"script":"<script> [1562 bytes]","args":[{"wdio_ui5_key":"__token11-__xmlview60--tagsLayoutViewMode-1","selector":{"id":"__token11-__xmlview60--tagsLayoutViewMode-1"}}]}
COMMAND: POST /session/6e77a8c699da6c53a9289fc604b7742b/execute/async - {"script":"<script> [1562 bytes]","args":[{"wdio_ui5_key":"__token11-__xmlview60--tagsLayoutViewMode-0","selector":{"id":"__token11-__xmlview60--tagsLayoutViewMode-0"}}]}
RESULT: {"script":"<script> [1562 bytes]","args":[{"wdio_ui5_key":"__token11-__xmlview60--tagsLayoutViewMode-1","selector":{"id":"__token11-__xmlview60--tagsLayoutViewMode-1"}}]}
RESULT: undefined
RESULT: {"script":"<script> [1562 bytes]","args":[{"wdio_ui5_key":"__token11-__xmlview60--tagsLayoutViewMode-0","selector":{"id":"__token11-__xmlview60--tagsLayoutViewMode-0"}}]}
RESULT: undefined
COMMAND: POST /session/6e77a8c699da6c53a9289fc604b7742b/execute/async - {"script":"<script> [1562 bytes]","args":[{"selector":{"controlType":"sap.m.OverflowToolbarButton","viewName":"etm.portal.ui.managerequests.view.Detail","properties":{"text":"Settings"},"interaction":{"idSuffix":"inner"}},"wdio_ui5_key":"etmportal.ui.managerequests.view.Detailsap.m.OverflowToolbarButton{\"text\":\"Settings\"}"}]}
RESULT: {"script":"<script> [1562 bytes]","args":[{"selector":{"controlType":"sap.m.OverflowToolbarButton","viewName":"etm.portal.ui.managerequests.view.Detail","properties":{"text":"Settings"},"interaction":{"idSuffix":"inner"}},"wdio_ui5_key":"etmportal.ui.managerequests.view.Detailsap.m.OverflowToolbarButton{\"text\":\"Settings\"}"}]}
RESULT: undefined
COMMAND: POST /session/6e77a8c699da6c53a9289fc604b7742b/element - {"using":"xpath","value":"//*[@id=\"__xmlview60--smartTableRequestItems-btnPersonalisation\"]"}
RESULT: {"using":"xpath","value":"//*[@id=\"__xmlview60--smartTableRequestItems-btnPersonalisation\"]"}
COMMAND: POST /session/6e77a8c699da6c53a9289fc604b7742b/element/f.93F4A61C81F21A46154A7CFE6A8617A2.d.4A4F0E704EE3815BDB209D837196F4F1.e.3441/click - {}
RESULT: {}
COMMAND: POST /session/6e77a8c699da6c53a9289fc604b7742b/execute/async - {"script":"<script> [1562 bytes]","args":[{"selector":{"controlType":"sap.m.SearchField","viewName":"etm.portal.ui.managerequests.view.Detail","searchOpenDialogs":true,"interaction":{"idSuffix":"I"}},"wdio_ui5_key":"etmportal.ui.managerequests.view.Detailsap.m.SearchField"}]}
COMMAND: GET /session/6e77a8c699da6c53a9289fc604b7742b/screenshot - {}
RESULT: {"script":"<script> [1562 bytes]","args":[{"selector":{"controlType":"sap.m.SearchField","viewName":"etm.portal.ui.managerequests.view.Detail","searchOpenDialogs":true,"interaction":{"idSuffix":"I"}},"wdio_ui5_key":"etmportal.ui.managerequests.view.Detailsap.m.SearchField"}]}
RESULT: undefined
COMMAND: POST /session/6e77a8c699da6c53a9289fc604b7742b/execute/async - {"script":"<script> [776 bytes]","args":[{"enterText":"tag","selector":{"controlType":"sap.m.SearchField","viewName":"etm.portal.ui.managerequests.view.Detail","searchOpenDialogs":true,"interaction":{"idSuffix":"I"}},"clearTextFirst":true,"interactionType":"ENTER_TEXT"}]}
RESULT: {}
RESULT: {"script":"<script> [776 bytes]","args":[{"enterText":"tag","selector":{"controlType":"sap.m.SearchField","viewName":"etm.portal.ui.managerequests.view.Detail","searchOpenDialogs":true,"interaction":{"idSuffix":"I"}},"clearTextFirst":true,"interactionType":"ENTER_TEXT"}]}
COMMAND: POST /session/6e77a8c699da6c53a9289fc604b7742b/element - {"using":"xpath","value":"//div[contains(@id ,\"innerSelectionPanelTable-0-selectMulti-CbBg\")]"}
RESULT: {"using":"xpath","value":"//div[contains(@id ,\"innerSelectionPanelTable-0-selectMulti-CbBg\")]"}
COMMAND: POST /session/6e77a8c699da6c53a9289fc604b7742b/element/f.93F4A61C81F21A46154A7CFE6A8617A2.d.4A4F0E704EE3815BDB209D837196F4F1.e.3478/click - {}
RESULT: {}
COMMAND: POST /session/6e77a8c699da6c53a9289fc604b7742b/execute/async - {"script":"<script> [1562 bytes]","args":[{"selector":{"controlType":"sap.m.Button","viewName":"etm.portal.ui.managerequests.view.Detail","properties":{"text":"OK"},"searchOpenDialogs":true,"interaction":{"idSuffix":"BDI-content"}},"wdio_ui5_key":"etmportal.ui.managerequests.view.Detailsap.m.Button{\"text\":\"OK\"}"}]}
COMMAND: GET /session/6e77a8c699da6c53a9289fc604b7742b/screenshot - {}
RESULT: {"script":"<script> [1562 bytes]","args":[{"selector":{"controlType":"sap.m.Button","viewName":"etm.portal.ui.managerequests.view.Detail","properties":{"text":"OK"},"searchOpenDialogs":true,"interaction":{"idSuffix":"BDI-content"}},"wdio_ui5_key":"etmportal.ui.managerequests.view.Detailsap.m.Button{\"text\":\"OK\"}"}]}
RESULT: undefined
COMMAND: POST /session/6e77a8c699da6c53a9289fc604b7742b/element - {"using":"xpath","value":"//*[@id=\"__popup378-confirmBtn\"]"}
RESULT: {}
RESULT: {"using":"xpath","value":"//*[@id=\"__popup378-confirmBtn\"]"}
COMMAND: POST /session/6e77a8c699da6c53a9289fc604b7742b/element/f.93F4A61C81F21A46154A7CFE6A8617A2.d.4A4F0E704EE3815BDB209D837196F4F1.e.3483/click - {}
RESULT: {}
COMMAND: GET /session/6e77a8c699da6c53a9289fc604b7742b/screenshot - {}
RESULT: {}
COMMAND: POST /session/6e77a8c699da6c53a9289fc604b7742b/execute/async - {"script":"<script> [1562 bytes]","args":[{"selector":{"controlType":"sap.m.Text","viewName":"etm.portal.ui.managerequests.view.Detail","bindingPath":{"propertyPath":"NO","modelName":"catalogModel"}},"wdio_ui5_key":"etmportal.ui.managerequests.view.Detailsap.m.Text{\"propertyPath\":\"NO\",\"modelName\":\"catalogModel\"}"}]}
RESULT: {"script":"<script> [1562 bytes]","args":[{"selector":{"controlType":"sap.m.Text","viewName":"etm.portal.ui.managerequests.view.Detail","bindingPath":{"propertyPath":"NO","modelName":"catalogModel"}},"wdio_ui5_key":"etmportal.ui.managerequests.view.Detailsap.m.Text{\"propertyPath\":\"NO\",\"modelName\":\"catalogModel\"}"}]}
RESULT: undefined
COMMAND: POST /session/6e77a8c699da6c53a9289fc604b7742b/execute/async - {"script":"<script> [6424 bytes]","args":[{"element-6066-11e4-a52e-4f735466cecf":"f.93F4A61C81F21A46154A7CFE6A8617A2.d.4A4F0E704EE3815BDB209D837196F4F1.e.3506"},"getText",[]]}
RESULT: {"script":"<script> [6424 bytes]","args":[{"element-6066-11e4-a52e-4f735466cecf":"f.93F4A61C81F21A46154A7CFE6A8617A2.d.4A4F0E704EE3815BDB209D837196F4F1.e.3506"},"getText",[]]}
COMMAND: POST /session/6e77a8c699da6c53a9289fc604b7742b/execute/async - {"script":"<script> [1562 bytes]","args":[{"selector":{"controlType":"sap.m.Tokenizer","viewName":"etm.portal.ui.managerequests.view.Detail","bindingPath":{"path":"/SmartRequestItemsPlanningBoard(ITEM=10m,REQUEST='20216')","propertyPath":"LINK_TO_TAGS"}},"wdio_ui5_key":"etmportal.ui.managerequests.view.Detailsap.m.Tokenizer{\"path\":\"/SmartRequestItemsPlanningBoard(ITEM=10m,REQUEST='20216')\",\"propertyPath\":\"LINK_TO_TAGS\"}"}]}
RESULT: {"script":"<script> [1562 bytes]","args":[{"selector":{"controlType":"sap.m.Tokenizer","viewName":"etm.portal.ui.managerequests.view.Detail","bindingPath":{"path":"/SmartRequestItemsPlanningBoard(ITEM=10m,REQUEST='20216')","propertyPath":"LINK_TO_TAGS"}},"wdio_ui5_key":"etmportal.ui.managerequests.view.Detailsap.m.Tokenizer{\"path\":\"/SmartRequestItemsPlanningBoard(ITEM=10m,REQUEST='20216')\",\"propertyPath\":\"LINK_TO_TAGS\"}"}]}
RESULT: undefined
COMMAND: POST /session/6e77a8c699da6c53a9289fc604b7742b/execute/async - {"script":"<script> [6424 bytes]","args":[{"element-6066-11e4-a52e-4f735466cecf":"f.93F4A61C81F21A46154A7CFE6A8617A2.d.4A4F0E704EE3815BDB209D837196F4F1.e.3507"},"getTokens",[]]}
RESULT: {"script":"<script> [6424 bytes]","args":[{"element-6066-11e4-a52e-4f735466cecf":"f.93F4A61C81F21A46154A7CFE6A8617A2.d.4A4F0E704EE3815BDB209D837196F4F1.e.3507"},"getTokens",[]]}
COMMAND: POST /session/6e77a8c699da6c53a9289fc604b7742b/execute/async - {"script":"<script> [1562 bytes]","args":[{"wdio_ui5_key":"__token12-__tokenizer63-__clone5121-1","selector":{"id":"__token12-__tokenizer63-__clone5121-1"}}]}
COMMAND: POST /session/6e77a8c699da6c53a9289fc604b7742b/execute/async - {"script":"<script> [1562 bytes]","args":[{"wdio_ui5_key":"__token12-__tokenizer63-__clone5121-2","selector":{"id":"__token12-__tokenizer63-__clone5121-2"}}]}
COMMAND: POST /session/6e77a8c699da6c53a9289fc604b7742b/execute/async - {"script":"<script> [1562 bytes]","args":[{"wdio_ui5_key":"__token12-__tokenizer63-__clone5121-0","selector":{"id":"__token12-__tokenizer63-__clone5121-0"}}]}
RESULT: {"script":"<script> [1562 bytes]","args":[{"wdio_ui5_key":"__token12-__tokenizer63-__clone5121-1","selector":{"id":"__token12-__tokenizer63-__clone5121-1"}}]}
RESULT: undefined
RESULT: {"script":"<script> [1562 bytes]","args":[{"wdio_ui5_key":"__token12-__tokenizer63-__clone5121-2","selector":{"id":"__token12-__tokenizer63-__clone5121-2"}}]}
RESULT: undefined
RESULT: {"script":"<script> [1562 bytes]","args":[{"wdio_ui5_key":"__token12-__tokenizer63-__clone5121-0","selector":{"id":"__token12-__tokenizer63-__clone5121-0"}}]}
RESULT: undefined
COMMAND: POST /session/6e77a8c699da6c53a9289fc604b7742b/element - {"using":"xpath","value":"(//span[contains(text(), \"tag-header\")])[2]"}
RESULT: {"using":"xpath","value":"(//span[contains(text(), \"tag-header\")])[2]"}
COMMAND: POST /session/6e77a8c699da6c53a9289fc604b7742b/elements - {"using":"xpath","value":"(//span[contains(text(), \"tag-header\")])[2]"}
RESULT: {"using":"xpath","value":"(//span[contains(text(), \"tag-header\")])[2]"}
COMMAND: POST /session/6e77a8c699da6c53a9289fc604b7742b/execute/async - {"script":"<script> [1562 bytes]","args":[{"selector":{"controlType":"sap.m.Tokenizer","viewName":"etm.portal.ui.managerequests.view.Detail","bindingPath":{"path":"/SmartRequestItemsPlanningBoard(ITEM=20m,REQUEST='20216')","propertyPath":"LINK_TO_TAGS"}},"wdio_ui5_key":"etmportal.ui.managerequests.view.Detailsap.m.Tokenizer{\"path\":\"/SmartRequestItemsPlanningBoard(ITEM=20m,REQUEST='20216')\",\"propertyPath\":\"LINK_TO_TAGS\"}"}]}
RESULT: {"script":"<script> [1562 bytes]","args":[{"selector":{"controlType":"sap.m.Tokenizer","viewName":"etm.portal.ui.managerequests.view.Detail","bindingPath":{"path":"/SmartRequestItemsPlanningBoard(ITEM=20m,REQUEST='20216')","propertyPath":"LINK_TO_TAGS"}},"wdio_ui5_key":"etmportal.ui.managerequests.view.Detailsap.m.Tokenizer{\"path\":\"/SmartRequestItemsPlanningBoard(ITEM=20m,REQUEST='20216')\",\"propertyPath\":\"LINK_TO_TAGS\"}"}]}
RESULT: undefined
COMMAND: POST /session/6e77a8c699da6c53a9289fc604b7742b/execute/async - {"script":"<script> [6424 bytes]","args":[{"element-6066-11e4-a52e-4f735466cecf":"f.93F4A61C81F21A46154A7CFE6A8617A2.d.4A4F0E704EE3815BDB209D837196F4F1.e.3512"},"getTokens",[]]}
RESULT: {"script":"<script> [6424 bytes]","args":[{"element-6066-11e4-a52e-4f735466cecf":"f.93F4A61C81F21A46154A7CFE6A8617A2.d.4A4F0E704EE3815BDB209D837196F4F1.e.3512"},"getTokens",[]]}
COMMAND: POST /session/6e77a8c699da6c53a9289fc604b7742b/element - {"using":"css selector","value":"#shell-header-logo"}
RESULT: {"using":"css selector","value":"#shell-header-logo"}
COMMAND: POST /session/6e77a8c699da6c53a9289fc604b7742b/element/f.93F4A61C81F21A46154A7CFE6A8617A2.d.4A4F0E704EE3815BDB209D837196F4F1.e.2531/click - {}
RESULT: {}
COMMAND: GET /session/6e77a8c699da6c53a9289fc604b7742b/screenshot - {}
RESULT: {}
]]></system-out>
    </testcase>
  </testsuite>
  <testsuite timestamp="2025-06-02T15:50:56" time="660.266" tests="4" failures="0" errors="0" skipped="0">
    <properties>
      <property name="specId" value="0" />
      <property name="suiteName" value="Manage request + Contract processing pick up option US120163 " />
      <property name="capabilities" value="chrome.136_0_7103_93.windows" />
      <property name="file" value="file:///D:/a/1/s/test/specs/R2C/create-request-Pickup.spec.js" />
    </properties>
    <testcase classname="chrome.136_0_7103_93.windows.Manage_request_+_Contract_processing_pick_up_option_US120163_" name="Should create a new contract" time="85.263">
      <system-out><![CDATA[
COMMAND: POST /session/6e77a8c699da6c53a9289fc604b7742b/execute/async - {"script":"<script> [1562 bytes]","args":[{"selector":{"controlType":"sap.m.Text","viewName":"etm.portal.ui.managecontractstile.view.Master","properties":{"text":"Manage Contracts"},"interaction":{"idSuffix":"inner"}},"wdio_ui5_key":"etmportal.ui.managecontractstile.view.Mastersap.m.Text{\"text\":\"Manage Contracts\"}"}]}
RESULT: {"script":"<script> [1562 bytes]","args":[{"selector":{"controlType":"sap.m.Text","viewName":"etm.portal.ui.managecontractstile.view.Master","properties":{"text":"Manage Contracts"},"interaction":{"idSuffix":"inner"}},"wdio_ui5_key":"etmportal.ui.managecontractstile.view.Mastersap.m.Text{\"text\":\"Manage Contracts\"}"}]}
RESULT: undefined
COMMAND: POST /session/6e77a8c699da6c53a9289fc604b7742b/element - {"using":"xpath","value":"//*[@id=\"__tile130-title\"]"}
RESULT: {"using":"xpath","value":"//*[@id=\"__tile130-title\"]"}
COMMAND: POST /session/6e77a8c699da6c53a9289fc604b7742b/element/f.93F4A61C81F21A46154A7CFE6A8617A2.d.4A4F0E704EE3815BDB209D837196F4F1.e.3516/click - {}
RESULT: {}
COMMAND: GET /session/6e77a8c699da6c53a9289fc604b7742b/screenshot - {}
RESULT: {}
COMMAND: POST /session/6e77a8c699da6c53a9289fc604b7742b/execute/async - {"script":"<script> [1562 bytes]","args":[{"selector":{"controlType":"sap.ui.core.Icon","viewName":"etm.portal.ui.managecontracts.view.Master","properties":{"src":{"regex":{"source":"add"}}}},"wdio_ui5_key":"etmportal.ui.managecontracts.view.Mastersap.ui.core.Icon{\"src\":{\"regex\":{\"source\":\"add\"}}}"}]}
RESULT: {"script":"<script> [1562 bytes]","args":[{"selector":{"controlType":"sap.ui.core.Icon","viewName":"etm.portal.ui.managecontracts.view.Master","properties":{"src":{"regex":{"source":"add"}}}},"wdio_ui5_key":"etmportal.ui.managecontracts.view.Mastersap.ui.core.Icon{\"src\":{\"regex\":{\"source\":\"add\"}}}"}]}
RESULT: undefined
COMMAND: POST /session/6e77a8c699da6c53a9289fc604b7742b/element - {"using":"xpath","value":"//*[@id=\"__button187-img\"]"}
RESULT: {"using":"xpath","value":"//*[@id=\"__button187-img\"]"}
COMMAND: POST /session/6e77a8c699da6c53a9289fc604b7742b/element/f.93F4A61C81F21A46154A7CFE6A8617A2.d.4A4F0E704EE3815BDB209D837196F4F1.e.3570/click - {}
RESULT: {}
COMMAND: POST /session/6e77a8c699da6c53a9289fc604b7742b/execute/async - {"script":"<script> [1562 bytes]","args":[{"selector":{"id":"application-managecontracts-display-component---AddNewContract--projectDescription","interaction":{"idSuffix":"inner"}},"wdio_ui5_key":"applicationmanagecontracts-display-component---AddNewContract--projectDescription"}]}
COMMAND: GET /session/6e77a8c699da6c53a9289fc604b7742b/screenshot - {}
RESULT: {"script":"<script> [1562 bytes]","args":[{"selector":{"id":"application-managecontracts-display-component---AddNewContract--projectDescription","interaction":{"idSuffix":"inner"}},"wdio_ui5_key":"applicationmanagecontracts-display-component---AddNewContract--projectDescription"}]}
RESULT: undefined
COMMAND: POST /session/6e77a8c699da6c53a9289fc604b7742b/execute/async - {"script":"<script> [776 bytes]","args":[{"enterText":"PickupContractztzf7","selector":{"id":"application-managecontracts-display-component---AddNewContract--projectDescription","interaction":{"idSuffix":"inner"}},"clearTextFirst":true,"interactionType":"ENTER_TEXT"}]}
RESULT: {}
RESULT: {"script":"<script> [776 bytes]","args":[{"enterText":"PickupContractztzf7","selector":{"id":"application-managecontracts-display-component---AddNewContract--projectDescription","interaction":{"idSuffix":"inner"}},"clearTextFirst":true,"interactionType":"ENTER_TEXT"}]}
COMMAND: POST /session/6e77a8c699da6c53a9289fc604b7742b/element - {"using":"xpath","value":"//input[contains(@id ,\"application-managecontracts-display-component---AddNewContract--yardId-inner\")]"}
RESULT: {"using":"xpath","value":"//input[contains(@id ,\"application-managecontracts-display-component---AddNewContract--yardId-inner\")]"}
COMMAND: POST /session/6e77a8c699da6c53a9289fc604b7742b/element/f.93F4A61C81F21A46154A7CFE6A8617A2.d.4A4F0E704EE3815BDB209D837196F4F1.e.3834/value - {"text":"WebdriverYardowxms"}
RESULT: {"text":"WebdriverYardowxms"}
COMMAND: GET /session/6e77a8c699da6c53a9289fc604b7742b/screenshot - {}
RESULT: {}
COMMAND: POST /session/6e77a8c699da6c53a9289fc604b7742b/actions - {"actions":[{"id":"action32","type":"key","parameters":{},"actions":[{"type":"keyDown","value":"î€‡"},{"type":"pause","duration":10},{"type":"keyUp","value":"î€‡"}]}]}
RESULT: {"actions":[{"id":"action32","type":"key","parameters":{},"actions":[{"type":"keyDown","value":"î€‡"},{"type":"pause","duration":10},{"type":"keyUp","value":"î€‡"}]}]}
COMMAND: GET /session/6e77a8c699da6c53a9289fc604b7742b/screenshot - {}
RESULT: {}
COMMAND: POST /session/6e77a8c699da6c53a9289fc604b7742b/element - {"using":"xpath","value":"//input[contains(@id ,\"application-managecontracts-display-component---AddNewContract--customerSelect-inner\")]"}
RESULT: {"using":"xpath","value":"//input[contains(@id ,\"application-managecontracts-display-component---AddNewContract--customerSelect-inner\")]"}
COMMAND: POST /session/6e77a8c699da6c53a9289fc604b7742b/element/f.93F4A61C81F21A46154A7CFE6A8617A2.d.4A4F0E704EE3815BDB209D837196F4F1.e.3832/value - {"text":"WebdriverPartnern1kjv"}
RESULT: {"text":"WebdriverPartnern1kjv"}
COMMAND: GET /session/6e77a8c699da6c53a9289fc604b7742b/screenshot - {}
RESULT: {}
COMMAND: POST /session/6e77a8c699da6c53a9289fc604b7742b/actions - {"actions":[{"id":"action33","type":"key","parameters":{},"actions":[{"type":"keyDown","value":"î€‡"},{"type":"pause","duration":10},{"type":"keyUp","value":"î€‡"}]}]}
RESULT: {"actions":[{"id":"action33","type":"key","parameters":{},"actions":[{"type":"keyDown","value":"î€‡"},{"type":"pause","duration":10},{"type":"keyUp","value":"î€‡"}]}]}
COMMAND: GET /session/6e77a8c699da6c53a9289fc604b7742b/screenshot - {}
RESULT: {}
COMMAND: POST /session/6e77a8c699da6c53a9289fc604b7742b/element - {"using":"xpath","value":"//input[contains(@id ,\"application-managecontracts-display-component---AddNewContract--site-inner\")]"}
RESULT: {"using":"xpath","value":"//input[contains(@id ,\"application-managecontracts-display-component---AddNewContract--site-inner\")]"}
COMMAND: POST /session/6e77a8c699da6c53a9289fc604b7742b/element/f.93F4A61C81F21A46154A7CFE6A8617A2.d.4A4F0E704EE3815BDB209D837196F4F1.e.3833/value - {"text":"WebdriverSite6aqq2"}
RESULT: {"text":"WebdriverSite6aqq2"}
COMMAND: GET /session/6e77a8c699da6c53a9289fc604b7742b/screenshot - {}
RESULT: {}
COMMAND: POST /session/6e77a8c699da6c53a9289fc604b7742b/actions - {"actions":[{"id":"action34","type":"key","parameters":{},"actions":[{"type":"keyDown","value":"î€‡"},{"type":"pause","duration":10},{"type":"keyUp","value":"î€‡"}]}]}
RESULT: {"actions":[{"id":"action34","type":"key","parameters":{},"actions":[{"type":"keyDown","value":"î€‡"},{"type":"pause","duration":10},{"type":"keyUp","value":"î€‡"}]}]}
COMMAND: GET /session/6e77a8c699da6c53a9289fc604b7742b/screenshot - {}
COMMAND: POST /session/6e77a8c699da6c53a9289fc604b7742b/execute/async - {"script":"<script> [1562 bytes]","args":[{"selector":{"id":"application-managecontracts-display-component---AddNewContract--saveBtn","interaction":{"idSuffix":"BDI-content"}},"wdio_ui5_key":"applicationmanagecontracts-display-component---AddNewContract--saveBtn"}]}
RESULT: {}
RESULT: {"script":"<script> [1562 bytes]","args":[{"selector":{"id":"application-managecontracts-display-component---AddNewContract--saveBtn","interaction":{"idSuffix":"BDI-content"}},"wdio_ui5_key":"applicationmanagecontracts-display-component---AddNewContract--saveBtn"}]}
RESULT: undefined
COMMAND: POST /session/6e77a8c699da6c53a9289fc604b7742b/element - {"using":"xpath","value":"//*[@id=\"application-managecontracts-display-component---AddNewContract--saveBtn\"]"}
RESULT: {"using":"xpath","value":"//*[@id=\"application-managecontracts-display-component---AddNewContract--saveBtn\"]"}
COMMAND: POST /session/6e77a8c699da6c53a9289fc604b7742b/element/f.93F4A61C81F21A46154A7CFE6A8617A2.d.4A4F0E704EE3815BDB209D837196F4F1.e.3908/click - {}
RESULT: {}
COMMAND: GET /session/6e77a8c699da6c53a9289fc604b7742b/screenshot - {}
RESULT: {}
COMMAND: POST /session/6e77a8c699da6c53a9289fc604b7742b/element - {"using":"xpath","value":"//span[contains(@id ,\"contractDetailTitleNoExpanded\")]"}
RESULT: {"using":"xpath","value":"//span[contains(@id ,\"contractDetailTitleNoExpanded\")]"}
COMMAND: GET /session/6e77a8c699da6c53a9289fc604b7742b/element/f.93F4A61C81F21A46154A7CFE6A8617A2.d.4A4F0E704EE3815BDB209D837196F4F1.e.3988/text - {}
RESULT: {}
COMMAND: POST /session/6e77a8c699da6c53a9289fc604b7742b/element - {"using":"css selector","value":"#shell-header-logo"}
RESULT: {"using":"css selector","value":"#shell-header-logo"}
COMMAND: POST /session/6e77a8c699da6c53a9289fc604b7742b/element/f.93F4A61C81F21A46154A7CFE6A8617A2.d.4A4F0E704EE3815BDB209D837196F4F1.e.3519/click - {}
RESULT: {}
COMMAND: GET /session/6e77a8c699da6c53a9289fc604b7742b/screenshot - {}
RESULT: {}
]]></system-out>
    </testcase>
    <testcase classname="chrome.136_0_7103_93.windows.Manage_request_+_Contract_processing_pick_up_option_US120163_" name="Should create a new material" time="168.765">
      <system-out><![CDATA[
COMMAND: POST /session/6e77a8c699da6c53a9289fc604b7742b/execute/async - {"script":"<script> [1562 bytes]","args":[{"selector":{"controlType":"sap.m.GenericTile","properties":{"header":"Manage Resources"}},"wdio_ui5_key":"sapm.GenericTile{\"header\":\"Manage Resources\"}"}]}
RESULT: {"script":"<script> [1562 bytes]","args":[{"selector":{"controlType":"sap.m.GenericTile","properties":{"header":"Manage Resources"}},"wdio_ui5_key":"sapm.GenericTile{\"header\":\"Manage Resources\"}"}]}
RESULT: undefined
COMMAND: POST /session/6e77a8c699da6c53a9289fc604b7742b/element - {"using":"xpath","value":"//*[@id=\"__tile39\"]"}
RESULT: {"using":"xpath","value":"//*[@id=\"__tile39\"]"}
COMMAND: POST /session/6e77a8c699da6c53a9289fc604b7742b/element/f.93F4A61C81F21A46154A7CFE6A8617A2.d.4A4F0E704EE3815BDB209D837196F4F1.e.3990/click - {}
RESULT: {}
COMMAND: GET /session/6e77a8c699da6c53a9289fc604b7742b/screenshot - {}
RESULT: {}
COMMAND: POST /session/6e77a8c699da6c53a9289fc604b7742b/elements - {"using":"xpath","value":"//span[text()='Error']"}
RESULT: {"using":"xpath","value":"//span[text()='Error']"}
COMMAND: POST /session/6e77a8c699da6c53a9289fc604b7742b/element - {"using":"xpath","value":"//button[@data-kt=\"addNewRUOverflowToolbarButton\"]"}
RESULT: {"using":"xpath","value":"//button[@data-kt=\"addNewRUOverflowToolbarButton\"]"}
COMMAND: POST /session/6e77a8c699da6c53a9289fc604b7742b/execute/sync - {"script":"<script> [8489 bytes]","args":[{"element-6066-11e4-a52e-4f735466cecf":"f.93F4A61C81F21A46154A7CFE6A8617A2.d.4A4F0E704EE3815BDB209D837196F4F1.e.4032","ELEMENT":"f.93F4A61C81F21A46154A7CFE6A8617A2.d.4A4F0E704EE3815BDB209D837196F4F1.e.4032"}]}
RESULT: {"script":"<script> [8489 bytes]","args":[{"element-6066-11e4-a52e-4f735466cecf":"f.93F4A61C81F21A46154A7CFE6A8617A2.d.4A4F0E704EE3815BDB209D837196F4F1.e.4032","ELEMENT":"f.93F4A61C81F21A46154A7CFE6A8617A2.d.4A4F0E704EE3815BDB209D837196F4F1.e.4032"}]}
COMMAND: POST /session/6e77a8c699da6c53a9289fc604b7742b/element/f.93F4A61C81F21A46154A7CFE6A8617A2.d.4A4F0E704EE3815BDB209D837196F4F1.e.4032/click - {}
COMMAND: GET /session/6e77a8c699da6c53a9289fc604b7742b/screenshot - {}
RESULT: {}
COMMAND: POST /session/6e77a8c699da6c53a9289fc604b7742b/execute/async - {"script":"<script> [1562 bytes]","args":[{"selector":{"id":"application-manageresources-display-component---newResourceUnit--TYPE-arrow"},"wdio_ui5_key":"applicationmanageresources-display-component---newResourceUnit--TYPE-arrow"}]}
COMMAND: GET /session/6e77a8c699da6c53a9289fc604b7742b/screenshot - {}
RESULT: {}
RESULT: {"script":"<script> [1562 bytes]","args":[{"selector":{"id":"application-manageresources-display-component---newResourceUnit--TYPE-arrow"},"wdio_ui5_key":"applicationmanageresources-display-component---newResourceUnit--TYPE-arrow"}]}
RESULT: undefined
COMMAND: POST /session/6e77a8c699da6c53a9289fc604b7742b/element - {"using":"xpath","value":"//*[@id=\"application-manageresources-display-component---newResourceUnit--TYPE-arrow\"]"}
RESULT: {}
RESULT: {"using":"xpath","value":"//*[@id=\"application-manageresources-display-component---newResourceUnit--TYPE-arrow\"]"}
COMMAND: POST /session/6e77a8c699da6c53a9289fc604b7742b/element/f.93F4A61C81F21A46154A7CFE6A8617A2.d.4A4F0E704EE3815BDB209D837196F4F1.e.4345/click - {}
RESULT: {}
COMMAND: POST /session/6e77a8c699da6c53a9289fc604b7742b/execute/async - {"script":"<script> [1562 bytes]","args":[{"selector":{"controlType":"sap.m.StandardListItem","viewName":"reusables.view.manageresources.NewResourceUnit","viewId":"application-manageresources-display-component---newResourceUnit","properties":{"title":"Material"},"searchOpenDialogs":true,"interaction":{"idSuffix":"titleText"}},"wdio_ui5_key":"reusablesview.manageresources.NewResourceUnitsap.m.StandardListItem{\"title\":\"Material\"}"}]}
COMMAND: GET /session/6e77a8c699da6c53a9289fc604b7742b/screenshot - {}
RESULT: {"script":"<script> [1562 bytes]","args":[{"selector":{"controlType":"sap.m.StandardListItem","viewName":"reusables.view.manageresources.NewResourceUnit","viewId":"application-manageresources-display-component---newResourceUnit","properties":{"title":"Material"},"searchOpenDialogs":true,"interaction":{"idSuffix":"titleText"}},"wdio_ui5_key":"reusablesview.manageresources.NewResourceUnitsap.m.StandardListItem{\"title\":\"Material\"}"}]}
RESULT: undefined
COMMAND: POST /session/6e77a8c699da6c53a9289fc604b7742b/element - {"using":"xpath","value":"//*[@id=\"__item4596\"]"}
RESULT: {}
RESULT: {"using":"xpath","value":"//*[@id=\"__item4596\"]"}
COMMAND: POST /session/6e77a8c699da6c53a9289fc604b7742b/element/f.93F4A61C81F21A46154A7CFE6A8617A2.d.4A4F0E704EE3815BDB209D837196F4F1.e.4348/click - {}
RESULT: {}
COMMAND: POST /session/6e77a8c699da6c53a9289fc604b7742b/execute/async - {"script":"<script> [1562 bytes]","args":[{"selector":{"id":"application-manageresources-display-component---newResourceUnit--SHORT_TEXT","interaction":{"idSuffix":"inner"}},"wdio_ui5_key":"applicationmanageresources-display-component---newResourceUnit--SHORT_TEXT"}]}
COMMAND: GET /session/6e77a8c699da6c53a9289fc604b7742b/screenshot - {}
RESULT: {"script":"<script> [1562 bytes]","args":[{"selector":{"id":"application-manageresources-display-component---newResourceUnit--SHORT_TEXT","interaction":{"idSuffix":"inner"}},"wdio_ui5_key":"applicationmanageresources-display-component---newResourceUnit--SHORT_TEXT"}]}
RESULT: undefined
COMMAND: POST /session/6e77a8c699da6c53a9289fc604b7742b/execute/async - {"script":"<script> [776 bytes]","args":[{"enterText":"WebdriverMatTestvd3nkk","selector":{"id":"application-manageresources-display-component---newResourceUnit--SHORT_TEXT","interaction":{"idSuffix":"inner"}},"clearTextFirst":true,"interactionType":"ENTER_TEXT"}]}
RESULT: {}
RESULT: {"script":"<script> [776 bytes]","args":[{"enterText":"WebdriverMatTestvd3nkk","selector":{"id":"application-manageresources-display-component---newResourceUnit--SHORT_TEXT","interaction":{"idSuffix":"inner"}},"clearTextFirst":true,"interactionType":"ENTER_TEXT"}]}
COMMAND: POST /session/6e77a8c699da6c53a9289fc604b7742b/execute/async - {"script":"<script> [1562 bytes]","args":[{"selector":{"id":"application-manageresources-display-component---newResourceUnit--BASE_UNIT_OF_MEASURE-arrow"},"wdio_ui5_key":"applicationmanageresources-display-component---newResourceUnit--BASE_UNIT_OF_MEASURE-arrow"}]}
RESULT: {"script":"<script> [1562 bytes]","args":[{"selector":{"id":"application-manageresources-display-component---newResourceUnit--BASE_UNIT_OF_MEASURE-arrow"},"wdio_ui5_key":"applicationmanageresources-display-component---newResourceUnit--BASE_UNIT_OF_MEASURE-arrow"}]}
RESULT: undefined
COMMAND: POST /session/6e77a8c699da6c53a9289fc604b7742b/element - {"using":"xpath","value":"//*[@id=\"application-manageresources-display-component---newResourceUnit--BASE_UNIT_OF_MEASURE-arrow\"]"}
RESULT: {"using":"xpath","value":"//*[@id=\"application-manageresources-display-component---newResourceUnit--BASE_UNIT_OF_MEASURE-arrow\"]"}
COMMAND: POST /session/6e77a8c699da6c53a9289fc604b7742b/element/f.93F4A61C81F21A46154A7CFE6A8617A2.d.4A4F0E704EE3815BDB209D837196F4F1.e.4468/click - {}
RESULT: {}
COMMAND: POST /session/6e77a8c699da6c53a9289fc604b7742b/execute/async - {"script":"<script> [1562 bytes]","args":[{"selector":{"controlType":"sap.m.StandardListItem","viewName":"reusables.view.manageresources.NewResourceUnit","viewId":"application-manageresources-display-component---newResourceUnit","properties":{"title":"Piece"},"searchOpenDialogs":true,"interaction":{"idSuffix":"titleText"}},"wdio_ui5_key":"reusablesview.manageresources.NewResourceUnitsap.m.StandardListItem{\"title\":\"Piece\"}"}]}
COMMAND: GET /session/6e77a8c699da6c53a9289fc604b7742b/screenshot - {}
RESULT: {"script":"<script> [1562 bytes]","args":[{"selector":{"controlType":"sap.m.StandardListItem","viewName":"reusables.view.manageresources.NewResourceUnit","viewId":"application-manageresources-display-component---newResourceUnit","properties":{"title":"Piece"},"searchOpenDialogs":true,"interaction":{"idSuffix":"titleText"}},"wdio_ui5_key":"reusablesview.manageresources.NewResourceUnitsap.m.StandardListItem{\"title\":\"Piece\"}"}]}
RESULT: undefined
COMMAND: POST /session/6e77a8c699da6c53a9289fc604b7742b/element - {"using":"xpath","value":"//*[@id=\"__item4649\"]"}
RESULT: {}
RESULT: {"using":"xpath","value":"//*[@id=\"__item4649\"]"}
COMMAND: POST /session/6e77a8c699da6c53a9289fc604b7742b/element/f.93F4A61C81F21A46154A7CFE6A8617A2.d.4A4F0E704EE3815BDB209D837196F4F1.e.4470/click - {}
RESULT: {}
COMMAND: POST /session/6e77a8c699da6c53a9289fc604b7742b/element - {"using":"xpath","value":"//input[contains(@id ,\"application-manageresources-display-component---newResourceUnit--SHORT_TEXT-inner\")]"}
COMMAND: GET /session/6e77a8c699da6c53a9289fc604b7742b/screenshot - {}
RESULT: {"using":"xpath","value":"//input[contains(@id ,\"application-manageresources-display-component---newResourceUnit--SHORT_TEXT-inner\")]"}
COMMAND: GET /session/6e77a8c699da6c53a9289fc604b7742b/element/f.93F4A61C81F21A46154A7CFE6A8617A2.d.4A4F0E704EE3815BDB209D837196F4F1.e.4365/property/value - {}
RESULT: {}
RESULT: {}
COMMAND: POST /session/6e77a8c699da6c53a9289fc604b7742b/execute/async - {"script":"<script> [1562 bytes]","args":[{"selector":{"id":"application-manageresources-display-component---newResourceUnit--WEIGHT_UNIT-arrow"},"wdio_ui5_key":"applicationmanageresources-display-component---newResourceUnit--WEIGHT_UNIT-arrow"}]}
COMMAND: GET /session/6e77a8c699da6c53a9289fc604b7742b/screenshot - {}
RESULT: {"script":"<script> [1562 bytes]","args":[{"selector":{"id":"application-manageresources-display-component---newResourceUnit--WEIGHT_UNIT-arrow"},"wdio_ui5_key":"applicationmanageresources-display-component---newResourceUnit--WEIGHT_UNIT-arrow"}]}
RESULT: undefined
COMMAND: POST /session/6e77a8c699da6c53a9289fc604b7742b/element - {"using":"xpath","value":"//*[@id=\"application-manageresources-display-component---newResourceUnit--WEIGHT_UNIT-arrow\"]"}
RESULT: {}
RESULT: {"using":"xpath","value":"//*[@id=\"application-manageresources-display-component---newResourceUnit--WEIGHT_UNIT-arrow\"]"}
COMMAND: POST /session/6e77a8c699da6c53a9289fc604b7742b/element/f.93F4A61C81F21A46154A7CFE6A8617A2.d.4A4F0E704EE3815BDB209D837196F4F1.e.4471/click - {}
RESULT: {}
COMMAND: POST /session/6e77a8c699da6c53a9289fc604b7742b/execute/async - {"script":"<script> [1562 bytes]","args":[{"selector":{"controlType":"sap.m.StandardListItem","viewName":"reusables.view.manageresources.NewResourceUnit","viewId":"application-manageresources-display-component---newResourceUnit","properties":{"title":"Gram"},"searchOpenDialogs":true,"interaction":{"idSuffix":"content"}},"wdio_ui5_key":"reusablesview.manageresources.NewResourceUnitsap.m.StandardListItem{\"title\":\"Gram\"}"}]}
COMMAND: GET /session/6e77a8c699da6c53a9289fc604b7742b/screenshot - {}
RESULT: {"script":"<script> [1562 bytes]","args":[{"selector":{"controlType":"sap.m.StandardListItem","viewName":"reusables.view.manageresources.NewResourceUnit","viewId":"application-manageresources-display-component---newResourceUnit","properties":{"title":"Gram"},"searchOpenDialogs":true,"interaction":{"idSuffix":"content"}},"wdio_ui5_key":"reusablesview.manageresources.NewResourceUnitsap.m.StandardListItem{\"title\":\"Gram\"}"}]}
RESULT: undefined
COMMAND: POST /session/6e77a8c699da6c53a9289fc604b7742b/element - {"using":"xpath","value":"//*[@id=\"__item4714\"]"}
RESULT: {}
RESULT: {"using":"xpath","value":"//*[@id=\"__item4714\"]"}
COMMAND: POST /session/6e77a8c699da6c53a9289fc604b7742b/element/f.93F4A61C81F21A46154A7CFE6A8617A2.d.4A4F0E704EE3815BDB209D837196F4F1.e.4473/click - {}
RESULT: {}
COMMAND: POST /session/6e77a8c699da6c53a9289fc604b7742b/execute/async - {"script":"<script> [1562 bytes]","args":[{"selector":{"id":"application-manageresources-display-component---newResourceUnit--newRRUPage-OPHeaderContent-collapseBtn-img"},"wdio_ui5_key":"applicationmanageresources-display-component---newResourceUnit--newRRUPage-OPHeaderContent-collapseBtn-img"}]}
COMMAND: GET /session/6e77a8c699da6c53a9289fc604b7742b/screenshot - {}
RESULT: {"script":"<script> [1562 bytes]","args":[{"selector":{"id":"application-manageresources-display-component---newResourceUnit--newRRUPage-OPHeaderContent-collapseBtn-img"},"wdio_ui5_key":"applicationmanageresources-display-component---newResourceUnit--newRRUPage-OPHeaderContent-collapseBtn-img"}]}
RESULT: undefined
COMMAND: POST /session/6e77a8c699da6c53a9289fc604b7742b/element - {"using":"xpath","value":"//*[@id=\"application-manageresources-display-component---newResourceUnit--newRRUPage-OPHeaderContent-collapseBtn-img\"]"}
RESULT: {}
RESULT: {"using":"xpath","value":"//*[@id=\"application-manageresources-display-component---newResourceUnit--newRRUPage-OPHeaderContent-collapseBtn-img\"]"}
COMMAND: POST /session/6e77a8c699da6c53a9289fc604b7742b/element/f.93F4A61C81F21A46154A7CFE6A8617A2.d.4A4F0E704EE3815BDB209D837196F4F1.e.4355/click - {}
RESULT: {}
COMMAND: GET /session/6e77a8c699da6c53a9289fc604b7742b/screenshot - {}
RESULT: {}
COMMAND: POST /session/6e77a8c699da6c53a9289fc604b7742b/element - {"using":"xpath","value":"(//span[contains(@id ,\"application-manageresources-display-component---newResourceUnit--DIMENSION_UNIT-arrow\")])[1]"}
RESULT: {"using":"xpath","value":"(//span[contains(@id ,\"application-manageresources-display-component---newResourceUnit--DIMENSION_UNIT-arrow\")])[1]"}
COMMAND: POST /session/6e77a8c699da6c53a9289fc604b7742b/element/f.93F4A61C81F21A46154A7CFE6A8617A2.d.4A4F0E704EE3815BDB209D837196F4F1.e.4479/click - {}
RESULT: {}
COMMAND: GET /session/6e77a8c699da6c53a9289fc604b7742b/screenshot - {}
RESULT: {}
COMMAND: POST /session/6e77a8c699da6c53a9289fc604b7742b/execute/async - {"script":"<script> [1562 bytes]","args":[{"selector":{"controlType":"sap.m.StandardListItem","viewName":"reusables.view.manageresources.NewResourceUnit","viewId":"application-manageresources-display-component---newResourceUnit","properties":{"title":"Centimeter"},"searchOpenDialogs":true,"interaction":{"idSuffix":"titleText"}},"wdio_ui5_key":"reusablesview.manageresources.NewResourceUnitsap.m.StandardListItem{\"title\":\"Centimeter\"}"}]}
RESULT: {"script":"<script> [1562 bytes]","args":[{"selector":{"controlType":"sap.m.StandardListItem","viewName":"reusables.view.manageresources.NewResourceUnit","viewId":"application-manageresources-display-component---newResourceUnit","properties":{"title":"Centimeter"},"searchOpenDialogs":true,"interaction":{"idSuffix":"titleText"}},"wdio_ui5_key":"reusablesview.manageresources.NewResourceUnitsap.m.StandardListItem{\"title\":\"Centimeter\"}"}]}
RESULT: undefined
COMMAND: POST /session/6e77a8c699da6c53a9289fc604b7742b/element - {"using":"xpath","value":"//*[@id=\"__item4717\"]"}
RESULT: {"using":"xpath","value":"//*[@id=\"__item4717\"]"}
COMMAND: POST /session/6e77a8c699da6c53a9289fc604b7742b/element/f.93F4A61C81F21A46154A7CFE6A8617A2.d.4A4F0E704EE3815BDB209D837196F4F1.e.4481/click - {}
RESULT: {}
COMMAND: POST /session/6e77a8c699da6c53a9289fc604b7742b/execute/async - {"script":"<script> [1562 bytes]","args":[{"selector":{"id":"application-manageresources-display-component---newResourceUnit--newRRUPage-anchBar-application-manageresources-display-component---newResourceUnit--reference-anchor","interaction":{"idSuffix":"BDI-content"}},"wdio_ui5_key":"applicationmanageresources-display-component---newResourceUnit--newRRUPage-anchBar-application-manageresources-display-component---newResourceUnit--reference-anchor"}]}
COMMAND: GET /session/6e77a8c699da6c53a9289fc604b7742b/screenshot - {}
RESULT: {"script":"<script> [1562 bytes]","args":[{"selector":{"id":"application-manageresources-display-component---newResourceUnit--newRRUPage-anchBar-application-manageresources-display-component---newResourceUnit--reference-anchor","interaction":{"idSuffix":"BDI-content"}},"wdio_ui5_key":"applicationmanageresources-display-component---newResourceUnit--newRRUPage-anchBar-application-manageresources-display-component---newResourceUnit--reference-anchor"}]}
RESULT: undefined
COMMAND: POST /session/6e77a8c699da6c53a9289fc604b7742b/element - {"using":"xpath","value":"//*[@id=\"application-manageresources-display-component---newResourceUnit--newRRUPage-anchBar-application-manageresources-display-component---newResourceUnit--reference-anchor\"]"}
RESULT: {}
RESULT: {"using":"xpath","value":"//*[@id=\"application-manageresources-display-component---newResourceUnit--newRRUPage-anchBar-application-manageresources-display-component---newResourceUnit--reference-anchor\"]"}
COMMAND: POST /session/6e77a8c699da6c53a9289fc604b7742b/element/f.93F4A61C81F21A46154A7CFE6A8617A2.d.4A4F0E704EE3815BDB209D837196F4F1.e.4483/click - {}
RESULT: {}
COMMAND: POST /session/6e77a8c699da6c53a9289fc604b7742b/execute/async - {"script":"<script> [1562 bytes]","args":[{"selector":{"id":"application-manageresources-display-component---newResourceUnit--PLANNING_GROUP-arrow"},"wdio_ui5_key":"applicationmanageresources-display-component---newResourceUnit--PLANNING_GROUP-arrow"}]}
COMMAND: GET /session/6e77a8c699da6c53a9289fc604b7742b/screenshot - {}
RESULT: {"script":"<script> [1562 bytes]","args":[{"selector":{"id":"application-manageresources-display-component---newResourceUnit--PLANNING_GROUP-arrow"},"wdio_ui5_key":"applicationmanageresources-display-component---newResourceUnit--PLANNING_GROUP-arrow"}]}
RESULT: undefined
COMMAND: POST /session/6e77a8c699da6c53a9289fc604b7742b/element - {"using":"xpath","value":"//*[@id=\"application-manageresources-display-component---newResourceUnit--PLANNING_GROUP-arrow\"]"}
RESULT: {}
RESULT: {"using":"xpath","value":"//*[@id=\"application-manageresources-display-component---newResourceUnit--PLANNING_GROUP-arrow\"]"}
COMMAND: POST /session/6e77a8c699da6c53a9289fc604b7742b/element/f.93F4A61C81F21A46154A7CFE6A8617A2.d.4A4F0E704EE3815BDB209D837196F4F1.e.4487/click - {}
RESULT: {}
COMMAND: POST /session/6e77a8c699da6c53a9289fc604b7742b/execute/async - {"script":"<script> [1562 bytes]","args":[{"selector":{"controlType":"sap.m.StandardListItem","viewName":"reusables.view.manageresources.NewResourceUnit","viewId":"application-manageresources-display-component---newResourceUnit","properties":{"title":"Heavy Equi"},"searchOpenDialogs":true,"interaction":{"idSuffix":"content"}},"wdio_ui5_key":"reusablesview.manageresources.NewResourceUnitsap.m.StandardListItem{\"title\":\"Heavy Equi\"}"}]}
COMMAND: GET /session/6e77a8c699da6c53a9289fc604b7742b/screenshot - {}
RESULT: {"script":"<script> [1562 bytes]","args":[{"selector":{"controlType":"sap.m.StandardListItem","viewName":"reusables.view.manageresources.NewResourceUnit","viewId":"application-manageresources-display-component---newResourceUnit","properties":{"title":"Heavy Equi"},"searchOpenDialogs":true,"interaction":{"idSuffix":"content"}},"wdio_ui5_key":"reusablesview.manageresources.NewResourceUnitsap.m.StandardListItem{\"title\":\"Heavy Equi\"}"}]}
RESULT: undefined
COMMAND: POST /session/6e77a8c699da6c53a9289fc604b7742b/element - {"using":"xpath","value":"//*[@id=\"__item4725\"]"}
RESULT: {}
RESULT: {"using":"xpath","value":"//*[@id=\"__item4725\"]"}
COMMAND: POST /session/6e77a8c699da6c53a9289fc604b7742b/element/f.93F4A61C81F21A46154A7CFE6A8617A2.d.4A4F0E704EE3815BDB209D837196F4F1.e.4491/click - {}
RESULT: {}
COMMAND: GET /session/6e77a8c699da6c53a9289fc604b7742b/screenshot - {}
RESULT: {}
COMMAND: POST /session/6e77a8c699da6c53a9289fc604b7742b/execute/async - {"script":"<script> [1562 bytes]","args":[{"selector":{"id":"application-manageresources-display-component---newResourceUnit--PLANNING_INDICATOR-arrow"},"wdio_ui5_key":"applicationmanageresources-display-component---newResourceUnit--PLANNING_INDICATOR-arrow"}]}
RESULT: {"script":"<script> [1562 bytes]","args":[{"selector":{"id":"application-manageresources-display-component---newResourceUnit--PLANNING_INDICATOR-arrow"},"wdio_ui5_key":"applicationmanageresources-display-component---newResourceUnit--PLANNING_INDICATOR-arrow"}]}
RESULT: undefined
COMMAND: POST /session/6e77a8c699da6c53a9289fc604b7742b/element - {"using":"xpath","value":"//*[@id=\"application-manageresources-display-component---newResourceUnit--PLANNING_INDICATOR-arrow\"]"}
RESULT: {"using":"xpath","value":"//*[@id=\"application-manageresources-display-component---newResourceUnit--PLANNING_INDICATOR-arrow\"]"}
COMMAND: POST /session/6e77a8c699da6c53a9289fc604b7742b/element/f.93F4A61C81F21A46154A7CFE6A8617A2.d.4A4F0E704EE3815BDB209D837196F4F1.e.4492/click - {}
RESULT: {}
COMMAND: POST /session/6e77a8c699da6c53a9289fc604b7742b/execute/async - {"script":"<script> [1562 bytes]","args":[{"selector":{"controlType":"sap.m.StandardListItem","viewName":"reusables.view.manageresources.NewResourceUnit","viewId":"application-manageresources-display-component---newResourceUnit","properties":{"title":"10 - infinite"},"searchOpenDialogs":true,"interaction":{"idSuffix":"content"}},"wdio_ui5_key":"reusablesview.manageresources.NewResourceUnitsap.m.StandardListItem{\"title\":\"10 - infinite\"}"}]}
COMMAND: GET /session/6e77a8c699da6c53a9289fc604b7742b/screenshot - {}
RESULT: {"script":"<script> [1562 bytes]","args":[{"selector":{"controlType":"sap.m.StandardListItem","viewName":"reusables.view.manageresources.NewResourceUnit","viewId":"application-manageresources-display-component---newResourceUnit","properties":{"title":"10 - infinite"},"searchOpenDialogs":true,"interaction":{"idSuffix":"content"}},"wdio_ui5_key":"reusablesview.manageresources.NewResourceUnitsap.m.StandardListItem{\"title\":\"10 - infinite\"}"}]}
RESULT: undefined
COMMAND: POST /session/6e77a8c699da6c53a9289fc604b7742b/element - {"using":"xpath","value":"//*[@id=\"__item4735\"]"}
RESULT: {}
RESULT: {"using":"xpath","value":"//*[@id=\"__item4735\"]"}
COMMAND: POST /session/6e77a8c699da6c53a9289fc604b7742b/element/f.93F4A61C81F21A46154A7CFE6A8617A2.d.4A4F0E704EE3815BDB209D837196F4F1.e.4494/click - {}
RESULT: {}
COMMAND: GET /session/6e77a8c699da6c53a9289fc604b7742b/screenshot - {}
RESULT: {}
COMMAND: POST /session/6e77a8c699da6c53a9289fc604b7742b/element - {"using":"xpath","value":"//bdi[contains(text(), \"Time Segment\")]"}
RESULT: {"using":"xpath","value":"//bdi[contains(text(), \"Time Segment\")]"}
COMMAND: GET /session/6e77a8c699da6c53a9289fc604b7742b/element/f.93F4A61C81F21A46154A7CFE6A8617A2.d.4A4F0E704EE3815BDB209D837196F4F1.e.4495/rect - {}
RESULT: {}
COMMAND: GET /session/6e77a8c699da6c53a9289fc604b7742b/window/rect - {}
RESULT: {}
COMMAND: POST /session/6e77a8c699da6c53a9289fc604b7742b/execute/sync - {"script":"<script> [92 bytes]","args":[]}
RESULT: {"script":"<script> [92 bytes]","args":[]}
COMMAND: POST /session/6e77a8c699da6c53a9289fc604b7742b/actions - {"actions":[{"id":"action35","type":"wheel","parameters":{},"actions":[{"type":"scroll","x":-1820,"y":-21,"deltaX":0,"deltaY":0,"duration":0,"origin":{"element-6066-11e4-a52e-4f735466cecf":"f.93F4A61C81F21A46154A7CFE6A8617A2.d.4A4F0E704EE3815BDB209D837196F4F1.e.4495"}}]}]}
COMMAND: GET /session/6e77a8c699da6c53a9289fc604b7742b/screenshot - {}
RESULT: {}
COMMAND: POST /session/6e77a8c699da6c53a9289fc604b7742b/execute/sync - {"script":"<script> [79 bytes]","args":[{"element-6066-11e4-a52e-4f735466cecf":"f.93F4A61C81F21A46154A7CFE6A8617A2.d.4A4F0E704EE3815BDB209D837196F4F1.e.4495","ELEMENT":"f.93F4A61C81F21A46154A7CFE6A8617A2.d.4A4F0E704EE3815BDB209D837196F4F1.e.4495"},{"block":"start","inline":"nearest"}]}
RESULT: {"script":"<script> [79 bytes]","args":[{"element-6066-11e4-a52e-4f735466cecf":"f.93F4A61C81F21A46154A7CFE6A8617A2.d.4A4F0E704EE3815BDB209D837196F4F1.e.4495","ELEMENT":"f.93F4A61C81F21A46154A7CFE6A8617A2.d.4A4F0E704EE3815BDB209D837196F4F1.e.4495"},{"block":"start","inline":"nearest"}]}
COMMAND: GET /session/6e77a8c699da6c53a9289fc604b7742b/screenshot - {}
RESULT: {}
COMMAND: POST /session/6e77a8c699da6c53a9289fc604b7742b/element - {"using":"xpath","value":"//span[@id=\"application-manageresources-display-component---newResourceUnit--btnAddTimeSegment-img\"]"}
RESULT: {"using":"xpath","value":"//span[@id=\"application-manageresources-display-component---newResourceUnit--btnAddTimeSegment-img\"]"}
COMMAND: POST /session/6e77a8c699da6c53a9289fc604b7742b/execute/sync - {"script":"<script> [8489 bytes]","args":[{"element-6066-11e4-a52e-4f735466cecf":"f.93F4A61C81F21A46154A7CFE6A8617A2.d.4A4F0E704EE3815BDB209D837196F4F1.e.4498","ELEMENT":"f.93F4A61C81F21A46154A7CFE6A8617A2.d.4A4F0E704EE3815BDB209D837196F4F1.e.4498"}]}
RESULT: {"script":"<script> [8489 bytes]","args":[{"element-6066-11e4-a52e-4f735466cecf":"f.93F4A61C81F21A46154A7CFE6A8617A2.d.4A4F0E704EE3815BDB209D837196F4F1.e.4498","ELEMENT":"f.93F4A61C81F21A46154A7CFE6A8617A2.d.4A4F0E704EE3815BDB209D837196F4F1.e.4498"}]}
COMMAND: POST /session/6e77a8c699da6c53a9289fc604b7742b/element/f.93F4A61C81F21A46154A7CFE6A8617A2.d.4A4F0E704EE3815BDB209D837196F4F1.e.4498/click - {}
COMMAND: GET /session/6e77a8c699da6c53a9289fc604b7742b/screenshot - {}
RESULT: {}
COMMAND: GET /session/6e77a8c699da6c53a9289fc604b7742b/screenshot - {}
COMMAND: POST /session/6e77a8c699da6c53a9289fc604b7742b/element - {"using":"xpath","value":"//input[@id=\"application-manageresources-display-component---newResourceUnit--idRuTSAdmin-application-manageresources-display-component---newResourceUnit--RUTimeSegment-0-inner\"]"}
RESULT: {}
RESULT: {}
RESULT: {"using":"xpath","value":"//input[@id=\"application-manageresources-display-component---newResourceUnit--idRuTSAdmin-application-manageresources-display-component---newResourceUnit--RUTimeSegment-0-inner\"]"}
COMMAND: POST /session/6e77a8c699da6c53a9289fc604b7742b/element/f.93F4A61C81F21A46154A7CFE6A8617A2.d.4A4F0E704EE3815BDB209D837196F4F1.e.4501/clear - {}
RESULT: {}
COMMAND: POST /session/6e77a8c699da6c53a9289fc604b7742b/element/f.93F4A61C81F21A46154A7CFE6A8617A2.d.4A4F0E704EE3815BDB209D837196F4F1.e.4501/value - {"text":"WebdriverYardowxms"}
COMMAND: GET /session/6e77a8c699da6c53a9289fc604b7742b/screenshot - {}
RESULT: {"text":"WebdriverYardowxms"}
COMMAND: GET /session/6e77a8c699da6c53a9289fc604b7742b/screenshot - {}
RESULT: {}
RESULT: {}
COMMAND: POST /session/6e77a8c699da6c53a9289fc604b7742b/actions - {"actions":[{"id":"action36","type":"key","parameters":{},"actions":[{"type":"keyDown","value":"î€‡"},{"type":"pause","duration":10},{"type":"keyUp","value":"î€‡"}]}]}
RESULT: {"actions":[{"id":"action36","type":"key","parameters":{},"actions":[{"type":"keyDown","value":"î€‡"},{"type":"pause","duration":10},{"type":"keyUp","value":"î€‡"}]}]}
COMMAND: GET /session/6e77a8c699da6c53a9289fc604b7742b/screenshot - {}
RESULT: {}
COMMAND: POST /session/6e77a8c699da6c53a9289fc604b7742b/execute/async - {"script":"<script> [1562 bytes]","args":[{"selector":{"controlType":"sap.m.Button","viewName":"reusables.view.manageresources.NewResourceUnit","viewId":"application-manageresources-display-component---newResourceUnit","i18NText":{"propertyName":"tooltip","key":"save"},"interaction":{"idSuffix":"BDI-content"}},"wdio_ui5_key":"reusablesview.manageresources.NewResourceUnitsap.m.Button{\"propertyName\":\"tooltip\",\"key\":\"save\"}"}]}
RESULT: {"script":"<script> [1562 bytes]","args":[{"selector":{"controlType":"sap.m.Button","viewName":"reusables.view.manageresources.NewResourceUnit","viewId":"application-manageresources-display-component---newResourceUnit","i18NText":{"propertyName":"tooltip","key":"save"},"interaction":{"idSuffix":"BDI-content"}},"wdio_ui5_key":"reusablesview.manageresources.NewResourceUnitsap.m.Button{\"propertyName\":\"tooltip\",\"key\":\"save\"}"}]}
RESULT: undefined
COMMAND: POST /session/6e77a8c699da6c53a9289fc604b7742b/element - {"using":"xpath","value":"//*[@id=\"application-manageresources-display-component---newResourceUnit--createRuButton\"]"}
RESULT: {"using":"xpath","value":"//*[@id=\"application-manageresources-display-component---newResourceUnit--createRuButton\"]"}
COMMAND: POST /session/6e77a8c699da6c53a9289fc604b7742b/element/f.93F4A61C81F21A46154A7CFE6A8617A2.d.4A4F0E704EE3815BDB209D837196F4F1.e.4361/click - {}
RESULT: {}
COMMAND: GET /session/6e77a8c699da6c53a9289fc604b7742b/screenshot - {}
RESULT: {}
COMMAND: POST /session/6e77a8c699da6c53a9289fc604b7742b/execute/async - {"script":"<script> [1562 bytes]","args":[{"selector":{"controlType":"sap.m.Title","properties":{"text":"Success"},"searchOpenDialogs":true},"wdio_ui5_key":"sapm.Title{\"text\":\"Success\"}"}]}
RESULT: {"script":"<script> [1562 bytes]","args":[{"selector":{"controlType":"sap.m.Title","properties":{"text":"Success"},"searchOpenDialogs":true},"wdio_ui5_key":"sapm.Title{\"text\":\"Success\"}"}]}
RESULT: undefined
COMMAND: POST /session/6e77a8c699da6c53a9289fc604b7742b/execute/async - {"script":"<script> [6424 bytes]","args":[{"element-6066-11e4-a52e-4f735466cecf":"f.93F4A61C81F21A46154A7CFE6A8617A2.d.4A4F0E704EE3815BDB209D837196F4F1.e.4516"},"getText",[]]}
RESULT: {"script":"<script> [6424 bytes]","args":[{"element-6066-11e4-a52e-4f735466cecf":"f.93F4A61C81F21A46154A7CFE6A8617A2.d.4A4F0E704EE3815BDB209D837196F4F1.e.4516"},"getText",[]]}
COMMAND: POST /session/6e77a8c699da6c53a9289fc604b7742b/element - {"using":"xpath","value":"//*[contains(@id, '__text') and (contains(text(), 'successfully created') or contains(., 'successfully created'))]"}
RESULT: {"using":"xpath","value":"//*[contains(@id, '__text') and (contains(text(), 'successfully created') or contains(., 'successfully created'))]"}
COMMAND: GET /session/6e77a8c699da6c53a9289fc604b7742b/element/f.93F4A61C81F21A46154A7CFE6A8617A2.d.4A4F0E704EE3815BDB209D837196F4F1.e.4515/text - {}
RESULT: {}
COMMAND: POST /session/6e77a8c699da6c53a9289fc604b7742b/execute/async - {"script":"<script> [1562 bytes]","args":[{"selector":{"controlType":"sap.m.Button","properties":{"text":"Close"},"searchOpenDialogs":true,"interaction":{"idSuffix":"BDI-content"}},"wdio_ui5_key":"sapm.Button{\"text\":\"Close\"}"}]}
RESULT: {"script":"<script> [1562 bytes]","args":[{"selector":{"controlType":"sap.m.Button","properties":{"text":"Close"},"searchOpenDialogs":true,"interaction":{"idSuffix":"BDI-content"}},"wdio_ui5_key":"sapm.Button{\"text\":\"Close\"}"}]}
RESULT: undefined
COMMAND: POST /session/6e77a8c699da6c53a9289fc604b7742b/element - {"using":"xpath","value":"//*[@id=\"__mbox-btn-1\"]"}
RESULT: {"using":"xpath","value":"//*[@id=\"__mbox-btn-1\"]"}
COMMAND: POST /session/6e77a8c699da6c53a9289fc604b7742b/element/f.93F4A61C81F21A46154A7CFE6A8617A2.d.4A4F0E704EE3815BDB209D837196F4F1.e.4513/click - {}
RESULT: {}
COMMAND: GET /session/6e77a8c699da6c53a9289fc604b7742b/screenshot - {}
RESULT: {}
COMMAND: POST /session/6e77a8c699da6c53a9289fc604b7742b/execute/async - {"script":"<script> [1562 bytes]","args":[{"selector":{"controlType":"sap.ui.core.Icon","viewName":"etm.portal.ui.manageresources.view.Detail","viewId":"application-manageresources-display-component---detailRU","properties":{"src":{"regex":{"source":"overflow"}}}},"wdio_ui5_key":"etmportal.ui.manageresources.view.Detailsap.ui.core.Icon{\"src\":{\"regex\":{\"source\":\"overflow\"}}}"}]}
RESULT: {"script":"<script> [1562 bytes]","args":[{"selector":{"controlType":"sap.ui.core.Icon","viewName":"etm.portal.ui.manageresources.view.Detail","viewId":"application-manageresources-display-component---detailRU","properties":{"src":{"regex":{"source":"overflow"}}}},"wdio_ui5_key":"etmportal.ui.manageresources.view.Detailsap.ui.core.Icon{\"src\":{\"regex\":{\"source\":\"overflow\"}}}"}]}
RESULT: undefined
COMMAND: POST /session/6e77a8c699da6c53a9289fc604b7742b/element - {"using":"xpath","value":"//*[@id=\"__title81-_actionsToolbar-overflowButton-img\"]"}
RESULT: {"using":"xpath","value":"//*[@id=\"__title81-_actionsToolbar-overflowButton-img\"]"}
COMMAND: POST /session/6e77a8c699da6c53a9289fc604b7742b/element/f.93F4A61C81F21A46154A7CFE6A8617A2.d.4A4F0E704EE3815BDB209D837196F4F1.e.4547/click - {}
RESULT: {}
COMMAND: POST /session/6e77a8c699da6c53a9289fc604b7742b/execute/async - {"script":"<script> [1562 bytes]","args":[{"selector":{"controlType":"sap.m.Button","viewName":"etm.portal.ui.manageresources.view.Detail","viewId":"application-manageresources-display-component---detailRU","i18NText":{"propertyName":"tooltip","key":"closeColumn"},"searchOpenDialogs":true,"interaction":{"idSuffix":"inner"}},"wdio_ui5_key":"etmportal.ui.manageresources.view.Detailsap.m.Button{\"propertyName\":\"tooltip\",\"key\":\"closeColumn\"}"}]}
COMMAND: GET /session/6e77a8c699da6c53a9289fc604b7742b/screenshot - {}
RESULT: {"script":"<script> [1562 bytes]","args":[{"selector":{"controlType":"sap.m.Button","viewName":"etm.portal.ui.manageresources.view.Detail","viewId":"application-manageresources-display-component---detailRU","i18NText":{"propertyName":"tooltip","key":"closeColumn"},"searchOpenDialogs":true,"interaction":{"idSuffix":"inner"}},"wdio_ui5_key":"etmportal.ui.manageresources.view.Detailsap.m.Button{\"propertyName\":\"tooltip\",\"key\":\"closeColumn\"}"}]}
RESULT: undefined
COMMAND: POST /session/6e77a8c699da6c53a9289fc604b7742b/element - {"using":"xpath","value":"//*[@id=\"__button257\"]"}
RESULT: {}
RESULT: {"using":"xpath","value":"//*[@id=\"__button257\"]"}
COMMAND: POST /session/6e77a8c699da6c53a9289fc604b7742b/element/f.93F4A61C81F21A46154A7CFE6A8617A2.d.4A4F0E704EE3815BDB209D837196F4F1.e.4549/click - {}
RESULT: {}
COMMAND: GET /session/6e77a8c699da6c53a9289fc604b7742b/screenshot - {}
RESULT: {}
COMMAND: POST /session/6e77a8c699da6c53a9289fc604b7742b/refresh - {}
RESULT: {}
COMMAND: GET /session/6e77a8c699da6c53a9289fc604b7742b/screenshot - {}
RESULT: {}
COMMAND: POST /session/6e77a8c699da6c53a9289fc604b7742b/execute/async - {"script":"<script> [189 bytes]","args":[]}
RESULT: {"script":"<script> [189 bytes]","args":[]}
COMMAND: POST /session/6e77a8c699da6c53a9289fc604b7742b/execute/async - {"script":"<script> [123 bytes]","args":[]}
RESULT: {"script":"<script> [123 bytes]","args":[]}
COMMAND: POST /session/6e77a8c699da6c53a9289fc604b7742b/timeouts - {"script":"<number>"}
RESULT: {"script":"<number>"}
COMMAND: GET /session/6e77a8c699da6c53a9289fc604b7742b/timeouts - {}
RESULT: {}
RESULT: undefined
COMMAND: POST /session/6e77a8c699da6c53a9289fc604b7742b/execute/async - {"script":"<script> [2676 bytes]","args":[]}
RESULT: {"script":"<script> [2676 bytes]","args":[]}
COMMAND: POST /session/6e77a8c699da6c53a9289fc604b7742b/execute/async - {"script":"<script> [2342 bytes]","args":[{"protocol":"http","hostname":"0.0.0.0","path":"/","capabilities":{"browserName":"chrome","goog:chromeOptions":{"binary":"C:\\Program Files\\Google\\Chrome\\Application\\chrome.exe","args":["--start-maximized"]}},"logLevel":"warn","connectionRetryTimeout":120000,"connectionRetryCount":3,"logLevels":{},"enableDirectConnect":true,"strictSSL":true,"_":"65 more keys: [\"cacheDir\",\"port\",\"requestedCapabilities\",\"automationProtocol\",\"baseUrl\",\"waitforInterval\",\"waitforTimeout\",\"onReload\",\"beforeCommand\",\"afterCommand\",\"rootDir\",\"specs\",\"suites\",\"exclude\",\"groupLogsByTestSpec\",\"excludeDriverLogs\",\"bail\",\"framework\",\"reporters\",\"services\",\"maxInstances\",\"maxInstancesPerCapability\",\"injectGlobals\",\"filesToWatch\",\"execArgv\",\"runnerEnv\",\"runner\",\"shard\",\"specFileRetries\",\"specFileRetriesDelay\",\"specFileRetriesDeferred\",\"reporterSyncInterval\",\"reporterSyncTimeout\",\"cucumberFeaturesWithLineNumbers\",\"autoCompileOpts\",\"mochaOpts\",\"jasmineOpts\",\"cucumberOpts\",\"onPrepare\",\"onWorkerStart\",\"onWorkerEnd\",\"before\",\"beforeSession\",\"beforeSuite\",\"beforeHook\",\"beforeTest\",\"afterTest\",\"afterHook\",\"afterSuite\",\"afterSession\",\"after\",\"onComplete\",\"beforeAssertion\",\"afterAssertion\",\"beforeFeature\",\"beforeScenario\",\"beforeStep\",\"afterStep\",\"afterScenario\",\"afterFeature\",\"_\",\"suite\",\"$0\",\"ignoredWorkerServices\",\"wdi5\"]"}]}
RESULT: {"script":"<script> [2342 bytes]","args":[{"protocol":"http","hostname":"0.0.0.0","path":"/","capabilities":{"browserName":"chrome","goog:chromeOptions":{"binary":"C:\\Program Files\\Google\\Chrome\\Application\\chrome.exe","args":["--start-maximized"]}},"logLevel":"warn","connectionRetryTimeout":120000,"connectionRetryCount":3,"logLevels":{},"enableDirectConnect":true,"strictSSL":true,"_":"65 more keys: [\"cacheDir\",\"port\",\"requestedCapabilities\",\"automationProtocol\",\"baseUrl\",\"waitforInterval\",\"waitforTimeout\",\"onReload\",\"beforeCommand\",\"afterCommand\",\"rootDir\",\"specs\",\"suites\",\"exclude\",\"groupLogsByTestSpec\",\"excludeDriverLogs\",\"bail\",\"framework\",\"reporters\",\"services\",\"maxInstances\",\"maxInstancesPerCapability\",\"injectGlobals\",\"filesToWatch\",\"execArgv\",\"runnerEnv\",\"runner\",\"shard\",\"specFileRetries\",\"specFileRetriesDelay\",\"specFileRetriesDeferred\",\"reporterSyncInterval\",\"reporterSyncTimeout\",\"cucumberFeaturesWithLineNumbers\",\"autoCompileOpts\",\"mochaOpts\",\"jasmineOpts\",\"cucumberOpts\",\"onPrepare\",\"onWorkerStart\",\"onWorkerEnd\",\"before\",\"beforeSession\",\"beforeSuite\",\"beforeHook\",\"beforeTest\",\"afterTest\",\"afterHook\",\"afterSuite\",\"afterSession\",\"after\",\"onComplete\",\"beforeAssertion\",\"afterAssertion\",\"beforeFeature\",\"beforeScenario\",\"beforeStep\",\"afterStep\",\"afterScenario\",\"afterFeature\",\"_\",\"suite\",\"$0\",\"ignoredWorkerServices\",\"wdi5\"]"}]}
COMMAND: POST /session/6e77a8c699da6c53a9289fc604b7742b/execute/async - {"script":"<script> [21126 bytes]","args":[35000]}
RESULT: {"script":"<script> [21126 bytes]","args":[35000]}
COMMAND: POST /session/6e77a8c699da6c53a9289fc604b7742b/element - {"using":"css selector","value":"#shell-header-logo"}
RESULT: {"using":"css selector","value":"#shell-header-logo"}
COMMAND: POST /session/6e77a8c699da6c53a9289fc604b7742b/element/f.93F4A61C81F21A46154A7CFE6A8617A2.d.4F7E8C27660275391B13ACAD4081BACC.e.4613/click - {}
RESULT: {}
COMMAND: GET /session/6e77a8c699da6c53a9289fc604b7742b/screenshot - {}
RESULT: {}
COMMAND: POST /session/6e77a8c699da6c53a9289fc604b7742b/element - {"using":"css selector","value":"#shell-header-logo"}
RESULT: {"using":"css selector","value":"#shell-header-logo"}
COMMAND: POST /session/6e77a8c699da6c53a9289fc604b7742b/element/f.93F4A61C81F21A46154A7CFE6A8617A2.d.4F7E8C27660275391B13ACAD4081BACC.e.4794/click - {}
RESULT: {}
COMMAND: GET /session/6e77a8c699da6c53a9289fc604b7742b/screenshot - {}
RESULT: {}
]]></system-out>
    </testcase>
    <testcase classname="chrome.136_0_7103_93.windows.Manage_request_+_Contract_processing_pick_up_option_US120163_" name="Should Create New Request pick up option" time="202.941">
      <system-out><![CDATA[
COMMAND: POST /session/6e77a8c699da6c53a9289fc604b7742b/element - {"using":"css selector","value":"#shell-header-logo"}
RESULT: {"using":"css selector","value":"#shell-header-logo"}
COMMAND: POST /session/6e77a8c699da6c53a9289fc604b7742b/element/f.93F4A61C81F21A46154A7CFE6A8617A2.d.4F7E8C27660275391B13ACAD4081BACC.e.4794/click - {}
RESULT: {}
COMMAND: GET /session/6e77a8c699da6c53a9289fc604b7742b/screenshot - {}
RESULT: {}
COMMAND: POST /session/6e77a8c699da6c53a9289fc604b7742b/execute/async - {"script":"<script> [1562 bytes]","args":[{"selector":{"controlType":"sap.m.GenericTile","properties":{"header":"Manage Requests"}},"wdio_ui5_key":"sapm.GenericTile{\"header\":\"Manage Requests\"}"}]}
RESULT: {"script":"<script> [1562 bytes]","args":[{"selector":{"controlType":"sap.m.GenericTile","properties":{"header":"Manage Requests"}},"wdio_ui5_key":"sapm.GenericTile{\"header\":\"Manage Requests\"}"}]}
RESULT: undefined
COMMAND: POST /session/6e77a8c699da6c53a9289fc604b7742b/element - {"using":"xpath","value":"//*[@id=\"__tile47\"]"}
RESULT: {"using":"xpath","value":"//*[@id=\"__tile47\"]"}
COMMAND: POST /session/6e77a8c699da6c53a9289fc604b7742b/element/f.93F4A61C81F21A46154A7CFE6A8617A2.d.4F7E8C27660275391B13ACAD4081BACC.e.4803/click - {}
RESULT: {}
COMMAND: GET /session/6e77a8c699da6c53a9289fc604b7742b/screenshot - {}
RESULT: {}
COMMAND: POST /session/6e77a8c699da6c53a9289fc604b7742b/elements - {"using":"xpath","value":"//span[text()='Error']"}
RESULT: {"using":"xpath","value":"//span[text()='Error']"}
COMMAND: POST /session/6e77a8c699da6c53a9289fc604b7742b/refresh - {}
RESULT: {}
COMMAND: GET /session/6e77a8c699da6c53a9289fc604b7742b/screenshot - {}
RESULT: {}
COMMAND: POST /session/6e77a8c699da6c53a9289fc604b7742b/execute/async - {"script":"<script> [189 bytes]","args":[]}
RESULT: {"script":"<script> [189 bytes]","args":[]}
COMMAND: POST /session/6e77a8c699da6c53a9289fc604b7742b/execute/async - {"script":"<script> [123 bytes]","args":[]}
RESULT: {"script":"<script> [123 bytes]","args":[]}
COMMAND: POST /session/6e77a8c699da6c53a9289fc604b7742b/timeouts - {"script":"<number>"}
RESULT: {"script":"<number>"}
COMMAND: GET /session/6e77a8c699da6c53a9289fc604b7742b/timeouts - {}
RESULT: {}
RESULT: undefined
COMMAND: POST /session/6e77a8c699da6c53a9289fc604b7742b/execute/async - {"script":"<script> [2676 bytes]","args":[]}
RESULT: {"script":"<script> [2676 bytes]","args":[]}
COMMAND: POST /session/6e77a8c699da6c53a9289fc604b7742b/execute/async - {"script":"<script> [2342 bytes]","args":[{"protocol":"http","hostname":"0.0.0.0","path":"/","capabilities":{"browserName":"chrome","goog:chromeOptions":{"binary":"C:\\Program Files\\Google\\Chrome\\Application\\chrome.exe","args":["--start-maximized"]}},"logLevel":"warn","connectionRetryTimeout":120000,"connectionRetryCount":3,"logLevels":{},"enableDirectConnect":true,"strictSSL":true,"_":"65 more keys: [\"cacheDir\",\"port\",\"requestedCapabilities\",\"automationProtocol\",\"baseUrl\",\"waitforInterval\",\"waitforTimeout\",\"onReload\",\"beforeCommand\",\"afterCommand\",\"rootDir\",\"specs\",\"suites\",\"exclude\",\"groupLogsByTestSpec\",\"excludeDriverLogs\",\"bail\",\"framework\",\"reporters\",\"services\",\"maxInstances\",\"maxInstancesPerCapability\",\"injectGlobals\",\"filesToWatch\",\"execArgv\",\"runnerEnv\",\"runner\",\"shard\",\"specFileRetries\",\"specFileRetriesDelay\",\"specFileRetriesDeferred\",\"reporterSyncInterval\",\"reporterSyncTimeout\",\"cucumberFeaturesWithLineNumbers\",\"autoCompileOpts\",\"mochaOpts\",\"jasmineOpts\",\"cucumberOpts\",\"onPrepare\",\"onWorkerStart\",\"onWorkerEnd\",\"before\",\"beforeSession\",\"beforeSuite\",\"beforeHook\",\"beforeTest\",\"afterTest\",\"afterHook\",\"afterSuite\",\"afterSession\",\"after\",\"onComplete\",\"beforeAssertion\",\"afterAssertion\",\"beforeFeature\",\"beforeScenario\",\"beforeStep\",\"afterStep\",\"afterScenario\",\"afterFeature\",\"_\",\"suite\",\"$0\",\"ignoredWorkerServices\",\"wdi5\"]"}]}
RESULT: {"script":"<script> [2342 bytes]","args":[{"protocol":"http","hostname":"0.0.0.0","path":"/","capabilities":{"browserName":"chrome","goog:chromeOptions":{"binary":"C:\\Program Files\\Google\\Chrome\\Application\\chrome.exe","args":["--start-maximized"]}},"logLevel":"warn","connectionRetryTimeout":120000,"connectionRetryCount":3,"logLevels":{},"enableDirectConnect":true,"strictSSL":true,"_":"65 more keys: [\"cacheDir\",\"port\",\"requestedCapabilities\",\"automationProtocol\",\"baseUrl\",\"waitforInterval\",\"waitforTimeout\",\"onReload\",\"beforeCommand\",\"afterCommand\",\"rootDir\",\"specs\",\"suites\",\"exclude\",\"groupLogsByTestSpec\",\"excludeDriverLogs\",\"bail\",\"framework\",\"reporters\",\"services\",\"maxInstances\",\"maxInstancesPerCapability\",\"injectGlobals\",\"filesToWatch\",\"execArgv\",\"runnerEnv\",\"runner\",\"shard\",\"specFileRetries\",\"specFileRetriesDelay\",\"specFileRetriesDeferred\",\"reporterSyncInterval\",\"reporterSyncTimeout\",\"cucumberFeaturesWithLineNumbers\",\"autoCompileOpts\",\"mochaOpts\",\"jasmineOpts\",\"cucumberOpts\",\"onPrepare\",\"onWorkerStart\",\"onWorkerEnd\",\"before\",\"beforeSession\",\"beforeSuite\",\"beforeHook\",\"beforeTest\",\"afterTest\",\"afterHook\",\"afterSuite\",\"afterSession\",\"after\",\"onComplete\",\"beforeAssertion\",\"afterAssertion\",\"beforeFeature\",\"beforeScenario\",\"beforeStep\",\"afterStep\",\"afterScenario\",\"afterFeature\",\"_\",\"suite\",\"$0\",\"ignoredWorkerServices\",\"wdi5\"]"}]}
COMMAND: POST /session/6e77a8c699da6c53a9289fc604b7742b/execute/async - {"script":"<script> [21126 bytes]","args":[35000]}
RESULT: {"script":"<script> [21126 bytes]","args":[35000]}
COMMAND: POST /session/6e77a8c699da6c53a9289fc604b7742b/element - {"using":"xpath","value":"//button[contains(@data-kt ,\"btnCreateNewOverflowToolbarButton\")]"}
COMMAND: POST /session/6e77a8c699da6c53a9289fc604b7742b/element - {"using":"xpath","value":"(//span[contains(@class ,\"sapMObjStatusText\")])[1]"}
RESULT: {"using":"xpath","value":"//button[contains(@data-kt ,\"btnCreateNewOverflowToolbarButton\")]"}
COMMAND: POST /session/6e77a8c699da6c53a9289fc604b7742b/element/f.93F4A61C81F21A46154A7CFE6A8617A2.d.4BC97333C7A58E35F6D195E3EAAA93D1.e.4959/click - {}
RESULT: {"using":"xpath","value":"(//span[contains(@class ,\"sapMObjStatusText\")])[1]"}
COMMAND: POST /session/6e77a8c699da6c53a9289fc604b7742b/execute/sync - {"script":"<script> [8489 bytes]","args":[{"element-6066-11e4-a52e-4f735466cecf":"f.93F4A61C81F21A46154A7CFE6A8617A2.d.4BC97333C7A58E35F6D195E3EAAA93D1.e.4999","ELEMENT":"f.93F4A61C81F21A46154A7CFE6A8617A2.d.4BC97333C7A58E35F6D195E3EAAA93D1.e.4999"}]}
RESULT: {}
COMMAND: GET /session/6e77a8c699da6c53a9289fc604b7742b/screenshot - {}
RESULT: {"script":"<script> [8489 bytes]","args":[{"element-6066-11e4-a52e-4f735466cecf":"f.93F4A61C81F21A46154A7CFE6A8617A2.d.4BC97333C7A58E35F6D195E3EAAA93D1.e.4999","ELEMENT":"f.93F4A61C81F21A46154A7CFE6A8617A2.d.4BC97333C7A58E35F6D195E3EAAA93D1.e.4999"}]}
COMMAND: GET /session/6e77a8c699da6c53a9289fc604b7742b/screenshot - {}
RESULT: {}
RESULT: {}
COMMAND: POST /session/6e77a8c699da6c53a9289fc604b7742b/element - {"using":"xpath","value":"//input[contains(@id ,\"yardId-inner\")]"}
RESULT: {"using":"xpath","value":"//input[contains(@id ,\"yardId-inner\")]"}
COMMAND: POST /session/6e77a8c699da6c53a9289fc604b7742b/execute/sync - {"script":"<script> [8489 bytes]","args":[{"element-6066-11e4-a52e-4f735466cecf":"f.93F4A61C81F21A46154A7CFE6A8617A2.d.4BC97333C7A58E35F6D195E3EAAA93D1.e.5091","ELEMENT":"f.93F4A61C81F21A46154A7CFE6A8617A2.d.4BC97333C7A58E35F6D195E3EAAA93D1.e.5091"}]}
RESULT: {"script":"<script> [8489 bytes]","args":[{"element-6066-11e4-a52e-4f735466cecf":"f.93F4A61C81F21A46154A7CFE6A8617A2.d.4BC97333C7A58E35F6D195E3EAAA93D1.e.5091","ELEMENT":"f.93F4A61C81F21A46154A7CFE6A8617A2.d.4BC97333C7A58E35F6D195E3EAAA93D1.e.5091"}]}
COMMAND: POST /session/6e77a8c699da6c53a9289fc604b7742b/element - {"using":"xpath","value":"//input[contains(@id ,\"requestContractNo-inner\")]"}
COMMAND: POST /session/6e77a8c699da6c53a9289fc604b7742b/element - {"using":"xpath","value":"//input[contains(@id ,\"yardId-inner\")]"}
COMMAND: GET /session/6e77a8c699da6c53a9289fc604b7742b/screenshot - {}
RESULT: {"using":"xpath","value":"//input[contains(@id ,\"requestContractNo-inner\")]"}
COMMAND: POST /session/6e77a8c699da6c53a9289fc604b7742b/element/f.93F4A61C81F21A46154A7CFE6A8617A2.d.4BC97333C7A58E35F6D195E3EAAA93D1.e.5086/value - {"text":"10429"}
RESULT: {"using":"xpath","value":"//input[contains(@id ,\"yardId-inner\")]"}
COMMAND: GET /session/6e77a8c699da6c53a9289fc604b7742b/element/f.93F4A61C81F21A46154A7CFE6A8617A2.d.4BC97333C7A58E35F6D195E3EAAA93D1.e.5091/enabled - {}
RESULT: {}
RESULT: {"text":"10429"}
COMMAND: GET /session/6e77a8c699da6c53a9289fc604b7742b/screenshot - {}
RESULT: {}
COMMAND: GET /session/6e77a8c699da6c53a9289fc604b7742b/screenshot - {}
RESULT: {}
RESULT: {}
COMMAND: POST /session/6e77a8c699da6c53a9289fc604b7742b/actions - {"actions":[{"id":"action37","type":"key","parameters":{},"actions":[{"type":"keyDown","value":"î€‡"},{"type":"pause","duration":10},{"type":"keyUp","value":"î€‡"}]}]}
RESULT: {"actions":[{"id":"action37","type":"key","parameters":{},"actions":[{"type":"keyDown","value":"î€‡"},{"type":"pause","duration":10},{"type":"keyUp","value":"î€‡"}]}]}
COMMAND: GET /session/6e77a8c699da6c53a9289fc604b7742b/screenshot - {}
RESULT: {}
COMMAND: POST /session/6e77a8c699da6c53a9289fc604b7742b/execute/async - {"script":"<script> [1562 bytes]","args":[{"selector":{"controlType":"sap.m.Button","viewName":"etm.portal.ui.managerequests.view.NewRequest","properties":{"text":"Items"},"interaction":{"idSuffix":"BDI-content"}},"wdio_ui5_key":"etmportal.ui.managerequests.view.NewRequestsap.m.Button{\"text\":\"Items\"}"}]}
RESULT: {"script":"<script> [1562 bytes]","args":[{"selector":{"controlType":"sap.m.Button","viewName":"etm.portal.ui.managerequests.view.NewRequest","properties":{"text":"Items"},"interaction":{"idSuffix":"BDI-content"}},"wdio_ui5_key":"etmportal.ui.managerequests.view.NewRequestsap.m.Button{\"text\":\"Items\"}"}]}
RESULT: undefined
COMMAND: POST /session/6e77a8c699da6c53a9289fc604b7742b/element - {"using":"xpath","value":"//*[@id=\"__xmlview1--newRequestPage-anchBar-__xmlview1--requestItemsSection-anchor\"]"}
RESULT: {"using":"xpath","value":"//*[@id=\"__xmlview1--newRequestPage-anchBar-__xmlview1--requestItemsSection-anchor\"]"}
COMMAND: POST /session/6e77a8c699da6c53a9289fc604b7742b/element/f.93F4A61C81F21A46154A7CFE6A8617A2.d.4BC97333C7A58E35F6D195E3EAAA93D1.e.5252/click - {}
RESULT: {}
COMMAND: GET /session/6e77a8c699da6c53a9289fc604b7742b/screenshot - {}
RESULT: {}
COMMAND: POST /session/6e77a8c699da6c53a9289fc604b7742b/execute/async - {"script":"<script> [1562 bytes]","args":[{"selector":{"controlType":"sap.ui.core.Icon","viewName":"etm.portal.ui.managerequests.view.NewRequest","properties":{"src":{"regex":{"source":"inspect"}}}},"wdio_ui5_key":"etmportal.ui.managerequests.view.NewRequestsap.ui.core.Icon{\"src\":{\"regex\":{\"source\":\"inspect\"}}}"}]}
RESULT: {"script":"<script> [1562 bytes]","args":[{"selector":{"controlType":"sap.ui.core.Icon","viewName":"etm.portal.ui.managerequests.view.NewRequest","properties":{"src":{"regex":{"source":"inspect"}}}},"wdio_ui5_key":"etmportal.ui.managerequests.view.NewRequestsap.ui.core.Icon{\"src\":{\"regex\":{\"source\":\"inspect\"}}}"}]}
RESULT: undefined
COMMAND: POST /session/6e77a8c699da6c53a9289fc604b7742b/element - {"using":"xpath","value":"//*[@id=\"__button8-img\"]"}
RESULT: {"using":"xpath","value":"//*[@id=\"__button8-img\"]"}
COMMAND: POST /session/6e77a8c699da6c53a9289fc604b7742b/element/f.93F4A61C81F21A46154A7CFE6A8617A2.d.4BC97333C7A58E35F6D195E3EAAA93D1.e.5257/click - {}
RESULT: {}
COMMAND: GET /session/6e77a8c699da6c53a9289fc604b7742b/screenshot - {}
RESULT: {}
COMMAND: POST /session/6e77a8c699da6c53a9289fc604b7742b/execute/async - {"script":"<script> [1562 bytes]","args":[{"selector":{"controlType":"sap.ui.core.Icon","viewName":"etm.portal.ui.managerequests.view.NewRequest","properties":{"src":{"regex":{"source":"add"}}}},"wdio_ui5_key":"etmportal.ui.managerequests.view.NewRequestsap.ui.core.Icon{\"src\":{\"regex\":{\"source\":\"add\"}}}"}]}
RESULT: {"script":"<script> [1562 bytes]","args":[{"selector":{"controlType":"sap.ui.core.Icon","viewName":"etm.portal.ui.managerequests.view.NewRequest","properties":{"src":{"regex":{"source":"add"}}}},"wdio_ui5_key":"etmportal.ui.managerequests.view.NewRequestsap.ui.core.Icon{\"src\":{\"regex\":{\"source\":\"add\"}}}"}]}
RESULT: undefined
COMMAND: POST /session/6e77a8c699da6c53a9289fc604b7742b/element - {"using":"xpath","value":"//*[@id=\"__xmlview1--btnAddTableRow-img\"]"}
RESULT: {"using":"xpath","value":"//*[@id=\"__xmlview1--btnAddTableRow-img\"]"}
COMMAND: POST /session/6e77a8c699da6c53a9289fc604b7742b/element/f.93F4A61C81F21A46154A7CFE6A8617A2.d.4BC97333C7A58E35F6D195E3EAAA93D1.e.5266/click - {}
RESULT: {}
COMMAND: GET /session/6e77a8c699da6c53a9289fc604b7742b/screenshot - {}
RESULT: {}
COMMAND: POST /session/6e77a8c699da6c53a9289fc604b7742b/execute/async - {"script":"<script> [1562 bytes]","args":[{"selector":{"controlType":"sap.ui.unified.MenuItem","viewName":"etm.portal.ui.managerequests.view.NewRequest","i18NText":{"propertyName":"text","key":"standardEntry"},"searchOpenDialogs":true,"interaction":{"idSuffix":"txt"}},"wdio_ui5_key":"etmportal.ui.managerequests.view.NewRequestsap.ui.unified.MenuItem{\"propertyName\":\"text\",\"key\":\"standardEntry\"}"}]}
RESULT: {"script":"<script> [1562 bytes]","args":[{"selector":{"controlType":"sap.ui.unified.MenuItem","viewName":"etm.portal.ui.managerequests.view.NewRequest","i18NText":{"propertyName":"text","key":"standardEntry"},"searchOpenDialogs":true,"interaction":{"idSuffix":"txt"}},"wdio_ui5_key":"etmportal.ui.managerequests.view.NewRequestsap.ui.unified.MenuItem{\"propertyName\":\"text\",\"key\":\"standardEntry\"}"}]}
RESULT: undefined
COMMAND: POST /session/6e77a8c699da6c53a9289fc604b7742b/element - {"using":"xpath","value":"//*[@id=\"__item178\"]"}
RESULT: {"using":"xpath","value":"//*[@id=\"__item178\"]"}
COMMAND: POST /session/6e77a8c699da6c53a9289fc604b7742b/element/f.93F4A61C81F21A46154A7CFE6A8617A2.d.4BC97333C7A58E35F6D195E3EAAA93D1.e.5270/click - {}
RESULT: {}
COMMAND: GET /session/6e77a8c699da6c53a9289fc604b7742b/screenshot - {}
RESULT: {}
RESULT: undefined
COMMAND: POST /session/6e77a8c699da6c53a9289fc604b7742b/element - {"using":"xpath","value":"//*[@id=\"__xmlview1--btnAddTableRow-img\"]"}
RESULT: {"using":"xpath","value":"//*[@id=\"__xmlview1--btnAddTableRow-img\"]"}
COMMAND: POST /session/6e77a8c699da6c53a9289fc604b7742b/element/f.93F4A61C81F21A46154A7CFE6A8617A2.d.4BC97333C7A58E35F6D195E3EAAA93D1.e.5266/click - {}
RESULT: {}
COMMAND: GET /session/6e77a8c699da6c53a9289fc604b7742b/screenshot - {}
RESULT: {}
RESULT: undefined
COMMAND: POST /session/6e77a8c699da6c53a9289fc604b7742b/element - {"using":"xpath","value":"//*[@id=\"__item178\"]"}
RESULT: {"using":"xpath","value":"//*[@id=\"__item178\"]"}
COMMAND: POST /session/6e77a8c699da6c53a9289fc604b7742b/element/f.93F4A61C81F21A46154A7CFE6A8617A2.d.4BC97333C7A58E35F6D195E3EAAA93D1.e.5291/click - {}
RESULT: {}
COMMAND: GET /session/6e77a8c699da6c53a9289fc604b7742b/screenshot - {}
RESULT: {}
COMMAND: POST /session/6e77a8c699da6c53a9289fc604b7742b/element - {"using":"xpath","value":"(//input[contains(@id ,\"requestItemsTable-0-inner\")])[5]"}
RESULT: {"using":"xpath","value":"(//input[contains(@id ,\"requestItemsTable-0-inner\")])[5]"}
COMMAND: POST /session/6e77a8c699da6c53a9289fc604b7742b/element/f.93F4A61C81F21A46154A7CFE6A8617A2.d.4BC97333C7A58E35F6D195E3EAAA93D1.e.5282/clear - {}
RESULT: {}
COMMAND: POST /session/6e77a8c699da6c53a9289fc604b7742b/element/f.93F4A61C81F21A46154A7CFE6A8617A2.d.4BC97333C7A58E35F6D195E3EAAA93D1.e.5282/value - {"text":"1000001"}
COMMAND: GET /session/6e77a8c699da6c53a9289fc604b7742b/screenshot - {}
RESULT: {"text":"1000001"}
COMMAND: GET /session/6e77a8c699da6c53a9289fc604b7742b/screenshot - {}
RESULT: {}
RESULT: {}
COMMAND: POST /session/6e77a8c699da6c53a9289fc604b7742b/actions - {"actions":[{"id":"action38","type":"key","parameters":{},"actions":[{"type":"keyDown","value":"î€‡"},{"type":"pause","duration":10},{"type":"keyUp","value":"î€‡"}]}]}
RESULT: {"actions":[{"id":"action38","type":"key","parameters":{},"actions":[{"type":"keyDown","value":"î€‡"},{"type":"pause","duration":10},{"type":"keyUp","value":"î€‡"}]}]}
COMMAND: POST /session/6e77a8c699da6c53a9289fc604b7742b/element - {"using":"xpath","value":"(//input[contains(@id ,\"requestItemsTable-1-inner\")])[5]"}
COMMAND: GET /session/6e77a8c699da6c53a9289fc604b7742b/screenshot - {}
RESULT: {"using":"xpath","value":"(//input[contains(@id ,\"requestItemsTable-1-inner\")])[5]"}
COMMAND: POST /session/6e77a8c699da6c53a9289fc604b7742b/element/f.93F4A61C81F21A46154A7CFE6A8617A2.d.4BC97333C7A58E35F6D195E3EAAA93D1.e.5297/clear - {}
RESULT: {}
RESULT: {}
COMMAND: POST /session/6e77a8c699da6c53a9289fc604b7742b/element/f.93F4A61C81F21A46154A7CFE6A8617A2.d.4BC97333C7A58E35F6D195E3EAAA93D1.e.5297/value - {"text":"200336"}
COMMAND: GET /session/6e77a8c699da6c53a9289fc604b7742b/screenshot - {}
RESULT: {"text":"200336"}
COMMAND: GET /session/6e77a8c699da6c53a9289fc604b7742b/screenshot - {}
RESULT: {}
RESULT: {}
COMMAND: POST /session/6e77a8c699da6c53a9289fc604b7742b/actions - {"actions":[{"id":"action39","type":"key","parameters":{},"actions":[{"type":"keyDown","value":"î€‡"},{"type":"pause","duration":10},{"type":"keyUp","value":"î€‡"}]}]}
RESULT: {"actions":[{"id":"action39","type":"key","parameters":{},"actions":[{"type":"keyDown","value":"î€‡"},{"type":"pause","duration":10},{"type":"keyUp","value":"î€‡"}]}]}
COMMAND: POST /session/6e77a8c699da6c53a9289fc604b7742b/element - {"using":"xpath","value":"//div[contains(@data-kt ,\"splitAllocationObjectStatus\")]"}
COMMAND: GET /session/6e77a8c699da6c53a9289fc604b7742b/screenshot - {}
RESULT: {"using":"xpath","value":"//div[contains(@data-kt ,\"splitAllocationObjectStatus\")]"}
COMMAND: POST /session/6e77a8c699da6c53a9289fc604b7742b/elements - {"using":"xpath","value":"//div[contains(@data-kt ,\"splitAllocationObjectStatus\")]"}
RESULT: {}
RESULT: {"using":"xpath","value":"//div[contains(@data-kt ,\"splitAllocationObjectStatus\")]"}
COMMAND: POST /session/6e77a8c699da6c53a9289fc604b7742b/execute/async - {"script":"<script> [1562 bytes]","args":[{"selector":{"controlType":"sap.ui.core.Icon","viewName":"etm.portal.ui.managerequests.view.NewRequest","properties":{"src":{"regex":{"source":"message\\-error"}}},"ancestor":{"controlType":"sap.m.ColumnListItem","viewName":"etm.portal.ui.managerequests.view.NewRequest","bindingPath":{"modelName":"newRequestItems","path":"/RequestItems/0"},"ancestor":{"id":"requestItemsTable","viewName":"etm.portal.ui.managerequests.view.NewRequest"}}},"wdio_ui5_key":"etmportal.ui.managerequests.view.NewRequestsap.ui.core.Icon{\"src\":{\"regex\":{\"source\":\"message\\\\-error\"}}}{\"controlType\":\"sap.m.ColumnListItem\",\"viewName\":\"etm.portal.ui.managerequests.view.NewRequest\",\"bindingPath\":{\"modelName\":\"newRequestItems\",\"path\":\"/RequestItems/0\"},\"ancestor\":{\"id\":\"requestItemsTable\",\"viewName\":\"etm.portal.ui.managerequests.view.NewRequest\"}}"}]}
RESULT: {"script":"<script> [1562 bytes]","args":[{"selector":{"controlType":"sap.ui.core.Icon","viewName":"etm.portal.ui.managerequests.view.NewRequest","properties":{"src":{"regex":{"source":"message\\-error"}}},"ancestor":{"controlType":"sap.m.ColumnListItem","viewName":"etm.portal.ui.managerequests.view.NewRequest","bindingPath":{"modelName":"newRequestItems","path":"/RequestItems/0"},"ancestor":{"id":"requestItemsTable","viewName":"etm.portal.ui.managerequests.view.NewRequest"}}},"wdio_ui5_key":"etmportal.ui.managerequests.view.NewRequestsap.ui.core.Icon{\"src\":{\"regex\":{\"source\":\"message\\\\-error\"}}}{\"controlType\":\"sap.m.ColumnListItem\",\"viewName\":\"etm.portal.ui.managerequests.view.NewRequest\",\"bindingPath\":{\"modelName\":\"newRequestItems\",\"path\":\"/RequestItems/0\"},\"ancestor\":{\"id\":\"requestItemsTable\",\"viewName\":\"etm.portal.ui.managerequests.view.NewRequest\"}}"}]}
RESULT: undefined
COMMAND: POST /session/6e77a8c699da6c53a9289fc604b7742b/element - {"using":"xpath","value":"//*[@id=\"__status4-__xmlview1--requestItemsTable-0-icon\"]"}
RESULT: {"using":"xpath","value":"//*[@id=\"__status4-__xmlview1--requestItemsTable-0-icon\"]"}
COMMAND: POST /session/6e77a8c699da6c53a9289fc604b7742b/element/f.93F4A61C81F21A46154A7CFE6A8617A2.d.4BC97333C7A58E35F6D195E3EAAA93D1.e.5309/click - {}
RESULT: {}
COMMAND: GET /session/6e77a8c699da6c53a9289fc604b7742b/screenshot - {}
RESULT: {}
COMMAND: POST /session/6e77a8c699da6c53a9289fc604b7742b/execute/async - {"script":"<script> [1562 bytes]","args":[{"selector":{"id":"costObjectAdminTypeComboBox","viewName":"etm.portal.ui.managerequests.view.NewRequest","searchOpenDialogs":true,"interaction":{"idSuffix":"inner"}},"wdio_ui5_key":"costObjectAdminTypeComboBoxetmportal.ui.managerequests.view.NewRequest"}]}
RESULT: {"script":"<script> [1562 bytes]","args":[{"selector":{"id":"costObjectAdminTypeComboBox","viewName":"etm.portal.ui.managerequests.view.NewRequest","searchOpenDialogs":true,"interaction":{"idSuffix":"inner"}},"wdio_ui5_key":"costObjectAdminTypeComboBoxetmportal.ui.managerequests.view.NewRequest"}]}
RESULT: undefined
COMMAND: POST /session/6e77a8c699da6c53a9289fc604b7742b/execute/async - {"script":"<script> [776 bytes]","args":[{"enterText":"Cost Center","selector":{"id":"costObjectAdminTypeComboBox","viewName":"etm.portal.ui.managerequests.view.NewRequest","searchOpenDialogs":true,"interaction":{"idSuffix":"inner"}},"clearTextFirst":true,"interactionType":"ENTER_TEXT"}]}
RESULT: {"script":"<script> [776 bytes]","args":[{"enterText":"Cost Center","selector":{"id":"costObjectAdminTypeComboBox","viewName":"etm.portal.ui.managerequests.view.NewRequest","searchOpenDialogs":true,"interaction":{"idSuffix":"inner"}},"clearTextFirst":true,"interactionType":"ENTER_TEXT"}]}
COMMAND: POST /session/6e77a8c699da6c53a9289fc604b7742b/actions - {"actions":[{"id":"action40","type":"key","parameters":{},"actions":[{"type":"keyDown","value":"î€‡"},{"type":"pause","duration":10},{"type":"keyUp","value":"î€‡"}]}]}
RESULT: {"actions":[{"id":"action40","type":"key","parameters":{},"actions":[{"type":"keyDown","value":"î€‡"},{"type":"pause","duration":10},{"type":"keyUp","value":"î€‡"}]}]}
COMMAND: GET /session/6e77a8c699da6c53a9289fc604b7742b/screenshot - {}
RESULT: {}
COMMAND: POST /session/6e77a8c699da6c53a9289fc604b7742b/execute/async - {"script":"<script> [1562 bytes]","args":[{"selector":{"id":"costObjectIdComboBox","viewName":"etm.portal.ui.managerequests.view.NewRequest","searchOpenDialogs":true,"interaction":{"idSuffix":"inner"}},"wdio_ui5_key":"costObjectIdComboBoxetmportal.ui.managerequests.view.NewRequest"}]}
RESULT: {"script":"<script> [1562 bytes]","args":[{"selector":{"id":"costObjectIdComboBox","viewName":"etm.portal.ui.managerequests.view.NewRequest","searchOpenDialogs":true,"interaction":{"idSuffix":"inner"}},"wdio_ui5_key":"costObjectIdComboBoxetmportal.ui.managerequests.view.NewRequest"}]}
RESULT: undefined
COMMAND: POST /session/6e77a8c699da6c53a9289fc604b7742b/execute/async - {"script":"<script> [776 bytes]","args":[{"enterText":"1001 - 1001","selector":{"id":"costObjectIdComboBox","viewName":"etm.portal.ui.managerequests.view.NewRequest","searchOpenDialogs":true,"interaction":{"idSuffix":"inner"}},"clearTextFirst":true,"interactionType":"ENTER_TEXT"}]}
RESULT: {"script":"<script> [776 bytes]","args":[{"enterText":"1001 - 1001","selector":{"id":"costObjectIdComboBox","viewName":"etm.portal.ui.managerequests.view.NewRequest","searchOpenDialogs":true,"interaction":{"idSuffix":"inner"}},"clearTextFirst":true,"interactionType":"ENTER_TEXT"}]}
COMMAND: POST /session/6e77a8c699da6c53a9289fc604b7742b/actions - {"actions":[{"id":"action41","type":"key","parameters":{},"actions":[{"type":"keyDown","value":"î€‡"},{"type":"pause","duration":10},{"type":"keyUp","value":"î€‡"}]}]}
RESULT: {"actions":[{"id":"action41","type":"key","parameters":{},"actions":[{"type":"keyDown","value":"î€‡"},{"type":"pause","duration":10},{"type":"keyUp","value":"î€‡"}]}]}
COMMAND: GET /session/6e77a8c699da6c53a9289fc604b7742b/screenshot - {}
RESULT: {}
COMMAND: POST /session/6e77a8c699da6c53a9289fc604b7742b/element - {"using":"xpath","value":"(//bdi[(text() = 'Save' or . = 'Save')])[1]"}
RESULT: {"using":"xpath","value":"(//bdi[(text() = 'Save' or . = 'Save')])[1]"}
COMMAND: POST /session/6e77a8c699da6c53a9289fc604b7742b/element/f.93F4A61C81F21A46154A7CFE6A8617A2.d.4BC97333C7A58E35F6D195E3EAAA93D1.e.5324/click - {}
RESULT: {}
COMMAND: POST /session/6e77a8c699da6c53a9289fc604b7742b/execute/async - {"script":"<script> [1562 bytes]","args":[{"selector":{"controlType":"sap.ui.core.Icon","viewName":"etm.portal.ui.managerequests.view.NewRequest","properties":{"src":{"regex":{"source":"message\\-error"}}},"ancestor":{"controlType":"sap.m.ColumnListItem","viewName":"etm.portal.ui.managerequests.view.NewRequest","bindingPath":{"modelName":"newRequestItems","path":"/RequestItems/1"},"ancestor":{"id":"requestItemsTable","viewName":"etm.portal.ui.managerequests.view.NewRequest"}}},"wdio_ui5_key":"etmportal.ui.managerequests.view.NewRequestsap.ui.core.Icon{\"src\":{\"regex\":{\"source\":\"message\\\\-error\"}}}{\"controlType\":\"sap.m.ColumnListItem\",\"viewName\":\"etm.portal.ui.managerequests.view.NewRequest\",\"bindingPath\":{\"modelName\":\"newRequestItems\",\"path\":\"/RequestItems/1\"},\"ancestor\":{\"id\":\"requestItemsTable\",\"viewName\":\"etm.portal.ui.managerequests.view.NewRequest\"}}"}]}
COMMAND: GET /session/6e77a8c699da6c53a9289fc604b7742b/screenshot - {}
RESULT: {"script":"<script> [1562 bytes]","args":[{"selector":{"controlType":"sap.ui.core.Icon","viewName":"etm.portal.ui.managerequests.view.NewRequest","properties":{"src":{"regex":{"source":"message\\-error"}}},"ancestor":{"controlType":"sap.m.ColumnListItem","viewName":"etm.portal.ui.managerequests.view.NewRequest","bindingPath":{"modelName":"newRequestItems","path":"/RequestItems/1"},"ancestor":{"id":"requestItemsTable","viewName":"etm.portal.ui.managerequests.view.NewRequest"}}},"wdio_ui5_key":"etmportal.ui.managerequests.view.NewRequestsap.ui.core.Icon{\"src\":{\"regex\":{\"source\":\"message\\\\-error\"}}}{\"controlType\":\"sap.m.ColumnListItem\",\"viewName\":\"etm.portal.ui.managerequests.view.NewRequest\",\"bindingPath\":{\"modelName\":\"newRequestItems\",\"path\":\"/RequestItems/1\"},\"ancestor\":{\"id\":\"requestItemsTable\",\"viewName\":\"etm.portal.ui.managerequests.view.NewRequest\"}}"}]}
RESULT: undefined
COMMAND: POST /session/6e77a8c699da6c53a9289fc604b7742b/element - {"using":"xpath","value":"//*[@id=\"__status4-__xmlview1--requestItemsTable-1-icon\"]"}
RESULT: {}
RESULT: {"using":"xpath","value":"//*[@id=\"__status4-__xmlview1--requestItemsTable-1-icon\"]"}
COMMAND: POST /session/6e77a8c699da6c53a9289fc604b7742b/element/f.93F4A61C81F21A46154A7CFE6A8617A2.d.4BC97333C7A58E35F6D195E3EAAA93D1.e.5327/click - {}
RESULT: {}
COMMAND: GET /session/6e77a8c699da6c53a9289fc604b7742b/screenshot - {}
RESULT: {}
RESULT: undefined
COMMAND: POST /session/6e77a8c699da6c53a9289fc604b7742b/execute/async - {"script":"<script> [776 bytes]","args":[{"enterText":"Cost Center","selector":{"id":"costObjectAdminTypeComboBox","viewName":"etm.portal.ui.managerequests.view.NewRequest","searchOpenDialogs":true,"interaction":{"idSuffix":"inner"}},"clearTextFirst":true,"interactionType":"ENTER_TEXT"}]}
RESULT: {"script":"<script> [776 bytes]","args":[{"enterText":"Cost Center","selector":{"id":"costObjectAdminTypeComboBox","viewName":"etm.portal.ui.managerequests.view.NewRequest","searchOpenDialogs":true,"interaction":{"idSuffix":"inner"}},"clearTextFirst":true,"interactionType":"ENTER_TEXT"}]}
COMMAND: POST /session/6e77a8c699da6c53a9289fc604b7742b/actions - {"actions":[{"id":"action42","type":"key","parameters":{},"actions":[{"type":"keyDown","value":"î€‡"},{"type":"pause","duration":10},{"type":"keyUp","value":"î€‡"}]}]}
RESULT: {"actions":[{"id":"action42","type":"key","parameters":{},"actions":[{"type":"keyDown","value":"î€‡"},{"type":"pause","duration":10},{"type":"keyUp","value":"î€‡"}]}]}
COMMAND: GET /session/6e77a8c699da6c53a9289fc604b7742b/screenshot - {}
RESULT: {}
RESULT: undefined
COMMAND: POST /session/6e77a8c699da6c53a9289fc604b7742b/execute/async - {"script":"<script> [776 bytes]","args":[{"enterText":"1001 - 1001","selector":{"id":"costObjectIdComboBox","viewName":"etm.portal.ui.managerequests.view.NewRequest","searchOpenDialogs":true,"interaction":{"idSuffix":"inner"}},"clearTextFirst":true,"interactionType":"ENTER_TEXT"}]}
RESULT: {"script":"<script> [776 bytes]","args":[{"enterText":"1001 - 1001","selector":{"id":"costObjectIdComboBox","viewName":"etm.portal.ui.managerequests.view.NewRequest","searchOpenDialogs":true,"interaction":{"idSuffix":"inner"}},"clearTextFirst":true,"interactionType":"ENTER_TEXT"}]}
COMMAND: POST /session/6e77a8c699da6c53a9289fc604b7742b/actions - {"actions":[{"id":"action43","type":"key","parameters":{},"actions":[{"type":"keyDown","value":"î€‡"},{"type":"pause","duration":10},{"type":"keyUp","value":"î€‡"}]}]}
RESULT: {"actions":[{"id":"action43","type":"key","parameters":{},"actions":[{"type":"keyDown","value":"î€‡"},{"type":"pause","duration":10},{"type":"keyUp","value":"î€‡"}]}]}
COMMAND: GET /session/6e77a8c699da6c53a9289fc604b7742b/screenshot - {}
RESULT: {}
COMMAND: POST /session/6e77a8c699da6c53a9289fc604b7742b/element - {"using":"xpath","value":"(//bdi[(text() = 'Save' or . = 'Save')])[1]"}
RESULT: {"using":"xpath","value":"(//bdi[(text() = 'Save' or . = 'Save')])[1]"}
COMMAND: POST /session/6e77a8c699da6c53a9289fc604b7742b/element/f.93F4A61C81F21A46154A7CFE6A8617A2.d.4BC97333C7A58E35F6D195E3EAAA93D1.e.5340/click - {}
RESULT: {}
COMMAND: GET /session/6e77a8c699da6c53a9289fc604b7742b/screenshot - {}
RESULT: {}
COMMAND: POST /session/6e77a8c699da6c53a9289fc604b7742b/execute/async - {"script":"<script> [1562 bytes]","args":[{"selector":{"controlType":"sap.m.Button","viewName":"etm.portal.ui.managerequests.view.NewRequest","bindingPath":{"path":"/RequestItems/0","propertyPath":"PICK_UP","modelName":"newRequestItems"},"interaction":{"idSuffix":"BDI-content"}},"wdio_ui5_key":"etmportal.ui.managerequests.view.NewRequestsap.m.Button{\"path\":\"/RequestItems/0\",\"propertyPath\":\"PICK_UP\",\"modelName\":\"newRequestItems\"}"}]}
RESULT: {"script":"<script> [1562 bytes]","args":[{"selector":{"controlType":"sap.m.Button","viewName":"etm.portal.ui.managerequests.view.NewRequest","bindingPath":{"path":"/RequestItems/0","propertyPath":"PICK_UP","modelName":"newRequestItems"},"interaction":{"idSuffix":"BDI-content"}},"wdio_ui5_key":"etmportal.ui.managerequests.view.NewRequestsap.m.Button{\"path\":\"/RequestItems/0\",\"propertyPath\":\"PICK_UP\",\"modelName\":\"newRequestItems\"}"}]}
RESULT: undefined
COMMAND: POST /session/6e77a8c699da6c53a9289fc604b7742b/element - {"using":"xpath","value":"//*[@id=\"__xmlview1--pickUpItemButton-__xmlview1--requestItemsTable-0\"]"}
RESULT: {"using":"xpath","value":"//*[@id=\"__xmlview1--pickUpItemButton-__xmlview1--requestItemsTable-0\"]"}
COMMAND: POST /session/6e77a8c699da6c53a9289fc604b7742b/element/f.93F4A61C81F21A46154A7CFE6A8617A2.d.4BC97333C7A58E35F6D195E3EAAA93D1.e.5344/click - {}
RESULT: {}
COMMAND: GET /session/6e77a8c699da6c53a9289fc604b7742b/screenshot - {}
RESULT: {}
COMMAND: POST /session/6e77a8c699da6c53a9289fc604b7742b/execute/async - {"script":"<script> [1562 bytes]","args":[{"selector":{"controlType":"sap.m.Button","viewName":"etm.portal.ui.managerequests.view.NewRequest","properties":{"text":"Save"},"i18NText":{"propertyName":"tooltip","key":"save"},"interaction":{"idSuffix":"BDI-content"}},"wdio_ui5_key":"etmportal.ui.managerequests.view.NewRequestsap.m.Button{\"propertyName\":\"tooltip\",\"key\":\"save\"}{\"text\":\"Save\"}"}]}
RESULT: {"script":"<script> [1562 bytes]","args":[{"selector":{"controlType":"sap.m.Button","viewName":"etm.portal.ui.managerequests.view.NewRequest","properties":{"text":"Save"},"i18NText":{"propertyName":"tooltip","key":"save"},"interaction":{"idSuffix":"BDI-content"}},"wdio_ui5_key":"etmportal.ui.managerequests.view.NewRequestsap.m.Button{\"propertyName\":\"tooltip\",\"key\":\"save\"}{\"text\":\"Save\"}"}]}
RESULT: undefined
COMMAND: POST /session/6e77a8c699da6c53a9289fc604b7742b/element - {"using":"xpath","value":"//*[@id=\"__button11\"]"}
RESULT: {"using":"xpath","value":"//*[@id=\"__button11\"]"}
COMMAND: POST /session/6e77a8c699da6c53a9289fc604b7742b/element/f.93F4A61C81F21A46154A7CFE6A8617A2.d.4BC97333C7A58E35F6D195E3EAAA93D1.e.5183/click - {}
RESULT: {}
COMMAND: GET /session/6e77a8c699da6c53a9289fc604b7742b/screenshot - {}
RESULT: {}
COMMAND: POST /session/6e77a8c699da6c53a9289fc604b7742b/execute/async - {"script":"<script> [1562 bytes]","args":[{"selector":{"controlType":"sap.m.Text","searchOpenDialogs":true},"wdio_ui5_key":"sapm.Text"}]}
RESULT: {"script":"<script> [1562 bytes]","args":[{"selector":{"controlType":"sap.m.Text","searchOpenDialogs":true},"wdio_ui5_key":"sapm.Text"}]}
RESULT: undefined
COMMAND: POST /session/6e77a8c699da6c53a9289fc604b7742b/execute/async - {"script":"<script> [6424 bytes]","args":[{"element-6066-11e4-a52e-4f735466cecf":"f.93F4A61C81F21A46154A7CFE6A8617A2.d.4BC97333C7A58E35F6D195E3EAAA93D1.e.5348"},"getText",[]]}
RESULT: {"script":"<script> [6424 bytes]","args":[{"element-6066-11e4-a52e-4f735466cecf":"f.93F4A61C81F21A46154A7CFE6A8617A2.d.4BC97333C7A58E35F6D195E3EAAA93D1.e.5348"},"getText",[]]}
COMMAND: POST /session/6e77a8c699da6c53a9289fc604b7742b/execute/async - {"script":"<script> [1562 bytes]","args":[{"selector":{"controlType":"sap.m.Button","properties":{"text":"Close"},"searchOpenDialogs":true,"interaction":{"idSuffix":"BDI-content"}},"wdio_ui5_key":"sapm.Button{\"text\":\"Close\"}"}]}
RESULT: {"script":"<script> [1562 bytes]","args":[{"selector":{"controlType":"sap.m.Button","properties":{"text":"Close"},"searchOpenDialogs":true,"interaction":{"idSuffix":"BDI-content"}},"wdio_ui5_key":"sapm.Button{\"text\":\"Close\"}"}]}
RESULT: undefined
COMMAND: POST /session/6e77a8c699da6c53a9289fc604b7742b/element - {"using":"xpath","value":"//*[@id=\"__mbox-btn-0\"]"}
RESULT: {"using":"xpath","value":"//*[@id=\"__mbox-btn-0\"]"}
COMMAND: POST /session/6e77a8c699da6c53a9289fc604b7742b/element/f.93F4A61C81F21A46154A7CFE6A8617A2.d.4BC97333C7A58E35F6D195E3EAAA93D1.e.5347/click - {}
RESULT: {}
COMMAND: GET /session/6e77a8c699da6c53a9289fc604b7742b/screenshot - {}
RESULT: {}
COMMAND: POST /session/6e77a8c699da6c53a9289fc604b7742b/execute/async - {"script":"<script> [1562 bytes]","args":[{"selector":{"controlType":"sap.m.Button","viewName":"etm.portal.ui.managerequests.view.Detail","bindingPath":{"path":"/SmartRequestItemsPlanningBoard(ITEM=10m,REQUEST='20218')","propertyPath":"PICK_UP"}},"wdio_ui5_key":"etmportal.ui.managerequests.view.Detailsap.m.Button{\"path\":\"/SmartRequestItemsPlanningBoard(ITEM=10m,REQUEST='20218')\",\"propertyPath\":\"PICK_UP\"}"}]}
RESULT: {"script":"<script> [1562 bytes]","args":[{"selector":{"controlType":"sap.m.Button","viewName":"etm.portal.ui.managerequests.view.Detail","bindingPath":{"path":"/SmartRequestItemsPlanningBoard(ITEM=10m,REQUEST='20218')","propertyPath":"PICK_UP"}},"wdio_ui5_key":"etmportal.ui.managerequests.view.Detailsap.m.Button{\"path\":\"/SmartRequestItemsPlanningBoard(ITEM=10m,REQUEST='20218')\",\"propertyPath\":\"PICK_UP\"}"}]}
RESULT: undefined
COMMAND: POST /session/6e77a8c699da6c53a9289fc604b7742b/execute/async - {"script":"<script> [6424 bytes]","args":[{"element-6066-11e4-a52e-4f735466cecf":"f.93F4A61C81F21A46154A7CFE6A8617A2.d.4BC97333C7A58E35F6D195E3EAAA93D1.e.5457"},"getType",[]]}
RESULT: {"script":"<script> [6424 bytes]","args":[{"element-6066-11e4-a52e-4f735466cecf":"f.93F4A61C81F21A46154A7CFE6A8617A2.d.4BC97333C7A58E35F6D195E3EAAA93D1.e.5457"},"getType",[]]}
COMMAND: POST /session/6e77a8c699da6c53a9289fc604b7742b/execute/async - {"script":"<script> [1562 bytes]","args":[{"selector":{"controlType":"sap.m.Button","viewName":"etm.portal.ui.managerequests.view.Detail","bindingPath":{"path":"/SmartRequestItemsPlanningBoard(ITEM=20m,REQUEST='20218')","propertyPath":"PICK_UP"}},"wdio_ui5_key":"etmportal.ui.managerequests.view.Detailsap.m.Button{\"path\":\"/SmartRequestItemsPlanningBoard(ITEM=20m,REQUEST='20218')\",\"propertyPath\":\"PICK_UP\"}"}]}
RESULT: {"script":"<script> [1562 bytes]","args":[{"selector":{"controlType":"sap.m.Button","viewName":"etm.portal.ui.managerequests.view.Detail","bindingPath":{"path":"/SmartRequestItemsPlanningBoard(ITEM=20m,REQUEST='20218')","propertyPath":"PICK_UP"}},"wdio_ui5_key":"etmportal.ui.managerequests.view.Detailsap.m.Button{\"path\":\"/SmartRequestItemsPlanningBoard(ITEM=20m,REQUEST='20218')\",\"propertyPath\":\"PICK_UP\"}"}]}
RESULT: undefined
COMMAND: POST /session/6e77a8c699da6c53a9289fc604b7742b/execute/async - {"script":"<script> [6424 bytes]","args":[{"element-6066-11e4-a52e-4f735466cecf":"f.93F4A61C81F21A46154A7CFE6A8617A2.d.4BC97333C7A58E35F6D195E3EAAA93D1.e.5480"},"getType",[]]}
RESULT: {"script":"<script> [6424 bytes]","args":[{"element-6066-11e4-a52e-4f735466cecf":"f.93F4A61C81F21A46154A7CFE6A8617A2.d.4BC97333C7A58E35F6D195E3EAAA93D1.e.5480"},"getType",[]]}
COMMAND: POST /session/6e77a8c699da6c53a9289fc604b7742b/execute/async - {"script":"<script> [1562 bytes]","args":[{"selector":{"id":"pickUpSwitchHeader","viewName":"etm.portal.ui.managerequests.view.Detail","interaction":{"idSuffix":"handle"}},"wdio_ui5_key":"pickUpSwitchHeaderetmportal.ui.managerequests.view.Detail"}]}
RESULT: {"script":"<script> [1562 bytes]","args":[{"selector":{"id":"pickUpSwitchHeader","viewName":"etm.portal.ui.managerequests.view.Detail","interaction":{"idSuffix":"handle"}},"wdio_ui5_key":"pickUpSwitchHeaderetmportal.ui.managerequests.view.Detail"}]}
RESULT: undefined
COMMAND: POST /session/6e77a8c699da6c53a9289fc604b7742b/element - {"using":"xpath","value":"//*[@id=\"__xmlview2--pickUpSwitchHeader\"]"}
RESULT: {"using":"xpath","value":"//*[@id=\"__xmlview2--pickUpSwitchHeader\"]"}
COMMAND: POST /session/6e77a8c699da6c53a9289fc604b7742b/element/f.93F4A61C81F21A46154A7CFE6A8617A2.d.4BC97333C7A58E35F6D195E3EAAA93D1.e.5428/click - {}
RESULT: {}
COMMAND: POST /session/6e77a8c699da6c53a9289fc604b7742b/execute/async - {"script":"<script> [1562 bytes]","args":[{"selector":{"controlType":"sap.ui.core.Icon","viewName":"etm.portal.ui.managerequests.view.Detail","properties":{"src":{"regex":{"source":"pushpin\\-off"}}}},"wdio_ui5_key":"etmportal.ui.managerequests.view.Detailsap.ui.core.Icon{\"src\":{\"regex\":{\"source\":\"pushpin\\\\-off\"}}}"}]}
COMMAND: GET /session/6e77a8c699da6c53a9289fc604b7742b/screenshot - {}
RESULT: {"script":"<script> [1562 bytes]","args":[{"selector":{"controlType":"sap.ui.core.Icon","viewName":"etm.portal.ui.managerequests.view.Detail","properties":{"src":{"regex":{"source":"pushpin\\-off"}}}},"wdio_ui5_key":"etmportal.ui.managerequests.view.Detailsap.ui.core.Icon{\"src\":{\"regex\":{\"source\":\"pushpin\\\\-off\"}}}"}]}
RESULT: undefined
COMMAND: POST /session/6e77a8c699da6c53a9289fc604b7742b/element - {"using":"xpath","value":"//*[@id=\"__xmlview2--detailRequestPage-OPHeaderContent-pinBtn-img\"]"}
RESULT: {}
RESULT: {"using":"xpath","value":"//*[@id=\"__xmlview2--detailRequestPage-OPHeaderContent-pinBtn-img\"]"}
COMMAND: POST /session/6e77a8c699da6c53a9289fc604b7742b/element/f.93F4A61C81F21A46154A7CFE6A8617A2.d.4BC97333C7A58E35F6D195E3EAAA93D1.e.5436/click - {}
RESULT: {}
RESULT: undefined
COMMAND: POST /session/6e77a8c699da6c53a9289fc604b7742b/execute/async - {"script":"<script> [6424 bytes]","args":[{"element-6066-11e4-a52e-4f735466cecf":"f.93F4A61C81F21A46154A7CFE6A8617A2.d.4BC97333C7A58E35F6D195E3EAAA93D1.e.5457"},"getType",[]]}
COMMAND: GET /session/6e77a8c699da6c53a9289fc604b7742b/screenshot - {}
RESULT: {"script":"<script> [6424 bytes]","args":[{"element-6066-11e4-a52e-4f735466cecf":"f.93F4A61C81F21A46154A7CFE6A8617A2.d.4BC97333C7A58E35F6D195E3EAAA93D1.e.5457"},"getType",[]]}
RESULT: undefined
COMMAND: POST /session/6e77a8c699da6c53a9289fc604b7742b/execute/async - {"script":"<script> [6424 bytes]","args":[{"element-6066-11e4-a52e-4f735466cecf":"f.93F4A61C81F21A46154A7CFE6A8617A2.d.4BC97333C7A58E35F6D195E3EAAA93D1.e.5480"},"getType",[]]}
RESULT: {}
RESULT: {"script":"<script> [6424 bytes]","args":[{"element-6066-11e4-a52e-4f735466cecf":"f.93F4A61C81F21A46154A7CFE6A8617A2.d.4BC97333C7A58E35F6D195E3EAAA93D1.e.5480"},"getType",[]]}
COMMAND: POST /session/6e77a8c699da6c53a9289fc604b7742b/execute/async - {"script":"<script> [1562 bytes]","args":[{"selector":{"controlType":"sap.ui.core.Icon","viewName":"etm.portal.ui.managerequests.view.Detail","properties":{"src":{"regex":{"source":"date\\-time"}}},"ancestor":{"controlType":"sap.m.ColumnListItem","viewName":"etm.portal.ui.managerequests.view.Detail","bindingPath":{"path":"/SmartRequestItemsPlanningBoard(ITEM=10m,REQUEST='20218')"},"ancestor":{"id":"requestItemsTable","viewName":"etm.portal.ui.managerequests.view.Detail"}}},"wdio_ui5_key":"etmportal.ui.managerequests.view.Detailsap.ui.core.Icon{\"src\":{\"regex\":{\"source\":\"date\\\\-time\"}}}{\"controlType\":\"sap.m.ColumnListItem\",\"viewName\":\"etm.portal.ui.managerequests.view.Detail\",\"bindingPath\":{\"path\":\"/SmartRequestItemsPlanningBoard(ITEM=10m,REQUEST='20218')\"},\"ancestor\":{\"id\":\"requestItemsTable\",\"viewName\":\"etm.portal.ui.managerequests.view.Detail\"}}"}]}
RESULT: {"script":"<script> [1562 bytes]","args":[{"selector":{"controlType":"sap.ui.core.Icon","viewName":"etm.portal.ui.managerequests.view.Detail","properties":{"src":{"regex":{"source":"date\\-time"}}},"ancestor":{"controlType":"sap.m.ColumnListItem","viewName":"etm.portal.ui.managerequests.view.Detail","bindingPath":{"path":"/SmartRequestItemsPlanningBoard(ITEM=10m,REQUEST='20218')"},"ancestor":{"id":"requestItemsTable","viewName":"etm.portal.ui.managerequests.view.Detail"}}},"wdio_ui5_key":"etmportal.ui.managerequests.view.Detailsap.ui.core.Icon{\"src\":{\"regex\":{\"source\":\"date\\\\-time\"}}}{\"controlType\":\"sap.m.ColumnListItem\",\"viewName\":\"etm.portal.ui.managerequests.view.Detail\",\"bindingPath\":{\"path\":\"/SmartRequestItemsPlanningBoard(ITEM=10m,REQUEST='20218')\"},\"ancestor\":{\"id\":\"requestItemsTable\",\"viewName\":\"etm.portal.ui.managerequests.view.Detail\"}}"}]}
RESULT: undefined
COMMAND: POST /session/6e77a8c699da6c53a9289fc604b7742b/element - {"using":"xpath","value":"//*[@id=\"__button39-__clone1825-img\"]"}
RESULT: {"using":"xpath","value":"//*[@id=\"__button39-__clone1825-img\"]"}
COMMAND: POST /session/6e77a8c699da6c53a9289fc604b7742b/element/f.93F4A61C81F21A46154A7CFE6A8617A2.d.4BC97333C7A58E35F6D195E3EAAA93D1.e.5488/click - {}
RESULT: {}
COMMAND: POST /session/6e77a8c699da6c53a9289fc604b7742b/execute/async - {"script":"<script> [1562 bytes]","args":[{"selector":{"controlType":"sap.m.Button","viewName":"etm.portal.ui.managerequests.view.Detail","properties":{"text":"Close"},"searchOpenDialogs":true,"interaction":{"idSuffix":"inner"}},"wdio_ui5_key":"etmportal.ui.managerequests.view.Detailsap.m.Button{\"text\":\"Close\"}"}]}
COMMAND: GET /session/6e77a8c699da6c53a9289fc604b7742b/screenshot - {}
RESULT: {"script":"<script> [1562 bytes]","args":[{"selector":{"controlType":"sap.m.Button","viewName":"etm.portal.ui.managerequests.view.Detail","properties":{"text":"Close"},"searchOpenDialogs":true,"interaction":{"idSuffix":"inner"}},"wdio_ui5_key":"etmportal.ui.managerequests.view.Detailsap.m.Button{\"text\":\"Close\"}"}]}
RESULT: undefined
COMMAND: POST /session/6e77a8c699da6c53a9289fc604b7742b/element - {"using":"xpath","value":"//*[@id=\"__button49\"]"}
RESULT: {}
RESULT: {"using":"xpath","value":"//*[@id=\"__button49\"]"}
COMMAND: POST /session/6e77a8c699da6c53a9289fc604b7742b/element/f.93F4A61C81F21A46154A7CFE6A8617A2.d.4BC97333C7A58E35F6D195E3EAAA93D1.e.5490/click - {}
RESULT: {}
COMMAND: POST /session/6e77a8c699da6c53a9289fc604b7742b/execute/async - {"script":"<script> [1562 bytes]","args":[{"selector":{"controlType":"sap.ui.core.Icon","viewName":"etm.portal.ui.managerequests.view.Detail","properties":{"src":{"regex":{"source":"date\\-time"}}},"ancestor":{"controlType":"sap.m.ColumnListItem","viewName":"etm.portal.ui.managerequests.view.Detail","bindingPath":{"path":"/SmartRequestItemsPlanningBoard(ITEM=20m,REQUEST='20218')"},"ancestor":{"id":"requestItemsTable","viewName":"etm.portal.ui.managerequests.view.Detail"}}},"wdio_ui5_key":"etmportal.ui.managerequests.view.Detailsap.ui.core.Icon{\"src\":{\"regex\":{\"source\":\"date\\\\-time\"}}}{\"controlType\":\"sap.m.ColumnListItem\",\"viewName\":\"etm.portal.ui.managerequests.view.Detail\",\"bindingPath\":{\"path\":\"/SmartRequestItemsPlanningBoard(ITEM=20m,REQUEST='20218')\"},\"ancestor\":{\"id\":\"requestItemsTable\",\"viewName\":\"etm.portal.ui.managerequests.view.Detail\"}}"}]}
COMMAND: GET /session/6e77a8c699da6c53a9289fc604b7742b/screenshot - {}
RESULT: {"script":"<script> [1562 bytes]","args":[{"selector":{"controlType":"sap.ui.core.Icon","viewName":"etm.portal.ui.managerequests.view.Detail","properties":{"src":{"regex":{"source":"date\\-time"}}},"ancestor":{"controlType":"sap.m.ColumnListItem","viewName":"etm.portal.ui.managerequests.view.Detail","bindingPath":{"path":"/SmartRequestItemsPlanningBoard(ITEM=20m,REQUEST='20218')"},"ancestor":{"id":"requestItemsTable","viewName":"etm.portal.ui.managerequests.view.Detail"}}},"wdio_ui5_key":"etmportal.ui.managerequests.view.Detailsap.ui.core.Icon{\"src\":{\"regex\":{\"source\":\"date\\\\-time\"}}}{\"controlType\":\"sap.m.ColumnListItem\",\"viewName\":\"etm.portal.ui.managerequests.view.Detail\",\"bindingPath\":{\"path\":\"/SmartRequestItemsPlanningBoard(ITEM=20m,REQUEST='20218')\"},\"ancestor\":{\"id\":\"requestItemsTable\",\"viewName\":\"etm.portal.ui.managerequests.view.Detail\"}}"}]}
RESULT: undefined
COMMAND: POST /session/6e77a8c699da6c53a9289fc604b7742b/element - {"using":"xpath","value":"//*[@id=\"__button39-__clone1826-img\"]"}
RESULT: {}
RESULT: {"using":"xpath","value":"//*[@id=\"__button39-__clone1826-img\"]"}
COMMAND: POST /session/6e77a8c699da6c53a9289fc604b7742b/element/f.93F4A61C81F21A46154A7CFE6A8617A2.d.4BC97333C7A58E35F6D195E3EAAA93D1.e.5497/click - {}
RESULT: {}
RESULT: undefined
COMMAND: POST /session/6e77a8c699da6c53a9289fc604b7742b/element - {"using":"xpath","value":"//*[@id=\"__button49\"]"}
COMMAND: GET /session/6e77a8c699da6c53a9289fc604b7742b/screenshot - {}
RESULT: {"using":"xpath","value":"//*[@id=\"__button49\"]"}
COMMAND: POST /session/6e77a8c699da6c53a9289fc604b7742b/elements - {"using":"xpath","value":"//*[@id=\"__button49\"]"}
RESULT: {}
RESULT: {"using":"xpath","value":"//*[@id=\"__button49\"]"}
COMMAND: POST /session/6e77a8c699da6c53a9289fc604b7742b/elements - {"using":"xpath","value":"//*[@id=\"__button49\"]"}
RESULT: {"using":"xpath","value":"//*[@id=\"__button49\"]"}
COMMAND: POST /session/6e77a8c699da6c53a9289fc604b7742b/element - {"using":"xpath","value":"//*[@id=\"__button49\"]"}
RESULT: {"using":"xpath","value":"//*[@id=\"__button49\"]"}
COMMAND: POST /session/6e77a8c699da6c53a9289fc604b7742b/element/f.93F4A61C81F21A46154A7CFE6A8617A2.d.4BC97333C7A58E35F6D195E3EAAA93D1.e.5501/click - {}
RESULT: {}
COMMAND: POST /session/6e77a8c699da6c53a9289fc604b7742b/execute/async - {"script":"<script> [189 bytes]","args":[]}
COMMAND: GET /session/6e77a8c699da6c53a9289fc604b7742b/screenshot - {}
RESULT: {"script":"<script> [189 bytes]","args":[]}
COMMAND: POST /session/6e77a8c699da6c53a9289fc604b7742b/execute/async - {"script":"<script> [123 bytes]","args":[]}
RESULT: {}
RESULT: {"script":"<script> [123 bytes]","args":[]}
COMMAND: POST /session/6e77a8c699da6c53a9289fc604b7742b/timeouts - {"script":"<number>"}
RESULT: {"script":"<number>"}
COMMAND: GET /session/6e77a8c699da6c53a9289fc604b7742b/timeouts - {}
RESULT: {}
RESULT: undefined
COMMAND: POST /session/6e77a8c699da6c53a9289fc604b7742b/execute/async - {"script":"<script> [2676 bytes]","args":[]}
RESULT: {"script":"<script> [2676 bytes]","args":[]}
COMMAND: POST /session/6e77a8c699da6c53a9289fc604b7742b/execute/async - {"script":"<script> [2342 bytes]","args":[{"protocol":"http","hostname":"0.0.0.0","path":"/","capabilities":{"browserName":"chrome","goog:chromeOptions":{"binary":"C:\\Program Files\\Google\\Chrome\\Application\\chrome.exe","args":["--start-maximized"]}},"logLevel":"warn","connectionRetryTimeout":120000,"connectionRetryCount":3,"logLevels":{},"enableDirectConnect":true,"strictSSL":true,"_":"65 more keys: [\"cacheDir\",\"port\",\"requestedCapabilities\",\"automationProtocol\",\"baseUrl\",\"waitforInterval\",\"waitforTimeout\",\"onReload\",\"beforeCommand\",\"afterCommand\",\"rootDir\",\"specs\",\"suites\",\"exclude\",\"groupLogsByTestSpec\",\"excludeDriverLogs\",\"bail\",\"framework\",\"reporters\",\"services\",\"maxInstances\",\"maxInstancesPerCapability\",\"injectGlobals\",\"filesToWatch\",\"execArgv\",\"runnerEnv\",\"runner\",\"shard\",\"specFileRetries\",\"specFileRetriesDelay\",\"specFileRetriesDeferred\",\"reporterSyncInterval\",\"reporterSyncTimeout\",\"cucumberFeaturesWithLineNumbers\",\"autoCompileOpts\",\"mochaOpts\",\"jasmineOpts\",\"cucumberOpts\",\"onPrepare\",\"onWorkerStart\",\"onWorkerEnd\",\"before\",\"beforeSession\",\"beforeSuite\",\"beforeHook\",\"beforeTest\",\"afterTest\",\"afterHook\",\"afterSuite\",\"afterSession\",\"after\",\"onComplete\",\"beforeAssertion\",\"afterAssertion\",\"beforeFeature\",\"beforeScenario\",\"beforeStep\",\"afterStep\",\"afterScenario\",\"afterFeature\",\"_\",\"suite\",\"$0\",\"ignoredWorkerServices\",\"wdi5\"]"}]}
RESULT: {"script":"<script> [2342 bytes]","args":[{"protocol":"http","hostname":"0.0.0.0","path":"/","capabilities":{"browserName":"chrome","goog:chromeOptions":{"binary":"C:\\Program Files\\Google\\Chrome\\Application\\chrome.exe","args":["--start-maximized"]}},"logLevel":"warn","connectionRetryTimeout":120000,"connectionRetryCount":3,"logLevels":{},"enableDirectConnect":true,"strictSSL":true,"_":"65 more keys: [\"cacheDir\",\"port\",\"requestedCapabilities\",\"automationProtocol\",\"baseUrl\",\"waitforInterval\",\"waitforTimeout\",\"onReload\",\"beforeCommand\",\"afterCommand\",\"rootDir\",\"specs\",\"suites\",\"exclude\",\"groupLogsByTestSpec\",\"excludeDriverLogs\",\"bail\",\"framework\",\"reporters\",\"services\",\"maxInstances\",\"maxInstancesPerCapability\",\"injectGlobals\",\"filesToWatch\",\"execArgv\",\"runnerEnv\",\"runner\",\"shard\",\"specFileRetries\",\"specFileRetriesDelay\",\"specFileRetriesDeferred\",\"reporterSyncInterval\",\"reporterSyncTimeout\",\"cucumberFeaturesWithLineNumbers\",\"autoCompileOpts\",\"mochaOpts\",\"jasmineOpts\",\"cucumberOpts\",\"onPrepare\",\"onWorkerStart\",\"onWorkerEnd\",\"before\",\"beforeSession\",\"beforeSuite\",\"beforeHook\",\"beforeTest\",\"afterTest\",\"afterHook\",\"afterSuite\",\"afterSession\",\"after\",\"onComplete\",\"beforeAssertion\",\"afterAssertion\",\"beforeFeature\",\"beforeScenario\",\"beforeStep\",\"afterStep\",\"afterScenario\",\"afterFeature\",\"_\",\"suite\",\"$0\",\"ignoredWorkerServices\",\"wdi5\"]"}]}
COMMAND: POST /session/6e77a8c699da6c53a9289fc604b7742b/execute/async - {"script":"<script> [21126 bytes]","args":[35000]}
RESULT: {"script":"<script> [21126 bytes]","args":[35000]}
COMMAND: POST /session/6e77a8c699da6c53a9289fc604b7742b/execute/async - {"script":"<script> [1562 bytes]","args":[{"selector":{"controlType":"sap.m.Button","viewName":"etm.portal.ui.managerequests.view.Detail","bindingPath":{"path":"/SmartRequestItemsPlanningBoard(ITEM=10m,REQUEST='20218')","propertyPath":"PICK_UP"}},"wdio_ui5_key":"etmportal.ui.managerequests.view.Detailsap.m.Button{\"path\":\"/SmartRequestItemsPlanningBoard(ITEM=10m,REQUEST='20218')\",\"propertyPath\":\"PICK_UP\"}"}]}
RESULT: {"script":"<script> [1562 bytes]","args":[{"selector":{"controlType":"sap.m.Button","viewName":"etm.portal.ui.managerequests.view.Detail","bindingPath":{"path":"/SmartRequestItemsPlanningBoard(ITEM=10m,REQUEST='20218')","propertyPath":"PICK_UP"}},"wdio_ui5_key":"etmportal.ui.managerequests.view.Detailsap.m.Button{\"path\":\"/SmartRequestItemsPlanningBoard(ITEM=10m,REQUEST='20218')\",\"propertyPath\":\"PICK_UP\"}"}]}
RESULT: undefined
COMMAND: POST /session/6e77a8c699da6c53a9289fc604b7742b/execute/async - {"script":"<script> [6424 bytes]","args":[{"element-6066-11e4-a52e-4f735466cecf":"f.93F4A61C81F21A46154A7CFE6A8617A2.d.4BC97333C7A58E35F6D195E3EAAA93D1.e.5457"},"getType",[]]}
RESULT: {"script":"<script> [6424 bytes]","args":[{"element-6066-11e4-a52e-4f735466cecf":"f.93F4A61C81F21A46154A7CFE6A8617A2.d.4BC97333C7A58E35F6D195E3EAAA93D1.e.5457"},"getType",[]]}
COMMAND: POST /session/6e77a8c699da6c53a9289fc604b7742b/execute/async - {"script":"<script> [1562 bytes]","args":[{"selector":{"controlType":"sap.m.Button","viewName":"etm.portal.ui.managerequests.view.Detail","bindingPath":{"path":"/SmartRequestItemsPlanningBoard(ITEM=20m,REQUEST='20218')","propertyPath":"PICK_UP"}},"wdio_ui5_key":"etmportal.ui.managerequests.view.Detailsap.m.Button{\"path\":\"/SmartRequestItemsPlanningBoard(ITEM=20m,REQUEST='20218')\",\"propertyPath\":\"PICK_UP\"}"}]}
RESULT: {"script":"<script> [1562 bytes]","args":[{"selector":{"controlType":"sap.m.Button","viewName":"etm.portal.ui.managerequests.view.Detail","bindingPath":{"path":"/SmartRequestItemsPlanningBoard(ITEM=20m,REQUEST='20218')","propertyPath":"PICK_UP"}},"wdio_ui5_key":"etmportal.ui.managerequests.view.Detailsap.m.Button{\"path\":\"/SmartRequestItemsPlanningBoard(ITEM=20m,REQUEST='20218')\",\"propertyPath\":\"PICK_UP\"}"}]}
RESULT: undefined
COMMAND: POST /session/6e77a8c699da6c53a9289fc604b7742b/execute/async - {"script":"<script> [6424 bytes]","args":[{"element-6066-11e4-a52e-4f735466cecf":"f.93F4A61C81F21A46154A7CFE6A8617A2.d.4BC97333C7A58E35F6D195E3EAAA93D1.e.5480"},"getType",[]]}
RESULT: {"script":"<script> [6424 bytes]","args":[{"element-6066-11e4-a52e-4f735466cecf":"f.93F4A61C81F21A46154A7CFE6A8617A2.d.4BC97333C7A58E35F6D195E3EAAA93D1.e.5480"},"getType",[]]}
]]></system-out>
    </testcase>
    <testcase classname="chrome.136_0_7103_93.windows.Manage_request_+_Contract_processing_pick_up_option_US120163_" name="Should Contract processing pick up option" time="195.643">
      <system-out><![CDATA[
COMMAND: POST /session/6e77a8c699da6c53a9289fc604b7742b/execute/async - {"script":"<script> [1562 bytes]","args":[{"selector":{"id":"requestContractNo","viewName":"etm.portal.ui.managerequests.view.Detail"},"wdio_ui5_key":"requestContractNoetmportal.ui.managerequests.view.Detail"}]}
RESULT: {"script":"<script> [1562 bytes]","args":[{"selector":{"id":"requestContractNo","viewName":"etm.portal.ui.managerequests.view.Detail"},"wdio_ui5_key":"requestContractNoetmportal.ui.managerequests.view.Detail"}]}
RESULT: undefined
COMMAND: POST /session/6e77a8c699da6c53a9289fc604b7742b/element - {"using":"xpath","value":"//*[@id=\"__xmlview2--requestContractNo\"]"}
RESULT: {"using":"xpath","value":"//*[@id=\"__xmlview2--requestContractNo\"]"}
COMMAND: POST /session/6e77a8c699da6c53a9289fc604b7742b/element/f.93F4A61C81F21A46154A7CFE6A8617A2.d.4BC97333C7A58E35F6D195E3EAAA93D1.e.5513/click - {}
RESULT: {}
COMMAND: POST /session/6e77a8c699da6c53a9289fc604b7742b/execute/async - {"script":"<script> [1562 bytes]","args":[{"selector":{"controlType":"sap.m.Link","viewName":"etm.portal.ui.managerequests.view.Detail","properties":{"text":"Contract Overview"},"searchOpenDialogs":true},"wdio_ui5_key":"etmportal.ui.managerequests.view.Detailsap.m.Link{\"text\":\"Contract Overview\"}"}]}
COMMAND: GET /session/6e77a8c699da6c53a9289fc604b7742b/screenshot - {}
RESULT: {"script":"<script> [1562 bytes]","args":[{"selector":{"controlType":"sap.m.Link","viewName":"etm.portal.ui.managerequests.view.Detail","properties":{"text":"Contract Overview"},"searchOpenDialogs":true},"wdio_ui5_key":"etmportal.ui.managerequests.view.Detailsap.m.Link{\"text\":\"Contract Overview\"}"}]}
RESULT: undefined
COMMAND: POST /session/6e77a8c699da6c53a9289fc604b7742b/element - {"using":"xpath","value":"//*[@id=\"__link8\"]"}
RESULT: {}
RESULT: {"using":"xpath","value":"//*[@id=\"__link8\"]"}
COMMAND: POST /session/6e77a8c699da6c53a9289fc604b7742b/element/f.93F4A61C81F21A46154A7CFE6A8617A2.d.4BC97333C7A58E35F6D195E3EAAA93D1.e.5515/click - {}
RESULT: {}
COMMAND: GET /session/6e77a8c699da6c53a9289fc604b7742b/screenshot - {}
RESULT: {}
COMMAND: POST /session/6e77a8c699da6c53a9289fc604b7742b/element - {"using":"xpath","value":"//div[contains(@id ,\"headerBillingItemsTabFilter-text\")]"}
RESULT: {"using":"xpath","value":"//div[contains(@id ,\"headerBillingItemsTabFilter-text\")]"}
COMMAND: POST /session/6e77a8c699da6c53a9289fc604b7742b/element/f.93F4A61C81F21A46154A7CFE6A8617A2.d.4BC97333C7A58E35F6D195E3EAAA93D1.e.5736/click - {}
RESULT: {}
COMMAND: GET /session/6e77a8c699da6c53a9289fc604b7742b/screenshot - {}
RESULT: {}
COMMAND: POST /session/6e77a8c699da6c53a9289fc604b7742b/execute/async - {"script":"<script> [1562 bytes]","args":[{"selector":{"id":"addRequestItemBtn","viewName":"etm.portal.ui.managecontracts.view.Detail","interaction":{"idSuffix":"BDI-content"}},"wdio_ui5_key":"addRequestItemBtnetmportal.ui.managecontracts.view.Detail"}]}
RESULT: {"script":"<script> [1562 bytes]","args":[{"selector":{"id":"addRequestItemBtn","viewName":"etm.portal.ui.managecontracts.view.Detail","interaction":{"idSuffix":"BDI-content"}},"wdio_ui5_key":"addRequestItemBtnetmportal.ui.managecontracts.view.Detail"}]}
RESULT: undefined
COMMAND: POST /session/6e77a8c699da6c53a9289fc604b7742b/element - {"using":"xpath","value":"//*[@id=\"__xmlview4--addRequestItemBtn\"]"}
RESULT: {"using":"xpath","value":"//*[@id=\"__xmlview4--addRequestItemBtn\"]"}
COMMAND: POST /session/6e77a8c699da6c53a9289fc604b7742b/element/f.93F4A61C81F21A46154A7CFE6A8617A2.d.4BC97333C7A58E35F6D195E3EAAA93D1.e.5606/click - {}
RESULT: {}
COMMAND: GET /session/6e77a8c699da6c53a9289fc604b7742b/screenshot - {}
RESULT: {}
COMMAND: POST /session/6e77a8c699da6c53a9289fc604b7742b/element - {"using":"xpath","value":"//div[contains(@id ,\"popupRequestTable-sa-CbBg\")]"}
RESULT: {"using":"xpath","value":"//div[contains(@id ,\"popupRequestTable-sa-CbBg\")]"}
COMMAND: POST /session/6e77a8c699da6c53a9289fc604b7742b/element/f.93F4A61C81F21A46154A7CFE6A8617A2.d.4BC97333C7A58E35F6D195E3EAAA93D1.e.5778/click - {}
RESULT: {}
COMMAND: GET /session/6e77a8c699da6c53a9289fc604b7742b/screenshot - {}
RESULT: {}
COMMAND: POST /session/6e77a8c699da6c53a9289fc604b7742b/execute/async - {"script":"<script> [1562 bytes]","args":[{"selector":{"controlType":"sap.m.Button","viewName":"etm.portal.ui.managecontracts.view.Detail","i18NText":{"propertyName":"text","key":"selectionDone"},"searchOpenDialogs":true,"interaction":{"idSuffix":"content"}},"wdio_ui5_key":"etmportal.ui.managecontracts.view.Detailsap.m.Button{\"propertyName\":\"text\",\"key\":\"selectionDone\"}"}]}
RESULT: {"script":"<script> [1562 bytes]","args":[{"selector":{"controlType":"sap.m.Button","viewName":"etm.portal.ui.managecontracts.view.Detail","i18NText":{"propertyName":"text","key":"selectionDone"},"searchOpenDialogs":true,"interaction":{"idSuffix":"content"}},"wdio_ui5_key":"etmportal.ui.managecontracts.view.Detailsap.m.Button{\"propertyName\":\"text\",\"key\":\"selectionDone\"}"}]}
RESULT: undefined
COMMAND: POST /session/6e77a8c699da6c53a9289fc604b7742b/element - {"using":"xpath","value":"//*[@id=\"__button64\"]"}
RESULT: {"using":"xpath","value":"//*[@id=\"__button64\"]"}
COMMAND: POST /session/6e77a8c699da6c53a9289fc604b7742b/element/f.93F4A61C81F21A46154A7CFE6A8617A2.d.4BC97333C7A58E35F6D195E3EAAA93D1.e.5781/click - {}
RESULT: {}
COMMAND: POST /session/6e77a8c699da6c53a9289fc604b7742b/execute/async - {"script":"<script> [1562 bytes]","args":[{"selector":{"controlType":"sap.m.Button","properties":{"text":"OK"},"searchOpenDialogs":true,"interaction":{"idSuffix":"inner"}},"wdio_ui5_key":"sapm.Button{\"text\":\"OK\"}"}]}
COMMAND: GET /session/6e77a8c699da6c53a9289fc604b7742b/screenshot - {}
RESULT: {"script":"<script> [1562 bytes]","args":[{"selector":{"controlType":"sap.m.Button","properties":{"text":"OK"},"searchOpenDialogs":true,"interaction":{"idSuffix":"inner"}},"wdio_ui5_key":"sapm.Button{\"text\":\"OK\"}"}]}
RESULT: undefined
COMMAND: POST /session/6e77a8c699da6c53a9289fc604b7742b/element - {"using":"xpath","value":"//*[@id=\"__mbox-btn-1\"]"}
RESULT: {}
RESULT: {"using":"xpath","value":"//*[@id=\"__mbox-btn-1\"]"}
COMMAND: POST /session/6e77a8c699da6c53a9289fc604b7742b/element/f.93F4A61C81F21A46154A7CFE6A8617A2.d.4BC97333C7A58E35F6D195E3EAAA93D1.e.5782/click - {}
RESULT: {}
COMMAND: GET /session/6e77a8c699da6c53a9289fc604b7742b/screenshot - {}
RESULT: {}
COMMAND: POST /session/6e77a8c699da6c53a9289fc604b7742b/element - {"using":"xpath","value":"//div[contains(@id ,\"headerBillingItemsTabFilter-text\")]"}
RESULT: {"using":"xpath","value":"//div[contains(@id ,\"headerBillingItemsTabFilter-text\")]"}
COMMAND: POST /session/6e77a8c699da6c53a9289fc604b7742b/element/f.93F4A61C81F21A46154A7CFE6A8617A2.d.4BC97333C7A58E35F6D195E3EAAA93D1.e.5736/click - {}
RESULT: {}
COMMAND: GET /session/6e77a8c699da6c53a9289fc604b7742b/screenshot - {}
RESULT: {}
COMMAND: POST /session/6e77a8c699da6c53a9289fc604b7742b/element - {"using":"xpath","value":"//button[contains(@data-kt ,\"refreshButton\")]"}
RESULT: {"using":"xpath","value":"//button[contains(@data-kt ,\"refreshButton\")]"}
COMMAND: POST /session/6e77a8c699da6c53a9289fc604b7742b/element/f.93F4A61C81F21A46154A7CFE6A8617A2.d.4BC97333C7A58E35F6D195E3EAAA93D1.e.5603/click - {}
RESULT: {}
COMMAND: GET /session/6e77a8c699da6c53a9289fc604b7742b/screenshot - {}
RESULT: {}
COMMAND: POST /session/6e77a8c699da6c53a9289fc604b7742b/element - {"using":"xpath","value":"//div[contains(@id ,\"headerBillingItemsTabFilter-text\")]"}
RESULT: {"using":"xpath","value":"//div[contains(@id ,\"headerBillingItemsTabFilter-text\")]"}
COMMAND: POST /session/6e77a8c699da6c53a9289fc604b7742b/element/f.93F4A61C81F21A46154A7CFE6A8617A2.d.4BC97333C7A58E35F6D195E3EAAA93D1.e.5736/click - {}
RESULT: {}
COMMAND: GET /session/6e77a8c699da6c53a9289fc604b7742b/screenshot - {}
RESULT: {}
COMMAND: POST /session/6e77a8c699da6c53a9289fc604b7742b/execute/async - {"script":"<script> [1562 bytes]","args":[{"selector":{"id":"contractDetailProvideButton","viewName":"etm.portal.ui.managecontracts.view.Detail","interaction":{"idSuffix":"BDI-content"}},"wdio_ui5_key":"contractDetailProvideButtonetmportal.ui.managecontracts.view.Detail"}]}
RESULT: {"script":"<script> [1562 bytes]","args":[{"selector":{"id":"contractDetailProvideButton","viewName":"etm.portal.ui.managecontracts.view.Detail","interaction":{"idSuffix":"BDI-content"}},"wdio_ui5_key":"contractDetailProvideButtonetmportal.ui.managecontracts.view.Detail"}]}
RESULT: undefined
COMMAND: POST /session/6e77a8c699da6c53a9289fc604b7742b/element - {"using":"xpath","value":"//*[@id=\"__xmlview4--contractDetailProvideButton\"]"}
RESULT: {"using":"xpath","value":"//*[@id=\"__xmlview4--contractDetailProvideButton\"]"}
COMMAND: POST /session/6e77a8c699da6c53a9289fc604b7742b/element/f.93F4A61C81F21A46154A7CFE6A8617A2.d.4BC97333C7A58E35F6D195E3EAAA93D1.e.5612/click - {}
RESULT: {}
COMMAND: GET /session/6e77a8c699da6c53a9289fc604b7742b/screenshot - {}
RESULT: {}
COMMAND: POST /session/6e77a8c699da6c53a9289fc604b7742b/execute/async - {"script":"<script> [1562 bytes]","args":[{"selector":{"id":"application-managehandovers-display-component---AddNewHO--pickUpCheckbox","interaction":{"idSuffix":"CbBg"}},"wdio_ui5_key":"applicationmanagehandovers-display-component---AddNewHO--pickUpCheckbox"}]}
RESULT: {"script":"<script> [1562 bytes]","args":[{"selector":{"id":"application-managehandovers-display-component---AddNewHO--pickUpCheckbox","interaction":{"idSuffix":"CbBg"}},"wdio_ui5_key":"applicationmanagehandovers-display-component---AddNewHO--pickUpCheckbox"}]}
RESULT: undefined
COMMAND: POST /session/6e77a8c699da6c53a9289fc604b7742b/element - {"using":"xpath","value":"//*[@id=\"application-managehandovers-display-component---AddNewHO--pickUpCheckbox\"]"}
RESULT: {"using":"xpath","value":"//*[@id=\"application-managehandovers-display-component---AddNewHO--pickUpCheckbox\"]"}
COMMAND: POST /session/6e77a8c699da6c53a9289fc604b7742b/element/f.93F4A61C81F21A46154A7CFE6A8617A2.d.4BC97333C7A58E35F6D195E3EAAA93D1.e.5969/click - {}
RESULT: {}
COMMAND: POST /session/6e77a8c699da6c53a9289fc604b7742b/execute/async - {"script":"<script> [1562 bytes]","args":[{"selector":{"id":"application-managehandovers-display-component---AddNewHO--ObjectPageLayout-anchBar-application-managehandovers-display-component---AddNewHO--section4-anchor","interaction":{"idSuffix":"content"}},"wdio_ui5_key":"applicationmanagehandovers-display-component---AddNewHO--ObjectPageLayout-anchBar-application-managehandovers-display-component---AddNewHO--section4-anchor"}]}
COMMAND: GET /session/6e77a8c699da6c53a9289fc604b7742b/screenshot - {}
RESULT: {"script":"<script> [1562 bytes]","args":[{"selector":{"id":"application-managehandovers-display-component---AddNewHO--ObjectPageLayout-anchBar-application-managehandovers-display-component---AddNewHO--section4-anchor","interaction":{"idSuffix":"content"}},"wdio_ui5_key":"applicationmanagehandovers-display-component---AddNewHO--ObjectPageLayout-anchBar-application-managehandovers-display-component---AddNewHO--section4-anchor"}]}
RESULT: undefined
COMMAND: POST /session/6e77a8c699da6c53a9289fc604b7742b/element - {"using":"xpath","value":"//*[@id=\"application-managehandovers-display-component---AddNewHO--ObjectPageLayout-anchBar-application-managehandovers-display-component---AddNewHO--section4-anchor\"]"}
RESULT: {}
RESULT: {"using":"xpath","value":"//*[@id=\"application-managehandovers-display-component---AddNewHO--ObjectPageLayout-anchBar-application-managehandovers-display-component---AddNewHO--section4-anchor\"]"}
COMMAND: POST /session/6e77a8c699da6c53a9289fc604b7742b/element/f.93F4A61C81F21A46154A7CFE6A8617A2.d.4BC97333C7A58E35F6D195E3EAAA93D1.e.5971/click - {}
RESULT: {}
COMMAND: POST /session/6e77a8c699da6c53a9289fc604b7742b/execute/async - {"script":"<script> [1562 bytes]","args":[{"selector":{"controlType":"sap.m.Button","viewName":"etm.portal.ui.managehandovers.view.AddNewHO","viewId":"application-managehandovers-display-component---AddNewHO","i18NText":{"propertyName":"tooltip","key":"addItems"},"interaction":{"idSuffix":"inner"}},"wdio_ui5_key":"etmportal.ui.managehandovers.view.AddNewHOsap.m.Button{\"propertyName\":\"tooltip\",\"key\":\"addItems\"}"}]}
COMMAND: GET /session/6e77a8c699da6c53a9289fc604b7742b/screenshot - {}
RESULT: {"script":"<script> [1562 bytes]","args":[{"selector":{"controlType":"sap.m.Button","viewName":"etm.portal.ui.managehandovers.view.AddNewHO","viewId":"application-managehandovers-display-component---AddNewHO","i18NText":{"propertyName":"tooltip","key":"addItems"},"interaction":{"idSuffix":"inner"}},"wdio_ui5_key":"etmportal.ui.managehandovers.view.AddNewHOsap.m.Button{\"propertyName\":\"tooltip\",\"key\":\"addItems\"}"}]}
RESULT: undefined
COMMAND: POST /session/6e77a8c699da6c53a9289fc604b7742b/element - {"using":"xpath","value":"//*[@id=\"__button81\"]"}
RESULT: {}
RESULT: {"using":"xpath","value":"//*[@id=\"__button81\"]"}
COMMAND: POST /session/6e77a8c699da6c53a9289fc604b7742b/element/f.93F4A61C81F21A46154A7CFE6A8617A2.d.4BC97333C7A58E35F6D195E3EAAA93D1.e.5975/click - {}
RESULT: {}
COMMAND: POST /session/6e77a8c699da6c53a9289fc604b7742b/execute/async - {"script":"<script> [1562 bytes]","args":[{"selector":{"id":"application-managehandovers-display-component---AddNewHO--smartTableHOPopup-header","searchOpenDialogs":true},"wdio_ui5_key":"applicationmanagehandovers-display-component---AddNewHO--smartTableHOPopup-header"}]}
COMMAND: GET /session/6e77a8c699da6c53a9289fc604b7742b/screenshot - {}
RESULT: {"script":"<script> [1562 bytes]","args":[{"selector":{"id":"application-managehandovers-display-component---AddNewHO--smartTableHOPopup-header","searchOpenDialogs":true},"wdio_ui5_key":"applicationmanagehandovers-display-component---AddNewHO--smartTableHOPopup-header"}]}
RESULT: undefined
COMMAND: POST /session/6e77a8c699da6c53a9289fc604b7742b/execute/async - {"script":"<script> [6424 bytes]","args":[{"element-6066-11e4-a52e-4f735466cecf":"f.93F4A61C81F21A46154A7CFE6A8617A2.d.4BC97333C7A58E35F6D195E3EAAA93D1.e.5987"},"getText",[]]}
RESULT: {}
RESULT: {"script":"<script> [6424 bytes]","args":[{"element-6066-11e4-a52e-4f735466cecf":"f.93F4A61C81F21A46154A7CFE6A8617A2.d.4BC97333C7A58E35F6D195E3EAAA93D1.e.5987"},"getText",[]]}
COMMAND: POST /session/6e77a8c699da6c53a9289fc604b7742b/actions - {"actions":[{"id":"action44","type":"key","parameters":{},"actions":[{"type":"keyDown","value":"î€Œ"},{"type":"pause","duration":10},{"type":"keyUp","value":"î€Œ"}]}]}
RESULT: {"actions":[{"id":"action44","type":"key","parameters":{},"actions":[{"type":"keyDown","value":"î€Œ"},{"type":"pause","duration":10},{"type":"keyUp","value":"î€Œ"}]}]}
COMMAND: GET /session/6e77a8c699da6c53a9289fc604b7742b/screenshot - {}
RESULT: {}
COMMAND: POST /session/6e77a8c699da6c53a9289fc604b7742b/execute/async - {"script":"<script> [1562 bytes]","args":[{"selector":{"id":"backBtn"},"wdio_ui5_key":"backBtn"}]}
RESULT: {"script":"<script> [1562 bytes]","args":[{"selector":{"id":"backBtn"},"wdio_ui5_key":"backBtn"}]}
RESULT: undefined
COMMAND: POST /session/6e77a8c699da6c53a9289fc604b7742b/element - {"using":"xpath","value":"//*[@id=\"backBtn\"]"}
RESULT: {"using":"xpath","value":"//*[@id=\"backBtn\"]"}
COMMAND: POST /session/6e77a8c699da6c53a9289fc604b7742b/element/f.93F4A61C81F21A46154A7CFE6A8617A2.d.4BC97333C7A58E35F6D195E3EAAA93D1.e.5988/click - {}
RESULT: {}
COMMAND: GET /session/6e77a8c699da6c53a9289fc604b7742b/screenshot - {}
COMMAND: POST /session/6e77a8c699da6c53a9289fc604b7742b/refresh - {}
RESULT: {}
RESULT: {}
COMMAND: GET /session/6e77a8c699da6c53a9289fc604b7742b/screenshot - {}
RESULT: {}
COMMAND: POST /session/6e77a8c699da6c53a9289fc604b7742b/execute/async - {"script":"<script> [189 bytes]","args":[]}
RESULT: {"script":"<script> [189 bytes]","args":[]}
COMMAND: POST /session/6e77a8c699da6c53a9289fc604b7742b/execute/async - {"script":"<script> [123 bytes]","args":[]}
RESULT: {"script":"<script> [123 bytes]","args":[]}
COMMAND: POST /session/6e77a8c699da6c53a9289fc604b7742b/timeouts - {"script":"<number>"}
RESULT: {"script":"<number>"}
COMMAND: GET /session/6e77a8c699da6c53a9289fc604b7742b/timeouts - {}
RESULT: {}
RESULT: undefined
COMMAND: POST /session/6e77a8c699da6c53a9289fc604b7742b/execute/async - {"script":"<script> [2676 bytes]","args":[]}
RESULT: {"script":"<script> [2676 bytes]","args":[]}
COMMAND: POST /session/6e77a8c699da6c53a9289fc604b7742b/execute/async - {"script":"<script> [2342 bytes]","args":[{"protocol":"http","hostname":"0.0.0.0","path":"/","capabilities":{"browserName":"chrome","goog:chromeOptions":{"binary":"C:\\Program Files\\Google\\Chrome\\Application\\chrome.exe","args":["--start-maximized"]}},"logLevel":"warn","connectionRetryTimeout":120000,"connectionRetryCount":3,"logLevels":{},"enableDirectConnect":true,"strictSSL":true,"_":"65 more keys: [\"cacheDir\",\"port\",\"requestedCapabilities\",\"automationProtocol\",\"baseUrl\",\"waitforInterval\",\"waitforTimeout\",\"onReload\",\"beforeCommand\",\"afterCommand\",\"rootDir\",\"specs\",\"suites\",\"exclude\",\"groupLogsByTestSpec\",\"excludeDriverLogs\",\"bail\",\"framework\",\"reporters\",\"services\",\"maxInstances\",\"maxInstancesPerCapability\",\"injectGlobals\",\"filesToWatch\",\"execArgv\",\"runnerEnv\",\"runner\",\"shard\",\"specFileRetries\",\"specFileRetriesDelay\",\"specFileRetriesDeferred\",\"reporterSyncInterval\",\"reporterSyncTimeout\",\"cucumberFeaturesWithLineNumbers\",\"autoCompileOpts\",\"mochaOpts\",\"jasmineOpts\",\"cucumberOpts\",\"onPrepare\",\"onWorkerStart\",\"onWorkerEnd\",\"before\",\"beforeSession\",\"beforeSuite\",\"beforeHook\",\"beforeTest\",\"afterTest\",\"afterHook\",\"afterSuite\",\"afterSession\",\"after\",\"onComplete\",\"beforeAssertion\",\"afterAssertion\",\"beforeFeature\",\"beforeScenario\",\"beforeStep\",\"afterStep\",\"afterScenario\",\"afterFeature\",\"_\",\"suite\",\"$0\",\"ignoredWorkerServices\",\"wdi5\"]"}]}
RESULT: {"script":"<script> [2342 bytes]","args":[{"protocol":"http","hostname":"0.0.0.0","path":"/","capabilities":{"browserName":"chrome","goog:chromeOptions":{"binary":"C:\\Program Files\\Google\\Chrome\\Application\\chrome.exe","args":["--start-maximized"]}},"logLevel":"warn","connectionRetryTimeout":120000,"connectionRetryCount":3,"logLevels":{},"enableDirectConnect":true,"strictSSL":true,"_":"65 more keys: [\"cacheDir\",\"port\",\"requestedCapabilities\",\"automationProtocol\",\"baseUrl\",\"waitforInterval\",\"waitforTimeout\",\"onReload\",\"beforeCommand\",\"afterCommand\",\"rootDir\",\"specs\",\"suites\",\"exclude\",\"groupLogsByTestSpec\",\"excludeDriverLogs\",\"bail\",\"framework\",\"reporters\",\"services\",\"maxInstances\",\"maxInstancesPerCapability\",\"injectGlobals\",\"filesToWatch\",\"execArgv\",\"runnerEnv\",\"runner\",\"shard\",\"specFileRetries\",\"specFileRetriesDelay\",\"specFileRetriesDeferred\",\"reporterSyncInterval\",\"reporterSyncTimeout\",\"cucumberFeaturesWithLineNumbers\",\"autoCompileOpts\",\"mochaOpts\",\"jasmineOpts\",\"cucumberOpts\",\"onPrepare\",\"onWorkerStart\",\"onWorkerEnd\",\"before\",\"beforeSession\",\"beforeSuite\",\"beforeHook\",\"beforeTest\",\"afterTest\",\"afterHook\",\"afterSuite\",\"afterSession\",\"after\",\"onComplete\",\"beforeAssertion\",\"afterAssertion\",\"beforeFeature\",\"beforeScenario\",\"beforeStep\",\"afterStep\",\"afterScenario\",\"afterFeature\",\"_\",\"suite\",\"$0\",\"ignoredWorkerServices\",\"wdi5\"]"}]}
COMMAND: POST /session/6e77a8c699da6c53a9289fc604b7742b/execute/async - {"script":"<script> [21126 bytes]","args":[35000]}
RESULT: {"script":"<script> [21126 bytes]","args":[35000]}
COMMAND: POST /session/6e77a8c699da6c53a9289fc604b7742b/element - {"using":"xpath","value":"//div[contains(@id ,\"headerBillingItemsTabFilter-text\")]"}
RESULT: {"using":"xpath","value":"//div[contains(@id ,\"headerBillingItemsTabFilter-text\")]"}
COMMAND: POST /session/6e77a8c699da6c53a9289fc604b7742b/element/f.93F4A61C81F21A46154A7CFE6A8617A2.d.2457F173EB18218E8E2478541D00DE93.e.6215/click - {}
RESULT: {}
COMMAND: GET /session/6e77a8c699da6c53a9289fc604b7742b/screenshot - {}
RESULT: {}
COMMAND: POST /session/6e77a8c699da6c53a9289fc604b7742b/execute/async - {"script":"<script> [1562 bytes]","args":[{"selector":{"id":"revertPlanningBtn","viewName":"etm.portal.ui.managecontracts.view.Detail","interaction":{"idSuffix":"BDI-content"}},"wdio_ui5_key":"revertPlanningBtnetmportal.ui.managecontracts.view.Detail"}]}
RESULT: {"script":"<script> [1562 bytes]","args":[{"selector":{"id":"revertPlanningBtn","viewName":"etm.portal.ui.managecontracts.view.Detail","interaction":{"idSuffix":"BDI-content"}},"wdio_ui5_key":"revertPlanningBtnetmportal.ui.managecontracts.view.Detail"}]}
RESULT: undefined
COMMAND: POST /session/6e77a8c699da6c53a9289fc604b7742b/element - {"using":"xpath","value":"//*[@id=\"__xmlview1--revertPlanningBtn\"]"}
RESULT: {"using":"xpath","value":"//*[@id=\"__xmlview1--revertPlanningBtn\"]"}
COMMAND: POST /session/6e77a8c699da6c53a9289fc604b7742b/element/f.93F4A61C81F21A46154A7CFE6A8617A2.d.2457F173EB18218E8E2478541D00DE93.e.6117/click - {}
RESULT: {}
COMMAND: GET /session/6e77a8c699da6c53a9289fc604b7742b/screenshot - {}
RESULT: {}
COMMAND: POST /session/6e77a8c699da6c53a9289fc604b7742b/actions - {"actions":[{"id":"action45","type":"key","parameters":{},"actions":[{"type":"keyDown","value":"î€‡"},{"type":"pause","duration":10},{"type":"keyUp","value":"î€‡"}]}]}
RESULT: {"actions":[{"id":"action45","type":"key","parameters":{},"actions":[{"type":"keyDown","value":"î€‡"},{"type":"pause","duration":10},{"type":"keyUp","value":"î€‡"}]}]}
COMMAND: GET /session/6e77a8c699da6c53a9289fc604b7742b/screenshot - {}
RESULT: {}
COMMAND: POST /session/6e77a8c699da6c53a9289fc604b7742b/element - {"using":"xpath","value":"//div[contains(@id ,\"ProductsTable-sa-CbBg\")]"}
RESULT: {"using":"xpath","value":"//div[contains(@id ,\"ProductsTable-sa-CbBg\")]"}
COMMAND: POST /session/6e77a8c699da6c53a9289fc604b7742b/element/f.93F4A61C81F21A46154A7CFE6A8617A2.d.2457F173EB18218E8E2478541D00DE93.e.6265/click - {}
RESULT: {}
COMMAND: GET /session/6e77a8c699da6c53a9289fc604b7742b/screenshot - {}
RESULT: {}
COMMAND: POST /session/6e77a8c699da6c53a9289fc604b7742b/execute/async - {"script":"<script> [1562 bytes]","args":[{"selector":{"id":"executeRevertPlanningBtn","viewName":"etm.portal.ui.managecontracts.view.Detail","interaction":{"idSuffix":"BDI-content"}},"wdio_ui5_key":"executeRevertPlanningBtnetmportal.ui.managecontracts.view.Detail"}]}
RESULT: {"script":"<script> [1562 bytes]","args":[{"selector":{"id":"executeRevertPlanningBtn","viewName":"etm.portal.ui.managecontracts.view.Detail","interaction":{"idSuffix":"BDI-content"}},"wdio_ui5_key":"executeRevertPlanningBtnetmportal.ui.managecontracts.view.Detail"}]}
RESULT: undefined
COMMAND: POST /session/6e77a8c699da6c53a9289fc604b7742b/element - {"using":"xpath","value":"//*[@id=\"__xmlview1--executeRevertPlanningBtn\"]"}
RESULT: {"using":"xpath","value":"//*[@id=\"__xmlview1--executeRevertPlanningBtn\"]"}
COMMAND: POST /session/6e77a8c699da6c53a9289fc604b7742b/element/f.93F4A61C81F21A46154A7CFE6A8617A2.d.2457F173EB18218E8E2478541D00DE93.e.6264/click - {}
RESULT: {}
COMMAND: GET /session/6e77a8c699da6c53a9289fc604b7742b/screenshot - {}
RESULT: {}
COMMAND: POST /session/6e77a8c699da6c53a9289fc604b7742b/actions - {"actions":[{"id":"action46","type":"key","parameters":{},"actions":[{"type":"keyDown","value":"î€‡"},{"type":"pause","duration":10},{"type":"keyUp","value":"î€‡"}]}]}
RESULT: {"actions":[{"id":"action46","type":"key","parameters":{},"actions":[{"type":"keyDown","value":"î€‡"},{"type":"pause","duration":10},{"type":"keyUp","value":"î€‡"}]}]}
COMMAND: POST /session/6e77a8c699da6c53a9289fc604b7742b/execute/async - {"script":"<script> [1562 bytes]","args":[{"selector":{"id":"backBtn"},"wdio_ui5_key":"backBtn"}]}
COMMAND: GET /session/6e77a8c699da6c53a9289fc604b7742b/screenshot - {}
RESULT: {"script":"<script> [1562 bytes]","args":[{"selector":{"id":"backBtn"},"wdio_ui5_key":"backBtn"}]}
RESULT: undefined
COMMAND: POST /session/6e77a8c699da6c53a9289fc604b7742b/element - {"using":"xpath","value":"//*[@id=\"backBtn\"]"}
RESULT: {}
RESULT: {"using":"xpath","value":"//*[@id=\"backBtn\"]"}
COMMAND: POST /session/6e77a8c699da6c53a9289fc604b7742b/element/f.93F4A61C81F21A46154A7CFE6A8617A2.d.2457F173EB18218E8E2478541D00DE93.e.6275/click - {}
RESULT: {}
COMMAND: GET /session/6e77a8c699da6c53a9289fc604b7742b/screenshot - {}
COMMAND: POST /session/6e77a8c699da6c53a9289fc604b7742b/refresh - {}
RESULT: {}
RESULT: {}
COMMAND: GET /session/6e77a8c699da6c53a9289fc604b7742b/screenshot - {}
RESULT: {}
COMMAND: POST /session/6e77a8c699da6c53a9289fc604b7742b/execute/async - {"script":"<script> [189 bytes]","args":[]}
RESULT: {"script":"<script> [189 bytes]","args":[]}
COMMAND: POST /session/6e77a8c699da6c53a9289fc604b7742b/execute/async - {"script":"<script> [123 bytes]","args":[]}
RESULT: {"script":"<script> [123 bytes]","args":[]}
COMMAND: POST /session/6e77a8c699da6c53a9289fc604b7742b/timeouts - {"script":"<number>"}
RESULT: {"script":"<number>"}
COMMAND: GET /session/6e77a8c699da6c53a9289fc604b7742b/timeouts - {}
RESULT: {}
RESULT: undefined
COMMAND: POST /session/6e77a8c699da6c53a9289fc604b7742b/execute/async - {"script":"<script> [2676 bytes]","args":[]}
RESULT: {"script":"<script> [2676 bytes]","args":[]}
COMMAND: POST /session/6e77a8c699da6c53a9289fc604b7742b/execute/async - {"script":"<script> [2342 bytes]","args":[{"protocol":"http","hostname":"0.0.0.0","path":"/","capabilities":{"browserName":"chrome","goog:chromeOptions":{"binary":"C:\\Program Files\\Google\\Chrome\\Application\\chrome.exe","args":["--start-maximized"]}},"logLevel":"warn","connectionRetryTimeout":120000,"connectionRetryCount":3,"logLevels":{},"enableDirectConnect":true,"strictSSL":true,"_":"65 more keys: [\"cacheDir\",\"port\",\"requestedCapabilities\",\"automationProtocol\",\"baseUrl\",\"waitforInterval\",\"waitforTimeout\",\"onReload\",\"beforeCommand\",\"afterCommand\",\"rootDir\",\"specs\",\"suites\",\"exclude\",\"groupLogsByTestSpec\",\"excludeDriverLogs\",\"bail\",\"framework\",\"reporters\",\"services\",\"maxInstances\",\"maxInstancesPerCapability\",\"injectGlobals\",\"filesToWatch\",\"execArgv\",\"runnerEnv\",\"runner\",\"shard\",\"specFileRetries\",\"specFileRetriesDelay\",\"specFileRetriesDeferred\",\"reporterSyncInterval\",\"reporterSyncTimeout\",\"cucumberFeaturesWithLineNumbers\",\"autoCompileOpts\",\"mochaOpts\",\"jasmineOpts\",\"cucumberOpts\",\"onPrepare\",\"onWorkerStart\",\"onWorkerEnd\",\"before\",\"beforeSession\",\"beforeSuite\",\"beforeHook\",\"beforeTest\",\"afterTest\",\"afterHook\",\"afterSuite\",\"afterSession\",\"after\",\"onComplete\",\"beforeAssertion\",\"afterAssertion\",\"beforeFeature\",\"beforeScenario\",\"beforeStep\",\"afterStep\",\"afterScenario\",\"afterFeature\",\"_\",\"suite\",\"$0\",\"ignoredWorkerServices\",\"wdi5\"]"}]}
RESULT: {"script":"<script> [2342 bytes]","args":[{"protocol":"http","hostname":"0.0.0.0","path":"/","capabilities":{"browserName":"chrome","goog:chromeOptions":{"binary":"C:\\Program Files\\Google\\Chrome\\Application\\chrome.exe","args":["--start-maximized"]}},"logLevel":"warn","connectionRetryTimeout":120000,"connectionRetryCount":3,"logLevels":{},"enableDirectConnect":true,"strictSSL":true,"_":"65 more keys: [\"cacheDir\",\"port\",\"requestedCapabilities\",\"automationProtocol\",\"baseUrl\",\"waitforInterval\",\"waitforTimeout\",\"onReload\",\"beforeCommand\",\"afterCommand\",\"rootDir\",\"specs\",\"suites\",\"exclude\",\"groupLogsByTestSpec\",\"excludeDriverLogs\",\"bail\",\"framework\",\"reporters\",\"services\",\"maxInstances\",\"maxInstancesPerCapability\",\"injectGlobals\",\"filesToWatch\",\"execArgv\",\"runnerEnv\",\"runner\",\"shard\",\"specFileRetries\",\"specFileRetriesDelay\",\"specFileRetriesDeferred\",\"reporterSyncInterval\",\"reporterSyncTimeout\",\"cucumberFeaturesWithLineNumbers\",\"autoCompileOpts\",\"mochaOpts\",\"jasmineOpts\",\"cucumberOpts\",\"onPrepare\",\"onWorkerStart\",\"onWorkerEnd\",\"before\",\"beforeSession\",\"beforeSuite\",\"beforeHook\",\"beforeTest\",\"afterTest\",\"afterHook\",\"afterSuite\",\"afterSession\",\"after\",\"onComplete\",\"beforeAssertion\",\"afterAssertion\",\"beforeFeature\",\"beforeScenario\",\"beforeStep\",\"afterStep\",\"afterScenario\",\"afterFeature\",\"_\",\"suite\",\"$0\",\"ignoredWorkerServices\",\"wdi5\"]"}]}
COMMAND: POST /session/6e77a8c699da6c53a9289fc604b7742b/execute/async - {"script":"<script> [21126 bytes]","args":[35000]}
RESULT: {"script":"<script> [21126 bytes]","args":[35000]}
COMMAND: POST /session/6e77a8c699da6c53a9289fc604b7742b/execute/async - {"script":"<script> [1562 bytes]","args":[{"selector":{"controlType":"sap.m.ObjectStatus","viewName":"etm.portal.ui.managerequests.view.Detail","bindingPath":{"path":"/RequestHeaders('20218')","propertyPath":"LINK_TO_STATUS/DESCRIPTION","modelName":"catalogModel"}},"wdio_ui5_key":"etmportal.ui.managerequests.view.Detailsap.m.ObjectStatus{\"path\":\"/RequestHeaders('20218')\",\"propertyPath\":\"LINK_TO_STATUS/DESCRIPTION\",\"modelName\":\"catalogModel\"}"}]}
RESULT: {"script":"<script> [1562 bytes]","args":[{"selector":{"controlType":"sap.m.ObjectStatus","viewName":"etm.portal.ui.managerequests.view.Detail","bindingPath":{"path":"/RequestHeaders('20218')","propertyPath":"LINK_TO_STATUS/DESCRIPTION","modelName":"catalogModel"}},"wdio_ui5_key":"etmportal.ui.managerequests.view.Detailsap.m.ObjectStatus{\"path\":\"/RequestHeaders('20218')\",\"propertyPath\":\"LINK_TO_STATUS/DESCRIPTION\",\"modelName\":\"catalogModel\"}"}]}
RESULT: undefined
COMMAND: POST /session/6e77a8c699da6c53a9289fc604b7742b/execute/async - {"script":"<script> [6424 bytes]","args":[{"element-6066-11e4-a52e-4f735466cecf":"f.93F4A61C81F21A46154A7CFE6A8617A2.d.2D1D27966A103F6E78C8FA8059607DEE.e.6559"},"getText",[]]}
RESULT: {"script":"<script> [6424 bytes]","args":[{"element-6066-11e4-a52e-4f735466cecf":"f.93F4A61C81F21A46154A7CFE6A8617A2.d.2D1D27966A103F6E78C8FA8059607DEE.e.6559"},"getText",[]]}
COMMAND: POST /session/6e77a8c699da6c53a9289fc604b7742b/execute/async - {"script":"<script> [1562 bytes]","args":[{"selector":{"controlType":"sap.m.Button","viewName":"etm.portal.ui.managerequests.view.Detail","bindingPath":{"path":"/SmartRequestItemsPlanningBoard(ITEM=10m,REQUEST='20218')","propertyPath":"PICK_UP"}},"wdio_ui5_key":"etmportal.ui.managerequests.view.Detailsap.m.Button{\"path\":\"/SmartRequestItemsPlanningBoard(ITEM=10m,REQUEST='20218')\",\"propertyPath\":\"PICK_UP\"}"}]}
RESULT: {"script":"<script> [1562 bytes]","args":[{"selector":{"controlType":"sap.m.Button","viewName":"etm.portal.ui.managerequests.view.Detail","bindingPath":{"path":"/SmartRequestItemsPlanningBoard(ITEM=10m,REQUEST='20218')","propertyPath":"PICK_UP"}},"wdio_ui5_key":"etmportal.ui.managerequests.view.Detailsap.m.Button{\"path\":\"/SmartRequestItemsPlanningBoard(ITEM=10m,REQUEST='20218')\",\"propertyPath\":\"PICK_UP\"}"}]}
RESULT: undefined
COMMAND: POST /session/6e77a8c699da6c53a9289fc604b7742b/execute/async - {"script":"<script> [6424 bytes]","args":[{"element-6066-11e4-a52e-4f735466cecf":"f.93F4A61C81F21A46154A7CFE6A8617A2.d.2D1D27966A103F6E78C8FA8059607DEE.e.6543"},"getType",[]]}
RESULT: {"script":"<script> [6424 bytes]","args":[{"element-6066-11e4-a52e-4f735466cecf":"f.93F4A61C81F21A46154A7CFE6A8617A2.d.2D1D27966A103F6E78C8FA8059607DEE.e.6543"},"getType",[]]}
COMMAND: POST /session/6e77a8c699da6c53a9289fc604b7742b/execute/async - {"script":"<script> [1562 bytes]","args":[{"selector":{"controlType":"sap.m.Button","viewName":"etm.portal.ui.managerequests.view.Detail","bindingPath":{"path":"/SmartRequestItemsPlanningBoard(ITEM=20m,REQUEST='20218')","propertyPath":"PICK_UP"}},"wdio_ui5_key":"etmportal.ui.managerequests.view.Detailsap.m.Button{\"path\":\"/SmartRequestItemsPlanningBoard(ITEM=20m,REQUEST='20218')\",\"propertyPath\":\"PICK_UP\"}"}]}
RESULT: {"script":"<script> [1562 bytes]","args":[{"selector":{"controlType":"sap.m.Button","viewName":"etm.portal.ui.managerequests.view.Detail","bindingPath":{"path":"/SmartRequestItemsPlanningBoard(ITEM=20m,REQUEST='20218')","propertyPath":"PICK_UP"}},"wdio_ui5_key":"etmportal.ui.managerequests.view.Detailsap.m.Button{\"path\":\"/SmartRequestItemsPlanningBoard(ITEM=20m,REQUEST='20218')\",\"propertyPath\":\"PICK_UP\"}"}]}
RESULT: undefined
COMMAND: POST /session/6e77a8c699da6c53a9289fc604b7742b/execute/async - {"script":"<script> [6424 bytes]","args":[{"element-6066-11e4-a52e-4f735466cecf":"f.93F4A61C81F21A46154A7CFE6A8617A2.d.2D1D27966A103F6E78C8FA8059607DEE.e.6560"},"getType",[]]}
RESULT: {"script":"<script> [6424 bytes]","args":[{"element-6066-11e4-a52e-4f735466cecf":"f.93F4A61C81F21A46154A7CFE6A8617A2.d.2D1D27966A103F6E78C8FA8059607DEE.e.6560"},"getType",[]]}
COMMAND: POST /session/6e77a8c699da6c53a9289fc604b7742b/element - {"using":"css selector","value":"#shell-header-logo"}
RESULT: {"using":"css selector","value":"#shell-header-logo"}
COMMAND: POST /session/6e77a8c699da6c53a9289fc604b7742b/element/f.93F4A61C81F21A46154A7CFE6A8617A2.d.2D1D27966A103F6E78C8FA8059607DEE.e.6360/click - {}
RESULT: {}
COMMAND: GET /session/6e77a8c699da6c53a9289fc604b7742b/screenshot - {}
RESULT: {}
COMMAND: POST /session/6e77a8c699da6c53a9289fc604b7742b/execute/async - {"script":"<script> [1562 bytes]","args":[{"selector":{"controlType":"sap.m.GenericTile","properties":{"header":"Manage Classifications"}},"wdio_ui5_key":"sapm.GenericTile{\"header\":\"Manage Classifications\"}"}]}
RESULT: {"script":"<script> [1562 bytes]","args":[{"selector":{"controlType":"sap.m.GenericTile","properties":{"header":"Manage Classifications"}},"wdio_ui5_key":"sapm.GenericTile{\"header\":\"Manage Classifications\"}"}]}
RESULT: undefined
COMMAND: POST /session/6e77a8c699da6c53a9289fc604b7742b/element - {"using":"xpath","value":"//*[@id=\"__tile115\"]"}
RESULT: {"using":"xpath","value":"//*[@id=\"__tile115\"]"}
COMMAND: POST /session/6e77a8c699da6c53a9289fc604b7742b/element/f.93F4A61C81F21A46154A7CFE6A8617A2.d.2D1D27966A103F6E78C8FA8059607DEE.e.6575/click - {}
RESULT: {}
COMMAND: GET /session/6e77a8c699da6c53a9289fc604b7742b/screenshot - {}
RESULT: {}
COMMAND: POST /session/6e77a8c699da6c53a9289fc604b7742b/elements - {"using":"xpath","value":"//span[text()='Error']"}
RESULT: {"using":"xpath","value":"//span[text()='Error']"}
]]></system-out>
    </testcase>
  </testsuite>
  <testsuite timestamp="2025-06-02T16:01:56" time="434.006" tests="4" failures="0" errors="0" skipped="0">
    <properties>
      <property name="specId" value="0" />
      <property name="suiteName" value="Manage requests - requests specifications US141095" />
      <property name="capabilities" value="chrome.136_0_7103_93.windows" />
      <property name="file" value="file:///D:/a/1/s/test/specs/R2C/manage-requests-request-specifications.spec.js" />
    </properties>
    <testcase classname="chrome.136_0_7103_93.windows.Manage_requests_-_requests_specifications_US141095" name="Should create a new classification of type request item" time="42.001">
      <system-out><![CDATA[
COMMAND: POST /session/6e77a8c699da6c53a9289fc604b7742b/execute/async - {"script":"<script> [1562 bytes]","args":[{"selector":{"controlType":"sap.ui.core.Icon","viewName":"etm.portal.ui.manageclassifications.view.Master","viewId":"application-manageclassifications-display-component---classificationMaster","properties":{"src":{"regex":{"source":"add"}}}},"wdio_ui5_key":"etmportal.ui.manageclassifications.view.Mastersap.ui.core.Icon{\"src\":{\"regex\":{\"source\":\"add\"}}}"}]}
RESULT: {"script":"<script> [1562 bytes]","args":[{"selector":{"controlType":"sap.ui.core.Icon","viewName":"etm.portal.ui.manageclassifications.view.Master","viewId":"application-manageclassifications-display-component---classificationMaster","properties":{"src":{"regex":{"source":"add"}}}},"wdio_ui5_key":"etmportal.ui.manageclassifications.view.Mastersap.ui.core.Icon{\"src\":{\"regex\":{\"source\":\"add\"}}}"}]}
RESULT: undefined
COMMAND: POST /session/6e77a8c699da6c53a9289fc604b7742b/element - {"using":"xpath","value":"//*[@id=\"__button27-img\"]"}
RESULT: {"using":"xpath","value":"//*[@id=\"__button27-img\"]"}
COMMAND: POST /session/6e77a8c699da6c53a9289fc604b7742b/element/f.93F4A61C81F21A46154A7CFE6A8617A2.d.2D1D27966A103F6E78C8FA8059607DEE.e.6612/click - {}
RESULT: {}
COMMAND: POST /session/6e77a8c699da6c53a9289fc604b7742b/execute/async - {"script":"<script> [1562 bytes]","args":[{"selector":{"id":"application-manageclassifications-display-component---classificationCreate--classHeaderName","interaction":{"idSuffix":"inner"}},"wdio_ui5_key":"applicationmanageclassifications-display-component---classificationCreate--classHeaderName"}]}
COMMAND: GET /session/6e77a8c699da6c53a9289fc604b7742b/screenshot - {}
RESULT: {"script":"<script> [1562 bytes]","args":[{"selector":{"id":"application-manageclassifications-display-component---classificationCreate--classHeaderName","interaction":{"idSuffix":"inner"}},"wdio_ui5_key":"applicationmanageclassifications-display-component---classificationCreate--classHeaderName"}]}
RESULT: undefined
COMMAND: POST /session/6e77a8c699da6c53a9289fc604b7742b/execute/async - {"script":"<script> [776 bytes]","args":[{"enterText":"WebdriverItemClass34rcui","selector":{"id":"application-manageclassifications-display-component---classificationCreate--classHeaderName","interaction":{"idSuffix":"inner"}},"clearTextFirst":true,"interactionType":"ENTER_TEXT"}]}
RESULT: {}
RESULT: {"script":"<script> [776 bytes]","args":[{"enterText":"WebdriverItemClass34rcui","selector":{"id":"application-manageclassifications-display-component---classificationCreate--classHeaderName","interaction":{"idSuffix":"inner"}},"clearTextFirst":true,"interactionType":"ENTER_TEXT"}]}
COMMAND: POST /session/6e77a8c699da6c53a9289fc604b7742b/execute/async - {"script":"<script> [1562 bytes]","args":[{"selector":{"controlType":"sap.ui.core.Icon","viewName":"etm.portal.ui.manageclassifications.view.Create","viewId":"application-manageclassifications-display-component---classificationCreate","properties":{"src":{"regex":{"source":"slim\\-arrow\\-down"}}}},"wdio_ui5_key":"etmportal.ui.manageclassifications.view.Createsap.ui.core.Icon{\"src\":{\"regex\":{\"source\":\"slim\\\\-arrow\\\\-down\"}}}"}]}
RESULT: {"script":"<script> [1562 bytes]","args":[{"selector":{"controlType":"sap.ui.core.Icon","viewName":"etm.portal.ui.manageclassifications.view.Create","viewId":"application-manageclassifications-display-component---classificationCreate","properties":{"src":{"regex":{"source":"slim\\-arrow\\-down"}}}},"wdio_ui5_key":"etmportal.ui.manageclassifications.view.Createsap.ui.core.Icon{\"src\":{\"regex\":{\"source\":\"slim\\\\-arrow\\\\-down\"}}}"}]}
RESULT: undefined
COMMAND: POST /session/6e77a8c699da6c53a9289fc604b7742b/element - {"using":"xpath","value":"//*[@id=\"__box12-arrow\"]"}
RESULT: {"using":"xpath","value":"//*[@id=\"__box12-arrow\"]"}
COMMAND: POST /session/6e77a8c699da6c53a9289fc604b7742b/element/f.93F4A61C81F21A46154A7CFE6A8617A2.d.2D1D27966A103F6E78C8FA8059607DEE.e.6932/click - {}
RESULT: {}
COMMAND: POST /session/6e77a8c699da6c53a9289fc604b7742b/execute/async - {"script":"<script> [1562 bytes]","args":[{"selector":{"controlType":"sap.m.StandardListItem","viewName":"etm.portal.ui.manageclassifications.view.Create","viewId":"application-manageclassifications-display-component---classificationCreate","properties":{"title":"Request Item Specifications"},"searchOpenDialogs":true,"interaction":{"idSuffix":"titleText"}},"wdio_ui5_key":"etmportal.ui.manageclassifications.view.Createsap.m.StandardListItem{\"title\":\"Request Item Specifications\"}"}]}
COMMAND: GET /session/6e77a8c699da6c53a9289fc604b7742b/screenshot - {}
RESULT: {"script":"<script> [1562 bytes]","args":[{"selector":{"controlType":"sap.m.StandardListItem","viewName":"etm.portal.ui.manageclassifications.view.Create","viewId":"application-manageclassifications-display-component---classificationCreate","properties":{"title":"Request Item Specifications"},"searchOpenDialogs":true,"interaction":{"idSuffix":"titleText"}},"wdio_ui5_key":"etmportal.ui.manageclassifications.view.Createsap.m.StandardListItem{\"title\":\"Request Item Specifications\"}"}]}
RESULT: undefined
COMMAND: POST /session/6e77a8c699da6c53a9289fc604b7742b/element - {"using":"xpath","value":"//*[@id=\"__item88\"]"}
RESULT: {}
RESULT: {"using":"xpath","value":"//*[@id=\"__item88\"]"}
COMMAND: POST /session/6e77a8c699da6c53a9289fc604b7742b/element/f.93F4A61C81F21A46154A7CFE6A8617A2.d.2D1D27966A103F6E78C8FA8059607DEE.e.6974/click - {}
RESULT: {}
COMMAND: POST /session/6e77a8c699da6c53a9289fc604b7742b/execute/async - {"script":"<script> [1562 bytes]","args":[{"selector":{"controlType":"sap.ui.core.Icon","viewName":"etm.portal.ui.manageclassifications.view.Create","viewId":"application-manageclassifications-display-component---classificationCreate","properties":{"src":{"regex":{"source":"add"}}}},"wdio_ui5_key":"etmportal.ui.manageclassifications.view.Createsap.ui.core.Icon{\"src\":{\"regex\":{\"source\":\"add\"}}}"}]}
COMMAND: GET /session/6e77a8c699da6c53a9289fc604b7742b/screenshot - {}
RESULT: {"script":"<script> [1562 bytes]","args":[{"selector":{"controlType":"sap.ui.core.Icon","viewName":"etm.portal.ui.manageclassifications.view.Create","viewId":"application-manageclassifications-display-component---classificationCreate","properties":{"src":{"regex":{"source":"add"}}}},"wdio_ui5_key":"etmportal.ui.manageclassifications.view.Createsap.ui.core.Icon{\"src\":{\"regex\":{\"source\":\"add\"}}}"}]}
RESULT: undefined
COMMAND: POST /session/6e77a8c699da6c53a9289fc604b7742b/element - {"using":"xpath","value":"//*[@id=\"__button32-img\"]"}
RESULT: {}
RESULT: {"using":"xpath","value":"//*[@id=\"__button32-img\"]"}
COMMAND: POST /session/6e77a8c699da6c53a9289fc604b7742b/element/f.93F4A61C81F21A46154A7CFE6A8617A2.d.2D1D27966A103F6E78C8FA8059607DEE.e.6935/click - {}
RESULT: {}
COMMAND: POST /session/6e77a8c699da6c53a9289fc604b7742b/execute/async - {"script":"<script> [1562 bytes]","args":[{"selector":{"controlType":"sap.m.Input","viewName":"etm.portal.ui.manageclassifications.view.Create","viewId":"application-manageclassifications-display-component---classificationCreate","bindingPath":{"path":"/0","propertyPath":"PROPERTY","modelName":"newConfigModel"},"interaction":{"idSuffix":"inner"}},"wdio_ui5_key":"etmportal.ui.manageclassifications.view.Createsap.m.Input{\"path\":\"/0\",\"propertyPath\":\"PROPERTY\",\"modelName\":\"newConfigModel\"}"}]}
COMMAND: GET /session/6e77a8c699da6c53a9289fc604b7742b/screenshot - {}
RESULT: {"script":"<script> [1562 bytes]","args":[{"selector":{"controlType":"sap.m.Input","viewName":"etm.portal.ui.manageclassifications.view.Create","viewId":"application-manageclassifications-display-component---classificationCreate","bindingPath":{"path":"/0","propertyPath":"PROPERTY","modelName":"newConfigModel"},"interaction":{"idSuffix":"inner"}},"wdio_ui5_key":"etmportal.ui.manageclassifications.view.Createsap.m.Input{\"path\":\"/0\",\"propertyPath\":\"PROPERTY\",\"modelName\":\"newConfigModel\"}"}]}
RESULT: undefined
COMMAND: POST /session/6e77a8c699da6c53a9289fc604b7742b/execute/async - {"script":"<script> [776 bytes]","args":[{"enterText":"Color","selector":{"controlType":"sap.m.Input","viewName":"etm.portal.ui.manageclassifications.view.Create","viewId":"application-manageclassifications-display-component---classificationCreate","bindingPath":{"path":"/0","propertyPath":"PROPERTY","modelName":"newConfigModel"},"interaction":{"idSuffix":"inner"}},"clearTextFirst":true,"interactionType":"ENTER_TEXT"}]}
RESULT: {}
RESULT: {"script":"<script> [776 bytes]","args":[{"enterText":"Color","selector":{"controlType":"sap.m.Input","viewName":"etm.portal.ui.manageclassifications.view.Create","viewId":"application-manageclassifications-display-component---classificationCreate","bindingPath":{"path":"/0","propertyPath":"PROPERTY","modelName":"newConfigModel"},"interaction":{"idSuffix":"inner"}},"clearTextFirst":true,"interactionType":"ENTER_TEXT"}]}
COMMAND: POST /session/6e77a8c699da6c53a9289fc604b7742b/execute/async - {"script":"<script> [1562 bytes]","args":[{"selector":{"controlType":"sap.m.Input","viewName":"etm.portal.ui.manageclassifications.view.Create","viewId":"application-manageclassifications-display-component---classificationCreate","bindingPath":{"path":"/0","propertyPath":"DESCRIPTION","modelName":"newConfigModel"},"interaction":{"idSuffix":"inner"}},"wdio_ui5_key":"etmportal.ui.manageclassifications.view.Createsap.m.Input{\"path\":\"/0\",\"propertyPath\":\"DESCRIPTION\",\"modelName\":\"newConfigModel\"}"}]}
RESULT: {"script":"<script> [1562 bytes]","args":[{"selector":{"controlType":"sap.m.Input","viewName":"etm.portal.ui.manageclassifications.view.Create","viewId":"application-manageclassifications-display-component---classificationCreate","bindingPath":{"path":"/0","propertyPath":"DESCRIPTION","modelName":"newConfigModel"},"interaction":{"idSuffix":"inner"}},"wdio_ui5_key":"etmportal.ui.manageclassifications.view.Createsap.m.Input{\"path\":\"/0\",\"propertyPath\":\"DESCRIPTION\",\"modelName\":\"newConfigModel\"}"}]}
RESULT: undefined
COMMAND: POST /session/6e77a8c699da6c53a9289fc604b7742b/execute/async - {"script":"<script> [776 bytes]","args":[{"enterText":"Color","selector":{"controlType":"sap.m.Input","viewName":"etm.portal.ui.manageclassifications.view.Create","viewId":"application-manageclassifications-display-component---classificationCreate","bindingPath":{"path":"/0","propertyPath":"DESCRIPTION","modelName":"newConfigModel"},"interaction":{"idSuffix":"inner"}},"clearTextFirst":true,"interactionType":"ENTER_TEXT"}]}
RESULT: {"script":"<script> [776 bytes]","args":[{"enterText":"Color","selector":{"controlType":"sap.m.Input","viewName":"etm.portal.ui.manageclassifications.view.Create","viewId":"application-manageclassifications-display-component---classificationCreate","bindingPath":{"path":"/0","propertyPath":"DESCRIPTION","modelName":"newConfigModel"},"interaction":{"idSuffix":"inner"}},"clearTextFirst":true,"interactionType":"ENTER_TEXT"}]}
COMMAND: POST /session/6e77a8c699da6c53a9289fc604b7742b/execute/async - {"script":"<script> [1562 bytes]","args":[{"selector":{"controlType":"sap.ui.core.Icon","viewName":"etm.portal.ui.manageclassifications.view.Create","viewId":"application-manageclassifications-display-component---classificationCreate","properties":{"src":{"regex":{"source":"slim\\-arrow\\-down"}}},"ancestor":{"controlType":"sap.m.ComboBox","viewName":"etm.portal.ui.manageclassifications.view.Create","viewId":"application-manageclassifications-display-component---classificationCreate","bindingPath":{"path":"/0","propertyPath":"VALUE_TYPE","modelName":"newConfigModel"}}},"wdio_ui5_key":"etmportal.ui.manageclassifications.view.Createsap.ui.core.Icon{\"src\":{\"regex\":{\"source\":\"slim\\\\-arrow\\\\-down\"}}}{\"controlType\":\"sap.m.ComboBox\",\"viewName\":\"etm.portal.ui.manageclassifications.view.Create\",\"viewId\":\"application-manageclassifications-display-component---classificationCreate\",\"bindingPath\":{\"path\":\"/0\",\"propertyPath\":\"VALUE_TYPE\",\"modelName\":\"newConfigModel\"}}"}]}
RESULT: {"script":"<script> [1562 bytes]","args":[{"selector":{"controlType":"sap.ui.core.Icon","viewName":"etm.portal.ui.manageclassifications.view.Create","viewId":"application-manageclassifications-display-component---classificationCreate","properties":{"src":{"regex":{"source":"slim\\-arrow\\-down"}}},"ancestor":{"controlType":"sap.m.ComboBox","viewName":"etm.portal.ui.manageclassifications.view.Create","viewId":"application-manageclassifications-display-component---classificationCreate","bindingPath":{"path":"/0","propertyPath":"VALUE_TYPE","modelName":"newConfigModel"}}},"wdio_ui5_key":"etmportal.ui.manageclassifications.view.Createsap.ui.core.Icon{\"src\":{\"regex\":{\"source\":\"slim\\\\-arrow\\\\-down\"}}}{\"controlType\":\"sap.m.ComboBox\",\"viewName\":\"etm.portal.ui.manageclassifications.view.Create\",\"viewId\":\"application-manageclassifications-display-component---classificationCreate\",\"bindingPath\":{\"path\":\"/0\",\"propertyPath\":\"VALUE_TYPE\",\"modelName\":\"newConfigModel\"}}"}]}
RESULT: undefined
COMMAND: POST /session/6e77a8c699da6c53a9289fc604b7742b/element - {"using":"xpath","value":"//*[@id=\"__box13-application-manageclassifications-display-component---classificationCreate--configurationList-0-arrow\"]"}
RESULT: {"using":"xpath","value":"//*[@id=\"__box13-application-manageclassifications-display-component---classificationCreate--configurationList-0-arrow\"]"}
COMMAND: POST /session/6e77a8c699da6c53a9289fc604b7742b/element/f.93F4A61C81F21A46154A7CFE6A8617A2.d.2D1D27966A103F6E78C8FA8059607DEE.e.6983/click - {}
RESULT: {}
COMMAND: POST /session/6e77a8c699da6c53a9289fc604b7742b/execute/async - {"script":"<script> [1562 bytes]","args":[{"selector":{"controlType":"sap.m.StandardListItem","viewName":"etm.portal.ui.manageclassifications.view.Create","viewId":"application-manageclassifications-display-component---classificationCreate","properties":{"title":"Dropdown"},"searchOpenDialogs":true,"interaction":{"idSuffix":"titleText"}},"wdio_ui5_key":"etmportal.ui.manageclassifications.view.Createsap.m.StandardListItem{\"title\":\"Dropdown\"}"}]}
COMMAND: GET /session/6e77a8c699da6c53a9289fc604b7742b/screenshot - {}
RESULT: {"script":"<script> [1562 bytes]","args":[{"selector":{"controlType":"sap.m.StandardListItem","viewName":"etm.portal.ui.manageclassifications.view.Create","viewId":"application-manageclassifications-display-component---classificationCreate","properties":{"title":"Dropdown"},"searchOpenDialogs":true,"interaction":{"idSuffix":"titleText"}},"wdio_ui5_key":"etmportal.ui.manageclassifications.view.Createsap.m.StandardListItem{\"title\":\"Dropdown\"}"}]}
RESULT: undefined
COMMAND: POST /session/6e77a8c699da6c53a9289fc604b7742b/element - {"using":"xpath","value":"//*[@id=\"__item96\"]"}
RESULT: {}
RESULT: {"using":"xpath","value":"//*[@id=\"__item96\"]"}
COMMAND: POST /session/6e77a8c699da6c53a9289fc604b7742b/element/f.93F4A61C81F21A46154A7CFE6A8617A2.d.2D1D27966A103F6E78C8FA8059607DEE.e.6985/click - {}
RESULT: {}
COMMAND: POST /session/6e77a8c699da6c53a9289fc604b7742b/execute/async - {"script":"<script> [1562 bytes]","args":[{"selector":{"controlType":"sap.ui.core.Icon","viewName":"etm.portal.ui.manageclassifications.view.Create","viewId":"application-manageclassifications-display-component---classificationCreate","properties":{"src":{"regex":{"source":"crm\\-service\\-manager"}}}},"wdio_ui5_key":"etmportal.ui.manageclassifications.view.Createsap.ui.core.Icon{\"src\":{\"regex\":{\"source\":\"crm\\\\-service\\\\-manager\"}}}"}]}
COMMAND: GET /session/6e77a8c699da6c53a9289fc604b7742b/screenshot - {}
RESULT: {"script":"<script> [1562 bytes]","args":[{"selector":{"controlType":"sap.ui.core.Icon","viewName":"etm.portal.ui.manageclassifications.view.Create","viewId":"application-manageclassifications-display-component---classificationCreate","properties":{"src":{"regex":{"source":"crm\\-service\\-manager"}}}},"wdio_ui5_key":"etmportal.ui.manageclassifications.view.Createsap.ui.core.Icon{\"src\":{\"regex\":{\"source\":\"crm\\\\-service\\\\-manager\"}}}"}]}
RESULT: undefined
COMMAND: POST /session/6e77a8c699da6c53a9289fc604b7742b/element - {"using":"xpath","value":"//*[@id=\"__button34-application-manageclassifications-display-component---classificationCreate--configurationList-0-img\"]"}
RESULT: {}
RESULT: {"using":"xpath","value":"//*[@id=\"__button34-application-manageclassifications-display-component---classificationCreate--configurationList-0-img\"]"}
COMMAND: POST /session/6e77a8c699da6c53a9289fc604b7742b/element/f.93F4A61C81F21A46154A7CFE6A8617A2.d.2D1D27966A103F6E78C8FA8059607DEE.e.6987/click - {}
RESULT: {}
COMMAND: POST /session/6e77a8c699da6c53a9289fc604b7742b/element - {"using":"xpath","value":"//button[@title=\"Add additional value\"]"}
COMMAND: GET /session/6e77a8c699da6c53a9289fc604b7742b/screenshot - {}
RESULT: {"using":"xpath","value":"//button[@title=\"Add additional value\"]"}
COMMAND: POST /session/6e77a8c699da6c53a9289fc604b7742b/element/f.93F4A61C81F21A46154A7CFE6A8617A2.d.2D1D27966A103F6E78C8FA8059607DEE.e.6988/click - {}
RESULT: {}
RESULT: {}
COMMAND: POST /session/6e77a8c699da6c53a9289fc604b7742b/execute/async - {"script":"<script> [1562 bytes]","args":[{"selector":{"controlType":"sap.m.Input","viewName":"etm.portal.ui.manageclassifications.view.Create","viewId":"application-manageclassifications-display-component---classificationCreate","bindingPath":{"path":"/VALUES/0","propertyPath":"VALUE","modelName":"dropdownValuesModel"},"searchOpenDialogs":true,"interaction":{"idSuffix":"inner"}},"wdio_ui5_key":"etmportal.ui.manageclassifications.view.Createsap.m.Input{\"path\":\"/VALUES/0\",\"propertyPath\":\"VALUE\",\"modelName\":\"dropdownValuesModel\"}"}]}
COMMAND: GET /session/6e77a8c699da6c53a9289fc604b7742b/screenshot - {}
RESULT: {"script":"<script> [1562 bytes]","args":[{"selector":{"controlType":"sap.m.Input","viewName":"etm.portal.ui.manageclassifications.view.Create","viewId":"application-manageclassifications-display-component---classificationCreate","bindingPath":{"path":"/VALUES/0","propertyPath":"VALUE","modelName":"dropdownValuesModel"},"searchOpenDialogs":true,"interaction":{"idSuffix":"inner"}},"wdio_ui5_key":"etmportal.ui.manageclassifications.view.Createsap.m.Input{\"path\":\"/VALUES/0\",\"propertyPath\":\"VALUE\",\"modelName\":\"dropdownValuesModel\"}"}]}
RESULT: undefined
COMMAND: POST /session/6e77a8c699da6c53a9289fc604b7742b/execute/async - {"script":"<script> [776 bytes]","args":[{"enterText":"1","selector":{"controlType":"sap.m.Input","viewName":"etm.portal.ui.manageclassifications.view.Create","viewId":"application-manageclassifications-display-component---classificationCreate","bindingPath":{"path":"/VALUES/0","propertyPath":"VALUE","modelName":"dropdownValuesModel"},"searchOpenDialogs":true,"interaction":{"idSuffix":"inner"}},"clearTextFirst":true,"interactionType":"ENTER_TEXT"}]}
RESULT: {}
RESULT: {"script":"<script> [776 bytes]","args":[{"enterText":"1","selector":{"controlType":"sap.m.Input","viewName":"etm.portal.ui.manageclassifications.view.Create","viewId":"application-manageclassifications-display-component---classificationCreate","bindingPath":{"path":"/VALUES/0","propertyPath":"VALUE","modelName":"dropdownValuesModel"},"searchOpenDialogs":true,"interaction":{"idSuffix":"inner"}},"clearTextFirst":true,"interactionType":"ENTER_TEXT"}]}
COMMAND: POST /session/6e77a8c699da6c53a9289fc604b7742b/execute/async - {"script":"<script> [1562 bytes]","args":[{"selector":{"controlType":"sap.m.Input","viewName":"etm.portal.ui.manageclassifications.view.Create","viewId":"application-manageclassifications-display-component---classificationCreate","bindingPath":{"path":"/VALUES/0","propertyPath":"TEXT","modelName":"dropdownValuesModel"},"searchOpenDialogs":true,"interaction":{"idSuffix":"inner"}},"wdio_ui5_key":"etmportal.ui.manageclassifications.view.Createsap.m.Input{\"path\":\"/VALUES/0\",\"propertyPath\":\"TEXT\",\"modelName\":\"dropdownValuesModel\"}"}]}
RESULT: {"script":"<script> [1562 bytes]","args":[{"selector":{"controlType":"sap.m.Input","viewName":"etm.portal.ui.manageclassifications.view.Create","viewId":"application-manageclassifications-display-component---classificationCreate","bindingPath":{"path":"/VALUES/0","propertyPath":"TEXT","modelName":"dropdownValuesModel"},"searchOpenDialogs":true,"interaction":{"idSuffix":"inner"}},"wdio_ui5_key":"etmportal.ui.manageclassifications.view.Createsap.m.Input{\"path\":\"/VALUES/0\",\"propertyPath\":\"TEXT\",\"modelName\":\"dropdownValuesModel\"}"}]}
RESULT: undefined
COMMAND: POST /session/6e77a8c699da6c53a9289fc604b7742b/execute/async - {"script":"<script> [776 bytes]","args":[{"enterText":"blue","selector":{"controlType":"sap.m.Input","viewName":"etm.portal.ui.manageclassifications.view.Create","viewId":"application-manageclassifications-display-component---classificationCreate","bindingPath":{"path":"/VALUES/0","propertyPath":"TEXT","modelName":"dropdownValuesModel"},"searchOpenDialogs":true,"interaction":{"idSuffix":"inner"}},"clearTextFirst":true,"interactionType":"ENTER_TEXT"}]}
RESULT: {"script":"<script> [776 bytes]","args":[{"enterText":"blue","selector":{"controlType":"sap.m.Input","viewName":"etm.portal.ui.manageclassifications.view.Create","viewId":"application-manageclassifications-display-component---classificationCreate","bindingPath":{"path":"/VALUES/0","propertyPath":"TEXT","modelName":"dropdownValuesModel"},"searchOpenDialogs":true,"interaction":{"idSuffix":"inner"}},"clearTextFirst":true,"interactionType":"ENTER_TEXT"}]}
COMMAND: POST /session/6e77a8c699da6c53a9289fc604b7742b/element - {"using":"xpath","value":"//button[@title=\"Add additional value\"]"}
RESULT: {"using":"xpath","value":"//button[@title=\"Add additional value\"]"}
COMMAND: POST /session/6e77a8c699da6c53a9289fc604b7742b/element/f.93F4A61C81F21A46154A7CFE6A8617A2.d.2D1D27966A103F6E78C8FA8059607DEE.e.6988/click - {}
RESULT: {}
COMMAND: POST /session/6e77a8c699da6c53a9289fc604b7742b/execute/async - {"script":"<script> [1562 bytes]","args":[{"selector":{"controlType":"sap.m.Input","viewName":"etm.portal.ui.manageclassifications.view.Create","viewId":"application-manageclassifications-display-component---classificationCreate","bindingPath":{"path":"/VALUES/1","propertyPath":"VALUE","modelName":"dropdownValuesModel"},"searchOpenDialogs":true,"interaction":{"idSuffix":"inner"}},"wdio_ui5_key":"etmportal.ui.manageclassifications.view.Createsap.m.Input{\"path\":\"/VALUES/1\",\"propertyPath\":\"VALUE\",\"modelName\":\"dropdownValuesModel\"}"}]}
COMMAND: GET /session/6e77a8c699da6c53a9289fc604b7742b/screenshot - {}
RESULT: {"script":"<script> [1562 bytes]","args":[{"selector":{"controlType":"sap.m.Input","viewName":"etm.portal.ui.manageclassifications.view.Create","viewId":"application-manageclassifications-display-component---classificationCreate","bindingPath":{"path":"/VALUES/1","propertyPath":"VALUE","modelName":"dropdownValuesModel"},"searchOpenDialogs":true,"interaction":{"idSuffix":"inner"}},"wdio_ui5_key":"etmportal.ui.manageclassifications.view.Createsap.m.Input{\"path\":\"/VALUES/1\",\"propertyPath\":\"VALUE\",\"modelName\":\"dropdownValuesModel\"}"}]}
RESULT: undefined
COMMAND: POST /session/6e77a8c699da6c53a9289fc604b7742b/execute/async - {"script":"<script> [776 bytes]","args":[{"enterText":"2","selector":{"controlType":"sap.m.Input","viewName":"etm.portal.ui.manageclassifications.view.Create","viewId":"application-manageclassifications-display-component---classificationCreate","bindingPath":{"path":"/VALUES/1","propertyPath":"VALUE","modelName":"dropdownValuesModel"},"searchOpenDialogs":true,"interaction":{"idSuffix":"inner"}},"clearTextFirst":true,"interactionType":"ENTER_TEXT"}]}
RESULT: {}
RESULT: {"script":"<script> [776 bytes]","args":[{"enterText":"2","selector":{"controlType":"sap.m.Input","viewName":"etm.portal.ui.manageclassifications.view.Create","viewId":"application-manageclassifications-display-component---classificationCreate","bindingPath":{"path":"/VALUES/1","propertyPath":"VALUE","modelName":"dropdownValuesModel"},"searchOpenDialogs":true,"interaction":{"idSuffix":"inner"}},"clearTextFirst":true,"interactionType":"ENTER_TEXT"}]}
COMMAND: POST /session/6e77a8c699da6c53a9289fc604b7742b/execute/async - {"script":"<script> [1562 bytes]","args":[{"selector":{"controlType":"sap.m.Input","viewName":"etm.portal.ui.manageclassifications.view.Create","viewId":"application-manageclassifications-display-component---classificationCreate","bindingPath":{"path":"/VALUES/1","propertyPath":"TEXT","modelName":"dropdownValuesModel"},"searchOpenDialogs":true,"interaction":{"idSuffix":"inner"}},"wdio_ui5_key":"etmportal.ui.manageclassifications.view.Createsap.m.Input{\"path\":\"/VALUES/1\",\"propertyPath\":\"TEXT\",\"modelName\":\"dropdownValuesModel\"}"}]}
RESULT: {"script":"<script> [1562 bytes]","args":[{"selector":{"controlType":"sap.m.Input","viewName":"etm.portal.ui.manageclassifications.view.Create","viewId":"application-manageclassifications-display-component---classificationCreate","bindingPath":{"path":"/VALUES/1","propertyPath":"TEXT","modelName":"dropdownValuesModel"},"searchOpenDialogs":true,"interaction":{"idSuffix":"inner"}},"wdio_ui5_key":"etmportal.ui.manageclassifications.view.Createsap.m.Input{\"path\":\"/VALUES/1\",\"propertyPath\":\"TEXT\",\"modelName\":\"dropdownValuesModel\"}"}]}
RESULT: undefined
COMMAND: POST /session/6e77a8c699da6c53a9289fc604b7742b/execute/async - {"script":"<script> [776 bytes]","args":[{"enterText":"red","selector":{"controlType":"sap.m.Input","viewName":"etm.portal.ui.manageclassifications.view.Create","viewId":"application-manageclassifications-display-component---classificationCreate","bindingPath":{"path":"/VALUES/1","propertyPath":"TEXT","modelName":"dropdownValuesModel"},"searchOpenDialogs":true,"interaction":{"idSuffix":"inner"}},"clearTextFirst":true,"interactionType":"ENTER_TEXT"}]}
RESULT: {"script":"<script> [776 bytes]","args":[{"enterText":"red","selector":{"controlType":"sap.m.Input","viewName":"etm.portal.ui.manageclassifications.view.Create","viewId":"application-manageclassifications-display-component---classificationCreate","bindingPath":{"path":"/VALUES/1","propertyPath":"TEXT","modelName":"dropdownValuesModel"},"searchOpenDialogs":true,"interaction":{"idSuffix":"inner"}},"clearTextFirst":true,"interactionType":"ENTER_TEXT"}]}
COMMAND: POST /session/6e77a8c699da6c53a9289fc604b7742b/execute/async - {"script":"<script> [1562 bytes]","args":[{"selector":{"controlType":"sap.m.Button","viewName":"etm.portal.ui.manageclassifications.view.Create","viewId":"application-manageclassifications-display-component---classificationCreate","i18NText":{"propertyName":"text","key":"save"},"searchOpenDialogs":true,"interaction":{"idSuffix":"BDI-content"}},"wdio_ui5_key":"etmportal.ui.manageclassifications.view.Createsap.m.Button{\"propertyName\":\"text\",\"key\":\"save\"}"}]}
RESULT: {"script":"<script> [1562 bytes]","args":[{"selector":{"controlType":"sap.m.Button","viewName":"etm.portal.ui.manageclassifications.view.Create","viewId":"application-manageclassifications-display-component---classificationCreate","i18NText":{"propertyName":"text","key":"save"},"searchOpenDialogs":true,"interaction":{"idSuffix":"BDI-content"}},"wdio_ui5_key":"etmportal.ui.manageclassifications.view.Createsap.m.Button{\"propertyName\":\"text\",\"key\":\"save\"}"}]}
RESULT: undefined
COMMAND: POST /session/6e77a8c699da6c53a9289fc604b7742b/element - {"using":"xpath","value":"//*[@id=\"__button44\"]"}
RESULT: {"using":"xpath","value":"//*[@id=\"__button44\"]"}
COMMAND: POST /session/6e77a8c699da6c53a9289fc604b7742b/element/f.93F4A61C81F21A46154A7CFE6A8617A2.d.2D1D27966A103F6E78C8FA8059607DEE.e.7008/click - {}
RESULT: {}
COMMAND: GET /session/6e77a8c699da6c53a9289fc604b7742b/screenshot - {}
RESULT: {}
COMMAND: POST /session/6e77a8c699da6c53a9289fc604b7742b/element - {"using":"xpath","value":"//button[@title=\"Save\"]"}
RESULT: {"using":"xpath","value":"//button[@title=\"Save\"]"}
COMMAND: POST /session/6e77a8c699da6c53a9289fc604b7742b/element/f.93F4A61C81F21A46154A7CFE6A8617A2.d.2D1D27966A103F6E78C8FA8059607DEE.e.6942/click - {}
RESULT: {}
COMMAND: GET /session/6e77a8c699da6c53a9289fc604b7742b/screenshot - {}
RESULT: {}
COMMAND: POST /session/6e77a8c699da6c53a9289fc604b7742b/execute/async - {"script":"<script> [1562 bytes]","args":[{"selector":{"id":"application-manageclassifications-display-component---classificationMaster--smartFilterBar-btnBasicSearch","interaction":{"idSuffix":"I"}},"wdio_ui5_key":"applicationmanageclassifications-display-component---classificationMaster--smartFilterBar-btnBasicSearch"}]}
RESULT: {"script":"<script> [1562 bytes]","args":[{"selector":{"id":"application-manageclassifications-display-component---classificationMaster--smartFilterBar-btnBasicSearch","interaction":{"idSuffix":"I"}},"wdio_ui5_key":"applicationmanageclassifications-display-component---classificationMaster--smartFilterBar-btnBasicSearch"}]}
RESULT: undefined
COMMAND: POST /session/6e77a8c699da6c53a9289fc604b7742b/execute/async - {"script":"<script> [776 bytes]","args":[{"enterText":"WebdriverItemClass34rcui","selector":{"id":"application-manageclassifications-display-component---classificationMaster--smartFilterBar-btnBasicSearch","interaction":{"idSuffix":"I"}},"clearTextFirst":true,"interactionType":"ENTER_TEXT"}]}
RESULT: {"script":"<script> [776 bytes]","args":[{"enterText":"WebdriverItemClass34rcui","selector":{"id":"application-manageclassifications-display-component---classificationMaster--smartFilterBar-btnBasicSearch","interaction":{"idSuffix":"I"}},"clearTextFirst":true,"interactionType":"ENTER_TEXT"}]}
COMMAND: POST /session/6e77a8c699da6c53a9289fc604b7742b/actions - {"actions":[{"id":"action47","type":"key","parameters":{},"actions":[{"type":"keyDown","value":"î€‡"},{"type":"pause","duration":10},{"type":"keyUp","value":"î€‡"}]}]}
RESULT: {"actions":[{"id":"action47","type":"key","parameters":{},"actions":[{"type":"keyDown","value":"î€‡"},{"type":"pause","duration":10},{"type":"keyUp","value":"î€‡"}]}]}
COMMAND: POST /session/6e77a8c699da6c53a9289fc604b7742b/execute/async - {"script":"<script> [1562 bytes]","args":[{"selector":{"id":"application-manageclassifications-display-component---classificationMaster--smartTable-header"},"wdio_ui5_key":"applicationmanageclassifications-display-component---classificationMaster--smartTable-header"}]}
COMMAND: GET /session/6e77a8c699da6c53a9289fc604b7742b/screenshot - {}
RESULT: {"script":"<script> [1562 bytes]","args":[{"selector":{"id":"application-manageclassifications-display-component---classificationMaster--smartTable-header"},"wdio_ui5_key":"applicationmanageclassifications-display-component---classificationMaster--smartTable-header"}]}
RESULT: undefined
COMMAND: POST /session/6e77a8c699da6c53a9289fc604b7742b/execute/async - {"script":"<script> [6424 bytes]","args":[{"element-6066-11e4-a52e-4f735466cecf":"f.93F4A61C81F21A46154A7CFE6A8617A2.d.2D1D27966A103F6E78C8FA8059607DEE.e.7181"},"getText",[]]}
RESULT: {}
RESULT: {"script":"<script> [6424 bytes]","args":[{"element-6066-11e4-a52e-4f735466cecf":"f.93F4A61C81F21A46154A7CFE6A8617A2.d.2D1D27966A103F6E78C8FA8059607DEE.e.7181"},"getText",[]]}
COMMAND: POST /session/6e77a8c699da6c53a9289fc604b7742b/element - {"using":"css selector","value":"#shell-header-logo"}
RESULT: {"using":"css selector","value":"#shell-header-logo"}
COMMAND: POST /session/6e77a8c699da6c53a9289fc604b7742b/element/f.93F4A61C81F21A46154A7CFE6A8617A2.d.2D1D27966A103F6E78C8FA8059607DEE.e.6578/click - {}
RESULT: {}
COMMAND: GET /session/6e77a8c699da6c53a9289fc604b7742b/screenshot - {}
RESULT: {}
]]></system-out>
    </testcase>
    <testcase classname="chrome.136_0_7103_93.windows.Manage_requests_-_requests_specifications_US141095" name="Should create a new section and a catalog item" time="161.258">
      <system-out><![CDATA[
COMMAND: POST /session/6e77a8c699da6c53a9289fc604b7742b/execute/async - {"script":"<script> [1562 bytes]","args":[{"selector":{"controlType":"sap.m.GenericTile","properties":{"header":"Manage Catalogs"}},"wdio_ui5_key":"sapm.GenericTile{\"header\":\"Manage Catalogs\"}"}]}
RESULT: {"script":"<script> [1562 bytes]","args":[{"selector":{"controlType":"sap.m.GenericTile","properties":{"header":"Manage Catalogs"}},"wdio_ui5_key":"sapm.GenericTile{\"header\":\"Manage Catalogs\"}"}]}
RESULT: undefined
COMMAND: POST /session/6e77a8c699da6c53a9289fc604b7742b/element - {"using":"xpath","value":"//*[@id=\"__tile37\"]"}
RESULT: {"using":"xpath","value":"//*[@id=\"__tile37\"]"}
COMMAND: POST /session/6e77a8c699da6c53a9289fc604b7742b/element/f.93F4A61C81F21A46154A7CFE6A8617A2.d.2D1D27966A103F6E78C8FA8059607DEE.e.7185/click - {}
RESULT: {}
COMMAND: GET /session/6e77a8c699da6c53a9289fc604b7742b/screenshot - {}
RESULT: {}
COMMAND: POST /session/6e77a8c699da6c53a9289fc604b7742b/elements - {"using":"xpath","value":"//span[text()='Error']"}
RESULT: {"using":"xpath","value":"//span[text()='Error']"}
COMMAND: POST /session/6e77a8c699da6c53a9289fc604b7742b/execute/async - {"script":"<script> [1562 bytes]","args":[{"selector":{"controlType":"sap.m.Text","viewName":"etm.portal.ui.managecatalogs.view.MasterCatalogs","viewId":"application-managecatalogs-display-component---masterCatalogs","bindingPath":{"path":"/Catalogs('0D7502D073D53A0F1700BE067B89AFF9')","propertyPath":"DESCRIPTION","modelName":"catalogModel"}},"wdio_ui5_key":"etmportal.ui.managecatalogs.view.MasterCatalogssap.m.Text{\"path\":\"/Catalogs('0D7502D073D53A0F1700BE067B89AFF9')\",\"propertyPath\":\"DESCRIPTION\",\"modelName\":\"catalogModel\"}"}]}
RESULT: {"script":"<script> [1562 bytes]","args":[{"selector":{"controlType":"sap.m.Text","viewName":"etm.portal.ui.managecatalogs.view.MasterCatalogs","viewId":"application-managecatalogs-display-component---masterCatalogs","bindingPath":{"path":"/Catalogs('0D7502D073D53A0F1700BE067B89AFF9')","propertyPath":"DESCRIPTION","modelName":"catalogModel"}},"wdio_ui5_key":"etmportal.ui.managecatalogs.view.MasterCatalogssap.m.Text{\"path\":\"/Catalogs('0D7502D073D53A0F1700BE067B89AFF9')\",\"propertyPath\":\"DESCRIPTION\",\"modelName\":\"catalogModel\"}"}]}
RESULT: undefined
COMMAND: POST /session/6e77a8c699da6c53a9289fc604b7742b/element - {"using":"xpath","value":"//*[@id=\"__text434-application-managecatalogs-display-component---masterCatalogs--CatalogsTable-11\"]"}
RESULT: {"using":"xpath","value":"//*[@id=\"__text434-application-managecatalogs-display-component---masterCatalogs--CatalogsTable-11\"]"}
COMMAND: POST /session/6e77a8c699da6c53a9289fc604b7742b/element/f.93F4A61C81F21A46154A7CFE6A8617A2.d.2D1D27966A103F6E78C8FA8059607DEE.e.7255/click - {}
RESULT: {}
COMMAND: POST /session/6e77a8c699da6c53a9289fc604b7742b/execute/async - {"script":"<script> [1562 bytes]","args":[{"selector":{"controlType":"sap.ui.layout.HorizontalLayout","viewName":"etm.portal.ui.managecatalogs.view.MasterItems","viewId":"application-managecatalogs-display-component---masterCatalogItems","ancestor":{"id":"application-managecatalogs-display-component---masterCatalogItems--idCatalogItemsTree-rows-row0"}},"wdio_ui5_key":"etmportal.ui.managecatalogs.view.MasterItemssap.ui.layout.HorizontalLayout{\"id\":\"application-managecatalogs-display-component---masterCatalogItems--idCatalogItemsTree-rows-row0\"}"}]}
COMMAND: GET /session/6e77a8c699da6c53a9289fc604b7742b/screenshot - {}
RESULT: {"script":"<script> [1562 bytes]","args":[{"selector":{"controlType":"sap.ui.layout.HorizontalLayout","viewName":"etm.portal.ui.managecatalogs.view.MasterItems","viewId":"application-managecatalogs-display-component---masterCatalogItems","ancestor":{"id":"application-managecatalogs-display-component---masterCatalogItems--idCatalogItemsTree-rows-row0"}},"wdio_ui5_key":"etmportal.ui.managecatalogs.view.MasterItemssap.ui.layout.HorizontalLayout{\"id\":\"application-managecatalogs-display-component---masterCatalogItems--idCatalogItemsTree-rows-row0\"}"}]}
RESULT: undefined
COMMAND: POST /session/6e77a8c699da6c53a9289fc604b7742b/element - {"using":"xpath","value":"//*[@id=\"__layout40-__clone430\"]"}
RESULT: {}
RESULT: {"using":"xpath","value":"//*[@id=\"__layout40-__clone430\"]"}
COMMAND: POST /session/6e77a8c699da6c53a9289fc604b7742b/element/f.93F4A61C81F21A46154A7CFE6A8617A2.d.2D1D27966A103F6E78C8FA8059607DEE.e.7290/click - {}
RESULT: {}
COMMAND: GET /session/6e77a8c699da6c53a9289fc604b7742b/screenshot - {}
COMMAND: POST /session/6e77a8c699da6c53a9289fc604b7742b/execute/async - {"script":"<script> [1562 bytes]","args":[{"selector":{"controlType":"sap.m.Button","viewName":"etm.portal.ui.managecatalogs.view.Detail","viewId":"application-managecatalogs-display-component---detailCatalog","i18NText":{"propertyName":"text","key":"edit"},"interaction":{"idSuffix":"BDI-content"}},"wdio_ui5_key":"etmportal.ui.managecatalogs.view.Detailsap.m.Button{\"propertyName\":\"text\",\"key\":\"edit\"}"}]}
RESULT: {}
RESULT: {"script":"<script> [1562 bytes]","args":[{"selector":{"controlType":"sap.m.Button","viewName":"etm.portal.ui.managecatalogs.view.Detail","viewId":"application-managecatalogs-display-component---detailCatalog","i18NText":{"propertyName":"text","key":"edit"},"interaction":{"idSuffix":"BDI-content"}},"wdio_ui5_key":"etmportal.ui.managecatalogs.view.Detailsap.m.Button{\"propertyName\":\"text\",\"key\":\"edit\"}"}]}
RESULT: undefined
COMMAND: POST /session/6e77a8c699da6c53a9289fc604b7742b/element - {"using":"xpath","value":"//*[@id=\"__button88\"]"}
RESULT: {"using":"xpath","value":"//*[@id=\"__button88\"]"}
COMMAND: POST /session/6e77a8c699da6c53a9289fc604b7742b/element/f.93F4A61C81F21A46154A7CFE6A8617A2.d.2D1D27966A103F6E78C8FA8059607DEE.e.7408/click - {}
RESULT: {}
COMMAND: GET /session/6e77a8c699da6c53a9289fc604b7742b/screenshot - {}
RESULT: {}
COMMAND: POST /session/6e77a8c699da6c53a9289fc604b7742b/element - {"using":"xpath","value":"//bdi[contains(text(), \"Unlock\")]"}
RESULT: {"using":"xpath","value":"//bdi[contains(text(), \"Unlock\")]"}
COMMAND: POST /session/6e77a8c699da6c53a9289fc604b7742b/elements - {"using":"xpath","value":"//bdi[contains(text(), \"Unlock\")]"}
RESULT: {"using":"xpath","value":"//bdi[contains(text(), \"Unlock\")]"}
COMMAND: POST /session/6e77a8c699da6c53a9289fc604b7742b/execute/async - {"script":"<script> [1562 bytes]","args":[{"selector":{"controlType":"sap.ui.core.Icon","viewName":"etm.portal.ui.managecatalogs.view.Detail","viewId":"application-managecatalogs-display-component---detailCatalog","properties":{"src":{"regex":{"source":"add\\-folder"}}}},"wdio_ui5_key":"etmportal.ui.managecatalogs.view.Detailsap.ui.core.Icon{\"src\":{\"regex\":{\"source\":\"add\\\\-folder\"}}}"}]}
RESULT: {"script":"<script> [1562 bytes]","args":[{"selector":{"controlType":"sap.ui.core.Icon","viewName":"etm.portal.ui.managecatalogs.view.Detail","viewId":"application-managecatalogs-display-component---detailCatalog","properties":{"src":{"regex":{"source":"add\\-folder"}}}},"wdio_ui5_key":"etmportal.ui.managecatalogs.view.Detailsap.ui.core.Icon{\"src\":{\"regex\":{\"source\":\"add\\\\-folder\"}}}"}]}
RESULT: undefined
COMMAND: POST /session/6e77a8c699da6c53a9289fc604b7742b/element - {"using":"xpath","value":"//*[@id=\"__button96-img\"]"}
RESULT: {"using":"xpath","value":"//*[@id=\"__button96-img\"]"}
COMMAND: POST /session/6e77a8c699da6c53a9289fc604b7742b/element/f.93F4A61C81F21A46154A7CFE6A8617A2.d.2D1D27966A103F6E78C8FA8059607DEE.e.7416/click - {}
RESULT: {}
COMMAND: GET /session/6e77a8c699da6c53a9289fc604b7742b/screenshot - {}
RESULT: {}
COMMAND: POST /session/6e77a8c699da6c53a9289fc604b7742b/execute/async - {"script":"<script> [1562 bytes]","args":[{"selector":{"id":"application-managecatalogs-display-component---detailCatalog--numberInput","searchOpenDialogs":true,"interaction":{"idSuffix":"inner"}},"wdio_ui5_key":"applicationmanagecatalogs-display-component---detailCatalog--numberInput"}]}
RESULT: {"script":"<script> [1562 bytes]","args":[{"selector":{"id":"application-managecatalogs-display-component---detailCatalog--numberInput","searchOpenDialogs":true,"interaction":{"idSuffix":"inner"}},"wdio_ui5_key":"applicationmanagecatalogs-display-component---detailCatalog--numberInput"}]}
RESULT: undefined
COMMAND: POST /session/6e77a8c699da6c53a9289fc604b7742b/execute/async - {"script":"<script> [776 bytes]","args":[{"enterText":"Sectionctxjv","selector":{"id":"application-managecatalogs-display-component---detailCatalog--numberInput","searchOpenDialogs":true,"interaction":{"idSuffix":"inner"}},"clearTextFirst":true,"interactionType":"ENTER_TEXT"}]}
RESULT: {"script":"<script> [776 bytes]","args":[{"enterText":"Sectionctxjv","selector":{"id":"application-managecatalogs-display-component---detailCatalog--numberInput","searchOpenDialogs":true,"interaction":{"idSuffix":"inner"}},"clearTextFirst":true,"interactionType":"ENTER_TEXT"}]}
COMMAND: POST /session/6e77a8c699da6c53a9289fc604b7742b/element - {"using":"css selector","value":"#application-managecatalogs-display-component---detailCatalog--nameInput-inner"}
RESULT: {"using":"css selector","value":"#application-managecatalogs-display-component---detailCatalog--nameInput-inner"}
COMMAND: POST /session/6e77a8c699da6c53a9289fc604b7742b/elements - {"using":"css selector","value":"#application-managecatalogs-display-component---detailCatalog--nameInput-inner"}
RESULT: {"using":"css selector","value":"#application-managecatalogs-display-component---detailCatalog--nameInput-inner"}
COMMAND: POST /session/6e77a8c699da6c53a9289fc604b7742b/element/f.93F4A61C81F21A46154A7CFE6A8617A2.d.2D1D27966A103F6E78C8FA8059607DEE.e.7420/clear - {}
RESULT: {}
COMMAND: POST /session/6e77a8c699da6c53a9289fc604b7742b/element/f.93F4A61C81F21A46154A7CFE6A8617A2.d.2D1D27966A103F6E78C8FA8059607DEE.e.7420/value - {"text":"Webdriveri8vavj"}
COMMAND: GET /session/6e77a8c699da6c53a9289fc604b7742b/screenshot - {}
RESULT: {"text":"Webdriveri8vavj"}
COMMAND: POST /session/6e77a8c699da6c53a9289fc604b7742b/execute/async - {"script":"<script> [1562 bytes]","args":[{"selector":{"controlType":"sap.m.Button","viewName":"etm.portal.ui.managecatalogs.view.Detail","viewId":"application-managecatalogs-display-component---detailCatalog","i18NText":{"propertyName":"text","key":"create"},"searchOpenDialogs":true,"interaction":{"idSuffix":"BDI-content"}},"wdio_ui5_key":"etmportal.ui.managecatalogs.view.Detailsap.m.Button{\"propertyName\":\"text\",\"key\":\"create\"}"}]}
COMMAND: GET /session/6e77a8c699da6c53a9289fc604b7742b/screenshot - {}
RESULT: {}
RESULT: {"script":"<script> [1562 bytes]","args":[{"selector":{"controlType":"sap.m.Button","viewName":"etm.portal.ui.managecatalogs.view.Detail","viewId":"application-managecatalogs-display-component---detailCatalog","i18NText":{"propertyName":"text","key":"create"},"searchOpenDialogs":true,"interaction":{"idSuffix":"BDI-content"}},"wdio_ui5_key":"etmportal.ui.managecatalogs.view.Detailsap.m.Button{\"propertyName\":\"text\",\"key\":\"create\"}"}]}
RESULT: undefined
COMMAND: POST /session/6e77a8c699da6c53a9289fc604b7742b/element - {"using":"xpath","value":"//*[@id=\"__button66\"]"}
RESULT: {}
RESULT: {"using":"xpath","value":"//*[@id=\"__button66\"]"}
COMMAND: POST /session/6e77a8c699da6c53a9289fc604b7742b/element/f.93F4A61C81F21A46154A7CFE6A8617A2.d.2D1D27966A103F6E78C8FA8059607DEE.e.7425/click - {}
RESULT: {}
COMMAND: GET /session/6e77a8c699da6c53a9289fc604b7742b/screenshot - {}
RESULT: {}
COMMAND: POST /session/6e77a8c699da6c53a9289fc604b7742b/element - {"using":"xpath","value":"//button[@title=\"Save\"]"}
RESULT: {"using":"xpath","value":"//button[@title=\"Save\"]"}
COMMAND: POST /session/6e77a8c699da6c53a9289fc604b7742b/element/f.93F4A61C81F21A46154A7CFE6A8617A2.d.2D1D27966A103F6E78C8FA8059607DEE.e.7426/click - {}
RESULT: {}
COMMAND: POST /session/6e77a8c699da6c53a9289fc604b7742b/execute/async - {"script":"<script> [1562 bytes]","args":[{"selector":{"controlType":"sap.ui.core.Icon","viewName":"etm.portal.ui.managecatalogs.view.Detail","viewId":"application-managecatalogs-display-component---detailCatalog","properties":{"src":{"regex":{"source":"decline"}}}},"wdio_ui5_key":"etmportal.ui.managecatalogs.view.Detailsap.ui.core.Icon{\"src\":{\"regex\":{\"source\":\"decline\"}}}"}]}
COMMAND: GET /session/6e77a8c699da6c53a9289fc604b7742b/screenshot - {}
RESULT: {"script":"<script> [1562 bytes]","args":[{"selector":{"controlType":"sap.ui.core.Icon","viewName":"etm.portal.ui.managecatalogs.view.Detail","viewId":"application-managecatalogs-display-component---detailCatalog","properties":{"src":{"regex":{"source":"decline"}}}},"wdio_ui5_key":"etmportal.ui.managecatalogs.view.Detailsap.ui.core.Icon{\"src\":{\"regex\":{\"source\":\"decline\"}}}"}]}
RESULT: undefined
COMMAND: POST /session/6e77a8c699da6c53a9289fc604b7742b/element - {"using":"xpath","value":"//*[@id=\"__button91-img\"]"}
RESULT: {}
RESULT: {"using":"xpath","value":"//*[@id=\"__button91-img\"]"}
COMMAND: POST /session/6e77a8c699da6c53a9289fc604b7742b/element/f.93F4A61C81F21A46154A7CFE6A8617A2.d.2D1D27966A103F6E78C8FA8059607DEE.e.7433/click - {}
RESULT: {}
COMMAND: GET /session/6e77a8c699da6c53a9289fc604b7742b/screenshot - {}
RESULT: {}
COMMAND: POST /session/6e77a8c699da6c53a9289fc604b7742b/execute/async - {"script":"<script> [1562 bytes]","args":[{"selector":{"controlType":"sap.ui.core.Icon","viewName":"etm.portal.ui.managecatalogs.view.MasterItems","viewId":"application-managecatalogs-display-component---masterCatalogItems","properties":{"src":{"regex":{"source":"refresh"}}}},"wdio_ui5_key":"etmportal.ui.managecatalogs.view.MasterItemssap.ui.core.Icon{\"src\":{\"regex\":{\"source\":\"refresh\"}}}"}]}
RESULT: {"script":"<script> [1562 bytes]","args":[{"selector":{"controlType":"sap.ui.core.Icon","viewName":"etm.portal.ui.managecatalogs.view.MasterItems","viewId":"application-managecatalogs-display-component---masterCatalogItems","properties":{"src":{"regex":{"source":"refresh"}}}},"wdio_ui5_key":"etmportal.ui.managecatalogs.view.MasterItemssap.ui.core.Icon{\"src\":{\"regex\":{\"source\":\"refresh\"}}}"}]}
RESULT: undefined
COMMAND: POST /session/6e77a8c699da6c53a9289fc604b7742b/element - {"using":"xpath","value":"//*[@id=\"__button64-img\"]"}
RESULT: {"using":"xpath","value":"//*[@id=\"__button64-img\"]"}
COMMAND: POST /session/6e77a8c699da6c53a9289fc604b7742b/element/f.93F4A61C81F21A46154A7CFE6A8617A2.d.2D1D27966A103F6E78C8FA8059607DEE.e.7469/click - {}
RESULT: {}
COMMAND: POST /session/6e77a8c699da6c53a9289fc604b7742b/execute/async - {"script":"<script> [1562 bytes]","args":[{"selector":{"id":"application-managecatalogs-display-component---masterCatalogItems--searchItemsField","interaction":{"idSuffix":"I"}},"wdio_ui5_key":"applicationmanagecatalogs-display-component---masterCatalogItems--searchItemsField"}]}
COMMAND: GET /session/6e77a8c699da6c53a9289fc604b7742b/screenshot - {}
RESULT: {"script":"<script> [1562 bytes]","args":[{"selector":{"id":"application-managecatalogs-display-component---masterCatalogItems--searchItemsField","interaction":{"idSuffix":"I"}},"wdio_ui5_key":"applicationmanagecatalogs-display-component---masterCatalogItems--searchItemsField"}]}
RESULT: undefined
COMMAND: POST /session/6e77a8c699da6c53a9289fc604b7742b/execute/async - {"script":"<script> [776 bytes]","args":[{"enterText":"Webdriveri8vavj","selector":{"id":"application-managecatalogs-display-component---masterCatalogItems--searchItemsField","interaction":{"idSuffix":"I"}},"clearTextFirst":true,"interactionType":"ENTER_TEXT"}]}
RESULT: {}
RESULT: {"script":"<script> [776 bytes]","args":[{"enterText":"Webdriveri8vavj","selector":{"id":"application-managecatalogs-display-component---masterCatalogItems--searchItemsField","interaction":{"idSuffix":"I"}},"clearTextFirst":true,"interactionType":"ENTER_TEXT"}]}
COMMAND: POST /session/6e77a8c699da6c53a9289fc604b7742b/actions - {"actions":[{"id":"action48","type":"key","parameters":{},"actions":[{"type":"keyDown","value":"î€‡"},{"type":"pause","duration":10},{"type":"keyUp","value":"î€‡"}]}]}
RESULT: {"actions":[{"id":"action48","type":"key","parameters":{},"actions":[{"type":"keyDown","value":"î€‡"},{"type":"pause","duration":10},{"type":"keyUp","value":"î€‡"}]}]}
COMMAND: POST /session/6e77a8c699da6c53a9289fc604b7742b/element - {"using":"xpath","value":"(//span[contains(text(), \"Webdriveri8vavj\")])[1]"}
COMMAND: GET /session/6e77a8c699da6c53a9289fc604b7742b/screenshot - {}
RESULT: {"using":"xpath","value":"(//span[contains(text(), \"Webdriveri8vavj\")])[1]"}
COMMAND: POST /session/6e77a8c699da6c53a9289fc604b7742b/element/f.93F4A61C81F21A46154A7CFE6A8617A2.d.2D1D27966A103F6E78C8FA8059607DEE.e.7472/click - {}
RESULT: {}
RESULT: {}
COMMAND: GET /session/6e77a8c699da6c53a9289fc604b7742b/screenshot - {}
RESULT: undefined
COMMAND: POST /session/6e77a8c699da6c53a9289fc604b7742b/element - {"using":"xpath","value":"//*[@id=\"__button88\"]"}
RESULT: {}
RESULT: {"using":"xpath","value":"//*[@id=\"__button88\"]"}
COMMAND: POST /session/6e77a8c699da6c53a9289fc604b7742b/element/f.93F4A61C81F21A46154A7CFE6A8617A2.d.2D1D27966A103F6E78C8FA8059607DEE.e.7509/click - {}
RESULT: {}
COMMAND: GET /session/6e77a8c699da6c53a9289fc604b7742b/screenshot - {}
RESULT: {}
RESULT: undefined
COMMAND: POST /session/6e77a8c699da6c53a9289fc604b7742b/element - {"using":"xpath","value":"//*[@id=\"__button96-img\"]"}
RESULT: {"using":"xpath","value":"//*[@id=\"__button96-img\"]"}
COMMAND: POST /session/6e77a8c699da6c53a9289fc604b7742b/element/f.93F4A61C81F21A46154A7CFE6A8617A2.d.2D1D27966A103F6E78C8FA8059607DEE.e.7558/click - {}
RESULT: {}
COMMAND: GET /session/6e77a8c699da6c53a9289fc604b7742b/screenshot - {}
RESULT: {}
RESULT: undefined
COMMAND: POST /session/6e77a8c699da6c53a9289fc604b7742b/execute/async - {"script":"<script> [776 bytes]","args":[{"enterText":"SecondSectionhuhac","selector":{"id":"application-managecatalogs-display-component---detailCatalog--numberInput","searchOpenDialogs":true,"interaction":{"idSuffix":"inner"}},"clearTextFirst":true,"interactionType":"ENTER_TEXT"}]}
RESULT: {"script":"<script> [776 bytes]","args":[{"enterText":"SecondSectionhuhac","selector":{"id":"application-managecatalogs-display-component---detailCatalog--numberInput","searchOpenDialogs":true,"interaction":{"idSuffix":"inner"}},"clearTextFirst":true,"interactionType":"ENTER_TEXT"}]}
COMMAND: POST /session/6e77a8c699da6c53a9289fc604b7742b/element - {"using":"xpath","value":"//input[contains(@id ,\"application-managecatalogs-display-component---detailCatalog--nameInput-inner\")]"}
RESULT: {"using":"xpath","value":"//input[contains(@id ,\"application-managecatalogs-display-component---detailCatalog--nameInput-inner\")]"}
COMMAND: POST /session/6e77a8c699da6c53a9289fc604b7742b/elements - {"using":"xpath","value":"//input[contains(@id ,\"application-managecatalogs-display-component---detailCatalog--nameInput-inner\")]"}
RESULT: {"using":"xpath","value":"//input[contains(@id ,\"application-managecatalogs-display-component---detailCatalog--nameInput-inner\")]"}
COMMAND: POST /session/6e77a8c699da6c53a9289fc604b7742b/element/f.93F4A61C81F21A46154A7CFE6A8617A2.d.2D1D27966A103F6E78C8FA8059607DEE.e.7563/clear - {}
RESULT: {}
COMMAND: POST /session/6e77a8c699da6c53a9289fc604b7742b/element/f.93F4A61C81F21A46154A7CFE6A8617A2.d.2D1D27966A103F6E78C8FA8059607DEE.e.7563/value - {"text":"webdriversecond04r2"}
COMMAND: GET /session/6e77a8c699da6c53a9289fc604b7742b/screenshot - {}
RESULT: {"text":"webdriversecond04r2"}
RESULT: undefined
COMMAND: POST /session/6e77a8c699da6c53a9289fc604b7742b/element - {"using":"xpath","value":"//*[@id=\"__button66\"]"}
COMMAND: GET /session/6e77a8c699da6c53a9289fc604b7742b/screenshot - {}
RESULT: {}
RESULT: {"using":"xpath","value":"//*[@id=\"__button66\"]"}
COMMAND: POST /session/6e77a8c699da6c53a9289fc604b7742b/element/f.93F4A61C81F21A46154A7CFE6A8617A2.d.2D1D27966A103F6E78C8FA8059607DEE.e.7567/click - {}
RESULT: {}
RESULT: {}
COMMAND: GET /session/6e77a8c699da6c53a9289fc604b7742b/screenshot - {}
RESULT: {}
COMMAND: POST /session/6e77a8c699da6c53a9289fc604b7742b/element - {"using":"xpath","value":"//button[@title=\"Save\"]"}
RESULT: {"using":"xpath","value":"//button[@title=\"Save\"]"}
COMMAND: POST /session/6e77a8c699da6c53a9289fc604b7742b/element/f.93F4A61C81F21A46154A7CFE6A8617A2.d.2D1D27966A103F6E78C8FA8059607DEE.e.7543/click - {}
RESULT: {}
COMMAND: GET /session/6e77a8c699da6c53a9289fc604b7742b/screenshot - {}
RESULT: {}
RESULT: undefined
COMMAND: POST /session/6e77a8c699da6c53a9289fc604b7742b/element - {"using":"xpath","value":"//*[@id=\"__button91-img\"]"}
RESULT: {"using":"xpath","value":"//*[@id=\"__button91-img\"]"}
COMMAND: POST /session/6e77a8c699da6c53a9289fc604b7742b/element/f.93F4A61C81F21A46154A7CFE6A8617A2.d.2D1D27966A103F6E78C8FA8059607DEE.e.7516/click - {}
RESULT: {}
COMMAND: GET /session/6e77a8c699da6c53a9289fc604b7742b/screenshot - {}
RESULT: {}
RESULT: undefined
COMMAND: POST /session/6e77a8c699da6c53a9289fc604b7742b/element - {"using":"xpath","value":"//*[@id=\"__button64-img\"]"}
RESULT: {"using":"xpath","value":"//*[@id=\"__button64-img\"]"}
COMMAND: POST /session/6e77a8c699da6c53a9289fc604b7742b/element/f.93F4A61C81F21A46154A7CFE6A8617A2.d.2D1D27966A103F6E78C8FA8059607DEE.e.7608/click - {}
RESULT: {}
COMMAND: GET /session/6e77a8c699da6c53a9289fc604b7742b/screenshot - {}
RESULT: {}
RESULT: undefined
COMMAND: POST /session/6e77a8c699da6c53a9289fc604b7742b/execute/async - {"script":"<script> [776 bytes]","args":[{"enterText":"SecondSectionhuhac","selector":{"id":"application-managecatalogs-display-component---masterCatalogItems--searchItemsField","interaction":{"idSuffix":"I"}},"clearTextFirst":true,"interactionType":"ENTER_TEXT"}]}
RESULT: {"script":"<script> [776 bytes]","args":[{"enterText":"SecondSectionhuhac","selector":{"id":"application-managecatalogs-display-component---masterCatalogItems--searchItemsField","interaction":{"idSuffix":"I"}},"clearTextFirst":true,"interactionType":"ENTER_TEXT"}]}
COMMAND: POST /session/6e77a8c699da6c53a9289fc604b7742b/actions - {"actions":[{"id":"action49","type":"key","parameters":{},"actions":[{"type":"keyDown","value":"î€‡"},{"type":"pause","duration":10},{"type":"keyUp","value":"î€‡"}]}]}
RESULT: {"actions":[{"id":"action49","type":"key","parameters":{},"actions":[{"type":"keyDown","value":"î€‡"},{"type":"pause","duration":10},{"type":"keyUp","value":"î€‡"}]}]}
COMMAND: POST /session/6e77a8c699da6c53a9289fc604b7742b/element - {"using":"xpath","value":"(//span[contains(text(), \"SecondSectionhuhac\")])[1]"}
COMMAND: GET /session/6e77a8c699da6c53a9289fc604b7742b/screenshot - {}
RESULT: {"using":"xpath","value":"(//span[contains(text(), \"SecondSectionhuhac\")])[1]"}
COMMAND: POST /session/6e77a8c699da6c53a9289fc604b7742b/element/f.93F4A61C81F21A46154A7CFE6A8617A2.d.2D1D27966A103F6E78C8FA8059607DEE.e.7611/click - {}
RESULT: {}
RESULT: {}
COMMAND: POST /session/6e77a8c699da6c53a9289fc604b7742b/element - {"using":"xpath","value":"(//span[contains(text(), \"SecondSectionhuhac\")])[1]"}
COMMAND: GET /session/6e77a8c699da6c53a9289fc604b7742b/screenshot - {}
RESULT: {"using":"xpath","value":"(//span[contains(text(), \"SecondSectionhuhac\")])[1]"}
COMMAND: GET /session/6e77a8c699da6c53a9289fc604b7742b/element/f.93F4A61C81F21A46154A7CFE6A8617A2.d.2D1D27966A103F6E78C8FA8059607DEE.e.7611/text - {}
RESULT: {}
COMMAND: POST /session/6e77a8c699da6c53a9289fc604b7742b/element - {"using":"xpath","value":"(//span[contains(text(), \"SecondSectionhuhac\")])[1]"}
RESULT: {"using":"xpath","value":"(//span[contains(text(), \"SecondSectionhuhac\")])[1]"}
COMMAND: GET /session/6e77a8c699da6c53a9289fc604b7742b/element/f.93F4A61C81F21A46154A7CFE6A8617A2.d.2D1D27966A103F6E78C8FA8059607DEE.e.7611/text - {}
COMMAND: POST /session/6e77a8c699da6c53a9289fc604b7742b/element - {"using":"xpath","value":"(//span[contains(text(), \"SecondSectionhuhac\")])[1]"}
RESULT: {"using":"xpath","value":"(//span[contains(text(), \"SecondSectionhuhac\")])[1]"}
COMMAND: GET /session/6e77a8c699da6c53a9289fc604b7742b/element/f.93F4A61C81F21A46154A7CFE6A8617A2.d.2D1D27966A103F6E78C8FA8059607DEE.e.7663/text - {}
RESULT: {}
COMMAND: POST /session/6e77a8c699da6c53a9289fc604b7742b/refresh - {}
RESULT: {}
COMMAND: GET /session/6e77a8c699da6c53a9289fc604b7742b/screenshot - {}
RESULT: {}
COMMAND: POST /session/6e77a8c699da6c53a9289fc604b7742b/execute/async - {"script":"<script> [189 bytes]","args":[]}
RESULT: {"script":"<script> [189 bytes]","args":[]}
COMMAND: POST /session/6e77a8c699da6c53a9289fc604b7742b/execute/async - {"script":"<script> [123 bytes]","args":[]}
RESULT: {"script":"<script> [123 bytes]","args":[]}
COMMAND: POST /session/6e77a8c699da6c53a9289fc604b7742b/timeouts - {"script":"<number>"}
RESULT: {"script":"<number>"}
COMMAND: GET /session/6e77a8c699da6c53a9289fc604b7742b/timeouts - {}
RESULT: {}
RESULT: undefined
COMMAND: POST /session/6e77a8c699da6c53a9289fc604b7742b/execute/async - {"script":"<script> [2676 bytes]","args":[]}
RESULT: {"script":"<script> [2676 bytes]","args":[]}
COMMAND: POST /session/6e77a8c699da6c53a9289fc604b7742b/execute/async - {"script":"<script> [2342 bytes]","args":[{"protocol":"http","hostname":"0.0.0.0","path":"/","capabilities":{"browserName":"chrome","goog:chromeOptions":{"binary":"C:\\Program Files\\Google\\Chrome\\Application\\chrome.exe","args":["--start-maximized"]}},"logLevel":"warn","connectionRetryTimeout":120000,"connectionRetryCount":3,"logLevels":{},"enableDirectConnect":true,"strictSSL":true,"_":"65 more keys: [\"cacheDir\",\"port\",\"requestedCapabilities\",\"automationProtocol\",\"baseUrl\",\"waitforInterval\",\"waitforTimeout\",\"onReload\",\"beforeCommand\",\"afterCommand\",\"rootDir\",\"specs\",\"suites\",\"exclude\",\"groupLogsByTestSpec\",\"excludeDriverLogs\",\"bail\",\"framework\",\"reporters\",\"services\",\"maxInstances\",\"maxInstancesPerCapability\",\"injectGlobals\",\"filesToWatch\",\"execArgv\",\"runnerEnv\",\"runner\",\"shard\",\"specFileRetries\",\"specFileRetriesDelay\",\"specFileRetriesDeferred\",\"reporterSyncInterval\",\"reporterSyncTimeout\",\"cucumberFeaturesWithLineNumbers\",\"autoCompileOpts\",\"mochaOpts\",\"jasmineOpts\",\"cucumberOpts\",\"onPrepare\",\"onWorkerStart\",\"onWorkerEnd\",\"before\",\"beforeSession\",\"beforeSuite\",\"beforeHook\",\"beforeTest\",\"afterTest\",\"afterHook\",\"afterSuite\",\"afterSession\",\"after\",\"onComplete\",\"beforeAssertion\",\"afterAssertion\",\"beforeFeature\",\"beforeScenario\",\"beforeStep\",\"afterStep\",\"afterScenario\",\"afterFeature\",\"_\",\"suite\",\"$0\",\"ignoredWorkerServices\",\"wdi5\"]"}]}
RESULT: {"script":"<script> [2342 bytes]","args":[{"protocol":"http","hostname":"0.0.0.0","path":"/","capabilities":{"browserName":"chrome","goog:chromeOptions":{"binary":"C:\\Program Files\\Google\\Chrome\\Application\\chrome.exe","args":["--start-maximized"]}},"logLevel":"warn","connectionRetryTimeout":120000,"connectionRetryCount":3,"logLevels":{},"enableDirectConnect":true,"strictSSL":true,"_":"65 more keys: [\"cacheDir\",\"port\",\"requestedCapabilities\",\"automationProtocol\",\"baseUrl\",\"waitforInterval\",\"waitforTimeout\",\"onReload\",\"beforeCommand\",\"afterCommand\",\"rootDir\",\"specs\",\"suites\",\"exclude\",\"groupLogsByTestSpec\",\"excludeDriverLogs\",\"bail\",\"framework\",\"reporters\",\"services\",\"maxInstances\",\"maxInstancesPerCapability\",\"injectGlobals\",\"filesToWatch\",\"execArgv\",\"runnerEnv\",\"runner\",\"shard\",\"specFileRetries\",\"specFileRetriesDelay\",\"specFileRetriesDeferred\",\"reporterSyncInterval\",\"reporterSyncTimeout\",\"cucumberFeaturesWithLineNumbers\",\"autoCompileOpts\",\"mochaOpts\",\"jasmineOpts\",\"cucumberOpts\",\"onPrepare\",\"onWorkerStart\",\"onWorkerEnd\",\"before\",\"beforeSession\",\"beforeSuite\",\"beforeHook\",\"beforeTest\",\"afterTest\",\"afterHook\",\"afterSuite\",\"afterSession\",\"after\",\"onComplete\",\"beforeAssertion\",\"afterAssertion\",\"beforeFeature\",\"beforeScenario\",\"beforeStep\",\"afterStep\",\"afterScenario\",\"afterFeature\",\"_\",\"suite\",\"$0\",\"ignoredWorkerServices\",\"wdi5\"]"}]}
COMMAND: POST /session/6e77a8c699da6c53a9289fc604b7742b/execute/async - {"script":"<script> [21126 bytes]","args":[35000]}
RESULT: {"script":"<script> [21126 bytes]","args":[35000]}
COMMAND: POST /session/6e77a8c699da6c53a9289fc604b7742b/execute/async - {"script":"<script> [1562 bytes]","args":[{"selector":{"controlType":"sap.m.Button","viewName":"etm.portal.ui.managecatalogs.view.Detail","viewId":"application-managecatalogs-display-component---detailCatalog","i18NText":{"propertyName":"text","key":"edit"},"interaction":{"idSuffix":"BDI-content"}},"wdio_ui5_key":"etmportal.ui.managecatalogs.view.Detailsap.m.Button{\"propertyName\":\"text\",\"key\":\"edit\"}"}]}
RESULT: {"script":"<script> [1562 bytes]","args":[{"selector":{"controlType":"sap.m.Button","viewName":"etm.portal.ui.managecatalogs.view.Detail","viewId":"application-managecatalogs-display-component---detailCatalog","i18NText":{"propertyName":"text","key":"edit"},"interaction":{"idSuffix":"BDI-content"}},"wdio_ui5_key":"etmportal.ui.managecatalogs.view.Detailsap.m.Button{\"propertyName\":\"text\",\"key\":\"edit\"}"}]}
RESULT: undefined
COMMAND: POST /session/6e77a8c699da6c53a9289fc604b7742b/element - {"using":"xpath","value":"//*[@id=\"__button25\"]"}
RESULT: {"using":"xpath","value":"//*[@id=\"__button25\"]"}
COMMAND: POST /session/6e77a8c699da6c53a9289fc604b7742b/element/f.93F4A61C81F21A46154A7CFE6A8617A2.d.FC872C067D1AA8902E437AE401BC1B3E.e.7721/click - {}
RESULT: {}
COMMAND: POST /session/6e77a8c699da6c53a9289fc604b7742b/execute/async - {"script":"<script> [1562 bytes]","args":[{"selector":{"controlType":"sap.ui.core.Icon","viewName":"etm.portal.ui.managecatalogs.view.Detail","viewId":"application-managecatalogs-display-component---detailCatalog","properties":{"src":{"regex":{"source":"add\\-document"}}}},"wdio_ui5_key":"etmportal.ui.managecatalogs.view.Detailsap.ui.core.Icon{\"src\":{\"regex\":{\"source\":\"add\\\\-document\"}}}"}]}
COMMAND: GET /session/6e77a8c699da6c53a9289fc604b7742b/screenshot - {}
RESULT: {"script":"<script> [1562 bytes]","args":[{"selector":{"controlType":"sap.ui.core.Icon","viewName":"etm.portal.ui.managecatalogs.view.Detail","viewId":"application-managecatalogs-display-component---detailCatalog","properties":{"src":{"regex":{"source":"add\\-document"}}}},"wdio_ui5_key":"etmportal.ui.managecatalogs.view.Detailsap.ui.core.Icon{\"src\":{\"regex\":{\"source\":\"add\\\\-document\"}}}"}]}
RESULT: undefined
COMMAND: POST /session/6e77a8c699da6c53a9289fc604b7742b/element - {"using":"xpath","value":"//*[@id=\"__button34-img\"]"}
RESULT: {}
RESULT: {"using":"xpath","value":"//*[@id=\"__button34-img\"]"}
COMMAND: POST /session/6e77a8c699da6c53a9289fc604b7742b/element/f.93F4A61C81F21A46154A7CFE6A8617A2.d.FC872C067D1AA8902E437AE401BC1B3E.e.7728/click - {}
RESULT: {}
COMMAND: POST /session/6e77a8c699da6c53a9289fc604b7742b/execute/async - {"script":"<script> [1562 bytes]","args":[{"selector":{"id":"application-managecatalogs-display-component---detailCatalog--newItemNumberInput","searchOpenDialogs":true,"interaction":{"idSuffix":"inner"}},"wdio_ui5_key":"applicationmanagecatalogs-display-component---detailCatalog--newItemNumberInput"}]}
COMMAND: GET /session/6e77a8c699da6c53a9289fc604b7742b/screenshot - {}
RESULT: {}
RESULT: {"script":"<script> [1562 bytes]","args":[{"selector":{"id":"application-managecatalogs-display-component---detailCatalog--newItemNumberInput","searchOpenDialogs":true,"interaction":{"idSuffix":"inner"}},"wdio_ui5_key":"applicationmanagecatalogs-display-component---detailCatalog--newItemNumberInput"}]}
RESULT: undefined
COMMAND: POST /session/6e77a8c699da6c53a9289fc604b7742b/execute/async - {"script":"<script> [776 bytes]","args":[{"enterText":"catalogItemfolsf","selector":{"id":"application-managecatalogs-display-component---detailCatalog--newItemNumberInput","searchOpenDialogs":true,"interaction":{"idSuffix":"inner"}},"clearTextFirst":true,"interactionType":"ENTER_TEXT"}]}
RESULT: {"script":"<script> [776 bytes]","args":[{"enterText":"catalogItemfolsf","selector":{"id":"application-managecatalogs-display-component---detailCatalog--newItemNumberInput","searchOpenDialogs":true,"interaction":{"idSuffix":"inner"}},"clearTextFirst":true,"interactionType":"ENTER_TEXT"}]}
COMMAND: POST /session/6e77a8c699da6c53a9289fc604b7742b/execute/async - {"script":"<script> [1562 bytes]","args":[{"selector":{"controlType":"sap.m.Input","viewName":"etm.portal.ui.managecatalogs.view.Detail","viewId":"application-managecatalogs-display-component---detailCatalog","bindingPath":{"path":"","propertyPath":"/DESCRIPTION"},"searchOpenDialogs":true,"interaction":{"idSuffix":"inner"}},"wdio_ui5_key":"etmportal.ui.managecatalogs.view.Detailsap.m.Input{\"path\":\"\",\"propertyPath\":\"/DESCRIPTION\"}"}]}
RESULT: {"script":"<script> [1562 bytes]","args":[{"selector":{"controlType":"sap.m.Input","viewName":"etm.portal.ui.managecatalogs.view.Detail","viewId":"application-managecatalogs-display-component---detailCatalog","bindingPath":{"path":"","propertyPath":"/DESCRIPTION"},"searchOpenDialogs":true,"interaction":{"idSuffix":"inner"}},"wdio_ui5_key":"etmportal.ui.managecatalogs.view.Detailsap.m.Input{\"path\":\"\",\"propertyPath\":\"/DESCRIPTION\"}"}]}
RESULT: undefined
COMMAND: POST /session/6e77a8c699da6c53a9289fc604b7742b/execute/async - {"script":"<script> [776 bytes]","args":[{"enterText":"catalogItemNameokahi","selector":{"controlType":"sap.m.Input","viewName":"etm.portal.ui.managecatalogs.view.Detail","viewId":"application-managecatalogs-display-component---detailCatalog","bindingPath":{"path":"","propertyPath":"/DESCRIPTION"},"searchOpenDialogs":true,"interaction":{"idSuffix":"inner"}},"clearTextFirst":true,"interactionType":"ENTER_TEXT"}]}
RESULT: {"script":"<script> [776 bytes]","args":[{"enterText":"catalogItemNameokahi","selector":{"controlType":"sap.m.Input","viewName":"etm.portal.ui.managecatalogs.view.Detail","viewId":"application-managecatalogs-display-component---detailCatalog","bindingPath":{"path":"","propertyPath":"/DESCRIPTION"},"searchOpenDialogs":true,"interaction":{"idSuffix":"inner"}},"clearTextFirst":true,"interactionType":"ENTER_TEXT"}]}
COMMAND: POST /session/6e77a8c699da6c53a9289fc604b7742b/execute/async - {"script":"<script> [1562 bytes]","args":[{"selector":{"controlType":"sap.m.Button","viewName":"etm.portal.ui.managecatalogs.view.Detail","viewId":"application-managecatalogs-display-component---detailCatalog","i18NText":{"propertyName":"text","key":"create"},"searchOpenDialogs":true,"interaction":{"idSuffix":"BDI-content"}},"wdio_ui5_key":"etmportal.ui.managecatalogs.view.Detailsap.m.Button{\"propertyName\":\"text\",\"key\":\"create\"}"}]}
RESULT: {"script":"<script> [1562 bytes]","args":[{"selector":{"controlType":"sap.m.Button","viewName":"etm.portal.ui.managecatalogs.view.Detail","viewId":"application-managecatalogs-display-component---detailCatalog","i18NText":{"propertyName":"text","key":"create"},"searchOpenDialogs":true,"interaction":{"idSuffix":"BDI-content"}},"wdio_ui5_key":"etmportal.ui.managecatalogs.view.Detailsap.m.Button{\"propertyName\":\"text\",\"key\":\"create\"}"}]}
RESULT: undefined
COMMAND: POST /session/6e77a8c699da6c53a9289fc604b7742b/element - {"using":"xpath","value":"//*[@id=\"__button9\"]"}
RESULT: {"using":"xpath","value":"//*[@id=\"__button9\"]"}
COMMAND: POST /session/6e77a8c699da6c53a9289fc604b7742b/element/f.93F4A61C81F21A46154A7CFE6A8617A2.d.FC872C067D1AA8902E437AE401BC1B3E.e.7738/click - {}
RESULT: {}
COMMAND: GET /session/6e77a8c699da6c53a9289fc604b7742b/screenshot - {}
RESULT: {}
COMMAND: POST /session/6e77a8c699da6c53a9289fc604b7742b/element - {"using":"xpath","value":"//button[@title=\"Save\"]"}
RESULT: {"using":"xpath","value":"//button[@title=\"Save\"]"}
COMMAND: POST /session/6e77a8c699da6c53a9289fc604b7742b/element/f.93F4A61C81F21A46154A7CFE6A8617A2.d.FC872C067D1AA8902E437AE401BC1B3E.e.7739/click - {}
RESULT: {}
COMMAND: GET /session/6e77a8c699da6c53a9289fc604b7742b/screenshot - {}
RESULT: {}
COMMAND: POST /session/6e77a8c699da6c53a9289fc604b7742b/execute/async - {"script":"<script> [1562 bytes]","args":[{"selector":{"controlType":"sap.ui.core.Icon","viewName":"etm.portal.ui.managecatalogs.view.Detail","viewId":"application-managecatalogs-display-component---detailCatalog","properties":{"src":{"regex":{"source":"decline"}}}},"wdio_ui5_key":"etmportal.ui.managecatalogs.view.Detailsap.ui.core.Icon{\"src\":{\"regex\":{\"source\":\"decline\"}}}"}]}
RESULT: {"script":"<script> [1562 bytes]","args":[{"selector":{"controlType":"sap.ui.core.Icon","viewName":"etm.portal.ui.managecatalogs.view.Detail","viewId":"application-managecatalogs-display-component---detailCatalog","properties":{"src":{"regex":{"source":"decline"}}}},"wdio_ui5_key":"etmportal.ui.managecatalogs.view.Detailsap.ui.core.Icon{\"src\":{\"regex\":{\"source\":\"decline\"}}}"}]}
RESULT: undefined
COMMAND: POST /session/6e77a8c699da6c53a9289fc604b7742b/element - {"using":"xpath","value":"//*[@id=\"__button28-img\"]"}
RESULT: {"using":"xpath","value":"//*[@id=\"__button28-img\"]"}
COMMAND: POST /session/6e77a8c699da6c53a9289fc604b7742b/element/f.93F4A61C81F21A46154A7CFE6A8617A2.d.FC872C067D1AA8902E437AE401BC1B3E.e.7745/click - {}
RESULT: {}
COMMAND: GET /session/6e77a8c699da6c53a9289fc604b7742b/screenshot - {}
RESULT: {}
COMMAND: POST /session/6e77a8c699da6c53a9289fc604b7742b/execute/async - {"script":"<script> [1562 bytes]","args":[{"selector":{"controlType":"sap.ui.core.Icon","viewName":"etm.portal.ui.managecatalogs.view.MasterItems","viewId":"application-managecatalogs-display-component---masterCatalogItems","properties":{"src":{"regex":{"source":"refresh"}}}},"wdio_ui5_key":"etmportal.ui.managecatalogs.view.MasterItemssap.ui.core.Icon{\"src\":{\"regex\":{\"source\":\"refresh\"}}}"}]}
RESULT: {"script":"<script> [1562 bytes]","args":[{"selector":{"controlType":"sap.ui.core.Icon","viewName":"etm.portal.ui.managecatalogs.view.MasterItems","viewId":"application-managecatalogs-display-component---masterCatalogItems","properties":{"src":{"regex":{"source":"refresh"}}}},"wdio_ui5_key":"etmportal.ui.managecatalogs.view.MasterItemssap.ui.core.Icon{\"src\":{\"regex\":{\"source\":\"refresh\"}}}"}]}
RESULT: undefined
COMMAND: POST /session/6e77a8c699da6c53a9289fc604b7742b/element - {"using":"xpath","value":"//*[@id=\"__button1-img\"]"}
RESULT: {"using":"xpath","value":"//*[@id=\"__button1-img\"]"}
COMMAND: POST /session/6e77a8c699da6c53a9289fc604b7742b/element/f.93F4A61C81F21A46154A7CFE6A8617A2.d.FC872C067D1AA8902E437AE401BC1B3E.e.7753/click - {}
RESULT: {}
COMMAND: GET /session/6e77a8c699da6c53a9289fc604b7742b/screenshot - {}
COMMAND: POST /session/6e77a8c699da6c53a9289fc604b7742b/execute/async - {"script":"<script> [1562 bytes]","args":[{"selector":{"id":"application-managecatalogs-display-component---masterCatalogItems--searchItemsField","interaction":{"idSuffix":"I"}},"wdio_ui5_key":"applicationmanagecatalogs-display-component---masterCatalogItems--searchItemsField"}]}
RESULT: {}
RESULT: {"script":"<script> [1562 bytes]","args":[{"selector":{"id":"application-managecatalogs-display-component---masterCatalogItems--searchItemsField","interaction":{"idSuffix":"I"}},"wdio_ui5_key":"applicationmanagecatalogs-display-component---masterCatalogItems--searchItemsField"}]}
RESULT: undefined
COMMAND: POST /session/6e77a8c699da6c53a9289fc604b7742b/execute/async - {"script":"<script> [776 bytes]","args":[{"enterText":"catalogItemNameokahi","selector":{"id":"application-managecatalogs-display-component---masterCatalogItems--searchItemsField","interaction":{"idSuffix":"I"}},"clearTextFirst":true,"interactionType":"ENTER_TEXT"}]}
RESULT: {"script":"<script> [776 bytes]","args":[{"enterText":"catalogItemNameokahi","selector":{"id":"application-managecatalogs-display-component---masterCatalogItems--searchItemsField","interaction":{"idSuffix":"I"}},"clearTextFirst":true,"interactionType":"ENTER_TEXT"}]}
COMMAND: POST /session/6e77a8c699da6c53a9289fc604b7742b/actions - {"actions":[{"id":"action50","type":"key","parameters":{},"actions":[{"type":"keyDown","value":"î€‡"},{"type":"pause","duration":10},{"type":"keyUp","value":"î€‡"}]}]}
RESULT: {"actions":[{"id":"action50","type":"key","parameters":{},"actions":[{"type":"keyDown","value":"î€‡"},{"type":"pause","duration":10},{"type":"keyUp","value":"î€‡"}]}]}
COMMAND: POST /session/6e77a8c699da6c53a9289fc604b7742b/element - {"using":"xpath","value":"(//span[contains(text(), \"catalogItemNameokahi\")])[1]"}
COMMAND: GET /session/6e77a8c699da6c53a9289fc604b7742b/screenshot - {}
RESULT: {"using":"xpath","value":"(//span[contains(text(), \"catalogItemNameokahi\")])[1]"}
COMMAND: POST /session/6e77a8c699da6c53a9289fc604b7742b/element/f.93F4A61C81F21A46154A7CFE6A8617A2.d.FC872C067D1AA8902E437AE401BC1B3E.e.7788/click - {}
RESULT: {}
RESULT: {}
COMMAND: GET /session/6e77a8c699da6c53a9289fc604b7742b/screenshot - {}
RESULT: {}
COMMAND: POST /session/6e77a8c699da6c53a9289fc604b7742b/element - {"using":"xpath","value":"//span[contains(text(), \"catalogItemfolsf\")]"}
RESULT: {"using":"xpath","value":"//span[contains(text(), \"catalogItemfolsf\")]"}
COMMAND: GET /session/6e77a8c699da6c53a9289fc604b7742b/element/f.93F4A61C81F21A46154A7CFE6A8617A2.d.FC872C067D1AA8902E437AE401BC1B3E.e.7850/text - {}
RESULT: {}
]]></system-out>
    </testcase>
    <testcase classname="chrome.136_0_7103_93.windows.Manage_requests_-_requests_specifications_US141095" name="Should add the classification to the catalog item" time="41.876">
      <system-out><![CDATA[
RESULT: undefined
COMMAND: POST /session/6e77a8c699da6c53a9289fc604b7742b/element - {"using":"xpath","value":"//*[@id=\"__button25\"]"}
RESULT: {"using":"xpath","value":"//*[@id=\"__button25\"]"}
COMMAND: POST /session/6e77a8c699da6c53a9289fc604b7742b/element/f.93F4A61C81F21A46154A7CFE6A8617A2.d.FC872C067D1AA8902E437AE401BC1B3E.e.7851/click - {}
RESULT: {}
COMMAND: GET /session/6e77a8c699da6c53a9289fc604b7742b/screenshot - {}
RESULT: {}
COMMAND: POST /session/6e77a8c699da6c53a9289fc604b7742b/execute/async - {"script":"<script> [1562 bytes]","args":[{"selector":{"id":"application-managecatalogs-display-component---detailCatalog--BASE_UNIT_OF_MEASURE-arrow"},"wdio_ui5_key":"applicationmanagecatalogs-display-component---detailCatalog--BASE_UNIT_OF_MEASURE-arrow"}]}
RESULT: {"script":"<script> [1562 bytes]","args":[{"selector":{"id":"application-managecatalogs-display-component---detailCatalog--BASE_UNIT_OF_MEASURE-arrow"},"wdio_ui5_key":"applicationmanagecatalogs-display-component---detailCatalog--BASE_UNIT_OF_MEASURE-arrow"}]}
RESULT: undefined
COMMAND: POST /session/6e77a8c699da6c53a9289fc604b7742b/element - {"using":"xpath","value":"//*[@id=\"application-managecatalogs-display-component---detailCatalog--BASE_UNIT_OF_MEASURE-arrow\"]"}
RESULT: {"using":"xpath","value":"//*[@id=\"application-managecatalogs-display-component---detailCatalog--BASE_UNIT_OF_MEASURE-arrow\"]"}
COMMAND: POST /session/6e77a8c699da6c53a9289fc604b7742b/element/f.93F4A61C81F21A46154A7CFE6A8617A2.d.FC872C067D1AA8902E437AE401BC1B3E.e.7880/click - {}
RESULT: {}
COMMAND: POST /session/6e77a8c699da6c53a9289fc604b7742b/execute/async - {"script":"<script> [1562 bytes]","args":[{"selector":{"controlType":"sap.m.StandardListItem","viewName":"etm.portal.ui.managecatalogs.view.Detail","viewId":"application-managecatalogs-display-component---detailCatalog","properties":{"title":"Piece"},"searchOpenDialogs":true,"interaction":{"idSuffix":"titleText"}},"wdio_ui5_key":"etmportal.ui.managecatalogs.view.Detailsap.m.StandardListItem{\"title\":\"Piece\"}"}]}
COMMAND: GET /session/6e77a8c699da6c53a9289fc604b7742b/screenshot - {}
RESULT: {"script":"<script> [1562 bytes]","args":[{"selector":{"controlType":"sap.m.StandardListItem","viewName":"etm.portal.ui.managecatalogs.view.Detail","viewId":"application-managecatalogs-display-component---detailCatalog","properties":{"title":"Piece"},"searchOpenDialogs":true,"interaction":{"idSuffix":"titleText"}},"wdio_ui5_key":"etmportal.ui.managecatalogs.view.Detailsap.m.StandardListItem{\"title\":\"Piece\"}"}]}
RESULT: undefined
COMMAND: POST /session/6e77a8c699da6c53a9289fc604b7742b/element - {"using":"xpath","value":"//*[@id=\"__item224\"]"}
RESULT: {}
RESULT: {"using":"xpath","value":"//*[@id=\"__item224\"]"}
COMMAND: POST /session/6e77a8c699da6c53a9289fc604b7742b/element/f.93F4A61C81F21A46154A7CFE6A8617A2.d.FC872C067D1AA8902E437AE401BC1B3E.e.7882/click - {}
RESULT: {}
COMMAND: POST /session/6e77a8c699da6c53a9289fc604b7742b/element - {"using":"xpath","value":"//button[contains(@data-kt ,\"ClassificationAddClassButton\")]"}
COMMAND: GET /session/6e77a8c699da6c53a9289fc604b7742b/screenshot - {}
RESULT: {"using":"xpath","value":"//button[contains(@data-kt ,\"ClassificationAddClassButton\")]"}
COMMAND: POST /session/6e77a8c699da6c53a9289fc604b7742b/element/f.93F4A61C81F21A46154A7CFE6A8617A2.d.FC872C067D1AA8902E437AE401BC1B3E.e.7883/click - {}
RESULT: {}
RESULT: {}
COMMAND: GET /session/6e77a8c699da6c53a9289fc604b7742b/screenshot - {}
RESULT: {}
COMMAND: POST /session/6e77a8c699da6c53a9289fc604b7742b/element - {"using":"xpath","value":"//input[contains(@id ,\"searchField-I\")]"}
RESULT: {"using":"xpath","value":"//input[contains(@id ,\"searchField-I\")]"}
COMMAND: POST /session/6e77a8c699da6c53a9289fc604b7742b/element/f.93F4A61C81F21A46154A7CFE6A8617A2.d.FC872C067D1AA8902E437AE401BC1B3E.e.7886/value - {"text":"WebdriverItemClass34rcui"}
RESULT: {"text":"WebdriverItemClass34rcui"}
COMMAND: POST /session/6e77a8c699da6c53a9289fc604b7742b/actions - {"actions":[{"id":"action51","type":"key","parameters":{},"actions":[{"type":"keyDown","value":"î€‡"},{"type":"pause","duration":10},{"type":"keyUp","value":"î€‡"}]}]}
COMMAND: GET /session/6e77a8c699da6c53a9289fc604b7742b/screenshot - {}
RESULT: {"actions":[{"id":"action51","type":"key","parameters":{},"actions":[{"type":"keyDown","value":"î€‡"},{"type":"pause","duration":10},{"type":"keyUp","value":"î€‡"}]}]}
COMMAND: GET /session/6e77a8c699da6c53a9289fc604b7742b/screenshot - {}
RESULT: {}
RESULT: {}
COMMAND: POST /session/6e77a8c699da6c53a9289fc604b7742b/element - {"using":"xpath","value":"//span[contains(text(), \"WebdriverItemClass34rcui\")]"}
RESULT: {"using":"xpath","value":"//span[contains(text(), \"WebdriverItemClass34rcui\")]"}
COMMAND: POST /session/6e77a8c699da6c53a9289fc604b7742b/element/f.93F4A61C81F21A46154A7CFE6A8617A2.d.FC872C067D1AA8902E437AE401BC1B3E.e.7902/click - {}
RESULT: {}
COMMAND: GET /session/6e77a8c699da6c53a9289fc604b7742b/screenshot - {}
RESULT: {}
COMMAND: POST /session/6e77a8c699da6c53a9289fc604b7742b/execute/async - {"script":"<script> [1562 bytes]","args":[{"selector":{"controlType":"sap.m.Button","viewName":"etm.portal.ui.managecatalogs.view.Detail","viewId":"application-managecatalogs-display-component---detailCatalog","properties":{"text":"Classification"},"interaction":{"idSuffix":"BDI-content"}},"wdio_ui5_key":"etmportal.ui.managecatalogs.view.Detailsap.m.Button{\"text\":\"Classification\"}"}]}
RESULT: {"script":"<script> [1562 bytes]","args":[{"selector":{"controlType":"sap.m.Button","viewName":"etm.portal.ui.managecatalogs.view.Detail","viewId":"application-managecatalogs-display-component---detailCatalog","properties":{"text":"Classification"},"interaction":{"idSuffix":"BDI-content"}},"wdio_ui5_key":"etmportal.ui.managecatalogs.view.Detailsap.m.Button{\"text\":\"Classification\"}"}]}
RESULT: undefined
COMMAND: POST /session/6e77a8c699da6c53a9289fc604b7742b/element - {"using":"xpath","value":"//*[@id=\"application-managecatalogs-display-component---detailCatalog--ObjectPageLayout-anchBar-__section3-anchor\"]"}
RESULT: {"using":"xpath","value":"//*[@id=\"application-managecatalogs-display-component---detailCatalog--ObjectPageLayout-anchBar-__section3-anchor\"]"}
COMMAND: POST /session/6e77a8c699da6c53a9289fc604b7742b/element/f.93F4A61C81F21A46154A7CFE6A8617A2.d.FC872C067D1AA8902E437AE401BC1B3E.e.7908/click - {}
RESULT: {}
COMMAND: POST /session/6e77a8c699da6c53a9289fc604b7742b/execute/async - {"script":"<script> [1562 bytes]","args":[{"selector":{"controlType":"sap.ui.core.Icon","viewName":"etm.portal.ui.managecatalogs.view.Detail","viewId":"application-managecatalogs-display-component---detailCatalog","properties":{"src":{"regex":{"source":"slim\\-arrow\\-right"}}},"ancestor":{"controlType":"sap.m.Panel","viewName":"etm.portal.ui.managecatalogs.view.Detail","viewId":"application-managecatalogs-display-component---detailCatalog"}},"wdio_ui5_key":"etmportal.ui.managecatalogs.view.Detailsap.ui.core.Icon{\"src\":{\"regex\":{\"source\":\"slim\\\\-arrow\\\\-right\"}}}{\"controlType\":\"sap.m.Panel\",\"viewName\":\"etm.portal.ui.managecatalogs.view.Detail\",\"viewId\":\"application-managecatalogs-display-component---detailCatalog\"}"}]}
COMMAND: GET /session/6e77a8c699da6c53a9289fc604b7742b/screenshot - {}
RESULT: {"script":"<script> [1562 bytes]","args":[{"selector":{"controlType":"sap.ui.core.Icon","viewName":"etm.portal.ui.managecatalogs.view.Detail","viewId":"application-managecatalogs-display-component---detailCatalog","properties":{"src":{"regex":{"source":"slim\\-arrow\\-right"}}},"ancestor":{"controlType":"sap.m.Panel","viewName":"etm.portal.ui.managecatalogs.view.Detail","viewId":"application-managecatalogs-display-component---detailCatalog"}},"wdio_ui5_key":"etmportal.ui.managecatalogs.view.Detailsap.ui.core.Icon{\"src\":{\"regex\":{\"source\":\"slim\\\\-arrow\\\\-right\"}}}{\"controlType\":\"sap.m.Panel\",\"viewName\":\"etm.portal.ui.managecatalogs.view.Detail\",\"viewId\":\"application-managecatalogs-display-component---detailCatalog\"}"}]}
RESULT: undefined
COMMAND: POST /session/6e77a8c699da6c53a9289fc604b7742b/element - {"using":"xpath","value":"//*[@id=\"__panel0-__layout17-0-expandButton-img\"]"}
RESULT: {}
RESULT: {"using":"xpath","value":"//*[@id=\"__panel0-__layout17-0-expandButton-img\"]"}
COMMAND: POST /session/6e77a8c699da6c53a9289fc604b7742b/element/f.93F4A61C81F21A46154A7CFE6A8617A2.d.FC872C067D1AA8902E437AE401BC1B3E.e.7913/click - {}
RESULT: {}
COMMAND: POST /session/6e77a8c699da6c53a9289fc604b7742b/execute/async - {"script":"<script> [1562 bytes]","args":[{"selector":{"controlType":"sap.ui.core.Icon","viewName":"etm.portal.ui.managecatalogs.view.Detail","viewId":"application-managecatalogs-display-component---detailCatalog","properties":{"src":{"regex":{"source":"slim\\-arrow\\-down"}}},"ancestor":{"controlType":"sap.m.ColumnListItem","viewName":"etm.portal.ui.managecatalogs.view.Detail","viewId":"application-managecatalogs-display-component---detailCatalog","bindingPath":{"modelName":"classModel","path":"/data/0/PROPERTIES/0"},"ancestor":{"controlType":"sap.m.Table","viewName":"etm.portal.ui.managecatalogs.view.Detail","viewId":"application-managecatalogs-display-component---detailCatalog","bindingPath":{"path":"/data/0","propertyPath":"PROPERTIES","modelName":"classModel"}}}},"wdio_ui5_key":"etmportal.ui.managecatalogs.view.Detailsap.ui.core.Icon{\"src\":{\"regex\":{\"source\":\"slim\\\\-arrow\\\\-down\"}}}{\"controlType\":\"sap.m.ColumnListItem\",\"viewName\":\"etm.portal.ui.managecatalogs.view.Detail\",\"viewId\":\"application-managecatalogs-display-component---detailCatalog\",\"bindingPath\":{\"modelName\":\"classModel\",\"path\":\"/data/0/PROPERTIES/0\"},\"ancestor\":{\"controlType\":\"sap.m.Table\",\"viewName\":\"etm.portal.ui.managecatalogs.view.Detail\",\"viewId\":\"application-managecatalogs-display-component---detailCatalog\",\"bindingPath\":{\"path\":\"/data/0\",\"propertyPath\":\"PROPERTIES\",\"modelName\":\"classModel\"}}}"}]}
COMMAND: GET /session/6e77a8c699da6c53a9289fc604b7742b/screenshot - {}
RESULT: {"script":"<script> [1562 bytes]","args":[{"selector":{"controlType":"sap.ui.core.Icon","viewName":"etm.portal.ui.managecatalogs.view.Detail","viewId":"application-managecatalogs-display-component---detailCatalog","properties":{"src":{"regex":{"source":"slim\\-arrow\\-down"}}},"ancestor":{"controlType":"sap.m.ColumnListItem","viewName":"etm.portal.ui.managecatalogs.view.Detail","viewId":"application-managecatalogs-display-component---detailCatalog","bindingPath":{"modelName":"classModel","path":"/data/0/PROPERTIES/0"},"ancestor":{"controlType":"sap.m.Table","viewName":"etm.portal.ui.managecatalogs.view.Detail","viewId":"application-managecatalogs-display-component---detailCatalog","bindingPath":{"path":"/data/0","propertyPath":"PROPERTIES","modelName":"classModel"}}}},"wdio_ui5_key":"etmportal.ui.managecatalogs.view.Detailsap.ui.core.Icon{\"src\":{\"regex\":{\"source\":\"slim\\\\-arrow\\\\-down\"}}}{\"controlType\":\"sap.m.ColumnListItem\",\"viewName\":\"etm.portal.ui.managecatalogs.view.Detail\",\"viewId\":\"application-managecatalogs-display-component---detailCatalog\",\"bindingPath\":{\"modelName\":\"classModel\",\"path\":\"/data/0/PROPERTIES/0\"},\"ancestor\":{\"controlType\":\"sap.m.Table\",\"viewName\":\"etm.portal.ui.managecatalogs.view.Detail\",\"viewId\":\"application-managecatalogs-display-component---detailCatalog\",\"bindingPath\":{\"path\":\"/data/0\",\"propertyPath\":\"PROPERTIES\",\"modelName\":\"classModel\"}}}"}]}
RESULT: undefined
COMMAND: POST /session/6e77a8c699da6c53a9289fc604b7742b/element - {"using":"xpath","value":"//*[@id=\"__box31-arrow\"]"}
RESULT: {}
RESULT: {"using":"xpath","value":"//*[@id=\"__box31-arrow\"]"}
COMMAND: POST /session/6e77a8c699da6c53a9289fc604b7742b/element/f.93F4A61C81F21A46154A7CFE6A8617A2.d.FC872C067D1AA8902E437AE401BC1B3E.e.7926/click - {}
RESULT: {}
COMMAND: POST /session/6e77a8c699da6c53a9289fc604b7742b/execute/async - {"script":"<script> [1562 bytes]","args":[{"selector":{"controlType":"sap.m.StandardListItem","viewName":"etm.portal.ui.managecatalogs.view.Detail","viewId":"application-managecatalogs-display-component---detailCatalog","properties":{"title":"red"},"searchOpenDialogs":true,"interaction":{"idSuffix":"content"}},"wdio_ui5_key":"etmportal.ui.managecatalogs.view.Detailsap.m.StandardListItem{\"title\":\"red\"}"}]}
COMMAND: GET /session/6e77a8c699da6c53a9289fc604b7742b/screenshot - {}
RESULT: {"script":"<script> [1562 bytes]","args":[{"selector":{"controlType":"sap.m.StandardListItem","viewName":"etm.portal.ui.managecatalogs.view.Detail","viewId":"application-managecatalogs-display-component---detailCatalog","properties":{"title":"red"},"searchOpenDialogs":true,"interaction":{"idSuffix":"content"}},"wdio_ui5_key":"etmportal.ui.managecatalogs.view.Detailsap.m.StandardListItem{\"title\":\"red\"}"}]}
RESULT: undefined
COMMAND: POST /session/6e77a8c699da6c53a9289fc604b7742b/element - {"using":"xpath","value":"//*[@id=\"__item232\"]"}
RESULT: {}
RESULT: {"using":"xpath","value":"//*[@id=\"__item232\"]"}
COMMAND: POST /session/6e77a8c699da6c53a9289fc604b7742b/element/f.93F4A61C81F21A46154A7CFE6A8617A2.d.FC872C067D1AA8902E437AE401BC1B3E.e.7929/click - {}
RESULT: {}
COMMAND: GET /session/6e77a8c699da6c53a9289fc604b7742b/screenshot - {}
RESULT: {}
COMMAND: POST /session/6e77a8c699da6c53a9289fc604b7742b/execute/async - {"script":"<script> [1562 bytes]","args":[{"selector":{"controlType":"sap.m.Button","viewName":"etm.portal.ui.managecatalogs.view.Detail","viewId":"application-managecatalogs-display-component---detailCatalog","i18NText":{"propertyName":"text","key":"save"},"interaction":{"idSuffix":"BDI-content"}},"wdio_ui5_key":"etmportal.ui.managecatalogs.view.Detailsap.m.Button{\"propertyName\":\"text\",\"key\":\"save\"}"}]}
RESULT: {"script":"<script> [1562 bytes]","args":[{"selector":{"controlType":"sap.m.Button","viewName":"etm.portal.ui.managecatalogs.view.Detail","viewId":"application-managecatalogs-display-component---detailCatalog","i18NText":{"propertyName":"text","key":"save"},"interaction":{"idSuffix":"BDI-content"}},"wdio_ui5_key":"etmportal.ui.managecatalogs.view.Detailsap.m.Button{\"propertyName\":\"text\",\"key\":\"save\"}"}]}
RESULT: undefined
COMMAND: POST /session/6e77a8c699da6c53a9289fc604b7742b/element - {"using":"xpath","value":"//*[@id=\"__button43\"]"}
RESULT: {"using":"xpath","value":"//*[@id=\"__button43\"]"}
COMMAND: POST /session/6e77a8c699da6c53a9289fc604b7742b/element/f.93F4A61C81F21A46154A7CFE6A8617A2.d.FC872C067D1AA8902E437AE401BC1B3E.e.7853/click - {}
RESULT: {}
COMMAND: GET /session/6e77a8c699da6c53a9289fc604b7742b/screenshot - {}
RESULT: {}
COMMAND: POST /session/6e77a8c699da6c53a9289fc604b7742b/element - {"using":"css selector","value":"#shell-header-logo"}
RESULT: {"using":"css selector","value":"#shell-header-logo"}
COMMAND: POST /session/6e77a8c699da6c53a9289fc604b7742b/element/f.93F4A61C81F21A46154A7CFE6A8617A2.d.FC872C067D1AA8902E437AE401BC1B3E.e.7686/click - {}
RESULT: {}
COMMAND: GET /session/6e77a8c699da6c53a9289fc604b7742b/screenshot - {}
RESULT: {}
]]></system-out>
    </testcase>
    <testcase classname="chrome.136_0_7103_93.windows.Manage_requests_-_requests_specifications_US141095" name="Should create a new request and add the catalog item with the specifications" time="157.859">
      <system-out><![CDATA[
COMMAND: POST /session/6e77a8c699da6c53a9289fc604b7742b/execute/async - {"script":"<script> [1562 bytes]","args":[{"selector":{"controlType":"sap.m.GenericTile","properties":{"header":"Manage Requests"}},"wdio_ui5_key":"sapm.GenericTile{\"header\":\"Manage Requests\"}"}]}
RESULT: {"script":"<script> [1562 bytes]","args":[{"selector":{"controlType":"sap.m.GenericTile","properties":{"header":"Manage Requests"}},"wdio_ui5_key":"sapm.GenericTile{\"header\":\"Manage Requests\"}"}]}
RESULT: undefined
COMMAND: POST /session/6e77a8c699da6c53a9289fc604b7742b/element - {"using":"xpath","value":"//*[@id=\"__tile47\"]"}
RESULT: {"using":"xpath","value":"//*[@id=\"__tile47\"]"}
COMMAND: POST /session/6e77a8c699da6c53a9289fc604b7742b/element/f.93F4A61C81F21A46154A7CFE6A8617A2.d.FC872C067D1AA8902E437AE401BC1B3E.e.7958/click - {}
RESULT: {}
COMMAND: GET /session/6e77a8c699da6c53a9289fc604b7742b/screenshot - {}
RESULT: {}
COMMAND: POST /session/6e77a8c699da6c53a9289fc604b7742b/elements - {"using":"xpath","value":"//span[text()='Error']"}
RESULT: {"using":"xpath","value":"//span[text()='Error']"}
COMMAND: POST /session/6e77a8c699da6c53a9289fc604b7742b/element - {"using":"xpath","value":"//button[contains(@data-kt ,\"btnCreateNewOverflowToolbarButton\")]"}
COMMAND: POST /session/6e77a8c699da6c53a9289fc604b7742b/element - {"using":"xpath","value":"(//span[contains(@class ,\"sapMObjStatusText\")])[1]"}
RESULT: {"using":"xpath","value":"//button[contains(@data-kt ,\"btnCreateNewOverflowToolbarButton\")]"}
COMMAND: POST /session/6e77a8c699da6c53a9289fc604b7742b/element/f.93F4A61C81F21A46154A7CFE6A8617A2.d.FC872C067D1AA8902E437AE401BC1B3E.e.8015/click - {}
RESULT: {"using":"xpath","value":"(//span[contains(@class ,\"sapMObjStatusText\")])[1]"}
COMMAND: POST /session/6e77a8c699da6c53a9289fc604b7742b/execute/sync - {"script":"<script> [8489 bytes]","args":[{"element-6066-11e4-a52e-4f735466cecf":"f.93F4A61C81F21A46154A7CFE6A8617A2.d.FC872C067D1AA8902E437AE401BC1B3E.e.8053","ELEMENT":"f.93F4A61C81F21A46154A7CFE6A8617A2.d.FC872C067D1AA8902E437AE401BC1B3E.e.8053"}]}
RESULT: {}
COMMAND: GET /session/6e77a8c699da6c53a9289fc604b7742b/screenshot - {}
RESULT: {"script":"<script> [8489 bytes]","args":[{"element-6066-11e4-a52e-4f735466cecf":"f.93F4A61C81F21A46154A7CFE6A8617A2.d.FC872C067D1AA8902E437AE401BC1B3E.e.8053","ELEMENT":"f.93F4A61C81F21A46154A7CFE6A8617A2.d.FC872C067D1AA8902E437AE401BC1B3E.e.8053"}]}
COMMAND: GET /session/6e77a8c699da6c53a9289fc604b7742b/screenshot - {}
RESULT: {}
RESULT: {}
COMMAND: POST /session/6e77a8c699da6c53a9289fc604b7742b/element - {"using":"xpath","value":"//input[contains(@id ,\"yardId-inner\")]"}
RESULT: {"using":"xpath","value":"//input[contains(@id ,\"yardId-inner\")]"}
COMMAND: POST /session/6e77a8c699da6c53a9289fc604b7742b/execute/sync - {"script":"<script> [8489 bytes]","args":[{"element-6066-11e4-a52e-4f735466cecf":"f.93F4A61C81F21A46154A7CFE6A8617A2.d.FC872C067D1AA8902E437AE401BC1B3E.e.8154","ELEMENT":"f.93F4A61C81F21A46154A7CFE6A8617A2.d.FC872C067D1AA8902E437AE401BC1B3E.e.8154"}]}
RESULT: {"script":"<script> [8489 bytes]","args":[{"element-6066-11e4-a52e-4f735466cecf":"f.93F4A61C81F21A46154A7CFE6A8617A2.d.FC872C067D1AA8902E437AE401BC1B3E.e.8154","ELEMENT":"f.93F4A61C81F21A46154A7CFE6A8617A2.d.FC872C067D1AA8902E437AE401BC1B3E.e.8154"}]}
COMMAND: POST /session/6e77a8c699da6c53a9289fc604b7742b/element - {"using":"xpath","value":"//input[contains(@id ,\"yardId-inner\")]"}
COMMAND: GET /session/6e77a8c699da6c53a9289fc604b7742b/screenshot - {}
RESULT: {"using":"xpath","value":"//input[contains(@id ,\"yardId-inner\")]"}
COMMAND: GET /session/6e77a8c699da6c53a9289fc604b7742b/element/f.93F4A61C81F21A46154A7CFE6A8617A2.d.FC872C067D1AA8902E437AE401BC1B3E.e.8154/enabled - {}
RESULT: {}
RESULT: {}
COMMAND: POST /session/6e77a8c699da6c53a9289fc604b7742b/element/f.93F4A61C81F21A46154A7CFE6A8617A2.d.FC872C067D1AA8902E437AE401BC1B3E.e.8154/clear - {}
COMMAND: GET /session/6e77a8c699da6c53a9289fc604b7742b/screenshot - {}
RESULT: {}
COMMAND: POST /session/6e77a8c699da6c53a9289fc604b7742b/element/f.93F4A61C81F21A46154A7CFE6A8617A2.d.FC872C067D1AA8902E437AE401BC1B3E.e.8154/value - {"text":"WebdriverYardowxms"}
COMMAND: GET /session/6e77a8c699da6c53a9289fc604b7742b/screenshot - {}
RESULT: {}
RESULT: {"text":"WebdriverYardowxms"}
COMMAND: GET /session/6e77a8c699da6c53a9289fc604b7742b/screenshot - {}
RESULT: {}
RESULT: {}
COMMAND: POST /session/6e77a8c699da6c53a9289fc604b7742b/element - {"using":"xpath","value":"//input[contains(@id ,\"customerNumber-inner\")]"}
RESULT: {"using":"xpath","value":"//input[contains(@id ,\"customerNumber-inner\")]"}
COMMAND: POST /session/6e77a8c699da6c53a9289fc604b7742b/element/f.93F4A61C81F21A46154A7CFE6A8617A2.d.FC872C067D1AA8902E437AE401BC1B3E.e.8148/value - {"text":"WebdriverPartnern1kjv"}
COMMAND: POST /session/6e77a8c699da6c53a9289fc604b7742b/actions - {"actions":[{"id":"action52","type":"key","parameters":{},"actions":[{"type":"keyDown","value":"î€‡"},{"type":"pause","duration":10},{"type":"keyUp","value":"î€‡"}]}]}
RESULT: {"actions":[{"id":"action52","type":"key","parameters":{},"actions":[{"type":"keyDown","value":"î€‡"},{"type":"pause","duration":10},{"type":"keyUp","value":"î€‡"}]}]}
COMMAND: GET /session/6e77a8c699da6c53a9289fc604b7742b/screenshot - {}
RESULT: {"text":"WebdriverPartnern1kjv"}
COMMAND: GET /session/6e77a8c699da6c53a9289fc604b7742b/screenshot - {}
RESULT: {}
RESULT: {}
COMMAND: POST /session/6e77a8c699da6c53a9289fc604b7742b/actions - {"actions":[{"id":"action53","type":"key","parameters":{},"actions":[{"type":"keyDown","value":"î€‡"},{"type":"pause","duration":10},{"type":"keyUp","value":"î€‡"}]}]}
RESULT: {"actions":[{"id":"action53","type":"key","parameters":{},"actions":[{"type":"keyDown","value":"î€‡"},{"type":"pause","duration":10},{"type":"keyUp","value":"î€‡"}]}]}
COMMAND: GET /session/6e77a8c699da6c53a9289fc604b7742b/screenshot - {}
RESULT: {}
COMMAND: POST /session/6e77a8c699da6c53a9289fc604b7742b/element - {"using":"xpath","value":"//input[contains(@id ,\"requestSiteId-inner\")]"}
RESULT: {"using":"xpath","value":"//input[contains(@id ,\"requestSiteId-inner\")]"}
COMMAND: POST /session/6e77a8c699da6c53a9289fc604b7742b/element/f.93F4A61C81F21A46154A7CFE6A8617A2.d.FC872C067D1AA8902E437AE401BC1B3E.e.8147/value - {"text":"WebdriverSite6aqq2"}
RESULT: {"text":"WebdriverSite6aqq2"}
COMMAND: GET /session/6e77a8c699da6c53a9289fc604b7742b/screenshot - {}
RESULT: {}
COMMAND: POST /session/6e77a8c699da6c53a9289fc604b7742b/actions - {"actions":[{"id":"action54","type":"key","parameters":{},"actions":[{"type":"keyDown","value":"î€‡"},{"type":"pause","duration":10},{"type":"keyUp","value":"î€‡"}]}]}
RESULT: {"actions":[{"id":"action54","type":"key","parameters":{},"actions":[{"type":"keyDown","value":"î€‡"},{"type":"pause","duration":10},{"type":"keyUp","value":"î€‡"}]}]}
COMMAND: POST /session/6e77a8c699da6c53a9289fc604b7742b/execute/async - {"script":"<script> [1562 bytes]","args":[{"selector":{"controlType":"sap.ui.core.Icon","viewName":"etm.portal.ui.managerequests.view.NewRequest","properties":{"src":{"regex":{"source":"add"}}}},"wdio_ui5_key":"etmportal.ui.managerequests.view.NewRequestsap.ui.core.Icon{\"src\":{\"regex\":{\"source\":\"add\"}}}"}]}
COMMAND: GET /session/6e77a8c699da6c53a9289fc604b7742b/screenshot - {}
RESULT: {"script":"<script> [1562 bytes]","args":[{"selector":{"controlType":"sap.ui.core.Icon","viewName":"etm.portal.ui.managerequests.view.NewRequest","properties":{"src":{"regex":{"source":"add"}}}},"wdio_ui5_key":"etmportal.ui.managerequests.view.NewRequestsap.ui.core.Icon{\"src\":{\"regex\":{\"source\":\"add\"}}}"}]}
RESULT: undefined
COMMAND: POST /session/6e77a8c699da6c53a9289fc604b7742b/element - {"using":"xpath","value":"//*[@id=\"__xmlview59--btnAddTableRow-img\"]"}
RESULT: {}
RESULT: {"using":"xpath","value":"//*[@id=\"__xmlview59--btnAddTableRow-img\"]"}
COMMAND: POST /session/6e77a8c699da6c53a9289fc604b7742b/element/f.93F4A61C81F21A46154A7CFE6A8617A2.d.FC872C067D1AA8902E437AE401BC1B3E.e.8314/click - {}
RESULT: {}
COMMAND: GET /session/6e77a8c699da6c53a9289fc604b7742b/screenshot - {}
RESULT: {}
COMMAND: POST /session/6e77a8c699da6c53a9289fc604b7742b/actions - {"actions":[{"id":"action55","type":"key","parameters":{},"actions":[{"type":"keyDown","value":"î€•"},{"type":"pause","duration":10},{"type":"keyUp","value":"î€•"}]}]}
RESULT: {"actions":[{"id":"action55","type":"key","parameters":{},"actions":[{"type":"keyDown","value":"î€•"},{"type":"pause","duration":10},{"type":"keyUp","value":"î€•"}]}]}
COMMAND: POST /session/6e77a8c699da6c53a9289fc604b7742b/actions - {"actions":[{"id":"action56","type":"key","parameters":{},"actions":[{"type":"keyDown","value":"î€‡"},{"type":"pause","duration":10},{"type":"keyUp","value":"î€‡"}]}]}
COMMAND: GET /session/6e77a8c699da6c53a9289fc604b7742b/screenshot - {}
RESULT: {"actions":[{"id":"action56","type":"key","parameters":{},"actions":[{"type":"keyDown","value":"î€‡"},{"type":"pause","duration":10},{"type":"keyUp","value":"î€‡"}]}]}
COMMAND: POST /session/6e77a8c699da6c53a9289fc604b7742b/element - {"using":"xpath","value":"(//input[contains(@id ,\"requestItemsTable-0-inner\")])[1]"}
COMMAND: GET /session/6e77a8c699da6c53a9289fc604b7742b/screenshot - {}
RESULT: {}
RESULT: {"using":"xpath","value":"(//input[contains(@id ,\"requestItemsTable-0-inner\")])[1]"}
COMMAND: POST /session/6e77a8c699da6c53a9289fc604b7742b/element/f.93F4A61C81F21A46154A7CFE6A8617A2.d.FC872C067D1AA8902E437AE401BC1B3E.e.8319/clear - {}
RESULT: {}
RESULT: {}
COMMAND: POST /session/6e77a8c699da6c53a9289fc604b7742b/element/f.93F4A61C81F21A46154A7CFE6A8617A2.d.FC872C067D1AA8902E437AE401BC1B3E.e.8319/value - {"text":"catalogItemNameokahi"}
COMMAND: GET /session/6e77a8c699da6c53a9289fc604b7742b/screenshot - {}
RESULT: {"text":"catalogItemNameokahi"}
COMMAND: GET /session/6e77a8c699da6c53a9289fc604b7742b/screenshot - {}
RESULT: {}
RESULT: {}
COMMAND: POST /session/6e77a8c699da6c53a9289fc604b7742b/actions - {"actions":[{"id":"action57","type":"key","parameters":{},"actions":[{"type":"keyDown","value":"î€‡"},{"type":"pause","duration":10},{"type":"keyUp","value":"î€‡"}]}]}
RESULT: {"actions":[{"id":"action57","type":"key","parameters":{},"actions":[{"type":"keyDown","value":"î€‡"},{"type":"pause","duration":10},{"type":"keyUp","value":"î€‡"}]}]}
COMMAND: GET /session/6e77a8c699da6c53a9289fc604b7742b/screenshot - {}
RESULT: {}
COMMAND: POST /session/6e77a8c699da6c53a9289fc604b7742b/execute/async - {"script":"<script> [1562 bytes]","args":[{"selector":{"controlType":"sap.m.Button","viewName":"etm.portal.ui.managerequests.view.NewRequest","i18NText":{"propertyName":"text","key":"requestSpecifications"},"interaction":{"idSuffix":"BDI-content"}},"wdio_ui5_key":"etmportal.ui.managerequests.view.NewRequestsap.m.Button{\"propertyName\":\"text\",\"key\":\"requestSpecifications\"}"}]}
RESULT: {"script":"<script> [1562 bytes]","args":[{"selector":{"controlType":"sap.m.Button","viewName":"etm.portal.ui.managerequests.view.NewRequest","i18NText":{"propertyName":"text","key":"requestSpecifications"},"interaction":{"idSuffix":"BDI-content"}},"wdio_ui5_key":"etmportal.ui.managerequests.view.NewRequestsap.m.Button{\"propertyName\":\"text\",\"key\":\"requestSpecifications\"}"}]}
RESULT: undefined
COMMAND: POST /session/6e77a8c699da6c53a9289fc604b7742b/element - {"using":"xpath","value":"//*[@id=\"__button78-__xmlview59--requestItemsTable-0\"]"}
RESULT: {"using":"xpath","value":"//*[@id=\"__button78-__xmlview59--requestItemsTable-0\"]"}
COMMAND: POST /session/6e77a8c699da6c53a9289fc604b7742b/element/f.93F4A61C81F21A46154A7CFE6A8617A2.d.FC872C067D1AA8902E437AE401BC1B3E.e.8333/click - {}
RESULT: {}
COMMAND: GET /session/6e77a8c699da6c53a9289fc604b7742b/screenshot - {}
RESULT: {}
COMMAND: POST /session/6e77a8c699da6c53a9289fc604b7742b/element - {"using":"xpath","value":"//input[@value=\"red\"]"}
RESULT: {"using":"xpath","value":"//input[@value=\"red\"]"}
COMMAND: POST /session/6e77a8c699da6c53a9289fc604b7742b/elements - {"using":"xpath","value":"//input[@value=\"red\"]"}
RESULT: {"using":"xpath","value":"//input[@value=\"red\"]"}
COMMAND: POST /session/6e77a8c699da6c53a9289fc604b7742b/execute/async - {"script":"<script> [1562 bytes]","args":[{"selector":{"controlType":"sap.m.Text","viewName":"etm.portal.ui.managerequests.view.NewRequest","bindingPath":{"path":"/currentEntries/0/PROPERTIES/0","propertyPath":"DESCRIPTION","modelName":"techSpecsClassificationModel"},"searchOpenDialogs":true},"wdio_ui5_key":"etmportal.ui.managerequests.view.NewRequestsap.m.Text{\"path\":\"/currentEntries/0/PROPERTIES/0\",\"propertyPath\":\"DESCRIPTION\",\"modelName\":\"techSpecsClassificationModel\"}"}]}
RESULT: {"script":"<script> [1562 bytes]","args":[{"selector":{"controlType":"sap.m.Text","viewName":"etm.portal.ui.managerequests.view.NewRequest","bindingPath":{"path":"/currentEntries/0/PROPERTIES/0","propertyPath":"DESCRIPTION","modelName":"techSpecsClassificationModel"},"searchOpenDialogs":true},"wdio_ui5_key":"etmportal.ui.managerequests.view.NewRequestsap.m.Text{\"path\":\"/currentEntries/0/PROPERTIES/0\",\"propertyPath\":\"DESCRIPTION\",\"modelName\":\"techSpecsClassificationModel\"}"}]}
RESULT: undefined
COMMAND: POST /session/6e77a8c699da6c53a9289fc604b7742b/execute/async - {"script":"<script> [6424 bytes]","args":[{"element-6066-11e4-a52e-4f735466cecf":"f.93F4A61C81F21A46154A7CFE6A8617A2.d.FC872C067D1AA8902E437AE401BC1B3E.e.8342"},"getText",[]]}
RESULT: {"script":"<script> [6424 bytes]","args":[{"element-6066-11e4-a52e-4f735466cecf":"f.93F4A61C81F21A46154A7CFE6A8617A2.d.FC872C067D1AA8902E437AE401BC1B3E.e.8342"},"getText",[]]}
COMMAND: POST /session/6e77a8c699da6c53a9289fc604b7742b/execute/async - {"script":"<script> [1562 bytes]","args":[{"selector":{"controlType":"sap.ui.core.Icon","viewName":"etm.portal.ui.managerequests.view.NewRequest","properties":{"src":{"regex":{"source":"slim\\-arrow\\-down"}}},"searchOpenDialogs":true},"wdio_ui5_key":"etmportal.ui.managerequests.view.NewRequestsap.ui.core.Icon{\"src\":{\"regex\":{\"source\":\"slim\\\\-arrow\\\\-down\"}}}"}]}
RESULT: {"script":"<script> [1562 bytes]","args":[{"selector":{"controlType":"sap.ui.core.Icon","viewName":"etm.portal.ui.managerequests.view.NewRequest","properties":{"src":{"regex":{"source":"slim\\-arrow\\-down"}}},"searchOpenDialogs":true},"wdio_ui5_key":"etmportal.ui.managerequests.view.NewRequestsap.ui.core.Icon{\"src\":{\"regex\":{\"source\":\"slim\\\\-arrow\\\\-down\"}}}"}]}
RESULT: undefined
COMMAND: POST /session/6e77a8c699da6c53a9289fc604b7742b/element - {"using":"xpath","value":"//*[@id=\"__box58-arrow\"]"}
RESULT: {"using":"xpath","value":"//*[@id=\"__box58-arrow\"]"}
COMMAND: POST /session/6e77a8c699da6c53a9289fc604b7742b/element/f.93F4A61C81F21A46154A7CFE6A8617A2.d.FC872C067D1AA8902E437AE401BC1B3E.e.8343/click - {}
RESULT: {}
COMMAND: POST /session/6e77a8c699da6c53a9289fc604b7742b/execute/async - {"script":"<script> [1562 bytes]","args":[{"selector":{"controlType":"sap.m.StandardListItem","viewName":"etm.portal.ui.managerequests.view.NewRequest","properties":{"title":"blue"},"searchOpenDialogs":true,"interaction":{"idSuffix":"content"}},"wdio_ui5_key":"etmportal.ui.managerequests.view.NewRequestsap.m.StandardListItem{\"title\":\"blue\"}"}]}
COMMAND: GET /session/6e77a8c699da6c53a9289fc604b7742b/screenshot - {}
RESULT: {"script":"<script> [1562 bytes]","args":[{"selector":{"controlType":"sap.m.StandardListItem","viewName":"etm.portal.ui.managerequests.view.NewRequest","properties":{"title":"blue"},"searchOpenDialogs":true,"interaction":{"idSuffix":"content"}},"wdio_ui5_key":"etmportal.ui.managerequests.view.NewRequestsap.m.StandardListItem{\"title\":\"blue\"}"}]}
RESULT: undefined
COMMAND: POST /session/6e77a8c699da6c53a9289fc604b7742b/element - {"using":"xpath","value":"//*[@id=\"__item1031\"]"}
RESULT: {}
RESULT: {"using":"xpath","value":"//*[@id=\"__item1031\"]"}
COMMAND: POST /session/6e77a8c699da6c53a9289fc604b7742b/element/f.93F4A61C81F21A46154A7CFE6A8617A2.d.FC872C067D1AA8902E437AE401BC1B3E.e.8345/click - {}
RESULT: {}
COMMAND: GET /session/6e77a8c699da6c53a9289fc604b7742b/screenshot - {}
RESULT: {}
COMMAND: POST /session/6e77a8c699da6c53a9289fc604b7742b/execute/async - {"script":"<script> [1562 bytes]","args":[{"selector":{"id":"saveButton","viewName":"etm.portal.ui.managerequests.view.NewRequest","searchOpenDialogs":true,"interaction":{"idSuffix":"BDI-content"}},"wdio_ui5_key":"saveButtonetmportal.ui.managerequests.view.NewRequest"}]}
RESULT: {"script":"<script> [1562 bytes]","args":[{"selector":{"id":"saveButton","viewName":"etm.portal.ui.managerequests.view.NewRequest","searchOpenDialogs":true,"interaction":{"idSuffix":"BDI-content"}},"wdio_ui5_key":"saveButtonetmportal.ui.managerequests.view.NewRequest"}]}
RESULT: undefined
COMMAND: POST /session/6e77a8c699da6c53a9289fc604b7742b/element - {"using":"xpath","value":"//*[@id=\"__xmlview59--saveButton\"]"}
RESULT: {"using":"xpath","value":"//*[@id=\"__xmlview59--saveButton\"]"}
COMMAND: POST /session/6e77a8c699da6c53a9289fc604b7742b/element/f.93F4A61C81F21A46154A7CFE6A8617A2.d.FC872C067D1AA8902E437AE401BC1B3E.e.8339/click - {}
RESULT: {}
COMMAND: POST /session/6e77a8c699da6c53a9289fc604b7742b/execute/async - {"script":"<script> [1562 bytes]","args":[{"selector":{"controlType":"sap.ui.core.Icon","viewName":"etm.portal.ui.managerequests.view.NewRequest","properties":{"src":{"regex":{"source":"slim\\-arrow\\-down"}}},"ancestor":{"controlType":"sap.m.Button","viewName":"etm.portal.ui.managerequests.view.NewRequest","properties":{"icon":"sap-icon://slim-arrow-down"}}},"wdio_ui5_key":"etmportal.ui.managerequests.view.NewRequestsap.ui.core.Icon{\"src\":{\"regex\":{\"source\":\"slim\\\\-arrow\\\\-down\"}}}{\"controlType\":\"sap.m.Button\",\"viewName\":\"etm.portal.ui.managerequests.view.NewRequest\",\"properties\":{\"icon\":\"sap-icon://slim-arrow-down\"}}"}]}
COMMAND: GET /session/6e77a8c699da6c53a9289fc604b7742b/screenshot - {}
RESULT: {"script":"<script> [1562 bytes]","args":[{"selector":{"controlType":"sap.ui.core.Icon","viewName":"etm.portal.ui.managerequests.view.NewRequest","properties":{"src":{"regex":{"source":"slim\\-arrow\\-down"}}},"ancestor":{"controlType":"sap.m.Button","viewName":"etm.portal.ui.managerequests.view.NewRequest","properties":{"icon":"sap-icon://slim-arrow-down"}}},"wdio_ui5_key":"etmportal.ui.managerequests.view.NewRequestsap.ui.core.Icon{\"src\":{\"regex\":{\"source\":\"slim\\\\-arrow\\\\-down\"}}}{\"controlType\":\"sap.m.Button\",\"viewName\":\"etm.portal.ui.managerequests.view.NewRequest\",\"properties\":{\"icon\":\"sap-icon://slim-arrow-down\"}}"}]}
RESULT: undefined
RESULT: {}
COMMAND: POST /session/6e77a8c699da6c53a9289fc604b7742b/element - {"using":"xpath","value":"//div[contains(@data-kt ,\"splitAllocationObjectStatus\")]"}
RESULT: {"using":"xpath","value":"//div[contains(@data-kt ,\"splitAllocationObjectStatus\")]"}
COMMAND: POST /session/6e77a8c699da6c53a9289fc604b7742b/elements - {"using":"xpath","value":"//div[contains(@data-kt ,\"splitAllocationObjectStatus\")]"}
RESULT: {"using":"xpath","value":"//div[contains(@data-kt ,\"splitAllocationObjectStatus\")]"}
COMMAND: POST /session/6e77a8c699da6c53a9289fc604b7742b/execute/async - {"script":"<script> [1562 bytes]","args":[{"selector":{"controlType":"sap.ui.core.Icon","viewName":"etm.portal.ui.managerequests.view.NewRequest","properties":{"src":{"regex":{"source":"message\\-error"}}}},"wdio_ui5_key":"etmportal.ui.managerequests.view.NewRequestsap.ui.core.Icon{\"src\":{\"regex\":{\"source\":\"message\\\\-error\"}}}"}]}
RESULT: {"script":"<script> [1562 bytes]","args":[{"selector":{"controlType":"sap.ui.core.Icon","viewName":"etm.portal.ui.managerequests.view.NewRequest","properties":{"src":{"regex":{"source":"message\\-error"}}}},"wdio_ui5_key":"etmportal.ui.managerequests.view.NewRequestsap.ui.core.Icon{\"src\":{\"regex\":{\"source\":\"message\\\\-error\"}}}"}]}
RESULT: undefined
COMMAND: POST /session/6e77a8c699da6c53a9289fc604b7742b/element - {"using":"xpath","value":"//*[@id=\"__status4-__xmlview59--requestItemsTable-0-icon\"]"}
RESULT: {"using":"xpath","value":"//*[@id=\"__status4-__xmlview59--requestItemsTable-0-icon\"]"}
COMMAND: POST /session/6e77a8c699da6c53a9289fc604b7742b/element/f.93F4A61C81F21A46154A7CFE6A8617A2.d.FC872C067D1AA8902E437AE401BC1B3E.e.8348/click - {}
RESULT: {}
COMMAND: POST /session/6e77a8c699da6c53a9289fc604b7742b/execute/async - {"script":"<script> [1562 bytes]","args":[{"selector":{"controlType":"sap.ui.core.Icon","viewName":"etm.portal.ui.managerequests.view.NewRequest","properties":{"src":{"regex":{"source":"slim\\-arrow\\-down"}}},"searchOpenDialogs":true,"ancestor":{"id":"costObjectAdminTypeComboBox","viewName":"etm.portal.ui.managerequests.view.NewRequest","searchOpenDialogs":true}},"wdio_ui5_key":"etmportal.ui.managerequests.view.NewRequestsap.ui.core.Icon{\"src\":{\"regex\":{\"source\":\"slim\\\\-arrow\\\\-down\"}}}{\"id\":\"costObjectAdminTypeComboBox\",\"viewName\":\"etm.portal.ui.managerequests.view.NewRequest\",\"searchOpenDialogs\":true}"}]}
COMMAND: GET /session/6e77a8c699da6c53a9289fc604b7742b/screenshot - {}
RESULT: {}
RESULT: {"script":"<script> [1562 bytes]","args":[{"selector":{"controlType":"sap.ui.core.Icon","viewName":"etm.portal.ui.managerequests.view.NewRequest","properties":{"src":{"regex":{"source":"slim\\-arrow\\-down"}}},"searchOpenDialogs":true,"ancestor":{"id":"costObjectAdminTypeComboBox","viewName":"etm.portal.ui.managerequests.view.NewRequest","searchOpenDialogs":true}},"wdio_ui5_key":"etmportal.ui.managerequests.view.NewRequestsap.ui.core.Icon{\"src\":{\"regex\":{\"source\":\"slim\\\\-arrow\\\\-down\"}}}{\"id\":\"costObjectAdminTypeComboBox\",\"viewName\":\"etm.portal.ui.managerequests.view.NewRequest\",\"searchOpenDialogs\":true}"}]}
RESULT: undefined
COMMAND: POST /session/6e77a8c699da6c53a9289fc604b7742b/element - {"using":"xpath","value":"//*[@id=\"__xmlview59--costObjectAdminTypeComboBox-arrow\"]"}
RESULT: {"using":"xpath","value":"//*[@id=\"__xmlview59--costObjectAdminTypeComboBox-arrow\"]"}
COMMAND: POST /session/6e77a8c699da6c53a9289fc604b7742b/element/f.93F4A61C81F21A46154A7CFE6A8617A2.d.FC872C067D1AA8902E437AE401BC1B3E.e.8352/click - {}
RESULT: {}
COMMAND: POST /session/6e77a8c699da6c53a9289fc604b7742b/execute/async - {"script":"<script> [1562 bytes]","args":[{"selector":{"controlType":"sap.m.StandardListItem","viewName":"etm.portal.ui.managerequests.view.NewRequest","properties":{"title":"Cost Center"},"searchOpenDialogs":true,"interaction":{"idSuffix":"titleText"}},"wdio_ui5_key":"etmportal.ui.managerequests.view.NewRequestsap.m.StandardListItem{\"title\":\"Cost Center\"}"}]}
COMMAND: GET /session/6e77a8c699da6c53a9289fc604b7742b/screenshot - {}
RESULT: {"script":"<script> [1562 bytes]","args":[{"selector":{"controlType":"sap.m.StandardListItem","viewName":"etm.portal.ui.managerequests.view.NewRequest","properties":{"title":"Cost Center"},"searchOpenDialogs":true,"interaction":{"idSuffix":"titleText"}},"wdio_ui5_key":"etmportal.ui.managerequests.view.NewRequestsap.m.StandardListItem{\"title\":\"Cost Center\"}"}]}
RESULT: undefined
COMMAND: POST /session/6e77a8c699da6c53a9289fc604b7742b/element - {"using":"xpath","value":"//*[@id=\"__item1034\"]"}
RESULT: {}
RESULT: {"using":"xpath","value":"//*[@id=\"__item1034\"]"}
COMMAND: POST /session/6e77a8c699da6c53a9289fc604b7742b/element/f.93F4A61C81F21A46154A7CFE6A8617A2.d.FC872C067D1AA8902E437AE401BC1B3E.e.8355/click - {}
RESULT: {}
COMMAND: GET /session/6e77a8c699da6c53a9289fc604b7742b/screenshot - {}
RESULT: {}
COMMAND: POST /session/6e77a8c699da6c53a9289fc604b7742b/execute/async - {"script":"<script> [1562 bytes]","args":[{"selector":{"controlType":"sap.ui.core.Icon","viewName":"etm.portal.ui.managerequests.view.NewRequest","properties":{"src":{"regex":{"source":"value\\-help"}}},"searchOpenDialogs":true},"wdio_ui5_key":"etmportal.ui.managerequests.view.NewRequestsap.ui.core.Icon{\"src\":{\"regex\":{\"source\":\"value\\\\-help\"}}}"}]}
RESULT: {"script":"<script> [1562 bytes]","args":[{"selector":{"controlType":"sap.ui.core.Icon","viewName":"etm.portal.ui.managerequests.view.NewRequest","properties":{"src":{"regex":{"source":"value\\-help"}}},"searchOpenDialogs":true},"wdio_ui5_key":"etmportal.ui.managerequests.view.NewRequestsap.ui.core.Icon{\"src\":{\"regex\":{\"source\":\"value\\\\-help\"}}}"}]}
RESULT: undefined
COMMAND: POST /session/6e77a8c699da6c53a9289fc604b7742b/element - {"using":"xpath","value":"//*[@id=\"__xmlview59--costObjectIdComboBox-vhi\"]"}
RESULT: {"using":"xpath","value":"//*[@id=\"__xmlview59--costObjectIdComboBox-vhi\"]"}
COMMAND: POST /session/6e77a8c699da6c53a9289fc604b7742b/element/f.93F4A61C81F21A46154A7CFE6A8617A2.d.FC872C067D1AA8902E437AE401BC1B3E.e.8363/click - {}
RESULT: {}
COMMAND: POST /session/6e77a8c699da6c53a9289fc604b7742b/execute/async - {"script":"<script> [1562 bytes]","args":[{"selector":{"controlType":"sap.m.SearchField","properties":{"placeholder":"Search"},"searchOpenDialogs":true,"interaction":{"idSuffix":"I"}},"wdio_ui5_key":"sapm.SearchField{\"placeholder\":\"Search\"}"}]}
COMMAND: GET /session/6e77a8c699da6c53a9289fc604b7742b/screenshot - {}
RESULT: {"script":"<script> [1562 bytes]","args":[{"selector":{"controlType":"sap.m.SearchField","properties":{"placeholder":"Search"},"searchOpenDialogs":true,"interaction":{"idSuffix":"I"}},"wdio_ui5_key":"sapm.SearchField{\"placeholder\":\"Search\"}"}]}
RESULT: undefined
COMMAND: POST /session/6e77a8c699da6c53a9289fc604b7742b/execute/async - {"script":"<script> [776 bytes]","args":[{"enterText":"10001010","selector":{"controlType":"sap.m.SearchField","properties":{"placeholder":"Search"},"searchOpenDialogs":true,"interaction":{"idSuffix":"I"}},"clearTextFirst":true,"interactionType":"ENTER_TEXT"}]}
RESULT: {}
RESULT: {"script":"<script> [776 bytes]","args":[{"enterText":"10001010","selector":{"controlType":"sap.m.SearchField","properties":{"placeholder":"Search"},"searchOpenDialogs":true,"interaction":{"idSuffix":"I"}},"clearTextFirst":true,"interactionType":"ENTER_TEXT"}]}
COMMAND: POST /session/6e77a8c699da6c53a9289fc604b7742b/actions - {"actions":[{"id":"action58","type":"key","parameters":{},"actions":[{"type":"keyDown","value":"î€‡"},{"type":"pause","duration":10},{"type":"keyUp","value":"î€‡"}]}]}
RESULT: {"actions":[{"id":"action58","type":"key","parameters":{},"actions":[{"type":"keyDown","value":"î€‡"},{"type":"pause","duration":10},{"type":"keyUp","value":"î€‡"}]}]}
COMMAND: GET /session/6e77a8c699da6c53a9289fc604b7742b/screenshot - {}
RESULT: {}
COMMAND: POST /session/6e77a8c699da6c53a9289fc604b7742b/execute/async - {"script":"<script> [1562 bytes]","args":[{"selector":{"controlType":"sap.m.Text","bindingPath":{"path":"/C_CostCtrValueHelp(CostCenter='10001010',ControllingArea='Z001')","propertyPath":"CostCenterName","modelName":"CostCenterModel"},"searchOpenDialogs":true},"wdio_ui5_key":"sapm.Text{\"path\":\"/C_CostCtrValueHelp(CostCenter='10001010',ControllingArea='Z001')\",\"propertyPath\":\"CostCenterName\",\"modelName\":\"CostCenterModel\"}"}]}
RESULT: {"script":"<script> [1562 bytes]","args":[{"selector":{"controlType":"sap.m.Text","bindingPath":{"path":"/C_CostCtrValueHelp(CostCenter='10001010',ControllingArea='Z001')","propertyPath":"CostCenterName","modelName":"CostCenterModel"},"searchOpenDialogs":true},"wdio_ui5_key":"sapm.Text{\"path\":\"/C_CostCtrValueHelp(CostCenter='10001010',ControllingArea='Z001')\",\"propertyPath\":\"CostCenterName\",\"modelName\":\"CostCenterModel\"}"}]}
RESULT: undefined
COMMAND: POST /session/6e77a8c699da6c53a9289fc604b7742b/element - {"using":"xpath","value":"//*[@id=\"__text550-__clone1254\"]"}
RESULT: {"using":"xpath","value":"//*[@id=\"__text550-__clone1254\"]"}
COMMAND: POST /session/6e77a8c699da6c53a9289fc604b7742b/element/f.93F4A61C81F21A46154A7CFE6A8617A2.d.FC872C067D1AA8902E437AE401BC1B3E.e.8404/click - {}
RESULT: {}
COMMAND: POST /session/6e77a8c699da6c53a9289fc604b7742b/execute/async - {"script":"<script> [1562 bytes]","args":[{"selector":{"controlType":"sap.m.Button","properties":{"text":"OK"},"searchOpenDialogs":true,"interaction":{"idSuffix":"BDI-content"}},"wdio_ui5_key":"sapm.Button{\"text\":\"OK\"}"}]}
COMMAND: GET /session/6e77a8c699da6c53a9289fc604b7742b/screenshot - {}
RESULT: {"script":"<script> [1562 bytes]","args":[{"selector":{"controlType":"sap.m.Button","properties":{"text":"OK"},"searchOpenDialogs":true,"interaction":{"idSuffix":"BDI-content"}},"wdio_ui5_key":"sapm.Button{\"text\":\"OK\"}"}]}
RESULT: undefined
COMMAND: POST /session/6e77a8c699da6c53a9289fc604b7742b/element - {"using":"xpath","value":"//*[@id=\"__dialog2-ok\"]"}
RESULT: {}
RESULT: {"using":"xpath","value":"//*[@id=\"__dialog2-ok\"]"}
COMMAND: POST /session/6e77a8c699da6c53a9289fc604b7742b/element/f.93F4A61C81F21A46154A7CFE6A8617A2.d.FC872C067D1AA8902E437AE401BC1B3E.e.8406/click - {}
RESULT: {}
COMMAND: GET /session/6e77a8c699da6c53a9289fc604b7742b/screenshot - {}
RESULT: {}
COMMAND: POST /session/6e77a8c699da6c53a9289fc604b7742b/execute/async - {"script":"<script> [1562 bytes]","args":[{"selector":{"controlType":"sap.m.Button","viewName":"etm.portal.ui.managerequests.view.NewRequest","i18NText":{"propertyName":"text","key":"save"},"searchOpenDialogs":true,"interaction":{"idSuffix":"BDI-content"}},"wdio_ui5_key":"etmportal.ui.managerequests.view.NewRequestsap.m.Button{\"propertyName\":\"text\",\"key\":\"save\"}"}]}
RESULT: {"script":"<script> [1562 bytes]","args":[{"selector":{"controlType":"sap.m.Button","viewName":"etm.portal.ui.managerequests.view.NewRequest","i18NText":{"propertyName":"text","key":"save"},"searchOpenDialogs":true,"interaction":{"idSuffix":"BDI-content"}},"wdio_ui5_key":"etmportal.ui.managerequests.view.NewRequestsap.m.Button{\"propertyName\":\"text\",\"key\":\"save\"}"}]}
RESULT: undefined
COMMAND: POST /session/6e77a8c699da6c53a9289fc604b7742b/element - {"using":"xpath","value":"//*[@id=\"__button91\"]"}
RESULT: {"using":"xpath","value":"//*[@id=\"__button91\"]"}
COMMAND: POST /session/6e77a8c699da6c53a9289fc604b7742b/element/f.93F4A61C81F21A46154A7CFE6A8617A2.d.FC872C067D1AA8902E437AE401BC1B3E.e.8410/click - {}
RESULT: {}
COMMAND: GET /session/6e77a8c699da6c53a9289fc604b7742b/screenshot - {}
RESULT: {}
COMMAND: POST /session/6e77a8c699da6c53a9289fc604b7742b/execute/async - {"script":"<script> [1562 bytes]","args":[{"selector":{"controlType":"sap.m.Button","viewName":"etm.portal.ui.managerequests.view.NewRequest","i18NText":{"propertyName":"tooltip","key":"save"},"interaction":{"idSuffix":"content"}},"wdio_ui5_key":"etmportal.ui.managerequests.view.NewRequestsap.m.Button{\"propertyName\":\"tooltip\",\"key\":\"save\"}"}]}
RESULT: {"script":"<script> [1562 bytes]","args":[{"selector":{"controlType":"sap.m.Button","viewName":"etm.portal.ui.managerequests.view.NewRequest","i18NText":{"propertyName":"tooltip","key":"save"},"interaction":{"idSuffix":"content"}},"wdio_ui5_key":"etmportal.ui.managerequests.view.NewRequestsap.m.Button{\"propertyName\":\"tooltip\",\"key\":\"save\"}"}]}
RESULT: undefined
COMMAND: POST /session/6e77a8c699da6c53a9289fc604b7742b/element - {"using":"xpath","value":"//*[@id=\"__button80\"]"}
RESULT: {"using":"xpath","value":"//*[@id=\"__button80\"]"}
COMMAND: POST /session/6e77a8c699da6c53a9289fc604b7742b/element/f.93F4A61C81F21A46154A7CFE6A8617A2.d.FC872C067D1AA8902E437AE401BC1B3E.e.8241/click - {}
RESULT: {}
COMMAND: GET /session/6e77a8c699da6c53a9289fc604b7742b/screenshot - {}
RESULT: {}
COMMAND: POST /session/6e77a8c699da6c53a9289fc604b7742b/execute/async - {"script":"<script> [1562 bytes]","args":[{"selector":{"controlType":"sap.m.Title","properties":{"text":"Success"},"searchOpenDialogs":true},"wdio_ui5_key":"sapm.Title{\"text\":\"Success\"}"}]}
RESULT: {"script":"<script> [1562 bytes]","args":[{"selector":{"controlType":"sap.m.Title","properties":{"text":"Success"},"searchOpenDialogs":true},"wdio_ui5_key":"sapm.Title{\"text\":\"Success\"}"}]}
RESULT: undefined
COMMAND: POST /session/6e77a8c699da6c53a9289fc604b7742b/execute/async - {"script":"<script> [6424 bytes]","args":[{"element-6066-11e4-a52e-4f735466cecf":"f.93F4A61C81F21A46154A7CFE6A8617A2.d.FC872C067D1AA8902E437AE401BC1B3E.e.8415"},"getText",[]]}
RESULT: {"script":"<script> [6424 bytes]","args":[{"element-6066-11e4-a52e-4f735466cecf":"f.93F4A61C81F21A46154A7CFE6A8617A2.d.FC872C067D1AA8902E437AE401BC1B3E.e.8415"},"getText",[]]}
COMMAND: POST /session/6e77a8c699da6c53a9289fc604b7742b/execute/async - {"script":"<script> [1562 bytes]","args":[{"selector":{"controlType":"sap.m.Button","properties":{"text":"Close"},"searchOpenDialogs":true,"interaction":{"idSuffix":"BDI-content"}},"wdio_ui5_key":"sapm.Button{\"text\":\"Close\"}"}]}
RESULT: {"script":"<script> [1562 bytes]","args":[{"selector":{"controlType":"sap.m.Button","properties":{"text":"Close"},"searchOpenDialogs":true,"interaction":{"idSuffix":"BDI-content"}},"wdio_ui5_key":"sapm.Button{\"text\":\"Close\"}"}]}
RESULT: undefined
COMMAND: POST /session/6e77a8c699da6c53a9289fc604b7742b/element - {"using":"xpath","value":"//*[@id=\"__mbox-btn-0\"]"}
RESULT: {"using":"xpath","value":"//*[@id=\"__mbox-btn-0\"]"}
COMMAND: POST /session/6e77a8c699da6c53a9289fc604b7742b/element/f.93F4A61C81F21A46154A7CFE6A8617A2.d.FC872C067D1AA8902E437AE401BC1B3E.e.8414/click - {}
RESULT: {}
COMMAND: GET /session/6e77a8c699da6c53a9289fc604b7742b/screenshot - {}
RESULT: {}
COMMAND: POST /session/6e77a8c699da6c53a9289fc604b7742b/execute/async - {"script":"<script> [1562 bytes]","args":[{"selector":{"controlType":"sap.m.Button","viewName":"etm.portal.ui.managerequests.view.Detail","i18NText":{"propertyName":"text","key":"requestSpecifications"},"interaction":{"idSuffix":"BDI-content"}},"wdio_ui5_key":"etmportal.ui.managerequests.view.Detailsap.m.Button{\"propertyName\":\"text\",\"key\":\"requestSpecifications\"}"}]}
RESULT: {"script":"<script> [1562 bytes]","args":[{"selector":{"controlType":"sap.m.Button","viewName":"etm.portal.ui.managerequests.view.Detail","i18NText":{"propertyName":"text","key":"requestSpecifications"},"interaction":{"idSuffix":"BDI-content"}},"wdio_ui5_key":"etmportal.ui.managerequests.view.Detailsap.m.Button{\"propertyName\":\"text\",\"key\":\"requestSpecifications\"}"}]}
RESULT: undefined
COMMAND: POST /session/6e77a8c699da6c53a9289fc604b7742b/element - {"using":"xpath","value":"//*[@id=\"__button107-__clone1293\"]"}
RESULT: {"using":"xpath","value":"//*[@id=\"__button107-__clone1293\"]"}
COMMAND: POST /session/6e77a8c699da6c53a9289fc604b7742b/element/f.93F4A61C81F21A46154A7CFE6A8617A2.d.FC872C067D1AA8902E437AE401BC1B3E.e.8542/click - {}
RESULT: {}
COMMAND: GET /session/6e77a8c699da6c53a9289fc604b7742b/screenshot - {}
RESULT: {}
COMMAND: POST /session/6e77a8c699da6c53a9289fc604b7742b/element - {"using":"xpath","value":"//input[@value=\"blue\"]"}
RESULT: {"using":"xpath","value":"//input[@value=\"blue\"]"}
COMMAND: POST /session/6e77a8c699da6c53a9289fc604b7742b/elements - {"using":"xpath","value":"//input[@value=\"blue\"]"}
RESULT: {"using":"xpath","value":"//input[@value=\"blue\"]"}
COMMAND: POST /session/6e77a8c699da6c53a9289fc604b7742b/execute/async - {"script":"<script> [1562 bytes]","args":[{"selector":{"id":"cancelRequestSpecificationsButton","viewName":"etm.portal.ui.managerequests.view.Detail","searchOpenDialogs":true,"interaction":{"idSuffix":"BDI-content"}},"wdio_ui5_key":"cancelRequestSpecificationsButtonetmportal.ui.managerequests.view.Detail"}]}
RESULT: {"script":"<script> [1562 bytes]","args":[{"selector":{"id":"cancelRequestSpecificationsButton","viewName":"etm.portal.ui.managerequests.view.Detail","searchOpenDialogs":true,"interaction":{"idSuffix":"BDI-content"}},"wdio_ui5_key":"cancelRequestSpecificationsButtonetmportal.ui.managerequests.view.Detail"}]}
RESULT: undefined
COMMAND: POST /session/6e77a8c699da6c53a9289fc604b7742b/element - {"using":"xpath","value":"//*[@id=\"__xmlview60--cancelRequestSpecificationsButton\"]"}
RESULT: {"using":"xpath","value":"//*[@id=\"__xmlview60--cancelRequestSpecificationsButton\"]"}
COMMAND: POST /session/6e77a8c699da6c53a9289fc604b7742b/element/f.93F4A61C81F21A46154A7CFE6A8617A2.d.FC872C067D1AA8902E437AE401BC1B3E.e.8544/click - {}
RESULT: {}
COMMAND: GET /session/6e77a8c699da6c53a9289fc604b7742b/screenshot - {}
COMMAND: POST /session/6e77a8c699da6c53a9289fc604b7742b/element - {"using":"css selector","value":"#shell-header-logo"}
RESULT: {}
RESULT: {"using":"css selector","value":"#shell-header-logo"}
COMMAND: POST /session/6e77a8c699da6c53a9289fc604b7742b/element/f.93F4A61C81F21A46154A7CFE6A8617A2.d.FC872C067D1AA8902E437AE401BC1B3E.e.7960/click - {}
RESULT: {}
COMMAND: GET /session/6e77a8c699da6c53a9289fc604b7742b/screenshot - {}
RESULT: {}
]]></system-out>
    </testcase>
  </testsuite>
  <testsuite timestamp="2025-06-02T16:09:10" time="377.738" tests="3" failures="0" errors="0" skipped="0">
    <properties>
      <property name="specId" value="0" />
      <property name="suiteName" value="Reserve/Unreserve request item via reserve option US139161" />
      <property name="capabilities" value="chrome.136_0_7103_93.windows" />
      <property name="file" value="file:///D:/a/1/s/test/specs/R2C/reserve-unreserve-request-item-via-reserve-option.spec.js" />
    </properties>
    <testcase classname="chrome.136_0_7103_93.windows.Reserve/Unreserve_request_item_via_reserve_option_US139161" name="Should add the material to the catalog item" time="87.492">
      <system-out><![CDATA[
COMMAND: POST /session/6e77a8c699da6c53a9289fc604b7742b/execute/async - {"script":"<script> [1562 bytes]","args":[{"selector":{"controlType":"sap.m.GenericTile","properties":{"header":"Manage Catalogs"}},"wdio_ui5_key":"sapm.GenericTile{\"header\":\"Manage Catalogs\"}"}]}
RESULT: {"script":"<script> [1562 bytes]","args":[{"selector":{"controlType":"sap.m.GenericTile","properties":{"header":"Manage Catalogs"}},"wdio_ui5_key":"sapm.GenericTile{\"header\":\"Manage Catalogs\"}"}]}
RESULT: undefined
COMMAND: POST /session/6e77a8c699da6c53a9289fc604b7742b/element - {"using":"xpath","value":"//*[@id=\"__tile37\"]"}
RESULT: {"using":"xpath","value":"//*[@id=\"__tile37\"]"}
COMMAND: POST /session/6e77a8c699da6c53a9289fc604b7742b/element/f.93F4A61C81F21A46154A7CFE6A8617A2.d.FC872C067D1AA8902E437AE401BC1B3E.e.8551/click - {}
RESULT: {}
COMMAND: GET /session/6e77a8c699da6c53a9289fc604b7742b/screenshot - {}
COMMAND: POST /session/6e77a8c699da6c53a9289fc604b7742b/elements - {"using":"xpath","value":"//span[text()='Error']"}
RESULT: {}
RESULT: {"using":"xpath","value":"//span[text()='Error']"}
COMMAND: POST /session/6e77a8c699da6c53a9289fc604b7742b/execute/async - {"script":"<script> [1562 bytes]","args":[{"selector":{"controlType":"sap.m.Text","viewName":"etm.portal.ui.managecatalogs.view.MasterCatalogs","viewId":"application-managecatalogs-display-component---masterCatalogs","bindingPath":{"path":"/Catalogs('0D7502D073D53A0F1700BE067B89AFF9')","propertyPath":"DESCRIPTION","modelName":"catalogModel"}},"wdio_ui5_key":"etmportal.ui.managecatalogs.view.MasterCatalogssap.m.Text{\"path\":\"/Catalogs('0D7502D073D53A0F1700BE067B89AFF9')\",\"propertyPath\":\"DESCRIPTION\",\"modelName\":\"catalogModel\"}"}]}
RESULT: {"script":"<script> [1562 bytes]","args":[{"selector":{"controlType":"sap.m.Text","viewName":"etm.portal.ui.managecatalogs.view.MasterCatalogs","viewId":"application-managecatalogs-display-component---masterCatalogs","bindingPath":{"path":"/Catalogs('0D7502D073D53A0F1700BE067B89AFF9')","propertyPath":"DESCRIPTION","modelName":"catalogModel"}},"wdio_ui5_key":"etmportal.ui.managecatalogs.view.MasterCatalogssap.m.Text{\"path\":\"/Catalogs('0D7502D073D53A0F1700BE067B89AFF9')\",\"propertyPath\":\"DESCRIPTION\",\"modelName\":\"catalogModel\"}"}]}
RESULT: undefined
COMMAND: POST /session/6e77a8c699da6c53a9289fc604b7742b/element - {"using":"xpath","value":"//*[@id=\"__text685-application-managecatalogs-display-component---masterCatalogs--CatalogsTable-11\"]"}
RESULT: {"using":"xpath","value":"//*[@id=\"__text685-application-managecatalogs-display-component---masterCatalogs--CatalogsTable-11\"]"}
COMMAND: POST /session/6e77a8c699da6c53a9289fc604b7742b/element/f.93F4A61C81F21A46154A7CFE6A8617A2.d.FC872C067D1AA8902E437AE401BC1B3E.e.8621/click - {}
RESULT: {}
RESULT: undefined
COMMAND: POST /session/6e77a8c699da6c53a9289fc604b7742b/execute/async - {"script":"<script> [776 bytes]","args":[{"enterText":"catalogItemfolsf","selector":{"id":"application-managecatalogs-display-component---masterCatalogItems--searchItemsField","interaction":{"idSuffix":"I"}},"clearTextFirst":true,"interactionType":"ENTER_TEXT"}]}
COMMAND: GET /session/6e77a8c699da6c53a9289fc604b7742b/screenshot - {}
RESULT: {"script":"<script> [776 bytes]","args":[{"enterText":"catalogItemfolsf","selector":{"id":"application-managecatalogs-display-component---masterCatalogItems--searchItemsField","interaction":{"idSuffix":"I"}},"clearTextFirst":true,"interactionType":"ENTER_TEXT"}]}
COMMAND: POST /session/6e77a8c699da6c53a9289fc604b7742b/actions - {"actions":[{"id":"action59","type":"key","parameters":{},"actions":[{"type":"keyDown","value":"î€‡"},{"type":"pause","duration":10},{"type":"keyUp","value":"î€‡"}]}]}
RESULT: {}
RESULT: {"actions":[{"id":"action59","type":"key","parameters":{},"actions":[{"type":"keyDown","value":"î€‡"},{"type":"pause","duration":10},{"type":"keyUp","value":"î€‡"}]}]}
COMMAND: POST /session/6e77a8c699da6c53a9289fc604b7742b/element - {"using":"xpath","value":"(//span[contains(text(), \"catalogItemfolsf\")])[1]"}
COMMAND: GET /session/6e77a8c699da6c53a9289fc604b7742b/screenshot - {}
RESULT: {"using":"xpath","value":"(//span[contains(text(), \"catalogItemfolsf\")])[1]"}
COMMAND: POST /session/6e77a8c699da6c53a9289fc604b7742b/element/f.93F4A61C81F21A46154A7CFE6A8617A2.d.FC872C067D1AA8902E437AE401BC1B3E.e.8659/click - {}
RESULT: {}
RESULT: {}
COMMAND: GET /session/6e77a8c699da6c53a9289fc604b7742b/screenshot - {}
RESULT: {}
COMMAND: POST /session/6e77a8c699da6c53a9289fc604b7742b/element - {"using":"xpath","value":"//*[contains(@id ,\"BDI-content\")][contains(text(), \"Edit\")]"}
RESULT: {"using":"xpath","value":"//*[contains(@id ,\"BDI-content\")][contains(text(), \"Edit\")]"}
COMMAND: POST /session/6e77a8c699da6c53a9289fc604b7742b/element/f.93F4A61C81F21A46154A7CFE6A8617A2.d.FC872C067D1AA8902E437AE401BC1B3E.e.8740/click - {}
RESULT: {}
COMMAND: GET /session/6e77a8c699da6c53a9289fc604b7742b/screenshot - {}
RESULT: {}
COMMAND: POST /session/6e77a8c699da6c53a9289fc604b7742b/element - {"using":"xpath","value":"//bdi[contains(text(), \"Assigned Resources\")]"}
RESULT: {"using":"xpath","value":"//bdi[contains(text(), \"Assigned Resources\")]"}
COMMAND: POST /session/6e77a8c699da6c53a9289fc604b7742b/element/f.93F4A61C81F21A46154A7CFE6A8617A2.d.FC872C067D1AA8902E437AE401BC1B3E.e.8763/click - {}
RESULT: {}
COMMAND: GET /session/6e77a8c699da6c53a9289fc604b7742b/screenshot - {}
RESULT: {}
COMMAND: POST /session/6e77a8c699da6c53a9289fc604b7742b/element - {"using":"xpath","value":"//button[contains(@data-kt ,\"catalogItemAssignRuButton\")]"}
RESULT: {"using":"xpath","value":"//button[contains(@data-kt ,\"catalogItemAssignRuButton\")]"}
COMMAND: POST /session/6e77a8c699da6c53a9289fc604b7742b/element/f.93F4A61C81F21A46154A7CFE6A8617A2.d.FC872C067D1AA8902E437AE401BC1B3E.e.8771/click - {}
RESULT: {}
COMMAND: GET /session/6e77a8c699da6c53a9289fc604b7742b/screenshot - {}
RESULT: {}
COMMAND: POST /session/6e77a8c699da6c53a9289fc604b7742b/actions - {"actions":[{"id":"action60","type":"key","parameters":{},"actions":[{"type":"keyDown","value":"î€‡"},{"type":"pause","duration":10},{"type":"keyUp","value":"î€‡"}]}]}
RESULT: {"actions":[{"id":"action60","type":"key","parameters":{},"actions":[{"type":"keyDown","value":"î€‡"},{"type":"pause","duration":10},{"type":"keyUp","value":"î€‡"}]}]}
COMMAND: GET /session/6e77a8c699da6c53a9289fc604b7742b/screenshot - {}
RESULT: {}
COMMAND: POST /session/6e77a8c699da6c53a9289fc604b7742b/execute/async - {"script":"<script> [1562 bytes]","args":[{"selector":{"id":"application-managecatalogs-display-component---detailCatalog--assignRUSearchField-vhi","searchOpenDialogs":true},"wdio_ui5_key":"applicationmanagecatalogs-display-component---detailCatalog--assignRUSearchField-vhi"}]}
RESULT: {"script":"<script> [1562 bytes]","args":[{"selector":{"id":"application-managecatalogs-display-component---detailCatalog--assignRUSearchField-vhi","searchOpenDialogs":true},"wdio_ui5_key":"applicationmanagecatalogs-display-component---detailCatalog--assignRUSearchField-vhi"}]}
RESULT: undefined
COMMAND: POST /session/6e77a8c699da6c53a9289fc604b7742b/element - {"using":"xpath","value":"//*[@id=\"application-managecatalogs-display-component---detailCatalog--assignRUSearchField-vhi\"]"}
RESULT: {"using":"xpath","value":"//*[@id=\"application-managecatalogs-display-component---detailCatalog--assignRUSearchField-vhi\"]"}
COMMAND: POST /session/6e77a8c699da6c53a9289fc604b7742b/element/f.93F4A61C81F21A46154A7CFE6A8617A2.d.FC872C067D1AA8902E437AE401BC1B3E.e.8787/click - {}
RESULT: {}
COMMAND: GET /session/6e77a8c699da6c53a9289fc604b7742b/screenshot - {}
RESULT: {}
COMMAND: POST /session/6e77a8c699da6c53a9289fc604b7742b/element - {"using":"xpath","value":"//input[contains(@id ,\"searchField-I\")]"}
RESULT: {"using":"xpath","value":"//input[contains(@id ,\"searchField-I\")]"}
COMMAND: POST /session/6e77a8c699da6c53a9289fc604b7742b/element/f.93F4A61C81F21A46154A7CFE6A8617A2.d.FC872C067D1AA8902E437AE401BC1B3E.e.8790/clear - {}
RESULT: {}
COMMAND: POST /session/6e77a8c699da6c53a9289fc604b7742b/element/f.93F4A61C81F21A46154A7CFE6A8617A2.d.FC872C067D1AA8902E437AE401BC1B3E.e.8790/value - {"text":"WebdriverMatTestvd3nkk"}
COMMAND: GET /session/6e77a8c699da6c53a9289fc604b7742b/screenshot - {}
RESULT: {"text":"WebdriverMatTestvd3nkk"}
COMMAND: GET /session/6e77a8c699da6c53a9289fc604b7742b/screenshot - {}
RESULT: {}
RESULT: {}
COMMAND: POST /session/6e77a8c699da6c53a9289fc604b7742b/actions - {"actions":[{"id":"action61","type":"key","parameters":{},"actions":[{"type":"keyDown","value":"î€‡"},{"type":"pause","duration":10},{"type":"keyUp","value":"î€‡"}]}]}
RESULT: {"actions":[{"id":"action61","type":"key","parameters":{},"actions":[{"type":"keyDown","value":"î€‡"},{"type":"pause","duration":10},{"type":"keyUp","value":"î€‡"}]}]}
COMMAND: GET /session/6e77a8c699da6c53a9289fc604b7742b/screenshot - {}
RESULT: {}
COMMAND: POST /session/6e77a8c699da6c53a9289fc604b7742b/actions - {"actions":[{"id":"action62","type":"key","parameters":{},"actions":[{"type":"keyDown","value":"î€„"},{"type":"pause","duration":10},{"type":"keyUp","value":"î€„"}]}]}
RESULT: {"actions":[{"id":"action62","type":"key","parameters":{},"actions":[{"type":"keyDown","value":"î€„"},{"type":"pause","duration":10},{"type":"keyUp","value":"î€„"}]}]}
COMMAND: GET /session/6e77a8c699da6c53a9289fc604b7742b/screenshot - {}
RESULT: {}
COMMAND: POST /session/6e77a8c699da6c53a9289fc604b7742b/actions - {"actions":[{"id":"action63","type":"key","parameters":{},"actions":[{"type":"keyDown","value":"î€‡"},{"type":"pause","duration":10},{"type":"keyUp","value":"î€‡"}]}]}
RESULT: {"actions":[{"id":"action63","type":"key","parameters":{},"actions":[{"type":"keyDown","value":"î€‡"},{"type":"pause","duration":10},{"type":"keyUp","value":"î€‡"}]}]}
COMMAND: GET /session/6e77a8c699da6c53a9289fc604b7742b/screenshot - {}
RESULT: {}
COMMAND: POST /session/6e77a8c699da6c53a9289fc604b7742b/element - {"using":"xpath","value":"//bdi[contains(@id ,\"application-managecatalogs-display-component---detailCatalog--RUAssignmentSaveButton-BDI-content\")]"}
RESULT: {"using":"xpath","value":"//bdi[contains(@id ,\"application-managecatalogs-display-component---detailCatalog--RUAssignmentSaveButton-BDI-content\")]"}
COMMAND: POST /session/6e77a8c699da6c53a9289fc604b7742b/element/f.93F4A61C81F21A46154A7CFE6A8617A2.d.FC872C067D1AA8902E437AE401BC1B3E.e.8802/click - {}
RESULT: {}
COMMAND: GET /session/6e77a8c699da6c53a9289fc604b7742b/screenshot - {}
RESULT: {}
COMMAND: POST /session/6e77a8c699da6c53a9289fc604b7742b/element - {"using":"xpath","value":"//bdi[contains(text(), \"Save\")]"}
RESULT: {"using":"xpath","value":"//bdi[contains(text(), \"Save\")]"}
COMMAND: POST /session/6e77a8c699da6c53a9289fc604b7742b/element/f.93F4A61C81F21A46154A7CFE6A8617A2.d.FC872C067D1AA8902E437AE401BC1B3E.e.8828/click - {}
RESULT: {}
COMMAND: GET /session/6e77a8c699da6c53a9289fc604b7742b/screenshot - {}
RESULT: {}
COMMAND: POST /session/6e77a8c699da6c53a9289fc604b7742b/element - {"using":"css selector","value":"#shell-header-logo"}
RESULT: {"using":"css selector","value":"#shell-header-logo"}
COMMAND: POST /session/6e77a8c699da6c53a9289fc604b7742b/element/f.93F4A61C81F21A46154A7CFE6A8617A2.d.FC872C067D1AA8902E437AE401BC1B3E.e.8555/click - {}
RESULT: {}
COMMAND: GET /session/6e77a8c699da6c53a9289fc604b7742b/screenshot - {}
RESULT: {}
COMMAND: POST /session/6e77a8c699da6c53a9289fc604b7742b/refresh - {}
RESULT: {}
COMMAND: GET /session/6e77a8c699da6c53a9289fc604b7742b/screenshot - {}
RESULT: {}
COMMAND: POST /session/6e77a8c699da6c53a9289fc604b7742b/execute/async - {"script":"<script> [189 bytes]","args":[]}
RESULT: {"script":"<script> [189 bytes]","args":[]}
COMMAND: POST /session/6e77a8c699da6c53a9289fc604b7742b/execute/async - {"script":"<script> [123 bytes]","args":[]}
RESULT: {"script":"<script> [123 bytes]","args":[]}
COMMAND: POST /session/6e77a8c699da6c53a9289fc604b7742b/timeouts - {"script":"<number>"}
RESULT: {"script":"<number>"}
COMMAND: GET /session/6e77a8c699da6c53a9289fc604b7742b/timeouts - {}
RESULT: {}
RESULT: undefined
COMMAND: POST /session/6e77a8c699da6c53a9289fc604b7742b/execute/async - {"script":"<script> [2676 bytes]","args":[]}
RESULT: {"script":"<script> [2676 bytes]","args":[]}
COMMAND: POST /session/6e77a8c699da6c53a9289fc604b7742b/execute/async - {"script":"<script> [2342 bytes]","args":[{"protocol":"http","hostname":"0.0.0.0","path":"/","capabilities":{"browserName":"chrome","goog:chromeOptions":{"binary":"C:\\Program Files\\Google\\Chrome\\Application\\chrome.exe","args":["--start-maximized"]}},"logLevel":"warn","connectionRetryTimeout":120000,"connectionRetryCount":3,"logLevels":{},"enableDirectConnect":true,"strictSSL":true,"_":"65 more keys: [\"cacheDir\",\"port\",\"requestedCapabilities\",\"automationProtocol\",\"baseUrl\",\"waitforInterval\",\"waitforTimeout\",\"onReload\",\"beforeCommand\",\"afterCommand\",\"rootDir\",\"specs\",\"suites\",\"exclude\",\"groupLogsByTestSpec\",\"excludeDriverLogs\",\"bail\",\"framework\",\"reporters\",\"services\",\"maxInstances\",\"maxInstancesPerCapability\",\"injectGlobals\",\"filesToWatch\",\"execArgv\",\"runnerEnv\",\"runner\",\"shard\",\"specFileRetries\",\"specFileRetriesDelay\",\"specFileRetriesDeferred\",\"reporterSyncInterval\",\"reporterSyncTimeout\",\"cucumberFeaturesWithLineNumbers\",\"autoCompileOpts\",\"mochaOpts\",\"jasmineOpts\",\"cucumberOpts\",\"onPrepare\",\"onWorkerStart\",\"onWorkerEnd\",\"before\",\"beforeSession\",\"beforeSuite\",\"beforeHook\",\"beforeTest\",\"afterTest\",\"afterHook\",\"afterSuite\",\"afterSession\",\"after\",\"onComplete\",\"beforeAssertion\",\"afterAssertion\",\"beforeFeature\",\"beforeScenario\",\"beforeStep\",\"afterStep\",\"afterScenario\",\"afterFeature\",\"_\",\"suite\",\"$0\",\"ignoredWorkerServices\",\"wdi5\"]"}]}
RESULT: {"script":"<script> [2342 bytes]","args":[{"protocol":"http","hostname":"0.0.0.0","path":"/","capabilities":{"browserName":"chrome","goog:chromeOptions":{"binary":"C:\\Program Files\\Google\\Chrome\\Application\\chrome.exe","args":["--start-maximized"]}},"logLevel":"warn","connectionRetryTimeout":120000,"connectionRetryCount":3,"logLevels":{},"enableDirectConnect":true,"strictSSL":true,"_":"65 more keys: [\"cacheDir\",\"port\",\"requestedCapabilities\",\"automationProtocol\",\"baseUrl\",\"waitforInterval\",\"waitforTimeout\",\"onReload\",\"beforeCommand\",\"afterCommand\",\"rootDir\",\"specs\",\"suites\",\"exclude\",\"groupLogsByTestSpec\",\"excludeDriverLogs\",\"bail\",\"framework\",\"reporters\",\"services\",\"maxInstances\",\"maxInstancesPerCapability\",\"injectGlobals\",\"filesToWatch\",\"execArgv\",\"runnerEnv\",\"runner\",\"shard\",\"specFileRetries\",\"specFileRetriesDelay\",\"specFileRetriesDeferred\",\"reporterSyncInterval\",\"reporterSyncTimeout\",\"cucumberFeaturesWithLineNumbers\",\"autoCompileOpts\",\"mochaOpts\",\"jasmineOpts\",\"cucumberOpts\",\"onPrepare\",\"onWorkerStart\",\"onWorkerEnd\",\"before\",\"beforeSession\",\"beforeSuite\",\"beforeHook\",\"beforeTest\",\"afterTest\",\"afterHook\",\"afterSuite\",\"afterSession\",\"after\",\"onComplete\",\"beforeAssertion\",\"afterAssertion\",\"beforeFeature\",\"beforeScenario\",\"beforeStep\",\"afterStep\",\"afterScenario\",\"afterFeature\",\"_\",\"suite\",\"$0\",\"ignoredWorkerServices\",\"wdi5\"]"}]}
COMMAND: POST /session/6e77a8c699da6c53a9289fc604b7742b/execute/async - {"script":"<script> [21126 bytes]","args":[35000]}
RESULT: {"script":"<script> [21126 bytes]","args":[35000]}
]]></system-out>
    </testcase>
    <testcase classname="chrome.136_0_7103_93.windows.Reserve/Unreserve_request_item_via_reserve_option_US139161" name="Should create a new request with a catalog item that can be planned" time="174.99">
      <system-out><![CDATA[
COMMAND: POST /session/6e77a8c699da6c53a9289fc604b7742b/execute/async - {"script":"<script> [1562 bytes]","args":[{"selector":{"controlType":"sap.m.GenericTile","properties":{"header":"Manage Requests"}},"wdio_ui5_key":"sapm.GenericTile{\"header\":\"Manage Requests\"}"}]}
RESULT: {"script":"<script> [1562 bytes]","args":[{"selector":{"controlType":"sap.m.GenericTile","properties":{"header":"Manage Requests"}},"wdio_ui5_key":"sapm.GenericTile{\"header\":\"Manage Requests\"}"}]}
RESULT: undefined
COMMAND: POST /session/6e77a8c699da6c53a9289fc604b7742b/element - {"using":"xpath","value":"//*[@id=\"__tile47\"]"}
RESULT: {"using":"xpath","value":"//*[@id=\"__tile47\"]"}
COMMAND: POST /session/6e77a8c699da6c53a9289fc604b7742b/element/f.93F4A61C81F21A46154A7CFE6A8617A2.d.CB5EDDADD567CBB30BB0DE2B8DFBD03F.e.8867/click - {}
RESULT: {}
COMMAND: GET /session/6e77a8c699da6c53a9289fc604b7742b/screenshot - {}
RESULT: {}
COMMAND: POST /session/6e77a8c699da6c53a9289fc604b7742b/elements - {"using":"xpath","value":"//span[text()='Error']"}
RESULT: {"using":"xpath","value":"//span[text()='Error']"}
COMMAND: POST /session/6e77a8c699da6c53a9289fc604b7742b/element - {"using":"xpath","value":"//button[contains(@data-kt ,\"btnCreateNewOverflowToolbarButton\")]"}
COMMAND: POST /session/6e77a8c699da6c53a9289fc604b7742b/element - {"using":"xpath","value":"(//span[contains(@class ,\"sapMObjStatusText\")])[1]"}
RESULT: {"using":"xpath","value":"//button[contains(@data-kt ,\"btnCreateNewOverflowToolbarButton\")]"}
COMMAND: POST /session/6e77a8c699da6c53a9289fc604b7742b/element/f.93F4A61C81F21A46154A7CFE6A8617A2.d.CB5EDDADD567CBB30BB0DE2B8DFBD03F.e.8924/click - {}
RESULT: {"using":"xpath","value":"(//span[contains(@class ,\"sapMObjStatusText\")])[1]"}
COMMAND: POST /session/6e77a8c699da6c53a9289fc604b7742b/execute/sync - {"script":"<script> [8489 bytes]","args":[{"element-6066-11e4-a52e-4f735466cecf":"f.93F4A61C81F21A46154A7CFE6A8617A2.d.CB5EDDADD567CBB30BB0DE2B8DFBD03F.e.8963","ELEMENT":"f.93F4A61C81F21A46154A7CFE6A8617A2.d.CB5EDDADD567CBB30BB0DE2B8DFBD03F.e.8963"}]}
RESULT: {}
COMMAND: GET /session/6e77a8c699da6c53a9289fc604b7742b/screenshot - {}
COMMAND: POST /session/6e77a8c699da6c53a9289fc604b7742b/element - {"using":"xpath","value":"(//span[contains(@class ,\"sapMObjStatusText\")])[1]"}
RESULT: {}
RESULT: {"using":"xpath","value":"(//span[contains(@class ,\"sapMObjStatusText\")])[1]"}
COMMAND: POST /session/6e77a8c699da6c53a9289fc604b7742b/execute/sync - {"script":"<script> [8489 bytes]","args":[{"element-6066-11e4-a52e-4f735466cecf":"f.93F4A61C81F21A46154A7CFE6A8617A2.d.CB5EDDADD567CBB30BB0DE2B8DFBD03F.e.9208","ELEMENT":"f.93F4A61C81F21A46154A7CFE6A8617A2.d.CB5EDDADD567CBB30BB0DE2B8DFBD03F.e.9208"}]}
RESULT: {"script":"<script> [8489 bytes]","args":[{"element-6066-11e4-a52e-4f735466cecf":"f.93F4A61C81F21A46154A7CFE6A8617A2.d.CB5EDDADD567CBB30BB0DE2B8DFBD03F.e.9208","ELEMENT":"f.93F4A61C81F21A46154A7CFE6A8617A2.d.CB5EDDADD567CBB30BB0DE2B8DFBD03F.e.9208"}]}
COMMAND: GET /session/6e77a8c699da6c53a9289fc604b7742b/screenshot - {}
RESULT: {}
COMMAND: POST /session/6e77a8c699da6c53a9289fc604b7742b/element - {"using":"xpath","value":"//input[contains(@id ,\"yardId-inner\")]"}
RESULT: {"using":"xpath","value":"//input[contains(@id ,\"yardId-inner\")]"}
COMMAND: POST /session/6e77a8c699da6c53a9289fc604b7742b/execute/sync - {"script":"<script> [8489 bytes]","args":[{"element-6066-11e4-a52e-4f735466cecf":"f.93F4A61C81F21A46154A7CFE6A8617A2.d.CB5EDDADD567CBB30BB0DE2B8DFBD03F.e.9055","ELEMENT":"f.93F4A61C81F21A46154A7CFE6A8617A2.d.CB5EDDADD567CBB30BB0DE2B8DFBD03F.e.9055"}]}
RESULT: {"script":"<script> [8489 bytes]","args":[{"element-6066-11e4-a52e-4f735466cecf":"f.93F4A61C81F21A46154A7CFE6A8617A2.d.CB5EDDADD567CBB30BB0DE2B8DFBD03F.e.9055","ELEMENT":"f.93F4A61C81F21A46154A7CFE6A8617A2.d.CB5EDDADD567CBB30BB0DE2B8DFBD03F.e.9055"}]}
COMMAND: POST /session/6e77a8c699da6c53a9289fc604b7742b/element - {"using":"xpath","value":"//input[contains(@id ,\"yardId-inner\")]"}
COMMAND: GET /session/6e77a8c699da6c53a9289fc604b7742b/screenshot - {}
RESULT: {"using":"xpath","value":"//input[contains(@id ,\"yardId-inner\")]"}
COMMAND: GET /session/6e77a8c699da6c53a9289fc604b7742b/element/f.93F4A61C81F21A46154A7CFE6A8617A2.d.CB5EDDADD567CBB30BB0DE2B8DFBD03F.e.9055/enabled - {}
RESULT: {}
RESULT: {}
COMMAND: POST /session/6e77a8c699da6c53a9289fc604b7742b/element/f.93F4A61C81F21A46154A7CFE6A8617A2.d.CB5EDDADD567CBB30BB0DE2B8DFBD03F.e.9055/clear - {}
COMMAND: GET /session/6e77a8c699da6c53a9289fc604b7742b/screenshot - {}
RESULT: {}
COMMAND: POST /session/6e77a8c699da6c53a9289fc604b7742b/element/f.93F4A61C81F21A46154A7CFE6A8617A2.d.CB5EDDADD567CBB30BB0DE2B8DFBD03F.e.9055/value - {"text":"WebdriverYardowxms"}
COMMAND: GET /session/6e77a8c699da6c53a9289fc604b7742b/screenshot - {}
RESULT: {}
RESULT: {"text":"WebdriverYardowxms"}
COMMAND: GET /session/6e77a8c699da6c53a9289fc604b7742b/screenshot - {}
RESULT: {}
RESULT: {}
COMMAND: POST /session/6e77a8c699da6c53a9289fc604b7742b/element - {"using":"xpath","value":"//input[contains(@id ,\"customerNumber-inner\")]"}
RESULT: {"using":"xpath","value":"//input[contains(@id ,\"customerNumber-inner\")]"}
COMMAND: POST /session/6e77a8c699da6c53a9289fc604b7742b/element/f.93F4A61C81F21A46154A7CFE6A8617A2.d.CB5EDDADD567CBB30BB0DE2B8DFBD03F.e.9049/value - {"text":"WebdriverPartnern1kjv"}
COMMAND: POST /session/6e77a8c699da6c53a9289fc604b7742b/actions - {"actions":[{"id":"action64","type":"key","parameters":{},"actions":[{"type":"keyDown","value":"î€‡"},{"type":"pause","duration":10},{"type":"keyUp","value":"î€‡"}]}]}
RESULT: {"actions":[{"id":"action64","type":"key","parameters":{},"actions":[{"type":"keyDown","value":"î€‡"},{"type":"pause","duration":10},{"type":"keyUp","value":"î€‡"}]}]}
COMMAND: GET /session/6e77a8c699da6c53a9289fc604b7742b/screenshot - {}
RESULT: {"text":"WebdriverPartnern1kjv"}
COMMAND: GET /session/6e77a8c699da6c53a9289fc604b7742b/screenshot - {}
RESULT: {}
RESULT: {}
COMMAND: POST /session/6e77a8c699da6c53a9289fc604b7742b/actions - {"actions":[{"id":"action65","type":"key","parameters":{},"actions":[{"type":"keyDown","value":"î€‡"},{"type":"pause","duration":10},{"type":"keyUp","value":"î€‡"}]}]}
RESULT: {"actions":[{"id":"action65","type":"key","parameters":{},"actions":[{"type":"keyDown","value":"î€‡"},{"type":"pause","duration":10},{"type":"keyUp","value":"î€‡"}]}]}
COMMAND: GET /session/6e77a8c699da6c53a9289fc604b7742b/screenshot - {}
RESULT: {}
COMMAND: GET /session/6e77a8c699da6c53a9289fc604b7742b/element/f.93F4A61C81F21A46154A7CFE6A8617A2.d.CB5EDDADD567CBB30BB0DE2B8DFBD03F.e.9049/property/value - {}
RESULT: {}
COMMAND: GET /session/6e77a8c699da6c53a9289fc604b7742b/screenshot - {}
RESULT: {}
COMMAND: POST /session/6e77a8c699da6c53a9289fc604b7742b/element - {"using":"xpath","value":"//input[contains(@id ,\"requestSiteId-inner\")]"}
RESULT: {"using":"xpath","value":"//input[contains(@id ,\"requestSiteId-inner\")]"}
COMMAND: POST /session/6e77a8c699da6c53a9289fc604b7742b/element/f.93F4A61C81F21A46154A7CFE6A8617A2.d.CB5EDDADD567CBB30BB0DE2B8DFBD03F.e.9048/value - {"text":"WebdriverSite6aqq2"}
RESULT: {"text":"WebdriverSite6aqq2"}
COMMAND: GET /session/6e77a8c699da6c53a9289fc604b7742b/screenshot - {}
RESULT: {}
COMMAND: POST /session/6e77a8c699da6c53a9289fc604b7742b/actions - {"actions":[{"id":"action66","type":"key","parameters":{},"actions":[{"type":"keyDown","value":"î€‡"},{"type":"pause","duration":10},{"type":"keyUp","value":"î€‡"}]}]}
RESULT: {"actions":[{"id":"action66","type":"key","parameters":{},"actions":[{"type":"keyDown","value":"î€‡"},{"type":"pause","duration":10},{"type":"keyUp","value":"î€‡"}]}]}
COMMAND: GET /session/6e77a8c699da6c53a9289fc604b7742b/screenshot - {}
RESULT: {}
COMMAND: POST /session/6e77a8c699da6c53a9289fc604b7742b/element - {"using":"xpath","value":"//button[contains(@data-kt ,\"requestItemAddOverflowToolbarButton\")]"}
RESULT: {"using":"xpath","value":"//button[contains(@data-kt ,\"requestItemAddOverflowToolbarButton\")]"}
COMMAND: POST /session/6e77a8c699da6c53a9289fc604b7742b/element/f.93F4A61C81F21A46154A7CFE6A8617A2.d.CB5EDDADD567CBB30BB0DE2B8DFBD03F.e.9216/click - {}
RESULT: {}
COMMAND: GET /session/6e77a8c699da6c53a9289fc604b7742b/screenshot - {}
RESULT: {}
COMMAND: POST /session/6e77a8c699da6c53a9289fc604b7742b/actions - {"actions":[{"id":"action67","type":"key","parameters":{},"actions":[{"type":"keyDown","value":"î€•"},{"type":"pause","duration":10},{"type":"keyUp","value":"î€•"}]}]}
RESULT: {"actions":[{"id":"action67","type":"key","parameters":{},"actions":[{"type":"keyDown","value":"î€•"},{"type":"pause","duration":10},{"type":"keyUp","value":"î€•"}]}]}
COMMAND: POST /session/6e77a8c699da6c53a9289fc604b7742b/actions - {"actions":[{"id":"action68","type":"key","parameters":{},"actions":[{"type":"keyDown","value":"î€‡"},{"type":"pause","duration":10},{"type":"keyUp","value":"î€‡"}]}]}
COMMAND: GET /session/6e77a8c699da6c53a9289fc604b7742b/screenshot - {}
RESULT: {"actions":[{"id":"action68","type":"key","parameters":{},"actions":[{"type":"keyDown","value":"î€‡"},{"type":"pause","duration":10},{"type":"keyUp","value":"î€‡"}]}]}
COMMAND: POST /session/6e77a8c699da6c53a9289fc604b7742b/element - {"using":"xpath","value":"(//input[contains(@id ,\"requestItemsTable-0-inner\")])[1]"}
COMMAND: GET /session/6e77a8c699da6c53a9289fc604b7742b/screenshot - {}
RESULT: {}
RESULT: {"using":"xpath","value":"(//input[contains(@id ,\"requestItemsTable-0-inner\")])[1]"}
COMMAND: POST /session/6e77a8c699da6c53a9289fc604b7742b/element/f.93F4A61C81F21A46154A7CFE6A8617A2.d.CB5EDDADD567CBB30BB0DE2B8DFBD03F.e.9220/clear - {}
RESULT: {}
RESULT: {}
COMMAND: POST /session/6e77a8c699da6c53a9289fc604b7742b/element/f.93F4A61C81F21A46154A7CFE6A8617A2.d.CB5EDDADD567CBB30BB0DE2B8DFBD03F.e.9220/value - {"text":"catalogItemfolsf"}
COMMAND: GET /session/6e77a8c699da6c53a9289fc604b7742b/screenshot - {}
RESULT: {"text":"catalogItemfolsf"}
RESULT: {}
COMMAND: GET /session/6e77a8c699da6c53a9289fc604b7742b/screenshot - {}
RESULT: {}
COMMAND: POST /session/6e77a8c699da6c53a9289fc604b7742b/actions - {"actions":[{"id":"action69","type":"key","parameters":{},"actions":[{"type":"keyDown","value":"î€‡"},{"type":"pause","duration":10},{"type":"keyUp","value":"î€‡"}]}]}
RESULT: {"actions":[{"id":"action69","type":"key","parameters":{},"actions":[{"type":"keyDown","value":"î€‡"},{"type":"pause","duration":10},{"type":"keyUp","value":"î€‡"}]}]}
COMMAND: GET /session/6e77a8c699da6c53a9289fc604b7742b/screenshot - {}
RESULT: {}
COMMAND: POST /session/6e77a8c699da6c53a9289fc604b7742b/execute/async - {"script":"<script> [1562 bytes]","args":[{"selector":{"controlType":"sap.ui.core.Icon","viewName":"etm.portal.ui.managerequests.view.NewRequest","properties":{"src":{"regex":{"source":"slim\\-arrow\\-down"}}},"ancestor":{"controlType":"sap.m.Button","viewName":"etm.portal.ui.managerequests.view.NewRequest","properties":{"icon":"sap-icon://slim-arrow-down"}}},"wdio_ui5_key":"etmportal.ui.managerequests.view.NewRequestsap.ui.core.Icon{\"src\":{\"regex\":{\"source\":\"slim\\\\-arrow\\\\-down\"}}}{\"controlType\":\"sap.m.Button\",\"viewName\":\"etm.portal.ui.managerequests.view.NewRequest\",\"properties\":{\"icon\":\"sap-icon://slim-arrow-down\"}}"}]}
RESULT: {"script":"<script> [1562 bytes]","args":[{"selector":{"controlType":"sap.ui.core.Icon","viewName":"etm.portal.ui.managerequests.view.NewRequest","properties":{"src":{"regex":{"source":"slim\\-arrow\\-down"}}},"ancestor":{"controlType":"sap.m.Button","viewName":"etm.portal.ui.managerequests.view.NewRequest","properties":{"icon":"sap-icon://slim-arrow-down"}}},"wdio_ui5_key":"etmportal.ui.managerequests.view.NewRequestsap.ui.core.Icon{\"src\":{\"regex\":{\"source\":\"slim\\\\-arrow\\\\-down\"}}}{\"controlType\":\"sap.m.Button\",\"viewName\":\"etm.portal.ui.managerequests.view.NewRequest\",\"properties\":{\"icon\":\"sap-icon://slim-arrow-down\"}}"}]}
RESULT: undefined
COMMAND: POST /session/6e77a8c699da6c53a9289fc604b7742b/element - {"using":"xpath","value":"//div[contains(@data-kt ,\"splitAllocationObjectStatus\")]"}
RESULT: {"using":"xpath","value":"//div[contains(@data-kt ,\"splitAllocationObjectStatus\")]"}
COMMAND: POST /session/6e77a8c699da6c53a9289fc604b7742b/elements - {"using":"xpath","value":"//div[contains(@data-kt ,\"splitAllocationObjectStatus\")]"}
RESULT: {"using":"xpath","value":"//div[contains(@data-kt ,\"splitAllocationObjectStatus\")]"}
COMMAND: POST /session/6e77a8c699da6c53a9289fc604b7742b/execute/async - {"script":"<script> [1562 bytes]","args":[{"selector":{"controlType":"sap.ui.core.Icon","viewName":"etm.portal.ui.managerequests.view.NewRequest","properties":{"src":{"regex":{"source":"message\\-error"}}}},"wdio_ui5_key":"etmportal.ui.managerequests.view.NewRequestsap.ui.core.Icon{\"src\":{\"regex\":{\"source\":\"message\\\\-error\"}}}"}]}
RESULT: {"script":"<script> [1562 bytes]","args":[{"selector":{"controlType":"sap.ui.core.Icon","viewName":"etm.portal.ui.managerequests.view.NewRequest","properties":{"src":{"regex":{"source":"message\\-error"}}}},"wdio_ui5_key":"etmportal.ui.managerequests.view.NewRequestsap.ui.core.Icon{\"src\":{\"regex\":{\"source\":\"message\\\\-error\"}}}"}]}
RESULT: undefined
COMMAND: POST /session/6e77a8c699da6c53a9289fc604b7742b/element - {"using":"xpath","value":"//*[@id=\"__status4-__xmlview59--requestItemsTable-0-icon\"]"}
RESULT: {"using":"xpath","value":"//*[@id=\"__status4-__xmlview59--requestItemsTable-0-icon\"]"}
COMMAND: POST /session/6e77a8c699da6c53a9289fc604b7742b/element/f.93F4A61C81F21A46154A7CFE6A8617A2.d.CB5EDDADD567CBB30BB0DE2B8DFBD03F.e.9235/click - {}
RESULT: {}
COMMAND: POST /session/6e77a8c699da6c53a9289fc604b7742b/execute/async - {"script":"<script> [1562 bytes]","args":[{"selector":{"controlType":"sap.ui.core.Icon","viewName":"etm.portal.ui.managerequests.view.NewRequest","properties":{"src":{"regex":{"source":"slim\\-arrow\\-down"}}},"searchOpenDialogs":true,"ancestor":{"id":"costObjectAdminTypeComboBox","viewName":"etm.portal.ui.managerequests.view.NewRequest","searchOpenDialogs":true}},"wdio_ui5_key":"etmportal.ui.managerequests.view.NewRequestsap.ui.core.Icon{\"src\":{\"regex\":{\"source\":\"slim\\\\-arrow\\\\-down\"}}}{\"id\":\"costObjectAdminTypeComboBox\",\"viewName\":\"etm.portal.ui.managerequests.view.NewRequest\",\"searchOpenDialogs\":true}"}]}
COMMAND: GET /session/6e77a8c699da6c53a9289fc604b7742b/screenshot - {}
RESULT: {"script":"<script> [1562 bytes]","args":[{"selector":{"controlType":"sap.ui.core.Icon","viewName":"etm.portal.ui.managerequests.view.NewRequest","properties":{"src":{"regex":{"source":"slim\\-arrow\\-down"}}},"searchOpenDialogs":true,"ancestor":{"id":"costObjectAdminTypeComboBox","viewName":"etm.portal.ui.managerequests.view.NewRequest","searchOpenDialogs":true}},"wdio_ui5_key":"etmportal.ui.managerequests.view.NewRequestsap.ui.core.Icon{\"src\":{\"regex\":{\"source\":\"slim\\\\-arrow\\\\-down\"}}}{\"id\":\"costObjectAdminTypeComboBox\",\"viewName\":\"etm.portal.ui.managerequests.view.NewRequest\",\"searchOpenDialogs\":true}"}]}
RESULT: undefined
COMMAND: POST /session/6e77a8c699da6c53a9289fc604b7742b/element - {"using":"xpath","value":"//*[@id=\"__xmlview59--costObjectAdminTypeComboBox-arrow\"]"}
RESULT: {}
RESULT: {"using":"xpath","value":"//*[@id=\"__xmlview59--costObjectAdminTypeComboBox-arrow\"]"}
COMMAND: POST /session/6e77a8c699da6c53a9289fc604b7742b/element/f.93F4A61C81F21A46154A7CFE6A8617A2.d.CB5EDDADD567CBB30BB0DE2B8DFBD03F.e.9240/click - {}
RESULT: {}
COMMAND: POST /session/6e77a8c699da6c53a9289fc604b7742b/execute/async - {"script":"<script> [1562 bytes]","args":[{"selector":{"controlType":"sap.m.StandardListItem","viewName":"etm.portal.ui.managerequests.view.NewRequest","properties":{"title":"Cost Center"},"searchOpenDialogs":true,"interaction":{"idSuffix":"titleText"}},"wdio_ui5_key":"etmportal.ui.managerequests.view.NewRequestsap.m.StandardListItem{\"title\":\"Cost Center\"}"}]}
COMMAND: GET /session/6e77a8c699da6c53a9289fc604b7742b/screenshot - {}
RESULT: {"script":"<script> [1562 bytes]","args":[{"selector":{"controlType":"sap.m.StandardListItem","viewName":"etm.portal.ui.managerequests.view.NewRequest","properties":{"title":"Cost Center"},"searchOpenDialogs":true,"interaction":{"idSuffix":"titleText"}},"wdio_ui5_key":"etmportal.ui.managerequests.view.NewRequestsap.m.StandardListItem{\"title\":\"Cost Center\"}"}]}
RESULT: undefined
COMMAND: POST /session/6e77a8c699da6c53a9289fc604b7742b/element - {"using":"xpath","value":"//*[@id=\"__item784\"]"}
RESULT: {}
RESULT: {"using":"xpath","value":"//*[@id=\"__item784\"]"}
COMMAND: POST /session/6e77a8c699da6c53a9289fc604b7742b/element/f.93F4A61C81F21A46154A7CFE6A8617A2.d.CB5EDDADD567CBB30BB0DE2B8DFBD03F.e.9242/click - {}
RESULT: {}
COMMAND: GET /session/6e77a8c699da6c53a9289fc604b7742b/screenshot - {}
RESULT: {}
COMMAND: POST /session/6e77a8c699da6c53a9289fc604b7742b/execute/async - {"script":"<script> [1562 bytes]","args":[{"selector":{"controlType":"sap.ui.core.Icon","viewName":"etm.portal.ui.managerequests.view.NewRequest","properties":{"src":{"regex":{"source":"value\\-help"}}},"searchOpenDialogs":true},"wdio_ui5_key":"etmportal.ui.managerequests.view.NewRequestsap.ui.core.Icon{\"src\":{\"regex\":{\"source\":\"value\\\\-help\"}}}"}]}
RESULT: {"script":"<script> [1562 bytes]","args":[{"selector":{"controlType":"sap.ui.core.Icon","viewName":"etm.portal.ui.managerequests.view.NewRequest","properties":{"src":{"regex":{"source":"value\\-help"}}},"searchOpenDialogs":true},"wdio_ui5_key":"etmportal.ui.managerequests.view.NewRequestsap.ui.core.Icon{\"src\":{\"regex\":{\"source\":\"value\\\\-help\"}}}"}]}
RESULT: undefined
COMMAND: POST /session/6e77a8c699da6c53a9289fc604b7742b/element - {"using":"xpath","value":"//*[@id=\"__xmlview59--costObjectIdComboBox-vhi\"]"}
RESULT: {"using":"xpath","value":"//*[@id=\"__xmlview59--costObjectIdComboBox-vhi\"]"}
COMMAND: POST /session/6e77a8c699da6c53a9289fc604b7742b/element/f.93F4A61C81F21A46154A7CFE6A8617A2.d.CB5EDDADD567CBB30BB0DE2B8DFBD03F.e.9250/click - {}
RESULT: {}
COMMAND: POST /session/6e77a8c699da6c53a9289fc604b7742b/execute/async - {"script":"<script> [1562 bytes]","args":[{"selector":{"controlType":"sap.m.SearchField","properties":{"placeholder":"Search"},"searchOpenDialogs":true,"interaction":{"idSuffix":"I"}},"wdio_ui5_key":"sapm.SearchField{\"placeholder\":\"Search\"}"}]}
COMMAND: GET /session/6e77a8c699da6c53a9289fc604b7742b/screenshot - {}
RESULT: {"script":"<script> [1562 bytes]","args":[{"selector":{"controlType":"sap.m.SearchField","properties":{"placeholder":"Search"},"searchOpenDialogs":true,"interaction":{"idSuffix":"I"}},"wdio_ui5_key":"sapm.SearchField{\"placeholder\":\"Search\"}"}]}
RESULT: undefined
COMMAND: POST /session/6e77a8c699da6c53a9289fc604b7742b/execute/async - {"script":"<script> [776 bytes]","args":[{"enterText":"10001010","selector":{"controlType":"sap.m.SearchField","properties":{"placeholder":"Search"},"searchOpenDialogs":true,"interaction":{"idSuffix":"I"}},"clearTextFirst":true,"interactionType":"ENTER_TEXT"}]}
RESULT: {}
RESULT: {"script":"<script> [776 bytes]","args":[{"enterText":"10001010","selector":{"controlType":"sap.m.SearchField","properties":{"placeholder":"Search"},"searchOpenDialogs":true,"interaction":{"idSuffix":"I"}},"clearTextFirst":true,"interactionType":"ENTER_TEXT"}]}
COMMAND: POST /session/6e77a8c699da6c53a9289fc604b7742b/actions - {"actions":[{"id":"action70","type":"key","parameters":{},"actions":[{"type":"keyDown","value":"î€‡"},{"type":"pause","duration":10},{"type":"keyUp","value":"î€‡"}]}]}
RESULT: {"actions":[{"id":"action70","type":"key","parameters":{},"actions":[{"type":"keyDown","value":"î€‡"},{"type":"pause","duration":10},{"type":"keyUp","value":"î€‡"}]}]}
COMMAND: GET /session/6e77a8c699da6c53a9289fc604b7742b/screenshot - {}
RESULT: {}
COMMAND: POST /session/6e77a8c699da6c53a9289fc604b7742b/execute/async - {"script":"<script> [1562 bytes]","args":[{"selector":{"controlType":"sap.m.Text","bindingPath":{"path":"/C_CostCtrValueHelp(CostCenter='10001010',ControllingArea='Z001')","propertyPath":"CostCenterName","modelName":"CostCenterModel"},"searchOpenDialogs":true},"wdio_ui5_key":"sapm.Text{\"path\":\"/C_CostCtrValueHelp(CostCenter='10001010',ControllingArea='Z001')\",\"propertyPath\":\"CostCenterName\",\"modelName\":\"CostCenterModel\"}"}]}
RESULT: {"script":"<script> [1562 bytes]","args":[{"selector":{"controlType":"sap.m.Text","bindingPath":{"path":"/C_CostCtrValueHelp(CostCenter='10001010',ControllingArea='Z001')","propertyPath":"CostCenterName","modelName":"CostCenterModel"},"searchOpenDialogs":true},"wdio_ui5_key":"sapm.Text{\"path\":\"/C_CostCtrValueHelp(CostCenter='10001010',ControllingArea='Z001')\",\"propertyPath\":\"CostCenterName\",\"modelName\":\"CostCenterModel\"}"}]}
RESULT: undefined
COMMAND: POST /session/6e77a8c699da6c53a9289fc604b7742b/element - {"using":"xpath","value":"//*[@id=\"__text291-__clone922\"]"}
RESULT: {"using":"xpath","value":"//*[@id=\"__text291-__clone922\"]"}
COMMAND: POST /session/6e77a8c699da6c53a9289fc604b7742b/element/f.93F4A61C81F21A46154A7CFE6A8617A2.d.CB5EDDADD567CBB30BB0DE2B8DFBD03F.e.9290/click - {}
RESULT: {}
COMMAND: POST /session/6e77a8c699da6c53a9289fc604b7742b/execute/async - {"script":"<script> [1562 bytes]","args":[{"selector":{"controlType":"sap.m.Button","properties":{"text":"OK"},"searchOpenDialogs":true,"interaction":{"idSuffix":"BDI-content"}},"wdio_ui5_key":"sapm.Button{\"text\":\"OK\"}"}]}
COMMAND: GET /session/6e77a8c699da6c53a9289fc604b7742b/screenshot - {}
RESULT: {"script":"<script> [1562 bytes]","args":[{"selector":{"controlType":"sap.m.Button","properties":{"text":"OK"},"searchOpenDialogs":true,"interaction":{"idSuffix":"BDI-content"}},"wdio_ui5_key":"sapm.Button{\"text\":\"OK\"}"}]}
RESULT: undefined
COMMAND: POST /session/6e77a8c699da6c53a9289fc604b7742b/element - {"using":"xpath","value":"//*[@id=\"__dialog1-ok\"]"}
RESULT: {}
RESULT: {"using":"xpath","value":"//*[@id=\"__dialog1-ok\"]"}
COMMAND: POST /session/6e77a8c699da6c53a9289fc604b7742b/element/f.93F4A61C81F21A46154A7CFE6A8617A2.d.CB5EDDADD567CBB30BB0DE2B8DFBD03F.e.9292/click - {}
RESULT: {}
COMMAND: GET /session/6e77a8c699da6c53a9289fc604b7742b/screenshot - {}
RESULT: {}
COMMAND: POST /session/6e77a8c699da6c53a9289fc604b7742b/execute/async - {"script":"<script> [1562 bytes]","args":[{"selector":{"controlType":"sap.m.Button","viewName":"etm.portal.ui.managerequests.view.NewRequest","i18NText":{"propertyName":"text","key":"save"},"searchOpenDialogs":true,"interaction":{"idSuffix":"BDI-content"}},"wdio_ui5_key":"etmportal.ui.managerequests.view.NewRequestsap.m.Button{\"propertyName\":\"text\",\"key\":\"save\"}"}]}
RESULT: {"script":"<script> [1562 bytes]","args":[{"selector":{"controlType":"sap.m.Button","viewName":"etm.portal.ui.managerequests.view.NewRequest","i18NText":{"propertyName":"text","key":"save"},"searchOpenDialogs":true,"interaction":{"idSuffix":"BDI-content"}},"wdio_ui5_key":"etmportal.ui.managerequests.view.NewRequestsap.m.Button{\"propertyName\":\"text\",\"key\":\"save\"}"}]}
RESULT: undefined
COMMAND: POST /session/6e77a8c699da6c53a9289fc604b7742b/element - {"using":"xpath","value":"//*[@id=\"__button24\"]"}
RESULT: {"using":"xpath","value":"//*[@id=\"__button24\"]"}
COMMAND: POST /session/6e77a8c699da6c53a9289fc604b7742b/element/f.93F4A61C81F21A46154A7CFE6A8617A2.d.CB5EDDADD567CBB30BB0DE2B8DFBD03F.e.9296/click - {}
RESULT: {}
COMMAND: GET /session/6e77a8c699da6c53a9289fc604b7742b/screenshot - {}
RESULT: {}
COMMAND: POST /session/6e77a8c699da6c53a9289fc604b7742b/element - {"using":"xpath","value":"(//bdi[contains(text() ,\"Save\")])[1]"}
RESULT: {"using":"xpath","value":"(//bdi[contains(text() ,\"Save\")])[1]"}
COMMAND: POST /session/6e77a8c699da6c53a9289fc604b7742b/element/f.93F4A61C81F21A46154A7CFE6A8617A2.d.CB5EDDADD567CBB30BB0DE2B8DFBD03F.e.9298/click - {}
RESULT: {}
COMMAND: GET /session/6e77a8c699da6c53a9289fc604b7742b/screenshot - {}
RESULT: {}
COMMAND: POST /session/6e77a8c699da6c53a9289fc604b7742b/execute/async - {"script":"<script> [1562 bytes]","args":[{"selector":{"controlType":"sap.m.Title","properties":{"text":"Success"},"searchOpenDialogs":true},"wdio_ui5_key":"sapm.Title{\"text\":\"Success\"}"}]}
RESULT: {"script":"<script> [1562 bytes]","args":[{"selector":{"controlType":"sap.m.Title","properties":{"text":"Success"},"searchOpenDialogs":true},"wdio_ui5_key":"sapm.Title{\"text\":\"Success\"}"}]}
RESULT: undefined
COMMAND: POST /session/6e77a8c699da6c53a9289fc604b7742b/execute/async - {"script":"<script> [6424 bytes]","args":[{"element-6066-11e4-a52e-4f735466cecf":"f.93F4A61C81F21A46154A7CFE6A8617A2.d.CB5EDDADD567CBB30BB0DE2B8DFBD03F.e.9302"},"getText",[]]}
RESULT: {"script":"<script> [6424 bytes]","args":[{"element-6066-11e4-a52e-4f735466cecf":"f.93F4A61C81F21A46154A7CFE6A8617A2.d.CB5EDDADD567CBB30BB0DE2B8DFBD03F.e.9302"},"getText",[]]}
COMMAND: POST /session/6e77a8c699da6c53a9289fc604b7742b/execute/async - {"script":"<script> [1562 bytes]","args":[{"selector":{"controlType":"sap.m.Button","properties":{"text":"Close"},"searchOpenDialogs":true,"interaction":{"idSuffix":"BDI-content"}},"wdio_ui5_key":"sapm.Button{\"text\":\"Close\"}"}]}
RESULT: {"script":"<script> [1562 bytes]","args":[{"selector":{"controlType":"sap.m.Button","properties":{"text":"Close"},"searchOpenDialogs":true,"interaction":{"idSuffix":"BDI-content"}},"wdio_ui5_key":"sapm.Button{\"text\":\"Close\"}"}]}
RESULT: undefined
COMMAND: POST /session/6e77a8c699da6c53a9289fc604b7742b/element - {"using":"xpath","value":"//*[@id=\"__mbox-btn-0\"]"}
RESULT: {"using":"xpath","value":"//*[@id=\"__mbox-btn-0\"]"}
COMMAND: POST /session/6e77a8c699da6c53a9289fc604b7742b/element/f.93F4A61C81F21A46154A7CFE6A8617A2.d.CB5EDDADD567CBB30BB0DE2B8DFBD03F.e.9301/click - {}
RESULT: {}
COMMAND: GET /session/6e77a8c699da6c53a9289fc604b7742b/screenshot - {}
RESULT: {}
]]></system-out>
    </testcase>
    <testcase classname="chrome.136_0_7103_93.windows.Reserve/Unreserve_request_item_via_reserve_option_US139161" name="Should navigate to planning board and reserve the resource" time="109.381">
      <system-out><![CDATA[
COMMAND: POST /session/6e77a8c699da6c53a9289fc604b7742b/execute/async - {"script":"<script> [1562 bytes]","args":[{"selector":{"controlType":"sap.m.Button","viewName":"etm.portal.ui.managerequests.view.Detail","i18NText":{"propertyName":"text","key":"planningSituation"},"interaction":{"idSuffix":"BDI-content"}},"wdio_ui5_key":"etmportal.ui.managerequests.view.Detailsap.m.Button{\"propertyName\":\"text\",\"key\":\"planningSituation\"}"}]}
RESULT: {"script":"<script> [1562 bytes]","args":[{"selector":{"controlType":"sap.m.Button","viewName":"etm.portal.ui.managerequests.view.Detail","i18NText":{"propertyName":"text","key":"planningSituation"},"interaction":{"idSuffix":"BDI-content"}},"wdio_ui5_key":"etmportal.ui.managerequests.view.Detailsap.m.Button{\"propertyName\":\"text\",\"key\":\"planningSituation\"}"}]}
RESULT: undefined
COMMAND: POST /session/6e77a8c699da6c53a9289fc604b7742b/element - {"using":"xpath","value":"//*[@id=\"__button27\"]"}
RESULT: {"using":"xpath","value":"//*[@id=\"__button27\"]"}
COMMAND: POST /session/6e77a8c699da6c53a9289fc604b7742b/element/f.93F4A61C81F21A46154A7CFE6A8617A2.d.CB5EDDADD567CBB30BB0DE2B8DFBD03F.e.9328/click - {}
RESULT: {}
COMMAND: GET /session/6e77a8c699da6c53a9289fc604b7742b/screenshot - {}
RESULT: {}
COMMAND: POST /session/6e77a8c699da6c53a9289fc604b7742b/element - {"using":"xpath","value":"(//span[contains(@title ,\"WebdriverYardowxms\")])[1]"}
RESULT: {"using":"xpath","value":"(//span[contains(@title ,\"WebdriverYardowxms\")])[1]"}
COMMAND: POST /session/6e77a8c699da6c53a9289fc604b7742b/elements - {"using":"xpath","value":"(//span[contains(@title ,\"WebdriverYardowxms\")])[1]"}
RESULT: {"using":"xpath","value":"(//span[contains(@title ,\"WebdriverYardowxms\")])[1]"}
COMMAND: POST /session/6e77a8c699da6c53a9289fc604b7742b/elements - {"using":"xpath","value":"(//span[contains(@title ,\"WebdriverYardowxms\")])[1]"}
RESULT: {"using":"xpath","value":"(//span[contains(@title ,\"WebdriverYardowxms\")])[1]"}
COMMAND: POST /session/6e77a8c699da6c53a9289fc604b7742b/elements - {"using":"xpath","value":"(//span[contains(@title ,\"WebdriverYardowxms\")])[1]"}
RESULT: {"using":"xpath","value":"(//span[contains(@title ,\"WebdriverYardowxms\")])[1]"}
COMMAND: POST /session/6e77a8c699da6c53a9289fc604b7742b/elements - {"using":"xpath","value":"(//span[contains(@title ,\"WebdriverYardowxms\")])[1]"}
RESULT: {"using":"xpath","value":"(//span[contains(@title ,\"WebdriverYardowxms\")])[1]"}
COMMAND: POST /session/6e77a8c699da6c53a9289fc604b7742b/elements - {"using":"xpath","value":"(//span[contains(@title ,\"WebdriverYardowxms\")])[1]"}
RESULT: {"using":"xpath","value":"(//span[contains(@title ,\"WebdriverYardowxms\")])[1]"}
COMMAND: POST /session/6e77a8c699da6c53a9289fc604b7742b/elements - {"using":"xpath","value":"(//span[contains(@title ,\"WebdriverYardowxms\")])[1]"}
RESULT: {"using":"xpath","value":"(//span[contains(@title ,\"WebdriverYardowxms\")])[1]"}
COMMAND: POST /session/6e77a8c699da6c53a9289fc604b7742b/elements - {"using":"xpath","value":"(//span[contains(@title ,\"WebdriverYardowxms\")])[1]"}
RESULT: {"using":"xpath","value":"(//span[contains(@title ,\"WebdriverYardowxms\")])[1]"}
COMMAND: POST /session/6e77a8c699da6c53a9289fc604b7742b/elements - {"using":"xpath","value":"(//span[contains(@title ,\"WebdriverYardowxms\")])[1]"}
RESULT: {"using":"xpath","value":"(//span[contains(@title ,\"WebdriverYardowxms\")])[1]"}
COMMAND: POST /session/6e77a8c699da6c53a9289fc604b7742b/elements - {"using":"xpath","value":"(//span[contains(@title ,\"WebdriverYardowxms\")])[1]"}
RESULT: {"using":"xpath","value":"(//span[contains(@title ,\"WebdriverYardowxms\")])[1]"}
COMMAND: POST /session/6e77a8c699da6c53a9289fc604b7742b/elements - {"using":"xpath","value":"(//span[contains(@title ,\"WebdriverYardowxms\")])[1]"}
RESULT: {"using":"xpath","value":"(//span[contains(@title ,\"WebdriverYardowxms\")])[1]"}
COMMAND: POST /session/6e77a8c699da6c53a9289fc604b7742b/elements - {"using":"xpath","value":"(//span[contains(@title ,\"WebdriverYardowxms\")])[1]"}
RESULT: {"using":"xpath","value":"(//span[contains(@title ,\"WebdriverYardowxms\")])[1]"}
COMMAND: POST /session/6e77a8c699da6c53a9289fc604b7742b/elements - {"using":"xpath","value":"(//span[contains(@title ,\"WebdriverYardowxms\")])[1]"}
RESULT: {"using":"xpath","value":"(//span[contains(@title ,\"WebdriverYardowxms\")])[1]"}
COMMAND: POST /session/6e77a8c699da6c53a9289fc604b7742b/elements - {"using":"xpath","value":"(//span[contains(@title ,\"WebdriverYardowxms\")])[1]"}
RESULT: {"using":"xpath","value":"(//span[contains(@title ,\"WebdriverYardowxms\")])[1]"}
COMMAND: POST /session/6e77a8c699da6c53a9289fc604b7742b/elements - {"using":"xpath","value":"(//span[contains(@title ,\"WebdriverYardowxms\")])[1]"}
RESULT: {"using":"xpath","value":"(//span[contains(@title ,\"WebdriverYardowxms\")])[1]"}
COMMAND: POST /session/6e77a8c699da6c53a9289fc604b7742b/elements - {"using":"xpath","value":"(//span[contains(@title ,\"WebdriverYardowxms\")])[1]"}
RESULT: {"using":"xpath","value":"(//span[contains(@title ,\"WebdriverYardowxms\")])[1]"}
COMMAND: POST /session/6e77a8c699da6c53a9289fc604b7742b/elements - {"using":"xpath","value":"(//span[contains(@title ,\"WebdriverYardowxms\")])[1]"}
RESULT: {"using":"xpath","value":"(//span[contains(@title ,\"WebdriverYardowxms\")])[1]"}
COMMAND: POST /session/6e77a8c699da6c53a9289fc604b7742b/elements - {"using":"xpath","value":"(//span[contains(@title ,\"WebdriverYardowxms\")])[1]"}
RESULT: {"using":"xpath","value":"(//span[contains(@title ,\"WebdriverYardowxms\")])[1]"}
COMMAND: POST /session/6e77a8c699da6c53a9289fc604b7742b/elements - {"using":"xpath","value":"(//span[contains(@title ,\"WebdriverYardowxms\")])[1]"}
RESULT: {"using":"xpath","value":"(//span[contains(@title ,\"WebdriverYardowxms\")])[1]"}
COMMAND: POST /session/6e77a8c699da6c53a9289fc604b7742b/elements - {"using":"xpath","value":"(//span[contains(@title ,\"WebdriverYardowxms\")])[1]"}
RESULT: {"using":"xpath","value":"(//span[contains(@title ,\"WebdriverYardowxms\")])[1]"}
COMMAND: POST /session/6e77a8c699da6c53a9289fc604b7742b/elements - {"using":"xpath","value":"(//span[contains(@title ,\"WebdriverYardowxms\")])[1]"}
RESULT: {"using":"xpath","value":"(//span[contains(@title ,\"WebdriverYardowxms\")])[1]"}
COMMAND: POST /session/6e77a8c699da6c53a9289fc604b7742b/elements - {"using":"xpath","value":"(//span[contains(@title ,\"WebdriverYardowxms\")])[1]"}
RESULT: {"using":"xpath","value":"(//span[contains(@title ,\"WebdriverYardowxms\")])[1]"}
COMMAND: POST /session/6e77a8c699da6c53a9289fc604b7742b/elements - {"using":"xpath","value":"(//span[contains(@title ,\"WebdriverYardowxms\")])[1]"}
RESULT: {"using":"xpath","value":"(//span[contains(@title ,\"WebdriverYardowxms\")])[1]"}
COMMAND: POST /session/6e77a8c699da6c53a9289fc604b7742b/elements - {"using":"xpath","value":"(//span[contains(@title ,\"WebdriverYardowxms\")])[1]"}
RESULT: {"using":"xpath","value":"(//span[contains(@title ,\"WebdriverYardowxms\")])[1]"}
COMMAND: POST /session/6e77a8c699da6c53a9289fc604b7742b/elements - {"using":"xpath","value":"(//span[contains(@title ,\"WebdriverYardowxms\")])[1]"}
RESULT: {"using":"xpath","value":"(//span[contains(@title ,\"WebdriverYardowxms\")])[1]"}
COMMAND: POST /session/6e77a8c699da6c53a9289fc604b7742b/elements - {"using":"xpath","value":"(//span[contains(@title ,\"WebdriverYardowxms\")])[1]"}
RESULT: {"using":"xpath","value":"(//span[contains(@title ,\"WebdriverYardowxms\")])[1]"}
COMMAND: POST /session/6e77a8c699da6c53a9289fc604b7742b/elements - {"using":"xpath","value":"(//span[contains(@title ,\"WebdriverYardowxms\")])[1]"}
RESULT: {"using":"xpath","value":"(//span[contains(@title ,\"WebdriverYardowxms\")])[1]"}
COMMAND: POST /session/6e77a8c699da6c53a9289fc604b7742b/elements - {"using":"xpath","value":"(//span[contains(@title ,\"WebdriverYardowxms\")])[1]"}
RESULT: {"using":"xpath","value":"(//span[contains(@title ,\"WebdriverYardowxms\")])[1]"}
COMMAND: POST /session/6e77a8c699da6c53a9289fc604b7742b/elements - {"using":"xpath","value":"(//span[contains(@title ,\"WebdriverYardowxms\")])[1]"}
RESULT: {"using":"xpath","value":"(//span[contains(@title ,\"WebdriverYardowxms\")])[1]"}
COMMAND: POST /session/6e77a8c699da6c53a9289fc604b7742b/elements - {"using":"xpath","value":"(//span[contains(@title ,\"WebdriverYardowxms\")])[1]"}
RESULT: {"using":"xpath","value":"(//span[contains(@title ,\"WebdriverYardowxms\")])[1]"}
COMMAND: POST /session/6e77a8c699da6c53a9289fc604b7742b/elements - {"using":"xpath","value":"(//span[contains(@title ,\"WebdriverYardowxms\")])[1]"}
RESULT: {"using":"xpath","value":"(//span[contains(@title ,\"WebdriverYardowxms\")])[1]"}
COMMAND: POST /session/6e77a8c699da6c53a9289fc604b7742b/elements - {"using":"xpath","value":"(//span[contains(@title ,\"WebdriverYardowxms\")])[1]"}
RESULT: {"using":"xpath","value":"(//span[contains(@title ,\"WebdriverYardowxms\")])[1]"}
COMMAND: POST /session/6e77a8c699da6c53a9289fc604b7742b/elements - {"using":"xpath","value":"(//span[contains(@title ,\"WebdriverYardowxms\")])[1]"}
RESULT: {"using":"xpath","value":"(//span[contains(@title ,\"WebdriverYardowxms\")])[1]"}
COMMAND: POST /session/6e77a8c699da6c53a9289fc604b7742b/elements - {"using":"xpath","value":"(//span[contains(@title ,\"WebdriverYardowxms\")])[1]"}
RESULT: {"using":"xpath","value":"(//span[contains(@title ,\"WebdriverYardowxms\")])[1]"}
COMMAND: POST /session/6e77a8c699da6c53a9289fc604b7742b/elements - {"using":"xpath","value":"(//span[contains(@title ,\"WebdriverYardowxms\")])[1]"}
RESULT: {"using":"xpath","value":"(//span[contains(@title ,\"WebdriverYardowxms\")])[1]"}
COMMAND: POST /session/6e77a8c699da6c53a9289fc604b7742b/elements - {"using":"xpath","value":"(//span[contains(@title ,\"WebdriverYardowxms\")])[1]"}
RESULT: {"using":"xpath","value":"(//span[contains(@title ,\"WebdriverYardowxms\")])[1]"}
COMMAND: POST /session/6e77a8c699da6c53a9289fc604b7742b/elements - {"using":"xpath","value":"(//span[contains(@title ,\"WebdriverYardowxms\")])[1]"}
RESULT: {"using":"xpath","value":"(//span[contains(@title ,\"WebdriverYardowxms\")])[1]"}
COMMAND: POST /session/6e77a8c699da6c53a9289fc604b7742b/elements - {"using":"xpath","value":"(//span[contains(@title ,\"WebdriverYardowxms\")])[1]"}
RESULT: {"using":"xpath","value":"(//span[contains(@title ,\"WebdriverYardowxms\")])[1]"}
COMMAND: POST /session/6e77a8c699da6c53a9289fc604b7742b/element - {"using":"xpath","value":"(//span[contains(@title ,\"WebdriverYardowxms\")])[1]"}
RESULT: {"using":"xpath","value":"(//span[contains(@title ,\"WebdriverYardowxms\")])[1]"}
COMMAND: POST /session/6e77a8c699da6c53a9289fc604b7742b/execute/sync - {"script":"<script> [8489 bytes]","args":[{"element-6066-11e4-a52e-4f735466cecf":"f.93F4A61C81F21A46154A7CFE6A8617A2.d.CB5EDDADD567CBB30BB0DE2B8DFBD03F.e.9773","ELEMENT":"f.93F4A61C81F21A46154A7CFE6A8617A2.d.CB5EDDADD567CBB30BB0DE2B8DFBD03F.e.9773"}]}
RESULT: {"script":"<script> [8489 bytes]","args":[{"element-6066-11e4-a52e-4f735466cecf":"f.93F4A61C81F21A46154A7CFE6A8617A2.d.CB5EDDADD567CBB30BB0DE2B8DFBD03F.e.9773","ELEMENT":"f.93F4A61C81F21A46154A7CFE6A8617A2.d.CB5EDDADD567CBB30BB0DE2B8DFBD03F.e.9773"}]}
COMMAND: POST /session/6e77a8c699da6c53a9289fc604b7742b/element - {"using":"xpath","value":"(//span[contains(@title ,\"WebdriverYardowxms\")])[1]"}
COMMAND: GET /session/6e77a8c699da6c53a9289fc604b7742b/screenshot - {}
RESULT: {"using":"xpath","value":"(//span[contains(@title ,\"WebdriverYardowxms\")])[1]"}
COMMAND: POST /session/6e77a8c699da6c53a9289fc604b7742b/actions - {"actions":[{"id":"action71","type":"pointer","parameters":{"pointerType":"mouse"},"actions":[{"type":"pointerMove","button":0,"width":0,"height":0,"pressure":0,"tangentialPressure":0,"tiltX":0,"tiltY":0,"twist":0,"altitudeAngle":0,"_":"5 more keys: [\"azimuthAngle\",\"x\",\"y\",\"duration\",\"origin\"]"},{"type":"pointerDown","button":2,"width":0,"height":0,"pressure":0,"tangentialPressure":0,"tiltX":0,"tiltY":0,"twist":0,"altitudeAngle":0,"_":"1 more keys: [\"azimuthAngle\"]"},{"type":"pointerUp","button":2}]}]}
RESULT: {}
RESULT: {"actions":[{"id":"action71","type":"pointer","parameters":{"pointerType":"mouse"},"actions":[{"type":"pointerMove","button":0,"width":0,"height":0,"pressure":0,"tangentialPressure":0,"tiltX":0,"tiltY":0,"twist":0,"altitudeAngle":0,"_":"5 more keys: [\"azimuthAngle\",\"x\",\"y\",\"duration\",\"origin\"]"},{"type":"pointerDown","button":2,"width":0,"height":0,"pressure":0,"tangentialPressure":0,"tiltX":0,"tiltY":0,"twist":0,"altitudeAngle":0,"_":"1 more keys: [\"azimuthAngle\"]"},{"type":"pointerUp","button":2}]}]}
COMMAND: DELETE /session/6e77a8c699da6c53a9289fc604b7742b/actions - {}
COMMAND: GET /session/6e77a8c699da6c53a9289fc604b7742b/screenshot - {}
RESULT: {}
COMMAND: GET /session/6e77a8c699da6c53a9289fc604b7742b/screenshot - {}
RESULT: {}
RESULT: {}
COMMAND: POST /session/6e77a8c699da6c53a9289fc604b7742b/actions - {"actions":[{"id":"action72","type":"key","parameters":{},"actions":[{"type":"keyDown","value":"î€•"},{"type":"pause","duration":10},{"type":"keyUp","value":"î€•"}]}]}
RESULT: {"actions":[{"id":"action72","type":"key","parameters":{},"actions":[{"type":"keyDown","value":"î€•"},{"type":"pause","duration":10},{"type":"keyUp","value":"î€•"}]}]}
COMMAND: GET /session/6e77a8c699da6c53a9289fc604b7742b/screenshot - {}
RESULT: {}
COMMAND: POST /session/6e77a8c699da6c53a9289fc604b7742b/actions - {"actions":[{"id":"action73","type":"key","parameters":{},"actions":[{"type":"keyDown","value":"î€‡"},{"type":"pause","duration":10},{"type":"keyUp","value":"î€‡"}]}]}
RESULT: {"actions":[{"id":"action73","type":"key","parameters":{},"actions":[{"type":"keyDown","value":"î€‡"},{"type":"pause","duration":10},{"type":"keyUp","value":"î€‡"}]}]}
COMMAND: GET /session/6e77a8c699da6c53a9289fc604b7742b/screenshot - {}
RESULT: {}
COMMAND: POST /session/6e77a8c699da6c53a9289fc604b7742b/execute/async - {"script":"<script> [1562 bytes]","args":[{"selector":{"id":"application-planningboard-display-component---pB_RequestHeader--RUreservationComment","searchOpenDialogs":true,"interaction":{"idSuffix":"inner"}},"wdio_ui5_key":"applicationplanningboard-display-component---pB_RequestHeader--RUreservationComment"}]}
RESULT: {"script":"<script> [1562 bytes]","args":[{"selector":{"id":"application-planningboard-display-component---pB_RequestHeader--RUreservationComment","searchOpenDialogs":true,"interaction":{"idSuffix":"inner"}},"wdio_ui5_key":"applicationplanningboard-display-component---pB_RequestHeader--RUreservationComment"}]}
RESULT: undefined
COMMAND: POST /session/6e77a8c699da6c53a9289fc604b7742b/execute/async - {"script":"<script> [776 bytes]","args":[{"enterText":"WdIORes1otl8k","selector":{"id":"application-planningboard-display-component---pB_RequestHeader--RUreservationComment","searchOpenDialogs":true,"interaction":{"idSuffix":"inner"}},"clearTextFirst":true,"interactionType":"ENTER_TEXT"}]}
RESULT: {"script":"<script> [776 bytes]","args":[{"enterText":"WdIORes1otl8k","selector":{"id":"application-planningboard-display-component---pB_RequestHeader--RUreservationComment","searchOpenDialogs":true,"interaction":{"idSuffix":"inner"}},"clearTextFirst":true,"interactionType":"ENTER_TEXT"}]}
COMMAND: POST /session/6e77a8c699da6c53a9289fc604b7742b/execute/async - {"script":"<script> [1562 bytes]","args":[{"selector":{"controlType":"sap.m.Button","viewName":"etm.portal.ui.planningboard.view.detail.RequestHeader","viewId":"application-planningboard-display-component---pB_RequestHeader","properties":{"text":"Ok"},"searchOpenDialogs":true,"interaction":{"idSuffix":"BDI-content"}},"wdio_ui5_key":"etmportal.ui.planningboard.view.detail.RequestHeadersap.m.Button{\"text\":\"Ok\"}"}]}
RESULT: {"script":"<script> [1562 bytes]","args":[{"selector":{"controlType":"sap.m.Button","viewName":"etm.portal.ui.planningboard.view.detail.RequestHeader","viewId":"application-planningboard-display-component---pB_RequestHeader","properties":{"text":"Ok"},"searchOpenDialogs":true,"interaction":{"idSuffix":"BDI-content"}},"wdio_ui5_key":"etmportal.ui.planningboard.view.detail.RequestHeadersap.m.Button{\"text\":\"Ok\"}"}]}
RESULT: undefined
COMMAND: POST /session/6e77a8c699da6c53a9289fc604b7742b/element - {"using":"xpath","value":"//*[@id=\"__button192\"]"}
RESULT: {"using":"xpath","value":"//*[@id=\"__button192\"]"}
COMMAND: POST /session/6e77a8c699da6c53a9289fc604b7742b/element/f.93F4A61C81F21A46154A7CFE6A8617A2.d.CB5EDDADD567CBB30BB0DE2B8DFBD03F.e.9786/click - {}
RESULT: {}
COMMAND: GET /session/6e77a8c699da6c53a9289fc604b7742b/screenshot - {}
RESULT: {}
COMMAND: POST /session/6e77a8c699da6c53a9289fc604b7742b/element - {"using":"xpath","value":"//span[contains(@title ,\"WebdriverYardowxms\")]"}
RESULT: {"using":"xpath","value":"//span[contains(@title ,\"WebdriverYardowxms\")]"}
COMMAND: POST /session/6e77a8c699da6c53a9289fc604b7742b/actions - {"actions":[{"id":"action74","type":"pointer","parameters":{"pointerType":"mouse"},"actions":[{"type":"pointerMove","button":0,"width":0,"height":0,"pressure":0,"tangentialPressure":0,"tiltX":0,"tiltY":0,"twist":0,"altitudeAngle":0,"_":"5 more keys: [\"azimuthAngle\",\"x\",\"y\",\"duration\",\"origin\"]"},{"type":"pointerDown","button":2,"width":0,"height":0,"pressure":0,"tangentialPressure":0,"tiltX":0,"tiltY":0,"twist":0,"altitudeAngle":0,"_":"1 more keys: [\"azimuthAngle\"]"},{"type":"pointerUp","button":2}]}]}
RESULT: {"actions":[{"id":"action74","type":"pointer","parameters":{"pointerType":"mouse"},"actions":[{"type":"pointerMove","button":0,"width":0,"height":0,"pressure":0,"tangentialPressure":0,"tiltX":0,"tiltY":0,"twist":0,"altitudeAngle":0,"_":"5 more keys: [\"azimuthAngle\",\"x\",\"y\",\"duration\",\"origin\"]"},{"type":"pointerDown","button":2,"width":0,"height":0,"pressure":0,"tangentialPressure":0,"tiltX":0,"tiltY":0,"twist":0,"altitudeAngle":0,"_":"1 more keys: [\"azimuthAngle\"]"},{"type":"pointerUp","button":2}]}]}
COMMAND: DELETE /session/6e77a8c699da6c53a9289fc604b7742b/actions - {}
COMMAND: GET /session/6e77a8c699da6c53a9289fc604b7742b/screenshot - {}
RESULT: {}
COMMAND: GET /session/6e77a8c699da6c53a9289fc604b7742b/screenshot - {}
RESULT: {}
RESULT: {}
COMMAND: POST /session/6e77a8c699da6c53a9289fc604b7742b/actions - {"actions":[{"id":"action75","type":"key","parameters":{},"actions":[{"type":"keyDown","value":"î€•"},{"type":"pause","duration":10},{"type":"keyUp","value":"î€•"}]}]}
RESULT: {"actions":[{"id":"action75","type":"key","parameters":{},"actions":[{"type":"keyDown","value":"î€•"},{"type":"pause","duration":10},{"type":"keyUp","value":"î€•"}]}]}
COMMAND: GET /session/6e77a8c699da6c53a9289fc604b7742b/screenshot - {}
RESULT: {}
COMMAND: POST /session/6e77a8c699da6c53a9289fc604b7742b/actions - {"actions":[{"id":"action76","type":"key","parameters":{},"actions":[{"type":"keyDown","value":"î€‡"},{"type":"pause","duration":10},{"type":"keyUp","value":"î€‡"}]}]}
RESULT: {"actions":[{"id":"action76","type":"key","parameters":{},"actions":[{"type":"keyDown","value":"î€‡"},{"type":"pause","duration":10},{"type":"keyUp","value":"î€‡"}]}]}
COMMAND: GET /session/6e77a8c699da6c53a9289fc604b7742b/screenshot - {}
RESULT: {}
RESULT: undefined
COMMAND: POST /session/6e77a8c699da6c53a9289fc604b7742b/execute/async - {"script":"<script> [776 bytes]","args":[{"enterText":"WdIORes2aohlx","selector":{"id":"application-planningboard-display-component---pB_RequestHeader--RUreservationComment","searchOpenDialogs":true,"interaction":{"idSuffix":"inner"}},"clearTextFirst":true,"interactionType":"ENTER_TEXT"}]}
RESULT: {"script":"<script> [776 bytes]","args":[{"enterText":"WdIORes2aohlx","selector":{"id":"application-planningboard-display-component---pB_RequestHeader--RUreservationComment","searchOpenDialogs":true,"interaction":{"idSuffix":"inner"}},"clearTextFirst":true,"interactionType":"ENTER_TEXT"}]}
RESULT: undefined
COMMAND: POST /session/6e77a8c699da6c53a9289fc604b7742b/element - {"using":"xpath","value":"//*[@id=\"__button192\"]"}
RESULT: {"using":"xpath","value":"//*[@id=\"__button192\"]"}
COMMAND: POST /session/6e77a8c699da6c53a9289fc604b7742b/element/f.93F4A61C81F21A46154A7CFE6A8617A2.d.CB5EDDADD567CBB30BB0DE2B8DFBD03F.e.9872/click - {}
RESULT: {}
COMMAND: GET /session/6e77a8c699da6c53a9289fc604b7742b/screenshot - {}
RESULT: {}
COMMAND: POST /session/6e77a8c699da6c53a9289fc604b7742b/execute/async - {"script":"<script> [1562 bytes]","args":[{"selector":{"controlType":"sap.m.Button","viewName":"etm.portal.ui.planningboard.view.detail.RequestHeader","viewId":"application-planningboard-display-component---pB_RequestHeader","i18NText":{"propertyName":"text","key":"close"},"ancestor":{"id":"application-planningboard-display-component---pB_RequestHeader--requestItemDetails"},"interaction":{"idSuffix":"BDI-content"}},"wdio_ui5_key":"etmportal.ui.planningboard.view.detail.RequestHeadersap.m.Button{\"propertyName\":\"text\",\"key\":\"close\"}{\"id\":\"application-planningboard-display-component---pB_RequestHeader--requestItemDetails\"}"}]}
RESULT: {"script":"<script> [1562 bytes]","args":[{"selector":{"controlType":"sap.m.Button","viewName":"etm.portal.ui.planningboard.view.detail.RequestHeader","viewId":"application-planningboard-display-component---pB_RequestHeader","i18NText":{"propertyName":"text","key":"close"},"ancestor":{"id":"application-planningboard-display-component---pB_RequestHeader--requestItemDetails"},"interaction":{"idSuffix":"BDI-content"}},"wdio_ui5_key":"etmportal.ui.planningboard.view.detail.RequestHeadersap.m.Button{\"propertyName\":\"text\",\"key\":\"close\"}{\"id\":\"application-planningboard-display-component---pB_RequestHeader--requestItemDetails\"}"}]}
RESULT: undefined
COMMAND: POST /session/6e77a8c699da6c53a9289fc604b7742b/element - {"using":"xpath","value":"//*[@id=\"__button68\"]"}
RESULT: {"using":"xpath","value":"//*[@id=\"__button68\"]"}
COMMAND: POST /session/6e77a8c699da6c53a9289fc604b7742b/element/f.93F4A61C81F21A46154A7CFE6A8617A2.d.CB5EDDADD567CBB30BB0DE2B8DFBD03F.e.9796/click - {}
RESULT: {}
COMMAND: GET /session/6e77a8c699da6c53a9289fc604b7742b/screenshot - {}
RESULT: {}
COMMAND: POST /session/6e77a8c699da6c53a9289fc604b7742b/execute/async - {"script":"<script> [1562 bytes]","args":[{"selector":{"id":"application-planningboard-display-component---pB_Master--selectView","interaction":{"idSuffix":"arrow"}},"wdio_ui5_key":"applicationplanningboard-display-component---pB_Master--selectView"}]}
RESULT: {"script":"<script> [1562 bytes]","args":[{"selector":{"id":"application-planningboard-display-component---pB_Master--selectView","interaction":{"idSuffix":"arrow"}},"wdio_ui5_key":"applicationplanningboard-display-component---pB_Master--selectView"}]}
RESULT: undefined
COMMAND: POST /session/6e77a8c699da6c53a9289fc604b7742b/element - {"using":"xpath","value":"//*[@id=\"application-planningboard-display-component---pB_Master--selectView\"]"}
RESULT: {"using":"xpath","value":"//*[@id=\"application-planningboard-display-component---pB_Master--selectView\"]"}
COMMAND: POST /session/6e77a8c699da6c53a9289fc604b7742b/element/f.93F4A61C81F21A46154A7CFE6A8617A2.d.CB5EDDADD567CBB30BB0DE2B8DFBD03F.e.10092/click - {}
RESULT: {}
COMMAND: GET /session/6e77a8c699da6c53a9289fc604b7742b/screenshot - {}
RESULT: {}
COMMAND: POST /session/6e77a8c699da6c53a9289fc604b7742b/execute/async - {"script":"<script> [1562 bytes]","args":[{"selector":{"controlType":"sap.ui.core.Item","viewName":"etm.portal.ui.planningboard.view.Master","viewId":"application-planningboard-display-component---pB_Master","i18NText":{"propertyName":"text","key":"manageReservations"},"searchOpenDialogs":true},"wdio_ui5_key":"etmportal.ui.planningboard.view.Mastersap.ui.core.Item{\"propertyName\":\"text\",\"key\":\"manageReservations\"}"}]}
RESULT: {"script":"<script> [1562 bytes]","args":[{"selector":{"controlType":"sap.ui.core.Item","viewName":"etm.portal.ui.planningboard.view.Master","viewId":"application-planningboard-display-component---pB_Master","i18NText":{"propertyName":"text","key":"manageReservations"},"searchOpenDialogs":true},"wdio_ui5_key":"etmportal.ui.planningboard.view.Mastersap.ui.core.Item{\"propertyName\":\"text\",\"key\":\"manageReservations\"}"}]}
RESULT: undefined
COMMAND: POST /session/6e77a8c699da6c53a9289fc604b7742b/element - {"using":"xpath","value":"//*[@id=\"__item831\"]"}
RESULT: {"using":"xpath","value":"//*[@id=\"__item831\"]"}
COMMAND: POST /session/6e77a8c699da6c53a9289fc604b7742b/element/f.93F4A61C81F21A46154A7CFE6A8617A2.d.CB5EDDADD567CBB30BB0DE2B8DFBD03F.e.10093/click - {}
RESULT: {}
COMMAND: GET /session/6e77a8c699da6c53a9289fc604b7742b/screenshot - {}
RESULT: {}
COMMAND: POST /session/6e77a8c699da6c53a9289fc604b7742b/element - {"using":"xpath","value":"//span[contains(@id ,\"clone\")][contains(text(), \"WdIORes1otl8k\")]"}
RESULT: {"using":"xpath","value":"//span[contains(@id ,\"clone\")][contains(text(), \"WdIORes1otl8k\")]"}
COMMAND: GET /session/6e77a8c699da6c53a9289fc604b7742b/element/f.93F4A61C81F21A46154A7CFE6A8617A2.d.CB5EDDADD567CBB30BB0DE2B8DFBD03F.e.10109/text - {}
RESULT: {}
COMMAND: POST /session/6e77a8c699da6c53a9289fc604b7742b/element - {"using":"xpath","value":"//span[contains(@id ,\"clone\")][contains(text(), \"WdIORes2aohlx\")]"}
RESULT: {"using":"xpath","value":"//span[contains(@id ,\"clone\")][contains(text(), \"WdIORes2aohlx\")]"}
COMMAND: POST /session/6e77a8c699da6c53a9289fc604b7742b/element/f.93F4A61C81F21A46154A7CFE6A8617A2.d.CB5EDDADD567CBB30BB0DE2B8DFBD03F.e.10110/click - {}
RESULT: {}
COMMAND: GET /session/6e77a8c699da6c53a9289fc604b7742b/screenshot - {}
RESULT: {}
COMMAND: POST /session/6e77a8c699da6c53a9289fc604b7742b/actions - {"actions":[{"id":"action77","type":"key","parameters":{},"actions":[{"type":"keyDown","value":"î€‡"},{"type":"pause","duration":10},{"type":"keyUp","value":"î€‡"}]}]}
RESULT: {"actions":[{"id":"action77","type":"key","parameters":{},"actions":[{"type":"keyDown","value":"î€‡"},{"type":"pause","duration":10},{"type":"keyUp","value":"î€‡"}]}]}
COMMAND: GET /session/6e77a8c699da6c53a9289fc604b7742b/screenshot - {}
RESULT: {}
COMMAND: POST /session/6e77a8c699da6c53a9289fc604b7742b/execute/async - {"script":"<script> [1562 bytes]","args":[{"selector":{"controlType":"sap.m.Button","viewName":"etm.portal.ui.planningboard.view.detail.Planning","viewId":"application-planningboard-display-component---pB_Planning","i18NText":{"propertyName":"text","key":"unplan"},"interaction":{"idSuffix":"BDI-content"}},"wdio_ui5_key":"etmportal.ui.planningboard.view.detail.Planningsap.m.Button{\"propertyName\":\"text\",\"key\":\"unplan\"}"}]}
RESULT: {"script":"<script> [1562 bytes]","args":[{"selector":{"controlType":"sap.m.Button","viewName":"etm.portal.ui.planningboard.view.detail.Planning","viewId":"application-planningboard-display-component---pB_Planning","i18NText":{"propertyName":"text","key":"unplan"},"interaction":{"idSuffix":"BDI-content"}},"wdio_ui5_key":"etmportal.ui.planningboard.view.detail.Planningsap.m.Button{\"propertyName\":\"text\",\"key\":\"unplan\"}"}]}
RESULT: undefined
COMMAND: POST /session/6e77a8c699da6c53a9289fc604b7742b/element - {"using":"xpath","value":"//*[@id=\"__button258\"]"}
RESULT: {"using":"xpath","value":"//*[@id=\"__button258\"]"}
COMMAND: POST /session/6e77a8c699da6c53a9289fc604b7742b/element/f.93F4A61C81F21A46154A7CFE6A8617A2.d.CB5EDDADD567CBB30BB0DE2B8DFBD03F.e.10146/click - {}
RESULT: {}
COMMAND: GET /session/6e77a8c699da6c53a9289fc604b7742b/screenshot - {}
RESULT: {}
COMMAND: POST /session/6e77a8c699da6c53a9289fc604b7742b/element - {"using":"xpath","value":"//span[contains(@id ,\"clone\")][contains(text(), \"WdIORes2aohlx\")]"}
RESULT: {"using":"xpath","value":"//span[contains(@id ,\"clone\")][contains(text(), \"WdIORes2aohlx\")]"}
COMMAND: POST /session/6e77a8c699da6c53a9289fc604b7742b/element - {"using":"xpath","value":"//span[contains(@id ,\"clone\")][contains(text(), \"WdIORes2aohlx\")]"}
RESULT: {"using":"xpath","value":"//span[contains(@id ,\"clone\")][contains(text(), \"WdIORes2aohlx\")]"}
COMMAND: POST /session/6e77a8c699da6c53a9289fc604b7742b/element - {"using":"xpath","value":"//span[contains(@id ,\"clone\")][contains(text(), \"WdIORes1otl8k\")]"}
RESULT: {"using":"xpath","value":"//span[contains(@id ,\"clone\")][contains(text(), \"WdIORes1otl8k\")]"}
COMMAND: POST /session/6e77a8c699da6c53a9289fc604b7742b/element/f.93F4A61C81F21A46154A7CFE6A8617A2.d.CB5EDDADD567CBB30BB0DE2B8DFBD03F.e.10210/click - {}
RESULT: {}
COMMAND: GET /session/6e77a8c699da6c53a9289fc604b7742b/screenshot - {}
RESULT: {}
COMMAND: POST /session/6e77a8c699da6c53a9289fc604b7742b/actions - {"actions":[{"id":"action78","type":"key","parameters":{},"actions":[{"type":"keyDown","value":"î€‡"},{"type":"pause","duration":10},{"type":"keyUp","value":"î€‡"}]}]}
RESULT: {"actions":[{"id":"action78","type":"key","parameters":{},"actions":[{"type":"keyDown","value":"î€‡"},{"type":"pause","duration":10},{"type":"keyUp","value":"î€‡"}]}]}
COMMAND: GET /session/6e77a8c699da6c53a9289fc604b7742b/screenshot - {}
RESULT: {}
]]></system-out>
    </testcase>
  </testsuite>
  <testsuite timestamp="2025-06-02T16:15:28" time="31.539" tests="1" failures="0" errors="0" skipped="0">
    <properties>
      <property name="specId" value="0" />
      <property name="suiteName" value="Reserve/Unreserve request item via reserve option US139161" />
      <property name="capabilities" value="chrome.136_0_7103_93.windows" />
      <property name="file" value="file:///D:/a/1/s/test/specs/R2C/manage-reservations-view-planning-board.spec.js" />
    </properties>
    <testcase classname="chrome.136_0_7103_93.windows.Reserve/Unreserve_request_item_via_reserve_option_US139161" name="Should open a reservation to verify and edit the details" time="31.537">
      <system-out><![CDATA[
COMMAND: POST /session/6e77a8c699da6c53a9289fc604b7742b/element - {"using":"xpath","value":"//button[contains(@data-kt, \"editButton\")]"}
RESULT: {"using":"xpath","value":"//button[contains(@data-kt, \"editButton\")]"}
COMMAND: POST /session/6e77a8c699da6c53a9289fc604b7742b/execute/sync - {"script":"<script> [8489 bytes]","args":[{"element-6066-11e4-a52e-4f735466cecf":"f.93F4A61C81F21A46154A7CFE6A8617A2.d.CB5EDDADD567CBB30BB0DE2B8DFBD03F.e.10263","ELEMENT":"f.93F4A61C81F21A46154A7CFE6A8617A2.d.CB5EDDADD567CBB30BB0DE2B8DFBD03F.e.10263"}]}
RESULT: {"script":"<script> [8489 bytes]","args":[{"element-6066-11e4-a52e-4f735466cecf":"f.93F4A61C81F21A46154A7CFE6A8617A2.d.CB5EDDADD567CBB30BB0DE2B8DFBD03F.e.10263","ELEMENT":"f.93F4A61C81F21A46154A7CFE6A8617A2.d.CB5EDDADD567CBB30BB0DE2B8DFBD03F.e.10263"}]}
COMMAND: POST /session/6e77a8c699da6c53a9289fc604b7742b/element - {"using":"xpath","value":"//button[contains(@data-kt, \"unplanButton\")]"}
COMMAND: GET /session/6e77a8c699da6c53a9289fc604b7742b/screenshot - {}
RESULT: {"using":"xpath","value":"//button[contains(@data-kt, \"unplanButton\")]"}
COMMAND: POST /session/6e77a8c699da6c53a9289fc604b7742b/execute/sync - {"script":"<script> [8489 bytes]","args":[{"element-6066-11e4-a52e-4f735466cecf":"f.93F4A61C81F21A46154A7CFE6A8617A2.d.CB5EDDADD567CBB30BB0DE2B8DFBD03F.e.10264","ELEMENT":"f.93F4A61C81F21A46154A7CFE6A8617A2.d.CB5EDDADD567CBB30BB0DE2B8DFBD03F.e.10264"}]}
RESULT: {}
RESULT: {"script":"<script> [8489 bytes]","args":[{"element-6066-11e4-a52e-4f735466cecf":"f.93F4A61C81F21A46154A7CFE6A8617A2.d.CB5EDDADD567CBB30BB0DE2B8DFBD03F.e.10264","ELEMENT":"f.93F4A61C81F21A46154A7CFE6A8617A2.d.CB5EDDADD567CBB30BB0DE2B8DFBD03F.e.10264"}]}
COMMAND: POST /session/6e77a8c699da6c53a9289fc604b7742b/element - {"using":"xpath","value":"//button[contains(@data-kt, \"editButton\")]"}
COMMAND: GET /session/6e77a8c699da6c53a9289fc604b7742b/screenshot - {}
RESULT: {"using":"xpath","value":"//button[contains(@data-kt, \"editButton\")]"}
COMMAND: POST /session/6e77a8c699da6c53a9289fc604b7742b/element/f.93F4A61C81F21A46154A7CFE6A8617A2.d.CB5EDDADD567CBB30BB0DE2B8DFBD03F.e.10263/click - {}
RESULT: {}
RESULT: {}
COMMAND: POST /session/6e77a8c699da6c53a9289fc604b7742b/element - {"using":"xpath","value":"(//input[contains(@id ,\"picker\")][contains(@aria-roledescription ,\"Date Input\")])[4]"}
COMMAND: GET /session/6e77a8c699da6c53a9289fc604b7742b/screenshot - {}
RESULT: {"using":"xpath","value":"(//input[contains(@id ,\"picker\")][contains(@aria-roledescription ,\"Date Input\")])[4]"}
COMMAND: POST /session/6e77a8c699da6c53a9289fc604b7742b/element/f.93F4A61C81F21A46154A7CFE6A8617A2.d.CB5EDDADD567CBB30BB0DE2B8DFBD03F.e.10230/clear - {}
RESULT: {}
RESULT: {}
COMMAND: POST /session/6e77a8c699da6c53a9289fc604b7742b/element/f.93F4A61C81F21A46154A7CFE6A8617A2.d.CB5EDDADD567CBB30BB0DE2B8DFBD03F.e.10230/value - {"text":"6/4/25"}
COMMAND: GET /session/6e77a8c699da6c53a9289fc604b7742b/screenshot - {}
RESULT: {"text":"6/4/25"}
COMMAND: GET /session/6e77a8c699da6c53a9289fc604b7742b/screenshot - {}
RESULT: {}
RESULT: {}
COMMAND: POST /session/6e77a8c699da6c53a9289fc604b7742b/element - {"using":"xpath","value":"//bdi[contains(text(), \"Save\")]"}
RESULT: {"using":"xpath","value":"//bdi[contains(text(), \"Save\")]"}
COMMAND: POST /session/6e77a8c699da6c53a9289fc604b7742b/element/f.93F4A61C81F21A46154A7CFE6A8617A2.d.CB5EDDADD567CBB30BB0DE2B8DFBD03F.e.10287/click - {}
RESULT: {}
COMMAND: GET /session/6e77a8c699da6c53a9289fc604b7742b/screenshot - {}
RESULT: {}
COMMAND: POST /session/6e77a8c699da6c53a9289fc604b7742b/element - {"using":"xpath","value":"(//input[contains(@id ,\"picker\")][contains(@aria-roledescription ,\"Date Input\")])[4]"}
RESULT: {"using":"xpath","value":"(//input[contains(@id ,\"picker\")][contains(@aria-roledescription ,\"Date Input\")])[4]"}
COMMAND: GET /session/6e77a8c699da6c53a9289fc604b7742b/element/f.93F4A61C81F21A46154A7CFE6A8617A2.d.CB5EDDADD567CBB30BB0DE2B8DFBD03F.e.10230/property/value - {}
RESULT: {}
COMMAND: GET /session/6e77a8c699da6c53a9289fc604b7742b/screenshot - {}
RESULT: {}
COMMAND: POST /session/6e77a8c699da6c53a9289fc604b7742b/element - {"using":"xpath","value":"//bdi[contains(text(), \"Unplan\")]"}
RESULT: {"using":"xpath","value":"//bdi[contains(text(), \"Unplan\")]"}
COMMAND: POST /session/6e77a8c699da6c53a9289fc604b7742b/element/f.93F4A61C81F21A46154A7CFE6A8617A2.d.CB5EDDADD567CBB30BB0DE2B8DFBD03F.e.10299/click - {}
RESULT: {}
COMMAND: GET /session/6e77a8c699da6c53a9289fc604b7742b/screenshot - {}
RESULT: {}
COMMAND: POST /session/6e77a8c699da6c53a9289fc604b7742b/element - {"using":"css selector","value":"#shell-header-logo"}
RESULT: {"using":"css selector","value":"#shell-header-logo"}
COMMAND: POST /session/6e77a8c699da6c53a9289fc604b7742b/element/f.93F4A61C81F21A46154A7CFE6A8617A2.d.CB5EDDADD567CBB30BB0DE2B8DFBD03F.e.8868/click - {}
RESULT: {}
COMMAND: GET /session/6e77a8c699da6c53a9289fc604b7742b/screenshot - {}
RESULT: {}
]]></system-out>
    </testcase>
  </testsuite>
  <testsuite timestamp="2025-06-02T16:16:00" time="519.504" tests="4" failures="0" errors="0" skipped="0">
    <properties>
      <property name="specId" value="0" />
      <property name="suiteName" value="Process request items into an existing quotation US120163" />
      <property name="capabilities" value="chrome.136_0_7103_93.windows" />
      <property name="file" value="file:///D:/a/1/s/test/specs/R2C/process-request-items-into-existing-quotation.spec.js" />
    </properties>
    <testcase classname="chrome.136_0_7103_93.windows.Process_request_items_into_an_existing_quotation_US120163" name="Should create a new quotation" time="124.875">
      <system-out><![CDATA[
COMMAND: POST /session/6e77a8c699da6c53a9289fc604b7742b/execute/async - {"script":"<script> [1562 bytes]","args":[{"selector":{"controlType":"sap.m.GenericTile","properties":{"header":"Manage Quotations"}},"wdio_ui5_key":"sapm.GenericTile{\"header\":\"Manage Quotations\"}"}]}
RESULT: {"script":"<script> [1562 bytes]","args":[{"selector":{"controlType":"sap.m.GenericTile","properties":{"header":"Manage Quotations"}},"wdio_ui5_key":"sapm.GenericTile{\"header\":\"Manage Quotations\"}"}]}
RESULT: undefined
COMMAND: POST /session/6e77a8c699da6c53a9289fc604b7742b/element - {"using":"xpath","value":"//*[@id=\"__tile131\"]"}
RESULT: {"using":"xpath","value":"//*[@id=\"__tile131\"]"}
COMMAND: POST /session/6e77a8c699da6c53a9289fc604b7742b/element/f.93F4A61C81F21A46154A7CFE6A8617A2.d.CB5EDDADD567CBB30BB0DE2B8DFBD03F.e.10353/click - {}
RESULT: {}
COMMAND: GET /session/6e77a8c699da6c53a9289fc604b7742b/screenshot - {}
RESULT: {}
COMMAND: POST /session/6e77a8c699da6c53a9289fc604b7742b/elements - {"using":"xpath","value":"//span[text()='Error']"}
RESULT: {"using":"xpath","value":"//span[text()='Error']"}
COMMAND: POST /session/6e77a8c699da6c53a9289fc604b7742b/element - {"using":"xpath","value":"//button[contains(@title ,\"Add New Contract\")]"}
RESULT: {"using":"xpath","value":"//button[contains(@title ,\"Add New Contract\")]"}
COMMAND: POST /session/6e77a8c699da6c53a9289fc604b7742b/element/f.93F4A61C81F21A46154A7CFE6A8617A2.d.CB5EDDADD567CBB30BB0DE2B8DFBD03F.e.10392/click - {}
RESULT: {}
COMMAND: GET /session/6e77a8c699da6c53a9289fc604b7742b/screenshot - {}
RESULT: {}
COMMAND: POST /session/6e77a8c699da6c53a9289fc604b7742b/element - {"using":"xpath","value":"//input[contains(@id ,\"application-managequotations-display-component---AddNewContract--projectDescription-inner\")]"}
RESULT: {"using":"xpath","value":"//input[contains(@id ,\"application-managequotations-display-component---AddNewContract--projectDescription-inner\")]"}
COMMAND: POST /session/6e77a8c699da6c53a9289fc604b7742b/element/f.93F4A61C81F21A46154A7CFE6A8617A2.d.CB5EDDADD567CBB30BB0DE2B8DFBD03F.e.10646/value - {"text":"WdIOQuotations8qa8"}
RESULT: {"text":"WdIOQuotations8qa8"}
COMMAND: GET /session/6e77a8c699da6c53a9289fc604b7742b/screenshot - {}
RESULT: {}
COMMAND: POST /session/6e77a8c699da6c53a9289fc604b7742b/element - {"using":"xpath","value":"//input[contains(@id ,\"application-managequotations-display-component---AddNewContract--yardId-inner\")]"}
RESULT: {"using":"xpath","value":"//input[contains(@id ,\"application-managequotations-display-component---AddNewContract--yardId-inner\")]"}
COMMAND: POST /session/6e77a8c699da6c53a9289fc604b7742b/element/f.93F4A61C81F21A46154A7CFE6A8617A2.d.CB5EDDADD567CBB30BB0DE2B8DFBD03F.e.10649/value - {"text":"WebdriverYardowxms"}
RESULT: {"text":"WebdriverYardowxms"}
COMMAND: GET /session/6e77a8c699da6c53a9289fc604b7742b/screenshot - {}
RESULT: {}
COMMAND: POST /session/6e77a8c699da6c53a9289fc604b7742b/actions - {"actions":[{"id":"action79","type":"key","parameters":{},"actions":[{"type":"keyDown","value":"î€‡"},{"type":"pause","duration":10},{"type":"keyUp","value":"î€‡"}]}]}
RESULT: {"actions":[{"id":"action79","type":"key","parameters":{},"actions":[{"type":"keyDown","value":"î€‡"},{"type":"pause","duration":10},{"type":"keyUp","value":"î€‡"}]}]}
COMMAND: GET /session/6e77a8c699da6c53a9289fc604b7742b/screenshot - {}
RESULT: {}
COMMAND: POST /session/6e77a8c699da6c53a9289fc604b7742b/element - {"using":"xpath","value":"//input[contains(@id ,\"application-managequotations-display-component---AddNewContract--customerSelect-inner\")]"}
RESULT: {"using":"xpath","value":"//input[contains(@id ,\"application-managequotations-display-component---AddNewContract--customerSelect-inner\")]"}
COMMAND: POST /session/6e77a8c699da6c53a9289fc604b7742b/element/f.93F4A61C81F21A46154A7CFE6A8617A2.d.CB5EDDADD567CBB30BB0DE2B8DFBD03F.e.10647/value - {"text":"WebdriverPartnern1kjv"}
RESULT: {"text":"WebdriverPartnern1kjv"}
COMMAND: GET /session/6e77a8c699da6c53a9289fc604b7742b/screenshot - {}
RESULT: {}
COMMAND: POST /session/6e77a8c699da6c53a9289fc604b7742b/actions - {"actions":[{"id":"action80","type":"key","parameters":{},"actions":[{"type":"keyDown","value":"î€‡"},{"type":"pause","duration":10},{"type":"keyUp","value":"î€‡"}]}]}
RESULT: {"actions":[{"id":"action80","type":"key","parameters":{},"actions":[{"type":"keyDown","value":"î€‡"},{"type":"pause","duration":10},{"type":"keyUp","value":"î€‡"}]}]}
COMMAND: GET /session/6e77a8c699da6c53a9289fc604b7742b/screenshot - {}
RESULT: {}
COMMAND: POST /session/6e77a8c699da6c53a9289fc604b7742b/element - {"using":"xpath","value":"//input[contains(@id ,\"application-managequotations-display-component---AddNewContract--site-inner\")]"}
RESULT: {"using":"xpath","value":"//input[contains(@id ,\"application-managequotations-display-component---AddNewContract--site-inner\")]"}
COMMAND: POST /session/6e77a8c699da6c53a9289fc604b7742b/element/f.93F4A61C81F21A46154A7CFE6A8617A2.d.CB5EDDADD567CBB30BB0DE2B8DFBD03F.e.10648/value - {"text":"WebdriverSite6aqq2"}
RESULT: {"text":"WebdriverSite6aqq2"}
COMMAND: GET /session/6e77a8c699da6c53a9289fc604b7742b/screenshot - {}
RESULT: {}
COMMAND: POST /session/6e77a8c699da6c53a9289fc604b7742b/actions - {"actions":[{"id":"action81","type":"key","parameters":{},"actions":[{"type":"keyDown","value":"î€‡"},{"type":"pause","duration":10},{"type":"keyUp","value":"î€‡"}]}]}
RESULT: {"actions":[{"id":"action81","type":"key","parameters":{},"actions":[{"type":"keyDown","value":"î€‡"},{"type":"pause","duration":10},{"type":"keyUp","value":"î€‡"}]}]}
COMMAND: GET /session/6e77a8c699da6c53a9289fc604b7742b/screenshot - {}
RESULT: {}
COMMAND: POST /session/6e77a8c699da6c53a9289fc604b7742b/element - {"using":"xpath","value":"//bdi[contains(text(), \"Save\")]"}
RESULT: {"using":"xpath","value":"//bdi[contains(text(), \"Save\")]"}
COMMAND: POST /session/6e77a8c699da6c53a9289fc604b7742b/element/f.93F4A61C81F21A46154A7CFE6A8617A2.d.CB5EDDADD567CBB30BB0DE2B8DFBD03F.e.10734/click - {}
RESULT: {}
COMMAND: GET /session/6e77a8c699da6c53a9289fc604b7742b/screenshot - {}
RESULT: {}
COMMAND: POST /session/6e77a8c699da6c53a9289fc604b7742b/element - {"using":"css selector","value":"#shell-header-logo"}
RESULT: {"using":"css selector","value":"#shell-header-logo"}
COMMAND: POST /session/6e77a8c699da6c53a9289fc604b7742b/element/f.93F4A61C81F21A46154A7CFE6A8617A2.d.CB5EDDADD567CBB30BB0DE2B8DFBD03F.e.10355/click - {}
RESULT: {}
COMMAND: GET /session/6e77a8c699da6c53a9289fc604b7742b/screenshot - {}
RESULT: {}
COMMAND: POST /session/6e77a8c699da6c53a9289fc604b7742b/refresh - {}
RESULT: {}
COMMAND: GET /session/6e77a8c699da6c53a9289fc604b7742b/screenshot - {}
RESULT: {}
COMMAND: POST /session/6e77a8c699da6c53a9289fc604b7742b/execute/async - {"script":"<script> [189 bytes]","args":[]}
RESULT: {"script":"<script> [189 bytes]","args":[]}
COMMAND: POST /session/6e77a8c699da6c53a9289fc604b7742b/execute/async - {"script":"<script> [123 bytes]","args":[]}
RESULT: {"script":"<script> [123 bytes]","args":[]}
COMMAND: POST /session/6e77a8c699da6c53a9289fc604b7742b/timeouts - {"script":"<number>"}
RESULT: {"script":"<number>"}
COMMAND: GET /session/6e77a8c699da6c53a9289fc604b7742b/timeouts - {}
RESULT: {}
RESULT: undefined
COMMAND: POST /session/6e77a8c699da6c53a9289fc604b7742b/execute/async - {"script":"<script> [2676 bytes]","args":[]}
RESULT: {"script":"<script> [2676 bytes]","args":[]}
COMMAND: POST /session/6e77a8c699da6c53a9289fc604b7742b/execute/async - {"script":"<script> [2342 bytes]","args":[{"protocol":"http","hostname":"0.0.0.0","path":"/","capabilities":{"browserName":"chrome","goog:chromeOptions":{"binary":"C:\\Program Files\\Google\\Chrome\\Application\\chrome.exe","args":["--start-maximized"]}},"logLevel":"warn","connectionRetryTimeout":120000,"connectionRetryCount":3,"logLevels":{},"enableDirectConnect":true,"strictSSL":true,"_":"65 more keys: [\"cacheDir\",\"port\",\"requestedCapabilities\",\"automationProtocol\",\"baseUrl\",\"waitforInterval\",\"waitforTimeout\",\"onReload\",\"beforeCommand\",\"afterCommand\",\"rootDir\",\"specs\",\"suites\",\"exclude\",\"groupLogsByTestSpec\",\"excludeDriverLogs\",\"bail\",\"framework\",\"reporters\",\"services\",\"maxInstances\",\"maxInstancesPerCapability\",\"injectGlobals\",\"filesToWatch\",\"execArgv\",\"runnerEnv\",\"runner\",\"shard\",\"specFileRetries\",\"specFileRetriesDelay\",\"specFileRetriesDeferred\",\"reporterSyncInterval\",\"reporterSyncTimeout\",\"cucumberFeaturesWithLineNumbers\",\"autoCompileOpts\",\"mochaOpts\",\"jasmineOpts\",\"cucumberOpts\",\"onPrepare\",\"onWorkerStart\",\"onWorkerEnd\",\"before\",\"beforeSession\",\"beforeSuite\",\"beforeHook\",\"beforeTest\",\"afterTest\",\"afterHook\",\"afterSuite\",\"afterSession\",\"after\",\"onComplete\",\"beforeAssertion\",\"afterAssertion\",\"beforeFeature\",\"beforeScenario\",\"beforeStep\",\"afterStep\",\"afterScenario\",\"afterFeature\",\"_\",\"suite\",\"$0\",\"ignoredWorkerServices\",\"wdi5\"]"}]}
RESULT: {"script":"<script> [2342 bytes]","args":[{"protocol":"http","hostname":"0.0.0.0","path":"/","capabilities":{"browserName":"chrome","goog:chromeOptions":{"binary":"C:\\Program Files\\Google\\Chrome\\Application\\chrome.exe","args":["--start-maximized"]}},"logLevel":"warn","connectionRetryTimeout":120000,"connectionRetryCount":3,"logLevels":{},"enableDirectConnect":true,"strictSSL":true,"_":"65 more keys: [\"cacheDir\",\"port\",\"requestedCapabilities\",\"automationProtocol\",\"baseUrl\",\"waitforInterval\",\"waitforTimeout\",\"onReload\",\"beforeCommand\",\"afterCommand\",\"rootDir\",\"specs\",\"suites\",\"exclude\",\"groupLogsByTestSpec\",\"excludeDriverLogs\",\"bail\",\"framework\",\"reporters\",\"services\",\"maxInstances\",\"maxInstancesPerCapability\",\"injectGlobals\",\"filesToWatch\",\"execArgv\",\"runnerEnv\",\"runner\",\"shard\",\"specFileRetries\",\"specFileRetriesDelay\",\"specFileRetriesDeferred\",\"reporterSyncInterval\",\"reporterSyncTimeout\",\"cucumberFeaturesWithLineNumbers\",\"autoCompileOpts\",\"mochaOpts\",\"jasmineOpts\",\"cucumberOpts\",\"onPrepare\",\"onWorkerStart\",\"onWorkerEnd\",\"before\",\"beforeSession\",\"beforeSuite\",\"beforeHook\",\"beforeTest\",\"afterTest\",\"afterHook\",\"afterSuite\",\"afterSession\",\"after\",\"onComplete\",\"beforeAssertion\",\"afterAssertion\",\"beforeFeature\",\"beforeScenario\",\"beforeStep\",\"afterStep\",\"afterScenario\",\"afterFeature\",\"_\",\"suite\",\"$0\",\"ignoredWorkerServices\",\"wdi5\"]"}]}
COMMAND: POST /session/6e77a8c699da6c53a9289fc604b7742b/execute/async - {"script":"<script> [21126 bytes]","args":[35000]}
RESULT: {"script":"<script> [21126 bytes]","args":[35000]}
]]></system-out>
    </testcase>
    <testcase classname="chrome.136_0_7103_93.windows.Process_request_items_into_an_existing_quotation_US120163" name="Should create a new request with catalog items and plan it" time="251.763">
      <system-out><![CDATA[
COMMAND: POST /session/6e77a8c699da6c53a9289fc604b7742b/execute/async - {"script":"<script> [1562 bytes]","args":[{"selector":{"controlType":"sap.m.GenericTile","properties":{"header":"Manage Requests"}},"wdio_ui5_key":"sapm.GenericTile{\"header\":\"Manage Requests\"}"}]}
RESULT: {"script":"<script> [1562 bytes]","args":[{"selector":{"controlType":"sap.m.GenericTile","properties":{"header":"Manage Requests"}},"wdio_ui5_key":"sapm.GenericTile{\"header\":\"Manage Requests\"}"}]}
RESULT: undefined
COMMAND: POST /session/6e77a8c699da6c53a9289fc604b7742b/element - {"using":"xpath","value":"//*[@id=\"__tile47\"]"}
RESULT: {"using":"xpath","value":"//*[@id=\"__tile47\"]"}
COMMAND: POST /session/6e77a8c699da6c53a9289fc604b7742b/element/f.93F4A61C81F21A46154A7CFE6A8617A2.d.24B3AE438CBF84BB1448F1DDDEBB021C.e.10763/click - {}
RESULT: {}
COMMAND: GET /session/6e77a8c699da6c53a9289fc604b7742b/screenshot - {}
RESULT: {}
COMMAND: POST /session/6e77a8c699da6c53a9289fc604b7742b/elements - {"using":"xpath","value":"//span[text()='Error']"}
RESULT: {"using":"xpath","value":"//span[text()='Error']"}
COMMAND: POST /session/6e77a8c699da6c53a9289fc604b7742b/element - {"using":"xpath","value":"(//span[contains(@class ,\"sapMObjStatusText\")])[1]"}
RESULT: {"using":"xpath","value":"(//span[contains(@class ,\"sapMObjStatusText\")])[1]"}
COMMAND: POST /session/6e77a8c699da6c53a9289fc604b7742b/execute/sync - {"script":"<script> [8489 bytes]","args":[{"element-6066-11e4-a52e-4f735466cecf":"f.93F4A61C81F21A46154A7CFE6A8617A2.d.24B3AE438CBF84BB1448F1DDDEBB021C.e.10859","ELEMENT":"f.93F4A61C81F21A46154A7CFE6A8617A2.d.24B3AE438CBF84BB1448F1DDDEBB021C.e.10859"}]}
RESULT: {"script":"<script> [8489 bytes]","args":[{"element-6066-11e4-a52e-4f735466cecf":"f.93F4A61C81F21A46154A7CFE6A8617A2.d.24B3AE438CBF84BB1448F1DDDEBB021C.e.10859","ELEMENT":"f.93F4A61C81F21A46154A7CFE6A8617A2.d.24B3AE438CBF84BB1448F1DDDEBB021C.e.10859"}]}
COMMAND: POST /session/6e77a8c699da6c53a9289fc604b7742b/element - {"using":"xpath","value":"//button[contains(@data-kt ,\"btnCreateNewOverflowToolbarButton\")]"}
COMMAND: GET /session/6e77a8c699da6c53a9289fc604b7742b/screenshot - {}
RESULT: {"using":"xpath","value":"//button[contains(@data-kt ,\"btnCreateNewOverflowToolbarButton\")]"}
COMMAND: POST /session/6e77a8c699da6c53a9289fc604b7742b/element/f.93F4A61C81F21A46154A7CFE6A8617A2.d.24B3AE438CBF84BB1448F1DDDEBB021C.e.10820/click - {}
RESULT: {}
RESULT: {}
COMMAND: GET /session/6e77a8c699da6c53a9289fc604b7742b/screenshot - {}
RESULT: {}
COMMAND: POST /session/6e77a8c699da6c53a9289fc604b7742b/element - {"using":"xpath","value":"//input[contains(@id ,\"yardId-inner\")]"}
RESULT: {"using":"xpath","value":"//input[contains(@id ,\"yardId-inner\")]"}
COMMAND: POST /session/6e77a8c699da6c53a9289fc604b7742b/execute/sync - {"script":"<script> [8489 bytes]","args":[{"element-6066-11e4-a52e-4f735466cecf":"f.93F4A61C81F21A46154A7CFE6A8617A2.d.24B3AE438CBF84BB1448F1DDDEBB021C.e.10961","ELEMENT":"f.93F4A61C81F21A46154A7CFE6A8617A2.d.24B3AE438CBF84BB1448F1DDDEBB021C.e.10961"}]}
RESULT: {"script":"<script> [8489 bytes]","args":[{"element-6066-11e4-a52e-4f735466cecf":"f.93F4A61C81F21A46154A7CFE6A8617A2.d.24B3AE438CBF84BB1448F1DDDEBB021C.e.10961","ELEMENT":"f.93F4A61C81F21A46154A7CFE6A8617A2.d.24B3AE438CBF84BB1448F1DDDEBB021C.e.10961"}]}
COMMAND: POST /session/6e77a8c699da6c53a9289fc604b7742b/element - {"using":"xpath","value":"//input[contains(@id ,\"yardId-inner\")]"}
COMMAND: GET /session/6e77a8c699da6c53a9289fc604b7742b/screenshot - {}
RESULT: {"using":"xpath","value":"//input[contains(@id ,\"yardId-inner\")]"}
COMMAND: GET /session/6e77a8c699da6c53a9289fc604b7742b/element/f.93F4A61C81F21A46154A7CFE6A8617A2.d.24B3AE438CBF84BB1448F1DDDEBB021C.e.10961/enabled - {}
RESULT: {}
RESULT: {}
COMMAND: POST /session/6e77a8c699da6c53a9289fc604b7742b/element/f.93F4A61C81F21A46154A7CFE6A8617A2.d.24B3AE438CBF84BB1448F1DDDEBB021C.e.10961/clear - {}
COMMAND: GET /session/6e77a8c699da6c53a9289fc604b7742b/screenshot - {}
RESULT: {}
COMMAND: POST /session/6e77a8c699da6c53a9289fc604b7742b/element/f.93F4A61C81F21A46154A7CFE6A8617A2.d.24B3AE438CBF84BB1448F1DDDEBB021C.e.10961/value - {"text":"WebdriverYardowxms"}
COMMAND: GET /session/6e77a8c699da6c53a9289fc604b7742b/screenshot - {}
RESULT: {}
RESULT: {"text":"WebdriverYardowxms"}
COMMAND: GET /session/6e77a8c699da6c53a9289fc604b7742b/screenshot - {}
RESULT: {}
RESULT: {}
COMMAND: POST /session/6e77a8c699da6c53a9289fc604b7742b/actions - {"actions":[{"id":"action82","type":"key","parameters":{},"actions":[{"type":"keyDown","value":"î€‡"},{"type":"pause","duration":10},{"type":"keyUp","value":"î€‡"}]}]}
RESULT: {"actions":[{"id":"action82","type":"key","parameters":{},"actions":[{"type":"keyDown","value":"î€‡"},{"type":"pause","duration":10},{"type":"keyUp","value":"î€‡"}]}]}
COMMAND: GET /session/6e77a8c699da6c53a9289fc604b7742b/screenshot - {}
RESULT: {}
COMMAND: POST /session/6e77a8c699da6c53a9289fc604b7742b/element - {"using":"xpath","value":"//input[contains(@id ,\"customerNumber-inner\")]"}
RESULT: {"using":"xpath","value":"//input[contains(@id ,\"customerNumber-inner\")]"}
COMMAND: POST /session/6e77a8c699da6c53a9289fc604b7742b/element/f.93F4A61C81F21A46154A7CFE6A8617A2.d.24B3AE438CBF84BB1448F1DDDEBB021C.e.10955/value - {"text":"WebdriverPartnern1kjv"}
RESULT: {"text":"WebdriverPartnern1kjv"}
COMMAND: GET /session/6e77a8c699da6c53a9289fc604b7742b/screenshot - {}
RESULT: {}
COMMAND: POST /session/6e77a8c699da6c53a9289fc604b7742b/actions - {"actions":[{"id":"action83","type":"key","parameters":{},"actions":[{"type":"keyDown","value":"î€‡"},{"type":"pause","duration":10},{"type":"keyUp","value":"î€‡"}]}]}
RESULT: {"actions":[{"id":"action83","type":"key","parameters":{},"actions":[{"type":"keyDown","value":"î€‡"},{"type":"pause","duration":10},{"type":"keyUp","value":"î€‡"}]}]}
COMMAND: GET /session/6e77a8c699da6c53a9289fc604b7742b/screenshot - {}
RESULT: {}
COMMAND: GET /session/6e77a8c699da6c53a9289fc604b7742b/element/f.93F4A61C81F21A46154A7CFE6A8617A2.d.24B3AE438CBF84BB1448F1DDDEBB021C.e.10955/property/value - {}
RESULT: {}
COMMAND: POST /session/6e77a8c699da6c53a9289fc604b7742b/element/f.93F4A61C81F21A46154A7CFE6A8617A2.d.24B3AE438CBF84BB1448F1DDDEBB021C.e.10955/value - {"text":"WebdriverPartnern1kjv"}
COMMAND: GET /session/6e77a8c699da6c53a9289fc604b7742b/screenshot - {}
RESULT: {"text":"WebdriverPartnern1kjv"}
COMMAND: GET /session/6e77a8c699da6c53a9289fc604b7742b/screenshot - {}
RESULT: {}
RESULT: {}
COMMAND: POST /session/6e77a8c699da6c53a9289fc604b7742b/actions - {"actions":[{"id":"action84","type":"key","parameters":{},"actions":[{"type":"keyDown","value":"î€‡"},{"type":"pause","duration":10},{"type":"keyUp","value":"î€‡"}]}]}
RESULT: {"actions":[{"id":"action84","type":"key","parameters":{},"actions":[{"type":"keyDown","value":"î€‡"},{"type":"pause","duration":10},{"type":"keyUp","value":"î€‡"}]}]}
COMMAND: GET /session/6e77a8c699da6c53a9289fc604b7742b/screenshot - {}
RESULT: {}
COMMAND: POST /session/6e77a8c699da6c53a9289fc604b7742b/element - {"using":"xpath","value":"//input[contains(@id ,\"requestSiteId-inner\")]"}
RESULT: {"using":"xpath","value":"//input[contains(@id ,\"requestSiteId-inner\")]"}
COMMAND: POST /session/6e77a8c699da6c53a9289fc604b7742b/element/f.93F4A61C81F21A46154A7CFE6A8617A2.d.24B3AE438CBF84BB1448F1DDDEBB021C.e.10954/value - {"text":"WebdriverSite6aqq2"}
RESULT: {"text":"WebdriverSite6aqq2"}
COMMAND: GET /session/6e77a8c699da6c53a9289fc604b7742b/screenshot - {}
RESULT: {}
COMMAND: POST /session/6e77a8c699da6c53a9289fc604b7742b/actions - {"actions":[{"id":"action85","type":"key","parameters":{},"actions":[{"type":"keyDown","value":"î€‡"},{"type":"pause","duration":10},{"type":"keyUp","value":"î€‡"}]}]}
RESULT: {"actions":[{"id":"action85","type":"key","parameters":{},"actions":[{"type":"keyDown","value":"î€‡"},{"type":"pause","duration":10},{"type":"keyUp","value":"î€‡"}]}]}
COMMAND: GET /session/6e77a8c699da6c53a9289fc604b7742b/screenshot - {}
RESULT: {}
COMMAND: POST /session/6e77a8c699da6c53a9289fc604b7742b/element - {"using":"xpath","value":"//button[contains(@data-kt ,\"requestItemAddOverflowToolbarButton\")]"}
RESULT: {"using":"xpath","value":"//button[contains(@data-kt ,\"requestItemAddOverflowToolbarButton\")]"}
COMMAND: POST /session/6e77a8c699da6c53a9289fc604b7742b/element/f.93F4A61C81F21A46154A7CFE6A8617A2.d.24B3AE438CBF84BB1448F1DDDEBB021C.e.11112/click - {}
RESULT: {}
COMMAND: GET /session/6e77a8c699da6c53a9289fc604b7742b/screenshot - {}
RESULT: {}
COMMAND: POST /session/6e77a8c699da6c53a9289fc604b7742b/actions - {"actions":[{"id":"action86","type":"key","parameters":{},"actions":[{"type":"keyDown","value":"î€•"},{"type":"pause","duration":10},{"type":"keyUp","value":"î€•"}]}]}
RESULT: {"actions":[{"id":"action86","type":"key","parameters":{},"actions":[{"type":"keyDown","value":"î€•"},{"type":"pause","duration":10},{"type":"keyUp","value":"î€•"}]}]}
COMMAND: POST /session/6e77a8c699da6c53a9289fc604b7742b/actions - {"actions":[{"id":"action87","type":"key","parameters":{},"actions":[{"type":"keyDown","value":"î€‡"},{"type":"pause","duration":10},{"type":"keyUp","value":"î€‡"}]}]}
COMMAND: GET /session/6e77a8c699da6c53a9289fc604b7742b/screenshot - {}
RESULT: {"actions":[{"id":"action87","type":"key","parameters":{},"actions":[{"type":"keyDown","value":"î€‡"},{"type":"pause","duration":10},{"type":"keyUp","value":"î€‡"}]}]}
COMMAND: GET /session/6e77a8c699da6c53a9289fc604b7742b/screenshot - {}
RESULT: {}
RESULT: {}
COMMAND: POST /session/6e77a8c699da6c53a9289fc604b7742b/element - {"using":"xpath","value":"(//input[contains(@id ,\"requestItemsTable-0-inner\")])[1]"}
RESULT: {"using":"xpath","value":"(//input[contains(@id ,\"requestItemsTable-0-inner\")])[1]"}
COMMAND: POST /session/6e77a8c699da6c53a9289fc604b7742b/element/f.93F4A61C81F21A46154A7CFE6A8617A2.d.24B3AE438CBF84BB1448F1DDDEBB021C.e.11116/clear - {}
RESULT: {}
COMMAND: POST /session/6e77a8c699da6c53a9289fc604b7742b/element/f.93F4A61C81F21A46154A7CFE6A8617A2.d.24B3AE438CBF84BB1448F1DDDEBB021C.e.11116/value - {"text":"catalogItemfolsf"}
COMMAND: GET /session/6e77a8c699da6c53a9289fc604b7742b/screenshot - {}
RESULT: {"text":"catalogItemfolsf"}
COMMAND: GET /session/6e77a8c699da6c53a9289fc604b7742b/screenshot - {}
RESULT: {}
RESULT: {}
COMMAND: POST /session/6e77a8c699da6c53a9289fc604b7742b/actions - {"actions":[{"id":"action88","type":"key","parameters":{},"actions":[{"type":"keyDown","value":"î€‡"},{"type":"pause","duration":10},{"type":"keyUp","value":"î€‡"}]}]}
RESULT: {"actions":[{"id":"action88","type":"key","parameters":{},"actions":[{"type":"keyDown","value":"î€‡"},{"type":"pause","duration":10},{"type":"keyUp","value":"î€‡"}]}]}
COMMAND: GET /session/6e77a8c699da6c53a9289fc604b7742b/screenshot - {}
RESULT: {}
COMMAND: POST /session/6e77a8c699da6c53a9289fc604b7742b/execute/async - {"script":"<script> [1562 bytes]","args":[{"selector":{"controlType":"sap.ui.core.Icon","viewName":"etm.portal.ui.managerequests.view.NewRequest","properties":{"src":{"regex":{"source":"slim\\-arrow\\-down"}}},"ancestor":{"controlType":"sap.m.Button","viewName":"etm.portal.ui.managerequests.view.NewRequest","properties":{"icon":"sap-icon://slim-arrow-down"}}},"wdio_ui5_key":"etmportal.ui.managerequests.view.NewRequestsap.ui.core.Icon{\"src\":{\"regex\":{\"source\":\"slim\\\\-arrow\\\\-down\"}}}{\"controlType\":\"sap.m.Button\",\"viewName\":\"etm.portal.ui.managerequests.view.NewRequest\",\"properties\":{\"icon\":\"sap-icon://slim-arrow-down\"}}"}]}
RESULT: {"script":"<script> [1562 bytes]","args":[{"selector":{"controlType":"sap.ui.core.Icon","viewName":"etm.portal.ui.managerequests.view.NewRequest","properties":{"src":{"regex":{"source":"slim\\-arrow\\-down"}}},"ancestor":{"controlType":"sap.m.Button","viewName":"etm.portal.ui.managerequests.view.NewRequest","properties":{"icon":"sap-icon://slim-arrow-down"}}},"wdio_ui5_key":"etmportal.ui.managerequests.view.NewRequestsap.ui.core.Icon{\"src\":{\"regex\":{\"source\":\"slim\\\\-arrow\\\\-down\"}}}{\"controlType\":\"sap.m.Button\",\"viewName\":\"etm.portal.ui.managerequests.view.NewRequest\",\"properties\":{\"icon\":\"sap-icon://slim-arrow-down\"}}"}]}
RESULT: undefined
COMMAND: POST /session/6e77a8c699da6c53a9289fc604b7742b/element - {"using":"xpath","value":"//div[contains(@data-kt ,\"splitAllocationObjectStatus\")]"}
RESULT: {"using":"xpath","value":"//div[contains(@data-kt ,\"splitAllocationObjectStatus\")]"}
COMMAND: POST /session/6e77a8c699da6c53a9289fc604b7742b/elements - {"using":"xpath","value":"//div[contains(@data-kt ,\"splitAllocationObjectStatus\")]"}
RESULT: {"using":"xpath","value":"//div[contains(@data-kt ,\"splitAllocationObjectStatus\")]"}
COMMAND: POST /session/6e77a8c699da6c53a9289fc604b7742b/execute/async - {"script":"<script> [1562 bytes]","args":[{"selector":{"controlType":"sap.ui.core.Icon","viewName":"etm.portal.ui.managerequests.view.NewRequest","properties":{"src":{"regex":{"source":"message\\-error"}}}},"wdio_ui5_key":"etmportal.ui.managerequests.view.NewRequestsap.ui.core.Icon{\"src\":{\"regex\":{\"source\":\"message\\\\-error\"}}}"}]}
RESULT: {"script":"<script> [1562 bytes]","args":[{"selector":{"controlType":"sap.ui.core.Icon","viewName":"etm.portal.ui.managerequests.view.NewRequest","properties":{"src":{"regex":{"source":"message\\-error"}}}},"wdio_ui5_key":"etmportal.ui.managerequests.view.NewRequestsap.ui.core.Icon{\"src\":{\"regex\":{\"source\":\"message\\\\-error\"}}}"}]}
RESULT: undefined
COMMAND: POST /session/6e77a8c699da6c53a9289fc604b7742b/element - {"using":"xpath","value":"//*[@id=\"__status4-__xmlview59--requestItemsTable-0-icon\"]"}
RESULT: {"using":"xpath","value":"//*[@id=\"__status4-__xmlview59--requestItemsTable-0-icon\"]"}
COMMAND: POST /session/6e77a8c699da6c53a9289fc604b7742b/element/f.93F4A61C81F21A46154A7CFE6A8617A2.d.24B3AE438CBF84BB1448F1DDDEBB021C.e.11132/click - {}
RESULT: {}
COMMAND: POST /session/6e77a8c699da6c53a9289fc604b7742b/execute/async - {"script":"<script> [1562 bytes]","args":[{"selector":{"controlType":"sap.ui.core.Icon","viewName":"etm.portal.ui.managerequests.view.NewRequest","properties":{"src":{"regex":{"source":"slim\\-arrow\\-down"}}},"searchOpenDialogs":true,"ancestor":{"id":"costObjectAdminTypeComboBox","viewName":"etm.portal.ui.managerequests.view.NewRequest","searchOpenDialogs":true}},"wdio_ui5_key":"etmportal.ui.managerequests.view.NewRequestsap.ui.core.Icon{\"src\":{\"regex\":{\"source\":\"slim\\\\-arrow\\\\-down\"}}}{\"id\":\"costObjectAdminTypeComboBox\",\"viewName\":\"etm.portal.ui.managerequests.view.NewRequest\",\"searchOpenDialogs\":true}"}]}
COMMAND: GET /session/6e77a8c699da6c53a9289fc604b7742b/screenshot - {}
RESULT: {}
RESULT: {"script":"<script> [1562 bytes]","args":[{"selector":{"controlType":"sap.ui.core.Icon","viewName":"etm.portal.ui.managerequests.view.NewRequest","properties":{"src":{"regex":{"source":"slim\\-arrow\\-down"}}},"searchOpenDialogs":true,"ancestor":{"id":"costObjectAdminTypeComboBox","viewName":"etm.portal.ui.managerequests.view.NewRequest","searchOpenDialogs":true}},"wdio_ui5_key":"etmportal.ui.managerequests.view.NewRequestsap.ui.core.Icon{\"src\":{\"regex\":{\"source\":\"slim\\\\-arrow\\\\-down\"}}}{\"id\":\"costObjectAdminTypeComboBox\",\"viewName\":\"etm.portal.ui.managerequests.view.NewRequest\",\"searchOpenDialogs\":true}"}]}
RESULT: undefined
COMMAND: POST /session/6e77a8c699da6c53a9289fc604b7742b/element - {"using":"xpath","value":"//*[@id=\"__xmlview59--costObjectAdminTypeComboBox-arrow\"]"}
RESULT: {"using":"xpath","value":"//*[@id=\"__xmlview59--costObjectAdminTypeComboBox-arrow\"]"}
COMMAND: POST /session/6e77a8c699da6c53a9289fc604b7742b/element/f.93F4A61C81F21A46154A7CFE6A8617A2.d.24B3AE438CBF84BB1448F1DDDEBB021C.e.11137/click - {}
RESULT: {}
COMMAND: POST /session/6e77a8c699da6c53a9289fc604b7742b/execute/async - {"script":"<script> [1562 bytes]","args":[{"selector":{"controlType":"sap.m.StandardListItem","viewName":"etm.portal.ui.managerequests.view.NewRequest","properties":{"title":"Cost Center"},"searchOpenDialogs":true,"interaction":{"idSuffix":"titleText"}},"wdio_ui5_key":"etmportal.ui.managerequests.view.NewRequestsap.m.StandardListItem{\"title\":\"Cost Center\"}"}]}
COMMAND: GET /session/6e77a8c699da6c53a9289fc604b7742b/screenshot - {}
RESULT: {"script":"<script> [1562 bytes]","args":[{"selector":{"controlType":"sap.m.StandardListItem","viewName":"etm.portal.ui.managerequests.view.NewRequest","properties":{"title":"Cost Center"},"searchOpenDialogs":true,"interaction":{"idSuffix":"titleText"}},"wdio_ui5_key":"etmportal.ui.managerequests.view.NewRequestsap.m.StandardListItem{\"title\":\"Cost Center\"}"}]}
RESULT: undefined
COMMAND: POST /session/6e77a8c699da6c53a9289fc604b7742b/element - {"using":"xpath","value":"//*[@id=\"__item785\"]"}
RESULT: {}
RESULT: {"using":"xpath","value":"//*[@id=\"__item785\"]"}
COMMAND: POST /session/6e77a8c699da6c53a9289fc604b7742b/element/f.93F4A61C81F21A46154A7CFE6A8617A2.d.24B3AE438CBF84BB1448F1DDDEBB021C.e.11140/click - {}
RESULT: {}
COMMAND: GET /session/6e77a8c699da6c53a9289fc604b7742b/screenshot - {}
RESULT: {}
COMMAND: POST /session/6e77a8c699da6c53a9289fc604b7742b/execute/async - {"script":"<script> [1562 bytes]","args":[{"selector":{"controlType":"sap.ui.core.Icon","viewName":"etm.portal.ui.managerequests.view.NewRequest","properties":{"src":{"regex":{"source":"value\\-help"}}},"searchOpenDialogs":true},"wdio_ui5_key":"etmportal.ui.managerequests.view.NewRequestsap.ui.core.Icon{\"src\":{\"regex\":{\"source\":\"value\\\\-help\"}}}"}]}
RESULT: {"script":"<script> [1562 bytes]","args":[{"selector":{"controlType":"sap.ui.core.Icon","viewName":"etm.portal.ui.managerequests.view.NewRequest","properties":{"src":{"regex":{"source":"value\\-help"}}},"searchOpenDialogs":true},"wdio_ui5_key":"etmportal.ui.managerequests.view.NewRequestsap.ui.core.Icon{\"src\":{\"regex\":{\"source\":\"value\\\\-help\"}}}"}]}
RESULT: undefined
COMMAND: POST /session/6e77a8c699da6c53a9289fc604b7742b/element - {"using":"xpath","value":"//*[@id=\"__xmlview59--costObjectIdComboBox-vhi\"]"}
RESULT: {"using":"xpath","value":"//*[@id=\"__xmlview59--costObjectIdComboBox-vhi\"]"}
COMMAND: POST /session/6e77a8c699da6c53a9289fc604b7742b/element/f.93F4A61C81F21A46154A7CFE6A8617A2.d.24B3AE438CBF84BB1448F1DDDEBB021C.e.11148/click - {}
RESULT: {}
COMMAND: POST /session/6e77a8c699da6c53a9289fc604b7742b/execute/async - {"script":"<script> [1562 bytes]","args":[{"selector":{"controlType":"sap.m.SearchField","properties":{"placeholder":"Search"},"searchOpenDialogs":true,"interaction":{"idSuffix":"I"}},"wdio_ui5_key":"sapm.SearchField{\"placeholder\":\"Search\"}"}]}
COMMAND: GET /session/6e77a8c699da6c53a9289fc604b7742b/screenshot - {}
RESULT: {"script":"<script> [1562 bytes]","args":[{"selector":{"controlType":"sap.m.SearchField","properties":{"placeholder":"Search"},"searchOpenDialogs":true,"interaction":{"idSuffix":"I"}},"wdio_ui5_key":"sapm.SearchField{\"placeholder\":\"Search\"}"}]}
RESULT: undefined
COMMAND: POST /session/6e77a8c699da6c53a9289fc604b7742b/execute/async - {"script":"<script> [776 bytes]","args":[{"enterText":"10001010","selector":{"controlType":"sap.m.SearchField","properties":{"placeholder":"Search"},"searchOpenDialogs":true,"interaction":{"idSuffix":"I"}},"clearTextFirst":true,"interactionType":"ENTER_TEXT"}]}
RESULT: {}
RESULT: {"script":"<script> [776 bytes]","args":[{"enterText":"10001010","selector":{"controlType":"sap.m.SearchField","properties":{"placeholder":"Search"},"searchOpenDialogs":true,"interaction":{"idSuffix":"I"}},"clearTextFirst":true,"interactionType":"ENTER_TEXT"}]}
COMMAND: POST /session/6e77a8c699da6c53a9289fc604b7742b/actions - {"actions":[{"id":"action89","type":"key","parameters":{},"actions":[{"type":"keyDown","value":"î€‡"},{"type":"pause","duration":10},{"type":"keyUp","value":"î€‡"}]}]}
RESULT: {"actions":[{"id":"action89","type":"key","parameters":{},"actions":[{"type":"keyDown","value":"î€‡"},{"type":"pause","duration":10},{"type":"keyUp","value":"î€‡"}]}]}
COMMAND: GET /session/6e77a8c699da6c53a9289fc604b7742b/screenshot - {}
RESULT: {}
COMMAND: POST /session/6e77a8c699da6c53a9289fc604b7742b/execute/async - {"script":"<script> [1562 bytes]","args":[{"selector":{"controlType":"sap.m.Text","bindingPath":{"path":"/C_CostCtrValueHelp(CostCenter='10001010',ControllingArea='Z001')","propertyPath":"CostCenterName","modelName":"CostCenterModel"},"searchOpenDialogs":true},"wdio_ui5_key":"sapm.Text{\"path\":\"/C_CostCtrValueHelp(CostCenter='10001010',ControllingArea='Z001')\",\"propertyPath\":\"CostCenterName\",\"modelName\":\"CostCenterModel\"}"}]}
RESULT: {"script":"<script> [1562 bytes]","args":[{"selector":{"controlType":"sap.m.Text","bindingPath":{"path":"/C_CostCtrValueHelp(CostCenter='10001010',ControllingArea='Z001')","propertyPath":"CostCenterName","modelName":"CostCenterModel"},"searchOpenDialogs":true},"wdio_ui5_key":"sapm.Text{\"path\":\"/C_CostCtrValueHelp(CostCenter='10001010',ControllingArea='Z001')\",\"propertyPath\":\"CostCenterName\",\"modelName\":\"CostCenterModel\"}"}]}
RESULT: undefined
COMMAND: POST /session/6e77a8c699da6c53a9289fc604b7742b/element - {"using":"xpath","value":"//*[@id=\"__text291-__clone924\"]"}
RESULT: {"using":"xpath","value":"//*[@id=\"__text291-__clone924\"]"}
COMMAND: POST /session/6e77a8c699da6c53a9289fc604b7742b/element/f.93F4A61C81F21A46154A7CFE6A8617A2.d.24B3AE438CBF84BB1448F1DDDEBB021C.e.11188/click - {}
RESULT: {}
COMMAND: POST /session/6e77a8c699da6c53a9289fc604b7742b/execute/async - {"script":"<script> [1562 bytes]","args":[{"selector":{"controlType":"sap.m.Button","properties":{"text":"OK"},"searchOpenDialogs":true,"interaction":{"idSuffix":"BDI-content"}},"wdio_ui5_key":"sapm.Button{\"text\":\"OK\"}"}]}
COMMAND: GET /session/6e77a8c699da6c53a9289fc604b7742b/screenshot - {}
RESULT: {"script":"<script> [1562 bytes]","args":[{"selector":{"controlType":"sap.m.Button","properties":{"text":"OK"},"searchOpenDialogs":true,"interaction":{"idSuffix":"BDI-content"}},"wdio_ui5_key":"sapm.Button{\"text\":\"OK\"}"}]}
RESULT: undefined
COMMAND: POST /session/6e77a8c699da6c53a9289fc604b7742b/element - {"using":"xpath","value":"//*[@id=\"__dialog1-ok\"]"}
RESULT: {}
RESULT: {"using":"xpath","value":"//*[@id=\"__dialog1-ok\"]"}
COMMAND: POST /session/6e77a8c699da6c53a9289fc604b7742b/element/f.93F4A61C81F21A46154A7CFE6A8617A2.d.24B3AE438CBF84BB1448F1DDDEBB021C.e.11190/click - {}
RESULT: {}
COMMAND: GET /session/6e77a8c699da6c53a9289fc604b7742b/screenshot - {}
RESULT: {}
COMMAND: POST /session/6e77a8c699da6c53a9289fc604b7742b/execute/async - {"script":"<script> [1562 bytes]","args":[{"selector":{"controlType":"sap.m.Button","viewName":"etm.portal.ui.managerequests.view.NewRequest","i18NText":{"propertyName":"text","key":"save"},"searchOpenDialogs":true,"interaction":{"idSuffix":"BDI-content"}},"wdio_ui5_key":"etmportal.ui.managerequests.view.NewRequestsap.m.Button{\"propertyName\":\"text\",\"key\":\"save\"}"}]}
RESULT: {"script":"<script> [1562 bytes]","args":[{"selector":{"controlType":"sap.m.Button","viewName":"etm.portal.ui.managerequests.view.NewRequest","i18NText":{"propertyName":"text","key":"save"},"searchOpenDialogs":true,"interaction":{"idSuffix":"BDI-content"}},"wdio_ui5_key":"etmportal.ui.managerequests.view.NewRequestsap.m.Button{\"propertyName\":\"text\",\"key\":\"save\"}"}]}
RESULT: undefined
COMMAND: POST /session/6e77a8c699da6c53a9289fc604b7742b/element - {"using":"xpath","value":"//*[@id=\"__button24\"]"}
RESULT: {"using":"xpath","value":"//*[@id=\"__button24\"]"}
COMMAND: POST /session/6e77a8c699da6c53a9289fc604b7742b/element/f.93F4A61C81F21A46154A7CFE6A8617A2.d.24B3AE438CBF84BB1448F1DDDEBB021C.e.11194/click - {}
RESULT: {}
COMMAND: GET /session/6e77a8c699da6c53a9289fc604b7742b/screenshot - {}
RESULT: {}
COMMAND: POST /session/6e77a8c699da6c53a9289fc604b7742b/element - {"using":"xpath","value":"(//bdi[contains(text() ,\"Save\")])[1]"}
RESULT: {"using":"xpath","value":"(//bdi[contains(text() ,\"Save\")])[1]"}
COMMAND: POST /session/6e77a8c699da6c53a9289fc604b7742b/element/f.93F4A61C81F21A46154A7CFE6A8617A2.d.24B3AE438CBF84BB1448F1DDDEBB021C.e.11196/click - {}
RESULT: {}
COMMAND: GET /session/6e77a8c699da6c53a9289fc604b7742b/screenshot - {}
RESULT: {}
COMMAND: POST /session/6e77a8c699da6c53a9289fc604b7742b/execute/async - {"script":"<script> [1562 bytes]","args":[{"selector":{"controlType":"sap.m.Title","properties":{"text":"Success"},"searchOpenDialogs":true},"wdio_ui5_key":"sapm.Title{\"text\":\"Success\"}"}]}
RESULT: {"script":"<script> [1562 bytes]","args":[{"selector":{"controlType":"sap.m.Title","properties":{"text":"Success"},"searchOpenDialogs":true},"wdio_ui5_key":"sapm.Title{\"text\":\"Success\"}"}]}
RESULT: undefined
COMMAND: POST /session/6e77a8c699da6c53a9289fc604b7742b/execute/async - {"script":"<script> [6424 bytes]","args":[{"element-6066-11e4-a52e-4f735466cecf":"f.93F4A61C81F21A46154A7CFE6A8617A2.d.24B3AE438CBF84BB1448F1DDDEBB021C.e.11200"},"getText",[]]}
RESULT: {"script":"<script> [6424 bytes]","args":[{"element-6066-11e4-a52e-4f735466cecf":"f.93F4A61C81F21A46154A7CFE6A8617A2.d.24B3AE438CBF84BB1448F1DDDEBB021C.e.11200"},"getText",[]]}
COMMAND: POST /session/6e77a8c699da6c53a9289fc604b7742b/execute/async - {"script":"<script> [1562 bytes]","args":[{"selector":{"controlType":"sap.m.Button","properties":{"text":"Close"},"searchOpenDialogs":true,"interaction":{"idSuffix":"BDI-content"}},"wdio_ui5_key":"sapm.Button{\"text\":\"Close\"}"}]}
RESULT: {"script":"<script> [1562 bytes]","args":[{"selector":{"controlType":"sap.m.Button","properties":{"text":"Close"},"searchOpenDialogs":true,"interaction":{"idSuffix":"BDI-content"}},"wdio_ui5_key":"sapm.Button{\"text\":\"Close\"}"}]}
RESULT: undefined
COMMAND: POST /session/6e77a8c699da6c53a9289fc604b7742b/element - {"using":"xpath","value":"//*[@id=\"__mbox-btn-0\"]"}
RESULT: {"using":"xpath","value":"//*[@id=\"__mbox-btn-0\"]"}
COMMAND: POST /session/6e77a8c699da6c53a9289fc604b7742b/element/f.93F4A61C81F21A46154A7CFE6A8617A2.d.24B3AE438CBF84BB1448F1DDDEBB021C.e.11198/click - {}
RESULT: {}
COMMAND: GET /session/6e77a8c699da6c53a9289fc604b7742b/screenshot - {}
RESULT: {}
COMMAND: POST /session/6e77a8c699da6c53a9289fc604b7742b/execute/async - {"script":"<script> [1562 bytes]","args":[{"selector":{"controlType":"sap.m.Text","viewName":"etm.portal.ui.managerequests.view.Detail","bindingPath":{"propertyPath":"NO","modelName":"catalogModel"}},"wdio_ui5_key":"etmportal.ui.managerequests.view.Detailsap.m.Text{\"propertyPath\":\"NO\",\"modelName\":\"catalogModel\"}"}]}
RESULT: {"script":"<script> [1562 bytes]","args":[{"selector":{"controlType":"sap.m.Text","viewName":"etm.portal.ui.managerequests.view.Detail","bindingPath":{"propertyPath":"NO","modelName":"catalogModel"}},"wdio_ui5_key":"etmportal.ui.managerequests.view.Detailsap.m.Text{\"propertyPath\":\"NO\",\"modelName\":\"catalogModel\"}"}]}
RESULT: undefined
COMMAND: POST /session/6e77a8c699da6c53a9289fc604b7742b/execute/async - {"script":"<script> [6424 bytes]","args":[{"element-6066-11e4-a52e-4f735466cecf":"f.93F4A61C81F21A46154A7CFE6A8617A2.d.24B3AE438CBF84BB1448F1DDDEBB021C.e.11326"},"getText",[]]}
RESULT: {"script":"<script> [6424 bytes]","args":[{"element-6066-11e4-a52e-4f735466cecf":"f.93F4A61C81F21A46154A7CFE6A8617A2.d.24B3AE438CBF84BB1448F1DDDEBB021C.e.11326"},"getText",[]]}
COMMAND: POST /session/6e77a8c699da6c53a9289fc604b7742b/execute/async - {"script":"<script> [1562 bytes]","args":[{"selector":{"controlType":"sap.ui.core.Icon","viewName":"etm.portal.ui.managerequests.view.Detail","properties":{"src":{"regex":{"source":"date\\-time"}}},"ancestor":{"controlType":"sap.m.ColumnListItem","viewName":"etm.portal.ui.managerequests.view.Detail","bindingPath":{"path":"/SmartRequestItemsPlanningBoard(ITEM=10m,REQUEST='20222')"},"ancestor":{"id":"requestItemsTable","viewName":"etm.portal.ui.managerequests.view.Detail"}}},"wdio_ui5_key":"etmportal.ui.managerequests.view.Detailsap.ui.core.Icon{\"src\":{\"regex\":{\"source\":\"date\\\\-time\"}}}{\"controlType\":\"sap.m.ColumnListItem\",\"viewName\":\"etm.portal.ui.managerequests.view.Detail\",\"bindingPath\":{\"path\":\"/SmartRequestItemsPlanningBoard(ITEM=10m,REQUEST='20222')\"},\"ancestor\":{\"id\":\"requestItemsTable\",\"viewName\":\"etm.portal.ui.managerequests.view.Detail\"}}"}]}
RESULT: {"script":"<script> [1562 bytes]","args":[{"selector":{"controlType":"sap.ui.core.Icon","viewName":"etm.portal.ui.managerequests.view.Detail","properties":{"src":{"regex":{"source":"date\\-time"}}},"ancestor":{"controlType":"sap.m.ColumnListItem","viewName":"etm.portal.ui.managerequests.view.Detail","bindingPath":{"path":"/SmartRequestItemsPlanningBoard(ITEM=10m,REQUEST='20222')"},"ancestor":{"id":"requestItemsTable","viewName":"etm.portal.ui.managerequests.view.Detail"}}},"wdio_ui5_key":"etmportal.ui.managerequests.view.Detailsap.ui.core.Icon{\"src\":{\"regex\":{\"source\":\"date\\\\-time\"}}}{\"controlType\":\"sap.m.ColumnListItem\",\"viewName\":\"etm.portal.ui.managerequests.view.Detail\",\"bindingPath\":{\"path\":\"/SmartRequestItemsPlanningBoard(ITEM=10m,REQUEST='20222')\"},\"ancestor\":{\"id\":\"requestItemsTable\",\"viewName\":\"etm.portal.ui.managerequests.view.Detail\"}}"}]}
RESULT: undefined
COMMAND: POST /session/6e77a8c699da6c53a9289fc604b7742b/element - {"using":"xpath","value":"//*[@id=\"__button39-__clone963-img\"]"}
RESULT: {"using":"xpath","value":"//*[@id=\"__button39-__clone963-img\"]"}
COMMAND: POST /session/6e77a8c699da6c53a9289fc604b7742b/element/f.93F4A61C81F21A46154A7CFE6A8617A2.d.24B3AE438CBF84BB1448F1DDDEBB021C.e.11327/click - {}
RESULT: {}
COMMAND: POST /session/6e77a8c699da6c53a9289fc604b7742b/execute/async - {"script":"<script> [1562 bytes]","args":[{"selector":{"controlType":"sap.m.Button","viewName":"etm.portal.ui.managerequests.view.Detail","properties":{"text":"Close"},"searchOpenDialogs":true,"interaction":{"idSuffix":"BDI-content"}},"wdio_ui5_key":"etmportal.ui.managerequests.view.Detailsap.m.Button{\"text\":\"Close\"}"}]}
COMMAND: GET /session/6e77a8c699da6c53a9289fc604b7742b/screenshot - {}
RESULT: {"script":"<script> [1562 bytes]","args":[{"selector":{"controlType":"sap.m.Button","viewName":"etm.portal.ui.managerequests.view.Detail","properties":{"text":"Close"},"searchOpenDialogs":true,"interaction":{"idSuffix":"BDI-content"}},"wdio_ui5_key":"etmportal.ui.managerequests.view.Detailsap.m.Button{\"text\":\"Close\"}"}]}
RESULT: undefined
COMMAND: POST /session/6e77a8c699da6c53a9289fc604b7742b/element - {"using":"xpath","value":"//*[@id=\"__button49\"]"}
RESULT: {}
RESULT: {"using":"xpath","value":"//*[@id=\"__button49\"]"}
COMMAND: POST /session/6e77a8c699da6c53a9289fc604b7742b/element/f.93F4A61C81F21A46154A7CFE6A8617A2.d.24B3AE438CBF84BB1448F1DDDEBB021C.e.11330/click - {}
RESULT: {}
COMMAND: GET /session/6e77a8c699da6c53a9289fc604b7742b/screenshot - {}
RESULT: {}
COMMAND: POST /session/6e77a8c699da6c53a9289fc604b7742b/refresh - {}
RESULT: {}
COMMAND: GET /session/6e77a8c699da6c53a9289fc604b7742b/screenshot - {}
RESULT: {}
COMMAND: POST /session/6e77a8c699da6c53a9289fc604b7742b/execute/async - {"script":"<script> [189 bytes]","args":[]}
RESULT: {"script":"<script> [189 bytes]","args":[]}
COMMAND: POST /session/6e77a8c699da6c53a9289fc604b7742b/execute/async - {"script":"<script> [123 bytes]","args":[]}
RESULT: {"script":"<script> [123 bytes]","args":[]}
COMMAND: POST /session/6e77a8c699da6c53a9289fc604b7742b/timeouts - {"script":"<number>"}
RESULT: {"script":"<number>"}
COMMAND: GET /session/6e77a8c699da6c53a9289fc604b7742b/timeouts - {}
RESULT: {}
RESULT: undefined
COMMAND: POST /session/6e77a8c699da6c53a9289fc604b7742b/execute/async - {"script":"<script> [2676 bytes]","args":[]}
RESULT: {"script":"<script> [2676 bytes]","args":[]}
COMMAND: POST /session/6e77a8c699da6c53a9289fc604b7742b/execute/async - {"script":"<script> [2342 bytes]","args":[{"protocol":"http","hostname":"0.0.0.0","path":"/","capabilities":{"browserName":"chrome","goog:chromeOptions":{"binary":"C:\\Program Files\\Google\\Chrome\\Application\\chrome.exe","args":["--start-maximized"]}},"logLevel":"warn","connectionRetryTimeout":120000,"connectionRetryCount":3,"logLevels":{},"enableDirectConnect":true,"strictSSL":true,"_":"65 more keys: [\"cacheDir\",\"port\",\"requestedCapabilities\",\"automationProtocol\",\"baseUrl\",\"waitforInterval\",\"waitforTimeout\",\"onReload\",\"beforeCommand\",\"afterCommand\",\"rootDir\",\"specs\",\"suites\",\"exclude\",\"groupLogsByTestSpec\",\"excludeDriverLogs\",\"bail\",\"framework\",\"reporters\",\"services\",\"maxInstances\",\"maxInstancesPerCapability\",\"injectGlobals\",\"filesToWatch\",\"execArgv\",\"runnerEnv\",\"runner\",\"shard\",\"specFileRetries\",\"specFileRetriesDelay\",\"specFileRetriesDeferred\",\"reporterSyncInterval\",\"reporterSyncTimeout\",\"cucumberFeaturesWithLineNumbers\",\"autoCompileOpts\",\"mochaOpts\",\"jasmineOpts\",\"cucumberOpts\",\"onPrepare\",\"onWorkerStart\",\"onWorkerEnd\",\"before\",\"beforeSession\",\"beforeSuite\",\"beforeHook\",\"beforeTest\",\"afterTest\",\"afterHook\",\"afterSuite\",\"afterSession\",\"after\",\"onComplete\",\"beforeAssertion\",\"afterAssertion\",\"beforeFeature\",\"beforeScenario\",\"beforeStep\",\"afterStep\",\"afterScenario\",\"afterFeature\",\"_\",\"suite\",\"$0\",\"ignoredWorkerServices\",\"wdi5\"]"}]}
RESULT: {"script":"<script> [2342 bytes]","args":[{"protocol":"http","hostname":"0.0.0.0","path":"/","capabilities":{"browserName":"chrome","goog:chromeOptions":{"binary":"C:\\Program Files\\Google\\Chrome\\Application\\chrome.exe","args":["--start-maximized"]}},"logLevel":"warn","connectionRetryTimeout":120000,"connectionRetryCount":3,"logLevels":{},"enableDirectConnect":true,"strictSSL":true,"_":"65 more keys: [\"cacheDir\",\"port\",\"requestedCapabilities\",\"automationProtocol\",\"baseUrl\",\"waitforInterval\",\"waitforTimeout\",\"onReload\",\"beforeCommand\",\"afterCommand\",\"rootDir\",\"specs\",\"suites\",\"exclude\",\"groupLogsByTestSpec\",\"excludeDriverLogs\",\"bail\",\"framework\",\"reporters\",\"services\",\"maxInstances\",\"maxInstancesPerCapability\",\"injectGlobals\",\"filesToWatch\",\"execArgv\",\"runnerEnv\",\"runner\",\"shard\",\"specFileRetries\",\"specFileRetriesDelay\",\"specFileRetriesDeferred\",\"reporterSyncInterval\",\"reporterSyncTimeout\",\"cucumberFeaturesWithLineNumbers\",\"autoCompileOpts\",\"mochaOpts\",\"jasmineOpts\",\"cucumberOpts\",\"onPrepare\",\"onWorkerStart\",\"onWorkerEnd\",\"before\",\"beforeSession\",\"beforeSuite\",\"beforeHook\",\"beforeTest\",\"afterTest\",\"afterHook\",\"afterSuite\",\"afterSession\",\"after\",\"onComplete\",\"beforeAssertion\",\"afterAssertion\",\"beforeFeature\",\"beforeScenario\",\"beforeStep\",\"afterStep\",\"afterScenario\",\"afterFeature\",\"_\",\"suite\",\"$0\",\"ignoredWorkerServices\",\"wdi5\"]"}]}
COMMAND: POST /session/6e77a8c699da6c53a9289fc604b7742b/execute/async - {"script":"<script> [21126 bytes]","args":[35000]}
RESULT: {"script":"<script> [21126 bytes]","args":[35000]}
]]></system-out>
    </testcase>
    <testcase classname="chrome.136_0_7103_93.windows.Process_request_items_into_an_existing_quotation_US120163" name="Should process the request into an existing quotation" time="85.636">
      <system-out><![CDATA[
COMMAND: GET /session/6e77a8c699da6c53a9289fc604b7742b/window - {}
RESULT: {}
COMMAND: POST /session/6e77a8c699da6c53a9289fc604b7742b/element - {"using":"xpath","value":"//span[contains(@id ,\"detailHeaderTitle-_actionsToolbar-overflowButton-img\")]"}
RESULT: {"using":"xpath","value":"//span[contains(@id ,\"detailHeaderTitle-_actionsToolbar-overflowButton-img\")]"}
COMMAND: POST /session/6e77a8c699da6c53a9289fc604b7742b/element/f.93F4A61C81F21A46154A7CFE6A8617A2.d.8B3FF1BFA6971124F9CDA39FA883B4D3.e.11552/click - {}
RESULT: {}
COMMAND: GET /session/6e77a8c699da6c53a9289fc604b7742b/screenshot - {}
RESULT: {}
COMMAND: POST /session/6e77a8c699da6c53a9289fc604b7742b/element - {"using":"xpath","value":"//span[contains(@id ,\"actionsMenuButton-internalSplitBtn-arrowButton-img\")]"}
RESULT: {"using":"xpath","value":"//span[contains(@id ,\"actionsMenuButton-internalSplitBtn-arrowButton-img\")]"}
COMMAND: POST /session/6e77a8c699da6c53a9289fc604b7742b/element/f.93F4A61C81F21A46154A7CFE6A8617A2.d.8B3FF1BFA6971124F9CDA39FA883B4D3.e.11555/click - {}
RESULT: {}
COMMAND: GET /session/6e77a8c699da6c53a9289fc604b7742b/screenshot - {}
RESULT: {}
COMMAND: POST /session/6e77a8c699da6c53a9289fc604b7742b/actions - {"actions":[{"id":"action90","type":"key","parameters":{},"actions":[{"type":"keyDown","value":"î€•"},{"type":"pause","duration":10},{"type":"keyUp","value":"î€•"}]}]}
RESULT: {"actions":[{"id":"action90","type":"key","parameters":{},"actions":[{"type":"keyDown","value":"î€•"},{"type":"pause","duration":10},{"type":"keyUp","value":"î€•"}]}]}
COMMAND: GET /session/6e77a8c699da6c53a9289fc604b7742b/screenshot - {}
RESULT: {}
COMMAND: POST /session/6e77a8c699da6c53a9289fc604b7742b/actions - {"actions":[{"id":"action91","type":"key","parameters":{},"actions":[{"type":"keyDown","value":"î€‡"},{"type":"pause","duration":10},{"type":"keyUp","value":"î€‡"}]}]}
RESULT: {"actions":[{"id":"action91","type":"key","parameters":{},"actions":[{"type":"keyDown","value":"î€‡"},{"type":"pause","duration":10},{"type":"keyUp","value":"î€‡"}]}]}
COMMAND: GET /session/6e77a8c699da6c53a9289fc604b7742b/screenshot - {}
RESULT: {}
COMMAND: POST /session/6e77a8c699da6c53a9289fc604b7742b/actions - {"actions":[{"id":"action92","type":"key","parameters":{},"actions":[{"type":"keyDown","value":"î€•"},{"type":"pause","duration":10},{"type":"keyUp","value":"î€•"}]}]}
RESULT: {"actions":[{"id":"action92","type":"key","parameters":{},"actions":[{"type":"keyDown","value":"î€•"},{"type":"pause","duration":10},{"type":"keyUp","value":"î€•"}]}]}
COMMAND: GET /session/6e77a8c699da6c53a9289fc604b7742b/screenshot - {}
RESULT: {}
COMMAND: POST /session/6e77a8c699da6c53a9289fc604b7742b/actions - {"actions":[{"id":"action93","type":"key","parameters":{},"actions":[{"type":"keyDown","value":"î€‡"},{"type":"pause","duration":10},{"type":"keyUp","value":"î€‡"}]}]}
RESULT: {"actions":[{"id":"action93","type":"key","parameters":{},"actions":[{"type":"keyDown","value":"î€‡"},{"type":"pause","duration":10},{"type":"keyUp","value":"î€‡"}]}]}
COMMAND: GET /session/6e77a8c699da6c53a9289fc604b7742b/screenshot - {}
RESULT: {}
COMMAND: POST /session/6e77a8c699da6c53a9289fc604b7742b/element - {"using":"xpath","value":"//input[contains(@id ,\"quotationsSearchField-I\")]"}
RESULT: {"using":"xpath","value":"//input[contains(@id ,\"quotationsSearchField-I\")]"}
COMMAND: POST /session/6e77a8c699da6c53a9289fc604b7742b/element/f.93F4A61C81F21A46154A7CFE6A8617A2.d.8B3FF1BFA6971124F9CDA39FA883B4D3.e.11558/clear - {}
RESULT: {}
COMMAND: POST /session/6e77a8c699da6c53a9289fc604b7742b/element/f.93F4A61C81F21A46154A7CFE6A8617A2.d.8B3FF1BFA6971124F9CDA39FA883B4D3.e.11558/value - {"text":"WdIOQuotations8qa8"}
COMMAND: GET /session/6e77a8c699da6c53a9289fc604b7742b/screenshot - {}
RESULT: {"text":"WdIOQuotations8qa8"}
COMMAND: GET /session/6e77a8c699da6c53a9289fc604b7742b/screenshot - {}
RESULT: {}
RESULT: {}
COMMAND: POST /session/6e77a8c699da6c53a9289fc604b7742b/actions - {"actions":[{"id":"action94","type":"key","parameters":{},"actions":[{"type":"keyDown","value":"î€‡"},{"type":"pause","duration":10},{"type":"keyUp","value":"î€‡"}]}]}
RESULT: {"actions":[{"id":"action94","type":"key","parameters":{},"actions":[{"type":"keyDown","value":"î€‡"},{"type":"pause","duration":10},{"type":"keyUp","value":"î€‡"}]}]}
COMMAND: GET /session/6e77a8c699da6c53a9289fc604b7742b/screenshot - {}
RESULT: {}
COMMAND: POST /session/6e77a8c699da6c53a9289fc604b7742b/element - {"using":"xpath","value":"//div[contains(@id ,\"selectSingle\")]"}
RESULT: {"using":"xpath","value":"//div[contains(@id ,\"selectSingle\")]"}
COMMAND: POST /session/6e77a8c699da6c53a9289fc604b7742b/element/f.93F4A61C81F21A46154A7CFE6A8617A2.d.8B3FF1BFA6971124F9CDA39FA883B4D3.e.11563/click - {}
RESULT: {}
COMMAND: GET /session/6e77a8c699da6c53a9289fc604b7742b/screenshot - {}
RESULT: {}
COMMAND: POST /session/6e77a8c699da6c53a9289fc604b7742b/element - {"using":"xpath","value":"//bdi[contains(text() ,\"Selection Done\")]"}
RESULT: {"using":"xpath","value":"//bdi[contains(text() ,\"Selection Done\")]"}
COMMAND: POST /session/6e77a8c699da6c53a9289fc604b7742b/element/f.93F4A61C81F21A46154A7CFE6A8617A2.d.8B3FF1BFA6971124F9CDA39FA883B4D3.e.11573/click - {}
RESULT: {}
COMMAND: GET /session/6e77a8c699da6c53a9289fc604b7742b/screenshot - {}
RESULT: {}
COMMAND: POST /session/6e77a8c699da6c53a9289fc604b7742b/actions - {"actions":[{"id":"action95","type":"key","parameters":{},"actions":[{"type":"keyDown","value":"î€‡"},{"type":"pause","duration":10},{"type":"keyUp","value":"î€‡"}]}]}
RESULT: {"actions":[{"id":"action95","type":"key","parameters":{},"actions":[{"type":"keyDown","value":"î€‡"},{"type":"pause","duration":10},{"type":"keyUp","value":"î€‡"}]}]}
COMMAND: GET /session/6e77a8c699da6c53a9289fc604b7742b/screenshot - {}
RESULT: {}
COMMAND: POST /session/6e77a8c699da6c53a9289fc604b7742b/actions - {"actions":[{"id":"action96","type":"key","parameters":{},"actions":[{"type":"keyDown","value":"î€‡"},{"type":"pause","duration":10},{"type":"keyUp","value":"î€‡"}]}]}
RESULT: {"actions":[{"id":"action96","type":"key","parameters":{},"actions":[{"type":"keyDown","value":"î€‡"},{"type":"pause","duration":10},{"type":"keyUp","value":"î€‡"}]}]}
COMMAND: GET /session/6e77a8c699da6c53a9289fc604b7742b/screenshot - {}
RESULT: {}
COMMAND: GET /session/6e77a8c699da6c53a9289fc604b7742b/window/handles - {}
RESULT: {}
COMMAND: GET /session/6e77a8c699da6c53a9289fc604b7742b/window/handles - {}
RESULT: {}
COMMAND: POST /session/6e77a8c699da6c53a9289fc604b7742b/window - {"handle":"889CF80F2E582F3A039065205D8EF4A8"}
RESULT: {"handle":"889CF80F2E582F3A039065205D8EF4A8"}
COMMAND: GET /session/6e77a8c699da6c53a9289fc604b7742b/url - {}
RESULT: {}
COMMAND: GET /session/6e77a8c699da6c53a9289fc604b7742b/screenshot - {}
RESULT: {}
COMMAND: POST /session/6e77a8c699da6c53a9289fc604b7742b/element - {"using":"xpath","value":"//span[contains(text(), \"Header Billing Items\")]"}
RESULT: {"using":"xpath","value":"//span[contains(text(), \"Header Billing Items\")]"}
COMMAND: POST /session/6e77a8c699da6c53a9289fc604b7742b/element/f.889CF80F2E582F3A039065205D8EF4A8.d.5372B515386403CC618655C3096E4900.e.11786/click - {}
RESULT: {}
COMMAND: GET /session/6e77a8c699da6c53a9289fc604b7742b/screenshot - {}
RESULT: {}
COMMAND: POST /session/6e77a8c699da6c53a9289fc604b7742b/element - {"using":"xpath","value":"//span[contains(@id ,\"contractItemsSmartTable-header-inner\")]"}
RESULT: {"using":"xpath","value":"//span[contains(@id ,\"contractItemsSmartTable-header-inner\")]"}
COMMAND: GET /session/6e77a8c699da6c53a9289fc604b7742b/element/f.889CF80F2E582F3A039065205D8EF4A8.d.5372B515386403CC618655C3096E4900.e.11788/text - {}
RESULT: {}
COMMAND: POST /session/6e77a8c699da6c53a9289fc604b7742b/element - {"using":"xpath","value":"//span[@class=\"sapMObjStatusText\"][contains(text(), \"proposed\")]"}
RESULT: {"using":"xpath","value":"//span[@class=\"sapMObjStatusText\"][contains(text(), \"proposed\")]"}
COMMAND: GET /session/6e77a8c699da6c53a9289fc604b7742b/element/f.889CF80F2E582F3A039065205D8EF4A8.d.5372B515386403CC618655C3096E4900.e.11789/text - {}
RESULT: {}
COMMAND: DELETE /session/6e77a8c699da6c53a9289fc604b7742b/window - {}
RESULT: {}
COMMAND: POST /session/6e77a8c699da6c53a9289fc604b7742b/window - {"handle":"93F4A61C81F21A46154A7CFE6A8617A2"}
RESULT: {"handle":"93F4A61C81F21A46154A7CFE6A8617A2"}
COMMAND: GET /session/6e77a8c699da6c53a9289fc604b7742b/url - {}
RESULT: {}
COMMAND: GET /session/6e77a8c699da6c53a9289fc604b7742b/screenshot - {}
RESULT: {}
]]></system-out>
    </testcase>
    <testcase classname="chrome.136_0_7103_93.windows.Process_request_items_into_an_existing_quotation_US120163" name="Should navigate back to the request and check the request and item statuses" time="52.368">
      <system-out><![CDATA[
COMMAND: POST /session/6e77a8c699da6c53a9289fc604b7742b/refresh - {}
RESULT: {}
COMMAND: GET /session/6e77a8c699da6c53a9289fc604b7742b/screenshot - {}
RESULT: {}
COMMAND: POST /session/6e77a8c699da6c53a9289fc604b7742b/execute/async - {"script":"<script> [189 bytes]","args":[]}
RESULT: {"script":"<script> [189 bytes]","args":[]}
COMMAND: POST /session/6e77a8c699da6c53a9289fc604b7742b/execute/async - {"script":"<script> [123 bytes]","args":[]}
RESULT: {"script":"<script> [123 bytes]","args":[]}
COMMAND: POST /session/6e77a8c699da6c53a9289fc604b7742b/timeouts - {"script":"<number>"}
RESULT: {"script":"<number>"}
COMMAND: GET /session/6e77a8c699da6c53a9289fc604b7742b/timeouts - {}
RESULT: {}
RESULT: undefined
COMMAND: POST /session/6e77a8c699da6c53a9289fc604b7742b/execute/async - {"script":"<script> [2676 bytes]","args":[]}
RESULT: {"script":"<script> [2676 bytes]","args":[]}
COMMAND: POST /session/6e77a8c699da6c53a9289fc604b7742b/execute/async - {"script":"<script> [2342 bytes]","args":[{"protocol":"http","hostname":"0.0.0.0","path":"/","capabilities":{"browserName":"chrome","goog:chromeOptions":{"binary":"C:\\Program Files\\Google\\Chrome\\Application\\chrome.exe","args":["--start-maximized"]}},"logLevel":"warn","connectionRetryTimeout":120000,"connectionRetryCount":3,"logLevels":{},"enableDirectConnect":true,"strictSSL":true,"_":"65 more keys: [\"cacheDir\",\"port\",\"requestedCapabilities\",\"automationProtocol\",\"baseUrl\",\"waitforInterval\",\"waitforTimeout\",\"onReload\",\"beforeCommand\",\"afterCommand\",\"rootDir\",\"specs\",\"suites\",\"exclude\",\"groupLogsByTestSpec\",\"excludeDriverLogs\",\"bail\",\"framework\",\"reporters\",\"services\",\"maxInstances\",\"maxInstancesPerCapability\",\"injectGlobals\",\"filesToWatch\",\"execArgv\",\"runnerEnv\",\"runner\",\"shard\",\"specFileRetries\",\"specFileRetriesDelay\",\"specFileRetriesDeferred\",\"reporterSyncInterval\",\"reporterSyncTimeout\",\"cucumberFeaturesWithLineNumbers\",\"autoCompileOpts\",\"mochaOpts\",\"jasmineOpts\",\"cucumberOpts\",\"onPrepare\",\"onWorkerStart\",\"onWorkerEnd\",\"before\",\"beforeSession\",\"beforeSuite\",\"beforeHook\",\"beforeTest\",\"afterTest\",\"afterHook\",\"afterSuite\",\"afterSession\",\"after\",\"onComplete\",\"beforeAssertion\",\"afterAssertion\",\"beforeFeature\",\"beforeScenario\",\"beforeStep\",\"afterStep\",\"afterScenario\",\"afterFeature\",\"_\",\"suite\",\"$0\",\"ignoredWorkerServices\",\"wdi5\"]"}]}
RESULT: {"script":"<script> [2342 bytes]","args":[{"protocol":"http","hostname":"0.0.0.0","path":"/","capabilities":{"browserName":"chrome","goog:chromeOptions":{"binary":"C:\\Program Files\\Google\\Chrome\\Application\\chrome.exe","args":["--start-maximized"]}},"logLevel":"warn","connectionRetryTimeout":120000,"connectionRetryCount":3,"logLevels":{},"enableDirectConnect":true,"strictSSL":true,"_":"65 more keys: [\"cacheDir\",\"port\",\"requestedCapabilities\",\"automationProtocol\",\"baseUrl\",\"waitforInterval\",\"waitforTimeout\",\"onReload\",\"beforeCommand\",\"afterCommand\",\"rootDir\",\"specs\",\"suites\",\"exclude\",\"groupLogsByTestSpec\",\"excludeDriverLogs\",\"bail\",\"framework\",\"reporters\",\"services\",\"maxInstances\",\"maxInstancesPerCapability\",\"injectGlobals\",\"filesToWatch\",\"execArgv\",\"runnerEnv\",\"runner\",\"shard\",\"specFileRetries\",\"specFileRetriesDelay\",\"specFileRetriesDeferred\",\"reporterSyncInterval\",\"reporterSyncTimeout\",\"cucumberFeaturesWithLineNumbers\",\"autoCompileOpts\",\"mochaOpts\",\"jasmineOpts\",\"cucumberOpts\",\"onPrepare\",\"onWorkerStart\",\"onWorkerEnd\",\"before\",\"beforeSession\",\"beforeSuite\",\"beforeHook\",\"beforeTest\",\"afterTest\",\"afterHook\",\"afterSuite\",\"afterSession\",\"after\",\"onComplete\",\"beforeAssertion\",\"afterAssertion\",\"beforeFeature\",\"beforeScenario\",\"beforeStep\",\"afterStep\",\"afterScenario\",\"afterFeature\",\"_\",\"suite\",\"$0\",\"ignoredWorkerServices\",\"wdi5\"]"}]}
COMMAND: POST /session/6e77a8c699da6c53a9289fc604b7742b/execute/async - {"script":"<script> [21126 bytes]","args":[35000]}
RESULT: {"script":"<script> [21126 bytes]","args":[35000]}
COMMAND: POST /session/6e77a8c699da6c53a9289fc604b7742b/execute/async - {"script":"<script> [1562 bytes]","args":[{"selector":{"controlType":"sap.m.Text","viewName":"etm.portal.ui.managerequests.view.Detail","bindingPath":{"path":"/SmartRequestItemsPlanningBoard(ITEM=10m,REQUEST='20222')","propertyPath":"STATUS_DESC"}},"wdio_ui5_key":"etmportal.ui.managerequests.view.Detailsap.m.Text{\"path\":\"/SmartRequestItemsPlanningBoard(ITEM=10m,REQUEST='20222')\",\"propertyPath\":\"STATUS_DESC\"}"}]}
RESULT: {"script":"<script> [1562 bytes]","args":[{"selector":{"controlType":"sap.m.Text","viewName":"etm.portal.ui.managerequests.view.Detail","bindingPath":{"path":"/SmartRequestItemsPlanningBoard(ITEM=10m,REQUEST='20222')","propertyPath":"STATUS_DESC"}},"wdio_ui5_key":"etmportal.ui.managerequests.view.Detailsap.m.Text{\"path\":\"/SmartRequestItemsPlanningBoard(ITEM=10m,REQUEST='20222')\",\"propertyPath\":\"STATUS_DESC\"}"}]}
RESULT: undefined
COMMAND: POST /session/6e77a8c699da6c53a9289fc604b7742b/execute/async - {"script":"<script> [6424 bytes]","args":[{"element-6066-11e4-a52e-4f735466cecf":"f.93F4A61C81F21A46154A7CFE6A8617A2.d.D182C943255D11BB3DFDDB9CD9F08346.e.11972"},"getText",[]]}
RESULT: {"script":"<script> [6424 bytes]","args":[{"element-6066-11e4-a52e-4f735466cecf":"f.93F4A61C81F21A46154A7CFE6A8617A2.d.D182C943255D11BB3DFDDB9CD9F08346.e.11972"},"getText",[]]}
COMMAND: POST /session/6e77a8c699da6c53a9289fc604b7742b/execute/async - {"script":"<script> [1562 bytes]","args":[{"selector":{"controlType":"sap.m.ObjectStatus","viewName":"etm.portal.ui.managerequests.view.Detail","bindingPath":{"path":"/RequestHeaders('20222')","propertyPath":"LINK_TO_STATUS/DESCRIPTION","modelName":"catalogModel"}},"wdio_ui5_key":"etmportal.ui.managerequests.view.Detailsap.m.ObjectStatus{\"path\":\"/RequestHeaders('20222')\",\"propertyPath\":\"LINK_TO_STATUS/DESCRIPTION\",\"modelName\":\"catalogModel\"}"}]}
RESULT: {"script":"<script> [1562 bytes]","args":[{"selector":{"controlType":"sap.m.ObjectStatus","viewName":"etm.portal.ui.managerequests.view.Detail","bindingPath":{"path":"/RequestHeaders('20222')","propertyPath":"LINK_TO_STATUS/DESCRIPTION","modelName":"catalogModel"}},"wdio_ui5_key":"etmportal.ui.managerequests.view.Detailsap.m.ObjectStatus{\"path\":\"/RequestHeaders('20222')\",\"propertyPath\":\"LINK_TO_STATUS/DESCRIPTION\",\"modelName\":\"catalogModel\"}"}]}
RESULT: undefined
COMMAND: POST /session/6e77a8c699da6c53a9289fc604b7742b/execute/async - {"script":"<script> [6424 bytes]","args":[{"element-6066-11e4-a52e-4f735466cecf":"f.93F4A61C81F21A46154A7CFE6A8617A2.d.D182C943255D11BB3DFDDB9CD9F08346.e.11973"},"getText",[]]}
RESULT: {"script":"<script> [6424 bytes]","args":[{"element-6066-11e4-a52e-4f735466cecf":"f.93F4A61C81F21A46154A7CFE6A8617A2.d.D182C943255D11BB3DFDDB9CD9F08346.e.11973"},"getText",[]]}
COMMAND: POST /session/6e77a8c699da6c53a9289fc604b7742b/element - {"using":"css selector","value":"#shell-header-logo"}
RESULT: {"using":"css selector","value":"#shell-header-logo"}
COMMAND: POST /session/6e77a8c699da6c53a9289fc604b7742b/element/f.93F4A61C81F21A46154A7CFE6A8617A2.d.D182C943255D11BB3DFDDB9CD9F08346.e.11797/click - {}
RESULT: {}
COMMAND: GET /session/6e77a8c699da6c53a9289fc604b7742b/screenshot - {}
RESULT: {}
COMMAND: POST /session/6e77a8c699da6c53a9289fc604b7742b/refresh - {}
RESULT: {}
COMMAND: GET /session/6e77a8c699da6c53a9289fc604b7742b/screenshot - {}
RESULT: {}
COMMAND: POST /session/6e77a8c699da6c53a9289fc604b7742b/execute/async - {"script":"<script> [189 bytes]","args":[]}
RESULT: {"script":"<script> [189 bytes]","args":[]}
COMMAND: POST /session/6e77a8c699da6c53a9289fc604b7742b/execute/async - {"script":"<script> [123 bytes]","args":[]}
RESULT: {"script":"<script> [123 bytes]","args":[]}
COMMAND: POST /session/6e77a8c699da6c53a9289fc604b7742b/timeouts - {"script":"<number>"}
RESULT: {"script":"<number>"}
COMMAND: GET /session/6e77a8c699da6c53a9289fc604b7742b/timeouts - {}
RESULT: {}
RESULT: undefined
COMMAND: POST /session/6e77a8c699da6c53a9289fc604b7742b/execute/async - {"script":"<script> [2676 bytes]","args":[]}
RESULT: {"script":"<script> [2676 bytes]","args":[]}
COMMAND: POST /session/6e77a8c699da6c53a9289fc604b7742b/execute/async - {"script":"<script> [2342 bytes]","args":[{"protocol":"http","hostname":"0.0.0.0","path":"/","capabilities":{"browserName":"chrome","goog:chromeOptions":{"binary":"C:\\Program Files\\Google\\Chrome\\Application\\chrome.exe","args":["--start-maximized"]}},"logLevel":"warn","connectionRetryTimeout":120000,"connectionRetryCount":3,"logLevels":{},"enableDirectConnect":true,"strictSSL":true,"_":"65 more keys: [\"cacheDir\",\"port\",\"requestedCapabilities\",\"automationProtocol\",\"baseUrl\",\"waitforInterval\",\"waitforTimeout\",\"onReload\",\"beforeCommand\",\"afterCommand\",\"rootDir\",\"specs\",\"suites\",\"exclude\",\"groupLogsByTestSpec\",\"excludeDriverLogs\",\"bail\",\"framework\",\"reporters\",\"services\",\"maxInstances\",\"maxInstancesPerCapability\",\"injectGlobals\",\"filesToWatch\",\"execArgv\",\"runnerEnv\",\"runner\",\"shard\",\"specFileRetries\",\"specFileRetriesDelay\",\"specFileRetriesDeferred\",\"reporterSyncInterval\",\"reporterSyncTimeout\",\"cucumberFeaturesWithLineNumbers\",\"autoCompileOpts\",\"mochaOpts\",\"jasmineOpts\",\"cucumberOpts\",\"onPrepare\",\"onWorkerStart\",\"onWorkerEnd\",\"before\",\"beforeSession\",\"beforeSuite\",\"beforeHook\",\"beforeTest\",\"afterTest\",\"afterHook\",\"afterSuite\",\"afterSession\",\"after\",\"onComplete\",\"beforeAssertion\",\"afterAssertion\",\"beforeFeature\",\"beforeScenario\",\"beforeStep\",\"afterStep\",\"afterScenario\",\"afterFeature\",\"_\",\"suite\",\"$0\",\"ignoredWorkerServices\",\"wdi5\"]"}]}
RESULT: {"script":"<script> [2342 bytes]","args":[{"protocol":"http","hostname":"0.0.0.0","path":"/","capabilities":{"browserName":"chrome","goog:chromeOptions":{"binary":"C:\\Program Files\\Google\\Chrome\\Application\\chrome.exe","args":["--start-maximized"]}},"logLevel":"warn","connectionRetryTimeout":120000,"connectionRetryCount":3,"logLevels":{},"enableDirectConnect":true,"strictSSL":true,"_":"65 more keys: [\"cacheDir\",\"port\",\"requestedCapabilities\",\"automationProtocol\",\"baseUrl\",\"waitforInterval\",\"waitforTimeout\",\"onReload\",\"beforeCommand\",\"afterCommand\",\"rootDir\",\"specs\",\"suites\",\"exclude\",\"groupLogsByTestSpec\",\"excludeDriverLogs\",\"bail\",\"framework\",\"reporters\",\"services\",\"maxInstances\",\"maxInstancesPerCapability\",\"injectGlobals\",\"filesToWatch\",\"execArgv\",\"runnerEnv\",\"runner\",\"shard\",\"specFileRetries\",\"specFileRetriesDelay\",\"specFileRetriesDeferred\",\"reporterSyncInterval\",\"reporterSyncTimeout\",\"cucumberFeaturesWithLineNumbers\",\"autoCompileOpts\",\"mochaOpts\",\"jasmineOpts\",\"cucumberOpts\",\"onPrepare\",\"onWorkerStart\",\"onWorkerEnd\",\"before\",\"beforeSession\",\"beforeSuite\",\"beforeHook\",\"beforeTest\",\"afterTest\",\"afterHook\",\"afterSuite\",\"afterSession\",\"after\",\"onComplete\",\"beforeAssertion\",\"afterAssertion\",\"beforeFeature\",\"beforeScenario\",\"beforeStep\",\"afterStep\",\"afterScenario\",\"afterFeature\",\"_\",\"suite\",\"$0\",\"ignoredWorkerServices\",\"wdi5\"]"}]}
COMMAND: POST /session/6e77a8c699da6c53a9289fc604b7742b/execute/async - {"script":"<script> [21126 bytes]","args":[35000]}
RESULT: {"script":"<script> [21126 bytes]","args":[35000]}
]]></system-out>
    </testcase>
  </testsuite>
  <testsuite timestamp="2025-06-02T16:24:39" time="353.202" tests="3" failures="0" errors="0" skipped="0">
    <properties>
      <property name="specId" value="0" />
      <property name="suiteName" value="Process request items into new quotation US120163" />
      <property name="capabilities" value="chrome.136_0_7103_93.windows" />
      <property name="file" value="file:///D:/a/1/s/test/specs/R2C/process-request-items-into-new-quotation.spec.js" />
    </properties>
    <testcase classname="chrome.136_0_7103_93.windows.Process_request_items_into_new_quotation_US120163" name="Should create a new request with catalog items and plan it" time="224.404">
      <system-out><![CDATA[
COMMAND: POST /session/6e77a8c699da6c53a9289fc604b7742b/execute/async - {"script":"<script> [1562 bytes]","args":[{"selector":{"controlType":"sap.m.GenericTile","properties":{"header":"Manage Requests"}},"wdio_ui5_key":"sapm.GenericTile{\"header\":\"Manage Requests\"}"}]}
RESULT: {"script":"<script> [1562 bytes]","args":[{"selector":{"controlType":"sap.m.GenericTile","properties":{"header":"Manage Requests"}},"wdio_ui5_key":"sapm.GenericTile{\"header\":\"Manage Requests\"}"}]}
RESULT: undefined
COMMAND: POST /session/6e77a8c699da6c53a9289fc604b7742b/element - {"using":"xpath","value":"//*[@id=\"__tile47\"]"}
RESULT: {"using":"xpath","value":"//*[@id=\"__tile47\"]"}
COMMAND: POST /session/6e77a8c699da6c53a9289fc604b7742b/element/f.93F4A61C81F21A46154A7CFE6A8617A2.d.C07D1838A5BC156F5D6E33715A1D6708.e.12011/click - {}
RESULT: {}
COMMAND: GET /session/6e77a8c699da6c53a9289fc604b7742b/screenshot - {}
RESULT: {}
COMMAND: POST /session/6e77a8c699da6c53a9289fc604b7742b/elements - {"using":"xpath","value":"//span[text()='Error']"}
RESULT: {"using":"xpath","value":"//span[text()='Error']"}
COMMAND: POST /session/6e77a8c699da6c53a9289fc604b7742b/element - {"using":"xpath","value":"//button[contains(@data-kt ,\"btnCreateNewOverflowToolbarButton\")]"}
COMMAND: POST /session/6e77a8c699da6c53a9289fc604b7742b/element - {"using":"xpath","value":"(//span[contains(@class ,\"sapMObjStatusText\")])[1]"}
RESULT: {"using":"xpath","value":"//button[contains(@data-kt ,\"btnCreateNewOverflowToolbarButton\")]"}
COMMAND: POST /session/6e77a8c699da6c53a9289fc604b7742b/element/f.93F4A61C81F21A46154A7CFE6A8617A2.d.C07D1838A5BC156F5D6E33715A1D6708.e.12067/click - {}
RESULT: {"using":"xpath","value":"(//span[contains(@class ,\"sapMObjStatusText\")])[1]"}
COMMAND: POST /session/6e77a8c699da6c53a9289fc604b7742b/execute/sync - {"script":"<script> [8489 bytes]","args":[{"element-6066-11e4-a52e-4f735466cecf":"f.93F4A61C81F21A46154A7CFE6A8617A2.d.C07D1838A5BC156F5D6E33715A1D6708.e.12107","ELEMENT":"f.93F4A61C81F21A46154A7CFE6A8617A2.d.C07D1838A5BC156F5D6E33715A1D6708.e.12107"}]}
RESULT: {}
COMMAND: GET /session/6e77a8c699da6c53a9289fc604b7742b/screenshot - {}
COMMAND: POST /session/6e77a8c699da6c53a9289fc604b7742b/element - {"using":"xpath","value":"(//span[contains(@class ,\"sapMObjStatusText\")])[1]"}
RESULT: {}
RESULT: {"using":"xpath","value":"(//span[contains(@class ,\"sapMObjStatusText\")])[1]"}
COMMAND: POST /session/6e77a8c699da6c53a9289fc604b7742b/execute/sync - {"script":"<script> [8489 bytes]","args":[{"element-6066-11e4-a52e-4f735466cecf":"f.93F4A61C81F21A46154A7CFE6A8617A2.d.C07D1838A5BC156F5D6E33715A1D6708.e.12350","ELEMENT":"f.93F4A61C81F21A46154A7CFE6A8617A2.d.C07D1838A5BC156F5D6E33715A1D6708.e.12350"}]}
RESULT: {"script":"<script> [8489 bytes]","args":[{"element-6066-11e4-a52e-4f735466cecf":"f.93F4A61C81F21A46154A7CFE6A8617A2.d.C07D1838A5BC156F5D6E33715A1D6708.e.12350","ELEMENT":"f.93F4A61C81F21A46154A7CFE6A8617A2.d.C07D1838A5BC156F5D6E33715A1D6708.e.12350"}]}
COMMAND: GET /session/6e77a8c699da6c53a9289fc604b7742b/screenshot - {}
RESULT: {}
COMMAND: POST /session/6e77a8c699da6c53a9289fc604b7742b/element - {"using":"xpath","value":"//input[contains(@id ,\"yardId-inner\")]"}
RESULT: {"using":"xpath","value":"//input[contains(@id ,\"yardId-inner\")]"}
COMMAND: POST /session/6e77a8c699da6c53a9289fc604b7742b/execute/sync - {"script":"<script> [8489 bytes]","args":[{"element-6066-11e4-a52e-4f735466cecf":"f.93F4A61C81F21A46154A7CFE6A8617A2.d.C07D1838A5BC156F5D6E33715A1D6708.e.12199","ELEMENT":"f.93F4A61C81F21A46154A7CFE6A8617A2.d.C07D1838A5BC156F5D6E33715A1D6708.e.12199"}]}
RESULT: {"script":"<script> [8489 bytes]","args":[{"element-6066-11e4-a52e-4f735466cecf":"f.93F4A61C81F21A46154A7CFE6A8617A2.d.C07D1838A5BC156F5D6E33715A1D6708.e.12199","ELEMENT":"f.93F4A61C81F21A46154A7CFE6A8617A2.d.C07D1838A5BC156F5D6E33715A1D6708.e.12199"}]}
COMMAND: POST /session/6e77a8c699da6c53a9289fc604b7742b/element - {"using":"xpath","value":"//input[contains(@id ,\"yardId-inner\")]"}
COMMAND: GET /session/6e77a8c699da6c53a9289fc604b7742b/screenshot - {}
RESULT: {"using":"xpath","value":"//input[contains(@id ,\"yardId-inner\")]"}
COMMAND: GET /session/6e77a8c699da6c53a9289fc604b7742b/element/f.93F4A61C81F21A46154A7CFE6A8617A2.d.C07D1838A5BC156F5D6E33715A1D6708.e.12199/enabled - {}
RESULT: {}
RESULT: {}
COMMAND: POST /session/6e77a8c699da6c53a9289fc604b7742b/element/f.93F4A61C81F21A46154A7CFE6A8617A2.d.C07D1838A5BC156F5D6E33715A1D6708.e.12199/clear - {}
COMMAND: GET /session/6e77a8c699da6c53a9289fc604b7742b/screenshot - {}
RESULT: {}
COMMAND: POST /session/6e77a8c699da6c53a9289fc604b7742b/element/f.93F4A61C81F21A46154A7CFE6A8617A2.d.C07D1838A5BC156F5D6E33715A1D6708.e.12199/value - {"text":"WebdriverYardowxms"}
COMMAND: GET /session/6e77a8c699da6c53a9289fc604b7742b/screenshot - {}
RESULT: {}
RESULT: {"text":"WebdriverYardowxms"}
COMMAND: GET /session/6e77a8c699da6c53a9289fc604b7742b/screenshot - {}
RESULT: {}
RESULT: {}
COMMAND: POST /session/6e77a8c699da6c53a9289fc604b7742b/element - {"using":"xpath","value":"//input[contains(@id ,\"customerNumber-inner\")]"}
RESULT: {"using":"xpath","value":"//input[contains(@id ,\"customerNumber-inner\")]"}
COMMAND: POST /session/6e77a8c699da6c53a9289fc604b7742b/element/f.93F4A61C81F21A46154A7CFE6A8617A2.d.C07D1838A5BC156F5D6E33715A1D6708.e.12193/value - {"text":"WebdriverPartnern1kjv"}
COMMAND: POST /session/6e77a8c699da6c53a9289fc604b7742b/actions - {"actions":[{"id":"action97","type":"key","parameters":{},"actions":[{"type":"keyDown","value":"î€‡"},{"type":"pause","duration":10},{"type":"keyUp","value":"î€‡"}]}]}
RESULT: {"text":"WebdriverPartnern1kjv"}
COMMAND: GET /session/6e77a8c699da6c53a9289fc604b7742b/screenshot - {}
RESULT: {"actions":[{"id":"action97","type":"key","parameters":{},"actions":[{"type":"keyDown","value":"î€‡"},{"type":"pause","duration":10},{"type":"keyUp","value":"î€‡"}]}]}
COMMAND: GET /session/6e77a8c699da6c53a9289fc604b7742b/screenshot - {}
RESULT: {}
RESULT: {}
COMMAND: POST /session/6e77a8c699da6c53a9289fc604b7742b/element/f.93F4A61C81F21A46154A7CFE6A8617A2.d.C07D1838A5BC156F5D6E33715A1D6708.e.12199/clear - {}
RESULT: {}
COMMAND: POST /session/6e77a8c699da6c53a9289fc604b7742b/element/f.93F4A61C81F21A46154A7CFE6A8617A2.d.C07D1838A5BC156F5D6E33715A1D6708.e.12199/clear - {}
COMMAND: GET /session/6e77a8c699da6c53a9289fc604b7742b/screenshot - {}
RESULT: {}
COMMAND: POST /session/6e77a8c699da6c53a9289fc604b7742b/element/f.93F4A61C81F21A46154A7CFE6A8617A2.d.C07D1838A5BC156F5D6E33715A1D6708.e.12199/value - {"text":"WebdriverYardowxms"}
COMMAND: GET /session/6e77a8c699da6c53a9289fc604b7742b/screenshot - {}
RESULT: {}
COMMAND: POST /session/6e77a8c699da6c53a9289fc604b7742b/actions - {"actions":[{"id":"action98","type":"key","parameters":{},"actions":[{"type":"keyDown","value":"î€‡"},{"type":"pause","duration":10},{"type":"keyUp","value":"î€‡"}]}]}
RESULT: {"text":"WebdriverYardowxms"}
COMMAND: GET /session/6e77a8c699da6c53a9289fc604b7742b/screenshot - {}
RESULT: {}
RESULT: {"actions":[{"id":"action98","type":"key","parameters":{},"actions":[{"type":"keyDown","value":"î€‡"},{"type":"pause","duration":10},{"type":"keyUp","value":"î€‡"}]}]}
COMMAND: GET /session/6e77a8c699da6c53a9289fc604b7742b/screenshot - {}
RESULT: {}
RESULT: {}
COMMAND: GET /session/6e77a8c699da6c53a9289fc604b7742b/element/f.93F4A61C81F21A46154A7CFE6A8617A2.d.C07D1838A5BC156F5D6E33715A1D6708.e.12193/property/value - {}
RESULT: {}
COMMAND: POST /session/6e77a8c699da6c53a9289fc604b7742b/element - {"using":"xpath","value":"//input[contains(@id ,\"requestSiteId-inner\")]"}
COMMAND: GET /session/6e77a8c699da6c53a9289fc604b7742b/screenshot - {}
RESULT: {"using":"xpath","value":"//input[contains(@id ,\"requestSiteId-inner\")]"}
COMMAND: POST /session/6e77a8c699da6c53a9289fc604b7742b/element/f.93F4A61C81F21A46154A7CFE6A8617A2.d.C07D1838A5BC156F5D6E33715A1D6708.e.12192/value - {"text":"WebdriverSite6aqq2"}
RESULT: {}
COMMAND: POST /session/6e77a8c699da6c53a9289fc604b7742b/actions - {"actions":[{"id":"action99","type":"key","parameters":{},"actions":[{"type":"keyDown","value":"î€‡"},{"type":"pause","duration":10},{"type":"keyUp","value":"î€‡"}]}]}
RESULT: {"text":"WebdriverSite6aqq2"}
COMMAND: GET /session/6e77a8c699da6c53a9289fc604b7742b/screenshot - {}
RESULT: {"actions":[{"id":"action99","type":"key","parameters":{},"actions":[{"type":"keyDown","value":"î€‡"},{"type":"pause","duration":10},{"type":"keyUp","value":"î€‡"}]}]}
COMMAND: GET /session/6e77a8c699da6c53a9289fc604b7742b/screenshot - {}
RESULT: {}
RESULT: {}
COMMAND: POST /session/6e77a8c699da6c53a9289fc604b7742b/actions - {"actions":[{"id":"action100","type":"key","parameters":{},"actions":[{"type":"keyDown","value":"î€‡"},{"type":"pause","duration":10},{"type":"keyUp","value":"î€‡"}]}]}
RESULT: {"actions":[{"id":"action100","type":"key","parameters":{},"actions":[{"type":"keyDown","value":"î€‡"},{"type":"pause","duration":10},{"type":"keyUp","value":"î€‡"}]}]}
COMMAND: GET /session/6e77a8c699da6c53a9289fc604b7742b/screenshot - {}
RESULT: {}
COMMAND: POST /session/6e77a8c699da6c53a9289fc604b7742b/element - {"using":"xpath","value":"//button[contains(@data-kt ,\"requestItemAddOverflowToolbarButton\")]"}
RESULT: {"using":"xpath","value":"//button[contains(@data-kt ,\"requestItemAddOverflowToolbarButton\")]"}
COMMAND: POST /session/6e77a8c699da6c53a9289fc604b7742b/element/f.93F4A61C81F21A46154A7CFE6A8617A2.d.C07D1838A5BC156F5D6E33715A1D6708.e.12360/click - {}
RESULT: {}
COMMAND: GET /session/6e77a8c699da6c53a9289fc604b7742b/screenshot - {}
RESULT: {}
COMMAND: POST /session/6e77a8c699da6c53a9289fc604b7742b/actions - {"actions":[{"id":"action101","type":"key","parameters":{},"actions":[{"type":"keyDown","value":"î€•"},{"type":"pause","duration":10},{"type":"keyUp","value":"î€•"}]}]}
RESULT: {"actions":[{"id":"action101","type":"key","parameters":{},"actions":[{"type":"keyDown","value":"î€•"},{"type":"pause","duration":10},{"type":"keyUp","value":"î€•"}]}]}
COMMAND: POST /session/6e77a8c699da6c53a9289fc604b7742b/actions - {"actions":[{"id":"action102","type":"key","parameters":{},"actions":[{"type":"keyDown","value":"î€‡"},{"type":"pause","duration":10},{"type":"keyUp","value":"î€‡"}]}]}
COMMAND: GET /session/6e77a8c699da6c53a9289fc604b7742b/screenshot - {}
RESULT: {"actions":[{"id":"action102","type":"key","parameters":{},"actions":[{"type":"keyDown","value":"î€‡"},{"type":"pause","duration":10},{"type":"keyUp","value":"î€‡"}]}]}
COMMAND: GET /session/6e77a8c699da6c53a9289fc604b7742b/screenshot - {}
RESULT: {}
RESULT: {}
COMMAND: POST /session/6e77a8c699da6c53a9289fc604b7742b/element - {"using":"xpath","value":"(//input[contains(@id ,\"requestItemsTable-0-inner\")])[1]"}
RESULT: {"using":"xpath","value":"(//input[contains(@id ,\"requestItemsTable-0-inner\")])[1]"}
COMMAND: POST /session/6e77a8c699da6c53a9289fc604b7742b/element/f.93F4A61C81F21A46154A7CFE6A8617A2.d.C07D1838A5BC156F5D6E33715A1D6708.e.12364/clear - {}
RESULT: {}
COMMAND: POST /session/6e77a8c699da6c53a9289fc604b7742b/element/f.93F4A61C81F21A46154A7CFE6A8617A2.d.C07D1838A5BC156F5D6E33715A1D6708.e.12364/value - {"text":"catalogItemfolsf"}
COMMAND: GET /session/6e77a8c699da6c53a9289fc604b7742b/screenshot - {}
RESULT: {"text":"catalogItemfolsf"}
COMMAND: GET /session/6e77a8c699da6c53a9289fc604b7742b/screenshot - {}
RESULT: {}
RESULT: {}
COMMAND: POST /session/6e77a8c699da6c53a9289fc604b7742b/actions - {"actions":[{"id":"action103","type":"key","parameters":{},"actions":[{"type":"keyDown","value":"î€‡"},{"type":"pause","duration":10},{"type":"keyUp","value":"î€‡"}]}]}
RESULT: {"actions":[{"id":"action103","type":"key","parameters":{},"actions":[{"type":"keyDown","value":"î€‡"},{"type":"pause","duration":10},{"type":"keyUp","value":"î€‡"}]}]}
COMMAND: GET /session/6e77a8c699da6c53a9289fc604b7742b/screenshot - {}
RESULT: {}
COMMAND: POST /session/6e77a8c699da6c53a9289fc604b7742b/execute/async - {"script":"<script> [1562 bytes]","args":[{"selector":{"controlType":"sap.ui.core.Icon","viewName":"etm.portal.ui.managerequests.view.NewRequest","properties":{"src":{"regex":{"source":"slim\\-arrow\\-down"}}},"ancestor":{"controlType":"sap.m.Button","viewName":"etm.portal.ui.managerequests.view.NewRequest","properties":{"icon":"sap-icon://slim-arrow-down"}}},"wdio_ui5_key":"etmportal.ui.managerequests.view.NewRequestsap.ui.core.Icon{\"src\":{\"regex\":{\"source\":\"slim\\\\-arrow\\\\-down\"}}}{\"controlType\":\"sap.m.Button\",\"viewName\":\"etm.portal.ui.managerequests.view.NewRequest\",\"properties\":{\"icon\":\"sap-icon://slim-arrow-down\"}}"}]}
RESULT: {"script":"<script> [1562 bytes]","args":[{"selector":{"controlType":"sap.ui.core.Icon","viewName":"etm.portal.ui.managerequests.view.NewRequest","properties":{"src":{"regex":{"source":"slim\\-arrow\\-down"}}},"ancestor":{"controlType":"sap.m.Button","viewName":"etm.portal.ui.managerequests.view.NewRequest","properties":{"icon":"sap-icon://slim-arrow-down"}}},"wdio_ui5_key":"etmportal.ui.managerequests.view.NewRequestsap.ui.core.Icon{\"src\":{\"regex\":{\"source\":\"slim\\\\-arrow\\\\-down\"}}}{\"controlType\":\"sap.m.Button\",\"viewName\":\"etm.portal.ui.managerequests.view.NewRequest\",\"properties\":{\"icon\":\"sap-icon://slim-arrow-down\"}}"}]}
RESULT: undefined
COMMAND: POST /session/6e77a8c699da6c53a9289fc604b7742b/element - {"using":"xpath","value":"//div[contains(@data-kt ,\"splitAllocationObjectStatus\")]"}
RESULT: {"using":"xpath","value":"//div[contains(@data-kt ,\"splitAllocationObjectStatus\")]"}
COMMAND: POST /session/6e77a8c699da6c53a9289fc604b7742b/elements - {"using":"xpath","value":"//div[contains(@data-kt ,\"splitAllocationObjectStatus\")]"}
RESULT: {"using":"xpath","value":"//div[contains(@data-kt ,\"splitAllocationObjectStatus\")]"}
COMMAND: POST /session/6e77a8c699da6c53a9289fc604b7742b/execute/async - {"script":"<script> [1562 bytes]","args":[{"selector":{"controlType":"sap.ui.core.Icon","viewName":"etm.portal.ui.managerequests.view.NewRequest","properties":{"src":{"regex":{"source":"message\\-error"}}}},"wdio_ui5_key":"etmportal.ui.managerequests.view.NewRequestsap.ui.core.Icon{\"src\":{\"regex\":{\"source\":\"message\\\\-error\"}}}"}]}
RESULT: {"script":"<script> [1562 bytes]","args":[{"selector":{"controlType":"sap.ui.core.Icon","viewName":"etm.portal.ui.managerequests.view.NewRequest","properties":{"src":{"regex":{"source":"message\\-error"}}}},"wdio_ui5_key":"etmportal.ui.managerequests.view.NewRequestsap.ui.core.Icon{\"src\":{\"regex\":{\"source\":\"message\\\\-error\"}}}"}]}
RESULT: undefined
COMMAND: POST /session/6e77a8c699da6c53a9289fc604b7742b/element - {"using":"xpath","value":"//*[@id=\"__status4-__xmlview59--requestItemsTable-0-icon\"]"}
RESULT: {"using":"xpath","value":"//*[@id=\"__status4-__xmlview59--requestItemsTable-0-icon\"]"}
COMMAND: POST /session/6e77a8c699da6c53a9289fc604b7742b/element/f.93F4A61C81F21A46154A7CFE6A8617A2.d.C07D1838A5BC156F5D6E33715A1D6708.e.12379/click - {}
RESULT: {}
COMMAND: POST /session/6e77a8c699da6c53a9289fc604b7742b/execute/async - {"script":"<script> [1562 bytes]","args":[{"selector":{"controlType":"sap.ui.core.Icon","viewName":"etm.portal.ui.managerequests.view.NewRequest","properties":{"src":{"regex":{"source":"slim\\-arrow\\-down"}}},"searchOpenDialogs":true,"ancestor":{"id":"costObjectAdminTypeComboBox","viewName":"etm.portal.ui.managerequests.view.NewRequest","searchOpenDialogs":true}},"wdio_ui5_key":"etmportal.ui.managerequests.view.NewRequestsap.ui.core.Icon{\"src\":{\"regex\":{\"source\":\"slim\\\\-arrow\\\\-down\"}}}{\"id\":\"costObjectAdminTypeComboBox\",\"viewName\":\"etm.portal.ui.managerequests.view.NewRequest\",\"searchOpenDialogs\":true}"}]}
COMMAND: GET /session/6e77a8c699da6c53a9289fc604b7742b/screenshot - {}
RESULT: {"script":"<script> [1562 bytes]","args":[{"selector":{"controlType":"sap.ui.core.Icon","viewName":"etm.portal.ui.managerequests.view.NewRequest","properties":{"src":{"regex":{"source":"slim\\-arrow\\-down"}}},"searchOpenDialogs":true,"ancestor":{"id":"costObjectAdminTypeComboBox","viewName":"etm.portal.ui.managerequests.view.NewRequest","searchOpenDialogs":true}},"wdio_ui5_key":"etmportal.ui.managerequests.view.NewRequestsap.ui.core.Icon{\"src\":{\"regex\":{\"source\":\"slim\\\\-arrow\\\\-down\"}}}{\"id\":\"costObjectAdminTypeComboBox\",\"viewName\":\"etm.portal.ui.managerequests.view.NewRequest\",\"searchOpenDialogs\":true}"}]}
RESULT: undefined
COMMAND: POST /session/6e77a8c699da6c53a9289fc604b7742b/element - {"using":"xpath","value":"//*[@id=\"__xmlview59--costObjectAdminTypeComboBox-arrow\"]"}
RESULT: {}
RESULT: {"using":"xpath","value":"//*[@id=\"__xmlview59--costObjectAdminTypeComboBox-arrow\"]"}
COMMAND: POST /session/6e77a8c699da6c53a9289fc604b7742b/element/f.93F4A61C81F21A46154A7CFE6A8617A2.d.C07D1838A5BC156F5D6E33715A1D6708.e.12384/click - {}
RESULT: {}
COMMAND: POST /session/6e77a8c699da6c53a9289fc604b7742b/execute/async - {"script":"<script> [1562 bytes]","args":[{"selector":{"controlType":"sap.m.StandardListItem","viewName":"etm.portal.ui.managerequests.view.NewRequest","properties":{"title":"Cost Center"},"searchOpenDialogs":true,"interaction":{"idSuffix":"titleText"}},"wdio_ui5_key":"etmportal.ui.managerequests.view.NewRequestsap.m.StandardListItem{\"title\":\"Cost Center\"}"}]}
COMMAND: GET /session/6e77a8c699da6c53a9289fc604b7742b/screenshot - {}
RESULT: {"script":"<script> [1562 bytes]","args":[{"selector":{"controlType":"sap.m.StandardListItem","viewName":"etm.portal.ui.managerequests.view.NewRequest","properties":{"title":"Cost Center"},"searchOpenDialogs":true,"interaction":{"idSuffix":"titleText"}},"wdio_ui5_key":"etmportal.ui.managerequests.view.NewRequestsap.m.StandardListItem{\"title\":\"Cost Center\"}"}]}
RESULT: undefined
COMMAND: POST /session/6e77a8c699da6c53a9289fc604b7742b/element - {"using":"xpath","value":"//*[@id=\"__item783\"]"}
RESULT: {}
RESULT: {"using":"xpath","value":"//*[@id=\"__item783\"]"}
COMMAND: POST /session/6e77a8c699da6c53a9289fc604b7742b/element/f.93F4A61C81F21A46154A7CFE6A8617A2.d.C07D1838A5BC156F5D6E33715A1D6708.e.12386/click - {}
RESULT: {}
COMMAND: GET /session/6e77a8c699da6c53a9289fc604b7742b/screenshot - {}
RESULT: {}
COMMAND: POST /session/6e77a8c699da6c53a9289fc604b7742b/execute/async - {"script":"<script> [1562 bytes]","args":[{"selector":{"controlType":"sap.ui.core.Icon","viewName":"etm.portal.ui.managerequests.view.NewRequest","properties":{"src":{"regex":{"source":"value\\-help"}}},"searchOpenDialogs":true},"wdio_ui5_key":"etmportal.ui.managerequests.view.NewRequestsap.ui.core.Icon{\"src\":{\"regex\":{\"source\":\"value\\\\-help\"}}}"}]}
RESULT: {"script":"<script> [1562 bytes]","args":[{"selector":{"controlType":"sap.ui.core.Icon","viewName":"etm.portal.ui.managerequests.view.NewRequest","properties":{"src":{"regex":{"source":"value\\-help"}}},"searchOpenDialogs":true},"wdio_ui5_key":"etmportal.ui.managerequests.view.NewRequestsap.ui.core.Icon{\"src\":{\"regex\":{\"source\":\"value\\\\-help\"}}}"}]}
RESULT: undefined
COMMAND: POST /session/6e77a8c699da6c53a9289fc604b7742b/element - {"using":"xpath","value":"//*[@id=\"__xmlview59--costObjectIdComboBox-vhi\"]"}
RESULT: {"using":"xpath","value":"//*[@id=\"__xmlview59--costObjectIdComboBox-vhi\"]"}
COMMAND: POST /session/6e77a8c699da6c53a9289fc604b7742b/element/f.93F4A61C81F21A46154A7CFE6A8617A2.d.C07D1838A5BC156F5D6E33715A1D6708.e.12394/click - {}
RESULT: {}
COMMAND: POST /session/6e77a8c699da6c53a9289fc604b7742b/execute/async - {"script":"<script> [1562 bytes]","args":[{"selector":{"controlType":"sap.m.SearchField","properties":{"placeholder":"Search"},"searchOpenDialogs":true,"interaction":{"idSuffix":"I"}},"wdio_ui5_key":"sapm.SearchField{\"placeholder\":\"Search\"}"}]}
COMMAND: GET /session/6e77a8c699da6c53a9289fc604b7742b/screenshot - {}
RESULT: {"script":"<script> [1562 bytes]","args":[{"selector":{"controlType":"sap.m.SearchField","properties":{"placeholder":"Search"},"searchOpenDialogs":true,"interaction":{"idSuffix":"I"}},"wdio_ui5_key":"sapm.SearchField{\"placeholder\":\"Search\"}"}]}
RESULT: undefined
COMMAND: POST /session/6e77a8c699da6c53a9289fc604b7742b/execute/async - {"script":"<script> [776 bytes]","args":[{"enterText":"10001010","selector":{"controlType":"sap.m.SearchField","properties":{"placeholder":"Search"},"searchOpenDialogs":true,"interaction":{"idSuffix":"I"}},"clearTextFirst":true,"interactionType":"ENTER_TEXT"}]}
RESULT: {}
RESULT: {"script":"<script> [776 bytes]","args":[{"enterText":"10001010","selector":{"controlType":"sap.m.SearchField","properties":{"placeholder":"Search"},"searchOpenDialogs":true,"interaction":{"idSuffix":"I"}},"clearTextFirst":true,"interactionType":"ENTER_TEXT"}]}
COMMAND: POST /session/6e77a8c699da6c53a9289fc604b7742b/actions - {"actions":[{"id":"action104","type":"key","parameters":{},"actions":[{"type":"keyDown","value":"î€‡"},{"type":"pause","duration":10},{"type":"keyUp","value":"î€‡"}]}]}
RESULT: {"actions":[{"id":"action104","type":"key","parameters":{},"actions":[{"type":"keyDown","value":"î€‡"},{"type":"pause","duration":10},{"type":"keyUp","value":"î€‡"}]}]}
COMMAND: GET /session/6e77a8c699da6c53a9289fc604b7742b/screenshot - {}
RESULT: {}
COMMAND: POST /session/6e77a8c699da6c53a9289fc604b7742b/execute/async - {"script":"<script> [1562 bytes]","args":[{"selector":{"controlType":"sap.m.Text","bindingPath":{"path":"/C_CostCtrValueHelp(CostCenter='10001010',ControllingArea='Z001')","propertyPath":"CostCenterName","modelName":"CostCenterModel"},"searchOpenDialogs":true},"wdio_ui5_key":"sapm.Text{\"path\":\"/C_CostCtrValueHelp(CostCenter='10001010',ControllingArea='Z001')\",\"propertyPath\":\"CostCenterName\",\"modelName\":\"CostCenterModel\"}"}]}
RESULT: {"script":"<script> [1562 bytes]","args":[{"selector":{"controlType":"sap.m.Text","bindingPath":{"path":"/C_CostCtrValueHelp(CostCenter='10001010',ControllingArea='Z001')","propertyPath":"CostCenterName","modelName":"CostCenterModel"},"searchOpenDialogs":true},"wdio_ui5_key":"sapm.Text{\"path\":\"/C_CostCtrValueHelp(CostCenter='10001010',ControllingArea='Z001')\",\"propertyPath\":\"CostCenterName\",\"modelName\":\"CostCenterModel\"}"}]}
RESULT: undefined
COMMAND: POST /session/6e77a8c699da6c53a9289fc604b7742b/element - {"using":"xpath","value":"//*[@id=\"__text291-__clone916\"]"}
RESULT: {"using":"xpath","value":"//*[@id=\"__text291-__clone916\"]"}
COMMAND: POST /session/6e77a8c699da6c53a9289fc604b7742b/element/f.93F4A61C81F21A46154A7CFE6A8617A2.d.C07D1838A5BC156F5D6E33715A1D6708.e.12433/click - {}
RESULT: {}
COMMAND: POST /session/6e77a8c699da6c53a9289fc604b7742b/execute/async - {"script":"<script> [1562 bytes]","args":[{"selector":{"controlType":"sap.m.Button","properties":{"text":"OK"},"searchOpenDialogs":true,"interaction":{"idSuffix":"BDI-content"}},"wdio_ui5_key":"sapm.Button{\"text\":\"OK\"}"}]}
COMMAND: GET /session/6e77a8c699da6c53a9289fc604b7742b/screenshot - {}
RESULT: {"script":"<script> [1562 bytes]","args":[{"selector":{"controlType":"sap.m.Button","properties":{"text":"OK"},"searchOpenDialogs":true,"interaction":{"idSuffix":"BDI-content"}},"wdio_ui5_key":"sapm.Button{\"text\":\"OK\"}"}]}
RESULT: undefined
COMMAND: POST /session/6e77a8c699da6c53a9289fc604b7742b/element - {"using":"xpath","value":"//*[@id=\"__dialog1-ok\"]"}
RESULT: {}
RESULT: {"using":"xpath","value":"//*[@id=\"__dialog1-ok\"]"}
COMMAND: POST /session/6e77a8c699da6c53a9289fc604b7742b/element/f.93F4A61C81F21A46154A7CFE6A8617A2.d.C07D1838A5BC156F5D6E33715A1D6708.e.12435/click - {}
RESULT: {}
COMMAND: GET /session/6e77a8c699da6c53a9289fc604b7742b/screenshot - {}
RESULT: {}
COMMAND: POST /session/6e77a8c699da6c53a9289fc604b7742b/execute/async - {"script":"<script> [1562 bytes]","args":[{"selector":{"controlType":"sap.m.Button","viewName":"etm.portal.ui.managerequests.view.NewRequest","i18NText":{"propertyName":"text","key":"save"},"searchOpenDialogs":true,"interaction":{"idSuffix":"BDI-content"}},"wdio_ui5_key":"etmportal.ui.managerequests.view.NewRequestsap.m.Button{\"propertyName\":\"text\",\"key\":\"save\"}"}]}
RESULT: {"script":"<script> [1562 bytes]","args":[{"selector":{"controlType":"sap.m.Button","viewName":"etm.portal.ui.managerequests.view.NewRequest","i18NText":{"propertyName":"text","key":"save"},"searchOpenDialogs":true,"interaction":{"idSuffix":"BDI-content"}},"wdio_ui5_key":"etmportal.ui.managerequests.view.NewRequestsap.m.Button{\"propertyName\":\"text\",\"key\":\"save\"}"}]}
RESULT: undefined
COMMAND: POST /session/6e77a8c699da6c53a9289fc604b7742b/element - {"using":"xpath","value":"//*[@id=\"__button24\"]"}
RESULT: {"using":"xpath","value":"//*[@id=\"__button24\"]"}
COMMAND: POST /session/6e77a8c699da6c53a9289fc604b7742b/element/f.93F4A61C81F21A46154A7CFE6A8617A2.d.C07D1838A5BC156F5D6E33715A1D6708.e.12439/click - {}
RESULT: {}
COMMAND: GET /session/6e77a8c699da6c53a9289fc604b7742b/screenshot - {}
RESULT: {}
COMMAND: POST /session/6e77a8c699da6c53a9289fc604b7742b/element - {"using":"xpath","value":"(//bdi[contains(text() ,\"Save\")])[1]"}
RESULT: {"using":"xpath","value":"(//bdi[contains(text() ,\"Save\")])[1]"}
COMMAND: POST /session/6e77a8c699da6c53a9289fc604b7742b/element/f.93F4A61C81F21A46154A7CFE6A8617A2.d.C07D1838A5BC156F5D6E33715A1D6708.e.12442/click - {}
RESULT: {}
COMMAND: GET /session/6e77a8c699da6c53a9289fc604b7742b/screenshot - {}
RESULT: {}
COMMAND: POST /session/6e77a8c699da6c53a9289fc604b7742b/execute/async - {"script":"<script> [1562 bytes]","args":[{"selector":{"controlType":"sap.m.Title","properties":{"text":"Success"},"searchOpenDialogs":true},"wdio_ui5_key":"sapm.Title{\"text\":\"Success\"}"}]}
RESULT: {"script":"<script> [1562 bytes]","args":[{"selector":{"controlType":"sap.m.Title","properties":{"text":"Success"},"searchOpenDialogs":true},"wdio_ui5_key":"sapm.Title{\"text\":\"Success\"}"}]}
RESULT: undefined
COMMAND: POST /session/6e77a8c699da6c53a9289fc604b7742b/execute/async - {"script":"<script> [6424 bytes]","args":[{"element-6066-11e4-a52e-4f735466cecf":"f.93F4A61C81F21A46154A7CFE6A8617A2.d.C07D1838A5BC156F5D6E33715A1D6708.e.12445"},"getText",[]]}
RESULT: {"script":"<script> [6424 bytes]","args":[{"element-6066-11e4-a52e-4f735466cecf":"f.93F4A61C81F21A46154A7CFE6A8617A2.d.C07D1838A5BC156F5D6E33715A1D6708.e.12445"},"getText",[]]}
COMMAND: POST /session/6e77a8c699da6c53a9289fc604b7742b/execute/async - {"script":"<script> [1562 bytes]","args":[{"selector":{"controlType":"sap.m.Button","properties":{"text":"Close"},"searchOpenDialogs":true,"interaction":{"idSuffix":"BDI-content"}},"wdio_ui5_key":"sapm.Button{\"text\":\"Close\"}"}]}
RESULT: {"script":"<script> [1562 bytes]","args":[{"selector":{"controlType":"sap.m.Button","properties":{"text":"Close"},"searchOpenDialogs":true,"interaction":{"idSuffix":"BDI-content"}},"wdio_ui5_key":"sapm.Button{\"text\":\"Close\"}"}]}
RESULT: undefined
COMMAND: POST /session/6e77a8c699da6c53a9289fc604b7742b/element - {"using":"xpath","value":"//*[@id=\"__mbox-btn-0\"]"}
RESULT: {"using":"xpath","value":"//*[@id=\"__mbox-btn-0\"]"}
COMMAND: POST /session/6e77a8c699da6c53a9289fc604b7742b/element/f.93F4A61C81F21A46154A7CFE6A8617A2.d.C07D1838A5BC156F5D6E33715A1D6708.e.12444/click - {}
RESULT: {}
COMMAND: GET /session/6e77a8c699da6c53a9289fc604b7742b/screenshot - {}
RESULT: {}
COMMAND: POST /session/6e77a8c699da6c53a9289fc604b7742b/execute/async - {"script":"<script> [1562 bytes]","args":[{"selector":{"controlType":"sap.m.Text","viewName":"etm.portal.ui.managerequests.view.Detail","bindingPath":{"propertyPath":"NO","modelName":"catalogModel"}},"wdio_ui5_key":"etmportal.ui.managerequests.view.Detailsap.m.Text{\"propertyPath\":\"NO\",\"modelName\":\"catalogModel\"}"}]}
RESULT: {"script":"<script> [1562 bytes]","args":[{"selector":{"controlType":"sap.m.Text","viewName":"etm.portal.ui.managerequests.view.Detail","bindingPath":{"propertyPath":"NO","modelName":"catalogModel"}},"wdio_ui5_key":"etmportal.ui.managerequests.view.Detailsap.m.Text{\"propertyPath\":\"NO\",\"modelName\":\"catalogModel\"}"}]}
RESULT: undefined
COMMAND: POST /session/6e77a8c699da6c53a9289fc604b7742b/execute/async - {"script":"<script> [6424 bytes]","args":[{"element-6066-11e4-a52e-4f735466cecf":"f.93F4A61C81F21A46154A7CFE6A8617A2.d.C07D1838A5BC156F5D6E33715A1D6708.e.12571"},"getText",[]]}
RESULT: {"script":"<script> [6424 bytes]","args":[{"element-6066-11e4-a52e-4f735466cecf":"f.93F4A61C81F21A46154A7CFE6A8617A2.d.C07D1838A5BC156F5D6E33715A1D6708.e.12571"},"getText",[]]}
COMMAND: POST /session/6e77a8c699da6c53a9289fc604b7742b/execute/async - {"script":"<script> [1562 bytes]","args":[{"selector":{"controlType":"sap.ui.core.Icon","viewName":"etm.portal.ui.managerequests.view.Detail","properties":{"src":{"regex":{"source":"date\\-time"}}},"ancestor":{"controlType":"sap.m.ColumnListItem","viewName":"etm.portal.ui.managerequests.view.Detail","bindingPath":{"path":"/SmartRequestItemsPlanningBoard(ITEM=10m,REQUEST='20223')"},"ancestor":{"id":"requestItemsTable","viewName":"etm.portal.ui.managerequests.view.Detail"}}},"wdio_ui5_key":"etmportal.ui.managerequests.view.Detailsap.ui.core.Icon{\"src\":{\"regex\":{\"source\":\"date\\\\-time\"}}}{\"controlType\":\"sap.m.ColumnListItem\",\"viewName\":\"etm.portal.ui.managerequests.view.Detail\",\"bindingPath\":{\"path\":\"/SmartRequestItemsPlanningBoard(ITEM=10m,REQUEST='20223')\"},\"ancestor\":{\"id\":\"requestItemsTable\",\"viewName\":\"etm.portal.ui.managerequests.view.Detail\"}}"}]}
RESULT: {"script":"<script> [1562 bytes]","args":[{"selector":{"controlType":"sap.ui.core.Icon","viewName":"etm.portal.ui.managerequests.view.Detail","properties":{"src":{"regex":{"source":"date\\-time"}}},"ancestor":{"controlType":"sap.m.ColumnListItem","viewName":"etm.portal.ui.managerequests.view.Detail","bindingPath":{"path":"/SmartRequestItemsPlanningBoard(ITEM=10m,REQUEST='20223')"},"ancestor":{"id":"requestItemsTable","viewName":"etm.portal.ui.managerequests.view.Detail"}}},"wdio_ui5_key":"etmportal.ui.managerequests.view.Detailsap.ui.core.Icon{\"src\":{\"regex\":{\"source\":\"date\\\\-time\"}}}{\"controlType\":\"sap.m.ColumnListItem\",\"viewName\":\"etm.portal.ui.managerequests.view.Detail\",\"bindingPath\":{\"path\":\"/SmartRequestItemsPlanningBoard(ITEM=10m,REQUEST='20223')\"},\"ancestor\":{\"id\":\"requestItemsTable\",\"viewName\":\"etm.portal.ui.managerequests.view.Detail\"}}"}]}
RESULT: undefined
COMMAND: POST /session/6e77a8c699da6c53a9289fc604b7742b/element - {"using":"xpath","value":"//*[@id=\"__button39-__clone955-img\"]"}
RESULT: {"using":"xpath","value":"//*[@id=\"__button39-__clone955-img\"]"}
COMMAND: POST /session/6e77a8c699da6c53a9289fc604b7742b/element/f.93F4A61C81F21A46154A7CFE6A8617A2.d.C07D1838A5BC156F5D6E33715A1D6708.e.12572/click - {}
RESULT: {}
COMMAND: POST /session/6e77a8c699da6c53a9289fc604b7742b/execute/async - {"script":"<script> [1562 bytes]","args":[{"selector":{"controlType":"sap.m.Button","viewName":"etm.portal.ui.managerequests.view.Detail","properties":{"text":"Close"},"searchOpenDialogs":true,"interaction":{"idSuffix":"BDI-content"}},"wdio_ui5_key":"etmportal.ui.managerequests.view.Detailsap.m.Button{\"text\":\"Close\"}"}]}
COMMAND: GET /session/6e77a8c699da6c53a9289fc604b7742b/screenshot - {}
RESULT: {"script":"<script> [1562 bytes]","args":[{"selector":{"controlType":"sap.m.Button","viewName":"etm.portal.ui.managerequests.view.Detail","properties":{"text":"Close"},"searchOpenDialogs":true,"interaction":{"idSuffix":"BDI-content"}},"wdio_ui5_key":"etmportal.ui.managerequests.view.Detailsap.m.Button{\"text\":\"Close\"}"}]}
RESULT: undefined
COMMAND: POST /session/6e77a8c699da6c53a9289fc604b7742b/element - {"using":"xpath","value":"//*[@id=\"__button49\"]"}
RESULT: {}
RESULT: {"using":"xpath","value":"//*[@id=\"__button49\"]"}
COMMAND: POST /session/6e77a8c699da6c53a9289fc604b7742b/element/f.93F4A61C81F21A46154A7CFE6A8617A2.d.C07D1838A5BC156F5D6E33715A1D6708.e.12575/click - {}
RESULT: {}
COMMAND: POST /session/6e77a8c699da6c53a9289fc604b7742b/refresh - {}
COMMAND: GET /session/6e77a8c699da6c53a9289fc604b7742b/screenshot - {}
RESULT: {}
COMMAND: GET /session/6e77a8c699da6c53a9289fc604b7742b/screenshot - {}
RESULT: {}
RESULT: {}
COMMAND: POST /session/6e77a8c699da6c53a9289fc604b7742b/execute/async - {"script":"<script> [189 bytes]","args":[]}
RESULT: {"script":"<script> [189 bytes]","args":[]}
COMMAND: POST /session/6e77a8c699da6c53a9289fc604b7742b/execute/async - {"script":"<script> [123 bytes]","args":[]}
RESULT: {"script":"<script> [123 bytes]","args":[]}
COMMAND: POST /session/6e77a8c699da6c53a9289fc604b7742b/timeouts - {"script":"<number>"}
RESULT: {"script":"<number>"}
COMMAND: GET /session/6e77a8c699da6c53a9289fc604b7742b/timeouts - {}
RESULT: {}
RESULT: undefined
COMMAND: POST /session/6e77a8c699da6c53a9289fc604b7742b/execute/async - {"script":"<script> [2676 bytes]","args":[]}
RESULT: {"script":"<script> [2676 bytes]","args":[]}
COMMAND: POST /session/6e77a8c699da6c53a9289fc604b7742b/execute/async - {"script":"<script> [2342 bytes]","args":[{"protocol":"http","hostname":"0.0.0.0","path":"/","capabilities":{"browserName":"chrome","goog:chromeOptions":{"binary":"C:\\Program Files\\Google\\Chrome\\Application\\chrome.exe","args":["--start-maximized"]}},"logLevel":"warn","connectionRetryTimeout":120000,"connectionRetryCount":3,"logLevels":{},"enableDirectConnect":true,"strictSSL":true,"_":"65 more keys: [\"cacheDir\",\"port\",\"requestedCapabilities\",\"automationProtocol\",\"baseUrl\",\"waitforInterval\",\"waitforTimeout\",\"onReload\",\"beforeCommand\",\"afterCommand\",\"rootDir\",\"specs\",\"suites\",\"exclude\",\"groupLogsByTestSpec\",\"excludeDriverLogs\",\"bail\",\"framework\",\"reporters\",\"services\",\"maxInstances\",\"maxInstancesPerCapability\",\"injectGlobals\",\"filesToWatch\",\"execArgv\",\"runnerEnv\",\"runner\",\"shard\",\"specFileRetries\",\"specFileRetriesDelay\",\"specFileRetriesDeferred\",\"reporterSyncInterval\",\"reporterSyncTimeout\",\"cucumberFeaturesWithLineNumbers\",\"autoCompileOpts\",\"mochaOpts\",\"jasmineOpts\",\"cucumberOpts\",\"onPrepare\",\"onWorkerStart\",\"onWorkerEnd\",\"before\",\"beforeSession\",\"beforeSuite\",\"beforeHook\",\"beforeTest\",\"afterTest\",\"afterHook\",\"afterSuite\",\"afterSession\",\"after\",\"onComplete\",\"beforeAssertion\",\"afterAssertion\",\"beforeFeature\",\"beforeScenario\",\"beforeStep\",\"afterStep\",\"afterScenario\",\"afterFeature\",\"_\",\"suite\",\"$0\",\"ignoredWorkerServices\",\"wdi5\"]"}]}
RESULT: {"script":"<script> [2342 bytes]","args":[{"protocol":"http","hostname":"0.0.0.0","path":"/","capabilities":{"browserName":"chrome","goog:chromeOptions":{"binary":"C:\\Program Files\\Google\\Chrome\\Application\\chrome.exe","args":["--start-maximized"]}},"logLevel":"warn","connectionRetryTimeout":120000,"connectionRetryCount":3,"logLevels":{},"enableDirectConnect":true,"strictSSL":true,"_":"65 more keys: [\"cacheDir\",\"port\",\"requestedCapabilities\",\"automationProtocol\",\"baseUrl\",\"waitforInterval\",\"waitforTimeout\",\"onReload\",\"beforeCommand\",\"afterCommand\",\"rootDir\",\"specs\",\"suites\",\"exclude\",\"groupLogsByTestSpec\",\"excludeDriverLogs\",\"bail\",\"framework\",\"reporters\",\"services\",\"maxInstances\",\"maxInstancesPerCapability\",\"injectGlobals\",\"filesToWatch\",\"execArgv\",\"runnerEnv\",\"runner\",\"shard\",\"specFileRetries\",\"specFileRetriesDelay\",\"specFileRetriesDeferred\",\"reporterSyncInterval\",\"reporterSyncTimeout\",\"cucumberFeaturesWithLineNumbers\",\"autoCompileOpts\",\"mochaOpts\",\"jasmineOpts\",\"cucumberOpts\",\"onPrepare\",\"onWorkerStart\",\"onWorkerEnd\",\"before\",\"beforeSession\",\"beforeSuite\",\"beforeHook\",\"beforeTest\",\"afterTest\",\"afterHook\",\"afterSuite\",\"afterSession\",\"after\",\"onComplete\",\"beforeAssertion\",\"afterAssertion\",\"beforeFeature\",\"beforeScenario\",\"beforeStep\",\"afterStep\",\"afterScenario\",\"afterFeature\",\"_\",\"suite\",\"$0\",\"ignoredWorkerServices\",\"wdi5\"]"}]}
COMMAND: POST /session/6e77a8c699da6c53a9289fc604b7742b/execute/async - {"script":"<script> [21126 bytes]","args":[35000]}
RESULT: {"script":"<script> [21126 bytes]","args":[35000]}
]]></system-out>
    </testcase>
    <testcase classname="chrome.136_0_7103_93.windows.Process_request_items_into_new_quotation_US120163" name="Should process the request into a new quotation" time="55.351">
      <system-out><![CDATA[
COMMAND: GET /session/6e77a8c699da6c53a9289fc604b7742b/window - {}
RESULT: {}
COMMAND: POST /session/6e77a8c699da6c53a9289fc604b7742b/element - {"using":"xpath","value":"//span[contains(@id ,\"detailHeaderTitle-_actionsToolbar-overflowButton-img\")]"}
RESULT: {"using":"xpath","value":"//span[contains(@id ,\"detailHeaderTitle-_actionsToolbar-overflowButton-img\")]"}
COMMAND: POST /session/6e77a8c699da6c53a9289fc604b7742b/element/f.93F4A61C81F21A46154A7CFE6A8617A2.d.774EECBC97FF42D88EDFA596ABA78B89.e.12796/click - {}
RESULT: {}
COMMAND: GET /session/6e77a8c699da6c53a9289fc604b7742b/screenshot - {}
RESULT: {}
COMMAND: POST /session/6e77a8c699da6c53a9289fc604b7742b/element - {"using":"xpath","value":"//span[contains(@id ,\"actionsMenuButton-internalSplitBtn-arrowButton-img\")]"}
RESULT: {"using":"xpath","value":"//span[contains(@id ,\"actionsMenuButton-internalSplitBtn-arrowButton-img\")]"}
COMMAND: POST /session/6e77a8c699da6c53a9289fc604b7742b/element/f.93F4A61C81F21A46154A7CFE6A8617A2.d.774EECBC97FF42D88EDFA596ABA78B89.e.12799/click - {}
RESULT: {}
COMMAND: GET /session/6e77a8c699da6c53a9289fc604b7742b/screenshot - {}
RESULT: {}
COMMAND: POST /session/6e77a8c699da6c53a9289fc604b7742b/actions - {"actions":[{"id":"action105","type":"key","parameters":{},"actions":[{"type":"keyDown","value":"î€•"},{"type":"pause","duration":10},{"type":"keyUp","value":"î€•"}]}]}
RESULT: {"actions":[{"id":"action105","type":"key","parameters":{},"actions":[{"type":"keyDown","value":"î€•"},{"type":"pause","duration":10},{"type":"keyUp","value":"î€•"}]}]}
COMMAND: GET /session/6e77a8c699da6c53a9289fc604b7742b/screenshot - {}
RESULT: {}
COMMAND: POST /session/6e77a8c699da6c53a9289fc604b7742b/actions - {"actions":[{"id":"action106","type":"key","parameters":{},"actions":[{"type":"keyDown","value":"î€‡"},{"type":"pause","duration":10},{"type":"keyUp","value":"î€‡"}]}]}
RESULT: {"actions":[{"id":"action106","type":"key","parameters":{},"actions":[{"type":"keyDown","value":"î€‡"},{"type":"pause","duration":10},{"type":"keyUp","value":"î€‡"}]}]}
COMMAND: GET /session/6e77a8c699da6c53a9289fc604b7742b/screenshot - {}
RESULT: {}
COMMAND: POST /session/6e77a8c699da6c53a9289fc604b7742b/actions - {"actions":[{"id":"action107","type":"key","parameters":{},"actions":[{"type":"keyDown","value":"î€‡"},{"type":"pause","duration":10},{"type":"keyUp","value":"î€‡"}]}]}
RESULT: {"actions":[{"id":"action107","type":"key","parameters":{},"actions":[{"type":"keyDown","value":"î€‡"},{"type":"pause","duration":10},{"type":"keyUp","value":"î€‡"}]}]}
COMMAND: GET /session/6e77a8c699da6c53a9289fc604b7742b/screenshot - {}
RESULT: {}
COMMAND: POST /session/6e77a8c699da6c53a9289fc604b7742b/actions - {"actions":[{"id":"action108","type":"key","parameters":{},"actions":[{"type":"keyDown","value":"î€‡"},{"type":"pause","duration":10},{"type":"keyUp","value":"î€‡"}]}]}
RESULT: {"actions":[{"id":"action108","type":"key","parameters":{},"actions":[{"type":"keyDown","value":"î€‡"},{"type":"pause","duration":10},{"type":"keyUp","value":"î€‡"}]}]}
COMMAND: GET /session/6e77a8c699da6c53a9289fc604b7742b/screenshot - {}
RESULT: {}
COMMAND: POST /session/6e77a8c699da6c53a9289fc604b7742b/actions - {"actions":[{"id":"action109","type":"key","parameters":{},"actions":[{"type":"keyDown","value":"î€‡"},{"type":"pause","duration":10},{"type":"keyUp","value":"î€‡"}]}]}
RESULT: {"actions":[{"id":"action109","type":"key","parameters":{},"actions":[{"type":"keyDown","value":"î€‡"},{"type":"pause","duration":10},{"type":"keyUp","value":"î€‡"}]}]}
COMMAND: GET /session/6e77a8c699da6c53a9289fc604b7742b/screenshot - {}
RESULT: {}
COMMAND: GET /session/6e77a8c699da6c53a9289fc604b7742b/window/handles - {}
RESULT: {}
COMMAND: GET /session/6e77a8c699da6c53a9289fc604b7742b/window/handles - {}
RESULT: {}
COMMAND: POST /session/6e77a8c699da6c53a9289fc604b7742b/window - {"handle":"AA6A7C94D83E172562A7421400F2B89C"}
RESULT: {"handle":"AA6A7C94D83E172562A7421400F2B89C"}
COMMAND: GET /session/6e77a8c699da6c53a9289fc604b7742b/url - {}
RESULT: {}
COMMAND: GET /session/6e77a8c699da6c53a9289fc604b7742b/screenshot - {}
RESULT: {}
COMMAND: POST /session/6e77a8c699da6c53a9289fc604b7742b/element - {"using":"xpath","value":"//span[contains(text(), \"Header Billing Items\")]"}
RESULT: {"using":"xpath","value":"//span[contains(text(), \"Header Billing Items\")]"}
COMMAND: POST /session/6e77a8c699da6c53a9289fc604b7742b/element/f.AA6A7C94D83E172562A7421400F2B89C.d.AC4E639CFE6225634124D4D5A6504642.e.13023/click - {}
RESULT: {}
COMMAND: GET /session/6e77a8c699da6c53a9289fc604b7742b/screenshot - {}
RESULT: {}
COMMAND: POST /session/6e77a8c699da6c53a9289fc604b7742b/element - {"using":"xpath","value":"//span[contains(@id ,\"contractItemsSmartTable-header-inner\")]"}
RESULT: {"using":"xpath","value":"//span[contains(@id ,\"contractItemsSmartTable-header-inner\")]"}
COMMAND: GET /session/6e77a8c699da6c53a9289fc604b7742b/element/f.AA6A7C94D83E172562A7421400F2B89C.d.AC4E639CFE6225634124D4D5A6504642.e.13025/text - {}
RESULT: {}
COMMAND: POST /session/6e77a8c699da6c53a9289fc604b7742b/element - {"using":"xpath","value":"//span[@class=\"sapMObjStatusText\"][contains(text(), \"proposed\")]"}
RESULT: {"using":"xpath","value":"//span[@class=\"sapMObjStatusText\"][contains(text(), \"proposed\")]"}
COMMAND: GET /session/6e77a8c699da6c53a9289fc604b7742b/element/f.AA6A7C94D83E172562A7421400F2B89C.d.AC4E639CFE6225634124D4D5A6504642.e.13026/text - {}
RESULT: {}
COMMAND: DELETE /session/6e77a8c699da6c53a9289fc604b7742b/window - {}
RESULT: {}
COMMAND: POST /session/6e77a8c699da6c53a9289fc604b7742b/window - {"handle":"93F4A61C81F21A46154A7CFE6A8617A2"}
RESULT: {"handle":"93F4A61C81F21A46154A7CFE6A8617A2"}
COMMAND: GET /session/6e77a8c699da6c53a9289fc604b7742b/url - {}
RESULT: {}
COMMAND: GET /session/6e77a8c699da6c53a9289fc604b7742b/screenshot - {}
RESULT: {}
]]></system-out>
    </testcase>
    <testcase classname="chrome.136_0_7103_93.windows.Process_request_items_into_new_quotation_US120163" name="Should navigate back to the request and check the request and item statuses" time="41.181">
      <system-out><![CDATA[
COMMAND: POST /session/6e77a8c699da6c53a9289fc604b7742b/refresh - {}
RESULT: {}
COMMAND: GET /session/6e77a8c699da6c53a9289fc604b7742b/screenshot - {}
RESULT: {}
COMMAND: POST /session/6e77a8c699da6c53a9289fc604b7742b/execute/async - {"script":"<script> [189 bytes]","args":[]}
RESULT: {"script":"<script> [189 bytes]","args":[]}
COMMAND: POST /session/6e77a8c699da6c53a9289fc604b7742b/execute/async - {"script":"<script> [123 bytes]","args":[]}
RESULT: {"script":"<script> [123 bytes]","args":[]}
COMMAND: POST /session/6e77a8c699da6c53a9289fc604b7742b/timeouts - {"script":"<number>"}
RESULT: {"script":"<number>"}
COMMAND: GET /session/6e77a8c699da6c53a9289fc604b7742b/timeouts - {}
RESULT: {}
RESULT: undefined
COMMAND: POST /session/6e77a8c699da6c53a9289fc604b7742b/execute/async - {"script":"<script> [2676 bytes]","args":[]}
RESULT: {"script":"<script> [2676 bytes]","args":[]}
COMMAND: POST /session/6e77a8c699da6c53a9289fc604b7742b/execute/async - {"script":"<script> [2342 bytes]","args":[{"protocol":"http","hostname":"0.0.0.0","path":"/","capabilities":{"browserName":"chrome","goog:chromeOptions":{"binary":"C:\\Program Files\\Google\\Chrome\\Application\\chrome.exe","args":["--start-maximized"]}},"logLevel":"warn","connectionRetryTimeout":120000,"connectionRetryCount":3,"logLevels":{},"enableDirectConnect":true,"strictSSL":true,"_":"65 more keys: [\"cacheDir\",\"port\",\"requestedCapabilities\",\"automationProtocol\",\"baseUrl\",\"waitforInterval\",\"waitforTimeout\",\"onReload\",\"beforeCommand\",\"afterCommand\",\"rootDir\",\"specs\",\"suites\",\"exclude\",\"groupLogsByTestSpec\",\"excludeDriverLogs\",\"bail\",\"framework\",\"reporters\",\"services\",\"maxInstances\",\"maxInstancesPerCapability\",\"injectGlobals\",\"filesToWatch\",\"execArgv\",\"runnerEnv\",\"runner\",\"shard\",\"specFileRetries\",\"specFileRetriesDelay\",\"specFileRetriesDeferred\",\"reporterSyncInterval\",\"reporterSyncTimeout\",\"cucumberFeaturesWithLineNumbers\",\"autoCompileOpts\",\"mochaOpts\",\"jasmineOpts\",\"cucumberOpts\",\"onPrepare\",\"onWorkerStart\",\"onWorkerEnd\",\"before\",\"beforeSession\",\"beforeSuite\",\"beforeHook\",\"beforeTest\",\"afterTest\",\"afterHook\",\"afterSuite\",\"afterSession\",\"after\",\"onComplete\",\"beforeAssertion\",\"afterAssertion\",\"beforeFeature\",\"beforeScenario\",\"beforeStep\",\"afterStep\",\"afterScenario\",\"afterFeature\",\"_\",\"suite\",\"$0\",\"ignoredWorkerServices\",\"wdi5\"]"}]}
RESULT: {"script":"<script> [2342 bytes]","args":[{"protocol":"http","hostname":"0.0.0.0","path":"/","capabilities":{"browserName":"chrome","goog:chromeOptions":{"binary":"C:\\Program Files\\Google\\Chrome\\Application\\chrome.exe","args":["--start-maximized"]}},"logLevel":"warn","connectionRetryTimeout":120000,"connectionRetryCount":3,"logLevels":{},"enableDirectConnect":true,"strictSSL":true,"_":"65 more keys: [\"cacheDir\",\"port\",\"requestedCapabilities\",\"automationProtocol\",\"baseUrl\",\"waitforInterval\",\"waitforTimeout\",\"onReload\",\"beforeCommand\",\"afterCommand\",\"rootDir\",\"specs\",\"suites\",\"exclude\",\"groupLogsByTestSpec\",\"excludeDriverLogs\",\"bail\",\"framework\",\"reporters\",\"services\",\"maxInstances\",\"maxInstancesPerCapability\",\"injectGlobals\",\"filesToWatch\",\"execArgv\",\"runnerEnv\",\"runner\",\"shard\",\"specFileRetries\",\"specFileRetriesDelay\",\"specFileRetriesDeferred\",\"reporterSyncInterval\",\"reporterSyncTimeout\",\"cucumberFeaturesWithLineNumbers\",\"autoCompileOpts\",\"mochaOpts\",\"jasmineOpts\",\"cucumberOpts\",\"onPrepare\",\"onWorkerStart\",\"onWorkerEnd\",\"before\",\"beforeSession\",\"beforeSuite\",\"beforeHook\",\"beforeTest\",\"afterTest\",\"afterHook\",\"afterSuite\",\"afterSession\",\"after\",\"onComplete\",\"beforeAssertion\",\"afterAssertion\",\"beforeFeature\",\"beforeScenario\",\"beforeStep\",\"afterStep\",\"afterScenario\",\"afterFeature\",\"_\",\"suite\",\"$0\",\"ignoredWorkerServices\",\"wdi5\"]"}]}
COMMAND: POST /session/6e77a8c699da6c53a9289fc604b7742b/execute/async - {"script":"<script> [21126 bytes]","args":[35000]}
RESULT: {"script":"<script> [21126 bytes]","args":[35000]}
COMMAND: POST /session/6e77a8c699da6c53a9289fc604b7742b/execute/async - {"script":"<script> [1562 bytes]","args":[{"selector":{"controlType":"sap.m.Text","viewName":"etm.portal.ui.managerequests.view.Detail","bindingPath":{"path":"/SmartRequestItemsPlanningBoard(ITEM=10m,REQUEST='20223')","propertyPath":"STATUS_DESC"}},"wdio_ui5_key":"etmportal.ui.managerequests.view.Detailsap.m.Text{\"path\":\"/SmartRequestItemsPlanningBoard(ITEM=10m,REQUEST='20223')\",\"propertyPath\":\"STATUS_DESC\"}"}]}
RESULT: {"script":"<script> [1562 bytes]","args":[{"selector":{"controlType":"sap.m.Text","viewName":"etm.portal.ui.managerequests.view.Detail","bindingPath":{"path":"/SmartRequestItemsPlanningBoard(ITEM=10m,REQUEST='20223')","propertyPath":"STATUS_DESC"}},"wdio_ui5_key":"etmportal.ui.managerequests.view.Detailsap.m.Text{\"path\":\"/SmartRequestItemsPlanningBoard(ITEM=10m,REQUEST='20223')\",\"propertyPath\":\"STATUS_DESC\"}"}]}
RESULT: undefined
COMMAND: POST /session/6e77a8c699da6c53a9289fc604b7742b/execute/async - {"script":"<script> [6424 bytes]","args":[{"element-6066-11e4-a52e-4f735466cecf":"f.93F4A61C81F21A46154A7CFE6A8617A2.d.33DCBDF791EA4F26701FF95200706E5D.e.13232"},"getText",[]]}
RESULT: {"script":"<script> [6424 bytes]","args":[{"element-6066-11e4-a52e-4f735466cecf":"f.93F4A61C81F21A46154A7CFE6A8617A2.d.33DCBDF791EA4F26701FF95200706E5D.e.13232"},"getText",[]]}
COMMAND: POST /session/6e77a8c699da6c53a9289fc604b7742b/execute/async - {"script":"<script> [1562 bytes]","args":[{"selector":{"controlType":"sap.m.ObjectStatus","viewName":"etm.portal.ui.managerequests.view.Detail","bindingPath":{"path":"/RequestHeaders('20223')","propertyPath":"LINK_TO_STATUS/DESCRIPTION","modelName":"catalogModel"}},"wdio_ui5_key":"etmportal.ui.managerequests.view.Detailsap.m.ObjectStatus{\"path\":\"/RequestHeaders('20223')\",\"propertyPath\":\"LINK_TO_STATUS/DESCRIPTION\",\"modelName\":\"catalogModel\"}"}]}
RESULT: {"script":"<script> [1562 bytes]","args":[{"selector":{"controlType":"sap.m.ObjectStatus","viewName":"etm.portal.ui.managerequests.view.Detail","bindingPath":{"path":"/RequestHeaders('20223')","propertyPath":"LINK_TO_STATUS/DESCRIPTION","modelName":"catalogModel"}},"wdio_ui5_key":"etmportal.ui.managerequests.view.Detailsap.m.ObjectStatus{\"path\":\"/RequestHeaders('20223')\",\"propertyPath\":\"LINK_TO_STATUS/DESCRIPTION\",\"modelName\":\"catalogModel\"}"}]}
RESULT: undefined
COMMAND: POST /session/6e77a8c699da6c53a9289fc604b7742b/execute/async - {"script":"<script> [6424 bytes]","args":[{"element-6066-11e4-a52e-4f735466cecf":"f.93F4A61C81F21A46154A7CFE6A8617A2.d.33DCBDF791EA4F26701FF95200706E5D.e.13233"},"getText",[]]}
RESULT: {"script":"<script> [6424 bytes]","args":[{"element-6066-11e4-a52e-4f735466cecf":"f.93F4A61C81F21A46154A7CFE6A8617A2.d.33DCBDF791EA4F26701FF95200706E5D.e.13233"},"getText",[]]}
COMMAND: DELETE /session/6e77a8c699da6c53a9289fc604b7742b - {}
RESULT: {}
]]></system-out>
    </testcase>
  </testsuite>
</testsuites>