<?xml version="1.0" encoding="UTF-8"?>
<testsuites tests="3" failures="3" errors="3" skipped="0">
  <testsuite timestamp="2025-04-30T05:36:02" time="321.484" tests="3" failures="3" errors="3" skipped="0">
    <properties>
      <property name="specId" value="0" />
      <property name="suiteName" value="Webshop - Hyperlinks visible and working properly  US139085" />
      <property name="capabilities" value="chrome.135_0_7049_96.windows" />
      <property name="file" value="file:///D:/a/1/s/test/specs/R2C/webshop-hyperlinks-yard-site.spec.js" />
    </properties>
  </testsuite>
</testsuites>