<?xml version="1.0" encoding="UTF-8"?>
<testsuites tests="53" failures="6" errors="6" skipped="0">
  <testsuite timestamp="2025-05-22T17:24:33" time="274.528" tests="5" failures="0" errors="0" skipped="0">
    <properties>
      <property name="specId" value="0"/>
      <property name="suiteName" value="Tests for DXCW CAE environment, including specific login to the system US"/>
      <property name="capabilities" value="chrome.136_0_7103_93.windows"/>
      <property name="file" value="file:///D:/a/1/s/test/specs/BTS/dxcw-cae.spec.js"/>
    </properties>
    <testcase classname="chrome.136_0_7103_93.windows.Tests_for_DXCW_CAE_environment,_including_specific_login_to_the_system_US" name="Should login to the DXCW CAE env US156289" time="27.768">
      <system-out><![CDATA[
COMMAND: POST /session/ffd02ccbd2ef7f94e44a9324fe7b5a64/url - {"url":"https://qa-testing-00-live-dxcw-portal.cfapps.eu10-004.hana.ondemand.com/"}
RESULT: {"url":"https://qa-testing-00-live-dxcw-portal.cfapps.eu10-004.hana.ondemand.com/"}
COMMAND: GET /session/ffd02ccbd2ef7f94e44a9324fe7b5a64/screenshot - {}
RESULT: {}
COMMAND: POST /session/ffd02ccbd2ef7f94e44a9324fe7b5a64/element - {"using":"xpath","value":"//input[@id = \"j_username\"]"}
RESULT: {"using":"xpath","value":"//input[@id = \"j_username\"]"}
COMMAND: POST /session/ffd02ccbd2ef7f94e44a9324fe7b5a64/execute/sync - {"script":"<script> [8489 bytes]","args":[{"element-6066-11e4-a52e-4f735466cecf":"f.96D49A20C494BCF8563860382D93E39E.d.7AE977F9B0F227A2019D56F8CB5CDC55.e.38","ELEMENT":"f.96D49A20C494BCF8563860382D93E39E.d.7AE977F9B0F227A2019D56F8CB5CDC55.e.38"}]}
RESULT: {"script":"<script> [8489 bytes]","args":[{"element-6066-11e4-a52e-4f735466cecf":"f.96D49A20C494BCF8563860382D93E39E.d.7AE977F9B0F227A2019D56F8CB5CDC55.e.38","ELEMENT":"f.96D49A20C494BCF8563860382D93E39E.d.7AE977F9B0F227A2019D56F8CB5CDC55.e.38"}]}
COMMAND: POST /session/ffd02ccbd2ef7f94e44a9324fe7b5a64/element - {"using":"xpath","value":"//input[@id = \"j_username\"]"}
COMMAND: GET /session/ffd02ccbd2ef7f94e44a9324fe7b5a64/screenshot - {}
RESULT: {"using":"xpath","value":"//input[@id = \"j_username\"]"}
COMMAND: POST /session/ffd02ccbd2ef7f94e44a9324fe7b5a64/element/f.96D49A20C494BCF8563860382D93E39E.d.7AE977F9B0F227A2019D56F8CB5CDC55.e.38/clear - {}
RESULT: {}
RESULT: {}
COMMAND: POST /session/ffd02ccbd2ef7f94e44a9324fe7b5a64/element/f.96D49A20C494BCF8563860382D93E39E.d.7AE977F9B0F227A2019D56F8CB5CDC55.e.38/value - {"text":"test1etm@bearingpoint.com"}
COMMAND: GET /session/ffd02ccbd2ef7f94e44a9324fe7b5a64/screenshot - {}
RESULT: {"text":"test1etm@bearingpoint.com"}
COMMAND: POST /session/ffd02ccbd2ef7f94e44a9324fe7b5a64/element - {"using":"xpath","value":"//input[@id = \"j_password\"]"}
COMMAND: GET /session/ffd02ccbd2ef7f94e44a9324fe7b5a64/screenshot - {}
RESULT: {}
RESULT: {"using":"xpath","value":"//input[@id = \"j_password\"]"}
COMMAND: POST /session/ffd02ccbd2ef7f94e44a9324fe7b5a64/element/f.96D49A20C494BCF8563860382D93E39E.d.7AE977F9B0F227A2019D56F8CB5CDC55.e.40/clear - {}
RESULT: {}
RESULT: {}
COMMAND: POST /session/ffd02ccbd2ef7f94e44a9324fe7b5a64/element/f.96D49A20C494BCF8563860382D93E39E.d.7AE977F9B0F227A2019D56F8CB5CDC55.e.40/value - {"text":"ETM.next2024"}
COMMAND: GET /session/ffd02ccbd2ef7f94e44a9324fe7b5a64/screenshot - {}
RESULT: {"text":"ETM.next2024"}
COMMAND: GET /session/ffd02ccbd2ef7f94e44a9324fe7b5a64/screenshot - {}
RESULT: {}
RESULT: {}
COMMAND: POST /session/ffd02ccbd2ef7f94e44a9324fe7b5a64/element - {"using":"css selector","value":"button[type=\"submit\"]"}
RESULT: {"using":"css selector","value":"button[type=\"submit\"]"}
COMMAND: POST /session/ffd02ccbd2ef7f94e44a9324fe7b5a64/element/f.96D49A20C494BCF8563860382D93E39E.d.7AE977F9B0F227A2019D56F8CB5CDC55.e.61/click - {}
RESULT: {}
COMMAND: POST /session/ffd02ccbd2ef7f94e44a9324fe7b5a64/element - {"using":"xpath","value":"//a[contains(@aria-label,\"Migration Service\")]"}
COMMAND: GET /session/ffd02ccbd2ef7f94e44a9324fe7b5a64/screenshot - {}
RESULT: {"using":"xpath","value":"//a[contains(@aria-label,\"Migration Service\")]"}
COMMAND: POST /session/ffd02ccbd2ef7f94e44a9324fe7b5a64/execute/sync - {"script":"<script> [8489 bytes]","args":[{"element-6066-11e4-a52e-4f735466cecf":"f.96D49A20C494BCF8563860382D93E39E.d.ECA58C422DC7EB5145452E58BDC763C9.e.76","ELEMENT":"f.96D49A20C494BCF8563860382D93E39E.d.ECA58C422DC7EB5145452E58BDC763C9.e.76"}]}
RESULT: {}
RESULT: {"script":"<script> [8489 bytes]","args":[{"element-6066-11e4-a52e-4f735466cecf":"f.96D49A20C494BCF8563860382D93E39E.d.ECA58C422DC7EB5145452E58BDC763C9.e.76","ELEMENT":"f.96D49A20C494BCF8563860382D93E39E.d.ECA58C422DC7EB5145452E58BDC763C9.e.76"}]}
COMMAND: POST /session/ffd02ccbd2ef7f94e44a9324fe7b5a64/execute/sync - {"script":"<script> [8489 bytes]","args":[{"element-6066-11e4-a52e-4f735466cecf":"f.96D49A20C494BCF8563860382D93E39E.d.ECA58C422DC7EB5145452E58BDC763C9.e.76","ELEMENT":"f.96D49A20C494BCF8563860382D93E39E.d.ECA58C422DC7EB5145452E58BDC763C9.e.76"}]}
COMMAND: GET /session/ffd02ccbd2ef7f94e44a9324fe7b5a64/screenshot - {}
RESULT: {"script":"<script> [8489 bytes]","args":[{"element-6066-11e4-a52e-4f735466cecf":"f.96D49A20C494BCF8563860382D93E39E.d.ECA58C422DC7EB5145452E58BDC763C9.e.76","ELEMENT":"f.96D49A20C494BCF8563860382D93E39E.d.ECA58C422DC7EB5145452E58BDC763C9.e.76"}]}
COMMAND: POST /session/ffd02ccbd2ef7f94e44a9324fe7b5a64/window/fullscreen - {}
COMMAND: GET /session/ffd02ccbd2ef7f94e44a9324fe7b5a64/screenshot - {}
RESULT: {}
RESULT: {}
COMMAND: POST /session/ffd02ccbd2ef7f94e44a9324fe7b5a64/execute/async - {"script":"<script> [189 bytes]","args":[]}
RESULT: {}
RESULT: {"script":"<script> [189 bytes]","args":[]}
COMMAND: POST /session/ffd02ccbd2ef7f94e44a9324fe7b5a64/execute/async - {"script":"<script> [123 bytes]","args":[]}
RESULT: {"script":"<script> [123 bytes]","args":[]}
COMMAND: POST /session/ffd02ccbd2ef7f94e44a9324fe7b5a64/timeouts - {"script":"<number>"}
RESULT: {"script":"<number>"}
COMMAND: GET /session/ffd02ccbd2ef7f94e44a9324fe7b5a64/timeouts - {}
RESULT: {}
COMMAND: POST /session/ffd02ccbd2ef7f94e44a9324fe7b5a64/execute/async - {"script":"<script> [78 bytes]","args":[]}
RESULT: {"script":"<script> [78 bytes]","args":[]}
RESULT: undefined
COMMAND: POST /session/ffd02ccbd2ef7f94e44a9324fe7b5a64/execute/async - {"script":"<script> [2676 bytes]","args":[]}
RESULT: {"script":"<script> [2676 bytes]","args":[]}
COMMAND: POST /session/ffd02ccbd2ef7f94e44a9324fe7b5a64/execute/async - {"script":"<script> [2342 bytes]","args":[{"protocol":"http","hostname":"0.0.0.0","path":"/","capabilities":{"browserName":"chrome","goog:chromeOptions":{"binary":"C:\\Program Files\\Google\\Chrome\\Application\\chrome.exe","args":["--start-maximized"]}},"logLevel":"warn","connectionRetryTimeout":120000,"connectionRetryCount":3,"logLevels":{},"enableDirectConnect":true,"strictSSL":true,"_":"65 more keys: [\"cacheDir\",\"port\",\"requestedCapabilities\",\"automationProtocol\",\"baseUrl\",\"waitforInterval\",\"waitforTimeout\",\"onReload\",\"beforeCommand\",\"afterCommand\",\"rootDir\",\"specs\",\"suites\",\"exclude\",\"groupLogsByTestSpec\",\"excludeDriverLogs\",\"bail\",\"framework\",\"reporters\",\"services\",\"maxInstances\",\"maxInstancesPerCapability\",\"injectGlobals\",\"filesToWatch\",\"execArgv\",\"runnerEnv\",\"runner\",\"shard\",\"specFileRetries\",\"specFileRetriesDelay\",\"specFileRetriesDeferred\",\"reporterSyncInterval\",\"reporterSyncTimeout\",\"cucumberFeaturesWithLineNumbers\",\"autoCompileOpts\",\"mochaOpts\",\"jasmineOpts\",\"cucumberOpts\",\"onPrepare\",\"onWorkerStart\",\"onWorkerEnd\",\"before\",\"beforeSession\",\"beforeSuite\",\"beforeHook\",\"beforeTest\",\"afterTest\",\"afterHook\",\"afterSuite\",\"afterSession\",\"after\",\"onComplete\",\"beforeAssertion\",\"afterAssertion\",\"beforeFeature\",\"beforeScenario\",\"beforeStep\",\"afterStep\",\"afterScenario\",\"afterFeature\",\"_\",\"suite\",\"$0\",\"ignoredWorkerServices\",\"wdi5\"]"}]}
RESULT: {"script":"<script> [2342 bytes]","args":[{"protocol":"http","hostname":"0.0.0.0","path":"/","capabilities":{"browserName":"chrome","goog:chromeOptions":{"binary":"C:\\Program Files\\Google\\Chrome\\Application\\chrome.exe","args":["--start-maximized"]}},"logLevel":"warn","connectionRetryTimeout":120000,"connectionRetryCount":3,"logLevels":{},"enableDirectConnect":true,"strictSSL":true,"_":"65 more keys: [\"cacheDir\",\"port\",\"requestedCapabilities\",\"automationProtocol\",\"baseUrl\",\"waitforInterval\",\"waitforTimeout\",\"onReload\",\"beforeCommand\",\"afterCommand\",\"rootDir\",\"specs\",\"suites\",\"exclude\",\"groupLogsByTestSpec\",\"excludeDriverLogs\",\"bail\",\"framework\",\"reporters\",\"services\",\"maxInstances\",\"maxInstancesPerCapability\",\"injectGlobals\",\"filesToWatch\",\"execArgv\",\"runnerEnv\",\"runner\",\"shard\",\"specFileRetries\",\"specFileRetriesDelay\",\"specFileRetriesDeferred\",\"reporterSyncInterval\",\"reporterSyncTimeout\",\"cucumberFeaturesWithLineNumbers\",\"autoCompileOpts\",\"mochaOpts\",\"jasmineOpts\",\"cucumberOpts\",\"onPrepare\",\"onWorkerStart\",\"onWorkerEnd\",\"before\",\"beforeSession\",\"beforeSuite\",\"beforeHook\",\"beforeTest\",\"afterTest\",\"afterHook\",\"afterSuite\",\"afterSession\",\"after\",\"onComplete\",\"beforeAssertion\",\"afterAssertion\",\"beforeFeature\",\"beforeScenario\",\"beforeStep\",\"afterStep\",\"afterScenario\",\"afterFeature\",\"_\",\"suite\",\"$0\",\"ignoredWorkerServices\",\"wdi5\"]"}]}
COMMAND: POST /session/ffd02ccbd2ef7f94e44a9324fe7b5a64/execute/async - {"script":"<script> [21126 bytes]","args":[35000]}
RESULT: {"script":"<script> [21126 bytes]","args":[35000]}
]]></system-out>
    </testcase>
    <testcase classname="chrome.136_0_7103_93.windows.Tests_for_DXCW_CAE_environment,_including_specific_login_to_the_system_US" name="Should upload address file entry used for later tests as master data US156291" time="79.801">
      <system-out><![CDATA[
COMMAND: POST /session/ffd02ccbd2ef7f94e44a9324fe7b5a64/execute/async - {"script":"<script> [1562 bytes]","args":[{"selector":{"controlType":"sap.m.GenericTile","properties":{"header":"Migration Service"}},"wdio_ui5_key":"sapm.GenericTile{\"header\":\"Migration Service\"}"}]}
RESULT: {"script":"<script> [1562 bytes]","args":[{"selector":{"controlType":"sap.m.GenericTile","properties":{"header":"Migration Service"}},"wdio_ui5_key":"sapm.GenericTile{\"header\":\"Migration Service\"}"}]}
RESULT: undefined
COMMAND: POST /session/ffd02ccbd2ef7f94e44a9324fe7b5a64/element - {"using":"xpath","value":"//*[@id=\"__tile25\"]"}
RESULT: {"using":"xpath","value":"//*[@id=\"__tile25\"]"}
COMMAND: POST /session/ffd02ccbd2ef7f94e44a9324fe7b5a64/element/f.96D49A20C494BCF8563860382D93E39E.d.ECA58C422DC7EB5145452E58BDC763C9.e.120/click - {}
RESULT: {}
COMMAND: GET /session/ffd02ccbd2ef7f94e44a9324fe7b5a64/screenshot - {}
RESULT: {}
RESULT: undefined
RESULT: undefined
COMMAND: POST /session/ffd02ccbd2ef7f94e44a9324fe7b5a64/elements - {"using":"xpath","value":"//span[text()='Error']"}
RESULT: {"using":"xpath","value":"//span[text()='Error']"}
COMMAND: POST /session/ffd02ccbd2ef7f94e44a9324fe7b5a64/execute/async - {"script":"<script> [1562 bytes]","args":[{"selector":{"controlType":"sap.m.GenericTile","viewName":"bbs.dxcw.migration.view.Home","i18NText":{"propertyName":"header","key":"migrationService"}},"wdio_ui5_key":"bbsdxcw.migration.view.Homesap.m.GenericTile{\"propertyName\":\"header\",\"key\":\"migrationService\"}"}]}
RESULT: {"script":"<script> [1562 bytes]","args":[{"selector":{"controlType":"sap.m.GenericTile","viewName":"bbs.dxcw.migration.view.Home","i18NText":{"propertyName":"header","key":"migrationService"}},"wdio_ui5_key":"bbsdxcw.migration.view.Homesap.m.GenericTile{\"propertyName\":\"header\",\"key\":\"migrationService\"}"}]}
RESULT: undefined
COMMAND: POST /session/ffd02ccbd2ef7f94e44a9324fe7b5a64/element - {"using":"xpath","value":"//*[@id=\"__tile26\"]"}
RESULT: {"using":"xpath","value":"//*[@id=\"__tile26\"]"}
COMMAND: POST /session/ffd02ccbd2ef7f94e44a9324fe7b5a64/element/f.96D49A20C494BCF8563860382D93E39E.d.ECA58C422DC7EB5145452E58BDC763C9.e.124/click - {}
RESULT: {}
COMMAND: GET /session/ffd02ccbd2ef7f94e44a9324fe7b5a64/screenshot - {}
RESULT: {}
COMMAND: POST /session/ffd02ccbd2ef7f94e44a9324fe7b5a64/element - {"using":"xpath","value":"//bdi[contains(text(), \"Create new Draft\")]"}
RESULT: {"using":"xpath","value":"//bdi[contains(text(), \"Create new Draft\")]"}
COMMAND: POST /session/ffd02ccbd2ef7f94e44a9324fe7b5a64/elements - {"using":"xpath","value":"//bdi[contains(text(), \"Create new Draft\")]"}
RESULT: {"using":"xpath","value":"//bdi[contains(text(), \"Create new Draft\")]"}
COMMAND: POST /session/ffd02ccbd2ef7f94e44a9324fe7b5a64/execute/sync - {"script":"<script> [8489 bytes]","args":[{"element-6066-11e4-a52e-4f735466cecf":"f.96D49A20C494BCF8563860382D93E39E.d.ECA58C422DC7EB5145452E58BDC763C9.e.149","ELEMENT":"f.96D49A20C494BCF8563860382D93E39E.d.ECA58C422DC7EB5145452E58BDC763C9.e.149"}]}
RESULT: {"script":"<script> [8489 bytes]","args":[{"element-6066-11e4-a52e-4f735466cecf":"f.96D49A20C494BCF8563860382D93E39E.d.ECA58C422DC7EB5145452E58BDC763C9.e.149","ELEMENT":"f.96D49A20C494BCF8563860382D93E39E.d.ECA58C422DC7EB5145452E58BDC763C9.e.149"}]}
COMMAND: GET /session/ffd02ccbd2ef7f94e44a9324fe7b5a64/element/f.96D49A20C494BCF8563860382D93E39E.d.ECA58C422DC7EB5145452E58BDC763C9.e.149/enabled - {}
COMMAND: GET /session/ffd02ccbd2ef7f94e44a9324fe7b5a64/screenshot - {}
RESULT: {}
COMMAND: POST /session/ffd02ccbd2ef7f94e44a9324fe7b5a64/execute/sync - {"script":"<script> [8489 bytes]","args":[{"element-6066-11e4-a52e-4f735466cecf":"f.96D49A20C494BCF8563860382D93E39E.d.ECA58C422DC7EB5145452E58BDC763C9.e.149","ELEMENT":"f.96D49A20C494BCF8563860382D93E39E.d.ECA58C422DC7EB5145452E58BDC763C9.e.149"}]}
COMMAND: GET /session/ffd02ccbd2ef7f94e44a9324fe7b5a64/screenshot - {}
RESULT: {}
RESULT: {"script":"<script> [8489 bytes]","args":[{"element-6066-11e4-a52e-4f735466cecf":"f.96D49A20C494BCF8563860382D93E39E.d.ECA58C422DC7EB5145452E58BDC763C9.e.149","ELEMENT":"f.96D49A20C494BCF8563860382D93E39E.d.ECA58C422DC7EB5145452E58BDC763C9.e.149"}]}
COMMAND: POST /session/ffd02ccbd2ef7f94e44a9324fe7b5a64/execute/sync - {"script":"<script> [5351 bytes]","args":[{"element-6066-11e4-a52e-4f735466cecf":"f.96D49A20C494BCF8563860382D93E39E.d.ECA58C422DC7EB5145452E58BDC763C9.e.149","ELEMENT":"f.96D49A20C494BCF8563860382D93E39E.d.ECA58C422DC7EB5145452E58BDC763C9.e.149"}]}
COMMAND: GET /session/ffd02ccbd2ef7f94e44a9324fe7b5a64/screenshot - {}
RESULT: {}
RESULT: {"script":"<script> [5351 bytes]","args":[{"element-6066-11e4-a52e-4f735466cecf":"f.96D49A20C494BCF8563860382D93E39E.d.ECA58C422DC7EB5145452E58BDC763C9.e.149","ELEMENT":"f.96D49A20C494BCF8563860382D93E39E.d.ECA58C422DC7EB5145452E58BDC763C9.e.149"}]}
COMMAND: GET /session/ffd02ccbd2ef7f94e44a9324fe7b5a64/screenshot - {}
RESULT: {}
RESULT: {}
COMMAND: POST /session/ffd02ccbd2ef7f94e44a9324fe7b5a64/element - {"using":"xpath","value":"//bdi[contains(text(), \"Create new Draft\")]"}
RESULT: {"using":"xpath","value":"//bdi[contains(text(), \"Create new Draft\")]"}
COMMAND: POST /session/ffd02ccbd2ef7f94e44a9324fe7b5a64/element/f.96D49A20C494BCF8563860382D93E39E.d.ECA58C422DC7EB5145452E58BDC763C9.e.149/click - {}
RESULT: {}
COMMAND: GET /session/ffd02ccbd2ef7f94e44a9324fe7b5a64/screenshot - {}
RESULT: {}
COMMAND: POST /session/ffd02ccbd2ef7f94e44a9324fe7b5a64/element - {"using":"xpath","value":"//li[.//div[text()=\"Address\"]]"}
RESULT: {"using":"xpath","value":"//li[.//div[text()=\"Address\"]]"}
COMMAND: POST /session/ffd02ccbd2ef7f94e44a9324fe7b5a64/element/f.96D49A20C494BCF8563860382D93E39E.d.ECA58C422DC7EB5145452E58BDC763C9.e.295/click - {}
RESULT: {}
COMMAND: GET /session/ffd02ccbd2ef7f94e44a9324fe7b5a64/screenshot - {}
COMMAND: POST /session/ffd02ccbd2ef7f94e44a9324fe7b5a64/file - {"file":"[base64] 7080 bytes"}
RESULT: {}
RESULT: {"file":"[base64] 7080 bytes"}
COMMAND: POST /session/ffd02ccbd2ef7f94e44a9324fe7b5a64/element - {"using":"xpath","value":"//input[(@type=\"file\") and contains(@id,\"BOList-10-0-1-uploader-fu\")]"}
RESULT: {"using":"xpath","value":"//input[(@type=\"file\") and contains(@id,\"BOList-10-0-1-uploader-fu\")]"}
COMMAND: POST /session/ffd02ccbd2ef7f94e44a9324fe7b5a64/element/f.96D49A20C494BCF8563860382D93E39E.d.ECA58C422DC7EB5145452E58BDC763C9.e.297/clear - {}
RESULT: {}
COMMAND: POST /session/ffd02ccbd2ef7f94e44a9324fe7b5a64/element/f.96D49A20C494BCF8563860382D93E39E.d.ECA58C422DC7EB5145452E58BDC763C9.e.297/value - {"text":"C:\\Windows\\SystemTemp\\scoped_dir6640_954626871\\upload6640_798163810\\Address.xlsx"}
COMMAND: GET /session/ffd02ccbd2ef7f94e44a9324fe7b5a64/screenshot - {}
RESULT: {"text":"C:\\Windows\\SystemTemp\\scoped_dir6640_954626871\\upload6640_798163810\\Address.xlsx"}
COMMAND: GET /session/ffd02ccbd2ef7f94e44a9324fe7b5a64/screenshot - {}
RESULT: {}
RESULT: {}
COMMAND: POST /session/ffd02ccbd2ef7f94e44a9324fe7b5a64/element - {"using":"xpath","value":"//bdi[contains(text(), \"Match by name\")]"}
RESULT: {"using":"xpath","value":"//bdi[contains(text(), \"Match by name\")]"}
COMMAND: POST /session/ffd02ccbd2ef7f94e44a9324fe7b5a64/element/f.96D49A20C494BCF8563860382D93E39E.d.ECA58C422DC7EB5145452E58BDC763C9.e.312/click - {}
RESULT: {}
COMMAND: GET /session/ffd02ccbd2ef7f94e44a9324fe7b5a64/screenshot - {}
RESULT: {}
COMMAND: POST /session/ffd02ccbd2ef7f94e44a9324fe7b5a64/element - {"using":"xpath","value":"//bdi[text() = \"OK\"]"}
RESULT: {"using":"xpath","value":"//bdi[text() = \"OK\"]"}
COMMAND: POST /session/ffd02ccbd2ef7f94e44a9324fe7b5a64/element/f.96D49A20C494BCF8563860382D93E39E.d.ECA58C422DC7EB5145452E58BDC763C9.e.314/click - {}
RESULT: {}
COMMAND: GET /session/ffd02ccbd2ef7f94e44a9324fe7b5a64/screenshot - {}
RESULT: {}
COMMAND: POST /session/ffd02ccbd2ef7f94e44a9324fe7b5a64/element - {"using":"xpath","value":"//button[contains(@id,\"uploadBtn\")]"}
RESULT: {"using":"xpath","value":"//button[contains(@id,\"uploadBtn\")]"}
COMMAND: POST /session/ffd02ccbd2ef7f94e44a9324fe7b5a64/element/f.96D49A20C494BCF8563860382D93E39E.d.ECA58C422DC7EB5145452E58BDC763C9.e.292/click - {}
RESULT: {}
COMMAND: GET /session/ffd02ccbd2ef7f94e44a9324fe7b5a64/screenshot - {}
RESULT: {}
COMMAND: POST /session/ffd02ccbd2ef7f94e44a9324fe7b5a64/element - {"using":"xpath","value":"//button[.//bdi[contains(text(),\"Refresh Logs\")]]"}
RESULT: {"using":"xpath","value":"//button[.//bdi[contains(text(),\"Refresh Logs\")]]"}
COMMAND: POST /session/ffd02ccbd2ef7f94e44a9324fe7b5a64/element/f.96D49A20C494BCF8563860382D93E39E.d.ECA58C422DC7EB5145452E58BDC763C9.e.323/click - {}
RESULT: {}
COMMAND: GET /session/ffd02ccbd2ef7f94e44a9324fe7b5a64/screenshot - {}
RESULT: {}
COMMAND: POST /session/ffd02ccbd2ef7f94e44a9324fe7b5a64/element - {"using":"xpath","value":"//table[contains(@id,\"customHandoversTable-listUl\")]/tbody/tr[1]/td[4]/span"}
RESULT: {"using":"xpath","value":"//table[contains(@id,\"customHandoversTable-listUl\")]/tbody/tr[1]/td[4]/span"}
COMMAND: POST /session/ffd02ccbd2ef7f94e44a9324fe7b5a64/execute/sync - {"script":"<script> [56 bytes]","args":[{"element-6066-11e4-a52e-4f735466cecf":"f.96D49A20C494BCF8563860382D93E39E.d.ECA58C422DC7EB5145452E58BDC763C9.e.611","ELEMENT":"f.96D49A20C494BCF8563860382D93E39E.d.ECA58C422DC7EB5145452E58BDC763C9.e.611"}]}
RESULT: {"script":"<script> [56 bytes]","args":[{"element-6066-11e4-a52e-4f735466cecf":"f.96D49A20C494BCF8563860382D93E39E.d.ECA58C422DC7EB5145452E58BDC763C9.e.611","ELEMENT":"f.96D49A20C494BCF8563860382D93E39E.d.ECA58C422DC7EB5145452E58BDC763C9.e.611"}]}
COMMAND: POST /session/ffd02ccbd2ef7f94e44a9324fe7b5a64/element - {"using":"xpath","value":"//table[contains(@id,\"customHandoversTable-listUl\")]/tbody/tr[1]/td[7]/div/span[2]"}
COMMAND: GET /session/ffd02ccbd2ef7f94e44a9324fe7b5a64/screenshot - {}
RESULT: {"using":"xpath","value":"//table[contains(@id,\"customHandoversTable-listUl\")]/tbody/tr[1]/td[7]/div/span[2]"}
COMMAND: POST /session/ffd02ccbd2ef7f94e44a9324fe7b5a64/execute/sync - {"script":"<script> [56 bytes]","args":[{"element-6066-11e4-a52e-4f735466cecf":"f.96D49A20C494BCF8563860382D93E39E.d.ECA58C422DC7EB5145452E58BDC763C9.e.612","ELEMENT":"f.96D49A20C494BCF8563860382D93E39E.d.ECA58C422DC7EB5145452E58BDC763C9.e.612"}]}
RESULT: {}
RESULT: {"script":"<script> [56 bytes]","args":[{"element-6066-11e4-a52e-4f735466cecf":"f.96D49A20C494BCF8563860382D93E39E.d.ECA58C422DC7EB5145452E58BDC763C9.e.612","ELEMENT":"f.96D49A20C494BCF8563860382D93E39E.d.ECA58C422DC7EB5145452E58BDC763C9.e.612"}]}
COMMAND: POST /session/ffd02ccbd2ef7f94e44a9324fe7b5a64/element - {"using":"xpath","value":"//table[contains(@id,\"customHandoversTable-listUl\")]/tbody/tr[1]/td[8]/div/span[2]"}
COMMAND: GET /session/ffd02ccbd2ef7f94e44a9324fe7b5a64/screenshot - {}
RESULT: {"using":"xpath","value":"//table[contains(@id,\"customHandoversTable-listUl\")]/tbody/tr[1]/td[8]/div/span[2]"}
COMMAND: POST /session/ffd02ccbd2ef7f94e44a9324fe7b5a64/execute/sync - {"script":"<script> [56 bytes]","args":[{"element-6066-11e4-a52e-4f735466cecf":"f.96D49A20C494BCF8563860382D93E39E.d.ECA58C422DC7EB5145452E58BDC763C9.e.615","ELEMENT":"f.96D49A20C494BCF8563860382D93E39E.d.ECA58C422DC7EB5145452E58BDC763C9.e.615"}]}
RESULT: {}
RESULT: {"script":"<script> [56 bytes]","args":[{"element-6066-11e4-a52e-4f735466cecf":"f.96D49A20C494BCF8563860382D93E39E.d.ECA58C422DC7EB5145452E58BDC763C9.e.615","ELEMENT":"f.96D49A20C494BCF8563860382D93E39E.d.ECA58C422DC7EB5145452E58BDC763C9.e.615"}]}
COMMAND: GET /session/ffd02ccbd2ef7f94e44a9324fe7b5a64/screenshot - {}
RESULT: {}
COMMAND: POST /session/ffd02ccbd2ef7f94e44a9324fe7b5a64/execute/async - {"script":"<script> [1562 bytes]","args":[{"selector":{"controlType":"sap.ui.core.Icon","viewName":"bbs.dxcw.migration.view.migration.MigrationMaster","properties":{"src":{"regex":{"source":"notes"}}}},"wdio_ui5_key":"bbsdxcw.migration.view.migration.MigrationMastersap.ui.core.Icon{\"src\":{\"regex\":{\"source\":\"notes\"}}}"}]}
RESULT: {"script":"<script> [1562 bytes]","args":[{"selector":{"controlType":"sap.ui.core.Icon","viewName":"bbs.dxcw.migration.view.migration.MigrationMaster","properties":{"src":{"regex":{"source":"notes"}}}},"wdio_ui5_key":"bbsdxcw.migration.view.migration.MigrationMastersap.ui.core.Icon{\"src\":{\"regex\":{\"source\":\"notes\"}}}"}]}
RESULT: undefined
COMMAND: POST /session/ffd02ccbd2ef7f94e44a9324fe7b5a64/element - {"using":"xpath","value":"//*[@id=\"__filter0-icon\"]"}
RESULT: {"using":"xpath","value":"//*[@id=\"__filter0-icon\"]"}
COMMAND: POST /session/ffd02ccbd2ef7f94e44a9324fe7b5a64/element/f.96D49A20C494BCF8563860382D93E39E.d.ECA58C422DC7EB5145452E58BDC763C9.e.616/click - {}
RESULT: {}
COMMAND: GET /session/ffd02ccbd2ef7f94e44a9324fe7b5a64/screenshot - {}
RESULT: {}
]]></system-out>
    </testcase>
    <testcase classname="chrome.136_0_7103_93.windows.Tests_for_DXCW_CAE_environment,_including_specific_login_to_the_system_US" name="Should upload yard file entry used for later tests as master data US156291" time="48.954">
      <system-out><![CDATA[
COMMAND: POST /session/ffd02ccbd2ef7f94e44a9324fe7b5a64/element - {"using":"xpath","value":"//bdi[contains(text(), \"Create new Draft\")]"}
RESULT: {"using":"xpath","value":"//bdi[contains(text(), \"Create new Draft\")]"}
COMMAND: POST /session/ffd02ccbd2ef7f94e44a9324fe7b5a64/element/f.96D49A20C494BCF8563860382D93E39E.d.ECA58C422DC7EB5145452E58BDC763C9.e.620/click - {}
RESULT: {}
COMMAND: GET /session/ffd02ccbd2ef7f94e44a9324fe7b5a64/screenshot - {}
RESULT: {}
COMMAND: POST /session/ffd02ccbd2ef7f94e44a9324fe7b5a64/element - {"using":"xpath","value":"//li[.//div[text()=\"Yards\"]]"}
RESULT: {"using":"xpath","value":"//li[.//div[text()=\"Yards\"]]"}
COMMAND: POST /session/ffd02ccbd2ef7f94e44a9324fe7b5a64/element/f.96D49A20C494BCF8563860382D93E39E.d.ECA58C422DC7EB5145452E58BDC763C9.e.737/click - {}
RESULT: {}
COMMAND: GET /session/ffd02ccbd2ef7f94e44a9324fe7b5a64/screenshot - {}
COMMAND: POST /session/ffd02ccbd2ef7f94e44a9324fe7b5a64/file - {"file":"[base64] 6816 bytes"}
RESULT: {}
RESULT: {"file":"[base64] 6816 bytes"}
COMMAND: POST /session/ffd02ccbd2ef7f94e44a9324fe7b5a64/element - {"using":"xpath","value":"//input[(@type=\"file\") and contains(@id,\"BOList-15-0-1-uploader-fu\")]"}
RESULT: {"using":"xpath","value":"//input[(@type=\"file\") and contains(@id,\"BOList-15-0-1-uploader-fu\")]"}
COMMAND: POST /session/ffd02ccbd2ef7f94e44a9324fe7b5a64/element/f.96D49A20C494BCF8563860382D93E39E.d.ECA58C422DC7EB5145452E58BDC763C9.e.740/clear - {}
RESULT: {}
COMMAND: POST /session/ffd02ccbd2ef7f94e44a9324fe7b5a64/element/f.96D49A20C494BCF8563860382D93E39E.d.ECA58C422DC7EB5145452E58BDC763C9.e.740/value - {"text":"C:\\Windows\\SystemTemp\\scoped_dir6640_954626871\\upload6640_275935904\\Yards.xlsx"}
COMMAND: GET /session/ffd02ccbd2ef7f94e44a9324fe7b5a64/screenshot - {}
RESULT: {"text":"C:\\Windows\\SystemTemp\\scoped_dir6640_954626871\\upload6640_275935904\\Yards.xlsx"}
COMMAND: GET /session/ffd02ccbd2ef7f94e44a9324fe7b5a64/screenshot - {}
RESULT: {}
RESULT: {}
COMMAND: POST /session/ffd02ccbd2ef7f94e44a9324fe7b5a64/element - {"using":"xpath","value":"//bdi[contains(text(), \"Match by name\")]"}
RESULT: {"using":"xpath","value":"//bdi[contains(text(), \"Match by name\")]"}
COMMAND: POST /session/ffd02ccbd2ef7f94e44a9324fe7b5a64/element/f.96D49A20C494BCF8563860382D93E39E.d.ECA58C422DC7EB5145452E58BDC763C9.e.748/click - {}
RESULT: {}
COMMAND: GET /session/ffd02ccbd2ef7f94e44a9324fe7b5a64/screenshot - {}
RESULT: {}
COMMAND: POST /session/ffd02ccbd2ef7f94e44a9324fe7b5a64/element - {"using":"xpath","value":"//bdi[text() = \"OK\"]"}
RESULT: {"using":"xpath","value":"//bdi[text() = \"OK\"]"}
COMMAND: POST /session/ffd02ccbd2ef7f94e44a9324fe7b5a64/element/f.96D49A20C494BCF8563860382D93E39E.d.ECA58C422DC7EB5145452E58BDC763C9.e.750/click - {}
RESULT: {}
COMMAND: GET /session/ffd02ccbd2ef7f94e44a9324fe7b5a64/screenshot - {}
RESULT: {}
COMMAND: POST /session/ffd02ccbd2ef7f94e44a9324fe7b5a64/element - {"using":"xpath","value":"//button[contains(@id,\"uploadBtn\")]"}
RESULT: {"using":"xpath","value":"//button[contains(@id,\"uploadBtn\")]"}
COMMAND: POST /session/ffd02ccbd2ef7f94e44a9324fe7b5a64/element/f.96D49A20C494BCF8563860382D93E39E.d.ECA58C422DC7EB5145452E58BDC763C9.e.292/click - {}
RESULT: {}
COMMAND: GET /session/ffd02ccbd2ef7f94e44a9324fe7b5a64/screenshot - {}
RESULT: {}
COMMAND: POST /session/ffd02ccbd2ef7f94e44a9324fe7b5a64/element - {"using":"xpath","value":"//button[.//bdi[contains(text(),\"Refresh Logs\")]]"}
RESULT: {"using":"xpath","value":"//button[.//bdi[contains(text(),\"Refresh Logs\")]]"}
COMMAND: POST /session/ffd02ccbd2ef7f94e44a9324fe7b5a64/element/f.96D49A20C494BCF8563860382D93E39E.d.ECA58C422DC7EB5145452E58BDC763C9.e.756/click - {}
RESULT: {}
COMMAND: GET /session/ffd02ccbd2ef7f94e44a9324fe7b5a64/screenshot - {}
RESULT: {}
COMMAND: POST /session/ffd02ccbd2ef7f94e44a9324fe7b5a64/element - {"using":"xpath","value":"//table[contains(@id,\"customHandoversTable-listUl\")]/tbody/tr[1]/td[4]/span"}
RESULT: {"using":"xpath","value":"//table[contains(@id,\"customHandoversTable-listUl\")]/tbody/tr[1]/td[4]/span"}
COMMAND: POST /session/ffd02ccbd2ef7f94e44a9324fe7b5a64/execute/sync - {"script":"<script> [56 bytes]","args":[{"element-6066-11e4-a52e-4f735466cecf":"f.96D49A20C494BCF8563860382D93E39E.d.ECA58C422DC7EB5145452E58BDC763C9.e.1043","ELEMENT":"f.96D49A20C494BCF8563860382D93E39E.d.ECA58C422DC7EB5145452E58BDC763C9.e.1043"}]}
RESULT: {"script":"<script> [56 bytes]","args":[{"element-6066-11e4-a52e-4f735466cecf":"f.96D49A20C494BCF8563860382D93E39E.d.ECA58C422DC7EB5145452E58BDC763C9.e.1043","ELEMENT":"f.96D49A20C494BCF8563860382D93E39E.d.ECA58C422DC7EB5145452E58BDC763C9.e.1043"}]}
COMMAND: POST /session/ffd02ccbd2ef7f94e44a9324fe7b5a64/element - {"using":"xpath","value":"//table[contains(@id,\"customHandoversTable-listUl\")]/tbody/tr[1]/td[7]/div/span[2]"}
COMMAND: GET /session/ffd02ccbd2ef7f94e44a9324fe7b5a64/screenshot - {}
RESULT: {"using":"xpath","value":"//table[contains(@id,\"customHandoversTable-listUl\")]/tbody/tr[1]/td[7]/div/span[2]"}
COMMAND: POST /session/ffd02ccbd2ef7f94e44a9324fe7b5a64/execute/sync - {"script":"<script> [56 bytes]","args":[{"element-6066-11e4-a52e-4f735466cecf":"f.96D49A20C494BCF8563860382D93E39E.d.ECA58C422DC7EB5145452E58BDC763C9.e.1044","ELEMENT":"f.96D49A20C494BCF8563860382D93E39E.d.ECA58C422DC7EB5145452E58BDC763C9.e.1044"}]}
RESULT: {}
RESULT: {"script":"<script> [56 bytes]","args":[{"element-6066-11e4-a52e-4f735466cecf":"f.96D49A20C494BCF8563860382D93E39E.d.ECA58C422DC7EB5145452E58BDC763C9.e.1044","ELEMENT":"f.96D49A20C494BCF8563860382D93E39E.d.ECA58C422DC7EB5145452E58BDC763C9.e.1044"}]}
COMMAND: POST /session/ffd02ccbd2ef7f94e44a9324fe7b5a64/element - {"using":"xpath","value":"//table[contains(@id,\"customHandoversTable-listUl\")]/tbody/tr[1]/td[8]/div/span[2]"}
COMMAND: GET /session/ffd02ccbd2ef7f94e44a9324fe7b5a64/screenshot - {}
RESULT: {"using":"xpath","value":"//table[contains(@id,\"customHandoversTable-listUl\")]/tbody/tr[1]/td[8]/div/span[2]"}
COMMAND: POST /session/ffd02ccbd2ef7f94e44a9324fe7b5a64/execute/sync - {"script":"<script> [56 bytes]","args":[{"element-6066-11e4-a52e-4f735466cecf":"f.96D49A20C494BCF8563860382D93E39E.d.ECA58C422DC7EB5145452E58BDC763C9.e.1047","ELEMENT":"f.96D49A20C494BCF8563860382D93E39E.d.ECA58C422DC7EB5145452E58BDC763C9.e.1047"}]}
RESULT: {}
RESULT: {"script":"<script> [56 bytes]","args":[{"element-6066-11e4-a52e-4f735466cecf":"f.96D49A20C494BCF8563860382D93E39E.d.ECA58C422DC7EB5145452E58BDC763C9.e.1047","ELEMENT":"f.96D49A20C494BCF8563860382D93E39E.d.ECA58C422DC7EB5145452E58BDC763C9.e.1047"}]}
COMMAND: GET /session/ffd02ccbd2ef7f94e44a9324fe7b5a64/screenshot - {}
RESULT: {}
RESULT: undefined
COMMAND: POST /session/ffd02ccbd2ef7f94e44a9324fe7b5a64/element - {"using":"xpath","value":"//*[@id=\"__filter0-icon\"]"}
RESULT: {"using":"xpath","value":"//*[@id=\"__filter0-icon\"]"}
COMMAND: POST /session/ffd02ccbd2ef7f94e44a9324fe7b5a64/element/f.96D49A20C494BCF8563860382D93E39E.d.ECA58C422DC7EB5145452E58BDC763C9.e.616/click - {}
RESULT: {}
COMMAND: GET /session/ffd02ccbd2ef7f94e44a9324fe7b5a64/screenshot - {}
RESULT: {}
]]></system-out>
    </testcase>
    <testcase classname="chrome.136_0_7103_93.windows.Tests_for_DXCW_CAE_environment,_including_specific_login_to_the_system_US" name="Should upload compound partner files entry used for later tests as master data US156291" time="65.159">
      <system-out><![CDATA[
COMMAND: POST /session/ffd02ccbd2ef7f94e44a9324fe7b5a64/element - {"using":"xpath","value":"//bdi[contains(text(), \"Create new Draft\")]"}
RESULT: {"using":"xpath","value":"//bdi[contains(text(), \"Create new Draft\")]"}
COMMAND: POST /session/ffd02ccbd2ef7f94e44a9324fe7b5a64/element/f.96D49A20C494BCF8563860382D93E39E.d.ECA58C422DC7EB5145452E58BDC763C9.e.1051/click - {}
RESULT: {}
COMMAND: GET /session/ffd02ccbd2ef7f94e44a9324fe7b5a64/screenshot - {}
RESULT: {}
COMMAND: POST /session/ffd02ccbd2ef7f94e44a9324fe7b5a64/element - {"using":"xpath","value":"//li[.//div[text()=\"Partners\"]]"}
RESULT: {"using":"xpath","value":"//li[.//div[text()=\"Partners\"]]"}
COMMAND: POST /session/ffd02ccbd2ef7f94e44a9324fe7b5a64/element/f.96D49A20C494BCF8563860382D93E39E.d.ECA58C422DC7EB5145452E58BDC763C9.e.1071/click - {}
RESULT: {}
COMMAND: GET /session/ffd02ccbd2ef7f94e44a9324fe7b5a64/screenshot - {}
COMMAND: POST /session/ffd02ccbd2ef7f94e44a9324fe7b5a64/file - {"file":"[base64] 6752 bytes"}
RESULT: {}
RESULT: {"file":"[base64] 6752 bytes"}
COMMAND: POST /session/ffd02ccbd2ef7f94e44a9324fe7b5a64/element - {"using":"xpath","value":"//input[(@type=\"file\") and contains(@id,\"BOList-4-0-1-uploader-fu\")]"}
RESULT: {"using":"xpath","value":"//input[(@type=\"file\") and contains(@id,\"BOList-4-0-1-uploader-fu\")]"}
COMMAND: POST /session/ffd02ccbd2ef7f94e44a9324fe7b5a64/element/f.96D49A20C494BCF8563860382D93E39E.d.ECA58C422DC7EB5145452E58BDC763C9.e.1183/clear - {}
RESULT: {}
COMMAND: POST /session/ffd02ccbd2ef7f94e44a9324fe7b5a64/element/f.96D49A20C494BCF8563860382D93E39E.d.ECA58C422DC7EB5145452E58BDC763C9.e.1183/value - {"text":"C:\\Windows\\SystemTemp\\scoped_dir6640_954626871\\upload6640_1507683567\\Partners.xlsx"}
COMMAND: GET /session/ffd02ccbd2ef7f94e44a9324fe7b5a64/screenshot - {}
RESULT: {}
RESULT: {"text":"C:\\Windows\\SystemTemp\\scoped_dir6640_954626871\\upload6640_1507683567\\Partners.xlsx"}
COMMAND: GET /session/ffd02ccbd2ef7f94e44a9324fe7b5a64/screenshot - {}
RESULT: {}
COMMAND: POST /session/ffd02ccbd2ef7f94e44a9324fe7b5a64/element - {"using":"xpath","value":"//bdi[contains(text(), \"Match by name\")]"}
RESULT: {"using":"xpath","value":"//bdi[contains(text(), \"Match by name\")]"}
COMMAND: POST /session/ffd02ccbd2ef7f94e44a9324fe7b5a64/element/f.96D49A20C494BCF8563860382D93E39E.d.ECA58C422DC7EB5145452E58BDC763C9.e.1193/click - {}
RESULT: {}
COMMAND: GET /session/ffd02ccbd2ef7f94e44a9324fe7b5a64/screenshot - {}
RESULT: {}
COMMAND: POST /session/ffd02ccbd2ef7f94e44a9324fe7b5a64/element - {"using":"xpath","value":"//bdi[text() = \"OK\"]"}
RESULT: {"using":"xpath","value":"//bdi[text() = \"OK\"]"}
COMMAND: POST /session/ffd02ccbd2ef7f94e44a9324fe7b5a64/element/f.96D49A20C494BCF8563860382D93E39E.d.ECA58C422DC7EB5145452E58BDC763C9.e.1195/click - {}
RESULT: {}
COMMAND: GET /session/ffd02ccbd2ef7f94e44a9324fe7b5a64/screenshot - {}
RESULT: {}
COMMAND: POST /session/ffd02ccbd2ef7f94e44a9324fe7b5a64/file - {"file":"[base64] 6428 bytes"}
RESULT: {"file":"[base64] 6428 bytes"}
COMMAND: POST /session/ffd02ccbd2ef7f94e44a9324fe7b5a64/element - {"using":"xpath","value":"//input[(@type=\"file\") and contains(@id,\"BOList-4-1-1-uploader-fu\")]"}
RESULT: {"using":"xpath","value":"//input[(@type=\"file\") and contains(@id,\"BOList-4-1-1-uploader-fu\")]"}
COMMAND: POST /session/ffd02ccbd2ef7f94e44a9324fe7b5a64/element/f.96D49A20C494BCF8563860382D93E39E.d.ECA58C422DC7EB5145452E58BDC763C9.e.1197/clear - {}
RESULT: {}
COMMAND: POST /session/ffd02ccbd2ef7f94e44a9324fe7b5a64/element/f.96D49A20C494BCF8563860382D93E39E.d.ECA58C422DC7EB5145452E58BDC763C9.e.1197/value - {"text":"C:\\Windows\\SystemTemp\\scoped_dir6640_954626871\\upload6640_1512096501\\YardsPartners.xlsx"}
COMMAND: GET /session/ffd02ccbd2ef7f94e44a9324fe7b5a64/screenshot - {}
RESULT: {"text":"C:\\Windows\\SystemTemp\\scoped_dir6640_954626871\\upload6640_1512096501\\YardsPartners.xlsx"}
COMMAND: GET /session/ffd02ccbd2ef7f94e44a9324fe7b5a64/screenshot - {}
RESULT: {}
RESULT: {}
COMMAND: POST /session/ffd02ccbd2ef7f94e44a9324fe7b5a64/element - {"using":"xpath","value":"//bdi[contains(text(), \"Match by name\")]"}
RESULT: {"using":"xpath","value":"//bdi[contains(text(), \"Match by name\")]"}
COMMAND: POST /session/ffd02ccbd2ef7f94e44a9324fe7b5a64/element/f.96D49A20C494BCF8563860382D93E39E.d.ECA58C422DC7EB5145452E58BDC763C9.e.1205/click - {}
RESULT: {}
COMMAND: GET /session/ffd02ccbd2ef7f94e44a9324fe7b5a64/screenshot - {}
RESULT: {}
COMMAND: POST /session/ffd02ccbd2ef7f94e44a9324fe7b5a64/element - {"using":"xpath","value":"//bdi[text() = \"OK\"]"}
RESULT: {"using":"xpath","value":"//bdi[text() = \"OK\"]"}
COMMAND: POST /session/ffd02ccbd2ef7f94e44a9324fe7b5a64/element/f.96D49A20C494BCF8563860382D93E39E.d.ECA58C422DC7EB5145452E58BDC763C9.e.1206/click - {}
RESULT: {}
COMMAND: GET /session/ffd02ccbd2ef7f94e44a9324fe7b5a64/screenshot - {}
RESULT: {}
COMMAND: POST /session/ffd02ccbd2ef7f94e44a9324fe7b5a64/execute/async - {"script":"<script> [1562 bytes]","args":[{"selector":{"controlType":"sap.m.Switch","viewName":"bbs.dxcw.migration.view.migration.MigrationNewDraft","bindingPath":{"path":"","propertyPath":"/isComposition","modelName":"ContentModel"},"interaction":{"idSuffix":"textoff"}},"wdio_ui5_key":"bbsdxcw.migration.view.migration.MigrationNewDraftsap.m.Switch{\"path\":\"\",\"propertyPath\":\"/isComposition\",\"modelName\":\"ContentModel\"}"}]}
RESULT: {"script":"<script> [1562 bytes]","args":[{"selector":{"controlType":"sap.m.Switch","viewName":"bbs.dxcw.migration.view.migration.MigrationNewDraft","bindingPath":{"path":"","propertyPath":"/isComposition","modelName":"ContentModel"},"interaction":{"idSuffix":"textoff"}},"wdio_ui5_key":"bbsdxcw.migration.view.migration.MigrationNewDraftsap.m.Switch{\"path\":\"\",\"propertyPath\":\"/isComposition\",\"modelName\":\"ContentModel\"}"}]}
RESULT: undefined
COMMAND: POST /session/ffd02ccbd2ef7f94e44a9324fe7b5a64/element - {"using":"xpath","value":"//*[@id=\"__switch0\"]"}
RESULT: {"using":"xpath","value":"//*[@id=\"__switch0\"]"}
COMMAND: POST /session/ffd02ccbd2ef7f94e44a9324fe7b5a64/element/f.96D49A20C494BCF8563860382D93E39E.d.ECA58C422DC7EB5145452E58BDC763C9.e.284/click - {}
RESULT: {}
COMMAND: POST /session/ffd02ccbd2ef7f94e44a9324fe7b5a64/element - {"using":"xpath","value":"//button[contains(@id,\"uploadBtn\")]"}
COMMAND: GET /session/ffd02ccbd2ef7f94e44a9324fe7b5a64/screenshot - {}
RESULT: {"using":"xpath","value":"//button[contains(@id,\"uploadBtn\")]"}
COMMAND: POST /session/ffd02ccbd2ef7f94e44a9324fe7b5a64/element/f.96D49A20C494BCF8563860382D93E39E.d.ECA58C422DC7EB5145452E58BDC763C9.e.292/click - {}
RESULT: {}
RESULT: {}
COMMAND: GET /session/ffd02ccbd2ef7f94e44a9324fe7b5a64/screenshot - {}
RESULT: {}
COMMAND: POST /session/ffd02ccbd2ef7f94e44a9324fe7b5a64/element - {"using":"xpath","value":"//button[.//bdi[contains(text(),\"Refresh Logs\")]]"}
RESULT: {"using":"xpath","value":"//button[.//bdi[contains(text(),\"Refresh Logs\")]]"}
COMMAND: POST /session/ffd02ccbd2ef7f94e44a9324fe7b5a64/element/f.96D49A20C494BCF8563860382D93E39E.d.ECA58C422DC7EB5145452E58BDC763C9.e.1218/click - {}
RESULT: {}
COMMAND: GET /session/ffd02ccbd2ef7f94e44a9324fe7b5a64/screenshot - {}
RESULT: {}
COMMAND: POST /session/ffd02ccbd2ef7f94e44a9324fe7b5a64/element - {"using":"xpath","value":"//table[contains(@id,\"customHandoversTable-listUl\")]/tbody/tr[1]/td[4]/span"}
RESULT: {"using":"xpath","value":"//table[contains(@id,\"customHandoversTable-listUl\")]/tbody/tr[1]/td[4]/span"}
COMMAND: POST /session/ffd02ccbd2ef7f94e44a9324fe7b5a64/execute/sync - {"script":"<script> [56 bytes]","args":[{"element-6066-11e4-a52e-4f735466cecf":"f.96D49A20C494BCF8563860382D93E39E.d.ECA58C422DC7EB5145452E58BDC763C9.e.1510","ELEMENT":"f.96D49A20C494BCF8563860382D93E39E.d.ECA58C422DC7EB5145452E58BDC763C9.e.1510"}]}
RESULT: {"script":"<script> [56 bytes]","args":[{"element-6066-11e4-a52e-4f735466cecf":"f.96D49A20C494BCF8563860382D93E39E.d.ECA58C422DC7EB5145452E58BDC763C9.e.1510","ELEMENT":"f.96D49A20C494BCF8563860382D93E39E.d.ECA58C422DC7EB5145452E58BDC763C9.e.1510"}]}
COMMAND: POST /session/ffd02ccbd2ef7f94e44a9324fe7b5a64/element - {"using":"xpath","value":"//table[contains(@id,\"customHandoversTable-listUl\")]/tbody/tr[1]/td[7]/div/span[2]"}
COMMAND: GET /session/ffd02ccbd2ef7f94e44a9324fe7b5a64/screenshot - {}
RESULT: {"using":"xpath","value":"//table[contains(@id,\"customHandoversTable-listUl\")]/tbody/tr[1]/td[7]/div/span[2]"}
COMMAND: POST /session/ffd02ccbd2ef7f94e44a9324fe7b5a64/execute/sync - {"script":"<script> [56 bytes]","args":[{"element-6066-11e4-a52e-4f735466cecf":"f.96D49A20C494BCF8563860382D93E39E.d.ECA58C422DC7EB5145452E58BDC763C9.e.1511","ELEMENT":"f.96D49A20C494BCF8563860382D93E39E.d.ECA58C422DC7EB5145452E58BDC763C9.e.1511"}]}
RESULT: {}
RESULT: {"script":"<script> [56 bytes]","args":[{"element-6066-11e4-a52e-4f735466cecf":"f.96D49A20C494BCF8563860382D93E39E.d.ECA58C422DC7EB5145452E58BDC763C9.e.1511","ELEMENT":"f.96D49A20C494BCF8563860382D93E39E.d.ECA58C422DC7EB5145452E58BDC763C9.e.1511"}]}
COMMAND: POST /session/ffd02ccbd2ef7f94e44a9324fe7b5a64/element - {"using":"xpath","value":"//table[contains(@id,\"customHandoversTable-listUl\")]/tbody/tr[1]/td[8]/div/span[2]"}
COMMAND: GET /session/ffd02ccbd2ef7f94e44a9324fe7b5a64/screenshot - {}
RESULT: {"using":"xpath","value":"//table[contains(@id,\"customHandoversTable-listUl\")]/tbody/tr[1]/td[8]/div/span[2]"}
COMMAND: POST /session/ffd02ccbd2ef7f94e44a9324fe7b5a64/execute/sync - {"script":"<script> [56 bytes]","args":[{"element-6066-11e4-a52e-4f735466cecf":"f.96D49A20C494BCF8563860382D93E39E.d.ECA58C422DC7EB5145452E58BDC763C9.e.1514","ELEMENT":"f.96D49A20C494BCF8563860382D93E39E.d.ECA58C422DC7EB5145452E58BDC763C9.e.1514"}]}
RESULT: {}
RESULT: {"script":"<script> [56 bytes]","args":[{"element-6066-11e4-a52e-4f735466cecf":"f.96D49A20C494BCF8563860382D93E39E.d.ECA58C422DC7EB5145452E58BDC763C9.e.1514","ELEMENT":"f.96D49A20C494BCF8563860382D93E39E.d.ECA58C422DC7EB5145452E58BDC763C9.e.1514"}]}
COMMAND: GET /session/ffd02ccbd2ef7f94e44a9324fe7b5a64/screenshot - {}
RESULT: {}
RESULT: undefined
COMMAND: POST /session/ffd02ccbd2ef7f94e44a9324fe7b5a64/element - {"using":"xpath","value":"//*[@id=\"__filter0-icon\"]"}
RESULT: {"using":"xpath","value":"//*[@id=\"__filter0-icon\"]"}
COMMAND: POST /session/ffd02ccbd2ef7f94e44a9324fe7b5a64/element/f.96D49A20C494BCF8563860382D93E39E.d.ECA58C422DC7EB5145452E58BDC763C9.e.616/click - {}
RESULT: {}
COMMAND: GET /session/ffd02ccbd2ef7f94e44a9324fe7b5a64/screenshot - {}
RESULT: {}
]]></system-out>
    </testcase>
    <testcase classname="chrome.136_0_7103_93.windows.Tests_for_DXCW_CAE_environment,_including_specific_login_to_the_system_US" name="Should upload site file entry used for later tests as master data US156291" time="52.368">
      <system-out><![CDATA[
COMMAND: POST /session/ffd02ccbd2ef7f94e44a9324fe7b5a64/element - {"using":"xpath","value":"//bdi[contains(text(), \"Create new Draft\")]"}
RESULT: {"using":"xpath","value":"//bdi[contains(text(), \"Create new Draft\")]"}
COMMAND: POST /session/ffd02ccbd2ef7f94e44a9324fe7b5a64/element/f.96D49A20C494BCF8563860382D93E39E.d.ECA58C422DC7EB5145452E58BDC763C9.e.1518/click - {}
RESULT: {}
COMMAND: GET /session/ffd02ccbd2ef7f94e44a9324fe7b5a64/screenshot - {}
RESULT: {}
COMMAND: POST /session/ffd02ccbd2ef7f94e44a9324fe7b5a64/element - {"using":"xpath","value":"//li[.//div[text()=\"Sites\"]]"}
RESULT: {"using":"xpath","value":"//li[.//div[text()=\"Sites\"]]"}
COMMAND: POST /session/ffd02ccbd2ef7f94e44a9324fe7b5a64/element/f.96D49A20C494BCF8563860382D93E39E.d.ECA58C422DC7EB5145452E58BDC763C9.e.1076/click - {}
RESULT: {}
COMMAND: GET /session/ffd02ccbd2ef7f94e44a9324fe7b5a64/screenshot - {}
COMMAND: POST /session/ffd02ccbd2ef7f94e44a9324fe7b5a64/file - {"file":"[base64] 6440 bytes"}
RESULT: {}
RESULT: {"file":"[base64] 6440 bytes"}
COMMAND: POST /session/ffd02ccbd2ef7f94e44a9324fe7b5a64/element - {"using":"xpath","value":"//input[(@type=\"file\") and contains(@id,\"BOList-9-0-1-uploader-fu\")]"}
RESULT: {"using":"xpath","value":"//input[(@type=\"file\") and contains(@id,\"BOList-9-0-1-uploader-fu\")]"}
COMMAND: POST /session/ffd02ccbd2ef7f94e44a9324fe7b5a64/element/f.96D49A20C494BCF8563860382D93E39E.d.ECA58C422DC7EB5145452E58BDC763C9.e.1635/clear - {}
RESULT: {}
COMMAND: POST /session/ffd02ccbd2ef7f94e44a9324fe7b5a64/element/f.96D49A20C494BCF8563860382D93E39E.d.ECA58C422DC7EB5145452E58BDC763C9.e.1635/value - {"text":"C:\\Windows\\SystemTemp\\scoped_dir6640_954626871\\upload6640_1688344054\\Sites.xlsx"}
COMMAND: GET /session/ffd02ccbd2ef7f94e44a9324fe7b5a64/screenshot - {}
RESULT: {"text":"C:\\Windows\\SystemTemp\\scoped_dir6640_954626871\\upload6640_1688344054\\Sites.xlsx"}
COMMAND: GET /session/ffd02ccbd2ef7f94e44a9324fe7b5a64/screenshot - {}
RESULT: {}
RESULT: {}
COMMAND: POST /session/ffd02ccbd2ef7f94e44a9324fe7b5a64/element - {"using":"xpath","value":"//bdi[contains(text(), \"Match by name\")]"}
RESULT: {"using":"xpath","value":"//bdi[contains(text(), \"Match by name\")]"}
COMMAND: POST /session/ffd02ccbd2ef7f94e44a9324fe7b5a64/element/f.96D49A20C494BCF8563860382D93E39E.d.ECA58C422DC7EB5145452E58BDC763C9.e.1643/click - {}
RESULT: {}
COMMAND: GET /session/ffd02ccbd2ef7f94e44a9324fe7b5a64/screenshot - {}
RESULT: {}
COMMAND: POST /session/ffd02ccbd2ef7f94e44a9324fe7b5a64/element - {"using":"xpath","value":"//bdi[text() = \"OK\"]"}
RESULT: {"using":"xpath","value":"//bdi[text() = \"OK\"]"}
COMMAND: POST /session/ffd02ccbd2ef7f94e44a9324fe7b5a64/element/f.96D49A20C494BCF8563860382D93E39E.d.ECA58C422DC7EB5145452E58BDC763C9.e.1646/click - {}
RESULT: {}
COMMAND: GET /session/ffd02ccbd2ef7f94e44a9324fe7b5a64/screenshot - {}
RESULT: {}
COMMAND: POST /session/ffd02ccbd2ef7f94e44a9324fe7b5a64/element - {"using":"xpath","value":"//button[contains(@id,\"uploadBtn\")]"}
RESULT: {"using":"xpath","value":"//button[contains(@id,\"uploadBtn\")]"}
COMMAND: POST /session/ffd02ccbd2ef7f94e44a9324fe7b5a64/element/f.96D49A20C494BCF8563860382D93E39E.d.ECA58C422DC7EB5145452E58BDC763C9.e.292/click - {}
RESULT: {}
COMMAND: GET /session/ffd02ccbd2ef7f94e44a9324fe7b5a64/screenshot - {}
RESULT: {}
COMMAND: POST /session/ffd02ccbd2ef7f94e44a9324fe7b5a64/element - {"using":"xpath","value":"//button[.//bdi[contains(text(),\"Refresh Logs\")]]"}
RESULT: {"using":"xpath","value":"//button[.//bdi[contains(text(),\"Refresh Logs\")]]"}
COMMAND: POST /session/ffd02ccbd2ef7f94e44a9324fe7b5a64/element/f.96D49A20C494BCF8563860382D93E39E.d.ECA58C422DC7EB5145452E58BDC763C9.e.1652/click - {}
RESULT: {}
COMMAND: GET /session/ffd02ccbd2ef7f94e44a9324fe7b5a64/screenshot - {}
RESULT: {}
COMMAND: POST /session/ffd02ccbd2ef7f94e44a9324fe7b5a64/element - {"using":"xpath","value":"//table[contains(@id,\"customHandoversTable-listUl\")]/tbody/tr[1]/td[4]/span"}
RESULT: {"using":"xpath","value":"//table[contains(@id,\"customHandoversTable-listUl\")]/tbody/tr[1]/td[4]/span"}
COMMAND: POST /session/ffd02ccbd2ef7f94e44a9324fe7b5a64/execute/sync - {"script":"<script> [56 bytes]","args":[{"element-6066-11e4-a52e-4f735466cecf":"f.96D49A20C494BCF8563860382D93E39E.d.ECA58C422DC7EB5145452E58BDC763C9.e.1943","ELEMENT":"f.96D49A20C494BCF8563860382D93E39E.d.ECA58C422DC7EB5145452E58BDC763C9.e.1943"}]}
RESULT: {"script":"<script> [56 bytes]","args":[{"element-6066-11e4-a52e-4f735466cecf":"f.96D49A20C494BCF8563860382D93E39E.d.ECA58C422DC7EB5145452E58BDC763C9.e.1943","ELEMENT":"f.96D49A20C494BCF8563860382D93E39E.d.ECA58C422DC7EB5145452E58BDC763C9.e.1943"}]}
COMMAND: POST /session/ffd02ccbd2ef7f94e44a9324fe7b5a64/element - {"using":"xpath","value":"//table[contains(@id,\"customHandoversTable-listUl\")]/tbody/tr[1]/td[7]/div/span[2]"}
COMMAND: GET /session/ffd02ccbd2ef7f94e44a9324fe7b5a64/screenshot - {}
RESULT: {"using":"xpath","value":"//table[contains(@id,\"customHandoversTable-listUl\")]/tbody/tr[1]/td[7]/div/span[2]"}
COMMAND: POST /session/ffd02ccbd2ef7f94e44a9324fe7b5a64/execute/sync - {"script":"<script> [56 bytes]","args":[{"element-6066-11e4-a52e-4f735466cecf":"f.96D49A20C494BCF8563860382D93E39E.d.ECA58C422DC7EB5145452E58BDC763C9.e.1944","ELEMENT":"f.96D49A20C494BCF8563860382D93E39E.d.ECA58C422DC7EB5145452E58BDC763C9.e.1944"}]}
RESULT: {}
RESULT: {"script":"<script> [56 bytes]","args":[{"element-6066-11e4-a52e-4f735466cecf":"f.96D49A20C494BCF8563860382D93E39E.d.ECA58C422DC7EB5145452E58BDC763C9.e.1944","ELEMENT":"f.96D49A20C494BCF8563860382D93E39E.d.ECA58C422DC7EB5145452E58BDC763C9.e.1944"}]}
COMMAND: POST /session/ffd02ccbd2ef7f94e44a9324fe7b5a64/element - {"using":"xpath","value":"//table[contains(@id,\"customHandoversTable-listUl\")]/tbody/tr[1]/td[8]/div/span[2]"}
COMMAND: GET /session/ffd02ccbd2ef7f94e44a9324fe7b5a64/screenshot - {}
RESULT: {"using":"xpath","value":"//table[contains(@id,\"customHandoversTable-listUl\")]/tbody/tr[1]/td[8]/div/span[2]"}
COMMAND: POST /session/ffd02ccbd2ef7f94e44a9324fe7b5a64/execute/sync - {"script":"<script> [56 bytes]","args":[{"element-6066-11e4-a52e-4f735466cecf":"f.96D49A20C494BCF8563860382D93E39E.d.ECA58C422DC7EB5145452E58BDC763C9.e.1947","ELEMENT":"f.96D49A20C494BCF8563860382D93E39E.d.ECA58C422DC7EB5145452E58BDC763C9.e.1947"}]}
RESULT: {}
RESULT: {"script":"<script> [56 bytes]","args":[{"element-6066-11e4-a52e-4f735466cecf":"f.96D49A20C494BCF8563860382D93E39E.d.ECA58C422DC7EB5145452E58BDC763C9.e.1947","ELEMENT":"f.96D49A20C494BCF8563860382D93E39E.d.ECA58C422DC7EB5145452E58BDC763C9.e.1947"}]}
COMMAND: GET /session/ffd02ccbd2ef7f94e44a9324fe7b5a64/screenshot - {}
RESULT: {}
RESULT: undefined
COMMAND: POST /session/ffd02ccbd2ef7f94e44a9324fe7b5a64/element - {"using":"xpath","value":"//*[@id=\"__filter0-icon\"]"}
RESULT: {"using":"xpath","value":"//*[@id=\"__filter0-icon\"]"}
COMMAND: POST /session/ffd02ccbd2ef7f94e44a9324fe7b5a64/element/f.96D49A20C494BCF8563860382D93E39E.d.ECA58C422DC7EB5145452E58BDC763C9.e.616/click - {}
RESULT: {}
COMMAND: GET /session/ffd02ccbd2ef7f94e44a9324fe7b5a64/screenshot - {}
RESULT: {}
COMMAND: POST /session/ffd02ccbd2ef7f94e44a9324fe7b5a64/element - {"using":"css selector","value":"#shell-header-logo"}
RESULT: {"using":"css selector","value":"#shell-header-logo"}
COMMAND: POST /session/ffd02ccbd2ef7f94e44a9324fe7b5a64/element/f.96D49A20C494BCF8563860382D93E39E.d.ECA58C422DC7EB5145452E58BDC763C9.e.122/click - {}
RESULT: {}
COMMAND: GET /session/ffd02ccbd2ef7f94e44a9324fe7b5a64/screenshot - {}
RESULT: {}
COMMAND: POST /session/ffd02ccbd2ef7f94e44a9324fe7b5a64/element - {"using":"css selector","value":"#j_username"}
COMMAND: POST /session/ffd02ccbd2ef7f94e44a9324fe7b5a64/url - {"url":"https://qa-testing-00-live-etm-ui.cfapps.eu10-004.hana.ondemand.com/"}
RESULT: {"using":"css selector","value":"#j_username"}
COMMAND: POST /session/ffd02ccbd2ef7f94e44a9324fe7b5a64/element - {"using":"css selector","value":"#j_username"}
RESULT: {"url":"https://qa-testing-00-live-etm-ui.cfapps.eu10-004.hana.ondemand.com/"}
RESULT: undefined
COMMAND: GET /session/ffd02ccbd2ef7f94e44a9324fe7b5a64/screenshot - {}
RESULT: {"using":"css selector","value":"#j_username"}
COMMAND: POST /session/ffd02ccbd2ef7f94e44a9324fe7b5a64/element - {"using":"css selector","value":"#shell-header-logo"}
RESULT: {}
RESULT: {"using":"css selector","value":"#shell-header-logo"}
COMMAND: POST /session/ffd02ccbd2ef7f94e44a9324fe7b5a64/execute/sync - {"script":"<script> [8489 bytes]","args":[{"element-6066-11e4-a52e-4f735466cecf":"f.96D49A20C494BCF8563860382D93E39E.d.AC38418F18CB7EFBCC8DA10B9A3BE1B2.e.1959","ELEMENT":"f.96D49A20C494BCF8563860382D93E39E.d.AC38418F18CB7EFBCC8DA10B9A3BE1B2.e.1959"}]}
RESULT: {"script":"<script> [8489 bytes]","args":[{"element-6066-11e4-a52e-4f735466cecf":"f.96D49A20C494BCF8563860382D93E39E.d.AC38418F18CB7EFBCC8DA10B9A3BE1B2.e.1959","ELEMENT":"f.96D49A20C494BCF8563860382D93E39E.d.AC38418F18CB7EFBCC8DA10B9A3BE1B2.e.1959"}]}
COMMAND: POST /session/ffd02ccbd2ef7f94e44a9324fe7b5a64/element - {"using":"css selector","value":"#shell-header-logo"}
COMMAND: GET /session/ffd02ccbd2ef7f94e44a9324fe7b5a64/screenshot - {}
RESULT: {"using":"css selector","value":"#shell-header-logo"}
COMMAND: POST /session/ffd02ccbd2ef7f94e44a9324fe7b5a64/execute/sync - {"script":"<script> [8489 bytes]","args":[{"element-6066-11e4-a52e-4f735466cecf":"f.96D49A20C494BCF8563860382D93E39E.d.AC38418F18CB7EFBCC8DA10B9A3BE1B2.e.1959","ELEMENT":"f.96D49A20C494BCF8563860382D93E39E.d.AC38418F18CB7EFBCC8DA10B9A3BE1B2.e.1959"}]}
RESULT: {}
RESULT: {"script":"<script> [8489 bytes]","args":[{"element-6066-11e4-a52e-4f735466cecf":"f.96D49A20C494BCF8563860382D93E39E.d.AC38418F18CB7EFBCC8DA10B9A3BE1B2.e.1959","ELEMENT":"f.96D49A20C494BCF8563860382D93E39E.d.AC38418F18CB7EFBCC8DA10B9A3BE1B2.e.1959"}]}
COMMAND: POST /session/ffd02ccbd2ef7f94e44a9324fe7b5a64/execute/sync - {"script":"<script> [5351 bytes]","args":[{"element-6066-11e4-a52e-4f735466cecf":"f.96D49A20C494BCF8563860382D93E39E.d.AC38418F18CB7EFBCC8DA10B9A3BE1B2.e.1959","ELEMENT":"f.96D49A20C494BCF8563860382D93E39E.d.AC38418F18CB7EFBCC8DA10B9A3BE1B2.e.1959"}]}
COMMAND: GET /session/ffd02ccbd2ef7f94e44a9324fe7b5a64/screenshot - {}
RESULT: {"script":"<script> [5351 bytes]","args":[{"element-6066-11e4-a52e-4f735466cecf":"f.96D49A20C494BCF8563860382D93E39E.d.AC38418F18CB7EFBCC8DA10B9A3BE1B2.e.1959","ELEMENT":"f.96D49A20C494BCF8563860382D93E39E.d.AC38418F18CB7EFBCC8DA10B9A3BE1B2.e.1959"}]}
COMMAND: POST /session/ffd02ccbd2ef7f94e44a9324fe7b5a64/element - {"using":"css selector","value":"#shell-header-logo"}
COMMAND: GET /session/ffd02ccbd2ef7f94e44a9324fe7b5a64/screenshot - {}
RESULT: {}
RESULT: {"using":"css selector","value":"#shell-header-logo"}
COMMAND: POST /session/ffd02ccbd2ef7f94e44a9324fe7b5a64/element/f.96D49A20C494BCF8563860382D93E39E.d.AC38418F18CB7EFBCC8DA10B9A3BE1B2.e.1959/click - {}
RESULT: {}
RESULT: {}
COMMAND: GET /session/ffd02ccbd2ef7f94e44a9324fe7b5a64/screenshot - {}
RESULT: {}
COMMAND: POST /session/ffd02ccbd2ef7f94e44a9324fe7b5a64/execute/async - {"script":"<script> [189 bytes]","args":[]}
RESULT: {"script":"<script> [189 bytes]","args":[]}
COMMAND: POST /session/ffd02ccbd2ef7f94e44a9324fe7b5a64/execute/async - {"script":"<script> [123 bytes]","args":[]}
RESULT: {"script":"<script> [123 bytes]","args":[]}
COMMAND: POST /session/ffd02ccbd2ef7f94e44a9324fe7b5a64/timeouts - {"script":"<number>"}
RESULT: {"script":"<number>"}
COMMAND: GET /session/ffd02ccbd2ef7f94e44a9324fe7b5a64/timeouts - {}
RESULT: {}
RESULT: undefined
COMMAND: POST /session/ffd02ccbd2ef7f94e44a9324fe7b5a64/execute/async - {"script":"<script> [2676 bytes]","args":[]}
RESULT: {"script":"<script> [2676 bytes]","args":[]}
COMMAND: POST /session/ffd02ccbd2ef7f94e44a9324fe7b5a64/execute/async - {"script":"<script> [2342 bytes]","args":[{"protocol":"http","hostname":"0.0.0.0","path":"/","capabilities":{"browserName":"chrome","goog:chromeOptions":{"binary":"C:\\Program Files\\Google\\Chrome\\Application\\chrome.exe","args":["--start-maximized"]}},"logLevel":"warn","connectionRetryTimeout":120000,"connectionRetryCount":3,"logLevels":{},"enableDirectConnect":true,"strictSSL":true,"_":"65 more keys: [\"cacheDir\",\"port\",\"requestedCapabilities\",\"automationProtocol\",\"baseUrl\",\"waitforInterval\",\"waitforTimeout\",\"onReload\",\"beforeCommand\",\"afterCommand\",\"rootDir\",\"specs\",\"suites\",\"exclude\",\"groupLogsByTestSpec\",\"excludeDriverLogs\",\"bail\",\"framework\",\"reporters\",\"services\",\"maxInstances\",\"maxInstancesPerCapability\",\"injectGlobals\",\"filesToWatch\",\"execArgv\",\"runnerEnv\",\"runner\",\"shard\",\"specFileRetries\",\"specFileRetriesDelay\",\"specFileRetriesDeferred\",\"reporterSyncInterval\",\"reporterSyncTimeout\",\"cucumberFeaturesWithLineNumbers\",\"autoCompileOpts\",\"mochaOpts\",\"jasmineOpts\",\"cucumberOpts\",\"onPrepare\",\"onWorkerStart\",\"onWorkerEnd\",\"before\",\"beforeSession\",\"beforeSuite\",\"beforeHook\",\"beforeTest\",\"afterTest\",\"afterHook\",\"afterSuite\",\"afterSession\",\"after\",\"onComplete\",\"beforeAssertion\",\"afterAssertion\",\"beforeFeature\",\"beforeScenario\",\"beforeStep\",\"afterStep\",\"afterScenario\",\"afterFeature\",\"_\",\"suite\",\"$0\",\"ignoredWorkerServices\",\"wdi5\"]"}]}
RESULT: {"script":"<script> [2342 bytes]","args":[{"protocol":"http","hostname":"0.0.0.0","path":"/","capabilities":{"browserName":"chrome","goog:chromeOptions":{"binary":"C:\\Program Files\\Google\\Chrome\\Application\\chrome.exe","args":["--start-maximized"]}},"logLevel":"warn","connectionRetryTimeout":120000,"connectionRetryCount":3,"logLevels":{},"enableDirectConnect":true,"strictSSL":true,"_":"65 more keys: [\"cacheDir\",\"port\",\"requestedCapabilities\",\"automationProtocol\",\"baseUrl\",\"waitforInterval\",\"waitforTimeout\",\"onReload\",\"beforeCommand\",\"afterCommand\",\"rootDir\",\"specs\",\"suites\",\"exclude\",\"groupLogsByTestSpec\",\"excludeDriverLogs\",\"bail\",\"framework\",\"reporters\",\"services\",\"maxInstances\",\"maxInstancesPerCapability\",\"injectGlobals\",\"filesToWatch\",\"execArgv\",\"runnerEnv\",\"runner\",\"shard\",\"specFileRetries\",\"specFileRetriesDelay\",\"specFileRetriesDeferred\",\"reporterSyncInterval\",\"reporterSyncTimeout\",\"cucumberFeaturesWithLineNumbers\",\"autoCompileOpts\",\"mochaOpts\",\"jasmineOpts\",\"cucumberOpts\",\"onPrepare\",\"onWorkerStart\",\"onWorkerEnd\",\"before\",\"beforeSession\",\"beforeSuite\",\"beforeHook\",\"beforeTest\",\"afterTest\",\"afterHook\",\"afterSuite\",\"afterSession\",\"after\",\"onComplete\",\"beforeAssertion\",\"afterAssertion\",\"beforeFeature\",\"beforeScenario\",\"beforeStep\",\"afterStep\",\"afterScenario\",\"afterFeature\",\"_\",\"suite\",\"$0\",\"ignoredWorkerServices\",\"wdi5\"]"}]}
COMMAND: POST /session/ffd02ccbd2ef7f94e44a9324fe7b5a64/execute/async - {"script":"<script> [21126 bytes]","args":[35000]}
RESULT: {"script":"<script> [21126 bytes]","args":[35000]}
COMMAND: POST /session/ffd02ccbd2ef7f94e44a9324fe7b5a64/window/maximize - {}
RESULT: {}
COMMAND: POST /session/ffd02ccbd2ef7f94e44a9324fe7b5a64/execute/async - {"script":"<script> [1562 bytes]","args":[{"selector":{"id":"shell-header","interaction":{"idSuffix":"icon"}},"wdio_ui5_key":"shellheader"}]}
COMMAND: GET /session/ffd02ccbd2ef7f94e44a9324fe7b5a64/screenshot - {}
RESULT: {}
RESULT: {"script":"<script> [1562 bytes]","args":[{"selector":{"id":"shell-header","interaction":{"idSuffix":"icon"}},"wdio_ui5_key":"shellheader"}]}
RESULT: undefined
COMMAND: POST /session/ffd02ccbd2ef7f94e44a9324fe7b5a64/refresh - {}
RESULT: {}
COMMAND: GET /session/ffd02ccbd2ef7f94e44a9324fe7b5a64/screenshot - {}
RESULT: {}
COMMAND: POST /session/ffd02ccbd2ef7f94e44a9324fe7b5a64/refresh - {}
RESULT: {}
COMMAND: GET /session/ffd02ccbd2ef7f94e44a9324fe7b5a64/screenshot - {}
RESULT: {}
COMMAND: POST /session/ffd02ccbd2ef7f94e44a9324fe7b5a64/window/fullscreen - {}
RESULT: {}
COMMAND: POST /session/ffd02ccbd2ef7f94e44a9324fe7b5a64/execute/async - {"script":"<script> [189 bytes]","args":[]}
RESULT: {"script":"<script> [189 bytes]","args":[]}
COMMAND: POST /session/ffd02ccbd2ef7f94e44a9324fe7b5a64/execute/async - {"script":"<script> [123 bytes]","args":[]}
RESULT: {"script":"<script> [123 bytes]","args":[]}
COMMAND: POST /session/ffd02ccbd2ef7f94e44a9324fe7b5a64/timeouts - {"script":"<number>"}
RESULT: {"script":"<number>"}
COMMAND: GET /session/ffd02ccbd2ef7f94e44a9324fe7b5a64/timeouts - {}
RESULT: {}
RESULT: undefined
COMMAND: POST /session/ffd02ccbd2ef7f94e44a9324fe7b5a64/execute/async - {"script":"<script> [2676 bytes]","args":[]}
RESULT: {"script":"<script> [2676 bytes]","args":[]}
COMMAND: POST /session/ffd02ccbd2ef7f94e44a9324fe7b5a64/execute/async - {"script":"<script> [2342 bytes]","args":[{"protocol":"http","hostname":"0.0.0.0","path":"/","capabilities":{"browserName":"chrome","goog:chromeOptions":{"binary":"C:\\Program Files\\Google\\Chrome\\Application\\chrome.exe","args":["--start-maximized"]}},"logLevel":"warn","connectionRetryTimeout":120000,"connectionRetryCount":3,"logLevels":{},"enableDirectConnect":true,"strictSSL":true,"_":"65 more keys: [\"cacheDir\",\"port\",\"requestedCapabilities\",\"automationProtocol\",\"baseUrl\",\"waitforInterval\",\"waitforTimeout\",\"onReload\",\"beforeCommand\",\"afterCommand\",\"rootDir\",\"specs\",\"suites\",\"exclude\",\"groupLogsByTestSpec\",\"excludeDriverLogs\",\"bail\",\"framework\",\"reporters\",\"services\",\"maxInstances\",\"maxInstancesPerCapability\",\"injectGlobals\",\"filesToWatch\",\"execArgv\",\"runnerEnv\",\"runner\",\"shard\",\"specFileRetries\",\"specFileRetriesDelay\",\"specFileRetriesDeferred\",\"reporterSyncInterval\",\"reporterSyncTimeout\",\"cucumberFeaturesWithLineNumbers\",\"autoCompileOpts\",\"mochaOpts\",\"jasmineOpts\",\"cucumberOpts\",\"onPrepare\",\"onWorkerStart\",\"onWorkerEnd\",\"before\",\"beforeSession\",\"beforeSuite\",\"beforeHook\",\"beforeTest\",\"afterTest\",\"afterHook\",\"afterSuite\",\"afterSession\",\"after\",\"onComplete\",\"beforeAssertion\",\"afterAssertion\",\"beforeFeature\",\"beforeScenario\",\"beforeStep\",\"afterStep\",\"afterScenario\",\"afterFeature\",\"_\",\"suite\",\"$0\",\"ignoredWorkerServices\",\"wdi5\"]"}]}
RESULT: {"script":"<script> [2342 bytes]","args":[{"protocol":"http","hostname":"0.0.0.0","path":"/","capabilities":{"browserName":"chrome","goog:chromeOptions":{"binary":"C:\\Program Files\\Google\\Chrome\\Application\\chrome.exe","args":["--start-maximized"]}},"logLevel":"warn","connectionRetryTimeout":120000,"connectionRetryCount":3,"logLevels":{},"enableDirectConnect":true,"strictSSL":true,"_":"65 more keys: [\"cacheDir\",\"port\",\"requestedCapabilities\",\"automationProtocol\",\"baseUrl\",\"waitforInterval\",\"waitforTimeout\",\"onReload\",\"beforeCommand\",\"afterCommand\",\"rootDir\",\"specs\",\"suites\",\"exclude\",\"groupLogsByTestSpec\",\"excludeDriverLogs\",\"bail\",\"framework\",\"reporters\",\"services\",\"maxInstances\",\"maxInstancesPerCapability\",\"injectGlobals\",\"filesToWatch\",\"execArgv\",\"runnerEnv\",\"runner\",\"shard\",\"specFileRetries\",\"specFileRetriesDelay\",\"specFileRetriesDeferred\",\"reporterSyncInterval\",\"reporterSyncTimeout\",\"cucumberFeaturesWithLineNumbers\",\"autoCompileOpts\",\"mochaOpts\",\"jasmineOpts\",\"cucumberOpts\",\"onPrepare\",\"onWorkerStart\",\"onWorkerEnd\",\"before\",\"beforeSession\",\"beforeSuite\",\"beforeHook\",\"beforeTest\",\"afterTest\",\"afterHook\",\"afterSuite\",\"afterSession\",\"after\",\"onComplete\",\"beforeAssertion\",\"afterAssertion\",\"beforeFeature\",\"beforeScenario\",\"beforeStep\",\"afterStep\",\"afterScenario\",\"afterFeature\",\"_\",\"suite\",\"$0\",\"ignoredWorkerServices\",\"wdi5\"]"}]}
COMMAND: POST /session/ffd02ccbd2ef7f94e44a9324fe7b5a64/execute/async - {"script":"<script> [21126 bytes]","args":[35000]}
RESULT: {"script":"<script> [21126 bytes]","args":[35000]}
]]></system-out>
    </testcase>
  </testsuite>
  <testsuite timestamp="2025-05-22T17:29:08" time="1216.137" tests="12" failures="6" errors="6" skipped="0">
    <properties>
      <property name="specId" value="0"/>
      <property name="suiteName" value="Billing Transfer - Master data &amp; Intercompany US127250"/>
      <property name="capabilities" value="chrome.136_0_7103_93.windows"/>
      <property name="file" value="file:///D:/a/1/s/test/specs/BTS/billing-transfer-intercompany.spec.js"/>
    </properties>
    <testcase classname="chrome.136_0_7103_93.windows.Billing_Transfer_-_Master_data_&amp;_Intercompany_US127250" name="Should create a new yard" time="137.212">
      <system-out><![CDATA[
COMMAND: POST /session/ffd02ccbd2ef7f94e44a9324fe7b5a64/window/fullscreen - {}
RESULT: {}
COMMAND: POST /session/ffd02ccbd2ef7f94e44a9324fe7b5a64/execute/async - {"script":"<script> [1562 bytes]","args":[{"selector":{"controlType":"sap.m.GenericTile","properties":{"header":"Manage Yards"}},"wdio_ui5_key":"sapm.GenericTile{\"header\":\"Manage Yards\"}"}]}
RESULT: {"script":"<script> [1562 bytes]","args":[{"selector":{"controlType":"sap.m.GenericTile","properties":{"header":"Manage Yards"}},"wdio_ui5_key":"sapm.GenericTile{\"header\":\"Manage Yards\"}"}]}
RESULT: undefined
COMMAND: POST /session/ffd02ccbd2ef7f94e44a9324fe7b5a64/element - {"using":"xpath","value":"//*[@id=\"__tile41\"]"}
RESULT: {"using":"xpath","value":"//*[@id=\"__tile41\"]"}
COMMAND: POST /session/ffd02ccbd2ef7f94e44a9324fe7b5a64/element/f.96D49A20C494BCF8563860382D93E39E.d.28C8C7C4D6B3222A3628035C158E6D1B.e.2113/click - {}
RESULT: {}
COMMAND: GET /session/ffd02ccbd2ef7f94e44a9324fe7b5a64/screenshot - {}
RESULT: {}
COMMAND: POST /session/ffd02ccbd2ef7f94e44a9324fe7b5a64/elements - {"using":"xpath","value":"//span[text()='Error']"}
RESULT: {"using":"xpath","value":"//span[text()='Error']"}
COMMAND: POST /session/ffd02ccbd2ef7f94e44a9324fe7b5a64/element - {"using":"xpath","value":"//button[@data-kt=\"addNewYardOverflowToolbarButton\"]"}
RESULT: {"using":"xpath","value":"//button[@data-kt=\"addNewYardOverflowToolbarButton\"]"}
COMMAND: POST /session/ffd02ccbd2ef7f94e44a9324fe7b5a64/elements - {"using":"xpath","value":"//button[@data-kt=\"addNewYardOverflowToolbarButton\"]"}
RESULT: {"using":"xpath","value":"//button[@data-kt=\"addNewYardOverflowToolbarButton\"]"}
COMMAND: POST /session/ffd02ccbd2ef7f94e44a9324fe7b5a64/elements - {"using":"xpath","value":"//button[@data-kt=\"addNewYardOverflowToolbarButton\"]"}
RESULT: {"using":"xpath","value":"//button[@data-kt=\"addNewYardOverflowToolbarButton\"]"}
COMMAND: POST /session/ffd02ccbd2ef7f94e44a9324fe7b5a64/elements - {"using":"xpath","value":"//button[@data-kt=\"addNewYardOverflowToolbarButton\"]"}
RESULT: {"using":"xpath","value":"//button[@data-kt=\"addNewYardOverflowToolbarButton\"]"}
COMMAND: POST /session/ffd02ccbd2ef7f94e44a9324fe7b5a64/elements - {"using":"xpath","value":"//button[@data-kt=\"addNewYardOverflowToolbarButton\"]"}
RESULT: {"using":"xpath","value":"//button[@data-kt=\"addNewYardOverflowToolbarButton\"]"}
COMMAND: POST /session/ffd02ccbd2ef7f94e44a9324fe7b5a64/elements - {"using":"xpath","value":"//button[@data-kt=\"addNewYardOverflowToolbarButton\"]"}
RESULT: {"using":"xpath","value":"//button[@data-kt=\"addNewYardOverflowToolbarButton\"]"}
COMMAND: POST /session/ffd02ccbd2ef7f94e44a9324fe7b5a64/elements - {"using":"xpath","value":"//button[@data-kt=\"addNewYardOverflowToolbarButton\"]"}
RESULT: {"using":"xpath","value":"//button[@data-kt=\"addNewYardOverflowToolbarButton\"]"}
COMMAND: POST /session/ffd02ccbd2ef7f94e44a9324fe7b5a64/elements - {"using":"xpath","value":"//button[@data-kt=\"addNewYardOverflowToolbarButton\"]"}
RESULT: {"using":"xpath","value":"//button[@data-kt=\"addNewYardOverflowToolbarButton\"]"}
COMMAND: POST /session/ffd02ccbd2ef7f94e44a9324fe7b5a64/elements - {"using":"xpath","value":"//button[@data-kt=\"addNewYardOverflowToolbarButton\"]"}
RESULT: {"using":"xpath","value":"//button[@data-kt=\"addNewYardOverflowToolbarButton\"]"}
COMMAND: POST /session/ffd02ccbd2ef7f94e44a9324fe7b5a64/elements - {"using":"xpath","value":"//button[@data-kt=\"addNewYardOverflowToolbarButton\"]"}
RESULT: {"using":"xpath","value":"//button[@data-kt=\"addNewYardOverflowToolbarButton\"]"}
COMMAND: POST /session/ffd02ccbd2ef7f94e44a9324fe7b5a64/elements - {"using":"xpath","value":"//button[@data-kt=\"addNewYardOverflowToolbarButton\"]"}
RESULT: {"using":"xpath","value":"//button[@data-kt=\"addNewYardOverflowToolbarButton\"]"}
COMMAND: POST /session/ffd02ccbd2ef7f94e44a9324fe7b5a64/elements - {"using":"xpath","value":"//button[@data-kt=\"addNewYardOverflowToolbarButton\"]"}
RESULT: {"using":"xpath","value":"//button[@data-kt=\"addNewYardOverflowToolbarButton\"]"}
COMMAND: POST /session/ffd02ccbd2ef7f94e44a9324fe7b5a64/elements - {"using":"xpath","value":"//button[@data-kt=\"addNewYardOverflowToolbarButton\"]"}
RESULT: {"using":"xpath","value":"//button[@data-kt=\"addNewYardOverflowToolbarButton\"]"}
COMMAND: POST /session/ffd02ccbd2ef7f94e44a9324fe7b5a64/elements - {"using":"xpath","value":"//button[@data-kt=\"addNewYardOverflowToolbarButton\"]"}
RESULT: {"using":"xpath","value":"//button[@data-kt=\"addNewYardOverflowToolbarButton\"]"}
COMMAND: POST /session/ffd02ccbd2ef7f94e44a9324fe7b5a64/elements - {"using":"xpath","value":"//button[@data-kt=\"addNewYardOverflowToolbarButton\"]"}
RESULT: {"using":"xpath","value":"//button[@data-kt=\"addNewYardOverflowToolbarButton\"]"}
COMMAND: POST /session/ffd02ccbd2ef7f94e44a9324fe7b5a64/element - {"using":"xpath","value":"//button[@data-kt=\"addNewYardOverflowToolbarButton\"]"}
RESULT: {"using":"xpath","value":"//button[@data-kt=\"addNewYardOverflowToolbarButton\"]"}
COMMAND: POST /session/ffd02ccbd2ef7f94e44a9324fe7b5a64/execute/sync - {"script":"<script> [8489 bytes]","args":[{"element-6066-11e4-a52e-4f735466cecf":"f.96D49A20C494BCF8563860382D93E39E.d.28C8C7C4D6B3222A3628035C158E6D1B.e.2253","ELEMENT":"f.96D49A20C494BCF8563860382D93E39E.d.28C8C7C4D6B3222A3628035C158E6D1B.e.2253"}]}
RESULT: {"script":"<script> [8489 bytes]","args":[{"element-6066-11e4-a52e-4f735466cecf":"f.96D49A20C494BCF8563860382D93E39E.d.28C8C7C4D6B3222A3628035C158E6D1B.e.2253","ELEMENT":"f.96D49A20C494BCF8563860382D93E39E.d.28C8C7C4D6B3222A3628035C158E6D1B.e.2253"}]}
COMMAND: GET /session/ffd02ccbd2ef7f94e44a9324fe7b5a64/element/f.96D49A20C494BCF8563860382D93E39E.d.28C8C7C4D6B3222A3628035C158E6D1B.e.2253/enabled - {}
COMMAND: GET /session/ffd02ccbd2ef7f94e44a9324fe7b5a64/screenshot - {}
RESULT: {}
COMMAND: POST /session/ffd02ccbd2ef7f94e44a9324fe7b5a64/execute/sync - {"script":"<script> [8489 bytes]","args":[{"element-6066-11e4-a52e-4f735466cecf":"f.96D49A20C494BCF8563860382D93E39E.d.28C8C7C4D6B3222A3628035C158E6D1B.e.2253","ELEMENT":"f.96D49A20C494BCF8563860382D93E39E.d.28C8C7C4D6B3222A3628035C158E6D1B.e.2253"}]}
COMMAND: GET /session/ffd02ccbd2ef7f94e44a9324fe7b5a64/screenshot - {}
RESULT: {}
RESULT: {"script":"<script> [8489 bytes]","args":[{"element-6066-11e4-a52e-4f735466cecf":"f.96D49A20C494BCF8563860382D93E39E.d.28C8C7C4D6B3222A3628035C158E6D1B.e.2253","ELEMENT":"f.96D49A20C494BCF8563860382D93E39E.d.28C8C7C4D6B3222A3628035C158E6D1B.e.2253"}]}
COMMAND: POST /session/ffd02ccbd2ef7f94e44a9324fe7b5a64/execute/sync - {"script":"<script> [5351 bytes]","args":[{"element-6066-11e4-a52e-4f735466cecf":"f.96D49A20C494BCF8563860382D93E39E.d.28C8C7C4D6B3222A3628035C158E6D1B.e.2253","ELEMENT":"f.96D49A20C494BCF8563860382D93E39E.d.28C8C7C4D6B3222A3628035C158E6D1B.e.2253"}]}
COMMAND: GET /session/ffd02ccbd2ef7f94e44a9324fe7b5a64/screenshot - {}
RESULT: {}
RESULT: {"script":"<script> [5351 bytes]","args":[{"element-6066-11e4-a52e-4f735466cecf":"f.96D49A20C494BCF8563860382D93E39E.d.28C8C7C4D6B3222A3628035C158E6D1B.e.2253","ELEMENT":"f.96D49A20C494BCF8563860382D93E39E.d.28C8C7C4D6B3222A3628035C158E6D1B.e.2253"}]}
COMMAND: POST /session/ffd02ccbd2ef7f94e44a9324fe7b5a64/element/f.96D49A20C494BCF8563860382D93E39E.d.28C8C7C4D6B3222A3628035C158E6D1B.e.2253/click - {}
COMMAND: GET /session/ffd02ccbd2ef7f94e44a9324fe7b5a64/screenshot - {}
RESULT: {}
RESULT: {}
COMMAND: GET /session/ffd02ccbd2ef7f94e44a9324fe7b5a64/screenshot - {}
COMMAND: POST /session/ffd02ccbd2ef7f94e44a9324fe7b5a64/element - {"using":"xpath","value":"//input[@id=\"application-manageyards-display-component---NewYard--yardId-inner\"]"}
RESULT: {}
RESULT: {}
RESULT: {"using":"xpath","value":"//input[@id=\"application-manageyards-display-component---NewYard--yardId-inner\"]"}
COMMAND: POST /session/ffd02ccbd2ef7f94e44a9324fe7b5a64/element - {"using":"xpath","value":"//input[@id=\"application-manageyards-display-component---NewYard--yardId-inner\"]"}
RESULT: {"using":"xpath","value":"//input[@id=\"application-manageyards-display-component---NewYard--yardId-inner\"]"}
COMMAND: POST /session/ffd02ccbd2ef7f94e44a9324fe7b5a64/execute/async - {"script":"<script> [1562 bytes]","args":[{"selector":{"id":"application-manageyards-display-component---NewYard--addressDetailDetailsName1","interaction":{"idSuffix":"inner"}},"wdio_ui5_key":"applicationmanageyards-display-component---NewYard--addressDetailDetailsName1"}]}
RESULT: {"script":"<script> [1562 bytes]","args":[{"selector":{"id":"application-manageyards-display-component---NewYard--addressDetailDetailsName1","interaction":{"idSuffix":"inner"}},"wdio_ui5_key":"applicationmanageyards-display-component---NewYard--addressDetailDetailsName1"}]}
RESULT: undefined
COMMAND: POST /session/ffd02ccbd2ef7f94e44a9324fe7b5a64/execute/async - {"script":"<script> [776 bytes]","args":[{"enterText":"Intercompany Yard wdIO","selector":{"id":"application-manageyards-display-component---NewYard--addressDetailDetailsName1","interaction":{"idSuffix":"inner"}},"clearTextFirst":true,"interactionType":"ENTER_TEXT"}]}
RESULT: {"script":"<script> [776 bytes]","args":[{"enterText":"Intercompany Yard wdIO","selector":{"id":"application-manageyards-display-component---NewYard--addressDetailDetailsName1","interaction":{"idSuffix":"inner"}},"clearTextFirst":true,"interactionType":"ENTER_TEXT"}]}
COMMAND: POST /session/ffd02ccbd2ef7f94e44a9324fe7b5a64/execute/async - {"script":"<script> [1562 bytes]","args":[{"selector":{"id":"application-manageyards-display-component---NewYard--addressDetailDetailsLanguage-arrow"},"wdio_ui5_key":"applicationmanageyards-display-component---NewYard--addressDetailDetailsLanguage-arrow"}]}
RESULT: {"script":"<script> [1562 bytes]","args":[{"selector":{"id":"application-manageyards-display-component---NewYard--addressDetailDetailsLanguage-arrow"},"wdio_ui5_key":"applicationmanageyards-display-component---NewYard--addressDetailDetailsLanguage-arrow"}]}
RESULT: undefined
COMMAND: POST /session/ffd02ccbd2ef7f94e44a9324fe7b5a64/element - {"using":"xpath","value":"//*[@id=\"application-manageyards-display-component---NewYard--addressDetailDetailsLanguage-arrow\"]"}
RESULT: {"using":"xpath","value":"//*[@id=\"application-manageyards-display-component---NewYard--addressDetailDetailsLanguage-arrow\"]"}
COMMAND: POST /session/ffd02ccbd2ef7f94e44a9324fe7b5a64/element/f.96D49A20C494BCF8563860382D93E39E.d.28C8C7C4D6B3222A3628035C158E6D1B.e.2683/click - {}
RESULT: {}
COMMAND: POST /session/ffd02ccbd2ef7f94e44a9324fe7b5a64/element - {"using":"xpath","value":"//span[contains(text(), \"English\")]"}
COMMAND: GET /session/ffd02ccbd2ef7f94e44a9324fe7b5a64/screenshot - {}
RESULT: {"using":"xpath","value":"//span[contains(text(), \"English\")]"}
COMMAND: POST /session/ffd02ccbd2ef7f94e44a9324fe7b5a64/element/f.96D49A20C494BCF8563860382D93E39E.d.28C8C7C4D6B3222A3628035C158E6D1B.e.2684/click - {}
RESULT: {}
RESULT: {}
COMMAND: POST /session/ffd02ccbd2ef7f94e44a9324fe7b5a64/execute/async - {"script":"<script> [1562 bytes]","args":[{"selector":{"id":"application-manageyards-display-component---NewYard--addressDetailDetailsCity1","interaction":{"idSuffix":"inner"}},"wdio_ui5_key":"applicationmanageyards-display-component---NewYard--addressDetailDetailsCity1"}]}
COMMAND: GET /session/ffd02ccbd2ef7f94e44a9324fe7b5a64/screenshot - {}
RESULT: {"script":"<script> [1562 bytes]","args":[{"selector":{"id":"application-manageyards-display-component---NewYard--addressDetailDetailsCity1","interaction":{"idSuffix":"inner"}},"wdio_ui5_key":"applicationmanageyards-display-component---NewYard--addressDetailDetailsCity1"}]}
RESULT: undefined
COMMAND: POST /session/ffd02ccbd2ef7f94e44a9324fe7b5a64/execute/async - {"script":"<script> [776 bytes]","args":[{"enterText":"Rosario","selector":{"id":"application-manageyards-display-component---NewYard--addressDetailDetailsCity1","interaction":{"idSuffix":"inner"}},"clearTextFirst":true,"interactionType":"ENTER_TEXT"}]}
RESULT: {}
RESULT: {"script":"<script> [776 bytes]","args":[{"enterText":"Rosario","selector":{"id":"application-manageyards-display-component---NewYard--addressDetailDetailsCity1","interaction":{"idSuffix":"inner"}},"clearTextFirst":true,"interactionType":"ENTER_TEXT"}]}
COMMAND: POST /session/ffd02ccbd2ef7f94e44a9324fe7b5a64/execute/async - {"script":"<script> [1562 bytes]","args":[{"selector":{"id":"application-manageyards-display-component---NewYard--addressDetailDetailsCountry-arrow"},"wdio_ui5_key":"applicationmanageyards-display-component---NewYard--addressDetailDetailsCountry-arrow"}]}
RESULT: {"script":"<script> [1562 bytes]","args":[{"selector":{"id":"application-manageyards-display-component---NewYard--addressDetailDetailsCountry-arrow"},"wdio_ui5_key":"applicationmanageyards-display-component---NewYard--addressDetailDetailsCountry-arrow"}]}
RESULT: undefined
COMMAND: POST /session/ffd02ccbd2ef7f94e44a9324fe7b5a64/element - {"using":"xpath","value":"//*[@id=\"application-manageyards-display-component---NewYard--addressDetailDetailsCountry-arrow\"]"}
RESULT: {"using":"xpath","value":"//*[@id=\"application-manageyards-display-component---NewYard--addressDetailDetailsCountry-arrow\"]"}
COMMAND: POST /session/ffd02ccbd2ef7f94e44a9324fe7b5a64/element/f.96D49A20C494BCF8563860382D93E39E.d.28C8C7C4D6B3222A3628035C158E6D1B.e.2686/click - {}
RESULT: {}
COMMAND: POST /session/ffd02ccbd2ef7f94e44a9324fe7b5a64/element - {"using":"xpath","value":"//span[contains(text(), \"Argentina\")]"}
COMMAND: GET /session/ffd02ccbd2ef7f94e44a9324fe7b5a64/screenshot - {}
RESULT: {"using":"xpath","value":"//span[contains(text(), \"Argentina\")]"}
COMMAND: POST /session/ffd02ccbd2ef7f94e44a9324fe7b5a64/element/f.96D49A20C494BCF8563860382D93E39E.d.28C8C7C4D6B3222A3628035C158E6D1B.e.2687/click - {}
RESULT: {}
RESULT: {}
COMMAND: POST /session/ffd02ccbd2ef7f94e44a9324fe7b5a64/execute/async - {"script":"<script> [1562 bytes]","args":[{"selector":{"id":"application-manageyards-display-component---NewYard--addressEditDetailsCostObjectCstType-arrow"},"wdio_ui5_key":"applicationmanageyards-display-component---NewYard--addressEditDetailsCostObjectCstType-arrow"}]}
COMMAND: GET /session/ffd02ccbd2ef7f94e44a9324fe7b5a64/screenshot - {}
RESULT: {"script":"<script> [1562 bytes]","args":[{"selector":{"id":"application-manageyards-display-component---NewYard--addressEditDetailsCostObjectCstType-arrow"},"wdio_ui5_key":"applicationmanageyards-display-component---NewYard--addressEditDetailsCostObjectCstType-arrow"}]}
RESULT: undefined
COMMAND: POST /session/ffd02ccbd2ef7f94e44a9324fe7b5a64/element - {"using":"xpath","value":"//*[@id=\"application-manageyards-display-component---NewYard--addressEditDetailsCostObjectCstType-arrow\"]"}
RESULT: {}
RESULT: {"using":"xpath","value":"//*[@id=\"application-manageyards-display-component---NewYard--addressEditDetailsCostObjectCstType-arrow\"]"}
COMMAND: POST /session/ffd02ccbd2ef7f94e44a9324fe7b5a64/element/f.96D49A20C494BCF8563860382D93E39E.d.28C8C7C4D6B3222A3628035C158E6D1B.e.2689/click - {}
RESULT: {}
COMMAND: POST /session/ffd02ccbd2ef7f94e44a9324fe7b5a64/element - {"using":"xpath","value":"//span[contains(text(), \"Cost Center\")]"}
COMMAND: GET /session/ffd02ccbd2ef7f94e44a9324fe7b5a64/screenshot - {}
RESULT: {"using":"xpath","value":"//span[contains(text(), \"Cost Center\")]"}
COMMAND: POST /session/ffd02ccbd2ef7f94e44a9324fe7b5a64/element/f.96D49A20C494BCF8563860382D93E39E.d.28C8C7C4D6B3222A3628035C158E6D1B.e.2690/click - {}
RESULT: {}
RESULT: {}
COMMAND: GET /session/ffd02ccbd2ef7f94e44a9324fe7b5a64/screenshot - {}
RESULT: {}
COMMAND: POST /session/ffd02ccbd2ef7f94e44a9324fe7b5a64/element - {"using":"xpath","value":"//span[@id=\"application-manageyards-display-component---NewYard--addressNewCostObjectCstID-vhi\"]"}
RESULT: {"using":"xpath","value":"//span[@id=\"application-manageyards-display-component---NewYard--addressNewCostObjectCstID-vhi\"]"}
COMMAND: POST /session/ffd02ccbd2ef7f94e44a9324fe7b5a64/execute/sync - {"script":"<script> [8489 bytes]","args":[{"element-6066-11e4-a52e-4f735466cecf":"f.96D49A20C494BCF8563860382D93E39E.d.28C8C7C4D6B3222A3628035C158E6D1B.e.2694","ELEMENT":"f.96D49A20C494BCF8563860382D93E39E.d.28C8C7C4D6B3222A3628035C158E6D1B.e.2694"}]}
RESULT: {"script":"<script> [8489 bytes]","args":[{"element-6066-11e4-a52e-4f735466cecf":"f.96D49A20C494BCF8563860382D93E39E.d.28C8C7C4D6B3222A3628035C158E6D1B.e.2694","ELEMENT":"f.96D49A20C494BCF8563860382D93E39E.d.28C8C7C4D6B3222A3628035C158E6D1B.e.2694"}]}
COMMAND: POST /session/ffd02ccbd2ef7f94e44a9324fe7b5a64/execute/async - {"script":"<script> [1562 bytes]","args":[{"selector":{"id":"application-manageyards-display-component---NewYard--addressNewCostObjectCstID-vhi"},"wdio_ui5_key":"applicationmanageyards-display-component---NewYard--addressNewCostObjectCstID-vhi"}]}
COMMAND: GET /session/ffd02ccbd2ef7f94e44a9324fe7b5a64/screenshot - {}
RESULT: {"script":"<script> [1562 bytes]","args":[{"selector":{"id":"application-manageyards-display-component---NewYard--addressNewCostObjectCstID-vhi"},"wdio_ui5_key":"applicationmanageyards-display-component---NewYard--addressNewCostObjectCstID-vhi"}]}
RESULT: undefined
COMMAND: POST /session/ffd02ccbd2ef7f94e44a9324fe7b5a64/element - {"using":"xpath","value":"//*[@id=\"application-manageyards-display-component---NewYard--addressNewCostObjectCstID-vhi\"]"}
RESULT: {}
RESULT: {"using":"xpath","value":"//*[@id=\"application-manageyards-display-component---NewYard--addressNewCostObjectCstID-vhi\"]"}
COMMAND: POST /session/ffd02ccbd2ef7f94e44a9324fe7b5a64/element/f.96D49A20C494BCF8563860382D93E39E.d.28C8C7C4D6B3222A3628035C158E6D1B.e.2694/click - {}
RESULT: {}
COMMAND: GET /session/ffd02ccbd2ef7f94e44a9324fe7b5a64/screenshot - {}
RESULT: {}
COMMAND: POST /session/ffd02ccbd2ef7f94e44a9324fe7b5a64/execute/async - {"script":"<script> [1562 bytes]","args":[{"selector":{"controlType":"sap.m.SearchField","properties":{"placeholder":"Search"},"searchOpenDialogs":true,"interaction":{"idSuffix":"I"}},"wdio_ui5_key":"sapm.SearchField{\"placeholder\":\"Search\"}"}]}
RESULT: {"script":"<script> [1562 bytes]","args":[{"selector":{"controlType":"sap.m.SearchField","properties":{"placeholder":"Search"},"searchOpenDialogs":true,"interaction":{"idSuffix":"I"}},"wdio_ui5_key":"sapm.SearchField{\"placeholder\":\"Search\"}"}]}
RESULT: undefined
COMMAND: POST /session/ffd02ccbd2ef7f94e44a9324fe7b5a64/execute/async - {"script":"<script> [776 bytes]","args":[{"enterText":"bauh_b","selector":{"controlType":"sap.m.SearchField","properties":{"placeholder":"Search"},"searchOpenDialogs":true,"interaction":{"idSuffix":"I"}},"clearTextFirst":true,"interactionType":"ENTER_TEXT"}]}
RESULT: {"script":"<script> [776 bytes]","args":[{"enterText":"bauh_b","selector":{"controlType":"sap.m.SearchField","properties":{"placeholder":"Search"},"searchOpenDialogs":true,"interaction":{"idSuffix":"I"}},"clearTextFirst":true,"interactionType":"ENTER_TEXT"}]}
COMMAND: POST /session/ffd02ccbd2ef7f94e44a9324fe7b5a64/actions - {"actions":[{"id":"action1","type":"key","parameters":{},"actions":[{"type":"keyDown","value":""},{"type":"pause","duration":10},{"type":"keyUp","value":""}]}]}
RESULT: {"actions":[{"id":"action1","type":"key","parameters":{},"actions":[{"type":"keyDown","value":""},{"type":"pause","duration":10},{"type":"keyUp","value":""}]}]}
COMMAND: GET /session/ffd02ccbd2ef7f94e44a9324fe7b5a64/screenshot - {}
RESULT: {}
COMMAND: POST /session/ffd02ccbd2ef7f94e44a9324fe7b5a64/element - {"using":"xpath","value":"//span[contains(text(), \"Demo Yard\")]"}
RESULT: {"using":"xpath","value":"//span[contains(text(), \"Demo Yard\")]"}
COMMAND: POST /session/ffd02ccbd2ef7f94e44a9324fe7b5a64/element/f.96D49A20C494BCF8563860382D93E39E.d.28C8C7C4D6B3222A3628035C158E6D1B.e.2734/click - {}
RESULT: {}
COMMAND: GET /session/ffd02ccbd2ef7f94e44a9324fe7b5a64/screenshot - {}
RESULT: {}
COMMAND: POST /session/ffd02ccbd2ef7f94e44a9324fe7b5a64/element - {"using":"xpath","value":"//bdi[contains(text(), \"OK\")]"}
RESULT: {"using":"xpath","value":"//bdi[contains(text(), \"OK\")]"}
COMMAND: POST /session/ffd02ccbd2ef7f94e44a9324fe7b5a64/element/f.96D49A20C494BCF8563860382D93E39E.d.28C8C7C4D6B3222A3628035C158E6D1B.e.2735/click - {}
RESULT: {}
COMMAND: GET /session/ffd02ccbd2ef7f94e44a9324fe7b5a64/screenshot - {}
RESULT: {}
COMMAND: POST /session/ffd02ccbd2ef7f94e44a9324fe7b5a64/execute/async - {"script":"<script> [1562 bytes]","args":[{"selector":{"id":"application-manageyards-display-component---NewYard--addressEditDetailsCurrency-arrow"},"wdio_ui5_key":"applicationmanageyards-display-component---NewYard--addressEditDetailsCurrency-arrow"}]}
RESULT: {"script":"<script> [1562 bytes]","args":[{"selector":{"id":"application-manageyards-display-component---NewYard--addressEditDetailsCurrency-arrow"},"wdio_ui5_key":"applicationmanageyards-display-component---NewYard--addressEditDetailsCurrency-arrow"}]}
RESULT: undefined
COMMAND: POST /session/ffd02ccbd2ef7f94e44a9324fe7b5a64/element - {"using":"xpath","value":"//*[@id=\"application-manageyards-display-component---NewYard--addressEditDetailsCurrency-arrow\"]"}
RESULT: {"using":"xpath","value":"//*[@id=\"application-manageyards-display-component---NewYard--addressEditDetailsCurrency-arrow\"]"}
COMMAND: POST /session/ffd02ccbd2ef7f94e44a9324fe7b5a64/element/f.96D49A20C494BCF8563860382D93E39E.d.28C8C7C4D6B3222A3628035C158E6D1B.e.2738/click - {}
RESULT: {}
COMMAND: POST /session/ffd02ccbd2ef7f94e44a9324fe7b5a64/element - {"using":"xpath","value":"//span[contains(text(), \"Euro\")]"}
COMMAND: GET /session/ffd02ccbd2ef7f94e44a9324fe7b5a64/screenshot - {}
RESULT: {"using":"xpath","value":"//span[contains(text(), \"Euro\")]"}
COMMAND: POST /session/ffd02ccbd2ef7f94e44a9324fe7b5a64/element/f.96D49A20C494BCF8563860382D93E39E.d.28C8C7C4D6B3222A3628035C158E6D1B.e.2739/click - {}
RESULT: {}
RESULT: {}
COMMAND: POST /session/ffd02ccbd2ef7f94e44a9324fe7b5a64/execute/async - {"script":"<script> [1562 bytes]","args":[{"selector":{"controlType":"sap.m.Input","viewName":"etm.portal.ui.manageyards.view.New","viewId":"application-manageyards-display-component---NewYard","bindingPath":{"path":"","propertyPath":"/CONTROLLING_AREA","modelName":"NewYardModel"},"interaction":{"idSuffix":"inner"}},"wdio_ui5_key":"etmportal.ui.manageyards.view.Newsap.m.Input{\"path\":\"\",\"propertyPath\":\"/CONTROLLING_AREA\",\"modelName\":\"NewYardModel\"}"}]}
COMMAND: GET /session/ffd02ccbd2ef7f94e44a9324fe7b5a64/screenshot - {}
RESULT: {"script":"<script> [1562 bytes]","args":[{"selector":{"controlType":"sap.m.Input","viewName":"etm.portal.ui.manageyards.view.New","viewId":"application-manageyards-display-component---NewYard","bindingPath":{"path":"","propertyPath":"/CONTROLLING_AREA","modelName":"NewYardModel"},"interaction":{"idSuffix":"inner"}},"wdio_ui5_key":"etmportal.ui.manageyards.view.Newsap.m.Input{\"path\":\"\",\"propertyPath\":\"/CONTROLLING_AREA\",\"modelName\":\"NewYardModel\"}"}]}
RESULT: undefined
COMMAND: POST /session/ffd02ccbd2ef7f94e44a9324fe7b5a64/execute/async - {"script":"<script> [776 bytes]","args":[{"enterText":"Z001","selector":{"controlType":"sap.m.Input","viewName":"etm.portal.ui.manageyards.view.New","viewId":"application-manageyards-display-component---NewYard","bindingPath":{"path":"","propertyPath":"/CONTROLLING_AREA","modelName":"NewYardModel"},"interaction":{"idSuffix":"inner"}},"clearTextFirst":true,"interactionType":"ENTER_TEXT"}]}
RESULT: {}
RESULT: {"script":"<script> [776 bytes]","args":[{"enterText":"Z001","selector":{"controlType":"sap.m.Input","viewName":"etm.portal.ui.manageyards.view.New","viewId":"application-manageyards-display-component---NewYard","bindingPath":{"path":"","propertyPath":"/CONTROLLING_AREA","modelName":"NewYardModel"},"interaction":{"idSuffix":"inner"}},"clearTextFirst":true,"interactionType":"ENTER_TEXT"}]}
COMMAND: POST /session/ffd02ccbd2ef7f94e44a9324fe7b5a64/execute/async - {"script":"<script> [1562 bytes]","args":[{"selector":{"id":"application-manageyards-display-component---NewYard--companyCodeComboBox","interaction":{"idSuffix":"inner"}},"wdio_ui5_key":"applicationmanageyards-display-component---NewYard--companyCodeComboBox"}]}
RESULT: {"script":"<script> [1562 bytes]","args":[{"selector":{"id":"application-manageyards-display-component---NewYard--companyCodeComboBox","interaction":{"idSuffix":"inner"}},"wdio_ui5_key":"applicationmanageyards-display-component---NewYard--companyCodeComboBox"}]}
RESULT: undefined
COMMAND: POST /session/ffd02ccbd2ef7f94e44a9324fe7b5a64/execute/async - {"script":"<script> [776 bytes]","args":[{"enterText":"1000","selector":{"id":"application-manageyards-display-component---NewYard--companyCodeComboBox","interaction":{"idSuffix":"inner"}},"clearTextFirst":true,"interactionType":"ENTER_TEXT"}]}
RESULT: {"script":"<script> [776 bytes]","args":[{"enterText":"1000","selector":{"id":"application-manageyards-display-component---NewYard--companyCodeComboBox","interaction":{"idSuffix":"inner"}},"clearTextFirst":true,"interactionType":"ENTER_TEXT"}]}
COMMAND: POST /session/ffd02ccbd2ef7f94e44a9324fe7b5a64/execute/async - {"script":"<script> [1562 bytes]","args":[{"selector":{"controlType":"sap.m.Input","viewName":"etm.portal.ui.manageyards.view.New","viewId":"application-manageyards-display-component---NewYard","bindingPath":{"path":"","propertyPath":"/PLANT","modelName":"NewYardModel"},"interaction":{"idSuffix":"inner"}},"wdio_ui5_key":"etmportal.ui.manageyards.view.Newsap.m.Input{\"path\":\"\",\"propertyPath\":\"/PLANT\",\"modelName\":\"NewYardModel\"}"}]}
RESULT: {"script":"<script> [1562 bytes]","args":[{"selector":{"controlType":"sap.m.Input","viewName":"etm.portal.ui.manageyards.view.New","viewId":"application-manageyards-display-component---NewYard","bindingPath":{"path":"","propertyPath":"/PLANT","modelName":"NewYardModel"},"interaction":{"idSuffix":"inner"}},"wdio_ui5_key":"etmportal.ui.manageyards.view.Newsap.m.Input{\"path\":\"\",\"propertyPath\":\"/PLANT\",\"modelName\":\"NewYardModel\"}"}]}
RESULT: undefined
COMMAND: POST /session/ffd02ccbd2ef7f94e44a9324fe7b5a64/execute/async - {"script":"<script> [776 bytes]","args":[{"enterText":"1001","selector":{"controlType":"sap.m.Input","viewName":"etm.portal.ui.manageyards.view.New","viewId":"application-manageyards-display-component---NewYard","bindingPath":{"path":"","propertyPath":"/PLANT","modelName":"NewYardModel"},"interaction":{"idSuffix":"inner"}},"clearTextFirst":true,"interactionType":"ENTER_TEXT"}]}
RESULT: {"script":"<script> [776 bytes]","args":[{"enterText":"1001","selector":{"controlType":"sap.m.Input","viewName":"etm.portal.ui.manageyards.view.New","viewId":"application-manageyards-display-component---NewYard","bindingPath":{"path":"","propertyPath":"/PLANT","modelName":"NewYardModel"},"interaction":{"idSuffix":"inner"}},"clearTextFirst":true,"interactionType":"ENTER_TEXT"}]}
COMMAND: POST /session/ffd02ccbd2ef7f94e44a9324fe7b5a64/execute/async - {"script":"<script> [1562 bytes]","args":[{"selector":{"controlType":"sap.m.Input","viewName":"etm.portal.ui.manageyards.view.New","viewId":"application-manageyards-display-component---NewYard","bindingPath":{"path":"","propertyPath":"/SALES_AREA_VKORG","modelName":"NewYardModel"},"interaction":{"idSuffix":"inner"}},"wdio_ui5_key":"etmportal.ui.manageyards.view.Newsap.m.Input{\"path\":\"\",\"propertyPath\":\"/SALES_AREA_VKORG\",\"modelName\":\"NewYardModel\"}"}]}
RESULT: {"script":"<script> [1562 bytes]","args":[{"selector":{"controlType":"sap.m.Input","viewName":"etm.portal.ui.manageyards.view.New","viewId":"application-manageyards-display-component---NewYard","bindingPath":{"path":"","propertyPath":"/SALES_AREA_VKORG","modelName":"NewYardModel"},"interaction":{"idSuffix":"inner"}},"wdio_ui5_key":"etmportal.ui.manageyards.view.Newsap.m.Input{\"path\":\"\",\"propertyPath\":\"/SALES_AREA_VKORG\",\"modelName\":\"NewYardModel\"}"}]}
RESULT: undefined
COMMAND: POST /session/ffd02ccbd2ef7f94e44a9324fe7b5a64/execute/async - {"script":"<script> [776 bytes]","args":[{"enterText":"C002","selector":{"controlType":"sap.m.Input","viewName":"etm.portal.ui.manageyards.view.New","viewId":"application-manageyards-display-component---NewYard","bindingPath":{"path":"","propertyPath":"/SALES_AREA_VKORG","modelName":"NewYardModel"},"interaction":{"idSuffix":"inner"}},"clearTextFirst":true,"interactionType":"ENTER_TEXT"}]}
RESULT: {"script":"<script> [776 bytes]","args":[{"enterText":"C002","selector":{"controlType":"sap.m.Input","viewName":"etm.portal.ui.manageyards.view.New","viewId":"application-manageyards-display-component---NewYard","bindingPath":{"path":"","propertyPath":"/SALES_AREA_VKORG","modelName":"NewYardModel"},"interaction":{"idSuffix":"inner"}},"clearTextFirst":true,"interactionType":"ENTER_TEXT"}]}
COMMAND: POST /session/ffd02ccbd2ef7f94e44a9324fe7b5a64/execute/async - {"script":"<script> [1562 bytes]","args":[{"selector":{"controlType":"sap.m.Input","viewName":"etm.portal.ui.manageyards.view.New","viewId":"application-manageyards-display-component---NewYard","bindingPath":{"path":"","propertyPath":"/SALES_AREA_VTWEG","modelName":"NewYardModel"},"interaction":{"idSuffix":"inner"}},"wdio_ui5_key":"etmportal.ui.manageyards.view.Newsap.m.Input{\"path\":\"\",\"propertyPath\":\"/SALES_AREA_VTWEG\",\"modelName\":\"NewYardModel\"}"}]}
RESULT: {"script":"<script> [1562 bytes]","args":[{"selector":{"controlType":"sap.m.Input","viewName":"etm.portal.ui.manageyards.view.New","viewId":"application-manageyards-display-component---NewYard","bindingPath":{"path":"","propertyPath":"/SALES_AREA_VTWEG","modelName":"NewYardModel"},"interaction":{"idSuffix":"inner"}},"wdio_ui5_key":"etmportal.ui.manageyards.view.Newsap.m.Input{\"path\":\"\",\"propertyPath\":\"/SALES_AREA_VTWEG\",\"modelName\":\"NewYardModel\"}"}]}
RESULT: undefined
COMMAND: POST /session/ffd02ccbd2ef7f94e44a9324fe7b5a64/execute/async - {"script":"<script> [776 bytes]","args":[{"enterText":"C2","selector":{"controlType":"sap.m.Input","viewName":"etm.portal.ui.manageyards.view.New","viewId":"application-manageyards-display-component---NewYard","bindingPath":{"path":"","propertyPath":"/SALES_AREA_VTWEG","modelName":"NewYardModel"},"interaction":{"idSuffix":"inner"}},"clearTextFirst":true,"interactionType":"ENTER_TEXT"}]}
RESULT: {"script":"<script> [776 bytes]","args":[{"enterText":"C2","selector":{"controlType":"sap.m.Input","viewName":"etm.portal.ui.manageyards.view.New","viewId":"application-manageyards-display-component---NewYard","bindingPath":{"path":"","propertyPath":"/SALES_AREA_VTWEG","modelName":"NewYardModel"},"interaction":{"idSuffix":"inner"}},"clearTextFirst":true,"interactionType":"ENTER_TEXT"}]}
COMMAND: POST /session/ffd02ccbd2ef7f94e44a9324fe7b5a64/execute/async - {"script":"<script> [1562 bytes]","args":[{"selector":{"controlType":"sap.m.Input","viewName":"etm.portal.ui.manageyards.view.New","viewId":"application-manageyards-display-component---NewYard","bindingPath":{"path":"","propertyPath":"/SALES_AREA_SPART","modelName":"NewYardModel"},"interaction":{"idSuffix":"inner"}},"wdio_ui5_key":"etmportal.ui.manageyards.view.Newsap.m.Input{\"path\":\"\",\"propertyPath\":\"/SALES_AREA_SPART\",\"modelName\":\"NewYardModel\"}"}]}
RESULT: {"script":"<script> [1562 bytes]","args":[{"selector":{"controlType":"sap.m.Input","viewName":"etm.portal.ui.manageyards.view.New","viewId":"application-manageyards-display-component---NewYard","bindingPath":{"path":"","propertyPath":"/SALES_AREA_SPART","modelName":"NewYardModel"},"interaction":{"idSuffix":"inner"}},"wdio_ui5_key":"etmportal.ui.manageyards.view.Newsap.m.Input{\"path\":\"\",\"propertyPath\":\"/SALES_AREA_SPART\",\"modelName\":\"NewYardModel\"}"}]}
RESULT: undefined
COMMAND: POST /session/ffd02ccbd2ef7f94e44a9324fe7b5a64/execute/async - {"script":"<script> [776 bytes]","args":[{"enterText":"C2","selector":{"controlType":"sap.m.Input","viewName":"etm.portal.ui.manageyards.view.New","viewId":"application-manageyards-display-component---NewYard","bindingPath":{"path":"","propertyPath":"/SALES_AREA_SPART","modelName":"NewYardModel"},"interaction":{"idSuffix":"inner"}},"clearTextFirst":true,"interactionType":"ENTER_TEXT"}]}
RESULT: {"script":"<script> [776 bytes]","args":[{"enterText":"C2","selector":{"controlType":"sap.m.Input","viewName":"etm.portal.ui.manageyards.view.New","viewId":"application-manageyards-display-component---NewYard","bindingPath":{"path":"","propertyPath":"/SALES_AREA_SPART","modelName":"NewYardModel"},"interaction":{"idSuffix":"inner"}},"clearTextFirst":true,"interactionType":"ENTER_TEXT"}]}
COMMAND: POST /session/ffd02ccbd2ef7f94e44a9324fe7b5a64/execute/async - {"script":"<script> [1562 bytes]","args":[{"selector":{"controlType":"sap.m.Input","viewName":"etm.portal.ui.manageyards.view.New","viewId":"application-manageyards-display-component---NewYard","bindingPath":{"path":"","propertyPath":"/SHIP_POINT","modelName":"NewYardModel"},"interaction":{"idSuffix":"inner"}},"wdio_ui5_key":"etmportal.ui.manageyards.view.Newsap.m.Input{\"path\":\"\",\"propertyPath\":\"/SHIP_POINT\",\"modelName\":\"NewYardModel\"}"}]}
RESULT: {"script":"<script> [1562 bytes]","args":[{"selector":{"controlType":"sap.m.Input","viewName":"etm.portal.ui.manageyards.view.New","viewId":"application-manageyards-display-component---NewYard","bindingPath":{"path":"","propertyPath":"/SHIP_POINT","modelName":"NewYardModel"},"interaction":{"idSuffix":"inner"}},"wdio_ui5_key":"etmportal.ui.manageyards.view.Newsap.m.Input{\"path\":\"\",\"propertyPath\":\"/SHIP_POINT\",\"modelName\":\"NewYardModel\"}"}]}
RESULT: undefined
COMMAND: POST /session/ffd02ccbd2ef7f94e44a9324fe7b5a64/execute/async - {"script":"<script> [776 bytes]","args":[{"enterText":"1710","selector":{"controlType":"sap.m.Input","viewName":"etm.portal.ui.manageyards.view.New","viewId":"application-manageyards-display-component---NewYard","bindingPath":{"path":"","propertyPath":"/SHIP_POINT","modelName":"NewYardModel"},"interaction":{"idSuffix":"inner"}},"clearTextFirst":true,"interactionType":"ENTER_TEXT"}]}
RESULT: {"script":"<script> [776 bytes]","args":[{"enterText":"1710","selector":{"controlType":"sap.m.Input","viewName":"etm.portal.ui.manageyards.view.New","viewId":"application-manageyards-display-component---NewYard","bindingPath":{"path":"","propertyPath":"/SHIP_POINT","modelName":"NewYardModel"},"interaction":{"idSuffix":"inner"}},"clearTextFirst":true,"interactionType":"ENTER_TEXT"}]}
COMMAND: POST /session/ffd02ccbd2ef7f94e44a9324fe7b5a64/execute/async - {"script":"<script> [1562 bytes]","args":[{"selector":{"controlType":"sap.m.Input","viewName":"etm.portal.ui.manageyards.view.New","viewId":"application-manageyards-display-component---NewYard","bindingPath":{"path":"","propertyPath":"/DELIVERY_TYPE","modelName":"NewYardModel"},"interaction":{"idSuffix":"inner"}},"wdio_ui5_key":"etmportal.ui.manageyards.view.Newsap.m.Input{\"path\":\"\",\"propertyPath\":\"/DELIVERY_TYPE\",\"modelName\":\"NewYardModel\"}"}]}
RESULT: {"script":"<script> [1562 bytes]","args":[{"selector":{"controlType":"sap.m.Input","viewName":"etm.portal.ui.manageyards.view.New","viewId":"application-manageyards-display-component---NewYard","bindingPath":{"path":"","propertyPath":"/DELIVERY_TYPE","modelName":"NewYardModel"},"interaction":{"idSuffix":"inner"}},"wdio_ui5_key":"etmportal.ui.manageyards.view.Newsap.m.Input{\"path\":\"\",\"propertyPath\":\"/DELIVERY_TYPE\",\"modelName\":\"NewYardModel\"}"}]}
RESULT: undefined
COMMAND: POST /session/ffd02ccbd2ef7f94e44a9324fe7b5a64/execute/async - {"script":"<script> [776 bytes]","args":[{"enterText":"ZL01","selector":{"controlType":"sap.m.Input","viewName":"etm.portal.ui.manageyards.view.New","viewId":"application-manageyards-display-component---NewYard","bindingPath":{"path":"","propertyPath":"/DELIVERY_TYPE","modelName":"NewYardModel"},"interaction":{"idSuffix":"inner"}},"clearTextFirst":true,"interactionType":"ENTER_TEXT"}]}
RESULT: {"script":"<script> [776 bytes]","args":[{"enterText":"ZL01","selector":{"controlType":"sap.m.Input","viewName":"etm.portal.ui.manageyards.view.New","viewId":"application-manageyards-display-component---NewYard","bindingPath":{"path":"","propertyPath":"/DELIVERY_TYPE","modelName":"NewYardModel"},"interaction":{"idSuffix":"inner"}},"clearTextFirst":true,"interactionType":"ENTER_TEXT"}]}
COMMAND: POST /session/ffd02ccbd2ef7f94e44a9324fe7b5a64/execute/async - {"script":"<script> [1562 bytes]","args":[{"selector":{"controlType":"sap.m.Input","viewName":"etm.portal.ui.manageyards.view.New","viewId":"application-manageyards-display-component---NewYard","bindingPath":{"path":"","propertyPath":"/AUART","modelName":"NewYardModel"},"interaction":{"idSuffix":"inner"}},"wdio_ui5_key":"etmportal.ui.manageyards.view.Newsap.m.Input{\"path\":\"\",\"propertyPath\":\"/AUART\",\"modelName\":\"NewYardModel\"}"}]}
RESULT: {"script":"<script> [1562 bytes]","args":[{"selector":{"controlType":"sap.m.Input","viewName":"etm.portal.ui.manageyards.view.New","viewId":"application-manageyards-display-component---NewYard","bindingPath":{"path":"","propertyPath":"/AUART","modelName":"NewYardModel"},"interaction":{"idSuffix":"inner"}},"wdio_ui5_key":"etmportal.ui.manageyards.view.Newsap.m.Input{\"path\":\"\",\"propertyPath\":\"/AUART\",\"modelName\":\"NewYardModel\"}"}]}
RESULT: undefined
COMMAND: POST /session/ffd02ccbd2ef7f94e44a9324fe7b5a64/execute/async - {"script":"<script> [776 bytes]","args":[{"enterText":"TA","selector":{"controlType":"sap.m.Input","viewName":"etm.portal.ui.manageyards.view.New","viewId":"application-manageyards-display-component---NewYard","bindingPath":{"path":"","propertyPath":"/AUART","modelName":"NewYardModel"},"interaction":{"idSuffix":"inner"}},"clearTextFirst":true,"interactionType":"ENTER_TEXT"}]}
RESULT: {"script":"<script> [776 bytes]","args":[{"enterText":"TA","selector":{"controlType":"sap.m.Input","viewName":"etm.portal.ui.manageyards.view.New","viewId":"application-manageyards-display-component---NewYard","bindingPath":{"path":"","propertyPath":"/AUART","modelName":"NewYardModel"},"interaction":{"idSuffix":"inner"}},"clearTextFirst":true,"interactionType":"ENTER_TEXT"}]}
COMMAND: POST /session/ffd02ccbd2ef7f94e44a9324fe7b5a64/element - {"using":"xpath","value":"//button[@data-kt=\"newYardSaveButton\"]"}
RESULT: {"using":"xpath","value":"//button[@data-kt=\"newYardSaveButton\"]"}
COMMAND: POST /session/ffd02ccbd2ef7f94e44a9324fe7b5a64/element/f.96D49A20C494BCF8563860382D93E39E.d.28C8C7C4D6B3222A3628035C158E6D1B.e.2641/click - {}
RESULT: {}
COMMAND: GET /session/ffd02ccbd2ef7f94e44a9324fe7b5a64/screenshot - {}
RESULT: {}
COMMAND: POST /session/ffd02ccbd2ef7f94e44a9324fe7b5a64/element - {"using":"xpath","value":"//header[contains(@id, 'ObjectPageLayout-headerTitle')]/div[1]/div[2]/div[1]/span[1]"}
RESULT: {"using":"xpath","value":"//header[contains(@id, 'ObjectPageLayout-headerTitle')]/div[1]/div[2]/div[1]/span[1]"}
COMMAND: POST /session/ffd02ccbd2ef7f94e44a9324fe7b5a64/elements - {"using":"xpath","value":"//header[contains(@id, 'ObjectPageLayout-headerTitle')]/div[1]/div[2]/div[1]/span[1]"}
RESULT: {"using":"xpath","value":"//header[contains(@id, 'ObjectPageLayout-headerTitle')]/div[1]/div[2]/div[1]/span[1]"}
COMMAND: POST /session/ffd02ccbd2ef7f94e44a9324fe7b5a64/execute/sync - {"script":"<script> [56 bytes]","args":[{"element-6066-11e4-a52e-4f735466cecf":"f.96D49A20C494BCF8563860382D93E39E.d.28C8C7C4D6B3222A3628035C158E6D1B.e.2964","ELEMENT":"f.96D49A20C494BCF8563860382D93E39E.d.28C8C7C4D6B3222A3628035C158E6D1B.e.2964"}]}
RESULT: {"script":"<script> [56 bytes]","args":[{"element-6066-11e4-a52e-4f735466cecf":"f.96D49A20C494BCF8563860382D93E39E.d.28C8C7C4D6B3222A3628035C158E6D1B.e.2964","ELEMENT":"f.96D49A20C494BCF8563860382D93E39E.d.28C8C7C4D6B3222A3628035C158E6D1B.e.2964"}]}
COMMAND: GET /session/ffd02ccbd2ef7f94e44a9324fe7b5a64/screenshot - {}
RESULT: {}
COMMAND: POST /session/ffd02ccbd2ef7f94e44a9324fe7b5a64/element - {"using":"css selector","value":"#shell-header-logo"}
RESULT: {"using":"css selector","value":"#shell-header-logo"}
COMMAND: POST /session/ffd02ccbd2ef7f94e44a9324fe7b5a64/element/f.96D49A20C494BCF8563860382D93E39E.d.28C8C7C4D6B3222A3628035C158E6D1B.e.2222/click - {}
RESULT: {}
COMMAND: GET /session/ffd02ccbd2ef7f94e44a9324fe7b5a64/screenshot - {}
RESULT: {}
COMMAND: POST /session/ffd02ccbd2ef7f94e44a9324fe7b5a64/execute/sync - {"script":"<script> [299 bytes]","args":[["getModel","getResource"]]}
RESULT: {"script":"<script> [299 bytes]","args":[["getModel","getResource"]]}
COMMAND: GET /session/ffd02ccbd2ef7f94e44a9324fe7b5a64/screenshot - {}
]]></system-out>
    </testcase>
    <testcase classname="chrome.136_0_7103_93.windows.Billing_Transfer_-_Master_data_&amp;_Intercompany_US127250" name="Should create a new partner" time="151.963">
      <system-out><![CDATA[
COMMAND: POST /session/ffd02ccbd2ef7f94e44a9324fe7b5a64/window/fullscreen - {}
RESULT: {}
RESULT: {}
COMMAND: POST /session/ffd02ccbd2ef7f94e44a9324fe7b5a64/execute/async - {"script":"<script> [1562 bytes]","args":[{"selector":{"controlType":"sap.m.GenericTile","properties":{"header":"Manage Partners"}},"wdio_ui5_key":"sapm.GenericTile{\"header\":\"Manage Partners\"}"}]}
RESULT: {"script":"<script> [1562 bytes]","args":[{"selector":{"controlType":"sap.m.GenericTile","properties":{"header":"Manage Partners"}},"wdio_ui5_key":"sapm.GenericTile{\"header\":\"Manage Partners\"}"}]}
RESULT: undefined
COMMAND: POST /session/ffd02ccbd2ef7f94e44a9324fe7b5a64/element - {"using":"xpath","value":"//*[@id=\"__tile38\"]"}
RESULT: {"using":"xpath","value":"//*[@id=\"__tile38\"]"}
COMMAND: POST /session/ffd02ccbd2ef7f94e44a9324fe7b5a64/element/f.96D49A20C494BCF8563860382D93E39E.d.28C8C7C4D6B3222A3628035C158E6D1B.e.2104/click - {}
RESULT: {}
COMMAND: GET /session/ffd02ccbd2ef7f94e44a9324fe7b5a64/screenshot - {}
RESULT: {}
COMMAND: POST /session/ffd02ccbd2ef7f94e44a9324fe7b5a64/elements - {"using":"xpath","value":"//span[text()='Error']"}
RESULT: {"using":"xpath","value":"//span[text()='Error']"}
COMMAND: POST /session/ffd02ccbd2ef7f94e44a9324fe7b5a64/element - {"using":"xpath","value":"//button[@data-kt=\"addButton\"]"}
RESULT: {"using":"xpath","value":"//button[@data-kt=\"addButton\"]"}
COMMAND: POST /session/ffd02ccbd2ef7f94e44a9324fe7b5a64/elements - {"using":"xpath","value":"//button[@data-kt=\"addButton\"]"}
RESULT: {"using":"xpath","value":"//button[@data-kt=\"addButton\"]"}
COMMAND: POST /session/ffd02ccbd2ef7f94e44a9324fe7b5a64/elements - {"using":"xpath","value":"//button[@data-kt=\"addButton\"]"}
RESULT: {"using":"xpath","value":"//button[@data-kt=\"addButton\"]"}
COMMAND: POST /session/ffd02ccbd2ef7f94e44a9324fe7b5a64/element - {"using":"xpath","value":"//button[@data-kt=\"addButton\"]"}
RESULT: {"using":"xpath","value":"//button[@data-kt=\"addButton\"]"}
COMMAND: POST /session/ffd02ccbd2ef7f94e44a9324fe7b5a64/execute/sync - {"script":"<script> [8489 bytes]","args":[{"element-6066-11e4-a52e-4f735466cecf":"f.96D49A20C494BCF8563860382D93E39E.d.28C8C7C4D6B3222A3628035C158E6D1B.e.3003","ELEMENT":"f.96D49A20C494BCF8563860382D93E39E.d.28C8C7C4D6B3222A3628035C158E6D1B.e.3003"}]}
RESULT: {"script":"<script> [8489 bytes]","args":[{"element-6066-11e4-a52e-4f735466cecf":"f.96D49A20C494BCF8563860382D93E39E.d.28C8C7C4D6B3222A3628035C158E6D1B.e.3003","ELEMENT":"f.96D49A20C494BCF8563860382D93E39E.d.28C8C7C4D6B3222A3628035C158E6D1B.e.3003"}]}
COMMAND: GET /session/ffd02ccbd2ef7f94e44a9324fe7b5a64/element/f.96D49A20C494BCF8563860382D93E39E.d.28C8C7C4D6B3222A3628035C158E6D1B.e.3003/enabled - {}
COMMAND: GET /session/ffd02ccbd2ef7f94e44a9324fe7b5a64/screenshot - {}
RESULT: {}
COMMAND: POST /session/ffd02ccbd2ef7f94e44a9324fe7b5a64/execute/sync - {"script":"<script> [8489 bytes]","args":[{"element-6066-11e4-a52e-4f735466cecf":"f.96D49A20C494BCF8563860382D93E39E.d.28C8C7C4D6B3222A3628035C158E6D1B.e.3003","ELEMENT":"f.96D49A20C494BCF8563860382D93E39E.d.28C8C7C4D6B3222A3628035C158E6D1B.e.3003"}]}
COMMAND: GET /session/ffd02ccbd2ef7f94e44a9324fe7b5a64/screenshot - {}
RESULT: {}
RESULT: {"script":"<script> [8489 bytes]","args":[{"element-6066-11e4-a52e-4f735466cecf":"f.96D49A20C494BCF8563860382D93E39E.d.28C8C7C4D6B3222A3628035C158E6D1B.e.3003","ELEMENT":"f.96D49A20C494BCF8563860382D93E39E.d.28C8C7C4D6B3222A3628035C158E6D1B.e.3003"}]}
COMMAND: POST /session/ffd02ccbd2ef7f94e44a9324fe7b5a64/execute/sync - {"script":"<script> [5351 bytes]","args":[{"element-6066-11e4-a52e-4f735466cecf":"f.96D49A20C494BCF8563860382D93E39E.d.28C8C7C4D6B3222A3628035C158E6D1B.e.3003","ELEMENT":"f.96D49A20C494BCF8563860382D93E39E.d.28C8C7C4D6B3222A3628035C158E6D1B.e.3003"}]}
COMMAND: GET /session/ffd02ccbd2ef7f94e44a9324fe7b5a64/screenshot - {}
RESULT: {}
RESULT: {"script":"<script> [5351 bytes]","args":[{"element-6066-11e4-a52e-4f735466cecf":"f.96D49A20C494BCF8563860382D93E39E.d.28C8C7C4D6B3222A3628035C158E6D1B.e.3003","ELEMENT":"f.96D49A20C494BCF8563860382D93E39E.d.28C8C7C4D6B3222A3628035C158E6D1B.e.3003"}]}
COMMAND: POST /session/ffd02ccbd2ef7f94e44a9324fe7b5a64/element/f.96D49A20C494BCF8563860382D93E39E.d.28C8C7C4D6B3222A3628035C158E6D1B.e.3003/click - {}
COMMAND: GET /session/ffd02ccbd2ef7f94e44a9324fe7b5a64/screenshot - {}
RESULT: {}
RESULT: {}
COMMAND: GET /session/ffd02ccbd2ef7f94e44a9324fe7b5a64/screenshot - {}
COMMAND: POST /session/ffd02ccbd2ef7f94e44a9324fe7b5a64/execute/async - {"script":"<script> [1562 bytes]","args":[{"selector":{"id":"application-managepartners-display-component---NewPartner--addressDetailDetailsName1","interaction":{"idSuffix":"inner"}},"wdio_ui5_key":"applicationmanagepartners-display-component---NewPartner--addressDetailDetailsName1"}]}
RESULT: {}
RESULT: {}
RESULT: {"script":"<script> [1562 bytes]","args":[{"selector":{"id":"application-managepartners-display-component---NewPartner--addressDetailDetailsName1","interaction":{"idSuffix":"inner"}},"wdio_ui5_key":"applicationmanagepartners-display-component---NewPartner--addressDetailDetailsName1"}]}
RESULT: undefined
COMMAND: POST /session/ffd02ccbd2ef7f94e44a9324fe7b5a64/execute/async - {"script":"<script> [776 bytes]","args":[{"enterText":"Intercompany Partner WDIO","selector":{"id":"application-managepartners-display-component---NewPartner--addressDetailDetailsName1","interaction":{"idSuffix":"inner"}},"clearTextFirst":true,"interactionType":"ENTER_TEXT"}]}
RESULT: {"script":"<script> [776 bytes]","args":[{"enterText":"Intercompany Partner WDIO","selector":{"id":"application-managepartners-display-component---NewPartner--addressDetailDetailsName1","interaction":{"idSuffix":"inner"}},"clearTextFirst":true,"interactionType":"ENTER_TEXT"}]}
COMMAND: POST /session/ffd02ccbd2ef7f94e44a9324fe7b5a64/execute/async - {"script":"<script> [1562 bytes]","args":[{"selector":{"id":"application-managepartners-display-component---NewPartner--addressDetailDetailsLanguage-arrow"},"wdio_ui5_key":"applicationmanagepartners-display-component---NewPartner--addressDetailDetailsLanguage-arrow"}]}
RESULT: {"script":"<script> [1562 bytes]","args":[{"selector":{"id":"application-managepartners-display-component---NewPartner--addressDetailDetailsLanguage-arrow"},"wdio_ui5_key":"applicationmanagepartners-display-component---NewPartner--addressDetailDetailsLanguage-arrow"}]}
RESULT: undefined
COMMAND: POST /session/ffd02ccbd2ef7f94e44a9324fe7b5a64/element - {"using":"xpath","value":"//*[@id=\"application-managepartners-display-component---NewPartner--addressDetailDetailsLanguage-arrow\"]"}
RESULT: {"using":"xpath","value":"//*[@id=\"application-managepartners-display-component---NewPartner--addressDetailDetailsLanguage-arrow\"]"}
COMMAND: POST /session/ffd02ccbd2ef7f94e44a9324fe7b5a64/element/f.96D49A20C494BCF8563860382D93E39E.d.28C8C7C4D6B3222A3628035C158E6D1B.e.3451/click - {}
RESULT: {}
COMMAND: POST /session/ffd02ccbd2ef7f94e44a9324fe7b5a64/element - {"using":"xpath","value":"//span[contains(text(), \"English\")]"}
COMMAND: GET /session/ffd02ccbd2ef7f94e44a9324fe7b5a64/screenshot - {}
RESULT: {"using":"xpath","value":"//span[contains(text(), \"English\")]"}
COMMAND: POST /session/ffd02ccbd2ef7f94e44a9324fe7b5a64/element/f.96D49A20C494BCF8563860382D93E39E.d.28C8C7C4D6B3222A3628035C158E6D1B.e.3452/click - {}
RESULT: {}
RESULT: {}
COMMAND: GET /session/ffd02ccbd2ef7f94e44a9324fe7b5a64/screenshot - {}
RESULT: {}
COMMAND: POST /session/ffd02ccbd2ef7f94e44a9324fe7b5a64/execute/async - {"script":"<script> [1562 bytes]","args":[{"selector":{"id":"application-managepartners-display-component---NewPartner--addressDetailDetailsCity1","interaction":{"idSuffix":"inner"}},"wdio_ui5_key":"applicationmanagepartners-display-component---NewPartner--addressDetailDetailsCity1"}]}
RESULT: {"script":"<script> [1562 bytes]","args":[{"selector":{"id":"application-managepartners-display-component---NewPartner--addressDetailDetailsCity1","interaction":{"idSuffix":"inner"}},"wdio_ui5_key":"applicationmanagepartners-display-component---NewPartner--addressDetailDetailsCity1"}]}
RESULT: undefined
COMMAND: POST /session/ffd02ccbd2ef7f94e44a9324fe7b5a64/execute/async - {"script":"<script> [776 bytes]","args":[{"enterText":"Rosario","selector":{"id":"application-managepartners-display-component---NewPartner--addressDetailDetailsCity1","interaction":{"idSuffix":"inner"}},"clearTextFirst":true,"interactionType":"ENTER_TEXT"}]}
RESULT: {"script":"<script> [776 bytes]","args":[{"enterText":"Rosario","selector":{"id":"application-managepartners-display-component---NewPartner--addressDetailDetailsCity1","interaction":{"idSuffix":"inner"}},"clearTextFirst":true,"interactionType":"ENTER_TEXT"}]}
COMMAND: POST /session/ffd02ccbd2ef7f94e44a9324fe7b5a64/execute/async - {"script":"<script> [1562 bytes]","args":[{"selector":{"id":"application-managepartners-display-component---NewPartner--addressDetailDetailsCountry-arrow"},"wdio_ui5_key":"applicationmanagepartners-display-component---NewPartner--addressDetailDetailsCountry-arrow"}]}
RESULT: {"script":"<script> [1562 bytes]","args":[{"selector":{"id":"application-managepartners-display-component---NewPartner--addressDetailDetailsCountry-arrow"},"wdio_ui5_key":"applicationmanagepartners-display-component---NewPartner--addressDetailDetailsCountry-arrow"}]}
RESULT: undefined
COMMAND: POST /session/ffd02ccbd2ef7f94e44a9324fe7b5a64/element - {"using":"xpath","value":"//*[@id=\"application-managepartners-display-component---NewPartner--addressDetailDetailsCountry-arrow\"]"}
RESULT: {"using":"xpath","value":"//*[@id=\"application-managepartners-display-component---NewPartner--addressDetailDetailsCountry-arrow\"]"}
COMMAND: POST /session/ffd02ccbd2ef7f94e44a9324fe7b5a64/element/f.96D49A20C494BCF8563860382D93E39E.d.28C8C7C4D6B3222A3628035C158E6D1B.e.3412/click - {}
RESULT: {}
COMMAND: POST /session/ffd02ccbd2ef7f94e44a9324fe7b5a64/element - {"using":"xpath","value":"//span[contains(text(), \"Argentina\")]"}
COMMAND: GET /session/ffd02ccbd2ef7f94e44a9324fe7b5a64/screenshot - {}
RESULT: {"using":"xpath","value":"//span[contains(text(), \"Argentina\")]"}
COMMAND: POST /session/ffd02ccbd2ef7f94e44a9324fe7b5a64/element/f.96D49A20C494BCF8563860382D93E39E.d.28C8C7C4D6B3222A3628035C158E6D1B.e.3454/click - {}
RESULT: {}
RESULT: {}
COMMAND: GET /session/ffd02ccbd2ef7f94e44a9324fe7b5a64/screenshot - {}
RESULT: {}
COMMAND: POST /session/ffd02ccbd2ef7f94e44a9324fe7b5a64/element - {"using":"xpath","value":"//bdi[contains(text(), \"Commercial\")]"}
RESULT: {"using":"xpath","value":"//bdi[contains(text(), \"Commercial\")]"}
COMMAND: POST /session/ffd02ccbd2ef7f94e44a9324fe7b5a64/element/f.96D49A20C494BCF8563860382D93E39E.d.28C8C7C4D6B3222A3628035C158E6D1B.e.3455/click - {}
RESULT: {}
COMMAND: GET /session/ffd02ccbd2ef7f94e44a9324fe7b5a64/screenshot - {}
RESULT: {}
COMMAND: POST /session/ffd02ccbd2ef7f94e44a9324fe7b5a64/execute/async - {"script":"<script> [1562 bytes]","args":[{"selector":{"id":"application-managepartners-display-component---NewPartner--partnerDetailInternal-arrow"},"wdio_ui5_key":"applicationmanagepartners-display-component---NewPartner--partnerDetailInternal-arrow"}]}
RESULT: {"script":"<script> [1562 bytes]","args":[{"selector":{"id":"application-managepartners-display-component---NewPartner--partnerDetailInternal-arrow"},"wdio_ui5_key":"applicationmanagepartners-display-component---NewPartner--partnerDetailInternal-arrow"}]}
RESULT: undefined
COMMAND: POST /session/ffd02ccbd2ef7f94e44a9324fe7b5a64/element - {"using":"xpath","value":"//*[@id=\"application-managepartners-display-component---NewPartner--partnerDetailInternal-arrow\"]"}
RESULT: {"using":"xpath","value":"//*[@id=\"application-managepartners-display-component---NewPartner--partnerDetailInternal-arrow\"]"}
COMMAND: POST /session/ffd02ccbd2ef7f94e44a9324fe7b5a64/element/f.96D49A20C494BCF8563860382D93E39E.d.28C8C7C4D6B3222A3628035C158E6D1B.e.3463/click - {}
RESULT: {}
COMMAND: POST /session/ffd02ccbd2ef7f94e44a9324fe7b5a64/element - {"using":"xpath","value":"//span[contains(text(), \"Affiliated company\")]"}
COMMAND: GET /session/ffd02ccbd2ef7f94e44a9324fe7b5a64/screenshot - {}
RESULT: {"using":"xpath","value":"//span[contains(text(), \"Affiliated company\")]"}
COMMAND: POST /session/ffd02ccbd2ef7f94e44a9324fe7b5a64/element/f.96D49A20C494BCF8563860382D93E39E.d.28C8C7C4D6B3222A3628035C158E6D1B.e.3464/click - {}
RESULT: {}
RESULT: {}
COMMAND: POST /session/ffd02ccbd2ef7f94e44a9324fe7b5a64/execute/async - {"script":"<script> [1562 bytes]","args":[{"selector":{"id":"application-managepartners-display-component---NewPartner--partnerDetailsCurrency-arrow"},"wdio_ui5_key":"applicationmanagepartners-display-component---NewPartner--partnerDetailsCurrency-arrow"}]}
COMMAND: GET /session/ffd02ccbd2ef7f94e44a9324fe7b5a64/screenshot - {}
RESULT: {"script":"<script> [1562 bytes]","args":[{"selector":{"id":"application-managepartners-display-component---NewPartner--partnerDetailsCurrency-arrow"},"wdio_ui5_key":"applicationmanagepartners-display-component---NewPartner--partnerDetailsCurrency-arrow"}]}
RESULT: undefined
COMMAND: POST /session/ffd02ccbd2ef7f94e44a9324fe7b5a64/element - {"using":"xpath","value":"//*[@id=\"application-managepartners-display-component---NewPartner--partnerDetailsCurrency-arrow\"]"}
RESULT: {}
RESULT: {"using":"xpath","value":"//*[@id=\"application-managepartners-display-component---NewPartner--partnerDetailsCurrency-arrow\"]"}
COMMAND: POST /session/ffd02ccbd2ef7f94e44a9324fe7b5a64/element/f.96D49A20C494BCF8563860382D93E39E.d.28C8C7C4D6B3222A3628035C158E6D1B.e.3471/click - {}
RESULT: {}
COMMAND: POST /session/ffd02ccbd2ef7f94e44a9324fe7b5a64/element - {"using":"xpath","value":"//span[contains(text(), \"Euro\")]"}
COMMAND: GET /session/ffd02ccbd2ef7f94e44a9324fe7b5a64/screenshot - {}
RESULT: {"using":"xpath","value":"//span[contains(text(), \"Euro\")]"}
COMMAND: POST /session/ffd02ccbd2ef7f94e44a9324fe7b5a64/element/f.96D49A20C494BCF8563860382D93E39E.d.28C8C7C4D6B3222A3628035C158E6D1B.e.3472/click - {}
RESULT: {}
RESULT: {}
COMMAND: POST /session/ffd02ccbd2ef7f94e44a9324fe7b5a64/execute/async - {"script":"<script> [1562 bytes]","args":[{"selector":{"id":"application-managepartners-display-component---NewPartner--addressEditDetailsCostObjectCstType-arrow"},"wdio_ui5_key":"applicationmanagepartners-display-component---NewPartner--addressEditDetailsCostObjectCstType-arrow"}]}
COMMAND: GET /session/ffd02ccbd2ef7f94e44a9324fe7b5a64/screenshot - {}
RESULT: {"script":"<script> [1562 bytes]","args":[{"selector":{"id":"application-managepartners-display-component---NewPartner--addressEditDetailsCostObjectCstType-arrow"},"wdio_ui5_key":"applicationmanagepartners-display-component---NewPartner--addressEditDetailsCostObjectCstType-arrow"}]}
RESULT: undefined
COMMAND: POST /session/ffd02ccbd2ef7f94e44a9324fe7b5a64/element - {"using":"xpath","value":"//*[@id=\"application-managepartners-display-component---NewPartner--addressEditDetailsCostObjectCstType-arrow\"]"}
RESULT: {}
RESULT: {"using":"xpath","value":"//*[@id=\"application-managepartners-display-component---NewPartner--addressEditDetailsCostObjectCstType-arrow\"]"}
COMMAND: POST /session/ffd02ccbd2ef7f94e44a9324fe7b5a64/element/f.96D49A20C494BCF8563860382D93E39E.d.28C8C7C4D6B3222A3628035C158E6D1B.e.3473/click - {}
RESULT: {}
COMMAND: POST /session/ffd02ccbd2ef7f94e44a9324fe7b5a64/element - {"using":"xpath","value":"//span[contains(text(), \"Cost Center\")]"}
COMMAND: GET /session/ffd02ccbd2ef7f94e44a9324fe7b5a64/screenshot - {}
RESULT: {"using":"xpath","value":"//span[contains(text(), \"Cost Center\")]"}
COMMAND: POST /session/ffd02ccbd2ef7f94e44a9324fe7b5a64/element/f.96D49A20C494BCF8563860382D93E39E.d.28C8C7C4D6B3222A3628035C158E6D1B.e.3474/click - {}
RESULT: {}
RESULT: {}
COMMAND: GET /session/ffd02ccbd2ef7f94e44a9324fe7b5a64/screenshot - {}
COMMAND: POST /session/ffd02ccbd2ef7f94e44a9324fe7b5a64/element - {"using":"xpath","value":"//span[@id=\"application-managepartners-display-component---NewPartner--addressNewCostObjectCstID-vhi\"]"}
RESULT: {}
RESULT: {"using":"xpath","value":"//span[@id=\"application-managepartners-display-component---NewPartner--addressNewCostObjectCstID-vhi\"]"}
COMMAND: POST /session/ffd02ccbd2ef7f94e44a9324fe7b5a64/execute/sync - {"script":"<script> [8489 bytes]","args":[{"element-6066-11e4-a52e-4f735466cecf":"f.96D49A20C494BCF8563860382D93E39E.d.28C8C7C4D6B3222A3628035C158E6D1B.e.3478","ELEMENT":"f.96D49A20C494BCF8563860382D93E39E.d.28C8C7C4D6B3222A3628035C158E6D1B.e.3478"}]}
RESULT: {"script":"<script> [8489 bytes]","args":[{"element-6066-11e4-a52e-4f735466cecf":"f.96D49A20C494BCF8563860382D93E39E.d.28C8C7C4D6B3222A3628035C158E6D1B.e.3478","ELEMENT":"f.96D49A20C494BCF8563860382D93E39E.d.28C8C7C4D6B3222A3628035C158E6D1B.e.3478"}]}
COMMAND: POST /session/ffd02ccbd2ef7f94e44a9324fe7b5a64/execute/async - {"script":"<script> [1562 bytes]","args":[{"selector":{"id":"application-managepartners-display-component---NewPartner--addressNewCostObjectCstID-vhi"},"wdio_ui5_key":"applicationmanagepartners-display-component---NewPartner--addressNewCostObjectCstID-vhi"}]}
COMMAND: GET /session/ffd02ccbd2ef7f94e44a9324fe7b5a64/screenshot - {}
RESULT: {"script":"<script> [1562 bytes]","args":[{"selector":{"id":"application-managepartners-display-component---NewPartner--addressNewCostObjectCstID-vhi"},"wdio_ui5_key":"applicationmanagepartners-display-component---NewPartner--addressNewCostObjectCstID-vhi"}]}
RESULT: undefined
COMMAND: POST /session/ffd02ccbd2ef7f94e44a9324fe7b5a64/element - {"using":"xpath","value":"//*[@id=\"application-managepartners-display-component---NewPartner--addressNewCostObjectCstID-vhi\"]"}
RESULT: {}
RESULT: {"using":"xpath","value":"//*[@id=\"application-managepartners-display-component---NewPartner--addressNewCostObjectCstID-vhi\"]"}
COMMAND: POST /session/ffd02ccbd2ef7f94e44a9324fe7b5a64/element/f.96D49A20C494BCF8563860382D93E39E.d.28C8C7C4D6B3222A3628035C158E6D1B.e.3478/click - {}
RESULT: {}
COMMAND: GET /session/ffd02ccbd2ef7f94e44a9324fe7b5a64/screenshot - {}
RESULT: {}
RESULT: undefined
COMMAND: POST /session/ffd02ccbd2ef7f94e44a9324fe7b5a64/execute/async - {"script":"<script> [776 bytes]","args":[{"enterText":"10001013","selector":{"controlType":"sap.m.SearchField","properties":{"placeholder":"Search"},"searchOpenDialogs":true,"interaction":{"idSuffix":"I"}},"clearTextFirst":true,"interactionType":"ENTER_TEXT"}]}
RESULT: {"script":"<script> [776 bytes]","args":[{"enterText":"10001013","selector":{"controlType":"sap.m.SearchField","properties":{"placeholder":"Search"},"searchOpenDialogs":true,"interaction":{"idSuffix":"I"}},"clearTextFirst":true,"interactionType":"ENTER_TEXT"}]}
COMMAND: POST /session/ffd02ccbd2ef7f94e44a9324fe7b5a64/actions - {"actions":[{"id":"action2","type":"key","parameters":{},"actions":[{"type":"keyDown","value":""},{"type":"pause","duration":10},{"type":"keyUp","value":""}]}]}
RESULT: {"actions":[{"id":"action2","type":"key","parameters":{},"actions":[{"type":"keyDown","value":""},{"type":"pause","duration":10},{"type":"keyUp","value":""}]}]}
COMMAND: GET /session/ffd02ccbd2ef7f94e44a9324fe7b5a64/screenshot - {}
RESULT: {}
COMMAND: POST /session/ffd02ccbd2ef7f94e44a9324fe7b5a64/element - {"using":"xpath","value":"//span[contains(text(), \"General Management\")]"}
RESULT: {"using":"xpath","value":"//span[contains(text(), \"General Management\")]"}
COMMAND: POST /session/ffd02ccbd2ef7f94e44a9324fe7b5a64/element/f.96D49A20C494BCF8563860382D93E39E.d.28C8C7C4D6B3222A3628035C158E6D1B.e.3517/click - {}
RESULT: {}
COMMAND: GET /session/ffd02ccbd2ef7f94e44a9324fe7b5a64/screenshot - {}
RESULT: {}
COMMAND: POST /session/ffd02ccbd2ef7f94e44a9324fe7b5a64/element - {"using":"xpath","value":"//bdi[contains(text(), \"OK\")]"}
RESULT: {"using":"xpath","value":"//bdi[contains(text(), \"OK\")]"}
COMMAND: POST /session/ffd02ccbd2ef7f94e44a9324fe7b5a64/element/f.96D49A20C494BCF8563860382D93E39E.d.28C8C7C4D6B3222A3628035C158E6D1B.e.3518/click - {}
RESULT: {}
COMMAND: GET /session/ffd02ccbd2ef7f94e44a9324fe7b5a64/screenshot - {}
RESULT: {}
COMMAND: POST /session/ffd02ccbd2ef7f94e44a9324fe7b5a64/element - {"using":"xpath","value":"//input[@id=\"application-managepartners-display-component---NewPartner--companyCodeComboBox-inner\"]"}
RESULT: {"using":"xpath","value":"//input[@id=\"application-managepartners-display-component---NewPartner--companyCodeComboBox-inner\"]"}
COMMAND: POST /session/ffd02ccbd2ef7f94e44a9324fe7b5a64/element/f.96D49A20C494BCF8563860382D93E39E.d.28C8C7C4D6B3222A3628035C158E6D1B.e.3327/clear - {}
RESULT: {}
COMMAND: POST /session/ffd02ccbd2ef7f94e44a9324fe7b5a64/element/f.96D49A20C494BCF8563860382D93E39E.d.28C8C7C4D6B3222A3628035C158E6D1B.e.3327/value - {"text":"C002"}
COMMAND: GET /session/ffd02ccbd2ef7f94e44a9324fe7b5a64/screenshot - {}
RESULT: {"text":"C002"}
COMMAND: GET /session/ffd02ccbd2ef7f94e44a9324fe7b5a64/screenshot - {}
RESULT: {}
RESULT: {}
COMMAND: POST /session/ffd02ccbd2ef7f94e44a9324fe7b5a64/element - {"using":"xpath","value":"//li[.//span[text()= \"C002\"]]"}
RESULT: {"using":"xpath","value":"//li[.//span[text()= \"C002\"]]"}
COMMAND: POST /session/ffd02ccbd2ef7f94e44a9324fe7b5a64/element/f.96D49A20C494BCF8563860382D93E39E.d.28C8C7C4D6B3222A3628035C158E6D1B.e.3524/click - {}
RESULT: {}
COMMAND: GET /session/ffd02ccbd2ef7f94e44a9324fe7b5a64/screenshot - {}
RESULT: {}
COMMAND: POST /session/ffd02ccbd2ef7f94e44a9324fe7b5a64/execute/async - {"script":"<script> [1562 bytes]","args":[{"selector":{"id":"application-managepartners-display-component---NewPartner--btnAddTableRow-img"},"wdio_ui5_key":"applicationmanagepartners-display-component---NewPartner--btnAddTableRow-img"}]}
RESULT: {"script":"<script> [1562 bytes]","args":[{"selector":{"id":"application-managepartners-display-component---NewPartner--btnAddTableRow-img"},"wdio_ui5_key":"applicationmanagepartners-display-component---NewPartner--btnAddTableRow-img"}]}
RESULT: undefined
COMMAND: POST /session/ffd02ccbd2ef7f94e44a9324fe7b5a64/element - {"using":"xpath","value":"//*[@id=\"application-managepartners-display-component---NewPartner--btnAddTableRow-img\"]"}
RESULT: {"using":"xpath","value":"//*[@id=\"application-managepartners-display-component---NewPartner--btnAddTableRow-img\"]"}
COMMAND: POST /session/ffd02ccbd2ef7f94e44a9324fe7b5a64/element/f.96D49A20C494BCF8563860382D93E39E.d.28C8C7C4D6B3222A3628035C158E6D1B.e.3525/click - {}
RESULT: {}
COMMAND: GET /session/ffd02ccbd2ef7f94e44a9324fe7b5a64/screenshot - {}
RESULT: {}
COMMAND: POST /session/ffd02ccbd2ef7f94e44a9324fe7b5a64/element - {"using":"xpath","value":"//input[@id=\"application-managepartners-display-component---NewPartner--assignmentYard-application-managepartners-display-component---NewPartner--assignmentsTable-0-inner\"]"}
RESULT: {"using":"xpath","value":"//input[@id=\"application-managepartners-display-component---NewPartner--assignmentYard-application-managepartners-display-component---NewPartner--assignmentsTable-0-inner\"]"}
COMMAND: POST /session/ffd02ccbd2ef7f94e44a9324fe7b5a64/element/f.96D49A20C494BCF8563860382D93E39E.d.28C8C7C4D6B3222A3628035C158E6D1B.e.3528/clear - {}
RESULT: {}
COMMAND: POST /session/ffd02ccbd2ef7f94e44a9324fe7b5a64/element/f.96D49A20C494BCF8563860382D93E39E.d.28C8C7C4D6B3222A3628035C158E6D1B.e.3528/value - {"text":"680"}
COMMAND: GET /session/ffd02ccbd2ef7f94e44a9324fe7b5a64/screenshot - {}
RESULT: {"text":"680"}
COMMAND: GET /session/ffd02ccbd2ef7f94e44a9324fe7b5a64/screenshot - {}
RESULT: {}
RESULT: {}
COMMAND: POST /session/ffd02ccbd2ef7f94e44a9324fe7b5a64/element - {"using":"xpath","value":"//li[.//span[text()='680']]"}
RESULT: {"using":"xpath","value":"//li[.//span[text()='680']]"}
COMMAND: POST /session/ffd02ccbd2ef7f94e44a9324fe7b5a64/element/f.96D49A20C494BCF8563860382D93E39E.d.28C8C7C4D6B3222A3628035C158E6D1B.e.3537/click - {}
RESULT: {}
COMMAND: GET /session/ffd02ccbd2ef7f94e44a9324fe7b5a64/screenshot - {}
RESULT: {}
COMMAND: POST /session/ffd02ccbd2ef7f94e44a9324fe7b5a64/actions - {"actions":[{"id":"action3","type":"key","parameters":{},"actions":[{"type":"keyDown","value":""},{"type":"pause","duration":10},{"type":"keyUp","value":""}]}]}
RESULT: {"actions":[{"id":"action3","type":"key","parameters":{},"actions":[{"type":"keyDown","value":""},{"type":"pause","duration":10},{"type":"keyUp","value":""}]}]}
COMMAND: POST /session/ffd02ccbd2ef7f94e44a9324fe7b5a64/execute/async - {"script":"<script> [1562 bytes]","args":[{"selector":{"id":"application-managepartners-display-component---NewPartner--externalCustomerComboBox-application-managepartners-display-component---NewPartner--assignmentsTable-0-vhi"},"wdio_ui5_key":"applicationmanagepartners-display-component---NewPartner--externalCustomerComboBox-application-managepartners-display-component---NewPartner--assignmentsTable-0-vhi"}]}
COMMAND: GET /session/ffd02ccbd2ef7f94e44a9324fe7b5a64/screenshot - {}
RESULT: {"script":"<script> [1562 bytes]","args":[{"selector":{"id":"application-managepartners-display-component---NewPartner--externalCustomerComboBox-application-managepartners-display-component---NewPartner--assignmentsTable-0-vhi"},"wdio_ui5_key":"applicationmanagepartners-display-component---NewPartner--externalCustomerComboBox-application-managepartners-display-component---NewPartner--assignmentsTable-0-vhi"}]}
RESULT: undefined
COMMAND: POST /session/ffd02ccbd2ef7f94e44a9324fe7b5a64/element - {"using":"xpath","value":"//*[@id=\"application-managepartners-display-component---NewPartner--externalCustomerComboBox-application-managepartners-display-component---NewPartner--assignmentsTable-0-vhi\"]"}
RESULT: {}
RESULT: {"using":"xpath","value":"//*[@id=\"application-managepartners-display-component---NewPartner--externalCustomerComboBox-application-managepartners-display-component---NewPartner--assignmentsTable-0-vhi\"]"}
COMMAND: POST /session/ffd02ccbd2ef7f94e44a9324fe7b5a64/element/f.96D49A20C494BCF8563860382D93E39E.d.28C8C7C4D6B3222A3628035C158E6D1B.e.3541/click - {}
RESULT: {}
RESULT: undefined
COMMAND: POST /session/ffd02ccbd2ef7f94e44a9324fe7b5a64/execute/async - {"script":"<script> [776 bytes]","args":[{"enterText":"300003","selector":{"controlType":"sap.m.SearchField","properties":{"placeholder":"Search"},"searchOpenDialogs":true,"interaction":{"idSuffix":"I"}},"clearTextFirst":true,"interactionType":"ENTER_TEXT"}]}
COMMAND: GET /session/ffd02ccbd2ef7f94e44a9324fe7b5a64/screenshot - {}
RESULT: {"script":"<script> [776 bytes]","args":[{"enterText":"300003","selector":{"controlType":"sap.m.SearchField","properties":{"placeholder":"Search"},"searchOpenDialogs":true,"interaction":{"idSuffix":"I"}},"clearTextFirst":true,"interactionType":"ENTER_TEXT"}]}
COMMAND: POST /session/ffd02ccbd2ef7f94e44a9324fe7b5a64/actions - {"actions":[{"id":"action4","type":"key","parameters":{},"actions":[{"type":"keyDown","value":""},{"type":"pause","duration":10},{"type":"keyUp","value":""}]}]}
RESULT: {}
RESULT: {"actions":[{"id":"action4","type":"key","parameters":{},"actions":[{"type":"keyDown","value":""},{"type":"pause","duration":10},{"type":"keyUp","value":""}]}]}
COMMAND: GET /session/ffd02ccbd2ef7f94e44a9324fe7b5a64/screenshot - {}
RESULT: {}
COMMAND: POST /session/ffd02ccbd2ef7f94e44a9324fe7b5a64/element - {"using":"xpath","value":"//span[contains(text(), \"300003\")]"}
RESULT: {"using":"xpath","value":"//span[contains(text(), \"300003\")]"}
COMMAND: POST /session/ffd02ccbd2ef7f94e44a9324fe7b5a64/element/f.96D49A20C494BCF8563860382D93E39E.d.28C8C7C4D6B3222A3628035C158E6D1B.e.3547/click - {}
RESULT: {}
COMMAND: GET /session/ffd02ccbd2ef7f94e44a9324fe7b5a64/screenshot - {}
RESULT: {}
COMMAND: POST /session/ffd02ccbd2ef7f94e44a9324fe7b5a64/element - {"using":"xpath","value":"//bdi[contains(text(), \"OK\")]"}
RESULT: {"using":"xpath","value":"//bdi[contains(text(), \"OK\")]"}
COMMAND: POST /session/ffd02ccbd2ef7f94e44a9324fe7b5a64/element/f.96D49A20C494BCF8563860382D93E39E.d.28C8C7C4D6B3222A3628035C158E6D1B.e.3549/click - {}
RESULT: {}
COMMAND: GET /session/ffd02ccbd2ef7f94e44a9324fe7b5a64/screenshot - {}
RESULT: {}
COMMAND: POST /session/ffd02ccbd2ef7f94e44a9324fe7b5a64/execute/async - {"script":"<script> [1562 bytes]","args":[{"selector":{"id":"application-managepartners-display-component---NewPartner--intercompVendorComboBox-application-managepartners-display-component---NewPartner--assignmentsTable-0-vhi"},"wdio_ui5_key":"applicationmanagepartners-display-component---NewPartner--intercompVendorComboBox-application-managepartners-display-component---NewPartner--assignmentsTable-0-vhi"}]}
RESULT: {"script":"<script> [1562 bytes]","args":[{"selector":{"id":"application-managepartners-display-component---NewPartner--intercompVendorComboBox-application-managepartners-display-component---NewPartner--assignmentsTable-0-vhi"},"wdio_ui5_key":"applicationmanagepartners-display-component---NewPartner--intercompVendorComboBox-application-managepartners-display-component---NewPartner--assignmentsTable-0-vhi"}]}
RESULT: undefined
COMMAND: POST /session/ffd02ccbd2ef7f94e44a9324fe7b5a64/element - {"using":"xpath","value":"//*[@id=\"application-managepartners-display-component---NewPartner--intercompVendorComboBox-application-managepartners-display-component---NewPartner--assignmentsTable-0-vhi\"]"}
RESULT: {"using":"xpath","value":"//*[@id=\"application-managepartners-display-component---NewPartner--intercompVendorComboBox-application-managepartners-display-component---NewPartner--assignmentsTable-0-vhi\"]"}
COMMAND: POST /session/ffd02ccbd2ef7f94e44a9324fe7b5a64/element/f.96D49A20C494BCF8563860382D93E39E.d.28C8C7C4D6B3222A3628035C158E6D1B.e.3552/click - {}
RESULT: {}
RESULT: undefined
COMMAND: POST /session/ffd02ccbd2ef7f94e44a9324fe7b5a64/execute/async - {"script":"<script> [776 bytes]","args":[{"enterText":"100005","selector":{"controlType":"sap.m.SearchField","properties":{"placeholder":"Search"},"searchOpenDialogs":true,"interaction":{"idSuffix":"I"}},"clearTextFirst":true,"interactionType":"ENTER_TEXT"}]}
COMMAND: GET /session/ffd02ccbd2ef7f94e44a9324fe7b5a64/screenshot - {}
RESULT: {"script":"<script> [776 bytes]","args":[{"enterText":"100005","selector":{"controlType":"sap.m.SearchField","properties":{"placeholder":"Search"},"searchOpenDialogs":true,"interaction":{"idSuffix":"I"}},"clearTextFirst":true,"interactionType":"ENTER_TEXT"}]}
COMMAND: POST /session/ffd02ccbd2ef7f94e44a9324fe7b5a64/actions - {"actions":[{"id":"action5","type":"key","parameters":{},"actions":[{"type":"keyDown","value":""},{"type":"pause","duration":10},{"type":"keyUp","value":""}]}]}
RESULT: {}
RESULT: {"actions":[{"id":"action5","type":"key","parameters":{},"actions":[{"type":"keyDown","value":""},{"type":"pause","duration":10},{"type":"keyUp","value":""}]}]}
COMMAND: GET /session/ffd02ccbd2ef7f94e44a9324fe7b5a64/screenshot - {}
RESULT: {}
COMMAND: POST /session/ffd02ccbd2ef7f94e44a9324fe7b5a64/element - {"using":"xpath","value":"//span[contains(text(), \"Penguins - Field/12345 Berlin\")]"}
RESULT: {"using":"xpath","value":"//span[contains(text(), \"Penguins - Field/12345 Berlin\")]"}
COMMAND: POST /session/ffd02ccbd2ef7f94e44a9324fe7b5a64/element/f.96D49A20C494BCF8563860382D93E39E.d.28C8C7C4D6B3222A3628035C158E6D1B.e.3571/click - {}
RESULT: {}
COMMAND: GET /session/ffd02ccbd2ef7f94e44a9324fe7b5a64/screenshot - {}
RESULT: {}
COMMAND: POST /session/ffd02ccbd2ef7f94e44a9324fe7b5a64/element - {"using":"xpath","value":"//bdi[contains(text(), \"OK\")]"}
RESULT: {"using":"xpath","value":"//bdi[contains(text(), \"OK\")]"}
COMMAND: POST /session/ffd02ccbd2ef7f94e44a9324fe7b5a64/element/f.96D49A20C494BCF8563860382D93E39E.d.28C8C7C4D6B3222A3628035C158E6D1B.e.3572/click - {}
RESULT: {}
COMMAND: GET /session/ffd02ccbd2ef7f94e44a9324fe7b5a64/screenshot - {}
RESULT: {}
COMMAND: POST /session/ffd02ccbd2ef7f94e44a9324fe7b5a64/element - {"using":"xpath","value":"//button[@data-kt=\"saveButton\"]"}
RESULT: {"using":"xpath","value":"//button[@data-kt=\"saveButton\"]"}
COMMAND: POST /session/ffd02ccbd2ef7f94e44a9324fe7b5a64/element/f.96D49A20C494BCF8563860382D93E39E.d.28C8C7C4D6B3222A3628035C158E6D1B.e.3370/click - {}
RESULT: {}
COMMAND: GET /session/ffd02ccbd2ef7f94e44a9324fe7b5a64/screenshot - {}
RESULT: {}
COMMAND: POST /session/ffd02ccbd2ef7f94e44a9324fe7b5a64/element - {"using":"xpath","value":"//header[contains(@id, 'ObjectPageLayout-headerTitle')]/div[1]/div[2]/div[2]/span[1]"}
RESULT: {"using":"xpath","value":"//header[contains(@id, 'ObjectPageLayout-headerTitle')]/div[1]/div[2]/div[2]/span[1]"}
COMMAND: POST /session/ffd02ccbd2ef7f94e44a9324fe7b5a64/elements - {"using":"xpath","value":"//header[contains(@id, 'ObjectPageLayout-headerTitle')]/div[1]/div[2]/div[2]/span[1]"}
RESULT: {"using":"xpath","value":"//header[contains(@id, 'ObjectPageLayout-headerTitle')]/div[1]/div[2]/div[2]/span[1]"}
COMMAND: POST /session/ffd02ccbd2ef7f94e44a9324fe7b5a64/execute/sync - {"script":"<script> [56 bytes]","args":[{"element-6066-11e4-a52e-4f735466cecf":"f.96D49A20C494BCF8563860382D93E39E.d.28C8C7C4D6B3222A3628035C158E6D1B.e.3734","ELEMENT":"f.96D49A20C494BCF8563860382D93E39E.d.28C8C7C4D6B3222A3628035C158E6D1B.e.3734"}]}
RESULT: {"script":"<script> [56 bytes]","args":[{"element-6066-11e4-a52e-4f735466cecf":"f.96D49A20C494BCF8563860382D93E39E.d.28C8C7C4D6B3222A3628035C158E6D1B.e.3734","ELEMENT":"f.96D49A20C494BCF8563860382D93E39E.d.28C8C7C4D6B3222A3628035C158E6D1B.e.3734"}]}
COMMAND: POST /session/ffd02ccbd2ef7f94e44a9324fe7b5a64/element - {"using":"css selector","value":"#shell-header-logo"}
COMMAND: GET /session/ffd02ccbd2ef7f94e44a9324fe7b5a64/screenshot - {}
RESULT: {"using":"css selector","value":"#shell-header-logo"}
COMMAND: POST /session/ffd02ccbd2ef7f94e44a9324fe7b5a64/element/f.96D49A20C494BCF8563860382D93E39E.d.28C8C7C4D6B3222A3628035C158E6D1B.e.2969/click - {}
RESULT: {}
RESULT: {}
COMMAND: GET /session/ffd02ccbd2ef7f94e44a9324fe7b5a64/screenshot - {}
RESULT: {}
COMMAND: POST /session/ffd02ccbd2ef7f94e44a9324fe7b5a64/execute/sync - {"script":"<script> [299 bytes]","args":[["getModel","getResource"]]}
RESULT: {"script":"<script> [299 bytes]","args":[["getModel","getResource"]]}
]]></system-out>
    </testcase>
    <testcase classname="chrome.136_0_7103_93.windows.Billing_Transfer_-_Master_data_&amp;_Intercompany_US127250" name="Should create a new site" time="176.262">
      <system-out><![CDATA[
COMMAND: POST /session/ffd02ccbd2ef7f94e44a9324fe7b5a64/execute/async - {"script":"<script> [1562 bytes]","args":[{"selector":{"controlType":"sap.m.GenericTile","properties":{"header":"Manage Sites"}},"wdio_ui5_key":"sapm.GenericTile{\"header\":\"Manage Sites\"}"}]}
COMMAND: GET /session/ffd02ccbd2ef7f94e44a9324fe7b5a64/screenshot - {}
RESULT: {"script":"<script> [1562 bytes]","args":[{"selector":{"controlType":"sap.m.GenericTile","properties":{"header":"Manage Sites"}},"wdio_ui5_key":"sapm.GenericTile{\"header\":\"Manage Sites\"}"}]}
RESULT: undefined
COMMAND: POST /session/ffd02ccbd2ef7f94e44a9324fe7b5a64/element - {"using":"xpath","value":"//*[@id=\"__tile40\"]"}
RESULT: {}
RESULT: {"using":"xpath","value":"//*[@id=\"__tile40\"]"}
COMMAND: POST /session/ffd02ccbd2ef7f94e44a9324fe7b5a64/element/f.96D49A20C494BCF8563860382D93E39E.d.28C8C7C4D6B3222A3628035C158E6D1B.e.2110/click - {}
RESULT: {}
COMMAND: GET /session/ffd02ccbd2ef7f94e44a9324fe7b5a64/screenshot - {}
RESULT: {}
COMMAND: POST /session/ffd02ccbd2ef7f94e44a9324fe7b5a64/elements - {"using":"xpath","value":"//span[text()='Error']"}
RESULT: {"using":"xpath","value":"//span[text()='Error']"}
COMMAND: POST /session/ffd02ccbd2ef7f94e44a9324fe7b5a64/element - {"using":"xpath","value":"//button[@data-kt=\"addOverflowToolbarButton\"]"}
RESULT: {"using":"xpath","value":"//button[@data-kt=\"addOverflowToolbarButton\"]"}
COMMAND: POST /session/ffd02ccbd2ef7f94e44a9324fe7b5a64/elements - {"using":"xpath","value":"//button[@data-kt=\"addOverflowToolbarButton\"]"}
RESULT: {"using":"xpath","value":"//button[@data-kt=\"addOverflowToolbarButton\"]"}
COMMAND: POST /session/ffd02ccbd2ef7f94e44a9324fe7b5a64/execute/sync - {"script":"<script> [8489 bytes]","args":[{"element-6066-11e4-a52e-4f735466cecf":"f.96D49A20C494BCF8563860382D93E39E.d.28C8C7C4D6B3222A3628035C158E6D1B.e.3781","ELEMENT":"f.96D49A20C494BCF8563860382D93E39E.d.28C8C7C4D6B3222A3628035C158E6D1B.e.3781"}]}
RESULT: {"script":"<script> [8489 bytes]","args":[{"element-6066-11e4-a52e-4f735466cecf":"f.96D49A20C494BCF8563860382D93E39E.d.28C8C7C4D6B3222A3628035C158E6D1B.e.3781","ELEMENT":"f.96D49A20C494BCF8563860382D93E39E.d.28C8C7C4D6B3222A3628035C158E6D1B.e.3781"}]}
COMMAND: GET /session/ffd02ccbd2ef7f94e44a9324fe7b5a64/element/f.96D49A20C494BCF8563860382D93E39E.d.28C8C7C4D6B3222A3628035C158E6D1B.e.3781/enabled - {}
COMMAND: GET /session/ffd02ccbd2ef7f94e44a9324fe7b5a64/screenshot - {}
RESULT: {}
COMMAND: POST /session/ffd02ccbd2ef7f94e44a9324fe7b5a64/execute/sync - {"script":"<script> [8489 bytes]","args":[{"element-6066-11e4-a52e-4f735466cecf":"f.96D49A20C494BCF8563860382D93E39E.d.28C8C7C4D6B3222A3628035C158E6D1B.e.3781","ELEMENT":"f.96D49A20C494BCF8563860382D93E39E.d.28C8C7C4D6B3222A3628035C158E6D1B.e.3781"}]}
COMMAND: GET /session/ffd02ccbd2ef7f94e44a9324fe7b5a64/screenshot - {}
RESULT: {}
RESULT: {"script":"<script> [8489 bytes]","args":[{"element-6066-11e4-a52e-4f735466cecf":"f.96D49A20C494BCF8563860382D93E39E.d.28C8C7C4D6B3222A3628035C158E6D1B.e.3781","ELEMENT":"f.96D49A20C494BCF8563860382D93E39E.d.28C8C7C4D6B3222A3628035C158E6D1B.e.3781"}]}
COMMAND: POST /session/ffd02ccbd2ef7f94e44a9324fe7b5a64/execute/sync - {"script":"<script> [5351 bytes]","args":[{"element-6066-11e4-a52e-4f735466cecf":"f.96D49A20C494BCF8563860382D93E39E.d.28C8C7C4D6B3222A3628035C158E6D1B.e.3781","ELEMENT":"f.96D49A20C494BCF8563860382D93E39E.d.28C8C7C4D6B3222A3628035C158E6D1B.e.3781"}]}
COMMAND: GET /session/ffd02ccbd2ef7f94e44a9324fe7b5a64/screenshot - {}
RESULT: {}
RESULT: {"script":"<script> [5351 bytes]","args":[{"element-6066-11e4-a52e-4f735466cecf":"f.96D49A20C494BCF8563860382D93E39E.d.28C8C7C4D6B3222A3628035C158E6D1B.e.3781","ELEMENT":"f.96D49A20C494BCF8563860382D93E39E.d.28C8C7C4D6B3222A3628035C158E6D1B.e.3781"}]}
COMMAND: POST /session/ffd02ccbd2ef7f94e44a9324fe7b5a64/element/f.96D49A20C494BCF8563860382D93E39E.d.28C8C7C4D6B3222A3628035C158E6D1B.e.3781/click - {}
COMMAND: GET /session/ffd02ccbd2ef7f94e44a9324fe7b5a64/screenshot - {}
RESULT: {}
RESULT: {}
COMMAND: GET /session/ffd02ccbd2ef7f94e44a9324fe7b5a64/screenshot - {}
COMMAND: POST /session/ffd02ccbd2ef7f94e44a9324fe7b5a64/element - {"using":"xpath","value":"//input[@id=\"application-managesites-display-component---NewSite--siteId-inner\"]"}
RESULT: {}
RESULT: {}
RESULT: {"using":"xpath","value":"//input[@id=\"application-managesites-display-component---NewSite--siteId-inner\"]"}
COMMAND: POST /session/ffd02ccbd2ef7f94e44a9324fe7b5a64/element - {"using":"xpath","value":"//input[@id=\"application-managesites-display-component---NewSite--siteId-inner\"]"}
RESULT: {"using":"xpath","value":"//input[@id=\"application-managesites-display-component---NewSite--siteId-inner\"]"}
COMMAND: POST /session/ffd02ccbd2ef7f94e44a9324fe7b5a64/execute/async - {"script":"<script> [1562 bytes]","args":[{"selector":{"id":"application-managesites-display-component---NewSite--addressDetailDetailsName1","interaction":{"idSuffix":"inner"}},"wdio_ui5_key":"applicationmanagesites-display-component---NewSite--addressDetailDetailsName1"}]}
RESULT: {"script":"<script> [1562 bytes]","args":[{"selector":{"id":"application-managesites-display-component---NewSite--addressDetailDetailsName1","interaction":{"idSuffix":"inner"}},"wdio_ui5_key":"applicationmanagesites-display-component---NewSite--addressDetailDetailsName1"}]}
RESULT: undefined
COMMAND: POST /session/ffd02ccbd2ef7f94e44a9324fe7b5a64/execute/async - {"script":"<script> [776 bytes]","args":[{"enterText":"Intercompany Site wdIO","selector":{"id":"application-managesites-display-component---NewSite--addressDetailDetailsName1","interaction":{"idSuffix":"inner"}},"clearTextFirst":true,"interactionType":"ENTER_TEXT"}]}
RESULT: {"script":"<script> [776 bytes]","args":[{"enterText":"Intercompany Site wdIO","selector":{"id":"application-managesites-display-component---NewSite--addressDetailDetailsName1","interaction":{"idSuffix":"inner"}},"clearTextFirst":true,"interactionType":"ENTER_TEXT"}]}
COMMAND: POST /session/ffd02ccbd2ef7f94e44a9324fe7b5a64/execute/async - {"script":"<script> [1562 bytes]","args":[{"selector":{"id":"application-managesites-display-component---NewSite--addressDetailDetailsLanguage-arrow"},"wdio_ui5_key":"applicationmanagesites-display-component---NewSite--addressDetailDetailsLanguage-arrow"}]}
RESULT: {"script":"<script> [1562 bytes]","args":[{"selector":{"id":"application-managesites-display-component---NewSite--addressDetailDetailsLanguage-arrow"},"wdio_ui5_key":"applicationmanagesites-display-component---NewSite--addressDetailDetailsLanguage-arrow"}]}
RESULT: undefined
COMMAND: POST /session/ffd02ccbd2ef7f94e44a9324fe7b5a64/element - {"using":"xpath","value":"//*[@id=\"application-managesites-display-component---NewSite--addressDetailDetailsLanguage-arrow\"]"}
RESULT: {"using":"xpath","value":"//*[@id=\"application-managesites-display-component---NewSite--addressDetailDetailsLanguage-arrow\"]"}
COMMAND: POST /session/ffd02ccbd2ef7f94e44a9324fe7b5a64/element/f.96D49A20C494BCF8563860382D93E39E.d.28C8C7C4D6B3222A3628035C158E6D1B.e.4180/click - {}
RESULT: {}
COMMAND: POST /session/ffd02ccbd2ef7f94e44a9324fe7b5a64/element - {"using":"xpath","value":"//span[contains(text(), \"English\")]"}
COMMAND: GET /session/ffd02ccbd2ef7f94e44a9324fe7b5a64/screenshot - {}
RESULT: {"using":"xpath","value":"//span[contains(text(), \"English\")]"}
COMMAND: POST /session/ffd02ccbd2ef7f94e44a9324fe7b5a64/element/f.96D49A20C494BCF8563860382D93E39E.d.28C8C7C4D6B3222A3628035C158E6D1B.e.4181/click - {}
RESULT: {}
RESULT: {}
COMMAND: POST /session/ffd02ccbd2ef7f94e44a9324fe7b5a64/execute/async - {"script":"<script> [1562 bytes]","args":[{"selector":{"id":"application-managesites-display-component---NewSite--addressDetailDetailsCity1","interaction":{"idSuffix":"inner"}},"wdio_ui5_key":"applicationmanagesites-display-component---NewSite--addressDetailDetailsCity1"}]}
COMMAND: GET /session/ffd02ccbd2ef7f94e44a9324fe7b5a64/screenshot - {}
RESULT: {"script":"<script> [1562 bytes]","args":[{"selector":{"id":"application-managesites-display-component---NewSite--addressDetailDetailsCity1","interaction":{"idSuffix":"inner"}},"wdio_ui5_key":"applicationmanagesites-display-component---NewSite--addressDetailDetailsCity1"}]}
RESULT: undefined
COMMAND: POST /session/ffd02ccbd2ef7f94e44a9324fe7b5a64/execute/async - {"script":"<script> [776 bytes]","args":[{"enterText":"Rosario","selector":{"id":"application-managesites-display-component---NewSite--addressDetailDetailsCity1","interaction":{"idSuffix":"inner"}},"clearTextFirst":true,"interactionType":"ENTER_TEXT"}]}
RESULT: {}
RESULT: {"script":"<script> [776 bytes]","args":[{"enterText":"Rosario","selector":{"id":"application-managesites-display-component---NewSite--addressDetailDetailsCity1","interaction":{"idSuffix":"inner"}},"clearTextFirst":true,"interactionType":"ENTER_TEXT"}]}
COMMAND: POST /session/ffd02ccbd2ef7f94e44a9324fe7b5a64/execute/async - {"script":"<script> [1562 bytes]","args":[{"selector":{"id":"application-managesites-display-component---NewSite--addressDetailDetailsCountry-arrow"},"wdio_ui5_key":"applicationmanagesites-display-component---NewSite--addressDetailDetailsCountry-arrow"}]}
RESULT: {"script":"<script> [1562 bytes]","args":[{"selector":{"id":"application-managesites-display-component---NewSite--addressDetailDetailsCountry-arrow"},"wdio_ui5_key":"applicationmanagesites-display-component---NewSite--addressDetailDetailsCountry-arrow"}]}
RESULT: undefined
COMMAND: POST /session/ffd02ccbd2ef7f94e44a9324fe7b5a64/element - {"using":"xpath","value":"//*[@id=\"application-managesites-display-component---NewSite--addressDetailDetailsCountry-arrow\"]"}
RESULT: {"using":"xpath","value":"//*[@id=\"application-managesites-display-component---NewSite--addressDetailDetailsCountry-arrow\"]"}
COMMAND: POST /session/ffd02ccbd2ef7f94e44a9324fe7b5a64/element/f.96D49A20C494BCF8563860382D93E39E.d.28C8C7C4D6B3222A3628035C158E6D1B.e.4183/click - {}
RESULT: {}
COMMAND: POST /session/ffd02ccbd2ef7f94e44a9324fe7b5a64/element - {"using":"xpath","value":"//span[contains(text(), \"Argentina\")]"}
COMMAND: GET /session/ffd02ccbd2ef7f94e44a9324fe7b5a64/screenshot - {}
RESULT: {"using":"xpath","value":"//span[contains(text(), \"Argentina\")]"}
COMMAND: POST /session/ffd02ccbd2ef7f94e44a9324fe7b5a64/element/f.96D49A20C494BCF8563860382D93E39E.d.28C8C7C4D6B3222A3628035C158E6D1B.e.4184/click - {}
RESULT: {}
RESULT: {}
COMMAND: GET /session/ffd02ccbd2ef7f94e44a9324fe7b5a64/screenshot - {}
RESULT: {}
COMMAND: POST /session/ffd02ccbd2ef7f94e44a9324fe7b5a64/execute/async - {"script":"<script> [1562 bytes]","args":[{"selector":{"id":"application-managesites-display-component---NewSite--addressEditDetailsCostObjectCstType-arrow"},"wdio_ui5_key":"applicationmanagesites-display-component---NewSite--addressEditDetailsCostObjectCstType-arrow"}]}
RESULT: {"script":"<script> [1562 bytes]","args":[{"selector":{"id":"application-managesites-display-component---NewSite--addressEditDetailsCostObjectCstType-arrow"},"wdio_ui5_key":"applicationmanagesites-display-component---NewSite--addressEditDetailsCostObjectCstType-arrow"}]}
RESULT: undefined
COMMAND: POST /session/ffd02ccbd2ef7f94e44a9324fe7b5a64/element - {"using":"xpath","value":"//*[@id=\"application-managesites-display-component---NewSite--addressEditDetailsCostObjectCstType-arrow\"]"}
RESULT: {"using":"xpath","value":"//*[@id=\"application-managesites-display-component---NewSite--addressEditDetailsCostObjectCstType-arrow\"]"}
COMMAND: POST /session/ffd02ccbd2ef7f94e44a9324fe7b5a64/element/f.96D49A20C494BCF8563860382D93E39E.d.28C8C7C4D6B3222A3628035C158E6D1B.e.4186/click - {}
RESULT: {}
COMMAND: POST /session/ffd02ccbd2ef7f94e44a9324fe7b5a64/element - {"using":"xpath","value":"//span[contains(text(), \"Cost Center\")]"}
COMMAND: GET /session/ffd02ccbd2ef7f94e44a9324fe7b5a64/screenshot - {}
RESULT: {"using":"xpath","value":"//span[contains(text(), \"Cost Center\")]"}
COMMAND: POST /session/ffd02ccbd2ef7f94e44a9324fe7b5a64/element/f.96D49A20C494BCF8563860382D93E39E.d.28C8C7C4D6B3222A3628035C158E6D1B.e.4187/click - {}
RESULT: {}
RESULT: {}
COMMAND: GET /session/ffd02ccbd2ef7f94e44a9324fe7b5a64/screenshot - {}
RESULT: {}
COMMAND: POST /session/ffd02ccbd2ef7f94e44a9324fe7b5a64/element - {"using":"xpath","value":"//span[@id=\"application-managesites-display-component---NewSite--addressNewCostObjectCstID-vhi\"]"}
RESULT: {"using":"xpath","value":"//span[@id=\"application-managesites-display-component---NewSite--addressNewCostObjectCstID-vhi\"]"}
COMMAND: POST /session/ffd02ccbd2ef7f94e44a9324fe7b5a64/execute/sync - {"script":"<script> [8489 bytes]","args":[{"element-6066-11e4-a52e-4f735466cecf":"f.96D49A20C494BCF8563860382D93E39E.d.28C8C7C4D6B3222A3628035C158E6D1B.e.4192","ELEMENT":"f.96D49A20C494BCF8563860382D93E39E.d.28C8C7C4D6B3222A3628035C158E6D1B.e.4192"}]}
RESULT: {"script":"<script> [8489 bytes]","args":[{"element-6066-11e4-a52e-4f735466cecf":"f.96D49A20C494BCF8563860382D93E39E.d.28C8C7C4D6B3222A3628035C158E6D1B.e.4192","ELEMENT":"f.96D49A20C494BCF8563860382D93E39E.d.28C8C7C4D6B3222A3628035C158E6D1B.e.4192"}]}
COMMAND: POST /session/ffd02ccbd2ef7f94e44a9324fe7b5a64/execute/async - {"script":"<script> [1562 bytes]","args":[{"selector":{"id":"application-managesites-display-component---NewSite--addressNewCostObjectCstID-vhi"},"wdio_ui5_key":"applicationmanagesites-display-component---NewSite--addressNewCostObjectCstID-vhi"}]}
COMMAND: GET /session/ffd02ccbd2ef7f94e44a9324fe7b5a64/screenshot - {}
RESULT: {"script":"<script> [1562 bytes]","args":[{"selector":{"id":"application-managesites-display-component---NewSite--addressNewCostObjectCstID-vhi"},"wdio_ui5_key":"applicationmanagesites-display-component---NewSite--addressNewCostObjectCstID-vhi"}]}
RESULT: undefined
COMMAND: POST /session/ffd02ccbd2ef7f94e44a9324fe7b5a64/element - {"using":"xpath","value":"//*[@id=\"application-managesites-display-component---NewSite--addressNewCostObjectCstID-vhi\"]"}
RESULT: {}
RESULT: {"using":"xpath","value":"//*[@id=\"application-managesites-display-component---NewSite--addressNewCostObjectCstID-vhi\"]"}
COMMAND: POST /session/ffd02ccbd2ef7f94e44a9324fe7b5a64/element/f.96D49A20C494BCF8563860382D93E39E.d.28C8C7C4D6B3222A3628035C158E6D1B.e.4192/click - {}
RESULT: {}
COMMAND: GET /session/ffd02ccbd2ef7f94e44a9324fe7b5a64/screenshot - {}
RESULT: {}
RESULT: undefined
COMMAND: POST /session/ffd02ccbd2ef7f94e44a9324fe7b5a64/execute/async - {"script":"<script> [776 bytes]","args":[{"enterText":"10001013","selector":{"controlType":"sap.m.SearchField","properties":{"placeholder":"Search"},"searchOpenDialogs":true,"interaction":{"idSuffix":"I"}},"clearTextFirst":true,"interactionType":"ENTER_TEXT"}]}
RESULT: {"script":"<script> [776 bytes]","args":[{"enterText":"10001013","selector":{"controlType":"sap.m.SearchField","properties":{"placeholder":"Search"},"searchOpenDialogs":true,"interaction":{"idSuffix":"I"}},"clearTextFirst":true,"interactionType":"ENTER_TEXT"}]}
COMMAND: POST /session/ffd02ccbd2ef7f94e44a9324fe7b5a64/actions - {"actions":[{"id":"action6","type":"key","parameters":{},"actions":[{"type":"keyDown","value":""},{"type":"pause","duration":10},{"type":"keyUp","value":""}]}]}
RESULT: {"actions":[{"id":"action6","type":"key","parameters":{},"actions":[{"type":"keyDown","value":""},{"type":"pause","duration":10},{"type":"keyUp","value":""}]}]}
COMMAND: GET /session/ffd02ccbd2ef7f94e44a9324fe7b5a64/screenshot - {}
RESULT: {}
COMMAND: POST /session/ffd02ccbd2ef7f94e44a9324fe7b5a64/element - {"using":"xpath","value":"//span[contains(text(), \"General Management\")]"}
RESULT: {"using":"xpath","value":"//span[contains(text(), \"General Management\")]"}
COMMAND: POST /session/ffd02ccbd2ef7f94e44a9324fe7b5a64/element/f.96D49A20C494BCF8563860382D93E39E.d.28C8C7C4D6B3222A3628035C158E6D1B.e.4231/click - {}
RESULT: {}
COMMAND: GET /session/ffd02ccbd2ef7f94e44a9324fe7b5a64/screenshot - {}
RESULT: {}
COMMAND: POST /session/ffd02ccbd2ef7f94e44a9324fe7b5a64/element - {"using":"xpath","value":"//bdi[contains(text(), \"OK\")]"}
RESULT: {"using":"xpath","value":"//bdi[contains(text(), \"OK\")]"}
COMMAND: POST /session/ffd02ccbd2ef7f94e44a9324fe7b5a64/element/f.96D49A20C494BCF8563860382D93E39E.d.28C8C7C4D6B3222A3628035C158E6D1B.e.4232/click - {}
RESULT: {}
COMMAND: GET /session/ffd02ccbd2ef7f94e44a9324fe7b5a64/screenshot - {}
RESULT: {}
COMMAND: POST /session/ffd02ccbd2ef7f94e44a9324fe7b5a64/element - {"using":"xpath","value":"//input[@id=\"application-managesites-display-component---NewSite--addressDetailDetailsCalendar-inner\"]"}
RESULT: {"using":"xpath","value":"//input[@id=\"application-managesites-display-component---NewSite--addressDetailDetailsCalendar-inner\"]"}
COMMAND: POST /session/ffd02ccbd2ef7f94e44a9324fe7b5a64/element/f.96D49A20C494BCF8563860382D93E39E.d.28C8C7C4D6B3222A3628035C158E6D1B.e.3985/clear - {}
RESULT: {}
COMMAND: POST /session/ffd02ccbd2ef7f94e44a9324fe7b5a64/element/f.96D49A20C494BCF8563860382D93E39E.d.28C8C7C4D6B3222A3628035C158E6D1B.e.3985/value - {"text":"Unit"}
COMMAND: GET /session/ffd02ccbd2ef7f94e44a9324fe7b5a64/screenshot - {}
RESULT: {"text":"Unit"}
COMMAND: GET /session/ffd02ccbd2ef7f94e44a9324fe7b5a64/screenshot - {}
RESULT: {}
RESULT: {}
COMMAND: POST /session/ffd02ccbd2ef7f94e44a9324fe7b5a64/actions - {"actions":[{"id":"action7","type":"key","parameters":{},"actions":[{"type":"keyDown","value":""},{"type":"pause","duration":10},{"type":"keyUp","value":""}]}]}
RESULT: {"actions":[{"id":"action7","type":"key","parameters":{},"actions":[{"type":"keyDown","value":""},{"type":"pause","duration":10},{"type":"keyUp","value":""}]}]}
COMMAND: POST /session/ffd02ccbd2ef7f94e44a9324fe7b5a64/element - {"using":"xpath","value":"//input[@id=\"application-managesites-display-component---NewSite--addressDetailDetailsYard-inner\"]"}
COMMAND: GET /session/ffd02ccbd2ef7f94e44a9324fe7b5a64/screenshot - {}
RESULT: {"using":"xpath","value":"//input[@id=\"application-managesites-display-component---NewSite--addressDetailDetailsYard-inner\"]"}
COMMAND: POST /session/ffd02ccbd2ef7f94e44a9324fe7b5a64/element/f.96D49A20C494BCF8563860382D93E39E.d.28C8C7C4D6B3222A3628035C158E6D1B.e.3986/clear - {}
RESULT: {}
RESULT: {}
COMMAND: POST /session/ffd02ccbd2ef7f94e44a9324fe7b5a64/element/f.96D49A20C494BCF8563860382D93E39E.d.28C8C7C4D6B3222A3628035C158E6D1B.e.3986/value - {"text":"680"}
COMMAND: GET /session/ffd02ccbd2ef7f94e44a9324fe7b5a64/screenshot - {}
RESULT: {"text":"680"}
COMMAND: GET /session/ffd02ccbd2ef7f94e44a9324fe7b5a64/screenshot - {}
RESULT: {}
RESULT: {}
COMMAND: POST /session/ffd02ccbd2ef7f94e44a9324fe7b5a64/element - {"using":"xpath","value":"//li[.//span[text()='680']]"}
RESULT: {"using":"xpath","value":"//li[.//span[text()='680']]"}
COMMAND: POST /session/ffd02ccbd2ef7f94e44a9324fe7b5a64/element/f.96D49A20C494BCF8563860382D93E39E.d.28C8C7C4D6B3222A3628035C158E6D1B.e.4240/click - {}
RESULT: {}
COMMAND: GET /session/ffd02ccbd2ef7f94e44a9324fe7b5a64/screenshot - {}
RESULT: {}
COMMAND: POST /session/ffd02ccbd2ef7f94e44a9324fe7b5a64/element - {"using":"xpath","value":"//input[@id=\"application-managesites-display-component---NewSite--addressDetailDetailsPartner-inner\"]"}
RESULT: {"using":"xpath","value":"//input[@id=\"application-managesites-display-component---NewSite--addressDetailDetailsPartner-inner\"]"}
COMMAND: POST /session/ffd02ccbd2ef7f94e44a9324fe7b5a64/element - {"using":"xpath","value":"//input[@id=\"application-managesites-display-component---NewSite--addressDetailDetailsPartner-inner\"]"}
RESULT: {"using":"xpath","value":"//input[@id=\"application-managesites-display-component---NewSite--addressDetailDetailsPartner-inner\"]"}
COMMAND: POST /session/ffd02ccbd2ef7f94e44a9324fe7b5a64/element - {"using":"xpath","value":"//button[@data-kt=\"saveButton\"]"}
RESULT: {"using":"xpath","value":"//button[@data-kt=\"saveButton\"]"}
COMMAND: POST /session/ffd02ccbd2ef7f94e44a9324fe7b5a64/element/f.96D49A20C494BCF8563860382D93E39E.d.28C8C7C4D6B3222A3628035C158E6D1B.e.4123/click - {}
RESULT: {}
COMMAND: GET /session/ffd02ccbd2ef7f94e44a9324fe7b5a64/screenshot - {}
RESULT: {}
COMMAND: POST /session/ffd02ccbd2ef7f94e44a9324fe7b5a64/element - {"using":"xpath","value":"//header[contains(@id, 'ObjectPageLayout-headerTitle')]/div[1]/div[2]/div[2]/span[1]"}
RESULT: {"using":"xpath","value":"//header[contains(@id, 'ObjectPageLayout-headerTitle')]/div[1]/div[2]/div[2]/span[1]"}
COMMAND: POST /session/ffd02ccbd2ef7f94e44a9324fe7b5a64/elements - {"using":"xpath","value":"//header[contains(@id, 'ObjectPageLayout-headerTitle')]/div[1]/div[2]/div[2]/span[1]"}
RESULT: {"using":"xpath","value":"//header[contains(@id, 'ObjectPageLayout-headerTitle')]/div[1]/div[2]/div[2]/span[1]"}
COMMAND: POST /session/ffd02ccbd2ef7f94e44a9324fe7b5a64/execute/sync - {"script":"<script> [56 bytes]","args":[{"element-6066-11e4-a52e-4f735466cecf":"f.96D49A20C494BCF8563860382D93E39E.d.28C8C7C4D6B3222A3628035C158E6D1B.e.4444","ELEMENT":"f.96D49A20C494BCF8563860382D93E39E.d.28C8C7C4D6B3222A3628035C158E6D1B.e.4444"}]}
RESULT: {"script":"<script> [56 bytes]","args":[{"element-6066-11e4-a52e-4f735466cecf":"f.96D49A20C494BCF8563860382D93E39E.d.28C8C7C4D6B3222A3628035C158E6D1B.e.4444","ELEMENT":"f.96D49A20C494BCF8563860382D93E39E.d.28C8C7C4D6B3222A3628035C158E6D1B.e.4444"}]}
COMMAND: POST /session/ffd02ccbd2ef7f94e44a9324fe7b5a64/element - {"using":"css selector","value":"#shell-header-logo"}
COMMAND: GET /session/ffd02ccbd2ef7f94e44a9324fe7b5a64/screenshot - {}
RESULT: {"using":"css selector","value":"#shell-header-logo"}
COMMAND: POST /session/ffd02ccbd2ef7f94e44a9324fe7b5a64/element/f.96D49A20C494BCF8563860382D93E39E.d.28C8C7C4D6B3222A3628035C158E6D1B.e.3739/click - {}
RESULT: {}
RESULT: {}
COMMAND: GET /session/ffd02ccbd2ef7f94e44a9324fe7b5a64/screenshot - {}
RESULT: {}
COMMAND: POST /session/ffd02ccbd2ef7f94e44a9324fe7b5a64/execute/sync - {"script":"<script> [299 bytes]","args":[["getModel","getResource"]]}
RESULT: {"script":"<script> [299 bytes]","args":[["getModel","getResource"]]}
COMMAND: POST /session/ffd02ccbd2ef7f94e44a9324fe7b5a64/actions - {"actions":[{"id":"action8","type":"key","parameters":{},"actions":[{"type":"keyDown","value":""},{"type":"pause","duration":10},{"type":"keyUp","value":""}]}]}
COMMAND: GET /session/ffd02ccbd2ef7f94e44a9324fe7b5a64/screenshot - {}
RESULT: {"actions":[{"id":"action8","type":"key","parameters":{},"actions":[{"type":"keyDown","value":""},{"type":"pause","duration":10},{"type":"keyUp","value":""}]}]}
COMMAND: GET /session/ffd02ccbd2ef7f94e44a9324fe7b5a64/screenshot - {}
RESULT: {}
RESULT: {}
COMMAND: POST /session/ffd02ccbd2ef7f94e44a9324fe7b5a64/refresh - {}
RESULT: {}
COMMAND: GET /session/ffd02ccbd2ef7f94e44a9324fe7b5a64/screenshot - {}
RESULT: {}
COMMAND: POST /session/ffd02ccbd2ef7f94e44a9324fe7b5a64/refresh - {}
RESULT: {}
COMMAND: GET /session/ffd02ccbd2ef7f94e44a9324fe7b5a64/screenshot - {}
RESULT: {}
COMMAND: POST /session/ffd02ccbd2ef7f94e44a9324fe7b5a64/window/fullscreen - {}
RESULT: {}
COMMAND: POST /session/ffd02ccbd2ef7f94e44a9324fe7b5a64/execute/async - {"script":"<script> [189 bytes]","args":[]}
RESULT: {"script":"<script> [189 bytes]","args":[]}
COMMAND: POST /session/ffd02ccbd2ef7f94e44a9324fe7b5a64/execute/async - {"script":"<script> [123 bytes]","args":[]}
RESULT: {"script":"<script> [123 bytes]","args":[]}
COMMAND: POST /session/ffd02ccbd2ef7f94e44a9324fe7b5a64/timeouts - {"script":"<number>"}
RESULT: {"script":"<number>"}
COMMAND: GET /session/ffd02ccbd2ef7f94e44a9324fe7b5a64/timeouts - {}
RESULT: {}
RESULT: undefined
COMMAND: POST /session/ffd02ccbd2ef7f94e44a9324fe7b5a64/execute/async - {"script":"<script> [2676 bytes]","args":[]}
RESULT: {"script":"<script> [2676 bytes]","args":[]}
COMMAND: POST /session/ffd02ccbd2ef7f94e44a9324fe7b5a64/execute/async - {"script":"<script> [2342 bytes]","args":[{"protocol":"http","hostname":"0.0.0.0","path":"/","capabilities":{"browserName":"chrome","goog:chromeOptions":{"binary":"C:\\Program Files\\Google\\Chrome\\Application\\chrome.exe","args":["--start-maximized"]}},"logLevel":"warn","connectionRetryTimeout":120000,"connectionRetryCount":3,"logLevels":{},"enableDirectConnect":true,"strictSSL":true,"_":"65 more keys: [\"cacheDir\",\"port\",\"requestedCapabilities\",\"automationProtocol\",\"baseUrl\",\"waitforInterval\",\"waitforTimeout\",\"onReload\",\"beforeCommand\",\"afterCommand\",\"rootDir\",\"specs\",\"suites\",\"exclude\",\"groupLogsByTestSpec\",\"excludeDriverLogs\",\"bail\",\"framework\",\"reporters\",\"services\",\"maxInstances\",\"maxInstancesPerCapability\",\"injectGlobals\",\"filesToWatch\",\"execArgv\",\"runnerEnv\",\"runner\",\"shard\",\"specFileRetries\",\"specFileRetriesDelay\",\"specFileRetriesDeferred\",\"reporterSyncInterval\",\"reporterSyncTimeout\",\"cucumberFeaturesWithLineNumbers\",\"autoCompileOpts\",\"mochaOpts\",\"jasmineOpts\",\"cucumberOpts\",\"onPrepare\",\"onWorkerStart\",\"onWorkerEnd\",\"before\",\"beforeSession\",\"beforeSuite\",\"beforeHook\",\"beforeTest\",\"afterTest\",\"afterHook\",\"afterSuite\",\"afterSession\",\"after\",\"onComplete\",\"beforeAssertion\",\"afterAssertion\",\"beforeFeature\",\"beforeScenario\",\"beforeStep\",\"afterStep\",\"afterScenario\",\"afterFeature\",\"_\",\"suite\",\"$0\",\"ignoredWorkerServices\",\"wdi5\"]"}]}
RESULT: {"script":"<script> [2342 bytes]","args":[{"protocol":"http","hostname":"0.0.0.0","path":"/","capabilities":{"browserName":"chrome","goog:chromeOptions":{"binary":"C:\\Program Files\\Google\\Chrome\\Application\\chrome.exe","args":["--start-maximized"]}},"logLevel":"warn","connectionRetryTimeout":120000,"connectionRetryCount":3,"logLevels":{},"enableDirectConnect":true,"strictSSL":true,"_":"65 more keys: [\"cacheDir\",\"port\",\"requestedCapabilities\",\"automationProtocol\",\"baseUrl\",\"waitforInterval\",\"waitforTimeout\",\"onReload\",\"beforeCommand\",\"afterCommand\",\"rootDir\",\"specs\",\"suites\",\"exclude\",\"groupLogsByTestSpec\",\"excludeDriverLogs\",\"bail\",\"framework\",\"reporters\",\"services\",\"maxInstances\",\"maxInstancesPerCapability\",\"injectGlobals\",\"filesToWatch\",\"execArgv\",\"runnerEnv\",\"runner\",\"shard\",\"specFileRetries\",\"specFileRetriesDelay\",\"specFileRetriesDeferred\",\"reporterSyncInterval\",\"reporterSyncTimeout\",\"cucumberFeaturesWithLineNumbers\",\"autoCompileOpts\",\"mochaOpts\",\"jasmineOpts\",\"cucumberOpts\",\"onPrepare\",\"onWorkerStart\",\"onWorkerEnd\",\"before\",\"beforeSession\",\"beforeSuite\",\"beforeHook\",\"beforeTest\",\"afterTest\",\"afterHook\",\"afterSuite\",\"afterSession\",\"after\",\"onComplete\",\"beforeAssertion\",\"afterAssertion\",\"beforeFeature\",\"beforeScenario\",\"beforeStep\",\"afterStep\",\"afterScenario\",\"afterFeature\",\"_\",\"suite\",\"$0\",\"ignoredWorkerServices\",\"wdi5\"]"}]}
COMMAND: POST /session/ffd02ccbd2ef7f94e44a9324fe7b5a64/execute/async - {"script":"<script> [21126 bytes]","args":[35000]}
RESULT: {"script":"<script> [21126 bytes]","args":[35000]}
COMMAND: POST /session/ffd02ccbd2ef7f94e44a9324fe7b5a64/window/fullscreen - {}
RESULT: {}
]]></system-out>
    </testcase>
    <testcase classname="chrome.136_0_7103_93.windows.Billing_Transfer_-_Master_data_&amp;_Intercompany_US127250" name="Should create a new equipment" time="150.31">
      <system-out><![CDATA[
COMMAND: POST /session/ffd02ccbd2ef7f94e44a9324fe7b5a64/execute/async - {"script":"<script> [1562 bytes]","args":[{"selector":{"controlType":"sap.m.GenericTile","properties":{"header":"Manage Resources"}},"wdio_ui5_key":"sapm.GenericTile{\"header\":\"Manage Resources\"}"}]}
RESULT: {"script":"<script> [1562 bytes]","args":[{"selector":{"controlType":"sap.m.GenericTile","properties":{"header":"Manage Resources"}},"wdio_ui5_key":"sapm.GenericTile{\"header\":\"Manage Resources\"}"}]}
RESULT: undefined
COMMAND: POST /session/ffd02ccbd2ef7f94e44a9324fe7b5a64/element - {"using":"xpath","value":"//*[@id=\"__tile31\"]"}
RESULT: {"using":"xpath","value":"//*[@id=\"__tile31\"]"}
COMMAND: POST /session/ffd02ccbd2ef7f94e44a9324fe7b5a64/element/f.96D49A20C494BCF8563860382D93E39E.d.495F050F6F76914661D0366D586D56DA.e.4524/click - {}
RESULT: {}
COMMAND: GET /session/ffd02ccbd2ef7f94e44a9324fe7b5a64/screenshot - {}
RESULT: {}
COMMAND: POST /session/ffd02ccbd2ef7f94e44a9324fe7b5a64/elements - {"using":"xpath","value":"//span[text()='Error']"}
RESULT: {"using":"xpath","value":"//span[text()='Error']"}
COMMAND: POST /session/ffd02ccbd2ef7f94e44a9324fe7b5a64/element - {"using":"xpath","value":"//button[@data-kt=\"addNewRUOverflowToolbarButton\"]"}
RESULT: {"using":"xpath","value":"//button[@data-kt=\"addNewRUOverflowToolbarButton\"]"}
COMMAND: POST /session/ffd02ccbd2ef7f94e44a9324fe7b5a64/elements - {"using":"xpath","value":"//button[@data-kt=\"addNewRUOverflowToolbarButton\"]"}
RESULT: {"using":"xpath","value":"//button[@data-kt=\"addNewRUOverflowToolbarButton\"]"}
COMMAND: POST /session/ffd02ccbd2ef7f94e44a9324fe7b5a64/elements - {"using":"xpath","value":"//button[@data-kt=\"addNewRUOverflowToolbarButton\"]"}
RESULT: {"using":"xpath","value":"//button[@data-kt=\"addNewRUOverflowToolbarButton\"]"}
COMMAND: POST /session/ffd02ccbd2ef7f94e44a9324fe7b5a64/elements - {"using":"xpath","value":"//button[@data-kt=\"addNewRUOverflowToolbarButton\"]"}
RESULT: {"using":"xpath","value":"//button[@data-kt=\"addNewRUOverflowToolbarButton\"]"}
COMMAND: POST /session/ffd02ccbd2ef7f94e44a9324fe7b5a64/elements - {"using":"xpath","value":"//button[@data-kt=\"addNewRUOverflowToolbarButton\"]"}
RESULT: {"using":"xpath","value":"//button[@data-kt=\"addNewRUOverflowToolbarButton\"]"}
COMMAND: POST /session/ffd02ccbd2ef7f94e44a9324fe7b5a64/elements - {"using":"xpath","value":"//button[@data-kt=\"addNewRUOverflowToolbarButton\"]"}
RESULT: {"using":"xpath","value":"//button[@data-kt=\"addNewRUOverflowToolbarButton\"]"}
COMMAND: POST /session/ffd02ccbd2ef7f94e44a9324fe7b5a64/element - {"using":"xpath","value":"//button[@data-kt=\"addNewRUOverflowToolbarButton\"]"}
RESULT: {"using":"xpath","value":"//button[@data-kt=\"addNewRUOverflowToolbarButton\"]"}
COMMAND: POST /session/ffd02ccbd2ef7f94e44a9324fe7b5a64/execute/sync - {"script":"<script> [8489 bytes]","args":[{"element-6066-11e4-a52e-4f735466cecf":"f.96D49A20C494BCF8563860382D93E39E.d.495F050F6F76914661D0366D586D56DA.e.4634","ELEMENT":"f.96D49A20C494BCF8563860382D93E39E.d.495F050F6F76914661D0366D586D56DA.e.4634"}]}
RESULT: {"script":"<script> [8489 bytes]","args":[{"element-6066-11e4-a52e-4f735466cecf":"f.96D49A20C494BCF8563860382D93E39E.d.495F050F6F76914661D0366D586D56DA.e.4634","ELEMENT":"f.96D49A20C494BCF8563860382D93E39E.d.495F050F6F76914661D0366D586D56DA.e.4634"}]}
COMMAND: GET /session/ffd02ccbd2ef7f94e44a9324fe7b5a64/element/f.96D49A20C494BCF8563860382D93E39E.d.495F050F6F76914661D0366D586D56DA.e.4634/enabled - {}
COMMAND: GET /session/ffd02ccbd2ef7f94e44a9324fe7b5a64/screenshot - {}
RESULT: {}
COMMAND: POST /session/ffd02ccbd2ef7f94e44a9324fe7b5a64/execute/sync - {"script":"<script> [8489 bytes]","args":[{"element-6066-11e4-a52e-4f735466cecf":"f.96D49A20C494BCF8563860382D93E39E.d.495F050F6F76914661D0366D586D56DA.e.4634","ELEMENT":"f.96D49A20C494BCF8563860382D93E39E.d.495F050F6F76914661D0366D586D56DA.e.4634"}]}
COMMAND: GET /session/ffd02ccbd2ef7f94e44a9324fe7b5a64/screenshot - {}
RESULT: {}
RESULT: {"script":"<script> [8489 bytes]","args":[{"element-6066-11e4-a52e-4f735466cecf":"f.96D49A20C494BCF8563860382D93E39E.d.495F050F6F76914661D0366D586D56DA.e.4634","ELEMENT":"f.96D49A20C494BCF8563860382D93E39E.d.495F050F6F76914661D0366D586D56DA.e.4634"}]}
COMMAND: POST /session/ffd02ccbd2ef7f94e44a9324fe7b5a64/execute/sync - {"script":"<script> [5351 bytes]","args":[{"element-6066-11e4-a52e-4f735466cecf":"f.96D49A20C494BCF8563860382D93E39E.d.495F050F6F76914661D0366D586D56DA.e.4634","ELEMENT":"f.96D49A20C494BCF8563860382D93E39E.d.495F050F6F76914661D0366D586D56DA.e.4634"}]}
COMMAND: GET /session/ffd02ccbd2ef7f94e44a9324fe7b5a64/screenshot - {}
RESULT: {}
RESULT: {"script":"<script> [5351 bytes]","args":[{"element-6066-11e4-a52e-4f735466cecf":"f.96D49A20C494BCF8563860382D93E39E.d.495F050F6F76914661D0366D586D56DA.e.4634","ELEMENT":"f.96D49A20C494BCF8563860382D93E39E.d.495F050F6F76914661D0366D586D56DA.e.4634"}]}
COMMAND: POST /session/ffd02ccbd2ef7f94e44a9324fe7b5a64/element/f.96D49A20C494BCF8563860382D93E39E.d.495F050F6F76914661D0366D586D56DA.e.4634/click - {}
COMMAND: GET /session/ffd02ccbd2ef7f94e44a9324fe7b5a64/screenshot - {}
RESULT: {}
RESULT: {}
COMMAND: GET /session/ffd02ccbd2ef7f94e44a9324fe7b5a64/screenshot - {}
RESULT: {}
COMMAND: POST /session/ffd02ccbd2ef7f94e44a9324fe7b5a64/execute/async - {"script":"<script> [1562 bytes]","args":[{"selector":{"id":"application-manageresources-display-component---newResourceUnit--TYPE-arrow"},"wdio_ui5_key":"applicationmanageresources-display-component---newResourceUnit--TYPE-arrow"}]}
RESULT: {}
RESULT: {"script":"<script> [1562 bytes]","args":[{"selector":{"id":"application-manageresources-display-component---newResourceUnit--TYPE-arrow"},"wdio_ui5_key":"applicationmanageresources-display-component---newResourceUnit--TYPE-arrow"}]}
RESULT: undefined
COMMAND: POST /session/ffd02ccbd2ef7f94e44a9324fe7b5a64/element - {"using":"xpath","value":"//*[@id=\"application-manageresources-display-component---newResourceUnit--TYPE-arrow\"]"}
RESULT: {"using":"xpath","value":"//*[@id=\"application-manageresources-display-component---newResourceUnit--TYPE-arrow\"]"}
COMMAND: POST /session/ffd02ccbd2ef7f94e44a9324fe7b5a64/element/f.96D49A20C494BCF8563860382D93E39E.d.495F050F6F76914661D0366D586D56DA.e.4989/click - {}
RESULT: {}
COMMAND: POST /session/ffd02ccbd2ef7f94e44a9324fe7b5a64/element - {"using":"xpath","value":"//input[@id=\"application-manageresources-display-component---newResourceUnit--TYPE-inner\"]"}
COMMAND: GET /session/ffd02ccbd2ef7f94e44a9324fe7b5a64/screenshot - {}
RESULT: {"using":"xpath","value":"//input[@id=\"application-manageresources-display-component---newResourceUnit--TYPE-inner\"]"}
COMMAND: POST /session/ffd02ccbd2ef7f94e44a9324fe7b5a64/element/f.96D49A20C494BCF8563860382D93E39E.d.495F050F6F76914661D0366D586D56DA.e.4985/clear - {}
RESULT: {}
RESULT: {}
COMMAND: POST /session/ffd02ccbd2ef7f94e44a9324fe7b5a64/element/f.96D49A20C494BCF8563860382D93E39E.d.495F050F6F76914661D0366D586D56DA.e.4985/value - {"text":"Equipment"}
COMMAND: GET /session/ffd02ccbd2ef7f94e44a9324fe7b5a64/screenshot - {}
RESULT: {"text":"Equipment"}
COMMAND: GET /session/ffd02ccbd2ef7f94e44a9324fe7b5a64/screenshot - {}
RESULT: {}
RESULT: {}
COMMAND: POST /session/ffd02ccbd2ef7f94e44a9324fe7b5a64/actions - {"actions":[{"id":"action9","type":"key","parameters":{},"actions":[{"type":"keyDown","value":""},{"type":"pause","duration":10},{"type":"keyUp","value":""}]}]}
RESULT: {"actions":[{"id":"action9","type":"key","parameters":{},"actions":[{"type":"keyDown","value":""},{"type":"pause","duration":10},{"type":"keyUp","value":""}]}]}
COMMAND: POST /session/ffd02ccbd2ef7f94e44a9324fe7b5a64/execute/async - {"script":"<script> [1562 bytes]","args":[{"selector":{"id":"application-manageresources-display-component---newResourceUnit--resourceId","interaction":{"idSuffix":"inner"}},"wdio_ui5_key":"applicationmanageresources-display-component---newResourceUnit--resourceId"}]}
COMMAND: GET /session/ffd02ccbd2ef7f94e44a9324fe7b5a64/screenshot - {}
RESULT: {"script":"<script> [1562 bytes]","args":[{"selector":{"id":"application-manageresources-display-component---newResourceUnit--resourceId","interaction":{"idSuffix":"inner"}},"wdio_ui5_key":"applicationmanageresources-display-component---newResourceUnit--resourceId"}]}
RESULT: undefined
COMMAND: POST /session/ffd02ccbd2ef7f94e44a9324fe7b5a64/execute/async - {"script":"<script> [776 bytes]","args":[{"enterText":"d8c5uy53mA","selector":{"id":"application-manageresources-display-component---newResourceUnit--resourceId","interaction":{"idSuffix":"inner"}},"clearTextFirst":true,"interactionType":"ENTER_TEXT"}]}
RESULT: {}
RESULT: {"script":"<script> [776 bytes]","args":[{"enterText":"d8c5uy53mA","selector":{"id":"application-manageresources-display-component---newResourceUnit--resourceId","interaction":{"idSuffix":"inner"}},"clearTextFirst":true,"interactionType":"ENTER_TEXT"}]}
COMMAND: POST /session/ffd02ccbd2ef7f94e44a9324fe7b5a64/execute/async - {"script":"<script> [1562 bytes]","args":[{"selector":{"id":"application-manageresources-display-component---newResourceUnit--SHORT_TEXT","interaction":{"idSuffix":"inner"}},"wdio_ui5_key":"applicationmanageresources-display-component---newResourceUnit--SHORT_TEXT"}]}
RESULT: {"script":"<script> [1562 bytes]","args":[{"selector":{"id":"application-manageresources-display-component---newResourceUnit--SHORT_TEXT","interaction":{"idSuffix":"inner"}},"wdio_ui5_key":"applicationmanageresources-display-component---newResourceUnit--SHORT_TEXT"}]}
RESULT: undefined
COMMAND: POST /session/ffd02ccbd2ef7f94e44a9324fe7b5a64/execute/async - {"script":"<script> [776 bytes]","args":[{"enterText":"Intercompany Equipment WDIO","selector":{"id":"application-manageresources-display-component---newResourceUnit--SHORT_TEXT","interaction":{"idSuffix":"inner"}},"clearTextFirst":true,"interactionType":"ENTER_TEXT"}]}
RESULT: {"script":"<script> [776 bytes]","args":[{"enterText":"Intercompany Equipment WDIO","selector":{"id":"application-manageresources-display-component---newResourceUnit--SHORT_TEXT","interaction":{"idSuffix":"inner"}},"clearTextFirst":true,"interactionType":"ENTER_TEXT"}]}
COMMAND: POST /session/ffd02ccbd2ef7f94e44a9324fe7b5a64/execute/async - {"script":"<script> [1562 bytes]","args":[{"selector":{"id":"application-manageresources-display-component---newResourceUnit--BASE_UNIT_OF_MEASURE","interaction":{"idSuffix":"inner"}},"wdio_ui5_key":"applicationmanageresources-display-component---newResourceUnit--BASE_UNIT_OF_MEASURE"}]}
RESULT: {"script":"<script> [1562 bytes]","args":[{"selector":{"id":"application-manageresources-display-component---newResourceUnit--BASE_UNIT_OF_MEASURE","interaction":{"idSuffix":"inner"}},"wdio_ui5_key":"applicationmanageresources-display-component---newResourceUnit--BASE_UNIT_OF_MEASURE"}]}
RESULT: undefined
COMMAND: POST /session/ffd02ccbd2ef7f94e44a9324fe7b5a64/execute/async - {"script":"<script> [776 bytes]","args":[{"enterText":"Piece","selector":{"id":"application-manageresources-display-component---newResourceUnit--BASE_UNIT_OF_MEASURE","interaction":{"idSuffix":"inner"}},"clearTextFirst":true,"interactionType":"ENTER_TEXT"}]}
RESULT: {"script":"<script> [776 bytes]","args":[{"enterText":"Piece","selector":{"id":"application-manageresources-display-component---newResourceUnit--BASE_UNIT_OF_MEASURE","interaction":{"idSuffix":"inner"}},"clearTextFirst":true,"interactionType":"ENTER_TEXT"}]}
COMMAND: POST /session/ffd02ccbd2ef7f94e44a9324fe7b5a64/execute/async - {"script":"<script> [1562 bytes]","args":[{"selector":{"id":"application-manageresources-display-component---newResourceUnit--WEIGHT_UNIT","interaction":{"idSuffix":"inner"}},"wdio_ui5_key":"applicationmanageresources-display-component---newResourceUnit--WEIGHT_UNIT"}]}
RESULT: {"script":"<script> [1562 bytes]","args":[{"selector":{"id":"application-manageresources-display-component---newResourceUnit--WEIGHT_UNIT","interaction":{"idSuffix":"inner"}},"wdio_ui5_key":"applicationmanageresources-display-component---newResourceUnit--WEIGHT_UNIT"}]}
RESULT: undefined
COMMAND: POST /session/ffd02ccbd2ef7f94e44a9324fe7b5a64/execute/async - {"script":"<script> [776 bytes]","args":[{"enterText":"Gram","selector":{"id":"application-manageresources-display-component---newResourceUnit--WEIGHT_UNIT","interaction":{"idSuffix":"inner"}},"clearTextFirst":true,"interactionType":"ENTER_TEXT"}]}
RESULT: {"script":"<script> [776 bytes]","args":[{"enterText":"Gram","selector":{"id":"application-manageresources-display-component---newResourceUnit--WEIGHT_UNIT","interaction":{"idSuffix":"inner"}},"clearTextFirst":true,"interactionType":"ENTER_TEXT"}]}
COMMAND: POST /session/ffd02ccbd2ef7f94e44a9324fe7b5a64/execute/async - {"script":"<script> [1562 bytes]","args":[{"selector":{"id":"application-manageresources-display-component---newResourceUnit--DIMENSION_UNIT","interaction":{"idSuffix":"inner"}},"wdio_ui5_key":"applicationmanageresources-display-component---newResourceUnit--DIMENSION_UNIT"}]}
RESULT: {"script":"<script> [1562 bytes]","args":[{"selector":{"id":"application-manageresources-display-component---newResourceUnit--DIMENSION_UNIT","interaction":{"idSuffix":"inner"}},"wdio_ui5_key":"applicationmanageresources-display-component---newResourceUnit--DIMENSION_UNIT"}]}
RESULT: undefined
COMMAND: POST /session/ffd02ccbd2ef7f94e44a9324fe7b5a64/execute/async - {"script":"<script> [776 bytes]","args":[{"enterText":"Meter","selector":{"id":"application-manageresources-display-component---newResourceUnit--DIMENSION_UNIT","interaction":{"idSuffix":"inner"}},"clearTextFirst":true,"interactionType":"ENTER_TEXT"}]}
RESULT: {"script":"<script> [776 bytes]","args":[{"enterText":"Meter","selector":{"id":"application-manageresources-display-component---newResourceUnit--DIMENSION_UNIT","interaction":{"idSuffix":"inner"}},"clearTextFirst":true,"interactionType":"ENTER_TEXT"}]}
COMMAND: POST /session/ffd02ccbd2ef7f94e44a9324fe7b5a64/execute/async - {"script":"<script> [1562 bytes]","args":[{"selector":{"id":"application-manageresources-display-component---newResourceUnit--newRRUPage-anchBar-application-manageresources-display-component---newResourceUnit--control-anchor","interaction":{"idSuffix":"BDI-content"}},"wdio_ui5_key":"applicationmanageresources-display-component---newResourceUnit--newRRUPage-anchBar-application-manageresources-display-component---newResourceUnit--control-anchor"}]}
RESULT: {"script":"<script> [1562 bytes]","args":[{"selector":{"id":"application-manageresources-display-component---newResourceUnit--newRRUPage-anchBar-application-manageresources-display-component---newResourceUnit--control-anchor","interaction":{"idSuffix":"BDI-content"}},"wdio_ui5_key":"applicationmanageresources-display-component---newResourceUnit--newRRUPage-anchBar-application-manageresources-display-component---newResourceUnit--control-anchor"}]}
RESULT: undefined
COMMAND: POST /session/ffd02ccbd2ef7f94e44a9324fe7b5a64/element - {"using":"xpath","value":"//*[@id=\"application-manageresources-display-component---newResourceUnit--newRRUPage-anchBar-application-manageresources-display-component---newResourceUnit--control-anchor\"]"}
RESULT: {"using":"xpath","value":"//*[@id=\"application-manageresources-display-component---newResourceUnit--newRRUPage-anchBar-application-manageresources-display-component---newResourceUnit--control-anchor\"]"}
COMMAND: POST /session/ffd02ccbd2ef7f94e44a9324fe7b5a64/element/f.96D49A20C494BCF8563860382D93E39E.d.495F050F6F76914661D0366D586D56DA.e.5122/click - {}
RESULT: {}
COMMAND: POST /session/ffd02ccbd2ef7f94e44a9324fe7b5a64/execute/async - {"script":"<script> [1562 bytes]","args":[{"selector":{"id":"application-manageresources-display-component---newResourceUnit--PLANNING_GROUP","interaction":{"idSuffix":"inner"}},"wdio_ui5_key":"applicationmanageresources-display-component---newResourceUnit--PLANNING_GROUP"}]}
COMMAND: GET /session/ffd02ccbd2ef7f94e44a9324fe7b5a64/screenshot - {}
RESULT: {"script":"<script> [1562 bytes]","args":[{"selector":{"id":"application-manageresources-display-component---newResourceUnit--PLANNING_GROUP","interaction":{"idSuffix":"inner"}},"wdio_ui5_key":"applicationmanageresources-display-component---newResourceUnit--PLANNING_GROUP"}]}
RESULT: undefined
COMMAND: POST /session/ffd02ccbd2ef7f94e44a9324fe7b5a64/execute/async - {"script":"<script> [776 bytes]","args":[{"enterText":"Heavy Equi","selector":{"id":"application-manageresources-display-component---newResourceUnit--PLANNING_GROUP","interaction":{"idSuffix":"inner"}},"clearTextFirst":true,"interactionType":"ENTER_TEXT"}]}
RESULT: {}
RESULT: {"script":"<script> [776 bytes]","args":[{"enterText":"Heavy Equi","selector":{"id":"application-manageresources-display-component---newResourceUnit--PLANNING_GROUP","interaction":{"idSuffix":"inner"}},"clearTextFirst":true,"interactionType":"ENTER_TEXT"}]}
COMMAND: POST /session/ffd02ccbd2ef7f94e44a9324fe7b5a64/execute/async - {"script":"<script> [1562 bytes]","args":[{"selector":{"id":"application-manageresources-display-component---newResourceUnit--ITEM_TYPE-arrow"},"wdio_ui5_key":"applicationmanageresources-display-component---newResourceUnit--ITEM_TYPE-arrow"}]}
RESULT: {"script":"<script> [1562 bytes]","args":[{"selector":{"id":"application-manageresources-display-component---newResourceUnit--ITEM_TYPE-arrow"},"wdio_ui5_key":"applicationmanageresources-display-component---newResourceUnit--ITEM_TYPE-arrow"}]}
RESULT: undefined
COMMAND: POST /session/ffd02ccbd2ef7f94e44a9324fe7b5a64/element - {"using":"xpath","value":"//*[@id=\"application-manageresources-display-component---newResourceUnit--ITEM_TYPE-arrow\"]"}
RESULT: {"using":"xpath","value":"//*[@id=\"application-manageresources-display-component---newResourceUnit--ITEM_TYPE-arrow\"]"}
COMMAND: POST /session/ffd02ccbd2ef7f94e44a9324fe7b5a64/element/f.96D49A20C494BCF8563860382D93E39E.d.495F050F6F76914661D0366D586D56DA.e.5129/click - {}
RESULT: {}
COMMAND: POST /session/ffd02ccbd2ef7f94e44a9324fe7b5a64/element - {"using":"xpath","value":"(//span[contains(text(), \"Resource Unit\")])[2]"}
COMMAND: GET /session/ffd02ccbd2ef7f94e44a9324fe7b5a64/screenshot - {}
RESULT: {"using":"xpath","value":"(//span[contains(text(), \"Resource Unit\")])[2]"}
COMMAND: POST /session/ffd02ccbd2ef7f94e44a9324fe7b5a64/element/f.96D49A20C494BCF8563860382D93E39E.d.495F050F6F76914661D0366D586D56DA.e.5130/click - {}
RESULT: {}
RESULT: {}
COMMAND: GET /session/ffd02ccbd2ef7f94e44a9324fe7b5a64/screenshot - {}
RESULT: {}
COMMAND: POST /session/ffd02ccbd2ef7f94e44a9324fe7b5a64/element - {"using":"css selector","value":"#application-manageresources-display-component---newResourceUnit--btnAddTimeSegment"}
RESULT: {"using":"css selector","value":"#application-manageresources-display-component---newResourceUnit--btnAddTimeSegment"}
COMMAND: GET /session/ffd02ccbd2ef7f94e44a9324fe7b5a64/element/f.96D49A20C494BCF8563860382D93E39E.d.495F050F6F76914661D0366D586D56DA.e.5131/rect - {}
RESULT: {}
COMMAND: GET /session/ffd02ccbd2ef7f94e44a9324fe7b5a64/window/rect - {}
RESULT: {}
COMMAND: POST /session/ffd02ccbd2ef7f94e44a9324fe7b5a64/execute/sync - {"script":"<script> [92 bytes]","args":[]}
RESULT: {"script":"<script> [92 bytes]","args":[]}
COMMAND: POST /session/ffd02ccbd2ef7f94e44a9324fe7b5a64/actions - {"actions":[{"id":"action10","type":"wheel","parameters":{},"actions":[{"type":"scroll","x":-1888,"y":-32,"deltaX":0,"deltaY":0,"duration":0,"origin":{"element-6066-11e4-a52e-4f735466cecf":"f.96D49A20C494BCF8563860382D93E39E.d.495F050F6F76914661D0366D586D56DA.e.5131"}}]}]}
COMMAND: GET /session/ffd02ccbd2ef7f94e44a9324fe7b5a64/screenshot - {}
RESULT: {}
COMMAND: POST /session/ffd02ccbd2ef7f94e44a9324fe7b5a64/execute/sync - {"script":"<script> [79 bytes]","args":[{"element-6066-11e4-a52e-4f735466cecf":"f.96D49A20C494BCF8563860382D93E39E.d.495F050F6F76914661D0366D586D56DA.e.5131","ELEMENT":"f.96D49A20C494BCF8563860382D93E39E.d.495F050F6F76914661D0366D586D56DA.e.5131"},{"block":"start","inline":"nearest"}]}
RESULT: {"script":"<script> [79 bytes]","args":[{"element-6066-11e4-a52e-4f735466cecf":"f.96D49A20C494BCF8563860382D93E39E.d.495F050F6F76914661D0366D586D56DA.e.5131","ELEMENT":"f.96D49A20C494BCF8563860382D93E39E.d.495F050F6F76914661D0366D586D56DA.e.5131"},{"block":"start","inline":"nearest"}]}
COMMAND: POST /session/ffd02ccbd2ef7f94e44a9324fe7b5a64/execute/async - {"script":"<script> [1562 bytes]","args":[{"selector":{"id":"application-manageresources-display-component---newResourceUnit--btnAddTimeSegment","interaction":{"idSuffix":"inner"}},"wdio_ui5_key":"applicationmanageresources-display-component---newResourceUnit--btnAddTimeSegment"}]}
COMMAND: GET /session/ffd02ccbd2ef7f94e44a9324fe7b5a64/screenshot - {}
RESULT: {"script":"<script> [1562 bytes]","args":[{"selector":{"id":"application-manageresources-display-component---newResourceUnit--btnAddTimeSegment","interaction":{"idSuffix":"inner"}},"wdio_ui5_key":"applicationmanageresources-display-component---newResourceUnit--btnAddTimeSegment"}]}
RESULT: undefined
COMMAND: POST /session/ffd02ccbd2ef7f94e44a9324fe7b5a64/element - {"using":"xpath","value":"//*[@id=\"application-manageresources-display-component---newResourceUnit--btnAddTimeSegment\"]"}
RESULT: {}
RESULT: {"using":"xpath","value":"//*[@id=\"application-manageresources-display-component---newResourceUnit--btnAddTimeSegment\"]"}
COMMAND: POST /session/ffd02ccbd2ef7f94e44a9324fe7b5a64/element/f.96D49A20C494BCF8563860382D93E39E.d.495F050F6F76914661D0366D586D56DA.e.5131/click - {}
RESULT: {}
COMMAND: GET /session/ffd02ccbd2ef7f94e44a9324fe7b5a64/screenshot - {}
RESULT: {}
COMMAND: POST /session/ffd02ccbd2ef7f94e44a9324fe7b5a64/element - {"using":"xpath","value":"//input[@id=\"application-manageresources-display-component---newResourceUnit--idRuTSAdmin-application-manageresources-display-component---newResourceUnit--RUTimeSegment-0-inner\"]"}
RESULT: {"using":"xpath","value":"//input[@id=\"application-manageresources-display-component---newResourceUnit--idRuTSAdmin-application-manageresources-display-component---newResourceUnit--RUTimeSegment-0-inner\"]"}
COMMAND: POST /session/ffd02ccbd2ef7f94e44a9324fe7b5a64/element/f.96D49A20C494BCF8563860382D93E39E.d.495F050F6F76914661D0366D586D56DA.e.5137/clear - {}
RESULT: {}
COMMAND: POST /session/ffd02ccbd2ef7f94e44a9324fe7b5a64/element/f.96D49A20C494BCF8563860382D93E39E.d.495F050F6F76914661D0366D586D56DA.e.5137/value - {"text":"680"}
COMMAND: GET /session/ffd02ccbd2ef7f94e44a9324fe7b5a64/screenshot - {}
RESULT: {}
RESULT: {"text":"680"}
COMMAND: GET /session/ffd02ccbd2ef7f94e44a9324fe7b5a64/screenshot - {}
RESULT: {}
COMMAND: POST /session/ffd02ccbd2ef7f94e44a9324fe7b5a64/element - {"using":"xpath","value":"//li[.//span[text()='680']]"}
RESULT: {"using":"xpath","value":"//li[.//span[text()='680']]"}
COMMAND: POST /session/ffd02ccbd2ef7f94e44a9324fe7b5a64/element/f.96D49A20C494BCF8563860382D93E39E.d.495F050F6F76914661D0366D586D56DA.e.5149/click - {}
RESULT: {}
COMMAND: GET /session/ffd02ccbd2ef7f94e44a9324fe7b5a64/screenshot - {}
RESULT: {}
COMMAND: POST /session/ffd02ccbd2ef7f94e44a9324fe7b5a64/element - {"using":"xpath","value":"(//span[contains(@id, \"-application-manageresources-display-component---newResourceUnit--RUTimeSegment-0-arrow\")])[6]"}
RESULT: {"using":"xpath","value":"(//span[contains(@id, \"-application-manageresources-display-component---newResourceUnit--RUTimeSegment-0-arrow\")])[6]"}
COMMAND: POST /session/ffd02ccbd2ef7f94e44a9324fe7b5a64/element/f.96D49A20C494BCF8563860382D93E39E.d.495F050F6F76914661D0366D586D56DA.e.5150/click - {}
RESULT: {}
COMMAND: GET /session/ffd02ccbd2ef7f94e44a9324fe7b5a64/screenshot - {}
RESULT: {}
COMMAND: POST /session/ffd02ccbd2ef7f94e44a9324fe7b5a64/element - {"using":"xpath","value":"//span[contains(text(), \"PM Order\")]"}
RESULT: {"using":"xpath","value":"//span[contains(text(), \"PM Order\")]"}
COMMAND: POST /session/ffd02ccbd2ef7f94e44a9324fe7b5a64/element/f.96D49A20C494BCF8563860382D93E39E.d.495F050F6F76914661D0366D586D56DA.e.5153/click - {}
RESULT: {}
COMMAND: GET /session/ffd02ccbd2ef7f94e44a9324fe7b5a64/screenshot - {}
RESULT: {}
COMMAND: POST /session/ffd02ccbd2ef7f94e44a9324fe7b5a64/element - {"using":"xpath","value":"(//span[contains(@id ,\"manageresources-display-component---newResourceUnit--RUTimeSegment-0-vhi\")])[1]"}
RESULT: {"using":"xpath","value":"(//span[contains(@id ,\"manageresources-display-component---newResourceUnit--RUTimeSegment-0-vhi\")])[1]"}
COMMAND: GET /session/ffd02ccbd2ef7f94e44a9324fe7b5a64/element/f.96D49A20C494BCF8563860382D93E39E.d.495F050F6F76914661D0366D586D56DA.e.5157/rect - {}
RESULT: {}
COMMAND: GET /session/ffd02ccbd2ef7f94e44a9324fe7b5a64/window/rect - {}
RESULT: {}
COMMAND: POST /session/ffd02ccbd2ef7f94e44a9324fe7b5a64/execute/sync - {"script":"<script> [92 bytes]","args":[]}
RESULT: {"script":"<script> [92 bytes]","args":[]}
COMMAND: POST /session/ffd02ccbd2ef7f94e44a9324fe7b5a64/actions - {"actions":[{"id":"action11","type":"wheel","parameters":{},"actions":[{"type":"scroll","x":-869,"y":-24,"deltaX":0,"deltaY":0,"duration":0,"origin":{"element-6066-11e4-a52e-4f735466cecf":"f.96D49A20C494BCF8563860382D93E39E.d.495F050F6F76914661D0366D586D56DA.e.5157"}}]}]}
COMMAND: GET /session/ffd02ccbd2ef7f94e44a9324fe7b5a64/screenshot - {}
RESULT: {"actions":[{"id":"action11","type":"wheel","parameters":{},"actions":[{"type":"scroll","x":-869,"y":-24,"deltaX":0,"deltaY":0,"duration":0,"origin":{"element-6066-11e4-a52e-4f735466cecf":"f.96D49A20C494BCF8563860382D93E39E.d.495F050F6F76914661D0366D586D56DA.e.5157"}}]}]}
COMMAND: DELETE /session/ffd02ccbd2ef7f94e44a9324fe7b5a64/actions - {}
COMMAND: GET /session/ffd02ccbd2ef7f94e44a9324fe7b5a64/screenshot - {}
RESULT: {}
RESULT: {}
COMMAND: GET /session/ffd02ccbd2ef7f94e44a9324fe7b5a64/screenshot - {}
RESULT: {}
RESULT: {}
COMMAND: POST /session/ffd02ccbd2ef7f94e44a9324fe7b5a64/element/f.96D49A20C494BCF8563860382D93E39E.d.495F050F6F76914661D0366D586D56DA.e.5157/click - {}
RESULT: {}
COMMAND: GET /session/ffd02ccbd2ef7f94e44a9324fe7b5a64/screenshot - {}
RESULT: {}
COMMAND: POST /session/ffd02ccbd2ef7f94e44a9324fe7b5a64/execute/async - {"script":"<script> [1562 bytes]","args":[{"selector":{"controlType":"sap.m.SearchField","properties":{"placeholder":"Search"},"searchOpenDialogs":true,"interaction":{"idSuffix":"I"}},"wdio_ui5_key":"sapm.SearchField{\"placeholder\":\"Search\"}"}]}
RESULT: {"script":"<script> [1562 bytes]","args":[{"selector":{"controlType":"sap.m.SearchField","properties":{"placeholder":"Search"},"searchOpenDialogs":true,"interaction":{"idSuffix":"I"}},"wdio_ui5_key":"sapm.SearchField{\"placeholder\":\"Search\"}"}]}
RESULT: undefined
COMMAND: POST /session/ffd02ccbd2ef7f94e44a9324fe7b5a64/execute/async - {"script":"<script> [776 bytes]","args":[{"enterText":"4000360","selector":{"controlType":"sap.m.SearchField","properties":{"placeholder":"Search"},"searchOpenDialogs":true,"interaction":{"idSuffix":"I"}},"clearTextFirst":true,"interactionType":"ENTER_TEXT"}]}
RESULT: {"script":"<script> [776 bytes]","args":[{"enterText":"4000360","selector":{"controlType":"sap.m.SearchField","properties":{"placeholder":"Search"},"searchOpenDialogs":true,"interaction":{"idSuffix":"I"}},"clearTextFirst":true,"interactionType":"ENTER_TEXT"}]}
COMMAND: POST /session/ffd02ccbd2ef7f94e44a9324fe7b5a64/actions - {"actions":[{"id":"action12","type":"key","parameters":{},"actions":[{"type":"keyDown","value":""},{"type":"pause","duration":10},{"type":"keyUp","value":""}]}]}
RESULT: {"actions":[{"id":"action12","type":"key","parameters":{},"actions":[{"type":"keyDown","value":""},{"type":"pause","duration":10},{"type":"keyUp","value":""}]}]}
COMMAND: GET /session/ffd02ccbd2ef7f94e44a9324fe7b5a64/screenshot - {}
RESULT: {}
COMMAND: POST /session/ffd02ccbd2ef7f94e44a9324fe7b5a64/element - {"using":"xpath","value":"//td/div/span[contains(text(), \"BGL Vehicles\")]"}
RESULT: {"using":"xpath","value":"//td/div/span[contains(text(), \"BGL Vehicles\")]"}
COMMAND: POST /session/ffd02ccbd2ef7f94e44a9324fe7b5a64/element/f.96D49A20C494BCF8563860382D93E39E.d.495F050F6F76914661D0366D586D56DA.e.5180/click - {}
RESULT: {}
COMMAND: GET /session/ffd02ccbd2ef7f94e44a9324fe7b5a64/screenshot - {}
RESULT: {}
COMMAND: POST /session/ffd02ccbd2ef7f94e44a9324fe7b5a64/element - {"using":"xpath","value":"//bdi[contains(text(), \"OK\")]"}
RESULT: {"using":"xpath","value":"//bdi[contains(text(), \"OK\")]"}
COMMAND: POST /session/ffd02ccbd2ef7f94e44a9324fe7b5a64/element/f.96D49A20C494BCF8563860382D93E39E.d.495F050F6F76914661D0366D586D56DA.e.5181/click - {}
RESULT: {}
COMMAND: GET /session/ffd02ccbd2ef7f94e44a9324fe7b5a64/screenshot - {}
RESULT: {}
COMMAND: POST /session/ffd02ccbd2ef7f94e44a9324fe7b5a64/execute/async - {"script":"<script> [1562 bytes]","args":[{"selector":{"id":"application-manageresources-display-component---newResourceUnit--newRRUPage-anchBar-application-manageresources-display-component---newResourceUnit--resource-anchor","interaction":{"idSuffix":"BDI-content"}},"wdio_ui5_key":"applicationmanageresources-display-component---newResourceUnit--newRRUPage-anchBar-application-manageresources-display-component---newResourceUnit--resource-anchor"}]}
RESULT: {"script":"<script> [1562 bytes]","args":[{"selector":{"id":"application-manageresources-display-component---newResourceUnit--newRRUPage-anchBar-application-manageresources-display-component---newResourceUnit--resource-anchor","interaction":{"idSuffix":"BDI-content"}},"wdio_ui5_key":"applicationmanageresources-display-component---newResourceUnit--newRRUPage-anchBar-application-manageresources-display-component---newResourceUnit--resource-anchor"}]}
RESULT: undefined
COMMAND: POST /session/ffd02ccbd2ef7f94e44a9324fe7b5a64/element - {"using":"xpath","value":"//*[@id=\"application-manageresources-display-component---newResourceUnit--newRRUPage-anchBar-application-manageresources-display-component---newResourceUnit--resource-anchor\"]"}
RESULT: {"using":"xpath","value":"//*[@id=\"application-manageresources-display-component---newResourceUnit--newRRUPage-anchBar-application-manageresources-display-component---newResourceUnit--resource-anchor\"]"}
COMMAND: POST /session/ffd02ccbd2ef7f94e44a9324fe7b5a64/element/f.96D49A20C494BCF8563860382D93E39E.d.495F050F6F76914661D0366D586D56DA.e.5185/click - {}
RESULT: {}
COMMAND: POST /session/ffd02ccbd2ef7f94e44a9324fe7b5a64/execute/async - {"script":"<script> [1562 bytes]","args":[{"selector":{"id":"application-manageresources-display-component---newResourceUnit--PLANNED_DELIVERY_DATE","interaction":{"idSuffix":"inner"}},"wdio_ui5_key":"applicationmanageresources-display-component---newResourceUnit--PLANNED_DELIVERY_DATE"}]}
COMMAND: GET /session/ffd02ccbd2ef7f94e44a9324fe7b5a64/screenshot - {}
RESULT: {"script":"<script> [1562 bytes]","args":[{"selector":{"id":"application-manageresources-display-component---newResourceUnit--PLANNED_DELIVERY_DATE","interaction":{"idSuffix":"inner"}},"wdio_ui5_key":"applicationmanageresources-display-component---newResourceUnit--PLANNED_DELIVERY_DATE"}]}
RESULT: undefined
COMMAND: POST /session/ffd02ccbd2ef7f94e44a9324fe7b5a64/execute/async - {"script":"<script> [6424 bytes]","args":[{"element-6066-11e4-a52e-4f735466cecf":"f.96D49A20C494BCF8563860382D93E39E.d.495F050F6F76914661D0366D586D56DA.e.5047"},"setValue",["5/22/25"]]}
RESULT: {}
RESULT: {"script":"<script> [6424 bytes]","args":[{"element-6066-11e4-a52e-4f735466cecf":"f.96D49A20C494BCF8563860382D93E39E.d.495F050F6F76914661D0366D586D56DA.e.5047"},"setValue",["5/22/25"]]}
COMMAND: POST /session/ffd02ccbd2ef7f94e44a9324fe7b5a64/element - {"using":"xpath","value":"//label[contains(@class, 'sapMLabelRequired') and .//bdi[contains(text(), 'Planned Retirement')]]"}
RESULT: {"using":"xpath","value":"//label[contains(@class, 'sapMLabelRequired') and .//bdi[contains(text(), 'Planned Retirement')]]"}
COMMAND: POST /session/ffd02ccbd2ef7f94e44a9324fe7b5a64/elements - {"using":"xpath","value":"//label[contains(@class, 'sapMLabelRequired') and .//bdi[contains(text(), 'Planned Retirement')]]"}
RESULT: {"using":"xpath","value":"//label[contains(@class, 'sapMLabelRequired') and .//bdi[contains(text(), 'Planned Retirement')]]"}
COMMAND: POST /session/ffd02ccbd2ef7f94e44a9324fe7b5a64/element - {"using":"xpath","value":"//button[@data-kt=\"resourceUnitSaveButton\"]"}
RESULT: {"using":"xpath","value":"//button[@data-kt=\"resourceUnitSaveButton\"]"}
COMMAND: POST /session/ffd02ccbd2ef7f94e44a9324fe7b5a64/element/f.96D49A20C494BCF8563860382D93E39E.d.495F050F6F76914661D0366D586D56DA.e.5007/click - {}
RESULT: {}
COMMAND: GET /session/ffd02ccbd2ef7f94e44a9324fe7b5a64/screenshot - {}
RESULT: {}
COMMAND: POST /session/ffd02ccbd2ef7f94e44a9324fe7b5a64/element - {"using":"xpath","value":"//bdi[contains(text(), \"Close\")]"}
RESULT: {"using":"xpath","value":"//bdi[contains(text(), \"Close\")]"}
COMMAND: POST /session/ffd02ccbd2ef7f94e44a9324fe7b5a64/element/f.96D49A20C494BCF8563860382D93E39E.d.495F050F6F76914661D0366D586D56DA.e.5195/click - {}
RESULT: {}
COMMAND: GET /session/ffd02ccbd2ef7f94e44a9324fe7b5a64/screenshot - {}
RESULT: {}
COMMAND: POST /session/ffd02ccbd2ef7f94e44a9324fe7b5a64/element - {"using":"xpath","value":"(//button[contains(@id ,\"actionsToolbar-overflowButton\")])[1]"}
RESULT: {"using":"xpath","value":"(//button[contains(@id ,\"actionsToolbar-overflowButton\")])[1]"}
COMMAND: POST /session/ffd02ccbd2ef7f94e44a9324fe7b5a64/element/f.96D49A20C494BCF8563860382D93E39E.d.495F050F6F76914661D0366D586D56DA.e.5254/click - {}
RESULT: {}
COMMAND: GET /session/ffd02ccbd2ef7f94e44a9324fe7b5a64/screenshot - {}
RESULT: {}
COMMAND: POST /session/ffd02ccbd2ef7f94e44a9324fe7b5a64/element - {"using":"xpath","value":"//button[@data-kt=\"priceInfoButton\"]"}
RESULT: {"using":"xpath","value":"//button[@data-kt=\"priceInfoButton\"]"}
COMMAND: POST /session/ffd02ccbd2ef7f94e44a9324fe7b5a64/element/f.96D49A20C494BCF8563860382D93E39E.d.495F050F6F76914661D0366D586D56DA.e.5257/click - {}
RESULT: {}
COMMAND: GET /session/ffd02ccbd2ef7f94e44a9324fe7b5a64/screenshot - {}
RESULT: {}
]]></system-out>
    </testcase>
    <testcase classname="chrome.136_0_7103_93.windows.Billing_Transfer_-_Master_data_&amp;_Intercompany_US127250" name="Should create new pricing rule TB on the equipment TB" time="58.724">
      <system-out><![CDATA[
COMMAND: POST /session/ffd02ccbd2ef7f94e44a9324fe7b5a64/element - {"using":"xpath","value":"//button[@data-kt=\"addButton\"]"}
RESULT: {"using":"xpath","value":"//button[@data-kt=\"addButton\"]"}
COMMAND: POST /session/ffd02ccbd2ef7f94e44a9324fe7b5a64/elements - {"using":"xpath","value":"//button[@data-kt=\"addButton\"]"}
RESULT: {"using":"xpath","value":"//button[@data-kt=\"addButton\"]"}
COMMAND: POST /session/ffd02ccbd2ef7f94e44a9324fe7b5a64/elements - {"using":"xpath","value":"//button[@data-kt=\"addButton\"]"}
RESULT: {"using":"xpath","value":"//button[@data-kt=\"addButton\"]"}
COMMAND: POST /session/ffd02ccbd2ef7f94e44a9324fe7b5a64/element - {"using":"xpath","value":"//button[@data-kt=\"addButton\"]"}
RESULT: {"using":"xpath","value":"//button[@data-kt=\"addButton\"]"}
COMMAND: POST /session/ffd02ccbd2ef7f94e44a9324fe7b5a64/execute/sync - {"script":"<script> [8489 bytes]","args":[{"element-6066-11e4-a52e-4f735466cecf":"f.96D49A20C494BCF8563860382D93E39E.d.495F050F6F76914661D0366D586D56DA.e.5294","ELEMENT":"f.96D49A20C494BCF8563860382D93E39E.d.495F050F6F76914661D0366D586D56DA.e.5294"}]}
RESULT: {"script":"<script> [8489 bytes]","args":[{"element-6066-11e4-a52e-4f735466cecf":"f.96D49A20C494BCF8563860382D93E39E.d.495F050F6F76914661D0366D586D56DA.e.5294","ELEMENT":"f.96D49A20C494BCF8563860382D93E39E.d.495F050F6F76914661D0366D586D56DA.e.5294"}]}
COMMAND: GET /session/ffd02ccbd2ef7f94e44a9324fe7b5a64/element/f.96D49A20C494BCF8563860382D93E39E.d.495F050F6F76914661D0366D586D56DA.e.5294/enabled - {}
COMMAND: GET /session/ffd02ccbd2ef7f94e44a9324fe7b5a64/screenshot - {}
RESULT: {}
COMMAND: POST /session/ffd02ccbd2ef7f94e44a9324fe7b5a64/execute/sync - {"script":"<script> [8489 bytes]","args":[{"element-6066-11e4-a52e-4f735466cecf":"f.96D49A20C494BCF8563860382D93E39E.d.495F050F6F76914661D0366D586D56DA.e.5294","ELEMENT":"f.96D49A20C494BCF8563860382D93E39E.d.495F050F6F76914661D0366D586D56DA.e.5294"}]}
COMMAND: GET /session/ffd02ccbd2ef7f94e44a9324fe7b5a64/screenshot - {}
RESULT: {}
RESULT: {"script":"<script> [8489 bytes]","args":[{"element-6066-11e4-a52e-4f735466cecf":"f.96D49A20C494BCF8563860382D93E39E.d.495F050F6F76914661D0366D586D56DA.e.5294","ELEMENT":"f.96D49A20C494BCF8563860382D93E39E.d.495F050F6F76914661D0366D586D56DA.e.5294"}]}
COMMAND: POST /session/ffd02ccbd2ef7f94e44a9324fe7b5a64/execute/sync - {"script":"<script> [5351 bytes]","args":[{"element-6066-11e4-a52e-4f735466cecf":"f.96D49A20C494BCF8563860382D93E39E.d.495F050F6F76914661D0366D586D56DA.e.5294","ELEMENT":"f.96D49A20C494BCF8563860382D93E39E.d.495F050F6F76914661D0366D586D56DA.e.5294"}]}
COMMAND: GET /session/ffd02ccbd2ef7f94e44a9324fe7b5a64/screenshot - {}
RESULT: {}
RESULT: {"script":"<script> [5351 bytes]","args":[{"element-6066-11e4-a52e-4f735466cecf":"f.96D49A20C494BCF8563860382D93E39E.d.495F050F6F76914661D0366D586D56DA.e.5294","ELEMENT":"f.96D49A20C494BCF8563860382D93E39E.d.495F050F6F76914661D0366D586D56DA.e.5294"}]}
COMMAND: POST /session/ffd02ccbd2ef7f94e44a9324fe7b5a64/element/f.96D49A20C494BCF8563860382D93E39E.d.495F050F6F76914661D0366D586D56DA.e.5294/click - {}
COMMAND: GET /session/ffd02ccbd2ef7f94e44a9324fe7b5a64/screenshot - {}
RESULT: {}
RESULT: {}
COMMAND: GET /session/ffd02ccbd2ef7f94e44a9324fe7b5a64/screenshot - {}
RESULT: {}
RESULT: {}
COMMAND: POST /session/ffd02ccbd2ef7f94e44a9324fe7b5a64/execute/async - {"script":"<script> [1562 bytes]","args":[{"selector":{"controlType":"sap.m.Title","viewName":"etm.portal.ui.managepricingrules.view.NewItem","viewId":"application-managepricingrules-display-component---newInfoPriceItem","properties":{"text":"New Pricing Rules - Item Level"}},"wdio_ui5_key":"etmportal.ui.managepricingrules.view.NewItemsap.m.Title{\"text\":\"New Pricing Rules - Item Level\"}"}]}
RESULT: {"script":"<script> [1562 bytes]","args":[{"selector":{"controlType":"sap.m.Title","viewName":"etm.portal.ui.managepricingrules.view.NewItem","viewId":"application-managepricingrules-display-component---newInfoPriceItem","properties":{"text":"New Pricing Rules - Item Level"}},"wdio_ui5_key":"etmportal.ui.managepricingrules.view.NewItemsap.m.Title{\"text\":\"New Pricing Rules - Item Level\"}"}]}
RESULT: undefined
COMMAND: POST /session/ffd02ccbd2ef7f94e44a9324fe7b5a64/execute/async - {"script":"<script> [6424 bytes]","args":[{"element-6066-11e4-a52e-4f735466cecf":"f.96D49A20C494BCF8563860382D93E39E.d.495F050F6F76914661D0366D586D56DA.e.5373"},"getText",[]]}
RESULT: {"script":"<script> [6424 bytes]","args":[{"element-6066-11e4-a52e-4f735466cecf":"f.96D49A20C494BCF8563860382D93E39E.d.495F050F6F76914661D0366D586D56DA.e.5373"},"getText",[]]}
COMMAND: POST /session/ffd02ccbd2ef7f94e44a9324fe7b5a64/execute/async - {"script":"<script> [1562 bytes]","args":[{"selector":{"id":"application-managepricingrules-display-component---newInfoPriceItem--condValidTo","interaction":{"idSuffix":"inner"}},"wdio_ui5_key":"applicationmanagepricingrules-display-component---newInfoPriceItem--condValidTo"}]}
RESULT: {"script":"<script> [1562 bytes]","args":[{"selector":{"id":"application-managepricingrules-display-component---newInfoPriceItem--condValidTo","interaction":{"idSuffix":"inner"}},"wdio_ui5_key":"applicationmanagepricingrules-display-component---newInfoPriceItem--condValidTo"}]}
RESULT: undefined
COMMAND: POST /session/ffd02ccbd2ef7f94e44a9324fe7b5a64/execute/async - {"script":"<script> [776 bytes]","args":[{"enterText":"1/22/26","selector":{"id":"application-managepricingrules-display-component---newInfoPriceItem--condValidTo","interaction":{"idSuffix":"inner"}},"clearTextFirst":true,"interactionType":"ENTER_TEXT"}]}
RESULT: {"script":"<script> [776 bytes]","args":[{"enterText":"1/22/26","selector":{"id":"application-managepricingrules-display-component---newInfoPriceItem--condValidTo","interaction":{"idSuffix":"inner"}},"clearTextFirst":true,"interactionType":"ENTER_TEXT"}]}
COMMAND: POST /session/ffd02ccbd2ef7f94e44a9324fe7b5a64/execute/async - {"script":"<script> [1562 bytes]","args":[{"selector":{"id":"application-managepricingrules-display-component---newInfoPriceItem--billType-arrow"},"wdio_ui5_key":"applicationmanagepricingrules-display-component---newInfoPriceItem--billType-arrow"}]}
RESULT: {"script":"<script> [1562 bytes]","args":[{"selector":{"id":"application-managepricingrules-display-component---newInfoPriceItem--billType-arrow"},"wdio_ui5_key":"applicationmanagepricingrules-display-component---newInfoPriceItem--billType-arrow"}]}
RESULT: undefined
COMMAND: POST /session/ffd02ccbd2ef7f94e44a9324fe7b5a64/element - {"using":"xpath","value":"//*[@id=\"application-managepricingrules-display-component---newInfoPriceItem--billType-arrow\"]"}
RESULT: {"using":"xpath","value":"//*[@id=\"application-managepricingrules-display-component---newInfoPriceItem--billType-arrow\"]"}
COMMAND: POST /session/ffd02ccbd2ef7f94e44a9324fe7b5a64/element/f.96D49A20C494BCF8563860382D93E39E.d.495F050F6F76914661D0366D586D56DA.e.5430/click - {}
RESULT: {}
COMMAND: POST /session/ffd02ccbd2ef7f94e44a9324fe7b5a64/element - {"using":"xpath","value":"//span[contains(text(), \"TB - Time based\")]"}
COMMAND: GET /session/ffd02ccbd2ef7f94e44a9324fe7b5a64/screenshot - {}
RESULT: {"using":"xpath","value":"//span[contains(text(), \"TB - Time based\")]"}
COMMAND: POST /session/ffd02ccbd2ef7f94e44a9324fe7b5a64/element/f.96D49A20C494BCF8563860382D93E39E.d.495F050F6F76914661D0366D586D56DA.e.5472/click - {}
RESULT: {}
RESULT: {}
COMMAND: POST /session/ffd02ccbd2ef7f94e44a9324fe7b5a64/execute/async - {"script":"<script> [1562 bytes]","args":[{"selector":{"id":"application-managepricingrules-display-component---newInfoPriceItem--priceProc-arrow"},"wdio_ui5_key":"applicationmanagepricingrules-display-component---newInfoPriceItem--priceProc-arrow"}]}
COMMAND: GET /session/ffd02ccbd2ef7f94e44a9324fe7b5a64/screenshot - {}
RESULT: {"script":"<script> [1562 bytes]","args":[{"selector":{"id":"application-managepricingrules-display-component---newInfoPriceItem--priceProc-arrow"},"wdio_ui5_key":"applicationmanagepricingrules-display-component---newInfoPriceItem--priceProc-arrow"}]}
RESULT: undefined
COMMAND: POST /session/ffd02ccbd2ef7f94e44a9324fe7b5a64/element - {"using":"xpath","value":"//*[@id=\"application-managepricingrules-display-component---newInfoPriceItem--priceProc-arrow\"]"}
RESULT: {}
RESULT: {"using":"xpath","value":"//*[@id=\"application-managepricingrules-display-component---newInfoPriceItem--priceProc-arrow\"]"}
COMMAND: POST /session/ffd02ccbd2ef7f94e44a9324fe7b5a64/element/f.96D49A20C494BCF8563860382D93E39E.d.495F050F6F76914661D0366D586D56DA.e.5437/click - {}
RESULT: {}
COMMAND: POST /session/ffd02ccbd2ef7f94e44a9324fe7b5a64/element - {"using":"xpath","value":"//span[contains(text(), \"TBS - Time based standard\")]"}
COMMAND: GET /session/ffd02ccbd2ef7f94e44a9324fe7b5a64/screenshot - {}
RESULT: {"using":"xpath","value":"//span[contains(text(), \"TBS - Time based standard\")]"}
COMMAND: POST /session/ffd02ccbd2ef7f94e44a9324fe7b5a64/element/f.96D49A20C494BCF8563860382D93E39E.d.495F050F6F76914661D0366D586D56DA.e.5473/click - {}
RESULT: {}
RESULT: {}
COMMAND: POST /session/ffd02ccbd2ef7f94e44a9324fe7b5a64/execute/async - {"script":"<script> [1562 bytes]","args":[{"selector":{"id":"application-managepricingrules-display-component---newInfoPriceItem--calcBase-arrow"},"wdio_ui5_key":"applicationmanagepricingrules-display-component---newInfoPriceItem--calcBase-arrow"}]}
COMMAND: GET /session/ffd02ccbd2ef7f94e44a9324fe7b5a64/screenshot - {}
RESULT: {"script":"<script> [1562 bytes]","args":[{"selector":{"id":"application-managepricingrules-display-component---newInfoPriceItem--calcBase-arrow"},"wdio_ui5_key":"applicationmanagepricingrules-display-component---newInfoPriceItem--calcBase-arrow"}]}
RESULT: undefined
COMMAND: POST /session/ffd02ccbd2ef7f94e44a9324fe7b5a64/element - {"using":"xpath","value":"//*[@id=\"application-managepricingrules-display-component---newInfoPriceItem--calcBase-arrow\"]"}
RESULT: {}
RESULT: {"using":"xpath","value":"//*[@id=\"application-managepricingrules-display-component---newInfoPriceItem--calcBase-arrow\"]"}
COMMAND: POST /session/ffd02ccbd2ef7f94e44a9324fe7b5a64/element/f.96D49A20C494BCF8563860382D93E39E.d.495F050F6F76914661D0366D586D56DA.e.5444/click - {}
RESULT: {}
COMMAND: GET /session/ffd02ccbd2ef7f94e44a9324fe7b5a64/screenshot - {}
RESULT: {}
COMMAND: POST /session/ffd02ccbd2ef7f94e44a9324fe7b5a64/element - {"using":"xpath","value":"//span[contains(text(), \"0006 - TB(calendar days)\")]"}
RESULT: {"using":"xpath","value":"//span[contains(text(), \"0006 - TB(calendar days)\")]"}
COMMAND: POST /session/ffd02ccbd2ef7f94e44a9324fe7b5a64/element/f.96D49A20C494BCF8563860382D93E39E.d.495F050F6F76914661D0366D586D56DA.e.5474/click - {}
RESULT: {}
COMMAND: GET /session/ffd02ccbd2ef7f94e44a9324fe7b5a64/screenshot - {}
RESULT: {}
COMMAND: POST /session/ffd02ccbd2ef7f94e44a9324fe7b5a64/execute/async - {"script":"<script> [1562 bytes]","args":[{"selector":{"id":"application-managepricingrules-display-component---newInfoPriceItem--daysMonth","interaction":{"idSuffix":"inner"}},"wdio_ui5_key":"applicationmanagepricingrules-display-component---newInfoPriceItem--daysMonth"}]}
RESULT: {"script":"<script> [1562 bytes]","args":[{"selector":{"id":"application-managepricingrules-display-component---newInfoPriceItem--daysMonth","interaction":{"idSuffix":"inner"}},"wdio_ui5_key":"applicationmanagepricingrules-display-component---newInfoPriceItem--daysMonth"}]}
RESULT: undefined
COMMAND: POST /session/ffd02ccbd2ef7f94e44a9324fe7b5a64/execute/async - {"script":"<script> [776 bytes]","args":[{"enterText":"30","selector":{"id":"application-managepricingrules-display-component---newInfoPriceItem--daysMonth","interaction":{"idSuffix":"inner"}},"clearTextFirst":true,"interactionType":"ENTER_TEXT"}]}
RESULT: {"script":"<script> [776 bytes]","args":[{"enterText":"30","selector":{"id":"application-managepricingrules-display-component---newInfoPriceItem--daysMonth","interaction":{"idSuffix":"inner"}},"clearTextFirst":true,"interactionType":"ENTER_TEXT"}]}
COMMAND: POST /session/ffd02ccbd2ef7f94e44a9324fe7b5a64/element - {"using":"xpath","value":"//button[@data-kt=\"saveNewRuleButton\"]"}
RESULT: {"using":"xpath","value":"//button[@data-kt=\"saveNewRuleButton\"]"}
COMMAND: POST /session/ffd02ccbd2ef7f94e44a9324fe7b5a64/element/f.96D49A20C494BCF8563860382D93E39E.d.495F050F6F76914661D0366D586D56DA.e.5465/click - {}
RESULT: {}
COMMAND: GET /session/ffd02ccbd2ef7f94e44a9324fe7b5a64/screenshot - {}
RESULT: {}
COMMAND: POST /session/ffd02ccbd2ef7f94e44a9324fe7b5a64/execute/async - {"script":"<script> [1562 bytes]","args":[{"selector":{"id":"application-managepricingrules-display-component---priceInfoItem--smartFilterBar-btnBasicSearch","interaction":{"idSuffix":"I"}},"wdio_ui5_key":"applicationmanagepricingrules-display-component---priceInfoItem--smartFilterBar-btnBasicSearch"}]}
RESULT: {"script":"<script> [1562 bytes]","args":[{"selector":{"id":"application-managepricingrules-display-component---priceInfoItem--smartFilterBar-btnBasicSearch","interaction":{"idSuffix":"I"}},"wdio_ui5_key":"applicationmanagepricingrules-display-component---priceInfoItem--smartFilterBar-btnBasicSearch"}]}
RESULT: undefined
COMMAND: POST /session/ffd02ccbd2ef7f94e44a9324fe7b5a64/execute/async - {"script":"<script> [776 bytes]","args":[{"enterText":"d8c5uy53mA","selector":{"id":"application-managepricingrules-display-component---priceInfoItem--smartFilterBar-btnBasicSearch","interaction":{"idSuffix":"I"}},"clearTextFirst":true,"interactionType":"ENTER_TEXT"}]}
RESULT: {"script":"<script> [776 bytes]","args":[{"enterText":"d8c5uy53mA","selector":{"id":"application-managepricingrules-display-component---priceInfoItem--smartFilterBar-btnBasicSearch","interaction":{"idSuffix":"I"}},"clearTextFirst":true,"interactionType":"ENTER_TEXT"}]}
COMMAND: POST /session/ffd02ccbd2ef7f94e44a9324fe7b5a64/actions - {"actions":[{"id":"action13","type":"key","parameters":{},"actions":[{"type":"keyDown","value":""},{"type":"pause","duration":10},{"type":"keyUp","value":""}]}]}
RESULT: {"actions":[{"id":"action13","type":"key","parameters":{},"actions":[{"type":"keyDown","value":""},{"type":"pause","duration":10},{"type":"keyUp","value":""}]}]}
COMMAND: GET /session/ffd02ccbd2ef7f94e44a9324fe7b5a64/screenshot - {}
RESULT: {}
COMMAND: POST /session/ffd02ccbd2ef7f94e44a9324fe7b5a64/element - {"using":"xpath","value":"//span[@id=\"application-managepricingrules-display-component---priceInfoItem--smartTable-header-inner\"]"}
RESULT: {"using":"xpath","value":"//span[@id=\"application-managepricingrules-display-component---priceInfoItem--smartTable-header-inner\"]"}
COMMAND: POST /session/ffd02ccbd2ef7f94e44a9324fe7b5a64/elements - {"using":"xpath","value":"//span[@id=\"application-managepricingrules-display-component---priceInfoItem--smartTable-header-inner\"]"}
RESULT: {"using":"xpath","value":"//span[@id=\"application-managepricingrules-display-component---priceInfoItem--smartTable-header-inner\"]"}
COMMAND: POST /session/ffd02ccbd2ef7f94e44a9324fe7b5a64/execute/sync - {"script":"<script> [56 bytes]","args":[{"element-6066-11e4-a52e-4f735466cecf":"f.96D49A20C494BCF8563860382D93E39E.d.495F050F6F76914661D0366D586D56DA.e.5488","ELEMENT":"f.96D49A20C494BCF8563860382D93E39E.d.495F050F6F76914661D0366D586D56DA.e.5488"}]}
RESULT: {"script":"<script> [56 bytes]","args":[{"element-6066-11e4-a52e-4f735466cecf":"f.96D49A20C494BCF8563860382D93E39E.d.495F050F6F76914661D0366D586D56DA.e.5488","ELEMENT":"f.96D49A20C494BCF8563860382D93E39E.d.495F050F6F76914661D0366D586D56DA.e.5488"}]}
COMMAND: POST /session/ffd02ccbd2ef7f94e44a9324fe7b5a64/element - {"using":"css selector","value":"#shell-header-logo"}
COMMAND: GET /session/ffd02ccbd2ef7f94e44a9324fe7b5a64/screenshot - {}
RESULT: {"using":"css selector","value":"#shell-header-logo"}
COMMAND: POST /session/ffd02ccbd2ef7f94e44a9324fe7b5a64/element/f.96D49A20C494BCF8563860382D93E39E.d.495F050F6F76914661D0366D586D56DA.e.4603/click - {}
RESULT: {}
RESULT: {}
COMMAND: GET /session/ffd02ccbd2ef7f94e44a9324fe7b5a64/screenshot - {}
RESULT: {}
]]></system-out>
    </testcase>
    <testcase classname="chrome.136_0_7103_93.windows.Billing_Transfer_-_Master_data_&amp;_Intercompany_US127250" name="Should create new condition for equipment TB" time="78.03">
      <system-out><![CDATA[
COMMAND: POST /session/ffd02ccbd2ef7f94e44a9324fe7b5a64/execute/async - {"script":"<script> [1562 bytes]","args":[{"selector":{"controlType":"sap.m.GenericTile","properties":{"header":"Manage Conditions & Prices"}},"wdio_ui5_key":"sapm.GenericTile{\"header\":\"Manage Conditions & Prices\"}"}]}
RESULT: {"script":"<script> [1562 bytes]","args":[{"selector":{"controlType":"sap.m.GenericTile","properties":{"header":"Manage Conditions & Prices"}},"wdio_ui5_key":"sapm.GenericTile{\"header\":\"Manage Conditions & Prices\"}"}]}
RESULT: undefined
COMMAND: POST /session/ffd02ccbd2ef7f94e44a9324fe7b5a64/element - {"using":"xpath","value":"//*[@id=\"__tile93\"]"}
RESULT: {"using":"xpath","value":"//*[@id=\"__tile93\"]"}
COMMAND: POST /session/ffd02ccbd2ef7f94e44a9324fe7b5a64/element/f.96D49A20C494BCF8563860382D93E39E.d.495F050F6F76914661D0366D586D56DA.e.4587/click - {}
RESULT: {}
COMMAND: GET /session/ffd02ccbd2ef7f94e44a9324fe7b5a64/screenshot - {}
RESULT: {}
COMMAND: POST /session/ffd02ccbd2ef7f94e44a9324fe7b5a64/elements - {"using":"xpath","value":"//span[text()='Error']"}
RESULT: {"using":"xpath","value":"//span[text()='Error']"}
COMMAND: POST /session/ffd02ccbd2ef7f94e44a9324fe7b5a64/element - {"using":"xpath","value":"//button[@aria-label=\"Create\"]"}
RESULT: {"using":"xpath","value":"//button[@aria-label=\"Create\"]"}
COMMAND: POST /session/ffd02ccbd2ef7f94e44a9324fe7b5a64/elements - {"using":"xpath","value":"//button[@aria-label=\"Create\"]"}
RESULT: {"using":"xpath","value":"//button[@aria-label=\"Create\"]"}
COMMAND: POST /session/ffd02ccbd2ef7f94e44a9324fe7b5a64/element - {"using":"xpath","value":"//button[@aria-label=\"Create\"]"}
RESULT: {"using":"xpath","value":"//button[@aria-label=\"Create\"]"}
COMMAND: POST /session/ffd02ccbd2ef7f94e44a9324fe7b5a64/execute/sync - {"script":"<script> [8489 bytes]","args":[{"element-6066-11e4-a52e-4f735466cecf":"f.96D49A20C494BCF8563860382D93E39E.d.495F050F6F76914661D0366D586D56DA.e.5524","ELEMENT":"f.96D49A20C494BCF8563860382D93E39E.d.495F050F6F76914661D0366D586D56DA.e.5524"}]}
RESULT: {"script":"<script> [8489 bytes]","args":[{"element-6066-11e4-a52e-4f735466cecf":"f.96D49A20C494BCF8563860382D93E39E.d.495F050F6F76914661D0366D586D56DA.e.5524","ELEMENT":"f.96D49A20C494BCF8563860382D93E39E.d.495F050F6F76914661D0366D586D56DA.e.5524"}]}
COMMAND: GET /session/ffd02ccbd2ef7f94e44a9324fe7b5a64/element/f.96D49A20C494BCF8563860382D93E39E.d.495F050F6F76914661D0366D586D56DA.e.5524/enabled - {}
COMMAND: GET /session/ffd02ccbd2ef7f94e44a9324fe7b5a64/screenshot - {}
RESULT: {}
COMMAND: POST /session/ffd02ccbd2ef7f94e44a9324fe7b5a64/execute/sync - {"script":"<script> [8489 bytes]","args":[{"element-6066-11e4-a52e-4f735466cecf":"f.96D49A20C494BCF8563860382D93E39E.d.495F050F6F76914661D0366D586D56DA.e.5524","ELEMENT":"f.96D49A20C494BCF8563860382D93E39E.d.495F050F6F76914661D0366D586D56DA.e.5524"}]}
COMMAND: GET /session/ffd02ccbd2ef7f94e44a9324fe7b5a64/screenshot - {}
RESULT: {}
RESULT: {"script":"<script> [8489 bytes]","args":[{"element-6066-11e4-a52e-4f735466cecf":"f.96D49A20C494BCF8563860382D93E39E.d.495F050F6F76914661D0366D586D56DA.e.5524","ELEMENT":"f.96D49A20C494BCF8563860382D93E39E.d.495F050F6F76914661D0366D586D56DA.e.5524"}]}
COMMAND: POST /session/ffd02ccbd2ef7f94e44a9324fe7b5a64/execute/sync - {"script":"<script> [5351 bytes]","args":[{"element-6066-11e4-a52e-4f735466cecf":"f.96D49A20C494BCF8563860382D93E39E.d.495F050F6F76914661D0366D586D56DA.e.5524","ELEMENT":"f.96D49A20C494BCF8563860382D93E39E.d.495F050F6F76914661D0366D586D56DA.e.5524"}]}
COMMAND: GET /session/ffd02ccbd2ef7f94e44a9324fe7b5a64/screenshot - {}
RESULT: {}
RESULT: {"script":"<script> [5351 bytes]","args":[{"element-6066-11e4-a52e-4f735466cecf":"f.96D49A20C494BCF8563860382D93E39E.d.495F050F6F76914661D0366D586D56DA.e.5524","ELEMENT":"f.96D49A20C494BCF8563860382D93E39E.d.495F050F6F76914661D0366D586D56DA.e.5524"}]}
COMMAND: POST /session/ffd02ccbd2ef7f94e44a9324fe7b5a64/element/f.96D49A20C494BCF8563860382D93E39E.d.495F050F6F76914661D0366D586D56DA.e.5524/click - {}
COMMAND: GET /session/ffd02ccbd2ef7f94e44a9324fe7b5a64/screenshot - {}
RESULT: {}
RESULT: {}
COMMAND: GET /session/ffd02ccbd2ef7f94e44a9324fe7b5a64/screenshot - {}
RESULT: {}
RESULT: {}
COMMAND: POST /session/ffd02ccbd2ef7f94e44a9324fe7b5a64/actions - {"actions":[{"id":"action14","type":"key","parameters":{},"actions":[{"type":"keyDown","value":""},{"type":"pause","duration":10},{"type":"keyUp","value":""}]}]}
RESULT: {"actions":[{"id":"action14","type":"key","parameters":{},"actions":[{"type":"keyDown","value":""},{"type":"pause","duration":10},{"type":"keyUp","value":""}]}]}
COMMAND: GET /session/ffd02ccbd2ef7f94e44a9324fe7b5a64/screenshot - {}
RESULT: {}
COMMAND: POST /session/ffd02ccbd2ef7f94e44a9324fe7b5a64/execute/async - {"script":"<script> [1562 bytes]","args":[{"selector":{"id":"application-manageconditionprice-display-component---newCondition--condBillCond-arrow"},"wdio_ui5_key":"applicationmanageconditionprice-display-component---newCondition--condBillCond-arrow"}]}
RESULT: {"script":"<script> [1562 bytes]","args":[{"selector":{"id":"application-manageconditionprice-display-component---newCondition--condBillCond-arrow"},"wdio_ui5_key":"applicationmanageconditionprice-display-component---newCondition--condBillCond-arrow"}]}
RESULT: undefined
COMMAND: POST /session/ffd02ccbd2ef7f94e44a9324fe7b5a64/element - {"using":"xpath","value":"//*[@id=\"application-manageconditionprice-display-component---newCondition--condBillCond-arrow\"]"}
RESULT: {"using":"xpath","value":"//*[@id=\"application-manageconditionprice-display-component---newCondition--condBillCond-arrow\"]"}
COMMAND: POST /session/ffd02ccbd2ef7f94e44a9324fe7b5a64/element/f.96D49A20C494BCF8563860382D93E39E.d.495F050F6F76914661D0366D586D56DA.e.5705/click - {}
RESULT: {}
COMMAND: GET /session/ffd02ccbd2ef7f94e44a9324fe7b5a64/screenshot - {}
RESULT: {}
COMMAND: POST /session/ffd02ccbd2ef7f94e44a9324fe7b5a64/element - {"using":"xpath","value":"//li[.//span[contains(text(), \"DISP - D&I special price\")]]"}
RESULT: {"using":"xpath","value":"//li[.//span[contains(text(), \"DISP - D&I special price\")]]"}
COMMAND: POST /session/ffd02ccbd2ef7f94e44a9324fe7b5a64/element/f.96D49A20C494BCF8563860382D93E39E.d.495F050F6F76914661D0366D586D56DA.e.5708/click - {}
RESULT: {}
COMMAND: GET /session/ffd02ccbd2ef7f94e44a9324fe7b5a64/screenshot - {}
RESULT: {}
COMMAND: POST /session/ffd02ccbd2ef7f94e44a9324fe7b5a64/execute/async - {"script":"<script> [1562 bytes]","args":[{"selector":{"id":"application-manageconditionprice-display-component---newCondition--condValidTo","interaction":{"idSuffix":"inner"}},"wdio_ui5_key":"applicationmanageconditionprice-display-component---newCondition--condValidTo"}]}
RESULT: {"script":"<script> [1562 bytes]","args":[{"selector":{"id":"application-manageconditionprice-display-component---newCondition--condValidTo","interaction":{"idSuffix":"inner"}},"wdio_ui5_key":"applicationmanageconditionprice-display-component---newCondition--condValidTo"}]}
RESULT: undefined
COMMAND: POST /session/ffd02ccbd2ef7f94e44a9324fe7b5a64/execute/async - {"script":"<script> [776 bytes]","args":[{"enterText":"1/22/26","selector":{"id":"application-manageconditionprice-display-component---newCondition--condValidTo","interaction":{"idSuffix":"inner"}},"clearTextFirst":true,"interactionType":"ENTER_TEXT"}]}
RESULT: {"script":"<script> [776 bytes]","args":[{"enterText":"1/22/26","selector":{"id":"application-manageconditionprice-display-component---newCondition--condValidTo","interaction":{"idSuffix":"inner"}},"clearTextFirst":true,"interactionType":"ENTER_TEXT"}]}
COMMAND: POST /session/ffd02ccbd2ef7f94e44a9324fe7b5a64/element - {"using":"xpath","value":"//input[@id=\"application-manageconditionprice-display-component---newCondition--condRU-inner\"]"}
RESULT: {"using":"xpath","value":"//input[@id=\"application-manageconditionprice-display-component---newCondition--condRU-inner\"]"}
COMMAND: POST /session/ffd02ccbd2ef7f94e44a9324fe7b5a64/element/f.96D49A20C494BCF8563860382D93E39E.d.495F050F6F76914661D0366D586D56DA.e.5570/clear - {}
RESULT: {}
COMMAND: POST /session/ffd02ccbd2ef7f94e44a9324fe7b5a64/element/f.96D49A20C494BCF8563860382D93E39E.d.495F050F6F76914661D0366D586D56DA.e.5570/value - {"text":"d8c5uy53mA"}
COMMAND: GET /session/ffd02ccbd2ef7f94e44a9324fe7b5a64/screenshot - {}
RESULT: {"text":"d8c5uy53mA"}
COMMAND: GET /session/ffd02ccbd2ef7f94e44a9324fe7b5a64/screenshot - {}
RESULT: {}
RESULT: {}
COMMAND: POST /session/ffd02ccbd2ef7f94e44a9324fe7b5a64/actions - {"actions":[{"id":"action15","type":"key","parameters":{},"actions":[{"type":"keyDown","value":""},{"type":"pause","duration":10},{"type":"keyUp","value":""}]}]}
RESULT: {"actions":[{"id":"action15","type":"key","parameters":{},"actions":[{"type":"keyDown","value":""},{"type":"pause","duration":10},{"type":"keyUp","value":""}]}]}
COMMAND: POST /session/ffd02ccbd2ef7f94e44a9324fe7b5a64/execute/async - {"script":"<script> [1562 bytes]","args":[{"selector":{"id":"application-manageconditionprice-display-component---newCondition--condBaseQty","interaction":{"idSuffix":"inner"}},"wdio_ui5_key":"applicationmanageconditionprice-display-component---newCondition--condBaseQty"}]}
COMMAND: GET /session/ffd02ccbd2ef7f94e44a9324fe7b5a64/screenshot - {}
RESULT: {"script":"<script> [1562 bytes]","args":[{"selector":{"id":"application-manageconditionprice-display-component---newCondition--condBaseQty","interaction":{"idSuffix":"inner"}},"wdio_ui5_key":"applicationmanageconditionprice-display-component---newCondition--condBaseQty"}]}
RESULT: undefined
COMMAND: POST /session/ffd02ccbd2ef7f94e44a9324fe7b5a64/execute/async - {"script":"<script> [776 bytes]","args":[{"enterText":"1","selector":{"id":"application-manageconditionprice-display-component---newCondition--condBaseQty","interaction":{"idSuffix":"inner"}},"clearTextFirst":true,"interactionType":"ENTER_TEXT"}]}
RESULT: {}
RESULT: {"script":"<script> [776 bytes]","args":[{"enterText":"1","selector":{"id":"application-manageconditionprice-display-component---newCondition--condBaseQty","interaction":{"idSuffix":"inner"}},"clearTextFirst":true,"interactionType":"ENTER_TEXT"}]}
COMMAND: POST /session/ffd02ccbd2ef7f94e44a9324fe7b5a64/execute/async - {"script":"<script> [1562 bytes]","args":[{"selector":{"id":"application-manageconditionprice-display-component---newCondition--condValue","interaction":{"idSuffix":"inner"}},"wdio_ui5_key":"applicationmanageconditionprice-display-component---newCondition--condValue"}]}
RESULT: {"script":"<script> [1562 bytes]","args":[{"selector":{"id":"application-manageconditionprice-display-component---newCondition--condValue","interaction":{"idSuffix":"inner"}},"wdio_ui5_key":"applicationmanageconditionprice-display-component---newCondition--condValue"}]}
RESULT: undefined
COMMAND: POST /session/ffd02ccbd2ef7f94e44a9324fe7b5a64/execute/async - {"script":"<script> [776 bytes]","args":[{"enterText":"100","selector":{"id":"application-manageconditionprice-display-component---newCondition--condValue","interaction":{"idSuffix":"inner"}},"clearTextFirst":true,"interactionType":"ENTER_TEXT"}]}
RESULT: {"script":"<script> [776 bytes]","args":[{"enterText":"100","selector":{"id":"application-manageconditionprice-display-component---newCondition--condValue","interaction":{"idSuffix":"inner"}},"clearTextFirst":true,"interactionType":"ENTER_TEXT"}]}
COMMAND: POST /session/ffd02ccbd2ef7f94e44a9324fe7b5a64/execute/async - {"script":"<script> [1562 bytes]","args":[{"selector":{"id":"application-manageconditionprice-display-component---newCondition--condCurr-arrow"},"wdio_ui5_key":"applicationmanageconditionprice-display-component---newCondition--condCurr-arrow"}]}
RESULT: {"script":"<script> [1562 bytes]","args":[{"selector":{"id":"application-manageconditionprice-display-component---newCondition--condCurr-arrow"},"wdio_ui5_key":"applicationmanageconditionprice-display-component---newCondition--condCurr-arrow"}]}
RESULT: undefined
COMMAND: POST /session/ffd02ccbd2ef7f94e44a9324fe7b5a64/element - {"using":"xpath","value":"//*[@id=\"application-manageconditionprice-display-component---newCondition--condCurr-arrow\"]"}
RESULT: {"using":"xpath","value":"//*[@id=\"application-manageconditionprice-display-component---newCondition--condCurr-arrow\"]"}
COMMAND: POST /session/ffd02ccbd2ef7f94e44a9324fe7b5a64/element/f.96D49A20C494BCF8563860382D93E39E.d.495F050F6F76914661D0366D586D56DA.e.5664/click - {}
RESULT: {}
COMMAND: POST /session/ffd02ccbd2ef7f94e44a9324fe7b5a64/element - {"using":"xpath","value":"//span[contains(text(), \"Euro\")]"}
COMMAND: GET /session/ffd02ccbd2ef7f94e44a9324fe7b5a64/screenshot - {}
RESULT: {"using":"xpath","value":"//span[contains(text(), \"Euro\")]"}
COMMAND: POST /session/ffd02ccbd2ef7f94e44a9324fe7b5a64/element/f.96D49A20C494BCF8563860382D93E39E.d.495F050F6F76914661D0366D586D56DA.e.5741/click - {}
RESULT: {}
RESULT: {}
COMMAND: POST /session/ffd02ccbd2ef7f94e44a9324fe7b5a64/element - {"using":"xpath","value":"//button[@data-kt=\"saveButton\"]"}
COMMAND: GET /session/ffd02ccbd2ef7f94e44a9324fe7b5a64/screenshot - {}
RESULT: {}
RESULT: {"using":"xpath","value":"//button[@data-kt=\"saveButton\"]"}
COMMAND: POST /session/ffd02ccbd2ef7f94e44a9324fe7b5a64/element/f.96D49A20C494BCF8563860382D93E39E.d.495F050F6F76914661D0366D586D56DA.e.5665/click - {}
RESULT: {}
COMMAND: GET /session/ffd02ccbd2ef7f94e44a9324fe7b5a64/screenshot - {}
RESULT: {}
COMMAND: POST /session/ffd02ccbd2ef7f94e44a9324fe7b5a64/execute/async - {"script":"<script> [1562 bytes]","args":[{"selector":{"id":"application-manageconditionprice-display-component---conditions--smartFilterBar-btnBasicSearch","interaction":{"idSuffix":"I"}},"wdio_ui5_key":"applicationmanageconditionprice-display-component---conditions--smartFilterBar-btnBasicSearch"}]}
RESULT: {"script":"<script> [1562 bytes]","args":[{"selector":{"id":"application-manageconditionprice-display-component---conditions--smartFilterBar-btnBasicSearch","interaction":{"idSuffix":"I"}},"wdio_ui5_key":"applicationmanageconditionprice-display-component---conditions--smartFilterBar-btnBasicSearch"}]}
RESULT: undefined
COMMAND: POST /session/ffd02ccbd2ef7f94e44a9324fe7b5a64/execute/async - {"script":"<script> [776 bytes]","args":[{"enterText":"d8c5uy53mA","selector":{"id":"application-manageconditionprice-display-component---conditions--smartFilterBar-btnBasicSearch","interaction":{"idSuffix":"I"}},"clearTextFirst":true,"interactionType":"ENTER_TEXT"}]}
RESULT: {"script":"<script> [776 bytes]","args":[{"enterText":"d8c5uy53mA","selector":{"id":"application-manageconditionprice-display-component---conditions--smartFilterBar-btnBasicSearch","interaction":{"idSuffix":"I"}},"clearTextFirst":true,"interactionType":"ENTER_TEXT"}]}
COMMAND: POST /session/ffd02ccbd2ef7f94e44a9324fe7b5a64/actions - {"actions":[{"id":"action16","type":"key","parameters":{},"actions":[{"type":"keyDown","value":""},{"type":"pause","duration":10},{"type":"keyUp","value":""}]}]}
RESULT: {"actions":[{"id":"action16","type":"key","parameters":{},"actions":[{"type":"keyDown","value":""},{"type":"pause","duration":10},{"type":"keyUp","value":""}]}]}
COMMAND: GET /session/ffd02ccbd2ef7f94e44a9324fe7b5a64/screenshot - {}
RESULT: {}
COMMAND: POST /session/ffd02ccbd2ef7f94e44a9324fe7b5a64/execute/async - {"script":"<script> [1562 bytes]","args":[{"selector":{"id":"application-manageconditionprice-display-component---conditions--smartFilterBar-filterItemControl_BASIC-BILL_TYPES-vhi"},"wdio_ui5_key":"applicationmanageconditionprice-display-component---conditions--smartFilterBar-filterItemControl_BASIC-BILL_TYPES-vhi"}]}
RESULT: {"script":"<script> [1562 bytes]","args":[{"selector":{"id":"application-manageconditionprice-display-component---conditions--smartFilterBar-filterItemControl_BASIC-BILL_TYPES-vhi"},"wdio_ui5_key":"applicationmanageconditionprice-display-component---conditions--smartFilterBar-filterItemControl_BASIC-BILL_TYPES-vhi"}]}
RESULT: undefined
COMMAND: POST /session/ffd02ccbd2ef7f94e44a9324fe7b5a64/element - {"using":"xpath","value":"//*[@id=\"application-manageconditionprice-display-component---conditions--smartFilterBar-filterItemControl_BASIC-BILL_TYPES-vhi\"]"}
RESULT: {"using":"xpath","value":"//*[@id=\"application-manageconditionprice-display-component---conditions--smartFilterBar-filterItemControl_BASIC-BILL_TYPES-vhi\"]"}
COMMAND: POST /session/ffd02ccbd2ef7f94e44a9324fe7b5a64/element/f.96D49A20C494BCF8563860382D93E39E.d.495F050F6F76914661D0366D586D56DA.e.5848/click - {}
RESULT: {}
COMMAND: POST /session/ffd02ccbd2ef7f94e44a9324fe7b5a64/execute/async - {"script":"<script> [1562 bytes]","args":[{"selector":{"id":"application-manageconditionprice-display-component---conditions--smartFilterBar-filterItemControl_BASIC-BILL_TYPES-valueHelpDialog-smartFilterBar-btnBasicSearch","searchOpenDialogs":true,"interaction":{"idSuffix":"I"}},"wdio_ui5_key":"applicationmanageconditionprice-display-component---conditions--smartFilterBar-filterItemControl_BASIC-BILL_TYPES-valueHelpDialog-smartFilterBar-btnBasicSearch"}]}
COMMAND: GET /session/ffd02ccbd2ef7f94e44a9324fe7b5a64/screenshot - {}
RESULT: {"script":"<script> [1562 bytes]","args":[{"selector":{"id":"application-manageconditionprice-display-component---conditions--smartFilterBar-filterItemControl_BASIC-BILL_TYPES-valueHelpDialog-smartFilterBar-btnBasicSearch","searchOpenDialogs":true,"interaction":{"idSuffix":"I"}},"wdio_ui5_key":"applicationmanageconditionprice-display-component---conditions--smartFilterBar-filterItemControl_BASIC-BILL_TYPES-valueHelpDialog-smartFilterBar-btnBasicSearch"}]}
RESULT: undefined
COMMAND: POST /session/ffd02ccbd2ef7f94e44a9324fe7b5a64/execute/async - {"script":"<script> [776 bytes]","args":[{"enterText":"TB","selector":{"id":"application-manageconditionprice-display-component---conditions--smartFilterBar-filterItemControl_BASIC-BILL_TYPES-valueHelpDialog-smartFilterBar-btnBasicSearch","searchOpenDialogs":true,"interaction":{"idSuffix":"I"}},"clearTextFirst":true,"interactionType":"ENTER_TEXT"}]}
RESULT: {}
RESULT: {"script":"<script> [776 bytes]","args":[{"enterText":"TB","selector":{"id":"application-manageconditionprice-display-component---conditions--smartFilterBar-filterItemControl_BASIC-BILL_TYPES-valueHelpDialog-smartFilterBar-btnBasicSearch","searchOpenDialogs":true,"interaction":{"idSuffix":"I"}},"clearTextFirst":true,"interactionType":"ENTER_TEXT"}]}
COMMAND: POST /session/ffd02ccbd2ef7f94e44a9324fe7b5a64/actions - {"actions":[{"id":"action17","type":"key","parameters":{},"actions":[{"type":"keyDown","value":""},{"type":"pause","duration":10},{"type":"keyUp","value":""}]}]}
RESULT: {"actions":[{"id":"action17","type":"key","parameters":{},"actions":[{"type":"keyDown","value":""},{"type":"pause","duration":10},{"type":"keyUp","value":""}]}]}
COMMAND: GET /session/ffd02ccbd2ef7f94e44a9324fe7b5a64/screenshot - {}
RESULT: {}
COMMAND: POST /session/ffd02ccbd2ef7f94e44a9324fe7b5a64/element - {"using":"xpath","value":"//div[contains(@id, 'application-manageconditionprice-display-component---conditions--smartFilterBar-filterItemControl_BASIC-BILL_TYPES-valueHelpDialog-table-rowsel0')]"}
RESULT: {"using":"xpath","value":"//div[contains(@id, 'application-manageconditionprice-display-component---conditions--smartFilterBar-filterItemControl_BASIC-BILL_TYPES-valueHelpDialog-table-rowsel0')]"}
COMMAND: POST /session/ffd02ccbd2ef7f94e44a9324fe7b5a64/element/f.96D49A20C494BCF8563860382D93E39E.d.495F050F6F76914661D0366D586D56DA.e.5857/click - {}
RESULT: {}
COMMAND: GET /session/ffd02ccbd2ef7f94e44a9324fe7b5a64/screenshot - {}
RESULT: {}
COMMAND: POST /session/ffd02ccbd2ef7f94e44a9324fe7b5a64/element - {"using":"xpath","value":"//bdi[contains(text(), \"OK\")]"}
RESULT: {"using":"xpath","value":"//bdi[contains(text(), \"OK\")]"}
COMMAND: POST /session/ffd02ccbd2ef7f94e44a9324fe7b5a64/element/f.96D49A20C494BCF8563860382D93E39E.d.495F050F6F76914661D0366D586D56DA.e.5859/click - {}
RESULT: {}
COMMAND: GET /session/ffd02ccbd2ef7f94e44a9324fe7b5a64/screenshot - {}
RESULT: {}
COMMAND: POST /session/ffd02ccbd2ef7f94e44a9324fe7b5a64/element - {"using":"xpath","value":"//span[@id=\"application-manageconditionprice-display-component---conditions--smartTable-header-inner\"]"}
RESULT: {"using":"xpath","value":"//span[@id=\"application-manageconditionprice-display-component---conditions--smartTable-header-inner\"]"}
COMMAND: POST /session/ffd02ccbd2ef7f94e44a9324fe7b5a64/elements - {"using":"xpath","value":"//span[@id=\"application-manageconditionprice-display-component---conditions--smartTable-header-inner\"]"}
RESULT: {"using":"xpath","value":"//span[@id=\"application-manageconditionprice-display-component---conditions--smartTable-header-inner\"]"}
COMMAND: POST /session/ffd02ccbd2ef7f94e44a9324fe7b5a64/execute/sync - {"script":"<script> [56 bytes]","args":[{"element-6066-11e4-a52e-4f735466cecf":"f.96D49A20C494BCF8563860382D93E39E.d.495F050F6F76914661D0366D586D56DA.e.5862","ELEMENT":"f.96D49A20C494BCF8563860382D93E39E.d.495F050F6F76914661D0366D586D56DA.e.5862"}]}
RESULT: {"script":"<script> [56 bytes]","args":[{"element-6066-11e4-a52e-4f735466cecf":"f.96D49A20C494BCF8563860382D93E39E.d.495F050F6F76914661D0366D586D56DA.e.5862","ELEMENT":"f.96D49A20C494BCF8563860382D93E39E.d.495F050F6F76914661D0366D586D56DA.e.5862"}]}
COMMAND: POST /session/ffd02ccbd2ef7f94e44a9324fe7b5a64/element - {"using":"css selector","value":"#shell-header-logo"}
COMMAND: GET /session/ffd02ccbd2ef7f94e44a9324fe7b5a64/screenshot - {}
RESULT: {"using":"css selector","value":"#shell-header-logo"}
COMMAND: POST /session/ffd02ccbd2ef7f94e44a9324fe7b5a64/element/f.96D49A20C494BCF8563860382D93E39E.d.495F050F6F76914661D0366D586D56DA.e.5491/click - {}
RESULT: {}
RESULT: {}
COMMAND: GET /session/ffd02ccbd2ef7f94e44a9324fe7b5a64/screenshot - {}
RESULT: {}
]]></system-out>
    </testcase>
    <testcase classname="chrome.136_0_7103_93.windows.Billing_Transfer_-_Master_data_&amp;_Intercompany_US127250" name="Should do a stock increase" time="73.808">
      <failure/>
      <error message="receiptDate.setValue is not a function"/>
      <system-out><![CDATA[
COMMAND: POST /session/ffd02ccbd2ef7f94e44a9324fe7b5a64/execute/async - {"script":"<script> [1562 bytes]","args":[{"selector":{"controlType":"sap.m.GenericTile","properties":{"header":"Manage Handovers"}},"wdio_ui5_key":"sapm.GenericTile{\"header\":\"Manage Handovers\"}"}]}
RESULT: {"script":"<script> [1562 bytes]","args":[{"selector":{"controlType":"sap.m.GenericTile","properties":{"header":"Manage Handovers"}},"wdio_ui5_key":"sapm.GenericTile{\"header\":\"Manage Handovers\"}"}]}
RESULT: undefined
COMMAND: POST /session/ffd02ccbd2ef7f94e44a9324fe7b5a64/element - {"using":"xpath","value":"//*[@id=\"__tile131\"]"}
RESULT: {"using":"xpath","value":"//*[@id=\"__tile131\"]"}
COMMAND: POST /session/ffd02ccbd2ef7f94e44a9324fe7b5a64/element/f.96D49A20C494BCF8563860382D93E39E.d.495F050F6F76914661D0366D586D56DA.e.4551/click - {}
RESULT: {}
COMMAND: GET /session/ffd02ccbd2ef7f94e44a9324fe7b5a64/screenshot - {}
RESULT: {}
COMMAND: POST /session/ffd02ccbd2ef7f94e44a9324fe7b5a64/elements - {"using":"xpath","value":"//span[text()='Error']"}
RESULT: {"using":"xpath","value":"//span[text()='Error']"}
COMMAND: POST /session/ffd02ccbd2ef7f94e44a9324fe7b5a64/element - {"using":"xpath","value":"//button[@data-kt=\"masterHOAddButton\"]"}
RESULT: {"using":"xpath","value":"//button[@data-kt=\"masterHOAddButton\"]"}
COMMAND: POST /session/ffd02ccbd2ef7f94e44a9324fe7b5a64/elements - {"using":"xpath","value":"//button[@data-kt=\"masterHOAddButton\"]"}
RESULT: {"using":"xpath","value":"//button[@data-kt=\"masterHOAddButton\"]"}
COMMAND: POST /session/ffd02ccbd2ef7f94e44a9324fe7b5a64/elements - {"using":"xpath","value":"//button[@data-kt=\"masterHOAddButton\"]"}
RESULT: {"using":"xpath","value":"//button[@data-kt=\"masterHOAddButton\"]"}
COMMAND: POST /session/ffd02ccbd2ef7f94e44a9324fe7b5a64/element - {"using":"xpath","value":"//button[@data-kt=\"masterHOAddButton\"]"}
RESULT: {"using":"xpath","value":"//button[@data-kt=\"masterHOAddButton\"]"}
COMMAND: POST /session/ffd02ccbd2ef7f94e44a9324fe7b5a64/execute/sync - {"script":"<script> [8489 bytes]","args":[{"element-6066-11e4-a52e-4f735466cecf":"f.96D49A20C494BCF8563860382D93E39E.d.495F050F6F76914661D0366D586D56DA.e.5906","ELEMENT":"f.96D49A20C494BCF8563860382D93E39E.d.495F050F6F76914661D0366D586D56DA.e.5906"}]}
RESULT: {"script":"<script> [8489 bytes]","args":[{"element-6066-11e4-a52e-4f735466cecf":"f.96D49A20C494BCF8563860382D93E39E.d.495F050F6F76914661D0366D586D56DA.e.5906","ELEMENT":"f.96D49A20C494BCF8563860382D93E39E.d.495F050F6F76914661D0366D586D56DA.e.5906"}]}
COMMAND: GET /session/ffd02ccbd2ef7f94e44a9324fe7b5a64/element/f.96D49A20C494BCF8563860382D93E39E.d.495F050F6F76914661D0366D586D56DA.e.5906/enabled - {}
COMMAND: GET /session/ffd02ccbd2ef7f94e44a9324fe7b5a64/screenshot - {}
RESULT: {}
COMMAND: POST /session/ffd02ccbd2ef7f94e44a9324fe7b5a64/execute/sync - {"script":"<script> [8489 bytes]","args":[{"element-6066-11e4-a52e-4f735466cecf":"f.96D49A20C494BCF8563860382D93E39E.d.495F050F6F76914661D0366D586D56DA.e.5906","ELEMENT":"f.96D49A20C494BCF8563860382D93E39E.d.495F050F6F76914661D0366D586D56DA.e.5906"}]}
COMMAND: GET /session/ffd02ccbd2ef7f94e44a9324fe7b5a64/screenshot - {}
RESULT: {}
RESULT: {"script":"<script> [8489 bytes]","args":[{"element-6066-11e4-a52e-4f735466cecf":"f.96D49A20C494BCF8563860382D93E39E.d.495F050F6F76914661D0366D586D56DA.e.5906","ELEMENT":"f.96D49A20C494BCF8563860382D93E39E.d.495F050F6F76914661D0366D586D56DA.e.5906"}]}
COMMAND: POST /session/ffd02ccbd2ef7f94e44a9324fe7b5a64/execute/sync - {"script":"<script> [5351 bytes]","args":[{"element-6066-11e4-a52e-4f735466cecf":"f.96D49A20C494BCF8563860382D93E39E.d.495F050F6F76914661D0366D586D56DA.e.5906","ELEMENT":"f.96D49A20C494BCF8563860382D93E39E.d.495F050F6F76914661D0366D586D56DA.e.5906"}]}
COMMAND: GET /session/ffd02ccbd2ef7f94e44a9324fe7b5a64/screenshot - {}
RESULT: {}
RESULT: {"script":"<script> [5351 bytes]","args":[{"element-6066-11e4-a52e-4f735466cecf":"f.96D49A20C494BCF8563860382D93E39E.d.495F050F6F76914661D0366D586D56DA.e.5906","ELEMENT":"f.96D49A20C494BCF8563860382D93E39E.d.495F050F6F76914661D0366D586D56DA.e.5906"}]}
COMMAND: POST /session/ffd02ccbd2ef7f94e44a9324fe7b5a64/element/f.96D49A20C494BCF8563860382D93E39E.d.495F050F6F76914661D0366D586D56DA.e.5906/click - {}
COMMAND: GET /session/ffd02ccbd2ef7f94e44a9324fe7b5a64/screenshot - {}
RESULT: {}
RESULT: {}
COMMAND: GET /session/ffd02ccbd2ef7f94e44a9324fe7b5a64/screenshot - {}
COMMAND: POST /session/ffd02ccbd2ef7f94e44a9324fe7b5a64/element - {"using":"xpath","value":"//span[contains(@id ,\"AddNewHO--typeSelect-arrow\")]"}
RESULT: {}
RESULT: {}
RESULT: {"using":"xpath","value":"//span[contains(@id ,\"AddNewHO--typeSelect-arrow\")]"}
COMMAND: POST /session/ffd02ccbd2ef7f94e44a9324fe7b5a64/element/f.96D49A20C494BCF8563860382D93E39E.d.495F050F6F76914661D0366D586D56DA.e.6258/click - {}
RESULT: {}
COMMAND: GET /session/ffd02ccbd2ef7f94e44a9324fe7b5a64/screenshot - {}
RESULT: {}
COMMAND: POST /session/ffd02ccbd2ef7f94e44a9324fe7b5a64/element - {"using":"xpath","value":"(//li[contains(text(), \"stock increase yard\")])[1]"}
RESULT: {"using":"xpath","value":"(//li[contains(text(), \"stock increase yard\")])[1]"}
COMMAND: POST /session/ffd02ccbd2ef7f94e44a9324fe7b5a64/element/f.96D49A20C494BCF8563860382D93E39E.d.495F050F6F76914661D0366D586D56DA.e.6259/click - {}
RESULT: {}
COMMAND: GET /session/ffd02ccbd2ef7f94e44a9324fe7b5a64/screenshot - {}
RESULT: {}
COMMAND: POST /session/ffd02ccbd2ef7f94e44a9324fe7b5a64/execute/async - {"script":"<script> [1562 bytes]","args":[{"selector":{"id":"application-managehandovers-display-component---AddNewHO--dueDate","interaction":{"idSuffix":"inner"}},"wdio_ui5_key":"applicationmanagehandovers-display-component---AddNewHO--dueDate"}]}
RESULT: {"script":"<script> [1562 bytes]","args":[{"selector":{"id":"application-managehandovers-display-component---AddNewHO--dueDate","interaction":{"idSuffix":"inner"}},"wdio_ui5_key":"applicationmanagehandovers-display-component---AddNewHO--dueDate"}]}
RESULT: undefined
COMMAND: POST /session/ffd02ccbd2ef7f94e44a9324fe7b5a64/execute/async - {"script":"<script> [6424 bytes]","args":[{"element-6066-11e4-a52e-4f735466cecf":"f.96D49A20C494BCF8563860382D93E39E.d.495F050F6F76914661D0366D586D56DA.e.6261"},"setValue",["5/22/25"]]}
RESULT: {"script":"<script> [6424 bytes]","args":[{"element-6066-11e4-a52e-4f735466cecf":"f.96D49A20C494BCF8563860382D93E39E.d.495F050F6F76914661D0366D586D56DA.e.6261"},"setValue",["5/22/25"]]}
COMMAND: POST /session/ffd02ccbd2ef7f94e44a9324fe7b5a64/element - {"using":"xpath","value":"//input[@id=\"generalSectionFrg--receiveYard-inner\"]"}
RESULT: {"using":"xpath","value":"//input[@id=\"generalSectionFrg--receiveYard-inner\"]"}
COMMAND: POST /session/ffd02ccbd2ef7f94e44a9324fe7b5a64/element/f.96D49A20C494BCF8563860382D93E39E.d.495F050F6F76914661D0366D586D56DA.e.6265/clear - {}
RESULT: {}
COMMAND: POST /session/ffd02ccbd2ef7f94e44a9324fe7b5a64/element/f.96D49A20C494BCF8563860382D93E39E.d.495F050F6F76914661D0366D586D56DA.e.6265/value - {"text":"680"}
COMMAND: GET /session/ffd02ccbd2ef7f94e44a9324fe7b5a64/screenshot - {}
RESULT: {"text":"680"}
COMMAND: GET /session/ffd02ccbd2ef7f94e44a9324fe7b5a64/screenshot - {}
RESULT: {}
RESULT: {}
COMMAND: POST /session/ffd02ccbd2ef7f94e44a9324fe7b5a64/element - {"using":"xpath","value":"//li[.//span[text()='680']]"}
RESULT: {"using":"xpath","value":"//li[.//span[text()='680']]"}
COMMAND: POST /session/ffd02ccbd2ef7f94e44a9324fe7b5a64/element/f.96D49A20C494BCF8563860382D93E39E.d.495F050F6F76914661D0366D586D56DA.e.6281/click - {}
RESULT: {}
COMMAND: GET /session/ffd02ccbd2ef7f94e44a9324fe7b5a64/screenshot - {}
RESULT: {}
COMMAND: POST /session/ffd02ccbd2ef7f94e44a9324fe7b5a64/execute/async - {"script":"<script> [1562 bytes]","args":[{"selector":{"id":"application-managehandovers-display-component---AddNewHO--ObjectPageLayout-anchBar-application-managehandovers-display-component---AddNewHO--section4-anchor","interaction":{"idSuffix":"BDI-content"}},"wdio_ui5_key":"applicationmanagehandovers-display-component---AddNewHO--ObjectPageLayout-anchBar-application-managehandovers-display-component---AddNewHO--section4-anchor"}]}
RESULT: {"script":"<script> [1562 bytes]","args":[{"selector":{"id":"application-managehandovers-display-component---AddNewHO--ObjectPageLayout-anchBar-application-managehandovers-display-component---AddNewHO--section4-anchor","interaction":{"idSuffix":"BDI-content"}},"wdio_ui5_key":"applicationmanagehandovers-display-component---AddNewHO--ObjectPageLayout-anchBar-application-managehandovers-display-component---AddNewHO--section4-anchor"}]}
RESULT: undefined
COMMAND: POST /session/ffd02ccbd2ef7f94e44a9324fe7b5a64/element - {"using":"xpath","value":"//*[@id=\"application-managehandovers-display-component---AddNewHO--ObjectPageLayout-anchBar-application-managehandovers-display-component---AddNewHO--section4-anchor\"]"}
RESULT: {"using":"xpath","value":"//*[@id=\"application-managehandovers-display-component---AddNewHO--ObjectPageLayout-anchBar-application-managehandovers-display-component---AddNewHO--section4-anchor\"]"}
COMMAND: POST /session/ffd02ccbd2ef7f94e44a9324fe7b5a64/element/f.96D49A20C494BCF8563860382D93E39E.d.495F050F6F76914661D0366D586D56DA.e.6283/click - {}
RESULT: {}
COMMAND: POST /session/ffd02ccbd2ef7f94e44a9324fe7b5a64/element - {"using":"xpath","value":"//button[@aria-label=\"Add\"]"}
COMMAND: GET /session/ffd02ccbd2ef7f94e44a9324fe7b5a64/screenshot - {}
RESULT: {"using":"xpath","value":"//button[@aria-label=\"Add\"]"}
COMMAND: POST /session/ffd02ccbd2ef7f94e44a9324fe7b5a64/element/f.96D49A20C494BCF8563860382D93E39E.d.495F050F6F76914661D0366D586D56DA.e.6285/click - {}
RESULT: {}
RESULT: {}
COMMAND: GET /session/ffd02ccbd2ef7f94e44a9324fe7b5a64/screenshot - {}
RESULT: {}
COMMAND: POST /session/ffd02ccbd2ef7f94e44a9324fe7b5a64/execute/async - {"script":"<script> [1562 bytes]","args":[{"selector":{"id":"application-managehandovers-display-component---AddNewHO--smartFilterBar-btnBasicSearch","searchOpenDialogs":true,"interaction":{"idSuffix":"I"}},"wdio_ui5_key":"applicationmanagehandovers-display-component---AddNewHO--smartFilterBar-btnBasicSearch"}]}
RESULT: {"script":"<script> [1562 bytes]","args":[{"selector":{"id":"application-managehandovers-display-component---AddNewHO--smartFilterBar-btnBasicSearch","searchOpenDialogs":true,"interaction":{"idSuffix":"I"}},"wdio_ui5_key":"applicationmanagehandovers-display-component---AddNewHO--smartFilterBar-btnBasicSearch"}]}
RESULT: undefined
COMMAND: POST /session/ffd02ccbd2ef7f94e44a9324fe7b5a64/execute/async - {"script":"<script> [776 bytes]","args":[{"enterText":"d8c5uy53mA","selector":{"id":"application-managehandovers-display-component---AddNewHO--smartFilterBar-btnBasicSearch","searchOpenDialogs":true,"interaction":{"idSuffix":"I"}},"clearTextFirst":true,"interactionType":"ENTER_TEXT"}]}
RESULT: {"script":"<script> [776 bytes]","args":[{"enterText":"d8c5uy53mA","selector":{"id":"application-managehandovers-display-component---AddNewHO--smartFilterBar-btnBasicSearch","searchOpenDialogs":true,"interaction":{"idSuffix":"I"}},"clearTextFirst":true,"interactionType":"ENTER_TEXT"}]}
COMMAND: POST /session/ffd02ccbd2ef7f94e44a9324fe7b5a64/actions - {"actions":[{"id":"action18","type":"key","parameters":{},"actions":[{"type":"keyDown","value":""},{"type":"pause","duration":10},{"type":"keyUp","value":""}]}]}
RESULT: {"actions":[{"id":"action18","type":"key","parameters":{},"actions":[{"type":"keyDown","value":""},{"type":"pause","duration":10},{"type":"keyUp","value":""}]}]}
COMMAND: GET /session/ffd02ccbd2ef7f94e44a9324fe7b5a64/screenshot - {}
RESULT: {}
COMMAND: POST /session/ffd02ccbd2ef7f94e44a9324fe7b5a64/execute/async - {"script":"<script> [1562 bytes]","args":[{"selector":{"id":"application-managehandovers-display-component---AddNewHO--popup-sa","searchOpenDialogs":true,"interaction":{"idSuffix":"CbBg"}},"wdio_ui5_key":"applicationmanagehandovers-display-component---AddNewHO--popup-sa"}]}
RESULT: {"script":"<script> [1562 bytes]","args":[{"selector":{"id":"application-managehandovers-display-component---AddNewHO--popup-sa","searchOpenDialogs":true,"interaction":{"idSuffix":"CbBg"}},"wdio_ui5_key":"applicationmanagehandovers-display-component---AddNewHO--popup-sa"}]}
RESULT: undefined
COMMAND: POST /session/ffd02ccbd2ef7f94e44a9324fe7b5a64/element - {"using":"xpath","value":"//*[@id=\"application-managehandovers-display-component---AddNewHO--popup-sa\"]"}
RESULT: {"using":"xpath","value":"//*[@id=\"application-managehandovers-display-component---AddNewHO--popup-sa\"]"}
COMMAND: POST /session/ffd02ccbd2ef7f94e44a9324fe7b5a64/element/f.96D49A20C494BCF8563860382D93E39E.d.495F050F6F76914661D0366D586D56DA.e.6441/click - {}
RESULT: {}
COMMAND: GET /session/ffd02ccbd2ef7f94e44a9324fe7b5a64/screenshot - {}
RESULT: {}
COMMAND: POST /session/ffd02ccbd2ef7f94e44a9324fe7b5a64/element - {"using":"xpath","value":"//bdi[contains(text(), \"Select\")]"}
RESULT: {"using":"xpath","value":"//bdi[contains(text(), \"Select\")]"}
COMMAND: POST /session/ffd02ccbd2ef7f94e44a9324fe7b5a64/element/f.96D49A20C494BCF8563860382D93E39E.d.495F050F6F76914661D0366D586D56DA.e.6442/click - {}
RESULT: {}
COMMAND: GET /session/ffd02ccbd2ef7f94e44a9324fe7b5a64/screenshot - {}
RESULT: {}
COMMAND: POST /session/ffd02ccbd2ef7f94e44a9324fe7b5a64/element - {"using":"xpath","value":"//button[@data-kt=\"AddNewHOSaveButton\"]"}
RESULT: {"using":"xpath","value":"//button[@data-kt=\"AddNewHOSaveButton\"]"}
COMMAND: POST /session/ffd02ccbd2ef7f94e44a9324fe7b5a64/element/f.96D49A20C494BCF8563860382D93E39E.d.495F050F6F76914661D0366D586D56DA.e.6446/click - {}
RESULT: {}
COMMAND: GET /session/ffd02ccbd2ef7f94e44a9324fe7b5a64/screenshot - {}
RESULT: {}
COMMAND: POST /session/ffd02ccbd2ef7f94e44a9324fe7b5a64/execute/async - {"script":"<script> [1562 bytes]","args":[{"selector":{"id":"receiptDatePicker","viewName":"etm.portal.ui.managehandovers.view.DetailExecuteHO","interaction":{"idSuffix":"inner"}},"wdio_ui5_key":"receiptDatePickeretmportal.ui.managehandovers.view.DetailExecuteHO"}]}
RESULT: {"script":"<script> [1562 bytes]","args":[{"selector":{"id":"receiptDatePicker","viewName":"etm.portal.ui.managehandovers.view.DetailExecuteHO","interaction":{"idSuffix":"inner"}},"wdio_ui5_key":"receiptDatePickeretmportal.ui.managehandovers.view.DetailExecuteHO"}]}
RESULT: undefined
COMMAND: GET /session/ffd02ccbd2ef7f94e44a9324fe7b5a64/screenshot - {}
RESULT: {}
]]></system-out>
      <system-err><![CDATA[
TypeError: receiptDate.setValue is not a function
    at UtilsPrerequisites.stockIncrease (D:\a\1\s\test\specs\BTS\prerequisites-and-utils-functions.js:1664:27)
    at async Context.<anonymous> (D:\a\1\s\test\specs\BTS\billing-transfer-intercompany.spec.js:57:9)
]]></system-err>
    </testcase>
    <testcase classname="chrome.136_0_7103_93.windows.Billing_Transfer_-_Master_data_&amp;_Intercompany_US127250" name="Should create a new contract" time="65.21">
      <failure/>
      <error message="element (&quot;//button[@data-kt=&quot;addButton&quot;]&quot;) still not existing after 45000ms"/>
      <system-out><![CDATA[
COMMAND: POST /session/ffd02ccbd2ef7f94e44a9324fe7b5a64/execute/async - {"script":"<script> [1562 bytes]","args":[{"selector":{"controlType":"sap.m.GenericTile","properties":{"header":"Manage Contracts"}},"wdio_ui5_key":"sapm.GenericTile{\"header\":\"Manage Contracts\"}"}]}
COMMAND: GET /session/ffd02ccbd2ef7f94e44a9324fe7b5a64/screenshot - {}
RESULT: {"script":"<script> [1562 bytes]","args":[{"selector":{"controlType":"sap.m.GenericTile","properties":{"header":"Manage Contracts"}},"wdio_ui5_key":"sapm.GenericTile{\"header\":\"Manage Contracts\"}"}]}
RESULT: undefined
RESULT: {}
COMMAND: POST /session/ffd02ccbd2ef7f94e44a9324fe7b5a64/elements - {"using":"xpath","value":"//span[text()='Error']"}
RESULT: {"using":"xpath","value":"//span[text()='Error']"}
COMMAND: POST /session/ffd02ccbd2ef7f94e44a9324fe7b5a64/elements - {"using":"xpath","value":"//*[text()='Close']"}
RESULT: {"using":"xpath","value":"//*[text()='Close']"}
COMMAND: GET /session/ffd02ccbd2ef7f94e44a9324fe7b5a64/element/f.96D49A20C494BCF8563860382D93E39E.d.495F050F6F76914661D0366D586D56DA.e.6451/enabled - {}
RESULT: {}
COMMAND: POST /session/ffd02ccbd2ef7f94e44a9324fe7b5a64/execute/sync - {"script":"<script> [8489 bytes]","args":[{"element-6066-11e4-a52e-4f735466cecf":"f.96D49A20C494BCF8563860382D93E39E.d.495F050F6F76914661D0366D586D56DA.e.6451","ELEMENT":"f.96D49A20C494BCF8563860382D93E39E.d.495F050F6F76914661D0366D586D56DA.e.6451"}]}
COMMAND: GET /session/ffd02ccbd2ef7f94e44a9324fe7b5a64/screenshot - {}
RESULT: {"script":"<script> [8489 bytes]","args":[{"element-6066-11e4-a52e-4f735466cecf":"f.96D49A20C494BCF8563860382D93E39E.d.495F050F6F76914661D0366D586D56DA.e.6451","ELEMENT":"f.96D49A20C494BCF8563860382D93E39E.d.495F050F6F76914661D0366D586D56DA.e.6451"}]}
COMMAND: POST /session/ffd02ccbd2ef7f94e44a9324fe7b5a64/execute/sync - {"script":"<script> [5351 bytes]","args":[{"element-6066-11e4-a52e-4f735466cecf":"f.96D49A20C494BCF8563860382D93E39E.d.495F050F6F76914661D0366D586D56DA.e.6451","ELEMENT":"f.96D49A20C494BCF8563860382D93E39E.d.495F050F6F76914661D0366D586D56DA.e.6451"}]}
COMMAND: GET /session/ffd02ccbd2ef7f94e44a9324fe7b5a64/screenshot - {}
RESULT: {}
RESULT: {"script":"<script> [5351 bytes]","args":[{"element-6066-11e4-a52e-4f735466cecf":"f.96D49A20C494BCF8563860382D93E39E.d.495F050F6F76914661D0366D586D56DA.e.6451","ELEMENT":"f.96D49A20C494BCF8563860382D93E39E.d.495F050F6F76914661D0366D586D56DA.e.6451"}]}
COMMAND: POST /session/ffd02ccbd2ef7f94e44a9324fe7b5a64/element/f.96D49A20C494BCF8563860382D93E39E.d.495F050F6F76914661D0366D586D56DA.e.6451/click - {}
COMMAND: GET /session/ffd02ccbd2ef7f94e44a9324fe7b5a64/screenshot - {}
RESULT: {}
RESULT: {}
COMMAND: POST /session/ffd02ccbd2ef7f94e44a9324fe7b5a64/elements - {"using":"xpath","value":"//*[text()='OK']"}
COMMAND: GET /session/ffd02ccbd2ef7f94e44a9324fe7b5a64/screenshot - {}
RESULT: {}
RESULT: {"using":"xpath","value":"//*[text()='OK']"}
RESULT: {}
COMMAND: POST /session/ffd02ccbd2ef7f94e44a9324fe7b5a64/element - {"using":"xpath","value":"//button[@data-kt=\"addButton\"]"}
RESULT: {"using":"xpath","value":"//button[@data-kt=\"addButton\"]"}
COMMAND: POST /session/ffd02ccbd2ef7f94e44a9324fe7b5a64/elements - {"using":"xpath","value":"//button[@data-kt=\"addButton\"]"}
RESULT: {"using":"xpath","value":"//button[@data-kt=\"addButton\"]"}
COMMAND: POST /session/ffd02ccbd2ef7f94e44a9324fe7b5a64/elements - {"using":"xpath","value":"//button[@data-kt=\"addButton\"]"}
RESULT: {"using":"xpath","value":"//button[@data-kt=\"addButton\"]"}
COMMAND: POST /session/ffd02ccbd2ef7f94e44a9324fe7b5a64/elements - {"using":"xpath","value":"//button[@data-kt=\"addButton\"]"}
RESULT: {"using":"xpath","value":"//button[@data-kt=\"addButton\"]"}
COMMAND: POST /session/ffd02ccbd2ef7f94e44a9324fe7b5a64/elements - {"using":"xpath","value":"//button[@data-kt=\"addButton\"]"}
RESULT: {"using":"xpath","value":"//button[@data-kt=\"addButton\"]"}
COMMAND: POST /session/ffd02ccbd2ef7f94e44a9324fe7b5a64/elements - {"using":"xpath","value":"//button[@data-kt=\"addButton\"]"}
RESULT: {"using":"xpath","value":"//button[@data-kt=\"addButton\"]"}
COMMAND: POST /session/ffd02ccbd2ef7f94e44a9324fe7b5a64/elements - {"using":"xpath","value":"//button[@data-kt=\"addButton\"]"}
RESULT: {"using":"xpath","value":"//button[@data-kt=\"addButton\"]"}
COMMAND: POST /session/ffd02ccbd2ef7f94e44a9324fe7b5a64/elements - {"using":"xpath","value":"//button[@data-kt=\"addButton\"]"}
RESULT: {"using":"xpath","value":"//button[@data-kt=\"addButton\"]"}
COMMAND: POST /session/ffd02ccbd2ef7f94e44a9324fe7b5a64/elements - {"using":"xpath","value":"//button[@data-kt=\"addButton\"]"}
RESULT: {"using":"xpath","value":"//button[@data-kt=\"addButton\"]"}
COMMAND: POST /session/ffd02ccbd2ef7f94e44a9324fe7b5a64/elements - {"using":"xpath","value":"//button[@data-kt=\"addButton\"]"}
RESULT: {"using":"xpath","value":"//button[@data-kt=\"addButton\"]"}
COMMAND: POST /session/ffd02ccbd2ef7f94e44a9324fe7b5a64/elements - {"using":"xpath","value":"//button[@data-kt=\"addButton\"]"}
RESULT: {"using":"xpath","value":"//button[@data-kt=\"addButton\"]"}
COMMAND: POST /session/ffd02ccbd2ef7f94e44a9324fe7b5a64/elements - {"using":"xpath","value":"//button[@data-kt=\"addButton\"]"}
RESULT: {"using":"xpath","value":"//button[@data-kt=\"addButton\"]"}
COMMAND: POST /session/ffd02ccbd2ef7f94e44a9324fe7b5a64/elements - {"using":"xpath","value":"//button[@data-kt=\"addButton\"]"}
RESULT: {"using":"xpath","value":"//button[@data-kt=\"addButton\"]"}
COMMAND: POST /session/ffd02ccbd2ef7f94e44a9324fe7b5a64/elements - {"using":"xpath","value":"//button[@data-kt=\"addButton\"]"}
RESULT: {"using":"xpath","value":"//button[@data-kt=\"addButton\"]"}
COMMAND: POST /session/ffd02ccbd2ef7f94e44a9324fe7b5a64/elements - {"using":"xpath","value":"//button[@data-kt=\"addButton\"]"}
RESULT: {"using":"xpath","value":"//button[@data-kt=\"addButton\"]"}
COMMAND: POST /session/ffd02ccbd2ef7f94e44a9324fe7b5a64/elements - {"using":"xpath","value":"//button[@data-kt=\"addButton\"]"}
RESULT: {"using":"xpath","value":"//button[@data-kt=\"addButton\"]"}
COMMAND: POST /session/ffd02ccbd2ef7f94e44a9324fe7b5a64/elements - {"using":"xpath","value":"//button[@data-kt=\"addButton\"]"}
RESULT: {"using":"xpath","value":"//button[@data-kt=\"addButton\"]"}
COMMAND: POST /session/ffd02ccbd2ef7f94e44a9324fe7b5a64/elements - {"using":"xpath","value":"//button[@data-kt=\"addButton\"]"}
RESULT: {"using":"xpath","value":"//button[@data-kt=\"addButton\"]"}
COMMAND: POST /session/ffd02ccbd2ef7f94e44a9324fe7b5a64/elements - {"using":"xpath","value":"//button[@data-kt=\"addButton\"]"}
RESULT: {"using":"xpath","value":"//button[@data-kt=\"addButton\"]"}
COMMAND: POST /session/ffd02ccbd2ef7f94e44a9324fe7b5a64/elements - {"using":"xpath","value":"//button[@data-kt=\"addButton\"]"}
RESULT: {"using":"xpath","value":"//button[@data-kt=\"addButton\"]"}
COMMAND: POST /session/ffd02ccbd2ef7f94e44a9324fe7b5a64/elements - {"using":"xpath","value":"//button[@data-kt=\"addButton\"]"}
RESULT: {"using":"xpath","value":"//button[@data-kt=\"addButton\"]"}
COMMAND: POST /session/ffd02ccbd2ef7f94e44a9324fe7b5a64/elements - {"using":"xpath","value":"//button[@data-kt=\"addButton\"]"}
RESULT: {"using":"xpath","value":"//button[@data-kt=\"addButton\"]"}
COMMAND: POST /session/ffd02ccbd2ef7f94e44a9324fe7b5a64/elements - {"using":"xpath","value":"//button[@data-kt=\"addButton\"]"}
RESULT: {"using":"xpath","value":"//button[@data-kt=\"addButton\"]"}
COMMAND: POST /session/ffd02ccbd2ef7f94e44a9324fe7b5a64/elements - {"using":"xpath","value":"//button[@data-kt=\"addButton\"]"}
RESULT: {"using":"xpath","value":"//button[@data-kt=\"addButton\"]"}
COMMAND: POST /session/ffd02ccbd2ef7f94e44a9324fe7b5a64/elements - {"using":"xpath","value":"//button[@data-kt=\"addButton\"]"}
RESULT: {"using":"xpath","value":"//button[@data-kt=\"addButton\"]"}
COMMAND: POST /session/ffd02ccbd2ef7f94e44a9324fe7b5a64/elements - {"using":"xpath","value":"//button[@data-kt=\"addButton\"]"}
RESULT: {"using":"xpath","value":"//button[@data-kt=\"addButton\"]"}
COMMAND: POST /session/ffd02ccbd2ef7f94e44a9324fe7b5a64/elements - {"using":"xpath","value":"//button[@data-kt=\"addButton\"]"}
RESULT: {"using":"xpath","value":"//button[@data-kt=\"addButton\"]"}
COMMAND: POST /session/ffd02ccbd2ef7f94e44a9324fe7b5a64/elements - {"using":"xpath","value":"//button[@data-kt=\"addButton\"]"}
RESULT: {"using":"xpath","value":"//button[@data-kt=\"addButton\"]"}
COMMAND: POST /session/ffd02ccbd2ef7f94e44a9324fe7b5a64/elements - {"using":"xpath","value":"//button[@data-kt=\"addButton\"]"}
RESULT: {"using":"xpath","value":"//button[@data-kt=\"addButton\"]"}
COMMAND: POST /session/ffd02ccbd2ef7f94e44a9324fe7b5a64/elements - {"using":"xpath","value":"//button[@data-kt=\"addButton\"]"}
RESULT: {"using":"xpath","value":"//button[@data-kt=\"addButton\"]"}
COMMAND: POST /session/ffd02ccbd2ef7f94e44a9324fe7b5a64/elements - {"using":"xpath","value":"//button[@data-kt=\"addButton\"]"}
RESULT: {"using":"xpath","value":"//button[@data-kt=\"addButton\"]"}
COMMAND: POST /session/ffd02ccbd2ef7f94e44a9324fe7b5a64/elements - {"using":"xpath","value":"//button[@data-kt=\"addButton\"]"}
RESULT: {"using":"xpath","value":"//button[@data-kt=\"addButton\"]"}
COMMAND: POST /session/ffd02ccbd2ef7f94e44a9324fe7b5a64/elements - {"using":"xpath","value":"//button[@data-kt=\"addButton\"]"}
RESULT: {"using":"xpath","value":"//button[@data-kt=\"addButton\"]"}
COMMAND: POST /session/ffd02ccbd2ef7f94e44a9324fe7b5a64/elements - {"using":"xpath","value":"//button[@data-kt=\"addButton\"]"}
RESULT: {"using":"xpath","value":"//button[@data-kt=\"addButton\"]"}
COMMAND: POST /session/ffd02ccbd2ef7f94e44a9324fe7b5a64/elements - {"using":"xpath","value":"//button[@data-kt=\"addButton\"]"}
RESULT: {"using":"xpath","value":"//button[@data-kt=\"addButton\"]"}
COMMAND: POST /session/ffd02ccbd2ef7f94e44a9324fe7b5a64/elements - {"using":"xpath","value":"//button[@data-kt=\"addButton\"]"}
RESULT: {"using":"xpath","value":"//button[@data-kt=\"addButton\"]"}
COMMAND: POST /session/ffd02ccbd2ef7f94e44a9324fe7b5a64/elements - {"using":"xpath","value":"//button[@data-kt=\"addButton\"]"}
RESULT: {"using":"xpath","value":"//button[@data-kt=\"addButton\"]"}
COMMAND: POST /session/ffd02ccbd2ef7f94e44a9324fe7b5a64/elements - {"using":"xpath","value":"//button[@data-kt=\"addButton\"]"}
RESULT: {"using":"xpath","value":"//button[@data-kt=\"addButton\"]"}
COMMAND: POST /session/ffd02ccbd2ef7f94e44a9324fe7b5a64/elements - {"using":"xpath","value":"//button[@data-kt=\"addButton\"]"}
RESULT: {"using":"xpath","value":"//button[@data-kt=\"addButton\"]"}
COMMAND: POST /session/ffd02ccbd2ef7f94e44a9324fe7b5a64/elements - {"using":"xpath","value":"//button[@data-kt=\"addButton\"]"}
RESULT: {"using":"xpath","value":"//button[@data-kt=\"addButton\"]"}
COMMAND: POST /session/ffd02ccbd2ef7f94e44a9324fe7b5a64/elements - {"using":"xpath","value":"//button[@data-kt=\"addButton\"]"}
RESULT: {"using":"xpath","value":"//button[@data-kt=\"addButton\"]"}
COMMAND: POST /session/ffd02ccbd2ef7f94e44a9324fe7b5a64/elements - {"using":"xpath","value":"//button[@data-kt=\"addButton\"]"}
RESULT: {"using":"xpath","value":"//button[@data-kt=\"addButton\"]"}
COMMAND: POST /session/ffd02ccbd2ef7f94e44a9324fe7b5a64/elements - {"using":"xpath","value":"//button[@data-kt=\"addButton\"]"}
RESULT: {"using":"xpath","value":"//button[@data-kt=\"addButton\"]"}
COMMAND: POST /session/ffd02ccbd2ef7f94e44a9324fe7b5a64/elements - {"using":"xpath","value":"//button[@data-kt=\"addButton\"]"}
RESULT: {"using":"xpath","value":"//button[@data-kt=\"addButton\"]"}
COMMAND: POST /session/ffd02ccbd2ef7f94e44a9324fe7b5a64/elements - {"using":"xpath","value":"//button[@data-kt=\"addButton\"]"}
RESULT: {"using":"xpath","value":"//button[@data-kt=\"addButton\"]"}
COMMAND: POST /session/ffd02ccbd2ef7f94e44a9324fe7b5a64/elements - {"using":"xpath","value":"//button[@data-kt=\"addButton\"]"}
RESULT: {"using":"xpath","value":"//button[@data-kt=\"addButton\"]"}
COMMAND: POST /session/ffd02ccbd2ef7f94e44a9324fe7b5a64/elements - {"using":"xpath","value":"//button[@data-kt=\"addButton\"]"}
RESULT: {"using":"xpath","value":"//button[@data-kt=\"addButton\"]"}
COMMAND: POST /session/ffd02ccbd2ef7f94e44a9324fe7b5a64/elements - {"using":"xpath","value":"//button[@data-kt=\"addButton\"]"}
RESULT: {"using":"xpath","value":"//button[@data-kt=\"addButton\"]"}
COMMAND: POST /session/ffd02ccbd2ef7f94e44a9324fe7b5a64/elements - {"using":"xpath","value":"//button[@data-kt=\"addButton\"]"}
RESULT: {"using":"xpath","value":"//button[@data-kt=\"addButton\"]"}
COMMAND: POST /session/ffd02ccbd2ef7f94e44a9324fe7b5a64/elements - {"using":"xpath","value":"//button[@data-kt=\"addButton\"]"}
RESULT: {"using":"xpath","value":"//button[@data-kt=\"addButton\"]"}
COMMAND: POST /session/ffd02ccbd2ef7f94e44a9324fe7b5a64/elements - {"using":"xpath","value":"//button[@data-kt=\"addButton\"]"}
RESULT: {"using":"xpath","value":"//button[@data-kt=\"addButton\"]"}
COMMAND: POST /session/ffd02ccbd2ef7f94e44a9324fe7b5a64/elements - {"using":"xpath","value":"//button[@data-kt=\"addButton\"]"}
RESULT: {"using":"xpath","value":"//button[@data-kt=\"addButton\"]"}
COMMAND: POST /session/ffd02ccbd2ef7f94e44a9324fe7b5a64/elements - {"using":"xpath","value":"//button[@data-kt=\"addButton\"]"}
RESULT: {"using":"xpath","value":"//button[@data-kt=\"addButton\"]"}
COMMAND: POST /session/ffd02ccbd2ef7f94e44a9324fe7b5a64/elements - {"using":"xpath","value":"//button[@data-kt=\"addButton\"]"}
RESULT: {"using":"xpath","value":"//button[@data-kt=\"addButton\"]"}
COMMAND: POST /session/ffd02ccbd2ef7f94e44a9324fe7b5a64/elements - {"using":"xpath","value":"//button[@data-kt=\"addButton\"]"}
RESULT: {"using":"xpath","value":"//button[@data-kt=\"addButton\"]"}
COMMAND: POST /session/ffd02ccbd2ef7f94e44a9324fe7b5a64/elements - {"using":"xpath","value":"//button[@data-kt=\"addButton\"]"}
RESULT: {"using":"xpath","value":"//button[@data-kt=\"addButton\"]"}
COMMAND: POST /session/ffd02ccbd2ef7f94e44a9324fe7b5a64/elements - {"using":"xpath","value":"//button[@data-kt=\"addButton\"]"}
RESULT: {"using":"xpath","value":"//button[@data-kt=\"addButton\"]"}
COMMAND: POST /session/ffd02ccbd2ef7f94e44a9324fe7b5a64/elements - {"using":"xpath","value":"//button[@data-kt=\"addButton\"]"}
RESULT: {"using":"xpath","value":"//button[@data-kt=\"addButton\"]"}
COMMAND: POST /session/ffd02ccbd2ef7f94e44a9324fe7b5a64/elements - {"using":"xpath","value":"//button[@data-kt=\"addButton\"]"}
RESULT: {"using":"xpath","value":"//button[@data-kt=\"addButton\"]"}
COMMAND: POST /session/ffd02ccbd2ef7f94e44a9324fe7b5a64/elements - {"using":"xpath","value":"//button[@data-kt=\"addButton\"]"}
RESULT: {"using":"xpath","value":"//button[@data-kt=\"addButton\"]"}
COMMAND: POST /session/ffd02ccbd2ef7f94e44a9324fe7b5a64/elements - {"using":"xpath","value":"//button[@data-kt=\"addButton\"]"}
RESULT: {"using":"xpath","value":"//button[@data-kt=\"addButton\"]"}
COMMAND: POST /session/ffd02ccbd2ef7f94e44a9324fe7b5a64/elements - {"using":"xpath","value":"//button[@data-kt=\"addButton\"]"}
RESULT: {"using":"xpath","value":"//button[@data-kt=\"addButton\"]"}
COMMAND: POST /session/ffd02ccbd2ef7f94e44a9324fe7b5a64/elements - {"using":"xpath","value":"//button[@data-kt=\"addButton\"]"}
RESULT: {"using":"xpath","value":"//button[@data-kt=\"addButton\"]"}
COMMAND: POST /session/ffd02ccbd2ef7f94e44a9324fe7b5a64/elements - {"using":"xpath","value":"//button[@data-kt=\"addButton\"]"}
RESULT: {"using":"xpath","value":"//button[@data-kt=\"addButton\"]"}
COMMAND: POST /session/ffd02ccbd2ef7f94e44a9324fe7b5a64/elements - {"using":"xpath","value":"//button[@data-kt=\"addButton\"]"}
RESULT: {"using":"xpath","value":"//button[@data-kt=\"addButton\"]"}
COMMAND: POST /session/ffd02ccbd2ef7f94e44a9324fe7b5a64/elements - {"using":"xpath","value":"//button[@data-kt=\"addButton\"]"}
RESULT: {"using":"xpath","value":"//button[@data-kt=\"addButton\"]"}
COMMAND: POST /session/ffd02ccbd2ef7f94e44a9324fe7b5a64/elements - {"using":"xpath","value":"//button[@data-kt=\"addButton\"]"}
RESULT: {"using":"xpath","value":"//button[@data-kt=\"addButton\"]"}
COMMAND: POST /session/ffd02ccbd2ef7f94e44a9324fe7b5a64/elements - {"using":"xpath","value":"//button[@data-kt=\"addButton\"]"}
RESULT: {"using":"xpath","value":"//button[@data-kt=\"addButton\"]"}
COMMAND: POST /session/ffd02ccbd2ef7f94e44a9324fe7b5a64/elements - {"using":"xpath","value":"//button[@data-kt=\"addButton\"]"}
RESULT: {"using":"xpath","value":"//button[@data-kt=\"addButton\"]"}
COMMAND: POST /session/ffd02ccbd2ef7f94e44a9324fe7b5a64/elements - {"using":"xpath","value":"//button[@data-kt=\"addButton\"]"}
RESULT: {"using":"xpath","value":"//button[@data-kt=\"addButton\"]"}
COMMAND: POST /session/ffd02ccbd2ef7f94e44a9324fe7b5a64/elements - {"using":"xpath","value":"//button[@data-kt=\"addButton\"]"}
RESULT: {"using":"xpath","value":"//button[@data-kt=\"addButton\"]"}
COMMAND: POST /session/ffd02ccbd2ef7f94e44a9324fe7b5a64/elements - {"using":"xpath","value":"//button[@data-kt=\"addButton\"]"}
RESULT: {"using":"xpath","value":"//button[@data-kt=\"addButton\"]"}
COMMAND: POST /session/ffd02ccbd2ef7f94e44a9324fe7b5a64/elements - {"using":"xpath","value":"//button[@data-kt=\"addButton\"]"}
RESULT: {"using":"xpath","value":"//button[@data-kt=\"addButton\"]"}
COMMAND: POST /session/ffd02ccbd2ef7f94e44a9324fe7b5a64/elements - {"using":"xpath","value":"//button[@data-kt=\"addButton\"]"}
RESULT: {"using":"xpath","value":"//button[@data-kt=\"addButton\"]"}
COMMAND: POST /session/ffd02ccbd2ef7f94e44a9324fe7b5a64/elements - {"using":"xpath","value":"//button[@data-kt=\"addButton\"]"}
RESULT: {"using":"xpath","value":"//button[@data-kt=\"addButton\"]"}
COMMAND: POST /session/ffd02ccbd2ef7f94e44a9324fe7b5a64/elements - {"using":"xpath","value":"//button[@data-kt=\"addButton\"]"}
RESULT: {"using":"xpath","value":"//button[@data-kt=\"addButton\"]"}
COMMAND: POST /session/ffd02ccbd2ef7f94e44a9324fe7b5a64/elements - {"using":"xpath","value":"//button[@data-kt=\"addButton\"]"}
RESULT: {"using":"xpath","value":"//button[@data-kt=\"addButton\"]"}
COMMAND: POST /session/ffd02ccbd2ef7f94e44a9324fe7b5a64/elements - {"using":"xpath","value":"//button[@data-kt=\"addButton\"]"}
RESULT: {"using":"xpath","value":"//button[@data-kt=\"addButton\"]"}
COMMAND: POST /session/ffd02ccbd2ef7f94e44a9324fe7b5a64/elements - {"using":"xpath","value":"//button[@data-kt=\"addButton\"]"}
RESULT: {"using":"xpath","value":"//button[@data-kt=\"addButton\"]"}
COMMAND: POST /session/ffd02ccbd2ef7f94e44a9324fe7b5a64/elements - {"using":"xpath","value":"//button[@data-kt=\"addButton\"]"}
RESULT: {"using":"xpath","value":"//button[@data-kt=\"addButton\"]"}
COMMAND: POST /session/ffd02ccbd2ef7f94e44a9324fe7b5a64/elements - {"using":"xpath","value":"//button[@data-kt=\"addButton\"]"}
RESULT: {"using":"xpath","value":"//button[@data-kt=\"addButton\"]"}
COMMAND: POST /session/ffd02ccbd2ef7f94e44a9324fe7b5a64/elements - {"using":"xpath","value":"//button[@data-kt=\"addButton\"]"}
RESULT: {"using":"xpath","value":"//button[@data-kt=\"addButton\"]"}
COMMAND: POST /session/ffd02ccbd2ef7f94e44a9324fe7b5a64/elements - {"using":"xpath","value":"//button[@data-kt=\"addButton\"]"}
RESULT: {"using":"xpath","value":"//button[@data-kt=\"addButton\"]"}
COMMAND: POST /session/ffd02ccbd2ef7f94e44a9324fe7b5a64/elements - {"using":"xpath","value":"//button[@data-kt=\"addButton\"]"}
RESULT: {"using":"xpath","value":"//button[@data-kt=\"addButton\"]"}
COMMAND: POST /session/ffd02ccbd2ef7f94e44a9324fe7b5a64/elements - {"using":"xpath","value":"//button[@data-kt=\"addButton\"]"}
RESULT: {"using":"xpath","value":"//button[@data-kt=\"addButton\"]"}
COMMAND: POST /session/ffd02ccbd2ef7f94e44a9324fe7b5a64/elements - {"using":"xpath","value":"//button[@data-kt=\"addButton\"]"}
RESULT: {"using":"xpath","value":"//button[@data-kt=\"addButton\"]"}
COMMAND: POST /session/ffd02ccbd2ef7f94e44a9324fe7b5a64/elements - {"using":"xpath","value":"//button[@data-kt=\"addButton\"]"}
RESULT: {"using":"xpath","value":"//button[@data-kt=\"addButton\"]"}
COMMAND: POST /session/ffd02ccbd2ef7f94e44a9324fe7b5a64/elements - {"using":"xpath","value":"//button[@data-kt=\"addButton\"]"}
RESULT: {"using":"xpath","value":"//button[@data-kt=\"addButton\"]"}
COMMAND: POST /session/ffd02ccbd2ef7f94e44a9324fe7b5a64/elements - {"using":"xpath","value":"//button[@data-kt=\"addButton\"]"}
RESULT: {"using":"xpath","value":"//button[@data-kt=\"addButton\"]"}
COMMAND: POST /session/ffd02ccbd2ef7f94e44a9324fe7b5a64/elements - {"using":"xpath","value":"//button[@data-kt=\"addButton\"]"}
RESULT: {"using":"xpath","value":"//button[@data-kt=\"addButton\"]"}
COMMAND: POST /session/ffd02ccbd2ef7f94e44a9324fe7b5a64/elements - {"using":"xpath","value":"//button[@data-kt=\"addButton\"]"}
RESULT: {"using":"xpath","value":"//button[@data-kt=\"addButton\"]"}
COMMAND: POST /session/ffd02ccbd2ef7f94e44a9324fe7b5a64/elements - {"using":"xpath","value":"//button[@data-kt=\"addButton\"]"}
COMMAND: GET /session/ffd02ccbd2ef7f94e44a9324fe7b5a64/screenshot - {}
RESULT: {"using":"xpath","value":"//button[@data-kt=\"addButton\"]"}
RESULT: {}
]]></system-out>
      <system-err><![CDATA[
Error: element ("//button[@data-kt="addButton"]") still not existing after 45000ms
    at async UtilsPrerequisites.contractCreation (D:\a\1\s\test\specs\BTS\prerequisites-and-utils-functions.js:1711:9)
    at async Context.<anonymous> (D:\a\1\s\test\specs\BTS\billing-transfer-intercompany.spec.js:61:45)
]]></system-err>
    </testcase>
    <testcase classname="chrome.136_0_7103_93.windows.Billing_Transfer_-_Master_data_&amp;_Intercompany_US127250" name="Should add equipment to the contract" time="60.762">
      <failure/>
      <error message="Can't call click on element with selector &quot;//button[@data-kt=&quot;contractDetailEditBtnButton&quot;]&quot; because element wasn't found"/>
      <system-out><![CDATA[
COMMAND: GET /session/ffd02ccbd2ef7f94e44a9324fe7b5a64/screenshot - {}
COMMAND: POST /session/ffd02ccbd2ef7f94e44a9324fe7b5a64/element - {"using":"xpath","value":"//button[@data-kt=\"contractDetailEditBtnButton\"]"}
RESULT: {}
RESULT: {"using":"xpath","value":"//button[@data-kt=\"contractDetailEditBtnButton\"]"}
COMMAND: POST /session/ffd02ccbd2ef7f94e44a9324fe7b5a64/elements - {"using":"xpath","value":"//button[@data-kt=\"contractDetailEditBtnButton\"]"}
RESULT: {"using":"xpath","value":"//button[@data-kt=\"contractDetailEditBtnButton\"]"}
COMMAND: POST /session/ffd02ccbd2ef7f94e44a9324fe7b5a64/elements - {"using":"xpath","value":"//button[@data-kt=\"contractDetailEditBtnButton\"]"}
RESULT: {"using":"xpath","value":"//button[@data-kt=\"contractDetailEditBtnButton\"]"}
COMMAND: POST /session/ffd02ccbd2ef7f94e44a9324fe7b5a64/elements - {"using":"xpath","value":"//button[@data-kt=\"contractDetailEditBtnButton\"]"}
RESULT: {"using":"xpath","value":"//button[@data-kt=\"contractDetailEditBtnButton\"]"}
COMMAND: POST /session/ffd02ccbd2ef7f94e44a9324fe7b5a64/elements - {"using":"xpath","value":"//button[@data-kt=\"contractDetailEditBtnButton\"]"}
RESULT: {"using":"xpath","value":"//button[@data-kt=\"contractDetailEditBtnButton\"]"}
COMMAND: POST /session/ffd02ccbd2ef7f94e44a9324fe7b5a64/elements - {"using":"xpath","value":"//button[@data-kt=\"contractDetailEditBtnButton\"]"}
RESULT: {"using":"xpath","value":"//button[@data-kt=\"contractDetailEditBtnButton\"]"}
COMMAND: POST /session/ffd02ccbd2ef7f94e44a9324fe7b5a64/elements - {"using":"xpath","value":"//button[@data-kt=\"contractDetailEditBtnButton\"]"}
RESULT: {"using":"xpath","value":"//button[@data-kt=\"contractDetailEditBtnButton\"]"}
COMMAND: POST /session/ffd02ccbd2ef7f94e44a9324fe7b5a64/elements - {"using":"xpath","value":"//button[@data-kt=\"contractDetailEditBtnButton\"]"}
RESULT: {"using":"xpath","value":"//button[@data-kt=\"contractDetailEditBtnButton\"]"}
COMMAND: POST /session/ffd02ccbd2ef7f94e44a9324fe7b5a64/elements - {"using":"xpath","value":"//button[@data-kt=\"contractDetailEditBtnButton\"]"}
RESULT: {"using":"xpath","value":"//button[@data-kt=\"contractDetailEditBtnButton\"]"}
COMMAND: POST /session/ffd02ccbd2ef7f94e44a9324fe7b5a64/elements - {"using":"xpath","value":"//button[@data-kt=\"contractDetailEditBtnButton\"]"}
RESULT: {"using":"xpath","value":"//button[@data-kt=\"contractDetailEditBtnButton\"]"}
COMMAND: POST /session/ffd02ccbd2ef7f94e44a9324fe7b5a64/elements - {"using":"xpath","value":"//button[@data-kt=\"contractDetailEditBtnButton\"]"}
RESULT: {"using":"xpath","value":"//button[@data-kt=\"contractDetailEditBtnButton\"]"}
COMMAND: POST /session/ffd02ccbd2ef7f94e44a9324fe7b5a64/elements - {"using":"xpath","value":"//button[@data-kt=\"contractDetailEditBtnButton\"]"}
RESULT: {"using":"xpath","value":"//button[@data-kt=\"contractDetailEditBtnButton\"]"}
COMMAND: POST /session/ffd02ccbd2ef7f94e44a9324fe7b5a64/elements - {"using":"xpath","value":"//button[@data-kt=\"contractDetailEditBtnButton\"]"}
RESULT: {"using":"xpath","value":"//button[@data-kt=\"contractDetailEditBtnButton\"]"}
COMMAND: POST /session/ffd02ccbd2ef7f94e44a9324fe7b5a64/elements - {"using":"xpath","value":"//button[@data-kt=\"contractDetailEditBtnButton\"]"}
RESULT: {"using":"xpath","value":"//button[@data-kt=\"contractDetailEditBtnButton\"]"}
COMMAND: POST /session/ffd02ccbd2ef7f94e44a9324fe7b5a64/elements - {"using":"xpath","value":"//button[@data-kt=\"contractDetailEditBtnButton\"]"}
RESULT: {"using":"xpath","value":"//button[@data-kt=\"contractDetailEditBtnButton\"]"}
COMMAND: POST /session/ffd02ccbd2ef7f94e44a9324fe7b5a64/elements - {"using":"xpath","value":"//button[@data-kt=\"contractDetailEditBtnButton\"]"}
RESULT: {"using":"xpath","value":"//button[@data-kt=\"contractDetailEditBtnButton\"]"}
COMMAND: POST /session/ffd02ccbd2ef7f94e44a9324fe7b5a64/elements - {"using":"xpath","value":"//button[@data-kt=\"contractDetailEditBtnButton\"]"}
RESULT: {"using":"xpath","value":"//button[@data-kt=\"contractDetailEditBtnButton\"]"}
COMMAND: POST /session/ffd02ccbd2ef7f94e44a9324fe7b5a64/elements - {"using":"xpath","value":"//button[@data-kt=\"contractDetailEditBtnButton\"]"}
RESULT: {"using":"xpath","value":"//button[@data-kt=\"contractDetailEditBtnButton\"]"}
COMMAND: POST /session/ffd02ccbd2ef7f94e44a9324fe7b5a64/elements - {"using":"xpath","value":"//button[@data-kt=\"contractDetailEditBtnButton\"]"}
RESULT: {"using":"xpath","value":"//button[@data-kt=\"contractDetailEditBtnButton\"]"}
COMMAND: POST /session/ffd02ccbd2ef7f94e44a9324fe7b5a64/elements - {"using":"xpath","value":"//button[@data-kt=\"contractDetailEditBtnButton\"]"}
RESULT: {"using":"xpath","value":"//button[@data-kt=\"contractDetailEditBtnButton\"]"}
COMMAND: POST /session/ffd02ccbd2ef7f94e44a9324fe7b5a64/elements - {"using":"xpath","value":"//button[@data-kt=\"contractDetailEditBtnButton\"]"}
RESULT: {"using":"xpath","value":"//button[@data-kt=\"contractDetailEditBtnButton\"]"}
COMMAND: POST /session/ffd02ccbd2ef7f94e44a9324fe7b5a64/elements - {"using":"xpath","value":"//button[@data-kt=\"contractDetailEditBtnButton\"]"}
RESULT: {"using":"xpath","value":"//button[@data-kt=\"contractDetailEditBtnButton\"]"}
COMMAND: POST /session/ffd02ccbd2ef7f94e44a9324fe7b5a64/elements - {"using":"xpath","value":"//button[@data-kt=\"contractDetailEditBtnButton\"]"}
RESULT: {"using":"xpath","value":"//button[@data-kt=\"contractDetailEditBtnButton\"]"}
COMMAND: POST /session/ffd02ccbd2ef7f94e44a9324fe7b5a64/elements - {"using":"xpath","value":"//button[@data-kt=\"contractDetailEditBtnButton\"]"}
RESULT: {"using":"xpath","value":"//button[@data-kt=\"contractDetailEditBtnButton\"]"}
COMMAND: POST /session/ffd02ccbd2ef7f94e44a9324fe7b5a64/elements - {"using":"xpath","value":"//button[@data-kt=\"contractDetailEditBtnButton\"]"}
RESULT: {"using":"xpath","value":"//button[@data-kt=\"contractDetailEditBtnButton\"]"}
COMMAND: POST /session/ffd02ccbd2ef7f94e44a9324fe7b5a64/elements - {"using":"xpath","value":"//button[@data-kt=\"contractDetailEditBtnButton\"]"}
RESULT: {"using":"xpath","value":"//button[@data-kt=\"contractDetailEditBtnButton\"]"}
COMMAND: POST /session/ffd02ccbd2ef7f94e44a9324fe7b5a64/elements - {"using":"xpath","value":"//button[@data-kt=\"contractDetailEditBtnButton\"]"}
RESULT: {"using":"xpath","value":"//button[@data-kt=\"contractDetailEditBtnButton\"]"}
COMMAND: POST /session/ffd02ccbd2ef7f94e44a9324fe7b5a64/elements - {"using":"xpath","value":"//button[@data-kt=\"contractDetailEditBtnButton\"]"}
RESULT: {"using":"xpath","value":"//button[@data-kt=\"contractDetailEditBtnButton\"]"}
COMMAND: POST /session/ffd02ccbd2ef7f94e44a9324fe7b5a64/elements - {"using":"xpath","value":"//button[@data-kt=\"contractDetailEditBtnButton\"]"}
RESULT: {"using":"xpath","value":"//button[@data-kt=\"contractDetailEditBtnButton\"]"}
COMMAND: POST /session/ffd02ccbd2ef7f94e44a9324fe7b5a64/elements - {"using":"xpath","value":"//button[@data-kt=\"contractDetailEditBtnButton\"]"}
RESULT: {"using":"xpath","value":"//button[@data-kt=\"contractDetailEditBtnButton\"]"}
COMMAND: POST /session/ffd02ccbd2ef7f94e44a9324fe7b5a64/elements - {"using":"xpath","value":"//button[@data-kt=\"contractDetailEditBtnButton\"]"}
RESULT: {"using":"xpath","value":"//button[@data-kt=\"contractDetailEditBtnButton\"]"}
COMMAND: POST /session/ffd02ccbd2ef7f94e44a9324fe7b5a64/elements - {"using":"xpath","value":"//button[@data-kt=\"contractDetailEditBtnButton\"]"}
RESULT: {"using":"xpath","value":"//button[@data-kt=\"contractDetailEditBtnButton\"]"}
COMMAND: POST /session/ffd02ccbd2ef7f94e44a9324fe7b5a64/elements - {"using":"xpath","value":"//button[@data-kt=\"contractDetailEditBtnButton\"]"}
RESULT: {"using":"xpath","value":"//button[@data-kt=\"contractDetailEditBtnButton\"]"}
COMMAND: POST /session/ffd02ccbd2ef7f94e44a9324fe7b5a64/elements - {"using":"xpath","value":"//button[@data-kt=\"contractDetailEditBtnButton\"]"}
RESULT: {"using":"xpath","value":"//button[@data-kt=\"contractDetailEditBtnButton\"]"}
COMMAND: POST /session/ffd02ccbd2ef7f94e44a9324fe7b5a64/elements - {"using":"xpath","value":"//button[@data-kt=\"contractDetailEditBtnButton\"]"}
RESULT: {"using":"xpath","value":"//button[@data-kt=\"contractDetailEditBtnButton\"]"}
COMMAND: POST /session/ffd02ccbd2ef7f94e44a9324fe7b5a64/elements - {"using":"xpath","value":"//button[@data-kt=\"contractDetailEditBtnButton\"]"}
RESULT: {"using":"xpath","value":"//button[@data-kt=\"contractDetailEditBtnButton\"]"}
COMMAND: POST /session/ffd02ccbd2ef7f94e44a9324fe7b5a64/elements - {"using":"xpath","value":"//button[@data-kt=\"contractDetailEditBtnButton\"]"}
RESULT: {"using":"xpath","value":"//button[@data-kt=\"contractDetailEditBtnButton\"]"}
COMMAND: POST /session/ffd02ccbd2ef7f94e44a9324fe7b5a64/elements - {"using":"xpath","value":"//button[@data-kt=\"contractDetailEditBtnButton\"]"}
RESULT: {"using":"xpath","value":"//button[@data-kt=\"contractDetailEditBtnButton\"]"}
COMMAND: POST /session/ffd02ccbd2ef7f94e44a9324fe7b5a64/elements - {"using":"xpath","value":"//button[@data-kt=\"contractDetailEditBtnButton\"]"}
RESULT: {"using":"xpath","value":"//button[@data-kt=\"contractDetailEditBtnButton\"]"}
COMMAND: POST /session/ffd02ccbd2ef7f94e44a9324fe7b5a64/elements - {"using":"xpath","value":"//button[@data-kt=\"contractDetailEditBtnButton\"]"}
RESULT: {"using":"xpath","value":"//button[@data-kt=\"contractDetailEditBtnButton\"]"}
COMMAND: POST /session/ffd02ccbd2ef7f94e44a9324fe7b5a64/elements - {"using":"xpath","value":"//button[@data-kt=\"contractDetailEditBtnButton\"]"}
RESULT: {"using":"xpath","value":"//button[@data-kt=\"contractDetailEditBtnButton\"]"}
COMMAND: POST /session/ffd02ccbd2ef7f94e44a9324fe7b5a64/elements - {"using":"xpath","value":"//button[@data-kt=\"contractDetailEditBtnButton\"]"}
RESULT: {"using":"xpath","value":"//button[@data-kt=\"contractDetailEditBtnButton\"]"}
COMMAND: POST /session/ffd02ccbd2ef7f94e44a9324fe7b5a64/elements - {"using":"xpath","value":"//button[@data-kt=\"contractDetailEditBtnButton\"]"}
RESULT: {"using":"xpath","value":"//button[@data-kt=\"contractDetailEditBtnButton\"]"}
COMMAND: POST /session/ffd02ccbd2ef7f94e44a9324fe7b5a64/elements - {"using":"xpath","value":"//button[@data-kt=\"contractDetailEditBtnButton\"]"}
RESULT: {"using":"xpath","value":"//button[@data-kt=\"contractDetailEditBtnButton\"]"}
COMMAND: POST /session/ffd02ccbd2ef7f94e44a9324fe7b5a64/elements - {"using":"xpath","value":"//button[@data-kt=\"contractDetailEditBtnButton\"]"}
RESULT: {"using":"xpath","value":"//button[@data-kt=\"contractDetailEditBtnButton\"]"}
COMMAND: POST /session/ffd02ccbd2ef7f94e44a9324fe7b5a64/elements - {"using":"xpath","value":"//button[@data-kt=\"contractDetailEditBtnButton\"]"}
RESULT: {"using":"xpath","value":"//button[@data-kt=\"contractDetailEditBtnButton\"]"}
COMMAND: POST /session/ffd02ccbd2ef7f94e44a9324fe7b5a64/elements - {"using":"xpath","value":"//button[@data-kt=\"contractDetailEditBtnButton\"]"}
RESULT: {"using":"xpath","value":"//button[@data-kt=\"contractDetailEditBtnButton\"]"}
COMMAND: POST /session/ffd02ccbd2ef7f94e44a9324fe7b5a64/elements - {"using":"xpath","value":"//button[@data-kt=\"contractDetailEditBtnButton\"]"}
RESULT: {"using":"xpath","value":"//button[@data-kt=\"contractDetailEditBtnButton\"]"}
COMMAND: POST /session/ffd02ccbd2ef7f94e44a9324fe7b5a64/elements - {"using":"xpath","value":"//button[@data-kt=\"contractDetailEditBtnButton\"]"}
RESULT: {"using":"xpath","value":"//button[@data-kt=\"contractDetailEditBtnButton\"]"}
COMMAND: POST /session/ffd02ccbd2ef7f94e44a9324fe7b5a64/elements - {"using":"xpath","value":"//button[@data-kt=\"contractDetailEditBtnButton\"]"}
RESULT: {"using":"xpath","value":"//button[@data-kt=\"contractDetailEditBtnButton\"]"}
COMMAND: POST /session/ffd02ccbd2ef7f94e44a9324fe7b5a64/elements - {"using":"xpath","value":"//button[@data-kt=\"contractDetailEditBtnButton\"]"}
RESULT: {"using":"xpath","value":"//button[@data-kt=\"contractDetailEditBtnButton\"]"}
COMMAND: POST /session/ffd02ccbd2ef7f94e44a9324fe7b5a64/elements - {"using":"xpath","value":"//button[@data-kt=\"contractDetailEditBtnButton\"]"}
RESULT: {"using":"xpath","value":"//button[@data-kt=\"contractDetailEditBtnButton\"]"}
COMMAND: POST /session/ffd02ccbd2ef7f94e44a9324fe7b5a64/elements - {"using":"xpath","value":"//button[@data-kt=\"contractDetailEditBtnButton\"]"}
RESULT: {"using":"xpath","value":"//button[@data-kt=\"contractDetailEditBtnButton\"]"}
COMMAND: POST /session/ffd02ccbd2ef7f94e44a9324fe7b5a64/elements - {"using":"xpath","value":"//button[@data-kt=\"contractDetailEditBtnButton\"]"}
RESULT: {"using":"xpath","value":"//button[@data-kt=\"contractDetailEditBtnButton\"]"}
COMMAND: POST /session/ffd02ccbd2ef7f94e44a9324fe7b5a64/elements - {"using":"xpath","value":"//button[@data-kt=\"contractDetailEditBtnButton\"]"}
RESULT: {"using":"xpath","value":"//button[@data-kt=\"contractDetailEditBtnButton\"]"}
COMMAND: POST /session/ffd02ccbd2ef7f94e44a9324fe7b5a64/elements - {"using":"xpath","value":"//button[@data-kt=\"contractDetailEditBtnButton\"]"}
RESULT: {"using":"xpath","value":"//button[@data-kt=\"contractDetailEditBtnButton\"]"}
COMMAND: POST /session/ffd02ccbd2ef7f94e44a9324fe7b5a64/elements - {"using":"xpath","value":"//button[@data-kt=\"contractDetailEditBtnButton\"]"}
RESULT: {"using":"xpath","value":"//button[@data-kt=\"contractDetailEditBtnButton\"]"}
COMMAND: POST /session/ffd02ccbd2ef7f94e44a9324fe7b5a64/elements - {"using":"xpath","value":"//button[@data-kt=\"contractDetailEditBtnButton\"]"}
RESULT: {"using":"xpath","value":"//button[@data-kt=\"contractDetailEditBtnButton\"]"}
COMMAND: POST /session/ffd02ccbd2ef7f94e44a9324fe7b5a64/elements - {"using":"xpath","value":"//button[@data-kt=\"contractDetailEditBtnButton\"]"}
RESULT: {"using":"xpath","value":"//button[@data-kt=\"contractDetailEditBtnButton\"]"}
COMMAND: POST /session/ffd02ccbd2ef7f94e44a9324fe7b5a64/elements - {"using":"xpath","value":"//button[@data-kt=\"contractDetailEditBtnButton\"]"}
RESULT: {"using":"xpath","value":"//button[@data-kt=\"contractDetailEditBtnButton\"]"}
COMMAND: POST /session/ffd02ccbd2ef7f94e44a9324fe7b5a64/elements - {"using":"xpath","value":"//button[@data-kt=\"contractDetailEditBtnButton\"]"}
RESULT: {"using":"xpath","value":"//button[@data-kt=\"contractDetailEditBtnButton\"]"}
COMMAND: POST /session/ffd02ccbd2ef7f94e44a9324fe7b5a64/elements - {"using":"xpath","value":"//button[@data-kt=\"contractDetailEditBtnButton\"]"}
RESULT: {"using":"xpath","value":"//button[@data-kt=\"contractDetailEditBtnButton\"]"}
COMMAND: POST /session/ffd02ccbd2ef7f94e44a9324fe7b5a64/elements - {"using":"xpath","value":"//button[@data-kt=\"contractDetailEditBtnButton\"]"}
RESULT: {"using":"xpath","value":"//button[@data-kt=\"contractDetailEditBtnButton\"]"}
COMMAND: POST /session/ffd02ccbd2ef7f94e44a9324fe7b5a64/elements - {"using":"xpath","value":"//button[@data-kt=\"contractDetailEditBtnButton\"]"}
RESULT: {"using":"xpath","value":"//button[@data-kt=\"contractDetailEditBtnButton\"]"}
COMMAND: POST /session/ffd02ccbd2ef7f94e44a9324fe7b5a64/elements - {"using":"xpath","value":"//button[@data-kt=\"contractDetailEditBtnButton\"]"}
RESULT: {"using":"xpath","value":"//button[@data-kt=\"contractDetailEditBtnButton\"]"}
COMMAND: POST /session/ffd02ccbd2ef7f94e44a9324fe7b5a64/elements - {"using":"xpath","value":"//button[@data-kt=\"contractDetailEditBtnButton\"]"}
RESULT: {"using":"xpath","value":"//button[@data-kt=\"contractDetailEditBtnButton\"]"}
COMMAND: POST /session/ffd02ccbd2ef7f94e44a9324fe7b5a64/elements - {"using":"xpath","value":"//button[@data-kt=\"contractDetailEditBtnButton\"]"}
RESULT: {"using":"xpath","value":"//button[@data-kt=\"contractDetailEditBtnButton\"]"}
COMMAND: POST /session/ffd02ccbd2ef7f94e44a9324fe7b5a64/elements - {"using":"xpath","value":"//button[@data-kt=\"contractDetailEditBtnButton\"]"}
RESULT: {"using":"xpath","value":"//button[@data-kt=\"contractDetailEditBtnButton\"]"}
COMMAND: POST /session/ffd02ccbd2ef7f94e44a9324fe7b5a64/elements - {"using":"xpath","value":"//button[@data-kt=\"contractDetailEditBtnButton\"]"}
RESULT: {"using":"xpath","value":"//button[@data-kt=\"contractDetailEditBtnButton\"]"}
COMMAND: POST /session/ffd02ccbd2ef7f94e44a9324fe7b5a64/elements - {"using":"xpath","value":"//button[@data-kt=\"contractDetailEditBtnButton\"]"}
RESULT: {"using":"xpath","value":"//button[@data-kt=\"contractDetailEditBtnButton\"]"}
COMMAND: POST /session/ffd02ccbd2ef7f94e44a9324fe7b5a64/elements - {"using":"xpath","value":"//button[@data-kt=\"contractDetailEditBtnButton\"]"}
RESULT: {"using":"xpath","value":"//button[@data-kt=\"contractDetailEditBtnButton\"]"}
COMMAND: POST /session/ffd02ccbd2ef7f94e44a9324fe7b5a64/elements - {"using":"xpath","value":"//button[@data-kt=\"contractDetailEditBtnButton\"]"}
RESULT: {"using":"xpath","value":"//button[@data-kt=\"contractDetailEditBtnButton\"]"}
COMMAND: POST /session/ffd02ccbd2ef7f94e44a9324fe7b5a64/elements - {"using":"xpath","value":"//button[@data-kt=\"contractDetailEditBtnButton\"]"}
RESULT: {"using":"xpath","value":"//button[@data-kt=\"contractDetailEditBtnButton\"]"}
COMMAND: POST /session/ffd02ccbd2ef7f94e44a9324fe7b5a64/elements - {"using":"xpath","value":"//button[@data-kt=\"contractDetailEditBtnButton\"]"}
RESULT: {"using":"xpath","value":"//button[@data-kt=\"contractDetailEditBtnButton\"]"}
COMMAND: POST /session/ffd02ccbd2ef7f94e44a9324fe7b5a64/elements - {"using":"xpath","value":"//button[@data-kt=\"contractDetailEditBtnButton\"]"}
RESULT: {"using":"xpath","value":"//button[@data-kt=\"contractDetailEditBtnButton\"]"}
COMMAND: POST /session/ffd02ccbd2ef7f94e44a9324fe7b5a64/elements - {"using":"xpath","value":"//button[@data-kt=\"contractDetailEditBtnButton\"]"}
RESULT: {"using":"xpath","value":"//button[@data-kt=\"contractDetailEditBtnButton\"]"}
COMMAND: POST /session/ffd02ccbd2ef7f94e44a9324fe7b5a64/elements - {"using":"xpath","value":"//button[@data-kt=\"contractDetailEditBtnButton\"]"}
RESULT: {"using":"xpath","value":"//button[@data-kt=\"contractDetailEditBtnButton\"]"}
COMMAND: POST /session/ffd02ccbd2ef7f94e44a9324fe7b5a64/elements - {"using":"xpath","value":"//button[@data-kt=\"contractDetailEditBtnButton\"]"}
RESULT: {"using":"xpath","value":"//button[@data-kt=\"contractDetailEditBtnButton\"]"}
COMMAND: POST /session/ffd02ccbd2ef7f94e44a9324fe7b5a64/elements - {"using":"xpath","value":"//button[@data-kt=\"contractDetailEditBtnButton\"]"}
RESULT: {"using":"xpath","value":"//button[@data-kt=\"contractDetailEditBtnButton\"]"}
COMMAND: POST /session/ffd02ccbd2ef7f94e44a9324fe7b5a64/elements - {"using":"xpath","value":"//button[@data-kt=\"contractDetailEditBtnButton\"]"}
RESULT: {"using":"xpath","value":"//button[@data-kt=\"contractDetailEditBtnButton\"]"}
COMMAND: POST /session/ffd02ccbd2ef7f94e44a9324fe7b5a64/elements - {"using":"xpath","value":"//button[@data-kt=\"contractDetailEditBtnButton\"]"}
RESULT: {"using":"xpath","value":"//button[@data-kt=\"contractDetailEditBtnButton\"]"}
COMMAND: POST /session/ffd02ccbd2ef7f94e44a9324fe7b5a64/elements - {"using":"xpath","value":"//button[@data-kt=\"contractDetailEditBtnButton\"]"}
RESULT: {"using":"xpath","value":"//button[@data-kt=\"contractDetailEditBtnButton\"]"}
COMMAND: POST /session/ffd02ccbd2ef7f94e44a9324fe7b5a64/elements - {"using":"xpath","value":"//button[@data-kt=\"contractDetailEditBtnButton\"]"}
RESULT: {"using":"xpath","value":"//button[@data-kt=\"contractDetailEditBtnButton\"]"}
COMMAND: POST /session/ffd02ccbd2ef7f94e44a9324fe7b5a64/elements - {"using":"xpath","value":"//button[@data-kt=\"contractDetailEditBtnButton\"]"}
RESULT: {"using":"xpath","value":"//button[@data-kt=\"contractDetailEditBtnButton\"]"}
COMMAND: POST /session/ffd02ccbd2ef7f94e44a9324fe7b5a64/elements - {"using":"xpath","value":"//button[@data-kt=\"contractDetailEditBtnButton\"]"}
RESULT: {"using":"xpath","value":"//button[@data-kt=\"contractDetailEditBtnButton\"]"}
COMMAND: POST /session/ffd02ccbd2ef7f94e44a9324fe7b5a64/elements - {"using":"xpath","value":"//button[@data-kt=\"contractDetailEditBtnButton\"]"}
RESULT: {"using":"xpath","value":"//button[@data-kt=\"contractDetailEditBtnButton\"]"}
COMMAND: POST /session/ffd02ccbd2ef7f94e44a9324fe7b5a64/elements - {"using":"xpath","value":"//button[@data-kt=\"contractDetailEditBtnButton\"]"}
RESULT: {"using":"xpath","value":"//button[@data-kt=\"contractDetailEditBtnButton\"]"}
COMMAND: POST /session/ffd02ccbd2ef7f94e44a9324fe7b5a64/elements - {"using":"xpath","value":"//button[@data-kt=\"contractDetailEditBtnButton\"]"}
RESULT: {"using":"xpath","value":"//button[@data-kt=\"contractDetailEditBtnButton\"]"}
COMMAND: POST /session/ffd02ccbd2ef7f94e44a9324fe7b5a64/elements - {"using":"xpath","value":"//button[@data-kt=\"contractDetailEditBtnButton\"]"}
RESULT: {"using":"xpath","value":"//button[@data-kt=\"contractDetailEditBtnButton\"]"}
COMMAND: POST /session/ffd02ccbd2ef7f94e44a9324fe7b5a64/elements - {"using":"xpath","value":"//button[@data-kt=\"contractDetailEditBtnButton\"]"}
RESULT: {"using":"xpath","value":"//button[@data-kt=\"contractDetailEditBtnButton\"]"}
COMMAND: POST /session/ffd02ccbd2ef7f94e44a9324fe7b5a64/elements - {"using":"xpath","value":"//button[@data-kt=\"contractDetailEditBtnButton\"]"}
RESULT: {"using":"xpath","value":"//button[@data-kt=\"contractDetailEditBtnButton\"]"}
COMMAND: POST /session/ffd02ccbd2ef7f94e44a9324fe7b5a64/elements - {"using":"xpath","value":"//button[@data-kt=\"contractDetailEditBtnButton\"]"}
RESULT: {"using":"xpath","value":"//button[@data-kt=\"contractDetailEditBtnButton\"]"}
COMMAND: POST /session/ffd02ccbd2ef7f94e44a9324fe7b5a64/elements - {"using":"xpath","value":"//button[@data-kt=\"contractDetailEditBtnButton\"]"}
RESULT: {"using":"xpath","value":"//button[@data-kt=\"contractDetailEditBtnButton\"]"}
COMMAND: POST /session/ffd02ccbd2ef7f94e44a9324fe7b5a64/elements - {"using":"xpath","value":"//button[@data-kt=\"contractDetailEditBtnButton\"]"}
RESULT: {"using":"xpath","value":"//button[@data-kt=\"contractDetailEditBtnButton\"]"}
COMMAND: POST /session/ffd02ccbd2ef7f94e44a9324fe7b5a64/elements - {"using":"xpath","value":"//button[@data-kt=\"contractDetailEditBtnButton\"]"}
RESULT: {"using":"xpath","value":"//button[@data-kt=\"contractDetailEditBtnButton\"]"}
COMMAND: POST /session/ffd02ccbd2ef7f94e44a9324fe7b5a64/elements - {"using":"xpath","value":"//button[@data-kt=\"contractDetailEditBtnButton\"]"}
RESULT: {"using":"xpath","value":"//button[@data-kt=\"contractDetailEditBtnButton\"]"}
COMMAND: POST /session/ffd02ccbd2ef7f94e44a9324fe7b5a64/elements - {"using":"xpath","value":"//button[@data-kt=\"contractDetailEditBtnButton\"]"}
RESULT: {"using":"xpath","value":"//button[@data-kt=\"contractDetailEditBtnButton\"]"}
COMMAND: POST /session/ffd02ccbd2ef7f94e44a9324fe7b5a64/elements - {"using":"xpath","value":"//button[@data-kt=\"contractDetailEditBtnButton\"]"}
RESULT: {"using":"xpath","value":"//button[@data-kt=\"contractDetailEditBtnButton\"]"}
COMMAND: POST /session/ffd02ccbd2ef7f94e44a9324fe7b5a64/elements - {"using":"xpath","value":"//button[@data-kt=\"contractDetailEditBtnButton\"]"}
RESULT: {"using":"xpath","value":"//button[@data-kt=\"contractDetailEditBtnButton\"]"}
COMMAND: POST /session/ffd02ccbd2ef7f94e44a9324fe7b5a64/elements - {"using":"xpath","value":"//button[@data-kt=\"contractDetailEditBtnButton\"]"}
RESULT: {"using":"xpath","value":"//button[@data-kt=\"contractDetailEditBtnButton\"]"}
COMMAND: POST /session/ffd02ccbd2ef7f94e44a9324fe7b5a64/elements - {"using":"xpath","value":"//button[@data-kt=\"contractDetailEditBtnButton\"]"}
RESULT: {"using":"xpath","value":"//button[@data-kt=\"contractDetailEditBtnButton\"]"}
COMMAND: POST /session/ffd02ccbd2ef7f94e44a9324fe7b5a64/elements - {"using":"xpath","value":"//button[@data-kt=\"contractDetailEditBtnButton\"]"}
RESULT: {"using":"xpath","value":"//button[@data-kt=\"contractDetailEditBtnButton\"]"}
COMMAND: POST /session/ffd02ccbd2ef7f94e44a9324fe7b5a64/elements - {"using":"xpath","value":"//button[@data-kt=\"contractDetailEditBtnButton\"]"}
RESULT: {"using":"xpath","value":"//button[@data-kt=\"contractDetailEditBtnButton\"]"}
COMMAND: POST /session/ffd02ccbd2ef7f94e44a9324fe7b5a64/elements - {"using":"xpath","value":"//button[@data-kt=\"contractDetailEditBtnButton\"]"}
RESULT: {"using":"xpath","value":"//button[@data-kt=\"contractDetailEditBtnButton\"]"}
COMMAND: POST /session/ffd02ccbd2ef7f94e44a9324fe7b5a64/elements - {"using":"xpath","value":"//button[@data-kt=\"contractDetailEditBtnButton\"]"}
RESULT: {"using":"xpath","value":"//button[@data-kt=\"contractDetailEditBtnButton\"]"}
COMMAND: POST /session/ffd02ccbd2ef7f94e44a9324fe7b5a64/elements - {"using":"xpath","value":"//button[@data-kt=\"contractDetailEditBtnButton\"]"}
RESULT: {"using":"xpath","value":"//button[@data-kt=\"contractDetailEditBtnButton\"]"}
COMMAND: POST /session/ffd02ccbd2ef7f94e44a9324fe7b5a64/elements - {"using":"xpath","value":"//button[@data-kt=\"contractDetailEditBtnButton\"]"}
RESULT: {"using":"xpath","value":"//button[@data-kt=\"contractDetailEditBtnButton\"]"}
COMMAND: POST /session/ffd02ccbd2ef7f94e44a9324fe7b5a64/elements - {"using":"xpath","value":"//button[@data-kt=\"contractDetailEditBtnButton\"]"}
RESULT: {"using":"xpath","value":"//button[@data-kt=\"contractDetailEditBtnButton\"]"}
COMMAND: POST /session/ffd02ccbd2ef7f94e44a9324fe7b5a64/elements - {"using":"xpath","value":"//button[@data-kt=\"contractDetailEditBtnButton\"]"}
RESULT: {"using":"xpath","value":"//button[@data-kt=\"contractDetailEditBtnButton\"]"}
COMMAND: POST /session/ffd02ccbd2ef7f94e44a9324fe7b5a64/elements - {"using":"xpath","value":"//button[@data-kt=\"contractDetailEditBtnButton\"]"}
RESULT: {"using":"xpath","value":"//button[@data-kt=\"contractDetailEditBtnButton\"]"}
COMMAND: POST /session/ffd02ccbd2ef7f94e44a9324fe7b5a64/elements - {"using":"xpath","value":"//button[@data-kt=\"contractDetailEditBtnButton\"]"}
RESULT: {"using":"xpath","value":"//button[@data-kt=\"contractDetailEditBtnButton\"]"}
COMMAND: POST /session/ffd02ccbd2ef7f94e44a9324fe7b5a64/elements - {"using":"xpath","value":"//button[@data-kt=\"contractDetailEditBtnButton\"]"}
RESULT: {"using":"xpath","value":"//button[@data-kt=\"contractDetailEditBtnButton\"]"}
COMMAND: POST /session/ffd02ccbd2ef7f94e44a9324fe7b5a64/elements - {"using":"xpath","value":"//button[@data-kt=\"contractDetailEditBtnButton\"]"}
RESULT: {"using":"xpath","value":"//button[@data-kt=\"contractDetailEditBtnButton\"]"}
COMMAND: POST /session/ffd02ccbd2ef7f94e44a9324fe7b5a64/elements - {"using":"xpath","value":"//button[@data-kt=\"contractDetailEditBtnButton\"]"}
RESULT: {"using":"xpath","value":"//button[@data-kt=\"contractDetailEditBtnButton\"]"}
COMMAND: POST /session/ffd02ccbd2ef7f94e44a9324fe7b5a64/elements - {"using":"xpath","value":"//button[@data-kt=\"contractDetailEditBtnButton\"]"}
RESULT: {"using":"xpath","value":"//button[@data-kt=\"contractDetailEditBtnButton\"]"}
COMMAND: POST /session/ffd02ccbd2ef7f94e44a9324fe7b5a64/elements - {"using":"xpath","value":"//button[@data-kt=\"contractDetailEditBtnButton\"]"}
RESULT: {"using":"xpath","value":"//button[@data-kt=\"contractDetailEditBtnButton\"]"}
COMMAND: POST /session/ffd02ccbd2ef7f94e44a9324fe7b5a64/elements - {"using":"xpath","value":"//button[@data-kt=\"contractDetailEditBtnButton\"]"}
RESULT: {"using":"xpath","value":"//button[@data-kt=\"contractDetailEditBtnButton\"]"}
COMMAND: POST /session/ffd02ccbd2ef7f94e44a9324fe7b5a64/elements - {"using":"xpath","value":"//button[@data-kt=\"contractDetailEditBtnButton\"]"}
RESULT: {"using":"xpath","value":"//button[@data-kt=\"contractDetailEditBtnButton\"]"}
COMMAND: POST /session/ffd02ccbd2ef7f94e44a9324fe7b5a64/elements - {"using":"xpath","value":"//button[@data-kt=\"contractDetailEditBtnButton\"]"}
RESULT: {"using":"xpath","value":"//button[@data-kt=\"contractDetailEditBtnButton\"]"}
COMMAND: POST /session/ffd02ccbd2ef7f94e44a9324fe7b5a64/elements - {"using":"xpath","value":"//button[@data-kt=\"contractDetailEditBtnButton\"]"}
RESULT: {"using":"xpath","value":"//button[@data-kt=\"contractDetailEditBtnButton\"]"}
COMMAND: POST /session/ffd02ccbd2ef7f94e44a9324fe7b5a64/elements - {"using":"xpath","value":"//button[@data-kt=\"contractDetailEditBtnButton\"]"}
RESULT: {"using":"xpath","value":"//button[@data-kt=\"contractDetailEditBtnButton\"]"}
COMMAND: POST /session/ffd02ccbd2ef7f94e44a9324fe7b5a64/elements - {"using":"xpath","value":"//button[@data-kt=\"contractDetailEditBtnButton\"]"}
COMMAND: GET /session/ffd02ccbd2ef7f94e44a9324fe7b5a64/screenshot - {}
RESULT: {"using":"xpath","value":"//button[@data-kt=\"contractDetailEditBtnButton\"]"}
RESULT: {}
]]></system-out>
      <system-err><![CDATA[
Error: Can't call click on element with selector "//button[@data-kt="contractDetailEditBtnButton"]" because element wasn't found
    at async UtilsPrerequisites.addItemToContract (D:\a\1\s\test\specs\BTS\prerequisites-and-utils-functions.js:1822:9)
    at async Context.<anonymous> (D:\a\1\s\test\specs\BTS\billing-transfer-intercompany.spec.js:65:9)
]]></system-err>
    </testcase>
    <testcase classname="chrome.136_0_7103_93.windows.Billing_Transfer_-_Master_data_&amp;_Intercompany_US127250" name="Should do a provide to site handover" time="60.421">
      <failure/>
      <error message="Can't call click on element with selector &quot;//button[@data-kt=&quot;provideButton&quot;]&quot; because element wasn't found"/>
      <system-out><![CDATA[
COMMAND: POST /session/ffd02ccbd2ef7f94e44a9324fe7b5a64/element - {"using":"xpath","value":"//button[@data-kt=\"provideButton\"]"}
COMMAND: GET /session/ffd02ccbd2ef7f94e44a9324fe7b5a64/screenshot - {}
RESULT: {"using":"xpath","value":"//button[@data-kt=\"provideButton\"]"}
COMMAND: POST /session/ffd02ccbd2ef7f94e44a9324fe7b5a64/elements - {"using":"xpath","value":"//button[@data-kt=\"provideButton\"]"}
RESULT: {}
RESULT: {"using":"xpath","value":"//button[@data-kt=\"provideButton\"]"}
COMMAND: POST /session/ffd02ccbd2ef7f94e44a9324fe7b5a64/elements - {"using":"xpath","value":"//button[@data-kt=\"provideButton\"]"}
RESULT: {"using":"xpath","value":"//button[@data-kt=\"provideButton\"]"}
COMMAND: POST /session/ffd02ccbd2ef7f94e44a9324fe7b5a64/elements - {"using":"xpath","value":"//button[@data-kt=\"provideButton\"]"}
RESULT: {"using":"xpath","value":"//button[@data-kt=\"provideButton\"]"}
COMMAND: POST /session/ffd02ccbd2ef7f94e44a9324fe7b5a64/elements - {"using":"xpath","value":"//button[@data-kt=\"provideButton\"]"}
RESULT: {"using":"xpath","value":"//button[@data-kt=\"provideButton\"]"}
COMMAND: POST /session/ffd02ccbd2ef7f94e44a9324fe7b5a64/elements - {"using":"xpath","value":"//button[@data-kt=\"provideButton\"]"}
RESULT: {"using":"xpath","value":"//button[@data-kt=\"provideButton\"]"}
COMMAND: POST /session/ffd02ccbd2ef7f94e44a9324fe7b5a64/elements - {"using":"xpath","value":"//button[@data-kt=\"provideButton\"]"}
RESULT: {"using":"xpath","value":"//button[@data-kt=\"provideButton\"]"}
COMMAND: POST /session/ffd02ccbd2ef7f94e44a9324fe7b5a64/elements - {"using":"xpath","value":"//button[@data-kt=\"provideButton\"]"}
RESULT: {"using":"xpath","value":"//button[@data-kt=\"provideButton\"]"}
COMMAND: POST /session/ffd02ccbd2ef7f94e44a9324fe7b5a64/elements - {"using":"xpath","value":"//button[@data-kt=\"provideButton\"]"}
RESULT: {"using":"xpath","value":"//button[@data-kt=\"provideButton\"]"}
COMMAND: POST /session/ffd02ccbd2ef7f94e44a9324fe7b5a64/elements - {"using":"xpath","value":"//button[@data-kt=\"provideButton\"]"}
RESULT: {"using":"xpath","value":"//button[@data-kt=\"provideButton\"]"}
COMMAND: POST /session/ffd02ccbd2ef7f94e44a9324fe7b5a64/elements - {"using":"xpath","value":"//button[@data-kt=\"provideButton\"]"}
RESULT: {"using":"xpath","value":"//button[@data-kt=\"provideButton\"]"}
COMMAND: POST /session/ffd02ccbd2ef7f94e44a9324fe7b5a64/elements - {"using":"xpath","value":"//button[@data-kt=\"provideButton\"]"}
RESULT: {"using":"xpath","value":"//button[@data-kt=\"provideButton\"]"}
COMMAND: POST /session/ffd02ccbd2ef7f94e44a9324fe7b5a64/elements - {"using":"xpath","value":"//button[@data-kt=\"provideButton\"]"}
RESULT: {"using":"xpath","value":"//button[@data-kt=\"provideButton\"]"}
COMMAND: POST /session/ffd02ccbd2ef7f94e44a9324fe7b5a64/elements - {"using":"xpath","value":"//button[@data-kt=\"provideButton\"]"}
RESULT: {"using":"xpath","value":"//button[@data-kt=\"provideButton\"]"}
COMMAND: POST /session/ffd02ccbd2ef7f94e44a9324fe7b5a64/elements - {"using":"xpath","value":"//button[@data-kt=\"provideButton\"]"}
RESULT: {"using":"xpath","value":"//button[@data-kt=\"provideButton\"]"}
COMMAND: POST /session/ffd02ccbd2ef7f94e44a9324fe7b5a64/elements - {"using":"xpath","value":"//button[@data-kt=\"provideButton\"]"}
RESULT: {"using":"xpath","value":"//button[@data-kt=\"provideButton\"]"}
COMMAND: POST /session/ffd02ccbd2ef7f94e44a9324fe7b5a64/elements - {"using":"xpath","value":"//button[@data-kt=\"provideButton\"]"}
RESULT: {"using":"xpath","value":"//button[@data-kt=\"provideButton\"]"}
COMMAND: POST /session/ffd02ccbd2ef7f94e44a9324fe7b5a64/elements - {"using":"xpath","value":"//button[@data-kt=\"provideButton\"]"}
RESULT: {"using":"xpath","value":"//button[@data-kt=\"provideButton\"]"}
COMMAND: POST /session/ffd02ccbd2ef7f94e44a9324fe7b5a64/elements - {"using":"xpath","value":"//button[@data-kt=\"provideButton\"]"}
RESULT: {"using":"xpath","value":"//button[@data-kt=\"provideButton\"]"}
COMMAND: POST /session/ffd02ccbd2ef7f94e44a9324fe7b5a64/elements - {"using":"xpath","value":"//button[@data-kt=\"provideButton\"]"}
RESULT: {"using":"xpath","value":"//button[@data-kt=\"provideButton\"]"}
COMMAND: POST /session/ffd02ccbd2ef7f94e44a9324fe7b5a64/elements - {"using":"xpath","value":"//button[@data-kt=\"provideButton\"]"}
RESULT: {"using":"xpath","value":"//button[@data-kt=\"provideButton\"]"}
COMMAND: POST /session/ffd02ccbd2ef7f94e44a9324fe7b5a64/elements - {"using":"xpath","value":"//button[@data-kt=\"provideButton\"]"}
RESULT: {"using":"xpath","value":"//button[@data-kt=\"provideButton\"]"}
COMMAND: POST /session/ffd02ccbd2ef7f94e44a9324fe7b5a64/elements - {"using":"xpath","value":"//button[@data-kt=\"provideButton\"]"}
RESULT: {"using":"xpath","value":"//button[@data-kt=\"provideButton\"]"}
COMMAND: POST /session/ffd02ccbd2ef7f94e44a9324fe7b5a64/elements - {"using":"xpath","value":"//button[@data-kt=\"provideButton\"]"}
RESULT: {"using":"xpath","value":"//button[@data-kt=\"provideButton\"]"}
COMMAND: POST /session/ffd02ccbd2ef7f94e44a9324fe7b5a64/elements - {"using":"xpath","value":"//button[@data-kt=\"provideButton\"]"}
RESULT: {"using":"xpath","value":"//button[@data-kt=\"provideButton\"]"}
COMMAND: POST /session/ffd02ccbd2ef7f94e44a9324fe7b5a64/elements - {"using":"xpath","value":"//button[@data-kt=\"provideButton\"]"}
RESULT: {"using":"xpath","value":"//button[@data-kt=\"provideButton\"]"}
COMMAND: POST /session/ffd02ccbd2ef7f94e44a9324fe7b5a64/elements - {"using":"xpath","value":"//button[@data-kt=\"provideButton\"]"}
RESULT: {"using":"xpath","value":"//button[@data-kt=\"provideButton\"]"}
COMMAND: POST /session/ffd02ccbd2ef7f94e44a9324fe7b5a64/elements - {"using":"xpath","value":"//button[@data-kt=\"provideButton\"]"}
RESULT: {"using":"xpath","value":"//button[@data-kt=\"provideButton\"]"}
COMMAND: POST /session/ffd02ccbd2ef7f94e44a9324fe7b5a64/elements - {"using":"xpath","value":"//button[@data-kt=\"provideButton\"]"}
RESULT: {"using":"xpath","value":"//button[@data-kt=\"provideButton\"]"}
COMMAND: POST /session/ffd02ccbd2ef7f94e44a9324fe7b5a64/elements - {"using":"xpath","value":"//button[@data-kt=\"provideButton\"]"}
RESULT: {"using":"xpath","value":"//button[@data-kt=\"provideButton\"]"}
COMMAND: POST /session/ffd02ccbd2ef7f94e44a9324fe7b5a64/elements - {"using":"xpath","value":"//button[@data-kt=\"provideButton\"]"}
RESULT: {"using":"xpath","value":"//button[@data-kt=\"provideButton\"]"}
COMMAND: POST /session/ffd02ccbd2ef7f94e44a9324fe7b5a64/elements - {"using":"xpath","value":"//button[@data-kt=\"provideButton\"]"}
RESULT: {"using":"xpath","value":"//button[@data-kt=\"provideButton\"]"}
COMMAND: POST /session/ffd02ccbd2ef7f94e44a9324fe7b5a64/elements - {"using":"xpath","value":"//button[@data-kt=\"provideButton\"]"}
RESULT: {"using":"xpath","value":"//button[@data-kt=\"provideButton\"]"}
COMMAND: POST /session/ffd02ccbd2ef7f94e44a9324fe7b5a64/elements - {"using":"xpath","value":"//button[@data-kt=\"provideButton\"]"}
RESULT: {"using":"xpath","value":"//button[@data-kt=\"provideButton\"]"}
COMMAND: POST /session/ffd02ccbd2ef7f94e44a9324fe7b5a64/elements - {"using":"xpath","value":"//button[@data-kt=\"provideButton\"]"}
RESULT: {"using":"xpath","value":"//button[@data-kt=\"provideButton\"]"}
COMMAND: POST /session/ffd02ccbd2ef7f94e44a9324fe7b5a64/elements - {"using":"xpath","value":"//button[@data-kt=\"provideButton\"]"}
RESULT: {"using":"xpath","value":"//button[@data-kt=\"provideButton\"]"}
COMMAND: POST /session/ffd02ccbd2ef7f94e44a9324fe7b5a64/elements - {"using":"xpath","value":"//button[@data-kt=\"provideButton\"]"}
RESULT: {"using":"xpath","value":"//button[@data-kt=\"provideButton\"]"}
COMMAND: POST /session/ffd02ccbd2ef7f94e44a9324fe7b5a64/elements - {"using":"xpath","value":"//button[@data-kt=\"provideButton\"]"}
RESULT: {"using":"xpath","value":"//button[@data-kt=\"provideButton\"]"}
COMMAND: POST /session/ffd02ccbd2ef7f94e44a9324fe7b5a64/elements - {"using":"xpath","value":"//button[@data-kt=\"provideButton\"]"}
RESULT: {"using":"xpath","value":"//button[@data-kt=\"provideButton\"]"}
COMMAND: POST /session/ffd02ccbd2ef7f94e44a9324fe7b5a64/elements - {"using":"xpath","value":"//button[@data-kt=\"provideButton\"]"}
RESULT: {"using":"xpath","value":"//button[@data-kt=\"provideButton\"]"}
COMMAND: POST /session/ffd02ccbd2ef7f94e44a9324fe7b5a64/elements - {"using":"xpath","value":"//button[@data-kt=\"provideButton\"]"}
RESULT: {"using":"xpath","value":"//button[@data-kt=\"provideButton\"]"}
COMMAND: POST /session/ffd02ccbd2ef7f94e44a9324fe7b5a64/elements - {"using":"xpath","value":"//button[@data-kt=\"provideButton\"]"}
RESULT: {"using":"xpath","value":"//button[@data-kt=\"provideButton\"]"}
COMMAND: POST /session/ffd02ccbd2ef7f94e44a9324fe7b5a64/elements - {"using":"xpath","value":"//button[@data-kt=\"provideButton\"]"}
RESULT: {"using":"xpath","value":"//button[@data-kt=\"provideButton\"]"}
COMMAND: POST /session/ffd02ccbd2ef7f94e44a9324fe7b5a64/elements - {"using":"xpath","value":"//button[@data-kt=\"provideButton\"]"}
RESULT: {"using":"xpath","value":"//button[@data-kt=\"provideButton\"]"}
COMMAND: POST /session/ffd02ccbd2ef7f94e44a9324fe7b5a64/elements - {"using":"xpath","value":"//button[@data-kt=\"provideButton\"]"}
RESULT: {"using":"xpath","value":"//button[@data-kt=\"provideButton\"]"}
COMMAND: POST /session/ffd02ccbd2ef7f94e44a9324fe7b5a64/elements - {"using":"xpath","value":"//button[@data-kt=\"provideButton\"]"}
RESULT: {"using":"xpath","value":"//button[@data-kt=\"provideButton\"]"}
COMMAND: POST /session/ffd02ccbd2ef7f94e44a9324fe7b5a64/elements - {"using":"xpath","value":"//button[@data-kt=\"provideButton\"]"}
RESULT: {"using":"xpath","value":"//button[@data-kt=\"provideButton\"]"}
COMMAND: POST /session/ffd02ccbd2ef7f94e44a9324fe7b5a64/elements - {"using":"xpath","value":"//button[@data-kt=\"provideButton\"]"}
RESULT: {"using":"xpath","value":"//button[@data-kt=\"provideButton\"]"}
COMMAND: POST /session/ffd02ccbd2ef7f94e44a9324fe7b5a64/elements - {"using":"xpath","value":"//button[@data-kt=\"provideButton\"]"}
RESULT: {"using":"xpath","value":"//button[@data-kt=\"provideButton\"]"}
COMMAND: POST /session/ffd02ccbd2ef7f94e44a9324fe7b5a64/elements - {"using":"xpath","value":"//button[@data-kt=\"provideButton\"]"}
RESULT: {"using":"xpath","value":"//button[@data-kt=\"provideButton\"]"}
COMMAND: POST /session/ffd02ccbd2ef7f94e44a9324fe7b5a64/elements - {"using":"xpath","value":"//button[@data-kt=\"provideButton\"]"}
RESULT: {"using":"xpath","value":"//button[@data-kt=\"provideButton\"]"}
COMMAND: POST /session/ffd02ccbd2ef7f94e44a9324fe7b5a64/elements - {"using":"xpath","value":"//button[@data-kt=\"provideButton\"]"}
RESULT: {"using":"xpath","value":"//button[@data-kt=\"provideButton\"]"}
COMMAND: POST /session/ffd02ccbd2ef7f94e44a9324fe7b5a64/elements - {"using":"xpath","value":"//button[@data-kt=\"provideButton\"]"}
RESULT: {"using":"xpath","value":"//button[@data-kt=\"provideButton\"]"}
COMMAND: POST /session/ffd02ccbd2ef7f94e44a9324fe7b5a64/elements - {"using":"xpath","value":"//button[@data-kt=\"provideButton\"]"}
RESULT: {"using":"xpath","value":"//button[@data-kt=\"provideButton\"]"}
COMMAND: POST /session/ffd02ccbd2ef7f94e44a9324fe7b5a64/elements - {"using":"xpath","value":"//button[@data-kt=\"provideButton\"]"}
RESULT: {"using":"xpath","value":"//button[@data-kt=\"provideButton\"]"}
COMMAND: POST /session/ffd02ccbd2ef7f94e44a9324fe7b5a64/elements - {"using":"xpath","value":"//button[@data-kt=\"provideButton\"]"}
RESULT: {"using":"xpath","value":"//button[@data-kt=\"provideButton\"]"}
COMMAND: POST /session/ffd02ccbd2ef7f94e44a9324fe7b5a64/elements - {"using":"xpath","value":"//button[@data-kt=\"provideButton\"]"}
RESULT: {"using":"xpath","value":"//button[@data-kt=\"provideButton\"]"}
COMMAND: POST /session/ffd02ccbd2ef7f94e44a9324fe7b5a64/elements - {"using":"xpath","value":"//button[@data-kt=\"provideButton\"]"}
RESULT: {"using":"xpath","value":"//button[@data-kt=\"provideButton\"]"}
COMMAND: POST /session/ffd02ccbd2ef7f94e44a9324fe7b5a64/elements - {"using":"xpath","value":"//button[@data-kt=\"provideButton\"]"}
RESULT: {"using":"xpath","value":"//button[@data-kt=\"provideButton\"]"}
COMMAND: POST /session/ffd02ccbd2ef7f94e44a9324fe7b5a64/elements - {"using":"xpath","value":"//button[@data-kt=\"provideButton\"]"}
RESULT: {"using":"xpath","value":"//button[@data-kt=\"provideButton\"]"}
COMMAND: POST /session/ffd02ccbd2ef7f94e44a9324fe7b5a64/elements - {"using":"xpath","value":"//button[@data-kt=\"provideButton\"]"}
RESULT: {"using":"xpath","value":"//button[@data-kt=\"provideButton\"]"}
COMMAND: POST /session/ffd02ccbd2ef7f94e44a9324fe7b5a64/elements - {"using":"xpath","value":"//button[@data-kt=\"provideButton\"]"}
RESULT: {"using":"xpath","value":"//button[@data-kt=\"provideButton\"]"}
COMMAND: POST /session/ffd02ccbd2ef7f94e44a9324fe7b5a64/elements - {"using":"xpath","value":"//button[@data-kt=\"provideButton\"]"}
RESULT: {"using":"xpath","value":"//button[@data-kt=\"provideButton\"]"}
COMMAND: POST /session/ffd02ccbd2ef7f94e44a9324fe7b5a64/elements - {"using":"xpath","value":"//button[@data-kt=\"provideButton\"]"}
RESULT: {"using":"xpath","value":"//button[@data-kt=\"provideButton\"]"}
COMMAND: POST /session/ffd02ccbd2ef7f94e44a9324fe7b5a64/elements - {"using":"xpath","value":"//button[@data-kt=\"provideButton\"]"}
RESULT: {"using":"xpath","value":"//button[@data-kt=\"provideButton\"]"}
COMMAND: POST /session/ffd02ccbd2ef7f94e44a9324fe7b5a64/elements - {"using":"xpath","value":"//button[@data-kt=\"provideButton\"]"}
RESULT: {"using":"xpath","value":"//button[@data-kt=\"provideButton\"]"}
COMMAND: POST /session/ffd02ccbd2ef7f94e44a9324fe7b5a64/elements - {"using":"xpath","value":"//button[@data-kt=\"provideButton\"]"}
RESULT: {"using":"xpath","value":"//button[@data-kt=\"provideButton\"]"}
COMMAND: POST /session/ffd02ccbd2ef7f94e44a9324fe7b5a64/elements - {"using":"xpath","value":"//button[@data-kt=\"provideButton\"]"}
RESULT: {"using":"xpath","value":"//button[@data-kt=\"provideButton\"]"}
COMMAND: POST /session/ffd02ccbd2ef7f94e44a9324fe7b5a64/elements - {"using":"xpath","value":"//button[@data-kt=\"provideButton\"]"}
RESULT: {"using":"xpath","value":"//button[@data-kt=\"provideButton\"]"}
COMMAND: POST /session/ffd02ccbd2ef7f94e44a9324fe7b5a64/elements - {"using":"xpath","value":"//button[@data-kt=\"provideButton\"]"}
RESULT: {"using":"xpath","value":"//button[@data-kt=\"provideButton\"]"}
COMMAND: POST /session/ffd02ccbd2ef7f94e44a9324fe7b5a64/elements - {"using":"xpath","value":"//button[@data-kt=\"provideButton\"]"}
RESULT: {"using":"xpath","value":"//button[@data-kt=\"provideButton\"]"}
COMMAND: POST /session/ffd02ccbd2ef7f94e44a9324fe7b5a64/elements - {"using":"xpath","value":"//button[@data-kt=\"provideButton\"]"}
RESULT: {"using":"xpath","value":"//button[@data-kt=\"provideButton\"]"}
COMMAND: POST /session/ffd02ccbd2ef7f94e44a9324fe7b5a64/elements - {"using":"xpath","value":"//button[@data-kt=\"provideButton\"]"}
RESULT: {"using":"xpath","value":"//button[@data-kt=\"provideButton\"]"}
COMMAND: POST /session/ffd02ccbd2ef7f94e44a9324fe7b5a64/elements - {"using":"xpath","value":"//button[@data-kt=\"provideButton\"]"}
RESULT: {"using":"xpath","value":"//button[@data-kt=\"provideButton\"]"}
COMMAND: POST /session/ffd02ccbd2ef7f94e44a9324fe7b5a64/elements - {"using":"xpath","value":"//button[@data-kt=\"provideButton\"]"}
RESULT: {"using":"xpath","value":"//button[@data-kt=\"provideButton\"]"}
COMMAND: POST /session/ffd02ccbd2ef7f94e44a9324fe7b5a64/elements - {"using":"xpath","value":"//button[@data-kt=\"provideButton\"]"}
RESULT: {"using":"xpath","value":"//button[@data-kt=\"provideButton\"]"}
COMMAND: POST /session/ffd02ccbd2ef7f94e44a9324fe7b5a64/elements - {"using":"xpath","value":"//button[@data-kt=\"provideButton\"]"}
RESULT: {"using":"xpath","value":"//button[@data-kt=\"provideButton\"]"}
COMMAND: POST /session/ffd02ccbd2ef7f94e44a9324fe7b5a64/elements - {"using":"xpath","value":"//button[@data-kt=\"provideButton\"]"}
RESULT: {"using":"xpath","value":"//button[@data-kt=\"provideButton\"]"}
COMMAND: POST /session/ffd02ccbd2ef7f94e44a9324fe7b5a64/elements - {"using":"xpath","value":"//button[@data-kt=\"provideButton\"]"}
RESULT: {"using":"xpath","value":"//button[@data-kt=\"provideButton\"]"}
COMMAND: POST /session/ffd02ccbd2ef7f94e44a9324fe7b5a64/elements - {"using":"xpath","value":"//button[@data-kt=\"provideButton\"]"}
RESULT: {"using":"xpath","value":"//button[@data-kt=\"provideButton\"]"}
COMMAND: POST /session/ffd02ccbd2ef7f94e44a9324fe7b5a64/elements - {"using":"xpath","value":"//button[@data-kt=\"provideButton\"]"}
RESULT: {"using":"xpath","value":"//button[@data-kt=\"provideButton\"]"}
COMMAND: POST /session/ffd02ccbd2ef7f94e44a9324fe7b5a64/elements - {"using":"xpath","value":"//button[@data-kt=\"provideButton\"]"}
RESULT: {"using":"xpath","value":"//button[@data-kt=\"provideButton\"]"}
COMMAND: POST /session/ffd02ccbd2ef7f94e44a9324fe7b5a64/elements - {"using":"xpath","value":"//button[@data-kt=\"provideButton\"]"}
RESULT: {"using":"xpath","value":"//button[@data-kt=\"provideButton\"]"}
COMMAND: POST /session/ffd02ccbd2ef7f94e44a9324fe7b5a64/elements - {"using":"xpath","value":"//button[@data-kt=\"provideButton\"]"}
RESULT: {"using":"xpath","value":"//button[@data-kt=\"provideButton\"]"}
COMMAND: POST /session/ffd02ccbd2ef7f94e44a9324fe7b5a64/elements - {"using":"xpath","value":"//button[@data-kt=\"provideButton\"]"}
RESULT: {"using":"xpath","value":"//button[@data-kt=\"provideButton\"]"}
COMMAND: POST /session/ffd02ccbd2ef7f94e44a9324fe7b5a64/elements - {"using":"xpath","value":"//button[@data-kt=\"provideButton\"]"}
RESULT: {"using":"xpath","value":"//button[@data-kt=\"provideButton\"]"}
COMMAND: POST /session/ffd02ccbd2ef7f94e44a9324fe7b5a64/elements - {"using":"xpath","value":"//button[@data-kt=\"provideButton\"]"}
RESULT: {"using":"xpath","value":"//button[@data-kt=\"provideButton\"]"}
COMMAND: POST /session/ffd02ccbd2ef7f94e44a9324fe7b5a64/elements - {"using":"xpath","value":"//button[@data-kt=\"provideButton\"]"}
RESULT: {"using":"xpath","value":"//button[@data-kt=\"provideButton\"]"}
COMMAND: POST /session/ffd02ccbd2ef7f94e44a9324fe7b5a64/elements - {"using":"xpath","value":"//button[@data-kt=\"provideButton\"]"}
RESULT: {"using":"xpath","value":"//button[@data-kt=\"provideButton\"]"}
COMMAND: POST /session/ffd02ccbd2ef7f94e44a9324fe7b5a64/elements - {"using":"xpath","value":"//button[@data-kt=\"provideButton\"]"}
RESULT: {"using":"xpath","value":"//button[@data-kt=\"provideButton\"]"}
COMMAND: POST /session/ffd02ccbd2ef7f94e44a9324fe7b5a64/elements - {"using":"xpath","value":"//button[@data-kt=\"provideButton\"]"}
RESULT: {"using":"xpath","value":"//button[@data-kt=\"provideButton\"]"}
COMMAND: POST /session/ffd02ccbd2ef7f94e44a9324fe7b5a64/elements - {"using":"xpath","value":"//button[@data-kt=\"provideButton\"]"}
RESULT: {"using":"xpath","value":"//button[@data-kt=\"provideButton\"]"}
COMMAND: POST /session/ffd02ccbd2ef7f94e44a9324fe7b5a64/elements - {"using":"xpath","value":"//button[@data-kt=\"provideButton\"]"}
RESULT: {"using":"xpath","value":"//button[@data-kt=\"provideButton\"]"}
COMMAND: POST /session/ffd02ccbd2ef7f94e44a9324fe7b5a64/elements - {"using":"xpath","value":"//button[@data-kt=\"provideButton\"]"}
RESULT: {"using":"xpath","value":"//button[@data-kt=\"provideButton\"]"}
COMMAND: POST /session/ffd02ccbd2ef7f94e44a9324fe7b5a64/elements - {"using":"xpath","value":"//button[@data-kt=\"provideButton\"]"}
RESULT: {"using":"xpath","value":"//button[@data-kt=\"provideButton\"]"}
COMMAND: POST /session/ffd02ccbd2ef7f94e44a9324fe7b5a64/elements - {"using":"xpath","value":"//button[@data-kt=\"provideButton\"]"}
RESULT: {"using":"xpath","value":"//button[@data-kt=\"provideButton\"]"}
COMMAND: POST /session/ffd02ccbd2ef7f94e44a9324fe7b5a64/elements - {"using":"xpath","value":"//button[@data-kt=\"provideButton\"]"}
RESULT: {"using":"xpath","value":"//button[@data-kt=\"provideButton\"]"}
COMMAND: POST /session/ffd02ccbd2ef7f94e44a9324fe7b5a64/elements - {"using":"xpath","value":"//button[@data-kt=\"provideButton\"]"}
RESULT: {"using":"xpath","value":"//button[@data-kt=\"provideButton\"]"}
COMMAND: POST /session/ffd02ccbd2ef7f94e44a9324fe7b5a64/elements - {"using":"xpath","value":"//button[@data-kt=\"provideButton\"]"}
RESULT: {"using":"xpath","value":"//button[@data-kt=\"provideButton\"]"}
COMMAND: POST /session/ffd02ccbd2ef7f94e44a9324fe7b5a64/elements - {"using":"xpath","value":"//button[@data-kt=\"provideButton\"]"}
RESULT: {"using":"xpath","value":"//button[@data-kt=\"provideButton\"]"}
COMMAND: POST /session/ffd02ccbd2ef7f94e44a9324fe7b5a64/elements - {"using":"xpath","value":"//button[@data-kt=\"provideButton\"]"}
RESULT: {"using":"xpath","value":"//button[@data-kt=\"provideButton\"]"}
COMMAND: POST /session/ffd02ccbd2ef7f94e44a9324fe7b5a64/elements - {"using":"xpath","value":"//button[@data-kt=\"provideButton\"]"}
RESULT: {"using":"xpath","value":"//button[@data-kt=\"provideButton\"]"}
COMMAND: POST /session/ffd02ccbd2ef7f94e44a9324fe7b5a64/elements - {"using":"xpath","value":"//button[@data-kt=\"provideButton\"]"}
RESULT: {"using":"xpath","value":"//button[@data-kt=\"provideButton\"]"}
COMMAND: POST /session/ffd02ccbd2ef7f94e44a9324fe7b5a64/elements - {"using":"xpath","value":"//button[@data-kt=\"provideButton\"]"}
RESULT: {"using":"xpath","value":"//button[@data-kt=\"provideButton\"]"}
COMMAND: POST /session/ffd02ccbd2ef7f94e44a9324fe7b5a64/elements - {"using":"xpath","value":"//button[@data-kt=\"provideButton\"]"}
RESULT: {"using":"xpath","value":"//button[@data-kt=\"provideButton\"]"}
COMMAND: POST /session/ffd02ccbd2ef7f94e44a9324fe7b5a64/elements - {"using":"xpath","value":"//button[@data-kt=\"provideButton\"]"}
RESULT: {"using":"xpath","value":"//button[@data-kt=\"provideButton\"]"}
COMMAND: POST /session/ffd02ccbd2ef7f94e44a9324fe7b5a64/elements - {"using":"xpath","value":"//button[@data-kt=\"provideButton\"]"}
RESULT: {"using":"xpath","value":"//button[@data-kt=\"provideButton\"]"}
COMMAND: POST /session/ffd02ccbd2ef7f94e44a9324fe7b5a64/elements - {"using":"xpath","value":"//button[@data-kt=\"provideButton\"]"}
RESULT: {"using":"xpath","value":"//button[@data-kt=\"provideButton\"]"}
COMMAND: POST /session/ffd02ccbd2ef7f94e44a9324fe7b5a64/elements - {"using":"xpath","value":"//button[@data-kt=\"provideButton\"]"}
RESULT: {"using":"xpath","value":"//button[@data-kt=\"provideButton\"]"}
COMMAND: POST /session/ffd02ccbd2ef7f94e44a9324fe7b5a64/elements - {"using":"xpath","value":"//button[@data-kt=\"provideButton\"]"}
RESULT: {"using":"xpath","value":"//button[@data-kt=\"provideButton\"]"}
COMMAND: POST /session/ffd02ccbd2ef7f94e44a9324fe7b5a64/elements - {"using":"xpath","value":"//button[@data-kt=\"provideButton\"]"}
RESULT: {"using":"xpath","value":"//button[@data-kt=\"provideButton\"]"}
COMMAND: POST /session/ffd02ccbd2ef7f94e44a9324fe7b5a64/elements - {"using":"xpath","value":"//button[@data-kt=\"provideButton\"]"}
RESULT: {"using":"xpath","value":"//button[@data-kt=\"provideButton\"]"}
COMMAND: POST /session/ffd02ccbd2ef7f94e44a9324fe7b5a64/elements - {"using":"xpath","value":"//button[@data-kt=\"provideButton\"]"}
RESULT: {"using":"xpath","value":"//button[@data-kt=\"provideButton\"]"}
COMMAND: POST /session/ffd02ccbd2ef7f94e44a9324fe7b5a64/elements - {"using":"xpath","value":"//button[@data-kt=\"provideButton\"]"}
RESULT: {"using":"xpath","value":"//button[@data-kt=\"provideButton\"]"}
COMMAND: POST /session/ffd02ccbd2ef7f94e44a9324fe7b5a64/elements - {"using":"xpath","value":"//button[@data-kt=\"provideButton\"]"}
RESULT: {"using":"xpath","value":"//button[@data-kt=\"provideButton\"]"}
COMMAND: POST /session/ffd02ccbd2ef7f94e44a9324fe7b5a64/elements - {"using":"xpath","value":"//button[@data-kt=\"provideButton\"]"}
RESULT: {"using":"xpath","value":"//button[@data-kt=\"provideButton\"]"}
COMMAND: POST /session/ffd02ccbd2ef7f94e44a9324fe7b5a64/elements - {"using":"xpath","value":"//button[@data-kt=\"provideButton\"]"}
RESULT: {"using":"xpath","value":"//button[@data-kt=\"provideButton\"]"}
COMMAND: POST /session/ffd02ccbd2ef7f94e44a9324fe7b5a64/elements - {"using":"xpath","value":"//button[@data-kt=\"provideButton\"]"}
RESULT: {"using":"xpath","value":"//button[@data-kt=\"provideButton\"]"}
COMMAND: POST /session/ffd02ccbd2ef7f94e44a9324fe7b5a64/elements - {"using":"xpath","value":"//button[@data-kt=\"provideButton\"]"}
RESULT: {"using":"xpath","value":"//button[@data-kt=\"provideButton\"]"}
COMMAND: POST /session/ffd02ccbd2ef7f94e44a9324fe7b5a64/elements - {"using":"xpath","value":"//button[@data-kt=\"provideButton\"]"}
RESULT: {"using":"xpath","value":"//button[@data-kt=\"provideButton\"]"}
COMMAND: POST /session/ffd02ccbd2ef7f94e44a9324fe7b5a64/elements - {"using":"xpath","value":"//button[@data-kt=\"provideButton\"]"}
RESULT: {"using":"xpath","value":"//button[@data-kt=\"provideButton\"]"}
COMMAND: GET /session/ffd02ccbd2ef7f94e44a9324fe7b5a64/screenshot - {}
RESULT: {}
]]></system-out>
      <system-err><![CDATA[
Error: Can't call click on element with selector "//button[@data-kt="provideButton"]" because element wasn't found
    at async UtilsPrerequisites.provideToSiteHandoverFromContractDetails (D:\a\1\s\test\specs\BTS\prerequisites-and-utils-functions.js:1919:9)
    at async Context.<anonymous> (D:\a\1\s\test\specs\BTS\billing-transfer-intercompany.spec.js:69:9)
]]></system-err>
    </testcase>
    <testcase classname="chrome.136_0_7103_93.windows.Billing_Transfer_-_Master_data_&amp;_Intercompany_US127250" name="Should go navigate to Manage Billings and trigger contract calculation check result" time="85.697">
      <failure/>
      <error message="Can't call click on element with selector &quot;//bdi[contains(text(), &quot;Trigger Calculation&quot;)]&quot; because element wasn't found"/>
      <system-out><![CDATA[
COMMAND: POST /session/ffd02ccbd2ef7f94e44a9324fe7b5a64/execute/async - {"script":"<script> [1562 bytes]","args":[{"selector":{"controlType":"sap.m.GenericTile","properties":{"header":"Manage Billings"}},"wdio_ui5_key":"sapm.GenericTile{\"header\":\"Manage Billings\"}"}]}
COMMAND: GET /session/ffd02ccbd2ef7f94e44a9324fe7b5a64/screenshot - {}
RESULT: {"script":"<script> [1562 bytes]","args":[{"selector":{"controlType":"sap.m.GenericTile","properties":{"header":"Manage Billings"}},"wdio_ui5_key":"sapm.GenericTile{\"header\":\"Manage Billings\"}"}]}
RESULT: undefined
RESULT: {}
COMMAND: POST /session/ffd02ccbd2ef7f94e44a9324fe7b5a64/elements - {"using":"xpath","value":"//span[text()='Error']"}
RESULT: {"using":"xpath","value":"//span[text()='Error']"}
COMMAND: POST /session/ffd02ccbd2ef7f94e44a9324fe7b5a64/execute/async - {"script":"<script> [1562 bytes]","args":[{"selector":{"id":"application-managebillings-display-component---billRunCalcResult--smartFilterBar-btnBasicSearch","interaction":{"idSuffix":"I"}},"wdio_ui5_key":"applicationmanagebillings-display-component---billRunCalcResult--smartFilterBar-btnBasicSearch"}]}
RESULT: {"script":"<script> [1562 bytes]","args":[{"selector":{"id":"application-managebillings-display-component---billRunCalcResult--smartFilterBar-btnBasicSearch","interaction":{"idSuffix":"I"}},"wdio_ui5_key":"applicationmanagebillings-display-component---billRunCalcResult--smartFilterBar-btnBasicSearch"}]}
RESULT: undefined
COMMAND: POST /session/ffd02ccbd2ef7f94e44a9324fe7b5a64/actions - {"actions":[{"id":"action19","type":"key","parameters":{},"actions":[{"type":"keyDown","value":""},{"type":"pause","duration":10},{"type":"keyUp","value":""}]}]}
RESULT: {"actions":[{"id":"action19","type":"key","parameters":{},"actions":[{"type":"keyDown","value":""},{"type":"pause","duration":10},{"type":"keyUp","value":""}]}]}
COMMAND: GET /session/ffd02ccbd2ef7f94e44a9324fe7b5a64/screenshot - {}
RESULT: {}
COMMAND: POST /session/ffd02ccbd2ef7f94e44a9324fe7b5a64/element - {"using":"xpath","value":"//td[@aria-colindex=\"1\"]/div/div[contains(@class, \"sapMCbBg\")]"}
RESULT: {"using":"xpath","value":"//td[@aria-colindex=\"1\"]/div/div[contains(@class, \"sapMCbBg\")]"}
COMMAND: POST /session/ffd02ccbd2ef7f94e44a9324fe7b5a64/element/f.96D49A20C494BCF8563860382D93E39E.d.495F050F6F76914661D0366D586D56DA.e.6453/click - {}
RESULT: {}
COMMAND: GET /session/ffd02ccbd2ef7f94e44a9324fe7b5a64/screenshot - {}
RESULT: {}
COMMAND: POST /session/ffd02ccbd2ef7f94e44a9324fe7b5a64/execute/async - {"script":"<script> [1562 bytes]","args":[{"selector":{"id":"application-managebillings-display-component---billRunCalcResult--contractBillRunDate","interaction":{"idSuffix":"inner"}},"wdio_ui5_key":"applicationmanagebillings-display-component---billRunCalcResult--contractBillRunDate"}]}
RESULT: {"script":"<script> [1562 bytes]","args":[{"selector":{"id":"application-managebillings-display-component---billRunCalcResult--contractBillRunDate","interaction":{"idSuffix":"inner"}},"wdio_ui5_key":"applicationmanagebillings-display-component---billRunCalcResult--contractBillRunDate"}]}
RESULT: undefined
COMMAND: POST /session/ffd02ccbd2ef7f94e44a9324fe7b5a64/element - {"using":"xpath","value":"//bdi[contains(text(), \"Trigger Calculation\")]"}
RESULT: {"using":"xpath","value":"//bdi[contains(text(), \"Trigger Calculation\")]"}
COMMAND: POST /session/ffd02ccbd2ef7f94e44a9324fe7b5a64/elements - {"using":"xpath","value":"//bdi[contains(text(), \"Trigger Calculation\")]"}
RESULT: {"using":"xpath","value":"//bdi[contains(text(), \"Trigger Calculation\")]"}
COMMAND: POST /session/ffd02ccbd2ef7f94e44a9324fe7b5a64/elements - {"using":"xpath","value":"//bdi[contains(text(), \"Trigger Calculation\")]"}
RESULT: {"using":"xpath","value":"//bdi[contains(text(), \"Trigger Calculation\")]"}
COMMAND: POST /session/ffd02ccbd2ef7f94e44a9324fe7b5a64/elements - {"using":"xpath","value":"//bdi[contains(text(), \"Trigger Calculation\")]"}
RESULT: {"using":"xpath","value":"//bdi[contains(text(), \"Trigger Calculation\")]"}
COMMAND: POST /session/ffd02ccbd2ef7f94e44a9324fe7b5a64/elements - {"using":"xpath","value":"//bdi[contains(text(), \"Trigger Calculation\")]"}
RESULT: {"using":"xpath","value":"//bdi[contains(text(), \"Trigger Calculation\")]"}
COMMAND: POST /session/ffd02ccbd2ef7f94e44a9324fe7b5a64/elements - {"using":"xpath","value":"//bdi[contains(text(), \"Trigger Calculation\")]"}
RESULT: {"using":"xpath","value":"//bdi[contains(text(), \"Trigger Calculation\")]"}
COMMAND: POST /session/ffd02ccbd2ef7f94e44a9324fe7b5a64/elements - {"using":"xpath","value":"//bdi[contains(text(), \"Trigger Calculation\")]"}
RESULT: {"using":"xpath","value":"//bdi[contains(text(), \"Trigger Calculation\")]"}
COMMAND: POST /session/ffd02ccbd2ef7f94e44a9324fe7b5a64/elements - {"using":"xpath","value":"//bdi[contains(text(), \"Trigger Calculation\")]"}
RESULT: {"using":"xpath","value":"//bdi[contains(text(), \"Trigger Calculation\")]"}
COMMAND: POST /session/ffd02ccbd2ef7f94e44a9324fe7b5a64/elements - {"using":"xpath","value":"//bdi[contains(text(), \"Trigger Calculation\")]"}
RESULT: {"using":"xpath","value":"//bdi[contains(text(), \"Trigger Calculation\")]"}
COMMAND: POST /session/ffd02ccbd2ef7f94e44a9324fe7b5a64/elements - {"using":"xpath","value":"//bdi[contains(text(), \"Trigger Calculation\")]"}
RESULT: {"using":"xpath","value":"//bdi[contains(text(), \"Trigger Calculation\")]"}
COMMAND: POST /session/ffd02ccbd2ef7f94e44a9324fe7b5a64/elements - {"using":"xpath","value":"//bdi[contains(text(), \"Trigger Calculation\")]"}
RESULT: {"using":"xpath","value":"//bdi[contains(text(), \"Trigger Calculation\")]"}
COMMAND: POST /session/ffd02ccbd2ef7f94e44a9324fe7b5a64/elements - {"using":"xpath","value":"//bdi[contains(text(), \"Trigger Calculation\")]"}
RESULT: {"using":"xpath","value":"//bdi[contains(text(), \"Trigger Calculation\")]"}
COMMAND: POST /session/ffd02ccbd2ef7f94e44a9324fe7b5a64/elements - {"using":"xpath","value":"//bdi[contains(text(), \"Trigger Calculation\")]"}
RESULT: {"using":"xpath","value":"//bdi[contains(text(), \"Trigger Calculation\")]"}
COMMAND: POST /session/ffd02ccbd2ef7f94e44a9324fe7b5a64/elements - {"using":"xpath","value":"//bdi[contains(text(), \"Trigger Calculation\")]"}
RESULT: {"using":"xpath","value":"//bdi[contains(text(), \"Trigger Calculation\")]"}
COMMAND: POST /session/ffd02ccbd2ef7f94e44a9324fe7b5a64/elements - {"using":"xpath","value":"//bdi[contains(text(), \"Trigger Calculation\")]"}
RESULT: {"using":"xpath","value":"//bdi[contains(text(), \"Trigger Calculation\")]"}
COMMAND: POST /session/ffd02ccbd2ef7f94e44a9324fe7b5a64/elements - {"using":"xpath","value":"//bdi[contains(text(), \"Trigger Calculation\")]"}
RESULT: {"using":"xpath","value":"//bdi[contains(text(), \"Trigger Calculation\")]"}
COMMAND: POST /session/ffd02ccbd2ef7f94e44a9324fe7b5a64/elements - {"using":"xpath","value":"//bdi[contains(text(), \"Trigger Calculation\")]"}
RESULT: {"using":"xpath","value":"//bdi[contains(text(), \"Trigger Calculation\")]"}
COMMAND: POST /session/ffd02ccbd2ef7f94e44a9324fe7b5a64/elements - {"using":"xpath","value":"//bdi[contains(text(), \"Trigger Calculation\")]"}
RESULT: {"using":"xpath","value":"//bdi[contains(text(), \"Trigger Calculation\")]"}
COMMAND: POST /session/ffd02ccbd2ef7f94e44a9324fe7b5a64/elements - {"using":"xpath","value":"//bdi[contains(text(), \"Trigger Calculation\")]"}
RESULT: {"using":"xpath","value":"//bdi[contains(text(), \"Trigger Calculation\")]"}
COMMAND: POST /session/ffd02ccbd2ef7f94e44a9324fe7b5a64/elements - {"using":"xpath","value":"//bdi[contains(text(), \"Trigger Calculation\")]"}
RESULT: {"using":"xpath","value":"//bdi[contains(text(), \"Trigger Calculation\")]"}
COMMAND: POST /session/ffd02ccbd2ef7f94e44a9324fe7b5a64/elements - {"using":"xpath","value":"//bdi[contains(text(), \"Trigger Calculation\")]"}
RESULT: {"using":"xpath","value":"//bdi[contains(text(), \"Trigger Calculation\")]"}
COMMAND: POST /session/ffd02ccbd2ef7f94e44a9324fe7b5a64/elements - {"using":"xpath","value":"//bdi[contains(text(), \"Trigger Calculation\")]"}
RESULT: {"using":"xpath","value":"//bdi[contains(text(), \"Trigger Calculation\")]"}
COMMAND: POST /session/ffd02ccbd2ef7f94e44a9324fe7b5a64/elements - {"using":"xpath","value":"//bdi[contains(text(), \"Trigger Calculation\")]"}
RESULT: {"using":"xpath","value":"//bdi[contains(text(), \"Trigger Calculation\")]"}
COMMAND: POST /session/ffd02ccbd2ef7f94e44a9324fe7b5a64/elements - {"using":"xpath","value":"//bdi[contains(text(), \"Trigger Calculation\")]"}
RESULT: {"using":"xpath","value":"//bdi[contains(text(), \"Trigger Calculation\")]"}
COMMAND: POST /session/ffd02ccbd2ef7f94e44a9324fe7b5a64/elements - {"using":"xpath","value":"//bdi[contains(text(), \"Trigger Calculation\")]"}
RESULT: {"using":"xpath","value":"//bdi[contains(text(), \"Trigger Calculation\")]"}
COMMAND: POST /session/ffd02ccbd2ef7f94e44a9324fe7b5a64/elements - {"using":"xpath","value":"//bdi[contains(text(), \"Trigger Calculation\")]"}
RESULT: {"using":"xpath","value":"//bdi[contains(text(), \"Trigger Calculation\")]"}
COMMAND: POST /session/ffd02ccbd2ef7f94e44a9324fe7b5a64/elements - {"using":"xpath","value":"//bdi[contains(text(), \"Trigger Calculation\")]"}
RESULT: {"using":"xpath","value":"//bdi[contains(text(), \"Trigger Calculation\")]"}
COMMAND: POST /session/ffd02ccbd2ef7f94e44a9324fe7b5a64/elements - {"using":"xpath","value":"//bdi[contains(text(), \"Trigger Calculation\")]"}
RESULT: {"using":"xpath","value":"//bdi[contains(text(), \"Trigger Calculation\")]"}
COMMAND: POST /session/ffd02ccbd2ef7f94e44a9324fe7b5a64/elements - {"using":"xpath","value":"//bdi[contains(text(), \"Trigger Calculation\")]"}
RESULT: {"using":"xpath","value":"//bdi[contains(text(), \"Trigger Calculation\")]"}
COMMAND: POST /session/ffd02ccbd2ef7f94e44a9324fe7b5a64/elements - {"using":"xpath","value":"//bdi[contains(text(), \"Trigger Calculation\")]"}
RESULT: {"using":"xpath","value":"//bdi[contains(text(), \"Trigger Calculation\")]"}
COMMAND: POST /session/ffd02ccbd2ef7f94e44a9324fe7b5a64/elements - {"using":"xpath","value":"//bdi[contains(text(), \"Trigger Calculation\")]"}
RESULT: {"using":"xpath","value":"//bdi[contains(text(), \"Trigger Calculation\")]"}
COMMAND: POST /session/ffd02ccbd2ef7f94e44a9324fe7b5a64/elements - {"using":"xpath","value":"//bdi[contains(text(), \"Trigger Calculation\")]"}
RESULT: {"using":"xpath","value":"//bdi[contains(text(), \"Trigger Calculation\")]"}
COMMAND: POST /session/ffd02ccbd2ef7f94e44a9324fe7b5a64/elements - {"using":"xpath","value":"//bdi[contains(text(), \"Trigger Calculation\")]"}
RESULT: {"using":"xpath","value":"//bdi[contains(text(), \"Trigger Calculation\")]"}
COMMAND: POST /session/ffd02ccbd2ef7f94e44a9324fe7b5a64/elements - {"using":"xpath","value":"//bdi[contains(text(), \"Trigger Calculation\")]"}
RESULT: {"using":"xpath","value":"//bdi[contains(text(), \"Trigger Calculation\")]"}
COMMAND: POST /session/ffd02ccbd2ef7f94e44a9324fe7b5a64/elements - {"using":"xpath","value":"//bdi[contains(text(), \"Trigger Calculation\")]"}
RESULT: {"using":"xpath","value":"//bdi[contains(text(), \"Trigger Calculation\")]"}
COMMAND: POST /session/ffd02ccbd2ef7f94e44a9324fe7b5a64/elements - {"using":"xpath","value":"//bdi[contains(text(), \"Trigger Calculation\")]"}
RESULT: {"using":"xpath","value":"//bdi[contains(text(), \"Trigger Calculation\")]"}
COMMAND: POST /session/ffd02ccbd2ef7f94e44a9324fe7b5a64/elements - {"using":"xpath","value":"//bdi[contains(text(), \"Trigger Calculation\")]"}
RESULT: {"using":"xpath","value":"//bdi[contains(text(), \"Trigger Calculation\")]"}
COMMAND: POST /session/ffd02ccbd2ef7f94e44a9324fe7b5a64/elements - {"using":"xpath","value":"//bdi[contains(text(), \"Trigger Calculation\")]"}
RESULT: {"using":"xpath","value":"//bdi[contains(text(), \"Trigger Calculation\")]"}
COMMAND: POST /session/ffd02ccbd2ef7f94e44a9324fe7b5a64/elements - {"using":"xpath","value":"//bdi[contains(text(), \"Trigger Calculation\")]"}
RESULT: {"using":"xpath","value":"//bdi[contains(text(), \"Trigger Calculation\")]"}
COMMAND: POST /session/ffd02ccbd2ef7f94e44a9324fe7b5a64/elements - {"using":"xpath","value":"//bdi[contains(text(), \"Trigger Calculation\")]"}
RESULT: {"using":"xpath","value":"//bdi[contains(text(), \"Trigger Calculation\")]"}
COMMAND: POST /session/ffd02ccbd2ef7f94e44a9324fe7b5a64/elements - {"using":"xpath","value":"//bdi[contains(text(), \"Trigger Calculation\")]"}
RESULT: {"using":"xpath","value":"//bdi[contains(text(), \"Trigger Calculation\")]"}
COMMAND: POST /session/ffd02ccbd2ef7f94e44a9324fe7b5a64/elements - {"using":"xpath","value":"//bdi[contains(text(), \"Trigger Calculation\")]"}
RESULT: {"using":"xpath","value":"//bdi[contains(text(), \"Trigger Calculation\")]"}
COMMAND: POST /session/ffd02ccbd2ef7f94e44a9324fe7b5a64/elements - {"using":"xpath","value":"//bdi[contains(text(), \"Trigger Calculation\")]"}
RESULT: {"using":"xpath","value":"//bdi[contains(text(), \"Trigger Calculation\")]"}
COMMAND: POST /session/ffd02ccbd2ef7f94e44a9324fe7b5a64/elements - {"using":"xpath","value":"//bdi[contains(text(), \"Trigger Calculation\")]"}
RESULT: {"using":"xpath","value":"//bdi[contains(text(), \"Trigger Calculation\")]"}
COMMAND: POST /session/ffd02ccbd2ef7f94e44a9324fe7b5a64/elements - {"using":"xpath","value":"//bdi[contains(text(), \"Trigger Calculation\")]"}
RESULT: {"using":"xpath","value":"//bdi[contains(text(), \"Trigger Calculation\")]"}
COMMAND: POST /session/ffd02ccbd2ef7f94e44a9324fe7b5a64/elements - {"using":"xpath","value":"//bdi[contains(text(), \"Trigger Calculation\")]"}
RESULT: {"using":"xpath","value":"//bdi[contains(text(), \"Trigger Calculation\")]"}
COMMAND: POST /session/ffd02ccbd2ef7f94e44a9324fe7b5a64/elements - {"using":"xpath","value":"//bdi[contains(text(), \"Trigger Calculation\")]"}
RESULT: {"using":"xpath","value":"//bdi[contains(text(), \"Trigger Calculation\")]"}
COMMAND: POST /session/ffd02ccbd2ef7f94e44a9324fe7b5a64/elements - {"using":"xpath","value":"//bdi[contains(text(), \"Trigger Calculation\")]"}
RESULT: {"using":"xpath","value":"//bdi[contains(text(), \"Trigger Calculation\")]"}
COMMAND: POST /session/ffd02ccbd2ef7f94e44a9324fe7b5a64/elements - {"using":"xpath","value":"//bdi[contains(text(), \"Trigger Calculation\")]"}
RESULT: {"using":"xpath","value":"//bdi[contains(text(), \"Trigger Calculation\")]"}
COMMAND: POST /session/ffd02ccbd2ef7f94e44a9324fe7b5a64/elements - {"using":"xpath","value":"//bdi[contains(text(), \"Trigger Calculation\")]"}
RESULT: {"using":"xpath","value":"//bdi[contains(text(), \"Trigger Calculation\")]"}
COMMAND: POST /session/ffd02ccbd2ef7f94e44a9324fe7b5a64/elements - {"using":"xpath","value":"//bdi[contains(text(), \"Trigger Calculation\")]"}
RESULT: {"using":"xpath","value":"//bdi[contains(text(), \"Trigger Calculation\")]"}
COMMAND: POST /session/ffd02ccbd2ef7f94e44a9324fe7b5a64/elements - {"using":"xpath","value":"//bdi[contains(text(), \"Trigger Calculation\")]"}
RESULT: {"using":"xpath","value":"//bdi[contains(text(), \"Trigger Calculation\")]"}
COMMAND: POST /session/ffd02ccbd2ef7f94e44a9324fe7b5a64/elements - {"using":"xpath","value":"//bdi[contains(text(), \"Trigger Calculation\")]"}
RESULT: {"using":"xpath","value":"//bdi[contains(text(), \"Trigger Calculation\")]"}
COMMAND: POST /session/ffd02ccbd2ef7f94e44a9324fe7b5a64/elements - {"using":"xpath","value":"//bdi[contains(text(), \"Trigger Calculation\")]"}
RESULT: {"using":"xpath","value":"//bdi[contains(text(), \"Trigger Calculation\")]"}
COMMAND: POST /session/ffd02ccbd2ef7f94e44a9324fe7b5a64/elements - {"using":"xpath","value":"//bdi[contains(text(), \"Trigger Calculation\")]"}
RESULT: {"using":"xpath","value":"//bdi[contains(text(), \"Trigger Calculation\")]"}
COMMAND: POST /session/ffd02ccbd2ef7f94e44a9324fe7b5a64/elements - {"using":"xpath","value":"//bdi[contains(text(), \"Trigger Calculation\")]"}
RESULT: {"using":"xpath","value":"//bdi[contains(text(), \"Trigger Calculation\")]"}
COMMAND: POST /session/ffd02ccbd2ef7f94e44a9324fe7b5a64/elements - {"using":"xpath","value":"//bdi[contains(text(), \"Trigger Calculation\")]"}
RESULT: {"using":"xpath","value":"//bdi[contains(text(), \"Trigger Calculation\")]"}
COMMAND: POST /session/ffd02ccbd2ef7f94e44a9324fe7b5a64/elements - {"using":"xpath","value":"//bdi[contains(text(), \"Trigger Calculation\")]"}
RESULT: {"using":"xpath","value":"//bdi[contains(text(), \"Trigger Calculation\")]"}
COMMAND: POST /session/ffd02ccbd2ef7f94e44a9324fe7b5a64/elements - {"using":"xpath","value":"//bdi[contains(text(), \"Trigger Calculation\")]"}
RESULT: {"using":"xpath","value":"//bdi[contains(text(), \"Trigger Calculation\")]"}
COMMAND: POST /session/ffd02ccbd2ef7f94e44a9324fe7b5a64/elements - {"using":"xpath","value":"//bdi[contains(text(), \"Trigger Calculation\")]"}
RESULT: {"using":"xpath","value":"//bdi[contains(text(), \"Trigger Calculation\")]"}
COMMAND: POST /session/ffd02ccbd2ef7f94e44a9324fe7b5a64/elements - {"using":"xpath","value":"//bdi[contains(text(), \"Trigger Calculation\")]"}
RESULT: {"using":"xpath","value":"//bdi[contains(text(), \"Trigger Calculation\")]"}
COMMAND: POST /session/ffd02ccbd2ef7f94e44a9324fe7b5a64/elements - {"using":"xpath","value":"//bdi[contains(text(), \"Trigger Calculation\")]"}
RESULT: {"using":"xpath","value":"//bdi[contains(text(), \"Trigger Calculation\")]"}
COMMAND: POST /session/ffd02ccbd2ef7f94e44a9324fe7b5a64/elements - {"using":"xpath","value":"//bdi[contains(text(), \"Trigger Calculation\")]"}
RESULT: {"using":"xpath","value":"//bdi[contains(text(), \"Trigger Calculation\")]"}
COMMAND: POST /session/ffd02ccbd2ef7f94e44a9324fe7b5a64/elements - {"using":"xpath","value":"//bdi[contains(text(), \"Trigger Calculation\")]"}
RESULT: {"using":"xpath","value":"//bdi[contains(text(), \"Trigger Calculation\")]"}
COMMAND: POST /session/ffd02ccbd2ef7f94e44a9324fe7b5a64/elements - {"using":"xpath","value":"//bdi[contains(text(), \"Trigger Calculation\")]"}
RESULT: {"using":"xpath","value":"//bdi[contains(text(), \"Trigger Calculation\")]"}
COMMAND: POST /session/ffd02ccbd2ef7f94e44a9324fe7b5a64/elements - {"using":"xpath","value":"//bdi[contains(text(), \"Trigger Calculation\")]"}
RESULT: {"using":"xpath","value":"//bdi[contains(text(), \"Trigger Calculation\")]"}
COMMAND: POST /session/ffd02ccbd2ef7f94e44a9324fe7b5a64/elements - {"using":"xpath","value":"//bdi[contains(text(), \"Trigger Calculation\")]"}
RESULT: {"using":"xpath","value":"//bdi[contains(text(), \"Trigger Calculation\")]"}
COMMAND: POST /session/ffd02ccbd2ef7f94e44a9324fe7b5a64/elements - {"using":"xpath","value":"//bdi[contains(text(), \"Trigger Calculation\")]"}
RESULT: {"using":"xpath","value":"//bdi[contains(text(), \"Trigger Calculation\")]"}
COMMAND: POST /session/ffd02ccbd2ef7f94e44a9324fe7b5a64/elements - {"using":"xpath","value":"//bdi[contains(text(), \"Trigger Calculation\")]"}
RESULT: {"using":"xpath","value":"//bdi[contains(text(), \"Trigger Calculation\")]"}
COMMAND: POST /session/ffd02ccbd2ef7f94e44a9324fe7b5a64/elements - {"using":"xpath","value":"//bdi[contains(text(), \"Trigger Calculation\")]"}
RESULT: {"using":"xpath","value":"//bdi[contains(text(), \"Trigger Calculation\")]"}
COMMAND: POST /session/ffd02ccbd2ef7f94e44a9324fe7b5a64/elements - {"using":"xpath","value":"//bdi[contains(text(), \"Trigger Calculation\")]"}
RESULT: {"using":"xpath","value":"//bdi[contains(text(), \"Trigger Calculation\")]"}
COMMAND: POST /session/ffd02ccbd2ef7f94e44a9324fe7b5a64/elements - {"using":"xpath","value":"//bdi[contains(text(), \"Trigger Calculation\")]"}
RESULT: {"using":"xpath","value":"//bdi[contains(text(), \"Trigger Calculation\")]"}
COMMAND: POST /session/ffd02ccbd2ef7f94e44a9324fe7b5a64/elements - {"using":"xpath","value":"//bdi[contains(text(), \"Trigger Calculation\")]"}
RESULT: {"using":"xpath","value":"//bdi[contains(text(), \"Trigger Calculation\")]"}
COMMAND: POST /session/ffd02ccbd2ef7f94e44a9324fe7b5a64/elements - {"using":"xpath","value":"//bdi[contains(text(), \"Trigger Calculation\")]"}
RESULT: {"using":"xpath","value":"//bdi[contains(text(), \"Trigger Calculation\")]"}
COMMAND: POST /session/ffd02ccbd2ef7f94e44a9324fe7b5a64/elements - {"using":"xpath","value":"//bdi[contains(text(), \"Trigger Calculation\")]"}
RESULT: {"using":"xpath","value":"//bdi[contains(text(), \"Trigger Calculation\")]"}
COMMAND: POST /session/ffd02ccbd2ef7f94e44a9324fe7b5a64/elements - {"using":"xpath","value":"//bdi[contains(text(), \"Trigger Calculation\")]"}
RESULT: {"using":"xpath","value":"//bdi[contains(text(), \"Trigger Calculation\")]"}
COMMAND: POST /session/ffd02ccbd2ef7f94e44a9324fe7b5a64/elements - {"using":"xpath","value":"//bdi[contains(text(), \"Trigger Calculation\")]"}
RESULT: {"using":"xpath","value":"//bdi[contains(text(), \"Trigger Calculation\")]"}
COMMAND: POST /session/ffd02ccbd2ef7f94e44a9324fe7b5a64/elements - {"using":"xpath","value":"//bdi[contains(text(), \"Trigger Calculation\")]"}
RESULT: {"using":"xpath","value":"//bdi[contains(text(), \"Trigger Calculation\")]"}
COMMAND: POST /session/ffd02ccbd2ef7f94e44a9324fe7b5a64/elements - {"using":"xpath","value":"//bdi[contains(text(), \"Trigger Calculation\")]"}
RESULT: {"using":"xpath","value":"//bdi[contains(text(), \"Trigger Calculation\")]"}
COMMAND: POST /session/ffd02ccbd2ef7f94e44a9324fe7b5a64/elements - {"using":"xpath","value":"//bdi[contains(text(), \"Trigger Calculation\")]"}
RESULT: {"using":"xpath","value":"//bdi[contains(text(), \"Trigger Calculation\")]"}
COMMAND: POST /session/ffd02ccbd2ef7f94e44a9324fe7b5a64/elements - {"using":"xpath","value":"//bdi[contains(text(), \"Trigger Calculation\")]"}
RESULT: {"using":"xpath","value":"//bdi[contains(text(), \"Trigger Calculation\")]"}
COMMAND: POST /session/ffd02ccbd2ef7f94e44a9324fe7b5a64/elements - {"using":"xpath","value":"//bdi[contains(text(), \"Trigger Calculation\")]"}
RESULT: {"using":"xpath","value":"//bdi[contains(text(), \"Trigger Calculation\")]"}
COMMAND: POST /session/ffd02ccbd2ef7f94e44a9324fe7b5a64/elements - {"using":"xpath","value":"//bdi[contains(text(), \"Trigger Calculation\")]"}
RESULT: {"using":"xpath","value":"//bdi[contains(text(), \"Trigger Calculation\")]"}
COMMAND: POST /session/ffd02ccbd2ef7f94e44a9324fe7b5a64/elements - {"using":"xpath","value":"//bdi[contains(text(), \"Trigger Calculation\")]"}
RESULT: {"using":"xpath","value":"//bdi[contains(text(), \"Trigger Calculation\")]"}
COMMAND: POST /session/ffd02ccbd2ef7f94e44a9324fe7b5a64/elements - {"using":"xpath","value":"//bdi[contains(text(), \"Trigger Calculation\")]"}
RESULT: {"using":"xpath","value":"//bdi[contains(text(), \"Trigger Calculation\")]"}
COMMAND: POST /session/ffd02ccbd2ef7f94e44a9324fe7b5a64/elements - {"using":"xpath","value":"//bdi[contains(text(), \"Trigger Calculation\")]"}
RESULT: {"using":"xpath","value":"//bdi[contains(text(), \"Trigger Calculation\")]"}
COMMAND: POST /session/ffd02ccbd2ef7f94e44a9324fe7b5a64/elements - {"using":"xpath","value":"//bdi[contains(text(), \"Trigger Calculation\")]"}
RESULT: {"using":"xpath","value":"//bdi[contains(text(), \"Trigger Calculation\")]"}
COMMAND: POST /session/ffd02ccbd2ef7f94e44a9324fe7b5a64/elements - {"using":"xpath","value":"//bdi[contains(text(), \"Trigger Calculation\")]"}
RESULT: {"using":"xpath","value":"//bdi[contains(text(), \"Trigger Calculation\")]"}
COMMAND: POST /session/ffd02ccbd2ef7f94e44a9324fe7b5a64/elements - {"using":"xpath","value":"//bdi[contains(text(), \"Trigger Calculation\")]"}
RESULT: {"using":"xpath","value":"//bdi[contains(text(), \"Trigger Calculation\")]"}
COMMAND: POST /session/ffd02ccbd2ef7f94e44a9324fe7b5a64/elements - {"using":"xpath","value":"//bdi[contains(text(), \"Trigger Calculation\")]"}
RESULT: {"using":"xpath","value":"//bdi[contains(text(), \"Trigger Calculation\")]"}
COMMAND: POST /session/ffd02ccbd2ef7f94e44a9324fe7b5a64/elements - {"using":"xpath","value":"//bdi[contains(text(), \"Trigger Calculation\")]"}
RESULT: {"using":"xpath","value":"//bdi[contains(text(), \"Trigger Calculation\")]"}
COMMAND: POST /session/ffd02ccbd2ef7f94e44a9324fe7b5a64/elements - {"using":"xpath","value":"//bdi[contains(text(), \"Trigger Calculation\")]"}
RESULT: {"using":"xpath","value":"//bdi[contains(text(), \"Trigger Calculation\")]"}
COMMAND: POST /session/ffd02ccbd2ef7f94e44a9324fe7b5a64/elements - {"using":"xpath","value":"//bdi[contains(text(), \"Trigger Calculation\")]"}
RESULT: {"using":"xpath","value":"//bdi[contains(text(), \"Trigger Calculation\")]"}
COMMAND: POST /session/ffd02ccbd2ef7f94e44a9324fe7b5a64/elements - {"using":"xpath","value":"//bdi[contains(text(), \"Trigger Calculation\")]"}
RESULT: {"using":"xpath","value":"//bdi[contains(text(), \"Trigger Calculation\")]"}
COMMAND: POST /session/ffd02ccbd2ef7f94e44a9324fe7b5a64/elements - {"using":"xpath","value":"//bdi[contains(text(), \"Trigger Calculation\")]"}
RESULT: {"using":"xpath","value":"//bdi[contains(text(), \"Trigger Calculation\")]"}
COMMAND: POST /session/ffd02ccbd2ef7f94e44a9324fe7b5a64/elements - {"using":"xpath","value":"//bdi[contains(text(), \"Trigger Calculation\")]"}
RESULT: {"using":"xpath","value":"//bdi[contains(text(), \"Trigger Calculation\")]"}
COMMAND: POST /session/ffd02ccbd2ef7f94e44a9324fe7b5a64/elements - {"using":"xpath","value":"//bdi[contains(text(), \"Trigger Calculation\")]"}
RESULT: {"using":"xpath","value":"//bdi[contains(text(), \"Trigger Calculation\")]"}
COMMAND: POST /session/ffd02ccbd2ef7f94e44a9324fe7b5a64/elements - {"using":"xpath","value":"//bdi[contains(text(), \"Trigger Calculation\")]"}
RESULT: {"using":"xpath","value":"//bdi[contains(text(), \"Trigger Calculation\")]"}
COMMAND: POST /session/ffd02ccbd2ef7f94e44a9324fe7b5a64/elements - {"using":"xpath","value":"//bdi[contains(text(), \"Trigger Calculation\")]"}
RESULT: {"using":"xpath","value":"//bdi[contains(text(), \"Trigger Calculation\")]"}
COMMAND: POST /session/ffd02ccbd2ef7f94e44a9324fe7b5a64/elements - {"using":"xpath","value":"//bdi[contains(text(), \"Trigger Calculation\")]"}
RESULT: {"using":"xpath","value":"//bdi[contains(text(), \"Trigger Calculation\")]"}
COMMAND: POST /session/ffd02ccbd2ef7f94e44a9324fe7b5a64/elements - {"using":"xpath","value":"//bdi[contains(text(), \"Trigger Calculation\")]"}
RESULT: {"using":"xpath","value":"//bdi[contains(text(), \"Trigger Calculation\")]"}
COMMAND: POST /session/ffd02ccbd2ef7f94e44a9324fe7b5a64/elements - {"using":"xpath","value":"//bdi[contains(text(), \"Trigger Calculation\")]"}
RESULT: {"using":"xpath","value":"//bdi[contains(text(), \"Trigger Calculation\")]"}
COMMAND: POST /session/ffd02ccbd2ef7f94e44a9324fe7b5a64/elements - {"using":"xpath","value":"//bdi[contains(text(), \"Trigger Calculation\")]"}
RESULT: {"using":"xpath","value":"//bdi[contains(text(), \"Trigger Calculation\")]"}
COMMAND: POST /session/ffd02ccbd2ef7f94e44a9324fe7b5a64/elements - {"using":"xpath","value":"//bdi[contains(text(), \"Trigger Calculation\")]"}
RESULT: {"using":"xpath","value":"//bdi[contains(text(), \"Trigger Calculation\")]"}
COMMAND: POST /session/ffd02ccbd2ef7f94e44a9324fe7b5a64/elements - {"using":"xpath","value":"//bdi[contains(text(), \"Trigger Calculation\")]"}
RESULT: {"using":"xpath","value":"//bdi[contains(text(), \"Trigger Calculation\")]"}
COMMAND: POST /session/ffd02ccbd2ef7f94e44a9324fe7b5a64/elements - {"using":"xpath","value":"//bdi[contains(text(), \"Trigger Calculation\")]"}
RESULT: {"using":"xpath","value":"//bdi[contains(text(), \"Trigger Calculation\")]"}
COMMAND: POST /session/ffd02ccbd2ef7f94e44a9324fe7b5a64/elements - {"using":"xpath","value":"//bdi[contains(text(), \"Trigger Calculation\")]"}
RESULT: {"using":"xpath","value":"//bdi[contains(text(), \"Trigger Calculation\")]"}
COMMAND: POST /session/ffd02ccbd2ef7f94e44a9324fe7b5a64/elements - {"using":"xpath","value":"//bdi[contains(text(), \"Trigger Calculation\")]"}
RESULT: {"using":"xpath","value":"//bdi[contains(text(), \"Trigger Calculation\")]"}
COMMAND: POST /session/ffd02ccbd2ef7f94e44a9324fe7b5a64/elements - {"using":"xpath","value":"//bdi[contains(text(), \"Trigger Calculation\")]"}
RESULT: {"using":"xpath","value":"//bdi[contains(text(), \"Trigger Calculation\")]"}
COMMAND: POST /session/ffd02ccbd2ef7f94e44a9324fe7b5a64/elements - {"using":"xpath","value":"//bdi[contains(text(), \"Trigger Calculation\")]"}
RESULT: {"using":"xpath","value":"//bdi[contains(text(), \"Trigger Calculation\")]"}
COMMAND: POST /session/ffd02ccbd2ef7f94e44a9324fe7b5a64/elements - {"using":"xpath","value":"//bdi[contains(text(), \"Trigger Calculation\")]"}
RESULT: {"using":"xpath","value":"//bdi[contains(text(), \"Trigger Calculation\")]"}
COMMAND: POST /session/ffd02ccbd2ef7f94e44a9324fe7b5a64/elements - {"using":"xpath","value":"//bdi[contains(text(), \"Trigger Calculation\")]"}
RESULT: {"using":"xpath","value":"//bdi[contains(text(), \"Trigger Calculation\")]"}
COMMAND: POST /session/ffd02ccbd2ef7f94e44a9324fe7b5a64/elements - {"using":"xpath","value":"//bdi[contains(text(), \"Trigger Calculation\")]"}
RESULT: {"using":"xpath","value":"//bdi[contains(text(), \"Trigger Calculation\")]"}
COMMAND: POST /session/ffd02ccbd2ef7f94e44a9324fe7b5a64/elements - {"using":"xpath","value":"//bdi[contains(text(), \"Trigger Calculation\")]"}
RESULT: {"using":"xpath","value":"//bdi[contains(text(), \"Trigger Calculation\")]"}
COMMAND: POST /session/ffd02ccbd2ef7f94e44a9324fe7b5a64/elements - {"using":"xpath","value":"//bdi[contains(text(), \"Trigger Calculation\")]"}
RESULT: {"using":"xpath","value":"//bdi[contains(text(), \"Trigger Calculation\")]"}
COMMAND: POST /session/ffd02ccbd2ef7f94e44a9324fe7b5a64/elements - {"using":"xpath","value":"//bdi[contains(text(), \"Trigger Calculation\")]"}
RESULT: {"using":"xpath","value":"//bdi[contains(text(), \"Trigger Calculation\")]"}
COMMAND: POST /session/ffd02ccbd2ef7f94e44a9324fe7b5a64/elements - {"using":"xpath","value":"//bdi[contains(text(), \"Trigger Calculation\")]"}
RESULT: {"using":"xpath","value":"//bdi[contains(text(), \"Trigger Calculation\")]"}
COMMAND: POST /session/ffd02ccbd2ef7f94e44a9324fe7b5a64/elements - {"using":"xpath","value":"//bdi[contains(text(), \"Trigger Calculation\")]"}
RESULT: {"using":"xpath","value":"//bdi[contains(text(), \"Trigger Calculation\")]"}
COMMAND: POST /session/ffd02ccbd2ef7f94e44a9324fe7b5a64/elements - {"using":"xpath","value":"//bdi[contains(text(), \"Trigger Calculation\")]"}
RESULT: {"using":"xpath","value":"//bdi[contains(text(), \"Trigger Calculation\")]"}
COMMAND: POST /session/ffd02ccbd2ef7f94e44a9324fe7b5a64/elements - {"using":"xpath","value":"//bdi[contains(text(), \"Trigger Calculation\")]"}
RESULT: {"using":"xpath","value":"//bdi[contains(text(), \"Trigger Calculation\")]"}
COMMAND: POST /session/ffd02ccbd2ef7f94e44a9324fe7b5a64/elements - {"using":"xpath","value":"//bdi[contains(text(), \"Trigger Calculation\")]"}
RESULT: {"using":"xpath","value":"//bdi[contains(text(), \"Trigger Calculation\")]"}
COMMAND: POST /session/ffd02ccbd2ef7f94e44a9324fe7b5a64/elements - {"using":"xpath","value":"//bdi[contains(text(), \"Trigger Calculation\")]"}
COMMAND: GET /session/ffd02ccbd2ef7f94e44a9324fe7b5a64/screenshot - {}
RESULT: {"using":"xpath","value":"//bdi[contains(text(), \"Trigger Calculation\")]"}
RESULT: {}
]]></system-out>
      <system-err><![CDATA[
Error: Can't call click on element with selector "//bdi[contains(text(), "Trigger Calculation")]" because element wasn't found
    at async UtilsPrerequisites.manageBillingsTriggerCalculation (D:\a\1\s\test\specs\BTS\prerequisites-and-utils-functions.js:2762:9)
    at async Context.<anonymous> (D:\a\1\s\test\specs\BTS\billing-transfer-intercompany.spec.js:73:9)
]]></system-err>
    </testcase>
    <testcase classname="chrome.136_0_7103_93.windows.Billing_Transfer_-_Master_data_&amp;_Intercompany_US127250" name="Should do Billing Transfer all the way into invoice open for intercompany case" time="56.471">
      <failure/>
      <error message="element (&quot;//input[contains(@id ,&quot;application-billingtransfer-display-component---billingWorkbench--smartFilterBar-btnBasicSearch&quot;)]&quot;) still not existing after 45000ms"/>
      <system-out><![CDATA[
COMMAND: POST /session/ffd02ccbd2ef7f94e44a9324fe7b5a64/execute/async - {"script":"<script> [1562 bytes]","args":[{"selector":{"controlType":"sap.m.GenericTile","properties":{"header":"Billing Transfer"}},"wdio_ui5_key":"sapm.GenericTile{\"header\":\"Billing Transfer\"}"}]}
COMMAND: GET /session/ffd02ccbd2ef7f94e44a9324fe7b5a64/screenshot - {}
RESULT: {"script":"<script> [1562 bytes]","args":[{"selector":{"controlType":"sap.m.GenericTile","properties":{"header":"Billing Transfer"}},"wdio_ui5_key":"sapm.GenericTile{\"header\":\"Billing Transfer\"}"}]}
RESULT: undefined
RESULT: {}
COMMAND: POST /session/ffd02ccbd2ef7f94e44a9324fe7b5a64/elements - {"using":"xpath","value":"//span[text()='Error']"}
RESULT: {"using":"xpath","value":"//span[text()='Error']"}
COMMAND: POST /session/ffd02ccbd2ef7f94e44a9324fe7b5a64/element - {"using":"xpath","value":"//input[contains(@id ,\"application-billingtransfer-display-component---billingWorkbench--smartFilterBar-btnBasicSearch\")]"}
RESULT: {"using":"xpath","value":"//input[contains(@id ,\"application-billingtransfer-display-component---billingWorkbench--smartFilterBar-btnBasicSearch\")]"}
COMMAND: POST /session/ffd02ccbd2ef7f94e44a9324fe7b5a64/elements - {"using":"xpath","value":"//input[contains(@id ,\"application-billingtransfer-display-component---billingWorkbench--smartFilterBar-btnBasicSearch\")]"}
RESULT: {"using":"xpath","value":"//input[contains(@id ,\"application-billingtransfer-display-component---billingWorkbench--smartFilterBar-btnBasicSearch\")]"}
COMMAND: POST /session/ffd02ccbd2ef7f94e44a9324fe7b5a64/elements - {"using":"xpath","value":"//input[contains(@id ,\"application-billingtransfer-display-component---billingWorkbench--smartFilterBar-btnBasicSearch\")]"}
RESULT: {"using":"xpath","value":"//input[contains(@id ,\"application-billingtransfer-display-component---billingWorkbench--smartFilterBar-btnBasicSearch\")]"}
COMMAND: POST /session/ffd02ccbd2ef7f94e44a9324fe7b5a64/elements - {"using":"xpath","value":"//input[contains(@id ,\"application-billingtransfer-display-component---billingWorkbench--smartFilterBar-btnBasicSearch\")]"}
RESULT: {"using":"xpath","value":"//input[contains(@id ,\"application-billingtransfer-display-component---billingWorkbench--smartFilterBar-btnBasicSearch\")]"}
COMMAND: POST /session/ffd02ccbd2ef7f94e44a9324fe7b5a64/elements - {"using":"xpath","value":"//input[contains(@id ,\"application-billingtransfer-display-component---billingWorkbench--smartFilterBar-btnBasicSearch\")]"}
RESULT: {"using":"xpath","value":"//input[contains(@id ,\"application-billingtransfer-display-component---billingWorkbench--smartFilterBar-btnBasicSearch\")]"}
COMMAND: POST /session/ffd02ccbd2ef7f94e44a9324fe7b5a64/elements - {"using":"xpath","value":"//input[contains(@id ,\"application-billingtransfer-display-component---billingWorkbench--smartFilterBar-btnBasicSearch\")]"}
RESULT: {"using":"xpath","value":"//input[contains(@id ,\"application-billingtransfer-display-component---billingWorkbench--smartFilterBar-btnBasicSearch\")]"}
COMMAND: POST /session/ffd02ccbd2ef7f94e44a9324fe7b5a64/elements - {"using":"xpath","value":"//input[contains(@id ,\"application-billingtransfer-display-component---billingWorkbench--smartFilterBar-btnBasicSearch\")]"}
RESULT: {"using":"xpath","value":"//input[contains(@id ,\"application-billingtransfer-display-component---billingWorkbench--smartFilterBar-btnBasicSearch\")]"}
COMMAND: POST /session/ffd02ccbd2ef7f94e44a9324fe7b5a64/elements - {"using":"xpath","value":"//input[contains(@id ,\"application-billingtransfer-display-component---billingWorkbench--smartFilterBar-btnBasicSearch\")]"}
RESULT: {"using":"xpath","value":"//input[contains(@id ,\"application-billingtransfer-display-component---billingWorkbench--smartFilterBar-btnBasicSearch\")]"}
COMMAND: POST /session/ffd02ccbd2ef7f94e44a9324fe7b5a64/elements - {"using":"xpath","value":"//input[contains(@id ,\"application-billingtransfer-display-component---billingWorkbench--smartFilterBar-btnBasicSearch\")]"}
RESULT: {"using":"xpath","value":"//input[contains(@id ,\"application-billingtransfer-display-component---billingWorkbench--smartFilterBar-btnBasicSearch\")]"}
COMMAND: POST /session/ffd02ccbd2ef7f94e44a9324fe7b5a64/elements - {"using":"xpath","value":"//input[contains(@id ,\"application-billingtransfer-display-component---billingWorkbench--smartFilterBar-btnBasicSearch\")]"}
RESULT: {"using":"xpath","value":"//input[contains(@id ,\"application-billingtransfer-display-component---billingWorkbench--smartFilterBar-btnBasicSearch\")]"}
COMMAND: POST /session/ffd02ccbd2ef7f94e44a9324fe7b5a64/elements - {"using":"xpath","value":"//input[contains(@id ,\"application-billingtransfer-display-component---billingWorkbench--smartFilterBar-btnBasicSearch\")]"}
RESULT: {"using":"xpath","value":"//input[contains(@id ,\"application-billingtransfer-display-component---billingWorkbench--smartFilterBar-btnBasicSearch\")]"}
COMMAND: POST /session/ffd02ccbd2ef7f94e44a9324fe7b5a64/elements - {"using":"xpath","value":"//input[contains(@id ,\"application-billingtransfer-display-component---billingWorkbench--smartFilterBar-btnBasicSearch\")]"}
RESULT: {"using":"xpath","value":"//input[contains(@id ,\"application-billingtransfer-display-component---billingWorkbench--smartFilterBar-btnBasicSearch\")]"}
COMMAND: POST /session/ffd02ccbd2ef7f94e44a9324fe7b5a64/elements - {"using":"xpath","value":"//input[contains(@id ,\"application-billingtransfer-display-component---billingWorkbench--smartFilterBar-btnBasicSearch\")]"}
RESULT: {"using":"xpath","value":"//input[contains(@id ,\"application-billingtransfer-display-component---billingWorkbench--smartFilterBar-btnBasicSearch\")]"}
COMMAND: POST /session/ffd02ccbd2ef7f94e44a9324fe7b5a64/elements - {"using":"xpath","value":"//input[contains(@id ,\"application-billingtransfer-display-component---billingWorkbench--smartFilterBar-btnBasicSearch\")]"}
RESULT: {"using":"xpath","value":"//input[contains(@id ,\"application-billingtransfer-display-component---billingWorkbench--smartFilterBar-btnBasicSearch\")]"}
COMMAND: POST /session/ffd02ccbd2ef7f94e44a9324fe7b5a64/elements - {"using":"xpath","value":"//input[contains(@id ,\"application-billingtransfer-display-component---billingWorkbench--smartFilterBar-btnBasicSearch\")]"}
RESULT: {"using":"xpath","value":"//input[contains(@id ,\"application-billingtransfer-display-component---billingWorkbench--smartFilterBar-btnBasicSearch\")]"}
COMMAND: POST /session/ffd02ccbd2ef7f94e44a9324fe7b5a64/elements - {"using":"xpath","value":"//input[contains(@id ,\"application-billingtransfer-display-component---billingWorkbench--smartFilterBar-btnBasicSearch\")]"}
RESULT: {"using":"xpath","value":"//input[contains(@id ,\"application-billingtransfer-display-component---billingWorkbench--smartFilterBar-btnBasicSearch\")]"}
COMMAND: POST /session/ffd02ccbd2ef7f94e44a9324fe7b5a64/elements - {"using":"xpath","value":"//input[contains(@id ,\"application-billingtransfer-display-component---billingWorkbench--smartFilterBar-btnBasicSearch\")]"}
RESULT: {"using":"xpath","value":"//input[contains(@id ,\"application-billingtransfer-display-component---billingWorkbench--smartFilterBar-btnBasicSearch\")]"}
COMMAND: POST /session/ffd02ccbd2ef7f94e44a9324fe7b5a64/elements - {"using":"xpath","value":"//input[contains(@id ,\"application-billingtransfer-display-component---billingWorkbench--smartFilterBar-btnBasicSearch\")]"}
RESULT: {"using":"xpath","value":"//input[contains(@id ,\"application-billingtransfer-display-component---billingWorkbench--smartFilterBar-btnBasicSearch\")]"}
COMMAND: POST /session/ffd02ccbd2ef7f94e44a9324fe7b5a64/elements - {"using":"xpath","value":"//input[contains(@id ,\"application-billingtransfer-display-component---billingWorkbench--smartFilterBar-btnBasicSearch\")]"}
RESULT: {"using":"xpath","value":"//input[contains(@id ,\"application-billingtransfer-display-component---billingWorkbench--smartFilterBar-btnBasicSearch\")]"}
COMMAND: POST /session/ffd02ccbd2ef7f94e44a9324fe7b5a64/elements - {"using":"xpath","value":"//input[contains(@id ,\"application-billingtransfer-display-component---billingWorkbench--smartFilterBar-btnBasicSearch\")]"}
RESULT: {"using":"xpath","value":"//input[contains(@id ,\"application-billingtransfer-display-component---billingWorkbench--smartFilterBar-btnBasicSearch\")]"}
COMMAND: POST /session/ffd02ccbd2ef7f94e44a9324fe7b5a64/elements - {"using":"xpath","value":"//input[contains(@id ,\"application-billingtransfer-display-component---billingWorkbench--smartFilterBar-btnBasicSearch\")]"}
RESULT: {"using":"xpath","value":"//input[contains(@id ,\"application-billingtransfer-display-component---billingWorkbench--smartFilterBar-btnBasicSearch\")]"}
COMMAND: POST /session/ffd02ccbd2ef7f94e44a9324fe7b5a64/elements - {"using":"xpath","value":"//input[contains(@id ,\"application-billingtransfer-display-component---billingWorkbench--smartFilterBar-btnBasicSearch\")]"}
RESULT: {"using":"xpath","value":"//input[contains(@id ,\"application-billingtransfer-display-component---billingWorkbench--smartFilterBar-btnBasicSearch\")]"}
COMMAND: POST /session/ffd02ccbd2ef7f94e44a9324fe7b5a64/elements - {"using":"xpath","value":"//input[contains(@id ,\"application-billingtransfer-display-component---billingWorkbench--smartFilterBar-btnBasicSearch\")]"}
RESULT: {"using":"xpath","value":"//input[contains(@id ,\"application-billingtransfer-display-component---billingWorkbench--smartFilterBar-btnBasicSearch\")]"}
COMMAND: POST /session/ffd02ccbd2ef7f94e44a9324fe7b5a64/elements - {"using":"xpath","value":"//input[contains(@id ,\"application-billingtransfer-display-component---billingWorkbench--smartFilterBar-btnBasicSearch\")]"}
RESULT: {"using":"xpath","value":"//input[contains(@id ,\"application-billingtransfer-display-component---billingWorkbench--smartFilterBar-btnBasicSearch\")]"}
COMMAND: POST /session/ffd02ccbd2ef7f94e44a9324fe7b5a64/elements - {"using":"xpath","value":"//input[contains(@id ,\"application-billingtransfer-display-component---billingWorkbench--smartFilterBar-btnBasicSearch\")]"}
RESULT: {"using":"xpath","value":"//input[contains(@id ,\"application-billingtransfer-display-component---billingWorkbench--smartFilterBar-btnBasicSearch\")]"}
COMMAND: POST /session/ffd02ccbd2ef7f94e44a9324fe7b5a64/elements - {"using":"xpath","value":"//input[contains(@id ,\"application-billingtransfer-display-component---billingWorkbench--smartFilterBar-btnBasicSearch\")]"}
RESULT: {"using":"xpath","value":"//input[contains(@id ,\"application-billingtransfer-display-component---billingWorkbench--smartFilterBar-btnBasicSearch\")]"}
COMMAND: POST /session/ffd02ccbd2ef7f94e44a9324fe7b5a64/elements - {"using":"xpath","value":"//input[contains(@id ,\"application-billingtransfer-display-component---billingWorkbench--smartFilterBar-btnBasicSearch\")]"}
RESULT: {"using":"xpath","value":"//input[contains(@id ,\"application-billingtransfer-display-component---billingWorkbench--smartFilterBar-btnBasicSearch\")]"}
COMMAND: POST /session/ffd02ccbd2ef7f94e44a9324fe7b5a64/elements - {"using":"xpath","value":"//input[contains(@id ,\"application-billingtransfer-display-component---billingWorkbench--smartFilterBar-btnBasicSearch\")]"}
RESULT: {"using":"xpath","value":"//input[contains(@id ,\"application-billingtransfer-display-component---billingWorkbench--smartFilterBar-btnBasicSearch\")]"}
COMMAND: POST /session/ffd02ccbd2ef7f94e44a9324fe7b5a64/elements - {"using":"xpath","value":"//input[contains(@id ,\"application-billingtransfer-display-component---billingWorkbench--smartFilterBar-btnBasicSearch\")]"}
RESULT: {"using":"xpath","value":"//input[contains(@id ,\"application-billingtransfer-display-component---billingWorkbench--smartFilterBar-btnBasicSearch\")]"}
COMMAND: POST /session/ffd02ccbd2ef7f94e44a9324fe7b5a64/elements - {"using":"xpath","value":"//input[contains(@id ,\"application-billingtransfer-display-component---billingWorkbench--smartFilterBar-btnBasicSearch\")]"}
RESULT: {"using":"xpath","value":"//input[contains(@id ,\"application-billingtransfer-display-component---billingWorkbench--smartFilterBar-btnBasicSearch\")]"}
COMMAND: POST /session/ffd02ccbd2ef7f94e44a9324fe7b5a64/elements - {"using":"xpath","value":"//input[contains(@id ,\"application-billingtransfer-display-component---billingWorkbench--smartFilterBar-btnBasicSearch\")]"}
RESULT: {"using":"xpath","value":"//input[contains(@id ,\"application-billingtransfer-display-component---billingWorkbench--smartFilterBar-btnBasicSearch\")]"}
COMMAND: POST /session/ffd02ccbd2ef7f94e44a9324fe7b5a64/elements - {"using":"xpath","value":"//input[contains(@id ,\"application-billingtransfer-display-component---billingWorkbench--smartFilterBar-btnBasicSearch\")]"}
RESULT: {"using":"xpath","value":"//input[contains(@id ,\"application-billingtransfer-display-component---billingWorkbench--smartFilterBar-btnBasicSearch\")]"}
COMMAND: POST /session/ffd02ccbd2ef7f94e44a9324fe7b5a64/elements - {"using":"xpath","value":"//input[contains(@id ,\"application-billingtransfer-display-component---billingWorkbench--smartFilterBar-btnBasicSearch\")]"}
RESULT: {"using":"xpath","value":"//input[contains(@id ,\"application-billingtransfer-display-component---billingWorkbench--smartFilterBar-btnBasicSearch\")]"}
COMMAND: POST /session/ffd02ccbd2ef7f94e44a9324fe7b5a64/elements - {"using":"xpath","value":"//input[contains(@id ,\"application-billingtransfer-display-component---billingWorkbench--smartFilterBar-btnBasicSearch\")]"}
RESULT: {"using":"xpath","value":"//input[contains(@id ,\"application-billingtransfer-display-component---billingWorkbench--smartFilterBar-btnBasicSearch\")]"}
COMMAND: POST /session/ffd02ccbd2ef7f94e44a9324fe7b5a64/elements - {"using":"xpath","value":"//input[contains(@id ,\"application-billingtransfer-display-component---billingWorkbench--smartFilterBar-btnBasicSearch\")]"}
RESULT: {"using":"xpath","value":"//input[contains(@id ,\"application-billingtransfer-display-component---billingWorkbench--smartFilterBar-btnBasicSearch\")]"}
COMMAND: POST /session/ffd02ccbd2ef7f94e44a9324fe7b5a64/elements - {"using":"xpath","value":"//input[contains(@id ,\"application-billingtransfer-display-component---billingWorkbench--smartFilterBar-btnBasicSearch\")]"}
RESULT: {"using":"xpath","value":"//input[contains(@id ,\"application-billingtransfer-display-component---billingWorkbench--smartFilterBar-btnBasicSearch\")]"}
COMMAND: POST /session/ffd02ccbd2ef7f94e44a9324fe7b5a64/elements - {"using":"xpath","value":"//input[contains(@id ,\"application-billingtransfer-display-component---billingWorkbench--smartFilterBar-btnBasicSearch\")]"}
RESULT: {"using":"xpath","value":"//input[contains(@id ,\"application-billingtransfer-display-component---billingWorkbench--smartFilterBar-btnBasicSearch\")]"}
COMMAND: POST /session/ffd02ccbd2ef7f94e44a9324fe7b5a64/elements - {"using":"xpath","value":"//input[contains(@id ,\"application-billingtransfer-display-component---billingWorkbench--smartFilterBar-btnBasicSearch\")]"}
RESULT: {"using":"xpath","value":"//input[contains(@id ,\"application-billingtransfer-display-component---billingWorkbench--smartFilterBar-btnBasicSearch\")]"}
COMMAND: POST /session/ffd02ccbd2ef7f94e44a9324fe7b5a64/elements - {"using":"xpath","value":"//input[contains(@id ,\"application-billingtransfer-display-component---billingWorkbench--smartFilterBar-btnBasicSearch\")]"}
RESULT: {"using":"xpath","value":"//input[contains(@id ,\"application-billingtransfer-display-component---billingWorkbench--smartFilterBar-btnBasicSearch\")]"}
COMMAND: POST /session/ffd02ccbd2ef7f94e44a9324fe7b5a64/elements - {"using":"xpath","value":"//input[contains(@id ,\"application-billingtransfer-display-component---billingWorkbench--smartFilterBar-btnBasicSearch\")]"}
RESULT: {"using":"xpath","value":"//input[contains(@id ,\"application-billingtransfer-display-component---billingWorkbench--smartFilterBar-btnBasicSearch\")]"}
COMMAND: POST /session/ffd02ccbd2ef7f94e44a9324fe7b5a64/elements - {"using":"xpath","value":"//input[contains(@id ,\"application-billingtransfer-display-component---billingWorkbench--smartFilterBar-btnBasicSearch\")]"}
RESULT: {"using":"xpath","value":"//input[contains(@id ,\"application-billingtransfer-display-component---billingWorkbench--smartFilterBar-btnBasicSearch\")]"}
COMMAND: POST /session/ffd02ccbd2ef7f94e44a9324fe7b5a64/elements - {"using":"xpath","value":"//input[contains(@id ,\"application-billingtransfer-display-component---billingWorkbench--smartFilterBar-btnBasicSearch\")]"}
RESULT: {"using":"xpath","value":"//input[contains(@id ,\"application-billingtransfer-display-component---billingWorkbench--smartFilterBar-btnBasicSearch\")]"}
COMMAND: POST /session/ffd02ccbd2ef7f94e44a9324fe7b5a64/elements - {"using":"xpath","value":"//input[contains(@id ,\"application-billingtransfer-display-component---billingWorkbench--smartFilterBar-btnBasicSearch\")]"}
RESULT: {"using":"xpath","value":"//input[contains(@id ,\"application-billingtransfer-display-component---billingWorkbench--smartFilterBar-btnBasicSearch\")]"}
COMMAND: POST /session/ffd02ccbd2ef7f94e44a9324fe7b5a64/elements - {"using":"xpath","value":"//input[contains(@id ,\"application-billingtransfer-display-component---billingWorkbench--smartFilterBar-btnBasicSearch\")]"}
RESULT: {"using":"xpath","value":"//input[contains(@id ,\"application-billingtransfer-display-component---billingWorkbench--smartFilterBar-btnBasicSearch\")]"}
COMMAND: POST /session/ffd02ccbd2ef7f94e44a9324fe7b5a64/elements - {"using":"xpath","value":"//input[contains(@id ,\"application-billingtransfer-display-component---billingWorkbench--smartFilterBar-btnBasicSearch\")]"}
RESULT: {"using":"xpath","value":"//input[contains(@id ,\"application-billingtransfer-display-component---billingWorkbench--smartFilterBar-btnBasicSearch\")]"}
COMMAND: POST /session/ffd02ccbd2ef7f94e44a9324fe7b5a64/elements - {"using":"xpath","value":"//input[contains(@id ,\"application-billingtransfer-display-component---billingWorkbench--smartFilterBar-btnBasicSearch\")]"}
RESULT: {"using":"xpath","value":"//input[contains(@id ,\"application-billingtransfer-display-component---billingWorkbench--smartFilterBar-btnBasicSearch\")]"}
COMMAND: POST /session/ffd02ccbd2ef7f94e44a9324fe7b5a64/elements - {"using":"xpath","value":"//input[contains(@id ,\"application-billingtransfer-display-component---billingWorkbench--smartFilterBar-btnBasicSearch\")]"}
RESULT: {"using":"xpath","value":"//input[contains(@id ,\"application-billingtransfer-display-component---billingWorkbench--smartFilterBar-btnBasicSearch\")]"}
COMMAND: POST /session/ffd02ccbd2ef7f94e44a9324fe7b5a64/elements - {"using":"xpath","value":"//input[contains(@id ,\"application-billingtransfer-display-component---billingWorkbench--smartFilterBar-btnBasicSearch\")]"}
RESULT: {"using":"xpath","value":"//input[contains(@id ,\"application-billingtransfer-display-component---billingWorkbench--smartFilterBar-btnBasicSearch\")]"}
COMMAND: POST /session/ffd02ccbd2ef7f94e44a9324fe7b5a64/elements - {"using":"xpath","value":"//input[contains(@id ,\"application-billingtransfer-display-component---billingWorkbench--smartFilterBar-btnBasicSearch\")]"}
RESULT: {"using":"xpath","value":"//input[contains(@id ,\"application-billingtransfer-display-component---billingWorkbench--smartFilterBar-btnBasicSearch\")]"}
COMMAND: POST /session/ffd02ccbd2ef7f94e44a9324fe7b5a64/elements - {"using":"xpath","value":"//input[contains(@id ,\"application-billingtransfer-display-component---billingWorkbench--smartFilterBar-btnBasicSearch\")]"}
RESULT: {"using":"xpath","value":"//input[contains(@id ,\"application-billingtransfer-display-component---billingWorkbench--smartFilterBar-btnBasicSearch\")]"}
COMMAND: POST /session/ffd02ccbd2ef7f94e44a9324fe7b5a64/elements - {"using":"xpath","value":"//input[contains(@id ,\"application-billingtransfer-display-component---billingWorkbench--smartFilterBar-btnBasicSearch\")]"}
RESULT: {"using":"xpath","value":"//input[contains(@id ,\"application-billingtransfer-display-component---billingWorkbench--smartFilterBar-btnBasicSearch\")]"}
COMMAND: POST /session/ffd02ccbd2ef7f94e44a9324fe7b5a64/elements - {"using":"xpath","value":"//input[contains(@id ,\"application-billingtransfer-display-component---billingWorkbench--smartFilterBar-btnBasicSearch\")]"}
RESULT: {"using":"xpath","value":"//input[contains(@id ,\"application-billingtransfer-display-component---billingWorkbench--smartFilterBar-btnBasicSearch\")]"}
COMMAND: POST /session/ffd02ccbd2ef7f94e44a9324fe7b5a64/elements - {"using":"xpath","value":"//input[contains(@id ,\"application-billingtransfer-display-component---billingWorkbench--smartFilterBar-btnBasicSearch\")]"}
RESULT: {"using":"xpath","value":"//input[contains(@id ,\"application-billingtransfer-display-component---billingWorkbench--smartFilterBar-btnBasicSearch\")]"}
COMMAND: POST /session/ffd02ccbd2ef7f94e44a9324fe7b5a64/elements - {"using":"xpath","value":"//input[contains(@id ,\"application-billingtransfer-display-component---billingWorkbench--smartFilterBar-btnBasicSearch\")]"}
RESULT: {"using":"xpath","value":"//input[contains(@id ,\"application-billingtransfer-display-component---billingWorkbench--smartFilterBar-btnBasicSearch\")]"}
COMMAND: POST /session/ffd02ccbd2ef7f94e44a9324fe7b5a64/elements - {"using":"xpath","value":"//input[contains(@id ,\"application-billingtransfer-display-component---billingWorkbench--smartFilterBar-btnBasicSearch\")]"}
RESULT: {"using":"xpath","value":"//input[contains(@id ,\"application-billingtransfer-display-component---billingWorkbench--smartFilterBar-btnBasicSearch\")]"}
COMMAND: POST /session/ffd02ccbd2ef7f94e44a9324fe7b5a64/elements - {"using":"xpath","value":"//input[contains(@id ,\"application-billingtransfer-display-component---billingWorkbench--smartFilterBar-btnBasicSearch\")]"}
RESULT: {"using":"xpath","value":"//input[contains(@id ,\"application-billingtransfer-display-component---billingWorkbench--smartFilterBar-btnBasicSearch\")]"}
COMMAND: POST /session/ffd02ccbd2ef7f94e44a9324fe7b5a64/elements - {"using":"xpath","value":"//input[contains(@id ,\"application-billingtransfer-display-component---billingWorkbench--smartFilterBar-btnBasicSearch\")]"}
RESULT: {"using":"xpath","value":"//input[contains(@id ,\"application-billingtransfer-display-component---billingWorkbench--smartFilterBar-btnBasicSearch\")]"}
COMMAND: POST /session/ffd02ccbd2ef7f94e44a9324fe7b5a64/elements - {"using":"xpath","value":"//input[contains(@id ,\"application-billingtransfer-display-component---billingWorkbench--smartFilterBar-btnBasicSearch\")]"}
RESULT: {"using":"xpath","value":"//input[contains(@id ,\"application-billingtransfer-display-component---billingWorkbench--smartFilterBar-btnBasicSearch\")]"}
COMMAND: POST /session/ffd02ccbd2ef7f94e44a9324fe7b5a64/elements - {"using":"xpath","value":"//input[contains(@id ,\"application-billingtransfer-display-component---billingWorkbench--smartFilterBar-btnBasicSearch\")]"}
RESULT: {"using":"xpath","value":"//input[contains(@id ,\"application-billingtransfer-display-component---billingWorkbench--smartFilterBar-btnBasicSearch\")]"}
COMMAND: POST /session/ffd02ccbd2ef7f94e44a9324fe7b5a64/elements - {"using":"xpath","value":"//input[contains(@id ,\"application-billingtransfer-display-component---billingWorkbench--smartFilterBar-btnBasicSearch\")]"}
RESULT: {"using":"xpath","value":"//input[contains(@id ,\"application-billingtransfer-display-component---billingWorkbench--smartFilterBar-btnBasicSearch\")]"}
COMMAND: POST /session/ffd02ccbd2ef7f94e44a9324fe7b5a64/elements - {"using":"xpath","value":"//input[contains(@id ,\"application-billingtransfer-display-component---billingWorkbench--smartFilterBar-btnBasicSearch\")]"}
RESULT: {"using":"xpath","value":"//input[contains(@id ,\"application-billingtransfer-display-component---billingWorkbench--smartFilterBar-btnBasicSearch\")]"}
COMMAND: POST /session/ffd02ccbd2ef7f94e44a9324fe7b5a64/elements - {"using":"xpath","value":"//input[contains(@id ,\"application-billingtransfer-display-component---billingWorkbench--smartFilterBar-btnBasicSearch\")]"}
RESULT: {"using":"xpath","value":"//input[contains(@id ,\"application-billingtransfer-display-component---billingWorkbench--smartFilterBar-btnBasicSearch\")]"}
COMMAND: POST /session/ffd02ccbd2ef7f94e44a9324fe7b5a64/elements - {"using":"xpath","value":"//input[contains(@id ,\"application-billingtransfer-display-component---billingWorkbench--smartFilterBar-btnBasicSearch\")]"}
RESULT: {"using":"xpath","value":"//input[contains(@id ,\"application-billingtransfer-display-component---billingWorkbench--smartFilterBar-btnBasicSearch\")]"}
COMMAND: POST /session/ffd02ccbd2ef7f94e44a9324fe7b5a64/elements - {"using":"xpath","value":"//input[contains(@id ,\"application-billingtransfer-display-component---billingWorkbench--smartFilterBar-btnBasicSearch\")]"}
RESULT: {"using":"xpath","value":"//input[contains(@id ,\"application-billingtransfer-display-component---billingWorkbench--smartFilterBar-btnBasicSearch\")]"}
COMMAND: POST /session/ffd02ccbd2ef7f94e44a9324fe7b5a64/elements - {"using":"xpath","value":"//input[contains(@id ,\"application-billingtransfer-display-component---billingWorkbench--smartFilterBar-btnBasicSearch\")]"}
RESULT: {"using":"xpath","value":"//input[contains(@id ,\"application-billingtransfer-display-component---billingWorkbench--smartFilterBar-btnBasicSearch\")]"}
COMMAND: POST /session/ffd02ccbd2ef7f94e44a9324fe7b5a64/elements - {"using":"xpath","value":"//input[contains(@id ,\"application-billingtransfer-display-component---billingWorkbench--smartFilterBar-btnBasicSearch\")]"}
RESULT: {"using":"xpath","value":"//input[contains(@id ,\"application-billingtransfer-display-component---billingWorkbench--smartFilterBar-btnBasicSearch\")]"}
COMMAND: POST /session/ffd02ccbd2ef7f94e44a9324fe7b5a64/elements - {"using":"xpath","value":"//input[contains(@id ,\"application-billingtransfer-display-component---billingWorkbench--smartFilterBar-btnBasicSearch\")]"}
RESULT: {"using":"xpath","value":"//input[contains(@id ,\"application-billingtransfer-display-component---billingWorkbench--smartFilterBar-btnBasicSearch\")]"}
COMMAND: POST /session/ffd02ccbd2ef7f94e44a9324fe7b5a64/elements - {"using":"xpath","value":"//input[contains(@id ,\"application-billingtransfer-display-component---billingWorkbench--smartFilterBar-btnBasicSearch\")]"}
RESULT: {"using":"xpath","value":"//input[contains(@id ,\"application-billingtransfer-display-component---billingWorkbench--smartFilterBar-btnBasicSearch\")]"}
COMMAND: POST /session/ffd02ccbd2ef7f94e44a9324fe7b5a64/elements - {"using":"xpath","value":"//input[contains(@id ,\"application-billingtransfer-display-component---billingWorkbench--smartFilterBar-btnBasicSearch\")]"}
RESULT: {"using":"xpath","value":"//input[contains(@id ,\"application-billingtransfer-display-component---billingWorkbench--smartFilterBar-btnBasicSearch\")]"}
COMMAND: POST /session/ffd02ccbd2ef7f94e44a9324fe7b5a64/elements - {"using":"xpath","value":"//input[contains(@id ,\"application-billingtransfer-display-component---billingWorkbench--smartFilterBar-btnBasicSearch\")]"}
RESULT: {"using":"xpath","value":"//input[contains(@id ,\"application-billingtransfer-display-component---billingWorkbench--smartFilterBar-btnBasicSearch\")]"}
COMMAND: POST /session/ffd02ccbd2ef7f94e44a9324fe7b5a64/elements - {"using":"xpath","value":"//input[contains(@id ,\"application-billingtransfer-display-component---billingWorkbench--smartFilterBar-btnBasicSearch\")]"}
RESULT: {"using":"xpath","value":"//input[contains(@id ,\"application-billingtransfer-display-component---billingWorkbench--smartFilterBar-btnBasicSearch\")]"}
COMMAND: POST /session/ffd02ccbd2ef7f94e44a9324fe7b5a64/elements - {"using":"xpath","value":"//input[contains(@id ,\"application-billingtransfer-display-component---billingWorkbench--smartFilterBar-btnBasicSearch\")]"}
RESULT: {"using":"xpath","value":"//input[contains(@id ,\"application-billingtransfer-display-component---billingWorkbench--smartFilterBar-btnBasicSearch\")]"}
COMMAND: POST /session/ffd02ccbd2ef7f94e44a9324fe7b5a64/elements - {"using":"xpath","value":"//input[contains(@id ,\"application-billingtransfer-display-component---billingWorkbench--smartFilterBar-btnBasicSearch\")]"}
RESULT: {"using":"xpath","value":"//input[contains(@id ,\"application-billingtransfer-display-component---billingWorkbench--smartFilterBar-btnBasicSearch\")]"}
COMMAND: POST /session/ffd02ccbd2ef7f94e44a9324fe7b5a64/elements - {"using":"xpath","value":"//input[contains(@id ,\"application-billingtransfer-display-component---billingWorkbench--smartFilterBar-btnBasicSearch\")]"}
RESULT: {"using":"xpath","value":"//input[contains(@id ,\"application-billingtransfer-display-component---billingWorkbench--smartFilterBar-btnBasicSearch\")]"}
COMMAND: POST /session/ffd02ccbd2ef7f94e44a9324fe7b5a64/elements - {"using":"xpath","value":"//input[contains(@id ,\"application-billingtransfer-display-component---billingWorkbench--smartFilterBar-btnBasicSearch\")]"}
RESULT: {"using":"xpath","value":"//input[contains(@id ,\"application-billingtransfer-display-component---billingWorkbench--smartFilterBar-btnBasicSearch\")]"}
COMMAND: POST /session/ffd02ccbd2ef7f94e44a9324fe7b5a64/elements - {"using":"xpath","value":"//input[contains(@id ,\"application-billingtransfer-display-component---billingWorkbench--smartFilterBar-btnBasicSearch\")]"}
RESULT: {"using":"xpath","value":"//input[contains(@id ,\"application-billingtransfer-display-component---billingWorkbench--smartFilterBar-btnBasicSearch\")]"}
COMMAND: POST /session/ffd02ccbd2ef7f94e44a9324fe7b5a64/elements - {"using":"xpath","value":"//input[contains(@id ,\"application-billingtransfer-display-component---billingWorkbench--smartFilterBar-btnBasicSearch\")]"}
RESULT: {"using":"xpath","value":"//input[contains(@id ,\"application-billingtransfer-display-component---billingWorkbench--smartFilterBar-btnBasicSearch\")]"}
COMMAND: POST /session/ffd02ccbd2ef7f94e44a9324fe7b5a64/elements - {"using":"xpath","value":"//input[contains(@id ,\"application-billingtransfer-display-component---billingWorkbench--smartFilterBar-btnBasicSearch\")]"}
RESULT: {"using":"xpath","value":"//input[contains(@id ,\"application-billingtransfer-display-component---billingWorkbench--smartFilterBar-btnBasicSearch\")]"}
COMMAND: POST /session/ffd02ccbd2ef7f94e44a9324fe7b5a64/elements - {"using":"xpath","value":"//input[contains(@id ,\"application-billingtransfer-display-component---billingWorkbench--smartFilterBar-btnBasicSearch\")]"}
RESULT: {"using":"xpath","value":"//input[contains(@id ,\"application-billingtransfer-display-component---billingWorkbench--smartFilterBar-btnBasicSearch\")]"}
COMMAND: POST /session/ffd02ccbd2ef7f94e44a9324fe7b5a64/elements - {"using":"xpath","value":"//input[contains(@id ,\"application-billingtransfer-display-component---billingWorkbench--smartFilterBar-btnBasicSearch\")]"}
RESULT: {"using":"xpath","value":"//input[contains(@id ,\"application-billingtransfer-display-component---billingWorkbench--smartFilterBar-btnBasicSearch\")]"}
COMMAND: POST /session/ffd02ccbd2ef7f94e44a9324fe7b5a64/elements - {"using":"xpath","value":"//input[contains(@id ,\"application-billingtransfer-display-component---billingWorkbench--smartFilterBar-btnBasicSearch\")]"}
RESULT: {"using":"xpath","value":"//input[contains(@id ,\"application-billingtransfer-display-component---billingWorkbench--smartFilterBar-btnBasicSearch\")]"}
COMMAND: POST /session/ffd02ccbd2ef7f94e44a9324fe7b5a64/elements - {"using":"xpath","value":"//input[contains(@id ,\"application-billingtransfer-display-component---billingWorkbench--smartFilterBar-btnBasicSearch\")]"}
RESULT: {"using":"xpath","value":"//input[contains(@id ,\"application-billingtransfer-display-component---billingWorkbench--smartFilterBar-btnBasicSearch\")]"}
COMMAND: POST /session/ffd02ccbd2ef7f94e44a9324fe7b5a64/elements - {"using":"xpath","value":"//input[contains(@id ,\"application-billingtransfer-display-component---billingWorkbench--smartFilterBar-btnBasicSearch\")]"}
RESULT: {"using":"xpath","value":"//input[contains(@id ,\"application-billingtransfer-display-component---billingWorkbench--smartFilterBar-btnBasicSearch\")]"}
COMMAND: POST /session/ffd02ccbd2ef7f94e44a9324fe7b5a64/elements - {"using":"xpath","value":"//input[contains(@id ,\"application-billingtransfer-display-component---billingWorkbench--smartFilterBar-btnBasicSearch\")]"}
RESULT: {"using":"xpath","value":"//input[contains(@id ,\"application-billingtransfer-display-component---billingWorkbench--smartFilterBar-btnBasicSearch\")]"}
COMMAND: POST /session/ffd02ccbd2ef7f94e44a9324fe7b5a64/elements - {"using":"xpath","value":"//input[contains(@id ,\"application-billingtransfer-display-component---billingWorkbench--smartFilterBar-btnBasicSearch\")]"}
RESULT: {"using":"xpath","value":"//input[contains(@id ,\"application-billingtransfer-display-component---billingWorkbench--smartFilterBar-btnBasicSearch\")]"}
COMMAND: POST /session/ffd02ccbd2ef7f94e44a9324fe7b5a64/elements - {"using":"xpath","value":"//input[contains(@id ,\"application-billingtransfer-display-component---billingWorkbench--smartFilterBar-btnBasicSearch\")]"}
RESULT: {"using":"xpath","value":"//input[contains(@id ,\"application-billingtransfer-display-component---billingWorkbench--smartFilterBar-btnBasicSearch\")]"}
COMMAND: POST /session/ffd02ccbd2ef7f94e44a9324fe7b5a64/elements - {"using":"xpath","value":"//input[contains(@id ,\"application-billingtransfer-display-component---billingWorkbench--smartFilterBar-btnBasicSearch\")]"}
RESULT: {"using":"xpath","value":"//input[contains(@id ,\"application-billingtransfer-display-component---billingWorkbench--smartFilterBar-btnBasicSearch\")]"}
COMMAND: POST /session/ffd02ccbd2ef7f94e44a9324fe7b5a64/elements - {"using":"xpath","value":"//input[contains(@id ,\"application-billingtransfer-display-component---billingWorkbench--smartFilterBar-btnBasicSearch\")]"}
RESULT: {"using":"xpath","value":"//input[contains(@id ,\"application-billingtransfer-display-component---billingWorkbench--smartFilterBar-btnBasicSearch\")]"}
COMMAND: POST /session/ffd02ccbd2ef7f94e44a9324fe7b5a64/elements - {"using":"xpath","value":"//input[contains(@id ,\"application-billingtransfer-display-component---billingWorkbench--smartFilterBar-btnBasicSearch\")]"}
RESULT: {"using":"xpath","value":"//input[contains(@id ,\"application-billingtransfer-display-component---billingWorkbench--smartFilterBar-btnBasicSearch\")]"}
COMMAND: POST /session/ffd02ccbd2ef7f94e44a9324fe7b5a64/elements - {"using":"xpath","value":"//input[contains(@id ,\"application-billingtransfer-display-component---billingWorkbench--smartFilterBar-btnBasicSearch\")]"}
RESULT: {"using":"xpath","value":"//input[contains(@id ,\"application-billingtransfer-display-component---billingWorkbench--smartFilterBar-btnBasicSearch\")]"}
COMMAND: POST /session/ffd02ccbd2ef7f94e44a9324fe7b5a64/elements - {"using":"xpath","value":"//input[contains(@id ,\"application-billingtransfer-display-component---billingWorkbench--smartFilterBar-btnBasicSearch\")]"}
RESULT: {"using":"xpath","value":"//input[contains(@id ,\"application-billingtransfer-display-component---billingWorkbench--smartFilterBar-btnBasicSearch\")]"}
COMMAND: POST /session/ffd02ccbd2ef7f94e44a9324fe7b5a64/elements - {"using":"xpath","value":"//input[contains(@id ,\"application-billingtransfer-display-component---billingWorkbench--smartFilterBar-btnBasicSearch\")]"}
COMMAND: GET /session/ffd02ccbd2ef7f94e44a9324fe7b5a64/screenshot - {}
RESULT: {"using":"xpath","value":"//input[contains(@id ,\"application-billingtransfer-display-component---billingWorkbench--smartFilterBar-btnBasicSearch\")]"}
RESULT: {}
COMMAND: POST /session/ffd02ccbd2ef7f94e44a9324fe7b5a64/element - {"using":"css selector","value":"#j_username"}
COMMAND: POST /session/ffd02ccbd2ef7f94e44a9324fe7b5a64/url - {"url":"https://qa-testing-00-live-etm-ui.cfapps.eu10-004.hana.ondemand.com/"}
COMMAND: GET /session/ffd02ccbd2ef7f94e44a9324fe7b5a64/screenshot - {}
COMMAND: GET /session/ffd02ccbd2ef7f94e44a9324fe7b5a64/screenshot - {}
RESULT: {}
RESULT: {}
RESULT: {"url":"https://qa-testing-00-live-etm-ui.cfapps.eu10-004.hana.ondemand.com/"}
RESULT: undefined
COMMAND: GET /session/ffd02ccbd2ef7f94e44a9324fe7b5a64/screenshot - {}
RESULT: {"using":"css selector","value":"#j_username"}
COMMAND: POST /session/ffd02ccbd2ef7f94e44a9324fe7b5a64/element - {"using":"css selector","value":"#j_username"}
RESULT: {}
RESULT: {"using":"css selector","value":"#j_username"}
COMMAND: POST /session/ffd02ccbd2ef7f94e44a9324fe7b5a64/element - {"using":"css selector","value":"#shell-header-logo"}
RESULT: {"using":"css selector","value":"#shell-header-logo"}
COMMAND: POST /session/ffd02ccbd2ef7f94e44a9324fe7b5a64/execute/sync - {"script":"<script> [8489 bytes]","args":[{"element-6066-11e4-a52e-4f735466cecf":"f.96D49A20C494BCF8563860382D93E39E.d.B76EFE624AB1EB508C71ACC93332B0D8.e.6470","ELEMENT":"f.96D49A20C494BCF8563860382D93E39E.d.B76EFE624AB1EB508C71ACC93332B0D8.e.6470"}]}
RESULT: {"script":"<script> [8489 bytes]","args":[{"element-6066-11e4-a52e-4f735466cecf":"f.96D49A20C494BCF8563860382D93E39E.d.B76EFE624AB1EB508C71ACC93332B0D8.e.6470","ELEMENT":"f.96D49A20C494BCF8563860382D93E39E.d.B76EFE624AB1EB508C71ACC93332B0D8.e.6470"}]}
COMMAND: POST /session/ffd02ccbd2ef7f94e44a9324fe7b5a64/element - {"using":"css selector","value":"#shell-header-logo"}
COMMAND: GET /session/ffd02ccbd2ef7f94e44a9324fe7b5a64/screenshot - {}
RESULT: {"using":"css selector","value":"#shell-header-logo"}
COMMAND: POST /session/ffd02ccbd2ef7f94e44a9324fe7b5a64/execute/sync - {"script":"<script> [8489 bytes]","args":[{"element-6066-11e4-a52e-4f735466cecf":"f.96D49A20C494BCF8563860382D93E39E.d.B76EFE624AB1EB508C71ACC93332B0D8.e.6470","ELEMENT":"f.96D49A20C494BCF8563860382D93E39E.d.B76EFE624AB1EB508C71ACC93332B0D8.e.6470"}]}
RESULT: {}
RESULT: {"script":"<script> [8489 bytes]","args":[{"element-6066-11e4-a52e-4f735466cecf":"f.96D49A20C494BCF8563860382D93E39E.d.B76EFE624AB1EB508C71ACC93332B0D8.e.6470","ELEMENT":"f.96D49A20C494BCF8563860382D93E39E.d.B76EFE624AB1EB508C71ACC93332B0D8.e.6470"}]}
COMMAND: POST /session/ffd02ccbd2ef7f94e44a9324fe7b5a64/execute/sync - {"script":"<script> [5351 bytes]","args":[{"element-6066-11e4-a52e-4f735466cecf":"f.96D49A20C494BCF8563860382D93E39E.d.B76EFE624AB1EB508C71ACC93332B0D8.e.6470","ELEMENT":"f.96D49A20C494BCF8563860382D93E39E.d.B76EFE624AB1EB508C71ACC93332B0D8.e.6470"}]}
COMMAND: GET /session/ffd02ccbd2ef7f94e44a9324fe7b5a64/screenshot - {}
RESULT: {"script":"<script> [5351 bytes]","args":[{"element-6066-11e4-a52e-4f735466cecf":"f.96D49A20C494BCF8563860382D93E39E.d.B76EFE624AB1EB508C71ACC93332B0D8.e.6470","ELEMENT":"f.96D49A20C494BCF8563860382D93E39E.d.B76EFE624AB1EB508C71ACC93332B0D8.e.6470"}]}
COMMAND: POST /session/ffd02ccbd2ef7f94e44a9324fe7b5a64/element - {"using":"css selector","value":"#shell-header-logo"}
COMMAND: GET /session/ffd02ccbd2ef7f94e44a9324fe7b5a64/screenshot - {}
RESULT: {}
RESULT: {"using":"css selector","value":"#shell-header-logo"}
COMMAND: POST /session/ffd02ccbd2ef7f94e44a9324fe7b5a64/element/f.96D49A20C494BCF8563860382D93E39E.d.B76EFE624AB1EB508C71ACC93332B0D8.e.6470/click - {}
RESULT: {}
RESULT: {}
COMMAND: GET /session/ffd02ccbd2ef7f94e44a9324fe7b5a64/screenshot - {}
RESULT: {}
COMMAND: POST /session/ffd02ccbd2ef7f94e44a9324fe7b5a64/execute/async - {"script":"<script> [189 bytes]","args":[]}
RESULT: {"script":"<script> [189 bytes]","args":[]}
COMMAND: POST /session/ffd02ccbd2ef7f94e44a9324fe7b5a64/execute/async - {"script":"<script> [123 bytes]","args":[]}
RESULT: {"script":"<script> [123 bytes]","args":[]}
COMMAND: POST /session/ffd02ccbd2ef7f94e44a9324fe7b5a64/timeouts - {"script":"<number>"}
RESULT: {"script":"<number>"}
COMMAND: GET /session/ffd02ccbd2ef7f94e44a9324fe7b5a64/timeouts - {}
RESULT: {}
RESULT: undefined
COMMAND: POST /session/ffd02ccbd2ef7f94e44a9324fe7b5a64/execute/async - {"script":"<script> [2676 bytes]","args":[]}
RESULT: {"script":"<script> [2676 bytes]","args":[]}
COMMAND: POST /session/ffd02ccbd2ef7f94e44a9324fe7b5a64/execute/async - {"script":"<script> [2342 bytes]","args":[{"protocol":"http","hostname":"0.0.0.0","path":"/","capabilities":{"browserName":"chrome","goog:chromeOptions":{"binary":"C:\\Program Files\\Google\\Chrome\\Application\\chrome.exe","args":["--start-maximized"]}},"logLevel":"warn","connectionRetryTimeout":120000,"connectionRetryCount":3,"logLevels":{},"enableDirectConnect":true,"strictSSL":true,"_":"65 more keys: [\"cacheDir\",\"port\",\"requestedCapabilities\",\"automationProtocol\",\"baseUrl\",\"waitforInterval\",\"waitforTimeout\",\"onReload\",\"beforeCommand\",\"afterCommand\",\"rootDir\",\"specs\",\"suites\",\"exclude\",\"groupLogsByTestSpec\",\"excludeDriverLogs\",\"bail\",\"framework\",\"reporters\",\"services\",\"maxInstances\",\"maxInstancesPerCapability\",\"injectGlobals\",\"filesToWatch\",\"execArgv\",\"runnerEnv\",\"runner\",\"shard\",\"specFileRetries\",\"specFileRetriesDelay\",\"specFileRetriesDeferred\",\"reporterSyncInterval\",\"reporterSyncTimeout\",\"cucumberFeaturesWithLineNumbers\",\"autoCompileOpts\",\"mochaOpts\",\"jasmineOpts\",\"cucumberOpts\",\"onPrepare\",\"onWorkerStart\",\"onWorkerEnd\",\"before\",\"beforeSession\",\"beforeSuite\",\"beforeHook\",\"beforeTest\",\"afterTest\",\"afterHook\",\"afterSuite\",\"afterSession\",\"after\",\"onComplete\",\"beforeAssertion\",\"afterAssertion\",\"beforeFeature\",\"beforeScenario\",\"beforeStep\",\"afterStep\",\"afterScenario\",\"afterFeature\",\"_\",\"suite\",\"$0\",\"ignoredWorkerServices\",\"wdi5\"]"}]}
RESULT: {"script":"<script> [2342 bytes]","args":[{"protocol":"http","hostname":"0.0.0.0","path":"/","capabilities":{"browserName":"chrome","goog:chromeOptions":{"binary":"C:\\Program Files\\Google\\Chrome\\Application\\chrome.exe","args":["--start-maximized"]}},"logLevel":"warn","connectionRetryTimeout":120000,"connectionRetryCount":3,"logLevels":{},"enableDirectConnect":true,"strictSSL":true,"_":"65 more keys: [\"cacheDir\",\"port\",\"requestedCapabilities\",\"automationProtocol\",\"baseUrl\",\"waitforInterval\",\"waitforTimeout\",\"onReload\",\"beforeCommand\",\"afterCommand\",\"rootDir\",\"specs\",\"suites\",\"exclude\",\"groupLogsByTestSpec\",\"excludeDriverLogs\",\"bail\",\"framework\",\"reporters\",\"services\",\"maxInstances\",\"maxInstancesPerCapability\",\"injectGlobals\",\"filesToWatch\",\"execArgv\",\"runnerEnv\",\"runner\",\"shard\",\"specFileRetries\",\"specFileRetriesDelay\",\"specFileRetriesDeferred\",\"reporterSyncInterval\",\"reporterSyncTimeout\",\"cucumberFeaturesWithLineNumbers\",\"autoCompileOpts\",\"mochaOpts\",\"jasmineOpts\",\"cucumberOpts\",\"onPrepare\",\"onWorkerStart\",\"onWorkerEnd\",\"before\",\"beforeSession\",\"beforeSuite\",\"beforeHook\",\"beforeTest\",\"afterTest\",\"afterHook\",\"afterSuite\",\"afterSession\",\"after\",\"onComplete\",\"beforeAssertion\",\"afterAssertion\",\"beforeFeature\",\"beforeScenario\",\"beforeStep\",\"afterStep\",\"afterScenario\",\"afterFeature\",\"_\",\"suite\",\"$0\",\"ignoredWorkerServices\",\"wdi5\"]"}]}
COMMAND: POST /session/ffd02ccbd2ef7f94e44a9324fe7b5a64/execute/async - {"script":"<script> [21126 bytes]","args":[35000]}
RESULT: {"script":"<script> [21126 bytes]","args":[35000]}
COMMAND: POST /session/ffd02ccbd2ef7f94e44a9324fe7b5a64/window/maximize - {}
RESULT: {}
COMMAND: POST /session/ffd02ccbd2ef7f94e44a9324fe7b5a64/execute/async - {"script":"<script> [1562 bytes]","args":[{"selector":{"id":"shell-header","interaction":{"idSuffix":"icon"}},"wdio_ui5_key":"shellheader"}]}
COMMAND: GET /session/ffd02ccbd2ef7f94e44a9324fe7b5a64/screenshot - {}
RESULT: {"script":"<script> [1562 bytes]","args":[{"selector":{"id":"shell-header","interaction":{"idSuffix":"icon"}},"wdio_ui5_key":"shellheader"}]}
RESULT: undefined
COMMAND: POST /session/ffd02ccbd2ef7f94e44a9324fe7b5a64/refresh - {}
RESULT: {}
RESULT: {}
COMMAND: GET /session/ffd02ccbd2ef7f94e44a9324fe7b5a64/screenshot - {}
RESULT: {}
COMMAND: POST /session/ffd02ccbd2ef7f94e44a9324fe7b5a64/refresh - {}
RESULT: {}
COMMAND: GET /session/ffd02ccbd2ef7f94e44a9324fe7b5a64/screenshot - {}
RESULT: {}
COMMAND: POST /session/ffd02ccbd2ef7f94e44a9324fe7b5a64/window/fullscreen - {}
RESULT: {}
COMMAND: POST /session/ffd02ccbd2ef7f94e44a9324fe7b5a64/execute/async - {"script":"<script> [189 bytes]","args":[]}
RESULT: {"script":"<script> [189 bytes]","args":[]}
COMMAND: POST /session/ffd02ccbd2ef7f94e44a9324fe7b5a64/execute/async - {"script":"<script> [123 bytes]","args":[]}
RESULT: {"script":"<script> [123 bytes]","args":[]}
COMMAND: POST /session/ffd02ccbd2ef7f94e44a9324fe7b5a64/timeouts - {"script":"<number>"}
RESULT: {"script":"<number>"}
COMMAND: GET /session/ffd02ccbd2ef7f94e44a9324fe7b5a64/timeouts - {}
RESULT: {}
RESULT: undefined
COMMAND: POST /session/ffd02ccbd2ef7f94e44a9324fe7b5a64/execute/async - {"script":"<script> [2676 bytes]","args":[]}
RESULT: {"script":"<script> [2676 bytes]","args":[]}
COMMAND: POST /session/ffd02ccbd2ef7f94e44a9324fe7b5a64/execute/async - {"script":"<script> [2342 bytes]","args":[{"protocol":"http","hostname":"0.0.0.0","path":"/","capabilities":{"browserName":"chrome","goog:chromeOptions":{"binary":"C:\\Program Files\\Google\\Chrome\\Application\\chrome.exe","args":["--start-maximized"]}},"logLevel":"warn","connectionRetryTimeout":120000,"connectionRetryCount":3,"logLevels":{},"enableDirectConnect":true,"strictSSL":true,"_":"65 more keys: [\"cacheDir\",\"port\",\"requestedCapabilities\",\"automationProtocol\",\"baseUrl\",\"waitforInterval\",\"waitforTimeout\",\"onReload\",\"beforeCommand\",\"afterCommand\",\"rootDir\",\"specs\",\"suites\",\"exclude\",\"groupLogsByTestSpec\",\"excludeDriverLogs\",\"bail\",\"framework\",\"reporters\",\"services\",\"maxInstances\",\"maxInstancesPerCapability\",\"injectGlobals\",\"filesToWatch\",\"execArgv\",\"runnerEnv\",\"runner\",\"shard\",\"specFileRetries\",\"specFileRetriesDelay\",\"specFileRetriesDeferred\",\"reporterSyncInterval\",\"reporterSyncTimeout\",\"cucumberFeaturesWithLineNumbers\",\"autoCompileOpts\",\"mochaOpts\",\"jasmineOpts\",\"cucumberOpts\",\"onPrepare\",\"onWorkerStart\",\"onWorkerEnd\",\"before\",\"beforeSession\",\"beforeSuite\",\"beforeHook\",\"beforeTest\",\"afterTest\",\"afterHook\",\"afterSuite\",\"afterSession\",\"after\",\"onComplete\",\"beforeAssertion\",\"afterAssertion\",\"beforeFeature\",\"beforeScenario\",\"beforeStep\",\"afterStep\",\"afterScenario\",\"afterFeature\",\"_\",\"suite\",\"$0\",\"ignoredWorkerServices\",\"wdi5\"]"}]}
RESULT: {"script":"<script> [2342 bytes]","args":[{"protocol":"http","hostname":"0.0.0.0","path":"/","capabilities":{"browserName":"chrome","goog:chromeOptions":{"binary":"C:\\Program Files\\Google\\Chrome\\Application\\chrome.exe","args":["--start-maximized"]}},"logLevel":"warn","connectionRetryTimeout":120000,"connectionRetryCount":3,"logLevels":{},"enableDirectConnect":true,"strictSSL":true,"_":"65 more keys: [\"cacheDir\",\"port\",\"requestedCapabilities\",\"automationProtocol\",\"baseUrl\",\"waitforInterval\",\"waitforTimeout\",\"onReload\",\"beforeCommand\",\"afterCommand\",\"rootDir\",\"specs\",\"suites\",\"exclude\",\"groupLogsByTestSpec\",\"excludeDriverLogs\",\"bail\",\"framework\",\"reporters\",\"services\",\"maxInstances\",\"maxInstancesPerCapability\",\"injectGlobals\",\"filesToWatch\",\"execArgv\",\"runnerEnv\",\"runner\",\"shard\",\"specFileRetries\",\"specFileRetriesDelay\",\"specFileRetriesDeferred\",\"reporterSyncInterval\",\"reporterSyncTimeout\",\"cucumberFeaturesWithLineNumbers\",\"autoCompileOpts\",\"mochaOpts\",\"jasmineOpts\",\"cucumberOpts\",\"onPrepare\",\"onWorkerStart\",\"onWorkerEnd\",\"before\",\"beforeSession\",\"beforeSuite\",\"beforeHook\",\"beforeTest\",\"afterTest\",\"afterHook\",\"afterSuite\",\"afterSession\",\"after\",\"onComplete\",\"beforeAssertion\",\"afterAssertion\",\"beforeFeature\",\"beforeScenario\",\"beforeStep\",\"afterStep\",\"afterScenario\",\"afterFeature\",\"_\",\"suite\",\"$0\",\"ignoredWorkerServices\",\"wdi5\"]"}]}
COMMAND: POST /session/ffd02ccbd2ef7f94e44a9324fe7b5a64/execute/async - {"script":"<script> [21126 bytes]","args":[35000]}
RESULT: {"script":"<script> [21126 bytes]","args":[35000]}
]]></system-out>
      <system-err><![CDATA[
Error: element ("//input[contains(@id ,"application-billingtransfer-display-component---billingWorkbench--smartFilterBar-btnBasicSearch")]") still not existing after 45000ms
    at async UtilsPrerequisites.narrowDownSearchBT (D:\a\1\s\test\specs\BTS\prerequisites-and-utils-functions.js:2856:9)
    at async UtilsPrerequisites.billingTransfer (D:\a\1\s\test\specs\BTS\prerequisites-and-utils-functions.js:2781:9)
    at async Context.<anonymous> (D:\a\1\s\test\specs\BTS\billing-transfer-intercompany.spec.js:95:9)
]]></system-err>
    </testcase>
  </testsuite>
  <testsuite timestamp="2025-05-22T17:49:24" time="1197.483" tests="12" failures="0" errors="0" skipped="0">
    <properties>
      <property name="specId" value="0"/>
      <property name="suiteName" value="Billing Transfer - Intracompany US127249"/>
      <property name="capabilities" value="chrome.136_0_7103_93.windows"/>
      <property name="file" value="file:///D:/a/1/s/test/specs/BTS/billing-transfer-intracompany.spec.js"/>
    </properties>
    <testcase classname="chrome.136_0_7103_93.windows.Billing_Transfer_-_Intracompany_US127249" name="Should create a new yard" time="133.397">
      <system-out><![CDATA[
COMMAND: POST /session/ffd02ccbd2ef7f94e44a9324fe7b5a64/window/fullscreen - {}
RESULT: {}
COMMAND: POST /session/ffd02ccbd2ef7f94e44a9324fe7b5a64/execute/async - {"script":"<script> [1562 bytes]","args":[{"selector":{"controlType":"sap.m.GenericTile","properties":{"header":"Manage Yards"}},"wdio_ui5_key":"sapm.GenericTile{\"header\":\"Manage Yards\"}"}]}
RESULT: {"script":"<script> [1562 bytes]","args":[{"selector":{"controlType":"sap.m.GenericTile","properties":{"header":"Manage Yards"}},"wdio_ui5_key":"sapm.GenericTile{\"header\":\"Manage Yards\"}"}]}
RESULT: undefined
COMMAND: POST /session/ffd02ccbd2ef7f94e44a9324fe7b5a64/element - {"using":"xpath","value":"//*[@id=\"__tile41\"]"}
RESULT: {"using":"xpath","value":"//*[@id=\"__tile41\"]"}
COMMAND: POST /session/ffd02ccbd2ef7f94e44a9324fe7b5a64/element/f.96D49A20C494BCF8563860382D93E39E.d.FB83354EF894EC8A897794FB233CFCC4.e.6631/click - {}
RESULT: {}
COMMAND: GET /session/ffd02ccbd2ef7f94e44a9324fe7b5a64/screenshot - {}
RESULT: {}
COMMAND: POST /session/ffd02ccbd2ef7f94e44a9324fe7b5a64/elements - {"using":"xpath","value":"//span[text()='Error']"}
RESULT: {"using":"xpath","value":"//span[text()='Error']"}
COMMAND: POST /session/ffd02ccbd2ef7f94e44a9324fe7b5a64/element - {"using":"xpath","value":"//button[@data-kt=\"addNewYardOverflowToolbarButton\"]"}
RESULT: {"using":"xpath","value":"//button[@data-kt=\"addNewYardOverflowToolbarButton\"]"}
COMMAND: POST /session/ffd02ccbd2ef7f94e44a9324fe7b5a64/elements - {"using":"xpath","value":"//button[@data-kt=\"addNewYardOverflowToolbarButton\"]"}
RESULT: {"using":"xpath","value":"//button[@data-kt=\"addNewYardOverflowToolbarButton\"]"}
COMMAND: POST /session/ffd02ccbd2ef7f94e44a9324fe7b5a64/elements - {"using":"xpath","value":"//button[@data-kt=\"addNewYardOverflowToolbarButton\"]"}
RESULT: {"using":"xpath","value":"//button[@data-kt=\"addNewYardOverflowToolbarButton\"]"}
COMMAND: POST /session/ffd02ccbd2ef7f94e44a9324fe7b5a64/elements - {"using":"xpath","value":"//button[@data-kt=\"addNewYardOverflowToolbarButton\"]"}
RESULT: {"using":"xpath","value":"//button[@data-kt=\"addNewYardOverflowToolbarButton\"]"}
COMMAND: POST /session/ffd02ccbd2ef7f94e44a9324fe7b5a64/elements - {"using":"xpath","value":"//button[@data-kt=\"addNewYardOverflowToolbarButton\"]"}
RESULT: {"using":"xpath","value":"//button[@data-kt=\"addNewYardOverflowToolbarButton\"]"}
COMMAND: POST /session/ffd02ccbd2ef7f94e44a9324fe7b5a64/elements - {"using":"xpath","value":"//button[@data-kt=\"addNewYardOverflowToolbarButton\"]"}
RESULT: {"using":"xpath","value":"//button[@data-kt=\"addNewYardOverflowToolbarButton\"]"}
COMMAND: POST /session/ffd02ccbd2ef7f94e44a9324fe7b5a64/elements - {"using":"xpath","value":"//button[@data-kt=\"addNewYardOverflowToolbarButton\"]"}
RESULT: {"using":"xpath","value":"//button[@data-kt=\"addNewYardOverflowToolbarButton\"]"}
COMMAND: POST /session/ffd02ccbd2ef7f94e44a9324fe7b5a64/elements - {"using":"xpath","value":"//button[@data-kt=\"addNewYardOverflowToolbarButton\"]"}
RESULT: {"using":"xpath","value":"//button[@data-kt=\"addNewYardOverflowToolbarButton\"]"}
COMMAND: POST /session/ffd02ccbd2ef7f94e44a9324fe7b5a64/elements - {"using":"xpath","value":"//button[@data-kt=\"addNewYardOverflowToolbarButton\"]"}
RESULT: {"using":"xpath","value":"//button[@data-kt=\"addNewYardOverflowToolbarButton\"]"}
COMMAND: POST /session/ffd02ccbd2ef7f94e44a9324fe7b5a64/element - {"using":"xpath","value":"//button[@data-kt=\"addNewYardOverflowToolbarButton\"]"}
RESULT: {"using":"xpath","value":"//button[@data-kt=\"addNewYardOverflowToolbarButton\"]"}
COMMAND: POST /session/ffd02ccbd2ef7f94e44a9324fe7b5a64/execute/sync - {"script":"<script> [8489 bytes]","args":[{"element-6066-11e4-a52e-4f735466cecf":"f.96D49A20C494BCF8563860382D93E39E.d.FB83354EF894EC8A897794FB233CFCC4.e.6765","ELEMENT":"f.96D49A20C494BCF8563860382D93E39E.d.FB83354EF894EC8A897794FB233CFCC4.e.6765"}]}
RESULT: {"script":"<script> [8489 bytes]","args":[{"element-6066-11e4-a52e-4f735466cecf":"f.96D49A20C494BCF8563860382D93E39E.d.FB83354EF894EC8A897794FB233CFCC4.e.6765","ELEMENT":"f.96D49A20C494BCF8563860382D93E39E.d.FB83354EF894EC8A897794FB233CFCC4.e.6765"}]}
COMMAND: GET /session/ffd02ccbd2ef7f94e44a9324fe7b5a64/element/f.96D49A20C494BCF8563860382D93E39E.d.FB83354EF894EC8A897794FB233CFCC4.e.6765/enabled - {}
COMMAND: GET /session/ffd02ccbd2ef7f94e44a9324fe7b5a64/screenshot - {}
RESULT: {}
COMMAND: POST /session/ffd02ccbd2ef7f94e44a9324fe7b5a64/execute/sync - {"script":"<script> [8489 bytes]","args":[{"element-6066-11e4-a52e-4f735466cecf":"f.96D49A20C494BCF8563860382D93E39E.d.FB83354EF894EC8A897794FB233CFCC4.e.6765","ELEMENT":"f.96D49A20C494BCF8563860382D93E39E.d.FB83354EF894EC8A897794FB233CFCC4.e.6765"}]}
COMMAND: GET /session/ffd02ccbd2ef7f94e44a9324fe7b5a64/screenshot - {}
RESULT: {}
RESULT: {"script":"<script> [8489 bytes]","args":[{"element-6066-11e4-a52e-4f735466cecf":"f.96D49A20C494BCF8563860382D93E39E.d.FB83354EF894EC8A897794FB233CFCC4.e.6765","ELEMENT":"f.96D49A20C494BCF8563860382D93E39E.d.FB83354EF894EC8A897794FB233CFCC4.e.6765"}]}
COMMAND: POST /session/ffd02ccbd2ef7f94e44a9324fe7b5a64/execute/sync - {"script":"<script> [5351 bytes]","args":[{"element-6066-11e4-a52e-4f735466cecf":"f.96D49A20C494BCF8563860382D93E39E.d.FB83354EF894EC8A897794FB233CFCC4.e.6765","ELEMENT":"f.96D49A20C494BCF8563860382D93E39E.d.FB83354EF894EC8A897794FB233CFCC4.e.6765"}]}
COMMAND: GET /session/ffd02ccbd2ef7f94e44a9324fe7b5a64/screenshot - {}
RESULT: {}
RESULT: {"script":"<script> [5351 bytes]","args":[{"element-6066-11e4-a52e-4f735466cecf":"f.96D49A20C494BCF8563860382D93E39E.d.FB83354EF894EC8A897794FB233CFCC4.e.6765","ELEMENT":"f.96D49A20C494BCF8563860382D93E39E.d.FB83354EF894EC8A897794FB233CFCC4.e.6765"}]}
COMMAND: POST /session/ffd02ccbd2ef7f94e44a9324fe7b5a64/element/f.96D49A20C494BCF8563860382D93E39E.d.FB83354EF894EC8A897794FB233CFCC4.e.6765/click - {}
COMMAND: GET /session/ffd02ccbd2ef7f94e44a9324fe7b5a64/screenshot - {}
RESULT: {}
RESULT: {}
COMMAND: GET /session/ffd02ccbd2ef7f94e44a9324fe7b5a64/screenshot - {}
COMMAND: POST /session/ffd02ccbd2ef7f94e44a9324fe7b5a64/element - {"using":"xpath","value":"//input[@id=\"application-manageyards-display-component---NewYard--yardId-inner\"]"}
RESULT: {}
RESULT: {}
RESULT: {"using":"xpath","value":"//input[@id=\"application-manageyards-display-component---NewYard--yardId-inner\"]"}
COMMAND: POST /session/ffd02ccbd2ef7f94e44a9324fe7b5a64/element - {"using":"xpath","value":"//input[@id=\"application-manageyards-display-component---NewYard--yardId-inner\"]"}
RESULT: {"using":"xpath","value":"//input[@id=\"application-manageyards-display-component---NewYard--yardId-inner\"]"}
COMMAND: POST /session/ffd02ccbd2ef7f94e44a9324fe7b5a64/execute/async - {"script":"<script> [1562 bytes]","args":[{"selector":{"id":"application-manageyards-display-component---NewYard--addressDetailDetailsName1","interaction":{"idSuffix":"inner"}},"wdio_ui5_key":"applicationmanageyards-display-component---NewYard--addressDetailDetailsName1"}]}
RESULT: {"script":"<script> [1562 bytes]","args":[{"selector":{"id":"application-manageyards-display-component---NewYard--addressDetailDetailsName1","interaction":{"idSuffix":"inner"}},"wdio_ui5_key":"applicationmanageyards-display-component---NewYard--addressDetailDetailsName1"}]}
RESULT: undefined
COMMAND: POST /session/ffd02ccbd2ef7f94e44a9324fe7b5a64/execute/async - {"script":"<script> [776 bytes]","args":[{"enterText":"Intracompany Yard wdIO","selector":{"id":"application-manageyards-display-component---NewYard--addressDetailDetailsName1","interaction":{"idSuffix":"inner"}},"clearTextFirst":true,"interactionType":"ENTER_TEXT"}]}
RESULT: {"script":"<script> [776 bytes]","args":[{"enterText":"Intracompany Yard wdIO","selector":{"id":"application-manageyards-display-component---NewYard--addressDetailDetailsName1","interaction":{"idSuffix":"inner"}},"clearTextFirst":true,"interactionType":"ENTER_TEXT"}]}
COMMAND: POST /session/ffd02ccbd2ef7f94e44a9324fe7b5a64/execute/async - {"script":"<script> [1562 bytes]","args":[{"selector":{"id":"application-manageyards-display-component---NewYard--addressDetailDetailsLanguage-arrow"},"wdio_ui5_key":"applicationmanageyards-display-component---NewYard--addressDetailDetailsLanguage-arrow"}]}
RESULT: {"script":"<script> [1562 bytes]","args":[{"selector":{"id":"application-manageyards-display-component---NewYard--addressDetailDetailsLanguage-arrow"},"wdio_ui5_key":"applicationmanageyards-display-component---NewYard--addressDetailDetailsLanguage-arrow"}]}
RESULT: undefined
COMMAND: POST /session/ffd02ccbd2ef7f94e44a9324fe7b5a64/element - {"using":"xpath","value":"//*[@id=\"application-manageyards-display-component---NewYard--addressDetailDetailsLanguage-arrow\"]"}
RESULT: {"using":"xpath","value":"//*[@id=\"application-manageyards-display-component---NewYard--addressDetailDetailsLanguage-arrow\"]"}
COMMAND: POST /session/ffd02ccbd2ef7f94e44a9324fe7b5a64/element/f.96D49A20C494BCF8563860382D93E39E.d.FB83354EF894EC8A897794FB233CFCC4.e.7206/click - {}
RESULT: {}
COMMAND: POST /session/ffd02ccbd2ef7f94e44a9324fe7b5a64/element - {"using":"xpath","value":"//span[contains(text(), \"English\")]"}
COMMAND: GET /session/ffd02ccbd2ef7f94e44a9324fe7b5a64/screenshot - {}
RESULT: {"using":"xpath","value":"//span[contains(text(), \"English\")]"}
COMMAND: POST /session/ffd02ccbd2ef7f94e44a9324fe7b5a64/element/f.96D49A20C494BCF8563860382D93E39E.d.FB83354EF894EC8A897794FB233CFCC4.e.7207/click - {}
RESULT: {}
RESULT: {}
COMMAND: POST /session/ffd02ccbd2ef7f94e44a9324fe7b5a64/execute/async - {"script":"<script> [1562 bytes]","args":[{"selector":{"id":"application-manageyards-display-component---NewYard--addressDetailDetailsCity1","interaction":{"idSuffix":"inner"}},"wdio_ui5_key":"applicationmanageyards-display-component---NewYard--addressDetailDetailsCity1"}]}
COMMAND: GET /session/ffd02ccbd2ef7f94e44a9324fe7b5a64/screenshot - {}
RESULT: {"script":"<script> [1562 bytes]","args":[{"selector":{"id":"application-manageyards-display-component---NewYard--addressDetailDetailsCity1","interaction":{"idSuffix":"inner"}},"wdio_ui5_key":"applicationmanageyards-display-component---NewYard--addressDetailDetailsCity1"}]}
RESULT: undefined
COMMAND: POST /session/ffd02ccbd2ef7f94e44a9324fe7b5a64/execute/async - {"script":"<script> [776 bytes]","args":[{"enterText":"Rosario","selector":{"id":"application-manageyards-display-component---NewYard--addressDetailDetailsCity1","interaction":{"idSuffix":"inner"}},"clearTextFirst":true,"interactionType":"ENTER_TEXT"}]}
RESULT: {}
RESULT: {"script":"<script> [776 bytes]","args":[{"enterText":"Rosario","selector":{"id":"application-manageyards-display-component---NewYard--addressDetailDetailsCity1","interaction":{"idSuffix":"inner"}},"clearTextFirst":true,"interactionType":"ENTER_TEXT"}]}
COMMAND: POST /session/ffd02ccbd2ef7f94e44a9324fe7b5a64/execute/async - {"script":"<script> [1562 bytes]","args":[{"selector":{"id":"application-manageyards-display-component---NewYard--addressDetailDetailsCountry-arrow"},"wdio_ui5_key":"applicationmanageyards-display-component---NewYard--addressDetailDetailsCountry-arrow"}]}
RESULT: {"script":"<script> [1562 bytes]","args":[{"selector":{"id":"application-manageyards-display-component---NewYard--addressDetailDetailsCountry-arrow"},"wdio_ui5_key":"applicationmanageyards-display-component---NewYard--addressDetailDetailsCountry-arrow"}]}
RESULT: undefined
COMMAND: POST /session/ffd02ccbd2ef7f94e44a9324fe7b5a64/element - {"using":"xpath","value":"//*[@id=\"application-manageyards-display-component---NewYard--addressDetailDetailsCountry-arrow\"]"}
RESULT: {"using":"xpath","value":"//*[@id=\"application-manageyards-display-component---NewYard--addressDetailDetailsCountry-arrow\"]"}
COMMAND: POST /session/ffd02ccbd2ef7f94e44a9324fe7b5a64/element/f.96D49A20C494BCF8563860382D93E39E.d.FB83354EF894EC8A897794FB233CFCC4.e.7209/click - {}
RESULT: {}
COMMAND: POST /session/ffd02ccbd2ef7f94e44a9324fe7b5a64/element - {"using":"xpath","value":"//span[contains(text(), \"Argentina\")]"}
COMMAND: GET /session/ffd02ccbd2ef7f94e44a9324fe7b5a64/screenshot - {}
RESULT: {"using":"xpath","value":"//span[contains(text(), \"Argentina\")]"}
COMMAND: POST /session/ffd02ccbd2ef7f94e44a9324fe7b5a64/element/f.96D49A20C494BCF8563860382D93E39E.d.FB83354EF894EC8A897794FB233CFCC4.e.7211/click - {}
RESULT: {}
RESULT: {}
COMMAND: POST /session/ffd02ccbd2ef7f94e44a9324fe7b5a64/execute/async - {"script":"<script> [1562 bytes]","args":[{"selector":{"id":"application-manageyards-display-component---NewYard--addressEditDetailsCostObjectCstType-arrow"},"wdio_ui5_key":"applicationmanageyards-display-component---NewYard--addressEditDetailsCostObjectCstType-arrow"}]}
COMMAND: GET /session/ffd02ccbd2ef7f94e44a9324fe7b5a64/screenshot - {}
RESULT: {"script":"<script> [1562 bytes]","args":[{"selector":{"id":"application-manageyards-display-component---NewYard--addressEditDetailsCostObjectCstType-arrow"},"wdio_ui5_key":"applicationmanageyards-display-component---NewYard--addressEditDetailsCostObjectCstType-arrow"}]}
RESULT: undefined
COMMAND: POST /session/ffd02ccbd2ef7f94e44a9324fe7b5a64/element - {"using":"xpath","value":"//*[@id=\"application-manageyards-display-component---NewYard--addressEditDetailsCostObjectCstType-arrow\"]"}
RESULT: {}
RESULT: {"using":"xpath","value":"//*[@id=\"application-manageyards-display-component---NewYard--addressEditDetailsCostObjectCstType-arrow\"]"}
COMMAND: POST /session/ffd02ccbd2ef7f94e44a9324fe7b5a64/element/f.96D49A20C494BCF8563860382D93E39E.d.FB83354EF894EC8A897794FB233CFCC4.e.7212/click - {}
RESULT: {}
COMMAND: POST /session/ffd02ccbd2ef7f94e44a9324fe7b5a64/element - {"using":"xpath","value":"//span[contains(text(), \"Cost Center\")]"}
COMMAND: GET /session/ffd02ccbd2ef7f94e44a9324fe7b5a64/screenshot - {}
RESULT: {"using":"xpath","value":"//span[contains(text(), \"Cost Center\")]"}
COMMAND: POST /session/ffd02ccbd2ef7f94e44a9324fe7b5a64/element/f.96D49A20C494BCF8563860382D93E39E.d.FB83354EF894EC8A897794FB233CFCC4.e.7213/click - {}
RESULT: {}
RESULT: {}
COMMAND: GET /session/ffd02ccbd2ef7f94e44a9324fe7b5a64/screenshot - {}
RESULT: {}
COMMAND: POST /session/ffd02ccbd2ef7f94e44a9324fe7b5a64/element - {"using":"xpath","value":"//span[@id=\"application-manageyards-display-component---NewYard--addressNewCostObjectCstID-vhi\"]"}
RESULT: {"using":"xpath","value":"//span[@id=\"application-manageyards-display-component---NewYard--addressNewCostObjectCstID-vhi\"]"}
COMMAND: POST /session/ffd02ccbd2ef7f94e44a9324fe7b5a64/execute/sync - {"script":"<script> [8489 bytes]","args":[{"element-6066-11e4-a52e-4f735466cecf":"f.96D49A20C494BCF8563860382D93E39E.d.FB83354EF894EC8A897794FB233CFCC4.e.7217","ELEMENT":"f.96D49A20C494BCF8563860382D93E39E.d.FB83354EF894EC8A897794FB233CFCC4.e.7217"}]}
RESULT: {"script":"<script> [8489 bytes]","args":[{"element-6066-11e4-a52e-4f735466cecf":"f.96D49A20C494BCF8563860382D93E39E.d.FB83354EF894EC8A897794FB233CFCC4.e.7217","ELEMENT":"f.96D49A20C494BCF8563860382D93E39E.d.FB83354EF894EC8A897794FB233CFCC4.e.7217"}]}
COMMAND: POST /session/ffd02ccbd2ef7f94e44a9324fe7b5a64/execute/async - {"script":"<script> [1562 bytes]","args":[{"selector":{"id":"application-manageyards-display-component---NewYard--addressNewCostObjectCstID-vhi"},"wdio_ui5_key":"applicationmanageyards-display-component---NewYard--addressNewCostObjectCstID-vhi"}]}
COMMAND: GET /session/ffd02ccbd2ef7f94e44a9324fe7b5a64/screenshot - {}
RESULT: {"script":"<script> [1562 bytes]","args":[{"selector":{"id":"application-manageyards-display-component---NewYard--addressNewCostObjectCstID-vhi"},"wdio_ui5_key":"applicationmanageyards-display-component---NewYard--addressNewCostObjectCstID-vhi"}]}
RESULT: undefined
COMMAND: POST /session/ffd02ccbd2ef7f94e44a9324fe7b5a64/element - {"using":"xpath","value":"//*[@id=\"application-manageyards-display-component---NewYard--addressNewCostObjectCstID-vhi\"]"}
RESULT: {}
RESULT: {"using":"xpath","value":"//*[@id=\"application-manageyards-display-component---NewYard--addressNewCostObjectCstID-vhi\"]"}
COMMAND: POST /session/ffd02ccbd2ef7f94e44a9324fe7b5a64/element/f.96D49A20C494BCF8563860382D93E39E.d.FB83354EF894EC8A897794FB233CFCC4.e.7217/click - {}
RESULT: {}
COMMAND: GET /session/ffd02ccbd2ef7f94e44a9324fe7b5a64/screenshot - {}
RESULT: {}
COMMAND: POST /session/ffd02ccbd2ef7f94e44a9324fe7b5a64/execute/async - {"script":"<script> [1562 bytes]","args":[{"selector":{"controlType":"sap.m.SearchField","properties":{"placeholder":"Search"},"searchOpenDialogs":true,"interaction":{"idSuffix":"I"}},"wdio_ui5_key":"sapm.SearchField{\"placeholder\":\"Search\"}"}]}
RESULT: {"script":"<script> [1562 bytes]","args":[{"selector":{"controlType":"sap.m.SearchField","properties":{"placeholder":"Search"},"searchOpenDialogs":true,"interaction":{"idSuffix":"I"}},"wdio_ui5_key":"sapm.SearchField{\"placeholder\":\"Search\"}"}]}
RESULT: undefined
COMMAND: POST /session/ffd02ccbd2ef7f94e44a9324fe7b5a64/execute/async - {"script":"<script> [776 bytes]","args":[{"enterText":"bauh_b","selector":{"controlType":"sap.m.SearchField","properties":{"placeholder":"Search"},"searchOpenDialogs":true,"interaction":{"idSuffix":"I"}},"clearTextFirst":true,"interactionType":"ENTER_TEXT"}]}
RESULT: {"script":"<script> [776 bytes]","args":[{"enterText":"bauh_b","selector":{"controlType":"sap.m.SearchField","properties":{"placeholder":"Search"},"searchOpenDialogs":true,"interaction":{"idSuffix":"I"}},"clearTextFirst":true,"interactionType":"ENTER_TEXT"}]}
COMMAND: POST /session/ffd02ccbd2ef7f94e44a9324fe7b5a64/actions - {"actions":[{"id":"action20","type":"key","parameters":{},"actions":[{"type":"keyDown","value":""},{"type":"pause","duration":10},{"type":"keyUp","value":""}]}]}
RESULT: {"actions":[{"id":"action20","type":"key","parameters":{},"actions":[{"type":"keyDown","value":""},{"type":"pause","duration":10},{"type":"keyUp","value":""}]}]}
COMMAND: GET /session/ffd02ccbd2ef7f94e44a9324fe7b5a64/screenshot - {}
RESULT: {}
COMMAND: POST /session/ffd02ccbd2ef7f94e44a9324fe7b5a64/element - {"using":"xpath","value":"//span[contains(text(), \"Demo Yard\")]"}
RESULT: {"using":"xpath","value":"//span[contains(text(), \"Demo Yard\")]"}
COMMAND: POST /session/ffd02ccbd2ef7f94e44a9324fe7b5a64/element/f.96D49A20C494BCF8563860382D93E39E.d.FB83354EF894EC8A897794FB233CFCC4.e.7259/click - {}
RESULT: {}
COMMAND: GET /session/ffd02ccbd2ef7f94e44a9324fe7b5a64/screenshot - {}
RESULT: {}
COMMAND: POST /session/ffd02ccbd2ef7f94e44a9324fe7b5a64/element - {"using":"xpath","value":"//bdi[contains(text(), \"OK\")]"}
RESULT: {"using":"xpath","value":"//bdi[contains(text(), \"OK\")]"}
COMMAND: POST /session/ffd02ccbd2ef7f94e44a9324fe7b5a64/element/f.96D49A20C494BCF8563860382D93E39E.d.FB83354EF894EC8A897794FB233CFCC4.e.7260/click - {}
RESULT: {}
COMMAND: GET /session/ffd02ccbd2ef7f94e44a9324fe7b5a64/screenshot - {}
RESULT: {}
COMMAND: POST /session/ffd02ccbd2ef7f94e44a9324fe7b5a64/execute/async - {"script":"<script> [1562 bytes]","args":[{"selector":{"id":"application-manageyards-display-component---NewYard--addressEditDetailsCurrency-arrow"},"wdio_ui5_key":"applicationmanageyards-display-component---NewYard--addressEditDetailsCurrency-arrow"}]}
RESULT: {"script":"<script> [1562 bytes]","args":[{"selector":{"id":"application-manageyards-display-component---NewYard--addressEditDetailsCurrency-arrow"},"wdio_ui5_key":"applicationmanageyards-display-component---NewYard--addressEditDetailsCurrency-arrow"}]}
RESULT: undefined
COMMAND: POST /session/ffd02ccbd2ef7f94e44a9324fe7b5a64/element - {"using":"xpath","value":"//*[@id=\"application-manageyards-display-component---NewYard--addressEditDetailsCurrency-arrow\"]"}
RESULT: {"using":"xpath","value":"//*[@id=\"application-manageyards-display-component---NewYard--addressEditDetailsCurrency-arrow\"]"}
COMMAND: POST /session/ffd02ccbd2ef7f94e44a9324fe7b5a64/element/f.96D49A20C494BCF8563860382D93E39E.d.FB83354EF894EC8A897794FB233CFCC4.e.7263/click - {}
RESULT: {}
COMMAND: POST /session/ffd02ccbd2ef7f94e44a9324fe7b5a64/element - {"using":"xpath","value":"//span[contains(text(), \"Euro\")]"}
COMMAND: GET /session/ffd02ccbd2ef7f94e44a9324fe7b5a64/screenshot - {}
RESULT: {"using":"xpath","value":"//span[contains(text(), \"Euro\")]"}
COMMAND: POST /session/ffd02ccbd2ef7f94e44a9324fe7b5a64/element/f.96D49A20C494BCF8563860382D93E39E.d.FB83354EF894EC8A897794FB233CFCC4.e.7264/click - {}
RESULT: {}
RESULT: {}
COMMAND: POST /session/ffd02ccbd2ef7f94e44a9324fe7b5a64/execute/async - {"script":"<script> [1562 bytes]","args":[{"selector":{"controlType":"sap.m.Input","viewName":"etm.portal.ui.manageyards.view.New","viewId":"application-manageyards-display-component---NewYard","bindingPath":{"path":"","propertyPath":"/CONTROLLING_AREA","modelName":"NewYardModel"},"interaction":{"idSuffix":"inner"}},"wdio_ui5_key":"etmportal.ui.manageyards.view.Newsap.m.Input{\"path\":\"\",\"propertyPath\":\"/CONTROLLING_AREA\",\"modelName\":\"NewYardModel\"}"}]}
COMMAND: GET /session/ffd02ccbd2ef7f94e44a9324fe7b5a64/screenshot - {}
RESULT: {"script":"<script> [1562 bytes]","args":[{"selector":{"controlType":"sap.m.Input","viewName":"etm.portal.ui.manageyards.view.New","viewId":"application-manageyards-display-component---NewYard","bindingPath":{"path":"","propertyPath":"/CONTROLLING_AREA","modelName":"NewYardModel"},"interaction":{"idSuffix":"inner"}},"wdio_ui5_key":"etmportal.ui.manageyards.view.Newsap.m.Input{\"path\":\"\",\"propertyPath\":\"/CONTROLLING_AREA\",\"modelName\":\"NewYardModel\"}"}]}
RESULT: undefined
COMMAND: POST /session/ffd02ccbd2ef7f94e44a9324fe7b5a64/execute/async - {"script":"<script> [776 bytes]","args":[{"enterText":"Z001","selector":{"controlType":"sap.m.Input","viewName":"etm.portal.ui.manageyards.view.New","viewId":"application-manageyards-display-component---NewYard","bindingPath":{"path":"","propertyPath":"/CONTROLLING_AREA","modelName":"NewYardModel"},"interaction":{"idSuffix":"inner"}},"clearTextFirst":true,"interactionType":"ENTER_TEXT"}]}
RESULT: {}
RESULT: {"script":"<script> [776 bytes]","args":[{"enterText":"Z001","selector":{"controlType":"sap.m.Input","viewName":"etm.portal.ui.manageyards.view.New","viewId":"application-manageyards-display-component---NewYard","bindingPath":{"path":"","propertyPath":"/CONTROLLING_AREA","modelName":"NewYardModel"},"interaction":{"idSuffix":"inner"}},"clearTextFirst":true,"interactionType":"ENTER_TEXT"}]}
COMMAND: POST /session/ffd02ccbd2ef7f94e44a9324fe7b5a64/execute/async - {"script":"<script> [1562 bytes]","args":[{"selector":{"id":"application-manageyards-display-component---NewYard--companyCodeComboBox","interaction":{"idSuffix":"inner"}},"wdio_ui5_key":"applicationmanageyards-display-component---NewYard--companyCodeComboBox"}]}
RESULT: {"script":"<script> [1562 bytes]","args":[{"selector":{"id":"application-manageyards-display-component---NewYard--companyCodeComboBox","interaction":{"idSuffix":"inner"}},"wdio_ui5_key":"applicationmanageyards-display-component---NewYard--companyCodeComboBox"}]}
RESULT: undefined
COMMAND: POST /session/ffd02ccbd2ef7f94e44a9324fe7b5a64/execute/async - {"script":"<script> [776 bytes]","args":[{"enterText":"1000","selector":{"id":"application-manageyards-display-component---NewYard--companyCodeComboBox","interaction":{"idSuffix":"inner"}},"clearTextFirst":true,"interactionType":"ENTER_TEXT"}]}
RESULT: {"script":"<script> [776 bytes]","args":[{"enterText":"1000","selector":{"id":"application-manageyards-display-component---NewYard--companyCodeComboBox","interaction":{"idSuffix":"inner"}},"clearTextFirst":true,"interactionType":"ENTER_TEXT"}]}
COMMAND: POST /session/ffd02ccbd2ef7f94e44a9324fe7b5a64/execute/async - {"script":"<script> [1562 bytes]","args":[{"selector":{"controlType":"sap.m.Input","viewName":"etm.portal.ui.manageyards.view.New","viewId":"application-manageyards-display-component---NewYard","bindingPath":{"path":"","propertyPath":"/PLANT","modelName":"NewYardModel"},"interaction":{"idSuffix":"inner"}},"wdio_ui5_key":"etmportal.ui.manageyards.view.Newsap.m.Input{\"path\":\"\",\"propertyPath\":\"/PLANT\",\"modelName\":\"NewYardModel\"}"}]}
RESULT: {"script":"<script> [1562 bytes]","args":[{"selector":{"controlType":"sap.m.Input","viewName":"etm.portal.ui.manageyards.view.New","viewId":"application-manageyards-display-component---NewYard","bindingPath":{"path":"","propertyPath":"/PLANT","modelName":"NewYardModel"},"interaction":{"idSuffix":"inner"}},"wdio_ui5_key":"etmportal.ui.manageyards.view.Newsap.m.Input{\"path\":\"\",\"propertyPath\":\"/PLANT\",\"modelName\":\"NewYardModel\"}"}]}
RESULT: undefined
COMMAND: POST /session/ffd02ccbd2ef7f94e44a9324fe7b5a64/execute/async - {"script":"<script> [776 bytes]","args":[{"enterText":"1001","selector":{"controlType":"sap.m.Input","viewName":"etm.portal.ui.manageyards.view.New","viewId":"application-manageyards-display-component---NewYard","bindingPath":{"path":"","propertyPath":"/PLANT","modelName":"NewYardModel"},"interaction":{"idSuffix":"inner"}},"clearTextFirst":true,"interactionType":"ENTER_TEXT"}]}
RESULT: {"script":"<script> [776 bytes]","args":[{"enterText":"1001","selector":{"controlType":"sap.m.Input","viewName":"etm.portal.ui.manageyards.view.New","viewId":"application-manageyards-display-component---NewYard","bindingPath":{"path":"","propertyPath":"/PLANT","modelName":"NewYardModel"},"interaction":{"idSuffix":"inner"}},"clearTextFirst":true,"interactionType":"ENTER_TEXT"}]}
COMMAND: POST /session/ffd02ccbd2ef7f94e44a9324fe7b5a64/execute/async - {"script":"<script> [1562 bytes]","args":[{"selector":{"controlType":"sap.m.Input","viewName":"etm.portal.ui.manageyards.view.New","viewId":"application-manageyards-display-component---NewYard","bindingPath":{"path":"","propertyPath":"/SALES_AREA_VKORG","modelName":"NewYardModel"},"interaction":{"idSuffix":"inner"}},"wdio_ui5_key":"etmportal.ui.manageyards.view.Newsap.m.Input{\"path\":\"\",\"propertyPath\":\"/SALES_AREA_VKORG\",\"modelName\":\"NewYardModel\"}"}]}
RESULT: {"script":"<script> [1562 bytes]","args":[{"selector":{"controlType":"sap.m.Input","viewName":"etm.portal.ui.manageyards.view.New","viewId":"application-manageyards-display-component---NewYard","bindingPath":{"path":"","propertyPath":"/SALES_AREA_VKORG","modelName":"NewYardModel"},"interaction":{"idSuffix":"inner"}},"wdio_ui5_key":"etmportal.ui.manageyards.view.Newsap.m.Input{\"path\":\"\",\"propertyPath\":\"/SALES_AREA_VKORG\",\"modelName\":\"NewYardModel\"}"}]}
RESULT: undefined
COMMAND: POST /session/ffd02ccbd2ef7f94e44a9324fe7b5a64/execute/async - {"script":"<script> [776 bytes]","args":[{"enterText":"C002","selector":{"controlType":"sap.m.Input","viewName":"etm.portal.ui.manageyards.view.New","viewId":"application-manageyards-display-component---NewYard","bindingPath":{"path":"","propertyPath":"/SALES_AREA_VKORG","modelName":"NewYardModel"},"interaction":{"idSuffix":"inner"}},"clearTextFirst":true,"interactionType":"ENTER_TEXT"}]}
RESULT: {"script":"<script> [776 bytes]","args":[{"enterText":"C002","selector":{"controlType":"sap.m.Input","viewName":"etm.portal.ui.manageyards.view.New","viewId":"application-manageyards-display-component---NewYard","bindingPath":{"path":"","propertyPath":"/SALES_AREA_VKORG","modelName":"NewYardModel"},"interaction":{"idSuffix":"inner"}},"clearTextFirst":true,"interactionType":"ENTER_TEXT"}]}
COMMAND: POST /session/ffd02ccbd2ef7f94e44a9324fe7b5a64/execute/async - {"script":"<script> [1562 bytes]","args":[{"selector":{"controlType":"sap.m.Input","viewName":"etm.portal.ui.manageyards.view.New","viewId":"application-manageyards-display-component---NewYard","bindingPath":{"path":"","propertyPath":"/SALES_AREA_VTWEG","modelName":"NewYardModel"},"interaction":{"idSuffix":"inner"}},"wdio_ui5_key":"etmportal.ui.manageyards.view.Newsap.m.Input{\"path\":\"\",\"propertyPath\":\"/SALES_AREA_VTWEG\",\"modelName\":\"NewYardModel\"}"}]}
RESULT: {"script":"<script> [1562 bytes]","args":[{"selector":{"controlType":"sap.m.Input","viewName":"etm.portal.ui.manageyards.view.New","viewId":"application-manageyards-display-component---NewYard","bindingPath":{"path":"","propertyPath":"/SALES_AREA_VTWEG","modelName":"NewYardModel"},"interaction":{"idSuffix":"inner"}},"wdio_ui5_key":"etmportal.ui.manageyards.view.Newsap.m.Input{\"path\":\"\",\"propertyPath\":\"/SALES_AREA_VTWEG\",\"modelName\":\"NewYardModel\"}"}]}
RESULT: undefined
COMMAND: POST /session/ffd02ccbd2ef7f94e44a9324fe7b5a64/execute/async - {"script":"<script> [776 bytes]","args":[{"enterText":"C2","selector":{"controlType":"sap.m.Input","viewName":"etm.portal.ui.manageyards.view.New","viewId":"application-manageyards-display-component---NewYard","bindingPath":{"path":"","propertyPath":"/SALES_AREA_VTWEG","modelName":"NewYardModel"},"interaction":{"idSuffix":"inner"}},"clearTextFirst":true,"interactionType":"ENTER_TEXT"}]}
RESULT: {"script":"<script> [776 bytes]","args":[{"enterText":"C2","selector":{"controlType":"sap.m.Input","viewName":"etm.portal.ui.manageyards.view.New","viewId":"application-manageyards-display-component---NewYard","bindingPath":{"path":"","propertyPath":"/SALES_AREA_VTWEG","modelName":"NewYardModel"},"interaction":{"idSuffix":"inner"}},"clearTextFirst":true,"interactionType":"ENTER_TEXT"}]}
COMMAND: POST /session/ffd02ccbd2ef7f94e44a9324fe7b5a64/execute/async - {"script":"<script> [1562 bytes]","args":[{"selector":{"controlType":"sap.m.Input","viewName":"etm.portal.ui.manageyards.view.New","viewId":"application-manageyards-display-component---NewYard","bindingPath":{"path":"","propertyPath":"/SALES_AREA_SPART","modelName":"NewYardModel"},"interaction":{"idSuffix":"inner"}},"wdio_ui5_key":"etmportal.ui.manageyards.view.Newsap.m.Input{\"path\":\"\",\"propertyPath\":\"/SALES_AREA_SPART\",\"modelName\":\"NewYardModel\"}"}]}
RESULT: {"script":"<script> [1562 bytes]","args":[{"selector":{"controlType":"sap.m.Input","viewName":"etm.portal.ui.manageyards.view.New","viewId":"application-manageyards-display-component---NewYard","bindingPath":{"path":"","propertyPath":"/SALES_AREA_SPART","modelName":"NewYardModel"},"interaction":{"idSuffix":"inner"}},"wdio_ui5_key":"etmportal.ui.manageyards.view.Newsap.m.Input{\"path\":\"\",\"propertyPath\":\"/SALES_AREA_SPART\",\"modelName\":\"NewYardModel\"}"}]}
RESULT: undefined
COMMAND: POST /session/ffd02ccbd2ef7f94e44a9324fe7b5a64/execute/async - {"script":"<script> [776 bytes]","args":[{"enterText":"C2","selector":{"controlType":"sap.m.Input","viewName":"etm.portal.ui.manageyards.view.New","viewId":"application-manageyards-display-component---NewYard","bindingPath":{"path":"","propertyPath":"/SALES_AREA_SPART","modelName":"NewYardModel"},"interaction":{"idSuffix":"inner"}},"clearTextFirst":true,"interactionType":"ENTER_TEXT"}]}
RESULT: {"script":"<script> [776 bytes]","args":[{"enterText":"C2","selector":{"controlType":"sap.m.Input","viewName":"etm.portal.ui.manageyards.view.New","viewId":"application-manageyards-display-component---NewYard","bindingPath":{"path":"","propertyPath":"/SALES_AREA_SPART","modelName":"NewYardModel"},"interaction":{"idSuffix":"inner"}},"clearTextFirst":true,"interactionType":"ENTER_TEXT"}]}
COMMAND: POST /session/ffd02ccbd2ef7f94e44a9324fe7b5a64/execute/async - {"script":"<script> [1562 bytes]","args":[{"selector":{"controlType":"sap.m.Input","viewName":"etm.portal.ui.manageyards.view.New","viewId":"application-manageyards-display-component---NewYard","bindingPath":{"path":"","propertyPath":"/SHIP_POINT","modelName":"NewYardModel"},"interaction":{"idSuffix":"inner"}},"wdio_ui5_key":"etmportal.ui.manageyards.view.Newsap.m.Input{\"path\":\"\",\"propertyPath\":\"/SHIP_POINT\",\"modelName\":\"NewYardModel\"}"}]}
RESULT: {"script":"<script> [1562 bytes]","args":[{"selector":{"controlType":"sap.m.Input","viewName":"etm.portal.ui.manageyards.view.New","viewId":"application-manageyards-display-component---NewYard","bindingPath":{"path":"","propertyPath":"/SHIP_POINT","modelName":"NewYardModel"},"interaction":{"idSuffix":"inner"}},"wdio_ui5_key":"etmportal.ui.manageyards.view.Newsap.m.Input{\"path\":\"\",\"propertyPath\":\"/SHIP_POINT\",\"modelName\":\"NewYardModel\"}"}]}
RESULT: undefined
COMMAND: POST /session/ffd02ccbd2ef7f94e44a9324fe7b5a64/execute/async - {"script":"<script> [776 bytes]","args":[{"enterText":"1710","selector":{"controlType":"sap.m.Input","viewName":"etm.portal.ui.manageyards.view.New","viewId":"application-manageyards-display-component---NewYard","bindingPath":{"path":"","propertyPath":"/SHIP_POINT","modelName":"NewYardModel"},"interaction":{"idSuffix":"inner"}},"clearTextFirst":true,"interactionType":"ENTER_TEXT"}]}
RESULT: {"script":"<script> [776 bytes]","args":[{"enterText":"1710","selector":{"controlType":"sap.m.Input","viewName":"etm.portal.ui.manageyards.view.New","viewId":"application-manageyards-display-component---NewYard","bindingPath":{"path":"","propertyPath":"/SHIP_POINT","modelName":"NewYardModel"},"interaction":{"idSuffix":"inner"}},"clearTextFirst":true,"interactionType":"ENTER_TEXT"}]}
COMMAND: POST /session/ffd02ccbd2ef7f94e44a9324fe7b5a64/execute/async - {"script":"<script> [1562 bytes]","args":[{"selector":{"controlType":"sap.m.Input","viewName":"etm.portal.ui.manageyards.view.New","viewId":"application-manageyards-display-component---NewYard","bindingPath":{"path":"","propertyPath":"/DELIVERY_TYPE","modelName":"NewYardModel"},"interaction":{"idSuffix":"inner"}},"wdio_ui5_key":"etmportal.ui.manageyards.view.Newsap.m.Input{\"path\":\"\",\"propertyPath\":\"/DELIVERY_TYPE\",\"modelName\":\"NewYardModel\"}"}]}
RESULT: {"script":"<script> [1562 bytes]","args":[{"selector":{"controlType":"sap.m.Input","viewName":"etm.portal.ui.manageyards.view.New","viewId":"application-manageyards-display-component---NewYard","bindingPath":{"path":"","propertyPath":"/DELIVERY_TYPE","modelName":"NewYardModel"},"interaction":{"idSuffix":"inner"}},"wdio_ui5_key":"etmportal.ui.manageyards.view.Newsap.m.Input{\"path\":\"\",\"propertyPath\":\"/DELIVERY_TYPE\",\"modelName\":\"NewYardModel\"}"}]}
RESULT: undefined
COMMAND: POST /session/ffd02ccbd2ef7f94e44a9324fe7b5a64/execute/async - {"script":"<script> [776 bytes]","args":[{"enterText":"ZL01","selector":{"controlType":"sap.m.Input","viewName":"etm.portal.ui.manageyards.view.New","viewId":"application-manageyards-display-component---NewYard","bindingPath":{"path":"","propertyPath":"/DELIVERY_TYPE","modelName":"NewYardModel"},"interaction":{"idSuffix":"inner"}},"clearTextFirst":true,"interactionType":"ENTER_TEXT"}]}
RESULT: {"script":"<script> [776 bytes]","args":[{"enterText":"ZL01","selector":{"controlType":"sap.m.Input","viewName":"etm.portal.ui.manageyards.view.New","viewId":"application-manageyards-display-component---NewYard","bindingPath":{"path":"","propertyPath":"/DELIVERY_TYPE","modelName":"NewYardModel"},"interaction":{"idSuffix":"inner"}},"clearTextFirst":true,"interactionType":"ENTER_TEXT"}]}
COMMAND: POST /session/ffd02ccbd2ef7f94e44a9324fe7b5a64/execute/async - {"script":"<script> [1562 bytes]","args":[{"selector":{"controlType":"sap.m.Input","viewName":"etm.portal.ui.manageyards.view.New","viewId":"application-manageyards-display-component---NewYard","bindingPath":{"path":"","propertyPath":"/AUART","modelName":"NewYardModel"},"interaction":{"idSuffix":"inner"}},"wdio_ui5_key":"etmportal.ui.manageyards.view.Newsap.m.Input{\"path\":\"\",\"propertyPath\":\"/AUART\",\"modelName\":\"NewYardModel\"}"}]}
RESULT: {"script":"<script> [1562 bytes]","args":[{"selector":{"controlType":"sap.m.Input","viewName":"etm.portal.ui.manageyards.view.New","viewId":"application-manageyards-display-component---NewYard","bindingPath":{"path":"","propertyPath":"/AUART","modelName":"NewYardModel"},"interaction":{"idSuffix":"inner"}},"wdio_ui5_key":"etmportal.ui.manageyards.view.Newsap.m.Input{\"path\":\"\",\"propertyPath\":\"/AUART\",\"modelName\":\"NewYardModel\"}"}]}
RESULT: undefined
COMMAND: POST /session/ffd02ccbd2ef7f94e44a9324fe7b5a64/execute/async - {"script":"<script> [776 bytes]","args":[{"enterText":"TA","selector":{"controlType":"sap.m.Input","viewName":"etm.portal.ui.manageyards.view.New","viewId":"application-manageyards-display-component---NewYard","bindingPath":{"path":"","propertyPath":"/AUART","modelName":"NewYardModel"},"interaction":{"idSuffix":"inner"}},"clearTextFirst":true,"interactionType":"ENTER_TEXT"}]}
RESULT: {"script":"<script> [776 bytes]","args":[{"enterText":"TA","selector":{"controlType":"sap.m.Input","viewName":"etm.portal.ui.manageyards.view.New","viewId":"application-manageyards-display-component---NewYard","bindingPath":{"path":"","propertyPath":"/AUART","modelName":"NewYardModel"},"interaction":{"idSuffix":"inner"}},"clearTextFirst":true,"interactionType":"ENTER_TEXT"}]}
COMMAND: POST /session/ffd02ccbd2ef7f94e44a9324fe7b5a64/element - {"using":"xpath","value":"//button[@data-kt=\"newYardSaveButton\"]"}
RESULT: {"using":"xpath","value":"//button[@data-kt=\"newYardSaveButton\"]"}
COMMAND: POST /session/ffd02ccbd2ef7f94e44a9324fe7b5a64/element/f.96D49A20C494BCF8563860382D93E39E.d.FB83354EF894EC8A897794FB233CFCC4.e.7172/click - {}
RESULT: {}
COMMAND: GET /session/ffd02ccbd2ef7f94e44a9324fe7b5a64/screenshot - {}
RESULT: {}
COMMAND: POST /session/ffd02ccbd2ef7f94e44a9324fe7b5a64/element - {"using":"xpath","value":"//header[contains(@id, 'ObjectPageLayout-headerTitle')]/div[1]/div[2]/div[1]/span[1]"}
RESULT: {"using":"xpath","value":"//header[contains(@id, 'ObjectPageLayout-headerTitle')]/div[1]/div[2]/div[1]/span[1]"}
COMMAND: POST /session/ffd02ccbd2ef7f94e44a9324fe7b5a64/elements - {"using":"xpath","value":"//header[contains(@id, 'ObjectPageLayout-headerTitle')]/div[1]/div[2]/div[1]/span[1]"}
RESULT: {"using":"xpath","value":"//header[contains(@id, 'ObjectPageLayout-headerTitle')]/div[1]/div[2]/div[1]/span[1]"}
COMMAND: POST /session/ffd02ccbd2ef7f94e44a9324fe7b5a64/execute/sync - {"script":"<script> [56 bytes]","args":[{"element-6066-11e4-a52e-4f735466cecf":"f.96D49A20C494BCF8563860382D93E39E.d.FB83354EF894EC8A897794FB233CFCC4.e.7488","ELEMENT":"f.96D49A20C494BCF8563860382D93E39E.d.FB83354EF894EC8A897794FB233CFCC4.e.7488"}]}
RESULT: {"script":"<script> [56 bytes]","args":[{"element-6066-11e4-a52e-4f735466cecf":"f.96D49A20C494BCF8563860382D93E39E.d.FB83354EF894EC8A897794FB233CFCC4.e.7488","ELEMENT":"f.96D49A20C494BCF8563860382D93E39E.d.FB83354EF894EC8A897794FB233CFCC4.e.7488"}]}
COMMAND: GET /session/ffd02ccbd2ef7f94e44a9324fe7b5a64/screenshot - {}
RESULT: {}
COMMAND: POST /session/ffd02ccbd2ef7f94e44a9324fe7b5a64/element - {"using":"css selector","value":"#shell-header-logo"}
RESULT: {"using":"css selector","value":"#shell-header-logo"}
COMMAND: POST /session/ffd02ccbd2ef7f94e44a9324fe7b5a64/element/f.96D49A20C494BCF8563860382D93E39E.d.FB83354EF894EC8A897794FB233CFCC4.e.6734/click - {}
RESULT: {}
COMMAND: GET /session/ffd02ccbd2ef7f94e44a9324fe7b5a64/screenshot - {}
RESULT: {}
COMMAND: POST /session/ffd02ccbd2ef7f94e44a9324fe7b5a64/execute/sync - {"script":"<script> [299 bytes]","args":[["getModel","getResource"]]}
RESULT: {"script":"<script> [299 bytes]","args":[["getModel","getResource"]]}
COMMAND: GET /session/ffd02ccbd2ef7f94e44a9324fe7b5a64/screenshot - {}
]]></system-out>
    </testcase>
    <testcase classname="chrome.136_0_7103_93.windows.Billing_Transfer_-_Intracompany_US127249" name="Should create a new partner" time="151.088">
      <system-out><![CDATA[
COMMAND: POST /session/ffd02ccbd2ef7f94e44a9324fe7b5a64/window/fullscreen - {}
RESULT: {}
RESULT: {}
COMMAND: POST /session/ffd02ccbd2ef7f94e44a9324fe7b5a64/execute/async - {"script":"<script> [1562 bytes]","args":[{"selector":{"controlType":"sap.m.GenericTile","properties":{"header":"Manage Partners"}},"wdio_ui5_key":"sapm.GenericTile{\"header\":\"Manage Partners\"}"}]}
RESULT: {"script":"<script> [1562 bytes]","args":[{"selector":{"controlType":"sap.m.GenericTile","properties":{"header":"Manage Partners"}},"wdio_ui5_key":"sapm.GenericTile{\"header\":\"Manage Partners\"}"}]}
RESULT: undefined
COMMAND: POST /session/ffd02ccbd2ef7f94e44a9324fe7b5a64/element - {"using":"xpath","value":"//*[@id=\"__tile38\"]"}
RESULT: {"using":"xpath","value":"//*[@id=\"__tile38\"]"}
COMMAND: POST /session/ffd02ccbd2ef7f94e44a9324fe7b5a64/element/f.96D49A20C494BCF8563860382D93E39E.d.FB83354EF894EC8A897794FB233CFCC4.e.6622/click - {}
RESULT: {}
COMMAND: GET /session/ffd02ccbd2ef7f94e44a9324fe7b5a64/screenshot - {}
COMMAND: POST /session/ffd02ccbd2ef7f94e44a9324fe7b5a64/elements - {"using":"xpath","value":"//span[text()='Error']"}
RESULT: {}
RESULT: {"using":"xpath","value":"//span[text()='Error']"}
COMMAND: POST /session/ffd02ccbd2ef7f94e44a9324fe7b5a64/element - {"using":"xpath","value":"//button[@data-kt=\"addButton\"]"}
RESULT: {"using":"xpath","value":"//button[@data-kt=\"addButton\"]"}
COMMAND: POST /session/ffd02ccbd2ef7f94e44a9324fe7b5a64/elements - {"using":"xpath","value":"//button[@data-kt=\"addButton\"]"}
RESULT: {"using":"xpath","value":"//button[@data-kt=\"addButton\"]"}
COMMAND: POST /session/ffd02ccbd2ef7f94e44a9324fe7b5a64/elements - {"using":"xpath","value":"//button[@data-kt=\"addButton\"]"}
RESULT: {"using":"xpath","value":"//button[@data-kt=\"addButton\"]"}
COMMAND: POST /session/ffd02ccbd2ef7f94e44a9324fe7b5a64/element - {"using":"xpath","value":"//button[@data-kt=\"addButton\"]"}
RESULT: {"using":"xpath","value":"//button[@data-kt=\"addButton\"]"}
COMMAND: POST /session/ffd02ccbd2ef7f94e44a9324fe7b5a64/execute/sync - {"script":"<script> [8489 bytes]","args":[{"element-6066-11e4-a52e-4f735466cecf":"f.96D49A20C494BCF8563860382D93E39E.d.FB83354EF894EC8A897794FB233CFCC4.e.7527","ELEMENT":"f.96D49A20C494BCF8563860382D93E39E.d.FB83354EF894EC8A897794FB233CFCC4.e.7527"}]}
RESULT: {"script":"<script> [8489 bytes]","args":[{"element-6066-11e4-a52e-4f735466cecf":"f.96D49A20C494BCF8563860382D93E39E.d.FB83354EF894EC8A897794FB233CFCC4.e.7527","ELEMENT":"f.96D49A20C494BCF8563860382D93E39E.d.FB83354EF894EC8A897794FB233CFCC4.e.7527"}]}
COMMAND: GET /session/ffd02ccbd2ef7f94e44a9324fe7b5a64/element/f.96D49A20C494BCF8563860382D93E39E.d.FB83354EF894EC8A897794FB233CFCC4.e.7527/enabled - {}
COMMAND: GET /session/ffd02ccbd2ef7f94e44a9324fe7b5a64/screenshot - {}
RESULT: {}
COMMAND: POST /session/ffd02ccbd2ef7f94e44a9324fe7b5a64/execute/sync - {"script":"<script> [8489 bytes]","args":[{"element-6066-11e4-a52e-4f735466cecf":"f.96D49A20C494BCF8563860382D93E39E.d.FB83354EF894EC8A897794FB233CFCC4.e.7527","ELEMENT":"f.96D49A20C494BCF8563860382D93E39E.d.FB83354EF894EC8A897794FB233CFCC4.e.7527"}]}
COMMAND: GET /session/ffd02ccbd2ef7f94e44a9324fe7b5a64/screenshot - {}
RESULT: {}
RESULT: {"script":"<script> [8489 bytes]","args":[{"element-6066-11e4-a52e-4f735466cecf":"f.96D49A20C494BCF8563860382D93E39E.d.FB83354EF894EC8A897794FB233CFCC4.e.7527","ELEMENT":"f.96D49A20C494BCF8563860382D93E39E.d.FB83354EF894EC8A897794FB233CFCC4.e.7527"}]}
COMMAND: POST /session/ffd02ccbd2ef7f94e44a9324fe7b5a64/execute/sync - {"script":"<script> [5351 bytes]","args":[{"element-6066-11e4-a52e-4f735466cecf":"f.96D49A20C494BCF8563860382D93E39E.d.FB83354EF894EC8A897794FB233CFCC4.e.7527","ELEMENT":"f.96D49A20C494BCF8563860382D93E39E.d.FB83354EF894EC8A897794FB233CFCC4.e.7527"}]}
COMMAND: GET /session/ffd02ccbd2ef7f94e44a9324fe7b5a64/screenshot - {}
RESULT: {}
RESULT: {"script":"<script> [5351 bytes]","args":[{"element-6066-11e4-a52e-4f735466cecf":"f.96D49A20C494BCF8563860382D93E39E.d.FB83354EF894EC8A897794FB233CFCC4.e.7527","ELEMENT":"f.96D49A20C494BCF8563860382D93E39E.d.FB83354EF894EC8A897794FB233CFCC4.e.7527"}]}
COMMAND: POST /session/ffd02ccbd2ef7f94e44a9324fe7b5a64/element/f.96D49A20C494BCF8563860382D93E39E.d.FB83354EF894EC8A897794FB233CFCC4.e.7527/click - {}
COMMAND: GET /session/ffd02ccbd2ef7f94e44a9324fe7b5a64/screenshot - {}
RESULT: {}
RESULT: {}
COMMAND: GET /session/ffd02ccbd2ef7f94e44a9324fe7b5a64/screenshot - {}
RESULT: {}
RESULT: {}
COMMAND: POST /session/ffd02ccbd2ef7f94e44a9324fe7b5a64/execute/async - {"script":"<script> [1562 bytes]","args":[{"selector":{"id":"application-managepartners-display-component---NewPartner--addressDetailDetailsName1","interaction":{"idSuffix":"inner"}},"wdio_ui5_key":"applicationmanagepartners-display-component---NewPartner--addressDetailDetailsName1"}]}
RESULT: {"script":"<script> [1562 bytes]","args":[{"selector":{"id":"application-managepartners-display-component---NewPartner--addressDetailDetailsName1","interaction":{"idSuffix":"inner"}},"wdio_ui5_key":"applicationmanagepartners-display-component---NewPartner--addressDetailDetailsName1"}]}
RESULT: undefined
COMMAND: POST /session/ffd02ccbd2ef7f94e44a9324fe7b5a64/execute/async - {"script":"<script> [776 bytes]","args":[{"enterText":"Intracompany Partner WDIO","selector":{"id":"application-managepartners-display-component---NewPartner--addressDetailDetailsName1","interaction":{"idSuffix":"inner"}},"clearTextFirst":true,"interactionType":"ENTER_TEXT"}]}
RESULT: {"script":"<script> [776 bytes]","args":[{"enterText":"Intracompany Partner WDIO","selector":{"id":"application-managepartners-display-component---NewPartner--addressDetailDetailsName1","interaction":{"idSuffix":"inner"}},"clearTextFirst":true,"interactionType":"ENTER_TEXT"}]}
COMMAND: POST /session/ffd02ccbd2ef7f94e44a9324fe7b5a64/execute/async - {"script":"<script> [1562 bytes]","args":[{"selector":{"id":"application-managepartners-display-component---NewPartner--addressDetailDetailsLanguage-arrow"},"wdio_ui5_key":"applicationmanagepartners-display-component---NewPartner--addressDetailDetailsLanguage-arrow"}]}
RESULT: {"script":"<script> [1562 bytes]","args":[{"selector":{"id":"application-managepartners-display-component---NewPartner--addressDetailDetailsLanguage-arrow"},"wdio_ui5_key":"applicationmanagepartners-display-component---NewPartner--addressDetailDetailsLanguage-arrow"}]}
RESULT: undefined
COMMAND: POST /session/ffd02ccbd2ef7f94e44a9324fe7b5a64/element - {"using":"xpath","value":"//*[@id=\"application-managepartners-display-component---NewPartner--addressDetailDetailsLanguage-arrow\"]"}
RESULT: {"using":"xpath","value":"//*[@id=\"application-managepartners-display-component---NewPartner--addressDetailDetailsLanguage-arrow\"]"}
COMMAND: POST /session/ffd02ccbd2ef7f94e44a9324fe7b5a64/element/f.96D49A20C494BCF8563860382D93E39E.d.FB83354EF894EC8A897794FB233CFCC4.e.7973/click - {}
RESULT: {}
COMMAND: POST /session/ffd02ccbd2ef7f94e44a9324fe7b5a64/element - {"using":"xpath","value":"//span[contains(text(), \"English\")]"}
COMMAND: GET /session/ffd02ccbd2ef7f94e44a9324fe7b5a64/screenshot - {}
RESULT: {"using":"xpath","value":"//span[contains(text(), \"English\")]"}
COMMAND: POST /session/ffd02ccbd2ef7f94e44a9324fe7b5a64/element/f.96D49A20C494BCF8563860382D93E39E.d.FB83354EF894EC8A897794FB233CFCC4.e.7974/click - {}
RESULT: {}
RESULT: {}
COMMAND: GET /session/ffd02ccbd2ef7f94e44a9324fe7b5a64/screenshot - {}
RESULT: {}
COMMAND: POST /session/ffd02ccbd2ef7f94e44a9324fe7b5a64/execute/async - {"script":"<script> [1562 bytes]","args":[{"selector":{"id":"application-managepartners-display-component---NewPartner--addressDetailDetailsCity1","interaction":{"idSuffix":"inner"}},"wdio_ui5_key":"applicationmanagepartners-display-component---NewPartner--addressDetailDetailsCity1"}]}
RESULT: {"script":"<script> [1562 bytes]","args":[{"selector":{"id":"application-managepartners-display-component---NewPartner--addressDetailDetailsCity1","interaction":{"idSuffix":"inner"}},"wdio_ui5_key":"applicationmanagepartners-display-component---NewPartner--addressDetailDetailsCity1"}]}
RESULT: undefined
COMMAND: POST /session/ffd02ccbd2ef7f94e44a9324fe7b5a64/execute/async - {"script":"<script> [776 bytes]","args":[{"enterText":"Rosario","selector":{"id":"application-managepartners-display-component---NewPartner--addressDetailDetailsCity1","interaction":{"idSuffix":"inner"}},"clearTextFirst":true,"interactionType":"ENTER_TEXT"}]}
RESULT: {"script":"<script> [776 bytes]","args":[{"enterText":"Rosario","selector":{"id":"application-managepartners-display-component---NewPartner--addressDetailDetailsCity1","interaction":{"idSuffix":"inner"}},"clearTextFirst":true,"interactionType":"ENTER_TEXT"}]}
COMMAND: POST /session/ffd02ccbd2ef7f94e44a9324fe7b5a64/execute/async - {"script":"<script> [1562 bytes]","args":[{"selector":{"id":"application-managepartners-display-component---NewPartner--addressDetailDetailsCountry-arrow"},"wdio_ui5_key":"applicationmanagepartners-display-component---NewPartner--addressDetailDetailsCountry-arrow"}]}
RESULT: {"script":"<script> [1562 bytes]","args":[{"selector":{"id":"application-managepartners-display-component---NewPartner--addressDetailDetailsCountry-arrow"},"wdio_ui5_key":"applicationmanagepartners-display-component---NewPartner--addressDetailDetailsCountry-arrow"}]}
RESULT: undefined
COMMAND: POST /session/ffd02ccbd2ef7f94e44a9324fe7b5a64/element - {"using":"xpath","value":"//*[@id=\"application-managepartners-display-component---NewPartner--addressDetailDetailsCountry-arrow\"]"}
RESULT: {"using":"xpath","value":"//*[@id=\"application-managepartners-display-component---NewPartner--addressDetailDetailsCountry-arrow\"]"}
COMMAND: POST /session/ffd02ccbd2ef7f94e44a9324fe7b5a64/element/f.96D49A20C494BCF8563860382D93E39E.d.FB83354EF894EC8A897794FB233CFCC4.e.7962/click - {}
RESULT: {}
COMMAND: POST /session/ffd02ccbd2ef7f94e44a9324fe7b5a64/element - {"using":"xpath","value":"//span[contains(text(), \"Argentina\")]"}
COMMAND: GET /session/ffd02ccbd2ef7f94e44a9324fe7b5a64/screenshot - {}
RESULT: {"using":"xpath","value":"//span[contains(text(), \"Argentina\")]"}
COMMAND: POST /session/ffd02ccbd2ef7f94e44a9324fe7b5a64/element/f.96D49A20C494BCF8563860382D93E39E.d.FB83354EF894EC8A897794FB233CFCC4.e.7976/click - {}
RESULT: {}
RESULT: {}
COMMAND: GET /session/ffd02ccbd2ef7f94e44a9324fe7b5a64/screenshot - {}
RESULT: {}
COMMAND: POST /session/ffd02ccbd2ef7f94e44a9324fe7b5a64/element - {"using":"xpath","value":"//bdi[contains(text(), \"Commercial\")]"}
RESULT: {"using":"xpath","value":"//bdi[contains(text(), \"Commercial\")]"}
COMMAND: POST /session/ffd02ccbd2ef7f94e44a9324fe7b5a64/element/f.96D49A20C494BCF8563860382D93E39E.d.FB83354EF894EC8A897794FB233CFCC4.e.7977/click - {}
RESULT: {}
COMMAND: GET /session/ffd02ccbd2ef7f94e44a9324fe7b5a64/screenshot - {}
RESULT: {}
COMMAND: POST /session/ffd02ccbd2ef7f94e44a9324fe7b5a64/execute/async - {"script":"<script> [1562 bytes]","args":[{"selector":{"id":"application-managepartners-display-component---NewPartner--partnerDetailInternal-arrow"},"wdio_ui5_key":"applicationmanagepartners-display-component---NewPartner--partnerDetailInternal-arrow"}]}
RESULT: {"script":"<script> [1562 bytes]","args":[{"selector":{"id":"application-managepartners-display-component---NewPartner--partnerDetailInternal-arrow"},"wdio_ui5_key":"applicationmanagepartners-display-component---NewPartner--partnerDetailInternal-arrow"}]}
RESULT: undefined
COMMAND: POST /session/ffd02ccbd2ef7f94e44a9324fe7b5a64/element - {"using":"xpath","value":"//*[@id=\"application-managepartners-display-component---NewPartner--partnerDetailInternal-arrow\"]"}
RESULT: {"using":"xpath","value":"//*[@id=\"application-managepartners-display-component---NewPartner--partnerDetailInternal-arrow\"]"}
COMMAND: POST /session/ffd02ccbd2ef7f94e44a9324fe7b5a64/element/f.96D49A20C494BCF8563860382D93E39E.d.FB83354EF894EC8A897794FB233CFCC4.e.7983/click - {}
RESULT: {}
COMMAND: POST /session/ffd02ccbd2ef7f94e44a9324fe7b5a64/element - {"using":"xpath","value":"//span[contains(text(), \"Affiliated company\")]"}
COMMAND: GET /session/ffd02ccbd2ef7f94e44a9324fe7b5a64/screenshot - {}
RESULT: {"using":"xpath","value":"//span[contains(text(), \"Affiliated company\")]"}
COMMAND: POST /session/ffd02ccbd2ef7f94e44a9324fe7b5a64/element/f.96D49A20C494BCF8563860382D93E39E.d.FB83354EF894EC8A897794FB233CFCC4.e.7984/click - {}
RESULT: {}
RESULT: {}
COMMAND: POST /session/ffd02ccbd2ef7f94e44a9324fe7b5a64/execute/async - {"script":"<script> [1562 bytes]","args":[{"selector":{"id":"application-managepartners-display-component---NewPartner--partnerDetailsCurrency-arrow"},"wdio_ui5_key":"applicationmanagepartners-display-component---NewPartner--partnerDetailsCurrency-arrow"}]}
COMMAND: GET /session/ffd02ccbd2ef7f94e44a9324fe7b5a64/screenshot - {}
RESULT: {"script":"<script> [1562 bytes]","args":[{"selector":{"id":"application-managepartners-display-component---NewPartner--partnerDetailsCurrency-arrow"},"wdio_ui5_key":"applicationmanagepartners-display-component---NewPartner--partnerDetailsCurrency-arrow"}]}
RESULT: undefined
COMMAND: POST /session/ffd02ccbd2ef7f94e44a9324fe7b5a64/element - {"using":"xpath","value":"//*[@id=\"application-managepartners-display-component---NewPartner--partnerDetailsCurrency-arrow\"]"}
RESULT: {}
RESULT: {"using":"xpath","value":"//*[@id=\"application-managepartners-display-component---NewPartner--partnerDetailsCurrency-arrow\"]"}
COMMAND: POST /session/ffd02ccbd2ef7f94e44a9324fe7b5a64/element/f.96D49A20C494BCF8563860382D93E39E.d.FB83354EF894EC8A897794FB233CFCC4.e.7991/click - {}
RESULT: {}
COMMAND: POST /session/ffd02ccbd2ef7f94e44a9324fe7b5a64/element - {"using":"xpath","value":"//span[contains(text(), \"Euro\")]"}
COMMAND: GET /session/ffd02ccbd2ef7f94e44a9324fe7b5a64/screenshot - {}
RESULT: {"using":"xpath","value":"//span[contains(text(), \"Euro\")]"}
COMMAND: POST /session/ffd02ccbd2ef7f94e44a9324fe7b5a64/element/f.96D49A20C494BCF8563860382D93E39E.d.FB83354EF894EC8A897794FB233CFCC4.e.7992/click - {}
RESULT: {}
RESULT: {}
COMMAND: POST /session/ffd02ccbd2ef7f94e44a9324fe7b5a64/execute/async - {"script":"<script> [1562 bytes]","args":[{"selector":{"id":"application-managepartners-display-component---NewPartner--addressEditDetailsCostObjectCstType-arrow"},"wdio_ui5_key":"applicationmanagepartners-display-component---NewPartner--addressEditDetailsCostObjectCstType-arrow"}]}
COMMAND: GET /session/ffd02ccbd2ef7f94e44a9324fe7b5a64/screenshot - {}
RESULT: {"script":"<script> [1562 bytes]","args":[{"selector":{"id":"application-managepartners-display-component---NewPartner--addressEditDetailsCostObjectCstType-arrow"},"wdio_ui5_key":"applicationmanagepartners-display-component---NewPartner--addressEditDetailsCostObjectCstType-arrow"}]}
RESULT: undefined
COMMAND: POST /session/ffd02ccbd2ef7f94e44a9324fe7b5a64/element - {"using":"xpath","value":"//*[@id=\"application-managepartners-display-component---NewPartner--addressEditDetailsCostObjectCstType-arrow\"]"}
RESULT: {}
RESULT: {"using":"xpath","value":"//*[@id=\"application-managepartners-display-component---NewPartner--addressEditDetailsCostObjectCstType-arrow\"]"}
COMMAND: POST /session/ffd02ccbd2ef7f94e44a9324fe7b5a64/element/f.96D49A20C494BCF8563860382D93E39E.d.FB83354EF894EC8A897794FB233CFCC4.e.7993/click - {}
RESULT: {}
COMMAND: POST /session/ffd02ccbd2ef7f94e44a9324fe7b5a64/element - {"using":"xpath","value":"//span[contains(text(), \"Cost Center\")]"}
COMMAND: GET /session/ffd02ccbd2ef7f94e44a9324fe7b5a64/screenshot - {}
RESULT: {"using":"xpath","value":"//span[contains(text(), \"Cost Center\")]"}
COMMAND: POST /session/ffd02ccbd2ef7f94e44a9324fe7b5a64/element/f.96D49A20C494BCF8563860382D93E39E.d.FB83354EF894EC8A897794FB233CFCC4.e.7994/click - {}
RESULT: {}
RESULT: {}
COMMAND: GET /session/ffd02ccbd2ef7f94e44a9324fe7b5a64/screenshot - {}
RESULT: {}
COMMAND: POST /session/ffd02ccbd2ef7f94e44a9324fe7b5a64/element - {"using":"xpath","value":"//span[@id=\"application-managepartners-display-component---NewPartner--addressNewCostObjectCstID-vhi\"]"}
RESULT: {"using":"xpath","value":"//span[@id=\"application-managepartners-display-component---NewPartner--addressNewCostObjectCstID-vhi\"]"}
COMMAND: POST /session/ffd02ccbd2ef7f94e44a9324fe7b5a64/execute/sync - {"script":"<script> [8489 bytes]","args":[{"element-6066-11e4-a52e-4f735466cecf":"f.96D49A20C494BCF8563860382D93E39E.d.FB83354EF894EC8A897794FB233CFCC4.e.7998","ELEMENT":"f.96D49A20C494BCF8563860382D93E39E.d.FB83354EF894EC8A897794FB233CFCC4.e.7998"}]}
RESULT: {"script":"<script> [8489 bytes]","args":[{"element-6066-11e4-a52e-4f735466cecf":"f.96D49A20C494BCF8563860382D93E39E.d.FB83354EF894EC8A897794FB233CFCC4.e.7998","ELEMENT":"f.96D49A20C494BCF8563860382D93E39E.d.FB83354EF894EC8A897794FB233CFCC4.e.7998"}]}
COMMAND: POST /session/ffd02ccbd2ef7f94e44a9324fe7b5a64/execute/async - {"script":"<script> [1562 bytes]","args":[{"selector":{"id":"application-managepartners-display-component---NewPartner--addressNewCostObjectCstID-vhi"},"wdio_ui5_key":"applicationmanagepartners-display-component---NewPartner--addressNewCostObjectCstID-vhi"}]}
COMMAND: GET /session/ffd02ccbd2ef7f94e44a9324fe7b5a64/screenshot - {}
RESULT: {"script":"<script> [1562 bytes]","args":[{"selector":{"id":"application-managepartners-display-component---NewPartner--addressNewCostObjectCstID-vhi"},"wdio_ui5_key":"applicationmanagepartners-display-component---NewPartner--addressNewCostObjectCstID-vhi"}]}
RESULT: undefined
COMMAND: POST /session/ffd02ccbd2ef7f94e44a9324fe7b5a64/element - {"using":"xpath","value":"//*[@id=\"application-managepartners-display-component---NewPartner--addressNewCostObjectCstID-vhi\"]"}
RESULT: {}
RESULT: {"using":"xpath","value":"//*[@id=\"application-managepartners-display-component---NewPartner--addressNewCostObjectCstID-vhi\"]"}
COMMAND: POST /session/ffd02ccbd2ef7f94e44a9324fe7b5a64/element/f.96D49A20C494BCF8563860382D93E39E.d.FB83354EF894EC8A897794FB233CFCC4.e.7998/click - {}
RESULT: {}
COMMAND: GET /session/ffd02ccbd2ef7f94e44a9324fe7b5a64/screenshot - {}
RESULT: {}
RESULT: undefined
COMMAND: POST /session/ffd02ccbd2ef7f94e44a9324fe7b5a64/execute/async - {"script":"<script> [776 bytes]","args":[{"enterText":"10001013","selector":{"controlType":"sap.m.SearchField","properties":{"placeholder":"Search"},"searchOpenDialogs":true,"interaction":{"idSuffix":"I"}},"clearTextFirst":true,"interactionType":"ENTER_TEXT"}]}
RESULT: {"script":"<script> [776 bytes]","args":[{"enterText":"10001013","selector":{"controlType":"sap.m.SearchField","properties":{"placeholder":"Search"},"searchOpenDialogs":true,"interaction":{"idSuffix":"I"}},"clearTextFirst":true,"interactionType":"ENTER_TEXT"}]}
COMMAND: POST /session/ffd02ccbd2ef7f94e44a9324fe7b5a64/actions - {"actions":[{"id":"action21","type":"key","parameters":{},"actions":[{"type":"keyDown","value":""},{"type":"pause","duration":10},{"type":"keyUp","value":""}]}]}
RESULT: {"actions":[{"id":"action21","type":"key","parameters":{},"actions":[{"type":"keyDown","value":""},{"type":"pause","duration":10},{"type":"keyUp","value":""}]}]}
COMMAND: GET /session/ffd02ccbd2ef7f94e44a9324fe7b5a64/screenshot - {}
RESULT: {}
COMMAND: POST /session/ffd02ccbd2ef7f94e44a9324fe7b5a64/element - {"using":"xpath","value":"//span[contains(text(), \"General Management\")]"}
RESULT: {"using":"xpath","value":"//span[contains(text(), \"General Management\")]"}
COMMAND: POST /session/ffd02ccbd2ef7f94e44a9324fe7b5a64/element/f.96D49A20C494BCF8563860382D93E39E.d.FB83354EF894EC8A897794FB233CFCC4.e.8037/click - {}
RESULT: {}
COMMAND: GET /session/ffd02ccbd2ef7f94e44a9324fe7b5a64/screenshot - {}
RESULT: {}
COMMAND: POST /session/ffd02ccbd2ef7f94e44a9324fe7b5a64/element - {"using":"xpath","value":"//bdi[contains(text(), \"OK\")]"}
RESULT: {"using":"xpath","value":"//bdi[contains(text(), \"OK\")]"}
COMMAND: POST /session/ffd02ccbd2ef7f94e44a9324fe7b5a64/element/f.96D49A20C494BCF8563860382D93E39E.d.FB83354EF894EC8A897794FB233CFCC4.e.8038/click - {}
RESULT: {}
COMMAND: GET /session/ffd02ccbd2ef7f94e44a9324fe7b5a64/screenshot - {}
RESULT: {}
COMMAND: POST /session/ffd02ccbd2ef7f94e44a9324fe7b5a64/element - {"using":"xpath","value":"//input[@id=\"application-managepartners-display-component---NewPartner--companyCodeComboBox-inner\"]"}
RESULT: {"using":"xpath","value":"//input[@id=\"application-managepartners-display-component---NewPartner--companyCodeComboBox-inner\"]"}
COMMAND: POST /session/ffd02ccbd2ef7f94e44a9324fe7b5a64/element/f.96D49A20C494BCF8563860382D93E39E.d.FB83354EF894EC8A897794FB233CFCC4.e.7853/clear - {}
RESULT: {}
COMMAND: POST /session/ffd02ccbd2ef7f94e44a9324fe7b5a64/element/f.96D49A20C494BCF8563860382D93E39E.d.FB83354EF894EC8A897794FB233CFCC4.e.7853/value - {"text":"1000"}
COMMAND: GET /session/ffd02ccbd2ef7f94e44a9324fe7b5a64/screenshot - {}
RESULT: {"text":"1000"}
COMMAND: GET /session/ffd02ccbd2ef7f94e44a9324fe7b5a64/screenshot - {}
RESULT: {}
RESULT: {}
COMMAND: POST /session/ffd02ccbd2ef7f94e44a9324fe7b5a64/element - {"using":"xpath","value":"//li[.//span[text()= \"1000\"]]"}
RESULT: {"using":"xpath","value":"//li[.//span[text()= \"1000\"]]"}
COMMAND: POST /session/ffd02ccbd2ef7f94e44a9324fe7b5a64/element/f.96D49A20C494BCF8563860382D93E39E.d.FB83354EF894EC8A897794FB233CFCC4.e.8044/click - {}
RESULT: {}
COMMAND: GET /session/ffd02ccbd2ef7f94e44a9324fe7b5a64/screenshot - {}
RESULT: {}
COMMAND: POST /session/ffd02ccbd2ef7f94e44a9324fe7b5a64/execute/async - {"script":"<script> [1562 bytes]","args":[{"selector":{"id":"application-managepartners-display-component---NewPartner--btnAddTableRow-img"},"wdio_ui5_key":"applicationmanagepartners-display-component---NewPartner--btnAddTableRow-img"}]}
RESULT: {"script":"<script> [1562 bytes]","args":[{"selector":{"id":"application-managepartners-display-component---NewPartner--btnAddTableRow-img"},"wdio_ui5_key":"applicationmanagepartners-display-component---NewPartner--btnAddTableRow-img"}]}
RESULT: undefined
COMMAND: POST /session/ffd02ccbd2ef7f94e44a9324fe7b5a64/element - {"using":"xpath","value":"//*[@id=\"application-managepartners-display-component---NewPartner--btnAddTableRow-img\"]"}
RESULT: {"using":"xpath","value":"//*[@id=\"application-managepartners-display-component---NewPartner--btnAddTableRow-img\"]"}
COMMAND: POST /session/ffd02ccbd2ef7f94e44a9324fe7b5a64/element/f.96D49A20C494BCF8563860382D93E39E.d.FB83354EF894EC8A897794FB233CFCC4.e.8045/click - {}
RESULT: {}
COMMAND: GET /session/ffd02ccbd2ef7f94e44a9324fe7b5a64/screenshot - {}
RESULT: {}
COMMAND: POST /session/ffd02ccbd2ef7f94e44a9324fe7b5a64/element - {"using":"xpath","value":"//input[@id=\"application-managepartners-display-component---NewPartner--assignmentYard-application-managepartners-display-component---NewPartner--assignmentsTable-0-inner\"]"}
RESULT: {"using":"xpath","value":"//input[@id=\"application-managepartners-display-component---NewPartner--assignmentYard-application-managepartners-display-component---NewPartner--assignmentsTable-0-inner\"]"}
COMMAND: POST /session/ffd02ccbd2ef7f94e44a9324fe7b5a64/element/f.96D49A20C494BCF8563860382D93E39E.d.FB83354EF894EC8A897794FB233CFCC4.e.8048/clear - {}
RESULT: {}
COMMAND: POST /session/ffd02ccbd2ef7f94e44a9324fe7b5a64/element/f.96D49A20C494BCF8563860382D93E39E.d.FB83354EF894EC8A897794FB233CFCC4.e.8048/value - {"text":"684"}
COMMAND: GET /session/ffd02ccbd2ef7f94e44a9324fe7b5a64/screenshot - {}
RESULT: {"text":"684"}
COMMAND: GET /session/ffd02ccbd2ef7f94e44a9324fe7b5a64/screenshot - {}
RESULT: {}
RESULT: {}
COMMAND: POST /session/ffd02ccbd2ef7f94e44a9324fe7b5a64/element - {"using":"xpath","value":"//li[.//span[text()='684']]"}
RESULT: {"using":"xpath","value":"//li[.//span[text()='684']]"}
COMMAND: POST /session/ffd02ccbd2ef7f94e44a9324fe7b5a64/element/f.96D49A20C494BCF8563860382D93E39E.d.FB83354EF894EC8A897794FB233CFCC4.e.8057/click - {}
RESULT: {}
COMMAND: GET /session/ffd02ccbd2ef7f94e44a9324fe7b5a64/screenshot - {}
RESULT: {}
COMMAND: POST /session/ffd02ccbd2ef7f94e44a9324fe7b5a64/actions - {"actions":[{"id":"action22","type":"key","parameters":{},"actions":[{"type":"keyDown","value":""},{"type":"pause","duration":10},{"type":"keyUp","value":""}]}]}
RESULT: {"actions":[{"id":"action22","type":"key","parameters":{},"actions":[{"type":"keyDown","value":""},{"type":"pause","duration":10},{"type":"keyUp","value":""}]}]}
COMMAND: POST /session/ffd02ccbd2ef7f94e44a9324fe7b5a64/execute/async - {"script":"<script> [1562 bytes]","args":[{"selector":{"id":"application-managepartners-display-component---NewPartner--externalCustomerComboBox-application-managepartners-display-component---NewPartner--assignmentsTable-0-vhi"},"wdio_ui5_key":"applicationmanagepartners-display-component---NewPartner--externalCustomerComboBox-application-managepartners-display-component---NewPartner--assignmentsTable-0-vhi"}]}
COMMAND: GET /session/ffd02ccbd2ef7f94e44a9324fe7b5a64/screenshot - {}
RESULT: {"script":"<script> [1562 bytes]","args":[{"selector":{"id":"application-managepartners-display-component---NewPartner--externalCustomerComboBox-application-managepartners-display-component---NewPartner--assignmentsTable-0-vhi"},"wdio_ui5_key":"applicationmanagepartners-display-component---NewPartner--externalCustomerComboBox-application-managepartners-display-component---NewPartner--assignmentsTable-0-vhi"}]}
RESULT: undefined
COMMAND: POST /session/ffd02ccbd2ef7f94e44a9324fe7b5a64/element - {"using":"xpath","value":"//*[@id=\"application-managepartners-display-component---NewPartner--externalCustomerComboBox-application-managepartners-display-component---NewPartner--assignmentsTable-0-vhi\"]"}
RESULT: {}
RESULT: {"using":"xpath","value":"//*[@id=\"application-managepartners-display-component---NewPartner--externalCustomerComboBox-application-managepartners-display-component---NewPartner--assignmentsTable-0-vhi\"]"}
COMMAND: POST /session/ffd02ccbd2ef7f94e44a9324fe7b5a64/element/f.96D49A20C494BCF8563860382D93E39E.d.FB83354EF894EC8A897794FB233CFCC4.e.8061/click - {}
RESULT: {}
RESULT: undefined
COMMAND: POST /session/ffd02ccbd2ef7f94e44a9324fe7b5a64/execute/async - {"script":"<script> [776 bytes]","args":[{"enterText":"300003","selector":{"controlType":"sap.m.SearchField","properties":{"placeholder":"Search"},"searchOpenDialogs":true,"interaction":{"idSuffix":"I"}},"clearTextFirst":true,"interactionType":"ENTER_TEXT"}]}
COMMAND: GET /session/ffd02ccbd2ef7f94e44a9324fe7b5a64/screenshot - {}
RESULT: {"script":"<script> [776 bytes]","args":[{"enterText":"300003","selector":{"controlType":"sap.m.SearchField","properties":{"placeholder":"Search"},"searchOpenDialogs":true,"interaction":{"idSuffix":"I"}},"clearTextFirst":true,"interactionType":"ENTER_TEXT"}]}
COMMAND: POST /session/ffd02ccbd2ef7f94e44a9324fe7b5a64/actions - {"actions":[{"id":"action23","type":"key","parameters":{},"actions":[{"type":"keyDown","value":""},{"type":"pause","duration":10},{"type":"keyUp","value":""}]}]}
RESULT: {}
RESULT: {"actions":[{"id":"action23","type":"key","parameters":{},"actions":[{"type":"keyDown","value":""},{"type":"pause","duration":10},{"type":"keyUp","value":""}]}]}
COMMAND: GET /session/ffd02ccbd2ef7f94e44a9324fe7b5a64/screenshot - {}
RESULT: {}
COMMAND: POST /session/ffd02ccbd2ef7f94e44a9324fe7b5a64/element - {"using":"xpath","value":"//span[contains(text(), \"300003\")]"}
RESULT: {"using":"xpath","value":"//span[contains(text(), \"300003\")]"}
COMMAND: POST /session/ffd02ccbd2ef7f94e44a9324fe7b5a64/element/f.96D49A20C494BCF8563860382D93E39E.d.FB83354EF894EC8A897794FB233CFCC4.e.8079/click - {}
RESULT: {}
COMMAND: GET /session/ffd02ccbd2ef7f94e44a9324fe7b5a64/screenshot - {}
RESULT: {}
COMMAND: POST /session/ffd02ccbd2ef7f94e44a9324fe7b5a64/element - {"using":"xpath","value":"//bdi[contains(text(), \"OK\")]"}
RESULT: {"using":"xpath","value":"//bdi[contains(text(), \"OK\")]"}
COMMAND: POST /session/ffd02ccbd2ef7f94e44a9324fe7b5a64/element/f.96D49A20C494BCF8563860382D93E39E.d.FB83354EF894EC8A897794FB233CFCC4.e.8081/click - {}
RESULT: {}
COMMAND: GET /session/ffd02ccbd2ef7f94e44a9324fe7b5a64/screenshot - {}
RESULT: {}
COMMAND: POST /session/ffd02ccbd2ef7f94e44a9324fe7b5a64/execute/async - {"script":"<script> [1562 bytes]","args":[{"selector":{"id":"application-managepartners-display-component---NewPartner--intercompVendorComboBox-application-managepartners-display-component---NewPartner--assignmentsTable-0-vhi"},"wdio_ui5_key":"applicationmanagepartners-display-component---NewPartner--intercompVendorComboBox-application-managepartners-display-component---NewPartner--assignmentsTable-0-vhi"}]}
RESULT: {"script":"<script> [1562 bytes]","args":[{"selector":{"id":"application-managepartners-display-component---NewPartner--intercompVendorComboBox-application-managepartners-display-component---NewPartner--assignmentsTable-0-vhi"},"wdio_ui5_key":"applicationmanagepartners-display-component---NewPartner--intercompVendorComboBox-application-managepartners-display-component---NewPartner--assignmentsTable-0-vhi"}]}
RESULT: undefined
COMMAND: POST /session/ffd02ccbd2ef7f94e44a9324fe7b5a64/element - {"using":"xpath","value":"//*[@id=\"application-managepartners-display-component---NewPartner--intercompVendorComboBox-application-managepartners-display-component---NewPartner--assignmentsTable-0-vhi\"]"}
RESULT: {"using":"xpath","value":"//*[@id=\"application-managepartners-display-component---NewPartner--intercompVendorComboBox-application-managepartners-display-component---NewPartner--assignmentsTable-0-vhi\"]"}
COMMAND: POST /session/ffd02ccbd2ef7f94e44a9324fe7b5a64/element/f.96D49A20C494BCF8563860382D93E39E.d.FB83354EF894EC8A897794FB233CFCC4.e.8084/click - {}
RESULT: {}
RESULT: undefined
COMMAND: POST /session/ffd02ccbd2ef7f94e44a9324fe7b5a64/execute/async - {"script":"<script> [776 bytes]","args":[{"enterText":"100005","selector":{"controlType":"sap.m.SearchField","properties":{"placeholder":"Search"},"searchOpenDialogs":true,"interaction":{"idSuffix":"I"}},"clearTextFirst":true,"interactionType":"ENTER_TEXT"}]}
COMMAND: GET /session/ffd02ccbd2ef7f94e44a9324fe7b5a64/screenshot - {}
RESULT: {"script":"<script> [776 bytes]","args":[{"enterText":"100005","selector":{"controlType":"sap.m.SearchField","properties":{"placeholder":"Search"},"searchOpenDialogs":true,"interaction":{"idSuffix":"I"}},"clearTextFirst":true,"interactionType":"ENTER_TEXT"}]}
COMMAND: POST /session/ffd02ccbd2ef7f94e44a9324fe7b5a64/actions - {"actions":[{"id":"action24","type":"key","parameters":{},"actions":[{"type":"keyDown","value":""},{"type":"pause","duration":10},{"type":"keyUp","value":""}]}]}
RESULT: {}
RESULT: {"actions":[{"id":"action24","type":"key","parameters":{},"actions":[{"type":"keyDown","value":""},{"type":"pause","duration":10},{"type":"keyUp","value":""}]}]}
COMMAND: GET /session/ffd02ccbd2ef7f94e44a9324fe7b5a64/screenshot - {}
RESULT: {}
COMMAND: POST /session/ffd02ccbd2ef7f94e44a9324fe7b5a64/element - {"using":"xpath","value":"//span[contains(text(), \"Penguins - Field/12345 Berlin\")]"}
RESULT: {"using":"xpath","value":"//span[contains(text(), \"Penguins - Field/12345 Berlin\")]"}
COMMAND: POST /session/ffd02ccbd2ef7f94e44a9324fe7b5a64/element/f.96D49A20C494BCF8563860382D93E39E.d.FB83354EF894EC8A897794FB233CFCC4.e.8101/click - {}
RESULT: {}
COMMAND: GET /session/ffd02ccbd2ef7f94e44a9324fe7b5a64/screenshot - {}
RESULT: {}
COMMAND: POST /session/ffd02ccbd2ef7f94e44a9324fe7b5a64/element - {"using":"xpath","value":"//bdi[contains(text(), \"OK\")]"}
RESULT: {"using":"xpath","value":"//bdi[contains(text(), \"OK\")]"}
COMMAND: POST /session/ffd02ccbd2ef7f94e44a9324fe7b5a64/element/f.96D49A20C494BCF8563860382D93E39E.d.FB83354EF894EC8A897794FB233CFCC4.e.8102/click - {}
RESULT: {}
COMMAND: GET /session/ffd02ccbd2ef7f94e44a9324fe7b5a64/screenshot - {}
RESULT: {}
COMMAND: POST /session/ffd02ccbd2ef7f94e44a9324fe7b5a64/element - {"using":"xpath","value":"//button[@data-kt=\"saveButton\"]"}
RESULT: {"using":"xpath","value":"//button[@data-kt=\"saveButton\"]"}
COMMAND: POST /session/ffd02ccbd2ef7f94e44a9324fe7b5a64/element/f.96D49A20C494BCF8563860382D93E39E.d.FB83354EF894EC8A897794FB233CFCC4.e.7862/click - {}
RESULT: {}
COMMAND: GET /session/ffd02ccbd2ef7f94e44a9324fe7b5a64/screenshot - {}
RESULT: {}
COMMAND: POST /session/ffd02ccbd2ef7f94e44a9324fe7b5a64/element - {"using":"xpath","value":"//header[contains(@id, 'ObjectPageLayout-headerTitle')]/div[1]/div[2]/div[2]/span[1]"}
RESULT: {"using":"xpath","value":"//header[contains(@id, 'ObjectPageLayout-headerTitle')]/div[1]/div[2]/div[2]/span[1]"}
COMMAND: POST /session/ffd02ccbd2ef7f94e44a9324fe7b5a64/elements - {"using":"xpath","value":"//header[contains(@id, 'ObjectPageLayout-headerTitle')]/div[1]/div[2]/div[2]/span[1]"}
RESULT: {"using":"xpath","value":"//header[contains(@id, 'ObjectPageLayout-headerTitle')]/div[1]/div[2]/div[2]/span[1]"}
COMMAND: POST /session/ffd02ccbd2ef7f94e44a9324fe7b5a64/execute/sync - {"script":"<script> [56 bytes]","args":[{"element-6066-11e4-a52e-4f735466cecf":"f.96D49A20C494BCF8563860382D93E39E.d.FB83354EF894EC8A897794FB233CFCC4.e.8269","ELEMENT":"f.96D49A20C494BCF8563860382D93E39E.d.FB83354EF894EC8A897794FB233CFCC4.e.8269"}]}
RESULT: {"script":"<script> [56 bytes]","args":[{"element-6066-11e4-a52e-4f735466cecf":"f.96D49A20C494BCF8563860382D93E39E.d.FB83354EF894EC8A897794FB233CFCC4.e.8269","ELEMENT":"f.96D49A20C494BCF8563860382D93E39E.d.FB83354EF894EC8A897794FB233CFCC4.e.8269"}]}
COMMAND: POST /session/ffd02ccbd2ef7f94e44a9324fe7b5a64/element - {"using":"css selector","value":"#shell-header-logo"}
COMMAND: GET /session/ffd02ccbd2ef7f94e44a9324fe7b5a64/screenshot - {}
RESULT: {"using":"css selector","value":"#shell-header-logo"}
COMMAND: POST /session/ffd02ccbd2ef7f94e44a9324fe7b5a64/element/f.96D49A20C494BCF8563860382D93E39E.d.FB83354EF894EC8A897794FB233CFCC4.e.7493/click - {}
RESULT: {}
RESULT: {}
COMMAND: GET /session/ffd02ccbd2ef7f94e44a9324fe7b5a64/screenshot - {}
RESULT: {}
COMMAND: POST /session/ffd02ccbd2ef7f94e44a9324fe7b5a64/execute/sync - {"script":"<script> [299 bytes]","args":[["getModel","getResource"]]}
RESULT: {"script":"<script> [299 bytes]","args":[["getModel","getResource"]]}
]]></system-out>
    </testcase>
    <testcase classname="chrome.136_0_7103_93.windows.Billing_Transfer_-_Intracompany_US127249" name="Should create a new site" time="123.425">
      <system-out><![CDATA[
COMMAND: POST /session/ffd02ccbd2ef7f94e44a9324fe7b5a64/execute/async - {"script":"<script> [1562 bytes]","args":[{"selector":{"controlType":"sap.m.GenericTile","properties":{"header":"Manage Sites"}},"wdio_ui5_key":"sapm.GenericTile{\"header\":\"Manage Sites\"}"}]}
COMMAND: GET /session/ffd02ccbd2ef7f94e44a9324fe7b5a64/screenshot - {}
RESULT: {"script":"<script> [1562 bytes]","args":[{"selector":{"controlType":"sap.m.GenericTile","properties":{"header":"Manage Sites"}},"wdio_ui5_key":"sapm.GenericTile{\"header\":\"Manage Sites\"}"}]}
RESULT: undefined
COMMAND: POST /session/ffd02ccbd2ef7f94e44a9324fe7b5a64/element - {"using":"xpath","value":"//*[@id=\"__tile40\"]"}
RESULT: {}
RESULT: {"using":"xpath","value":"//*[@id=\"__tile40\"]"}
COMMAND: POST /session/ffd02ccbd2ef7f94e44a9324fe7b5a64/element/f.96D49A20C494BCF8563860382D93E39E.d.FB83354EF894EC8A897794FB233CFCC4.e.6628/click - {}
RESULT: {}
COMMAND: GET /session/ffd02ccbd2ef7f94e44a9324fe7b5a64/screenshot - {}
RESULT: {}
COMMAND: POST /session/ffd02ccbd2ef7f94e44a9324fe7b5a64/elements - {"using":"xpath","value":"//span[text()='Error']"}
RESULT: {"using":"xpath","value":"//span[text()='Error']"}
COMMAND: POST /session/ffd02ccbd2ef7f94e44a9324fe7b5a64/element - {"using":"xpath","value":"//button[@data-kt=\"addOverflowToolbarButton\"]"}
RESULT: {"using":"xpath","value":"//button[@data-kt=\"addOverflowToolbarButton\"]"}
COMMAND: POST /session/ffd02ccbd2ef7f94e44a9324fe7b5a64/elements - {"using":"xpath","value":"//button[@data-kt=\"addOverflowToolbarButton\"]"}
RESULT: {"using":"xpath","value":"//button[@data-kt=\"addOverflowToolbarButton\"]"}
COMMAND: POST /session/ffd02ccbd2ef7f94e44a9324fe7b5a64/execute/sync - {"script":"<script> [8489 bytes]","args":[{"element-6066-11e4-a52e-4f735466cecf":"f.96D49A20C494BCF8563860382D93E39E.d.FB83354EF894EC8A897794FB233CFCC4.e.8417","ELEMENT":"f.96D49A20C494BCF8563860382D93E39E.d.FB83354EF894EC8A897794FB233CFCC4.e.8417"}]}
RESULT: {"script":"<script> [8489 bytes]","args":[{"element-6066-11e4-a52e-4f735466cecf":"f.96D49A20C494BCF8563860382D93E39E.d.FB83354EF894EC8A897794FB233CFCC4.e.8417","ELEMENT":"f.96D49A20C494BCF8563860382D93E39E.d.FB83354EF894EC8A897794FB233CFCC4.e.8417"}]}
COMMAND: GET /session/ffd02ccbd2ef7f94e44a9324fe7b5a64/element/f.96D49A20C494BCF8563860382D93E39E.d.FB83354EF894EC8A897794FB233CFCC4.e.8417/enabled - {}
COMMAND: GET /session/ffd02ccbd2ef7f94e44a9324fe7b5a64/screenshot - {}
RESULT: {}
COMMAND: POST /session/ffd02ccbd2ef7f94e44a9324fe7b5a64/execute/sync - {"script":"<script> [8489 bytes]","args":[{"element-6066-11e4-a52e-4f735466cecf":"f.96D49A20C494BCF8563860382D93E39E.d.FB83354EF894EC8A897794FB233CFCC4.e.8417","ELEMENT":"f.96D49A20C494BCF8563860382D93E39E.d.FB83354EF894EC8A897794FB233CFCC4.e.8417"}]}
COMMAND: GET /session/ffd02ccbd2ef7f94e44a9324fe7b5a64/screenshot - {}
RESULT: {}
RESULT: {"script":"<script> [8489 bytes]","args":[{"element-6066-11e4-a52e-4f735466cecf":"f.96D49A20C494BCF8563860382D93E39E.d.FB83354EF894EC8A897794FB233CFCC4.e.8417","ELEMENT":"f.96D49A20C494BCF8563860382D93E39E.d.FB83354EF894EC8A897794FB233CFCC4.e.8417"}]}
COMMAND: POST /session/ffd02ccbd2ef7f94e44a9324fe7b5a64/execute/sync - {"script":"<script> [5351 bytes]","args":[{"element-6066-11e4-a52e-4f735466cecf":"f.96D49A20C494BCF8563860382D93E39E.d.FB83354EF894EC8A897794FB233CFCC4.e.8417","ELEMENT":"f.96D49A20C494BCF8563860382D93E39E.d.FB83354EF894EC8A897794FB233CFCC4.e.8417"}]}
COMMAND: GET /session/ffd02ccbd2ef7f94e44a9324fe7b5a64/screenshot - {}
RESULT: {}
RESULT: {"script":"<script> [5351 bytes]","args":[{"element-6066-11e4-a52e-4f735466cecf":"f.96D49A20C494BCF8563860382D93E39E.d.FB83354EF894EC8A897794FB233CFCC4.e.8417","ELEMENT":"f.96D49A20C494BCF8563860382D93E39E.d.FB83354EF894EC8A897794FB233CFCC4.e.8417"}]}
COMMAND: POST /session/ffd02ccbd2ef7f94e44a9324fe7b5a64/element/f.96D49A20C494BCF8563860382D93E39E.d.FB83354EF894EC8A897794FB233CFCC4.e.8417/click - {}
COMMAND: GET /session/ffd02ccbd2ef7f94e44a9324fe7b5a64/screenshot - {}
RESULT: {}
RESULT: {}
COMMAND: GET /session/ffd02ccbd2ef7f94e44a9324fe7b5a64/screenshot - {}
RESULT: {}
RESULT: {}
COMMAND: POST /session/ffd02ccbd2ef7f94e44a9324fe7b5a64/element - {"using":"xpath","value":"//input[@id=\"application-managesites-display-component---NewSite--siteId-inner\"]"}
RESULT: {"using":"xpath","value":"//input[@id=\"application-managesites-display-component---NewSite--siteId-inner\"]"}
COMMAND: POST /session/ffd02ccbd2ef7f94e44a9324fe7b5a64/element - {"using":"xpath","value":"//input[@id=\"application-managesites-display-component---NewSite--siteId-inner\"]"}
RESULT: {"using":"xpath","value":"//input[@id=\"application-managesites-display-component---NewSite--siteId-inner\"]"}
COMMAND: POST /session/ffd02ccbd2ef7f94e44a9324fe7b5a64/execute/async - {"script":"<script> [1562 bytes]","args":[{"selector":{"id":"application-managesites-display-component---NewSite--addressDetailDetailsName1","interaction":{"idSuffix":"inner"}},"wdio_ui5_key":"applicationmanagesites-display-component---NewSite--addressDetailDetailsName1"}]}
RESULT: {"script":"<script> [1562 bytes]","args":[{"selector":{"id":"application-managesites-display-component---NewSite--addressDetailDetailsName1","interaction":{"idSuffix":"inner"}},"wdio_ui5_key":"applicationmanagesites-display-component---NewSite--addressDetailDetailsName1"}]}
RESULT: undefined
COMMAND: POST /session/ffd02ccbd2ef7f94e44a9324fe7b5a64/execute/async - {"script":"<script> [776 bytes]","args":[{"enterText":"Intracompany Site wdIO","selector":{"id":"application-managesites-display-component---NewSite--addressDetailDetailsName1","interaction":{"idSuffix":"inner"}},"clearTextFirst":true,"interactionType":"ENTER_TEXT"}]}
RESULT: {"script":"<script> [776 bytes]","args":[{"enterText":"Intracompany Site wdIO","selector":{"id":"application-managesites-display-component---NewSite--addressDetailDetailsName1","interaction":{"idSuffix":"inner"}},"clearTextFirst":true,"interactionType":"ENTER_TEXT"}]}
COMMAND: POST /session/ffd02ccbd2ef7f94e44a9324fe7b5a64/execute/async - {"script":"<script> [1562 bytes]","args":[{"selector":{"id":"application-managesites-display-component---NewSite--addressDetailDetailsLanguage-arrow"},"wdio_ui5_key":"applicationmanagesites-display-component---NewSite--addressDetailDetailsLanguage-arrow"}]}
RESULT: {"script":"<script> [1562 bytes]","args":[{"selector":{"id":"application-managesites-display-component---NewSite--addressDetailDetailsLanguage-arrow"},"wdio_ui5_key":"applicationmanagesites-display-component---NewSite--addressDetailDetailsLanguage-arrow"}]}
RESULT: undefined
COMMAND: POST /session/ffd02ccbd2ef7f94e44a9324fe7b5a64/element - {"using":"xpath","value":"//*[@id=\"application-managesites-display-component---NewSite--addressDetailDetailsLanguage-arrow\"]"}
RESULT: {"using":"xpath","value":"//*[@id=\"application-managesites-display-component---NewSite--addressDetailDetailsLanguage-arrow\"]"}
COMMAND: POST /session/ffd02ccbd2ef7f94e44a9324fe7b5a64/element/f.96D49A20C494BCF8563860382D93E39E.d.FB83354EF894EC8A897794FB233CFCC4.e.8923/click - {}
RESULT: {}
COMMAND: POST /session/ffd02ccbd2ef7f94e44a9324fe7b5a64/element - {"using":"xpath","value":"//span[contains(text(), \"English\")]"}
COMMAND: GET /session/ffd02ccbd2ef7f94e44a9324fe7b5a64/screenshot - {}
RESULT: {"using":"xpath","value":"//span[contains(text(), \"English\")]"}
COMMAND: POST /session/ffd02ccbd2ef7f94e44a9324fe7b5a64/element/f.96D49A20C494BCF8563860382D93E39E.d.FB83354EF894EC8A897794FB233CFCC4.e.8924/click - {}
RESULT: {}
RESULT: {}
COMMAND: POST /session/ffd02ccbd2ef7f94e44a9324fe7b5a64/execute/async - {"script":"<script> [1562 bytes]","args":[{"selector":{"id":"application-managesites-display-component---NewSite--addressDetailDetailsCity1","interaction":{"idSuffix":"inner"}},"wdio_ui5_key":"applicationmanagesites-display-component---NewSite--addressDetailDetailsCity1"}]}
COMMAND: GET /session/ffd02ccbd2ef7f94e44a9324fe7b5a64/screenshot - {}
RESULT: {"script":"<script> [1562 bytes]","args":[{"selector":{"id":"application-managesites-display-component---NewSite--addressDetailDetailsCity1","interaction":{"idSuffix":"inner"}},"wdio_ui5_key":"applicationmanagesites-display-component---NewSite--addressDetailDetailsCity1"}]}
RESULT: undefined
COMMAND: POST /session/ffd02ccbd2ef7f94e44a9324fe7b5a64/execute/async - {"script":"<script> [776 bytes]","args":[{"enterText":"Rosario","selector":{"id":"application-managesites-display-component---NewSite--addressDetailDetailsCity1","interaction":{"idSuffix":"inner"}},"clearTextFirst":true,"interactionType":"ENTER_TEXT"}]}
RESULT: {}
RESULT: {"script":"<script> [776 bytes]","args":[{"enterText":"Rosario","selector":{"id":"application-managesites-display-component---NewSite--addressDetailDetailsCity1","interaction":{"idSuffix":"inner"}},"clearTextFirst":true,"interactionType":"ENTER_TEXT"}]}
COMMAND: POST /session/ffd02ccbd2ef7f94e44a9324fe7b5a64/execute/async - {"script":"<script> [1562 bytes]","args":[{"selector":{"id":"application-managesites-display-component---NewSite--addressDetailDetailsCountry-arrow"},"wdio_ui5_key":"applicationmanagesites-display-component---NewSite--addressDetailDetailsCountry-arrow"}]}
RESULT: {"script":"<script> [1562 bytes]","args":[{"selector":{"id":"application-managesites-display-component---NewSite--addressDetailDetailsCountry-arrow"},"wdio_ui5_key":"applicationmanagesites-display-component---NewSite--addressDetailDetailsCountry-arrow"}]}
RESULT: undefined
COMMAND: POST /session/ffd02ccbd2ef7f94e44a9324fe7b5a64/element - {"using":"xpath","value":"//*[@id=\"application-managesites-display-component---NewSite--addressDetailDetailsCountry-arrow\"]"}
RESULT: {"using":"xpath","value":"//*[@id=\"application-managesites-display-component---NewSite--addressDetailDetailsCountry-arrow\"]"}
COMMAND: POST /session/ffd02ccbd2ef7f94e44a9324fe7b5a64/element/f.96D49A20C494BCF8563860382D93E39E.d.FB83354EF894EC8A897794FB233CFCC4.e.8926/click - {}
RESULT: {}
COMMAND: POST /session/ffd02ccbd2ef7f94e44a9324fe7b5a64/element - {"using":"xpath","value":"//span[contains(text(), \"Argentina\")]"}
COMMAND: GET /session/ffd02ccbd2ef7f94e44a9324fe7b5a64/screenshot - {}
RESULT: {"using":"xpath","value":"//span[contains(text(), \"Argentina\")]"}
COMMAND: POST /session/ffd02ccbd2ef7f94e44a9324fe7b5a64/element/f.96D49A20C494BCF8563860382D93E39E.d.FB83354EF894EC8A897794FB233CFCC4.e.8927/click - {}
RESULT: {}
RESULT: {}
COMMAND: GET /session/ffd02ccbd2ef7f94e44a9324fe7b5a64/screenshot - {}
RESULT: {}
COMMAND: POST /session/ffd02ccbd2ef7f94e44a9324fe7b5a64/execute/async - {"script":"<script> [1562 bytes]","args":[{"selector":{"id":"application-managesites-display-component---NewSite--addressEditDetailsCostObjectCstType-arrow"},"wdio_ui5_key":"applicationmanagesites-display-component---NewSite--addressEditDetailsCostObjectCstType-arrow"}]}
RESULT: {"script":"<script> [1562 bytes]","args":[{"selector":{"id":"application-managesites-display-component---NewSite--addressEditDetailsCostObjectCstType-arrow"},"wdio_ui5_key":"applicationmanagesites-display-component---NewSite--addressEditDetailsCostObjectCstType-arrow"}]}
RESULT: undefined
COMMAND: POST /session/ffd02ccbd2ef7f94e44a9324fe7b5a64/element - {"using":"xpath","value":"//*[@id=\"application-managesites-display-component---NewSite--addressEditDetailsCostObjectCstType-arrow\"]"}
RESULT: {"using":"xpath","value":"//*[@id=\"application-managesites-display-component---NewSite--addressEditDetailsCostObjectCstType-arrow\"]"}
COMMAND: POST /session/ffd02ccbd2ef7f94e44a9324fe7b5a64/element/f.96D49A20C494BCF8563860382D93E39E.d.FB83354EF894EC8A897794FB233CFCC4.e.8929/click - {}
RESULT: {}
COMMAND: POST /session/ffd02ccbd2ef7f94e44a9324fe7b5a64/element - {"using":"xpath","value":"//span[contains(text(), \"Cost Center\")]"}
COMMAND: GET /session/ffd02ccbd2ef7f94e44a9324fe7b5a64/screenshot - {}
RESULT: {"using":"xpath","value":"//span[contains(text(), \"Cost Center\")]"}
COMMAND: POST /session/ffd02ccbd2ef7f94e44a9324fe7b5a64/element/f.96D49A20C494BCF8563860382D93E39E.d.FB83354EF894EC8A897794FB233CFCC4.e.8930/click - {}
RESULT: {}
RESULT: {}
COMMAND: GET /session/ffd02ccbd2ef7f94e44a9324fe7b5a64/screenshot - {}
RESULT: {}
COMMAND: POST /session/ffd02ccbd2ef7f94e44a9324fe7b5a64/element - {"using":"xpath","value":"//span[@id=\"application-managesites-display-component---NewSite--addressNewCostObjectCstID-vhi\"]"}
RESULT: {"using":"xpath","value":"//span[@id=\"application-managesites-display-component---NewSite--addressNewCostObjectCstID-vhi\"]"}
COMMAND: POST /session/ffd02ccbd2ef7f94e44a9324fe7b5a64/execute/sync - {"script":"<script> [8489 bytes]","args":[{"element-6066-11e4-a52e-4f735466cecf":"f.96D49A20C494BCF8563860382D93E39E.d.FB83354EF894EC8A897794FB233CFCC4.e.8935","ELEMENT":"f.96D49A20C494BCF8563860382D93E39E.d.FB83354EF894EC8A897794FB233CFCC4.e.8935"}]}
RESULT: {"script":"<script> [8489 bytes]","args":[{"element-6066-11e4-a52e-4f735466cecf":"f.96D49A20C494BCF8563860382D93E39E.d.FB83354EF894EC8A897794FB233CFCC4.e.8935","ELEMENT":"f.96D49A20C494BCF8563860382D93E39E.d.FB83354EF894EC8A897794FB233CFCC4.e.8935"}]}
COMMAND: POST /session/ffd02ccbd2ef7f94e44a9324fe7b5a64/execute/async - {"script":"<script> [1562 bytes]","args":[{"selector":{"id":"application-managesites-display-component---NewSite--addressNewCostObjectCstID-vhi"},"wdio_ui5_key":"applicationmanagesites-display-component---NewSite--addressNewCostObjectCstID-vhi"}]}
COMMAND: GET /session/ffd02ccbd2ef7f94e44a9324fe7b5a64/screenshot - {}
RESULT: {"script":"<script> [1562 bytes]","args":[{"selector":{"id":"application-managesites-display-component---NewSite--addressNewCostObjectCstID-vhi"},"wdio_ui5_key":"applicationmanagesites-display-component---NewSite--addressNewCostObjectCstID-vhi"}]}
RESULT: undefined
COMMAND: POST /session/ffd02ccbd2ef7f94e44a9324fe7b5a64/element - {"using":"xpath","value":"//*[@id=\"application-managesites-display-component---NewSite--addressNewCostObjectCstID-vhi\"]"}
RESULT: {}
RESULT: {"using":"xpath","value":"//*[@id=\"application-managesites-display-component---NewSite--addressNewCostObjectCstID-vhi\"]"}
COMMAND: POST /session/ffd02ccbd2ef7f94e44a9324fe7b5a64/element/f.96D49A20C494BCF8563860382D93E39E.d.FB83354EF894EC8A897794FB233CFCC4.e.8935/click - {}
RESULT: {}
COMMAND: GET /session/ffd02ccbd2ef7f94e44a9324fe7b5a64/screenshot - {}
RESULT: {}
RESULT: undefined
COMMAND: POST /session/ffd02ccbd2ef7f94e44a9324fe7b5a64/execute/async - {"script":"<script> [776 bytes]","args":[{"enterText":"10001013","selector":{"controlType":"sap.m.SearchField","properties":{"placeholder":"Search"},"searchOpenDialogs":true,"interaction":{"idSuffix":"I"}},"clearTextFirst":true,"interactionType":"ENTER_TEXT"}]}
RESULT: {"script":"<script> [776 bytes]","args":[{"enterText":"10001013","selector":{"controlType":"sap.m.SearchField","properties":{"placeholder":"Search"},"searchOpenDialogs":true,"interaction":{"idSuffix":"I"}},"clearTextFirst":true,"interactionType":"ENTER_TEXT"}]}
COMMAND: POST /session/ffd02ccbd2ef7f94e44a9324fe7b5a64/actions - {"actions":[{"id":"action25","type":"key","parameters":{},"actions":[{"type":"keyDown","value":""},{"type":"pause","duration":10},{"type":"keyUp","value":""}]}]}
RESULT: {"actions":[{"id":"action25","type":"key","parameters":{},"actions":[{"type":"keyDown","value":""},{"type":"pause","duration":10},{"type":"keyUp","value":""}]}]}
COMMAND: GET /session/ffd02ccbd2ef7f94e44a9324fe7b5a64/screenshot - {}
RESULT: {}
COMMAND: POST /session/ffd02ccbd2ef7f94e44a9324fe7b5a64/element - {"using":"xpath","value":"//span[contains(text(), \"General Management\")]"}
RESULT: {"using":"xpath","value":"//span[contains(text(), \"General Management\")]"}
COMMAND: POST /session/ffd02ccbd2ef7f94e44a9324fe7b5a64/element/f.96D49A20C494BCF8563860382D93E39E.d.FB83354EF894EC8A897794FB233CFCC4.e.8975/click - {}
RESULT: {}
COMMAND: GET /session/ffd02ccbd2ef7f94e44a9324fe7b5a64/screenshot - {}
RESULT: {}
COMMAND: POST /session/ffd02ccbd2ef7f94e44a9324fe7b5a64/element - {"using":"xpath","value":"//bdi[contains(text(), \"OK\")]"}
RESULT: {"using":"xpath","value":"//bdi[contains(text(), \"OK\")]"}
COMMAND: POST /session/ffd02ccbd2ef7f94e44a9324fe7b5a64/element/f.96D49A20C494BCF8563860382D93E39E.d.FB83354EF894EC8A897794FB233CFCC4.e.8976/click - {}
RESULT: {}
COMMAND: GET /session/ffd02ccbd2ef7f94e44a9324fe7b5a64/screenshot - {}
RESULT: {}
COMMAND: POST /session/ffd02ccbd2ef7f94e44a9324fe7b5a64/element - {"using":"xpath","value":"//input[@id=\"application-managesites-display-component---NewSite--addressDetailDetailsCalendar-inner\"]"}
RESULT: {"using":"xpath","value":"//input[@id=\"application-managesites-display-component---NewSite--addressDetailDetailsCalendar-inner\"]"}
COMMAND: POST /session/ffd02ccbd2ef7f94e44a9324fe7b5a64/element/f.96D49A20C494BCF8563860382D93E39E.d.FB83354EF894EC8A897794FB233CFCC4.e.8730/clear - {}
RESULT: {}
COMMAND: POST /session/ffd02ccbd2ef7f94e44a9324fe7b5a64/element/f.96D49A20C494BCF8563860382D93E39E.d.FB83354EF894EC8A897794FB233CFCC4.e.8730/value - {"text":"Unit"}
COMMAND: GET /session/ffd02ccbd2ef7f94e44a9324fe7b5a64/screenshot - {}
RESULT: {"text":"Unit"}
COMMAND: GET /session/ffd02ccbd2ef7f94e44a9324fe7b5a64/screenshot - {}
RESULT: {}
RESULT: {}
COMMAND: POST /session/ffd02ccbd2ef7f94e44a9324fe7b5a64/actions - {"actions":[{"id":"action26","type":"key","parameters":{},"actions":[{"type":"keyDown","value":""},{"type":"pause","duration":10},{"type":"keyUp","value":""}]}]}
RESULT: {"actions":[{"id":"action26","type":"key","parameters":{},"actions":[{"type":"keyDown","value":""},{"type":"pause","duration":10},{"type":"keyUp","value":""}]}]}
COMMAND: POST /session/ffd02ccbd2ef7f94e44a9324fe7b5a64/element - {"using":"xpath","value":"//input[@id=\"application-managesites-display-component---NewSite--addressDetailDetailsYard-inner\"]"}
COMMAND: GET /session/ffd02ccbd2ef7f94e44a9324fe7b5a64/screenshot - {}
RESULT: {"using":"xpath","value":"//input[@id=\"application-managesites-display-component---NewSite--addressDetailDetailsYard-inner\"]"}
COMMAND: POST /session/ffd02ccbd2ef7f94e44a9324fe7b5a64/element/f.96D49A20C494BCF8563860382D93E39E.d.FB83354EF894EC8A897794FB233CFCC4.e.8731/clear - {}
RESULT: {}
RESULT: {}
COMMAND: POST /session/ffd02ccbd2ef7f94e44a9324fe7b5a64/element/f.96D49A20C494BCF8563860382D93E39E.d.FB83354EF894EC8A897794FB233CFCC4.e.8731/value - {"text":"684"}
COMMAND: GET /session/ffd02ccbd2ef7f94e44a9324fe7b5a64/screenshot - {}
RESULT: {"text":"684"}
COMMAND: GET /session/ffd02ccbd2ef7f94e44a9324fe7b5a64/screenshot - {}
RESULT: {}
RESULT: {}
COMMAND: POST /session/ffd02ccbd2ef7f94e44a9324fe7b5a64/element - {"using":"xpath","value":"//li[.//span[text()='684']]"}
RESULT: {"using":"xpath","value":"//li[.//span[text()='684']]"}
COMMAND: POST /session/ffd02ccbd2ef7f94e44a9324fe7b5a64/element/f.96D49A20C494BCF8563860382D93E39E.d.FB83354EF894EC8A897794FB233CFCC4.e.8984/click - {}
RESULT: {}
COMMAND: GET /session/ffd02ccbd2ef7f94e44a9324fe7b5a64/screenshot - {}
RESULT: {}
COMMAND: POST /session/ffd02ccbd2ef7f94e44a9324fe7b5a64/element - {"using":"xpath","value":"//input[@id=\"application-managesites-display-component---NewSite--addressDetailDetailsPartner-inner\"]"}
RESULT: {"using":"xpath","value":"//input[@id=\"application-managesites-display-component---NewSite--addressDetailDetailsPartner-inner\"]"}
COMMAND: POST /session/ffd02ccbd2ef7f94e44a9324fe7b5a64/element - {"using":"xpath","value":"//input[@id=\"application-managesites-display-component---NewSite--addressDetailDetailsPartner-inner\"]"}
RESULT: {"using":"xpath","value":"//input[@id=\"application-managesites-display-component---NewSite--addressDetailDetailsPartner-inner\"]"}
COMMAND: POST /session/ffd02ccbd2ef7f94e44a9324fe7b5a64/element - {"using":"xpath","value":"//button[@data-kt=\"saveButton\"]"}
RESULT: {"using":"xpath","value":"//button[@data-kt=\"saveButton\"]"}
COMMAND: POST /session/ffd02ccbd2ef7f94e44a9324fe7b5a64/element/f.96D49A20C494BCF8563860382D93E39E.d.FB83354EF894EC8A897794FB233CFCC4.e.8868/click - {}
RESULT: {}
COMMAND: GET /session/ffd02ccbd2ef7f94e44a9324fe7b5a64/screenshot - {}
RESULT: {}
COMMAND: POST /session/ffd02ccbd2ef7f94e44a9324fe7b5a64/element - {"using":"xpath","value":"//header[contains(@id, 'ObjectPageLayout-headerTitle')]/div[1]/div[2]/div[2]/span[1]"}
RESULT: {"using":"xpath","value":"//header[contains(@id, 'ObjectPageLayout-headerTitle')]/div[1]/div[2]/div[2]/span[1]"}
COMMAND: POST /session/ffd02ccbd2ef7f94e44a9324fe7b5a64/elements - {"using":"xpath","value":"//header[contains(@id, 'ObjectPageLayout-headerTitle')]/div[1]/div[2]/div[2]/span[1]"}
RESULT: {"using":"xpath","value":"//header[contains(@id, 'ObjectPageLayout-headerTitle')]/div[1]/div[2]/div[2]/span[1]"}
COMMAND: POST /session/ffd02ccbd2ef7f94e44a9324fe7b5a64/execute/sync - {"script":"<script> [56 bytes]","args":[{"element-6066-11e4-a52e-4f735466cecf":"f.96D49A20C494BCF8563860382D93E39E.d.FB83354EF894EC8A897794FB233CFCC4.e.9183","ELEMENT":"f.96D49A20C494BCF8563860382D93E39E.d.FB83354EF894EC8A897794FB233CFCC4.e.9183"}]}
RESULT: {"script":"<script> [56 bytes]","args":[{"element-6066-11e4-a52e-4f735466cecf":"f.96D49A20C494BCF8563860382D93E39E.d.FB83354EF894EC8A897794FB233CFCC4.e.9183","ELEMENT":"f.96D49A20C494BCF8563860382D93E39E.d.FB83354EF894EC8A897794FB233CFCC4.e.9183"}]}
COMMAND: GET /session/ffd02ccbd2ef7f94e44a9324fe7b5a64/screenshot - {}
COMMAND: POST /session/ffd02ccbd2ef7f94e44a9324fe7b5a64/execute/sync - {"script":"<script> [56 bytes]","args":[{"element-6066-11e4-a52e-4f735466cecf":"f.96D49A20C494BCF8563860382D93E39E.d.FB83354EF894EC8A897794FB233CFCC4.e.9183","ELEMENT":"f.96D49A20C494BCF8563860382D93E39E.d.FB83354EF894EC8A897794FB233CFCC4.e.9183"}]}
RESULT: {}
RESULT: {"script":"<script> [56 bytes]","args":[{"element-6066-11e4-a52e-4f735466cecf":"f.96D49A20C494BCF8563860382D93E39E.d.FB83354EF894EC8A897794FB233CFCC4.e.9183","ELEMENT":"f.96D49A20C494BCF8563860382D93E39E.d.FB83354EF894EC8A897794FB233CFCC4.e.9183"}]}
COMMAND: GET /session/ffd02ccbd2ef7f94e44a9324fe7b5a64/screenshot - {}
COMMAND: POST /session/ffd02ccbd2ef7f94e44a9324fe7b5a64/execute/sync - {"script":"<script> [56 bytes]","args":[{"element-6066-11e4-a52e-4f735466cecf":"f.96D49A20C494BCF8563860382D93E39E.d.FB83354EF894EC8A897794FB233CFCC4.e.9183","ELEMENT":"f.96D49A20C494BCF8563860382D93E39E.d.FB83354EF894EC8A897794FB233CFCC4.e.9183"}]}
RESULT: {}
RESULT: {"script":"<script> [56 bytes]","args":[{"element-6066-11e4-a52e-4f735466cecf":"f.96D49A20C494BCF8563860382D93E39E.d.FB83354EF894EC8A897794FB233CFCC4.e.9183","ELEMENT":"f.96D49A20C494BCF8563860382D93E39E.d.FB83354EF894EC8A897794FB233CFCC4.e.9183"}]}
COMMAND: POST /session/ffd02ccbd2ef7f94e44a9324fe7b5a64/execute/sync - {"script":"<script> [56 bytes]","args":[{"element-6066-11e4-a52e-4f735466cecf":"f.96D49A20C494BCF8563860382D93E39E.d.FB83354EF894EC8A897794FB233CFCC4.e.9183","ELEMENT":"f.96D49A20C494BCF8563860382D93E39E.d.FB83354EF894EC8A897794FB233CFCC4.e.9183"}]}
COMMAND: GET /session/ffd02ccbd2ef7f94e44a9324fe7b5a64/screenshot - {}
RESULT: {"script":"<script> [56 bytes]","args":[{"element-6066-11e4-a52e-4f735466cecf":"f.96D49A20C494BCF8563860382D93E39E.d.FB83354EF894EC8A897794FB233CFCC4.e.9183","ELEMENT":"f.96D49A20C494BCF8563860382D93E39E.d.FB83354EF894EC8A897794FB233CFCC4.e.9183"}]}
COMMAND: POST /session/ffd02ccbd2ef7f94e44a9324fe7b5a64/element - {"using":"css selector","value":"#shell-header-logo"}
COMMAND: GET /session/ffd02ccbd2ef7f94e44a9324fe7b5a64/screenshot - {}
RESULT: {}
RESULT: {"using":"css selector","value":"#shell-header-logo"}
COMMAND: POST /session/ffd02ccbd2ef7f94e44a9324fe7b5a64/element/f.96D49A20C494BCF8563860382D93E39E.d.FB83354EF894EC8A897794FB233CFCC4.e.8274/click - {}
RESULT: {}
RESULT: {}
COMMAND: GET /session/ffd02ccbd2ef7f94e44a9324fe7b5a64/screenshot - {}
RESULT: {}
COMMAND: POST /session/ffd02ccbd2ef7f94e44a9324fe7b5a64/execute/sync - {"script":"<script> [299 bytes]","args":[["getModel","getResource"]]}
RESULT: {"script":"<script> [299 bytes]","args":[["getModel","getResource"]]}
]]></system-out>
    </testcase>
    <testcase classname="chrome.136_0_7103_93.windows.Billing_Transfer_-_Intracompany_US127249" name="Should create a new equipment" time="136.471">
      <system-out><![CDATA[
COMMAND: POST /session/ffd02ccbd2ef7f94e44a9324fe7b5a64/execute/async - {"script":"<script> [1562 bytes]","args":[{"selector":{"controlType":"sap.m.GenericTile","properties":{"header":"Manage Resources"}},"wdio_ui5_key":"sapm.GenericTile{\"header\":\"Manage Resources\"}"}]}
COMMAND: GET /session/ffd02ccbd2ef7f94e44a9324fe7b5a64/screenshot - {}
RESULT: {"script":"<script> [1562 bytes]","args":[{"selector":{"controlType":"sap.m.GenericTile","properties":{"header":"Manage Resources"}},"wdio_ui5_key":"sapm.GenericTile{\"header\":\"Manage Resources\"}"}]}
RESULT: undefined
COMMAND: POST /session/ffd02ccbd2ef7f94e44a9324fe7b5a64/element - {"using":"xpath","value":"//*[@id=\"__tile39\"]"}
RESULT: {}
RESULT: {"using":"xpath","value":"//*[@id=\"__tile39\"]"}
COMMAND: POST /session/ffd02ccbd2ef7f94e44a9324fe7b5a64/element/f.96D49A20C494BCF8563860382D93E39E.d.FB83354EF894EC8A897794FB233CFCC4.e.6625/click - {}
RESULT: {}
COMMAND: GET /session/ffd02ccbd2ef7f94e44a9324fe7b5a64/screenshot - {}
RESULT: {}
COMMAND: POST /session/ffd02ccbd2ef7f94e44a9324fe7b5a64/elements - {"using":"xpath","value":"//span[text()='Error']"}
RESULT: {"using":"xpath","value":"//span[text()='Error']"}
COMMAND: POST /session/ffd02ccbd2ef7f94e44a9324fe7b5a64/element - {"using":"xpath","value":"//button[@data-kt=\"addNewRUOverflowToolbarButton\"]"}
RESULT: {"using":"xpath","value":"//button[@data-kt=\"addNewRUOverflowToolbarButton\"]"}
COMMAND: POST /session/ffd02ccbd2ef7f94e44a9324fe7b5a64/elements - {"using":"xpath","value":"//button[@data-kt=\"addNewRUOverflowToolbarButton\"]"}
RESULT: {"using":"xpath","value":"//button[@data-kt=\"addNewRUOverflowToolbarButton\"]"}
COMMAND: POST /session/ffd02ccbd2ef7f94e44a9324fe7b5a64/execute/sync - {"script":"<script> [8489 bytes]","args":[{"element-6066-11e4-a52e-4f735466cecf":"f.96D49A20C494BCF8563860382D93E39E.d.FB83354EF894EC8A897794FB233CFCC4.e.9228","ELEMENT":"f.96D49A20C494BCF8563860382D93E39E.d.FB83354EF894EC8A897794FB233CFCC4.e.9228"}]}
RESULT: {"script":"<script> [8489 bytes]","args":[{"element-6066-11e4-a52e-4f735466cecf":"f.96D49A20C494BCF8563860382D93E39E.d.FB83354EF894EC8A897794FB233CFCC4.e.9228","ELEMENT":"f.96D49A20C494BCF8563860382D93E39E.d.FB83354EF894EC8A897794FB233CFCC4.e.9228"}]}
COMMAND: GET /session/ffd02ccbd2ef7f94e44a9324fe7b5a64/element/f.96D49A20C494BCF8563860382D93E39E.d.FB83354EF894EC8A897794FB233CFCC4.e.9228/enabled - {}
COMMAND: GET /session/ffd02ccbd2ef7f94e44a9324fe7b5a64/screenshot - {}
RESULT: {}
COMMAND: POST /session/ffd02ccbd2ef7f94e44a9324fe7b5a64/execute/sync - {"script":"<script> [8489 bytes]","args":[{"element-6066-11e4-a52e-4f735466cecf":"f.96D49A20C494BCF8563860382D93E39E.d.FB83354EF894EC8A897794FB233CFCC4.e.9228","ELEMENT":"f.96D49A20C494BCF8563860382D93E39E.d.FB83354EF894EC8A897794FB233CFCC4.e.9228"}]}
COMMAND: GET /session/ffd02ccbd2ef7f94e44a9324fe7b5a64/screenshot - {}
RESULT: {}
RESULT: {"script":"<script> [8489 bytes]","args":[{"element-6066-11e4-a52e-4f735466cecf":"f.96D49A20C494BCF8563860382D93E39E.d.FB83354EF894EC8A897794FB233CFCC4.e.9228","ELEMENT":"f.96D49A20C494BCF8563860382D93E39E.d.FB83354EF894EC8A897794FB233CFCC4.e.9228"}]}
COMMAND: POST /session/ffd02ccbd2ef7f94e44a9324fe7b5a64/execute/sync - {"script":"<script> [5351 bytes]","args":[{"element-6066-11e4-a52e-4f735466cecf":"f.96D49A20C494BCF8563860382D93E39E.d.FB83354EF894EC8A897794FB233CFCC4.e.9228","ELEMENT":"f.96D49A20C494BCF8563860382D93E39E.d.FB83354EF894EC8A897794FB233CFCC4.e.9228"}]}
COMMAND: GET /session/ffd02ccbd2ef7f94e44a9324fe7b5a64/screenshot - {}
RESULT: {}
RESULT: {"script":"<script> [5351 bytes]","args":[{"element-6066-11e4-a52e-4f735466cecf":"f.96D49A20C494BCF8563860382D93E39E.d.FB83354EF894EC8A897794FB233CFCC4.e.9228","ELEMENT":"f.96D49A20C494BCF8563860382D93E39E.d.FB83354EF894EC8A897794FB233CFCC4.e.9228"}]}
COMMAND: POST /session/ffd02ccbd2ef7f94e44a9324fe7b5a64/element/f.96D49A20C494BCF8563860382D93E39E.d.FB83354EF894EC8A897794FB233CFCC4.e.9228/click - {}
COMMAND: GET /session/ffd02ccbd2ef7f94e44a9324fe7b5a64/screenshot - {}
RESULT: {}
RESULT: {}
COMMAND: GET /session/ffd02ccbd2ef7f94e44a9324fe7b5a64/screenshot - {}
COMMAND: POST /session/ffd02ccbd2ef7f94e44a9324fe7b5a64/execute/async - {"script":"<script> [1562 bytes]","args":[{"selector":{"id":"application-manageresources-display-component---newResourceUnit--TYPE-arrow"},"wdio_ui5_key":"applicationmanageresources-display-component---newResourceUnit--TYPE-arrow"}]}
RESULT: {}
RESULT: {}
RESULT: {"script":"<script> [1562 bytes]","args":[{"selector":{"id":"application-manageresources-display-component---newResourceUnit--TYPE-arrow"},"wdio_ui5_key":"applicationmanageresources-display-component---newResourceUnit--TYPE-arrow"}]}
RESULT: undefined
COMMAND: POST /session/ffd02ccbd2ef7f94e44a9324fe7b5a64/element - {"using":"xpath","value":"//*[@id=\"application-manageresources-display-component---newResourceUnit--TYPE-arrow\"]"}
RESULT: {"using":"xpath","value":"//*[@id=\"application-manageresources-display-component---newResourceUnit--TYPE-arrow\"]"}
COMMAND: POST /session/ffd02ccbd2ef7f94e44a9324fe7b5a64/element/f.96D49A20C494BCF8563860382D93E39E.d.FB83354EF894EC8A897794FB233CFCC4.e.9573/click - {}
RESULT: {}
COMMAND: POST /session/ffd02ccbd2ef7f94e44a9324fe7b5a64/element - {"using":"xpath","value":"//input[@id=\"application-manageresources-display-component---newResourceUnit--TYPE-inner\"]"}
COMMAND: GET /session/ffd02ccbd2ef7f94e44a9324fe7b5a64/screenshot - {}
RESULT: {"using":"xpath","value":"//input[@id=\"application-manageresources-display-component---newResourceUnit--TYPE-inner\"]"}
COMMAND: POST /session/ffd02ccbd2ef7f94e44a9324fe7b5a64/element/f.96D49A20C494BCF8563860382D93E39E.d.FB83354EF894EC8A897794FB233CFCC4.e.9568/clear - {}
RESULT: {}
RESULT: {}
COMMAND: POST /session/ffd02ccbd2ef7f94e44a9324fe7b5a64/element/f.96D49A20C494BCF8563860382D93E39E.d.FB83354EF894EC8A897794FB233CFCC4.e.9568/value - {"text":"Equipment"}
COMMAND: GET /session/ffd02ccbd2ef7f94e44a9324fe7b5a64/screenshot - {}
RESULT: {"text":"Equipment"}
COMMAND: GET /session/ffd02ccbd2ef7f94e44a9324fe7b5a64/screenshot - {}
RESULT: {}
RESULT: {}
COMMAND: POST /session/ffd02ccbd2ef7f94e44a9324fe7b5a64/actions - {"actions":[{"id":"action27","type":"key","parameters":{},"actions":[{"type":"keyDown","value":""},{"type":"pause","duration":10},{"type":"keyUp","value":""}]}]}
RESULT: {"actions":[{"id":"action27","type":"key","parameters":{},"actions":[{"type":"keyDown","value":""},{"type":"pause","duration":10},{"type":"keyUp","value":""}]}]}
COMMAND: POST /session/ffd02ccbd2ef7f94e44a9324fe7b5a64/execute/async - {"script":"<script> [1562 bytes]","args":[{"selector":{"id":"application-manageresources-display-component---newResourceUnit--resourceId","interaction":{"idSuffix":"inner"}},"wdio_ui5_key":"applicationmanageresources-display-component---newResourceUnit--resourceId"}]}
COMMAND: GET /session/ffd02ccbd2ef7f94e44a9324fe7b5a64/screenshot - {}
RESULT: {"script":"<script> [1562 bytes]","args":[{"selector":{"id":"application-manageresources-display-component---newResourceUnit--resourceId","interaction":{"idSuffix":"inner"}},"wdio_ui5_key":"applicationmanageresources-display-component---newResourceUnit--resourceId"}]}
RESULT: undefined
COMMAND: POST /session/ffd02ccbd2ef7f94e44a9324fe7b5a64/execute/async - {"script":"<script> [776 bytes]","args":[{"enterText":"CYE19zR1iH","selector":{"id":"application-manageresources-display-component---newResourceUnit--resourceId","interaction":{"idSuffix":"inner"}},"clearTextFirst":true,"interactionType":"ENTER_TEXT"}]}
RESULT: {}
RESULT: {"script":"<script> [776 bytes]","args":[{"enterText":"CYE19zR1iH","selector":{"id":"application-manageresources-display-component---newResourceUnit--resourceId","interaction":{"idSuffix":"inner"}},"clearTextFirst":true,"interactionType":"ENTER_TEXT"}]}
COMMAND: POST /session/ffd02ccbd2ef7f94e44a9324fe7b5a64/execute/async - {"script":"<script> [1562 bytes]","args":[{"selector":{"id":"application-manageresources-display-component---newResourceUnit--SHORT_TEXT","interaction":{"idSuffix":"inner"}},"wdio_ui5_key":"applicationmanageresources-display-component---newResourceUnit--SHORT_TEXT"}]}
RESULT: {"script":"<script> [1562 bytes]","args":[{"selector":{"id":"application-manageresources-display-component---newResourceUnit--SHORT_TEXT","interaction":{"idSuffix":"inner"}},"wdio_ui5_key":"applicationmanageresources-display-component---newResourceUnit--SHORT_TEXT"}]}
RESULT: undefined
COMMAND: POST /session/ffd02ccbd2ef7f94e44a9324fe7b5a64/execute/async - {"script":"<script> [776 bytes]","args":[{"enterText":"Intercompany Equipment WDIO","selector":{"id":"application-manageresources-display-component---newResourceUnit--SHORT_TEXT","interaction":{"idSuffix":"inner"}},"clearTextFirst":true,"interactionType":"ENTER_TEXT"}]}
RESULT: {"script":"<script> [776 bytes]","args":[{"enterText":"Intercompany Equipment WDIO","selector":{"id":"application-manageresources-display-component---newResourceUnit--SHORT_TEXT","interaction":{"idSuffix":"inner"}},"clearTextFirst":true,"interactionType":"ENTER_TEXT"}]}
COMMAND: POST /session/ffd02ccbd2ef7f94e44a9324fe7b5a64/execute/async - {"script":"<script> [1562 bytes]","args":[{"selector":{"id":"application-manageresources-display-component---newResourceUnit--BASE_UNIT_OF_MEASURE","interaction":{"idSuffix":"inner"}},"wdio_ui5_key":"applicationmanageresources-display-component---newResourceUnit--BASE_UNIT_OF_MEASURE"}]}
RESULT: {"script":"<script> [1562 bytes]","args":[{"selector":{"id":"application-manageresources-display-component---newResourceUnit--BASE_UNIT_OF_MEASURE","interaction":{"idSuffix":"inner"}},"wdio_ui5_key":"applicationmanageresources-display-component---newResourceUnit--BASE_UNIT_OF_MEASURE"}]}
RESULT: undefined
COMMAND: POST /session/ffd02ccbd2ef7f94e44a9324fe7b5a64/execute/async - {"script":"<script> [776 bytes]","args":[{"enterText":"Piece","selector":{"id":"application-manageresources-display-component---newResourceUnit--BASE_UNIT_OF_MEASURE","interaction":{"idSuffix":"inner"}},"clearTextFirst":true,"interactionType":"ENTER_TEXT"}]}
RESULT: {"script":"<script> [776 bytes]","args":[{"enterText":"Piece","selector":{"id":"application-manageresources-display-component---newResourceUnit--BASE_UNIT_OF_MEASURE","interaction":{"idSuffix":"inner"}},"clearTextFirst":true,"interactionType":"ENTER_TEXT"}]}
COMMAND: POST /session/ffd02ccbd2ef7f94e44a9324fe7b5a64/execute/async - {"script":"<script> [1562 bytes]","args":[{"selector":{"id":"application-manageresources-display-component---newResourceUnit--WEIGHT_UNIT","interaction":{"idSuffix":"inner"}},"wdio_ui5_key":"applicationmanageresources-display-component---newResourceUnit--WEIGHT_UNIT"}]}
RESULT: {"script":"<script> [1562 bytes]","args":[{"selector":{"id":"application-manageresources-display-component---newResourceUnit--WEIGHT_UNIT","interaction":{"idSuffix":"inner"}},"wdio_ui5_key":"applicationmanageresources-display-component---newResourceUnit--WEIGHT_UNIT"}]}
RESULT: undefined
COMMAND: POST /session/ffd02ccbd2ef7f94e44a9324fe7b5a64/execute/async - {"script":"<script> [776 bytes]","args":[{"enterText":"Gram","selector":{"id":"application-manageresources-display-component---newResourceUnit--WEIGHT_UNIT","interaction":{"idSuffix":"inner"}},"clearTextFirst":true,"interactionType":"ENTER_TEXT"}]}
RESULT: {"script":"<script> [776 bytes]","args":[{"enterText":"Gram","selector":{"id":"application-manageresources-display-component---newResourceUnit--WEIGHT_UNIT","interaction":{"idSuffix":"inner"}},"clearTextFirst":true,"interactionType":"ENTER_TEXT"}]}
COMMAND: POST /session/ffd02ccbd2ef7f94e44a9324fe7b5a64/execute/async - {"script":"<script> [1562 bytes]","args":[{"selector":{"id":"application-manageresources-display-component---newResourceUnit--DIMENSION_UNIT","interaction":{"idSuffix":"inner"}},"wdio_ui5_key":"applicationmanageresources-display-component---newResourceUnit--DIMENSION_UNIT"}]}
RESULT: {"script":"<script> [1562 bytes]","args":[{"selector":{"id":"application-manageresources-display-component---newResourceUnit--DIMENSION_UNIT","interaction":{"idSuffix":"inner"}},"wdio_ui5_key":"applicationmanageresources-display-component---newResourceUnit--DIMENSION_UNIT"}]}
RESULT: undefined
COMMAND: POST /session/ffd02ccbd2ef7f94e44a9324fe7b5a64/execute/async - {"script":"<script> [776 bytes]","args":[{"enterText":"Meter","selector":{"id":"application-manageresources-display-component---newResourceUnit--DIMENSION_UNIT","interaction":{"idSuffix":"inner"}},"clearTextFirst":true,"interactionType":"ENTER_TEXT"}]}
RESULT: {"script":"<script> [776 bytes]","args":[{"enterText":"Meter","selector":{"id":"application-manageresources-display-component---newResourceUnit--DIMENSION_UNIT","interaction":{"idSuffix":"inner"}},"clearTextFirst":true,"interactionType":"ENTER_TEXT"}]}
COMMAND: POST /session/ffd02ccbd2ef7f94e44a9324fe7b5a64/execute/async - {"script":"<script> [1562 bytes]","args":[{"selector":{"id":"application-manageresources-display-component---newResourceUnit--newRRUPage-anchBar-application-manageresources-display-component---newResourceUnit--control-anchor","interaction":{"idSuffix":"BDI-content"}},"wdio_ui5_key":"applicationmanageresources-display-component---newResourceUnit--newRRUPage-anchBar-application-manageresources-display-component---newResourceUnit--control-anchor"}]}
RESULT: {"script":"<script> [1562 bytes]","args":[{"selector":{"id":"application-manageresources-display-component---newResourceUnit--newRRUPage-anchBar-application-manageresources-display-component---newResourceUnit--control-anchor","interaction":{"idSuffix":"BDI-content"}},"wdio_ui5_key":"applicationmanageresources-display-component---newResourceUnit--newRRUPage-anchBar-application-manageresources-display-component---newResourceUnit--control-anchor"}]}
RESULT: undefined
COMMAND: POST /session/ffd02ccbd2ef7f94e44a9324fe7b5a64/element - {"using":"xpath","value":"//*[@id=\"application-manageresources-display-component---newResourceUnit--newRRUPage-anchBar-application-manageresources-display-component---newResourceUnit--control-anchor\"]"}
RESULT: {"using":"xpath","value":"//*[@id=\"application-manageresources-display-component---newResourceUnit--newRRUPage-anchBar-application-manageresources-display-component---newResourceUnit--control-anchor\"]"}
COMMAND: POST /session/ffd02ccbd2ef7f94e44a9324fe7b5a64/element/f.96D49A20C494BCF8563860382D93E39E.d.FB83354EF894EC8A897794FB233CFCC4.e.9703/click - {}
RESULT: {}
COMMAND: POST /session/ffd02ccbd2ef7f94e44a9324fe7b5a64/execute/async - {"script":"<script> [1562 bytes]","args":[{"selector":{"id":"application-manageresources-display-component---newResourceUnit--PLANNING_GROUP","interaction":{"idSuffix":"inner"}},"wdio_ui5_key":"applicationmanageresources-display-component---newResourceUnit--PLANNING_GROUP"}]}
COMMAND: GET /session/ffd02ccbd2ef7f94e44a9324fe7b5a64/screenshot - {}
RESULT: {"script":"<script> [1562 bytes]","args":[{"selector":{"id":"application-manageresources-display-component---newResourceUnit--PLANNING_GROUP","interaction":{"idSuffix":"inner"}},"wdio_ui5_key":"applicationmanageresources-display-component---newResourceUnit--PLANNING_GROUP"}]}
RESULT: undefined
COMMAND: POST /session/ffd02ccbd2ef7f94e44a9324fe7b5a64/execute/async - {"script":"<script> [776 bytes]","args":[{"enterText":"Heavy Equi","selector":{"id":"application-manageresources-display-component---newResourceUnit--PLANNING_GROUP","interaction":{"idSuffix":"inner"}},"clearTextFirst":true,"interactionType":"ENTER_TEXT"}]}
RESULT: {}
RESULT: {"script":"<script> [776 bytes]","args":[{"enterText":"Heavy Equi","selector":{"id":"application-manageresources-display-component---newResourceUnit--PLANNING_GROUP","interaction":{"idSuffix":"inner"}},"clearTextFirst":true,"interactionType":"ENTER_TEXT"}]}
COMMAND: POST /session/ffd02ccbd2ef7f94e44a9324fe7b5a64/execute/async - {"script":"<script> [1562 bytes]","args":[{"selector":{"id":"application-manageresources-display-component---newResourceUnit--ITEM_TYPE-arrow"},"wdio_ui5_key":"applicationmanageresources-display-component---newResourceUnit--ITEM_TYPE-arrow"}]}
RESULT: {"script":"<script> [1562 bytes]","args":[{"selector":{"id":"application-manageresources-display-component---newResourceUnit--ITEM_TYPE-arrow"},"wdio_ui5_key":"applicationmanageresources-display-component---newResourceUnit--ITEM_TYPE-arrow"}]}
RESULT: undefined
COMMAND: POST /session/ffd02ccbd2ef7f94e44a9324fe7b5a64/element - {"using":"xpath","value":"//*[@id=\"application-manageresources-display-component---newResourceUnit--ITEM_TYPE-arrow\"]"}
RESULT: {"using":"xpath","value":"//*[@id=\"application-manageresources-display-component---newResourceUnit--ITEM_TYPE-arrow\"]"}
COMMAND: POST /session/ffd02ccbd2ef7f94e44a9324fe7b5a64/element/f.96D49A20C494BCF8563860382D93E39E.d.FB83354EF894EC8A897794FB233CFCC4.e.9710/click - {}
RESULT: {}
COMMAND: POST /session/ffd02ccbd2ef7f94e44a9324fe7b5a64/element - {"using":"xpath","value":"(//span[contains(text(), \"Resource Unit\")])[2]"}
COMMAND: GET /session/ffd02ccbd2ef7f94e44a9324fe7b5a64/screenshot - {}
RESULT: {"using":"xpath","value":"(//span[contains(text(), \"Resource Unit\")])[2]"}
COMMAND: POST /session/ffd02ccbd2ef7f94e44a9324fe7b5a64/element/f.96D49A20C494BCF8563860382D93E39E.d.FB83354EF894EC8A897794FB233CFCC4.e.9711/click - {}
RESULT: {}
RESULT: {}
COMMAND: GET /session/ffd02ccbd2ef7f94e44a9324fe7b5a64/screenshot - {}
RESULT: {}
COMMAND: POST /session/ffd02ccbd2ef7f94e44a9324fe7b5a64/element - {"using":"css selector","value":"#application-manageresources-display-component---newResourceUnit--btnAddTimeSegment"}
RESULT: {"using":"css selector","value":"#application-manageresources-display-component---newResourceUnit--btnAddTimeSegment"}
COMMAND: GET /session/ffd02ccbd2ef7f94e44a9324fe7b5a64/element/f.96D49A20C494BCF8563860382D93E39E.d.FB83354EF894EC8A897794FB233CFCC4.e.9712/rect - {}
RESULT: {}
COMMAND: GET /session/ffd02ccbd2ef7f94e44a9324fe7b5a64/window/rect - {}
RESULT: {}
COMMAND: POST /session/ffd02ccbd2ef7f94e44a9324fe7b5a64/execute/sync - {"script":"<script> [92 bytes]","args":[]}
RESULT: {"script":"<script> [92 bytes]","args":[]}
COMMAND: POST /session/ffd02ccbd2ef7f94e44a9324fe7b5a64/actions - {"actions":[{"id":"action28","type":"wheel","parameters":{},"actions":[{"type":"scroll","x":-1888,"y":-32,"deltaX":0,"deltaY":0,"duration":0,"origin":{"element-6066-11e4-a52e-4f735466cecf":"f.96D49A20C494BCF8563860382D93E39E.d.FB83354EF894EC8A897794FB233CFCC4.e.9712"}}]}]}
COMMAND: GET /session/ffd02ccbd2ef7f94e44a9324fe7b5a64/screenshot - {}
RESULT: {}
COMMAND: POST /session/ffd02ccbd2ef7f94e44a9324fe7b5a64/execute/sync - {"script":"<script> [79 bytes]","args":[{"element-6066-11e4-a52e-4f735466cecf":"f.96D49A20C494BCF8563860382D93E39E.d.FB83354EF894EC8A897794FB233CFCC4.e.9712","ELEMENT":"f.96D49A20C494BCF8563860382D93E39E.d.FB83354EF894EC8A897794FB233CFCC4.e.9712"},{"block":"start","inline":"nearest"}]}
RESULT: {"script":"<script> [79 bytes]","args":[{"element-6066-11e4-a52e-4f735466cecf":"f.96D49A20C494BCF8563860382D93E39E.d.FB83354EF894EC8A897794FB233CFCC4.e.9712","ELEMENT":"f.96D49A20C494BCF8563860382D93E39E.d.FB83354EF894EC8A897794FB233CFCC4.e.9712"},{"block":"start","inline":"nearest"}]}
COMMAND: POST /session/ffd02ccbd2ef7f94e44a9324fe7b5a64/execute/async - {"script":"<script> [1562 bytes]","args":[{"selector":{"id":"application-manageresources-display-component---newResourceUnit--btnAddTimeSegment","interaction":{"idSuffix":"inner"}},"wdio_ui5_key":"applicationmanageresources-display-component---newResourceUnit--btnAddTimeSegment"}]}
COMMAND: GET /session/ffd02ccbd2ef7f94e44a9324fe7b5a64/screenshot - {}
RESULT: {"script":"<script> [1562 bytes]","args":[{"selector":{"id":"application-manageresources-display-component---newResourceUnit--btnAddTimeSegment","interaction":{"idSuffix":"inner"}},"wdio_ui5_key":"applicationmanageresources-display-component---newResourceUnit--btnAddTimeSegment"}]}
RESULT: undefined
COMMAND: POST /session/ffd02ccbd2ef7f94e44a9324fe7b5a64/element - {"using":"xpath","value":"//*[@id=\"application-manageresources-display-component---newResourceUnit--btnAddTimeSegment\"]"}
RESULT: {}
RESULT: {"using":"xpath","value":"//*[@id=\"application-manageresources-display-component---newResourceUnit--btnAddTimeSegment\"]"}
COMMAND: POST /session/ffd02ccbd2ef7f94e44a9324fe7b5a64/element/f.96D49A20C494BCF8563860382D93E39E.d.FB83354EF894EC8A897794FB233CFCC4.e.9712/click - {}
RESULT: {}
COMMAND: GET /session/ffd02ccbd2ef7f94e44a9324fe7b5a64/screenshot - {}
RESULT: {}
COMMAND: POST /session/ffd02ccbd2ef7f94e44a9324fe7b5a64/element - {"using":"xpath","value":"//input[@id=\"application-manageresources-display-component---newResourceUnit--idRuTSAdmin-application-manageresources-display-component---newResourceUnit--RUTimeSegment-0-inner\"]"}
RESULT: {"using":"xpath","value":"//input[@id=\"application-manageresources-display-component---newResourceUnit--idRuTSAdmin-application-manageresources-display-component---newResourceUnit--RUTimeSegment-0-inner\"]"}
COMMAND: POST /session/ffd02ccbd2ef7f94e44a9324fe7b5a64/element/f.96D49A20C494BCF8563860382D93E39E.d.FB83354EF894EC8A897794FB233CFCC4.e.9718/clear - {}
RESULT: {}
COMMAND: POST /session/ffd02ccbd2ef7f94e44a9324fe7b5a64/element/f.96D49A20C494BCF8563860382D93E39E.d.FB83354EF894EC8A897794FB233CFCC4.e.9718/value - {"text":"684"}
COMMAND: GET /session/ffd02ccbd2ef7f94e44a9324fe7b5a64/screenshot - {}
RESULT: {"text":"684"}
COMMAND: GET /session/ffd02ccbd2ef7f94e44a9324fe7b5a64/screenshot - {}
RESULT: {}
RESULT: {}
COMMAND: POST /session/ffd02ccbd2ef7f94e44a9324fe7b5a64/element - {"using":"xpath","value":"//li[.//span[text()='684']]"}
RESULT: {"using":"xpath","value":"//li[.//span[text()='684']]"}
COMMAND: POST /session/ffd02ccbd2ef7f94e44a9324fe7b5a64/element/f.96D49A20C494BCF8563860382D93E39E.d.FB83354EF894EC8A897794FB233CFCC4.e.9732/click - {}
RESULT: {}
COMMAND: GET /session/ffd02ccbd2ef7f94e44a9324fe7b5a64/screenshot - {}
RESULT: {}
COMMAND: POST /session/ffd02ccbd2ef7f94e44a9324fe7b5a64/element - {"using":"xpath","value":"(//span[contains(@id, \"-application-manageresources-display-component---newResourceUnit--RUTimeSegment-0-arrow\")])[6]"}
RESULT: {"using":"xpath","value":"(//span[contains(@id, \"-application-manageresources-display-component---newResourceUnit--RUTimeSegment-0-arrow\")])[6]"}
COMMAND: POST /session/ffd02ccbd2ef7f94e44a9324fe7b5a64/element/f.96D49A20C494BCF8563860382D93E39E.d.FB83354EF894EC8A897794FB233CFCC4.e.9733/click - {}
RESULT: {}
COMMAND: GET /session/ffd02ccbd2ef7f94e44a9324fe7b5a64/screenshot - {}
RESULT: {}
COMMAND: POST /session/ffd02ccbd2ef7f94e44a9324fe7b5a64/element - {"using":"xpath","value":"//span[contains(text(), \"PM Order\")]"}
RESULT: {"using":"xpath","value":"//span[contains(text(), \"PM Order\")]"}
COMMAND: POST /session/ffd02ccbd2ef7f94e44a9324fe7b5a64/element/f.96D49A20C494BCF8563860382D93E39E.d.FB83354EF894EC8A897794FB233CFCC4.e.9736/click - {}
RESULT: {}
COMMAND: GET /session/ffd02ccbd2ef7f94e44a9324fe7b5a64/screenshot - {}
RESULT: {}
COMMAND: POST /session/ffd02ccbd2ef7f94e44a9324fe7b5a64/element - {"using":"xpath","value":"(//span[contains(@id ,\"manageresources-display-component---newResourceUnit--RUTimeSegment-0-vhi\")])[1]"}
RESULT: {"using":"xpath","value":"(//span[contains(@id ,\"manageresources-display-component---newResourceUnit--RUTimeSegment-0-vhi\")])[1]"}
COMMAND: GET /session/ffd02ccbd2ef7f94e44a9324fe7b5a64/element/f.96D49A20C494BCF8563860382D93E39E.d.FB83354EF894EC8A897794FB233CFCC4.e.9740/rect - {}
RESULT: {}
COMMAND: GET /session/ffd02ccbd2ef7f94e44a9324fe7b5a64/window/rect - {}
RESULT: {}
COMMAND: POST /session/ffd02ccbd2ef7f94e44a9324fe7b5a64/execute/sync - {"script":"<script> [92 bytes]","args":[]}
RESULT: {"script":"<script> [92 bytes]","args":[]}
COMMAND: POST /session/ffd02ccbd2ef7f94e44a9324fe7b5a64/actions - {"actions":[{"id":"action29","type":"wheel","parameters":{},"actions":[{"type":"scroll","x":-869,"y":-24,"deltaX":0,"deltaY":0,"duration":0,"origin":{"element-6066-11e4-a52e-4f735466cecf":"f.96D49A20C494BCF8563860382D93E39E.d.FB83354EF894EC8A897794FB233CFCC4.e.9740"}}]}]}
COMMAND: GET /session/ffd02ccbd2ef7f94e44a9324fe7b5a64/screenshot - {}
RESULT: {"actions":[{"id":"action29","type":"wheel","parameters":{},"actions":[{"type":"scroll","x":-869,"y":-24,"deltaX":0,"deltaY":0,"duration":0,"origin":{"element-6066-11e4-a52e-4f735466cecf":"f.96D49A20C494BCF8563860382D93E39E.d.FB83354EF894EC8A897794FB233CFCC4.e.9740"}}]}]}
COMMAND: DELETE /session/ffd02ccbd2ef7f94e44a9324fe7b5a64/actions - {}
COMMAND: GET /session/ffd02ccbd2ef7f94e44a9324fe7b5a64/screenshot - {}
RESULT: {}
RESULT: {}
COMMAND: GET /session/ffd02ccbd2ef7f94e44a9324fe7b5a64/screenshot - {}
RESULT: {}
RESULT: {}
COMMAND: POST /session/ffd02ccbd2ef7f94e44a9324fe7b5a64/element/f.96D49A20C494BCF8563860382D93E39E.d.FB83354EF894EC8A897794FB233CFCC4.e.9740/click - {}
RESULT: {}
COMMAND: GET /session/ffd02ccbd2ef7f94e44a9324fe7b5a64/screenshot - {}
RESULT: {}
RESULT: undefined
COMMAND: POST /session/ffd02ccbd2ef7f94e44a9324fe7b5a64/execute/async - {"script":"<script> [776 bytes]","args":[{"enterText":"4000360","selector":{"controlType":"sap.m.SearchField","properties":{"placeholder":"Search"},"searchOpenDialogs":true,"interaction":{"idSuffix":"I"}},"clearTextFirst":true,"interactionType":"ENTER_TEXT"}]}
RESULT: {"script":"<script> [776 bytes]","args":[{"enterText":"4000360","selector":{"controlType":"sap.m.SearchField","properties":{"placeholder":"Search"},"searchOpenDialogs":true,"interaction":{"idSuffix":"I"}},"clearTextFirst":true,"interactionType":"ENTER_TEXT"}]}
COMMAND: POST /session/ffd02ccbd2ef7f94e44a9324fe7b5a64/actions - {"actions":[{"id":"action30","type":"key","parameters":{},"actions":[{"type":"keyDown","value":""},{"type":"pause","duration":10},{"type":"keyUp","value":""}]}]}
RESULT: {"actions":[{"id":"action30","type":"key","parameters":{},"actions":[{"type":"keyDown","value":""},{"type":"pause","duration":10},{"type":"keyUp","value":""}]}]}
COMMAND: GET /session/ffd02ccbd2ef7f94e44a9324fe7b5a64/screenshot - {}
RESULT: {}
COMMAND: POST /session/ffd02ccbd2ef7f94e44a9324fe7b5a64/element - {"using":"xpath","value":"//td/div/span[contains(text(), \"BGL Vehicles\")]"}
RESULT: {"using":"xpath","value":"//td/div/span[contains(text(), \"BGL Vehicles\")]"}
COMMAND: POST /session/ffd02ccbd2ef7f94e44a9324fe7b5a64/element/f.96D49A20C494BCF8563860382D93E39E.d.FB83354EF894EC8A897794FB233CFCC4.e.9761/click - {}
RESULT: {}
COMMAND: GET /session/ffd02ccbd2ef7f94e44a9324fe7b5a64/screenshot - {}
RESULT: {}
COMMAND: POST /session/ffd02ccbd2ef7f94e44a9324fe7b5a64/element - {"using":"xpath","value":"//bdi[contains(text(), \"OK\")]"}
RESULT: {"using":"xpath","value":"//bdi[contains(text(), \"OK\")]"}
COMMAND: POST /session/ffd02ccbd2ef7f94e44a9324fe7b5a64/element/f.96D49A20C494BCF8563860382D93E39E.d.FB83354EF894EC8A897794FB233CFCC4.e.9762/click - {}
RESULT: {}
COMMAND: GET /session/ffd02ccbd2ef7f94e44a9324fe7b5a64/screenshot - {}
RESULT: {}
COMMAND: POST /session/ffd02ccbd2ef7f94e44a9324fe7b5a64/execute/async - {"script":"<script> [1562 bytes]","args":[{"selector":{"id":"application-manageresources-display-component---newResourceUnit--newRRUPage-anchBar-application-manageresources-display-component---newResourceUnit--resource-anchor","interaction":{"idSuffix":"BDI-content"}},"wdio_ui5_key":"applicationmanageresources-display-component---newResourceUnit--newRRUPage-anchBar-application-manageresources-display-component---newResourceUnit--resource-anchor"}]}
RESULT: {"script":"<script> [1562 bytes]","args":[{"selector":{"id":"application-manageresources-display-component---newResourceUnit--newRRUPage-anchBar-application-manageresources-display-component---newResourceUnit--resource-anchor","interaction":{"idSuffix":"BDI-content"}},"wdio_ui5_key":"applicationmanageresources-display-component---newResourceUnit--newRRUPage-anchBar-application-manageresources-display-component---newResourceUnit--resource-anchor"}]}
RESULT: undefined
COMMAND: POST /session/ffd02ccbd2ef7f94e44a9324fe7b5a64/element - {"using":"xpath","value":"//*[@id=\"application-manageresources-display-component---newResourceUnit--newRRUPage-anchBar-application-manageresources-display-component---newResourceUnit--resource-anchor\"]"}
RESULT: {"using":"xpath","value":"//*[@id=\"application-manageresources-display-component---newResourceUnit--newRRUPage-anchBar-application-manageresources-display-component---newResourceUnit--resource-anchor\"]"}
COMMAND: POST /session/ffd02ccbd2ef7f94e44a9324fe7b5a64/element/f.96D49A20C494BCF8563860382D93E39E.d.FB83354EF894EC8A897794FB233CFCC4.e.9766/click - {}
RESULT: {}
COMMAND: POST /session/ffd02ccbd2ef7f94e44a9324fe7b5a64/execute/async - {"script":"<script> [1562 bytes]","args":[{"selector":{"id":"application-manageresources-display-component---newResourceUnit--PLANNED_DELIVERY_DATE","interaction":{"idSuffix":"inner"}},"wdio_ui5_key":"applicationmanageresources-display-component---newResourceUnit--PLANNED_DELIVERY_DATE"}]}
COMMAND: GET /session/ffd02ccbd2ef7f94e44a9324fe7b5a64/screenshot - {}
RESULT: {"script":"<script> [1562 bytes]","args":[{"selector":{"id":"application-manageresources-display-component---newResourceUnit--PLANNED_DELIVERY_DATE","interaction":{"idSuffix":"inner"}},"wdio_ui5_key":"applicationmanageresources-display-component---newResourceUnit--PLANNED_DELIVERY_DATE"}]}
RESULT: undefined
COMMAND: POST /session/ffd02ccbd2ef7f94e44a9324fe7b5a64/execute/async - {"script":"<script> [6424 bytes]","args":[{"element-6066-11e4-a52e-4f735466cecf":"f.96D49A20C494BCF8563860382D93E39E.d.FB83354EF894EC8A897794FB233CFCC4.e.9628"},"setValue",["5/22/25"]]}
RESULT: {}
RESULT: {"script":"<script> [6424 bytes]","args":[{"element-6066-11e4-a52e-4f735466cecf":"f.96D49A20C494BCF8563860382D93E39E.d.FB83354EF894EC8A897794FB233CFCC4.e.9628"},"setValue",["5/22/25"]]}
COMMAND: POST /session/ffd02ccbd2ef7f94e44a9324fe7b5a64/element - {"using":"xpath","value":"//label[contains(@class, 'sapMLabelRequired') and .//bdi[contains(text(), 'Planned Retirement')]]"}
RESULT: {"using":"xpath","value":"//label[contains(@class, 'sapMLabelRequired') and .//bdi[contains(text(), 'Planned Retirement')]]"}
COMMAND: POST /session/ffd02ccbd2ef7f94e44a9324fe7b5a64/elements - {"using":"xpath","value":"//label[contains(@class, 'sapMLabelRequired') and .//bdi[contains(text(), 'Planned Retirement')]]"}
RESULT: {"using":"xpath","value":"//label[contains(@class, 'sapMLabelRequired') and .//bdi[contains(text(), 'Planned Retirement')]]"}
COMMAND: POST /session/ffd02ccbd2ef7f94e44a9324fe7b5a64/element - {"using":"xpath","value":"//button[@data-kt=\"resourceUnitSaveButton\"]"}
RESULT: {"using":"xpath","value":"//button[@data-kt=\"resourceUnitSaveButton\"]"}
COMMAND: POST /session/ffd02ccbd2ef7f94e44a9324fe7b5a64/element/f.96D49A20C494BCF8563860382D93E39E.d.FB83354EF894EC8A897794FB233CFCC4.e.9589/click - {}
RESULT: {}
COMMAND: GET /session/ffd02ccbd2ef7f94e44a9324fe7b5a64/screenshot - {}
RESULT: {}
COMMAND: POST /session/ffd02ccbd2ef7f94e44a9324fe7b5a64/element - {"using":"xpath","value":"//bdi[contains(text(), \"Close\")]"}
RESULT: {"using":"xpath","value":"//bdi[contains(text(), \"Close\")]"}
COMMAND: POST /session/ffd02ccbd2ef7f94e44a9324fe7b5a64/element/f.96D49A20C494BCF8563860382D93E39E.d.FB83354EF894EC8A897794FB233CFCC4.e.9776/click - {}
RESULT: {}
COMMAND: GET /session/ffd02ccbd2ef7f94e44a9324fe7b5a64/screenshot - {}
RESULT: {}
COMMAND: POST /session/ffd02ccbd2ef7f94e44a9324fe7b5a64/element - {"using":"xpath","value":"(//button[contains(@id ,\"actionsToolbar-overflowButton\")])[1]"}
RESULT: {"using":"xpath","value":"(//button[contains(@id ,\"actionsToolbar-overflowButton\")])[1]"}
COMMAND: POST /session/ffd02ccbd2ef7f94e44a9324fe7b5a64/element/f.96D49A20C494BCF8563860382D93E39E.d.FB83354EF894EC8A897794FB233CFCC4.e.9808/click - {}
RESULT: {}
COMMAND: GET /session/ffd02ccbd2ef7f94e44a9324fe7b5a64/screenshot - {}
RESULT: {}
COMMAND: POST /session/ffd02ccbd2ef7f94e44a9324fe7b5a64/element - {"using":"xpath","value":"//button[@data-kt=\"priceInfoButton\"]"}
RESULT: {"using":"xpath","value":"//button[@data-kt=\"priceInfoButton\"]"}
COMMAND: POST /session/ffd02ccbd2ef7f94e44a9324fe7b5a64/element/f.96D49A20C494BCF8563860382D93E39E.d.FB83354EF894EC8A897794FB233CFCC4.e.9810/click - {}
RESULT: {}
COMMAND: GET /session/ffd02ccbd2ef7f94e44a9324fe7b5a64/screenshot - {}
]]></system-out>
    </testcase>
    <testcase classname="chrome.136_0_7103_93.windows.Billing_Transfer_-_Intracompany_US127249" name="Should create a pricing procedure" time="57.839">
      <system-out><![CDATA[
COMMAND: POST /session/ffd02ccbd2ef7f94e44a9324fe7b5a64/element - {"using":"xpath","value":"//button[@data-kt=\"addButton\"]"}
RESULT: {}
RESULT: {"using":"xpath","value":"//button[@data-kt=\"addButton\"]"}
COMMAND: POST /session/ffd02ccbd2ef7f94e44a9324fe7b5a64/elements - {"using":"xpath","value":"//button[@data-kt=\"addButton\"]"}
RESULT: {"using":"xpath","value":"//button[@data-kt=\"addButton\"]"}
COMMAND: POST /session/ffd02ccbd2ef7f94e44a9324fe7b5a64/execute/sync - {"script":"<script> [8489 bytes]","args":[{"element-6066-11e4-a52e-4f735466cecf":"f.96D49A20C494BCF8563860382D93E39E.d.FB83354EF894EC8A897794FB233CFCC4.e.9847","ELEMENT":"f.96D49A20C494BCF8563860382D93E39E.d.FB83354EF894EC8A897794FB233CFCC4.e.9847"}]}
RESULT: {"script":"<script> [8489 bytes]","args":[{"element-6066-11e4-a52e-4f735466cecf":"f.96D49A20C494BCF8563860382D93E39E.d.FB83354EF894EC8A897794FB233CFCC4.e.9847","ELEMENT":"f.96D49A20C494BCF8563860382D93E39E.d.FB83354EF894EC8A897794FB233CFCC4.e.9847"}]}
COMMAND: GET /session/ffd02ccbd2ef7f94e44a9324fe7b5a64/element/f.96D49A20C494BCF8563860382D93E39E.d.FB83354EF894EC8A897794FB233CFCC4.e.9847/enabled - {}
COMMAND: GET /session/ffd02ccbd2ef7f94e44a9324fe7b5a64/screenshot - {}
RESULT: {}
COMMAND: POST /session/ffd02ccbd2ef7f94e44a9324fe7b5a64/execute/sync - {"script":"<script> [8489 bytes]","args":[{"element-6066-11e4-a52e-4f735466cecf":"f.96D49A20C494BCF8563860382D93E39E.d.FB83354EF894EC8A897794FB233CFCC4.e.9847","ELEMENT":"f.96D49A20C494BCF8563860382D93E39E.d.FB83354EF894EC8A897794FB233CFCC4.e.9847"}]}
COMMAND: GET /session/ffd02ccbd2ef7f94e44a9324fe7b5a64/screenshot - {}
RESULT: {}
RESULT: {"script":"<script> [8489 bytes]","args":[{"element-6066-11e4-a52e-4f735466cecf":"f.96D49A20C494BCF8563860382D93E39E.d.FB83354EF894EC8A897794FB233CFCC4.e.9847","ELEMENT":"f.96D49A20C494BCF8563860382D93E39E.d.FB83354EF894EC8A897794FB233CFCC4.e.9847"}]}
COMMAND: POST /session/ffd02ccbd2ef7f94e44a9324fe7b5a64/execute/sync - {"script":"<script> [5351 bytes]","args":[{"element-6066-11e4-a52e-4f735466cecf":"f.96D49A20C494BCF8563860382D93E39E.d.FB83354EF894EC8A897794FB233CFCC4.e.9847","ELEMENT":"f.96D49A20C494BCF8563860382D93E39E.d.FB83354EF894EC8A897794FB233CFCC4.e.9847"}]}
COMMAND: GET /session/ffd02ccbd2ef7f94e44a9324fe7b5a64/screenshot - {}
RESULT: {}
RESULT: {"script":"<script> [5351 bytes]","args":[{"element-6066-11e4-a52e-4f735466cecf":"f.96D49A20C494BCF8563860382D93E39E.d.FB83354EF894EC8A897794FB233CFCC4.e.9847","ELEMENT":"f.96D49A20C494BCF8563860382D93E39E.d.FB83354EF894EC8A897794FB233CFCC4.e.9847"}]}
COMMAND: POST /session/ffd02ccbd2ef7f94e44a9324fe7b5a64/element/f.96D49A20C494BCF8563860382D93E39E.d.FB83354EF894EC8A897794FB233CFCC4.e.9847/click - {}
COMMAND: GET /session/ffd02ccbd2ef7f94e44a9324fe7b5a64/screenshot - {}
RESULT: {}
RESULT: {}
COMMAND: GET /session/ffd02ccbd2ef7f94e44a9324fe7b5a64/screenshot - {}
RESULT: {}
RESULT: {}
COMMAND: POST /session/ffd02ccbd2ef7f94e44a9324fe7b5a64/execute/async - {"script":"<script> [1562 bytes]","args":[{"selector":{"controlType":"sap.m.Title","viewName":"etm.portal.ui.managepricingrules.view.NewItem","viewId":"application-managepricingrules-display-component---newInfoPriceItem","properties":{"text":"New Pricing Rules - Item Level"}},"wdio_ui5_key":"etmportal.ui.managepricingrules.view.NewItemsap.m.Title{\"text\":\"New Pricing Rules - Item Level\"}"}]}
RESULT: {"script":"<script> [1562 bytes]","args":[{"selector":{"controlType":"sap.m.Title","viewName":"etm.portal.ui.managepricingrules.view.NewItem","viewId":"application-managepricingrules-display-component---newInfoPriceItem","properties":{"text":"New Pricing Rules - Item Level"}},"wdio_ui5_key":"etmportal.ui.managepricingrules.view.NewItemsap.m.Title{\"text\":\"New Pricing Rules - Item Level\"}"}]}
RESULT: undefined
COMMAND: POST /session/ffd02ccbd2ef7f94e44a9324fe7b5a64/execute/async - {"script":"<script> [6424 bytes]","args":[{"element-6066-11e4-a52e-4f735466cecf":"f.96D49A20C494BCF8563860382D93E39E.d.FB83354EF894EC8A897794FB233CFCC4.e.9974"},"getText",[]]}
RESULT: {"script":"<script> [6424 bytes]","args":[{"element-6066-11e4-a52e-4f735466cecf":"f.96D49A20C494BCF8563860382D93E39E.d.FB83354EF894EC8A897794FB233CFCC4.e.9974"},"getText",[]]}
COMMAND: POST /session/ffd02ccbd2ef7f94e44a9324fe7b5a64/execute/async - {"script":"<script> [1562 bytes]","args":[{"selector":{"id":"application-managepricingrules-display-component---newInfoPriceItem--condValidTo","interaction":{"idSuffix":"inner"}},"wdio_ui5_key":"applicationmanagepricingrules-display-component---newInfoPriceItem--condValidTo"}]}
RESULT: {"script":"<script> [1562 bytes]","args":[{"selector":{"id":"application-managepricingrules-display-component---newInfoPriceItem--condValidTo","interaction":{"idSuffix":"inner"}},"wdio_ui5_key":"applicationmanagepricingrules-display-component---newInfoPriceItem--condValidTo"}]}
RESULT: undefined
COMMAND: POST /session/ffd02ccbd2ef7f94e44a9324fe7b5a64/execute/async - {"script":"<script> [776 bytes]","args":[{"enterText":"1/22/26","selector":{"id":"application-managepricingrules-display-component---newInfoPriceItem--condValidTo","interaction":{"idSuffix":"inner"}},"clearTextFirst":true,"interactionType":"ENTER_TEXT"}]}
RESULT: {"script":"<script> [776 bytes]","args":[{"enterText":"1/22/26","selector":{"id":"application-managepricingrules-display-component---newInfoPriceItem--condValidTo","interaction":{"idSuffix":"inner"}},"clearTextFirst":true,"interactionType":"ENTER_TEXT"}]}
COMMAND: POST /session/ffd02ccbd2ef7f94e44a9324fe7b5a64/execute/async - {"script":"<script> [1562 bytes]","args":[{"selector":{"id":"application-managepricingrules-display-component---newInfoPriceItem--billType-arrow"},"wdio_ui5_key":"applicationmanagepricingrules-display-component---newInfoPriceItem--billType-arrow"}]}
RESULT: {"script":"<script> [1562 bytes]","args":[{"selector":{"id":"application-managepricingrules-display-component---newInfoPriceItem--billType-arrow"},"wdio_ui5_key":"applicationmanagepricingrules-display-component---newInfoPriceItem--billType-arrow"}]}
RESULT: undefined
COMMAND: POST /session/ffd02ccbd2ef7f94e44a9324fe7b5a64/element - {"using":"xpath","value":"//*[@id=\"application-managepricingrules-display-component---newInfoPriceItem--billType-arrow\"]"}
RESULT: {"using":"xpath","value":"//*[@id=\"application-managepricingrules-display-component---newInfoPriceItem--billType-arrow\"]"}
COMMAND: POST /session/ffd02ccbd2ef7f94e44a9324fe7b5a64/element/f.96D49A20C494BCF8563860382D93E39E.d.FB83354EF894EC8A897794FB233CFCC4.e.9976/click - {}
RESULT: {}
COMMAND: POST /session/ffd02ccbd2ef7f94e44a9324fe7b5a64/element - {"using":"xpath","value":"//span[contains(text(), \"TB - Time based\")]"}
COMMAND: GET /session/ffd02ccbd2ef7f94e44a9324fe7b5a64/screenshot - {}
RESULT: {"using":"xpath","value":"//span[contains(text(), \"TB - Time based\")]"}
COMMAND: POST /session/ffd02ccbd2ef7f94e44a9324fe7b5a64/element/f.96D49A20C494BCF8563860382D93E39E.d.FB83354EF894EC8A897794FB233CFCC4.e.9977/click - {}
RESULT: {}
RESULT: {}
COMMAND: POST /session/ffd02ccbd2ef7f94e44a9324fe7b5a64/execute/async - {"script":"<script> [1562 bytes]","args":[{"selector":{"id":"application-managepricingrules-display-component---newInfoPriceItem--priceProc-arrow"},"wdio_ui5_key":"applicationmanagepricingrules-display-component---newInfoPriceItem--priceProc-arrow"}]}
COMMAND: GET /session/ffd02ccbd2ef7f94e44a9324fe7b5a64/screenshot - {}
RESULT: {"script":"<script> [1562 bytes]","args":[{"selector":{"id":"application-managepricingrules-display-component---newInfoPriceItem--priceProc-arrow"},"wdio_ui5_key":"applicationmanagepricingrules-display-component---newInfoPriceItem--priceProc-arrow"}]}
RESULT: undefined
COMMAND: POST /session/ffd02ccbd2ef7f94e44a9324fe7b5a64/element - {"using":"xpath","value":"//*[@id=\"application-managepricingrules-display-component---newInfoPriceItem--priceProc-arrow\"]"}
RESULT: {}
RESULT: {"using":"xpath","value":"//*[@id=\"application-managepricingrules-display-component---newInfoPriceItem--priceProc-arrow\"]"}
COMMAND: POST /session/ffd02ccbd2ef7f94e44a9324fe7b5a64/element/f.96D49A20C494BCF8563860382D93E39E.d.FB83354EF894EC8A897794FB233CFCC4.e.9978/click - {}
RESULT: {}
COMMAND: POST /session/ffd02ccbd2ef7f94e44a9324fe7b5a64/element - {"using":"xpath","value":"//span[contains(text(), \"TBS - Time based standard\")]"}
COMMAND: GET /session/ffd02ccbd2ef7f94e44a9324fe7b5a64/screenshot - {}
RESULT: {"using":"xpath","value":"//span[contains(text(), \"TBS - Time based standard\")]"}
COMMAND: POST /session/ffd02ccbd2ef7f94e44a9324fe7b5a64/element/f.96D49A20C494BCF8563860382D93E39E.d.FB83354EF894EC8A897794FB233CFCC4.e.9979/click - {}
RESULT: {}
RESULT: {}
COMMAND: POST /session/ffd02ccbd2ef7f94e44a9324fe7b5a64/execute/async - {"script":"<script> [1562 bytes]","args":[{"selector":{"id":"application-managepricingrules-display-component---newInfoPriceItem--calcBase-arrow"},"wdio_ui5_key":"applicationmanagepricingrules-display-component---newInfoPriceItem--calcBase-arrow"}]}
COMMAND: GET /session/ffd02ccbd2ef7f94e44a9324fe7b5a64/screenshot - {}
RESULT: {"script":"<script> [1562 bytes]","args":[{"selector":{"id":"application-managepricingrules-display-component---newInfoPriceItem--calcBase-arrow"},"wdio_ui5_key":"applicationmanagepricingrules-display-component---newInfoPriceItem--calcBase-arrow"}]}
RESULT: undefined
COMMAND: POST /session/ffd02ccbd2ef7f94e44a9324fe7b5a64/element - {"using":"xpath","value":"//*[@id=\"application-managepricingrules-display-component---newInfoPriceItem--calcBase-arrow\"]"}
RESULT: {}
RESULT: {"using":"xpath","value":"//*[@id=\"application-managepricingrules-display-component---newInfoPriceItem--calcBase-arrow\"]"}
COMMAND: POST /session/ffd02ccbd2ef7f94e44a9324fe7b5a64/element/f.96D49A20C494BCF8563860382D93E39E.d.FB83354EF894EC8A897794FB233CFCC4.e.9951/click - {}
RESULT: {}
COMMAND: GET /session/ffd02ccbd2ef7f94e44a9324fe7b5a64/screenshot - {}
RESULT: {}
COMMAND: POST /session/ffd02ccbd2ef7f94e44a9324fe7b5a64/element - {"using":"xpath","value":"//span[contains(text(), \"0006 - TB(calendar days)\")]"}
RESULT: {"using":"xpath","value":"//span[contains(text(), \"0006 - TB(calendar days)\")]"}
COMMAND: POST /session/ffd02ccbd2ef7f94e44a9324fe7b5a64/element/f.96D49A20C494BCF8563860382D93E39E.d.FB83354EF894EC8A897794FB233CFCC4.e.9980/click - {}
RESULT: {}
COMMAND: GET /session/ffd02ccbd2ef7f94e44a9324fe7b5a64/screenshot - {}
RESULT: {}
COMMAND: POST /session/ffd02ccbd2ef7f94e44a9324fe7b5a64/execute/async - {"script":"<script> [1562 bytes]","args":[{"selector":{"id":"application-managepricingrules-display-component---newInfoPriceItem--daysMonth","interaction":{"idSuffix":"inner"}},"wdio_ui5_key":"applicationmanagepricingrules-display-component---newInfoPriceItem--daysMonth"}]}
RESULT: {"script":"<script> [1562 bytes]","args":[{"selector":{"id":"application-managepricingrules-display-component---newInfoPriceItem--daysMonth","interaction":{"idSuffix":"inner"}},"wdio_ui5_key":"applicationmanagepricingrules-display-component---newInfoPriceItem--daysMonth"}]}
RESULT: undefined
COMMAND: POST /session/ffd02ccbd2ef7f94e44a9324fe7b5a64/execute/async - {"script":"<script> [776 bytes]","args":[{"enterText":"30","selector":{"id":"application-managepricingrules-display-component---newInfoPriceItem--daysMonth","interaction":{"idSuffix":"inner"}},"clearTextFirst":true,"interactionType":"ENTER_TEXT"}]}
RESULT: {"script":"<script> [776 bytes]","args":[{"enterText":"30","selector":{"id":"application-managepricingrules-display-component---newInfoPriceItem--daysMonth","interaction":{"idSuffix":"inner"}},"clearTextFirst":true,"interactionType":"ENTER_TEXT"}]}
COMMAND: POST /session/ffd02ccbd2ef7f94e44a9324fe7b5a64/element - {"using":"xpath","value":"//button[@data-kt=\"saveNewRuleButton\"]"}
RESULT: {"using":"xpath","value":"//button[@data-kt=\"saveNewRuleButton\"]"}
COMMAND: POST /session/ffd02ccbd2ef7f94e44a9324fe7b5a64/element/f.96D49A20C494BCF8563860382D93E39E.d.FB83354EF894EC8A897794FB233CFCC4.e.9963/click - {}
RESULT: {}
COMMAND: GET /session/ffd02ccbd2ef7f94e44a9324fe7b5a64/screenshot - {}
RESULT: {}
COMMAND: POST /session/ffd02ccbd2ef7f94e44a9324fe7b5a64/execute/async - {"script":"<script> [1562 bytes]","args":[{"selector":{"id":"application-managepricingrules-display-component---priceInfoItem--smartFilterBar-btnBasicSearch","interaction":{"idSuffix":"I"}},"wdio_ui5_key":"applicationmanagepricingrules-display-component---priceInfoItem--smartFilterBar-btnBasicSearch"}]}
RESULT: {"script":"<script> [1562 bytes]","args":[{"selector":{"id":"application-managepricingrules-display-component---priceInfoItem--smartFilterBar-btnBasicSearch","interaction":{"idSuffix":"I"}},"wdio_ui5_key":"applicationmanagepricingrules-display-component---priceInfoItem--smartFilterBar-btnBasicSearch"}]}
RESULT: undefined
COMMAND: POST /session/ffd02ccbd2ef7f94e44a9324fe7b5a64/execute/async - {"script":"<script> [776 bytes]","args":[{"enterText":"CYE19zR1iH","selector":{"id":"application-managepricingrules-display-component---priceInfoItem--smartFilterBar-btnBasicSearch","interaction":{"idSuffix":"I"}},"clearTextFirst":true,"interactionType":"ENTER_TEXT"}]}
RESULT: {"script":"<script> [776 bytes]","args":[{"enterText":"CYE19zR1iH","selector":{"id":"application-managepricingrules-display-component---priceInfoItem--smartFilterBar-btnBasicSearch","interaction":{"idSuffix":"I"}},"clearTextFirst":true,"interactionType":"ENTER_TEXT"}]}
COMMAND: POST /session/ffd02ccbd2ef7f94e44a9324fe7b5a64/actions - {"actions":[{"id":"action31","type":"key","parameters":{},"actions":[{"type":"keyDown","value":""},{"type":"pause","duration":10},{"type":"keyUp","value":""}]}]}
RESULT: {"actions":[{"id":"action31","type":"key","parameters":{},"actions":[{"type":"keyDown","value":""},{"type":"pause","duration":10},{"type":"keyUp","value":""}]}]}
COMMAND: GET /session/ffd02ccbd2ef7f94e44a9324fe7b5a64/screenshot - {}
RESULT: {}
COMMAND: POST /session/ffd02ccbd2ef7f94e44a9324fe7b5a64/element - {"using":"xpath","value":"//span[@id=\"application-managepricingrules-display-component---priceInfoItem--smartTable-header-inner\"]"}
RESULT: {"using":"xpath","value":"//span[@id=\"application-managepricingrules-display-component---priceInfoItem--smartTable-header-inner\"]"}
COMMAND: POST /session/ffd02ccbd2ef7f94e44a9324fe7b5a64/elements - {"using":"xpath","value":"//span[@id=\"application-managepricingrules-display-component---priceInfoItem--smartTable-header-inner\"]"}
RESULT: {"using":"xpath","value":"//span[@id=\"application-managepricingrules-display-component---priceInfoItem--smartTable-header-inner\"]"}
COMMAND: POST /session/ffd02ccbd2ef7f94e44a9324fe7b5a64/execute/sync - {"script":"<script> [56 bytes]","args":[{"element-6066-11e4-a52e-4f735466cecf":"f.96D49A20C494BCF8563860382D93E39E.d.FB83354EF894EC8A897794FB233CFCC4.e.10004","ELEMENT":"f.96D49A20C494BCF8563860382D93E39E.d.FB83354EF894EC8A897794FB233CFCC4.e.10004"}]}
RESULT: {"script":"<script> [56 bytes]","args":[{"element-6066-11e4-a52e-4f735466cecf":"f.96D49A20C494BCF8563860382D93E39E.d.FB83354EF894EC8A897794FB233CFCC4.e.10004","ELEMENT":"f.96D49A20C494BCF8563860382D93E39E.d.FB83354EF894EC8A897794FB233CFCC4.e.10004"}]}
COMMAND: POST /session/ffd02ccbd2ef7f94e44a9324fe7b5a64/element - {"using":"css selector","value":"#shell-header-logo"}
COMMAND: GET /session/ffd02ccbd2ef7f94e44a9324fe7b5a64/screenshot - {}
RESULT: {"using":"css selector","value":"#shell-header-logo"}
COMMAND: POST /session/ffd02ccbd2ef7f94e44a9324fe7b5a64/element/f.96D49A20C494BCF8563860382D93E39E.d.FB83354EF894EC8A897794FB233CFCC4.e.9189/click - {}
RESULT: {}
RESULT: {}
COMMAND: GET /session/ffd02ccbd2ef7f94e44a9324fe7b5a64/screenshot - {}
RESULT: {}
]]></system-out>
    </testcase>
    <testcase classname="chrome.136_0_7103_93.windows.Billing_Transfer_-_Intracompany_US127249" name="Should manage conditions" time="69.369">
      <system-out><![CDATA[
COMMAND: POST /session/ffd02ccbd2ef7f94e44a9324fe7b5a64/execute/async - {"script":"<script> [1562 bytes]","args":[{"selector":{"controlType":"sap.m.GenericTile","properties":{"header":"Manage Conditions & Prices"}},"wdio_ui5_key":"sapm.GenericTile{\"header\":\"Manage Conditions & Prices\"}"}]}
RESULT: {"script":"<script> [1562 bytes]","args":[{"selector":{"controlType":"sap.m.GenericTile","properties":{"header":"Manage Conditions & Prices"}},"wdio_ui5_key":"sapm.GenericTile{\"header\":\"Manage Conditions & Prices\"}"}]}
RESULT: undefined
COMMAND: POST /session/ffd02ccbd2ef7f94e44a9324fe7b5a64/element - {"using":"xpath","value":"//*[@id=\"__tile53\"]"}
RESULT: {"using":"xpath","value":"//*[@id=\"__tile53\"]"}
COMMAND: POST /session/ffd02ccbd2ef7f94e44a9324fe7b5a64/element/f.96D49A20C494BCF8563860382D93E39E.d.FB83354EF894EC8A897794FB233CFCC4.e.6672/click - {}
RESULT: {}
COMMAND: GET /session/ffd02ccbd2ef7f94e44a9324fe7b5a64/screenshot - {}
COMMAND: POST /session/ffd02ccbd2ef7f94e44a9324fe7b5a64/elements - {"using":"xpath","value":"//span[text()='Error']"}
RESULT: {}
RESULT: {"using":"xpath","value":"//span[text()='Error']"}
COMMAND: POST /session/ffd02ccbd2ef7f94e44a9324fe7b5a64/element - {"using":"xpath","value":"//button[@aria-label=\"Create\"]"}
RESULT: {"using":"xpath","value":"//button[@aria-label=\"Create\"]"}
COMMAND: POST /session/ffd02ccbd2ef7f94e44a9324fe7b5a64/elements - {"using":"xpath","value":"//button[@aria-label=\"Create\"]"}
RESULT: {"using":"xpath","value":"//button[@aria-label=\"Create\"]"}
COMMAND: POST /session/ffd02ccbd2ef7f94e44a9324fe7b5a64/execute/sync - {"script":"<script> [8489 bytes]","args":[{"element-6066-11e4-a52e-4f735466cecf":"f.96D49A20C494BCF8563860382D93E39E.d.FB83354EF894EC8A897794FB233CFCC4.e.10039","ELEMENT":"f.96D49A20C494BCF8563860382D93E39E.d.FB83354EF894EC8A897794FB233CFCC4.e.10039"}]}
RESULT: {"script":"<script> [8489 bytes]","args":[{"element-6066-11e4-a52e-4f735466cecf":"f.96D49A20C494BCF8563860382D93E39E.d.FB83354EF894EC8A897794FB233CFCC4.e.10039","ELEMENT":"f.96D49A20C494BCF8563860382D93E39E.d.FB83354EF894EC8A897794FB233CFCC4.e.10039"}]}
COMMAND: GET /session/ffd02ccbd2ef7f94e44a9324fe7b5a64/element/f.96D49A20C494BCF8563860382D93E39E.d.FB83354EF894EC8A897794FB233CFCC4.e.10039/enabled - {}
COMMAND: GET /session/ffd02ccbd2ef7f94e44a9324fe7b5a64/screenshot - {}
RESULT: {}
COMMAND: POST /session/ffd02ccbd2ef7f94e44a9324fe7b5a64/execute/sync - {"script":"<script> [8489 bytes]","args":[{"element-6066-11e4-a52e-4f735466cecf":"f.96D49A20C494BCF8563860382D93E39E.d.FB83354EF894EC8A897794FB233CFCC4.e.10039","ELEMENT":"f.96D49A20C494BCF8563860382D93E39E.d.FB83354EF894EC8A897794FB233CFCC4.e.10039"}]}
COMMAND: GET /session/ffd02ccbd2ef7f94e44a9324fe7b5a64/screenshot - {}
RESULT: {}
RESULT: {"script":"<script> [8489 bytes]","args":[{"element-6066-11e4-a52e-4f735466cecf":"f.96D49A20C494BCF8563860382D93E39E.d.FB83354EF894EC8A897794FB233CFCC4.e.10039","ELEMENT":"f.96D49A20C494BCF8563860382D93E39E.d.FB83354EF894EC8A897794FB233CFCC4.e.10039"}]}
COMMAND: POST /session/ffd02ccbd2ef7f94e44a9324fe7b5a64/execute/sync - {"script":"<script> [5351 bytes]","args":[{"element-6066-11e4-a52e-4f735466cecf":"f.96D49A20C494BCF8563860382D93E39E.d.FB83354EF894EC8A897794FB233CFCC4.e.10039","ELEMENT":"f.96D49A20C494BCF8563860382D93E39E.d.FB83354EF894EC8A897794FB233CFCC4.e.10039"}]}
COMMAND: GET /session/ffd02ccbd2ef7f94e44a9324fe7b5a64/screenshot - {}
RESULT: {}
RESULT: {"script":"<script> [5351 bytes]","args":[{"element-6066-11e4-a52e-4f735466cecf":"f.96D49A20C494BCF8563860382D93E39E.d.FB83354EF894EC8A897794FB233CFCC4.e.10039","ELEMENT":"f.96D49A20C494BCF8563860382D93E39E.d.FB83354EF894EC8A897794FB233CFCC4.e.10039"}]}
COMMAND: POST /session/ffd02ccbd2ef7f94e44a9324fe7b5a64/element/f.96D49A20C494BCF8563860382D93E39E.d.FB83354EF894EC8A897794FB233CFCC4.e.10039/click - {}
COMMAND: GET /session/ffd02ccbd2ef7f94e44a9324fe7b5a64/screenshot - {}
RESULT: {}
RESULT: {}
COMMAND: GET /session/ffd02ccbd2ef7f94e44a9324fe7b5a64/screenshot - {}
RESULT: {}
RESULT: {}
COMMAND: POST /session/ffd02ccbd2ef7f94e44a9324fe7b5a64/actions - {"actions":[{"id":"action32","type":"key","parameters":{},"actions":[{"type":"keyDown","value":""},{"type":"pause","duration":10},{"type":"keyUp","value":""}]}]}
RESULT: {"actions":[{"id":"action32","type":"key","parameters":{},"actions":[{"type":"keyDown","value":""},{"type":"pause","duration":10},{"type":"keyUp","value":""}]}]}
COMMAND: GET /session/ffd02ccbd2ef7f94e44a9324fe7b5a64/screenshot - {}
RESULT: {}
COMMAND: POST /session/ffd02ccbd2ef7f94e44a9324fe7b5a64/execute/async - {"script":"<script> [1562 bytes]","args":[{"selector":{"id":"application-manageconditionprice-display-component---newCondition--condBillCond-arrow"},"wdio_ui5_key":"applicationmanageconditionprice-display-component---newCondition--condBillCond-arrow"}]}
RESULT: {"script":"<script> [1562 bytes]","args":[{"selector":{"id":"application-manageconditionprice-display-component---newCondition--condBillCond-arrow"},"wdio_ui5_key":"applicationmanageconditionprice-display-component---newCondition--condBillCond-arrow"}]}
RESULT: undefined
COMMAND: POST /session/ffd02ccbd2ef7f94e44a9324fe7b5a64/element - {"using":"xpath","value":"//*[@id=\"application-manageconditionprice-display-component---newCondition--condBillCond-arrow\"]"}
RESULT: {"using":"xpath","value":"//*[@id=\"application-manageconditionprice-display-component---newCondition--condBillCond-arrow\"]"}
COMMAND: POST /session/ffd02ccbd2ef7f94e44a9324fe7b5a64/element/f.96D49A20C494BCF8563860382D93E39E.d.FB83354EF894EC8A897794FB233CFCC4.e.10218/click - {}
RESULT: {}
COMMAND: GET /session/ffd02ccbd2ef7f94e44a9324fe7b5a64/screenshot - {}
RESULT: {}
COMMAND: POST /session/ffd02ccbd2ef7f94e44a9324fe7b5a64/element - {"using":"xpath","value":"//li[.//span[contains(text(), \"DISP - D&I special price\")]]"}
RESULT: {"using":"xpath","value":"//li[.//span[contains(text(), \"DISP - D&I special price\")]]"}
COMMAND: POST /session/ffd02ccbd2ef7f94e44a9324fe7b5a64/element/f.96D49A20C494BCF8563860382D93E39E.d.FB83354EF894EC8A897794FB233CFCC4.e.10221/click - {}
RESULT: {}
COMMAND: GET /session/ffd02ccbd2ef7f94e44a9324fe7b5a64/screenshot - {}
RESULT: {}
COMMAND: POST /session/ffd02ccbd2ef7f94e44a9324fe7b5a64/execute/async - {"script":"<script> [1562 bytes]","args":[{"selector":{"id":"application-manageconditionprice-display-component---newCondition--condValidTo","interaction":{"idSuffix":"inner"}},"wdio_ui5_key":"applicationmanageconditionprice-display-component---newCondition--condValidTo"}]}
RESULT: {"script":"<script> [1562 bytes]","args":[{"selector":{"id":"application-manageconditionprice-display-component---newCondition--condValidTo","interaction":{"idSuffix":"inner"}},"wdio_ui5_key":"applicationmanageconditionprice-display-component---newCondition--condValidTo"}]}
RESULT: undefined
COMMAND: POST /session/ffd02ccbd2ef7f94e44a9324fe7b5a64/execute/async - {"script":"<script> [776 bytes]","args":[{"enterText":"1/22/26","selector":{"id":"application-manageconditionprice-display-component---newCondition--condValidTo","interaction":{"idSuffix":"inner"}},"clearTextFirst":true,"interactionType":"ENTER_TEXT"}]}
RESULT: {"script":"<script> [776 bytes]","args":[{"enterText":"1/22/26","selector":{"id":"application-manageconditionprice-display-component---newCondition--condValidTo","interaction":{"idSuffix":"inner"}},"clearTextFirst":true,"interactionType":"ENTER_TEXT"}]}
COMMAND: POST /session/ffd02ccbd2ef7f94e44a9324fe7b5a64/element - {"using":"xpath","value":"//input[@id=\"application-manageconditionprice-display-component---newCondition--condRU-inner\"]"}
RESULT: {"using":"xpath","value":"//input[@id=\"application-manageconditionprice-display-component---newCondition--condRU-inner\"]"}
COMMAND: POST /session/ffd02ccbd2ef7f94e44a9324fe7b5a64/element/f.96D49A20C494BCF8563860382D93E39E.d.FB83354EF894EC8A897794FB233CFCC4.e.10083/clear - {}
RESULT: {}
COMMAND: POST /session/ffd02ccbd2ef7f94e44a9324fe7b5a64/element/f.96D49A20C494BCF8563860382D93E39E.d.FB83354EF894EC8A897794FB233CFCC4.e.10083/value - {"text":"CYE19zR1iH"}
COMMAND: GET /session/ffd02ccbd2ef7f94e44a9324fe7b5a64/screenshot - {}
RESULT: {"text":"CYE19zR1iH"}
COMMAND: GET /session/ffd02ccbd2ef7f94e44a9324fe7b5a64/screenshot - {}
RESULT: {}
RESULT: {}
COMMAND: POST /session/ffd02ccbd2ef7f94e44a9324fe7b5a64/actions - {"actions":[{"id":"action33","type":"key","parameters":{},"actions":[{"type":"keyDown","value":""},{"type":"pause","duration":10},{"type":"keyUp","value":""}]}]}
RESULT: {"actions":[{"id":"action33","type":"key","parameters":{},"actions":[{"type":"keyDown","value":""},{"type":"pause","duration":10},{"type":"keyUp","value":""}]}]}
COMMAND: POST /session/ffd02ccbd2ef7f94e44a9324fe7b5a64/execute/async - {"script":"<script> [1562 bytes]","args":[{"selector":{"id":"application-manageconditionprice-display-component---newCondition--condBaseQty","interaction":{"idSuffix":"inner"}},"wdio_ui5_key":"applicationmanageconditionprice-display-component---newCondition--condBaseQty"}]}
COMMAND: GET /session/ffd02ccbd2ef7f94e44a9324fe7b5a64/screenshot - {}
RESULT: {"script":"<script> [1562 bytes]","args":[{"selector":{"id":"application-manageconditionprice-display-component---newCondition--condBaseQty","interaction":{"idSuffix":"inner"}},"wdio_ui5_key":"applicationmanageconditionprice-display-component---newCondition--condBaseQty"}]}
RESULT: undefined
COMMAND: POST /session/ffd02ccbd2ef7f94e44a9324fe7b5a64/execute/async - {"script":"<script> [776 bytes]","args":[{"enterText":"1","selector":{"id":"application-manageconditionprice-display-component---newCondition--condBaseQty","interaction":{"idSuffix":"inner"}},"clearTextFirst":true,"interactionType":"ENTER_TEXT"}]}
RESULT: {}
RESULT: {"script":"<script> [776 bytes]","args":[{"enterText":"1","selector":{"id":"application-manageconditionprice-display-component---newCondition--condBaseQty","interaction":{"idSuffix":"inner"}},"clearTextFirst":true,"interactionType":"ENTER_TEXT"}]}
COMMAND: POST /session/ffd02ccbd2ef7f94e44a9324fe7b5a64/execute/async - {"script":"<script> [1562 bytes]","args":[{"selector":{"id":"application-manageconditionprice-display-component---newCondition--condValue","interaction":{"idSuffix":"inner"}},"wdio_ui5_key":"applicationmanageconditionprice-display-component---newCondition--condValue"}]}
RESULT: {"script":"<script> [1562 bytes]","args":[{"selector":{"id":"application-manageconditionprice-display-component---newCondition--condValue","interaction":{"idSuffix":"inner"}},"wdio_ui5_key":"applicationmanageconditionprice-display-component---newCondition--condValue"}]}
RESULT: undefined
COMMAND: POST /session/ffd02ccbd2ef7f94e44a9324fe7b5a64/execute/async - {"script":"<script> [776 bytes]","args":[{"enterText":"200","selector":{"id":"application-manageconditionprice-display-component---newCondition--condValue","interaction":{"idSuffix":"inner"}},"clearTextFirst":true,"interactionType":"ENTER_TEXT"}]}
RESULT: {"script":"<script> [776 bytes]","args":[{"enterText":"200","selector":{"id":"application-manageconditionprice-display-component---newCondition--condValue","interaction":{"idSuffix":"inner"}},"clearTextFirst":true,"interactionType":"ENTER_TEXT"}]}
COMMAND: POST /session/ffd02ccbd2ef7f94e44a9324fe7b5a64/execute/async - {"script":"<script> [1562 bytes]","args":[{"selector":{"id":"application-manageconditionprice-display-component---newCondition--condCurr-arrow"},"wdio_ui5_key":"applicationmanageconditionprice-display-component---newCondition--condCurr-arrow"}]}
RESULT: {"script":"<script> [1562 bytes]","args":[{"selector":{"id":"application-manageconditionprice-display-component---newCondition--condCurr-arrow"},"wdio_ui5_key":"applicationmanageconditionprice-display-component---newCondition--condCurr-arrow"}]}
RESULT: undefined
COMMAND: POST /session/ffd02ccbd2ef7f94e44a9324fe7b5a64/element - {"using":"xpath","value":"//*[@id=\"application-manageconditionprice-display-component---newCondition--condCurr-arrow\"]"}
RESULT: {"using":"xpath","value":"//*[@id=\"application-manageconditionprice-display-component---newCondition--condCurr-arrow\"]"}
COMMAND: POST /session/ffd02ccbd2ef7f94e44a9324fe7b5a64/element/f.96D49A20C494BCF8563860382D93E39E.d.FB83354EF894EC8A897794FB233CFCC4.e.10174/click - {}
RESULT: {}
COMMAND: POST /session/ffd02ccbd2ef7f94e44a9324fe7b5a64/element - {"using":"xpath","value":"//span[contains(text(), \"Euro\")]"}
COMMAND: GET /session/ffd02ccbd2ef7f94e44a9324fe7b5a64/screenshot - {}
RESULT: {"using":"xpath","value":"//span[contains(text(), \"Euro\")]"}
COMMAND: POST /session/ffd02ccbd2ef7f94e44a9324fe7b5a64/element/f.96D49A20C494BCF8563860382D93E39E.d.FB83354EF894EC8A897794FB233CFCC4.e.10258/click - {}
RESULT: {}
RESULT: {}
COMMAND: POST /session/ffd02ccbd2ef7f94e44a9324fe7b5a64/element - {"using":"xpath","value":"//button[@data-kt=\"saveButton\"]"}
COMMAND: GET /session/ffd02ccbd2ef7f94e44a9324fe7b5a64/screenshot - {}
RESULT: {"using":"xpath","value":"//button[@data-kt=\"saveButton\"]"}
COMMAND: POST /session/ffd02ccbd2ef7f94e44a9324fe7b5a64/element/f.96D49A20C494BCF8563860382D93E39E.d.FB83354EF894EC8A897794FB233CFCC4.e.10175/click - {}
RESULT: {}
RESULT: {}
COMMAND: GET /session/ffd02ccbd2ef7f94e44a9324fe7b5a64/screenshot - {}
RESULT: {}
COMMAND: POST /session/ffd02ccbd2ef7f94e44a9324fe7b5a64/execute/async - {"script":"<script> [1562 bytes]","args":[{"selector":{"id":"application-manageconditionprice-display-component---conditions--smartFilterBar-btnBasicSearch","interaction":{"idSuffix":"I"}},"wdio_ui5_key":"applicationmanageconditionprice-display-component---conditions--smartFilterBar-btnBasicSearch"}]}
RESULT: {"script":"<script> [1562 bytes]","args":[{"selector":{"id":"application-manageconditionprice-display-component---conditions--smartFilterBar-btnBasicSearch","interaction":{"idSuffix":"I"}},"wdio_ui5_key":"applicationmanageconditionprice-display-component---conditions--smartFilterBar-btnBasicSearch"}]}
RESULT: undefined
COMMAND: POST /session/ffd02ccbd2ef7f94e44a9324fe7b5a64/execute/async - {"script":"<script> [776 bytes]","args":[{"enterText":"CYE19zR1iH","selector":{"id":"application-manageconditionprice-display-component---conditions--smartFilterBar-btnBasicSearch","interaction":{"idSuffix":"I"}},"clearTextFirst":true,"interactionType":"ENTER_TEXT"}]}
RESULT: {"script":"<script> [776 bytes]","args":[{"enterText":"CYE19zR1iH","selector":{"id":"application-manageconditionprice-display-component---conditions--smartFilterBar-btnBasicSearch","interaction":{"idSuffix":"I"}},"clearTextFirst":true,"interactionType":"ENTER_TEXT"}]}
COMMAND: POST /session/ffd02ccbd2ef7f94e44a9324fe7b5a64/actions - {"actions":[{"id":"action34","type":"key","parameters":{},"actions":[{"type":"keyDown","value":""},{"type":"pause","duration":10},{"type":"keyUp","value":""}]}]}
RESULT: {"actions":[{"id":"action34","type":"key","parameters":{},"actions":[{"type":"keyDown","value":""},{"type":"pause","duration":10},{"type":"keyUp","value":""}]}]}
COMMAND: GET /session/ffd02ccbd2ef7f94e44a9324fe7b5a64/screenshot - {}
RESULT: {}
COMMAND: POST /session/ffd02ccbd2ef7f94e44a9324fe7b5a64/execute/async - {"script":"<script> [1562 bytes]","args":[{"selector":{"id":"application-manageconditionprice-display-component---conditions--smartFilterBar-filterItemControl_BASIC-BILL_TYPES-vhi"},"wdio_ui5_key":"applicationmanageconditionprice-display-component---conditions--smartFilterBar-filterItemControl_BASIC-BILL_TYPES-vhi"}]}
RESULT: {"script":"<script> [1562 bytes]","args":[{"selector":{"id":"application-manageconditionprice-display-component---conditions--smartFilterBar-filterItemControl_BASIC-BILL_TYPES-vhi"},"wdio_ui5_key":"applicationmanageconditionprice-display-component---conditions--smartFilterBar-filterItemControl_BASIC-BILL_TYPES-vhi"}]}
RESULT: undefined
COMMAND: POST /session/ffd02ccbd2ef7f94e44a9324fe7b5a64/element - {"using":"xpath","value":"//*[@id=\"application-manageconditionprice-display-component---conditions--smartFilterBar-filterItemControl_BASIC-BILL_TYPES-vhi\"]"}
RESULT: {"using":"xpath","value":"//*[@id=\"application-manageconditionprice-display-component---conditions--smartFilterBar-filterItemControl_BASIC-BILL_TYPES-vhi\"]"}
COMMAND: POST /session/ffd02ccbd2ef7f94e44a9324fe7b5a64/element/f.96D49A20C494BCF8563860382D93E39E.d.FB83354EF894EC8A897794FB233CFCC4.e.10359/click - {}
RESULT: {}
COMMAND: POST /session/ffd02ccbd2ef7f94e44a9324fe7b5a64/execute/async - {"script":"<script> [1562 bytes]","args":[{"selector":{"id":"application-manageconditionprice-display-component---conditions--smartFilterBar-filterItemControl_BASIC-BILL_TYPES-valueHelpDialog-smartFilterBar-btnBasicSearch","searchOpenDialogs":true,"interaction":{"idSuffix":"I"}},"wdio_ui5_key":"applicationmanageconditionprice-display-component---conditions--smartFilterBar-filterItemControl_BASIC-BILL_TYPES-valueHelpDialog-smartFilterBar-btnBasicSearch"}]}
COMMAND: GET /session/ffd02ccbd2ef7f94e44a9324fe7b5a64/screenshot - {}
RESULT: {"script":"<script> [1562 bytes]","args":[{"selector":{"id":"application-manageconditionprice-display-component---conditions--smartFilterBar-filterItemControl_BASIC-BILL_TYPES-valueHelpDialog-smartFilterBar-btnBasicSearch","searchOpenDialogs":true,"interaction":{"idSuffix":"I"}},"wdio_ui5_key":"applicationmanageconditionprice-display-component---conditions--smartFilterBar-filterItemControl_BASIC-BILL_TYPES-valueHelpDialog-smartFilterBar-btnBasicSearch"}]}
RESULT: undefined
COMMAND: POST /session/ffd02ccbd2ef7f94e44a9324fe7b5a64/execute/async - {"script":"<script> [776 bytes]","args":[{"enterText":"TB","selector":{"id":"application-manageconditionprice-display-component---conditions--smartFilterBar-filterItemControl_BASIC-BILL_TYPES-valueHelpDialog-smartFilterBar-btnBasicSearch","searchOpenDialogs":true,"interaction":{"idSuffix":"I"}},"clearTextFirst":true,"interactionType":"ENTER_TEXT"}]}
RESULT: {}
RESULT: {"script":"<script> [776 bytes]","args":[{"enterText":"TB","selector":{"id":"application-manageconditionprice-display-component---conditions--smartFilterBar-filterItemControl_BASIC-BILL_TYPES-valueHelpDialog-smartFilterBar-btnBasicSearch","searchOpenDialogs":true,"interaction":{"idSuffix":"I"}},"clearTextFirst":true,"interactionType":"ENTER_TEXT"}]}
COMMAND: POST /session/ffd02ccbd2ef7f94e44a9324fe7b5a64/actions - {"actions":[{"id":"action35","type":"key","parameters":{},"actions":[{"type":"keyDown","value":""},{"type":"pause","duration":10},{"type":"keyUp","value":""}]}]}
RESULT: {"actions":[{"id":"action35","type":"key","parameters":{},"actions":[{"type":"keyDown","value":""},{"type":"pause","duration":10},{"type":"keyUp","value":""}]}]}
COMMAND: GET /session/ffd02ccbd2ef7f94e44a9324fe7b5a64/screenshot - {}
RESULT: {}
COMMAND: POST /session/ffd02ccbd2ef7f94e44a9324fe7b5a64/element - {"using":"xpath","value":"//div[contains(@id, 'application-manageconditionprice-display-component---conditions--smartFilterBar-filterItemControl_BASIC-BILL_TYPES-valueHelpDialog-table-rowsel0')]"}
RESULT: {"using":"xpath","value":"//div[contains(@id, 'application-manageconditionprice-display-component---conditions--smartFilterBar-filterItemControl_BASIC-BILL_TYPES-valueHelpDialog-table-rowsel0')]"}
COMMAND: POST /session/ffd02ccbd2ef7f94e44a9324fe7b5a64/element/f.96D49A20C494BCF8563860382D93E39E.d.FB83354EF894EC8A897794FB233CFCC4.e.10369/click - {}
RESULT: {}
COMMAND: GET /session/ffd02ccbd2ef7f94e44a9324fe7b5a64/screenshot - {}
RESULT: {}
COMMAND: POST /session/ffd02ccbd2ef7f94e44a9324fe7b5a64/element - {"using":"xpath","value":"//bdi[contains(text(), \"OK\")]"}
RESULT: {"using":"xpath","value":"//bdi[contains(text(), \"OK\")]"}
COMMAND: POST /session/ffd02ccbd2ef7f94e44a9324fe7b5a64/element/f.96D49A20C494BCF8563860382D93E39E.d.FB83354EF894EC8A897794FB233CFCC4.e.10371/click - {}
RESULT: {}
COMMAND: GET /session/ffd02ccbd2ef7f94e44a9324fe7b5a64/screenshot - {}
RESULT: {}
COMMAND: POST /session/ffd02ccbd2ef7f94e44a9324fe7b5a64/element - {"using":"xpath","value":"//span[@id=\"application-manageconditionprice-display-component---conditions--smartTable-header-inner\"]"}
RESULT: {"using":"xpath","value":"//span[@id=\"application-manageconditionprice-display-component---conditions--smartTable-header-inner\"]"}
COMMAND: POST /session/ffd02ccbd2ef7f94e44a9324fe7b5a64/elements - {"using":"xpath","value":"//span[@id=\"application-manageconditionprice-display-component---conditions--smartTable-header-inner\"]"}
RESULT: {"using":"xpath","value":"//span[@id=\"application-manageconditionprice-display-component---conditions--smartTable-header-inner\"]"}
COMMAND: POST /session/ffd02ccbd2ef7f94e44a9324fe7b5a64/execute/sync - {"script":"<script> [56 bytes]","args":[{"element-6066-11e4-a52e-4f735466cecf":"f.96D49A20C494BCF8563860382D93E39E.d.FB83354EF894EC8A897794FB233CFCC4.e.10374","ELEMENT":"f.96D49A20C494BCF8563860382D93E39E.d.FB83354EF894EC8A897794FB233CFCC4.e.10374"}]}
RESULT: {"script":"<script> [56 bytes]","args":[{"element-6066-11e4-a52e-4f735466cecf":"f.96D49A20C494BCF8563860382D93E39E.d.FB83354EF894EC8A897794FB233CFCC4.e.10374","ELEMENT":"f.96D49A20C494BCF8563860382D93E39E.d.FB83354EF894EC8A897794FB233CFCC4.e.10374"}]}
COMMAND: POST /session/ffd02ccbd2ef7f94e44a9324fe7b5a64/element - {"using":"css selector","value":"#shell-header-logo"}
COMMAND: GET /session/ffd02ccbd2ef7f94e44a9324fe7b5a64/screenshot - {}
RESULT: {"using":"css selector","value":"#shell-header-logo"}
COMMAND: POST /session/ffd02ccbd2ef7f94e44a9324fe7b5a64/element/f.96D49A20C494BCF8563860382D93E39E.d.FB83354EF894EC8A897794FB233CFCC4.e.10007/click - {}
RESULT: {}
RESULT: {}
COMMAND: GET /session/ffd02ccbd2ef7f94e44a9324fe7b5a64/screenshot - {}
RESULT: {}
]]></system-out>
    </testcase>
    <testcase classname="chrome.136_0_7103_93.windows.Billing_Transfer_-_Intracompany_US127249" name="Should do a stock increase handover" time="103.67">
      <system-out><![CDATA[
COMMAND: POST /session/ffd02ccbd2ef7f94e44a9324fe7b5a64/execute/async - {"script":"<script> [1562 bytes]","args":[{"selector":{"controlType":"sap.m.GenericTile","properties":{"header":"Manage Handovers"}},"wdio_ui5_key":"sapm.GenericTile{\"header\":\"Manage Handovers\"}"}]}
RESULT: {"script":"<script> [1562 bytes]","args":[{"selector":{"controlType":"sap.m.GenericTile","properties":{"header":"Manage Handovers"}},"wdio_ui5_key":"sapm.GenericTile{\"header\":\"Manage Handovers\"}"}]}
RESULT: undefined
COMMAND: POST /session/ffd02ccbd2ef7f94e44a9324fe7b5a64/element - {"using":"xpath","value":"//*[@id=\"__tile132\"]"}
RESULT: {"using":"xpath","value":"//*[@id=\"__tile132\"]"}
COMMAND: POST /session/ffd02ccbd2ef7f94e44a9324fe7b5a64/element/f.96D49A20C494BCF8563860382D93E39E.d.FB83354EF894EC8A897794FB233CFCC4.e.6710/click - {}
RESULT: {}
COMMAND: GET /session/ffd02ccbd2ef7f94e44a9324fe7b5a64/screenshot - {}
RESULT: {}
COMMAND: POST /session/ffd02ccbd2ef7f94e44a9324fe7b5a64/elements - {"using":"xpath","value":"//span[text()='Error']"}
RESULT: {"using":"xpath","value":"//span[text()='Error']"}
COMMAND: POST /session/ffd02ccbd2ef7f94e44a9324fe7b5a64/element - {"using":"xpath","value":"//button[@data-kt=\"masterHOAddButton\"]"}
RESULT: {"using":"xpath","value":"//button[@data-kt=\"masterHOAddButton\"]"}
COMMAND: POST /session/ffd02ccbd2ef7f94e44a9324fe7b5a64/elements - {"using":"xpath","value":"//button[@data-kt=\"masterHOAddButton\"]"}
RESULT: {"using":"xpath","value":"//button[@data-kt=\"masterHOAddButton\"]"}
COMMAND: POST /session/ffd02ccbd2ef7f94e44a9324fe7b5a64/elements - {"using":"xpath","value":"//button[@data-kt=\"masterHOAddButton\"]"}
RESULT: {"using":"xpath","value":"//button[@data-kt=\"masterHOAddButton\"]"}
COMMAND: POST /session/ffd02ccbd2ef7f94e44a9324fe7b5a64/element - {"using":"xpath","value":"//button[@data-kt=\"masterHOAddButton\"]"}
RESULT: {"using":"xpath","value":"//button[@data-kt=\"masterHOAddButton\"]"}
COMMAND: POST /session/ffd02ccbd2ef7f94e44a9324fe7b5a64/execute/sync - {"script":"<script> [8489 bytes]","args":[{"element-6066-11e4-a52e-4f735466cecf":"f.96D49A20C494BCF8563860382D93E39E.d.FB83354EF894EC8A897794FB233CFCC4.e.10417","ELEMENT":"f.96D49A20C494BCF8563860382D93E39E.d.FB83354EF894EC8A897794FB233CFCC4.e.10417"}]}
RESULT: {"script":"<script> [8489 bytes]","args":[{"element-6066-11e4-a52e-4f735466cecf":"f.96D49A20C494BCF8563860382D93E39E.d.FB83354EF894EC8A897794FB233CFCC4.e.10417","ELEMENT":"f.96D49A20C494BCF8563860382D93E39E.d.FB83354EF894EC8A897794FB233CFCC4.e.10417"}]}
COMMAND: GET /session/ffd02ccbd2ef7f94e44a9324fe7b5a64/element/f.96D49A20C494BCF8563860382D93E39E.d.FB83354EF894EC8A897794FB233CFCC4.e.10417/enabled - {}
COMMAND: GET /session/ffd02ccbd2ef7f94e44a9324fe7b5a64/screenshot - {}
RESULT: {}
COMMAND: POST /session/ffd02ccbd2ef7f94e44a9324fe7b5a64/execute/sync - {"script":"<script> [8489 bytes]","args":[{"element-6066-11e4-a52e-4f735466cecf":"f.96D49A20C494BCF8563860382D93E39E.d.FB83354EF894EC8A897794FB233CFCC4.e.10417","ELEMENT":"f.96D49A20C494BCF8563860382D93E39E.d.FB83354EF894EC8A897794FB233CFCC4.e.10417"}]}
COMMAND: GET /session/ffd02ccbd2ef7f94e44a9324fe7b5a64/screenshot - {}
RESULT: {}
RESULT: {"script":"<script> [8489 bytes]","args":[{"element-6066-11e4-a52e-4f735466cecf":"f.96D49A20C494BCF8563860382D93E39E.d.FB83354EF894EC8A897794FB233CFCC4.e.10417","ELEMENT":"f.96D49A20C494BCF8563860382D93E39E.d.FB83354EF894EC8A897794FB233CFCC4.e.10417"}]}
COMMAND: POST /session/ffd02ccbd2ef7f94e44a9324fe7b5a64/execute/sync - {"script":"<script> [5351 bytes]","args":[{"element-6066-11e4-a52e-4f735466cecf":"f.96D49A20C494BCF8563860382D93E39E.d.FB83354EF894EC8A897794FB233CFCC4.e.10417","ELEMENT":"f.96D49A20C494BCF8563860382D93E39E.d.FB83354EF894EC8A897794FB233CFCC4.e.10417"}]}
COMMAND: GET /session/ffd02ccbd2ef7f94e44a9324fe7b5a64/screenshot - {}
RESULT: {}
RESULT: {"script":"<script> [5351 bytes]","args":[{"element-6066-11e4-a52e-4f735466cecf":"f.96D49A20C494BCF8563860382D93E39E.d.FB83354EF894EC8A897794FB233CFCC4.e.10417","ELEMENT":"f.96D49A20C494BCF8563860382D93E39E.d.FB83354EF894EC8A897794FB233CFCC4.e.10417"}]}
COMMAND: POST /session/ffd02ccbd2ef7f94e44a9324fe7b5a64/element/f.96D49A20C494BCF8563860382D93E39E.d.FB83354EF894EC8A897794FB233CFCC4.e.10417/click - {}
COMMAND: GET /session/ffd02ccbd2ef7f94e44a9324fe7b5a64/screenshot - {}
RESULT: {}
RESULT: {}
COMMAND: GET /session/ffd02ccbd2ef7f94e44a9324fe7b5a64/screenshot - {}
COMMAND: POST /session/ffd02ccbd2ef7f94e44a9324fe7b5a64/element - {"using":"xpath","value":"//span[contains(@id ,\"AddNewHO--typeSelect-arrow\")]"}
RESULT: {}
RESULT: {}
RESULT: {"using":"xpath","value":"//span[contains(@id ,\"AddNewHO--typeSelect-arrow\")]"}
COMMAND: POST /session/ffd02ccbd2ef7f94e44a9324fe7b5a64/element/f.96D49A20C494BCF8563860382D93E39E.d.FB83354EF894EC8A897794FB233CFCC4.e.10771/click - {}
RESULT: {}
COMMAND: GET /session/ffd02ccbd2ef7f94e44a9324fe7b5a64/screenshot - {}
RESULT: {}
COMMAND: POST /session/ffd02ccbd2ef7f94e44a9324fe7b5a64/element - {"using":"xpath","value":"(//li[contains(text(), \"stock increase yard\")])[1]"}
RESULT: {"using":"xpath","value":"(//li[contains(text(), \"stock increase yard\")])[1]"}
COMMAND: POST /session/ffd02ccbd2ef7f94e44a9324fe7b5a64/element/f.96D49A20C494BCF8563860382D93E39E.d.FB83354EF894EC8A897794FB233CFCC4.e.10772/click - {}
RESULT: {}
COMMAND: GET /session/ffd02ccbd2ef7f94e44a9324fe7b5a64/screenshot - {}
RESULT: {}
COMMAND: POST /session/ffd02ccbd2ef7f94e44a9324fe7b5a64/execute/async - {"script":"<script> [1562 bytes]","args":[{"selector":{"id":"application-managehandovers-display-component---AddNewHO--dueDate","interaction":{"idSuffix":"inner"}},"wdio_ui5_key":"applicationmanagehandovers-display-component---AddNewHO--dueDate"}]}
RESULT: {"script":"<script> [1562 bytes]","args":[{"selector":{"id":"application-managehandovers-display-component---AddNewHO--dueDate","interaction":{"idSuffix":"inner"}},"wdio_ui5_key":"applicationmanagehandovers-display-component---AddNewHO--dueDate"}]}
RESULT: undefined
COMMAND: POST /session/ffd02ccbd2ef7f94e44a9324fe7b5a64/execute/async - {"script":"<script> [6424 bytes]","args":[{"element-6066-11e4-a52e-4f735466cecf":"f.96D49A20C494BCF8563860382D93E39E.d.FB83354EF894EC8A897794FB233CFCC4.e.10774"},"setValue",["5/22/25"]]}
RESULT: {"script":"<script> [6424 bytes]","args":[{"element-6066-11e4-a52e-4f735466cecf":"f.96D49A20C494BCF8563860382D93E39E.d.FB83354EF894EC8A897794FB233CFCC4.e.10774"},"setValue",["5/22/25"]]}
COMMAND: POST /session/ffd02ccbd2ef7f94e44a9324fe7b5a64/element - {"using":"xpath","value":"//input[@id=\"generalSectionFrg--receiveYard-inner\"]"}
RESULT: {"using":"xpath","value":"//input[@id=\"generalSectionFrg--receiveYard-inner\"]"}
COMMAND: POST /session/ffd02ccbd2ef7f94e44a9324fe7b5a64/element/f.96D49A20C494BCF8563860382D93E39E.d.FB83354EF894EC8A897794FB233CFCC4.e.10778/clear - {}
RESULT: {}
COMMAND: POST /session/ffd02ccbd2ef7f94e44a9324fe7b5a64/element/f.96D49A20C494BCF8563860382D93E39E.d.FB83354EF894EC8A897794FB233CFCC4.e.10778/value - {"text":"684"}
COMMAND: GET /session/ffd02ccbd2ef7f94e44a9324fe7b5a64/screenshot - {}
RESULT: {"text":"684"}
COMMAND: GET /session/ffd02ccbd2ef7f94e44a9324fe7b5a64/screenshot - {}
RESULT: {}
RESULT: {}
COMMAND: POST /session/ffd02ccbd2ef7f94e44a9324fe7b5a64/element - {"using":"xpath","value":"//li[.//span[text()='684']]"}
RESULT: {"using":"xpath","value":"//li[.//span[text()='684']]"}
COMMAND: POST /session/ffd02ccbd2ef7f94e44a9324fe7b5a64/element/f.96D49A20C494BCF8563860382D93E39E.d.FB83354EF894EC8A897794FB233CFCC4.e.10796/click - {}
RESULT: {}
COMMAND: GET /session/ffd02ccbd2ef7f94e44a9324fe7b5a64/screenshot - {}
RESULT: {}
COMMAND: POST /session/ffd02ccbd2ef7f94e44a9324fe7b5a64/execute/async - {"script":"<script> [1562 bytes]","args":[{"selector":{"id":"application-managehandovers-display-component---AddNewHO--ObjectPageLayout-anchBar-application-managehandovers-display-component---AddNewHO--section4-anchor","interaction":{"idSuffix":"BDI-content"}},"wdio_ui5_key":"applicationmanagehandovers-display-component---AddNewHO--ObjectPageLayout-anchBar-application-managehandovers-display-component---AddNewHO--section4-anchor"}]}
RESULT: {"script":"<script> [1562 bytes]","args":[{"selector":{"id":"application-managehandovers-display-component---AddNewHO--ObjectPageLayout-anchBar-application-managehandovers-display-component---AddNewHO--section4-anchor","interaction":{"idSuffix":"BDI-content"}},"wdio_ui5_key":"applicationmanagehandovers-display-component---AddNewHO--ObjectPageLayout-anchBar-application-managehandovers-display-component---AddNewHO--section4-anchor"}]}
RESULT: undefined
COMMAND: POST /session/ffd02ccbd2ef7f94e44a9324fe7b5a64/element - {"using":"xpath","value":"//*[@id=\"application-managehandovers-display-component---AddNewHO--ObjectPageLayout-anchBar-application-managehandovers-display-component---AddNewHO--section4-anchor\"]"}
RESULT: {"using":"xpath","value":"//*[@id=\"application-managehandovers-display-component---AddNewHO--ObjectPageLayout-anchBar-application-managehandovers-display-component---AddNewHO--section4-anchor\"]"}
COMMAND: POST /session/ffd02ccbd2ef7f94e44a9324fe7b5a64/element/f.96D49A20C494BCF8563860382D93E39E.d.FB83354EF894EC8A897794FB233CFCC4.e.10798/click - {}
RESULT: {}
COMMAND: POST /session/ffd02ccbd2ef7f94e44a9324fe7b5a64/element - {"using":"xpath","value":"//button[@aria-label=\"Add\"]"}
COMMAND: GET /session/ffd02ccbd2ef7f94e44a9324fe7b5a64/screenshot - {}
RESULT: {"using":"xpath","value":"//button[@aria-label=\"Add\"]"}
COMMAND: POST /session/ffd02ccbd2ef7f94e44a9324fe7b5a64/element/f.96D49A20C494BCF8563860382D93E39E.d.FB83354EF894EC8A897794FB233CFCC4.e.10800/click - {}
RESULT: {}
RESULT: {}
COMMAND: GET /session/ffd02ccbd2ef7f94e44a9324fe7b5a64/screenshot - {}
RESULT: {}
COMMAND: POST /session/ffd02ccbd2ef7f94e44a9324fe7b5a64/execute/async - {"script":"<script> [1562 bytes]","args":[{"selector":{"id":"application-managehandovers-display-component---AddNewHO--smartFilterBar-btnBasicSearch","searchOpenDialogs":true,"interaction":{"idSuffix":"I"}},"wdio_ui5_key":"applicationmanagehandovers-display-component---AddNewHO--smartFilterBar-btnBasicSearch"}]}
RESULT: {"script":"<script> [1562 bytes]","args":[{"selector":{"id":"application-managehandovers-display-component---AddNewHO--smartFilterBar-btnBasicSearch","searchOpenDialogs":true,"interaction":{"idSuffix":"I"}},"wdio_ui5_key":"applicationmanagehandovers-display-component---AddNewHO--smartFilterBar-btnBasicSearch"}]}
RESULT: undefined
COMMAND: POST /session/ffd02ccbd2ef7f94e44a9324fe7b5a64/execute/async - {"script":"<script> [776 bytes]","args":[{"enterText":"CYE19zR1iH","selector":{"id":"application-managehandovers-display-component---AddNewHO--smartFilterBar-btnBasicSearch","searchOpenDialogs":true,"interaction":{"idSuffix":"I"}},"clearTextFirst":true,"interactionType":"ENTER_TEXT"}]}
RESULT: {"script":"<script> [776 bytes]","args":[{"enterText":"CYE19zR1iH","selector":{"id":"application-managehandovers-display-component---AddNewHO--smartFilterBar-btnBasicSearch","searchOpenDialogs":true,"interaction":{"idSuffix":"I"}},"clearTextFirst":true,"interactionType":"ENTER_TEXT"}]}
COMMAND: POST /session/ffd02ccbd2ef7f94e44a9324fe7b5a64/actions - {"actions":[{"id":"action36","type":"key","parameters":{},"actions":[{"type":"keyDown","value":""},{"type":"pause","duration":10},{"type":"keyUp","value":""}]}]}
RESULT: {"actions":[{"id":"action36","type":"key","parameters":{},"actions":[{"type":"keyDown","value":""},{"type":"pause","duration":10},{"type":"keyUp","value":""}]}]}
COMMAND: GET /session/ffd02ccbd2ef7f94e44a9324fe7b5a64/screenshot - {}
RESULT: {}
COMMAND: POST /session/ffd02ccbd2ef7f94e44a9324fe7b5a64/execute/async - {"script":"<script> [1562 bytes]","args":[{"selector":{"id":"application-managehandovers-display-component---AddNewHO--popup-sa","searchOpenDialogs":true,"interaction":{"idSuffix":"CbBg"}},"wdio_ui5_key":"applicationmanagehandovers-display-component---AddNewHO--popup-sa"}]}
RESULT: {"script":"<script> [1562 bytes]","args":[{"selector":{"id":"application-managehandovers-display-component---AddNewHO--popup-sa","searchOpenDialogs":true,"interaction":{"idSuffix":"CbBg"}},"wdio_ui5_key":"applicationmanagehandovers-display-component---AddNewHO--popup-sa"}]}
RESULT: undefined
COMMAND: POST /session/ffd02ccbd2ef7f94e44a9324fe7b5a64/element - {"using":"xpath","value":"//*[@id=\"application-managehandovers-display-component---AddNewHO--popup-sa\"]"}
RESULT: {"using":"xpath","value":"//*[@id=\"application-managehandovers-display-component---AddNewHO--popup-sa\"]"}
COMMAND: POST /session/ffd02ccbd2ef7f94e44a9324fe7b5a64/element/f.96D49A20C494BCF8563860382D93E39E.d.FB83354EF894EC8A897794FB233CFCC4.e.10955/click - {}
RESULT: {}
COMMAND: GET /session/ffd02ccbd2ef7f94e44a9324fe7b5a64/screenshot - {}
RESULT: {}
COMMAND: POST /session/ffd02ccbd2ef7f94e44a9324fe7b5a64/element - {"using":"xpath","value":"//bdi[contains(text(), \"Select\")]"}
RESULT: {"using":"xpath","value":"//bdi[contains(text(), \"Select\")]"}
COMMAND: POST /session/ffd02ccbd2ef7f94e44a9324fe7b5a64/element/f.96D49A20C494BCF8563860382D93E39E.d.FB83354EF894EC8A897794FB233CFCC4.e.10956/click - {}
RESULT: {}
COMMAND: GET /session/ffd02ccbd2ef7f94e44a9324fe7b5a64/screenshot - {}
RESULT: {}
COMMAND: POST /session/ffd02ccbd2ef7f94e44a9324fe7b5a64/element - {"using":"xpath","value":"//button[@data-kt=\"AddNewHOSaveButton\"]"}
RESULT: {"using":"xpath","value":"//button[@data-kt=\"AddNewHOSaveButton\"]"}
COMMAND: POST /session/ffd02ccbd2ef7f94e44a9324fe7b5a64/element/f.96D49A20C494BCF8563860382D93E39E.d.FB83354EF894EC8A897794FB233CFCC4.e.10960/click - {}
RESULT: {}
COMMAND: GET /session/ffd02ccbd2ef7f94e44a9324fe7b5a64/screenshot - {}
RESULT: {}
COMMAND: POST /session/ffd02ccbd2ef7f94e44a9324fe7b5a64/execute/async - {"script":"<script> [1562 bytes]","args":[{"selector":{"id":"receiptDatePicker","viewName":"etm.portal.ui.managehandovers.view.DetailExecuteHO","interaction":{"idSuffix":"inner"}},"wdio_ui5_key":"receiptDatePickeretmportal.ui.managehandovers.view.DetailExecuteHO"}]}
RESULT: {"script":"<script> [1562 bytes]","args":[{"selector":{"id":"receiptDatePicker","viewName":"etm.portal.ui.managehandovers.view.DetailExecuteHO","interaction":{"idSuffix":"inner"}},"wdio_ui5_key":"receiptDatePickeretmportal.ui.managehandovers.view.DetailExecuteHO"}]}
RESULT: undefined
COMMAND: POST /session/ffd02ccbd2ef7f94e44a9324fe7b5a64/execute/async - {"script":"<script> [6424 bytes]","args":[{"element-6066-11e4-a52e-4f735466cecf":"f.96D49A20C494BCF8563860382D93E39E.d.FB83354EF894EC8A897794FB233CFCC4.e.10980"},"setValue",["5/22/25"]]}
RESULT: {"script":"<script> [6424 bytes]","args":[{"element-6066-11e4-a52e-4f735466cecf":"f.96D49A20C494BCF8563860382D93E39E.d.FB83354EF894EC8A897794FB233CFCC4.e.10980"},"setValue",["5/22/25"]]}
COMMAND: POST /session/ffd02ccbd2ef7f94e44a9324fe7b5a64/element - {"using":"xpath","value":"//button[@data-kt=\"PickingTableConfirmAllButton\"]"}
RESULT: {"using":"xpath","value":"//button[@data-kt=\"PickingTableConfirmAllButton\"]"}
COMMAND: POST /session/ffd02ccbd2ef7f94e44a9324fe7b5a64/element/f.96D49A20C494BCF8563860382D93E39E.d.FB83354EF894EC8A897794FB233CFCC4.e.10994/click - {}
RESULT: {}
COMMAND: GET /session/ffd02ccbd2ef7f94e44a9324fe7b5a64/screenshot - {}
RESULT: {}
COMMAND: POST /session/ffd02ccbd2ef7f94e44a9324fe7b5a64/element - {"using":"xpath","value":"//bdi[contains(text(), \"OK\")]"}
RESULT: {"using":"xpath","value":"//bdi[contains(text(), \"OK\")]"}
COMMAND: POST /session/ffd02ccbd2ef7f94e44a9324fe7b5a64/element/f.96D49A20C494BCF8563860382D93E39E.d.FB83354EF894EC8A897794FB233CFCC4.e.10996/click - {}
RESULT: {}
COMMAND: GET /session/ffd02ccbd2ef7f94e44a9324fe7b5a64/screenshot - {}
RESULT: {}
COMMAND: POST /session/ffd02ccbd2ef7f94e44a9324fe7b5a64/element - {"using":"xpath","value":"(//bdi[contains(text(), \"Receive\")])[2]"}
RESULT: {"using":"xpath","value":"(//bdi[contains(text(), \"Receive\")])[2]"}
COMMAND: POST /session/ffd02ccbd2ef7f94e44a9324fe7b5a64/element/f.96D49A20C494BCF8563860382D93E39E.d.FB83354EF894EC8A897794FB233CFCC4.e.10998/click - {}
RESULT: {}
COMMAND: GET /session/ffd02ccbd2ef7f94e44a9324fe7b5a64/screenshot - {}
RESULT: {}
COMMAND: POST /session/ffd02ccbd2ef7f94e44a9324fe7b5a64/element - {"using":"css selector","value":"#shell-header-logo"}
RESULT: {"using":"css selector","value":"#shell-header-logo"}
COMMAND: POST /session/ffd02ccbd2ef7f94e44a9324fe7b5a64/element/f.96D49A20C494BCF8563860382D93E39E.d.FB83354EF894EC8A897794FB233CFCC4.e.10380/click - {}
RESULT: {}
COMMAND: GET /session/ffd02ccbd2ef7f94e44a9324fe7b5a64/screenshot - {}
RESULT: {}
]]></system-out>
    </testcase>
    <testcase classname="chrome.136_0_7103_93.windows.Billing_Transfer_-_Intracompany_US127249" name="Should create a new contract" time="78.918">
      <system-out><![CDATA[
COMMAND: POST /session/ffd02ccbd2ef7f94e44a9324fe7b5a64/execute/async - {"script":"<script> [1562 bytes]","args":[{"selector":{"controlType":"sap.m.GenericTile","properties":{"header":"Manage Contracts"}},"wdio_ui5_key":"sapm.GenericTile{\"header\":\"Manage Contracts\"}"}]}
RESULT: {"script":"<script> [1562 bytes]","args":[{"selector":{"controlType":"sap.m.GenericTile","properties":{"header":"Manage Contracts"}},"wdio_ui5_key":"sapm.GenericTile{\"header\":\"Manage Contracts\"}"}]}
RESULT: undefined
COMMAND: POST /session/ffd02ccbd2ef7f94e44a9324fe7b5a64/element - {"using":"xpath","value":"//*[@id=\"__tile130\"]"}
RESULT: {"using":"xpath","value":"//*[@id=\"__tile130\"]"}
COMMAND: POST /session/ffd02ccbd2ef7f94e44a9324fe7b5a64/element/f.96D49A20C494BCF8563860382D93E39E.d.FB83354EF894EC8A897794FB233CFCC4.e.6641/click - {}
RESULT: {}
COMMAND: GET /session/ffd02ccbd2ef7f94e44a9324fe7b5a64/screenshot - {}
RESULT: {}
COMMAND: POST /session/ffd02ccbd2ef7f94e44a9324fe7b5a64/elements - {"using":"xpath","value":"//span[text()='Error']"}
RESULT: {"using":"xpath","value":"//span[text()='Error']"}
COMMAND: POST /session/ffd02ccbd2ef7f94e44a9324fe7b5a64/element - {"using":"xpath","value":"//button[@data-kt=\"addButton\"]"}
RESULT: {"using":"xpath","value":"//button[@data-kt=\"addButton\"]"}
COMMAND: POST /session/ffd02ccbd2ef7f94e44a9324fe7b5a64/elements - {"using":"xpath","value":"//button[@data-kt=\"addButton\"]"}
RESULT: {"using":"xpath","value":"//button[@data-kt=\"addButton\"]"}
COMMAND: POST /session/ffd02ccbd2ef7f94e44a9324fe7b5a64/execute/sync - {"script":"<script> [8489 bytes]","args":[{"element-6066-11e4-a52e-4f735466cecf":"f.96D49A20C494BCF8563860382D93E39E.d.FB83354EF894EC8A897794FB233CFCC4.e.11203","ELEMENT":"f.96D49A20C494BCF8563860382D93E39E.d.FB83354EF894EC8A897794FB233CFCC4.e.11203"}]}
RESULT: {"script":"<script> [8489 bytes]","args":[{"element-6066-11e4-a52e-4f735466cecf":"f.96D49A20C494BCF8563860382D93E39E.d.FB83354EF894EC8A897794FB233CFCC4.e.11203","ELEMENT":"f.96D49A20C494BCF8563860382D93E39E.d.FB83354EF894EC8A897794FB233CFCC4.e.11203"}]}
COMMAND: GET /session/ffd02ccbd2ef7f94e44a9324fe7b5a64/element/f.96D49A20C494BCF8563860382D93E39E.d.FB83354EF894EC8A897794FB233CFCC4.e.11203/enabled - {}
COMMAND: GET /session/ffd02ccbd2ef7f94e44a9324fe7b5a64/screenshot - {}
RESULT: {}
COMMAND: POST /session/ffd02ccbd2ef7f94e44a9324fe7b5a64/execute/sync - {"script":"<script> [8489 bytes]","args":[{"element-6066-11e4-a52e-4f735466cecf":"f.96D49A20C494BCF8563860382D93E39E.d.FB83354EF894EC8A897794FB233CFCC4.e.11203","ELEMENT":"f.96D49A20C494BCF8563860382D93E39E.d.FB83354EF894EC8A897794FB233CFCC4.e.11203"}]}
COMMAND: GET /session/ffd02ccbd2ef7f94e44a9324fe7b5a64/screenshot - {}
RESULT: {}
RESULT: {"script":"<script> [8489 bytes]","args":[{"element-6066-11e4-a52e-4f735466cecf":"f.96D49A20C494BCF8563860382D93E39E.d.FB83354EF894EC8A897794FB233CFCC4.e.11203","ELEMENT":"f.96D49A20C494BCF8563860382D93E39E.d.FB83354EF894EC8A897794FB233CFCC4.e.11203"}]}
COMMAND: POST /session/ffd02ccbd2ef7f94e44a9324fe7b5a64/execute/sync - {"script":"<script> [5351 bytes]","args":[{"element-6066-11e4-a52e-4f735466cecf":"f.96D49A20C494BCF8563860382D93E39E.d.FB83354EF894EC8A897794FB233CFCC4.e.11203","ELEMENT":"f.96D49A20C494BCF8563860382D93E39E.d.FB83354EF894EC8A897794FB233CFCC4.e.11203"}]}
COMMAND: GET /session/ffd02ccbd2ef7f94e44a9324fe7b5a64/screenshot - {}
RESULT: {}
RESULT: {"script":"<script> [5351 bytes]","args":[{"element-6066-11e4-a52e-4f735466cecf":"f.96D49A20C494BCF8563860382D93E39E.d.FB83354EF894EC8A897794FB233CFCC4.e.11203","ELEMENT":"f.96D49A20C494BCF8563860382D93E39E.d.FB83354EF894EC8A897794FB233CFCC4.e.11203"}]}
COMMAND: GET /session/ffd02ccbd2ef7f94e44a9324fe7b5a64/screenshot - {}
RESULT: {}
RESULT: {}
COMMAND: POST /session/ffd02ccbd2ef7f94e44a9324fe7b5a64/element/f.96D49A20C494BCF8563860382D93E39E.d.FB83354EF894EC8A897794FB233CFCC4.e.11203/click - {}
RESULT: {}
COMMAND: GET /session/ffd02ccbd2ef7f94e44a9324fe7b5a64/screenshot - {}
RESULT: {}
COMMAND: POST /session/ffd02ccbd2ef7f94e44a9324fe7b5a64/execute/async - {"script":"<script> [1562 bytes]","args":[{"selector":{"id":"application-managecontracts-display-component---AddNewContract--projectDescription","interaction":{"idSuffix":"inner"}},"wdio_ui5_key":"applicationmanagecontracts-display-component---AddNewContract--projectDescription"}]}
RESULT: {"script":"<script> [1562 bytes]","args":[{"selector":{"id":"application-managecontracts-display-component---AddNewContract--projectDescription","interaction":{"idSuffix":"inner"}},"wdio_ui5_key":"applicationmanagecontracts-display-component---AddNewContract--projectDescription"}]}
RESULT: undefined
COMMAND: POST /session/ffd02ccbd2ef7f94e44a9324fe7b5a64/execute/async - {"script":"<script> [776 bytes]","args":[{"enterText":"Contract WDIO","selector":{"id":"application-managecontracts-display-component---AddNewContract--projectDescription","interaction":{"idSuffix":"inner"}},"clearTextFirst":true,"interactionType":"ENTER_TEXT"}]}
RESULT: {"script":"<script> [776 bytes]","args":[{"enterText":"Contract WDIO","selector":{"id":"application-managecontracts-display-component---AddNewContract--projectDescription","interaction":{"idSuffix":"inner"}},"clearTextFirst":true,"interactionType":"ENTER_TEXT"}]}
COMMAND: POST /session/ffd02ccbd2ef7f94e44a9324fe7b5a64/element - {"using":"xpath","value":"//input[@id=\"application-managecontracts-display-component---AddNewContract--site-inner\"]"}
RESULT: {"using":"xpath","value":"//input[@id=\"application-managecontracts-display-component---AddNewContract--site-inner\"]"}
COMMAND: POST /session/ffd02ccbd2ef7f94e44a9324fe7b5a64/element/f.96D49A20C494BCF8563860382D93E39E.d.FB83354EF894EC8A897794FB233CFCC4.e.11564/clear - {}
RESULT: {}
COMMAND: POST /session/ffd02ccbd2ef7f94e44a9324fe7b5a64/element/f.96D49A20C494BCF8563860382D93E39E.d.FB83354EF894EC8A897794FB233CFCC4.e.11564/value - {"text":"2367"}
COMMAND: GET /session/ffd02ccbd2ef7f94e44a9324fe7b5a64/screenshot - {}
RESULT: {"text":"2367"}
COMMAND: GET /session/ffd02ccbd2ef7f94e44a9324fe7b5a64/screenshot - {}
RESULT: {}
COMMAND: POST /session/ffd02ccbd2ef7f94e44a9324fe7b5a64/element - {"using":"xpath","value":"//li[.//span[text()='2367']]"}
RESULT: {}
RESULT: {"using":"xpath","value":"//li[.//span[text()='2367']]"}
COMMAND: POST /session/ffd02ccbd2ef7f94e44a9324fe7b5a64/element/f.96D49A20C494BCF8563860382D93E39E.d.FB83354EF894EC8A897794FB233CFCC4.e.11591/click - {}
RESULT: {}
COMMAND: GET /session/ffd02ccbd2ef7f94e44a9324fe7b5a64/screenshot - {}
RESULT: {}
COMMAND: POST /session/ffd02ccbd2ef7f94e44a9324fe7b5a64/element - {"using":"xpath","value":"//input[@id=\"application-managecontracts-display-component---AddNewContract--yardId-inner\"]"}
RESULT: {"using":"xpath","value":"//input[@id=\"application-managecontracts-display-component---AddNewContract--yardId-inner\"]"}
COMMAND: GET /session/ffd02ccbd2ef7f94e44a9324fe7b5a64/element/f.96D49A20C494BCF8563860382D93E39E.d.FB83354EF894EC8A897794FB233CFCC4.e.11565/property/value - {}
RESULT: {}
COMMAND: POST /session/ffd02ccbd2ef7f94e44a9324fe7b5a64/element - {"using":"xpath","value":"//input[@id=\"application-managecontracts-display-component---AddNewContract--customerSelect-inner\"]"}
COMMAND: GET /session/ffd02ccbd2ef7f94e44a9324fe7b5a64/screenshot - {}
RESULT: {"using":"xpath","value":"//input[@id=\"application-managecontracts-display-component---AddNewContract--customerSelect-inner\"]"}
COMMAND: POST /session/ffd02ccbd2ef7f94e44a9324fe7b5a64/element/f.96D49A20C494BCF8563860382D93E39E.d.FB83354EF894EC8A897794FB233CFCC4.e.11563/clear - {}
RESULT: {}
RESULT: {}
COMMAND: POST /session/ffd02ccbd2ef7f94e44a9324fe7b5a64/element/f.96D49A20C494BCF8563860382D93E39E.d.FB83354EF894EC8A897794FB233CFCC4.e.11563/value - {"text":"1449"}
COMMAND: GET /session/ffd02ccbd2ef7f94e44a9324fe7b5a64/screenshot - {}
RESULT: {"text":"1449"}
COMMAND: GET /session/ffd02ccbd2ef7f94e44a9324fe7b5a64/screenshot - {}
RESULT: {}
COMMAND: POST /session/ffd02ccbd2ef7f94e44a9324fe7b5a64/element - {"using":"xpath","value":"//li[.//span[text()='1449']]"}
RESULT: {}
RESULT: {"using":"xpath","value":"//li[.//span[text()='1449']]"}
COMMAND: POST /session/ffd02ccbd2ef7f94e44a9324fe7b5a64/element/f.96D49A20C494BCF8563860382D93E39E.d.FB83354EF894EC8A897794FB233CFCC4.e.11594/click - {}
RESULT: {}
COMMAND: GET /session/ffd02ccbd2ef7f94e44a9324fe7b5a64/screenshot - {}
RESULT: {}
COMMAND: POST /session/ffd02ccbd2ef7f94e44a9324fe7b5a64/element - {"using":"xpath","value":"//button[@data-kt=\"saveButton\"]"}
RESULT: {"using":"xpath","value":"//button[@data-kt=\"saveButton\"]"}
COMMAND: POST /session/ffd02ccbd2ef7f94e44a9324fe7b5a64/element/f.96D49A20C494BCF8563860382D93E39E.d.FB83354EF894EC8A897794FB233CFCC4.e.11595/click - {}
RESULT: {}
COMMAND: GET /session/ffd02ccbd2ef7f94e44a9324fe7b5a64/screenshot - {}
RESULT: {}
COMMAND: POST /session/ffd02ccbd2ef7f94e44a9324fe7b5a64/element - {"using":"xpath","value":"//span[contains(@id ,\"contractDetailTitleNoExpanded\")]"}
RESULT: {"using":"xpath","value":"//span[contains(@id ,\"contractDetailTitleNoExpanded\")]"}
COMMAND: POST /session/ffd02ccbd2ef7f94e44a9324fe7b5a64/elements - {"using":"xpath","value":"//span[contains(@id ,\"contractDetailTitleNoExpanded\")]"}
RESULT: {"using":"xpath","value":"//span[contains(@id ,\"contractDetailTitleNoExpanded\")]"}
COMMAND: POST /session/ffd02ccbd2ef7f94e44a9324fe7b5a64/execute/sync - {"script":"<script> [56 bytes]","args":[{"element-6066-11e4-a52e-4f735466cecf":"f.96D49A20C494BCF8563860382D93E39E.d.FB83354EF894EC8A897794FB233CFCC4.e.11608","ELEMENT":"f.96D49A20C494BCF8563860382D93E39E.d.FB83354EF894EC8A897794FB233CFCC4.e.11608"}]}
RESULT: {"script":"<script> [56 bytes]","args":[{"element-6066-11e4-a52e-4f735466cecf":"f.96D49A20C494BCF8563860382D93E39E.d.FB83354EF894EC8A897794FB233CFCC4.e.11608","ELEMENT":"f.96D49A20C494BCF8563860382D93E39E.d.FB83354EF894EC8A897794FB233CFCC4.e.11608"}]}
COMMAND: GET /session/ffd02ccbd2ef7f94e44a9324fe7b5a64/screenshot - {}
RESULT: {}
]]></system-out>
    </testcase>
    <testcase classname="chrome.136_0_7103_93.windows.Billing_Transfer_-_Intracompany_US127249" name="Should add equipment to the contract" time="51.628">
      <system-out><![CDATA[
COMMAND: POST /session/ffd02ccbd2ef7f94e44a9324fe7b5a64/element - {"using":"xpath","value":"//button[@data-kt=\"contractDetailEditBtnButton\"]"}
RESULT: {"using":"xpath","value":"//button[@data-kt=\"contractDetailEditBtnButton\"]"}
COMMAND: POST /session/ffd02ccbd2ef7f94e44a9324fe7b5a64/element/f.96D49A20C494BCF8563860382D93E39E.d.FB83354EF894EC8A897794FB233CFCC4.e.11609/click - {}
RESULT: {}
COMMAND: GET /session/ffd02ccbd2ef7f94e44a9324fe7b5a64/screenshot - {}
RESULT: {}
COMMAND: POST /session/ffd02ccbd2ef7f94e44a9324fe7b5a64/element - {"using":"xpath","value":"(//span[contains(text(), \"Additional Addresses\")])[2]"}
RESULT: {"using":"xpath","value":"(//span[contains(text(), \"Additional Addresses\")])[2]"}
COMMAND: POST /session/ffd02ccbd2ef7f94e44a9324fe7b5a64/element/f.96D49A20C494BCF8563860382D93E39E.d.FB83354EF894EC8A897794FB233CFCC4.e.11666/click - {}
RESULT: {}
COMMAND: GET /session/ffd02ccbd2ef7f94e44a9324fe7b5a64/screenshot - {}
RESULT: {}
COMMAND: POST /session/ffd02ccbd2ef7f94e44a9324fe7b5a64/element - {"using":"xpath","value":"//button[@data-kt=\"btnAddTableRowOverflowToolbarButton\"]"}
RESULT: {"using":"xpath","value":"//button[@data-kt=\"btnAddTableRowOverflowToolbarButton\"]"}
COMMAND: POST /session/ffd02ccbd2ef7f94e44a9324fe7b5a64/element/f.96D49A20C494BCF8563860382D93E39E.d.FB83354EF894EC8A897794FB233CFCC4.e.11669/click - {}
RESULT: {}
COMMAND: GET /session/ffd02ccbd2ef7f94e44a9324fe7b5a64/screenshot - {}
RESULT: {}
COMMAND: POST /session/ffd02ccbd2ef7f94e44a9324fe7b5a64/element - {"using":"xpath","value":"//div[(text() = 'Standard Entry' or . = 'Standard Entry')]"}
RESULT: {"using":"xpath","value":"//div[(text() = 'Standard Entry' or . = 'Standard Entry')]"}
COMMAND: POST /session/ffd02ccbd2ef7f94e44a9324fe7b5a64/element/f.96D49A20C494BCF8563860382D93E39E.d.FB83354EF894EC8A897794FB233CFCC4.e.11670/click - {}
RESULT: {}
COMMAND: GET /session/ffd02ccbd2ef7f94e44a9324fe7b5a64/screenshot - {}
RESULT: {}
COMMAND: POST /session/ffd02ccbd2ef7f94e44a9324fe7b5a64/element - {"using":"xpath","value":"//td[7]/div/div/input"}
RESULT: {"using":"xpath","value":"//td[7]/div/div/input"}
COMMAND: POST /session/ffd02ccbd2ef7f94e44a9324fe7b5a64/element/f.96D49A20C494BCF8563860382D93E39E.d.FB83354EF894EC8A897794FB233CFCC4.e.11679/clear - {}
RESULT: {}
COMMAND: POST /session/ffd02ccbd2ef7f94e44a9324fe7b5a64/element/f.96D49A20C494BCF8563860382D93E39E.d.FB83354EF894EC8A897794FB233CFCC4.e.11679/value - {"text":"CYE19zR1iH"}
COMMAND: GET /session/ffd02ccbd2ef7f94e44a9324fe7b5a64/screenshot - {}
RESULT: {"text":"CYE19zR1iH"}
COMMAND: GET /session/ffd02ccbd2ef7f94e44a9324fe7b5a64/screenshot - {}
RESULT: {}
RESULT: {}
COMMAND: POST /session/ffd02ccbd2ef7f94e44a9324fe7b5a64/actions - {"actions":[{"id":"action37","type":"key","parameters":{},"actions":[{"type":"keyDown","value":""},{"type":"pause","duration":10},{"type":"keyUp","value":""}]}]}
RESULT: {"actions":[{"id":"action37","type":"key","parameters":{},"actions":[{"type":"keyDown","value":""},{"type":"pause","duration":10},{"type":"keyUp","value":""}]}]}
COMMAND: GET /session/ffd02ccbd2ef7f94e44a9324fe7b5a64/screenshot - {}
RESULT: {}
COMMAND: POST /session/ffd02ccbd2ef7f94e44a9324fe7b5a64/execute/sync - {"script":"<script> [276 bytes]","args":["No pricing information was found"]}
RESULT: {"script":"<script> [276 bytes]","args":["No pricing information was found"]}
COMMAND: POST /session/ffd02ccbd2ef7f94e44a9324fe7b5a64/element - {"using":"xpath","value":"(//button[@data-kt=\"saveButton\"])[2]"}
COMMAND: GET /session/ffd02ccbd2ef7f94e44a9324fe7b5a64/screenshot - {}
RESULT: {"using":"xpath","value":"(//button[@data-kt=\"saveButton\"])[2]"}
COMMAND: POST /session/ffd02ccbd2ef7f94e44a9324fe7b5a64/element/f.96D49A20C494BCF8563860382D93E39E.d.FB83354EF894EC8A897794FB233CFCC4.e.11694/click - {}
RESULT: {}
RESULT: {}
COMMAND: GET /session/ffd02ccbd2ef7f94e44a9324fe7b5a64/screenshot - {}
RESULT: {}
COMMAND: POST /session/ffd02ccbd2ef7f94e44a9324fe7b5a64/execute/sync - {"script":"<script> [276 bytes]","args":["Some contract items are having rental validity exceeding header rental validity"]}
RESULT: {"script":"<script> [276 bytes]","args":["Some contract items are having rental validity exceeding header rental validity"]}
COMMAND: GET /session/ffd02ccbd2ef7f94e44a9324fe7b5a64/screenshot - {}
RESULT: {}
COMMAND: POST /session/ffd02ccbd2ef7f94e44a9324fe7b5a64/element - {"using":"xpath","value":"//span[contains(@id ,\"contractItemsSmartTable-header-inner\")]"}
RESULT: {"using":"xpath","value":"//span[contains(@id ,\"contractItemsSmartTable-header-inner\")]"}
COMMAND: POST /session/ffd02ccbd2ef7f94e44a9324fe7b5a64/elements - {"using":"xpath","value":"//span[contains(@id ,\"contractItemsSmartTable-header-inner\")]"}
RESULT: {"using":"xpath","value":"//span[contains(@id ,\"contractItemsSmartTable-header-inner\")]"}
COMMAND: POST /session/ffd02ccbd2ef7f94e44a9324fe7b5a64/execute/sync - {"script":"<script> [56 bytes]","args":[{"element-6066-11e4-a52e-4f735466cecf":"f.96D49A20C494BCF8563860382D93E39E.d.FB83354EF894EC8A897794FB233CFCC4.e.11702","ELEMENT":"f.96D49A20C494BCF8563860382D93E39E.d.FB83354EF894EC8A897794FB233CFCC4.e.11702"}]}
RESULT: {"script":"<script> [56 bytes]","args":[{"element-6066-11e4-a52e-4f735466cecf":"f.96D49A20C494BCF8563860382D93E39E.d.FB83354EF894EC8A897794FB233CFCC4.e.11702","ELEMENT":"f.96D49A20C494BCF8563860382D93E39E.d.FB83354EF894EC8A897794FB233CFCC4.e.11702"}]}
]]></system-out>
    </testcase>
    <testcase classname="chrome.136_0_7103_93.windows.Billing_Transfer_-_Intracompany_US127249" name="Should do a provide to site handover" time="78.422">
      <system-out><![CDATA[
COMMAND: GET /session/ffd02ccbd2ef7f94e44a9324fe7b5a64/screenshot - {}
COMMAND: POST /session/ffd02ccbd2ef7f94e44a9324fe7b5a64/element - {"using":"xpath","value":"//button[@data-kt=\"provideButton\"]"}
RESULT: {}
RESULT: {"using":"xpath","value":"//button[@data-kt=\"provideButton\"]"}
COMMAND: POST /session/ffd02ccbd2ef7f94e44a9324fe7b5a64/element/f.96D49A20C494BCF8563860382D93E39E.d.FB83354EF894EC8A897794FB233CFCC4.e.11703/click - {}
RESULT: {}
COMMAND: GET /session/ffd02ccbd2ef7f94e44a9324fe7b5a64/screenshot - {}
RESULT: {}
RESULT: undefined
COMMAND: POST /session/ffd02ccbd2ef7f94e44a9324fe7b5a64/execute/async - {"script":"<script> [6424 bytes]","args":[{"element-6066-11e4-a52e-4f735466cecf":"f.96D49A20C494BCF8563860382D93E39E.d.FB83354EF894EC8A897794FB233CFCC4.e.10774"},"setValue",["5/22/25"]]}
COMMAND: POST /session/ffd02ccbd2ef7f94e44a9324fe7b5a64/execute/async - {"script":"<script> [1562 bytes]","args":[{"selector":{"id":"application-managehandovers-display-component---AddNewHO--dueDate","interaction":{"idSuffix":"inner"}},"wdio_ui5_key":"applicationmanagehandovers-display-component---AddNewHO--dueDate"}]}
RESULT: {"script":"<script> [1562 bytes]","args":[{"selector":{"id":"application-managehandovers-display-component---AddNewHO--dueDate","interaction":{"idSuffix":"inner"}},"wdio_ui5_key":"applicationmanagehandovers-display-component---AddNewHO--dueDate"}]}
COMMAND: POST /session/ffd02ccbd2ef7f94e44a9324fe7b5a64/execute/async - {"script":"<script> [6424 bytes]","args":[{"element-6066-11e4-a52e-4f735466cecf":"f.96D49A20C494BCF8563860382D93E39E.d.FB83354EF894EC8A897794FB233CFCC4.e.11779"},"setValue",["5/22/25"]]}
RESULT: {"script":"<script> [6424 bytes]","args":[{"element-6066-11e4-a52e-4f735466cecf":"f.96D49A20C494BCF8563860382D93E39E.d.FB83354EF894EC8A897794FB233CFCC4.e.11779"},"setValue",["5/22/25"]]}
COMMAND: POST /session/ffd02ccbd2ef7f94e44a9324fe7b5a64/element - {"using":"xpath","value":"//bdi[contains(text(), \"Instructions\")]"}
RESULT: {"using":"xpath","value":"//bdi[contains(text(), \"Instructions\")]"}
COMMAND: POST /session/ffd02ccbd2ef7f94e44a9324fe7b5a64/element/f.96D49A20C494BCF8563860382D93E39E.d.FB83354EF894EC8A897794FB233CFCC4.e.12013/click - {}
RESULT: {}
COMMAND: GET /session/ffd02ccbd2ef7f94e44a9324fe7b5a64/screenshot - {}
RESULT: {}
COMMAND: POST /session/ffd02ccbd2ef7f94e44a9324fe7b5a64/element - {"using":"xpath","value":"//button[@data-kt=\"AddNewHOProvideAddItemsButton\"]"}
RESULT: {"using":"xpath","value":"//button[@data-kt=\"AddNewHOProvideAddItemsButton\"]"}
COMMAND: POST /session/ffd02ccbd2ef7f94e44a9324fe7b5a64/element/f.96D49A20C494BCF8563860382D93E39E.d.FB83354EF894EC8A897794FB233CFCC4.e.12017/click - {}
RESULT: {}
COMMAND: GET /session/ffd02ccbd2ef7f94e44a9324fe7b5a64/screenshot - {}
RESULT: {}
RESULT: undefined
COMMAND: POST /session/ffd02ccbd2ef7f94e44a9324fe7b5a64/element - {"using":"xpath","value":"//*[@id=\"application-managehandovers-display-component---AddNewHO--popup-sa\"]"}
RESULT: {"using":"xpath","value":"//*[@id=\"application-managehandovers-display-component---AddNewHO--popup-sa\"]"}
COMMAND: POST /session/ffd02ccbd2ef7f94e44a9324fe7b5a64/element/f.96D49A20C494BCF8563860382D93E39E.d.FB83354EF894EC8A897794FB233CFCC4.e.12033/click - {}
RESULT: {}
COMMAND: GET /session/ffd02ccbd2ef7f94e44a9324fe7b5a64/screenshot - {}
RESULT: {}
COMMAND: POST /session/ffd02ccbd2ef7f94e44a9324fe7b5a64/element - {"using":"xpath","value":"//*[contains(@id ,\"BDI-content\")][contains(text(), \"Select\")]"}
RESULT: {"using":"xpath","value":"//*[contains(@id ,\"BDI-content\")][contains(text(), \"Select\")]"}
COMMAND: POST /session/ffd02ccbd2ef7f94e44a9324fe7b5a64/element/f.96D49A20C494BCF8563860382D93E39E.d.FB83354EF894EC8A897794FB233CFCC4.e.12035/click - {}
RESULT: {}
COMMAND: GET /session/ffd02ccbd2ef7f94e44a9324fe7b5a64/screenshot - {}
RESULT: {}
COMMAND: POST /session/ffd02ccbd2ef7f94e44a9324fe7b5a64/execute/async - {"script":"<script> [1562 bytes]","args":[{"selector":{"id":"application-managehandovers-display-component---AddNewHO--confirmCreationButton","interaction":{"idSuffix":"BDI-content"}},"wdio_ui5_key":"applicationmanagehandovers-display-component---AddNewHO--confirmCreationButton"}]}
RESULT: {"script":"<script> [1562 bytes]","args":[{"selector":{"id":"application-managehandovers-display-component---AddNewHO--confirmCreationButton","interaction":{"idSuffix":"BDI-content"}},"wdio_ui5_key":"applicationmanagehandovers-display-component---AddNewHO--confirmCreationButton"}]}
RESULT: undefined
COMMAND: POST /session/ffd02ccbd2ef7f94e44a9324fe7b5a64/element - {"using":"xpath","value":"//*[@id=\"application-managehandovers-display-component---AddNewHO--confirmCreationButton\"]"}
RESULT: {"using":"xpath","value":"//*[@id=\"application-managehandovers-display-component---AddNewHO--confirmCreationButton\"]"}
COMMAND: POST /session/ffd02ccbd2ef7f94e44a9324fe7b5a64/element/f.96D49A20C494BCF8563860382D93E39E.d.FB83354EF894EC8A897794FB233CFCC4.e.11824/click - {}
RESULT: {}
COMMAND: GET /session/ffd02ccbd2ef7f94e44a9324fe7b5a64/screenshot - {}
RESULT: {}
COMMAND: POST /session/ffd02ccbd2ef7f94e44a9324fe7b5a64/execute/async - {"script":"<script> [1562 bytes]","args":[{"selector":{"id":"issueDatePicker","viewName":"etm.portal.ui.managehandovers.view.DetailExecuteHO","interaction":{"idSuffix":"inner"}},"wdio_ui5_key":"issueDatePickeretmportal.ui.managehandovers.view.DetailExecuteHO"}]}
RESULT: {"script":"<script> [1562 bytes]","args":[{"selector":{"id":"issueDatePicker","viewName":"etm.portal.ui.managehandovers.view.DetailExecuteHO","interaction":{"idSuffix":"inner"}},"wdio_ui5_key":"issueDatePickeretmportal.ui.managehandovers.view.DetailExecuteHO"}]}
RESULT: undefined
COMMAND: POST /session/ffd02ccbd2ef7f94e44a9324fe7b5a64/execute/async - {"script":"<script> [776 bytes]","args":[{"enterText":"5/22/25","selector":{"id":"issueDatePicker","viewName":"etm.portal.ui.managehandovers.view.DetailExecuteHO","interaction":{"idSuffix":"inner"}},"clearTextFirst":true,"interactionType":"ENTER_TEXT"}]}
RESULT: {"script":"<script> [776 bytes]","args":[{"enterText":"5/22/25","selector":{"id":"issueDatePicker","viewName":"etm.portal.ui.managehandovers.view.DetailExecuteHO","interaction":{"idSuffix":"inner"}},"clearTextFirst":true,"interactionType":"ENTER_TEXT"}]}
COMMAND: POST /session/ffd02ccbd2ef7f94e44a9324fe7b5a64/element - {"using":"xpath","value":"//bdi[contains(text(), \"OK\")]"}
RESULT: {"using":"xpath","value":"//bdi[contains(text(), \"OK\")]"}
COMMAND: POST /session/ffd02ccbd2ef7f94e44a9324fe7b5a64/element/f.96D49A20C494BCF8563860382D93E39E.d.FB83354EF894EC8A897794FB233CFCC4.e.12083/click - {}
RESULT: {}
COMMAND: GET /session/ffd02ccbd2ef7f94e44a9324fe7b5a64/screenshot - {}
RESULT: {}
COMMAND: POST /session/ffd02ccbd2ef7f94e44a9324fe7b5a64/element - {"using":"xpath","value":"//button[@data-kt=\"PickingTableConfirmAllButton\"]"}
RESULT: {"using":"xpath","value":"//button[@data-kt=\"PickingTableConfirmAllButton\"]"}
COMMAND: POST /session/ffd02ccbd2ef7f94e44a9324fe7b5a64/element/f.96D49A20C494BCF8563860382D93E39E.d.FB83354EF894EC8A897794FB233CFCC4.e.12091/click - {}
RESULT: {}
COMMAND: GET /session/ffd02ccbd2ef7f94e44a9324fe7b5a64/screenshot - {}
RESULT: {}
COMMAND: POST /session/ffd02ccbd2ef7f94e44a9324fe7b5a64/element - {"using":"xpath","value":"//bdi[contains(text(), \"OK\")]"}
RESULT: {"using":"xpath","value":"//bdi[contains(text(), \"OK\")]"}
COMMAND: POST /session/ffd02ccbd2ef7f94e44a9324fe7b5a64/element/f.96D49A20C494BCF8563860382D93E39E.d.FB83354EF894EC8A897794FB233CFCC4.e.12095/click - {}
RESULT: {}
COMMAND: GET /session/ffd02ccbd2ef7f94e44a9324fe7b5a64/screenshot - {}
RESULT: {}
COMMAND: POST /session/ffd02ccbd2ef7f94e44a9324fe7b5a64/element - {"using":"xpath","value":"//bdi[contains(text(), \"Issue\")]"}
RESULT: {"using":"xpath","value":"//bdi[contains(text(), \"Issue\")]"}
COMMAND: POST /session/ffd02ccbd2ef7f94e44a9324fe7b5a64/element/f.96D49A20C494BCF8563860382D93E39E.d.FB83354EF894EC8A897794FB233CFCC4.e.12096/click - {}
RESULT: {}
COMMAND: GET /session/ffd02ccbd2ef7f94e44a9324fe7b5a64/screenshot - {}
RESULT: {}
COMMAND: POST /session/ffd02ccbd2ef7f94e44a9324fe7b5a64/element - {"using":"css selector","value":"#shell-header-logo"}
RESULT: {"using":"css selector","value":"#shell-header-logo"}
COMMAND: POST /session/ffd02ccbd2ef7f94e44a9324fe7b5a64/element/f.96D49A20C494BCF8563860382D93E39E.d.FB83354EF894EC8A897794FB233CFCC4.e.11157/click - {}
RESULT: {}
COMMAND: GET /session/ffd02ccbd2ef7f94e44a9324fe7b5a64/screenshot - {}
RESULT: {}
]]></system-out>
    </testcase>
    <testcase classname="chrome.136_0_7103_93.windows.Billing_Transfer_-_Intracompany_US127249" name="Should go navigate to Manage Billings and trigger contract calculation check result" time="74.322">
      <system-out><![CDATA[
COMMAND: POST /session/ffd02ccbd2ef7f94e44a9324fe7b5a64/execute/async - {"script":"<script> [1562 bytes]","args":[{"selector":{"controlType":"sap.m.GenericTile","properties":{"header":"Manage Billings"}},"wdio_ui5_key":"sapm.GenericTile{\"header\":\"Manage Billings\"}"}]}
RESULT: {"script":"<script> [1562 bytes]","args":[{"selector":{"controlType":"sap.m.GenericTile","properties":{"header":"Manage Billings"}},"wdio_ui5_key":"sapm.GenericTile{\"header\":\"Manage Billings\"}"}]}
RESULT: undefined
COMMAND: POST /session/ffd02ccbd2ef7f94e44a9324fe7b5a64/element - {"using":"xpath","value":"//*[@id=\"__tile51\"]"}
RESULT: {"using":"xpath","value":"//*[@id=\"__tile51\"]"}
COMMAND: POST /session/ffd02ccbd2ef7f94e44a9324fe7b5a64/element/f.96D49A20C494BCF8563860382D93E39E.d.FB83354EF894EC8A897794FB233CFCC4.e.6668/click - {}
RESULT: {}
COMMAND: GET /session/ffd02ccbd2ef7f94e44a9324fe7b5a64/screenshot - {}
RESULT: {}
COMMAND: POST /session/ffd02ccbd2ef7f94e44a9324fe7b5a64/elements - {"using":"xpath","value":"//span[text()='Error']"}
RESULT: {"using":"xpath","value":"//span[text()='Error']"}
COMMAND: POST /session/ffd02ccbd2ef7f94e44a9324fe7b5a64/execute/async - {"script":"<script> [1562 bytes]","args":[{"selector":{"id":"application-managebillings-display-component---billRunCalcResult--smartFilterBar-btnBasicSearch","interaction":{"idSuffix":"I"}},"wdio_ui5_key":"applicationmanagebillings-display-component---billRunCalcResult--smartFilterBar-btnBasicSearch"}]}
RESULT: {"script":"<script> [1562 bytes]","args":[{"selector":{"id":"application-managebillings-display-component---billRunCalcResult--smartFilterBar-btnBasicSearch","interaction":{"idSuffix":"I"}},"wdio_ui5_key":"applicationmanagebillings-display-component---billRunCalcResult--smartFilterBar-btnBasicSearch"}]}
RESULT: undefined
COMMAND: POST /session/ffd02ccbd2ef7f94e44a9324fe7b5a64/execute/async - {"script":"<script> [776 bytes]","args":[{"enterText":"10508","selector":{"id":"application-managebillings-display-component---billRunCalcResult--smartFilterBar-btnBasicSearch","interaction":{"idSuffix":"I"}},"clearTextFirst":true,"interactionType":"ENTER_TEXT"}]}
RESULT: {"script":"<script> [776 bytes]","args":[{"enterText":"10508","selector":{"id":"application-managebillings-display-component---billRunCalcResult--smartFilterBar-btnBasicSearch","interaction":{"idSuffix":"I"}},"clearTextFirst":true,"interactionType":"ENTER_TEXT"}]}
COMMAND: POST /session/ffd02ccbd2ef7f94e44a9324fe7b5a64/actions - {"actions":[{"id":"action38","type":"key","parameters":{},"actions":[{"type":"keyDown","value":""},{"type":"pause","duration":10},{"type":"keyUp","value":""}]}]}
RESULT: {"actions":[{"id":"action38","type":"key","parameters":{},"actions":[{"type":"keyDown","value":""},{"type":"pause","duration":10},{"type":"keyUp","value":""}]}]}
COMMAND: GET /session/ffd02ccbd2ef7f94e44a9324fe7b5a64/screenshot - {}
RESULT: {}
COMMAND: POST /session/ffd02ccbd2ef7f94e44a9324fe7b5a64/element - {"using":"xpath","value":"//td[@aria-colindex=\"1\"]/div/div[contains(@class, \"sapMCbBg\")]"}
RESULT: {"using":"xpath","value":"//td[@aria-colindex=\"1\"]/div/div[contains(@class, \"sapMCbBg\")]"}
COMMAND: POST /session/ffd02ccbd2ef7f94e44a9324fe7b5a64/element/f.96D49A20C494BCF8563860382D93E39E.d.FB83354EF894EC8A897794FB233CFCC4.e.12481/click - {}
RESULT: {}
COMMAND: GET /session/ffd02ccbd2ef7f94e44a9324fe7b5a64/screenshot - {}
RESULT: {}
COMMAND: POST /session/ffd02ccbd2ef7f94e44a9324fe7b5a64/execute/async - {"script":"<script> [1562 bytes]","args":[{"selector":{"id":"application-managebillings-display-component---billRunCalcResult--contractBillRunDate","interaction":{"idSuffix":"inner"}},"wdio_ui5_key":"applicationmanagebillings-display-component---billRunCalcResult--contractBillRunDate"}]}
RESULT: {"script":"<script> [1562 bytes]","args":[{"selector":{"id":"application-managebillings-display-component---billRunCalcResult--contractBillRunDate","interaction":{"idSuffix":"inner"}},"wdio_ui5_key":"applicationmanagebillings-display-component---billRunCalcResult--contractBillRunDate"}]}
RESULT: undefined
COMMAND: POST /session/ffd02ccbd2ef7f94e44a9324fe7b5a64/execute/async - {"script":"<script> [776 bytes]","args":[{"enterText":"5/22/25","selector":{"id":"application-managebillings-display-component---billRunCalcResult--contractBillRunDate","interaction":{"idSuffix":"inner"}},"clearTextFirst":true,"interactionType":"ENTER_TEXT"}]}
RESULT: {"script":"<script> [776 bytes]","args":[{"enterText":"5/22/25","selector":{"id":"application-managebillings-display-component---billRunCalcResult--contractBillRunDate","interaction":{"idSuffix":"inner"}},"clearTextFirst":true,"interactionType":"ENTER_TEXT"}]}
COMMAND: POST /session/ffd02ccbd2ef7f94e44a9324fe7b5a64/element - {"using":"xpath","value":"//bdi[contains(text(), \"Trigger Calculation\")]"}
RESULT: {"using":"xpath","value":"//bdi[contains(text(), \"Trigger Calculation\")]"}
COMMAND: POST /session/ffd02ccbd2ef7f94e44a9324fe7b5a64/element/f.96D49A20C494BCF8563860382D93E39E.d.FB83354EF894EC8A897794FB233CFCC4.e.12532/click - {}
RESULT: {}
COMMAND: GET /session/ffd02ccbd2ef7f94e44a9324fe7b5a64/screenshot - {}
RESULT: {}
COMMAND: POST /session/ffd02ccbd2ef7f94e44a9324fe7b5a64/element - {"using":"xpath","value":"(//span[contains(@id, \"imgNav\")])[1]"}
RESULT: {"using":"xpath","value":"(//span[contains(@id, \"imgNav\")])[1]"}
COMMAND: POST /session/ffd02ccbd2ef7f94e44a9324fe7b5a64/element/f.96D49A20C494BCF8563860382D93E39E.d.FB83354EF894EC8A897794FB233CFCC4.e.12482/click - {}
RESULT: {}
COMMAND: GET /session/ffd02ccbd2ef7f94e44a9324fe7b5a64/screenshot - {}
RESULT: {}
COMMAND: POST /session/ffd02ccbd2ef7f94e44a9324fe7b5a64/element - {"using":"xpath","value":"//tr/td[6]/div[1]/span[1]/span[1]"}
RESULT: {"using":"xpath","value":"//tr/td[6]/div[1]/span[1]/span[1]"}
COMMAND: GET /session/ffd02ccbd2ef7f94e44a9324fe7b5a64/element/f.96D49A20C494BCF8563860382D93E39E.d.FB83354EF894EC8A897794FB233CFCC4.e.12537/text - {}
RESULT: {}
COMMAND: POST /session/ffd02ccbd2ef7f94e44a9324fe7b5a64/element - {"using":"xpath","value":"(//span[contains(@id, \"imgNav\")])[2]"}
RESULT: {"using":"xpath","value":"(//span[contains(@id, \"imgNav\")])[2]"}
COMMAND: POST /session/ffd02ccbd2ef7f94e44a9324fe7b5a64/element/f.96D49A20C494BCF8563860382D93E39E.d.FB83354EF894EC8A897794FB233CFCC4.e.12538/click - {}
RESULT: {}
COMMAND: POST /session/ffd02ccbd2ef7f94e44a9324fe7b5a64/element - {"using":"xpath","value":"//bdi[contains(text(), \"Business Confirm\")]"}
COMMAND: GET /session/ffd02ccbd2ef7f94e44a9324fe7b5a64/screenshot - {}
RESULT: {"using":"xpath","value":"//bdi[contains(text(), \"Business Confirm\")]"}
COMMAND: POST /session/ffd02ccbd2ef7f94e44a9324fe7b5a64/elements - {"using":"xpath","value":"//bdi[contains(text(), \"Business Confirm\")]"}
RESULT: {}
RESULT: {"using":"xpath","value":"//bdi[contains(text(), \"Business Confirm\")]"}
COMMAND: POST /session/ffd02ccbd2ef7f94e44a9324fe7b5a64/elements - {"using":"xpath","value":"//bdi[contains(text(), \"Business Confirm\")]"}
RESULT: {"using":"xpath","value":"//bdi[contains(text(), \"Business Confirm\")]"}
COMMAND: POST /session/ffd02ccbd2ef7f94e44a9324fe7b5a64/element - {"using":"xpath","value":"//bdi[contains(text(), \"Business Confirm\")]"}
RESULT: {"using":"xpath","value":"//bdi[contains(text(), \"Business Confirm\")]"}
COMMAND: POST /session/ffd02ccbd2ef7f94e44a9324fe7b5a64/element/f.96D49A20C494BCF8563860382D93E39E.d.FB83354EF894EC8A897794FB233CFCC4.e.12541/click - {}
RESULT: {}
COMMAND: POST /session/ffd02ccbd2ef7f94e44a9324fe7b5a64/element - {"using":"css selector","value":"#shell-header-logo"}
COMMAND: GET /session/ffd02ccbd2ef7f94e44a9324fe7b5a64/screenshot - {}
RESULT: {"using":"css selector","value":"#shell-header-logo"}
COMMAND: POST /session/ffd02ccbd2ef7f94e44a9324fe7b5a64/element/f.96D49A20C494BCF8563860382D93E39E.d.FB83354EF894EC8A897794FB233CFCC4.e.12266/click - {}
RESULT: {}
RESULT: {}
COMMAND: GET /session/ffd02ccbd2ef7f94e44a9324fe7b5a64/screenshot - {}
RESULT: {}
]]></system-out>
    </testcase>
    <testcase classname="chrome.136_0_7103_93.windows.Billing_Transfer_-_Intracompany_US127249" name="Should navigate to billing transfer and invoice the contract" time="78.06">
      <system-out><![CDATA[
COMMAND: POST /session/ffd02ccbd2ef7f94e44a9324fe7b5a64/execute/async - {"script":"<script> [1562 bytes]","args":[{"selector":{"controlType":"sap.m.GenericTile","properties":{"header":"Billing Transfer"}},"wdio_ui5_key":"sapm.GenericTile{\"header\":\"Billing Transfer\"}"}]}
RESULT: {"script":"<script> [1562 bytes]","args":[{"selector":{"controlType":"sap.m.GenericTile","properties":{"header":"Billing Transfer"}},"wdio_ui5_key":"sapm.GenericTile{\"header\":\"Billing Transfer\"}"}]}
RESULT: undefined
COMMAND: POST /session/ffd02ccbd2ef7f94e44a9324fe7b5a64/element - {"using":"xpath","value":"//*[@id=\"__tile50\"]"}
RESULT: {"using":"xpath","value":"//*[@id=\"__tile50\"]"}
COMMAND: POST /session/ffd02ccbd2ef7f94e44a9324fe7b5a64/element/f.96D49A20C494BCF8563860382D93E39E.d.FB83354EF894EC8A897794FB233CFCC4.e.6666/click - {}
RESULT: {}
COMMAND: GET /session/ffd02ccbd2ef7f94e44a9324fe7b5a64/screenshot - {}
RESULT: {}
COMMAND: POST /session/ffd02ccbd2ef7f94e44a9324fe7b5a64/elements - {"using":"xpath","value":"//span[text()='Error']"}
RESULT: {"using":"xpath","value":"//span[text()='Error']"}
COMMAND: POST /session/ffd02ccbd2ef7f94e44a9324fe7b5a64/element - {"using":"xpath","value":"//input[contains(@id ,\"application-billingtransfer-display-component---billingWorkbench--smartFilterBar-btnBasicSearch\")]"}
RESULT: {"using":"xpath","value":"//input[contains(@id ,\"application-billingtransfer-display-component---billingWorkbench--smartFilterBar-btnBasicSearch\")]"}
COMMAND: POST /session/ffd02ccbd2ef7f94e44a9324fe7b5a64/elements - {"using":"xpath","value":"//input[contains(@id ,\"application-billingtransfer-display-component---billingWorkbench--smartFilterBar-btnBasicSearch\")]"}
RESULT: {"using":"xpath","value":"//input[contains(@id ,\"application-billingtransfer-display-component---billingWorkbench--smartFilterBar-btnBasicSearch\")]"}
COMMAND: POST /session/ffd02ccbd2ef7f94e44a9324fe7b5a64/execute/sync - {"script":"<script> [8489 bytes]","args":[{"element-6066-11e4-a52e-4f735466cecf":"f.96D49A20C494BCF8563860382D93E39E.d.FB83354EF894EC8A897794FB233CFCC4.e.12622","ELEMENT":"f.96D49A20C494BCF8563860382D93E39E.d.FB83354EF894EC8A897794FB233CFCC4.e.12622"}]}
RESULT: {"script":"<script> [8489 bytes]","args":[{"element-6066-11e4-a52e-4f735466cecf":"f.96D49A20C494BCF8563860382D93E39E.d.FB83354EF894EC8A897794FB233CFCC4.e.12622","ELEMENT":"f.96D49A20C494BCF8563860382D93E39E.d.FB83354EF894EC8A897794FB233CFCC4.e.12622"}]}
COMMAND: GET /session/ffd02ccbd2ef7f94e44a9324fe7b5a64/element/f.96D49A20C494BCF8563860382D93E39E.d.FB83354EF894EC8A897794FB233CFCC4.e.12622/enabled - {}
COMMAND: GET /session/ffd02ccbd2ef7f94e44a9324fe7b5a64/screenshot - {}
RESULT: {}
COMMAND: POST /session/ffd02ccbd2ef7f94e44a9324fe7b5a64/element/f.96D49A20C494BCF8563860382D93E39E.d.FB83354EF894EC8A897794FB233CFCC4.e.12622/click - {}
COMMAND: GET /session/ffd02ccbd2ef7f94e44a9324fe7b5a64/screenshot - {}
RESULT: {}
RESULT: {}
COMMAND: GET /session/ffd02ccbd2ef7f94e44a9324fe7b5a64/screenshot - {}
RESULT: {}
RESULT: {}
COMMAND: POST /session/ffd02ccbd2ef7f94e44a9324fe7b5a64/element/f.96D49A20C494BCF8563860382D93E39E.d.FB83354EF894EC8A897794FB233CFCC4.e.12622/clear - {}
RESULT: {}
COMMAND: POST /session/ffd02ccbd2ef7f94e44a9324fe7b5a64/element/f.96D49A20C494BCF8563860382D93E39E.d.FB83354EF894EC8A897794FB233CFCC4.e.12622/value - {"text":"10508"}
COMMAND: GET /session/ffd02ccbd2ef7f94e44a9324fe7b5a64/screenshot - {}
RESULT: {"text":"10508"}
COMMAND: POST /session/ffd02ccbd2ef7f94e44a9324fe7b5a64/actions - {"actions":[{"id":"action39","type":"key","parameters":{},"actions":[{"type":"keyDown","value":""},{"type":"pause","duration":10},{"type":"keyUp","value":""}]}]}
COMMAND: GET /session/ffd02ccbd2ef7f94e44a9324fe7b5a64/screenshot - {}
RESULT: {}
RESULT: {"actions":[{"id":"action39","type":"key","parameters":{},"actions":[{"type":"keyDown","value":""},{"type":"pause","duration":10},{"type":"keyUp","value":""}]}]}
COMMAND: GET /session/ffd02ccbd2ef7f94e44a9324fe7b5a64/screenshot - {}
RESULT: {}
RESULT: {}
COMMAND: POST /session/ffd02ccbd2ef7f94e44a9324fe7b5a64/element - {"using":"xpath","value":"//span[contains(@id ,\"application-billingtransfer-display-component---billingWorkbench--smartTableBillingRuns-header-inner\")]"}
RESULT: {"using":"xpath","value":"//span[contains(@id ,\"application-billingtransfer-display-component---billingWorkbench--smartTableBillingRuns-header-inner\")]"}
COMMAND: POST /session/ffd02ccbd2ef7f94e44a9324fe7b5a64/elements - {"using":"xpath","value":"//span[contains(@id ,\"application-billingtransfer-display-component---billingWorkbench--smartTableBillingRuns-header-inner\")]"}
RESULT: {"using":"xpath","value":"//span[contains(@id ,\"application-billingtransfer-display-component---billingWorkbench--smartTableBillingRuns-header-inner\")]"}
COMMAND: POST /session/ffd02ccbd2ef7f94e44a9324fe7b5a64/execute/sync - {"script":"<script> [56 bytes]","args":[{"element-6066-11e4-a52e-4f735466cecf":"f.96D49A20C494BCF8563860382D93E39E.d.FB83354EF894EC8A897794FB233CFCC4.e.12985","ELEMENT":"f.96D49A20C494BCF8563860382D93E39E.d.FB83354EF894EC8A897794FB233CFCC4.e.12985"}]}
RESULT: {"script":"<script> [56 bytes]","args":[{"element-6066-11e4-a52e-4f735466cecf":"f.96D49A20C494BCF8563860382D93E39E.d.FB83354EF894EC8A897794FB233CFCC4.e.12985","ELEMENT":"f.96D49A20C494BCF8563860382D93E39E.d.FB83354EF894EC8A897794FB233CFCC4.e.12985"}]}
COMMAND: POST /session/ffd02ccbd2ef7f94e44a9324fe7b5a64/element - {"using":"xpath","value":"//td[@aria-colindex=\"1\"]/div/div[contains(@class, \"sapMCbBg\")]"}
COMMAND: GET /session/ffd02ccbd2ef7f94e44a9324fe7b5a64/screenshot - {}
RESULT: {"using":"xpath","value":"//td[@aria-colindex=\"1\"]/div/div[contains(@class, \"sapMCbBg\")]"}
COMMAND: POST /session/ffd02ccbd2ef7f94e44a9324fe7b5a64/element/f.96D49A20C494BCF8563860382D93E39E.d.FB83354EF894EC8A897794FB233CFCC4.e.12816/click - {}
RESULT: {}
RESULT: {}
COMMAND: GET /session/ffd02ccbd2ef7f94e44a9324fe7b5a64/screenshot - {}
RESULT: {}
COMMAND: POST /session/ffd02ccbd2ef7f94e44a9324fe7b5a64/element - {"using":"xpath","value":"//bdi[contains(text(), \"Check\")]"}
RESULT: {"using":"xpath","value":"//bdi[contains(text(), \"Check\")]"}
COMMAND: POST /session/ffd02ccbd2ef7f94e44a9324fe7b5a64/element/f.96D49A20C494BCF8563860382D93E39E.d.FB83354EF894EC8A897794FB233CFCC4.e.12986/click - {}
RESULT: {}
COMMAND: GET /session/ffd02ccbd2ef7f94e44a9324fe7b5a64/screenshot - {}
RESULT: {}
COMMAND: POST /session/ffd02ccbd2ef7f94e44a9324fe7b5a64/element - {"using":"xpath","value":"//bdi[contains(text(), \"OK\")]"}
RESULT: {"using":"xpath","value":"//bdi[contains(text(), \"OK\")]"}
COMMAND: POST /session/ffd02ccbd2ef7f94e44a9324fe7b5a64/element/f.96D49A20C494BCF8563860382D93E39E.d.FB83354EF894EC8A897794FB233CFCC4.e.12989/click - {}
RESULT: {}
COMMAND: GET /session/ffd02ccbd2ef7f94e44a9324fe7b5a64/screenshot - {}
RESULT: {}
COMMAND: POST /session/ffd02ccbd2ef7f94e44a9324fe7b5a64/element - {"using":"xpath","value":"(//span[contains(text(), \"CO/SD checked\")]/parent::div/preceding-sibling::div/span)[1]"}
RESULT: {"using":"xpath","value":"(//span[contains(text(), \"CO/SD checked\")]/parent::div/preceding-sibling::div/span)[1]"}
COMMAND: POST /session/ffd02ccbd2ef7f94e44a9324fe7b5a64/element/f.96D49A20C494BCF8563860382D93E39E.d.FB83354EF894EC8A897794FB233CFCC4.e.12991/click - {}
RESULT: {}
COMMAND: GET /session/ffd02ccbd2ef7f94e44a9324fe7b5a64/screenshot - {}
RESULT: {}
COMMAND: POST /session/ffd02ccbd2ef7f94e44a9324fe7b5a64/element - {"using":"xpath","value":"//input[contains(@id ,\"application-billingtransfer-display-component---billingWorkbench--smartFilterBar-btnBasicSearch\")]"}
RESULT: {"using":"xpath","value":"//input[contains(@id ,\"application-billingtransfer-display-component---billingWorkbench--smartFilterBar-btnBasicSearch\")]"}
COMMAND: POST /session/ffd02ccbd2ef7f94e44a9324fe7b5a64/elements - {"using":"xpath","value":"//input[contains(@id ,\"application-billingtransfer-display-component---billingWorkbench--smartFilterBar-btnBasicSearch\")]"}
RESULT: {"using":"xpath","value":"//input[contains(@id ,\"application-billingtransfer-display-component---billingWorkbench--smartFilterBar-btnBasicSearch\")]"}
COMMAND: POST /session/ffd02ccbd2ef7f94e44a9324fe7b5a64/execute/sync - {"script":"<script> [8489 bytes]","args":[{"element-6066-11e4-a52e-4f735466cecf":"f.96D49A20C494BCF8563860382D93E39E.d.FB83354EF894EC8A897794FB233CFCC4.e.12622","ELEMENT":"f.96D49A20C494BCF8563860382D93E39E.d.FB83354EF894EC8A897794FB233CFCC4.e.12622"}]}
RESULT: {"script":"<script> [8489 bytes]","args":[{"element-6066-11e4-a52e-4f735466cecf":"f.96D49A20C494BCF8563860382D93E39E.d.FB83354EF894EC8A897794FB233CFCC4.e.12622","ELEMENT":"f.96D49A20C494BCF8563860382D93E39E.d.FB83354EF894EC8A897794FB233CFCC4.e.12622"}]}
COMMAND: GET /session/ffd02ccbd2ef7f94e44a9324fe7b5a64/element/f.96D49A20C494BCF8563860382D93E39E.d.FB83354EF894EC8A897794FB233CFCC4.e.12622/enabled - {}
COMMAND: GET /session/ffd02ccbd2ef7f94e44a9324fe7b5a64/screenshot - {}
RESULT: {}
COMMAND: POST /session/ffd02ccbd2ef7f94e44a9324fe7b5a64/element/f.96D49A20C494BCF8563860382D93E39E.d.FB83354EF894EC8A897794FB233CFCC4.e.12622/click - {}
COMMAND: GET /session/ffd02ccbd2ef7f94e44a9324fe7b5a64/screenshot - {}
RESULT: {}
RESULT: {}
COMMAND: GET /session/ffd02ccbd2ef7f94e44a9324fe7b5a64/screenshot - {}
RESULT: {}
RESULT: {}
COMMAND: POST /session/ffd02ccbd2ef7f94e44a9324fe7b5a64/element/f.96D49A20C494BCF8563860382D93E39E.d.FB83354EF894EC8A897794FB233CFCC4.e.12622/clear - {}
RESULT: {}
COMMAND: POST /session/ffd02ccbd2ef7f94e44a9324fe7b5a64/element/f.96D49A20C494BCF8563860382D93E39E.d.FB83354EF894EC8A897794FB233CFCC4.e.12622/value - {"text":"10508"}
COMMAND: GET /session/ffd02ccbd2ef7f94e44a9324fe7b5a64/screenshot - {}
RESULT: {"text":"10508"}
COMMAND: POST /session/ffd02ccbd2ef7f94e44a9324fe7b5a64/actions - {"actions":[{"id":"action40","type":"key","parameters":{},"actions":[{"type":"keyDown","value":""},{"type":"pause","duration":10},{"type":"keyUp","value":""}]}]}
COMMAND: GET /session/ffd02ccbd2ef7f94e44a9324fe7b5a64/screenshot - {}
RESULT: {}
RESULT: {"actions":[{"id":"action40","type":"key","parameters":{},"actions":[{"type":"keyDown","value":""},{"type":"pause","duration":10},{"type":"keyUp","value":""}]}]}
COMMAND: GET /session/ffd02ccbd2ef7f94e44a9324fe7b5a64/screenshot - {}
RESULT: {}
RESULT: {}
COMMAND: POST /session/ffd02ccbd2ef7f94e44a9324fe7b5a64/element - {"using":"xpath","value":"//span[contains(@id ,\"application-billingtransfer-display-component---billingWorkbench--smartTableBillingRuns-header-inner\")]"}
RESULT: {"using":"xpath","value":"//span[contains(@id ,\"application-billingtransfer-display-component---billingWorkbench--smartTableBillingRuns-header-inner\")]"}
COMMAND: POST /session/ffd02ccbd2ef7f94e44a9324fe7b5a64/elements - {"using":"xpath","value":"//span[contains(@id ,\"application-billingtransfer-display-component---billingWorkbench--smartTableBillingRuns-header-inner\")]"}
RESULT: {"using":"xpath","value":"//span[contains(@id ,\"application-billingtransfer-display-component---billingWorkbench--smartTableBillingRuns-header-inner\")]"}
COMMAND: POST /session/ffd02ccbd2ef7f94e44a9324fe7b5a64/execute/sync - {"script":"<script> [56 bytes]","args":[{"element-6066-11e4-a52e-4f735466cecf":"f.96D49A20C494BCF8563860382D93E39E.d.FB83354EF894EC8A897794FB233CFCC4.e.12985","ELEMENT":"f.96D49A20C494BCF8563860382D93E39E.d.FB83354EF894EC8A897794FB233CFCC4.e.12985"}]}
RESULT: {"script":"<script> [56 bytes]","args":[{"element-6066-11e4-a52e-4f735466cecf":"f.96D49A20C494BCF8563860382D93E39E.d.FB83354EF894EC8A897794FB233CFCC4.e.12985","ELEMENT":"f.96D49A20C494BCF8563860382D93E39E.d.FB83354EF894EC8A897794FB233CFCC4.e.12985"}]}
COMMAND: POST /session/ffd02ccbd2ef7f94e44a9324fe7b5a64/element - {"using":"xpath","value":"//td[@aria-colindex=\"1\"]/div/div[contains(@class, \"sapMCbBg\")]"}
COMMAND: GET /session/ffd02ccbd2ef7f94e44a9324fe7b5a64/screenshot - {}
RESULT: {"using":"xpath","value":"//td[@aria-colindex=\"1\"]/div/div[contains(@class, \"sapMCbBg\")]"}
COMMAND: POST /session/ffd02ccbd2ef7f94e44a9324fe7b5a64/element/f.96D49A20C494BCF8563860382D93E39E.d.FB83354EF894EC8A897794FB233CFCC4.e.12995/click - {}
RESULT: {}
RESULT: {}
COMMAND: GET /session/ffd02ccbd2ef7f94e44a9324fe7b5a64/screenshot - {}
RESULT: {}
COMMAND: POST /session/ffd02ccbd2ef7f94e44a9324fe7b5a64/element - {"using":"xpath","value":"//bdi[text()=\"Transfer\"]"}
RESULT: {"using":"xpath","value":"//bdi[text()=\"Transfer\"]"}
COMMAND: POST /session/ffd02ccbd2ef7f94e44a9324fe7b5a64/element/f.96D49A20C494BCF8563860382D93E39E.d.FB83354EF894EC8A897794FB233CFCC4.e.12996/click - {}
RESULT: {}
COMMAND: GET /session/ffd02ccbd2ef7f94e44a9324fe7b5a64/screenshot - {}
RESULT: {}
COMMAND: POST /session/ffd02ccbd2ef7f94e44a9324fe7b5a64/element - {"using":"xpath","value":"//bdi[contains(text(), \"OK\")]"}
RESULT: {"using":"xpath","value":"//bdi[contains(text(), \"OK\")]"}
COMMAND: POST /session/ffd02ccbd2ef7f94e44a9324fe7b5a64/element/f.96D49A20C494BCF8563860382D93E39E.d.FB83354EF894EC8A897794FB233CFCC4.e.12999/click - {}
RESULT: {}
COMMAND: GET /session/ffd02ccbd2ef7f94e44a9324fe7b5a64/screenshot - {}
RESULT: {}
COMMAND: POST /session/ffd02ccbd2ef7f94e44a9324fe7b5a64/element - {"using":"xpath","value":"(//span[contains(text(), \"Completed\")]/parent::div/preceding-sibling::div/span)[1]"}
RESULT: {"using":"xpath","value":"(//span[contains(text(), \"Completed\")]/parent::div/preceding-sibling::div/span)[1]"}
COMMAND: POST /session/ffd02ccbd2ef7f94e44a9324fe7b5a64/element/f.96D49A20C494BCF8563860382D93E39E.d.FB83354EF894EC8A897794FB233CFCC4.e.13000/click - {}
RESULT: {}
COMMAND: POST /session/ffd02ccbd2ef7f94e44a9324fe7b5a64/element - {"using":"xpath","value":"//input[contains(@id ,\"application-billingtransfer-display-component---billingWorkbench--smartFilterBar-btnBasicSearch\")]"}
COMMAND: GET /session/ffd02ccbd2ef7f94e44a9324fe7b5a64/screenshot - {}
RESULT: {"using":"xpath","value":"//input[contains(@id ,\"application-billingtransfer-display-component---billingWorkbench--smartFilterBar-btnBasicSearch\")]"}
COMMAND: POST /session/ffd02ccbd2ef7f94e44a9324fe7b5a64/elements - {"using":"xpath","value":"//input[contains(@id ,\"application-billingtransfer-display-component---billingWorkbench--smartFilterBar-btnBasicSearch\")]"}
RESULT: {}
RESULT: {"using":"xpath","value":"//input[contains(@id ,\"application-billingtransfer-display-component---billingWorkbench--smartFilterBar-btnBasicSearch\")]"}
COMMAND: POST /session/ffd02ccbd2ef7f94e44a9324fe7b5a64/execute/sync - {"script":"<script> [8489 bytes]","args":[{"element-6066-11e4-a52e-4f735466cecf":"f.96D49A20C494BCF8563860382D93E39E.d.FB83354EF894EC8A897794FB233CFCC4.e.12622","ELEMENT":"f.96D49A20C494BCF8563860382D93E39E.d.FB83354EF894EC8A897794FB233CFCC4.e.12622"}]}
RESULT: {"script":"<script> [8489 bytes]","args":[{"element-6066-11e4-a52e-4f735466cecf":"f.96D49A20C494BCF8563860382D93E39E.d.FB83354EF894EC8A897794FB233CFCC4.e.12622","ELEMENT":"f.96D49A20C494BCF8563860382D93E39E.d.FB83354EF894EC8A897794FB233CFCC4.e.12622"}]}
COMMAND: GET /session/ffd02ccbd2ef7f94e44a9324fe7b5a64/element/f.96D49A20C494BCF8563860382D93E39E.d.FB83354EF894EC8A897794FB233CFCC4.e.12622/enabled - {}
COMMAND: GET /session/ffd02ccbd2ef7f94e44a9324fe7b5a64/screenshot - {}
RESULT: {}
COMMAND: POST /session/ffd02ccbd2ef7f94e44a9324fe7b5a64/element/f.96D49A20C494BCF8563860382D93E39E.d.FB83354EF894EC8A897794FB233CFCC4.e.12622/click - {}
COMMAND: GET /session/ffd02ccbd2ef7f94e44a9324fe7b5a64/screenshot - {}
RESULT: {}
RESULT: {}
COMMAND: GET /session/ffd02ccbd2ef7f94e44a9324fe7b5a64/screenshot - {}
RESULT: {}
RESULT: {}
COMMAND: POST /session/ffd02ccbd2ef7f94e44a9324fe7b5a64/element/f.96D49A20C494BCF8563860382D93E39E.d.FB83354EF894EC8A897794FB233CFCC4.e.12622/clear - {}
RESULT: {}
COMMAND: POST /session/ffd02ccbd2ef7f94e44a9324fe7b5a64/element/f.96D49A20C494BCF8563860382D93E39E.d.FB83354EF894EC8A897794FB233CFCC4.e.12622/value - {"text":"10508"}
COMMAND: GET /session/ffd02ccbd2ef7f94e44a9324fe7b5a64/screenshot - {}
RESULT: {"text":"10508"}
COMMAND: POST /session/ffd02ccbd2ef7f94e44a9324fe7b5a64/actions - {"actions":[{"id":"action41","type":"key","parameters":{},"actions":[{"type":"keyDown","value":""},{"type":"pause","duration":10},{"type":"keyUp","value":""}]}]}
COMMAND: GET /session/ffd02ccbd2ef7f94e44a9324fe7b5a64/screenshot - {}
RESULT: {}
RESULT: {"actions":[{"id":"action41","type":"key","parameters":{},"actions":[{"type":"keyDown","value":""},{"type":"pause","duration":10},{"type":"keyUp","value":""}]}]}
COMMAND: GET /session/ffd02ccbd2ef7f94e44a9324fe7b5a64/screenshot - {}
RESULT: {}
RESULT: {}
COMMAND: POST /session/ffd02ccbd2ef7f94e44a9324fe7b5a64/element - {"using":"xpath","value":"//span[contains(@id ,\"application-billingtransfer-display-component---billingWorkbench--smartTableBillingRuns-header-inner\")]"}
RESULT: {"using":"xpath","value":"//span[contains(@id ,\"application-billingtransfer-display-component---billingWorkbench--smartTableBillingRuns-header-inner\")]"}
COMMAND: POST /session/ffd02ccbd2ef7f94e44a9324fe7b5a64/elements - {"using":"xpath","value":"//span[contains(@id ,\"application-billingtransfer-display-component---billingWorkbench--smartTableBillingRuns-header-inner\")]"}
RESULT: {"using":"xpath","value":"//span[contains(@id ,\"application-billingtransfer-display-component---billingWorkbench--smartTableBillingRuns-header-inner\")]"}
COMMAND: POST /session/ffd02ccbd2ef7f94e44a9324fe7b5a64/execute/sync - {"script":"<script> [56 bytes]","args":[{"element-6066-11e4-a52e-4f735466cecf":"f.96D49A20C494BCF8563860382D93E39E.d.FB83354EF894EC8A897794FB233CFCC4.e.12985","ELEMENT":"f.96D49A20C494BCF8563860382D93E39E.d.FB83354EF894EC8A897794FB233CFCC4.e.12985"}]}
RESULT: {"script":"<script> [56 bytes]","args":[{"element-6066-11e4-a52e-4f735466cecf":"f.96D49A20C494BCF8563860382D93E39E.d.FB83354EF894EC8A897794FB233CFCC4.e.12985","ELEMENT":"f.96D49A20C494BCF8563860382D93E39E.d.FB83354EF894EC8A897794FB233CFCC4.e.12985"}]}
COMMAND: POST /session/ffd02ccbd2ef7f94e44a9324fe7b5a64/element - {"using":"css selector","value":"#shell-header-logo"}
COMMAND: GET /session/ffd02ccbd2ef7f94e44a9324fe7b5a64/screenshot - {}
RESULT: {"using":"css selector","value":"#shell-header-logo"}
COMMAND: POST /session/ffd02ccbd2ef7f94e44a9324fe7b5a64/element/f.96D49A20C494BCF8563860382D93E39E.d.FB83354EF894EC8A897794FB233CFCC4.e.12620/click - {}
RESULT: {}
RESULT: {}
COMMAND: GET /session/ffd02ccbd2ef7f94e44a9324fe7b5a64/screenshot - {}
RESULT: {}
COMMAND: POST /session/ffd02ccbd2ef7f94e44a9324fe7b5a64/element - {"using":"css selector","value":"#j_username"}
COMMAND: POST /session/ffd02ccbd2ef7f94e44a9324fe7b5a64/url - {"url":"https://qa-testing-00-live-etm-ui.cfapps.eu10-004.hana.ondemand.com/"}
RESULT: {"using":"css selector","value":"#j_username"}
COMMAND: POST /session/ffd02ccbd2ef7f94e44a9324fe7b5a64/element - {"using":"css selector","value":"#j_username"}
RESULT: {"url":"https://qa-testing-00-live-etm-ui.cfapps.eu10-004.hana.ondemand.com/"}
RESULT: undefined
COMMAND: GET /session/ffd02ccbd2ef7f94e44a9324fe7b5a64/screenshot - {}
RESULT: {"using":"css selector","value":"#j_username"}
COMMAND: POST /session/ffd02ccbd2ef7f94e44a9324fe7b5a64/element - {"using":"css selector","value":"#shell-header-logo"}
RESULT: {}
RESULT: {"using":"css selector","value":"#shell-header-logo"}
COMMAND: POST /session/ffd02ccbd2ef7f94e44a9324fe7b5a64/execute/sync - {"script":"<script> [8489 bytes]","args":[{"element-6066-11e4-a52e-4f735466cecf":"f.96D49A20C494BCF8563860382D93E39E.d.4A148DDD2E4EF7ADF310E1694120BDC4.e.13018","ELEMENT":"f.96D49A20C494BCF8563860382D93E39E.d.4A148DDD2E4EF7ADF310E1694120BDC4.e.13018"}]}
RESULT: {"script":"<script> [8489 bytes]","args":[{"element-6066-11e4-a52e-4f735466cecf":"f.96D49A20C494BCF8563860382D93E39E.d.4A148DDD2E4EF7ADF310E1694120BDC4.e.13018","ELEMENT":"f.96D49A20C494BCF8563860382D93E39E.d.4A148DDD2E4EF7ADF310E1694120BDC4.e.13018"}]}
COMMAND: POST /session/ffd02ccbd2ef7f94e44a9324fe7b5a64/element - {"using":"css selector","value":"#shell-header-logo"}
COMMAND: GET /session/ffd02ccbd2ef7f94e44a9324fe7b5a64/screenshot - {}
RESULT: {"using":"css selector","value":"#shell-header-logo"}
COMMAND: POST /session/ffd02ccbd2ef7f94e44a9324fe7b5a64/execute/sync - {"script":"<script> [8489 bytes]","args":[{"element-6066-11e4-a52e-4f735466cecf":"f.96D49A20C494BCF8563860382D93E39E.d.4A148DDD2E4EF7ADF310E1694120BDC4.e.13018","ELEMENT":"f.96D49A20C494BCF8563860382D93E39E.d.4A148DDD2E4EF7ADF310E1694120BDC4.e.13018"}]}
RESULT: {}
RESULT: {"script":"<script> [8489 bytes]","args":[{"element-6066-11e4-a52e-4f735466cecf":"f.96D49A20C494BCF8563860382D93E39E.d.4A148DDD2E4EF7ADF310E1694120BDC4.e.13018","ELEMENT":"f.96D49A20C494BCF8563860382D93E39E.d.4A148DDD2E4EF7ADF310E1694120BDC4.e.13018"}]}
COMMAND: POST /session/ffd02ccbd2ef7f94e44a9324fe7b5a64/execute/sync - {"script":"<script> [5351 bytes]","args":[{"element-6066-11e4-a52e-4f735466cecf":"f.96D49A20C494BCF8563860382D93E39E.d.4A148DDD2E4EF7ADF310E1694120BDC4.e.13018","ELEMENT":"f.96D49A20C494BCF8563860382D93E39E.d.4A148DDD2E4EF7ADF310E1694120BDC4.e.13018"}]}
COMMAND: GET /session/ffd02ccbd2ef7f94e44a9324fe7b5a64/screenshot - {}
RESULT: {"script":"<script> [5351 bytes]","args":[{"element-6066-11e4-a52e-4f735466cecf":"f.96D49A20C494BCF8563860382D93E39E.d.4A148DDD2E4EF7ADF310E1694120BDC4.e.13018","ELEMENT":"f.96D49A20C494BCF8563860382D93E39E.d.4A148DDD2E4EF7ADF310E1694120BDC4.e.13018"}]}
COMMAND: POST /session/ffd02ccbd2ef7f94e44a9324fe7b5a64/element - {"using":"css selector","value":"#shell-header-logo"}
COMMAND: GET /session/ffd02ccbd2ef7f94e44a9324fe7b5a64/screenshot - {}
RESULT: {}
RESULT: {"using":"css selector","value":"#shell-header-logo"}
COMMAND: POST /session/ffd02ccbd2ef7f94e44a9324fe7b5a64/element/f.96D49A20C494BCF8563860382D93E39E.d.4A148DDD2E4EF7ADF310E1694120BDC4.e.13018/click - {}
RESULT: {}
RESULT: {}
COMMAND: GET /session/ffd02ccbd2ef7f94e44a9324fe7b5a64/screenshot - {}
RESULT: {}
COMMAND: POST /session/ffd02ccbd2ef7f94e44a9324fe7b5a64/execute/async - {"script":"<script> [189 bytes]","args":[]}
RESULT: {"script":"<script> [189 bytes]","args":[]}
COMMAND: POST /session/ffd02ccbd2ef7f94e44a9324fe7b5a64/execute/async - {"script":"<script> [123 bytes]","args":[]}
RESULT: {"script":"<script> [123 bytes]","args":[]}
COMMAND: POST /session/ffd02ccbd2ef7f94e44a9324fe7b5a64/timeouts - {"script":"<number>"}
RESULT: {"script":"<number>"}
COMMAND: GET /session/ffd02ccbd2ef7f94e44a9324fe7b5a64/timeouts - {}
RESULT: {}
RESULT: undefined
COMMAND: POST /session/ffd02ccbd2ef7f94e44a9324fe7b5a64/execute/async - {"script":"<script> [2676 bytes]","args":[]}
RESULT: {"script":"<script> [2676 bytes]","args":[]}
COMMAND: POST /session/ffd02ccbd2ef7f94e44a9324fe7b5a64/execute/async - {"script":"<script> [2342 bytes]","args":[{"protocol":"http","hostname":"0.0.0.0","path":"/","capabilities":{"browserName":"chrome","goog:chromeOptions":{"binary":"C:\\Program Files\\Google\\Chrome\\Application\\chrome.exe","args":["--start-maximized"]}},"logLevel":"warn","connectionRetryTimeout":120000,"connectionRetryCount":3,"logLevels":{},"enableDirectConnect":true,"strictSSL":true,"_":"65 more keys: [\"cacheDir\",\"port\",\"requestedCapabilities\",\"automationProtocol\",\"baseUrl\",\"waitforInterval\",\"waitforTimeout\",\"onReload\",\"beforeCommand\",\"afterCommand\",\"rootDir\",\"specs\",\"suites\",\"exclude\",\"groupLogsByTestSpec\",\"excludeDriverLogs\",\"bail\",\"framework\",\"reporters\",\"services\",\"maxInstances\",\"maxInstancesPerCapability\",\"injectGlobals\",\"filesToWatch\",\"execArgv\",\"runnerEnv\",\"runner\",\"shard\",\"specFileRetries\",\"specFileRetriesDelay\",\"specFileRetriesDeferred\",\"reporterSyncInterval\",\"reporterSyncTimeout\",\"cucumberFeaturesWithLineNumbers\",\"autoCompileOpts\",\"mochaOpts\",\"jasmineOpts\",\"cucumberOpts\",\"onPrepare\",\"onWorkerStart\",\"onWorkerEnd\",\"before\",\"beforeSession\",\"beforeSuite\",\"beforeHook\",\"beforeTest\",\"afterTest\",\"afterHook\",\"afterSuite\",\"afterSession\",\"after\",\"onComplete\",\"beforeAssertion\",\"afterAssertion\",\"beforeFeature\",\"beforeScenario\",\"beforeStep\",\"afterStep\",\"afterScenario\",\"afterFeature\",\"_\",\"suite\",\"$0\",\"ignoredWorkerServices\",\"wdi5\"]"}]}
RESULT: {"script":"<script> [2342 bytes]","args":[{"protocol":"http","hostname":"0.0.0.0","path":"/","capabilities":{"browserName":"chrome","goog:chromeOptions":{"binary":"C:\\Program Files\\Google\\Chrome\\Application\\chrome.exe","args":["--start-maximized"]}},"logLevel":"warn","connectionRetryTimeout":120000,"connectionRetryCount":3,"logLevels":{},"enableDirectConnect":true,"strictSSL":true,"_":"65 more keys: [\"cacheDir\",\"port\",\"requestedCapabilities\",\"automationProtocol\",\"baseUrl\",\"waitforInterval\",\"waitforTimeout\",\"onReload\",\"beforeCommand\",\"afterCommand\",\"rootDir\",\"specs\",\"suites\",\"exclude\",\"groupLogsByTestSpec\",\"excludeDriverLogs\",\"bail\",\"framework\",\"reporters\",\"services\",\"maxInstances\",\"maxInstancesPerCapability\",\"injectGlobals\",\"filesToWatch\",\"execArgv\",\"runnerEnv\",\"runner\",\"shard\",\"specFileRetries\",\"specFileRetriesDelay\",\"specFileRetriesDeferred\",\"reporterSyncInterval\",\"reporterSyncTimeout\",\"cucumberFeaturesWithLineNumbers\",\"autoCompileOpts\",\"mochaOpts\",\"jasmineOpts\",\"cucumberOpts\",\"onPrepare\",\"onWorkerStart\",\"onWorkerEnd\",\"before\",\"beforeSession\",\"beforeSuite\",\"beforeHook\",\"beforeTest\",\"afterTest\",\"afterHook\",\"afterSuite\",\"afterSession\",\"after\",\"onComplete\",\"beforeAssertion\",\"afterAssertion\",\"beforeFeature\",\"beforeScenario\",\"beforeStep\",\"afterStep\",\"afterScenario\",\"afterFeature\",\"_\",\"suite\",\"$0\",\"ignoredWorkerServices\",\"wdi5\"]"}]}
COMMAND: POST /session/ffd02ccbd2ef7f94e44a9324fe7b5a64/execute/async - {"script":"<script> [21126 bytes]","args":[35000]}
RESULT: {"script":"<script> [21126 bytes]","args":[35000]}
COMMAND: POST /session/ffd02ccbd2ef7f94e44a9324fe7b5a64/window/maximize - {}
RESULT: {}
COMMAND: POST /session/ffd02ccbd2ef7f94e44a9324fe7b5a64/execute/async - {"script":"<script> [1562 bytes]","args":[{"selector":{"id":"shell-header","interaction":{"idSuffix":"icon"}},"wdio_ui5_key":"shellheader"}]}
COMMAND: GET /session/ffd02ccbd2ef7f94e44a9324fe7b5a64/screenshot - {}
RESULT: {"script":"<script> [1562 bytes]","args":[{"selector":{"id":"shell-header","interaction":{"idSuffix":"icon"}},"wdio_ui5_key":"shellheader"}]}
RESULT: undefined
COMMAND: POST /session/ffd02ccbd2ef7f94e44a9324fe7b5a64/refresh - {}
RESULT: {}
RESULT: {}
COMMAND: GET /session/ffd02ccbd2ef7f94e44a9324fe7b5a64/screenshot - {}
RESULT: {}
COMMAND: POST /session/ffd02ccbd2ef7f94e44a9324fe7b5a64/refresh - {}
RESULT: {}
COMMAND: GET /session/ffd02ccbd2ef7f94e44a9324fe7b5a64/screenshot - {}
RESULT: {}
COMMAND: POST /session/ffd02ccbd2ef7f94e44a9324fe7b5a64/window/fullscreen - {}
RESULT: {}
COMMAND: POST /session/ffd02ccbd2ef7f94e44a9324fe7b5a64/execute/async - {"script":"<script> [189 bytes]","args":[]}
RESULT: {"script":"<script> [189 bytes]","args":[]}
COMMAND: POST /session/ffd02ccbd2ef7f94e44a9324fe7b5a64/execute/async - {"script":"<script> [123 bytes]","args":[]}
RESULT: {"script":"<script> [123 bytes]","args":[]}
COMMAND: POST /session/ffd02ccbd2ef7f94e44a9324fe7b5a64/timeouts - {"script":"<number>"}
RESULT: {"script":"<number>"}
COMMAND: GET /session/ffd02ccbd2ef7f94e44a9324fe7b5a64/timeouts - {}
RESULT: {}
RESULT: undefined
COMMAND: POST /session/ffd02ccbd2ef7f94e44a9324fe7b5a64/execute/async - {"script":"<script> [2676 bytes]","args":[]}
RESULT: {"script":"<script> [2676 bytes]","args":[]}
COMMAND: POST /session/ffd02ccbd2ef7f94e44a9324fe7b5a64/execute/async - {"script":"<script> [2342 bytes]","args":[{"protocol":"http","hostname":"0.0.0.0","path":"/","capabilities":{"browserName":"chrome","goog:chromeOptions":{"binary":"C:\\Program Files\\Google\\Chrome\\Application\\chrome.exe","args":["--start-maximized"]}},"logLevel":"warn","connectionRetryTimeout":120000,"connectionRetryCount":3,"logLevels":{},"enableDirectConnect":true,"strictSSL":true,"_":"65 more keys: [\"cacheDir\",\"port\",\"requestedCapabilities\",\"automationProtocol\",\"baseUrl\",\"waitforInterval\",\"waitforTimeout\",\"onReload\",\"beforeCommand\",\"afterCommand\",\"rootDir\",\"specs\",\"suites\",\"exclude\",\"groupLogsByTestSpec\",\"excludeDriverLogs\",\"bail\",\"framework\",\"reporters\",\"services\",\"maxInstances\",\"maxInstancesPerCapability\",\"injectGlobals\",\"filesToWatch\",\"execArgv\",\"runnerEnv\",\"runner\",\"shard\",\"specFileRetries\",\"specFileRetriesDelay\",\"specFileRetriesDeferred\",\"reporterSyncInterval\",\"reporterSyncTimeout\",\"cucumberFeaturesWithLineNumbers\",\"autoCompileOpts\",\"mochaOpts\",\"jasmineOpts\",\"cucumberOpts\",\"onPrepare\",\"onWorkerStart\",\"onWorkerEnd\",\"before\",\"beforeSession\",\"beforeSuite\",\"beforeHook\",\"beforeTest\",\"afterTest\",\"afterHook\",\"afterSuite\",\"afterSession\",\"after\",\"onComplete\",\"beforeAssertion\",\"afterAssertion\",\"beforeFeature\",\"beforeScenario\",\"beforeStep\",\"afterStep\",\"afterScenario\",\"afterFeature\",\"_\",\"suite\",\"$0\",\"ignoredWorkerServices\",\"wdi5\"]"}]}
RESULT: {"script":"<script> [2342 bytes]","args":[{"protocol":"http","hostname":"0.0.0.0","path":"/","capabilities":{"browserName":"chrome","goog:chromeOptions":{"binary":"C:\\Program Files\\Google\\Chrome\\Application\\chrome.exe","args":["--start-maximized"]}},"logLevel":"warn","connectionRetryTimeout":120000,"connectionRetryCount":3,"logLevels":{},"enableDirectConnect":true,"strictSSL":true,"_":"65 more keys: [\"cacheDir\",\"port\",\"requestedCapabilities\",\"automationProtocol\",\"baseUrl\",\"waitforInterval\",\"waitforTimeout\",\"onReload\",\"beforeCommand\",\"afterCommand\",\"rootDir\",\"specs\",\"suites\",\"exclude\",\"groupLogsByTestSpec\",\"excludeDriverLogs\",\"bail\",\"framework\",\"reporters\",\"services\",\"maxInstances\",\"maxInstancesPerCapability\",\"injectGlobals\",\"filesToWatch\",\"execArgv\",\"runnerEnv\",\"runner\",\"shard\",\"specFileRetries\",\"specFileRetriesDelay\",\"specFileRetriesDeferred\",\"reporterSyncInterval\",\"reporterSyncTimeout\",\"cucumberFeaturesWithLineNumbers\",\"autoCompileOpts\",\"mochaOpts\",\"jasmineOpts\",\"cucumberOpts\",\"onPrepare\",\"onWorkerStart\",\"onWorkerEnd\",\"before\",\"beforeSession\",\"beforeSuite\",\"beforeHook\",\"beforeTest\",\"afterTest\",\"afterHook\",\"afterSuite\",\"afterSession\",\"after\",\"onComplete\",\"beforeAssertion\",\"afterAssertion\",\"beforeFeature\",\"beforeScenario\",\"beforeStep\",\"afterStep\",\"afterScenario\",\"afterFeature\",\"_\",\"suite\",\"$0\",\"ignoredWorkerServices\",\"wdi5\"]"}]}
COMMAND: POST /session/ffd02ccbd2ef7f94e44a9324fe7b5a64/execute/async - {"script":"<script> [21126 bytes]","args":[35000]}
RESULT: {"script":"<script> [21126 bytes]","args":[35000]}
]]></system-out>
    </testcase>
  </testsuite>
  <testsuite timestamp="2025-05-22T18:09:21" time="799.489" tests="12" failures="0" errors="0" skipped="0">
    <properties>
      <property name="specId" value="0"/>
      <property name="suiteName" value="Billing transfer US117289"/>
      <property name="capabilities" value="chrome.136_0_7103_93.windows"/>
      <property name="file" value="file:///D:/a/1/s/test/specs/BTS/billing-transfer.spec.js"/>
    </properties>
    <testcase classname="chrome.136_0_7103_93.windows.Billing_transfer_US117289" name="Should create a new yard" time="0.021">
      <system-out><![CDATA[
COMMAND: POST /session/ffd02ccbd2ef7f94e44a9324fe7b5a64/window/fullscreen - {}
RESULT: {}
]]></system-out>
    </testcase>
    <testcase classname="chrome.136_0_7103_93.windows.Billing_transfer_US117289" name="Should create a new partner" time="0.005"/>
    <testcase classname="chrome.136_0_7103_93.windows.Billing_transfer_US117289" name="Should create a new site" time="0.004"/>
    <testcase classname="chrome.136_0_7103_93.windows.Billing_transfer_US117289" name="Should create a new equipment" time="147.248">
      <system-out><![CDATA[
COMMAND: POST /session/ffd02ccbd2ef7f94e44a9324fe7b5a64/execute/async - {"script":"<script> [1562 bytes]","args":[{"selector":{"controlType":"sap.m.GenericTile","properties":{"header":"Manage Resources"}},"wdio_ui5_key":"sapm.GenericTile{\"header\":\"Manage Resources\"}"}]}
RESULT: {"script":"<script> [1562 bytes]","args":[{"selector":{"controlType":"sap.m.GenericTile","properties":{"header":"Manage Resources"}},"wdio_ui5_key":"sapm.GenericTile{\"header\":\"Manage Resources\"}"}]}
RESULT: undefined
COMMAND: POST /session/ffd02ccbd2ef7f94e44a9324fe7b5a64/element - {"using":"xpath","value":"//*[@id=\"__tile39\"]"}
RESULT: {"using":"xpath","value":"//*[@id=\"__tile39\"]"}
COMMAND: POST /session/ffd02ccbd2ef7f94e44a9324fe7b5a64/element/f.96D49A20C494BCF8563860382D93E39E.d.229E7443217FCE321ED8D39A54DCC7F7.e.13178/click - {}
RESULT: {}
COMMAND: GET /session/ffd02ccbd2ef7f94e44a9324fe7b5a64/screenshot - {}
RESULT: {}
COMMAND: POST /session/ffd02ccbd2ef7f94e44a9324fe7b5a64/elements - {"using":"xpath","value":"//span[text()='Error']"}
RESULT: {"using":"xpath","value":"//span[text()='Error']"}
COMMAND: POST /session/ffd02ccbd2ef7f94e44a9324fe7b5a64/element - {"using":"xpath","value":"//button[@data-kt=\"addNewRUOverflowToolbarButton\"]"}
RESULT: {"using":"xpath","value":"//button[@data-kt=\"addNewRUOverflowToolbarButton\"]"}
COMMAND: POST /session/ffd02ccbd2ef7f94e44a9324fe7b5a64/elements - {"using":"xpath","value":"//button[@data-kt=\"addNewRUOverflowToolbarButton\"]"}
RESULT: {"using":"xpath","value":"//button[@data-kt=\"addNewRUOverflowToolbarButton\"]"}
COMMAND: POST /session/ffd02ccbd2ef7f94e44a9324fe7b5a64/elements - {"using":"xpath","value":"//button[@data-kt=\"addNewRUOverflowToolbarButton\"]"}
RESULT: {"using":"xpath","value":"//button[@data-kt=\"addNewRUOverflowToolbarButton\"]"}
COMMAND: POST /session/ffd02ccbd2ef7f94e44a9324fe7b5a64/elements - {"using":"xpath","value":"//button[@data-kt=\"addNewRUOverflowToolbarButton\"]"}
RESULT: {"using":"xpath","value":"//button[@data-kt=\"addNewRUOverflowToolbarButton\"]"}
COMMAND: POST /session/ffd02ccbd2ef7f94e44a9324fe7b5a64/elements - {"using":"xpath","value":"//button[@data-kt=\"addNewRUOverflowToolbarButton\"]"}
RESULT: {"using":"xpath","value":"//button[@data-kt=\"addNewRUOverflowToolbarButton\"]"}
COMMAND: POST /session/ffd02ccbd2ef7f94e44a9324fe7b5a64/elements - {"using":"xpath","value":"//button[@data-kt=\"addNewRUOverflowToolbarButton\"]"}
RESULT: {"using":"xpath","value":"//button[@data-kt=\"addNewRUOverflowToolbarButton\"]"}
COMMAND: POST /session/ffd02ccbd2ef7f94e44a9324fe7b5a64/elements - {"using":"xpath","value":"//button[@data-kt=\"addNewRUOverflowToolbarButton\"]"}
RESULT: {"using":"xpath","value":"//button[@data-kt=\"addNewRUOverflowToolbarButton\"]"}
COMMAND: POST /session/ffd02ccbd2ef7f94e44a9324fe7b5a64/elements - {"using":"xpath","value":"//button[@data-kt=\"addNewRUOverflowToolbarButton\"]"}
RESULT: {"using":"xpath","value":"//button[@data-kt=\"addNewRUOverflowToolbarButton\"]"}
COMMAND: POST /session/ffd02ccbd2ef7f94e44a9324fe7b5a64/elements - {"using":"xpath","value":"//button[@data-kt=\"addNewRUOverflowToolbarButton\"]"}
RESULT: {"using":"xpath","value":"//button[@data-kt=\"addNewRUOverflowToolbarButton\"]"}
COMMAND: POST /session/ffd02ccbd2ef7f94e44a9324fe7b5a64/elements - {"using":"xpath","value":"//button[@data-kt=\"addNewRUOverflowToolbarButton\"]"}
RESULT: {"using":"xpath","value":"//button[@data-kt=\"addNewRUOverflowToolbarButton\"]"}
COMMAND: POST /session/ffd02ccbd2ef7f94e44a9324fe7b5a64/elements - {"using":"xpath","value":"//button[@data-kt=\"addNewRUOverflowToolbarButton\"]"}
RESULT: {"using":"xpath","value":"//button[@data-kt=\"addNewRUOverflowToolbarButton\"]"}
COMMAND: POST /session/ffd02ccbd2ef7f94e44a9324fe7b5a64/elements - {"using":"xpath","value":"//button[@data-kt=\"addNewRUOverflowToolbarButton\"]"}
RESULT: {"using":"xpath","value":"//button[@data-kt=\"addNewRUOverflowToolbarButton\"]"}
COMMAND: POST /session/ffd02ccbd2ef7f94e44a9324fe7b5a64/elements - {"using":"xpath","value":"//button[@data-kt=\"addNewRUOverflowToolbarButton\"]"}
RESULT: {"using":"xpath","value":"//button[@data-kt=\"addNewRUOverflowToolbarButton\"]"}
COMMAND: POST /session/ffd02ccbd2ef7f94e44a9324fe7b5a64/elements - {"using":"xpath","value":"//button[@data-kt=\"addNewRUOverflowToolbarButton\"]"}
RESULT: {"using":"xpath","value":"//button[@data-kt=\"addNewRUOverflowToolbarButton\"]"}
COMMAND: POST /session/ffd02ccbd2ef7f94e44a9324fe7b5a64/elements - {"using":"xpath","value":"//button[@data-kt=\"addNewRUOverflowToolbarButton\"]"}
RESULT: {"using":"xpath","value":"//button[@data-kt=\"addNewRUOverflowToolbarButton\"]"}
COMMAND: POST /session/ffd02ccbd2ef7f94e44a9324fe7b5a64/elements - {"using":"xpath","value":"//button[@data-kt=\"addNewRUOverflowToolbarButton\"]"}
RESULT: {"using":"xpath","value":"//button[@data-kt=\"addNewRUOverflowToolbarButton\"]"}
COMMAND: POST /session/ffd02ccbd2ef7f94e44a9324fe7b5a64/elements - {"using":"xpath","value":"//button[@data-kt=\"addNewRUOverflowToolbarButton\"]"}
RESULT: {"using":"xpath","value":"//button[@data-kt=\"addNewRUOverflowToolbarButton\"]"}
COMMAND: POST /session/ffd02ccbd2ef7f94e44a9324fe7b5a64/elements - {"using":"xpath","value":"//button[@data-kt=\"addNewRUOverflowToolbarButton\"]"}
RESULT: {"using":"xpath","value":"//button[@data-kt=\"addNewRUOverflowToolbarButton\"]"}
COMMAND: POST /session/ffd02ccbd2ef7f94e44a9324fe7b5a64/elements - {"using":"xpath","value":"//button[@data-kt=\"addNewRUOverflowToolbarButton\"]"}
RESULT: {"using":"xpath","value":"//button[@data-kt=\"addNewRUOverflowToolbarButton\"]"}
COMMAND: POST /session/ffd02ccbd2ef7f94e44a9324fe7b5a64/elements - {"using":"xpath","value":"//button[@data-kt=\"addNewRUOverflowToolbarButton\"]"}
RESULT: {"using":"xpath","value":"//button[@data-kt=\"addNewRUOverflowToolbarButton\"]"}
COMMAND: POST /session/ffd02ccbd2ef7f94e44a9324fe7b5a64/elements - {"using":"xpath","value":"//button[@data-kt=\"addNewRUOverflowToolbarButton\"]"}
RESULT: {"using":"xpath","value":"//button[@data-kt=\"addNewRUOverflowToolbarButton\"]"}
COMMAND: POST /session/ffd02ccbd2ef7f94e44a9324fe7b5a64/elements - {"using":"xpath","value":"//button[@data-kt=\"addNewRUOverflowToolbarButton\"]"}
RESULT: {"using":"xpath","value":"//button[@data-kt=\"addNewRUOverflowToolbarButton\"]"}
COMMAND: POST /session/ffd02ccbd2ef7f94e44a9324fe7b5a64/element - {"using":"xpath","value":"//button[@data-kt=\"addNewRUOverflowToolbarButton\"]"}
RESULT: {"using":"xpath","value":"//button[@data-kt=\"addNewRUOverflowToolbarButton\"]"}
COMMAND: POST /session/ffd02ccbd2ef7f94e44a9324fe7b5a64/execute/sync - {"script":"<script> [8489 bytes]","args":[{"element-6066-11e4-a52e-4f735466cecf":"f.96D49A20C494BCF8563860382D93E39E.d.229E7443217FCE321ED8D39A54DCC7F7.e.13318","ELEMENT":"f.96D49A20C494BCF8563860382D93E39E.d.229E7443217FCE321ED8D39A54DCC7F7.e.13318"}]}
RESULT: {"script":"<script> [8489 bytes]","args":[{"element-6066-11e4-a52e-4f735466cecf":"f.96D49A20C494BCF8563860382D93E39E.d.229E7443217FCE321ED8D39A54DCC7F7.e.13318","ELEMENT":"f.96D49A20C494BCF8563860382D93E39E.d.229E7443217FCE321ED8D39A54DCC7F7.e.13318"}]}
COMMAND: GET /session/ffd02ccbd2ef7f94e44a9324fe7b5a64/element/f.96D49A20C494BCF8563860382D93E39E.d.229E7443217FCE321ED8D39A54DCC7F7.e.13318/enabled - {}
COMMAND: GET /session/ffd02ccbd2ef7f94e44a9324fe7b5a64/screenshot - {}
RESULT: {}
COMMAND: POST /session/ffd02ccbd2ef7f94e44a9324fe7b5a64/execute/sync - {"script":"<script> [8489 bytes]","args":[{"element-6066-11e4-a52e-4f735466cecf":"f.96D49A20C494BCF8563860382D93E39E.d.229E7443217FCE321ED8D39A54DCC7F7.e.13318","ELEMENT":"f.96D49A20C494BCF8563860382D93E39E.d.229E7443217FCE321ED8D39A54DCC7F7.e.13318"}]}
COMMAND: GET /session/ffd02ccbd2ef7f94e44a9324fe7b5a64/screenshot - {}
RESULT: {}
RESULT: {"script":"<script> [8489 bytes]","args":[{"element-6066-11e4-a52e-4f735466cecf":"f.96D49A20C494BCF8563860382D93E39E.d.229E7443217FCE321ED8D39A54DCC7F7.e.13318","ELEMENT":"f.96D49A20C494BCF8563860382D93E39E.d.229E7443217FCE321ED8D39A54DCC7F7.e.13318"}]}
COMMAND: POST /session/ffd02ccbd2ef7f94e44a9324fe7b5a64/execute/sync - {"script":"<script> [5351 bytes]","args":[{"element-6066-11e4-a52e-4f735466cecf":"f.96D49A20C494BCF8563860382D93E39E.d.229E7443217FCE321ED8D39A54DCC7F7.e.13318","ELEMENT":"f.96D49A20C494BCF8563860382D93E39E.d.229E7443217FCE321ED8D39A54DCC7F7.e.13318"}]}
COMMAND: GET /session/ffd02ccbd2ef7f94e44a9324fe7b5a64/screenshot - {}
RESULT: {}
RESULT: {"script":"<script> [5351 bytes]","args":[{"element-6066-11e4-a52e-4f735466cecf":"f.96D49A20C494BCF8563860382D93E39E.d.229E7443217FCE321ED8D39A54DCC7F7.e.13318","ELEMENT":"f.96D49A20C494BCF8563860382D93E39E.d.229E7443217FCE321ED8D39A54DCC7F7.e.13318"}]}
COMMAND: POST /session/ffd02ccbd2ef7f94e44a9324fe7b5a64/element/f.96D49A20C494BCF8563860382D93E39E.d.229E7443217FCE321ED8D39A54DCC7F7.e.13318/click - {}
COMMAND: GET /session/ffd02ccbd2ef7f94e44a9324fe7b5a64/screenshot - {}
RESULT: {}
RESULT: {}
COMMAND: GET /session/ffd02ccbd2ef7f94e44a9324fe7b5a64/screenshot - {}
RESULT: {}
RESULT: {}
COMMAND: POST /session/ffd02ccbd2ef7f94e44a9324fe7b5a64/execute/async - {"script":"<script> [1562 bytes]","args":[{"selector":{"id":"application-manageresources-display-component---newResourceUnit--TYPE-arrow"},"wdio_ui5_key":"applicationmanageresources-display-component---newResourceUnit--TYPE-arrow"}]}
RESULT: {"script":"<script> [1562 bytes]","args":[{"selector":{"id":"application-manageresources-display-component---newResourceUnit--TYPE-arrow"},"wdio_ui5_key":"applicationmanageresources-display-component---newResourceUnit--TYPE-arrow"}]}
RESULT: undefined
COMMAND: POST /session/ffd02ccbd2ef7f94e44a9324fe7b5a64/element - {"using":"xpath","value":"//*[@id=\"application-manageresources-display-component---newResourceUnit--TYPE-arrow\"]"}
RESULT: {"using":"xpath","value":"//*[@id=\"application-manageresources-display-component---newResourceUnit--TYPE-arrow\"]"}
COMMAND: POST /session/ffd02ccbd2ef7f94e44a9324fe7b5a64/element/f.96D49A20C494BCF8563860382D93E39E.d.229E7443217FCE321ED8D39A54DCC7F7.e.13491/click - {}
RESULT: {}
COMMAND: POST /session/ffd02ccbd2ef7f94e44a9324fe7b5a64/element - {"using":"xpath","value":"//input[@id=\"application-manageresources-display-component---newResourceUnit--TYPE-inner\"]"}
COMMAND: GET /session/ffd02ccbd2ef7f94e44a9324fe7b5a64/screenshot - {}
RESULT: {"using":"xpath","value":"//input[@id=\"application-manageresources-display-component---newResourceUnit--TYPE-inner\"]"}
COMMAND: POST /session/ffd02ccbd2ef7f94e44a9324fe7b5a64/element/f.96D49A20C494BCF8563860382D93E39E.d.229E7443217FCE321ED8D39A54DCC7F7.e.13369/clear - {}
RESULT: {}
RESULT: {}
COMMAND: POST /session/ffd02ccbd2ef7f94e44a9324fe7b5a64/element/f.96D49A20C494BCF8563860382D93E39E.d.229E7443217FCE321ED8D39A54DCC7F7.e.13369/value - {"text":"Equipment"}
COMMAND: GET /session/ffd02ccbd2ef7f94e44a9324fe7b5a64/screenshot - {}
RESULT: {"text":"Equipment"}
COMMAND: GET /session/ffd02ccbd2ef7f94e44a9324fe7b5a64/screenshot - {}
RESULT: {}
RESULT: {}
COMMAND: POST /session/ffd02ccbd2ef7f94e44a9324fe7b5a64/actions - {"actions":[{"id":"action42","type":"key","parameters":{},"actions":[{"type":"keyDown","value":""},{"type":"pause","duration":10},{"type":"keyUp","value":""}]}]}
RESULT: {"actions":[{"id":"action42","type":"key","parameters":{},"actions":[{"type":"keyDown","value":""},{"type":"pause","duration":10},{"type":"keyUp","value":""}]}]}
COMMAND: POST /session/ffd02ccbd2ef7f94e44a9324fe7b5a64/execute/async - {"script":"<script> [1562 bytes]","args":[{"selector":{"id":"application-manageresources-display-component---newResourceUnit--resourceId","interaction":{"idSuffix":"inner"}},"wdio_ui5_key":"applicationmanageresources-display-component---newResourceUnit--resourceId"}]}
COMMAND: GET /session/ffd02ccbd2ef7f94e44a9324fe7b5a64/screenshot - {}
RESULT: {"script":"<script> [1562 bytes]","args":[{"selector":{"id":"application-manageresources-display-component---newResourceUnit--resourceId","interaction":{"idSuffix":"inner"}},"wdio_ui5_key":"applicationmanageresources-display-component---newResourceUnit--resourceId"}]}
RESULT: undefined
COMMAND: POST /session/ffd02ccbd2ef7f94e44a9324fe7b5a64/execute/async - {"script":"<script> [776 bytes]","args":[{"enterText":"wxq4TwpJXD","selector":{"id":"application-manageresources-display-component---newResourceUnit--resourceId","interaction":{"idSuffix":"inner"}},"clearTextFirst":true,"interactionType":"ENTER_TEXT"}]}
RESULT: {}
RESULT: {"script":"<script> [776 bytes]","args":[{"enterText":"wxq4TwpJXD","selector":{"id":"application-manageresources-display-component---newResourceUnit--resourceId","interaction":{"idSuffix":"inner"}},"clearTextFirst":true,"interactionType":"ENTER_TEXT"}]}
COMMAND: POST /session/ffd02ccbd2ef7f94e44a9324fe7b5a64/execute/async - {"script":"<script> [1562 bytes]","args":[{"selector":{"id":"application-manageresources-display-component---newResourceUnit--SHORT_TEXT","interaction":{"idSuffix":"inner"}},"wdio_ui5_key":"applicationmanageresources-display-component---newResourceUnit--SHORT_TEXT"}]}
RESULT: {"script":"<script> [1562 bytes]","args":[{"selector":{"id":"application-manageresources-display-component---newResourceUnit--SHORT_TEXT","interaction":{"idSuffix":"inner"}},"wdio_ui5_key":"applicationmanageresources-display-component---newResourceUnit--SHORT_TEXT"}]}
RESULT: undefined
COMMAND: POST /session/ffd02ccbd2ef7f94e44a9324fe7b5a64/execute/async - {"script":"<script> [776 bytes]","args":[{"enterText":"Intercompany Equipment WDIO","selector":{"id":"application-manageresources-display-component---newResourceUnit--SHORT_TEXT","interaction":{"idSuffix":"inner"}},"clearTextFirst":true,"interactionType":"ENTER_TEXT"}]}
RESULT: {"script":"<script> [776 bytes]","args":[{"enterText":"Intercompany Equipment WDIO","selector":{"id":"application-manageresources-display-component---newResourceUnit--SHORT_TEXT","interaction":{"idSuffix":"inner"}},"clearTextFirst":true,"interactionType":"ENTER_TEXT"}]}
COMMAND: POST /session/ffd02ccbd2ef7f94e44a9324fe7b5a64/execute/async - {"script":"<script> [1562 bytes]","args":[{"selector":{"id":"application-manageresources-display-component---newResourceUnit--BASE_UNIT_OF_MEASURE","interaction":{"idSuffix":"inner"}},"wdio_ui5_key":"applicationmanageresources-display-component---newResourceUnit--BASE_UNIT_OF_MEASURE"}]}
RESULT: {"script":"<script> [1562 bytes]","args":[{"selector":{"id":"application-manageresources-display-component---newResourceUnit--BASE_UNIT_OF_MEASURE","interaction":{"idSuffix":"inner"}},"wdio_ui5_key":"applicationmanageresources-display-component---newResourceUnit--BASE_UNIT_OF_MEASURE"}]}
RESULT: undefined
COMMAND: POST /session/ffd02ccbd2ef7f94e44a9324fe7b5a64/execute/async - {"script":"<script> [776 bytes]","args":[{"enterText":"Piece","selector":{"id":"application-manageresources-display-component---newResourceUnit--BASE_UNIT_OF_MEASURE","interaction":{"idSuffix":"inner"}},"clearTextFirst":true,"interactionType":"ENTER_TEXT"}]}
RESULT: {"script":"<script> [776 bytes]","args":[{"enterText":"Piece","selector":{"id":"application-manageresources-display-component---newResourceUnit--BASE_UNIT_OF_MEASURE","interaction":{"idSuffix":"inner"}},"clearTextFirst":true,"interactionType":"ENTER_TEXT"}]}
COMMAND: POST /session/ffd02ccbd2ef7f94e44a9324fe7b5a64/execute/async - {"script":"<script> [1562 bytes]","args":[{"selector":{"id":"application-manageresources-display-component---newResourceUnit--WEIGHT_UNIT","interaction":{"idSuffix":"inner"}},"wdio_ui5_key":"applicationmanageresources-display-component---newResourceUnit--WEIGHT_UNIT"}]}
RESULT: {"script":"<script> [1562 bytes]","args":[{"selector":{"id":"application-manageresources-display-component---newResourceUnit--WEIGHT_UNIT","interaction":{"idSuffix":"inner"}},"wdio_ui5_key":"applicationmanageresources-display-component---newResourceUnit--WEIGHT_UNIT"}]}
RESULT: undefined
COMMAND: POST /session/ffd02ccbd2ef7f94e44a9324fe7b5a64/execute/async - {"script":"<script> [776 bytes]","args":[{"enterText":"Gram","selector":{"id":"application-manageresources-display-component---newResourceUnit--WEIGHT_UNIT","interaction":{"idSuffix":"inner"}},"clearTextFirst":true,"interactionType":"ENTER_TEXT"}]}
RESULT: {"script":"<script> [776 bytes]","args":[{"enterText":"Gram","selector":{"id":"application-manageresources-display-component---newResourceUnit--WEIGHT_UNIT","interaction":{"idSuffix":"inner"}},"clearTextFirst":true,"interactionType":"ENTER_TEXT"}]}
COMMAND: POST /session/ffd02ccbd2ef7f94e44a9324fe7b5a64/execute/async - {"script":"<script> [1562 bytes]","args":[{"selector":{"id":"application-manageresources-display-component---newResourceUnit--DIMENSION_UNIT","interaction":{"idSuffix":"inner"}},"wdio_ui5_key":"applicationmanageresources-display-component---newResourceUnit--DIMENSION_UNIT"}]}
RESULT: {"script":"<script> [1562 bytes]","args":[{"selector":{"id":"application-manageresources-display-component---newResourceUnit--DIMENSION_UNIT","interaction":{"idSuffix":"inner"}},"wdio_ui5_key":"applicationmanageresources-display-component---newResourceUnit--DIMENSION_UNIT"}]}
RESULT: undefined
COMMAND: POST /session/ffd02ccbd2ef7f94e44a9324fe7b5a64/execute/async - {"script":"<script> [776 bytes]","args":[{"enterText":"Meter","selector":{"id":"application-manageresources-display-component---newResourceUnit--DIMENSION_UNIT","interaction":{"idSuffix":"inner"}},"clearTextFirst":true,"interactionType":"ENTER_TEXT"}]}
RESULT: {"script":"<script> [776 bytes]","args":[{"enterText":"Meter","selector":{"id":"application-manageresources-display-component---newResourceUnit--DIMENSION_UNIT","interaction":{"idSuffix":"inner"}},"clearTextFirst":true,"interactionType":"ENTER_TEXT"}]}
COMMAND: POST /session/ffd02ccbd2ef7f94e44a9324fe7b5a64/execute/async - {"script":"<script> [1562 bytes]","args":[{"selector":{"id":"application-manageresources-display-component---newResourceUnit--newRRUPage-anchBar-application-manageresources-display-component---newResourceUnit--control-anchor","interaction":{"idSuffix":"BDI-content"}},"wdio_ui5_key":"applicationmanageresources-display-component---newResourceUnit--newRRUPage-anchBar-application-manageresources-display-component---newResourceUnit--control-anchor"}]}
RESULT: {"script":"<script> [1562 bytes]","args":[{"selector":{"id":"application-manageresources-display-component---newResourceUnit--newRRUPage-anchBar-application-manageresources-display-component---newResourceUnit--control-anchor","interaction":{"idSuffix":"BDI-content"}},"wdio_ui5_key":"applicationmanageresources-display-component---newResourceUnit--newRRUPage-anchBar-application-manageresources-display-component---newResourceUnit--control-anchor"}]}
RESULT: undefined
COMMAND: POST /session/ffd02ccbd2ef7f94e44a9324fe7b5a64/element - {"using":"xpath","value":"//*[@id=\"application-manageresources-display-component---newResourceUnit--newRRUPage-anchBar-application-manageresources-display-component---newResourceUnit--control-anchor\"]"}
RESULT: {"using":"xpath","value":"//*[@id=\"application-manageresources-display-component---newResourceUnit--newRRUPage-anchBar-application-manageresources-display-component---newResourceUnit--control-anchor\"]"}
COMMAND: POST /session/ffd02ccbd2ef7f94e44a9324fe7b5a64/element/f.96D49A20C494BCF8563860382D93E39E.d.229E7443217FCE321ED8D39A54DCC7F7.e.13624/click - {}
RESULT: {}
COMMAND: POST /session/ffd02ccbd2ef7f94e44a9324fe7b5a64/execute/async - {"script":"<script> [1562 bytes]","args":[{"selector":{"id":"application-manageresources-display-component---newResourceUnit--PLANNING_GROUP","interaction":{"idSuffix":"inner"}},"wdio_ui5_key":"applicationmanageresources-display-component---newResourceUnit--PLANNING_GROUP"}]}
COMMAND: GET /session/ffd02ccbd2ef7f94e44a9324fe7b5a64/screenshot - {}
RESULT: {"script":"<script> [1562 bytes]","args":[{"selector":{"id":"application-manageresources-display-component---newResourceUnit--PLANNING_GROUP","interaction":{"idSuffix":"inner"}},"wdio_ui5_key":"applicationmanageresources-display-component---newResourceUnit--PLANNING_GROUP"}]}
RESULT: undefined
COMMAND: POST /session/ffd02ccbd2ef7f94e44a9324fe7b5a64/execute/async - {"script":"<script> [776 bytes]","args":[{"enterText":"Heavy Equi","selector":{"id":"application-manageresources-display-component---newResourceUnit--PLANNING_GROUP","interaction":{"idSuffix":"inner"}},"clearTextFirst":true,"interactionType":"ENTER_TEXT"}]}
RESULT: {}
RESULT: {"script":"<script> [776 bytes]","args":[{"enterText":"Heavy Equi","selector":{"id":"application-manageresources-display-component---newResourceUnit--PLANNING_GROUP","interaction":{"idSuffix":"inner"}},"clearTextFirst":true,"interactionType":"ENTER_TEXT"}]}
COMMAND: POST /session/ffd02ccbd2ef7f94e44a9324fe7b5a64/execute/async - {"script":"<script> [1562 bytes]","args":[{"selector":{"id":"application-manageresources-display-component---newResourceUnit--ITEM_TYPE-arrow"},"wdio_ui5_key":"applicationmanageresources-display-component---newResourceUnit--ITEM_TYPE-arrow"}]}
RESULT: {"script":"<script> [1562 bytes]","args":[{"selector":{"id":"application-manageresources-display-component---newResourceUnit--ITEM_TYPE-arrow"},"wdio_ui5_key":"applicationmanageresources-display-component---newResourceUnit--ITEM_TYPE-arrow"}]}
RESULT: undefined
COMMAND: POST /session/ffd02ccbd2ef7f94e44a9324fe7b5a64/element - {"using":"xpath","value":"//*[@id=\"application-manageresources-display-component---newResourceUnit--ITEM_TYPE-arrow\"]"}
RESULT: {"using":"xpath","value":"//*[@id=\"application-manageresources-display-component---newResourceUnit--ITEM_TYPE-arrow\"]"}
COMMAND: POST /session/ffd02ccbd2ef7f94e44a9324fe7b5a64/element/f.96D49A20C494BCF8563860382D93E39E.d.229E7443217FCE321ED8D39A54DCC7F7.e.13633/click - {}
RESULT: {}
COMMAND: POST /session/ffd02ccbd2ef7f94e44a9324fe7b5a64/element - {"using":"xpath","value":"(//span[contains(text(), \"Resource Unit\")])[2]"}
COMMAND: GET /session/ffd02ccbd2ef7f94e44a9324fe7b5a64/screenshot - {}
RESULT: {"using":"xpath","value":"(//span[contains(text(), \"Resource Unit\")])[2]"}
COMMAND: POST /session/ffd02ccbd2ef7f94e44a9324fe7b5a64/element/f.96D49A20C494BCF8563860382D93E39E.d.229E7443217FCE321ED8D39A54DCC7F7.e.13634/click - {}
RESULT: {}
RESULT: {}
COMMAND: GET /session/ffd02ccbd2ef7f94e44a9324fe7b5a64/screenshot - {}
RESULT: {}
COMMAND: POST /session/ffd02ccbd2ef7f94e44a9324fe7b5a64/element - {"using":"css selector","value":"#application-manageresources-display-component---newResourceUnit--btnAddTimeSegment"}
RESULT: {"using":"css selector","value":"#application-manageresources-display-component---newResourceUnit--btnAddTimeSegment"}
COMMAND: GET /session/ffd02ccbd2ef7f94e44a9324fe7b5a64/element/f.96D49A20C494BCF8563860382D93E39E.d.229E7443217FCE321ED8D39A54DCC7F7.e.13635/rect - {}
RESULT: {}
COMMAND: GET /session/ffd02ccbd2ef7f94e44a9324fe7b5a64/window/rect - {}
RESULT: {}
COMMAND: POST /session/ffd02ccbd2ef7f94e44a9324fe7b5a64/execute/sync - {"script":"<script> [92 bytes]","args":[]}
RESULT: {"script":"<script> [92 bytes]","args":[]}
COMMAND: POST /session/ffd02ccbd2ef7f94e44a9324fe7b5a64/actions - {"actions":[{"id":"action43","type":"wheel","parameters":{},"actions":[{"type":"scroll","x":-1888,"y":-32,"deltaX":0,"deltaY":0,"duration":0,"origin":{"element-6066-11e4-a52e-4f735466cecf":"f.96D49A20C494BCF8563860382D93E39E.d.229E7443217FCE321ED8D39A54DCC7F7.e.13635"}}]}]}
COMMAND: GET /session/ffd02ccbd2ef7f94e44a9324fe7b5a64/screenshot - {}
RESULT: {}
COMMAND: POST /session/ffd02ccbd2ef7f94e44a9324fe7b5a64/execute/sync - {"script":"<script> [79 bytes]","args":[{"element-6066-11e4-a52e-4f735466cecf":"f.96D49A20C494BCF8563860382D93E39E.d.229E7443217FCE321ED8D39A54DCC7F7.e.13635","ELEMENT":"f.96D49A20C494BCF8563860382D93E39E.d.229E7443217FCE321ED8D39A54DCC7F7.e.13635"},{"block":"start","inline":"nearest"}]}
RESULT: {"script":"<script> [79 bytes]","args":[{"element-6066-11e4-a52e-4f735466cecf":"f.96D49A20C494BCF8563860382D93E39E.d.229E7443217FCE321ED8D39A54DCC7F7.e.13635","ELEMENT":"f.96D49A20C494BCF8563860382D93E39E.d.229E7443217FCE321ED8D39A54DCC7F7.e.13635"},{"block":"start","inline":"nearest"}]}
COMMAND: POST /session/ffd02ccbd2ef7f94e44a9324fe7b5a64/execute/async - {"script":"<script> [1562 bytes]","args":[{"selector":{"id":"application-manageresources-display-component---newResourceUnit--btnAddTimeSegment","interaction":{"idSuffix":"inner"}},"wdio_ui5_key":"applicationmanageresources-display-component---newResourceUnit--btnAddTimeSegment"}]}
COMMAND: GET /session/ffd02ccbd2ef7f94e44a9324fe7b5a64/screenshot - {}
RESULT: {"script":"<script> [1562 bytes]","args":[{"selector":{"id":"application-manageresources-display-component---newResourceUnit--btnAddTimeSegment","interaction":{"idSuffix":"inner"}},"wdio_ui5_key":"applicationmanageresources-display-component---newResourceUnit--btnAddTimeSegment"}]}
RESULT: undefined
COMMAND: POST /session/ffd02ccbd2ef7f94e44a9324fe7b5a64/element - {"using":"xpath","value":"//*[@id=\"application-manageresources-display-component---newResourceUnit--btnAddTimeSegment\"]"}
RESULT: {}
RESULT: {"using":"xpath","value":"//*[@id=\"application-manageresources-display-component---newResourceUnit--btnAddTimeSegment\"]"}
COMMAND: POST /session/ffd02ccbd2ef7f94e44a9324fe7b5a64/element/f.96D49A20C494BCF8563860382D93E39E.d.229E7443217FCE321ED8D39A54DCC7F7.e.13635/click - {}
RESULT: {}
COMMAND: GET /session/ffd02ccbd2ef7f94e44a9324fe7b5a64/screenshot - {}
RESULT: {}
COMMAND: POST /session/ffd02ccbd2ef7f94e44a9324fe7b5a64/element - {"using":"xpath","value":"//input[@id=\"application-manageresources-display-component---newResourceUnit--idRuTSAdmin-application-manageresources-display-component---newResourceUnit--RUTimeSegment-0-inner\"]"}
RESULT: {"using":"xpath","value":"//input[@id=\"application-manageresources-display-component---newResourceUnit--idRuTSAdmin-application-manageresources-display-component---newResourceUnit--RUTimeSegment-0-inner\"]"}
COMMAND: POST /session/ffd02ccbd2ef7f94e44a9324fe7b5a64/element/f.96D49A20C494BCF8563860382D93E39E.d.229E7443217FCE321ED8D39A54DCC7F7.e.13641/clear - {}
RESULT: {}
COMMAND: POST /session/ffd02ccbd2ef7f94e44a9324fe7b5a64/element/f.96D49A20C494BCF8563860382D93E39E.d.229E7443217FCE321ED8D39A54DCC7F7.e.13641/value - {"text":"684"}
COMMAND: GET /session/ffd02ccbd2ef7f94e44a9324fe7b5a64/screenshot - {}
RESULT: {"text":"684"}
COMMAND: GET /session/ffd02ccbd2ef7f94e44a9324fe7b5a64/screenshot - {}
RESULT: {}
RESULT: {}
COMMAND: POST /session/ffd02ccbd2ef7f94e44a9324fe7b5a64/element - {"using":"xpath","value":"//li[.//span[text()='684']]"}
RESULT: {"using":"xpath","value":"//li[.//span[text()='684']]"}
COMMAND: POST /session/ffd02ccbd2ef7f94e44a9324fe7b5a64/element/f.96D49A20C494BCF8563860382D93E39E.d.229E7443217FCE321ED8D39A54DCC7F7.e.13653/click - {}
RESULT: {}
COMMAND: GET /session/ffd02ccbd2ef7f94e44a9324fe7b5a64/screenshot - {}
RESULT: {}
COMMAND: POST /session/ffd02ccbd2ef7f94e44a9324fe7b5a64/element - {"using":"xpath","value":"(//span[contains(@id, \"-application-manageresources-display-component---newResourceUnit--RUTimeSegment-0-arrow\")])[6]"}
RESULT: {"using":"xpath","value":"(//span[contains(@id, \"-application-manageresources-display-component---newResourceUnit--RUTimeSegment-0-arrow\")])[6]"}
COMMAND: POST /session/ffd02ccbd2ef7f94e44a9324fe7b5a64/element/f.96D49A20C494BCF8563860382D93E39E.d.229E7443217FCE321ED8D39A54DCC7F7.e.13654/click - {}
RESULT: {}
COMMAND: GET /session/ffd02ccbd2ef7f94e44a9324fe7b5a64/screenshot - {}
RESULT: {}
COMMAND: POST /session/ffd02ccbd2ef7f94e44a9324fe7b5a64/element - {"using":"xpath","value":"//span[contains(text(), \"PM Order\")]"}
RESULT: {"using":"xpath","value":"//span[contains(text(), \"PM Order\")]"}
COMMAND: POST /session/ffd02ccbd2ef7f94e44a9324fe7b5a64/element/f.96D49A20C494BCF8563860382D93E39E.d.229E7443217FCE321ED8D39A54DCC7F7.e.13657/click - {}
RESULT: {}
COMMAND: GET /session/ffd02ccbd2ef7f94e44a9324fe7b5a64/screenshot - {}
RESULT: {}
COMMAND: POST /session/ffd02ccbd2ef7f94e44a9324fe7b5a64/element - {"using":"xpath","value":"(//span[contains(@id ,\"manageresources-display-component---newResourceUnit--RUTimeSegment-0-vhi\")])[1]"}
RESULT: {"using":"xpath","value":"(//span[contains(@id ,\"manageresources-display-component---newResourceUnit--RUTimeSegment-0-vhi\")])[1]"}
COMMAND: GET /session/ffd02ccbd2ef7f94e44a9324fe7b5a64/element/f.96D49A20C494BCF8563860382D93E39E.d.229E7443217FCE321ED8D39A54DCC7F7.e.13661/rect - {}
RESULT: {}
COMMAND: GET /session/ffd02ccbd2ef7f94e44a9324fe7b5a64/window/rect - {}
RESULT: {}
COMMAND: POST /session/ffd02ccbd2ef7f94e44a9324fe7b5a64/execute/sync - {"script":"<script> [92 bytes]","args":[]}
RESULT: {"script":"<script> [92 bytes]","args":[]}
COMMAND: POST /session/ffd02ccbd2ef7f94e44a9324fe7b5a64/actions - {"actions":[{"id":"action44","type":"wheel","parameters":{},"actions":[{"type":"scroll","x":-869,"y":-24,"deltaX":0,"deltaY":0,"duration":0,"origin":{"element-6066-11e4-a52e-4f735466cecf":"f.96D49A20C494BCF8563860382D93E39E.d.229E7443217FCE321ED8D39A54DCC7F7.e.13661"}}]}]}
COMMAND: GET /session/ffd02ccbd2ef7f94e44a9324fe7b5a64/screenshot - {}
RESULT: {"actions":[{"id":"action44","type":"wheel","parameters":{},"actions":[{"type":"scroll","x":-869,"y":-24,"deltaX":0,"deltaY":0,"duration":0,"origin":{"element-6066-11e4-a52e-4f735466cecf":"f.96D49A20C494BCF8563860382D93E39E.d.229E7443217FCE321ED8D39A54DCC7F7.e.13661"}}]}]}
COMMAND: DELETE /session/ffd02ccbd2ef7f94e44a9324fe7b5a64/actions - {}
COMMAND: GET /session/ffd02ccbd2ef7f94e44a9324fe7b5a64/screenshot - {}
RESULT: {}
RESULT: {}
COMMAND: GET /session/ffd02ccbd2ef7f94e44a9324fe7b5a64/screenshot - {}
RESULT: {}
RESULT: {}
COMMAND: POST /session/ffd02ccbd2ef7f94e44a9324fe7b5a64/element/f.96D49A20C494BCF8563860382D93E39E.d.229E7443217FCE321ED8D39A54DCC7F7.e.13661/click - {}
RESULT: {}
COMMAND: GET /session/ffd02ccbd2ef7f94e44a9324fe7b5a64/screenshot - {}
RESULT: {}
COMMAND: POST /session/ffd02ccbd2ef7f94e44a9324fe7b5a64/execute/async - {"script":"<script> [1562 bytes]","args":[{"selector":{"controlType":"sap.m.SearchField","properties":{"placeholder":"Search"},"searchOpenDialogs":true,"interaction":{"idSuffix":"I"}},"wdio_ui5_key":"sapm.SearchField{\"placeholder\":\"Search\"}"}]}
RESULT: {"script":"<script> [1562 bytes]","args":[{"selector":{"controlType":"sap.m.SearchField","properties":{"placeholder":"Search"},"searchOpenDialogs":true,"interaction":{"idSuffix":"I"}},"wdio_ui5_key":"sapm.SearchField{\"placeholder\":\"Search\"}"}]}
RESULT: undefined
COMMAND: POST /session/ffd02ccbd2ef7f94e44a9324fe7b5a64/execute/async - {"script":"<script> [776 bytes]","args":[{"enterText":"4000360","selector":{"controlType":"sap.m.SearchField","properties":{"placeholder":"Search"},"searchOpenDialogs":true,"interaction":{"idSuffix":"I"}},"clearTextFirst":true,"interactionType":"ENTER_TEXT"}]}
RESULT: {"script":"<script> [776 bytes]","args":[{"enterText":"4000360","selector":{"controlType":"sap.m.SearchField","properties":{"placeholder":"Search"},"searchOpenDialogs":true,"interaction":{"idSuffix":"I"}},"clearTextFirst":true,"interactionType":"ENTER_TEXT"}]}
COMMAND: POST /session/ffd02ccbd2ef7f94e44a9324fe7b5a64/actions - {"actions":[{"id":"action45","type":"key","parameters":{},"actions":[{"type":"keyDown","value":""},{"type":"pause","duration":10},{"type":"keyUp","value":""}]}]}
RESULT: {"actions":[{"id":"action45","type":"key","parameters":{},"actions":[{"type":"keyDown","value":""},{"type":"pause","duration":10},{"type":"keyUp","value":""}]}]}
COMMAND: GET /session/ffd02ccbd2ef7f94e44a9324fe7b5a64/screenshot - {}
RESULT: {}
COMMAND: POST /session/ffd02ccbd2ef7f94e44a9324fe7b5a64/element - {"using":"xpath","value":"//td/div/span[contains(text(), \"BGL Vehicles\")]"}
RESULT: {"using":"xpath","value":"//td/div/span[contains(text(), \"BGL Vehicles\")]"}
COMMAND: POST /session/ffd02ccbd2ef7f94e44a9324fe7b5a64/element/f.96D49A20C494BCF8563860382D93E39E.d.229E7443217FCE321ED8D39A54DCC7F7.e.13683/click - {}
RESULT: {}
COMMAND: GET /session/ffd02ccbd2ef7f94e44a9324fe7b5a64/screenshot - {}
RESULT: {}
COMMAND: POST /session/ffd02ccbd2ef7f94e44a9324fe7b5a64/element - {"using":"xpath","value":"//bdi[contains(text(), \"OK\")]"}
RESULT: {"using":"xpath","value":"//bdi[contains(text(), \"OK\")]"}
COMMAND: POST /session/ffd02ccbd2ef7f94e44a9324fe7b5a64/element/f.96D49A20C494BCF8563860382D93E39E.d.229E7443217FCE321ED8D39A54DCC7F7.e.13684/click - {}
RESULT: {}
COMMAND: GET /session/ffd02ccbd2ef7f94e44a9324fe7b5a64/screenshot - {}
RESULT: {}
COMMAND: POST /session/ffd02ccbd2ef7f94e44a9324fe7b5a64/execute/async - {"script":"<script> [1562 bytes]","args":[{"selector":{"id":"application-manageresources-display-component---newResourceUnit--newRRUPage-anchBar-application-manageresources-display-component---newResourceUnit--resource-anchor","interaction":{"idSuffix":"BDI-content"}},"wdio_ui5_key":"applicationmanageresources-display-component---newResourceUnit--newRRUPage-anchBar-application-manageresources-display-component---newResourceUnit--resource-anchor"}]}
RESULT: {"script":"<script> [1562 bytes]","args":[{"selector":{"id":"application-manageresources-display-component---newResourceUnit--newRRUPage-anchBar-application-manageresources-display-component---newResourceUnit--resource-anchor","interaction":{"idSuffix":"BDI-content"}},"wdio_ui5_key":"applicationmanageresources-display-component---newResourceUnit--newRRUPage-anchBar-application-manageresources-display-component---newResourceUnit--resource-anchor"}]}
RESULT: undefined
COMMAND: POST /session/ffd02ccbd2ef7f94e44a9324fe7b5a64/element - {"using":"xpath","value":"//*[@id=\"application-manageresources-display-component---newResourceUnit--newRRUPage-anchBar-application-manageresources-display-component---newResourceUnit--resource-anchor\"]"}
RESULT: {"using":"xpath","value":"//*[@id=\"application-manageresources-display-component---newResourceUnit--newRRUPage-anchBar-application-manageresources-display-component---newResourceUnit--resource-anchor\"]"}
COMMAND: POST /session/ffd02ccbd2ef7f94e44a9324fe7b5a64/element/f.96D49A20C494BCF8563860382D93E39E.d.229E7443217FCE321ED8D39A54DCC7F7.e.13688/click - {}
RESULT: {}
COMMAND: POST /session/ffd02ccbd2ef7f94e44a9324fe7b5a64/execute/async - {"script":"<script> [1562 bytes]","args":[{"selector":{"id":"application-manageresources-display-component---newResourceUnit--PLANNED_DELIVERY_DATE","interaction":{"idSuffix":"inner"}},"wdio_ui5_key":"applicationmanageresources-display-component---newResourceUnit--PLANNED_DELIVERY_DATE"}]}
COMMAND: GET /session/ffd02ccbd2ef7f94e44a9324fe7b5a64/screenshot - {}
RESULT: {"script":"<script> [1562 bytes]","args":[{"selector":{"id":"application-manageresources-display-component---newResourceUnit--PLANNED_DELIVERY_DATE","interaction":{"idSuffix":"inner"}},"wdio_ui5_key":"applicationmanageresources-display-component---newResourceUnit--PLANNED_DELIVERY_DATE"}]}
RESULT: undefined
COMMAND: POST /session/ffd02ccbd2ef7f94e44a9324fe7b5a64/execute/async - {"script":"<script> [6424 bytes]","args":[{"element-6066-11e4-a52e-4f735466cecf":"f.96D49A20C494BCF8563860382D93E39E.d.229E7443217FCE321ED8D39A54DCC7F7.e.13548"},"setValue",["5/22/25"]]}
RESULT: {}
RESULT: {"script":"<script> [6424 bytes]","args":[{"element-6066-11e4-a52e-4f735466cecf":"f.96D49A20C494BCF8563860382D93E39E.d.229E7443217FCE321ED8D39A54DCC7F7.e.13548"},"setValue",["5/22/25"]]}
COMMAND: POST /session/ffd02ccbd2ef7f94e44a9324fe7b5a64/element - {"using":"xpath","value":"//label[contains(@class, 'sapMLabelRequired') and .//bdi[contains(text(), 'Planned Retirement')]]"}
RESULT: {"using":"xpath","value":"//label[contains(@class, 'sapMLabelRequired') and .//bdi[contains(text(), 'Planned Retirement')]]"}
COMMAND: POST /session/ffd02ccbd2ef7f94e44a9324fe7b5a64/elements - {"using":"xpath","value":"//label[contains(@class, 'sapMLabelRequired') and .//bdi[contains(text(), 'Planned Retirement')]]"}
RESULT: {"using":"xpath","value":"//label[contains(@class, 'sapMLabelRequired') and .//bdi[contains(text(), 'Planned Retirement')]]"}
COMMAND: POST /session/ffd02ccbd2ef7f94e44a9324fe7b5a64/element - {"using":"xpath","value":"//button[@data-kt=\"resourceUnitSaveButton\"]"}
RESULT: {"using":"xpath","value":"//button[@data-kt=\"resourceUnitSaveButton\"]"}
COMMAND: POST /session/ffd02ccbd2ef7f94e44a9324fe7b5a64/element/f.96D49A20C494BCF8563860382D93E39E.d.229E7443217FCE321ED8D39A54DCC7F7.e.13508/click - {}
RESULT: {}
COMMAND: GET /session/ffd02ccbd2ef7f94e44a9324fe7b5a64/screenshot - {}
RESULT: {}
COMMAND: POST /session/ffd02ccbd2ef7f94e44a9324fe7b5a64/element - {"using":"xpath","value":"//bdi[contains(text(), \"Close\")]"}
RESULT: {"using":"xpath","value":"//bdi[contains(text(), \"Close\")]"}
COMMAND: POST /session/ffd02ccbd2ef7f94e44a9324fe7b5a64/element/f.96D49A20C494BCF8563860382D93E39E.d.229E7443217FCE321ED8D39A54DCC7F7.e.13696/click - {}
RESULT: {}
COMMAND: GET /session/ffd02ccbd2ef7f94e44a9324fe7b5a64/screenshot - {}
RESULT: {}
COMMAND: POST /session/ffd02ccbd2ef7f94e44a9324fe7b5a64/element - {"using":"xpath","value":"(//button[contains(@id ,\"actionsToolbar-overflowButton\")])[1]"}
RESULT: {"using":"xpath","value":"(//button[contains(@id ,\"actionsToolbar-overflowButton\")])[1]"}
COMMAND: POST /session/ffd02ccbd2ef7f94e44a9324fe7b5a64/element/f.96D49A20C494BCF8563860382D93E39E.d.229E7443217FCE321ED8D39A54DCC7F7.e.13727/click - {}
RESULT: {}
COMMAND: GET /session/ffd02ccbd2ef7f94e44a9324fe7b5a64/screenshot - {}
RESULT: {}
COMMAND: POST /session/ffd02ccbd2ef7f94e44a9324fe7b5a64/element - {"using":"xpath","value":"//button[@data-kt=\"priceInfoButton\"]"}
RESULT: {"using":"xpath","value":"//button[@data-kt=\"priceInfoButton\"]"}
COMMAND: POST /session/ffd02ccbd2ef7f94e44a9324fe7b5a64/element/f.96D49A20C494BCF8563860382D93E39E.d.229E7443217FCE321ED8D39A54DCC7F7.e.13729/click - {}
RESULT: {}
COMMAND: GET /session/ffd02ccbd2ef7f94e44a9324fe7b5a64/screenshot - {}
]]></system-out>
    </testcase>
    <testcase classname="chrome.136_0_7103_93.windows.Billing_transfer_US117289" name="Should create new pricing rule" time="58.757">
      <system-out><![CDATA[
COMMAND: POST /session/ffd02ccbd2ef7f94e44a9324fe7b5a64/element - {"using":"xpath","value":"//button[@data-kt=\"addButton\"]"}
RESULT: {}
RESULT: {"using":"xpath","value":"//button[@data-kt=\"addButton\"]"}
COMMAND: POST /session/ffd02ccbd2ef7f94e44a9324fe7b5a64/elements - {"using":"xpath","value":"//button[@data-kt=\"addButton\"]"}
RESULT: {"using":"xpath","value":"//button[@data-kt=\"addButton\"]"}
COMMAND: POST /session/ffd02ccbd2ef7f94e44a9324fe7b5a64/elements - {"using":"xpath","value":"//button[@data-kt=\"addButton\"]"}
RESULT: {"using":"xpath","value":"//button[@data-kt=\"addButton\"]"}
COMMAND: POST /session/ffd02ccbd2ef7f94e44a9324fe7b5a64/elements - {"using":"xpath","value":"//button[@data-kt=\"addButton\"]"}
RESULT: {"using":"xpath","value":"//button[@data-kt=\"addButton\"]"}
COMMAND: POST /session/ffd02ccbd2ef7f94e44a9324fe7b5a64/elements - {"using":"xpath","value":"//button[@data-kt=\"addButton\"]"}
RESULT: {"using":"xpath","value":"//button[@data-kt=\"addButton\"]"}
COMMAND: POST /session/ffd02ccbd2ef7f94e44a9324fe7b5a64/elements - {"using":"xpath","value":"//button[@data-kt=\"addButton\"]"}
RESULT: {"using":"xpath","value":"//button[@data-kt=\"addButton\"]"}
COMMAND: POST /session/ffd02ccbd2ef7f94e44a9324fe7b5a64/elements - {"using":"xpath","value":"//button[@data-kt=\"addButton\"]"}
RESULT: {"using":"xpath","value":"//button[@data-kt=\"addButton\"]"}
COMMAND: POST /session/ffd02ccbd2ef7f94e44a9324fe7b5a64/elements - {"using":"xpath","value":"//button[@data-kt=\"addButton\"]"}
RESULT: {"using":"xpath","value":"//button[@data-kt=\"addButton\"]"}
COMMAND: POST /session/ffd02ccbd2ef7f94e44a9324fe7b5a64/elements - {"using":"xpath","value":"//button[@data-kt=\"addButton\"]"}
RESULT: {"using":"xpath","value":"//button[@data-kt=\"addButton\"]"}
COMMAND: POST /session/ffd02ccbd2ef7f94e44a9324fe7b5a64/elements - {"using":"xpath","value":"//button[@data-kt=\"addButton\"]"}
RESULT: {"using":"xpath","value":"//button[@data-kt=\"addButton\"]"}
COMMAND: POST /session/ffd02ccbd2ef7f94e44a9324fe7b5a64/elements - {"using":"xpath","value":"//button[@data-kt=\"addButton\"]"}
RESULT: {"using":"xpath","value":"//button[@data-kt=\"addButton\"]"}
COMMAND: POST /session/ffd02ccbd2ef7f94e44a9324fe7b5a64/elements - {"using":"xpath","value":"//button[@data-kt=\"addButton\"]"}
RESULT: {"using":"xpath","value":"//button[@data-kt=\"addButton\"]"}
COMMAND: POST /session/ffd02ccbd2ef7f94e44a9324fe7b5a64/elements - {"using":"xpath","value":"//button[@data-kt=\"addButton\"]"}
RESULT: {"using":"xpath","value":"//button[@data-kt=\"addButton\"]"}
COMMAND: POST /session/ffd02ccbd2ef7f94e44a9324fe7b5a64/elements - {"using":"xpath","value":"//button[@data-kt=\"addButton\"]"}
RESULT: {"using":"xpath","value":"//button[@data-kt=\"addButton\"]"}
COMMAND: POST /session/ffd02ccbd2ef7f94e44a9324fe7b5a64/element - {"using":"xpath","value":"//button[@data-kt=\"addButton\"]"}
RESULT: {"using":"xpath","value":"//button[@data-kt=\"addButton\"]"}
COMMAND: POST /session/ffd02ccbd2ef7f94e44a9324fe7b5a64/execute/sync - {"script":"<script> [8489 bytes]","args":[{"element-6066-11e4-a52e-4f735466cecf":"f.96D49A20C494BCF8563860382D93E39E.d.229E7443217FCE321ED8D39A54DCC7F7.e.13788","ELEMENT":"f.96D49A20C494BCF8563860382D93E39E.d.229E7443217FCE321ED8D39A54DCC7F7.e.13788"}]}
RESULT: {"script":"<script> [8489 bytes]","args":[{"element-6066-11e4-a52e-4f735466cecf":"f.96D49A20C494BCF8563860382D93E39E.d.229E7443217FCE321ED8D39A54DCC7F7.e.13788","ELEMENT":"f.96D49A20C494BCF8563860382D93E39E.d.229E7443217FCE321ED8D39A54DCC7F7.e.13788"}]}
COMMAND: GET /session/ffd02ccbd2ef7f94e44a9324fe7b5a64/element/f.96D49A20C494BCF8563860382D93E39E.d.229E7443217FCE321ED8D39A54DCC7F7.e.13788/enabled - {}
COMMAND: GET /session/ffd02ccbd2ef7f94e44a9324fe7b5a64/screenshot - {}
RESULT: {}
COMMAND: POST /session/ffd02ccbd2ef7f94e44a9324fe7b5a64/execute/sync - {"script":"<script> [8489 bytes]","args":[{"element-6066-11e4-a52e-4f735466cecf":"f.96D49A20C494BCF8563860382D93E39E.d.229E7443217FCE321ED8D39A54DCC7F7.e.13788","ELEMENT":"f.96D49A20C494BCF8563860382D93E39E.d.229E7443217FCE321ED8D39A54DCC7F7.e.13788"}]}
COMMAND: GET /session/ffd02ccbd2ef7f94e44a9324fe7b5a64/screenshot - {}
RESULT: {}
RESULT: {"script":"<script> [8489 bytes]","args":[{"element-6066-11e4-a52e-4f735466cecf":"f.96D49A20C494BCF8563860382D93E39E.d.229E7443217FCE321ED8D39A54DCC7F7.e.13788","ELEMENT":"f.96D49A20C494BCF8563860382D93E39E.d.229E7443217FCE321ED8D39A54DCC7F7.e.13788"}]}
COMMAND: POST /session/ffd02ccbd2ef7f94e44a9324fe7b5a64/execute/sync - {"script":"<script> [5351 bytes]","args":[{"element-6066-11e4-a52e-4f735466cecf":"f.96D49A20C494BCF8563860382D93E39E.d.229E7443217FCE321ED8D39A54DCC7F7.e.13788","ELEMENT":"f.96D49A20C494BCF8563860382D93E39E.d.229E7443217FCE321ED8D39A54DCC7F7.e.13788"}]}
COMMAND: GET /session/ffd02ccbd2ef7f94e44a9324fe7b5a64/screenshot - {}
RESULT: {}
RESULT: {"script":"<script> [5351 bytes]","args":[{"element-6066-11e4-a52e-4f735466cecf":"f.96D49A20C494BCF8563860382D93E39E.d.229E7443217FCE321ED8D39A54DCC7F7.e.13788","ELEMENT":"f.96D49A20C494BCF8563860382D93E39E.d.229E7443217FCE321ED8D39A54DCC7F7.e.13788"}]}
COMMAND: POST /session/ffd02ccbd2ef7f94e44a9324fe7b5a64/element/f.96D49A20C494BCF8563860382D93E39E.d.229E7443217FCE321ED8D39A54DCC7F7.e.13788/click - {}
COMMAND: GET /session/ffd02ccbd2ef7f94e44a9324fe7b5a64/screenshot - {}
RESULT: {}
RESULT: {}
COMMAND: GET /session/ffd02ccbd2ef7f94e44a9324fe7b5a64/screenshot - {}
RESULT: {}
RESULT: {}
COMMAND: POST /session/ffd02ccbd2ef7f94e44a9324fe7b5a64/execute/async - {"script":"<script> [1562 bytes]","args":[{"selector":{"controlType":"sap.m.Title","viewName":"etm.portal.ui.managepricingrules.view.NewItem","viewId":"application-managepricingrules-display-component---newInfoPriceItem","properties":{"text":"New Pricing Rules - Item Level"}},"wdio_ui5_key":"etmportal.ui.managepricingrules.view.NewItemsap.m.Title{\"text\":\"New Pricing Rules - Item Level\"}"}]}
RESULT: {"script":"<script> [1562 bytes]","args":[{"selector":{"controlType":"sap.m.Title","viewName":"etm.portal.ui.managepricingrules.view.NewItem","viewId":"application-managepricingrules-display-component---newInfoPriceItem","properties":{"text":"New Pricing Rules - Item Level"}},"wdio_ui5_key":"etmportal.ui.managepricingrules.view.NewItemsap.m.Title{\"text\":\"New Pricing Rules - Item Level\"}"}]}
RESULT: undefined
COMMAND: POST /session/ffd02ccbd2ef7f94e44a9324fe7b5a64/execute/async - {"script":"<script> [6424 bytes]","args":[{"element-6066-11e4-a52e-4f735466cecf":"f.96D49A20C494BCF8563860382D93E39E.d.229E7443217FCE321ED8D39A54DCC7F7.e.13914"},"getText",[]]}
RESULT: {"script":"<script> [6424 bytes]","args":[{"element-6066-11e4-a52e-4f735466cecf":"f.96D49A20C494BCF8563860382D93E39E.d.229E7443217FCE321ED8D39A54DCC7F7.e.13914"},"getText",[]]}
COMMAND: POST /session/ffd02ccbd2ef7f94e44a9324fe7b5a64/execute/async - {"script":"<script> [1562 bytes]","args":[{"selector":{"id":"application-managepricingrules-display-component---newInfoPriceItem--condValidTo","interaction":{"idSuffix":"inner"}},"wdio_ui5_key":"applicationmanagepricingrules-display-component---newInfoPriceItem--condValidTo"}]}
RESULT: {"script":"<script> [1562 bytes]","args":[{"selector":{"id":"application-managepricingrules-display-component---newInfoPriceItem--condValidTo","interaction":{"idSuffix":"inner"}},"wdio_ui5_key":"applicationmanagepricingrules-display-component---newInfoPriceItem--condValidTo"}]}
RESULT: undefined
COMMAND: POST /session/ffd02ccbd2ef7f94e44a9324fe7b5a64/execute/async - {"script":"<script> [776 bytes]","args":[{"enterText":"1/22/26","selector":{"id":"application-managepricingrules-display-component---newInfoPriceItem--condValidTo","interaction":{"idSuffix":"inner"}},"clearTextFirst":true,"interactionType":"ENTER_TEXT"}]}
RESULT: {"script":"<script> [776 bytes]","args":[{"enterText":"1/22/26","selector":{"id":"application-managepricingrules-display-component---newInfoPriceItem--condValidTo","interaction":{"idSuffix":"inner"}},"clearTextFirst":true,"interactionType":"ENTER_TEXT"}]}
COMMAND: POST /session/ffd02ccbd2ef7f94e44a9324fe7b5a64/execute/async - {"script":"<script> [1562 bytes]","args":[{"selector":{"id":"application-managepricingrules-display-component---newInfoPriceItem--billType-arrow"},"wdio_ui5_key":"applicationmanagepricingrules-display-component---newInfoPriceItem--billType-arrow"}]}
RESULT: {"script":"<script> [1562 bytes]","args":[{"selector":{"id":"application-managepricingrules-display-component---newInfoPriceItem--billType-arrow"},"wdio_ui5_key":"applicationmanagepricingrules-display-component---newInfoPriceItem--billType-arrow"}]}
RESULT: undefined
COMMAND: POST /session/ffd02ccbd2ef7f94e44a9324fe7b5a64/element - {"using":"xpath","value":"//*[@id=\"application-managepricingrules-display-component---newInfoPriceItem--billType-arrow\"]"}
RESULT: {"using":"xpath","value":"//*[@id=\"application-managepricingrules-display-component---newInfoPriceItem--billType-arrow\"]"}
COMMAND: POST /session/ffd02ccbd2ef7f94e44a9324fe7b5a64/element/f.96D49A20C494BCF8563860382D93E39E.d.229E7443217FCE321ED8D39A54DCC7F7.e.13916/click - {}
RESULT: {}
COMMAND: POST /session/ffd02ccbd2ef7f94e44a9324fe7b5a64/element - {"using":"xpath","value":"//span[contains(text(), \"TB - Time based\")]"}
COMMAND: GET /session/ffd02ccbd2ef7f94e44a9324fe7b5a64/screenshot - {}
RESULT: {"using":"xpath","value":"//span[contains(text(), \"TB - Time based\")]"}
COMMAND: POST /session/ffd02ccbd2ef7f94e44a9324fe7b5a64/element/f.96D49A20C494BCF8563860382D93E39E.d.229E7443217FCE321ED8D39A54DCC7F7.e.13917/click - {}
RESULT: {}
RESULT: {}
COMMAND: POST /session/ffd02ccbd2ef7f94e44a9324fe7b5a64/execute/async - {"script":"<script> [1562 bytes]","args":[{"selector":{"id":"application-managepricingrules-display-component---newInfoPriceItem--priceProc-arrow"},"wdio_ui5_key":"applicationmanagepricingrules-display-component---newInfoPriceItem--priceProc-arrow"}]}
COMMAND: GET /session/ffd02ccbd2ef7f94e44a9324fe7b5a64/screenshot - {}
RESULT: {"script":"<script> [1562 bytes]","args":[{"selector":{"id":"application-managepricingrules-display-component---newInfoPriceItem--priceProc-arrow"},"wdio_ui5_key":"applicationmanagepricingrules-display-component---newInfoPriceItem--priceProc-arrow"}]}
RESULT: undefined
COMMAND: POST /session/ffd02ccbd2ef7f94e44a9324fe7b5a64/element - {"using":"xpath","value":"//*[@id=\"application-managepricingrules-display-component---newInfoPriceItem--priceProc-arrow\"]"}
RESULT: {}
RESULT: {"using":"xpath","value":"//*[@id=\"application-managepricingrules-display-component---newInfoPriceItem--priceProc-arrow\"]"}
COMMAND: POST /session/ffd02ccbd2ef7f94e44a9324fe7b5a64/element/f.96D49A20C494BCF8563860382D93E39E.d.229E7443217FCE321ED8D39A54DCC7F7.e.13918/click - {}
RESULT: {}
COMMAND: POST /session/ffd02ccbd2ef7f94e44a9324fe7b5a64/element - {"using":"xpath","value":"//span[contains(text(), \"TBS - Time based standard\")]"}
COMMAND: GET /session/ffd02ccbd2ef7f94e44a9324fe7b5a64/screenshot - {}
RESULT: {"using":"xpath","value":"//span[contains(text(), \"TBS - Time based standard\")]"}
COMMAND: POST /session/ffd02ccbd2ef7f94e44a9324fe7b5a64/element/f.96D49A20C494BCF8563860382D93E39E.d.229E7443217FCE321ED8D39A54DCC7F7.e.13919/click - {}
RESULT: {}
RESULT: {}
COMMAND: POST /session/ffd02ccbd2ef7f94e44a9324fe7b5a64/execute/async - {"script":"<script> [1562 bytes]","args":[{"selector":{"id":"application-managepricingrules-display-component---newInfoPriceItem--calcBase-arrow"},"wdio_ui5_key":"applicationmanagepricingrules-display-component---newInfoPriceItem--calcBase-arrow"}]}
COMMAND: GET /session/ffd02ccbd2ef7f94e44a9324fe7b5a64/screenshot - {}
RESULT: {"script":"<script> [1562 bytes]","args":[{"selector":{"id":"application-managepricingrules-display-component---newInfoPriceItem--calcBase-arrow"},"wdio_ui5_key":"applicationmanagepricingrules-display-component---newInfoPriceItem--calcBase-arrow"}]}
RESULT: undefined
COMMAND: POST /session/ffd02ccbd2ef7f94e44a9324fe7b5a64/element - {"using":"xpath","value":"//*[@id=\"application-managepricingrules-display-component---newInfoPriceItem--calcBase-arrow\"]"}
RESULT: {}
RESULT: {"using":"xpath","value":"//*[@id=\"application-managepricingrules-display-component---newInfoPriceItem--calcBase-arrow\"]"}
COMMAND: POST /session/ffd02ccbd2ef7f94e44a9324fe7b5a64/element/f.96D49A20C494BCF8563860382D93E39E.d.229E7443217FCE321ED8D39A54DCC7F7.e.13891/click - {}
RESULT: {}
COMMAND: GET /session/ffd02ccbd2ef7f94e44a9324fe7b5a64/screenshot - {}
RESULT: {}
COMMAND: POST /session/ffd02ccbd2ef7f94e44a9324fe7b5a64/element - {"using":"xpath","value":"//span[contains(text(), \"0006 - TB(calendar days)\")]"}
RESULT: {"using":"xpath","value":"//span[contains(text(), \"0006 - TB(calendar days)\")]"}
COMMAND: POST /session/ffd02ccbd2ef7f94e44a9324fe7b5a64/element/f.96D49A20C494BCF8563860382D93E39E.d.229E7443217FCE321ED8D39A54DCC7F7.e.13920/click - {}
RESULT: {}
COMMAND: GET /session/ffd02ccbd2ef7f94e44a9324fe7b5a64/screenshot - {}
RESULT: {}
COMMAND: POST /session/ffd02ccbd2ef7f94e44a9324fe7b5a64/execute/async - {"script":"<script> [1562 bytes]","args":[{"selector":{"id":"application-managepricingrules-display-component---newInfoPriceItem--daysMonth","interaction":{"idSuffix":"inner"}},"wdio_ui5_key":"applicationmanagepricingrules-display-component---newInfoPriceItem--daysMonth"}]}
RESULT: {"script":"<script> [1562 bytes]","args":[{"selector":{"id":"application-managepricingrules-display-component---newInfoPriceItem--daysMonth","interaction":{"idSuffix":"inner"}},"wdio_ui5_key":"applicationmanagepricingrules-display-component---newInfoPriceItem--daysMonth"}]}
RESULT: undefined
COMMAND: POST /session/ffd02ccbd2ef7f94e44a9324fe7b5a64/execute/async - {"script":"<script> [776 bytes]","args":[{"enterText":"30","selector":{"id":"application-managepricingrules-display-component---newInfoPriceItem--daysMonth","interaction":{"idSuffix":"inner"}},"clearTextFirst":true,"interactionType":"ENTER_TEXT"}]}
RESULT: {"script":"<script> [776 bytes]","args":[{"enterText":"30","selector":{"id":"application-managepricingrules-display-component---newInfoPriceItem--daysMonth","interaction":{"idSuffix":"inner"}},"clearTextFirst":true,"interactionType":"ENTER_TEXT"}]}
COMMAND: POST /session/ffd02ccbd2ef7f94e44a9324fe7b5a64/element - {"using":"xpath","value":"//button[@data-kt=\"saveNewRuleButton\"]"}
RESULT: {"using":"xpath","value":"//button[@data-kt=\"saveNewRuleButton\"]"}
COMMAND: POST /session/ffd02ccbd2ef7f94e44a9324fe7b5a64/element/f.96D49A20C494BCF8563860382D93E39E.d.229E7443217FCE321ED8D39A54DCC7F7.e.13903/click - {}
RESULT: {}
COMMAND: GET /session/ffd02ccbd2ef7f94e44a9324fe7b5a64/screenshot - {}
RESULT: {}
COMMAND: POST /session/ffd02ccbd2ef7f94e44a9324fe7b5a64/execute/async - {"script":"<script> [1562 bytes]","args":[{"selector":{"id":"application-managepricingrules-display-component---priceInfoItem--smartFilterBar-btnBasicSearch","interaction":{"idSuffix":"I"}},"wdio_ui5_key":"applicationmanagepricingrules-display-component---priceInfoItem--smartFilterBar-btnBasicSearch"}]}
RESULT: {"script":"<script> [1562 bytes]","args":[{"selector":{"id":"application-managepricingrules-display-component---priceInfoItem--smartFilterBar-btnBasicSearch","interaction":{"idSuffix":"I"}},"wdio_ui5_key":"applicationmanagepricingrules-display-component---priceInfoItem--smartFilterBar-btnBasicSearch"}]}
RESULT: undefined
COMMAND: POST /session/ffd02ccbd2ef7f94e44a9324fe7b5a64/execute/async - {"script":"<script> [776 bytes]","args":[{"enterText":"wxq4TwpJXD","selector":{"id":"application-managepricingrules-display-component---priceInfoItem--smartFilterBar-btnBasicSearch","interaction":{"idSuffix":"I"}},"clearTextFirst":true,"interactionType":"ENTER_TEXT"}]}
RESULT: {"script":"<script> [776 bytes]","args":[{"enterText":"wxq4TwpJXD","selector":{"id":"application-managepricingrules-display-component---priceInfoItem--smartFilterBar-btnBasicSearch","interaction":{"idSuffix":"I"}},"clearTextFirst":true,"interactionType":"ENTER_TEXT"}]}
COMMAND: POST /session/ffd02ccbd2ef7f94e44a9324fe7b5a64/actions - {"actions":[{"id":"action46","type":"key","parameters":{},"actions":[{"type":"keyDown","value":""},{"type":"pause","duration":10},{"type":"keyUp","value":""}]}]}
RESULT: {"actions":[{"id":"action46","type":"key","parameters":{},"actions":[{"type":"keyDown","value":""},{"type":"pause","duration":10},{"type":"keyUp","value":""}]}]}
COMMAND: GET /session/ffd02ccbd2ef7f94e44a9324fe7b5a64/screenshot - {}
RESULT: {}
COMMAND: POST /session/ffd02ccbd2ef7f94e44a9324fe7b5a64/element - {"using":"xpath","value":"//span[@id=\"application-managepricingrules-display-component---priceInfoItem--smartTable-header-inner\"]"}
RESULT: {"using":"xpath","value":"//span[@id=\"application-managepricingrules-display-component---priceInfoItem--smartTable-header-inner\"]"}
COMMAND: POST /session/ffd02ccbd2ef7f94e44a9324fe7b5a64/elements - {"using":"xpath","value":"//span[@id=\"application-managepricingrules-display-component---priceInfoItem--smartTable-header-inner\"]"}
RESULT: {"using":"xpath","value":"//span[@id=\"application-managepricingrules-display-component---priceInfoItem--smartTable-header-inner\"]"}
COMMAND: POST /session/ffd02ccbd2ef7f94e44a9324fe7b5a64/execute/sync - {"script":"<script> [56 bytes]","args":[{"element-6066-11e4-a52e-4f735466cecf":"f.96D49A20C494BCF8563860382D93E39E.d.229E7443217FCE321ED8D39A54DCC7F7.e.13939","ELEMENT":"f.96D49A20C494BCF8563860382D93E39E.d.229E7443217FCE321ED8D39A54DCC7F7.e.13939"}]}
RESULT: {"script":"<script> [56 bytes]","args":[{"element-6066-11e4-a52e-4f735466cecf":"f.96D49A20C494BCF8563860382D93E39E.d.229E7443217FCE321ED8D39A54DCC7F7.e.13939","ELEMENT":"f.96D49A20C494BCF8563860382D93E39E.d.229E7443217FCE321ED8D39A54DCC7F7.e.13939"}]}
COMMAND: POST /session/ffd02ccbd2ef7f94e44a9324fe7b5a64/element - {"using":"css selector","value":"#shell-header-logo"}
COMMAND: GET /session/ffd02ccbd2ef7f94e44a9324fe7b5a64/screenshot - {}
RESULT: {"using":"css selector","value":"#shell-header-logo"}
COMMAND: POST /session/ffd02ccbd2ef7f94e44a9324fe7b5a64/element/f.96D49A20C494BCF8563860382D93E39E.d.229E7443217FCE321ED8D39A54DCC7F7.e.13287/click - {}
RESULT: {}
RESULT: {}
COMMAND: GET /session/ffd02ccbd2ef7f94e44a9324fe7b5a64/screenshot - {}
RESULT: {}
]]></system-out>
    </testcase>
    <testcase classname="chrome.136_0_7103_93.windows.Billing_transfer_US117289" name="Should create new condition for equipment" time="69.373">
      <system-out><![CDATA[
COMMAND: POST /session/ffd02ccbd2ef7f94e44a9324fe7b5a64/execute/async - {"script":"<script> [1562 bytes]","args":[{"selector":{"controlType":"sap.m.GenericTile","properties":{"header":"Manage Conditions & Prices"}},"wdio_ui5_key":"sapm.GenericTile{\"header\":\"Manage Conditions & Prices\"}"}]}
RESULT: {"script":"<script> [1562 bytes]","args":[{"selector":{"controlType":"sap.m.GenericTile","properties":{"header":"Manage Conditions & Prices"}},"wdio_ui5_key":"sapm.GenericTile{\"header\":\"Manage Conditions & Prices\"}"}]}
RESULT: undefined
COMMAND: POST /session/ffd02ccbd2ef7f94e44a9324fe7b5a64/element - {"using":"xpath","value":"//*[@id=\"__tile53\"]"}
RESULT: {"using":"xpath","value":"//*[@id=\"__tile53\"]"}
COMMAND: POST /session/ffd02ccbd2ef7f94e44a9324fe7b5a64/element/f.96D49A20C494BCF8563860382D93E39E.d.229E7443217FCE321ED8D39A54DCC7F7.e.13225/click - {}
RESULT: {}
COMMAND: GET /session/ffd02ccbd2ef7f94e44a9324fe7b5a64/screenshot - {}
RESULT: {}
COMMAND: POST /session/ffd02ccbd2ef7f94e44a9324fe7b5a64/elements - {"using":"xpath","value":"//span[text()='Error']"}
RESULT: {"using":"xpath","value":"//span[text()='Error']"}
COMMAND: POST /session/ffd02ccbd2ef7f94e44a9324fe7b5a64/element - {"using":"xpath","value":"//button[@aria-label=\"Create\"]"}
RESULT: {"using":"xpath","value":"//button[@aria-label=\"Create\"]"}
COMMAND: POST /session/ffd02ccbd2ef7f94e44a9324fe7b5a64/elements - {"using":"xpath","value":"//button[@aria-label=\"Create\"]"}
RESULT: {"using":"xpath","value":"//button[@aria-label=\"Create\"]"}
COMMAND: POST /session/ffd02ccbd2ef7f94e44a9324fe7b5a64/execute/sync - {"script":"<script> [8489 bytes]","args":[{"element-6066-11e4-a52e-4f735466cecf":"f.96D49A20C494BCF8563860382D93E39E.d.229E7443217FCE321ED8D39A54DCC7F7.e.13974","ELEMENT":"f.96D49A20C494BCF8563860382D93E39E.d.229E7443217FCE321ED8D39A54DCC7F7.e.13974"}]}
RESULT: {"script":"<script> [8489 bytes]","args":[{"element-6066-11e4-a52e-4f735466cecf":"f.96D49A20C494BCF8563860382D93E39E.d.229E7443217FCE321ED8D39A54DCC7F7.e.13974","ELEMENT":"f.96D49A20C494BCF8563860382D93E39E.d.229E7443217FCE321ED8D39A54DCC7F7.e.13974"}]}
COMMAND: GET /session/ffd02ccbd2ef7f94e44a9324fe7b5a64/element/f.96D49A20C494BCF8563860382D93E39E.d.229E7443217FCE321ED8D39A54DCC7F7.e.13974/enabled - {}
COMMAND: GET /session/ffd02ccbd2ef7f94e44a9324fe7b5a64/screenshot - {}
RESULT: {}
COMMAND: POST /session/ffd02ccbd2ef7f94e44a9324fe7b5a64/execute/sync - {"script":"<script> [8489 bytes]","args":[{"element-6066-11e4-a52e-4f735466cecf":"f.96D49A20C494BCF8563860382D93E39E.d.229E7443217FCE321ED8D39A54DCC7F7.e.13974","ELEMENT":"f.96D49A20C494BCF8563860382D93E39E.d.229E7443217FCE321ED8D39A54DCC7F7.e.13974"}]}
COMMAND: GET /session/ffd02ccbd2ef7f94e44a9324fe7b5a64/screenshot - {}
RESULT: {}
RESULT: {"script":"<script> [8489 bytes]","args":[{"element-6066-11e4-a52e-4f735466cecf":"f.96D49A20C494BCF8563860382D93E39E.d.229E7443217FCE321ED8D39A54DCC7F7.e.13974","ELEMENT":"f.96D49A20C494BCF8563860382D93E39E.d.229E7443217FCE321ED8D39A54DCC7F7.e.13974"}]}
COMMAND: POST /session/ffd02ccbd2ef7f94e44a9324fe7b5a64/execute/sync - {"script":"<script> [5351 bytes]","args":[{"element-6066-11e4-a52e-4f735466cecf":"f.96D49A20C494BCF8563860382D93E39E.d.229E7443217FCE321ED8D39A54DCC7F7.e.13974","ELEMENT":"f.96D49A20C494BCF8563860382D93E39E.d.229E7443217FCE321ED8D39A54DCC7F7.e.13974"}]}
COMMAND: GET /session/ffd02ccbd2ef7f94e44a9324fe7b5a64/screenshot - {}
RESULT: {}
RESULT: {"script":"<script> [5351 bytes]","args":[{"element-6066-11e4-a52e-4f735466cecf":"f.96D49A20C494BCF8563860382D93E39E.d.229E7443217FCE321ED8D39A54DCC7F7.e.13974","ELEMENT":"f.96D49A20C494BCF8563860382D93E39E.d.229E7443217FCE321ED8D39A54DCC7F7.e.13974"}]}
COMMAND: POST /session/ffd02ccbd2ef7f94e44a9324fe7b5a64/element/f.96D49A20C494BCF8563860382D93E39E.d.229E7443217FCE321ED8D39A54DCC7F7.e.13974/click - {}
COMMAND: GET /session/ffd02ccbd2ef7f94e44a9324fe7b5a64/screenshot - {}
RESULT: {}
RESULT: {}
COMMAND: GET /session/ffd02ccbd2ef7f94e44a9324fe7b5a64/screenshot - {}
RESULT: {}
RESULT: {}
COMMAND: POST /session/ffd02ccbd2ef7f94e44a9324fe7b5a64/actions - {"actions":[{"id":"action47","type":"key","parameters":{},"actions":[{"type":"keyDown","value":""},{"type":"pause","duration":10},{"type":"keyUp","value":""}]}]}
RESULT: {"actions":[{"id":"action47","type":"key","parameters":{},"actions":[{"type":"keyDown","value":""},{"type":"pause","duration":10},{"type":"keyUp","value":""}]}]}
COMMAND: GET /session/ffd02ccbd2ef7f94e44a9324fe7b5a64/screenshot - {}
RESULT: {}
COMMAND: POST /session/ffd02ccbd2ef7f94e44a9324fe7b5a64/execute/async - {"script":"<script> [1562 bytes]","args":[{"selector":{"id":"application-manageconditionprice-display-component---newCondition--condBillCond-arrow"},"wdio_ui5_key":"applicationmanageconditionprice-display-component---newCondition--condBillCond-arrow"}]}
RESULT: {"script":"<script> [1562 bytes]","args":[{"selector":{"id":"application-manageconditionprice-display-component---newCondition--condBillCond-arrow"},"wdio_ui5_key":"applicationmanageconditionprice-display-component---newCondition--condBillCond-arrow"}]}
RESULT: undefined
COMMAND: POST /session/ffd02ccbd2ef7f94e44a9324fe7b5a64/element - {"using":"xpath","value":"//*[@id=\"application-manageconditionprice-display-component---newCondition--condBillCond-arrow\"]"}
RESULT: {"using":"xpath","value":"//*[@id=\"application-manageconditionprice-display-component---newCondition--condBillCond-arrow\"]"}
COMMAND: POST /session/ffd02ccbd2ef7f94e44a9324fe7b5a64/element/f.96D49A20C494BCF8563860382D93E39E.d.229E7443217FCE321ED8D39A54DCC7F7.e.14153/click - {}
RESULT: {}
COMMAND: GET /session/ffd02ccbd2ef7f94e44a9324fe7b5a64/screenshot - {}
RESULT: {}
COMMAND: POST /session/ffd02ccbd2ef7f94e44a9324fe7b5a64/element - {"using":"xpath","value":"//li[.//span[contains(text(), \"DISP - D&I special price\")]]"}
RESULT: {"using":"xpath","value":"//li[.//span[contains(text(), \"DISP - D&I special price\")]]"}
COMMAND: POST /session/ffd02ccbd2ef7f94e44a9324fe7b5a64/element/f.96D49A20C494BCF8563860382D93E39E.d.229E7443217FCE321ED8D39A54DCC7F7.e.14157/click - {}
RESULT: {}
COMMAND: GET /session/ffd02ccbd2ef7f94e44a9324fe7b5a64/screenshot - {}
RESULT: {}
COMMAND: POST /session/ffd02ccbd2ef7f94e44a9324fe7b5a64/execute/async - {"script":"<script> [1562 bytes]","args":[{"selector":{"id":"application-manageconditionprice-display-component---newCondition--condValidTo","interaction":{"idSuffix":"inner"}},"wdio_ui5_key":"applicationmanageconditionprice-display-component---newCondition--condValidTo"}]}
RESULT: {"script":"<script> [1562 bytes]","args":[{"selector":{"id":"application-manageconditionprice-display-component---newCondition--condValidTo","interaction":{"idSuffix":"inner"}},"wdio_ui5_key":"applicationmanageconditionprice-display-component---newCondition--condValidTo"}]}
RESULT: undefined
COMMAND: POST /session/ffd02ccbd2ef7f94e44a9324fe7b5a64/execute/async - {"script":"<script> [776 bytes]","args":[{"enterText":"1/22/26","selector":{"id":"application-manageconditionprice-display-component---newCondition--condValidTo","interaction":{"idSuffix":"inner"}},"clearTextFirst":true,"interactionType":"ENTER_TEXT"}]}
RESULT: {"script":"<script> [776 bytes]","args":[{"enterText":"1/22/26","selector":{"id":"application-manageconditionprice-display-component---newCondition--condValidTo","interaction":{"idSuffix":"inner"}},"clearTextFirst":true,"interactionType":"ENTER_TEXT"}]}
COMMAND: POST /session/ffd02ccbd2ef7f94e44a9324fe7b5a64/element - {"using":"xpath","value":"//input[@id=\"application-manageconditionprice-display-component---newCondition--condRU-inner\"]"}
RESULT: {"using":"xpath","value":"//input[@id=\"application-manageconditionprice-display-component---newCondition--condRU-inner\"]"}
COMMAND: POST /session/ffd02ccbd2ef7f94e44a9324fe7b5a64/element/f.96D49A20C494BCF8563860382D93E39E.d.229E7443217FCE321ED8D39A54DCC7F7.e.14019/clear - {}
RESULT: {}
COMMAND: POST /session/ffd02ccbd2ef7f94e44a9324fe7b5a64/element/f.96D49A20C494BCF8563860382D93E39E.d.229E7443217FCE321ED8D39A54DCC7F7.e.14019/value - {"text":"wxq4TwpJXD"}
COMMAND: GET /session/ffd02ccbd2ef7f94e44a9324fe7b5a64/screenshot - {}
RESULT: {"text":"wxq4TwpJXD"}
COMMAND: GET /session/ffd02ccbd2ef7f94e44a9324fe7b5a64/screenshot - {}
RESULT: {}
RESULT: {}
COMMAND: POST /session/ffd02ccbd2ef7f94e44a9324fe7b5a64/actions - {"actions":[{"id":"action48","type":"key","parameters":{},"actions":[{"type":"keyDown","value":""},{"type":"pause","duration":10},{"type":"keyUp","value":""}]}]}
RESULT: {"actions":[{"id":"action48","type":"key","parameters":{},"actions":[{"type":"keyDown","value":""},{"type":"pause","duration":10},{"type":"keyUp","value":""}]}]}
COMMAND: POST /session/ffd02ccbd2ef7f94e44a9324fe7b5a64/execute/async - {"script":"<script> [1562 bytes]","args":[{"selector":{"id":"application-manageconditionprice-display-component---newCondition--condBaseQty","interaction":{"idSuffix":"inner"}},"wdio_ui5_key":"applicationmanageconditionprice-display-component---newCondition--condBaseQty"}]}
COMMAND: GET /session/ffd02ccbd2ef7f94e44a9324fe7b5a64/screenshot - {}
RESULT: {"script":"<script> [1562 bytes]","args":[{"selector":{"id":"application-manageconditionprice-display-component---newCondition--condBaseQty","interaction":{"idSuffix":"inner"}},"wdio_ui5_key":"applicationmanageconditionprice-display-component---newCondition--condBaseQty"}]}
RESULT: undefined
COMMAND: POST /session/ffd02ccbd2ef7f94e44a9324fe7b5a64/execute/async - {"script":"<script> [776 bytes]","args":[{"enterText":"1","selector":{"id":"application-manageconditionprice-display-component---newCondition--condBaseQty","interaction":{"idSuffix":"inner"}},"clearTextFirst":true,"interactionType":"ENTER_TEXT"}]}
RESULT: {}
RESULT: {"script":"<script> [776 bytes]","args":[{"enterText":"1","selector":{"id":"application-manageconditionprice-display-component---newCondition--condBaseQty","interaction":{"idSuffix":"inner"}},"clearTextFirst":true,"interactionType":"ENTER_TEXT"}]}
COMMAND: POST /session/ffd02ccbd2ef7f94e44a9324fe7b5a64/execute/async - {"script":"<script> [1562 bytes]","args":[{"selector":{"id":"application-manageconditionprice-display-component---newCondition--condValue","interaction":{"idSuffix":"inner"}},"wdio_ui5_key":"applicationmanageconditionprice-display-component---newCondition--condValue"}]}
RESULT: {"script":"<script> [1562 bytes]","args":[{"selector":{"id":"application-manageconditionprice-display-component---newCondition--condValue","interaction":{"idSuffix":"inner"}},"wdio_ui5_key":"applicationmanageconditionprice-display-component---newCondition--condValue"}]}
RESULT: undefined
COMMAND: POST /session/ffd02ccbd2ef7f94e44a9324fe7b5a64/execute/async - {"script":"<script> [776 bytes]","args":[{"enterText":"100","selector":{"id":"application-manageconditionprice-display-component---newCondition--condValue","interaction":{"idSuffix":"inner"}},"clearTextFirst":true,"interactionType":"ENTER_TEXT"}]}
RESULT: {"script":"<script> [776 bytes]","args":[{"enterText":"100","selector":{"id":"application-manageconditionprice-display-component---newCondition--condValue","interaction":{"idSuffix":"inner"}},"clearTextFirst":true,"interactionType":"ENTER_TEXT"}]}
COMMAND: POST /session/ffd02ccbd2ef7f94e44a9324fe7b5a64/execute/async - {"script":"<script> [1562 bytes]","args":[{"selector":{"id":"application-manageconditionprice-display-component---newCondition--condCurr-arrow"},"wdio_ui5_key":"applicationmanageconditionprice-display-component---newCondition--condCurr-arrow"}]}
RESULT: {"script":"<script> [1562 bytes]","args":[{"selector":{"id":"application-manageconditionprice-display-component---newCondition--condCurr-arrow"},"wdio_ui5_key":"applicationmanageconditionprice-display-component---newCondition--condCurr-arrow"}]}
RESULT: undefined
COMMAND: POST /session/ffd02ccbd2ef7f94e44a9324fe7b5a64/element - {"using":"xpath","value":"//*[@id=\"application-manageconditionprice-display-component---newCondition--condCurr-arrow\"]"}
RESULT: {"using":"xpath","value":"//*[@id=\"application-manageconditionprice-display-component---newCondition--condCurr-arrow\"]"}
COMMAND: POST /session/ffd02ccbd2ef7f94e44a9324fe7b5a64/element/f.96D49A20C494BCF8563860382D93E39E.d.229E7443217FCE321ED8D39A54DCC7F7.e.14138/click - {}
RESULT: {}
COMMAND: POST /session/ffd02ccbd2ef7f94e44a9324fe7b5a64/element - {"using":"xpath","value":"//span[contains(text(), \"Euro\")]"}
COMMAND: GET /session/ffd02ccbd2ef7f94e44a9324fe7b5a64/screenshot - {}
RESULT: {"using":"xpath","value":"//span[contains(text(), \"Euro\")]"}
COMMAND: POST /session/ffd02ccbd2ef7f94e44a9324fe7b5a64/element/f.96D49A20C494BCF8563860382D93E39E.d.229E7443217FCE321ED8D39A54DCC7F7.e.14194/click - {}
RESULT: {}
RESULT: {}
COMMAND: POST /session/ffd02ccbd2ef7f94e44a9324fe7b5a64/element - {"using":"xpath","value":"//button[@data-kt=\"saveButton\"]"}
COMMAND: GET /session/ffd02ccbd2ef7f94e44a9324fe7b5a64/screenshot - {}
RESULT: {"using":"xpath","value":"//button[@data-kt=\"saveButton\"]"}
COMMAND: POST /session/ffd02ccbd2ef7f94e44a9324fe7b5a64/element/f.96D49A20C494BCF8563860382D93E39E.d.229E7443217FCE321ED8D39A54DCC7F7.e.14139/click - {}
RESULT: {}
RESULT: {}
COMMAND: GET /session/ffd02ccbd2ef7f94e44a9324fe7b5a64/screenshot - {}
RESULT: {}
COMMAND: POST /session/ffd02ccbd2ef7f94e44a9324fe7b5a64/execute/async - {"script":"<script> [1562 bytes]","args":[{"selector":{"id":"application-manageconditionprice-display-component---conditions--smartFilterBar-btnBasicSearch","interaction":{"idSuffix":"I"}},"wdio_ui5_key":"applicationmanageconditionprice-display-component---conditions--smartFilterBar-btnBasicSearch"}]}
RESULT: {"script":"<script> [1562 bytes]","args":[{"selector":{"id":"application-manageconditionprice-display-component---conditions--smartFilterBar-btnBasicSearch","interaction":{"idSuffix":"I"}},"wdio_ui5_key":"applicationmanageconditionprice-display-component---conditions--smartFilterBar-btnBasicSearch"}]}
RESULT: undefined
COMMAND: POST /session/ffd02ccbd2ef7f94e44a9324fe7b5a64/execute/async - {"script":"<script> [776 bytes]","args":[{"enterText":"wxq4TwpJXD","selector":{"id":"application-manageconditionprice-display-component---conditions--smartFilterBar-btnBasicSearch","interaction":{"idSuffix":"I"}},"clearTextFirst":true,"interactionType":"ENTER_TEXT"}]}
RESULT: {"script":"<script> [776 bytes]","args":[{"enterText":"wxq4TwpJXD","selector":{"id":"application-manageconditionprice-display-component---conditions--smartFilterBar-btnBasicSearch","interaction":{"idSuffix":"I"}},"clearTextFirst":true,"interactionType":"ENTER_TEXT"}]}
COMMAND: POST /session/ffd02ccbd2ef7f94e44a9324fe7b5a64/actions - {"actions":[{"id":"action49","type":"key","parameters":{},"actions":[{"type":"keyDown","value":""},{"type":"pause","duration":10},{"type":"keyUp","value":""}]}]}
RESULT: {"actions":[{"id":"action49","type":"key","parameters":{},"actions":[{"type":"keyDown","value":""},{"type":"pause","duration":10},{"type":"keyUp","value":""}]}]}
COMMAND: GET /session/ffd02ccbd2ef7f94e44a9324fe7b5a64/screenshot - {}
RESULT: {}
COMMAND: POST /session/ffd02ccbd2ef7f94e44a9324fe7b5a64/execute/async - {"script":"<script> [1562 bytes]","args":[{"selector":{"id":"application-manageconditionprice-display-component---conditions--smartFilterBar-filterItemControl_BASIC-BILL_TYPES-vhi"},"wdio_ui5_key":"applicationmanageconditionprice-display-component---conditions--smartFilterBar-filterItemControl_BASIC-BILL_TYPES-vhi"}]}
RESULT: {"script":"<script> [1562 bytes]","args":[{"selector":{"id":"application-manageconditionprice-display-component---conditions--smartFilterBar-filterItemControl_BASIC-BILL_TYPES-vhi"},"wdio_ui5_key":"applicationmanageconditionprice-display-component---conditions--smartFilterBar-filterItemControl_BASIC-BILL_TYPES-vhi"}]}
RESULT: undefined
COMMAND: POST /session/ffd02ccbd2ef7f94e44a9324fe7b5a64/element - {"using":"xpath","value":"//*[@id=\"application-manageconditionprice-display-component---conditions--smartFilterBar-filterItemControl_BASIC-BILL_TYPES-vhi\"]"}
RESULT: {"using":"xpath","value":"//*[@id=\"application-manageconditionprice-display-component---conditions--smartFilterBar-filterItemControl_BASIC-BILL_TYPES-vhi\"]"}
COMMAND: POST /session/ffd02ccbd2ef7f94e44a9324fe7b5a64/element/f.96D49A20C494BCF8563860382D93E39E.d.229E7443217FCE321ED8D39A54DCC7F7.e.14300/click - {}
RESULT: {}
COMMAND: POST /session/ffd02ccbd2ef7f94e44a9324fe7b5a64/execute/async - {"script":"<script> [1562 bytes]","args":[{"selector":{"id":"application-manageconditionprice-display-component---conditions--smartFilterBar-filterItemControl_BASIC-BILL_TYPES-valueHelpDialog-smartFilterBar-btnBasicSearch","searchOpenDialogs":true,"interaction":{"idSuffix":"I"}},"wdio_ui5_key":"applicationmanageconditionprice-display-component---conditions--smartFilterBar-filterItemControl_BASIC-BILL_TYPES-valueHelpDialog-smartFilterBar-btnBasicSearch"}]}
COMMAND: GET /session/ffd02ccbd2ef7f94e44a9324fe7b5a64/screenshot - {}
RESULT: {"script":"<script> [1562 bytes]","args":[{"selector":{"id":"application-manageconditionprice-display-component---conditions--smartFilterBar-filterItemControl_BASIC-BILL_TYPES-valueHelpDialog-smartFilterBar-btnBasicSearch","searchOpenDialogs":true,"interaction":{"idSuffix":"I"}},"wdio_ui5_key":"applicationmanageconditionprice-display-component---conditions--smartFilterBar-filterItemControl_BASIC-BILL_TYPES-valueHelpDialog-smartFilterBar-btnBasicSearch"}]}
RESULT: undefined
COMMAND: POST /session/ffd02ccbd2ef7f94e44a9324fe7b5a64/execute/async - {"script":"<script> [776 bytes]","args":[{"enterText":"TB","selector":{"id":"application-manageconditionprice-display-component---conditions--smartFilterBar-filterItemControl_BASIC-BILL_TYPES-valueHelpDialog-smartFilterBar-btnBasicSearch","searchOpenDialogs":true,"interaction":{"idSuffix":"I"}},"clearTextFirst":true,"interactionType":"ENTER_TEXT"}]}
RESULT: {}
RESULT: {"script":"<script> [776 bytes]","args":[{"enterText":"TB","selector":{"id":"application-manageconditionprice-display-component---conditions--smartFilterBar-filterItemControl_BASIC-BILL_TYPES-valueHelpDialog-smartFilterBar-btnBasicSearch","searchOpenDialogs":true,"interaction":{"idSuffix":"I"}},"clearTextFirst":true,"interactionType":"ENTER_TEXT"}]}
COMMAND: POST /session/ffd02ccbd2ef7f94e44a9324fe7b5a64/actions - {"actions":[{"id":"action50","type":"key","parameters":{},"actions":[{"type":"keyDown","value":""},{"type":"pause","duration":10},{"type":"keyUp","value":""}]}]}
RESULT: {"actions":[{"id":"action50","type":"key","parameters":{},"actions":[{"type":"keyDown","value":""},{"type":"pause","duration":10},{"type":"keyUp","value":""}]}]}
COMMAND: GET /session/ffd02ccbd2ef7f94e44a9324fe7b5a64/screenshot - {}
RESULT: {}
COMMAND: POST /session/ffd02ccbd2ef7f94e44a9324fe7b5a64/element - {"using":"xpath","value":"//div[contains(@id, 'application-manageconditionprice-display-component---conditions--smartFilterBar-filterItemControl_BASIC-BILL_TYPES-valueHelpDialog-table-rowsel0')]"}
RESULT: {"using":"xpath","value":"//div[contains(@id, 'application-manageconditionprice-display-component---conditions--smartFilterBar-filterItemControl_BASIC-BILL_TYPES-valueHelpDialog-table-rowsel0')]"}
COMMAND: POST /session/ffd02ccbd2ef7f94e44a9324fe7b5a64/element/f.96D49A20C494BCF8563860382D93E39E.d.229E7443217FCE321ED8D39A54DCC7F7.e.14310/click - {}
RESULT: {}
COMMAND: GET /session/ffd02ccbd2ef7f94e44a9324fe7b5a64/screenshot - {}
RESULT: {}
COMMAND: POST /session/ffd02ccbd2ef7f94e44a9324fe7b5a64/element - {"using":"xpath","value":"//bdi[contains(text(), \"OK\")]"}
RESULT: {"using":"xpath","value":"//bdi[contains(text(), \"OK\")]"}
COMMAND: POST /session/ffd02ccbd2ef7f94e44a9324fe7b5a64/element/f.96D49A20C494BCF8563860382D93E39E.d.229E7443217FCE321ED8D39A54DCC7F7.e.14312/click - {}
RESULT: {}
COMMAND: GET /session/ffd02ccbd2ef7f94e44a9324fe7b5a64/screenshot - {}
RESULT: {}
COMMAND: POST /session/ffd02ccbd2ef7f94e44a9324fe7b5a64/element - {"using":"xpath","value":"//span[@id=\"application-manageconditionprice-display-component---conditions--smartTable-header-inner\"]"}
RESULT: {"using":"xpath","value":"//span[@id=\"application-manageconditionprice-display-component---conditions--smartTable-header-inner\"]"}
COMMAND: POST /session/ffd02ccbd2ef7f94e44a9324fe7b5a64/elements - {"using":"xpath","value":"//span[@id=\"application-manageconditionprice-display-component---conditions--smartTable-header-inner\"]"}
RESULT: {"using":"xpath","value":"//span[@id=\"application-manageconditionprice-display-component---conditions--smartTable-header-inner\"]"}
COMMAND: POST /session/ffd02ccbd2ef7f94e44a9324fe7b5a64/execute/sync - {"script":"<script> [56 bytes]","args":[{"element-6066-11e4-a52e-4f735466cecf":"f.96D49A20C494BCF8563860382D93E39E.d.229E7443217FCE321ED8D39A54DCC7F7.e.14315","ELEMENT":"f.96D49A20C494BCF8563860382D93E39E.d.229E7443217FCE321ED8D39A54DCC7F7.e.14315"}]}
RESULT: {"script":"<script> [56 bytes]","args":[{"element-6066-11e4-a52e-4f735466cecf":"f.96D49A20C494BCF8563860382D93E39E.d.229E7443217FCE321ED8D39A54DCC7F7.e.14315","ELEMENT":"f.96D49A20C494BCF8563860382D93E39E.d.229E7443217FCE321ED8D39A54DCC7F7.e.14315"}]}
COMMAND: POST /session/ffd02ccbd2ef7f94e44a9324fe7b5a64/element - {"using":"css selector","value":"#shell-header-logo"}
COMMAND: GET /session/ffd02ccbd2ef7f94e44a9324fe7b5a64/screenshot - {}
RESULT: {"using":"css selector","value":"#shell-header-logo"}
COMMAND: POST /session/ffd02ccbd2ef7f94e44a9324fe7b5a64/element/f.96D49A20C494BCF8563860382D93E39E.d.229E7443217FCE321ED8D39A54DCC7F7.e.13942/click - {}
RESULT: {}
RESULT: {}
COMMAND: GET /session/ffd02ccbd2ef7f94e44a9324fe7b5a64/screenshot - {}
RESULT: {}
]]></system-out>
    </testcase>
    <testcase classname="chrome.136_0_7103_93.windows.Billing_transfer_US117289" name="Should do a stock increase" time="100.807">
      <system-out><![CDATA[
COMMAND: POST /session/ffd02ccbd2ef7f94e44a9324fe7b5a64/execute/async - {"script":"<script> [1562 bytes]","args":[{"selector":{"controlType":"sap.m.GenericTile","properties":{"header":"Manage Handovers"}},"wdio_ui5_key":"sapm.GenericTile{\"header\":\"Manage Handovers\"}"}]}
RESULT: {"script":"<script> [1562 bytes]","args":[{"selector":{"controlType":"sap.m.GenericTile","properties":{"header":"Manage Handovers"}},"wdio_ui5_key":"sapm.GenericTile{\"header\":\"Manage Handovers\"}"}]}
RESULT: undefined
COMMAND: POST /session/ffd02ccbd2ef7f94e44a9324fe7b5a64/element - {"using":"xpath","value":"//*[@id=\"__tile131\"]"}
RESULT: {"using":"xpath","value":"//*[@id=\"__tile131\"]"}
COMMAND: POST /session/ffd02ccbd2ef7f94e44a9324fe7b5a64/element/f.96D49A20C494BCF8563860382D93E39E.d.229E7443217FCE321ED8D39A54DCC7F7.e.13262/click - {}
RESULT: {}
COMMAND: GET /session/ffd02ccbd2ef7f94e44a9324fe7b5a64/screenshot - {}
RESULT: {}
COMMAND: POST /session/ffd02ccbd2ef7f94e44a9324fe7b5a64/elements - {"using":"xpath","value":"//span[text()='Error']"}
RESULT: {"using":"xpath","value":"//span[text()='Error']"}
COMMAND: POST /session/ffd02ccbd2ef7f94e44a9324fe7b5a64/element - {"using":"xpath","value":"//button[@data-kt=\"masterHOAddButton\"]"}
RESULT: {"using":"xpath","value":"//button[@data-kt=\"masterHOAddButton\"]"}
COMMAND: POST /session/ffd02ccbd2ef7f94e44a9324fe7b5a64/elements - {"using":"xpath","value":"//button[@data-kt=\"masterHOAddButton\"]"}
RESULT: {"using":"xpath","value":"//button[@data-kt=\"masterHOAddButton\"]"}
COMMAND: POST /session/ffd02ccbd2ef7f94e44a9324fe7b5a64/execute/sync - {"script":"<script> [8489 bytes]","args":[{"element-6066-11e4-a52e-4f735466cecf":"f.96D49A20C494BCF8563860382D93E39E.d.229E7443217FCE321ED8D39A54DCC7F7.e.14349","ELEMENT":"f.96D49A20C494BCF8563860382D93E39E.d.229E7443217FCE321ED8D39A54DCC7F7.e.14349"}]}
RESULT: {"script":"<script> [8489 bytes]","args":[{"element-6066-11e4-a52e-4f735466cecf":"f.96D49A20C494BCF8563860382D93E39E.d.229E7443217FCE321ED8D39A54DCC7F7.e.14349","ELEMENT":"f.96D49A20C494BCF8563860382D93E39E.d.229E7443217FCE321ED8D39A54DCC7F7.e.14349"}]}
COMMAND: GET /session/ffd02ccbd2ef7f94e44a9324fe7b5a64/element/f.96D49A20C494BCF8563860382D93E39E.d.229E7443217FCE321ED8D39A54DCC7F7.e.14349/enabled - {}
COMMAND: GET /session/ffd02ccbd2ef7f94e44a9324fe7b5a64/screenshot - {}
RESULT: {}
COMMAND: POST /session/ffd02ccbd2ef7f94e44a9324fe7b5a64/execute/sync - {"script":"<script> [8489 bytes]","args":[{"element-6066-11e4-a52e-4f735466cecf":"f.96D49A20C494BCF8563860382D93E39E.d.229E7443217FCE321ED8D39A54DCC7F7.e.14349","ELEMENT":"f.96D49A20C494BCF8563860382D93E39E.d.229E7443217FCE321ED8D39A54DCC7F7.e.14349"}]}
COMMAND: GET /session/ffd02ccbd2ef7f94e44a9324fe7b5a64/screenshot - {}
RESULT: {}
RESULT: {"script":"<script> [8489 bytes]","args":[{"element-6066-11e4-a52e-4f735466cecf":"f.96D49A20C494BCF8563860382D93E39E.d.229E7443217FCE321ED8D39A54DCC7F7.e.14349","ELEMENT":"f.96D49A20C494BCF8563860382D93E39E.d.229E7443217FCE321ED8D39A54DCC7F7.e.14349"}]}
COMMAND: POST /session/ffd02ccbd2ef7f94e44a9324fe7b5a64/execute/sync - {"script":"<script> [5351 bytes]","args":[{"element-6066-11e4-a52e-4f735466cecf":"f.96D49A20C494BCF8563860382D93E39E.d.229E7443217FCE321ED8D39A54DCC7F7.e.14349","ELEMENT":"f.96D49A20C494BCF8563860382D93E39E.d.229E7443217FCE321ED8D39A54DCC7F7.e.14349"}]}
COMMAND: GET /session/ffd02ccbd2ef7f94e44a9324fe7b5a64/screenshot - {}
RESULT: {}
RESULT: {"script":"<script> [5351 bytes]","args":[{"element-6066-11e4-a52e-4f735466cecf":"f.96D49A20C494BCF8563860382D93E39E.d.229E7443217FCE321ED8D39A54DCC7F7.e.14349","ELEMENT":"f.96D49A20C494BCF8563860382D93E39E.d.229E7443217FCE321ED8D39A54DCC7F7.e.14349"}]}
COMMAND: POST /session/ffd02ccbd2ef7f94e44a9324fe7b5a64/element/f.96D49A20C494BCF8563860382D93E39E.d.229E7443217FCE321ED8D39A54DCC7F7.e.14349/click - {}
COMMAND: GET /session/ffd02ccbd2ef7f94e44a9324fe7b5a64/screenshot - {}
RESULT: {}
RESULT: {}
COMMAND: GET /session/ffd02ccbd2ef7f94e44a9324fe7b5a64/screenshot - {}
COMMAND: POST /session/ffd02ccbd2ef7f94e44a9324fe7b5a64/element - {"using":"xpath","value":"//span[contains(@id ,\"AddNewHO--typeSelect-arrow\")]"}
RESULT: {}
RESULT: {}
RESULT: {"using":"xpath","value":"//span[contains(@id ,\"AddNewHO--typeSelect-arrow\")]"}
COMMAND: POST /session/ffd02ccbd2ef7f94e44a9324fe7b5a64/element/f.96D49A20C494BCF8563860382D93E39E.d.229E7443217FCE321ED8D39A54DCC7F7.e.14712/click - {}
RESULT: {}
COMMAND: GET /session/ffd02ccbd2ef7f94e44a9324fe7b5a64/screenshot - {}
RESULT: {}
COMMAND: POST /session/ffd02ccbd2ef7f94e44a9324fe7b5a64/element - {"using":"xpath","value":"(//li[contains(text(), \"stock increase yard\")])[1]"}
RESULT: {"using":"xpath","value":"(//li[contains(text(), \"stock increase yard\")])[1]"}
COMMAND: POST /session/ffd02ccbd2ef7f94e44a9324fe7b5a64/element/f.96D49A20C494BCF8563860382D93E39E.d.229E7443217FCE321ED8D39A54DCC7F7.e.14713/click - {}
RESULT: {}
COMMAND: GET /session/ffd02ccbd2ef7f94e44a9324fe7b5a64/screenshot - {}
RESULT: {}
COMMAND: POST /session/ffd02ccbd2ef7f94e44a9324fe7b5a64/execute/async - {"script":"<script> [1562 bytes]","args":[{"selector":{"id":"application-managehandovers-display-component---AddNewHO--dueDate","interaction":{"idSuffix":"inner"}},"wdio_ui5_key":"applicationmanagehandovers-display-component---AddNewHO--dueDate"}]}
RESULT: {"script":"<script> [1562 bytes]","args":[{"selector":{"id":"application-managehandovers-display-component---AddNewHO--dueDate","interaction":{"idSuffix":"inner"}},"wdio_ui5_key":"applicationmanagehandovers-display-component---AddNewHO--dueDate"}]}
RESULT: undefined
COMMAND: POST /session/ffd02ccbd2ef7f94e44a9324fe7b5a64/execute/async - {"script":"<script> [6424 bytes]","args":[{"element-6066-11e4-a52e-4f735466cecf":"f.96D49A20C494BCF8563860382D93E39E.d.229E7443217FCE321ED8D39A54DCC7F7.e.14717"},"setValue",["5/22/25"]]}
RESULT: {"script":"<script> [6424 bytes]","args":[{"element-6066-11e4-a52e-4f735466cecf":"f.96D49A20C494BCF8563860382D93E39E.d.229E7443217FCE321ED8D39A54DCC7F7.e.14717"},"setValue",["5/22/25"]]}
COMMAND: POST /session/ffd02ccbd2ef7f94e44a9324fe7b5a64/element - {"using":"xpath","value":"//input[@id=\"generalSectionFrg--receiveYard-inner\"]"}
RESULT: {"using":"xpath","value":"//input[@id=\"generalSectionFrg--receiveYard-inner\"]"}
COMMAND: POST /session/ffd02ccbd2ef7f94e44a9324fe7b5a64/element/f.96D49A20C494BCF8563860382D93E39E.d.229E7443217FCE321ED8D39A54DCC7F7.e.14721/clear - {}
RESULT: {}
COMMAND: POST /session/ffd02ccbd2ef7f94e44a9324fe7b5a64/element/f.96D49A20C494BCF8563860382D93E39E.d.229E7443217FCE321ED8D39A54DCC7F7.e.14721/value - {"text":"684"}
COMMAND: GET /session/ffd02ccbd2ef7f94e44a9324fe7b5a64/screenshot - {}
RESULT: {"text":"684"}
COMMAND: GET /session/ffd02ccbd2ef7f94e44a9324fe7b5a64/screenshot - {}
RESULT: {}
RESULT: {}
COMMAND: POST /session/ffd02ccbd2ef7f94e44a9324fe7b5a64/element - {"using":"xpath","value":"//li[.//span[text()='684']]"}
RESULT: {"using":"xpath","value":"//li[.//span[text()='684']]"}
COMMAND: POST /session/ffd02ccbd2ef7f94e44a9324fe7b5a64/element/f.96D49A20C494BCF8563860382D93E39E.d.229E7443217FCE321ED8D39A54DCC7F7.e.14737/click - {}
RESULT: {}
COMMAND: GET /session/ffd02ccbd2ef7f94e44a9324fe7b5a64/screenshot - {}
RESULT: {}
COMMAND: POST /session/ffd02ccbd2ef7f94e44a9324fe7b5a64/execute/async - {"script":"<script> [1562 bytes]","args":[{"selector":{"id":"application-managehandovers-display-component---AddNewHO--ObjectPageLayout-anchBar-application-managehandovers-display-component---AddNewHO--section4-anchor","interaction":{"idSuffix":"BDI-content"}},"wdio_ui5_key":"applicationmanagehandovers-display-component---AddNewHO--ObjectPageLayout-anchBar-application-managehandovers-display-component---AddNewHO--section4-anchor"}]}
RESULT: {"script":"<script> [1562 bytes]","args":[{"selector":{"id":"application-managehandovers-display-component---AddNewHO--ObjectPageLayout-anchBar-application-managehandovers-display-component---AddNewHO--section4-anchor","interaction":{"idSuffix":"BDI-content"}},"wdio_ui5_key":"applicationmanagehandovers-display-component---AddNewHO--ObjectPageLayout-anchBar-application-managehandovers-display-component---AddNewHO--section4-anchor"}]}
RESULT: undefined
COMMAND: POST /session/ffd02ccbd2ef7f94e44a9324fe7b5a64/element - {"using":"xpath","value":"//*[@id=\"application-managehandovers-display-component---AddNewHO--ObjectPageLayout-anchBar-application-managehandovers-display-component---AddNewHO--section4-anchor\"]"}
RESULT: {"using":"xpath","value":"//*[@id=\"application-managehandovers-display-component---AddNewHO--ObjectPageLayout-anchBar-application-managehandovers-display-component---AddNewHO--section4-anchor\"]"}
COMMAND: POST /session/ffd02ccbd2ef7f94e44a9324fe7b5a64/element/f.96D49A20C494BCF8563860382D93E39E.d.229E7443217FCE321ED8D39A54DCC7F7.e.14739/click - {}
RESULT: {}
COMMAND: POST /session/ffd02ccbd2ef7f94e44a9324fe7b5a64/element - {"using":"xpath","value":"//button[@aria-label=\"Add\"]"}
COMMAND: GET /session/ffd02ccbd2ef7f94e44a9324fe7b5a64/screenshot - {}
RESULT: {"using":"xpath","value":"//button[@aria-label=\"Add\"]"}
COMMAND: POST /session/ffd02ccbd2ef7f94e44a9324fe7b5a64/element/f.96D49A20C494BCF8563860382D93E39E.d.229E7443217FCE321ED8D39A54DCC7F7.e.14741/click - {}
RESULT: {}
RESULT: {}
COMMAND: GET /session/ffd02ccbd2ef7f94e44a9324fe7b5a64/screenshot - {}
RESULT: {}
COMMAND: POST /session/ffd02ccbd2ef7f94e44a9324fe7b5a64/execute/async - {"script":"<script> [1562 bytes]","args":[{"selector":{"id":"application-managehandovers-display-component---AddNewHO--smartFilterBar-btnBasicSearch","searchOpenDialogs":true,"interaction":{"idSuffix":"I"}},"wdio_ui5_key":"applicationmanagehandovers-display-component---AddNewHO--smartFilterBar-btnBasicSearch"}]}
RESULT: {"script":"<script> [1562 bytes]","args":[{"selector":{"id":"application-managehandovers-display-component---AddNewHO--smartFilterBar-btnBasicSearch","searchOpenDialogs":true,"interaction":{"idSuffix":"I"}},"wdio_ui5_key":"applicationmanagehandovers-display-component---AddNewHO--smartFilterBar-btnBasicSearch"}]}
RESULT: undefined
COMMAND: POST /session/ffd02ccbd2ef7f94e44a9324fe7b5a64/execute/async - {"script":"<script> [776 bytes]","args":[{"enterText":"wxq4TwpJXD","selector":{"id":"application-managehandovers-display-component---AddNewHO--smartFilterBar-btnBasicSearch","searchOpenDialogs":true,"interaction":{"idSuffix":"I"}},"clearTextFirst":true,"interactionType":"ENTER_TEXT"}]}
RESULT: {"script":"<script> [776 bytes]","args":[{"enterText":"wxq4TwpJXD","selector":{"id":"application-managehandovers-display-component---AddNewHO--smartFilterBar-btnBasicSearch","searchOpenDialogs":true,"interaction":{"idSuffix":"I"}},"clearTextFirst":true,"interactionType":"ENTER_TEXT"}]}
COMMAND: POST /session/ffd02ccbd2ef7f94e44a9324fe7b5a64/actions - {"actions":[{"id":"action51","type":"key","parameters":{},"actions":[{"type":"keyDown","value":""},{"type":"pause","duration":10},{"type":"keyUp","value":""}]}]}
RESULT: {"actions":[{"id":"action51","type":"key","parameters":{},"actions":[{"type":"keyDown","value":""},{"type":"pause","duration":10},{"type":"keyUp","value":""}]}]}
COMMAND: GET /session/ffd02ccbd2ef7f94e44a9324fe7b5a64/screenshot - {}
RESULT: {}
COMMAND: POST /session/ffd02ccbd2ef7f94e44a9324fe7b5a64/execute/async - {"script":"<script> [1562 bytes]","args":[{"selector":{"id":"application-managehandovers-display-component---AddNewHO--popup-sa","searchOpenDialogs":true,"interaction":{"idSuffix":"CbBg"}},"wdio_ui5_key":"applicationmanagehandovers-display-component---AddNewHO--popup-sa"}]}
RESULT: {"script":"<script> [1562 bytes]","args":[{"selector":{"id":"application-managehandovers-display-component---AddNewHO--popup-sa","searchOpenDialogs":true,"interaction":{"idSuffix":"CbBg"}},"wdio_ui5_key":"applicationmanagehandovers-display-component---AddNewHO--popup-sa"}]}
RESULT: undefined
COMMAND: POST /session/ffd02ccbd2ef7f94e44a9324fe7b5a64/element - {"using":"xpath","value":"//*[@id=\"application-managehandovers-display-component---AddNewHO--popup-sa\"]"}
RESULT: {"using":"xpath","value":"//*[@id=\"application-managehandovers-display-component---AddNewHO--popup-sa\"]"}
COMMAND: POST /session/ffd02ccbd2ef7f94e44a9324fe7b5a64/element/f.96D49A20C494BCF8563860382D93E39E.d.229E7443217FCE321ED8D39A54DCC7F7.e.14896/click - {}
RESULT: {}
COMMAND: GET /session/ffd02ccbd2ef7f94e44a9324fe7b5a64/screenshot - {}
RESULT: {}
COMMAND: POST /session/ffd02ccbd2ef7f94e44a9324fe7b5a64/element - {"using":"xpath","value":"//bdi[contains(text(), \"Select\")]"}
RESULT: {"using":"xpath","value":"//bdi[contains(text(), \"Select\")]"}
COMMAND: POST /session/ffd02ccbd2ef7f94e44a9324fe7b5a64/element/f.96D49A20C494BCF8563860382D93E39E.d.229E7443217FCE321ED8D39A54DCC7F7.e.14897/click - {}
RESULT: {}
COMMAND: GET /session/ffd02ccbd2ef7f94e44a9324fe7b5a64/screenshot - {}
RESULT: {}
COMMAND: POST /session/ffd02ccbd2ef7f94e44a9324fe7b5a64/element - {"using":"xpath","value":"//button[@data-kt=\"AddNewHOSaveButton\"]"}
RESULT: {"using":"xpath","value":"//button[@data-kt=\"AddNewHOSaveButton\"]"}
COMMAND: POST /session/ffd02ccbd2ef7f94e44a9324fe7b5a64/element/f.96D49A20C494BCF8563860382D93E39E.d.229E7443217FCE321ED8D39A54DCC7F7.e.14901/click - {}
RESULT: {}
COMMAND: GET /session/ffd02ccbd2ef7f94e44a9324fe7b5a64/screenshot - {}
RESULT: {}
COMMAND: POST /session/ffd02ccbd2ef7f94e44a9324fe7b5a64/execute/async - {"script":"<script> [1562 bytes]","args":[{"selector":{"id":"receiptDatePicker","viewName":"etm.portal.ui.managehandovers.view.DetailExecuteHO","interaction":{"idSuffix":"inner"}},"wdio_ui5_key":"receiptDatePickeretmportal.ui.managehandovers.view.DetailExecuteHO"}]}
RESULT: {"script":"<script> [1562 bytes]","args":[{"selector":{"id":"receiptDatePicker","viewName":"etm.portal.ui.managehandovers.view.DetailExecuteHO","interaction":{"idSuffix":"inner"}},"wdio_ui5_key":"receiptDatePickeretmportal.ui.managehandovers.view.DetailExecuteHO"}]}
RESULT: undefined
COMMAND: POST /session/ffd02ccbd2ef7f94e44a9324fe7b5a64/execute/async - {"script":"<script> [6424 bytes]","args":[{"element-6066-11e4-a52e-4f735466cecf":"f.96D49A20C494BCF8563860382D93E39E.d.229E7443217FCE321ED8D39A54DCC7F7.e.14920"},"setValue",["5/22/25"]]}
RESULT: {"script":"<script> [6424 bytes]","args":[{"element-6066-11e4-a52e-4f735466cecf":"f.96D49A20C494BCF8563860382D93E39E.d.229E7443217FCE321ED8D39A54DCC7F7.e.14920"},"setValue",["5/22/25"]]}
COMMAND: POST /session/ffd02ccbd2ef7f94e44a9324fe7b5a64/element - {"using":"xpath","value":"//button[@data-kt=\"PickingTableConfirmAllButton\"]"}
RESULT: {"using":"xpath","value":"//button[@data-kt=\"PickingTableConfirmAllButton\"]"}
COMMAND: POST /session/ffd02ccbd2ef7f94e44a9324fe7b5a64/element/f.96D49A20C494BCF8563860382D93E39E.d.229E7443217FCE321ED8D39A54DCC7F7.e.14934/click - {}
RESULT: {}
COMMAND: GET /session/ffd02ccbd2ef7f94e44a9324fe7b5a64/screenshot - {}
RESULT: {}
COMMAND: POST /session/ffd02ccbd2ef7f94e44a9324fe7b5a64/element - {"using":"xpath","value":"//bdi[contains(text(), \"OK\")]"}
RESULT: {"using":"xpath","value":"//bdi[contains(text(), \"OK\")]"}
COMMAND: POST /session/ffd02ccbd2ef7f94e44a9324fe7b5a64/element/f.96D49A20C494BCF8563860382D93E39E.d.229E7443217FCE321ED8D39A54DCC7F7.e.14936/click - {}
RESULT: {}
COMMAND: GET /session/ffd02ccbd2ef7f94e44a9324fe7b5a64/screenshot - {}
RESULT: {}
COMMAND: POST /session/ffd02ccbd2ef7f94e44a9324fe7b5a64/element - {"using":"xpath","value":"(//bdi[contains(text(), \"Receive\")])[2]"}
RESULT: {"using":"xpath","value":"(//bdi[contains(text(), \"Receive\")])[2]"}
COMMAND: POST /session/ffd02ccbd2ef7f94e44a9324fe7b5a64/element/f.96D49A20C494BCF8563860382D93E39E.d.229E7443217FCE321ED8D39A54DCC7F7.e.14938/click - {}
RESULT: {}
COMMAND: GET /session/ffd02ccbd2ef7f94e44a9324fe7b5a64/screenshot - {}
RESULT: {}
COMMAND: POST /session/ffd02ccbd2ef7f94e44a9324fe7b5a64/element - {"using":"css selector","value":"#shell-header-logo"}
RESULT: {"using":"css selector","value":"#shell-header-logo"}
COMMAND: POST /session/ffd02ccbd2ef7f94e44a9324fe7b5a64/element/f.96D49A20C494BCF8563860382D93E39E.d.229E7443217FCE321ED8D39A54DCC7F7.e.14321/click - {}
RESULT: {}
COMMAND: GET /session/ffd02ccbd2ef7f94e44a9324fe7b5a64/screenshot - {}
RESULT: {}
]]></system-out>
    </testcase>
    <testcase classname="chrome.136_0_7103_93.windows.Billing_transfer_US117289" name="Should create a new contract" time="74.111">
      <system-out><![CDATA[
COMMAND: POST /session/ffd02ccbd2ef7f94e44a9324fe7b5a64/execute/async - {"script":"<script> [1562 bytes]","args":[{"selector":{"controlType":"sap.m.GenericTile","properties":{"header":"Manage Contracts"}},"wdio_ui5_key":"sapm.GenericTile{\"header\":\"Manage Contracts\"}"}]}
RESULT: {"script":"<script> [1562 bytes]","args":[{"selector":{"controlType":"sap.m.GenericTile","properties":{"header":"Manage Contracts"}},"wdio_ui5_key":"sapm.GenericTile{\"header\":\"Manage Contracts\"}"}]}
RESULT: undefined
COMMAND: POST /session/ffd02ccbd2ef7f94e44a9324fe7b5a64/element - {"using":"xpath","value":"//*[@id=\"__tile132\"]"}
RESULT: {"using":"xpath","value":"//*[@id=\"__tile132\"]"}
COMMAND: POST /session/ffd02ccbd2ef7f94e44a9324fe7b5a64/element/f.96D49A20C494BCF8563860382D93E39E.d.229E7443217FCE321ED8D39A54DCC7F7.e.13194/click - {}
RESULT: {}
COMMAND: GET /session/ffd02ccbd2ef7f94e44a9324fe7b5a64/screenshot - {}
RESULT: {}
COMMAND: POST /session/ffd02ccbd2ef7f94e44a9324fe7b5a64/elements - {"using":"xpath","value":"//span[text()='Error']"}
RESULT: {"using":"xpath","value":"//span[text()='Error']"}
COMMAND: POST /session/ffd02ccbd2ef7f94e44a9324fe7b5a64/element - {"using":"xpath","value":"//button[@data-kt=\"addButton\"]"}
RESULT: {"using":"xpath","value":"//button[@data-kt=\"addButton\"]"}
COMMAND: POST /session/ffd02ccbd2ef7f94e44a9324fe7b5a64/elements - {"using":"xpath","value":"//button[@data-kt=\"addButton\"]"}
RESULT: {"using":"xpath","value":"//button[@data-kt=\"addButton\"]"}
COMMAND: POST /session/ffd02ccbd2ef7f94e44a9324fe7b5a64/elements - {"using":"xpath","value":"//button[@data-kt=\"addButton\"]"}
RESULT: {"using":"xpath","value":"//button[@data-kt=\"addButton\"]"}
COMMAND: POST /session/ffd02ccbd2ef7f94e44a9324fe7b5a64/elements - {"using":"xpath","value":"//button[@data-kt=\"addButton\"]"}
RESULT: {"using":"xpath","value":"//button[@data-kt=\"addButton\"]"}
COMMAND: POST /session/ffd02ccbd2ef7f94e44a9324fe7b5a64/elements - {"using":"xpath","value":"//button[@data-kt=\"addButton\"]"}
RESULT: {"using":"xpath","value":"//button[@data-kt=\"addButton\"]"}
COMMAND: POST /session/ffd02ccbd2ef7f94e44a9324fe7b5a64/elements - {"using":"xpath","value":"//button[@data-kt=\"addButton\"]"}
RESULT: {"using":"xpath","value":"//button[@data-kt=\"addButton\"]"}
COMMAND: POST /session/ffd02ccbd2ef7f94e44a9324fe7b5a64/elements - {"using":"xpath","value":"//button[@data-kt=\"addButton\"]"}
RESULT: {"using":"xpath","value":"//button[@data-kt=\"addButton\"]"}
COMMAND: POST /session/ffd02ccbd2ef7f94e44a9324fe7b5a64/elements - {"using":"xpath","value":"//button[@data-kt=\"addButton\"]"}
RESULT: {"using":"xpath","value":"//button[@data-kt=\"addButton\"]"}
COMMAND: POST /session/ffd02ccbd2ef7f94e44a9324fe7b5a64/elements - {"using":"xpath","value":"//button[@data-kt=\"addButton\"]"}
RESULT: {"using":"xpath","value":"//button[@data-kt=\"addButton\"]"}
COMMAND: POST /session/ffd02ccbd2ef7f94e44a9324fe7b5a64/element - {"using":"xpath","value":"//button[@data-kt=\"addButton\"]"}
RESULT: {"using":"xpath","value":"//button[@data-kt=\"addButton\"]"}
COMMAND: POST /session/ffd02ccbd2ef7f94e44a9324fe7b5a64/execute/sync - {"script":"<script> [8489 bytes]","args":[{"element-6066-11e4-a52e-4f735466cecf":"f.96D49A20C494BCF8563860382D93E39E.d.229E7443217FCE321ED8D39A54DCC7F7.e.15129","ELEMENT":"f.96D49A20C494BCF8563860382D93E39E.d.229E7443217FCE321ED8D39A54DCC7F7.e.15129"}]}
RESULT: {"script":"<script> [8489 bytes]","args":[{"element-6066-11e4-a52e-4f735466cecf":"f.96D49A20C494BCF8563860382D93E39E.d.229E7443217FCE321ED8D39A54DCC7F7.e.15129","ELEMENT":"f.96D49A20C494BCF8563860382D93E39E.d.229E7443217FCE321ED8D39A54DCC7F7.e.15129"}]}
COMMAND: GET /session/ffd02ccbd2ef7f94e44a9324fe7b5a64/element/f.96D49A20C494BCF8563860382D93E39E.d.229E7443217FCE321ED8D39A54DCC7F7.e.15129/enabled - {}
COMMAND: GET /session/ffd02ccbd2ef7f94e44a9324fe7b5a64/screenshot - {}
RESULT: {}
COMMAND: POST /session/ffd02ccbd2ef7f94e44a9324fe7b5a64/execute/sync - {"script":"<script> [8489 bytes]","args":[{"element-6066-11e4-a52e-4f735466cecf":"f.96D49A20C494BCF8563860382D93E39E.d.229E7443217FCE321ED8D39A54DCC7F7.e.15129","ELEMENT":"f.96D49A20C494BCF8563860382D93E39E.d.229E7443217FCE321ED8D39A54DCC7F7.e.15129"}]}
COMMAND: GET /session/ffd02ccbd2ef7f94e44a9324fe7b5a64/screenshot - {}
RESULT: {}
RESULT: {"script":"<script> [8489 bytes]","args":[{"element-6066-11e4-a52e-4f735466cecf":"f.96D49A20C494BCF8563860382D93E39E.d.229E7443217FCE321ED8D39A54DCC7F7.e.15129","ELEMENT":"f.96D49A20C494BCF8563860382D93E39E.d.229E7443217FCE321ED8D39A54DCC7F7.e.15129"}]}
COMMAND: POST /session/ffd02ccbd2ef7f94e44a9324fe7b5a64/execute/sync - {"script":"<script> [5351 bytes]","args":[{"element-6066-11e4-a52e-4f735466cecf":"f.96D49A20C494BCF8563860382D93E39E.d.229E7443217FCE321ED8D39A54DCC7F7.e.15129","ELEMENT":"f.96D49A20C494BCF8563860382D93E39E.d.229E7443217FCE321ED8D39A54DCC7F7.e.15129"}]}
COMMAND: GET /session/ffd02ccbd2ef7f94e44a9324fe7b5a64/screenshot - {}
RESULT: {}
RESULT: {"script":"<script> [5351 bytes]","args":[{"element-6066-11e4-a52e-4f735466cecf":"f.96D49A20C494BCF8563860382D93E39E.d.229E7443217FCE321ED8D39A54DCC7F7.e.15129","ELEMENT":"f.96D49A20C494BCF8563860382D93E39E.d.229E7443217FCE321ED8D39A54DCC7F7.e.15129"}]}
COMMAND: GET /session/ffd02ccbd2ef7f94e44a9324fe7b5a64/screenshot - {}
RESULT: {}
RESULT: {}
COMMAND: POST /session/ffd02ccbd2ef7f94e44a9324fe7b5a64/element/f.96D49A20C494BCF8563860382D93E39E.d.229E7443217FCE321ED8D39A54DCC7F7.e.15129/click - {}
RESULT: {}
COMMAND: GET /session/ffd02ccbd2ef7f94e44a9324fe7b5a64/screenshot - {}
COMMAND: POST /session/ffd02ccbd2ef7f94e44a9324fe7b5a64/execute/async - {"script":"<script> [1562 bytes]","args":[{"selector":{"id":"application-managecontracts-display-component---AddNewContract--projectDescription","interaction":{"idSuffix":"inner"}},"wdio_ui5_key":"applicationmanagecontracts-display-component---AddNewContract--projectDescription"}]}
RESULT: {}
RESULT: {"script":"<script> [1562 bytes]","args":[{"selector":{"id":"application-managecontracts-display-component---AddNewContract--projectDescription","interaction":{"idSuffix":"inner"}},"wdio_ui5_key":"applicationmanagecontracts-display-component---AddNewContract--projectDescription"}]}
RESULT: undefined
COMMAND: POST /session/ffd02ccbd2ef7f94e44a9324fe7b5a64/execute/async - {"script":"<script> [776 bytes]","args":[{"enterText":"Contract WDIO","selector":{"id":"application-managecontracts-display-component---AddNewContract--projectDescription","interaction":{"idSuffix":"inner"}},"clearTextFirst":true,"interactionType":"ENTER_TEXT"}]}
RESULT: {"script":"<script> [776 bytes]","args":[{"enterText":"Contract WDIO","selector":{"id":"application-managecontracts-display-component---AddNewContract--projectDescription","interaction":{"idSuffix":"inner"}},"clearTextFirst":true,"interactionType":"ENTER_TEXT"}]}
COMMAND: POST /session/ffd02ccbd2ef7f94e44a9324fe7b5a64/element - {"using":"xpath","value":"//input[@id=\"application-managecontracts-display-component---AddNewContract--site-inner\"]"}
RESULT: {"using":"xpath","value":"//input[@id=\"application-managecontracts-display-component---AddNewContract--site-inner\"]"}
COMMAND: POST /session/ffd02ccbd2ef7f94e44a9324fe7b5a64/element/f.96D49A20C494BCF8563860382D93E39E.d.229E7443217FCE321ED8D39A54DCC7F7.e.15498/clear - {}
RESULT: {}
COMMAND: POST /session/ffd02ccbd2ef7f94e44a9324fe7b5a64/element/f.96D49A20C494BCF8563860382D93E39E.d.229E7443217FCE321ED8D39A54DCC7F7.e.15498/value - {"text":"2367"}
COMMAND: GET /session/ffd02ccbd2ef7f94e44a9324fe7b5a64/screenshot - {}
RESULT: {"text":"2367"}
COMMAND: GET /session/ffd02ccbd2ef7f94e44a9324fe7b5a64/screenshot - {}
RESULT: {}
RESULT: {}
COMMAND: POST /session/ffd02ccbd2ef7f94e44a9324fe7b5a64/element - {"using":"xpath","value":"//li[.//span[text()='2367']]"}
RESULT: {"using":"xpath","value":"//li[.//span[text()='2367']]"}
COMMAND: POST /session/ffd02ccbd2ef7f94e44a9324fe7b5a64/element/f.96D49A20C494BCF8563860382D93E39E.d.229E7443217FCE321ED8D39A54DCC7F7.e.15525/click - {}
RESULT: {}
COMMAND: GET /session/ffd02ccbd2ef7f94e44a9324fe7b5a64/screenshot - {}
RESULT: {}
COMMAND: POST /session/ffd02ccbd2ef7f94e44a9324fe7b5a64/element - {"using":"xpath","value":"//input[@id=\"application-managecontracts-display-component---AddNewContract--yardId-inner\"]"}
RESULT: {"using":"xpath","value":"//input[@id=\"application-managecontracts-display-component---AddNewContract--yardId-inner\"]"}
COMMAND: GET /session/ffd02ccbd2ef7f94e44a9324fe7b5a64/element/f.96D49A20C494BCF8563860382D93E39E.d.229E7443217FCE321ED8D39A54DCC7F7.e.15499/property/value - {}
RESULT: {}
COMMAND: POST /session/ffd02ccbd2ef7f94e44a9324fe7b5a64/element - {"using":"xpath","value":"//input[@id=\"application-managecontracts-display-component---AddNewContract--customerSelect-inner\"]"}
COMMAND: GET /session/ffd02ccbd2ef7f94e44a9324fe7b5a64/screenshot - {}
RESULT: {"using":"xpath","value":"//input[@id=\"application-managecontracts-display-component---AddNewContract--customerSelect-inner\"]"}
COMMAND: POST /session/ffd02ccbd2ef7f94e44a9324fe7b5a64/element/f.96D49A20C494BCF8563860382D93E39E.d.229E7443217FCE321ED8D39A54DCC7F7.e.15497/clear - {}
RESULT: {}
RESULT: {}
COMMAND: POST /session/ffd02ccbd2ef7f94e44a9324fe7b5a64/element/f.96D49A20C494BCF8563860382D93E39E.d.229E7443217FCE321ED8D39A54DCC7F7.e.15497/value - {"text":"1449"}
COMMAND: GET /session/ffd02ccbd2ef7f94e44a9324fe7b5a64/screenshot - {}
RESULT: {"text":"1449"}
COMMAND: GET /session/ffd02ccbd2ef7f94e44a9324fe7b5a64/screenshot - {}
RESULT: {}
COMMAND: POST /session/ffd02ccbd2ef7f94e44a9324fe7b5a64/element - {"using":"xpath","value":"//li[.//span[text()='1449']]"}
RESULT: {}
RESULT: {"using":"xpath","value":"//li[.//span[text()='1449']]"}
COMMAND: POST /session/ffd02ccbd2ef7f94e44a9324fe7b5a64/element/f.96D49A20C494BCF8563860382D93E39E.d.229E7443217FCE321ED8D39A54DCC7F7.e.15528/click - {}
RESULT: {}
COMMAND: GET /session/ffd02ccbd2ef7f94e44a9324fe7b5a64/screenshot - {}
RESULT: {}
COMMAND: POST /session/ffd02ccbd2ef7f94e44a9324fe7b5a64/element - {"using":"xpath","value":"//button[@data-kt=\"saveButton\"]"}
RESULT: {"using":"xpath","value":"//button[@data-kt=\"saveButton\"]"}
COMMAND: POST /session/ffd02ccbd2ef7f94e44a9324fe7b5a64/element/f.96D49A20C494BCF8563860382D93E39E.d.229E7443217FCE321ED8D39A54DCC7F7.e.15529/click - {}
RESULT: {}
COMMAND: GET /session/ffd02ccbd2ef7f94e44a9324fe7b5a64/screenshot - {}
RESULT: {}
COMMAND: POST /session/ffd02ccbd2ef7f94e44a9324fe7b5a64/element - {"using":"xpath","value":"//span[contains(@id ,\"contractDetailTitleNoExpanded\")]"}
RESULT: {"using":"xpath","value":"//span[contains(@id ,\"contractDetailTitleNoExpanded\")]"}
COMMAND: POST /session/ffd02ccbd2ef7f94e44a9324fe7b5a64/elements - {"using":"xpath","value":"//span[contains(@id ,\"contractDetailTitleNoExpanded\")]"}
RESULT: {"using":"xpath","value":"//span[contains(@id ,\"contractDetailTitleNoExpanded\")]"}
COMMAND: POST /session/ffd02ccbd2ef7f94e44a9324fe7b5a64/execute/sync - {"script":"<script> [56 bytes]","args":[{"element-6066-11e4-a52e-4f735466cecf":"f.96D49A20C494BCF8563860382D93E39E.d.229E7443217FCE321ED8D39A54DCC7F7.e.15598","ELEMENT":"f.96D49A20C494BCF8563860382D93E39E.d.229E7443217FCE321ED8D39A54DCC7F7.e.15598"}]}
RESULT: {"script":"<script> [56 bytes]","args":[{"element-6066-11e4-a52e-4f735466cecf":"f.96D49A20C494BCF8563860382D93E39E.d.229E7443217FCE321ED8D39A54DCC7F7.e.15598","ELEMENT":"f.96D49A20C494BCF8563860382D93E39E.d.229E7443217FCE321ED8D39A54DCC7F7.e.15598"}]}
COMMAND: GET /session/ffd02ccbd2ef7f94e44a9324fe7b5a64/screenshot - {}
RESULT: {}
]]></system-out>
    </testcase>
    <testcase classname="chrome.136_0_7103_93.windows.Billing_transfer_US117289" name="Should add created equipment to contract" time="49.871">
      <system-out><![CDATA[
COMMAND: POST /session/ffd02ccbd2ef7f94e44a9324fe7b5a64/element - {"using":"xpath","value":"//button[@data-kt=\"contractDetailEditBtnButton\"]"}
RESULT: {"using":"xpath","value":"//button[@data-kt=\"contractDetailEditBtnButton\"]"}
COMMAND: POST /session/ffd02ccbd2ef7f94e44a9324fe7b5a64/element/f.96D49A20C494BCF8563860382D93E39E.d.229E7443217FCE321ED8D39A54DCC7F7.e.15601/click - {}
RESULT: {}
COMMAND: GET /session/ffd02ccbd2ef7f94e44a9324fe7b5a64/screenshot - {}
RESULT: {}
COMMAND: POST /session/ffd02ccbd2ef7f94e44a9324fe7b5a64/element - {"using":"xpath","value":"(//span[contains(text(), \"Additional Addresses\")])[2]"}
RESULT: {"using":"xpath","value":"(//span[contains(text(), \"Additional Addresses\")])[2]"}
COMMAND: POST /session/ffd02ccbd2ef7f94e44a9324fe7b5a64/element/f.96D49A20C494BCF8563860382D93E39E.d.229E7443217FCE321ED8D39A54DCC7F7.e.15656/click - {}
RESULT: {}
COMMAND: GET /session/ffd02ccbd2ef7f94e44a9324fe7b5a64/screenshot - {}
RESULT: {}
COMMAND: POST /session/ffd02ccbd2ef7f94e44a9324fe7b5a64/element - {"using":"xpath","value":"//button[@data-kt=\"btnAddTableRowOverflowToolbarButton\"]"}
RESULT: {"using":"xpath","value":"//button[@data-kt=\"btnAddTableRowOverflowToolbarButton\"]"}
COMMAND: POST /session/ffd02ccbd2ef7f94e44a9324fe7b5a64/element/f.96D49A20C494BCF8563860382D93E39E.d.229E7443217FCE321ED8D39A54DCC7F7.e.15660/click - {}
RESULT: {}
COMMAND: GET /session/ffd02ccbd2ef7f94e44a9324fe7b5a64/screenshot - {}
RESULT: {}
COMMAND: POST /session/ffd02ccbd2ef7f94e44a9324fe7b5a64/element - {"using":"xpath","value":"//div[(text() = 'Standard Entry' or . = 'Standard Entry')]"}
RESULT: {"using":"xpath","value":"//div[(text() = 'Standard Entry' or . = 'Standard Entry')]"}
COMMAND: POST /session/ffd02ccbd2ef7f94e44a9324fe7b5a64/element/f.96D49A20C494BCF8563860382D93E39E.d.229E7443217FCE321ED8D39A54DCC7F7.e.15662/click - {}
RESULT: {}
COMMAND: GET /session/ffd02ccbd2ef7f94e44a9324fe7b5a64/screenshot - {}
RESULT: {}
COMMAND: POST /session/ffd02ccbd2ef7f94e44a9324fe7b5a64/element - {"using":"xpath","value":"//td[7]/div/div/input"}
RESULT: {"using":"xpath","value":"//td[7]/div/div/input"}
COMMAND: POST /session/ffd02ccbd2ef7f94e44a9324fe7b5a64/element/f.96D49A20C494BCF8563860382D93E39E.d.229E7443217FCE321ED8D39A54DCC7F7.e.15671/clear - {}
RESULT: {}
COMMAND: POST /session/ffd02ccbd2ef7f94e44a9324fe7b5a64/element/f.96D49A20C494BCF8563860382D93E39E.d.229E7443217FCE321ED8D39A54DCC7F7.e.15671/value - {"text":"wxq4TwpJXD"}
COMMAND: GET /session/ffd02ccbd2ef7f94e44a9324fe7b5a64/screenshot - {}
RESULT: {"text":"wxq4TwpJXD"}
COMMAND: GET /session/ffd02ccbd2ef7f94e44a9324fe7b5a64/screenshot - {}
RESULT: {}
RESULT: {}
COMMAND: POST /session/ffd02ccbd2ef7f94e44a9324fe7b5a64/actions - {"actions":[{"id":"action52","type":"key","parameters":{},"actions":[{"type":"keyDown","value":""},{"type":"pause","duration":10},{"type":"keyUp","value":""}]}]}
RESULT: {"actions":[{"id":"action52","type":"key","parameters":{},"actions":[{"type":"keyDown","value":""},{"type":"pause","duration":10},{"type":"keyUp","value":""}]}]}
COMMAND: GET /session/ffd02ccbd2ef7f94e44a9324fe7b5a64/screenshot - {}
COMMAND: POST /session/ffd02ccbd2ef7f94e44a9324fe7b5a64/execute/sync - {"script":"<script> [276 bytes]","args":["No pricing information was found"]}
RESULT: {}
RESULT: {"script":"<script> [276 bytes]","args":["No pricing information was found"]}
COMMAND: POST /session/ffd02ccbd2ef7f94e44a9324fe7b5a64/element - {"using":"xpath","value":"(//button[@data-kt=\"saveButton\"])[2]"}
COMMAND: GET /session/ffd02ccbd2ef7f94e44a9324fe7b5a64/screenshot - {}
RESULT: {"using":"xpath","value":"(//button[@data-kt=\"saveButton\"])[2]"}
COMMAND: POST /session/ffd02ccbd2ef7f94e44a9324fe7b5a64/element/f.96D49A20C494BCF8563860382D93E39E.d.229E7443217FCE321ED8D39A54DCC7F7.e.15686/click - {}
RESULT: {}
RESULT: {}
COMMAND: GET /session/ffd02ccbd2ef7f94e44a9324fe7b5a64/screenshot - {}
RESULT: {}
COMMAND: POST /session/ffd02ccbd2ef7f94e44a9324fe7b5a64/execute/sync - {"script":"<script> [276 bytes]","args":["Some contract items are having rental validity exceeding header rental validity"]}
RESULT: {"script":"<script> [276 bytes]","args":["Some contract items are having rental validity exceeding header rental validity"]}
COMMAND: GET /session/ffd02ccbd2ef7f94e44a9324fe7b5a64/screenshot - {}
RESULT: {}
COMMAND: POST /session/ffd02ccbd2ef7f94e44a9324fe7b5a64/element - {"using":"xpath","value":"//span[contains(@id ,\"contractItemsSmartTable-header-inner\")]"}
RESULT: {"using":"xpath","value":"//span[contains(@id ,\"contractItemsSmartTable-header-inner\")]"}
COMMAND: POST /session/ffd02ccbd2ef7f94e44a9324fe7b5a64/elements - {"using":"xpath","value":"//span[contains(@id ,\"contractItemsSmartTable-header-inner\")]"}
RESULT: {"using":"xpath","value":"//span[contains(@id ,\"contractItemsSmartTable-header-inner\")]"}
COMMAND: POST /session/ffd02ccbd2ef7f94e44a9324fe7b5a64/execute/sync - {"script":"<script> [56 bytes]","args":[{"element-6066-11e4-a52e-4f735466cecf":"f.96D49A20C494BCF8563860382D93E39E.d.229E7443217FCE321ED8D39A54DCC7F7.e.15692","ELEMENT":"f.96D49A20C494BCF8563860382D93E39E.d.229E7443217FCE321ED8D39A54DCC7F7.e.15692"}]}
RESULT: {"script":"<script> [56 bytes]","args":[{"element-6066-11e4-a52e-4f735466cecf":"f.96D49A20C494BCF8563860382D93E39E.d.229E7443217FCE321ED8D39A54DCC7F7.e.15692","ELEMENT":"f.96D49A20C494BCF8563860382D93E39E.d.229E7443217FCE321ED8D39A54DCC7F7.e.15692"}]}
COMMAND: GET /session/ffd02ccbd2ef7f94e44a9324fe7b5a64/screenshot - {}
]]></system-out>
    </testcase>
    <testcase classname="chrome.136_0_7103_93.windows.Billing_transfer_US117289" name="Should do a provide to site handover" time="77.071">
      <system-out><![CDATA[
COMMAND: POST /session/ffd02ccbd2ef7f94e44a9324fe7b5a64/element - {"using":"xpath","value":"//button[@data-kt=\"provideButton\"]"}
RESULT: {}
RESULT: {"using":"xpath","value":"//button[@data-kt=\"provideButton\"]"}
COMMAND: POST /session/ffd02ccbd2ef7f94e44a9324fe7b5a64/element/f.96D49A20C494BCF8563860382D93E39E.d.229E7443217FCE321ED8D39A54DCC7F7.e.15693/click - {}
RESULT: {}
COMMAND: GET /session/ffd02ccbd2ef7f94e44a9324fe7b5a64/screenshot - {}
RESULT: {}
RESULT: undefined
COMMAND: POST /session/ffd02ccbd2ef7f94e44a9324fe7b5a64/execute/async - {"script":"<script> [6424 bytes]","args":[{"element-6066-11e4-a52e-4f735466cecf":"f.96D49A20C494BCF8563860382D93E39E.d.229E7443217FCE321ED8D39A54DCC7F7.e.14717"},"setValue",["5/22/25"]]}
COMMAND: POST /session/ffd02ccbd2ef7f94e44a9324fe7b5a64/execute/async - {"script":"<script> [1562 bytes]","args":[{"selector":{"id":"application-managehandovers-display-component---AddNewHO--dueDate","interaction":{"idSuffix":"inner"}},"wdio_ui5_key":"applicationmanagehandovers-display-component---AddNewHO--dueDate"}]}
RESULT: {"script":"<script> [1562 bytes]","args":[{"selector":{"id":"application-managehandovers-display-component---AddNewHO--dueDate","interaction":{"idSuffix":"inner"}},"wdio_ui5_key":"applicationmanagehandovers-display-component---AddNewHO--dueDate"}]}
COMMAND: POST /session/ffd02ccbd2ef7f94e44a9324fe7b5a64/execute/async - {"script":"<script> [6424 bytes]","args":[{"element-6066-11e4-a52e-4f735466cecf":"f.96D49A20C494BCF8563860382D93E39E.d.229E7443217FCE321ED8D39A54DCC7F7.e.15783"},"setValue",["5/22/25"]]}
RESULT: {"script":"<script> [6424 bytes]","args":[{"element-6066-11e4-a52e-4f735466cecf":"f.96D49A20C494BCF8563860382D93E39E.d.229E7443217FCE321ED8D39A54DCC7F7.e.15783"},"setValue",["5/22/25"]]}
COMMAND: POST /session/ffd02ccbd2ef7f94e44a9324fe7b5a64/element - {"using":"xpath","value":"//bdi[contains(text(), \"Instructions\")]"}
RESULT: {"using":"xpath","value":"//bdi[contains(text(), \"Instructions\")]"}
COMMAND: POST /session/ffd02ccbd2ef7f94e44a9324fe7b5a64/element/f.96D49A20C494BCF8563860382D93E39E.d.229E7443217FCE321ED8D39A54DCC7F7.e.16017/click - {}
RESULT: {}
COMMAND: GET /session/ffd02ccbd2ef7f94e44a9324fe7b5a64/screenshot - {}
RESULT: {}
COMMAND: POST /session/ffd02ccbd2ef7f94e44a9324fe7b5a64/element - {"using":"xpath","value":"//button[@data-kt=\"AddNewHOProvideAddItemsButton\"]"}
RESULT: {"using":"xpath","value":"//button[@data-kt=\"AddNewHOProvideAddItemsButton\"]"}
COMMAND: POST /session/ffd02ccbd2ef7f94e44a9324fe7b5a64/element/f.96D49A20C494BCF8563860382D93E39E.d.229E7443217FCE321ED8D39A54DCC7F7.e.16021/click - {}
RESULT: {}
COMMAND: GET /session/ffd02ccbd2ef7f94e44a9324fe7b5a64/screenshot - {}
RESULT: {}
RESULT: undefined
COMMAND: POST /session/ffd02ccbd2ef7f94e44a9324fe7b5a64/element - {"using":"xpath","value":"//*[@id=\"application-managehandovers-display-component---AddNewHO--popup-sa\"]"}
RESULT: {"using":"xpath","value":"//*[@id=\"application-managehandovers-display-component---AddNewHO--popup-sa\"]"}
COMMAND: POST /session/ffd02ccbd2ef7f94e44a9324fe7b5a64/element/f.96D49A20C494BCF8563860382D93E39E.d.229E7443217FCE321ED8D39A54DCC7F7.e.16031/click - {}
RESULT: {}
COMMAND: GET /session/ffd02ccbd2ef7f94e44a9324fe7b5a64/screenshot - {}
RESULT: {}
COMMAND: POST /session/ffd02ccbd2ef7f94e44a9324fe7b5a64/element - {"using":"xpath","value":"//*[contains(@id ,\"BDI-content\")][contains(text(), \"Select\")]"}
RESULT: {"using":"xpath","value":"//*[contains(@id ,\"BDI-content\")][contains(text(), \"Select\")]"}
COMMAND: POST /session/ffd02ccbd2ef7f94e44a9324fe7b5a64/element/f.96D49A20C494BCF8563860382D93E39E.d.229E7443217FCE321ED8D39A54DCC7F7.e.16032/click - {}
RESULT: {}
COMMAND: GET /session/ffd02ccbd2ef7f94e44a9324fe7b5a64/screenshot - {}
RESULT: {}
COMMAND: POST /session/ffd02ccbd2ef7f94e44a9324fe7b5a64/execute/async - {"script":"<script> [1562 bytes]","args":[{"selector":{"id":"application-managehandovers-display-component---AddNewHO--confirmCreationButton","interaction":{"idSuffix":"BDI-content"}},"wdio_ui5_key":"applicationmanagehandovers-display-component---AddNewHO--confirmCreationButton"}]}
RESULT: {"script":"<script> [1562 bytes]","args":[{"selector":{"id":"application-managehandovers-display-component---AddNewHO--confirmCreationButton","interaction":{"idSuffix":"BDI-content"}},"wdio_ui5_key":"applicationmanagehandovers-display-component---AddNewHO--confirmCreationButton"}]}
RESULT: undefined
COMMAND: POST /session/ffd02ccbd2ef7f94e44a9324fe7b5a64/element - {"using":"xpath","value":"//*[@id=\"application-managehandovers-display-component---AddNewHO--confirmCreationButton\"]"}
RESULT: {"using":"xpath","value":"//*[@id=\"application-managehandovers-display-component---AddNewHO--confirmCreationButton\"]"}
COMMAND: POST /session/ffd02ccbd2ef7f94e44a9324fe7b5a64/element/f.96D49A20C494BCF8563860382D93E39E.d.229E7443217FCE321ED8D39A54DCC7F7.e.15828/click - {}
RESULT: {}
COMMAND: GET /session/ffd02ccbd2ef7f94e44a9324fe7b5a64/screenshot - {}
RESULT: {}
COMMAND: POST /session/ffd02ccbd2ef7f94e44a9324fe7b5a64/execute/async - {"script":"<script> [1562 bytes]","args":[{"selector":{"id":"issueDatePicker","viewName":"etm.portal.ui.managehandovers.view.DetailExecuteHO","interaction":{"idSuffix":"inner"}},"wdio_ui5_key":"issueDatePickeretmportal.ui.managehandovers.view.DetailExecuteHO"}]}
RESULT: {"script":"<script> [1562 bytes]","args":[{"selector":{"id":"issueDatePicker","viewName":"etm.portal.ui.managehandovers.view.DetailExecuteHO","interaction":{"idSuffix":"inner"}},"wdio_ui5_key":"issueDatePickeretmportal.ui.managehandovers.view.DetailExecuteHO"}]}
RESULT: undefined
COMMAND: POST /session/ffd02ccbd2ef7f94e44a9324fe7b5a64/execute/async - {"script":"<script> [776 bytes]","args":[{"enterText":"5/22/25","selector":{"id":"issueDatePicker","viewName":"etm.portal.ui.managehandovers.view.DetailExecuteHO","interaction":{"idSuffix":"inner"}},"clearTextFirst":true,"interactionType":"ENTER_TEXT"}]}
RESULT: {"script":"<script> [776 bytes]","args":[{"enterText":"5/22/25","selector":{"id":"issueDatePicker","viewName":"etm.portal.ui.managehandovers.view.DetailExecuteHO","interaction":{"idSuffix":"inner"}},"clearTextFirst":true,"interactionType":"ENTER_TEXT"}]}
COMMAND: POST /session/ffd02ccbd2ef7f94e44a9324fe7b5a64/element - {"using":"xpath","value":"//bdi[contains(text(), \"OK\")]"}
RESULT: {"using":"xpath","value":"//bdi[contains(text(), \"OK\")]"}
COMMAND: POST /session/ffd02ccbd2ef7f94e44a9324fe7b5a64/element/f.96D49A20C494BCF8563860382D93E39E.d.229E7443217FCE321ED8D39A54DCC7F7.e.16079/click - {}
RESULT: {}
COMMAND: GET /session/ffd02ccbd2ef7f94e44a9324fe7b5a64/screenshot - {}
RESULT: {}
COMMAND: POST /session/ffd02ccbd2ef7f94e44a9324fe7b5a64/element - {"using":"xpath","value":"//button[@data-kt=\"PickingTableConfirmAllButton\"]"}
RESULT: {"using":"xpath","value":"//button[@data-kt=\"PickingTableConfirmAllButton\"]"}
COMMAND: POST /session/ffd02ccbd2ef7f94e44a9324fe7b5a64/element/f.96D49A20C494BCF8563860382D93E39E.d.229E7443217FCE321ED8D39A54DCC7F7.e.16086/click - {}
RESULT: {}
COMMAND: GET /session/ffd02ccbd2ef7f94e44a9324fe7b5a64/screenshot - {}
RESULT: {}
COMMAND: POST /session/ffd02ccbd2ef7f94e44a9324fe7b5a64/element - {"using":"xpath","value":"//bdi[contains(text(), \"OK\")]"}
RESULT: {"using":"xpath","value":"//bdi[contains(text(), \"OK\")]"}
COMMAND: POST /session/ffd02ccbd2ef7f94e44a9324fe7b5a64/element/f.96D49A20C494BCF8563860382D93E39E.d.229E7443217FCE321ED8D39A54DCC7F7.e.16089/click - {}
RESULT: {}
COMMAND: GET /session/ffd02ccbd2ef7f94e44a9324fe7b5a64/screenshot - {}
RESULT: {}
COMMAND: POST /session/ffd02ccbd2ef7f94e44a9324fe7b5a64/element - {"using":"xpath","value":"//bdi[contains(text(), \"Issue\")]"}
RESULT: {"using":"xpath","value":"//bdi[contains(text(), \"Issue\")]"}
COMMAND: POST /session/ffd02ccbd2ef7f94e44a9324fe7b5a64/element/f.96D49A20C494BCF8563860382D93E39E.d.229E7443217FCE321ED8D39A54DCC7F7.e.16091/click - {}
RESULT: {}
COMMAND: GET /session/ffd02ccbd2ef7f94e44a9324fe7b5a64/screenshot - {}
RESULT: {}
COMMAND: POST /session/ffd02ccbd2ef7f94e44a9324fe7b5a64/element - {"using":"css selector","value":"#shell-header-logo"}
RESULT: {"using":"css selector","value":"#shell-header-logo"}
COMMAND: POST /session/ffd02ccbd2ef7f94e44a9324fe7b5a64/element/f.96D49A20C494BCF8563860382D93E39E.d.229E7443217FCE321ED8D39A54DCC7F7.e.15090/click - {}
RESULT: {}
COMMAND: GET /session/ffd02ccbd2ef7f94e44a9324fe7b5a64/screenshot - {}
RESULT: {}
]]></system-out>
    </testcase>
    <testcase classname="chrome.136_0_7103_93.windows.Billing_transfer_US117289" name="Should navigate to Manage Billings and trigger contract calculation business confirm it" time="66.285">
      <system-out><![CDATA[
COMMAND: POST /session/ffd02ccbd2ef7f94e44a9324fe7b5a64/execute/async - {"script":"<script> [1562 bytes]","args":[{"selector":{"controlType":"sap.m.GenericTile","properties":{"header":"Manage Billings"}},"wdio_ui5_key":"sapm.GenericTile{\"header\":\"Manage Billings\"}"}]}
RESULT: {"script":"<script> [1562 bytes]","args":[{"selector":{"controlType":"sap.m.GenericTile","properties":{"header":"Manage Billings"}},"wdio_ui5_key":"sapm.GenericTile{\"header\":\"Manage Billings\"}"}]}
RESULT: undefined
COMMAND: POST /session/ffd02ccbd2ef7f94e44a9324fe7b5a64/element - {"using":"xpath","value":"//*[@id=\"__tile51\"]"}
RESULT: {"using":"xpath","value":"//*[@id=\"__tile51\"]"}
COMMAND: POST /session/ffd02ccbd2ef7f94e44a9324fe7b5a64/element/f.96D49A20C494BCF8563860382D93E39E.d.229E7443217FCE321ED8D39A54DCC7F7.e.13221/click - {}
RESULT: {}
COMMAND: GET /session/ffd02ccbd2ef7f94e44a9324fe7b5a64/screenshot - {}
RESULT: {}
COMMAND: POST /session/ffd02ccbd2ef7f94e44a9324fe7b5a64/elements - {"using":"xpath","value":"//span[text()='Error']"}
RESULT: {"using":"xpath","value":"//span[text()='Error']"}
COMMAND: POST /session/ffd02ccbd2ef7f94e44a9324fe7b5a64/execute/async - {"script":"<script> [1562 bytes]","args":[{"selector":{"id":"application-managebillings-display-component---billRunCalcResult--smartFilterBar-btnBasicSearch","interaction":{"idSuffix":"I"}},"wdio_ui5_key":"applicationmanagebillings-display-component---billRunCalcResult--smartFilterBar-btnBasicSearch"}]}
RESULT: {"script":"<script> [1562 bytes]","args":[{"selector":{"id":"application-managebillings-display-component---billRunCalcResult--smartFilterBar-btnBasicSearch","interaction":{"idSuffix":"I"}},"wdio_ui5_key":"applicationmanagebillings-display-component---billRunCalcResult--smartFilterBar-btnBasicSearch"}]}
RESULT: undefined
COMMAND: POST /session/ffd02ccbd2ef7f94e44a9324fe7b5a64/execute/async - {"script":"<script> [776 bytes]","args":[{"enterText":"10513","selector":{"id":"application-managebillings-display-component---billRunCalcResult--smartFilterBar-btnBasicSearch","interaction":{"idSuffix":"I"}},"clearTextFirst":true,"interactionType":"ENTER_TEXT"}]}
RESULT: {"script":"<script> [776 bytes]","args":[{"enterText":"10513","selector":{"id":"application-managebillings-display-component---billRunCalcResult--smartFilterBar-btnBasicSearch","interaction":{"idSuffix":"I"}},"clearTextFirst":true,"interactionType":"ENTER_TEXT"}]}
COMMAND: POST /session/ffd02ccbd2ef7f94e44a9324fe7b5a64/actions - {"actions":[{"id":"action53","type":"key","parameters":{},"actions":[{"type":"keyDown","value":""},{"type":"pause","duration":10},{"type":"keyUp","value":""}]}]}
RESULT: {"actions":[{"id":"action53","type":"key","parameters":{},"actions":[{"type":"keyDown","value":""},{"type":"pause","duration":10},{"type":"keyUp","value":""}]}]}
COMMAND: GET /session/ffd02ccbd2ef7f94e44a9324fe7b5a64/screenshot - {}
COMMAND: POST /session/ffd02ccbd2ef7f94e44a9324fe7b5a64/element - {"using":"xpath","value":"//td[@aria-colindex=\"1\"]/div/div[contains(@class, \"sapMCbBg\")]"}
RESULT: {}
RESULT: {"using":"xpath","value":"//td[@aria-colindex=\"1\"]/div/div[contains(@class, \"sapMCbBg\")]"}
COMMAND: POST /session/ffd02ccbd2ef7f94e44a9324fe7b5a64/element/f.96D49A20C494BCF8563860382D93E39E.d.229E7443217FCE321ED8D39A54DCC7F7.e.16474/click - {}
RESULT: {}
COMMAND: GET /session/ffd02ccbd2ef7f94e44a9324fe7b5a64/screenshot - {}
RESULT: {}
COMMAND: POST /session/ffd02ccbd2ef7f94e44a9324fe7b5a64/execute/async - {"script":"<script> [1562 bytes]","args":[{"selector":{"id":"application-managebillings-display-component---billRunCalcResult--contractBillRunDate","interaction":{"idSuffix":"inner"}},"wdio_ui5_key":"applicationmanagebillings-display-component---billRunCalcResult--contractBillRunDate"}]}
RESULT: {"script":"<script> [1562 bytes]","args":[{"selector":{"id":"application-managebillings-display-component---billRunCalcResult--contractBillRunDate","interaction":{"idSuffix":"inner"}},"wdio_ui5_key":"applicationmanagebillings-display-component---billRunCalcResult--contractBillRunDate"}]}
RESULT: undefined
COMMAND: POST /session/ffd02ccbd2ef7f94e44a9324fe7b5a64/execute/async - {"script":"<script> [776 bytes]","args":[{"enterText":"6/22/25","selector":{"id":"application-managebillings-display-component---billRunCalcResult--contractBillRunDate","interaction":{"idSuffix":"inner"}},"clearTextFirst":true,"interactionType":"ENTER_TEXT"}]}
RESULT: {"script":"<script> [776 bytes]","args":[{"enterText":"6/22/25","selector":{"id":"application-managebillings-display-component---billRunCalcResult--contractBillRunDate","interaction":{"idSuffix":"inner"}},"clearTextFirst":true,"interactionType":"ENTER_TEXT"}]}
COMMAND: POST /session/ffd02ccbd2ef7f94e44a9324fe7b5a64/element - {"using":"xpath","value":"//bdi[contains(text(), \"Trigger Calculation\")]"}
RESULT: {"using":"xpath","value":"//bdi[contains(text(), \"Trigger Calculation\")]"}
COMMAND: POST /session/ffd02ccbd2ef7f94e44a9324fe7b5a64/element/f.96D49A20C494BCF8563860382D93E39E.d.229E7443217FCE321ED8D39A54DCC7F7.e.16525/click - {}
RESULT: {}
COMMAND: GET /session/ffd02ccbd2ef7f94e44a9324fe7b5a64/screenshot - {}
RESULT: {}
COMMAND: POST /session/ffd02ccbd2ef7f94e44a9324fe7b5a64/element - {"using":"xpath","value":"(//span[contains(@id, \"imgNav\")])[1]"}
RESULT: {"using":"xpath","value":"(//span[contains(@id, \"imgNav\")])[1]"}
COMMAND: POST /session/ffd02ccbd2ef7f94e44a9324fe7b5a64/element/f.96D49A20C494BCF8563860382D93E39E.d.229E7443217FCE321ED8D39A54DCC7F7.e.16475/click - {}
RESULT: {}
COMMAND: GET /session/ffd02ccbd2ef7f94e44a9324fe7b5a64/screenshot - {}
RESULT: {}
COMMAND: POST /session/ffd02ccbd2ef7f94e44a9324fe7b5a64/execute/async - {"script":"<script> [1562 bytes]","args":[{"selector":{"controlType":"sap.ui.core.Icon","viewName":"etm.portal.ui.managebillings.view.Master","viewId":"application-managebillings-display-component---billRunCalcResult","properties":{"src":{"regex":{"source":"slim\\-arrow\\-right"}}}},"wdio_ui5_key":"etmportal.ui.managebillings.view.Mastersap.ui.core.Icon{\"src\":{\"regex\":{\"source\":\"slim\\\\-arrow\\\\-right\"}}}"}]}
RESULT: {"script":"<script> [1562 bytes]","args":[{"selector":{"controlType":"sap.ui.core.Icon","viewName":"etm.portal.ui.managebillings.view.Master","viewId":"application-managebillings-display-component---billRunCalcResult","properties":{"src":{"regex":{"source":"slim\\-arrow\\-right"}}}},"wdio_ui5_key":"etmportal.ui.managebillings.view.Mastersap.ui.core.Icon{\"src\":{\"regex\":{\"source\":\"slim\\\\-arrow\\\\-right\"}}}"}]}
RESULT: undefined
COMMAND: POST /session/ffd02ccbd2ef7f94e44a9324fe7b5a64/element - {"using":"xpath","value":"//*[@id=\"__item2398-application-managebillings-display-component---billRunCalcResult--billingRunsTable-0-imgNav\"]"}
RESULT: {"using":"xpath","value":"//*[@id=\"__item2398-application-managebillings-display-component---billRunCalcResult--billingRunsTable-0-imgNav\"]"}
COMMAND: POST /session/ffd02ccbd2ef7f94e44a9324fe7b5a64/element/f.96D49A20C494BCF8563860382D93E39E.d.229E7443217FCE321ED8D39A54DCC7F7.e.16530/click - {}
RESULT: {}
COMMAND: POST /session/ffd02ccbd2ef7f94e44a9324fe7b5a64/execute/async - {"script":"<script> [1562 bytes]","args":[{"selector":{"id":"application-managebillings-display-component---billRunCalcResult--btnConf","interaction":{"idSuffix":"BDI-content"}},"wdio_ui5_key":"applicationmanagebillings-display-component---billRunCalcResult--btnConf"}]}
COMMAND: GET /session/ffd02ccbd2ef7f94e44a9324fe7b5a64/screenshot - {}
RESULT: {"script":"<script> [1562 bytes]","args":[{"selector":{"id":"application-managebillings-display-component---billRunCalcResult--btnConf","interaction":{"idSuffix":"BDI-content"}},"wdio_ui5_key":"applicationmanagebillings-display-component---billRunCalcResult--btnConf"}]}
RESULT: undefined
COMMAND: POST /session/ffd02ccbd2ef7f94e44a9324fe7b5a64/element - {"using":"xpath","value":"//*[@id=\"application-managebillings-display-component---billRunCalcResult--btnConf\"]"}
RESULT: {}
RESULT: {"using":"xpath","value":"//*[@id=\"application-managebillings-display-component---billRunCalcResult--btnConf\"]"}
COMMAND: POST /session/ffd02ccbd2ef7f94e44a9324fe7b5a64/element/f.96D49A20C494BCF8563860382D93E39E.d.229E7443217FCE321ED8D39A54DCC7F7.e.16574/click - {}
RESULT: {}
COMMAND: POST /session/ffd02ccbd2ef7f94e44a9324fe7b5a64/element - {"using":"css selector","value":"#shell-header-logo"}
COMMAND: GET /session/ffd02ccbd2ef7f94e44a9324fe7b5a64/screenshot - {}
RESULT: {"using":"css selector","value":"#shell-header-logo"}
COMMAND: POST /session/ffd02ccbd2ef7f94e44a9324fe7b5a64/element/f.96D49A20C494BCF8563860382D93E39E.d.229E7443217FCE321ED8D39A54DCC7F7.e.16266/click - {}
RESULT: {}
RESULT: {}
COMMAND: GET /session/ffd02ccbd2ef7f94e44a9324fe7b5a64/screenshot - {}
RESULT: {}
]]></system-out>
    </testcase>
    <testcase classname="chrome.136_0_7103_93.windows.Billing_transfer_US117289" name="Should trigger Billing Transfer process all the way to completion" time="78.72">
      <system-out><![CDATA[
COMMAND: POST /session/ffd02ccbd2ef7f94e44a9324fe7b5a64/execute/async - {"script":"<script> [1562 bytes]","args":[{"selector":{"controlType":"sap.m.GenericTile","properties":{"header":"Billing Transfer"}},"wdio_ui5_key":"sapm.GenericTile{\"header\":\"Billing Transfer\"}"}]}
RESULT: {"script":"<script> [1562 bytes]","args":[{"selector":{"controlType":"sap.m.GenericTile","properties":{"header":"Billing Transfer"}},"wdio_ui5_key":"sapm.GenericTile{\"header\":\"Billing Transfer\"}"}]}
RESULT: undefined
COMMAND: POST /session/ffd02ccbd2ef7f94e44a9324fe7b5a64/element - {"using":"xpath","value":"//*[@id=\"__tile50\"]"}
RESULT: {"using":"xpath","value":"//*[@id=\"__tile50\"]"}
COMMAND: POST /session/ffd02ccbd2ef7f94e44a9324fe7b5a64/element/f.96D49A20C494BCF8563860382D93E39E.d.229E7443217FCE321ED8D39A54DCC7F7.e.13219/click - {}
RESULT: {}
COMMAND: GET /session/ffd02ccbd2ef7f94e44a9324fe7b5a64/screenshot - {}
RESULT: {}
COMMAND: POST /session/ffd02ccbd2ef7f94e44a9324fe7b5a64/elements - {"using":"xpath","value":"//span[text()='Error']"}
RESULT: {"using":"xpath","value":"//span[text()='Error']"}
COMMAND: POST /session/ffd02ccbd2ef7f94e44a9324fe7b5a64/element - {"using":"xpath","value":"//input[contains(@id ,\"application-billingtransfer-display-component---billingWorkbench--smartFilterBar-btnBasicSearch\")]"}
RESULT: {"using":"xpath","value":"//input[contains(@id ,\"application-billingtransfer-display-component---billingWorkbench--smartFilterBar-btnBasicSearch\")]"}
COMMAND: POST /session/ffd02ccbd2ef7f94e44a9324fe7b5a64/elements - {"using":"xpath","value":"//input[contains(@id ,\"application-billingtransfer-display-component---billingWorkbench--smartFilterBar-btnBasicSearch\")]"}
RESULT: {"using":"xpath","value":"//input[contains(@id ,\"application-billingtransfer-display-component---billingWorkbench--smartFilterBar-btnBasicSearch\")]"}
COMMAND: POST /session/ffd02ccbd2ef7f94e44a9324fe7b5a64/execute/sync - {"script":"<script> [8489 bytes]","args":[{"element-6066-11e4-a52e-4f735466cecf":"f.96D49A20C494BCF8563860382D93E39E.d.229E7443217FCE321ED8D39A54DCC7F7.e.16605","ELEMENT":"f.96D49A20C494BCF8563860382D93E39E.d.229E7443217FCE321ED8D39A54DCC7F7.e.16605"}]}
RESULT: {"script":"<script> [8489 bytes]","args":[{"element-6066-11e4-a52e-4f735466cecf":"f.96D49A20C494BCF8563860382D93E39E.d.229E7443217FCE321ED8D39A54DCC7F7.e.16605","ELEMENT":"f.96D49A20C494BCF8563860382D93E39E.d.229E7443217FCE321ED8D39A54DCC7F7.e.16605"}]}
COMMAND: GET /session/ffd02ccbd2ef7f94e44a9324fe7b5a64/element/f.96D49A20C494BCF8563860382D93E39E.d.229E7443217FCE321ED8D39A54DCC7F7.e.16605/enabled - {}
COMMAND: GET /session/ffd02ccbd2ef7f94e44a9324fe7b5a64/screenshot - {}
RESULT: {}
COMMAND: POST /session/ffd02ccbd2ef7f94e44a9324fe7b5a64/element/f.96D49A20C494BCF8563860382D93E39E.d.229E7443217FCE321ED8D39A54DCC7F7.e.16605/click - {}
COMMAND: GET /session/ffd02ccbd2ef7f94e44a9324fe7b5a64/screenshot - {}
RESULT: {}
RESULT: {}
COMMAND: GET /session/ffd02ccbd2ef7f94e44a9324fe7b5a64/screenshot - {}
RESULT: {}
RESULT: {}
COMMAND: POST /session/ffd02ccbd2ef7f94e44a9324fe7b5a64/element/f.96D49A20C494BCF8563860382D93E39E.d.229E7443217FCE321ED8D39A54DCC7F7.e.16605/clear - {}
RESULT: {}
COMMAND: POST /session/ffd02ccbd2ef7f94e44a9324fe7b5a64/element/f.96D49A20C494BCF8563860382D93E39E.d.229E7443217FCE321ED8D39A54DCC7F7.e.16605/value - {"text":"10513"}
COMMAND: GET /session/ffd02ccbd2ef7f94e44a9324fe7b5a64/screenshot - {}
RESULT: {"text":"10513"}
COMMAND: POST /session/ffd02ccbd2ef7f94e44a9324fe7b5a64/actions - {"actions":[{"id":"action54","type":"key","parameters":{},"actions":[{"type":"keyDown","value":""},{"type":"pause","duration":10},{"type":"keyUp","value":""}]}]}
COMMAND: GET /session/ffd02ccbd2ef7f94e44a9324fe7b5a64/screenshot - {}
RESULT: {}
RESULT: {"actions":[{"id":"action54","type":"key","parameters":{},"actions":[{"type":"keyDown","value":""},{"type":"pause","duration":10},{"type":"keyUp","value":""}]}]}
COMMAND: GET /session/ffd02ccbd2ef7f94e44a9324fe7b5a64/screenshot - {}
RESULT: {}
RESULT: {}
COMMAND: POST /session/ffd02ccbd2ef7f94e44a9324fe7b5a64/element - {"using":"xpath","value":"//span[contains(@id ,\"application-billingtransfer-display-component---billingWorkbench--smartTableBillingRuns-header-inner\")]"}
RESULT: {"using":"xpath","value":"//span[contains(@id ,\"application-billingtransfer-display-component---billingWorkbench--smartTableBillingRuns-header-inner\")]"}
COMMAND: POST /session/ffd02ccbd2ef7f94e44a9324fe7b5a64/elements - {"using":"xpath","value":"//span[contains(@id ,\"application-billingtransfer-display-component---billingWorkbench--smartTableBillingRuns-header-inner\")]"}
RESULT: {"using":"xpath","value":"//span[contains(@id ,\"application-billingtransfer-display-component---billingWorkbench--smartTableBillingRuns-header-inner\")]"}
COMMAND: POST /session/ffd02ccbd2ef7f94e44a9324fe7b5a64/execute/sync - {"script":"<script> [56 bytes]","args":[{"element-6066-11e4-a52e-4f735466cecf":"f.96D49A20C494BCF8563860382D93E39E.d.229E7443217FCE321ED8D39A54DCC7F7.e.16974","ELEMENT":"f.96D49A20C494BCF8563860382D93E39E.d.229E7443217FCE321ED8D39A54DCC7F7.e.16974"}]}
RESULT: {"script":"<script> [56 bytes]","args":[{"element-6066-11e4-a52e-4f735466cecf":"f.96D49A20C494BCF8563860382D93E39E.d.229E7443217FCE321ED8D39A54DCC7F7.e.16974","ELEMENT":"f.96D49A20C494BCF8563860382D93E39E.d.229E7443217FCE321ED8D39A54DCC7F7.e.16974"}]}
COMMAND: POST /session/ffd02ccbd2ef7f94e44a9324fe7b5a64/element - {"using":"xpath","value":"//td[@aria-colindex=\"1\"]/div/div[contains(@class, \"sapMCbBg\")]"}
COMMAND: GET /session/ffd02ccbd2ef7f94e44a9324fe7b5a64/screenshot - {}
RESULT: {"using":"xpath","value":"//td[@aria-colindex=\"1\"]/div/div[contains(@class, \"sapMCbBg\")]"}
COMMAND: POST /session/ffd02ccbd2ef7f94e44a9324fe7b5a64/element/f.96D49A20C494BCF8563860382D93E39E.d.229E7443217FCE321ED8D39A54DCC7F7.e.16964/click - {}
RESULT: {}
RESULT: {}
COMMAND: GET /session/ffd02ccbd2ef7f94e44a9324fe7b5a64/screenshot - {}
RESULT: {}
COMMAND: POST /session/ffd02ccbd2ef7f94e44a9324fe7b5a64/element - {"using":"xpath","value":"//bdi[contains(text(), \"Check\")]"}
RESULT: {"using":"xpath","value":"//bdi[contains(text(), \"Check\")]"}
COMMAND: POST /session/ffd02ccbd2ef7f94e44a9324fe7b5a64/element/f.96D49A20C494BCF8563860382D93E39E.d.229E7443217FCE321ED8D39A54DCC7F7.e.16975/click - {}
RESULT: {}
COMMAND: GET /session/ffd02ccbd2ef7f94e44a9324fe7b5a64/screenshot - {}
RESULT: {}
COMMAND: POST /session/ffd02ccbd2ef7f94e44a9324fe7b5a64/element - {"using":"xpath","value":"//bdi[contains(text(), \"OK\")]"}
RESULT: {"using":"xpath","value":"//bdi[contains(text(), \"OK\")]"}
COMMAND: POST /session/ffd02ccbd2ef7f94e44a9324fe7b5a64/element/f.96D49A20C494BCF8563860382D93E39E.d.229E7443217FCE321ED8D39A54DCC7F7.e.16978/click - {}
RESULT: {}
COMMAND: GET /session/ffd02ccbd2ef7f94e44a9324fe7b5a64/screenshot - {}
RESULT: {}
COMMAND: POST /session/ffd02ccbd2ef7f94e44a9324fe7b5a64/element - {"using":"xpath","value":"(//span[contains(text(), \"CO/SD checked\")]/parent::div/preceding-sibling::div/span)[1]"}
RESULT: {"using":"xpath","value":"(//span[contains(text(), \"CO/SD checked\")]/parent::div/preceding-sibling::div/span)[1]"}
COMMAND: POST /session/ffd02ccbd2ef7f94e44a9324fe7b5a64/element/f.96D49A20C494BCF8563860382D93E39E.d.229E7443217FCE321ED8D39A54DCC7F7.e.16979/click - {}
RESULT: {}
COMMAND: GET /session/ffd02ccbd2ef7f94e44a9324fe7b5a64/screenshot - {}
RESULT: {}
COMMAND: POST /session/ffd02ccbd2ef7f94e44a9324fe7b5a64/element - {"using":"xpath","value":"//input[contains(@id ,\"application-billingtransfer-display-component---billingWorkbench--smartFilterBar-btnBasicSearch\")]"}
RESULT: {"using":"xpath","value":"//input[contains(@id ,\"application-billingtransfer-display-component---billingWorkbench--smartFilterBar-btnBasicSearch\")]"}
COMMAND: POST /session/ffd02ccbd2ef7f94e44a9324fe7b5a64/elements - {"using":"xpath","value":"//input[contains(@id ,\"application-billingtransfer-display-component---billingWorkbench--smartFilterBar-btnBasicSearch\")]"}
RESULT: {"using":"xpath","value":"//input[contains(@id ,\"application-billingtransfer-display-component---billingWorkbench--smartFilterBar-btnBasicSearch\")]"}
COMMAND: POST /session/ffd02ccbd2ef7f94e44a9324fe7b5a64/execute/sync - {"script":"<script> [8489 bytes]","args":[{"element-6066-11e4-a52e-4f735466cecf":"f.96D49A20C494BCF8563860382D93E39E.d.229E7443217FCE321ED8D39A54DCC7F7.e.16605","ELEMENT":"f.96D49A20C494BCF8563860382D93E39E.d.229E7443217FCE321ED8D39A54DCC7F7.e.16605"}]}
RESULT: {"script":"<script> [8489 bytes]","args":[{"element-6066-11e4-a52e-4f735466cecf":"f.96D49A20C494BCF8563860382D93E39E.d.229E7443217FCE321ED8D39A54DCC7F7.e.16605","ELEMENT":"f.96D49A20C494BCF8563860382D93E39E.d.229E7443217FCE321ED8D39A54DCC7F7.e.16605"}]}
COMMAND: GET /session/ffd02ccbd2ef7f94e44a9324fe7b5a64/element/f.96D49A20C494BCF8563860382D93E39E.d.229E7443217FCE321ED8D39A54DCC7F7.e.16605/enabled - {}
COMMAND: GET /session/ffd02ccbd2ef7f94e44a9324fe7b5a64/screenshot - {}
RESULT: {}
COMMAND: POST /session/ffd02ccbd2ef7f94e44a9324fe7b5a64/element/f.96D49A20C494BCF8563860382D93E39E.d.229E7443217FCE321ED8D39A54DCC7F7.e.16605/click - {}
COMMAND: GET /session/ffd02ccbd2ef7f94e44a9324fe7b5a64/screenshot - {}
RESULT: {}
RESULT: {}
COMMAND: GET /session/ffd02ccbd2ef7f94e44a9324fe7b5a64/screenshot - {}
RESULT: {}
RESULT: {}
COMMAND: POST /session/ffd02ccbd2ef7f94e44a9324fe7b5a64/element/f.96D49A20C494BCF8563860382D93E39E.d.229E7443217FCE321ED8D39A54DCC7F7.e.16605/clear - {}
RESULT: {}
COMMAND: POST /session/ffd02ccbd2ef7f94e44a9324fe7b5a64/element/f.96D49A20C494BCF8563860382D93E39E.d.229E7443217FCE321ED8D39A54DCC7F7.e.16605/value - {"text":"10513"}
COMMAND: GET /session/ffd02ccbd2ef7f94e44a9324fe7b5a64/screenshot - {}
RESULT: {"text":"10513"}
COMMAND: POST /session/ffd02ccbd2ef7f94e44a9324fe7b5a64/actions - {"actions":[{"id":"action55","type":"key","parameters":{},"actions":[{"type":"keyDown","value":""},{"type":"pause","duration":10},{"type":"keyUp","value":""}]}]}
COMMAND: GET /session/ffd02ccbd2ef7f94e44a9324fe7b5a64/screenshot - {}
RESULT: {}
RESULT: {"actions":[{"id":"action55","type":"key","parameters":{},"actions":[{"type":"keyDown","value":""},{"type":"pause","duration":10},{"type":"keyUp","value":""}]}]}
COMMAND: GET /session/ffd02ccbd2ef7f94e44a9324fe7b5a64/screenshot - {}
RESULT: {}
RESULT: {}
COMMAND: POST /session/ffd02ccbd2ef7f94e44a9324fe7b5a64/element - {"using":"xpath","value":"//span[contains(@id ,\"application-billingtransfer-display-component---billingWorkbench--smartTableBillingRuns-header-inner\")]"}
RESULT: {"using":"xpath","value":"//span[contains(@id ,\"application-billingtransfer-display-component---billingWorkbench--smartTableBillingRuns-header-inner\")]"}
COMMAND: POST /session/ffd02ccbd2ef7f94e44a9324fe7b5a64/elements - {"using":"xpath","value":"//span[contains(@id ,\"application-billingtransfer-display-component---billingWorkbench--smartTableBillingRuns-header-inner\")]"}
RESULT: {"using":"xpath","value":"//span[contains(@id ,\"application-billingtransfer-display-component---billingWorkbench--smartTableBillingRuns-header-inner\")]"}
COMMAND: POST /session/ffd02ccbd2ef7f94e44a9324fe7b5a64/execute/sync - {"script":"<script> [56 bytes]","args":[{"element-6066-11e4-a52e-4f735466cecf":"f.96D49A20C494BCF8563860382D93E39E.d.229E7443217FCE321ED8D39A54DCC7F7.e.16974","ELEMENT":"f.96D49A20C494BCF8563860382D93E39E.d.229E7443217FCE321ED8D39A54DCC7F7.e.16974"}]}
RESULT: {"script":"<script> [56 bytes]","args":[{"element-6066-11e4-a52e-4f735466cecf":"f.96D49A20C494BCF8563860382D93E39E.d.229E7443217FCE321ED8D39A54DCC7F7.e.16974","ELEMENT":"f.96D49A20C494BCF8563860382D93E39E.d.229E7443217FCE321ED8D39A54DCC7F7.e.16974"}]}
COMMAND: POST /session/ffd02ccbd2ef7f94e44a9324fe7b5a64/element - {"using":"xpath","value":"//td[@aria-colindex=\"1\"]/div/div[contains(@class, \"sapMCbBg\")]"}
COMMAND: GET /session/ffd02ccbd2ef7f94e44a9324fe7b5a64/screenshot - {}
RESULT: {"using":"xpath","value":"//td[@aria-colindex=\"1\"]/div/div[contains(@class, \"sapMCbBg\")]"}
COMMAND: POST /session/ffd02ccbd2ef7f94e44a9324fe7b5a64/element/f.96D49A20C494BCF8563860382D93E39E.d.229E7443217FCE321ED8D39A54DCC7F7.e.16983/click - {}
RESULT: {}
RESULT: {}
COMMAND: GET /session/ffd02ccbd2ef7f94e44a9324fe7b5a64/screenshot - {}
RESULT: {}
COMMAND: POST /session/ffd02ccbd2ef7f94e44a9324fe7b5a64/element - {"using":"xpath","value":"//bdi[text()=\"Transfer\"]"}
RESULT: {"using":"xpath","value":"//bdi[text()=\"Transfer\"]"}
COMMAND: POST /session/ffd02ccbd2ef7f94e44a9324fe7b5a64/element/f.96D49A20C494BCF8563860382D93E39E.d.229E7443217FCE321ED8D39A54DCC7F7.e.16984/click - {}
RESULT: {}
COMMAND: GET /session/ffd02ccbd2ef7f94e44a9324fe7b5a64/screenshot - {}
RESULT: {}
COMMAND: POST /session/ffd02ccbd2ef7f94e44a9324fe7b5a64/element - {"using":"xpath","value":"//bdi[contains(text(), \"OK\")]"}
RESULT: {"using":"xpath","value":"//bdi[contains(text(), \"OK\")]"}
COMMAND: POST /session/ffd02ccbd2ef7f94e44a9324fe7b5a64/element/f.96D49A20C494BCF8563860382D93E39E.d.229E7443217FCE321ED8D39A54DCC7F7.e.16987/click - {}
RESULT: {}
COMMAND: GET /session/ffd02ccbd2ef7f94e44a9324fe7b5a64/screenshot - {}
RESULT: {}
COMMAND: POST /session/ffd02ccbd2ef7f94e44a9324fe7b5a64/element - {"using":"xpath","value":"(//span[contains(text(), \"Completed\")]/parent::div/preceding-sibling::div/span)[1]"}
RESULT: {"using":"xpath","value":"(//span[contains(text(), \"Completed\")]/parent::div/preceding-sibling::div/span)[1]"}
COMMAND: POST /session/ffd02ccbd2ef7f94e44a9324fe7b5a64/element/f.96D49A20C494BCF8563860382D93E39E.d.229E7443217FCE321ED8D39A54DCC7F7.e.16995/click - {}
RESULT: {}
COMMAND: POST /session/ffd02ccbd2ef7f94e44a9324fe7b5a64/element - {"using":"xpath","value":"//input[contains(@id ,\"application-billingtransfer-display-component---billingWorkbench--smartFilterBar-btnBasicSearch\")]"}
COMMAND: GET /session/ffd02ccbd2ef7f94e44a9324fe7b5a64/screenshot - {}
RESULT: {"using":"xpath","value":"//input[contains(@id ,\"application-billingtransfer-display-component---billingWorkbench--smartFilterBar-btnBasicSearch\")]"}
COMMAND: POST /session/ffd02ccbd2ef7f94e44a9324fe7b5a64/elements - {"using":"xpath","value":"//input[contains(@id ,\"application-billingtransfer-display-component---billingWorkbench--smartFilterBar-btnBasicSearch\")]"}
RESULT: {}
RESULT: {"using":"xpath","value":"//input[contains(@id ,\"application-billingtransfer-display-component---billingWorkbench--smartFilterBar-btnBasicSearch\")]"}
COMMAND: POST /session/ffd02ccbd2ef7f94e44a9324fe7b5a64/execute/sync - {"script":"<script> [8489 bytes]","args":[{"element-6066-11e4-a52e-4f735466cecf":"f.96D49A20C494BCF8563860382D93E39E.d.229E7443217FCE321ED8D39A54DCC7F7.e.16605","ELEMENT":"f.96D49A20C494BCF8563860382D93E39E.d.229E7443217FCE321ED8D39A54DCC7F7.e.16605"}]}
RESULT: {"script":"<script> [8489 bytes]","args":[{"element-6066-11e4-a52e-4f735466cecf":"f.96D49A20C494BCF8563860382D93E39E.d.229E7443217FCE321ED8D39A54DCC7F7.e.16605","ELEMENT":"f.96D49A20C494BCF8563860382D93E39E.d.229E7443217FCE321ED8D39A54DCC7F7.e.16605"}]}
COMMAND: GET /session/ffd02ccbd2ef7f94e44a9324fe7b5a64/element/f.96D49A20C494BCF8563860382D93E39E.d.229E7443217FCE321ED8D39A54DCC7F7.e.16605/enabled - {}
COMMAND: GET /session/ffd02ccbd2ef7f94e44a9324fe7b5a64/screenshot - {}
RESULT: {}
COMMAND: POST /session/ffd02ccbd2ef7f94e44a9324fe7b5a64/element/f.96D49A20C494BCF8563860382D93E39E.d.229E7443217FCE321ED8D39A54DCC7F7.e.16605/click - {}
COMMAND: GET /session/ffd02ccbd2ef7f94e44a9324fe7b5a64/screenshot - {}
RESULT: {}
RESULT: {}
COMMAND: GET /session/ffd02ccbd2ef7f94e44a9324fe7b5a64/screenshot - {}
RESULT: {}
RESULT: {}
COMMAND: POST /session/ffd02ccbd2ef7f94e44a9324fe7b5a64/element/f.96D49A20C494BCF8563860382D93E39E.d.229E7443217FCE321ED8D39A54DCC7F7.e.16605/clear - {}
RESULT: {}
COMMAND: POST /session/ffd02ccbd2ef7f94e44a9324fe7b5a64/element/f.96D49A20C494BCF8563860382D93E39E.d.229E7443217FCE321ED8D39A54DCC7F7.e.16605/value - {"text":"10513"}
COMMAND: GET /session/ffd02ccbd2ef7f94e44a9324fe7b5a64/screenshot - {}
RESULT: {"text":"10513"}
COMMAND: POST /session/ffd02ccbd2ef7f94e44a9324fe7b5a64/actions - {"actions":[{"id":"action56","type":"key","parameters":{},"actions":[{"type":"keyDown","value":""},{"type":"pause","duration":10},{"type":"keyUp","value":""}]}]}
COMMAND: GET /session/ffd02ccbd2ef7f94e44a9324fe7b5a64/screenshot - {}
RESULT: {}
RESULT: {"actions":[{"id":"action56","type":"key","parameters":{},"actions":[{"type":"keyDown","value":""},{"type":"pause","duration":10},{"type":"keyUp","value":""}]}]}
COMMAND: GET /session/ffd02ccbd2ef7f94e44a9324fe7b5a64/screenshot - {}
RESULT: {}
RESULT: {}
COMMAND: POST /session/ffd02ccbd2ef7f94e44a9324fe7b5a64/element - {"using":"xpath","value":"//span[contains(@id ,\"application-billingtransfer-display-component---billingWorkbench--smartTableBillingRuns-header-inner\")]"}
RESULT: {"using":"xpath","value":"//span[contains(@id ,\"application-billingtransfer-display-component---billingWorkbench--smartTableBillingRuns-header-inner\")]"}
COMMAND: POST /session/ffd02ccbd2ef7f94e44a9324fe7b5a64/elements - {"using":"xpath","value":"//span[contains(@id ,\"application-billingtransfer-display-component---billingWorkbench--smartTableBillingRuns-header-inner\")]"}
RESULT: {"using":"xpath","value":"//span[contains(@id ,\"application-billingtransfer-display-component---billingWorkbench--smartTableBillingRuns-header-inner\")]"}
COMMAND: POST /session/ffd02ccbd2ef7f94e44a9324fe7b5a64/execute/sync - {"script":"<script> [56 bytes]","args":[{"element-6066-11e4-a52e-4f735466cecf":"f.96D49A20C494BCF8563860382D93E39E.d.229E7443217FCE321ED8D39A54DCC7F7.e.16974","ELEMENT":"f.96D49A20C494BCF8563860382D93E39E.d.229E7443217FCE321ED8D39A54DCC7F7.e.16974"}]}
RESULT: {"script":"<script> [56 bytes]","args":[{"element-6066-11e4-a52e-4f735466cecf":"f.96D49A20C494BCF8563860382D93E39E.d.229E7443217FCE321ED8D39A54DCC7F7.e.16974","ELEMENT":"f.96D49A20C494BCF8563860382D93E39E.d.229E7443217FCE321ED8D39A54DCC7F7.e.16974"}]}
COMMAND: POST /session/ffd02ccbd2ef7f94e44a9324fe7b5a64/element - {"using":"css selector","value":"#shell-header-logo"}
COMMAND: GET /session/ffd02ccbd2ef7f94e44a9324fe7b5a64/screenshot - {}
RESULT: {"using":"css selector","value":"#shell-header-logo"}
COMMAND: POST /session/ffd02ccbd2ef7f94e44a9324fe7b5a64/element/f.96D49A20C494BCF8563860382D93E39E.d.229E7443217FCE321ED8D39A54DCC7F7.e.16610/click - {}
RESULT: {}
RESULT: {}
COMMAND: GET /session/ffd02ccbd2ef7f94e44a9324fe7b5a64/screenshot - {}
RESULT: {}
COMMAND: POST /session/ffd02ccbd2ef7f94e44a9324fe7b5a64/element - {"using":"css selector","value":"#j_username"}
COMMAND: POST /session/ffd02ccbd2ef7f94e44a9324fe7b5a64/url - {"url":"https://qa-testing-00-live-etm-ui.cfapps.eu10-004.hana.ondemand.com/"}
RESULT: {"using":"css selector","value":"#j_username"}
COMMAND: POST /session/ffd02ccbd2ef7f94e44a9324fe7b5a64/element - {"using":"css selector","value":"#j_username"}
RESULT: {"url":"https://qa-testing-00-live-etm-ui.cfapps.eu10-004.hana.ondemand.com/"}
RESULT: undefined
COMMAND: GET /session/ffd02ccbd2ef7f94e44a9324fe7b5a64/screenshot - {}
RESULT: {"using":"css selector","value":"#j_username"}
COMMAND: POST /session/ffd02ccbd2ef7f94e44a9324fe7b5a64/element - {"using":"css selector","value":"#shell-header-logo"}
RESULT: {}
RESULT: {"using":"css selector","value":"#shell-header-logo"}
COMMAND: POST /session/ffd02ccbd2ef7f94e44a9324fe7b5a64/execute/sync - {"script":"<script> [8489 bytes]","args":[{"element-6066-11e4-a52e-4f735466cecf":"f.96D49A20C494BCF8563860382D93E39E.d.2AE3F1FB250B031B6D0612A05D8F2EAD.e.17012","ELEMENT":"f.96D49A20C494BCF8563860382D93E39E.d.2AE3F1FB250B031B6D0612A05D8F2EAD.e.17012"}]}
RESULT: {"script":"<script> [8489 bytes]","args":[{"element-6066-11e4-a52e-4f735466cecf":"f.96D49A20C494BCF8563860382D93E39E.d.2AE3F1FB250B031B6D0612A05D8F2EAD.e.17012","ELEMENT":"f.96D49A20C494BCF8563860382D93E39E.d.2AE3F1FB250B031B6D0612A05D8F2EAD.e.17012"}]}
COMMAND: POST /session/ffd02ccbd2ef7f94e44a9324fe7b5a64/element - {"using":"css selector","value":"#shell-header-logo"}
COMMAND: GET /session/ffd02ccbd2ef7f94e44a9324fe7b5a64/screenshot - {}
RESULT: {"using":"css selector","value":"#shell-header-logo"}
COMMAND: POST /session/ffd02ccbd2ef7f94e44a9324fe7b5a64/execute/sync - {"script":"<script> [8489 bytes]","args":[{"element-6066-11e4-a52e-4f735466cecf":"f.96D49A20C494BCF8563860382D93E39E.d.2AE3F1FB250B031B6D0612A05D8F2EAD.e.17012","ELEMENT":"f.96D49A20C494BCF8563860382D93E39E.d.2AE3F1FB250B031B6D0612A05D8F2EAD.e.17012"}]}
RESULT: {}
RESULT: {"script":"<script> [8489 bytes]","args":[{"element-6066-11e4-a52e-4f735466cecf":"f.96D49A20C494BCF8563860382D93E39E.d.2AE3F1FB250B031B6D0612A05D8F2EAD.e.17012","ELEMENT":"f.96D49A20C494BCF8563860382D93E39E.d.2AE3F1FB250B031B6D0612A05D8F2EAD.e.17012"}]}
COMMAND: POST /session/ffd02ccbd2ef7f94e44a9324fe7b5a64/execute/sync - {"script":"<script> [5351 bytes]","args":[{"element-6066-11e4-a52e-4f735466cecf":"f.96D49A20C494BCF8563860382D93E39E.d.2AE3F1FB250B031B6D0612A05D8F2EAD.e.17012","ELEMENT":"f.96D49A20C494BCF8563860382D93E39E.d.2AE3F1FB250B031B6D0612A05D8F2EAD.e.17012"}]}
COMMAND: GET /session/ffd02ccbd2ef7f94e44a9324fe7b5a64/screenshot - {}
RESULT: {"script":"<script> [5351 bytes]","args":[{"element-6066-11e4-a52e-4f735466cecf":"f.96D49A20C494BCF8563860382D93E39E.d.2AE3F1FB250B031B6D0612A05D8F2EAD.e.17012","ELEMENT":"f.96D49A20C494BCF8563860382D93E39E.d.2AE3F1FB250B031B6D0612A05D8F2EAD.e.17012"}]}
COMMAND: POST /session/ffd02ccbd2ef7f94e44a9324fe7b5a64/element - {"using":"css selector","value":"#shell-header-logo"}
COMMAND: GET /session/ffd02ccbd2ef7f94e44a9324fe7b5a64/screenshot - {}
RESULT: {}
RESULT: {"using":"css selector","value":"#shell-header-logo"}
COMMAND: POST /session/ffd02ccbd2ef7f94e44a9324fe7b5a64/element/f.96D49A20C494BCF8563860382D93E39E.d.2AE3F1FB250B031B6D0612A05D8F2EAD.e.17012/click - {}
RESULT: {}
RESULT: {}
COMMAND: GET /session/ffd02ccbd2ef7f94e44a9324fe7b5a64/screenshot - {}
RESULT: {}
COMMAND: POST /session/ffd02ccbd2ef7f94e44a9324fe7b5a64/execute/async - {"script":"<script> [189 bytes]","args":[]}
RESULT: {"script":"<script> [189 bytes]","args":[]}
COMMAND: POST /session/ffd02ccbd2ef7f94e44a9324fe7b5a64/execute/async - {"script":"<script> [123 bytes]","args":[]}
RESULT: {"script":"<script> [123 bytes]","args":[]}
COMMAND: POST /session/ffd02ccbd2ef7f94e44a9324fe7b5a64/timeouts - {"script":"<number>"}
RESULT: {"script":"<number>"}
COMMAND: GET /session/ffd02ccbd2ef7f94e44a9324fe7b5a64/timeouts - {}
RESULT: {}
RESULT: undefined
COMMAND: POST /session/ffd02ccbd2ef7f94e44a9324fe7b5a64/execute/async - {"script":"<script> [2676 bytes]","args":[]}
RESULT: {"script":"<script> [2676 bytes]","args":[]}
COMMAND: POST /session/ffd02ccbd2ef7f94e44a9324fe7b5a64/execute/async - {"script":"<script> [2342 bytes]","args":[{"protocol":"http","hostname":"0.0.0.0","path":"/","capabilities":{"browserName":"chrome","goog:chromeOptions":{"binary":"C:\\Program Files\\Google\\Chrome\\Application\\chrome.exe","args":["--start-maximized"]}},"logLevel":"warn","connectionRetryTimeout":120000,"connectionRetryCount":3,"logLevels":{},"enableDirectConnect":true,"strictSSL":true,"_":"65 more keys: [\"cacheDir\",\"port\",\"requestedCapabilities\",\"automationProtocol\",\"baseUrl\",\"waitforInterval\",\"waitforTimeout\",\"onReload\",\"beforeCommand\",\"afterCommand\",\"rootDir\",\"specs\",\"suites\",\"exclude\",\"groupLogsByTestSpec\",\"excludeDriverLogs\",\"bail\",\"framework\",\"reporters\",\"services\",\"maxInstances\",\"maxInstancesPerCapability\",\"injectGlobals\",\"filesToWatch\",\"execArgv\",\"runnerEnv\",\"runner\",\"shard\",\"specFileRetries\",\"specFileRetriesDelay\",\"specFileRetriesDeferred\",\"reporterSyncInterval\",\"reporterSyncTimeout\",\"cucumberFeaturesWithLineNumbers\",\"autoCompileOpts\",\"mochaOpts\",\"jasmineOpts\",\"cucumberOpts\",\"onPrepare\",\"onWorkerStart\",\"onWorkerEnd\",\"before\",\"beforeSession\",\"beforeSuite\",\"beforeHook\",\"beforeTest\",\"afterTest\",\"afterHook\",\"afterSuite\",\"afterSession\",\"after\",\"onComplete\",\"beforeAssertion\",\"afterAssertion\",\"beforeFeature\",\"beforeScenario\",\"beforeStep\",\"afterStep\",\"afterScenario\",\"afterFeature\",\"_\",\"suite\",\"$0\",\"ignoredWorkerServices\",\"wdi5\"]"}]}
RESULT: {"script":"<script> [2342 bytes]","args":[{"protocol":"http","hostname":"0.0.0.0","path":"/","capabilities":{"browserName":"chrome","goog:chromeOptions":{"binary":"C:\\Program Files\\Google\\Chrome\\Application\\chrome.exe","args":["--start-maximized"]}},"logLevel":"warn","connectionRetryTimeout":120000,"connectionRetryCount":3,"logLevels":{},"enableDirectConnect":true,"strictSSL":true,"_":"65 more keys: [\"cacheDir\",\"port\",\"requestedCapabilities\",\"automationProtocol\",\"baseUrl\",\"waitforInterval\",\"waitforTimeout\",\"onReload\",\"beforeCommand\",\"afterCommand\",\"rootDir\",\"specs\",\"suites\",\"exclude\",\"groupLogsByTestSpec\",\"excludeDriverLogs\",\"bail\",\"framework\",\"reporters\",\"services\",\"maxInstances\",\"maxInstancesPerCapability\",\"injectGlobals\",\"filesToWatch\",\"execArgv\",\"runnerEnv\",\"runner\",\"shard\",\"specFileRetries\",\"specFileRetriesDelay\",\"specFileRetriesDeferred\",\"reporterSyncInterval\",\"reporterSyncTimeout\",\"cucumberFeaturesWithLineNumbers\",\"autoCompileOpts\",\"mochaOpts\",\"jasmineOpts\",\"cucumberOpts\",\"onPrepare\",\"onWorkerStart\",\"onWorkerEnd\",\"before\",\"beforeSession\",\"beforeSuite\",\"beforeHook\",\"beforeTest\",\"afterTest\",\"afterHook\",\"afterSuite\",\"afterSession\",\"after\",\"onComplete\",\"beforeAssertion\",\"afterAssertion\",\"beforeFeature\",\"beforeScenario\",\"beforeStep\",\"afterStep\",\"afterScenario\",\"afterFeature\",\"_\",\"suite\",\"$0\",\"ignoredWorkerServices\",\"wdi5\"]"}]}
COMMAND: POST /session/ffd02ccbd2ef7f94e44a9324fe7b5a64/execute/async - {"script":"<script> [21126 bytes]","args":[35000]}
RESULT: {"script":"<script> [21126 bytes]","args":[35000]}
COMMAND: POST /session/ffd02ccbd2ef7f94e44a9324fe7b5a64/window/maximize - {}
RESULT: {}
COMMAND: POST /session/ffd02ccbd2ef7f94e44a9324fe7b5a64/execute/async - {"script":"<script> [1562 bytes]","args":[{"selector":{"id":"shell-header","interaction":{"idSuffix":"icon"}},"wdio_ui5_key":"shellheader"}]}
COMMAND: GET /session/ffd02ccbd2ef7f94e44a9324fe7b5a64/screenshot - {}
RESULT: {"script":"<script> [1562 bytes]","args":[{"selector":{"id":"shell-header","interaction":{"idSuffix":"icon"}},"wdio_ui5_key":"shellheader"}]}
RESULT: undefined
COMMAND: POST /session/ffd02ccbd2ef7f94e44a9324fe7b5a64/refresh - {}
RESULT: {}
RESULT: {}
COMMAND: GET /session/ffd02ccbd2ef7f94e44a9324fe7b5a64/screenshot - {}
RESULT: {}
COMMAND: POST /session/ffd02ccbd2ef7f94e44a9324fe7b5a64/refresh - {}
RESULT: {}
COMMAND: GET /session/ffd02ccbd2ef7f94e44a9324fe7b5a64/screenshot - {}
RESULT: {}
COMMAND: POST /session/ffd02ccbd2ef7f94e44a9324fe7b5a64/window/fullscreen - {}
RESULT: {}
COMMAND: POST /session/ffd02ccbd2ef7f94e44a9324fe7b5a64/execute/async - {"script":"<script> [189 bytes]","args":[]}
RESULT: {"script":"<script> [189 bytes]","args":[]}
COMMAND: POST /session/ffd02ccbd2ef7f94e44a9324fe7b5a64/execute/async - {"script":"<script> [123 bytes]","args":[]}
RESULT: {"script":"<script> [123 bytes]","args":[]}
COMMAND: POST /session/ffd02ccbd2ef7f94e44a9324fe7b5a64/timeouts - {"script":"<number>"}
RESULT: {"script":"<number>"}
COMMAND: GET /session/ffd02ccbd2ef7f94e44a9324fe7b5a64/timeouts - {}
RESULT: {}
RESULT: undefined
COMMAND: POST /session/ffd02ccbd2ef7f94e44a9324fe7b5a64/execute/async - {"script":"<script> [2676 bytes]","args":[]}
RESULT: {"script":"<script> [2676 bytes]","args":[]}
COMMAND: POST /session/ffd02ccbd2ef7f94e44a9324fe7b5a64/execute/async - {"script":"<script> [2342 bytes]","args":[{"protocol":"http","hostname":"0.0.0.0","path":"/","capabilities":{"browserName":"chrome","goog:chromeOptions":{"binary":"C:\\Program Files\\Google\\Chrome\\Application\\chrome.exe","args":["--start-maximized"]}},"logLevel":"warn","connectionRetryTimeout":120000,"connectionRetryCount":3,"logLevels":{},"enableDirectConnect":true,"strictSSL":true,"_":"65 more keys: [\"cacheDir\",\"port\",\"requestedCapabilities\",\"automationProtocol\",\"baseUrl\",\"waitforInterval\",\"waitforTimeout\",\"onReload\",\"beforeCommand\",\"afterCommand\",\"rootDir\",\"specs\",\"suites\",\"exclude\",\"groupLogsByTestSpec\",\"excludeDriverLogs\",\"bail\",\"framework\",\"reporters\",\"services\",\"maxInstances\",\"maxInstancesPerCapability\",\"injectGlobals\",\"filesToWatch\",\"execArgv\",\"runnerEnv\",\"runner\",\"shard\",\"specFileRetries\",\"specFileRetriesDelay\",\"specFileRetriesDeferred\",\"reporterSyncInterval\",\"reporterSyncTimeout\",\"cucumberFeaturesWithLineNumbers\",\"autoCompileOpts\",\"mochaOpts\",\"jasmineOpts\",\"cucumberOpts\",\"onPrepare\",\"onWorkerStart\",\"onWorkerEnd\",\"before\",\"beforeSession\",\"beforeSuite\",\"beforeHook\",\"beforeTest\",\"afterTest\",\"afterHook\",\"afterSuite\",\"afterSession\",\"after\",\"onComplete\",\"beforeAssertion\",\"afterAssertion\",\"beforeFeature\",\"beforeScenario\",\"beforeStep\",\"afterStep\",\"afterScenario\",\"afterFeature\",\"_\",\"suite\",\"$0\",\"ignoredWorkerServices\",\"wdi5\"]"}]}
RESULT: {"script":"<script> [2342 bytes]","args":[{"protocol":"http","hostname":"0.0.0.0","path":"/","capabilities":{"browserName":"chrome","goog:chromeOptions":{"binary":"C:\\Program Files\\Google\\Chrome\\Application\\chrome.exe","args":["--start-maximized"]}},"logLevel":"warn","connectionRetryTimeout":120000,"connectionRetryCount":3,"logLevels":{},"enableDirectConnect":true,"strictSSL":true,"_":"65 more keys: [\"cacheDir\",\"port\",\"requestedCapabilities\",\"automationProtocol\",\"baseUrl\",\"waitforInterval\",\"waitforTimeout\",\"onReload\",\"beforeCommand\",\"afterCommand\",\"rootDir\",\"specs\",\"suites\",\"exclude\",\"groupLogsByTestSpec\",\"excludeDriverLogs\",\"bail\",\"framework\",\"reporters\",\"services\",\"maxInstances\",\"maxInstancesPerCapability\",\"injectGlobals\",\"filesToWatch\",\"execArgv\",\"runnerEnv\",\"runner\",\"shard\",\"specFileRetries\",\"specFileRetriesDelay\",\"specFileRetriesDeferred\",\"reporterSyncInterval\",\"reporterSyncTimeout\",\"cucumberFeaturesWithLineNumbers\",\"autoCompileOpts\",\"mochaOpts\",\"jasmineOpts\",\"cucumberOpts\",\"onPrepare\",\"onWorkerStart\",\"onWorkerEnd\",\"before\",\"beforeSession\",\"beforeSuite\",\"beforeHook\",\"beforeTest\",\"afterTest\",\"afterHook\",\"afterSuite\",\"afterSession\",\"after\",\"onComplete\",\"beforeAssertion\",\"afterAssertion\",\"beforeFeature\",\"beforeScenario\",\"beforeStep\",\"afterStep\",\"afterScenario\",\"afterFeature\",\"_\",\"suite\",\"$0\",\"ignoredWorkerServices\",\"wdi5\"]"}]}
COMMAND: POST /session/ffd02ccbd2ef7f94e44a9324fe7b5a64/execute/async - {"script":"<script> [21126 bytes]","args":[35000]}
RESULT: {"script":"<script> [21126 bytes]","args":[35000]}
]]></system-out>
    </testcase>
  </testsuite>
  <testsuite timestamp="2025-05-22T18:22:41" time="745.774" tests="12" failures="0" errors="0" skipped="0">
    <properties>
      <property name="specId" value="0"/>
      <property name="suiteName" value="Create Reverse Billing US127248"/>
      <property name="capabilities" value="chrome.136_0_7103_93.windows"/>
      <property name="file" value="file:///D:/a/1/s/test/specs/BTS/reverse-billing.spec.js"/>
    </properties>
    <testcase classname="chrome.136_0_7103_93.windows.Create_Reverse_Billing_US127248" name="Should create a new yard" time="0.031">
      <system-out><![CDATA[
COMMAND: POST /session/ffd02ccbd2ef7f94e44a9324fe7b5a64/window/fullscreen - {}
RESULT: {}
]]></system-out>
    </testcase>
    <testcase classname="chrome.136_0_7103_93.windows.Create_Reverse_Billing_US127248" name="Should create a new partner" time="0.005"/>
    <testcase classname="chrome.136_0_7103_93.windows.Create_Reverse_Billing_US127248" name="Should create a new site" time="0.003"/>
    <testcase classname="chrome.136_0_7103_93.windows.Create_Reverse_Billing_US127248" name="Should create a resource" time="149.367">
      <system-out><![CDATA[
COMMAND: POST /session/ffd02ccbd2ef7f94e44a9324fe7b5a64/execute/async - {"script":"<script> [1562 bytes]","args":[{"selector":{"controlType":"sap.m.GenericTile","properties":{"header":"Manage Resources"}},"wdio_ui5_key":"sapm.GenericTile{\"header\":\"Manage Resources\"}"}]}
RESULT: {"script":"<script> [1562 bytes]","args":[{"selector":{"controlType":"sap.m.GenericTile","properties":{"header":"Manage Resources"}},"wdio_ui5_key":"sapm.GenericTile{\"header\":\"Manage Resources\"}"}]}
RESULT: undefined
COMMAND: POST /session/ffd02ccbd2ef7f94e44a9324fe7b5a64/element - {"using":"xpath","value":"//*[@id=\"__tile39\"]"}
RESULT: {"using":"xpath","value":"//*[@id=\"__tile39\"]"}
COMMAND: POST /session/ffd02ccbd2ef7f94e44a9324fe7b5a64/element/f.96D49A20C494BCF8563860382D93E39E.d.1E6AC0EA0C5947C7C503BDEB4EFC8C37.e.17161/click - {}
RESULT: {}
COMMAND: GET /session/ffd02ccbd2ef7f94e44a9324fe7b5a64/screenshot - {}
RESULT: {}
COMMAND: POST /session/ffd02ccbd2ef7f94e44a9324fe7b5a64/elements - {"using":"xpath","value":"//span[text()='Error']"}
RESULT: {"using":"xpath","value":"//span[text()='Error']"}
COMMAND: POST /session/ffd02ccbd2ef7f94e44a9324fe7b5a64/element - {"using":"xpath","value":"//button[@data-kt=\"addNewRUOverflowToolbarButton\"]"}
RESULT: {"using":"xpath","value":"//button[@data-kt=\"addNewRUOverflowToolbarButton\"]"}
COMMAND: POST /session/ffd02ccbd2ef7f94e44a9324fe7b5a64/elements - {"using":"xpath","value":"//button[@data-kt=\"addNewRUOverflowToolbarButton\"]"}
RESULT: {"using":"xpath","value":"//button[@data-kt=\"addNewRUOverflowToolbarButton\"]"}
COMMAND: POST /session/ffd02ccbd2ef7f94e44a9324fe7b5a64/elements - {"using":"xpath","value":"//button[@data-kt=\"addNewRUOverflowToolbarButton\"]"}
RESULT: {"using":"xpath","value":"//button[@data-kt=\"addNewRUOverflowToolbarButton\"]"}
COMMAND: POST /session/ffd02ccbd2ef7f94e44a9324fe7b5a64/elements - {"using":"xpath","value":"//button[@data-kt=\"addNewRUOverflowToolbarButton\"]"}
RESULT: {"using":"xpath","value":"//button[@data-kt=\"addNewRUOverflowToolbarButton\"]"}
COMMAND: POST /session/ffd02ccbd2ef7f94e44a9324fe7b5a64/elements - {"using":"xpath","value":"//button[@data-kt=\"addNewRUOverflowToolbarButton\"]"}
RESULT: {"using":"xpath","value":"//button[@data-kt=\"addNewRUOverflowToolbarButton\"]"}
COMMAND: POST /session/ffd02ccbd2ef7f94e44a9324fe7b5a64/elements - {"using":"xpath","value":"//button[@data-kt=\"addNewRUOverflowToolbarButton\"]"}
RESULT: {"using":"xpath","value":"//button[@data-kt=\"addNewRUOverflowToolbarButton\"]"}
COMMAND: POST /session/ffd02ccbd2ef7f94e44a9324fe7b5a64/elements - {"using":"xpath","value":"//button[@data-kt=\"addNewRUOverflowToolbarButton\"]"}
RESULT: {"using":"xpath","value":"//button[@data-kt=\"addNewRUOverflowToolbarButton\"]"}
COMMAND: POST /session/ffd02ccbd2ef7f94e44a9324fe7b5a64/elements - {"using":"xpath","value":"//button[@data-kt=\"addNewRUOverflowToolbarButton\"]"}
RESULT: {"using":"xpath","value":"//button[@data-kt=\"addNewRUOverflowToolbarButton\"]"}
COMMAND: POST /session/ffd02ccbd2ef7f94e44a9324fe7b5a64/elements - {"using":"xpath","value":"//button[@data-kt=\"addNewRUOverflowToolbarButton\"]"}
RESULT: {"using":"xpath","value":"//button[@data-kt=\"addNewRUOverflowToolbarButton\"]"}
COMMAND: POST /session/ffd02ccbd2ef7f94e44a9324fe7b5a64/elements - {"using":"xpath","value":"//button[@data-kt=\"addNewRUOverflowToolbarButton\"]"}
RESULT: {"using":"xpath","value":"//button[@data-kt=\"addNewRUOverflowToolbarButton\"]"}
COMMAND: POST /session/ffd02ccbd2ef7f94e44a9324fe7b5a64/elements - {"using":"xpath","value":"//button[@data-kt=\"addNewRUOverflowToolbarButton\"]"}
RESULT: {"using":"xpath","value":"//button[@data-kt=\"addNewRUOverflowToolbarButton\"]"}
COMMAND: POST /session/ffd02ccbd2ef7f94e44a9324fe7b5a64/elements - {"using":"xpath","value":"//button[@data-kt=\"addNewRUOverflowToolbarButton\"]"}
RESULT: {"using":"xpath","value":"//button[@data-kt=\"addNewRUOverflowToolbarButton\"]"}
COMMAND: POST /session/ffd02ccbd2ef7f94e44a9324fe7b5a64/elements - {"using":"xpath","value":"//button[@data-kt=\"addNewRUOverflowToolbarButton\"]"}
RESULT: {"using":"xpath","value":"//button[@data-kt=\"addNewRUOverflowToolbarButton\"]"}
COMMAND: POST /session/ffd02ccbd2ef7f94e44a9324fe7b5a64/elements - {"using":"xpath","value":"//button[@data-kt=\"addNewRUOverflowToolbarButton\"]"}
RESULT: {"using":"xpath","value":"//button[@data-kt=\"addNewRUOverflowToolbarButton\"]"}
COMMAND: POST /session/ffd02ccbd2ef7f94e44a9324fe7b5a64/elements - {"using":"xpath","value":"//button[@data-kt=\"addNewRUOverflowToolbarButton\"]"}
RESULT: {"using":"xpath","value":"//button[@data-kt=\"addNewRUOverflowToolbarButton\"]"}
COMMAND: POST /session/ffd02ccbd2ef7f94e44a9324fe7b5a64/elements - {"using":"xpath","value":"//button[@data-kt=\"addNewRUOverflowToolbarButton\"]"}
RESULT: {"using":"xpath","value":"//button[@data-kt=\"addNewRUOverflowToolbarButton\"]"}
COMMAND: POST /session/ffd02ccbd2ef7f94e44a9324fe7b5a64/elements - {"using":"xpath","value":"//button[@data-kt=\"addNewRUOverflowToolbarButton\"]"}
RESULT: {"using":"xpath","value":"//button[@data-kt=\"addNewRUOverflowToolbarButton\"]"}
COMMAND: POST /session/ffd02ccbd2ef7f94e44a9324fe7b5a64/elements - {"using":"xpath","value":"//button[@data-kt=\"addNewRUOverflowToolbarButton\"]"}
RESULT: {"using":"xpath","value":"//button[@data-kt=\"addNewRUOverflowToolbarButton\"]"}
COMMAND: POST /session/ffd02ccbd2ef7f94e44a9324fe7b5a64/elements - {"using":"xpath","value":"//button[@data-kt=\"addNewRUOverflowToolbarButton\"]"}
RESULT: {"using":"xpath","value":"//button[@data-kt=\"addNewRUOverflowToolbarButton\"]"}
COMMAND: POST /session/ffd02ccbd2ef7f94e44a9324fe7b5a64/element - {"using":"xpath","value":"//button[@data-kt=\"addNewRUOverflowToolbarButton\"]"}
RESULT: {"using":"xpath","value":"//button[@data-kt=\"addNewRUOverflowToolbarButton\"]"}
COMMAND: POST /session/ffd02ccbd2ef7f94e44a9324fe7b5a64/execute/sync - {"script":"<script> [8489 bytes]","args":[{"element-6066-11e4-a52e-4f735466cecf":"f.96D49A20C494BCF8563860382D93E39E.d.1E6AC0EA0C5947C7C503BDEB4EFC8C37.e.17303","ELEMENT":"f.96D49A20C494BCF8563860382D93E39E.d.1E6AC0EA0C5947C7C503BDEB4EFC8C37.e.17303"}]}
RESULT: {"script":"<script> [8489 bytes]","args":[{"element-6066-11e4-a52e-4f735466cecf":"f.96D49A20C494BCF8563860382D93E39E.d.1E6AC0EA0C5947C7C503BDEB4EFC8C37.e.17303","ELEMENT":"f.96D49A20C494BCF8563860382D93E39E.d.1E6AC0EA0C5947C7C503BDEB4EFC8C37.e.17303"}]}
COMMAND: GET /session/ffd02ccbd2ef7f94e44a9324fe7b5a64/element/f.96D49A20C494BCF8563860382D93E39E.d.1E6AC0EA0C5947C7C503BDEB4EFC8C37.e.17303/enabled - {}
COMMAND: GET /session/ffd02ccbd2ef7f94e44a9324fe7b5a64/screenshot - {}
RESULT: {}
COMMAND: POST /session/ffd02ccbd2ef7f94e44a9324fe7b5a64/execute/sync - {"script":"<script> [8489 bytes]","args":[{"element-6066-11e4-a52e-4f735466cecf":"f.96D49A20C494BCF8563860382D93E39E.d.1E6AC0EA0C5947C7C503BDEB4EFC8C37.e.17303","ELEMENT":"f.96D49A20C494BCF8563860382D93E39E.d.1E6AC0EA0C5947C7C503BDEB4EFC8C37.e.17303"}]}
COMMAND: GET /session/ffd02ccbd2ef7f94e44a9324fe7b5a64/screenshot - {}
RESULT: {}
RESULT: {"script":"<script> [8489 bytes]","args":[{"element-6066-11e4-a52e-4f735466cecf":"f.96D49A20C494BCF8563860382D93E39E.d.1E6AC0EA0C5947C7C503BDEB4EFC8C37.e.17303","ELEMENT":"f.96D49A20C494BCF8563860382D93E39E.d.1E6AC0EA0C5947C7C503BDEB4EFC8C37.e.17303"}]}
COMMAND: POST /session/ffd02ccbd2ef7f94e44a9324fe7b5a64/execute/sync - {"script":"<script> [5351 bytes]","args":[{"element-6066-11e4-a52e-4f735466cecf":"f.96D49A20C494BCF8563860382D93E39E.d.1E6AC0EA0C5947C7C503BDEB4EFC8C37.e.17303","ELEMENT":"f.96D49A20C494BCF8563860382D93E39E.d.1E6AC0EA0C5947C7C503BDEB4EFC8C37.e.17303"}]}
COMMAND: GET /session/ffd02ccbd2ef7f94e44a9324fe7b5a64/screenshot - {}
RESULT: {}
RESULT: {"script":"<script> [5351 bytes]","args":[{"element-6066-11e4-a52e-4f735466cecf":"f.96D49A20C494BCF8563860382D93E39E.d.1E6AC0EA0C5947C7C503BDEB4EFC8C37.e.17303","ELEMENT":"f.96D49A20C494BCF8563860382D93E39E.d.1E6AC0EA0C5947C7C503BDEB4EFC8C37.e.17303"}]}
COMMAND: POST /session/ffd02ccbd2ef7f94e44a9324fe7b5a64/element/f.96D49A20C494BCF8563860382D93E39E.d.1E6AC0EA0C5947C7C503BDEB4EFC8C37.e.17303/click - {}
COMMAND: GET /session/ffd02ccbd2ef7f94e44a9324fe7b5a64/screenshot - {}
RESULT: {}
RESULT: {}
COMMAND: GET /session/ffd02ccbd2ef7f94e44a9324fe7b5a64/screenshot - {}
RESULT: {}
COMMAND: POST /session/ffd02ccbd2ef7f94e44a9324fe7b5a64/execute/async - {"script":"<script> [1562 bytes]","args":[{"selector":{"id":"application-manageresources-display-component---newResourceUnit--TYPE-arrow"},"wdio_ui5_key":"applicationmanageresources-display-component---newResourceUnit--TYPE-arrow"}]}
RESULT: {}
RESULT: {"script":"<script> [1562 bytes]","args":[{"selector":{"id":"application-manageresources-display-component---newResourceUnit--TYPE-arrow"},"wdio_ui5_key":"applicationmanageresources-display-component---newResourceUnit--TYPE-arrow"}]}
RESULT: undefined
COMMAND: POST /session/ffd02ccbd2ef7f94e44a9324fe7b5a64/element - {"using":"xpath","value":"//*[@id=\"application-manageresources-display-component---newResourceUnit--TYPE-arrow\"]"}
RESULT: {"using":"xpath","value":"//*[@id=\"application-manageresources-display-component---newResourceUnit--TYPE-arrow\"]"}
COMMAND: POST /session/ffd02ccbd2ef7f94e44a9324fe7b5a64/element/f.96D49A20C494BCF8563860382D93E39E.d.1E6AC0EA0C5947C7C503BDEB4EFC8C37.e.17648/click - {}
RESULT: {}
COMMAND: POST /session/ffd02ccbd2ef7f94e44a9324fe7b5a64/element - {"using":"xpath","value":"//input[@id=\"application-manageresources-display-component---newResourceUnit--TYPE-inner\"]"}
COMMAND: GET /session/ffd02ccbd2ef7f94e44a9324fe7b5a64/screenshot - {}
RESULT: {"using":"xpath","value":"//input[@id=\"application-manageresources-display-component---newResourceUnit--TYPE-inner\"]"}
COMMAND: POST /session/ffd02ccbd2ef7f94e44a9324fe7b5a64/element/f.96D49A20C494BCF8563860382D93E39E.d.1E6AC0EA0C5947C7C503BDEB4EFC8C37.e.17643/clear - {}
RESULT: {}
RESULT: {}
COMMAND: POST /session/ffd02ccbd2ef7f94e44a9324fe7b5a64/element/f.96D49A20C494BCF8563860382D93E39E.d.1E6AC0EA0C5947C7C503BDEB4EFC8C37.e.17643/value - {"text":"Equipment"}
COMMAND: GET /session/ffd02ccbd2ef7f94e44a9324fe7b5a64/screenshot - {}
RESULT: {"text":"Equipment"}
COMMAND: GET /session/ffd02ccbd2ef7f94e44a9324fe7b5a64/screenshot - {}
RESULT: {}
RESULT: {}
COMMAND: POST /session/ffd02ccbd2ef7f94e44a9324fe7b5a64/actions - {"actions":[{"id":"action57","type":"key","parameters":{},"actions":[{"type":"keyDown","value":""},{"type":"pause","duration":10},{"type":"keyUp","value":""}]}]}
RESULT: {"actions":[{"id":"action57","type":"key","parameters":{},"actions":[{"type":"keyDown","value":""},{"type":"pause","duration":10},{"type":"keyUp","value":""}]}]}
COMMAND: POST /session/ffd02ccbd2ef7f94e44a9324fe7b5a64/execute/async - {"script":"<script> [1562 bytes]","args":[{"selector":{"id":"application-manageresources-display-component---newResourceUnit--resourceId","interaction":{"idSuffix":"inner"}},"wdio_ui5_key":"applicationmanageresources-display-component---newResourceUnit--resourceId"}]}
COMMAND: GET /session/ffd02ccbd2ef7f94e44a9324fe7b5a64/screenshot - {}
RESULT: {"script":"<script> [1562 bytes]","args":[{"selector":{"id":"application-manageresources-display-component---newResourceUnit--resourceId","interaction":{"idSuffix":"inner"}},"wdio_ui5_key":"applicationmanageresources-display-component---newResourceUnit--resourceId"}]}
RESULT: undefined
COMMAND: POST /session/ffd02ccbd2ef7f94e44a9324fe7b5a64/execute/async - {"script":"<script> [776 bytes]","args":[{"enterText":"D54KNqK8fR","selector":{"id":"application-manageresources-display-component---newResourceUnit--resourceId","interaction":{"idSuffix":"inner"}},"clearTextFirst":true,"interactionType":"ENTER_TEXT"}]}
RESULT: {}
RESULT: {"script":"<script> [776 bytes]","args":[{"enterText":"D54KNqK8fR","selector":{"id":"application-manageresources-display-component---newResourceUnit--resourceId","interaction":{"idSuffix":"inner"}},"clearTextFirst":true,"interactionType":"ENTER_TEXT"}]}
COMMAND: POST /session/ffd02ccbd2ef7f94e44a9324fe7b5a64/execute/async - {"script":"<script> [1562 bytes]","args":[{"selector":{"id":"application-manageresources-display-component---newResourceUnit--SHORT_TEXT","interaction":{"idSuffix":"inner"}},"wdio_ui5_key":"applicationmanageresources-display-component---newResourceUnit--SHORT_TEXT"}]}
RESULT: {"script":"<script> [1562 bytes]","args":[{"selector":{"id":"application-manageresources-display-component---newResourceUnit--SHORT_TEXT","interaction":{"idSuffix":"inner"}},"wdio_ui5_key":"applicationmanageresources-display-component---newResourceUnit--SHORT_TEXT"}]}
RESULT: undefined
COMMAND: POST /session/ffd02ccbd2ef7f94e44a9324fe7b5a64/execute/async - {"script":"<script> [776 bytes]","args":[{"enterText":"Intercompany Equipment WDIO","selector":{"id":"application-manageresources-display-component---newResourceUnit--SHORT_TEXT","interaction":{"idSuffix":"inner"}},"clearTextFirst":true,"interactionType":"ENTER_TEXT"}]}
RESULT: {"script":"<script> [776 bytes]","args":[{"enterText":"Intercompany Equipment WDIO","selector":{"id":"application-manageresources-display-component---newResourceUnit--SHORT_TEXT","interaction":{"idSuffix":"inner"}},"clearTextFirst":true,"interactionType":"ENTER_TEXT"}]}
COMMAND: POST /session/ffd02ccbd2ef7f94e44a9324fe7b5a64/execute/async - {"script":"<script> [1562 bytes]","args":[{"selector":{"id":"application-manageresources-display-component---newResourceUnit--BASE_UNIT_OF_MEASURE","interaction":{"idSuffix":"inner"}},"wdio_ui5_key":"applicationmanageresources-display-component---newResourceUnit--BASE_UNIT_OF_MEASURE"}]}
RESULT: {"script":"<script> [1562 bytes]","args":[{"selector":{"id":"application-manageresources-display-component---newResourceUnit--BASE_UNIT_OF_MEASURE","interaction":{"idSuffix":"inner"}},"wdio_ui5_key":"applicationmanageresources-display-component---newResourceUnit--BASE_UNIT_OF_MEASURE"}]}
RESULT: undefined
COMMAND: POST /session/ffd02ccbd2ef7f94e44a9324fe7b5a64/execute/async - {"script":"<script> [776 bytes]","args":[{"enterText":"Piece","selector":{"id":"application-manageresources-display-component---newResourceUnit--BASE_UNIT_OF_MEASURE","interaction":{"idSuffix":"inner"}},"clearTextFirst":true,"interactionType":"ENTER_TEXT"}]}
RESULT: {"script":"<script> [776 bytes]","args":[{"enterText":"Piece","selector":{"id":"application-manageresources-display-component---newResourceUnit--BASE_UNIT_OF_MEASURE","interaction":{"idSuffix":"inner"}},"clearTextFirst":true,"interactionType":"ENTER_TEXT"}]}
COMMAND: POST /session/ffd02ccbd2ef7f94e44a9324fe7b5a64/execute/async - {"script":"<script> [1562 bytes]","args":[{"selector":{"id":"application-manageresources-display-component---newResourceUnit--WEIGHT_UNIT","interaction":{"idSuffix":"inner"}},"wdio_ui5_key":"applicationmanageresources-display-component---newResourceUnit--WEIGHT_UNIT"}]}
RESULT: {"script":"<script> [1562 bytes]","args":[{"selector":{"id":"application-manageresources-display-component---newResourceUnit--WEIGHT_UNIT","interaction":{"idSuffix":"inner"}},"wdio_ui5_key":"applicationmanageresources-display-component---newResourceUnit--WEIGHT_UNIT"}]}
RESULT: undefined
COMMAND: POST /session/ffd02ccbd2ef7f94e44a9324fe7b5a64/execute/async - {"script":"<script> [776 bytes]","args":[{"enterText":"Gram","selector":{"id":"application-manageresources-display-component---newResourceUnit--WEIGHT_UNIT","interaction":{"idSuffix":"inner"}},"clearTextFirst":true,"interactionType":"ENTER_TEXT"}]}
RESULT: {"script":"<script> [776 bytes]","args":[{"enterText":"Gram","selector":{"id":"application-manageresources-display-component---newResourceUnit--WEIGHT_UNIT","interaction":{"idSuffix":"inner"}},"clearTextFirst":true,"interactionType":"ENTER_TEXT"}]}
COMMAND: POST /session/ffd02ccbd2ef7f94e44a9324fe7b5a64/execute/async - {"script":"<script> [1562 bytes]","args":[{"selector":{"id":"application-manageresources-display-component---newResourceUnit--DIMENSION_UNIT","interaction":{"idSuffix":"inner"}},"wdio_ui5_key":"applicationmanageresources-display-component---newResourceUnit--DIMENSION_UNIT"}]}
RESULT: {"script":"<script> [1562 bytes]","args":[{"selector":{"id":"application-manageresources-display-component---newResourceUnit--DIMENSION_UNIT","interaction":{"idSuffix":"inner"}},"wdio_ui5_key":"applicationmanageresources-display-component---newResourceUnit--DIMENSION_UNIT"}]}
RESULT: undefined
COMMAND: POST /session/ffd02ccbd2ef7f94e44a9324fe7b5a64/execute/async - {"script":"<script> [776 bytes]","args":[{"enterText":"Meter","selector":{"id":"application-manageresources-display-component---newResourceUnit--DIMENSION_UNIT","interaction":{"idSuffix":"inner"}},"clearTextFirst":true,"interactionType":"ENTER_TEXT"}]}
RESULT: {"script":"<script> [776 bytes]","args":[{"enterText":"Meter","selector":{"id":"application-manageresources-display-component---newResourceUnit--DIMENSION_UNIT","interaction":{"idSuffix":"inner"}},"clearTextFirst":true,"interactionType":"ENTER_TEXT"}]}
COMMAND: POST /session/ffd02ccbd2ef7f94e44a9324fe7b5a64/execute/async - {"script":"<script> [1562 bytes]","args":[{"selector":{"id":"application-manageresources-display-component---newResourceUnit--newRRUPage-anchBar-application-manageresources-display-component---newResourceUnit--control-anchor","interaction":{"idSuffix":"BDI-content"}},"wdio_ui5_key":"applicationmanageresources-display-component---newResourceUnit--newRRUPage-anchBar-application-manageresources-display-component---newResourceUnit--control-anchor"}]}
RESULT: {"script":"<script> [1562 bytes]","args":[{"selector":{"id":"application-manageresources-display-component---newResourceUnit--newRRUPage-anchBar-application-manageresources-display-component---newResourceUnit--control-anchor","interaction":{"idSuffix":"BDI-content"}},"wdio_ui5_key":"applicationmanageresources-display-component---newResourceUnit--newRRUPage-anchBar-application-manageresources-display-component---newResourceUnit--control-anchor"}]}
RESULT: undefined
COMMAND: POST /session/ffd02ccbd2ef7f94e44a9324fe7b5a64/element - {"using":"xpath","value":"//*[@id=\"application-manageresources-display-component---newResourceUnit--newRRUPage-anchBar-application-manageresources-display-component---newResourceUnit--control-anchor\"]"}
RESULT: {"using":"xpath","value":"//*[@id=\"application-manageresources-display-component---newResourceUnit--newRRUPage-anchBar-application-manageresources-display-component---newResourceUnit--control-anchor\"]"}
COMMAND: POST /session/ffd02ccbd2ef7f94e44a9324fe7b5a64/element/f.96D49A20C494BCF8563860382D93E39E.d.1E6AC0EA0C5947C7C503BDEB4EFC8C37.e.17780/click - {}
RESULT: {}
COMMAND: POST /session/ffd02ccbd2ef7f94e44a9324fe7b5a64/execute/async - {"script":"<script> [1562 bytes]","args":[{"selector":{"id":"application-manageresources-display-component---newResourceUnit--PLANNING_GROUP","interaction":{"idSuffix":"inner"}},"wdio_ui5_key":"applicationmanageresources-display-component---newResourceUnit--PLANNING_GROUP"}]}
COMMAND: GET /session/ffd02ccbd2ef7f94e44a9324fe7b5a64/screenshot - {}
RESULT: {"script":"<script> [1562 bytes]","args":[{"selector":{"id":"application-manageresources-display-component---newResourceUnit--PLANNING_GROUP","interaction":{"idSuffix":"inner"}},"wdio_ui5_key":"applicationmanageresources-display-component---newResourceUnit--PLANNING_GROUP"}]}
RESULT: undefined
COMMAND: POST /session/ffd02ccbd2ef7f94e44a9324fe7b5a64/execute/async - {"script":"<script> [776 bytes]","args":[{"enterText":"Heavy Equi","selector":{"id":"application-manageresources-display-component---newResourceUnit--PLANNING_GROUP","interaction":{"idSuffix":"inner"}},"clearTextFirst":true,"interactionType":"ENTER_TEXT"}]}
RESULT: {}
RESULT: {"script":"<script> [776 bytes]","args":[{"enterText":"Heavy Equi","selector":{"id":"application-manageresources-display-component---newResourceUnit--PLANNING_GROUP","interaction":{"idSuffix":"inner"}},"clearTextFirst":true,"interactionType":"ENTER_TEXT"}]}
COMMAND: POST /session/ffd02ccbd2ef7f94e44a9324fe7b5a64/execute/async - {"script":"<script> [1562 bytes]","args":[{"selector":{"id":"application-manageresources-display-component---newResourceUnit--ITEM_TYPE-arrow"},"wdio_ui5_key":"applicationmanageresources-display-component---newResourceUnit--ITEM_TYPE-arrow"}]}
RESULT: {"script":"<script> [1562 bytes]","args":[{"selector":{"id":"application-manageresources-display-component---newResourceUnit--ITEM_TYPE-arrow"},"wdio_ui5_key":"applicationmanageresources-display-component---newResourceUnit--ITEM_TYPE-arrow"}]}
RESULT: undefined
COMMAND: POST /session/ffd02ccbd2ef7f94e44a9324fe7b5a64/element - {"using":"xpath","value":"//*[@id=\"application-manageresources-display-component---newResourceUnit--ITEM_TYPE-arrow\"]"}
RESULT: {"using":"xpath","value":"//*[@id=\"application-manageresources-display-component---newResourceUnit--ITEM_TYPE-arrow\"]"}
COMMAND: POST /session/ffd02ccbd2ef7f94e44a9324fe7b5a64/element/f.96D49A20C494BCF8563860382D93E39E.d.1E6AC0EA0C5947C7C503BDEB4EFC8C37.e.17789/click - {}
RESULT: {}
COMMAND: POST /session/ffd02ccbd2ef7f94e44a9324fe7b5a64/element - {"using":"xpath","value":"(//span[contains(text(), \"Resource Unit\")])[2]"}
COMMAND: GET /session/ffd02ccbd2ef7f94e44a9324fe7b5a64/screenshot - {}
RESULT: {"using":"xpath","value":"(//span[contains(text(), \"Resource Unit\")])[2]"}
COMMAND: POST /session/ffd02ccbd2ef7f94e44a9324fe7b5a64/element/f.96D49A20C494BCF8563860382D93E39E.d.1E6AC0EA0C5947C7C503BDEB4EFC8C37.e.17790/click - {}
RESULT: {}
RESULT: {}
COMMAND: GET /session/ffd02ccbd2ef7f94e44a9324fe7b5a64/screenshot - {}
RESULT: {}
COMMAND: POST /session/ffd02ccbd2ef7f94e44a9324fe7b5a64/element - {"using":"css selector","value":"#application-manageresources-display-component---newResourceUnit--btnAddTimeSegment"}
RESULT: {"using":"css selector","value":"#application-manageresources-display-component---newResourceUnit--btnAddTimeSegment"}
COMMAND: GET /session/ffd02ccbd2ef7f94e44a9324fe7b5a64/element/f.96D49A20C494BCF8563860382D93E39E.d.1E6AC0EA0C5947C7C503BDEB4EFC8C37.e.17791/rect - {}
RESULT: {}
COMMAND: GET /session/ffd02ccbd2ef7f94e44a9324fe7b5a64/window/rect - {}
RESULT: {}
COMMAND: POST /session/ffd02ccbd2ef7f94e44a9324fe7b5a64/execute/sync - {"script":"<script> [92 bytes]","args":[]}
RESULT: {"script":"<script> [92 bytes]","args":[]}
COMMAND: POST /session/ffd02ccbd2ef7f94e44a9324fe7b5a64/actions - {"actions":[{"id":"action58","type":"wheel","parameters":{},"actions":[{"type":"scroll","x":-1888,"y":-32,"deltaX":0,"deltaY":0,"duration":0,"origin":{"element-6066-11e4-a52e-4f735466cecf":"f.96D49A20C494BCF8563860382D93E39E.d.1E6AC0EA0C5947C7C503BDEB4EFC8C37.e.17791"}}]}]}
COMMAND: GET /session/ffd02ccbd2ef7f94e44a9324fe7b5a64/screenshot - {}
RESULT: {}
COMMAND: POST /session/ffd02ccbd2ef7f94e44a9324fe7b5a64/execute/sync - {"script":"<script> [79 bytes]","args":[{"element-6066-11e4-a52e-4f735466cecf":"f.96D49A20C494BCF8563860382D93E39E.d.1E6AC0EA0C5947C7C503BDEB4EFC8C37.e.17791","ELEMENT":"f.96D49A20C494BCF8563860382D93E39E.d.1E6AC0EA0C5947C7C503BDEB4EFC8C37.e.17791"},{"block":"start","inline":"nearest"}]}
RESULT: {"script":"<script> [79 bytes]","args":[{"element-6066-11e4-a52e-4f735466cecf":"f.96D49A20C494BCF8563860382D93E39E.d.1E6AC0EA0C5947C7C503BDEB4EFC8C37.e.17791","ELEMENT":"f.96D49A20C494BCF8563860382D93E39E.d.1E6AC0EA0C5947C7C503BDEB4EFC8C37.e.17791"},{"block":"start","inline":"nearest"}]}
COMMAND: POST /session/ffd02ccbd2ef7f94e44a9324fe7b5a64/execute/async - {"script":"<script> [1562 bytes]","args":[{"selector":{"id":"application-manageresources-display-component---newResourceUnit--btnAddTimeSegment","interaction":{"idSuffix":"inner"}},"wdio_ui5_key":"applicationmanageresources-display-component---newResourceUnit--btnAddTimeSegment"}]}
COMMAND: GET /session/ffd02ccbd2ef7f94e44a9324fe7b5a64/screenshot - {}
RESULT: {"script":"<script> [1562 bytes]","args":[{"selector":{"id":"application-manageresources-display-component---newResourceUnit--btnAddTimeSegment","interaction":{"idSuffix":"inner"}},"wdio_ui5_key":"applicationmanageresources-display-component---newResourceUnit--btnAddTimeSegment"}]}
RESULT: undefined
COMMAND: POST /session/ffd02ccbd2ef7f94e44a9324fe7b5a64/element - {"using":"xpath","value":"//*[@id=\"application-manageresources-display-component---newResourceUnit--btnAddTimeSegment\"]"}
RESULT: {}
RESULT: {"using":"xpath","value":"//*[@id=\"application-manageresources-display-component---newResourceUnit--btnAddTimeSegment\"]"}
COMMAND: POST /session/ffd02ccbd2ef7f94e44a9324fe7b5a64/element/f.96D49A20C494BCF8563860382D93E39E.d.1E6AC0EA0C5947C7C503BDEB4EFC8C37.e.17791/click - {}
RESULT: {}
COMMAND: GET /session/ffd02ccbd2ef7f94e44a9324fe7b5a64/screenshot - {}
RESULT: {}
COMMAND: POST /session/ffd02ccbd2ef7f94e44a9324fe7b5a64/element - {"using":"xpath","value":"//input[@id=\"application-manageresources-display-component---newResourceUnit--idRuTSAdmin-application-manageresources-display-component---newResourceUnit--RUTimeSegment-0-inner\"]"}
RESULT: {"using":"xpath","value":"//input[@id=\"application-manageresources-display-component---newResourceUnit--idRuTSAdmin-application-manageresources-display-component---newResourceUnit--RUTimeSegment-0-inner\"]"}
COMMAND: POST /session/ffd02ccbd2ef7f94e44a9324fe7b5a64/element/f.96D49A20C494BCF8563860382D93E39E.d.1E6AC0EA0C5947C7C503BDEB4EFC8C37.e.17797/clear - {}
RESULT: {}
COMMAND: POST /session/ffd02ccbd2ef7f94e44a9324fe7b5a64/element/f.96D49A20C494BCF8563860382D93E39E.d.1E6AC0EA0C5947C7C503BDEB4EFC8C37.e.17797/value - {"text":"684"}
COMMAND: GET /session/ffd02ccbd2ef7f94e44a9324fe7b5a64/screenshot - {}
RESULT: {"text":"684"}
COMMAND: GET /session/ffd02ccbd2ef7f94e44a9324fe7b5a64/screenshot - {}
RESULT: {}
RESULT: {}
COMMAND: POST /session/ffd02ccbd2ef7f94e44a9324fe7b5a64/element - {"using":"xpath","value":"//li[.//span[text()='684']]"}
RESULT: {"using":"xpath","value":"//li[.//span[text()='684']]"}
COMMAND: POST /session/ffd02ccbd2ef7f94e44a9324fe7b5a64/element/f.96D49A20C494BCF8563860382D93E39E.d.1E6AC0EA0C5947C7C503BDEB4EFC8C37.e.17809/click - {}
RESULT: {}
COMMAND: GET /session/ffd02ccbd2ef7f94e44a9324fe7b5a64/screenshot - {}
RESULT: {}
COMMAND: POST /session/ffd02ccbd2ef7f94e44a9324fe7b5a64/element - {"using":"xpath","value":"(//span[contains(@id, \"-application-manageresources-display-component---newResourceUnit--RUTimeSegment-0-arrow\")])[6]"}
RESULT: {"using":"xpath","value":"(//span[contains(@id, \"-application-manageresources-display-component---newResourceUnit--RUTimeSegment-0-arrow\")])[6]"}
COMMAND: POST /session/ffd02ccbd2ef7f94e44a9324fe7b5a64/element/f.96D49A20C494BCF8563860382D93E39E.d.1E6AC0EA0C5947C7C503BDEB4EFC8C37.e.17810/click - {}
RESULT: {}
COMMAND: GET /session/ffd02ccbd2ef7f94e44a9324fe7b5a64/screenshot - {}
RESULT: {}
COMMAND: POST /session/ffd02ccbd2ef7f94e44a9324fe7b5a64/element - {"using":"xpath","value":"//span[contains(text(), \"PM Order\")]"}
RESULT: {"using":"xpath","value":"//span[contains(text(), \"PM Order\")]"}
COMMAND: POST /session/ffd02ccbd2ef7f94e44a9324fe7b5a64/element/f.96D49A20C494BCF8563860382D93E39E.d.1E6AC0EA0C5947C7C503BDEB4EFC8C37.e.17813/click - {}
RESULT: {}
COMMAND: GET /session/ffd02ccbd2ef7f94e44a9324fe7b5a64/screenshot - {}
RESULT: {}
COMMAND: POST /session/ffd02ccbd2ef7f94e44a9324fe7b5a64/element - {"using":"xpath","value":"(//span[contains(@id ,\"manageresources-display-component---newResourceUnit--RUTimeSegment-0-vhi\")])[1]"}
RESULT: {"using":"xpath","value":"(//span[contains(@id ,\"manageresources-display-component---newResourceUnit--RUTimeSegment-0-vhi\")])[1]"}
COMMAND: GET /session/ffd02ccbd2ef7f94e44a9324fe7b5a64/element/f.96D49A20C494BCF8563860382D93E39E.d.1E6AC0EA0C5947C7C503BDEB4EFC8C37.e.17817/rect - {}
RESULT: {}
COMMAND: GET /session/ffd02ccbd2ef7f94e44a9324fe7b5a64/window/rect - {}
RESULT: {}
COMMAND: POST /session/ffd02ccbd2ef7f94e44a9324fe7b5a64/execute/sync - {"script":"<script> [92 bytes]","args":[]}
RESULT: {"script":"<script> [92 bytes]","args":[]}
COMMAND: POST /session/ffd02ccbd2ef7f94e44a9324fe7b5a64/actions - {"actions":[{"id":"action59","type":"wheel","parameters":{},"actions":[{"type":"scroll","x":-869,"y":-24,"deltaX":0,"deltaY":0,"duration":0,"origin":{"element-6066-11e4-a52e-4f735466cecf":"f.96D49A20C494BCF8563860382D93E39E.d.1E6AC0EA0C5947C7C503BDEB4EFC8C37.e.17817"}}]}]}
COMMAND: GET /session/ffd02ccbd2ef7f94e44a9324fe7b5a64/screenshot - {}
RESULT: {"actions":[{"id":"action59","type":"wheel","parameters":{},"actions":[{"type":"scroll","x":-869,"y":-24,"deltaX":0,"deltaY":0,"duration":0,"origin":{"element-6066-11e4-a52e-4f735466cecf":"f.96D49A20C494BCF8563860382D93E39E.d.1E6AC0EA0C5947C7C503BDEB4EFC8C37.e.17817"}}]}]}
COMMAND: DELETE /session/ffd02ccbd2ef7f94e44a9324fe7b5a64/actions - {}
COMMAND: GET /session/ffd02ccbd2ef7f94e44a9324fe7b5a64/screenshot - {}
RESULT: {}
RESULT: {}
COMMAND: GET /session/ffd02ccbd2ef7f94e44a9324fe7b5a64/screenshot - {}
RESULT: {}
RESULT: {}
COMMAND: POST /session/ffd02ccbd2ef7f94e44a9324fe7b5a64/element/f.96D49A20C494BCF8563860382D93E39E.d.1E6AC0EA0C5947C7C503BDEB4EFC8C37.e.17817/click - {}
RESULT: {}
COMMAND: GET /session/ffd02ccbd2ef7f94e44a9324fe7b5a64/screenshot - {}
RESULT: {}
COMMAND: POST /session/ffd02ccbd2ef7f94e44a9324fe7b5a64/execute/async - {"script":"<script> [1562 bytes]","args":[{"selector":{"controlType":"sap.m.SearchField","properties":{"placeholder":"Search"},"searchOpenDialogs":true,"interaction":{"idSuffix":"I"}},"wdio_ui5_key":"sapm.SearchField{\"placeholder\":\"Search\"}"}]}
RESULT: {"script":"<script> [1562 bytes]","args":[{"selector":{"controlType":"sap.m.SearchField","properties":{"placeholder":"Search"},"searchOpenDialogs":true,"interaction":{"idSuffix":"I"}},"wdio_ui5_key":"sapm.SearchField{\"placeholder\":\"Search\"}"}]}
RESULT: undefined
COMMAND: POST /session/ffd02ccbd2ef7f94e44a9324fe7b5a64/execute/async - {"script":"<script> [776 bytes]","args":[{"enterText":"4000360","selector":{"controlType":"sap.m.SearchField","properties":{"placeholder":"Search"},"searchOpenDialogs":true,"interaction":{"idSuffix":"I"}},"clearTextFirst":true,"interactionType":"ENTER_TEXT"}]}
RESULT: {"script":"<script> [776 bytes]","args":[{"enterText":"4000360","selector":{"controlType":"sap.m.SearchField","properties":{"placeholder":"Search"},"searchOpenDialogs":true,"interaction":{"idSuffix":"I"}},"clearTextFirst":true,"interactionType":"ENTER_TEXT"}]}
COMMAND: POST /session/ffd02ccbd2ef7f94e44a9324fe7b5a64/actions - {"actions":[{"id":"action60","type":"key","parameters":{},"actions":[{"type":"keyDown","value":""},{"type":"pause","duration":10},{"type":"keyUp","value":""}]}]}
RESULT: {"actions":[{"id":"action60","type":"key","parameters":{},"actions":[{"type":"keyDown","value":""},{"type":"pause","duration":10},{"type":"keyUp","value":""}]}]}
COMMAND: GET /session/ffd02ccbd2ef7f94e44a9324fe7b5a64/screenshot - {}
RESULT: {}
COMMAND: POST /session/ffd02ccbd2ef7f94e44a9324fe7b5a64/element - {"using":"xpath","value":"//td/div/span[contains(text(), \"BGL Vehicles\")]"}
RESULT: {"using":"xpath","value":"//td/div/span[contains(text(), \"BGL Vehicles\")]"}
COMMAND: POST /session/ffd02ccbd2ef7f94e44a9324fe7b5a64/element/f.96D49A20C494BCF8563860382D93E39E.d.1E6AC0EA0C5947C7C503BDEB4EFC8C37.e.17838/click - {}
RESULT: {}
COMMAND: GET /session/ffd02ccbd2ef7f94e44a9324fe7b5a64/screenshot - {}
RESULT: {}
COMMAND: POST /session/ffd02ccbd2ef7f94e44a9324fe7b5a64/element - {"using":"xpath","value":"//bdi[contains(text(), \"OK\")]"}
RESULT: {"using":"xpath","value":"//bdi[contains(text(), \"OK\")]"}
COMMAND: POST /session/ffd02ccbd2ef7f94e44a9324fe7b5a64/element/f.96D49A20C494BCF8563860382D93E39E.d.1E6AC0EA0C5947C7C503BDEB4EFC8C37.e.17839/click - {}
RESULT: {}
COMMAND: GET /session/ffd02ccbd2ef7f94e44a9324fe7b5a64/screenshot - {}
RESULT: {}
COMMAND: POST /session/ffd02ccbd2ef7f94e44a9324fe7b5a64/execute/async - {"script":"<script> [1562 bytes]","args":[{"selector":{"id":"application-manageresources-display-component---newResourceUnit--newRRUPage-anchBar-application-manageresources-display-component---newResourceUnit--resource-anchor","interaction":{"idSuffix":"BDI-content"}},"wdio_ui5_key":"applicationmanageresources-display-component---newResourceUnit--newRRUPage-anchBar-application-manageresources-display-component---newResourceUnit--resource-anchor"}]}
RESULT: {"script":"<script> [1562 bytes]","args":[{"selector":{"id":"application-manageresources-display-component---newResourceUnit--newRRUPage-anchBar-application-manageresources-display-component---newResourceUnit--resource-anchor","interaction":{"idSuffix":"BDI-content"}},"wdio_ui5_key":"applicationmanageresources-display-component---newResourceUnit--newRRUPage-anchBar-application-manageresources-display-component---newResourceUnit--resource-anchor"}]}
RESULT: undefined
COMMAND: POST /session/ffd02ccbd2ef7f94e44a9324fe7b5a64/element - {"using":"xpath","value":"//*[@id=\"application-manageresources-display-component---newResourceUnit--newRRUPage-anchBar-application-manageresources-display-component---newResourceUnit--resource-anchor\"]"}
RESULT: {"using":"xpath","value":"//*[@id=\"application-manageresources-display-component---newResourceUnit--newRRUPage-anchBar-application-manageresources-display-component---newResourceUnit--resource-anchor\"]"}
COMMAND: POST /session/ffd02ccbd2ef7f94e44a9324fe7b5a64/element/f.96D49A20C494BCF8563860382D93E39E.d.1E6AC0EA0C5947C7C503BDEB4EFC8C37.e.17843/click - {}
RESULT: {}
COMMAND: POST /session/ffd02ccbd2ef7f94e44a9324fe7b5a64/execute/async - {"script":"<script> [1562 bytes]","args":[{"selector":{"id":"application-manageresources-display-component---newResourceUnit--PLANNED_DELIVERY_DATE","interaction":{"idSuffix":"inner"}},"wdio_ui5_key":"applicationmanageresources-display-component---newResourceUnit--PLANNED_DELIVERY_DATE"}]}
COMMAND: GET /session/ffd02ccbd2ef7f94e44a9324fe7b5a64/screenshot - {}
RESULT: {"script":"<script> [1562 bytes]","args":[{"selector":{"id":"application-manageresources-display-component---newResourceUnit--PLANNED_DELIVERY_DATE","interaction":{"idSuffix":"inner"}},"wdio_ui5_key":"applicationmanageresources-display-component---newResourceUnit--PLANNED_DELIVERY_DATE"}]}
RESULT: undefined
COMMAND: POST /session/ffd02ccbd2ef7f94e44a9324fe7b5a64/execute/async - {"script":"<script> [6424 bytes]","args":[{"element-6066-11e4-a52e-4f735466cecf":"f.96D49A20C494BCF8563860382D93E39E.d.1E6AC0EA0C5947C7C503BDEB4EFC8C37.e.17704"},"setValue",["5/22/25"]]}
RESULT: {}
RESULT: {"script":"<script> [6424 bytes]","args":[{"element-6066-11e4-a52e-4f735466cecf":"f.96D49A20C494BCF8563860382D93E39E.d.1E6AC0EA0C5947C7C503BDEB4EFC8C37.e.17704"},"setValue",["5/22/25"]]}
COMMAND: POST /session/ffd02ccbd2ef7f94e44a9324fe7b5a64/element - {"using":"xpath","value":"//label[contains(@class, 'sapMLabelRequired') and .//bdi[contains(text(), 'Planned Retirement')]]"}
RESULT: {"using":"xpath","value":"//label[contains(@class, 'sapMLabelRequired') and .//bdi[contains(text(), 'Planned Retirement')]]"}
COMMAND: POST /session/ffd02ccbd2ef7f94e44a9324fe7b5a64/elements - {"using":"xpath","value":"//label[contains(@class, 'sapMLabelRequired') and .//bdi[contains(text(), 'Planned Retirement')]]"}
RESULT: {"using":"xpath","value":"//label[contains(@class, 'sapMLabelRequired') and .//bdi[contains(text(), 'Planned Retirement')]]"}
COMMAND: POST /session/ffd02ccbd2ef7f94e44a9324fe7b5a64/element - {"using":"xpath","value":"//button[@data-kt=\"resourceUnitSaveButton\"]"}
RESULT: {"using":"xpath","value":"//button[@data-kt=\"resourceUnitSaveButton\"]"}
COMMAND: POST /session/ffd02ccbd2ef7f94e44a9324fe7b5a64/element/f.96D49A20C494BCF8563860382D93E39E.d.1E6AC0EA0C5947C7C503BDEB4EFC8C37.e.17664/click - {}
RESULT: {}
COMMAND: GET /session/ffd02ccbd2ef7f94e44a9324fe7b5a64/screenshot - {}
RESULT: {}
COMMAND: POST /session/ffd02ccbd2ef7f94e44a9324fe7b5a64/element - {"using":"xpath","value":"//bdi[contains(text(), \"Close\")]"}
RESULT: {"using":"xpath","value":"//bdi[contains(text(), \"Close\")]"}
COMMAND: POST /session/ffd02ccbd2ef7f94e44a9324fe7b5a64/element/f.96D49A20C494BCF8563860382D93E39E.d.1E6AC0EA0C5947C7C503BDEB4EFC8C37.e.17851/click - {}
RESULT: {}
COMMAND: GET /session/ffd02ccbd2ef7f94e44a9324fe7b5a64/screenshot - {}
RESULT: {}
COMMAND: POST /session/ffd02ccbd2ef7f94e44a9324fe7b5a64/element - {"using":"xpath","value":"(//button[contains(@id ,\"actionsToolbar-overflowButton\")])[1]"}
RESULT: {"using":"xpath","value":"(//button[contains(@id ,\"actionsToolbar-overflowButton\")])[1]"}
COMMAND: POST /session/ffd02ccbd2ef7f94e44a9324fe7b5a64/element/f.96D49A20C494BCF8563860382D93E39E.d.1E6AC0EA0C5947C7C503BDEB4EFC8C37.e.17881/click - {}
RESULT: {}
COMMAND: GET /session/ffd02ccbd2ef7f94e44a9324fe7b5a64/screenshot - {}
RESULT: {}
COMMAND: POST /session/ffd02ccbd2ef7f94e44a9324fe7b5a64/element - {"using":"xpath","value":"//button[@data-kt=\"priceInfoButton\"]"}
RESULT: {"using":"xpath","value":"//button[@data-kt=\"priceInfoButton\"]"}
COMMAND: POST /session/ffd02ccbd2ef7f94e44a9324fe7b5a64/element/f.96D49A20C494BCF8563860382D93E39E.d.1E6AC0EA0C5947C7C503BDEB4EFC8C37.e.17883/click - {}
RESULT: {}
COMMAND: GET /session/ffd02ccbd2ef7f94e44a9324fe7b5a64/screenshot - {}
]]></system-out>
    </testcase>
    <testcase classname="chrome.136_0_7103_93.windows.Create_Reverse_Billing_US127248" name="Should create a pricing procedure" time="59.118">
      <system-out><![CDATA[
COMMAND: POST /session/ffd02ccbd2ef7f94e44a9324fe7b5a64/element - {"using":"xpath","value":"//button[@data-kt=\"addButton\"]"}
RESULT: {}
RESULT: {"using":"xpath","value":"//button[@data-kt=\"addButton\"]"}
COMMAND: POST /session/ffd02ccbd2ef7f94e44a9324fe7b5a64/elements - {"using":"xpath","value":"//button[@data-kt=\"addButton\"]"}
RESULT: {"using":"xpath","value":"//button[@data-kt=\"addButton\"]"}
COMMAND: POST /session/ffd02ccbd2ef7f94e44a9324fe7b5a64/execute/sync - {"script":"<script> [8489 bytes]","args":[{"element-6066-11e4-a52e-4f735466cecf":"f.96D49A20C494BCF8563860382D93E39E.d.1E6AC0EA0C5947C7C503BDEB4EFC8C37.e.17920","ELEMENT":"f.96D49A20C494BCF8563860382D93E39E.d.1E6AC0EA0C5947C7C503BDEB4EFC8C37.e.17920"}]}
RESULT: {"script":"<script> [8489 bytes]","args":[{"element-6066-11e4-a52e-4f735466cecf":"f.96D49A20C494BCF8563860382D93E39E.d.1E6AC0EA0C5947C7C503BDEB4EFC8C37.e.17920","ELEMENT":"f.96D49A20C494BCF8563860382D93E39E.d.1E6AC0EA0C5947C7C503BDEB4EFC8C37.e.17920"}]}
COMMAND: GET /session/ffd02ccbd2ef7f94e44a9324fe7b5a64/element/f.96D49A20C494BCF8563860382D93E39E.d.1E6AC0EA0C5947C7C503BDEB4EFC8C37.e.17920/enabled - {}
COMMAND: GET /session/ffd02ccbd2ef7f94e44a9324fe7b5a64/screenshot - {}
RESULT: {}
COMMAND: POST /session/ffd02ccbd2ef7f94e44a9324fe7b5a64/execute/sync - {"script":"<script> [8489 bytes]","args":[{"element-6066-11e4-a52e-4f735466cecf":"f.96D49A20C494BCF8563860382D93E39E.d.1E6AC0EA0C5947C7C503BDEB4EFC8C37.e.17920","ELEMENT":"f.96D49A20C494BCF8563860382D93E39E.d.1E6AC0EA0C5947C7C503BDEB4EFC8C37.e.17920"}]}
COMMAND: GET /session/ffd02ccbd2ef7f94e44a9324fe7b5a64/screenshot - {}
RESULT: {}
RESULT: {"script":"<script> [8489 bytes]","args":[{"element-6066-11e4-a52e-4f735466cecf":"f.96D49A20C494BCF8563860382D93E39E.d.1E6AC0EA0C5947C7C503BDEB4EFC8C37.e.17920","ELEMENT":"f.96D49A20C494BCF8563860382D93E39E.d.1E6AC0EA0C5947C7C503BDEB4EFC8C37.e.17920"}]}
COMMAND: POST /session/ffd02ccbd2ef7f94e44a9324fe7b5a64/execute/sync - {"script":"<script> [5351 bytes]","args":[{"element-6066-11e4-a52e-4f735466cecf":"f.96D49A20C494BCF8563860382D93E39E.d.1E6AC0EA0C5947C7C503BDEB4EFC8C37.e.17920","ELEMENT":"f.96D49A20C494BCF8563860382D93E39E.d.1E6AC0EA0C5947C7C503BDEB4EFC8C37.e.17920"}]}
COMMAND: GET /session/ffd02ccbd2ef7f94e44a9324fe7b5a64/screenshot - {}
RESULT: {}
RESULT: {"script":"<script> [5351 bytes]","args":[{"element-6066-11e4-a52e-4f735466cecf":"f.96D49A20C494BCF8563860382D93E39E.d.1E6AC0EA0C5947C7C503BDEB4EFC8C37.e.17920","ELEMENT":"f.96D49A20C494BCF8563860382D93E39E.d.1E6AC0EA0C5947C7C503BDEB4EFC8C37.e.17920"}]}
COMMAND: POST /session/ffd02ccbd2ef7f94e44a9324fe7b5a64/element/f.96D49A20C494BCF8563860382D93E39E.d.1E6AC0EA0C5947C7C503BDEB4EFC8C37.e.17920/click - {}
COMMAND: GET /session/ffd02ccbd2ef7f94e44a9324fe7b5a64/screenshot - {}
RESULT: {}
RESULT: {}
COMMAND: GET /session/ffd02ccbd2ef7f94e44a9324fe7b5a64/screenshot - {}
RESULT: {}
RESULT: {}
COMMAND: POST /session/ffd02ccbd2ef7f94e44a9324fe7b5a64/execute/async - {"script":"<script> [1562 bytes]","args":[{"selector":{"controlType":"sap.m.Title","viewName":"etm.portal.ui.managepricingrules.view.NewItem","viewId":"application-managepricingrules-display-component---newInfoPriceItem","properties":{"text":"New Pricing Rules - Item Level"}},"wdio_ui5_key":"etmportal.ui.managepricingrules.view.NewItemsap.m.Title{\"text\":\"New Pricing Rules - Item Level\"}"}]}
RESULT: {"script":"<script> [1562 bytes]","args":[{"selector":{"controlType":"sap.m.Title","viewName":"etm.portal.ui.managepricingrules.view.NewItem","viewId":"application-managepricingrules-display-component---newInfoPriceItem","properties":{"text":"New Pricing Rules - Item Level"}},"wdio_ui5_key":"etmportal.ui.managepricingrules.view.NewItemsap.m.Title{\"text\":\"New Pricing Rules - Item Level\"}"}]}
RESULT: undefined
COMMAND: POST /session/ffd02ccbd2ef7f94e44a9324fe7b5a64/execute/async - {"script":"<script> [6424 bytes]","args":[{"element-6066-11e4-a52e-4f735466cecf":"f.96D49A20C494BCF8563860382D93E39E.d.1E6AC0EA0C5947C7C503BDEB4EFC8C37.e.17993"},"getText",[]]}
RESULT: {"script":"<script> [6424 bytes]","args":[{"element-6066-11e4-a52e-4f735466cecf":"f.96D49A20C494BCF8563860382D93E39E.d.1E6AC0EA0C5947C7C503BDEB4EFC8C37.e.17993"},"getText",[]]}
COMMAND: POST /session/ffd02ccbd2ef7f94e44a9324fe7b5a64/execute/async - {"script":"<script> [1562 bytes]","args":[{"selector":{"id":"application-managepricingrules-display-component---newInfoPriceItem--condValidTo","interaction":{"idSuffix":"inner"}},"wdio_ui5_key":"applicationmanagepricingrules-display-component---newInfoPriceItem--condValidTo"}]}
RESULT: {"script":"<script> [1562 bytes]","args":[{"selector":{"id":"application-managepricingrules-display-component---newInfoPriceItem--condValidTo","interaction":{"idSuffix":"inner"}},"wdio_ui5_key":"applicationmanagepricingrules-display-component---newInfoPriceItem--condValidTo"}]}
RESULT: undefined
COMMAND: POST /session/ffd02ccbd2ef7f94e44a9324fe7b5a64/execute/async - {"script":"<script> [776 bytes]","args":[{"enterText":"1/22/26","selector":{"id":"application-managepricingrules-display-component---newInfoPriceItem--condValidTo","interaction":{"idSuffix":"inner"}},"clearTextFirst":true,"interactionType":"ENTER_TEXT"}]}
RESULT: {"script":"<script> [776 bytes]","args":[{"enterText":"1/22/26","selector":{"id":"application-managepricingrules-display-component---newInfoPriceItem--condValidTo","interaction":{"idSuffix":"inner"}},"clearTextFirst":true,"interactionType":"ENTER_TEXT"}]}
COMMAND: POST /session/ffd02ccbd2ef7f94e44a9324fe7b5a64/execute/async - {"script":"<script> [1562 bytes]","args":[{"selector":{"id":"application-managepricingrules-display-component---newInfoPriceItem--billType-arrow"},"wdio_ui5_key":"applicationmanagepricingrules-display-component---newInfoPriceItem--billType-arrow"}]}
RESULT: {"script":"<script> [1562 bytes]","args":[{"selector":{"id":"application-managepricingrules-display-component---newInfoPriceItem--billType-arrow"},"wdio_ui5_key":"applicationmanagepricingrules-display-component---newInfoPriceItem--billType-arrow"}]}
RESULT: undefined
COMMAND: POST /session/ffd02ccbd2ef7f94e44a9324fe7b5a64/element - {"using":"xpath","value":"//*[@id=\"application-managepricingrules-display-component---newInfoPriceItem--billType-arrow\"]"}
RESULT: {"using":"xpath","value":"//*[@id=\"application-managepricingrules-display-component---newInfoPriceItem--billType-arrow\"]"}
COMMAND: POST /session/ffd02ccbd2ef7f94e44a9324fe7b5a64/element/f.96D49A20C494BCF8563860382D93E39E.d.1E6AC0EA0C5947C7C503BDEB4EFC8C37.e.18050/click - {}
RESULT: {}
COMMAND: POST /session/ffd02ccbd2ef7f94e44a9324fe7b5a64/element - {"using":"xpath","value":"//span[contains(text(), \"TB - Time based\")]"}
COMMAND: GET /session/ffd02ccbd2ef7f94e44a9324fe7b5a64/screenshot - {}
RESULT: {"using":"xpath","value":"//span[contains(text(), \"TB - Time based\")]"}
COMMAND: POST /session/ffd02ccbd2ef7f94e44a9324fe7b5a64/element/f.96D49A20C494BCF8563860382D93E39E.d.1E6AC0EA0C5947C7C503BDEB4EFC8C37.e.18092/click - {}
RESULT: {}
RESULT: {}
COMMAND: POST /session/ffd02ccbd2ef7f94e44a9324fe7b5a64/execute/async - {"script":"<script> [1562 bytes]","args":[{"selector":{"id":"application-managepricingrules-display-component---newInfoPriceItem--priceProc-arrow"},"wdio_ui5_key":"applicationmanagepricingrules-display-component---newInfoPriceItem--priceProc-arrow"}]}
COMMAND: GET /session/ffd02ccbd2ef7f94e44a9324fe7b5a64/screenshot - {}
RESULT: {"script":"<script> [1562 bytes]","args":[{"selector":{"id":"application-managepricingrules-display-component---newInfoPriceItem--priceProc-arrow"},"wdio_ui5_key":"applicationmanagepricingrules-display-component---newInfoPriceItem--priceProc-arrow"}]}
RESULT: undefined
COMMAND: POST /session/ffd02ccbd2ef7f94e44a9324fe7b5a64/element - {"using":"xpath","value":"//*[@id=\"application-managepricingrules-display-component---newInfoPriceItem--priceProc-arrow\"]"}
RESULT: {}
RESULT: {"using":"xpath","value":"//*[@id=\"application-managepricingrules-display-component---newInfoPriceItem--priceProc-arrow\"]"}
COMMAND: POST /session/ffd02ccbd2ef7f94e44a9324fe7b5a64/element/f.96D49A20C494BCF8563860382D93E39E.d.1E6AC0EA0C5947C7C503BDEB4EFC8C37.e.18057/click - {}
RESULT: {}
COMMAND: POST /session/ffd02ccbd2ef7f94e44a9324fe7b5a64/element - {"using":"xpath","value":"//span[contains(text(), \"TBS - Time based standard\")]"}
COMMAND: GET /session/ffd02ccbd2ef7f94e44a9324fe7b5a64/screenshot - {}
RESULT: {"using":"xpath","value":"//span[contains(text(), \"TBS - Time based standard\")]"}
COMMAND: POST /session/ffd02ccbd2ef7f94e44a9324fe7b5a64/element/f.96D49A20C494BCF8563860382D93E39E.d.1E6AC0EA0C5947C7C503BDEB4EFC8C37.e.18093/click - {}
RESULT: {}
RESULT: {}
COMMAND: POST /session/ffd02ccbd2ef7f94e44a9324fe7b5a64/execute/async - {"script":"<script> [1562 bytes]","args":[{"selector":{"id":"application-managepricingrules-display-component---newInfoPriceItem--calcBase-arrow"},"wdio_ui5_key":"applicationmanagepricingrules-display-component---newInfoPriceItem--calcBase-arrow"}]}
COMMAND: GET /session/ffd02ccbd2ef7f94e44a9324fe7b5a64/screenshot - {}
RESULT: {"script":"<script> [1562 bytes]","args":[{"selector":{"id":"application-managepricingrules-display-component---newInfoPriceItem--calcBase-arrow"},"wdio_ui5_key":"applicationmanagepricingrules-display-component---newInfoPriceItem--calcBase-arrow"}]}
RESULT: undefined
COMMAND: POST /session/ffd02ccbd2ef7f94e44a9324fe7b5a64/element - {"using":"xpath","value":"//*[@id=\"application-managepricingrules-display-component---newInfoPriceItem--calcBase-arrow\"]"}
RESULT: {}
RESULT: {"using":"xpath","value":"//*[@id=\"application-managepricingrules-display-component---newInfoPriceItem--calcBase-arrow\"]"}
COMMAND: POST /session/ffd02ccbd2ef7f94e44a9324fe7b5a64/element/f.96D49A20C494BCF8563860382D93E39E.d.1E6AC0EA0C5947C7C503BDEB4EFC8C37.e.18064/click - {}
RESULT: {}
COMMAND: GET /session/ffd02ccbd2ef7f94e44a9324fe7b5a64/screenshot - {}
RESULT: {}
COMMAND: POST /session/ffd02ccbd2ef7f94e44a9324fe7b5a64/element - {"using":"xpath","value":"//span[contains(text(), \"0006 - TB(calendar days)\")]"}
RESULT: {"using":"xpath","value":"//span[contains(text(), \"0006 - TB(calendar days)\")]"}
COMMAND: POST /session/ffd02ccbd2ef7f94e44a9324fe7b5a64/element/f.96D49A20C494BCF8563860382D93E39E.d.1E6AC0EA0C5947C7C503BDEB4EFC8C37.e.18094/click - {}
RESULT: {}
COMMAND: GET /session/ffd02ccbd2ef7f94e44a9324fe7b5a64/screenshot - {}
RESULT: {}
COMMAND: POST /session/ffd02ccbd2ef7f94e44a9324fe7b5a64/execute/async - {"script":"<script> [1562 bytes]","args":[{"selector":{"id":"application-managepricingrules-display-component---newInfoPriceItem--daysMonth","interaction":{"idSuffix":"inner"}},"wdio_ui5_key":"applicationmanagepricingrules-display-component---newInfoPriceItem--daysMonth"}]}
RESULT: {"script":"<script> [1562 bytes]","args":[{"selector":{"id":"application-managepricingrules-display-component---newInfoPriceItem--daysMonth","interaction":{"idSuffix":"inner"}},"wdio_ui5_key":"applicationmanagepricingrules-display-component---newInfoPriceItem--daysMonth"}]}
RESULT: undefined
COMMAND: POST /session/ffd02ccbd2ef7f94e44a9324fe7b5a64/execute/async - {"script":"<script> [776 bytes]","args":[{"enterText":"30","selector":{"id":"application-managepricingrules-display-component---newInfoPriceItem--daysMonth","interaction":{"idSuffix":"inner"}},"clearTextFirst":true,"interactionType":"ENTER_TEXT"}]}
RESULT: {"script":"<script> [776 bytes]","args":[{"enterText":"30","selector":{"id":"application-managepricingrules-display-component---newInfoPriceItem--daysMonth","interaction":{"idSuffix":"inner"}},"clearTextFirst":true,"interactionType":"ENTER_TEXT"}]}
COMMAND: POST /session/ffd02ccbd2ef7f94e44a9324fe7b5a64/element - {"using":"xpath","value":"//button[@data-kt=\"saveNewRuleButton\"]"}
RESULT: {"using":"xpath","value":"//button[@data-kt=\"saveNewRuleButton\"]"}
COMMAND: POST /session/ffd02ccbd2ef7f94e44a9324fe7b5a64/element/f.96D49A20C494BCF8563860382D93E39E.d.1E6AC0EA0C5947C7C503BDEB4EFC8C37.e.18085/click - {}
RESULT: {}
COMMAND: GET /session/ffd02ccbd2ef7f94e44a9324fe7b5a64/screenshot - {}
RESULT: {}
COMMAND: POST /session/ffd02ccbd2ef7f94e44a9324fe7b5a64/execute/async - {"script":"<script> [1562 bytes]","args":[{"selector":{"id":"application-managepricingrules-display-component---priceInfoItem--smartFilterBar-btnBasicSearch","interaction":{"idSuffix":"I"}},"wdio_ui5_key":"applicationmanagepricingrules-display-component---priceInfoItem--smartFilterBar-btnBasicSearch"}]}
RESULT: {"script":"<script> [1562 bytes]","args":[{"selector":{"id":"application-managepricingrules-display-component---priceInfoItem--smartFilterBar-btnBasicSearch","interaction":{"idSuffix":"I"}},"wdio_ui5_key":"applicationmanagepricingrules-display-component---priceInfoItem--smartFilterBar-btnBasicSearch"}]}
RESULT: undefined
COMMAND: POST /session/ffd02ccbd2ef7f94e44a9324fe7b5a64/execute/async - {"script":"<script> [776 bytes]","args":[{"enterText":"D54KNqK8fR","selector":{"id":"application-managepricingrules-display-component---priceInfoItem--smartFilterBar-btnBasicSearch","interaction":{"idSuffix":"I"}},"clearTextFirst":true,"interactionType":"ENTER_TEXT"}]}
RESULT: {"script":"<script> [776 bytes]","args":[{"enterText":"D54KNqK8fR","selector":{"id":"application-managepricingrules-display-component---priceInfoItem--smartFilterBar-btnBasicSearch","interaction":{"idSuffix":"I"}},"clearTextFirst":true,"interactionType":"ENTER_TEXT"}]}
COMMAND: POST /session/ffd02ccbd2ef7f94e44a9324fe7b5a64/actions - {"actions":[{"id":"action61","type":"key","parameters":{},"actions":[{"type":"keyDown","value":""},{"type":"pause","duration":10},{"type":"keyUp","value":""}]}]}
RESULT: {"actions":[{"id":"action61","type":"key","parameters":{},"actions":[{"type":"keyDown","value":""},{"type":"pause","duration":10},{"type":"keyUp","value":""}]}]}
COMMAND: GET /session/ffd02ccbd2ef7f94e44a9324fe7b5a64/screenshot - {}
RESULT: {}
COMMAND: POST /session/ffd02ccbd2ef7f94e44a9324fe7b5a64/element - {"using":"xpath","value":"//span[@id=\"application-managepricingrules-display-component---priceInfoItem--smartTable-header-inner\"]"}
RESULT: {"using":"xpath","value":"//span[@id=\"application-managepricingrules-display-component---priceInfoItem--smartTable-header-inner\"]"}
COMMAND: POST /session/ffd02ccbd2ef7f94e44a9324fe7b5a64/elements - {"using":"xpath","value":"//span[@id=\"application-managepricingrules-display-component---priceInfoItem--smartTable-header-inner\"]"}
RESULT: {"using":"xpath","value":"//span[@id=\"application-managepricingrules-display-component---priceInfoItem--smartTable-header-inner\"]"}
COMMAND: POST /session/ffd02ccbd2ef7f94e44a9324fe7b5a64/execute/sync - {"script":"<script> [56 bytes]","args":[{"element-6066-11e4-a52e-4f735466cecf":"f.96D49A20C494BCF8563860382D93E39E.d.1E6AC0EA0C5947C7C503BDEB4EFC8C37.e.18120","ELEMENT":"f.96D49A20C494BCF8563860382D93E39E.d.1E6AC0EA0C5947C7C503BDEB4EFC8C37.e.18120"}]}
RESULT: {"script":"<script> [56 bytes]","args":[{"element-6066-11e4-a52e-4f735466cecf":"f.96D49A20C494BCF8563860382D93E39E.d.1E6AC0EA0C5947C7C503BDEB4EFC8C37.e.18120","ELEMENT":"f.96D49A20C494BCF8563860382D93E39E.d.1E6AC0EA0C5947C7C503BDEB4EFC8C37.e.18120"}]}
COMMAND: POST /session/ffd02ccbd2ef7f94e44a9324fe7b5a64/element - {"using":"css selector","value":"#shell-header-logo"}
COMMAND: GET /session/ffd02ccbd2ef7f94e44a9324fe7b5a64/screenshot - {}
RESULT: {"using":"css selector","value":"#shell-header-logo"}
COMMAND: POST /session/ffd02ccbd2ef7f94e44a9324fe7b5a64/element/f.96D49A20C494BCF8563860382D93E39E.d.1E6AC0EA0C5947C7C503BDEB4EFC8C37.e.17261/click - {}
RESULT: {}
RESULT: {}
COMMAND: GET /session/ffd02ccbd2ef7f94e44a9324fe7b5a64/screenshot - {}
RESULT: {}
]]></system-out>
    </testcase>
    <testcase classname="chrome.136_0_7103_93.windows.Create_Reverse_Billing_US127248" name="Should manage conditions" time="75.815">
      <system-out><![CDATA[
COMMAND: POST /session/ffd02ccbd2ef7f94e44a9324fe7b5a64/execute/async - {"script":"<script> [1562 bytes]","args":[{"selector":{"controlType":"sap.m.GenericTile","properties":{"header":"Manage Conditions & Prices"}},"wdio_ui5_key":"sapm.GenericTile{\"header\":\"Manage Conditions & Prices\"}"}]}
RESULT: {"script":"<script> [1562 bytes]","args":[{"selector":{"controlType":"sap.m.GenericTile","properties":{"header":"Manage Conditions & Prices"}},"wdio_ui5_key":"sapm.GenericTile{\"header\":\"Manage Conditions & Prices\"}"}]}
RESULT: undefined
COMMAND: POST /session/ffd02ccbd2ef7f94e44a9324fe7b5a64/element - {"using":"xpath","value":"//*[@id=\"__tile53\"]"}
RESULT: {"using":"xpath","value":"//*[@id=\"__tile53\"]"}
COMMAND: POST /session/ffd02ccbd2ef7f94e44a9324fe7b5a64/element/f.96D49A20C494BCF8563860382D93E39E.d.1E6AC0EA0C5947C7C503BDEB4EFC8C37.e.17208/click - {}
RESULT: {}
COMMAND: GET /session/ffd02ccbd2ef7f94e44a9324fe7b5a64/screenshot - {}
RESULT: {}
COMMAND: POST /session/ffd02ccbd2ef7f94e44a9324fe7b5a64/elements - {"using":"xpath","value":"//span[text()='Error']"}
RESULT: {"using":"xpath","value":"//span[text()='Error']"}
COMMAND: POST /session/ffd02ccbd2ef7f94e44a9324fe7b5a64/element - {"using":"xpath","value":"//button[@aria-label=\"Create\"]"}
RESULT: {"using":"xpath","value":"//button[@aria-label=\"Create\"]"}
COMMAND: POST /session/ffd02ccbd2ef7f94e44a9324fe7b5a64/elements - {"using":"xpath","value":"//button[@aria-label=\"Create\"]"}
RESULT: {"using":"xpath","value":"//button[@aria-label=\"Create\"]"}
COMMAND: POST /session/ffd02ccbd2ef7f94e44a9324fe7b5a64/execute/sync - {"script":"<script> [8489 bytes]","args":[{"element-6066-11e4-a52e-4f735466cecf":"f.96D49A20C494BCF8563860382D93E39E.d.1E6AC0EA0C5947C7C503BDEB4EFC8C37.e.18155","ELEMENT":"f.96D49A20C494BCF8563860382D93E39E.d.1E6AC0EA0C5947C7C503BDEB4EFC8C37.e.18155"}]}
RESULT: {"script":"<script> [8489 bytes]","args":[{"element-6066-11e4-a52e-4f735466cecf":"f.96D49A20C494BCF8563860382D93E39E.d.1E6AC0EA0C5947C7C503BDEB4EFC8C37.e.18155","ELEMENT":"f.96D49A20C494BCF8563860382D93E39E.d.1E6AC0EA0C5947C7C503BDEB4EFC8C37.e.18155"}]}
COMMAND: GET /session/ffd02ccbd2ef7f94e44a9324fe7b5a64/element/f.96D49A20C494BCF8563860382D93E39E.d.1E6AC0EA0C5947C7C503BDEB4EFC8C37.e.18155/enabled - {}
COMMAND: GET /session/ffd02ccbd2ef7f94e44a9324fe7b5a64/screenshot - {}
RESULT: {}
COMMAND: POST /session/ffd02ccbd2ef7f94e44a9324fe7b5a64/execute/sync - {"script":"<script> [8489 bytes]","args":[{"element-6066-11e4-a52e-4f735466cecf":"f.96D49A20C494BCF8563860382D93E39E.d.1E6AC0EA0C5947C7C503BDEB4EFC8C37.e.18155","ELEMENT":"f.96D49A20C494BCF8563860382D93E39E.d.1E6AC0EA0C5947C7C503BDEB4EFC8C37.e.18155"}]}
COMMAND: GET /session/ffd02ccbd2ef7f94e44a9324fe7b5a64/screenshot - {}
RESULT: {}
RESULT: {"script":"<script> [8489 bytes]","args":[{"element-6066-11e4-a52e-4f735466cecf":"f.96D49A20C494BCF8563860382D93E39E.d.1E6AC0EA0C5947C7C503BDEB4EFC8C37.e.18155","ELEMENT":"f.96D49A20C494BCF8563860382D93E39E.d.1E6AC0EA0C5947C7C503BDEB4EFC8C37.e.18155"}]}
COMMAND: POST /session/ffd02ccbd2ef7f94e44a9324fe7b5a64/execute/sync - {"script":"<script> [5351 bytes]","args":[{"element-6066-11e4-a52e-4f735466cecf":"f.96D49A20C494BCF8563860382D93E39E.d.1E6AC0EA0C5947C7C503BDEB4EFC8C37.e.18155","ELEMENT":"f.96D49A20C494BCF8563860382D93E39E.d.1E6AC0EA0C5947C7C503BDEB4EFC8C37.e.18155"}]}
COMMAND: GET /session/ffd02ccbd2ef7f94e44a9324fe7b5a64/screenshot - {}
RESULT: {}
RESULT: {"script":"<script> [5351 bytes]","args":[{"element-6066-11e4-a52e-4f735466cecf":"f.96D49A20C494BCF8563860382D93E39E.d.1E6AC0EA0C5947C7C503BDEB4EFC8C37.e.18155","ELEMENT":"f.96D49A20C494BCF8563860382D93E39E.d.1E6AC0EA0C5947C7C503BDEB4EFC8C37.e.18155"}]}
COMMAND: POST /session/ffd02ccbd2ef7f94e44a9324fe7b5a64/element/f.96D49A20C494BCF8563860382D93E39E.d.1E6AC0EA0C5947C7C503BDEB4EFC8C37.e.18155/click - {}
COMMAND: GET /session/ffd02ccbd2ef7f94e44a9324fe7b5a64/screenshot - {}
RESULT: {}
RESULT: {}
COMMAND: GET /session/ffd02ccbd2ef7f94e44a9324fe7b5a64/screenshot - {}
RESULT: {}
RESULT: {}
COMMAND: POST /session/ffd02ccbd2ef7f94e44a9324fe7b5a64/actions - {"actions":[{"id":"action62","type":"key","parameters":{},"actions":[{"type":"keyDown","value":""},{"type":"pause","duration":10},{"type":"keyUp","value":""}]}]}
RESULT: {"actions":[{"id":"action62","type":"key","parameters":{},"actions":[{"type":"keyDown","value":""},{"type":"pause","duration":10},{"type":"keyUp","value":""}]}]}
COMMAND: GET /session/ffd02ccbd2ef7f94e44a9324fe7b5a64/screenshot - {}
COMMAND: POST /session/ffd02ccbd2ef7f94e44a9324fe7b5a64/execute/async - {"script":"<script> [1562 bytes]","args":[{"selector":{"id":"application-manageconditionprice-display-component---newCondition--condBillCond-arrow"},"wdio_ui5_key":"applicationmanageconditionprice-display-component---newCondition--condBillCond-arrow"}]}
RESULT: {}
RESULT: {"script":"<script> [1562 bytes]","args":[{"selector":{"id":"application-manageconditionprice-display-component---newCondition--condBillCond-arrow"},"wdio_ui5_key":"applicationmanageconditionprice-display-component---newCondition--condBillCond-arrow"}]}
RESULT: undefined
COMMAND: POST /session/ffd02ccbd2ef7f94e44a9324fe7b5a64/element - {"using":"xpath","value":"//*[@id=\"application-manageconditionprice-display-component---newCondition--condBillCond-arrow\"]"}
RESULT: {"using":"xpath","value":"//*[@id=\"application-manageconditionprice-display-component---newCondition--condBillCond-arrow\"]"}
COMMAND: POST /session/ffd02ccbd2ef7f94e44a9324fe7b5a64/element/f.96D49A20C494BCF8563860382D93E39E.d.1E6AC0EA0C5947C7C503BDEB4EFC8C37.e.18334/click - {}
RESULT: {}
COMMAND: GET /session/ffd02ccbd2ef7f94e44a9324fe7b5a64/screenshot - {}
RESULT: {}
COMMAND: POST /session/ffd02ccbd2ef7f94e44a9324fe7b5a64/element - {"using":"xpath","value":"//li[.//span[contains(text(), \"DISP - D&I special price\")]]"}
RESULT: {"using":"xpath","value":"//li[.//span[contains(text(), \"DISP - D&I special price\")]]"}
COMMAND: POST /session/ffd02ccbd2ef7f94e44a9324fe7b5a64/element/f.96D49A20C494BCF8563860382D93E39E.d.1E6AC0EA0C5947C7C503BDEB4EFC8C37.e.18337/click - {}
RESULT: {}
COMMAND: GET /session/ffd02ccbd2ef7f94e44a9324fe7b5a64/screenshot - {}
RESULT: {}
COMMAND: POST /session/ffd02ccbd2ef7f94e44a9324fe7b5a64/execute/async - {"script":"<script> [1562 bytes]","args":[{"selector":{"id":"application-manageconditionprice-display-component---newCondition--condValidTo","interaction":{"idSuffix":"inner"}},"wdio_ui5_key":"applicationmanageconditionprice-display-component---newCondition--condValidTo"}]}
RESULT: {"script":"<script> [1562 bytes]","args":[{"selector":{"id":"application-manageconditionprice-display-component---newCondition--condValidTo","interaction":{"idSuffix":"inner"}},"wdio_ui5_key":"applicationmanageconditionprice-display-component---newCondition--condValidTo"}]}
RESULT: undefined
COMMAND: POST /session/ffd02ccbd2ef7f94e44a9324fe7b5a64/execute/async - {"script":"<script> [776 bytes]","args":[{"enterText":"1/22/26","selector":{"id":"application-manageconditionprice-display-component---newCondition--condValidTo","interaction":{"idSuffix":"inner"}},"clearTextFirst":true,"interactionType":"ENTER_TEXT"}]}
RESULT: {"script":"<script> [776 bytes]","args":[{"enterText":"1/22/26","selector":{"id":"application-manageconditionprice-display-component---newCondition--condValidTo","interaction":{"idSuffix":"inner"}},"clearTextFirst":true,"interactionType":"ENTER_TEXT"}]}
COMMAND: POST /session/ffd02ccbd2ef7f94e44a9324fe7b5a64/element - {"using":"xpath","value":"//input[@id=\"application-manageconditionprice-display-component---newCondition--condRU-inner\"]"}
RESULT: {"using":"xpath","value":"//input[@id=\"application-manageconditionprice-display-component---newCondition--condRU-inner\"]"}
COMMAND: POST /session/ffd02ccbd2ef7f94e44a9324fe7b5a64/element/f.96D49A20C494BCF8563860382D93E39E.d.1E6AC0EA0C5947C7C503BDEB4EFC8C37.e.18199/clear - {}
RESULT: {}
COMMAND: POST /session/ffd02ccbd2ef7f94e44a9324fe7b5a64/element/f.96D49A20C494BCF8563860382D93E39E.d.1E6AC0EA0C5947C7C503BDEB4EFC8C37.e.18199/value - {"text":"D54KNqK8fR"}
COMMAND: GET /session/ffd02ccbd2ef7f94e44a9324fe7b5a64/screenshot - {}
RESULT: {"text":"D54KNqK8fR"}
COMMAND: GET /session/ffd02ccbd2ef7f94e44a9324fe7b5a64/screenshot - {}
RESULT: {}
RESULT: {}
COMMAND: POST /session/ffd02ccbd2ef7f94e44a9324fe7b5a64/actions - {"actions":[{"id":"action63","type":"key","parameters":{},"actions":[{"type":"keyDown","value":""},{"type":"pause","duration":10},{"type":"keyUp","value":""}]}]}
RESULT: {"actions":[{"id":"action63","type":"key","parameters":{},"actions":[{"type":"keyDown","value":""},{"type":"pause","duration":10},{"type":"keyUp","value":""}]}]}
COMMAND: POST /session/ffd02ccbd2ef7f94e44a9324fe7b5a64/execute/async - {"script":"<script> [1562 bytes]","args":[{"selector":{"id":"application-manageconditionprice-display-component---newCondition--condBaseQty","interaction":{"idSuffix":"inner"}},"wdio_ui5_key":"applicationmanageconditionprice-display-component---newCondition--condBaseQty"}]}
COMMAND: GET /session/ffd02ccbd2ef7f94e44a9324fe7b5a64/screenshot - {}
RESULT: {"script":"<script> [1562 bytes]","args":[{"selector":{"id":"application-manageconditionprice-display-component---newCondition--condBaseQty","interaction":{"idSuffix":"inner"}},"wdio_ui5_key":"applicationmanageconditionprice-display-component---newCondition--condBaseQty"}]}
RESULT: undefined
COMMAND: POST /session/ffd02ccbd2ef7f94e44a9324fe7b5a64/execute/async - {"script":"<script> [776 bytes]","args":[{"enterText":"1","selector":{"id":"application-manageconditionprice-display-component---newCondition--condBaseQty","interaction":{"idSuffix":"inner"}},"clearTextFirst":true,"interactionType":"ENTER_TEXT"}]}
RESULT: {}
RESULT: {"script":"<script> [776 bytes]","args":[{"enterText":"1","selector":{"id":"application-manageconditionprice-display-component---newCondition--condBaseQty","interaction":{"idSuffix":"inner"}},"clearTextFirst":true,"interactionType":"ENTER_TEXT"}]}
COMMAND: POST /session/ffd02ccbd2ef7f94e44a9324fe7b5a64/execute/async - {"script":"<script> [1562 bytes]","args":[{"selector":{"id":"application-manageconditionprice-display-component---newCondition--condValue","interaction":{"idSuffix":"inner"}},"wdio_ui5_key":"applicationmanageconditionprice-display-component---newCondition--condValue"}]}
RESULT: {"script":"<script> [1562 bytes]","args":[{"selector":{"id":"application-manageconditionprice-display-component---newCondition--condValue","interaction":{"idSuffix":"inner"}},"wdio_ui5_key":"applicationmanageconditionprice-display-component---newCondition--condValue"}]}
RESULT: undefined
COMMAND: POST /session/ffd02ccbd2ef7f94e44a9324fe7b5a64/execute/async - {"script":"<script> [776 bytes]","args":[{"enterText":"200","selector":{"id":"application-manageconditionprice-display-component---newCondition--condValue","interaction":{"idSuffix":"inner"}},"clearTextFirst":true,"interactionType":"ENTER_TEXT"}]}
RESULT: {"script":"<script> [776 bytes]","args":[{"enterText":"200","selector":{"id":"application-manageconditionprice-display-component---newCondition--condValue","interaction":{"idSuffix":"inner"}},"clearTextFirst":true,"interactionType":"ENTER_TEXT"}]}
COMMAND: POST /session/ffd02ccbd2ef7f94e44a9324fe7b5a64/execute/async - {"script":"<script> [1562 bytes]","args":[{"selector":{"id":"application-manageconditionprice-display-component---newCondition--condCurr-arrow"},"wdio_ui5_key":"applicationmanageconditionprice-display-component---newCondition--condCurr-arrow"}]}
RESULT: {"script":"<script> [1562 bytes]","args":[{"selector":{"id":"application-manageconditionprice-display-component---newCondition--condCurr-arrow"},"wdio_ui5_key":"applicationmanageconditionprice-display-component---newCondition--condCurr-arrow"}]}
RESULT: undefined
COMMAND: POST /session/ffd02ccbd2ef7f94e44a9324fe7b5a64/element - {"using":"xpath","value":"//*[@id=\"application-manageconditionprice-display-component---newCondition--condCurr-arrow\"]"}
RESULT: {"using":"xpath","value":"//*[@id=\"application-manageconditionprice-display-component---newCondition--condCurr-arrow\"]"}
COMMAND: POST /session/ffd02ccbd2ef7f94e44a9324fe7b5a64/element/f.96D49A20C494BCF8563860382D93E39E.d.1E6AC0EA0C5947C7C503BDEB4EFC8C37.e.18317/click - {}
RESULT: {}
COMMAND: POST /session/ffd02ccbd2ef7f94e44a9324fe7b5a64/element - {"using":"xpath","value":"//span[contains(text(), \"Euro\")]"}
COMMAND: GET /session/ffd02ccbd2ef7f94e44a9324fe7b5a64/screenshot - {}
RESULT: {"using":"xpath","value":"//span[contains(text(), \"Euro\")]"}
COMMAND: POST /session/ffd02ccbd2ef7f94e44a9324fe7b5a64/element/f.96D49A20C494BCF8563860382D93E39E.d.1E6AC0EA0C5947C7C503BDEB4EFC8C37.e.18374/click - {}
RESULT: {}
RESULT: {}
COMMAND: POST /session/ffd02ccbd2ef7f94e44a9324fe7b5a64/element - {"using":"xpath","value":"//button[@data-kt=\"saveButton\"]"}
COMMAND: GET /session/ffd02ccbd2ef7f94e44a9324fe7b5a64/screenshot - {}
RESULT: {"using":"xpath","value":"//button[@data-kt=\"saveButton\"]"}
COMMAND: POST /session/ffd02ccbd2ef7f94e44a9324fe7b5a64/element/f.96D49A20C494BCF8563860382D93E39E.d.1E6AC0EA0C5947C7C503BDEB4EFC8C37.e.18318/click - {}
RESULT: {}
RESULT: {}
COMMAND: GET /session/ffd02ccbd2ef7f94e44a9324fe7b5a64/screenshot - {}
RESULT: {}
COMMAND: POST /session/ffd02ccbd2ef7f94e44a9324fe7b5a64/execute/async - {"script":"<script> [1562 bytes]","args":[{"selector":{"id":"application-manageconditionprice-display-component---conditions--smartFilterBar-btnBasicSearch","interaction":{"idSuffix":"I"}},"wdio_ui5_key":"applicationmanageconditionprice-display-component---conditions--smartFilterBar-btnBasicSearch"}]}
RESULT: {"script":"<script> [1562 bytes]","args":[{"selector":{"id":"application-manageconditionprice-display-component---conditions--smartFilterBar-btnBasicSearch","interaction":{"idSuffix":"I"}},"wdio_ui5_key":"applicationmanageconditionprice-display-component---conditions--smartFilterBar-btnBasicSearch"}]}
RESULT: undefined
COMMAND: POST /session/ffd02ccbd2ef7f94e44a9324fe7b5a64/execute/async - {"script":"<script> [776 bytes]","args":[{"enterText":"D54KNqK8fR","selector":{"id":"application-manageconditionprice-display-component---conditions--smartFilterBar-btnBasicSearch","interaction":{"idSuffix":"I"}},"clearTextFirst":true,"interactionType":"ENTER_TEXT"}]}
RESULT: {"script":"<script> [776 bytes]","args":[{"enterText":"D54KNqK8fR","selector":{"id":"application-manageconditionprice-display-component---conditions--smartFilterBar-btnBasicSearch","interaction":{"idSuffix":"I"}},"clearTextFirst":true,"interactionType":"ENTER_TEXT"}]}
COMMAND: POST /session/ffd02ccbd2ef7f94e44a9324fe7b5a64/actions - {"actions":[{"id":"action64","type":"key","parameters":{},"actions":[{"type":"keyDown","value":""},{"type":"pause","duration":10},{"type":"keyUp","value":""}]}]}
RESULT: {"actions":[{"id":"action64","type":"key","parameters":{},"actions":[{"type":"keyDown","value":""},{"type":"pause","duration":10},{"type":"keyUp","value":""}]}]}
COMMAND: GET /session/ffd02ccbd2ef7f94e44a9324fe7b5a64/screenshot - {}
RESULT: {}
COMMAND: POST /session/ffd02ccbd2ef7f94e44a9324fe7b5a64/execute/async - {"script":"<script> [1562 bytes]","args":[{"selector":{"id":"application-manageconditionprice-display-component---conditions--smartFilterBar-filterItemControl_BASIC-BILL_TYPES-vhi"},"wdio_ui5_key":"applicationmanageconditionprice-display-component---conditions--smartFilterBar-filterItemControl_BASIC-BILL_TYPES-vhi"}]}
RESULT: {"script":"<script> [1562 bytes]","args":[{"selector":{"id":"application-manageconditionprice-display-component---conditions--smartFilterBar-filterItemControl_BASIC-BILL_TYPES-vhi"},"wdio_ui5_key":"applicationmanageconditionprice-display-component---conditions--smartFilterBar-filterItemControl_BASIC-BILL_TYPES-vhi"}]}
RESULT: undefined
COMMAND: POST /session/ffd02ccbd2ef7f94e44a9324fe7b5a64/element - {"using":"xpath","value":"//*[@id=\"application-manageconditionprice-display-component---conditions--smartFilterBar-filterItemControl_BASIC-BILL_TYPES-vhi\"]"}
RESULT: {"using":"xpath","value":"//*[@id=\"application-manageconditionprice-display-component---conditions--smartFilterBar-filterItemControl_BASIC-BILL_TYPES-vhi\"]"}
COMMAND: POST /session/ffd02ccbd2ef7f94e44a9324fe7b5a64/element/f.96D49A20C494BCF8563860382D93E39E.d.1E6AC0EA0C5947C7C503BDEB4EFC8C37.e.18480/click - {}
RESULT: {}
COMMAND: POST /session/ffd02ccbd2ef7f94e44a9324fe7b5a64/execute/async - {"script":"<script> [1562 bytes]","args":[{"selector":{"id":"application-manageconditionprice-display-component---conditions--smartFilterBar-filterItemControl_BASIC-BILL_TYPES-valueHelpDialog-smartFilterBar-btnBasicSearch","searchOpenDialogs":true,"interaction":{"idSuffix":"I"}},"wdio_ui5_key":"applicationmanageconditionprice-display-component---conditions--smartFilterBar-filterItemControl_BASIC-BILL_TYPES-valueHelpDialog-smartFilterBar-btnBasicSearch"}]}
COMMAND: GET /session/ffd02ccbd2ef7f94e44a9324fe7b5a64/screenshot - {}
RESULT: {"script":"<script> [1562 bytes]","args":[{"selector":{"id":"application-manageconditionprice-display-component---conditions--smartFilterBar-filterItemControl_BASIC-BILL_TYPES-valueHelpDialog-smartFilterBar-btnBasicSearch","searchOpenDialogs":true,"interaction":{"idSuffix":"I"}},"wdio_ui5_key":"applicationmanageconditionprice-display-component---conditions--smartFilterBar-filterItemControl_BASIC-BILL_TYPES-valueHelpDialog-smartFilterBar-btnBasicSearch"}]}
RESULT: undefined
COMMAND: POST /session/ffd02ccbd2ef7f94e44a9324fe7b5a64/execute/async - {"script":"<script> [776 bytes]","args":[{"enterText":"TB","selector":{"id":"application-manageconditionprice-display-component---conditions--smartFilterBar-filterItemControl_BASIC-BILL_TYPES-valueHelpDialog-smartFilterBar-btnBasicSearch","searchOpenDialogs":true,"interaction":{"idSuffix":"I"}},"clearTextFirst":true,"interactionType":"ENTER_TEXT"}]}
RESULT: {}
RESULT: {"script":"<script> [776 bytes]","args":[{"enterText":"TB","selector":{"id":"application-manageconditionprice-display-component---conditions--smartFilterBar-filterItemControl_BASIC-BILL_TYPES-valueHelpDialog-smartFilterBar-btnBasicSearch","searchOpenDialogs":true,"interaction":{"idSuffix":"I"}},"clearTextFirst":true,"interactionType":"ENTER_TEXT"}]}
COMMAND: POST /session/ffd02ccbd2ef7f94e44a9324fe7b5a64/actions - {"actions":[{"id":"action65","type":"key","parameters":{},"actions":[{"type":"keyDown","value":""},{"type":"pause","duration":10},{"type":"keyUp","value":""}]}]}
RESULT: {"actions":[{"id":"action65","type":"key","parameters":{},"actions":[{"type":"keyDown","value":""},{"type":"pause","duration":10},{"type":"keyUp","value":""}]}]}
COMMAND: GET /session/ffd02ccbd2ef7f94e44a9324fe7b5a64/screenshot - {}
RESULT: {}
COMMAND: POST /session/ffd02ccbd2ef7f94e44a9324fe7b5a64/element - {"using":"xpath","value":"//div[contains(@id, 'application-manageconditionprice-display-component---conditions--smartFilterBar-filterItemControl_BASIC-BILL_TYPES-valueHelpDialog-table-rowsel0')]"}
RESULT: {"using":"xpath","value":"//div[contains(@id, 'application-manageconditionprice-display-component---conditions--smartFilterBar-filterItemControl_BASIC-BILL_TYPES-valueHelpDialog-table-rowsel0')]"}
COMMAND: POST /session/ffd02ccbd2ef7f94e44a9324fe7b5a64/element/f.96D49A20C494BCF8563860382D93E39E.d.1E6AC0EA0C5947C7C503BDEB4EFC8C37.e.18490/click - {}
RESULT: {}
COMMAND: GET /session/ffd02ccbd2ef7f94e44a9324fe7b5a64/screenshot - {}
RESULT: {}
COMMAND: POST /session/ffd02ccbd2ef7f94e44a9324fe7b5a64/element - {"using":"xpath","value":"//bdi[contains(text(), \"OK\")]"}
RESULT: {"using":"xpath","value":"//bdi[contains(text(), \"OK\")]"}
COMMAND: POST /session/ffd02ccbd2ef7f94e44a9324fe7b5a64/element/f.96D49A20C494BCF8563860382D93E39E.d.1E6AC0EA0C5947C7C503BDEB4EFC8C37.e.18492/click - {}
RESULT: {}
COMMAND: GET /session/ffd02ccbd2ef7f94e44a9324fe7b5a64/screenshot - {}
RESULT: {}
COMMAND: POST /session/ffd02ccbd2ef7f94e44a9324fe7b5a64/element - {"using":"xpath","value":"//span[@id=\"application-manageconditionprice-display-component---conditions--smartTable-header-inner\"]"}
RESULT: {"using":"xpath","value":"//span[@id=\"application-manageconditionprice-display-component---conditions--smartTable-header-inner\"]"}
COMMAND: POST /session/ffd02ccbd2ef7f94e44a9324fe7b5a64/elements - {"using":"xpath","value":"//span[@id=\"application-manageconditionprice-display-component---conditions--smartTable-header-inner\"]"}
RESULT: {"using":"xpath","value":"//span[@id=\"application-manageconditionprice-display-component---conditions--smartTable-header-inner\"]"}
COMMAND: POST /session/ffd02ccbd2ef7f94e44a9324fe7b5a64/execute/sync - {"script":"<script> [56 bytes]","args":[{"element-6066-11e4-a52e-4f735466cecf":"f.96D49A20C494BCF8563860382D93E39E.d.1E6AC0EA0C5947C7C503BDEB4EFC8C37.e.18495","ELEMENT":"f.96D49A20C494BCF8563860382D93E39E.d.1E6AC0EA0C5947C7C503BDEB4EFC8C37.e.18495"}]}
RESULT: {"script":"<script> [56 bytes]","args":[{"element-6066-11e4-a52e-4f735466cecf":"f.96D49A20C494BCF8563860382D93E39E.d.1E6AC0EA0C5947C7C503BDEB4EFC8C37.e.18495","ELEMENT":"f.96D49A20C494BCF8563860382D93E39E.d.1E6AC0EA0C5947C7C503BDEB4EFC8C37.e.18495"}]}
COMMAND: POST /session/ffd02ccbd2ef7f94e44a9324fe7b5a64/element - {"using":"css selector","value":"#shell-header-logo"}
COMMAND: GET /session/ffd02ccbd2ef7f94e44a9324fe7b5a64/screenshot - {}
RESULT: {"using":"css selector","value":"#shell-header-logo"}
COMMAND: POST /session/ffd02ccbd2ef7f94e44a9324fe7b5a64/element/f.96D49A20C494BCF8563860382D93E39E.d.1E6AC0EA0C5947C7C503BDEB4EFC8C37.e.18123/click - {}
RESULT: {}
RESULT: {}
COMMAND: GET /session/ffd02ccbd2ef7f94e44a9324fe7b5a64/screenshot - {}
RESULT: {}
]]></system-out>
    </testcase>
    <testcase classname="chrome.136_0_7103_93.windows.Create_Reverse_Billing_US127248" name="Should do a stock increase handover" time="100.773">
      <system-out><![CDATA[
COMMAND: POST /session/ffd02ccbd2ef7f94e44a9324fe7b5a64/execute/async - {"script":"<script> [1562 bytes]","args":[{"selector":{"controlType":"sap.m.GenericTile","properties":{"header":"Manage Handovers"}},"wdio_ui5_key":"sapm.GenericTile{\"header\":\"Manage Handovers\"}"}]}
RESULT: {"script":"<script> [1562 bytes]","args":[{"selector":{"controlType":"sap.m.GenericTile","properties":{"header":"Manage Handovers"}},"wdio_ui5_key":"sapm.GenericTile{\"header\":\"Manage Handovers\"}"}]}
RESULT: undefined
COMMAND: POST /session/ffd02ccbd2ef7f94e44a9324fe7b5a64/element - {"using":"xpath","value":"//*[@id=\"__tile132\"]"}
RESULT: {"using":"xpath","value":"//*[@id=\"__tile132\"]"}
COMMAND: POST /session/ffd02ccbd2ef7f94e44a9324fe7b5a64/element/f.96D49A20C494BCF8563860382D93E39E.d.1E6AC0EA0C5947C7C503BDEB4EFC8C37.e.17236/click - {}
RESULT: {}
COMMAND: GET /session/ffd02ccbd2ef7f94e44a9324fe7b5a64/screenshot - {}
COMMAND: POST /session/ffd02ccbd2ef7f94e44a9324fe7b5a64/elements - {"using":"xpath","value":"//span[text()='Error']"}
RESULT: {}
RESULT: {"using":"xpath","value":"//span[text()='Error']"}
COMMAND: POST /session/ffd02ccbd2ef7f94e44a9324fe7b5a64/element - {"using":"xpath","value":"//button[@data-kt=\"masterHOAddButton\"]"}
RESULT: {"using":"xpath","value":"//button[@data-kt=\"masterHOAddButton\"]"}
COMMAND: POST /session/ffd02ccbd2ef7f94e44a9324fe7b5a64/elements - {"using":"xpath","value":"//button[@data-kt=\"masterHOAddButton\"]"}
RESULT: {"using":"xpath","value":"//button[@data-kt=\"masterHOAddButton\"]"}
COMMAND: POST /session/ffd02ccbd2ef7f94e44a9324fe7b5a64/execute/sync - {"script":"<script> [8489 bytes]","args":[{"element-6066-11e4-a52e-4f735466cecf":"f.96D49A20C494BCF8563860382D93E39E.d.1E6AC0EA0C5947C7C503BDEB4EFC8C37.e.18536","ELEMENT":"f.96D49A20C494BCF8563860382D93E39E.d.1E6AC0EA0C5947C7C503BDEB4EFC8C37.e.18536"}]}
RESULT: {"script":"<script> [8489 bytes]","args":[{"element-6066-11e4-a52e-4f735466cecf":"f.96D49A20C494BCF8563860382D93E39E.d.1E6AC0EA0C5947C7C503BDEB4EFC8C37.e.18536","ELEMENT":"f.96D49A20C494BCF8563860382D93E39E.d.1E6AC0EA0C5947C7C503BDEB4EFC8C37.e.18536"}]}
COMMAND: GET /session/ffd02ccbd2ef7f94e44a9324fe7b5a64/element/f.96D49A20C494BCF8563860382D93E39E.d.1E6AC0EA0C5947C7C503BDEB4EFC8C37.e.18536/enabled - {}
COMMAND: GET /session/ffd02ccbd2ef7f94e44a9324fe7b5a64/screenshot - {}
RESULT: {}
COMMAND: POST /session/ffd02ccbd2ef7f94e44a9324fe7b5a64/execute/sync - {"script":"<script> [8489 bytes]","args":[{"element-6066-11e4-a52e-4f735466cecf":"f.96D49A20C494BCF8563860382D93E39E.d.1E6AC0EA0C5947C7C503BDEB4EFC8C37.e.18536","ELEMENT":"f.96D49A20C494BCF8563860382D93E39E.d.1E6AC0EA0C5947C7C503BDEB4EFC8C37.e.18536"}]}
COMMAND: GET /session/ffd02ccbd2ef7f94e44a9324fe7b5a64/screenshot - {}
RESULT: {}
RESULT: {"script":"<script> [8489 bytes]","args":[{"element-6066-11e4-a52e-4f735466cecf":"f.96D49A20C494BCF8563860382D93E39E.d.1E6AC0EA0C5947C7C503BDEB4EFC8C37.e.18536","ELEMENT":"f.96D49A20C494BCF8563860382D93E39E.d.1E6AC0EA0C5947C7C503BDEB4EFC8C37.e.18536"}]}
COMMAND: POST /session/ffd02ccbd2ef7f94e44a9324fe7b5a64/execute/sync - {"script":"<script> [5351 bytes]","args":[{"element-6066-11e4-a52e-4f735466cecf":"f.96D49A20C494BCF8563860382D93E39E.d.1E6AC0EA0C5947C7C503BDEB4EFC8C37.e.18536","ELEMENT":"f.96D49A20C494BCF8563860382D93E39E.d.1E6AC0EA0C5947C7C503BDEB4EFC8C37.e.18536"}]}
COMMAND: GET /session/ffd02ccbd2ef7f94e44a9324fe7b5a64/screenshot - {}
RESULT: {}
RESULT: {"script":"<script> [5351 bytes]","args":[{"element-6066-11e4-a52e-4f735466cecf":"f.96D49A20C494BCF8563860382D93E39E.d.1E6AC0EA0C5947C7C503BDEB4EFC8C37.e.18536","ELEMENT":"f.96D49A20C494BCF8563860382D93E39E.d.1E6AC0EA0C5947C7C503BDEB4EFC8C37.e.18536"}]}
COMMAND: POST /session/ffd02ccbd2ef7f94e44a9324fe7b5a64/element/f.96D49A20C494BCF8563860382D93E39E.d.1E6AC0EA0C5947C7C503BDEB4EFC8C37.e.18536/click - {}
COMMAND: GET /session/ffd02ccbd2ef7f94e44a9324fe7b5a64/screenshot - {}
RESULT: {}
RESULT: {}
COMMAND: GET /session/ffd02ccbd2ef7f94e44a9324fe7b5a64/screenshot - {}
COMMAND: POST /session/ffd02ccbd2ef7f94e44a9324fe7b5a64/element - {"using":"xpath","value":"//span[contains(@id ,\"AddNewHO--typeSelect-arrow\")]"}
RESULT: {}
RESULT: {}
RESULT: {"using":"xpath","value":"//span[contains(@id ,\"AddNewHO--typeSelect-arrow\")]"}
COMMAND: POST /session/ffd02ccbd2ef7f94e44a9324fe7b5a64/element/f.96D49A20C494BCF8563860382D93E39E.d.1E6AC0EA0C5947C7C503BDEB4EFC8C37.e.18873/click - {}
RESULT: {}
COMMAND: GET /session/ffd02ccbd2ef7f94e44a9324fe7b5a64/screenshot - {}
RESULT: {}
COMMAND: POST /session/ffd02ccbd2ef7f94e44a9324fe7b5a64/element - {"using":"xpath","value":"(//li[contains(text(), \"stock increase yard\")])[1]"}
RESULT: {"using":"xpath","value":"(//li[contains(text(), \"stock increase yard\")])[1]"}
COMMAND: POST /session/ffd02ccbd2ef7f94e44a9324fe7b5a64/element/f.96D49A20C494BCF8563860382D93E39E.d.1E6AC0EA0C5947C7C503BDEB4EFC8C37.e.18874/click - {}
RESULT: {}
COMMAND: GET /session/ffd02ccbd2ef7f94e44a9324fe7b5a64/screenshot - {}
RESULT: {}
COMMAND: POST /session/ffd02ccbd2ef7f94e44a9324fe7b5a64/execute/async - {"script":"<script> [1562 bytes]","args":[{"selector":{"id":"application-managehandovers-display-component---AddNewHO--dueDate","interaction":{"idSuffix":"inner"}},"wdio_ui5_key":"applicationmanagehandovers-display-component---AddNewHO--dueDate"}]}
RESULT: {"script":"<script> [1562 bytes]","args":[{"selector":{"id":"application-managehandovers-display-component---AddNewHO--dueDate","interaction":{"idSuffix":"inner"}},"wdio_ui5_key":"applicationmanagehandovers-display-component---AddNewHO--dueDate"}]}
RESULT: undefined
COMMAND: POST /session/ffd02ccbd2ef7f94e44a9324fe7b5a64/execute/async - {"script":"<script> [6424 bytes]","args":[{"element-6066-11e4-a52e-4f735466cecf":"f.96D49A20C494BCF8563860382D93E39E.d.1E6AC0EA0C5947C7C503BDEB4EFC8C37.e.18878"},"setValue",["5/22/25"]]}
RESULT: {"script":"<script> [6424 bytes]","args":[{"element-6066-11e4-a52e-4f735466cecf":"f.96D49A20C494BCF8563860382D93E39E.d.1E6AC0EA0C5947C7C503BDEB4EFC8C37.e.18878"},"setValue",["5/22/25"]]}
COMMAND: POST /session/ffd02ccbd2ef7f94e44a9324fe7b5a64/element - {"using":"xpath","value":"//input[@id=\"generalSectionFrg--receiveYard-inner\"]"}
RESULT: {"using":"xpath","value":"//input[@id=\"generalSectionFrg--receiveYard-inner\"]"}
COMMAND: POST /session/ffd02ccbd2ef7f94e44a9324fe7b5a64/element/f.96D49A20C494BCF8563860382D93E39E.d.1E6AC0EA0C5947C7C503BDEB4EFC8C37.e.18882/clear - {}
RESULT: {}
COMMAND: POST /session/ffd02ccbd2ef7f94e44a9324fe7b5a64/element/f.96D49A20C494BCF8563860382D93E39E.d.1E6AC0EA0C5947C7C503BDEB4EFC8C37.e.18882/value - {"text":"684"}
COMMAND: GET /session/ffd02ccbd2ef7f94e44a9324fe7b5a64/screenshot - {}
RESULT: {"text":"684"}
COMMAND: GET /session/ffd02ccbd2ef7f94e44a9324fe7b5a64/screenshot - {}
RESULT: {}
RESULT: {}
COMMAND: POST /session/ffd02ccbd2ef7f94e44a9324fe7b5a64/element - {"using":"xpath","value":"//li[.//span[text()='684']]"}
RESULT: {"using":"xpath","value":"//li[.//span[text()='684']]"}
COMMAND: POST /session/ffd02ccbd2ef7f94e44a9324fe7b5a64/element/f.96D49A20C494BCF8563860382D93E39E.d.1E6AC0EA0C5947C7C503BDEB4EFC8C37.e.18898/click - {}
RESULT: {}
COMMAND: GET /session/ffd02ccbd2ef7f94e44a9324fe7b5a64/screenshot - {}
RESULT: {}
COMMAND: POST /session/ffd02ccbd2ef7f94e44a9324fe7b5a64/execute/async - {"script":"<script> [1562 bytes]","args":[{"selector":{"id":"application-managehandovers-display-component---AddNewHO--ObjectPageLayout-anchBar-application-managehandovers-display-component---AddNewHO--section4-anchor","interaction":{"idSuffix":"BDI-content"}},"wdio_ui5_key":"applicationmanagehandovers-display-component---AddNewHO--ObjectPageLayout-anchBar-application-managehandovers-display-component---AddNewHO--section4-anchor"}]}
RESULT: {"script":"<script> [1562 bytes]","args":[{"selector":{"id":"application-managehandovers-display-component---AddNewHO--ObjectPageLayout-anchBar-application-managehandovers-display-component---AddNewHO--section4-anchor","interaction":{"idSuffix":"BDI-content"}},"wdio_ui5_key":"applicationmanagehandovers-display-component---AddNewHO--ObjectPageLayout-anchBar-application-managehandovers-display-component---AddNewHO--section4-anchor"}]}
RESULT: undefined
COMMAND: POST /session/ffd02ccbd2ef7f94e44a9324fe7b5a64/element - {"using":"xpath","value":"//*[@id=\"application-managehandovers-display-component---AddNewHO--ObjectPageLayout-anchBar-application-managehandovers-display-component---AddNewHO--section4-anchor\"]"}
RESULT: {"using":"xpath","value":"//*[@id=\"application-managehandovers-display-component---AddNewHO--ObjectPageLayout-anchBar-application-managehandovers-display-component---AddNewHO--section4-anchor\"]"}
COMMAND: POST /session/ffd02ccbd2ef7f94e44a9324fe7b5a64/element/f.96D49A20C494BCF8563860382D93E39E.d.1E6AC0EA0C5947C7C503BDEB4EFC8C37.e.18900/click - {}
RESULT: {}
COMMAND: POST /session/ffd02ccbd2ef7f94e44a9324fe7b5a64/element - {"using":"xpath","value":"//button[@aria-label=\"Add\"]"}
COMMAND: GET /session/ffd02ccbd2ef7f94e44a9324fe7b5a64/screenshot - {}
RESULT: {"using":"xpath","value":"//button[@aria-label=\"Add\"]"}
COMMAND: POST /session/ffd02ccbd2ef7f94e44a9324fe7b5a64/element/f.96D49A20C494BCF8563860382D93E39E.d.1E6AC0EA0C5947C7C503BDEB4EFC8C37.e.18903/click - {}
RESULT: {}
RESULT: {}
COMMAND: GET /session/ffd02ccbd2ef7f94e44a9324fe7b5a64/screenshot - {}
RESULT: {}
COMMAND: POST /session/ffd02ccbd2ef7f94e44a9324fe7b5a64/execute/async - {"script":"<script> [1562 bytes]","args":[{"selector":{"id":"application-managehandovers-display-component---AddNewHO--smartFilterBar-btnBasicSearch","searchOpenDialogs":true,"interaction":{"idSuffix":"I"}},"wdio_ui5_key":"applicationmanagehandovers-display-component---AddNewHO--smartFilterBar-btnBasicSearch"}]}
RESULT: {"script":"<script> [1562 bytes]","args":[{"selector":{"id":"application-managehandovers-display-component---AddNewHO--smartFilterBar-btnBasicSearch","searchOpenDialogs":true,"interaction":{"idSuffix":"I"}},"wdio_ui5_key":"applicationmanagehandovers-display-component---AddNewHO--smartFilterBar-btnBasicSearch"}]}
RESULT: undefined
COMMAND: POST /session/ffd02ccbd2ef7f94e44a9324fe7b5a64/execute/async - {"script":"<script> [776 bytes]","args":[{"enterText":"D54KNqK8fR","selector":{"id":"application-managehandovers-display-component---AddNewHO--smartFilterBar-btnBasicSearch","searchOpenDialogs":true,"interaction":{"idSuffix":"I"}},"clearTextFirst":true,"interactionType":"ENTER_TEXT"}]}
RESULT: {"script":"<script> [776 bytes]","args":[{"enterText":"D54KNqK8fR","selector":{"id":"application-managehandovers-display-component---AddNewHO--smartFilterBar-btnBasicSearch","searchOpenDialogs":true,"interaction":{"idSuffix":"I"}},"clearTextFirst":true,"interactionType":"ENTER_TEXT"}]}
COMMAND: POST /session/ffd02ccbd2ef7f94e44a9324fe7b5a64/actions - {"actions":[{"id":"action66","type":"key","parameters":{},"actions":[{"type":"keyDown","value":""},{"type":"pause","duration":10},{"type":"keyUp","value":""}]}]}
RESULT: {"actions":[{"id":"action66","type":"key","parameters":{},"actions":[{"type":"keyDown","value":""},{"type":"pause","duration":10},{"type":"keyUp","value":""}]}]}
COMMAND: GET /session/ffd02ccbd2ef7f94e44a9324fe7b5a64/screenshot - {}
RESULT: {}
COMMAND: POST /session/ffd02ccbd2ef7f94e44a9324fe7b5a64/execute/async - {"script":"<script> [1562 bytes]","args":[{"selector":{"id":"application-managehandovers-display-component---AddNewHO--popup-sa","searchOpenDialogs":true,"interaction":{"idSuffix":"CbBg"}},"wdio_ui5_key":"applicationmanagehandovers-display-component---AddNewHO--popup-sa"}]}
RESULT: {"script":"<script> [1562 bytes]","args":[{"selector":{"id":"application-managehandovers-display-component---AddNewHO--popup-sa","searchOpenDialogs":true,"interaction":{"idSuffix":"CbBg"}},"wdio_ui5_key":"applicationmanagehandovers-display-component---AddNewHO--popup-sa"}]}
RESULT: undefined
COMMAND: POST /session/ffd02ccbd2ef7f94e44a9324fe7b5a64/element - {"using":"xpath","value":"//*[@id=\"application-managehandovers-display-component---AddNewHO--popup-sa\"]"}
RESULT: {"using":"xpath","value":"//*[@id=\"application-managehandovers-display-component---AddNewHO--popup-sa\"]"}
COMMAND: POST /session/ffd02ccbd2ef7f94e44a9324fe7b5a64/element/f.96D49A20C494BCF8563860382D93E39E.d.1E6AC0EA0C5947C7C503BDEB4EFC8C37.e.19056/click - {}
RESULT: {}
COMMAND: GET /session/ffd02ccbd2ef7f94e44a9324fe7b5a64/screenshot - {}
RESULT: {}
COMMAND: POST /session/ffd02ccbd2ef7f94e44a9324fe7b5a64/element - {"using":"xpath","value":"//bdi[contains(text(), \"Select\")]"}
RESULT: {"using":"xpath","value":"//bdi[contains(text(), \"Select\")]"}
COMMAND: POST /session/ffd02ccbd2ef7f94e44a9324fe7b5a64/element/f.96D49A20C494BCF8563860382D93E39E.d.1E6AC0EA0C5947C7C503BDEB4EFC8C37.e.19057/click - {}
RESULT: {}
COMMAND: GET /session/ffd02ccbd2ef7f94e44a9324fe7b5a64/screenshot - {}
RESULT: {}
COMMAND: POST /session/ffd02ccbd2ef7f94e44a9324fe7b5a64/element - {"using":"xpath","value":"//button[@data-kt=\"AddNewHOSaveButton\"]"}
RESULT: {"using":"xpath","value":"//button[@data-kt=\"AddNewHOSaveButton\"]"}
COMMAND: POST /session/ffd02ccbd2ef7f94e44a9324fe7b5a64/element/f.96D49A20C494BCF8563860382D93E39E.d.1E6AC0EA0C5947C7C503BDEB4EFC8C37.e.19061/click - {}
RESULT: {}
COMMAND: GET /session/ffd02ccbd2ef7f94e44a9324fe7b5a64/screenshot - {}
RESULT: {}
COMMAND: POST /session/ffd02ccbd2ef7f94e44a9324fe7b5a64/execute/async - {"script":"<script> [1562 bytes]","args":[{"selector":{"id":"receiptDatePicker","viewName":"etm.portal.ui.managehandovers.view.DetailExecuteHO","interaction":{"idSuffix":"inner"}},"wdio_ui5_key":"receiptDatePickeretmportal.ui.managehandovers.view.DetailExecuteHO"}]}
RESULT: {"script":"<script> [1562 bytes]","args":[{"selector":{"id":"receiptDatePicker","viewName":"etm.portal.ui.managehandovers.view.DetailExecuteHO","interaction":{"idSuffix":"inner"}},"wdio_ui5_key":"receiptDatePickeretmportal.ui.managehandovers.view.DetailExecuteHO"}]}
RESULT: undefined
COMMAND: POST /session/ffd02ccbd2ef7f94e44a9324fe7b5a64/execute/async - {"script":"<script> [6424 bytes]","args":[{"element-6066-11e4-a52e-4f735466cecf":"f.96D49A20C494BCF8563860382D93E39E.d.1E6AC0EA0C5947C7C503BDEB4EFC8C37.e.19079"},"setValue",["5/22/25"]]}
RESULT: {"script":"<script> [6424 bytes]","args":[{"element-6066-11e4-a52e-4f735466cecf":"f.96D49A20C494BCF8563860382D93E39E.d.1E6AC0EA0C5947C7C503BDEB4EFC8C37.e.19079"},"setValue",["5/22/25"]]}
COMMAND: POST /session/ffd02ccbd2ef7f94e44a9324fe7b5a64/element - {"using":"xpath","value":"//button[@data-kt=\"PickingTableConfirmAllButton\"]"}
RESULT: {"using":"xpath","value":"//button[@data-kt=\"PickingTableConfirmAllButton\"]"}
COMMAND: POST /session/ffd02ccbd2ef7f94e44a9324fe7b5a64/element/f.96D49A20C494BCF8563860382D93E39E.d.1E6AC0EA0C5947C7C503BDEB4EFC8C37.e.19093/click - {}
RESULT: {}
COMMAND: GET /session/ffd02ccbd2ef7f94e44a9324fe7b5a64/screenshot - {}
RESULT: {}
COMMAND: POST /session/ffd02ccbd2ef7f94e44a9324fe7b5a64/element - {"using":"xpath","value":"//bdi[contains(text(), \"OK\")]"}
RESULT: {"using":"xpath","value":"//bdi[contains(text(), \"OK\")]"}
COMMAND: POST /session/ffd02ccbd2ef7f94e44a9324fe7b5a64/element/f.96D49A20C494BCF8563860382D93E39E.d.1E6AC0EA0C5947C7C503BDEB4EFC8C37.e.19095/click - {}
RESULT: {}
COMMAND: GET /session/ffd02ccbd2ef7f94e44a9324fe7b5a64/screenshot - {}
RESULT: {}
COMMAND: POST /session/ffd02ccbd2ef7f94e44a9324fe7b5a64/element - {"using":"xpath","value":"(//bdi[contains(text(), \"Receive\")])[2]"}
RESULT: {"using":"xpath","value":"(//bdi[contains(text(), \"Receive\")])[2]"}
COMMAND: POST /session/ffd02ccbd2ef7f94e44a9324fe7b5a64/element/f.96D49A20C494BCF8563860382D93E39E.d.1E6AC0EA0C5947C7C503BDEB4EFC8C37.e.19097/click - {}
RESULT: {}
COMMAND: GET /session/ffd02ccbd2ef7f94e44a9324fe7b5a64/screenshot - {}
RESULT: {}
COMMAND: POST /session/ffd02ccbd2ef7f94e44a9324fe7b5a64/element - {"using":"css selector","value":"#shell-header-logo"}
RESULT: {"using":"css selector","value":"#shell-header-logo"}
COMMAND: POST /session/ffd02ccbd2ef7f94e44a9324fe7b5a64/element/f.96D49A20C494BCF8563860382D93E39E.d.1E6AC0EA0C5947C7C503BDEB4EFC8C37.e.18501/click - {}
RESULT: {}
COMMAND: GET /session/ffd02ccbd2ef7f94e44a9324fe7b5a64/screenshot - {}
RESULT: {}
]]></system-out>
    </testcase>
    <testcase classname="chrome.136_0_7103_93.windows.Create_Reverse_Billing_US127248" name="Should create a new contract" time="74.837">
      <system-out><![CDATA[
COMMAND: POST /session/ffd02ccbd2ef7f94e44a9324fe7b5a64/execute/async - {"script":"<script> [1562 bytes]","args":[{"selector":{"controlType":"sap.m.GenericTile","properties":{"header":"Manage Contracts"}},"wdio_ui5_key":"sapm.GenericTile{\"header\":\"Manage Contracts\"}"}]}
RESULT: {"script":"<script> [1562 bytes]","args":[{"selector":{"controlType":"sap.m.GenericTile","properties":{"header":"Manage Contracts"}},"wdio_ui5_key":"sapm.GenericTile{\"header\":\"Manage Contracts\"}"}]}
RESULT: undefined
COMMAND: POST /session/ffd02ccbd2ef7f94e44a9324fe7b5a64/element - {"using":"xpath","value":"//*[@id=\"__tile130\"]"}
RESULT: {"using":"xpath","value":"//*[@id=\"__tile130\"]"}
COMMAND: POST /session/ffd02ccbd2ef7f94e44a9324fe7b5a64/element/f.96D49A20C494BCF8563860382D93E39E.d.1E6AC0EA0C5947C7C503BDEB4EFC8C37.e.17177/click - {}
RESULT: {}
COMMAND: GET /session/ffd02ccbd2ef7f94e44a9324fe7b5a64/screenshot - {}
COMMAND: POST /session/ffd02ccbd2ef7f94e44a9324fe7b5a64/elements - {"using":"xpath","value":"//span[text()='Error']"}
RESULT: {}
RESULT: {"using":"xpath","value":"//span[text()='Error']"}
COMMAND: POST /session/ffd02ccbd2ef7f94e44a9324fe7b5a64/element - {"using":"xpath","value":"//button[@data-kt=\"addButton\"]"}
RESULT: {"using":"xpath","value":"//button[@data-kt=\"addButton\"]"}
COMMAND: POST /session/ffd02ccbd2ef7f94e44a9324fe7b5a64/elements - {"using":"xpath","value":"//button[@data-kt=\"addButton\"]"}
RESULT: {"using":"xpath","value":"//button[@data-kt=\"addButton\"]"}
COMMAND: POST /session/ffd02ccbd2ef7f94e44a9324fe7b5a64/execute/sync - {"script":"<script> [8489 bytes]","args":[{"element-6066-11e4-a52e-4f735466cecf":"f.96D49A20C494BCF8563860382D93E39E.d.1E6AC0EA0C5947C7C503BDEB4EFC8C37.e.19414","ELEMENT":"f.96D49A20C494BCF8563860382D93E39E.d.1E6AC0EA0C5947C7C503BDEB4EFC8C37.e.19414"}]}
RESULT: {"script":"<script> [8489 bytes]","args":[{"element-6066-11e4-a52e-4f735466cecf":"f.96D49A20C494BCF8563860382D93E39E.d.1E6AC0EA0C5947C7C503BDEB4EFC8C37.e.19414","ELEMENT":"f.96D49A20C494BCF8563860382D93E39E.d.1E6AC0EA0C5947C7C503BDEB4EFC8C37.e.19414"}]}
COMMAND: GET /session/ffd02ccbd2ef7f94e44a9324fe7b5a64/element/f.96D49A20C494BCF8563860382D93E39E.d.1E6AC0EA0C5947C7C503BDEB4EFC8C37.e.19414/enabled - {}
COMMAND: GET /session/ffd02ccbd2ef7f94e44a9324fe7b5a64/screenshot - {}
RESULT: {}
COMMAND: POST /session/ffd02ccbd2ef7f94e44a9324fe7b5a64/execute/sync - {"script":"<script> [8489 bytes]","args":[{"element-6066-11e4-a52e-4f735466cecf":"f.96D49A20C494BCF8563860382D93E39E.d.1E6AC0EA0C5947C7C503BDEB4EFC8C37.e.19414","ELEMENT":"f.96D49A20C494BCF8563860382D93E39E.d.1E6AC0EA0C5947C7C503BDEB4EFC8C37.e.19414"}]}
COMMAND: GET /session/ffd02ccbd2ef7f94e44a9324fe7b5a64/screenshot - {}
RESULT: {}
RESULT: {"script":"<script> [8489 bytes]","args":[{"element-6066-11e4-a52e-4f735466cecf":"f.96D49A20C494BCF8563860382D93E39E.d.1E6AC0EA0C5947C7C503BDEB4EFC8C37.e.19414","ELEMENT":"f.96D49A20C494BCF8563860382D93E39E.d.1E6AC0EA0C5947C7C503BDEB4EFC8C37.e.19414"}]}
COMMAND: POST /session/ffd02ccbd2ef7f94e44a9324fe7b5a64/execute/sync - {"script":"<script> [5351 bytes]","args":[{"element-6066-11e4-a52e-4f735466cecf":"f.96D49A20C494BCF8563860382D93E39E.d.1E6AC0EA0C5947C7C503BDEB4EFC8C37.e.19414","ELEMENT":"f.96D49A20C494BCF8563860382D93E39E.d.1E6AC0EA0C5947C7C503BDEB4EFC8C37.e.19414"}]}
COMMAND: GET /session/ffd02ccbd2ef7f94e44a9324fe7b5a64/screenshot - {}
RESULT: {}
RESULT: {"script":"<script> [5351 bytes]","args":[{"element-6066-11e4-a52e-4f735466cecf":"f.96D49A20C494BCF8563860382D93E39E.d.1E6AC0EA0C5947C7C503BDEB4EFC8C37.e.19414","ELEMENT":"f.96D49A20C494BCF8563860382D93E39E.d.1E6AC0EA0C5947C7C503BDEB4EFC8C37.e.19414"}]}
COMMAND: GET /session/ffd02ccbd2ef7f94e44a9324fe7b5a64/screenshot - {}
RESULT: {}
RESULT: {}
COMMAND: POST /session/ffd02ccbd2ef7f94e44a9324fe7b5a64/element/f.96D49A20C494BCF8563860382D93E39E.d.1E6AC0EA0C5947C7C503BDEB4EFC8C37.e.19414/click - {}
RESULT: {}
COMMAND: GET /session/ffd02ccbd2ef7f94e44a9324fe7b5a64/screenshot - {}
COMMAND: POST /session/ffd02ccbd2ef7f94e44a9324fe7b5a64/execute/async - {"script":"<script> [1562 bytes]","args":[{"selector":{"id":"application-managecontracts-display-component---AddNewContract--projectDescription","interaction":{"idSuffix":"inner"}},"wdio_ui5_key":"applicationmanagecontracts-display-component---AddNewContract--projectDescription"}]}
RESULT: {}
RESULT: {"script":"<script> [1562 bytes]","args":[{"selector":{"id":"application-managecontracts-display-component---AddNewContract--projectDescription","interaction":{"idSuffix":"inner"}},"wdio_ui5_key":"applicationmanagecontracts-display-component---AddNewContract--projectDescription"}]}
RESULT: undefined
COMMAND: POST /session/ffd02ccbd2ef7f94e44a9324fe7b5a64/execute/async - {"script":"<script> [776 bytes]","args":[{"enterText":"Contract WDIO","selector":{"id":"application-managecontracts-display-component---AddNewContract--projectDescription","interaction":{"idSuffix":"inner"}},"clearTextFirst":true,"interactionType":"ENTER_TEXT"}]}
RESULT: {"script":"<script> [776 bytes]","args":[{"enterText":"Contract WDIO","selector":{"id":"application-managecontracts-display-component---AddNewContract--projectDescription","interaction":{"idSuffix":"inner"}},"clearTextFirst":true,"interactionType":"ENTER_TEXT"}]}
COMMAND: POST /session/ffd02ccbd2ef7f94e44a9324fe7b5a64/element - {"using":"xpath","value":"//input[@id=\"application-managecontracts-display-component---AddNewContract--site-inner\"]"}
RESULT: {"using":"xpath","value":"//input[@id=\"application-managecontracts-display-component---AddNewContract--site-inner\"]"}
COMMAND: POST /session/ffd02ccbd2ef7f94e44a9324fe7b5a64/element/f.96D49A20C494BCF8563860382D93E39E.d.1E6AC0EA0C5947C7C503BDEB4EFC8C37.e.19804/clear - {}
RESULT: {}
COMMAND: POST /session/ffd02ccbd2ef7f94e44a9324fe7b5a64/element/f.96D49A20C494BCF8563860382D93E39E.d.1E6AC0EA0C5947C7C503BDEB4EFC8C37.e.19804/value - {"text":"2367"}
COMMAND: GET /session/ffd02ccbd2ef7f94e44a9324fe7b5a64/screenshot - {}
RESULT: {"text":"2367"}
COMMAND: GET /session/ffd02ccbd2ef7f94e44a9324fe7b5a64/screenshot - {}
RESULT: {}
RESULT: {}
COMMAND: POST /session/ffd02ccbd2ef7f94e44a9324fe7b5a64/element - {"using":"xpath","value":"//li[.//span[text()='2367']]"}
RESULT: {"using":"xpath","value":"//li[.//span[text()='2367']]"}
COMMAND: POST /session/ffd02ccbd2ef7f94e44a9324fe7b5a64/element/f.96D49A20C494BCF8563860382D93E39E.d.1E6AC0EA0C5947C7C503BDEB4EFC8C37.e.19831/click - {}
RESULT: {}
COMMAND: GET /session/ffd02ccbd2ef7f94e44a9324fe7b5a64/screenshot - {}
RESULT: {}
COMMAND: POST /session/ffd02ccbd2ef7f94e44a9324fe7b5a64/element - {"using":"xpath","value":"//input[@id=\"application-managecontracts-display-component---AddNewContract--yardId-inner\"]"}
RESULT: {"using":"xpath","value":"//input[@id=\"application-managecontracts-display-component---AddNewContract--yardId-inner\"]"}
COMMAND: GET /session/ffd02ccbd2ef7f94e44a9324fe7b5a64/element/f.96D49A20C494BCF8563860382D93E39E.d.1E6AC0EA0C5947C7C503BDEB4EFC8C37.e.19805/property/value - {}
RESULT: {}
COMMAND: POST /session/ffd02ccbd2ef7f94e44a9324fe7b5a64/element - {"using":"xpath","value":"//input[@id=\"application-managecontracts-display-component---AddNewContract--customerSelect-inner\"]"}
COMMAND: GET /session/ffd02ccbd2ef7f94e44a9324fe7b5a64/screenshot - {}
RESULT: {"using":"xpath","value":"//input[@id=\"application-managecontracts-display-component---AddNewContract--customerSelect-inner\"]"}
COMMAND: POST /session/ffd02ccbd2ef7f94e44a9324fe7b5a64/element/f.96D49A20C494BCF8563860382D93E39E.d.1E6AC0EA0C5947C7C503BDEB4EFC8C37.e.19803/clear - {}
RESULT: {}
RESULT: {}
COMMAND: POST /session/ffd02ccbd2ef7f94e44a9324fe7b5a64/element/f.96D49A20C494BCF8563860382D93E39E.d.1E6AC0EA0C5947C7C503BDEB4EFC8C37.e.19803/value - {"text":"1449"}
COMMAND: GET /session/ffd02ccbd2ef7f94e44a9324fe7b5a64/screenshot - {}
RESULT: {"text":"1449"}
COMMAND: GET /session/ffd02ccbd2ef7f94e44a9324fe7b5a64/screenshot - {}
RESULT: {}
RESULT: {}
COMMAND: POST /session/ffd02ccbd2ef7f94e44a9324fe7b5a64/element - {"using":"xpath","value":"//li[.//span[text()='1449']]"}
RESULT: {"using":"xpath","value":"//li[.//span[text()='1449']]"}
COMMAND: POST /session/ffd02ccbd2ef7f94e44a9324fe7b5a64/element/f.96D49A20C494BCF8563860382D93E39E.d.1E6AC0EA0C5947C7C503BDEB4EFC8C37.e.19834/click - {}
RESULT: {}
COMMAND: GET /session/ffd02ccbd2ef7f94e44a9324fe7b5a64/screenshot - {}
RESULT: {}
COMMAND: POST /session/ffd02ccbd2ef7f94e44a9324fe7b5a64/element - {"using":"xpath","value":"//button[@data-kt=\"saveButton\"]"}
RESULT: {"using":"xpath","value":"//button[@data-kt=\"saveButton\"]"}
COMMAND: POST /session/ffd02ccbd2ef7f94e44a9324fe7b5a64/element/f.96D49A20C494BCF8563860382D93E39E.d.1E6AC0EA0C5947C7C503BDEB4EFC8C37.e.19835/click - {}
RESULT: {}
COMMAND: GET /session/ffd02ccbd2ef7f94e44a9324fe7b5a64/screenshot - {}
RESULT: {}
COMMAND: POST /session/ffd02ccbd2ef7f94e44a9324fe7b5a64/element - {"using":"xpath","value":"//span[contains(@id ,\"contractDetailTitleNoExpanded\")]"}
RESULT: {"using":"xpath","value":"//span[contains(@id ,\"contractDetailTitleNoExpanded\")]"}
COMMAND: POST /session/ffd02ccbd2ef7f94e44a9324fe7b5a64/elements - {"using":"xpath","value":"//span[contains(@id ,\"contractDetailTitleNoExpanded\")]"}
RESULT: {"using":"xpath","value":"//span[contains(@id ,\"contractDetailTitleNoExpanded\")]"}
COMMAND: POST /session/ffd02ccbd2ef7f94e44a9324fe7b5a64/execute/sync - {"script":"<script> [56 bytes]","args":[{"element-6066-11e4-a52e-4f735466cecf":"f.96D49A20C494BCF8563860382D93E39E.d.1E6AC0EA0C5947C7C503BDEB4EFC8C37.e.19845","ELEMENT":"f.96D49A20C494BCF8563860382D93E39E.d.1E6AC0EA0C5947C7C503BDEB4EFC8C37.e.19845"}]}
RESULT: {"script":"<script> [56 bytes]","args":[{"element-6066-11e4-a52e-4f735466cecf":"f.96D49A20C494BCF8563860382D93E39E.d.1E6AC0EA0C5947C7C503BDEB4EFC8C37.e.19845","ELEMENT":"f.96D49A20C494BCF8563860382D93E39E.d.1E6AC0EA0C5947C7C503BDEB4EFC8C37.e.19845"}]}
COMMAND: GET /session/ffd02ccbd2ef7f94e44a9324fe7b5a64/screenshot - {}
RESULT: {}
]]></system-out>
    </testcase>
    <testcase classname="chrome.136_0_7103_93.windows.Create_Reverse_Billing_US127248" name="Should add equipment to the contract" time="48.921">
      <system-out><![CDATA[
COMMAND: POST /session/ffd02ccbd2ef7f94e44a9324fe7b5a64/element - {"using":"xpath","value":"//button[@data-kt=\"contractDetailEditBtnButton\"]"}
RESULT: {"using":"xpath","value":"//button[@data-kt=\"contractDetailEditBtnButton\"]"}
COMMAND: POST /session/ffd02ccbd2ef7f94e44a9324fe7b5a64/element/f.96D49A20C494BCF8563860382D93E39E.d.1E6AC0EA0C5947C7C503BDEB4EFC8C37.e.19846/click - {}
RESULT: {}
COMMAND: GET /session/ffd02ccbd2ef7f94e44a9324fe7b5a64/screenshot - {}
RESULT: {}
COMMAND: POST /session/ffd02ccbd2ef7f94e44a9324fe7b5a64/element - {"using":"xpath","value":"(//span[contains(text(), \"Additional Addresses\")])[2]"}
RESULT: {"using":"xpath","value":"(//span[contains(text(), \"Additional Addresses\")])[2]"}
COMMAND: POST /session/ffd02ccbd2ef7f94e44a9324fe7b5a64/element/f.96D49A20C494BCF8563860382D93E39E.d.1E6AC0EA0C5947C7C503BDEB4EFC8C37.e.19903/click - {}
RESULT: {}
COMMAND: GET /session/ffd02ccbd2ef7f94e44a9324fe7b5a64/screenshot - {}
RESULT: {}
COMMAND: POST /session/ffd02ccbd2ef7f94e44a9324fe7b5a64/element - {"using":"xpath","value":"//button[@data-kt=\"btnAddTableRowOverflowToolbarButton\"]"}
RESULT: {"using":"xpath","value":"//button[@data-kt=\"btnAddTableRowOverflowToolbarButton\"]"}
COMMAND: POST /session/ffd02ccbd2ef7f94e44a9324fe7b5a64/element/f.96D49A20C494BCF8563860382D93E39E.d.1E6AC0EA0C5947C7C503BDEB4EFC8C37.e.19905/click - {}
RESULT: {}
COMMAND: GET /session/ffd02ccbd2ef7f94e44a9324fe7b5a64/screenshot - {}
RESULT: {}
COMMAND: POST /session/ffd02ccbd2ef7f94e44a9324fe7b5a64/element - {"using":"xpath","value":"//div[(text() = 'Standard Entry' or . = 'Standard Entry')]"}
RESULT: {"using":"xpath","value":"//div[(text() = 'Standard Entry' or . = 'Standard Entry')]"}
COMMAND: POST /session/ffd02ccbd2ef7f94e44a9324fe7b5a64/element/f.96D49A20C494BCF8563860382D93E39E.d.1E6AC0EA0C5947C7C503BDEB4EFC8C37.e.19907/click - {}
RESULT: {}
COMMAND: GET /session/ffd02ccbd2ef7f94e44a9324fe7b5a64/screenshot - {}
RESULT: {}
COMMAND: POST /session/ffd02ccbd2ef7f94e44a9324fe7b5a64/element - {"using":"xpath","value":"//td[7]/div/div/input"}
RESULT: {"using":"xpath","value":"//td[7]/div/div/input"}
COMMAND: POST /session/ffd02ccbd2ef7f94e44a9324fe7b5a64/element/f.96D49A20C494BCF8563860382D93E39E.d.1E6AC0EA0C5947C7C503BDEB4EFC8C37.e.19916/clear - {}
RESULT: {}
COMMAND: POST /session/ffd02ccbd2ef7f94e44a9324fe7b5a64/element/f.96D49A20C494BCF8563860382D93E39E.d.1E6AC0EA0C5947C7C503BDEB4EFC8C37.e.19916/value - {"text":"D54KNqK8fR"}
COMMAND: GET /session/ffd02ccbd2ef7f94e44a9324fe7b5a64/screenshot - {}
RESULT: {"text":"D54KNqK8fR"}
COMMAND: GET /session/ffd02ccbd2ef7f94e44a9324fe7b5a64/screenshot - {}
RESULT: {}
RESULT: {}
COMMAND: POST /session/ffd02ccbd2ef7f94e44a9324fe7b5a64/actions - {"actions":[{"id":"action67","type":"key","parameters":{},"actions":[{"type":"keyDown","value":""},{"type":"pause","duration":10},{"type":"keyUp","value":""}]}]}
RESULT: {"actions":[{"id":"action67","type":"key","parameters":{},"actions":[{"type":"keyDown","value":""},{"type":"pause","duration":10},{"type":"keyUp","value":""}]}]}
COMMAND: GET /session/ffd02ccbd2ef7f94e44a9324fe7b5a64/screenshot - {}
RESULT: {}
COMMAND: POST /session/ffd02ccbd2ef7f94e44a9324fe7b5a64/execute/sync - {"script":"<script> [276 bytes]","args":["No pricing information was found"]}
RESULT: {"script":"<script> [276 bytes]","args":["No pricing information was found"]}
COMMAND: POST /session/ffd02ccbd2ef7f94e44a9324fe7b5a64/element - {"using":"xpath","value":"(//button[@data-kt=\"saveButton\"])[2]"}
COMMAND: GET /session/ffd02ccbd2ef7f94e44a9324fe7b5a64/screenshot - {}
RESULT: {"using":"xpath","value":"(//button[@data-kt=\"saveButton\"])[2]"}
COMMAND: POST /session/ffd02ccbd2ef7f94e44a9324fe7b5a64/element/f.96D49A20C494BCF8563860382D93E39E.d.1E6AC0EA0C5947C7C503BDEB4EFC8C37.e.19931/click - {}
RESULT: {}
RESULT: {}
COMMAND: GET /session/ffd02ccbd2ef7f94e44a9324fe7b5a64/screenshot - {}
RESULT: {}
COMMAND: POST /session/ffd02ccbd2ef7f94e44a9324fe7b5a64/execute/sync - {"script":"<script> [276 bytes]","args":["Some contract items are having rental validity exceeding header rental validity"]}
RESULT: {"script":"<script> [276 bytes]","args":["Some contract items are having rental validity exceeding header rental validity"]}
COMMAND: GET /session/ffd02ccbd2ef7f94e44a9324fe7b5a64/screenshot - {}
RESULT: {}
COMMAND: POST /session/ffd02ccbd2ef7f94e44a9324fe7b5a64/element - {"using":"xpath","value":"//span[contains(@id ,\"contractItemsSmartTable-header-inner\")]"}
RESULT: {"using":"xpath","value":"//span[contains(@id ,\"contractItemsSmartTable-header-inner\")]"}
COMMAND: POST /session/ffd02ccbd2ef7f94e44a9324fe7b5a64/elements - {"using":"xpath","value":"//span[contains(@id ,\"contractItemsSmartTable-header-inner\")]"}
RESULT: {"using":"xpath","value":"//span[contains(@id ,\"contractItemsSmartTable-header-inner\")]"}
COMMAND: POST /session/ffd02ccbd2ef7f94e44a9324fe7b5a64/execute/sync - {"script":"<script> [56 bytes]","args":[{"element-6066-11e4-a52e-4f735466cecf":"f.96D49A20C494BCF8563860382D93E39E.d.1E6AC0EA0C5947C7C503BDEB4EFC8C37.e.19940","ELEMENT":"f.96D49A20C494BCF8563860382D93E39E.d.1E6AC0EA0C5947C7C503BDEB4EFC8C37.e.19940"}]}
RESULT: {"script":"<script> [56 bytes]","args":[{"element-6066-11e4-a52e-4f735466cecf":"f.96D49A20C494BCF8563860382D93E39E.d.1E6AC0EA0C5947C7C503BDEB4EFC8C37.e.19940","ELEMENT":"f.96D49A20C494BCF8563860382D93E39E.d.1E6AC0EA0C5947C7C503BDEB4EFC8C37.e.19940"}]}
COMMAND: GET /session/ffd02ccbd2ef7f94e44a9324fe7b5a64/screenshot - {}
]]></system-out>
    </testcase>
    <testcase classname="chrome.136_0_7103_93.windows.Create_Reverse_Billing_US127248" name="Should do a provide to site handover" time="66.691">
      <system-out><![CDATA[
COMMAND: POST /session/ffd02ccbd2ef7f94e44a9324fe7b5a64/element - {"using":"xpath","value":"//button[@data-kt=\"provideButton\"]"}
RESULT: {}
RESULT: {"using":"xpath","value":"//button[@data-kt=\"provideButton\"]"}
COMMAND: POST /session/ffd02ccbd2ef7f94e44a9324fe7b5a64/element/f.96D49A20C494BCF8563860382D93E39E.d.1E6AC0EA0C5947C7C503BDEB4EFC8C37.e.19941/click - {}
RESULT: {}
COMMAND: GET /session/ffd02ccbd2ef7f94e44a9324fe7b5a64/screenshot - {}
RESULT: {}
RESULT: undefined
COMMAND: POST /session/ffd02ccbd2ef7f94e44a9324fe7b5a64/execute/async - {"script":"<script> [6424 bytes]","args":[{"element-6066-11e4-a52e-4f735466cecf":"f.96D49A20C494BCF8563860382D93E39E.d.1E6AC0EA0C5947C7C503BDEB4EFC8C37.e.18878"},"setValue",["5/22/25"]]}
COMMAND: POST /session/ffd02ccbd2ef7f94e44a9324fe7b5a64/execute/async - {"script":"<script> [1562 bytes]","args":[{"selector":{"id":"application-managehandovers-display-component---AddNewHO--dueDate","interaction":{"idSuffix":"inner"}},"wdio_ui5_key":"applicationmanagehandovers-display-component---AddNewHO--dueDate"}]}
RESULT: {"script":"<script> [1562 bytes]","args":[{"selector":{"id":"application-managehandovers-display-component---AddNewHO--dueDate","interaction":{"idSuffix":"inner"}},"wdio_ui5_key":"applicationmanagehandovers-display-component---AddNewHO--dueDate"}]}
COMMAND: POST /session/ffd02ccbd2ef7f94e44a9324fe7b5a64/execute/async - {"script":"<script> [6424 bytes]","args":[{"element-6066-11e4-a52e-4f735466cecf":"f.96D49A20C494BCF8563860382D93E39E.d.1E6AC0EA0C5947C7C503BDEB4EFC8C37.e.20014"},"setValue",["5/22/25"]]}
RESULT: {"script":"<script> [6424 bytes]","args":[{"element-6066-11e4-a52e-4f735466cecf":"f.96D49A20C494BCF8563860382D93E39E.d.1E6AC0EA0C5947C7C503BDEB4EFC8C37.e.20014"},"setValue",["5/22/25"]]}
COMMAND: POST /session/ffd02ccbd2ef7f94e44a9324fe7b5a64/element - {"using":"xpath","value":"//bdi[contains(text(), \"Instructions\")]"}
RESULT: {"using":"xpath","value":"//bdi[contains(text(), \"Instructions\")]"}
COMMAND: POST /session/ffd02ccbd2ef7f94e44a9324fe7b5a64/element/f.96D49A20C494BCF8563860382D93E39E.d.1E6AC0EA0C5947C7C503BDEB4EFC8C37.e.20256/click - {}
RESULT: {}
COMMAND: GET /session/ffd02ccbd2ef7f94e44a9324fe7b5a64/screenshot - {}
RESULT: {}
COMMAND: POST /session/ffd02ccbd2ef7f94e44a9324fe7b5a64/element - {"using":"xpath","value":"//button[@data-kt=\"AddNewHOProvideAddItemsButton\"]"}
RESULT: {"using":"xpath","value":"//button[@data-kt=\"AddNewHOProvideAddItemsButton\"]"}
COMMAND: POST /session/ffd02ccbd2ef7f94e44a9324fe7b5a64/element/f.96D49A20C494BCF8563860382D93E39E.d.1E6AC0EA0C5947C7C503BDEB4EFC8C37.e.20260/click - {}
RESULT: {}
COMMAND: GET /session/ffd02ccbd2ef7f94e44a9324fe7b5a64/screenshot - {}
RESULT: {}
RESULT: undefined
COMMAND: POST /session/ffd02ccbd2ef7f94e44a9324fe7b5a64/element - {"using":"xpath","value":"//*[@id=\"application-managehandovers-display-component---AddNewHO--popup-sa\"]"}
RESULT: {"using":"xpath","value":"//*[@id=\"application-managehandovers-display-component---AddNewHO--popup-sa\"]"}
COMMAND: POST /session/ffd02ccbd2ef7f94e44a9324fe7b5a64/element/f.96D49A20C494BCF8563860382D93E39E.d.1E6AC0EA0C5947C7C503BDEB4EFC8C37.e.20264/click - {}
RESULT: {}
COMMAND: GET /session/ffd02ccbd2ef7f94e44a9324fe7b5a64/screenshot - {}
RESULT: {}
COMMAND: POST /session/ffd02ccbd2ef7f94e44a9324fe7b5a64/element - {"using":"xpath","value":"//*[contains(@id ,\"BDI-content\")][contains(text(), \"Select\")]"}
RESULT: {"using":"xpath","value":"//*[contains(@id ,\"BDI-content\")][contains(text(), \"Select\")]"}
COMMAND: POST /session/ffd02ccbd2ef7f94e44a9324fe7b5a64/element/f.96D49A20C494BCF8563860382D93E39E.d.1E6AC0EA0C5947C7C503BDEB4EFC8C37.e.20266/click - {}
RESULT: {}
COMMAND: GET /session/ffd02ccbd2ef7f94e44a9324fe7b5a64/screenshot - {}
RESULT: {}
COMMAND: POST /session/ffd02ccbd2ef7f94e44a9324fe7b5a64/execute/async - {"script":"<script> [1562 bytes]","args":[{"selector":{"id":"application-managehandovers-display-component---AddNewHO--confirmCreationButton","interaction":{"idSuffix":"BDI-content"}},"wdio_ui5_key":"applicationmanagehandovers-display-component---AddNewHO--confirmCreationButton"}]}
RESULT: {"script":"<script> [1562 bytes]","args":[{"selector":{"id":"application-managehandovers-display-component---AddNewHO--confirmCreationButton","interaction":{"idSuffix":"BDI-content"}},"wdio_ui5_key":"applicationmanagehandovers-display-component---AddNewHO--confirmCreationButton"}]}
RESULT: undefined
COMMAND: POST /session/ffd02ccbd2ef7f94e44a9324fe7b5a64/element - {"using":"xpath","value":"//*[@id=\"application-managehandovers-display-component---AddNewHO--confirmCreationButton\"]"}
RESULT: {"using":"xpath","value":"//*[@id=\"application-managehandovers-display-component---AddNewHO--confirmCreationButton\"]"}
COMMAND: POST /session/ffd02ccbd2ef7f94e44a9324fe7b5a64/element/f.96D49A20C494BCF8563860382D93E39E.d.1E6AC0EA0C5947C7C503BDEB4EFC8C37.e.20063/click - {}
RESULT: {}
COMMAND: GET /session/ffd02ccbd2ef7f94e44a9324fe7b5a64/screenshot - {}
RESULT: {}
COMMAND: POST /session/ffd02ccbd2ef7f94e44a9324fe7b5a64/execute/async - {"script":"<script> [1562 bytes]","args":[{"selector":{"id":"issueDatePicker","viewName":"etm.portal.ui.managehandovers.view.DetailExecuteHO","interaction":{"idSuffix":"inner"}},"wdio_ui5_key":"issueDatePickeretmportal.ui.managehandovers.view.DetailExecuteHO"}]}
RESULT: {"script":"<script> [1562 bytes]","args":[{"selector":{"id":"issueDatePicker","viewName":"etm.portal.ui.managehandovers.view.DetailExecuteHO","interaction":{"idSuffix":"inner"}},"wdio_ui5_key":"issueDatePickeretmportal.ui.managehandovers.view.DetailExecuteHO"}]}
RESULT: undefined
COMMAND: POST /session/ffd02ccbd2ef7f94e44a9324fe7b5a64/execute/async - {"script":"<script> [776 bytes]","args":[{"enterText":"5/22/25","selector":{"id":"issueDatePicker","viewName":"etm.portal.ui.managehandovers.view.DetailExecuteHO","interaction":{"idSuffix":"inner"}},"clearTextFirst":true,"interactionType":"ENTER_TEXT"}]}
RESULT: {"script":"<script> [776 bytes]","args":[{"enterText":"5/22/25","selector":{"id":"issueDatePicker","viewName":"etm.portal.ui.managehandovers.view.DetailExecuteHO","interaction":{"idSuffix":"inner"}},"clearTextFirst":true,"interactionType":"ENTER_TEXT"}]}
COMMAND: POST /session/ffd02ccbd2ef7f94e44a9324fe7b5a64/element - {"using":"xpath","value":"//bdi[contains(text(), \"OK\")]"}
RESULT: {"using":"xpath","value":"//bdi[contains(text(), \"OK\")]"}
COMMAND: POST /session/ffd02ccbd2ef7f94e44a9324fe7b5a64/element/f.96D49A20C494BCF8563860382D93E39E.d.1E6AC0EA0C5947C7C503BDEB4EFC8C37.e.20310/click - {}
RESULT: {}
COMMAND: GET /session/ffd02ccbd2ef7f94e44a9324fe7b5a64/screenshot - {}
RESULT: {}
COMMAND: POST /session/ffd02ccbd2ef7f94e44a9324fe7b5a64/element - {"using":"xpath","value":"//button[@data-kt=\"PickingTableConfirmAllButton\"]"}
RESULT: {"using":"xpath","value":"//button[@data-kt=\"PickingTableConfirmAllButton\"]"}
COMMAND: POST /session/ffd02ccbd2ef7f94e44a9324fe7b5a64/element/f.96D49A20C494BCF8563860382D93E39E.d.1E6AC0EA0C5947C7C503BDEB4EFC8C37.e.20317/click - {}
RESULT: {}
COMMAND: GET /session/ffd02ccbd2ef7f94e44a9324fe7b5a64/screenshot - {}
RESULT: {}
COMMAND: POST /session/ffd02ccbd2ef7f94e44a9324fe7b5a64/element - {"using":"xpath","value":"//bdi[contains(text(), \"OK\")]"}
RESULT: {"using":"xpath","value":"//bdi[contains(text(), \"OK\")]"}
COMMAND: POST /session/ffd02ccbd2ef7f94e44a9324fe7b5a64/element/f.96D49A20C494BCF8563860382D93E39E.d.1E6AC0EA0C5947C7C503BDEB4EFC8C37.e.20320/click - {}
RESULT: {}
COMMAND: GET /session/ffd02ccbd2ef7f94e44a9324fe7b5a64/screenshot - {}
RESULT: {}
COMMAND: POST /session/ffd02ccbd2ef7f94e44a9324fe7b5a64/element - {"using":"xpath","value":"//bdi[contains(text(), \"Issue\")]"}
RESULT: {"using":"xpath","value":"//bdi[contains(text(), \"Issue\")]"}
COMMAND: POST /session/ffd02ccbd2ef7f94e44a9324fe7b5a64/element/f.96D49A20C494BCF8563860382D93E39E.d.1E6AC0EA0C5947C7C503BDEB4EFC8C37.e.20322/click - {}
RESULT: {}
COMMAND: GET /session/ffd02ccbd2ef7f94e44a9324fe7b5a64/screenshot - {}
RESULT: {}
COMMAND: POST /session/ffd02ccbd2ef7f94e44a9324fe7b5a64/element - {"using":"css selector","value":"#shell-header-logo"}
RESULT: {"using":"css selector","value":"#shell-header-logo"}
COMMAND: POST /session/ffd02ccbd2ef7f94e44a9324fe7b5a64/element/f.96D49A20C494BCF8563860382D93E39E.d.1E6AC0EA0C5947C7C503BDEB4EFC8C37.e.19369/click - {}
RESULT: {}
COMMAND: GET /session/ffd02ccbd2ef7f94e44a9324fe7b5a64/screenshot - {}
RESULT: {}
]]></system-out>
    </testcase>
    <testcase classname="chrome.136_0_7103_93.windows.Create_Reverse_Billing_US127248" name="Should go navigate to Manage Billings and trigger contract calculation check result" time="68.818">
      <system-out><![CDATA[
COMMAND: POST /session/ffd02ccbd2ef7f94e44a9324fe7b5a64/execute/async - {"script":"<script> [1562 bytes]","args":[{"selector":{"controlType":"sap.m.GenericTile","properties":{"header":"Manage Billings"}},"wdio_ui5_key":"sapm.GenericTile{\"header\":\"Manage Billings\"}"}]}
RESULT: {"script":"<script> [1562 bytes]","args":[{"selector":{"controlType":"sap.m.GenericTile","properties":{"header":"Manage Billings"}},"wdio_ui5_key":"sapm.GenericTile{\"header\":\"Manage Billings\"}"}]}
RESULT: undefined
COMMAND: POST /session/ffd02ccbd2ef7f94e44a9324fe7b5a64/element - {"using":"xpath","value":"//*[@id=\"__tile51\"]"}
RESULT: {"using":"xpath","value":"//*[@id=\"__tile51\"]"}
COMMAND: POST /session/ffd02ccbd2ef7f94e44a9324fe7b5a64/element/f.96D49A20C494BCF8563860382D93E39E.d.1E6AC0EA0C5947C7C503BDEB4EFC8C37.e.17204/click - {}
RESULT: {}
COMMAND: GET /session/ffd02ccbd2ef7f94e44a9324fe7b5a64/screenshot - {}
RESULT: {}
COMMAND: POST /session/ffd02ccbd2ef7f94e44a9324fe7b5a64/elements - {"using":"xpath","value":"//span[text()='Error']"}
RESULT: {"using":"xpath","value":"//span[text()='Error']"}
COMMAND: POST /session/ffd02ccbd2ef7f94e44a9324fe7b5a64/execute/async - {"script":"<script> [1562 bytes]","args":[{"selector":{"id":"application-managebillings-display-component---billRunCalcResult--smartFilterBar-btnBasicSearch","interaction":{"idSuffix":"I"}},"wdio_ui5_key":"applicationmanagebillings-display-component---billRunCalcResult--smartFilterBar-btnBasicSearch"}]}
RESULT: {"script":"<script> [1562 bytes]","args":[{"selector":{"id":"application-managebillings-display-component---billRunCalcResult--smartFilterBar-btnBasicSearch","interaction":{"idSuffix":"I"}},"wdio_ui5_key":"applicationmanagebillings-display-component---billRunCalcResult--smartFilterBar-btnBasicSearch"}]}
RESULT: undefined
COMMAND: POST /session/ffd02ccbd2ef7f94e44a9324fe7b5a64/execute/async - {"script":"<script> [776 bytes]","args":[{"enterText":"10516","selector":{"id":"application-managebillings-display-component---billRunCalcResult--smartFilterBar-btnBasicSearch","interaction":{"idSuffix":"I"}},"clearTextFirst":true,"interactionType":"ENTER_TEXT"}]}
RESULT: {"script":"<script> [776 bytes]","args":[{"enterText":"10516","selector":{"id":"application-managebillings-display-component---billRunCalcResult--smartFilterBar-btnBasicSearch","interaction":{"idSuffix":"I"}},"clearTextFirst":true,"interactionType":"ENTER_TEXT"}]}
COMMAND: POST /session/ffd02ccbd2ef7f94e44a9324fe7b5a64/actions - {"actions":[{"id":"action68","type":"key","parameters":{},"actions":[{"type":"keyDown","value":""},{"type":"pause","duration":10},{"type":"keyUp","value":""}]}]}
RESULT: {"actions":[{"id":"action68","type":"key","parameters":{},"actions":[{"type":"keyDown","value":""},{"type":"pause","duration":10},{"type":"keyUp","value":""}]}]}
COMMAND: GET /session/ffd02ccbd2ef7f94e44a9324fe7b5a64/screenshot - {}
RESULT: {}
COMMAND: POST /session/ffd02ccbd2ef7f94e44a9324fe7b5a64/element - {"using":"xpath","value":"//td[@aria-colindex=\"1\"]/div/div[contains(@class, \"sapMCbBg\")]"}
RESULT: {"using":"xpath","value":"//td[@aria-colindex=\"1\"]/div/div[contains(@class, \"sapMCbBg\")]"}
COMMAND: POST /session/ffd02ccbd2ef7f94e44a9324fe7b5a64/element/f.96D49A20C494BCF8563860382D93E39E.d.1E6AC0EA0C5947C7C503BDEB4EFC8C37.e.20812/click - {}
RESULT: {}
COMMAND: GET /session/ffd02ccbd2ef7f94e44a9324fe7b5a64/screenshot - {}
RESULT: {}
COMMAND: POST /session/ffd02ccbd2ef7f94e44a9324fe7b5a64/execute/async - {"script":"<script> [1562 bytes]","args":[{"selector":{"id":"application-managebillings-display-component---billRunCalcResult--contractBillRunDate","interaction":{"idSuffix":"inner"}},"wdio_ui5_key":"applicationmanagebillings-display-component---billRunCalcResult--contractBillRunDate"}]}
RESULT: {"script":"<script> [1562 bytes]","args":[{"selector":{"id":"application-managebillings-display-component---billRunCalcResult--contractBillRunDate","interaction":{"idSuffix":"inner"}},"wdio_ui5_key":"applicationmanagebillings-display-component---billRunCalcResult--contractBillRunDate"}]}
RESULT: undefined
COMMAND: POST /session/ffd02ccbd2ef7f94e44a9324fe7b5a64/execute/async - {"script":"<script> [776 bytes]","args":[{"enterText":"6/22/25","selector":{"id":"application-managebillings-display-component---billRunCalcResult--contractBillRunDate","interaction":{"idSuffix":"inner"}},"clearTextFirst":true,"interactionType":"ENTER_TEXT"}]}
RESULT: {"script":"<script> [776 bytes]","args":[{"enterText":"6/22/25","selector":{"id":"application-managebillings-display-component---billRunCalcResult--contractBillRunDate","interaction":{"idSuffix":"inner"}},"clearTextFirst":true,"interactionType":"ENTER_TEXT"}]}
COMMAND: POST /session/ffd02ccbd2ef7f94e44a9324fe7b5a64/element - {"using":"xpath","value":"//bdi[contains(text(), \"Trigger Calculation\")]"}
RESULT: {"using":"xpath","value":"//bdi[contains(text(), \"Trigger Calculation\")]"}
COMMAND: POST /session/ffd02ccbd2ef7f94e44a9324fe7b5a64/element/f.96D49A20C494BCF8563860382D93E39E.d.1E6AC0EA0C5947C7C503BDEB4EFC8C37.e.20862/click - {}
RESULT: {}
COMMAND: GET /session/ffd02ccbd2ef7f94e44a9324fe7b5a64/screenshot - {}
RESULT: {}
COMMAND: POST /session/ffd02ccbd2ef7f94e44a9324fe7b5a64/element - {"using":"xpath","value":"(//span[contains(@id, \"imgNav\")])[1]"}
RESULT: {"using":"xpath","value":"(//span[contains(@id, \"imgNav\")])[1]"}
COMMAND: POST /session/ffd02ccbd2ef7f94e44a9324fe7b5a64/element/f.96D49A20C494BCF8563860382D93E39E.d.1E6AC0EA0C5947C7C503BDEB4EFC8C37.e.20813/click - {}
RESULT: {}
COMMAND: GET /session/ffd02ccbd2ef7f94e44a9324fe7b5a64/screenshot - {}
RESULT: {}
COMMAND: POST /session/ffd02ccbd2ef7f94e44a9324fe7b5a64/element - {"using":"xpath","value":"//tr/td[6]/div[1]/span[1]/span[1]"}
RESULT: {"using":"xpath","value":"//tr/td[6]/div[1]/span[1]/span[1]"}
COMMAND: GET /session/ffd02ccbd2ef7f94e44a9324fe7b5a64/element/f.96D49A20C494BCF8563860382D93E39E.d.1E6AC0EA0C5947C7C503BDEB4EFC8C37.e.20867/text - {}
RESULT: {}
COMMAND: POST /session/ffd02ccbd2ef7f94e44a9324fe7b5a64/element - {"using":"xpath","value":"(//span[contains(@id, \"imgNav\")])[2]"}
RESULT: {"using":"xpath","value":"(//span[contains(@id, \"imgNav\")])[2]"}
COMMAND: POST /session/ffd02ccbd2ef7f94e44a9324fe7b5a64/element/f.96D49A20C494BCF8563860382D93E39E.d.1E6AC0EA0C5947C7C503BDEB4EFC8C37.e.20868/click - {}
RESULT: {}
COMMAND: POST /session/ffd02ccbd2ef7f94e44a9324fe7b5a64/element - {"using":"xpath","value":"//bdi[contains(text(), \"Business Confirm\")]"}
COMMAND: GET /session/ffd02ccbd2ef7f94e44a9324fe7b5a64/screenshot - {}
RESULT: {"using":"xpath","value":"//bdi[contains(text(), \"Business Confirm\")]"}
COMMAND: POST /session/ffd02ccbd2ef7f94e44a9324fe7b5a64/elements - {"using":"xpath","value":"//bdi[contains(text(), \"Business Confirm\")]"}
RESULT: {}
RESULT: {"using":"xpath","value":"//bdi[contains(text(), \"Business Confirm\")]"}
COMMAND: POST /session/ffd02ccbd2ef7f94e44a9324fe7b5a64/element - {"using":"xpath","value":"//bdi[contains(text(), \"Business Confirm\")]"}
RESULT: {"using":"xpath","value":"//bdi[contains(text(), \"Business Confirm\")]"}
COMMAND: POST /session/ffd02ccbd2ef7f94e44a9324fe7b5a64/element/f.96D49A20C494BCF8563860382D93E39E.d.1E6AC0EA0C5947C7C503BDEB4EFC8C37.e.20923/click - {}
RESULT: {}
COMMAND: POST /session/ffd02ccbd2ef7f94e44a9324fe7b5a64/element - {"using":"css selector","value":"#shell-header-logo"}
COMMAND: GET /session/ffd02ccbd2ef7f94e44a9324fe7b5a64/screenshot - {}
RESULT: {"using":"css selector","value":"#shell-header-logo"}
COMMAND: POST /session/ffd02ccbd2ef7f94e44a9324fe7b5a64/element/f.96D49A20C494BCF8563860382D93E39E.d.1E6AC0EA0C5947C7C503BDEB4EFC8C37.e.20604/click - {}
RESULT: {}
RESULT: {}
COMMAND: GET /session/ffd02ccbd2ef7f94e44a9324fe7b5a64/screenshot - {}
RESULT: {}
]]></system-out>
    </testcase>
    <testcase classname="chrome.136_0_7103_93.windows.Create_Reverse_Billing_US127248" name="Should go into Billing Transfer and reverse the billing" time="42.236">
      <system-out><![CDATA[
COMMAND: POST /session/ffd02ccbd2ef7f94e44a9324fe7b5a64/execute/async - {"script":"<script> [1562 bytes]","args":[{"selector":{"controlType":"sap.m.GenericTile","properties":{"header":"Billing Transfer"}},"wdio_ui5_key":"sapm.GenericTile{\"header\":\"Billing Transfer\"}"}]}
RESULT: {"script":"<script> [1562 bytes]","args":[{"selector":{"controlType":"sap.m.GenericTile","properties":{"header":"Billing Transfer"}},"wdio_ui5_key":"sapm.GenericTile{\"header\":\"Billing Transfer\"}"}]}
RESULT: undefined
COMMAND: POST /session/ffd02ccbd2ef7f94e44a9324fe7b5a64/element - {"using":"xpath","value":"//*[@id=\"__tile50\"]"}
RESULT: {"using":"xpath","value":"//*[@id=\"__tile50\"]"}
COMMAND: POST /session/ffd02ccbd2ef7f94e44a9324fe7b5a64/element/f.96D49A20C494BCF8563860382D93E39E.d.1E6AC0EA0C5947C7C503BDEB4EFC8C37.e.17202/click - {}
RESULT: {}
COMMAND: GET /session/ffd02ccbd2ef7f94e44a9324fe7b5a64/screenshot - {}
COMMAND: POST /session/ffd02ccbd2ef7f94e44a9324fe7b5a64/elements - {"using":"xpath","value":"//span[text()='Error']"}
RESULT: {}
RESULT: {"using":"xpath","value":"//span[text()='Error']"}
COMMAND: POST /session/ffd02ccbd2ef7f94e44a9324fe7b5a64/element - {"using":"xpath","value":"//input[contains(@id ,\"application-billingtransfer-display-component---billingWorkbench--smartFilterBar-btnBasicSearch\")]"}
RESULT: {"using":"xpath","value":"//input[contains(@id ,\"application-billingtransfer-display-component---billingWorkbench--smartFilterBar-btnBasicSearch\")]"}
COMMAND: POST /session/ffd02ccbd2ef7f94e44a9324fe7b5a64/elements - {"using":"xpath","value":"//input[contains(@id ,\"application-billingtransfer-display-component---billingWorkbench--smartFilterBar-btnBasicSearch\")]"}
RESULT: {"using":"xpath","value":"//input[contains(@id ,\"application-billingtransfer-display-component---billingWorkbench--smartFilterBar-btnBasicSearch\")]"}
COMMAND: POST /session/ffd02ccbd2ef7f94e44a9324fe7b5a64/execute/sync - {"script":"<script> [8489 bytes]","args":[{"element-6066-11e4-a52e-4f735466cecf":"f.96D49A20C494BCF8563860382D93E39E.d.1E6AC0EA0C5947C7C503BDEB4EFC8C37.e.20936","ELEMENT":"f.96D49A20C494BCF8563860382D93E39E.d.1E6AC0EA0C5947C7C503BDEB4EFC8C37.e.20936"}]}
RESULT: {"script":"<script> [8489 bytes]","args":[{"element-6066-11e4-a52e-4f735466cecf":"f.96D49A20C494BCF8563860382D93E39E.d.1E6AC0EA0C5947C7C503BDEB4EFC8C37.e.20936","ELEMENT":"f.96D49A20C494BCF8563860382D93E39E.d.1E6AC0EA0C5947C7C503BDEB4EFC8C37.e.20936"}]}
COMMAND: GET /session/ffd02ccbd2ef7f94e44a9324fe7b5a64/element/f.96D49A20C494BCF8563860382D93E39E.d.1E6AC0EA0C5947C7C503BDEB4EFC8C37.e.20936/enabled - {}
COMMAND: GET /session/ffd02ccbd2ef7f94e44a9324fe7b5a64/screenshot - {}
RESULT: {}
COMMAND: POST /session/ffd02ccbd2ef7f94e44a9324fe7b5a64/element/f.96D49A20C494BCF8563860382D93E39E.d.1E6AC0EA0C5947C7C503BDEB4EFC8C37.e.20936/click - {}
COMMAND: GET /session/ffd02ccbd2ef7f94e44a9324fe7b5a64/screenshot - {}
RESULT: {}
RESULT: {}
COMMAND: GET /session/ffd02ccbd2ef7f94e44a9324fe7b5a64/screenshot - {}
RESULT: {}
RESULT: {}
COMMAND: POST /session/ffd02ccbd2ef7f94e44a9324fe7b5a64/element/f.96D49A20C494BCF8563860382D93E39E.d.1E6AC0EA0C5947C7C503BDEB4EFC8C37.e.20936/clear - {}
RESULT: {}
COMMAND: POST /session/ffd02ccbd2ef7f94e44a9324fe7b5a64/element/f.96D49A20C494BCF8563860382D93E39E.d.1E6AC0EA0C5947C7C503BDEB4EFC8C37.e.20936/value - {"text":"10516"}
COMMAND: GET /session/ffd02ccbd2ef7f94e44a9324fe7b5a64/screenshot - {}
RESULT: {"text":"10516"}
COMMAND: POST /session/ffd02ccbd2ef7f94e44a9324fe7b5a64/actions - {"actions":[{"id":"action69","type":"key","parameters":{},"actions":[{"type":"keyDown","value":""},{"type":"pause","duration":10},{"type":"keyUp","value":""}]}]}
COMMAND: GET /session/ffd02ccbd2ef7f94e44a9324fe7b5a64/screenshot - {}
RESULT: {}
RESULT: {"actions":[{"id":"action69","type":"key","parameters":{},"actions":[{"type":"keyDown","value":""},{"type":"pause","duration":10},{"type":"keyUp","value":""}]}]}
COMMAND: GET /session/ffd02ccbd2ef7f94e44a9324fe7b5a64/screenshot - {}
RESULT: {}
RESULT: {}
COMMAND: POST /session/ffd02ccbd2ef7f94e44a9324fe7b5a64/element - {"using":"xpath","value":"//span[contains(@id ,\"application-billingtransfer-display-component---billingWorkbench--smartTableBillingRuns-header-inner\")]"}
RESULT: {"using":"xpath","value":"//span[contains(@id ,\"application-billingtransfer-display-component---billingWorkbench--smartTableBillingRuns-header-inner\")]"}
COMMAND: POST /session/ffd02ccbd2ef7f94e44a9324fe7b5a64/elements - {"using":"xpath","value":"//span[contains(@id ,\"application-billingtransfer-display-component---billingWorkbench--smartTableBillingRuns-header-inner\")]"}
RESULT: {"using":"xpath","value":"//span[contains(@id ,\"application-billingtransfer-display-component---billingWorkbench--smartTableBillingRuns-header-inner\")]"}
COMMAND: POST /session/ffd02ccbd2ef7f94e44a9324fe7b5a64/execute/sync - {"script":"<script> [56 bytes]","args":[{"element-6066-11e4-a52e-4f735466cecf":"f.96D49A20C494BCF8563860382D93E39E.d.1E6AC0EA0C5947C7C503BDEB4EFC8C37.e.21133","ELEMENT":"f.96D49A20C494BCF8563860382D93E39E.d.1E6AC0EA0C5947C7C503BDEB4EFC8C37.e.21133"}]}
RESULT: {"script":"<script> [56 bytes]","args":[{"element-6066-11e4-a52e-4f735466cecf":"f.96D49A20C494BCF8563860382D93E39E.d.1E6AC0EA0C5947C7C503BDEB4EFC8C37.e.21133","ELEMENT":"f.96D49A20C494BCF8563860382D93E39E.d.1E6AC0EA0C5947C7C503BDEB4EFC8C37.e.21133"}]}
COMMAND: POST /session/ffd02ccbd2ef7f94e44a9324fe7b5a64/element - {"using":"xpath","value":"//td[@aria-colindex=\"1\"]/div/div[contains(@class, \"sapMCbBg\")]"}
COMMAND: GET /session/ffd02ccbd2ef7f94e44a9324fe7b5a64/screenshot - {}
RESULT: {"using":"xpath","value":"//td[@aria-colindex=\"1\"]/div/div[contains(@class, \"sapMCbBg\")]"}
COMMAND: POST /session/ffd02ccbd2ef7f94e44a9324fe7b5a64/element/f.96D49A20C494BCF8563860382D93E39E.d.1E6AC0EA0C5947C7C503BDEB4EFC8C37.e.21125/click - {}
RESULT: {}
RESULT: {}
COMMAND: GET /session/ffd02ccbd2ef7f94e44a9324fe7b5a64/screenshot - {}
RESULT: {}
COMMAND: POST /session/ffd02ccbd2ef7f94e44a9324fe7b5a64/element - {"using":"xpath","value":"//bdi[contains(text(), \"Reverse\")]"}
RESULT: {"using":"xpath","value":"//bdi[contains(text(), \"Reverse\")]"}
COMMAND: POST /session/ffd02ccbd2ef7f94e44a9324fe7b5a64/element/f.96D49A20C494BCF8563860382D93E39E.d.1E6AC0EA0C5947C7C503BDEB4EFC8C37.e.21134/click - {}
RESULT: {}
COMMAND: GET /session/ffd02ccbd2ef7f94e44a9324fe7b5a64/screenshot - {}
RESULT: {}
COMMAND: POST /session/ffd02ccbd2ef7f94e44a9324fe7b5a64/element - {"using":"xpath","value":"//input[contains(@id ,\"application-billingtransfer-display-component---billingWorkbench--smartFilterBar-btnBasicSearch\")]"}
RESULT: {"using":"xpath","value":"//input[contains(@id ,\"application-billingtransfer-display-component---billingWorkbench--smartFilterBar-btnBasicSearch\")]"}
COMMAND: POST /session/ffd02ccbd2ef7f94e44a9324fe7b5a64/elements - {"using":"xpath","value":"//input[contains(@id ,\"application-billingtransfer-display-component---billingWorkbench--smartFilterBar-btnBasicSearch\")]"}
RESULT: {"using":"xpath","value":"//input[contains(@id ,\"application-billingtransfer-display-component---billingWorkbench--smartFilterBar-btnBasicSearch\")]"}
COMMAND: POST /session/ffd02ccbd2ef7f94e44a9324fe7b5a64/execute/sync - {"script":"<script> [8489 bytes]","args":[{"element-6066-11e4-a52e-4f735466cecf":"f.96D49A20C494BCF8563860382D93E39E.d.1E6AC0EA0C5947C7C503BDEB4EFC8C37.e.20936","ELEMENT":"f.96D49A20C494BCF8563860382D93E39E.d.1E6AC0EA0C5947C7C503BDEB4EFC8C37.e.20936"}]}
RESULT: {"script":"<script> [8489 bytes]","args":[{"element-6066-11e4-a52e-4f735466cecf":"f.96D49A20C494BCF8563860382D93E39E.d.1E6AC0EA0C5947C7C503BDEB4EFC8C37.e.20936","ELEMENT":"f.96D49A20C494BCF8563860382D93E39E.d.1E6AC0EA0C5947C7C503BDEB4EFC8C37.e.20936"}]}
COMMAND: GET /session/ffd02ccbd2ef7f94e44a9324fe7b5a64/element/f.96D49A20C494BCF8563860382D93E39E.d.1E6AC0EA0C5947C7C503BDEB4EFC8C37.e.20936/enabled - {}
COMMAND: GET /session/ffd02ccbd2ef7f94e44a9324fe7b5a64/screenshot - {}
RESULT: {}
COMMAND: POST /session/ffd02ccbd2ef7f94e44a9324fe7b5a64/element/f.96D49A20C494BCF8563860382D93E39E.d.1E6AC0EA0C5947C7C503BDEB4EFC8C37.e.20936/click - {}
COMMAND: GET /session/ffd02ccbd2ef7f94e44a9324fe7b5a64/screenshot - {}
RESULT: {}
RESULT: {}
COMMAND: GET /session/ffd02ccbd2ef7f94e44a9324fe7b5a64/screenshot - {}
RESULT: {}
RESULT: {}
COMMAND: POST /session/ffd02ccbd2ef7f94e44a9324fe7b5a64/element/f.96D49A20C494BCF8563860382D93E39E.d.1E6AC0EA0C5947C7C503BDEB4EFC8C37.e.20936/clear - {}
RESULT: {}
COMMAND: POST /session/ffd02ccbd2ef7f94e44a9324fe7b5a64/element/f.96D49A20C494BCF8563860382D93E39E.d.1E6AC0EA0C5947C7C503BDEB4EFC8C37.e.20936/value - {"text":"10516"}
COMMAND: GET /session/ffd02ccbd2ef7f94e44a9324fe7b5a64/screenshot - {}
RESULT: {"text":"10516"}
COMMAND: POST /session/ffd02ccbd2ef7f94e44a9324fe7b5a64/actions - {"actions":[{"id":"action70","type":"key","parameters":{},"actions":[{"type":"keyDown","value":""},{"type":"pause","duration":10},{"type":"keyUp","value":""}]}]}
COMMAND: GET /session/ffd02ccbd2ef7f94e44a9324fe7b5a64/screenshot - {}
RESULT: {}
RESULT: {"actions":[{"id":"action70","type":"key","parameters":{},"actions":[{"type":"keyDown","value":""},{"type":"pause","duration":10},{"type":"keyUp","value":""}]}]}
COMMAND: GET /session/ffd02ccbd2ef7f94e44a9324fe7b5a64/screenshot - {}
RESULT: {}
RESULT: {}
COMMAND: POST /session/ffd02ccbd2ef7f94e44a9324fe7b5a64/element - {"using":"xpath","value":"//span[contains(@id ,\"application-billingtransfer-display-component---billingWorkbench--smartTableBillingRuns-header-inner\")]"}
RESULT: {"using":"xpath","value":"//span[contains(@id ,\"application-billingtransfer-display-component---billingWorkbench--smartTableBillingRuns-header-inner\")]"}
COMMAND: POST /session/ffd02ccbd2ef7f94e44a9324fe7b5a64/elements - {"using":"xpath","value":"//span[contains(@id ,\"application-billingtransfer-display-component---billingWorkbench--smartTableBillingRuns-header-inner\")]"}
RESULT: {"using":"xpath","value":"//span[contains(@id ,\"application-billingtransfer-display-component---billingWorkbench--smartTableBillingRuns-header-inner\")]"}
COMMAND: POST /session/ffd02ccbd2ef7f94e44a9324fe7b5a64/execute/sync - {"script":"<script> [56 bytes]","args":[{"element-6066-11e4-a52e-4f735466cecf":"f.96D49A20C494BCF8563860382D93E39E.d.1E6AC0EA0C5947C7C503BDEB4EFC8C37.e.21133","ELEMENT":"f.96D49A20C494BCF8563860382D93E39E.d.1E6AC0EA0C5947C7C503BDEB4EFC8C37.e.21133"}]}
RESULT: {"script":"<script> [56 bytes]","args":[{"element-6066-11e4-a52e-4f735466cecf":"f.96D49A20C494BCF8563860382D93E39E.d.1E6AC0EA0C5947C7C503BDEB4EFC8C37.e.21133","ELEMENT":"f.96D49A20C494BCF8563860382D93E39E.d.1E6AC0EA0C5947C7C503BDEB4EFC8C37.e.21133"}]}
COMMAND: POST /session/ffd02ccbd2ef7f94e44a9324fe7b5a64/element - {"using":"css selector","value":"#shell-header-logo"}
COMMAND: GET /session/ffd02ccbd2ef7f94e44a9324fe7b5a64/screenshot - {}
RESULT: {"using":"css selector","value":"#shell-header-logo"}
COMMAND: POST /session/ffd02ccbd2ef7f94e44a9324fe7b5a64/element/f.96D49A20C494BCF8563860382D93E39E.d.1E6AC0EA0C5947C7C503BDEB4EFC8C37.e.20934/click - {}
RESULT: {}
RESULT: {}
COMMAND: GET /session/ffd02ccbd2ef7f94e44a9324fe7b5a64/screenshot - {}
RESULT: {}
COMMAND: DELETE /session/ffd02ccbd2ef7f94e44a9324fe7b5a64 - {}
RESULT: {}
]]></system-out>
    </testcase>
  </testsuite>
</testsuites>