<?xml version="1.0" encoding="UTF-8"?>
<testsuites tests="9" failures="0" errors="0" skipped="0">
  <testsuite timestamp="2025-05-16T15:37:52" time="926.865" tests="8" failures="0" errors="0" skipped="0">
    <properties>
      <property name="specId" value="0" />
      <property name="suiteName" value="Create masterdata for Yard Overview - trigger provide US130988" />
      <property name="capabilities" value="chrome.136_0_7103_93.windows" />
      <property name="file" value="file:///D:/a/1/s/test/specs/HTR/yard-overview-trigger.spec.js" />
    </properties>
    <testcase classname="chrome.136_0_7103_93.windows.Create_masterdata_for_Yard_Overview_-_trigger_provide_US130988" name="Should create a new yard" time="126.466">
      <system-out><![CDATA[
COMMAND: POST /session/dfe9bf661470914434d189261566fcf4/window/fullscreen - {}
RESULT: {}
COMMAND: POST /session/dfe9bf661470914434d189261566fcf4/execute/async - {"script":"<script> [1562 bytes]","args":[{"selector":{"controlType":"sap.m.GenericTile","properties":{"header":"Manage Yards"}},"wdio_ui5_key":"sapm.GenericTile{\"header\":\"Manage Yards\"}"}]}
RESULT: {"script":"<script> [1562 bytes]","args":[{"selector":{"controlType":"sap.m.GenericTile","properties":{"header":"Manage Yards"}},"wdio_ui5_key":"sapm.GenericTile{\"header\":\"Manage Yards\"}"}]}
RESULT: undefined
COMMAND: POST /session/dfe9bf661470914434d189261566fcf4/element - {"using":"xpath","value":"//*[@id=\"__tile41\"]"}
RESULT: {"using":"xpath","value":"//*[@id=\"__tile41\"]"}
COMMAND: POST /session/dfe9bf661470914434d189261566fcf4/element/f.2B6EE0EFCBCE69EB6F9AFCBE203DF3A5.d.574587D4118AF998A6F7BDC4F6BD8E8C.e.131/click - {}
RESULT: {}
COMMAND: GET /session/dfe9bf661470914434d189261566fcf4/screenshot - {}
RESULT: {}
COMMAND: POST /session/dfe9bf661470914434d189261566fcf4/elements - {"using":"xpath","value":"//span[text()='Error']"}
RESULT: {"using":"xpath","value":"//span[text()='Error']"}
COMMAND: POST /session/dfe9bf661470914434d189261566fcf4/element - {"using":"xpath","value":"//button[@data-kt=\"addNewYardOverflowToolbarButton\"]"}
RESULT: {"using":"xpath","value":"//button[@data-kt=\"addNewYardOverflowToolbarButton\"]"}
COMMAND: POST /session/dfe9bf661470914434d189261566fcf4/elements - {"using":"xpath","value":"//button[@data-kt=\"addNewYardOverflowToolbarButton\"]"}
RESULT: {"using":"xpath","value":"//button[@data-kt=\"addNewYardOverflowToolbarButton\"]"}
COMMAND: POST /session/dfe9bf661470914434d189261566fcf4/elements - {"using":"xpath","value":"//button[@data-kt=\"addNewYardOverflowToolbarButton\"]"}
RESULT: {"using":"xpath","value":"//button[@data-kt=\"addNewYardOverflowToolbarButton\"]"}
COMMAND: POST /session/dfe9bf661470914434d189261566fcf4/elements - {"using":"xpath","value":"//button[@data-kt=\"addNewYardOverflowToolbarButton\"]"}
RESULT: {"using":"xpath","value":"//button[@data-kt=\"addNewYardOverflowToolbarButton\"]"}
COMMAND: POST /session/dfe9bf661470914434d189261566fcf4/elements - {"using":"xpath","value":"//button[@data-kt=\"addNewYardOverflowToolbarButton\"]"}
RESULT: {"using":"xpath","value":"//button[@data-kt=\"addNewYardOverflowToolbarButton\"]"}
COMMAND: POST /session/dfe9bf661470914434d189261566fcf4/elements - {"using":"xpath","value":"//button[@data-kt=\"addNewYardOverflowToolbarButton\"]"}
RESULT: {"using":"xpath","value":"//button[@data-kt=\"addNewYardOverflowToolbarButton\"]"}
COMMAND: POST /session/dfe9bf661470914434d189261566fcf4/element - {"using":"xpath","value":"//button[@data-kt=\"addNewYardOverflowToolbarButton\"]"}
RESULT: {"using":"xpath","value":"//button[@data-kt=\"addNewYardOverflowToolbarButton\"]"}
COMMAND: POST /session/dfe9bf661470914434d189261566fcf4/execute/sync - {"script":"<script> [8489 bytes]","args":[{"element-6066-11e4-a52e-4f735466cecf":"f.2B6EE0EFCBCE69EB6F9AFCBE203DF3A5.d.574587D4118AF998A6F7BDC4F6BD8E8C.e.278","ELEMENT":"f.2B6EE0EFCBCE69EB6F9AFCBE203DF3A5.d.574587D4118AF998A6F7BDC4F6BD8E8C.e.278"}]}
RESULT: {"script":"<script> [8489 bytes]","args":[{"element-6066-11e4-a52e-4f735466cecf":"f.2B6EE0EFCBCE69EB6F9AFCBE203DF3A5.d.574587D4118AF998A6F7BDC4F6BD8E8C.e.278","ELEMENT":"f.2B6EE0EFCBCE69EB6F9AFCBE203DF3A5.d.574587D4118AF998A6F7BDC4F6BD8E8C.e.278"}]}
COMMAND: GET /session/dfe9bf661470914434d189261566fcf4/element/f.2B6EE0EFCBCE69EB6F9AFCBE203DF3A5.d.574587D4118AF998A6F7BDC4F6BD8E8C.e.278/enabled - {}
COMMAND: GET /session/dfe9bf661470914434d189261566fcf4/screenshot - {}
RESULT: {}
COMMAND: POST /session/dfe9bf661470914434d189261566fcf4/execute/sync - {"script":"<script> [8489 bytes]","args":[{"element-6066-11e4-a52e-4f735466cecf":"f.2B6EE0EFCBCE69EB6F9AFCBE203DF3A5.d.574587D4118AF998A6F7BDC4F6BD8E8C.e.278","ELEMENT":"f.2B6EE0EFCBCE69EB6F9AFCBE203DF3A5.d.574587D4118AF998A6F7BDC4F6BD8E8C.e.278"}]}
COMMAND: GET /session/dfe9bf661470914434d189261566fcf4/screenshot - {}
RESULT: {}
RESULT: {"script":"<script> [8489 bytes]","args":[{"element-6066-11e4-a52e-4f735466cecf":"f.2B6EE0EFCBCE69EB6F9AFCBE203DF3A5.d.574587D4118AF998A6F7BDC4F6BD8E8C.e.278","ELEMENT":"f.2B6EE0EFCBCE69EB6F9AFCBE203DF3A5.d.574587D4118AF998A6F7BDC4F6BD8E8C.e.278"}]}
COMMAND: POST /session/dfe9bf661470914434d189261566fcf4/execute/sync - {"script":"<script> [5351 bytes]","args":[{"element-6066-11e4-a52e-4f735466cecf":"f.2B6EE0EFCBCE69EB6F9AFCBE203DF3A5.d.574587D4118AF998A6F7BDC4F6BD8E8C.e.278","ELEMENT":"f.2B6EE0EFCBCE69EB6F9AFCBE203DF3A5.d.574587D4118AF998A6F7BDC4F6BD8E8C.e.278"}]}
COMMAND: GET /session/dfe9bf661470914434d189261566fcf4/screenshot - {}
RESULT: {}
RESULT: {"script":"<script> [5351 bytes]","args":[{"element-6066-11e4-a52e-4f735466cecf":"f.2B6EE0EFCBCE69EB6F9AFCBE203DF3A5.d.574587D4118AF998A6F7BDC4F6BD8E8C.e.278","ELEMENT":"f.2B6EE0EFCBCE69EB6F9AFCBE203DF3A5.d.574587D4118AF998A6F7BDC4F6BD8E8C.e.278"}]}
COMMAND: POST /session/dfe9bf661470914434d189261566fcf4/element/f.2B6EE0EFCBCE69EB6F9AFCBE203DF3A5.d.574587D4118AF998A6F7BDC4F6BD8E8C.e.278/click - {}
COMMAND: GET /session/dfe9bf661470914434d189261566fcf4/screenshot - {}
RESULT: {}
RESULT: {}
COMMAND: GET /session/dfe9bf661470914434d189261566fcf4/screenshot - {}
RESULT: {}
COMMAND: POST /session/dfe9bf661470914434d189261566fcf4/element - {"using":"xpath","value":"//input[@id=\"application-manageyards-display-component---NewYard--yardId-inner\"]"}
RESULT: {}
RESULT: {"using":"xpath","value":"//input[@id=\"application-manageyards-display-component---NewYard--yardId-inner\"]"}
COMMAND: POST /session/dfe9bf661470914434d189261566fcf4/element - {"using":"xpath","value":"//input[@id=\"application-manageyards-display-component---NewYard--yardId-inner\"]"}
RESULT: {"using":"xpath","value":"//input[@id=\"application-manageyards-display-component---NewYard--yardId-inner\"]"}
COMMAND: POST /session/dfe9bf661470914434d189261566fcf4/execute/async - {"script":"<script> [1562 bytes]","args":[{"selector":{"id":"application-manageyards-display-component---NewYard--addressDetailDetailsName1","interaction":{"idSuffix":"inner"}},"wdio_ui5_key":"applicationmanageyards-display-component---NewYard--addressDetailDetailsName1"}]}
RESULT: {"script":"<script> [1562 bytes]","args":[{"selector":{"id":"application-manageyards-display-component---NewYard--addressDetailDetailsName1","interaction":{"idSuffix":"inner"}},"wdio_ui5_key":"applicationmanageyards-display-component---NewYard--addressDetailDetailsName1"}]}
RESULT: undefined
COMMAND: POST /session/dfe9bf661470914434d189261566fcf4/execute/async - {"script":"<script> [776 bytes]","args":[{"enterText":"Other Yard WDIO","selector":{"id":"application-manageyards-display-component---NewYard--addressDetailDetailsName1","interaction":{"idSuffix":"inner"}},"clearTextFirst":true,"interactionType":"ENTER_TEXT"}]}
RESULT: {"script":"<script> [776 bytes]","args":[{"enterText":"Other Yard WDIO","selector":{"id":"application-manageyards-display-component---NewYard--addressDetailDetailsName1","interaction":{"idSuffix":"inner"}},"clearTextFirst":true,"interactionType":"ENTER_TEXT"}]}
COMMAND: POST /session/dfe9bf661470914434d189261566fcf4/execute/async - {"script":"<script> [1562 bytes]","args":[{"selector":{"id":"application-manageyards-display-component---NewYard--addressDetailDetailsLanguage-arrow"},"wdio_ui5_key":"applicationmanageyards-display-component---NewYard--addressDetailDetailsLanguage-arrow"}]}
RESULT: {"script":"<script> [1562 bytes]","args":[{"selector":{"id":"application-manageyards-display-component---NewYard--addressDetailDetailsLanguage-arrow"},"wdio_ui5_key":"applicationmanageyards-display-component---NewYard--addressDetailDetailsLanguage-arrow"}]}
RESULT: undefined
COMMAND: POST /session/dfe9bf661470914434d189261566fcf4/element - {"using":"xpath","value":"//*[@id=\"application-manageyards-display-component---NewYard--addressDetailDetailsLanguage-arrow\"]"}
RESULT: {"using":"xpath","value":"//*[@id=\"application-manageyards-display-component---NewYard--addressDetailDetailsLanguage-arrow\"]"}
COMMAND: POST /session/dfe9bf661470914434d189261566fcf4/element/f.2B6EE0EFCBCE69EB6F9AFCBE203DF3A5.d.574587D4118AF998A6F7BDC4F6BD8E8C.e.706/click - {}
RESULT: {}
COMMAND: POST /session/dfe9bf661470914434d189261566fcf4/element - {"using":"xpath","value":"//span[contains(text(), \"English\")]"}
COMMAND: GET /session/dfe9bf661470914434d189261566fcf4/screenshot - {}
RESULT: {"using":"xpath","value":"//span[contains(text(), \"English\")]"}
COMMAND: POST /session/dfe9bf661470914434d189261566fcf4/element/f.2B6EE0EFCBCE69EB6F9AFCBE203DF3A5.d.574587D4118AF998A6F7BDC4F6BD8E8C.e.707/click - {}
RESULT: {}
RESULT: {}
COMMAND: POST /session/dfe9bf661470914434d189261566fcf4/execute/async - {"script":"<script> [1562 bytes]","args":[{"selector":{"id":"application-manageyards-display-component---NewYard--addressDetailDetailsCity1","interaction":{"idSuffix":"inner"}},"wdio_ui5_key":"applicationmanageyards-display-component---NewYard--addressDetailDetailsCity1"}]}
COMMAND: GET /session/dfe9bf661470914434d189261566fcf4/screenshot - {}
RESULT: {"script":"<script> [1562 bytes]","args":[{"selector":{"id":"application-manageyards-display-component---NewYard--addressDetailDetailsCity1","interaction":{"idSuffix":"inner"}},"wdio_ui5_key":"applicationmanageyards-display-component---NewYard--addressDetailDetailsCity1"}]}
RESULT: undefined
COMMAND: POST /session/dfe9bf661470914434d189261566fcf4/execute/async - {"script":"<script> [776 bytes]","args":[{"enterText":"Rosario","selector":{"id":"application-manageyards-display-component---NewYard--addressDetailDetailsCity1","interaction":{"idSuffix":"inner"}},"clearTextFirst":true,"interactionType":"ENTER_TEXT"}]}
RESULT: {}
RESULT: {"script":"<script> [776 bytes]","args":[{"enterText":"Rosario","selector":{"id":"application-manageyards-display-component---NewYard--addressDetailDetailsCity1","interaction":{"idSuffix":"inner"}},"clearTextFirst":true,"interactionType":"ENTER_TEXT"}]}
COMMAND: POST /session/dfe9bf661470914434d189261566fcf4/execute/async - {"script":"<script> [1562 bytes]","args":[{"selector":{"id":"application-manageyards-display-component---NewYard--addressDetailDetailsCountry-arrow"},"wdio_ui5_key":"applicationmanageyards-display-component---NewYard--addressDetailDetailsCountry-arrow"}]}
RESULT: {"script":"<script> [1562 bytes]","args":[{"selector":{"id":"application-manageyards-display-component---NewYard--addressDetailDetailsCountry-arrow"},"wdio_ui5_key":"applicationmanageyards-display-component---NewYard--addressDetailDetailsCountry-arrow"}]}
RESULT: undefined
COMMAND: POST /session/dfe9bf661470914434d189261566fcf4/element - {"using":"xpath","value":"//*[@id=\"application-manageyards-display-component---NewYard--addressDetailDetailsCountry-arrow\"]"}
RESULT: {"using":"xpath","value":"//*[@id=\"application-manageyards-display-component---NewYard--addressDetailDetailsCountry-arrow\"]"}
COMMAND: POST /session/dfe9bf661470914434d189261566fcf4/element/f.2B6EE0EFCBCE69EB6F9AFCBE203DF3A5.d.574587D4118AF998A6F7BDC4F6BD8E8C.e.709/click - {}
RESULT: {}
COMMAND: POST /session/dfe9bf661470914434d189261566fcf4/element - {"using":"xpath","value":"//span[contains(text(), \"Argentina\")]"}
COMMAND: GET /session/dfe9bf661470914434d189261566fcf4/screenshot - {}
RESULT: {"using":"xpath","value":"//span[contains(text(), \"Argentina\")]"}
COMMAND: POST /session/dfe9bf661470914434d189261566fcf4/element/f.2B6EE0EFCBCE69EB6F9AFCBE203DF3A5.d.574587D4118AF998A6F7BDC4F6BD8E8C.e.710/click - {}
RESULT: {}
RESULT: {}
COMMAND: POST /session/dfe9bf661470914434d189261566fcf4/execute/async - {"script":"<script> [1562 bytes]","args":[{"selector":{"id":"application-manageyards-display-component---NewYard--addressEditDetailsCostObjectCstType-arrow"},"wdio_ui5_key":"applicationmanageyards-display-component---NewYard--addressEditDetailsCostObjectCstType-arrow"}]}
COMMAND: GET /session/dfe9bf661470914434d189261566fcf4/screenshot - {}
RESULT: {"script":"<script> [1562 bytes]","args":[{"selector":{"id":"application-manageyards-display-component---NewYard--addressEditDetailsCostObjectCstType-arrow"},"wdio_ui5_key":"applicationmanageyards-display-component---NewYard--addressEditDetailsCostObjectCstType-arrow"}]}
RESULT: undefined
COMMAND: POST /session/dfe9bf661470914434d189261566fcf4/element - {"using":"xpath","value":"//*[@id=\"application-manageyards-display-component---NewYard--addressEditDetailsCostObjectCstType-arrow\"]"}
RESULT: {}
RESULT: {"using":"xpath","value":"//*[@id=\"application-manageyards-display-component---NewYard--addressEditDetailsCostObjectCstType-arrow\"]"}
COMMAND: POST /session/dfe9bf661470914434d189261566fcf4/element/f.2B6EE0EFCBCE69EB6F9AFCBE203DF3A5.d.574587D4118AF998A6F7BDC4F6BD8E8C.e.712/click - {}
RESULT: {}
COMMAND: POST /session/dfe9bf661470914434d189261566fcf4/element - {"using":"xpath","value":"//span[contains(text(), \"Cost Center\")]"}
COMMAND: GET /session/dfe9bf661470914434d189261566fcf4/screenshot - {}
RESULT: {"using":"xpath","value":"//span[contains(text(), \"Cost Center\")]"}
COMMAND: POST /session/dfe9bf661470914434d189261566fcf4/element/f.2B6EE0EFCBCE69EB6F9AFCBE203DF3A5.d.574587D4118AF998A6F7BDC4F6BD8E8C.e.713/click - {}
RESULT: {}
RESULT: {}
COMMAND: GET /session/dfe9bf661470914434d189261566fcf4/screenshot - {}
RESULT: {}
COMMAND: POST /session/dfe9bf661470914434d189261566fcf4/element - {"using":"xpath","value":"//span[@id=\"application-manageyards-display-component---NewYard--addressNewCostObjectCstID-vhi\"]"}
RESULT: {"using":"xpath","value":"//span[@id=\"application-manageyards-display-component---NewYard--addressNewCostObjectCstID-vhi\"]"}
COMMAND: POST /session/dfe9bf661470914434d189261566fcf4/execute/sync - {"script":"<script> [8489 bytes]","args":[{"element-6066-11e4-a52e-4f735466cecf":"f.2B6EE0EFCBCE69EB6F9AFCBE203DF3A5.d.574587D4118AF998A6F7BDC4F6BD8E8C.e.717","ELEMENT":"f.2B6EE0EFCBCE69EB6F9AFCBE203DF3A5.d.574587D4118AF998A6F7BDC4F6BD8E8C.e.717"}]}
RESULT: {"script":"<script> [8489 bytes]","args":[{"element-6066-11e4-a52e-4f735466cecf":"f.2B6EE0EFCBCE69EB6F9AFCBE203DF3A5.d.574587D4118AF998A6F7BDC4F6BD8E8C.e.717","ELEMENT":"f.2B6EE0EFCBCE69EB6F9AFCBE203DF3A5.d.574587D4118AF998A6F7BDC4F6BD8E8C.e.717"}]}
COMMAND: POST /session/dfe9bf661470914434d189261566fcf4/execute/async - {"script":"<script> [1562 bytes]","args":[{"selector":{"id":"application-manageyards-display-component---NewYard--addressNewCostObjectCstID-vhi"},"wdio_ui5_key":"applicationmanageyards-display-component---NewYard--addressNewCostObjectCstID-vhi"}]}
COMMAND: GET /session/dfe9bf661470914434d189261566fcf4/screenshot - {}
RESULT: {"script":"<script> [1562 bytes]","args":[{"selector":{"id":"application-manageyards-display-component---NewYard--addressNewCostObjectCstID-vhi"},"wdio_ui5_key":"applicationmanageyards-display-component---NewYard--addressNewCostObjectCstID-vhi"}]}
RESULT: undefined
COMMAND: POST /session/dfe9bf661470914434d189261566fcf4/element - {"using":"xpath","value":"//*[@id=\"application-manageyards-display-component---NewYard--addressNewCostObjectCstID-vhi\"]"}
RESULT: {}
RESULT: {"using":"xpath","value":"//*[@id=\"application-manageyards-display-component---NewYard--addressNewCostObjectCstID-vhi\"]"}
COMMAND: POST /session/dfe9bf661470914434d189261566fcf4/element/f.2B6EE0EFCBCE69EB6F9AFCBE203DF3A5.d.574587D4118AF998A6F7BDC4F6BD8E8C.e.717/click - {}
RESULT: {}
COMMAND: GET /session/dfe9bf661470914434d189261566fcf4/screenshot - {}
RESULT: {}
COMMAND: POST /session/dfe9bf661470914434d189261566fcf4/execute/async - {"script":"<script> [1562 bytes]","args":[{"selector":{"controlType":"sap.m.SearchField","properties":{"placeholder":"Search"},"searchOpenDialogs":true,"interaction":{"idSuffix":"I"}},"wdio_ui5_key":"sapm.SearchField{\"placeholder\":\"Search\"}"}]}
RESULT: {"script":"<script> [1562 bytes]","args":[{"selector":{"controlType":"sap.m.SearchField","properties":{"placeholder":"Search"},"searchOpenDialogs":true,"interaction":{"idSuffix":"I"}},"wdio_ui5_key":"sapm.SearchField{\"placeholder\":\"Search\"}"}]}
RESULT: undefined
COMMAND: POST /session/dfe9bf661470914434d189261566fcf4/execute/async - {"script":"<script> [776 bytes]","args":[{"enterText":"bauh_b","selector":{"controlType":"sap.m.SearchField","properties":{"placeholder":"Search"},"searchOpenDialogs":true,"interaction":{"idSuffix":"I"}},"clearTextFirst":true,"interactionType":"ENTER_TEXT"}]}
RESULT: {"script":"<script> [776 bytes]","args":[{"enterText":"bauh_b","selector":{"controlType":"sap.m.SearchField","properties":{"placeholder":"Search"},"searchOpenDialogs":true,"interaction":{"idSuffix":"I"}},"clearTextFirst":true,"interactionType":"ENTER_TEXT"}]}
COMMAND: POST /session/dfe9bf661470914434d189261566fcf4/actions - {"actions":[{"id":"action1","type":"key","parameters":{},"actions":[{"type":"keyDown","value":"î€‡"},{"type":"pause","duration":10},{"type":"keyUp","value":"î€‡"}]}]}
RESULT: {"actions":[{"id":"action1","type":"key","parameters":{},"actions":[{"type":"keyDown","value":"î€‡"},{"type":"pause","duration":10},{"type":"keyUp","value":"î€‡"}]}]}
COMMAND: GET /session/dfe9bf661470914434d189261566fcf4/screenshot - {}
RESULT: {}
COMMAND: POST /session/dfe9bf661470914434d189261566fcf4/element - {"using":"xpath","value":"//span[contains(text(), \"Demo Yard\")]"}
RESULT: {"using":"xpath","value":"//span[contains(text(), \"Demo Yard\")]"}
COMMAND: POST /session/dfe9bf661470914434d189261566fcf4/element/f.2B6EE0EFCBCE69EB6F9AFCBE203DF3A5.d.574587D4118AF998A6F7BDC4F6BD8E8C.e.759/click - {}
RESULT: {}
COMMAND: GET /session/dfe9bf661470914434d189261566fcf4/screenshot - {}
RESULT: {}
COMMAND: POST /session/dfe9bf661470914434d189261566fcf4/element - {"using":"xpath","value":"//bdi[contains(text(), \"OK\")]"}
RESULT: {"using":"xpath","value":"//bdi[contains(text(), \"OK\")]"}
COMMAND: POST /session/dfe9bf661470914434d189261566fcf4/element/f.2B6EE0EFCBCE69EB6F9AFCBE203DF3A5.d.574587D4118AF998A6F7BDC4F6BD8E8C.e.760/click - {}
RESULT: {}
COMMAND: GET /session/dfe9bf661470914434d189261566fcf4/screenshot - {}
RESULT: {}
COMMAND: POST /session/dfe9bf661470914434d189261566fcf4/execute/async - {"script":"<script> [1562 bytes]","args":[{"selector":{"id":"application-manageyards-display-component---NewYard--addressEditDetailsCurrency-arrow"},"wdio_ui5_key":"applicationmanageyards-display-component---NewYard--addressEditDetailsCurrency-arrow"}]}
RESULT: {"script":"<script> [1562 bytes]","args":[{"selector":{"id":"application-manageyards-display-component---NewYard--addressEditDetailsCurrency-arrow"},"wdio_ui5_key":"applicationmanageyards-display-component---NewYard--addressEditDetailsCurrency-arrow"}]}
RESULT: undefined
COMMAND: POST /session/dfe9bf661470914434d189261566fcf4/element - {"using":"xpath","value":"//*[@id=\"application-manageyards-display-component---NewYard--addressEditDetailsCurrency-arrow\"]"}
RESULT: {"using":"xpath","value":"//*[@id=\"application-manageyards-display-component---NewYard--addressEditDetailsCurrency-arrow\"]"}
COMMAND: POST /session/dfe9bf661470914434d189261566fcf4/element/f.2B6EE0EFCBCE69EB6F9AFCBE203DF3A5.d.574587D4118AF998A6F7BDC4F6BD8E8C.e.763/click - {}
RESULT: {}
COMMAND: POST /session/dfe9bf661470914434d189261566fcf4/element - {"using":"xpath","value":"//span[contains(text(), \"Euro\")]"}
COMMAND: GET /session/dfe9bf661470914434d189261566fcf4/screenshot - {}
RESULT: {"using":"xpath","value":"//span[contains(text(), \"Euro\")]"}
COMMAND: POST /session/dfe9bf661470914434d189261566fcf4/element/f.2B6EE0EFCBCE69EB6F9AFCBE203DF3A5.d.574587D4118AF998A6F7BDC4F6BD8E8C.e.764/click - {}
RESULT: {}
RESULT: {}
COMMAND: POST /session/dfe9bf661470914434d189261566fcf4/execute/async - {"script":"<script> [1562 bytes]","args":[{"selector":{"controlType":"sap.m.Input","viewName":"etm.portal.ui.manageyards.view.New","viewId":"application-manageyards-display-component---NewYard","bindingPath":{"path":"","propertyPath":"/CONTROLLING_AREA","modelName":"NewYardModel"},"interaction":{"idSuffix":"inner"}},"wdio_ui5_key":"etmportal.ui.manageyards.view.Newsap.m.Input{\"path\":\"\",\"propertyPath\":\"/CONTROLLING_AREA\",\"modelName\":\"NewYardModel\"}"}]}
COMMAND: GET /session/dfe9bf661470914434d189261566fcf4/screenshot - {}
RESULT: {"script":"<script> [1562 bytes]","args":[{"selector":{"controlType":"sap.m.Input","viewName":"etm.portal.ui.manageyards.view.New","viewId":"application-manageyards-display-component---NewYard","bindingPath":{"path":"","propertyPath":"/CONTROLLING_AREA","modelName":"NewYardModel"},"interaction":{"idSuffix":"inner"}},"wdio_ui5_key":"etmportal.ui.manageyards.view.Newsap.m.Input{\"path\":\"\",\"propertyPath\":\"/CONTROLLING_AREA\",\"modelName\":\"NewYardModel\"}"}]}
RESULT: undefined
COMMAND: POST /session/dfe9bf661470914434d189261566fcf4/execute/async - {"script":"<script> [776 bytes]","args":[{"enterText":"Z001","selector":{"controlType":"sap.m.Input","viewName":"etm.portal.ui.manageyards.view.New","viewId":"application-manageyards-display-component---NewYard","bindingPath":{"path":"","propertyPath":"/CONTROLLING_AREA","modelName":"NewYardModel"},"interaction":{"idSuffix":"inner"}},"clearTextFirst":true,"interactionType":"ENTER_TEXT"}]}
RESULT: {}
RESULT: {"script":"<script> [776 bytes]","args":[{"enterText":"Z001","selector":{"controlType":"sap.m.Input","viewName":"etm.portal.ui.manageyards.view.New","viewId":"application-manageyards-display-component---NewYard","bindingPath":{"path":"","propertyPath":"/CONTROLLING_AREA","modelName":"NewYardModel"},"interaction":{"idSuffix":"inner"}},"clearTextFirst":true,"interactionType":"ENTER_TEXT"}]}
COMMAND: POST /session/dfe9bf661470914434d189261566fcf4/execute/async - {"script":"<script> [1562 bytes]","args":[{"selector":{"id":"application-manageyards-display-component---NewYard--companyCodeComboBox","interaction":{"idSuffix":"inner"}},"wdio_ui5_key":"applicationmanageyards-display-component---NewYard--companyCodeComboBox"}]}
RESULT: {"script":"<script> [1562 bytes]","args":[{"selector":{"id":"application-manageyards-display-component---NewYard--companyCodeComboBox","interaction":{"idSuffix":"inner"}},"wdio_ui5_key":"applicationmanageyards-display-component---NewYard--companyCodeComboBox"}]}
RESULT: undefined
COMMAND: POST /session/dfe9bf661470914434d189261566fcf4/execute/async - {"script":"<script> [776 bytes]","args":[{"enterText":"1000","selector":{"id":"application-manageyards-display-component---NewYard--companyCodeComboBox","interaction":{"idSuffix":"inner"}},"clearTextFirst":true,"interactionType":"ENTER_TEXT"}]}
RESULT: {"script":"<script> [776 bytes]","args":[{"enterText":"1000","selector":{"id":"application-manageyards-display-component---NewYard--companyCodeComboBox","interaction":{"idSuffix":"inner"}},"clearTextFirst":true,"interactionType":"ENTER_TEXT"}]}
COMMAND: POST /session/dfe9bf661470914434d189261566fcf4/execute/async - {"script":"<script> [1562 bytes]","args":[{"selector":{"controlType":"sap.m.Input","viewName":"etm.portal.ui.manageyards.view.New","viewId":"application-manageyards-display-component---NewYard","bindingPath":{"path":"","propertyPath":"/PLANT","modelName":"NewYardModel"},"interaction":{"idSuffix":"inner"}},"wdio_ui5_key":"etmportal.ui.manageyards.view.Newsap.m.Input{\"path\":\"\",\"propertyPath\":\"/PLANT\",\"modelName\":\"NewYardModel\"}"}]}
RESULT: {"script":"<script> [1562 bytes]","args":[{"selector":{"controlType":"sap.m.Input","viewName":"etm.portal.ui.manageyards.view.New","viewId":"application-manageyards-display-component---NewYard","bindingPath":{"path":"","propertyPath":"/PLANT","modelName":"NewYardModel"},"interaction":{"idSuffix":"inner"}},"wdio_ui5_key":"etmportal.ui.manageyards.view.Newsap.m.Input{\"path\":\"\",\"propertyPath\":\"/PLANT\",\"modelName\":\"NewYardModel\"}"}]}
RESULT: undefined
COMMAND: POST /session/dfe9bf661470914434d189261566fcf4/execute/async - {"script":"<script> [776 bytes]","args":[{"enterText":"1001","selector":{"controlType":"sap.m.Input","viewName":"etm.portal.ui.manageyards.view.New","viewId":"application-manageyards-display-component---NewYard","bindingPath":{"path":"","propertyPath":"/PLANT","modelName":"NewYardModel"},"interaction":{"idSuffix":"inner"}},"clearTextFirst":true,"interactionType":"ENTER_TEXT"}]}
RESULT: {"script":"<script> [776 bytes]","args":[{"enterText":"1001","selector":{"controlType":"sap.m.Input","viewName":"etm.portal.ui.manageyards.view.New","viewId":"application-manageyards-display-component---NewYard","bindingPath":{"path":"","propertyPath":"/PLANT","modelName":"NewYardModel"},"interaction":{"idSuffix":"inner"}},"clearTextFirst":true,"interactionType":"ENTER_TEXT"}]}
COMMAND: POST /session/dfe9bf661470914434d189261566fcf4/execute/async - {"script":"<script> [1562 bytes]","args":[{"selector":{"controlType":"sap.m.Input","viewName":"etm.portal.ui.manageyards.view.New","viewId":"application-manageyards-display-component---NewYard","bindingPath":{"path":"","propertyPath":"/SALES_AREA_VKORG","modelName":"NewYardModel"},"interaction":{"idSuffix":"inner"}},"wdio_ui5_key":"etmportal.ui.manageyards.view.Newsap.m.Input{\"path\":\"\",\"propertyPath\":\"/SALES_AREA_VKORG\",\"modelName\":\"NewYardModel\"}"}]}
RESULT: {"script":"<script> [1562 bytes]","args":[{"selector":{"controlType":"sap.m.Input","viewName":"etm.portal.ui.manageyards.view.New","viewId":"application-manageyards-display-component---NewYard","bindingPath":{"path":"","propertyPath":"/SALES_AREA_VKORG","modelName":"NewYardModel"},"interaction":{"idSuffix":"inner"}},"wdio_ui5_key":"etmportal.ui.manageyards.view.Newsap.m.Input{\"path\":\"\",\"propertyPath\":\"/SALES_AREA_VKORG\",\"modelName\":\"NewYardModel\"}"}]}
RESULT: undefined
COMMAND: POST /session/dfe9bf661470914434d189261566fcf4/execute/async - {"script":"<script> [776 bytes]","args":[{"enterText":"C002","selector":{"controlType":"sap.m.Input","viewName":"etm.portal.ui.manageyards.view.New","viewId":"application-manageyards-display-component---NewYard","bindingPath":{"path":"","propertyPath":"/SALES_AREA_VKORG","modelName":"NewYardModel"},"interaction":{"idSuffix":"inner"}},"clearTextFirst":true,"interactionType":"ENTER_TEXT"}]}
RESULT: {"script":"<script> [776 bytes]","args":[{"enterText":"C002","selector":{"controlType":"sap.m.Input","viewName":"etm.portal.ui.manageyards.view.New","viewId":"application-manageyards-display-component---NewYard","bindingPath":{"path":"","propertyPath":"/SALES_AREA_VKORG","modelName":"NewYardModel"},"interaction":{"idSuffix":"inner"}},"clearTextFirst":true,"interactionType":"ENTER_TEXT"}]}
COMMAND: POST /session/dfe9bf661470914434d189261566fcf4/execute/async - {"script":"<script> [1562 bytes]","args":[{"selector":{"controlType":"sap.m.Input","viewName":"etm.portal.ui.manageyards.view.New","viewId":"application-manageyards-display-component---NewYard","bindingPath":{"path":"","propertyPath":"/SALES_AREA_VTWEG","modelName":"NewYardModel"},"interaction":{"idSuffix":"inner"}},"wdio_ui5_key":"etmportal.ui.manageyards.view.Newsap.m.Input{\"path\":\"\",\"propertyPath\":\"/SALES_AREA_VTWEG\",\"modelName\":\"NewYardModel\"}"}]}
RESULT: {"script":"<script> [1562 bytes]","args":[{"selector":{"controlType":"sap.m.Input","viewName":"etm.portal.ui.manageyards.view.New","viewId":"application-manageyards-display-component---NewYard","bindingPath":{"path":"","propertyPath":"/SALES_AREA_VTWEG","modelName":"NewYardModel"},"interaction":{"idSuffix":"inner"}},"wdio_ui5_key":"etmportal.ui.manageyards.view.Newsap.m.Input{\"path\":\"\",\"propertyPath\":\"/SALES_AREA_VTWEG\",\"modelName\":\"NewYardModel\"}"}]}
RESULT: undefined
COMMAND: POST /session/dfe9bf661470914434d189261566fcf4/execute/async - {"script":"<script> [776 bytes]","args":[{"enterText":"C2","selector":{"controlType":"sap.m.Input","viewName":"etm.portal.ui.manageyards.view.New","viewId":"application-manageyards-display-component---NewYard","bindingPath":{"path":"","propertyPath":"/SALES_AREA_VTWEG","modelName":"NewYardModel"},"interaction":{"idSuffix":"inner"}},"clearTextFirst":true,"interactionType":"ENTER_TEXT"}]}
RESULT: {"script":"<script> [776 bytes]","args":[{"enterText":"C2","selector":{"controlType":"sap.m.Input","viewName":"etm.portal.ui.manageyards.view.New","viewId":"application-manageyards-display-component---NewYard","bindingPath":{"path":"","propertyPath":"/SALES_AREA_VTWEG","modelName":"NewYardModel"},"interaction":{"idSuffix":"inner"}},"clearTextFirst":true,"interactionType":"ENTER_TEXT"}]}
COMMAND: POST /session/dfe9bf661470914434d189261566fcf4/execute/async - {"script":"<script> [1562 bytes]","args":[{"selector":{"controlType":"sap.m.Input","viewName":"etm.portal.ui.manageyards.view.New","viewId":"application-manageyards-display-component---NewYard","bindingPath":{"path":"","propertyPath":"/SALES_AREA_SPART","modelName":"NewYardModel"},"interaction":{"idSuffix":"inner"}},"wdio_ui5_key":"etmportal.ui.manageyards.view.Newsap.m.Input{\"path\":\"\",\"propertyPath\":\"/SALES_AREA_SPART\",\"modelName\":\"NewYardModel\"}"}]}
RESULT: {"script":"<script> [1562 bytes]","args":[{"selector":{"controlType":"sap.m.Input","viewName":"etm.portal.ui.manageyards.view.New","viewId":"application-manageyards-display-component---NewYard","bindingPath":{"path":"","propertyPath":"/SALES_AREA_SPART","modelName":"NewYardModel"},"interaction":{"idSuffix":"inner"}},"wdio_ui5_key":"etmportal.ui.manageyards.view.Newsap.m.Input{\"path\":\"\",\"propertyPath\":\"/SALES_AREA_SPART\",\"modelName\":\"NewYardModel\"}"}]}
RESULT: undefined
COMMAND: POST /session/dfe9bf661470914434d189261566fcf4/execute/async - {"script":"<script> [776 bytes]","args":[{"enterText":"C2","selector":{"controlType":"sap.m.Input","viewName":"etm.portal.ui.manageyards.view.New","viewId":"application-manageyards-display-component---NewYard","bindingPath":{"path":"","propertyPath":"/SALES_AREA_SPART","modelName":"NewYardModel"},"interaction":{"idSuffix":"inner"}},"clearTextFirst":true,"interactionType":"ENTER_TEXT"}]}
RESULT: {"script":"<script> [776 bytes]","args":[{"enterText":"C2","selector":{"controlType":"sap.m.Input","viewName":"etm.portal.ui.manageyards.view.New","viewId":"application-manageyards-display-component---NewYard","bindingPath":{"path":"","propertyPath":"/SALES_AREA_SPART","modelName":"NewYardModel"},"interaction":{"idSuffix":"inner"}},"clearTextFirst":true,"interactionType":"ENTER_TEXT"}]}
COMMAND: POST /session/dfe9bf661470914434d189261566fcf4/execute/async - {"script":"<script> [1562 bytes]","args":[{"selector":{"controlType":"sap.m.Input","viewName":"etm.portal.ui.manageyards.view.New","viewId":"application-manageyards-display-component---NewYard","bindingPath":{"path":"","propertyPath":"/SHIP_POINT","modelName":"NewYardModel"},"interaction":{"idSuffix":"inner"}},"wdio_ui5_key":"etmportal.ui.manageyards.view.Newsap.m.Input{\"path\":\"\",\"propertyPath\":\"/SHIP_POINT\",\"modelName\":\"NewYardModel\"}"}]}
RESULT: {"script":"<script> [1562 bytes]","args":[{"selector":{"controlType":"sap.m.Input","viewName":"etm.portal.ui.manageyards.view.New","viewId":"application-manageyards-display-component---NewYard","bindingPath":{"path":"","propertyPath":"/SHIP_POINT","modelName":"NewYardModel"},"interaction":{"idSuffix":"inner"}},"wdio_ui5_key":"etmportal.ui.manageyards.view.Newsap.m.Input{\"path\":\"\",\"propertyPath\":\"/SHIP_POINT\",\"modelName\":\"NewYardModel\"}"}]}
RESULT: undefined
COMMAND: POST /session/dfe9bf661470914434d189261566fcf4/execute/async - {"script":"<script> [776 bytes]","args":[{"enterText":"1710","selector":{"controlType":"sap.m.Input","viewName":"etm.portal.ui.manageyards.view.New","viewId":"application-manageyards-display-component---NewYard","bindingPath":{"path":"","propertyPath":"/SHIP_POINT","modelName":"NewYardModel"},"interaction":{"idSuffix":"inner"}},"clearTextFirst":true,"interactionType":"ENTER_TEXT"}]}
RESULT: {"script":"<script> [776 bytes]","args":[{"enterText":"1710","selector":{"controlType":"sap.m.Input","viewName":"etm.portal.ui.manageyards.view.New","viewId":"application-manageyards-display-component---NewYard","bindingPath":{"path":"","propertyPath":"/SHIP_POINT","modelName":"NewYardModel"},"interaction":{"idSuffix":"inner"}},"clearTextFirst":true,"interactionType":"ENTER_TEXT"}]}
COMMAND: POST /session/dfe9bf661470914434d189261566fcf4/execute/async - {"script":"<script> [1562 bytes]","args":[{"selector":{"controlType":"sap.m.Input","viewName":"etm.portal.ui.manageyards.view.New","viewId":"application-manageyards-display-component---NewYard","bindingPath":{"path":"","propertyPath":"/DELIVERY_TYPE","modelName":"NewYardModel"},"interaction":{"idSuffix":"inner"}},"wdio_ui5_key":"etmportal.ui.manageyards.view.Newsap.m.Input{\"path\":\"\",\"propertyPath\":\"/DELIVERY_TYPE\",\"modelName\":\"NewYardModel\"}"}]}
RESULT: {"script":"<script> [1562 bytes]","args":[{"selector":{"controlType":"sap.m.Input","viewName":"etm.portal.ui.manageyards.view.New","viewId":"application-manageyards-display-component---NewYard","bindingPath":{"path":"","propertyPath":"/DELIVERY_TYPE","modelName":"NewYardModel"},"interaction":{"idSuffix":"inner"}},"wdio_ui5_key":"etmportal.ui.manageyards.view.Newsap.m.Input{\"path\":\"\",\"propertyPath\":\"/DELIVERY_TYPE\",\"modelName\":\"NewYardModel\"}"}]}
RESULT: undefined
COMMAND: POST /session/dfe9bf661470914434d189261566fcf4/execute/async - {"script":"<script> [776 bytes]","args":[{"enterText":"ZL01","selector":{"controlType":"sap.m.Input","viewName":"etm.portal.ui.manageyards.view.New","viewId":"application-manageyards-display-component---NewYard","bindingPath":{"path":"","propertyPath":"/DELIVERY_TYPE","modelName":"NewYardModel"},"interaction":{"idSuffix":"inner"}},"clearTextFirst":true,"interactionType":"ENTER_TEXT"}]}
RESULT: {"script":"<script> [776 bytes]","args":[{"enterText":"ZL01","selector":{"controlType":"sap.m.Input","viewName":"etm.portal.ui.manageyards.view.New","viewId":"application-manageyards-display-component---NewYard","bindingPath":{"path":"","propertyPath":"/DELIVERY_TYPE","modelName":"NewYardModel"},"interaction":{"idSuffix":"inner"}},"clearTextFirst":true,"interactionType":"ENTER_TEXT"}]}
COMMAND: POST /session/dfe9bf661470914434d189261566fcf4/execute/async - {"script":"<script> [1562 bytes]","args":[{"selector":{"controlType":"sap.m.Input","viewName":"etm.portal.ui.manageyards.view.New","viewId":"application-manageyards-display-component---NewYard","bindingPath":{"path":"","propertyPath":"/AUART","modelName":"NewYardModel"},"interaction":{"idSuffix":"inner"}},"wdio_ui5_key":"etmportal.ui.manageyards.view.Newsap.m.Input{\"path\":\"\",\"propertyPath\":\"/AUART\",\"modelName\":\"NewYardModel\"}"}]}
RESULT: {"script":"<script> [1562 bytes]","args":[{"selector":{"controlType":"sap.m.Input","viewName":"etm.portal.ui.manageyards.view.New","viewId":"application-manageyards-display-component---NewYard","bindingPath":{"path":"","propertyPath":"/AUART","modelName":"NewYardModel"},"interaction":{"idSuffix":"inner"}},"wdio_ui5_key":"etmportal.ui.manageyards.view.Newsap.m.Input{\"path\":\"\",\"propertyPath\":\"/AUART\",\"modelName\":\"NewYardModel\"}"}]}
RESULT: undefined
COMMAND: POST /session/dfe9bf661470914434d189261566fcf4/execute/async - {"script":"<script> [776 bytes]","args":[{"enterText":"TA","selector":{"controlType":"sap.m.Input","viewName":"etm.portal.ui.manageyards.view.New","viewId":"application-manageyards-display-component---NewYard","bindingPath":{"path":"","propertyPath":"/AUART","modelName":"NewYardModel"},"interaction":{"idSuffix":"inner"}},"clearTextFirst":true,"interactionType":"ENTER_TEXT"}]}
RESULT: {"script":"<script> [776 bytes]","args":[{"enterText":"TA","selector":{"controlType":"sap.m.Input","viewName":"etm.portal.ui.manageyards.view.New","viewId":"application-manageyards-display-component---NewYard","bindingPath":{"path":"","propertyPath":"/AUART","modelName":"NewYardModel"},"interaction":{"idSuffix":"inner"}},"clearTextFirst":true,"interactionType":"ENTER_TEXT"}]}
COMMAND: POST /session/dfe9bf661470914434d189261566fcf4/element - {"using":"xpath","value":"//button[@data-kt=\"newYardSaveButton\"]"}
RESULT: {"using":"xpath","value":"//button[@data-kt=\"newYardSaveButton\"]"}
COMMAND: POST /session/dfe9bf661470914434d189261566fcf4/element/f.2B6EE0EFCBCE69EB6F9AFCBE203DF3A5.d.574587D4118AF998A6F7BDC4F6BD8E8C.e.668/click - {}
RESULT: {}
COMMAND: GET /session/dfe9bf661470914434d189261566fcf4/screenshot - {}
RESULT: {}
COMMAND: POST /session/dfe9bf661470914434d189261566fcf4/element - {"using":"xpath","value":"//header[contains(@id, 'ObjectPageLayout-headerTitle')]/div[1]/div[2]/div[1]/span[1]"}
RESULT: {"using":"xpath","value":"//header[contains(@id, 'ObjectPageLayout-headerTitle')]/div[1]/div[2]/div[1]/span[1]"}
COMMAND: POST /session/dfe9bf661470914434d189261566fcf4/elements - {"using":"xpath","value":"//header[contains(@id, 'ObjectPageLayout-headerTitle')]/div[1]/div[2]/div[1]/span[1]"}
RESULT: {"using":"xpath","value":"//header[contains(@id, 'ObjectPageLayout-headerTitle')]/div[1]/div[2]/div[1]/span[1]"}
COMMAND: POST /session/dfe9bf661470914434d189261566fcf4/execute/sync - {"script":"<script> [56 bytes]","args":[{"element-6066-11e4-a52e-4f735466cecf":"f.2B6EE0EFCBCE69EB6F9AFCBE203DF3A5.d.574587D4118AF998A6F7BDC4F6BD8E8C.e.991","ELEMENT":"f.2B6EE0EFCBCE69EB6F9AFCBE203DF3A5.d.574587D4118AF998A6F7BDC4F6BD8E8C.e.991"}]}
RESULT: {"script":"<script> [56 bytes]","args":[{"element-6066-11e4-a52e-4f735466cecf":"f.2B6EE0EFCBCE69EB6F9AFCBE203DF3A5.d.574587D4118AF998A6F7BDC4F6BD8E8C.e.991","ELEMENT":"f.2B6EE0EFCBCE69EB6F9AFCBE203DF3A5.d.574587D4118AF998A6F7BDC4F6BD8E8C.e.991"}]}
COMMAND: GET /session/dfe9bf661470914434d189261566fcf4/screenshot - {}
RESULT: {}
COMMAND: POST /session/dfe9bf661470914434d189261566fcf4/element - {"using":"css selector","value":"#shell-header-logo"}
RESULT: {"using":"css selector","value":"#shell-header-logo"}
COMMAND: POST /session/dfe9bf661470914434d189261566fcf4/element/f.2B6EE0EFCBCE69EB6F9AFCBE203DF3A5.d.574587D4118AF998A6F7BDC4F6BD8E8C.e.237/click - {}
RESULT: {}
COMMAND: GET /session/dfe9bf661470914434d189261566fcf4/screenshot - {}
RESULT: {}
COMMAND: POST /session/dfe9bf661470914434d189261566fcf4/execute/sync - {"script":"<script> [299 bytes]","args":[["getModel","getResource"]]}
RESULT: {"script":"<script> [299 bytes]","args":[["getModel","getResource"]]}
]]></system-out>
    </testcase>
    <testcase classname="chrome.136_0_7103_93.windows.Create_masterdata_for_Yard_Overview_-_trigger_provide_US130988" name="Should create a new external partner" time="99.182">
      <system-out><![CDATA[
COMMAND: GET /session/dfe9bf661470914434d189261566fcf4/screenshot - {}
COMMAND: POST /session/dfe9bf661470914434d189261566fcf4/window/fullscreen - {}
RESULT: {}
RESULT: {}
COMMAND: POST /session/dfe9bf661470914434d189261566fcf4/execute/async - {"script":"<script> [1562 bytes]","args":[{"selector":{"controlType":"sap.m.GenericTile","properties":{"header":"Manage Partners"}},"wdio_ui5_key":"sapm.GenericTile{\"header\":\"Manage Partners\"}"}]}
RESULT: {"script":"<script> [1562 bytes]","args":[{"selector":{"controlType":"sap.m.GenericTile","properties":{"header":"Manage Partners"}},"wdio_ui5_key":"sapm.GenericTile{\"header\":\"Manage Partners\"}"}]}
RESULT: undefined
COMMAND: POST /session/dfe9bf661470914434d189261566fcf4/element - {"using":"xpath","value":"//*[@id=\"__tile38\"]"}
RESULT: {"using":"xpath","value":"//*[@id=\"__tile38\"]"}
COMMAND: POST /session/dfe9bf661470914434d189261566fcf4/element/f.2B6EE0EFCBCE69EB6F9AFCBE203DF3A5.d.574587D4118AF998A6F7BDC4F6BD8E8C.e.122/click - {}
RESULT: {}
COMMAND: GET /session/dfe9bf661470914434d189261566fcf4/screenshot - {}
RESULT: {}
COMMAND: POST /session/dfe9bf661470914434d189261566fcf4/elements - {"using":"xpath","value":"//span[text()='Error']"}
RESULT: {"using":"xpath","value":"//span[text()='Error']"}
COMMAND: POST /session/dfe9bf661470914434d189261566fcf4/element - {"using":"xpath","value":"//button[@data-kt=\"addButton\"]"}
RESULT: {"using":"xpath","value":"//button[@data-kt=\"addButton\"]"}
COMMAND: POST /session/dfe9bf661470914434d189261566fcf4/elements - {"using":"xpath","value":"//button[@data-kt=\"addButton\"]"}
RESULT: {"using":"xpath","value":"//button[@data-kt=\"addButton\"]"}
COMMAND: POST /session/dfe9bf661470914434d189261566fcf4/execute/sync - {"script":"<script> [8489 bytes]","args":[{"element-6066-11e4-a52e-4f735466cecf":"f.2B6EE0EFCBCE69EB6F9AFCBE203DF3A5.d.574587D4118AF998A6F7BDC4F6BD8E8C.e.1028","ELEMENT":"f.2B6EE0EFCBCE69EB6F9AFCBE203DF3A5.d.574587D4118AF998A6F7BDC4F6BD8E8C.e.1028"}]}
RESULT: {"script":"<script> [8489 bytes]","args":[{"element-6066-11e4-a52e-4f735466cecf":"f.2B6EE0EFCBCE69EB6F9AFCBE203DF3A5.d.574587D4118AF998A6F7BDC4F6BD8E8C.e.1028","ELEMENT":"f.2B6EE0EFCBCE69EB6F9AFCBE203DF3A5.d.574587D4118AF998A6F7BDC4F6BD8E8C.e.1028"}]}
COMMAND: GET /session/dfe9bf661470914434d189261566fcf4/element/f.2B6EE0EFCBCE69EB6F9AFCBE203DF3A5.d.574587D4118AF998A6F7BDC4F6BD8E8C.e.1028/enabled - {}
COMMAND: GET /session/dfe9bf661470914434d189261566fcf4/screenshot - {}
RESULT: {}
COMMAND: POST /session/dfe9bf661470914434d189261566fcf4/execute/sync - {"script":"<script> [8489 bytes]","args":[{"element-6066-11e4-a52e-4f735466cecf":"f.2B6EE0EFCBCE69EB6F9AFCBE203DF3A5.d.574587D4118AF998A6F7BDC4F6BD8E8C.e.1028","ELEMENT":"f.2B6EE0EFCBCE69EB6F9AFCBE203DF3A5.d.574587D4118AF998A6F7BDC4F6BD8E8C.e.1028"}]}
COMMAND: GET /session/dfe9bf661470914434d189261566fcf4/screenshot - {}
RESULT: {}
RESULT: {"script":"<script> [8489 bytes]","args":[{"element-6066-11e4-a52e-4f735466cecf":"f.2B6EE0EFCBCE69EB6F9AFCBE203DF3A5.d.574587D4118AF998A6F7BDC4F6BD8E8C.e.1028","ELEMENT":"f.2B6EE0EFCBCE69EB6F9AFCBE203DF3A5.d.574587D4118AF998A6F7BDC4F6BD8E8C.e.1028"}]}
COMMAND: POST /session/dfe9bf661470914434d189261566fcf4/execute/sync - {"script":"<script> [5351 bytes]","args":[{"element-6066-11e4-a52e-4f735466cecf":"f.2B6EE0EFCBCE69EB6F9AFCBE203DF3A5.d.574587D4118AF998A6F7BDC4F6BD8E8C.e.1028","ELEMENT":"f.2B6EE0EFCBCE69EB6F9AFCBE203DF3A5.d.574587D4118AF998A6F7BDC4F6BD8E8C.e.1028"}]}
COMMAND: GET /session/dfe9bf661470914434d189261566fcf4/screenshot - {}
RESULT: {}
RESULT: {"script":"<script> [5351 bytes]","args":[{"element-6066-11e4-a52e-4f735466cecf":"f.2B6EE0EFCBCE69EB6F9AFCBE203DF3A5.d.574587D4118AF998A6F7BDC4F6BD8E8C.e.1028","ELEMENT":"f.2B6EE0EFCBCE69EB6F9AFCBE203DF3A5.d.574587D4118AF998A6F7BDC4F6BD8E8C.e.1028"}]}
COMMAND: POST /session/dfe9bf661470914434d189261566fcf4/element/f.2B6EE0EFCBCE69EB6F9AFCBE203DF3A5.d.574587D4118AF998A6F7BDC4F6BD8E8C.e.1028/click - {}
COMMAND: GET /session/dfe9bf661470914434d189261566fcf4/screenshot - {}
RESULT: {}
RESULT: {}
COMMAND: GET /session/dfe9bf661470914434d189261566fcf4/screenshot - {}
COMMAND: POST /session/dfe9bf661470914434d189261566fcf4/execute/async - {"script":"<script> [1562 bytes]","args":[{"selector":{"id":"application-managepartners-display-component---NewPartner--addressDetailDetailsName1","interaction":{"idSuffix":"inner"}},"wdio_ui5_key":"applicationmanagepartners-display-component---NewPartner--addressDetailDetailsName1"}]}
RESULT: {}
RESULT: {}
RESULT: {"script":"<script> [1562 bytes]","args":[{"selector":{"id":"application-managepartners-display-component---NewPartner--addressDetailDetailsName1","interaction":{"idSuffix":"inner"}},"wdio_ui5_key":"applicationmanagepartners-display-component---NewPartner--addressDetailDetailsName1"}]}
RESULT: undefined
COMMAND: POST /session/dfe9bf661470914434d189261566fcf4/execute/async - {"script":"<script> [776 bytes]","args":[{"enterText":"External Partner WDIO","selector":{"id":"application-managepartners-display-component---NewPartner--addressDetailDetailsName1","interaction":{"idSuffix":"inner"}},"clearTextFirst":true,"interactionType":"ENTER_TEXT"}]}
RESULT: {"script":"<script> [776 bytes]","args":[{"enterText":"External Partner WDIO","selector":{"id":"application-managepartners-display-component---NewPartner--addressDetailDetailsName1","interaction":{"idSuffix":"inner"}},"clearTextFirst":true,"interactionType":"ENTER_TEXT"}]}
COMMAND: POST /session/dfe9bf661470914434d189261566fcf4/execute/async - {"script":"<script> [1562 bytes]","args":[{"selector":{"id":"application-managepartners-display-component---NewPartner--addressDetailDetailsLanguage-arrow"},"wdio_ui5_key":"applicationmanagepartners-display-component---NewPartner--addressDetailDetailsLanguage-arrow"}]}
RESULT: {"script":"<script> [1562 bytes]","args":[{"selector":{"id":"application-managepartners-display-component---NewPartner--addressDetailDetailsLanguage-arrow"},"wdio_ui5_key":"applicationmanagepartners-display-component---NewPartner--addressDetailDetailsLanguage-arrow"}]}
RESULT: undefined
COMMAND: POST /session/dfe9bf661470914434d189261566fcf4/element - {"using":"xpath","value":"//*[@id=\"application-managepartners-display-component---NewPartner--addressDetailDetailsLanguage-arrow\"]"}
RESULT: {"using":"xpath","value":"//*[@id=\"application-managepartners-display-component---NewPartner--addressDetailDetailsLanguage-arrow\"]"}
COMMAND: POST /session/dfe9bf661470914434d189261566fcf4/element/f.2B6EE0EFCBCE69EB6F9AFCBE203DF3A5.d.574587D4118AF998A6F7BDC4F6BD8E8C.e.1472/click - {}
RESULT: {}
COMMAND: POST /session/dfe9bf661470914434d189261566fcf4/element - {"using":"xpath","value":"//span[contains(text(), \"English\")]"}
COMMAND: GET /session/dfe9bf661470914434d189261566fcf4/screenshot - {}
RESULT: {"using":"xpath","value":"//span[contains(text(), \"English\")]"}
COMMAND: POST /session/dfe9bf661470914434d189261566fcf4/element/f.2B6EE0EFCBCE69EB6F9AFCBE203DF3A5.d.574587D4118AF998A6F7BDC4F6BD8E8C.e.1473/click - {}
RESULT: {}
RESULT: {}
COMMAND: GET /session/dfe9bf661470914434d189261566fcf4/screenshot - {}
RESULT: {}
COMMAND: POST /session/dfe9bf661470914434d189261566fcf4/execute/async - {"script":"<script> [1562 bytes]","args":[{"selector":{"id":"application-managepartners-display-component---NewPartner--addressDetailDetailsCity1","interaction":{"idSuffix":"inner"}},"wdio_ui5_key":"applicationmanagepartners-display-component---NewPartner--addressDetailDetailsCity1"}]}
RESULT: {"script":"<script> [1562 bytes]","args":[{"selector":{"id":"application-managepartners-display-component---NewPartner--addressDetailDetailsCity1","interaction":{"idSuffix":"inner"}},"wdio_ui5_key":"applicationmanagepartners-display-component---NewPartner--addressDetailDetailsCity1"}]}
RESULT: undefined
COMMAND: POST /session/dfe9bf661470914434d189261566fcf4/execute/async - {"script":"<script> [776 bytes]","args":[{"enterText":"Rosario","selector":{"id":"application-managepartners-display-component---NewPartner--addressDetailDetailsCity1","interaction":{"idSuffix":"inner"}},"clearTextFirst":true,"interactionType":"ENTER_TEXT"}]}
RESULT: {"script":"<script> [776 bytes]","args":[{"enterText":"Rosario","selector":{"id":"application-managepartners-display-component---NewPartner--addressDetailDetailsCity1","interaction":{"idSuffix":"inner"}},"clearTextFirst":true,"interactionType":"ENTER_TEXT"}]}
COMMAND: POST /session/dfe9bf661470914434d189261566fcf4/execute/async - {"script":"<script> [1562 bytes]","args":[{"selector":{"id":"application-managepartners-display-component---NewPartner--addressDetailDetailsCountry-arrow"},"wdio_ui5_key":"applicationmanagepartners-display-component---NewPartner--addressDetailDetailsCountry-arrow"}]}
RESULT: {"script":"<script> [1562 bytes]","args":[{"selector":{"id":"application-managepartners-display-component---NewPartner--addressDetailDetailsCountry-arrow"},"wdio_ui5_key":"applicationmanagepartners-display-component---NewPartner--addressDetailDetailsCountry-arrow"}]}
RESULT: undefined
COMMAND: POST /session/dfe9bf661470914434d189261566fcf4/element - {"using":"xpath","value":"//*[@id=\"application-managepartners-display-component---NewPartner--addressDetailDetailsCountry-arrow\"]"}
RESULT: {"using":"xpath","value":"//*[@id=\"application-managepartners-display-component---NewPartner--addressDetailDetailsCountry-arrow\"]"}
COMMAND: POST /session/dfe9bf661470914434d189261566fcf4/element/f.2B6EE0EFCBCE69EB6F9AFCBE203DF3A5.d.574587D4118AF998A6F7BDC4F6BD8E8C.e.1459/click - {}
RESULT: {}
COMMAND: POST /session/dfe9bf661470914434d189261566fcf4/element - {"using":"xpath","value":"//span[contains(text(), \"Argentina\")]"}
COMMAND: GET /session/dfe9bf661470914434d189261566fcf4/screenshot - {}
RESULT: {"using":"xpath","value":"//span[contains(text(), \"Argentina\")]"}
COMMAND: POST /session/dfe9bf661470914434d189261566fcf4/element/f.2B6EE0EFCBCE69EB6F9AFCBE203DF3A5.d.574587D4118AF998A6F7BDC4F6BD8E8C.e.1475/click - {}
RESULT: {}
RESULT: {}
COMMAND: GET /session/dfe9bf661470914434d189261566fcf4/screenshot - {}
RESULT: {}
COMMAND: POST /session/dfe9bf661470914434d189261566fcf4/element - {"using":"xpath","value":"//bdi[contains(text(), \"Commercial\")]"}
RESULT: {"using":"xpath","value":"//bdi[contains(text(), \"Commercial\")]"}
COMMAND: POST /session/dfe9bf661470914434d189261566fcf4/element/f.2B6EE0EFCBCE69EB6F9AFCBE203DF3A5.d.574587D4118AF998A6F7BDC4F6BD8E8C.e.1476/click - {}
RESULT: {}
COMMAND: GET /session/dfe9bf661470914434d189261566fcf4/screenshot - {}
RESULT: {}
COMMAND: POST /session/dfe9bf661470914434d189261566fcf4/execute/async - {"script":"<script> [1562 bytes]","args":[{"selector":{"id":"application-managepartners-display-component---NewPartner--partnerDetailInternal-arrow"},"wdio_ui5_key":"applicationmanagepartners-display-component---NewPartner--partnerDetailInternal-arrow"}]}
RESULT: {"script":"<script> [1562 bytes]","args":[{"selector":{"id":"application-managepartners-display-component---NewPartner--partnerDetailInternal-arrow"},"wdio_ui5_key":"applicationmanagepartners-display-component---NewPartner--partnerDetailInternal-arrow"}]}
RESULT: undefined
COMMAND: POST /session/dfe9bf661470914434d189261566fcf4/element - {"using":"xpath","value":"//*[@id=\"application-managepartners-display-component---NewPartner--partnerDetailInternal-arrow\"]"}
RESULT: {"using":"xpath","value":"//*[@id=\"application-managepartners-display-component---NewPartner--partnerDetailInternal-arrow\"]"}
COMMAND: POST /session/dfe9bf661470914434d189261566fcf4/element/f.2B6EE0EFCBCE69EB6F9AFCBE203DF3A5.d.574587D4118AF998A6F7BDC4F6BD8E8C.e.1482/click - {}
RESULT: {}
COMMAND: POST /session/dfe9bf661470914434d189261566fcf4/element - {"using":"xpath","value":"//span[contains(text(), \"External partner\")]"}
COMMAND: GET /session/dfe9bf661470914434d189261566fcf4/screenshot - {}
RESULT: {"using":"xpath","value":"//span[contains(text(), \"External partner\")]"}
COMMAND: POST /session/dfe9bf661470914434d189261566fcf4/element/f.2B6EE0EFCBCE69EB6F9AFCBE203DF3A5.d.574587D4118AF998A6F7BDC4F6BD8E8C.e.1483/click - {}
RESULT: {}
RESULT: {}
COMMAND: POST /session/dfe9bf661470914434d189261566fcf4/execute/async - {"script":"<script> [1562 bytes]","args":[{"selector":{"id":"application-managepartners-display-component---NewPartner--partnerDetailsCurrency-arrow"},"wdio_ui5_key":"applicationmanagepartners-display-component---NewPartner--partnerDetailsCurrency-arrow"}]}
COMMAND: GET /session/dfe9bf661470914434d189261566fcf4/screenshot - {}
RESULT: {"script":"<script> [1562 bytes]","args":[{"selector":{"id":"application-managepartners-display-component---NewPartner--partnerDetailsCurrency-arrow"},"wdio_ui5_key":"applicationmanagepartners-display-component---NewPartner--partnerDetailsCurrency-arrow"}]}
RESULT: undefined
COMMAND: POST /session/dfe9bf661470914434d189261566fcf4/element - {"using":"xpath","value":"//*[@id=\"application-managepartners-display-component---NewPartner--partnerDetailsCurrency-arrow\"]"}
RESULT: {}
RESULT: {"using":"xpath","value":"//*[@id=\"application-managepartners-display-component---NewPartner--partnerDetailsCurrency-arrow\"]"}
COMMAND: POST /session/dfe9bf661470914434d189261566fcf4/element/f.2B6EE0EFCBCE69EB6F9AFCBE203DF3A5.d.574587D4118AF998A6F7BDC4F6BD8E8C.e.1488/click - {}
RESULT: {}
COMMAND: POST /session/dfe9bf661470914434d189261566fcf4/element - {"using":"xpath","value":"//span[contains(text(), \"US Dollar\")]"}
COMMAND: GET /session/dfe9bf661470914434d189261566fcf4/screenshot - {}
RESULT: {"using":"xpath","value":"//span[contains(text(), \"US Dollar\")]"}
COMMAND: POST /session/dfe9bf661470914434d189261566fcf4/element/f.2B6EE0EFCBCE69EB6F9AFCBE203DF3A5.d.574587D4118AF998A6F7BDC4F6BD8E8C.e.1489/click - {}
RESULT: {}
RESULT: {}
COMMAND: GET /session/dfe9bf661470914434d189261566fcf4/screenshot - {}
RESULT: {}
COMMAND: POST /session/dfe9bf661470914434d189261566fcf4/element - {"using":"xpath","value":"//input[@id=\"application-managepartners-display-component---NewPartner--companyCodeComboBox-inner\"]"}
RESULT: {"using":"xpath","value":"//input[@id=\"application-managepartners-display-component---NewPartner--companyCodeComboBox-inner\"]"}
COMMAND: POST /session/dfe9bf661470914434d189261566fcf4/element/f.2B6EE0EFCBCE69EB6F9AFCBE203DF3A5.d.574587D4118AF998A6F7BDC4F6BD8E8C.e.1301/clear - {}
RESULT: {}
COMMAND: POST /session/dfe9bf661470914434d189261566fcf4/element/f.2B6EE0EFCBCE69EB6F9AFCBE203DF3A5.d.574587D4118AF998A6F7BDC4F6BD8E8C.e.1301/value - {"text":"C002"}
COMMAND: GET /session/dfe9bf661470914434d189261566fcf4/screenshot - {}
RESULT: {"text":"C002"}
COMMAND: GET /session/dfe9bf661470914434d189261566fcf4/screenshot - {}
RESULT: {}
RESULT: {}
COMMAND: POST /session/dfe9bf661470914434d189261566fcf4/element - {"using":"xpath","value":"//li[.//span[text()= \"C002\"]]"}
RESULT: {"using":"xpath","value":"//li[.//span[text()= \"C002\"]]"}
COMMAND: POST /session/dfe9bf661470914434d189261566fcf4/element/f.2B6EE0EFCBCE69EB6F9AFCBE203DF3A5.d.574587D4118AF998A6F7BDC4F6BD8E8C.e.1493/click - {}
RESULT: {}
COMMAND: GET /session/dfe9bf661470914434d189261566fcf4/screenshot - {}
RESULT: {}
COMMAND: POST /session/dfe9bf661470914434d189261566fcf4/execute/async - {"script":"<script> [1562 bytes]","args":[{"selector":{"id":"application-managepartners-display-component---NewPartner--btnAddTableRow-img"},"wdio_ui5_key":"applicationmanagepartners-display-component---NewPartner--btnAddTableRow-img"}]}
RESULT: {"script":"<script> [1562 bytes]","args":[{"selector":{"id":"application-managepartners-display-component---NewPartner--btnAddTableRow-img"},"wdio_ui5_key":"applicationmanagepartners-display-component---NewPartner--btnAddTableRow-img"}]}
RESULT: undefined
COMMAND: POST /session/dfe9bf661470914434d189261566fcf4/element - {"using":"xpath","value":"//*[@id=\"application-managepartners-display-component---NewPartner--btnAddTableRow-img\"]"}
RESULT: {"using":"xpath","value":"//*[@id=\"application-managepartners-display-component---NewPartner--btnAddTableRow-img\"]"}
COMMAND: POST /session/dfe9bf661470914434d189261566fcf4/element/f.2B6EE0EFCBCE69EB6F9AFCBE203DF3A5.d.574587D4118AF998A6F7BDC4F6BD8E8C.e.1494/click - {}
RESULT: {}
COMMAND: GET /session/dfe9bf661470914434d189261566fcf4/screenshot - {}
RESULT: {}
COMMAND: POST /session/dfe9bf661470914434d189261566fcf4/element - {"using":"xpath","value":"//input[@id=\"application-managepartners-display-component---NewPartner--assignmentYard-application-managepartners-display-component---NewPartner--assignmentsTable-0-inner\"]"}
RESULT: {"using":"xpath","value":"//input[@id=\"application-managepartners-display-component---NewPartner--assignmentYard-application-managepartners-display-component---NewPartner--assignmentsTable-0-inner\"]"}
COMMAND: POST /session/dfe9bf661470914434d189261566fcf4/element/f.2B6EE0EFCBCE69EB6F9AFCBE203DF3A5.d.574587D4118AF998A6F7BDC4F6BD8E8C.e.1497/clear - {}
RESULT: {}
COMMAND: POST /session/dfe9bf661470914434d189261566fcf4/element/f.2B6EE0EFCBCE69EB6F9AFCBE203DF3A5.d.574587D4118AF998A6F7BDC4F6BD8E8C.e.1497/value - {"text":"468"}
COMMAND: GET /session/dfe9bf661470914434d189261566fcf4/screenshot - {}
RESULT: {"text":"468"}
COMMAND: GET /session/dfe9bf661470914434d189261566fcf4/screenshot - {}
RESULT: {}
RESULT: {}
COMMAND: POST /session/dfe9bf661470914434d189261566fcf4/element - {"using":"xpath","value":"//li[.//span[text()='468']]"}
RESULT: {"using":"xpath","value":"//li[.//span[text()='468']]"}
COMMAND: POST /session/dfe9bf661470914434d189261566fcf4/element/f.2B6EE0EFCBCE69EB6F9AFCBE203DF3A5.d.574587D4118AF998A6F7BDC4F6BD8E8C.e.1505/click - {}
RESULT: {}
COMMAND: GET /session/dfe9bf661470914434d189261566fcf4/screenshot - {}
RESULT: {}
COMMAND: POST /session/dfe9bf661470914434d189261566fcf4/actions - {"actions":[{"id":"action2","type":"key","parameters":{},"actions":[{"type":"keyDown","value":"î€‡"},{"type":"pause","duration":10},{"type":"keyUp","value":"î€‡"}]}]}
RESULT: {"actions":[{"id":"action2","type":"key","parameters":{},"actions":[{"type":"keyDown","value":"î€‡"},{"type":"pause","duration":10},{"type":"keyUp","value":"î€‡"}]}]}
COMMAND: POST /session/dfe9bf661470914434d189261566fcf4/element - {"using":"xpath","value":"//td[contains(@id, \"assignmentsTable-0-cell2\")]/div/div"}
COMMAND: GET /session/dfe9bf661470914434d189261566fcf4/screenshot - {}
RESULT: {"using":"xpath","value":"//td[contains(@id, \"assignmentsTable-0-cell2\")]/div/div"}
COMMAND: POST /session/dfe9bf661470914434d189261566fcf4/element/f.2B6EE0EFCBCE69EB6F9AFCBE203DF3A5.d.574587D4118AF998A6F7BDC4F6BD8E8C.e.1508/click - {}
RESULT: {}
RESULT: {}
COMMAND: GET /session/dfe9bf661470914434d189261566fcf4/screenshot - {}
RESULT: {}
COMMAND: POST /session/dfe9bf661470914434d189261566fcf4/element - {"using":"xpath","value":"//button[@data-kt=\"saveButton\"]"}
RESULT: {"using":"xpath","value":"//button[@data-kt=\"saveButton\"]"}
COMMAND: POST /session/dfe9bf661470914434d189261566fcf4/element/f.2B6EE0EFCBCE69EB6F9AFCBE203DF3A5.d.574587D4118AF998A6F7BDC4F6BD8E8C.e.1361/click - {}
RESULT: {}
COMMAND: GET /session/dfe9bf661470914434d189261566fcf4/screenshot - {}
RESULT: {}
COMMAND: POST /session/dfe9bf661470914434d189261566fcf4/element - {"using":"xpath","value":"//header[contains(@id, 'ObjectPageLayout-headerTitle')]/div[1]/div[2]/div[2]/span[1]"}
RESULT: {"using":"xpath","value":"//header[contains(@id, 'ObjectPageLayout-headerTitle')]/div[1]/div[2]/div[2]/span[1]"}
COMMAND: POST /session/dfe9bf661470914434d189261566fcf4/elements - {"using":"xpath","value":"//header[contains(@id, 'ObjectPageLayout-headerTitle')]/div[1]/div[2]/div[2]/span[1]"}
RESULT: {"using":"xpath","value":"//header[contains(@id, 'ObjectPageLayout-headerTitle')]/div[1]/div[2]/div[2]/span[1]"}
COMMAND: POST /session/dfe9bf661470914434d189261566fcf4/execute/sync - {"script":"<script> [56 bytes]","args":[{"element-6066-11e4-a52e-4f735466cecf":"f.2B6EE0EFCBCE69EB6F9AFCBE203DF3A5.d.574587D4118AF998A6F7BDC4F6BD8E8C.e.1670","ELEMENT":"f.2B6EE0EFCBCE69EB6F9AFCBE203DF3A5.d.574587D4118AF998A6F7BDC4F6BD8E8C.e.1670"}]}
RESULT: {"script":"<script> [56 bytes]","args":[{"element-6066-11e4-a52e-4f735466cecf":"f.2B6EE0EFCBCE69EB6F9AFCBE203DF3A5.d.574587D4118AF998A6F7BDC4F6BD8E8C.e.1670","ELEMENT":"f.2B6EE0EFCBCE69EB6F9AFCBE203DF3A5.d.574587D4118AF998A6F7BDC4F6BD8E8C.e.1670"}]}
COMMAND: POST /session/dfe9bf661470914434d189261566fcf4/element - {"using":"css selector","value":"#shell-header-logo"}
COMMAND: GET /session/dfe9bf661470914434d189261566fcf4/screenshot - {}
RESULT: {"using":"css selector","value":"#shell-header-logo"}
COMMAND: POST /session/dfe9bf661470914434d189261566fcf4/element/f.2B6EE0EFCBCE69EB6F9AFCBE203DF3A5.d.574587D4118AF998A6F7BDC4F6BD8E8C.e.994/click - {}
RESULT: {}
RESULT: {}
COMMAND: GET /session/dfe9bf661470914434d189261566fcf4/screenshot - {}
RESULT: {}
COMMAND: POST /session/dfe9bf661470914434d189261566fcf4/execute/sync - {"script":"<script> [299 bytes]","args":[["getModel","getResource"]]}
RESULT: {"script":"<script> [299 bytes]","args":[["getModel","getResource"]]}
]]></system-out>
    </testcase>
    <testcase classname="chrome.136_0_7103_93.windows.Create_masterdata_for_Yard_Overview_-_trigger_provide_US130988" name="Should create a new site" time="155.26">
      <system-out><![CDATA[
COMMAND: GET /session/dfe9bf661470914434d189261566fcf4/screenshot - {}
COMMAND: POST /session/dfe9bf661470914434d189261566fcf4/execute/async - {"script":"<script> [1562 bytes]","args":[{"selector":{"controlType":"sap.m.GenericTile","properties":{"header":"Manage Sites"}},"wdio_ui5_key":"sapm.GenericTile{\"header\":\"Manage Sites\"}"}]}
RESULT: {"script":"<script> [1562 bytes]","args":[{"selector":{"controlType":"sap.m.GenericTile","properties":{"header":"Manage Sites"}},"wdio_ui5_key":"sapm.GenericTile{\"header\":\"Manage Sites\"}"}]}
RESULT: undefined
COMMAND: POST /session/dfe9bf661470914434d189261566fcf4/element - {"using":"xpath","value":"//*[@id=\"__tile40\"]"}
RESULT: {}
RESULT: {"using":"xpath","value":"//*[@id=\"__tile40\"]"}
COMMAND: POST /session/dfe9bf661470914434d189261566fcf4/element/f.2B6EE0EFCBCE69EB6F9AFCBE203DF3A5.d.574587D4118AF998A6F7BDC4F6BD8E8C.e.128/click - {}
RESULT: {}
COMMAND: GET /session/dfe9bf661470914434d189261566fcf4/screenshot - {}
RESULT: {}
COMMAND: POST /session/dfe9bf661470914434d189261566fcf4/elements - {"using":"xpath","value":"//span[text()='Error']"}
RESULT: {"using":"xpath","value":"//span[text()='Error']"}
COMMAND: POST /session/dfe9bf661470914434d189261566fcf4/element - {"using":"xpath","value":"//button[@data-kt=\"addOverflowToolbarButton\"]"}
RESULT: {"using":"xpath","value":"//button[@data-kt=\"addOverflowToolbarButton\"]"}
COMMAND: POST /session/dfe9bf661470914434d189261566fcf4/elements - {"using":"xpath","value":"//button[@data-kt=\"addOverflowToolbarButton\"]"}
RESULT: {"using":"xpath","value":"//button[@data-kt=\"addOverflowToolbarButton\"]"}
COMMAND: POST /session/dfe9bf661470914434d189261566fcf4/execute/sync - {"script":"<script> [8489 bytes]","args":[{"element-6066-11e4-a52e-4f735466cecf":"f.2B6EE0EFCBCE69EB6F9AFCBE203DF3A5.d.574587D4118AF998A6F7BDC4F6BD8E8C.e.1718","ELEMENT":"f.2B6EE0EFCBCE69EB6F9AFCBE203DF3A5.d.574587D4118AF998A6F7BDC4F6BD8E8C.e.1718"}]}
RESULT: {"script":"<script> [8489 bytes]","args":[{"element-6066-11e4-a52e-4f735466cecf":"f.2B6EE0EFCBCE69EB6F9AFCBE203DF3A5.d.574587D4118AF998A6F7BDC4F6BD8E8C.e.1718","ELEMENT":"f.2B6EE0EFCBCE69EB6F9AFCBE203DF3A5.d.574587D4118AF998A6F7BDC4F6BD8E8C.e.1718"}]}
COMMAND: GET /session/dfe9bf661470914434d189261566fcf4/element/f.2B6EE0EFCBCE69EB6F9AFCBE203DF3A5.d.574587D4118AF998A6F7BDC4F6BD8E8C.e.1718/enabled - {}
COMMAND: GET /session/dfe9bf661470914434d189261566fcf4/screenshot - {}
RESULT: {}
COMMAND: POST /session/dfe9bf661470914434d189261566fcf4/execute/sync - {"script":"<script> [8489 bytes]","args":[{"element-6066-11e4-a52e-4f735466cecf":"f.2B6EE0EFCBCE69EB6F9AFCBE203DF3A5.d.574587D4118AF998A6F7BDC4F6BD8E8C.e.1718","ELEMENT":"f.2B6EE0EFCBCE69EB6F9AFCBE203DF3A5.d.574587D4118AF998A6F7BDC4F6BD8E8C.e.1718"}]}
COMMAND: GET /session/dfe9bf661470914434d189261566fcf4/screenshot - {}
RESULT: {}
RESULT: {"script":"<script> [8489 bytes]","args":[{"element-6066-11e4-a52e-4f735466cecf":"f.2B6EE0EFCBCE69EB6F9AFCBE203DF3A5.d.574587D4118AF998A6F7BDC4F6BD8E8C.e.1718","ELEMENT":"f.2B6EE0EFCBCE69EB6F9AFCBE203DF3A5.d.574587D4118AF998A6F7BDC4F6BD8E8C.e.1718"}]}
COMMAND: POST /session/dfe9bf661470914434d189261566fcf4/execute/sync - {"script":"<script> [5351 bytes]","args":[{"element-6066-11e4-a52e-4f735466cecf":"f.2B6EE0EFCBCE69EB6F9AFCBE203DF3A5.d.574587D4118AF998A6F7BDC4F6BD8E8C.e.1718","ELEMENT":"f.2B6EE0EFCBCE69EB6F9AFCBE203DF3A5.d.574587D4118AF998A6F7BDC4F6BD8E8C.e.1718"}]}
COMMAND: GET /session/dfe9bf661470914434d189261566fcf4/screenshot - {}
RESULT: {}
RESULT: {"script":"<script> [5351 bytes]","args":[{"element-6066-11e4-a52e-4f735466cecf":"f.2B6EE0EFCBCE69EB6F9AFCBE203DF3A5.d.574587D4118AF998A6F7BDC4F6BD8E8C.e.1718","ELEMENT":"f.2B6EE0EFCBCE69EB6F9AFCBE203DF3A5.d.574587D4118AF998A6F7BDC4F6BD8E8C.e.1718"}]}
COMMAND: POST /session/dfe9bf661470914434d189261566fcf4/element/f.2B6EE0EFCBCE69EB6F9AFCBE203DF3A5.d.574587D4118AF998A6F7BDC4F6BD8E8C.e.1718/click - {}
COMMAND: GET /session/dfe9bf661470914434d189261566fcf4/screenshot - {}
RESULT: {}
RESULT: {}
COMMAND: GET /session/dfe9bf661470914434d189261566fcf4/screenshot - {}
COMMAND: POST /session/dfe9bf661470914434d189261566fcf4/element - {"using":"xpath","value":"//input[@id=\"application-managesites-display-component---NewSite--siteId-inner\"]"}
RESULT: {}
RESULT: {}
RESULT: {"using":"xpath","value":"//input[@id=\"application-managesites-display-component---NewSite--siteId-inner\"]"}
COMMAND: POST /session/dfe9bf661470914434d189261566fcf4/element - {"using":"xpath","value":"//input[@id=\"application-managesites-display-component---NewSite--siteId-inner\"]"}
RESULT: {"using":"xpath","value":"//input[@id=\"application-managesites-display-component---NewSite--siteId-inner\"]"}
COMMAND: POST /session/dfe9bf661470914434d189261566fcf4/execute/async - {"script":"<script> [1562 bytes]","args":[{"selector":{"id":"application-managesites-display-component---NewSite--addressDetailDetailsName1","interaction":{"idSuffix":"inner"}},"wdio_ui5_key":"applicationmanagesites-display-component---NewSite--addressDetailDetailsName1"}]}
RESULT: {"script":"<script> [1562 bytes]","args":[{"selector":{"id":"application-managesites-display-component---NewSite--addressDetailDetailsName1","interaction":{"idSuffix":"inner"}},"wdio_ui5_key":"applicationmanagesites-display-component---NewSite--addressDetailDetailsName1"}]}
RESULT: undefined
COMMAND: POST /session/dfe9bf661470914434d189261566fcf4/execute/async - {"script":"<script> [776 bytes]","args":[{"enterText":"Other Type Site WDIO","selector":{"id":"application-managesites-display-component---NewSite--addressDetailDetailsName1","interaction":{"idSuffix":"inner"}},"clearTextFirst":true,"interactionType":"ENTER_TEXT"}]}
RESULT: {"script":"<script> [776 bytes]","args":[{"enterText":"Other Type Site WDIO","selector":{"id":"application-managesites-display-component---NewSite--addressDetailDetailsName1","interaction":{"idSuffix":"inner"}},"clearTextFirst":true,"interactionType":"ENTER_TEXT"}]}
COMMAND: POST /session/dfe9bf661470914434d189261566fcf4/execute/async - {"script":"<script> [1562 bytes]","args":[{"selector":{"id":"application-managesites-display-component---NewSite--addressDetailDetailsLanguage-arrow"},"wdio_ui5_key":"applicationmanagesites-display-component---NewSite--addressDetailDetailsLanguage-arrow"}]}
RESULT: {"script":"<script> [1562 bytes]","args":[{"selector":{"id":"application-managesites-display-component---NewSite--addressDetailDetailsLanguage-arrow"},"wdio_ui5_key":"applicationmanagesites-display-component---NewSite--addressDetailDetailsLanguage-arrow"}]}
RESULT: undefined
COMMAND: POST /session/dfe9bf661470914434d189261566fcf4/element - {"using":"xpath","value":"//*[@id=\"application-managesites-display-component---NewSite--addressDetailDetailsLanguage-arrow\"]"}
RESULT: {"using":"xpath","value":"//*[@id=\"application-managesites-display-component---NewSite--addressDetailDetailsLanguage-arrow\"]"}
COMMAND: POST /session/dfe9bf661470914434d189261566fcf4/element/f.2B6EE0EFCBCE69EB6F9AFCBE203DF3A5.d.574587D4118AF998A6F7BDC4F6BD8E8C.e.2119/click - {}
RESULT: {}
COMMAND: POST /session/dfe9bf661470914434d189261566fcf4/element - {"using":"xpath","value":"//span[contains(text(), \"English\")]"}
COMMAND: GET /session/dfe9bf661470914434d189261566fcf4/screenshot - {}
RESULT: {"using":"xpath","value":"//span[contains(text(), \"English\")]"}
COMMAND: POST /session/dfe9bf661470914434d189261566fcf4/element/f.2B6EE0EFCBCE69EB6F9AFCBE203DF3A5.d.574587D4118AF998A6F7BDC4F6BD8E8C.e.2120/click - {}
RESULT: {}
RESULT: {}
COMMAND: POST /session/dfe9bf661470914434d189261566fcf4/execute/async - {"script":"<script> [1562 bytes]","args":[{"selector":{"id":"application-managesites-display-component---NewSite--addressDetailDetailsCity1","interaction":{"idSuffix":"inner"}},"wdio_ui5_key":"applicationmanagesites-display-component---NewSite--addressDetailDetailsCity1"}]}
COMMAND: GET /session/dfe9bf661470914434d189261566fcf4/screenshot - {}
RESULT: {"script":"<script> [1562 bytes]","args":[{"selector":{"id":"application-managesites-display-component---NewSite--addressDetailDetailsCity1","interaction":{"idSuffix":"inner"}},"wdio_ui5_key":"applicationmanagesites-display-component---NewSite--addressDetailDetailsCity1"}]}
RESULT: undefined
COMMAND: POST /session/dfe9bf661470914434d189261566fcf4/execute/async - {"script":"<script> [776 bytes]","args":[{"enterText":"Rosario","selector":{"id":"application-managesites-display-component---NewSite--addressDetailDetailsCity1","interaction":{"idSuffix":"inner"}},"clearTextFirst":true,"interactionType":"ENTER_TEXT"}]}
RESULT: {}
RESULT: {"script":"<script> [776 bytes]","args":[{"enterText":"Rosario","selector":{"id":"application-managesites-display-component---NewSite--addressDetailDetailsCity1","interaction":{"idSuffix":"inner"}},"clearTextFirst":true,"interactionType":"ENTER_TEXT"}]}
COMMAND: POST /session/dfe9bf661470914434d189261566fcf4/execute/async - {"script":"<script> [1562 bytes]","args":[{"selector":{"id":"application-managesites-display-component---NewSite--addressDetailDetailsCountry-arrow"},"wdio_ui5_key":"applicationmanagesites-display-component---NewSite--addressDetailDetailsCountry-arrow"}]}
RESULT: {"script":"<script> [1562 bytes]","args":[{"selector":{"id":"application-managesites-display-component---NewSite--addressDetailDetailsCountry-arrow"},"wdio_ui5_key":"applicationmanagesites-display-component---NewSite--addressDetailDetailsCountry-arrow"}]}
RESULT: undefined
COMMAND: POST /session/dfe9bf661470914434d189261566fcf4/element - {"using":"xpath","value":"//*[@id=\"application-managesites-display-component---NewSite--addressDetailDetailsCountry-arrow\"]"}
RESULT: {"using":"xpath","value":"//*[@id=\"application-managesites-display-component---NewSite--addressDetailDetailsCountry-arrow\"]"}
COMMAND: POST /session/dfe9bf661470914434d189261566fcf4/element/f.2B6EE0EFCBCE69EB6F9AFCBE203DF3A5.d.574587D4118AF998A6F7BDC4F6BD8E8C.e.2122/click - {}
RESULT: {}
COMMAND: POST /session/dfe9bf661470914434d189261566fcf4/element - {"using":"xpath","value":"//span[contains(text(), \"Argentina\")]"}
COMMAND: GET /session/dfe9bf661470914434d189261566fcf4/screenshot - {}
RESULT: {"using":"xpath","value":"//span[contains(text(), \"Argentina\")]"}
COMMAND: POST /session/dfe9bf661470914434d189261566fcf4/element/f.2B6EE0EFCBCE69EB6F9AFCBE203DF3A5.d.574587D4118AF998A6F7BDC4F6BD8E8C.e.2123/click - {}
RESULT: {}
RESULT: {}
COMMAND: GET /session/dfe9bf661470914434d189261566fcf4/screenshot - {}
RESULT: {}
COMMAND: POST /session/dfe9bf661470914434d189261566fcf4/execute/async - {"script":"<script> [1562 bytes]","args":[{"selector":{"id":"application-managesites-display-component---NewSite--addressEditDetailsCostObjectCstType-arrow"},"wdio_ui5_key":"applicationmanagesites-display-component---NewSite--addressEditDetailsCostObjectCstType-arrow"}]}
RESULT: {"script":"<script> [1562 bytes]","args":[{"selector":{"id":"application-managesites-display-component---NewSite--addressEditDetailsCostObjectCstType-arrow"},"wdio_ui5_key":"applicationmanagesites-display-component---NewSite--addressEditDetailsCostObjectCstType-arrow"}]}
RESULT: undefined
COMMAND: POST /session/dfe9bf661470914434d189261566fcf4/element - {"using":"xpath","value":"//*[@id=\"application-managesites-display-component---NewSite--addressEditDetailsCostObjectCstType-arrow\"]"}
RESULT: {"using":"xpath","value":"//*[@id=\"application-managesites-display-component---NewSite--addressEditDetailsCostObjectCstType-arrow\"]"}
COMMAND: POST /session/dfe9bf661470914434d189261566fcf4/element/f.2B6EE0EFCBCE69EB6F9AFCBE203DF3A5.d.574587D4118AF998A6F7BDC4F6BD8E8C.e.2125/click - {}
RESULT: {}
COMMAND: POST /session/dfe9bf661470914434d189261566fcf4/element - {"using":"xpath","value":"//span[contains(text(), \"Cost Center\")]"}
COMMAND: GET /session/dfe9bf661470914434d189261566fcf4/screenshot - {}
RESULT: {"using":"xpath","value":"//span[contains(text(), \"Cost Center\")]"}
COMMAND: POST /session/dfe9bf661470914434d189261566fcf4/element/f.2B6EE0EFCBCE69EB6F9AFCBE203DF3A5.d.574587D4118AF998A6F7BDC4F6BD8E8C.e.2126/click - {}
RESULT: {}
RESULT: {}
COMMAND: GET /session/dfe9bf661470914434d189261566fcf4/screenshot - {}
RESULT: {}
COMMAND: POST /session/dfe9bf661470914434d189261566fcf4/element - {"using":"xpath","value":"//span[@id=\"application-managesites-display-component---NewSite--addressNewCostObjectCstID-vhi\"]"}
RESULT: {"using":"xpath","value":"//span[@id=\"application-managesites-display-component---NewSite--addressNewCostObjectCstID-vhi\"]"}
COMMAND: POST /session/dfe9bf661470914434d189261566fcf4/execute/sync - {"script":"<script> [8489 bytes]","args":[{"element-6066-11e4-a52e-4f735466cecf":"f.2B6EE0EFCBCE69EB6F9AFCBE203DF3A5.d.574587D4118AF998A6F7BDC4F6BD8E8C.e.2131","ELEMENT":"f.2B6EE0EFCBCE69EB6F9AFCBE203DF3A5.d.574587D4118AF998A6F7BDC4F6BD8E8C.e.2131"}]}
RESULT: {"script":"<script> [8489 bytes]","args":[{"element-6066-11e4-a52e-4f735466cecf":"f.2B6EE0EFCBCE69EB6F9AFCBE203DF3A5.d.574587D4118AF998A6F7BDC4F6BD8E8C.e.2131","ELEMENT":"f.2B6EE0EFCBCE69EB6F9AFCBE203DF3A5.d.574587D4118AF998A6F7BDC4F6BD8E8C.e.2131"}]}
COMMAND: POST /session/dfe9bf661470914434d189261566fcf4/execute/async - {"script":"<script> [1562 bytes]","args":[{"selector":{"id":"application-managesites-display-component---NewSite--addressNewCostObjectCstID-vhi"},"wdio_ui5_key":"applicationmanagesites-display-component---NewSite--addressNewCostObjectCstID-vhi"}]}
COMMAND: GET /session/dfe9bf661470914434d189261566fcf4/screenshot - {}
RESULT: {"script":"<script> [1562 bytes]","args":[{"selector":{"id":"application-managesites-display-component---NewSite--addressNewCostObjectCstID-vhi"},"wdio_ui5_key":"applicationmanagesites-display-component---NewSite--addressNewCostObjectCstID-vhi"}]}
RESULT: undefined
COMMAND: POST /session/dfe9bf661470914434d189261566fcf4/element - {"using":"xpath","value":"//*[@id=\"application-managesites-display-component---NewSite--addressNewCostObjectCstID-vhi\"]"}
RESULT: {}
RESULT: {"using":"xpath","value":"//*[@id=\"application-managesites-display-component---NewSite--addressNewCostObjectCstID-vhi\"]"}
COMMAND: POST /session/dfe9bf661470914434d189261566fcf4/element/f.2B6EE0EFCBCE69EB6F9AFCBE203DF3A5.d.574587D4118AF998A6F7BDC4F6BD8E8C.e.2131/click - {}
RESULT: {}
COMMAND: GET /session/dfe9bf661470914434d189261566fcf4/screenshot - {}
RESULT: {}
RESULT: undefined
COMMAND: POST /session/dfe9bf661470914434d189261566fcf4/execute/async - {"script":"<script> [776 bytes]","args":[{"enterText":"10001013","selector":{"controlType":"sap.m.SearchField","properties":{"placeholder":"Search"},"searchOpenDialogs":true,"interaction":{"idSuffix":"I"}},"clearTextFirst":true,"interactionType":"ENTER_TEXT"}]}
RESULT: {"script":"<script> [776 bytes]","args":[{"enterText":"10001013","selector":{"controlType":"sap.m.SearchField","properties":{"placeholder":"Search"},"searchOpenDialogs":true,"interaction":{"idSuffix":"I"}},"clearTextFirst":true,"interactionType":"ENTER_TEXT"}]}
COMMAND: POST /session/dfe9bf661470914434d189261566fcf4/actions - {"actions":[{"id":"action3","type":"key","parameters":{},"actions":[{"type":"keyDown","value":"î€‡"},{"type":"pause","duration":10},{"type":"keyUp","value":"î€‡"}]}]}
RESULT: {"actions":[{"id":"action3","type":"key","parameters":{},"actions":[{"type":"keyDown","value":"î€‡"},{"type":"pause","duration":10},{"type":"keyUp","value":"î€‡"}]}]}
COMMAND: GET /session/dfe9bf661470914434d189261566fcf4/screenshot - {}
RESULT: {}
COMMAND: POST /session/dfe9bf661470914434d189261566fcf4/element - {"using":"xpath","value":"//span[contains(text(), \"General Management\")]"}
RESULT: {"using":"xpath","value":"//span[contains(text(), \"General Management\")]"}
COMMAND: POST /session/dfe9bf661470914434d189261566fcf4/element/f.2B6EE0EFCBCE69EB6F9AFCBE203DF3A5.d.574587D4118AF998A6F7BDC4F6BD8E8C.e.2171/click - {}
RESULT: {}
COMMAND: GET /session/dfe9bf661470914434d189261566fcf4/screenshot - {}
RESULT: {}
COMMAND: POST /session/dfe9bf661470914434d189261566fcf4/element - {"using":"xpath","value":"//bdi[contains(text(), \"OK\")]"}
RESULT: {"using":"xpath","value":"//bdi[contains(text(), \"OK\")]"}
COMMAND: POST /session/dfe9bf661470914434d189261566fcf4/element/f.2B6EE0EFCBCE69EB6F9AFCBE203DF3A5.d.574587D4118AF998A6F7BDC4F6BD8E8C.e.2172/click - {}
RESULT: {}
COMMAND: GET /session/dfe9bf661470914434d189261566fcf4/screenshot - {}
RESULT: {}
COMMAND: POST /session/dfe9bf661470914434d189261566fcf4/element - {"using":"xpath","value":"//input[@id=\"application-managesites-display-component---NewSite--addressDetailDetailsCalendar-inner\"]"}
RESULT: {"using":"xpath","value":"//input[@id=\"application-managesites-display-component---NewSite--addressDetailDetailsCalendar-inner\"]"}
COMMAND: POST /session/dfe9bf661470914434d189261566fcf4/element/f.2B6EE0EFCBCE69EB6F9AFCBE203DF3A5.d.574587D4118AF998A6F7BDC4F6BD8E8C.e.1919/clear - {}
RESULT: {}
COMMAND: POST /session/dfe9bf661470914434d189261566fcf4/element/f.2B6EE0EFCBCE69EB6F9AFCBE203DF3A5.d.574587D4118AF998A6F7BDC4F6BD8E8C.e.1919/value - {"text":"Unit"}
COMMAND: GET /session/dfe9bf661470914434d189261566fcf4/screenshot - {}
RESULT: {"text":"Unit"}
COMMAND: GET /session/dfe9bf661470914434d189261566fcf4/screenshot - {}
RESULT: {}
RESULT: {}
COMMAND: POST /session/dfe9bf661470914434d189261566fcf4/actions - {"actions":[{"id":"action4","type":"key","parameters":{},"actions":[{"type":"keyDown","value":"î€‡"},{"type":"pause","duration":10},{"type":"keyUp","value":"î€‡"}]}]}
RESULT: {"actions":[{"id":"action4","type":"key","parameters":{},"actions":[{"type":"keyDown","value":"î€‡"},{"type":"pause","duration":10},{"type":"keyUp","value":"î€‡"}]}]}
COMMAND: POST /session/dfe9bf661470914434d189261566fcf4/element - {"using":"xpath","value":"//input[@id=\"application-managesites-display-component---NewSite--addressDetailDetailsYard-inner\"]"}
COMMAND: GET /session/dfe9bf661470914434d189261566fcf4/screenshot - {}
RESULT: {"using":"xpath","value":"//input[@id=\"application-managesites-display-component---NewSite--addressDetailDetailsYard-inner\"]"}
COMMAND: POST /session/dfe9bf661470914434d189261566fcf4/element/f.2B6EE0EFCBCE69EB6F9AFCBE203DF3A5.d.574587D4118AF998A6F7BDC4F6BD8E8C.e.1920/clear - {}
RESULT: {}
RESULT: {}
COMMAND: POST /session/dfe9bf661470914434d189261566fcf4/element/f.2B6EE0EFCBCE69EB6F9AFCBE203DF3A5.d.574587D4118AF998A6F7BDC4F6BD8E8C.e.1920/value - {"text":"468"}
COMMAND: GET /session/dfe9bf661470914434d189261566fcf4/screenshot - {}
RESULT: {"text":"468"}
COMMAND: GET /session/dfe9bf661470914434d189261566fcf4/screenshot - {}
RESULT: {}
RESULT: {}
COMMAND: POST /session/dfe9bf661470914434d189261566fcf4/element - {"using":"xpath","value":"//li[.//span[text()='468']]"}
RESULT: {"using":"xpath","value":"//li[.//span[text()='468']]"}
COMMAND: POST /session/dfe9bf661470914434d189261566fcf4/element/f.2B6EE0EFCBCE69EB6F9AFCBE203DF3A5.d.574587D4118AF998A6F7BDC4F6BD8E8C.e.2180/click - {}
RESULT: {}
COMMAND: GET /session/dfe9bf661470914434d189261566fcf4/screenshot - {}
RESULT: {}
COMMAND: POST /session/dfe9bf661470914434d189261566fcf4/element - {"using":"xpath","value":"//input[@id=\"application-managesites-display-component---NewSite--addressDetailDetailsPartner-inner\"]"}
RESULT: {"using":"xpath","value":"//input[@id=\"application-managesites-display-component---NewSite--addressDetailDetailsPartner-inner\"]"}
COMMAND: POST /session/dfe9bf661470914434d189261566fcf4/element - {"using":"xpath","value":"//input[@id=\"application-managesites-display-component---NewSite--addressDetailDetailsPartner-inner\"]"}
RESULT: {"using":"xpath","value":"//input[@id=\"application-managesites-display-component---NewSite--addressDetailDetailsPartner-inner\"]"}
COMMAND: POST /session/dfe9bf661470914434d189261566fcf4/element - {"using":"xpath","value":"//button[@data-kt=\"saveButton\"]"}
RESULT: {"using":"xpath","value":"//button[@data-kt=\"saveButton\"]"}
COMMAND: POST /session/dfe9bf661470914434d189261566fcf4/element/f.2B6EE0EFCBCE69EB6F9AFCBE203DF3A5.d.574587D4118AF998A6F7BDC4F6BD8E8C.e.2074/click - {}
RESULT: {}
COMMAND: GET /session/dfe9bf661470914434d189261566fcf4/screenshot - {}
RESULT: {}
COMMAND: POST /session/dfe9bf661470914434d189261566fcf4/element - {"using":"xpath","value":"//header[contains(@id, 'ObjectPageLayout-headerTitle')]/div[1]/div[2]/div[2]/span[1]"}
RESULT: {"using":"xpath","value":"//header[contains(@id, 'ObjectPageLayout-headerTitle')]/div[1]/div[2]/div[2]/span[1]"}
COMMAND: POST /session/dfe9bf661470914434d189261566fcf4/elements - {"using":"xpath","value":"//header[contains(@id, 'ObjectPageLayout-headerTitle')]/div[1]/div[2]/div[2]/span[1]"}
RESULT: {"using":"xpath","value":"//header[contains(@id, 'ObjectPageLayout-headerTitle')]/div[1]/div[2]/div[2]/span[1]"}
COMMAND: POST /session/dfe9bf661470914434d189261566fcf4/execute/sync - {"script":"<script> [56 bytes]","args":[{"element-6066-11e4-a52e-4f735466cecf":"f.2B6EE0EFCBCE69EB6F9AFCBE203DF3A5.d.574587D4118AF998A6F7BDC4F6BD8E8C.e.2383","ELEMENT":"f.2B6EE0EFCBCE69EB6F9AFCBE203DF3A5.d.574587D4118AF998A6F7BDC4F6BD8E8C.e.2383"}]}
RESULT: {"script":"<script> [56 bytes]","args":[{"element-6066-11e4-a52e-4f735466cecf":"f.2B6EE0EFCBCE69EB6F9AFCBE203DF3A5.d.574587D4118AF998A6F7BDC4F6BD8E8C.e.2383","ELEMENT":"f.2B6EE0EFCBCE69EB6F9AFCBE203DF3A5.d.574587D4118AF998A6F7BDC4F6BD8E8C.e.2383"}]}
COMMAND: POST /session/dfe9bf661470914434d189261566fcf4/element - {"using":"css selector","value":"#shell-header-logo"}
COMMAND: GET /session/dfe9bf661470914434d189261566fcf4/screenshot - {}
RESULT: {"using":"css selector","value":"#shell-header-logo"}
COMMAND: POST /session/dfe9bf661470914434d189261566fcf4/element/f.2B6EE0EFCBCE69EB6F9AFCBE203DF3A5.d.574587D4118AF998A6F7BDC4F6BD8E8C.e.1674/click - {}
RESULT: {}
RESULT: {}
COMMAND: GET /session/dfe9bf661470914434d189261566fcf4/screenshot - {}
RESULT: {}
COMMAND: POST /session/dfe9bf661470914434d189261566fcf4/execute/sync - {"script":"<script> [299 bytes]","args":[["getModel","getResource"]]}
RESULT: {"script":"<script> [299 bytes]","args":[["getModel","getResource"]]}
COMMAND: POST /session/dfe9bf661470914434d189261566fcf4/actions - {"actions":[{"id":"action5","type":"key","parameters":{},"actions":[{"type":"keyDown","value":"î€‡"},{"type":"pause","duration":10},{"type":"keyUp","value":"î€‡"}]}]}
COMMAND: GET /session/dfe9bf661470914434d189261566fcf4/screenshot - {}
RESULT: {"actions":[{"id":"action5","type":"key","parameters":{},"actions":[{"type":"keyDown","value":"î€‡"},{"type":"pause","duration":10},{"type":"keyUp","value":"î€‡"}]}]}
COMMAND: GET /session/dfe9bf661470914434d189261566fcf4/screenshot - {}
RESULT: {}
RESULT: {}
COMMAND: POST /session/dfe9bf661470914434d189261566fcf4/refresh - {}
RESULT: {}
COMMAND: GET /session/dfe9bf661470914434d189261566fcf4/screenshot - {}
RESULT: {}
COMMAND: POST /session/dfe9bf661470914434d189261566fcf4/refresh - {}
RESULT: {}
COMMAND: GET /session/dfe9bf661470914434d189261566fcf4/screenshot - {}
RESULT: {}
COMMAND: POST /session/dfe9bf661470914434d189261566fcf4/window/fullscreen - {}
RESULT: {}
COMMAND: POST /session/dfe9bf661470914434d189261566fcf4/execute/async - {"script":"<script> [189 bytes]","args":[]}
RESULT: {"script":"<script> [189 bytes]","args":[]}
COMMAND: POST /session/dfe9bf661470914434d189261566fcf4/execute/async - {"script":"<script> [123 bytes]","args":[]}
RESULT: {"script":"<script> [123 bytes]","args":[]}
COMMAND: POST /session/dfe9bf661470914434d189261566fcf4/timeouts - {"script":"<number>"}
RESULT: {"script":"<number>"}
COMMAND: GET /session/dfe9bf661470914434d189261566fcf4/timeouts - {}
RESULT: {}
RESULT: undefined
COMMAND: POST /session/dfe9bf661470914434d189261566fcf4/execute/async - {"script":"<script> [2676 bytes]","args":[]}
RESULT: {"script":"<script> [2676 bytes]","args":[]}
COMMAND: POST /session/dfe9bf661470914434d189261566fcf4/execute/async - {"script":"<script> [2342 bytes]","args":[{"protocol":"http","hostname":"0.0.0.0","path":"/","capabilities":{"browserName":"chrome","goog:chromeOptions":{"binary":"C:\\Program Files\\Google\\Chrome\\Application\\chrome.exe","args":["--start-maximized"]}},"logLevel":"warn","connectionRetryTimeout":120000,"connectionRetryCount":3,"logLevels":{},"enableDirectConnect":true,"strictSSL":true,"_":"65 more keys: [\"cacheDir\",\"port\",\"requestedCapabilities\",\"automationProtocol\",\"baseUrl\",\"waitforInterval\",\"waitforTimeout\",\"onReload\",\"beforeCommand\",\"afterCommand\",\"rootDir\",\"specs\",\"suites\",\"exclude\",\"groupLogsByTestSpec\",\"excludeDriverLogs\",\"bail\",\"framework\",\"reporters\",\"services\",\"maxInstances\",\"maxInstancesPerCapability\",\"injectGlobals\",\"filesToWatch\",\"execArgv\",\"runnerEnv\",\"runner\",\"shard\",\"specFileRetries\",\"specFileRetriesDelay\",\"specFileRetriesDeferred\",\"reporterSyncInterval\",\"reporterSyncTimeout\",\"cucumberFeaturesWithLineNumbers\",\"autoCompileOpts\",\"mochaOpts\",\"jasmineOpts\",\"cucumberOpts\",\"onPrepare\",\"onWorkerStart\",\"onWorkerEnd\",\"before\",\"beforeSession\",\"beforeSuite\",\"beforeHook\",\"beforeTest\",\"afterTest\",\"afterHook\",\"afterSuite\",\"afterSession\",\"after\",\"onComplete\",\"beforeAssertion\",\"afterAssertion\",\"beforeFeature\",\"beforeScenario\",\"beforeStep\",\"afterStep\",\"afterScenario\",\"afterFeature\",\"_\",\"suite\",\"$0\",\"ignoredWorkerServices\",\"wdi5\"]"}]}
RESULT: {"script":"<script> [2342 bytes]","args":[{"protocol":"http","hostname":"0.0.0.0","path":"/","capabilities":{"browserName":"chrome","goog:chromeOptions":{"binary":"C:\\Program Files\\Google\\Chrome\\Application\\chrome.exe","args":["--start-maximized"]}},"logLevel":"warn","connectionRetryTimeout":120000,"connectionRetryCount":3,"logLevels":{},"enableDirectConnect":true,"strictSSL":true,"_":"65 more keys: [\"cacheDir\",\"port\",\"requestedCapabilities\",\"automationProtocol\",\"baseUrl\",\"waitforInterval\",\"waitforTimeout\",\"onReload\",\"beforeCommand\",\"afterCommand\",\"rootDir\",\"specs\",\"suites\",\"exclude\",\"groupLogsByTestSpec\",\"excludeDriverLogs\",\"bail\",\"framework\",\"reporters\",\"services\",\"maxInstances\",\"maxInstancesPerCapability\",\"injectGlobals\",\"filesToWatch\",\"execArgv\",\"runnerEnv\",\"runner\",\"shard\",\"specFileRetries\",\"specFileRetriesDelay\",\"specFileRetriesDeferred\",\"reporterSyncInterval\",\"reporterSyncTimeout\",\"cucumberFeaturesWithLineNumbers\",\"autoCompileOpts\",\"mochaOpts\",\"jasmineOpts\",\"cucumberOpts\",\"onPrepare\",\"onWorkerStart\",\"onWorkerEnd\",\"before\",\"beforeSession\",\"beforeSuite\",\"beforeHook\",\"beforeTest\",\"afterTest\",\"afterHook\",\"afterSuite\",\"afterSession\",\"after\",\"onComplete\",\"beforeAssertion\",\"afterAssertion\",\"beforeFeature\",\"beforeScenario\",\"beforeStep\",\"afterStep\",\"afterScenario\",\"afterFeature\",\"_\",\"suite\",\"$0\",\"ignoredWorkerServices\",\"wdi5\"]"}]}
COMMAND: POST /session/dfe9bf661470914434d189261566fcf4/execute/async - {"script":"<script> [21126 bytes]","args":[35000]}
RESULT: {"script":"<script> [21126 bytes]","args":[35000]}
COMMAND: POST /session/dfe9bf661470914434d189261566fcf4/window/fullscreen - {}
RESULT: {}
]]></system-out>
    </testcase>
    <testcase classname="chrome.136_0_7103_93.windows.Create_masterdata_for_Yard_Overview_-_trigger_provide_US130988" name="Should create a new material" time="132.847">
      <system-out><![CDATA[
COMMAND: POST /session/dfe9bf661470914434d189261566fcf4/execute/async - {"script":"<script> [1562 bytes]","args":[{"selector":{"controlType":"sap.m.GenericTile","properties":{"header":"Manage Resources"}},"wdio_ui5_key":"sapm.GenericTile{\"header\":\"Manage Resources\"}"}]}
RESULT: {"script":"<script> [1562 bytes]","args":[{"selector":{"controlType":"sap.m.GenericTile","properties":{"header":"Manage Resources"}},"wdio_ui5_key":"sapm.GenericTile{\"header\":\"Manage Resources\"}"}]}
RESULT: undefined
COMMAND: POST /session/dfe9bf661470914434d189261566fcf4/element - {"using":"xpath","value":"//*[@id=\"__tile31\"]"}
RESULT: {"using":"xpath","value":"//*[@id=\"__tile31\"]"}
COMMAND: POST /session/dfe9bf661470914434d189261566fcf4/element/f.2B6EE0EFCBCE69EB6F9AFCBE203DF3A5.d.CCCF61D1A918715EF9B793DA0A50646B.e.2458/click - {}
RESULT: {}
COMMAND: GET /session/dfe9bf661470914434d189261566fcf4/screenshot - {}
RESULT: {}
COMMAND: POST /session/dfe9bf661470914434d189261566fcf4/elements - {"using":"xpath","value":"//span[text()='Error']"}
RESULT: {"using":"xpath","value":"//span[text()='Error']"}
COMMAND: POST /session/dfe9bf661470914434d189261566fcf4/element - {"using":"xpath","value":"//button[@data-kt=\"addNewRUOverflowToolbarButton\"]"}
RESULT: {"using":"xpath","value":"//button[@data-kt=\"addNewRUOverflowToolbarButton\"]"}
COMMAND: POST /session/dfe9bf661470914434d189261566fcf4/elements - {"using":"xpath","value":"//button[@data-kt=\"addNewRUOverflowToolbarButton\"]"}
RESULT: {"using":"xpath","value":"//button[@data-kt=\"addNewRUOverflowToolbarButton\"]"}
COMMAND: POST /session/dfe9bf661470914434d189261566fcf4/elements - {"using":"xpath","value":"//button[@data-kt=\"addNewRUOverflowToolbarButton\"]"}
RESULT: {"using":"xpath","value":"//button[@data-kt=\"addNewRUOverflowToolbarButton\"]"}
COMMAND: POST /session/dfe9bf661470914434d189261566fcf4/elements - {"using":"xpath","value":"//button[@data-kt=\"addNewRUOverflowToolbarButton\"]"}
RESULT: {"using":"xpath","value":"//button[@data-kt=\"addNewRUOverflowToolbarButton\"]"}
COMMAND: POST /session/dfe9bf661470914434d189261566fcf4/elements - {"using":"xpath","value":"//button[@data-kt=\"addNewRUOverflowToolbarButton\"]"}
RESULT: {"using":"xpath","value":"//button[@data-kt=\"addNewRUOverflowToolbarButton\"]"}
COMMAND: POST /session/dfe9bf661470914434d189261566fcf4/elements - {"using":"xpath","value":"//button[@data-kt=\"addNewRUOverflowToolbarButton\"]"}
RESULT: {"using":"xpath","value":"//button[@data-kt=\"addNewRUOverflowToolbarButton\"]"}
COMMAND: POST /session/dfe9bf661470914434d189261566fcf4/elements - {"using":"xpath","value":"//button[@data-kt=\"addNewRUOverflowToolbarButton\"]"}
RESULT: {"using":"xpath","value":"//button[@data-kt=\"addNewRUOverflowToolbarButton\"]"}
COMMAND: POST /session/dfe9bf661470914434d189261566fcf4/elements - {"using":"xpath","value":"//button[@data-kt=\"addNewRUOverflowToolbarButton\"]"}
RESULT: {"using":"xpath","value":"//button[@data-kt=\"addNewRUOverflowToolbarButton\"]"}
COMMAND: POST /session/dfe9bf661470914434d189261566fcf4/elements - {"using":"xpath","value":"//button[@data-kt=\"addNewRUOverflowToolbarButton\"]"}
RESULT: {"using":"xpath","value":"//button[@data-kt=\"addNewRUOverflowToolbarButton\"]"}
COMMAND: POST /session/dfe9bf661470914434d189261566fcf4/elements - {"using":"xpath","value":"//button[@data-kt=\"addNewRUOverflowToolbarButton\"]"}
RESULT: {"using":"xpath","value":"//button[@data-kt=\"addNewRUOverflowToolbarButton\"]"}
COMMAND: POST /session/dfe9bf661470914434d189261566fcf4/elements - {"using":"xpath","value":"//button[@data-kt=\"addNewRUOverflowToolbarButton\"]"}
RESULT: {"using":"xpath","value":"//button[@data-kt=\"addNewRUOverflowToolbarButton\"]"}
COMMAND: POST /session/dfe9bf661470914434d189261566fcf4/elements - {"using":"xpath","value":"//button[@data-kt=\"addNewRUOverflowToolbarButton\"]"}
RESULT: {"using":"xpath","value":"//button[@data-kt=\"addNewRUOverflowToolbarButton\"]"}
COMMAND: POST /session/dfe9bf661470914434d189261566fcf4/elements - {"using":"xpath","value":"//button[@data-kt=\"addNewRUOverflowToolbarButton\"]"}
RESULT: {"using":"xpath","value":"//button[@data-kt=\"addNewRUOverflowToolbarButton\"]"}
COMMAND: POST /session/dfe9bf661470914434d189261566fcf4/elements - {"using":"xpath","value":"//button[@data-kt=\"addNewRUOverflowToolbarButton\"]"}
RESULT: {"using":"xpath","value":"//button[@data-kt=\"addNewRUOverflowToolbarButton\"]"}
COMMAND: POST /session/dfe9bf661470914434d189261566fcf4/elements - {"using":"xpath","value":"//button[@data-kt=\"addNewRUOverflowToolbarButton\"]"}
RESULT: {"using":"xpath","value":"//button[@data-kt=\"addNewRUOverflowToolbarButton\"]"}
COMMAND: POST /session/dfe9bf661470914434d189261566fcf4/elements - {"using":"xpath","value":"//button[@data-kt=\"addNewRUOverflowToolbarButton\"]"}
RESULT: {"using":"xpath","value":"//button[@data-kt=\"addNewRUOverflowToolbarButton\"]"}
COMMAND: POST /session/dfe9bf661470914434d189261566fcf4/elements - {"using":"xpath","value":"//button[@data-kt=\"addNewRUOverflowToolbarButton\"]"}
RESULT: {"using":"xpath","value":"//button[@data-kt=\"addNewRUOverflowToolbarButton\"]"}
COMMAND: POST /session/dfe9bf661470914434d189261566fcf4/elements - {"using":"xpath","value":"//button[@data-kt=\"addNewRUOverflowToolbarButton\"]"}
RESULT: {"using":"xpath","value":"//button[@data-kt=\"addNewRUOverflowToolbarButton\"]"}
COMMAND: POST /session/dfe9bf661470914434d189261566fcf4/elements - {"using":"xpath","value":"//button[@data-kt=\"addNewRUOverflowToolbarButton\"]"}
RESULT: {"using":"xpath","value":"//button[@data-kt=\"addNewRUOverflowToolbarButton\"]"}
COMMAND: POST /session/dfe9bf661470914434d189261566fcf4/elements - {"using":"xpath","value":"//button[@data-kt=\"addNewRUOverflowToolbarButton\"]"}
RESULT: {"using":"xpath","value":"//button[@data-kt=\"addNewRUOverflowToolbarButton\"]"}
COMMAND: POST /session/dfe9bf661470914434d189261566fcf4/elements - {"using":"xpath","value":"//button[@data-kt=\"addNewRUOverflowToolbarButton\"]"}
RESULT: {"using":"xpath","value":"//button[@data-kt=\"addNewRUOverflowToolbarButton\"]"}
COMMAND: POST /session/dfe9bf661470914434d189261566fcf4/elements - {"using":"xpath","value":"//button[@data-kt=\"addNewRUOverflowToolbarButton\"]"}
RESULT: {"using":"xpath","value":"//button[@data-kt=\"addNewRUOverflowToolbarButton\"]"}
COMMAND: POST /session/dfe9bf661470914434d189261566fcf4/elements - {"using":"xpath","value":"//button[@data-kt=\"addNewRUOverflowToolbarButton\"]"}
RESULT: {"using":"xpath","value":"//button[@data-kt=\"addNewRUOverflowToolbarButton\"]"}
COMMAND: POST /session/dfe9bf661470914434d189261566fcf4/elements - {"using":"xpath","value":"//button[@data-kt=\"addNewRUOverflowToolbarButton\"]"}
RESULT: {"using":"xpath","value":"//button[@data-kt=\"addNewRUOverflowToolbarButton\"]"}
COMMAND: POST /session/dfe9bf661470914434d189261566fcf4/elements - {"using":"xpath","value":"//button[@data-kt=\"addNewRUOverflowToolbarButton\"]"}
RESULT: {"using":"xpath","value":"//button[@data-kt=\"addNewRUOverflowToolbarButton\"]"}
COMMAND: POST /session/dfe9bf661470914434d189261566fcf4/elements - {"using":"xpath","value":"//button[@data-kt=\"addNewRUOverflowToolbarButton\"]"}
RESULT: {"using":"xpath","value":"//button[@data-kt=\"addNewRUOverflowToolbarButton\"]"}
COMMAND: POST /session/dfe9bf661470914434d189261566fcf4/elements - {"using":"xpath","value":"//button[@data-kt=\"addNewRUOverflowToolbarButton\"]"}
RESULT: {"using":"xpath","value":"//button[@data-kt=\"addNewRUOverflowToolbarButton\"]"}
COMMAND: POST /session/dfe9bf661470914434d189261566fcf4/elements - {"using":"xpath","value":"//button[@data-kt=\"addNewRUOverflowToolbarButton\"]"}
RESULT: {"using":"xpath","value":"//button[@data-kt=\"addNewRUOverflowToolbarButton\"]"}
COMMAND: POST /session/dfe9bf661470914434d189261566fcf4/element - {"using":"xpath","value":"//button[@data-kt=\"addNewRUOverflowToolbarButton\"]"}
RESULT: {"using":"xpath","value":"//button[@data-kt=\"addNewRUOverflowToolbarButton\"]"}
COMMAND: POST /session/dfe9bf661470914434d189261566fcf4/execute/sync - {"script":"<script> [8489 bytes]","args":[{"element-6066-11e4-a52e-4f735466cecf":"f.2B6EE0EFCBCE69EB6F9AFCBE203DF3A5.d.CCCF61D1A918715EF9B793DA0A50646B.e.2562","ELEMENT":"f.2B6EE0EFCBCE69EB6F9AFCBE203DF3A5.d.CCCF61D1A918715EF9B793DA0A50646B.e.2562"}]}
RESULT: {"script":"<script> [8489 bytes]","args":[{"element-6066-11e4-a52e-4f735466cecf":"f.2B6EE0EFCBCE69EB6F9AFCBE203DF3A5.d.CCCF61D1A918715EF9B793DA0A50646B.e.2562","ELEMENT":"f.2B6EE0EFCBCE69EB6F9AFCBE203DF3A5.d.CCCF61D1A918715EF9B793DA0A50646B.e.2562"}]}
COMMAND: GET /session/dfe9bf661470914434d189261566fcf4/element/f.2B6EE0EFCBCE69EB6F9AFCBE203DF3A5.d.CCCF61D1A918715EF9B793DA0A50646B.e.2562/enabled - {}
COMMAND: GET /session/dfe9bf661470914434d189261566fcf4/screenshot - {}
RESULT: {}
COMMAND: POST /session/dfe9bf661470914434d189261566fcf4/execute/sync - {"script":"<script> [8489 bytes]","args":[{"element-6066-11e4-a52e-4f735466cecf":"f.2B6EE0EFCBCE69EB6F9AFCBE203DF3A5.d.CCCF61D1A918715EF9B793DA0A50646B.e.2562","ELEMENT":"f.2B6EE0EFCBCE69EB6F9AFCBE203DF3A5.d.CCCF61D1A918715EF9B793DA0A50646B.e.2562"}]}
COMMAND: GET /session/dfe9bf661470914434d189261566fcf4/screenshot - {}
RESULT: {}
RESULT: {"script":"<script> [8489 bytes]","args":[{"element-6066-11e4-a52e-4f735466cecf":"f.2B6EE0EFCBCE69EB6F9AFCBE203DF3A5.d.CCCF61D1A918715EF9B793DA0A50646B.e.2562","ELEMENT":"f.2B6EE0EFCBCE69EB6F9AFCBE203DF3A5.d.CCCF61D1A918715EF9B793DA0A50646B.e.2562"}]}
COMMAND: POST /session/dfe9bf661470914434d189261566fcf4/execute/sync - {"script":"<script> [5351 bytes]","args":[{"element-6066-11e4-a52e-4f735466cecf":"f.2B6EE0EFCBCE69EB6F9AFCBE203DF3A5.d.CCCF61D1A918715EF9B793DA0A50646B.e.2562","ELEMENT":"f.2B6EE0EFCBCE69EB6F9AFCBE203DF3A5.d.CCCF61D1A918715EF9B793DA0A50646B.e.2562"}]}
COMMAND: GET /session/dfe9bf661470914434d189261566fcf4/screenshot - {}
RESULT: {}
RESULT: {"script":"<script> [5351 bytes]","args":[{"element-6066-11e4-a52e-4f735466cecf":"f.2B6EE0EFCBCE69EB6F9AFCBE203DF3A5.d.CCCF61D1A918715EF9B793DA0A50646B.e.2562","ELEMENT":"f.2B6EE0EFCBCE69EB6F9AFCBE203DF3A5.d.CCCF61D1A918715EF9B793DA0A50646B.e.2562"}]}
COMMAND: POST /session/dfe9bf661470914434d189261566fcf4/element/f.2B6EE0EFCBCE69EB6F9AFCBE203DF3A5.d.CCCF61D1A918715EF9B793DA0A50646B.e.2562/click - {}
COMMAND: GET /session/dfe9bf661470914434d189261566fcf4/screenshot - {}
RESULT: {}
RESULT: {}
COMMAND: GET /session/dfe9bf661470914434d189261566fcf4/screenshot - {}
RESULT: {}
RESULT: {}
COMMAND: POST /session/dfe9bf661470914434d189261566fcf4/execute/async - {"script":"<script> [1562 bytes]","args":[{"selector":{"id":"application-manageresources-display-component---newResourceUnit--TYPE-arrow"},"wdio_ui5_key":"applicationmanageresources-display-component---newResourceUnit--TYPE-arrow"}]}
RESULT: {"script":"<script> [1562 bytes]","args":[{"selector":{"id":"application-manageresources-display-component---newResourceUnit--TYPE-arrow"},"wdio_ui5_key":"applicationmanageresources-display-component---newResourceUnit--TYPE-arrow"}]}
RESULT: undefined
COMMAND: POST /session/dfe9bf661470914434d189261566fcf4/element - {"using":"xpath","value":"//*[@id=\"application-manageresources-display-component---newResourceUnit--TYPE-arrow\"]"}
RESULT: {"using":"xpath","value":"//*[@id=\"application-manageresources-display-component---newResourceUnit--TYPE-arrow\"]"}
COMMAND: POST /session/dfe9bf661470914434d189261566fcf4/element/f.2B6EE0EFCBCE69EB6F9AFCBE203DF3A5.d.CCCF61D1A918715EF9B793DA0A50646B.e.2922/click - {}
RESULT: {}
COMMAND: POST /session/dfe9bf661470914434d189261566fcf4/element - {"using":"xpath","value":"//input[@id=\"application-manageresources-display-component---newResourceUnit--TYPE-inner\"]"}
COMMAND: GET /session/dfe9bf661470914434d189261566fcf4/screenshot - {}
RESULT: {"using":"xpath","value":"//input[@id=\"application-manageresources-display-component---newResourceUnit--TYPE-inner\"]"}
COMMAND: POST /session/dfe9bf661470914434d189261566fcf4/element/f.2B6EE0EFCBCE69EB6F9AFCBE203DF3A5.d.CCCF61D1A918715EF9B793DA0A50646B.e.2918/clear - {}
RESULT: {}
RESULT: {}
COMMAND: POST /session/dfe9bf661470914434d189261566fcf4/element/f.2B6EE0EFCBCE69EB6F9AFCBE203DF3A5.d.CCCF61D1A918715EF9B793DA0A50646B.e.2918/value - {"text":"Material"}
COMMAND: GET /session/dfe9bf661470914434d189261566fcf4/screenshot - {}
RESULT: {"text":"Material"}
COMMAND: GET /session/dfe9bf661470914434d189261566fcf4/screenshot - {}
RESULT: {}
RESULT: {}
COMMAND: POST /session/dfe9bf661470914434d189261566fcf4/actions - {"actions":[{"id":"action6","type":"key","parameters":{},"actions":[{"type":"keyDown","value":"î€‡"},{"type":"pause","duration":10},{"type":"keyUp","value":"î€‡"}]}]}
RESULT: {"actions":[{"id":"action6","type":"key","parameters":{},"actions":[{"type":"keyDown","value":"î€‡"},{"type":"pause","duration":10},{"type":"keyUp","value":"î€‡"}]}]}
COMMAND: POST /session/dfe9bf661470914434d189261566fcf4/execute/async - {"script":"<script> [1562 bytes]","args":[{"selector":{"id":"application-manageresources-display-component---newResourceUnit--SHORT_TEXT","interaction":{"idSuffix":"inner"}},"wdio_ui5_key":"applicationmanageresources-display-component---newResourceUnit--SHORT_TEXT"}]}
COMMAND: GET /session/dfe9bf661470914434d189261566fcf4/screenshot - {}
RESULT: {"script":"<script> [1562 bytes]","args":[{"selector":{"id":"application-manageresources-display-component---newResourceUnit--SHORT_TEXT","interaction":{"idSuffix":"inner"}},"wdio_ui5_key":"applicationmanageresources-display-component---newResourceUnit--SHORT_TEXT"}]}
RESULT: undefined
COMMAND: POST /session/dfe9bf661470914434d189261566fcf4/execute/async - {"script":"<script> [776 bytes]","args":[{"enterText":"Cement WDIO","selector":{"id":"application-manageresources-display-component---newResourceUnit--SHORT_TEXT","interaction":{"idSuffix":"inner"}},"clearTextFirst":true,"interactionType":"ENTER_TEXT"}]}
RESULT: {}
RESULT: {"script":"<script> [776 bytes]","args":[{"enterText":"Cement WDIO","selector":{"id":"application-manageresources-display-component---newResourceUnit--SHORT_TEXT","interaction":{"idSuffix":"inner"}},"clearTextFirst":true,"interactionType":"ENTER_TEXT"}]}
COMMAND: POST /session/dfe9bf661470914434d189261566fcf4/execute/async - {"script":"<script> [1562 bytes]","args":[{"selector":{"id":"application-manageresources-display-component---newResourceUnit--BASE_UNIT_OF_MEASURE","interaction":{"idSuffix":"inner"}},"wdio_ui5_key":"applicationmanageresources-display-component---newResourceUnit--BASE_UNIT_OF_MEASURE"}]}
RESULT: {"script":"<script> [1562 bytes]","args":[{"selector":{"id":"application-manageresources-display-component---newResourceUnit--BASE_UNIT_OF_MEASURE","interaction":{"idSuffix":"inner"}},"wdio_ui5_key":"applicationmanageresources-display-component---newResourceUnit--BASE_UNIT_OF_MEASURE"}]}
RESULT: undefined
COMMAND: POST /session/dfe9bf661470914434d189261566fcf4/execute/async - {"script":"<script> [776 bytes]","args":[{"enterText":"Piece","selector":{"id":"application-manageresources-display-component---newResourceUnit--BASE_UNIT_OF_MEASURE","interaction":{"idSuffix":"inner"}},"clearTextFirst":true,"interactionType":"ENTER_TEXT"}]}
RESULT: {"script":"<script> [776 bytes]","args":[{"enterText":"Piece","selector":{"id":"application-manageresources-display-component---newResourceUnit--BASE_UNIT_OF_MEASURE","interaction":{"idSuffix":"inner"}},"clearTextFirst":true,"interactionType":"ENTER_TEXT"}]}
COMMAND: POST /session/dfe9bf661470914434d189261566fcf4/execute/async - {"script":"<script> [1562 bytes]","args":[{"selector":{"id":"application-manageresources-display-component---newResourceUnit--WEIGHT_UNIT","interaction":{"idSuffix":"inner"}},"wdio_ui5_key":"applicationmanageresources-display-component---newResourceUnit--WEIGHT_UNIT"}]}
RESULT: {"script":"<script> [1562 bytes]","args":[{"selector":{"id":"application-manageresources-display-component---newResourceUnit--WEIGHT_UNIT","interaction":{"idSuffix":"inner"}},"wdio_ui5_key":"applicationmanageresources-display-component---newResourceUnit--WEIGHT_UNIT"}]}
RESULT: undefined
COMMAND: POST /session/dfe9bf661470914434d189261566fcf4/execute/async - {"script":"<script> [776 bytes]","args":[{"enterText":"Gram","selector":{"id":"application-manageresources-display-component---newResourceUnit--WEIGHT_UNIT","interaction":{"idSuffix":"inner"}},"clearTextFirst":true,"interactionType":"ENTER_TEXT"}]}
RESULT: {"script":"<script> [776 bytes]","args":[{"enterText":"Gram","selector":{"id":"application-manageresources-display-component---newResourceUnit--WEIGHT_UNIT","interaction":{"idSuffix":"inner"}},"clearTextFirst":true,"interactionType":"ENTER_TEXT"}]}
COMMAND: POST /session/dfe9bf661470914434d189261566fcf4/execute/async - {"script":"<script> [1562 bytes]","args":[{"selector":{"id":"application-manageresources-display-component---newResourceUnit--DIMENSION_UNIT","interaction":{"idSuffix":"inner"}},"wdio_ui5_key":"applicationmanageresources-display-component---newResourceUnit--DIMENSION_UNIT"}]}
RESULT: {"script":"<script> [1562 bytes]","args":[{"selector":{"id":"application-manageresources-display-component---newResourceUnit--DIMENSION_UNIT","interaction":{"idSuffix":"inner"}},"wdio_ui5_key":"applicationmanageresources-display-component---newResourceUnit--DIMENSION_UNIT"}]}
RESULT: undefined
COMMAND: POST /session/dfe9bf661470914434d189261566fcf4/execute/async - {"script":"<script> [776 bytes]","args":[{"enterText":"Meter","selector":{"id":"application-manageresources-display-component---newResourceUnit--DIMENSION_UNIT","interaction":{"idSuffix":"inner"}},"clearTextFirst":true,"interactionType":"ENTER_TEXT"}]}
RESULT: {"script":"<script> [776 bytes]","args":[{"enterText":"Meter","selector":{"id":"application-manageresources-display-component---newResourceUnit--DIMENSION_UNIT","interaction":{"idSuffix":"inner"}},"clearTextFirst":true,"interactionType":"ENTER_TEXT"}]}
COMMAND: POST /session/dfe9bf661470914434d189261566fcf4/execute/async - {"script":"<script> [1562 bytes]","args":[{"selector":{"id":"application-manageresources-display-component---newResourceUnit--newRRUPage-anchBar-application-manageresources-display-component---newResourceUnit--control-anchor","interaction":{"idSuffix":"BDI-content"}},"wdio_ui5_key":"applicationmanageresources-display-component---newResourceUnit--newRRUPage-anchBar-application-manageresources-display-component---newResourceUnit--control-anchor"}]}
RESULT: {"script":"<script> [1562 bytes]","args":[{"selector":{"id":"application-manageresources-display-component---newResourceUnit--newRRUPage-anchBar-application-manageresources-display-component---newResourceUnit--control-anchor","interaction":{"idSuffix":"BDI-content"}},"wdio_ui5_key":"applicationmanageresources-display-component---newResourceUnit--newRRUPage-anchBar-application-manageresources-display-component---newResourceUnit--control-anchor"}]}
RESULT: undefined
COMMAND: POST /session/dfe9bf661470914434d189261566fcf4/element - {"using":"xpath","value":"//*[@id=\"application-manageresources-display-component---newResourceUnit--newRRUPage-anchBar-application-manageresources-display-component---newResourceUnit--control-anchor\"]"}
RESULT: {"using":"xpath","value":"//*[@id=\"application-manageresources-display-component---newResourceUnit--newRRUPage-anchBar-application-manageresources-display-component---newResourceUnit--control-anchor\"]"}
COMMAND: POST /session/dfe9bf661470914434d189261566fcf4/element/f.2B6EE0EFCBCE69EB6F9AFCBE203DF3A5.d.CCCF61D1A918715EF9B793DA0A50646B.e.2987/click - {}
RESULT: {}
COMMAND: POST /session/dfe9bf661470914434d189261566fcf4/execute/async - {"script":"<script> [1562 bytes]","args":[{"selector":{"id":"application-manageresources-display-component---newResourceUnit--PLANNING_GROUP","interaction":{"idSuffix":"inner"}},"wdio_ui5_key":"applicationmanageresources-display-component---newResourceUnit--PLANNING_GROUP"}]}
COMMAND: GET /session/dfe9bf661470914434d189261566fcf4/screenshot - {}
RESULT: {"script":"<script> [1562 bytes]","args":[{"selector":{"id":"application-manageresources-display-component---newResourceUnit--PLANNING_GROUP","interaction":{"idSuffix":"inner"}},"wdio_ui5_key":"applicationmanageresources-display-component---newResourceUnit--PLANNING_GROUP"}]}
RESULT: undefined
COMMAND: POST /session/dfe9bf661470914434d189261566fcf4/execute/async - {"script":"<script> [776 bytes]","args":[{"enterText":"Material","selector":{"id":"application-manageresources-display-component---newResourceUnit--PLANNING_GROUP","interaction":{"idSuffix":"inner"}},"clearTextFirst":true,"interactionType":"ENTER_TEXT"}]}
RESULT: {}
RESULT: {"script":"<script> [776 bytes]","args":[{"enterText":"Material","selector":{"id":"application-manageresources-display-component---newResourceUnit--PLANNING_GROUP","interaction":{"idSuffix":"inner"}},"clearTextFirst":true,"interactionType":"ENTER_TEXT"}]}
COMMAND: POST /session/dfe9bf661470914434d189261566fcf4/execute/async - {"script":"<script> [1562 bytes]","args":[{"selector":{"id":"application-manageresources-display-component---newResourceUnit--PLANNING_INDICATOR","interaction":{"idSuffix":"inner"}},"wdio_ui5_key":"applicationmanageresources-display-component---newResourceUnit--PLANNING_INDICATOR"}]}
RESULT: {"script":"<script> [1562 bytes]","args":[{"selector":{"id":"application-manageresources-display-component---newResourceUnit--PLANNING_INDICATOR","interaction":{"idSuffix":"inner"}},"wdio_ui5_key":"applicationmanageresources-display-component---newResourceUnit--PLANNING_INDICATOR"}]}
RESULT: undefined
COMMAND: POST /session/dfe9bf661470914434d189261566fcf4/execute/async - {"script":"<script> [776 bytes]","args":[{"enterText":"10 - infinite","selector":{"id":"application-manageresources-display-component---newResourceUnit--PLANNING_INDICATOR","interaction":{"idSuffix":"inner"}},"clearTextFirst":true,"interactionType":"ENTER_TEXT"}]}
RESULT: {"script":"<script> [776 bytes]","args":[{"enterText":"10 - infinite","selector":{"id":"application-manageresources-display-component---newResourceUnit--PLANNING_INDICATOR","interaction":{"idSuffix":"inner"}},"clearTextFirst":true,"interactionType":"ENTER_TEXT"}]}
COMMAND: POST /session/dfe9bf661470914434d189261566fcf4/element - {"using":"css selector","value":"#application-manageresources-display-component---newResourceUnit--btnAddTimeSegment"}
RESULT: {"using":"css selector","value":"#application-manageresources-display-component---newResourceUnit--btnAddTimeSegment"}
COMMAND: GET /session/dfe9bf661470914434d189261566fcf4/element/f.2B6EE0EFCBCE69EB6F9AFCBE203DF3A5.d.CCCF61D1A918715EF9B793DA0A50646B.e.2995/rect - {}
RESULT: {}
COMMAND: GET /session/dfe9bf661470914434d189261566fcf4/window/rect - {}
RESULT: {}
COMMAND: POST /session/dfe9bf661470914434d189261566fcf4/execute/sync - {"script":"<script> [92 bytes]","args":[]}
RESULT: {"script":"<script> [92 bytes]","args":[]}
COMMAND: POST /session/dfe9bf661470914434d189261566fcf4/actions - {"actions":[{"id":"action7","type":"wheel","parameters":{},"actions":[{"type":"scroll","x":-1888,"y":-32,"deltaX":0,"deltaY":0,"duration":0,"origin":{"element-6066-11e4-a52e-4f735466cecf":"f.2B6EE0EFCBCE69EB6F9AFCBE203DF3A5.d.CCCF61D1A918715EF9B793DA0A50646B.e.2995"}}]}]}
COMMAND: GET /session/dfe9bf661470914434d189261566fcf4/screenshot - {}
RESULT: {}
COMMAND: POST /session/dfe9bf661470914434d189261566fcf4/execute/sync - {"script":"<script> [79 bytes]","args":[{"element-6066-11e4-a52e-4f735466cecf":"f.2B6EE0EFCBCE69EB6F9AFCBE203DF3A5.d.CCCF61D1A918715EF9B793DA0A50646B.e.2995","ELEMENT":"f.2B6EE0EFCBCE69EB6F9AFCBE203DF3A5.d.CCCF61D1A918715EF9B793DA0A50646B.e.2995"},{"block":"start","inline":"nearest"}]}
RESULT: {"script":"<script> [79 bytes]","args":[{"element-6066-11e4-a52e-4f735466cecf":"f.2B6EE0EFCBCE69EB6F9AFCBE203DF3A5.d.CCCF61D1A918715EF9B793DA0A50646B.e.2995","ELEMENT":"f.2B6EE0EFCBCE69EB6F9AFCBE203DF3A5.d.CCCF61D1A918715EF9B793DA0A50646B.e.2995"},{"block":"start","inline":"nearest"}]}
COMMAND: POST /session/dfe9bf661470914434d189261566fcf4/execute/async - {"script":"<script> [1562 bytes]","args":[{"selector":{"id":"application-manageresources-display-component---newResourceUnit--btnAddTimeSegment","interaction":{"idSuffix":"inner"}},"wdio_ui5_key":"applicationmanageresources-display-component---newResourceUnit--btnAddTimeSegment"}]}
COMMAND: GET /session/dfe9bf661470914434d189261566fcf4/screenshot - {}
RESULT: {"script":"<script> [1562 bytes]","args":[{"selector":{"id":"application-manageresources-display-component---newResourceUnit--btnAddTimeSegment","interaction":{"idSuffix":"inner"}},"wdio_ui5_key":"applicationmanageresources-display-component---newResourceUnit--btnAddTimeSegment"}]}
RESULT: undefined
COMMAND: POST /session/dfe9bf661470914434d189261566fcf4/element - {"using":"xpath","value":"//*[@id=\"application-manageresources-display-component---newResourceUnit--btnAddTimeSegment\"]"}
RESULT: {}
RESULT: {"using":"xpath","value":"//*[@id=\"application-manageresources-display-component---newResourceUnit--btnAddTimeSegment\"]"}
COMMAND: POST /session/dfe9bf661470914434d189261566fcf4/element/f.2B6EE0EFCBCE69EB6F9AFCBE203DF3A5.d.CCCF61D1A918715EF9B793DA0A50646B.e.2995/click - {}
RESULT: {}
COMMAND: GET /session/dfe9bf661470914434d189261566fcf4/screenshot - {}
RESULT: {}
COMMAND: POST /session/dfe9bf661470914434d189261566fcf4/element - {"using":"xpath","value":"//input[@id=\"application-manageresources-display-component---newResourceUnit--idRuTSAdmin-application-manageresources-display-component---newResourceUnit--RUTimeSegment-0-inner\"]"}
RESULT: {"using":"xpath","value":"//input[@id=\"application-manageresources-display-component---newResourceUnit--idRuTSAdmin-application-manageresources-display-component---newResourceUnit--RUTimeSegment-0-inner\"]"}
COMMAND: POST /session/dfe9bf661470914434d189261566fcf4/element/f.2B6EE0EFCBCE69EB6F9AFCBE203DF3A5.d.CCCF61D1A918715EF9B793DA0A50646B.e.3000/clear - {}
RESULT: {}
COMMAND: POST /session/dfe9bf661470914434d189261566fcf4/element/f.2B6EE0EFCBCE69EB6F9AFCBE203DF3A5.d.CCCF61D1A918715EF9B793DA0A50646B.e.3000/value - {"text":"468"}
COMMAND: GET /session/dfe9bf661470914434d189261566fcf4/screenshot - {}
RESULT: {"text":"468"}
COMMAND: GET /session/dfe9bf661470914434d189261566fcf4/screenshot - {}
RESULT: {}
RESULT: {}
COMMAND: POST /session/dfe9bf661470914434d189261566fcf4/element - {"using":"xpath","value":"//li[.//span[text()='468']]"}
RESULT: {"using":"xpath","value":"//li[.//span[text()='468']]"}
COMMAND: POST /session/dfe9bf661470914434d189261566fcf4/element/f.2B6EE0EFCBCE69EB6F9AFCBE203DF3A5.d.CCCF61D1A918715EF9B793DA0A50646B.e.3009/click - {}
RESULT: {}
COMMAND: GET /session/dfe9bf661470914434d189261566fcf4/screenshot - {}
RESULT: {}
COMMAND: POST /session/dfe9bf661470914434d189261566fcf4/element - {"using":"xpath","value":"(//span[contains(@id, \"-application-manageresources-display-component---newResourceUnit--RUTimeSegment-0-arrow\")])[2]"}
RESULT: {"using":"xpath","value":"(//span[contains(@id, \"-application-manageresources-display-component---newResourceUnit--RUTimeSegment-0-arrow\")])[2]"}
COMMAND: POST /session/dfe9bf661470914434d189261566fcf4/element/f.2B6EE0EFCBCE69EB6F9AFCBE203DF3A5.d.CCCF61D1A918715EF9B793DA0A50646B.e.3010/click - {}
RESULT: {}
COMMAND: POST /session/dfe9bf661470914434d189261566fcf4/element - {"using":"xpath","value":"//span[contains(text(), \"PM Order\")]"}
COMMAND: GET /session/dfe9bf661470914434d189261566fcf4/screenshot - {}
RESULT: {"using":"xpath","value":"//span[contains(text(), \"PM Order\")]"}
COMMAND: POST /session/dfe9bf661470914434d189261566fcf4/element/f.2B6EE0EFCBCE69EB6F9AFCBE203DF3A5.d.CCCF61D1A918715EF9B793DA0A50646B.e.3011/click - {}
RESULT: {}
RESULT: {}
COMMAND: GET /session/dfe9bf661470914434d189261566fcf4/screenshot - {}
RESULT: {}
COMMAND: POST /session/dfe9bf661470914434d189261566fcf4/element - {"using":"xpath","value":"//td/div/div/div/span[contains(@id, \"newResourceUnit--RUTimeSegment-0-vhi\")][1]"}
RESULT: {"using":"xpath","value":"//td/div/div/div/span[contains(@id, \"newResourceUnit--RUTimeSegment-0-vhi\")][1]"}
COMMAND: GET /session/dfe9bf661470914434d189261566fcf4/element/f.2B6EE0EFCBCE69EB6F9AFCBE203DF3A5.d.CCCF61D1A918715EF9B793DA0A50646B.e.3015/rect - {}
RESULT: {}
COMMAND: GET /session/dfe9bf661470914434d189261566fcf4/window/rect - {}
RESULT: {}
COMMAND: POST /session/dfe9bf661470914434d189261566fcf4/execute/sync - {"script":"<script> [92 bytes]","args":[]}
RESULT: {"script":"<script> [92 bytes]","args":[]}
COMMAND: POST /session/dfe9bf661470914434d189261566fcf4/actions - {"actions":[{"id":"action8","type":"wheel","parameters":{},"actions":[{"type":"scroll","x":-1888,"y":-24,"deltaX":0,"deltaY":0,"duration":0,"origin":{"element-6066-11e4-a52e-4f735466cecf":"f.2B6EE0EFCBCE69EB6F9AFCBE203DF3A5.d.CCCF61D1A918715EF9B793DA0A50646B.e.3015"}}]}]}
COMMAND: GET /session/dfe9bf661470914434d189261566fcf4/screenshot - {}
RESULT: {}
COMMAND: POST /session/dfe9bf661470914434d189261566fcf4/execute/sync - {"script":"<script> [79 bytes]","args":[{"element-6066-11e4-a52e-4f735466cecf":"f.2B6EE0EFCBCE69EB6F9AFCBE203DF3A5.d.CCCF61D1A918715EF9B793DA0A50646B.e.3015","ELEMENT":"f.2B6EE0EFCBCE69EB6F9AFCBE203DF3A5.d.CCCF61D1A918715EF9B793DA0A50646B.e.3015"},{"block":"start","inline":"nearest"}]}
RESULT: {"script":"<script> [79 bytes]","args":[{"element-6066-11e4-a52e-4f735466cecf":"f.2B6EE0EFCBCE69EB6F9AFCBE203DF3A5.d.CCCF61D1A918715EF9B793DA0A50646B.e.3015","ELEMENT":"f.2B6EE0EFCBCE69EB6F9AFCBE203DF3A5.d.CCCF61D1A918715EF9B793DA0A50646B.e.3015"},{"block":"start","inline":"nearest"}]}
COMMAND: GET /session/dfe9bf661470914434d189261566fcf4/screenshot - {}
RESULT: {}
COMMAND: POST /session/dfe9bf661470914434d189261566fcf4/element/f.2B6EE0EFCBCE69EB6F9AFCBE203DF3A5.d.CCCF61D1A918715EF9B793DA0A50646B.e.3015/click - {}
RESULT: {}
COMMAND: GET /session/dfe9bf661470914434d189261566fcf4/screenshot - {}
RESULT: {}
COMMAND: POST /session/dfe9bf661470914434d189261566fcf4/execute/async - {"script":"<script> [1562 bytes]","args":[{"selector":{"controlType":"sap.m.SearchField","properties":{"placeholder":"Search"},"searchOpenDialogs":true,"interaction":{"idSuffix":"I"}},"wdio_ui5_key":"sapm.SearchField{\"placeholder\":\"Search\"}"}]}
RESULT: {"script":"<script> [1562 bytes]","args":[{"selector":{"controlType":"sap.m.SearchField","properties":{"placeholder":"Search"},"searchOpenDialogs":true,"interaction":{"idSuffix":"I"}},"wdio_ui5_key":"sapm.SearchField{\"placeholder\":\"Search\"}"}]}
RESULT: undefined
COMMAND: POST /session/dfe9bf661470914434d189261566fcf4/execute/async - {"script":"<script> [776 bytes]","args":[{"enterText":"4000360","selector":{"controlType":"sap.m.SearchField","properties":{"placeholder":"Search"},"searchOpenDialogs":true,"interaction":{"idSuffix":"I"}},"clearTextFirst":true,"interactionType":"ENTER_TEXT"}]}
RESULT: {"script":"<script> [776 bytes]","args":[{"enterText":"4000360","selector":{"controlType":"sap.m.SearchField","properties":{"placeholder":"Search"},"searchOpenDialogs":true,"interaction":{"idSuffix":"I"}},"clearTextFirst":true,"interactionType":"ENTER_TEXT"}]}
COMMAND: POST /session/dfe9bf661470914434d189261566fcf4/actions - {"actions":[{"id":"action9","type":"key","parameters":{},"actions":[{"type":"keyDown","value":"î€‡"},{"type":"pause","duration":10},{"type":"keyUp","value":"î€‡"}]}]}
RESULT: {"actions":[{"id":"action9","type":"key","parameters":{},"actions":[{"type":"keyDown","value":"î€‡"},{"type":"pause","duration":10},{"type":"keyUp","value":"î€‡"}]}]}
COMMAND: GET /session/dfe9bf661470914434d189261566fcf4/screenshot - {}
RESULT: {}
COMMAND: POST /session/dfe9bf661470914434d189261566fcf4/element - {"using":"xpath","value":"//td/div/span[contains(text(), \"BGL Vehicles\")]"}
RESULT: {"using":"xpath","value":"//td/div/span[contains(text(), \"BGL Vehicles\")]"}
COMMAND: POST /session/dfe9bf661470914434d189261566fcf4/element/f.2B6EE0EFCBCE69EB6F9AFCBE203DF3A5.d.CCCF61D1A918715EF9B793DA0A50646B.e.3036/click - {}
RESULT: {}
COMMAND: GET /session/dfe9bf661470914434d189261566fcf4/screenshot - {}
RESULT: {}
COMMAND: POST /session/dfe9bf661470914434d189261566fcf4/element - {"using":"xpath","value":"//bdi[contains(text(), \"OK\")]"}
RESULT: {"using":"xpath","value":"//bdi[contains(text(), \"OK\")]"}
COMMAND: POST /session/dfe9bf661470914434d189261566fcf4/element/f.2B6EE0EFCBCE69EB6F9AFCBE203DF3A5.d.CCCF61D1A918715EF9B793DA0A50646B.e.3037/click - {}
RESULT: {}
COMMAND: GET /session/dfe9bf661470914434d189261566fcf4/screenshot - {}
RESULT: {}
COMMAND: POST /session/dfe9bf661470914434d189261566fcf4/element - {"using":"xpath","value":"//label[contains(@class, 'sapMLabelRequired') and .//bdi[contains(text(), 'Planned Retirement')]]"}
RESULT: {"using":"xpath","value":"//label[contains(@class, 'sapMLabelRequired') and .//bdi[contains(text(), 'Planned Retirement')]]"}
COMMAND: POST /session/dfe9bf661470914434d189261566fcf4/elements - {"using":"xpath","value":"//label[contains(@class, 'sapMLabelRequired') and .//bdi[contains(text(), 'Planned Retirement')]]"}
RESULT: {"using":"xpath","value":"//label[contains(@class, 'sapMLabelRequired') and .//bdi[contains(text(), 'Planned Retirement')]]"}
COMMAND: POST /session/dfe9bf661470914434d189261566fcf4/element - {"using":"xpath","value":"//button[@data-kt=\"resourceUnitSaveButton\"]"}
RESULT: {"using":"xpath","value":"//button[@data-kt=\"resourceUnitSaveButton\"]"}
COMMAND: POST /session/dfe9bf661470914434d189261566fcf4/element/f.2B6EE0EFCBCE69EB6F9AFCBE203DF3A5.d.CCCF61D1A918715EF9B793DA0A50646B.e.2940/click - {}
RESULT: {}
COMMAND: GET /session/dfe9bf661470914434d189261566fcf4/screenshot - {}
RESULT: {}
COMMAND: POST /session/dfe9bf661470914434d189261566fcf4/element - {"using":"xpath","value":"//bdi[contains(text(), \"Close\")]"}
RESULT: {"using":"xpath","value":"//bdi[contains(text(), \"Close\")]"}
COMMAND: POST /session/dfe9bf661470914434d189261566fcf4/element/f.2B6EE0EFCBCE69EB6F9AFCBE203DF3A5.d.CCCF61D1A918715EF9B793DA0A50646B.e.3044/click - {}
RESULT: {}
COMMAND: GET /session/dfe9bf661470914434d189261566fcf4/screenshot - {}
RESULT: {}
COMMAND: POST /session/dfe9bf661470914434d189261566fcf4/element - {"using":"xpath","value":"//header[contains(@id, 'detailRruPage-headerTitle')]/div[1]/div[2]/div[2]/span[1]"}
RESULT: {"using":"xpath","value":"//header[contains(@id, 'detailRruPage-headerTitle')]/div[1]/div[2]/div[2]/span[1]"}
COMMAND: POST /session/dfe9bf661470914434d189261566fcf4/elements - {"using":"xpath","value":"//header[contains(@id, 'detailRruPage-headerTitle')]/div[1]/div[2]/div[2]/span[1]"}
RESULT: {"using":"xpath","value":"//header[contains(@id, 'detailRruPage-headerTitle')]/div[1]/div[2]/div[2]/span[1]"}
COMMAND: POST /session/dfe9bf661470914434d189261566fcf4/execute/sync - {"script":"<script> [56 bytes]","args":[{"element-6066-11e4-a52e-4f735466cecf":"f.2B6EE0EFCBCE69EB6F9AFCBE203DF3A5.d.CCCF61D1A918715EF9B793DA0A50646B.e.3076","ELEMENT":"f.2B6EE0EFCBCE69EB6F9AFCBE203DF3A5.d.CCCF61D1A918715EF9B793DA0A50646B.e.3076"}]}
RESULT: {"script":"<script> [56 bytes]","args":[{"element-6066-11e4-a52e-4f735466cecf":"f.2B6EE0EFCBCE69EB6F9AFCBE203DF3A5.d.CCCF61D1A918715EF9B793DA0A50646B.e.3076","ELEMENT":"f.2B6EE0EFCBCE69EB6F9AFCBE203DF3A5.d.CCCF61D1A918715EF9B793DA0A50646B.e.3076"}]}
COMMAND: POST /session/dfe9bf661470914434d189261566fcf4/element - {"using":"css selector","value":"#shell-header-logo"}
COMMAND: GET /session/dfe9bf661470914434d189261566fcf4/screenshot - {}
RESULT: {"using":"css selector","value":"#shell-header-logo"}
COMMAND: POST /session/dfe9bf661470914434d189261566fcf4/element/f.2B6EE0EFCBCE69EB6F9AFCBE203DF3A5.d.CCCF61D1A918715EF9B793DA0A50646B.e.2536/click - {}
RESULT: {}
RESULT: {}
COMMAND: GET /session/dfe9bf661470914434d189261566fcf4/screenshot - {}
RESULT: {}
]]></system-out>
    </testcase>
    <testcase classname="chrome.136_0_7103_93.windows.Create_masterdata_for_Yard_Overview_-_trigger_provide_US130988" name="Should do a stock increase handover" time="105.599">
      <system-out><![CDATA[
COMMAND: POST /session/dfe9bf661470914434d189261566fcf4/execute/async - {"script":"<script> [1562 bytes]","args":[{"selector":{"controlType":"sap.m.GenericTile","properties":{"header":"Manage Handovers"}},"wdio_ui5_key":"sapm.GenericTile{\"header\":\"Manage Handovers\"}"}]}
RESULT: {"script":"<script> [1562 bytes]","args":[{"selector":{"controlType":"sap.m.GenericTile","properties":{"header":"Manage Handovers"}},"wdio_ui5_key":"sapm.GenericTile{\"header\":\"Manage Handovers\"}"}]}
RESULT: undefined
COMMAND: POST /session/dfe9bf661470914434d189261566fcf4/element - {"using":"xpath","value":"//*[@id=\"__tile131\"]"}
RESULT: {"using":"xpath","value":"//*[@id=\"__tile131\"]"}
COMMAND: POST /session/dfe9bf661470914434d189261566fcf4/element/f.2B6EE0EFCBCE69EB6F9AFCBE203DF3A5.d.CCCF61D1A918715EF9B793DA0A50646B.e.2485/click - {}
RESULT: {}
COMMAND: GET /session/dfe9bf661470914434d189261566fcf4/screenshot - {}
RESULT: {}
COMMAND: POST /session/dfe9bf661470914434d189261566fcf4/elements - {"using":"xpath","value":"//span[text()='Error']"}
RESULT: {"using":"xpath","value":"//span[text()='Error']"}
COMMAND: POST /session/dfe9bf661470914434d189261566fcf4/element - {"using":"xpath","value":"//button[@data-kt=\"masterHOAddButton\"]"}
RESULT: {"using":"xpath","value":"//button[@data-kt=\"masterHOAddButton\"]"}
COMMAND: POST /session/dfe9bf661470914434d189261566fcf4/elements - {"using":"xpath","value":"//button[@data-kt=\"masterHOAddButton\"]"}
RESULT: {"using":"xpath","value":"//button[@data-kt=\"masterHOAddButton\"]"}
COMMAND: POST /session/dfe9bf661470914434d189261566fcf4/execute/sync - {"script":"<script> [8489 bytes]","args":[{"element-6066-11e4-a52e-4f735466cecf":"f.2B6EE0EFCBCE69EB6F9AFCBE203DF3A5.d.CCCF61D1A918715EF9B793DA0A50646B.e.3119","ELEMENT":"f.2B6EE0EFCBCE69EB6F9AFCBE203DF3A5.d.CCCF61D1A918715EF9B793DA0A50646B.e.3119"}]}
RESULT: {"script":"<script> [8489 bytes]","args":[{"element-6066-11e4-a52e-4f735466cecf":"f.2B6EE0EFCBCE69EB6F9AFCBE203DF3A5.d.CCCF61D1A918715EF9B793DA0A50646B.e.3119","ELEMENT":"f.2B6EE0EFCBCE69EB6F9AFCBE203DF3A5.d.CCCF61D1A918715EF9B793DA0A50646B.e.3119"}]}
COMMAND: GET /session/dfe9bf661470914434d189261566fcf4/element/f.2B6EE0EFCBCE69EB6F9AFCBE203DF3A5.d.CCCF61D1A918715EF9B793DA0A50646B.e.3119/enabled - {}
COMMAND: GET /session/dfe9bf661470914434d189261566fcf4/screenshot - {}
RESULT: {}
COMMAND: POST /session/dfe9bf661470914434d189261566fcf4/execute/sync - {"script":"<script> [8489 bytes]","args":[{"element-6066-11e4-a52e-4f735466cecf":"f.2B6EE0EFCBCE69EB6F9AFCBE203DF3A5.d.CCCF61D1A918715EF9B793DA0A50646B.e.3119","ELEMENT":"f.2B6EE0EFCBCE69EB6F9AFCBE203DF3A5.d.CCCF61D1A918715EF9B793DA0A50646B.e.3119"}]}
COMMAND: GET /session/dfe9bf661470914434d189261566fcf4/screenshot - {}
RESULT: {}
RESULT: {"script":"<script> [8489 bytes]","args":[{"element-6066-11e4-a52e-4f735466cecf":"f.2B6EE0EFCBCE69EB6F9AFCBE203DF3A5.d.CCCF61D1A918715EF9B793DA0A50646B.e.3119","ELEMENT":"f.2B6EE0EFCBCE69EB6F9AFCBE203DF3A5.d.CCCF61D1A918715EF9B793DA0A50646B.e.3119"}]}
COMMAND: POST /session/dfe9bf661470914434d189261566fcf4/execute/sync - {"script":"<script> [5351 bytes]","args":[{"element-6066-11e4-a52e-4f735466cecf":"f.2B6EE0EFCBCE69EB6F9AFCBE203DF3A5.d.CCCF61D1A918715EF9B793DA0A50646B.e.3119","ELEMENT":"f.2B6EE0EFCBCE69EB6F9AFCBE203DF3A5.d.CCCF61D1A918715EF9B793DA0A50646B.e.3119"}]}
COMMAND: GET /session/dfe9bf661470914434d189261566fcf4/screenshot - {}
RESULT: {}
RESULT: {"script":"<script> [5351 bytes]","args":[{"element-6066-11e4-a52e-4f735466cecf":"f.2B6EE0EFCBCE69EB6F9AFCBE203DF3A5.d.CCCF61D1A918715EF9B793DA0A50646B.e.3119","ELEMENT":"f.2B6EE0EFCBCE69EB6F9AFCBE203DF3A5.d.CCCF61D1A918715EF9B793DA0A50646B.e.3119"}]}
COMMAND: POST /session/dfe9bf661470914434d189261566fcf4/element/f.2B6EE0EFCBCE69EB6F9AFCBE203DF3A5.d.CCCF61D1A918715EF9B793DA0A50646B.e.3119/click - {}
COMMAND: GET /session/dfe9bf661470914434d189261566fcf4/screenshot - {}
RESULT: {}
RESULT: {}
COMMAND: GET /session/dfe9bf661470914434d189261566fcf4/screenshot - {}
COMMAND: POST /session/dfe9bf661470914434d189261566fcf4/element - {"using":"xpath","value":"//span[contains(@id ,\"AddNewHO--typeSelect-arrow\")]"}
RESULT: {}
RESULT: {}
RESULT: {"using":"xpath","value":"//span[contains(@id ,\"AddNewHO--typeSelect-arrow\")]"}
COMMAND: POST /session/dfe9bf661470914434d189261566fcf4/element/f.2B6EE0EFCBCE69EB6F9AFCBE203DF3A5.d.CCCF61D1A918715EF9B793DA0A50646B.e.3469/click - {}
RESULT: {}
COMMAND: GET /session/dfe9bf661470914434d189261566fcf4/screenshot - {}
RESULT: {}
COMMAND: POST /session/dfe9bf661470914434d189261566fcf4/element - {"using":"xpath","value":"(//li[contains(text(), \"stock increase yard\")])[1]"}
RESULT: {"using":"xpath","value":"(//li[contains(text(), \"stock increase yard\")])[1]"}
COMMAND: POST /session/dfe9bf661470914434d189261566fcf4/element/f.2B6EE0EFCBCE69EB6F9AFCBE203DF3A5.d.CCCF61D1A918715EF9B793DA0A50646B.e.3470/click - {}
RESULT: {}
COMMAND: GET /session/dfe9bf661470914434d189261566fcf4/screenshot - {}
RESULT: {}
COMMAND: POST /session/dfe9bf661470914434d189261566fcf4/execute/async - {"script":"<script> [1562 bytes]","args":[{"selector":{"id":"application-managehandovers-display-component---AddNewHO--dueDate","interaction":{"idSuffix":"inner"}},"wdio_ui5_key":"applicationmanagehandovers-display-component---AddNewHO--dueDate"}]}
RESULT: {"script":"<script> [1562 bytes]","args":[{"selector":{"id":"application-managehandovers-display-component---AddNewHO--dueDate","interaction":{"idSuffix":"inner"}},"wdio_ui5_key":"applicationmanagehandovers-display-component---AddNewHO--dueDate"}]}
RESULT: undefined
COMMAND: POST /session/dfe9bf661470914434d189261566fcf4/execute/async - {"script":"<script> [6424 bytes]","args":[{"element-6066-11e4-a52e-4f735466cecf":"f.2B6EE0EFCBCE69EB6F9AFCBE203DF3A5.d.CCCF61D1A918715EF9B793DA0A50646B.e.3474"},"setValue",["5/16/25"]]}
RESULT: {"script":"<script> [6424 bytes]","args":[{"element-6066-11e4-a52e-4f735466cecf":"f.2B6EE0EFCBCE69EB6F9AFCBE203DF3A5.d.CCCF61D1A918715EF9B793DA0A50646B.e.3474"},"setValue",["5/16/25"]]}
COMMAND: POST /session/dfe9bf661470914434d189261566fcf4/element - {"using":"xpath","value":"//input[@id=\"generalSectionFrg--receiveYard-inner\"]"}
RESULT: {"using":"xpath","value":"//input[@id=\"generalSectionFrg--receiveYard-inner\"]"}
COMMAND: POST /session/dfe9bf661470914434d189261566fcf4/element/f.2B6EE0EFCBCE69EB6F9AFCBE203DF3A5.d.CCCF61D1A918715EF9B793DA0A50646B.e.3478/clear - {}
RESULT: {}
COMMAND: POST /session/dfe9bf661470914434d189261566fcf4/element/f.2B6EE0EFCBCE69EB6F9AFCBE203DF3A5.d.CCCF61D1A918715EF9B793DA0A50646B.e.3478/value - {"text":"468"}
COMMAND: GET /session/dfe9bf661470914434d189261566fcf4/screenshot - {}
RESULT: {"text":"468"}
COMMAND: GET /session/dfe9bf661470914434d189261566fcf4/screenshot - {}
RESULT: {}
RESULT: {}
COMMAND: POST /session/dfe9bf661470914434d189261566fcf4/element - {"using":"xpath","value":"//li[.//span[text()='468']]"}
RESULT: {"using":"xpath","value":"//li[.//span[text()='468']]"}
COMMAND: POST /session/dfe9bf661470914434d189261566fcf4/element/f.2B6EE0EFCBCE69EB6F9AFCBE203DF3A5.d.CCCF61D1A918715EF9B793DA0A50646B.e.3494/click - {}
RESULT: {}
COMMAND: GET /session/dfe9bf661470914434d189261566fcf4/screenshot - {}
RESULT: {}
COMMAND: POST /session/dfe9bf661470914434d189261566fcf4/execute/async - {"script":"<script> [1562 bytes]","args":[{"selector":{"id":"application-managehandovers-display-component---AddNewHO--ObjectPageLayout-anchBar-application-managehandovers-display-component---AddNewHO--section4-anchor","interaction":{"idSuffix":"BDI-content"}},"wdio_ui5_key":"applicationmanagehandovers-display-component---AddNewHO--ObjectPageLayout-anchBar-application-managehandovers-display-component---AddNewHO--section4-anchor"}]}
RESULT: {"script":"<script> [1562 bytes]","args":[{"selector":{"id":"application-managehandovers-display-component---AddNewHO--ObjectPageLayout-anchBar-application-managehandovers-display-component---AddNewHO--section4-anchor","interaction":{"idSuffix":"BDI-content"}},"wdio_ui5_key":"applicationmanagehandovers-display-component---AddNewHO--ObjectPageLayout-anchBar-application-managehandovers-display-component---AddNewHO--section4-anchor"}]}
RESULT: undefined
COMMAND: POST /session/dfe9bf661470914434d189261566fcf4/element - {"using":"xpath","value":"//*[@id=\"application-managehandovers-display-component---AddNewHO--ObjectPageLayout-anchBar-application-managehandovers-display-component---AddNewHO--section4-anchor\"]"}
RESULT: {"using":"xpath","value":"//*[@id=\"application-managehandovers-display-component---AddNewHO--ObjectPageLayout-anchBar-application-managehandovers-display-component---AddNewHO--section4-anchor\"]"}
COMMAND: POST /session/dfe9bf661470914434d189261566fcf4/element/f.2B6EE0EFCBCE69EB6F9AFCBE203DF3A5.d.CCCF61D1A918715EF9B793DA0A50646B.e.3496/click - {}
RESULT: {}
COMMAND: POST /session/dfe9bf661470914434d189261566fcf4/element - {"using":"xpath","value":"//button[@aria-label=\"Add\"]"}
COMMAND: GET /session/dfe9bf661470914434d189261566fcf4/screenshot - {}
RESULT: {"using":"xpath","value":"//button[@aria-label=\"Add\"]"}
COMMAND: POST /session/dfe9bf661470914434d189261566fcf4/element/f.2B6EE0EFCBCE69EB6F9AFCBE203DF3A5.d.CCCF61D1A918715EF9B793DA0A50646B.e.3498/click - {}
RESULT: {}
RESULT: {}
COMMAND: GET /session/dfe9bf661470914434d189261566fcf4/screenshot - {}
RESULT: {}
COMMAND: POST /session/dfe9bf661470914434d189261566fcf4/execute/async - {"script":"<script> [1562 bytes]","args":[{"selector":{"id":"application-managehandovers-display-component---AddNewHO--smartFilterBar-btnBasicSearch","searchOpenDialogs":true,"interaction":{"idSuffix":"I"}},"wdio_ui5_key":"applicationmanagehandovers-display-component---AddNewHO--smartFilterBar-btnBasicSearch"}]}
RESULT: {"script":"<script> [1562 bytes]","args":[{"selector":{"id":"application-managehandovers-display-component---AddNewHO--smartFilterBar-btnBasicSearch","searchOpenDialogs":true,"interaction":{"idSuffix":"I"}},"wdio_ui5_key":"applicationmanagehandovers-display-component---AddNewHO--smartFilterBar-btnBasicSearch"}]}
RESULT: undefined
COMMAND: POST /session/dfe9bf661470914434d189261566fcf4/execute/async - {"script":"<script> [776 bytes]","args":[{"enterText":"200229","selector":{"id":"application-managehandovers-display-component---AddNewHO--smartFilterBar-btnBasicSearch","searchOpenDialogs":true,"interaction":{"idSuffix":"I"}},"clearTextFirst":true,"interactionType":"ENTER_TEXT"}]}
RESULT: {"script":"<script> [776 bytes]","args":[{"enterText":"200229","selector":{"id":"application-managehandovers-display-component---AddNewHO--smartFilterBar-btnBasicSearch","searchOpenDialogs":true,"interaction":{"idSuffix":"I"}},"clearTextFirst":true,"interactionType":"ENTER_TEXT"}]}
COMMAND: POST /session/dfe9bf661470914434d189261566fcf4/actions - {"actions":[{"id":"action10","type":"key","parameters":{},"actions":[{"type":"keyDown","value":"î€‡"},{"type":"pause","duration":10},{"type":"keyUp","value":"î€‡"}]}]}
RESULT: {"actions":[{"id":"action10","type":"key","parameters":{},"actions":[{"type":"keyDown","value":"î€‡"},{"type":"pause","duration":10},{"type":"keyUp","value":"î€‡"}]}]}
COMMAND: GET /session/dfe9bf661470914434d189261566fcf4/screenshot - {}
RESULT: {}
COMMAND: POST /session/dfe9bf661470914434d189261566fcf4/execute/async - {"script":"<script> [1562 bytes]","args":[{"selector":{"id":"application-managehandovers-display-component---AddNewHO--popup-sa","searchOpenDialogs":true,"interaction":{"idSuffix":"CbBg"}},"wdio_ui5_key":"applicationmanagehandovers-display-component---AddNewHO--popup-sa"}]}
RESULT: {"script":"<script> [1562 bytes]","args":[{"selector":{"id":"application-managehandovers-display-component---AddNewHO--popup-sa","searchOpenDialogs":true,"interaction":{"idSuffix":"CbBg"}},"wdio_ui5_key":"applicationmanagehandovers-display-component---AddNewHO--popup-sa"}]}
RESULT: undefined
COMMAND: POST /session/dfe9bf661470914434d189261566fcf4/element - {"using":"xpath","value":"//*[@id=\"application-managehandovers-display-component---AddNewHO--popup-sa\"]"}
RESULT: {"using":"xpath","value":"//*[@id=\"application-managehandovers-display-component---AddNewHO--popup-sa\"]"}
COMMAND: POST /session/dfe9bf661470914434d189261566fcf4/element/f.2B6EE0EFCBCE69EB6F9AFCBE203DF3A5.d.CCCF61D1A918715EF9B793DA0A50646B.e.3651/click - {}
RESULT: {}
COMMAND: GET /session/dfe9bf661470914434d189261566fcf4/screenshot - {}
RESULT: {}
COMMAND: POST /session/dfe9bf661470914434d189261566fcf4/element - {"using":"xpath","value":"//bdi[contains(text(), \"Select\")]"}
RESULT: {"using":"xpath","value":"//bdi[contains(text(), \"Select\")]"}
COMMAND: POST /session/dfe9bf661470914434d189261566fcf4/element/f.2B6EE0EFCBCE69EB6F9AFCBE203DF3A5.d.CCCF61D1A918715EF9B793DA0A50646B.e.3652/click - {}
RESULT: {}
COMMAND: GET /session/dfe9bf661470914434d189261566fcf4/screenshot - {}
RESULT: {}
COMMAND: POST /session/dfe9bf661470914434d189261566fcf4/element - {"using":"xpath","value":"//button[@data-kt=\"AddNewHOSaveButton\"]"}
RESULT: {"using":"xpath","value":"//button[@data-kt=\"AddNewHOSaveButton\"]"}
COMMAND: POST /session/dfe9bf661470914434d189261566fcf4/element/f.2B6EE0EFCBCE69EB6F9AFCBE203DF3A5.d.CCCF61D1A918715EF9B793DA0A50646B.e.3656/click - {}
RESULT: {}
COMMAND: GET /session/dfe9bf661470914434d189261566fcf4/screenshot - {}
RESULT: {}
COMMAND: POST /session/dfe9bf661470914434d189261566fcf4/execute/async - {"script":"<script> [1562 bytes]","args":[{"selector":{"id":"receiptDatePicker","viewName":"etm.portal.ui.managehandovers.view.DetailExecuteHO","interaction":{"idSuffix":"inner"}},"wdio_ui5_key":"receiptDatePickeretmportal.ui.managehandovers.view.DetailExecuteHO"}]}
RESULT: {"script":"<script> [1562 bytes]","args":[{"selector":{"id":"receiptDatePicker","viewName":"etm.portal.ui.managehandovers.view.DetailExecuteHO","interaction":{"idSuffix":"inner"}},"wdio_ui5_key":"receiptDatePickeretmportal.ui.managehandovers.view.DetailExecuteHO"}]}
RESULT: undefined
COMMAND: POST /session/dfe9bf661470914434d189261566fcf4/execute/async - {"script":"<script> [6424 bytes]","args":[{"element-6066-11e4-a52e-4f735466cecf":"f.2B6EE0EFCBCE69EB6F9AFCBE203DF3A5.d.CCCF61D1A918715EF9B793DA0A50646B.e.3674"},"setValue",["5/16/25"]]}
RESULT: {"script":"<script> [6424 bytes]","args":[{"element-6066-11e4-a52e-4f735466cecf":"f.2B6EE0EFCBCE69EB6F9AFCBE203DF3A5.d.CCCF61D1A918715EF9B793DA0A50646B.e.3674"},"setValue",["5/16/25"]]}
COMMAND: POST /session/dfe9bf661470914434d189261566fcf4/element - {"using":"xpath","value":"//button[@data-kt=\"PickingTableConfirmAllButton\"]"}
RESULT: {"using":"xpath","value":"//button[@data-kt=\"PickingTableConfirmAllButton\"]"}
COMMAND: POST /session/dfe9bf661470914434d189261566fcf4/element/f.2B6EE0EFCBCE69EB6F9AFCBE203DF3A5.d.CCCF61D1A918715EF9B793DA0A50646B.e.3687/click - {}
RESULT: {}
COMMAND: GET /session/dfe9bf661470914434d189261566fcf4/screenshot - {}
RESULT: {}
COMMAND: POST /session/dfe9bf661470914434d189261566fcf4/element - {"using":"xpath","value":"//bdi[contains(text(), \"OK\")]"}
RESULT: {"using":"xpath","value":"//bdi[contains(text(), \"OK\")]"}
COMMAND: POST /session/dfe9bf661470914434d189261566fcf4/element/f.2B6EE0EFCBCE69EB6F9AFCBE203DF3A5.d.CCCF61D1A918715EF9B793DA0A50646B.e.3689/click - {}
RESULT: {}
COMMAND: GET /session/dfe9bf661470914434d189261566fcf4/screenshot - {}
RESULT: {}
COMMAND: POST /session/dfe9bf661470914434d189261566fcf4/element - {"using":"xpath","value":"(//bdi[contains(text(), \"Receive\")])[2]"}
RESULT: {"using":"xpath","value":"(//bdi[contains(text(), \"Receive\")])[2]"}
COMMAND: POST /session/dfe9bf661470914434d189261566fcf4/element/f.2B6EE0EFCBCE69EB6F9AFCBE203DF3A5.d.CCCF61D1A918715EF9B793DA0A50646B.e.3691/click - {}
RESULT: {}
COMMAND: GET /session/dfe9bf661470914434d189261566fcf4/screenshot - {}
RESULT: {}
COMMAND: POST /session/dfe9bf661470914434d189261566fcf4/element - {"using":"css selector","value":"#shell-header-logo"}
RESULT: {"using":"css selector","value":"#shell-header-logo"}
COMMAND: POST /session/dfe9bf661470914434d189261566fcf4/element/f.2B6EE0EFCBCE69EB6F9AFCBE203DF3A5.d.CCCF61D1A918715EF9B793DA0A50646B.e.3082/click - {}
RESULT: {}
COMMAND: GET /session/dfe9bf661470914434d189261566fcf4/screenshot - {}
RESULT: {}
]]></system-out>
    </testcase>
    <testcase classname="chrome.136_0_7103_93.windows.Create_masterdata_for_Yard_Overview_-_trigger_provide_US130988" name="Should create a new contract" time="63.711">
      <system-out><![CDATA[
COMMAND: POST /session/dfe9bf661470914434d189261566fcf4/execute/async - {"script":"<script> [1562 bytes]","args":[{"selector":{"controlType":"sap.m.GenericTile","properties":{"header":"Manage Contracts"}},"wdio_ui5_key":"sapm.GenericTile{\"header\":\"Manage Contracts\"}"}]}
RESULT: {"script":"<script> [1562 bytes]","args":[{"selector":{"controlType":"sap.m.GenericTile","properties":{"header":"Manage Contracts"}},"wdio_ui5_key":"sapm.GenericTile{\"header\":\"Manage Contracts\"}"}]}
RESULT: undefined
COMMAND: POST /session/dfe9bf661470914434d189261566fcf4/element - {"using":"xpath","value":"//*[@id=\"__tile130\"]"}
RESULT: {"using":"xpath","value":"//*[@id=\"__tile130\"]"}
COMMAND: POST /session/dfe9bf661470914434d189261566fcf4/element/f.2B6EE0EFCBCE69EB6F9AFCBE203DF3A5.d.CCCF61D1A918715EF9B793DA0A50646B.e.2474/click - {}
RESULT: {}
COMMAND: GET /session/dfe9bf661470914434d189261566fcf4/screenshot - {}
RESULT: {}
COMMAND: POST /session/dfe9bf661470914434d189261566fcf4/elements - {"using":"xpath","value":"//span[text()='Error']"}
RESULT: {"using":"xpath","value":"//span[text()='Error']"}
COMMAND: POST /session/dfe9bf661470914434d189261566fcf4/element - {"using":"xpath","value":"//button[@data-kt=\"addButton\"]"}
RESULT: {"using":"xpath","value":"//button[@data-kt=\"addButton\"]"}
COMMAND: POST /session/dfe9bf661470914434d189261566fcf4/elements - {"using":"xpath","value":"//button[@data-kt=\"addButton\"]"}
RESULT: {"using":"xpath","value":"//button[@data-kt=\"addButton\"]"}
COMMAND: POST /session/dfe9bf661470914434d189261566fcf4/execute/sync - {"script":"<script> [8489 bytes]","args":[{"element-6066-11e4-a52e-4f735466cecf":"f.2B6EE0EFCBCE69EB6F9AFCBE203DF3A5.d.CCCF61D1A918715EF9B793DA0A50646B.e.4005","ELEMENT":"f.2B6EE0EFCBCE69EB6F9AFCBE203DF3A5.d.CCCF61D1A918715EF9B793DA0A50646B.e.4005"}]}
RESULT: {"script":"<script> [8489 bytes]","args":[{"element-6066-11e4-a52e-4f735466cecf":"f.2B6EE0EFCBCE69EB6F9AFCBE203DF3A5.d.CCCF61D1A918715EF9B793DA0A50646B.e.4005","ELEMENT":"f.2B6EE0EFCBCE69EB6F9AFCBE203DF3A5.d.CCCF61D1A918715EF9B793DA0A50646B.e.4005"}]}
COMMAND: GET /session/dfe9bf661470914434d189261566fcf4/element/f.2B6EE0EFCBCE69EB6F9AFCBE203DF3A5.d.CCCF61D1A918715EF9B793DA0A50646B.e.4005/enabled - {}
COMMAND: GET /session/dfe9bf661470914434d189261566fcf4/screenshot - {}
RESULT: {}
COMMAND: POST /session/dfe9bf661470914434d189261566fcf4/execute/sync - {"script":"<script> [8489 bytes]","args":[{"element-6066-11e4-a52e-4f735466cecf":"f.2B6EE0EFCBCE69EB6F9AFCBE203DF3A5.d.CCCF61D1A918715EF9B793DA0A50646B.e.4005","ELEMENT":"f.2B6EE0EFCBCE69EB6F9AFCBE203DF3A5.d.CCCF61D1A918715EF9B793DA0A50646B.e.4005"}]}
COMMAND: GET /session/dfe9bf661470914434d189261566fcf4/screenshot - {}
RESULT: {}
RESULT: {"script":"<script> [8489 bytes]","args":[{"element-6066-11e4-a52e-4f735466cecf":"f.2B6EE0EFCBCE69EB6F9AFCBE203DF3A5.d.CCCF61D1A918715EF9B793DA0A50646B.e.4005","ELEMENT":"f.2B6EE0EFCBCE69EB6F9AFCBE203DF3A5.d.CCCF61D1A918715EF9B793DA0A50646B.e.4005"}]}
COMMAND: POST /session/dfe9bf661470914434d189261566fcf4/execute/sync - {"script":"<script> [5351 bytes]","args":[{"element-6066-11e4-a52e-4f735466cecf":"f.2B6EE0EFCBCE69EB6F9AFCBE203DF3A5.d.CCCF61D1A918715EF9B793DA0A50646B.e.4005","ELEMENT":"f.2B6EE0EFCBCE69EB6F9AFCBE203DF3A5.d.CCCF61D1A918715EF9B793DA0A50646B.e.4005"}]}
COMMAND: GET /session/dfe9bf661470914434d189261566fcf4/screenshot - {}
RESULT: {}
RESULT: {"script":"<script> [5351 bytes]","args":[{"element-6066-11e4-a52e-4f735466cecf":"f.2B6EE0EFCBCE69EB6F9AFCBE203DF3A5.d.CCCF61D1A918715EF9B793DA0A50646B.e.4005","ELEMENT":"f.2B6EE0EFCBCE69EB6F9AFCBE203DF3A5.d.CCCF61D1A918715EF9B793DA0A50646B.e.4005"}]}
COMMAND: GET /session/dfe9bf661470914434d189261566fcf4/screenshot - {}
RESULT: {}
RESULT: {}
COMMAND: POST /session/dfe9bf661470914434d189261566fcf4/element/f.2B6EE0EFCBCE69EB6F9AFCBE203DF3A5.d.CCCF61D1A918715EF9B793DA0A50646B.e.4005/click - {}
RESULT: {}
COMMAND: GET /session/dfe9bf661470914434d189261566fcf4/screenshot - {}
COMMAND: POST /session/dfe9bf661470914434d189261566fcf4/execute/async - {"script":"<script> [1562 bytes]","args":[{"selector":{"id":"application-managecontracts-display-component---AddNewContract--projectDescription","interaction":{"idSuffix":"inner"}},"wdio_ui5_key":"applicationmanagecontracts-display-component---AddNewContract--projectDescription"}]}
RESULT: {}
RESULT: {"script":"<script> [1562 bytes]","args":[{"selector":{"id":"application-managecontracts-display-component---AddNewContract--projectDescription","interaction":{"idSuffix":"inner"}},"wdio_ui5_key":"applicationmanagecontracts-display-component---AddNewContract--projectDescription"}]}
RESULT: undefined
COMMAND: POST /session/dfe9bf661470914434d189261566fcf4/execute/async - {"script":"<script> [776 bytes]","args":[{"enterText":"Contract WDIO","selector":{"id":"application-managecontracts-display-component---AddNewContract--projectDescription","interaction":{"idSuffix":"inner"}},"clearTextFirst":true,"interactionType":"ENTER_TEXT"}]}
RESULT: {"script":"<script> [776 bytes]","args":[{"enterText":"Contract WDIO","selector":{"id":"application-managecontracts-display-component---AddNewContract--projectDescription","interaction":{"idSuffix":"inner"}},"clearTextFirst":true,"interactionType":"ENTER_TEXT"}]}
COMMAND: POST /session/dfe9bf661470914434d189261566fcf4/element - {"using":"xpath","value":"//input[@id=\"application-managecontracts-display-component---AddNewContract--site-inner\"]"}
RESULT: {"using":"xpath","value":"//input[@id=\"application-managecontracts-display-component---AddNewContract--site-inner\"]"}
COMMAND: POST /session/dfe9bf661470914434d189261566fcf4/element/f.2B6EE0EFCBCE69EB6F9AFCBE203DF3A5.d.CCCF61D1A918715EF9B793DA0A50646B.e.4378/clear - {}
RESULT: {}
COMMAND: POST /session/dfe9bf661470914434d189261566fcf4/element/f.2B6EE0EFCBCE69EB6F9AFCBE203DF3A5.d.CCCF61D1A918715EF9B793DA0A50646B.e.4378/value - {"text":"2217"}
COMMAND: GET /session/dfe9bf661470914434d189261566fcf4/screenshot - {}
RESULT: {"text":"2217"}
COMMAND: GET /session/dfe9bf661470914434d189261566fcf4/screenshot - {}
RESULT: {}
RESULT: {}
COMMAND: POST /session/dfe9bf661470914434d189261566fcf4/element - {"using":"xpath","value":"//li[.//span[text()='2217']]"}
RESULT: {"using":"xpath","value":"//li[.//span[text()='2217']]"}
COMMAND: POST /session/dfe9bf661470914434d189261566fcf4/element/f.2B6EE0EFCBCE69EB6F9AFCBE203DF3A5.d.CCCF61D1A918715EF9B793DA0A50646B.e.4415/click - {}
RESULT: {}
COMMAND: GET /session/dfe9bf661470914434d189261566fcf4/screenshot - {}
RESULT: {}
COMMAND: POST /session/dfe9bf661470914434d189261566fcf4/element - {"using":"xpath","value":"//input[@id=\"application-managecontracts-display-component---AddNewContract--yardId-inner\"]"}
RESULT: {"using":"xpath","value":"//input[@id=\"application-managecontracts-display-component---AddNewContract--yardId-inner\"]"}
COMMAND: GET /session/dfe9bf661470914434d189261566fcf4/element/f.2B6EE0EFCBCE69EB6F9AFCBE203DF3A5.d.CCCF61D1A918715EF9B793DA0A50646B.e.4379/property/value - {}
RESULT: {}
COMMAND: POST /session/dfe9bf661470914434d189261566fcf4/element - {"using":"xpath","value":"//input[@id=\"application-managecontracts-display-component---AddNewContract--customerSelect-inner\"]"}
COMMAND: GET /session/dfe9bf661470914434d189261566fcf4/screenshot - {}
RESULT: {"using":"xpath","value":"//input[@id=\"application-managecontracts-display-component---AddNewContract--customerSelect-inner\"]"}
COMMAND: POST /session/dfe9bf661470914434d189261566fcf4/element/f.2B6EE0EFCBCE69EB6F9AFCBE203DF3A5.d.CCCF61D1A918715EF9B793DA0A50646B.e.4377/clear - {}
RESULT: {}
RESULT: {}
COMMAND: POST /session/dfe9bf661470914434d189261566fcf4/element/f.2B6EE0EFCBCE69EB6F9AFCBE203DF3A5.d.CCCF61D1A918715EF9B793DA0A50646B.e.4377/value - {"text":"1257"}
COMMAND: GET /session/dfe9bf661470914434d189261566fcf4/screenshot - {}
RESULT: {"text":"1257"}
COMMAND: GET /session/dfe9bf661470914434d189261566fcf4/screenshot - {}
RESULT: {}
RESULT: {}
COMMAND: POST /session/dfe9bf661470914434d189261566fcf4/element - {"using":"xpath","value":"//li[.//span[text()='1257']]"}
RESULT: {"using":"xpath","value":"//li[.//span[text()='1257']]"}
COMMAND: POST /session/dfe9bf661470914434d189261566fcf4/element/f.2B6EE0EFCBCE69EB6F9AFCBE203DF3A5.d.CCCF61D1A918715EF9B793DA0A50646B.e.4418/click - {}
RESULT: {}
COMMAND: GET /session/dfe9bf661470914434d189261566fcf4/screenshot - {}
RESULT: {}
COMMAND: POST /session/dfe9bf661470914434d189261566fcf4/element - {"using":"xpath","value":"//button[@data-kt=\"saveButton\"]"}
RESULT: {"using":"xpath","value":"//button[@data-kt=\"saveButton\"]"}
COMMAND: POST /session/dfe9bf661470914434d189261566fcf4/element/f.2B6EE0EFCBCE69EB6F9AFCBE203DF3A5.d.CCCF61D1A918715EF9B793DA0A50646B.e.4419/click - {}
RESULT: {}
COMMAND: GET /session/dfe9bf661470914434d189261566fcf4/screenshot - {}
RESULT: {}
COMMAND: POST /session/dfe9bf661470914434d189261566fcf4/element - {"using":"xpath","value":"//span[contains(@id ,\"contractDetailTitleNoExpanded\")]"}
RESULT: {"using":"xpath","value":"//span[contains(@id ,\"contractDetailTitleNoExpanded\")]"}
COMMAND: POST /session/dfe9bf661470914434d189261566fcf4/elements - {"using":"xpath","value":"//span[contains(@id ,\"contractDetailTitleNoExpanded\")]"}
RESULT: {"using":"xpath","value":"//span[contains(@id ,\"contractDetailTitleNoExpanded\")]"}
COMMAND: POST /session/dfe9bf661470914434d189261566fcf4/execute/sync - {"script":"<script> [56 bytes]","args":[{"element-6066-11e4-a52e-4f735466cecf":"f.2B6EE0EFCBCE69EB6F9AFCBE203DF3A5.d.CCCF61D1A918715EF9B793DA0A50646B.e.4491","ELEMENT":"f.2B6EE0EFCBCE69EB6F9AFCBE203DF3A5.d.CCCF61D1A918715EF9B793DA0A50646B.e.4491"}]}
RESULT: {"script":"<script> [56 bytes]","args":[{"element-6066-11e4-a52e-4f735466cecf":"f.2B6EE0EFCBCE69EB6F9AFCBE203DF3A5.d.CCCF61D1A918715EF9B793DA0A50646B.e.4491","ELEMENT":"f.2B6EE0EFCBCE69EB6F9AFCBE203DF3A5.d.CCCF61D1A918715EF9B793DA0A50646B.e.4491"}]}
COMMAND: GET /session/dfe9bf661470914434d189261566fcf4/screenshot - {}
RESULT: {}
]]></system-out>
    </testcase>
    <testcase classname="chrome.136_0_7103_93.windows.Create_masterdata_for_Yard_Overview_-_trigger_provide_US130988" name="Should add created equipment to contract" time="65.238">
      <system-out><![CDATA[
COMMAND: POST /session/dfe9bf661470914434d189261566fcf4/element - {"using":"xpath","value":"//button[@data-kt=\"contractDetailEditBtnButton\"]"}
RESULT: {"using":"xpath","value":"//button[@data-kt=\"contractDetailEditBtnButton\"]"}
COMMAND: POST /session/dfe9bf661470914434d189261566fcf4/element/f.2B6EE0EFCBCE69EB6F9AFCBE203DF3A5.d.CCCF61D1A918715EF9B793DA0A50646B.e.4492/click - {}
RESULT: {}
COMMAND: GET /session/dfe9bf661470914434d189261566fcf4/screenshot - {}
RESULT: {}
COMMAND: POST /session/dfe9bf661470914434d189261566fcf4/element - {"using":"xpath","value":"(//span[contains(text(), \"Additional Addresses\")])[2]"}
RESULT: {"using":"xpath","value":"(//span[contains(text(), \"Additional Addresses\")])[2]"}
COMMAND: POST /session/dfe9bf661470914434d189261566fcf4/element/f.2B6EE0EFCBCE69EB6F9AFCBE203DF3A5.d.CCCF61D1A918715EF9B793DA0A50646B.e.4548/click - {}
RESULT: {}
COMMAND: GET /session/dfe9bf661470914434d189261566fcf4/screenshot - {}
RESULT: {}
COMMAND: POST /session/dfe9bf661470914434d189261566fcf4/element - {"using":"xpath","value":"//button[@data-kt=\"btnAddTableRowOverflowToolbarButton\"]"}
RESULT: {"using":"xpath","value":"//button[@data-kt=\"btnAddTableRowOverflowToolbarButton\"]"}
COMMAND: POST /session/dfe9bf661470914434d189261566fcf4/element/f.2B6EE0EFCBCE69EB6F9AFCBE203DF3A5.d.CCCF61D1A918715EF9B793DA0A50646B.e.4552/click - {}
RESULT: {}
COMMAND: GET /session/dfe9bf661470914434d189261566fcf4/screenshot - {}
RESULT: {}
COMMAND: POST /session/dfe9bf661470914434d189261566fcf4/element - {"using":"xpath","value":"//div[(text() = 'Standard Entry' or . = 'Standard Entry')]"}
RESULT: {"using":"xpath","value":"//div[(text() = 'Standard Entry' or . = 'Standard Entry')]"}
COMMAND: POST /session/dfe9bf661470914434d189261566fcf4/element/f.2B6EE0EFCBCE69EB6F9AFCBE203DF3A5.d.CCCF61D1A918715EF9B793DA0A50646B.e.4554/click - {}
RESULT: {}
COMMAND: GET /session/dfe9bf661470914434d189261566fcf4/screenshot - {}
RESULT: {}
COMMAND: POST /session/dfe9bf661470914434d189261566fcf4/element - {"using":"xpath","value":"//td[6]/div/div/div/span"}
RESULT: {"using":"xpath","value":"//td[6]/div/div/div/span"}
COMMAND: POST /session/dfe9bf661470914434d189261566fcf4/element/f.2B6EE0EFCBCE69EB6F9AFCBE203DF3A5.d.CCCF61D1A918715EF9B793DA0A50646B.e.4566/click - {}
RESULT: {}
COMMAND: GET /session/dfe9bf661470914434d189261566fcf4/screenshot - {}
RESULT: {}
COMMAND: POST /session/dfe9bf661470914434d189261566fcf4/element - {"using":"xpath","value":"(//span[contains(text(), \"Material\")])"}
RESULT: {"using":"xpath","value":"(//span[contains(text(), \"Material\")])"}
COMMAND: POST /session/dfe9bf661470914434d189261566fcf4/element/f.2B6EE0EFCBCE69EB6F9AFCBE203DF3A5.d.CCCF61D1A918715EF9B793DA0A50646B.e.4567/click - {}
RESULT: {}
COMMAND: GET /session/dfe9bf661470914434d189261566fcf4/screenshot - {}
RESULT: {}
COMMAND: POST /session/dfe9bf661470914434d189261566fcf4/element - {"using":"xpath","value":"//td[7]/div/div/input"}
RESULT: {"using":"xpath","value":"//td[7]/div/div/input"}
COMMAND: POST /session/dfe9bf661470914434d189261566fcf4/element/f.2B6EE0EFCBCE69EB6F9AFCBE203DF3A5.d.CCCF61D1A918715EF9B793DA0A50646B.e.4571/clear - {}
RESULT: {}
COMMAND: POST /session/dfe9bf661470914434d189261566fcf4/element/f.2B6EE0EFCBCE69EB6F9AFCBE203DF3A5.d.CCCF61D1A918715EF9B793DA0A50646B.e.4571/value - {"text":"200229"}
COMMAND: GET /session/dfe9bf661470914434d189261566fcf4/screenshot - {}
RESULT: {"text":"200229"}
COMMAND: GET /session/dfe9bf661470914434d189261566fcf4/screenshot - {}
RESULT: {}
RESULT: {}
COMMAND: POST /session/dfe9bf661470914434d189261566fcf4/actions - {"actions":[{"id":"action11","type":"key","parameters":{},"actions":[{"type":"keyDown","value":"î€‡"},{"type":"pause","duration":10},{"type":"keyUp","value":"î€‡"}]}]}
RESULT: {"actions":[{"id":"action11","type":"key","parameters":{},"actions":[{"type":"keyDown","value":"î€‡"},{"type":"pause","duration":10},{"type":"keyUp","value":"î€‡"}]}]}
COMMAND: GET /session/dfe9bf661470914434d189261566fcf4/screenshot - {}
RESULT: {}
COMMAND: POST /session/dfe9bf661470914434d189261566fcf4/execute/sync - {"script":"<script> [276 bytes]","args":["No pricing information was found"]}
RESULT: {"script":"<script> [276 bytes]","args":["No pricing information was found"]}
COMMAND: POST /session/dfe9bf661470914434d189261566fcf4/element - {"using":"xpath","value":"//bdi[contains(text(), \"OK\")]"}
COMMAND: GET /session/dfe9bf661470914434d189261566fcf4/screenshot - {}
RESULT: {"using":"xpath","value":"//bdi[contains(text(), \"OK\")]"}
COMMAND: POST /session/dfe9bf661470914434d189261566fcf4/element/f.2B6EE0EFCBCE69EB6F9AFCBE203DF3A5.d.CCCF61D1A918715EF9B793DA0A50646B.e.4597/click - {}
RESULT: {}
RESULT: {}
COMMAND: GET /session/dfe9bf661470914434d189261566fcf4/screenshot - {}
RESULT: {}
COMMAND: POST /session/dfe9bf661470914434d189261566fcf4/element - {"using":"xpath","value":"(//button[@data-kt=\"saveButton\"])[2]"}
RESULT: {"using":"xpath","value":"(//button[@data-kt=\"saveButton\"])[2]"}
COMMAND: POST /session/dfe9bf661470914434d189261566fcf4/element/f.2B6EE0EFCBCE69EB6F9AFCBE203DF3A5.d.CCCF61D1A918715EF9B793DA0A50646B.e.4598/click - {}
RESULT: {}
COMMAND: GET /session/dfe9bf661470914434d189261566fcf4/screenshot - {}
RESULT: {}
COMMAND: POST /session/dfe9bf661470914434d189261566fcf4/execute/sync - {"script":"<script> [276 bytes]","args":["Some contract items are having rental validity exceeding header rental validity"]}
RESULT: {"script":"<script> [276 bytes]","args":["Some contract items are having rental validity exceeding header rental validity"]}
COMMAND: GET /session/dfe9bf661470914434d189261566fcf4/screenshot - {}
RESULT: {}
COMMAND: POST /session/dfe9bf661470914434d189261566fcf4/element - {"using":"xpath","value":"//span[contains(@id ,\"contractItemsSmartTable-header-inner\")]"}
RESULT: {"using":"xpath","value":"//span[contains(@id ,\"contractItemsSmartTable-header-inner\")]"}
COMMAND: POST /session/dfe9bf661470914434d189261566fcf4/elements - {"using":"xpath","value":"//span[contains(@id ,\"contractItemsSmartTable-header-inner\")]"}
RESULT: {"using":"xpath","value":"//span[contains(@id ,\"contractItemsSmartTable-header-inner\")]"}
COMMAND: POST /session/dfe9bf661470914434d189261566fcf4/execute/sync - {"script":"<script> [56 bytes]","args":[{"element-6066-11e4-a52e-4f735466cecf":"f.2B6EE0EFCBCE69EB6F9AFCBE203DF3A5.d.CCCF61D1A918715EF9B793DA0A50646B.e.4603","ELEMENT":"f.2B6EE0EFCBCE69EB6F9AFCBE203DF3A5.d.CCCF61D1A918715EF9B793DA0A50646B.e.4603"}]}
RESULT: {"script":"<script> [56 bytes]","args":[{"element-6066-11e4-a52e-4f735466cecf":"f.2B6EE0EFCBCE69EB6F9AFCBE203DF3A5.d.CCCF61D1A918715EF9B793DA0A50646B.e.4603","ELEMENT":"f.2B6EE0EFCBCE69EB6F9AFCBE203DF3A5.d.CCCF61D1A918715EF9B793DA0A50646B.e.4603"}]}
COMMAND: POST /session/dfe9bf661470914434d189261566fcf4/element - {"using":"css selector","value":"#shell-header-logo"}
COMMAND: GET /session/dfe9bf661470914434d189261566fcf4/screenshot - {}
RESULT: {"using":"css selector","value":"#shell-header-logo"}
COMMAND: POST /session/dfe9bf661470914434d189261566fcf4/element/f.2B6EE0EFCBCE69EB6F9AFCBE203DF3A5.d.CCCF61D1A918715EF9B793DA0A50646B.e.3976/click - {}
RESULT: {}
RESULT: {}
COMMAND: GET /session/dfe9bf661470914434d189261566fcf4/screenshot - {}
RESULT: {}
]]></system-out>
    </testcase>
    <testcase classname="chrome.136_0_7103_93.windows.Create_masterdata_for_Yard_Overview_-_trigger_provide_US130988" name="Navigate to Yard overview and provide the RU" time="156.729">
      <system-out><![CDATA[
COMMAND: POST /session/dfe9bf661470914434d189261566fcf4/execute/async - {"script":"<script> [1562 bytes]","args":[{"selector":{"controlType":"sap.m.GenericTile","properties":{"header":"Yard Overview"}},"wdio_ui5_key":"sapm.GenericTile{\"header\":\"Yard Overview\"}"}]}
RESULT: {"script":"<script> [1562 bytes]","args":[{"selector":{"controlType":"sap.m.GenericTile","properties":{"header":"Yard Overview"}},"wdio_ui5_key":"sapm.GenericTile{\"header\":\"Yard Overview\"}"}]}
RESULT: undefined
COMMAND: POST /session/dfe9bf661470914434d189261566fcf4/element - {"using":"xpath","value":"//*[@id=\"__tile102\"]"}
RESULT: {"using":"xpath","value":"//*[@id=\"__tile102\"]"}
COMMAND: POST /session/dfe9bf661470914434d189261566fcf4/element/f.2B6EE0EFCBCE69EB6F9AFCBE203DF3A5.d.CCCF61D1A918715EF9B793DA0A50646B.e.4605/click - {}
RESULT: {}
COMMAND: GET /session/dfe9bf661470914434d189261566fcf4/screenshot - {}
RESULT: {}
COMMAND: POST /session/dfe9bf661470914434d189261566fcf4/elements - {"using":"xpath","value":"//span[text()='Error']"}
RESULT: {"using":"xpath","value":"//span[text()='Error']"}
COMMAND: POST /session/dfe9bf661470914434d189261566fcf4/element - {"using":"xpath","value":"//input[contains(@id,\"smartFilterBar-btnBasicSearch-I\")]"}
RESULT: {"using":"xpath","value":"//input[contains(@id,\"smartFilterBar-btnBasicSearch-I\")]"}
COMMAND: POST /session/dfe9bf661470914434d189261566fcf4/elements - {"using":"xpath","value":"//input[contains(@id,\"smartFilterBar-btnBasicSearch-I\")]"}
RESULT: {"using":"xpath","value":"//input[contains(@id,\"smartFilterBar-btnBasicSearch-I\")]"}
COMMAND: POST /session/dfe9bf661470914434d189261566fcf4/execute/sync - {"script":"<script> [8489 bytes]","args":[{"element-6066-11e4-a52e-4f735466cecf":"f.2B6EE0EFCBCE69EB6F9AFCBE203DF3A5.d.CCCF61D1A918715EF9B793DA0A50646B.e.4611","ELEMENT":"f.2B6EE0EFCBCE69EB6F9AFCBE203DF3A5.d.CCCF61D1A918715EF9B793DA0A50646B.e.4611"}]}
RESULT: {"script":"<script> [8489 bytes]","args":[{"element-6066-11e4-a52e-4f735466cecf":"f.2B6EE0EFCBCE69EB6F9AFCBE203DF3A5.d.CCCF61D1A918715EF9B793DA0A50646B.e.4611","ELEMENT":"f.2B6EE0EFCBCE69EB6F9AFCBE203DF3A5.d.CCCF61D1A918715EF9B793DA0A50646B.e.4611"}]}
COMMAND: GET /session/dfe9bf661470914434d189261566fcf4/element/f.2B6EE0EFCBCE69EB6F9AFCBE203DF3A5.d.CCCF61D1A918715EF9B793DA0A50646B.e.4611/enabled - {}
COMMAND: GET /session/dfe9bf661470914434d189261566fcf4/screenshot - {}
RESULT: {}
COMMAND: POST /session/dfe9bf661470914434d189261566fcf4/execute/sync - {"script":"<script> [8489 bytes]","args":[{"element-6066-11e4-a52e-4f735466cecf":"f.2B6EE0EFCBCE69EB6F9AFCBE203DF3A5.d.CCCF61D1A918715EF9B793DA0A50646B.e.4611","ELEMENT":"f.2B6EE0EFCBCE69EB6F9AFCBE203DF3A5.d.CCCF61D1A918715EF9B793DA0A50646B.e.4611"}]}
COMMAND: GET /session/dfe9bf661470914434d189261566fcf4/screenshot - {}
RESULT: {}
RESULT: {"script":"<script> [8489 bytes]","args":[{"element-6066-11e4-a52e-4f735466cecf":"f.2B6EE0EFCBCE69EB6F9AFCBE203DF3A5.d.CCCF61D1A918715EF9B793DA0A50646B.e.4611","ELEMENT":"f.2B6EE0EFCBCE69EB6F9AFCBE203DF3A5.d.CCCF61D1A918715EF9B793DA0A50646B.e.4611"}]}
COMMAND: POST /session/dfe9bf661470914434d189261566fcf4/execute/sync - {"script":"<script> [5351 bytes]","args":[{"element-6066-11e4-a52e-4f735466cecf":"f.2B6EE0EFCBCE69EB6F9AFCBE203DF3A5.d.CCCF61D1A918715EF9B793DA0A50646B.e.4611","ELEMENT":"f.2B6EE0EFCBCE69EB6F9AFCBE203DF3A5.d.CCCF61D1A918715EF9B793DA0A50646B.e.4611"}]}
COMMAND: GET /session/dfe9bf661470914434d189261566fcf4/screenshot - {}
RESULT: {}
RESULT: {"script":"<script> [5351 bytes]","args":[{"element-6066-11e4-a52e-4f735466cecf":"f.2B6EE0EFCBCE69EB6F9AFCBE203DF3A5.d.CCCF61D1A918715EF9B793DA0A50646B.e.4611","ELEMENT":"f.2B6EE0EFCBCE69EB6F9AFCBE203DF3A5.d.CCCF61D1A918715EF9B793DA0A50646B.e.4611"}]}
COMMAND: GET /session/dfe9bf661470914434d189261566fcf4/screenshot - {}
RESULT: {}
RESULT: {}
COMMAND: POST /session/dfe9bf661470914434d189261566fcf4/element/f.2B6EE0EFCBCE69EB6F9AFCBE203DF3A5.d.CCCF61D1A918715EF9B793DA0A50646B.e.4611/clear - {}
RESULT: {}
COMMAND: POST /session/dfe9bf661470914434d189261566fcf4/element/f.2B6EE0EFCBCE69EB6F9AFCBE203DF3A5.d.CCCF61D1A918715EF9B793DA0A50646B.e.4611/value - {"text":"468"}
COMMAND: GET /session/dfe9bf661470914434d189261566fcf4/screenshot - {}
RESULT: {"text":"468"}
COMMAND: GET /session/dfe9bf661470914434d189261566fcf4/screenshot - {}
RESULT: {}
RESULT: {}
COMMAND: POST /session/dfe9bf661470914434d189261566fcf4/actions - {"actions":[{"id":"action12","type":"key","parameters":{},"actions":[{"type":"keyDown","value":"î€‡"},{"type":"pause","duration":10},{"type":"keyUp","value":"î€‡"}]}]}
RESULT: {"actions":[{"id":"action12","type":"key","parameters":{},"actions":[{"type":"keyDown","value":"î€‡"},{"type":"pause","duration":10},{"type":"keyUp","value":"î€‡"}]}]}
COMMAND: GET /session/dfe9bf661470914434d189261566fcf4/screenshot - {}
RESULT: {}
COMMAND: POST /session/dfe9bf661470914434d189261566fcf4/element - {"using":"xpath","value":"//span[contains(@id, \"smartTable-header-inner\")]"}
RESULT: {"using":"xpath","value":"//span[contains(@id, \"smartTable-header-inner\")]"}
COMMAND: POST /session/dfe9bf661470914434d189261566fcf4/elements - {"using":"xpath","value":"//span[contains(@id, \"smartTable-header-inner\")]"}
RESULT: {"using":"xpath","value":"//span[contains(@id, \"smartTable-header-inner\")]"}
COMMAND: POST /session/dfe9bf661470914434d189261566fcf4/execute/sync - {"script":"<script> [56 bytes]","args":[{"element-6066-11e4-a52e-4f735466cecf":"f.2B6EE0EFCBCE69EB6F9AFCBE203DF3A5.d.CCCF61D1A918715EF9B793DA0A50646B.e.4678","ELEMENT":"f.2B6EE0EFCBCE69EB6F9AFCBE203DF3A5.d.CCCF61D1A918715EF9B793DA0A50646B.e.4678"}]}
RESULT: {"script":"<script> [56 bytes]","args":[{"element-6066-11e4-a52e-4f735466cecf":"f.2B6EE0EFCBCE69EB6F9AFCBE203DF3A5.d.CCCF61D1A918715EF9B793DA0A50646B.e.4678","ELEMENT":"f.2B6EE0EFCBCE69EB6F9AFCBE203DF3A5.d.CCCF61D1A918715EF9B793DA0A50646B.e.4678"}]}
COMMAND: POST /session/dfe9bf661470914434d189261566fcf4/element - {"using":"xpath","value":"(//span[contains(@id, \"imgNav\")])[1]"}
COMMAND: GET /session/dfe9bf661470914434d189261566fcf4/screenshot - {}
RESULT: {"using":"xpath","value":"(//span[contains(@id, \"imgNav\")])[1]"}
COMMAND: POST /session/dfe9bf661470914434d189261566fcf4/element/f.2B6EE0EFCBCE69EB6F9AFCBE203DF3A5.d.CCCF61D1A918715EF9B793DA0A50646B.e.4677/click - {}
RESULT: {}
RESULT: {}
COMMAND: GET /session/dfe9bf661470914434d189261566fcf4/screenshot - {}
RESULT: {}
COMMAND: POST /session/dfe9bf661470914434d189261566fcf4/execute/async - {"script":"<script> [1562 bytes]","args":[{"selector":{"id":"application-yardoverview-display-component---detailYardInventory--openProvides-triggerAction-provideBtn","interaction":{"idSuffix":"BDI-content"}},"wdio_ui5_key":"applicationyardoverview-display-component---detailYardInventory--openProvides-triggerAction-provideBtn"}]}
RESULT: {"script":"<script> [1562 bytes]","args":[{"selector":{"id":"application-yardoverview-display-component---detailYardInventory--openProvides-triggerAction-provideBtn","interaction":{"idSuffix":"BDI-content"}},"wdio_ui5_key":"applicationyardoverview-display-component---detailYardInventory--openProvides-triggerAction-provideBtn"}]}
RESULT: undefined
COMMAND: POST /session/dfe9bf661470914434d189261566fcf4/element - {"using":"xpath","value":"//*[@id=\"application-yardoverview-display-component---detailYardInventory--openProvides-triggerAction-provideBtn\"]"}
RESULT: {"using":"xpath","value":"//*[@id=\"application-yardoverview-display-component---detailYardInventory--openProvides-triggerAction-provideBtn\"]"}
COMMAND: POST /session/dfe9bf661470914434d189261566fcf4/element/f.2B6EE0EFCBCE69EB6F9AFCBE203DF3A5.d.CCCF61D1A918715EF9B793DA0A50646B.e.4749/click - {}
RESULT: {}
COMMAND: GET /session/dfe9bf661470914434d189261566fcf4/screenshot - {}
RESULT: {}
COMMAND: POST /session/dfe9bf661470914434d189261566fcf4/execute/async - {"script":"<script> [1562 bytes]","args":[{"selector":{"controlType":"sap.m.CheckBox","viewName":"etm.portal.ui.yardoverview.view.Detail","viewId":"application-yardoverview-display-component---detailYardInventory","properties":{"editable":true},"ancestor":{"controlType":"sap.m.ColumnListItem","viewName":"etm.portal.ui.yardoverview.view.Detail","viewId":"application-yardoverview-display-component---detailYardInventory","bindingPath":{"path":"/SmartOpenRUYardInventory(CONTRACT='10303',ITEM=10m,SUB_ITEM=0m)"},"ancestor":{"id":"application-yardoverview-display-component---detailYardInventory--customProvidesTable"}},"interaction":{"idSuffix":"CbBg"}},"wdio_ui5_key":"etmportal.ui.yardoverview.view.Detailsap.m.CheckBox{\"editable\":true}{\"controlType\":\"sap.m.ColumnListItem\",\"viewName\":\"etm.portal.ui.yardoverview.view.Detail\",\"viewId\":\"application-yardoverview-display-component---detailYardInventory\",\"bindingPath\":{\"path\":\"/SmartOpenRUYardInventory(CONTRACT='10303',ITEM=10m,SUB_ITEM=0m)\"},\"ancestor\":{\"id\":\"application-yardoverview-display-component---detailYardInventory--customProvidesTable\"}}"}]}
RESULT: {"script":"<script> [1562 bytes]","args":[{"selector":{"controlType":"sap.m.CheckBox","viewName":"etm.portal.ui.yardoverview.view.Detail","viewId":"application-yardoverview-display-component---detailYardInventory","properties":{"editable":true},"ancestor":{"controlType":"sap.m.ColumnListItem","viewName":"etm.portal.ui.yardoverview.view.Detail","viewId":"application-yardoverview-display-component---detailYardInventory","bindingPath":{"path":"/SmartOpenRUYardInventory(CONTRACT='10303',ITEM=10m,SUB_ITEM=0m)"},"ancestor":{"id":"application-yardoverview-display-component---detailYardInventory--customProvidesTable"}},"interaction":{"idSuffix":"CbBg"}},"wdio_ui5_key":"etmportal.ui.yardoverview.view.Detailsap.m.CheckBox{\"editable\":true}{\"controlType\":\"sap.m.ColumnListItem\",\"viewName\":\"etm.portal.ui.yardoverview.view.Detail\",\"viewId\":\"application-yardoverview-display-component---detailYardInventory\",\"bindingPath\":{\"path\":\"/SmartOpenRUYardInventory(CONTRACT='10303',ITEM=10m,SUB_ITEM=0m)\"},\"ancestor\":{\"id\":\"application-yardoverview-display-component---detailYardInventory--customProvidesTable\"}}"}]}
RESULT: undefined
COMMAND: POST /session/dfe9bf661470914434d189261566fcf4/element - {"using":"xpath","value":"//*[@id=\"__item1498-__clone2711-selectMulti\"]"}
RESULT: {"using":"xpath","value":"//*[@id=\"__item1498-__clone2711-selectMulti\"]"}
COMMAND: POST /session/dfe9bf661470914434d189261566fcf4/element/f.2B6EE0EFCBCE69EB6F9AFCBE203DF3A5.d.CCCF61D1A918715EF9B793DA0A50646B.e.4778/click - {}
RESULT: {}
COMMAND: GET /session/dfe9bf661470914434d189261566fcf4/screenshot - {}
RESULT: {}
RESULT: undefined
COMMAND: POST /session/dfe9bf661470914434d189261566fcf4/element - {"using":"xpath","value":"//*[@id=\"application-yardoverview-display-component---detailYardInventory--openProvides-triggerAction-provideBtn\"]"}
RESULT: {"using":"xpath","value":"//*[@id=\"application-yardoverview-display-component---detailYardInventory--openProvides-triggerAction-provideBtn\"]"}
COMMAND: POST /session/dfe9bf661470914434d189261566fcf4/element/f.2B6EE0EFCBCE69EB6F9AFCBE203DF3A5.d.CCCF61D1A918715EF9B793DA0A50646B.e.4749/click - {}
RESULT: {}
COMMAND: GET /session/dfe9bf661470914434d189261566fcf4/screenshot - {}
RESULT: {}
COMMAND: POST /session/dfe9bf661470914434d189261566fcf4/actions - {"actions":[{"id":"action13","type":"key","parameters":{},"actions":[{"type":"keyDown","value":"î€‡"},{"type":"pause","duration":10},{"type":"keyUp","value":"î€‡"}]}]}
RESULT: {"actions":[{"id":"action13","type":"key","parameters":{},"actions":[{"type":"keyDown","value":"î€‡"},{"type":"pause","duration":10},{"type":"keyUp","value":"î€‡"}]}]}
COMMAND: GET /session/dfe9bf661470914434d189261566fcf4/screenshot - {}
RESULT: {}
COMMAND: POST /session/dfe9bf661470914434d189261566fcf4/execute/async - {"script":"<script> [1562 bytes]","args":[{"selector":{"id":"application-yardoverview-display-component---detailYardInventory--smartTableProvides-btnPersonalisation-img"},"wdio_ui5_key":"applicationyardoverview-display-component---detailYardInventory--smartTableProvides-btnPersonalisation-img"}]}
RESULT: {"script":"<script> [1562 bytes]","args":[{"selector":{"id":"application-yardoverview-display-component---detailYardInventory--smartTableProvides-btnPersonalisation-img"},"wdio_ui5_key":"applicationyardoverview-display-component---detailYardInventory--smartTableProvides-btnPersonalisation-img"}]}
RESULT: undefined
COMMAND: POST /session/dfe9bf661470914434d189261566fcf4/element - {"using":"xpath","value":"//*[@id=\"application-yardoverview-display-component---detailYardInventory--smartTableProvides-btnPersonalisation-img\"]"}
RESULT: {"using":"xpath","value":"//*[@id=\"application-yardoverview-display-component---detailYardInventory--smartTableProvides-btnPersonalisation-img\"]"}
COMMAND: POST /session/dfe9bf661470914434d189261566fcf4/element/f.2B6EE0EFCBCE69EB6F9AFCBE203DF3A5.d.CCCF61D1A918715EF9B793DA0A50646B.e.4794/click - {}
RESULT: {}
COMMAND: POST /session/dfe9bf661470914434d189261566fcf4/element - {"using":"xpath","value":"//input[contains(@id ,\"searchField-I\")]"}
COMMAND: GET /session/dfe9bf661470914434d189261566fcf4/screenshot - {}
RESULT: {"using":"xpath","value":"//input[contains(@id ,\"searchField-I\")]"}
COMMAND: POST /session/dfe9bf661470914434d189261566fcf4/element/f.2B6EE0EFCBCE69EB6F9AFCBE203DF3A5.d.CCCF61D1A918715EF9B793DA0A50646B.e.4797/clear - {}
RESULT: {}
RESULT: {}
COMMAND: POST /session/dfe9bf661470914434d189261566fcf4/element/f.2B6EE0EFCBCE69EB6F9AFCBE203DF3A5.d.CCCF61D1A918715EF9B793DA0A50646B.e.4797/value - {"text":"Handover Provided"}
COMMAND: GET /session/dfe9bf661470914434d189261566fcf4/screenshot - {}
RESULT: {"text":"Handover Provided"}
COMMAND: GET /session/dfe9bf661470914434d189261566fcf4/screenshot - {}
RESULT: {}
RESULT: {}
COMMAND: POST /session/dfe9bf661470914434d189261566fcf4/element - {"using":"xpath","value":"//div[contains(@id ,\"innerSelectionPanelTable-sa-CbBg\")]"}
RESULT: {"using":"xpath","value":"//div[contains(@id ,\"innerSelectionPanelTable-sa-CbBg\")]"}
COMMAND: POST /session/dfe9bf661470914434d189261566fcf4/element/f.2B6EE0EFCBCE69EB6F9AFCBE203DF3A5.d.CCCF61D1A918715EF9B793DA0A50646B.e.4826/click - {}
RESULT: {}
COMMAND: GET /session/dfe9bf661470914434d189261566fcf4/screenshot - {}
RESULT: {}
COMMAND: POST /session/dfe9bf661470914434d189261566fcf4/element - {"using":"xpath","value":"//bdi[contains(@id ,\"confirmBtn-BDI-content\")]"}
RESULT: {"using":"xpath","value":"//bdi[contains(@id ,\"confirmBtn-BDI-content\")]"}
COMMAND: POST /session/dfe9bf661470914434d189261566fcf4/element/f.2B6EE0EFCBCE69EB6F9AFCBE203DF3A5.d.CCCF61D1A918715EF9B793DA0A50646B.e.4827/click - {}
RESULT: {}
COMMAND: GET /session/dfe9bf661470914434d189261566fcf4/screenshot - {}
RESULT: {}
COMMAND: POST /session/dfe9bf661470914434d189261566fcf4/element - {"using":"xpath","value":"//a[contains(@data-kt ,\"OpenProvidesHandOverItemLink\")]"}
RESULT: {"using":"xpath","value":"//a[contains(@data-kt ,\"OpenProvidesHandOverItemLink\")]"}
COMMAND: POST /session/dfe9bf661470914434d189261566fcf4/element/f.2B6EE0EFCBCE69EB6F9AFCBE203DF3A5.d.CCCF61D1A918715EF9B793DA0A50646B.e.4834/click - {}
RESULT: {}
COMMAND: GET /session/dfe9bf661470914434d189261566fcf4/screenshot - {}
RESULT: {}
COMMAND: POST /session/dfe9bf661470914434d189261566fcf4/actions - {"actions":[{"id":"action14","type":"key","parameters":{},"actions":[{"type":"keyDown","value":"î€‡"},{"type":"pause","duration":10},{"type":"keyUp","value":"î€‡"}]}]}
RESULT: {"actions":[{"id":"action14","type":"key","parameters":{},"actions":[{"type":"keyDown","value":"î€‡"},{"type":"pause","duration":10},{"type":"keyUp","value":"î€‡"}]}]}
COMMAND: GET /session/dfe9bf661470914434d189261566fcf4/screenshot - {}
RESULT: {}
COMMAND: POST /session/dfe9bf661470914434d189261566fcf4/execute/async - {"script":"<script> [1562 bytes]","args":[{"selector":{"id":"issueDatePicker","viewName":"etm.portal.ui.managehandovers.view.DetailExecuteHO","interaction":{"idSuffix":"inner"}},"wdio_ui5_key":"issueDatePickeretmportal.ui.managehandovers.view.DetailExecuteHO"}]}
RESULT: {"script":"<script> [1562 bytes]","args":[{"selector":{"id":"issueDatePicker","viewName":"etm.portal.ui.managehandovers.view.DetailExecuteHO","interaction":{"idSuffix":"inner"}},"wdio_ui5_key":"issueDatePickeretmportal.ui.managehandovers.view.DetailExecuteHO"}]}
RESULT: undefined
COMMAND: POST /session/dfe9bf661470914434d189261566fcf4/execute/async - {"script":"<script> [776 bytes]","args":[{"enterText":"5/16/25","selector":{"id":"issueDatePicker","viewName":"etm.portal.ui.managehandovers.view.DetailExecuteHO","interaction":{"idSuffix":"inner"}},"clearTextFirst":true,"interactionType":"ENTER_TEXT"}]}
RESULT: {"script":"<script> [776 bytes]","args":[{"enterText":"5/16/25","selector":{"id":"issueDatePicker","viewName":"etm.portal.ui.managehandovers.view.DetailExecuteHO","interaction":{"idSuffix":"inner"}},"clearTextFirst":true,"interactionType":"ENTER_TEXT"}]}
COMMAND: POST /session/dfe9bf661470914434d189261566fcf4/element - {"using":"xpath","value":"//bdi[contains(text(), \"OK\")]"}
RESULT: {"using":"xpath","value":"//bdi[contains(text(), \"OK\")]"}
COMMAND: POST /session/dfe9bf661470914434d189261566fcf4/element/f.2B6EE0EFCBCE69EB6F9AFCBE203DF3A5.d.CCCF61D1A918715EF9B793DA0A50646B.e.5137/click - {}
RESULT: {}
COMMAND: GET /session/dfe9bf661470914434d189261566fcf4/screenshot - {}
RESULT: {}
COMMAND: POST /session/dfe9bf661470914434d189261566fcf4/element - {"using":"xpath","value":"//button[@data-kt=\"PickingTableConfirmAllButton\"]"}
RESULT: {"using":"xpath","value":"//button[@data-kt=\"PickingTableConfirmAllButton\"]"}
COMMAND: POST /session/dfe9bf661470914434d189261566fcf4/element/f.2B6EE0EFCBCE69EB6F9AFCBE203DF3A5.d.CCCF61D1A918715EF9B793DA0A50646B.e.5145/click - {}
RESULT: {}
COMMAND: GET /session/dfe9bf661470914434d189261566fcf4/screenshot - {}
RESULT: {}
COMMAND: POST /session/dfe9bf661470914434d189261566fcf4/element - {"using":"xpath","value":"//bdi[contains(text(), \"OK\")]"}
RESULT: {"using":"xpath","value":"//bdi[contains(text(), \"OK\")]"}
COMMAND: POST /session/dfe9bf661470914434d189261566fcf4/element/f.2B6EE0EFCBCE69EB6F9AFCBE203DF3A5.d.CCCF61D1A918715EF9B793DA0A50646B.e.5148/click - {}
RESULT: {}
COMMAND: GET /session/dfe9bf661470914434d189261566fcf4/screenshot - {}
RESULT: {}
COMMAND: POST /session/dfe9bf661470914434d189261566fcf4/element - {"using":"xpath","value":"//bdi[contains(text(), \"Issue\")]"}
RESULT: {"using":"xpath","value":"//bdi[contains(text(), \"Issue\")]"}
COMMAND: POST /session/dfe9bf661470914434d189261566fcf4/element/f.2B6EE0EFCBCE69EB6F9AFCBE203DF3A5.d.CCCF61D1A918715EF9B793DA0A50646B.e.5151/click - {}
RESULT: {}
COMMAND: GET /session/dfe9bf661470914434d189261566fcf4/screenshot - {}
RESULT: {}
COMMAND: POST /session/dfe9bf661470914434d189261566fcf4/element - {"using":"css selector","value":"#shell-header-logo"}
RESULT: {"using":"css selector","value":"#shell-header-logo"}
COMMAND: POST /session/dfe9bf661470914434d189261566fcf4/element/f.2B6EE0EFCBCE69EB6F9AFCBE203DF3A5.d.CCCF61D1A918715EF9B793DA0A50646B.e.4607/click - {}
RESULT: {}
COMMAND: GET /session/dfe9bf661470914434d189261566fcf4/screenshot - {}
RESULT: {}
RESULT: undefined
COMMAND: POST /session/dfe9bf661470914434d189261566fcf4/element - {"using":"xpath","value":"//*[@id=\"__tile130\"]"}
RESULT: {"using":"xpath","value":"//*[@id=\"__tile130\"]"}
COMMAND: POST /session/dfe9bf661470914434d189261566fcf4/element/f.2B6EE0EFCBCE69EB6F9AFCBE203DF3A5.d.CCCF61D1A918715EF9B793DA0A50646B.e.2474/click - {}
RESULT: {}
COMMAND: GET /session/dfe9bf661470914434d189261566fcf4/screenshot - {}
RESULT: {}
COMMAND: POST /session/dfe9bf661470914434d189261566fcf4/elements - {"using":"xpath","value":"//span[text()='Error']"}
RESULT: {"using":"xpath","value":"//span[text()='Error']"}
COMMAND: POST /session/dfe9bf661470914434d189261566fcf4/element - {"using":"xpath","value":"//button[@data-kt=\"addButton\"]"}
RESULT: {"using":"xpath","value":"//button[@data-kt=\"addButton\"]"}
COMMAND: POST /session/dfe9bf661470914434d189261566fcf4/elements - {"using":"xpath","value":"//button[@data-kt=\"addButton\"]"}
RESULT: {"using":"xpath","value":"//button[@data-kt=\"addButton\"]"}
COMMAND: POST /session/dfe9bf661470914434d189261566fcf4/execute/sync - {"script":"<script> [8489 bytes]","args":[{"element-6066-11e4-a52e-4f735466cecf":"f.2B6EE0EFCBCE69EB6F9AFCBE203DF3A5.d.CCCF61D1A918715EF9B793DA0A50646B.e.5262","ELEMENT":"f.2B6EE0EFCBCE69EB6F9AFCBE203DF3A5.d.CCCF61D1A918715EF9B793DA0A50646B.e.5262"}]}
RESULT: {"script":"<script> [8489 bytes]","args":[{"element-6066-11e4-a52e-4f735466cecf":"f.2B6EE0EFCBCE69EB6F9AFCBE203DF3A5.d.CCCF61D1A918715EF9B793DA0A50646B.e.5262","ELEMENT":"f.2B6EE0EFCBCE69EB6F9AFCBE203DF3A5.d.CCCF61D1A918715EF9B793DA0A50646B.e.5262"}]}
COMMAND: GET /session/dfe9bf661470914434d189261566fcf4/element/f.2B6EE0EFCBCE69EB6F9AFCBE203DF3A5.d.CCCF61D1A918715EF9B793DA0A50646B.e.5262/enabled - {}
COMMAND: GET /session/dfe9bf661470914434d189261566fcf4/screenshot - {}
RESULT: {}
COMMAND: POST /session/dfe9bf661470914434d189261566fcf4/execute/sync - {"script":"<script> [8489 bytes]","args":[{"element-6066-11e4-a52e-4f735466cecf":"f.2B6EE0EFCBCE69EB6F9AFCBE203DF3A5.d.CCCF61D1A918715EF9B793DA0A50646B.e.5262","ELEMENT":"f.2B6EE0EFCBCE69EB6F9AFCBE203DF3A5.d.CCCF61D1A918715EF9B793DA0A50646B.e.5262"}]}
COMMAND: GET /session/dfe9bf661470914434d189261566fcf4/screenshot - {}
RESULT: {}
RESULT: {"script":"<script> [8489 bytes]","args":[{"element-6066-11e4-a52e-4f735466cecf":"f.2B6EE0EFCBCE69EB6F9AFCBE203DF3A5.d.CCCF61D1A918715EF9B793DA0A50646B.e.5262","ELEMENT":"f.2B6EE0EFCBCE69EB6F9AFCBE203DF3A5.d.CCCF61D1A918715EF9B793DA0A50646B.e.5262"}]}
COMMAND: POST /session/dfe9bf661470914434d189261566fcf4/execute/sync - {"script":"<script> [5351 bytes]","args":[{"element-6066-11e4-a52e-4f735466cecf":"f.2B6EE0EFCBCE69EB6F9AFCBE203DF3A5.d.CCCF61D1A918715EF9B793DA0A50646B.e.5262","ELEMENT":"f.2B6EE0EFCBCE69EB6F9AFCBE203DF3A5.d.CCCF61D1A918715EF9B793DA0A50646B.e.5262"}]}
COMMAND: GET /session/dfe9bf661470914434d189261566fcf4/screenshot - {}
RESULT: {}
RESULT: {"script":"<script> [5351 bytes]","args":[{"element-6066-11e4-a52e-4f735466cecf":"f.2B6EE0EFCBCE69EB6F9AFCBE203DF3A5.d.CCCF61D1A918715EF9B793DA0A50646B.e.5262","ELEMENT":"f.2B6EE0EFCBCE69EB6F9AFCBE203DF3A5.d.CCCF61D1A918715EF9B793DA0A50646B.e.5262"}]}
COMMAND: GET /session/dfe9bf661470914434d189261566fcf4/screenshot - {}
RESULT: {}
RESULT: {}
COMMAND: POST /session/dfe9bf661470914434d189261566fcf4/execute/async - {"script":"<script> [1562 bytes]","args":[{"selector":{"controlType":"sap.m.SearchField","viewName":"etm.portal.ui.managecontracts.view.Master","bindingPath":{"path":"","propertyPath":"/_BASIC_SEARCH_FIELD","modelName":"fi1t3rM0d31"},"interaction":{"idSuffix":"I"}},"wdio_ui5_key":"etmportal.ui.managecontracts.view.Mastersap.m.SearchField{\"path\":\"\",\"propertyPath\":\"/_BASIC_SEARCH_FIELD\",\"modelName\":\"fi1t3rM0d31\"}"}]}
RESULT: {"script":"<script> [1562 bytes]","args":[{"selector":{"controlType":"sap.m.SearchField","viewName":"etm.portal.ui.managecontracts.view.Master","bindingPath":{"path":"","propertyPath":"/_BASIC_SEARCH_FIELD","modelName":"fi1t3rM0d31"},"interaction":{"idSuffix":"I"}},"wdio_ui5_key":"etmportal.ui.managecontracts.view.Mastersap.m.SearchField{\"path\":\"\",\"propertyPath\":\"/_BASIC_SEARCH_FIELD\",\"modelName\":\"fi1t3rM0d31\"}"}]}
RESULT: undefined
COMMAND: POST /session/dfe9bf661470914434d189261566fcf4/execute/async - {"script":"<script> [776 bytes]","args":[{"enterText":"10303","selector":{"controlType":"sap.m.SearchField","viewName":"etm.portal.ui.managecontracts.view.Master","bindingPath":{"path":"","propertyPath":"/_BASIC_SEARCH_FIELD","modelName":"fi1t3rM0d31"},"interaction":{"idSuffix":"I"}},"clearTextFirst":true,"interactionType":"ENTER_TEXT"}]}
RESULT: {"script":"<script> [776 bytes]","args":[{"enterText":"10303","selector":{"controlType":"sap.m.SearchField","viewName":"etm.portal.ui.managecontracts.view.Master","bindingPath":{"path":"","propertyPath":"/_BASIC_SEARCH_FIELD","modelName":"fi1t3rM0d31"},"interaction":{"idSuffix":"I"}},"clearTextFirst":true,"interactionType":"ENTER_TEXT"}]}
COMMAND: POST /session/dfe9bf661470914434d189261566fcf4/actions - {"actions":[{"id":"action15","type":"key","parameters":{},"actions":[{"type":"keyDown","value":"î€‡"},{"type":"pause","duration":10},{"type":"keyUp","value":"î€‡"}]}]}
RESULT: {"actions":[{"id":"action15","type":"key","parameters":{},"actions":[{"type":"keyDown","value":"î€‡"},{"type":"pause","duration":10},{"type":"keyUp","value":"î€‡"}]}]}
COMMAND: GET /session/dfe9bf661470914434d189261566fcf4/screenshot - {}
RESULT: {}
COMMAND: POST /session/dfe9bf661470914434d189261566fcf4/element - {"using":"xpath","value":"//span[contains(@id, \"masterListContractsSmartTable-header-inner\")]"}
RESULT: {"using":"xpath","value":"//span[contains(@id, \"masterListContractsSmartTable-header-inner\")]"}
COMMAND: POST /session/dfe9bf661470914434d189261566fcf4/elements - {"using":"xpath","value":"//span[contains(@id, \"masterListContractsSmartTable-header-inner\")]"}
RESULT: {"using":"xpath","value":"//span[contains(@id, \"masterListContractsSmartTable-header-inner\")]"}
COMMAND: POST /session/dfe9bf661470914434d189261566fcf4/execute/sync - {"script":"<script> [56 bytes]","args":[{"element-6066-11e4-a52e-4f735466cecf":"f.2B6EE0EFCBCE69EB6F9AFCBE203DF3A5.d.CCCF61D1A918715EF9B793DA0A50646B.e.5325","ELEMENT":"f.2B6EE0EFCBCE69EB6F9AFCBE203DF3A5.d.CCCF61D1A918715EF9B793DA0A50646B.e.5325"}]}
RESULT: {"script":"<script> [56 bytes]","args":[{"element-6066-11e4-a52e-4f735466cecf":"f.2B6EE0EFCBCE69EB6F9AFCBE203DF3A5.d.CCCF61D1A918715EF9B793DA0A50646B.e.5325","ELEMENT":"f.2B6EE0EFCBCE69EB6F9AFCBE203DF3A5.d.CCCF61D1A918715EF9B793DA0A50646B.e.5325"}]}
COMMAND: POST /session/dfe9bf661470914434d189261566fcf4/element - {"using":"xpath","value":"(//span[contains(@id, \"imgNav\")])[1]"}
COMMAND: GET /session/dfe9bf661470914434d189261566fcf4/screenshot - {}
RESULT: {"using":"xpath","value":"(//span[contains(@id, \"imgNav\")])[1]"}
COMMAND: POST /session/dfe9bf661470914434d189261566fcf4/element/f.2B6EE0EFCBCE69EB6F9AFCBE203DF3A5.d.CCCF61D1A918715EF9B793DA0A50646B.e.5323/click - {}
RESULT: {}
RESULT: {}
COMMAND: GET /session/dfe9bf661470914434d189261566fcf4/screenshot - {}
RESULT: {}
COMMAND: POST /session/dfe9bf661470914434d189261566fcf4/element - {"using":"xpath","value":"//table[contains(@id, \"ProductsTable-listUl\")]/tbody/tr[1]/td[6]/div/span"}
RESULT: {"using":"xpath","value":"//table[contains(@id, \"ProductsTable-listUl\")]/tbody/tr[1]/td[6]/div/span"}
COMMAND: POST /session/dfe9bf661470914434d189261566fcf4/elements - {"using":"xpath","value":"//table[contains(@id, \"ProductsTable-listUl\")]/tbody/tr[1]/td[6]/div/span"}
RESULT: {"using":"xpath","value":"//table[contains(@id, \"ProductsTable-listUl\")]/tbody/tr[1]/td[6]/div/span"}
COMMAND: POST /session/dfe9bf661470914434d189261566fcf4/execute/sync - {"script":"<script> [56 bytes]","args":[{"element-6066-11e4-a52e-4f735466cecf":"f.2B6EE0EFCBCE69EB6F9AFCBE203DF3A5.d.CCCF61D1A918715EF9B793DA0A50646B.e.5487","ELEMENT":"f.2B6EE0EFCBCE69EB6F9AFCBE203DF3A5.d.CCCF61D1A918715EF9B793DA0A50646B.e.5487"}]}
RESULT: {"script":"<script> [56 bytes]","args":[{"element-6066-11e4-a52e-4f735466cecf":"f.2B6EE0EFCBCE69EB6F9AFCBE203DF3A5.d.CCCF61D1A918715EF9B793DA0A50646B.e.5487","ELEMENT":"f.2B6EE0EFCBCE69EB6F9AFCBE203DF3A5.d.CCCF61D1A918715EF9B793DA0A50646B.e.5487"}]}
COMMAND: POST /session/dfe9bf661470914434d189261566fcf4/element - {"using":"css selector","value":"#shell-header-logo"}
COMMAND: GET /session/dfe9bf661470914434d189261566fcf4/screenshot - {}
RESULT: {"using":"css selector","value":"#shell-header-logo"}
COMMAND: POST /session/dfe9bf661470914434d189261566fcf4/element/f.2B6EE0EFCBCE69EB6F9AFCBE203DF3A5.d.CCCF61D1A918715EF9B793DA0A50646B.e.5215/click - {}
RESULT: {}
RESULT: {}
COMMAND: GET /session/dfe9bf661470914434d189261566fcf4/screenshot - {}
RESULT: {}
COMMAND: POST /session/dfe9bf661470914434d189261566fcf4/element - {"using":"css selector","value":"#j_username"}
COMMAND: POST /session/dfe9bf661470914434d189261566fcf4/url - {"url":"https://qa-testing-00-live-etm-ui.cfapps.eu10-004.hana.ondemand.com/"}
RESULT: {"using":"css selector","value":"#j_username"}
COMMAND: POST /session/dfe9bf661470914434d189261566fcf4/element - {"using":"css selector","value":"#j_username"}
RESULT: {"url":"https://qa-testing-00-live-etm-ui.cfapps.eu10-004.hana.ondemand.com/"}
RESULT: undefined
COMMAND: GET /session/dfe9bf661470914434d189261566fcf4/screenshot - {}
RESULT: {"using":"css selector","value":"#j_username"}
COMMAND: POST /session/dfe9bf661470914434d189261566fcf4/element - {"using":"css selector","value":"#shell-header-logo"}
RESULT: {}
RESULT: {"using":"css selector","value":"#shell-header-logo"}
COMMAND: POST /session/dfe9bf661470914434d189261566fcf4/execute/sync - {"script":"<script> [8489 bytes]","args":[{"element-6066-11e4-a52e-4f735466cecf":"f.2B6EE0EFCBCE69EB6F9AFCBE203DF3A5.d.4012D5D1C9B060F0C11AE9D67FB63EF9.e.5500","ELEMENT":"f.2B6EE0EFCBCE69EB6F9AFCBE203DF3A5.d.4012D5D1C9B060F0C11AE9D67FB63EF9.e.5500"}]}
RESULT: {"script":"<script> [8489 bytes]","args":[{"element-6066-11e4-a52e-4f735466cecf":"f.2B6EE0EFCBCE69EB6F9AFCBE203DF3A5.d.4012D5D1C9B060F0C11AE9D67FB63EF9.e.5500","ELEMENT":"f.2B6EE0EFCBCE69EB6F9AFCBE203DF3A5.d.4012D5D1C9B060F0C11AE9D67FB63EF9.e.5500"}]}
COMMAND: POST /session/dfe9bf661470914434d189261566fcf4/element - {"using":"css selector","value":"#shell-header-logo"}
COMMAND: GET /session/dfe9bf661470914434d189261566fcf4/screenshot - {}
RESULT: {"using":"css selector","value":"#shell-header-logo"}
COMMAND: POST /session/dfe9bf661470914434d189261566fcf4/execute/sync - {"script":"<script> [8489 bytes]","args":[{"element-6066-11e4-a52e-4f735466cecf":"f.2B6EE0EFCBCE69EB6F9AFCBE203DF3A5.d.4012D5D1C9B060F0C11AE9D67FB63EF9.e.5500","ELEMENT":"f.2B6EE0EFCBCE69EB6F9AFCBE203DF3A5.d.4012D5D1C9B060F0C11AE9D67FB63EF9.e.5500"}]}
RESULT: {}
RESULT: {"script":"<script> [8489 bytes]","args":[{"element-6066-11e4-a52e-4f735466cecf":"f.2B6EE0EFCBCE69EB6F9AFCBE203DF3A5.d.4012D5D1C9B060F0C11AE9D67FB63EF9.e.5500","ELEMENT":"f.2B6EE0EFCBCE69EB6F9AFCBE203DF3A5.d.4012D5D1C9B060F0C11AE9D67FB63EF9.e.5500"}]}
COMMAND: POST /session/dfe9bf661470914434d189261566fcf4/execute/sync - {"script":"<script> [5351 bytes]","args":[{"element-6066-11e4-a52e-4f735466cecf":"f.2B6EE0EFCBCE69EB6F9AFCBE203DF3A5.d.4012D5D1C9B060F0C11AE9D67FB63EF9.e.5500","ELEMENT":"f.2B6EE0EFCBCE69EB6F9AFCBE203DF3A5.d.4012D5D1C9B060F0C11AE9D67FB63EF9.e.5500"}]}
COMMAND: GET /session/dfe9bf661470914434d189261566fcf4/screenshot - {}
RESULT: {"script":"<script> [5351 bytes]","args":[{"element-6066-11e4-a52e-4f735466cecf":"f.2B6EE0EFCBCE69EB6F9AFCBE203DF3A5.d.4012D5D1C9B060F0C11AE9D67FB63EF9.e.5500","ELEMENT":"f.2B6EE0EFCBCE69EB6F9AFCBE203DF3A5.d.4012D5D1C9B060F0C11AE9D67FB63EF9.e.5500"}]}
COMMAND: POST /session/dfe9bf661470914434d189261566fcf4/element - {"using":"css selector","value":"#shell-header-logo"}
COMMAND: GET /session/dfe9bf661470914434d189261566fcf4/screenshot - {}
RESULT: {}
RESULT: {"using":"css selector","value":"#shell-header-logo"}
COMMAND: POST /session/dfe9bf661470914434d189261566fcf4/element/f.2B6EE0EFCBCE69EB6F9AFCBE203DF3A5.d.4012D5D1C9B060F0C11AE9D67FB63EF9.e.5500/click - {}
RESULT: {}
RESULT: {}
COMMAND: GET /session/dfe9bf661470914434d189261566fcf4/screenshot - {}
RESULT: {}
COMMAND: POST /session/dfe9bf661470914434d189261566fcf4/execute/async - {"script":"<script> [189 bytes]","args":[]}
RESULT: {"script":"<script> [189 bytes]","args":[]}
COMMAND: POST /session/dfe9bf661470914434d189261566fcf4/execute/async - {"script":"<script> [123 bytes]","args":[]}
RESULT: {"script":"<script> [123 bytes]","args":[]}
COMMAND: POST /session/dfe9bf661470914434d189261566fcf4/timeouts - {"script":"<number>"}
RESULT: {"script":"<number>"}
COMMAND: GET /session/dfe9bf661470914434d189261566fcf4/timeouts - {}
RESULT: {}
RESULT: undefined
COMMAND: POST /session/dfe9bf661470914434d189261566fcf4/execute/async - {"script":"<script> [2676 bytes]","args":[]}
RESULT: {"script":"<script> [2676 bytes]","args":[]}
COMMAND: POST /session/dfe9bf661470914434d189261566fcf4/execute/async - {"script":"<script> [2342 bytes]","args":[{"protocol":"http","hostname":"0.0.0.0","path":"/","capabilities":{"browserName":"chrome","goog:chromeOptions":{"binary":"C:\\Program Files\\Google\\Chrome\\Application\\chrome.exe","args":["--start-maximized"]}},"logLevel":"warn","connectionRetryTimeout":120000,"connectionRetryCount":3,"logLevels":{},"enableDirectConnect":true,"strictSSL":true,"_":"65 more keys: [\"cacheDir\",\"port\",\"requestedCapabilities\",\"automationProtocol\",\"baseUrl\",\"waitforInterval\",\"waitforTimeout\",\"onReload\",\"beforeCommand\",\"afterCommand\",\"rootDir\",\"specs\",\"suites\",\"exclude\",\"groupLogsByTestSpec\",\"excludeDriverLogs\",\"bail\",\"framework\",\"reporters\",\"services\",\"maxInstances\",\"maxInstancesPerCapability\",\"injectGlobals\",\"filesToWatch\",\"execArgv\",\"runnerEnv\",\"runner\",\"shard\",\"specFileRetries\",\"specFileRetriesDelay\",\"specFileRetriesDeferred\",\"reporterSyncInterval\",\"reporterSyncTimeout\",\"cucumberFeaturesWithLineNumbers\",\"autoCompileOpts\",\"mochaOpts\",\"jasmineOpts\",\"cucumberOpts\",\"onPrepare\",\"onWorkerStart\",\"onWorkerEnd\",\"before\",\"beforeSession\",\"beforeSuite\",\"beforeHook\",\"beforeTest\",\"afterTest\",\"afterHook\",\"afterSuite\",\"afterSession\",\"after\",\"onComplete\",\"beforeAssertion\",\"afterAssertion\",\"beforeFeature\",\"beforeScenario\",\"beforeStep\",\"afterStep\",\"afterScenario\",\"afterFeature\",\"_\",\"suite\",\"$0\",\"ignoredWorkerServices\",\"wdi5\"]"}]}
RESULT: {"script":"<script> [2342 bytes]","args":[{"protocol":"http","hostname":"0.0.0.0","path":"/","capabilities":{"browserName":"chrome","goog:chromeOptions":{"binary":"C:\\Program Files\\Google\\Chrome\\Application\\chrome.exe","args":["--start-maximized"]}},"logLevel":"warn","connectionRetryTimeout":120000,"connectionRetryCount":3,"logLevels":{},"enableDirectConnect":true,"strictSSL":true,"_":"65 more keys: [\"cacheDir\",\"port\",\"requestedCapabilities\",\"automationProtocol\",\"baseUrl\",\"waitforInterval\",\"waitforTimeout\",\"onReload\",\"beforeCommand\",\"afterCommand\",\"rootDir\",\"specs\",\"suites\",\"exclude\",\"groupLogsByTestSpec\",\"excludeDriverLogs\",\"bail\",\"framework\",\"reporters\",\"services\",\"maxInstances\",\"maxInstancesPerCapability\",\"injectGlobals\",\"filesToWatch\",\"execArgv\",\"runnerEnv\",\"runner\",\"shard\",\"specFileRetries\",\"specFileRetriesDelay\",\"specFileRetriesDeferred\",\"reporterSyncInterval\",\"reporterSyncTimeout\",\"cucumberFeaturesWithLineNumbers\",\"autoCompileOpts\",\"mochaOpts\",\"jasmineOpts\",\"cucumberOpts\",\"onPrepare\",\"onWorkerStart\",\"onWorkerEnd\",\"before\",\"beforeSession\",\"beforeSuite\",\"beforeHook\",\"beforeTest\",\"afterTest\",\"afterHook\",\"afterSuite\",\"afterSession\",\"after\",\"onComplete\",\"beforeAssertion\",\"afterAssertion\",\"beforeFeature\",\"beforeScenario\",\"beforeStep\",\"afterStep\",\"afterScenario\",\"afterFeature\",\"_\",\"suite\",\"$0\",\"ignoredWorkerServices\",\"wdi5\"]"}]}
COMMAND: POST /session/dfe9bf661470914434d189261566fcf4/execute/async - {"script":"<script> [21126 bytes]","args":[35000]}
RESULT: {"script":"<script> [21126 bytes]","args":[35000]}
COMMAND: POST /session/dfe9bf661470914434d189261566fcf4/window/maximize - {}
RESULT: {}
COMMAND: POST /session/dfe9bf661470914434d189261566fcf4/execute/async - {"script":"<script> [1562 bytes]","args":[{"selector":{"id":"shell-header","interaction":{"idSuffix":"icon"}},"wdio_ui5_key":"shellheader"}]}
COMMAND: GET /session/dfe9bf661470914434d189261566fcf4/screenshot - {}
RESULT: {"script":"<script> [1562 bytes]","args":[{"selector":{"id":"shell-header","interaction":{"idSuffix":"icon"}},"wdio_ui5_key":"shellheader"}]}
RESULT: undefined
COMMAND: POST /session/dfe9bf661470914434d189261566fcf4/window/fullscreen - {}
RESULT: {}
RESULT: {}
]]></system-out>
    </testcase>
  </testsuite>
  <testsuite timestamp="2025-05-16T15:53:19" time="228.331" tests="1" failures="0" errors="0" skipped="0">
    <properties>
      <property name="specId" value="0" />
      <property name="suiteName" value="Create masterdata for Yard Overview - trigger provide US130988" />
      <property name="capabilities" value="chrome.136_0_7103_93.windows" />
      <property name="file" value="file:///D:/a/1/s/test/specs/HTR/site-overview-return.spec.js" />
    </properties>
    <testcase classname="chrome.136_0_7103_93.windows.Create_masterdata_for_Yard_Overview_-_trigger_provide_US130988" name="Should navigate to site overview and trigger return" time="210.891">
      <system-out><![CDATA[
COMMAND: POST /session/dfe9bf661470914434d189261566fcf4/execute/async - {"script":"<script> [1562 bytes]","args":[{"selector":{"controlType":"sap.m.GenericTile","properties":{"header":"Site Overview"}},"wdio_ui5_key":"sapm.GenericTile{\"header\":\"Site Overview\"}"}]}
RESULT: {"script":"<script> [1562 bytes]","args":[{"selector":{"controlType":"sap.m.GenericTile","properties":{"header":"Site Overview"}},"wdio_ui5_key":"sapm.GenericTile{\"header\":\"Site Overview\"}"}]}
RESULT: undefined
COMMAND: POST /session/dfe9bf661470914434d189261566fcf4/element - {"using":"xpath","value":"//*[@id=\"__tile100\"]"}
RESULT: {"using":"xpath","value":"//*[@id=\"__tile100\"]"}
COMMAND: POST /session/dfe9bf661470914434d189261566fcf4/element/f.2B6EE0EFCBCE69EB6F9AFCBE203DF3A5.d.4012D5D1C9B060F0C11AE9D67FB63EF9.e.5622/click - {}
RESULT: {}
COMMAND: GET /session/dfe9bf661470914434d189261566fcf4/screenshot - {}
RESULT: {}
COMMAND: POST /session/dfe9bf661470914434d189261566fcf4/elements - {"using":"xpath","value":"//span[text()='Error']"}
RESULT: {"using":"xpath","value":"//span[text()='Error']"}
COMMAND: POST /session/dfe9bf661470914434d189261566fcf4/element - {"using":"xpath","value":"//input[contains(@id,\"smartFilterBar-btnBasicSearch-I\")]"}
RESULT: {"using":"xpath","value":"//input[contains(@id,\"smartFilterBar-btnBasicSearch-I\")]"}
COMMAND: POST /session/dfe9bf661470914434d189261566fcf4/elements - {"using":"xpath","value":"//input[contains(@id,\"smartFilterBar-btnBasicSearch-I\")]"}
RESULT: {"using":"xpath","value":"//input[contains(@id,\"smartFilterBar-btnBasicSearch-I\")]"}
COMMAND: POST /session/dfe9bf661470914434d189261566fcf4/elements - {"using":"xpath","value":"//input[contains(@id,\"smartFilterBar-btnBasicSearch-I\")]"}
RESULT: {"using":"xpath","value":"//input[contains(@id,\"smartFilterBar-btnBasicSearch-I\")]"}
COMMAND: POST /session/dfe9bf661470914434d189261566fcf4/element - {"using":"xpath","value":"//input[contains(@id,\"smartFilterBar-btnBasicSearch-I\")]"}
RESULT: {"using":"xpath","value":"//input[contains(@id,\"smartFilterBar-btnBasicSearch-I\")]"}
COMMAND: POST /session/dfe9bf661470914434d189261566fcf4/execute/sync - {"script":"<script> [8489 bytes]","args":[{"element-6066-11e4-a52e-4f735466cecf":"f.2B6EE0EFCBCE69EB6F9AFCBE203DF3A5.d.4012D5D1C9B060F0C11AE9D67FB63EF9.e.5644","ELEMENT":"f.2B6EE0EFCBCE69EB6F9AFCBE203DF3A5.d.4012D5D1C9B060F0C11AE9D67FB63EF9.e.5644"}]}
RESULT: {"script":"<script> [8489 bytes]","args":[{"element-6066-11e4-a52e-4f735466cecf":"f.2B6EE0EFCBCE69EB6F9AFCBE203DF3A5.d.4012D5D1C9B060F0C11AE9D67FB63EF9.e.5644","ELEMENT":"f.2B6EE0EFCBCE69EB6F9AFCBE203DF3A5.d.4012D5D1C9B060F0C11AE9D67FB63EF9.e.5644"}]}
COMMAND: GET /session/dfe9bf661470914434d189261566fcf4/element/f.2B6EE0EFCBCE69EB6F9AFCBE203DF3A5.d.4012D5D1C9B060F0C11AE9D67FB63EF9.e.5644/enabled - {}
COMMAND: GET /session/dfe9bf661470914434d189261566fcf4/screenshot - {}
RESULT: {}
COMMAND: POST /session/dfe9bf661470914434d189261566fcf4/execute/sync - {"script":"<script> [8489 bytes]","args":[{"element-6066-11e4-a52e-4f735466cecf":"f.2B6EE0EFCBCE69EB6F9AFCBE203DF3A5.d.4012D5D1C9B060F0C11AE9D67FB63EF9.e.5644","ELEMENT":"f.2B6EE0EFCBCE69EB6F9AFCBE203DF3A5.d.4012D5D1C9B060F0C11AE9D67FB63EF9.e.5644"}]}
COMMAND: GET /session/dfe9bf661470914434d189261566fcf4/screenshot - {}
RESULT: {}
RESULT: {"script":"<script> [8489 bytes]","args":[{"element-6066-11e4-a52e-4f735466cecf":"f.2B6EE0EFCBCE69EB6F9AFCBE203DF3A5.d.4012D5D1C9B060F0C11AE9D67FB63EF9.e.5644","ELEMENT":"f.2B6EE0EFCBCE69EB6F9AFCBE203DF3A5.d.4012D5D1C9B060F0C11AE9D67FB63EF9.e.5644"}]}
COMMAND: POST /session/dfe9bf661470914434d189261566fcf4/execute/sync - {"script":"<script> [5351 bytes]","args":[{"element-6066-11e4-a52e-4f735466cecf":"f.2B6EE0EFCBCE69EB6F9AFCBE203DF3A5.d.4012D5D1C9B060F0C11AE9D67FB63EF9.e.5644","ELEMENT":"f.2B6EE0EFCBCE69EB6F9AFCBE203DF3A5.d.4012D5D1C9B060F0C11AE9D67FB63EF9.e.5644"}]}
COMMAND: GET /session/dfe9bf661470914434d189261566fcf4/screenshot - {}
RESULT: {}
RESULT: {"script":"<script> [5351 bytes]","args":[{"element-6066-11e4-a52e-4f735466cecf":"f.2B6EE0EFCBCE69EB6F9AFCBE203DF3A5.d.4012D5D1C9B060F0C11AE9D67FB63EF9.e.5644","ELEMENT":"f.2B6EE0EFCBCE69EB6F9AFCBE203DF3A5.d.4012D5D1C9B060F0C11AE9D67FB63EF9.e.5644"}]}
COMMAND: GET /session/dfe9bf661470914434d189261566fcf4/screenshot - {}
RESULT: {}
RESULT: {}
COMMAND: POST /session/dfe9bf661470914434d189261566fcf4/element/f.2B6EE0EFCBCE69EB6F9AFCBE203DF3A5.d.4012D5D1C9B060F0C11AE9D67FB63EF9.e.5644/clear - {}
RESULT: {}
COMMAND: POST /session/dfe9bf661470914434d189261566fcf4/element/f.2B6EE0EFCBCE69EB6F9AFCBE203DF3A5.d.4012D5D1C9B060F0C11AE9D67FB63EF9.e.5644/value - {"text":"2217"}
COMMAND: GET /session/dfe9bf661470914434d189261566fcf4/screenshot - {}
RESULT: {"text":"2217"}
COMMAND: GET /session/dfe9bf661470914434d189261566fcf4/screenshot - {}
RESULT: {}
RESULT: {}
COMMAND: POST /session/dfe9bf661470914434d189261566fcf4/actions - {"actions":[{"id":"action16","type":"key","parameters":{},"actions":[{"type":"keyDown","value":"î€‡"},{"type":"pause","duration":10},{"type":"keyUp","value":"î€‡"}]}]}
RESULT: {"actions":[{"id":"action16","type":"key","parameters":{},"actions":[{"type":"keyDown","value":"î€‡"},{"type":"pause","duration":10},{"type":"keyUp","value":"î€‡"}]}]}
COMMAND: GET /session/dfe9bf661470914434d189261566fcf4/screenshot - {}
RESULT: {}
COMMAND: POST /session/dfe9bf661470914434d189261566fcf4/element - {"using":"xpath","value":"//span[contains(@id, \"smartTable-header-inner\")]"}
RESULT: {"using":"xpath","value":"//span[contains(@id, \"smartTable-header-inner\")]"}
COMMAND: POST /session/dfe9bf661470914434d189261566fcf4/elements - {"using":"xpath","value":"//span[contains(@id, \"smartTable-header-inner\")]"}
RESULT: {"using":"xpath","value":"//span[contains(@id, \"smartTable-header-inner\")]"}
COMMAND: POST /session/dfe9bf661470914434d189261566fcf4/execute/sync - {"script":"<script> [56 bytes]","args":[{"element-6066-11e4-a52e-4f735466cecf":"f.2B6EE0EFCBCE69EB6F9AFCBE203DF3A5.d.4012D5D1C9B060F0C11AE9D67FB63EF9.e.5752","ELEMENT":"f.2B6EE0EFCBCE69EB6F9AFCBE203DF3A5.d.4012D5D1C9B060F0C11AE9D67FB63EF9.e.5752"}]}
RESULT: {"script":"<script> [56 bytes]","args":[{"element-6066-11e4-a52e-4f735466cecf":"f.2B6EE0EFCBCE69EB6F9AFCBE203DF3A5.d.4012D5D1C9B060F0C11AE9D67FB63EF9.e.5752","ELEMENT":"f.2B6EE0EFCBCE69EB6F9AFCBE203DF3A5.d.4012D5D1C9B060F0C11AE9D67FB63EF9.e.5752"}]}
COMMAND: POST /session/dfe9bf661470914434d189261566fcf4/element - {"using":"xpath","value":"(//span[contains(@id, \"imgNav\")])[1]"}
COMMAND: GET /session/dfe9bf661470914434d189261566fcf4/screenshot - {}
RESULT: {"using":"xpath","value":"(//span[contains(@id, \"imgNav\")])[1]"}
COMMAND: POST /session/dfe9bf661470914434d189261566fcf4/element/f.2B6EE0EFCBCE69EB6F9AFCBE203DF3A5.d.4012D5D1C9B060F0C11AE9D67FB63EF9.e.5751/click - {}
RESULT: {}
RESULT: {}
COMMAND: GET /session/dfe9bf661470914434d189261566fcf4/screenshot - {}
RESULT: {}
COMMAND: POST /session/dfe9bf661470914434d189261566fcf4/execute/async - {"script":"<script> [1562 bytes]","args":[{"selector":{"id":"application-siteinventory-display-component---detailSiteInventory--onSite-triggerAction-returnBtn","interaction":{"idSuffix":"BDI-content"}},"wdio_ui5_key":"applicationsiteinventory-display-component---detailSiteInventory--onSite-triggerAction-returnBtn"}]}
RESULT: {"script":"<script> [1562 bytes]","args":[{"selector":{"id":"application-siteinventory-display-component---detailSiteInventory--onSite-triggerAction-returnBtn","interaction":{"idSuffix":"BDI-content"}},"wdio_ui5_key":"applicationsiteinventory-display-component---detailSiteInventory--onSite-triggerAction-returnBtn"}]}
RESULT: undefined
COMMAND: POST /session/dfe9bf661470914434d189261566fcf4/element - {"using":"xpath","value":"//*[@id=\"application-siteinventory-display-component---detailSiteInventory--onSite-triggerAction-returnBtn\"]"}
RESULT: {"using":"xpath","value":"//*[@id=\"application-siteinventory-display-component---detailSiteInventory--onSite-triggerAction-returnBtn\"]"}
COMMAND: POST /session/dfe9bf661470914434d189261566fcf4/element/f.2B6EE0EFCBCE69EB6F9AFCBE203DF3A5.d.4012D5D1C9B060F0C11AE9D67FB63EF9.e.5839/click - {}
RESULT: {}
COMMAND: GET /session/dfe9bf661470914434d189261566fcf4/screenshot - {}
RESULT: {}
COMMAND: POST /session/dfe9bf661470914434d189261566fcf4/execute/async - {"script":"<script> [1562 bytes]","args":[{"selector":{"id":"application-siteinventory-display-component---detailSiteInventory--smartSiteHoItemsTable-sa","interaction":{"idSuffix":"CbBg"}},"wdio_ui5_key":"applicationsiteinventory-display-component---detailSiteInventory--smartSiteHoItemsTable-sa"}]}
RESULT: {"script":"<script> [1562 bytes]","args":[{"selector":{"id":"application-siteinventory-display-component---detailSiteInventory--smartSiteHoItemsTable-sa","interaction":{"idSuffix":"CbBg"}},"wdio_ui5_key":"applicationsiteinventory-display-component---detailSiteInventory--smartSiteHoItemsTable-sa"}]}
RESULT: undefined
COMMAND: POST /session/dfe9bf661470914434d189261566fcf4/element - {"using":"xpath","value":"//*[@id=\"application-siteinventory-display-component---detailSiteInventory--smartSiteHoItemsTable-sa\"]"}
RESULT: {"using":"xpath","value":"//*[@id=\"application-siteinventory-display-component---detailSiteInventory--smartSiteHoItemsTable-sa\"]"}
COMMAND: POST /session/dfe9bf661470914434d189261566fcf4/element/f.2B6EE0EFCBCE69EB6F9AFCBE203DF3A5.d.4012D5D1C9B060F0C11AE9D67FB63EF9.e.5866/click - {}
RESULT: {}
COMMAND: GET /session/dfe9bf661470914434d189261566fcf4/screenshot - {}
RESULT: {}
RESULT: undefined
COMMAND: POST /session/dfe9bf661470914434d189261566fcf4/element - {"using":"xpath","value":"//*[@id=\"application-siteinventory-display-component---detailSiteInventory--onSite-triggerAction-returnBtn\"]"}
RESULT: {"using":"xpath","value":"//*[@id=\"application-siteinventory-display-component---detailSiteInventory--onSite-triggerAction-returnBtn\"]"}
COMMAND: POST /session/dfe9bf661470914434d189261566fcf4/element/f.2B6EE0EFCBCE69EB6F9AFCBE203DF3A5.d.4012D5D1C9B060F0C11AE9D67FB63EF9.e.5839/click - {}
RESULT: {}
COMMAND: GET /session/dfe9bf661470914434d189261566fcf4/screenshot - {}
RESULT: {}
COMMAND: POST /session/dfe9bf661470914434d189261566fcf4/actions - {"actions":[{"id":"action17","type":"key","parameters":{},"actions":[{"type":"keyDown","value":"î€‡"},{"type":"pause","duration":10},{"type":"keyUp","value":"î€‡"}]}]}
RESULT: {"actions":[{"id":"action17","type":"key","parameters":{},"actions":[{"type":"keyDown","value":"î€‡"},{"type":"pause","duration":10},{"type":"keyUp","value":"î€‡"}]}]}
COMMAND: GET /session/dfe9bf661470914434d189261566fcf4/screenshot - {}
RESULT: {}
COMMAND: POST /session/dfe9bf661470914434d189261566fcf4/execute/async - {"script":"<script> [1562 bytes]","args":[{"selector":{"id":"application-siteinventory-display-component---detailSiteInventory--hoItemsSmartTable-btnPersonalisation-img"},"wdio_ui5_key":"applicationsiteinventory-display-component---detailSiteInventory--hoItemsSmartTable-btnPersonalisation-img"}]}
RESULT: {"script":"<script> [1562 bytes]","args":[{"selector":{"id":"application-siteinventory-display-component---detailSiteInventory--hoItemsSmartTable-btnPersonalisation-img"},"wdio_ui5_key":"applicationsiteinventory-display-component---detailSiteInventory--hoItemsSmartTable-btnPersonalisation-img"}]}
RESULT: undefined
COMMAND: POST /session/dfe9bf661470914434d189261566fcf4/element - {"using":"xpath","value":"//*[@id=\"application-siteinventory-display-component---detailSiteInventory--hoItemsSmartTable-btnPersonalisation-img\"]"}
RESULT: {"using":"xpath","value":"//*[@id=\"application-siteinventory-display-component---detailSiteInventory--hoItemsSmartTable-btnPersonalisation-img\"]"}
COMMAND: POST /session/dfe9bf661470914434d189261566fcf4/element/f.2B6EE0EFCBCE69EB6F9AFCBE203DF3A5.d.4012D5D1C9B060F0C11AE9D67FB63EF9.e.5870/click - {}
RESULT: {}
COMMAND: GET /session/dfe9bf661470914434d189261566fcf4/screenshot - {}
RESULT: {}
COMMAND: POST /session/dfe9bf661470914434d189261566fcf4/element - {"using":"xpath","value":"//input[contains(@id ,\"searchField-I\")]"}
RESULT: {"using":"xpath","value":"//input[contains(@id ,\"searchField-I\")]"}
COMMAND: POST /session/dfe9bf661470914434d189261566fcf4/element/f.2B6EE0EFCBCE69EB6F9AFCBE203DF3A5.d.4012D5D1C9B060F0C11AE9D67FB63EF9.e.5873/clear - {}
RESULT: {}
COMMAND: POST /session/dfe9bf661470914434d189261566fcf4/element/f.2B6EE0EFCBCE69EB6F9AFCBE203DF3A5.d.4012D5D1C9B060F0C11AE9D67FB63EF9.e.5873/value - {"text":"Handover Returned"}
COMMAND: GET /session/dfe9bf661470914434d189261566fcf4/screenshot - {}
RESULT: {"text":"Handover Returned"}
COMMAND: GET /session/dfe9bf661470914434d189261566fcf4/screenshot - {}
RESULT: {}
RESULT: {}
COMMAND: POST /session/dfe9bf661470914434d189261566fcf4/element - {"using":"xpath","value":"//div[contains(@id ,\"innerSelectionPanelTable-sa-CbBg\")]"}
RESULT: {"using":"xpath","value":"//div[contains(@id ,\"innerSelectionPanelTable-sa-CbBg\")]"}
COMMAND: POST /session/dfe9bf661470914434d189261566fcf4/element/f.2B6EE0EFCBCE69EB6F9AFCBE203DF3A5.d.4012D5D1C9B060F0C11AE9D67FB63EF9.e.5900/click - {}
RESULT: {}
COMMAND: POST /session/dfe9bf661470914434d189261566fcf4/execute/async - {"script":"<script> [1562 bytes]","args":[{"selector":{"controlType":"sap.m.Button","viewName":"etm.portal.ui.siteinventory.view.Detail","viewId":"application-siteinventory-display-component---detailSiteInventory","properties":{"text":"OK"},"searchOpenDialogs":true,"interaction":{"idSuffix":"BDI-content"}},"wdio_ui5_key":"etmportal.ui.siteinventory.view.Detailsap.m.Button{\"text\":\"OK\"}"}]}
COMMAND: GET /session/dfe9bf661470914434d189261566fcf4/screenshot - {}
RESULT: {"script":"<script> [1562 bytes]","args":[{"selector":{"controlType":"sap.m.Button","viewName":"etm.portal.ui.siteinventory.view.Detail","viewId":"application-siteinventory-display-component---detailSiteInventory","properties":{"text":"OK"},"searchOpenDialogs":true,"interaction":{"idSuffix":"BDI-content"}},"wdio_ui5_key":"etmportal.ui.siteinventory.view.Detailsap.m.Button{\"text\":\"OK\"}"}]}
RESULT: undefined
COMMAND: POST /session/dfe9bf661470914434d189261566fcf4/element - {"using":"xpath","value":"//*[@id=\"__popup37-confirmBtn\"]"}
RESULT: {}
RESULT: {"using":"xpath","value":"//*[@id=\"__popup37-confirmBtn\"]"}
COMMAND: POST /session/dfe9bf661470914434d189261566fcf4/element/f.2B6EE0EFCBCE69EB6F9AFCBE203DF3A5.d.4012D5D1C9B060F0C11AE9D67FB63EF9.e.5902/click - {}
RESULT: {}
COMMAND: GET /session/dfe9bf661470914434d189261566fcf4/screenshot - {}
RESULT: {}
COMMAND: POST /session/dfe9bf661470914434d189261566fcf4/element - {"using":"css selector","value":"#shell-header-logo"}
RESULT: {"using":"css selector","value":"#shell-header-logo"}
COMMAND: POST /session/dfe9bf661470914434d189261566fcf4/element/f.2B6EE0EFCBCE69EB6F9AFCBE203DF3A5.d.4012D5D1C9B060F0C11AE9D67FB63EF9.e.5500/click - {}
RESULT: {}
COMMAND: GET /session/dfe9bf661470914434d189261566fcf4/screenshot - {}
RESULT: {}
COMMAND: POST /session/dfe9bf661470914434d189261566fcf4/execute/async - {"script":"<script> [1562 bytes]","args":[{"selector":{"controlType":"sap.m.GenericTile","properties":{"header":"Manage Handovers"}},"wdio_ui5_key":"sapm.GenericTile{\"header\":\"Manage Handovers\"}"}]}
RESULT: {"script":"<script> [1562 bytes]","args":[{"selector":{"controlType":"sap.m.GenericTile","properties":{"header":"Manage Handovers"}},"wdio_ui5_key":"sapm.GenericTile{\"header\":\"Manage Handovers\"}"}]}
RESULT: undefined
COMMAND: POST /session/dfe9bf661470914434d189261566fcf4/element - {"using":"xpath","value":"//*[@id=\"__tile131\"]"}
RESULT: {"using":"xpath","value":"//*[@id=\"__tile131\"]"}
COMMAND: POST /session/dfe9bf661470914434d189261566fcf4/element/f.2B6EE0EFCBCE69EB6F9AFCBE203DF3A5.d.4012D5D1C9B060F0C11AE9D67FB63EF9.e.5549/click - {}
RESULT: {}
COMMAND: GET /session/dfe9bf661470914434d189261566fcf4/screenshot - {}
RESULT: {}
COMMAND: POST /session/dfe9bf661470914434d189261566fcf4/elements - {"using":"xpath","value":"//span[text()='Error']"}
RESULT: {"using":"xpath","value":"//span[text()='Error']"}
COMMAND: POST /session/dfe9bf661470914434d189261566fcf4/element - {"using":"xpath","value":"//button[@data-kt=\"masterHOAddButton\"]"}
RESULT: {"using":"xpath","value":"//button[@data-kt=\"masterHOAddButton\"]"}
COMMAND: POST /session/dfe9bf661470914434d189261566fcf4/elements - {"using":"xpath","value":"//button[@data-kt=\"masterHOAddButton\"]"}
RESULT: {"using":"xpath","value":"//button[@data-kt=\"masterHOAddButton\"]"}
COMMAND: POST /session/dfe9bf661470914434d189261566fcf4/execute/sync - {"script":"<script> [8489 bytes]","args":[{"element-6066-11e4-a52e-4f735466cecf":"f.2B6EE0EFCBCE69EB6F9AFCBE203DF3A5.d.4012D5D1C9B060F0C11AE9D67FB63EF9.e.5956","ELEMENT":"f.2B6EE0EFCBCE69EB6F9AFCBE203DF3A5.d.4012D5D1C9B060F0C11AE9D67FB63EF9.e.5956"}]}
RESULT: {"script":"<script> [8489 bytes]","args":[{"element-6066-11e4-a52e-4f735466cecf":"f.2B6EE0EFCBCE69EB6F9AFCBE203DF3A5.d.4012D5D1C9B060F0C11AE9D67FB63EF9.e.5956","ELEMENT":"f.2B6EE0EFCBCE69EB6F9AFCBE203DF3A5.d.4012D5D1C9B060F0C11AE9D67FB63EF9.e.5956"}]}
COMMAND: GET /session/dfe9bf661470914434d189261566fcf4/element/f.2B6EE0EFCBCE69EB6F9AFCBE203DF3A5.d.4012D5D1C9B060F0C11AE9D67FB63EF9.e.5956/enabled - {}
COMMAND: GET /session/dfe9bf661470914434d189261566fcf4/screenshot - {}
RESULT: {}
COMMAND: POST /session/dfe9bf661470914434d189261566fcf4/execute/sync - {"script":"<script> [8489 bytes]","args":[{"element-6066-11e4-a52e-4f735466cecf":"f.2B6EE0EFCBCE69EB6F9AFCBE203DF3A5.d.4012D5D1C9B060F0C11AE9D67FB63EF9.e.5956","ELEMENT":"f.2B6EE0EFCBCE69EB6F9AFCBE203DF3A5.d.4012D5D1C9B060F0C11AE9D67FB63EF9.e.5956"}]}
COMMAND: GET /session/dfe9bf661470914434d189261566fcf4/screenshot - {}
RESULT: {}
RESULT: {"script":"<script> [8489 bytes]","args":[{"element-6066-11e4-a52e-4f735466cecf":"f.2B6EE0EFCBCE69EB6F9AFCBE203DF3A5.d.4012D5D1C9B060F0C11AE9D67FB63EF9.e.5956","ELEMENT":"f.2B6EE0EFCBCE69EB6F9AFCBE203DF3A5.d.4012D5D1C9B060F0C11AE9D67FB63EF9.e.5956"}]}
COMMAND: POST /session/dfe9bf661470914434d189261566fcf4/execute/sync - {"script":"<script> [5351 bytes]","args":[{"element-6066-11e4-a52e-4f735466cecf":"f.2B6EE0EFCBCE69EB6F9AFCBE203DF3A5.d.4012D5D1C9B060F0C11AE9D67FB63EF9.e.5956","ELEMENT":"f.2B6EE0EFCBCE69EB6F9AFCBE203DF3A5.d.4012D5D1C9B060F0C11AE9D67FB63EF9.e.5956"}]}
COMMAND: GET /session/dfe9bf661470914434d189261566fcf4/screenshot - {}
RESULT: {}
RESULT: {"script":"<script> [5351 bytes]","args":[{"element-6066-11e4-a52e-4f735466cecf":"f.2B6EE0EFCBCE69EB6F9AFCBE203DF3A5.d.4012D5D1C9B060F0C11AE9D67FB63EF9.e.5956","ELEMENT":"f.2B6EE0EFCBCE69EB6F9AFCBE203DF3A5.d.4012D5D1C9B060F0C11AE9D67FB63EF9.e.5956"}]}
COMMAND: GET /session/dfe9bf661470914434d189261566fcf4/screenshot - {}
RESULT: {}
RESULT: {}
COMMAND: POST /session/dfe9bf661470914434d189261566fcf4/element - {"using":"xpath","value":"//span[contains(@id ,\"filterItemControl_BASIC-SEND_CONTRACT-vhi\")]"}
RESULT: {"using":"xpath","value":"//span[contains(@id ,\"filterItemControl_BASIC-SEND_CONTRACT-vhi\")]"}
COMMAND: POST /session/dfe9bf661470914434d189261566fcf4/element/f.2B6EE0EFCBCE69EB6F9AFCBE203DF3A5.d.4012D5D1C9B060F0C11AE9D67FB63EF9.e.5991/click - {}
RESULT: {}
COMMAND: GET /session/dfe9bf661470914434d189261566fcf4/screenshot - {}
RESULT: {}
COMMAND: POST /session/dfe9bf661470914434d189261566fcf4/execute/async - {"script":"<script> [1562 bytes]","args":[{"selector":{"controlType":"sap.m.SearchField","viewName":"etm.portal.ui.managehandovers.view.MasterHO","bindingPath":{"path":"","propertyPath":"/_BASIC_SEARCH_FIELD","modelName":"fi1t3rM0d31"},"searchOpenDialogs":true,"interaction":{"idSuffix":"I"}},"wdio_ui5_key":"etmportal.ui.managehandovers.view.MasterHOsap.m.SearchField{\"path\":\"\",\"propertyPath\":\"/_BASIC_SEARCH_FIELD\",\"modelName\":\"fi1t3rM0d31\"}"}]}
RESULT: {"script":"<script> [1562 bytes]","args":[{"selector":{"controlType":"sap.m.SearchField","viewName":"etm.portal.ui.managehandovers.view.MasterHO","bindingPath":{"path":"","propertyPath":"/_BASIC_SEARCH_FIELD","modelName":"fi1t3rM0d31"},"searchOpenDialogs":true,"interaction":{"idSuffix":"I"}},"wdio_ui5_key":"etmportal.ui.managehandovers.view.MasterHOsap.m.SearchField{\"path\":\"\",\"propertyPath\":\"/_BASIC_SEARCH_FIELD\",\"modelName\":\"fi1t3rM0d31\"}"}]}
RESULT: undefined
COMMAND: POST /session/dfe9bf661470914434d189261566fcf4/execute/async - {"script":"<script> [776 bytes]","args":[{"enterText":"10303","selector":{"controlType":"sap.m.SearchField","viewName":"etm.portal.ui.managehandovers.view.MasterHO","bindingPath":{"path":"","propertyPath":"/_BASIC_SEARCH_FIELD","modelName":"fi1t3rM0d31"},"searchOpenDialogs":true,"interaction":{"idSuffix":"I"}},"clearTextFirst":true,"interactionType":"ENTER_TEXT"}]}
RESULT: {"script":"<script> [776 bytes]","args":[{"enterText":"10303","selector":{"controlType":"sap.m.SearchField","viewName":"etm.portal.ui.managehandovers.view.MasterHO","bindingPath":{"path":"","propertyPath":"/_BASIC_SEARCH_FIELD","modelName":"fi1t3rM0d31"},"searchOpenDialogs":true,"interaction":{"idSuffix":"I"}},"clearTextFirst":true,"interactionType":"ENTER_TEXT"}]}
COMMAND: POST /session/dfe9bf661470914434d189261566fcf4/actions - {"actions":[{"id":"action18","type":"key","parameters":{},"actions":[{"type":"keyDown","value":"î€‡"},{"type":"pause","duration":10},{"type":"keyUp","value":"î€‡"}]}]}
RESULT: {"actions":[{"id":"action18","type":"key","parameters":{},"actions":[{"type":"keyDown","value":"î€‡"},{"type":"pause","duration":10},{"type":"keyUp","value":"î€‡"}]}]}
COMMAND: GET /session/dfe9bf661470914434d189261566fcf4/screenshot - {}
RESULT: {}
COMMAND: POST /session/dfe9bf661470914434d189261566fcf4/element - {"using":"xpath","value":"//div[contains(@id, 'filterItemControl_BASIC-SEND_CONTRACT-valueHelpDialog-table-rowsel0')]"}
RESULT: {"using":"xpath","value":"//div[contains(@id, 'filterItemControl_BASIC-SEND_CONTRACT-valueHelpDialog-table-rowsel0')]"}
COMMAND: POST /session/dfe9bf661470914434d189261566fcf4/element/f.2B6EE0EFCBCE69EB6F9AFCBE203DF3A5.d.4012D5D1C9B060F0C11AE9D67FB63EF9.e.6001/click - {}
RESULT: {}
COMMAND: GET /session/dfe9bf661470914434d189261566fcf4/screenshot - {}
RESULT: {}
COMMAND: POST /session/dfe9bf661470914434d189261566fcf4/element - {"using":"xpath","value":"//bdi[contains(text(), \"OK\")]"}
RESULT: {"using":"xpath","value":"//bdi[contains(text(), \"OK\")]"}
COMMAND: POST /session/dfe9bf661470914434d189261566fcf4/element/f.2B6EE0EFCBCE69EB6F9AFCBE203DF3A5.d.4012D5D1C9B060F0C11AE9D67FB63EF9.e.6003/click - {}
RESULT: {}
COMMAND: GET /session/dfe9bf661470914434d189261566fcf4/screenshot - {}
RESULT: {}
COMMAND: POST /session/dfe9bf661470914434d189261566fcf4/element - {"using":"xpath","value":"//span[contains(@id, \"smartTable-header-inner\")]"}
RESULT: {"using":"xpath","value":"//span[contains(@id, \"smartTable-header-inner\")]"}
COMMAND: POST /session/dfe9bf661470914434d189261566fcf4/elements - {"using":"xpath","value":"//span[contains(@id, \"smartTable-header-inner\")]"}
RESULT: {"using":"xpath","value":"//span[contains(@id, \"smartTable-header-inner\")]"}
COMMAND: POST /session/dfe9bf661470914434d189261566fcf4/execute/sync - {"script":"<script> [56 bytes]","args":[{"element-6066-11e4-a52e-4f735466cecf":"f.2B6EE0EFCBCE69EB6F9AFCBE203DF3A5.d.4012D5D1C9B060F0C11AE9D67FB63EF9.e.6044","ELEMENT":"f.2B6EE0EFCBCE69EB6F9AFCBE203DF3A5.d.4012D5D1C9B060F0C11AE9D67FB63EF9.e.6044"}]}
RESULT: {"script":"<script> [56 bytes]","args":[{"element-6066-11e4-a52e-4f735466cecf":"f.2B6EE0EFCBCE69EB6F9AFCBE203DF3A5.d.4012D5D1C9B060F0C11AE9D67FB63EF9.e.6044","ELEMENT":"f.2B6EE0EFCBCE69EB6F9AFCBE203DF3A5.d.4012D5D1C9B060F0C11AE9D67FB63EF9.e.6044"}]}
COMMAND: POST /session/dfe9bf661470914434d189261566fcf4/element - {"using":"xpath","value":"//table[contains(@id, \"customHandovers\")]//tbody/tr[1]/td[2]/span"}
COMMAND: GET /session/dfe9bf661470914434d189261566fcf4/screenshot - {}
RESULT: {"using":"xpath","value":"//table[contains(@id, \"customHandovers\")]//tbody/tr[1]/td[2]/span"}
COMMAND: POST /session/dfe9bf661470914434d189261566fcf4/execute/sync - {"script":"<script> [56 bytes]","args":[{"element-6066-11e4-a52e-4f735466cecf":"f.2B6EE0EFCBCE69EB6F9AFCBE203DF3A5.d.4012D5D1C9B060F0C11AE9D67FB63EF9.e.6045","ELEMENT":"f.2B6EE0EFCBCE69EB6F9AFCBE203DF3A5.d.4012D5D1C9B060F0C11AE9D67FB63EF9.e.6045"}]}
RESULT: {}
RESULT: {"script":"<script> [56 bytes]","args":[{"element-6066-11e4-a52e-4f735466cecf":"f.2B6EE0EFCBCE69EB6F9AFCBE203DF3A5.d.4012D5D1C9B060F0C11AE9D67FB63EF9.e.6045","ELEMENT":"f.2B6EE0EFCBCE69EB6F9AFCBE203DF3A5.d.4012D5D1C9B060F0C11AE9D67FB63EF9.e.6045"}]}
COMMAND: POST /session/dfe9bf661470914434d189261566fcf4/element - {"using":"xpath","value":"(//span[contains(@id, \"imgNav\")])[1]"}
COMMAND: GET /session/dfe9bf661470914434d189261566fcf4/screenshot - {}
RESULT: {"using":"xpath","value":"(//span[contains(@id, \"imgNav\")])[1]"}
COMMAND: POST /session/dfe9bf661470914434d189261566fcf4/element/f.2B6EE0EFCBCE69EB6F9AFCBE203DF3A5.d.4012D5D1C9B060F0C11AE9D67FB63EF9.e.6043/click - {}
RESULT: {}
RESULT: {}
COMMAND: GET /session/dfe9bf661470914434d189261566fcf4/screenshot - {}
COMMAND: POST /session/dfe9bf661470914434d189261566fcf4/execute/async - {"script":"<script> [1562 bytes]","args":[{"selector":{"id":"issueDatePicker","viewName":"etm.portal.ui.managehandovers.view.DetailExecuteHO","interaction":{"idSuffix":"inner"}},"wdio_ui5_key":"issueDatePickeretmportal.ui.managehandovers.view.DetailExecuteHO"}]}
RESULT: {}
RESULT: {"script":"<script> [1562 bytes]","args":[{"selector":{"id":"issueDatePicker","viewName":"etm.portal.ui.managehandovers.view.DetailExecuteHO","interaction":{"idSuffix":"inner"}},"wdio_ui5_key":"issueDatePickeretmportal.ui.managehandovers.view.DetailExecuteHO"}]}
RESULT: undefined
COMMAND: POST /session/dfe9bf661470914434d189261566fcf4/execute/async - {"script":"<script> [776 bytes]","args":[{"enterText":"5/16/25","selector":{"id":"issueDatePicker","viewName":"etm.portal.ui.managehandovers.view.DetailExecuteHO","interaction":{"idSuffix":"inner"}},"clearTextFirst":true,"interactionType":"ENTER_TEXT"}]}
RESULT: {"script":"<script> [776 bytes]","args":[{"enterText":"5/16/25","selector":{"id":"issueDatePicker","viewName":"etm.portal.ui.managehandovers.view.DetailExecuteHO","interaction":{"idSuffix":"inner"}},"clearTextFirst":true,"interactionType":"ENTER_TEXT"}]}
COMMAND: POST /session/dfe9bf661470914434d189261566fcf4/element - {"using":"xpath","value":"//bdi[contains(text(), \"OK\")]"}
RESULT: {"using":"xpath","value":"//bdi[contains(text(), \"OK\")]"}
COMMAND: POST /session/dfe9bf661470914434d189261566fcf4/element/f.2B6EE0EFCBCE69EB6F9AFCBE203DF3A5.d.4012D5D1C9B060F0C11AE9D67FB63EF9.e.6147/click - {}
RESULT: {}
COMMAND: GET /session/dfe9bf661470914434d189261566fcf4/screenshot - {}
RESULT: {}
COMMAND: POST /session/dfe9bf661470914434d189261566fcf4/element - {"using":"xpath","value":"//button[@data-kt=\"PickingTableConfirmAllButton\"]"}
RESULT: {"using":"xpath","value":"//button[@data-kt=\"PickingTableConfirmAllButton\"]"}
COMMAND: POST /session/dfe9bf661470914434d189261566fcf4/element/f.2B6EE0EFCBCE69EB6F9AFCBE203DF3A5.d.4012D5D1C9B060F0C11AE9D67FB63EF9.e.6152/click - {}
RESULT: {}
COMMAND: GET /session/dfe9bf661470914434d189261566fcf4/screenshot - {}
RESULT: {}
COMMAND: POST /session/dfe9bf661470914434d189261566fcf4/element - {"using":"xpath","value":"//bdi[contains(text(), \"OK\")]"}
RESULT: {"using":"xpath","value":"//bdi[contains(text(), \"OK\")]"}
COMMAND: POST /session/dfe9bf661470914434d189261566fcf4/element/f.2B6EE0EFCBCE69EB6F9AFCBE203DF3A5.d.4012D5D1C9B060F0C11AE9D67FB63EF9.e.6155/click - {}
RESULT: {}
COMMAND: GET /session/dfe9bf661470914434d189261566fcf4/screenshot - {}
RESULT: {}
COMMAND: POST /session/dfe9bf661470914434d189261566fcf4/element - {"using":"xpath","value":"//button[@data-kt=\"execHoIssueButton\"]"}
RESULT: {"using":"xpath","value":"//button[@data-kt=\"execHoIssueButton\"]"}
COMMAND: POST /session/dfe9bf661470914434d189261566fcf4/element/f.2B6EE0EFCBCE69EB6F9AFCBE203DF3A5.d.4012D5D1C9B060F0C11AE9D67FB63EF9.e.6157/click - {}
RESULT: {}
COMMAND: GET /session/dfe9bf661470914434d189261566fcf4/screenshot - {}
RESULT: {}
COMMAND: POST /session/dfe9bf661470914434d189261566fcf4/element - {"using":"css selector","value":"#shell-header-logo"}
RESULT: {"using":"css selector","value":"#shell-header-logo"}
COMMAND: POST /session/dfe9bf661470914434d189261566fcf4/element/f.2B6EE0EFCBCE69EB6F9AFCBE203DF3A5.d.4012D5D1C9B060F0C11AE9D67FB63EF9.e.5920/click - {}
RESULT: {}
COMMAND: GET /session/dfe9bf661470914434d189261566fcf4/screenshot - {}
RESULT: {}
RESULT: undefined
COMMAND: POST /session/dfe9bf661470914434d189261566fcf4/element - {"using":"xpath","value":"//*[@id=\"__tile131\"]"}
RESULT: {"using":"xpath","value":"//*[@id=\"__tile131\"]"}
COMMAND: POST /session/dfe9bf661470914434d189261566fcf4/element/f.2B6EE0EFCBCE69EB6F9AFCBE203DF3A5.d.4012D5D1C9B060F0C11AE9D67FB63EF9.e.5549/click - {}
RESULT: {}
COMMAND: GET /session/dfe9bf661470914434d189261566fcf4/screenshot - {}
RESULT: {}
COMMAND: POST /session/dfe9bf661470914434d189261566fcf4/elements - {"using":"xpath","value":"//span[text()='Error']"}
RESULT: {"using":"xpath","value":"//span[text()='Error']"}
COMMAND: POST /session/dfe9bf661470914434d189261566fcf4/element - {"using":"xpath","value":"//button[@data-kt=\"masterHOAddButton\"]"}
RESULT: {"using":"xpath","value":"//button[@data-kt=\"masterHOAddButton\"]"}
COMMAND: POST /session/dfe9bf661470914434d189261566fcf4/elements - {"using":"xpath","value":"//button[@data-kt=\"masterHOAddButton\"]"}
RESULT: {"using":"xpath","value":"//button[@data-kt=\"masterHOAddButton\"]"}
COMMAND: POST /session/dfe9bf661470914434d189261566fcf4/execute/sync - {"script":"<script> [8489 bytes]","args":[{"element-6066-11e4-a52e-4f735466cecf":"f.2B6EE0EFCBCE69EB6F9AFCBE203DF3A5.d.4012D5D1C9B060F0C11AE9D67FB63EF9.e.6253","ELEMENT":"f.2B6EE0EFCBCE69EB6F9AFCBE203DF3A5.d.4012D5D1C9B060F0C11AE9D67FB63EF9.e.6253"}]}
RESULT: {"script":"<script> [8489 bytes]","args":[{"element-6066-11e4-a52e-4f735466cecf":"f.2B6EE0EFCBCE69EB6F9AFCBE203DF3A5.d.4012D5D1C9B060F0C11AE9D67FB63EF9.e.6253","ELEMENT":"f.2B6EE0EFCBCE69EB6F9AFCBE203DF3A5.d.4012D5D1C9B060F0C11AE9D67FB63EF9.e.6253"}]}
COMMAND: GET /session/dfe9bf661470914434d189261566fcf4/element/f.2B6EE0EFCBCE69EB6F9AFCBE203DF3A5.d.4012D5D1C9B060F0C11AE9D67FB63EF9.e.6253/enabled - {}
COMMAND: GET /session/dfe9bf661470914434d189261566fcf4/screenshot - {}
RESULT: {}
COMMAND: POST /session/dfe9bf661470914434d189261566fcf4/execute/sync - {"script":"<script> [8489 bytes]","args":[{"element-6066-11e4-a52e-4f735466cecf":"f.2B6EE0EFCBCE69EB6F9AFCBE203DF3A5.d.4012D5D1C9B060F0C11AE9D67FB63EF9.e.6253","ELEMENT":"f.2B6EE0EFCBCE69EB6F9AFCBE203DF3A5.d.4012D5D1C9B060F0C11AE9D67FB63EF9.e.6253"}]}
COMMAND: GET /session/dfe9bf661470914434d189261566fcf4/screenshot - {}
RESULT: {}
RESULT: {"script":"<script> [8489 bytes]","args":[{"element-6066-11e4-a52e-4f735466cecf":"f.2B6EE0EFCBCE69EB6F9AFCBE203DF3A5.d.4012D5D1C9B060F0C11AE9D67FB63EF9.e.6253","ELEMENT":"f.2B6EE0EFCBCE69EB6F9AFCBE203DF3A5.d.4012D5D1C9B060F0C11AE9D67FB63EF9.e.6253"}]}
COMMAND: POST /session/dfe9bf661470914434d189261566fcf4/execute/sync - {"script":"<script> [5351 bytes]","args":[{"element-6066-11e4-a52e-4f735466cecf":"f.2B6EE0EFCBCE69EB6F9AFCBE203DF3A5.d.4012D5D1C9B060F0C11AE9D67FB63EF9.e.6253","ELEMENT":"f.2B6EE0EFCBCE69EB6F9AFCBE203DF3A5.d.4012D5D1C9B060F0C11AE9D67FB63EF9.e.6253"}]}
COMMAND: GET /session/dfe9bf661470914434d189261566fcf4/screenshot - {}
RESULT: {}
RESULT: {"script":"<script> [5351 bytes]","args":[{"element-6066-11e4-a52e-4f735466cecf":"f.2B6EE0EFCBCE69EB6F9AFCBE203DF3A5.d.4012D5D1C9B060F0C11AE9D67FB63EF9.e.6253","ELEMENT":"f.2B6EE0EFCBCE69EB6F9AFCBE203DF3A5.d.4012D5D1C9B060F0C11AE9D67FB63EF9.e.6253"}]}
COMMAND: GET /session/dfe9bf661470914434d189261566fcf4/screenshot - {}
RESULT: {}
RESULT: {}
COMMAND: POST /session/dfe9bf661470914434d189261566fcf4/element - {"using":"xpath","value":"//input[contains(@id ,\"smartFilterBar-btnBasicSearch-I\")]"}
RESULT: {"using":"xpath","value":"//input[contains(@id ,\"smartFilterBar-btnBasicSearch-I\")]"}
COMMAND: POST /session/dfe9bf661470914434d189261566fcf4/element/f.2B6EE0EFCBCE69EB6F9AFCBE203DF3A5.d.4012D5D1C9B060F0C11AE9D67FB63EF9.e.6205/clear - {}
RESULT: {}
COMMAND: POST /session/dfe9bf661470914434d189261566fcf4/element/f.2B6EE0EFCBCE69EB6F9AFCBE203DF3A5.d.4012D5D1C9B060F0C11AE9D67FB63EF9.e.6205/value - {"text":"30567"}
COMMAND: GET /session/dfe9bf661470914434d189261566fcf4/screenshot - {}
RESULT: {"text":"30567"}
COMMAND: GET /session/dfe9bf661470914434d189261566fcf4/screenshot - {}
RESULT: {}
RESULT: {}
COMMAND: POST /session/dfe9bf661470914434d189261566fcf4/actions - {"actions":[{"id":"action19","type":"key","parameters":{},"actions":[{"type":"keyDown","value":"î€‡"},{"type":"pause","duration":10},{"type":"keyUp","value":"î€‡"}]}]}
RESULT: {"actions":[{"id":"action19","type":"key","parameters":{},"actions":[{"type":"keyDown","value":"î€‡"},{"type":"pause","duration":10},{"type":"keyUp","value":"î€‡"}]}]}
COMMAND: GET /session/dfe9bf661470914434d189261566fcf4/screenshot - {}
RESULT: {}
COMMAND: POST /session/dfe9bf661470914434d189261566fcf4/element - {"using":"xpath","value":"//span[contains(@id, \"smartTable-header-inner\")]"}
RESULT: {"using":"xpath","value":"//span[contains(@id, \"smartTable-header-inner\")]"}
COMMAND: POST /session/dfe9bf661470914434d189261566fcf4/elements - {"using":"xpath","value":"//span[contains(@id, \"smartTable-header-inner\")]"}
RESULT: {"using":"xpath","value":"//span[contains(@id, \"smartTable-header-inner\")]"}
COMMAND: POST /session/dfe9bf661470914434d189261566fcf4/execute/sync - {"script":"<script> [56 bytes]","args":[{"element-6066-11e4-a52e-4f735466cecf":"f.2B6EE0EFCBCE69EB6F9AFCBE203DF3A5.d.4012D5D1C9B060F0C11AE9D67FB63EF9.e.6320","ELEMENT":"f.2B6EE0EFCBCE69EB6F9AFCBE203DF3A5.d.4012D5D1C9B060F0C11AE9D67FB63EF9.e.6320"}]}
RESULT: {"script":"<script> [56 bytes]","args":[{"element-6066-11e4-a52e-4f735466cecf":"f.2B6EE0EFCBCE69EB6F9AFCBE203DF3A5.d.4012D5D1C9B060F0C11AE9D67FB63EF9.e.6320","ELEMENT":"f.2B6EE0EFCBCE69EB6F9AFCBE203DF3A5.d.4012D5D1C9B060F0C11AE9D67FB63EF9.e.6320"}]}
COMMAND: POST /session/dfe9bf661470914434d189261566fcf4/element - {"using":"xpath","value":"(//span[contains(@id, \"imgNav\")])[1]"}
COMMAND: GET /session/dfe9bf661470914434d189261566fcf4/screenshot - {}
RESULT: {"using":"xpath","value":"(//span[contains(@id, \"imgNav\")])[1]"}
COMMAND: POST /session/dfe9bf661470914434d189261566fcf4/element/f.2B6EE0EFCBCE69EB6F9AFCBE203DF3A5.d.4012D5D1C9B060F0C11AE9D67FB63EF9.e.6319/click - {}
RESULT: {}
RESULT: {}
COMMAND: GET /session/dfe9bf661470914434d189261566fcf4/screenshot - {}
RESULT: {}
COMMAND: POST /session/dfe9bf661470914434d189261566fcf4/element - {"using":"xpath","value":"//section[contains(@id, \"detailManageHO--headerContentForm--FC-NoHead\")]/div/div[4]/div[2]/div/span"}
RESULT: {"using":"xpath","value":"//section[contains(@id, \"detailManageHO--headerContentForm--FC-NoHead\")]/div/div[4]/div[2]/div/span"}
COMMAND: POST /session/dfe9bf661470914434d189261566fcf4/elements - {"using":"xpath","value":"//section[contains(@id, \"detailManageHO--headerContentForm--FC-NoHead\")]/div/div[4]/div[2]/div/span"}
RESULT: {"using":"xpath","value":"//section[contains(@id, \"detailManageHO--headerContentForm--FC-NoHead\")]/div/div[4]/div[2]/div/span"}
COMMAND: POST /session/dfe9bf661470914434d189261566fcf4/execute/sync - {"script":"<script> [56 bytes]","args":[{"element-6066-11e4-a52e-4f735466cecf":"f.2B6EE0EFCBCE69EB6F9AFCBE203DF3A5.d.4012D5D1C9B060F0C11AE9D67FB63EF9.e.6402","ELEMENT":"f.2B6EE0EFCBCE69EB6F9AFCBE203DF3A5.d.4012D5D1C9B060F0C11AE9D67FB63EF9.e.6402"}]}
RESULT: {"script":"<script> [56 bytes]","args":[{"element-6066-11e4-a52e-4f735466cecf":"f.2B6EE0EFCBCE69EB6F9AFCBE203DF3A5.d.4012D5D1C9B060F0C11AE9D67FB63EF9.e.6402","ELEMENT":"f.2B6EE0EFCBCE69EB6F9AFCBE203DF3A5.d.4012D5D1C9B060F0C11AE9D67FB63EF9.e.6402"}]}
COMMAND: POST /session/dfe9bf661470914434d189261566fcf4/element - {"using":"xpath","value":"//a[contains(@data-kt ,\"GeneralSectionSendContractLink\")]"}
COMMAND: GET /session/dfe9bf661470914434d189261566fcf4/screenshot - {}
RESULT: {"using":"xpath","value":"//a[contains(@data-kt ,\"GeneralSectionSendContractLink\")]"}
COMMAND: POST /session/dfe9bf661470914434d189261566fcf4/element/f.2B6EE0EFCBCE69EB6F9AFCBE203DF3A5.d.4012D5D1C9B060F0C11AE9D67FB63EF9.e.6403/click - {}
RESULT: {}
RESULT: {}
COMMAND: GET /session/dfe9bf661470914434d189261566fcf4/screenshot - {}
RESULT: {}
COMMAND: POST /session/dfe9bf661470914434d189261566fcf4/element - {"using":"xpath","value":"//a[contains(@data-kt ,\"ContextMenuId2Link\")]"}
RESULT: {"using":"xpath","value":"//a[contains(@data-kt ,\"ContextMenuId2Link\")]"}
COMMAND: POST /session/dfe9bf661470914434d189261566fcf4/element/f.2B6EE0EFCBCE69EB6F9AFCBE203DF3A5.d.4012D5D1C9B060F0C11AE9D67FB63EF9.e.6407/click - {}
RESULT: {}
COMMAND: GET /session/dfe9bf661470914434d189261566fcf4/screenshot - {}
RESULT: {}
COMMAND: POST /session/dfe9bf661470914434d189261566fcf4/execute/async - {"script":"<script> [1562 bytes]","args":[{"selector":{"id":"headerBillingItemsTabFilter","viewName":"etm.portal.ui.managecontracts.view.Detail","interaction":{"idSuffix":"text"}},"wdio_ui5_key":"headerBillingItemsTabFilteretmportal.ui.managecontracts.view.Detail"}]}
RESULT: {"script":"<script> [1562 bytes]","args":[{"selector":{"id":"headerBillingItemsTabFilter","viewName":"etm.portal.ui.managecontracts.view.Detail","interaction":{"idSuffix":"text"}},"wdio_ui5_key":"headerBillingItemsTabFilteretmportal.ui.managecontracts.view.Detail"}]}
RESULT: undefined
COMMAND: POST /session/dfe9bf661470914434d189261566fcf4/element - {"using":"xpath","value":"//*[@id=\"__xmlview62--headerBillingItemsTabFilter\"]"}
RESULT: {"using":"xpath","value":"//*[@id=\"__xmlview62--headerBillingItemsTabFilter\"]"}
COMMAND: POST /session/dfe9bf661470914434d189261566fcf4/element/f.2B6EE0EFCBCE69EB6F9AFCBE203DF3A5.d.4012D5D1C9B060F0C11AE9D67FB63EF9.e.6574/click - {}
RESULT: {}
COMMAND: GET /session/dfe9bf661470914434d189261566fcf4/screenshot - {}
COMMAND: POST /session/dfe9bf661470914434d189261566fcf4/element - {"using":"xpath","value":"//table[contains(@id, \"ProductsTable-listUl\")]/tbody/tr[1]/td[6]/div/span"}
RESULT: {}
RESULT: {"using":"xpath","value":"//table[contains(@id, \"ProductsTable-listUl\")]/tbody/tr[1]/td[6]/div/span"}
COMMAND: POST /session/dfe9bf661470914434d189261566fcf4/elements - {"using":"xpath","value":"//table[contains(@id, \"ProductsTable-listUl\")]/tbody/tr[1]/td[6]/div/span"}
RESULT: {"using":"xpath","value":"//table[contains(@id, \"ProductsTable-listUl\")]/tbody/tr[1]/td[6]/div/span"}
COMMAND: POST /session/dfe9bf661470914434d189261566fcf4/execute/sync - {"script":"<script> [56 bytes]","args":[{"element-6066-11e4-a52e-4f735466cecf":"f.2B6EE0EFCBCE69EB6F9AFCBE203DF3A5.d.4012D5D1C9B060F0C11AE9D67FB63EF9.e.6578","ELEMENT":"f.2B6EE0EFCBCE69EB6F9AFCBE203DF3A5.d.4012D5D1C9B060F0C11AE9D67FB63EF9.e.6578"}]}
RESULT: {"script":"<script> [56 bytes]","args":[{"element-6066-11e4-a52e-4f735466cecf":"f.2B6EE0EFCBCE69EB6F9AFCBE203DF3A5.d.4012D5D1C9B060F0C11AE9D67FB63EF9.e.6578","ELEMENT":"f.2B6EE0EFCBCE69EB6F9AFCBE203DF3A5.d.4012D5D1C9B060F0C11AE9D67FB63EF9.e.6578"}]}
COMMAND: POST /session/dfe9bf661470914434d189261566fcf4/element - {"using":"css selector","value":"#shell-header-logo"}
COMMAND: GET /session/dfe9bf661470914434d189261566fcf4/screenshot - {}
RESULT: {"using":"css selector","value":"#shell-header-logo"}
COMMAND: POST /session/dfe9bf661470914434d189261566fcf4/element/f.2B6EE0EFCBCE69EB6F9AFCBE203DF3A5.d.4012D5D1C9B060F0C11AE9D67FB63EF9.e.6203/click - {}
RESULT: {}
RESULT: {}
COMMAND: GET /session/dfe9bf661470914434d189261566fcf4/screenshot - {}
RESULT: {}
COMMAND: DELETE /session/dfe9bf661470914434d189261566fcf4 - {}
RESULT: {}
]]></system-out>
    </testcase>
  </testsuite>
</testsuites>