<?xml version="1.0" encoding="UTF-8"?>
<testsuites tests="12" failures="0" errors="0" skipped="0">
  <testsuite timestamp="2025-05-18T16:37:07" time="531.881" tests="5" failures="0" errors="0" skipped="0">
    <properties>
      <property name="specId" value="0" />
      <property name="suiteName" value="Warehouse movements inventory test" />
      <property name="capabilities" value="chrome.136_0_7103_93.windows" />
      <property name="file" value="file:///D:/a/1/s/test/specs/HTR/smoke-warehouse-movements-inventory.js" />
    </properties>
    <testcase classname="chrome.136_0_7103_93.windows.Warehouse_movements_inventory_test" name="Should create a new WHM yard" time="151.877">
      <system-out><![CDATA[
COMMAND: POST /session/178b85f57970bb84ea8ca4b38e9643ac/execute/async - {"script":"<script> [1562 bytes]","args":[{"selector":{"controlType":"sap.m.GenericTile","properties":{"header":"Manage Yards"}},"wdio_ui5_key":"sapm.GenericTile{\"header\":\"Manage Yards\"}"}]}
RESULT: {"script":"<script> [1562 bytes]","args":[{"selector":{"controlType":"sap.m.GenericTile","properties":{"header":"Manage Yards"}},"wdio_ui5_key":"sapm.GenericTile{\"header\":\"Manage Yards\"}"}]}
RESULT: undefined
COMMAND: POST /session/178b85f57970bb84ea8ca4b38e9643ac/element - {"using":"xpath","value":"//*[@id=\"__tile41\"]"}
RESULT: {"using":"xpath","value":"//*[@id=\"__tile41\"]"}
COMMAND: POST /session/178b85f57970bb84ea8ca4b38e9643ac/element/f.4EFED878021992910014147A21BCF18D.d.B56EF5E42C36734BAA648348B2636BB4.e.117/click - {}
RESULT: {}
COMMAND: GET /session/178b85f57970bb84ea8ca4b38e9643ac/screenshot - {}
RESULT: {}
COMMAND: POST /session/178b85f57970bb84ea8ca4b38e9643ac/elements - {"using":"xpath","value":"//span[text()='Error']"}
RESULT: {"using":"xpath","value":"//span[text()='Error']"}
COMMAND: POST /session/178b85f57970bb84ea8ca4b38e9643ac/execute/async - {"script":"<script> [1562 bytes]","args":[{"selector":{"controlType":"sap.ui.core.Icon","viewName":"etm.portal.ui.manageyards.view.Master","viewId":"application-manageyards-display-component---masterYard","properties":{"src":{"regex":{"source":"add"}}}},"wdio_ui5_key":"etmportal.ui.manageyards.view.Mastersap.ui.core.Icon{\"src\":{\"regex\":{\"source\":\"add\"}}}"}]}
RESULT: {"script":"<script> [1562 bytes]","args":[{"selector":{"controlType":"sap.ui.core.Icon","viewName":"etm.portal.ui.manageyards.view.Master","viewId":"application-manageyards-display-component---masterYard","properties":{"src":{"regex":{"source":"add"}}}},"wdio_ui5_key":"etmportal.ui.manageyards.view.Mastersap.ui.core.Icon{\"src\":{\"regex\":{\"source\":\"add\"}}}"}]}
RESULT: undefined
COMMAND: POST /session/178b85f57970bb84ea8ca4b38e9643ac/element - {"using":"xpath","value":"//*[@id=\"__button4-img\"]"}
RESULT: {"using":"xpath","value":"//*[@id=\"__button4-img\"]"}
COMMAND: POST /session/178b85f57970bb84ea8ca4b38e9643ac/element/f.4EFED878021992910014147A21BCF18D.d.B56EF5E42C36734BAA648348B2636BB4.e.163/click - {}
RESULT: {}
COMMAND: GET /session/178b85f57970bb84ea8ca4b38e9643ac/screenshot - {}
RESULT: {}
COMMAND: POST /session/178b85f57970bb84ea8ca4b38e9643ac/execute/async - {"script":"<script> [1562 bytes]","args":[{"selector":{"id":"application-manageyards-display-component---NewYard--yardId","interaction":{"idSuffix":"inner"}},"wdio_ui5_key":"applicationmanageyards-display-component---NewYard--yardId"}]}
RESULT: {"script":"<script> [1562 bytes]","args":[{"selector":{"id":"application-manageyards-display-component---NewYard--yardId","interaction":{"idSuffix":"inner"}},"wdio_ui5_key":"applicationmanageyards-display-component---NewYard--yardId"}]}
RESULT: undefined
COMMAND: POST /session/178b85f57970bb84ea8ca4b38e9643ac/element - {"using":"xpath","value":"//*[@id=\"application-manageyards-display-component---NewYard--addressDetailDetailsName1-inner\"]"}
RESULT: {"using":"xpath","value":"//*[@id=\"application-manageyards-display-component---NewYard--addressDetailDetailsName1-inner\"]"}
COMMAND: POST /session/178b85f57970bb84ea8ca4b38e9643ac/element/f.4EFED878021992910014147A21BCF18D.d.B56EF5E42C36734BAA648348B2636BB4.e.384/clear - {}
RESULT: {}
COMMAND: POST /session/178b85f57970bb84ea8ca4b38e9643ac/element/f.4EFED878021992910014147A21BCF18D.d.B56EF5E42C36734BAA648348B2636BB4.e.384/value - {"text":"WebdriverWHMYardr4i2r"}
COMMAND: GET /session/178b85f57970bb84ea8ca4b38e9643ac/screenshot - {}
RESULT: {"text":"WebdriverWHMYardr4i2r"}
COMMAND: POST /session/178b85f57970bb84ea8ca4b38e9643ac/element - {"using":"xpath","value":"//*[@id=\"application-manageyards-display-component---NewYard--addressDetailDetailsLanguage-inner\"]"}
COMMAND: GET /session/178b85f57970bb84ea8ca4b38e9643ac/screenshot - {}
RESULT: {}
RESULT: {"using":"xpath","value":"//*[@id=\"application-manageyards-display-component---NewYard--addressDetailDetailsLanguage-inner\"]"}
COMMAND: POST /session/178b85f57970bb84ea8ca4b38e9643ac/element/f.4EFED878021992910014147A21BCF18D.d.B56EF5E42C36734BAA648348B2636BB4.e.385/clear - {}
RESULT: {}
RESULT: {}
COMMAND: POST /session/178b85f57970bb84ea8ca4b38e9643ac/element/f.4EFED878021992910014147A21BCF18D.d.B56EF5E42C36734BAA648348B2636BB4.e.385/value - {"text":"Romanian"}
COMMAND: GET /session/178b85f57970bb84ea8ca4b38e9643ac/screenshot - {}
RESULT: {"text":"Romanian"}
COMMAND: POST /session/178b85f57970bb84ea8ca4b38e9643ac/element - {"using":"xpath","value":"//input[contains(@id ,\"application-manageyards-display-component---NewYard--addressDetailDetailsName1-inner\")]"}
COMMAND: GET /session/178b85f57970bb84ea8ca4b38e9643ac/screenshot - {}
RESULT: {}
RESULT: {"using":"xpath","value":"//input[contains(@id ,\"application-manageyards-display-component---NewYard--addressDetailDetailsName1-inner\")]"}
COMMAND: GET /session/178b85f57970bb84ea8ca4b38e9643ac/element/f.4EFED878021992910014147A21BCF18D.d.B56EF5E42C36734BAA648348B2636BB4.e.384/property/value - {}
RESULT: {}
RESULT: {}
COMMAND: GET /session/178b85f57970bb84ea8ca4b38e9643ac/screenshot - {}
RESULT: {}
COMMAND: POST /session/178b85f57970bb84ea8ca4b38e9643ac/element - {"using":"xpath","value":"//*[@id=\"application-manageyards-display-component---NewYard--addressDetailDetailsCity1-inner\"]"}
RESULT: {"using":"xpath","value":"//*[@id=\"application-manageyards-display-component---NewYard--addressDetailDetailsCity1-inner\"]"}
COMMAND: POST /session/178b85f57970bb84ea8ca4b38e9643ac/element/f.4EFED878021992910014147A21BCF18D.d.B56EF5E42C36734BAA648348B2636BB4.e.387/clear - {}
RESULT: {}
COMMAND: POST /session/178b85f57970bb84ea8ca4b38e9643ac/element/f.4EFED878021992910014147A21BCF18D.d.B56EF5E42C36734BAA648348B2636BB4.e.387/value - {"text":"Bucuresti"}
COMMAND: GET /session/178b85f57970bb84ea8ca4b38e9643ac/screenshot - {}
RESULT: {"text":"Bucuresti"}
COMMAND: GET /session/178b85f57970bb84ea8ca4b38e9643ac/screenshot - {}
RESULT: {}
RESULT: {}
COMMAND: POST /session/178b85f57970bb84ea8ca4b38e9643ac/element - {"using":"xpath","value":"//*[@id=\"application-manageyards-display-component---NewYard--addressDetailDetailsCountry-inner\"]"}
RESULT: {"using":"xpath","value":"//*[@id=\"application-manageyards-display-component---NewYard--addressDetailDetailsCountry-inner\"]"}
COMMAND: POST /session/178b85f57970bb84ea8ca4b38e9643ac/element/f.4EFED878021992910014147A21BCF18D.d.B56EF5E42C36734BAA648348B2636BB4.e.391/clear - {}
RESULT: {}
COMMAND: POST /session/178b85f57970bb84ea8ca4b38e9643ac/element/f.4EFED878021992910014147A21BCF18D.d.B56EF5E42C36734BAA648348B2636BB4.e.391/value - {"text":"Romania"}
COMMAND: GET /session/178b85f57970bb84ea8ca4b38e9643ac/screenshot - {}
RESULT: {"text":"Romania"}
COMMAND: GET /session/178b85f57970bb84ea8ca4b38e9643ac/screenshot - {}
RESULT: {}
RESULT: {}
COMMAND: POST /session/178b85f57970bb84ea8ca4b38e9643ac/execute/async - {"script":"<script> [1562 bytes]","args":[{"selector":{"controlType":"sap.m.Button","viewName":"etm.portal.ui.manageyards.view.New","viewId":"application-manageyards-display-component---NewYard","properties":{"text":"Commercial"},"interaction":{"idSuffix":"BDI-content"}},"wdio_ui5_key":"etmportal.ui.manageyards.view.Newsap.m.Button{\"text\":\"Commercial\"}"}]}
RESULT: {"script":"<script> [1562 bytes]","args":[{"selector":{"controlType":"sap.m.Button","viewName":"etm.portal.ui.manageyards.view.New","viewId":"application-manageyards-display-component---NewYard","properties":{"text":"Commercial"},"interaction":{"idSuffix":"BDI-content"}},"wdio_ui5_key":"etmportal.ui.manageyards.view.Newsap.m.Button{\"text\":\"Commercial\"}"}]}
RESULT: undefined
COMMAND: POST /session/178b85f57970bb84ea8ca4b38e9643ac/element - {"using":"xpath","value":"//*[@id=\"application-manageyards-display-component---NewYard--ObjectPageLayout-anchBar-__section5-anchor\"]"}
RESULT: {"using":"xpath","value":"//*[@id=\"application-manageyards-display-component---NewYard--ObjectPageLayout-anchBar-__section5-anchor\"]"}
COMMAND: POST /session/178b85f57970bb84ea8ca4b38e9643ac/element/f.4EFED878021992910014147A21BCF18D.d.B56EF5E42C36734BAA648348B2636BB4.e.570/click - {}
RESULT: {}
COMMAND: GET /session/178b85f57970bb84ea8ca4b38e9643ac/screenshot - {}
RESULT: {}
COMMAND: POST /session/178b85f57970bb84ea8ca4b38e9643ac/element - {"using":"xpath","value":"//div[contains(text(), \"Commercial\")]"}
RESULT: {"using":"xpath","value":"//div[contains(text(), \"Commercial\")]"}
COMMAND: GET /session/178b85f57970bb84ea8ca4b38e9643ac/element/f.4EFED878021992910014147A21BCF18D.d.B56EF5E42C36734BAA648348B2636BB4.e.579/rect - {}
RESULT: {}
COMMAND: GET /session/178b85f57970bb84ea8ca4b38e9643ac/window/rect - {}
RESULT: {}
COMMAND: POST /session/178b85f57970bb84ea8ca4b38e9643ac/execute/sync - {"script":"<script> [92 bytes]","args":[]}
RESULT: {"script":"<script> [92 bytes]","args":[]}
COMMAND: POST /session/178b85f57970bb84ea8ca4b38e9643ac/actions - {"actions":[{"id":"action1","type":"wheel","parameters":{},"actions":[{"type":"scroll","x":-1841,"y":-44,"deltaX":0,"deltaY":0,"duration":0,"origin":{"element-6066-11e4-a52e-4f735466cecf":"f.4EFED878021992910014147A21BCF18D.d.B56EF5E42C36734BAA648348B2636BB4.e.579"}}]}]}
COMMAND: GET /session/178b85f57970bb84ea8ca4b38e9643ac/screenshot - {}
RESULT: {}
COMMAND: POST /session/178b85f57970bb84ea8ca4b38e9643ac/execute/sync - {"script":"<script> [79 bytes]","args":[{"element-6066-11e4-a52e-4f735466cecf":"f.4EFED878021992910014147A21BCF18D.d.B56EF5E42C36734BAA648348B2636BB4.e.579","ELEMENT":"f.4EFED878021992910014147A21BCF18D.d.B56EF5E42C36734BAA648348B2636BB4.e.579"},{"block":"start","inline":"nearest"}]}
RESULT: {"script":"<script> [79 bytes]","args":[{"element-6066-11e4-a52e-4f735466cecf":"f.4EFED878021992910014147A21BCF18D.d.B56EF5E42C36734BAA648348B2636BB4.e.579","ELEMENT":"f.4EFED878021992910014147A21BCF18D.d.B56EF5E42C36734BAA648348B2636BB4.e.579"},{"block":"start","inline":"nearest"}]}
COMMAND: GET /session/178b85f57970bb84ea8ca4b38e9643ac/screenshot - {}
RESULT: {}
COMMAND: POST /session/178b85f57970bb84ea8ca4b38e9643ac/execute/async - {"script":"<script> [1562 bytes]","args":[{"selector":{"id":"application-manageyards-display-component---NewYard--addressEditDetailsCostObjectCstType-arrow"},"wdio_ui5_key":"applicationmanageyards-display-component---NewYard--addressEditDetailsCostObjectCstType-arrow"}]}
RESULT: {"script":"<script> [1562 bytes]","args":[{"selector":{"id":"application-manageyards-display-component---NewYard--addressEditDetailsCostObjectCstType-arrow"},"wdio_ui5_key":"applicationmanageyards-display-component---NewYard--addressEditDetailsCostObjectCstType-arrow"}]}
RESULT: undefined
COMMAND: POST /session/178b85f57970bb84ea8ca4b38e9643ac/element - {"using":"xpath","value":"//*[@id=\"application-manageyards-display-component---NewYard--addressEditDetailsCostObjectCstType-arrow\"]"}
RESULT: {"using":"xpath","value":"//*[@id=\"application-manageyards-display-component---NewYard--addressEditDetailsCostObjectCstType-arrow\"]"}
COMMAND: POST /session/178b85f57970bb84ea8ca4b38e9643ac/element/f.4EFED878021992910014147A21BCF18D.d.B56EF5E42C36734BAA648348B2636BB4.e.580/click - {}
RESULT: {}
COMMAND: POST /session/178b85f57970bb84ea8ca4b38e9643ac/element - {"using":"xpath","value":"//span[contains(text(), \"Cost Center\")]"}
COMMAND: GET /session/178b85f57970bb84ea8ca4b38e9643ac/screenshot - {}
RESULT: {}
RESULT: {"using":"xpath","value":"//span[contains(text(), \"Cost Center\")]"}
COMMAND: POST /session/178b85f57970bb84ea8ca4b38e9643ac/element/f.4EFED878021992910014147A21BCF18D.d.B56EF5E42C36734BAA648348B2636BB4.e.581/click - {}
RESULT: {}
COMMAND: GET /session/178b85f57970bb84ea8ca4b38e9643ac/screenshot - {}
RESULT: {}
COMMAND: POST /session/178b85f57970bb84ea8ca4b38e9643ac/execute/async - {"script":"<script> [1562 bytes]","args":[{"selector":{"id":"application-manageyards-display-component---NewYard--addressNewCostObjectCstID-vhi"},"wdio_ui5_key":"applicationmanageyards-display-component---NewYard--addressNewCostObjectCstID-vhi"}]}
RESULT: {"script":"<script> [1562 bytes]","args":[{"selector":{"id":"application-manageyards-display-component---NewYard--addressNewCostObjectCstID-vhi"},"wdio_ui5_key":"applicationmanageyards-display-component---NewYard--addressNewCostObjectCstID-vhi"}]}
RESULT: undefined
COMMAND: POST /session/178b85f57970bb84ea8ca4b38e9643ac/element - {"using":"xpath","value":"//*[@id=\"application-manageyards-display-component---NewYard--addressNewCostObjectCstID-vhi\"]"}
RESULT: {"using":"xpath","value":"//*[@id=\"application-manageyards-display-component---NewYard--addressNewCostObjectCstID-vhi\"]"}
COMMAND: POST /session/178b85f57970bb84ea8ca4b38e9643ac/element/f.4EFED878021992910014147A21BCF18D.d.B56EF5E42C36734BAA648348B2636BB4.e.585/click - {}
RESULT: {}
COMMAND: GET /session/178b85f57970bb84ea8ca4b38e9643ac/screenshot - {}
RESULT: {}
COMMAND: POST /session/178b85f57970bb84ea8ca4b38e9643ac/execute/async - {"script":"<script> [1562 bytes]","args":[{"selector":{"controlType":"sap.m.SearchField","properties":{"placeholder":"Search"},"searchOpenDialogs":true,"interaction":{"idSuffix":"I"}},"wdio_ui5_key":"sapm.SearchField{\"placeholder\":\"Search\"}"}]}
RESULT: {"script":"<script> [1562 bytes]","args":[{"selector":{"controlType":"sap.m.SearchField","properties":{"placeholder":"Search"},"searchOpenDialogs":true,"interaction":{"idSuffix":"I"}},"wdio_ui5_key":"sapm.SearchField{\"placeholder\":\"Search\"}"}]}
RESULT: undefined
COMMAND: POST /session/178b85f57970bb84ea8ca4b38e9643ac/execute/async - {"script":"<script> [776 bytes]","args":[{"enterText":"10001013","selector":{"controlType":"sap.m.SearchField","properties":{"placeholder":"Search"},"searchOpenDialogs":true,"interaction":{"idSuffix":"I"}},"clearTextFirst":true,"interactionType":"ENTER_TEXT"}]}
RESULT: {"script":"<script> [776 bytes]","args":[{"enterText":"10001013","selector":{"controlType":"sap.m.SearchField","properties":{"placeholder":"Search"},"searchOpenDialogs":true,"interaction":{"idSuffix":"I"}},"clearTextFirst":true,"interactionType":"ENTER_TEXT"}]}
COMMAND: POST /session/178b85f57970bb84ea8ca4b38e9643ac/actions - {"actions":[{"id":"action2","type":"key","parameters":{},"actions":[{"type":"keyDown","value":"î€‡"},{"type":"pause","duration":10},{"type":"keyUp","value":"î€‡"}]}]}
RESULT: {"actions":[{"id":"action2","type":"key","parameters":{},"actions":[{"type":"keyDown","value":"î€‡"},{"type":"pause","duration":10},{"type":"keyUp","value":"î€‡"}]}]}
COMMAND: GET /session/178b85f57970bb84ea8ca4b38e9643ac/screenshot - {}
RESULT: {}
COMMAND: POST /session/178b85f57970bb84ea8ca4b38e9643ac/element - {"using":"xpath","value":"//span[contains(text(), \"General Management\")]"}
RESULT: {"using":"xpath","value":"//span[contains(text(), \"General Management\")]"}
COMMAND: POST /session/178b85f57970bb84ea8ca4b38e9643ac/element/f.4EFED878021992910014147A21BCF18D.d.B56EF5E42C36734BAA648348B2636BB4.e.627/click - {}
RESULT: {}
COMMAND: GET /session/178b85f57970bb84ea8ca4b38e9643ac/screenshot - {}
RESULT: {}
COMMAND: POST /session/178b85f57970bb84ea8ca4b38e9643ac/element - {"using":"xpath","value":"//bdi[contains(text(), \"OK\")]"}
RESULT: {"using":"xpath","value":"//bdi[contains(text(), \"OK\")]"}
COMMAND: POST /session/178b85f57970bb84ea8ca4b38e9643ac/element/f.4EFED878021992910014147A21BCF18D.d.B56EF5E42C36734BAA648348B2636BB4.e.628/click - {}
RESULT: {}
COMMAND: GET /session/178b85f57970bb84ea8ca4b38e9643ac/screenshot - {}
RESULT: {}
COMMAND: POST /session/178b85f57970bb84ea8ca4b38e9643ac/execute/async - {"script":"<script> [1562 bytes]","args":[{"selector":{"id":"application-manageyards-display-component---NewYard--addressEditDetailsCurrency","interaction":{"idSuffix":"inner"}},"wdio_ui5_key":"applicationmanageyards-display-component---NewYard--addressEditDetailsCurrency"}]}
RESULT: {"script":"<script> [1562 bytes]","args":[{"selector":{"id":"application-manageyards-display-component---NewYard--addressEditDetailsCurrency","interaction":{"idSuffix":"inner"}},"wdio_ui5_key":"applicationmanageyards-display-component---NewYard--addressEditDetailsCurrency"}]}
RESULT: undefined
COMMAND: POST /session/178b85f57970bb84ea8ca4b38e9643ac/execute/async - {"script":"<script> [776 bytes]","args":[{"enterText":"Euro","selector":{"id":"application-manageyards-display-component---NewYard--addressEditDetailsCurrency","interaction":{"idSuffix":"inner"}},"clearTextFirst":true,"interactionType":"ENTER_TEXT"}]}
RESULT: {"script":"<script> [776 bytes]","args":[{"enterText":"Euro","selector":{"id":"application-manageyards-display-component---NewYard--addressEditDetailsCurrency","interaction":{"idSuffix":"inner"}},"clearTextFirst":true,"interactionType":"ENTER_TEXT"}]}
COMMAND: POST /session/178b85f57970bb84ea8ca4b38e9643ac/execute/async - {"script":"<script> [1562 bytes]","args":[{"selector":{"controlType":"sap.m.Input","viewName":"etm.portal.ui.manageyards.view.New","viewId":"application-manageyards-display-component---NewYard","bindingPath":{"path":"","propertyPath":"/CONTROLLING_AREA","modelName":"NewYardModel"},"interaction":{"idSuffix":"inner"}},"wdio_ui5_key":"etmportal.ui.manageyards.view.Newsap.m.Input{\"path\":\"\",\"propertyPath\":\"/CONTROLLING_AREA\",\"modelName\":\"NewYardModel\"}"}]}
RESULT: {"script":"<script> [1562 bytes]","args":[{"selector":{"controlType":"sap.m.Input","viewName":"etm.portal.ui.manageyards.view.New","viewId":"application-manageyards-display-component---NewYard","bindingPath":{"path":"","propertyPath":"/CONTROLLING_AREA","modelName":"NewYardModel"},"interaction":{"idSuffix":"inner"}},"wdio_ui5_key":"etmportal.ui.manageyards.view.Newsap.m.Input{\"path\":\"\",\"propertyPath\":\"/CONTROLLING_AREA\",\"modelName\":\"NewYardModel\"}"}]}
RESULT: undefined
COMMAND: POST /session/178b85f57970bb84ea8ca4b38e9643ac/execute/async - {"script":"<script> [776 bytes]","args":[{"enterText":"Z001","selector":{"controlType":"sap.m.Input","viewName":"etm.portal.ui.manageyards.view.New","viewId":"application-manageyards-display-component---NewYard","bindingPath":{"path":"","propertyPath":"/CONTROLLING_AREA","modelName":"NewYardModel"},"interaction":{"idSuffix":"inner"}},"clearTextFirst":true,"interactionType":"ENTER_TEXT"}]}
RESULT: {"script":"<script> [776 bytes]","args":[{"enterText":"Z001","selector":{"controlType":"sap.m.Input","viewName":"etm.portal.ui.manageyards.view.New","viewId":"application-manageyards-display-component---NewYard","bindingPath":{"path":"","propertyPath":"/CONTROLLING_AREA","modelName":"NewYardModel"},"interaction":{"idSuffix":"inner"}},"clearTextFirst":true,"interactionType":"ENTER_TEXT"}]}
COMMAND: POST /session/178b85f57970bb84ea8ca4b38e9643ac/execute/async - {"script":"<script> [1562 bytes]","args":[{"selector":{"id":"application-manageyards-display-component---NewYard--companyCodeComboBox","interaction":{"idSuffix":"inner"}},"wdio_ui5_key":"applicationmanageyards-display-component---NewYard--companyCodeComboBox"}]}
RESULT: {"script":"<script> [1562 bytes]","args":[{"selector":{"id":"application-manageyards-display-component---NewYard--companyCodeComboBox","interaction":{"idSuffix":"inner"}},"wdio_ui5_key":"applicationmanageyards-display-component---NewYard--companyCodeComboBox"}]}
RESULT: undefined
COMMAND: POST /session/178b85f57970bb84ea8ca4b38e9643ac/execute/async - {"script":"<script> [776 bytes]","args":[{"enterText":"1000","selector":{"id":"application-manageyards-display-component---NewYard--companyCodeComboBox","interaction":{"idSuffix":"inner"}},"clearTextFirst":true,"interactionType":"ENTER_TEXT"}]}
RESULT: {"script":"<script> [776 bytes]","args":[{"enterText":"1000","selector":{"id":"application-manageyards-display-component---NewYard--companyCodeComboBox","interaction":{"idSuffix":"inner"}},"clearTextFirst":true,"interactionType":"ENTER_TEXT"}]}
COMMAND: POST /session/178b85f57970bb84ea8ca4b38e9643ac/actions - {"actions":[{"id":"action3","type":"key","parameters":{},"actions":[{"type":"keyDown","value":"î€‡"},{"type":"pause","duration":10},{"type":"keyUp","value":"î€‡"}]}]}
RESULT: {"actions":[{"id":"action3","type":"key","parameters":{},"actions":[{"type":"keyDown","value":"î€‡"},{"type":"pause","duration":10},{"type":"keyUp","value":"î€‡"}]}]}
COMMAND: POST /session/178b85f57970bb84ea8ca4b38e9643ac/execute/async - {"script":"<script> [1562 bytes]","args":[{"selector":{"controlType":"sap.m.Input","viewName":"etm.portal.ui.manageyards.view.New","viewId":"application-manageyards-display-component---NewYard","bindingPath":{"path":"","propertyPath":"/PLANT","modelName":"NewYardModel"},"interaction":{"idSuffix":"inner"}},"wdio_ui5_key":"etmportal.ui.manageyards.view.Newsap.m.Input{\"path\":\"\",\"propertyPath\":\"/PLANT\",\"modelName\":\"NewYardModel\"}"}]}
COMMAND: GET /session/178b85f57970bb84ea8ca4b38e9643ac/screenshot - {}
RESULT: {"script":"<script> [1562 bytes]","args":[{"selector":{"controlType":"sap.m.Input","viewName":"etm.portal.ui.manageyards.view.New","viewId":"application-manageyards-display-component---NewYard","bindingPath":{"path":"","propertyPath":"/PLANT","modelName":"NewYardModel"},"interaction":{"idSuffix":"inner"}},"wdio_ui5_key":"etmportal.ui.manageyards.view.Newsap.m.Input{\"path\":\"\",\"propertyPath\":\"/PLANT\",\"modelName\":\"NewYardModel\"}"}]}
RESULT: undefined
COMMAND: POST /session/178b85f57970bb84ea8ca4b38e9643ac/execute/async - {"script":"<script> [776 bytes]","args":[{"enterText":"1001","selector":{"controlType":"sap.m.Input","viewName":"etm.portal.ui.manageyards.view.New","viewId":"application-manageyards-display-component---NewYard","bindingPath":{"path":"","propertyPath":"/PLANT","modelName":"NewYardModel"},"interaction":{"idSuffix":"inner"}},"clearTextFirst":true,"interactionType":"ENTER_TEXT"}]}
RESULT: {}
RESULT: {"script":"<script> [776 bytes]","args":[{"enterText":"1001","selector":{"controlType":"sap.m.Input","viewName":"etm.portal.ui.manageyards.view.New","viewId":"application-manageyards-display-component---NewYard","bindingPath":{"path":"","propertyPath":"/PLANT","modelName":"NewYardModel"},"interaction":{"idSuffix":"inner"}},"clearTextFirst":true,"interactionType":"ENTER_TEXT"}]}
COMMAND: POST /session/178b85f57970bb84ea8ca4b38e9643ac/execute/async - {"script":"<script> [1562 bytes]","args":[{"selector":{"controlType":"sap.m.Input","viewName":"etm.portal.ui.manageyards.view.New","viewId":"application-manageyards-display-component---NewYard","bindingPath":{"path":"","propertyPath":"/SALES_AREA_VKORG","modelName":"NewYardModel"},"interaction":{"idSuffix":"inner"}},"wdio_ui5_key":"etmportal.ui.manageyards.view.Newsap.m.Input{\"path\":\"\",\"propertyPath\":\"/SALES_AREA_VKORG\",\"modelName\":\"NewYardModel\"}"}]}
RESULT: {"script":"<script> [1562 bytes]","args":[{"selector":{"controlType":"sap.m.Input","viewName":"etm.portal.ui.manageyards.view.New","viewId":"application-manageyards-display-component---NewYard","bindingPath":{"path":"","propertyPath":"/SALES_AREA_VKORG","modelName":"NewYardModel"},"interaction":{"idSuffix":"inner"}},"wdio_ui5_key":"etmportal.ui.manageyards.view.Newsap.m.Input{\"path\":\"\",\"propertyPath\":\"/SALES_AREA_VKORG\",\"modelName\":\"NewYardModel\"}"}]}
RESULT: undefined
COMMAND: POST /session/178b85f57970bb84ea8ca4b38e9643ac/execute/async - {"script":"<script> [776 bytes]","args":[{"enterText":"C002","selector":{"controlType":"sap.m.Input","viewName":"etm.portal.ui.manageyards.view.New","viewId":"application-manageyards-display-component---NewYard","bindingPath":{"path":"","propertyPath":"/SALES_AREA_VKORG","modelName":"NewYardModel"},"interaction":{"idSuffix":"inner"}},"clearTextFirst":true,"interactionType":"ENTER_TEXT"}]}
RESULT: {"script":"<script> [776 bytes]","args":[{"enterText":"C002","selector":{"controlType":"sap.m.Input","viewName":"etm.portal.ui.manageyards.view.New","viewId":"application-manageyards-display-component---NewYard","bindingPath":{"path":"","propertyPath":"/SALES_AREA_VKORG","modelName":"NewYardModel"},"interaction":{"idSuffix":"inner"}},"clearTextFirst":true,"interactionType":"ENTER_TEXT"}]}
COMMAND: POST /session/178b85f57970bb84ea8ca4b38e9643ac/execute/async - {"script":"<script> [1562 bytes]","args":[{"selector":{"controlType":"sap.m.Input","viewName":"etm.portal.ui.manageyards.view.New","viewId":"application-manageyards-display-component---NewYard","bindingPath":{"path":"","propertyPath":"/SALES_AREA_VTWEG","modelName":"NewYardModel"},"interaction":{"idSuffix":"inner"}},"wdio_ui5_key":"etmportal.ui.manageyards.view.Newsap.m.Input{\"path\":\"\",\"propertyPath\":\"/SALES_AREA_VTWEG\",\"modelName\":\"NewYardModel\"}"}]}
RESULT: {"script":"<script> [1562 bytes]","args":[{"selector":{"controlType":"sap.m.Input","viewName":"etm.portal.ui.manageyards.view.New","viewId":"application-manageyards-display-component---NewYard","bindingPath":{"path":"","propertyPath":"/SALES_AREA_VTWEG","modelName":"NewYardModel"},"interaction":{"idSuffix":"inner"}},"wdio_ui5_key":"etmportal.ui.manageyards.view.Newsap.m.Input{\"path\":\"\",\"propertyPath\":\"/SALES_AREA_VTWEG\",\"modelName\":\"NewYardModel\"}"}]}
RESULT: undefined
COMMAND: POST /session/178b85f57970bb84ea8ca4b38e9643ac/execute/async - {"script":"<script> [776 bytes]","args":[{"enterText":"C2","selector":{"controlType":"sap.m.Input","viewName":"etm.portal.ui.manageyards.view.New","viewId":"application-manageyards-display-component---NewYard","bindingPath":{"path":"","propertyPath":"/SALES_AREA_VTWEG","modelName":"NewYardModel"},"interaction":{"idSuffix":"inner"}},"clearTextFirst":true,"interactionType":"ENTER_TEXT"}]}
RESULT: {"script":"<script> [776 bytes]","args":[{"enterText":"C2","selector":{"controlType":"sap.m.Input","viewName":"etm.portal.ui.manageyards.view.New","viewId":"application-manageyards-display-component---NewYard","bindingPath":{"path":"","propertyPath":"/SALES_AREA_VTWEG","modelName":"NewYardModel"},"interaction":{"idSuffix":"inner"}},"clearTextFirst":true,"interactionType":"ENTER_TEXT"}]}
COMMAND: POST /session/178b85f57970bb84ea8ca4b38e9643ac/execute/async - {"script":"<script> [1562 bytes]","args":[{"selector":{"controlType":"sap.m.Input","viewName":"etm.portal.ui.manageyards.view.New","viewId":"application-manageyards-display-component---NewYard","bindingPath":{"path":"","propertyPath":"/SALES_AREA_SPART","modelName":"NewYardModel"},"interaction":{"idSuffix":"inner"}},"wdio_ui5_key":"etmportal.ui.manageyards.view.Newsap.m.Input{\"path\":\"\",\"propertyPath\":\"/SALES_AREA_SPART\",\"modelName\":\"NewYardModel\"}"}]}
RESULT: {"script":"<script> [1562 bytes]","args":[{"selector":{"controlType":"sap.m.Input","viewName":"etm.portal.ui.manageyards.view.New","viewId":"application-manageyards-display-component---NewYard","bindingPath":{"path":"","propertyPath":"/SALES_AREA_SPART","modelName":"NewYardModel"},"interaction":{"idSuffix":"inner"}},"wdio_ui5_key":"etmportal.ui.manageyards.view.Newsap.m.Input{\"path\":\"\",\"propertyPath\":\"/SALES_AREA_SPART\",\"modelName\":\"NewYardModel\"}"}]}
RESULT: undefined
COMMAND: POST /session/178b85f57970bb84ea8ca4b38e9643ac/execute/async - {"script":"<script> [776 bytes]","args":[{"enterText":"C2","selector":{"controlType":"sap.m.Input","viewName":"etm.portal.ui.manageyards.view.New","viewId":"application-manageyards-display-component---NewYard","bindingPath":{"path":"","propertyPath":"/SALES_AREA_SPART","modelName":"NewYardModel"},"interaction":{"idSuffix":"inner"}},"clearTextFirst":true,"interactionType":"ENTER_TEXT"}]}
RESULT: {"script":"<script> [776 bytes]","args":[{"enterText":"C2","selector":{"controlType":"sap.m.Input","viewName":"etm.portal.ui.manageyards.view.New","viewId":"application-manageyards-display-component---NewYard","bindingPath":{"path":"","propertyPath":"/SALES_AREA_SPART","modelName":"NewYardModel"},"interaction":{"idSuffix":"inner"}},"clearTextFirst":true,"interactionType":"ENTER_TEXT"}]}
COMMAND: POST /session/178b85f57970bb84ea8ca4b38e9643ac/execute/async - {"script":"<script> [1562 bytes]","args":[{"selector":{"id":"application-manageyards-display-component---NewYard--whmCheckBox","interaction":{"idSuffix":"CbBg"}},"wdio_ui5_key":"applicationmanageyards-display-component---NewYard--whmCheckBox"}]}
RESULT: {"script":"<script> [1562 bytes]","args":[{"selector":{"id":"application-manageyards-display-component---NewYard--whmCheckBox","interaction":{"idSuffix":"CbBg"}},"wdio_ui5_key":"applicationmanageyards-display-component---NewYard--whmCheckBox"}]}
RESULT: undefined
COMMAND: POST /session/178b85f57970bb84ea8ca4b38e9643ac/element - {"using":"xpath","value":"//*[@id=\"application-manageyards-display-component---NewYard--whmCheckBox\"]"}
RESULT: {"using":"xpath","value":"//*[@id=\"application-manageyards-display-component---NewYard--whmCheckBox\"]"}
COMMAND: POST /session/178b85f57970bb84ea8ca4b38e9643ac/element/f.4EFED878021992910014147A21BCF18D.d.B56EF5E42C36734BAA648348B2636BB4.e.639/click - {}
RESULT: {}
COMMAND: POST /session/178b85f57970bb84ea8ca4b38e9643ac/execute/async - {"script":"<script> [1562 bytes]","args":[{"selector":{"controlType":"sap.m.Button","viewName":"etm.portal.ui.manageyards.view.New","viewId":"application-manageyards-display-component---NewYard","i18NText":{"propertyName":"text","key":"save"},"interaction":{"idSuffix":"inner"}},"wdio_ui5_key":"etmportal.ui.manageyards.view.Newsap.m.Button{\"propertyName\":\"text\",\"key\":\"save\"}"}]}
COMMAND: GET /session/178b85f57970bb84ea8ca4b38e9643ac/screenshot - {}
RESULT: {"script":"<script> [1562 bytes]","args":[{"selector":{"controlType":"sap.m.Button","viewName":"etm.portal.ui.manageyards.view.New","viewId":"application-manageyards-display-component---NewYard","i18NText":{"propertyName":"text","key":"save"},"interaction":{"idSuffix":"inner"}},"wdio_ui5_key":"etmportal.ui.manageyards.view.Newsap.m.Button{\"propertyName\":\"text\",\"key\":\"save\"}"}]}
RESULT: undefined
COMMAND: POST /session/178b85f57970bb84ea8ca4b38e9643ac/element - {"using":"xpath","value":"//*[@id=\"__button18\"]"}
RESULT: {}
RESULT: {"using":"xpath","value":"//*[@id=\"__button18\"]"}
COMMAND: POST /session/178b85f57970bb84ea8ca4b38e9643ac/element/f.4EFED878021992910014147A21BCF18D.d.B56EF5E42C36734BAA648348B2636BB4.e.527/click - {}
RESULT: {}
COMMAND: GET /session/178b85f57970bb84ea8ca4b38e9643ac/screenshot - {}
RESULT: {}
COMMAND: POST /session/178b85f57970bb84ea8ca4b38e9643ac/element - {"using":"css selector","value":"#shell-header-logo"}
RESULT: {"using":"css selector","value":"#shell-header-logo"}
COMMAND: POST /session/178b85f57970bb84ea8ca4b38e9643ac/element/f.4EFED878021992910014147A21BCF18D.d.B56EF5E42C36734BAA648348B2636BB4.e.119/click - {}
RESULT: {}
COMMAND: GET /session/178b85f57970bb84ea8ca4b38e9643ac/screenshot - {}
RESULT: {}
COMMAND: POST /session/178b85f57970bb84ea8ca4b38e9643ac/refresh - {}
RESULT: {}
COMMAND: GET /session/178b85f57970bb84ea8ca4b38e9643ac/screenshot - {}
RESULT: {}
COMMAND: POST /session/178b85f57970bb84ea8ca4b38e9643ac/execute/async - {"script":"<script> [189 bytes]","args":[]}
RESULT: {"script":"<script> [189 bytes]","args":[]}
COMMAND: POST /session/178b85f57970bb84ea8ca4b38e9643ac/execute/async - {"script":"<script> [123 bytes]","args":[]}
RESULT: {"script":"<script> [123 bytes]","args":[]}
COMMAND: POST /session/178b85f57970bb84ea8ca4b38e9643ac/timeouts - {"script":"<number>"}
RESULT: {"script":"<number>"}
COMMAND: GET /session/178b85f57970bb84ea8ca4b38e9643ac/timeouts - {}
RESULT: {}
RESULT: undefined
COMMAND: POST /session/178b85f57970bb84ea8ca4b38e9643ac/execute/async - {"script":"<script> [2676 bytes]","args":[]}
RESULT: {"script":"<script> [2676 bytes]","args":[]}
COMMAND: POST /session/178b85f57970bb84ea8ca4b38e9643ac/execute/async - {"script":"<script> [2342 bytes]","args":[{"protocol":"http","hostname":"0.0.0.0","path":"/","capabilities":{"browserName":"chrome","goog:chromeOptions":{"binary":"C:\\Program Files\\Google\\Chrome\\Application\\chrome.exe","args":["--start-maximized"]}},"logLevel":"warn","connectionRetryTimeout":120000,"connectionRetryCount":3,"logLevels":{},"enableDirectConnect":true,"strictSSL":true,"_":"65 more keys: [\"cacheDir\",\"port\",\"requestedCapabilities\",\"automationProtocol\",\"baseUrl\",\"waitforInterval\",\"waitforTimeout\",\"onReload\",\"beforeCommand\",\"afterCommand\",\"rootDir\",\"specs\",\"suites\",\"exclude\",\"groupLogsByTestSpec\",\"excludeDriverLogs\",\"bail\",\"framework\",\"reporters\",\"services\",\"maxInstances\",\"maxInstancesPerCapability\",\"injectGlobals\",\"filesToWatch\",\"execArgv\",\"runnerEnv\",\"runner\",\"shard\",\"specFileRetries\",\"specFileRetriesDelay\",\"specFileRetriesDeferred\",\"reporterSyncInterval\",\"reporterSyncTimeout\",\"cucumberFeaturesWithLineNumbers\",\"autoCompileOpts\",\"mochaOpts\",\"jasmineOpts\",\"cucumberOpts\",\"onPrepare\",\"onWorkerStart\",\"onWorkerEnd\",\"before\",\"beforeSession\",\"beforeSuite\",\"beforeHook\",\"beforeTest\",\"afterTest\",\"afterHook\",\"afterSuite\",\"afterSession\",\"after\",\"onComplete\",\"beforeAssertion\",\"afterAssertion\",\"beforeFeature\",\"beforeScenario\",\"beforeStep\",\"afterStep\",\"afterScenario\",\"afterFeature\",\"_\",\"suite\",\"$0\",\"ignoredWorkerServices\",\"wdi5\"]"}]}
RESULT: {"script":"<script> [2342 bytes]","args":[{"protocol":"http","hostname":"0.0.0.0","path":"/","capabilities":{"browserName":"chrome","goog:chromeOptions":{"binary":"C:\\Program Files\\Google\\Chrome\\Application\\chrome.exe","args":["--start-maximized"]}},"logLevel":"warn","connectionRetryTimeout":120000,"connectionRetryCount":3,"logLevels":{},"enableDirectConnect":true,"strictSSL":true,"_":"65 more keys: [\"cacheDir\",\"port\",\"requestedCapabilities\",\"automationProtocol\",\"baseUrl\",\"waitforInterval\",\"waitforTimeout\",\"onReload\",\"beforeCommand\",\"afterCommand\",\"rootDir\",\"specs\",\"suites\",\"exclude\",\"groupLogsByTestSpec\",\"excludeDriverLogs\",\"bail\",\"framework\",\"reporters\",\"services\",\"maxInstances\",\"maxInstancesPerCapability\",\"injectGlobals\",\"filesToWatch\",\"execArgv\",\"runnerEnv\",\"runner\",\"shard\",\"specFileRetries\",\"specFileRetriesDelay\",\"specFileRetriesDeferred\",\"reporterSyncInterval\",\"reporterSyncTimeout\",\"cucumberFeaturesWithLineNumbers\",\"autoCompileOpts\",\"mochaOpts\",\"jasmineOpts\",\"cucumberOpts\",\"onPrepare\",\"onWorkerStart\",\"onWorkerEnd\",\"before\",\"beforeSession\",\"beforeSuite\",\"beforeHook\",\"beforeTest\",\"afterTest\",\"afterHook\",\"afterSuite\",\"afterSession\",\"after\",\"onComplete\",\"beforeAssertion\",\"afterAssertion\",\"beforeFeature\",\"beforeScenario\",\"beforeStep\",\"afterStep\",\"afterScenario\",\"afterFeature\",\"_\",\"suite\",\"$0\",\"ignoredWorkerServices\",\"wdi5\"]"}]}
COMMAND: POST /session/178b85f57970bb84ea8ca4b38e9643ac/execute/async - {"script":"<script> [21126 bytes]","args":[35000]}
RESULT: {"script":"<script> [21126 bytes]","args":[35000]}
]]></system-out>
    </testcase>
    <testcase classname="chrome.136_0_7103_93.windows.Warehouse_movements_inventory_test" name="Should create a new warehouse organization" time="67.829">
      <system-out><![CDATA[
COMMAND: POST /session/178b85f57970bb84ea8ca4b38e9643ac/execute/async - {"script":"<script> [1562 bytes]","args":[{"selector":{"controlType":"sap.m.GenericTile","properties":{"header":"Bin Status Report"}},"wdio_ui5_key":"sapm.GenericTile{\"header\":\"Bin Status Report\"}"}]}
RESULT: {"script":"<script> [1562 bytes]","args":[{"selector":{"controlType":"sap.m.GenericTile","properties":{"header":"Bin Status Report"}},"wdio_ui5_key":"sapm.GenericTile{\"header\":\"Bin Status Report\"}"}]}
RESULT: undefined
COMMAND: POST /session/178b85f57970bb84ea8ca4b38e9643ac/element - {"using":"xpath","value":"//*[@id=\"__tile104\"]"}
RESULT: {"using":"xpath","value":"//*[@id=\"__tile104\"]"}
COMMAND: POST /session/178b85f57970bb84ea8ca4b38e9643ac/element/f.4EFED878021992910014147A21BCF18D.d.5A71CCE7A454519E73C2997F9C121487.e.856/click - {}
RESULT: {}
COMMAND: GET /session/178b85f57970bb84ea8ca4b38e9643ac/screenshot - {}
RESULT: {}
COMMAND: POST /session/178b85f57970bb84ea8ca4b38e9643ac/elements - {"using":"xpath","value":"//span[text()='Error']"}
RESULT: {"using":"xpath","value":"//span[text()='Error']"}
COMMAND: POST /session/178b85f57970bb84ea8ca4b38e9643ac/execute/async - {"script":"<script> [1562 bytes]","args":[{"selector":{"id":"application-binstatusreport-display-component---warehousing--createOrgBtn","interaction":{"idSuffix":"BDI-content"}},"wdio_ui5_key":"applicationbinstatusreport-display-component---warehousing--createOrgBtn"}]}
RESULT: {"script":"<script> [1562 bytes]","args":[{"selector":{"id":"application-binstatusreport-display-component---warehousing--createOrgBtn","interaction":{"idSuffix":"BDI-content"}},"wdio_ui5_key":"applicationbinstatusreport-display-component---warehousing--createOrgBtn"}]}
RESULT: undefined
COMMAND: POST /session/178b85f57970bb84ea8ca4b38e9643ac/element - {"using":"xpath","value":"//*[@id=\"application-binstatusreport-display-component---warehousing--createOrgBtn\"]"}
RESULT: {"using":"xpath","value":"//*[@id=\"application-binstatusreport-display-component---warehousing--createOrgBtn\"]"}
COMMAND: POST /session/178b85f57970bb84ea8ca4b38e9643ac/element/f.4EFED878021992910014147A21BCF18D.d.5A71CCE7A454519E73C2997F9C121487.e.902/click - {}
RESULT: {}
COMMAND: GET /session/178b85f57970bb84ea8ca4b38e9643ac/screenshot - {}
RESULT: {}
COMMAND: POST /session/178b85f57970bb84ea8ca4b38e9643ac/execute/async - {"script":"<script> [1562 bytes]","args":[{"selector":{"id":"createOrganizationPop--sectionInput","searchOpenDialogs":true,"interaction":{"idSuffix":"inner"}},"wdio_ui5_key":"createOrganizationPopsectionInput"}]}
RESULT: {"script":"<script> [1562 bytes]","args":[{"selector":{"id":"createOrganizationPop--sectionInput","searchOpenDialogs":true,"interaction":{"idSuffix":"inner"}},"wdio_ui5_key":"createOrganizationPopsectionInput"}]}
RESULT: undefined
COMMAND: POST /session/178b85f57970bb84ea8ca4b38e9643ac/execute/async - {"script":"<script> [776 bytes]","args":[{"enterText":"Sec9fl5k","selector":{"id":"createOrganizationPop--sectionInput","searchOpenDialogs":true,"interaction":{"idSuffix":"inner"}},"clearTextFirst":true,"interactionType":"ENTER_TEXT"}]}
RESULT: {"script":"<script> [776 bytes]","args":[{"enterText":"Sec9fl5k","selector":{"id":"createOrganizationPop--sectionInput","searchOpenDialogs":true,"interaction":{"idSuffix":"inner"}},"clearTextFirst":true,"interactionType":"ENTER_TEXT"}]}
COMMAND: POST /session/178b85f57970bb84ea8ca4b38e9643ac/execute/async - {"script":"<script> [1562 bytes]","args":[{"selector":{"id":"createOrganizationPop--descriptionInput","searchOpenDialogs":true,"interaction":{"idSuffix":"inner"}},"wdio_ui5_key":"createOrganizationPopdescriptionInput"}]}
RESULT: {"script":"<script> [1562 bytes]","args":[{"selector":{"id":"createOrganizationPop--descriptionInput","searchOpenDialogs":true,"interaction":{"idSuffix":"inner"}},"wdio_ui5_key":"createOrganizationPopdescriptionInput"}]}
RESULT: undefined
COMMAND: POST /session/178b85f57970bb84ea8ca4b38e9643ac/execute/async - {"script":"<script> [776 bytes]","args":[{"enterText":"OrgNameguerd","selector":{"id":"createOrganizationPop--descriptionInput","searchOpenDialogs":true,"interaction":{"idSuffix":"inner"}},"clearTextFirst":true,"interactionType":"ENTER_TEXT"}]}
RESULT: {"script":"<script> [776 bytes]","args":[{"enterText":"OrgNameguerd","selector":{"id":"createOrganizationPop--descriptionInput","searchOpenDialogs":true,"interaction":{"idSuffix":"inner"}},"clearTextFirst":true,"interactionType":"ENTER_TEXT"}]}
COMMAND: POST /session/178b85f57970bb84ea8ca4b38e9643ac/element - {"using":"xpath","value":"//input[contains(@id ,\"createOrganizationPop--yardOrg-inner\")]"}
RESULT: {"using":"xpath","value":"//input[contains(@id ,\"createOrganizationPop--yardOrg-inner\")]"}
COMMAND: POST /session/178b85f57970bb84ea8ca4b38e9643ac/element/f.4EFED878021992910014147A21BCF18D.d.5A71CCE7A454519E73C2997F9C121487.e.944/clear - {}
RESULT: {}
COMMAND: POST /session/178b85f57970bb84ea8ca4b38e9643ac/element/f.4EFED878021992910014147A21BCF18D.d.5A71CCE7A454519E73C2997F9C121487.e.944/value - {"text":"WebdriverWHMYardr4i2r"}
COMMAND: GET /session/178b85f57970bb84ea8ca4b38e9643ac/screenshot - {}
RESULT: {"text":"WebdriverWHMYardr4i2r"}
COMMAND: GET /session/178b85f57970bb84ea8ca4b38e9643ac/screenshot - {}
RESULT: {}
RESULT: {}
COMMAND: POST /session/178b85f57970bb84ea8ca4b38e9643ac/actions - {"actions":[{"id":"action4","type":"key","parameters":{},"actions":[{"type":"keyDown","value":"î€‡"},{"type":"pause","duration":10},{"type":"keyUp","value":"î€‡"}]}]}
RESULT: {"actions":[{"id":"action4","type":"key","parameters":{},"actions":[{"type":"keyDown","value":"î€‡"},{"type":"pause","duration":10},{"type":"keyUp","value":"î€‡"}]}]}
COMMAND: GET /session/178b85f57970bb84ea8ca4b38e9643ac/screenshot - {}
RESULT: {}
COMMAND: POST /session/178b85f57970bb84ea8ca4b38e9643ac/execute/async - {"script":"<script> [1562 bytes]","args":[{"selector":{"id":"createOrganizationPop--grZone","searchOpenDialogs":true,"interaction":{"idSuffix":"CbBg"}},"wdio_ui5_key":"createOrganizationPopgrZone"}]}
RESULT: {"script":"<script> [1562 bytes]","args":[{"selector":{"id":"createOrganizationPop--grZone","searchOpenDialogs":true,"interaction":{"idSuffix":"CbBg"}},"wdio_ui5_key":"createOrganizationPopgrZone"}]}
RESULT: undefined
COMMAND: POST /session/178b85f57970bb84ea8ca4b38e9643ac/element - {"using":"xpath","value":"//*[@id=\"createOrganizationPop--grZone\"]"}
RESULT: {"using":"xpath","value":"//*[@id=\"createOrganizationPop--grZone\"]"}
COMMAND: POST /session/178b85f57970bb84ea8ca4b38e9643ac/element/f.4EFED878021992910014147A21BCF18D.d.5A71CCE7A454519E73C2997F9C121487.e.966/click - {}
RESULT: {}
COMMAND: POST /session/178b85f57970bb84ea8ca4b38e9643ac/execute/async - {"script":"<script> [1562 bytes]","args":[{"selector":{"id":"createOrganizationPop--giZone","searchOpenDialogs":true,"interaction":{"idSuffix":"CbBg"}},"wdio_ui5_key":"createOrganizationPopgiZone"}]}
COMMAND: GET /session/178b85f57970bb84ea8ca4b38e9643ac/screenshot - {}
RESULT: {"script":"<script> [1562 bytes]","args":[{"selector":{"id":"createOrganizationPop--giZone","searchOpenDialogs":true,"interaction":{"idSuffix":"CbBg"}},"wdio_ui5_key":"createOrganizationPopgiZone"}]}
RESULT: undefined
COMMAND: POST /session/178b85f57970bb84ea8ca4b38e9643ac/element - {"using":"xpath","value":"//*[@id=\"createOrganizationPop--giZone\"]"}
RESULT: {}
RESULT: {"using":"xpath","value":"//*[@id=\"createOrganizationPop--giZone\"]"}
COMMAND: POST /session/178b85f57970bb84ea8ca4b38e9643ac/element/f.4EFED878021992910014147A21BCF18D.d.5A71CCE7A454519E73C2997F9C121487.e.968/click - {}
RESULT: {}
COMMAND: POST /session/178b85f57970bb84ea8ca4b38e9643ac/execute/async - {"script":"<script> [1562 bytes]","args":[{"selector":{"id":"createOrganizationPop--binNoInput","searchOpenDialogs":true,"interaction":{"idSuffix":"inner"}},"wdio_ui5_key":"createOrganizationPopbinNoInput"}]}
COMMAND: GET /session/178b85f57970bb84ea8ca4b38e9643ac/screenshot - {}
RESULT: {"script":"<script> [1562 bytes]","args":[{"selector":{"id":"createOrganizationPop--binNoInput","searchOpenDialogs":true,"interaction":{"idSuffix":"inner"}},"wdio_ui5_key":"createOrganizationPopbinNoInput"}]}
RESULT: undefined
COMMAND: POST /session/178b85f57970bb84ea8ca4b38e9643ac/execute/async - {"script":"<script> [776 bytes]","args":[{"enterText":"Bin2vfk0j","selector":{"id":"createOrganizationPop--binNoInput","searchOpenDialogs":true,"interaction":{"idSuffix":"inner"}},"clearTextFirst":true,"interactionType":"ENTER_TEXT"}]}
RESULT: {}
RESULT: {"script":"<script> [776 bytes]","args":[{"enterText":"Bin2vfk0j","selector":{"id":"createOrganizationPop--binNoInput","searchOpenDialogs":true,"interaction":{"idSuffix":"inner"}},"clearTextFirst":true,"interactionType":"ENTER_TEXT"}]}
COMMAND: POST /session/178b85f57970bb84ea8ca4b38e9643ac/execute/async - {"script":"<script> [1562 bytes]","args":[{"selector":{"id":"createOrganizationPop--descriptionId","searchOpenDialogs":true,"interaction":{"idSuffix":"inner"}},"wdio_ui5_key":"createOrganizationPopdescriptionId"}]}
RESULT: {"script":"<script> [1562 bytes]","args":[{"selector":{"id":"createOrganizationPop--descriptionId","searchOpenDialogs":true,"interaction":{"idSuffix":"inner"}},"wdio_ui5_key":"createOrganizationPopdescriptionId"}]}
RESULT: undefined
COMMAND: POST /session/178b85f57970bb84ea8ca4b38e9643ac/execute/async - {"script":"<script> [776 bytes]","args":[{"enterText":"Binwu46","selector":{"id":"createOrganizationPop--descriptionId","searchOpenDialogs":true,"interaction":{"idSuffix":"inner"}},"clearTextFirst":true,"interactionType":"ENTER_TEXT"}]}
RESULT: {"script":"<script> [776 bytes]","args":[{"enterText":"Binwu46","selector":{"id":"createOrganizationPop--descriptionId","searchOpenDialogs":true,"interaction":{"idSuffix":"inner"}},"clearTextFirst":true,"interactionType":"ENTER_TEXT"}]}
COMMAND: POST /session/178b85f57970bb84ea8ca4b38e9643ac/execute/async - {"script":"<script> [1562 bytes]","args":[{"selector":{"controlType":"sap.m.CheckBox","viewName":"etm.portal.ui.binstatusreport.view.MasterWareBins","viewId":"application-binstatusreport-display-component---warehousing","bindingPath":{"path":"","propertyPath":"/ZONE","modelName":"newBin"},"searchOpenDialogs":true,"interaction":{"idSuffix":"CbBg"}},"wdio_ui5_key":"etmportal.ui.binstatusreport.view.MasterWareBinssap.m.CheckBox{\"path\":\"\",\"propertyPath\":\"/ZONE\",\"modelName\":\"newBin\"}"}]}
RESULT: {"script":"<script> [1562 bytes]","args":[{"selector":{"controlType":"sap.m.CheckBox","viewName":"etm.portal.ui.binstatusreport.view.MasterWareBins","viewId":"application-binstatusreport-display-component---warehousing","bindingPath":{"path":"","propertyPath":"/ZONE","modelName":"newBin"},"searchOpenDialogs":true,"interaction":{"idSuffix":"CbBg"}},"wdio_ui5_key":"etmportal.ui.binstatusreport.view.MasterWareBinssap.m.CheckBox{\"path\":\"\",\"propertyPath\":\"/ZONE\",\"modelName\":\"newBin\"}"}]}
RESULT: undefined
COMMAND: POST /session/178b85f57970bb84ea8ca4b38e9643ac/element - {"using":"xpath","value":"//*[@id=\"__box12\"]"}
RESULT: {"using":"xpath","value":"//*[@id=\"__box12\"]"}
COMMAND: POST /session/178b85f57970bb84ea8ca4b38e9643ac/element/f.4EFED878021992910014147A21BCF18D.d.5A71CCE7A454519E73C2997F9C121487.e.972/click - {}
RESULT: {}
COMMAND: POST /session/178b85f57970bb84ea8ca4b38e9643ac/execute/async - {"script":"<script> [1562 bytes]","args":[{"selector":{"id":"createOrganizationPop--binTypesCB-arrow","searchOpenDialogs":true},"wdio_ui5_key":"createOrganizationPopbinTypesCB-arrow"}]}
COMMAND: GET /session/178b85f57970bb84ea8ca4b38e9643ac/screenshot - {}
RESULT: {"script":"<script> [1562 bytes]","args":[{"selector":{"id":"createOrganizationPop--binTypesCB-arrow","searchOpenDialogs":true},"wdio_ui5_key":"createOrganizationPopbinTypesCB-arrow"}]}
RESULT: undefined
COMMAND: POST /session/178b85f57970bb84ea8ca4b38e9643ac/element - {"using":"xpath","value":"//*[@id=\"createOrganizationPop--binTypesCB-arrow\"]"}
RESULT: {}
RESULT: {"using":"xpath","value":"//*[@id=\"createOrganizationPop--binTypesCB-arrow\"]"}
COMMAND: POST /session/178b85f57970bb84ea8ca4b38e9643ac/element/f.4EFED878021992910014147A21BCF18D.d.5A71CCE7A454519E73C2997F9C121487.e.973/click - {}
RESULT: {}
COMMAND: POST /session/178b85f57970bb84ea8ca4b38e9643ac/execute/async - {"script":"<script> [1562 bytes]","args":[{"selector":{"controlType":"sap.m.StandardListItem","viewName":"etm.portal.ui.binstatusreport.view.MasterWareBins","viewId":"application-binstatusreport-display-component---warehousing","properties":{"title":"1 - General / No capacity check"},"searchOpenDialogs":true,"interaction":{"idSuffix":"content"}},"wdio_ui5_key":"etmportal.ui.binstatusreport.view.MasterWareBinssap.m.StandardListItem{\"title\":\"1 - General / No capacity check\"}"}]}
COMMAND: GET /session/178b85f57970bb84ea8ca4b38e9643ac/screenshot - {}
RESULT: {}
RESULT: {"script":"<script> [1562 bytes]","args":[{"selector":{"controlType":"sap.m.StandardListItem","viewName":"etm.portal.ui.binstatusreport.view.MasterWareBins","viewId":"application-binstatusreport-display-component---warehousing","properties":{"title":"1 - General / No capacity check"},"searchOpenDialogs":true,"interaction":{"idSuffix":"content"}},"wdio_ui5_key":"etmportal.ui.binstatusreport.view.MasterWareBinssap.m.StandardListItem{\"title\":\"1 - General / No capacity check\"}"}]}
RESULT: undefined
COMMAND: POST /session/178b85f57970bb84ea8ca4b38e9643ac/element - {"using":"xpath","value":"//*[@id=\"__item144\"]"}
RESULT: {"using":"xpath","value":"//*[@id=\"__item144\"]"}
COMMAND: POST /session/178b85f57970bb84ea8ca4b38e9643ac/element/f.4EFED878021992910014147A21BCF18D.d.5A71CCE7A454519E73C2997F9C121487.e.975/click - {}
RESULT: {}
COMMAND: POST /session/178b85f57970bb84ea8ca4b38e9643ac/execute/async - {"script":"<script> [1562 bytes]","args":[{"selector":{"id":"createOrganizationPop--finishBtn","searchOpenDialogs":true,"interaction":{"idSuffix":"BDI-content"}},"wdio_ui5_key":"createOrganizationPopfinishBtn"}]}
COMMAND: GET /session/178b85f57970bb84ea8ca4b38e9643ac/screenshot - {}
RESULT: {"script":"<script> [1562 bytes]","args":[{"selector":{"id":"createOrganizationPop--finishBtn","searchOpenDialogs":true,"interaction":{"idSuffix":"BDI-content"}},"wdio_ui5_key":"createOrganizationPopfinishBtn"}]}
RESULT: undefined
COMMAND: POST /session/178b85f57970bb84ea8ca4b38e9643ac/element - {"using":"xpath","value":"//*[@id=\"createOrganizationPop--finishBtn\"]"}
RESULT: {}
RESULT: {"using":"xpath","value":"//*[@id=\"createOrganizationPop--finishBtn\"]"}
COMMAND: POST /session/178b85f57970bb84ea8ca4b38e9643ac/element/f.4EFED878021992910014147A21BCF18D.d.5A71CCE7A454519E73C2997F9C121487.e.977/click - {}
RESULT: {}
COMMAND: GET /session/178b85f57970bb84ea8ca4b38e9643ac/screenshot - {}
RESULT: {}
COMMAND: POST /session/178b85f57970bb84ea8ca4b38e9643ac/element - {"using":"css selector","value":"#shell-header-logo"}
RESULT: {"using":"css selector","value":"#shell-header-logo"}
COMMAND: POST /session/178b85f57970bb84ea8ca4b38e9643ac/element/f.4EFED878021992910014147A21BCF18D.d.5A71CCE7A454519E73C2997F9C121487.e.861/click - {}
RESULT: {}
COMMAND: GET /session/178b85f57970bb84ea8ca4b38e9643ac/screenshot - {}
RESULT: {}
]]></system-out>
    </testcase>
    <testcase classname="chrome.136_0_7103_93.windows.Warehouse_movements_inventory_test" name="Should Create new material for WHM yard" time="149.065">
      <system-out><![CDATA[
COMMAND: POST /session/178b85f57970bb84ea8ca4b38e9643ac/execute/async - {"script":"<script> [1562 bytes]","args":[{"selector":{"controlType":"sap.m.GenericTile","properties":{"header":"Manage Resources"}},"wdio_ui5_key":"sapm.GenericTile{\"header\":\"Manage Resources\"}"}]}
RESULT: {"script":"<script> [1562 bytes]","args":[{"selector":{"controlType":"sap.m.GenericTile","properties":{"header":"Manage Resources"}},"wdio_ui5_key":"sapm.GenericTile{\"header\":\"Manage Resources\"}"}]}
RESULT: undefined
COMMAND: POST /session/178b85f57970bb84ea8ca4b38e9643ac/element - {"using":"xpath","value":"//*[@id=\"__tile39\"]"}
RESULT: {"using":"xpath","value":"//*[@id=\"__tile39\"]"}
COMMAND: POST /session/178b85f57970bb84ea8ca4b38e9643ac/element/f.4EFED878021992910014147A21BCF18D.d.5A71CCE7A454519E73C2997F9C121487.e.985/click - {}
RESULT: {}
COMMAND: GET /session/178b85f57970bb84ea8ca4b38e9643ac/screenshot - {}
RESULT: {}
COMMAND: POST /session/178b85f57970bb84ea8ca4b38e9643ac/elements - {"using":"xpath","value":"//span[text()='Error']"}
RESULT: {"using":"xpath","value":"//span[text()='Error']"}
COMMAND: POST /session/178b85f57970bb84ea8ca4b38e9643ac/element - {"using":"xpath","value":"//button[@data-kt=\"addNewRUOverflowToolbarButton\"]"}
RESULT: {"using":"xpath","value":"//button[@data-kt=\"addNewRUOverflowToolbarButton\"]"}
COMMAND: POST /session/178b85f57970bb84ea8ca4b38e9643ac/execute/sync - {"script":"<script> [8489 bytes]","args":[{"element-6066-11e4-a52e-4f735466cecf":"f.4EFED878021992910014147A21BCF18D.d.5A71CCE7A454519E73C2997F9C121487.e.1027","ELEMENT":"f.4EFED878021992910014147A21BCF18D.d.5A71CCE7A454519E73C2997F9C121487.e.1027"}]}
RESULT: {"script":"<script> [8489 bytes]","args":[{"element-6066-11e4-a52e-4f735466cecf":"f.4EFED878021992910014147A21BCF18D.d.5A71CCE7A454519E73C2997F9C121487.e.1027","ELEMENT":"f.4EFED878021992910014147A21BCF18D.d.5A71CCE7A454519E73C2997F9C121487.e.1027"}]}
COMMAND: POST /session/178b85f57970bb84ea8ca4b38e9643ac/element/f.4EFED878021992910014147A21BCF18D.d.5A71CCE7A454519E73C2997F9C121487.e.1027/click - {}
COMMAND: GET /session/178b85f57970bb84ea8ca4b38e9643ac/screenshot - {}
RESULT: {}
COMMAND: POST /session/178b85f57970bb84ea8ca4b38e9643ac/execute/async - {"script":"<script> [1562 bytes]","args":[{"selector":{"id":"application-manageresources-display-component---newResourceUnit--TYPE-arrow"},"wdio_ui5_key":"applicationmanageresources-display-component---newResourceUnit--TYPE-arrow"}]}
COMMAND: GET /session/178b85f57970bb84ea8ca4b38e9643ac/screenshot - {}
RESULT: {}
RESULT: {"script":"<script> [1562 bytes]","args":[{"selector":{"id":"application-manageresources-display-component---newResourceUnit--TYPE-arrow"},"wdio_ui5_key":"applicationmanageresources-display-component---newResourceUnit--TYPE-arrow"}]}
RESULT: undefined
COMMAND: POST /session/178b85f57970bb84ea8ca4b38e9643ac/element - {"using":"xpath","value":"//*[@id=\"application-manageresources-display-component---newResourceUnit--TYPE-arrow\"]"}
RESULT: {}
RESULT: {"using":"xpath","value":"//*[@id=\"application-manageresources-display-component---newResourceUnit--TYPE-arrow\"]"}
COMMAND: POST /session/178b85f57970bb84ea8ca4b38e9643ac/element/f.4EFED878021992910014147A21BCF18D.d.5A71CCE7A454519E73C2997F9C121487.e.1343/click - {}
RESULT: {}
COMMAND: POST /session/178b85f57970bb84ea8ca4b38e9643ac/execute/async - {"script":"<script> [1562 bytes]","args":[{"selector":{"controlType":"sap.m.StandardListItem","viewName":"reusables.view.manageresources.NewResourceUnit","viewId":"application-manageresources-display-component---newResourceUnit","properties":{"title":"Material"},"searchOpenDialogs":true,"interaction":{"idSuffix":"titleText"}},"wdio_ui5_key":"reusablesview.manageresources.NewResourceUnitsap.m.StandardListItem{\"title\":\"Material\"}"}]}
COMMAND: GET /session/178b85f57970bb84ea8ca4b38e9643ac/screenshot - {}
RESULT: {"script":"<script> [1562 bytes]","args":[{"selector":{"controlType":"sap.m.StandardListItem","viewName":"reusables.view.manageresources.NewResourceUnit","viewId":"application-manageresources-display-component---newResourceUnit","properties":{"title":"Material"},"searchOpenDialogs":true,"interaction":{"idSuffix":"titleText"}},"wdio_ui5_key":"reusablesview.manageresources.NewResourceUnitsap.m.StandardListItem{\"title\":\"Material\"}"}]}
RESULT: undefined
COMMAND: POST /session/178b85f57970bb84ea8ca4b38e9643ac/element - {"using":"xpath","value":"//*[@id=\"__item273\"]"}
RESULT: {}
RESULT: {"using":"xpath","value":"//*[@id=\"__item273\"]"}
COMMAND: POST /session/178b85f57970bb84ea8ca4b38e9643ac/element/f.4EFED878021992910014147A21BCF18D.d.5A71CCE7A454519E73C2997F9C121487.e.1346/click - {}
RESULT: {}
COMMAND: POST /session/178b85f57970bb84ea8ca4b38e9643ac/execute/async - {"script":"<script> [1562 bytes]","args":[{"selector":{"id":"application-manageresources-display-component---newResourceUnit--SHORT_TEXT","interaction":{"idSuffix":"inner"}},"wdio_ui5_key":"applicationmanageresources-display-component---newResourceUnit--SHORT_TEXT"}]}
COMMAND: GET /session/178b85f57970bb84ea8ca4b38e9643ac/screenshot - {}
RESULT: {"script":"<script> [1562 bytes]","args":[{"selector":{"id":"application-manageresources-display-component---newResourceUnit--SHORT_TEXT","interaction":{"idSuffix":"inner"}},"wdio_ui5_key":"applicationmanageresources-display-component---newResourceUnit--SHORT_TEXT"}]}
RESULT: undefined
COMMAND: POST /session/178b85f57970bb84ea8ca4b38e9643ac/execute/async - {"script":"<script> [776 bytes]","args":[{"enterText":"WebdriverRUR2Ciu0hgf","selector":{"id":"application-manageresources-display-component---newResourceUnit--SHORT_TEXT","interaction":{"idSuffix":"inner"}},"clearTextFirst":true,"interactionType":"ENTER_TEXT"}]}
RESULT: {}
RESULT: {"script":"<script> [776 bytes]","args":[{"enterText":"WebdriverRUR2Ciu0hgf","selector":{"id":"application-manageresources-display-component---newResourceUnit--SHORT_TEXT","interaction":{"idSuffix":"inner"}},"clearTextFirst":true,"interactionType":"ENTER_TEXT"}]}
COMMAND: POST /session/178b85f57970bb84ea8ca4b38e9643ac/execute/async - {"script":"<script> [1562 bytes]","args":[{"selector":{"id":"application-manageresources-display-component---newResourceUnit--BASE_UNIT_OF_MEASURE-arrow"},"wdio_ui5_key":"applicationmanageresources-display-component---newResourceUnit--BASE_UNIT_OF_MEASURE-arrow"}]}
RESULT: {"script":"<script> [1562 bytes]","args":[{"selector":{"id":"application-manageresources-display-component---newResourceUnit--BASE_UNIT_OF_MEASURE-arrow"},"wdio_ui5_key":"applicationmanageresources-display-component---newResourceUnit--BASE_UNIT_OF_MEASURE-arrow"}]}
RESULT: undefined
COMMAND: POST /session/178b85f57970bb84ea8ca4b38e9643ac/element - {"using":"xpath","value":"//*[@id=\"application-manageresources-display-component---newResourceUnit--BASE_UNIT_OF_MEASURE-arrow\"]"}
RESULT: {"using":"xpath","value":"//*[@id=\"application-manageresources-display-component---newResourceUnit--BASE_UNIT_OF_MEASURE-arrow\"]"}
COMMAND: POST /session/178b85f57970bb84ea8ca4b38e9643ac/element/f.4EFED878021992910014147A21BCF18D.d.5A71CCE7A454519E73C2997F9C121487.e.1400/click - {}
RESULT: {}
COMMAND: POST /session/178b85f57970bb84ea8ca4b38e9643ac/execute/async - {"script":"<script> [1562 bytes]","args":[{"selector":{"controlType":"sap.m.StandardListItem","viewName":"reusables.view.manageresources.NewResourceUnit","viewId":"application-manageresources-display-component---newResourceUnit","properties":{"title":"Piece"},"searchOpenDialogs":true,"interaction":{"idSuffix":"titleText"}},"wdio_ui5_key":"reusablesview.manageresources.NewResourceUnitsap.m.StandardListItem{\"title\":\"Piece\"}"}]}
COMMAND: GET /session/178b85f57970bb84ea8ca4b38e9643ac/screenshot - {}
RESULT: {"script":"<script> [1562 bytes]","args":[{"selector":{"controlType":"sap.m.StandardListItem","viewName":"reusables.view.manageresources.NewResourceUnit","viewId":"application-manageresources-display-component---newResourceUnit","properties":{"title":"Piece"},"searchOpenDialogs":true,"interaction":{"idSuffix":"titleText"}},"wdio_ui5_key":"reusablesview.manageresources.NewResourceUnitsap.m.StandardListItem{\"title\":\"Piece\"}"}]}
RESULT: undefined
COMMAND: POST /session/178b85f57970bb84ea8ca4b38e9643ac/element - {"using":"xpath","value":"//*[@id=\"__item315\"]"}
RESULT: {}
RESULT: {"using":"xpath","value":"//*[@id=\"__item315\"]"}
COMMAND: POST /session/178b85f57970bb84ea8ca4b38e9643ac/element/f.4EFED878021992910014147A21BCF18D.d.5A71CCE7A454519E73C2997F9C121487.e.1402/click - {}
RESULT: {}
COMMAND: POST /session/178b85f57970bb84ea8ca4b38e9643ac/element - {"using":"xpath","value":"//input[contains(@id ,\"application-manageresources-display-component---newResourceUnit--SHORT_TEXT-inner\")]"}
COMMAND: GET /session/178b85f57970bb84ea8ca4b38e9643ac/screenshot - {}
RESULT: {"using":"xpath","value":"//input[contains(@id ,\"application-manageresources-display-component---newResourceUnit--SHORT_TEXT-inner\")]"}
COMMAND: GET /session/178b85f57970bb84ea8ca4b38e9643ac/element/f.4EFED878021992910014147A21BCF18D.d.5A71CCE7A454519E73C2997F9C121487.e.1363/property/value - {}
RESULT: {}
RESULT: {}
COMMAND: POST /session/178b85f57970bb84ea8ca4b38e9643ac/execute/async - {"script":"<script> [1562 bytes]","args":[{"selector":{"id":"application-manageresources-display-component---newResourceUnit--WEIGHT_UNIT-arrow"},"wdio_ui5_key":"applicationmanageresources-display-component---newResourceUnit--WEIGHT_UNIT-arrow"}]}
COMMAND: GET /session/178b85f57970bb84ea8ca4b38e9643ac/screenshot - {}
RESULT: {"script":"<script> [1562 bytes]","args":[{"selector":{"id":"application-manageresources-display-component---newResourceUnit--WEIGHT_UNIT-arrow"},"wdio_ui5_key":"applicationmanageresources-display-component---newResourceUnit--WEIGHT_UNIT-arrow"}]}
RESULT: undefined
COMMAND: POST /session/178b85f57970bb84ea8ca4b38e9643ac/element - {"using":"xpath","value":"//*[@id=\"application-manageresources-display-component---newResourceUnit--WEIGHT_UNIT-arrow\"]"}
RESULT: {}
RESULT: {"using":"xpath","value":"//*[@id=\"application-manageresources-display-component---newResourceUnit--WEIGHT_UNIT-arrow\"]"}
COMMAND: POST /session/178b85f57970bb84ea8ca4b38e9643ac/element/f.4EFED878021992910014147A21BCF18D.d.5A71CCE7A454519E73C2997F9C121487.e.1403/click - {}
RESULT: {}
COMMAND: POST /session/178b85f57970bb84ea8ca4b38e9643ac/execute/async - {"script":"<script> [1562 bytes]","args":[{"selector":{"controlType":"sap.m.StandardListItem","viewName":"reusables.view.manageresources.NewResourceUnit","viewId":"application-manageresources-display-component---newResourceUnit","properties":{"title":"Gram"},"searchOpenDialogs":true,"interaction":{"idSuffix":"content"}},"wdio_ui5_key":"reusablesview.manageresources.NewResourceUnitsap.m.StandardListItem{\"title\":\"Gram\"}"}]}
COMMAND: GET /session/178b85f57970bb84ea8ca4b38e9643ac/screenshot - {}
RESULT: {"script":"<script> [1562 bytes]","args":[{"selector":{"controlType":"sap.m.StandardListItem","viewName":"reusables.view.manageresources.NewResourceUnit","viewId":"application-manageresources-display-component---newResourceUnit","properties":{"title":"Gram"},"searchOpenDialogs":true,"interaction":{"idSuffix":"content"}},"wdio_ui5_key":"reusablesview.manageresources.NewResourceUnitsap.m.StandardListItem{\"title\":\"Gram\"}"}]}
RESULT: undefined
COMMAND: POST /session/178b85f57970bb84ea8ca4b38e9643ac/element - {"using":"xpath","value":"//*[@id=\"__item380\"]"}
RESULT: {}
RESULT: {"using":"xpath","value":"//*[@id=\"__item380\"]"}
COMMAND: POST /session/178b85f57970bb84ea8ca4b38e9643ac/element/f.4EFED878021992910014147A21BCF18D.d.5A71CCE7A454519E73C2997F9C121487.e.1405/click - {}
RESULT: {}
COMMAND: POST /session/178b85f57970bb84ea8ca4b38e9643ac/execute/async - {"script":"<script> [1562 bytes]","args":[{"selector":{"id":"application-manageresources-display-component---newResourceUnit--newRRUPage-OPHeaderContent-collapseBtn-img"},"wdio_ui5_key":"applicationmanageresources-display-component---newResourceUnit--newRRUPage-OPHeaderContent-collapseBtn-img"}]}
COMMAND: GET /session/178b85f57970bb84ea8ca4b38e9643ac/screenshot - {}
RESULT: {"script":"<script> [1562 bytes]","args":[{"selector":{"id":"application-manageresources-display-component---newResourceUnit--newRRUPage-OPHeaderContent-collapseBtn-img"},"wdio_ui5_key":"applicationmanageresources-display-component---newResourceUnit--newRRUPage-OPHeaderContent-collapseBtn-img"}]}
RESULT: undefined
COMMAND: POST /session/178b85f57970bb84ea8ca4b38e9643ac/element - {"using":"xpath","value":"//*[@id=\"application-manageresources-display-component---newResourceUnit--newRRUPage-OPHeaderContent-collapseBtn-img\"]"}
RESULT: {}
RESULT: {"using":"xpath","value":"//*[@id=\"application-manageresources-display-component---newResourceUnit--newRRUPage-OPHeaderContent-collapseBtn-img\"]"}
COMMAND: POST /session/178b85f57970bb84ea8ca4b38e9643ac/element/f.4EFED878021992910014147A21BCF18D.d.5A71CCE7A454519E73C2997F9C121487.e.1353/click - {}
RESULT: {}
COMMAND: GET /session/178b85f57970bb84ea8ca4b38e9643ac/screenshot - {}
RESULT: {}
COMMAND: POST /session/178b85f57970bb84ea8ca4b38e9643ac/element - {"using":"xpath","value":"(//span[contains(@id ,\"application-manageresources-display-component---newResourceUnit--DIMENSION_UNIT-arrow\")])[1]"}
RESULT: {"using":"xpath","value":"(//span[contains(@id ,\"application-manageresources-display-component---newResourceUnit--DIMENSION_UNIT-arrow\")])[1]"}
COMMAND: POST /session/178b85f57970bb84ea8ca4b38e9643ac/element/f.4EFED878021992910014147A21BCF18D.d.5A71CCE7A454519E73C2997F9C121487.e.1411/click - {}
RESULT: {}
COMMAND: GET /session/178b85f57970bb84ea8ca4b38e9643ac/screenshot - {}
RESULT: {}
COMMAND: POST /session/178b85f57970bb84ea8ca4b38e9643ac/execute/async - {"script":"<script> [1562 bytes]","args":[{"selector":{"controlType":"sap.m.StandardListItem","viewName":"reusables.view.manageresources.NewResourceUnit","viewId":"application-manageresources-display-component---newResourceUnit","properties":{"title":"Centimeter"},"searchOpenDialogs":true,"interaction":{"idSuffix":"titleText"}},"wdio_ui5_key":"reusablesview.manageresources.NewResourceUnitsap.m.StandardListItem{\"title\":\"Centimeter\"}"}]}
RESULT: {"script":"<script> [1562 bytes]","args":[{"selector":{"controlType":"sap.m.StandardListItem","viewName":"reusables.view.manageresources.NewResourceUnit","viewId":"application-manageresources-display-component---newResourceUnit","properties":{"title":"Centimeter"},"searchOpenDialogs":true,"interaction":{"idSuffix":"titleText"}},"wdio_ui5_key":"reusablesview.manageresources.NewResourceUnitsap.m.StandardListItem{\"title\":\"Centimeter\"}"}]}
RESULT: undefined
COMMAND: POST /session/178b85f57970bb84ea8ca4b38e9643ac/element - {"using":"xpath","value":"//*[@id=\"__item383\"]"}
RESULT: {"using":"xpath","value":"//*[@id=\"__item383\"]"}
COMMAND: POST /session/178b85f57970bb84ea8ca4b38e9643ac/element/f.4EFED878021992910014147A21BCF18D.d.5A71CCE7A454519E73C2997F9C121487.e.1413/click - {}
RESULT: {}
COMMAND: POST /session/178b85f57970bb84ea8ca4b38e9643ac/execute/async - {"script":"<script> [1562 bytes]","args":[{"selector":{"id":"application-manageresources-display-component---newResourceUnit--newRRUPage-anchBar-application-manageresources-display-component---newResourceUnit--reference-anchor","interaction":{"idSuffix":"BDI-content"}},"wdio_ui5_key":"applicationmanageresources-display-component---newResourceUnit--newRRUPage-anchBar-application-manageresources-display-component---newResourceUnit--reference-anchor"}]}
COMMAND: GET /session/178b85f57970bb84ea8ca4b38e9643ac/screenshot - {}
RESULT: {"script":"<script> [1562 bytes]","args":[{"selector":{"id":"application-manageresources-display-component---newResourceUnit--newRRUPage-anchBar-application-manageresources-display-component---newResourceUnit--reference-anchor","interaction":{"idSuffix":"BDI-content"}},"wdio_ui5_key":"applicationmanageresources-display-component---newResourceUnit--newRRUPage-anchBar-application-manageresources-display-component---newResourceUnit--reference-anchor"}]}
RESULT: undefined
COMMAND: POST /session/178b85f57970bb84ea8ca4b38e9643ac/element - {"using":"xpath","value":"//*[@id=\"application-manageresources-display-component---newResourceUnit--newRRUPage-anchBar-application-manageresources-display-component---newResourceUnit--reference-anchor\"]"}
RESULT: {}
RESULT: {"using":"xpath","value":"//*[@id=\"application-manageresources-display-component---newResourceUnit--newRRUPage-anchBar-application-manageresources-display-component---newResourceUnit--reference-anchor\"]"}
COMMAND: POST /session/178b85f57970bb84ea8ca4b38e9643ac/element/f.4EFED878021992910014147A21BCF18D.d.5A71CCE7A454519E73C2997F9C121487.e.1415/click - {}
RESULT: {}
COMMAND: POST /session/178b85f57970bb84ea8ca4b38e9643ac/execute/async - {"script":"<script> [1562 bytes]","args":[{"selector":{"id":"application-manageresources-display-component---newResourceUnit--PLANNING_GROUP-arrow"},"wdio_ui5_key":"applicationmanageresources-display-component---newResourceUnit--PLANNING_GROUP-arrow"}]}
COMMAND: GET /session/178b85f57970bb84ea8ca4b38e9643ac/screenshot - {}
RESULT: {"script":"<script> [1562 bytes]","args":[{"selector":{"id":"application-manageresources-display-component---newResourceUnit--PLANNING_GROUP-arrow"},"wdio_ui5_key":"applicationmanageresources-display-component---newResourceUnit--PLANNING_GROUP-arrow"}]}
RESULT: undefined
COMMAND: POST /session/178b85f57970bb84ea8ca4b38e9643ac/element - {"using":"xpath","value":"//*[@id=\"application-manageresources-display-component---newResourceUnit--PLANNING_GROUP-arrow\"]"}
RESULT: {}
RESULT: {"using":"xpath","value":"//*[@id=\"application-manageresources-display-component---newResourceUnit--PLANNING_GROUP-arrow\"]"}
COMMAND: POST /session/178b85f57970bb84ea8ca4b38e9643ac/element/f.4EFED878021992910014147A21BCF18D.d.5A71CCE7A454519E73C2997F9C121487.e.1419/click - {}
RESULT: {}
COMMAND: POST /session/178b85f57970bb84ea8ca4b38e9643ac/execute/async - {"script":"<script> [1562 bytes]","args":[{"selector":{"controlType":"sap.m.StandardListItem","viewName":"reusables.view.manageresources.NewResourceUnit","viewId":"application-manageresources-display-component---newResourceUnit","properties":{"title":"Heavy Equi"},"searchOpenDialogs":true,"interaction":{"idSuffix":"content"}},"wdio_ui5_key":"reusablesview.manageresources.NewResourceUnitsap.m.StandardListItem{\"title\":\"Heavy Equi\"}"}]}
COMMAND: GET /session/178b85f57970bb84ea8ca4b38e9643ac/screenshot - {}
RESULT: {"script":"<script> [1562 bytes]","args":[{"selector":{"controlType":"sap.m.StandardListItem","viewName":"reusables.view.manageresources.NewResourceUnit","viewId":"application-manageresources-display-component---newResourceUnit","properties":{"title":"Heavy Equi"},"searchOpenDialogs":true,"interaction":{"idSuffix":"content"}},"wdio_ui5_key":"reusablesview.manageresources.NewResourceUnitsap.m.StandardListItem{\"title\":\"Heavy Equi\"}"}]}
RESULT: undefined
COMMAND: POST /session/178b85f57970bb84ea8ca4b38e9643ac/element - {"using":"xpath","value":"//*[@id=\"__item391\"]"}
RESULT: {}
RESULT: {"using":"xpath","value":"//*[@id=\"__item391\"]"}
COMMAND: POST /session/178b85f57970bb84ea8ca4b38e9643ac/element/f.4EFED878021992910014147A21BCF18D.d.5A71CCE7A454519E73C2997F9C121487.e.1423/click - {}
RESULT: {}
COMMAND: GET /session/178b85f57970bb84ea8ca4b38e9643ac/screenshot - {}
RESULT: {}
COMMAND: POST /session/178b85f57970bb84ea8ca4b38e9643ac/execute/async - {"script":"<script> [1562 bytes]","args":[{"selector":{"id":"application-manageresources-display-component---newResourceUnit--PLANNING_INDICATOR-arrow"},"wdio_ui5_key":"applicationmanageresources-display-component---newResourceUnit--PLANNING_INDICATOR-arrow"}]}
RESULT: {"script":"<script> [1562 bytes]","args":[{"selector":{"id":"application-manageresources-display-component---newResourceUnit--PLANNING_INDICATOR-arrow"},"wdio_ui5_key":"applicationmanageresources-display-component---newResourceUnit--PLANNING_INDICATOR-arrow"}]}
RESULT: undefined
COMMAND: POST /session/178b85f57970bb84ea8ca4b38e9643ac/element - {"using":"xpath","value":"//*[@id=\"application-manageresources-display-component---newResourceUnit--PLANNING_INDICATOR-arrow\"]"}
RESULT: {"using":"xpath","value":"//*[@id=\"application-manageresources-display-component---newResourceUnit--PLANNING_INDICATOR-arrow\"]"}
COMMAND: POST /session/178b85f57970bb84ea8ca4b38e9643ac/element/f.4EFED878021992910014147A21BCF18D.d.5A71CCE7A454519E73C2997F9C121487.e.1424/click - {}
RESULT: {}
COMMAND: POST /session/178b85f57970bb84ea8ca4b38e9643ac/execute/async - {"script":"<script> [1562 bytes]","args":[{"selector":{"controlType":"sap.m.StandardListItem","viewName":"reusables.view.manageresources.NewResourceUnit","viewId":"application-manageresources-display-component---newResourceUnit","properties":{"title":"10 - infinite"},"searchOpenDialogs":true,"interaction":{"idSuffix":"content"}},"wdio_ui5_key":"reusablesview.manageresources.NewResourceUnitsap.m.StandardListItem{\"title\":\"10 - infinite\"}"}]}
COMMAND: GET /session/178b85f57970bb84ea8ca4b38e9643ac/screenshot - {}
RESULT: {"script":"<script> [1562 bytes]","args":[{"selector":{"controlType":"sap.m.StandardListItem","viewName":"reusables.view.manageresources.NewResourceUnit","viewId":"application-manageresources-display-component---newResourceUnit","properties":{"title":"10 - infinite"},"searchOpenDialogs":true,"interaction":{"idSuffix":"content"}},"wdio_ui5_key":"reusablesview.manageresources.NewResourceUnitsap.m.StandardListItem{\"title\":\"10 - infinite\"}"}]}
RESULT: undefined
COMMAND: POST /session/178b85f57970bb84ea8ca4b38e9643ac/element - {"using":"xpath","value":"//*[@id=\"__item401\"]"}
RESULT: {}
RESULT: {"using":"xpath","value":"//*[@id=\"__item401\"]"}
COMMAND: POST /session/178b85f57970bb84ea8ca4b38e9643ac/element/f.4EFED878021992910014147A21BCF18D.d.5A71CCE7A454519E73C2997F9C121487.e.1426/click - {}
RESULT: {}
COMMAND: GET /session/178b85f57970bb84ea8ca4b38e9643ac/screenshot - {}
RESULT: {}
COMMAND: POST /session/178b85f57970bb84ea8ca4b38e9643ac/element - {"using":"xpath","value":"//bdi[contains(text(), \"Time Segment\")]"}
RESULT: {"using":"xpath","value":"//bdi[contains(text(), \"Time Segment\")]"}
COMMAND: GET /session/178b85f57970bb84ea8ca4b38e9643ac/element/f.4EFED878021992910014147A21BCF18D.d.5A71CCE7A454519E73C2997F9C121487.e.1427/rect - {}
RESULT: {}
COMMAND: GET /session/178b85f57970bb84ea8ca4b38e9643ac/window/rect - {}
RESULT: {}
COMMAND: POST /session/178b85f57970bb84ea8ca4b38e9643ac/execute/sync - {"script":"<script> [92 bytes]","args":[]}
RESULT: {"script":"<script> [92 bytes]","args":[]}
COMMAND: POST /session/178b85f57970bb84ea8ca4b38e9643ac/actions - {"actions":[{"id":"action5","type":"wheel","parameters":{},"actions":[{"type":"scroll","x":-1820,"y":-21,"deltaX":0,"deltaY":0,"duration":0,"origin":{"element-6066-11e4-a52e-4f735466cecf":"f.4EFED878021992910014147A21BCF18D.d.5A71CCE7A454519E73C2997F9C121487.e.1427"}}]}]}
COMMAND: GET /session/178b85f57970bb84ea8ca4b38e9643ac/screenshot - {}
RESULT: {}
COMMAND: POST /session/178b85f57970bb84ea8ca4b38e9643ac/execute/sync - {"script":"<script> [79 bytes]","args":[{"element-6066-11e4-a52e-4f735466cecf":"f.4EFED878021992910014147A21BCF18D.d.5A71CCE7A454519E73C2997F9C121487.e.1427","ELEMENT":"f.4EFED878021992910014147A21BCF18D.d.5A71CCE7A454519E73C2997F9C121487.e.1427"},{"block":"start","inline":"nearest"}]}
RESULT: {"script":"<script> [79 bytes]","args":[{"element-6066-11e4-a52e-4f735466cecf":"f.4EFED878021992910014147A21BCF18D.d.5A71CCE7A454519E73C2997F9C121487.e.1427","ELEMENT":"f.4EFED878021992910014147A21BCF18D.d.5A71CCE7A454519E73C2997F9C121487.e.1427"},{"block":"start","inline":"nearest"}]}
COMMAND: GET /session/178b85f57970bb84ea8ca4b38e9643ac/screenshot - {}
RESULT: {}
COMMAND: POST /session/178b85f57970bb84ea8ca4b38e9643ac/element - {"using":"xpath","value":"//span[@id=\"application-manageresources-display-component---newResourceUnit--btnAddTimeSegment-img\"]"}
RESULT: {"using":"xpath","value":"//span[@id=\"application-manageresources-display-component---newResourceUnit--btnAddTimeSegment-img\"]"}
COMMAND: POST /session/178b85f57970bb84ea8ca4b38e9643ac/execute/sync - {"script":"<script> [8489 bytes]","args":[{"element-6066-11e4-a52e-4f735466cecf":"f.4EFED878021992910014147A21BCF18D.d.5A71CCE7A454519E73C2997F9C121487.e.1430","ELEMENT":"f.4EFED878021992910014147A21BCF18D.d.5A71CCE7A454519E73C2997F9C121487.e.1430"}]}
RESULT: {"script":"<script> [8489 bytes]","args":[{"element-6066-11e4-a52e-4f735466cecf":"f.4EFED878021992910014147A21BCF18D.d.5A71CCE7A454519E73C2997F9C121487.e.1430","ELEMENT":"f.4EFED878021992910014147A21BCF18D.d.5A71CCE7A454519E73C2997F9C121487.e.1430"}]}
COMMAND: POST /session/178b85f57970bb84ea8ca4b38e9643ac/element/f.4EFED878021992910014147A21BCF18D.d.5A71CCE7A454519E73C2997F9C121487.e.1430/click - {}
COMMAND: GET /session/178b85f57970bb84ea8ca4b38e9643ac/screenshot - {}
RESULT: {}
COMMAND: GET /session/178b85f57970bb84ea8ca4b38e9643ac/screenshot - {}
COMMAND: POST /session/178b85f57970bb84ea8ca4b38e9643ac/element - {"using":"xpath","value":"//input[@id=\"application-manageresources-display-component---newResourceUnit--idRuTSAdmin-application-manageresources-display-component---newResourceUnit--RUTimeSegment-0-inner\"]"}
RESULT: {}
RESULT: {}
RESULT: {"using":"xpath","value":"//input[@id=\"application-manageresources-display-component---newResourceUnit--idRuTSAdmin-application-manageresources-display-component---newResourceUnit--RUTimeSegment-0-inner\"]"}
COMMAND: POST /session/178b85f57970bb84ea8ca4b38e9643ac/element/f.4EFED878021992910014147A21BCF18D.d.5A71CCE7A454519E73C2997F9C121487.e.1433/clear - {}
RESULT: {}
COMMAND: POST /session/178b85f57970bb84ea8ca4b38e9643ac/element/f.4EFED878021992910014147A21BCF18D.d.5A71CCE7A454519E73C2997F9C121487.e.1433/value - {"text":"WebdriverWHMYardr4i2r"}
COMMAND: GET /session/178b85f57970bb84ea8ca4b38e9643ac/screenshot - {}
RESULT: {"text":"WebdriverWHMYardr4i2r"}
COMMAND: GET /session/178b85f57970bb84ea8ca4b38e9643ac/screenshot - {}
RESULT: {}
RESULT: {}
COMMAND: POST /session/178b85f57970bb84ea8ca4b38e9643ac/actions - {"actions":[{"id":"action6","type":"key","parameters":{},"actions":[{"type":"keyDown","value":"î€‡"},{"type":"pause","duration":10},{"type":"keyUp","value":"î€‡"}]}]}
RESULT: {"actions":[{"id":"action6","type":"key","parameters":{},"actions":[{"type":"keyDown","value":"î€‡"},{"type":"pause","duration":10},{"type":"keyUp","value":"î€‡"}]}]}
COMMAND: GET /session/178b85f57970bb84ea8ca4b38e9643ac/screenshot - {}
RESULT: {}
COMMAND: POST /session/178b85f57970bb84ea8ca4b38e9643ac/execute/async - {"script":"<script> [1562 bytes]","args":[{"selector":{"controlType":"sap.m.Button","viewName":"reusables.view.manageresources.NewResourceUnit","viewId":"application-manageresources-display-component---newResourceUnit","i18NText":{"propertyName":"tooltip","key":"save"},"interaction":{"idSuffix":"BDI-content"}},"wdio_ui5_key":"reusablesview.manageresources.NewResourceUnitsap.m.Button{\"propertyName\":\"tooltip\",\"key\":\"save\"}"}]}
RESULT: {"script":"<script> [1562 bytes]","args":[{"selector":{"controlType":"sap.m.Button","viewName":"reusables.view.manageresources.NewResourceUnit","viewId":"application-manageresources-display-component---newResourceUnit","i18NText":{"propertyName":"tooltip","key":"save"},"interaction":{"idSuffix":"BDI-content"}},"wdio_ui5_key":"reusablesview.manageresources.NewResourceUnitsap.m.Button{\"propertyName\":\"tooltip\",\"key\":\"save\"}"}]}
RESULT: undefined
COMMAND: POST /session/178b85f57970bb84ea8ca4b38e9643ac/element - {"using":"xpath","value":"//*[@id=\"application-manageresources-display-component---newResourceUnit--createRuButton\"]"}
RESULT: {"using":"xpath","value":"//*[@id=\"application-manageresources-display-component---newResourceUnit--createRuButton\"]"}
COMMAND: POST /session/178b85f57970bb84ea8ca4b38e9643ac/element/f.4EFED878021992910014147A21BCF18D.d.5A71CCE7A454519E73C2997F9C121487.e.1359/click - {}
RESULT: {}
COMMAND: GET /session/178b85f57970bb84ea8ca4b38e9643ac/screenshot - {}
RESULT: {}
COMMAND: POST /session/178b85f57970bb84ea8ca4b38e9643ac/execute/async - {"script":"<script> [1562 bytes]","args":[{"selector":{"controlType":"sap.m.Title","properties":{"text":"Success"},"searchOpenDialogs":true},"wdio_ui5_key":"sapm.Title{\"text\":\"Success\"}"}]}
RESULT: {"script":"<script> [1562 bytes]","args":[{"selector":{"controlType":"sap.m.Title","properties":{"text":"Success"},"searchOpenDialogs":true},"wdio_ui5_key":"sapm.Title{\"text\":\"Success\"}"}]}
RESULT: undefined
COMMAND: POST /session/178b85f57970bb84ea8ca4b38e9643ac/execute/async - {"script":"<script> [6424 bytes]","args":[{"element-6066-11e4-a52e-4f735466cecf":"f.4EFED878021992910014147A21BCF18D.d.5A71CCE7A454519E73C2997F9C121487.e.1450"},"getText",[]]}
RESULT: {"script":"<script> [6424 bytes]","args":[{"element-6066-11e4-a52e-4f735466cecf":"f.4EFED878021992910014147A21BCF18D.d.5A71CCE7A454519E73C2997F9C121487.e.1450"},"getText",[]]}
COMMAND: POST /session/178b85f57970bb84ea8ca4b38e9643ac/element - {"using":"xpath","value":"//*[contains(@id, '__text') and (contains(text(), 'successfully created') or contains(., 'successfully created'))]"}
RESULT: {"using":"xpath","value":"//*[contains(@id, '__text') and (contains(text(), 'successfully created') or contains(., 'successfully created'))]"}
COMMAND: GET /session/178b85f57970bb84ea8ca4b38e9643ac/element/f.4EFED878021992910014147A21BCF18D.d.5A71CCE7A454519E73C2997F9C121487.e.1448/text - {}
RESULT: {}
COMMAND: POST /session/178b85f57970bb84ea8ca4b38e9643ac/execute/async - {"script":"<script> [1562 bytes]","args":[{"selector":{"controlType":"sap.m.Button","properties":{"text":"Close"},"searchOpenDialogs":true,"interaction":{"idSuffix":"BDI-content"}},"wdio_ui5_key":"sapm.Button{\"text\":\"Close\"}"}]}
RESULT: {"script":"<script> [1562 bytes]","args":[{"selector":{"controlType":"sap.m.Button","properties":{"text":"Close"},"searchOpenDialogs":true,"interaction":{"idSuffix":"BDI-content"}},"wdio_ui5_key":"sapm.Button{\"text\":\"Close\"}"}]}
RESULT: undefined
COMMAND: POST /session/178b85f57970bb84ea8ca4b38e9643ac/element - {"using":"xpath","value":"//*[@id=\"__mbox-btn-0\"]"}
RESULT: {"using":"xpath","value":"//*[@id=\"__mbox-btn-0\"]"}
COMMAND: POST /session/178b85f57970bb84ea8ca4b38e9643ac/element/f.4EFED878021992910014147A21BCF18D.d.5A71CCE7A454519E73C2997F9C121487.e.1446/click - {}
RESULT: {}
COMMAND: GET /session/178b85f57970bb84ea8ca4b38e9643ac/screenshot - {}
RESULT: {}
COMMAND: POST /session/178b85f57970bb84ea8ca4b38e9643ac/execute/async - {"script":"<script> [1562 bytes]","args":[{"selector":{"controlType":"sap.ui.core.Icon","viewName":"etm.portal.ui.manageresources.view.Detail","viewId":"application-manageresources-display-component---detailRU","properties":{"src":{"regex":{"source":"overflow"}}}},"wdio_ui5_key":"etmportal.ui.manageresources.view.Detailsap.ui.core.Icon{\"src\":{\"regex\":{\"source\":\"overflow\"}}}"}]}
RESULT: {"script":"<script> [1562 bytes]","args":[{"selector":{"controlType":"sap.ui.core.Icon","viewName":"etm.portal.ui.manageresources.view.Detail","viewId":"application-manageresources-display-component---detailRU","properties":{"src":{"regex":{"source":"overflow"}}}},"wdio_ui5_key":"etmportal.ui.manageresources.view.Detailsap.ui.core.Icon{\"src\":{\"regex\":{\"source\":\"overflow\"}}}"}]}
RESULT: undefined
COMMAND: POST /session/178b85f57970bb84ea8ca4b38e9643ac/element - {"using":"xpath","value":"//*[@id=\"__title17-_actionsToolbar-overflowButton-img\"]"}
RESULT: {"using":"xpath","value":"//*[@id=\"__title17-_actionsToolbar-overflowButton-img\"]"}
COMMAND: POST /session/178b85f57970bb84ea8ca4b38e9643ac/element/f.4EFED878021992910014147A21BCF18D.d.5A71CCE7A454519E73C2997F9C121487.e.1483/click - {}
RESULT: {}
COMMAND: POST /session/178b85f57970bb84ea8ca4b38e9643ac/execute/async - {"script":"<script> [1562 bytes]","args":[{"selector":{"controlType":"sap.m.Button","viewName":"etm.portal.ui.manageresources.view.Detail","viewId":"application-manageresources-display-component---detailRU","i18NText":{"propertyName":"tooltip","key":"closeColumn"},"searchOpenDialogs":true,"interaction":{"idSuffix":"inner"}},"wdio_ui5_key":"etmportal.ui.manageresources.view.Detailsap.m.Button{\"propertyName\":\"tooltip\",\"key\":\"closeColumn\"}"}]}
COMMAND: GET /session/178b85f57970bb84ea8ca4b38e9643ac/screenshot - {}
RESULT: {"script":"<script> [1562 bytes]","args":[{"selector":{"controlType":"sap.m.Button","viewName":"etm.portal.ui.manageresources.view.Detail","viewId":"application-manageresources-display-component---detailRU","i18NText":{"propertyName":"tooltip","key":"closeColumn"},"searchOpenDialogs":true,"interaction":{"idSuffix":"inner"}},"wdio_ui5_key":"etmportal.ui.manageresources.view.Detailsap.m.Button{\"propertyName\":\"tooltip\",\"key\":\"closeColumn\"}"}]}
RESULT: undefined
COMMAND: POST /session/178b85f57970bb84ea8ca4b38e9643ac/element - {"using":"xpath","value":"//*[@id=\"__button45\"]"}
RESULT: {}
RESULT: {"using":"xpath","value":"//*[@id=\"__button45\"]"}
COMMAND: POST /session/178b85f57970bb84ea8ca4b38e9643ac/element/f.4EFED878021992910014147A21BCF18D.d.5A71CCE7A454519E73C2997F9C121487.e.1485/click - {}
RESULT: {}
COMMAND: GET /session/178b85f57970bb84ea8ca4b38e9643ac/screenshot - {}
RESULT: {}
COMMAND: POST /session/178b85f57970bb84ea8ca4b38e9643ac/refresh - {}
RESULT: {}
COMMAND: GET /session/178b85f57970bb84ea8ca4b38e9643ac/screenshot - {}
RESULT: {}
COMMAND: POST /session/178b85f57970bb84ea8ca4b38e9643ac/execute/async - {"script":"<script> [189 bytes]","args":[]}
RESULT: {"script":"<script> [189 bytes]","args":[]}
COMMAND: POST /session/178b85f57970bb84ea8ca4b38e9643ac/execute/async - {"script":"<script> [123 bytes]","args":[]}
RESULT: {"script":"<script> [123 bytes]","args":[]}
COMMAND: POST /session/178b85f57970bb84ea8ca4b38e9643ac/timeouts - {"script":"<number>"}
RESULT: {"script":"<number>"}
COMMAND: GET /session/178b85f57970bb84ea8ca4b38e9643ac/timeouts - {}
RESULT: {}
RESULT: undefined
COMMAND: POST /session/178b85f57970bb84ea8ca4b38e9643ac/execute/async - {"script":"<script> [2676 bytes]","args":[]}
RESULT: {"script":"<script> [2676 bytes]","args":[]}
COMMAND: POST /session/178b85f57970bb84ea8ca4b38e9643ac/execute/async - {"script":"<script> [2342 bytes]","args":[{"protocol":"http","hostname":"0.0.0.0","path":"/","capabilities":{"browserName":"chrome","goog:chromeOptions":{"binary":"C:\\Program Files\\Google\\Chrome\\Application\\chrome.exe","args":["--start-maximized"]}},"logLevel":"warn","connectionRetryTimeout":120000,"connectionRetryCount":3,"logLevels":{},"enableDirectConnect":true,"strictSSL":true,"_":"65 more keys: [\"cacheDir\",\"port\",\"requestedCapabilities\",\"automationProtocol\",\"baseUrl\",\"waitforInterval\",\"waitforTimeout\",\"onReload\",\"beforeCommand\",\"afterCommand\",\"rootDir\",\"specs\",\"suites\",\"exclude\",\"groupLogsByTestSpec\",\"excludeDriverLogs\",\"bail\",\"framework\",\"reporters\",\"services\",\"maxInstances\",\"maxInstancesPerCapability\",\"injectGlobals\",\"filesToWatch\",\"execArgv\",\"runnerEnv\",\"runner\",\"shard\",\"specFileRetries\",\"specFileRetriesDelay\",\"specFileRetriesDeferred\",\"reporterSyncInterval\",\"reporterSyncTimeout\",\"cucumberFeaturesWithLineNumbers\",\"autoCompileOpts\",\"mochaOpts\",\"jasmineOpts\",\"cucumberOpts\",\"onPrepare\",\"onWorkerStart\",\"onWorkerEnd\",\"before\",\"beforeSession\",\"beforeSuite\",\"beforeHook\",\"beforeTest\",\"afterTest\",\"afterHook\",\"afterSuite\",\"afterSession\",\"after\",\"onComplete\",\"beforeAssertion\",\"afterAssertion\",\"beforeFeature\",\"beforeScenario\",\"beforeStep\",\"afterStep\",\"afterScenario\",\"afterFeature\",\"_\",\"suite\",\"$0\",\"ignoredWorkerServices\",\"wdi5\"]"}]}
RESULT: {"script":"<script> [2342 bytes]","args":[{"protocol":"http","hostname":"0.0.0.0","path":"/","capabilities":{"browserName":"chrome","goog:chromeOptions":{"binary":"C:\\Program Files\\Google\\Chrome\\Application\\chrome.exe","args":["--start-maximized"]}},"logLevel":"warn","connectionRetryTimeout":120000,"connectionRetryCount":3,"logLevels":{},"enableDirectConnect":true,"strictSSL":true,"_":"65 more keys: [\"cacheDir\",\"port\",\"requestedCapabilities\",\"automationProtocol\",\"baseUrl\",\"waitforInterval\",\"waitforTimeout\",\"onReload\",\"beforeCommand\",\"afterCommand\",\"rootDir\",\"specs\",\"suites\",\"exclude\",\"groupLogsByTestSpec\",\"excludeDriverLogs\",\"bail\",\"framework\",\"reporters\",\"services\",\"maxInstances\",\"maxInstancesPerCapability\",\"injectGlobals\",\"filesToWatch\",\"execArgv\",\"runnerEnv\",\"runner\",\"shard\",\"specFileRetries\",\"specFileRetriesDelay\",\"specFileRetriesDeferred\",\"reporterSyncInterval\",\"reporterSyncTimeout\",\"cucumberFeaturesWithLineNumbers\",\"autoCompileOpts\",\"mochaOpts\",\"jasmineOpts\",\"cucumberOpts\",\"onPrepare\",\"onWorkerStart\",\"onWorkerEnd\",\"before\",\"beforeSession\",\"beforeSuite\",\"beforeHook\",\"beforeTest\",\"afterTest\",\"afterHook\",\"afterSuite\",\"afterSession\",\"after\",\"onComplete\",\"beforeAssertion\",\"afterAssertion\",\"beforeFeature\",\"beforeScenario\",\"beforeStep\",\"afterStep\",\"afterScenario\",\"afterFeature\",\"_\",\"suite\",\"$0\",\"ignoredWorkerServices\",\"wdi5\"]"}]}
COMMAND: POST /session/178b85f57970bb84ea8ca4b38e9643ac/execute/async - {"script":"<script> [21126 bytes]","args":[35000]}
RESULT: {"script":"<script> [21126 bytes]","args":[35000]}
COMMAND: POST /session/178b85f57970bb84ea8ca4b38e9643ac/element - {"using":"css selector","value":"#shell-header-logo"}
RESULT: {"using":"css selector","value":"#shell-header-logo"}
COMMAND: POST /session/178b85f57970bb84ea8ca4b38e9643ac/element/f.4EFED878021992910014147A21BCF18D.d.E5675B808A48DB99C77726AEEFE92875.e.1587/click - {}
RESULT: {}
COMMAND: GET /session/178b85f57970bb84ea8ca4b38e9643ac/screenshot - {}
RESULT: {}
COMMAND: POST /session/178b85f57970bb84ea8ca4b38e9643ac/element - {"using":"css selector","value":"#shell-header-logo"}
RESULT: {"using":"css selector","value":"#shell-header-logo"}
COMMAND: POST /session/178b85f57970bb84ea8ca4b38e9643ac/element/f.4EFED878021992910014147A21BCF18D.d.E5675B808A48DB99C77726AEEFE92875.e.1774/click - {}
RESULT: {}
COMMAND: GET /session/178b85f57970bb84ea8ca4b38e9643ac/screenshot - {}
RESULT: {}
]]></system-out>
    </testcase>
    <testcase classname="chrome.136_0_7103_93.windows.Warehouse_movements_inventory_test" name="Should do a stock increase handover" time="82.5">
      <system-out><![CDATA[
COMMAND: POST /session/178b85f57970bb84ea8ca4b38e9643ac/execute/async - {"script":"<script> [1562 bytes]","args":[{"selector":{"controlType":"sap.m.GenericTile","properties":{"header":"Manage Handovers"}},"wdio_ui5_key":"sapm.GenericTile{\"header\":\"Manage Handovers\"}"}]}
RESULT: {"script":"<script> [1562 bytes]","args":[{"selector":{"controlType":"sap.m.GenericTile","properties":{"header":"Manage Handovers"}},"wdio_ui5_key":"sapm.GenericTile{\"header\":\"Manage Handovers\"}"}]}
RESULT: undefined
COMMAND: POST /session/178b85f57970bb84ea8ca4b38e9643ac/element - {"using":"xpath","value":"//*[@id=\"__tile132\"]"}
RESULT: {"using":"xpath","value":"//*[@id=\"__tile132\"]"}
COMMAND: POST /session/178b85f57970bb84ea8ca4b38e9643ac/element/f.4EFED878021992910014147A21BCF18D.d.E5675B808A48DB99C77726AEEFE92875.e.1775/click - {}
RESULT: {}
COMMAND: GET /session/178b85f57970bb84ea8ca4b38e9643ac/screenshot - {}
RESULT: {}
COMMAND: POST /session/178b85f57970bb84ea8ca4b38e9643ac/elements - {"using":"xpath","value":"//span[text()='Error']"}
RESULT: {"using":"xpath","value":"//span[text()='Error']"}
COMMAND: POST /session/178b85f57970bb84ea8ca4b38e9643ac/element - {"using":"xpath","value":"//button[(@data-kt = 'masterHOAddButton')]"}
RESULT: {"using":"xpath","value":"//button[(@data-kt = 'masterHOAddButton')]"}
COMMAND: POST /session/178b85f57970bb84ea8ca4b38e9643ac/element/f.4EFED878021992910014147A21BCF18D.d.E5675B808A48DB99C77726AEEFE92875.e.1806/click - {}
RESULT: {}
COMMAND: GET /session/178b85f57970bb84ea8ca4b38e9643ac/screenshot - {}
RESULT: {}
COMMAND: POST /session/178b85f57970bb84ea8ca4b38e9643ac/element - {"using":"xpath","value":"//span[contains(@id ,\"AddNewHO--typeSelect-arrow\")]"}
RESULT: {"using":"xpath","value":"//span[contains(@id ,\"AddNewHO--typeSelect-arrow\")]"}
COMMAND: POST /session/178b85f57970bb84ea8ca4b38e9643ac/element/f.4EFED878021992910014147A21BCF18D.d.E5675B808A48DB99C77726AEEFE92875.e.2051/click - {}
RESULT: {}
COMMAND: POST /session/178b85f57970bb84ea8ca4b38e9643ac/element - {"using":"xpath","value":"(//li[contains(text(), \"stock increase yard\")])[1]"}
COMMAND: GET /session/178b85f57970bb84ea8ca4b38e9643ac/screenshot - {}
RESULT: {"using":"xpath","value":"(//li[contains(text(), \"stock increase yard\")])[1]"}
COMMAND: POST /session/178b85f57970bb84ea8ca4b38e9643ac/element/f.4EFED878021992910014147A21BCF18D.d.E5675B808A48DB99C77726AEEFE92875.e.2052/click - {}
RESULT: {}
RESULT: {}
COMMAND: GET /session/178b85f57970bb84ea8ca4b38e9643ac/screenshot - {}
RESULT: {}
COMMAND: POST /session/178b85f57970bb84ea8ca4b38e9643ac/execute/async - {"script":"<script> [1562 bytes]","args":[{"selector":{"id":"application-managehandovers-display-component---AddNewHO--dueDate","interaction":{"idSuffix":"inner"}},"wdio_ui5_key":"applicationmanagehandovers-display-component---AddNewHO--dueDate"}]}
RESULT: {"script":"<script> [1562 bytes]","args":[{"selector":{"id":"application-managehandovers-display-component---AddNewHO--dueDate","interaction":{"idSuffix":"inner"}},"wdio_ui5_key":"applicationmanagehandovers-display-component---AddNewHO--dueDate"}]}
RESULT: undefined
COMMAND: POST /session/178b85f57970bb84ea8ca4b38e9643ac/execute/async - {"script":"<script> [6424 bytes]","args":[{"element-6066-11e4-a52e-4f735466cecf":"f.4EFED878021992910014147A21BCF18D.d.E5675B808A48DB99C77726AEEFE92875.e.2056"},"setValue",["5/18/25"]]}
RESULT: {"script":"<script> [6424 bytes]","args":[{"element-6066-11e4-a52e-4f735466cecf":"f.4EFED878021992910014147A21BCF18D.d.E5675B808A48DB99C77726AEEFE92875.e.2056"},"setValue",["5/18/25"]]}
COMMAND: POST /session/178b85f57970bb84ea8ca4b38e9643ac/element - {"using":"xpath","value":"//input[@id=\"generalSectionFrg--receiveYard-inner\"]"}
RESULT: {"using":"xpath","value":"//input[@id=\"generalSectionFrg--receiveYard-inner\"]"}
COMMAND: POST /session/178b85f57970bb84ea8ca4b38e9643ac/element/f.4EFED878021992910014147A21BCF18D.d.E5675B808A48DB99C77726AEEFE92875.e.2060/clear - {}
RESULT: {}
COMMAND: POST /session/178b85f57970bb84ea8ca4b38e9643ac/element/f.4EFED878021992910014147A21BCF18D.d.E5675B808A48DB99C77726AEEFE92875.e.2060/value - {"text":"WebdriverWHMYardr4i2r"}
COMMAND: GET /session/178b85f57970bb84ea8ca4b38e9643ac/screenshot - {}
RESULT: {"text":"WebdriverWHMYardr4i2r"}
COMMAND: GET /session/178b85f57970bb84ea8ca4b38e9643ac/screenshot - {}
RESULT: {}
RESULT: {}
COMMAND: POST /session/178b85f57970bb84ea8ca4b38e9643ac/execute/async - {"script":"<script> [1562 bytes]","args":[{"selector":{"id":"application-managehandovers-display-component---AddNewHO--ObjectPageLayout-anchBar-application-managehandovers-display-component---AddNewHO--section4-anchor","interaction":{"idSuffix":"BDI-content"}},"wdio_ui5_key":"applicationmanagehandovers-display-component---AddNewHO--ObjectPageLayout-anchBar-application-managehandovers-display-component---AddNewHO--section4-anchor"}]}
RESULT: {"script":"<script> [1562 bytes]","args":[{"selector":{"id":"application-managehandovers-display-component---AddNewHO--ObjectPageLayout-anchBar-application-managehandovers-display-component---AddNewHO--section4-anchor","interaction":{"idSuffix":"BDI-content"}},"wdio_ui5_key":"applicationmanagehandovers-display-component---AddNewHO--ObjectPageLayout-anchBar-application-managehandovers-display-component---AddNewHO--section4-anchor"}]}
RESULT: undefined
COMMAND: POST /session/178b85f57970bb84ea8ca4b38e9643ac/element - {"using":"xpath","value":"//*[@id=\"application-managehandovers-display-component---AddNewHO--ObjectPageLayout-anchBar-application-managehandovers-display-component---AddNewHO--section4-anchor\"]"}
RESULT: {"using":"xpath","value":"//*[@id=\"application-managehandovers-display-component---AddNewHO--ObjectPageLayout-anchBar-application-managehandovers-display-component---AddNewHO--section4-anchor\"]"}
COMMAND: POST /session/178b85f57970bb84ea8ca4b38e9643ac/element/f.4EFED878021992910014147A21BCF18D.d.E5675B808A48DB99C77726AEEFE92875.e.2077/click - {}
RESULT: {}
COMMAND: GET /session/178b85f57970bb84ea8ca4b38e9643ac/screenshot - {}
RESULT: {}
COMMAND: POST /session/178b85f57970bb84ea8ca4b38e9643ac/element - {"using":"xpath","value":"//button[@aria-label=\"Add\"]"}
RESULT: {"using":"xpath","value":"//button[@aria-label=\"Add\"]"}
COMMAND: POST /session/178b85f57970bb84ea8ca4b38e9643ac/element/f.4EFED878021992910014147A21BCF18D.d.E5675B808A48DB99C77726AEEFE92875.e.2081/click - {}
RESULT: {}
COMMAND: GET /session/178b85f57970bb84ea8ca4b38e9643ac/screenshot - {}
RESULT: {}
COMMAND: POST /session/178b85f57970bb84ea8ca4b38e9643ac/execute/async - {"script":"<script> [1562 bytes]","args":[{"selector":{"id":"application-managehandovers-display-component---AddNewHO--smartFilterBar-btnBasicSearch","searchOpenDialogs":true,"interaction":{"idSuffix":"I"}},"wdio_ui5_key":"applicationmanagehandovers-display-component---AddNewHO--smartFilterBar-btnBasicSearch"}]}
RESULT: {"script":"<script> [1562 bytes]","args":[{"selector":{"id":"application-managehandovers-display-component---AddNewHO--smartFilterBar-btnBasicSearch","searchOpenDialogs":true,"interaction":{"idSuffix":"I"}},"wdio_ui5_key":"applicationmanagehandovers-display-component---AddNewHO--smartFilterBar-btnBasicSearch"}]}
RESULT: undefined
COMMAND: POST /session/178b85f57970bb84ea8ca4b38e9643ac/execute/async - {"script":"<script> [776 bytes]","args":[{"enterText":"WebdriverRUR2Ciu0hgf","selector":{"id":"application-managehandovers-display-component---AddNewHO--smartFilterBar-btnBasicSearch","searchOpenDialogs":true,"interaction":{"idSuffix":"I"}},"clearTextFirst":true,"interactionType":"ENTER_TEXT"}]}
RESULT: {"script":"<script> [776 bytes]","args":[{"enterText":"WebdriverRUR2Ciu0hgf","selector":{"id":"application-managehandovers-display-component---AddNewHO--smartFilterBar-btnBasicSearch","searchOpenDialogs":true,"interaction":{"idSuffix":"I"}},"clearTextFirst":true,"interactionType":"ENTER_TEXT"}]}
COMMAND: POST /session/178b85f57970bb84ea8ca4b38e9643ac/actions - {"actions":[{"id":"action7","type":"key","parameters":{},"actions":[{"type":"keyDown","value":"î€‡"},{"type":"pause","duration":10},{"type":"keyUp","value":"î€‡"}]}]}
RESULT: {"actions":[{"id":"action7","type":"key","parameters":{},"actions":[{"type":"keyDown","value":"î€‡"},{"type":"pause","duration":10},{"type":"keyUp","value":"î€‡"}]}]}
COMMAND: POST /session/178b85f57970bb84ea8ca4b38e9643ac/execute/async - {"script":"<script> [1562 bytes]","args":[{"selector":{"id":"application-managehandovers-display-component---AddNewHO--popup-sa","searchOpenDialogs":true,"interaction":{"idSuffix":"CbBg"}},"wdio_ui5_key":"applicationmanagehandovers-display-component---AddNewHO--popup-sa"}]}
COMMAND: GET /session/178b85f57970bb84ea8ca4b38e9643ac/screenshot - {}
RESULT: {"script":"<script> [1562 bytes]","args":[{"selector":{"id":"application-managehandovers-display-component---AddNewHO--popup-sa","searchOpenDialogs":true,"interaction":{"idSuffix":"CbBg"}},"wdio_ui5_key":"applicationmanagehandovers-display-component---AddNewHO--popup-sa"}]}
RESULT: undefined
COMMAND: POST /session/178b85f57970bb84ea8ca4b38e9643ac/element - {"using":"xpath","value":"//*[@id=\"application-managehandovers-display-component---AddNewHO--popup-sa\"]"}
RESULT: {}
RESULT: {"using":"xpath","value":"//*[@id=\"application-managehandovers-display-component---AddNewHO--popup-sa\"]"}
COMMAND: POST /session/178b85f57970bb84ea8ca4b38e9643ac/element/f.4EFED878021992910014147A21BCF18D.d.E5675B808A48DB99C77726AEEFE92875.e.2235/click - {}
RESULT: {}
COMMAND: GET /session/178b85f57970bb84ea8ca4b38e9643ac/screenshot - {}
RESULT: {}
COMMAND: POST /session/178b85f57970bb84ea8ca4b38e9643ac/element - {"using":"xpath","value":"//bdi[contains(text(), \"Select\")]"}
RESULT: {"using":"xpath","value":"//bdi[contains(text(), \"Select\")]"}
COMMAND: POST /session/178b85f57970bb84ea8ca4b38e9643ac/element/f.4EFED878021992910014147A21BCF18D.d.E5675B808A48DB99C77726AEEFE92875.e.2236/click - {}
RESULT: {}
COMMAND: GET /session/178b85f57970bb84ea8ca4b38e9643ac/screenshot - {}
RESULT: {}
COMMAND: POST /session/178b85f57970bb84ea8ca4b38e9643ac/element - {"using":"xpath","value":"//button[@data-kt=\"AddNewHOSaveButton\"]"}
RESULT: {"using":"xpath","value":"//button[@data-kt=\"AddNewHOSaveButton\"]"}
COMMAND: POST /session/178b85f57970bb84ea8ca4b38e9643ac/element/f.4EFED878021992910014147A21BCF18D.d.E5675B808A48DB99C77726AEEFE92875.e.2240/click - {}
RESULT: {}
COMMAND: GET /session/178b85f57970bb84ea8ca4b38e9643ac/screenshot - {}
RESULT: {}
COMMAND: POST /session/178b85f57970bb84ea8ca4b38e9643ac/execute/async - {"script":"<script> [1562 bytes]","args":[{"selector":{"id":"receiptDatePicker","viewName":"etm.portal.ui.managehandovers.view.DetailExecuteHO","interaction":{"idSuffix":"inner"}},"wdio_ui5_key":"receiptDatePickeretmportal.ui.managehandovers.view.DetailExecuteHO"}]}
RESULT: {"script":"<script> [1562 bytes]","args":[{"selector":{"id":"receiptDatePicker","viewName":"etm.portal.ui.managehandovers.view.DetailExecuteHO","interaction":{"idSuffix":"inner"}},"wdio_ui5_key":"receiptDatePickeretmportal.ui.managehandovers.view.DetailExecuteHO"}]}
RESULT: undefined
COMMAND: POST /session/178b85f57970bb84ea8ca4b38e9643ac/execute/async - {"script":"<script> [6424 bytes]","args":[{"element-6066-11e4-a52e-4f735466cecf":"f.4EFED878021992910014147A21BCF18D.d.E5675B808A48DB99C77726AEEFE92875.e.2259"},"setValue",["5/18/25"]]}
RESULT: {"script":"<script> [6424 bytes]","args":[{"element-6066-11e4-a52e-4f735466cecf":"f.4EFED878021992910014147A21BCF18D.d.E5675B808A48DB99C77726AEEFE92875.e.2259"},"setValue",["5/18/25"]]}
COMMAND: POST /session/178b85f57970bb84ea8ca4b38e9643ac/element - {"using":"xpath","value":"//button[@data-kt=\"PickingTableConfirmAllButton\"]"}
RESULT: {"using":"xpath","value":"//button[@data-kt=\"PickingTableConfirmAllButton\"]"}
COMMAND: POST /session/178b85f57970bb84ea8ca4b38e9643ac/element/f.4EFED878021992910014147A21BCF18D.d.E5675B808A48DB99C77726AEEFE92875.e.2277/click - {}
RESULT: {}
COMMAND: GET /session/178b85f57970bb84ea8ca4b38e9643ac/screenshot - {}
RESULT: {}
COMMAND: POST /session/178b85f57970bb84ea8ca4b38e9643ac/element - {"using":"xpath","value":"//bdi[contains(text(), \"OK\")]"}
RESULT: {"using":"xpath","value":"//bdi[contains(text(), \"OK\")]"}
COMMAND: POST /session/178b85f57970bb84ea8ca4b38e9643ac/element/f.4EFED878021992910014147A21BCF18D.d.E5675B808A48DB99C77726AEEFE92875.e.2279/click - {}
RESULT: {}
COMMAND: GET /session/178b85f57970bb84ea8ca4b38e9643ac/screenshot - {}
RESULT: {}
COMMAND: POST /session/178b85f57970bb84ea8ca4b38e9643ac/element - {"using":"xpath","value":"(//bdi[contains(text(), \"Receive\")])[2]"}
RESULT: {"using":"xpath","value":"(//bdi[contains(text(), \"Receive\")])[2]"}
COMMAND: POST /session/178b85f57970bb84ea8ca4b38e9643ac/element/f.4EFED878021992910014147A21BCF18D.d.E5675B808A48DB99C77726AEEFE92875.e.2281/click - {}
RESULT: {}
COMMAND: GET /session/178b85f57970bb84ea8ca4b38e9643ac/screenshot - {}
RESULT: {}
COMMAND: POST /session/178b85f57970bb84ea8ca4b38e9643ac/element - {"using":"css selector","value":"#shell-header-logo"}
RESULT: {"using":"css selector","value":"#shell-header-logo"}
COMMAND: POST /session/178b85f57970bb84ea8ca4b38e9643ac/element/f.4EFED878021992910014147A21BCF18D.d.E5675B808A48DB99C77726AEEFE92875.e.1774/click - {}
RESULT: {}
COMMAND: GET /session/178b85f57970bb84ea8ca4b38e9643ac/screenshot - {}
RESULT: {}
]]></system-out>
    </testcase>
    <testcase classname="chrome.136_0_7103_93.windows.Warehouse_movements_inventory_test" name="Verify the warehouse movement" time="54.409">
      <system-out><![CDATA[
COMMAND: POST /session/178b85f57970bb84ea8ca4b38e9643ac/execute/async - {"script":"<script> [1562 bytes]","args":[{"selector":{"controlType":"sap.m.GenericTile","properties":{"header":"Manage Warehouse Movements"}},"wdio_ui5_key":"sapm.GenericTile{\"header\":\"Manage Warehouse Movements\"}"}]}
RESULT: {"script":"<script> [1562 bytes]","args":[{"selector":{"controlType":"sap.m.GenericTile","properties":{"header":"Manage Warehouse Movements"}},"wdio_ui5_key":"sapm.GenericTile{\"header\":\"Manage Warehouse Movements\"}"}]}
RESULT: undefined
COMMAND: POST /session/178b85f57970bb84ea8ca4b38e9643ac/element - {"using":"xpath","value":"//*[@id=\"__tile105\"]"}
RESULT: {"using":"xpath","value":"//*[@id=\"__tile105\"]"}
COMMAND: POST /session/178b85f57970bb84ea8ca4b38e9643ac/element/f.4EFED878021992910014147A21BCF18D.d.E5675B808A48DB99C77726AEEFE92875.e.2436/click - {}
RESULT: {}
COMMAND: GET /session/178b85f57970bb84ea8ca4b38e9643ac/screenshot - {}
RESULT: {}
COMMAND: POST /session/178b85f57970bb84ea8ca4b38e9643ac/elements - {"using":"xpath","value":"//span[text()='Error']"}
RESULT: {"using":"xpath","value":"//span[text()='Error']"}
COMMAND: POST /session/178b85f57970bb84ea8ca4b38e9643ac/execute/async - {"script":"<script> [1562 bytes]","args":[{"selector":{"id":"application-warehousemovements-display-component---warehouseMovements--smartFilterBar-filterItemControl_BASIC-YARD-vhi"},"wdio_ui5_key":"applicationwarehousemovements-display-component---warehouseMovements--smartFilterBar-filterItemControl_BASIC-YARD-vhi"}]}
RESULT: {"script":"<script> [1562 bytes]","args":[{"selector":{"id":"application-warehousemovements-display-component---warehouseMovements--smartFilterBar-filterItemControl_BASIC-YARD-vhi"},"wdio_ui5_key":"applicationwarehousemovements-display-component---warehouseMovements--smartFilterBar-filterItemControl_BASIC-YARD-vhi"}]}
RESULT: undefined
COMMAND: POST /session/178b85f57970bb84ea8ca4b38e9643ac/element - {"using":"xpath","value":"//*[@id=\"application-warehousemovements-display-component---warehouseMovements--smartFilterBar-filterItemControl_BASIC-YARD-vhi\"]"}
RESULT: {"using":"xpath","value":"//*[@id=\"application-warehousemovements-display-component---warehouseMovements--smartFilterBar-filterItemControl_BASIC-YARD-vhi\"]"}
COMMAND: POST /session/178b85f57970bb84ea8ca4b38e9643ac/element/f.4EFED878021992910014147A21BCF18D.d.E5675B808A48DB99C77726AEEFE92875.e.2657/click - {}
RESULT: {}
COMMAND: GET /session/178b85f57970bb84ea8ca4b38e9643ac/screenshot - {}
RESULT: {}
COMMAND: POST /session/178b85f57970bb84ea8ca4b38e9643ac/execute/async - {"script":"<script> [1562 bytes]","args":[{"selector":{"id":"application-warehousemovements-display-component---warehouseMovements--smartFilterBar-filterItemControl_BASIC-YARD-valueHelpDialog-smartFilterBar-btnBasicSearch","searchOpenDialogs":true,"interaction":{"idSuffix":"I"}},"wdio_ui5_key":"applicationwarehousemovements-display-component---warehouseMovements--smartFilterBar-filterItemControl_BASIC-YARD-valueHelpDialog-smartFilterBar-btnBasicSearch"}]}
RESULT: {"script":"<script> [1562 bytes]","args":[{"selector":{"id":"application-warehousemovements-display-component---warehouseMovements--smartFilterBar-filterItemControl_BASIC-YARD-valueHelpDialog-smartFilterBar-btnBasicSearch","searchOpenDialogs":true,"interaction":{"idSuffix":"I"}},"wdio_ui5_key":"applicationwarehousemovements-display-component---warehouseMovements--smartFilterBar-filterItemControl_BASIC-YARD-valueHelpDialog-smartFilterBar-btnBasicSearch"}]}
RESULT: undefined
COMMAND: POST /session/178b85f57970bb84ea8ca4b38e9643ac/execute/async - {"script":"<script> [776 bytes]","args":[{"enterText":"WebdriverWHMYardr4i2r","selector":{"id":"application-warehousemovements-display-component---warehouseMovements--smartFilterBar-filterItemControl_BASIC-YARD-valueHelpDialog-smartFilterBar-btnBasicSearch","searchOpenDialogs":true,"interaction":{"idSuffix":"I"}},"clearTextFirst":true,"interactionType":"ENTER_TEXT"}]}
RESULT: {"script":"<script> [776 bytes]","args":[{"enterText":"WebdriverWHMYardr4i2r","selector":{"id":"application-warehousemovements-display-component---warehouseMovements--smartFilterBar-filterItemControl_BASIC-YARD-valueHelpDialog-smartFilterBar-btnBasicSearch","searchOpenDialogs":true,"interaction":{"idSuffix":"I"}},"clearTextFirst":true,"interactionType":"ENTER_TEXT"}]}
COMMAND: POST /session/178b85f57970bb84ea8ca4b38e9643ac/actions - {"actions":[{"id":"action8","type":"key","parameters":{},"actions":[{"type":"keyDown","value":"î€‡"},{"type":"pause","duration":10},{"type":"keyUp","value":"î€‡"}]}]}
RESULT: {"actions":[{"id":"action8","type":"key","parameters":{},"actions":[{"type":"keyDown","value":"î€‡"},{"type":"pause","duration":10},{"type":"keyUp","value":"î€‡"}]}]}
COMMAND: GET /session/178b85f57970bb84ea8ca4b38e9643ac/screenshot - {}
RESULT: {}
COMMAND: POST /session/178b85f57970bb84ea8ca4b38e9643ac/element - {"using":"xpath","value":"//div[@id='application-warehousemovements-display-component---warehouseMovements--smartFilterBar-filterItemControl_BASIC-YARD-valueHelpDialog-table-rowsel0']"}
RESULT: {"using":"xpath","value":"//div[@id='application-warehousemovements-display-component---warehouseMovements--smartFilterBar-filterItemControl_BASIC-YARD-valueHelpDialog-table-rowsel0']"}
COMMAND: POST /session/178b85f57970bb84ea8ca4b38e9643ac/element/f.4EFED878021992910014147A21BCF18D.d.E5675B808A48DB99C77726AEEFE92875.e.2666/click - {}
RESULT: {}
COMMAND: POST /session/178b85f57970bb84ea8ca4b38e9643ac/execute/async - {"script":"<script> [1562 bytes]","args":[{"selector":{"id":"application-warehousemovements-display-component---warehouseMovements--smartFilterBar-filterItemControl_BASIC-YARD-valueHelpDialog-ok","searchOpenDialogs":true,"interaction":{"idSuffix":"BDI-content"}},"wdio_ui5_key":"applicationwarehousemovements-display-component---warehouseMovements--smartFilterBar-filterItemControl_BASIC-YARD-valueHelpDialog-ok"}]}
COMMAND: GET /session/178b85f57970bb84ea8ca4b38e9643ac/screenshot - {}
RESULT: {"script":"<script> [1562 bytes]","args":[{"selector":{"id":"application-warehousemovements-display-component---warehouseMovements--smartFilterBar-filterItemControl_BASIC-YARD-valueHelpDialog-ok","searchOpenDialogs":true,"interaction":{"idSuffix":"BDI-content"}},"wdio_ui5_key":"applicationwarehousemovements-display-component---warehouseMovements--smartFilterBar-filterItemControl_BASIC-YARD-valueHelpDialog-ok"}]}
RESULT: undefined
COMMAND: POST /session/178b85f57970bb84ea8ca4b38e9643ac/element - {"using":"xpath","value":"//*[@id=\"application-warehousemovements-display-component---warehouseMovements--smartFilterBar-filterItemControl_BASIC-YARD-valueHelpDialog-ok\"]"}
RESULT: {}
RESULT: {"using":"xpath","value":"//*[@id=\"application-warehousemovements-display-component---warehouseMovements--smartFilterBar-filterItemControl_BASIC-YARD-valueHelpDialog-ok\"]"}
COMMAND: POST /session/178b85f57970bb84ea8ca4b38e9643ac/element/f.4EFED878021992910014147A21BCF18D.d.E5675B808A48DB99C77726AEEFE92875.e.2669/click - {}
RESULT: {}
COMMAND: POST /session/178b85f57970bb84ea8ca4b38e9643ac/execute/async - {"script":"<script> [1562 bytes]","args":[{"selector":{"controlType":"sap.ui.core.Icon","viewName":"etm.portal.ui.warehousemovements.view.MasterMovement","viewId":"application-warehousemovements-display-component---warehouseMovements","properties":{"src":{"regex":{"source":"add"}}}},"wdio_ui5_key":"etmportal.ui.warehousemovements.view.MasterMovementsap.ui.core.Icon{\"src\":{\"regex\":{\"source\":\"add\"}}}"}]}
COMMAND: GET /session/178b85f57970bb84ea8ca4b38e9643ac/screenshot - {}
RESULT: {"script":"<script> [1562 bytes]","args":[{"selector":{"controlType":"sap.ui.core.Icon","viewName":"etm.portal.ui.warehousemovements.view.MasterMovement","viewId":"application-warehousemovements-display-component---warehouseMovements","properties":{"src":{"regex":{"source":"add"}}}},"wdio_ui5_key":"etmportal.ui.warehousemovements.view.MasterMovementsap.ui.core.Icon{\"src\":{\"regex\":{\"source\":\"add\"}}}"}]}
RESULT: undefined
COMMAND: POST /session/178b85f57970bb84ea8ca4b38e9643ac/element - {"using":"xpath","value":"//*[@id=\"__button70-img\"]"}
RESULT: {}
RESULT: {"using":"xpath","value":"//*[@id=\"__button70-img\"]"}
COMMAND: POST /session/178b85f57970bb84ea8ca4b38e9643ac/element/f.4EFED878021992910014147A21BCF18D.d.E5675B808A48DB99C77726AEEFE92875.e.2495/click - {}
RESULT: {}
COMMAND: POST /session/178b85f57970bb84ea8ca4b38e9643ac/element - {"using":"xpath","value":"//input[contains(@id ,\"application-warehousemovements-display-component---addMovement--sectionsList-inner\")]"}
COMMAND: GET /session/178b85f57970bb84ea8ca4b38e9643ac/screenshot - {}
RESULT: {"using":"xpath","value":"//input[contains(@id ,\"application-warehousemovements-display-component---addMovement--sectionsList-inner\")]"}
COMMAND: POST /session/178b85f57970bb84ea8ca4b38e9643ac/elements - {"using":"xpath","value":"//input[contains(@id ,\"application-warehousemovements-display-component---addMovement--sectionsList-inner\")]"}
RESULT: {}
RESULT: {"using":"xpath","value":"//input[contains(@id ,\"application-warehousemovements-display-component---addMovement--sectionsList-inner\")]"}
COMMAND: POST /session/178b85f57970bb84ea8ca4b38e9643ac/element - {"using":"xpath","value":"//input[contains(@id ,\"application-warehousemovements-display-component---addMovement--sectionsList-inner\")]"}
RESULT: {"using":"xpath","value":"//input[contains(@id ,\"application-warehousemovements-display-component---addMovement--sectionsList-inner\")]"}
COMMAND: POST /session/178b85f57970bb84ea8ca4b38e9643ac/element/f.4EFED878021992910014147A21BCF18D.d.E5675B808A48DB99C77726AEEFE92875.e.2723/clear - {}
RESULT: {}
COMMAND: POST /session/178b85f57970bb84ea8ca4b38e9643ac/element/f.4EFED878021992910014147A21BCF18D.d.E5675B808A48DB99C77726AEEFE92875.e.2723/value - {"text":"Sec9fl5k"}
COMMAND: GET /session/178b85f57970bb84ea8ca4b38e9643ac/screenshot - {}
RESULT: {"text":"Sec9fl5k"}
COMMAND: GET /session/178b85f57970bb84ea8ca4b38e9643ac/screenshot - {}
RESULT: {}
RESULT: {}
COMMAND: POST /session/178b85f57970bb84ea8ca4b38e9643ac/actions - {"actions":[{"id":"action9","type":"key","parameters":{},"actions":[{"type":"keyDown","value":"î€‡"},{"type":"pause","duration":10},{"type":"keyUp","value":"î€‡"}]}]}
RESULT: {"actions":[{"id":"action9","type":"key","parameters":{},"actions":[{"type":"keyDown","value":"î€‡"},{"type":"pause","duration":10},{"type":"keyUp","value":"î€‡"}]}]}
COMMAND: GET /session/178b85f57970bb84ea8ca4b38e9643ac/screenshot - {}
RESULT: {}
COMMAND: POST /session/178b85f57970bb84ea8ca4b38e9643ac/execute/async - {"script":"<script> [1562 bytes]","args":[{"selector":{"id":"application-warehousemovements-display-component---addMovement--addItem-img"},"wdio_ui5_key":"applicationwarehousemovements-display-component---addMovement--addItem-img"}]}
RESULT: {"script":"<script> [1562 bytes]","args":[{"selector":{"id":"application-warehousemovements-display-component---addMovement--addItem-img"},"wdio_ui5_key":"applicationwarehousemovements-display-component---addMovement--addItem-img"}]}
RESULT: undefined
COMMAND: POST /session/178b85f57970bb84ea8ca4b38e9643ac/element - {"using":"xpath","value":"//*[@id=\"application-warehousemovements-display-component---addMovement--addItem-img\"]"}
RESULT: {"using":"xpath","value":"//*[@id=\"application-warehousemovements-display-component---addMovement--addItem-img\"]"}
COMMAND: POST /session/178b85f57970bb84ea8ca4b38e9643ac/element/f.4EFED878021992910014147A21BCF18D.d.E5675B808A48DB99C77726AEEFE92875.e.2764/click - {}
RESULT: {}
COMMAND: POST /session/178b85f57970bb84ea8ca4b38e9643ac/execute/async - {"script":"<script> [1562 bytes]","args":[{"selector":{"id":"movementItemsPopUp--invSearch","searchOpenDialogs":true,"interaction":{"idSuffix":"I"}},"wdio_ui5_key":"movementItemsPopUpinvSearch"}]}
COMMAND: GET /session/178b85f57970bb84ea8ca4b38e9643ac/screenshot - {}
RESULT: {"script":"<script> [1562 bytes]","args":[{"selector":{"id":"movementItemsPopUp--invSearch","searchOpenDialogs":true,"interaction":{"idSuffix":"I"}},"wdio_ui5_key":"movementItemsPopUpinvSearch"}]}
RESULT: undefined
COMMAND: POST /session/178b85f57970bb84ea8ca4b38e9643ac/execute/async - {"script":"<script> [776 bytes]","args":[{"enterText":"WebdriverRUR2Ciu0hgf","selector":{"id":"movementItemsPopUp--invSearch","searchOpenDialogs":true,"interaction":{"idSuffix":"I"}},"clearTextFirst":true,"interactionType":"ENTER_TEXT"}]}
RESULT: {}
RESULT: {"script":"<script> [776 bytes]","args":[{"enterText":"WebdriverRUR2Ciu0hgf","selector":{"id":"movementItemsPopUp--invSearch","searchOpenDialogs":true,"interaction":{"idSuffix":"I"}},"clearTextFirst":true,"interactionType":"ENTER_TEXT"}]}
COMMAND: POST /session/178b85f57970bb84ea8ca4b38e9643ac/execute/async - {"script":"<script> [1562 bytes]","args":[{"selector":{"id":"movementItemsPopUp--movementItemsTable-sa","searchOpenDialogs":true,"interaction":{"idSuffix":"CbBg"}},"wdio_ui5_key":"movementItemsPopUpmovementItemsTable-sa"}]}
RESULT: {"script":"<script> [1562 bytes]","args":[{"selector":{"id":"movementItemsPopUp--movementItemsTable-sa","searchOpenDialogs":true,"interaction":{"idSuffix":"CbBg"}},"wdio_ui5_key":"movementItemsPopUpmovementItemsTable-sa"}]}
RESULT: undefined
COMMAND: POST /session/178b85f57970bb84ea8ca4b38e9643ac/element - {"using":"xpath","value":"//*[@id=\"movementItemsPopUp--movementItemsTable-sa\"]"}
RESULT: {"using":"xpath","value":"//*[@id=\"movementItemsPopUp--movementItemsTable-sa\"]"}
COMMAND: POST /session/178b85f57970bb84ea8ca4b38e9643ac/element/f.4EFED878021992910014147A21BCF18D.d.E5675B808A48DB99C77726AEEFE92875.e.2821/click - {}
RESULT: {}
COMMAND: POST /session/178b85f57970bb84ea8ca4b38e9643ac/execute/async - {"script":"<script> [1562 bytes]","args":[{"selector":{"id":"movementItemsPopUp--createBtn","searchOpenDialogs":true,"interaction":{"idSuffix":"BDI-content"}},"wdio_ui5_key":"movementItemsPopUpcreateBtn"}]}
COMMAND: GET /session/178b85f57970bb84ea8ca4b38e9643ac/screenshot - {}
RESULT: {"script":"<script> [1562 bytes]","args":[{"selector":{"id":"movementItemsPopUp--createBtn","searchOpenDialogs":true,"interaction":{"idSuffix":"BDI-content"}},"wdio_ui5_key":"movementItemsPopUpcreateBtn"}]}
RESULT: undefined
COMMAND: POST /session/178b85f57970bb84ea8ca4b38e9643ac/element - {"using":"xpath","value":"//*[@id=\"movementItemsPopUp--createBtn\"]"}
RESULT: {}
RESULT: {"using":"xpath","value":"//*[@id=\"movementItemsPopUp--createBtn\"]"}
COMMAND: POST /session/178b85f57970bb84ea8ca4b38e9643ac/element/f.4EFED878021992910014147A21BCF18D.d.E5675B808A48DB99C77726AEEFE92875.e.2823/click - {}
RESULT: {}
COMMAND: GET /session/178b85f57970bb84ea8ca4b38e9643ac/screenshot - {}
RESULT: {}
COMMAND: POST /session/178b85f57970bb84ea8ca4b38e9643ac/element - {"using":"css selector","value":"#j_username"}
COMMAND: POST /session/178b85f57970bb84ea8ca4b38e9643ac/url - {"url":"https://qa-testing-00-live-etm-ui.cfapps.eu10-004.hana.ondemand.com/"}
RESULT: {"using":"css selector","value":"#j_username"}
COMMAND: POST /session/178b85f57970bb84ea8ca4b38e9643ac/element - {"using":"css selector","value":"#j_username"}
RESULT: {"url":"https://qa-testing-00-live-etm-ui.cfapps.eu10-004.hana.ondemand.com/"}
RESULT: undefined
COMMAND: GET /session/178b85f57970bb84ea8ca4b38e9643ac/screenshot - {}
RESULT: {"using":"css selector","value":"#j_username"}
COMMAND: POST /session/178b85f57970bb84ea8ca4b38e9643ac/element - {"using":"css selector","value":"#shell-header-logo"}
RESULT: {}
RESULT: {"using":"css selector","value":"#shell-header-logo"}
COMMAND: POST /session/178b85f57970bb84ea8ca4b38e9643ac/execute/sync - {"script":"<script> [8489 bytes]","args":[{"element-6066-11e4-a52e-4f735466cecf":"f.4EFED878021992910014147A21BCF18D.d.1AE6FD7B6FDF43EF4C4A9246F9BAF1D1.e.2832","ELEMENT":"f.4EFED878021992910014147A21BCF18D.d.1AE6FD7B6FDF43EF4C4A9246F9BAF1D1.e.2832"}]}
RESULT: {"script":"<script> [8489 bytes]","args":[{"element-6066-11e4-a52e-4f735466cecf":"f.4EFED878021992910014147A21BCF18D.d.1AE6FD7B6FDF43EF4C4A9246F9BAF1D1.e.2832","ELEMENT":"f.4EFED878021992910014147A21BCF18D.d.1AE6FD7B6FDF43EF4C4A9246F9BAF1D1.e.2832"}]}
COMMAND: POST /session/178b85f57970bb84ea8ca4b38e9643ac/element - {"using":"css selector","value":"#shell-header-logo"}
COMMAND: GET /session/178b85f57970bb84ea8ca4b38e9643ac/screenshot - {}
RESULT: {"using":"css selector","value":"#shell-header-logo"}
COMMAND: POST /session/178b85f57970bb84ea8ca4b38e9643ac/execute/sync - {"script":"<script> [8489 bytes]","args":[{"element-6066-11e4-a52e-4f735466cecf":"f.4EFED878021992910014147A21BCF18D.d.1AE6FD7B6FDF43EF4C4A9246F9BAF1D1.e.2832","ELEMENT":"f.4EFED878021992910014147A21BCF18D.d.1AE6FD7B6FDF43EF4C4A9246F9BAF1D1.e.2832"}]}
RESULT: {}
RESULT: {"script":"<script> [8489 bytes]","args":[{"element-6066-11e4-a52e-4f735466cecf":"f.4EFED878021992910014147A21BCF18D.d.1AE6FD7B6FDF43EF4C4A9246F9BAF1D1.e.2832","ELEMENT":"f.4EFED878021992910014147A21BCF18D.d.1AE6FD7B6FDF43EF4C4A9246F9BAF1D1.e.2832"}]}
COMMAND: POST /session/178b85f57970bb84ea8ca4b38e9643ac/execute/sync - {"script":"<script> [5351 bytes]","args":[{"element-6066-11e4-a52e-4f735466cecf":"f.4EFED878021992910014147A21BCF18D.d.1AE6FD7B6FDF43EF4C4A9246F9BAF1D1.e.2832","ELEMENT":"f.4EFED878021992910014147A21BCF18D.d.1AE6FD7B6FDF43EF4C4A9246F9BAF1D1.e.2832"}]}
COMMAND: GET /session/178b85f57970bb84ea8ca4b38e9643ac/screenshot - {}
RESULT: {"script":"<script> [5351 bytes]","args":[{"element-6066-11e4-a52e-4f735466cecf":"f.4EFED878021992910014147A21BCF18D.d.1AE6FD7B6FDF43EF4C4A9246F9BAF1D1.e.2832","ELEMENT":"f.4EFED878021992910014147A21BCF18D.d.1AE6FD7B6FDF43EF4C4A9246F9BAF1D1.e.2832"}]}
COMMAND: POST /session/178b85f57970bb84ea8ca4b38e9643ac/element - {"using":"css selector","value":"#shell-header-logo"}
COMMAND: GET /session/178b85f57970bb84ea8ca4b38e9643ac/screenshot - {}
RESULT: {}
RESULT: {"using":"css selector","value":"#shell-header-logo"}
COMMAND: POST /session/178b85f57970bb84ea8ca4b38e9643ac/element/f.4EFED878021992910014147A21BCF18D.d.1AE6FD7B6FDF43EF4C4A9246F9BAF1D1.e.2832/click - {}
RESULT: {}
RESULT: {}
COMMAND: GET /session/178b85f57970bb84ea8ca4b38e9643ac/screenshot - {}
RESULT: {}
COMMAND: POST /session/178b85f57970bb84ea8ca4b38e9643ac/execute/async - {"script":"<script> [189 bytes]","args":[]}
RESULT: {"script":"<script> [189 bytes]","args":[]}
COMMAND: POST /session/178b85f57970bb84ea8ca4b38e9643ac/execute/async - {"script":"<script> [123 bytes]","args":[]}
RESULT: {"script":"<script> [123 bytes]","args":[]}
COMMAND: POST /session/178b85f57970bb84ea8ca4b38e9643ac/timeouts - {"script":"<number>"}
RESULT: {"script":"<number>"}
COMMAND: GET /session/178b85f57970bb84ea8ca4b38e9643ac/timeouts - {}
RESULT: {}
RESULT: undefined
COMMAND: POST /session/178b85f57970bb84ea8ca4b38e9643ac/execute/async - {"script":"<script> [2676 bytes]","args":[]}
RESULT: {"script":"<script> [2676 bytes]","args":[]}
COMMAND: POST /session/178b85f57970bb84ea8ca4b38e9643ac/execute/async - {"script":"<script> [2342 bytes]","args":[{"protocol":"http","hostname":"0.0.0.0","path":"/","capabilities":{"browserName":"chrome","goog:chromeOptions":{"binary":"C:\\Program Files\\Google\\Chrome\\Application\\chrome.exe","args":["--start-maximized"]}},"logLevel":"warn","connectionRetryTimeout":120000,"connectionRetryCount":3,"logLevels":{},"enableDirectConnect":true,"strictSSL":true,"_":"65 more keys: [\"cacheDir\",\"port\",\"requestedCapabilities\",\"automationProtocol\",\"baseUrl\",\"waitforInterval\",\"waitforTimeout\",\"onReload\",\"beforeCommand\",\"afterCommand\",\"rootDir\",\"specs\",\"suites\",\"exclude\",\"groupLogsByTestSpec\",\"excludeDriverLogs\",\"bail\",\"framework\",\"reporters\",\"services\",\"maxInstances\",\"maxInstancesPerCapability\",\"injectGlobals\",\"filesToWatch\",\"execArgv\",\"runnerEnv\",\"runner\",\"shard\",\"specFileRetries\",\"specFileRetriesDelay\",\"specFileRetriesDeferred\",\"reporterSyncInterval\",\"reporterSyncTimeout\",\"cucumberFeaturesWithLineNumbers\",\"autoCompileOpts\",\"mochaOpts\",\"jasmineOpts\",\"cucumberOpts\",\"onPrepare\",\"onWorkerStart\",\"onWorkerEnd\",\"before\",\"beforeSession\",\"beforeSuite\",\"beforeHook\",\"beforeTest\",\"afterTest\",\"afterHook\",\"afterSuite\",\"afterSession\",\"after\",\"onComplete\",\"beforeAssertion\",\"afterAssertion\",\"beforeFeature\",\"beforeScenario\",\"beforeStep\",\"afterStep\",\"afterScenario\",\"afterFeature\",\"_\",\"suite\",\"$0\",\"ignoredWorkerServices\",\"wdi5\"]"}]}
RESULT: {"script":"<script> [2342 bytes]","args":[{"protocol":"http","hostname":"0.0.0.0","path":"/","capabilities":{"browserName":"chrome","goog:chromeOptions":{"binary":"C:\\Program Files\\Google\\Chrome\\Application\\chrome.exe","args":["--start-maximized"]}},"logLevel":"warn","connectionRetryTimeout":120000,"connectionRetryCount":3,"logLevels":{},"enableDirectConnect":true,"strictSSL":true,"_":"65 more keys: [\"cacheDir\",\"port\",\"requestedCapabilities\",\"automationProtocol\",\"baseUrl\",\"waitforInterval\",\"waitforTimeout\",\"onReload\",\"beforeCommand\",\"afterCommand\",\"rootDir\",\"specs\",\"suites\",\"exclude\",\"groupLogsByTestSpec\",\"excludeDriverLogs\",\"bail\",\"framework\",\"reporters\",\"services\",\"maxInstances\",\"maxInstancesPerCapability\",\"injectGlobals\",\"filesToWatch\",\"execArgv\",\"runnerEnv\",\"runner\",\"shard\",\"specFileRetries\",\"specFileRetriesDelay\",\"specFileRetriesDeferred\",\"reporterSyncInterval\",\"reporterSyncTimeout\",\"cucumberFeaturesWithLineNumbers\",\"autoCompileOpts\",\"mochaOpts\",\"jasmineOpts\",\"cucumberOpts\",\"onPrepare\",\"onWorkerStart\",\"onWorkerEnd\",\"before\",\"beforeSession\",\"beforeSuite\",\"beforeHook\",\"beforeTest\",\"afterTest\",\"afterHook\",\"afterSuite\",\"afterSession\",\"after\",\"onComplete\",\"beforeAssertion\",\"afterAssertion\",\"beforeFeature\",\"beforeScenario\",\"beforeStep\",\"afterStep\",\"afterScenario\",\"afterFeature\",\"_\",\"suite\",\"$0\",\"ignoredWorkerServices\",\"wdi5\"]"}]}
COMMAND: POST /session/178b85f57970bb84ea8ca4b38e9643ac/execute/async - {"script":"<script> [21126 bytes]","args":[35000]}
RESULT: {"script":"<script> [21126 bytes]","args":[35000]}
COMMAND: POST /session/178b85f57970bb84ea8ca4b38e9643ac/window/maximize - {}
RESULT: {}
COMMAND: POST /session/178b85f57970bb84ea8ca4b38e9643ac/execute/async - {"script":"<script> [1562 bytes]","args":[{"selector":{"id":"shell-header","interaction":{"idSuffix":"icon"}},"wdio_ui5_key":"shellheader"}]}
COMMAND: GET /session/178b85f57970bb84ea8ca4b38e9643ac/screenshot - {}
RESULT: {"script":"<script> [1562 bytes]","args":[{"selector":{"id":"shell-header","interaction":{"idSuffix":"icon"}},"wdio_ui5_key":"shellheader"}]}
RESULT: undefined
COMMAND: POST /session/178b85f57970bb84ea8ca4b38e9643ac/refresh - {}
RESULT: {}
RESULT: {}
COMMAND: GET /session/178b85f57970bb84ea8ca4b38e9643ac/screenshot - {}
RESULT: {}
COMMAND: POST /session/178b85f57970bb84ea8ca4b38e9643ac/refresh - {}
RESULT: {}
COMMAND: GET /session/178b85f57970bb84ea8ca4b38e9643ac/screenshot - {}
RESULT: {}
COMMAND: POST /session/178b85f57970bb84ea8ca4b38e9643ac/window/fullscreen - {}
RESULT: {}
COMMAND: POST /session/178b85f57970bb84ea8ca4b38e9643ac/execute/async - {"script":"<script> [189 bytes]","args":[]}
RESULT: {"script":"<script> [189 bytes]","args":[]}
COMMAND: POST /session/178b85f57970bb84ea8ca4b38e9643ac/execute/async - {"script":"<script> [123 bytes]","args":[]}
RESULT: {"script":"<script> [123 bytes]","args":[]}
COMMAND: POST /session/178b85f57970bb84ea8ca4b38e9643ac/timeouts - {"script":"<number>"}
RESULT: {"script":"<number>"}
COMMAND: GET /session/178b85f57970bb84ea8ca4b38e9643ac/timeouts - {}
RESULT: {}
RESULT: undefined
COMMAND: POST /session/178b85f57970bb84ea8ca4b38e9643ac/execute/async - {"script":"<script> [2676 bytes]","args":[]}
RESULT: {"script":"<script> [2676 bytes]","args":[]}
COMMAND: POST /session/178b85f57970bb84ea8ca4b38e9643ac/execute/async - {"script":"<script> [2342 bytes]","args":[{"protocol":"http","hostname":"0.0.0.0","path":"/","capabilities":{"browserName":"chrome","goog:chromeOptions":{"binary":"C:\\Program Files\\Google\\Chrome\\Application\\chrome.exe","args":["--start-maximized"]}},"logLevel":"warn","connectionRetryTimeout":120000,"connectionRetryCount":3,"logLevels":{},"enableDirectConnect":true,"strictSSL":true,"_":"65 more keys: [\"cacheDir\",\"port\",\"requestedCapabilities\",\"automationProtocol\",\"baseUrl\",\"waitforInterval\",\"waitforTimeout\",\"onReload\",\"beforeCommand\",\"afterCommand\",\"rootDir\",\"specs\",\"suites\",\"exclude\",\"groupLogsByTestSpec\",\"excludeDriverLogs\",\"bail\",\"framework\",\"reporters\",\"services\",\"maxInstances\",\"maxInstancesPerCapability\",\"injectGlobals\",\"filesToWatch\",\"execArgv\",\"runnerEnv\",\"runner\",\"shard\",\"specFileRetries\",\"specFileRetriesDelay\",\"specFileRetriesDeferred\",\"reporterSyncInterval\",\"reporterSyncTimeout\",\"cucumberFeaturesWithLineNumbers\",\"autoCompileOpts\",\"mochaOpts\",\"jasmineOpts\",\"cucumberOpts\",\"onPrepare\",\"onWorkerStart\",\"onWorkerEnd\",\"before\",\"beforeSession\",\"beforeSuite\",\"beforeHook\",\"beforeTest\",\"afterTest\",\"afterHook\",\"afterSuite\",\"afterSession\",\"after\",\"onComplete\",\"beforeAssertion\",\"afterAssertion\",\"beforeFeature\",\"beforeScenario\",\"beforeStep\",\"afterStep\",\"afterScenario\",\"afterFeature\",\"_\",\"suite\",\"$0\",\"ignoredWorkerServices\",\"wdi5\"]"}]}
RESULT: {"script":"<script> [2342 bytes]","args":[{"protocol":"http","hostname":"0.0.0.0","path":"/","capabilities":{"browserName":"chrome","goog:chromeOptions":{"binary":"C:\\Program Files\\Google\\Chrome\\Application\\chrome.exe","args":["--start-maximized"]}},"logLevel":"warn","connectionRetryTimeout":120000,"connectionRetryCount":3,"logLevels":{},"enableDirectConnect":true,"strictSSL":true,"_":"65 more keys: [\"cacheDir\",\"port\",\"requestedCapabilities\",\"automationProtocol\",\"baseUrl\",\"waitforInterval\",\"waitforTimeout\",\"onReload\",\"beforeCommand\",\"afterCommand\",\"rootDir\",\"specs\",\"suites\",\"exclude\",\"groupLogsByTestSpec\",\"excludeDriverLogs\",\"bail\",\"framework\",\"reporters\",\"services\",\"maxInstances\",\"maxInstancesPerCapability\",\"injectGlobals\",\"filesToWatch\",\"execArgv\",\"runnerEnv\",\"runner\",\"shard\",\"specFileRetries\",\"specFileRetriesDelay\",\"specFileRetriesDeferred\",\"reporterSyncInterval\",\"reporterSyncTimeout\",\"cucumberFeaturesWithLineNumbers\",\"autoCompileOpts\",\"mochaOpts\",\"jasmineOpts\",\"cucumberOpts\",\"onPrepare\",\"onWorkerStart\",\"onWorkerEnd\",\"before\",\"beforeSession\",\"beforeSuite\",\"beforeHook\",\"beforeTest\",\"afterTest\",\"afterHook\",\"afterSuite\",\"afterSession\",\"after\",\"onComplete\",\"beforeAssertion\",\"afterAssertion\",\"beforeFeature\",\"beforeScenario\",\"beforeStep\",\"afterStep\",\"afterScenario\",\"afterFeature\",\"_\",\"suite\",\"$0\",\"ignoredWorkerServices\",\"wdi5\"]"}]}
COMMAND: POST /session/178b85f57970bb84ea8ca4b38e9643ac/execute/async - {"script":"<script> [21126 bytes]","args":[35000]}
RESULT: {"script":"<script> [21126 bytes]","args":[35000]}
]]></system-out>
    </testcase>
  </testsuite>
  <testsuite timestamp="2025-05-18T16:45:59" time="865.656" tests="7" failures="0" errors="0" skipped="0">
    <properties>
      <property name="specId" value="0" />
      <property name="suiteName" value="Create masterdata for Yard Overview - trigger provide US130988" />
      <property name="capabilities" value="chrome.136_0_7103_93.windows" />
      <property name="file" value="file:///D:/a/1/s/test/specs/HTR/yard-movement-putaways.spec.js" />
    </properties>
    <testcase classname="chrome.136_0_7103_93.windows.Create_masterdata_for_Yard_Overview_-_trigger_provide_US130988" name="Should create a new WHM yard" time="128.936">
      <system-out><![CDATA[
COMMAND: POST /session/178b85f57970bb84ea8ca4b38e9643ac/window/fullscreen - {}
RESULT: {}
COMMAND: POST /session/178b85f57970bb84ea8ca4b38e9643ac/execute/async - {"script":"<script> [1562 bytes]","args":[{"selector":{"controlType":"sap.m.GenericTile","properties":{"header":"Manage Yards"}},"wdio_ui5_key":"sapm.GenericTile{\"header\":\"Manage Yards\"}"}]}
RESULT: {"script":"<script> [1562 bytes]","args":[{"selector":{"controlType":"sap.m.GenericTile","properties":{"header":"Manage Yards"}},"wdio_ui5_key":"sapm.GenericTile{\"header\":\"Manage Yards\"}"}]}
RESULT: undefined
COMMAND: POST /session/178b85f57970bb84ea8ca4b38e9643ac/element - {"using":"xpath","value":"//*[@id=\"__tile41\"]"}
RESULT: {"using":"xpath","value":"//*[@id=\"__tile41\"]"}
COMMAND: POST /session/178b85f57970bb84ea8ca4b38e9643ac/element/f.4EFED878021992910014147A21BCF18D.d.10AB409EF1095D69A1B7EF0F3C68920D.e.2894/click - {}
RESULT: {}
COMMAND: GET /session/178b85f57970bb84ea8ca4b38e9643ac/screenshot - {}
RESULT: {}
COMMAND: POST /session/178b85f57970bb84ea8ca4b38e9643ac/elements - {"using":"xpath","value":"//span[text()='Error']"}
RESULT: {"using":"xpath","value":"//span[text()='Error']"}
COMMAND: POST /session/178b85f57970bb84ea8ca4b38e9643ac/element - {"using":"xpath","value":"//button[@data-kt=\"addNewYardOverflowToolbarButton\"]"}
RESULT: {"using":"xpath","value":"//button[@data-kt=\"addNewYardOverflowToolbarButton\"]"}
COMMAND: POST /session/178b85f57970bb84ea8ca4b38e9643ac/elements - {"using":"xpath","value":"//button[@data-kt=\"addNewYardOverflowToolbarButton\"]"}
RESULT: {"using":"xpath","value":"//button[@data-kt=\"addNewYardOverflowToolbarButton\"]"}
COMMAND: POST /session/178b85f57970bb84ea8ca4b38e9643ac/elements - {"using":"xpath","value":"//button[@data-kt=\"addNewYardOverflowToolbarButton\"]"}
RESULT: {"using":"xpath","value":"//button[@data-kt=\"addNewYardOverflowToolbarButton\"]"}
COMMAND: POST /session/178b85f57970bb84ea8ca4b38e9643ac/elements - {"using":"xpath","value":"//button[@data-kt=\"addNewYardOverflowToolbarButton\"]"}
RESULT: {"using":"xpath","value":"//button[@data-kt=\"addNewYardOverflowToolbarButton\"]"}
COMMAND: POST /session/178b85f57970bb84ea8ca4b38e9643ac/elements - {"using":"xpath","value":"//button[@data-kt=\"addNewYardOverflowToolbarButton\"]"}
RESULT: {"using":"xpath","value":"//button[@data-kt=\"addNewYardOverflowToolbarButton\"]"}
COMMAND: POST /session/178b85f57970bb84ea8ca4b38e9643ac/elements - {"using":"xpath","value":"//button[@data-kt=\"addNewYardOverflowToolbarButton\"]"}
RESULT: {"using":"xpath","value":"//button[@data-kt=\"addNewYardOverflowToolbarButton\"]"}
COMMAND: POST /session/178b85f57970bb84ea8ca4b38e9643ac/elements - {"using":"xpath","value":"//button[@data-kt=\"addNewYardOverflowToolbarButton\"]"}
RESULT: {"using":"xpath","value":"//button[@data-kt=\"addNewYardOverflowToolbarButton\"]"}
COMMAND: POST /session/178b85f57970bb84ea8ca4b38e9643ac/elements - {"using":"xpath","value":"//button[@data-kt=\"addNewYardOverflowToolbarButton\"]"}
RESULT: {"using":"xpath","value":"//button[@data-kt=\"addNewYardOverflowToolbarButton\"]"}
COMMAND: POST /session/178b85f57970bb84ea8ca4b38e9643ac/element - {"using":"xpath","value":"//button[@data-kt=\"addNewYardOverflowToolbarButton\"]"}
RESULT: {"using":"xpath","value":"//button[@data-kt=\"addNewYardOverflowToolbarButton\"]"}
COMMAND: POST /session/178b85f57970bb84ea8ca4b38e9643ac/execute/sync - {"script":"<script> [8489 bytes]","args":[{"element-6066-11e4-a52e-4f735466cecf":"f.4EFED878021992910014147A21BCF18D.d.10AB409EF1095D69A1B7EF0F3C68920D.e.3023","ELEMENT":"f.4EFED878021992910014147A21BCF18D.d.10AB409EF1095D69A1B7EF0F3C68920D.e.3023"}]}
RESULT: {"script":"<script> [8489 bytes]","args":[{"element-6066-11e4-a52e-4f735466cecf":"f.4EFED878021992910014147A21BCF18D.d.10AB409EF1095D69A1B7EF0F3C68920D.e.3023","ELEMENT":"f.4EFED878021992910014147A21BCF18D.d.10AB409EF1095D69A1B7EF0F3C68920D.e.3023"}]}
COMMAND: GET /session/178b85f57970bb84ea8ca4b38e9643ac/element/f.4EFED878021992910014147A21BCF18D.d.10AB409EF1095D69A1B7EF0F3C68920D.e.3023/enabled - {}
COMMAND: GET /session/178b85f57970bb84ea8ca4b38e9643ac/screenshot - {}
RESULT: {}
COMMAND: POST /session/178b85f57970bb84ea8ca4b38e9643ac/execute/sync - {"script":"<script> [8489 bytes]","args":[{"element-6066-11e4-a52e-4f735466cecf":"f.4EFED878021992910014147A21BCF18D.d.10AB409EF1095D69A1B7EF0F3C68920D.e.3023","ELEMENT":"f.4EFED878021992910014147A21BCF18D.d.10AB409EF1095D69A1B7EF0F3C68920D.e.3023"}]}
COMMAND: GET /session/178b85f57970bb84ea8ca4b38e9643ac/screenshot - {}
RESULT: {}
RESULT: {"script":"<script> [8489 bytes]","args":[{"element-6066-11e4-a52e-4f735466cecf":"f.4EFED878021992910014147A21BCF18D.d.10AB409EF1095D69A1B7EF0F3C68920D.e.3023","ELEMENT":"f.4EFED878021992910014147A21BCF18D.d.10AB409EF1095D69A1B7EF0F3C68920D.e.3023"}]}
COMMAND: POST /session/178b85f57970bb84ea8ca4b38e9643ac/execute/sync - {"script":"<script> [5351 bytes]","args":[{"element-6066-11e4-a52e-4f735466cecf":"f.4EFED878021992910014147A21BCF18D.d.10AB409EF1095D69A1B7EF0F3C68920D.e.3023","ELEMENT":"f.4EFED878021992910014147A21BCF18D.d.10AB409EF1095D69A1B7EF0F3C68920D.e.3023"}]}
COMMAND: GET /session/178b85f57970bb84ea8ca4b38e9643ac/screenshot - {}
RESULT: {}
RESULT: {"script":"<script> [5351 bytes]","args":[{"element-6066-11e4-a52e-4f735466cecf":"f.4EFED878021992910014147A21BCF18D.d.10AB409EF1095D69A1B7EF0F3C68920D.e.3023","ELEMENT":"f.4EFED878021992910014147A21BCF18D.d.10AB409EF1095D69A1B7EF0F3C68920D.e.3023"}]}
COMMAND: POST /session/178b85f57970bb84ea8ca4b38e9643ac/element/f.4EFED878021992910014147A21BCF18D.d.10AB409EF1095D69A1B7EF0F3C68920D.e.3023/click - {}
COMMAND: GET /session/178b85f57970bb84ea8ca4b38e9643ac/screenshot - {}
RESULT: {}
RESULT: {}
COMMAND: GET /session/178b85f57970bb84ea8ca4b38e9643ac/screenshot - {}
RESULT: {}
RESULT: {}
COMMAND: POST /session/178b85f57970bb84ea8ca4b38e9643ac/element - {"using":"xpath","value":"//input[@id=\"application-manageyards-display-component---NewYard--yardId-inner\"]"}
RESULT: {"using":"xpath","value":"//input[@id=\"application-manageyards-display-component---NewYard--yardId-inner\"]"}
COMMAND: POST /session/178b85f57970bb84ea8ca4b38e9643ac/element - {"using":"xpath","value":"//input[@id=\"application-manageyards-display-component---NewYard--yardId-inner\"]"}
RESULT: {"using":"xpath","value":"//input[@id=\"application-manageyards-display-component---NewYard--yardId-inner\"]"}
COMMAND: POST /session/178b85f57970bb84ea8ca4b38e9643ac/execute/async - {"script":"<script> [1562 bytes]","args":[{"selector":{"id":"application-manageyards-display-component---NewYard--addressDetailDetailsName1","interaction":{"idSuffix":"inner"}},"wdio_ui5_key":"applicationmanageyards-display-component---NewYard--addressDetailDetailsName1"}]}
RESULT: {"script":"<script> [1562 bytes]","args":[{"selector":{"id":"application-manageyards-display-component---NewYard--addressDetailDetailsName1","interaction":{"idSuffix":"inner"}},"wdio_ui5_key":"applicationmanageyards-display-component---NewYard--addressDetailDetailsName1"}]}
RESULT: undefined
COMMAND: POST /session/178b85f57970bb84ea8ca4b38e9643ac/execute/async - {"script":"<script> [776 bytes]","args":[{"enterText":"Warehouse Managed WDIO","selector":{"id":"application-manageyards-display-component---NewYard--addressDetailDetailsName1","interaction":{"idSuffix":"inner"}},"clearTextFirst":true,"interactionType":"ENTER_TEXT"}]}
RESULT: {"script":"<script> [776 bytes]","args":[{"enterText":"Warehouse Managed WDIO","selector":{"id":"application-manageyards-display-component---NewYard--addressDetailDetailsName1","interaction":{"idSuffix":"inner"}},"clearTextFirst":true,"interactionType":"ENTER_TEXT"}]}
COMMAND: POST /session/178b85f57970bb84ea8ca4b38e9643ac/execute/async - {"script":"<script> [1562 bytes]","args":[{"selector":{"id":"application-manageyards-display-component---NewYard--addressDetailDetailsLanguage-arrow"},"wdio_ui5_key":"applicationmanageyards-display-component---NewYard--addressDetailDetailsLanguage-arrow"}]}
RESULT: {"script":"<script> [1562 bytes]","args":[{"selector":{"id":"application-manageyards-display-component---NewYard--addressDetailDetailsLanguage-arrow"},"wdio_ui5_key":"applicationmanageyards-display-component---NewYard--addressDetailDetailsLanguage-arrow"}]}
RESULT: undefined
COMMAND: POST /session/178b85f57970bb84ea8ca4b38e9643ac/element - {"using":"xpath","value":"//*[@id=\"application-manageyards-display-component---NewYard--addressDetailDetailsLanguage-arrow\"]"}
RESULT: {"using":"xpath","value":"//*[@id=\"application-manageyards-display-component---NewYard--addressDetailDetailsLanguage-arrow\"]"}
COMMAND: POST /session/178b85f57970bb84ea8ca4b38e9643ac/element/f.4EFED878021992910014147A21BCF18D.d.10AB409EF1095D69A1B7EF0F3C68920D.e.3335/click - {}
RESULT: {}
COMMAND: POST /session/178b85f57970bb84ea8ca4b38e9643ac/element - {"using":"xpath","value":"//span[contains(text(), \"English\")]"}
COMMAND: GET /session/178b85f57970bb84ea8ca4b38e9643ac/screenshot - {}
RESULT: {"using":"xpath","value":"//span[contains(text(), \"English\")]"}
COMMAND: POST /session/178b85f57970bb84ea8ca4b38e9643ac/element/f.4EFED878021992910014147A21BCF18D.d.10AB409EF1095D69A1B7EF0F3C68920D.e.3336/click - {}
RESULT: {}
RESULT: {}
COMMAND: POST /session/178b85f57970bb84ea8ca4b38e9643ac/execute/async - {"script":"<script> [1562 bytes]","args":[{"selector":{"id":"application-manageyards-display-component---NewYard--addressDetailDetailsCity1","interaction":{"idSuffix":"inner"}},"wdio_ui5_key":"applicationmanageyards-display-component---NewYard--addressDetailDetailsCity1"}]}
COMMAND: GET /session/178b85f57970bb84ea8ca4b38e9643ac/screenshot - {}
RESULT: {"script":"<script> [1562 bytes]","args":[{"selector":{"id":"application-manageyards-display-component---NewYard--addressDetailDetailsCity1","interaction":{"idSuffix":"inner"}},"wdio_ui5_key":"applicationmanageyards-display-component---NewYard--addressDetailDetailsCity1"}]}
RESULT: undefined
COMMAND: POST /session/178b85f57970bb84ea8ca4b38e9643ac/execute/async - {"script":"<script> [776 bytes]","args":[{"enterText":"Rosario","selector":{"id":"application-manageyards-display-component---NewYard--addressDetailDetailsCity1","interaction":{"idSuffix":"inner"}},"clearTextFirst":true,"interactionType":"ENTER_TEXT"}]}
RESULT: {}
RESULT: {"script":"<script> [776 bytes]","args":[{"enterText":"Rosario","selector":{"id":"application-manageyards-display-component---NewYard--addressDetailDetailsCity1","interaction":{"idSuffix":"inner"}},"clearTextFirst":true,"interactionType":"ENTER_TEXT"}]}
COMMAND: POST /session/178b85f57970bb84ea8ca4b38e9643ac/execute/async - {"script":"<script> [1562 bytes]","args":[{"selector":{"id":"application-manageyards-display-component---NewYard--addressDetailDetailsCountry-arrow"},"wdio_ui5_key":"applicationmanageyards-display-component---NewYard--addressDetailDetailsCountry-arrow"}]}
RESULT: {"script":"<script> [1562 bytes]","args":[{"selector":{"id":"application-manageyards-display-component---NewYard--addressDetailDetailsCountry-arrow"},"wdio_ui5_key":"applicationmanageyards-display-component---NewYard--addressDetailDetailsCountry-arrow"}]}
RESULT: undefined
COMMAND: POST /session/178b85f57970bb84ea8ca4b38e9643ac/element - {"using":"xpath","value":"//*[@id=\"application-manageyards-display-component---NewYard--addressDetailDetailsCountry-arrow\"]"}
RESULT: {"using":"xpath","value":"//*[@id=\"application-manageyards-display-component---NewYard--addressDetailDetailsCountry-arrow\"]"}
COMMAND: POST /session/178b85f57970bb84ea8ca4b38e9643ac/element/f.4EFED878021992910014147A21BCF18D.d.10AB409EF1095D69A1B7EF0F3C68920D.e.3338/click - {}
RESULT: {}
COMMAND: POST /session/178b85f57970bb84ea8ca4b38e9643ac/element - {"using":"xpath","value":"//span[contains(text(), \"Argentina\")]"}
COMMAND: GET /session/178b85f57970bb84ea8ca4b38e9643ac/screenshot - {}
RESULT: {"using":"xpath","value":"//span[contains(text(), \"Argentina\")]"}
COMMAND: POST /session/178b85f57970bb84ea8ca4b38e9643ac/element/f.4EFED878021992910014147A21BCF18D.d.10AB409EF1095D69A1B7EF0F3C68920D.e.3340/click - {}
RESULT: {}
RESULT: {}
COMMAND: POST /session/178b85f57970bb84ea8ca4b38e9643ac/execute/async - {"script":"<script> [1562 bytes]","args":[{"selector":{"id":"application-manageyards-display-component---NewYard--addressEditDetailsCostObjectCstType-arrow"},"wdio_ui5_key":"applicationmanageyards-display-component---NewYard--addressEditDetailsCostObjectCstType-arrow"}]}
COMMAND: GET /session/178b85f57970bb84ea8ca4b38e9643ac/screenshot - {}
RESULT: {"script":"<script> [1562 bytes]","args":[{"selector":{"id":"application-manageyards-display-component---NewYard--addressEditDetailsCostObjectCstType-arrow"},"wdio_ui5_key":"applicationmanageyards-display-component---NewYard--addressEditDetailsCostObjectCstType-arrow"}]}
RESULT: undefined
COMMAND: POST /session/178b85f57970bb84ea8ca4b38e9643ac/element - {"using":"xpath","value":"//*[@id=\"application-manageyards-display-component---NewYard--addressEditDetailsCostObjectCstType-arrow\"]"}
RESULT: {}
RESULT: {"using":"xpath","value":"//*[@id=\"application-manageyards-display-component---NewYard--addressEditDetailsCostObjectCstType-arrow\"]"}
COMMAND: POST /session/178b85f57970bb84ea8ca4b38e9643ac/element/f.4EFED878021992910014147A21BCF18D.d.10AB409EF1095D69A1B7EF0F3C68920D.e.3341/click - {}
RESULT: {}
COMMAND: POST /session/178b85f57970bb84ea8ca4b38e9643ac/element - {"using":"xpath","value":"//span[contains(text(), \"Cost Center\")]"}
COMMAND: GET /session/178b85f57970bb84ea8ca4b38e9643ac/screenshot - {}
RESULT: {"using":"xpath","value":"//span[contains(text(), \"Cost Center\")]"}
COMMAND: POST /session/178b85f57970bb84ea8ca4b38e9643ac/element/f.4EFED878021992910014147A21BCF18D.d.10AB409EF1095D69A1B7EF0F3C68920D.e.3342/click - {}
RESULT: {}
RESULT: {}
COMMAND: GET /session/178b85f57970bb84ea8ca4b38e9643ac/screenshot - {}
RESULT: {}
COMMAND: POST /session/178b85f57970bb84ea8ca4b38e9643ac/element - {"using":"xpath","value":"//span[@id=\"application-manageyards-display-component---NewYard--addressNewCostObjectCstID-vhi\"]"}
RESULT: {"using":"xpath","value":"//span[@id=\"application-manageyards-display-component---NewYard--addressNewCostObjectCstID-vhi\"]"}
COMMAND: POST /session/178b85f57970bb84ea8ca4b38e9643ac/execute/sync - {"script":"<script> [8489 bytes]","args":[{"element-6066-11e4-a52e-4f735466cecf":"f.4EFED878021992910014147A21BCF18D.d.10AB409EF1095D69A1B7EF0F3C68920D.e.3346","ELEMENT":"f.4EFED878021992910014147A21BCF18D.d.10AB409EF1095D69A1B7EF0F3C68920D.e.3346"}]}
RESULT: {"script":"<script> [8489 bytes]","args":[{"element-6066-11e4-a52e-4f735466cecf":"f.4EFED878021992910014147A21BCF18D.d.10AB409EF1095D69A1B7EF0F3C68920D.e.3346","ELEMENT":"f.4EFED878021992910014147A21BCF18D.d.10AB409EF1095D69A1B7EF0F3C68920D.e.3346"}]}
COMMAND: POST /session/178b85f57970bb84ea8ca4b38e9643ac/execute/async - {"script":"<script> [1562 bytes]","args":[{"selector":{"id":"application-manageyards-display-component---NewYard--addressNewCostObjectCstID-vhi"},"wdio_ui5_key":"applicationmanageyards-display-component---NewYard--addressNewCostObjectCstID-vhi"}]}
COMMAND: GET /session/178b85f57970bb84ea8ca4b38e9643ac/screenshot - {}
RESULT: {"script":"<script> [1562 bytes]","args":[{"selector":{"id":"application-manageyards-display-component---NewYard--addressNewCostObjectCstID-vhi"},"wdio_ui5_key":"applicationmanageyards-display-component---NewYard--addressNewCostObjectCstID-vhi"}]}
RESULT: undefined
COMMAND: POST /session/178b85f57970bb84ea8ca4b38e9643ac/element - {"using":"xpath","value":"//*[@id=\"application-manageyards-display-component---NewYard--addressNewCostObjectCstID-vhi\"]"}
RESULT: {}
RESULT: {"using":"xpath","value":"//*[@id=\"application-manageyards-display-component---NewYard--addressNewCostObjectCstID-vhi\"]"}
COMMAND: POST /session/178b85f57970bb84ea8ca4b38e9643ac/element/f.4EFED878021992910014147A21BCF18D.d.10AB409EF1095D69A1B7EF0F3C68920D.e.3346/click - {}
RESULT: {}
COMMAND: GET /session/178b85f57970bb84ea8ca4b38e9643ac/screenshot - {}
RESULT: {}
COMMAND: POST /session/178b85f57970bb84ea8ca4b38e9643ac/execute/async - {"script":"<script> [1562 bytes]","args":[{"selector":{"controlType":"sap.m.SearchField","properties":{"placeholder":"Search"},"searchOpenDialogs":true,"interaction":{"idSuffix":"I"}},"wdio_ui5_key":"sapm.SearchField{\"placeholder\":\"Search\"}"}]}
RESULT: {"script":"<script> [1562 bytes]","args":[{"selector":{"controlType":"sap.m.SearchField","properties":{"placeholder":"Search"},"searchOpenDialogs":true,"interaction":{"idSuffix":"I"}},"wdio_ui5_key":"sapm.SearchField{\"placeholder\":\"Search\"}"}]}
RESULT: undefined
COMMAND: POST /session/178b85f57970bb84ea8ca4b38e9643ac/execute/async - {"script":"<script> [776 bytes]","args":[{"enterText":"bauh_b","selector":{"controlType":"sap.m.SearchField","properties":{"placeholder":"Search"},"searchOpenDialogs":true,"interaction":{"idSuffix":"I"}},"clearTextFirst":true,"interactionType":"ENTER_TEXT"}]}
RESULT: {"script":"<script> [776 bytes]","args":[{"enterText":"bauh_b","selector":{"controlType":"sap.m.SearchField","properties":{"placeholder":"Search"},"searchOpenDialogs":true,"interaction":{"idSuffix":"I"}},"clearTextFirst":true,"interactionType":"ENTER_TEXT"}]}
COMMAND: POST /session/178b85f57970bb84ea8ca4b38e9643ac/actions - {"actions":[{"id":"action10","type":"key","parameters":{},"actions":[{"type":"keyDown","value":"î€‡"},{"type":"pause","duration":10},{"type":"keyUp","value":"î€‡"}]}]}
RESULT: {"actions":[{"id":"action10","type":"key","parameters":{},"actions":[{"type":"keyDown","value":"î€‡"},{"type":"pause","duration":10},{"type":"keyUp","value":"î€‡"}]}]}
COMMAND: GET /session/178b85f57970bb84ea8ca4b38e9643ac/screenshot - {}
RESULT: {}
COMMAND: POST /session/178b85f57970bb84ea8ca4b38e9643ac/element - {"using":"xpath","value":"//span[contains(text(), \"Demo Yard\")]"}
RESULT: {"using":"xpath","value":"//span[contains(text(), \"Demo Yard\")]"}
COMMAND: POST /session/178b85f57970bb84ea8ca4b38e9643ac/element/f.4EFED878021992910014147A21BCF18D.d.10AB409EF1095D69A1B7EF0F3C68920D.e.3387/click - {}
RESULT: {}
COMMAND: GET /session/178b85f57970bb84ea8ca4b38e9643ac/screenshot - {}
RESULT: {}
COMMAND: POST /session/178b85f57970bb84ea8ca4b38e9643ac/element - {"using":"xpath","value":"//bdi[contains(text(), \"OK\")]"}
RESULT: {"using":"xpath","value":"//bdi[contains(text(), \"OK\")]"}
COMMAND: POST /session/178b85f57970bb84ea8ca4b38e9643ac/element/f.4EFED878021992910014147A21BCF18D.d.10AB409EF1095D69A1B7EF0F3C68920D.e.3388/click - {}
RESULT: {}
COMMAND: GET /session/178b85f57970bb84ea8ca4b38e9643ac/screenshot - {}
RESULT: {}
COMMAND: POST /session/178b85f57970bb84ea8ca4b38e9643ac/execute/async - {"script":"<script> [1562 bytes]","args":[{"selector":{"id":"application-manageyards-display-component---NewYard--addressEditDetailsCurrency-arrow"},"wdio_ui5_key":"applicationmanageyards-display-component---NewYard--addressEditDetailsCurrency-arrow"}]}
RESULT: {"script":"<script> [1562 bytes]","args":[{"selector":{"id":"application-manageyards-display-component---NewYard--addressEditDetailsCurrency-arrow"},"wdio_ui5_key":"applicationmanageyards-display-component---NewYard--addressEditDetailsCurrency-arrow"}]}
RESULT: undefined
COMMAND: POST /session/178b85f57970bb84ea8ca4b38e9643ac/element - {"using":"xpath","value":"//*[@id=\"application-manageyards-display-component---NewYard--addressEditDetailsCurrency-arrow\"]"}
RESULT: {"using":"xpath","value":"//*[@id=\"application-manageyards-display-component---NewYard--addressEditDetailsCurrency-arrow\"]"}
COMMAND: POST /session/178b85f57970bb84ea8ca4b38e9643ac/element/f.4EFED878021992910014147A21BCF18D.d.10AB409EF1095D69A1B7EF0F3C68920D.e.3391/click - {}
RESULT: {}
COMMAND: POST /session/178b85f57970bb84ea8ca4b38e9643ac/element - {"using":"xpath","value":"//span[contains(text(), \"Euro\")]"}
COMMAND: GET /session/178b85f57970bb84ea8ca4b38e9643ac/screenshot - {}
RESULT: {"using":"xpath","value":"//span[contains(text(), \"Euro\")]"}
COMMAND: POST /session/178b85f57970bb84ea8ca4b38e9643ac/element/f.4EFED878021992910014147A21BCF18D.d.10AB409EF1095D69A1B7EF0F3C68920D.e.3392/click - {}
RESULT: {}
RESULT: {}
COMMAND: POST /session/178b85f57970bb84ea8ca4b38e9643ac/execute/async - {"script":"<script> [1562 bytes]","args":[{"selector":{"controlType":"sap.m.Input","viewName":"etm.portal.ui.manageyards.view.New","viewId":"application-manageyards-display-component---NewYard","bindingPath":{"path":"","propertyPath":"/CONTROLLING_AREA","modelName":"NewYardModel"},"interaction":{"idSuffix":"inner"}},"wdio_ui5_key":"etmportal.ui.manageyards.view.Newsap.m.Input{\"path\":\"\",\"propertyPath\":\"/CONTROLLING_AREA\",\"modelName\":\"NewYardModel\"}"}]}
COMMAND: GET /session/178b85f57970bb84ea8ca4b38e9643ac/screenshot - {}
RESULT: {"script":"<script> [1562 bytes]","args":[{"selector":{"controlType":"sap.m.Input","viewName":"etm.portal.ui.manageyards.view.New","viewId":"application-manageyards-display-component---NewYard","bindingPath":{"path":"","propertyPath":"/CONTROLLING_AREA","modelName":"NewYardModel"},"interaction":{"idSuffix":"inner"}},"wdio_ui5_key":"etmportal.ui.manageyards.view.Newsap.m.Input{\"path\":\"\",\"propertyPath\":\"/CONTROLLING_AREA\",\"modelName\":\"NewYardModel\"}"}]}
RESULT: undefined
COMMAND: POST /session/178b85f57970bb84ea8ca4b38e9643ac/execute/async - {"script":"<script> [776 bytes]","args":[{"enterText":"Z001","selector":{"controlType":"sap.m.Input","viewName":"etm.portal.ui.manageyards.view.New","viewId":"application-manageyards-display-component---NewYard","bindingPath":{"path":"","propertyPath":"/CONTROLLING_AREA","modelName":"NewYardModel"},"interaction":{"idSuffix":"inner"}},"clearTextFirst":true,"interactionType":"ENTER_TEXT"}]}
RESULT: {}
RESULT: {"script":"<script> [776 bytes]","args":[{"enterText":"Z001","selector":{"controlType":"sap.m.Input","viewName":"etm.portal.ui.manageyards.view.New","viewId":"application-manageyards-display-component---NewYard","bindingPath":{"path":"","propertyPath":"/CONTROLLING_AREA","modelName":"NewYardModel"},"interaction":{"idSuffix":"inner"}},"clearTextFirst":true,"interactionType":"ENTER_TEXT"}]}
COMMAND: POST /session/178b85f57970bb84ea8ca4b38e9643ac/execute/async - {"script":"<script> [1562 bytes]","args":[{"selector":{"id":"application-manageyards-display-component---NewYard--companyCodeComboBox","interaction":{"idSuffix":"inner"}},"wdio_ui5_key":"applicationmanageyards-display-component---NewYard--companyCodeComboBox"}]}
RESULT: {"script":"<script> [1562 bytes]","args":[{"selector":{"id":"application-manageyards-display-component---NewYard--companyCodeComboBox","interaction":{"idSuffix":"inner"}},"wdio_ui5_key":"applicationmanageyards-display-component---NewYard--companyCodeComboBox"}]}
RESULT: undefined
COMMAND: POST /session/178b85f57970bb84ea8ca4b38e9643ac/execute/async - {"script":"<script> [776 bytes]","args":[{"enterText":"1000","selector":{"id":"application-manageyards-display-component---NewYard--companyCodeComboBox","interaction":{"idSuffix":"inner"}},"clearTextFirst":true,"interactionType":"ENTER_TEXT"}]}
RESULT: {"script":"<script> [776 bytes]","args":[{"enterText":"1000","selector":{"id":"application-manageyards-display-component---NewYard--companyCodeComboBox","interaction":{"idSuffix":"inner"}},"clearTextFirst":true,"interactionType":"ENTER_TEXT"}]}
COMMAND: POST /session/178b85f57970bb84ea8ca4b38e9643ac/execute/async - {"script":"<script> [1562 bytes]","args":[{"selector":{"controlType":"sap.m.Input","viewName":"etm.portal.ui.manageyards.view.New","viewId":"application-manageyards-display-component---NewYard","bindingPath":{"path":"","propertyPath":"/PLANT","modelName":"NewYardModel"},"interaction":{"idSuffix":"inner"}},"wdio_ui5_key":"etmportal.ui.manageyards.view.Newsap.m.Input{\"path\":\"\",\"propertyPath\":\"/PLANT\",\"modelName\":\"NewYardModel\"}"}]}
RESULT: {"script":"<script> [1562 bytes]","args":[{"selector":{"controlType":"sap.m.Input","viewName":"etm.portal.ui.manageyards.view.New","viewId":"application-manageyards-display-component---NewYard","bindingPath":{"path":"","propertyPath":"/PLANT","modelName":"NewYardModel"},"interaction":{"idSuffix":"inner"}},"wdio_ui5_key":"etmportal.ui.manageyards.view.Newsap.m.Input{\"path\":\"\",\"propertyPath\":\"/PLANT\",\"modelName\":\"NewYardModel\"}"}]}
RESULT: undefined
COMMAND: POST /session/178b85f57970bb84ea8ca4b38e9643ac/execute/async - {"script":"<script> [776 bytes]","args":[{"enterText":"1001","selector":{"controlType":"sap.m.Input","viewName":"etm.portal.ui.manageyards.view.New","viewId":"application-manageyards-display-component---NewYard","bindingPath":{"path":"","propertyPath":"/PLANT","modelName":"NewYardModel"},"interaction":{"idSuffix":"inner"}},"clearTextFirst":true,"interactionType":"ENTER_TEXT"}]}
RESULT: {"script":"<script> [776 bytes]","args":[{"enterText":"1001","selector":{"controlType":"sap.m.Input","viewName":"etm.portal.ui.manageyards.view.New","viewId":"application-manageyards-display-component---NewYard","bindingPath":{"path":"","propertyPath":"/PLANT","modelName":"NewYardModel"},"interaction":{"idSuffix":"inner"}},"clearTextFirst":true,"interactionType":"ENTER_TEXT"}]}
COMMAND: POST /session/178b85f57970bb84ea8ca4b38e9643ac/execute/async - {"script":"<script> [1562 bytes]","args":[{"selector":{"controlType":"sap.m.Input","viewName":"etm.portal.ui.manageyards.view.New","viewId":"application-manageyards-display-component---NewYard","bindingPath":{"path":"","propertyPath":"/SALES_AREA_VKORG","modelName":"NewYardModel"},"interaction":{"idSuffix":"inner"}},"wdio_ui5_key":"etmportal.ui.manageyards.view.Newsap.m.Input{\"path\":\"\",\"propertyPath\":\"/SALES_AREA_VKORG\",\"modelName\":\"NewYardModel\"}"}]}
RESULT: {"script":"<script> [1562 bytes]","args":[{"selector":{"controlType":"sap.m.Input","viewName":"etm.portal.ui.manageyards.view.New","viewId":"application-manageyards-display-component---NewYard","bindingPath":{"path":"","propertyPath":"/SALES_AREA_VKORG","modelName":"NewYardModel"},"interaction":{"idSuffix":"inner"}},"wdio_ui5_key":"etmportal.ui.manageyards.view.Newsap.m.Input{\"path\":\"\",\"propertyPath\":\"/SALES_AREA_VKORG\",\"modelName\":\"NewYardModel\"}"}]}
RESULT: undefined
COMMAND: POST /session/178b85f57970bb84ea8ca4b38e9643ac/execute/async - {"script":"<script> [776 bytes]","args":[{"enterText":"C002","selector":{"controlType":"sap.m.Input","viewName":"etm.portal.ui.manageyards.view.New","viewId":"application-manageyards-display-component---NewYard","bindingPath":{"path":"","propertyPath":"/SALES_AREA_VKORG","modelName":"NewYardModel"},"interaction":{"idSuffix":"inner"}},"clearTextFirst":true,"interactionType":"ENTER_TEXT"}]}
RESULT: {"script":"<script> [776 bytes]","args":[{"enterText":"C002","selector":{"controlType":"sap.m.Input","viewName":"etm.portal.ui.manageyards.view.New","viewId":"application-manageyards-display-component---NewYard","bindingPath":{"path":"","propertyPath":"/SALES_AREA_VKORG","modelName":"NewYardModel"},"interaction":{"idSuffix":"inner"}},"clearTextFirst":true,"interactionType":"ENTER_TEXT"}]}
COMMAND: POST /session/178b85f57970bb84ea8ca4b38e9643ac/execute/async - {"script":"<script> [1562 bytes]","args":[{"selector":{"controlType":"sap.m.Input","viewName":"etm.portal.ui.manageyards.view.New","viewId":"application-manageyards-display-component---NewYard","bindingPath":{"path":"","propertyPath":"/SALES_AREA_VTWEG","modelName":"NewYardModel"},"interaction":{"idSuffix":"inner"}},"wdio_ui5_key":"etmportal.ui.manageyards.view.Newsap.m.Input{\"path\":\"\",\"propertyPath\":\"/SALES_AREA_VTWEG\",\"modelName\":\"NewYardModel\"}"}]}
RESULT: {"script":"<script> [1562 bytes]","args":[{"selector":{"controlType":"sap.m.Input","viewName":"etm.portal.ui.manageyards.view.New","viewId":"application-manageyards-display-component---NewYard","bindingPath":{"path":"","propertyPath":"/SALES_AREA_VTWEG","modelName":"NewYardModel"},"interaction":{"idSuffix":"inner"}},"wdio_ui5_key":"etmportal.ui.manageyards.view.Newsap.m.Input{\"path\":\"\",\"propertyPath\":\"/SALES_AREA_VTWEG\",\"modelName\":\"NewYardModel\"}"}]}
RESULT: undefined
COMMAND: POST /session/178b85f57970bb84ea8ca4b38e9643ac/execute/async - {"script":"<script> [776 bytes]","args":[{"enterText":"C2","selector":{"controlType":"sap.m.Input","viewName":"etm.portal.ui.manageyards.view.New","viewId":"application-manageyards-display-component---NewYard","bindingPath":{"path":"","propertyPath":"/SALES_AREA_VTWEG","modelName":"NewYardModel"},"interaction":{"idSuffix":"inner"}},"clearTextFirst":true,"interactionType":"ENTER_TEXT"}]}
RESULT: {"script":"<script> [776 bytes]","args":[{"enterText":"C2","selector":{"controlType":"sap.m.Input","viewName":"etm.portal.ui.manageyards.view.New","viewId":"application-manageyards-display-component---NewYard","bindingPath":{"path":"","propertyPath":"/SALES_AREA_VTWEG","modelName":"NewYardModel"},"interaction":{"idSuffix":"inner"}},"clearTextFirst":true,"interactionType":"ENTER_TEXT"}]}
COMMAND: POST /session/178b85f57970bb84ea8ca4b38e9643ac/execute/async - {"script":"<script> [1562 bytes]","args":[{"selector":{"controlType":"sap.m.Input","viewName":"etm.portal.ui.manageyards.view.New","viewId":"application-manageyards-display-component---NewYard","bindingPath":{"path":"","propertyPath":"/SALES_AREA_SPART","modelName":"NewYardModel"},"interaction":{"idSuffix":"inner"}},"wdio_ui5_key":"etmportal.ui.manageyards.view.Newsap.m.Input{\"path\":\"\",\"propertyPath\":\"/SALES_AREA_SPART\",\"modelName\":\"NewYardModel\"}"}]}
RESULT: {"script":"<script> [1562 bytes]","args":[{"selector":{"controlType":"sap.m.Input","viewName":"etm.portal.ui.manageyards.view.New","viewId":"application-manageyards-display-component---NewYard","bindingPath":{"path":"","propertyPath":"/SALES_AREA_SPART","modelName":"NewYardModel"},"interaction":{"idSuffix":"inner"}},"wdio_ui5_key":"etmportal.ui.manageyards.view.Newsap.m.Input{\"path\":\"\",\"propertyPath\":\"/SALES_AREA_SPART\",\"modelName\":\"NewYardModel\"}"}]}
RESULT: undefined
COMMAND: POST /session/178b85f57970bb84ea8ca4b38e9643ac/execute/async - {"script":"<script> [776 bytes]","args":[{"enterText":"C2","selector":{"controlType":"sap.m.Input","viewName":"etm.portal.ui.manageyards.view.New","viewId":"application-manageyards-display-component---NewYard","bindingPath":{"path":"","propertyPath":"/SALES_AREA_SPART","modelName":"NewYardModel"},"interaction":{"idSuffix":"inner"}},"clearTextFirst":true,"interactionType":"ENTER_TEXT"}]}
RESULT: {"script":"<script> [776 bytes]","args":[{"enterText":"C2","selector":{"controlType":"sap.m.Input","viewName":"etm.portal.ui.manageyards.view.New","viewId":"application-manageyards-display-component---NewYard","bindingPath":{"path":"","propertyPath":"/SALES_AREA_SPART","modelName":"NewYardModel"},"interaction":{"idSuffix":"inner"}},"clearTextFirst":true,"interactionType":"ENTER_TEXT"}]}
COMMAND: POST /session/178b85f57970bb84ea8ca4b38e9643ac/execute/async - {"script":"<script> [1562 bytes]","args":[{"selector":{"controlType":"sap.m.Input","viewName":"etm.portal.ui.manageyards.view.New","viewId":"application-manageyards-display-component---NewYard","bindingPath":{"path":"","propertyPath":"/SHIP_POINT","modelName":"NewYardModel"},"interaction":{"idSuffix":"inner"}},"wdio_ui5_key":"etmportal.ui.manageyards.view.Newsap.m.Input{\"path\":\"\",\"propertyPath\":\"/SHIP_POINT\",\"modelName\":\"NewYardModel\"}"}]}
RESULT: {"script":"<script> [1562 bytes]","args":[{"selector":{"controlType":"sap.m.Input","viewName":"etm.portal.ui.manageyards.view.New","viewId":"application-manageyards-display-component---NewYard","bindingPath":{"path":"","propertyPath":"/SHIP_POINT","modelName":"NewYardModel"},"interaction":{"idSuffix":"inner"}},"wdio_ui5_key":"etmportal.ui.manageyards.view.Newsap.m.Input{\"path\":\"\",\"propertyPath\":\"/SHIP_POINT\",\"modelName\":\"NewYardModel\"}"}]}
RESULT: undefined
COMMAND: POST /session/178b85f57970bb84ea8ca4b38e9643ac/execute/async - {"script":"<script> [776 bytes]","args":[{"enterText":"1710","selector":{"controlType":"sap.m.Input","viewName":"etm.portal.ui.manageyards.view.New","viewId":"application-manageyards-display-component---NewYard","bindingPath":{"path":"","propertyPath":"/SHIP_POINT","modelName":"NewYardModel"},"interaction":{"idSuffix":"inner"}},"clearTextFirst":true,"interactionType":"ENTER_TEXT"}]}
RESULT: {"script":"<script> [776 bytes]","args":[{"enterText":"1710","selector":{"controlType":"sap.m.Input","viewName":"etm.portal.ui.manageyards.view.New","viewId":"application-manageyards-display-component---NewYard","bindingPath":{"path":"","propertyPath":"/SHIP_POINT","modelName":"NewYardModel"},"interaction":{"idSuffix":"inner"}},"clearTextFirst":true,"interactionType":"ENTER_TEXT"}]}
COMMAND: POST /session/178b85f57970bb84ea8ca4b38e9643ac/execute/async - {"script":"<script> [1562 bytes]","args":[{"selector":{"controlType":"sap.m.Input","viewName":"etm.portal.ui.manageyards.view.New","viewId":"application-manageyards-display-component---NewYard","bindingPath":{"path":"","propertyPath":"/DELIVERY_TYPE","modelName":"NewYardModel"},"interaction":{"idSuffix":"inner"}},"wdio_ui5_key":"etmportal.ui.manageyards.view.Newsap.m.Input{\"path\":\"\",\"propertyPath\":\"/DELIVERY_TYPE\",\"modelName\":\"NewYardModel\"}"}]}
RESULT: {"script":"<script> [1562 bytes]","args":[{"selector":{"controlType":"sap.m.Input","viewName":"etm.portal.ui.manageyards.view.New","viewId":"application-manageyards-display-component---NewYard","bindingPath":{"path":"","propertyPath":"/DELIVERY_TYPE","modelName":"NewYardModel"},"interaction":{"idSuffix":"inner"}},"wdio_ui5_key":"etmportal.ui.manageyards.view.Newsap.m.Input{\"path\":\"\",\"propertyPath\":\"/DELIVERY_TYPE\",\"modelName\":\"NewYardModel\"}"}]}
RESULT: undefined
COMMAND: POST /session/178b85f57970bb84ea8ca4b38e9643ac/execute/async - {"script":"<script> [776 bytes]","args":[{"enterText":"ZL01","selector":{"controlType":"sap.m.Input","viewName":"etm.portal.ui.manageyards.view.New","viewId":"application-manageyards-display-component---NewYard","bindingPath":{"path":"","propertyPath":"/DELIVERY_TYPE","modelName":"NewYardModel"},"interaction":{"idSuffix":"inner"}},"clearTextFirst":true,"interactionType":"ENTER_TEXT"}]}
RESULT: {"script":"<script> [776 bytes]","args":[{"enterText":"ZL01","selector":{"controlType":"sap.m.Input","viewName":"etm.portal.ui.manageyards.view.New","viewId":"application-manageyards-display-component---NewYard","bindingPath":{"path":"","propertyPath":"/DELIVERY_TYPE","modelName":"NewYardModel"},"interaction":{"idSuffix":"inner"}},"clearTextFirst":true,"interactionType":"ENTER_TEXT"}]}
COMMAND: POST /session/178b85f57970bb84ea8ca4b38e9643ac/execute/async - {"script":"<script> [1562 bytes]","args":[{"selector":{"controlType":"sap.m.Input","viewName":"etm.portal.ui.manageyards.view.New","viewId":"application-manageyards-display-component---NewYard","bindingPath":{"path":"","propertyPath":"/AUART","modelName":"NewYardModel"},"interaction":{"idSuffix":"inner"}},"wdio_ui5_key":"etmportal.ui.manageyards.view.Newsap.m.Input{\"path\":\"\",\"propertyPath\":\"/AUART\",\"modelName\":\"NewYardModel\"}"}]}
RESULT: {"script":"<script> [1562 bytes]","args":[{"selector":{"controlType":"sap.m.Input","viewName":"etm.portal.ui.manageyards.view.New","viewId":"application-manageyards-display-component---NewYard","bindingPath":{"path":"","propertyPath":"/AUART","modelName":"NewYardModel"},"interaction":{"idSuffix":"inner"}},"wdio_ui5_key":"etmportal.ui.manageyards.view.Newsap.m.Input{\"path\":\"\",\"propertyPath\":\"/AUART\",\"modelName\":\"NewYardModel\"}"}]}
RESULT: undefined
COMMAND: POST /session/178b85f57970bb84ea8ca4b38e9643ac/execute/async - {"script":"<script> [776 bytes]","args":[{"enterText":"TA","selector":{"controlType":"sap.m.Input","viewName":"etm.portal.ui.manageyards.view.New","viewId":"application-manageyards-display-component---NewYard","bindingPath":{"path":"","propertyPath":"/AUART","modelName":"NewYardModel"},"interaction":{"idSuffix":"inner"}},"clearTextFirst":true,"interactionType":"ENTER_TEXT"}]}
RESULT: {"script":"<script> [776 bytes]","args":[{"enterText":"TA","selector":{"controlType":"sap.m.Input","viewName":"etm.portal.ui.manageyards.view.New","viewId":"application-manageyards-display-component---NewYard","bindingPath":{"path":"","propertyPath":"/AUART","modelName":"NewYardModel"},"interaction":{"idSuffix":"inner"}},"clearTextFirst":true,"interactionType":"ENTER_TEXT"}]}
COMMAND: POST /session/178b85f57970bb84ea8ca4b38e9643ac/execute/async - {"script":"<script> [1562 bytes]","args":[{"selector":{"id":"application-manageyards-display-component---NewYard--whmCheckBox","interaction":{"idSuffix":"CbBg"}},"wdio_ui5_key":"applicationmanageyards-display-component---NewYard--whmCheckBox"}]}
RESULT: {"script":"<script> [1562 bytes]","args":[{"selector":{"id":"application-manageyards-display-component---NewYard--whmCheckBox","interaction":{"idSuffix":"CbBg"}},"wdio_ui5_key":"applicationmanageyards-display-component---NewYard--whmCheckBox"}]}
RESULT: undefined
COMMAND: POST /session/178b85f57970bb84ea8ca4b38e9643ac/element - {"using":"xpath","value":"//*[@id=\"application-manageyards-display-component---NewYard--whmCheckBox\"]"}
RESULT: {"using":"xpath","value":"//*[@id=\"application-manageyards-display-component---NewYard--whmCheckBox\"]"}
COMMAND: POST /session/178b85f57970bb84ea8ca4b38e9643ac/element/f.4EFED878021992910014147A21BCF18D.d.10AB409EF1095D69A1B7EF0F3C68920D.e.3412/click - {}
RESULT: {}
COMMAND: GET /session/178b85f57970bb84ea8ca4b38e9643ac/screenshot - {}
RESULT: {}
COMMAND: POST /session/178b85f57970bb84ea8ca4b38e9643ac/element - {"using":"xpath","value":"//button[@data-kt=\"newYardSaveButton\"]"}
RESULT: {"using":"xpath","value":"//button[@data-kt=\"newYardSaveButton\"]"}
COMMAND: POST /session/178b85f57970bb84ea8ca4b38e9643ac/element/f.4EFED878021992910014147A21BCF18D.d.10AB409EF1095D69A1B7EF0F3C68920D.e.3103/click - {}
RESULT: {}
COMMAND: GET /session/178b85f57970bb84ea8ca4b38e9643ac/screenshot - {}
RESULT: {}
COMMAND: POST /session/178b85f57970bb84ea8ca4b38e9643ac/element - {"using":"xpath","value":"//header[contains(@id, 'ObjectPageLayout-headerTitle')]/div[1]/div[2]/div[1]/span[1]"}
RESULT: {"using":"xpath","value":"//header[contains(@id, 'ObjectPageLayout-headerTitle')]/div[1]/div[2]/div[1]/span[1]"}
COMMAND: POST /session/178b85f57970bb84ea8ca4b38e9643ac/elements - {"using":"xpath","value":"//header[contains(@id, 'ObjectPageLayout-headerTitle')]/div[1]/div[2]/div[1]/span[1]"}
RESULT: {"using":"xpath","value":"//header[contains(@id, 'ObjectPageLayout-headerTitle')]/div[1]/div[2]/div[1]/span[1]"}
COMMAND: POST /session/178b85f57970bb84ea8ca4b38e9643ac/execute/sync - {"script":"<script> [56 bytes]","args":[{"element-6066-11e4-a52e-4f735466cecf":"f.4EFED878021992910014147A21BCF18D.d.10AB409EF1095D69A1B7EF0F3C68920D.e.3620","ELEMENT":"f.4EFED878021992910014147A21BCF18D.d.10AB409EF1095D69A1B7EF0F3C68920D.e.3620"}]}
RESULT: {"script":"<script> [56 bytes]","args":[{"element-6066-11e4-a52e-4f735466cecf":"f.4EFED878021992910014147A21BCF18D.d.10AB409EF1095D69A1B7EF0F3C68920D.e.3620","ELEMENT":"f.4EFED878021992910014147A21BCF18D.d.10AB409EF1095D69A1B7EF0F3C68920D.e.3620"}]}
COMMAND: GET /session/178b85f57970bb84ea8ca4b38e9643ac/screenshot - {}
RESULT: {}
COMMAND: POST /session/178b85f57970bb84ea8ca4b38e9643ac/element - {"using":"css selector","value":"#shell-header-logo"}
RESULT: {"using":"css selector","value":"#shell-header-logo"}
COMMAND: POST /session/178b85f57970bb84ea8ca4b38e9643ac/element/f.4EFED878021992910014147A21BCF18D.d.10AB409EF1095D69A1B7EF0F3C68920D.e.2996/click - {}
RESULT: {}
COMMAND: GET /session/178b85f57970bb84ea8ca4b38e9643ac/screenshot - {}
RESULT: {}
COMMAND: POST /session/178b85f57970bb84ea8ca4b38e9643ac/execute/sync - {"script":"<script> [299 bytes]","args":[["getModel","getResource"]]}
RESULT: {"script":"<script> [299 bytes]","args":[["getModel","getResource"]]}
COMMAND: GET /session/178b85f57970bb84ea8ca4b38e9643ac/screenshot - {}
]]></system-out>
    </testcase>
    <testcase classname="chrome.136_0_7103_93.windows.Create_masterdata_for_Yard_Overview_-_trigger_provide_US130988" name="Should create a new external partner" time="100.11">
      <system-out><![CDATA[
COMMAND: POST /session/178b85f57970bb84ea8ca4b38e9643ac/window/fullscreen - {}
RESULT: {}
RESULT: {}
COMMAND: POST /session/178b85f57970bb84ea8ca4b38e9643ac/execute/async - {"script":"<script> [1562 bytes]","args":[{"selector":{"controlType":"sap.m.GenericTile","properties":{"header":"Manage Partners"}},"wdio_ui5_key":"sapm.GenericTile{\"header\":\"Manage Partners\"}"}]}
RESULT: {"script":"<script> [1562 bytes]","args":[{"selector":{"controlType":"sap.m.GenericTile","properties":{"header":"Manage Partners"}},"wdio_ui5_key":"sapm.GenericTile{\"header\":\"Manage Partners\"}"}]}
RESULT: undefined
COMMAND: POST /session/178b85f57970bb84ea8ca4b38e9643ac/element - {"using":"xpath","value":"//*[@id=\"__tile38\"]"}
RESULT: {"using":"xpath","value":"//*[@id=\"__tile38\"]"}
COMMAND: POST /session/178b85f57970bb84ea8ca4b38e9643ac/element/f.4EFED878021992910014147A21BCF18D.d.10AB409EF1095D69A1B7EF0F3C68920D.e.2885/click - {}
RESULT: {}
COMMAND: GET /session/178b85f57970bb84ea8ca4b38e9643ac/screenshot - {}
RESULT: {}
COMMAND: POST /session/178b85f57970bb84ea8ca4b38e9643ac/elements - {"using":"xpath","value":"//span[text()='Error']"}
RESULT: {"using":"xpath","value":"//span[text()='Error']"}
COMMAND: POST /session/178b85f57970bb84ea8ca4b38e9643ac/element - {"using":"xpath","value":"//button[@data-kt=\"addButton\"]"}
RESULT: {"using":"xpath","value":"//button[@data-kt=\"addButton\"]"}
COMMAND: POST /session/178b85f57970bb84ea8ca4b38e9643ac/elements - {"using":"xpath","value":"//button[@data-kt=\"addButton\"]"}
RESULT: {"using":"xpath","value":"//button[@data-kt=\"addButton\"]"}
COMMAND: POST /session/178b85f57970bb84ea8ca4b38e9643ac/execute/sync - {"script":"<script> [8489 bytes]","args":[{"element-6066-11e4-a52e-4f735466cecf":"f.4EFED878021992910014147A21BCF18D.d.10AB409EF1095D69A1B7EF0F3C68920D.e.3669","ELEMENT":"f.4EFED878021992910014147A21BCF18D.d.10AB409EF1095D69A1B7EF0F3C68920D.e.3669"}]}
RESULT: {"script":"<script> [8489 bytes]","args":[{"element-6066-11e4-a52e-4f735466cecf":"f.4EFED878021992910014147A21BCF18D.d.10AB409EF1095D69A1B7EF0F3C68920D.e.3669","ELEMENT":"f.4EFED878021992910014147A21BCF18D.d.10AB409EF1095D69A1B7EF0F3C68920D.e.3669"}]}
COMMAND: GET /session/178b85f57970bb84ea8ca4b38e9643ac/element/f.4EFED878021992910014147A21BCF18D.d.10AB409EF1095D69A1B7EF0F3C68920D.e.3669/enabled - {}
COMMAND: GET /session/178b85f57970bb84ea8ca4b38e9643ac/screenshot - {}
RESULT: {}
COMMAND: POST /session/178b85f57970bb84ea8ca4b38e9643ac/execute/sync - {"script":"<script> [8489 bytes]","args":[{"element-6066-11e4-a52e-4f735466cecf":"f.4EFED878021992910014147A21BCF18D.d.10AB409EF1095D69A1B7EF0F3C68920D.e.3669","ELEMENT":"f.4EFED878021992910014147A21BCF18D.d.10AB409EF1095D69A1B7EF0F3C68920D.e.3669"}]}
COMMAND: GET /session/178b85f57970bb84ea8ca4b38e9643ac/screenshot - {}
RESULT: {}
RESULT: {"script":"<script> [8489 bytes]","args":[{"element-6066-11e4-a52e-4f735466cecf":"f.4EFED878021992910014147A21BCF18D.d.10AB409EF1095D69A1B7EF0F3C68920D.e.3669","ELEMENT":"f.4EFED878021992910014147A21BCF18D.d.10AB409EF1095D69A1B7EF0F3C68920D.e.3669"}]}
COMMAND: POST /session/178b85f57970bb84ea8ca4b38e9643ac/execute/sync - {"script":"<script> [5351 bytes]","args":[{"element-6066-11e4-a52e-4f735466cecf":"f.4EFED878021992910014147A21BCF18D.d.10AB409EF1095D69A1B7EF0F3C68920D.e.3669","ELEMENT":"f.4EFED878021992910014147A21BCF18D.d.10AB409EF1095D69A1B7EF0F3C68920D.e.3669"}]}
COMMAND: GET /session/178b85f57970bb84ea8ca4b38e9643ac/screenshot - {}
RESULT: {}
RESULT: {"script":"<script> [5351 bytes]","args":[{"element-6066-11e4-a52e-4f735466cecf":"f.4EFED878021992910014147A21BCF18D.d.10AB409EF1095D69A1B7EF0F3C68920D.e.3669","ELEMENT":"f.4EFED878021992910014147A21BCF18D.d.10AB409EF1095D69A1B7EF0F3C68920D.e.3669"}]}
COMMAND: POST /session/178b85f57970bb84ea8ca4b38e9643ac/element/f.4EFED878021992910014147A21BCF18D.d.10AB409EF1095D69A1B7EF0F3C68920D.e.3669/click - {}
COMMAND: GET /session/178b85f57970bb84ea8ca4b38e9643ac/screenshot - {}
RESULT: {}
RESULT: {}
COMMAND: GET /session/178b85f57970bb84ea8ca4b38e9643ac/screenshot - {}
COMMAND: POST /session/178b85f57970bb84ea8ca4b38e9643ac/execute/async - {"script":"<script> [1562 bytes]","args":[{"selector":{"id":"application-managepartners-display-component---NewPartner--addressDetailDetailsName1","interaction":{"idSuffix":"inner"}},"wdio_ui5_key":"applicationmanagepartners-display-component---NewPartner--addressDetailDetailsName1"}]}
RESULT: {}
RESULT: {}
RESULT: {"script":"<script> [1562 bytes]","args":[{"selector":{"id":"application-managepartners-display-component---NewPartner--addressDetailDetailsName1","interaction":{"idSuffix":"inner"}},"wdio_ui5_key":"applicationmanagepartners-display-component---NewPartner--addressDetailDetailsName1"}]}
RESULT: undefined
COMMAND: POST /session/178b85f57970bb84ea8ca4b38e9643ac/execute/async - {"script":"<script> [776 bytes]","args":[{"enterText":"External Partner WDIO","selector":{"id":"application-managepartners-display-component---NewPartner--addressDetailDetailsName1","interaction":{"idSuffix":"inner"}},"clearTextFirst":true,"interactionType":"ENTER_TEXT"}]}
RESULT: {"script":"<script> [776 bytes]","args":[{"enterText":"External Partner WDIO","selector":{"id":"application-managepartners-display-component---NewPartner--addressDetailDetailsName1","interaction":{"idSuffix":"inner"}},"clearTextFirst":true,"interactionType":"ENTER_TEXT"}]}
COMMAND: POST /session/178b85f57970bb84ea8ca4b38e9643ac/execute/async - {"script":"<script> [1562 bytes]","args":[{"selector":{"id":"application-managepartners-display-component---NewPartner--addressDetailDetailsLanguage-arrow"},"wdio_ui5_key":"applicationmanagepartners-display-component---NewPartner--addressDetailDetailsLanguage-arrow"}]}
RESULT: {"script":"<script> [1562 bytes]","args":[{"selector":{"id":"application-managepartners-display-component---NewPartner--addressDetailDetailsLanguage-arrow"},"wdio_ui5_key":"applicationmanagepartners-display-component---NewPartner--addressDetailDetailsLanguage-arrow"}]}
RESULT: undefined
COMMAND: POST /session/178b85f57970bb84ea8ca4b38e9643ac/element - {"using":"xpath","value":"//*[@id=\"application-managepartners-display-component---NewPartner--addressDetailDetailsLanguage-arrow\"]"}
RESULT: {"using":"xpath","value":"//*[@id=\"application-managepartners-display-component---NewPartner--addressDetailDetailsLanguage-arrow\"]"}
COMMAND: POST /session/178b85f57970bb84ea8ca4b38e9643ac/element/f.4EFED878021992910014147A21BCF18D.d.10AB409EF1095D69A1B7EF0F3C68920D.e.4111/click - {}
RESULT: {}
COMMAND: POST /session/178b85f57970bb84ea8ca4b38e9643ac/element - {"using":"xpath","value":"//span[contains(text(), \"English\")]"}
COMMAND: GET /session/178b85f57970bb84ea8ca4b38e9643ac/screenshot - {}
RESULT: {"using":"xpath","value":"//span[contains(text(), \"English\")]"}
COMMAND: POST /session/178b85f57970bb84ea8ca4b38e9643ac/element/f.4EFED878021992910014147A21BCF18D.d.10AB409EF1095D69A1B7EF0F3C68920D.e.4112/click - {}
RESULT: {}
RESULT: {}
COMMAND: GET /session/178b85f57970bb84ea8ca4b38e9643ac/screenshot - {}
RESULT: {}
COMMAND: POST /session/178b85f57970bb84ea8ca4b38e9643ac/execute/async - {"script":"<script> [1562 bytes]","args":[{"selector":{"id":"application-managepartners-display-component---NewPartner--addressDetailDetailsCity1","interaction":{"idSuffix":"inner"}},"wdio_ui5_key":"applicationmanagepartners-display-component---NewPartner--addressDetailDetailsCity1"}]}
RESULT: {"script":"<script> [1562 bytes]","args":[{"selector":{"id":"application-managepartners-display-component---NewPartner--addressDetailDetailsCity1","interaction":{"idSuffix":"inner"}},"wdio_ui5_key":"applicationmanagepartners-display-component---NewPartner--addressDetailDetailsCity1"}]}
RESULT: undefined
COMMAND: POST /session/178b85f57970bb84ea8ca4b38e9643ac/execute/async - {"script":"<script> [776 bytes]","args":[{"enterText":"Rosario","selector":{"id":"application-managepartners-display-component---NewPartner--addressDetailDetailsCity1","interaction":{"idSuffix":"inner"}},"clearTextFirst":true,"interactionType":"ENTER_TEXT"}]}
RESULT: {"script":"<script> [776 bytes]","args":[{"enterText":"Rosario","selector":{"id":"application-managepartners-display-component---NewPartner--addressDetailDetailsCity1","interaction":{"idSuffix":"inner"}},"clearTextFirst":true,"interactionType":"ENTER_TEXT"}]}
COMMAND: POST /session/178b85f57970bb84ea8ca4b38e9643ac/execute/async - {"script":"<script> [1562 bytes]","args":[{"selector":{"id":"application-managepartners-display-component---NewPartner--addressDetailDetailsCountry-arrow"},"wdio_ui5_key":"applicationmanagepartners-display-component---NewPartner--addressDetailDetailsCountry-arrow"}]}
RESULT: {"script":"<script> [1562 bytes]","args":[{"selector":{"id":"application-managepartners-display-component---NewPartner--addressDetailDetailsCountry-arrow"},"wdio_ui5_key":"applicationmanagepartners-display-component---NewPartner--addressDetailDetailsCountry-arrow"}]}
RESULT: undefined
COMMAND: POST /session/178b85f57970bb84ea8ca4b38e9643ac/element - {"using":"xpath","value":"//*[@id=\"application-managepartners-display-component---NewPartner--addressDetailDetailsCountry-arrow\"]"}
RESULT: {"using":"xpath","value":"//*[@id=\"application-managepartners-display-component---NewPartner--addressDetailDetailsCountry-arrow\"]"}
COMMAND: POST /session/178b85f57970bb84ea8ca4b38e9643ac/element/f.4EFED878021992910014147A21BCF18D.d.10AB409EF1095D69A1B7EF0F3C68920D.e.4097/click - {}
RESULT: {}
COMMAND: POST /session/178b85f57970bb84ea8ca4b38e9643ac/element - {"using":"xpath","value":"//span[contains(text(), \"Argentina\")]"}
COMMAND: GET /session/178b85f57970bb84ea8ca4b38e9643ac/screenshot - {}
RESULT: {"using":"xpath","value":"//span[contains(text(), \"Argentina\")]"}
COMMAND: POST /session/178b85f57970bb84ea8ca4b38e9643ac/element/f.4EFED878021992910014147A21BCF18D.d.10AB409EF1095D69A1B7EF0F3C68920D.e.4114/click - {}
RESULT: {}
RESULT: {}
COMMAND: GET /session/178b85f57970bb84ea8ca4b38e9643ac/screenshot - {}
RESULT: {}
COMMAND: POST /session/178b85f57970bb84ea8ca4b38e9643ac/element - {"using":"xpath","value":"//bdi[contains(text(), \"Commercial\")]"}
RESULT: {"using":"xpath","value":"//bdi[contains(text(), \"Commercial\")]"}
COMMAND: POST /session/178b85f57970bb84ea8ca4b38e9643ac/element/f.4EFED878021992910014147A21BCF18D.d.10AB409EF1095D69A1B7EF0F3C68920D.e.4115/click - {}
RESULT: {}
COMMAND: GET /session/178b85f57970bb84ea8ca4b38e9643ac/screenshot - {}
RESULT: {}
COMMAND: POST /session/178b85f57970bb84ea8ca4b38e9643ac/execute/async - {"script":"<script> [1562 bytes]","args":[{"selector":{"id":"application-managepartners-display-component---NewPartner--partnerDetailInternal-arrow"},"wdio_ui5_key":"applicationmanagepartners-display-component---NewPartner--partnerDetailInternal-arrow"}]}
RESULT: {"script":"<script> [1562 bytes]","args":[{"selector":{"id":"application-managepartners-display-component---NewPartner--partnerDetailInternal-arrow"},"wdio_ui5_key":"applicationmanagepartners-display-component---NewPartner--partnerDetailInternal-arrow"}]}
RESULT: undefined
COMMAND: POST /session/178b85f57970bb84ea8ca4b38e9643ac/element - {"using":"xpath","value":"//*[@id=\"application-managepartners-display-component---NewPartner--partnerDetailInternal-arrow\"]"}
RESULT: {"using":"xpath","value":"//*[@id=\"application-managepartners-display-component---NewPartner--partnerDetailInternal-arrow\"]"}
COMMAND: POST /session/178b85f57970bb84ea8ca4b38e9643ac/element/f.4EFED878021992910014147A21BCF18D.d.10AB409EF1095D69A1B7EF0F3C68920D.e.4121/click - {}
RESULT: {}
COMMAND: POST /session/178b85f57970bb84ea8ca4b38e9643ac/element - {"using":"xpath","value":"//span[contains(text(), \"External partner\")]"}
COMMAND: GET /session/178b85f57970bb84ea8ca4b38e9643ac/screenshot - {}
RESULT: {"using":"xpath","value":"//span[contains(text(), \"External partner\")]"}
COMMAND: POST /session/178b85f57970bb84ea8ca4b38e9643ac/element/f.4EFED878021992910014147A21BCF18D.d.10AB409EF1095D69A1B7EF0F3C68920D.e.4124/click - {}
RESULT: {}
RESULT: {}
COMMAND: POST /session/178b85f57970bb84ea8ca4b38e9643ac/execute/async - {"script":"<script> [1562 bytes]","args":[{"selector":{"id":"application-managepartners-display-component---NewPartner--partnerDetailsCurrency-arrow"},"wdio_ui5_key":"applicationmanagepartners-display-component---NewPartner--partnerDetailsCurrency-arrow"}]}
COMMAND: GET /session/178b85f57970bb84ea8ca4b38e9643ac/screenshot - {}
RESULT: {"script":"<script> [1562 bytes]","args":[{"selector":{"id":"application-managepartners-display-component---NewPartner--partnerDetailsCurrency-arrow"},"wdio_ui5_key":"applicationmanagepartners-display-component---NewPartner--partnerDetailsCurrency-arrow"}]}
RESULT: undefined
COMMAND: POST /session/178b85f57970bb84ea8ca4b38e9643ac/element - {"using":"xpath","value":"//*[@id=\"application-managepartners-display-component---NewPartner--partnerDetailsCurrency-arrow\"]"}
RESULT: {}
RESULT: {"using":"xpath","value":"//*[@id=\"application-managepartners-display-component---NewPartner--partnerDetailsCurrency-arrow\"]"}
COMMAND: POST /session/178b85f57970bb84ea8ca4b38e9643ac/element/f.4EFED878021992910014147A21BCF18D.d.10AB409EF1095D69A1B7EF0F3C68920D.e.4129/click - {}
RESULT: {}
COMMAND: POST /session/178b85f57970bb84ea8ca4b38e9643ac/element - {"using":"xpath","value":"//span[contains(text(), \"US Dollar\")]"}
COMMAND: GET /session/178b85f57970bb84ea8ca4b38e9643ac/screenshot - {}
RESULT: {"using":"xpath","value":"//span[contains(text(), \"US Dollar\")]"}
COMMAND: POST /session/178b85f57970bb84ea8ca4b38e9643ac/element/f.4EFED878021992910014147A21BCF18D.d.10AB409EF1095D69A1B7EF0F3C68920D.e.4130/click - {}
RESULT: {}
RESULT: {}
COMMAND: GET /session/178b85f57970bb84ea8ca4b38e9643ac/screenshot - {}
RESULT: {}
COMMAND: POST /session/178b85f57970bb84ea8ca4b38e9643ac/element - {"using":"xpath","value":"//input[@id=\"application-managepartners-display-component---NewPartner--companyCodeComboBox-inner\"]"}
RESULT: {"using":"xpath","value":"//input[@id=\"application-managepartners-display-component---NewPartner--companyCodeComboBox-inner\"]"}
COMMAND: POST /session/178b85f57970bb84ea8ca4b38e9643ac/element/f.4EFED878021992910014147A21BCF18D.d.10AB409EF1095D69A1B7EF0F3C68920D.e.3971/clear - {}
RESULT: {}
COMMAND: POST /session/178b85f57970bb84ea8ca4b38e9643ac/element/f.4EFED878021992910014147A21BCF18D.d.10AB409EF1095D69A1B7EF0F3C68920D.e.3971/value - {"text":"C002"}
COMMAND: GET /session/178b85f57970bb84ea8ca4b38e9643ac/screenshot - {}
RESULT: {"text":"C002"}
COMMAND: GET /session/178b85f57970bb84ea8ca4b38e9643ac/screenshot - {}
RESULT: {}
RESULT: {}
COMMAND: POST /session/178b85f57970bb84ea8ca4b38e9643ac/element - {"using":"xpath","value":"//li[.//span[text()= \"C002\"]]"}
RESULT: {"using":"xpath","value":"//li[.//span[text()= \"C002\"]]"}
COMMAND: POST /session/178b85f57970bb84ea8ca4b38e9643ac/element/f.4EFED878021992910014147A21BCF18D.d.10AB409EF1095D69A1B7EF0F3C68920D.e.4134/click - {}
RESULT: {}
COMMAND: GET /session/178b85f57970bb84ea8ca4b38e9643ac/screenshot - {}
RESULT: {}
COMMAND: POST /session/178b85f57970bb84ea8ca4b38e9643ac/execute/async - {"script":"<script> [1562 bytes]","args":[{"selector":{"id":"application-managepartners-display-component---NewPartner--btnAddTableRow-img"},"wdio_ui5_key":"applicationmanagepartners-display-component---NewPartner--btnAddTableRow-img"}]}
RESULT: {"script":"<script> [1562 bytes]","args":[{"selector":{"id":"application-managepartners-display-component---NewPartner--btnAddTableRow-img"},"wdio_ui5_key":"applicationmanagepartners-display-component---NewPartner--btnAddTableRow-img"}]}
RESULT: undefined
COMMAND: POST /session/178b85f57970bb84ea8ca4b38e9643ac/element - {"using":"xpath","value":"//*[@id=\"application-managepartners-display-component---NewPartner--btnAddTableRow-img\"]"}
RESULT: {"using":"xpath","value":"//*[@id=\"application-managepartners-display-component---NewPartner--btnAddTableRow-img\"]"}
COMMAND: POST /session/178b85f57970bb84ea8ca4b38e9643ac/element/f.4EFED878021992910014147A21BCF18D.d.10AB409EF1095D69A1B7EF0F3C68920D.e.4135/click - {}
RESULT: {}
COMMAND: GET /session/178b85f57970bb84ea8ca4b38e9643ac/screenshot - {}
RESULT: {}
COMMAND: POST /session/178b85f57970bb84ea8ca4b38e9643ac/element - {"using":"xpath","value":"//input[@id=\"application-managepartners-display-component---NewPartner--assignmentYard-application-managepartners-display-component---NewPartner--assignmentsTable-0-inner\"]"}
RESULT: {"using":"xpath","value":"//input[@id=\"application-managepartners-display-component---NewPartner--assignmentYard-application-managepartners-display-component---NewPartner--assignmentsTable-0-inner\"]"}
COMMAND: POST /session/178b85f57970bb84ea8ca4b38e9643ac/element/f.4EFED878021992910014147A21BCF18D.d.10AB409EF1095D69A1B7EF0F3C68920D.e.4138/clear - {}
RESULT: {}
COMMAND: POST /session/178b85f57970bb84ea8ca4b38e9643ac/element/f.4EFED878021992910014147A21BCF18D.d.10AB409EF1095D69A1B7EF0F3C68920D.e.4138/value - {"text":"524"}
COMMAND: GET /session/178b85f57970bb84ea8ca4b38e9643ac/screenshot - {}
RESULT: {"text":"524"}
COMMAND: GET /session/178b85f57970bb84ea8ca4b38e9643ac/screenshot - {}
RESULT: {}
RESULT: {}
COMMAND: POST /session/178b85f57970bb84ea8ca4b38e9643ac/element - {"using":"xpath","value":"//li[.//span[text()='524']]"}
RESULT: {"using":"xpath","value":"//li[.//span[text()='524']]"}
COMMAND: POST /session/178b85f57970bb84ea8ca4b38e9643ac/element/f.4EFED878021992910014147A21BCF18D.d.10AB409EF1095D69A1B7EF0F3C68920D.e.4146/click - {}
RESULT: {}
COMMAND: GET /session/178b85f57970bb84ea8ca4b38e9643ac/screenshot - {}
RESULT: {}
COMMAND: POST /session/178b85f57970bb84ea8ca4b38e9643ac/actions - {"actions":[{"id":"action11","type":"key","parameters":{},"actions":[{"type":"keyDown","value":"î€‡"},{"type":"pause","duration":10},{"type":"keyUp","value":"î€‡"}]}]}
RESULT: {"actions":[{"id":"action11","type":"key","parameters":{},"actions":[{"type":"keyDown","value":"î€‡"},{"type":"pause","duration":10},{"type":"keyUp","value":"î€‡"}]}]}
COMMAND: POST /session/178b85f57970bb84ea8ca4b38e9643ac/element - {"using":"xpath","value":"//td[contains(@id, \"assignmentsTable-0-cell2\")]/div/div"}
COMMAND: GET /session/178b85f57970bb84ea8ca4b38e9643ac/screenshot - {}
RESULT: {"using":"xpath","value":"//td[contains(@id, \"assignmentsTable-0-cell2\")]/div/div"}
COMMAND: POST /session/178b85f57970bb84ea8ca4b38e9643ac/element/f.4EFED878021992910014147A21BCF18D.d.10AB409EF1095D69A1B7EF0F3C68920D.e.4149/click - {}
RESULT: {}
RESULT: {}
COMMAND: GET /session/178b85f57970bb84ea8ca4b38e9643ac/screenshot - {}
RESULT: {}
COMMAND: POST /session/178b85f57970bb84ea8ca4b38e9643ac/element - {"using":"xpath","value":"//button[@data-kt=\"saveButton\"]"}
RESULT: {"using":"xpath","value":"//button[@data-kt=\"saveButton\"]"}
COMMAND: POST /session/178b85f57970bb84ea8ca4b38e9643ac/element/f.4EFED878021992910014147A21BCF18D.d.10AB409EF1095D69A1B7EF0F3C68920D.e.4025/click - {}
RESULT: {}
COMMAND: GET /session/178b85f57970bb84ea8ca4b38e9643ac/screenshot - {}
RESULT: {}
COMMAND: POST /session/178b85f57970bb84ea8ca4b38e9643ac/element - {"using":"xpath","value":"//header[contains(@id, 'ObjectPageLayout-headerTitle')]/div[1]/div[2]/div[2]/span[1]"}
RESULT: {"using":"xpath","value":"//header[contains(@id, 'ObjectPageLayout-headerTitle')]/div[1]/div[2]/div[2]/span[1]"}
COMMAND: POST /session/178b85f57970bb84ea8ca4b38e9643ac/elements - {"using":"xpath","value":"//header[contains(@id, 'ObjectPageLayout-headerTitle')]/div[1]/div[2]/div[2]/span[1]"}
RESULT: {"using":"xpath","value":"//header[contains(@id, 'ObjectPageLayout-headerTitle')]/div[1]/div[2]/div[2]/span[1]"}
COMMAND: POST /session/178b85f57970bb84ea8ca4b38e9643ac/execute/sync - {"script":"<script> [56 bytes]","args":[{"element-6066-11e4-a52e-4f735466cecf":"f.4EFED878021992910014147A21BCF18D.d.10AB409EF1095D69A1B7EF0F3C68920D.e.4310","ELEMENT":"f.4EFED878021992910014147A21BCF18D.d.10AB409EF1095D69A1B7EF0F3C68920D.e.4310"}]}
RESULT: {"script":"<script> [56 bytes]","args":[{"element-6066-11e4-a52e-4f735466cecf":"f.4EFED878021992910014147A21BCF18D.d.10AB409EF1095D69A1B7EF0F3C68920D.e.4310","ELEMENT":"f.4EFED878021992910014147A21BCF18D.d.10AB409EF1095D69A1B7EF0F3C68920D.e.4310"}]}
COMMAND: POST /session/178b85f57970bb84ea8ca4b38e9643ac/element - {"using":"css selector","value":"#shell-header-logo"}
COMMAND: GET /session/178b85f57970bb84ea8ca4b38e9643ac/screenshot - {}
RESULT: {"using":"css selector","value":"#shell-header-logo"}
COMMAND: POST /session/178b85f57970bb84ea8ca4b38e9643ac/element/f.4EFED878021992910014147A21BCF18D.d.10AB409EF1095D69A1B7EF0F3C68920D.e.3624/click - {}
RESULT: {}
RESULT: {}
COMMAND: GET /session/178b85f57970bb84ea8ca4b38e9643ac/screenshot - {}
RESULT: {}
COMMAND: POST /session/178b85f57970bb84ea8ca4b38e9643ac/execute/sync - {"script":"<script> [299 bytes]","args":[["getModel","getResource"]]}
RESULT: {"script":"<script> [299 bytes]","args":[["getModel","getResource"]]}
]]></system-out>
    </testcase>
    <testcase classname="chrome.136_0_7103_93.windows.Create_masterdata_for_Yard_Overview_-_trigger_provide_US130988" name="Should create a new WHM site" time="160.3">
      <system-out><![CDATA[
COMMAND: GET /session/178b85f57970bb84ea8ca4b38e9643ac/screenshot - {}
COMMAND: POST /session/178b85f57970bb84ea8ca4b38e9643ac/execute/async - {"script":"<script> [1562 bytes]","args":[{"selector":{"controlType":"sap.m.GenericTile","properties":{"header":"Manage Sites"}},"wdio_ui5_key":"sapm.GenericTile{\"header\":\"Manage Sites\"}"}]}
RESULT: {}
RESULT: {"script":"<script> [1562 bytes]","args":[{"selector":{"controlType":"sap.m.GenericTile","properties":{"header":"Manage Sites"}},"wdio_ui5_key":"sapm.GenericTile{\"header\":\"Manage Sites\"}"}]}
RESULT: undefined
COMMAND: POST /session/178b85f57970bb84ea8ca4b38e9643ac/element - {"using":"xpath","value":"//*[@id=\"__tile40\"]"}
RESULT: {"using":"xpath","value":"//*[@id=\"__tile40\"]"}
COMMAND: POST /session/178b85f57970bb84ea8ca4b38e9643ac/element/f.4EFED878021992910014147A21BCF18D.d.10AB409EF1095D69A1B7EF0F3C68920D.e.2891/click - {}
RESULT: {}
COMMAND: GET /session/178b85f57970bb84ea8ca4b38e9643ac/screenshot - {}
RESULT: {}
COMMAND: POST /session/178b85f57970bb84ea8ca4b38e9643ac/elements - {"using":"xpath","value":"//span[text()='Error']"}
RESULT: {"using":"xpath","value":"//span[text()='Error']"}
COMMAND: POST /session/178b85f57970bb84ea8ca4b38e9643ac/element - {"using":"xpath","value":"//button[@data-kt=\"addOverflowToolbarButton\"]"}
RESULT: {"using":"xpath","value":"//button[@data-kt=\"addOverflowToolbarButton\"]"}
COMMAND: POST /session/178b85f57970bb84ea8ca4b38e9643ac/elements - {"using":"xpath","value":"//button[@data-kt=\"addOverflowToolbarButton\"]"}
RESULT: {"using":"xpath","value":"//button[@data-kt=\"addOverflowToolbarButton\"]"}
COMMAND: POST /session/178b85f57970bb84ea8ca4b38e9643ac/execute/sync - {"script":"<script> [8489 bytes]","args":[{"element-6066-11e4-a52e-4f735466cecf":"f.4EFED878021992910014147A21BCF18D.d.10AB409EF1095D69A1B7EF0F3C68920D.e.4358","ELEMENT":"f.4EFED878021992910014147A21BCF18D.d.10AB409EF1095D69A1B7EF0F3C68920D.e.4358"}]}
RESULT: {"script":"<script> [8489 bytes]","args":[{"element-6066-11e4-a52e-4f735466cecf":"f.4EFED878021992910014147A21BCF18D.d.10AB409EF1095D69A1B7EF0F3C68920D.e.4358","ELEMENT":"f.4EFED878021992910014147A21BCF18D.d.10AB409EF1095D69A1B7EF0F3C68920D.e.4358"}]}
COMMAND: GET /session/178b85f57970bb84ea8ca4b38e9643ac/element/f.4EFED878021992910014147A21BCF18D.d.10AB409EF1095D69A1B7EF0F3C68920D.e.4358/enabled - {}
COMMAND: GET /session/178b85f57970bb84ea8ca4b38e9643ac/screenshot - {}
RESULT: {}
RESULT: {}
COMMAND: POST /session/178b85f57970bb84ea8ca4b38e9643ac/execute/sync - {"script":"<script> [8489 bytes]","args":[{"element-6066-11e4-a52e-4f735466cecf":"f.4EFED878021992910014147A21BCF18D.d.10AB409EF1095D69A1B7EF0F3C68920D.e.4358","ELEMENT":"f.4EFED878021992910014147A21BCF18D.d.10AB409EF1095D69A1B7EF0F3C68920D.e.4358"}]}
COMMAND: GET /session/178b85f57970bb84ea8ca4b38e9643ac/screenshot - {}
RESULT: {"script":"<script> [8489 bytes]","args":[{"element-6066-11e4-a52e-4f735466cecf":"f.4EFED878021992910014147A21BCF18D.d.10AB409EF1095D69A1B7EF0F3C68920D.e.4358","ELEMENT":"f.4EFED878021992910014147A21BCF18D.d.10AB409EF1095D69A1B7EF0F3C68920D.e.4358"}]}
COMMAND: POST /session/178b85f57970bb84ea8ca4b38e9643ac/execute/sync - {"script":"<script> [5351 bytes]","args":[{"element-6066-11e4-a52e-4f735466cecf":"f.4EFED878021992910014147A21BCF18D.d.10AB409EF1095D69A1B7EF0F3C68920D.e.4358","ELEMENT":"f.4EFED878021992910014147A21BCF18D.d.10AB409EF1095D69A1B7EF0F3C68920D.e.4358"}]}
COMMAND: GET /session/178b85f57970bb84ea8ca4b38e9643ac/screenshot - {}
RESULT: {}
RESULT: {"script":"<script> [5351 bytes]","args":[{"element-6066-11e4-a52e-4f735466cecf":"f.4EFED878021992910014147A21BCF18D.d.10AB409EF1095D69A1B7EF0F3C68920D.e.4358","ELEMENT":"f.4EFED878021992910014147A21BCF18D.d.10AB409EF1095D69A1B7EF0F3C68920D.e.4358"}]}
COMMAND: POST /session/178b85f57970bb84ea8ca4b38e9643ac/element/f.4EFED878021992910014147A21BCF18D.d.10AB409EF1095D69A1B7EF0F3C68920D.e.4358/click - {}
COMMAND: GET /session/178b85f57970bb84ea8ca4b38e9643ac/screenshot - {}
RESULT: {}
RESULT: {}
COMMAND: GET /session/178b85f57970bb84ea8ca4b38e9643ac/screenshot - {}
COMMAND: POST /session/178b85f57970bb84ea8ca4b38e9643ac/element - {"using":"xpath","value":"//input[@id=\"application-managesites-display-component---NewSite--siteId-inner\"]"}
RESULT: {}
RESULT: {}
RESULT: {"using":"xpath","value":"//input[@id=\"application-managesites-display-component---NewSite--siteId-inner\"]"}
COMMAND: POST /session/178b85f57970bb84ea8ca4b38e9643ac/element - {"using":"xpath","value":"//input[@id=\"application-managesites-display-component---NewSite--siteId-inner\"]"}
RESULT: {"using":"xpath","value":"//input[@id=\"application-managesites-display-component---NewSite--siteId-inner\"]"}
COMMAND: POST /session/178b85f57970bb84ea8ca4b38e9643ac/execute/async - {"script":"<script> [1562 bytes]","args":[{"selector":{"id":"application-managesites-display-component---NewSite--addressDetailDetailsName1","interaction":{"idSuffix":"inner"}},"wdio_ui5_key":"applicationmanagesites-display-component---NewSite--addressDetailDetailsName1"}]}
RESULT: {"script":"<script> [1562 bytes]","args":[{"selector":{"id":"application-managesites-display-component---NewSite--addressDetailDetailsName1","interaction":{"idSuffix":"inner"}},"wdio_ui5_key":"applicationmanagesites-display-component---NewSite--addressDetailDetailsName1"}]}
RESULT: undefined
COMMAND: POST /session/178b85f57970bb84ea8ca4b38e9643ac/execute/async - {"script":"<script> [776 bytes]","args":[{"enterText":"Other Type Site WDIO","selector":{"id":"application-managesites-display-component---NewSite--addressDetailDetailsName1","interaction":{"idSuffix":"inner"}},"clearTextFirst":true,"interactionType":"ENTER_TEXT"}]}
RESULT: {"script":"<script> [776 bytes]","args":[{"enterText":"Other Type Site WDIO","selector":{"id":"application-managesites-display-component---NewSite--addressDetailDetailsName1","interaction":{"idSuffix":"inner"}},"clearTextFirst":true,"interactionType":"ENTER_TEXT"}]}
COMMAND: POST /session/178b85f57970bb84ea8ca4b38e9643ac/execute/async - {"script":"<script> [1562 bytes]","args":[{"selector":{"id":"application-managesites-display-component---NewSite--addressDetailDetailsLanguage-arrow"},"wdio_ui5_key":"applicationmanagesites-display-component---NewSite--addressDetailDetailsLanguage-arrow"}]}
RESULT: {"script":"<script> [1562 bytes]","args":[{"selector":{"id":"application-managesites-display-component---NewSite--addressDetailDetailsLanguage-arrow"},"wdio_ui5_key":"applicationmanagesites-display-component---NewSite--addressDetailDetailsLanguage-arrow"}]}
RESULT: undefined
COMMAND: POST /session/178b85f57970bb84ea8ca4b38e9643ac/element - {"using":"xpath","value":"//*[@id=\"application-managesites-display-component---NewSite--addressDetailDetailsLanguage-arrow\"]"}
RESULT: {"using":"xpath","value":"//*[@id=\"application-managesites-display-component---NewSite--addressDetailDetailsLanguage-arrow\"]"}
COMMAND: POST /session/178b85f57970bb84ea8ca4b38e9643ac/element/f.4EFED878021992910014147A21BCF18D.d.10AB409EF1095D69A1B7EF0F3C68920D.e.4767/click - {}
RESULT: {}
COMMAND: POST /session/178b85f57970bb84ea8ca4b38e9643ac/element - {"using":"xpath","value":"//span[contains(text(), \"English\")]"}
COMMAND: GET /session/178b85f57970bb84ea8ca4b38e9643ac/screenshot - {}
RESULT: {"using":"xpath","value":"//span[contains(text(), \"English\")]"}
COMMAND: POST /session/178b85f57970bb84ea8ca4b38e9643ac/element/f.4EFED878021992910014147A21BCF18D.d.10AB409EF1095D69A1B7EF0F3C68920D.e.4768/click - {}
RESULT: {}
RESULT: {}
COMMAND: POST /session/178b85f57970bb84ea8ca4b38e9643ac/execute/async - {"script":"<script> [1562 bytes]","args":[{"selector":{"id":"application-managesites-display-component---NewSite--addressDetailDetailsCity1","interaction":{"idSuffix":"inner"}},"wdio_ui5_key":"applicationmanagesites-display-component---NewSite--addressDetailDetailsCity1"}]}
COMMAND: GET /session/178b85f57970bb84ea8ca4b38e9643ac/screenshot - {}
RESULT: {"script":"<script> [1562 bytes]","args":[{"selector":{"id":"application-managesites-display-component---NewSite--addressDetailDetailsCity1","interaction":{"idSuffix":"inner"}},"wdio_ui5_key":"applicationmanagesites-display-component---NewSite--addressDetailDetailsCity1"}]}
RESULT: undefined
COMMAND: POST /session/178b85f57970bb84ea8ca4b38e9643ac/execute/async - {"script":"<script> [776 bytes]","args":[{"enterText":"Rosario","selector":{"id":"application-managesites-display-component---NewSite--addressDetailDetailsCity1","interaction":{"idSuffix":"inner"}},"clearTextFirst":true,"interactionType":"ENTER_TEXT"}]}
RESULT: {}
RESULT: {"script":"<script> [776 bytes]","args":[{"enterText":"Rosario","selector":{"id":"application-managesites-display-component---NewSite--addressDetailDetailsCity1","interaction":{"idSuffix":"inner"}},"clearTextFirst":true,"interactionType":"ENTER_TEXT"}]}
COMMAND: POST /session/178b85f57970bb84ea8ca4b38e9643ac/execute/async - {"script":"<script> [1562 bytes]","args":[{"selector":{"id":"application-managesites-display-component---NewSite--addressDetailDetailsCountry-arrow"},"wdio_ui5_key":"applicationmanagesites-display-component---NewSite--addressDetailDetailsCountry-arrow"}]}
RESULT: {"script":"<script> [1562 bytes]","args":[{"selector":{"id":"application-managesites-display-component---NewSite--addressDetailDetailsCountry-arrow"},"wdio_ui5_key":"applicationmanagesites-display-component---NewSite--addressDetailDetailsCountry-arrow"}]}
RESULT: undefined
COMMAND: POST /session/178b85f57970bb84ea8ca4b38e9643ac/element - {"using":"xpath","value":"//*[@id=\"application-managesites-display-component---NewSite--addressDetailDetailsCountry-arrow\"]"}
RESULT: {"using":"xpath","value":"//*[@id=\"application-managesites-display-component---NewSite--addressDetailDetailsCountry-arrow\"]"}
COMMAND: POST /session/178b85f57970bb84ea8ca4b38e9643ac/element/f.4EFED878021992910014147A21BCF18D.d.10AB409EF1095D69A1B7EF0F3C68920D.e.4770/click - {}
RESULT: {}
COMMAND: POST /session/178b85f57970bb84ea8ca4b38e9643ac/element - {"using":"xpath","value":"//span[contains(text(), \"Argentina\")]"}
COMMAND: GET /session/178b85f57970bb84ea8ca4b38e9643ac/screenshot - {}
RESULT: {"using":"xpath","value":"//span[contains(text(), \"Argentina\")]"}
COMMAND: POST /session/178b85f57970bb84ea8ca4b38e9643ac/element/f.4EFED878021992910014147A21BCF18D.d.10AB409EF1095D69A1B7EF0F3C68920D.e.4771/click - {}
RESULT: {}
RESULT: {}
COMMAND: GET /session/178b85f57970bb84ea8ca4b38e9643ac/screenshot - {}
RESULT: {}
COMMAND: POST /session/178b85f57970bb84ea8ca4b38e9643ac/execute/async - {"script":"<script> [1562 bytes]","args":[{"selector":{"id":"application-managesites-display-component---NewSite--addressEditDetailsCostObjectCstType-arrow"},"wdio_ui5_key":"applicationmanagesites-display-component---NewSite--addressEditDetailsCostObjectCstType-arrow"}]}
RESULT: {"script":"<script> [1562 bytes]","args":[{"selector":{"id":"application-managesites-display-component---NewSite--addressEditDetailsCostObjectCstType-arrow"},"wdio_ui5_key":"applicationmanagesites-display-component---NewSite--addressEditDetailsCostObjectCstType-arrow"}]}
RESULT: undefined
COMMAND: POST /session/178b85f57970bb84ea8ca4b38e9643ac/element - {"using":"xpath","value":"//*[@id=\"application-managesites-display-component---NewSite--addressEditDetailsCostObjectCstType-arrow\"]"}
RESULT: {"using":"xpath","value":"//*[@id=\"application-managesites-display-component---NewSite--addressEditDetailsCostObjectCstType-arrow\"]"}
COMMAND: POST /session/178b85f57970bb84ea8ca4b38e9643ac/element/f.4EFED878021992910014147A21BCF18D.d.10AB409EF1095D69A1B7EF0F3C68920D.e.4773/click - {}
RESULT: {}
COMMAND: POST /session/178b85f57970bb84ea8ca4b38e9643ac/element - {"using":"xpath","value":"//span[contains(text(), \"Cost Center\")]"}
COMMAND: GET /session/178b85f57970bb84ea8ca4b38e9643ac/screenshot - {}
RESULT: {"using":"xpath","value":"//span[contains(text(), \"Cost Center\")]"}
COMMAND: POST /session/178b85f57970bb84ea8ca4b38e9643ac/element/f.4EFED878021992910014147A21BCF18D.d.10AB409EF1095D69A1B7EF0F3C68920D.e.4774/click - {}
RESULT: {}
RESULT: {}
COMMAND: GET /session/178b85f57970bb84ea8ca4b38e9643ac/screenshot - {}
RESULT: {}
COMMAND: POST /session/178b85f57970bb84ea8ca4b38e9643ac/element - {"using":"xpath","value":"//span[@id=\"application-managesites-display-component---NewSite--addressNewCostObjectCstID-vhi\"]"}
RESULT: {"using":"xpath","value":"//span[@id=\"application-managesites-display-component---NewSite--addressNewCostObjectCstID-vhi\"]"}
COMMAND: POST /session/178b85f57970bb84ea8ca4b38e9643ac/execute/sync - {"script":"<script> [8489 bytes]","args":[{"element-6066-11e4-a52e-4f735466cecf":"f.4EFED878021992910014147A21BCF18D.d.10AB409EF1095D69A1B7EF0F3C68920D.e.4779","ELEMENT":"f.4EFED878021992910014147A21BCF18D.d.10AB409EF1095D69A1B7EF0F3C68920D.e.4779"}]}
RESULT: {"script":"<script> [8489 bytes]","args":[{"element-6066-11e4-a52e-4f735466cecf":"f.4EFED878021992910014147A21BCF18D.d.10AB409EF1095D69A1B7EF0F3C68920D.e.4779","ELEMENT":"f.4EFED878021992910014147A21BCF18D.d.10AB409EF1095D69A1B7EF0F3C68920D.e.4779"}]}
COMMAND: POST /session/178b85f57970bb84ea8ca4b38e9643ac/execute/async - {"script":"<script> [1562 bytes]","args":[{"selector":{"id":"application-managesites-display-component---NewSite--addressNewCostObjectCstID-vhi"},"wdio_ui5_key":"applicationmanagesites-display-component---NewSite--addressNewCostObjectCstID-vhi"}]}
COMMAND: GET /session/178b85f57970bb84ea8ca4b38e9643ac/screenshot - {}
RESULT: {"script":"<script> [1562 bytes]","args":[{"selector":{"id":"application-managesites-display-component---NewSite--addressNewCostObjectCstID-vhi"},"wdio_ui5_key":"applicationmanagesites-display-component---NewSite--addressNewCostObjectCstID-vhi"}]}
RESULT: undefined
COMMAND: POST /session/178b85f57970bb84ea8ca4b38e9643ac/element - {"using":"xpath","value":"//*[@id=\"application-managesites-display-component---NewSite--addressNewCostObjectCstID-vhi\"]"}
RESULT: {}
RESULT: {"using":"xpath","value":"//*[@id=\"application-managesites-display-component---NewSite--addressNewCostObjectCstID-vhi\"]"}
COMMAND: POST /session/178b85f57970bb84ea8ca4b38e9643ac/element/f.4EFED878021992910014147A21BCF18D.d.10AB409EF1095D69A1B7EF0F3C68920D.e.4779/click - {}
RESULT: {}
COMMAND: GET /session/178b85f57970bb84ea8ca4b38e9643ac/screenshot - {}
RESULT: {}
RESULT: undefined
COMMAND: POST /session/178b85f57970bb84ea8ca4b38e9643ac/execute/async - {"script":"<script> [776 bytes]","args":[{"enterText":"10001013","selector":{"controlType":"sap.m.SearchField","properties":{"placeholder":"Search"},"searchOpenDialogs":true,"interaction":{"idSuffix":"I"}},"clearTextFirst":true,"interactionType":"ENTER_TEXT"}]}
RESULT: {"script":"<script> [776 bytes]","args":[{"enterText":"10001013","selector":{"controlType":"sap.m.SearchField","properties":{"placeholder":"Search"},"searchOpenDialogs":true,"interaction":{"idSuffix":"I"}},"clearTextFirst":true,"interactionType":"ENTER_TEXT"}]}
COMMAND: POST /session/178b85f57970bb84ea8ca4b38e9643ac/actions - {"actions":[{"id":"action12","type":"key","parameters":{},"actions":[{"type":"keyDown","value":"î€‡"},{"type":"pause","duration":10},{"type":"keyUp","value":"î€‡"}]}]}
RESULT: {"actions":[{"id":"action12","type":"key","parameters":{},"actions":[{"type":"keyDown","value":"î€‡"},{"type":"pause","duration":10},{"type":"keyUp","value":"î€‡"}]}]}
COMMAND: GET /session/178b85f57970bb84ea8ca4b38e9643ac/screenshot - {}
RESULT: {}
COMMAND: POST /session/178b85f57970bb84ea8ca4b38e9643ac/element - {"using":"xpath","value":"//span[contains(text(), \"General Management\")]"}
RESULT: {"using":"xpath","value":"//span[contains(text(), \"General Management\")]"}
COMMAND: POST /session/178b85f57970bb84ea8ca4b38e9643ac/element/f.4EFED878021992910014147A21BCF18D.d.10AB409EF1095D69A1B7EF0F3C68920D.e.4818/click - {}
RESULT: {}
COMMAND: GET /session/178b85f57970bb84ea8ca4b38e9643ac/screenshot - {}
RESULT: {}
COMMAND: POST /session/178b85f57970bb84ea8ca4b38e9643ac/element - {"using":"xpath","value":"//bdi[contains(text(), \"OK\")]"}
RESULT: {"using":"xpath","value":"//bdi[contains(text(), \"OK\")]"}
COMMAND: POST /session/178b85f57970bb84ea8ca4b38e9643ac/element/f.4EFED878021992910014147A21BCF18D.d.10AB409EF1095D69A1B7EF0F3C68920D.e.4819/click - {}
RESULT: {}
COMMAND: GET /session/178b85f57970bb84ea8ca4b38e9643ac/screenshot - {}
RESULT: {}
COMMAND: POST /session/178b85f57970bb84ea8ca4b38e9643ac/element - {"using":"xpath","value":"//input[@id=\"application-managesites-display-component---NewSite--addressDetailDetailsCalendar-inner\"]"}
RESULT: {"using":"xpath","value":"//input[@id=\"application-managesites-display-component---NewSite--addressDetailDetailsCalendar-inner\"]"}
COMMAND: POST /session/178b85f57970bb84ea8ca4b38e9643ac/element/f.4EFED878021992910014147A21BCF18D.d.10AB409EF1095D69A1B7EF0F3C68920D.e.4563/clear - {}
RESULT: {}
COMMAND: POST /session/178b85f57970bb84ea8ca4b38e9643ac/element/f.4EFED878021992910014147A21BCF18D.d.10AB409EF1095D69A1B7EF0F3C68920D.e.4563/value - {"text":"Unit"}
COMMAND: GET /session/178b85f57970bb84ea8ca4b38e9643ac/screenshot - {}
RESULT: {"text":"Unit"}
COMMAND: GET /session/178b85f57970bb84ea8ca4b38e9643ac/screenshot - {}
RESULT: {}
RESULT: {}
COMMAND: POST /session/178b85f57970bb84ea8ca4b38e9643ac/actions - {"actions":[{"id":"action13","type":"key","parameters":{},"actions":[{"type":"keyDown","value":"î€‡"},{"type":"pause","duration":10},{"type":"keyUp","value":"î€‡"}]}]}
RESULT: {"actions":[{"id":"action13","type":"key","parameters":{},"actions":[{"type":"keyDown","value":"î€‡"},{"type":"pause","duration":10},{"type":"keyUp","value":"î€‡"}]}]}
COMMAND: POST /session/178b85f57970bb84ea8ca4b38e9643ac/element - {"using":"xpath","value":"//input[@id=\"application-managesites-display-component---NewSite--addressDetailDetailsYard-inner\"]"}
COMMAND: GET /session/178b85f57970bb84ea8ca4b38e9643ac/screenshot - {}
RESULT: {"using":"xpath","value":"//input[@id=\"application-managesites-display-component---NewSite--addressDetailDetailsYard-inner\"]"}
COMMAND: POST /session/178b85f57970bb84ea8ca4b38e9643ac/element/f.4EFED878021992910014147A21BCF18D.d.10AB409EF1095D69A1B7EF0F3C68920D.e.4564/clear - {}
RESULT: {}
RESULT: {}
COMMAND: POST /session/178b85f57970bb84ea8ca4b38e9643ac/element/f.4EFED878021992910014147A21BCF18D.d.10AB409EF1095D69A1B7EF0F3C68920D.e.4564/value - {"text":"524"}
COMMAND: GET /session/178b85f57970bb84ea8ca4b38e9643ac/screenshot - {}
RESULT: {"text":"524"}
COMMAND: GET /session/178b85f57970bb84ea8ca4b38e9643ac/screenshot - {}
RESULT: {}
RESULT: {}
COMMAND: POST /session/178b85f57970bb84ea8ca4b38e9643ac/element - {"using":"xpath","value":"//li[.//span[text()='524']]"}
RESULT: {"using":"xpath","value":"//li[.//span[text()='524']]"}
COMMAND: POST /session/178b85f57970bb84ea8ca4b38e9643ac/element/f.4EFED878021992910014147A21BCF18D.d.10AB409EF1095D69A1B7EF0F3C68920D.e.4827/click - {}
RESULT: {}
COMMAND: GET /session/178b85f57970bb84ea8ca4b38e9643ac/screenshot - {}
RESULT: {}
COMMAND: POST /session/178b85f57970bb84ea8ca4b38e9643ac/element - {"using":"xpath","value":"//input[@id=\"application-managesites-display-component---NewSite--addressDetailDetailsPartner-inner\"]"}
RESULT: {"using":"xpath","value":"//input[@id=\"application-managesites-display-component---NewSite--addressDetailDetailsPartner-inner\"]"}
COMMAND: POST /session/178b85f57970bb84ea8ca4b38e9643ac/element - {"using":"xpath","value":"//input[@id=\"application-managesites-display-component---NewSite--addressDetailDetailsPartner-inner\"]"}
RESULT: {"using":"xpath","value":"//input[@id=\"application-managesites-display-component---NewSite--addressDetailDetailsPartner-inner\"]"}
COMMAND: POST /session/178b85f57970bb84ea8ca4b38e9643ac/element - {"using":"xpath","value":"//button[@data-kt=\"saveButton\"]"}
RESULT: {"using":"xpath","value":"//button[@data-kt=\"saveButton\"]"}
COMMAND: POST /session/178b85f57970bb84ea8ca4b38e9643ac/element/f.4EFED878021992910014147A21BCF18D.d.10AB409EF1095D69A1B7EF0F3C68920D.e.4712/click - {}
RESULT: {}
COMMAND: GET /session/178b85f57970bb84ea8ca4b38e9643ac/screenshot - {}
RESULT: {}
COMMAND: POST /session/178b85f57970bb84ea8ca4b38e9643ac/element - {"using":"xpath","value":"//header[contains(@id, 'ObjectPageLayout-headerTitle')]/div[1]/div[2]/div[2]/span[1]"}
RESULT: {"using":"xpath","value":"//header[contains(@id, 'ObjectPageLayout-headerTitle')]/div[1]/div[2]/div[2]/span[1]"}
COMMAND: POST /session/178b85f57970bb84ea8ca4b38e9643ac/elements - {"using":"xpath","value":"//header[contains(@id, 'ObjectPageLayout-headerTitle')]/div[1]/div[2]/div[2]/span[1]"}
RESULT: {"using":"xpath","value":"//header[contains(@id, 'ObjectPageLayout-headerTitle')]/div[1]/div[2]/div[2]/span[1]"}
COMMAND: POST /session/178b85f57970bb84ea8ca4b38e9643ac/execute/sync - {"script":"<script> [56 bytes]","args":[{"element-6066-11e4-a52e-4f735466cecf":"f.4EFED878021992910014147A21BCF18D.d.10AB409EF1095D69A1B7EF0F3C68920D.e.5030","ELEMENT":"f.4EFED878021992910014147A21BCF18D.d.10AB409EF1095D69A1B7EF0F3C68920D.e.5030"}]}
RESULT: {"script":"<script> [56 bytes]","args":[{"element-6066-11e4-a52e-4f735466cecf":"f.4EFED878021992910014147A21BCF18D.d.10AB409EF1095D69A1B7EF0F3C68920D.e.5030","ELEMENT":"f.4EFED878021992910014147A21BCF18D.d.10AB409EF1095D69A1B7EF0F3C68920D.e.5030"}]}
COMMAND: POST /session/178b85f57970bb84ea8ca4b38e9643ac/element - {"using":"css selector","value":"#shell-header-logo"}
COMMAND: GET /session/178b85f57970bb84ea8ca4b38e9643ac/screenshot - {}
RESULT: {"using":"css selector","value":"#shell-header-logo"}
COMMAND: POST /session/178b85f57970bb84ea8ca4b38e9643ac/element/f.4EFED878021992910014147A21BCF18D.d.10AB409EF1095D69A1B7EF0F3C68920D.e.4325/click - {}
RESULT: {}
RESULT: {}
COMMAND: GET /session/178b85f57970bb84ea8ca4b38e9643ac/screenshot - {}
RESULT: {}
COMMAND: POST /session/178b85f57970bb84ea8ca4b38e9643ac/execute/sync - {"script":"<script> [299 bytes]","args":[["getModel","getResource"]]}
RESULT: {"script":"<script> [299 bytes]","args":[["getModel","getResource"]]}
COMMAND: POST /session/178b85f57970bb84ea8ca4b38e9643ac/actions - {"actions":[{"id":"action14","type":"key","parameters":{},"actions":[{"type":"keyDown","value":"î€‡"},{"type":"pause","duration":10},{"type":"keyUp","value":"î€‡"}]}]}
RESULT: {"actions":[{"id":"action14","type":"key","parameters":{},"actions":[{"type":"keyDown","value":"î€‡"},{"type":"pause","duration":10},{"type":"keyUp","value":"î€‡"}]}]}
COMMAND: GET /session/178b85f57970bb84ea8ca4b38e9643ac/screenshot - {}
COMMAND: GET /session/178b85f57970bb84ea8ca4b38e9643ac/screenshot - {}
RESULT: {}
RESULT: {}
COMMAND: POST /session/178b85f57970bb84ea8ca4b38e9643ac/refresh - {}
RESULT: {}
COMMAND: GET /session/178b85f57970bb84ea8ca4b38e9643ac/screenshot - {}
RESULT: {}
COMMAND: POST /session/178b85f57970bb84ea8ca4b38e9643ac/refresh - {}
RESULT: {}
COMMAND: GET /session/178b85f57970bb84ea8ca4b38e9643ac/screenshot - {}
RESULT: {}
COMMAND: POST /session/178b85f57970bb84ea8ca4b38e9643ac/window/fullscreen - {}
RESULT: {}
COMMAND: POST /session/178b85f57970bb84ea8ca4b38e9643ac/execute/async - {"script":"<script> [189 bytes]","args":[]}
RESULT: {"script":"<script> [189 bytes]","args":[]}
COMMAND: POST /session/178b85f57970bb84ea8ca4b38e9643ac/execute/async - {"script":"<script> [123 bytes]","args":[]}
RESULT: {"script":"<script> [123 bytes]","args":[]}
COMMAND: POST /session/178b85f57970bb84ea8ca4b38e9643ac/timeouts - {"script":"<number>"}
RESULT: {"script":"<number>"}
COMMAND: GET /session/178b85f57970bb84ea8ca4b38e9643ac/timeouts - {}
RESULT: {}
RESULT: undefined
COMMAND: POST /session/178b85f57970bb84ea8ca4b38e9643ac/execute/async - {"script":"<script> [2676 bytes]","args":[]}
RESULT: {"script":"<script> [2676 bytes]","args":[]}
COMMAND: POST /session/178b85f57970bb84ea8ca4b38e9643ac/execute/async - {"script":"<script> [2342 bytes]","args":[{"protocol":"http","hostname":"0.0.0.0","path":"/","capabilities":{"browserName":"chrome","goog:chromeOptions":{"binary":"C:\\Program Files\\Google\\Chrome\\Application\\chrome.exe","args":["--start-maximized"]}},"logLevel":"warn","connectionRetryTimeout":120000,"connectionRetryCount":3,"logLevels":{},"enableDirectConnect":true,"strictSSL":true,"_":"65 more keys: [\"cacheDir\",\"port\",\"requestedCapabilities\",\"automationProtocol\",\"baseUrl\",\"waitforInterval\",\"waitforTimeout\",\"onReload\",\"beforeCommand\",\"afterCommand\",\"rootDir\",\"specs\",\"suites\",\"exclude\",\"groupLogsByTestSpec\",\"excludeDriverLogs\",\"bail\",\"framework\",\"reporters\",\"services\",\"maxInstances\",\"maxInstancesPerCapability\",\"injectGlobals\",\"filesToWatch\",\"execArgv\",\"runnerEnv\",\"runner\",\"shard\",\"specFileRetries\",\"specFileRetriesDelay\",\"specFileRetriesDeferred\",\"reporterSyncInterval\",\"reporterSyncTimeout\",\"cucumberFeaturesWithLineNumbers\",\"autoCompileOpts\",\"mochaOpts\",\"jasmineOpts\",\"cucumberOpts\",\"onPrepare\",\"onWorkerStart\",\"onWorkerEnd\",\"before\",\"beforeSession\",\"beforeSuite\",\"beforeHook\",\"beforeTest\",\"afterTest\",\"afterHook\",\"afterSuite\",\"afterSession\",\"after\",\"onComplete\",\"beforeAssertion\",\"afterAssertion\",\"beforeFeature\",\"beforeScenario\",\"beforeStep\",\"afterStep\",\"afterScenario\",\"afterFeature\",\"_\",\"suite\",\"$0\",\"ignoredWorkerServices\",\"wdi5\"]"}]}
RESULT: {"script":"<script> [2342 bytes]","args":[{"protocol":"http","hostname":"0.0.0.0","path":"/","capabilities":{"browserName":"chrome","goog:chromeOptions":{"binary":"C:\\Program Files\\Google\\Chrome\\Application\\chrome.exe","args":["--start-maximized"]}},"logLevel":"warn","connectionRetryTimeout":120000,"connectionRetryCount":3,"logLevels":{},"enableDirectConnect":true,"strictSSL":true,"_":"65 more keys: [\"cacheDir\",\"port\",\"requestedCapabilities\",\"automationProtocol\",\"baseUrl\",\"waitforInterval\",\"waitforTimeout\",\"onReload\",\"beforeCommand\",\"afterCommand\",\"rootDir\",\"specs\",\"suites\",\"exclude\",\"groupLogsByTestSpec\",\"excludeDriverLogs\",\"bail\",\"framework\",\"reporters\",\"services\",\"maxInstances\",\"maxInstancesPerCapability\",\"injectGlobals\",\"filesToWatch\",\"execArgv\",\"runnerEnv\",\"runner\",\"shard\",\"specFileRetries\",\"specFileRetriesDelay\",\"specFileRetriesDeferred\",\"reporterSyncInterval\",\"reporterSyncTimeout\",\"cucumberFeaturesWithLineNumbers\",\"autoCompileOpts\",\"mochaOpts\",\"jasmineOpts\",\"cucumberOpts\",\"onPrepare\",\"onWorkerStart\",\"onWorkerEnd\",\"before\",\"beforeSession\",\"beforeSuite\",\"beforeHook\",\"beforeTest\",\"afterTest\",\"afterHook\",\"afterSuite\",\"afterSession\",\"after\",\"onComplete\",\"beforeAssertion\",\"afterAssertion\",\"beforeFeature\",\"beforeScenario\",\"beforeStep\",\"afterStep\",\"afterScenario\",\"afterFeature\",\"_\",\"suite\",\"$0\",\"ignoredWorkerServices\",\"wdi5\"]"}]}
COMMAND: POST /session/178b85f57970bb84ea8ca4b38e9643ac/execute/async - {"script":"<script> [21126 bytes]","args":[35000]}
RESULT: {"script":"<script> [21126 bytes]","args":[35000]}
COMMAND: POST /session/178b85f57970bb84ea8ca4b38e9643ac/window/fullscreen - {}
RESULT: {}
]]></system-out>
    </testcase>
    <testcase classname="chrome.136_0_7103_93.windows.Create_masterdata_for_Yard_Overview_-_trigger_provide_US130988" name="Should create a new material" time="130.935">
      <system-out><![CDATA[
COMMAND: POST /session/178b85f57970bb84ea8ca4b38e9643ac/execute/async - {"script":"<script> [1562 bytes]","args":[{"selector":{"controlType":"sap.m.GenericTile","properties":{"header":"Manage Resources"}},"wdio_ui5_key":"sapm.GenericTile{\"header\":\"Manage Resources\"}"}]}
RESULT: {"script":"<script> [1562 bytes]","args":[{"selector":{"controlType":"sap.m.GenericTile","properties":{"header":"Manage Resources"}},"wdio_ui5_key":"sapm.GenericTile{\"header\":\"Manage Resources\"}"}]}
RESULT: undefined
COMMAND: POST /session/178b85f57970bb84ea8ca4b38e9643ac/element - {"using":"xpath","value":"//*[@id=\"__tile31\"]"}
RESULT: {"using":"xpath","value":"//*[@id=\"__tile31\"]"}
COMMAND: POST /session/178b85f57970bb84ea8ca4b38e9643ac/element/f.4EFED878021992910014147A21BCF18D.d.7AA80B5BD431189598BD698CA0520163.e.5168/click - {}
RESULT: {}
COMMAND: GET /session/178b85f57970bb84ea8ca4b38e9643ac/screenshot - {}
RESULT: {}
COMMAND: POST /session/178b85f57970bb84ea8ca4b38e9643ac/elements - {"using":"xpath","value":"//span[text()='Error']"}
RESULT: {"using":"xpath","value":"//span[text()='Error']"}
COMMAND: POST /session/178b85f57970bb84ea8ca4b38e9643ac/element - {"using":"xpath","value":"//button[@data-kt=\"addNewRUOverflowToolbarButton\"]"}
RESULT: {"using":"xpath","value":"//button[@data-kt=\"addNewRUOverflowToolbarButton\"]"}
COMMAND: POST /session/178b85f57970bb84ea8ca4b38e9643ac/elements - {"using":"xpath","value":"//button[@data-kt=\"addNewRUOverflowToolbarButton\"]"}
RESULT: {"using":"xpath","value":"//button[@data-kt=\"addNewRUOverflowToolbarButton\"]"}
COMMAND: POST /session/178b85f57970bb84ea8ca4b38e9643ac/elements - {"using":"xpath","value":"//button[@data-kt=\"addNewRUOverflowToolbarButton\"]"}
RESULT: {"using":"xpath","value":"//button[@data-kt=\"addNewRUOverflowToolbarButton\"]"}
COMMAND: POST /session/178b85f57970bb84ea8ca4b38e9643ac/elements - {"using":"xpath","value":"//button[@data-kt=\"addNewRUOverflowToolbarButton\"]"}
RESULT: {"using":"xpath","value":"//button[@data-kt=\"addNewRUOverflowToolbarButton\"]"}
COMMAND: POST /session/178b85f57970bb84ea8ca4b38e9643ac/elements - {"using":"xpath","value":"//button[@data-kt=\"addNewRUOverflowToolbarButton\"]"}
RESULT: {"using":"xpath","value":"//button[@data-kt=\"addNewRUOverflowToolbarButton\"]"}
COMMAND: POST /session/178b85f57970bb84ea8ca4b38e9643ac/elements - {"using":"xpath","value":"//button[@data-kt=\"addNewRUOverflowToolbarButton\"]"}
RESULT: {"using":"xpath","value":"//button[@data-kt=\"addNewRUOverflowToolbarButton\"]"}
COMMAND: POST /session/178b85f57970bb84ea8ca4b38e9643ac/elements - {"using":"xpath","value":"//button[@data-kt=\"addNewRUOverflowToolbarButton\"]"}
RESULT: {"using":"xpath","value":"//button[@data-kt=\"addNewRUOverflowToolbarButton\"]"}
COMMAND: POST /session/178b85f57970bb84ea8ca4b38e9643ac/elements - {"using":"xpath","value":"//button[@data-kt=\"addNewRUOverflowToolbarButton\"]"}
RESULT: {"using":"xpath","value":"//button[@data-kt=\"addNewRUOverflowToolbarButton\"]"}
COMMAND: POST /session/178b85f57970bb84ea8ca4b38e9643ac/elements - {"using":"xpath","value":"//button[@data-kt=\"addNewRUOverflowToolbarButton\"]"}
RESULT: {"using":"xpath","value":"//button[@data-kt=\"addNewRUOverflowToolbarButton\"]"}
COMMAND: POST /session/178b85f57970bb84ea8ca4b38e9643ac/elements - {"using":"xpath","value":"//button[@data-kt=\"addNewRUOverflowToolbarButton\"]"}
RESULT: {"using":"xpath","value":"//button[@data-kt=\"addNewRUOverflowToolbarButton\"]"}
COMMAND: POST /session/178b85f57970bb84ea8ca4b38e9643ac/elements - {"using":"xpath","value":"//button[@data-kt=\"addNewRUOverflowToolbarButton\"]"}
RESULT: {"using":"xpath","value":"//button[@data-kt=\"addNewRUOverflowToolbarButton\"]"}
COMMAND: POST /session/178b85f57970bb84ea8ca4b38e9643ac/elements - {"using":"xpath","value":"//button[@data-kt=\"addNewRUOverflowToolbarButton\"]"}
RESULT: {"using":"xpath","value":"//button[@data-kt=\"addNewRUOverflowToolbarButton\"]"}
COMMAND: POST /session/178b85f57970bb84ea8ca4b38e9643ac/elements - {"using":"xpath","value":"//button[@data-kt=\"addNewRUOverflowToolbarButton\"]"}
RESULT: {"using":"xpath","value":"//button[@data-kt=\"addNewRUOverflowToolbarButton\"]"}
COMMAND: POST /session/178b85f57970bb84ea8ca4b38e9643ac/elements - {"using":"xpath","value":"//button[@data-kt=\"addNewRUOverflowToolbarButton\"]"}
RESULT: {"using":"xpath","value":"//button[@data-kt=\"addNewRUOverflowToolbarButton\"]"}
COMMAND: POST /session/178b85f57970bb84ea8ca4b38e9643ac/elements - {"using":"xpath","value":"//button[@data-kt=\"addNewRUOverflowToolbarButton\"]"}
RESULT: {"using":"xpath","value":"//button[@data-kt=\"addNewRUOverflowToolbarButton\"]"}
COMMAND: POST /session/178b85f57970bb84ea8ca4b38e9643ac/elements - {"using":"xpath","value":"//button[@data-kt=\"addNewRUOverflowToolbarButton\"]"}
RESULT: {"using":"xpath","value":"//button[@data-kt=\"addNewRUOverflowToolbarButton\"]"}
COMMAND: POST /session/178b85f57970bb84ea8ca4b38e9643ac/elements - {"using":"xpath","value":"//button[@data-kt=\"addNewRUOverflowToolbarButton\"]"}
RESULT: {"using":"xpath","value":"//button[@data-kt=\"addNewRUOverflowToolbarButton\"]"}
COMMAND: POST /session/178b85f57970bb84ea8ca4b38e9643ac/elements - {"using":"xpath","value":"//button[@data-kt=\"addNewRUOverflowToolbarButton\"]"}
RESULT: {"using":"xpath","value":"//button[@data-kt=\"addNewRUOverflowToolbarButton\"]"}
COMMAND: POST /session/178b85f57970bb84ea8ca4b38e9643ac/elements - {"using":"xpath","value":"//button[@data-kt=\"addNewRUOverflowToolbarButton\"]"}
RESULT: {"using":"xpath","value":"//button[@data-kt=\"addNewRUOverflowToolbarButton\"]"}
COMMAND: POST /session/178b85f57970bb84ea8ca4b38e9643ac/elements - {"using":"xpath","value":"//button[@data-kt=\"addNewRUOverflowToolbarButton\"]"}
RESULT: {"using":"xpath","value":"//button[@data-kt=\"addNewRUOverflowToolbarButton\"]"}
COMMAND: POST /session/178b85f57970bb84ea8ca4b38e9643ac/elements - {"using":"xpath","value":"//button[@data-kt=\"addNewRUOverflowToolbarButton\"]"}
RESULT: {"using":"xpath","value":"//button[@data-kt=\"addNewRUOverflowToolbarButton\"]"}
COMMAND: POST /session/178b85f57970bb84ea8ca4b38e9643ac/elements - {"using":"xpath","value":"//button[@data-kt=\"addNewRUOverflowToolbarButton\"]"}
RESULT: {"using":"xpath","value":"//button[@data-kt=\"addNewRUOverflowToolbarButton\"]"}
COMMAND: POST /session/178b85f57970bb84ea8ca4b38e9643ac/element - {"using":"xpath","value":"//button[@data-kt=\"addNewRUOverflowToolbarButton\"]"}
RESULT: {"using":"xpath","value":"//button[@data-kt=\"addNewRUOverflowToolbarButton\"]"}
COMMAND: POST /session/178b85f57970bb84ea8ca4b38e9643ac/execute/sync - {"script":"<script> [8489 bytes]","args":[{"element-6066-11e4-a52e-4f735466cecf":"f.4EFED878021992910014147A21BCF18D.d.7AA80B5BD431189598BD698CA0520163.e.5278","ELEMENT":"f.4EFED878021992910014147A21BCF18D.d.7AA80B5BD431189598BD698CA0520163.e.5278"}]}
RESULT: {"script":"<script> [8489 bytes]","args":[{"element-6066-11e4-a52e-4f735466cecf":"f.4EFED878021992910014147A21BCF18D.d.7AA80B5BD431189598BD698CA0520163.e.5278","ELEMENT":"f.4EFED878021992910014147A21BCF18D.d.7AA80B5BD431189598BD698CA0520163.e.5278"}]}
COMMAND: GET /session/178b85f57970bb84ea8ca4b38e9643ac/element/f.4EFED878021992910014147A21BCF18D.d.7AA80B5BD431189598BD698CA0520163.e.5278/enabled - {}
COMMAND: GET /session/178b85f57970bb84ea8ca4b38e9643ac/screenshot - {}
RESULT: {}
COMMAND: POST /session/178b85f57970bb84ea8ca4b38e9643ac/execute/sync - {"script":"<script> [8489 bytes]","args":[{"element-6066-11e4-a52e-4f735466cecf":"f.4EFED878021992910014147A21BCF18D.d.7AA80B5BD431189598BD698CA0520163.e.5278","ELEMENT":"f.4EFED878021992910014147A21BCF18D.d.7AA80B5BD431189598BD698CA0520163.e.5278"}]}
COMMAND: GET /session/178b85f57970bb84ea8ca4b38e9643ac/screenshot - {}
RESULT: {}
RESULT: {"script":"<script> [8489 bytes]","args":[{"element-6066-11e4-a52e-4f735466cecf":"f.4EFED878021992910014147A21BCF18D.d.7AA80B5BD431189598BD698CA0520163.e.5278","ELEMENT":"f.4EFED878021992910014147A21BCF18D.d.7AA80B5BD431189598BD698CA0520163.e.5278"}]}
COMMAND: POST /session/178b85f57970bb84ea8ca4b38e9643ac/execute/sync - {"script":"<script> [5351 bytes]","args":[{"element-6066-11e4-a52e-4f735466cecf":"f.4EFED878021992910014147A21BCF18D.d.7AA80B5BD431189598BD698CA0520163.e.5278","ELEMENT":"f.4EFED878021992910014147A21BCF18D.d.7AA80B5BD431189598BD698CA0520163.e.5278"}]}
COMMAND: GET /session/178b85f57970bb84ea8ca4b38e9643ac/screenshot - {}
RESULT: {}
RESULT: {"script":"<script> [5351 bytes]","args":[{"element-6066-11e4-a52e-4f735466cecf":"f.4EFED878021992910014147A21BCF18D.d.7AA80B5BD431189598BD698CA0520163.e.5278","ELEMENT":"f.4EFED878021992910014147A21BCF18D.d.7AA80B5BD431189598BD698CA0520163.e.5278"}]}
COMMAND: POST /session/178b85f57970bb84ea8ca4b38e9643ac/element/f.4EFED878021992910014147A21BCF18D.d.7AA80B5BD431189598BD698CA0520163.e.5278/click - {}
COMMAND: GET /session/178b85f57970bb84ea8ca4b38e9643ac/screenshot - {}
RESULT: {}
RESULT: {}
COMMAND: GET /session/178b85f57970bb84ea8ca4b38e9643ac/screenshot - {}
RESULT: {}
RESULT: {}
COMMAND: POST /session/178b85f57970bb84ea8ca4b38e9643ac/execute/async - {"script":"<script> [1562 bytes]","args":[{"selector":{"id":"application-manageresources-display-component---newResourceUnit--TYPE-arrow"},"wdio_ui5_key":"applicationmanageresources-display-component---newResourceUnit--TYPE-arrow"}]}
RESULT: {"script":"<script> [1562 bytes]","args":[{"selector":{"id":"application-manageresources-display-component---newResourceUnit--TYPE-arrow"},"wdio_ui5_key":"applicationmanageresources-display-component---newResourceUnit--TYPE-arrow"}]}
RESULT: undefined
COMMAND: POST /session/178b85f57970bb84ea8ca4b38e9643ac/element - {"using":"xpath","value":"//*[@id=\"application-manageresources-display-component---newResourceUnit--TYPE-arrow\"]"}
RESULT: {"using":"xpath","value":"//*[@id=\"application-manageresources-display-component---newResourceUnit--TYPE-arrow\"]"}
COMMAND: POST /session/178b85f57970bb84ea8ca4b38e9643ac/element/f.4EFED878021992910014147A21BCF18D.d.7AA80B5BD431189598BD698CA0520163.e.5448/click - {}
RESULT: {}
COMMAND: POST /session/178b85f57970bb84ea8ca4b38e9643ac/element - {"using":"xpath","value":"//input[@id=\"application-manageresources-display-component---newResourceUnit--TYPE-inner\"]"}
COMMAND: GET /session/178b85f57970bb84ea8ca4b38e9643ac/screenshot - {}
RESULT: {"using":"xpath","value":"//input[@id=\"application-manageresources-display-component---newResourceUnit--TYPE-inner\"]"}
COMMAND: POST /session/178b85f57970bb84ea8ca4b38e9643ac/element/f.4EFED878021992910014147A21BCF18D.d.7AA80B5BD431189598BD698CA0520163.e.5330/clear - {}
RESULT: {}
RESULT: {}
COMMAND: POST /session/178b85f57970bb84ea8ca4b38e9643ac/element/f.4EFED878021992910014147A21BCF18D.d.7AA80B5BD431189598BD698CA0520163.e.5330/value - {"text":"Material"}
COMMAND: GET /session/178b85f57970bb84ea8ca4b38e9643ac/screenshot - {}
RESULT: {"text":"Material"}
COMMAND: GET /session/178b85f57970bb84ea8ca4b38e9643ac/screenshot - {}
RESULT: {}
RESULT: {}
COMMAND: POST /session/178b85f57970bb84ea8ca4b38e9643ac/actions - {"actions":[{"id":"action15","type":"key","parameters":{},"actions":[{"type":"keyDown","value":"î€‡"},{"type":"pause","duration":10},{"type":"keyUp","value":"î€‡"}]}]}
RESULT: {"actions":[{"id":"action15","type":"key","parameters":{},"actions":[{"type":"keyDown","value":"î€‡"},{"type":"pause","duration":10},{"type":"keyUp","value":"î€‡"}]}]}
COMMAND: POST /session/178b85f57970bb84ea8ca4b38e9643ac/execute/async - {"script":"<script> [1562 bytes]","args":[{"selector":{"id":"application-manageresources-display-component---newResourceUnit--SHORT_TEXT","interaction":{"idSuffix":"inner"}},"wdio_ui5_key":"applicationmanageresources-display-component---newResourceUnit--SHORT_TEXT"}]}
COMMAND: GET /session/178b85f57970bb84ea8ca4b38e9643ac/screenshot - {}
RESULT: {"script":"<script> [1562 bytes]","args":[{"selector":{"id":"application-manageresources-display-component---newResourceUnit--SHORT_TEXT","interaction":{"idSuffix":"inner"}},"wdio_ui5_key":"applicationmanageresources-display-component---newResourceUnit--SHORT_TEXT"}]}
RESULT: undefined
COMMAND: POST /session/178b85f57970bb84ea8ca4b38e9643ac/execute/async - {"script":"<script> [776 bytes]","args":[{"enterText":"Cement WDIO","selector":{"id":"application-manageresources-display-component---newResourceUnit--SHORT_TEXT","interaction":{"idSuffix":"inner"}},"clearTextFirst":true,"interactionType":"ENTER_TEXT"}]}
RESULT: {}
RESULT: {"script":"<script> [776 bytes]","args":[{"enterText":"Cement WDIO","selector":{"id":"application-manageresources-display-component---newResourceUnit--SHORT_TEXT","interaction":{"idSuffix":"inner"}},"clearTextFirst":true,"interactionType":"ENTER_TEXT"}]}
COMMAND: POST /session/178b85f57970bb84ea8ca4b38e9643ac/execute/async - {"script":"<script> [1562 bytes]","args":[{"selector":{"id":"application-manageresources-display-component---newResourceUnit--BASE_UNIT_OF_MEASURE","interaction":{"idSuffix":"inner"}},"wdio_ui5_key":"applicationmanageresources-display-component---newResourceUnit--BASE_UNIT_OF_MEASURE"}]}
RESULT: {"script":"<script> [1562 bytes]","args":[{"selector":{"id":"application-manageresources-display-component---newResourceUnit--BASE_UNIT_OF_MEASURE","interaction":{"idSuffix":"inner"}},"wdio_ui5_key":"applicationmanageresources-display-component---newResourceUnit--BASE_UNIT_OF_MEASURE"}]}
RESULT: undefined
COMMAND: POST /session/178b85f57970bb84ea8ca4b38e9643ac/execute/async - {"script":"<script> [776 bytes]","args":[{"enterText":"Piece","selector":{"id":"application-manageresources-display-component---newResourceUnit--BASE_UNIT_OF_MEASURE","interaction":{"idSuffix":"inner"}},"clearTextFirst":true,"interactionType":"ENTER_TEXT"}]}
RESULT: {"script":"<script> [776 bytes]","args":[{"enterText":"Piece","selector":{"id":"application-manageresources-display-component---newResourceUnit--BASE_UNIT_OF_MEASURE","interaction":{"idSuffix":"inner"}},"clearTextFirst":true,"interactionType":"ENTER_TEXT"}]}
COMMAND: POST /session/178b85f57970bb84ea8ca4b38e9643ac/execute/async - {"script":"<script> [1562 bytes]","args":[{"selector":{"id":"application-manageresources-display-component---newResourceUnit--WEIGHT_UNIT","interaction":{"idSuffix":"inner"}},"wdio_ui5_key":"applicationmanageresources-display-component---newResourceUnit--WEIGHT_UNIT"}]}
RESULT: {"script":"<script> [1562 bytes]","args":[{"selector":{"id":"application-manageresources-display-component---newResourceUnit--WEIGHT_UNIT","interaction":{"idSuffix":"inner"}},"wdio_ui5_key":"applicationmanageresources-display-component---newResourceUnit--WEIGHT_UNIT"}]}
RESULT: undefined
COMMAND: POST /session/178b85f57970bb84ea8ca4b38e9643ac/execute/async - {"script":"<script> [776 bytes]","args":[{"enterText":"Gram","selector":{"id":"application-manageresources-display-component---newResourceUnit--WEIGHT_UNIT","interaction":{"idSuffix":"inner"}},"clearTextFirst":true,"interactionType":"ENTER_TEXT"}]}
RESULT: {"script":"<script> [776 bytes]","args":[{"enterText":"Gram","selector":{"id":"application-manageresources-display-component---newResourceUnit--WEIGHT_UNIT","interaction":{"idSuffix":"inner"}},"clearTextFirst":true,"interactionType":"ENTER_TEXT"}]}
COMMAND: POST /session/178b85f57970bb84ea8ca4b38e9643ac/execute/async - {"script":"<script> [1562 bytes]","args":[{"selector":{"id":"application-manageresources-display-component---newResourceUnit--DIMENSION_UNIT","interaction":{"idSuffix":"inner"}},"wdio_ui5_key":"applicationmanageresources-display-component---newResourceUnit--DIMENSION_UNIT"}]}
RESULT: {"script":"<script> [1562 bytes]","args":[{"selector":{"id":"application-manageresources-display-component---newResourceUnit--DIMENSION_UNIT","interaction":{"idSuffix":"inner"}},"wdio_ui5_key":"applicationmanageresources-display-component---newResourceUnit--DIMENSION_UNIT"}]}
RESULT: undefined
COMMAND: POST /session/178b85f57970bb84ea8ca4b38e9643ac/execute/async - {"script":"<script> [776 bytes]","args":[{"enterText":"Meter","selector":{"id":"application-manageresources-display-component---newResourceUnit--DIMENSION_UNIT","interaction":{"idSuffix":"inner"}},"clearTextFirst":true,"interactionType":"ENTER_TEXT"}]}
RESULT: {"script":"<script> [776 bytes]","args":[{"enterText":"Meter","selector":{"id":"application-manageresources-display-component---newResourceUnit--DIMENSION_UNIT","interaction":{"idSuffix":"inner"}},"clearTextFirst":true,"interactionType":"ENTER_TEXT"}]}
COMMAND: POST /session/178b85f57970bb84ea8ca4b38e9643ac/execute/async - {"script":"<script> [1562 bytes]","args":[{"selector":{"id":"application-manageresources-display-component---newResourceUnit--newRRUPage-anchBar-application-manageresources-display-component---newResourceUnit--control-anchor","interaction":{"idSuffix":"BDI-content"}},"wdio_ui5_key":"applicationmanageresources-display-component---newResourceUnit--newRRUPage-anchBar-application-manageresources-display-component---newResourceUnit--control-anchor"}]}
RESULT: {"script":"<script> [1562 bytes]","args":[{"selector":{"id":"application-manageresources-display-component---newResourceUnit--newRRUPage-anchBar-application-manageresources-display-component---newResourceUnit--control-anchor","interaction":{"idSuffix":"BDI-content"}},"wdio_ui5_key":"applicationmanageresources-display-component---newResourceUnit--newRRUPage-anchBar-application-manageresources-display-component---newResourceUnit--control-anchor"}]}
RESULT: undefined
COMMAND: POST /session/178b85f57970bb84ea8ca4b38e9643ac/element - {"using":"xpath","value":"//*[@id=\"application-manageresources-display-component---newResourceUnit--newRRUPage-anchBar-application-manageresources-display-component---newResourceUnit--control-anchor\"]"}
RESULT: {"using":"xpath","value":"//*[@id=\"application-manageresources-display-component---newResourceUnit--newRRUPage-anchBar-application-manageresources-display-component---newResourceUnit--control-anchor\"]"}
COMMAND: POST /session/178b85f57970bb84ea8ca4b38e9643ac/element/f.4EFED878021992910014147A21BCF18D.d.7AA80B5BD431189598BD698CA0520163.e.5514/click - {}
RESULT: {}
COMMAND: POST /session/178b85f57970bb84ea8ca4b38e9643ac/execute/async - {"script":"<script> [1562 bytes]","args":[{"selector":{"id":"application-manageresources-display-component---newResourceUnit--PLANNING_GROUP","interaction":{"idSuffix":"inner"}},"wdio_ui5_key":"applicationmanageresources-display-component---newResourceUnit--PLANNING_GROUP"}]}
COMMAND: GET /session/178b85f57970bb84ea8ca4b38e9643ac/screenshot - {}
RESULT: {"script":"<script> [1562 bytes]","args":[{"selector":{"id":"application-manageresources-display-component---newResourceUnit--PLANNING_GROUP","interaction":{"idSuffix":"inner"}},"wdio_ui5_key":"applicationmanageresources-display-component---newResourceUnit--PLANNING_GROUP"}]}
RESULT: undefined
COMMAND: POST /session/178b85f57970bb84ea8ca4b38e9643ac/execute/async - {"script":"<script> [776 bytes]","args":[{"enterText":"Material","selector":{"id":"application-manageresources-display-component---newResourceUnit--PLANNING_GROUP","interaction":{"idSuffix":"inner"}},"clearTextFirst":true,"interactionType":"ENTER_TEXT"}]}
RESULT: {}
RESULT: {"script":"<script> [776 bytes]","args":[{"enterText":"Material","selector":{"id":"application-manageresources-display-component---newResourceUnit--PLANNING_GROUP","interaction":{"idSuffix":"inner"}},"clearTextFirst":true,"interactionType":"ENTER_TEXT"}]}
COMMAND: POST /session/178b85f57970bb84ea8ca4b38e9643ac/execute/async - {"script":"<script> [1562 bytes]","args":[{"selector":{"id":"application-manageresources-display-component---newResourceUnit--PLANNING_INDICATOR","interaction":{"idSuffix":"inner"}},"wdio_ui5_key":"applicationmanageresources-display-component---newResourceUnit--PLANNING_INDICATOR"}]}
RESULT: {"script":"<script> [1562 bytes]","args":[{"selector":{"id":"application-manageresources-display-component---newResourceUnit--PLANNING_INDICATOR","interaction":{"idSuffix":"inner"}},"wdio_ui5_key":"applicationmanageresources-display-component---newResourceUnit--PLANNING_INDICATOR"}]}
RESULT: undefined
COMMAND: POST /session/178b85f57970bb84ea8ca4b38e9643ac/execute/async - {"script":"<script> [776 bytes]","args":[{"enterText":"10 - infinite","selector":{"id":"application-manageresources-display-component---newResourceUnit--PLANNING_INDICATOR","interaction":{"idSuffix":"inner"}},"clearTextFirst":true,"interactionType":"ENTER_TEXT"}]}
RESULT: {"script":"<script> [776 bytes]","args":[{"enterText":"10 - infinite","selector":{"id":"application-manageresources-display-component---newResourceUnit--PLANNING_INDICATOR","interaction":{"idSuffix":"inner"}},"clearTextFirst":true,"interactionType":"ENTER_TEXT"}]}
COMMAND: POST /session/178b85f57970bb84ea8ca4b38e9643ac/element - {"using":"css selector","value":"#application-manageresources-display-component---newResourceUnit--btnAddTimeSegment"}
RESULT: {"using":"css selector","value":"#application-manageresources-display-component---newResourceUnit--btnAddTimeSegment"}
COMMAND: GET /session/178b85f57970bb84ea8ca4b38e9643ac/element/f.4EFED878021992910014147A21BCF18D.d.7AA80B5BD431189598BD698CA0520163.e.5522/rect - {}
RESULT: {}
COMMAND: GET /session/178b85f57970bb84ea8ca4b38e9643ac/window/rect - {}
RESULT: {}
COMMAND: POST /session/178b85f57970bb84ea8ca4b38e9643ac/execute/sync - {"script":"<script> [92 bytes]","args":[]}
RESULT: {"script":"<script> [92 bytes]","args":[]}
COMMAND: POST /session/178b85f57970bb84ea8ca4b38e9643ac/actions - {"actions":[{"id":"action16","type":"wheel","parameters":{},"actions":[{"type":"scroll","x":-1888,"y":-32,"deltaX":0,"deltaY":0,"duration":0,"origin":{"element-6066-11e4-a52e-4f735466cecf":"f.4EFED878021992910014147A21BCF18D.d.7AA80B5BD431189598BD698CA0520163.e.5522"}}]}]}
COMMAND: GET /session/178b85f57970bb84ea8ca4b38e9643ac/screenshot - {}
RESULT: {}
COMMAND: POST /session/178b85f57970bb84ea8ca4b38e9643ac/execute/sync - {"script":"<script> [79 bytes]","args":[{"element-6066-11e4-a52e-4f735466cecf":"f.4EFED878021992910014147A21BCF18D.d.7AA80B5BD431189598BD698CA0520163.e.5522","ELEMENT":"f.4EFED878021992910014147A21BCF18D.d.7AA80B5BD431189598BD698CA0520163.e.5522"},{"block":"start","inline":"nearest"}]}
RESULT: {"script":"<script> [79 bytes]","args":[{"element-6066-11e4-a52e-4f735466cecf":"f.4EFED878021992910014147A21BCF18D.d.7AA80B5BD431189598BD698CA0520163.e.5522","ELEMENT":"f.4EFED878021992910014147A21BCF18D.d.7AA80B5BD431189598BD698CA0520163.e.5522"},{"block":"start","inline":"nearest"}]}
COMMAND: POST /session/178b85f57970bb84ea8ca4b38e9643ac/execute/async - {"script":"<script> [1562 bytes]","args":[{"selector":{"id":"application-manageresources-display-component---newResourceUnit--btnAddTimeSegment","interaction":{"idSuffix":"inner"}},"wdio_ui5_key":"applicationmanageresources-display-component---newResourceUnit--btnAddTimeSegment"}]}
COMMAND: GET /session/178b85f57970bb84ea8ca4b38e9643ac/screenshot - {}
RESULT: {"script":"<script> [1562 bytes]","args":[{"selector":{"id":"application-manageresources-display-component---newResourceUnit--btnAddTimeSegment","interaction":{"idSuffix":"inner"}},"wdio_ui5_key":"applicationmanageresources-display-component---newResourceUnit--btnAddTimeSegment"}]}
RESULT: undefined
COMMAND: POST /session/178b85f57970bb84ea8ca4b38e9643ac/element - {"using":"xpath","value":"//*[@id=\"application-manageresources-display-component---newResourceUnit--btnAddTimeSegment\"]"}
RESULT: {}
RESULT: {"using":"xpath","value":"//*[@id=\"application-manageresources-display-component---newResourceUnit--btnAddTimeSegment\"]"}
COMMAND: POST /session/178b85f57970bb84ea8ca4b38e9643ac/element/f.4EFED878021992910014147A21BCF18D.d.7AA80B5BD431189598BD698CA0520163.e.5522/click - {}
RESULT: {}
COMMAND: GET /session/178b85f57970bb84ea8ca4b38e9643ac/screenshot - {}
RESULT: {}
COMMAND: POST /session/178b85f57970bb84ea8ca4b38e9643ac/element - {"using":"xpath","value":"//input[@id=\"application-manageresources-display-component---newResourceUnit--idRuTSAdmin-application-manageresources-display-component---newResourceUnit--RUTimeSegment-0-inner\"]"}
RESULT: {"using":"xpath","value":"//input[@id=\"application-manageresources-display-component---newResourceUnit--idRuTSAdmin-application-manageresources-display-component---newResourceUnit--RUTimeSegment-0-inner\"]"}
COMMAND: POST /session/178b85f57970bb84ea8ca4b38e9643ac/element/f.4EFED878021992910014147A21BCF18D.d.7AA80B5BD431189598BD698CA0520163.e.5527/clear - {}
RESULT: {}
COMMAND: POST /session/178b85f57970bb84ea8ca4b38e9643ac/element/f.4EFED878021992910014147A21BCF18D.d.7AA80B5BD431189598BD698CA0520163.e.5527/value - {"text":"524"}
COMMAND: GET /session/178b85f57970bb84ea8ca4b38e9643ac/screenshot - {}
RESULT: {"text":"524"}
COMMAND: GET /session/178b85f57970bb84ea8ca4b38e9643ac/screenshot - {}
RESULT: {}
RESULT: {}
COMMAND: POST /session/178b85f57970bb84ea8ca4b38e9643ac/element - {"using":"xpath","value":"//li[.//span[text()='524']]"}
RESULT: {"using":"xpath","value":"//li[.//span[text()='524']]"}
COMMAND: POST /session/178b85f57970bb84ea8ca4b38e9643ac/element/f.4EFED878021992910014147A21BCF18D.d.7AA80B5BD431189598BD698CA0520163.e.5536/click - {}
RESULT: {}
COMMAND: GET /session/178b85f57970bb84ea8ca4b38e9643ac/screenshot - {}
RESULT: {}
COMMAND: POST /session/178b85f57970bb84ea8ca4b38e9643ac/element - {"using":"xpath","value":"(//span[contains(@id, \"-application-manageresources-display-component---newResourceUnit--RUTimeSegment-0-arrow\")])[2]"}
RESULT: {"using":"xpath","value":"(//span[contains(@id, \"-application-manageresources-display-component---newResourceUnit--RUTimeSegment-0-arrow\")])[2]"}
COMMAND: POST /session/178b85f57970bb84ea8ca4b38e9643ac/element/f.4EFED878021992910014147A21BCF18D.d.7AA80B5BD431189598BD698CA0520163.e.5537/click - {}
RESULT: {}
COMMAND: POST /session/178b85f57970bb84ea8ca4b38e9643ac/element - {"using":"xpath","value":"//span[contains(text(), \"PM Order\")]"}
COMMAND: GET /session/178b85f57970bb84ea8ca4b38e9643ac/screenshot - {}
RESULT: {"using":"xpath","value":"//span[contains(text(), \"PM Order\")]"}
COMMAND: POST /session/178b85f57970bb84ea8ca4b38e9643ac/element/f.4EFED878021992910014147A21BCF18D.d.7AA80B5BD431189598BD698CA0520163.e.5538/click - {}
RESULT: {}
RESULT: {}
COMMAND: GET /session/178b85f57970bb84ea8ca4b38e9643ac/screenshot - {}
RESULT: {}
COMMAND: POST /session/178b85f57970bb84ea8ca4b38e9643ac/element - {"using":"xpath","value":"//td/div/div/div/span[contains(@id, \"newResourceUnit--RUTimeSegment-0-vhi\")][1]"}
RESULT: {"using":"xpath","value":"//td/div/div/div/span[contains(@id, \"newResourceUnit--RUTimeSegment-0-vhi\")][1]"}
COMMAND: GET /session/178b85f57970bb84ea8ca4b38e9643ac/element/f.4EFED878021992910014147A21BCF18D.d.7AA80B5BD431189598BD698CA0520163.e.5542/rect - {}
RESULT: {}
COMMAND: GET /session/178b85f57970bb84ea8ca4b38e9643ac/window/rect - {}
RESULT: {}
COMMAND: POST /session/178b85f57970bb84ea8ca4b38e9643ac/execute/sync - {"script":"<script> [92 bytes]","args":[]}
RESULT: {"script":"<script> [92 bytes]","args":[]}
COMMAND: POST /session/178b85f57970bb84ea8ca4b38e9643ac/actions - {"actions":[{"id":"action17","type":"wheel","parameters":{},"actions":[{"type":"scroll","x":-1888,"y":-24,"deltaX":0,"deltaY":0,"duration":0,"origin":{"element-6066-11e4-a52e-4f735466cecf":"f.4EFED878021992910014147A21BCF18D.d.7AA80B5BD431189598BD698CA0520163.e.5542"}}]}]}
COMMAND: GET /session/178b85f57970bb84ea8ca4b38e9643ac/screenshot - {}
RESULT: {}
COMMAND: POST /session/178b85f57970bb84ea8ca4b38e9643ac/execute/sync - {"script":"<script> [79 bytes]","args":[{"element-6066-11e4-a52e-4f735466cecf":"f.4EFED878021992910014147A21BCF18D.d.7AA80B5BD431189598BD698CA0520163.e.5542","ELEMENT":"f.4EFED878021992910014147A21BCF18D.d.7AA80B5BD431189598BD698CA0520163.e.5542"},{"block":"start","inline":"nearest"}]}
RESULT: {"script":"<script> [79 bytes]","args":[{"element-6066-11e4-a52e-4f735466cecf":"f.4EFED878021992910014147A21BCF18D.d.7AA80B5BD431189598BD698CA0520163.e.5542","ELEMENT":"f.4EFED878021992910014147A21BCF18D.d.7AA80B5BD431189598BD698CA0520163.e.5542"},{"block":"start","inline":"nearest"}]}
COMMAND: GET /session/178b85f57970bb84ea8ca4b38e9643ac/screenshot - {}
RESULT: {}
COMMAND: POST /session/178b85f57970bb84ea8ca4b38e9643ac/element/f.4EFED878021992910014147A21BCF18D.d.7AA80B5BD431189598BD698CA0520163.e.5542/click - {}
RESULT: {}
COMMAND: GET /session/178b85f57970bb84ea8ca4b38e9643ac/screenshot - {}
RESULT: {}
COMMAND: POST /session/178b85f57970bb84ea8ca4b38e9643ac/execute/async - {"script":"<script> [1562 bytes]","args":[{"selector":{"controlType":"sap.m.SearchField","properties":{"placeholder":"Search"},"searchOpenDialogs":true,"interaction":{"idSuffix":"I"}},"wdio_ui5_key":"sapm.SearchField{\"placeholder\":\"Search\"}"}]}
RESULT: {"script":"<script> [1562 bytes]","args":[{"selector":{"controlType":"sap.m.SearchField","properties":{"placeholder":"Search"},"searchOpenDialogs":true,"interaction":{"idSuffix":"I"}},"wdio_ui5_key":"sapm.SearchField{\"placeholder\":\"Search\"}"}]}
RESULT: undefined
COMMAND: POST /session/178b85f57970bb84ea8ca4b38e9643ac/execute/async - {"script":"<script> [776 bytes]","args":[{"enterText":"4000360","selector":{"controlType":"sap.m.SearchField","properties":{"placeholder":"Search"},"searchOpenDialogs":true,"interaction":{"idSuffix":"I"}},"clearTextFirst":true,"interactionType":"ENTER_TEXT"}]}
RESULT: {"script":"<script> [776 bytes]","args":[{"enterText":"4000360","selector":{"controlType":"sap.m.SearchField","properties":{"placeholder":"Search"},"searchOpenDialogs":true,"interaction":{"idSuffix":"I"}},"clearTextFirst":true,"interactionType":"ENTER_TEXT"}]}
COMMAND: POST /session/178b85f57970bb84ea8ca4b38e9643ac/actions - {"actions":[{"id":"action18","type":"key","parameters":{},"actions":[{"type":"keyDown","value":"î€‡"},{"type":"pause","duration":10},{"type":"keyUp","value":"î€‡"}]}]}
RESULT: {"actions":[{"id":"action18","type":"key","parameters":{},"actions":[{"type":"keyDown","value":"î€‡"},{"type":"pause","duration":10},{"type":"keyUp","value":"î€‡"}]}]}
COMMAND: GET /session/178b85f57970bb84ea8ca4b38e9643ac/screenshot - {}
RESULT: {}
COMMAND: POST /session/178b85f57970bb84ea8ca4b38e9643ac/element - {"using":"xpath","value":"//td/div/span[contains(text(), \"BGL Vehicles\")]"}
RESULT: {"using":"xpath","value":"//td/div/span[contains(text(), \"BGL Vehicles\")]"}
COMMAND: POST /session/178b85f57970bb84ea8ca4b38e9643ac/element/f.4EFED878021992910014147A21BCF18D.d.7AA80B5BD431189598BD698CA0520163.e.5563/click - {}
RESULT: {}
COMMAND: GET /session/178b85f57970bb84ea8ca4b38e9643ac/screenshot - {}
RESULT: {}
COMMAND: POST /session/178b85f57970bb84ea8ca4b38e9643ac/element - {"using":"xpath","value":"//bdi[contains(text(), \"OK\")]"}
RESULT: {"using":"xpath","value":"//bdi[contains(text(), \"OK\")]"}
COMMAND: POST /session/178b85f57970bb84ea8ca4b38e9643ac/element/f.4EFED878021992910014147A21BCF18D.d.7AA80B5BD431189598BD698CA0520163.e.5564/click - {}
RESULT: {}
COMMAND: GET /session/178b85f57970bb84ea8ca4b38e9643ac/screenshot - {}
RESULT: {}
COMMAND: POST /session/178b85f57970bb84ea8ca4b38e9643ac/element - {"using":"xpath","value":"//label[contains(@class, 'sapMLabelRequired') and .//bdi[contains(text(), 'Planned Retirement')]]"}
RESULT: {"using":"xpath","value":"//label[contains(@class, 'sapMLabelRequired') and .//bdi[contains(text(), 'Planned Retirement')]]"}
COMMAND: POST /session/178b85f57970bb84ea8ca4b38e9643ac/elements - {"using":"xpath","value":"//label[contains(@class, 'sapMLabelRequired') and .//bdi[contains(text(), 'Planned Retirement')]]"}
RESULT: {"using":"xpath","value":"//label[contains(@class, 'sapMLabelRequired') and .//bdi[contains(text(), 'Planned Retirement')]]"}
COMMAND: POST /session/178b85f57970bb84ea8ca4b38e9643ac/element - {"using":"xpath","value":"//button[@data-kt=\"resourceUnitSaveButton\"]"}
RESULT: {"using":"xpath","value":"//button[@data-kt=\"resourceUnitSaveButton\"]"}
COMMAND: POST /session/178b85f57970bb84ea8ca4b38e9643ac/element/f.4EFED878021992910014147A21BCF18D.d.7AA80B5BD431189598BD698CA0520163.e.5466/click - {}
RESULT: {}
COMMAND: GET /session/178b85f57970bb84ea8ca4b38e9643ac/screenshot - {}
RESULT: {}
COMMAND: POST /session/178b85f57970bb84ea8ca4b38e9643ac/element - {"using":"xpath","value":"//bdi[contains(text(), \"Close\")]"}
RESULT: {"using":"xpath","value":"//bdi[contains(text(), \"Close\")]"}
COMMAND: POST /session/178b85f57970bb84ea8ca4b38e9643ac/element/f.4EFED878021992910014147A21BCF18D.d.7AA80B5BD431189598BD698CA0520163.e.5571/click - {}
RESULT: {}
COMMAND: GET /session/178b85f57970bb84ea8ca4b38e9643ac/screenshot - {}
RESULT: {}
COMMAND: POST /session/178b85f57970bb84ea8ca4b38e9643ac/element - {"using":"xpath","value":"//header[contains(@id, 'detailRruPage-headerTitle')]/div[1]/div[2]/div[2]/span[1]"}
RESULT: {"using":"xpath","value":"//header[contains(@id, 'detailRruPage-headerTitle')]/div[1]/div[2]/div[2]/span[1]"}
COMMAND: POST /session/178b85f57970bb84ea8ca4b38e9643ac/elements - {"using":"xpath","value":"//header[contains(@id, 'detailRruPage-headerTitle')]/div[1]/div[2]/div[2]/span[1]"}
RESULT: {"using":"xpath","value":"//header[contains(@id, 'detailRruPage-headerTitle')]/div[1]/div[2]/div[2]/span[1]"}
COMMAND: POST /session/178b85f57970bb84ea8ca4b38e9643ac/execute/sync - {"script":"<script> [56 bytes]","args":[{"element-6066-11e4-a52e-4f735466cecf":"f.4EFED878021992910014147A21BCF18D.d.7AA80B5BD431189598BD698CA0520163.e.5607","ELEMENT":"f.4EFED878021992910014147A21BCF18D.d.7AA80B5BD431189598BD698CA0520163.e.5607"}]}
RESULT: {"script":"<script> [56 bytes]","args":[{"element-6066-11e4-a52e-4f735466cecf":"f.4EFED878021992910014147A21BCF18D.d.7AA80B5BD431189598BD698CA0520163.e.5607","ELEMENT":"f.4EFED878021992910014147A21BCF18D.d.7AA80B5BD431189598BD698CA0520163.e.5607"}]}
COMMAND: POST /session/178b85f57970bb84ea8ca4b38e9643ac/element - {"using":"css selector","value":"#shell-header-logo"}
COMMAND: GET /session/178b85f57970bb84ea8ca4b38e9643ac/screenshot - {}
RESULT: {"using":"css selector","value":"#shell-header-logo"}
COMMAND: POST /session/178b85f57970bb84ea8ca4b38e9643ac/element/f.4EFED878021992910014147A21BCF18D.d.7AA80B5BD431189598BD698CA0520163.e.5248/click - {}
RESULT: {}
RESULT: {}
COMMAND: GET /session/178b85f57970bb84ea8ca4b38e9643ac/screenshot - {}
RESULT: {}
]]></system-out>
    </testcase>
    <testcase classname="chrome.136_0_7103_93.windows.Create_masterdata_for_Yard_Overview_-_trigger_provide_US130988" name="Bin Status Report Should Create New Organization yard" time="84.347">
      <system-out><![CDATA[
COMMAND: POST /session/178b85f57970bb84ea8ca4b38e9643ac/execute/async - {"script":"<script> [1562 bytes]","args":[{"selector":{"controlType":"sap.m.GenericTile","properties":{"header":"Bin Status Report"}},"wdio_ui5_key":"sapm.GenericTile{\"header\":\"Bin Status Report\"}"}]}
RESULT: {"script":"<script> [1562 bytes]","args":[{"selector":{"controlType":"sap.m.GenericTile","properties":{"header":"Bin Status Report"}},"wdio_ui5_key":"sapm.GenericTile{\"header\":\"Bin Status Report\"}"}]}
RESULT: undefined
COMMAND: POST /session/178b85f57970bb84ea8ca4b38e9643ac/element - {"using":"xpath","value":"//*[@id=\"__tile104\"]"}
RESULT: {"using":"xpath","value":"//*[@id=\"__tile104\"]"}
COMMAND: POST /session/178b85f57970bb84ea8ca4b38e9643ac/element/f.4EFED878021992910014147A21BCF18D.d.7AA80B5BD431189598BD698CA0520163.e.5609/click - {}
RESULT: {}
COMMAND: GET /session/178b85f57970bb84ea8ca4b38e9643ac/screenshot - {}
RESULT: {}
COMMAND: POST /session/178b85f57970bb84ea8ca4b38e9643ac/elements - {"using":"xpath","value":"//span[text()='Error']"}
RESULT: {"using":"xpath","value":"//span[text()='Error']"}
COMMAND: POST /session/178b85f57970bb84ea8ca4b38e9643ac/element - {"using":"xpath","value":"//button[@id=\"application-binstatusreport-display-component---warehousing--createOrgBtn\"]"}
RESULT: {"using":"xpath","value":"//button[@id=\"application-binstatusreport-display-component---warehousing--createOrgBtn\"]"}
COMMAND: POST /session/178b85f57970bb84ea8ca4b38e9643ac/elements - {"using":"xpath","value":"//button[@id=\"application-binstatusreport-display-component---warehousing--createOrgBtn\"]"}
RESULT: {"using":"xpath","value":"//button[@id=\"application-binstatusreport-display-component---warehousing--createOrgBtn\"]"}
COMMAND: POST /session/178b85f57970bb84ea8ca4b38e9643ac/execute/sync - {"script":"<script> [8489 bytes]","args":[{"element-6066-11e4-a52e-4f735466cecf":"f.4EFED878021992910014147A21BCF18D.d.7AA80B5BD431189598BD698CA0520163.e.5668","ELEMENT":"f.4EFED878021992910014147A21BCF18D.d.7AA80B5BD431189598BD698CA0520163.e.5668"}]}
RESULT: {"script":"<script> [8489 bytes]","args":[{"element-6066-11e4-a52e-4f735466cecf":"f.4EFED878021992910014147A21BCF18D.d.7AA80B5BD431189598BD698CA0520163.e.5668","ELEMENT":"f.4EFED878021992910014147A21BCF18D.d.7AA80B5BD431189598BD698CA0520163.e.5668"}]}
COMMAND: GET /session/178b85f57970bb84ea8ca4b38e9643ac/element/f.4EFED878021992910014147A21BCF18D.d.7AA80B5BD431189598BD698CA0520163.e.5668/enabled - {}
COMMAND: GET /session/178b85f57970bb84ea8ca4b38e9643ac/screenshot - {}
RESULT: {}
COMMAND: POST /session/178b85f57970bb84ea8ca4b38e9643ac/execute/sync - {"script":"<script> [8489 bytes]","args":[{"element-6066-11e4-a52e-4f735466cecf":"f.4EFED878021992910014147A21BCF18D.d.7AA80B5BD431189598BD698CA0520163.e.5668","ELEMENT":"f.4EFED878021992910014147A21BCF18D.d.7AA80B5BD431189598BD698CA0520163.e.5668"}]}
COMMAND: GET /session/178b85f57970bb84ea8ca4b38e9643ac/screenshot - {}
RESULT: {}
RESULT: {"script":"<script> [8489 bytes]","args":[{"element-6066-11e4-a52e-4f735466cecf":"f.4EFED878021992910014147A21BCF18D.d.7AA80B5BD431189598BD698CA0520163.e.5668","ELEMENT":"f.4EFED878021992910014147A21BCF18D.d.7AA80B5BD431189598BD698CA0520163.e.5668"}]}
COMMAND: POST /session/178b85f57970bb84ea8ca4b38e9643ac/execute/sync - {"script":"<script> [5351 bytes]","args":[{"element-6066-11e4-a52e-4f735466cecf":"f.4EFED878021992910014147A21BCF18D.d.7AA80B5BD431189598BD698CA0520163.e.5668","ELEMENT":"f.4EFED878021992910014147A21BCF18D.d.7AA80B5BD431189598BD698CA0520163.e.5668"}]}
COMMAND: GET /session/178b85f57970bb84ea8ca4b38e9643ac/screenshot - {}
RESULT: {}
RESULT: {}
RESULT: {"script":"<script> [5351 bytes]","args":[{"element-6066-11e4-a52e-4f735466cecf":"f.4EFED878021992910014147A21BCF18D.d.7AA80B5BD431189598BD698CA0520163.e.5668","ELEMENT":"f.4EFED878021992910014147A21BCF18D.d.7AA80B5BD431189598BD698CA0520163.e.5668"}]}
COMMAND: GET /session/178b85f57970bb84ea8ca4b38e9643ac/screenshot - {}
RESULT: {}
COMMAND: POST /session/178b85f57970bb84ea8ca4b38e9643ac/element/f.4EFED878021992910014147A21BCF18D.d.7AA80B5BD431189598BD698CA0520163.e.5668/click - {}
RESULT: {}
COMMAND: GET /session/178b85f57970bb84ea8ca4b38e9643ac/screenshot - {}
RESULT: {}
COMMAND: POST /session/178b85f57970bb84ea8ca4b38e9643ac/execute/async - {"script":"<script> [1562 bytes]","args":[{"selector":{"id":"createOrganizationPop--sectionInput","searchOpenDialogs":true,"interaction":{"idSuffix":"inner"}},"wdio_ui5_key":"createOrganizationPopsectionInput"}]}
RESULT: {"script":"<script> [1562 bytes]","args":[{"selector":{"id":"createOrganizationPop--sectionInput","searchOpenDialogs":true,"interaction":{"idSuffix":"inner"}},"wdio_ui5_key":"createOrganizationPopsectionInput"}]}
RESULT: undefined
COMMAND: POST /session/178b85f57970bb84ea8ca4b38e9643ac/execute/async - {"script":"<script> [776 bytes]","args":[{"enterText":"WDIO-524","selector":{"id":"createOrganizationPop--sectionInput","searchOpenDialogs":true,"interaction":{"idSuffix":"inner"}},"clearTextFirst":true,"interactionType":"ENTER_TEXT"}]}
RESULT: {"script":"<script> [776 bytes]","args":[{"enterText":"WDIO-524","selector":{"id":"createOrganizationPop--sectionInput","searchOpenDialogs":true,"interaction":{"idSuffix":"inner"}},"clearTextFirst":true,"interactionType":"ENTER_TEXT"}]}
COMMAND: POST /session/178b85f57970bb84ea8ca4b38e9643ac/execute/async - {"script":"<script> [1562 bytes]","args":[{"selector":{"id":"createOrganizationPop--descriptionInput","searchOpenDialogs":true,"interaction":{"idSuffix":"inner"}},"wdio_ui5_key":"createOrganizationPopdescriptionInput"}]}
RESULT: {"script":"<script> [1562 bytes]","args":[{"selector":{"id":"createOrganizationPop--descriptionInput","searchOpenDialogs":true,"interaction":{"idSuffix":"inner"}},"wdio_ui5_key":"createOrganizationPopdescriptionInput"}]}
RESULT: undefined
COMMAND: POST /session/178b85f57970bb84ea8ca4b38e9643ac/execute/async - {"script":"<script> [776 bytes]","args":[{"enterText":"Shipping-524","selector":{"id":"createOrganizationPop--descriptionInput","searchOpenDialogs":true,"interaction":{"idSuffix":"inner"}},"clearTextFirst":true,"interactionType":"ENTER_TEXT"}]}
RESULT: {"script":"<script> [776 bytes]","args":[{"enterText":"Shipping-524","selector":{"id":"createOrganizationPop--descriptionInput","searchOpenDialogs":true,"interaction":{"idSuffix":"inner"}},"clearTextFirst":true,"interactionType":"ENTER_TEXT"}]}
COMMAND: POST /session/178b85f57970bb84ea8ca4b38e9643ac/element - {"using":"css selector","value":"#createOrganizationPop--yardOrg-inner"}
RESULT: {"using":"css selector","value":"#createOrganizationPop--yardOrg-inner"}
COMMAND: POST /session/178b85f57970bb84ea8ca4b38e9643ac/element/f.4EFED878021992910014147A21BCF18D.d.7AA80B5BD431189598BD698CA0520163.e.5686/clear - {}
RESULT: {}
COMMAND: POST /session/178b85f57970bb84ea8ca4b38e9643ac/element/f.4EFED878021992910014147A21BCF18D.d.7AA80B5BD431189598BD698CA0520163.e.5686/value - {"text":"524"}
COMMAND: GET /session/178b85f57970bb84ea8ca4b38e9643ac/screenshot - {}
RESULT: {"text":"524"}
COMMAND: GET /session/178b85f57970bb84ea8ca4b38e9643ac/screenshot - {}
RESULT: {}
RESULT: {}
COMMAND: POST /session/178b85f57970bb84ea8ca4b38e9643ac/actions - {"actions":[{"id":"action19","type":"key","parameters":{},"actions":[{"type":"keyDown","value":"î€‡"},{"type":"pause","duration":10},{"type":"keyUp","value":"î€‡"}]}]}
RESULT: {"actions":[{"id":"action19","type":"key","parameters":{},"actions":[{"type":"keyDown","value":"î€‡"},{"type":"pause","duration":10},{"type":"keyUp","value":"î€‡"}]}]}
COMMAND: POST /session/178b85f57970bb84ea8ca4b38e9643ac/execute/async - {"script":"<script> [1562 bytes]","args":[{"selector":{"id":"createOrganizationPop--grZone","searchOpenDialogs":true,"interaction":{"idSuffix":"CbBg"}},"wdio_ui5_key":"createOrganizationPopgrZone"}]}
COMMAND: GET /session/178b85f57970bb84ea8ca4b38e9643ac/screenshot - {}
RESULT: {"script":"<script> [1562 bytes]","args":[{"selector":{"id":"createOrganizationPop--grZone","searchOpenDialogs":true,"interaction":{"idSuffix":"CbBg"}},"wdio_ui5_key":"createOrganizationPopgrZone"}]}
RESULT: undefined
COMMAND: POST /session/178b85f57970bb84ea8ca4b38e9643ac/element - {"using":"xpath","value":"//*[@id=\"createOrganizationPop--grZone\"]"}
RESULT: {}
RESULT: {"using":"xpath","value":"//*[@id=\"createOrganizationPop--grZone\"]"}
COMMAND: POST /session/178b85f57970bb84ea8ca4b38e9643ac/element/f.4EFED878021992910014147A21BCF18D.d.7AA80B5BD431189598BD698CA0520163.e.5707/click - {}
RESULT: {}
COMMAND: GET /session/178b85f57970bb84ea8ca4b38e9643ac/screenshot - {}
RESULT: {}
COMMAND: POST /session/178b85f57970bb84ea8ca4b38e9643ac/execute/async - {"script":"<script> [1562 bytes]","args":[{"selector":{"id":"createOrganizationPop--giZone","searchOpenDialogs":true,"interaction":{"idSuffix":"CbBg"}},"wdio_ui5_key":"createOrganizationPopgiZone"}]}
RESULT: {"script":"<script> [1562 bytes]","args":[{"selector":{"id":"createOrganizationPop--giZone","searchOpenDialogs":true,"interaction":{"idSuffix":"CbBg"}},"wdio_ui5_key":"createOrganizationPopgiZone"}]}
RESULT: undefined
COMMAND: POST /session/178b85f57970bb84ea8ca4b38e9643ac/element - {"using":"xpath","value":"//*[@id=\"createOrganizationPop--giZone\"]"}
RESULT: {"using":"xpath","value":"//*[@id=\"createOrganizationPop--giZone\"]"}
COMMAND: POST /session/178b85f57970bb84ea8ca4b38e9643ac/element/f.4EFED878021992910014147A21BCF18D.d.7AA80B5BD431189598BD698CA0520163.e.5709/click - {}
RESULT: {}
COMMAND: GET /session/178b85f57970bb84ea8ca4b38e9643ac/screenshot - {}
RESULT: {}
COMMAND: POST /session/178b85f57970bb84ea8ca4b38e9643ac/execute/async - {"script":"<script> [1562 bytes]","args":[{"selector":{"id":"createOrganizationPop--binNoInput","searchOpenDialogs":true,"interaction":{"idSuffix":"inner"}},"wdio_ui5_key":"createOrganizationPopbinNoInput"}]}
RESULT: {"script":"<script> [1562 bytes]","args":[{"selector":{"id":"createOrganizationPop--binNoInput","searchOpenDialogs":true,"interaction":{"idSuffix":"inner"}},"wdio_ui5_key":"createOrganizationPopbinNoInput"}]}
RESULT: undefined
COMMAND: POST /session/178b85f57970bb84ea8ca4b38e9643ac/execute/async - {"script":"<script> [776 bytes]","args":[{"enterText":"Bin-Wd","selector":{"id":"createOrganizationPop--binNoInput","searchOpenDialogs":true,"interaction":{"idSuffix":"inner"}},"clearTextFirst":true,"interactionType":"ENTER_TEXT"}]}
RESULT: {"script":"<script> [776 bytes]","args":[{"enterText":"Bin-Wd","selector":{"id":"createOrganizationPop--binNoInput","searchOpenDialogs":true,"interaction":{"idSuffix":"inner"}},"clearTextFirst":true,"interactionType":"ENTER_TEXT"}]}
COMMAND: POST /session/178b85f57970bb84ea8ca4b38e9643ac/execute/async - {"script":"<script> [1562 bytes]","args":[{"selector":{"id":"createOrganizationPop--descriptionId","searchOpenDialogs":true,"interaction":{"idSuffix":"inner"}},"wdio_ui5_key":"createOrganizationPopdescriptionId"}]}
RESULT: {"script":"<script> [1562 bytes]","args":[{"selector":{"id":"createOrganizationPop--descriptionId","searchOpenDialogs":true,"interaction":{"idSuffix":"inner"}},"wdio_ui5_key":"createOrganizationPopdescriptionId"}]}
RESULT: undefined
COMMAND: POST /session/178b85f57970bb84ea8ca4b38e9643ac/execute/async - {"script":"<script> [776 bytes]","args":[{"enterText":"Shipping-Wd","selector":{"id":"createOrganizationPop--descriptionId","searchOpenDialogs":true,"interaction":{"idSuffix":"inner"}},"clearTextFirst":true,"interactionType":"ENTER_TEXT"}]}
RESULT: {"script":"<script> [776 bytes]","args":[{"enterText":"Shipping-Wd","selector":{"id":"createOrganizationPop--descriptionId","searchOpenDialogs":true,"interaction":{"idSuffix":"inner"}},"clearTextFirst":true,"interactionType":"ENTER_TEXT"}]}
COMMAND: POST /session/178b85f57970bb84ea8ca4b38e9643ac/execute/async - {"script":"<script> [1562 bytes]","args":[{"selector":{"controlType":"sap.m.CheckBox","viewName":"etm.portal.ui.binstatusreport.view.MasterWareBins","viewId":"application-binstatusreport-display-component---warehousing","bindingPath":{"path":"","propertyPath":"/ZONE","modelName":"newBin"},"searchOpenDialogs":true,"interaction":{"idSuffix":"CbBg"}},"wdio_ui5_key":"etmportal.ui.binstatusreport.view.MasterWareBinssap.m.CheckBox{\"path\":\"\",\"propertyPath\":\"/ZONE\",\"modelName\":\"newBin\"}"}]}
RESULT: {"script":"<script> [1562 bytes]","args":[{"selector":{"controlType":"sap.m.CheckBox","viewName":"etm.portal.ui.binstatusreport.view.MasterWareBins","viewId":"application-binstatusreport-display-component---warehousing","bindingPath":{"path":"","propertyPath":"/ZONE","modelName":"newBin"},"searchOpenDialogs":true,"interaction":{"idSuffix":"CbBg"}},"wdio_ui5_key":"etmportal.ui.binstatusreport.view.MasterWareBinssap.m.CheckBox{\"path\":\"\",\"propertyPath\":\"/ZONE\",\"modelName\":\"newBin\"}"}]}
RESULT: undefined
COMMAND: POST /session/178b85f57970bb84ea8ca4b38e9643ac/element - {"using":"xpath","value":"//*[@id=\"__box16\"]"}
RESULT: {"using":"xpath","value":"//*[@id=\"__box16\"]"}
COMMAND: POST /session/178b85f57970bb84ea8ca4b38e9643ac/element/f.4EFED878021992910014147A21BCF18D.d.7AA80B5BD431189598BD698CA0520163.e.5713/click - {}
RESULT: {}
COMMAND: GET /session/178b85f57970bb84ea8ca4b38e9643ac/screenshot - {}
RESULT: {}
COMMAND: POST /session/178b85f57970bb84ea8ca4b38e9643ac/execute/async - {"script":"<script> [1562 bytes]","args":[{"selector":{"id":"createOrganizationPop--binTypesCB","searchOpenDialogs":true,"interaction":{"idSuffix":"inner"}},"wdio_ui5_key":"createOrganizationPopbinTypesCB"}]}
RESULT: {"script":"<script> [1562 bytes]","args":[{"selector":{"id":"createOrganizationPop--binTypesCB","searchOpenDialogs":true,"interaction":{"idSuffix":"inner"}},"wdio_ui5_key":"createOrganizationPopbinTypesCB"}]}
RESULT: undefined
COMMAND: POST /session/178b85f57970bb84ea8ca4b38e9643ac/execute/async - {"script":"<script> [776 bytes]","args":[{"enterText":"1 - General / No capacity check","selector":{"id":"createOrganizationPop--binTypesCB","searchOpenDialogs":true,"interaction":{"idSuffix":"inner"}},"clearTextFirst":true,"interactionType":"ENTER_TEXT"}]}
RESULT: {"script":"<script> [776 bytes]","args":[{"enterText":"1 - General / No capacity check","selector":{"id":"createOrganizationPop--binTypesCB","searchOpenDialogs":true,"interaction":{"idSuffix":"inner"}},"clearTextFirst":true,"interactionType":"ENTER_TEXT"}]}
COMMAND: POST /session/178b85f57970bb84ea8ca4b38e9643ac/actions - {"actions":[{"id":"action20","type":"key","parameters":{},"actions":[{"type":"keyDown","value":"î€‡"},{"type":"pause","duration":10},{"type":"keyUp","value":"î€‡"}]}]}
RESULT: {"actions":[{"id":"action20","type":"key","parameters":{},"actions":[{"type":"keyDown","value":"î€‡"},{"type":"pause","duration":10},{"type":"keyUp","value":"î€‡"}]}]}
COMMAND: GET /session/178b85f57970bb84ea8ca4b38e9643ac/screenshot - {}
RESULT: {}
COMMAND: POST /session/178b85f57970bb84ea8ca4b38e9643ac/execute/async - {"script":"<script> [1562 bytes]","args":[{"selector":{"id":"createOrganizationPop--finishBtn","searchOpenDialogs":true,"interaction":{"idSuffix":"BDI-content"}},"wdio_ui5_key":"createOrganizationPopfinishBtn"}]}
RESULT: {"script":"<script> [1562 bytes]","args":[{"selector":{"id":"createOrganizationPop--finishBtn","searchOpenDialogs":true,"interaction":{"idSuffix":"BDI-content"}},"wdio_ui5_key":"createOrganizationPopfinishBtn"}]}
RESULT: undefined
COMMAND: POST /session/178b85f57970bb84ea8ca4b38e9643ac/element - {"using":"xpath","value":"//*[@id=\"createOrganizationPop--finishBtn\"]"}
RESULT: {"using":"xpath","value":"//*[@id=\"createOrganizationPop--finishBtn\"]"}
COMMAND: POST /session/178b85f57970bb84ea8ca4b38e9643ac/element/f.4EFED878021992910014147A21BCF18D.d.7AA80B5BD431189598BD698CA0520163.e.5721/click - {}
RESULT: {}
COMMAND: GET /session/178b85f57970bb84ea8ca4b38e9643ac/screenshot - {}
RESULT: {}
COMMAND: POST /session/178b85f57970bb84ea8ca4b38e9643ac/element - {"using":"css selector","value":"#shell-header-logo"}
RESULT: {"using":"css selector","value":"#shell-header-logo"}
COMMAND: POST /session/178b85f57970bb84ea8ca4b38e9643ac/element/f.4EFED878021992910014147A21BCF18D.d.7AA80B5BD431189598BD698CA0520163.e.5615/click - {}
RESULT: {}
COMMAND: GET /session/178b85f57970bb84ea8ca4b38e9643ac/screenshot - {}
RESULT: {}
]]></system-out>
    </testcase>
    <testcase classname="chrome.136_0_7103_93.windows.Create_masterdata_for_Yard_Overview_-_trigger_provide_US130988" name="Should do a stock increase handover" time="92.636">
      <system-out><![CDATA[
COMMAND: POST /session/178b85f57970bb84ea8ca4b38e9643ac/execute/async - {"script":"<script> [1562 bytes]","args":[{"selector":{"controlType":"sap.m.GenericTile","properties":{"header":"Manage Handovers"}},"wdio_ui5_key":"sapm.GenericTile{\"header\":\"Manage Handovers\"}"}]}
RESULT: {"script":"<script> [1562 bytes]","args":[{"selector":{"controlType":"sap.m.GenericTile","properties":{"header":"Manage Handovers"}},"wdio_ui5_key":"sapm.GenericTile{\"header\":\"Manage Handovers\"}"}]}
RESULT: undefined
COMMAND: POST /session/178b85f57970bb84ea8ca4b38e9643ac/element - {"using":"xpath","value":"//*[@id=\"__tile132\"]"}
RESULT: {"using":"xpath","value":"//*[@id=\"__tile132\"]"}
COMMAND: POST /session/178b85f57970bb84ea8ca4b38e9643ac/element/f.4EFED878021992910014147A21BCF18D.d.7AA80B5BD431189598BD698CA0520163.e.5195/click - {}
RESULT: {}
COMMAND: GET /session/178b85f57970bb84ea8ca4b38e9643ac/screenshot - {}
RESULT: {}
COMMAND: POST /session/178b85f57970bb84ea8ca4b38e9643ac/elements - {"using":"xpath","value":"//span[text()='Error']"}
RESULT: {"using":"xpath","value":"//span[text()='Error']"}
COMMAND: POST /session/178b85f57970bb84ea8ca4b38e9643ac/element - {"using":"xpath","value":"//button[@data-kt=\"masterHOAddButton\"]"}
RESULT: {"using":"xpath","value":"//button[@data-kt=\"masterHOAddButton\"]"}
COMMAND: POST /session/178b85f57970bb84ea8ca4b38e9643ac/elements - {"using":"xpath","value":"//button[@data-kt=\"masterHOAddButton\"]"}
RESULT: {"using":"xpath","value":"//button[@data-kt=\"masterHOAddButton\"]"}
COMMAND: POST /session/178b85f57970bb84ea8ca4b38e9643ac/execute/sync - {"script":"<script> [8489 bytes]","args":[{"element-6066-11e4-a52e-4f735466cecf":"f.4EFED878021992910014147A21BCF18D.d.7AA80B5BD431189598BD698CA0520163.e.5766","ELEMENT":"f.4EFED878021992910014147A21BCF18D.d.7AA80B5BD431189598BD698CA0520163.e.5766"}]}
RESULT: {"script":"<script> [8489 bytes]","args":[{"element-6066-11e4-a52e-4f735466cecf":"f.4EFED878021992910014147A21BCF18D.d.7AA80B5BD431189598BD698CA0520163.e.5766","ELEMENT":"f.4EFED878021992910014147A21BCF18D.d.7AA80B5BD431189598BD698CA0520163.e.5766"}]}
COMMAND: GET /session/178b85f57970bb84ea8ca4b38e9643ac/element/f.4EFED878021992910014147A21BCF18D.d.7AA80B5BD431189598BD698CA0520163.e.5766/enabled - {}
COMMAND: GET /session/178b85f57970bb84ea8ca4b38e9643ac/screenshot - {}
RESULT: {}
COMMAND: POST /session/178b85f57970bb84ea8ca4b38e9643ac/execute/sync - {"script":"<script> [8489 bytes]","args":[{"element-6066-11e4-a52e-4f735466cecf":"f.4EFED878021992910014147A21BCF18D.d.7AA80B5BD431189598BD698CA0520163.e.5766","ELEMENT":"f.4EFED878021992910014147A21BCF18D.d.7AA80B5BD431189598BD698CA0520163.e.5766"}]}
COMMAND: GET /session/178b85f57970bb84ea8ca4b38e9643ac/screenshot - {}
RESULT: {}
RESULT: {"script":"<script> [8489 bytes]","args":[{"element-6066-11e4-a52e-4f735466cecf":"f.4EFED878021992910014147A21BCF18D.d.7AA80B5BD431189598BD698CA0520163.e.5766","ELEMENT":"f.4EFED878021992910014147A21BCF18D.d.7AA80B5BD431189598BD698CA0520163.e.5766"}]}
COMMAND: POST /session/178b85f57970bb84ea8ca4b38e9643ac/execute/sync - {"script":"<script> [5351 bytes]","args":[{"element-6066-11e4-a52e-4f735466cecf":"f.4EFED878021992910014147A21BCF18D.d.7AA80B5BD431189598BD698CA0520163.e.5766","ELEMENT":"f.4EFED878021992910014147A21BCF18D.d.7AA80B5BD431189598BD698CA0520163.e.5766"}]}
COMMAND: GET /session/178b85f57970bb84ea8ca4b38e9643ac/screenshot - {}
RESULT: {}
RESULT: {"script":"<script> [5351 bytes]","args":[{"element-6066-11e4-a52e-4f735466cecf":"f.4EFED878021992910014147A21BCF18D.d.7AA80B5BD431189598BD698CA0520163.e.5766","ELEMENT":"f.4EFED878021992910014147A21BCF18D.d.7AA80B5BD431189598BD698CA0520163.e.5766"}]}
COMMAND: POST /session/178b85f57970bb84ea8ca4b38e9643ac/element/f.4EFED878021992910014147A21BCF18D.d.7AA80B5BD431189598BD698CA0520163.e.5766/click - {}
COMMAND: GET /session/178b85f57970bb84ea8ca4b38e9643ac/screenshot - {}
RESULT: {}
RESULT: {}
COMMAND: GET /session/178b85f57970bb84ea8ca4b38e9643ac/screenshot - {}
COMMAND: POST /session/178b85f57970bb84ea8ca4b38e9643ac/element - {"using":"xpath","value":"//span[contains(@id ,\"AddNewHO--typeSelect-arrow\")]"}
RESULT: {}
RESULT: {}
RESULT: {"using":"xpath","value":"//span[contains(@id ,\"AddNewHO--typeSelect-arrow\")]"}
COMMAND: POST /session/178b85f57970bb84ea8ca4b38e9643ac/element/f.4EFED878021992910014147A21BCF18D.d.7AA80B5BD431189598BD698CA0520163.e.6120/click - {}
RESULT: {}
COMMAND: GET /session/178b85f57970bb84ea8ca4b38e9643ac/screenshot - {}
RESULT: {}
COMMAND: POST /session/178b85f57970bb84ea8ca4b38e9643ac/element - {"using":"xpath","value":"(//li[contains(text(), \"stock increase yard\")])[1]"}
RESULT: {"using":"xpath","value":"(//li[contains(text(), \"stock increase yard\")])[1]"}
COMMAND: POST /session/178b85f57970bb84ea8ca4b38e9643ac/element/f.4EFED878021992910014147A21BCF18D.d.7AA80B5BD431189598BD698CA0520163.e.6121/click - {}
RESULT: {}
COMMAND: GET /session/178b85f57970bb84ea8ca4b38e9643ac/screenshot - {}
RESULT: {}
COMMAND: POST /session/178b85f57970bb84ea8ca4b38e9643ac/execute/async - {"script":"<script> [1562 bytes]","args":[{"selector":{"id":"application-managehandovers-display-component---AddNewHO--dueDate","interaction":{"idSuffix":"inner"}},"wdio_ui5_key":"applicationmanagehandovers-display-component---AddNewHO--dueDate"}]}
RESULT: {"script":"<script> [1562 bytes]","args":[{"selector":{"id":"application-managehandovers-display-component---AddNewHO--dueDate","interaction":{"idSuffix":"inner"}},"wdio_ui5_key":"applicationmanagehandovers-display-component---AddNewHO--dueDate"}]}
RESULT: undefined
COMMAND: POST /session/178b85f57970bb84ea8ca4b38e9643ac/execute/async - {"script":"<script> [6424 bytes]","args":[{"element-6066-11e4-a52e-4f735466cecf":"f.4EFED878021992910014147A21BCF18D.d.7AA80B5BD431189598BD698CA0520163.e.6123"},"setValue",["5/18/25"]]}
RESULT: {"script":"<script> [6424 bytes]","args":[{"element-6066-11e4-a52e-4f735466cecf":"f.4EFED878021992910014147A21BCF18D.d.7AA80B5BD431189598BD698CA0520163.e.6123"},"setValue",["5/18/25"]]}
COMMAND: POST /session/178b85f57970bb84ea8ca4b38e9643ac/element - {"using":"xpath","value":"//input[@id=\"generalSectionFrg--receiveYard-inner\"]"}
RESULT: {"using":"xpath","value":"//input[@id=\"generalSectionFrg--receiveYard-inner\"]"}
COMMAND: POST /session/178b85f57970bb84ea8ca4b38e9643ac/element/f.4EFED878021992910014147A21BCF18D.d.7AA80B5BD431189598BD698CA0520163.e.6127/clear - {}
RESULT: {}
COMMAND: POST /session/178b85f57970bb84ea8ca4b38e9643ac/element/f.4EFED878021992910014147A21BCF18D.d.7AA80B5BD431189598BD698CA0520163.e.6127/value - {"text":"524"}
COMMAND: GET /session/178b85f57970bb84ea8ca4b38e9643ac/screenshot - {}
RESULT: {"text":"524"}
COMMAND: GET /session/178b85f57970bb84ea8ca4b38e9643ac/screenshot - {}
RESULT: {}
RESULT: {}
COMMAND: POST /session/178b85f57970bb84ea8ca4b38e9643ac/element - {"using":"xpath","value":"//li[.//span[text()='524']]"}
RESULT: {"using":"xpath","value":"//li[.//span[text()='524']]"}
COMMAND: POST /session/178b85f57970bb84ea8ca4b38e9643ac/element/f.4EFED878021992910014147A21BCF18D.d.7AA80B5BD431189598BD698CA0520163.e.6145/click - {}
RESULT: {}
COMMAND: GET /session/178b85f57970bb84ea8ca4b38e9643ac/screenshot - {}
RESULT: {}
COMMAND: POST /session/178b85f57970bb84ea8ca4b38e9643ac/execute/async - {"script":"<script> [1562 bytes]","args":[{"selector":{"id":"application-managehandovers-display-component---AddNewHO--ObjectPageLayout-anchBar-application-managehandovers-display-component---AddNewHO--section4-anchor","interaction":{"idSuffix":"BDI-content"}},"wdio_ui5_key":"applicationmanagehandovers-display-component---AddNewHO--ObjectPageLayout-anchBar-application-managehandovers-display-component---AddNewHO--section4-anchor"}]}
RESULT: {"script":"<script> [1562 bytes]","args":[{"selector":{"id":"application-managehandovers-display-component---AddNewHO--ObjectPageLayout-anchBar-application-managehandovers-display-component---AddNewHO--section4-anchor","interaction":{"idSuffix":"BDI-content"}},"wdio_ui5_key":"applicationmanagehandovers-display-component---AddNewHO--ObjectPageLayout-anchBar-application-managehandovers-display-component---AddNewHO--section4-anchor"}]}
RESULT: undefined
COMMAND: POST /session/178b85f57970bb84ea8ca4b38e9643ac/element - {"using":"xpath","value":"//*[@id=\"application-managehandovers-display-component---AddNewHO--ObjectPageLayout-anchBar-application-managehandovers-display-component---AddNewHO--section4-anchor\"]"}
RESULT: {"using":"xpath","value":"//*[@id=\"application-managehandovers-display-component---AddNewHO--ObjectPageLayout-anchBar-application-managehandovers-display-component---AddNewHO--section4-anchor\"]"}
COMMAND: POST /session/178b85f57970bb84ea8ca4b38e9643ac/element/f.4EFED878021992910014147A21BCF18D.d.7AA80B5BD431189598BD698CA0520163.e.6147/click - {}
RESULT: {}
COMMAND: POST /session/178b85f57970bb84ea8ca4b38e9643ac/element - {"using":"xpath","value":"//button[@aria-label=\"Add\"]"}
COMMAND: GET /session/178b85f57970bb84ea8ca4b38e9643ac/screenshot - {}
RESULT: {"using":"xpath","value":"//button[@aria-label=\"Add\"]"}
COMMAND: POST /session/178b85f57970bb84ea8ca4b38e9643ac/element/f.4EFED878021992910014147A21BCF18D.d.7AA80B5BD431189598BD698CA0520163.e.6149/click - {}
RESULT: {}
RESULT: {}
COMMAND: GET /session/178b85f57970bb84ea8ca4b38e9643ac/screenshot - {}
RESULT: {}
COMMAND: POST /session/178b85f57970bb84ea8ca4b38e9643ac/execute/async - {"script":"<script> [1562 bytes]","args":[{"selector":{"id":"application-managehandovers-display-component---AddNewHO--smartFilterBar-btnBasicSearch","searchOpenDialogs":true,"interaction":{"idSuffix":"I"}},"wdio_ui5_key":"applicationmanagehandovers-display-component---AddNewHO--smartFilterBar-btnBasicSearch"}]}
RESULT: {"script":"<script> [1562 bytes]","args":[{"selector":{"id":"application-managehandovers-display-component---AddNewHO--smartFilterBar-btnBasicSearch","searchOpenDialogs":true,"interaction":{"idSuffix":"I"}},"wdio_ui5_key":"applicationmanagehandovers-display-component---AddNewHO--smartFilterBar-btnBasicSearch"}]}
RESULT: undefined
COMMAND: POST /session/178b85f57970bb84ea8ca4b38e9643ac/execute/async - {"script":"<script> [776 bytes]","args":[{"enterText":"200275","selector":{"id":"application-managehandovers-display-component---AddNewHO--smartFilterBar-btnBasicSearch","searchOpenDialogs":true,"interaction":{"idSuffix":"I"}},"clearTextFirst":true,"interactionType":"ENTER_TEXT"}]}
RESULT: {"script":"<script> [776 bytes]","args":[{"enterText":"200275","selector":{"id":"application-managehandovers-display-component---AddNewHO--smartFilterBar-btnBasicSearch","searchOpenDialogs":true,"interaction":{"idSuffix":"I"}},"clearTextFirst":true,"interactionType":"ENTER_TEXT"}]}
COMMAND: POST /session/178b85f57970bb84ea8ca4b38e9643ac/actions - {"actions":[{"id":"action21","type":"key","parameters":{},"actions":[{"type":"keyDown","value":"î€‡"},{"type":"pause","duration":10},{"type":"keyUp","value":"î€‡"}]}]}
RESULT: {"actions":[{"id":"action21","type":"key","parameters":{},"actions":[{"type":"keyDown","value":"î€‡"},{"type":"pause","duration":10},{"type":"keyUp","value":"î€‡"}]}]}
COMMAND: GET /session/178b85f57970bb84ea8ca4b38e9643ac/screenshot - {}
RESULT: {}
COMMAND: POST /session/178b85f57970bb84ea8ca4b38e9643ac/execute/async - {"script":"<script> [1562 bytes]","args":[{"selector":{"id":"application-managehandovers-display-component---AddNewHO--popup-sa","searchOpenDialogs":true,"interaction":{"idSuffix":"CbBg"}},"wdio_ui5_key":"applicationmanagehandovers-display-component---AddNewHO--popup-sa"}]}
RESULT: {"script":"<script> [1562 bytes]","args":[{"selector":{"id":"application-managehandovers-display-component---AddNewHO--popup-sa","searchOpenDialogs":true,"interaction":{"idSuffix":"CbBg"}},"wdio_ui5_key":"applicationmanagehandovers-display-component---AddNewHO--popup-sa"}]}
RESULT: undefined
COMMAND: POST /session/178b85f57970bb84ea8ca4b38e9643ac/element - {"using":"xpath","value":"//*[@id=\"application-managehandovers-display-component---AddNewHO--popup-sa\"]"}
RESULT: {"using":"xpath","value":"//*[@id=\"application-managehandovers-display-component---AddNewHO--popup-sa\"]"}
COMMAND: POST /session/178b85f57970bb84ea8ca4b38e9643ac/element/f.4EFED878021992910014147A21BCF18D.d.7AA80B5BD431189598BD698CA0520163.e.6303/click - {}
RESULT: {}
COMMAND: GET /session/178b85f57970bb84ea8ca4b38e9643ac/screenshot - {}
RESULT: {}
COMMAND: POST /session/178b85f57970bb84ea8ca4b38e9643ac/element - {"using":"xpath","value":"//bdi[contains(text(), \"Select\")]"}
RESULT: {"using":"xpath","value":"//bdi[contains(text(), \"Select\")]"}
COMMAND: POST /session/178b85f57970bb84ea8ca4b38e9643ac/element/f.4EFED878021992910014147A21BCF18D.d.7AA80B5BD431189598BD698CA0520163.e.6304/click - {}
RESULT: {}
COMMAND: GET /session/178b85f57970bb84ea8ca4b38e9643ac/screenshot - {}
RESULT: {}
COMMAND: POST /session/178b85f57970bb84ea8ca4b38e9643ac/element - {"using":"xpath","value":"//button[@data-kt=\"AddNewHOSaveButton\"]"}
RESULT: {"using":"xpath","value":"//button[@data-kt=\"AddNewHOSaveButton\"]"}
COMMAND: POST /session/178b85f57970bb84ea8ca4b38e9643ac/element/f.4EFED878021992910014147A21BCF18D.d.7AA80B5BD431189598BD698CA0520163.e.6308/click - {}
RESULT: {}
COMMAND: GET /session/178b85f57970bb84ea8ca4b38e9643ac/screenshot - {}
RESULT: {}
COMMAND: POST /session/178b85f57970bb84ea8ca4b38e9643ac/execute/async - {"script":"<script> [1562 bytes]","args":[{"selector":{"id":"receiptDatePicker","viewName":"etm.portal.ui.managehandovers.view.DetailExecuteHO","interaction":{"idSuffix":"inner"}},"wdio_ui5_key":"receiptDatePickeretmportal.ui.managehandovers.view.DetailExecuteHO"}]}
RESULT: {"script":"<script> [1562 bytes]","args":[{"selector":{"id":"receiptDatePicker","viewName":"etm.portal.ui.managehandovers.view.DetailExecuteHO","interaction":{"idSuffix":"inner"}},"wdio_ui5_key":"receiptDatePickeretmportal.ui.managehandovers.view.DetailExecuteHO"}]}
RESULT: undefined
COMMAND: POST /session/178b85f57970bb84ea8ca4b38e9643ac/execute/async - {"script":"<script> [6424 bytes]","args":[{"element-6066-11e4-a52e-4f735466cecf":"f.4EFED878021992910014147A21BCF18D.d.7AA80B5BD431189598BD698CA0520163.e.6327"},"setValue",["5/18/25"]]}
RESULT: {"script":"<script> [6424 bytes]","args":[{"element-6066-11e4-a52e-4f735466cecf":"f.4EFED878021992910014147A21BCF18D.d.7AA80B5BD431189598BD698CA0520163.e.6327"},"setValue",["5/18/25"]]}
COMMAND: POST /session/178b85f57970bb84ea8ca4b38e9643ac/element - {"using":"xpath","value":"//button[@data-kt=\"PickingTableConfirmAllButton\"]"}
RESULT: {"using":"xpath","value":"//button[@data-kt=\"PickingTableConfirmAllButton\"]"}
COMMAND: POST /session/178b85f57970bb84ea8ca4b38e9643ac/element/f.4EFED878021992910014147A21BCF18D.d.7AA80B5BD431189598BD698CA0520163.e.6344/click - {}
RESULT: {}
COMMAND: GET /session/178b85f57970bb84ea8ca4b38e9643ac/screenshot - {}
RESULT: {}
COMMAND: POST /session/178b85f57970bb84ea8ca4b38e9643ac/element - {"using":"xpath","value":"//bdi[contains(text(), \"OK\")]"}
RESULT: {"using":"xpath","value":"//bdi[contains(text(), \"OK\")]"}
COMMAND: POST /session/178b85f57970bb84ea8ca4b38e9643ac/element/f.4EFED878021992910014147A21BCF18D.d.7AA80B5BD431189598BD698CA0520163.e.6346/click - {}
RESULT: {}
COMMAND: GET /session/178b85f57970bb84ea8ca4b38e9643ac/screenshot - {}
RESULT: {}
COMMAND: POST /session/178b85f57970bb84ea8ca4b38e9643ac/element - {"using":"xpath","value":"(//bdi[contains(text(), \"Receive\")])[2]"}
RESULT: {"using":"xpath","value":"(//bdi[contains(text(), \"Receive\")])[2]"}
COMMAND: POST /session/178b85f57970bb84ea8ca4b38e9643ac/element/f.4EFED878021992910014147A21BCF18D.d.7AA80B5BD431189598BD698CA0520163.e.6348/click - {}
RESULT: {}
COMMAND: GET /session/178b85f57970bb84ea8ca4b38e9643ac/screenshot - {}
RESULT: {}
COMMAND: POST /session/178b85f57970bb84ea8ca4b38e9643ac/element - {"using":"css selector","value":"#shell-header-logo"}
RESULT: {"using":"css selector","value":"#shell-header-logo"}
COMMAND: POST /session/178b85f57970bb84ea8ca4b38e9643ac/element/f.4EFED878021992910014147A21BCF18D.d.7AA80B5BD431189598BD698CA0520163.e.5729/click - {}
RESULT: {}
COMMAND: GET /session/178b85f57970bb84ea8ca4b38e9643ac/screenshot - {}
RESULT: {}
]]></system-out>
    </testcase>
    <testcase classname="chrome.136_0_7103_93.windows.Create_masterdata_for_Yard_Overview_-_trigger_provide_US130988" name="Should Putaway WHM" time="107.615">
      <system-out><![CDATA[
COMMAND: POST /session/178b85f57970bb84ea8ca4b38e9643ac/execute/async - {"script":"<script> [1562 bytes]","args":[{"selector":{"controlType":"sap.m.GenericTile","properties":{"header":"Manage Warehouse Movements"}},"wdio_ui5_key":"sapm.GenericTile{\"header\":\"Manage Warehouse Movements\"}"}]}
RESULT: {"script":"<script> [1562 bytes]","args":[{"selector":{"controlType":"sap.m.GenericTile","properties":{"header":"Manage Warehouse Movements"}},"wdio_ui5_key":"sapm.GenericTile{\"header\":\"Manage Warehouse Movements\"}"}]}
RESULT: undefined
COMMAND: POST /session/178b85f57970bb84ea8ca4b38e9643ac/element - {"using":"xpath","value":"//*[@id=\"__tile105\"]"}
RESULT: {"using":"xpath","value":"//*[@id=\"__tile105\"]"}
COMMAND: POST /session/178b85f57970bb84ea8ca4b38e9643ac/element/f.4EFED878021992910014147A21BCF18D.d.7AA80B5BD431189598BD698CA0520163.e.6514/click - {}
RESULT: {}
COMMAND: GET /session/178b85f57970bb84ea8ca4b38e9643ac/screenshot - {}
RESULT: {}
COMMAND: POST /session/178b85f57970bb84ea8ca4b38e9643ac/elements - {"using":"xpath","value":"//span[text()='Error']"}
RESULT: {"using":"xpath","value":"//span[text()='Error']"}
COMMAND: POST /session/178b85f57970bb84ea8ca4b38e9643ac/element - {"using":"xpath","value":"//button[@data-kt=\"MasterMovementAddOverflowToolbarButton\"]"}
RESULT: {"using":"xpath","value":"//button[@data-kt=\"MasterMovementAddOverflowToolbarButton\"]"}
COMMAND: POST /session/178b85f57970bb84ea8ca4b38e9643ac/elements - {"using":"xpath","value":"//button[@data-kt=\"MasterMovementAddOverflowToolbarButton\"]"}
RESULT: {"using":"xpath","value":"//button[@data-kt=\"MasterMovementAddOverflowToolbarButton\"]"}
COMMAND: POST /session/178b85f57970bb84ea8ca4b38e9643ac/execute/sync - {"script":"<script> [8489 bytes]","args":[{"element-6066-11e4-a52e-4f735466cecf":"f.4EFED878021992910014147A21BCF18D.d.7AA80B5BD431189598BD698CA0520163.e.6546","ELEMENT":"f.4EFED878021992910014147A21BCF18D.d.7AA80B5BD431189598BD698CA0520163.e.6546"}]}
RESULT: {"script":"<script> [8489 bytes]","args":[{"element-6066-11e4-a52e-4f735466cecf":"f.4EFED878021992910014147A21BCF18D.d.7AA80B5BD431189598BD698CA0520163.e.6546","ELEMENT":"f.4EFED878021992910014147A21BCF18D.d.7AA80B5BD431189598BD698CA0520163.e.6546"}]}
COMMAND: GET /session/178b85f57970bb84ea8ca4b38e9643ac/element/f.4EFED878021992910014147A21BCF18D.d.7AA80B5BD431189598BD698CA0520163.e.6546/enabled - {}
COMMAND: GET /session/178b85f57970bb84ea8ca4b38e9643ac/screenshot - {}
RESULT: {}
COMMAND: POST /session/178b85f57970bb84ea8ca4b38e9643ac/execute/sync - {"script":"<script> [8489 bytes]","args":[{"element-6066-11e4-a52e-4f735466cecf":"f.4EFED878021992910014147A21BCF18D.d.7AA80B5BD431189598BD698CA0520163.e.6546","ELEMENT":"f.4EFED878021992910014147A21BCF18D.d.7AA80B5BD431189598BD698CA0520163.e.6546"}]}
COMMAND: GET /session/178b85f57970bb84ea8ca4b38e9643ac/screenshot - {}
RESULT: {}
RESULT: {"script":"<script> [8489 bytes]","args":[{"element-6066-11e4-a52e-4f735466cecf":"f.4EFED878021992910014147A21BCF18D.d.7AA80B5BD431189598BD698CA0520163.e.6546","ELEMENT":"f.4EFED878021992910014147A21BCF18D.d.7AA80B5BD431189598BD698CA0520163.e.6546"}]}
COMMAND: POST /session/178b85f57970bb84ea8ca4b38e9643ac/execute/sync - {"script":"<script> [5351 bytes]","args":[{"element-6066-11e4-a52e-4f735466cecf":"f.4EFED878021992910014147A21BCF18D.d.7AA80B5BD431189598BD698CA0520163.e.6546","ELEMENT":"f.4EFED878021992910014147A21BCF18D.d.7AA80B5BD431189598BD698CA0520163.e.6546"}]}
COMMAND: GET /session/178b85f57970bb84ea8ca4b38e9643ac/screenshot - {}
RESULT: {}
RESULT: {"script":"<script> [5351 bytes]","args":[{"element-6066-11e4-a52e-4f735466cecf":"f.4EFED878021992910014147A21BCF18D.d.7AA80B5BD431189598BD698CA0520163.e.6546","ELEMENT":"f.4EFED878021992910014147A21BCF18D.d.7AA80B5BD431189598BD698CA0520163.e.6546"}]}
COMMAND: GET /session/178b85f57970bb84ea8ca4b38e9643ac/screenshot - {}
RESULT: {}
RESULT: {}
COMMAND: POST /session/178b85f57970bb84ea8ca4b38e9643ac/execute/async - {"script":"<script> [1562 bytes]","args":[{"selector":{"controlType":"sap.ui.core.Icon","viewName":"etm.portal.ui.warehousemovements.view.MasterMovement","viewId":"application-warehousemovements-display-component---warehouseMovements","properties":{"src":{"regex":{"source":"inbox"}}},"ancestor":{"id":"application-warehousemovements-display-component---warehouseMovements--idIconTabBar"}},"wdio_ui5_key":"etmportal.ui.warehousemovements.view.MasterMovementsap.ui.core.Icon{\"src\":{\"regex\":{\"source\":\"inbox\"}}}{\"id\":\"application-warehousemovements-display-component---warehouseMovements--idIconTabBar\"}"}]}
RESULT: {"script":"<script> [1562 bytes]","args":[{"selector":{"controlType":"sap.ui.core.Icon","viewName":"etm.portal.ui.warehousemovements.view.MasterMovement","viewId":"application-warehousemovements-display-component---warehouseMovements","properties":{"src":{"regex":{"source":"inbox"}}},"ancestor":{"id":"application-warehousemovements-display-component---warehouseMovements--idIconTabBar"}},"wdio_ui5_key":"etmportal.ui.warehousemovements.view.MasterMovementsap.ui.core.Icon{\"src\":{\"regex\":{\"source\":\"inbox\"}}}{\"id\":\"application-warehousemovements-display-component---warehouseMovements--idIconTabBar\"}"}]}
RESULT: undefined
COMMAND: POST /session/178b85f57970bb84ea8ca4b38e9643ac/element - {"using":"xpath","value":"//*[@id=\"__filter29-icon\"]"}
RESULT: {"using":"xpath","value":"//*[@id=\"__filter29-icon\"]"}
COMMAND: POST /session/178b85f57970bb84ea8ca4b38e9643ac/element/f.4EFED878021992910014147A21BCF18D.d.7AA80B5BD431189598BD698CA0520163.e.6621/click - {}
RESULT: {}
COMMAND: POST /session/178b85f57970bb84ea8ca4b38e9643ac/execute/async - {"script":"<script> [1562 bytes]","args":[{"selector":{"id":"application-warehousemovements-display-component---warehouseMovements--smartFilterBar-filterItemControl_BASIC-YARD-vhi"},"wdio_ui5_key":"applicationwarehousemovements-display-component---warehouseMovements--smartFilterBar-filterItemControl_BASIC-YARD-vhi"}]}
COMMAND: GET /session/178b85f57970bb84ea8ca4b38e9643ac/screenshot - {}
RESULT: {"script":"<script> [1562 bytes]","args":[{"selector":{"id":"application-warehousemovements-display-component---warehouseMovements--smartFilterBar-filterItemControl_BASIC-YARD-vhi"},"wdio_ui5_key":"applicationwarehousemovements-display-component---warehouseMovements--smartFilterBar-filterItemControl_BASIC-YARD-vhi"}]}
RESULT: undefined
COMMAND: POST /session/178b85f57970bb84ea8ca4b38e9643ac/element - {"using":"xpath","value":"//*[@id=\"application-warehousemovements-display-component---warehouseMovements--smartFilterBar-filterItemControl_BASIC-YARD-vhi\"]"}
RESULT: {}
RESULT: {"using":"xpath","value":"//*[@id=\"application-warehousemovements-display-component---warehouseMovements--smartFilterBar-filterItemControl_BASIC-YARD-vhi\"]"}
COMMAND: POST /session/178b85f57970bb84ea8ca4b38e9643ac/element/f.4EFED878021992910014147A21BCF18D.d.7AA80B5BD431189598BD698CA0520163.e.6626/click - {}
RESULT: {}
COMMAND: GET /session/178b85f57970bb84ea8ca4b38e9643ac/screenshot - {}
RESULT: {}
COMMAND: POST /session/178b85f57970bb84ea8ca4b38e9643ac/execute/async - {"script":"<script> [1562 bytes]","args":[{"selector":{"id":"application-warehousemovements-display-component---warehouseMovements--smartFilterBar-filterItemControl_BASIC-YARD-valueHelpDialog-smartFilterBar-btnBasicSearch","searchOpenDialogs":true,"interaction":{"idSuffix":"I"}},"wdio_ui5_key":"applicationwarehousemovements-display-component---warehouseMovements--smartFilterBar-filterItemControl_BASIC-YARD-valueHelpDialog-smartFilterBar-btnBasicSearch"}]}
RESULT: {"script":"<script> [1562 bytes]","args":[{"selector":{"id":"application-warehousemovements-display-component---warehouseMovements--smartFilterBar-filterItemControl_BASIC-YARD-valueHelpDialog-smartFilterBar-btnBasicSearch","searchOpenDialogs":true,"interaction":{"idSuffix":"I"}},"wdio_ui5_key":"applicationwarehousemovements-display-component---warehouseMovements--smartFilterBar-filterItemControl_BASIC-YARD-valueHelpDialog-smartFilterBar-btnBasicSearch"}]}
RESULT: undefined
COMMAND: POST /session/178b85f57970bb84ea8ca4b38e9643ac/execute/async - {"script":"<script> [776 bytes]","args":[{"enterText":"524","selector":{"id":"application-warehousemovements-display-component---warehouseMovements--smartFilterBar-filterItemControl_BASIC-YARD-valueHelpDialog-smartFilterBar-btnBasicSearch","searchOpenDialogs":true,"interaction":{"idSuffix":"I"}},"clearTextFirst":true,"interactionType":"ENTER_TEXT"}]}
RESULT: {"script":"<script> [776 bytes]","args":[{"enterText":"524","selector":{"id":"application-warehousemovements-display-component---warehouseMovements--smartFilterBar-filterItemControl_BASIC-YARD-valueHelpDialog-smartFilterBar-btnBasicSearch","searchOpenDialogs":true,"interaction":{"idSuffix":"I"}},"clearTextFirst":true,"interactionType":"ENTER_TEXT"}]}
COMMAND: POST /session/178b85f57970bb84ea8ca4b38e9643ac/actions - {"actions":[{"id":"action22","type":"key","parameters":{},"actions":[{"type":"keyDown","value":"î€‡"},{"type":"pause","duration":10},{"type":"keyUp","value":"î€‡"}]}]}
RESULT: {"actions":[{"id":"action22","type":"key","parameters":{},"actions":[{"type":"keyDown","value":"î€‡"},{"type":"pause","duration":10},{"type":"keyUp","value":"î€‡"}]}]}
COMMAND: GET /session/178b85f57970bb84ea8ca4b38e9643ac/screenshot - {}
RESULT: {}
COMMAND: POST /session/178b85f57970bb84ea8ca4b38e9643ac/elements - {"using":"xpath","value":"//table[contains(@id, \"smartFilterBar-filterItemControl_BASIC-YARD-valueHelpDialog-table-table\")]/tbody/tr"}
RESULT: {"using":"xpath","value":"//table[contains(@id, \"smartFilterBar-filterItemControl_BASIC-YARD-valueHelpDialog-table-table\")]/tbody/tr"}
COMMAND: POST /session/178b85f57970bb84ea8ca4b38e9643ac/element - {"using":"xpath","value":"//table[contains(@id, \"smartFilterBar-filterItemControl_BASIC-YARD-valueHelpDialog-table-table\")]/tbody/tr[1]/td[1]/div/span"}
RESULT: {"using":"xpath","value":"//table[contains(@id, \"smartFilterBar-filterItemControl_BASIC-YARD-valueHelpDialog-table-table\")]/tbody/tr[1]/td[1]/div/span"}
COMMAND: POST /session/178b85f57970bb84ea8ca4b38e9643ac/elements - {"using":"xpath","value":"//table[contains(@id, \"smartFilterBar-filterItemControl_BASIC-YARD-valueHelpDialog-table-table\")]/tbody/tr[1]/td[1]/div/span"}
RESULT: {"using":"xpath","value":"//table[contains(@id, \"smartFilterBar-filterItemControl_BASIC-YARD-valueHelpDialog-table-table\")]/tbody/tr[1]/td[1]/div/span"}
COMMAND: POST /session/178b85f57970bb84ea8ca4b38e9643ac/execute/sync - {"script":"<script> [56 bytes]","args":[{"element-6066-11e4-a52e-4f735466cecf":"f.4EFED878021992910014147A21BCF18D.d.7AA80B5BD431189598BD698CA0520163.e.6647","ELEMENT":"f.4EFED878021992910014147A21BCF18D.d.7AA80B5BD431189598BD698CA0520163.e.6647"}]}
RESULT: {"script":"<script> [56 bytes]","args":[{"element-6066-11e4-a52e-4f735466cecf":"f.4EFED878021992910014147A21BCF18D.d.7AA80B5BD431189598BD698CA0520163.e.6647","ELEMENT":"f.4EFED878021992910014147A21BCF18D.d.7AA80B5BD431189598BD698CA0520163.e.6647"}]}
COMMAND: POST /session/178b85f57970bb84ea8ca4b38e9643ac/element - {"using":"xpath","value":"//div[@id=\"application-warehousemovements-display-component---warehouseMovements--smartFilterBar-filterItemControl_BASIC-YARD-valueHelpDialog-table-rowsel0\"]"}
COMMAND: GET /session/178b85f57970bb84ea8ca4b38e9643ac/screenshot - {}
RESULT: {"using":"xpath","value":"//div[@id=\"application-warehousemovements-display-component---warehouseMovements--smartFilterBar-filterItemControl_BASIC-YARD-valueHelpDialog-table-rowsel0\"]"}
COMMAND: POST /session/178b85f57970bb84ea8ca4b38e9643ac/element/f.4EFED878021992910014147A21BCF18D.d.7AA80B5BD431189598BD698CA0520163.e.6648/click - {}
RESULT: {}
RESULT: {}
COMMAND: GET /session/178b85f57970bb84ea8ca4b38e9643ac/screenshot - {}
RESULT: {}
COMMAND: POST /session/178b85f57970bb84ea8ca4b38e9643ac/execute/async - {"script":"<script> [1562 bytes]","args":[{"selector":{"id":"application-warehousemovements-display-component---warehouseMovements--smartFilterBar-filterItemControl_BASIC-YARD-valueHelpDialog-ok","searchOpenDialogs":true,"interaction":{"idSuffix":"inner"}},"wdio_ui5_key":"applicationwarehousemovements-display-component---warehouseMovements--smartFilterBar-filterItemControl_BASIC-YARD-valueHelpDialog-ok"}]}
RESULT: {"script":"<script> [1562 bytes]","args":[{"selector":{"id":"application-warehousemovements-display-component---warehouseMovements--smartFilterBar-filterItemControl_BASIC-YARD-valueHelpDialog-ok","searchOpenDialogs":true,"interaction":{"idSuffix":"inner"}},"wdio_ui5_key":"applicationwarehousemovements-display-component---warehouseMovements--smartFilterBar-filterItemControl_BASIC-YARD-valueHelpDialog-ok"}]}
RESULT: undefined
COMMAND: POST /session/178b85f57970bb84ea8ca4b38e9643ac/element - {"using":"xpath","value":"//*[@id=\"application-warehousemovements-display-component---warehouseMovements--smartFilterBar-filterItemControl_BASIC-YARD-valueHelpDialog-ok\"]"}
RESULT: {"using":"xpath","value":"//*[@id=\"application-warehousemovements-display-component---warehouseMovements--smartFilterBar-filterItemControl_BASIC-YARD-valueHelpDialog-ok\"]"}
COMMAND: POST /session/178b85f57970bb84ea8ca4b38e9643ac/element/f.4EFED878021992910014147A21BCF18D.d.7AA80B5BD431189598BD698CA0520163.e.6651/click - {}
RESULT: {}
COMMAND: GET /session/178b85f57970bb84ea8ca4b38e9643ac/screenshot - {}
RESULT: {}
COMMAND: POST /session/178b85f57970bb84ea8ca4b38e9643ac/execute/async - {"script":"<script> [1562 bytes]","args":[{"selector":{"controlType":"sap.ui.core.Icon","viewName":"etm.portal.ui.warehousemovements.view.MasterMovement","viewId":"application-warehousemovements-display-component---warehouseMovements","properties":{"src":{"regex":{"source":"add"}}}},"wdio_ui5_key":"etmportal.ui.warehousemovements.view.MasterMovementsap.ui.core.Icon{\"src\":{\"regex\":{\"source\":\"add\"}}}"}]}
RESULT: {"script":"<script> [1562 bytes]","args":[{"selector":{"controlType":"sap.ui.core.Icon","viewName":"etm.portal.ui.warehousemovements.view.MasterMovement","viewId":"application-warehousemovements-display-component---warehouseMovements","properties":{"src":{"regex":{"source":"add"}}}},"wdio_ui5_key":"etmportal.ui.warehousemovements.view.MasterMovementsap.ui.core.Icon{\"src\":{\"regex\":{\"source\":\"add\"}}}"}]}
RESULT: undefined
COMMAND: POST /session/178b85f57970bb84ea8ca4b38e9643ac/element - {"using":"xpath","value":"//*[@id=\"__button132-img\"]"}
RESULT: {"using":"xpath","value":"//*[@id=\"__button132-img\"]"}
COMMAND: POST /session/178b85f57970bb84ea8ca4b38e9643ac/element/f.4EFED878021992910014147A21BCF18D.d.7AA80B5BD431189598BD698CA0520163.e.6548/click - {}
RESULT: {}
COMMAND: GET /session/178b85f57970bb84ea8ca4b38e9643ac/screenshot - {}
RESULT: {}
COMMAND: POST /session/178b85f57970bb84ea8ca4b38e9643ac/execute/async - {"script":"<script> [1562 bytes]","args":[{"selector":{"id":"application-warehousemovements-display-component---addMovement--sectionsList-arrow"},"wdio_ui5_key":"applicationwarehousemovements-display-component---addMovement--sectionsList-arrow"}]}
RESULT: {"script":"<script> [1562 bytes]","args":[{"selector":{"id":"application-warehousemovements-display-component---addMovement--sectionsList-arrow"},"wdio_ui5_key":"applicationwarehousemovements-display-component---addMovement--sectionsList-arrow"}]}
RESULT: undefined
COMMAND: POST /session/178b85f57970bb84ea8ca4b38e9643ac/element - {"using":"xpath","value":"//*[@id=\"application-warehousemovements-display-component---addMovement--sectionsList-arrow\"]"}
RESULT: {"using":"xpath","value":"//*[@id=\"application-warehousemovements-display-component---addMovement--sectionsList-arrow\"]"}
COMMAND: POST /session/178b85f57970bb84ea8ca4b38e9643ac/element/f.4EFED878021992910014147A21BCF18D.d.7AA80B5BD431189598BD698CA0520163.e.6776/click - {}
RESULT: {}
COMMAND: GET /session/178b85f57970bb84ea8ca4b38e9643ac/screenshot - {}
RESULT: {}
COMMAND: POST /session/178b85f57970bb84ea8ca4b38e9643ac/execute/async - {"script":"<script> [1562 bytes]","args":[{"selector":{"controlType":"sap.m.StandardListItem","viewName":"etm.portal.ui.warehousemovements.view.AddMovement","viewId":"application-warehousemovements-display-component---addMovement","properties":{"type":"Active"},"searchOpenDialogs":true,"interaction":{"idSuffix":"titleText"}},"wdio_ui5_key":"etmportal.ui.warehousemovements.view.AddMovementsap.m.StandardListItem{\"type\":\"Active\"}"}]}
RESULT: {"script":"<script> [1562 bytes]","args":[{"selector":{"controlType":"sap.m.StandardListItem","viewName":"etm.portal.ui.warehousemovements.view.AddMovement","viewId":"application-warehousemovements-display-component---addMovement","properties":{"type":"Active"},"searchOpenDialogs":true,"interaction":{"idSuffix":"titleText"}},"wdio_ui5_key":"etmportal.ui.warehousemovements.view.AddMovementsap.m.StandardListItem{\"type\":\"Active\"}"}]}
RESULT: undefined
COMMAND: POST /session/178b85f57970bb84ea8ca4b38e9643ac/element - {"using":"xpath","value":"//*[@id=\"__item1086\"]"}
RESULT: {"using":"xpath","value":"//*[@id=\"__item1086\"]"}
COMMAND: POST /session/178b85f57970bb84ea8ca4b38e9643ac/element/f.4EFED878021992910014147A21BCF18D.d.7AA80B5BD431189598BD698CA0520163.e.6778/click - {}
RESULT: {}
COMMAND: GET /session/178b85f57970bb84ea8ca4b38e9643ac/screenshot - {}
RESULT: {}
COMMAND: POST /session/178b85f57970bb84ea8ca4b38e9643ac/execute/async - {"script":"<script> [1562 bytes]","args":[{"selector":{"controlType":"sap.m.Button","viewName":"etm.portal.ui.warehousemovements.view.AddMovement","viewId":"application-warehousemovements-display-component---addMovement","properties":{"text":"Items"},"interaction":{"idSuffix":"BDI-content"}},"wdio_ui5_key":"etmportal.ui.warehousemovements.view.AddMovementsap.m.Button{\"text\":\"Items\"}"}]}
RESULT: {"script":"<script> [1562 bytes]","args":[{"selector":{"controlType":"sap.m.Button","viewName":"etm.portal.ui.warehousemovements.view.AddMovement","viewId":"application-warehousemovements-display-component---addMovement","properties":{"text":"Items"},"interaction":{"idSuffix":"BDI-content"}},"wdio_ui5_key":"etmportal.ui.warehousemovements.view.AddMovementsap.m.Button{\"text\":\"Items\"}"}]}
RESULT: undefined
COMMAND: POST /session/178b85f57970bb84ea8ca4b38e9643ac/element - {"using":"xpath","value":"//*[@id=\"__layout279-anchBar-application-warehousemovements-display-component---addMovement--itemsSection-anchor\"]"}
RESULT: {"using":"xpath","value":"//*[@id=\"__layout279-anchBar-application-warehousemovements-display-component---addMovement--itemsSection-anchor\"]"}
COMMAND: POST /session/178b85f57970bb84ea8ca4b38e9643ac/element/f.4EFED878021992910014147A21BCF18D.d.7AA80B5BD431189598BD698CA0520163.e.6780/click - {}
RESULT: {}
COMMAND: GET /session/178b85f57970bb84ea8ca4b38e9643ac/screenshot - {}
RESULT: {}
COMMAND: POST /session/178b85f57970bb84ea8ca4b38e9643ac/execute/async - {"script":"<script> [1562 bytes]","args":[{"selector":{"id":"application-warehousemovements-display-component---addMovement--addItem","interaction":{"idSuffix":"inner"}},"wdio_ui5_key":"applicationwarehousemovements-display-component---addMovement--addItem"}]}
RESULT: {"script":"<script> [1562 bytes]","args":[{"selector":{"id":"application-warehousemovements-display-component---addMovement--addItem","interaction":{"idSuffix":"inner"}},"wdio_ui5_key":"applicationwarehousemovements-display-component---addMovement--addItem"}]}
RESULT: undefined
COMMAND: POST /session/178b85f57970bb84ea8ca4b38e9643ac/element - {"using":"xpath","value":"//*[@id=\"application-warehousemovements-display-component---addMovement--addItem\"]"}
RESULT: {"using":"xpath","value":"//*[@id=\"application-warehousemovements-display-component---addMovement--addItem\"]"}
COMMAND: POST /session/178b85f57970bb84ea8ca4b38e9643ac/element/f.4EFED878021992910014147A21BCF18D.d.7AA80B5BD431189598BD698CA0520163.e.6751/click - {}
RESULT: {}
COMMAND: GET /session/178b85f57970bb84ea8ca4b38e9643ac/screenshot - {}
RESULT: {}
COMMAND: POST /session/178b85f57970bb84ea8ca4b38e9643ac/execute/async - {"script":"<script> [1562 bytes]","args":[{"selector":{"id":"movementItemsPopUp--movementItemsTable-sa","searchOpenDialogs":true},"wdio_ui5_key":"movementItemsPopUpmovementItemsTable-sa"}]}
RESULT: {"script":"<script> [1562 bytes]","args":[{"selector":{"id":"movementItemsPopUp--movementItemsTable-sa","searchOpenDialogs":true},"wdio_ui5_key":"movementItemsPopUpmovementItemsTable-sa"}]}
RESULT: undefined
COMMAND: POST /session/178b85f57970bb84ea8ca4b38e9643ac/element - {"using":"xpath","value":"//*[@id=\"movementItemsPopUp--movementItemsTable-sa\"]"}
RESULT: {"using":"xpath","value":"//*[@id=\"movementItemsPopUp--movementItemsTable-sa\"]"}
COMMAND: POST /session/178b85f57970bb84ea8ca4b38e9643ac/element/f.4EFED878021992910014147A21BCF18D.d.7AA80B5BD431189598BD698CA0520163.e.6796/click - {}
RESULT: {}
COMMAND: GET /session/178b85f57970bb84ea8ca4b38e9643ac/screenshot - {}
RESULT: {}
COMMAND: POST /session/178b85f57970bb84ea8ca4b38e9643ac/execute/async - {"script":"<script> [1562 bytes]","args":[{"selector":{"id":"movementItemsPopUp--createBtn","searchOpenDialogs":true,"interaction":{"idSuffix":"BDI-content"}},"wdio_ui5_key":"movementItemsPopUpcreateBtn"}]}
RESULT: {"script":"<script> [1562 bytes]","args":[{"selector":{"id":"movementItemsPopUp--createBtn","searchOpenDialogs":true,"interaction":{"idSuffix":"BDI-content"}},"wdio_ui5_key":"movementItemsPopUpcreateBtn"}]}
RESULT: undefined
COMMAND: POST /session/178b85f57970bb84ea8ca4b38e9643ac/element - {"using":"xpath","value":"//*[@id=\"movementItemsPopUp--createBtn\"]"}
RESULT: {"using":"xpath","value":"//*[@id=\"movementItemsPopUp--createBtn\"]"}
COMMAND: POST /session/178b85f57970bb84ea8ca4b38e9643ac/element/f.4EFED878021992910014147A21BCF18D.d.7AA80B5BD431189598BD698CA0520163.e.6798/click - {}
RESULT: {}
COMMAND: GET /session/178b85f57970bb84ea8ca4b38e9643ac/screenshot - {}
RESULT: {}
COMMAND: POST /session/178b85f57970bb84ea8ca4b38e9643ac/execute/async - {"script":"<script> [1562 bytes]","args":[{"selector":{"controlType":"etm.portal.ui.reusables.customControls.LiveSearchComboBox","viewName":"etm.portal.ui.warehousemovements.view.AddMovement","viewId":"application-warehousemovements-display-component---addMovement","bindingPath":{"path":"/items/0","propertyPath":"DESTINATION_SECTION","modelName":"newMovement"},"interaction":{"idSuffix":"inner"}},"wdio_ui5_key":"etmportal.ui.warehousemovements.view.AddMovementetm.portal.ui.reusables.customControls.LiveSearchComboBox{\"path\":\"/items/0\",\"propertyPath\":\"DESTINATION_SECTION\",\"modelName\":\"newMovement\"}"}]}
RESULT: {"script":"<script> [1562 bytes]","args":[{"selector":{"controlType":"etm.portal.ui.reusables.customControls.LiveSearchComboBox","viewName":"etm.portal.ui.warehousemovements.view.AddMovement","viewId":"application-warehousemovements-display-component---addMovement","bindingPath":{"path":"/items/0","propertyPath":"DESTINATION_SECTION","modelName":"newMovement"},"interaction":{"idSuffix":"inner"}},"wdio_ui5_key":"etmportal.ui.warehousemovements.view.AddMovementetm.portal.ui.reusables.customControls.LiveSearchComboBox{\"path\":\"/items/0\",\"propertyPath\":\"DESTINATION_SECTION\",\"modelName\":\"newMovement\"}"}]}
RESULT: undefined
COMMAND: POST /session/178b85f57970bb84ea8ca4b38e9643ac/execute/async - {"script":"<script> [776 bytes]","args":[{"enterText":"111 - PUTAWAY_WEBDRIVER_DESC","selector":{"controlType":"etm.portal.ui.reusables.customControls.LiveSearchComboBox","viewName":"etm.portal.ui.warehousemovements.view.AddMovement","viewId":"application-warehousemovements-display-component---addMovement","bindingPath":{"path":"/items/0","propertyPath":"DESTINATION_SECTION","modelName":"newMovement"},"interaction":{"idSuffix":"inner"}},"clearTextFirst":true,"interactionType":"ENTER_TEXT"}]}
RESULT: {"script":"<script> [776 bytes]","args":[{"enterText":"111 - PUTAWAY_WEBDRIVER_DESC","selector":{"controlType":"etm.portal.ui.reusables.customControls.LiveSearchComboBox","viewName":"etm.portal.ui.warehousemovements.view.AddMovement","viewId":"application-warehousemovements-display-component---addMovement","bindingPath":{"path":"/items/0","propertyPath":"DESTINATION_SECTION","modelName":"newMovement"},"interaction":{"idSuffix":"inner"}},"clearTextFirst":true,"interactionType":"ENTER_TEXT"}]}
COMMAND: POST /session/178b85f57970bb84ea8ca4b38e9643ac/execute/async - {"script":"<script> [1562 bytes]","args":[{"selector":{"controlType":"etm.portal.ui.reusables.customControls.LiveSearchComboBox","viewName":"etm.portal.ui.warehousemovements.view.AddMovement","viewId":"application-warehousemovements-display-component---addMovement","bindingPath":{"path":"/items/0","propertyPath":"DESTINATION_BIN","modelName":"newMovement"},"interaction":{"idSuffix":"inner"}},"wdio_ui5_key":"etmportal.ui.warehousemovements.view.AddMovementetm.portal.ui.reusables.customControls.LiveSearchComboBox{\"path\":\"/items/0\",\"propertyPath\":\"DESTINATION_BIN\",\"modelName\":\"newMovement\"}"}]}
RESULT: {"script":"<script> [1562 bytes]","args":[{"selector":{"controlType":"etm.portal.ui.reusables.customControls.LiveSearchComboBox","viewName":"etm.portal.ui.warehousemovements.view.AddMovement","viewId":"application-warehousemovements-display-component---addMovement","bindingPath":{"path":"/items/0","propertyPath":"DESTINATION_BIN","modelName":"newMovement"},"interaction":{"idSuffix":"inner"}},"wdio_ui5_key":"etmportal.ui.warehousemovements.view.AddMovementetm.portal.ui.reusables.customControls.LiveSearchComboBox{\"path\":\"/items/0\",\"propertyPath\":\"DESTINATION_BIN\",\"modelName\":\"newMovement\"}"}]}
RESULT: undefined
COMMAND: POST /session/178b85f57970bb84ea8ca4b38e9643ac/execute/async - {"script":"<script> [776 bytes]","args":[{"enterText":"TP001 - PUTAWAY","selector":{"controlType":"etm.portal.ui.reusables.customControls.LiveSearchComboBox","viewName":"etm.portal.ui.warehousemovements.view.AddMovement","viewId":"application-warehousemovements-display-component---addMovement","bindingPath":{"path":"/items/0","propertyPath":"DESTINATION_BIN","modelName":"newMovement"},"interaction":{"idSuffix":"inner"}},"clearTextFirst":true,"interactionType":"ENTER_TEXT"}]}
RESULT: {"script":"<script> [776 bytes]","args":[{"enterText":"TP001 - PUTAWAY","selector":{"controlType":"etm.portal.ui.reusables.customControls.LiveSearchComboBox","viewName":"etm.portal.ui.warehousemovements.view.AddMovement","viewId":"application-warehousemovements-display-component---addMovement","bindingPath":{"path":"/items/0","propertyPath":"DESTINATION_BIN","modelName":"newMovement"},"interaction":{"idSuffix":"inner"}},"clearTextFirst":true,"interactionType":"ENTER_TEXT"}]}
COMMAND: POST /session/178b85f57970bb84ea8ca4b38e9643ac/execute/async - {"script":"<script> [1562 bytes]","args":[{"selector":{"id":"application-warehousemovements-display-component---addMovement--saveMovementBtn","interaction":{"idSuffix":"BDI-content"}},"wdio_ui5_key":"applicationwarehousemovements-display-component---addMovement--saveMovementBtn"}]}
RESULT: {"script":"<script> [1562 bytes]","args":[{"selector":{"id":"application-warehousemovements-display-component---addMovement--saveMovementBtn","interaction":{"idSuffix":"BDI-content"}},"wdio_ui5_key":"applicationwarehousemovements-display-component---addMovement--saveMovementBtn"}]}
RESULT: undefined
COMMAND: POST /session/178b85f57970bb84ea8ca4b38e9643ac/element - {"using":"xpath","value":"//*[@id=\"application-warehousemovements-display-component---addMovement--saveMovementBtn\"]"}
RESULT: {"using":"xpath","value":"//*[@id=\"application-warehousemovements-display-component---addMovement--saveMovementBtn\"]"}
COMMAND: POST /session/178b85f57970bb84ea8ca4b38e9643ac/element/f.4EFED878021992910014147A21BCF18D.d.7AA80B5BD431189598BD698CA0520163.e.6757/click - {}
RESULT: {}
COMMAND: GET /session/178b85f57970bb84ea8ca4b38e9643ac/screenshot - {}
RESULT: {}
COMMAND: POST /session/178b85f57970bb84ea8ca4b38e9643ac/execute/async - {"script":"<script> [1562 bytes]","args":[{"selector":{"controlType":"sap.m.Button","viewName":"etm.portal.ui.warehousemovements.view.DisplayMovement","viewId":"application-warehousemovements-display-component---displayMovement","i18NText":{"propertyName":"text","key":"execution"},"interaction":{"idSuffix":"BDI-content"}},"wdio_ui5_key":"etmportal.ui.warehousemovements.view.DisplayMovementsap.m.Button{\"propertyName\":\"text\",\"key\":\"execution\"}"}]}
RESULT: {"script":"<script> [1562 bytes]","args":[{"selector":{"controlType":"sap.m.Button","viewName":"etm.portal.ui.warehousemovements.view.DisplayMovement","viewId":"application-warehousemovements-display-component---displayMovement","i18NText":{"propertyName":"text","key":"execution"},"interaction":{"idSuffix":"BDI-content"}},"wdio_ui5_key":"etmportal.ui.warehousemovements.view.DisplayMovementsap.m.Button{\"propertyName\":\"text\",\"key\":\"execution\"}"}]}
RESULT: undefined
COMMAND: POST /session/178b85f57970bb84ea8ca4b38e9643ac/element - {"using":"xpath","value":"//*[@id=\"__button145\"]"}
RESULT: {"using":"xpath","value":"//*[@id=\"__button145\"]"}
COMMAND: POST /session/178b85f57970bb84ea8ca4b38e9643ac/element/f.4EFED878021992910014147A21BCF18D.d.7AA80B5BD431189598BD698CA0520163.e.6875/click - {}
RESULT: {}
COMMAND: GET /session/178b85f57970bb84ea8ca4b38e9643ac/screenshot - {}
RESULT: {}
COMMAND: POST /session/178b85f57970bb84ea8ca4b38e9643ac/execute/async - {"script":"<script> [1562 bytes]","args":[{"selector":{"controlType":"sap.m.ToggleButton","viewName":"etm.portal.ui.warehousemovements.view.ExecuteMovement","viewId":"application-warehousemovements-display-component---executeMovement","bindingPath":{"path":"","propertyPath":"STATUS","modelName":"catalogModel"}},"wdio_ui5_key":"etmportal.ui.warehousemovements.view.ExecuteMovementsap.m.ToggleButton{\"path\":\"\",\"propertyPath\":\"STATUS\",\"modelName\":\"catalogModel\"}"}]}
RESULT: {"script":"<script> [1562 bytes]","args":[{"selector":{"controlType":"sap.m.ToggleButton","viewName":"etm.portal.ui.warehousemovements.view.ExecuteMovement","viewId":"application-warehousemovements-display-component---executeMovement","bindingPath":{"path":"","propertyPath":"STATUS","modelName":"catalogModel"}},"wdio_ui5_key":"etmportal.ui.warehousemovements.view.ExecuteMovementsap.m.ToggleButton{\"path\":\"\",\"propertyPath\":\"STATUS\",\"modelName\":\"catalogModel\"}"}]}
RESULT: undefined
COMMAND: POST /session/178b85f57970bb84ea8ca4b38e9643ac/element - {"using":"xpath","value":"//*[@id=\"__button166-__clone2430\"]"}
RESULT: {"using":"xpath","value":"//*[@id=\"__button166-__clone2430\"]"}
COMMAND: POST /session/178b85f57970bb84ea8ca4b38e9643ac/element/f.4EFED878021992910014147A21BCF18D.d.7AA80B5BD431189598BD698CA0520163.e.6935/click - {}
RESULT: {}
COMMAND: GET /session/178b85f57970bb84ea8ca4b38e9643ac/screenshot - {}
RESULT: {}
RESULT: undefined
COMMAND: POST /session/178b85f57970bb84ea8ca4b38e9643ac/element - {"using":"xpath","value":"//*[@id=\"__button166-__clone2430\"]"}
RESULT: {"using":"xpath","value":"//*[@id=\"__button166-__clone2430\"]"}
COMMAND: POST /session/178b85f57970bb84ea8ca4b38e9643ac/element/f.4EFED878021992910014147A21BCF18D.d.7AA80B5BD431189598BD698CA0520163.e.6935/click - {}
RESULT: {}
COMMAND: GET /session/178b85f57970bb84ea8ca4b38e9643ac/screenshot - {}
RESULT: {}
COMMAND: POST /session/178b85f57970bb84ea8ca4b38e9643ac/execute/async - {"script":"<script> [1562 bytes]","args":[{"selector":{"id":"application-warehousemovements-display-component---executeMovement--executeId","interaction":{"idSuffix":"BDI-content"}},"wdio_ui5_key":"applicationwarehousemovements-display-component---executeMovement--executeId"}]}
RESULT: {"script":"<script> [1562 bytes]","args":[{"selector":{"id":"application-warehousemovements-display-component---executeMovement--executeId","interaction":{"idSuffix":"BDI-content"}},"wdio_ui5_key":"applicationwarehousemovements-display-component---executeMovement--executeId"}]}
RESULT: undefined
COMMAND: POST /session/178b85f57970bb84ea8ca4b38e9643ac/element - {"using":"xpath","value":"//*[@id=\"application-warehousemovements-display-component---executeMovement--executeId\"]"}
RESULT: {"using":"xpath","value":"//*[@id=\"application-warehousemovements-display-component---executeMovement--executeId\"]"}
COMMAND: POST /session/178b85f57970bb84ea8ca4b38e9643ac/element/f.4EFED878021992910014147A21BCF18D.d.7AA80B5BD431189598BD698CA0520163.e.6929/click - {}
RESULT: {}
COMMAND: GET /session/178b85f57970bb84ea8ca4b38e9643ac/screenshot - {}
RESULT: {}
COMMAND: POST /session/178b85f57970bb84ea8ca4b38e9643ac/element - {"using":"css selector","value":"#shell-header-logo"}
RESULT: {"using":"css selector","value":"#shell-header-logo"}
COMMAND: POST /session/178b85f57970bb84ea8ca4b38e9643ac/element/f.4EFED878021992910014147A21BCF18D.d.7AA80B5BD431189598BD698CA0520163.e.6518/click - {}
RESULT: {}
COMMAND: GET /session/178b85f57970bb84ea8ca4b38e9643ac/screenshot - {}
RESULT: {}
COMMAND: DELETE /session/178b85f57970bb84ea8ca4b38e9643ac - {}
RESULT: {}
]]></system-out>
    </testcase>
  </testsuite>
</testsuites>