<?xml version="1.0" encoding="UTF-8"?>
<testsuites tests="17" failures="2" errors="2" skipped="0">
  <testsuite timestamp="2025-06-04T05:21:13" time="1494.551" tests="13" failures="1" errors="1" skipped="0">
    <properties>
      <property name="specId" value="0" />
      <property name="suiteName" value="Partner specific tests US150819 US151080 US151654 US151176 US103444 US151078 US151079 US151109 US151174 US151175 US151189" />
      <property name="capabilities" value="chrome.136_0_7103_93.windows" />
      <property name="file" value="file:///D:/a/1/s/test/specs/BTS/manage-partners.spec.js" />
    </properties>
    <testcase classname="chrome.136_0_7103_93.windows.Partner_specific_tests_US150819_US151080_US151654_US151176_US103444_US151078_US151079_US151109_US151174_US151175_US151189" name="Should create a new yard prerequisite" time="136.169">
      <system-out><![CDATA[
COMMAND: POST /session/4bf8232c0472e0a498fe7ae209f3a21b/window/fullscreen - {}
RESULT: {}
COMMAND: POST /session/4bf8232c0472e0a498fe7ae209f3a21b/element - {"using":"xpath","value":"//li[.//span[text()=\"Manage Partners\"]]"}
RESULT: {"using":"xpath","value":"//li[.//span[text()=\"Manage Partners\"]]"}
COMMAND: POST /session/4bf8232c0472e0a498fe7ae209f3a21b/element - {"using":"xpath","value":"//li[.//span[text()=\"Manage Partners\"]]"}
RESULT: {"using":"xpath","value":"//li[.//span[text()=\"Manage Partners\"]]"}
COMMAND: POST /session/4bf8232c0472e0a498fe7ae209f3a21b/element - {"using":"css selector","value":"#shell-header-logo"}
RESULT: {"using":"css selector","value":"#shell-header-logo"}
COMMAND: POST /session/4bf8232c0472e0a498fe7ae209f3a21b/element/f.363B4D137147A2C10141CDA60C7BC6F9.d.2C3E3264F34339F009C501C63EB1518A.e.255/click - {}
COMMAND: POST /session/4bf8232c0472e0a498fe7ae209f3a21b/execute/sync - {"script":"<script> [8489 bytes]","args":[{"element-6066-11e4-a52e-4f735466cecf":"f.363B4D137147A2C10141CDA60C7BC6F9.d.2C3E3264F34339F009C501C63EB1518A.e.255","ELEMENT":"f.363B4D137147A2C10141CDA60C7BC6F9.d.2C3E3264F34339F009C501C63EB1518A.e.255"}]}
RESULT: {}
COMMAND: GET /session/4bf8232c0472e0a498fe7ae209f3a21b/screenshot - {}
RESULT: {"script":"<script> [8489 bytes]","args":[{"element-6066-11e4-a52e-4f735466cecf":"f.363B4D137147A2C10141CDA60C7BC6F9.d.2C3E3264F34339F009C501C63EB1518A.e.255","ELEMENT":"f.363B4D137147A2C10141CDA60C7BC6F9.d.2C3E3264F34339F009C501C63EB1518A.e.255"}]}
COMMAND: POST /session/4bf8232c0472e0a498fe7ae209f3a21b/execute/sync - {"script":"<script> [5351 bytes]","args":[{"element-6066-11e4-a52e-4f735466cecf":"f.363B4D137147A2C10141CDA60C7BC6F9.d.2C3E3264F34339F009C501C63EB1518A.e.255","ELEMENT":"f.363B4D137147A2C10141CDA60C7BC6F9.d.2C3E3264F34339F009C501C63EB1518A.e.255"}]}
COMMAND: GET /session/4bf8232c0472e0a498fe7ae209f3a21b/screenshot - {}
RESULT: {}
RESULT: {"script":"<script> [5351 bytes]","args":[{"element-6066-11e4-a52e-4f735466cecf":"f.363B4D137147A2C10141CDA60C7BC6F9.d.2C3E3264F34339F009C501C63EB1518A.e.255","ELEMENT":"f.363B4D137147A2C10141CDA60C7BC6F9.d.2C3E3264F34339F009C501C63EB1518A.e.255"}]}
COMMAND: GET /session/4bf8232c0472e0a498fe7ae209f3a21b/screenshot - {}
RESULT: {}
RESULT: {}
COMMAND: POST /session/4bf8232c0472e0a498fe7ae209f3a21b/execute/async - {"script":"<script> [1562 bytes]","args":[{"selector":{"controlType":"sap.m.GenericTile","properties":{"header":"Manage Yards"}},"wdio_ui5_key":"sapm.GenericTile{\"header\":\"Manage Yards\"}"}]}
RESULT: {"script":"<script> [1562 bytes]","args":[{"selector":{"controlType":"sap.m.GenericTile","properties":{"header":"Manage Yards"}},"wdio_ui5_key":"sapm.GenericTile{\"header\":\"Manage Yards\"}"}]}
RESULT: undefined
COMMAND: POST /session/4bf8232c0472e0a498fe7ae209f3a21b/element - {"using":"xpath","value":"//*[@id=\"__tile41\"]"}
RESULT: {"using":"xpath","value":"//*[@id=\"__tile41\"]"}
COMMAND: POST /session/4bf8232c0472e0a498fe7ae209f3a21b/element/f.363B4D137147A2C10141CDA60C7BC6F9.d.2C3E3264F34339F009C501C63EB1518A.e.157/click - {}
RESULT: {}
COMMAND: GET /session/4bf8232c0472e0a498fe7ae209f3a21b/screenshot - {}
RESULT: {}
COMMAND: POST /session/4bf8232c0472e0a498fe7ae209f3a21b/elements - {"using":"xpath","value":"//span[text()='Error']"}
RESULT: {"using":"xpath","value":"//span[text()='Error']"}
COMMAND: POST /session/4bf8232c0472e0a498fe7ae209f3a21b/element - {"using":"xpath","value":"//button[@data-kt=\"addNewYardOverflowToolbarButton\"]"}
RESULT: {"using":"xpath","value":"//button[@data-kt=\"addNewYardOverflowToolbarButton\"]"}
COMMAND: POST /session/4bf8232c0472e0a498fe7ae209f3a21b/elements - {"using":"xpath","value":"//button[@data-kt=\"addNewYardOverflowToolbarButton\"]"}
RESULT: {"using":"xpath","value":"//button[@data-kt=\"addNewYardOverflowToolbarButton\"]"}
COMMAND: POST /session/4bf8232c0472e0a498fe7ae209f3a21b/elements - {"using":"xpath","value":"//button[@data-kt=\"addNewYardOverflowToolbarButton\"]"}
RESULT: {"using":"xpath","value":"//button[@data-kt=\"addNewYardOverflowToolbarButton\"]"}
COMMAND: POST /session/4bf8232c0472e0a498fe7ae209f3a21b/elements - {"using":"xpath","value":"//button[@data-kt=\"addNewYardOverflowToolbarButton\"]"}
RESULT: {"using":"xpath","value":"//button[@data-kt=\"addNewYardOverflowToolbarButton\"]"}
COMMAND: POST /session/4bf8232c0472e0a498fe7ae209f3a21b/elements - {"using":"xpath","value":"//button[@data-kt=\"addNewYardOverflowToolbarButton\"]"}
RESULT: {"using":"xpath","value":"//button[@data-kt=\"addNewYardOverflowToolbarButton\"]"}
COMMAND: POST /session/4bf8232c0472e0a498fe7ae209f3a21b/element - {"using":"xpath","value":"//button[@data-kt=\"addNewYardOverflowToolbarButton\"]"}
RESULT: {"using":"xpath","value":"//button[@data-kt=\"addNewYardOverflowToolbarButton\"]"}
COMMAND: POST /session/4bf8232c0472e0a498fe7ae209f3a21b/execute/sync - {"script":"<script> [8489 bytes]","args":[{"element-6066-11e4-a52e-4f735466cecf":"f.363B4D137147A2C10141CDA60C7BC6F9.d.2C3E3264F34339F009C501C63EB1518A.e.288","ELEMENT":"f.363B4D137147A2C10141CDA60C7BC6F9.d.2C3E3264F34339F009C501C63EB1518A.e.288"}]}
RESULT: {"script":"<script> [8489 bytes]","args":[{"element-6066-11e4-a52e-4f735466cecf":"f.363B4D137147A2C10141CDA60C7BC6F9.d.2C3E3264F34339F009C501C63EB1518A.e.288","ELEMENT":"f.363B4D137147A2C10141CDA60C7BC6F9.d.2C3E3264F34339F009C501C63EB1518A.e.288"}]}
COMMAND: GET /session/4bf8232c0472e0a498fe7ae209f3a21b/element/f.363B4D137147A2C10141CDA60C7BC6F9.d.2C3E3264F34339F009C501C63EB1518A.e.288/enabled - {}
COMMAND: GET /session/4bf8232c0472e0a498fe7ae209f3a21b/screenshot - {}
RESULT: {}
COMMAND: POST /session/4bf8232c0472e0a498fe7ae209f3a21b/execute/sync - {"script":"<script> [8489 bytes]","args":[{"element-6066-11e4-a52e-4f735466cecf":"f.363B4D137147A2C10141CDA60C7BC6F9.d.2C3E3264F34339F009C501C63EB1518A.e.288","ELEMENT":"f.363B4D137147A2C10141CDA60C7BC6F9.d.2C3E3264F34339F009C501C63EB1518A.e.288"}]}
COMMAND: GET /session/4bf8232c0472e0a498fe7ae209f3a21b/screenshot - {}
RESULT: {}
RESULT: {"script":"<script> [8489 bytes]","args":[{"element-6066-11e4-a52e-4f735466cecf":"f.363B4D137147A2C10141CDA60C7BC6F9.d.2C3E3264F34339F009C501C63EB1518A.e.288","ELEMENT":"f.363B4D137147A2C10141CDA60C7BC6F9.d.2C3E3264F34339F009C501C63EB1518A.e.288"}]}
COMMAND: POST /session/4bf8232c0472e0a498fe7ae209f3a21b/execute/sync - {"script":"<script> [5351 bytes]","args":[{"element-6066-11e4-a52e-4f735466cecf":"f.363B4D137147A2C10141CDA60C7BC6F9.d.2C3E3264F34339F009C501C63EB1518A.e.288","ELEMENT":"f.363B4D137147A2C10141CDA60C7BC6F9.d.2C3E3264F34339F009C501C63EB1518A.e.288"}]}
COMMAND: GET /session/4bf8232c0472e0a498fe7ae209f3a21b/screenshot - {}
RESULT: {}
RESULT: {"script":"<script> [5351 bytes]","args":[{"element-6066-11e4-a52e-4f735466cecf":"f.363B4D137147A2C10141CDA60C7BC6F9.d.2C3E3264F34339F009C501C63EB1518A.e.288","ELEMENT":"f.363B4D137147A2C10141CDA60C7BC6F9.d.2C3E3264F34339F009C501C63EB1518A.e.288"}]}
COMMAND: POST /session/4bf8232c0472e0a498fe7ae209f3a21b/element/f.363B4D137147A2C10141CDA60C7BC6F9.d.2C3E3264F34339F009C501C63EB1518A.e.288/click - {}
COMMAND: GET /session/4bf8232c0472e0a498fe7ae209f3a21b/screenshot - {}
RESULT: {}
RESULT: {}
COMMAND: GET /session/4bf8232c0472e0a498fe7ae209f3a21b/screenshot - {}
RESULT: {}
RESULT: {}
COMMAND: POST /session/4bf8232c0472e0a498fe7ae209f3a21b/element - {"using":"xpath","value":"//input[@id=\"application-manageyards-display-component---NewYard--yardId-inner\"]"}
RESULT: {"using":"xpath","value":"//input[@id=\"application-manageyards-display-component---NewYard--yardId-inner\"]"}
COMMAND: POST /session/4bf8232c0472e0a498fe7ae209f3a21b/element - {"using":"xpath","value":"//input[@id=\"application-manageyards-display-component---NewYard--yardId-inner\"]"}
RESULT: {"using":"xpath","value":"//input[@id=\"application-manageyards-display-component---NewYard--yardId-inner\"]"}
COMMAND: POST /session/4bf8232c0472e0a498fe7ae209f3a21b/execute/async - {"script":"<script> [1562 bytes]","args":[{"selector":{"id":"application-manageyards-display-component---NewYard--addressDetailDetailsName1","interaction":{"idSuffix":"inner"}},"wdio_ui5_key":"applicationmanageyards-display-component---NewYard--addressDetailDetailsName1"}]}
RESULT: {"script":"<script> [1562 bytes]","args":[{"selector":{"id":"application-manageyards-display-component---NewYard--addressDetailDetailsName1","interaction":{"idSuffix":"inner"}},"wdio_ui5_key":"applicationmanageyards-display-component---NewYard--addressDetailDetailsName1"}]}
RESULT: undefined
COMMAND: POST /session/4bf8232c0472e0a498fe7ae209f3a21b/execute/async - {"script":"<script> [776 bytes]","args":[{"enterText":"Intracompany Yard wdIO","selector":{"id":"application-manageyards-display-component---NewYard--addressDetailDetailsName1","interaction":{"idSuffix":"inner"}},"clearTextFirst":true,"interactionType":"ENTER_TEXT"}]}
RESULT: {"script":"<script> [776 bytes]","args":[{"enterText":"Intracompany Yard wdIO","selector":{"id":"application-manageyards-display-component---NewYard--addressDetailDetailsName1","interaction":{"idSuffix":"inner"}},"clearTextFirst":true,"interactionType":"ENTER_TEXT"}]}
COMMAND: POST /session/4bf8232c0472e0a498fe7ae209f3a21b/execute/async - {"script":"<script> [1562 bytes]","args":[{"selector":{"id":"application-manageyards-display-component---NewYard--addressDetailDetailsLanguage-arrow"},"wdio_ui5_key":"applicationmanageyards-display-component---NewYard--addressDetailDetailsLanguage-arrow"}]}
RESULT: {"script":"<script> [1562 bytes]","args":[{"selector":{"id":"application-manageyards-display-component---NewYard--addressDetailDetailsLanguage-arrow"},"wdio_ui5_key":"applicationmanageyards-display-component---NewYard--addressDetailDetailsLanguage-arrow"}]}
RESULT: undefined
COMMAND: POST /session/4bf8232c0472e0a498fe7ae209f3a21b/element - {"using":"xpath","value":"//*[@id=\"application-manageyards-display-component---NewYard--addressDetailDetailsLanguage-arrow\"]"}
RESULT: {"using":"xpath","value":"//*[@id=\"application-manageyards-display-component---NewYard--addressDetailDetailsLanguage-arrow\"]"}
COMMAND: POST /session/4bf8232c0472e0a498fe7ae209f3a21b/element/f.363B4D137147A2C10141CDA60C7BC6F9.d.2C3E3264F34339F009C501C63EB1518A.e.722/click - {}
RESULT: {}
COMMAND: POST /session/4bf8232c0472e0a498fe7ae209f3a21b/element - {"using":"xpath","value":"//span[contains(text(), \"English\")]"}
COMMAND: GET /session/4bf8232c0472e0a498fe7ae209f3a21b/screenshot - {}
RESULT: {"using":"xpath","value":"//span[contains(text(), \"English\")]"}
COMMAND: POST /session/4bf8232c0472e0a498fe7ae209f3a21b/element/f.363B4D137147A2C10141CDA60C7BC6F9.d.2C3E3264F34339F009C501C63EB1518A.e.723/click - {}
RESULT: {}
RESULT: {}
COMMAND: POST /session/4bf8232c0472e0a498fe7ae209f3a21b/execute/async - {"script":"<script> [1562 bytes]","args":[{"selector":{"id":"application-manageyards-display-component---NewYard--addressDetailDetailsCity1","interaction":{"idSuffix":"inner"}},"wdio_ui5_key":"applicationmanageyards-display-component---NewYard--addressDetailDetailsCity1"}]}
COMMAND: GET /session/4bf8232c0472e0a498fe7ae209f3a21b/screenshot - {}
RESULT: {"script":"<script> [1562 bytes]","args":[{"selector":{"id":"application-manageyards-display-component---NewYard--addressDetailDetailsCity1","interaction":{"idSuffix":"inner"}},"wdio_ui5_key":"applicationmanageyards-display-component---NewYard--addressDetailDetailsCity1"}]}
RESULT: undefined
COMMAND: POST /session/4bf8232c0472e0a498fe7ae209f3a21b/execute/async - {"script":"<script> [776 bytes]","args":[{"enterText":"Rosario","selector":{"id":"application-manageyards-display-component---NewYard--addressDetailDetailsCity1","interaction":{"idSuffix":"inner"}},"clearTextFirst":true,"interactionType":"ENTER_TEXT"}]}
RESULT: {}
RESULT: {"script":"<script> [776 bytes]","args":[{"enterText":"Rosario","selector":{"id":"application-manageyards-display-component---NewYard--addressDetailDetailsCity1","interaction":{"idSuffix":"inner"}},"clearTextFirst":true,"interactionType":"ENTER_TEXT"}]}
COMMAND: POST /session/4bf8232c0472e0a498fe7ae209f3a21b/execute/async - {"script":"<script> [1562 bytes]","args":[{"selector":{"id":"application-manageyards-display-component---NewYard--addressDetailDetailsCountry-arrow"},"wdio_ui5_key":"applicationmanageyards-display-component---NewYard--addressDetailDetailsCountry-arrow"}]}
RESULT: {"script":"<script> [1562 bytes]","args":[{"selector":{"id":"application-manageyards-display-component---NewYard--addressDetailDetailsCountry-arrow"},"wdio_ui5_key":"applicationmanageyards-display-component---NewYard--addressDetailDetailsCountry-arrow"}]}
RESULT: undefined
COMMAND: POST /session/4bf8232c0472e0a498fe7ae209f3a21b/element - {"using":"xpath","value":"//*[@id=\"application-manageyards-display-component---NewYard--addressDetailDetailsCountry-arrow\"]"}
RESULT: {"using":"xpath","value":"//*[@id=\"application-manageyards-display-component---NewYard--addressDetailDetailsCountry-arrow\"]"}
COMMAND: POST /session/4bf8232c0472e0a498fe7ae209f3a21b/element/f.363B4D137147A2C10141CDA60C7BC6F9.d.2C3E3264F34339F009C501C63EB1518A.e.725/click - {}
RESULT: {}
COMMAND: POST /session/4bf8232c0472e0a498fe7ae209f3a21b/element - {"using":"xpath","value":"//span[contains(text(), \"Argentina\")]"}
COMMAND: GET /session/4bf8232c0472e0a498fe7ae209f3a21b/screenshot - {}
RESULT: {"using":"xpath","value":"//span[contains(text(), \"Argentina\")]"}
COMMAND: POST /session/4bf8232c0472e0a498fe7ae209f3a21b/element/f.363B4D137147A2C10141CDA60C7BC6F9.d.2C3E3264F34339F009C501C63EB1518A.e.727/click - {}
RESULT: {}
RESULT: {}
COMMAND: POST /session/4bf8232c0472e0a498fe7ae209f3a21b/execute/async - {"script":"<script> [1562 bytes]","args":[{"selector":{"id":"application-manageyards-display-component---NewYard--addressEditDetailsCostObjectCstType-arrow"},"wdio_ui5_key":"applicationmanageyards-display-component---NewYard--addressEditDetailsCostObjectCstType-arrow"}]}
COMMAND: GET /session/4bf8232c0472e0a498fe7ae209f3a21b/screenshot - {}
RESULT: {"script":"<script> [1562 bytes]","args":[{"selector":{"id":"application-manageyards-display-component---NewYard--addressEditDetailsCostObjectCstType-arrow"},"wdio_ui5_key":"applicationmanageyards-display-component---NewYard--addressEditDetailsCostObjectCstType-arrow"}]}
RESULT: undefined
COMMAND: POST /session/4bf8232c0472e0a498fe7ae209f3a21b/element - {"using":"xpath","value":"//*[@id=\"application-manageyards-display-component---NewYard--addressEditDetailsCostObjectCstType-arrow\"]"}
RESULT: {}
RESULT: {"using":"xpath","value":"//*[@id=\"application-manageyards-display-component---NewYard--addressEditDetailsCostObjectCstType-arrow\"]"}
COMMAND: POST /session/4bf8232c0472e0a498fe7ae209f3a21b/element/f.363B4D137147A2C10141CDA60C7BC6F9.d.2C3E3264F34339F009C501C63EB1518A.e.728/click - {}
RESULT: {}
COMMAND: POST /session/4bf8232c0472e0a498fe7ae209f3a21b/element - {"using":"xpath","value":"//span[contains(text(), \"Cost Center\")]"}
COMMAND: GET /session/4bf8232c0472e0a498fe7ae209f3a21b/screenshot - {}
RESULT: {"using":"xpath","value":"//span[contains(text(), \"Cost Center\")]"}
COMMAND: POST /session/4bf8232c0472e0a498fe7ae209f3a21b/element/f.363B4D137147A2C10141CDA60C7BC6F9.d.2C3E3264F34339F009C501C63EB1518A.e.729/click - {}
RESULT: {}
RESULT: {}
COMMAND: GET /session/4bf8232c0472e0a498fe7ae209f3a21b/screenshot - {}
RESULT: {}
COMMAND: POST /session/4bf8232c0472e0a498fe7ae209f3a21b/element - {"using":"xpath","value":"//span[@id=\"application-manageyards-display-component---NewYard--addressNewCostObjectCstID-vhi\"]"}
RESULT: {"using":"xpath","value":"//span[@id=\"application-manageyards-display-component---NewYard--addressNewCostObjectCstID-vhi\"]"}
COMMAND: POST /session/4bf8232c0472e0a498fe7ae209f3a21b/execute/sync - {"script":"<script> [8489 bytes]","args":[{"element-6066-11e4-a52e-4f735466cecf":"f.363B4D137147A2C10141CDA60C7BC6F9.d.2C3E3264F34339F009C501C63EB1518A.e.733","ELEMENT":"f.363B4D137147A2C10141CDA60C7BC6F9.d.2C3E3264F34339F009C501C63EB1518A.e.733"}]}
RESULT: {"script":"<script> [8489 bytes]","args":[{"element-6066-11e4-a52e-4f735466cecf":"f.363B4D137147A2C10141CDA60C7BC6F9.d.2C3E3264F34339F009C501C63EB1518A.e.733","ELEMENT":"f.363B4D137147A2C10141CDA60C7BC6F9.d.2C3E3264F34339F009C501C63EB1518A.e.733"}]}
COMMAND: POST /session/4bf8232c0472e0a498fe7ae209f3a21b/execute/async - {"script":"<script> [1562 bytes]","args":[{"selector":{"id":"application-manageyards-display-component---NewYard--addressNewCostObjectCstID-vhi"},"wdio_ui5_key":"applicationmanageyards-display-component---NewYard--addressNewCostObjectCstID-vhi"}]}
COMMAND: GET /session/4bf8232c0472e0a498fe7ae209f3a21b/screenshot - {}
RESULT: {"script":"<script> [1562 bytes]","args":[{"selector":{"id":"application-manageyards-display-component---NewYard--addressNewCostObjectCstID-vhi"},"wdio_ui5_key":"applicationmanageyards-display-component---NewYard--addressNewCostObjectCstID-vhi"}]}
RESULT: undefined
COMMAND: POST /session/4bf8232c0472e0a498fe7ae209f3a21b/element - {"using":"xpath","value":"//*[@id=\"application-manageyards-display-component---NewYard--addressNewCostObjectCstID-vhi\"]"}
RESULT: {}
RESULT: {"using":"xpath","value":"//*[@id=\"application-manageyards-display-component---NewYard--addressNewCostObjectCstID-vhi\"]"}
COMMAND: POST /session/4bf8232c0472e0a498fe7ae209f3a21b/element/f.363B4D137147A2C10141CDA60C7BC6F9.d.2C3E3264F34339F009C501C63EB1518A.e.733/click - {}
RESULT: {}
COMMAND: GET /session/4bf8232c0472e0a498fe7ae209f3a21b/screenshot - {}
RESULT: {}
COMMAND: POST /session/4bf8232c0472e0a498fe7ae209f3a21b/execute/async - {"script":"<script> [1562 bytes]","args":[{"selector":{"controlType":"sap.m.SearchField","properties":{"placeholder":"Search"},"searchOpenDialogs":true,"interaction":{"idSuffix":"I"}},"wdio_ui5_key":"sapm.SearchField{\"placeholder\":\"Search\"}"}]}
RESULT: {"script":"<script> [1562 bytes]","args":[{"selector":{"controlType":"sap.m.SearchField","properties":{"placeholder":"Search"},"searchOpenDialogs":true,"interaction":{"idSuffix":"I"}},"wdio_ui5_key":"sapm.SearchField{\"placeholder\":\"Search\"}"}]}
RESULT: undefined
COMMAND: POST /session/4bf8232c0472e0a498fe7ae209f3a21b/execute/async - {"script":"<script> [776 bytes]","args":[{"enterText":"bauh_b","selector":{"controlType":"sap.m.SearchField","properties":{"placeholder":"Search"},"searchOpenDialogs":true,"interaction":{"idSuffix":"I"}},"clearTextFirst":true,"interactionType":"ENTER_TEXT"}]}
RESULT: {"script":"<script> [776 bytes]","args":[{"enterText":"bauh_b","selector":{"controlType":"sap.m.SearchField","properties":{"placeholder":"Search"},"searchOpenDialogs":true,"interaction":{"idSuffix":"I"}},"clearTextFirst":true,"interactionType":"ENTER_TEXT"}]}
COMMAND: POST /session/4bf8232c0472e0a498fe7ae209f3a21b/actions - {"actions":[{"id":"action1","type":"key","parameters":{},"actions":[{"type":"keyDown","value":"î€‡"},{"type":"pause","duration":10},{"type":"keyUp","value":"î€‡"}]}]}
RESULT: {"actions":[{"id":"action1","type":"key","parameters":{},"actions":[{"type":"keyDown","value":"î€‡"},{"type":"pause","duration":10},{"type":"keyUp","value":"î€‡"}]}]}
COMMAND: GET /session/4bf8232c0472e0a498fe7ae209f3a21b/screenshot - {}
RESULT: {}
COMMAND: POST /session/4bf8232c0472e0a498fe7ae209f3a21b/element - {"using":"xpath","value":"//span[contains(text(), \"Demo Yard\")]"}
RESULT: {"using":"xpath","value":"//span[contains(text(), \"Demo Yard\")]"}
COMMAND: POST /session/4bf8232c0472e0a498fe7ae209f3a21b/element/f.363B4D137147A2C10141CDA60C7BC6F9.d.2C3E3264F34339F009C501C63EB1518A.e.773/click - {}
RESULT: {}
COMMAND: GET /session/4bf8232c0472e0a498fe7ae209f3a21b/screenshot - {}
RESULT: {}
COMMAND: POST /session/4bf8232c0472e0a498fe7ae209f3a21b/element - {"using":"xpath","value":"//bdi[contains(text(), \"OK\")]"}
RESULT: {"using":"xpath","value":"//bdi[contains(text(), \"OK\")]"}
COMMAND: POST /session/4bf8232c0472e0a498fe7ae209f3a21b/element/f.363B4D137147A2C10141CDA60C7BC6F9.d.2C3E3264F34339F009C501C63EB1518A.e.774/click - {}
RESULT: {}
COMMAND: GET /session/4bf8232c0472e0a498fe7ae209f3a21b/screenshot - {}
RESULT: {}
COMMAND: POST /session/4bf8232c0472e0a498fe7ae209f3a21b/execute/async - {"script":"<script> [1562 bytes]","args":[{"selector":{"id":"application-manageyards-display-component---NewYard--addressEditDetailsCurrency-arrow"},"wdio_ui5_key":"applicationmanageyards-display-component---NewYard--addressEditDetailsCurrency-arrow"}]}
RESULT: {"script":"<script> [1562 bytes]","args":[{"selector":{"id":"application-manageyards-display-component---NewYard--addressEditDetailsCurrency-arrow"},"wdio_ui5_key":"applicationmanageyards-display-component---NewYard--addressEditDetailsCurrency-arrow"}]}
RESULT: undefined
COMMAND: POST /session/4bf8232c0472e0a498fe7ae209f3a21b/element - {"using":"xpath","value":"//*[@id=\"application-manageyards-display-component---NewYard--addressEditDetailsCurrency-arrow\"]"}
RESULT: {"using":"xpath","value":"//*[@id=\"application-manageyards-display-component---NewYard--addressEditDetailsCurrency-arrow\"]"}
COMMAND: POST /session/4bf8232c0472e0a498fe7ae209f3a21b/element/f.363B4D137147A2C10141CDA60C7BC6F9.d.2C3E3264F34339F009C501C63EB1518A.e.777/click - {}
RESULT: {}
COMMAND: POST /session/4bf8232c0472e0a498fe7ae209f3a21b/element - {"using":"xpath","value":"//span[contains(text(), \"Euro\")]"}
COMMAND: GET /session/4bf8232c0472e0a498fe7ae209f3a21b/screenshot - {}
RESULT: {"using":"xpath","value":"//span[contains(text(), \"Euro\")]"}
COMMAND: POST /session/4bf8232c0472e0a498fe7ae209f3a21b/element/f.363B4D137147A2C10141CDA60C7BC6F9.d.2C3E3264F34339F009C501C63EB1518A.e.778/click - {}
RESULT: {}
RESULT: {}
COMMAND: POST /session/4bf8232c0472e0a498fe7ae209f3a21b/execute/async - {"script":"<script> [1562 bytes]","args":[{"selector":{"controlType":"sap.m.Input","viewName":"etm.portal.ui.manageyards.view.New","viewId":"application-manageyards-display-component---NewYard","bindingPath":{"path":"","propertyPath":"/CONTROLLING_AREA","modelName":"NewYardModel"},"interaction":{"idSuffix":"inner"}},"wdio_ui5_key":"etmportal.ui.manageyards.view.Newsap.m.Input{\"path\":\"\",\"propertyPath\":\"/CONTROLLING_AREA\",\"modelName\":\"NewYardModel\"}"}]}
COMMAND: GET /session/4bf8232c0472e0a498fe7ae209f3a21b/screenshot - {}
RESULT: {"script":"<script> [1562 bytes]","args":[{"selector":{"controlType":"sap.m.Input","viewName":"etm.portal.ui.manageyards.view.New","viewId":"application-manageyards-display-component---NewYard","bindingPath":{"path":"","propertyPath":"/CONTROLLING_AREA","modelName":"NewYardModel"},"interaction":{"idSuffix":"inner"}},"wdio_ui5_key":"etmportal.ui.manageyards.view.Newsap.m.Input{\"path\":\"\",\"propertyPath\":\"/CONTROLLING_AREA\",\"modelName\":\"NewYardModel\"}"}]}
RESULT: undefined
COMMAND: POST /session/4bf8232c0472e0a498fe7ae209f3a21b/execute/async - {"script":"<script> [776 bytes]","args":[{"enterText":"Z001","selector":{"controlType":"sap.m.Input","viewName":"etm.portal.ui.manageyards.view.New","viewId":"application-manageyards-display-component---NewYard","bindingPath":{"path":"","propertyPath":"/CONTROLLING_AREA","modelName":"NewYardModel"},"interaction":{"idSuffix":"inner"}},"clearTextFirst":true,"interactionType":"ENTER_TEXT"}]}
RESULT: {}
RESULT: {"script":"<script> [776 bytes]","args":[{"enterText":"Z001","selector":{"controlType":"sap.m.Input","viewName":"etm.portal.ui.manageyards.view.New","viewId":"application-manageyards-display-component---NewYard","bindingPath":{"path":"","propertyPath":"/CONTROLLING_AREA","modelName":"NewYardModel"},"interaction":{"idSuffix":"inner"}},"clearTextFirst":true,"interactionType":"ENTER_TEXT"}]}
COMMAND: POST /session/4bf8232c0472e0a498fe7ae209f3a21b/execute/async - {"script":"<script> [1562 bytes]","args":[{"selector":{"id":"application-manageyards-display-component---NewYard--companyCodeComboBox","interaction":{"idSuffix":"inner"}},"wdio_ui5_key":"applicationmanageyards-display-component---NewYard--companyCodeComboBox"}]}
RESULT: {"script":"<script> [1562 bytes]","args":[{"selector":{"id":"application-manageyards-display-component---NewYard--companyCodeComboBox","interaction":{"idSuffix":"inner"}},"wdio_ui5_key":"applicationmanageyards-display-component---NewYard--companyCodeComboBox"}]}
RESULT: undefined
COMMAND: POST /session/4bf8232c0472e0a498fe7ae209f3a21b/execute/async - {"script":"<script> [776 bytes]","args":[{"enterText":"1000","selector":{"id":"application-manageyards-display-component---NewYard--companyCodeComboBox","interaction":{"idSuffix":"inner"}},"clearTextFirst":true,"interactionType":"ENTER_TEXT"}]}
RESULT: {"script":"<script> [776 bytes]","args":[{"enterText":"1000","selector":{"id":"application-manageyards-display-component---NewYard--companyCodeComboBox","interaction":{"idSuffix":"inner"}},"clearTextFirst":true,"interactionType":"ENTER_TEXT"}]}
COMMAND: POST /session/4bf8232c0472e0a498fe7ae209f3a21b/execute/async - {"script":"<script> [1562 bytes]","args":[{"selector":{"controlType":"sap.m.Input","viewName":"etm.portal.ui.manageyards.view.New","viewId":"application-manageyards-display-component---NewYard","bindingPath":{"path":"","propertyPath":"/PLANT","modelName":"NewYardModel"},"interaction":{"idSuffix":"inner"}},"wdio_ui5_key":"etmportal.ui.manageyards.view.Newsap.m.Input{\"path\":\"\",\"propertyPath\":\"/PLANT\",\"modelName\":\"NewYardModel\"}"}]}
RESULT: {"script":"<script> [1562 bytes]","args":[{"selector":{"controlType":"sap.m.Input","viewName":"etm.portal.ui.manageyards.view.New","viewId":"application-manageyards-display-component---NewYard","bindingPath":{"path":"","propertyPath":"/PLANT","modelName":"NewYardModel"},"interaction":{"idSuffix":"inner"}},"wdio_ui5_key":"etmportal.ui.manageyards.view.Newsap.m.Input{\"path\":\"\",\"propertyPath\":\"/PLANT\",\"modelName\":\"NewYardModel\"}"}]}
RESULT: undefined
COMMAND: POST /session/4bf8232c0472e0a498fe7ae209f3a21b/execute/async - {"script":"<script> [776 bytes]","args":[{"enterText":"1001","selector":{"controlType":"sap.m.Input","viewName":"etm.portal.ui.manageyards.view.New","viewId":"application-manageyards-display-component---NewYard","bindingPath":{"path":"","propertyPath":"/PLANT","modelName":"NewYardModel"},"interaction":{"idSuffix":"inner"}},"clearTextFirst":true,"interactionType":"ENTER_TEXT"}]}
RESULT: {"script":"<script> [776 bytes]","args":[{"enterText":"1001","selector":{"controlType":"sap.m.Input","viewName":"etm.portal.ui.manageyards.view.New","viewId":"application-manageyards-display-component---NewYard","bindingPath":{"path":"","propertyPath":"/PLANT","modelName":"NewYardModel"},"interaction":{"idSuffix":"inner"}},"clearTextFirst":true,"interactionType":"ENTER_TEXT"}]}
COMMAND: POST /session/4bf8232c0472e0a498fe7ae209f3a21b/execute/async - {"script":"<script> [1562 bytes]","args":[{"selector":{"controlType":"sap.m.Input","viewName":"etm.portal.ui.manageyards.view.New","viewId":"application-manageyards-display-component---NewYard","bindingPath":{"path":"","propertyPath":"/SALES_AREA_VKORG","modelName":"NewYardModel"},"interaction":{"idSuffix":"inner"}},"wdio_ui5_key":"etmportal.ui.manageyards.view.Newsap.m.Input{\"path\":\"\",\"propertyPath\":\"/SALES_AREA_VKORG\",\"modelName\":\"NewYardModel\"}"}]}
RESULT: {"script":"<script> [1562 bytes]","args":[{"selector":{"controlType":"sap.m.Input","viewName":"etm.portal.ui.manageyards.view.New","viewId":"application-manageyards-display-component---NewYard","bindingPath":{"path":"","propertyPath":"/SALES_AREA_VKORG","modelName":"NewYardModel"},"interaction":{"idSuffix":"inner"}},"wdio_ui5_key":"etmportal.ui.manageyards.view.Newsap.m.Input{\"path\":\"\",\"propertyPath\":\"/SALES_AREA_VKORG\",\"modelName\":\"NewYardModel\"}"}]}
RESULT: undefined
COMMAND: POST /session/4bf8232c0472e0a498fe7ae209f3a21b/execute/async - {"script":"<script> [776 bytes]","args":[{"enterText":"C002","selector":{"controlType":"sap.m.Input","viewName":"etm.portal.ui.manageyards.view.New","viewId":"application-manageyards-display-component---NewYard","bindingPath":{"path":"","propertyPath":"/SALES_AREA_VKORG","modelName":"NewYardModel"},"interaction":{"idSuffix":"inner"}},"clearTextFirst":true,"interactionType":"ENTER_TEXT"}]}
RESULT: {"script":"<script> [776 bytes]","args":[{"enterText":"C002","selector":{"controlType":"sap.m.Input","viewName":"etm.portal.ui.manageyards.view.New","viewId":"application-manageyards-display-component---NewYard","bindingPath":{"path":"","propertyPath":"/SALES_AREA_VKORG","modelName":"NewYardModel"},"interaction":{"idSuffix":"inner"}},"clearTextFirst":true,"interactionType":"ENTER_TEXT"}]}
COMMAND: POST /session/4bf8232c0472e0a498fe7ae209f3a21b/execute/async - {"script":"<script> [1562 bytes]","args":[{"selector":{"controlType":"sap.m.Input","viewName":"etm.portal.ui.manageyards.view.New","viewId":"application-manageyards-display-component---NewYard","bindingPath":{"path":"","propertyPath":"/SALES_AREA_VTWEG","modelName":"NewYardModel"},"interaction":{"idSuffix":"inner"}},"wdio_ui5_key":"etmportal.ui.manageyards.view.Newsap.m.Input{\"path\":\"\",\"propertyPath\":\"/SALES_AREA_VTWEG\",\"modelName\":\"NewYardModel\"}"}]}
RESULT: {"script":"<script> [1562 bytes]","args":[{"selector":{"controlType":"sap.m.Input","viewName":"etm.portal.ui.manageyards.view.New","viewId":"application-manageyards-display-component---NewYard","bindingPath":{"path":"","propertyPath":"/SALES_AREA_VTWEG","modelName":"NewYardModel"},"interaction":{"idSuffix":"inner"}},"wdio_ui5_key":"etmportal.ui.manageyards.view.Newsap.m.Input{\"path\":\"\",\"propertyPath\":\"/SALES_AREA_VTWEG\",\"modelName\":\"NewYardModel\"}"}]}
RESULT: undefined
COMMAND: POST /session/4bf8232c0472e0a498fe7ae209f3a21b/execute/async - {"script":"<script> [776 bytes]","args":[{"enterText":"C2","selector":{"controlType":"sap.m.Input","viewName":"etm.portal.ui.manageyards.view.New","viewId":"application-manageyards-display-component---NewYard","bindingPath":{"path":"","propertyPath":"/SALES_AREA_VTWEG","modelName":"NewYardModel"},"interaction":{"idSuffix":"inner"}},"clearTextFirst":true,"interactionType":"ENTER_TEXT"}]}
RESULT: {"script":"<script> [776 bytes]","args":[{"enterText":"C2","selector":{"controlType":"sap.m.Input","viewName":"etm.portal.ui.manageyards.view.New","viewId":"application-manageyards-display-component---NewYard","bindingPath":{"path":"","propertyPath":"/SALES_AREA_VTWEG","modelName":"NewYardModel"},"interaction":{"idSuffix":"inner"}},"clearTextFirst":true,"interactionType":"ENTER_TEXT"}]}
COMMAND: POST /session/4bf8232c0472e0a498fe7ae209f3a21b/execute/async - {"script":"<script> [1562 bytes]","args":[{"selector":{"controlType":"sap.m.Input","viewName":"etm.portal.ui.manageyards.view.New","viewId":"application-manageyards-display-component---NewYard","bindingPath":{"path":"","propertyPath":"/SALES_AREA_SPART","modelName":"NewYardModel"},"interaction":{"idSuffix":"inner"}},"wdio_ui5_key":"etmportal.ui.manageyards.view.Newsap.m.Input{\"path\":\"\",\"propertyPath\":\"/SALES_AREA_SPART\",\"modelName\":\"NewYardModel\"}"}]}
RESULT: {"script":"<script> [1562 bytes]","args":[{"selector":{"controlType":"sap.m.Input","viewName":"etm.portal.ui.manageyards.view.New","viewId":"application-manageyards-display-component---NewYard","bindingPath":{"path":"","propertyPath":"/SALES_AREA_SPART","modelName":"NewYardModel"},"interaction":{"idSuffix":"inner"}},"wdio_ui5_key":"etmportal.ui.manageyards.view.Newsap.m.Input{\"path\":\"\",\"propertyPath\":\"/SALES_AREA_SPART\",\"modelName\":\"NewYardModel\"}"}]}
RESULT: undefined
COMMAND: POST /session/4bf8232c0472e0a498fe7ae209f3a21b/execute/async - {"script":"<script> [776 bytes]","args":[{"enterText":"C2","selector":{"controlType":"sap.m.Input","viewName":"etm.portal.ui.manageyards.view.New","viewId":"application-manageyards-display-component---NewYard","bindingPath":{"path":"","propertyPath":"/SALES_AREA_SPART","modelName":"NewYardModel"},"interaction":{"idSuffix":"inner"}},"clearTextFirst":true,"interactionType":"ENTER_TEXT"}]}
RESULT: {"script":"<script> [776 bytes]","args":[{"enterText":"C2","selector":{"controlType":"sap.m.Input","viewName":"etm.portal.ui.manageyards.view.New","viewId":"application-manageyards-display-component---NewYard","bindingPath":{"path":"","propertyPath":"/SALES_AREA_SPART","modelName":"NewYardModel"},"interaction":{"idSuffix":"inner"}},"clearTextFirst":true,"interactionType":"ENTER_TEXT"}]}
COMMAND: POST /session/4bf8232c0472e0a498fe7ae209f3a21b/execute/async - {"script":"<script> [1562 bytes]","args":[{"selector":{"controlType":"sap.m.Input","viewName":"etm.portal.ui.manageyards.view.New","viewId":"application-manageyards-display-component---NewYard","bindingPath":{"path":"","propertyPath":"/SHIP_POINT","modelName":"NewYardModel"},"interaction":{"idSuffix":"inner"}},"wdio_ui5_key":"etmportal.ui.manageyards.view.Newsap.m.Input{\"path\":\"\",\"propertyPath\":\"/SHIP_POINT\",\"modelName\":\"NewYardModel\"}"}]}
RESULT: {"script":"<script> [1562 bytes]","args":[{"selector":{"controlType":"sap.m.Input","viewName":"etm.portal.ui.manageyards.view.New","viewId":"application-manageyards-display-component---NewYard","bindingPath":{"path":"","propertyPath":"/SHIP_POINT","modelName":"NewYardModel"},"interaction":{"idSuffix":"inner"}},"wdio_ui5_key":"etmportal.ui.manageyards.view.Newsap.m.Input{\"path\":\"\",\"propertyPath\":\"/SHIP_POINT\",\"modelName\":\"NewYardModel\"}"}]}
RESULT: undefined
COMMAND: POST /session/4bf8232c0472e0a498fe7ae209f3a21b/execute/async - {"script":"<script> [776 bytes]","args":[{"enterText":"1710","selector":{"controlType":"sap.m.Input","viewName":"etm.portal.ui.manageyards.view.New","viewId":"application-manageyards-display-component---NewYard","bindingPath":{"path":"","propertyPath":"/SHIP_POINT","modelName":"NewYardModel"},"interaction":{"idSuffix":"inner"}},"clearTextFirst":true,"interactionType":"ENTER_TEXT"}]}
RESULT: {"script":"<script> [776 bytes]","args":[{"enterText":"1710","selector":{"controlType":"sap.m.Input","viewName":"etm.portal.ui.manageyards.view.New","viewId":"application-manageyards-display-component---NewYard","bindingPath":{"path":"","propertyPath":"/SHIP_POINT","modelName":"NewYardModel"},"interaction":{"idSuffix":"inner"}},"clearTextFirst":true,"interactionType":"ENTER_TEXT"}]}
COMMAND: POST /session/4bf8232c0472e0a498fe7ae209f3a21b/execute/async - {"script":"<script> [1562 bytes]","args":[{"selector":{"controlType":"sap.m.Input","viewName":"etm.portal.ui.manageyards.view.New","viewId":"application-manageyards-display-component---NewYard","bindingPath":{"path":"","propertyPath":"/DELIVERY_TYPE","modelName":"NewYardModel"},"interaction":{"idSuffix":"inner"}},"wdio_ui5_key":"etmportal.ui.manageyards.view.Newsap.m.Input{\"path\":\"\",\"propertyPath\":\"/DELIVERY_TYPE\",\"modelName\":\"NewYardModel\"}"}]}
RESULT: {"script":"<script> [1562 bytes]","args":[{"selector":{"controlType":"sap.m.Input","viewName":"etm.portal.ui.manageyards.view.New","viewId":"application-manageyards-display-component---NewYard","bindingPath":{"path":"","propertyPath":"/DELIVERY_TYPE","modelName":"NewYardModel"},"interaction":{"idSuffix":"inner"}},"wdio_ui5_key":"etmportal.ui.manageyards.view.Newsap.m.Input{\"path\":\"\",\"propertyPath\":\"/DELIVERY_TYPE\",\"modelName\":\"NewYardModel\"}"}]}
RESULT: undefined
COMMAND: POST /session/4bf8232c0472e0a498fe7ae209f3a21b/execute/async - {"script":"<script> [776 bytes]","args":[{"enterText":"ZL01","selector":{"controlType":"sap.m.Input","viewName":"etm.portal.ui.manageyards.view.New","viewId":"application-manageyards-display-component---NewYard","bindingPath":{"path":"","propertyPath":"/DELIVERY_TYPE","modelName":"NewYardModel"},"interaction":{"idSuffix":"inner"}},"clearTextFirst":true,"interactionType":"ENTER_TEXT"}]}
RESULT: {"script":"<script> [776 bytes]","args":[{"enterText":"ZL01","selector":{"controlType":"sap.m.Input","viewName":"etm.portal.ui.manageyards.view.New","viewId":"application-manageyards-display-component---NewYard","bindingPath":{"path":"","propertyPath":"/DELIVERY_TYPE","modelName":"NewYardModel"},"interaction":{"idSuffix":"inner"}},"clearTextFirst":true,"interactionType":"ENTER_TEXT"}]}
COMMAND: POST /session/4bf8232c0472e0a498fe7ae209f3a21b/execute/async - {"script":"<script> [1562 bytes]","args":[{"selector":{"controlType":"sap.m.Input","viewName":"etm.portal.ui.manageyards.view.New","viewId":"application-manageyards-display-component---NewYard","bindingPath":{"path":"","propertyPath":"/AUART","modelName":"NewYardModel"},"interaction":{"idSuffix":"inner"}},"wdio_ui5_key":"etmportal.ui.manageyards.view.Newsap.m.Input{\"path\":\"\",\"propertyPath\":\"/AUART\",\"modelName\":\"NewYardModel\"}"}]}
RESULT: {"script":"<script> [1562 bytes]","args":[{"selector":{"controlType":"sap.m.Input","viewName":"etm.portal.ui.manageyards.view.New","viewId":"application-manageyards-display-component---NewYard","bindingPath":{"path":"","propertyPath":"/AUART","modelName":"NewYardModel"},"interaction":{"idSuffix":"inner"}},"wdio_ui5_key":"etmportal.ui.manageyards.view.Newsap.m.Input{\"path\":\"\",\"propertyPath\":\"/AUART\",\"modelName\":\"NewYardModel\"}"}]}
RESULT: undefined
COMMAND: POST /session/4bf8232c0472e0a498fe7ae209f3a21b/execute/async - {"script":"<script> [776 bytes]","args":[{"enterText":"TA","selector":{"controlType":"sap.m.Input","viewName":"etm.portal.ui.manageyards.view.New","viewId":"application-manageyards-display-component---NewYard","bindingPath":{"path":"","propertyPath":"/AUART","modelName":"NewYardModel"},"interaction":{"idSuffix":"inner"}},"clearTextFirst":true,"interactionType":"ENTER_TEXT"}]}
RESULT: {"script":"<script> [776 bytes]","args":[{"enterText":"TA","selector":{"controlType":"sap.m.Input","viewName":"etm.portal.ui.manageyards.view.New","viewId":"application-manageyards-display-component---NewYard","bindingPath":{"path":"","propertyPath":"/AUART","modelName":"NewYardModel"},"interaction":{"idSuffix":"inner"}},"clearTextFirst":true,"interactionType":"ENTER_TEXT"}]}
COMMAND: POST /session/4bf8232c0472e0a498fe7ae209f3a21b/element - {"using":"xpath","value":"//button[@data-kt=\"newYardSaveButton\"]"}
RESULT: {"using":"xpath","value":"//button[@data-kt=\"newYardSaveButton\"]"}
COMMAND: POST /session/4bf8232c0472e0a498fe7ae209f3a21b/element/f.363B4D137147A2C10141CDA60C7BC6F9.d.2C3E3264F34339F009C501C63EB1518A.e.701/click - {}
RESULT: {}
COMMAND: GET /session/4bf8232c0472e0a498fe7ae209f3a21b/screenshot - {}
RESULT: {}
COMMAND: POST /session/4bf8232c0472e0a498fe7ae209f3a21b/element - {"using":"xpath","value":"//header[contains(@id, 'ObjectPageLayout-headerTitle')]/div[1]/div[2]/div[1]/span[1]"}
RESULT: {"using":"xpath","value":"//header[contains(@id, 'ObjectPageLayout-headerTitle')]/div[1]/div[2]/div[1]/span[1]"}
COMMAND: POST /session/4bf8232c0472e0a498fe7ae209f3a21b/elements - {"using":"xpath","value":"//header[contains(@id, 'ObjectPageLayout-headerTitle')]/div[1]/div[2]/div[1]/span[1]"}
RESULT: {"using":"xpath","value":"//header[contains(@id, 'ObjectPageLayout-headerTitle')]/div[1]/div[2]/div[1]/span[1]"}
COMMAND: POST /session/4bf8232c0472e0a498fe7ae209f3a21b/execute/sync - {"script":"<script> [56 bytes]","args":[{"element-6066-11e4-a52e-4f735466cecf":"f.363B4D137147A2C10141CDA60C7BC6F9.d.2C3E3264F34339F009C501C63EB1518A.e.996","ELEMENT":"f.363B4D137147A2C10141CDA60C7BC6F9.d.2C3E3264F34339F009C501C63EB1518A.e.996"}]}
RESULT: {"script":"<script> [56 bytes]","args":[{"element-6066-11e4-a52e-4f735466cecf":"f.363B4D137147A2C10141CDA60C7BC6F9.d.2C3E3264F34339F009C501C63EB1518A.e.996","ELEMENT":"f.363B4D137147A2C10141CDA60C7BC6F9.d.2C3E3264F34339F009C501C63EB1518A.e.996"}]}
COMMAND: GET /session/4bf8232c0472e0a498fe7ae209f3a21b/screenshot - {}
RESULT: {}
COMMAND: POST /session/4bf8232c0472e0a498fe7ae209f3a21b/element - {"using":"css selector","value":"#shell-header-logo"}
RESULT: {"using":"css selector","value":"#shell-header-logo"}
COMMAND: POST /session/4bf8232c0472e0a498fe7ae209f3a21b/element/f.363B4D137147A2C10141CDA60C7BC6F9.d.2C3E3264F34339F009C501C63EB1518A.e.255/click - {}
RESULT: {}
COMMAND: GET /session/4bf8232c0472e0a498fe7ae209f3a21b/screenshot - {}
RESULT: {}
COMMAND: POST /session/4bf8232c0472e0a498fe7ae209f3a21b/execute/sync - {"script":"<script> [299 bytes]","args":[["getModel","getResource"]]}
RESULT: {"script":"<script> [299 bytes]","args":[["getModel","getResource"]]}
]]></system-out>
    </testcase>
    <testcase classname="chrome.136_0_7103_93.windows.Partner_specific_tests_US150819_US151080_US151654_US151176_US103444_US151078_US151079_US151109_US151174_US151175_US151189" name="Should create new external partner US150819" time="111.985">
      <system-out><![CDATA[
COMMAND: GET /session/4bf8232c0472e0a498fe7ae209f3a21b/screenshot - {}
COMMAND: POST /session/4bf8232c0472e0a498fe7ae209f3a21b/element - {"using":"xpath","value":"//li[.//span[text()=\"Manage Partners\"]]"}
RESULT: {"using":"xpath","value":"//li[.//span[text()=\"Manage Partners\"]]"}
COMMAND: POST /session/4bf8232c0472e0a498fe7ae209f3a21b/element - {"using":"xpath","value":"//li[.//span[text()=\"Manage Partners\"]]"}
RESULT: {}
RESULT: {"using":"xpath","value":"//li[.//span[text()=\"Manage Partners\"]]"}
COMMAND: POST /session/4bf8232c0472e0a498fe7ae209f3a21b/element - {"using":"css selector","value":"#shell-header-logo"}
RESULT: {"using":"css selector","value":"#shell-header-logo"}
COMMAND: POST /session/4bf8232c0472e0a498fe7ae209f3a21b/element/f.363B4D137147A2C10141CDA60C7BC6F9.d.2C3E3264F34339F009C501C63EB1518A.e.999/click - {}
COMMAND: POST /session/4bf8232c0472e0a498fe7ae209f3a21b/execute/sync - {"script":"<script> [8489 bytes]","args":[{"element-6066-11e4-a52e-4f735466cecf":"f.363B4D137147A2C10141CDA60C7BC6F9.d.2C3E3264F34339F009C501C63EB1518A.e.999","ELEMENT":"f.363B4D137147A2C10141CDA60C7BC6F9.d.2C3E3264F34339F009C501C63EB1518A.e.999"}]}
RESULT: {}
COMMAND: GET /session/4bf8232c0472e0a498fe7ae209f3a21b/screenshot - {}
RESULT: {"script":"<script> [8489 bytes]","args":[{"element-6066-11e4-a52e-4f735466cecf":"f.363B4D137147A2C10141CDA60C7BC6F9.d.2C3E3264F34339F009C501C63EB1518A.e.999","ELEMENT":"f.363B4D137147A2C10141CDA60C7BC6F9.d.2C3E3264F34339F009C501C63EB1518A.e.999"}]}
COMMAND: POST /session/4bf8232c0472e0a498fe7ae209f3a21b/execute/sync - {"script":"<script> [5351 bytes]","args":[{"element-6066-11e4-a52e-4f735466cecf":"f.363B4D137147A2C10141CDA60C7BC6F9.d.2C3E3264F34339F009C501C63EB1518A.e.999","ELEMENT":"f.363B4D137147A2C10141CDA60C7BC6F9.d.2C3E3264F34339F009C501C63EB1518A.e.999"}]}
COMMAND: GET /session/4bf8232c0472e0a498fe7ae209f3a21b/screenshot - {}
RESULT: {}
RESULT: {"script":"<script> [5351 bytes]","args":[{"element-6066-11e4-a52e-4f735466cecf":"f.363B4D137147A2C10141CDA60C7BC6F9.d.2C3E3264F34339F009C501C63EB1518A.e.999","ELEMENT":"f.363B4D137147A2C10141CDA60C7BC6F9.d.2C3E3264F34339F009C501C63EB1518A.e.999"}]}
COMMAND: GET /session/4bf8232c0472e0a498fe7ae209f3a21b/screenshot - {}
RESULT: {}
RESULT: {}
COMMAND: POST /session/4bf8232c0472e0a498fe7ae209f3a21b/window/fullscreen - {}
RESULT: {}
COMMAND: POST /session/4bf8232c0472e0a498fe7ae209f3a21b/execute/async - {"script":"<script> [1562 bytes]","args":[{"selector":{"controlType":"sap.m.GenericTile","properties":{"header":"Manage Partners"}},"wdio_ui5_key":"sapm.GenericTile{\"header\":\"Manage Partners\"}"}]}
RESULT: {"script":"<script> [1562 bytes]","args":[{"selector":{"controlType":"sap.m.GenericTile","properties":{"header":"Manage Partners"}},"wdio_ui5_key":"sapm.GenericTile{\"header\":\"Manage Partners\"}"}]}
RESULT: undefined
COMMAND: POST /session/4bf8232c0472e0a498fe7ae209f3a21b/element - {"using":"xpath","value":"//*[@id=\"__tile38\"]"}
RESULT: {"using":"xpath","value":"//*[@id=\"__tile38\"]"}
COMMAND: POST /session/4bf8232c0472e0a498fe7ae209f3a21b/element/f.363B4D137147A2C10141CDA60C7BC6F9.d.2C3E3264F34339F009C501C63EB1518A.e.148/click - {}
RESULT: {}
COMMAND: GET /session/4bf8232c0472e0a498fe7ae209f3a21b/screenshot - {}
RESULT: {}
COMMAND: POST /session/4bf8232c0472e0a498fe7ae209f3a21b/elements - {"using":"xpath","value":"//span[text()='Error']"}
RESULT: {"using":"xpath","value":"//span[text()='Error']"}
COMMAND: POST /session/4bf8232c0472e0a498fe7ae209f3a21b/element - {"using":"xpath","value":"//button[@data-kt=\"addButton\"]"}
RESULT: {"using":"xpath","value":"//button[@data-kt=\"addButton\"]"}
COMMAND: POST /session/4bf8232c0472e0a498fe7ae209f3a21b/elements - {"using":"xpath","value":"//button[@data-kt=\"addButton\"]"}
RESULT: {"using":"xpath","value":"//button[@data-kt=\"addButton\"]"}
COMMAND: POST /session/4bf8232c0472e0a498fe7ae209f3a21b/elements - {"using":"xpath","value":"//button[@data-kt=\"addButton\"]"}
RESULT: {"using":"xpath","value":"//button[@data-kt=\"addButton\"]"}
COMMAND: POST /session/4bf8232c0472e0a498fe7ae209f3a21b/element - {"using":"xpath","value":"//button[@data-kt=\"addButton\"]"}
RESULT: {"using":"xpath","value":"//button[@data-kt=\"addButton\"]"}
COMMAND: POST /session/4bf8232c0472e0a498fe7ae209f3a21b/execute/sync - {"script":"<script> [8489 bytes]","args":[{"element-6066-11e4-a52e-4f735466cecf":"f.363B4D137147A2C10141CDA60C7BC6F9.d.2C3E3264F34339F009C501C63EB1518A.e.1047","ELEMENT":"f.363B4D137147A2C10141CDA60C7BC6F9.d.2C3E3264F34339F009C501C63EB1518A.e.1047"}]}
RESULT: {"script":"<script> [8489 bytes]","args":[{"element-6066-11e4-a52e-4f735466cecf":"f.363B4D137147A2C10141CDA60C7BC6F9.d.2C3E3264F34339F009C501C63EB1518A.e.1047","ELEMENT":"f.363B4D137147A2C10141CDA60C7BC6F9.d.2C3E3264F34339F009C501C63EB1518A.e.1047"}]}
COMMAND: GET /session/4bf8232c0472e0a498fe7ae209f3a21b/element/f.363B4D137147A2C10141CDA60C7BC6F9.d.2C3E3264F34339F009C501C63EB1518A.e.1047/enabled - {}
COMMAND: GET /session/4bf8232c0472e0a498fe7ae209f3a21b/screenshot - {}
RESULT: {}
COMMAND: POST /session/4bf8232c0472e0a498fe7ae209f3a21b/execute/sync - {"script":"<script> [8489 bytes]","args":[{"element-6066-11e4-a52e-4f735466cecf":"f.363B4D137147A2C10141CDA60C7BC6F9.d.2C3E3264F34339F009C501C63EB1518A.e.1047","ELEMENT":"f.363B4D137147A2C10141CDA60C7BC6F9.d.2C3E3264F34339F009C501C63EB1518A.e.1047"}]}
COMMAND: GET /session/4bf8232c0472e0a498fe7ae209f3a21b/screenshot - {}
RESULT: {}
RESULT: {"script":"<script> [8489 bytes]","args":[{"element-6066-11e4-a52e-4f735466cecf":"f.363B4D137147A2C10141CDA60C7BC6F9.d.2C3E3264F34339F009C501C63EB1518A.e.1047","ELEMENT":"f.363B4D137147A2C10141CDA60C7BC6F9.d.2C3E3264F34339F009C501C63EB1518A.e.1047"}]}
COMMAND: POST /session/4bf8232c0472e0a498fe7ae209f3a21b/execute/sync - {"script":"<script> [5351 bytes]","args":[{"element-6066-11e4-a52e-4f735466cecf":"f.363B4D137147A2C10141CDA60C7BC6F9.d.2C3E3264F34339F009C501C63EB1518A.e.1047","ELEMENT":"f.363B4D137147A2C10141CDA60C7BC6F9.d.2C3E3264F34339F009C501C63EB1518A.e.1047"}]}
COMMAND: GET /session/4bf8232c0472e0a498fe7ae209f3a21b/screenshot - {}
RESULT: {}
RESULT: {"script":"<script> [5351 bytes]","args":[{"element-6066-11e4-a52e-4f735466cecf":"f.363B4D137147A2C10141CDA60C7BC6F9.d.2C3E3264F34339F009C501C63EB1518A.e.1047","ELEMENT":"f.363B4D137147A2C10141CDA60C7BC6F9.d.2C3E3264F34339F009C501C63EB1518A.e.1047"}]}
COMMAND: POST /session/4bf8232c0472e0a498fe7ae209f3a21b/element/f.363B4D137147A2C10141CDA60C7BC6F9.d.2C3E3264F34339F009C501C63EB1518A.e.1047/click - {}
COMMAND: GET /session/4bf8232c0472e0a498fe7ae209f3a21b/screenshot - {}
RESULT: {}
RESULT: {}
COMMAND: GET /session/4bf8232c0472e0a498fe7ae209f3a21b/screenshot - {}
RESULT: {}
COMMAND: POST /session/4bf8232c0472e0a498fe7ae209f3a21b/execute/async - {"script":"<script> [1562 bytes]","args":[{"selector":{"id":"application-managepartners-display-component---NewPartner--addressDetailDetailsName1","interaction":{"idSuffix":"inner"}},"wdio_ui5_key":"applicationmanagepartners-display-component---NewPartner--addressDetailDetailsName1"}]}
RESULT: {}
RESULT: {"script":"<script> [1562 bytes]","args":[{"selector":{"id":"application-managepartners-display-component---NewPartner--addressDetailDetailsName1","interaction":{"idSuffix":"inner"}},"wdio_ui5_key":"applicationmanagepartners-display-component---NewPartner--addressDetailDetailsName1"}]}
RESULT: undefined
COMMAND: POST /session/4bf8232c0472e0a498fe7ae209f3a21b/execute/async - {"script":"<script> [776 bytes]","args":[{"enterText":"External Partner WDIO","selector":{"id":"application-managepartners-display-component---NewPartner--addressDetailDetailsName1","interaction":{"idSuffix":"inner"}},"clearTextFirst":true,"interactionType":"ENTER_TEXT"}]}
RESULT: {"script":"<script> [776 bytes]","args":[{"enterText":"External Partner WDIO","selector":{"id":"application-managepartners-display-component---NewPartner--addressDetailDetailsName1","interaction":{"idSuffix":"inner"}},"clearTextFirst":true,"interactionType":"ENTER_TEXT"}]}
COMMAND: POST /session/4bf8232c0472e0a498fe7ae209f3a21b/execute/async - {"script":"<script> [1562 bytes]","args":[{"selector":{"id":"application-managepartners-display-component---NewPartner--addressDetailDetailsLanguage-arrow"},"wdio_ui5_key":"applicationmanagepartners-display-component---NewPartner--addressDetailDetailsLanguage-arrow"}]}
RESULT: {"script":"<script> [1562 bytes]","args":[{"selector":{"id":"application-managepartners-display-component---NewPartner--addressDetailDetailsLanguage-arrow"},"wdio_ui5_key":"applicationmanagepartners-display-component---NewPartner--addressDetailDetailsLanguage-arrow"}]}
RESULT: undefined
COMMAND: POST /session/4bf8232c0472e0a498fe7ae209f3a21b/element - {"using":"xpath","value":"//*[@id=\"application-managepartners-display-component---NewPartner--addressDetailDetailsLanguage-arrow\"]"}
RESULT: {"using":"xpath","value":"//*[@id=\"application-managepartners-display-component---NewPartner--addressDetailDetailsLanguage-arrow\"]"}
COMMAND: POST /session/4bf8232c0472e0a498fe7ae209f3a21b/element/f.363B4D137147A2C10141CDA60C7BC6F9.d.2C3E3264F34339F009C501C63EB1518A.e.1489/click - {}
RESULT: {}
COMMAND: POST /session/4bf8232c0472e0a498fe7ae209f3a21b/element - {"using":"xpath","value":"//span[contains(text(), \"English\")]"}
COMMAND: GET /session/4bf8232c0472e0a498fe7ae209f3a21b/screenshot - {}
RESULT: {"using":"xpath","value":"//span[contains(text(), \"English\")]"}
COMMAND: POST /session/4bf8232c0472e0a498fe7ae209f3a21b/element/f.363B4D137147A2C10141CDA60C7BC6F9.d.2C3E3264F34339F009C501C63EB1518A.e.1490/click - {}
RESULT: {}
RESULT: {}
COMMAND: GET /session/4bf8232c0472e0a498fe7ae209f3a21b/screenshot - {}
RESULT: {}
COMMAND: POST /session/4bf8232c0472e0a498fe7ae209f3a21b/execute/async - {"script":"<script> [1562 bytes]","args":[{"selector":{"id":"application-managepartners-display-component---NewPartner--addressDetailDetailsCity1","interaction":{"idSuffix":"inner"}},"wdio_ui5_key":"applicationmanagepartners-display-component---NewPartner--addressDetailDetailsCity1"}]}
RESULT: {"script":"<script> [1562 bytes]","args":[{"selector":{"id":"application-managepartners-display-component---NewPartner--addressDetailDetailsCity1","interaction":{"idSuffix":"inner"}},"wdio_ui5_key":"applicationmanagepartners-display-component---NewPartner--addressDetailDetailsCity1"}]}
RESULT: undefined
COMMAND: POST /session/4bf8232c0472e0a498fe7ae209f3a21b/execute/async - {"script":"<script> [776 bytes]","args":[{"enterText":"Rosario","selector":{"id":"application-managepartners-display-component---NewPartner--addressDetailDetailsCity1","interaction":{"idSuffix":"inner"}},"clearTextFirst":true,"interactionType":"ENTER_TEXT"}]}
RESULT: {"script":"<script> [776 bytes]","args":[{"enterText":"Rosario","selector":{"id":"application-managepartners-display-component---NewPartner--addressDetailDetailsCity1","interaction":{"idSuffix":"inner"}},"clearTextFirst":true,"interactionType":"ENTER_TEXT"}]}
COMMAND: POST /session/4bf8232c0472e0a498fe7ae209f3a21b/execute/async - {"script":"<script> [1562 bytes]","args":[{"selector":{"id":"application-managepartners-display-component---NewPartner--addressDetailDetailsCountry-arrow"},"wdio_ui5_key":"applicationmanagepartners-display-component---NewPartner--addressDetailDetailsCountry-arrow"}]}
RESULT: {"script":"<script> [1562 bytes]","args":[{"selector":{"id":"application-managepartners-display-component---NewPartner--addressDetailDetailsCountry-arrow"},"wdio_ui5_key":"applicationmanagepartners-display-component---NewPartner--addressDetailDetailsCountry-arrow"}]}
RESULT: undefined
COMMAND: POST /session/4bf8232c0472e0a498fe7ae209f3a21b/element - {"using":"xpath","value":"//*[@id=\"application-managepartners-display-component---NewPartner--addressDetailDetailsCountry-arrow\"]"}
RESULT: {"using":"xpath","value":"//*[@id=\"application-managepartners-display-component---NewPartner--addressDetailDetailsCountry-arrow\"]"}
COMMAND: POST /session/4bf8232c0472e0a498fe7ae209f3a21b/element/f.363B4D137147A2C10141CDA60C7BC6F9.d.2C3E3264F34339F009C501C63EB1518A.e.1471/click - {}
RESULT: {}
COMMAND: POST /session/4bf8232c0472e0a498fe7ae209f3a21b/element - {"using":"xpath","value":"//span[contains(text(), \"Argentina\")]"}
COMMAND: GET /session/4bf8232c0472e0a498fe7ae209f3a21b/screenshot - {}
RESULT: {"using":"xpath","value":"//span[contains(text(), \"Argentina\")]"}
COMMAND: POST /session/4bf8232c0472e0a498fe7ae209f3a21b/element/f.363B4D137147A2C10141CDA60C7BC6F9.d.2C3E3264F34339F009C501C63EB1518A.e.1492/click - {}
RESULT: {}
RESULT: {}
COMMAND: GET /session/4bf8232c0472e0a498fe7ae209f3a21b/screenshot - {}
RESULT: {}
COMMAND: POST /session/4bf8232c0472e0a498fe7ae209f3a21b/element - {"using":"xpath","value":"//bdi[contains(text(), \"Commercial\")]"}
RESULT: {"using":"xpath","value":"//bdi[contains(text(), \"Commercial\")]"}
COMMAND: POST /session/4bf8232c0472e0a498fe7ae209f3a21b/element/f.363B4D137147A2C10141CDA60C7BC6F9.d.2C3E3264F34339F009C501C63EB1518A.e.1493/click - {}
RESULT: {}
COMMAND: GET /session/4bf8232c0472e0a498fe7ae209f3a21b/screenshot - {}
RESULT: {}
COMMAND: POST /session/4bf8232c0472e0a498fe7ae209f3a21b/execute/async - {"script":"<script> [1562 bytes]","args":[{"selector":{"id":"application-managepartners-display-component---NewPartner--partnerDetailInternal-arrow"},"wdio_ui5_key":"applicationmanagepartners-display-component---NewPartner--partnerDetailInternal-arrow"}]}
RESULT: {"script":"<script> [1562 bytes]","args":[{"selector":{"id":"application-managepartners-display-component---NewPartner--partnerDetailInternal-arrow"},"wdio_ui5_key":"applicationmanagepartners-display-component---NewPartner--partnerDetailInternal-arrow"}]}
RESULT: undefined
COMMAND: POST /session/4bf8232c0472e0a498fe7ae209f3a21b/element - {"using":"xpath","value":"//*[@id=\"application-managepartners-display-component---NewPartner--partnerDetailInternal-arrow\"]"}
RESULT: {"using":"xpath","value":"//*[@id=\"application-managepartners-display-component---NewPartner--partnerDetailInternal-arrow\"]"}
COMMAND: POST /session/4bf8232c0472e0a498fe7ae209f3a21b/element/f.363B4D137147A2C10141CDA60C7BC6F9.d.2C3E3264F34339F009C501C63EB1518A.e.1499/click - {}
RESULT: {}
COMMAND: POST /session/4bf8232c0472e0a498fe7ae209f3a21b/element - {"using":"xpath","value":"//span[contains(text(), \"External partner\")]"}
COMMAND: GET /session/4bf8232c0472e0a498fe7ae209f3a21b/screenshot - {}
RESULT: {"using":"xpath","value":"//span[contains(text(), \"External partner\")]"}
COMMAND: POST /session/4bf8232c0472e0a498fe7ae209f3a21b/element/f.363B4D137147A2C10141CDA60C7BC6F9.d.2C3E3264F34339F009C501C63EB1518A.e.1502/click - {}
RESULT: {}
RESULT: {}
COMMAND: POST /session/4bf8232c0472e0a498fe7ae209f3a21b/execute/async - {"script":"<script> [1562 bytes]","args":[{"selector":{"id":"application-managepartners-display-component---NewPartner--partnerDetailsCurrency-arrow"},"wdio_ui5_key":"applicationmanagepartners-display-component---NewPartner--partnerDetailsCurrency-arrow"}]}
COMMAND: GET /session/4bf8232c0472e0a498fe7ae209f3a21b/screenshot - {}
RESULT: {"script":"<script> [1562 bytes]","args":[{"selector":{"id":"application-managepartners-display-component---NewPartner--partnerDetailsCurrency-arrow"},"wdio_ui5_key":"applicationmanagepartners-display-component---NewPartner--partnerDetailsCurrency-arrow"}]}
RESULT: undefined
COMMAND: POST /session/4bf8232c0472e0a498fe7ae209f3a21b/element - {"using":"xpath","value":"//*[@id=\"application-managepartners-display-component---NewPartner--partnerDetailsCurrency-arrow\"]"}
RESULT: {}
RESULT: {"using":"xpath","value":"//*[@id=\"application-managepartners-display-component---NewPartner--partnerDetailsCurrency-arrow\"]"}
COMMAND: POST /session/4bf8232c0472e0a498fe7ae209f3a21b/element/f.363B4D137147A2C10141CDA60C7BC6F9.d.2C3E3264F34339F009C501C63EB1518A.e.1507/click - {}
RESULT: {}
COMMAND: POST /session/4bf8232c0472e0a498fe7ae209f3a21b/element - {"using":"xpath","value":"//span[contains(text(), \"US Dollar\")]"}
COMMAND: GET /session/4bf8232c0472e0a498fe7ae209f3a21b/screenshot - {}
RESULT: {"using":"xpath","value":"//span[contains(text(), \"US Dollar\")]"}
COMMAND: POST /session/4bf8232c0472e0a498fe7ae209f3a21b/element/f.363B4D137147A2C10141CDA60C7BC6F9.d.2C3E3264F34339F009C501C63EB1518A.e.1508/click - {}
RESULT: {}
RESULT: {}
COMMAND: GET /session/4bf8232c0472e0a498fe7ae209f3a21b/screenshot - {}
RESULT: {}
COMMAND: POST /session/4bf8232c0472e0a498fe7ae209f3a21b/element - {"using":"xpath","value":"//input[@id=\"application-managepartners-display-component---NewPartner--companyCodeComboBox-inner\"]"}
RESULT: {"using":"xpath","value":"//input[@id=\"application-managepartners-display-component---NewPartner--companyCodeComboBox-inner\"]"}
COMMAND: POST /session/4bf8232c0472e0a498fe7ae209f3a21b/element/f.363B4D137147A2C10141CDA60C7BC6F9.d.2C3E3264F34339F009C501C63EB1518A.e.1350/clear - {}
RESULT: {}
COMMAND: POST /session/4bf8232c0472e0a498fe7ae209f3a21b/element/f.363B4D137147A2C10141CDA60C7BC6F9.d.2C3E3264F34339F009C501C63EB1518A.e.1350/value - {"text":"C002"}
COMMAND: GET /session/4bf8232c0472e0a498fe7ae209f3a21b/screenshot - {}
RESULT: {"text":"C002"}
COMMAND: GET /session/4bf8232c0472e0a498fe7ae209f3a21b/screenshot - {}
RESULT: {}
RESULT: {}
COMMAND: POST /session/4bf8232c0472e0a498fe7ae209f3a21b/element - {"using":"xpath","value":"//li[.//span[text()= \"C002\"]]"}
RESULT: {"using":"xpath","value":"//li[.//span[text()= \"C002\"]]"}
COMMAND: POST /session/4bf8232c0472e0a498fe7ae209f3a21b/element/f.363B4D137147A2C10141CDA60C7BC6F9.d.2C3E3264F34339F009C501C63EB1518A.e.1512/click - {}
RESULT: {}
COMMAND: GET /session/4bf8232c0472e0a498fe7ae209f3a21b/screenshot - {}
RESULT: {}
COMMAND: POST /session/4bf8232c0472e0a498fe7ae209f3a21b/execute/async - {"script":"<script> [1562 bytes]","args":[{"selector":{"controlType":"sap.ui.core.Icon","viewName":"etm.portal.ui.managepartners.view.NewPartner","viewId":"application-managepartners-display-component---NewPartner","properties":{"src":{"regex":{"source":"slim\\-arrow\\-down"}}},"ancestor":{"controlType":"sap.m.ComboBox","viewName":"etm.portal.ui.managepartners.view.NewPartner","viewId":"application-managepartners-display-component---NewPartner","bindingPath":{"path":"","propertyPath":"/CATALOG","modelName":"oNewPartnerModel"}}},"wdio_ui5_key":"etmportal.ui.managepartners.view.NewPartnersap.ui.core.Icon{\"src\":{\"regex\":{\"source\":\"slim\\\\-arrow\\\\-down\"}}}{\"controlType\":\"sap.m.ComboBox\",\"viewName\":\"etm.portal.ui.managepartners.view.NewPartner\",\"viewId\":\"application-managepartners-display-component---NewPartner\",\"bindingPath\":{\"path\":\"\",\"propertyPath\":\"/CATALOG\",\"modelName\":\"oNewPartnerModel\"}}"}]}
RESULT: {"script":"<script> [1562 bytes]","args":[{"selector":{"controlType":"sap.ui.core.Icon","viewName":"etm.portal.ui.managepartners.view.NewPartner","viewId":"application-managepartners-display-component---NewPartner","properties":{"src":{"regex":{"source":"slim\\-arrow\\-down"}}},"ancestor":{"controlType":"sap.m.ComboBox","viewName":"etm.portal.ui.managepartners.view.NewPartner","viewId":"application-managepartners-display-component---NewPartner","bindingPath":{"path":"","propertyPath":"/CATALOG","modelName":"oNewPartnerModel"}}},"wdio_ui5_key":"etmportal.ui.managepartners.view.NewPartnersap.ui.core.Icon{\"src\":{\"regex\":{\"source\":\"slim\\\\-arrow\\\\-down\"}}}{\"controlType\":\"sap.m.ComboBox\",\"viewName\":\"etm.portal.ui.managepartners.view.NewPartner\",\"viewId\":\"application-managepartners-display-component---NewPartner\",\"bindingPath\":{\"path\":\"\",\"propertyPath\":\"/CATALOG\",\"modelName\":\"oNewPartnerModel\"}}"}]}
RESULT: undefined
COMMAND: POST /session/4bf8232c0472e0a498fe7ae209f3a21b/element - {"using":"xpath","value":"//*[@id=\"__box22-arrow\"]"}
RESULT: {"using":"xpath","value":"//*[@id=\"__box22-arrow\"]"}
COMMAND: POST /session/4bf8232c0472e0a498fe7ae209f3a21b/element/f.363B4D137147A2C10141CDA60C7BC6F9.d.2C3E3264F34339F009C501C63EB1518A.e.1472/click - {}
RESULT: {}
COMMAND: GET /session/4bf8232c0472e0a498fe7ae209f3a21b/screenshot - {}
RESULT: {}
COMMAND: POST /session/4bf8232c0472e0a498fe7ae209f3a21b/element - {"using":"xpath","value":"//ul[contains(@id,\"popup-list-listUl\")]//li[.//span[text()= \"Webshop Catalog\"]]"}
RESULT: {"using":"xpath","value":"//ul[contains(@id,\"popup-list-listUl\")]//li[.//span[text()= \"Webshop Catalog\"]]"}
COMMAND: POST /session/4bf8232c0472e0a498fe7ae209f3a21b/element/f.363B4D137147A2C10141CDA60C7BC6F9.d.2C3E3264F34339F009C501C63EB1518A.e.1514/click - {}
RESULT: {}
COMMAND: GET /session/4bf8232c0472e0a498fe7ae209f3a21b/screenshot - {}
RESULT: {}
COMMAND: POST /session/4bf8232c0472e0a498fe7ae209f3a21b/execute/async - {"script":"<script> [1562 bytes]","args":[{"selector":{"id":"application-managepartners-display-component---NewPartner--btnAddTableRow-img"},"wdio_ui5_key":"applicationmanagepartners-display-component---NewPartner--btnAddTableRow-img"}]}
RESULT: {"script":"<script> [1562 bytes]","args":[{"selector":{"id":"application-managepartners-display-component---NewPartner--btnAddTableRow-img"},"wdio_ui5_key":"applicationmanagepartners-display-component---NewPartner--btnAddTableRow-img"}]}
RESULT: undefined
COMMAND: POST /session/4bf8232c0472e0a498fe7ae209f3a21b/element - {"using":"xpath","value":"//*[@id=\"application-managepartners-display-component---NewPartner--btnAddTableRow-img\"]"}
RESULT: {"using":"xpath","value":"//*[@id=\"application-managepartners-display-component---NewPartner--btnAddTableRow-img\"]"}
COMMAND: POST /session/4bf8232c0472e0a498fe7ae209f3a21b/element/f.363B4D137147A2C10141CDA60C7BC6F9.d.2C3E3264F34339F009C501C63EB1518A.e.1515/click - {}
RESULT: {}
COMMAND: GET /session/4bf8232c0472e0a498fe7ae209f3a21b/screenshot - {}
RESULT: {}
COMMAND: POST /session/4bf8232c0472e0a498fe7ae209f3a21b/element - {"using":"xpath","value":"//input[@id=\"application-managepartners-display-component---NewPartner--assignmentYard-application-managepartners-display-component---NewPartner--assignmentsTable-0-inner\"]"}
RESULT: {"using":"xpath","value":"//input[@id=\"application-managepartners-display-component---NewPartner--assignmentYard-application-managepartners-display-component---NewPartner--assignmentsTable-0-inner\"]"}
COMMAND: POST /session/4bf8232c0472e0a498fe7ae209f3a21b/element/f.363B4D137147A2C10141CDA60C7BC6F9.d.2C3E3264F34339F009C501C63EB1518A.e.1518/clear - {}
RESULT: {}
COMMAND: POST /session/4bf8232c0472e0a498fe7ae209f3a21b/element/f.363B4D137147A2C10141CDA60C7BC6F9.d.2C3E3264F34339F009C501C63EB1518A.e.1518/value - {"text":"628"}
COMMAND: GET /session/4bf8232c0472e0a498fe7ae209f3a21b/screenshot - {}
RESULT: {"text":"628"}
COMMAND: GET /session/4bf8232c0472e0a498fe7ae209f3a21b/screenshot - {}
RESULT: {}
RESULT: {}
COMMAND: POST /session/4bf8232c0472e0a498fe7ae209f3a21b/element - {"using":"xpath","value":"//li[.//span[text()='628']]"}
RESULT: {"using":"xpath","value":"//li[.//span[text()='628']]"}
COMMAND: POST /session/4bf8232c0472e0a498fe7ae209f3a21b/element/f.363B4D137147A2C10141CDA60C7BC6F9.d.2C3E3264F34339F009C501C63EB1518A.e.1526/click - {}
RESULT: {}
COMMAND: GET /session/4bf8232c0472e0a498fe7ae209f3a21b/screenshot - {}
RESULT: {}
COMMAND: POST /session/4bf8232c0472e0a498fe7ae209f3a21b/actions - {"actions":[{"id":"action2","type":"key","parameters":{},"actions":[{"type":"keyDown","value":"î€‡"},{"type":"pause","duration":10},{"type":"keyUp","value":"î€‡"}]}]}
RESULT: {"actions":[{"id":"action2","type":"key","parameters":{},"actions":[{"type":"keyDown","value":"î€‡"},{"type":"pause","duration":10},{"type":"keyUp","value":"î€‡"}]}]}
COMMAND: POST /session/4bf8232c0472e0a498fe7ae209f3a21b/element - {"using":"xpath","value":"//td[contains(@id, \"assignmentsTable-0-cell2\")]/div/div"}
COMMAND: GET /session/4bf8232c0472e0a498fe7ae209f3a21b/screenshot - {}
RESULT: {"using":"xpath","value":"//td[contains(@id, \"assignmentsTable-0-cell2\")]/div/div"}
COMMAND: POST /session/4bf8232c0472e0a498fe7ae209f3a21b/element/f.363B4D137147A2C10141CDA60C7BC6F9.d.2C3E3264F34339F009C501C63EB1518A.e.1529/click - {}
RESULT: {}
RESULT: {}
COMMAND: GET /session/4bf8232c0472e0a498fe7ae209f3a21b/screenshot - {}
RESULT: {}
COMMAND: POST /session/4bf8232c0472e0a498fe7ae209f3a21b/element - {"using":"xpath","value":"//button[@data-kt=\"saveButton\"]"}
RESULT: {"using":"xpath","value":"//button[@data-kt=\"saveButton\"]"}
COMMAND: POST /session/4bf8232c0472e0a498fe7ae209f3a21b/element/f.363B4D137147A2C10141CDA60C7BC6F9.d.2C3E3264F34339F009C501C63EB1518A.e.1473/click - {}
RESULT: {}
COMMAND: GET /session/4bf8232c0472e0a498fe7ae209f3a21b/screenshot - {}
RESULT: {}
COMMAND: POST /session/4bf8232c0472e0a498fe7ae209f3a21b/element - {"using":"xpath","value":"//header[contains(@id, 'ObjectPageLayout-headerTitle')]/div[1]/div[2]/div[2]/span[1]"}
RESULT: {"using":"xpath","value":"//header[contains(@id, 'ObjectPageLayout-headerTitle')]/div[1]/div[2]/div[2]/span[1]"}
COMMAND: POST /session/4bf8232c0472e0a498fe7ae209f3a21b/elements - {"using":"xpath","value":"//header[contains(@id, 'ObjectPageLayout-headerTitle')]/div[1]/div[2]/div[2]/span[1]"}
RESULT: {"using":"xpath","value":"//header[contains(@id, 'ObjectPageLayout-headerTitle')]/div[1]/div[2]/div[2]/span[1]"}
COMMAND: POST /session/4bf8232c0472e0a498fe7ae209f3a21b/execute/sync - {"script":"<script> [56 bytes]","args":[{"element-6066-11e4-a52e-4f735466cecf":"f.363B4D137147A2C10141CDA60C7BC6F9.d.2C3E3264F34339F009C501C63EB1518A.e.1689","ELEMENT":"f.363B4D137147A2C10141CDA60C7BC6F9.d.2C3E3264F34339F009C501C63EB1518A.e.1689"}]}
RESULT: {"script":"<script> [56 bytes]","args":[{"element-6066-11e4-a52e-4f735466cecf":"f.363B4D137147A2C10141CDA60C7BC6F9.d.2C3E3264F34339F009C501C63EB1518A.e.1689","ELEMENT":"f.363B4D137147A2C10141CDA60C7BC6F9.d.2C3E3264F34339F009C501C63EB1518A.e.1689"}]}
COMMAND: POST /session/4bf8232c0472e0a498fe7ae209f3a21b/element - {"using":"css selector","value":"#shell-header-logo"}
COMMAND: GET /session/4bf8232c0472e0a498fe7ae209f3a21b/screenshot - {}
RESULT: {"using":"css selector","value":"#shell-header-logo"}
COMMAND: POST /session/4bf8232c0472e0a498fe7ae209f3a21b/element/f.363B4D137147A2C10141CDA60C7BC6F9.d.2C3E3264F34339F009C501C63EB1518A.e.999/click - {}
RESULT: {}
RESULT: {}
COMMAND: GET /session/4bf8232c0472e0a498fe7ae209f3a21b/screenshot - {}
RESULT: {}
COMMAND: POST /session/4bf8232c0472e0a498fe7ae209f3a21b/execute/sync - {"script":"<script> [299 bytes]","args":[["getModel","getResource"]]}
RESULT: {"script":"<script> [299 bytes]","args":[["getModel","getResource"]]}
]]></system-out>
    </testcase>
    <testcase classname="chrome.136_0_7103_93.windows.Partner_specific_tests_US150819_US151080_US151654_US151176_US103444_US151078_US151079_US151109_US151174_US151175_US151189" name="Should filter and search partners US151080" time="94.269">
      <system-out><![CDATA[
COMMAND: GET /session/4bf8232c0472e0a498fe7ae209f3a21b/screenshot - {}
COMMAND: POST /session/4bf8232c0472e0a498fe7ae209f3a21b/element - {"using":"xpath","value":"//li[.//span[text()=\"Manage Partners\"]]"}
RESULT: {}
RESULT: {"using":"xpath","value":"//li[.//span[text()=\"Manage Partners\"]]"}
COMMAND: POST /session/4bf8232c0472e0a498fe7ae209f3a21b/element - {"using":"xpath","value":"//li[.//span[text()=\"Manage Partners\"]]"}
RESULT: {"using":"xpath","value":"//li[.//span[text()=\"Manage Partners\"]]"}
COMMAND: POST /session/4bf8232c0472e0a498fe7ae209f3a21b/element - {"using":"css selector","value":"#shell-header-logo"}
RESULT: {"using":"css selector","value":"#shell-header-logo"}
COMMAND: POST /session/4bf8232c0472e0a498fe7ae209f3a21b/element/f.363B4D137147A2C10141CDA60C7BC6F9.d.2C3E3264F34339F009C501C63EB1518A.e.1691/click - {}
COMMAND: POST /session/4bf8232c0472e0a498fe7ae209f3a21b/execute/sync - {"script":"<script> [8489 bytes]","args":[{"element-6066-11e4-a52e-4f735466cecf":"f.363B4D137147A2C10141CDA60C7BC6F9.d.2C3E3264F34339F009C501C63EB1518A.e.1691","ELEMENT":"f.363B4D137147A2C10141CDA60C7BC6F9.d.2C3E3264F34339F009C501C63EB1518A.e.1691"}]}
RESULT: {}
COMMAND: GET /session/4bf8232c0472e0a498fe7ae209f3a21b/screenshot - {}
RESULT: {"script":"<script> [8489 bytes]","args":[{"element-6066-11e4-a52e-4f735466cecf":"f.363B4D137147A2C10141CDA60C7BC6F9.d.2C3E3264F34339F009C501C63EB1518A.e.1691","ELEMENT":"f.363B4D137147A2C10141CDA60C7BC6F9.d.2C3E3264F34339F009C501C63EB1518A.e.1691"}]}
COMMAND: POST /session/4bf8232c0472e0a498fe7ae209f3a21b/execute/sync - {"script":"<script> [5351 bytes]","args":[{"element-6066-11e4-a52e-4f735466cecf":"f.363B4D137147A2C10141CDA60C7BC6F9.d.2C3E3264F34339F009C501C63EB1518A.e.1691","ELEMENT":"f.363B4D137147A2C10141CDA60C7BC6F9.d.2C3E3264F34339F009C501C63EB1518A.e.1691"}]}
COMMAND: GET /session/4bf8232c0472e0a498fe7ae209f3a21b/screenshot - {}
RESULT: {}
RESULT: {"script":"<script> [5351 bytes]","args":[{"element-6066-11e4-a52e-4f735466cecf":"f.363B4D137147A2C10141CDA60C7BC6F9.d.2C3E3264F34339F009C501C63EB1518A.e.1691","ELEMENT":"f.363B4D137147A2C10141CDA60C7BC6F9.d.2C3E3264F34339F009C501C63EB1518A.e.1691"}]}
COMMAND: GET /session/4bf8232c0472e0a498fe7ae209f3a21b/screenshot - {}
RESULT: {}
RESULT: {}
RESULT: undefined
COMMAND: POST /session/4bf8232c0472e0a498fe7ae209f3a21b/element - {"using":"xpath","value":"//*[@id=\"__tile38\"]"}
RESULT: {"using":"xpath","value":"//*[@id=\"__tile38\"]"}
COMMAND: POST /session/4bf8232c0472e0a498fe7ae209f3a21b/element/f.363B4D137147A2C10141CDA60C7BC6F9.d.2C3E3264F34339F009C501C63EB1518A.e.148/click - {}
RESULT: {}
COMMAND: GET /session/4bf8232c0472e0a498fe7ae209f3a21b/screenshot - {}
RESULT: {}
COMMAND: POST /session/4bf8232c0472e0a498fe7ae209f3a21b/elements - {"using":"xpath","value":"//span[text()='Error']"}
RESULT: {"using":"xpath","value":"//span[text()='Error']"}
COMMAND: POST /session/4bf8232c0472e0a498fe7ae209f3a21b/element - {"using":"xpath","value":"//button[@data-kt=\"addButton\"]"}
RESULT: {"using":"xpath","value":"//button[@data-kt=\"addButton\"]"}
COMMAND: POST /session/4bf8232c0472e0a498fe7ae209f3a21b/elements - {"using":"xpath","value":"//button[@data-kt=\"addButton\"]"}
RESULT: {"using":"xpath","value":"//button[@data-kt=\"addButton\"]"}
COMMAND: POST /session/4bf8232c0472e0a498fe7ae209f3a21b/execute/sync - {"script":"<script> [8489 bytes]","args":[{"element-6066-11e4-a52e-4f735466cecf":"f.363B4D137147A2C10141CDA60C7BC6F9.d.2C3E3264F34339F009C501C63EB1518A.e.1737","ELEMENT":"f.363B4D137147A2C10141CDA60C7BC6F9.d.2C3E3264F34339F009C501C63EB1518A.e.1737"}]}
RESULT: {"script":"<script> [8489 bytes]","args":[{"element-6066-11e4-a52e-4f735466cecf":"f.363B4D137147A2C10141CDA60C7BC6F9.d.2C3E3264F34339F009C501C63EB1518A.e.1737","ELEMENT":"f.363B4D137147A2C10141CDA60C7BC6F9.d.2C3E3264F34339F009C501C63EB1518A.e.1737"}]}
COMMAND: GET /session/4bf8232c0472e0a498fe7ae209f3a21b/element/f.363B4D137147A2C10141CDA60C7BC6F9.d.2C3E3264F34339F009C501C63EB1518A.e.1737/enabled - {}
COMMAND: GET /session/4bf8232c0472e0a498fe7ae209f3a21b/screenshot - {}
RESULT: {}
COMMAND: POST /session/4bf8232c0472e0a498fe7ae209f3a21b/execute/sync - {"script":"<script> [8489 bytes]","args":[{"element-6066-11e4-a52e-4f735466cecf":"f.363B4D137147A2C10141CDA60C7BC6F9.d.2C3E3264F34339F009C501C63EB1518A.e.1737","ELEMENT":"f.363B4D137147A2C10141CDA60C7BC6F9.d.2C3E3264F34339F009C501C63EB1518A.e.1737"}]}
COMMAND: GET /session/4bf8232c0472e0a498fe7ae209f3a21b/screenshot - {}
RESULT: {}
RESULT: {"script":"<script> [8489 bytes]","args":[{"element-6066-11e4-a52e-4f735466cecf":"f.363B4D137147A2C10141CDA60C7BC6F9.d.2C3E3264F34339F009C501C63EB1518A.e.1737","ELEMENT":"f.363B4D137147A2C10141CDA60C7BC6F9.d.2C3E3264F34339F009C501C63EB1518A.e.1737"}]}
COMMAND: POST /session/4bf8232c0472e0a498fe7ae209f3a21b/execute/sync - {"script":"<script> [5351 bytes]","args":[{"element-6066-11e4-a52e-4f735466cecf":"f.363B4D137147A2C10141CDA60C7BC6F9.d.2C3E3264F34339F009C501C63EB1518A.e.1737","ELEMENT":"f.363B4D137147A2C10141CDA60C7BC6F9.d.2C3E3264F34339F009C501C63EB1518A.e.1737"}]}
COMMAND: GET /session/4bf8232c0472e0a498fe7ae209f3a21b/screenshot - {}
RESULT: {}
RESULT: {"script":"<script> [5351 bytes]","args":[{"element-6066-11e4-a52e-4f735466cecf":"f.363B4D137147A2C10141CDA60C7BC6F9.d.2C3E3264F34339F009C501C63EB1518A.e.1737","ELEMENT":"f.363B4D137147A2C10141CDA60C7BC6F9.d.2C3E3264F34339F009C501C63EB1518A.e.1737"}]}
COMMAND: GET /session/4bf8232c0472e0a498fe7ae209f3a21b/screenshot - {}
RESULT: {}
RESULT: {}
COMMAND: POST /session/4bf8232c0472e0a498fe7ae209f3a21b/execute/async - {"script":"<script> [1562 bytes]","args":[{"selector":{"id":"application-managepartners-display-component---masterPtm--smartTable-btnPersonalisation-img"},"wdio_ui5_key":"applicationmanagepartners-display-component---masterPtm--smartTable-btnPersonalisation-img"}]}
RESULT: {"script":"<script> [1562 bytes]","args":[{"selector":{"id":"application-managepartners-display-component---masterPtm--smartTable-btnPersonalisation-img"},"wdio_ui5_key":"applicationmanagepartners-display-component---masterPtm--smartTable-btnPersonalisation-img"}]}
RESULT: undefined
COMMAND: POST /session/4bf8232c0472e0a498fe7ae209f3a21b/element - {"using":"xpath","value":"//*[@id=\"application-managepartners-display-component---masterPtm--smartTable-btnPersonalisation-img\"]"}
RESULT: {"using":"xpath","value":"//*[@id=\"application-managepartners-display-component---masterPtm--smartTable-btnPersonalisation-img\"]"}
COMMAND: POST /session/4bf8232c0472e0a498fe7ae209f3a21b/element/f.363B4D137147A2C10141CDA60C7BC6F9.d.2C3E3264F34339F009C501C63EB1518A.e.1742/click - {}
RESULT: {}
COMMAND: GET /session/4bf8232c0472e0a498fe7ae209f3a21b/screenshot - {}
RESULT: {}
COMMAND: POST /session/4bf8232c0472e0a498fe7ae209f3a21b/execute/async - {"script":"<script> [1562 bytes]","args":[{"selector":{"controlType":"sap.m.IconTabFilter","viewName":"etm.portal.ui.managepartners.view.Master","viewId":"application-managepartners-display-component---masterPtm","properties":{"text":"Sort"},"searchOpenDialogs":true,"interaction":{"idSuffix":"text"}},"wdio_ui5_key":"etmportal.ui.managepartners.view.Mastersap.m.IconTabFilter{\"text\":\"Sort\"}"}]}
RESULT: {"script":"<script> [1562 bytes]","args":[{"selector":{"controlType":"sap.m.IconTabFilter","viewName":"etm.portal.ui.managepartners.view.Master","viewId":"application-managepartners-display-component---masterPtm","properties":{"text":"Sort"},"searchOpenDialogs":true,"interaction":{"idSuffix":"text"}},"wdio_ui5_key":"etmportal.ui.managepartners.view.Mastersap.m.IconTabFilter{\"text\":\"Sort\"}"}]}
RESULT: undefined
COMMAND: POST /session/4bf8232c0472e0a498fe7ae209f3a21b/element - {"using":"xpath","value":"//*[@id=\"__filter1\"]"}
RESULT: {"using":"xpath","value":"//*[@id=\"__filter1\"]"}
COMMAND: POST /session/4bf8232c0472e0a498fe7ae209f3a21b/element/f.363B4D137147A2C10141CDA60C7BC6F9.d.2C3E3264F34339F009C501C63EB1518A.e.1882/click - {}
RESULT: {}
COMMAND: GET /session/4bf8232c0472e0a498fe7ae209f3a21b/screenshot - {}
RESULT: {}
COMMAND: POST /session/4bf8232c0472e0a498fe7ae209f3a21b/element - {"using":"xpath","value":"//input[@placeholder=\"Sort by\"]/following-sibling::div//span"}
RESULT: {"using":"xpath","value":"//input[@placeholder=\"Sort by\"]/following-sibling::div//span"}
COMMAND: POST /session/4bf8232c0472e0a498fe7ae209f3a21b/element/f.363B4D137147A2C10141CDA60C7BC6F9.d.2C3E3264F34339F009C501C63EB1518A.e.1884/click - {}
RESULT: {}
COMMAND: GET /session/4bf8232c0472e0a498fe7ae209f3a21b/screenshot - {}
RESULT: {}
COMMAND: POST /session/4bf8232c0472e0a498fe7ae209f3a21b/element - {"using":"xpath","value":"//li[.//span[text()=\"Language\"]]"}
RESULT: {"using":"xpath","value":"//li[.//span[text()=\"Language\"]]"}
COMMAND: POST /session/4bf8232c0472e0a498fe7ae209f3a21b/element/f.363B4D137147A2C10141CDA60C7BC6F9.d.2C3E3264F34339F009C501C63EB1518A.e.1885/click - {}
RESULT: {}
COMMAND: GET /session/4bf8232c0472e0a498fe7ae209f3a21b/screenshot - {}
RESULT: {}
COMMAND: POST /session/4bf8232c0472e0a498fe7ae209f3a21b/element - {"using":"xpath","value":"//bdi[contains(text(), \"OK\")]"}
RESULT: {"using":"xpath","value":"//bdi[contains(text(), \"OK\")]"}
COMMAND: POST /session/4bf8232c0472e0a498fe7ae209f3a21b/element/f.363B4D137147A2C10141CDA60C7BC6F9.d.2C3E3264F34339F009C501C63EB1518A.e.1889/click - {}
RESULT: {}
COMMAND: GET /session/4bf8232c0472e0a498fe7ae209f3a21b/screenshot - {}
RESULT: {}
COMMAND: POST /session/4bf8232c0472e0a498fe7ae209f3a21b/element - {"using":"xpath","value":"//table[contains(@id, \"customPartnersTable\")]//tbody/tr[1]/td[3]/span"}
RESULT: {"using":"xpath","value":"//table[contains(@id, \"customPartnersTable\")]//tbody/tr[1]/td[3]/span"}
COMMAND: POST /session/4bf8232c0472e0a498fe7ae209f3a21b/execute/sync - {"script":"<script> [56 bytes]","args":[{"element-6066-11e4-a52e-4f735466cecf":"f.363B4D137147A2C10141CDA60C7BC6F9.d.2C3E3264F34339F009C501C63EB1518A.e.1998","ELEMENT":"f.363B4D137147A2C10141CDA60C7BC6F9.d.2C3E3264F34339F009C501C63EB1518A.e.1998"}]}
RESULT: {"script":"<script> [56 bytes]","args":[{"element-6066-11e4-a52e-4f735466cecf":"f.363B4D137147A2C10141CDA60C7BC6F9.d.2C3E3264F34339F009C501C63EB1518A.e.1998","ELEMENT":"f.363B4D137147A2C10141CDA60C7BC6F9.d.2C3E3264F34339F009C501C63EB1518A.e.1998"}]}
RESULT: undefined
COMMAND: POST /session/4bf8232c0472e0a498fe7ae209f3a21b/element - {"using":"xpath","value":"//*[@id=\"application-managepartners-display-component---masterPtm--smartTable-btnPersonalisation-img\"]"}
COMMAND: GET /session/4bf8232c0472e0a498fe7ae209f3a21b/screenshot - {}
RESULT: {"using":"xpath","value":"//*[@id=\"application-managepartners-display-component---masterPtm--smartTable-btnPersonalisation-img\"]"}
COMMAND: POST /session/4bf8232c0472e0a498fe7ae209f3a21b/element/f.363B4D137147A2C10141CDA60C7BC6F9.d.2C3E3264F34339F009C501C63EB1518A.e.1742/click - {}
RESULT: {}
RESULT: {}
COMMAND: GET /session/4bf8232c0472e0a498fe7ae209f3a21b/screenshot - {}
RESULT: {}
COMMAND: POST /session/4bf8232c0472e0a498fe7ae209f3a21b/element - {"using":"xpath","value":"//bdi[contains(text(), \"Reset\")]"}
RESULT: {"using":"xpath","value":"//bdi[contains(text(), \"Reset\")]"}
COMMAND: POST /session/4bf8232c0472e0a498fe7ae209f3a21b/element/f.363B4D137147A2C10141CDA60C7BC6F9.d.2C3E3264F34339F009C501C63EB1518A.e.2004/click - {}
RESULT: {}
COMMAND: GET /session/4bf8232c0472e0a498fe7ae209f3a21b/screenshot - {}
RESULT: {}
COMMAND: POST /session/4bf8232c0472e0a498fe7ae209f3a21b/element - {"using":"xpath","value":"(//bdi[contains(text(), \"OK\")])[2]"}
RESULT: {"using":"xpath","value":"(//bdi[contains(text(), \"OK\")])[2]"}
COMMAND: POST /session/4bf8232c0472e0a498fe7ae209f3a21b/element/f.363B4D137147A2C10141CDA60C7BC6F9.d.2C3E3264F34339F009C501C63EB1518A.e.2006/click - {}
RESULT: {}
COMMAND: GET /session/4bf8232c0472e0a498fe7ae209f3a21b/screenshot - {}
RESULT: {}
COMMAND: POST /session/4bf8232c0472e0a498fe7ae209f3a21b/element - {"using":"xpath","value":"//bdi[contains(text(), \"OK\")]"}
RESULT: {"using":"xpath","value":"//bdi[contains(text(), \"OK\")]"}
COMMAND: POST /session/4bf8232c0472e0a498fe7ae209f3a21b/element/f.363B4D137147A2C10141CDA60C7BC6F9.d.2C3E3264F34339F009C501C63EB1518A.e.2054/click - {}
RESULT: {}
COMMAND: GET /session/4bf8232c0472e0a498fe7ae209f3a21b/screenshot - {}
RESULT: {}
COMMAND: POST /session/4bf8232c0472e0a498fe7ae209f3a21b/element - {"using":"xpath","value":"//table[contains(@id, \"customPartnersTable\")]//tbody/tr[1]/td[3]/span"}
RESULT: {"using":"xpath","value":"//table[contains(@id, \"customPartnersTable\")]//tbody/tr[1]/td[3]/span"}
COMMAND: POST /session/4bf8232c0472e0a498fe7ae209f3a21b/execute/sync - {"script":"<script> [56 bytes]","args":[{"element-6066-11e4-a52e-4f735466cecf":"f.363B4D137147A2C10141CDA60C7BC6F9.d.2C3E3264F34339F009C501C63EB1518A.e.2056","ELEMENT":"f.363B4D137147A2C10141CDA60C7BC6F9.d.2C3E3264F34339F009C501C63EB1518A.e.2056"}]}
RESULT: {"script":"<script> [56 bytes]","args":[{"element-6066-11e4-a52e-4f735466cecf":"f.363B4D137147A2C10141CDA60C7BC6F9.d.2C3E3264F34339F009C501C63EB1518A.e.2056","ELEMENT":"f.363B4D137147A2C10141CDA60C7BC6F9.d.2C3E3264F34339F009C501C63EB1518A.e.2056"}]}
RESULT: undefined
COMMAND: POST /session/4bf8232c0472e0a498fe7ae209f3a21b/element - {"using":"xpath","value":"//*[@id=\"application-managepartners-display-component---masterPtm--smartTable-btnPersonalisation-img\"]"}
COMMAND: GET /session/4bf8232c0472e0a498fe7ae209f3a21b/screenshot - {}
RESULT: {"using":"xpath","value":"//*[@id=\"application-managepartners-display-component---masterPtm--smartTable-btnPersonalisation-img\"]"}
COMMAND: POST /session/4bf8232c0472e0a498fe7ae209f3a21b/element/f.363B4D137147A2C10141CDA60C7BC6F9.d.2C3E3264F34339F009C501C63EB1518A.e.1742/click - {}
RESULT: {}
RESULT: {}
COMMAND: GET /session/4bf8232c0472e0a498fe7ae209f3a21b/screenshot - {}
RESULT: {}
COMMAND: POST /session/4bf8232c0472e0a498fe7ae209f3a21b/execute/async - {"script":"<script> [1562 bytes]","args":[{"selector":{"controlType":"sap.m.IconTabFilter","viewName":"etm.portal.ui.managepartners.view.Master","viewId":"application-managepartners-display-component---masterPtm","properties":{"text":"Filter"},"searchOpenDialogs":true,"interaction":{"idSuffix":"text"}},"wdio_ui5_key":"etmportal.ui.managepartners.view.Mastersap.m.IconTabFilter{\"text\":\"Filter\"}"}]}
RESULT: {"script":"<script> [1562 bytes]","args":[{"selector":{"controlType":"sap.m.IconTabFilter","viewName":"etm.portal.ui.managepartners.view.Master","viewId":"application-managepartners-display-component---masterPtm","properties":{"text":"Filter"},"searchOpenDialogs":true,"interaction":{"idSuffix":"text"}},"wdio_ui5_key":"etmportal.ui.managepartners.view.Mastersap.m.IconTabFilter{\"text\":\"Filter\"}"}]}
RESULT: undefined
COMMAND: POST /session/4bf8232c0472e0a498fe7ae209f3a21b/element - {"using":"xpath","value":"//*[@id=\"__filter10\"]"}
RESULT: {"using":"xpath","value":"//*[@id=\"__filter10\"]"}
COMMAND: POST /session/4bf8232c0472e0a498fe7ae209f3a21b/element/f.363B4D137147A2C10141CDA60C7BC6F9.d.2C3E3264F34339F009C501C63EB1518A.e.2061/click - {}
RESULT: {}
COMMAND: GET /session/4bf8232c0472e0a498fe7ae209f3a21b/screenshot - {}
RESULT: {}
COMMAND: POST /session/4bf8232c0472e0a498fe7ae209f3a21b/element - {"using":"xpath","value":"//input[@placeholder=\"Filter by\"]/following-sibling::div//span"}
RESULT: {"using":"xpath","value":"//input[@placeholder=\"Filter by\"]/following-sibling::div//span"}
COMMAND: POST /session/4bf8232c0472e0a498fe7ae209f3a21b/element/f.363B4D137147A2C10141CDA60C7BC6F9.d.2C3E3264F34339F009C501C63EB1518A.e.2063/click - {}
RESULT: {}
COMMAND: GET /session/4bf8232c0472e0a498fe7ae209f3a21b/screenshot - {}
RESULT: {}
COMMAND: POST /session/4bf8232c0472e0a498fe7ae209f3a21b/element - {"using":"xpath","value":"//li[.//span[text()=\"Preferred Yard\"]]"}
RESULT: {"using":"xpath","value":"//li[.//span[text()=\"Preferred Yard\"]]"}
COMMAND: POST /session/4bf8232c0472e0a498fe7ae209f3a21b/element/f.363B4D137147A2C10141CDA60C7BC6F9.d.2C3E3264F34339F009C501C63EB1518A.e.2064/click - {}
RESULT: {}
COMMAND: GET /session/4bf8232c0472e0a498fe7ae209f3a21b/screenshot - {}
RESULT: {}
COMMAND: POST /session/4bf8232c0472e0a498fe7ae209f3a21b/execute/async - {"script":"<script> [1562 bytes]","args":[{"selector":{"id":"FilterPanel-filterItemControl_BASIC-application-managepartners-display-component---masterPtm--smartTable-YARDYARD-vhi","searchOpenDialogs":true},"wdio_ui5_key":"FilterPanelfilterItemControl_BASIC-application-managepartners-display-component---masterPtm--smartTable-YARDYARD-vhi"}]}
RESULT: {"script":"<script> [1562 bytes]","args":[{"selector":{"id":"FilterPanel-filterItemControl_BASIC-application-managepartners-display-component---masterPtm--smartTable-YARDYARD-vhi","searchOpenDialogs":true},"wdio_ui5_key":"FilterPanelfilterItemControl_BASIC-application-managepartners-display-component---masterPtm--smartTable-YARDYARD-vhi"}]}
RESULT: undefined
COMMAND: POST /session/4bf8232c0472e0a498fe7ae209f3a21b/element - {"using":"xpath","value":"//*[@id=\"FilterPanel-filterItemControl_BASIC-application-managepartners-display-component---masterPtm--smartTable-YARDYARD-vhi\"]"}
RESULT: {"using":"xpath","value":"//*[@id=\"FilterPanel-filterItemControl_BASIC-application-managepartners-display-component---masterPtm--smartTable-YARDYARD-vhi\"]"}
COMMAND: POST /session/4bf8232c0472e0a498fe7ae209f3a21b/element/f.363B4D137147A2C10141CDA60C7BC6F9.d.2C3E3264F34339F009C501C63EB1518A.e.2067/click - {}
RESULT: {}
COMMAND: GET /session/4bf8232c0472e0a498fe7ae209f3a21b/screenshot - {}
RESULT: {}
COMMAND: POST /session/4bf8232c0472e0a498fe7ae209f3a21b/execute/async - {"script":"<script> [1562 bytes]","args":[{"selector":{"id":"FilterPanel-filterItemControl_BASIC-application-managepartners-display-component---masterPtm--smartTable-YARDYARD-valueHelpDialog-smartFilterBar-btnBasicSearch","searchOpenDialogs":true,"interaction":{"idSuffix":"I"}},"wdio_ui5_key":"FilterPanelfilterItemControl_BASIC-application-managepartners-display-component---masterPtm--smartTable-YARDYARD-valueHelpDialog-smartFilterBar-btnBasicSearch"}]}
RESULT: {"script":"<script> [1562 bytes]","args":[{"selector":{"id":"FilterPanel-filterItemControl_BASIC-application-managepartners-display-component---masterPtm--smartTable-YARDYARD-valueHelpDialog-smartFilterBar-btnBasicSearch","searchOpenDialogs":true,"interaction":{"idSuffix":"I"}},"wdio_ui5_key":"FilterPanelfilterItemControl_BASIC-application-managepartners-display-component---masterPtm--smartTable-YARDYARD-valueHelpDialog-smartFilterBar-btnBasicSearch"}]}
RESULT: undefined
COMMAND: POST /session/4bf8232c0472e0a498fe7ae209f3a21b/execute/async - {"script":"<script> [776 bytes]","args":[{"enterText":"628","selector":{"id":"FilterPanel-filterItemControl_BASIC-application-managepartners-display-component---masterPtm--smartTable-YARDYARD-valueHelpDialog-smartFilterBar-btnBasicSearch","searchOpenDialogs":true,"interaction":{"idSuffix":"I"}},"clearTextFirst":true,"interactionType":"ENTER_TEXT"}]}
RESULT: {"script":"<script> [776 bytes]","args":[{"enterText":"628","selector":{"id":"FilterPanel-filterItemControl_BASIC-application-managepartners-display-component---masterPtm--smartTable-YARDYARD-valueHelpDialog-smartFilterBar-btnBasicSearch","searchOpenDialogs":true,"interaction":{"idSuffix":"I"}},"clearTextFirst":true,"interactionType":"ENTER_TEXT"}]}
COMMAND: POST /session/4bf8232c0472e0a498fe7ae209f3a21b/actions - {"actions":[{"id":"action3","type":"key","parameters":{},"actions":[{"type":"keyDown","value":"î€‡"},{"type":"pause","duration":10},{"type":"keyUp","value":"î€‡"}]}]}
RESULT: {"actions":[{"id":"action3","type":"key","parameters":{},"actions":[{"type":"keyDown","value":"î€‡"},{"type":"pause","duration":10},{"type":"keyUp","value":"î€‡"}]}]}
COMMAND: GET /session/4bf8232c0472e0a498fe7ae209f3a21b/screenshot - {}
RESULT: {}
COMMAND: POST /session/4bf8232c0472e0a498fe7ae209f3a21b/elements - {"using":"xpath","value":"//table[contains(@id, \"smartTable-YARDYARD-valueHelpDialog-table-table\")]/tbody/tr"}
RESULT: {"using":"xpath","value":"//table[contains(@id, \"smartTable-YARDYARD-valueHelpDialog-table-table\")]/tbody/tr"}
COMMAND: POST /session/4bf8232c0472e0a498fe7ae209f3a21b/element - {"using":"xpath","value":"//table[contains(@id, \"smartTable-YARDYARD-valueHelpDialog-table-table\")]/tbody/tr[1]/td[1]/div/span"}
RESULT: {"using":"xpath","value":"//table[contains(@id, \"smartTable-YARDYARD-valueHelpDialog-table-table\")]/tbody/tr[1]/td[1]/div/span"}
COMMAND: POST /session/4bf8232c0472e0a498fe7ae209f3a21b/elements - {"using":"xpath","value":"//table[contains(@id, \"smartTable-YARDYARD-valueHelpDialog-table-table\")]/tbody/tr[1]/td[1]/div/span"}
RESULT: {"using":"xpath","value":"//table[contains(@id, \"smartTable-YARDYARD-valueHelpDialog-table-table\")]/tbody/tr[1]/td[1]/div/span"}
COMMAND: POST /session/4bf8232c0472e0a498fe7ae209f3a21b/execute/sync - {"script":"<script> [56 bytes]","args":[{"element-6066-11e4-a52e-4f735466cecf":"f.363B4D137147A2C10141CDA60C7BC6F9.d.2C3E3264F34339F009C501C63EB1518A.e.2086","ELEMENT":"f.363B4D137147A2C10141CDA60C7BC6F9.d.2C3E3264F34339F009C501C63EB1518A.e.2086"}]}
RESULT: {"script":"<script> [56 bytes]","args":[{"element-6066-11e4-a52e-4f735466cecf":"f.363B4D137147A2C10141CDA60C7BC6F9.d.2C3E3264F34339F009C501C63EB1518A.e.2086","ELEMENT":"f.363B4D137147A2C10141CDA60C7BC6F9.d.2C3E3264F34339F009C501C63EB1518A.e.2086"}]}
COMMAND: POST /session/4bf8232c0472e0a498fe7ae209f3a21b/element - {"using":"xpath","value":"//table[contains(@id, \"smartTable-YARDYARD-valueHelpDialog-table-table\")]/tbody/tr[2]/td[1]/div/span"}
COMMAND: GET /session/4bf8232c0472e0a498fe7ae209f3a21b/screenshot - {}
RESULT: {"using":"xpath","value":"//table[contains(@id, \"smartTable-YARDYARD-valueHelpDialog-table-table\")]/tbody/tr[2]/td[1]/div/span"}
COMMAND: POST /session/4bf8232c0472e0a498fe7ae209f3a21b/elements - {"using":"xpath","value":"//table[contains(@id, \"smartTable-YARDYARD-valueHelpDialog-table-table\")]/tbody/tr[2]/td[1]/div/span"}
RESULT: {}
RESULT: {"using":"xpath","value":"//table[contains(@id, \"smartTable-YARDYARD-valueHelpDialog-table-table\")]/tbody/tr[2]/td[1]/div/span"}
COMMAND: POST /session/4bf8232c0472e0a498fe7ae209f3a21b/execute/sync - {"script":"<script> [56 bytes]","args":[{"element-6066-11e4-a52e-4f735466cecf":"f.363B4D137147A2C10141CDA60C7BC6F9.d.2C3E3264F34339F009C501C63EB1518A.e.2087","ELEMENT":"f.363B4D137147A2C10141CDA60C7BC6F9.d.2C3E3264F34339F009C501C63EB1518A.e.2087"}]}
RESULT: {"script":"<script> [56 bytes]","args":[{"element-6066-11e4-a52e-4f735466cecf":"f.363B4D137147A2C10141CDA60C7BC6F9.d.2C3E3264F34339F009C501C63EB1518A.e.2087","ELEMENT":"f.363B4D137147A2C10141CDA60C7BC6F9.d.2C3E3264F34339F009C501C63EB1518A.e.2087"}]}
COMMAND: POST /session/4bf8232c0472e0a498fe7ae209f3a21b/element - {"using":"xpath","value":"//div[contains(@id, \"YARDYARD-valueHelpDialog-table-rowsel1\")]"}
COMMAND: GET /session/4bf8232c0472e0a498fe7ae209f3a21b/screenshot - {}
RESULT: {"using":"xpath","value":"//div[contains(@id, \"YARDYARD-valueHelpDialog-table-rowsel1\")]"}
COMMAND: POST /session/4bf8232c0472e0a498fe7ae209f3a21b/element/f.363B4D137147A2C10141CDA60C7BC6F9.d.2C3E3264F34339F009C501C63EB1518A.e.2088/click - {}
RESULT: {}
RESULT: {}
COMMAND: GET /session/4bf8232c0472e0a498fe7ae209f3a21b/screenshot - {}
RESULT: {}
COMMAND: POST /session/4bf8232c0472e0a498fe7ae209f3a21b/element - {"using":"xpath","value":"(//bdi[contains(text(), \"OK\")])[2]"}
RESULT: {"using":"xpath","value":"(//bdi[contains(text(), \"OK\")])[2]"}
COMMAND: POST /session/4bf8232c0472e0a498fe7ae209f3a21b/element/f.363B4D137147A2C10141CDA60C7BC6F9.d.2C3E3264F34339F009C501C63EB1518A.e.2090/click - {}
RESULT: {}
COMMAND: GET /session/4bf8232c0472e0a498fe7ae209f3a21b/screenshot - {}
RESULT: {}
COMMAND: POST /session/4bf8232c0472e0a498fe7ae209f3a21b/element - {"using":"xpath","value":"//bdi[contains(text(), \"OK\")]"}
RESULT: {"using":"xpath","value":"//bdi[contains(text(), \"OK\")]"}
COMMAND: POST /session/4bf8232c0472e0a498fe7ae209f3a21b/element/f.363B4D137147A2C10141CDA60C7BC6F9.d.2C3E3264F34339F009C501C63EB1518A.e.2093/click - {}
RESULT: {}
COMMAND: GET /session/4bf8232c0472e0a498fe7ae209f3a21b/screenshot - {}
RESULT: {}
COMMAND: POST /session/4bf8232c0472e0a498fe7ae209f3a21b/element - {"using":"xpath","value":"//table[contains(@id, \"customPartnersTable\")]//tbody/tr[1]/td[3]/span"}
RESULT: {"using":"xpath","value":"//table[contains(@id, \"customPartnersTable\")]//tbody/tr[1]/td[3]/span"}
COMMAND: POST /session/4bf8232c0472e0a498fe7ae209f3a21b/execute/sync - {"script":"<script> [56 bytes]","args":[{"element-6066-11e4-a52e-4f735466cecf":"f.363B4D137147A2C10141CDA60C7BC6F9.d.2C3E3264F34339F009C501C63EB1518A.e.2056","ELEMENT":"f.363B4D137147A2C10141CDA60C7BC6F9.d.2C3E3264F34339F009C501C63EB1518A.e.2056"}]}
RESULT: {"script":"<script> [56 bytes]","args":[{"element-6066-11e4-a52e-4f735466cecf":"f.363B4D137147A2C10141CDA60C7BC6F9.d.2C3E3264F34339F009C501C63EB1518A.e.2056","ELEMENT":"f.363B4D137147A2C10141CDA60C7BC6F9.d.2C3E3264F34339F009C501C63EB1518A.e.2056"}]}
COMMAND: POST /session/4bf8232c0472e0a498fe7ae209f3a21b/element - {"using":"css selector","value":"#shell-header-logo"}
COMMAND: GET /session/4bf8232c0472e0a498fe7ae209f3a21b/screenshot - {}
RESULT: {"using":"css selector","value":"#shell-header-logo"}
COMMAND: POST /session/4bf8232c0472e0a498fe7ae209f3a21b/element/f.363B4D137147A2C10141CDA60C7BC6F9.d.2C3E3264F34339F009C501C63EB1518A.e.1691/click - {}
RESULT: {}
RESULT: {}
COMMAND: GET /session/4bf8232c0472e0a498fe7ae209f3a21b/screenshot - {}
RESULT: {}
]]></system-out>
    </testcase>
    <testcase classname="chrome.136_0_7103_93.windows.Partner_specific_tests_US150819_US151080_US151654_US151176_US103444_US151078_US151079_US151109_US151174_US151175_US151189" name="Should deactivate the created partner in earlier step US151654" time="51.288">
      <system-out><![CDATA[
COMMAND: POST /session/4bf8232c0472e0a498fe7ae209f3a21b/element - {"using":"xpath","value":"//li[.//span[text()=\"Manage Partners\"]]"}
RESULT: {"using":"xpath","value":"//li[.//span[text()=\"Manage Partners\"]]"}
COMMAND: POST /session/4bf8232c0472e0a498fe7ae209f3a21b/element - {"using":"xpath","value":"//li[.//span[text()=\"Manage Partners\"]]"}
RESULT: {"using":"xpath","value":"//li[.//span[text()=\"Manage Partners\"]]"}
COMMAND: POST /session/4bf8232c0472e0a498fe7ae209f3a21b/element - {"using":"css selector","value":"#shell-header-logo"}
RESULT: {"using":"css selector","value":"#shell-header-logo"}
COMMAND: POST /session/4bf8232c0472e0a498fe7ae209f3a21b/element/f.363B4D137147A2C10141CDA60C7BC6F9.d.2C3E3264F34339F009C501C63EB1518A.e.2148/click - {}
COMMAND: POST /session/4bf8232c0472e0a498fe7ae209f3a21b/execute/sync - {"script":"<script> [8489 bytes]","args":[{"element-6066-11e4-a52e-4f735466cecf":"f.363B4D137147A2C10141CDA60C7BC6F9.d.2C3E3264F34339F009C501C63EB1518A.e.2148","ELEMENT":"f.363B4D137147A2C10141CDA60C7BC6F9.d.2C3E3264F34339F009C501C63EB1518A.e.2148"}]}
RESULT: {"script":"<script> [8489 bytes]","args":[{"element-6066-11e4-a52e-4f735466cecf":"f.363B4D137147A2C10141CDA60C7BC6F9.d.2C3E3264F34339F009C501C63EB1518A.e.2148","ELEMENT":"f.363B4D137147A2C10141CDA60C7BC6F9.d.2C3E3264F34339F009C501C63EB1518A.e.2148"}]}
COMMAND: POST /session/4bf8232c0472e0a498fe7ae209f3a21b/execute/sync - {"script":"<script> [5351 bytes]","args":[{"element-6066-11e4-a52e-4f735466cecf":"f.363B4D137147A2C10141CDA60C7BC6F9.d.2C3E3264F34339F009C501C63EB1518A.e.2148","ELEMENT":"f.363B4D137147A2C10141CDA60C7BC6F9.d.2C3E3264F34339F009C501C63EB1518A.e.2148"}]}
COMMAND: GET /session/4bf8232c0472e0a498fe7ae209f3a21b/screenshot - {}
RESULT: {}
COMMAND: GET /session/4bf8232c0472e0a498fe7ae209f3a21b/screenshot - {}
RESULT: {"script":"<script> [5351 bytes]","args":[{"element-6066-11e4-a52e-4f735466cecf":"f.363B4D137147A2C10141CDA60C7BC6F9.d.2C3E3264F34339F009C501C63EB1518A.e.2148","ELEMENT":"f.363B4D137147A2C10141CDA60C7BC6F9.d.2C3E3264F34339F009C501C63EB1518A.e.2148"}]}
COMMAND: GET /session/4bf8232c0472e0a498fe7ae209f3a21b/screenshot - {}
RESULT: {}
RESULT: {}
RESULT: {}
RESULT: undefined
COMMAND: POST /session/4bf8232c0472e0a498fe7ae209f3a21b/element - {"using":"xpath","value":"//*[@id=\"__tile38\"]"}
RESULT: {"using":"xpath","value":"//*[@id=\"__tile38\"]"}
COMMAND: POST /session/4bf8232c0472e0a498fe7ae209f3a21b/element/f.363B4D137147A2C10141CDA60C7BC6F9.d.2C3E3264F34339F009C501C63EB1518A.e.148/click - {}
RESULT: {}
COMMAND: GET /session/4bf8232c0472e0a498fe7ae209f3a21b/screenshot - {}
RESULT: {}
COMMAND: POST /session/4bf8232c0472e0a498fe7ae209f3a21b/elements - {"using":"xpath","value":"//span[text()='Error']"}
RESULT: {"using":"xpath","value":"//span[text()='Error']"}
COMMAND: POST /session/4bf8232c0472e0a498fe7ae209f3a21b/element - {"using":"xpath","value":"//button[@data-kt=\"addButton\"]"}
RESULT: {"using":"xpath","value":"//button[@data-kt=\"addButton\"]"}
COMMAND: POST /session/4bf8232c0472e0a498fe7ae209f3a21b/elements - {"using":"xpath","value":"//button[@data-kt=\"addButton\"]"}
RESULT: {"using":"xpath","value":"//button[@data-kt=\"addButton\"]"}
COMMAND: POST /session/4bf8232c0472e0a498fe7ae209f3a21b/execute/sync - {"script":"<script> [8489 bytes]","args":[{"element-6066-11e4-a52e-4f735466cecf":"f.363B4D137147A2C10141CDA60C7BC6F9.d.2C3E3264F34339F009C501C63EB1518A.e.2193","ELEMENT":"f.363B4D137147A2C10141CDA60C7BC6F9.d.2C3E3264F34339F009C501C63EB1518A.e.2193"}]}
RESULT: {"script":"<script> [8489 bytes]","args":[{"element-6066-11e4-a52e-4f735466cecf":"f.363B4D137147A2C10141CDA60C7BC6F9.d.2C3E3264F34339F009C501C63EB1518A.e.2193","ELEMENT":"f.363B4D137147A2C10141CDA60C7BC6F9.d.2C3E3264F34339F009C501C63EB1518A.e.2193"}]}
COMMAND: GET /session/4bf8232c0472e0a498fe7ae209f3a21b/element/f.363B4D137147A2C10141CDA60C7BC6F9.d.2C3E3264F34339F009C501C63EB1518A.e.2193/enabled - {}
COMMAND: GET /session/4bf8232c0472e0a498fe7ae209f3a21b/screenshot - {}
RESULT: {}
COMMAND: POST /session/4bf8232c0472e0a498fe7ae209f3a21b/execute/sync - {"script":"<script> [8489 bytes]","args":[{"element-6066-11e4-a52e-4f735466cecf":"f.363B4D137147A2C10141CDA60C7BC6F9.d.2C3E3264F34339F009C501C63EB1518A.e.2193","ELEMENT":"f.363B4D137147A2C10141CDA60C7BC6F9.d.2C3E3264F34339F009C501C63EB1518A.e.2193"}]}
COMMAND: GET /session/4bf8232c0472e0a498fe7ae209f3a21b/screenshot - {}
RESULT: {}
RESULT: {"script":"<script> [8489 bytes]","args":[{"element-6066-11e4-a52e-4f735466cecf":"f.363B4D137147A2C10141CDA60C7BC6F9.d.2C3E3264F34339F009C501C63EB1518A.e.2193","ELEMENT":"f.363B4D137147A2C10141CDA60C7BC6F9.d.2C3E3264F34339F009C501C63EB1518A.e.2193"}]}
COMMAND: POST /session/4bf8232c0472e0a498fe7ae209f3a21b/execute/sync - {"script":"<script> [5351 bytes]","args":[{"element-6066-11e4-a52e-4f735466cecf":"f.363B4D137147A2C10141CDA60C7BC6F9.d.2C3E3264F34339F009C501C63EB1518A.e.2193","ELEMENT":"f.363B4D137147A2C10141CDA60C7BC6F9.d.2C3E3264F34339F009C501C63EB1518A.e.2193"}]}
COMMAND: GET /session/4bf8232c0472e0a498fe7ae209f3a21b/screenshot - {}
RESULT: {}
RESULT: {"script":"<script> [5351 bytes]","args":[{"element-6066-11e4-a52e-4f735466cecf":"f.363B4D137147A2C10141CDA60C7BC6F9.d.2C3E3264F34339F009C501C63EB1518A.e.2193","ELEMENT":"f.363B4D137147A2C10141CDA60C7BC6F9.d.2C3E3264F34339F009C501C63EB1518A.e.2193"}]}
COMMAND: GET /session/4bf8232c0472e0a498fe7ae209f3a21b/screenshot - {}
RESULT: {}
RESULT: {}
COMMAND: POST /session/4bf8232c0472e0a498fe7ae209f3a21b/execute/async - {"script":"<script> [1562 bytes]","args":[{"selector":{"id":"application-managepartners-display-component---masterPtm--smartFilterBar-btnBasicSearch","interaction":{"idSuffix":"I"}},"wdio_ui5_key":"applicationmanagepartners-display-component---masterPtm--smartFilterBar-btnBasicSearch"}]}
RESULT: {"script":"<script> [1562 bytes]","args":[{"selector":{"id":"application-managepartners-display-component---masterPtm--smartFilterBar-btnBasicSearch","interaction":{"idSuffix":"I"}},"wdio_ui5_key":"applicationmanagepartners-display-component---masterPtm--smartFilterBar-btnBasicSearch"}]}
RESULT: undefined
COMMAND: POST /session/4bf8232c0472e0a498fe7ae209f3a21b/execute/async - {"script":"<script> [776 bytes]","args":[{"enterText":"1405","selector":{"id":"application-managepartners-display-component---masterPtm--smartFilterBar-btnBasicSearch","interaction":{"idSuffix":"I"}},"clearTextFirst":true,"interactionType":"ENTER_TEXT"}]}
RESULT: {"script":"<script> [776 bytes]","args":[{"enterText":"1405","selector":{"id":"application-managepartners-display-component---masterPtm--smartFilterBar-btnBasicSearch","interaction":{"idSuffix":"I"}},"clearTextFirst":true,"interactionType":"ENTER_TEXT"}]}
COMMAND: POST /session/4bf8232c0472e0a498fe7ae209f3a21b/actions - {"actions":[{"id":"action4","type":"key","parameters":{},"actions":[{"type":"keyDown","value":"î€‡"},{"type":"pause","duration":10},{"type":"keyUp","value":"î€‡"}]}]}
RESULT: {"actions":[{"id":"action4","type":"key","parameters":{},"actions":[{"type":"keyDown","value":"î€‡"},{"type":"pause","duration":10},{"type":"keyUp","value":"î€‡"}]}]}
COMMAND: GET /session/4bf8232c0472e0a498fe7ae209f3a21b/screenshot - {}
RESULT: {}
COMMAND: POST /session/4bf8232c0472e0a498fe7ae209f3a21b/elements - {"using":"xpath","value":"//table[contains(@id, \"customPartnersTable-listUl\")]/tbody/tr"}
RESULT: {"using":"xpath","value":"//table[contains(@id, \"customPartnersTable-listUl\")]/tbody/tr"}
COMMAND: POST /session/4bf8232c0472e0a498fe7ae209f3a21b/element - {"using":"xpath","value":"//table[contains(@id, \"customPartnersTable-listUl\")]/tbody/tr[1]/td[3]/span"}
RESULT: {"using":"xpath","value":"//table[contains(@id, \"customPartnersTable-listUl\")]/tbody/tr[1]/td[3]/span"}
COMMAND: POST /session/4bf8232c0472e0a498fe7ae209f3a21b/elements - {"using":"xpath","value":"//table[contains(@id, \"customPartnersTable-listUl\")]/tbody/tr[1]/td[3]/span"}
RESULT: {"using":"xpath","value":"//table[contains(@id, \"customPartnersTable-listUl\")]/tbody/tr[1]/td[3]/span"}
COMMAND: POST /session/4bf8232c0472e0a498fe7ae209f3a21b/execute/sync - {"script":"<script> [56 bytes]","args":[{"element-6066-11e4-a52e-4f735466cecf":"f.363B4D137147A2C10141CDA60C7BC6F9.d.2C3E3264F34339F009C501C63EB1518A.e.2330","ELEMENT":"f.363B4D137147A2C10141CDA60C7BC6F9.d.2C3E3264F34339F009C501C63EB1518A.e.2330"}]}
RESULT: {"script":"<script> [56 bytes]","args":[{"element-6066-11e4-a52e-4f735466cecf":"f.363B4D137147A2C10141CDA60C7BC6F9.d.2C3E3264F34339F009C501C63EB1518A.e.2330","ELEMENT":"f.363B4D137147A2C10141CDA60C7BC6F9.d.2C3E3264F34339F009C501C63EB1518A.e.2330"}]}
COMMAND: POST /session/4bf8232c0472e0a498fe7ae209f3a21b/element - {"using":"xpath","value":"//table[contains(@id, \"customPartnersTable-listUl\")]/tbody/tr[1]/td[7]/div/span"}
COMMAND: GET /session/4bf8232c0472e0a498fe7ae209f3a21b/screenshot - {}
RESULT: {"using":"xpath","value":"//table[contains(@id, \"customPartnersTable-listUl\")]/tbody/tr[1]/td[7]/div/span"}
COMMAND: POST /session/4bf8232c0472e0a498fe7ae209f3a21b/execute/sync - {"script":"<script> [56 bytes]","args":[{"element-6066-11e4-a52e-4f735466cecf":"f.363B4D137147A2C10141CDA60C7BC6F9.d.2C3E3264F34339F009C501C63EB1518A.e.2331","ELEMENT":"f.363B4D137147A2C10141CDA60C7BC6F9.d.2C3E3264F34339F009C501C63EB1518A.e.2331"}]}
RESULT: {}
RESULT: {"script":"<script> [56 bytes]","args":[{"element-6066-11e4-a52e-4f735466cecf":"f.363B4D137147A2C10141CDA60C7BC6F9.d.2C3E3264F34339F009C501C63EB1518A.e.2331","ELEMENT":"f.363B4D137147A2C10141CDA60C7BC6F9.d.2C3E3264F34339F009C501C63EB1518A.e.2331"}]}
COMMAND: POST /session/4bf8232c0472e0a498fe7ae209f3a21b/element - {"using":"xpath","value":"//table[contains(@id, \"customPartnersTable-listUl\")]/tbody/tr[1]/td[2]/div/div"}
COMMAND: GET /session/4bf8232c0472e0a498fe7ae209f3a21b/screenshot - {}
RESULT: {"using":"xpath","value":"//table[contains(@id, \"customPartnersTable-listUl\")]/tbody/tr[1]/td[2]/div/div"}
COMMAND: POST /session/4bf8232c0472e0a498fe7ae209f3a21b/element/f.363B4D137147A2C10141CDA60C7BC6F9.d.2C3E3264F34339F009C501C63EB1518A.e.2332/click - {}
RESULT: {}
RESULT: {}
COMMAND: GET /session/4bf8232c0472e0a498fe7ae209f3a21b/screenshot - {}
RESULT: {}
COMMAND: POST /session/4bf8232c0472e0a498fe7ae209f3a21b/element - {"using":"xpath","value":"//bdi[contains(text(), \"Deactivate\")]"}
RESULT: {"using":"xpath","value":"//bdi[contains(text(), \"Deactivate\")]"}
COMMAND: POST /session/4bf8232c0472e0a498fe7ae209f3a21b/element/f.363B4D137147A2C10141CDA60C7BC6F9.d.2C3E3264F34339F009C501C63EB1518A.e.2333/click - {}
RESULT: {}
COMMAND: GET /session/4bf8232c0472e0a498fe7ae209f3a21b/screenshot - {}
RESULT: {}
COMMAND: POST /session/4bf8232c0472e0a498fe7ae209f3a21b/element - {"using":"xpath","value":"//bdi[contains(text(), \"Yes\")]"}
RESULT: {"using":"xpath","value":"//bdi[contains(text(), \"Yes\")]"}
COMMAND: POST /session/4bf8232c0472e0a498fe7ae209f3a21b/element/f.363B4D137147A2C10141CDA60C7BC6F9.d.2C3E3264F34339F009C501C63EB1518A.e.2335/click - {}
RESULT: {}
COMMAND: GET /session/4bf8232c0472e0a498fe7ae209f3a21b/screenshot - {}
RESULT: {}
COMMAND: POST /session/4bf8232c0472e0a498fe7ae209f3a21b/element - {"using":"xpath","value":"//table[contains(@id, \"customPartnersTable-listUl\")]/tbody/tr[1]/td[7]/div/span"}
RESULT: {"using":"xpath","value":"//table[contains(@id, \"customPartnersTable-listUl\")]/tbody/tr[1]/td[7]/div/span"}
COMMAND: POST /session/4bf8232c0472e0a498fe7ae209f3a21b/execute/sync - {"script":"<script> [56 bytes]","args":[{"element-6066-11e4-a52e-4f735466cecf":"f.363B4D137147A2C10141CDA60C7BC6F9.d.2C3E3264F34339F009C501C63EB1518A.e.2331","ELEMENT":"f.363B4D137147A2C10141CDA60C7BC6F9.d.2C3E3264F34339F009C501C63EB1518A.e.2331"}]}
RESULT: {"script":"<script> [56 bytes]","args":[{"element-6066-11e4-a52e-4f735466cecf":"f.363B4D137147A2C10141CDA60C7BC6F9.d.2C3E3264F34339F009C501C63EB1518A.e.2331","ELEMENT":"f.363B4D137147A2C10141CDA60C7BC6F9.d.2C3E3264F34339F009C501C63EB1518A.e.2331"}]}
COMMAND: GET /session/4bf8232c0472e0a498fe7ae209f3a21b/screenshot - {}
RESULT: {}
COMMAND: POST /session/4bf8232c0472e0a498fe7ae209f3a21b/element - {"using":"css selector","value":"#shell-header-logo"}
RESULT: {"using":"css selector","value":"#shell-header-logo"}
COMMAND: POST /session/4bf8232c0472e0a498fe7ae209f3a21b/element/f.363B4D137147A2C10141CDA60C7BC6F9.d.2C3E3264F34339F009C501C63EB1518A.e.2148/click - {}
RESULT: {}
COMMAND: GET /session/4bf8232c0472e0a498fe7ae209f3a21b/screenshot - {}
RESULT: {}
]]></system-out>
    </testcase>
    <testcase classname="chrome.136_0_7103_93.windows.Partner_specific_tests_US150819_US151080_US151654_US151176_US103444_US151078_US151079_US151109_US151174_US151175_US151189" name="Should activate the created partner again US151176" time="51.273">
      <system-out><![CDATA[
COMMAND: POST /session/4bf8232c0472e0a498fe7ae209f3a21b/element - {"using":"xpath","value":"//li[.//span[text()=\"Manage Partners\"]]"}
RESULT: {"using":"xpath","value":"//li[.//span[text()=\"Manage Partners\"]]"}
COMMAND: POST /session/4bf8232c0472e0a498fe7ae209f3a21b/element - {"using":"xpath","value":"//li[.//span[text()=\"Manage Partners\"]]"}
RESULT: {"using":"xpath","value":"//li[.//span[text()=\"Manage Partners\"]]"}
COMMAND: POST /session/4bf8232c0472e0a498fe7ae209f3a21b/element - {"using":"css selector","value":"#shell-header-logo"}
RESULT: {"using":"css selector","value":"#shell-header-logo"}
COMMAND: POST /session/4bf8232c0472e0a498fe7ae209f3a21b/element/f.363B4D137147A2C10141CDA60C7BC6F9.d.2C3E3264F34339F009C501C63EB1518A.e.2339/click - {}
COMMAND: POST /session/4bf8232c0472e0a498fe7ae209f3a21b/execute/sync - {"script":"<script> [8489 bytes]","args":[{"element-6066-11e4-a52e-4f735466cecf":"f.363B4D137147A2C10141CDA60C7BC6F9.d.2C3E3264F34339F009C501C63EB1518A.e.2339","ELEMENT":"f.363B4D137147A2C10141CDA60C7BC6F9.d.2C3E3264F34339F009C501C63EB1518A.e.2339"}]}
RESULT: {"script":"<script> [8489 bytes]","args":[{"element-6066-11e4-a52e-4f735466cecf":"f.363B4D137147A2C10141CDA60C7BC6F9.d.2C3E3264F34339F009C501C63EB1518A.e.2339","ELEMENT":"f.363B4D137147A2C10141CDA60C7BC6F9.d.2C3E3264F34339F009C501C63EB1518A.e.2339"}]}
COMMAND: POST /session/4bf8232c0472e0a498fe7ae209f3a21b/execute/sync - {"script":"<script> [5351 bytes]","args":[{"element-6066-11e4-a52e-4f735466cecf":"f.363B4D137147A2C10141CDA60C7BC6F9.d.2C3E3264F34339F009C501C63EB1518A.e.2339","ELEMENT":"f.363B4D137147A2C10141CDA60C7BC6F9.d.2C3E3264F34339F009C501C63EB1518A.e.2339"}]}
COMMAND: GET /session/4bf8232c0472e0a498fe7ae209f3a21b/screenshot - {}
RESULT: {}
COMMAND: GET /session/4bf8232c0472e0a498fe7ae209f3a21b/screenshot - {}
RESULT: {"script":"<script> [5351 bytes]","args":[{"element-6066-11e4-a52e-4f735466cecf":"f.363B4D137147A2C10141CDA60C7BC6F9.d.2C3E3264F34339F009C501C63EB1518A.e.2339","ELEMENT":"f.363B4D137147A2C10141CDA60C7BC6F9.d.2C3E3264F34339F009C501C63EB1518A.e.2339"}]}
COMMAND: GET /session/4bf8232c0472e0a498fe7ae209f3a21b/screenshot - {}
RESULT: {}
RESULT: {}
RESULT: {}
RESULT: undefined
COMMAND: POST /session/4bf8232c0472e0a498fe7ae209f3a21b/element - {"using":"xpath","value":"//*[@id=\"__tile38\"]"}
RESULT: {"using":"xpath","value":"//*[@id=\"__tile38\"]"}
COMMAND: POST /session/4bf8232c0472e0a498fe7ae209f3a21b/element/f.363B4D137147A2C10141CDA60C7BC6F9.d.2C3E3264F34339F009C501C63EB1518A.e.148/click - {}
RESULT: {}
COMMAND: GET /session/4bf8232c0472e0a498fe7ae209f3a21b/screenshot - {}
RESULT: {}
COMMAND: POST /session/4bf8232c0472e0a498fe7ae209f3a21b/elements - {"using":"xpath","value":"//span[text()='Error']"}
RESULT: {"using":"xpath","value":"//span[text()='Error']"}
COMMAND: POST /session/4bf8232c0472e0a498fe7ae209f3a21b/element - {"using":"xpath","value":"//button[@data-kt=\"addButton\"]"}
RESULT: {"using":"xpath","value":"//button[@data-kt=\"addButton\"]"}
COMMAND: POST /session/4bf8232c0472e0a498fe7ae209f3a21b/elements - {"using":"xpath","value":"//button[@data-kt=\"addButton\"]"}
RESULT: {"using":"xpath","value":"//button[@data-kt=\"addButton\"]"}
COMMAND: POST /session/4bf8232c0472e0a498fe7ae209f3a21b/execute/sync - {"script":"<script> [8489 bytes]","args":[{"element-6066-11e4-a52e-4f735466cecf":"f.363B4D137147A2C10141CDA60C7BC6F9.d.2C3E3264F34339F009C501C63EB1518A.e.2384","ELEMENT":"f.363B4D137147A2C10141CDA60C7BC6F9.d.2C3E3264F34339F009C501C63EB1518A.e.2384"}]}
RESULT: {"script":"<script> [8489 bytes]","args":[{"element-6066-11e4-a52e-4f735466cecf":"f.363B4D137147A2C10141CDA60C7BC6F9.d.2C3E3264F34339F009C501C63EB1518A.e.2384","ELEMENT":"f.363B4D137147A2C10141CDA60C7BC6F9.d.2C3E3264F34339F009C501C63EB1518A.e.2384"}]}
COMMAND: GET /session/4bf8232c0472e0a498fe7ae209f3a21b/element/f.363B4D137147A2C10141CDA60C7BC6F9.d.2C3E3264F34339F009C501C63EB1518A.e.2384/enabled - {}
COMMAND: GET /session/4bf8232c0472e0a498fe7ae209f3a21b/screenshot - {}
RESULT: {}
COMMAND: POST /session/4bf8232c0472e0a498fe7ae209f3a21b/execute/sync - {"script":"<script> [8489 bytes]","args":[{"element-6066-11e4-a52e-4f735466cecf":"f.363B4D137147A2C10141CDA60C7BC6F9.d.2C3E3264F34339F009C501C63EB1518A.e.2384","ELEMENT":"f.363B4D137147A2C10141CDA60C7BC6F9.d.2C3E3264F34339F009C501C63EB1518A.e.2384"}]}
COMMAND: GET /session/4bf8232c0472e0a498fe7ae209f3a21b/screenshot - {}
RESULT: {}
RESULT: {"script":"<script> [8489 bytes]","args":[{"element-6066-11e4-a52e-4f735466cecf":"f.363B4D137147A2C10141CDA60C7BC6F9.d.2C3E3264F34339F009C501C63EB1518A.e.2384","ELEMENT":"f.363B4D137147A2C10141CDA60C7BC6F9.d.2C3E3264F34339F009C501C63EB1518A.e.2384"}]}
COMMAND: POST /session/4bf8232c0472e0a498fe7ae209f3a21b/execute/sync - {"script":"<script> [5351 bytes]","args":[{"element-6066-11e4-a52e-4f735466cecf":"f.363B4D137147A2C10141CDA60C7BC6F9.d.2C3E3264F34339F009C501C63EB1518A.e.2384","ELEMENT":"f.363B4D137147A2C10141CDA60C7BC6F9.d.2C3E3264F34339F009C501C63EB1518A.e.2384"}]}
COMMAND: GET /session/4bf8232c0472e0a498fe7ae209f3a21b/screenshot - {}
RESULT: {}
RESULT: {"script":"<script> [5351 bytes]","args":[{"element-6066-11e4-a52e-4f735466cecf":"f.363B4D137147A2C10141CDA60C7BC6F9.d.2C3E3264F34339F009C501C63EB1518A.e.2384","ELEMENT":"f.363B4D137147A2C10141CDA60C7BC6F9.d.2C3E3264F34339F009C501C63EB1518A.e.2384"}]}
COMMAND: GET /session/4bf8232c0472e0a498fe7ae209f3a21b/screenshot - {}
RESULT: {}
RESULT: {}
RESULT: undefined
COMMAND: POST /session/4bf8232c0472e0a498fe7ae209f3a21b/execute/async - {"script":"<script> [776 bytes]","args":[{"enterText":"1405","selector":{"id":"application-managepartners-display-component---masterPtm--smartFilterBar-btnBasicSearch","interaction":{"idSuffix":"I"}},"clearTextFirst":true,"interactionType":"ENTER_TEXT"}]}
RESULT: {"script":"<script> [776 bytes]","args":[{"enterText":"1405","selector":{"id":"application-managepartners-display-component---masterPtm--smartFilterBar-btnBasicSearch","interaction":{"idSuffix":"I"}},"clearTextFirst":true,"interactionType":"ENTER_TEXT"}]}
COMMAND: POST /session/4bf8232c0472e0a498fe7ae209f3a21b/actions - {"actions":[{"id":"action5","type":"key","parameters":{},"actions":[{"type":"keyDown","value":"î€‡"},{"type":"pause","duration":10},{"type":"keyUp","value":"î€‡"}]}]}
RESULT: {"actions":[{"id":"action5","type":"key","parameters":{},"actions":[{"type":"keyDown","value":"î€‡"},{"type":"pause","duration":10},{"type":"keyUp","value":"î€‡"}]}]}
COMMAND: GET /session/4bf8232c0472e0a498fe7ae209f3a21b/screenshot - {}
RESULT: {}
COMMAND: POST /session/4bf8232c0472e0a498fe7ae209f3a21b/elements - {"using":"xpath","value":"//table[contains(@id, \"customPartnersTable-listUl\")]/tbody/tr"}
RESULT: {"using":"xpath","value":"//table[contains(@id, \"customPartnersTable-listUl\")]/tbody/tr"}
COMMAND: POST /session/4bf8232c0472e0a498fe7ae209f3a21b/element - {"using":"xpath","value":"//table[contains(@id, \"customPartnersTable-listUl\")]/tbody/tr[1]/td[3]/span"}
RESULT: {"using":"xpath","value":"//table[contains(@id, \"customPartnersTable-listUl\")]/tbody/tr[1]/td[3]/span"}
COMMAND: POST /session/4bf8232c0472e0a498fe7ae209f3a21b/elements - {"using":"xpath","value":"//table[contains(@id, \"customPartnersTable-listUl\")]/tbody/tr[1]/td[3]/span"}
RESULT: {"using":"xpath","value":"//table[contains(@id, \"customPartnersTable-listUl\")]/tbody/tr[1]/td[3]/span"}
COMMAND: POST /session/4bf8232c0472e0a498fe7ae209f3a21b/execute/sync - {"script":"<script> [56 bytes]","args":[{"element-6066-11e4-a52e-4f735466cecf":"f.363B4D137147A2C10141CDA60C7BC6F9.d.2C3E3264F34339F009C501C63EB1518A.e.2520","ELEMENT":"f.363B4D137147A2C10141CDA60C7BC6F9.d.2C3E3264F34339F009C501C63EB1518A.e.2520"}]}
RESULT: {"script":"<script> [56 bytes]","args":[{"element-6066-11e4-a52e-4f735466cecf":"f.363B4D137147A2C10141CDA60C7BC6F9.d.2C3E3264F34339F009C501C63EB1518A.e.2520","ELEMENT":"f.363B4D137147A2C10141CDA60C7BC6F9.d.2C3E3264F34339F009C501C63EB1518A.e.2520"}]}
COMMAND: POST /session/4bf8232c0472e0a498fe7ae209f3a21b/element - {"using":"xpath","value":"//table[contains(@id, \"customPartnersTable-listUl\")]/tbody/tr[1]/td[7]/div/span"}
COMMAND: GET /session/4bf8232c0472e0a498fe7ae209f3a21b/screenshot - {}
RESULT: {"using":"xpath","value":"//table[contains(@id, \"customPartnersTable-listUl\")]/tbody/tr[1]/td[7]/div/span"}
COMMAND: POST /session/4bf8232c0472e0a498fe7ae209f3a21b/execute/sync - {"script":"<script> [56 bytes]","args":[{"element-6066-11e4-a52e-4f735466cecf":"f.363B4D137147A2C10141CDA60C7BC6F9.d.2C3E3264F34339F009C501C63EB1518A.e.2521","ELEMENT":"f.363B4D137147A2C10141CDA60C7BC6F9.d.2C3E3264F34339F009C501C63EB1518A.e.2521"}]}
RESULT: {}
RESULT: {"script":"<script> [56 bytes]","args":[{"element-6066-11e4-a52e-4f735466cecf":"f.363B4D137147A2C10141CDA60C7BC6F9.d.2C3E3264F34339F009C501C63EB1518A.e.2521","ELEMENT":"f.363B4D137147A2C10141CDA60C7BC6F9.d.2C3E3264F34339F009C501C63EB1518A.e.2521"}]}
COMMAND: POST /session/4bf8232c0472e0a498fe7ae209f3a21b/element - {"using":"xpath","value":"//table[contains(@id, \"customPartnersTable-listUl\")]/tbody/tr[1]/td[2]/div/div"}
COMMAND: GET /session/4bf8232c0472e0a498fe7ae209f3a21b/screenshot - {}
RESULT: {"using":"xpath","value":"//table[contains(@id, \"customPartnersTable-listUl\")]/tbody/tr[1]/td[2]/div/div"}
COMMAND: POST /session/4bf8232c0472e0a498fe7ae209f3a21b/element/f.363B4D137147A2C10141CDA60C7BC6F9.d.2C3E3264F34339F009C501C63EB1518A.e.2522/click - {}
RESULT: {}
RESULT: {}
COMMAND: GET /session/4bf8232c0472e0a498fe7ae209f3a21b/screenshot - {}
RESULT: {}
COMMAND: POST /session/4bf8232c0472e0a498fe7ae209f3a21b/element - {"using":"xpath","value":"//bdi[contains(text(), \"Activate\")]"}
RESULT: {"using":"xpath","value":"//bdi[contains(text(), \"Activate\")]"}
COMMAND: POST /session/4bf8232c0472e0a498fe7ae209f3a21b/element/f.363B4D137147A2C10141CDA60C7BC6F9.d.2C3E3264F34339F009C501C63EB1518A.e.2523/click - {}
RESULT: {}
COMMAND: GET /session/4bf8232c0472e0a498fe7ae209f3a21b/screenshot - {}
RESULT: {}
COMMAND: POST /session/4bf8232c0472e0a498fe7ae209f3a21b/element - {"using":"xpath","value":"//bdi[contains(text(), \"Yes\")]"}
RESULT: {"using":"xpath","value":"//bdi[contains(text(), \"Yes\")]"}
COMMAND: POST /session/4bf8232c0472e0a498fe7ae209f3a21b/element/f.363B4D137147A2C10141CDA60C7BC6F9.d.2C3E3264F34339F009C501C63EB1518A.e.2525/click - {}
RESULT: {}
COMMAND: GET /session/4bf8232c0472e0a498fe7ae209f3a21b/screenshot - {}
RESULT: {}
COMMAND: POST /session/4bf8232c0472e0a498fe7ae209f3a21b/element - {"using":"xpath","value":"//table[contains(@id, \"customPartnersTable-listUl\")]/tbody/tr[1]/td[7]/div/span"}
RESULT: {"using":"xpath","value":"//table[contains(@id, \"customPartnersTable-listUl\")]/tbody/tr[1]/td[7]/div/span"}
COMMAND: POST /session/4bf8232c0472e0a498fe7ae209f3a21b/execute/sync - {"script":"<script> [56 bytes]","args":[{"element-6066-11e4-a52e-4f735466cecf":"f.363B4D137147A2C10141CDA60C7BC6F9.d.2C3E3264F34339F009C501C63EB1518A.e.2521","ELEMENT":"f.363B4D137147A2C10141CDA60C7BC6F9.d.2C3E3264F34339F009C501C63EB1518A.e.2521"}]}
RESULT: {"script":"<script> [56 bytes]","args":[{"element-6066-11e4-a52e-4f735466cecf":"f.363B4D137147A2C10141CDA60C7BC6F9.d.2C3E3264F34339F009C501C63EB1518A.e.2521","ELEMENT":"f.363B4D137147A2C10141CDA60C7BC6F9.d.2C3E3264F34339F009C501C63EB1518A.e.2521"}]}
COMMAND: GET /session/4bf8232c0472e0a498fe7ae209f3a21b/screenshot - {}
RESULT: {}
COMMAND: POST /session/4bf8232c0472e0a498fe7ae209f3a21b/element - {"using":"css selector","value":"#shell-header-logo"}
RESULT: {"using":"css selector","value":"#shell-header-logo"}
COMMAND: POST /session/4bf8232c0472e0a498fe7ae209f3a21b/element/f.363B4D137147A2C10141CDA60C7BC6F9.d.2C3E3264F34339F009C501C63EB1518A.e.2339/click - {}
RESULT: {}
COMMAND: GET /session/4bf8232c0472e0a498fe7ae209f3a21b/screenshot - {}
RESULT: {}
]]></system-out>
    </testcase>
    <testcase classname="chrome.136_0_7103_93.windows.Partner_specific_tests_US150819_US151080_US151654_US151176_US103444_US151078_US151079_US151109_US151174_US151175_US151189" name="Should edit the created external partner and save it and check its content US103444" time="58.727">
      <system-out><![CDATA[
COMMAND: POST /session/4bf8232c0472e0a498fe7ae209f3a21b/element - {"using":"xpath","value":"//li[.//span[text()=\"Manage Partners\"]]"}
RESULT: {"using":"xpath","value":"//li[.//span[text()=\"Manage Partners\"]]"}
COMMAND: POST /session/4bf8232c0472e0a498fe7ae209f3a21b/element - {"using":"xpath","value":"//li[.//span[text()=\"Manage Partners\"]]"}
RESULT: {"using":"xpath","value":"//li[.//span[text()=\"Manage Partners\"]]"}
COMMAND: POST /session/4bf8232c0472e0a498fe7ae209f3a21b/element - {"using":"css selector","value":"#shell-header-logo"}
RESULT: {"using":"css selector","value":"#shell-header-logo"}
COMMAND: POST /session/4bf8232c0472e0a498fe7ae209f3a21b/element/f.363B4D137147A2C10141CDA60C7BC6F9.d.2C3E3264F34339F009C501C63EB1518A.e.2529/click - {}
COMMAND: POST /session/4bf8232c0472e0a498fe7ae209f3a21b/execute/sync - {"script":"<script> [8489 bytes]","args":[{"element-6066-11e4-a52e-4f735466cecf":"f.363B4D137147A2C10141CDA60C7BC6F9.d.2C3E3264F34339F009C501C63EB1518A.e.2529","ELEMENT":"f.363B4D137147A2C10141CDA60C7BC6F9.d.2C3E3264F34339F009C501C63EB1518A.e.2529"}]}
RESULT: {"script":"<script> [8489 bytes]","args":[{"element-6066-11e4-a52e-4f735466cecf":"f.363B4D137147A2C10141CDA60C7BC6F9.d.2C3E3264F34339F009C501C63EB1518A.e.2529","ELEMENT":"f.363B4D137147A2C10141CDA60C7BC6F9.d.2C3E3264F34339F009C501C63EB1518A.e.2529"}]}
COMMAND: POST /session/4bf8232c0472e0a498fe7ae209f3a21b/execute/sync - {"script":"<script> [5351 bytes]","args":[{"element-6066-11e4-a52e-4f735466cecf":"f.363B4D137147A2C10141CDA60C7BC6F9.d.2C3E3264F34339F009C501C63EB1518A.e.2529","ELEMENT":"f.363B4D137147A2C10141CDA60C7BC6F9.d.2C3E3264F34339F009C501C63EB1518A.e.2529"}]}
COMMAND: GET /session/4bf8232c0472e0a498fe7ae209f3a21b/screenshot - {}
RESULT: {}
COMMAND: GET /session/4bf8232c0472e0a498fe7ae209f3a21b/screenshot - {}
RESULT: {"script":"<script> [5351 bytes]","args":[{"element-6066-11e4-a52e-4f735466cecf":"f.363B4D137147A2C10141CDA60C7BC6F9.d.2C3E3264F34339F009C501C63EB1518A.e.2529","ELEMENT":"f.363B4D137147A2C10141CDA60C7BC6F9.d.2C3E3264F34339F009C501C63EB1518A.e.2529"}]}
COMMAND: GET /session/4bf8232c0472e0a498fe7ae209f3a21b/screenshot - {}
RESULT: {}
RESULT: {}
RESULT: {}
RESULT: undefined
COMMAND: POST /session/4bf8232c0472e0a498fe7ae209f3a21b/element - {"using":"xpath","value":"//*[@id=\"__tile38\"]"}
RESULT: {"using":"xpath","value":"//*[@id=\"__tile38\"]"}
COMMAND: POST /session/4bf8232c0472e0a498fe7ae209f3a21b/element/f.363B4D137147A2C10141CDA60C7BC6F9.d.2C3E3264F34339F009C501C63EB1518A.e.148/click - {}
RESULT: {}
COMMAND: GET /session/4bf8232c0472e0a498fe7ae209f3a21b/screenshot - {}
RESULT: {}
COMMAND: POST /session/4bf8232c0472e0a498fe7ae209f3a21b/elements - {"using":"xpath","value":"//span[text()='Error']"}
RESULT: {"using":"xpath","value":"//span[text()='Error']"}
COMMAND: POST /session/4bf8232c0472e0a498fe7ae209f3a21b/element - {"using":"xpath","value":"//button[@data-kt=\"addButton\"]"}
RESULT: {"using":"xpath","value":"//button[@data-kt=\"addButton\"]"}
COMMAND: POST /session/4bf8232c0472e0a498fe7ae209f3a21b/elements - {"using":"xpath","value":"//button[@data-kt=\"addButton\"]"}
RESULT: {"using":"xpath","value":"//button[@data-kt=\"addButton\"]"}
COMMAND: POST /session/4bf8232c0472e0a498fe7ae209f3a21b/execute/sync - {"script":"<script> [8489 bytes]","args":[{"element-6066-11e4-a52e-4f735466cecf":"f.363B4D137147A2C10141CDA60C7BC6F9.d.2C3E3264F34339F009C501C63EB1518A.e.2574","ELEMENT":"f.363B4D137147A2C10141CDA60C7BC6F9.d.2C3E3264F34339F009C501C63EB1518A.e.2574"}]}
RESULT: {"script":"<script> [8489 bytes]","args":[{"element-6066-11e4-a52e-4f735466cecf":"f.363B4D137147A2C10141CDA60C7BC6F9.d.2C3E3264F34339F009C501C63EB1518A.e.2574","ELEMENT":"f.363B4D137147A2C10141CDA60C7BC6F9.d.2C3E3264F34339F009C501C63EB1518A.e.2574"}]}
COMMAND: GET /session/4bf8232c0472e0a498fe7ae209f3a21b/element/f.363B4D137147A2C10141CDA60C7BC6F9.d.2C3E3264F34339F009C501C63EB1518A.e.2574/enabled - {}
COMMAND: GET /session/4bf8232c0472e0a498fe7ae209f3a21b/screenshot - {}
RESULT: {}
COMMAND: POST /session/4bf8232c0472e0a498fe7ae209f3a21b/execute/sync - {"script":"<script> [8489 bytes]","args":[{"element-6066-11e4-a52e-4f735466cecf":"f.363B4D137147A2C10141CDA60C7BC6F9.d.2C3E3264F34339F009C501C63EB1518A.e.2574","ELEMENT":"f.363B4D137147A2C10141CDA60C7BC6F9.d.2C3E3264F34339F009C501C63EB1518A.e.2574"}]}
COMMAND: GET /session/4bf8232c0472e0a498fe7ae209f3a21b/screenshot - {}
RESULT: {}
RESULT: {"script":"<script> [8489 bytes]","args":[{"element-6066-11e4-a52e-4f735466cecf":"f.363B4D137147A2C10141CDA60C7BC6F9.d.2C3E3264F34339F009C501C63EB1518A.e.2574","ELEMENT":"f.363B4D137147A2C10141CDA60C7BC6F9.d.2C3E3264F34339F009C501C63EB1518A.e.2574"}]}
COMMAND: POST /session/4bf8232c0472e0a498fe7ae209f3a21b/execute/sync - {"script":"<script> [5351 bytes]","args":[{"element-6066-11e4-a52e-4f735466cecf":"f.363B4D137147A2C10141CDA60C7BC6F9.d.2C3E3264F34339F009C501C63EB1518A.e.2574","ELEMENT":"f.363B4D137147A2C10141CDA60C7BC6F9.d.2C3E3264F34339F009C501C63EB1518A.e.2574"}]}
COMMAND: GET /session/4bf8232c0472e0a498fe7ae209f3a21b/screenshot - {}
RESULT: {}
RESULT: {"script":"<script> [5351 bytes]","args":[{"element-6066-11e4-a52e-4f735466cecf":"f.363B4D137147A2C10141CDA60C7BC6F9.d.2C3E3264F34339F009C501C63EB1518A.e.2574","ELEMENT":"f.363B4D137147A2C10141CDA60C7BC6F9.d.2C3E3264F34339F009C501C63EB1518A.e.2574"}]}
COMMAND: GET /session/4bf8232c0472e0a498fe7ae209f3a21b/screenshot - {}
RESULT: {}
RESULT: {}
RESULT: undefined
COMMAND: POST /session/4bf8232c0472e0a498fe7ae209f3a21b/execute/async - {"script":"<script> [776 bytes]","args":[{"enterText":"1405","selector":{"id":"application-managepartners-display-component---masterPtm--smartFilterBar-btnBasicSearch","interaction":{"idSuffix":"I"}},"clearTextFirst":true,"interactionType":"ENTER_TEXT"}]}
RESULT: {"script":"<script> [776 bytes]","args":[{"enterText":"1405","selector":{"id":"application-managepartners-display-component---masterPtm--smartFilterBar-btnBasicSearch","interaction":{"idSuffix":"I"}},"clearTextFirst":true,"interactionType":"ENTER_TEXT"}]}
COMMAND: POST /session/4bf8232c0472e0a498fe7ae209f3a21b/actions - {"actions":[{"id":"action6","type":"key","parameters":{},"actions":[{"type":"keyDown","value":"î€‡"},{"type":"pause","duration":10},{"type":"keyUp","value":"î€‡"}]}]}
RESULT: {"actions":[{"id":"action6","type":"key","parameters":{},"actions":[{"type":"keyDown","value":"î€‡"},{"type":"pause","duration":10},{"type":"keyUp","value":"î€‡"}]}]}
COMMAND: GET /session/4bf8232c0472e0a498fe7ae209f3a21b/screenshot - {}
RESULT: {}
COMMAND: POST /session/4bf8232c0472e0a498fe7ae209f3a21b/elements - {"using":"xpath","value":"//table[contains(@id, \"customPartnersTable-listUl\")]/tbody/tr"}
RESULT: {"using":"xpath","value":"//table[contains(@id, \"customPartnersTable-listUl\")]/tbody/tr"}
COMMAND: POST /session/4bf8232c0472e0a498fe7ae209f3a21b/element - {"using":"xpath","value":"//table[contains(@id, \"customPartnersTable-listUl\")]/tbody/tr[1]/td[3]/span"}
RESULT: {"using":"xpath","value":"//table[contains(@id, \"customPartnersTable-listUl\")]/tbody/tr[1]/td[3]/span"}
COMMAND: POST /session/4bf8232c0472e0a498fe7ae209f3a21b/elements - {"using":"xpath","value":"//table[contains(@id, \"customPartnersTable-listUl\")]/tbody/tr[1]/td[3]/span"}
RESULT: {"using":"xpath","value":"//table[contains(@id, \"customPartnersTable-listUl\")]/tbody/tr[1]/td[3]/span"}
COMMAND: POST /session/4bf8232c0472e0a498fe7ae209f3a21b/execute/sync - {"script":"<script> [56 bytes]","args":[{"element-6066-11e4-a52e-4f735466cecf":"f.363B4D137147A2C10141CDA60C7BC6F9.d.2C3E3264F34339F009C501C63EB1518A.e.2708","ELEMENT":"f.363B4D137147A2C10141CDA60C7BC6F9.d.2C3E3264F34339F009C501C63EB1518A.e.2708"}]}
RESULT: {"script":"<script> [56 bytes]","args":[{"element-6066-11e4-a52e-4f735466cecf":"f.363B4D137147A2C10141CDA60C7BC6F9.d.2C3E3264F34339F009C501C63EB1518A.e.2708","ELEMENT":"f.363B4D137147A2C10141CDA60C7BC6F9.d.2C3E3264F34339F009C501C63EB1518A.e.2708"}]}
COMMAND: POST /session/4bf8232c0472e0a498fe7ae209f3a21b/element - {"using":"xpath","value":"(//span[contains(@id, \"imgNav\")])[1]"}
COMMAND: GET /session/4bf8232c0472e0a498fe7ae209f3a21b/screenshot - {}
RESULT: {"using":"xpath","value":"(//span[contains(@id, \"imgNav\")])[1]"}
COMMAND: POST /session/4bf8232c0472e0a498fe7ae209f3a21b/element/f.363B4D137147A2C10141CDA60C7BC6F9.d.2C3E3264F34339F009C501C63EB1518A.e.2706/click - {}
RESULT: {}
RESULT: {}
COMMAND: GET /session/4bf8232c0472e0a498fe7ae209f3a21b/screenshot - {}
RESULT: {}
COMMAND: POST /session/4bf8232c0472e0a498fe7ae209f3a21b/element - {"using":"xpath","value":"//bdi[contains(text(), \"Edit\")]"}
RESULT: {"using":"xpath","value":"//bdi[contains(text(), \"Edit\")]"}
COMMAND: POST /session/4bf8232c0472e0a498fe7ae209f3a21b/element/f.363B4D137147A2C10141CDA60C7BC6F9.d.2C3E3264F34339F009C501C63EB1518A.e.2850/click - {}
RESULT: {}
COMMAND: GET /session/4bf8232c0472e0a498fe7ae209f3a21b/screenshot - {}
RESULT: {}
COMMAND: POST /session/4bf8232c0472e0a498fe7ae209f3a21b/execute/async - {"script":"<script> [1562 bytes]","args":[{"selector":{"controlType":"sap.m.Input","viewName":"etm.portal.ui.managepartners.view.EditDetail","labelFor":{"text":"Name"},"interaction":{"idSuffix":"inner"}},"wdio_ui5_key":"etmportal.ui.managepartners.view.EditDetailsap.m.Input{\"text\":\"Name\"}"}]}
RESULT: {"script":"<script> [1562 bytes]","args":[{"selector":{"controlType":"sap.m.Input","viewName":"etm.portal.ui.managepartners.view.EditDetail","labelFor":{"text":"Name"},"interaction":{"idSuffix":"inner"}},"wdio_ui5_key":"etmportal.ui.managepartners.view.EditDetailsap.m.Input{\"text\":\"Name\"}"}]}
RESULT: undefined
COMMAND: POST /session/4bf8232c0472e0a498fe7ae209f3a21b/execute/async - {"script":"<script> [776 bytes]","args":[{"enterText":"External EDIT","selector":{"controlType":"sap.m.Input","viewName":"etm.portal.ui.managepartners.view.EditDetail","labelFor":{"text":"Name"},"interaction":{"idSuffix":"inner"}},"clearTextFirst":true,"interactionType":"ENTER_TEXT"}]}
RESULT: {"script":"<script> [776 bytes]","args":[{"enterText":"External EDIT","selector":{"controlType":"sap.m.Input","viewName":"etm.portal.ui.managepartners.view.EditDetail","labelFor":{"text":"Name"},"interaction":{"idSuffix":"inner"}},"clearTextFirst":true,"interactionType":"ENTER_TEXT"}]}
COMMAND: POST /session/4bf8232c0472e0a498fe7ae209f3a21b/element - {"using":"xpath","value":"(//span[contains(@id,\"addressDetailDetailsLanguage-arrow\")])[1]"}
RESULT: {"using":"xpath","value":"(//span[contains(@id,\"addressDetailDetailsLanguage-arrow\")])[1]"}
COMMAND: POST /session/4bf8232c0472e0a498fe7ae209f3a21b/element/f.363B4D137147A2C10141CDA60C7BC6F9.d.2C3E3264F34339F009C501C63EB1518A.e.2928/click - {}
RESULT: {}
COMMAND: POST /session/4bf8232c0472e0a498fe7ae209f3a21b/element - {"using":"xpath","value":"//span[contains(text(), \"Chinese\")]"}
COMMAND: GET /session/4bf8232c0472e0a498fe7ae209f3a21b/screenshot - {}
RESULT: {"using":"xpath","value":"//span[contains(text(), \"Chinese\")]"}
COMMAND: POST /session/4bf8232c0472e0a498fe7ae209f3a21b/element/f.363B4D137147A2C10141CDA60C7BC6F9.d.2C3E3264F34339F009C501C63EB1518A.e.2929/click - {}
RESULT: {}
RESULT: {}
COMMAND: GET /session/4bf8232c0472e0a498fe7ae209f3a21b/screenshot - {}
RESULT: {}
COMMAND: POST /session/4bf8232c0472e0a498fe7ae209f3a21b/execute/async - {"script":"<script> [1562 bytes]","args":[{"selector":{"controlType":"sap.m.Input","viewName":"etm.portal.ui.managepartners.view.EditDetail","labelFor":{"text":"City"},"interaction":{"idSuffix":"inner"}},"wdio_ui5_key":"etmportal.ui.managepartners.view.EditDetailsap.m.Input{\"text\":\"City\"}"}]}
RESULT: {"script":"<script> [1562 bytes]","args":[{"selector":{"controlType":"sap.m.Input","viewName":"etm.portal.ui.managepartners.view.EditDetail","labelFor":{"text":"City"},"interaction":{"idSuffix":"inner"}},"wdio_ui5_key":"etmportal.ui.managepartners.view.EditDetailsap.m.Input{\"text\":\"City\"}"}]}
RESULT: undefined
COMMAND: POST /session/4bf8232c0472e0a498fe7ae209f3a21b/execute/async - {"script":"<script> [776 bytes]","args":[{"enterText":"Clooj-Napoca","selector":{"controlType":"sap.m.Input","viewName":"etm.portal.ui.managepartners.view.EditDetail","labelFor":{"text":"City"},"interaction":{"idSuffix":"inner"}},"clearTextFirst":true,"interactionType":"ENTER_TEXT"}]}
RESULT: {"script":"<script> [776 bytes]","args":[{"enterText":"Clooj-Napoca","selector":{"controlType":"sap.m.Input","viewName":"etm.portal.ui.managepartners.view.EditDetail","labelFor":{"text":"City"},"interaction":{"idSuffix":"inner"}},"clearTextFirst":true,"interactionType":"ENTER_TEXT"}]}
COMMAND: POST /session/4bf8232c0472e0a498fe7ae209f3a21b/element - {"using":"xpath","value":"//button[@data-kt=\"saveButton\"]"}
RESULT: {"using":"xpath","value":"//button[@data-kt=\"saveButton\"]"}
COMMAND: POST /session/4bf8232c0472e0a498fe7ae209f3a21b/element/f.363B4D137147A2C10141CDA60C7BC6F9.d.2C3E3264F34339F009C501C63EB1518A.e.2912/click - {}
RESULT: {}
COMMAND: GET /session/4bf8232c0472e0a498fe7ae209f3a21b/screenshot - {}
RESULT: {}
COMMAND: POST /session/4bf8232c0472e0a498fe7ae209f3a21b/execute/async - {"script":"<script> [1562 bytes]","args":[{"selector":{"id":"application-managepartners-display-component---detailPtm--addressDetailDetailsName1"},"wdio_ui5_key":"applicationmanagepartners-display-component---detailPtm--addressDetailDetailsName1"}]}
RESULT: {"script":"<script> [1562 bytes]","args":[{"selector":{"id":"application-managepartners-display-component---detailPtm--addressDetailDetailsName1"},"wdio_ui5_key":"applicationmanagepartners-display-component---detailPtm--addressDetailDetailsName1"}]}
RESULT: undefined
COMMAND: POST /session/4bf8232c0472e0a498fe7ae209f3a21b/execute/async - {"script":"<script> [6424 bytes]","args":[{"element-6066-11e4-a52e-4f735466cecf":"f.363B4D137147A2C10141CDA60C7BC6F9.d.2C3E3264F34339F009C501C63EB1518A.e.2960"},"getValue",[]]}
RESULT: {"script":"<script> [6424 bytes]","args":[{"element-6066-11e4-a52e-4f735466cecf":"f.363B4D137147A2C10141CDA60C7BC6F9.d.2C3E3264F34339F009C501C63EB1518A.e.2960"},"getValue",[]]}
COMMAND: POST /session/4bf8232c0472e0a498fe7ae209f3a21b/element - {"using":"xpath","value":"//input[@id = \"application-managepartners-display-component---detailPtm--addressDetailDetailsLanguage-inner\"]"}
RESULT: {"using":"xpath","value":"//input[@id = \"application-managepartners-display-component---detailPtm--addressDetailDetailsLanguage-inner\"]"}
COMMAND: GET /session/4bf8232c0472e0a498fe7ae209f3a21b/element/f.363B4D137147A2C10141CDA60C7BC6F9.d.2C3E3264F34339F009C501C63EB1518A.e.2961/property/value - {}
RESULT: {}
COMMAND: POST /session/4bf8232c0472e0a498fe7ae209f3a21b/execute/async - {"script":"<script> [1562 bytes]","args":[{"selector":{"id":"application-managepartners-display-component---detailPtm--addressDetailDetailsCity1"},"wdio_ui5_key":"applicationmanagepartners-display-component---detailPtm--addressDetailDetailsCity1"}]}
COMMAND: GET /session/4bf8232c0472e0a498fe7ae209f3a21b/screenshot - {}
RESULT: {"script":"<script> [1562 bytes]","args":[{"selector":{"id":"application-managepartners-display-component---detailPtm--addressDetailDetailsCity1"},"wdio_ui5_key":"applicationmanagepartners-display-component---detailPtm--addressDetailDetailsCity1"}]}
RESULT: undefined
COMMAND: POST /session/4bf8232c0472e0a498fe7ae209f3a21b/execute/async - {"script":"<script> [6424 bytes]","args":[{"element-6066-11e4-a52e-4f735466cecf":"f.363B4D137147A2C10141CDA60C7BC6F9.d.2C3E3264F34339F009C501C63EB1518A.e.2962"},"getValue",[]]}
RESULT: {}
RESULT: {"script":"<script> [6424 bytes]","args":[{"element-6066-11e4-a52e-4f735466cecf":"f.363B4D137147A2C10141CDA60C7BC6F9.d.2C3E3264F34339F009C501C63EB1518A.e.2962"},"getValue",[]]}
COMMAND: POST /session/4bf8232c0472e0a498fe7ae209f3a21b/element - {"using":"css selector","value":"#shell-header-logo"}
RESULT: {"using":"css selector","value":"#shell-header-logo"}
COMMAND: POST /session/4bf8232c0472e0a498fe7ae209f3a21b/element/f.363B4D137147A2C10141CDA60C7BC6F9.d.2C3E3264F34339F009C501C63EB1518A.e.2529/click - {}
RESULT: {}
COMMAND: GET /session/4bf8232c0472e0a498fe7ae209f3a21b/screenshot - {}
RESULT: {}
]]></system-out>
    </testcase>
    <testcase classname="chrome.136_0_7103_93.windows.Partner_specific_tests_US150819_US151080_US151654_US151176_US103444_US151078_US151079_US151109_US151174_US151175_US151189" name="Should create a new intercompany partner edit some of its fields US151078" time="230.859">
      <system-out><![CDATA[
COMMAND: POST /session/4bf8232c0472e0a498fe7ae209f3a21b/element - {"using":"xpath","value":"//li[.//span[text()=\"Manage Partners\"]]"}
RESULT: {"using":"xpath","value":"//li[.//span[text()=\"Manage Partners\"]]"}
COMMAND: POST /session/4bf8232c0472e0a498fe7ae209f3a21b/element - {"using":"xpath","value":"//li[.//span[text()=\"Manage Partners\"]]"}
RESULT: {"using":"xpath","value":"//li[.//span[text()=\"Manage Partners\"]]"}
COMMAND: POST /session/4bf8232c0472e0a498fe7ae209f3a21b/element - {"using":"css selector","value":"#shell-header-logo"}
RESULT: {"using":"css selector","value":"#shell-header-logo"}
COMMAND: POST /session/4bf8232c0472e0a498fe7ae209f3a21b/element/f.363B4D137147A2C10141CDA60C7BC6F9.d.2C3E3264F34339F009C501C63EB1518A.e.2992/click - {}
COMMAND: POST /session/4bf8232c0472e0a498fe7ae209f3a21b/execute/sync - {"script":"<script> [8489 bytes]","args":[{"element-6066-11e4-a52e-4f735466cecf":"f.363B4D137147A2C10141CDA60C7BC6F9.d.2C3E3264F34339F009C501C63EB1518A.e.2992","ELEMENT":"f.363B4D137147A2C10141CDA60C7BC6F9.d.2C3E3264F34339F009C501C63EB1518A.e.2992"}]}
RESULT: {}
COMMAND: GET /session/4bf8232c0472e0a498fe7ae209f3a21b/screenshot - {}
RESULT: {"script":"<script> [8489 bytes]","args":[{"element-6066-11e4-a52e-4f735466cecf":"f.363B4D137147A2C10141CDA60C7BC6F9.d.2C3E3264F34339F009C501C63EB1518A.e.2992","ELEMENT":"f.363B4D137147A2C10141CDA60C7BC6F9.d.2C3E3264F34339F009C501C63EB1518A.e.2992"}]}
COMMAND: POST /session/4bf8232c0472e0a498fe7ae209f3a21b/execute/sync - {"script":"<script> [5351 bytes]","args":[{"element-6066-11e4-a52e-4f735466cecf":"f.363B4D137147A2C10141CDA60C7BC6F9.d.2C3E3264F34339F009C501C63EB1518A.e.2992","ELEMENT":"f.363B4D137147A2C10141CDA60C7BC6F9.d.2C3E3264F34339F009C501C63EB1518A.e.2992"}]}
COMMAND: GET /session/4bf8232c0472e0a498fe7ae209f3a21b/screenshot - {}
RESULT: {}
RESULT: {"script":"<script> [5351 bytes]","args":[{"element-6066-11e4-a52e-4f735466cecf":"f.363B4D137147A2C10141CDA60C7BC6F9.d.2C3E3264F34339F009C501C63EB1518A.e.2992","ELEMENT":"f.363B4D137147A2C10141CDA60C7BC6F9.d.2C3E3264F34339F009C501C63EB1518A.e.2992"}]}
COMMAND: GET /session/4bf8232c0472e0a498fe7ae209f3a21b/screenshot - {}
RESULT: {}
RESULT: {}
COMMAND: POST /session/4bf8232c0472e0a498fe7ae209f3a21b/refresh - {}
RESULT: {}
COMMAND: GET /session/4bf8232c0472e0a498fe7ae209f3a21b/screenshot - {}
RESULT: {}
COMMAND: POST /session/4bf8232c0472e0a498fe7ae209f3a21b/refresh - {}
RESULT: {}
COMMAND: GET /session/4bf8232c0472e0a498fe7ae209f3a21b/screenshot - {}
RESULT: {}
COMMAND: POST /session/4bf8232c0472e0a498fe7ae209f3a21b/window/fullscreen - {}
RESULT: {}
COMMAND: POST /session/4bf8232c0472e0a498fe7ae209f3a21b/execute/async - {"script":"<script> [189 bytes]","args":[]}
RESULT: {"script":"<script> [189 bytes]","args":[]}
COMMAND: POST /session/4bf8232c0472e0a498fe7ae209f3a21b/execute/async - {"script":"<script> [123 bytes]","args":[]}
RESULT: {"script":"<script> [123 bytes]","args":[]}
COMMAND: POST /session/4bf8232c0472e0a498fe7ae209f3a21b/timeouts - {"script":"<number>"}
RESULT: {"script":"<number>"}
COMMAND: GET /session/4bf8232c0472e0a498fe7ae209f3a21b/timeouts - {}
RESULT: {}
RESULT: undefined
COMMAND: POST /session/4bf8232c0472e0a498fe7ae209f3a21b/execute/async - {"script":"<script> [2676 bytes]","args":[]}
RESULT: {"script":"<script> [2676 bytes]","args":[]}
COMMAND: POST /session/4bf8232c0472e0a498fe7ae209f3a21b/execute/async - {"script":"<script> [2342 bytes]","args":[{"protocol":"http","hostname":"0.0.0.0","path":"/","capabilities":{"browserName":"chrome","goog:chromeOptions":{"binary":"C:\\Program Files\\Google\\Chrome\\Application\\chrome.exe","args":["--start-maximized"]}},"logLevel":"warn","connectionRetryTimeout":120000,"connectionRetryCount":3,"logLevels":{},"enableDirectConnect":true,"strictSSL":true,"_":"65 more keys: [\"cacheDir\",\"port\",\"requestedCapabilities\",\"automationProtocol\",\"baseUrl\",\"waitforInterval\",\"waitforTimeout\",\"onReload\",\"beforeCommand\",\"afterCommand\",\"rootDir\",\"specs\",\"suites\",\"exclude\",\"groupLogsByTestSpec\",\"excludeDriverLogs\",\"bail\",\"framework\",\"reporters\",\"services\",\"maxInstances\",\"maxInstancesPerCapability\",\"injectGlobals\",\"filesToWatch\",\"execArgv\",\"runnerEnv\",\"runner\",\"shard\",\"specFileRetries\",\"specFileRetriesDelay\",\"specFileRetriesDeferred\",\"reporterSyncInterval\",\"reporterSyncTimeout\",\"cucumberFeaturesWithLineNumbers\",\"autoCompileOpts\",\"mochaOpts\",\"jasmineOpts\",\"cucumberOpts\",\"onPrepare\",\"onWorkerStart\",\"onWorkerEnd\",\"before\",\"beforeSession\",\"beforeSuite\",\"beforeHook\",\"beforeTest\",\"afterTest\",\"afterHook\",\"afterSuite\",\"afterSession\",\"after\",\"onComplete\",\"beforeAssertion\",\"afterAssertion\",\"beforeFeature\",\"beforeScenario\",\"beforeStep\",\"afterStep\",\"afterScenario\",\"afterFeature\",\"_\",\"suite\",\"$0\",\"ignoredWorkerServices\",\"wdi5\"]"}]}
RESULT: {"script":"<script> [2342 bytes]","args":[{"protocol":"http","hostname":"0.0.0.0","path":"/","capabilities":{"browserName":"chrome","goog:chromeOptions":{"binary":"C:\\Program Files\\Google\\Chrome\\Application\\chrome.exe","args":["--start-maximized"]}},"logLevel":"warn","connectionRetryTimeout":120000,"connectionRetryCount":3,"logLevels":{},"enableDirectConnect":true,"strictSSL":true,"_":"65 more keys: [\"cacheDir\",\"port\",\"requestedCapabilities\",\"automationProtocol\",\"baseUrl\",\"waitforInterval\",\"waitforTimeout\",\"onReload\",\"beforeCommand\",\"afterCommand\",\"rootDir\",\"specs\",\"suites\",\"exclude\",\"groupLogsByTestSpec\",\"excludeDriverLogs\",\"bail\",\"framework\",\"reporters\",\"services\",\"maxInstances\",\"maxInstancesPerCapability\",\"injectGlobals\",\"filesToWatch\",\"execArgv\",\"runnerEnv\",\"runner\",\"shard\",\"specFileRetries\",\"specFileRetriesDelay\",\"specFileRetriesDeferred\",\"reporterSyncInterval\",\"reporterSyncTimeout\",\"cucumberFeaturesWithLineNumbers\",\"autoCompileOpts\",\"mochaOpts\",\"jasmineOpts\",\"cucumberOpts\",\"onPrepare\",\"onWorkerStart\",\"onWorkerEnd\",\"before\",\"beforeSession\",\"beforeSuite\",\"beforeHook\",\"beforeTest\",\"afterTest\",\"afterHook\",\"afterSuite\",\"afterSession\",\"after\",\"onComplete\",\"beforeAssertion\",\"afterAssertion\",\"beforeFeature\",\"beforeScenario\",\"beforeStep\",\"afterStep\",\"afterScenario\",\"afterFeature\",\"_\",\"suite\",\"$0\",\"ignoredWorkerServices\",\"wdi5\"]"}]}
COMMAND: POST /session/4bf8232c0472e0a498fe7ae209f3a21b/execute/async - {"script":"<script> [21126 bytes]","args":[35000]}
RESULT: {"script":"<script> [21126 bytes]","args":[35000]}
COMMAND: POST /session/4bf8232c0472e0a498fe7ae209f3a21b/window/fullscreen - {}
RESULT: {}
COMMAND: POST /session/4bf8232c0472e0a498fe7ae209f3a21b/window/fullscreen - {}
RESULT: {}
COMMAND: POST /session/4bf8232c0472e0a498fe7ae209f3a21b/execute/async - {"script":"<script> [1562 bytes]","args":[{"selector":{"controlType":"sap.m.GenericTile","properties":{"header":"Manage Partners"}},"wdio_ui5_key":"sapm.GenericTile{\"header\":\"Manage Partners\"}"}]}
RESULT: {"script":"<script> [1562 bytes]","args":[{"selector":{"controlType":"sap.m.GenericTile","properties":{"header":"Manage Partners"}},"wdio_ui5_key":"sapm.GenericTile{\"header\":\"Manage Partners\"}"}]}
RESULT: undefined
COMMAND: POST /session/4bf8232c0472e0a498fe7ae209f3a21b/element - {"using":"xpath","value":"//*[@id=\"__tile30\"]"}
RESULT: {"using":"xpath","value":"//*[@id=\"__tile30\"]"}
COMMAND: POST /session/4bf8232c0472e0a498fe7ae209f3a21b/element/f.363B4D137147A2C10141CDA60C7BC6F9.d.20D70E3E1C9F78A10E53DAC2E983E1EE.e.3061/click - {}
RESULT: {}
COMMAND: GET /session/4bf8232c0472e0a498fe7ae209f3a21b/screenshot - {}
RESULT: {}
COMMAND: POST /session/4bf8232c0472e0a498fe7ae209f3a21b/elements - {"using":"xpath","value":"//span[text()='Error']"}
RESULT: {"using":"xpath","value":"//span[text()='Error']"}
COMMAND: POST /session/4bf8232c0472e0a498fe7ae209f3a21b/element - {"using":"xpath","value":"//button[@data-kt=\"addButton\"]"}
RESULT: {"using":"xpath","value":"//button[@data-kt=\"addButton\"]"}
COMMAND: POST /session/4bf8232c0472e0a498fe7ae209f3a21b/elements - {"using":"xpath","value":"//button[@data-kt=\"addButton\"]"}
RESULT: {"using":"xpath","value":"//button[@data-kt=\"addButton\"]"}
COMMAND: POST /session/4bf8232c0472e0a498fe7ae209f3a21b/elements - {"using":"xpath","value":"//button[@data-kt=\"addButton\"]"}
RESULT: {"using":"xpath","value":"//button[@data-kt=\"addButton\"]"}
COMMAND: POST /session/4bf8232c0472e0a498fe7ae209f3a21b/elements - {"using":"xpath","value":"//button[@data-kt=\"addButton\"]"}
RESULT: {"using":"xpath","value":"//button[@data-kt=\"addButton\"]"}
COMMAND: POST /session/4bf8232c0472e0a498fe7ae209f3a21b/elements - {"using":"xpath","value":"//button[@data-kt=\"addButton\"]"}
RESULT: {"using":"xpath","value":"//button[@data-kt=\"addButton\"]"}
COMMAND: POST /session/4bf8232c0472e0a498fe7ae209f3a21b/elements - {"using":"xpath","value":"//button[@data-kt=\"addButton\"]"}
RESULT: {"using":"xpath","value":"//button[@data-kt=\"addButton\"]"}
COMMAND: POST /session/4bf8232c0472e0a498fe7ae209f3a21b/elements - {"using":"xpath","value":"//button[@data-kt=\"addButton\"]"}
RESULT: {"using":"xpath","value":"//button[@data-kt=\"addButton\"]"}
COMMAND: POST /session/4bf8232c0472e0a498fe7ae209f3a21b/element - {"using":"xpath","value":"//button[@data-kt=\"addButton\"]"}
RESULT: {"using":"xpath","value":"//button[@data-kt=\"addButton\"]"}
COMMAND: POST /session/4bf8232c0472e0a498fe7ae209f3a21b/execute/sync - {"script":"<script> [8489 bytes]","args":[{"element-6066-11e4-a52e-4f735466cecf":"f.363B4D137147A2C10141CDA60C7BC6F9.d.20D70E3E1C9F78A10E53DAC2E983E1EE.e.3175","ELEMENT":"f.363B4D137147A2C10141CDA60C7BC6F9.d.20D70E3E1C9F78A10E53DAC2E983E1EE.e.3175"}]}
RESULT: {"script":"<script> [8489 bytes]","args":[{"element-6066-11e4-a52e-4f735466cecf":"f.363B4D137147A2C10141CDA60C7BC6F9.d.20D70E3E1C9F78A10E53DAC2E983E1EE.e.3175","ELEMENT":"f.363B4D137147A2C10141CDA60C7BC6F9.d.20D70E3E1C9F78A10E53DAC2E983E1EE.e.3175"}]}
COMMAND: GET /session/4bf8232c0472e0a498fe7ae209f3a21b/element/f.363B4D137147A2C10141CDA60C7BC6F9.d.20D70E3E1C9F78A10E53DAC2E983E1EE.e.3175/enabled - {}
COMMAND: GET /session/4bf8232c0472e0a498fe7ae209f3a21b/screenshot - {}
RESULT: {}
COMMAND: POST /session/4bf8232c0472e0a498fe7ae209f3a21b/execute/sync - {"script":"<script> [8489 bytes]","args":[{"element-6066-11e4-a52e-4f735466cecf":"f.363B4D137147A2C10141CDA60C7BC6F9.d.20D70E3E1C9F78A10E53DAC2E983E1EE.e.3175","ELEMENT":"f.363B4D137147A2C10141CDA60C7BC6F9.d.20D70E3E1C9F78A10E53DAC2E983E1EE.e.3175"}]}
COMMAND: GET /session/4bf8232c0472e0a498fe7ae209f3a21b/screenshot - {}
RESULT: {}
RESULT: {"script":"<script> [8489 bytes]","args":[{"element-6066-11e4-a52e-4f735466cecf":"f.363B4D137147A2C10141CDA60C7BC6F9.d.20D70E3E1C9F78A10E53DAC2E983E1EE.e.3175","ELEMENT":"f.363B4D137147A2C10141CDA60C7BC6F9.d.20D70E3E1C9F78A10E53DAC2E983E1EE.e.3175"}]}
COMMAND: POST /session/4bf8232c0472e0a498fe7ae209f3a21b/execute/sync - {"script":"<script> [5351 bytes]","args":[{"element-6066-11e4-a52e-4f735466cecf":"f.363B4D137147A2C10141CDA60C7BC6F9.d.20D70E3E1C9F78A10E53DAC2E983E1EE.e.3175","ELEMENT":"f.363B4D137147A2C10141CDA60C7BC6F9.d.20D70E3E1C9F78A10E53DAC2E983E1EE.e.3175"}]}
COMMAND: GET /session/4bf8232c0472e0a498fe7ae209f3a21b/screenshot - {}
RESULT: {}
RESULT: {"script":"<script> [5351 bytes]","args":[{"element-6066-11e4-a52e-4f735466cecf":"f.363B4D137147A2C10141CDA60C7BC6F9.d.20D70E3E1C9F78A10E53DAC2E983E1EE.e.3175","ELEMENT":"f.363B4D137147A2C10141CDA60C7BC6F9.d.20D70E3E1C9F78A10E53DAC2E983E1EE.e.3175"}]}
COMMAND: POST /session/4bf8232c0472e0a498fe7ae209f3a21b/element/f.363B4D137147A2C10141CDA60C7BC6F9.d.20D70E3E1C9F78A10E53DAC2E983E1EE.e.3175/click - {}
COMMAND: GET /session/4bf8232c0472e0a498fe7ae209f3a21b/screenshot - {}
RESULT: {}
RESULT: {}
COMMAND: GET /session/4bf8232c0472e0a498fe7ae209f3a21b/screenshot - {}
COMMAND: POST /session/4bf8232c0472e0a498fe7ae209f3a21b/execute/async - {"script":"<script> [1562 bytes]","args":[{"selector":{"id":"application-managepartners-display-component---NewPartner--addressDetailDetailsName1","interaction":{"idSuffix":"inner"}},"wdio_ui5_key":"applicationmanagepartners-display-component---NewPartner--addressDetailDetailsName1"}]}
RESULT: {}
RESULT: {}
RESULT: {"script":"<script> [1562 bytes]","args":[{"selector":{"id":"application-managepartners-display-component---NewPartner--addressDetailDetailsName1","interaction":{"idSuffix":"inner"}},"wdio_ui5_key":"applicationmanagepartners-display-component---NewPartner--addressDetailDetailsName1"}]}
RESULT: undefined
COMMAND: POST /session/4bf8232c0472e0a498fe7ae209f3a21b/execute/async - {"script":"<script> [776 bytes]","args":[{"enterText":"Intercompany Partner WDIO","selector":{"id":"application-managepartners-display-component---NewPartner--addressDetailDetailsName1","interaction":{"idSuffix":"inner"}},"clearTextFirst":true,"interactionType":"ENTER_TEXT"}]}
RESULT: {"script":"<script> [776 bytes]","args":[{"enterText":"Intercompany Partner WDIO","selector":{"id":"application-managepartners-display-component---NewPartner--addressDetailDetailsName1","interaction":{"idSuffix":"inner"}},"clearTextFirst":true,"interactionType":"ENTER_TEXT"}]}
COMMAND: POST /session/4bf8232c0472e0a498fe7ae209f3a21b/execute/async - {"script":"<script> [1562 bytes]","args":[{"selector":{"id":"application-managepartners-display-component---NewPartner--addressDetailDetailsLanguage-arrow"},"wdio_ui5_key":"applicationmanagepartners-display-component---NewPartner--addressDetailDetailsLanguage-arrow"}]}
RESULT: {"script":"<script> [1562 bytes]","args":[{"selector":{"id":"application-managepartners-display-component---NewPartner--addressDetailDetailsLanguage-arrow"},"wdio_ui5_key":"applicationmanagepartners-display-component---NewPartner--addressDetailDetailsLanguage-arrow"}]}
RESULT: undefined
COMMAND: POST /session/4bf8232c0472e0a498fe7ae209f3a21b/element - {"using":"xpath","value":"//*[@id=\"application-managepartners-display-component---NewPartner--addressDetailDetailsLanguage-arrow\"]"}
RESULT: {"using":"xpath","value":"//*[@id=\"application-managepartners-display-component---NewPartner--addressDetailDetailsLanguage-arrow\"]"}
COMMAND: POST /session/4bf8232c0472e0a498fe7ae209f3a21b/element/f.363B4D137147A2C10141CDA60C7BC6F9.d.20D70E3E1C9F78A10E53DAC2E983E1EE.e.3620/click - {}
RESULT: {}
COMMAND: POST /session/4bf8232c0472e0a498fe7ae209f3a21b/element - {"using":"xpath","value":"//span[contains(text(), \"English\")]"}
COMMAND: GET /session/4bf8232c0472e0a498fe7ae209f3a21b/screenshot - {}
RESULT: {"using":"xpath","value":"//span[contains(text(), \"English\")]"}
COMMAND: POST /session/4bf8232c0472e0a498fe7ae209f3a21b/element/f.363B4D137147A2C10141CDA60C7BC6F9.d.20D70E3E1C9F78A10E53DAC2E983E1EE.e.3621/click - {}
RESULT: {}
RESULT: {}
COMMAND: GET /session/4bf8232c0472e0a498fe7ae209f3a21b/screenshot - {}
RESULT: {}
COMMAND: POST /session/4bf8232c0472e0a498fe7ae209f3a21b/execute/async - {"script":"<script> [1562 bytes]","args":[{"selector":{"id":"application-managepartners-display-component---NewPartner--addressDetailDetailsCity1","interaction":{"idSuffix":"inner"}},"wdio_ui5_key":"applicationmanagepartners-display-component---NewPartner--addressDetailDetailsCity1"}]}
RESULT: {"script":"<script> [1562 bytes]","args":[{"selector":{"id":"application-managepartners-display-component---NewPartner--addressDetailDetailsCity1","interaction":{"idSuffix":"inner"}},"wdio_ui5_key":"applicationmanagepartners-display-component---NewPartner--addressDetailDetailsCity1"}]}
RESULT: undefined
COMMAND: POST /session/4bf8232c0472e0a498fe7ae209f3a21b/execute/async - {"script":"<script> [776 bytes]","args":[{"enterText":"Rosario","selector":{"id":"application-managepartners-display-component---NewPartner--addressDetailDetailsCity1","interaction":{"idSuffix":"inner"}},"clearTextFirst":true,"interactionType":"ENTER_TEXT"}]}
RESULT: {"script":"<script> [776 bytes]","args":[{"enterText":"Rosario","selector":{"id":"application-managepartners-display-component---NewPartner--addressDetailDetailsCity1","interaction":{"idSuffix":"inner"}},"clearTextFirst":true,"interactionType":"ENTER_TEXT"}]}
COMMAND: POST /session/4bf8232c0472e0a498fe7ae209f3a21b/execute/async - {"script":"<script> [1562 bytes]","args":[{"selector":{"id":"application-managepartners-display-component---NewPartner--addressDetailDetailsCountry-arrow"},"wdio_ui5_key":"applicationmanagepartners-display-component---NewPartner--addressDetailDetailsCountry-arrow"}]}
RESULT: {"script":"<script> [1562 bytes]","args":[{"selector":{"id":"application-managepartners-display-component---NewPartner--addressDetailDetailsCountry-arrow"},"wdio_ui5_key":"applicationmanagepartners-display-component---NewPartner--addressDetailDetailsCountry-arrow"}]}
RESULT: undefined
COMMAND: POST /session/4bf8232c0472e0a498fe7ae209f3a21b/element - {"using":"xpath","value":"//*[@id=\"application-managepartners-display-component---NewPartner--addressDetailDetailsCountry-arrow\"]"}
RESULT: {"using":"xpath","value":"//*[@id=\"application-managepartners-display-component---NewPartner--addressDetailDetailsCountry-arrow\"]"}
COMMAND: POST /session/4bf8232c0472e0a498fe7ae209f3a21b/element/f.363B4D137147A2C10141CDA60C7BC6F9.d.20D70E3E1C9F78A10E53DAC2E983E1EE.e.3577/click - {}
RESULT: {}
COMMAND: POST /session/4bf8232c0472e0a498fe7ae209f3a21b/element - {"using":"xpath","value":"//span[contains(text(), \"Argentina\")]"}
COMMAND: GET /session/4bf8232c0472e0a498fe7ae209f3a21b/screenshot - {}
RESULT: {"using":"xpath","value":"//span[contains(text(), \"Argentina\")]"}
COMMAND: POST /session/4bf8232c0472e0a498fe7ae209f3a21b/element/f.363B4D137147A2C10141CDA60C7BC6F9.d.20D70E3E1C9F78A10E53DAC2E983E1EE.e.3623/click - {}
RESULT: {}
RESULT: {}
COMMAND: GET /session/4bf8232c0472e0a498fe7ae209f3a21b/screenshot - {}
RESULT: {}
COMMAND: POST /session/4bf8232c0472e0a498fe7ae209f3a21b/element - {"using":"xpath","value":"//bdi[contains(text(), \"Commercial\")]"}
RESULT: {"using":"xpath","value":"//bdi[contains(text(), \"Commercial\")]"}
COMMAND: POST /session/4bf8232c0472e0a498fe7ae209f3a21b/element/f.363B4D137147A2C10141CDA60C7BC6F9.d.20D70E3E1C9F78A10E53DAC2E983E1EE.e.3624/click - {}
RESULT: {}
COMMAND: GET /session/4bf8232c0472e0a498fe7ae209f3a21b/screenshot - {}
RESULT: {}
COMMAND: POST /session/4bf8232c0472e0a498fe7ae209f3a21b/execute/async - {"script":"<script> [1562 bytes]","args":[{"selector":{"id":"application-managepartners-display-component---NewPartner--partnerDetailInternal-arrow"},"wdio_ui5_key":"applicationmanagepartners-display-component---NewPartner--partnerDetailInternal-arrow"}]}
RESULT: {"script":"<script> [1562 bytes]","args":[{"selector":{"id":"application-managepartners-display-component---NewPartner--partnerDetailInternal-arrow"},"wdio_ui5_key":"applicationmanagepartners-display-component---NewPartner--partnerDetailInternal-arrow"}]}
RESULT: undefined
COMMAND: POST /session/4bf8232c0472e0a498fe7ae209f3a21b/element - {"using":"xpath","value":"//*[@id=\"application-managepartners-display-component---NewPartner--partnerDetailInternal-arrow\"]"}
RESULT: {"using":"xpath","value":"//*[@id=\"application-managepartners-display-component---NewPartner--partnerDetailInternal-arrow\"]"}
COMMAND: POST /session/4bf8232c0472e0a498fe7ae209f3a21b/element/f.363B4D137147A2C10141CDA60C7BC6F9.d.20D70E3E1C9F78A10E53DAC2E983E1EE.e.3630/click - {}
RESULT: {}
COMMAND: POST /session/4bf8232c0472e0a498fe7ae209f3a21b/element - {"using":"xpath","value":"//span[contains(text(), \"Affiliated company\")]"}
COMMAND: GET /session/4bf8232c0472e0a498fe7ae209f3a21b/screenshot - {}
RESULT: {"using":"xpath","value":"//span[contains(text(), \"Affiliated company\")]"}
COMMAND: POST /session/4bf8232c0472e0a498fe7ae209f3a21b/element/f.363B4D137147A2C10141CDA60C7BC6F9.d.20D70E3E1C9F78A10E53DAC2E983E1EE.e.3631/click - {}
RESULT: {}
RESULT: {}
COMMAND: POST /session/4bf8232c0472e0a498fe7ae209f3a21b/execute/async - {"script":"<script> [1562 bytes]","args":[{"selector":{"id":"application-managepartners-display-component---NewPartner--partnerDetailsCurrency-arrow"},"wdio_ui5_key":"applicationmanagepartners-display-component---NewPartner--partnerDetailsCurrency-arrow"}]}
COMMAND: GET /session/4bf8232c0472e0a498fe7ae209f3a21b/screenshot - {}
RESULT: {"script":"<script> [1562 bytes]","args":[{"selector":{"id":"application-managepartners-display-component---NewPartner--partnerDetailsCurrency-arrow"},"wdio_ui5_key":"applicationmanagepartners-display-component---NewPartner--partnerDetailsCurrency-arrow"}]}
RESULT: undefined
COMMAND: POST /session/4bf8232c0472e0a498fe7ae209f3a21b/element - {"using":"xpath","value":"//*[@id=\"application-managepartners-display-component---NewPartner--partnerDetailsCurrency-arrow\"]"}
RESULT: {}
RESULT: {"using":"xpath","value":"//*[@id=\"application-managepartners-display-component---NewPartner--partnerDetailsCurrency-arrow\"]"}
COMMAND: POST /session/4bf8232c0472e0a498fe7ae209f3a21b/element/f.363B4D137147A2C10141CDA60C7BC6F9.d.20D70E3E1C9F78A10E53DAC2E983E1EE.e.3638/click - {}
RESULT: {}
COMMAND: POST /session/4bf8232c0472e0a498fe7ae209f3a21b/element - {"using":"xpath","value":"//span[contains(text(), \"Euro\")]"}
COMMAND: GET /session/4bf8232c0472e0a498fe7ae209f3a21b/screenshot - {}
RESULT: {"using":"xpath","value":"//span[contains(text(), \"Euro\")]"}
COMMAND: POST /session/4bf8232c0472e0a498fe7ae209f3a21b/element/f.363B4D137147A2C10141CDA60C7BC6F9.d.20D70E3E1C9F78A10E53DAC2E983E1EE.e.3639/click - {}
RESULT: {}
RESULT: {}
COMMAND: POST /session/4bf8232c0472e0a498fe7ae209f3a21b/execute/async - {"script":"<script> [1562 bytes]","args":[{"selector":{"id":"application-managepartners-display-component---NewPartner--addressEditDetailsCostObjectCstType-arrow"},"wdio_ui5_key":"applicationmanagepartners-display-component---NewPartner--addressEditDetailsCostObjectCstType-arrow"}]}
COMMAND: GET /session/4bf8232c0472e0a498fe7ae209f3a21b/screenshot - {}
RESULT: {"script":"<script> [1562 bytes]","args":[{"selector":{"id":"application-managepartners-display-component---NewPartner--addressEditDetailsCostObjectCstType-arrow"},"wdio_ui5_key":"applicationmanagepartners-display-component---NewPartner--addressEditDetailsCostObjectCstType-arrow"}]}
RESULT: undefined
COMMAND: POST /session/4bf8232c0472e0a498fe7ae209f3a21b/element - {"using":"xpath","value":"//*[@id=\"application-managepartners-display-component---NewPartner--addressEditDetailsCostObjectCstType-arrow\"]"}
RESULT: {}
RESULT: {"using":"xpath","value":"//*[@id=\"application-managepartners-display-component---NewPartner--addressEditDetailsCostObjectCstType-arrow\"]"}
COMMAND: POST /session/4bf8232c0472e0a498fe7ae209f3a21b/element/f.363B4D137147A2C10141CDA60C7BC6F9.d.20D70E3E1C9F78A10E53DAC2E983E1EE.e.3640/click - {}
RESULT: {}
COMMAND: POST /session/4bf8232c0472e0a498fe7ae209f3a21b/element - {"using":"xpath","value":"//span[contains(text(), \"Cost Center\")]"}
COMMAND: GET /session/4bf8232c0472e0a498fe7ae209f3a21b/screenshot - {}
RESULT: {"using":"xpath","value":"//span[contains(text(), \"Cost Center\")]"}
COMMAND: POST /session/4bf8232c0472e0a498fe7ae209f3a21b/element/f.363B4D137147A2C10141CDA60C7BC6F9.d.20D70E3E1C9F78A10E53DAC2E983E1EE.e.3641/click - {}
RESULT: {}
RESULT: {}
COMMAND: GET /session/4bf8232c0472e0a498fe7ae209f3a21b/screenshot - {}
RESULT: {}
COMMAND: POST /session/4bf8232c0472e0a498fe7ae209f3a21b/element - {"using":"xpath","value":"//span[@id=\"application-managepartners-display-component---NewPartner--addressNewCostObjectCstID-vhi\"]"}
RESULT: {"using":"xpath","value":"//span[@id=\"application-managepartners-display-component---NewPartner--addressNewCostObjectCstID-vhi\"]"}
COMMAND: POST /session/4bf8232c0472e0a498fe7ae209f3a21b/execute/sync - {"script":"<script> [8489 bytes]","args":[{"element-6066-11e4-a52e-4f735466cecf":"f.363B4D137147A2C10141CDA60C7BC6F9.d.20D70E3E1C9F78A10E53DAC2E983E1EE.e.3645","ELEMENT":"f.363B4D137147A2C10141CDA60C7BC6F9.d.20D70E3E1C9F78A10E53DAC2E983E1EE.e.3645"}]}
RESULT: {"script":"<script> [8489 bytes]","args":[{"element-6066-11e4-a52e-4f735466cecf":"f.363B4D137147A2C10141CDA60C7BC6F9.d.20D70E3E1C9F78A10E53DAC2E983E1EE.e.3645","ELEMENT":"f.363B4D137147A2C10141CDA60C7BC6F9.d.20D70E3E1C9F78A10E53DAC2E983E1EE.e.3645"}]}
COMMAND: POST /session/4bf8232c0472e0a498fe7ae209f3a21b/execute/async - {"script":"<script> [1562 bytes]","args":[{"selector":{"id":"application-managepartners-display-component---NewPartner--addressNewCostObjectCstID-vhi"},"wdio_ui5_key":"applicationmanagepartners-display-component---NewPartner--addressNewCostObjectCstID-vhi"}]}
COMMAND: GET /session/4bf8232c0472e0a498fe7ae209f3a21b/screenshot - {}
RESULT: {"script":"<script> [1562 bytes]","args":[{"selector":{"id":"application-managepartners-display-component---NewPartner--addressNewCostObjectCstID-vhi"},"wdio_ui5_key":"applicationmanagepartners-display-component---NewPartner--addressNewCostObjectCstID-vhi"}]}
RESULT: undefined
COMMAND: POST /session/4bf8232c0472e0a498fe7ae209f3a21b/element - {"using":"xpath","value":"//*[@id=\"application-managepartners-display-component---NewPartner--addressNewCostObjectCstID-vhi\"]"}
RESULT: {}
RESULT: {"using":"xpath","value":"//*[@id=\"application-managepartners-display-component---NewPartner--addressNewCostObjectCstID-vhi\"]"}
COMMAND: POST /session/4bf8232c0472e0a498fe7ae209f3a21b/element/f.363B4D137147A2C10141CDA60C7BC6F9.d.20D70E3E1C9F78A10E53DAC2E983E1EE.e.3645/click - {}
RESULT: {}
COMMAND: GET /session/4bf8232c0472e0a498fe7ae209f3a21b/screenshot - {}
RESULT: {}
COMMAND: POST /session/4bf8232c0472e0a498fe7ae209f3a21b/execute/async - {"script":"<script> [1562 bytes]","args":[{"selector":{"controlType":"sap.m.SearchField","properties":{"placeholder":"Search"},"searchOpenDialogs":true,"interaction":{"idSuffix":"I"}},"wdio_ui5_key":"sapm.SearchField{\"placeholder\":\"Search\"}"}]}
RESULT: {"script":"<script> [1562 bytes]","args":[{"selector":{"controlType":"sap.m.SearchField","properties":{"placeholder":"Search"},"searchOpenDialogs":true,"interaction":{"idSuffix":"I"}},"wdio_ui5_key":"sapm.SearchField{\"placeholder\":\"Search\"}"}]}
RESULT: undefined
COMMAND: POST /session/4bf8232c0472e0a498fe7ae209f3a21b/execute/async - {"script":"<script> [776 bytes]","args":[{"enterText":"10001013","selector":{"controlType":"sap.m.SearchField","properties":{"placeholder":"Search"},"searchOpenDialogs":true,"interaction":{"idSuffix":"I"}},"clearTextFirst":true,"interactionType":"ENTER_TEXT"}]}
RESULT: {"script":"<script> [776 bytes]","args":[{"enterText":"10001013","selector":{"controlType":"sap.m.SearchField","properties":{"placeholder":"Search"},"searchOpenDialogs":true,"interaction":{"idSuffix":"I"}},"clearTextFirst":true,"interactionType":"ENTER_TEXT"}]}
COMMAND: POST /session/4bf8232c0472e0a498fe7ae209f3a21b/actions - {"actions":[{"id":"action7","type":"key","parameters":{},"actions":[{"type":"keyDown","value":"î€‡"},{"type":"pause","duration":10},{"type":"keyUp","value":"î€‡"}]}]}
RESULT: {"actions":[{"id":"action7","type":"key","parameters":{},"actions":[{"type":"keyDown","value":"î€‡"},{"type":"pause","duration":10},{"type":"keyUp","value":"î€‡"}]}]}
COMMAND: GET /session/4bf8232c0472e0a498fe7ae209f3a21b/screenshot - {}
RESULT: {}
COMMAND: POST /session/4bf8232c0472e0a498fe7ae209f3a21b/element - {"using":"xpath","value":"//span[contains(text(), \"General Management\")]"}
RESULT: {"using":"xpath","value":"//span[contains(text(), \"General Management\")]"}
COMMAND: POST /session/4bf8232c0472e0a498fe7ae209f3a21b/element/f.363B4D137147A2C10141CDA60C7BC6F9.d.20D70E3E1C9F78A10E53DAC2E983E1EE.e.3688/click - {}
RESULT: {}
COMMAND: GET /session/4bf8232c0472e0a498fe7ae209f3a21b/screenshot - {}
RESULT: {}
COMMAND: POST /session/4bf8232c0472e0a498fe7ae209f3a21b/element - {"using":"xpath","value":"//bdi[contains(text(), \"OK\")]"}
RESULT: {"using":"xpath","value":"//bdi[contains(text(), \"OK\")]"}
COMMAND: POST /session/4bf8232c0472e0a498fe7ae209f3a21b/element/f.363B4D137147A2C10141CDA60C7BC6F9.d.20D70E3E1C9F78A10E53DAC2E983E1EE.e.3689/click - {}
RESULT: {}
COMMAND: GET /session/4bf8232c0472e0a498fe7ae209f3a21b/screenshot - {}
RESULT: {}
COMMAND: POST /session/4bf8232c0472e0a498fe7ae209f3a21b/element - {"using":"xpath","value":"//input[@id=\"application-managepartners-display-component---NewPartner--companyCodeComboBox-inner\"]"}
RESULT: {"using":"xpath","value":"//input[@id=\"application-managepartners-display-component---NewPartner--companyCodeComboBox-inner\"]"}
COMMAND: POST /session/4bf8232c0472e0a498fe7ae209f3a21b/element/f.363B4D137147A2C10141CDA60C7BC6F9.d.20D70E3E1C9F78A10E53DAC2E983E1EE.e.3486/clear - {}
RESULT: {}
COMMAND: POST /session/4bf8232c0472e0a498fe7ae209f3a21b/element/f.363B4D137147A2C10141CDA60C7BC6F9.d.20D70E3E1C9F78A10E53DAC2E983E1EE.e.3486/value - {"text":"C002"}
COMMAND: GET /session/4bf8232c0472e0a498fe7ae209f3a21b/screenshot - {}
RESULT: {"text":"C002"}
COMMAND: GET /session/4bf8232c0472e0a498fe7ae209f3a21b/screenshot - {}
RESULT: {}
RESULT: {}
COMMAND: POST /session/4bf8232c0472e0a498fe7ae209f3a21b/element - {"using":"xpath","value":"//li[.//span[text()= \"C002\"]]"}
RESULT: {"using":"xpath","value":"//li[.//span[text()= \"C002\"]]"}
COMMAND: POST /session/4bf8232c0472e0a498fe7ae209f3a21b/element/f.363B4D137147A2C10141CDA60C7BC6F9.d.20D70E3E1C9F78A10E53DAC2E983E1EE.e.3695/click - {}
RESULT: {}
COMMAND: GET /session/4bf8232c0472e0a498fe7ae209f3a21b/screenshot - {}
RESULT: {}
COMMAND: POST /session/4bf8232c0472e0a498fe7ae209f3a21b/execute/async - {"script":"<script> [1562 bytes]","args":[{"selector":{"id":"application-managepartners-display-component---NewPartner--btnAddTableRow-img"},"wdio_ui5_key":"applicationmanagepartners-display-component---NewPartner--btnAddTableRow-img"}]}
RESULT: {"script":"<script> [1562 bytes]","args":[{"selector":{"id":"application-managepartners-display-component---NewPartner--btnAddTableRow-img"},"wdio_ui5_key":"applicationmanagepartners-display-component---NewPartner--btnAddTableRow-img"}]}
RESULT: undefined
COMMAND: POST /session/4bf8232c0472e0a498fe7ae209f3a21b/element - {"using":"xpath","value":"//*[@id=\"application-managepartners-display-component---NewPartner--btnAddTableRow-img\"]"}
RESULT: {"using":"xpath","value":"//*[@id=\"application-managepartners-display-component---NewPartner--btnAddTableRow-img\"]"}
COMMAND: POST /session/4bf8232c0472e0a498fe7ae209f3a21b/element/f.363B4D137147A2C10141CDA60C7BC6F9.d.20D70E3E1C9F78A10E53DAC2E983E1EE.e.3696/click - {}
RESULT: {}
COMMAND: GET /session/4bf8232c0472e0a498fe7ae209f3a21b/screenshot - {}
RESULT: {}
COMMAND: POST /session/4bf8232c0472e0a498fe7ae209f3a21b/element - {"using":"xpath","value":"//input[@id=\"application-managepartners-display-component---NewPartner--assignmentYard-application-managepartners-display-component---NewPartner--assignmentsTable-0-inner\"]"}
RESULT: {"using":"xpath","value":"//input[@id=\"application-managepartners-display-component---NewPartner--assignmentYard-application-managepartners-display-component---NewPartner--assignmentsTable-0-inner\"]"}
COMMAND: POST /session/4bf8232c0472e0a498fe7ae209f3a21b/element/f.363B4D137147A2C10141CDA60C7BC6F9.d.20D70E3E1C9F78A10E53DAC2E983E1EE.e.3699/clear - {}
RESULT: {}
COMMAND: POST /session/4bf8232c0472e0a498fe7ae209f3a21b/element/f.363B4D137147A2C10141CDA60C7BC6F9.d.20D70E3E1C9F78A10E53DAC2E983E1EE.e.3699/value - {"text":"628"}
COMMAND: GET /session/4bf8232c0472e0a498fe7ae209f3a21b/screenshot - {}
RESULT: {"text":"628"}
COMMAND: GET /session/4bf8232c0472e0a498fe7ae209f3a21b/screenshot - {}
RESULT: {}
RESULT: {}
COMMAND: POST /session/4bf8232c0472e0a498fe7ae209f3a21b/element - {"using":"xpath","value":"//li[.//span[text()='628']]"}
RESULT: {"using":"xpath","value":"//li[.//span[text()='628']]"}
COMMAND: POST /session/4bf8232c0472e0a498fe7ae209f3a21b/element/f.363B4D137147A2C10141CDA60C7BC6F9.d.20D70E3E1C9F78A10E53DAC2E983E1EE.e.3708/click - {}
RESULT: {}
COMMAND: GET /session/4bf8232c0472e0a498fe7ae209f3a21b/screenshot - {}
RESULT: {}
COMMAND: POST /session/4bf8232c0472e0a498fe7ae209f3a21b/actions - {"actions":[{"id":"action8","type":"key","parameters":{},"actions":[{"type":"keyDown","value":"î€‡"},{"type":"pause","duration":10},{"type":"keyUp","value":"î€‡"}]}]}
RESULT: {"actions":[{"id":"action8","type":"key","parameters":{},"actions":[{"type":"keyDown","value":"î€‡"},{"type":"pause","duration":10},{"type":"keyUp","value":"î€‡"}]}]}
COMMAND: POST /session/4bf8232c0472e0a498fe7ae209f3a21b/execute/async - {"script":"<script> [1562 bytes]","args":[{"selector":{"id":"application-managepartners-display-component---NewPartner--externalCustomerComboBox-application-managepartners-display-component---NewPartner--assignmentsTable-0-vhi"},"wdio_ui5_key":"applicationmanagepartners-display-component---NewPartner--externalCustomerComboBox-application-managepartners-display-component---NewPartner--assignmentsTable-0-vhi"}]}
COMMAND: GET /session/4bf8232c0472e0a498fe7ae209f3a21b/screenshot - {}
RESULT: {"script":"<script> [1562 bytes]","args":[{"selector":{"id":"application-managepartners-display-component---NewPartner--externalCustomerComboBox-application-managepartners-display-component---NewPartner--assignmentsTable-0-vhi"},"wdio_ui5_key":"applicationmanagepartners-display-component---NewPartner--externalCustomerComboBox-application-managepartners-display-component---NewPartner--assignmentsTable-0-vhi"}]}
RESULT: undefined
COMMAND: POST /session/4bf8232c0472e0a498fe7ae209f3a21b/element - {"using":"xpath","value":"//*[@id=\"application-managepartners-display-component---NewPartner--externalCustomerComboBox-application-managepartners-display-component---NewPartner--assignmentsTable-0-vhi\"]"}
RESULT: {}
RESULT: {"using":"xpath","value":"//*[@id=\"application-managepartners-display-component---NewPartner--externalCustomerComboBox-application-managepartners-display-component---NewPartner--assignmentsTable-0-vhi\"]"}
COMMAND: POST /session/4bf8232c0472e0a498fe7ae209f3a21b/element/f.363B4D137147A2C10141CDA60C7BC6F9.d.20D70E3E1C9F78A10E53DAC2E983E1EE.e.3712/click - {}
RESULT: {}
RESULT: undefined
COMMAND: POST /session/4bf8232c0472e0a498fe7ae209f3a21b/execute/async - {"script":"<script> [776 bytes]","args":[{"enterText":"300003","selector":{"controlType":"sap.m.SearchField","properties":{"placeholder":"Search"},"searchOpenDialogs":true,"interaction":{"idSuffix":"I"}},"clearTextFirst":true,"interactionType":"ENTER_TEXT"}]}
COMMAND: GET /session/4bf8232c0472e0a498fe7ae209f3a21b/screenshot - {}
RESULT: {"script":"<script> [776 bytes]","args":[{"enterText":"300003","selector":{"controlType":"sap.m.SearchField","properties":{"placeholder":"Search"},"searchOpenDialogs":true,"interaction":{"idSuffix":"I"}},"clearTextFirst":true,"interactionType":"ENTER_TEXT"}]}
COMMAND: POST /session/4bf8232c0472e0a498fe7ae209f3a21b/actions - {"actions":[{"id":"action9","type":"key","parameters":{},"actions":[{"type":"keyDown","value":"î€‡"},{"type":"pause","duration":10},{"type":"keyUp","value":"î€‡"}]}]}
RESULT: {}
RESULT: {"actions":[{"id":"action9","type":"key","parameters":{},"actions":[{"type":"keyDown","value":"î€‡"},{"type":"pause","duration":10},{"type":"keyUp","value":"î€‡"}]}]}
COMMAND: GET /session/4bf8232c0472e0a498fe7ae209f3a21b/screenshot - {}
RESULT: {}
COMMAND: POST /session/4bf8232c0472e0a498fe7ae209f3a21b/element - {"using":"xpath","value":"//span[contains(text(), \"300003\")]"}
RESULT: {"using":"xpath","value":"//span[contains(text(), \"300003\")]"}
COMMAND: POST /session/4bf8232c0472e0a498fe7ae209f3a21b/element/f.363B4D137147A2C10141CDA60C7BC6F9.d.20D70E3E1C9F78A10E53DAC2E983E1EE.e.3730/click - {}
RESULT: {}
COMMAND: GET /session/4bf8232c0472e0a498fe7ae209f3a21b/screenshot - {}
RESULT: {}
COMMAND: POST /session/4bf8232c0472e0a498fe7ae209f3a21b/element - {"using":"xpath","value":"//bdi[contains(text(), \"OK\")]"}
RESULT: {"using":"xpath","value":"//bdi[contains(text(), \"OK\")]"}
COMMAND: POST /session/4bf8232c0472e0a498fe7ae209f3a21b/element/f.363B4D137147A2C10141CDA60C7BC6F9.d.20D70E3E1C9F78A10E53DAC2E983E1EE.e.3732/click - {}
RESULT: {}
COMMAND: GET /session/4bf8232c0472e0a498fe7ae209f3a21b/screenshot - {}
RESULT: {}
COMMAND: POST /session/4bf8232c0472e0a498fe7ae209f3a21b/execute/async - {"script":"<script> [1562 bytes]","args":[{"selector":{"id":"application-managepartners-display-component---NewPartner--intercompVendorComboBox-application-managepartners-display-component---NewPartner--assignmentsTable-0-vhi"},"wdio_ui5_key":"applicationmanagepartners-display-component---NewPartner--intercompVendorComboBox-application-managepartners-display-component---NewPartner--assignmentsTable-0-vhi"}]}
RESULT: {"script":"<script> [1562 bytes]","args":[{"selector":{"id":"application-managepartners-display-component---NewPartner--intercompVendorComboBox-application-managepartners-display-component---NewPartner--assignmentsTable-0-vhi"},"wdio_ui5_key":"applicationmanagepartners-display-component---NewPartner--intercompVendorComboBox-application-managepartners-display-component---NewPartner--assignmentsTable-0-vhi"}]}
RESULT: undefined
COMMAND: POST /session/4bf8232c0472e0a498fe7ae209f3a21b/element - {"using":"xpath","value":"//*[@id=\"application-managepartners-display-component---NewPartner--intercompVendorComboBox-application-managepartners-display-component---NewPartner--assignmentsTable-0-vhi\"]"}
RESULT: {"using":"xpath","value":"//*[@id=\"application-managepartners-display-component---NewPartner--intercompVendorComboBox-application-managepartners-display-component---NewPartner--assignmentsTable-0-vhi\"]"}
COMMAND: POST /session/4bf8232c0472e0a498fe7ae209f3a21b/element/f.363B4D137147A2C10141CDA60C7BC6F9.d.20D70E3E1C9F78A10E53DAC2E983E1EE.e.3735/click - {}
RESULT: {}
RESULT: undefined
COMMAND: POST /session/4bf8232c0472e0a498fe7ae209f3a21b/execute/async - {"script":"<script> [776 bytes]","args":[{"enterText":"100005","selector":{"controlType":"sap.m.SearchField","properties":{"placeholder":"Search"},"searchOpenDialogs":true,"interaction":{"idSuffix":"I"}},"clearTextFirst":true,"interactionType":"ENTER_TEXT"}]}
COMMAND: GET /session/4bf8232c0472e0a498fe7ae209f3a21b/screenshot - {}
RESULT: {"script":"<script> [776 bytes]","args":[{"enterText":"100005","selector":{"controlType":"sap.m.SearchField","properties":{"placeholder":"Search"},"searchOpenDialogs":true,"interaction":{"idSuffix":"I"}},"clearTextFirst":true,"interactionType":"ENTER_TEXT"}]}
COMMAND: POST /session/4bf8232c0472e0a498fe7ae209f3a21b/actions - {"actions":[{"id":"action10","type":"key","parameters":{},"actions":[{"type":"keyDown","value":"î€‡"},{"type":"pause","duration":10},{"type":"keyUp","value":"î€‡"}]}]}
RESULT: {}
RESULT: {"actions":[{"id":"action10","type":"key","parameters":{},"actions":[{"type":"keyDown","value":"î€‡"},{"type":"pause","duration":10},{"type":"keyUp","value":"î€‡"}]}]}
COMMAND: GET /session/4bf8232c0472e0a498fe7ae209f3a21b/screenshot - {}
RESULT: {}
COMMAND: POST /session/4bf8232c0472e0a498fe7ae209f3a21b/element - {"using":"xpath","value":"//span[contains(text(), \"Penguins - Field/12345 Berlin\")]"}
RESULT: {"using":"xpath","value":"//span[contains(text(), \"Penguins - Field/12345 Berlin\")]"}
COMMAND: POST /session/4bf8232c0472e0a498fe7ae209f3a21b/element/f.363B4D137147A2C10141CDA60C7BC6F9.d.20D70E3E1C9F78A10E53DAC2E983E1EE.e.3753/click - {}
RESULT: {}
COMMAND: GET /session/4bf8232c0472e0a498fe7ae209f3a21b/screenshot - {}
RESULT: {}
COMMAND: POST /session/4bf8232c0472e0a498fe7ae209f3a21b/element - {"using":"xpath","value":"//bdi[contains(text(), \"OK\")]"}
RESULT: {"using":"xpath","value":"//bdi[contains(text(), \"OK\")]"}
COMMAND: POST /session/4bf8232c0472e0a498fe7ae209f3a21b/element/f.363B4D137147A2C10141CDA60C7BC6F9.d.20D70E3E1C9F78A10E53DAC2E983E1EE.e.3754/click - {}
RESULT: {}
COMMAND: GET /session/4bf8232c0472e0a498fe7ae209f3a21b/screenshot - {}
RESULT: {}
COMMAND: POST /session/4bf8232c0472e0a498fe7ae209f3a21b/element - {"using":"xpath","value":"//button[@data-kt=\"saveButton\"]"}
RESULT: {"using":"xpath","value":"//button[@data-kt=\"saveButton\"]"}
COMMAND: POST /session/4bf8232c0472e0a498fe7ae209f3a21b/element/f.363B4D137147A2C10141CDA60C7BC6F9.d.20D70E3E1C9F78A10E53DAC2E983E1EE.e.3604/click - {}
RESULT: {}
COMMAND: GET /session/4bf8232c0472e0a498fe7ae209f3a21b/screenshot - {}
RESULT: {}
COMMAND: POST /session/4bf8232c0472e0a498fe7ae209f3a21b/element - {"using":"xpath","value":"//header[contains(@id, 'ObjectPageLayout-headerTitle')]/div[1]/div[2]/div[2]/span[1]"}
RESULT: {"using":"xpath","value":"//header[contains(@id, 'ObjectPageLayout-headerTitle')]/div[1]/div[2]/div[2]/span[1]"}
COMMAND: POST /session/4bf8232c0472e0a498fe7ae209f3a21b/elements - {"using":"xpath","value":"//header[contains(@id, 'ObjectPageLayout-headerTitle')]/div[1]/div[2]/div[2]/span[1]"}
RESULT: {"using":"xpath","value":"//header[contains(@id, 'ObjectPageLayout-headerTitle')]/div[1]/div[2]/div[2]/span[1]"}
COMMAND: POST /session/4bf8232c0472e0a498fe7ae209f3a21b/execute/sync - {"script":"<script> [56 bytes]","args":[{"element-6066-11e4-a52e-4f735466cecf":"f.363B4D137147A2C10141CDA60C7BC6F9.d.20D70E3E1C9F78A10E53DAC2E983E1EE.e.3919","ELEMENT":"f.363B4D137147A2C10141CDA60C7BC6F9.d.20D70E3E1C9F78A10E53DAC2E983E1EE.e.3919"}]}
RESULT: {"script":"<script> [56 bytes]","args":[{"element-6066-11e4-a52e-4f735466cecf":"f.363B4D137147A2C10141CDA60C7BC6F9.d.20D70E3E1C9F78A10E53DAC2E983E1EE.e.3919","ELEMENT":"f.363B4D137147A2C10141CDA60C7BC6F9.d.20D70E3E1C9F78A10E53DAC2E983E1EE.e.3919"}]}
COMMAND: POST /session/4bf8232c0472e0a498fe7ae209f3a21b/element - {"using":"css selector","value":"#shell-header-logo"}
COMMAND: GET /session/4bf8232c0472e0a498fe7ae209f3a21b/screenshot - {}
RESULT: {"using":"css selector","value":"#shell-header-logo"}
COMMAND: POST /session/4bf8232c0472e0a498fe7ae209f3a21b/element/f.363B4D137147A2C10141CDA60C7BC6F9.d.20D70E3E1C9F78A10E53DAC2E983E1EE.e.3015/click - {}
RESULT: {}
RESULT: {}
COMMAND: GET /session/4bf8232c0472e0a498fe7ae209f3a21b/screenshot - {}
RESULT: {}
COMMAND: POST /session/4bf8232c0472e0a498fe7ae209f3a21b/execute/sync - {"script":"<script> [299 bytes]","args":[["getModel","getResource"]]}
RESULT: {"script":"<script> [299 bytes]","args":[["getModel","getResource"]]}
RESULT: undefined
COMMAND: POST /session/4bf8232c0472e0a498fe7ae209f3a21b/element - {"using":"xpath","value":"//*[@id=\"__tile30\"]"}
COMMAND: GET /session/4bf8232c0472e0a498fe7ae209f3a21b/screenshot - {}
RESULT: {"using":"xpath","value":"//*[@id=\"__tile30\"]"}
COMMAND: POST /session/4bf8232c0472e0a498fe7ae209f3a21b/element/f.363B4D137147A2C10141CDA60C7BC6F9.d.20D70E3E1C9F78A10E53DAC2E983E1EE.e.3061/click - {}
RESULT: {}
RESULT: {}
COMMAND: GET /session/4bf8232c0472e0a498fe7ae209f3a21b/screenshot - {}
RESULT: {}
COMMAND: POST /session/4bf8232c0472e0a498fe7ae209f3a21b/elements - {"using":"xpath","value":"//span[text()='Error']"}
RESULT: {"using":"xpath","value":"//span[text()='Error']"}
COMMAND: POST /session/4bf8232c0472e0a498fe7ae209f3a21b/element - {"using":"xpath","value":"//button[@data-kt=\"addButton\"]"}
RESULT: {"using":"xpath","value":"//button[@data-kt=\"addButton\"]"}
COMMAND: POST /session/4bf8232c0472e0a498fe7ae209f3a21b/elements - {"using":"xpath","value":"//button[@data-kt=\"addButton\"]"}
RESULT: {"using":"xpath","value":"//button[@data-kt=\"addButton\"]"}
COMMAND: POST /session/4bf8232c0472e0a498fe7ae209f3a21b/execute/sync - {"script":"<script> [8489 bytes]","args":[{"element-6066-11e4-a52e-4f735466cecf":"f.363B4D137147A2C10141CDA60C7BC6F9.d.20D70E3E1C9F78A10E53DAC2E983E1EE.e.3967","ELEMENT":"f.363B4D137147A2C10141CDA60C7BC6F9.d.20D70E3E1C9F78A10E53DAC2E983E1EE.e.3967"}]}
RESULT: {"script":"<script> [8489 bytes]","args":[{"element-6066-11e4-a52e-4f735466cecf":"f.363B4D137147A2C10141CDA60C7BC6F9.d.20D70E3E1C9F78A10E53DAC2E983E1EE.e.3967","ELEMENT":"f.363B4D137147A2C10141CDA60C7BC6F9.d.20D70E3E1C9F78A10E53DAC2E983E1EE.e.3967"}]}
COMMAND: GET /session/4bf8232c0472e0a498fe7ae209f3a21b/element/f.363B4D137147A2C10141CDA60C7BC6F9.d.20D70E3E1C9F78A10E53DAC2E983E1EE.e.3967/enabled - {}
COMMAND: GET /session/4bf8232c0472e0a498fe7ae209f3a21b/screenshot - {}
RESULT: {}
COMMAND: POST /session/4bf8232c0472e0a498fe7ae209f3a21b/execute/sync - {"script":"<script> [8489 bytes]","args":[{"element-6066-11e4-a52e-4f735466cecf":"f.363B4D137147A2C10141CDA60C7BC6F9.d.20D70E3E1C9F78A10E53DAC2E983E1EE.e.3967","ELEMENT":"f.363B4D137147A2C10141CDA60C7BC6F9.d.20D70E3E1C9F78A10E53DAC2E983E1EE.e.3967"}]}
COMMAND: GET /session/4bf8232c0472e0a498fe7ae209f3a21b/screenshot - {}
RESULT: {}
RESULT: {"script":"<script> [8489 bytes]","args":[{"element-6066-11e4-a52e-4f735466cecf":"f.363B4D137147A2C10141CDA60C7BC6F9.d.20D70E3E1C9F78A10E53DAC2E983E1EE.e.3967","ELEMENT":"f.363B4D137147A2C10141CDA60C7BC6F9.d.20D70E3E1C9F78A10E53DAC2E983E1EE.e.3967"}]}
COMMAND: POST /session/4bf8232c0472e0a498fe7ae209f3a21b/execute/sync - {"script":"<script> [5351 bytes]","args":[{"element-6066-11e4-a52e-4f735466cecf":"f.363B4D137147A2C10141CDA60C7BC6F9.d.20D70E3E1C9F78A10E53DAC2E983E1EE.e.3967","ELEMENT":"f.363B4D137147A2C10141CDA60C7BC6F9.d.20D70E3E1C9F78A10E53DAC2E983E1EE.e.3967"}]}
COMMAND: GET /session/4bf8232c0472e0a498fe7ae209f3a21b/screenshot - {}
RESULT: {}
RESULT: {"script":"<script> [5351 bytes]","args":[{"element-6066-11e4-a52e-4f735466cecf":"f.363B4D137147A2C10141CDA60C7BC6F9.d.20D70E3E1C9F78A10E53DAC2E983E1EE.e.3967","ELEMENT":"f.363B4D137147A2C10141CDA60C7BC6F9.d.20D70E3E1C9F78A10E53DAC2E983E1EE.e.3967"}]}
COMMAND: GET /session/4bf8232c0472e0a498fe7ae209f3a21b/screenshot - {}
RESULT: {}
RESULT: {}
COMMAND: POST /session/4bf8232c0472e0a498fe7ae209f3a21b/execute/async - {"script":"<script> [1562 bytes]","args":[{"selector":{"id":"application-managepartners-display-component---masterPtm--smartFilterBar-btnBasicSearch","interaction":{"idSuffix":"I"}},"wdio_ui5_key":"applicationmanagepartners-display-component---masterPtm--smartFilterBar-btnBasicSearch"}]}
RESULT: {"script":"<script> [1562 bytes]","args":[{"selector":{"id":"application-managepartners-display-component---masterPtm--smartFilterBar-btnBasicSearch","interaction":{"idSuffix":"I"}},"wdio_ui5_key":"applicationmanagepartners-display-component---masterPtm--smartFilterBar-btnBasicSearch"}]}
RESULT: undefined
COMMAND: POST /session/4bf8232c0472e0a498fe7ae209f3a21b/execute/async - {"script":"<script> [776 bytes]","args":[{"enterText":"1406","selector":{"id":"application-managepartners-display-component---masterPtm--smartFilterBar-btnBasicSearch","interaction":{"idSuffix":"I"}},"clearTextFirst":true,"interactionType":"ENTER_TEXT"}]}
RESULT: {"script":"<script> [776 bytes]","args":[{"enterText":"1406","selector":{"id":"application-managepartners-display-component---masterPtm--smartFilterBar-btnBasicSearch","interaction":{"idSuffix":"I"}},"clearTextFirst":true,"interactionType":"ENTER_TEXT"}]}
COMMAND: POST /session/4bf8232c0472e0a498fe7ae209f3a21b/actions - {"actions":[{"id":"action11","type":"key","parameters":{},"actions":[{"type":"keyDown","value":"î€‡"},{"type":"pause","duration":10},{"type":"keyUp","value":"î€‡"}]}]}
RESULT: {"actions":[{"id":"action11","type":"key","parameters":{},"actions":[{"type":"keyDown","value":"î€‡"},{"type":"pause","duration":10},{"type":"keyUp","value":"î€‡"}]}]}
COMMAND: GET /session/4bf8232c0472e0a498fe7ae209f3a21b/screenshot - {}
RESULT: {}
COMMAND: POST /session/4bf8232c0472e0a498fe7ae209f3a21b/elements - {"using":"xpath","value":"//table[contains(@id, \"customPartnersTable-listUl\")]/tbody/tr"}
RESULT: {"using":"xpath","value":"//table[contains(@id, \"customPartnersTable-listUl\")]/tbody/tr"}
COMMAND: POST /session/4bf8232c0472e0a498fe7ae209f3a21b/element - {"using":"xpath","value":"//table[contains(@id, \"customPartnersTable-listUl\")]/tbody/tr[1]/td[3]/span"}
RESULT: {"using":"xpath","value":"//table[contains(@id, \"customPartnersTable-listUl\")]/tbody/tr[1]/td[3]/span"}
COMMAND: POST /session/4bf8232c0472e0a498fe7ae209f3a21b/elements - {"using":"xpath","value":"//table[contains(@id, \"customPartnersTable-listUl\")]/tbody/tr[1]/td[3]/span"}
RESULT: {"using":"xpath","value":"//table[contains(@id, \"customPartnersTable-listUl\")]/tbody/tr[1]/td[3]/span"}
COMMAND: POST /session/4bf8232c0472e0a498fe7ae209f3a21b/execute/sync - {"script":"<script> [56 bytes]","args":[{"element-6066-11e4-a52e-4f735466cecf":"f.363B4D137147A2C10141CDA60C7BC6F9.d.20D70E3E1C9F78A10E53DAC2E983E1EE.e.4106","ELEMENT":"f.363B4D137147A2C10141CDA60C7BC6F9.d.20D70E3E1C9F78A10E53DAC2E983E1EE.e.4106"}]}
RESULT: {"script":"<script> [56 bytes]","args":[{"element-6066-11e4-a52e-4f735466cecf":"f.363B4D137147A2C10141CDA60C7BC6F9.d.20D70E3E1C9F78A10E53DAC2E983E1EE.e.4106","ELEMENT":"f.363B4D137147A2C10141CDA60C7BC6F9.d.20D70E3E1C9F78A10E53DAC2E983E1EE.e.4106"}]}
COMMAND: POST /session/4bf8232c0472e0a498fe7ae209f3a21b/element - {"using":"xpath","value":"(//span[contains(@id, \"imgNav\")])[1]"}
COMMAND: GET /session/4bf8232c0472e0a498fe7ae209f3a21b/screenshot - {}
RESULT: {"using":"xpath","value":"(//span[contains(@id, \"imgNav\")])[1]"}
COMMAND: POST /session/4bf8232c0472e0a498fe7ae209f3a21b/element/f.363B4D137147A2C10141CDA60C7BC6F9.d.20D70E3E1C9F78A10E53DAC2E983E1EE.e.4104/click - {}
RESULT: {}
RESULT: {}
COMMAND: GET /session/4bf8232c0472e0a498fe7ae209f3a21b/screenshot - {}
RESULT: {}
COMMAND: POST /session/4bf8232c0472e0a498fe7ae209f3a21b/element - {"using":"xpath","value":"//bdi[contains(text(), \"Edit\")]"}
RESULT: {"using":"xpath","value":"//bdi[contains(text(), \"Edit\")]"}
COMMAND: POST /session/4bf8232c0472e0a498fe7ae209f3a21b/element/f.363B4D137147A2C10141CDA60C7BC6F9.d.20D70E3E1C9F78A10E53DAC2E983E1EE.e.4252/click - {}
RESULT: {}
COMMAND: GET /session/4bf8232c0472e0a498fe7ae209f3a21b/screenshot - {}
RESULT: {}
COMMAND: POST /session/4bf8232c0472e0a498fe7ae209f3a21b/execute/async - {"script":"<script> [1562 bytes]","args":[{"selector":{"controlType":"sap.m.Input","viewName":"etm.portal.ui.managepartners.view.EditDetail","labelFor":{"text":"Name"},"interaction":{"idSuffix":"inner"}},"wdio_ui5_key":"etmportal.ui.managepartners.view.EditDetailsap.m.Input{\"text\":\"Name\"}"}]}
RESULT: {"script":"<script> [1562 bytes]","args":[{"selector":{"controlType":"sap.m.Input","viewName":"etm.portal.ui.managepartners.view.EditDetail","labelFor":{"text":"Name"},"interaction":{"idSuffix":"inner"}},"wdio_ui5_key":"etmportal.ui.managepartners.view.EditDetailsap.m.Input{\"text\":\"Name\"}"}]}
RESULT: undefined
COMMAND: POST /session/4bf8232c0472e0a498fe7ae209f3a21b/execute/async - {"script":"<script> [776 bytes]","args":[{"enterText":"Intercompany EDIT","selector":{"controlType":"sap.m.Input","viewName":"etm.portal.ui.managepartners.view.EditDetail","labelFor":{"text":"Name"},"interaction":{"idSuffix":"inner"}},"clearTextFirst":true,"interactionType":"ENTER_TEXT"}]}
RESULT: {"script":"<script> [776 bytes]","args":[{"enterText":"Intercompany EDIT","selector":{"controlType":"sap.m.Input","viewName":"etm.portal.ui.managepartners.view.EditDetail","labelFor":{"text":"Name"},"interaction":{"idSuffix":"inner"}},"clearTextFirst":true,"interactionType":"ENTER_TEXT"}]}
COMMAND: POST /session/4bf8232c0472e0a498fe7ae209f3a21b/element - {"using":"xpath","value":"(//span[contains(@id,\"addressDetailDetailsLanguage-arrow\")])[1]"}
RESULT: {"using":"xpath","value":"(//span[contains(@id,\"addressDetailDetailsLanguage-arrow\")])[1]"}
COMMAND: POST /session/4bf8232c0472e0a498fe7ae209f3a21b/element/f.363B4D137147A2C10141CDA60C7BC6F9.d.20D70E3E1C9F78A10E53DAC2E983E1EE.e.4336/click - {}
RESULT: {}
COMMAND: POST /session/4bf8232c0472e0a498fe7ae209f3a21b/element - {"using":"xpath","value":"//span[contains(text(), \"Chinese\")]"}
COMMAND: GET /session/4bf8232c0472e0a498fe7ae209f3a21b/screenshot - {}
RESULT: {"using":"xpath","value":"//span[contains(text(), \"Chinese\")]"}
COMMAND: POST /session/4bf8232c0472e0a498fe7ae209f3a21b/element/f.363B4D137147A2C10141CDA60C7BC6F9.d.20D70E3E1C9F78A10E53DAC2E983E1EE.e.4337/click - {}
RESULT: {}
RESULT: {}
COMMAND: GET /session/4bf8232c0472e0a498fe7ae209f3a21b/screenshot - {}
RESULT: {}
COMMAND: POST /session/4bf8232c0472e0a498fe7ae209f3a21b/execute/async - {"script":"<script> [1562 bytes]","args":[{"selector":{"controlType":"sap.m.Input","viewName":"etm.portal.ui.managepartners.view.EditDetail","labelFor":{"text":"City"},"interaction":{"idSuffix":"inner"}},"wdio_ui5_key":"etmportal.ui.managepartners.view.EditDetailsap.m.Input{\"text\":\"City\"}"}]}
RESULT: {"script":"<script> [1562 bytes]","args":[{"selector":{"controlType":"sap.m.Input","viewName":"etm.portal.ui.managepartners.view.EditDetail","labelFor":{"text":"City"},"interaction":{"idSuffix":"inner"}},"wdio_ui5_key":"etmportal.ui.managepartners.view.EditDetailsap.m.Input{\"text\":\"City\"}"}]}
RESULT: undefined
COMMAND: POST /session/4bf8232c0472e0a498fe7ae209f3a21b/execute/async - {"script":"<script> [776 bytes]","args":[{"enterText":"Clooj-Napoca","selector":{"controlType":"sap.m.Input","viewName":"etm.portal.ui.managepartners.view.EditDetail","labelFor":{"text":"City"},"interaction":{"idSuffix":"inner"}},"clearTextFirst":true,"interactionType":"ENTER_TEXT"}]}
RESULT: {"script":"<script> [776 bytes]","args":[{"enterText":"Clooj-Napoca","selector":{"controlType":"sap.m.Input","viewName":"etm.portal.ui.managepartners.view.EditDetail","labelFor":{"text":"City"},"interaction":{"idSuffix":"inner"}},"clearTextFirst":true,"interactionType":"ENTER_TEXT"}]}
COMMAND: POST /session/4bf8232c0472e0a498fe7ae209f3a21b/element - {"using":"xpath","value":"//button[@data-kt=\"saveButton\"]"}
RESULT: {"using":"xpath","value":"//button[@data-kt=\"saveButton\"]"}
COMMAND: POST /session/4bf8232c0472e0a498fe7ae209f3a21b/element/f.363B4D137147A2C10141CDA60C7BC6F9.d.20D70E3E1C9F78A10E53DAC2E983E1EE.e.4315/click - {}
RESULT: {}
COMMAND: GET /session/4bf8232c0472e0a498fe7ae209f3a21b/screenshot - {}
RESULT: {}
COMMAND: POST /session/4bf8232c0472e0a498fe7ae209f3a21b/execute/async - {"script":"<script> [1562 bytes]","args":[{"selector":{"id":"application-managepartners-display-component---detailPtm--addressDetailDetailsName1"},"wdio_ui5_key":"applicationmanagepartners-display-component---detailPtm--addressDetailDetailsName1"}]}
RESULT: {"script":"<script> [1562 bytes]","args":[{"selector":{"id":"application-managepartners-display-component---detailPtm--addressDetailDetailsName1"},"wdio_ui5_key":"applicationmanagepartners-display-component---detailPtm--addressDetailDetailsName1"}]}
RESULT: undefined
COMMAND: POST /session/4bf8232c0472e0a498fe7ae209f3a21b/execute/async - {"script":"<script> [6424 bytes]","args":[{"element-6066-11e4-a52e-4f735466cecf":"f.363B4D137147A2C10141CDA60C7BC6F9.d.20D70E3E1C9F78A10E53DAC2E983E1EE.e.4368"},"getValue",[]]}
RESULT: {"script":"<script> [6424 bytes]","args":[{"element-6066-11e4-a52e-4f735466cecf":"f.363B4D137147A2C10141CDA60C7BC6F9.d.20D70E3E1C9F78A10E53DAC2E983E1EE.e.4368"},"getValue",[]]}
COMMAND: POST /session/4bf8232c0472e0a498fe7ae209f3a21b/element - {"using":"xpath","value":"//input[@id = \"application-managepartners-display-component---detailPtm--addressDetailDetailsLanguage-inner\"]"}
RESULT: {"using":"xpath","value":"//input[@id = \"application-managepartners-display-component---detailPtm--addressDetailDetailsLanguage-inner\"]"}
COMMAND: GET /session/4bf8232c0472e0a498fe7ae209f3a21b/element/f.363B4D137147A2C10141CDA60C7BC6F9.d.20D70E3E1C9F78A10E53DAC2E983E1EE.e.4369/property/value - {}
RESULT: {}
COMMAND: POST /session/4bf8232c0472e0a498fe7ae209f3a21b/execute/async - {"script":"<script> [1562 bytes]","args":[{"selector":{"id":"application-managepartners-display-component---detailPtm--addressDetailDetailsCity1"},"wdio_ui5_key":"applicationmanagepartners-display-component---detailPtm--addressDetailDetailsCity1"}]}
COMMAND: GET /session/4bf8232c0472e0a498fe7ae209f3a21b/screenshot - {}
RESULT: {"script":"<script> [1562 bytes]","args":[{"selector":{"id":"application-managepartners-display-component---detailPtm--addressDetailDetailsCity1"},"wdio_ui5_key":"applicationmanagepartners-display-component---detailPtm--addressDetailDetailsCity1"}]}
RESULT: undefined
COMMAND: POST /session/4bf8232c0472e0a498fe7ae209f3a21b/execute/async - {"script":"<script> [6424 bytes]","args":[{"element-6066-11e4-a52e-4f735466cecf":"f.363B4D137147A2C10141CDA60C7BC6F9.d.20D70E3E1C9F78A10E53DAC2E983E1EE.e.4370"},"getValue",[]]}
RESULT: {}
RESULT: {"script":"<script> [6424 bytes]","args":[{"element-6066-11e4-a52e-4f735466cecf":"f.363B4D137147A2C10141CDA60C7BC6F9.d.20D70E3E1C9F78A10E53DAC2E983E1EE.e.4370"},"getValue",[]]}
COMMAND: POST /session/4bf8232c0472e0a498fe7ae209f3a21b/element - {"using":"css selector","value":"#shell-header-logo"}
RESULT: {"using":"css selector","value":"#shell-header-logo"}
COMMAND: POST /session/4bf8232c0472e0a498fe7ae209f3a21b/element/f.363B4D137147A2C10141CDA60C7BC6F9.d.20D70E3E1C9F78A10E53DAC2E983E1EE.e.3922/click - {}
RESULT: {}
COMMAND: GET /session/4bf8232c0472e0a498fe7ae209f3a21b/screenshot - {}
RESULT: {}
]]></system-out>
    </testcase>
    <testcase classname="chrome.136_0_7103_93.windows.Partner_specific_tests_US150819_US151080_US151654_US151176_US103444_US151078_US151079_US151109_US151174_US151175_US151189" name="Should create a new intracompany partner edit some of its fields US151079" time="237.276">
      <system-out><![CDATA[
COMMAND: POST /session/4bf8232c0472e0a498fe7ae209f3a21b/element - {"using":"xpath","value":"//li[.//span[text()=\"Manage Partners\"]]"}
RESULT: {"using":"xpath","value":"//li[.//span[text()=\"Manage Partners\"]]"}
COMMAND: POST /session/4bf8232c0472e0a498fe7ae209f3a21b/element - {"using":"xpath","value":"//li[.//span[text()=\"Manage Partners\"]]"}
RESULT: {"using":"xpath","value":"//li[.//span[text()=\"Manage Partners\"]]"}
COMMAND: POST /session/4bf8232c0472e0a498fe7ae209f3a21b/element - {"using":"css selector","value":"#shell-header-logo"}
RESULT: {"using":"css selector","value":"#shell-header-logo"}
COMMAND: POST /session/4bf8232c0472e0a498fe7ae209f3a21b/element/f.363B4D137147A2C10141CDA60C7BC6F9.d.20D70E3E1C9F78A10E53DAC2E983E1EE.e.4400/click - {}
COMMAND: POST /session/4bf8232c0472e0a498fe7ae209f3a21b/execute/sync - {"script":"<script> [8489 bytes]","args":[{"element-6066-11e4-a52e-4f735466cecf":"f.363B4D137147A2C10141CDA60C7BC6F9.d.20D70E3E1C9F78A10E53DAC2E983E1EE.e.4400","ELEMENT":"f.363B4D137147A2C10141CDA60C7BC6F9.d.20D70E3E1C9F78A10E53DAC2E983E1EE.e.4400"}]}
RESULT: {}
COMMAND: GET /session/4bf8232c0472e0a498fe7ae209f3a21b/screenshot - {}
RESULT: {"script":"<script> [8489 bytes]","args":[{"element-6066-11e4-a52e-4f735466cecf":"f.363B4D137147A2C10141CDA60C7BC6F9.d.20D70E3E1C9F78A10E53DAC2E983E1EE.e.4400","ELEMENT":"f.363B4D137147A2C10141CDA60C7BC6F9.d.20D70E3E1C9F78A10E53DAC2E983E1EE.e.4400"}]}
COMMAND: POST /session/4bf8232c0472e0a498fe7ae209f3a21b/execute/sync - {"script":"<script> [5351 bytes]","args":[{"element-6066-11e4-a52e-4f735466cecf":"f.363B4D137147A2C10141CDA60C7BC6F9.d.20D70E3E1C9F78A10E53DAC2E983E1EE.e.4400","ELEMENT":"f.363B4D137147A2C10141CDA60C7BC6F9.d.20D70E3E1C9F78A10E53DAC2E983E1EE.e.4400"}]}
COMMAND: GET /session/4bf8232c0472e0a498fe7ae209f3a21b/screenshot - {}
RESULT: {}
RESULT: {"script":"<script> [5351 bytes]","args":[{"element-6066-11e4-a52e-4f735466cecf":"f.363B4D137147A2C10141CDA60C7BC6F9.d.20D70E3E1C9F78A10E53DAC2E983E1EE.e.4400","ELEMENT":"f.363B4D137147A2C10141CDA60C7BC6F9.d.20D70E3E1C9F78A10E53DAC2E983E1EE.e.4400"}]}
COMMAND: GET /session/4bf8232c0472e0a498fe7ae209f3a21b/screenshot - {}
RESULT: {}
RESULT: {}
COMMAND: POST /session/4bf8232c0472e0a498fe7ae209f3a21b/refresh - {}
RESULT: {}
COMMAND: GET /session/4bf8232c0472e0a498fe7ae209f3a21b/screenshot - {}
RESULT: {}
COMMAND: POST /session/4bf8232c0472e0a498fe7ae209f3a21b/refresh - {}
RESULT: {}
COMMAND: GET /session/4bf8232c0472e0a498fe7ae209f3a21b/screenshot - {}
RESULT: {}
COMMAND: POST /session/4bf8232c0472e0a498fe7ae209f3a21b/window/fullscreen - {}
RESULT: {}
COMMAND: POST /session/4bf8232c0472e0a498fe7ae209f3a21b/execute/async - {"script":"<script> [189 bytes]","args":[]}
RESULT: {"script":"<script> [189 bytes]","args":[]}
COMMAND: POST /session/4bf8232c0472e0a498fe7ae209f3a21b/execute/async - {"script":"<script> [123 bytes]","args":[]}
RESULT: {"script":"<script> [123 bytes]","args":[]}
COMMAND: POST /session/4bf8232c0472e0a498fe7ae209f3a21b/timeouts - {"script":"<number>"}
RESULT: {"script":"<number>"}
COMMAND: GET /session/4bf8232c0472e0a498fe7ae209f3a21b/timeouts - {}
RESULT: {}
RESULT: undefined
COMMAND: POST /session/4bf8232c0472e0a498fe7ae209f3a21b/execute/async - {"script":"<script> [2676 bytes]","args":[]}
RESULT: {"script":"<script> [2676 bytes]","args":[]}
COMMAND: POST /session/4bf8232c0472e0a498fe7ae209f3a21b/execute/async - {"script":"<script> [2342 bytes]","args":[{"protocol":"http","hostname":"0.0.0.0","path":"/","capabilities":{"browserName":"chrome","goog:chromeOptions":{"binary":"C:\\Program Files\\Google\\Chrome\\Application\\chrome.exe","args":["--start-maximized"]}},"logLevel":"warn","connectionRetryTimeout":120000,"connectionRetryCount":3,"logLevels":{},"enableDirectConnect":true,"strictSSL":true,"_":"65 more keys: [\"cacheDir\",\"port\",\"requestedCapabilities\",\"automationProtocol\",\"baseUrl\",\"waitforInterval\",\"waitforTimeout\",\"onReload\",\"beforeCommand\",\"afterCommand\",\"rootDir\",\"specs\",\"suites\",\"exclude\",\"groupLogsByTestSpec\",\"excludeDriverLogs\",\"bail\",\"framework\",\"reporters\",\"services\",\"maxInstances\",\"maxInstancesPerCapability\",\"injectGlobals\",\"filesToWatch\",\"execArgv\",\"runnerEnv\",\"runner\",\"shard\",\"specFileRetries\",\"specFileRetriesDelay\",\"specFileRetriesDeferred\",\"reporterSyncInterval\",\"reporterSyncTimeout\",\"cucumberFeaturesWithLineNumbers\",\"autoCompileOpts\",\"mochaOpts\",\"jasmineOpts\",\"cucumberOpts\",\"onPrepare\",\"onWorkerStart\",\"onWorkerEnd\",\"before\",\"beforeSession\",\"beforeSuite\",\"beforeHook\",\"beforeTest\",\"afterTest\",\"afterHook\",\"afterSuite\",\"afterSession\",\"after\",\"onComplete\",\"beforeAssertion\",\"afterAssertion\",\"beforeFeature\",\"beforeScenario\",\"beforeStep\",\"afterStep\",\"afterScenario\",\"afterFeature\",\"_\",\"suite\",\"$0\",\"ignoredWorkerServices\",\"wdi5\"]"}]}
RESULT: {"script":"<script> [2342 bytes]","args":[{"protocol":"http","hostname":"0.0.0.0","path":"/","capabilities":{"browserName":"chrome","goog:chromeOptions":{"binary":"C:\\Program Files\\Google\\Chrome\\Application\\chrome.exe","args":["--start-maximized"]}},"logLevel":"warn","connectionRetryTimeout":120000,"connectionRetryCount":3,"logLevels":{},"enableDirectConnect":true,"strictSSL":true,"_":"65 more keys: [\"cacheDir\",\"port\",\"requestedCapabilities\",\"automationProtocol\",\"baseUrl\",\"waitforInterval\",\"waitforTimeout\",\"onReload\",\"beforeCommand\",\"afterCommand\",\"rootDir\",\"specs\",\"suites\",\"exclude\",\"groupLogsByTestSpec\",\"excludeDriverLogs\",\"bail\",\"framework\",\"reporters\",\"services\",\"maxInstances\",\"maxInstancesPerCapability\",\"injectGlobals\",\"filesToWatch\",\"execArgv\",\"runnerEnv\",\"runner\",\"shard\",\"specFileRetries\",\"specFileRetriesDelay\",\"specFileRetriesDeferred\",\"reporterSyncInterval\",\"reporterSyncTimeout\",\"cucumberFeaturesWithLineNumbers\",\"autoCompileOpts\",\"mochaOpts\",\"jasmineOpts\",\"cucumberOpts\",\"onPrepare\",\"onWorkerStart\",\"onWorkerEnd\",\"before\",\"beforeSession\",\"beforeSuite\",\"beforeHook\",\"beforeTest\",\"afterTest\",\"afterHook\",\"afterSuite\",\"afterSession\",\"after\",\"onComplete\",\"beforeAssertion\",\"afterAssertion\",\"beforeFeature\",\"beforeScenario\",\"beforeStep\",\"afterStep\",\"afterScenario\",\"afterFeature\",\"_\",\"suite\",\"$0\",\"ignoredWorkerServices\",\"wdi5\"]"}]}
COMMAND: POST /session/4bf8232c0472e0a498fe7ae209f3a21b/execute/async - {"script":"<script> [21126 bytes]","args":[35000]}
RESULT: {"script":"<script> [21126 bytes]","args":[35000]}
COMMAND: POST /session/4bf8232c0472e0a498fe7ae209f3a21b/window/fullscreen - {}
RESULT: {}
COMMAND: POST /session/4bf8232c0472e0a498fe7ae209f3a21b/window/fullscreen - {}
RESULT: {}
COMMAND: POST /session/4bf8232c0472e0a498fe7ae209f3a21b/execute/async - {"script":"<script> [1562 bytes]","args":[{"selector":{"controlType":"sap.m.GenericTile","properties":{"header":"Manage Partners"}},"wdio_ui5_key":"sapm.GenericTile{\"header\":\"Manage Partners\"}"}]}
RESULT: {"script":"<script> [1562 bytes]","args":[{"selector":{"controlType":"sap.m.GenericTile","properties":{"header":"Manage Partners"}},"wdio_ui5_key":"sapm.GenericTile{\"header\":\"Manage Partners\"}"}]}
RESULT: undefined
COMMAND: POST /session/4bf8232c0472e0a498fe7ae209f3a21b/element - {"using":"xpath","value":"//*[@id=\"__tile30\"]"}
RESULT: {"using":"xpath","value":"//*[@id=\"__tile30\"]"}
COMMAND: POST /session/4bf8232c0472e0a498fe7ae209f3a21b/element/f.363B4D137147A2C10141CDA60C7BC6F9.d.6B26D82500DADFDD5EEF92294D31350A.e.4467/click - {}
RESULT: {}
COMMAND: GET /session/4bf8232c0472e0a498fe7ae209f3a21b/screenshot - {}
RESULT: {}
COMMAND: POST /session/4bf8232c0472e0a498fe7ae209f3a21b/elements - {"using":"xpath","value":"//span[text()='Error']"}
RESULT: {"using":"xpath","value":"//span[text()='Error']"}
COMMAND: POST /session/4bf8232c0472e0a498fe7ae209f3a21b/element - {"using":"xpath","value":"//button[@data-kt=\"addButton\"]"}
RESULT: {"using":"xpath","value":"//button[@data-kt=\"addButton\"]"}
COMMAND: POST /session/4bf8232c0472e0a498fe7ae209f3a21b/elements - {"using":"xpath","value":"//button[@data-kt=\"addButton\"]"}
RESULT: {"using":"xpath","value":"//button[@data-kt=\"addButton\"]"}
COMMAND: POST /session/4bf8232c0472e0a498fe7ae209f3a21b/elements - {"using":"xpath","value":"//button[@data-kt=\"addButton\"]"}
RESULT: {"using":"xpath","value":"//button[@data-kt=\"addButton\"]"}
COMMAND: POST /session/4bf8232c0472e0a498fe7ae209f3a21b/element - {"using":"xpath","value":"//button[@data-kt=\"addButton\"]"}
RESULT: {"using":"xpath","value":"//button[@data-kt=\"addButton\"]"}
COMMAND: POST /session/4bf8232c0472e0a498fe7ae209f3a21b/execute/sync - {"script":"<script> [8489 bytes]","args":[{"element-6066-11e4-a52e-4f735466cecf":"f.363B4D137147A2C10141CDA60C7BC6F9.d.6B26D82500DADFDD5EEF92294D31350A.e.4582","ELEMENT":"f.363B4D137147A2C10141CDA60C7BC6F9.d.6B26D82500DADFDD5EEF92294D31350A.e.4582"}]}
RESULT: {"script":"<script> [8489 bytes]","args":[{"element-6066-11e4-a52e-4f735466cecf":"f.363B4D137147A2C10141CDA60C7BC6F9.d.6B26D82500DADFDD5EEF92294D31350A.e.4582","ELEMENT":"f.363B4D137147A2C10141CDA60C7BC6F9.d.6B26D82500DADFDD5EEF92294D31350A.e.4582"}]}
COMMAND: GET /session/4bf8232c0472e0a498fe7ae209f3a21b/element/f.363B4D137147A2C10141CDA60C7BC6F9.d.6B26D82500DADFDD5EEF92294D31350A.e.4582/enabled - {}
COMMAND: GET /session/4bf8232c0472e0a498fe7ae209f3a21b/screenshot - {}
RESULT: {}
COMMAND: POST /session/4bf8232c0472e0a498fe7ae209f3a21b/execute/sync - {"script":"<script> [8489 bytes]","args":[{"element-6066-11e4-a52e-4f735466cecf":"f.363B4D137147A2C10141CDA60C7BC6F9.d.6B26D82500DADFDD5EEF92294D31350A.e.4582","ELEMENT":"f.363B4D137147A2C10141CDA60C7BC6F9.d.6B26D82500DADFDD5EEF92294D31350A.e.4582"}]}
COMMAND: GET /session/4bf8232c0472e0a498fe7ae209f3a21b/screenshot - {}
RESULT: {}
RESULT: {"script":"<script> [8489 bytes]","args":[{"element-6066-11e4-a52e-4f735466cecf":"f.363B4D137147A2C10141CDA60C7BC6F9.d.6B26D82500DADFDD5EEF92294D31350A.e.4582","ELEMENT":"f.363B4D137147A2C10141CDA60C7BC6F9.d.6B26D82500DADFDD5EEF92294D31350A.e.4582"}]}
COMMAND: POST /session/4bf8232c0472e0a498fe7ae209f3a21b/execute/sync - {"script":"<script> [5351 bytes]","args":[{"element-6066-11e4-a52e-4f735466cecf":"f.363B4D137147A2C10141CDA60C7BC6F9.d.6B26D82500DADFDD5EEF92294D31350A.e.4582","ELEMENT":"f.363B4D137147A2C10141CDA60C7BC6F9.d.6B26D82500DADFDD5EEF92294D31350A.e.4582"}]}
COMMAND: GET /session/4bf8232c0472e0a498fe7ae209f3a21b/screenshot - {}
RESULT: {}
RESULT: {"script":"<script> [5351 bytes]","args":[{"element-6066-11e4-a52e-4f735466cecf":"f.363B4D137147A2C10141CDA60C7BC6F9.d.6B26D82500DADFDD5EEF92294D31350A.e.4582","ELEMENT":"f.363B4D137147A2C10141CDA60C7BC6F9.d.6B26D82500DADFDD5EEF92294D31350A.e.4582"}]}
COMMAND: POST /session/4bf8232c0472e0a498fe7ae209f3a21b/element/f.363B4D137147A2C10141CDA60C7BC6F9.d.6B26D82500DADFDD5EEF92294D31350A.e.4582/click - {}
COMMAND: GET /session/4bf8232c0472e0a498fe7ae209f3a21b/screenshot - {}
RESULT: {}
RESULT: {}
COMMAND: GET /session/4bf8232c0472e0a498fe7ae209f3a21b/screenshot - {}
COMMAND: POST /session/4bf8232c0472e0a498fe7ae209f3a21b/execute/async - {"script":"<script> [1562 bytes]","args":[{"selector":{"id":"application-managepartners-display-component---NewPartner--addressDetailDetailsName1","interaction":{"idSuffix":"inner"}},"wdio_ui5_key":"applicationmanagepartners-display-component---NewPartner--addressDetailDetailsName1"}]}
RESULT: {}
RESULT: {}
RESULT: {"script":"<script> [1562 bytes]","args":[{"selector":{"id":"application-managepartners-display-component---NewPartner--addressDetailDetailsName1","interaction":{"idSuffix":"inner"}},"wdio_ui5_key":"applicationmanagepartners-display-component---NewPartner--addressDetailDetailsName1"}]}
RESULT: undefined
COMMAND: POST /session/4bf8232c0472e0a498fe7ae209f3a21b/execute/async - {"script":"<script> [776 bytes]","args":[{"enterText":"Intracompany Partner WDIO","selector":{"id":"application-managepartners-display-component---NewPartner--addressDetailDetailsName1","interaction":{"idSuffix":"inner"}},"clearTextFirst":true,"interactionType":"ENTER_TEXT"}]}
RESULT: {"script":"<script> [776 bytes]","args":[{"enterText":"Intracompany Partner WDIO","selector":{"id":"application-managepartners-display-component---NewPartner--addressDetailDetailsName1","interaction":{"idSuffix":"inner"}},"clearTextFirst":true,"interactionType":"ENTER_TEXT"}]}
COMMAND: POST /session/4bf8232c0472e0a498fe7ae209f3a21b/execute/async - {"script":"<script> [1562 bytes]","args":[{"selector":{"id":"application-managepartners-display-component---NewPartner--addressDetailDetailsLanguage-arrow"},"wdio_ui5_key":"applicationmanagepartners-display-component---NewPartner--addressDetailDetailsLanguage-arrow"}]}
RESULT: {"script":"<script> [1562 bytes]","args":[{"selector":{"id":"application-managepartners-display-component---NewPartner--addressDetailDetailsLanguage-arrow"},"wdio_ui5_key":"applicationmanagepartners-display-component---NewPartner--addressDetailDetailsLanguage-arrow"}]}
RESULT: undefined
COMMAND: POST /session/4bf8232c0472e0a498fe7ae209f3a21b/element - {"using":"xpath","value":"//*[@id=\"application-managepartners-display-component---NewPartner--addressDetailDetailsLanguage-arrow\"]"}
RESULT: {"using":"xpath","value":"//*[@id=\"application-managepartners-display-component---NewPartner--addressDetailDetailsLanguage-arrow\"]"}
COMMAND: POST /session/4bf8232c0472e0a498fe7ae209f3a21b/element/f.363B4D137147A2C10141CDA60C7BC6F9.d.6B26D82500DADFDD5EEF92294D31350A.e.5036/click - {}
RESULT: {}
COMMAND: POST /session/4bf8232c0472e0a498fe7ae209f3a21b/element - {"using":"xpath","value":"//span[contains(text(), \"English\")]"}
COMMAND: GET /session/4bf8232c0472e0a498fe7ae209f3a21b/screenshot - {}
RESULT: {"using":"xpath","value":"//span[contains(text(), \"English\")]"}
COMMAND: POST /session/4bf8232c0472e0a498fe7ae209f3a21b/element/f.363B4D137147A2C10141CDA60C7BC6F9.d.6B26D82500DADFDD5EEF92294D31350A.e.5037/click - {}
RESULT: {}
RESULT: {}
COMMAND: GET /session/4bf8232c0472e0a498fe7ae209f3a21b/screenshot - {}
RESULT: {}
COMMAND: POST /session/4bf8232c0472e0a498fe7ae209f3a21b/execute/async - {"script":"<script> [1562 bytes]","args":[{"selector":{"id":"application-managepartners-display-component---NewPartner--addressDetailDetailsCity1","interaction":{"idSuffix":"inner"}},"wdio_ui5_key":"applicationmanagepartners-display-component---NewPartner--addressDetailDetailsCity1"}]}
RESULT: {"script":"<script> [1562 bytes]","args":[{"selector":{"id":"application-managepartners-display-component---NewPartner--addressDetailDetailsCity1","interaction":{"idSuffix":"inner"}},"wdio_ui5_key":"applicationmanagepartners-display-component---NewPartner--addressDetailDetailsCity1"}]}
RESULT: undefined
COMMAND: POST /session/4bf8232c0472e0a498fe7ae209f3a21b/execute/async - {"script":"<script> [776 bytes]","args":[{"enterText":"Rosario","selector":{"id":"application-managepartners-display-component---NewPartner--addressDetailDetailsCity1","interaction":{"idSuffix":"inner"}},"clearTextFirst":true,"interactionType":"ENTER_TEXT"}]}
RESULT: {"script":"<script> [776 bytes]","args":[{"enterText":"Rosario","selector":{"id":"application-managepartners-display-component---NewPartner--addressDetailDetailsCity1","interaction":{"idSuffix":"inner"}},"clearTextFirst":true,"interactionType":"ENTER_TEXT"}]}
COMMAND: POST /session/4bf8232c0472e0a498fe7ae209f3a21b/execute/async - {"script":"<script> [1562 bytes]","args":[{"selector":{"id":"application-managepartners-display-component---NewPartner--addressDetailDetailsCountry-arrow"},"wdio_ui5_key":"applicationmanagepartners-display-component---NewPartner--addressDetailDetailsCountry-arrow"}]}
RESULT: {"script":"<script> [1562 bytes]","args":[{"selector":{"id":"application-managepartners-display-component---NewPartner--addressDetailDetailsCountry-arrow"},"wdio_ui5_key":"applicationmanagepartners-display-component---NewPartner--addressDetailDetailsCountry-arrow"}]}
RESULT: undefined
COMMAND: POST /session/4bf8232c0472e0a498fe7ae209f3a21b/element - {"using":"xpath","value":"//*[@id=\"application-managepartners-display-component---NewPartner--addressDetailDetailsCountry-arrow\"]"}
RESULT: {"using":"xpath","value":"//*[@id=\"application-managepartners-display-component---NewPartner--addressDetailDetailsCountry-arrow\"]"}
COMMAND: POST /session/4bf8232c0472e0a498fe7ae209f3a21b/element/f.363B4D137147A2C10141CDA60C7BC6F9.d.6B26D82500DADFDD5EEF92294D31350A.e.5023/click - {}
RESULT: {}
COMMAND: POST /session/4bf8232c0472e0a498fe7ae209f3a21b/element - {"using":"xpath","value":"//span[contains(text(), \"Argentina\")]"}
COMMAND: GET /session/4bf8232c0472e0a498fe7ae209f3a21b/screenshot - {}
RESULT: {"using":"xpath","value":"//span[contains(text(), \"Argentina\")]"}
COMMAND: POST /session/4bf8232c0472e0a498fe7ae209f3a21b/element/f.363B4D137147A2C10141CDA60C7BC6F9.d.6B26D82500DADFDD5EEF92294D31350A.e.5039/click - {}
RESULT: {}
RESULT: {}
COMMAND: GET /session/4bf8232c0472e0a498fe7ae209f3a21b/screenshot - {}
RESULT: {}
COMMAND: POST /session/4bf8232c0472e0a498fe7ae209f3a21b/element - {"using":"xpath","value":"//bdi[contains(text(), \"Commercial\")]"}
RESULT: {"using":"xpath","value":"//bdi[contains(text(), \"Commercial\")]"}
COMMAND: POST /session/4bf8232c0472e0a498fe7ae209f3a21b/element/f.363B4D137147A2C10141CDA60C7BC6F9.d.6B26D82500DADFDD5EEF92294D31350A.e.5040/click - {}
RESULT: {}
COMMAND: GET /session/4bf8232c0472e0a498fe7ae209f3a21b/screenshot - {}
RESULT: {}
COMMAND: POST /session/4bf8232c0472e0a498fe7ae209f3a21b/execute/async - {"script":"<script> [1562 bytes]","args":[{"selector":{"id":"application-managepartners-display-component---NewPartner--partnerDetailInternal-arrow"},"wdio_ui5_key":"applicationmanagepartners-display-component---NewPartner--partnerDetailInternal-arrow"}]}
RESULT: {"script":"<script> [1562 bytes]","args":[{"selector":{"id":"application-managepartners-display-component---NewPartner--partnerDetailInternal-arrow"},"wdio_ui5_key":"applicationmanagepartners-display-component---NewPartner--partnerDetailInternal-arrow"}]}
RESULT: undefined
COMMAND: POST /session/4bf8232c0472e0a498fe7ae209f3a21b/element - {"using":"xpath","value":"//*[@id=\"application-managepartners-display-component---NewPartner--partnerDetailInternal-arrow\"]"}
RESULT: {"using":"xpath","value":"//*[@id=\"application-managepartners-display-component---NewPartner--partnerDetailInternal-arrow\"]"}
COMMAND: POST /session/4bf8232c0472e0a498fe7ae209f3a21b/element/f.363B4D137147A2C10141CDA60C7BC6F9.d.6B26D82500DADFDD5EEF92294D31350A.e.5046/click - {}
RESULT: {}
COMMAND: POST /session/4bf8232c0472e0a498fe7ae209f3a21b/element - {"using":"xpath","value":"//span[contains(text(), \"Affiliated company\")]"}
COMMAND: GET /session/4bf8232c0472e0a498fe7ae209f3a21b/screenshot - {}
RESULT: {"using":"xpath","value":"//span[contains(text(), \"Affiliated company\")]"}
COMMAND: POST /session/4bf8232c0472e0a498fe7ae209f3a21b/element/f.363B4D137147A2C10141CDA60C7BC6F9.d.6B26D82500DADFDD5EEF92294D31350A.e.5047/click - {}
RESULT: {}
RESULT: {}
COMMAND: POST /session/4bf8232c0472e0a498fe7ae209f3a21b/execute/async - {"script":"<script> [1562 bytes]","args":[{"selector":{"id":"application-managepartners-display-component---NewPartner--partnerDetailsCurrency-arrow"},"wdio_ui5_key":"applicationmanagepartners-display-component---NewPartner--partnerDetailsCurrency-arrow"}]}
COMMAND: GET /session/4bf8232c0472e0a498fe7ae209f3a21b/screenshot - {}
RESULT: {"script":"<script> [1562 bytes]","args":[{"selector":{"id":"application-managepartners-display-component---NewPartner--partnerDetailsCurrency-arrow"},"wdio_ui5_key":"applicationmanagepartners-display-component---NewPartner--partnerDetailsCurrency-arrow"}]}
RESULT: undefined
COMMAND: POST /session/4bf8232c0472e0a498fe7ae209f3a21b/element - {"using":"xpath","value":"//*[@id=\"application-managepartners-display-component---NewPartner--partnerDetailsCurrency-arrow\"]"}
RESULT: {}
RESULT: {"using":"xpath","value":"//*[@id=\"application-managepartners-display-component---NewPartner--partnerDetailsCurrency-arrow\"]"}
COMMAND: POST /session/4bf8232c0472e0a498fe7ae209f3a21b/element/f.363B4D137147A2C10141CDA60C7BC6F9.d.6B26D82500DADFDD5EEF92294D31350A.e.5054/click - {}
RESULT: {}
COMMAND: POST /session/4bf8232c0472e0a498fe7ae209f3a21b/element - {"using":"xpath","value":"//span[contains(text(), \"Euro\")]"}
COMMAND: GET /session/4bf8232c0472e0a498fe7ae209f3a21b/screenshot - {}
RESULT: {"using":"xpath","value":"//span[contains(text(), \"Euro\")]"}
COMMAND: POST /session/4bf8232c0472e0a498fe7ae209f3a21b/element/f.363B4D137147A2C10141CDA60C7BC6F9.d.6B26D82500DADFDD5EEF92294D31350A.e.5055/click - {}
RESULT: {}
RESULT: {}
COMMAND: POST /session/4bf8232c0472e0a498fe7ae209f3a21b/execute/async - {"script":"<script> [1562 bytes]","args":[{"selector":{"id":"application-managepartners-display-component---NewPartner--addressEditDetailsCostObjectCstType-arrow"},"wdio_ui5_key":"applicationmanagepartners-display-component---NewPartner--addressEditDetailsCostObjectCstType-arrow"}]}
COMMAND: GET /session/4bf8232c0472e0a498fe7ae209f3a21b/screenshot - {}
RESULT: {"script":"<script> [1562 bytes]","args":[{"selector":{"id":"application-managepartners-display-component---NewPartner--addressEditDetailsCostObjectCstType-arrow"},"wdio_ui5_key":"applicationmanagepartners-display-component---NewPartner--addressEditDetailsCostObjectCstType-arrow"}]}
RESULT: undefined
COMMAND: POST /session/4bf8232c0472e0a498fe7ae209f3a21b/element - {"using":"xpath","value":"//*[@id=\"application-managepartners-display-component---NewPartner--addressEditDetailsCostObjectCstType-arrow\"]"}
RESULT: {}
RESULT: {"using":"xpath","value":"//*[@id=\"application-managepartners-display-component---NewPartner--addressEditDetailsCostObjectCstType-arrow\"]"}
COMMAND: POST /session/4bf8232c0472e0a498fe7ae209f3a21b/element/f.363B4D137147A2C10141CDA60C7BC6F9.d.6B26D82500DADFDD5EEF92294D31350A.e.5056/click - {}
RESULT: {}
COMMAND: POST /session/4bf8232c0472e0a498fe7ae209f3a21b/element - {"using":"xpath","value":"//span[contains(text(), \"Cost Center\")]"}
COMMAND: GET /session/4bf8232c0472e0a498fe7ae209f3a21b/screenshot - {}
RESULT: {"using":"xpath","value":"//span[contains(text(), \"Cost Center\")]"}
COMMAND: POST /session/4bf8232c0472e0a498fe7ae209f3a21b/element/f.363B4D137147A2C10141CDA60C7BC6F9.d.6B26D82500DADFDD5EEF92294D31350A.e.5057/click - {}
RESULT: {}
RESULT: {}
COMMAND: GET /session/4bf8232c0472e0a498fe7ae209f3a21b/screenshot - {}
RESULT: {}
COMMAND: POST /session/4bf8232c0472e0a498fe7ae209f3a21b/element - {"using":"xpath","value":"//span[@id=\"application-managepartners-display-component---NewPartner--addressNewCostObjectCstID-vhi\"]"}
RESULT: {"using":"xpath","value":"//span[@id=\"application-managepartners-display-component---NewPartner--addressNewCostObjectCstID-vhi\"]"}
COMMAND: POST /session/4bf8232c0472e0a498fe7ae209f3a21b/execute/sync - {"script":"<script> [8489 bytes]","args":[{"element-6066-11e4-a52e-4f735466cecf":"f.363B4D137147A2C10141CDA60C7BC6F9.d.6B26D82500DADFDD5EEF92294D31350A.e.5061","ELEMENT":"f.363B4D137147A2C10141CDA60C7BC6F9.d.6B26D82500DADFDD5EEF92294D31350A.e.5061"}]}
RESULT: {"script":"<script> [8489 bytes]","args":[{"element-6066-11e4-a52e-4f735466cecf":"f.363B4D137147A2C10141CDA60C7BC6F9.d.6B26D82500DADFDD5EEF92294D31350A.e.5061","ELEMENT":"f.363B4D137147A2C10141CDA60C7BC6F9.d.6B26D82500DADFDD5EEF92294D31350A.e.5061"}]}
COMMAND: POST /session/4bf8232c0472e0a498fe7ae209f3a21b/execute/async - {"script":"<script> [1562 bytes]","args":[{"selector":{"id":"application-managepartners-display-component---NewPartner--addressNewCostObjectCstID-vhi"},"wdio_ui5_key":"applicationmanagepartners-display-component---NewPartner--addressNewCostObjectCstID-vhi"}]}
COMMAND: GET /session/4bf8232c0472e0a498fe7ae209f3a21b/screenshot - {}
RESULT: {"script":"<script> [1562 bytes]","args":[{"selector":{"id":"application-managepartners-display-component---NewPartner--addressNewCostObjectCstID-vhi"},"wdio_ui5_key":"applicationmanagepartners-display-component---NewPartner--addressNewCostObjectCstID-vhi"}]}
RESULT: undefined
COMMAND: POST /session/4bf8232c0472e0a498fe7ae209f3a21b/element - {"using":"xpath","value":"//*[@id=\"application-managepartners-display-component---NewPartner--addressNewCostObjectCstID-vhi\"]"}
RESULT: {}
RESULT: {"using":"xpath","value":"//*[@id=\"application-managepartners-display-component---NewPartner--addressNewCostObjectCstID-vhi\"]"}
COMMAND: POST /session/4bf8232c0472e0a498fe7ae209f3a21b/element/f.363B4D137147A2C10141CDA60C7BC6F9.d.6B26D82500DADFDD5EEF92294D31350A.e.5061/click - {}
RESULT: {}
COMMAND: GET /session/4bf8232c0472e0a498fe7ae209f3a21b/screenshot - {}
RESULT: {}
COMMAND: POST /session/4bf8232c0472e0a498fe7ae209f3a21b/execute/async - {"script":"<script> [1562 bytes]","args":[{"selector":{"controlType":"sap.m.SearchField","properties":{"placeholder":"Search"},"searchOpenDialogs":true,"interaction":{"idSuffix":"I"}},"wdio_ui5_key":"sapm.SearchField{\"placeholder\":\"Search\"}"}]}
RESULT: {"script":"<script> [1562 bytes]","args":[{"selector":{"controlType":"sap.m.SearchField","properties":{"placeholder":"Search"},"searchOpenDialogs":true,"interaction":{"idSuffix":"I"}},"wdio_ui5_key":"sapm.SearchField{\"placeholder\":\"Search\"}"}]}
RESULT: undefined
COMMAND: POST /session/4bf8232c0472e0a498fe7ae209f3a21b/execute/async - {"script":"<script> [776 bytes]","args":[{"enterText":"10001013","selector":{"controlType":"sap.m.SearchField","properties":{"placeholder":"Search"},"searchOpenDialogs":true,"interaction":{"idSuffix":"I"}},"clearTextFirst":true,"interactionType":"ENTER_TEXT"}]}
RESULT: {"script":"<script> [776 bytes]","args":[{"enterText":"10001013","selector":{"controlType":"sap.m.SearchField","properties":{"placeholder":"Search"},"searchOpenDialogs":true,"interaction":{"idSuffix":"I"}},"clearTextFirst":true,"interactionType":"ENTER_TEXT"}]}
COMMAND: POST /session/4bf8232c0472e0a498fe7ae209f3a21b/actions - {"actions":[{"id":"action12","type":"key","parameters":{},"actions":[{"type":"keyDown","value":"î€‡"},{"type":"pause","duration":10},{"type":"keyUp","value":"î€‡"}]}]}
RESULT: {"actions":[{"id":"action12","type":"key","parameters":{},"actions":[{"type":"keyDown","value":"î€‡"},{"type":"pause","duration":10},{"type":"keyUp","value":"î€‡"}]}]}
COMMAND: GET /session/4bf8232c0472e0a498fe7ae209f3a21b/screenshot - {}
RESULT: {}
COMMAND: POST /session/4bf8232c0472e0a498fe7ae209f3a21b/element - {"using":"xpath","value":"//span[contains(text(), \"General Management\")]"}
RESULT: {"using":"xpath","value":"//span[contains(text(), \"General Management\")]"}
COMMAND: POST /session/4bf8232c0472e0a498fe7ae209f3a21b/element/f.363B4D137147A2C10141CDA60C7BC6F9.d.6B26D82500DADFDD5EEF92294D31350A.e.5103/click - {}
RESULT: {}
COMMAND: GET /session/4bf8232c0472e0a498fe7ae209f3a21b/screenshot - {}
RESULT: {}
COMMAND: POST /session/4bf8232c0472e0a498fe7ae209f3a21b/element - {"using":"xpath","value":"//bdi[contains(text(), \"OK\")]"}
RESULT: {"using":"xpath","value":"//bdi[contains(text(), \"OK\")]"}
COMMAND: POST /session/4bf8232c0472e0a498fe7ae209f3a21b/element/f.363B4D137147A2C10141CDA60C7BC6F9.d.6B26D82500DADFDD5EEF92294D31350A.e.5104/click - {}
RESULT: {}
COMMAND: GET /session/4bf8232c0472e0a498fe7ae209f3a21b/screenshot - {}
RESULT: {}
COMMAND: POST /session/4bf8232c0472e0a498fe7ae209f3a21b/element - {"using":"xpath","value":"//input[@id=\"application-managepartners-display-component---NewPartner--companyCodeComboBox-inner\"]"}
RESULT: {"using":"xpath","value":"//input[@id=\"application-managepartners-display-component---NewPartner--companyCodeComboBox-inner\"]"}
COMMAND: POST /session/4bf8232c0472e0a498fe7ae209f3a21b/element/f.363B4D137147A2C10141CDA60C7BC6F9.d.6B26D82500DADFDD5EEF92294D31350A.e.4894/clear - {}
RESULT: {}
COMMAND: POST /session/4bf8232c0472e0a498fe7ae209f3a21b/element/f.363B4D137147A2C10141CDA60C7BC6F9.d.6B26D82500DADFDD5EEF92294D31350A.e.4894/value - {"text":"1000"}
COMMAND: GET /session/4bf8232c0472e0a498fe7ae209f3a21b/screenshot - {}
RESULT: {"text":"1000"}
COMMAND: GET /session/4bf8232c0472e0a498fe7ae209f3a21b/screenshot - {}
RESULT: {}
RESULT: {}
COMMAND: POST /session/4bf8232c0472e0a498fe7ae209f3a21b/element - {"using":"xpath","value":"//li[.//span[text()= \"1000\"]]"}
RESULT: {"using":"xpath","value":"//li[.//span[text()= \"1000\"]]"}
COMMAND: POST /session/4bf8232c0472e0a498fe7ae209f3a21b/element/f.363B4D137147A2C10141CDA60C7BC6F9.d.6B26D82500DADFDD5EEF92294D31350A.e.5110/click - {}
RESULT: {}
COMMAND: GET /session/4bf8232c0472e0a498fe7ae209f3a21b/screenshot - {}
RESULT: {}
COMMAND: POST /session/4bf8232c0472e0a498fe7ae209f3a21b/execute/async - {"script":"<script> [1562 bytes]","args":[{"selector":{"id":"application-managepartners-display-component---NewPartner--btnAddTableRow-img"},"wdio_ui5_key":"applicationmanagepartners-display-component---NewPartner--btnAddTableRow-img"}]}
RESULT: {"script":"<script> [1562 bytes]","args":[{"selector":{"id":"application-managepartners-display-component---NewPartner--btnAddTableRow-img"},"wdio_ui5_key":"applicationmanagepartners-display-component---NewPartner--btnAddTableRow-img"}]}
RESULT: undefined
COMMAND: POST /session/4bf8232c0472e0a498fe7ae209f3a21b/element - {"using":"xpath","value":"//*[@id=\"application-managepartners-display-component---NewPartner--btnAddTableRow-img\"]"}
RESULT: {"using":"xpath","value":"//*[@id=\"application-managepartners-display-component---NewPartner--btnAddTableRow-img\"]"}
COMMAND: POST /session/4bf8232c0472e0a498fe7ae209f3a21b/element/f.363B4D137147A2C10141CDA60C7BC6F9.d.6B26D82500DADFDD5EEF92294D31350A.e.5111/click - {}
RESULT: {}
COMMAND: GET /session/4bf8232c0472e0a498fe7ae209f3a21b/screenshot - {}
RESULT: {}
COMMAND: POST /session/4bf8232c0472e0a498fe7ae209f3a21b/element - {"using":"xpath","value":"//input[@id=\"application-managepartners-display-component---NewPartner--assignmentYard-application-managepartners-display-component---NewPartner--assignmentsTable-0-inner\"]"}
RESULT: {"using":"xpath","value":"//input[@id=\"application-managepartners-display-component---NewPartner--assignmentYard-application-managepartners-display-component---NewPartner--assignmentsTable-0-inner\"]"}
COMMAND: POST /session/4bf8232c0472e0a498fe7ae209f3a21b/element/f.363B4D137147A2C10141CDA60C7BC6F9.d.6B26D82500DADFDD5EEF92294D31350A.e.5114/clear - {}
RESULT: {}
COMMAND: POST /session/4bf8232c0472e0a498fe7ae209f3a21b/element/f.363B4D137147A2C10141CDA60C7BC6F9.d.6B26D82500DADFDD5EEF92294D31350A.e.5114/value - {"text":"628"}
COMMAND: GET /session/4bf8232c0472e0a498fe7ae209f3a21b/screenshot - {}
RESULT: {"text":"628"}
COMMAND: GET /session/4bf8232c0472e0a498fe7ae209f3a21b/screenshot - {}
RESULT: {}
RESULT: {}
COMMAND: POST /session/4bf8232c0472e0a498fe7ae209f3a21b/element - {"using":"xpath","value":"//li[.//span[text()='628']]"}
RESULT: {"using":"xpath","value":"//li[.//span[text()='628']]"}
COMMAND: POST /session/4bf8232c0472e0a498fe7ae209f3a21b/element/f.363B4D137147A2C10141CDA60C7BC6F9.d.6B26D82500DADFDD5EEF92294D31350A.e.5123/click - {}
RESULT: {}
COMMAND: GET /session/4bf8232c0472e0a498fe7ae209f3a21b/screenshot - {}
RESULT: {}
COMMAND: POST /session/4bf8232c0472e0a498fe7ae209f3a21b/actions - {"actions":[{"id":"action13","type":"key","parameters":{},"actions":[{"type":"keyDown","value":"î€‡"},{"type":"pause","duration":10},{"type":"keyUp","value":"î€‡"}]}]}
RESULT: {"actions":[{"id":"action13","type":"key","parameters":{},"actions":[{"type":"keyDown","value":"î€‡"},{"type":"pause","duration":10},{"type":"keyUp","value":"î€‡"}]}]}
COMMAND: POST /session/4bf8232c0472e0a498fe7ae209f3a21b/execute/async - {"script":"<script> [1562 bytes]","args":[{"selector":{"id":"application-managepartners-display-component---NewPartner--externalCustomerComboBox-application-managepartners-display-component---NewPartner--assignmentsTable-0-vhi"},"wdio_ui5_key":"applicationmanagepartners-display-component---NewPartner--externalCustomerComboBox-application-managepartners-display-component---NewPartner--assignmentsTable-0-vhi"}]}
COMMAND: GET /session/4bf8232c0472e0a498fe7ae209f3a21b/screenshot - {}
RESULT: {"script":"<script> [1562 bytes]","args":[{"selector":{"id":"application-managepartners-display-component---NewPartner--externalCustomerComboBox-application-managepartners-display-component---NewPartner--assignmentsTable-0-vhi"},"wdio_ui5_key":"applicationmanagepartners-display-component---NewPartner--externalCustomerComboBox-application-managepartners-display-component---NewPartner--assignmentsTable-0-vhi"}]}
RESULT: undefined
COMMAND: POST /session/4bf8232c0472e0a498fe7ae209f3a21b/element - {"using":"xpath","value":"//*[@id=\"application-managepartners-display-component---NewPartner--externalCustomerComboBox-application-managepartners-display-component---NewPartner--assignmentsTable-0-vhi\"]"}
RESULT: {}
RESULT: {"using":"xpath","value":"//*[@id=\"application-managepartners-display-component---NewPartner--externalCustomerComboBox-application-managepartners-display-component---NewPartner--assignmentsTable-0-vhi\"]"}
COMMAND: POST /session/4bf8232c0472e0a498fe7ae209f3a21b/element/f.363B4D137147A2C10141CDA60C7BC6F9.d.6B26D82500DADFDD5EEF92294D31350A.e.5127/click - {}
RESULT: {}
RESULT: undefined
COMMAND: POST /session/4bf8232c0472e0a498fe7ae209f3a21b/execute/async - {"script":"<script> [776 bytes]","args":[{"enterText":"300003","selector":{"controlType":"sap.m.SearchField","properties":{"placeholder":"Search"},"searchOpenDialogs":true,"interaction":{"idSuffix":"I"}},"clearTextFirst":true,"interactionType":"ENTER_TEXT"}]}
COMMAND: GET /session/4bf8232c0472e0a498fe7ae209f3a21b/screenshot - {}
RESULT: {"script":"<script> [776 bytes]","args":[{"enterText":"300003","selector":{"controlType":"sap.m.SearchField","properties":{"placeholder":"Search"},"searchOpenDialogs":true,"interaction":{"idSuffix":"I"}},"clearTextFirst":true,"interactionType":"ENTER_TEXT"}]}
COMMAND: POST /session/4bf8232c0472e0a498fe7ae209f3a21b/actions - {"actions":[{"id":"action14","type":"key","parameters":{},"actions":[{"type":"keyDown","value":"î€‡"},{"type":"pause","duration":10},{"type":"keyUp","value":"î€‡"}]}]}
RESULT: {}
RESULT: {"actions":[{"id":"action14","type":"key","parameters":{},"actions":[{"type":"keyDown","value":"î€‡"},{"type":"pause","duration":10},{"type":"keyUp","value":"î€‡"}]}]}
COMMAND: GET /session/4bf8232c0472e0a498fe7ae209f3a21b/screenshot - {}
RESULT: {}
COMMAND: POST /session/4bf8232c0472e0a498fe7ae209f3a21b/element - {"using":"xpath","value":"//span[contains(text(), \"300003\")]"}
RESULT: {"using":"xpath","value":"//span[contains(text(), \"300003\")]"}
COMMAND: POST /session/4bf8232c0472e0a498fe7ae209f3a21b/element/f.363B4D137147A2C10141CDA60C7BC6F9.d.6B26D82500DADFDD5EEF92294D31350A.e.5144/click - {}
RESULT: {}
COMMAND: GET /session/4bf8232c0472e0a498fe7ae209f3a21b/screenshot - {}
RESULT: {}
COMMAND: POST /session/4bf8232c0472e0a498fe7ae209f3a21b/element - {"using":"xpath","value":"//bdi[contains(text(), \"OK\")]"}
RESULT: {"using":"xpath","value":"//bdi[contains(text(), \"OK\")]"}
COMMAND: POST /session/4bf8232c0472e0a498fe7ae209f3a21b/element/f.363B4D137147A2C10141CDA60C7BC6F9.d.6B26D82500DADFDD5EEF92294D31350A.e.5146/click - {}
RESULT: {}
COMMAND: GET /session/4bf8232c0472e0a498fe7ae209f3a21b/screenshot - {}
RESULT: {}
COMMAND: POST /session/4bf8232c0472e0a498fe7ae209f3a21b/execute/async - {"script":"<script> [1562 bytes]","args":[{"selector":{"id":"application-managepartners-display-component---NewPartner--intercompVendorComboBox-application-managepartners-display-component---NewPartner--assignmentsTable-0-vhi"},"wdio_ui5_key":"applicationmanagepartners-display-component---NewPartner--intercompVendorComboBox-application-managepartners-display-component---NewPartner--assignmentsTable-0-vhi"}]}
RESULT: {"script":"<script> [1562 bytes]","args":[{"selector":{"id":"application-managepartners-display-component---NewPartner--intercompVendorComboBox-application-managepartners-display-component---NewPartner--assignmentsTable-0-vhi"},"wdio_ui5_key":"applicationmanagepartners-display-component---NewPartner--intercompVendorComboBox-application-managepartners-display-component---NewPartner--assignmentsTable-0-vhi"}]}
RESULT: undefined
COMMAND: POST /session/4bf8232c0472e0a498fe7ae209f3a21b/element - {"using":"xpath","value":"//*[@id=\"application-managepartners-display-component---NewPartner--intercompVendorComboBox-application-managepartners-display-component---NewPartner--assignmentsTable-0-vhi\"]"}
RESULT: {"using":"xpath","value":"//*[@id=\"application-managepartners-display-component---NewPartner--intercompVendorComboBox-application-managepartners-display-component---NewPartner--assignmentsTable-0-vhi\"]"}
COMMAND: POST /session/4bf8232c0472e0a498fe7ae209f3a21b/element/f.363B4D137147A2C10141CDA60C7BC6F9.d.6B26D82500DADFDD5EEF92294D31350A.e.5149/click - {}
RESULT: {}
RESULT: undefined
COMMAND: POST /session/4bf8232c0472e0a498fe7ae209f3a21b/execute/async - {"script":"<script> [776 bytes]","args":[{"enterText":"100005","selector":{"controlType":"sap.m.SearchField","properties":{"placeholder":"Search"},"searchOpenDialogs":true,"interaction":{"idSuffix":"I"}},"clearTextFirst":true,"interactionType":"ENTER_TEXT"}]}
COMMAND: GET /session/4bf8232c0472e0a498fe7ae209f3a21b/screenshot - {}
RESULT: {"script":"<script> [776 bytes]","args":[{"enterText":"100005","selector":{"controlType":"sap.m.SearchField","properties":{"placeholder":"Search"},"searchOpenDialogs":true,"interaction":{"idSuffix":"I"}},"clearTextFirst":true,"interactionType":"ENTER_TEXT"}]}
COMMAND: POST /session/4bf8232c0472e0a498fe7ae209f3a21b/actions - {"actions":[{"id":"action15","type":"key","parameters":{},"actions":[{"type":"keyDown","value":"î€‡"},{"type":"pause","duration":10},{"type":"keyUp","value":"î€‡"}]}]}
RESULT: {}
RESULT: {"actions":[{"id":"action15","type":"key","parameters":{},"actions":[{"type":"keyDown","value":"î€‡"},{"type":"pause","duration":10},{"type":"keyUp","value":"î€‡"}]}]}
COMMAND: GET /session/4bf8232c0472e0a498fe7ae209f3a21b/screenshot - {}
RESULT: {}
COMMAND: POST /session/4bf8232c0472e0a498fe7ae209f3a21b/element - {"using":"xpath","value":"//span[contains(text(), \"Penguins - Field/12345 Berlin\")]"}
RESULT: {"using":"xpath","value":"//span[contains(text(), \"Penguins - Field/12345 Berlin\")]"}
COMMAND: POST /session/4bf8232c0472e0a498fe7ae209f3a21b/element/f.363B4D137147A2C10141CDA60C7BC6F9.d.6B26D82500DADFDD5EEF92294D31350A.e.5166/click - {}
RESULT: {}
COMMAND: GET /session/4bf8232c0472e0a498fe7ae209f3a21b/screenshot - {}
RESULT: {}
COMMAND: POST /session/4bf8232c0472e0a498fe7ae209f3a21b/element - {"using":"xpath","value":"//bdi[contains(text(), \"OK\")]"}
RESULT: {"using":"xpath","value":"//bdi[contains(text(), \"OK\")]"}
COMMAND: POST /session/4bf8232c0472e0a498fe7ae209f3a21b/element/f.363B4D137147A2C10141CDA60C7BC6F9.d.6B26D82500DADFDD5EEF92294D31350A.e.5167/click - {}
RESULT: {}
COMMAND: GET /session/4bf8232c0472e0a498fe7ae209f3a21b/screenshot - {}
RESULT: {}
COMMAND: POST /session/4bf8232c0472e0a498fe7ae209f3a21b/element - {"using":"xpath","value":"//button[@data-kt=\"saveButton\"]"}
RESULT: {"using":"xpath","value":"//button[@data-kt=\"saveButton\"]"}
COMMAND: POST /session/4bf8232c0472e0a498fe7ae209f3a21b/element/f.363B4D137147A2C10141CDA60C7BC6F9.d.6B26D82500DADFDD5EEF92294D31350A.e.4949/click - {}
RESULT: {}
COMMAND: GET /session/4bf8232c0472e0a498fe7ae209f3a21b/screenshot - {}
RESULT: {}
COMMAND: POST /session/4bf8232c0472e0a498fe7ae209f3a21b/element - {"using":"xpath","value":"//header[contains(@id, 'ObjectPageLayout-headerTitle')]/div[1]/div[2]/div[2]/span[1]"}
RESULT: {"using":"xpath","value":"//header[contains(@id, 'ObjectPageLayout-headerTitle')]/div[1]/div[2]/div[2]/span[1]"}
COMMAND: POST /session/4bf8232c0472e0a498fe7ae209f3a21b/elements - {"using":"xpath","value":"//header[contains(@id, 'ObjectPageLayout-headerTitle')]/div[1]/div[2]/div[2]/span[1]"}
RESULT: {"using":"xpath","value":"//header[contains(@id, 'ObjectPageLayout-headerTitle')]/div[1]/div[2]/div[2]/span[1]"}
COMMAND: POST /session/4bf8232c0472e0a498fe7ae209f3a21b/execute/sync - {"script":"<script> [56 bytes]","args":[{"element-6066-11e4-a52e-4f735466cecf":"f.363B4D137147A2C10141CDA60C7BC6F9.d.6B26D82500DADFDD5EEF92294D31350A.e.5336","ELEMENT":"f.363B4D137147A2C10141CDA60C7BC6F9.d.6B26D82500DADFDD5EEF92294D31350A.e.5336"}]}
RESULT: {"script":"<script> [56 bytes]","args":[{"element-6066-11e4-a52e-4f735466cecf":"f.363B4D137147A2C10141CDA60C7BC6F9.d.6B26D82500DADFDD5EEF92294D31350A.e.5336","ELEMENT":"f.363B4D137147A2C10141CDA60C7BC6F9.d.6B26D82500DADFDD5EEF92294D31350A.e.5336"}]}
COMMAND: POST /session/4bf8232c0472e0a498fe7ae209f3a21b/element - {"using":"css selector","value":"#shell-header-logo"}
COMMAND: GET /session/4bf8232c0472e0a498fe7ae209f3a21b/screenshot - {}
RESULT: {"using":"css selector","value":"#shell-header-logo"}
COMMAND: POST /session/4bf8232c0472e0a498fe7ae209f3a21b/element/f.363B4D137147A2C10141CDA60C7BC6F9.d.6B26D82500DADFDD5EEF92294D31350A.e.4547/click - {}
RESULT: {}
RESULT: {}
COMMAND: GET /session/4bf8232c0472e0a498fe7ae209f3a21b/screenshot - {}
RESULT: {}
COMMAND: POST /session/4bf8232c0472e0a498fe7ae209f3a21b/execute/sync - {"script":"<script> [299 bytes]","args":[["getModel","getResource"]]}
RESULT: {"script":"<script> [299 bytes]","args":[["getModel","getResource"]]}
RESULT: undefined
COMMAND: POST /session/4bf8232c0472e0a498fe7ae209f3a21b/element - {"using":"xpath","value":"//*[@id=\"__tile30\"]"}
COMMAND: GET /session/4bf8232c0472e0a498fe7ae209f3a21b/screenshot - {}
RESULT: {"using":"xpath","value":"//*[@id=\"__tile30\"]"}
COMMAND: POST /session/4bf8232c0472e0a498fe7ae209f3a21b/element/f.363B4D137147A2C10141CDA60C7BC6F9.d.6B26D82500DADFDD5EEF92294D31350A.e.4467/click - {}
RESULT: {}
RESULT: {}
COMMAND: GET /session/4bf8232c0472e0a498fe7ae209f3a21b/screenshot - {}
RESULT: {}
COMMAND: POST /session/4bf8232c0472e0a498fe7ae209f3a21b/elements - {"using":"xpath","value":"//span[text()='Error']"}
RESULT: {"using":"xpath","value":"//span[text()='Error']"}
COMMAND: POST /session/4bf8232c0472e0a498fe7ae209f3a21b/element - {"using":"xpath","value":"//button[@data-kt=\"addButton\"]"}
RESULT: {"using":"xpath","value":"//button[@data-kt=\"addButton\"]"}
COMMAND: POST /session/4bf8232c0472e0a498fe7ae209f3a21b/elements - {"using":"xpath","value":"//button[@data-kt=\"addButton\"]"}
RESULT: {"using":"xpath","value":"//button[@data-kt=\"addButton\"]"}
COMMAND: POST /session/4bf8232c0472e0a498fe7ae209f3a21b/execute/sync - {"script":"<script> [8489 bytes]","args":[{"element-6066-11e4-a52e-4f735466cecf":"f.363B4D137147A2C10141CDA60C7BC6F9.d.6B26D82500DADFDD5EEF92294D31350A.e.5383","ELEMENT":"f.363B4D137147A2C10141CDA60C7BC6F9.d.6B26D82500DADFDD5EEF92294D31350A.e.5383"}]}
RESULT: {"script":"<script> [8489 bytes]","args":[{"element-6066-11e4-a52e-4f735466cecf":"f.363B4D137147A2C10141CDA60C7BC6F9.d.6B26D82500DADFDD5EEF92294D31350A.e.5383","ELEMENT":"f.363B4D137147A2C10141CDA60C7BC6F9.d.6B26D82500DADFDD5EEF92294D31350A.e.5383"}]}
COMMAND: GET /session/4bf8232c0472e0a498fe7ae209f3a21b/element/f.363B4D137147A2C10141CDA60C7BC6F9.d.6B26D82500DADFDD5EEF92294D31350A.e.5383/enabled - {}
COMMAND: GET /session/4bf8232c0472e0a498fe7ae209f3a21b/screenshot - {}
RESULT: {}
COMMAND: POST /session/4bf8232c0472e0a498fe7ae209f3a21b/execute/sync - {"script":"<script> [8489 bytes]","args":[{"element-6066-11e4-a52e-4f735466cecf":"f.363B4D137147A2C10141CDA60C7BC6F9.d.6B26D82500DADFDD5EEF92294D31350A.e.5383","ELEMENT":"f.363B4D137147A2C10141CDA60C7BC6F9.d.6B26D82500DADFDD5EEF92294D31350A.e.5383"}]}
COMMAND: GET /session/4bf8232c0472e0a498fe7ae209f3a21b/screenshot - {}
RESULT: {}
RESULT: {"script":"<script> [8489 bytes]","args":[{"element-6066-11e4-a52e-4f735466cecf":"f.363B4D137147A2C10141CDA60C7BC6F9.d.6B26D82500DADFDD5EEF92294D31350A.e.5383","ELEMENT":"f.363B4D137147A2C10141CDA60C7BC6F9.d.6B26D82500DADFDD5EEF92294D31350A.e.5383"}]}
COMMAND: POST /session/4bf8232c0472e0a498fe7ae209f3a21b/execute/sync - {"script":"<script> [5351 bytes]","args":[{"element-6066-11e4-a52e-4f735466cecf":"f.363B4D137147A2C10141CDA60C7BC6F9.d.6B26D82500DADFDD5EEF92294D31350A.e.5383","ELEMENT":"f.363B4D137147A2C10141CDA60C7BC6F9.d.6B26D82500DADFDD5EEF92294D31350A.e.5383"}]}
COMMAND: GET /session/4bf8232c0472e0a498fe7ae209f3a21b/screenshot - {}
RESULT: {}
RESULT: {"script":"<script> [5351 bytes]","args":[{"element-6066-11e4-a52e-4f735466cecf":"f.363B4D137147A2C10141CDA60C7BC6F9.d.6B26D82500DADFDD5EEF92294D31350A.e.5383","ELEMENT":"f.363B4D137147A2C10141CDA60C7BC6F9.d.6B26D82500DADFDD5EEF92294D31350A.e.5383"}]}
COMMAND: GET /session/4bf8232c0472e0a498fe7ae209f3a21b/screenshot - {}
RESULT: {}
RESULT: {}
COMMAND: POST /session/4bf8232c0472e0a498fe7ae209f3a21b/execute/async - {"script":"<script> [1562 bytes]","args":[{"selector":{"id":"application-managepartners-display-component---masterPtm--smartFilterBar-btnBasicSearch","interaction":{"idSuffix":"I"}},"wdio_ui5_key":"applicationmanagepartners-display-component---masterPtm--smartFilterBar-btnBasicSearch"}]}
RESULT: {"script":"<script> [1562 bytes]","args":[{"selector":{"id":"application-managepartners-display-component---masterPtm--smartFilterBar-btnBasicSearch","interaction":{"idSuffix":"I"}},"wdio_ui5_key":"applicationmanagepartners-display-component---masterPtm--smartFilterBar-btnBasicSearch"}]}
RESULT: undefined
COMMAND: POST /session/4bf8232c0472e0a498fe7ae209f3a21b/execute/async - {"script":"<script> [776 bytes]","args":[{"enterText":"1410","selector":{"id":"application-managepartners-display-component---masterPtm--smartFilterBar-btnBasicSearch","interaction":{"idSuffix":"I"}},"clearTextFirst":true,"interactionType":"ENTER_TEXT"}]}
RESULT: {"script":"<script> [776 bytes]","args":[{"enterText":"1410","selector":{"id":"application-managepartners-display-component---masterPtm--smartFilterBar-btnBasicSearch","interaction":{"idSuffix":"I"}},"clearTextFirst":true,"interactionType":"ENTER_TEXT"}]}
COMMAND: POST /session/4bf8232c0472e0a498fe7ae209f3a21b/actions - {"actions":[{"id":"action16","type":"key","parameters":{},"actions":[{"type":"keyDown","value":"î€‡"},{"type":"pause","duration":10},{"type":"keyUp","value":"î€‡"}]}]}
RESULT: {"actions":[{"id":"action16","type":"key","parameters":{},"actions":[{"type":"keyDown","value":"î€‡"},{"type":"pause","duration":10},{"type":"keyUp","value":"î€‡"}]}]}
COMMAND: GET /session/4bf8232c0472e0a498fe7ae209f3a21b/screenshot - {}
RESULT: {}
COMMAND: POST /session/4bf8232c0472e0a498fe7ae209f3a21b/elements - {"using":"xpath","value":"//table[contains(@id, \"customPartnersTable-listUl\")]/tbody/tr"}
RESULT: {"using":"xpath","value":"//table[contains(@id, \"customPartnersTable-listUl\")]/tbody/tr"}
COMMAND: POST /session/4bf8232c0472e0a498fe7ae209f3a21b/element - {"using":"xpath","value":"//table[contains(@id, \"customPartnersTable-listUl\")]/tbody/tr[1]/td[3]/span"}
RESULT: {"using":"xpath","value":"//table[contains(@id, \"customPartnersTable-listUl\")]/tbody/tr[1]/td[3]/span"}
COMMAND: POST /session/4bf8232c0472e0a498fe7ae209f3a21b/elements - {"using":"xpath","value":"//table[contains(@id, \"customPartnersTable-listUl\")]/tbody/tr[1]/td[3]/span"}
RESULT: {"using":"xpath","value":"//table[contains(@id, \"customPartnersTable-listUl\")]/tbody/tr[1]/td[3]/span"}
COMMAND: POST /session/4bf8232c0472e0a498fe7ae209f3a21b/execute/sync - {"script":"<script> [56 bytes]","args":[{"element-6066-11e4-a52e-4f735466cecf":"f.363B4D137147A2C10141CDA60C7BC6F9.d.6B26D82500DADFDD5EEF92294D31350A.e.5520","ELEMENT":"f.363B4D137147A2C10141CDA60C7BC6F9.d.6B26D82500DADFDD5EEF92294D31350A.e.5520"}]}
RESULT: {"script":"<script> [56 bytes]","args":[{"element-6066-11e4-a52e-4f735466cecf":"f.363B4D137147A2C10141CDA60C7BC6F9.d.6B26D82500DADFDD5EEF92294D31350A.e.5520","ELEMENT":"f.363B4D137147A2C10141CDA60C7BC6F9.d.6B26D82500DADFDD5EEF92294D31350A.e.5520"}]}
COMMAND: POST /session/4bf8232c0472e0a498fe7ae209f3a21b/element - {"using":"xpath","value":"(//span[contains(@id, \"imgNav\")])[1]"}
COMMAND: GET /session/4bf8232c0472e0a498fe7ae209f3a21b/screenshot - {}
RESULT: {"using":"xpath","value":"(//span[contains(@id, \"imgNav\")])[1]"}
COMMAND: POST /session/4bf8232c0472e0a498fe7ae209f3a21b/element/f.363B4D137147A2C10141CDA60C7BC6F9.d.6B26D82500DADFDD5EEF92294D31350A.e.5518/click - {}
RESULT: {}
RESULT: {}
COMMAND: GET /session/4bf8232c0472e0a498fe7ae209f3a21b/screenshot - {}
RESULT: {}
COMMAND: POST /session/4bf8232c0472e0a498fe7ae209f3a21b/element - {"using":"xpath","value":"//bdi[contains(text(), \"Edit\")]"}
RESULT: {"using":"xpath","value":"//bdi[contains(text(), \"Edit\")]"}
COMMAND: POST /session/4bf8232c0472e0a498fe7ae209f3a21b/element/f.363B4D137147A2C10141CDA60C7BC6F9.d.6B26D82500DADFDD5EEF92294D31350A.e.5665/click - {}
RESULT: {}
COMMAND: GET /session/4bf8232c0472e0a498fe7ae209f3a21b/screenshot - {}
RESULT: {}
COMMAND: POST /session/4bf8232c0472e0a498fe7ae209f3a21b/execute/async - {"script":"<script> [1562 bytes]","args":[{"selector":{"controlType":"sap.m.Input","viewName":"etm.portal.ui.managepartners.view.EditDetail","labelFor":{"text":"Name"},"interaction":{"idSuffix":"inner"}},"wdio_ui5_key":"etmportal.ui.managepartners.view.EditDetailsap.m.Input{\"text\":\"Name\"}"}]}
RESULT: {"script":"<script> [1562 bytes]","args":[{"selector":{"controlType":"sap.m.Input","viewName":"etm.portal.ui.managepartners.view.EditDetail","labelFor":{"text":"Name"},"interaction":{"idSuffix":"inner"}},"wdio_ui5_key":"etmportal.ui.managepartners.view.EditDetailsap.m.Input{\"text\":\"Name\"}"}]}
RESULT: undefined
COMMAND: POST /session/4bf8232c0472e0a498fe7ae209f3a21b/execute/async - {"script":"<script> [776 bytes]","args":[{"enterText":"Intracompany EDIT","selector":{"controlType":"sap.m.Input","viewName":"etm.portal.ui.managepartners.view.EditDetail","labelFor":{"text":"Name"},"interaction":{"idSuffix":"inner"}},"clearTextFirst":true,"interactionType":"ENTER_TEXT"}]}
RESULT: {"script":"<script> [776 bytes]","args":[{"enterText":"Intracompany EDIT","selector":{"controlType":"sap.m.Input","viewName":"etm.portal.ui.managepartners.view.EditDetail","labelFor":{"text":"Name"},"interaction":{"idSuffix":"inner"}},"clearTextFirst":true,"interactionType":"ENTER_TEXT"}]}
COMMAND: POST /session/4bf8232c0472e0a498fe7ae209f3a21b/element - {"using":"xpath","value":"(//span[contains(@id,\"addressDetailDetailsLanguage-arrow\")])[1]"}
RESULT: {"using":"xpath","value":"(//span[contains(@id,\"addressDetailDetailsLanguage-arrow\")])[1]"}
COMMAND: POST /session/4bf8232c0472e0a498fe7ae209f3a21b/element/f.363B4D137147A2C10141CDA60C7BC6F9.d.6B26D82500DADFDD5EEF92294D31350A.e.5750/click - {}
RESULT: {}
COMMAND: POST /session/4bf8232c0472e0a498fe7ae209f3a21b/element - {"using":"xpath","value":"//span[contains(text(), \"Chinese\")]"}
COMMAND: GET /session/4bf8232c0472e0a498fe7ae209f3a21b/screenshot - {}
RESULT: {"using":"xpath","value":"//span[contains(text(), \"Chinese\")]"}
COMMAND: POST /session/4bf8232c0472e0a498fe7ae209f3a21b/element/f.363B4D137147A2C10141CDA60C7BC6F9.d.6B26D82500DADFDD5EEF92294D31350A.e.5751/click - {}
RESULT: {}
RESULT: {}
COMMAND: GET /session/4bf8232c0472e0a498fe7ae209f3a21b/screenshot - {}
RESULT: {}
COMMAND: POST /session/4bf8232c0472e0a498fe7ae209f3a21b/execute/async - {"script":"<script> [1562 bytes]","args":[{"selector":{"controlType":"sap.m.Input","viewName":"etm.portal.ui.managepartners.view.EditDetail","labelFor":{"text":"City"},"interaction":{"idSuffix":"inner"}},"wdio_ui5_key":"etmportal.ui.managepartners.view.EditDetailsap.m.Input{\"text\":\"City\"}"}]}
RESULT: {"script":"<script> [1562 bytes]","args":[{"selector":{"controlType":"sap.m.Input","viewName":"etm.portal.ui.managepartners.view.EditDetail","labelFor":{"text":"City"},"interaction":{"idSuffix":"inner"}},"wdio_ui5_key":"etmportal.ui.managepartners.view.EditDetailsap.m.Input{\"text\":\"City\"}"}]}
RESULT: undefined
COMMAND: POST /session/4bf8232c0472e0a498fe7ae209f3a21b/execute/async - {"script":"<script> [776 bytes]","args":[{"enterText":"Clooj-Napoca","selector":{"controlType":"sap.m.Input","viewName":"etm.portal.ui.managepartners.view.EditDetail","labelFor":{"text":"City"},"interaction":{"idSuffix":"inner"}},"clearTextFirst":true,"interactionType":"ENTER_TEXT"}]}
RESULT: {"script":"<script> [776 bytes]","args":[{"enterText":"Clooj-Napoca","selector":{"controlType":"sap.m.Input","viewName":"etm.portal.ui.managepartners.view.EditDetail","labelFor":{"text":"City"},"interaction":{"idSuffix":"inner"}},"clearTextFirst":true,"interactionType":"ENTER_TEXT"}]}
COMMAND: POST /session/4bf8232c0472e0a498fe7ae209f3a21b/element - {"using":"xpath","value":"//button[@data-kt=\"saveButton\"]"}
RESULT: {"using":"xpath","value":"//button[@data-kt=\"saveButton\"]"}
COMMAND: POST /session/4bf8232c0472e0a498fe7ae209f3a21b/element/f.363B4D137147A2C10141CDA60C7BC6F9.d.6B26D82500DADFDD5EEF92294D31350A.e.5727/click - {}
RESULT: {}
COMMAND: GET /session/4bf8232c0472e0a498fe7ae209f3a21b/screenshot - {}
RESULT: {}
COMMAND: POST /session/4bf8232c0472e0a498fe7ae209f3a21b/execute/async - {"script":"<script> [1562 bytes]","args":[{"selector":{"id":"application-managepartners-display-component---detailPtm--addressDetailDetailsName1"},"wdio_ui5_key":"applicationmanagepartners-display-component---detailPtm--addressDetailDetailsName1"}]}
RESULT: {"script":"<script> [1562 bytes]","args":[{"selector":{"id":"application-managepartners-display-component---detailPtm--addressDetailDetailsName1"},"wdio_ui5_key":"applicationmanagepartners-display-component---detailPtm--addressDetailDetailsName1"}]}
RESULT: undefined
COMMAND: POST /session/4bf8232c0472e0a498fe7ae209f3a21b/execute/async - {"script":"<script> [6424 bytes]","args":[{"element-6066-11e4-a52e-4f735466cecf":"f.363B4D137147A2C10141CDA60C7BC6F9.d.6B26D82500DADFDD5EEF92294D31350A.e.5767"},"getValue",[]]}
RESULT: {"script":"<script> [6424 bytes]","args":[{"element-6066-11e4-a52e-4f735466cecf":"f.363B4D137147A2C10141CDA60C7BC6F9.d.6B26D82500DADFDD5EEF92294D31350A.e.5767"},"getValue",[]]}
COMMAND: POST /session/4bf8232c0472e0a498fe7ae209f3a21b/element - {"using":"xpath","value":"//input[@id = \"application-managepartners-display-component---detailPtm--addressDetailDetailsLanguage-inner\"]"}
RESULT: {"using":"xpath","value":"//input[@id = \"application-managepartners-display-component---detailPtm--addressDetailDetailsLanguage-inner\"]"}
COMMAND: GET /session/4bf8232c0472e0a498fe7ae209f3a21b/element/f.363B4D137147A2C10141CDA60C7BC6F9.d.6B26D82500DADFDD5EEF92294D31350A.e.5768/property/value - {}
RESULT: {}
COMMAND: POST /session/4bf8232c0472e0a498fe7ae209f3a21b/execute/async - {"script":"<script> [1562 bytes]","args":[{"selector":{"id":"application-managepartners-display-component---detailPtm--addressDetailDetailsCity1"},"wdio_ui5_key":"applicationmanagepartners-display-component---detailPtm--addressDetailDetailsCity1"}]}
COMMAND: GET /session/4bf8232c0472e0a498fe7ae209f3a21b/screenshot - {}
RESULT: {"script":"<script> [1562 bytes]","args":[{"selector":{"id":"application-managepartners-display-component---detailPtm--addressDetailDetailsCity1"},"wdio_ui5_key":"applicationmanagepartners-display-component---detailPtm--addressDetailDetailsCity1"}]}
RESULT: undefined
COMMAND: POST /session/4bf8232c0472e0a498fe7ae209f3a21b/execute/async - {"script":"<script> [6424 bytes]","args":[{"element-6066-11e4-a52e-4f735466cecf":"f.363B4D137147A2C10141CDA60C7BC6F9.d.6B26D82500DADFDD5EEF92294D31350A.e.5769"},"getValue",[]]}
RESULT: {}
RESULT: {"script":"<script> [6424 bytes]","args":[{"element-6066-11e4-a52e-4f735466cecf":"f.363B4D137147A2C10141CDA60C7BC6F9.d.6B26D82500DADFDD5EEF92294D31350A.e.5769"},"getValue",[]]}
COMMAND: POST /session/4bf8232c0472e0a498fe7ae209f3a21b/element - {"using":"css selector","value":"#shell-header-logo"}
RESULT: {"using":"css selector","value":"#shell-header-logo"}
COMMAND: POST /session/4bf8232c0472e0a498fe7ae209f3a21b/element/f.363B4D137147A2C10141CDA60C7BC6F9.d.6B26D82500DADFDD5EEF92294D31350A.e.5339/click - {}
RESULT: {}
COMMAND: GET /session/4bf8232c0472e0a498fe7ae209f3a21b/screenshot - {}
RESULT: {}
]]></system-out>
    </testcase>
    <testcase classname="chrome.136_0_7103_93.windows.Partner_specific_tests_US150819_US151080_US151654_US151176_US103444_US151078_US151079_US151109_US151174_US151175_US151189" name="Should do filtering and navigation tests US151109" time="153.115">
      <system-out><![CDATA[
COMMAND: POST /session/4bf8232c0472e0a498fe7ae209f3a21b/element - {"using":"xpath","value":"//li[.//span[text()=\"Manage Partners\"]]"}
RESULT: {"using":"xpath","value":"//li[.//span[text()=\"Manage Partners\"]]"}
COMMAND: POST /session/4bf8232c0472e0a498fe7ae209f3a21b/element - {"using":"xpath","value":"//li[.//span[text()=\"Manage Partners\"]]"}
RESULT: {"using":"xpath","value":"//li[.//span[text()=\"Manage Partners\"]]"}
COMMAND: POST /session/4bf8232c0472e0a498fe7ae209f3a21b/element - {"using":"css selector","value":"#shell-header-logo"}
RESULT: {"using":"css selector","value":"#shell-header-logo"}
COMMAND: POST /session/4bf8232c0472e0a498fe7ae209f3a21b/element/f.363B4D137147A2C10141CDA60C7BC6F9.d.6B26D82500DADFDD5EEF92294D31350A.e.5814/click - {}
COMMAND: POST /session/4bf8232c0472e0a498fe7ae209f3a21b/execute/sync - {"script":"<script> [8489 bytes]","args":[{"element-6066-11e4-a52e-4f735466cecf":"f.363B4D137147A2C10141CDA60C7BC6F9.d.6B26D82500DADFDD5EEF92294D31350A.e.5814","ELEMENT":"f.363B4D137147A2C10141CDA60C7BC6F9.d.6B26D82500DADFDD5EEF92294D31350A.e.5814"}]}
RESULT: {}
COMMAND: GET /session/4bf8232c0472e0a498fe7ae209f3a21b/screenshot - {}
RESULT: {"script":"<script> [8489 bytes]","args":[{"element-6066-11e4-a52e-4f735466cecf":"f.363B4D137147A2C10141CDA60C7BC6F9.d.6B26D82500DADFDD5EEF92294D31350A.e.5814","ELEMENT":"f.363B4D137147A2C10141CDA60C7BC6F9.d.6B26D82500DADFDD5EEF92294D31350A.e.5814"}]}
COMMAND: POST /session/4bf8232c0472e0a498fe7ae209f3a21b/execute/sync - {"script":"<script> [5351 bytes]","args":[{"element-6066-11e4-a52e-4f735466cecf":"f.363B4D137147A2C10141CDA60C7BC6F9.d.6B26D82500DADFDD5EEF92294D31350A.e.5814","ELEMENT":"f.363B4D137147A2C10141CDA60C7BC6F9.d.6B26D82500DADFDD5EEF92294D31350A.e.5814"}]}
COMMAND: GET /session/4bf8232c0472e0a498fe7ae209f3a21b/screenshot - {}
RESULT: {}
RESULT: {"script":"<script> [5351 bytes]","args":[{"element-6066-11e4-a52e-4f735466cecf":"f.363B4D137147A2C10141CDA60C7BC6F9.d.6B26D82500DADFDD5EEF92294D31350A.e.5814","ELEMENT":"f.363B4D137147A2C10141CDA60C7BC6F9.d.6B26D82500DADFDD5EEF92294D31350A.e.5814"}]}
COMMAND: GET /session/4bf8232c0472e0a498fe7ae209f3a21b/screenshot - {}
RESULT: {}
RESULT: {}
RESULT: undefined
COMMAND: POST /session/4bf8232c0472e0a498fe7ae209f3a21b/element - {"using":"xpath","value":"//*[@id=\"__tile30\"]"}
RESULT: {"using":"xpath","value":"//*[@id=\"__tile30\"]"}
COMMAND: POST /session/4bf8232c0472e0a498fe7ae209f3a21b/element/f.363B4D137147A2C10141CDA60C7BC6F9.d.6B26D82500DADFDD5EEF92294D31350A.e.4467/click - {}
RESULT: {}
COMMAND: GET /session/4bf8232c0472e0a498fe7ae209f3a21b/screenshot - {}
RESULT: {}
COMMAND: POST /session/4bf8232c0472e0a498fe7ae209f3a21b/elements - {"using":"xpath","value":"//span[text()='Error']"}
RESULT: {"using":"xpath","value":"//span[text()='Error']"}
COMMAND: POST /session/4bf8232c0472e0a498fe7ae209f3a21b/element - {"using":"xpath","value":"//button[@data-kt=\"addButton\"]"}
RESULT: {"using":"xpath","value":"//button[@data-kt=\"addButton\"]"}
COMMAND: POST /session/4bf8232c0472e0a498fe7ae209f3a21b/elements - {"using":"xpath","value":"//button[@data-kt=\"addButton\"]"}
RESULT: {"using":"xpath","value":"//button[@data-kt=\"addButton\"]"}
COMMAND: POST /session/4bf8232c0472e0a498fe7ae209f3a21b/execute/sync - {"script":"<script> [8489 bytes]","args":[{"element-6066-11e4-a52e-4f735466cecf":"f.363B4D137147A2C10141CDA60C7BC6F9.d.6B26D82500DADFDD5EEF92294D31350A.e.5859","ELEMENT":"f.363B4D137147A2C10141CDA60C7BC6F9.d.6B26D82500DADFDD5EEF92294D31350A.e.5859"}]}
RESULT: {"script":"<script> [8489 bytes]","args":[{"element-6066-11e4-a52e-4f735466cecf":"f.363B4D137147A2C10141CDA60C7BC6F9.d.6B26D82500DADFDD5EEF92294D31350A.e.5859","ELEMENT":"f.363B4D137147A2C10141CDA60C7BC6F9.d.6B26D82500DADFDD5EEF92294D31350A.e.5859"}]}
COMMAND: GET /session/4bf8232c0472e0a498fe7ae209f3a21b/element/f.363B4D137147A2C10141CDA60C7BC6F9.d.6B26D82500DADFDD5EEF92294D31350A.e.5859/enabled - {}
COMMAND: GET /session/4bf8232c0472e0a498fe7ae209f3a21b/screenshot - {}
RESULT: {}
COMMAND: POST /session/4bf8232c0472e0a498fe7ae209f3a21b/execute/sync - {"script":"<script> [8489 bytes]","args":[{"element-6066-11e4-a52e-4f735466cecf":"f.363B4D137147A2C10141CDA60C7BC6F9.d.6B26D82500DADFDD5EEF92294D31350A.e.5859","ELEMENT":"f.363B4D137147A2C10141CDA60C7BC6F9.d.6B26D82500DADFDD5EEF92294D31350A.e.5859"}]}
COMMAND: GET /session/4bf8232c0472e0a498fe7ae209f3a21b/screenshot - {}
RESULT: {}
RESULT: {"script":"<script> [8489 bytes]","args":[{"element-6066-11e4-a52e-4f735466cecf":"f.363B4D137147A2C10141CDA60C7BC6F9.d.6B26D82500DADFDD5EEF92294D31350A.e.5859","ELEMENT":"f.363B4D137147A2C10141CDA60C7BC6F9.d.6B26D82500DADFDD5EEF92294D31350A.e.5859"}]}
COMMAND: POST /session/4bf8232c0472e0a498fe7ae209f3a21b/execute/sync - {"script":"<script> [5351 bytes]","args":[{"element-6066-11e4-a52e-4f735466cecf":"f.363B4D137147A2C10141CDA60C7BC6F9.d.6B26D82500DADFDD5EEF92294D31350A.e.5859","ELEMENT":"f.363B4D137147A2C10141CDA60C7BC6F9.d.6B26D82500DADFDD5EEF92294D31350A.e.5859"}]}
COMMAND: GET /session/4bf8232c0472e0a498fe7ae209f3a21b/screenshot - {}
RESULT: {}
RESULT: {"script":"<script> [5351 bytes]","args":[{"element-6066-11e4-a52e-4f735466cecf":"f.363B4D137147A2C10141CDA60C7BC6F9.d.6B26D82500DADFDD5EEF92294D31350A.e.5859","ELEMENT":"f.363B4D137147A2C10141CDA60C7BC6F9.d.6B26D82500DADFDD5EEF92294D31350A.e.5859"}]}
COMMAND: GET /session/4bf8232c0472e0a498fe7ae209f3a21b/screenshot - {}
RESULT: {}
RESULT: {}
COMMAND: POST /session/4bf8232c0472e0a498fe7ae209f3a21b/element - {"using":"xpath","value":"//span[@id=\"application-managepartners-display-component---masterPtm--smartTable-header-inner\"]"}
RESULT: {"using":"xpath","value":"//span[@id=\"application-managepartners-display-component---masterPtm--smartTable-header-inner\"]"}
COMMAND: POST /session/4bf8232c0472e0a498fe7ae209f3a21b/elements - {"using":"xpath","value":"//span[@id=\"application-managepartners-display-component---masterPtm--smartTable-header-inner\"]"}
RESULT: {"using":"xpath","value":"//span[@id=\"application-managepartners-display-component---masterPtm--smartTable-header-inner\"]"}
COMMAND: POST /session/4bf8232c0472e0a498fe7ae209f3a21b/execute/sync - {"script":"<script> [56 bytes]","args":[{"element-6066-11e4-a52e-4f735466cecf":"f.363B4D137147A2C10141CDA60C7BC6F9.d.6B26D82500DADFDD5EEF92294D31350A.e.5983","ELEMENT":"f.363B4D137147A2C10141CDA60C7BC6F9.d.6B26D82500DADFDD5EEF92294D31350A.e.5983"}]}
RESULT: {"script":"<script> [56 bytes]","args":[{"element-6066-11e4-a52e-4f735466cecf":"f.363B4D137147A2C10141CDA60C7BC6F9.d.6B26D82500DADFDD5EEF92294D31350A.e.5983","ELEMENT":"f.363B4D137147A2C10141CDA60C7BC6F9.d.6B26D82500DADFDD5EEF92294D31350A.e.5983"}]}
RESULT: undefined
COMMAND: POST /session/4bf8232c0472e0a498fe7ae209f3a21b/execute/async - {"script":"<script> [776 bytes]","args":[{"enterText":"External Partner WDIO","selector":{"id":"application-managepartners-display-component---masterPtm--smartFilterBar-btnBasicSearch","interaction":{"idSuffix":"I"}},"clearTextFirst":true,"interactionType":"ENTER_TEXT"}]}
COMMAND: GET /session/4bf8232c0472e0a498fe7ae209f3a21b/screenshot - {}
RESULT: {"script":"<script> [776 bytes]","args":[{"enterText":"External Partner WDIO","selector":{"id":"application-managepartners-display-component---masterPtm--smartFilterBar-btnBasicSearch","interaction":{"idSuffix":"I"}},"clearTextFirst":true,"interactionType":"ENTER_TEXT"}]}
RESULT: {}
COMMAND: POST /session/4bf8232c0472e0a498fe7ae209f3a21b/actions - {"actions":[{"id":"action17","type":"key","parameters":{},"actions":[{"type":"keyDown","value":"î€‡"},{"type":"pause","duration":10},{"type":"keyUp","value":"î€‡"}]}]}
RESULT: {"actions":[{"id":"action17","type":"key","parameters":{},"actions":[{"type":"keyDown","value":"î€‡"},{"type":"pause","duration":10},{"type":"keyUp","value":"î€‡"}]}]}
COMMAND: GET /session/4bf8232c0472e0a498fe7ae209f3a21b/screenshot - {}
RESULT: {}
COMMAND: POST /session/4bf8232c0472e0a498fe7ae209f3a21b/element - {"using":"xpath","value":"//span[@id=\"application-managepartners-display-component---masterPtm--smartTable-header-inner\"]"}
RESULT: {"using":"xpath","value":"//span[@id=\"application-managepartners-display-component---masterPtm--smartTable-header-inner\"]"}
COMMAND: POST /session/4bf8232c0472e0a498fe7ae209f3a21b/elements - {"using":"xpath","value":"//span[@id=\"application-managepartners-display-component---masterPtm--smartTable-header-inner\"]"}
RESULT: {"using":"xpath","value":"//span[@id=\"application-managepartners-display-component---masterPtm--smartTable-header-inner\"]"}
COMMAND: POST /session/4bf8232c0472e0a498fe7ae209f3a21b/execute/sync - {"script":"<script> [56 bytes]","args":[{"element-6066-11e4-a52e-4f735466cecf":"f.363B4D137147A2C10141CDA60C7BC6F9.d.6B26D82500DADFDD5EEF92294D31350A.e.5983","ELEMENT":"f.363B4D137147A2C10141CDA60C7BC6F9.d.6B26D82500DADFDD5EEF92294D31350A.e.5983"}]}
RESULT: {"script":"<script> [56 bytes]","args":[{"element-6066-11e4-a52e-4f735466cecf":"f.363B4D137147A2C10141CDA60C7BC6F9.d.6B26D82500DADFDD5EEF92294D31350A.e.5983","ELEMENT":"f.363B4D137147A2C10141CDA60C7BC6F9.d.6B26D82500DADFDD5EEF92294D31350A.e.5983"}]}
COMMAND: POST /session/4bf8232c0472e0a498fe7ae209f3a21b/element - {"using":"xpath","value":"//div[contains(@id, \"managepartners-display-component---masterPtm--smartFilterBar-btnBasicSearch-reset\")]"}
COMMAND: GET /session/4bf8232c0472e0a498fe7ae209f3a21b/screenshot - {}
RESULT: {"using":"xpath","value":"//div[contains(@id, \"managepartners-display-component---masterPtm--smartFilterBar-btnBasicSearch-reset\")]"}
COMMAND: POST /session/4bf8232c0472e0a498fe7ae209f3a21b/element/f.363B4D137147A2C10141CDA60C7BC6F9.d.6B26D82500DADFDD5EEF92294D31350A.e.6144/click - {}
RESULT: {}
RESULT: {}
COMMAND: GET /session/4bf8232c0472e0a498fe7ae209f3a21b/screenshot - {}
RESULT: {}
COMMAND: POST /session/4bf8232c0472e0a498fe7ae209f3a21b/execute/async - {"script":"<script> [1562 bytes]","args":[{"selector":{"id":"application-managepartners-display-component---masterPtm--smartFilterBar-filterItemControl_BASIC-MAIN_ADDRESS-vhi"},"wdio_ui5_key":"applicationmanagepartners-display-component---masterPtm--smartFilterBar-filterItemControl_BASIC-MAIN_ADDRESS-vhi"}]}
RESULT: {"script":"<script> [1562 bytes]","args":[{"selector":{"id":"application-managepartners-display-component---masterPtm--smartFilterBar-filterItemControl_BASIC-MAIN_ADDRESS-vhi"},"wdio_ui5_key":"applicationmanagepartners-display-component---masterPtm--smartFilterBar-filterItemControl_BASIC-MAIN_ADDRESS-vhi"}]}
RESULT: undefined
COMMAND: POST /session/4bf8232c0472e0a498fe7ae209f3a21b/element - {"using":"xpath","value":"//*[@id=\"application-managepartners-display-component---masterPtm--smartFilterBar-filterItemControl_BASIC-MAIN_ADDRESS-vhi\"]"}
RESULT: {"using":"xpath","value":"//*[@id=\"application-managepartners-display-component---masterPtm--smartFilterBar-filterItemControl_BASIC-MAIN_ADDRESS-vhi\"]"}
COMMAND: POST /session/4bf8232c0472e0a498fe7ae209f3a21b/element/f.363B4D137147A2C10141CDA60C7BC6F9.d.6B26D82500DADFDD5EEF92294D31350A.e.6224/click - {}
RESULT: {}
COMMAND: GET /session/4bf8232c0472e0a498fe7ae209f3a21b/screenshot - {}
RESULT: {}
COMMAND: POST /session/4bf8232c0472e0a498fe7ae209f3a21b/execute/async - {"script":"<script> [1562 bytes]","args":[{"selector":{"id":"application-managepartners-display-component---masterPtm--smartFilterBar-filterItemControl_BASIC-MAIN_ADDRESS-valueHelpDialog-smartFilterBar-btnBasicSearch","searchOpenDialogs":true,"interaction":{"idSuffix":"I"}},"wdio_ui5_key":"applicationmanagepartners-display-component---masterPtm--smartFilterBar-filterItemControl_BASIC-MAIN_ADDRESS-valueHelpDialog-smartFilterBar-btnBasicSearch"}]}
RESULT: {"script":"<script> [1562 bytes]","args":[{"selector":{"id":"application-managepartners-display-component---masterPtm--smartFilterBar-filterItemControl_BASIC-MAIN_ADDRESS-valueHelpDialog-smartFilterBar-btnBasicSearch","searchOpenDialogs":true,"interaction":{"idSuffix":"I"}},"wdio_ui5_key":"applicationmanagepartners-display-component---masterPtm--smartFilterBar-filterItemControl_BASIC-MAIN_ADDRESS-valueHelpDialog-smartFilterBar-btnBasicSearch"}]}
RESULT: undefined
COMMAND: POST /session/4bf8232c0472e0a498fe7ae209f3a21b/execute/async - {"script":"<script> [776 bytes]","args":[{"enterText":"Romania","selector":{"id":"application-managepartners-display-component---masterPtm--smartFilterBar-filterItemControl_BASIC-MAIN_ADDRESS-valueHelpDialog-smartFilterBar-btnBasicSearch","searchOpenDialogs":true,"interaction":{"idSuffix":"I"}},"clearTextFirst":true,"interactionType":"ENTER_TEXT"}]}
RESULT: {"script":"<script> [776 bytes]","args":[{"enterText":"Romania","selector":{"id":"application-managepartners-display-component---masterPtm--smartFilterBar-filterItemControl_BASIC-MAIN_ADDRESS-valueHelpDialog-smartFilterBar-btnBasicSearch","searchOpenDialogs":true,"interaction":{"idSuffix":"I"}},"clearTextFirst":true,"interactionType":"ENTER_TEXT"}]}
COMMAND: POST /session/4bf8232c0472e0a498fe7ae209f3a21b/actions - {"actions":[{"id":"action18","type":"key","parameters":{},"actions":[{"type":"keyDown","value":"î€‡"},{"type":"pause","duration":10},{"type":"keyUp","value":"î€‡"}]}]}
RESULT: {"actions":[{"id":"action18","type":"key","parameters":{},"actions":[{"type":"keyDown","value":"î€‡"},{"type":"pause","duration":10},{"type":"keyUp","value":"î€‡"}]}]}
COMMAND: POST /session/4bf8232c0472e0a498fe7ae209f3a21b/elements - {"using":"xpath","value":"//table[contains(@id, \"smartFilterBar-filterItemControl_BASIC-MAIN_ADDRESS-valueHelpDialog-table-table\")]/tbody/tr"}
COMMAND: GET /session/4bf8232c0472e0a498fe7ae209f3a21b/screenshot - {}
RESULT: {"using":"xpath","value":"//table[contains(@id, \"smartFilterBar-filterItemControl_BASIC-MAIN_ADDRESS-valueHelpDialog-table-table\")]/tbody/tr"}
COMMAND: POST /session/4bf8232c0472e0a498fe7ae209f3a21b/element - {"using":"xpath","value":"//table[contains(@id, \"smartFilterBar-filterItemControl_BASIC-MAIN_ADDRESS-valueHelpDialog-table-table\")]/tbody/tr[1]/td[1]/div/span"}
RESULT: {}
RESULT: {"using":"xpath","value":"//table[contains(@id, \"smartFilterBar-filterItemControl_BASIC-MAIN_ADDRESS-valueHelpDialog-table-table\")]/tbody/tr[1]/td[1]/div/span"}
COMMAND: POST /session/4bf8232c0472e0a498fe7ae209f3a21b/elements - {"using":"xpath","value":"//table[contains(@id, \"smartFilterBar-filterItemControl_BASIC-MAIN_ADDRESS-valueHelpDialog-table-table\")]/tbody/tr[1]/td[1]/div/span"}
RESULT: {"using":"xpath","value":"//table[contains(@id, \"smartFilterBar-filterItemControl_BASIC-MAIN_ADDRESS-valueHelpDialog-table-table\")]/tbody/tr[1]/td[1]/div/span"}
COMMAND: POST /session/4bf8232c0472e0a498fe7ae209f3a21b/execute/sync - {"script":"<script> [56 bytes]","args":[{"element-6066-11e4-a52e-4f735466cecf":"f.363B4D137147A2C10141CDA60C7BC6F9.d.6B26D82500DADFDD5EEF92294D31350A.e.6243","ELEMENT":"f.363B4D137147A2C10141CDA60C7BC6F9.d.6B26D82500DADFDD5EEF92294D31350A.e.6243"}]}
RESULT: {"script":"<script> [56 bytes]","args":[{"element-6066-11e4-a52e-4f735466cecf":"f.363B4D137147A2C10141CDA60C7BC6F9.d.6B26D82500DADFDD5EEF92294D31350A.e.6243","ELEMENT":"f.363B4D137147A2C10141CDA60C7BC6F9.d.6B26D82500DADFDD5EEF92294D31350A.e.6243"}]}
COMMAND: POST /session/4bf8232c0472e0a498fe7ae209f3a21b/element - {"using":"xpath","value":"//div[contains(@id, \"filterItemControl_BASIC-MAIN_ADDRESS-valueHelpDialog-table-rowsel0\")]"}
COMMAND: GET /session/4bf8232c0472e0a498fe7ae209f3a21b/screenshot - {}
RESULT: {"using":"xpath","value":"//div[contains(@id, \"filterItemControl_BASIC-MAIN_ADDRESS-valueHelpDialog-table-rowsel0\")]"}
COMMAND: POST /session/4bf8232c0472e0a498fe7ae209f3a21b/element/f.363B4D137147A2C10141CDA60C7BC6F9.d.6B26D82500DADFDD5EEF92294D31350A.e.6244/click - {}
RESULT: {}
RESULT: {}
COMMAND: GET /session/4bf8232c0472e0a498fe7ae209f3a21b/screenshot - {}
RESULT: {}
COMMAND: POST /session/4bf8232c0472e0a498fe7ae209f3a21b/element - {"using":"xpath","value":"(//bdi[contains(text(), \"OK\")])[1]"}
RESULT: {"using":"xpath","value":"(//bdi[contains(text(), \"OK\")])[1]"}
COMMAND: POST /session/4bf8232c0472e0a498fe7ae209f3a21b/element/f.363B4D137147A2C10141CDA60C7BC6F9.d.6B26D82500DADFDD5EEF92294D31350A.e.6246/click - {}
RESULT: {}
COMMAND: GET /session/4bf8232c0472e0a498fe7ae209f3a21b/screenshot - {}
RESULT: {}
COMMAND: POST /session/4bf8232c0472e0a498fe7ae209f3a21b/element - {"using":"xpath","value":"//span[@id=\"application-managepartners-display-component---masterPtm--smartTable-header-inner\"]"}
RESULT: {"using":"xpath","value":"//span[@id=\"application-managepartners-display-component---masterPtm--smartTable-header-inner\"]"}
COMMAND: POST /session/4bf8232c0472e0a498fe7ae209f3a21b/elements - {"using":"xpath","value":"//span[@id=\"application-managepartners-display-component---masterPtm--smartTable-header-inner\"]"}
RESULT: {"using":"xpath","value":"//span[@id=\"application-managepartners-display-component---masterPtm--smartTable-header-inner\"]"}
COMMAND: POST /session/4bf8232c0472e0a498fe7ae209f3a21b/execute/sync - {"script":"<script> [56 bytes]","args":[{"element-6066-11e4-a52e-4f735466cecf":"f.363B4D137147A2C10141CDA60C7BC6F9.d.6B26D82500DADFDD5EEF92294D31350A.e.5983","ELEMENT":"f.363B4D137147A2C10141CDA60C7BC6F9.d.6B26D82500DADFDD5EEF92294D31350A.e.5983"}]}
RESULT: {"script":"<script> [56 bytes]","args":[{"element-6066-11e4-a52e-4f735466cecf":"f.363B4D137147A2C10141CDA60C7BC6F9.d.6B26D82500DADFDD5EEF92294D31350A.e.5983","ELEMENT":"f.363B4D137147A2C10141CDA60C7BC6F9.d.6B26D82500DADFDD5EEF92294D31350A.e.5983"}]}
COMMAND: POST /session/4bf8232c0472e0a498fe7ae209f3a21b/element - {"using":"xpath","value":"//span[contains(@title, \"Remove\")]"}
COMMAND: GET /session/4bf8232c0472e0a498fe7ae209f3a21b/screenshot - {}
RESULT: {"using":"xpath","value":"//span[contains(@title, \"Remove\")]"}
COMMAND: POST /session/4bf8232c0472e0a498fe7ae209f3a21b/element/f.363B4D137147A2C10141CDA60C7BC6F9.d.6B26D82500DADFDD5EEF92294D31350A.e.6259/click - {}
RESULT: {}
RESULT: {}
COMMAND: GET /session/4bf8232c0472e0a498fe7ae209f3a21b/screenshot - {}
RESULT: {}
COMMAND: POST /session/4bf8232c0472e0a498fe7ae209f3a21b/element - {"using":"xpath","value":"//span[@id=\"application-managepartners-display-component---masterPtm--smartTable-header-inner\"]"}
RESULT: {"using":"xpath","value":"//span[@id=\"application-managepartners-display-component---masterPtm--smartTable-header-inner\"]"}
COMMAND: POST /session/4bf8232c0472e0a498fe7ae209f3a21b/elements - {"using":"xpath","value":"//span[@id=\"application-managepartners-display-component---masterPtm--smartTable-header-inner\"]"}
RESULT: {"using":"xpath","value":"//span[@id=\"application-managepartners-display-component---masterPtm--smartTable-header-inner\"]"}
COMMAND: POST /session/4bf8232c0472e0a498fe7ae209f3a21b/execute/sync - {"script":"<script> [56 bytes]","args":[{"element-6066-11e4-a52e-4f735466cecf":"f.363B4D137147A2C10141CDA60C7BC6F9.d.6B26D82500DADFDD5EEF92294D31350A.e.5983","ELEMENT":"f.363B4D137147A2C10141CDA60C7BC6F9.d.6B26D82500DADFDD5EEF92294D31350A.e.5983"}]}
RESULT: {"script":"<script> [56 bytes]","args":[{"element-6066-11e4-a52e-4f735466cecf":"f.363B4D137147A2C10141CDA60C7BC6F9.d.6B26D82500DADFDD5EEF92294D31350A.e.5983","ELEMENT":"f.363B4D137147A2C10141CDA60C7BC6F9.d.6B26D82500DADFDD5EEF92294D31350A.e.5983"}]}
COMMAND: POST /session/4bf8232c0472e0a498fe7ae209f3a21b/execute/async - {"script":"<script> [1562 bytes]","args":[{"selector":{"id":"application-managepartners-display-component---masterPtm--smartFilterBar-filterItemControl_BASIC-YARD-vhi"},"wdio_ui5_key":"applicationmanagepartners-display-component---masterPtm--smartFilterBar-filterItemControl_BASIC-YARD-vhi"}]}
COMMAND: GET /session/4bf8232c0472e0a498fe7ae209f3a21b/screenshot - {}
RESULT: {"script":"<script> [1562 bytes]","args":[{"selector":{"id":"application-managepartners-display-component---masterPtm--smartFilterBar-filterItemControl_BASIC-YARD-vhi"},"wdio_ui5_key":"applicationmanagepartners-display-component---masterPtm--smartFilterBar-filterItemControl_BASIC-YARD-vhi"}]}
RESULT: undefined
COMMAND: POST /session/4bf8232c0472e0a498fe7ae209f3a21b/element - {"using":"xpath","value":"//*[@id=\"application-managepartners-display-component---masterPtm--smartFilterBar-filterItemControl_BASIC-YARD-vhi\"]"}
RESULT: {}
RESULT: {"using":"xpath","value":"//*[@id=\"application-managepartners-display-component---masterPtm--smartFilterBar-filterItemControl_BASIC-YARD-vhi\"]"}
COMMAND: POST /session/4bf8232c0472e0a498fe7ae209f3a21b/element/f.363B4D137147A2C10141CDA60C7BC6F9.d.6B26D82500DADFDD5EEF92294D31350A.e.6369/click - {}
RESULT: {}
COMMAND: GET /session/4bf8232c0472e0a498fe7ae209f3a21b/screenshot - {}
RESULT: {}
COMMAND: POST /session/4bf8232c0472e0a498fe7ae209f3a21b/execute/async - {"script":"<script> [1562 bytes]","args":[{"selector":{"id":"application-managepartners-display-component---masterPtm--smartFilterBar-filterItemControl_BASIC-YARD-valueHelpDialog-smartFilterBar-btnBasicSearch","searchOpenDialogs":true,"interaction":{"idSuffix":"I"}},"wdio_ui5_key":"applicationmanagepartners-display-component---masterPtm--smartFilterBar-filterItemControl_BASIC-YARD-valueHelpDialog-smartFilterBar-btnBasicSearch"}]}
RESULT: {"script":"<script> [1562 bytes]","args":[{"selector":{"id":"application-managepartners-display-component---masterPtm--smartFilterBar-filterItemControl_BASIC-YARD-valueHelpDialog-smartFilterBar-btnBasicSearch","searchOpenDialogs":true,"interaction":{"idSuffix":"I"}},"wdio_ui5_key":"applicationmanagepartners-display-component---masterPtm--smartFilterBar-filterItemControl_BASIC-YARD-valueHelpDialog-smartFilterBar-btnBasicSearch"}]}
RESULT: undefined
COMMAND: POST /session/4bf8232c0472e0a498fe7ae209f3a21b/execute/async - {"script":"<script> [776 bytes]","args":[{"enterText":"Test","selector":{"id":"application-managepartners-display-component---masterPtm--smartFilterBar-filterItemControl_BASIC-YARD-valueHelpDialog-smartFilterBar-btnBasicSearch","searchOpenDialogs":true,"interaction":{"idSuffix":"I"}},"clearTextFirst":true,"interactionType":"ENTER_TEXT"}]}
RESULT: {"script":"<script> [776 bytes]","args":[{"enterText":"Test","selector":{"id":"application-managepartners-display-component---masterPtm--smartFilterBar-filterItemControl_BASIC-YARD-valueHelpDialog-smartFilterBar-btnBasicSearch","searchOpenDialogs":true,"interaction":{"idSuffix":"I"}},"clearTextFirst":true,"interactionType":"ENTER_TEXT"}]}
COMMAND: POST /session/4bf8232c0472e0a498fe7ae209f3a21b/actions - {"actions":[{"id":"action19","type":"key","parameters":{},"actions":[{"type":"keyDown","value":"î€‡"},{"type":"pause","duration":10},{"type":"keyUp","value":"î€‡"}]}]}
RESULT: {"actions":[{"id":"action19","type":"key","parameters":{},"actions":[{"type":"keyDown","value":"î€‡"},{"type":"pause","duration":10},{"type":"keyUp","value":"î€‡"}]}]}
COMMAND: POST /session/4bf8232c0472e0a498fe7ae209f3a21b/elements - {"using":"xpath","value":"//table[contains(@id, \"smartFilterBar-filterItemControl_BASIC-YARD-valueHelpDialog-table-table\")]/tbody/tr"}
COMMAND: GET /session/4bf8232c0472e0a498fe7ae209f3a21b/screenshot - {}
RESULT: {"using":"xpath","value":"//table[contains(@id, \"smartFilterBar-filterItemControl_BASIC-YARD-valueHelpDialog-table-table\")]/tbody/tr"}
COMMAND: POST /session/4bf8232c0472e0a498fe7ae209f3a21b/element - {"using":"xpath","value":"//table[contains(@id, \"smartFilterBar-filterItemControl_BASIC-YARD-valueHelpDialog-table-table\")]/tbody/tr[1]/td[1]/div/span"}
RESULT: {}
RESULT: {"using":"xpath","value":"//table[contains(@id, \"smartFilterBar-filterItemControl_BASIC-YARD-valueHelpDialog-table-table\")]/tbody/tr[1]/td[1]/div/span"}
COMMAND: POST /session/4bf8232c0472e0a498fe7ae209f3a21b/elements - {"using":"xpath","value":"//table[contains(@id, \"smartFilterBar-filterItemControl_BASIC-YARD-valueHelpDialog-table-table\")]/tbody/tr[1]/td[1]/div/span"}
RESULT: {"using":"xpath","value":"//table[contains(@id, \"smartFilterBar-filterItemControl_BASIC-YARD-valueHelpDialog-table-table\")]/tbody/tr[1]/td[1]/div/span"}
COMMAND: POST /session/4bf8232c0472e0a498fe7ae209f3a21b/execute/sync - {"script":"<script> [56 bytes]","args":[{"element-6066-11e4-a52e-4f735466cecf":"f.363B4D137147A2C10141CDA60C7BC6F9.d.6B26D82500DADFDD5EEF92294D31350A.e.6389","ELEMENT":"f.363B4D137147A2C10141CDA60C7BC6F9.d.6B26D82500DADFDD5EEF92294D31350A.e.6389"}]}
RESULT: {"script":"<script> [56 bytes]","args":[{"element-6066-11e4-a52e-4f735466cecf":"f.363B4D137147A2C10141CDA60C7BC6F9.d.6B26D82500DADFDD5EEF92294D31350A.e.6389","ELEMENT":"f.363B4D137147A2C10141CDA60C7BC6F9.d.6B26D82500DADFDD5EEF92294D31350A.e.6389"}]}
COMMAND: POST /session/4bf8232c0472e0a498fe7ae209f3a21b/element - {"using":"xpath","value":"//table[contains(@id, \"smartFilterBar-filterItemControl_BASIC-YARD-valueHelpDialog-table-table\")]/tbody/tr[2]/td[1]/div/span"}
COMMAND: GET /session/4bf8232c0472e0a498fe7ae209f3a21b/screenshot - {}
RESULT: {"using":"xpath","value":"//table[contains(@id, \"smartFilterBar-filterItemControl_BASIC-YARD-valueHelpDialog-table-table\")]/tbody/tr[2]/td[1]/div/span"}
COMMAND: POST /session/4bf8232c0472e0a498fe7ae209f3a21b/elements - {"using":"xpath","value":"//table[contains(@id, \"smartFilterBar-filterItemControl_BASIC-YARD-valueHelpDialog-table-table\")]/tbody/tr[2]/td[1]/div/span"}
RESULT: {}
RESULT: {"using":"xpath","value":"//table[contains(@id, \"smartFilterBar-filterItemControl_BASIC-YARD-valueHelpDialog-table-table\")]/tbody/tr[2]/td[1]/div/span"}
COMMAND: POST /session/4bf8232c0472e0a498fe7ae209f3a21b/execute/sync - {"script":"<script> [56 bytes]","args":[{"element-6066-11e4-a52e-4f735466cecf":"f.363B4D137147A2C10141CDA60C7BC6F9.d.6B26D82500DADFDD5EEF92294D31350A.e.6390","ELEMENT":"f.363B4D137147A2C10141CDA60C7BC6F9.d.6B26D82500DADFDD5EEF92294D31350A.e.6390"}]}
RESULT: {"script":"<script> [56 bytes]","args":[{"element-6066-11e4-a52e-4f735466cecf":"f.363B4D137147A2C10141CDA60C7BC6F9.d.6B26D82500DADFDD5EEF92294D31350A.e.6390","ELEMENT":"f.363B4D137147A2C10141CDA60C7BC6F9.d.6B26D82500DADFDD5EEF92294D31350A.e.6390"}]}
COMMAND: POST /session/4bf8232c0472e0a498fe7ae209f3a21b/element - {"using":"xpath","value":"//table[contains(@id, \"smartFilterBar-filterItemControl_BASIC-YARD-valueHelpDialog-table-table\")]/tbody/tr[3]/td[1]/div/span"}
COMMAND: GET /session/4bf8232c0472e0a498fe7ae209f3a21b/screenshot - {}
RESULT: {"using":"xpath","value":"//table[contains(@id, \"smartFilterBar-filterItemControl_BASIC-YARD-valueHelpDialog-table-table\")]/tbody/tr[3]/td[1]/div/span"}
COMMAND: POST /session/4bf8232c0472e0a498fe7ae209f3a21b/elements - {"using":"xpath","value":"//table[contains(@id, \"smartFilterBar-filterItemControl_BASIC-YARD-valueHelpDialog-table-table\")]/tbody/tr[3]/td[1]/div/span"}
RESULT: {}
RESULT: {"using":"xpath","value":"//table[contains(@id, \"smartFilterBar-filterItemControl_BASIC-YARD-valueHelpDialog-table-table\")]/tbody/tr[3]/td[1]/div/span"}
COMMAND: POST /session/4bf8232c0472e0a498fe7ae209f3a21b/execute/sync - {"script":"<script> [56 bytes]","args":[{"element-6066-11e4-a52e-4f735466cecf":"f.363B4D137147A2C10141CDA60C7BC6F9.d.6B26D82500DADFDD5EEF92294D31350A.e.6391","ELEMENT":"f.363B4D137147A2C10141CDA60C7BC6F9.d.6B26D82500DADFDD5EEF92294D31350A.e.6391"}]}
RESULT: {"script":"<script> [56 bytes]","args":[{"element-6066-11e4-a52e-4f735466cecf":"f.363B4D137147A2C10141CDA60C7BC6F9.d.6B26D82500DADFDD5EEF92294D31350A.e.6391","ELEMENT":"f.363B4D137147A2C10141CDA60C7BC6F9.d.6B26D82500DADFDD5EEF92294D31350A.e.6391"}]}
COMMAND: POST /session/4bf8232c0472e0a498fe7ae209f3a21b/element - {"using":"xpath","value":"//div[contains(@id, \"filterItemControl_BASIC-YARD-valueHelpDialog-table-rowsel2\")]"}
COMMAND: GET /session/4bf8232c0472e0a498fe7ae209f3a21b/screenshot - {}
RESULT: {"using":"xpath","value":"//div[contains(@id, \"filterItemControl_BASIC-YARD-valueHelpDialog-table-rowsel2\")]"}
COMMAND: POST /session/4bf8232c0472e0a498fe7ae209f3a21b/element/f.363B4D137147A2C10141CDA60C7BC6F9.d.6B26D82500DADFDD5EEF92294D31350A.e.6392/click - {}
RESULT: {}
RESULT: {}
COMMAND: GET /session/4bf8232c0472e0a498fe7ae209f3a21b/screenshot - {}
RESULT: {}
COMMAND: POST /session/4bf8232c0472e0a498fe7ae209f3a21b/element - {"using":"xpath","value":"(//bdi[contains(text(), \"OK\")])[1]"}
RESULT: {"using":"xpath","value":"(//bdi[contains(text(), \"OK\")])[1]"}
COMMAND: POST /session/4bf8232c0472e0a498fe7ae209f3a21b/element/f.363B4D137147A2C10141CDA60C7BC6F9.d.6B26D82500DADFDD5EEF92294D31350A.e.6394/click - {}
RESULT: {}
COMMAND: GET /session/4bf8232c0472e0a498fe7ae209f3a21b/screenshot - {}
RESULT: {}
COMMAND: POST /session/4bf8232c0472e0a498fe7ae209f3a21b/element - {"using":"xpath","value":"//span[@id=\"application-managepartners-display-component---masterPtm--smartTable-header-inner\"]"}
RESULT: {"using":"xpath","value":"//span[@id=\"application-managepartners-display-component---masterPtm--smartTable-header-inner\"]"}
COMMAND: POST /session/4bf8232c0472e0a498fe7ae209f3a21b/elements - {"using":"xpath","value":"//span[@id=\"application-managepartners-display-component---masterPtm--smartTable-header-inner\"]"}
RESULT: {"using":"xpath","value":"//span[@id=\"application-managepartners-display-component---masterPtm--smartTable-header-inner\"]"}
COMMAND: POST /session/4bf8232c0472e0a498fe7ae209f3a21b/execute/sync - {"script":"<script> [56 bytes]","args":[{"element-6066-11e4-a52e-4f735466cecf":"f.363B4D137147A2C10141CDA60C7BC6F9.d.6B26D82500DADFDD5EEF92294D31350A.e.5983","ELEMENT":"f.363B4D137147A2C10141CDA60C7BC6F9.d.6B26D82500DADFDD5EEF92294D31350A.e.5983"}]}
RESULT: {"script":"<script> [56 bytes]","args":[{"element-6066-11e4-a52e-4f735466cecf":"f.363B4D137147A2C10141CDA60C7BC6F9.d.6B26D82500DADFDD5EEF92294D31350A.e.5983","ELEMENT":"f.363B4D137147A2C10141CDA60C7BC6F9.d.6B26D82500DADFDD5EEF92294D31350A.e.5983"}]}
COMMAND: POST /session/4bf8232c0472e0a498fe7ae209f3a21b/element - {"using":"xpath","value":"//span[contains(@title, \"Remove\")]"}
COMMAND: GET /session/4bf8232c0472e0a498fe7ae209f3a21b/screenshot - {}
RESULT: {"using":"xpath","value":"//span[contains(@title, \"Remove\")]"}
COMMAND: POST /session/4bf8232c0472e0a498fe7ae209f3a21b/element/f.363B4D137147A2C10141CDA60C7BC6F9.d.6B26D82500DADFDD5EEF92294D31350A.e.6407/click - {}
RESULT: {}
RESULT: {}
COMMAND: GET /session/4bf8232c0472e0a498fe7ae209f3a21b/screenshot - {}
RESULT: {}
COMMAND: POST /session/4bf8232c0472e0a498fe7ae209f3a21b/element - {"using":"xpath","value":"//span[@id=\"application-managepartners-display-component---masterPtm--smartTable-header-inner\"]"}
RESULT: {"using":"xpath","value":"//span[@id=\"application-managepartners-display-component---masterPtm--smartTable-header-inner\"]"}
COMMAND: POST /session/4bf8232c0472e0a498fe7ae209f3a21b/elements - {"using":"xpath","value":"//span[@id=\"application-managepartners-display-component---masterPtm--smartTable-header-inner\"]"}
RESULT: {"using":"xpath","value":"//span[@id=\"application-managepartners-display-component---masterPtm--smartTable-header-inner\"]"}
COMMAND: POST /session/4bf8232c0472e0a498fe7ae209f3a21b/execute/sync - {"script":"<script> [56 bytes]","args":[{"element-6066-11e4-a52e-4f735466cecf":"f.363B4D137147A2C10141CDA60C7BC6F9.d.6B26D82500DADFDD5EEF92294D31350A.e.5983","ELEMENT":"f.363B4D137147A2C10141CDA60C7BC6F9.d.6B26D82500DADFDD5EEF92294D31350A.e.5983"}]}
RESULT: {"script":"<script> [56 bytes]","args":[{"element-6066-11e4-a52e-4f735466cecf":"f.363B4D137147A2C10141CDA60C7BC6F9.d.6B26D82500DADFDD5EEF92294D31350A.e.5983","ELEMENT":"f.363B4D137147A2C10141CDA60C7BC6F9.d.6B26D82500DADFDD5EEF92294D31350A.e.5983"}]}
COMMAND: POST /session/4bf8232c0472e0a498fe7ae209f3a21b/execute/async - {"script":"<script> [1562 bytes]","args":[{"selector":{"id":"application-managepartners-display-component---masterPtm--smartFilterBar-filterItemControl_BASIC-ALL_TAGS-vhi"},"wdio_ui5_key":"applicationmanagepartners-display-component---masterPtm--smartFilterBar-filterItemControl_BASIC-ALL_TAGS-vhi"}]}
COMMAND: GET /session/4bf8232c0472e0a498fe7ae209f3a21b/screenshot - {}
RESULT: {"script":"<script> [1562 bytes]","args":[{"selector":{"id":"application-managepartners-display-component---masterPtm--smartFilterBar-filterItemControl_BASIC-ALL_TAGS-vhi"},"wdio_ui5_key":"applicationmanagepartners-display-component---masterPtm--smartFilterBar-filterItemControl_BASIC-ALL_TAGS-vhi"}]}
RESULT: undefined
COMMAND: POST /session/4bf8232c0472e0a498fe7ae209f3a21b/element - {"using":"xpath","value":"//*[@id=\"application-managepartners-display-component---masterPtm--smartFilterBar-filterItemControl_BASIC-ALL_TAGS-vhi\"]"}
RESULT: {}
RESULT: {"using":"xpath","value":"//*[@id=\"application-managepartners-display-component---masterPtm--smartFilterBar-filterItemControl_BASIC-ALL_TAGS-vhi\"]"}
COMMAND: POST /session/4bf8232c0472e0a498fe7ae209f3a21b/element/f.363B4D137147A2C10141CDA60C7BC6F9.d.6B26D82500DADFDD5EEF92294D31350A.e.6517/click - {}
RESULT: {}
COMMAND: GET /session/4bf8232c0472e0a498fe7ae209f3a21b/screenshot - {}
RESULT: {}
COMMAND: POST /session/4bf8232c0472e0a498fe7ae209f3a21b/execute/async - {"script":"<script> [1562 bytes]","args":[{"selector":{"id":"application-managepartners-display-component---masterPtm--smartFilterBar-filterItemControl_BASIC-ALL_TAGS-valueHelpDialog-smartFilterBar-btnBasicSearch","searchOpenDialogs":true,"interaction":{"idSuffix":"I"}},"wdio_ui5_key":"applicationmanagepartners-display-component---masterPtm--smartFilterBar-filterItemControl_BASIC-ALL_TAGS-valueHelpDialog-smartFilterBar-btnBasicSearch"}]}
RESULT: {"script":"<script> [1562 bytes]","args":[{"selector":{"id":"application-managepartners-display-component---masterPtm--smartFilterBar-filterItemControl_BASIC-ALL_TAGS-valueHelpDialog-smartFilterBar-btnBasicSearch","searchOpenDialogs":true,"interaction":{"idSuffix":"I"}},"wdio_ui5_key":"applicationmanagepartners-display-component---masterPtm--smartFilterBar-filterItemControl_BASIC-ALL_TAGS-valueHelpDialog-smartFilterBar-btnBasicSearch"}]}
RESULT: undefined
COMMAND: POST /session/4bf8232c0472e0a498fe7ae209f3a21b/execute/async - {"script":"<script> [776 bytes]","args":[{"enterText":"test-tag-1","selector":{"id":"application-managepartners-display-component---masterPtm--smartFilterBar-filterItemControl_BASIC-ALL_TAGS-valueHelpDialog-smartFilterBar-btnBasicSearch","searchOpenDialogs":true,"interaction":{"idSuffix":"I"}},"clearTextFirst":true,"interactionType":"ENTER_TEXT"}]}
RESULT: {"script":"<script> [776 bytes]","args":[{"enterText":"test-tag-1","selector":{"id":"application-managepartners-display-component---masterPtm--smartFilterBar-filterItemControl_BASIC-ALL_TAGS-valueHelpDialog-smartFilterBar-btnBasicSearch","searchOpenDialogs":true,"interaction":{"idSuffix":"I"}},"clearTextFirst":true,"interactionType":"ENTER_TEXT"}]}
COMMAND: POST /session/4bf8232c0472e0a498fe7ae209f3a21b/actions - {"actions":[{"id":"action20","type":"key","parameters":{},"actions":[{"type":"keyDown","value":"î€‡"},{"type":"pause","duration":10},{"type":"keyUp","value":"î€‡"}]}]}
RESULT: {"actions":[{"id":"action20","type":"key","parameters":{},"actions":[{"type":"keyDown","value":"î€‡"},{"type":"pause","duration":10},{"type":"keyUp","value":"î€‡"}]}]}
COMMAND: POST /session/4bf8232c0472e0a498fe7ae209f3a21b/elements - {"using":"xpath","value":"//table[contains(@id, \"smartFilterBar-filterItemControl_BASIC-ALL_TAGS-valueHelpDialog-table-table\")]/tbody/tr"}
COMMAND: GET /session/4bf8232c0472e0a498fe7ae209f3a21b/screenshot - {}
RESULT: {"using":"xpath","value":"//table[contains(@id, \"smartFilterBar-filterItemControl_BASIC-ALL_TAGS-valueHelpDialog-table-table\")]/tbody/tr"}
COMMAND: POST /session/4bf8232c0472e0a498fe7ae209f3a21b/element - {"using":"xpath","value":"//table[contains(@id, \"smartFilterBar-filterItemControl_BASIC-ALL_TAGS-valueHelpDialog-table-table\")]/tbody/tr[1]/td[1]/div/span"}
RESULT: {}
RESULT: {"using":"xpath","value":"//table[contains(@id, \"smartFilterBar-filterItemControl_BASIC-ALL_TAGS-valueHelpDialog-table-table\")]/tbody/tr[1]/td[1]/div/span"}
COMMAND: POST /session/4bf8232c0472e0a498fe7ae209f3a21b/elements - {"using":"xpath","value":"//table[contains(@id, \"smartFilterBar-filterItemControl_BASIC-ALL_TAGS-valueHelpDialog-table-table\")]/tbody/tr[1]/td[1]/div/span"}
RESULT: {"using":"xpath","value":"//table[contains(@id, \"smartFilterBar-filterItemControl_BASIC-ALL_TAGS-valueHelpDialog-table-table\")]/tbody/tr[1]/td[1]/div/span"}
COMMAND: POST /session/4bf8232c0472e0a498fe7ae209f3a21b/execute/sync - {"script":"<script> [56 bytes]","args":[{"element-6066-11e4-a52e-4f735466cecf":"f.363B4D137147A2C10141CDA60C7BC6F9.d.6B26D82500DADFDD5EEF92294D31350A.e.6537","ELEMENT":"f.363B4D137147A2C10141CDA60C7BC6F9.d.6B26D82500DADFDD5EEF92294D31350A.e.6537"}]}
RESULT: {"script":"<script> [56 bytes]","args":[{"element-6066-11e4-a52e-4f735466cecf":"f.363B4D137147A2C10141CDA60C7BC6F9.d.6B26D82500DADFDD5EEF92294D31350A.e.6537","ELEMENT":"f.363B4D137147A2C10141CDA60C7BC6F9.d.6B26D82500DADFDD5EEF92294D31350A.e.6537"}]}
COMMAND: POST /session/4bf8232c0472e0a498fe7ae209f3a21b/element - {"using":"xpath","value":"//div[contains(@id, \"filterItemControl_BASIC-ALL_TAGS-valueHelpDialog-table-rowsel0\")]"}
COMMAND: GET /session/4bf8232c0472e0a498fe7ae209f3a21b/screenshot - {}
RESULT: {"using":"xpath","value":"//div[contains(@id, \"filterItemControl_BASIC-ALL_TAGS-valueHelpDialog-table-rowsel0\")]"}
COMMAND: POST /session/4bf8232c0472e0a498fe7ae209f3a21b/element/f.363B4D137147A2C10141CDA60C7BC6F9.d.6B26D82500DADFDD5EEF92294D31350A.e.6538/click - {}
RESULT: {}
RESULT: {}
COMMAND: GET /session/4bf8232c0472e0a498fe7ae209f3a21b/screenshot - {}
RESULT: {}
COMMAND: POST /session/4bf8232c0472e0a498fe7ae209f3a21b/element - {"using":"xpath","value":"(//bdi[contains(text(), \"OK\")])[1]"}
RESULT: {"using":"xpath","value":"(//bdi[contains(text(), \"OK\")])[1]"}
COMMAND: POST /session/4bf8232c0472e0a498fe7ae209f3a21b/element/f.363B4D137147A2C10141CDA60C7BC6F9.d.6B26D82500DADFDD5EEF92294D31350A.e.6540/click - {}
RESULT: {}
COMMAND: GET /session/4bf8232c0472e0a498fe7ae209f3a21b/screenshot - {}
RESULT: {}
COMMAND: POST /session/4bf8232c0472e0a498fe7ae209f3a21b/element - {"using":"xpath","value":"//span[@id=\"application-managepartners-display-component---masterPtm--smartTable-header-inner\"]"}
RESULT: {"using":"xpath","value":"//span[@id=\"application-managepartners-display-component---masterPtm--smartTable-header-inner\"]"}
COMMAND: POST /session/4bf8232c0472e0a498fe7ae209f3a21b/elements - {"using":"xpath","value":"//span[@id=\"application-managepartners-display-component---masterPtm--smartTable-header-inner\"]"}
RESULT: {"using":"xpath","value":"//span[@id=\"application-managepartners-display-component---masterPtm--smartTable-header-inner\"]"}
COMMAND: POST /session/4bf8232c0472e0a498fe7ae209f3a21b/execute/sync - {"script":"<script> [56 bytes]","args":[{"element-6066-11e4-a52e-4f735466cecf":"f.363B4D137147A2C10141CDA60C7BC6F9.d.6B26D82500DADFDD5EEF92294D31350A.e.5983","ELEMENT":"f.363B4D137147A2C10141CDA60C7BC6F9.d.6B26D82500DADFDD5EEF92294D31350A.e.5983"}]}
RESULT: {"script":"<script> [56 bytes]","args":[{"element-6066-11e4-a52e-4f735466cecf":"f.363B4D137147A2C10141CDA60C7BC6F9.d.6B26D82500DADFDD5EEF92294D31350A.e.5983","ELEMENT":"f.363B4D137147A2C10141CDA60C7BC6F9.d.6B26D82500DADFDD5EEF92294D31350A.e.5983"}]}
COMMAND: POST /session/4bf8232c0472e0a498fe7ae209f3a21b/element - {"using":"xpath","value":"//span[contains(@title, \"Remove\")]"}
COMMAND: GET /session/4bf8232c0472e0a498fe7ae209f3a21b/screenshot - {}
RESULT: {"using":"xpath","value":"//span[contains(@title, \"Remove\")]"}
COMMAND: POST /session/4bf8232c0472e0a498fe7ae209f3a21b/element/f.363B4D137147A2C10141CDA60C7BC6F9.d.6B26D82500DADFDD5EEF92294D31350A.e.6562/click - {}
RESULT: {}
RESULT: {}
COMMAND: GET /session/4bf8232c0472e0a498fe7ae209f3a21b/screenshot - {}
RESULT: {}
COMMAND: POST /session/4bf8232c0472e0a498fe7ae209f3a21b/execute/async - {"script":"<script> [1562 bytes]","args":[{"selector":{"id":"application-managepartners-display-component---masterPtm--partnerTypes-arrow"},"wdio_ui5_key":"applicationmanagepartners-display-component---masterPtm--partnerTypes-arrow"}]}
RESULT: {"script":"<script> [1562 bytes]","args":[{"selector":{"id":"application-managepartners-display-component---masterPtm--partnerTypes-arrow"},"wdio_ui5_key":"applicationmanagepartners-display-component---masterPtm--partnerTypes-arrow"}]}
RESULT: undefined
COMMAND: POST /session/4bf8232c0472e0a498fe7ae209f3a21b/element - {"using":"xpath","value":"//*[@id=\"application-managepartners-display-component---masterPtm--partnerTypes-arrow\"]"}
RESULT: {"using":"xpath","value":"//*[@id=\"application-managepartners-display-component---masterPtm--partnerTypes-arrow\"]"}
COMMAND: POST /session/4bf8232c0472e0a498fe7ae209f3a21b/element/f.363B4D137147A2C10141CDA60C7BC6F9.d.6B26D82500DADFDD5EEF92294D31350A.e.6667/click - {}
RESULT: {}
COMMAND: GET /session/4bf8232c0472e0a498fe7ae209f3a21b/screenshot - {}
RESULT: {}
COMMAND: POST /session/4bf8232c0472e0a498fe7ae209f3a21b/element - {"using":"xpath","value":"//li[.//span[text()=\"External partner\"]]//div[contains(@class,\"sapMCbBg\")]"}
RESULT: {"using":"xpath","value":"//li[.//span[text()=\"External partner\"]]//div[contains(@class,\"sapMCbBg\")]"}
COMMAND: POST /session/4bf8232c0472e0a498fe7ae209f3a21b/element/f.363B4D137147A2C10141CDA60C7BC6F9.d.6B26D82500DADFDD5EEF92294D31350A.e.6670/click - {}
RESULT: {}
COMMAND: GET /session/4bf8232c0472e0a498fe7ae209f3a21b/screenshot - {}
RESULT: {}
COMMAND: POST /session/4bf8232c0472e0a498fe7ae209f3a21b/element - {"using":"xpath","value":"//div[contains(@id,\"application-managepartners-display-component---masterPtm--smartFilterBar-btnBasicSearch-search\")]"}
RESULT: {"using":"xpath","value":"//div[contains(@id,\"application-managepartners-display-component---masterPtm--smartFilterBar-btnBasicSearch-search\")]"}
COMMAND: POST /session/4bf8232c0472e0a498fe7ae209f3a21b/element/f.363B4D137147A2C10141CDA60C7BC6F9.d.6B26D82500DADFDD5EEF92294D31350A.e.6748/click - {}
RESULT: {}
COMMAND: GET /session/4bf8232c0472e0a498fe7ae209f3a21b/screenshot - {}
RESULT: {}
COMMAND: POST /session/4bf8232c0472e0a498fe7ae209f3a21b/element - {"using":"xpath","value":"//span[@id=\"application-managepartners-display-component---masterPtm--smartTable-header-inner\"]"}
RESULT: {"using":"xpath","value":"//span[@id=\"application-managepartners-display-component---masterPtm--smartTable-header-inner\"]"}
COMMAND: POST /session/4bf8232c0472e0a498fe7ae209f3a21b/elements - {"using":"xpath","value":"//span[@id=\"application-managepartners-display-component---masterPtm--smartTable-header-inner\"]"}
RESULT: {"using":"xpath","value":"//span[@id=\"application-managepartners-display-component---masterPtm--smartTable-header-inner\"]"}
COMMAND: POST /session/4bf8232c0472e0a498fe7ae209f3a21b/execute/sync - {"script":"<script> [56 bytes]","args":[{"element-6066-11e4-a52e-4f735466cecf":"f.363B4D137147A2C10141CDA60C7BC6F9.d.6B26D82500DADFDD5EEF92294D31350A.e.5983","ELEMENT":"f.363B4D137147A2C10141CDA60C7BC6F9.d.6B26D82500DADFDD5EEF92294D31350A.e.5983"}]}
RESULT: {"script":"<script> [56 bytes]","args":[{"element-6066-11e4-a52e-4f735466cecf":"f.363B4D137147A2C10141CDA60C7BC6F9.d.6B26D82500DADFDD5EEF92294D31350A.e.5983","ELEMENT":"f.363B4D137147A2C10141CDA60C7BC6F9.d.6B26D82500DADFDD5EEF92294D31350A.e.5983"}]}
COMMAND: POST /session/4bf8232c0472e0a498fe7ae209f3a21b/element - {"using":"xpath","value":"//span[contains(@title, \"Remove\")]"}
COMMAND: GET /session/4bf8232c0472e0a498fe7ae209f3a21b/screenshot - {}
RESULT: {"using":"xpath","value":"//span[contains(@title, \"Remove\")]"}
COMMAND: POST /session/4bf8232c0472e0a498fe7ae209f3a21b/element/f.363B4D137147A2C10141CDA60C7BC6F9.d.6B26D82500DADFDD5EEF92294D31350A.e.6752/click - {}
RESULT: {}
RESULT: {}
COMMAND: GET /session/4bf8232c0472e0a498fe7ae209f3a21b/screenshot - {}
RESULT: {}
COMMAND: POST /session/4bf8232c0472e0a498fe7ae209f3a21b/execute/async - {"script":"<script> [1562 bytes]","args":[{"selector":{"id":"application-managepartners-display-component---masterPtm--smartFilterBar-btnFilters","interaction":{"idSuffix":"BDI-content"}},"wdio_ui5_key":"applicationmanagepartners-display-component---masterPtm--smartFilterBar-btnFilters"}]}
RESULT: {"script":"<script> [1562 bytes]","args":[{"selector":{"id":"application-managepartners-display-component---masterPtm--smartFilterBar-btnFilters","interaction":{"idSuffix":"BDI-content"}},"wdio_ui5_key":"applicationmanagepartners-display-component---masterPtm--smartFilterBar-btnFilters"}]}
RESULT: undefined
COMMAND: POST /session/4bf8232c0472e0a498fe7ae209f3a21b/element - {"using":"xpath","value":"//*[@id=\"application-managepartners-display-component---masterPtm--smartFilterBar-btnFilters\"]"}
RESULT: {"using":"xpath","value":"//*[@id=\"application-managepartners-display-component---masterPtm--smartFilterBar-btnFilters\"]"}
COMMAND: POST /session/4bf8232c0472e0a498fe7ae209f3a21b/element/f.363B4D137147A2C10141CDA60C7BC6F9.d.6B26D82500DADFDD5EEF92294D31350A.e.5836/click - {}
RESULT: {}
COMMAND: GET /session/4bf8232c0472e0a498fe7ae209f3a21b/screenshot - {}
RESULT: {}
COMMAND: POST /session/4bf8232c0472e0a498fe7ae209f3a21b/elements - {"using":"xpath","value":"//table[contains(@id, \"listView-innerSelectionPanelTable-listUl\")]/tbody/tr"}
RESULT: {"using":"xpath","value":"//table[contains(@id, \"listView-innerSelectionPanelTable-listUl\")]/tbody/tr"}
COMMAND: POST /session/4bf8232c0472e0a498fe7ae209f3a21b/element - {"using":"xpath","value":"//table[contains(@id, \"listView-innerSelectionPanelTable-listUl\")]/tbody/tr[2]/td[2]/div/div"}
RESULT: {"using":"xpath","value":"//table[contains(@id, \"listView-innerSelectionPanelTable-listUl\")]/tbody/tr[2]/td[2]/div/div"}
COMMAND: POST /session/4bf8232c0472e0a498fe7ae209f3a21b/element - {"using":"xpath","value":"//table[contains(@id, \"listView-innerSelectionPanelTable-listUl\")]/tbody/tr[2]/td[2]/div"}
RESULT: {"using":"xpath","value":"//table[contains(@id, \"listView-innerSelectionPanelTable-listUl\")]/tbody/tr[2]/td[2]/div"}
COMMAND: POST /session/4bf8232c0472e0a498fe7ae209f3a21b/element - {"using":"xpath","value":"//table[contains(@id, \"listView-innerSelectionPanelTable-listUl\")]/tbody/tr[2]/td[3]/div/div/span/span[1]/bdi"}
RESULT: {"using":"xpath","value":"//table[contains(@id, \"listView-innerSelectionPanelTable-listUl\")]/tbody/tr[2]/td[3]/div/div/span/span[1]/bdi"}
COMMAND: POST /session/4bf8232c0472e0a498fe7ae209f3a21b/execute/sync - {"script":"<script> [56 bytes]","args":[{"element-6066-11e4-a52e-4f735466cecf":"f.363B4D137147A2C10141CDA60C7BC6F9.d.6B26D82500DADFDD5EEF92294D31350A.e.6859","ELEMENT":"f.363B4D137147A2C10141CDA60C7BC6F9.d.6B26D82500DADFDD5EEF92294D31350A.e.6859"}]}
RESULT: {"script":"<script> [56 bytes]","args":[{"element-6066-11e4-a52e-4f735466cecf":"f.363B4D137147A2C10141CDA60C7BC6F9.d.6B26D82500DADFDD5EEF92294D31350A.e.6859","ELEMENT":"f.363B4D137147A2C10141CDA60C7BC6F9.d.6B26D82500DADFDD5EEF92294D31350A.e.6859"}]}
COMMAND: GET /session/4bf8232c0472e0a498fe7ae209f3a21b/element/f.363B4D137147A2C10141CDA60C7BC6F9.d.6B26D82500DADFDD5EEF92294D31350A.e.6858/attribute/aria-checked - {}
COMMAND: GET /session/4bf8232c0472e0a498fe7ae209f3a21b/screenshot - {}
RESULT: {}
COMMAND: POST /session/4bf8232c0472e0a498fe7ae209f3a21b/element - {"using":"xpath","value":"//table[contains(@id, \"listView-innerSelectionPanelTable-listUl\")]/tbody/tr[3]/td[2]/div/div"}
RESULT: {}
RESULT: {"using":"xpath","value":"//table[contains(@id, \"listView-innerSelectionPanelTable-listUl\")]/tbody/tr[3]/td[2]/div/div"}
COMMAND: POST /session/4bf8232c0472e0a498fe7ae209f3a21b/element - {"using":"xpath","value":"//table[contains(@id, \"listView-innerSelectionPanelTable-listUl\")]/tbody/tr[3]/td[2]/div"}
RESULT: {"using":"xpath","value":"//table[contains(@id, \"listView-innerSelectionPanelTable-listUl\")]/tbody/tr[3]/td[2]/div"}
COMMAND: POST /session/4bf8232c0472e0a498fe7ae209f3a21b/element - {"using":"xpath","value":"//table[contains(@id, \"listView-innerSelectionPanelTable-listUl\")]/tbody/tr[3]/td[3]/div/div/span/span[1]/bdi"}
RESULT: {"using":"xpath","value":"//table[contains(@id, \"listView-innerSelectionPanelTable-listUl\")]/tbody/tr[3]/td[3]/div/div/span/span[1]/bdi"}
COMMAND: POST /session/4bf8232c0472e0a498fe7ae209f3a21b/execute/sync - {"script":"<script> [56 bytes]","args":[{"element-6066-11e4-a52e-4f735466cecf":"f.363B4D137147A2C10141CDA60C7BC6F9.d.6B26D82500DADFDD5EEF92294D31350A.e.6862","ELEMENT":"f.363B4D137147A2C10141CDA60C7BC6F9.d.6B26D82500DADFDD5EEF92294D31350A.e.6862"}]}
RESULT: {"script":"<script> [56 bytes]","args":[{"element-6066-11e4-a52e-4f735466cecf":"f.363B4D137147A2C10141CDA60C7BC6F9.d.6B26D82500DADFDD5EEF92294D31350A.e.6862","ELEMENT":"f.363B4D137147A2C10141CDA60C7BC6F9.d.6B26D82500DADFDD5EEF92294D31350A.e.6862"}]}
COMMAND: GET /session/4bf8232c0472e0a498fe7ae209f3a21b/element/f.363B4D137147A2C10141CDA60C7BC6F9.d.6B26D82500DADFDD5EEF92294D31350A.e.6861/attribute/aria-checked - {}
COMMAND: GET /session/4bf8232c0472e0a498fe7ae209f3a21b/screenshot - {}
RESULT: {}
COMMAND: POST /session/4bf8232c0472e0a498fe7ae209f3a21b/element - {"using":"xpath","value":"//table[contains(@id, \"listView-innerSelectionPanelTable-listUl\")]/tbody/tr[4]/td[2]/div/div"}
RESULT: {}
RESULT: {"using":"xpath","value":"//table[contains(@id, \"listView-innerSelectionPanelTable-listUl\")]/tbody/tr[4]/td[2]/div/div"}
COMMAND: POST /session/4bf8232c0472e0a498fe7ae209f3a21b/element - {"using":"xpath","value":"//table[contains(@id, \"listView-innerSelectionPanelTable-listUl\")]/tbody/tr[4]/td[2]/div"}
RESULT: {"using":"xpath","value":"//table[contains(@id, \"listView-innerSelectionPanelTable-listUl\")]/tbody/tr[4]/td[2]/div"}
COMMAND: POST /session/4bf8232c0472e0a498fe7ae209f3a21b/element - {"using":"xpath","value":"//table[contains(@id, \"listView-innerSelectionPanelTable-listUl\")]/tbody/tr[4]/td[3]/div/div/span/span[1]/bdi"}
RESULT: {"using":"xpath","value":"//table[contains(@id, \"listView-innerSelectionPanelTable-listUl\")]/tbody/tr[4]/td[3]/div/div/span/span[1]/bdi"}
COMMAND: POST /session/4bf8232c0472e0a498fe7ae209f3a21b/execute/sync - {"script":"<script> [56 bytes]","args":[{"element-6066-11e4-a52e-4f735466cecf":"f.363B4D137147A2C10141CDA60C7BC6F9.d.6B26D82500DADFDD5EEF92294D31350A.e.6865","ELEMENT":"f.363B4D137147A2C10141CDA60C7BC6F9.d.6B26D82500DADFDD5EEF92294D31350A.e.6865"}]}
RESULT: {"script":"<script> [56 bytes]","args":[{"element-6066-11e4-a52e-4f735466cecf":"f.363B4D137147A2C10141CDA60C7BC6F9.d.6B26D82500DADFDD5EEF92294D31350A.e.6865","ELEMENT":"f.363B4D137147A2C10141CDA60C7BC6F9.d.6B26D82500DADFDD5EEF92294D31350A.e.6865"}]}
COMMAND: GET /session/4bf8232c0472e0a498fe7ae209f3a21b/element/f.363B4D137147A2C10141CDA60C7BC6F9.d.6B26D82500DADFDD5EEF92294D31350A.e.6864/attribute/aria-checked - {}
COMMAND: GET /session/4bf8232c0472e0a498fe7ae209f3a21b/screenshot - {}
RESULT: {}
COMMAND: POST /session/4bf8232c0472e0a498fe7ae209f3a21b/element - {"using":"xpath","value":"//table[contains(@id, \"listView-innerSelectionPanelTable-listUl\")]/tbody/tr[5]/td[2]/div/div"}
RESULT: {}
RESULT: {"using":"xpath","value":"//table[contains(@id, \"listView-innerSelectionPanelTable-listUl\")]/tbody/tr[5]/td[2]/div/div"}
COMMAND: POST /session/4bf8232c0472e0a498fe7ae209f3a21b/element - {"using":"xpath","value":"//table[contains(@id, \"listView-innerSelectionPanelTable-listUl\")]/tbody/tr[5]/td[2]/div"}
RESULT: {"using":"xpath","value":"//table[contains(@id, \"listView-innerSelectionPanelTable-listUl\")]/tbody/tr[5]/td[2]/div"}
COMMAND: POST /session/4bf8232c0472e0a498fe7ae209f3a21b/element - {"using":"xpath","value":"//table[contains(@id, \"listView-innerSelectionPanelTable-listUl\")]/tbody/tr[5]/td[3]/div/div/span/span[1]/bdi"}
RESULT: {"using":"xpath","value":"//table[contains(@id, \"listView-innerSelectionPanelTable-listUl\")]/tbody/tr[5]/td[3]/div/div/span/span[1]/bdi"}
COMMAND: POST /session/4bf8232c0472e0a498fe7ae209f3a21b/execute/sync - {"script":"<script> [56 bytes]","args":[{"element-6066-11e4-a52e-4f735466cecf":"f.363B4D137147A2C10141CDA60C7BC6F9.d.6B26D82500DADFDD5EEF92294D31350A.e.6868","ELEMENT":"f.363B4D137147A2C10141CDA60C7BC6F9.d.6B26D82500DADFDD5EEF92294D31350A.e.6868"}]}
RESULT: {"script":"<script> [56 bytes]","args":[{"element-6066-11e4-a52e-4f735466cecf":"f.363B4D137147A2C10141CDA60C7BC6F9.d.6B26D82500DADFDD5EEF92294D31350A.e.6868","ELEMENT":"f.363B4D137147A2C10141CDA60C7BC6F9.d.6B26D82500DADFDD5EEF92294D31350A.e.6868"}]}
COMMAND: GET /session/4bf8232c0472e0a498fe7ae209f3a21b/element/f.363B4D137147A2C10141CDA60C7BC6F9.d.6B26D82500DADFDD5EEF92294D31350A.e.6867/attribute/aria-checked - {}
COMMAND: GET /session/4bf8232c0472e0a498fe7ae209f3a21b/screenshot - {}
RESULT: {}
COMMAND: POST /session/4bf8232c0472e0a498fe7ae209f3a21b/element - {"using":"xpath","value":"//table[contains(@id, \"listView-innerSelectionPanelTable-listUl\")]/tbody/tr[6]/td[2]/div/div"}
RESULT: {}
RESULT: {"using":"xpath","value":"//table[contains(@id, \"listView-innerSelectionPanelTable-listUl\")]/tbody/tr[6]/td[2]/div/div"}
COMMAND: POST /session/4bf8232c0472e0a498fe7ae209f3a21b/element - {"using":"xpath","value":"//table[contains(@id, \"listView-innerSelectionPanelTable-listUl\")]/tbody/tr[6]/td[2]/div"}
RESULT: {"using":"xpath","value":"//table[contains(@id, \"listView-innerSelectionPanelTable-listUl\")]/tbody/tr[6]/td[2]/div"}
COMMAND: POST /session/4bf8232c0472e0a498fe7ae209f3a21b/element - {"using":"xpath","value":"//table[contains(@id, \"listView-innerSelectionPanelTable-listUl\")]/tbody/tr[6]/td[3]/div/div/span/span[1]/bdi"}
RESULT: {"using":"xpath","value":"//table[contains(@id, \"listView-innerSelectionPanelTable-listUl\")]/tbody/tr[6]/td[3]/div/div/span/span[1]/bdi"}
COMMAND: POST /session/4bf8232c0472e0a498fe7ae209f3a21b/execute/sync - {"script":"<script> [56 bytes]","args":[{"element-6066-11e4-a52e-4f735466cecf":"f.363B4D137147A2C10141CDA60C7BC6F9.d.6B26D82500DADFDD5EEF92294D31350A.e.6871","ELEMENT":"f.363B4D137147A2C10141CDA60C7BC6F9.d.6B26D82500DADFDD5EEF92294D31350A.e.6871"}]}
RESULT: {"script":"<script> [56 bytes]","args":[{"element-6066-11e4-a52e-4f735466cecf":"f.363B4D137147A2C10141CDA60C7BC6F9.d.6B26D82500DADFDD5EEF92294D31350A.e.6871","ELEMENT":"f.363B4D137147A2C10141CDA60C7BC6F9.d.6B26D82500DADFDD5EEF92294D31350A.e.6871"}]}
COMMAND: GET /session/4bf8232c0472e0a498fe7ae209f3a21b/element/f.363B4D137147A2C10141CDA60C7BC6F9.d.6B26D82500DADFDD5EEF92294D31350A.e.6870/attribute/aria-checked - {}
COMMAND: GET /session/4bf8232c0472e0a498fe7ae209f3a21b/screenshot - {}
RESULT: {}
COMMAND: POST /session/4bf8232c0472e0a498fe7ae209f3a21b/element - {"using":"xpath","value":"//table[contains(@id, \"listView-innerSelectionPanelTable-listUl\")]/tbody/tr[7]/td[2]/div/div"}
RESULT: {}
RESULT: {"using":"xpath","value":"//table[contains(@id, \"listView-innerSelectionPanelTable-listUl\")]/tbody/tr[7]/td[2]/div/div"}
COMMAND: POST /session/4bf8232c0472e0a498fe7ae209f3a21b/element - {"using":"xpath","value":"//table[contains(@id, \"listView-innerSelectionPanelTable-listUl\")]/tbody/tr[7]/td[2]/div"}
RESULT: {"using":"xpath","value":"//table[contains(@id, \"listView-innerSelectionPanelTable-listUl\")]/tbody/tr[7]/td[2]/div"}
COMMAND: POST /session/4bf8232c0472e0a498fe7ae209f3a21b/element - {"using":"xpath","value":"//table[contains(@id, \"listView-innerSelectionPanelTable-listUl\")]/tbody/tr[7]/td[3]/div/div/span/span[1]/bdi"}
RESULT: {"using":"xpath","value":"//table[contains(@id, \"listView-innerSelectionPanelTable-listUl\")]/tbody/tr[7]/td[3]/div/div/span/span[1]/bdi"}
COMMAND: POST /session/4bf8232c0472e0a498fe7ae209f3a21b/execute/sync - {"script":"<script> [56 bytes]","args":[{"element-6066-11e4-a52e-4f735466cecf":"f.363B4D137147A2C10141CDA60C7BC6F9.d.6B26D82500DADFDD5EEF92294D31350A.e.6874","ELEMENT":"f.363B4D137147A2C10141CDA60C7BC6F9.d.6B26D82500DADFDD5EEF92294D31350A.e.6874"}]}
RESULT: {"script":"<script> [56 bytes]","args":[{"element-6066-11e4-a52e-4f735466cecf":"f.363B4D137147A2C10141CDA60C7BC6F9.d.6B26D82500DADFDD5EEF92294D31350A.e.6874","ELEMENT":"f.363B4D137147A2C10141CDA60C7BC6F9.d.6B26D82500DADFDD5EEF92294D31350A.e.6874"}]}
COMMAND: GET /session/4bf8232c0472e0a498fe7ae209f3a21b/element/f.363B4D137147A2C10141CDA60C7BC6F9.d.6B26D82500DADFDD5EEF92294D31350A.e.6873/attribute/aria-checked - {}
COMMAND: GET /session/4bf8232c0472e0a498fe7ae209f3a21b/screenshot - {}
RESULT: {}
COMMAND: POST /session/4bf8232c0472e0a498fe7ae209f3a21b/element - {"using":"xpath","value":"//table[contains(@id, \"listView-innerSelectionPanelTable-listUl\")]/tbody/tr[8]/td[2]/div/div"}
RESULT: {}
RESULT: {"using":"xpath","value":"//table[contains(@id, \"listView-innerSelectionPanelTable-listUl\")]/tbody/tr[8]/td[2]/div/div"}
COMMAND: POST /session/4bf8232c0472e0a498fe7ae209f3a21b/element - {"using":"xpath","value":"//table[contains(@id, \"listView-innerSelectionPanelTable-listUl\")]/tbody/tr[8]/td[2]/div"}
RESULT: {"using":"xpath","value":"//table[contains(@id, \"listView-innerSelectionPanelTable-listUl\")]/tbody/tr[8]/td[2]/div"}
COMMAND: POST /session/4bf8232c0472e0a498fe7ae209f3a21b/element - {"using":"xpath","value":"//table[contains(@id, \"listView-innerSelectionPanelTable-listUl\")]/tbody/tr[8]/td[3]/div/div/span/span[1]/bdi"}
RESULT: {"using":"xpath","value":"//table[contains(@id, \"listView-innerSelectionPanelTable-listUl\")]/tbody/tr[8]/td[3]/div/div/span/span[1]/bdi"}
COMMAND: POST /session/4bf8232c0472e0a498fe7ae209f3a21b/execute/sync - {"script":"<script> [56 bytes]","args":[{"element-6066-11e4-a52e-4f735466cecf":"f.363B4D137147A2C10141CDA60C7BC6F9.d.6B26D82500DADFDD5EEF92294D31350A.e.6877","ELEMENT":"f.363B4D137147A2C10141CDA60C7BC6F9.d.6B26D82500DADFDD5EEF92294D31350A.e.6877"}]}
RESULT: {"script":"<script> [56 bytes]","args":[{"element-6066-11e4-a52e-4f735466cecf":"f.363B4D137147A2C10141CDA60C7BC6F9.d.6B26D82500DADFDD5EEF92294D31350A.e.6877","ELEMENT":"f.363B4D137147A2C10141CDA60C7BC6F9.d.6B26D82500DADFDD5EEF92294D31350A.e.6877"}]}
COMMAND: GET /session/4bf8232c0472e0a498fe7ae209f3a21b/element/f.363B4D137147A2C10141CDA60C7BC6F9.d.6B26D82500DADFDD5EEF92294D31350A.e.6876/attribute/aria-checked - {}
COMMAND: GET /session/4bf8232c0472e0a498fe7ae209f3a21b/screenshot - {}
RESULT: {}
COMMAND: POST /session/4bf8232c0472e0a498fe7ae209f3a21b/element - {"using":"xpath","value":"//table[contains(@id, \"listView-innerSelectionPanelTable-listUl\")]/tbody/tr[9]/td[2]/div/div"}
RESULT: {}
RESULT: {"using":"xpath","value":"//table[contains(@id, \"listView-innerSelectionPanelTable-listUl\")]/tbody/tr[9]/td[2]/div/div"}
COMMAND: POST /session/4bf8232c0472e0a498fe7ae209f3a21b/element - {"using":"xpath","value":"//table[contains(@id, \"listView-innerSelectionPanelTable-listUl\")]/tbody/tr[9]/td[2]/div"}
RESULT: {"using":"xpath","value":"//table[contains(@id, \"listView-innerSelectionPanelTable-listUl\")]/tbody/tr[9]/td[2]/div"}
COMMAND: POST /session/4bf8232c0472e0a498fe7ae209f3a21b/element - {"using":"xpath","value":"//table[contains(@id, \"listView-innerSelectionPanelTable-listUl\")]/tbody/tr[9]/td[3]/div/div/span/span[1]/bdi"}
RESULT: {"using":"xpath","value":"//table[contains(@id, \"listView-innerSelectionPanelTable-listUl\")]/tbody/tr[9]/td[3]/div/div/span/span[1]/bdi"}
COMMAND: POST /session/4bf8232c0472e0a498fe7ae209f3a21b/execute/sync - {"script":"<script> [56 bytes]","args":[{"element-6066-11e4-a52e-4f735466cecf":"f.363B4D137147A2C10141CDA60C7BC6F9.d.6B26D82500DADFDD5EEF92294D31350A.e.6880","ELEMENT":"f.363B4D137147A2C10141CDA60C7BC6F9.d.6B26D82500DADFDD5EEF92294D31350A.e.6880"}]}
RESULT: {"script":"<script> [56 bytes]","args":[{"element-6066-11e4-a52e-4f735466cecf":"f.363B4D137147A2C10141CDA60C7BC6F9.d.6B26D82500DADFDD5EEF92294D31350A.e.6880","ELEMENT":"f.363B4D137147A2C10141CDA60C7BC6F9.d.6B26D82500DADFDD5EEF92294D31350A.e.6880"}]}
COMMAND: GET /session/4bf8232c0472e0a498fe7ae209f3a21b/element/f.363B4D137147A2C10141CDA60C7BC6F9.d.6B26D82500DADFDD5EEF92294D31350A.e.6879/attribute/aria-checked - {}
COMMAND: GET /session/4bf8232c0472e0a498fe7ae209f3a21b/screenshot - {}
RESULT: {}
RESULT: {}
COMMAND: POST /session/4bf8232c0472e0a498fe7ae209f3a21b/element - {"using":"xpath","value":"//table[contains(@id, \"listView-innerSelectionPanelTable-listUl\")]/tbody/tr[10]/td[2]/div/div"}
RESULT: {"using":"xpath","value":"//table[contains(@id, \"listView-innerSelectionPanelTable-listUl\")]/tbody/tr[10]/td[2]/div/div"}
COMMAND: POST /session/4bf8232c0472e0a498fe7ae209f3a21b/element - {"using":"xpath","value":"//table[contains(@id, \"listView-innerSelectionPanelTable-listUl\")]/tbody/tr[10]/td[2]/div"}
RESULT: {"using":"xpath","value":"//table[contains(@id, \"listView-innerSelectionPanelTable-listUl\")]/tbody/tr[10]/td[2]/div"}
COMMAND: POST /session/4bf8232c0472e0a498fe7ae209f3a21b/element - {"using":"xpath","value":"//table[contains(@id, \"listView-innerSelectionPanelTable-listUl\")]/tbody/tr[10]/td[3]/div/div/span/span[1]/bdi"}
RESULT: {"using":"xpath","value":"//table[contains(@id, \"listView-innerSelectionPanelTable-listUl\")]/tbody/tr[10]/td[3]/div/div/span/span[1]/bdi"}
COMMAND: POST /session/4bf8232c0472e0a498fe7ae209f3a21b/execute/sync - {"script":"<script> [56 bytes]","args":[{"element-6066-11e4-a52e-4f735466cecf":"f.363B4D137147A2C10141CDA60C7BC6F9.d.6B26D82500DADFDD5EEF92294D31350A.e.6883","ELEMENT":"f.363B4D137147A2C10141CDA60C7BC6F9.d.6B26D82500DADFDD5EEF92294D31350A.e.6883"}]}
RESULT: {"script":"<script> [56 bytes]","args":[{"element-6066-11e4-a52e-4f735466cecf":"f.363B4D137147A2C10141CDA60C7BC6F9.d.6B26D82500DADFDD5EEF92294D31350A.e.6883","ELEMENT":"f.363B4D137147A2C10141CDA60C7BC6F9.d.6B26D82500DADFDD5EEF92294D31350A.e.6883"}]}
COMMAND: GET /session/4bf8232c0472e0a498fe7ae209f3a21b/element/f.363B4D137147A2C10141CDA60C7BC6F9.d.6B26D82500DADFDD5EEF92294D31350A.e.6882/attribute/aria-checked - {}
COMMAND: GET /session/4bf8232c0472e0a498fe7ae209f3a21b/screenshot - {}
RESULT: {}
COMMAND: POST /session/4bf8232c0472e0a498fe7ae209f3a21b/element - {"using":"xpath","value":"//table[contains(@id, \"listView-innerSelectionPanelTable-listUl\")]/tbody/tr[11]/td[2]/div/div"}
RESULT: {}
RESULT: {"using":"xpath","value":"//table[contains(@id, \"listView-innerSelectionPanelTable-listUl\")]/tbody/tr[11]/td[2]/div/div"}
COMMAND: POST /session/4bf8232c0472e0a498fe7ae209f3a21b/element - {"using":"xpath","value":"//table[contains(@id, \"listView-innerSelectionPanelTable-listUl\")]/tbody/tr[11]/td[2]/div"}
RESULT: {"using":"xpath","value":"//table[contains(@id, \"listView-innerSelectionPanelTable-listUl\")]/tbody/tr[11]/td[2]/div"}
COMMAND: POST /session/4bf8232c0472e0a498fe7ae209f3a21b/element - {"using":"xpath","value":"//table[contains(@id, \"listView-innerSelectionPanelTable-listUl\")]/tbody/tr[11]/td[3]/div/div/span/span[1]/bdi"}
RESULT: {"using":"xpath","value":"//table[contains(@id, \"listView-innerSelectionPanelTable-listUl\")]/tbody/tr[11]/td[3]/div/div/span/span[1]/bdi"}
COMMAND: POST /session/4bf8232c0472e0a498fe7ae209f3a21b/execute/sync - {"script":"<script> [56 bytes]","args":[{"element-6066-11e4-a52e-4f735466cecf":"f.363B4D137147A2C10141CDA60C7BC6F9.d.6B26D82500DADFDD5EEF92294D31350A.e.6886","ELEMENT":"f.363B4D137147A2C10141CDA60C7BC6F9.d.6B26D82500DADFDD5EEF92294D31350A.e.6886"}]}
RESULT: {"script":"<script> [56 bytes]","args":[{"element-6066-11e4-a52e-4f735466cecf":"f.363B4D137147A2C10141CDA60C7BC6F9.d.6B26D82500DADFDD5EEF92294D31350A.e.6886","ELEMENT":"f.363B4D137147A2C10141CDA60C7BC6F9.d.6B26D82500DADFDD5EEF92294D31350A.e.6886"}]}
COMMAND: GET /session/4bf8232c0472e0a498fe7ae209f3a21b/element/f.363B4D137147A2C10141CDA60C7BC6F9.d.6B26D82500DADFDD5EEF92294D31350A.e.6885/attribute/aria-checked - {}
COMMAND: GET /session/4bf8232c0472e0a498fe7ae209f3a21b/screenshot - {}
RESULT: {}
COMMAND: POST /session/4bf8232c0472e0a498fe7ae209f3a21b/element - {"using":"xpath","value":"//table[contains(@id, \"listView-innerSelectionPanelTable-listUl\")]/tbody/tr[12]/td[2]/div/div"}
RESULT: {}
RESULT: {"using":"xpath","value":"//table[contains(@id, \"listView-innerSelectionPanelTable-listUl\")]/tbody/tr[12]/td[2]/div/div"}
COMMAND: POST /session/4bf8232c0472e0a498fe7ae209f3a21b/element - {"using":"xpath","value":"//table[contains(@id, \"listView-innerSelectionPanelTable-listUl\")]/tbody/tr[12]/td[2]/div"}
RESULT: {"using":"xpath","value":"//table[contains(@id, \"listView-innerSelectionPanelTable-listUl\")]/tbody/tr[12]/td[2]/div"}
COMMAND: POST /session/4bf8232c0472e0a498fe7ae209f3a21b/element - {"using":"xpath","value":"//table[contains(@id, \"listView-innerSelectionPanelTable-listUl\")]/tbody/tr[12]/td[3]/div/div/span/span[1]/bdi"}
RESULT: {"using":"xpath","value":"//table[contains(@id, \"listView-innerSelectionPanelTable-listUl\")]/tbody/tr[12]/td[3]/div/div/span/span[1]/bdi"}
COMMAND: POST /session/4bf8232c0472e0a498fe7ae209f3a21b/execute/sync - {"script":"<script> [56 bytes]","args":[{"element-6066-11e4-a52e-4f735466cecf":"f.363B4D137147A2C10141CDA60C7BC6F9.d.6B26D82500DADFDD5EEF92294D31350A.e.6889","ELEMENT":"f.363B4D137147A2C10141CDA60C7BC6F9.d.6B26D82500DADFDD5EEF92294D31350A.e.6889"}]}
RESULT: {"script":"<script> [56 bytes]","args":[{"element-6066-11e4-a52e-4f735466cecf":"f.363B4D137147A2C10141CDA60C7BC6F9.d.6B26D82500DADFDD5EEF92294D31350A.e.6889","ELEMENT":"f.363B4D137147A2C10141CDA60C7BC6F9.d.6B26D82500DADFDD5EEF92294D31350A.e.6889"}]}
COMMAND: GET /session/4bf8232c0472e0a498fe7ae209f3a21b/element/f.363B4D137147A2C10141CDA60C7BC6F9.d.6B26D82500DADFDD5EEF92294D31350A.e.6888/attribute/aria-checked - {}
COMMAND: GET /session/4bf8232c0472e0a498fe7ae209f3a21b/screenshot - {}
RESULT: {}
COMMAND: POST /session/4bf8232c0472e0a498fe7ae209f3a21b/element - {"using":"xpath","value":"//table[contains(@id, \"listView-innerSelectionPanelTable-listUl\")]/tbody/tr[13]/td[2]/div/div"}
RESULT: {}
RESULT: {"using":"xpath","value":"//table[contains(@id, \"listView-innerSelectionPanelTable-listUl\")]/tbody/tr[13]/td[2]/div/div"}
COMMAND: POST /session/4bf8232c0472e0a498fe7ae209f3a21b/element - {"using":"xpath","value":"//table[contains(@id, \"listView-innerSelectionPanelTable-listUl\")]/tbody/tr[13]/td[2]/div"}
RESULT: {"using":"xpath","value":"//table[contains(@id, \"listView-innerSelectionPanelTable-listUl\")]/tbody/tr[13]/td[2]/div"}
COMMAND: POST /session/4bf8232c0472e0a498fe7ae209f3a21b/element - {"using":"xpath","value":"//table[contains(@id, \"listView-innerSelectionPanelTable-listUl\")]/tbody/tr[13]/td[3]/div/div/span/span[1]/bdi"}
RESULT: {"using":"xpath","value":"//table[contains(@id, \"listView-innerSelectionPanelTable-listUl\")]/tbody/tr[13]/td[3]/div/div/span/span[1]/bdi"}
COMMAND: POST /session/4bf8232c0472e0a498fe7ae209f3a21b/execute/sync - {"script":"<script> [56 bytes]","args":[{"element-6066-11e4-a52e-4f735466cecf":"f.363B4D137147A2C10141CDA60C7BC6F9.d.6B26D82500DADFDD5EEF92294D31350A.e.6892","ELEMENT":"f.363B4D137147A2C10141CDA60C7BC6F9.d.6B26D82500DADFDD5EEF92294D31350A.e.6892"}]}
RESULT: {"script":"<script> [56 bytes]","args":[{"element-6066-11e4-a52e-4f735466cecf":"f.363B4D137147A2C10141CDA60C7BC6F9.d.6B26D82500DADFDD5EEF92294D31350A.e.6892","ELEMENT":"f.363B4D137147A2C10141CDA60C7BC6F9.d.6B26D82500DADFDD5EEF92294D31350A.e.6892"}]}
COMMAND: GET /session/4bf8232c0472e0a498fe7ae209f3a21b/element/f.363B4D137147A2C10141CDA60C7BC6F9.d.6B26D82500DADFDD5EEF92294D31350A.e.6891/attribute/aria-checked - {}
COMMAND: GET /session/4bf8232c0472e0a498fe7ae209f3a21b/screenshot - {}
RESULT: {}
COMMAND: POST /session/4bf8232c0472e0a498fe7ae209f3a21b/element - {"using":"xpath","value":"//table[contains(@id, \"listView-innerSelectionPanelTable-listUl\")]/tbody/tr[14]/td[2]/div/div"}
COMMAND: POST /session/4bf8232c0472e0a498fe7ae209f3a21b/element/f.363B4D137147A2C10141CDA60C7BC6F9.d.6B26D82500DADFDD5EEF92294D31350A.e.6890/click - {}
RESULT: {}
RESULT: {"using":"xpath","value":"//table[contains(@id, \"listView-innerSelectionPanelTable-listUl\")]/tbody/tr[14]/td[2]/div/div"}
COMMAND: POST /session/4bf8232c0472e0a498fe7ae209f3a21b/element - {"using":"xpath","value":"//table[contains(@id, \"listView-innerSelectionPanelTable-listUl\")]/tbody/tr[14]/td[2]/div"}
RESULT: {}
COMMAND: GET /session/4bf8232c0472e0a498fe7ae209f3a21b/screenshot - {}
RESULT: {"using":"xpath","value":"//table[contains(@id, \"listView-innerSelectionPanelTable-listUl\")]/tbody/tr[14]/td[2]/div"}
COMMAND: POST /session/4bf8232c0472e0a498fe7ae209f3a21b/element - {"using":"xpath","value":"//table[contains(@id, \"listView-innerSelectionPanelTable-listUl\")]/tbody/tr[14]/td[3]/div/div/span/span[1]/bdi"}
RESULT: {}
RESULT: {"using":"xpath","value":"//table[contains(@id, \"listView-innerSelectionPanelTable-listUl\")]/tbody/tr[14]/td[3]/div/div/span/span[1]/bdi"}
COMMAND: POST /session/4bf8232c0472e0a498fe7ae209f3a21b/execute/sync - {"script":"<script> [56 bytes]","args":[{"element-6066-11e4-a52e-4f735466cecf":"f.363B4D137147A2C10141CDA60C7BC6F9.d.6B26D82500DADFDD5EEF92294D31350A.e.6896","ELEMENT":"f.363B4D137147A2C10141CDA60C7BC6F9.d.6B26D82500DADFDD5EEF92294D31350A.e.6896"}]}
RESULT: {"script":"<script> [56 bytes]","args":[{"element-6066-11e4-a52e-4f735466cecf":"f.363B4D137147A2C10141CDA60C7BC6F9.d.6B26D82500DADFDD5EEF92294D31350A.e.6896","ELEMENT":"f.363B4D137147A2C10141CDA60C7BC6F9.d.6B26D82500DADFDD5EEF92294D31350A.e.6896"}]}
COMMAND: GET /session/4bf8232c0472e0a498fe7ae209f3a21b/element/f.363B4D137147A2C10141CDA60C7BC6F9.d.6B26D82500DADFDD5EEF92294D31350A.e.6895/attribute/aria-checked - {}
COMMAND: GET /session/4bf8232c0472e0a498fe7ae209f3a21b/screenshot - {}
RESULT: {}
COMMAND: POST /session/4bf8232c0472e0a498fe7ae209f3a21b/element - {"using":"xpath","value":"//table[contains(@id, \"listView-innerSelectionPanelTable-listUl\")]/tbody/tr[15]/td[2]/div/div"}
RESULT: {}
RESULT: {"using":"xpath","value":"//table[contains(@id, \"listView-innerSelectionPanelTable-listUl\")]/tbody/tr[15]/td[2]/div/div"}
COMMAND: POST /session/4bf8232c0472e0a498fe7ae209f3a21b/element - {"using":"xpath","value":"//table[contains(@id, \"listView-innerSelectionPanelTable-listUl\")]/tbody/tr[15]/td[2]/div"}
RESULT: {"using":"xpath","value":"//table[contains(@id, \"listView-innerSelectionPanelTable-listUl\")]/tbody/tr[15]/td[2]/div"}
COMMAND: POST /session/4bf8232c0472e0a498fe7ae209f3a21b/element - {"using":"xpath","value":"//table[contains(@id, \"listView-innerSelectionPanelTable-listUl\")]/tbody/tr[15]/td[3]/div/div/span/span[1]/bdi"}
RESULT: {"using":"xpath","value":"//table[contains(@id, \"listView-innerSelectionPanelTable-listUl\")]/tbody/tr[15]/td[3]/div/div/span/span[1]/bdi"}
COMMAND: POST /session/4bf8232c0472e0a498fe7ae209f3a21b/execute/sync - {"script":"<script> [56 bytes]","args":[{"element-6066-11e4-a52e-4f735466cecf":"f.363B4D137147A2C10141CDA60C7BC6F9.d.6B26D82500DADFDD5EEF92294D31350A.e.6899","ELEMENT":"f.363B4D137147A2C10141CDA60C7BC6F9.d.6B26D82500DADFDD5EEF92294D31350A.e.6899"}]}
RESULT: {"script":"<script> [56 bytes]","args":[{"element-6066-11e4-a52e-4f735466cecf":"f.363B4D137147A2C10141CDA60C7BC6F9.d.6B26D82500DADFDD5EEF92294D31350A.e.6899","ELEMENT":"f.363B4D137147A2C10141CDA60C7BC6F9.d.6B26D82500DADFDD5EEF92294D31350A.e.6899"}]}
COMMAND: GET /session/4bf8232c0472e0a498fe7ae209f3a21b/element/f.363B4D137147A2C10141CDA60C7BC6F9.d.6B26D82500DADFDD5EEF92294D31350A.e.6898/attribute/aria-checked - {}
COMMAND: GET /session/4bf8232c0472e0a498fe7ae209f3a21b/screenshot - {}
RESULT: {}
COMMAND: POST /session/4bf8232c0472e0a498fe7ae209f3a21b/element - {"using":"xpath","value":"//table[contains(@id, \"listView-innerSelectionPanelTable-listUl\")]/tbody/tr[16]/td[2]/div/div"}
RESULT: {}
RESULT: {"using":"xpath","value":"//table[contains(@id, \"listView-innerSelectionPanelTable-listUl\")]/tbody/tr[16]/td[2]/div/div"}
COMMAND: POST /session/4bf8232c0472e0a498fe7ae209f3a21b/element - {"using":"xpath","value":"//table[contains(@id, \"listView-innerSelectionPanelTable-listUl\")]/tbody/tr[16]/td[2]/div"}
RESULT: {"using":"xpath","value":"//table[contains(@id, \"listView-innerSelectionPanelTable-listUl\")]/tbody/tr[16]/td[2]/div"}
COMMAND: POST /session/4bf8232c0472e0a498fe7ae209f3a21b/element - {"using":"xpath","value":"//table[contains(@id, \"listView-innerSelectionPanelTable-listUl\")]/tbody/tr[16]/td[3]/div/div/span/span[1]/bdi"}
RESULT: {"using":"xpath","value":"//table[contains(@id, \"listView-innerSelectionPanelTable-listUl\")]/tbody/tr[16]/td[3]/div/div/span/span[1]/bdi"}
COMMAND: POST /session/4bf8232c0472e0a498fe7ae209f3a21b/execute/sync - {"script":"<script> [56 bytes]","args":[{"element-6066-11e4-a52e-4f735466cecf":"f.363B4D137147A2C10141CDA60C7BC6F9.d.6B26D82500DADFDD5EEF92294D31350A.e.6902","ELEMENT":"f.363B4D137147A2C10141CDA60C7BC6F9.d.6B26D82500DADFDD5EEF92294D31350A.e.6902"}]}
RESULT: {"script":"<script> [56 bytes]","args":[{"element-6066-11e4-a52e-4f735466cecf":"f.363B4D137147A2C10141CDA60C7BC6F9.d.6B26D82500DADFDD5EEF92294D31350A.e.6902","ELEMENT":"f.363B4D137147A2C10141CDA60C7BC6F9.d.6B26D82500DADFDD5EEF92294D31350A.e.6902"}]}
COMMAND: GET /session/4bf8232c0472e0a498fe7ae209f3a21b/element/f.363B4D137147A2C10141CDA60C7BC6F9.d.6B26D82500DADFDD5EEF92294D31350A.e.6901/attribute/aria-checked - {}
COMMAND: GET /session/4bf8232c0472e0a498fe7ae209f3a21b/screenshot - {}
RESULT: {}
COMMAND: POST /session/4bf8232c0472e0a498fe7ae209f3a21b/element - {"using":"xpath","value":"//table[contains(@id, \"listView-innerSelectionPanelTable-listUl\")]/tbody/tr[17]/td[2]/div/div"}
RESULT: {}
RESULT: {"using":"xpath","value":"//table[contains(@id, \"listView-innerSelectionPanelTable-listUl\")]/tbody/tr[17]/td[2]/div/div"}
COMMAND: POST /session/4bf8232c0472e0a498fe7ae209f3a21b/element - {"using":"xpath","value":"//table[contains(@id, \"listView-innerSelectionPanelTable-listUl\")]/tbody/tr[17]/td[2]/div"}
RESULT: {"using":"xpath","value":"//table[contains(@id, \"listView-innerSelectionPanelTable-listUl\")]/tbody/tr[17]/td[2]/div"}
COMMAND: POST /session/4bf8232c0472e0a498fe7ae209f3a21b/element - {"using":"xpath","value":"//table[contains(@id, \"listView-innerSelectionPanelTable-listUl\")]/tbody/tr[17]/td[3]/div/div/span/span[1]/bdi"}
RESULT: {"using":"xpath","value":"//table[contains(@id, \"listView-innerSelectionPanelTable-listUl\")]/tbody/tr[17]/td[3]/div/div/span/span[1]/bdi"}
COMMAND: POST /session/4bf8232c0472e0a498fe7ae209f3a21b/execute/sync - {"script":"<script> [56 bytes]","args":[{"element-6066-11e4-a52e-4f735466cecf":"f.363B4D137147A2C10141CDA60C7BC6F9.d.6B26D82500DADFDD5EEF92294D31350A.e.6905","ELEMENT":"f.363B4D137147A2C10141CDA60C7BC6F9.d.6B26D82500DADFDD5EEF92294D31350A.e.6905"}]}
RESULT: {"script":"<script> [56 bytes]","args":[{"element-6066-11e4-a52e-4f735466cecf":"f.363B4D137147A2C10141CDA60C7BC6F9.d.6B26D82500DADFDD5EEF92294D31350A.e.6905","ELEMENT":"f.363B4D137147A2C10141CDA60C7BC6F9.d.6B26D82500DADFDD5EEF92294D31350A.e.6905"}]}
COMMAND: GET /session/4bf8232c0472e0a498fe7ae209f3a21b/element/f.363B4D137147A2C10141CDA60C7BC6F9.d.6B26D82500DADFDD5EEF92294D31350A.e.6904/attribute/aria-checked - {}
COMMAND: GET /session/4bf8232c0472e0a498fe7ae209f3a21b/screenshot - {}
RESULT: {}
COMMAND: POST /session/4bf8232c0472e0a498fe7ae209f3a21b/element - {"using":"xpath","value":"//table[contains(@id, \"listView-innerSelectionPanelTable-listUl\")]/tbody/tr[18]/td[2]/div/div"}
RESULT: {}
RESULT: {"using":"xpath","value":"//table[contains(@id, \"listView-innerSelectionPanelTable-listUl\")]/tbody/tr[18]/td[2]/div/div"}
COMMAND: POST /session/4bf8232c0472e0a498fe7ae209f3a21b/element - {"using":"xpath","value":"//table[contains(@id, \"listView-innerSelectionPanelTable-listUl\")]/tbody/tr[18]/td[2]/div"}
RESULT: {"using":"xpath","value":"//table[contains(@id, \"listView-innerSelectionPanelTable-listUl\")]/tbody/tr[18]/td[2]/div"}
COMMAND: POST /session/4bf8232c0472e0a498fe7ae209f3a21b/element - {"using":"xpath","value":"//table[contains(@id, \"listView-innerSelectionPanelTable-listUl\")]/tbody/tr[18]/td[3]/div/div/span/span[1]/bdi"}
RESULT: {"using":"xpath","value":"//table[contains(@id, \"listView-innerSelectionPanelTable-listUl\")]/tbody/tr[18]/td[3]/div/div/span/span[1]/bdi"}
COMMAND: POST /session/4bf8232c0472e0a498fe7ae209f3a21b/execute/sync - {"script":"<script> [56 bytes]","args":[{"element-6066-11e4-a52e-4f735466cecf":"f.363B4D137147A2C10141CDA60C7BC6F9.d.6B26D82500DADFDD5EEF92294D31350A.e.6908","ELEMENT":"f.363B4D137147A2C10141CDA60C7BC6F9.d.6B26D82500DADFDD5EEF92294D31350A.e.6908"}]}
RESULT: {"script":"<script> [56 bytes]","args":[{"element-6066-11e4-a52e-4f735466cecf":"f.363B4D137147A2C10141CDA60C7BC6F9.d.6B26D82500DADFDD5EEF92294D31350A.e.6908","ELEMENT":"f.363B4D137147A2C10141CDA60C7BC6F9.d.6B26D82500DADFDD5EEF92294D31350A.e.6908"}]}
COMMAND: GET /session/4bf8232c0472e0a498fe7ae209f3a21b/element/f.363B4D137147A2C10141CDA60C7BC6F9.d.6B26D82500DADFDD5EEF92294D31350A.e.6907/attribute/aria-checked - {}
COMMAND: GET /session/4bf8232c0472e0a498fe7ae209f3a21b/screenshot - {}
RESULT: {}
COMMAND: POST /session/4bf8232c0472e0a498fe7ae209f3a21b/element - {"using":"xpath","value":"//table[contains(@id, \"listView-innerSelectionPanelTable-listUl\")]/tbody/tr[19]/td[2]/div/div"}
RESULT: {}
RESULT: {"using":"xpath","value":"//table[contains(@id, \"listView-innerSelectionPanelTable-listUl\")]/tbody/tr[19]/td[2]/div/div"}
COMMAND: POST /session/4bf8232c0472e0a498fe7ae209f3a21b/element - {"using":"xpath","value":"//table[contains(@id, \"listView-innerSelectionPanelTable-listUl\")]/tbody/tr[19]/td[2]/div"}
RESULT: {"using":"xpath","value":"//table[contains(@id, \"listView-innerSelectionPanelTable-listUl\")]/tbody/tr[19]/td[2]/div"}
COMMAND: POST /session/4bf8232c0472e0a498fe7ae209f3a21b/element - {"using":"xpath","value":"//table[contains(@id, \"listView-innerSelectionPanelTable-listUl\")]/tbody/tr[19]/td[3]/div/div/span/span[1]/bdi"}
RESULT: {"using":"xpath","value":"//table[contains(@id, \"listView-innerSelectionPanelTable-listUl\")]/tbody/tr[19]/td[3]/div/div/span/span[1]/bdi"}
COMMAND: POST /session/4bf8232c0472e0a498fe7ae209f3a21b/execute/sync - {"script":"<script> [56 bytes]","args":[{"element-6066-11e4-a52e-4f735466cecf":"f.363B4D137147A2C10141CDA60C7BC6F9.d.6B26D82500DADFDD5EEF92294D31350A.e.6911","ELEMENT":"f.363B4D137147A2C10141CDA60C7BC6F9.d.6B26D82500DADFDD5EEF92294D31350A.e.6911"}]}
RESULT: {"script":"<script> [56 bytes]","args":[{"element-6066-11e4-a52e-4f735466cecf":"f.363B4D137147A2C10141CDA60C7BC6F9.d.6B26D82500DADFDD5EEF92294D31350A.e.6911","ELEMENT":"f.363B4D137147A2C10141CDA60C7BC6F9.d.6B26D82500DADFDD5EEF92294D31350A.e.6911"}]}
COMMAND: GET /session/4bf8232c0472e0a498fe7ae209f3a21b/element/f.363B4D137147A2C10141CDA60C7BC6F9.d.6B26D82500DADFDD5EEF92294D31350A.e.6910/attribute/aria-checked - {}
COMMAND: GET /session/4bf8232c0472e0a498fe7ae209f3a21b/screenshot - {}
RESULT: {}
COMMAND: POST /session/4bf8232c0472e0a498fe7ae209f3a21b/element - {"using":"xpath","value":"//table[contains(@id, \"listView-innerSelectionPanelTable-listUl\")]/tbody/tr[20]/td[2]/div/div"}
RESULT: {}
RESULT: {"using":"xpath","value":"//table[contains(@id, \"listView-innerSelectionPanelTable-listUl\")]/tbody/tr[20]/td[2]/div/div"}
COMMAND: POST /session/4bf8232c0472e0a498fe7ae209f3a21b/element - {"using":"xpath","value":"//table[contains(@id, \"listView-innerSelectionPanelTable-listUl\")]/tbody/tr[20]/td[2]/div"}
RESULT: {"using":"xpath","value":"//table[contains(@id, \"listView-innerSelectionPanelTable-listUl\")]/tbody/tr[20]/td[2]/div"}
COMMAND: POST /session/4bf8232c0472e0a498fe7ae209f3a21b/element - {"using":"xpath","value":"//table[contains(@id, \"listView-innerSelectionPanelTable-listUl\")]/tbody/tr[20]/td[3]/div/div/span/span[1]/bdi"}
RESULT: {"using":"xpath","value":"//table[contains(@id, \"listView-innerSelectionPanelTable-listUl\")]/tbody/tr[20]/td[3]/div/div/span/span[1]/bdi"}
COMMAND: POST /session/4bf8232c0472e0a498fe7ae209f3a21b/execute/sync - {"script":"<script> [56 bytes]","args":[{"element-6066-11e4-a52e-4f735466cecf":"f.363B4D137147A2C10141CDA60C7BC6F9.d.6B26D82500DADFDD5EEF92294D31350A.e.6914","ELEMENT":"f.363B4D137147A2C10141CDA60C7BC6F9.d.6B26D82500DADFDD5EEF92294D31350A.e.6914"}]}
RESULT: {"script":"<script> [56 bytes]","args":[{"element-6066-11e4-a52e-4f735466cecf":"f.363B4D137147A2C10141CDA60C7BC6F9.d.6B26D82500DADFDD5EEF92294D31350A.e.6914","ELEMENT":"f.363B4D137147A2C10141CDA60C7BC6F9.d.6B26D82500DADFDD5EEF92294D31350A.e.6914"}]}
COMMAND: GET /session/4bf8232c0472e0a498fe7ae209f3a21b/element/f.363B4D137147A2C10141CDA60C7BC6F9.d.6B26D82500DADFDD5EEF92294D31350A.e.6913/attribute/aria-checked - {}
COMMAND: GET /session/4bf8232c0472e0a498fe7ae209f3a21b/screenshot - {}
RESULT: {}
COMMAND: POST /session/4bf8232c0472e0a498fe7ae209f3a21b/element - {"using":"xpath","value":"//table[contains(@id, \"listView-innerSelectionPanelTable-listUl\")]/tbody/tr[21]/td[2]/div/div"}
RESULT: {}
RESULT: {"using":"xpath","value":"//table[contains(@id, \"listView-innerSelectionPanelTable-listUl\")]/tbody/tr[21]/td[2]/div/div"}
COMMAND: POST /session/4bf8232c0472e0a498fe7ae209f3a21b/element - {"using":"xpath","value":"//table[contains(@id, \"listView-innerSelectionPanelTable-listUl\")]/tbody/tr[21]/td[2]/div"}
RESULT: {"using":"xpath","value":"//table[contains(@id, \"listView-innerSelectionPanelTable-listUl\")]/tbody/tr[21]/td[2]/div"}
COMMAND: POST /session/4bf8232c0472e0a498fe7ae209f3a21b/element - {"using":"xpath","value":"//table[contains(@id, \"listView-innerSelectionPanelTable-listUl\")]/tbody/tr[21]/td[3]/div/div/span/span[1]/bdi"}
RESULT: {"using":"xpath","value":"//table[contains(@id, \"listView-innerSelectionPanelTable-listUl\")]/tbody/tr[21]/td[3]/div/div/span/span[1]/bdi"}
COMMAND: POST /session/4bf8232c0472e0a498fe7ae209f3a21b/execute/sync - {"script":"<script> [56 bytes]","args":[{"element-6066-11e4-a52e-4f735466cecf":"f.363B4D137147A2C10141CDA60C7BC6F9.d.6B26D82500DADFDD5EEF92294D31350A.e.6917","ELEMENT":"f.363B4D137147A2C10141CDA60C7BC6F9.d.6B26D82500DADFDD5EEF92294D31350A.e.6917"}]}
RESULT: {"script":"<script> [56 bytes]","args":[{"element-6066-11e4-a52e-4f735466cecf":"f.363B4D137147A2C10141CDA60C7BC6F9.d.6B26D82500DADFDD5EEF92294D31350A.e.6917","ELEMENT":"f.363B4D137147A2C10141CDA60C7BC6F9.d.6B26D82500DADFDD5EEF92294D31350A.e.6917"}]}
COMMAND: GET /session/4bf8232c0472e0a498fe7ae209f3a21b/element/f.363B4D137147A2C10141CDA60C7BC6F9.d.6B26D82500DADFDD5EEF92294D31350A.e.6916/attribute/aria-checked - {}
COMMAND: GET /session/4bf8232c0472e0a498fe7ae209f3a21b/screenshot - {}
RESULT: {}
COMMAND: POST /session/4bf8232c0472e0a498fe7ae209f3a21b/element - {"using":"xpath","value":"//table[contains(@id, \"listView-innerSelectionPanelTable-listUl\")]/tbody/tr[22]/td[2]/div/div"}
RESULT: {}
RESULT: {"using":"xpath","value":"//table[contains(@id, \"listView-innerSelectionPanelTable-listUl\")]/tbody/tr[22]/td[2]/div/div"}
COMMAND: POST /session/4bf8232c0472e0a498fe7ae209f3a21b/element - {"using":"xpath","value":"//table[contains(@id, \"listView-innerSelectionPanelTable-listUl\")]/tbody/tr[22]/td[2]/div"}
RESULT: {"using":"xpath","value":"//table[contains(@id, \"listView-innerSelectionPanelTable-listUl\")]/tbody/tr[22]/td[2]/div"}
COMMAND: POST /session/4bf8232c0472e0a498fe7ae209f3a21b/element - {"using":"xpath","value":"//table[contains(@id, \"listView-innerSelectionPanelTable-listUl\")]/tbody/tr[22]/td[3]/div/div/span/span[1]/bdi"}
RESULT: {"using":"xpath","value":"//table[contains(@id, \"listView-innerSelectionPanelTable-listUl\")]/tbody/tr[22]/td[3]/div/div/span/span[1]/bdi"}
COMMAND: POST /session/4bf8232c0472e0a498fe7ae209f3a21b/execute/sync - {"script":"<script> [56 bytes]","args":[{"element-6066-11e4-a52e-4f735466cecf":"f.363B4D137147A2C10141CDA60C7BC6F9.d.6B26D82500DADFDD5EEF92294D31350A.e.6920","ELEMENT":"f.363B4D137147A2C10141CDA60C7BC6F9.d.6B26D82500DADFDD5EEF92294D31350A.e.6920"}]}
RESULT: {"script":"<script> [56 bytes]","args":[{"element-6066-11e4-a52e-4f735466cecf":"f.363B4D137147A2C10141CDA60C7BC6F9.d.6B26D82500DADFDD5EEF92294D31350A.e.6920","ELEMENT":"f.363B4D137147A2C10141CDA60C7BC6F9.d.6B26D82500DADFDD5EEF92294D31350A.e.6920"}]}
COMMAND: GET /session/4bf8232c0472e0a498fe7ae209f3a21b/element/f.363B4D137147A2C10141CDA60C7BC6F9.d.6B26D82500DADFDD5EEF92294D31350A.e.6919/attribute/aria-checked - {}
COMMAND: GET /session/4bf8232c0472e0a498fe7ae209f3a21b/screenshot - {}
RESULT: {}
COMMAND: POST /session/4bf8232c0472e0a498fe7ae209f3a21b/element - {"using":"xpath","value":"//table[contains(@id, \"listView-innerSelectionPanelTable-listUl\")]/tbody/tr[23]/td[2]/div/div"}
RESULT: {}
RESULT: {"using":"xpath","value":"//table[contains(@id, \"listView-innerSelectionPanelTable-listUl\")]/tbody/tr[23]/td[2]/div/div"}
COMMAND: POST /session/4bf8232c0472e0a498fe7ae209f3a21b/element - {"using":"xpath","value":"//table[contains(@id, \"listView-innerSelectionPanelTable-listUl\")]/tbody/tr[23]/td[2]/div"}
RESULT: {"using":"xpath","value":"//table[contains(@id, \"listView-innerSelectionPanelTable-listUl\")]/tbody/tr[23]/td[2]/div"}
COMMAND: POST /session/4bf8232c0472e0a498fe7ae209f3a21b/element - {"using":"xpath","value":"//table[contains(@id, \"listView-innerSelectionPanelTable-listUl\")]/tbody/tr[23]/td[3]/div/div/span/span[1]/bdi"}
RESULT: {"using":"xpath","value":"//table[contains(@id, \"listView-innerSelectionPanelTable-listUl\")]/tbody/tr[23]/td[3]/div/div/span/span[1]/bdi"}
COMMAND: POST /session/4bf8232c0472e0a498fe7ae209f3a21b/execute/sync - {"script":"<script> [56 bytes]","args":[{"element-6066-11e4-a52e-4f735466cecf":"f.363B4D137147A2C10141CDA60C7BC6F9.d.6B26D82500DADFDD5EEF92294D31350A.e.6923","ELEMENT":"f.363B4D137147A2C10141CDA60C7BC6F9.d.6B26D82500DADFDD5EEF92294D31350A.e.6923"}]}
RESULT: {"script":"<script> [56 bytes]","args":[{"element-6066-11e4-a52e-4f735466cecf":"f.363B4D137147A2C10141CDA60C7BC6F9.d.6B26D82500DADFDD5EEF92294D31350A.e.6923","ELEMENT":"f.363B4D137147A2C10141CDA60C7BC6F9.d.6B26D82500DADFDD5EEF92294D31350A.e.6923"}]}
COMMAND: GET /session/4bf8232c0472e0a498fe7ae209f3a21b/element/f.363B4D137147A2C10141CDA60C7BC6F9.d.6B26D82500DADFDD5EEF92294D31350A.e.6922/attribute/aria-checked - {}
COMMAND: GET /session/4bf8232c0472e0a498fe7ae209f3a21b/screenshot - {}
RESULT: {}
COMMAND: POST /session/4bf8232c0472e0a498fe7ae209f3a21b/element - {"using":"xpath","value":"//table[contains(@id, \"listView-innerSelectionPanelTable-listUl\")]/tbody/tr[24]/td[2]/div/div"}
RESULT: {}
RESULT: {"using":"xpath","value":"//table[contains(@id, \"listView-innerSelectionPanelTable-listUl\")]/tbody/tr[24]/td[2]/div/div"}
COMMAND: POST /session/4bf8232c0472e0a498fe7ae209f3a21b/element - {"using":"xpath","value":"//table[contains(@id, \"listView-innerSelectionPanelTable-listUl\")]/tbody/tr[24]/td[2]/div"}
RESULT: {"using":"xpath","value":"//table[contains(@id, \"listView-innerSelectionPanelTable-listUl\")]/tbody/tr[24]/td[2]/div"}
COMMAND: POST /session/4bf8232c0472e0a498fe7ae209f3a21b/element - {"using":"xpath","value":"//table[contains(@id, \"listView-innerSelectionPanelTable-listUl\")]/tbody/tr[24]/td[3]/div/div/span/span[1]/bdi"}
RESULT: {"using":"xpath","value":"//table[contains(@id, \"listView-innerSelectionPanelTable-listUl\")]/tbody/tr[24]/td[3]/div/div/span/span[1]/bdi"}
COMMAND: POST /session/4bf8232c0472e0a498fe7ae209f3a21b/execute/sync - {"script":"<script> [56 bytes]","args":[{"element-6066-11e4-a52e-4f735466cecf":"f.363B4D137147A2C10141CDA60C7BC6F9.d.6B26D82500DADFDD5EEF92294D31350A.e.6926","ELEMENT":"f.363B4D137147A2C10141CDA60C7BC6F9.d.6B26D82500DADFDD5EEF92294D31350A.e.6926"}]}
RESULT: {"script":"<script> [56 bytes]","args":[{"element-6066-11e4-a52e-4f735466cecf":"f.363B4D137147A2C10141CDA60C7BC6F9.d.6B26D82500DADFDD5EEF92294D31350A.e.6926","ELEMENT":"f.363B4D137147A2C10141CDA60C7BC6F9.d.6B26D82500DADFDD5EEF92294D31350A.e.6926"}]}
COMMAND: GET /session/4bf8232c0472e0a498fe7ae209f3a21b/element/f.363B4D137147A2C10141CDA60C7BC6F9.d.6B26D82500DADFDD5EEF92294D31350A.e.6925/attribute/aria-checked - {}
COMMAND: GET /session/4bf8232c0472e0a498fe7ae209f3a21b/screenshot - {}
RESULT: {}
COMMAND: POST /session/4bf8232c0472e0a498fe7ae209f3a21b/element - {"using":"xpath","value":"//table[contains(@id, \"listView-innerSelectionPanelTable-listUl\")]/tbody/tr[25]/td[2]/div/div"}
RESULT: {}
RESULT: {"using":"xpath","value":"//table[contains(@id, \"listView-innerSelectionPanelTable-listUl\")]/tbody/tr[25]/td[2]/div/div"}
COMMAND: POST /session/4bf8232c0472e0a498fe7ae209f3a21b/element - {"using":"xpath","value":"//table[contains(@id, \"listView-innerSelectionPanelTable-listUl\")]/tbody/tr[25]/td[2]/div"}
RESULT: {"using":"xpath","value":"//table[contains(@id, \"listView-innerSelectionPanelTable-listUl\")]/tbody/tr[25]/td[2]/div"}
COMMAND: POST /session/4bf8232c0472e0a498fe7ae209f3a21b/element - {"using":"xpath","value":"//table[contains(@id, \"listView-innerSelectionPanelTable-listUl\")]/tbody/tr[25]/td[3]/div/div/span/span[1]/bdi"}
RESULT: {"using":"xpath","value":"//table[contains(@id, \"listView-innerSelectionPanelTable-listUl\")]/tbody/tr[25]/td[3]/div/div/span/span[1]/bdi"}
COMMAND: POST /session/4bf8232c0472e0a498fe7ae209f3a21b/execute/sync - {"script":"<script> [56 bytes]","args":[{"element-6066-11e4-a52e-4f735466cecf":"f.363B4D137147A2C10141CDA60C7BC6F9.d.6B26D82500DADFDD5EEF92294D31350A.e.6929","ELEMENT":"f.363B4D137147A2C10141CDA60C7BC6F9.d.6B26D82500DADFDD5EEF92294D31350A.e.6929"}]}
RESULT: {"script":"<script> [56 bytes]","args":[{"element-6066-11e4-a52e-4f735466cecf":"f.363B4D137147A2C10141CDA60C7BC6F9.d.6B26D82500DADFDD5EEF92294D31350A.e.6929","ELEMENT":"f.363B4D137147A2C10141CDA60C7BC6F9.d.6B26D82500DADFDD5EEF92294D31350A.e.6929"}]}
COMMAND: GET /session/4bf8232c0472e0a498fe7ae209f3a21b/element/f.363B4D137147A2C10141CDA60C7BC6F9.d.6B26D82500DADFDD5EEF92294D31350A.e.6928/attribute/aria-checked - {}
COMMAND: GET /session/4bf8232c0472e0a498fe7ae209f3a21b/screenshot - {}
RESULT: {}
COMMAND: POST /session/4bf8232c0472e0a498fe7ae209f3a21b/element - {"using":"xpath","value":"//bdi[contains(text(), \"OK\")]"}
RESULT: {}
RESULT: {"using":"xpath","value":"//bdi[contains(text(), \"OK\")]"}
COMMAND: POST /session/4bf8232c0472e0a498fe7ae209f3a21b/element/f.363B4D137147A2C10141CDA60C7BC6F9.d.6B26D82500DADFDD5EEF92294D31350A.e.6930/click - {}
RESULT: {}
COMMAND: GET /session/4bf8232c0472e0a498fe7ae209f3a21b/screenshot - {}
RESULT: {}
COMMAND: POST /session/4bf8232c0472e0a498fe7ae209f3a21b/execute/async - {"script":"<script> [1562 bytes]","args":[{"selector":{"id":"application-managepartners-display-component---masterPtm--smartFilterBar-filterItemControlA_-LINK_TO_ADDRESSES_MAIN.CITY1-vhi"},"wdio_ui5_key":"applicationmanagepartners-display-component---masterPtm--smartFilterBar-filterItemControlA_-LINK_TO_ADDRESSES_MAIN.CITY1-vhi"}]}
RESULT: {"script":"<script> [1562 bytes]","args":[{"selector":{"id":"application-managepartners-display-component---masterPtm--smartFilterBar-filterItemControlA_-LINK_TO_ADDRESSES_MAIN.CITY1-vhi"},"wdio_ui5_key":"applicationmanagepartners-display-component---masterPtm--smartFilterBar-filterItemControlA_-LINK_TO_ADDRESSES_MAIN.CITY1-vhi"}]}
RESULT: undefined
COMMAND: POST /session/4bf8232c0472e0a498fe7ae209f3a21b/element - {"using":"xpath","value":"//*[@id=\"application-managepartners-display-component---masterPtm--smartFilterBar-filterItemControlA_-LINK_TO_ADDRESSES_MAIN.CITY1-vhi\"]"}
RESULT: {"using":"xpath","value":"//*[@id=\"application-managepartners-display-component---masterPtm--smartFilterBar-filterItemControlA_-LINK_TO_ADDRESSES_MAIN.CITY1-vhi\"]"}
COMMAND: POST /session/4bf8232c0472e0a498fe7ae209f3a21b/element/f.363B4D137147A2C10141CDA60C7BC6F9.d.6B26D82500DADFDD5EEF92294D31350A.e.6944/click - {}
RESULT: {}
COMMAND: GET /session/4bf8232c0472e0a498fe7ae209f3a21b/screenshot - {}
RESULT: {}
COMMAND: POST /session/4bf8232c0472e0a498fe7ae209f3a21b/execute/async - {"script":"<script> [1562 bytes]","args":[{"selector":{"controlType":"sap.m.Input","viewName":"etm.portal.ui.managepartners.view.Master","viewId":"application-managepartners-display-component---masterPtm","properties":{"valueState":"None"},"searchOpenDialogs":true,"interaction":{"idSuffix":"inner"}},"wdio_ui5_key":"etmportal.ui.managepartners.view.Mastersap.m.Input{\"valueState\":\"None\"}"}]}
RESULT: {"script":"<script> [1562 bytes]","args":[{"selector":{"controlType":"sap.m.Input","viewName":"etm.portal.ui.managepartners.view.Master","viewId":"application-managepartners-display-component---masterPtm","properties":{"valueState":"None"},"searchOpenDialogs":true,"interaction":{"idSuffix":"inner"}},"wdio_ui5_key":"etmportal.ui.managepartners.view.Mastersap.m.Input{\"valueState\":\"None\"}"}]}
RESULT: undefined
COMMAND: POST /session/4bf8232c0472e0a498fe7ae209f3a21b/execute/async - {"script":"<script> [776 bytes]","args":[{"enterText":"Bucure","selector":{"controlType":"sap.m.Input","viewName":"etm.portal.ui.managepartners.view.Master","viewId":"application-managepartners-display-component---masterPtm","properties":{"valueState":"None"},"searchOpenDialogs":true,"interaction":{"idSuffix":"inner"}},"clearTextFirst":true,"interactionType":"ENTER_TEXT"}]}
RESULT: {"script":"<script> [776 bytes]","args":[{"enterText":"Bucure","selector":{"controlType":"sap.m.Input","viewName":"etm.portal.ui.managepartners.view.Master","viewId":"application-managepartners-display-component---masterPtm","properties":{"valueState":"None"},"searchOpenDialogs":true,"interaction":{"idSuffix":"inner"}},"clearTextFirst":true,"interactionType":"ENTER_TEXT"}]}
COMMAND: POST /session/4bf8232c0472e0a498fe7ae209f3a21b/actions - {"actions":[{"id":"action21","type":"key","parameters":{},"actions":[{"type":"keyDown","value":"î€‡"},{"type":"pause","duration":10},{"type":"keyUp","value":"î€‡"}]}]}
RESULT: {"actions":[{"id":"action21","type":"key","parameters":{},"actions":[{"type":"keyDown","value":"î€‡"},{"type":"pause","duration":10},{"type":"keyUp","value":"î€‡"}]}]}
COMMAND: GET /session/4bf8232c0472e0a498fe7ae209f3a21b/screenshot - {}
RESULT: {}
COMMAND: POST /session/4bf8232c0472e0a498fe7ae209f3a21b/element - {"using":"xpath","value":"(//bdi[contains(text(), \"OK\")])[1]"}
RESULT: {"using":"xpath","value":"(//bdi[contains(text(), \"OK\")])[1]"}
COMMAND: POST /session/4bf8232c0472e0a498fe7ae209f3a21b/element/f.363B4D137147A2C10141CDA60C7BC6F9.d.6B26D82500DADFDD5EEF92294D31350A.e.6950/click - {}
RESULT: {}
COMMAND: GET /session/4bf8232c0472e0a498fe7ae209f3a21b/screenshot - {}
RESULT: {}
COMMAND: POST /session/4bf8232c0472e0a498fe7ae209f3a21b/element - {"using":"xpath","value":"//span[@id=\"application-managepartners-display-component---masterPtm--smartTable-header-inner\"]"}
RESULT: {"using":"xpath","value":"//span[@id=\"application-managepartners-display-component---masterPtm--smartTable-header-inner\"]"}
COMMAND: POST /session/4bf8232c0472e0a498fe7ae209f3a21b/elements - {"using":"xpath","value":"//span[@id=\"application-managepartners-display-component---masterPtm--smartTable-header-inner\"]"}
RESULT: {"using":"xpath","value":"//span[@id=\"application-managepartners-display-component---masterPtm--smartTable-header-inner\"]"}
COMMAND: POST /session/4bf8232c0472e0a498fe7ae209f3a21b/execute/sync - {"script":"<script> [56 bytes]","args":[{"element-6066-11e4-a52e-4f735466cecf":"f.363B4D137147A2C10141CDA60C7BC6F9.d.6B26D82500DADFDD5EEF92294D31350A.e.5983","ELEMENT":"f.363B4D137147A2C10141CDA60C7BC6F9.d.6B26D82500DADFDD5EEF92294D31350A.e.5983"}]}
RESULT: {"script":"<script> [56 bytes]","args":[{"element-6066-11e4-a52e-4f735466cecf":"f.363B4D137147A2C10141CDA60C7BC6F9.d.6B26D82500DADFDD5EEF92294D31350A.e.5983","ELEMENT":"f.363B4D137147A2C10141CDA60C7BC6F9.d.6B26D82500DADFDD5EEF92294D31350A.e.5983"}]}
COMMAND: POST /session/4bf8232c0472e0a498fe7ae209f3a21b/element - {"using":"xpath","value":"//span[contains(@title, \"Remove\")]"}
COMMAND: GET /session/4bf8232c0472e0a498fe7ae209f3a21b/screenshot - {}
RESULT: {"using":"xpath","value":"//span[contains(@title, \"Remove\")]"}
COMMAND: POST /session/4bf8232c0472e0a498fe7ae209f3a21b/element/f.363B4D137147A2C10141CDA60C7BC6F9.d.6B26D82500DADFDD5EEF92294D31350A.e.7026/click - {}
RESULT: {}
RESULT: {}
COMMAND: GET /session/4bf8232c0472e0a498fe7ae209f3a21b/screenshot - {}
RESULT: {}
COMMAND: POST /session/4bf8232c0472e0a498fe7ae209f3a21b/element - {"using":"xpath","value":"//span[@id=\"application-managepartners-display-component---masterPtm--smartTable-header-inner\"]"}
RESULT: {"using":"xpath","value":"//span[@id=\"application-managepartners-display-component---masterPtm--smartTable-header-inner\"]"}
COMMAND: POST /session/4bf8232c0472e0a498fe7ae209f3a21b/elements - {"using":"xpath","value":"//span[@id=\"application-managepartners-display-component---masterPtm--smartTable-header-inner\"]"}
RESULT: {"using":"xpath","value":"//span[@id=\"application-managepartners-display-component---masterPtm--smartTable-header-inner\"]"}
COMMAND: POST /session/4bf8232c0472e0a498fe7ae209f3a21b/execute/sync - {"script":"<script> [56 bytes]","args":[{"element-6066-11e4-a52e-4f735466cecf":"f.363B4D137147A2C10141CDA60C7BC6F9.d.6B26D82500DADFDD5EEF92294D31350A.e.5983","ELEMENT":"f.363B4D137147A2C10141CDA60C7BC6F9.d.6B26D82500DADFDD5EEF92294D31350A.e.5983"}]}
RESULT: {"script":"<script> [56 bytes]","args":[{"element-6066-11e4-a52e-4f735466cecf":"f.363B4D137147A2C10141CDA60C7BC6F9.d.6B26D82500DADFDD5EEF92294D31350A.e.5983","ELEMENT":"f.363B4D137147A2C10141CDA60C7BC6F9.d.6B26D82500DADFDD5EEF92294D31350A.e.5983"}]}
COMMAND: POST /session/4bf8232c0472e0a498fe7ae209f3a21b/element - {"using":"css selector","value":"#shell-header-logo"}
COMMAND: GET /session/4bf8232c0472e0a498fe7ae209f3a21b/screenshot - {}
RESULT: {"using":"css selector","value":"#shell-header-logo"}
COMMAND: POST /session/4bf8232c0472e0a498fe7ae209f3a21b/element/f.363B4D137147A2C10141CDA60C7BC6F9.d.6B26D82500DADFDD5EEF92294D31350A.e.5814/click - {}
RESULT: {}
RESULT: {}
COMMAND: GET /session/4bf8232c0472e0a498fe7ae209f3a21b/screenshot - {}
RESULT: {}
]]></system-out>
    </testcase>
    <testcase classname="chrome.136_0_7103_93.windows.Partner_specific_tests_US150819_US151080_US151654_US151176_US103444_US151078_US151079_US151109_US151174_US151175_US151189" name="Should try to save empty partner US151174" time="44.267">
      <system-out><![CDATA[
COMMAND: POST /session/4bf8232c0472e0a498fe7ae209f3a21b/element - {"using":"xpath","value":"//li[.//span[text()=\"Manage Partners\"]]"}
RESULT: {"using":"xpath","value":"//li[.//span[text()=\"Manage Partners\"]]"}
COMMAND: POST /session/4bf8232c0472e0a498fe7ae209f3a21b/element - {"using":"xpath","value":"//li[.//span[text()=\"Manage Partners\"]]"}
RESULT: {"using":"xpath","value":"//li[.//span[text()=\"Manage Partners\"]]"}
COMMAND: POST /session/4bf8232c0472e0a498fe7ae209f3a21b/element - {"using":"css selector","value":"#shell-header-logo"}
RESULT: {"using":"css selector","value":"#shell-header-logo"}
COMMAND: POST /session/4bf8232c0472e0a498fe7ae209f3a21b/element/f.363B4D137147A2C10141CDA60C7BC6F9.d.6B26D82500DADFDD5EEF92294D31350A.e.7122/click - {}
COMMAND: POST /session/4bf8232c0472e0a498fe7ae209f3a21b/execute/sync - {"script":"<script> [8489 bytes]","args":[{"element-6066-11e4-a52e-4f735466cecf":"f.363B4D137147A2C10141CDA60C7BC6F9.d.6B26D82500DADFDD5EEF92294D31350A.e.7122","ELEMENT":"f.363B4D137147A2C10141CDA60C7BC6F9.d.6B26D82500DADFDD5EEF92294D31350A.e.7122"}]}
RESULT: {}
COMMAND: GET /session/4bf8232c0472e0a498fe7ae209f3a21b/screenshot - {}
RESULT: {"script":"<script> [8489 bytes]","args":[{"element-6066-11e4-a52e-4f735466cecf":"f.363B4D137147A2C10141CDA60C7BC6F9.d.6B26D82500DADFDD5EEF92294D31350A.e.7122","ELEMENT":"f.363B4D137147A2C10141CDA60C7BC6F9.d.6B26D82500DADFDD5EEF92294D31350A.e.7122"}]}
COMMAND: POST /session/4bf8232c0472e0a498fe7ae209f3a21b/execute/sync - {"script":"<script> [5351 bytes]","args":[{"element-6066-11e4-a52e-4f735466cecf":"f.363B4D137147A2C10141CDA60C7BC6F9.d.6B26D82500DADFDD5EEF92294D31350A.e.7122","ELEMENT":"f.363B4D137147A2C10141CDA60C7BC6F9.d.6B26D82500DADFDD5EEF92294D31350A.e.7122"}]}
COMMAND: GET /session/4bf8232c0472e0a498fe7ae209f3a21b/screenshot - {}
RESULT: {}
RESULT: {"script":"<script> [5351 bytes]","args":[{"element-6066-11e4-a52e-4f735466cecf":"f.363B4D137147A2C10141CDA60C7BC6F9.d.6B26D82500DADFDD5EEF92294D31350A.e.7122","ELEMENT":"f.363B4D137147A2C10141CDA60C7BC6F9.d.6B26D82500DADFDD5EEF92294D31350A.e.7122"}]}
COMMAND: GET /session/4bf8232c0472e0a498fe7ae209f3a21b/screenshot - {}
RESULT: {}
RESULT: {}
RESULT: undefined
COMMAND: POST /session/4bf8232c0472e0a498fe7ae209f3a21b/element - {"using":"xpath","value":"//*[@id=\"__tile30\"]"}
RESULT: {"using":"xpath","value":"//*[@id=\"__tile30\"]"}
COMMAND: POST /session/4bf8232c0472e0a498fe7ae209f3a21b/element/f.363B4D137147A2C10141CDA60C7BC6F9.d.6B26D82500DADFDD5EEF92294D31350A.e.4467/click - {}
RESULT: {}
COMMAND: GET /session/4bf8232c0472e0a498fe7ae209f3a21b/screenshot - {}
RESULT: {}
COMMAND: POST /session/4bf8232c0472e0a498fe7ae209f3a21b/elements - {"using":"xpath","value":"//span[text()='Error']"}
RESULT: {"using":"xpath","value":"//span[text()='Error']"}
COMMAND: POST /session/4bf8232c0472e0a498fe7ae209f3a21b/element - {"using":"xpath","value":"//button[@data-kt=\"addButton\"]"}
RESULT: {"using":"xpath","value":"//button[@data-kt=\"addButton\"]"}
COMMAND: POST /session/4bf8232c0472e0a498fe7ae209f3a21b/elements - {"using":"xpath","value":"//button[@data-kt=\"addButton\"]"}
RESULT: {"using":"xpath","value":"//button[@data-kt=\"addButton\"]"}
COMMAND: POST /session/4bf8232c0472e0a498fe7ae209f3a21b/execute/sync - {"script":"<script> [8489 bytes]","args":[{"element-6066-11e4-a52e-4f735466cecf":"f.363B4D137147A2C10141CDA60C7BC6F9.d.6B26D82500DADFDD5EEF92294D31350A.e.7168","ELEMENT":"f.363B4D137147A2C10141CDA60C7BC6F9.d.6B26D82500DADFDD5EEF92294D31350A.e.7168"}]}
RESULT: {"script":"<script> [8489 bytes]","args":[{"element-6066-11e4-a52e-4f735466cecf":"f.363B4D137147A2C10141CDA60C7BC6F9.d.6B26D82500DADFDD5EEF92294D31350A.e.7168","ELEMENT":"f.363B4D137147A2C10141CDA60C7BC6F9.d.6B26D82500DADFDD5EEF92294D31350A.e.7168"}]}
COMMAND: GET /session/4bf8232c0472e0a498fe7ae209f3a21b/element/f.363B4D137147A2C10141CDA60C7BC6F9.d.6B26D82500DADFDD5EEF92294D31350A.e.7168/enabled - {}
COMMAND: GET /session/4bf8232c0472e0a498fe7ae209f3a21b/screenshot - {}
RESULT: {}
COMMAND: POST /session/4bf8232c0472e0a498fe7ae209f3a21b/execute/sync - {"script":"<script> [8489 bytes]","args":[{"element-6066-11e4-a52e-4f735466cecf":"f.363B4D137147A2C10141CDA60C7BC6F9.d.6B26D82500DADFDD5EEF92294D31350A.e.7168","ELEMENT":"f.363B4D137147A2C10141CDA60C7BC6F9.d.6B26D82500DADFDD5EEF92294D31350A.e.7168"}]}
COMMAND: GET /session/4bf8232c0472e0a498fe7ae209f3a21b/screenshot - {}
RESULT: {}
RESULT: {"script":"<script> [8489 bytes]","args":[{"element-6066-11e4-a52e-4f735466cecf":"f.363B4D137147A2C10141CDA60C7BC6F9.d.6B26D82500DADFDD5EEF92294D31350A.e.7168","ELEMENT":"f.363B4D137147A2C10141CDA60C7BC6F9.d.6B26D82500DADFDD5EEF92294D31350A.e.7168"}]}
COMMAND: POST /session/4bf8232c0472e0a498fe7ae209f3a21b/execute/sync - {"script":"<script> [5351 bytes]","args":[{"element-6066-11e4-a52e-4f735466cecf":"f.363B4D137147A2C10141CDA60C7BC6F9.d.6B26D82500DADFDD5EEF92294D31350A.e.7168","ELEMENT":"f.363B4D137147A2C10141CDA60C7BC6F9.d.6B26D82500DADFDD5EEF92294D31350A.e.7168"}]}
COMMAND: GET /session/4bf8232c0472e0a498fe7ae209f3a21b/screenshot - {}
RESULT: {}
RESULT: {"script":"<script> [5351 bytes]","args":[{"element-6066-11e4-a52e-4f735466cecf":"f.363B4D137147A2C10141CDA60C7BC6F9.d.6B26D82500DADFDD5EEF92294D31350A.e.7168","ELEMENT":"f.363B4D137147A2C10141CDA60C7BC6F9.d.6B26D82500DADFDD5EEF92294D31350A.e.7168"}]}
COMMAND: POST /session/4bf8232c0472e0a498fe7ae209f3a21b/element/f.363B4D137147A2C10141CDA60C7BC6F9.d.6B26D82500DADFDD5EEF92294D31350A.e.7168/click - {}
COMMAND: GET /session/4bf8232c0472e0a498fe7ae209f3a21b/screenshot - {}
RESULT: {}
RESULT: {}
COMMAND: GET /session/4bf8232c0472e0a498fe7ae209f3a21b/screenshot - {}
RESULT: {}
RESULT: {}
COMMAND: POST /session/4bf8232c0472e0a498fe7ae209f3a21b/element - {"using":"xpath","value":"//button[@data-kt=\"saveButton\"]"}
RESULT: {"using":"xpath","value":"//button[@data-kt=\"saveButton\"]"}
COMMAND: POST /session/4bf8232c0472e0a498fe7ae209f3a21b/element/f.363B4D137147A2C10141CDA60C7BC6F9.d.6B26D82500DADFDD5EEF92294D31350A.e.7550/click - {}
RESULT: {}
COMMAND: GET /session/4bf8232c0472e0a498fe7ae209f3a21b/screenshot - {}
RESULT: {}
COMMAND: POST /session/4bf8232c0472e0a498fe7ae209f3a21b/element - {"using":"xpath","value":"//span[contains(@class, \"sapMMsgBoxText\")]"}
RESULT: {"using":"xpath","value":"//span[contains(@class, \"sapMMsgBoxText\")]"}
COMMAND: POST /session/4bf8232c0472e0a498fe7ae209f3a21b/execute/sync - {"script":"<script> [56 bytes]","args":[{"element-6066-11e4-a52e-4f735466cecf":"f.363B4D137147A2C10141CDA60C7BC6F9.d.6B26D82500DADFDD5EEF92294D31350A.e.7613","ELEMENT":"f.363B4D137147A2C10141CDA60C7BC6F9.d.6B26D82500DADFDD5EEF92294D31350A.e.7613"}]}
RESULT: {"script":"<script> [56 bytes]","args":[{"element-6066-11e4-a52e-4f735466cecf":"f.363B4D137147A2C10141CDA60C7BC6F9.d.6B26D82500DADFDD5EEF92294D31350A.e.7613","ELEMENT":"f.363B4D137147A2C10141CDA60C7BC6F9.d.6B26D82500DADFDD5EEF92294D31350A.e.7613"}]}
COMMAND: POST /session/4bf8232c0472e0a498fe7ae209f3a21b/element - {"using":"xpath","value":"(//bdi[contains(text(), \"Close\")])[1]"}
COMMAND: POST /session/4bf8232c0472e0a498fe7ae209f3a21b/elements - {"using":"xpath","value":"//span[contains(@class, \"sapMMsgBoxText\")]"}
COMMAND: GET /session/4bf8232c0472e0a498fe7ae209f3a21b/screenshot - {}
RESULT: {}
RESULT: {"using":"xpath","value":"//span[contains(@class, \"sapMMsgBoxText\")]"}
RESULT: {"using":"xpath","value":"(//bdi[contains(text(), \"Close\")])[1]"}
COMMAND: POST /session/4bf8232c0472e0a498fe7ae209f3a21b/element/f.363B4D137147A2C10141CDA60C7BC6F9.d.6B26D82500DADFDD5EEF92294D31350A.e.7614/click - {}
RESULT: {}
COMMAND: GET /session/4bf8232c0472e0a498fe7ae209f3a21b/screenshot - {}
RESULT: {}
COMMAND: POST /session/4bf8232c0472e0a498fe7ae209f3a21b/element - {"using":"css selector","value":"#shell-header-logo"}
RESULT: {"using":"css selector","value":"#shell-header-logo"}
COMMAND: POST /session/4bf8232c0472e0a498fe7ae209f3a21b/element/f.363B4D137147A2C10141CDA60C7BC6F9.d.6B26D82500DADFDD5EEF92294D31350A.e.7122/click - {}
RESULT: {}
COMMAND: GET /session/4bf8232c0472e0a498fe7ae209f3a21b/screenshot - {}
RESULT: {}
]]></system-out>
    </testcase>
    <testcase classname="chrome.136_0_7103_93.windows.Partner_specific_tests_US150819_US151080_US151654_US151176_US103444_US151078_US151079_US151109_US151174_US151175_US151189" name="Should do various searches US151175" time="140.719">
      <system-out><![CDATA[
COMMAND: POST /session/4bf8232c0472e0a498fe7ae209f3a21b/element - {"using":"xpath","value":"//li[.//span[text()=\"Manage Partners\"]]"}
RESULT: {"using":"xpath","value":"//li[.//span[text()=\"Manage Partners\"]]"}
COMMAND: POST /session/4bf8232c0472e0a498fe7ae209f3a21b/element - {"using":"xpath","value":"//li[.//span[text()=\"Manage Partners\"]]"}
RESULT: {"using":"xpath","value":"//li[.//span[text()=\"Manage Partners\"]]"}
COMMAND: POST /session/4bf8232c0472e0a498fe7ae209f3a21b/element - {"using":"css selector","value":"#shell-header-logo"}
RESULT: {"using":"css selector","value":"#shell-header-logo"}
COMMAND: POST /session/4bf8232c0472e0a498fe7ae209f3a21b/element/f.363B4D137147A2C10141CDA60C7BC6F9.d.6B26D82500DADFDD5EEF92294D31350A.e.7616/click - {}
COMMAND: POST /session/4bf8232c0472e0a498fe7ae209f3a21b/execute/sync - {"script":"<script> [8489 bytes]","args":[{"element-6066-11e4-a52e-4f735466cecf":"f.363B4D137147A2C10141CDA60C7BC6F9.d.6B26D82500DADFDD5EEF92294D31350A.e.7616","ELEMENT":"f.363B4D137147A2C10141CDA60C7BC6F9.d.6B26D82500DADFDD5EEF92294D31350A.e.7616"}]}
RESULT: {"script":"<script> [8489 bytes]","args":[{"element-6066-11e4-a52e-4f735466cecf":"f.363B4D137147A2C10141CDA60C7BC6F9.d.6B26D82500DADFDD5EEF92294D31350A.e.7616","ELEMENT":"f.363B4D137147A2C10141CDA60C7BC6F9.d.6B26D82500DADFDD5EEF92294D31350A.e.7616"}]}
COMMAND: POST /session/4bf8232c0472e0a498fe7ae209f3a21b/execute/sync - {"script":"<script> [5351 bytes]","args":[{"element-6066-11e4-a52e-4f735466cecf":"f.363B4D137147A2C10141CDA60C7BC6F9.d.6B26D82500DADFDD5EEF92294D31350A.e.7616","ELEMENT":"f.363B4D137147A2C10141CDA60C7BC6F9.d.6B26D82500DADFDD5EEF92294D31350A.e.7616"}]}
COMMAND: GET /session/4bf8232c0472e0a498fe7ae209f3a21b/screenshot - {}
RESULT: {}
COMMAND: GET /session/4bf8232c0472e0a498fe7ae209f3a21b/screenshot - {}
RESULT: {"script":"<script> [5351 bytes]","args":[{"element-6066-11e4-a52e-4f735466cecf":"f.363B4D137147A2C10141CDA60C7BC6F9.d.6B26D82500DADFDD5EEF92294D31350A.e.7616","ELEMENT":"f.363B4D137147A2C10141CDA60C7BC6F9.d.6B26D82500DADFDD5EEF92294D31350A.e.7616"}]}
COMMAND: GET /session/4bf8232c0472e0a498fe7ae209f3a21b/screenshot - {}
RESULT: {}
RESULT: {}
RESULT: {}
RESULT: undefined
COMMAND: POST /session/4bf8232c0472e0a498fe7ae209f3a21b/element - {"using":"xpath","value":"//*[@id=\"__tile30\"]"}
RESULT: {"using":"xpath","value":"//*[@id=\"__tile30\"]"}
COMMAND: POST /session/4bf8232c0472e0a498fe7ae209f3a21b/element/f.363B4D137147A2C10141CDA60C7BC6F9.d.6B26D82500DADFDD5EEF92294D31350A.e.4467/click - {}
RESULT: {}
COMMAND: GET /session/4bf8232c0472e0a498fe7ae209f3a21b/screenshot - {}
RESULT: {}
COMMAND: POST /session/4bf8232c0472e0a498fe7ae209f3a21b/elements - {"using":"xpath","value":"//span[text()='Error']"}
RESULT: {"using":"xpath","value":"//span[text()='Error']"}
COMMAND: POST /session/4bf8232c0472e0a498fe7ae209f3a21b/element - {"using":"xpath","value":"//button[@data-kt=\"addButton\"]"}
RESULT: {"using":"xpath","value":"//button[@data-kt=\"addButton\"]"}
COMMAND: POST /session/4bf8232c0472e0a498fe7ae209f3a21b/elements - {"using":"xpath","value":"//button[@data-kt=\"addButton\"]"}
RESULT: {"using":"xpath","value":"//button[@data-kt=\"addButton\"]"}
COMMAND: POST /session/4bf8232c0472e0a498fe7ae209f3a21b/execute/sync - {"script":"<script> [8489 bytes]","args":[{"element-6066-11e4-a52e-4f735466cecf":"f.363B4D137147A2C10141CDA60C7BC6F9.d.6B26D82500DADFDD5EEF92294D31350A.e.7661","ELEMENT":"f.363B4D137147A2C10141CDA60C7BC6F9.d.6B26D82500DADFDD5EEF92294D31350A.e.7661"}]}
RESULT: {"script":"<script> [8489 bytes]","args":[{"element-6066-11e4-a52e-4f735466cecf":"f.363B4D137147A2C10141CDA60C7BC6F9.d.6B26D82500DADFDD5EEF92294D31350A.e.7661","ELEMENT":"f.363B4D137147A2C10141CDA60C7BC6F9.d.6B26D82500DADFDD5EEF92294D31350A.e.7661"}]}
COMMAND: GET /session/4bf8232c0472e0a498fe7ae209f3a21b/element/f.363B4D137147A2C10141CDA60C7BC6F9.d.6B26D82500DADFDD5EEF92294D31350A.e.7661/enabled - {}
COMMAND: GET /session/4bf8232c0472e0a498fe7ae209f3a21b/screenshot - {}
RESULT: {}
COMMAND: POST /session/4bf8232c0472e0a498fe7ae209f3a21b/execute/sync - {"script":"<script> [8489 bytes]","args":[{"element-6066-11e4-a52e-4f735466cecf":"f.363B4D137147A2C10141CDA60C7BC6F9.d.6B26D82500DADFDD5EEF92294D31350A.e.7661","ELEMENT":"f.363B4D137147A2C10141CDA60C7BC6F9.d.6B26D82500DADFDD5EEF92294D31350A.e.7661"}]}
COMMAND: GET /session/4bf8232c0472e0a498fe7ae209f3a21b/screenshot - {}
RESULT: {}
RESULT: {"script":"<script> [8489 bytes]","args":[{"element-6066-11e4-a52e-4f735466cecf":"f.363B4D137147A2C10141CDA60C7BC6F9.d.6B26D82500DADFDD5EEF92294D31350A.e.7661","ELEMENT":"f.363B4D137147A2C10141CDA60C7BC6F9.d.6B26D82500DADFDD5EEF92294D31350A.e.7661"}]}
COMMAND: POST /session/4bf8232c0472e0a498fe7ae209f3a21b/execute/sync - {"script":"<script> [5351 bytes]","args":[{"element-6066-11e4-a52e-4f735466cecf":"f.363B4D137147A2C10141CDA60C7BC6F9.d.6B26D82500DADFDD5EEF92294D31350A.e.7661","ELEMENT":"f.363B4D137147A2C10141CDA60C7BC6F9.d.6B26D82500DADFDD5EEF92294D31350A.e.7661"}]}
COMMAND: GET /session/4bf8232c0472e0a498fe7ae209f3a21b/screenshot - {}
RESULT: {}
RESULT: {"script":"<script> [5351 bytes]","args":[{"element-6066-11e4-a52e-4f735466cecf":"f.363B4D137147A2C10141CDA60C7BC6F9.d.6B26D82500DADFDD5EEF92294D31350A.e.7661","ELEMENT":"f.363B4D137147A2C10141CDA60C7BC6F9.d.6B26D82500DADFDD5EEF92294D31350A.e.7661"}]}
COMMAND: GET /session/4bf8232c0472e0a498fe7ae209f3a21b/screenshot - {}
RESULT: {}
RESULT: {}
COMMAND: POST /session/4bf8232c0472e0a498fe7ae209f3a21b/element - {"using":"xpath","value":"//span[@id=\"application-managepartners-display-component---masterPtm--smartTable-header-inner\"]"}
RESULT: {"using":"xpath","value":"//span[@id=\"application-managepartners-display-component---masterPtm--smartTable-header-inner\"]"}
COMMAND: POST /session/4bf8232c0472e0a498fe7ae209f3a21b/elements - {"using":"xpath","value":"//span[@id=\"application-managepartners-display-component---masterPtm--smartTable-header-inner\"]"}
RESULT: {"using":"xpath","value":"//span[@id=\"application-managepartners-display-component---masterPtm--smartTable-header-inner\"]"}
COMMAND: POST /session/4bf8232c0472e0a498fe7ae209f3a21b/execute/sync - {"script":"<script> [56 bytes]","args":[{"element-6066-11e4-a52e-4f735466cecf":"f.363B4D137147A2C10141CDA60C7BC6F9.d.6B26D82500DADFDD5EEF92294D31350A.e.7788","ELEMENT":"f.363B4D137147A2C10141CDA60C7BC6F9.d.6B26D82500DADFDD5EEF92294D31350A.e.7788"}]}
RESULT: {"script":"<script> [56 bytes]","args":[{"element-6066-11e4-a52e-4f735466cecf":"f.363B4D137147A2C10141CDA60C7BC6F9.d.6B26D82500DADFDD5EEF92294D31350A.e.7788","ELEMENT":"f.363B4D137147A2C10141CDA60C7BC6F9.d.6B26D82500DADFDD5EEF92294D31350A.e.7788"}]}
RESULT: undefined
COMMAND: POST /session/4bf8232c0472e0a498fe7ae209f3a21b/element - {"using":"xpath","value":"//*[@id=\"application-managepartners-display-component---masterPtm--smartFilterBar-btnFilters\"]"}
COMMAND: GET /session/4bf8232c0472e0a498fe7ae209f3a21b/screenshot - {}
RESULT: {"using":"xpath","value":"//*[@id=\"application-managepartners-display-component---masterPtm--smartFilterBar-btnFilters\"]"}
COMMAND: POST /session/4bf8232c0472e0a498fe7ae209f3a21b/element/f.363B4D137147A2C10141CDA60C7BC6F9.d.6B26D82500DADFDD5EEF92294D31350A.e.7638/click - {}
RESULT: {}
RESULT: {}
COMMAND: GET /session/4bf8232c0472e0a498fe7ae209f3a21b/screenshot - {}
RESULT: {}
COMMAND: POST /session/4bf8232c0472e0a498fe7ae209f3a21b/elements - {"using":"xpath","value":"//table[contains(@id, \"listView-innerSelectionPanelTable-listUl\")]/tbody/tr"}
RESULT: {"using":"xpath","value":"//table[contains(@id, \"listView-innerSelectionPanelTable-listUl\")]/tbody/tr"}
COMMAND: POST /session/4bf8232c0472e0a498fe7ae209f3a21b/element - {"using":"xpath","value":"//table[contains(@id, \"listView-innerSelectionPanelTable-listUl\")]/tbody/tr[2]/td[2]/div/div"}
RESULT: {"using":"xpath","value":"//table[contains(@id, \"listView-innerSelectionPanelTable-listUl\")]/tbody/tr[2]/td[2]/div/div"}
COMMAND: POST /session/4bf8232c0472e0a498fe7ae209f3a21b/element - {"using":"xpath","value":"//table[contains(@id, \"listView-innerSelectionPanelTable-listUl\")]/tbody/tr[2]/td[2]/div"}
RESULT: {"using":"xpath","value":"//table[contains(@id, \"listView-innerSelectionPanelTable-listUl\")]/tbody/tr[2]/td[2]/div"}
COMMAND: POST /session/4bf8232c0472e0a498fe7ae209f3a21b/element - {"using":"xpath","value":"//table[contains(@id, \"listView-innerSelectionPanelTable-listUl\")]/tbody/tr[2]/td[3]/div/div/span/span[1]/bdi"}
RESULT: {"using":"xpath","value":"//table[contains(@id, \"listView-innerSelectionPanelTable-listUl\")]/tbody/tr[2]/td[3]/div/div/span/span[1]/bdi"}
COMMAND: POST /session/4bf8232c0472e0a498fe7ae209f3a21b/execute/sync - {"script":"<script> [56 bytes]","args":[{"element-6066-11e4-a52e-4f735466cecf":"f.363B4D137147A2C10141CDA60C7BC6F9.d.6B26D82500DADFDD5EEF92294D31350A.e.7856","ELEMENT":"f.363B4D137147A2C10141CDA60C7BC6F9.d.6B26D82500DADFDD5EEF92294D31350A.e.7856"}]}
RESULT: {"script":"<script> [56 bytes]","args":[{"element-6066-11e4-a52e-4f735466cecf":"f.363B4D137147A2C10141CDA60C7BC6F9.d.6B26D82500DADFDD5EEF92294D31350A.e.7856","ELEMENT":"f.363B4D137147A2C10141CDA60C7BC6F9.d.6B26D82500DADFDD5EEF92294D31350A.e.7856"}]}
COMMAND: GET /session/4bf8232c0472e0a498fe7ae209f3a21b/element/f.363B4D137147A2C10141CDA60C7BC6F9.d.6B26D82500DADFDD5EEF92294D31350A.e.7855/attribute/aria-checked - {}
COMMAND: GET /session/4bf8232c0472e0a498fe7ae209f3a21b/screenshot - {}
RESULT: {}
COMMAND: POST /session/4bf8232c0472e0a498fe7ae209f3a21b/element - {"using":"xpath","value":"//table[contains(@id, \"listView-innerSelectionPanelTable-listUl\")]/tbody/tr[3]/td[2]/div/div"}
RESULT: {}
RESULT: {"using":"xpath","value":"//table[contains(@id, \"listView-innerSelectionPanelTable-listUl\")]/tbody/tr[3]/td[2]/div/div"}
COMMAND: POST /session/4bf8232c0472e0a498fe7ae209f3a21b/element - {"using":"xpath","value":"//table[contains(@id, \"listView-innerSelectionPanelTable-listUl\")]/tbody/tr[3]/td[2]/div"}
RESULT: {"using":"xpath","value":"//table[contains(@id, \"listView-innerSelectionPanelTable-listUl\")]/tbody/tr[3]/td[2]/div"}
COMMAND: POST /session/4bf8232c0472e0a498fe7ae209f3a21b/element - {"using":"xpath","value":"//table[contains(@id, \"listView-innerSelectionPanelTable-listUl\")]/tbody/tr[3]/td[3]/div/div/span/span[1]/bdi"}
RESULT: {"using":"xpath","value":"//table[contains(@id, \"listView-innerSelectionPanelTable-listUl\")]/tbody/tr[3]/td[3]/div/div/span/span[1]/bdi"}
COMMAND: POST /session/4bf8232c0472e0a498fe7ae209f3a21b/execute/sync - {"script":"<script> [56 bytes]","args":[{"element-6066-11e4-a52e-4f735466cecf":"f.363B4D137147A2C10141CDA60C7BC6F9.d.6B26D82500DADFDD5EEF92294D31350A.e.7859","ELEMENT":"f.363B4D137147A2C10141CDA60C7BC6F9.d.6B26D82500DADFDD5EEF92294D31350A.e.7859"}]}
RESULT: {"script":"<script> [56 bytes]","args":[{"element-6066-11e4-a52e-4f735466cecf":"f.363B4D137147A2C10141CDA60C7BC6F9.d.6B26D82500DADFDD5EEF92294D31350A.e.7859","ELEMENT":"f.363B4D137147A2C10141CDA60C7BC6F9.d.6B26D82500DADFDD5EEF92294D31350A.e.7859"}]}
COMMAND: GET /session/4bf8232c0472e0a498fe7ae209f3a21b/element/f.363B4D137147A2C10141CDA60C7BC6F9.d.6B26D82500DADFDD5EEF92294D31350A.e.7858/attribute/aria-checked - {}
COMMAND: GET /session/4bf8232c0472e0a498fe7ae209f3a21b/screenshot - {}
RESULT: {}
COMMAND: POST /session/4bf8232c0472e0a498fe7ae209f3a21b/element - {"using":"xpath","value":"//table[contains(@id, \"listView-innerSelectionPanelTable-listUl\")]/tbody/tr[4]/td[2]/div/div"}
RESULT: {}
RESULT: {"using":"xpath","value":"//table[contains(@id, \"listView-innerSelectionPanelTable-listUl\")]/tbody/tr[4]/td[2]/div/div"}
COMMAND: POST /session/4bf8232c0472e0a498fe7ae209f3a21b/element - {"using":"xpath","value":"//table[contains(@id, \"listView-innerSelectionPanelTable-listUl\")]/tbody/tr[4]/td[2]/div"}
RESULT: {"using":"xpath","value":"//table[contains(@id, \"listView-innerSelectionPanelTable-listUl\")]/tbody/tr[4]/td[2]/div"}
COMMAND: POST /session/4bf8232c0472e0a498fe7ae209f3a21b/element - {"using":"xpath","value":"//table[contains(@id, \"listView-innerSelectionPanelTable-listUl\")]/tbody/tr[4]/td[3]/div/div/span/span[1]/bdi"}
RESULT: {"using":"xpath","value":"//table[contains(@id, \"listView-innerSelectionPanelTable-listUl\")]/tbody/tr[4]/td[3]/div/div/span/span[1]/bdi"}
COMMAND: POST /session/4bf8232c0472e0a498fe7ae209f3a21b/execute/sync - {"script":"<script> [56 bytes]","args":[{"element-6066-11e4-a52e-4f735466cecf":"f.363B4D137147A2C10141CDA60C7BC6F9.d.6B26D82500DADFDD5EEF92294D31350A.e.7862","ELEMENT":"f.363B4D137147A2C10141CDA60C7BC6F9.d.6B26D82500DADFDD5EEF92294D31350A.e.7862"}]}
RESULT: {"script":"<script> [56 bytes]","args":[{"element-6066-11e4-a52e-4f735466cecf":"f.363B4D137147A2C10141CDA60C7BC6F9.d.6B26D82500DADFDD5EEF92294D31350A.e.7862","ELEMENT":"f.363B4D137147A2C10141CDA60C7BC6F9.d.6B26D82500DADFDD5EEF92294D31350A.e.7862"}]}
COMMAND: GET /session/4bf8232c0472e0a498fe7ae209f3a21b/element/f.363B4D137147A2C10141CDA60C7BC6F9.d.6B26D82500DADFDD5EEF92294D31350A.e.7861/attribute/aria-checked - {}
COMMAND: GET /session/4bf8232c0472e0a498fe7ae209f3a21b/screenshot - {}
RESULT: {}
COMMAND: POST /session/4bf8232c0472e0a498fe7ae209f3a21b/element - {"using":"xpath","value":"//table[contains(@id, \"listView-innerSelectionPanelTable-listUl\")]/tbody/tr[5]/td[2]/div/div"}
RESULT: {}
RESULT: {"using":"xpath","value":"//table[contains(@id, \"listView-innerSelectionPanelTable-listUl\")]/tbody/tr[5]/td[2]/div/div"}
COMMAND: POST /session/4bf8232c0472e0a498fe7ae209f3a21b/element - {"using":"xpath","value":"//table[contains(@id, \"listView-innerSelectionPanelTable-listUl\")]/tbody/tr[5]/td[2]/div"}
RESULT: {"using":"xpath","value":"//table[contains(@id, \"listView-innerSelectionPanelTable-listUl\")]/tbody/tr[5]/td[2]/div"}
COMMAND: POST /session/4bf8232c0472e0a498fe7ae209f3a21b/element - {"using":"xpath","value":"//table[contains(@id, \"listView-innerSelectionPanelTable-listUl\")]/tbody/tr[5]/td[3]/div/div/span/span[1]/bdi"}
RESULT: {"using":"xpath","value":"//table[contains(@id, \"listView-innerSelectionPanelTable-listUl\")]/tbody/tr[5]/td[3]/div/div/span/span[1]/bdi"}
COMMAND: POST /session/4bf8232c0472e0a498fe7ae209f3a21b/execute/sync - {"script":"<script> [56 bytes]","args":[{"element-6066-11e4-a52e-4f735466cecf":"f.363B4D137147A2C10141CDA60C7BC6F9.d.6B26D82500DADFDD5EEF92294D31350A.e.7865","ELEMENT":"f.363B4D137147A2C10141CDA60C7BC6F9.d.6B26D82500DADFDD5EEF92294D31350A.e.7865"}]}
RESULT: {"script":"<script> [56 bytes]","args":[{"element-6066-11e4-a52e-4f735466cecf":"f.363B4D137147A2C10141CDA60C7BC6F9.d.6B26D82500DADFDD5EEF92294D31350A.e.7865","ELEMENT":"f.363B4D137147A2C10141CDA60C7BC6F9.d.6B26D82500DADFDD5EEF92294D31350A.e.7865"}]}
COMMAND: GET /session/4bf8232c0472e0a498fe7ae209f3a21b/element/f.363B4D137147A2C10141CDA60C7BC6F9.d.6B26D82500DADFDD5EEF92294D31350A.e.7864/attribute/aria-checked - {}
COMMAND: GET /session/4bf8232c0472e0a498fe7ae209f3a21b/screenshot - {}
RESULT: {}
COMMAND: POST /session/4bf8232c0472e0a498fe7ae209f3a21b/element - {"using":"xpath","value":"//table[contains(@id, \"listView-innerSelectionPanelTable-listUl\")]/tbody/tr[6]/td[2]/div/div"}
RESULT: {}
RESULT: {"using":"xpath","value":"//table[contains(@id, \"listView-innerSelectionPanelTable-listUl\")]/tbody/tr[6]/td[2]/div/div"}
COMMAND: POST /session/4bf8232c0472e0a498fe7ae209f3a21b/element - {"using":"xpath","value":"//table[contains(@id, \"listView-innerSelectionPanelTable-listUl\")]/tbody/tr[6]/td[2]/div"}
RESULT: {"using":"xpath","value":"//table[contains(@id, \"listView-innerSelectionPanelTable-listUl\")]/tbody/tr[6]/td[2]/div"}
COMMAND: POST /session/4bf8232c0472e0a498fe7ae209f3a21b/element - {"using":"xpath","value":"//table[contains(@id, \"listView-innerSelectionPanelTable-listUl\")]/tbody/tr[6]/td[3]/div/div/span/span[1]/bdi"}
RESULT: {"using":"xpath","value":"//table[contains(@id, \"listView-innerSelectionPanelTable-listUl\")]/tbody/tr[6]/td[3]/div/div/span/span[1]/bdi"}
COMMAND: POST /session/4bf8232c0472e0a498fe7ae209f3a21b/execute/sync - {"script":"<script> [56 bytes]","args":[{"element-6066-11e4-a52e-4f735466cecf":"f.363B4D137147A2C10141CDA60C7BC6F9.d.6B26D82500DADFDD5EEF92294D31350A.e.7868","ELEMENT":"f.363B4D137147A2C10141CDA60C7BC6F9.d.6B26D82500DADFDD5EEF92294D31350A.e.7868"}]}
RESULT: {"script":"<script> [56 bytes]","args":[{"element-6066-11e4-a52e-4f735466cecf":"f.363B4D137147A2C10141CDA60C7BC6F9.d.6B26D82500DADFDD5EEF92294D31350A.e.7868","ELEMENT":"f.363B4D137147A2C10141CDA60C7BC6F9.d.6B26D82500DADFDD5EEF92294D31350A.e.7868"}]}
COMMAND: GET /session/4bf8232c0472e0a498fe7ae209f3a21b/element/f.363B4D137147A2C10141CDA60C7BC6F9.d.6B26D82500DADFDD5EEF92294D31350A.e.7867/attribute/aria-checked - {}
COMMAND: GET /session/4bf8232c0472e0a498fe7ae209f3a21b/screenshot - {}
RESULT: {}
COMMAND: POST /session/4bf8232c0472e0a498fe7ae209f3a21b/element - {"using":"xpath","value":"//table[contains(@id, \"listView-innerSelectionPanelTable-listUl\")]/tbody/tr[7]/td[2]/div/div"}
RESULT: {}
RESULT: {"using":"xpath","value":"//table[contains(@id, \"listView-innerSelectionPanelTable-listUl\")]/tbody/tr[7]/td[2]/div/div"}
COMMAND: POST /session/4bf8232c0472e0a498fe7ae209f3a21b/element - {"using":"xpath","value":"//table[contains(@id, \"listView-innerSelectionPanelTable-listUl\")]/tbody/tr[7]/td[2]/div"}
RESULT: {"using":"xpath","value":"//table[contains(@id, \"listView-innerSelectionPanelTable-listUl\")]/tbody/tr[7]/td[2]/div"}
COMMAND: POST /session/4bf8232c0472e0a498fe7ae209f3a21b/element - {"using":"xpath","value":"//table[contains(@id, \"listView-innerSelectionPanelTable-listUl\")]/tbody/tr[7]/td[3]/div/div/span/span[1]/bdi"}
RESULT: {"using":"xpath","value":"//table[contains(@id, \"listView-innerSelectionPanelTable-listUl\")]/tbody/tr[7]/td[3]/div/div/span/span[1]/bdi"}
COMMAND: POST /session/4bf8232c0472e0a498fe7ae209f3a21b/execute/sync - {"script":"<script> [56 bytes]","args":[{"element-6066-11e4-a52e-4f735466cecf":"f.363B4D137147A2C10141CDA60C7BC6F9.d.6B26D82500DADFDD5EEF92294D31350A.e.7871","ELEMENT":"f.363B4D137147A2C10141CDA60C7BC6F9.d.6B26D82500DADFDD5EEF92294D31350A.e.7871"}]}
RESULT: {"script":"<script> [56 bytes]","args":[{"element-6066-11e4-a52e-4f735466cecf":"f.363B4D137147A2C10141CDA60C7BC6F9.d.6B26D82500DADFDD5EEF92294D31350A.e.7871","ELEMENT":"f.363B4D137147A2C10141CDA60C7BC6F9.d.6B26D82500DADFDD5EEF92294D31350A.e.7871"}]}
COMMAND: GET /session/4bf8232c0472e0a498fe7ae209f3a21b/element/f.363B4D137147A2C10141CDA60C7BC6F9.d.6B26D82500DADFDD5EEF92294D31350A.e.7870/attribute/aria-checked - {}
COMMAND: GET /session/4bf8232c0472e0a498fe7ae209f3a21b/screenshot - {}
RESULT: {}
COMMAND: POST /session/4bf8232c0472e0a498fe7ae209f3a21b/element - {"using":"xpath","value":"//table[contains(@id, \"listView-innerSelectionPanelTable-listUl\")]/tbody/tr[8]/td[2]/div/div"}
RESULT: {}
RESULT: {"using":"xpath","value":"//table[contains(@id, \"listView-innerSelectionPanelTable-listUl\")]/tbody/tr[8]/td[2]/div/div"}
COMMAND: POST /session/4bf8232c0472e0a498fe7ae209f3a21b/element - {"using":"xpath","value":"//table[contains(@id, \"listView-innerSelectionPanelTable-listUl\")]/tbody/tr[8]/td[2]/div"}
RESULT: {"using":"xpath","value":"//table[contains(@id, \"listView-innerSelectionPanelTable-listUl\")]/tbody/tr[8]/td[2]/div"}
COMMAND: POST /session/4bf8232c0472e0a498fe7ae209f3a21b/element - {"using":"xpath","value":"//table[contains(@id, \"listView-innerSelectionPanelTable-listUl\")]/tbody/tr[8]/td[3]/div/div/span/span[1]/bdi"}
RESULT: {"using":"xpath","value":"//table[contains(@id, \"listView-innerSelectionPanelTable-listUl\")]/tbody/tr[8]/td[3]/div/div/span/span[1]/bdi"}
COMMAND: POST /session/4bf8232c0472e0a498fe7ae209f3a21b/execute/sync - {"script":"<script> [56 bytes]","args":[{"element-6066-11e4-a52e-4f735466cecf":"f.363B4D137147A2C10141CDA60C7BC6F9.d.6B26D82500DADFDD5EEF92294D31350A.e.7874","ELEMENT":"f.363B4D137147A2C10141CDA60C7BC6F9.d.6B26D82500DADFDD5EEF92294D31350A.e.7874"}]}
RESULT: {"script":"<script> [56 bytes]","args":[{"element-6066-11e4-a52e-4f735466cecf":"f.363B4D137147A2C10141CDA60C7BC6F9.d.6B26D82500DADFDD5EEF92294D31350A.e.7874","ELEMENT":"f.363B4D137147A2C10141CDA60C7BC6F9.d.6B26D82500DADFDD5EEF92294D31350A.e.7874"}]}
COMMAND: GET /session/4bf8232c0472e0a498fe7ae209f3a21b/element/f.363B4D137147A2C10141CDA60C7BC6F9.d.6B26D82500DADFDD5EEF92294D31350A.e.7873/attribute/aria-checked - {}
COMMAND: GET /session/4bf8232c0472e0a498fe7ae209f3a21b/screenshot - {}
RESULT: {}
COMMAND: POST /session/4bf8232c0472e0a498fe7ae209f3a21b/element - {"using":"xpath","value":"//table[contains(@id, \"listView-innerSelectionPanelTable-listUl\")]/tbody/tr[9]/td[2]/div/div"}
RESULT: {}
RESULT: {"using":"xpath","value":"//table[contains(@id, \"listView-innerSelectionPanelTable-listUl\")]/tbody/tr[9]/td[2]/div/div"}
COMMAND: POST /session/4bf8232c0472e0a498fe7ae209f3a21b/element - {"using":"xpath","value":"//table[contains(@id, \"listView-innerSelectionPanelTable-listUl\")]/tbody/tr[9]/td[2]/div"}
RESULT: {"using":"xpath","value":"//table[contains(@id, \"listView-innerSelectionPanelTable-listUl\")]/tbody/tr[9]/td[2]/div"}
COMMAND: POST /session/4bf8232c0472e0a498fe7ae209f3a21b/element - {"using":"xpath","value":"//table[contains(@id, \"listView-innerSelectionPanelTable-listUl\")]/tbody/tr[9]/td[3]/div/div/span/span[1]/bdi"}
RESULT: {"using":"xpath","value":"//table[contains(@id, \"listView-innerSelectionPanelTable-listUl\")]/tbody/tr[9]/td[3]/div/div/span/span[1]/bdi"}
COMMAND: POST /session/4bf8232c0472e0a498fe7ae209f3a21b/execute/sync - {"script":"<script> [56 bytes]","args":[{"element-6066-11e4-a52e-4f735466cecf":"f.363B4D137147A2C10141CDA60C7BC6F9.d.6B26D82500DADFDD5EEF92294D31350A.e.7877","ELEMENT":"f.363B4D137147A2C10141CDA60C7BC6F9.d.6B26D82500DADFDD5EEF92294D31350A.e.7877"}]}
RESULT: {"script":"<script> [56 bytes]","args":[{"element-6066-11e4-a52e-4f735466cecf":"f.363B4D137147A2C10141CDA60C7BC6F9.d.6B26D82500DADFDD5EEF92294D31350A.e.7877","ELEMENT":"f.363B4D137147A2C10141CDA60C7BC6F9.d.6B26D82500DADFDD5EEF92294D31350A.e.7877"}]}
COMMAND: GET /session/4bf8232c0472e0a498fe7ae209f3a21b/element/f.363B4D137147A2C10141CDA60C7BC6F9.d.6B26D82500DADFDD5EEF92294D31350A.e.7876/attribute/aria-checked - {}
COMMAND: GET /session/4bf8232c0472e0a498fe7ae209f3a21b/screenshot - {}
RESULT: {}
COMMAND: POST /session/4bf8232c0472e0a498fe7ae209f3a21b/element - {"using":"xpath","value":"//table[contains(@id, \"listView-innerSelectionPanelTable-listUl\")]/tbody/tr[10]/td[2]/div/div"}
RESULT: {}
RESULT: {"using":"xpath","value":"//table[contains(@id, \"listView-innerSelectionPanelTable-listUl\")]/tbody/tr[10]/td[2]/div/div"}
COMMAND: POST /session/4bf8232c0472e0a498fe7ae209f3a21b/element - {"using":"xpath","value":"//table[contains(@id, \"listView-innerSelectionPanelTable-listUl\")]/tbody/tr[10]/td[2]/div"}
RESULT: {"using":"xpath","value":"//table[contains(@id, \"listView-innerSelectionPanelTable-listUl\")]/tbody/tr[10]/td[2]/div"}
COMMAND: POST /session/4bf8232c0472e0a498fe7ae209f3a21b/element - {"using":"xpath","value":"//table[contains(@id, \"listView-innerSelectionPanelTable-listUl\")]/tbody/tr[10]/td[3]/div/div/span/span[1]/bdi"}
RESULT: {"using":"xpath","value":"//table[contains(@id, \"listView-innerSelectionPanelTable-listUl\")]/tbody/tr[10]/td[3]/div/div/span/span[1]/bdi"}
COMMAND: POST /session/4bf8232c0472e0a498fe7ae209f3a21b/execute/sync - {"script":"<script> [56 bytes]","args":[{"element-6066-11e4-a52e-4f735466cecf":"f.363B4D137147A2C10141CDA60C7BC6F9.d.6B26D82500DADFDD5EEF92294D31350A.e.7880","ELEMENT":"f.363B4D137147A2C10141CDA60C7BC6F9.d.6B26D82500DADFDD5EEF92294D31350A.e.7880"}]}
RESULT: {"script":"<script> [56 bytes]","args":[{"element-6066-11e4-a52e-4f735466cecf":"f.363B4D137147A2C10141CDA60C7BC6F9.d.6B26D82500DADFDD5EEF92294D31350A.e.7880","ELEMENT":"f.363B4D137147A2C10141CDA60C7BC6F9.d.6B26D82500DADFDD5EEF92294D31350A.e.7880"}]}
COMMAND: GET /session/4bf8232c0472e0a498fe7ae209f3a21b/element/f.363B4D137147A2C10141CDA60C7BC6F9.d.6B26D82500DADFDD5EEF92294D31350A.e.7879/attribute/aria-checked - {}
COMMAND: GET /session/4bf8232c0472e0a498fe7ae209f3a21b/screenshot - {}
RESULT: {}
COMMAND: POST /session/4bf8232c0472e0a498fe7ae209f3a21b/element - {"using":"xpath","value":"//table[contains(@id, \"listView-innerSelectionPanelTable-listUl\")]/tbody/tr[11]/td[2]/div/div"}
RESULT: {}
RESULT: {"using":"xpath","value":"//table[contains(@id, \"listView-innerSelectionPanelTable-listUl\")]/tbody/tr[11]/td[2]/div/div"}
COMMAND: POST /session/4bf8232c0472e0a498fe7ae209f3a21b/element - {"using":"xpath","value":"//table[contains(@id, \"listView-innerSelectionPanelTable-listUl\")]/tbody/tr[11]/td[2]/div"}
RESULT: {"using":"xpath","value":"//table[contains(@id, \"listView-innerSelectionPanelTable-listUl\")]/tbody/tr[11]/td[2]/div"}
COMMAND: POST /session/4bf8232c0472e0a498fe7ae209f3a21b/element - {"using":"xpath","value":"//table[contains(@id, \"listView-innerSelectionPanelTable-listUl\")]/tbody/tr[11]/td[3]/div/div/span/span[1]/bdi"}
RESULT: {"using":"xpath","value":"//table[contains(@id, \"listView-innerSelectionPanelTable-listUl\")]/tbody/tr[11]/td[3]/div/div/span/span[1]/bdi"}
COMMAND: POST /session/4bf8232c0472e0a498fe7ae209f3a21b/execute/sync - {"script":"<script> [56 bytes]","args":[{"element-6066-11e4-a52e-4f735466cecf":"f.363B4D137147A2C10141CDA60C7BC6F9.d.6B26D82500DADFDD5EEF92294D31350A.e.7883","ELEMENT":"f.363B4D137147A2C10141CDA60C7BC6F9.d.6B26D82500DADFDD5EEF92294D31350A.e.7883"}]}
RESULT: {"script":"<script> [56 bytes]","args":[{"element-6066-11e4-a52e-4f735466cecf":"f.363B4D137147A2C10141CDA60C7BC6F9.d.6B26D82500DADFDD5EEF92294D31350A.e.7883","ELEMENT":"f.363B4D137147A2C10141CDA60C7BC6F9.d.6B26D82500DADFDD5EEF92294D31350A.e.7883"}]}
COMMAND: GET /session/4bf8232c0472e0a498fe7ae209f3a21b/element/f.363B4D137147A2C10141CDA60C7BC6F9.d.6B26D82500DADFDD5EEF92294D31350A.e.7882/attribute/aria-checked - {}
COMMAND: GET /session/4bf8232c0472e0a498fe7ae209f3a21b/screenshot - {}
RESULT: {}
COMMAND: POST /session/4bf8232c0472e0a498fe7ae209f3a21b/element - {"using":"xpath","value":"//table[contains(@id, \"listView-innerSelectionPanelTable-listUl\")]/tbody/tr[12]/td[2]/div/div"}
RESULT: {}
RESULT: {"using":"xpath","value":"//table[contains(@id, \"listView-innerSelectionPanelTable-listUl\")]/tbody/tr[12]/td[2]/div/div"}
COMMAND: POST /session/4bf8232c0472e0a498fe7ae209f3a21b/element - {"using":"xpath","value":"//table[contains(@id, \"listView-innerSelectionPanelTable-listUl\")]/tbody/tr[12]/td[2]/div"}
RESULT: {"using":"xpath","value":"//table[contains(@id, \"listView-innerSelectionPanelTable-listUl\")]/tbody/tr[12]/td[2]/div"}
COMMAND: POST /session/4bf8232c0472e0a498fe7ae209f3a21b/element - {"using":"xpath","value":"//table[contains(@id, \"listView-innerSelectionPanelTable-listUl\")]/tbody/tr[12]/td[3]/div/div/span/span[1]/bdi"}
RESULT: {"using":"xpath","value":"//table[contains(@id, \"listView-innerSelectionPanelTable-listUl\")]/tbody/tr[12]/td[3]/div/div/span/span[1]/bdi"}
COMMAND: POST /session/4bf8232c0472e0a498fe7ae209f3a21b/execute/sync - {"script":"<script> [56 bytes]","args":[{"element-6066-11e4-a52e-4f735466cecf":"f.363B4D137147A2C10141CDA60C7BC6F9.d.6B26D82500DADFDD5EEF92294D31350A.e.7886","ELEMENT":"f.363B4D137147A2C10141CDA60C7BC6F9.d.6B26D82500DADFDD5EEF92294D31350A.e.7886"}]}
RESULT: {"script":"<script> [56 bytes]","args":[{"element-6066-11e4-a52e-4f735466cecf":"f.363B4D137147A2C10141CDA60C7BC6F9.d.6B26D82500DADFDD5EEF92294D31350A.e.7886","ELEMENT":"f.363B4D137147A2C10141CDA60C7BC6F9.d.6B26D82500DADFDD5EEF92294D31350A.e.7886"}]}
COMMAND: GET /session/4bf8232c0472e0a498fe7ae209f3a21b/element/f.363B4D137147A2C10141CDA60C7BC6F9.d.6B26D82500DADFDD5EEF92294D31350A.e.7885/attribute/aria-checked - {}
COMMAND: GET /session/4bf8232c0472e0a498fe7ae209f3a21b/screenshot - {}
RESULT: {}
COMMAND: POST /session/4bf8232c0472e0a498fe7ae209f3a21b/element - {"using":"xpath","value":"//table[contains(@id, \"listView-innerSelectionPanelTable-listUl\")]/tbody/tr[13]/td[2]/div/div"}
RESULT: {}
RESULT: {"using":"xpath","value":"//table[contains(@id, \"listView-innerSelectionPanelTable-listUl\")]/tbody/tr[13]/td[2]/div/div"}
COMMAND: POST /session/4bf8232c0472e0a498fe7ae209f3a21b/element - {"using":"xpath","value":"//table[contains(@id, \"listView-innerSelectionPanelTable-listUl\")]/tbody/tr[13]/td[2]/div"}
RESULT: {"using":"xpath","value":"//table[contains(@id, \"listView-innerSelectionPanelTable-listUl\")]/tbody/tr[13]/td[2]/div"}
COMMAND: POST /session/4bf8232c0472e0a498fe7ae209f3a21b/element - {"using":"xpath","value":"//table[contains(@id, \"listView-innerSelectionPanelTable-listUl\")]/tbody/tr[13]/td[3]/div/div/span/span[1]/bdi"}
RESULT: {"using":"xpath","value":"//table[contains(@id, \"listView-innerSelectionPanelTable-listUl\")]/tbody/tr[13]/td[3]/div/div/span/span[1]/bdi"}
COMMAND: POST /session/4bf8232c0472e0a498fe7ae209f3a21b/execute/sync - {"script":"<script> [56 bytes]","args":[{"element-6066-11e4-a52e-4f735466cecf":"f.363B4D137147A2C10141CDA60C7BC6F9.d.6B26D82500DADFDD5EEF92294D31350A.e.7889","ELEMENT":"f.363B4D137147A2C10141CDA60C7BC6F9.d.6B26D82500DADFDD5EEF92294D31350A.e.7889"}]}
RESULT: {"script":"<script> [56 bytes]","args":[{"element-6066-11e4-a52e-4f735466cecf":"f.363B4D137147A2C10141CDA60C7BC6F9.d.6B26D82500DADFDD5EEF92294D31350A.e.7889","ELEMENT":"f.363B4D137147A2C10141CDA60C7BC6F9.d.6B26D82500DADFDD5EEF92294D31350A.e.7889"}]}
COMMAND: GET /session/4bf8232c0472e0a498fe7ae209f3a21b/element/f.363B4D137147A2C10141CDA60C7BC6F9.d.6B26D82500DADFDD5EEF92294D31350A.e.7888/attribute/aria-checked - {}
COMMAND: GET /session/4bf8232c0472e0a498fe7ae209f3a21b/screenshot - {}
RESULT: {}
COMMAND: POST /session/4bf8232c0472e0a498fe7ae209f3a21b/element - {"using":"xpath","value":"//table[contains(@id, \"listView-innerSelectionPanelTable-listUl\")]/tbody/tr[14]/td[2]/div/div"}
RESULT: {}
RESULT: {"using":"xpath","value":"//table[contains(@id, \"listView-innerSelectionPanelTable-listUl\")]/tbody/tr[14]/td[2]/div/div"}
COMMAND: POST /session/4bf8232c0472e0a498fe7ae209f3a21b/element - {"using":"xpath","value":"//table[contains(@id, \"listView-innerSelectionPanelTable-listUl\")]/tbody/tr[14]/td[2]/div"}
RESULT: {"using":"xpath","value":"//table[contains(@id, \"listView-innerSelectionPanelTable-listUl\")]/tbody/tr[14]/td[2]/div"}
COMMAND: POST /session/4bf8232c0472e0a498fe7ae209f3a21b/element - {"using":"xpath","value":"//table[contains(@id, \"listView-innerSelectionPanelTable-listUl\")]/tbody/tr[14]/td[3]/div/div/span/span[1]/bdi"}
RESULT: {"using":"xpath","value":"//table[contains(@id, \"listView-innerSelectionPanelTable-listUl\")]/tbody/tr[14]/td[3]/div/div/span/span[1]/bdi"}
COMMAND: POST /session/4bf8232c0472e0a498fe7ae209f3a21b/execute/sync - {"script":"<script> [56 bytes]","args":[{"element-6066-11e4-a52e-4f735466cecf":"f.363B4D137147A2C10141CDA60C7BC6F9.d.6B26D82500DADFDD5EEF92294D31350A.e.7892","ELEMENT":"f.363B4D137147A2C10141CDA60C7BC6F9.d.6B26D82500DADFDD5EEF92294D31350A.e.7892"}]}
RESULT: {"script":"<script> [56 bytes]","args":[{"element-6066-11e4-a52e-4f735466cecf":"f.363B4D137147A2C10141CDA60C7BC6F9.d.6B26D82500DADFDD5EEF92294D31350A.e.7892","ELEMENT":"f.363B4D137147A2C10141CDA60C7BC6F9.d.6B26D82500DADFDD5EEF92294D31350A.e.7892"}]}
COMMAND: GET /session/4bf8232c0472e0a498fe7ae209f3a21b/element/f.363B4D137147A2C10141CDA60C7BC6F9.d.6B26D82500DADFDD5EEF92294D31350A.e.7891/attribute/aria-checked - {}
COMMAND: GET /session/4bf8232c0472e0a498fe7ae209f3a21b/screenshot - {}
RESULT: {}
COMMAND: POST /session/4bf8232c0472e0a498fe7ae209f3a21b/element - {"using":"xpath","value":"//table[contains(@id, \"listView-innerSelectionPanelTable-listUl\")]/tbody/tr[15]/td[2]/div/div"}
RESULT: {}
RESULT: {"using":"xpath","value":"//table[contains(@id, \"listView-innerSelectionPanelTable-listUl\")]/tbody/tr[15]/td[2]/div/div"}
COMMAND: POST /session/4bf8232c0472e0a498fe7ae209f3a21b/element - {"using":"xpath","value":"//table[contains(@id, \"listView-innerSelectionPanelTable-listUl\")]/tbody/tr[15]/td[2]/div"}
RESULT: {"using":"xpath","value":"//table[contains(@id, \"listView-innerSelectionPanelTable-listUl\")]/tbody/tr[15]/td[2]/div"}
COMMAND: POST /session/4bf8232c0472e0a498fe7ae209f3a21b/element - {"using":"xpath","value":"//table[contains(@id, \"listView-innerSelectionPanelTable-listUl\")]/tbody/tr[15]/td[3]/div/div/span/span[1]/bdi"}
RESULT: {"using":"xpath","value":"//table[contains(@id, \"listView-innerSelectionPanelTable-listUl\")]/tbody/tr[15]/td[3]/div/div/span/span[1]/bdi"}
COMMAND: POST /session/4bf8232c0472e0a498fe7ae209f3a21b/execute/sync - {"script":"<script> [56 bytes]","args":[{"element-6066-11e4-a52e-4f735466cecf":"f.363B4D137147A2C10141CDA60C7BC6F9.d.6B26D82500DADFDD5EEF92294D31350A.e.7895","ELEMENT":"f.363B4D137147A2C10141CDA60C7BC6F9.d.6B26D82500DADFDD5EEF92294D31350A.e.7895"}]}
RESULT: {"script":"<script> [56 bytes]","args":[{"element-6066-11e4-a52e-4f735466cecf":"f.363B4D137147A2C10141CDA60C7BC6F9.d.6B26D82500DADFDD5EEF92294D31350A.e.7895","ELEMENT":"f.363B4D137147A2C10141CDA60C7BC6F9.d.6B26D82500DADFDD5EEF92294D31350A.e.7895"}]}
COMMAND: GET /session/4bf8232c0472e0a498fe7ae209f3a21b/element/f.363B4D137147A2C10141CDA60C7BC6F9.d.6B26D82500DADFDD5EEF92294D31350A.e.7894/attribute/aria-checked - {}
COMMAND: GET /session/4bf8232c0472e0a498fe7ae209f3a21b/screenshot - {}
RESULT: {}
COMMAND: POST /session/4bf8232c0472e0a498fe7ae209f3a21b/element - {"using":"xpath","value":"//table[contains(@id, \"listView-innerSelectionPanelTable-listUl\")]/tbody/tr[16]/td[2]/div/div"}
RESULT: {}
RESULT: {"using":"xpath","value":"//table[contains(@id, \"listView-innerSelectionPanelTable-listUl\")]/tbody/tr[16]/td[2]/div/div"}
COMMAND: POST /session/4bf8232c0472e0a498fe7ae209f3a21b/element - {"using":"xpath","value":"//table[contains(@id, \"listView-innerSelectionPanelTable-listUl\")]/tbody/tr[16]/td[2]/div"}
RESULT: {"using":"xpath","value":"//table[contains(@id, \"listView-innerSelectionPanelTable-listUl\")]/tbody/tr[16]/td[2]/div"}
COMMAND: POST /session/4bf8232c0472e0a498fe7ae209f3a21b/element - {"using":"xpath","value":"//table[contains(@id, \"listView-innerSelectionPanelTable-listUl\")]/tbody/tr[16]/td[3]/div/div/span/span[1]/bdi"}
RESULT: {"using":"xpath","value":"//table[contains(@id, \"listView-innerSelectionPanelTable-listUl\")]/tbody/tr[16]/td[3]/div/div/span/span[1]/bdi"}
COMMAND: POST /session/4bf8232c0472e0a498fe7ae209f3a21b/execute/sync - {"script":"<script> [56 bytes]","args":[{"element-6066-11e4-a52e-4f735466cecf":"f.363B4D137147A2C10141CDA60C7BC6F9.d.6B26D82500DADFDD5EEF92294D31350A.e.7898","ELEMENT":"f.363B4D137147A2C10141CDA60C7BC6F9.d.6B26D82500DADFDD5EEF92294D31350A.e.7898"}]}
RESULT: {"script":"<script> [56 bytes]","args":[{"element-6066-11e4-a52e-4f735466cecf":"f.363B4D137147A2C10141CDA60C7BC6F9.d.6B26D82500DADFDD5EEF92294D31350A.e.7898","ELEMENT":"f.363B4D137147A2C10141CDA60C7BC6F9.d.6B26D82500DADFDD5EEF92294D31350A.e.7898"}]}
COMMAND: GET /session/4bf8232c0472e0a498fe7ae209f3a21b/element/f.363B4D137147A2C10141CDA60C7BC6F9.d.6B26D82500DADFDD5EEF92294D31350A.e.7897/attribute/aria-checked - {}
COMMAND: GET /session/4bf8232c0472e0a498fe7ae209f3a21b/screenshot - {}
RESULT: {}
COMMAND: POST /session/4bf8232c0472e0a498fe7ae209f3a21b/element - {"using":"xpath","value":"//table[contains(@id, \"listView-innerSelectionPanelTable-listUl\")]/tbody/tr[17]/td[2]/div/div"}
RESULT: {}
RESULT: {"using":"xpath","value":"//table[contains(@id, \"listView-innerSelectionPanelTable-listUl\")]/tbody/tr[17]/td[2]/div/div"}
COMMAND: POST /session/4bf8232c0472e0a498fe7ae209f3a21b/element - {"using":"xpath","value":"//table[contains(@id, \"listView-innerSelectionPanelTable-listUl\")]/tbody/tr[17]/td[2]/div"}
RESULT: {"using":"xpath","value":"//table[contains(@id, \"listView-innerSelectionPanelTable-listUl\")]/tbody/tr[17]/td[2]/div"}
COMMAND: POST /session/4bf8232c0472e0a498fe7ae209f3a21b/element - {"using":"xpath","value":"//table[contains(@id, \"listView-innerSelectionPanelTable-listUl\")]/tbody/tr[17]/td[3]/div/div/span/span[1]/bdi"}
RESULT: {"using":"xpath","value":"//table[contains(@id, \"listView-innerSelectionPanelTable-listUl\")]/tbody/tr[17]/td[3]/div/div/span/span[1]/bdi"}
COMMAND: POST /session/4bf8232c0472e0a498fe7ae209f3a21b/execute/sync - {"script":"<script> [56 bytes]","args":[{"element-6066-11e4-a52e-4f735466cecf":"f.363B4D137147A2C10141CDA60C7BC6F9.d.6B26D82500DADFDD5EEF92294D31350A.e.7901","ELEMENT":"f.363B4D137147A2C10141CDA60C7BC6F9.d.6B26D82500DADFDD5EEF92294D31350A.e.7901"}]}
RESULT: {"script":"<script> [56 bytes]","args":[{"element-6066-11e4-a52e-4f735466cecf":"f.363B4D137147A2C10141CDA60C7BC6F9.d.6B26D82500DADFDD5EEF92294D31350A.e.7901","ELEMENT":"f.363B4D137147A2C10141CDA60C7BC6F9.d.6B26D82500DADFDD5EEF92294D31350A.e.7901"}]}
COMMAND: GET /session/4bf8232c0472e0a498fe7ae209f3a21b/element/f.363B4D137147A2C10141CDA60C7BC6F9.d.6B26D82500DADFDD5EEF92294D31350A.e.7900/attribute/aria-checked - {}
COMMAND: GET /session/4bf8232c0472e0a498fe7ae209f3a21b/screenshot - {}
RESULT: {}
COMMAND: POST /session/4bf8232c0472e0a498fe7ae209f3a21b/element - {"using":"xpath","value":"//table[contains(@id, \"listView-innerSelectionPanelTable-listUl\")]/tbody/tr[18]/td[2]/div/div"}
RESULT: {}
RESULT: {"using":"xpath","value":"//table[contains(@id, \"listView-innerSelectionPanelTable-listUl\")]/tbody/tr[18]/td[2]/div/div"}
COMMAND: POST /session/4bf8232c0472e0a498fe7ae209f3a21b/element - {"using":"xpath","value":"//table[contains(@id, \"listView-innerSelectionPanelTable-listUl\")]/tbody/tr[18]/td[2]/div"}
RESULT: {"using":"xpath","value":"//table[contains(@id, \"listView-innerSelectionPanelTable-listUl\")]/tbody/tr[18]/td[2]/div"}
COMMAND: POST /session/4bf8232c0472e0a498fe7ae209f3a21b/element - {"using":"xpath","value":"//table[contains(@id, \"listView-innerSelectionPanelTable-listUl\")]/tbody/tr[18]/td[3]/div/div/span/span[1]/bdi"}
RESULT: {"using":"xpath","value":"//table[contains(@id, \"listView-innerSelectionPanelTable-listUl\")]/tbody/tr[18]/td[3]/div/div/span/span[1]/bdi"}
COMMAND: POST /session/4bf8232c0472e0a498fe7ae209f3a21b/execute/sync - {"script":"<script> [56 bytes]","args":[{"element-6066-11e4-a52e-4f735466cecf":"f.363B4D137147A2C10141CDA60C7BC6F9.d.6B26D82500DADFDD5EEF92294D31350A.e.7904","ELEMENT":"f.363B4D137147A2C10141CDA60C7BC6F9.d.6B26D82500DADFDD5EEF92294D31350A.e.7904"}]}
RESULT: {"script":"<script> [56 bytes]","args":[{"element-6066-11e4-a52e-4f735466cecf":"f.363B4D137147A2C10141CDA60C7BC6F9.d.6B26D82500DADFDD5EEF92294D31350A.e.7904","ELEMENT":"f.363B4D137147A2C10141CDA60C7BC6F9.d.6B26D82500DADFDD5EEF92294D31350A.e.7904"}]}
COMMAND: GET /session/4bf8232c0472e0a498fe7ae209f3a21b/element/f.363B4D137147A2C10141CDA60C7BC6F9.d.6B26D82500DADFDD5EEF92294D31350A.e.7903/attribute/aria-checked - {}
COMMAND: GET /session/4bf8232c0472e0a498fe7ae209f3a21b/screenshot - {}
RESULT: {}
COMMAND: POST /session/4bf8232c0472e0a498fe7ae209f3a21b/element - {"using":"xpath","value":"//table[contains(@id, \"listView-innerSelectionPanelTable-listUl\")]/tbody/tr[19]/td[2]/div/div"}
RESULT: {}
RESULT: {"using":"xpath","value":"//table[contains(@id, \"listView-innerSelectionPanelTable-listUl\")]/tbody/tr[19]/td[2]/div/div"}
COMMAND: POST /session/4bf8232c0472e0a498fe7ae209f3a21b/element - {"using":"xpath","value":"//table[contains(@id, \"listView-innerSelectionPanelTable-listUl\")]/tbody/tr[19]/td[2]/div"}
RESULT: {"using":"xpath","value":"//table[contains(@id, \"listView-innerSelectionPanelTable-listUl\")]/tbody/tr[19]/td[2]/div"}
COMMAND: POST /session/4bf8232c0472e0a498fe7ae209f3a21b/element - {"using":"xpath","value":"//table[contains(@id, \"listView-innerSelectionPanelTable-listUl\")]/tbody/tr[19]/td[3]/div/div/span/span[1]/bdi"}
RESULT: {"using":"xpath","value":"//table[contains(@id, \"listView-innerSelectionPanelTable-listUl\")]/tbody/tr[19]/td[3]/div/div/span/span[1]/bdi"}
COMMAND: POST /session/4bf8232c0472e0a498fe7ae209f3a21b/execute/sync - {"script":"<script> [56 bytes]","args":[{"element-6066-11e4-a52e-4f735466cecf":"f.363B4D137147A2C10141CDA60C7BC6F9.d.6B26D82500DADFDD5EEF92294D31350A.e.7907","ELEMENT":"f.363B4D137147A2C10141CDA60C7BC6F9.d.6B26D82500DADFDD5EEF92294D31350A.e.7907"}]}
RESULT: {"script":"<script> [56 bytes]","args":[{"element-6066-11e4-a52e-4f735466cecf":"f.363B4D137147A2C10141CDA60C7BC6F9.d.6B26D82500DADFDD5EEF92294D31350A.e.7907","ELEMENT":"f.363B4D137147A2C10141CDA60C7BC6F9.d.6B26D82500DADFDD5EEF92294D31350A.e.7907"}]}
COMMAND: GET /session/4bf8232c0472e0a498fe7ae209f3a21b/element/f.363B4D137147A2C10141CDA60C7BC6F9.d.6B26D82500DADFDD5EEF92294D31350A.e.7906/attribute/aria-checked - {}
COMMAND: GET /session/4bf8232c0472e0a498fe7ae209f3a21b/screenshot - {}
RESULT: {}
COMMAND: POST /session/4bf8232c0472e0a498fe7ae209f3a21b/element - {"using":"xpath","value":"//table[contains(@id, \"listView-innerSelectionPanelTable-listUl\")]/tbody/tr[20]/td[2]/div/div"}
RESULT: {}
RESULT: {"using":"xpath","value":"//table[contains(@id, \"listView-innerSelectionPanelTable-listUl\")]/tbody/tr[20]/td[2]/div/div"}
COMMAND: POST /session/4bf8232c0472e0a498fe7ae209f3a21b/element - {"using":"xpath","value":"//table[contains(@id, \"listView-innerSelectionPanelTable-listUl\")]/tbody/tr[20]/td[2]/div"}
RESULT: {"using":"xpath","value":"//table[contains(@id, \"listView-innerSelectionPanelTable-listUl\")]/tbody/tr[20]/td[2]/div"}
COMMAND: POST /session/4bf8232c0472e0a498fe7ae209f3a21b/element - {"using":"xpath","value":"//table[contains(@id, \"listView-innerSelectionPanelTable-listUl\")]/tbody/tr[20]/td[3]/div/div/span/span[1]/bdi"}
RESULT: {"using":"xpath","value":"//table[contains(@id, \"listView-innerSelectionPanelTable-listUl\")]/tbody/tr[20]/td[3]/div/div/span/span[1]/bdi"}
COMMAND: POST /session/4bf8232c0472e0a498fe7ae209f3a21b/execute/sync - {"script":"<script> [56 bytes]","args":[{"element-6066-11e4-a52e-4f735466cecf":"f.363B4D137147A2C10141CDA60C7BC6F9.d.6B26D82500DADFDD5EEF92294D31350A.e.7910","ELEMENT":"f.363B4D137147A2C10141CDA60C7BC6F9.d.6B26D82500DADFDD5EEF92294D31350A.e.7910"}]}
RESULT: {"script":"<script> [56 bytes]","args":[{"element-6066-11e4-a52e-4f735466cecf":"f.363B4D137147A2C10141CDA60C7BC6F9.d.6B26D82500DADFDD5EEF92294D31350A.e.7910","ELEMENT":"f.363B4D137147A2C10141CDA60C7BC6F9.d.6B26D82500DADFDD5EEF92294D31350A.e.7910"}]}
COMMAND: GET /session/4bf8232c0472e0a498fe7ae209f3a21b/element/f.363B4D137147A2C10141CDA60C7BC6F9.d.6B26D82500DADFDD5EEF92294D31350A.e.7909/attribute/aria-checked - {}
COMMAND: GET /session/4bf8232c0472e0a498fe7ae209f3a21b/screenshot - {}
RESULT: {}
COMMAND: POST /session/4bf8232c0472e0a498fe7ae209f3a21b/element - {"using":"xpath","value":"//table[contains(@id, \"listView-innerSelectionPanelTable-listUl\")]/tbody/tr[21]/td[2]/div/div"}
COMMAND: POST /session/4bf8232c0472e0a498fe7ae209f3a21b/element/f.363B4D137147A2C10141CDA60C7BC6F9.d.6B26D82500DADFDD5EEF92294D31350A.e.7908/click - {}
RESULT: {}
RESULT: {"using":"xpath","value":"//table[contains(@id, \"listView-innerSelectionPanelTable-listUl\")]/tbody/tr[21]/td[2]/div/div"}
COMMAND: POST /session/4bf8232c0472e0a498fe7ae209f3a21b/element - {"using":"xpath","value":"//table[contains(@id, \"listView-innerSelectionPanelTable-listUl\")]/tbody/tr[21]/td[2]/div"}
RESULT: {}
COMMAND: GET /session/4bf8232c0472e0a498fe7ae209f3a21b/screenshot - {}
RESULT: {"using":"xpath","value":"//table[contains(@id, \"listView-innerSelectionPanelTable-listUl\")]/tbody/tr[21]/td[2]/div"}
COMMAND: POST /session/4bf8232c0472e0a498fe7ae209f3a21b/element - {"using":"xpath","value":"//table[contains(@id, \"listView-innerSelectionPanelTable-listUl\")]/tbody/tr[21]/td[3]/div/div/span/span[1]/bdi"}
RESULT: {}
RESULT: {"using":"xpath","value":"//table[contains(@id, \"listView-innerSelectionPanelTable-listUl\")]/tbody/tr[21]/td[3]/div/div/span/span[1]/bdi"}
COMMAND: POST /session/4bf8232c0472e0a498fe7ae209f3a21b/execute/sync - {"script":"<script> [56 bytes]","args":[{"element-6066-11e4-a52e-4f735466cecf":"f.363B4D137147A2C10141CDA60C7BC6F9.d.6B26D82500DADFDD5EEF92294D31350A.e.7916","ELEMENT":"f.363B4D137147A2C10141CDA60C7BC6F9.d.6B26D82500DADFDD5EEF92294D31350A.e.7916"}]}
RESULT: {"script":"<script> [56 bytes]","args":[{"element-6066-11e4-a52e-4f735466cecf":"f.363B4D137147A2C10141CDA60C7BC6F9.d.6B26D82500DADFDD5EEF92294D31350A.e.7916","ELEMENT":"f.363B4D137147A2C10141CDA60C7BC6F9.d.6B26D82500DADFDD5EEF92294D31350A.e.7916"}]}
COMMAND: GET /session/4bf8232c0472e0a498fe7ae209f3a21b/element/f.363B4D137147A2C10141CDA60C7BC6F9.d.6B26D82500DADFDD5EEF92294D31350A.e.7915/attribute/aria-checked - {}
COMMAND: GET /session/4bf8232c0472e0a498fe7ae209f3a21b/screenshot - {}
RESULT: {}
COMMAND: POST /session/4bf8232c0472e0a498fe7ae209f3a21b/element - {"using":"xpath","value":"//table[contains(@id, \"listView-innerSelectionPanelTable-listUl\")]/tbody/tr[22]/td[2]/div/div"}
COMMAND: POST /session/4bf8232c0472e0a498fe7ae209f3a21b/element/f.363B4D137147A2C10141CDA60C7BC6F9.d.6B26D82500DADFDD5EEF92294D31350A.e.7911/click - {}
RESULT: {}
RESULT: {}
COMMAND: GET /session/4bf8232c0472e0a498fe7ae209f3a21b/screenshot - {}
RESULT: {"using":"xpath","value":"//table[contains(@id, \"listView-innerSelectionPanelTable-listUl\")]/tbody/tr[22]/td[2]/div/div"}
COMMAND: POST /session/4bf8232c0472e0a498fe7ae209f3a21b/element - {"using":"xpath","value":"//table[contains(@id, \"listView-innerSelectionPanelTable-listUl\")]/tbody/tr[22]/td[2]/div"}
RESULT: {}
RESULT: {"using":"xpath","value":"//table[contains(@id, \"listView-innerSelectionPanelTable-listUl\")]/tbody/tr[22]/td[2]/div"}
COMMAND: POST /session/4bf8232c0472e0a498fe7ae209f3a21b/element - {"using":"xpath","value":"//table[contains(@id, \"listView-innerSelectionPanelTable-listUl\")]/tbody/tr[22]/td[3]/div/div/span/span[1]/bdi"}
RESULT: {"using":"xpath","value":"//table[contains(@id, \"listView-innerSelectionPanelTable-listUl\")]/tbody/tr[22]/td[3]/div/div/span/span[1]/bdi"}
COMMAND: POST /session/4bf8232c0472e0a498fe7ae209f3a21b/execute/sync - {"script":"<script> [56 bytes]","args":[{"element-6066-11e4-a52e-4f735466cecf":"f.363B4D137147A2C10141CDA60C7BC6F9.d.6B26D82500DADFDD5EEF92294D31350A.e.7920","ELEMENT":"f.363B4D137147A2C10141CDA60C7BC6F9.d.6B26D82500DADFDD5EEF92294D31350A.e.7920"}]}
RESULT: {"script":"<script> [56 bytes]","args":[{"element-6066-11e4-a52e-4f735466cecf":"f.363B4D137147A2C10141CDA60C7BC6F9.d.6B26D82500DADFDD5EEF92294D31350A.e.7920","ELEMENT":"f.363B4D137147A2C10141CDA60C7BC6F9.d.6B26D82500DADFDD5EEF92294D31350A.e.7920"}]}
COMMAND: GET /session/4bf8232c0472e0a498fe7ae209f3a21b/element/f.363B4D137147A2C10141CDA60C7BC6F9.d.6B26D82500DADFDD5EEF92294D31350A.e.7919/attribute/aria-checked - {}
COMMAND: GET /session/4bf8232c0472e0a498fe7ae209f3a21b/screenshot - {}
RESULT: {}
COMMAND: POST /session/4bf8232c0472e0a498fe7ae209f3a21b/element - {"using":"xpath","value":"//table[contains(@id, \"listView-innerSelectionPanelTable-listUl\")]/tbody/tr[23]/td[2]/div/div"}
RESULT: {}
RESULT: {"using":"xpath","value":"//table[contains(@id, \"listView-innerSelectionPanelTable-listUl\")]/tbody/tr[23]/td[2]/div/div"}
COMMAND: POST /session/4bf8232c0472e0a498fe7ae209f3a21b/element - {"using":"xpath","value":"//table[contains(@id, \"listView-innerSelectionPanelTable-listUl\")]/tbody/tr[23]/td[2]/div"}
RESULT: {"using":"xpath","value":"//table[contains(@id, \"listView-innerSelectionPanelTable-listUl\")]/tbody/tr[23]/td[2]/div"}
COMMAND: POST /session/4bf8232c0472e0a498fe7ae209f3a21b/element - {"using":"xpath","value":"//table[contains(@id, \"listView-innerSelectionPanelTable-listUl\")]/tbody/tr[23]/td[3]/div/div/span/span[1]/bdi"}
RESULT: {"using":"xpath","value":"//table[contains(@id, \"listView-innerSelectionPanelTable-listUl\")]/tbody/tr[23]/td[3]/div/div/span/span[1]/bdi"}
COMMAND: POST /session/4bf8232c0472e0a498fe7ae209f3a21b/execute/sync - {"script":"<script> [56 bytes]","args":[{"element-6066-11e4-a52e-4f735466cecf":"f.363B4D137147A2C10141CDA60C7BC6F9.d.6B26D82500DADFDD5EEF92294D31350A.e.7923","ELEMENT":"f.363B4D137147A2C10141CDA60C7BC6F9.d.6B26D82500DADFDD5EEF92294D31350A.e.7923"}]}
RESULT: {"script":"<script> [56 bytes]","args":[{"element-6066-11e4-a52e-4f735466cecf":"f.363B4D137147A2C10141CDA60C7BC6F9.d.6B26D82500DADFDD5EEF92294D31350A.e.7923","ELEMENT":"f.363B4D137147A2C10141CDA60C7BC6F9.d.6B26D82500DADFDD5EEF92294D31350A.e.7923"}]}
COMMAND: GET /session/4bf8232c0472e0a498fe7ae209f3a21b/element/f.363B4D137147A2C10141CDA60C7BC6F9.d.6B26D82500DADFDD5EEF92294D31350A.e.7922/attribute/aria-checked - {}
COMMAND: GET /session/4bf8232c0472e0a498fe7ae209f3a21b/screenshot - {}
RESULT: {}
COMMAND: POST /session/4bf8232c0472e0a498fe7ae209f3a21b/element - {"using":"xpath","value":"//table[contains(@id, \"listView-innerSelectionPanelTable-listUl\")]/tbody/tr[24]/td[2]/div/div"}
RESULT: {}
RESULT: {"using":"xpath","value":"//table[contains(@id, \"listView-innerSelectionPanelTable-listUl\")]/tbody/tr[24]/td[2]/div/div"}
COMMAND: POST /session/4bf8232c0472e0a498fe7ae209f3a21b/element - {"using":"xpath","value":"//table[contains(@id, \"listView-innerSelectionPanelTable-listUl\")]/tbody/tr[24]/td[2]/div"}
RESULT: {"using":"xpath","value":"//table[contains(@id, \"listView-innerSelectionPanelTable-listUl\")]/tbody/tr[24]/td[2]/div"}
COMMAND: POST /session/4bf8232c0472e0a498fe7ae209f3a21b/element - {"using":"xpath","value":"//table[contains(@id, \"listView-innerSelectionPanelTable-listUl\")]/tbody/tr[24]/td[3]/div/div/span/span[1]/bdi"}
RESULT: {"using":"xpath","value":"//table[contains(@id, \"listView-innerSelectionPanelTable-listUl\")]/tbody/tr[24]/td[3]/div/div/span/span[1]/bdi"}
COMMAND: POST /session/4bf8232c0472e0a498fe7ae209f3a21b/execute/sync - {"script":"<script> [56 bytes]","args":[{"element-6066-11e4-a52e-4f735466cecf":"f.363B4D137147A2C10141CDA60C7BC6F9.d.6B26D82500DADFDD5EEF92294D31350A.e.7926","ELEMENT":"f.363B4D137147A2C10141CDA60C7BC6F9.d.6B26D82500DADFDD5EEF92294D31350A.e.7926"}]}
RESULT: {"script":"<script> [56 bytes]","args":[{"element-6066-11e4-a52e-4f735466cecf":"f.363B4D137147A2C10141CDA60C7BC6F9.d.6B26D82500DADFDD5EEF92294D31350A.e.7926","ELEMENT":"f.363B4D137147A2C10141CDA60C7BC6F9.d.6B26D82500DADFDD5EEF92294D31350A.e.7926"}]}
COMMAND: GET /session/4bf8232c0472e0a498fe7ae209f3a21b/element/f.363B4D137147A2C10141CDA60C7BC6F9.d.6B26D82500DADFDD5EEF92294D31350A.e.7925/attribute/aria-checked - {}
COMMAND: GET /session/4bf8232c0472e0a498fe7ae209f3a21b/screenshot - {}
RESULT: {}
COMMAND: POST /session/4bf8232c0472e0a498fe7ae209f3a21b/element - {"using":"xpath","value":"//table[contains(@id, \"listView-innerSelectionPanelTable-listUl\")]/tbody/tr[25]/td[2]/div/div"}
RESULT: {}
RESULT: {"using":"xpath","value":"//table[contains(@id, \"listView-innerSelectionPanelTable-listUl\")]/tbody/tr[25]/td[2]/div/div"}
COMMAND: POST /session/4bf8232c0472e0a498fe7ae209f3a21b/element - {"using":"xpath","value":"//table[contains(@id, \"listView-innerSelectionPanelTable-listUl\")]/tbody/tr[25]/td[2]/div"}
RESULT: {"using":"xpath","value":"//table[contains(@id, \"listView-innerSelectionPanelTable-listUl\")]/tbody/tr[25]/td[2]/div"}
COMMAND: POST /session/4bf8232c0472e0a498fe7ae209f3a21b/element - {"using":"xpath","value":"//table[contains(@id, \"listView-innerSelectionPanelTable-listUl\")]/tbody/tr[25]/td[3]/div/div/span/span[1]/bdi"}
RESULT: {"using":"xpath","value":"//table[contains(@id, \"listView-innerSelectionPanelTable-listUl\")]/tbody/tr[25]/td[3]/div/div/span/span[1]/bdi"}
COMMAND: POST /session/4bf8232c0472e0a498fe7ae209f3a21b/execute/sync - {"script":"<script> [56 bytes]","args":[{"element-6066-11e4-a52e-4f735466cecf":"f.363B4D137147A2C10141CDA60C7BC6F9.d.6B26D82500DADFDD5EEF92294D31350A.e.7929","ELEMENT":"f.363B4D137147A2C10141CDA60C7BC6F9.d.6B26D82500DADFDD5EEF92294D31350A.e.7929"}]}
RESULT: {"script":"<script> [56 bytes]","args":[{"element-6066-11e4-a52e-4f735466cecf":"f.363B4D137147A2C10141CDA60C7BC6F9.d.6B26D82500DADFDD5EEF92294D31350A.e.7929","ELEMENT":"f.363B4D137147A2C10141CDA60C7BC6F9.d.6B26D82500DADFDD5EEF92294D31350A.e.7929"}]}
COMMAND: GET /session/4bf8232c0472e0a498fe7ae209f3a21b/element/f.363B4D137147A2C10141CDA60C7BC6F9.d.6B26D82500DADFDD5EEF92294D31350A.e.7928/attribute/aria-checked - {}
COMMAND: GET /session/4bf8232c0472e0a498fe7ae209f3a21b/screenshot - {}
RESULT: {}
COMMAND: POST /session/4bf8232c0472e0a498fe7ae209f3a21b/element - {"using":"xpath","value":"//bdi[contains(text(), \"OK\")]"}
RESULT: {}
RESULT: {"using":"xpath","value":"//bdi[contains(text(), \"OK\")]"}
COMMAND: POST /session/4bf8232c0472e0a498fe7ae209f3a21b/element/f.363B4D137147A2C10141CDA60C7BC6F9.d.6B26D82500DADFDD5EEF92294D31350A.e.7930/click - {}
RESULT: {}
COMMAND: GET /session/4bf8232c0472e0a498fe7ae209f3a21b/screenshot - {}
RESULT: {}
COMMAND: POST /session/4bf8232c0472e0a498fe7ae209f3a21b/execute/async - {"script":"<script> [1562 bytes]","args":[{"selector":{"id":"application-managepartners-display-component---masterPtm--smartFilterBar-filterItemControlA_-LINK_TO_ADDRESSES_MAIN.ID-vhi"},"wdio_ui5_key":"applicationmanagepartners-display-component---masterPtm--smartFilterBar-filterItemControlA_-LINK_TO_ADDRESSES_MAIN.ID-vhi"}]}
RESULT: {"script":"<script> [1562 bytes]","args":[{"selector":{"id":"application-managepartners-display-component---masterPtm--smartFilterBar-filterItemControlA_-LINK_TO_ADDRESSES_MAIN.ID-vhi"},"wdio_ui5_key":"applicationmanagepartners-display-component---masterPtm--smartFilterBar-filterItemControlA_-LINK_TO_ADDRESSES_MAIN.ID-vhi"}]}
RESULT: undefined
COMMAND: POST /session/4bf8232c0472e0a498fe7ae209f3a21b/element - {"using":"xpath","value":"//*[@id=\"application-managepartners-display-component---masterPtm--smartFilterBar-filterItemControlA_-LINK_TO_ADDRESSES_MAIN.ID-vhi\"]"}
RESULT: {"using":"xpath","value":"//*[@id=\"application-managepartners-display-component---masterPtm--smartFilterBar-filterItemControlA_-LINK_TO_ADDRESSES_MAIN.ID-vhi\"]"}
COMMAND: POST /session/4bf8232c0472e0a498fe7ae209f3a21b/element/f.363B4D137147A2C10141CDA60C7BC6F9.d.6B26D82500DADFDD5EEF92294D31350A.e.7943/click - {}
RESULT: {}
COMMAND: GET /session/4bf8232c0472e0a498fe7ae209f3a21b/screenshot - {}
RESULT: {}
COMMAND: POST /session/4bf8232c0472e0a498fe7ae209f3a21b/element - {"using":"xpath","value":"//div[input[@value=\"contains\"]]//span[contains(@id, \"arrow\")]"}
RESULT: {"using":"xpath","value":"//div[input[@value=\"contains\"]]//span[contains(@id, \"arrow\")]"}
COMMAND: POST /session/4bf8232c0472e0a498fe7ae209f3a21b/element/f.363B4D137147A2C10141CDA60C7BC6F9.d.6B26D82500DADFDD5EEF92294D31350A.e.7948/click - {}
RESULT: {}
COMMAND: GET /session/4bf8232c0472e0a498fe7ae209f3a21b/screenshot - {}
RESULT: {}
COMMAND: POST /session/4bf8232c0472e0a498fe7ae209f3a21b/element - {"using":"xpath","value":"//li[.//span[text()='equal to']]"}
RESULT: {"using":"xpath","value":"//li[.//span[text()='equal to']]"}
COMMAND: POST /session/4bf8232c0472e0a498fe7ae209f3a21b/element/f.363B4D137147A2C10141CDA60C7BC6F9.d.6B26D82500DADFDD5EEF92294D31350A.e.7949/click - {}
RESULT: {}
COMMAND: GET /session/4bf8232c0472e0a498fe7ae209f3a21b/screenshot - {}
RESULT: {}
RESULT: undefined
COMMAND: POST /session/4bf8232c0472e0a498fe7ae209f3a21b/execute/async - {"script":"<script> [776 bytes]","args":[{"enterText":"1006","selector":{"controlType":"sap.m.Input","viewName":"etm.portal.ui.managepartners.view.Master","viewId":"application-managepartners-display-component---masterPtm","properties":{"valueState":"None"},"searchOpenDialogs":true,"interaction":{"idSuffix":"inner"}},"clearTextFirst":true,"interactionType":"ENTER_TEXT"}]}
RESULT: {"script":"<script> [776 bytes]","args":[{"enterText":"1006","selector":{"controlType":"sap.m.Input","viewName":"etm.portal.ui.managepartners.view.Master","viewId":"application-managepartners-display-component---masterPtm","properties":{"valueState":"None"},"searchOpenDialogs":true,"interaction":{"idSuffix":"inner"}},"clearTextFirst":true,"interactionType":"ENTER_TEXT"}]}
COMMAND: POST /session/4bf8232c0472e0a498fe7ae209f3a21b/actions - {"actions":[{"id":"action22","type":"key","parameters":{},"actions":[{"type":"keyDown","value":"î€‡"},{"type":"pause","duration":10},{"type":"keyUp","value":"î€‡"}]}]}
RESULT: {"actions":[{"id":"action22","type":"key","parameters":{},"actions":[{"type":"keyDown","value":"î€‡"},{"type":"pause","duration":10},{"type":"keyUp","value":"î€‡"}]}]}
COMMAND: GET /session/4bf8232c0472e0a498fe7ae209f3a21b/screenshot - {}
RESULT: {}
COMMAND: POST /session/4bf8232c0472e0a498fe7ae209f3a21b/element - {"using":"xpath","value":"(//bdi[contains(text(), \"OK\")])[1]"}
RESULT: {"using":"xpath","value":"(//bdi[contains(text(), \"OK\")])[1]"}
COMMAND: POST /session/4bf8232c0472e0a498fe7ae209f3a21b/element/f.363B4D137147A2C10141CDA60C7BC6F9.d.6B26D82500DADFDD5EEF92294D31350A.e.7950/click - {}
RESULT: {}
COMMAND: GET /session/4bf8232c0472e0a498fe7ae209f3a21b/screenshot - {}
RESULT: {}
COMMAND: POST /session/4bf8232c0472e0a498fe7ae209f3a21b/element - {"using":"xpath","value":"//span[@id=\"application-managepartners-display-component---masterPtm--smartTable-header-inner\"]"}
RESULT: {"using":"xpath","value":"//span[@id=\"application-managepartners-display-component---masterPtm--smartTable-header-inner\"]"}
COMMAND: POST /session/4bf8232c0472e0a498fe7ae209f3a21b/elements - {"using":"xpath","value":"//span[@id=\"application-managepartners-display-component---masterPtm--smartTable-header-inner\"]"}
RESULT: {"using":"xpath","value":"//span[@id=\"application-managepartners-display-component---masterPtm--smartTable-header-inner\"]"}
COMMAND: POST /session/4bf8232c0472e0a498fe7ae209f3a21b/execute/sync - {"script":"<script> [56 bytes]","args":[{"element-6066-11e4-a52e-4f735466cecf":"f.363B4D137147A2C10141CDA60C7BC6F9.d.6B26D82500DADFDD5EEF92294D31350A.e.7788","ELEMENT":"f.363B4D137147A2C10141CDA60C7BC6F9.d.6B26D82500DADFDD5EEF92294D31350A.e.7788"}]}
RESULT: {"script":"<script> [56 bytes]","args":[{"element-6066-11e4-a52e-4f735466cecf":"f.363B4D137147A2C10141CDA60C7BC6F9.d.6B26D82500DADFDD5EEF92294D31350A.e.7788","ELEMENT":"f.363B4D137147A2C10141CDA60C7BC6F9.d.6B26D82500DADFDD5EEF92294D31350A.e.7788"}]}
COMMAND: POST /session/4bf8232c0472e0a498fe7ae209f3a21b/element - {"using":"xpath","value":"//span[contains(@title, \"Remove\")]"}
COMMAND: GET /session/4bf8232c0472e0a498fe7ae209f3a21b/screenshot - {}
RESULT: {"using":"xpath","value":"//span[contains(@title, \"Remove\")]"}
COMMAND: POST /session/4bf8232c0472e0a498fe7ae209f3a21b/element/f.363B4D137147A2C10141CDA60C7BC6F9.d.6B26D82500DADFDD5EEF92294D31350A.e.7955/click - {}
RESULT: {}
RESULT: {}
COMMAND: GET /session/4bf8232c0472e0a498fe7ae209f3a21b/screenshot - {}
RESULT: {}
RESULT: undefined
COMMAND: POST /session/4bf8232c0472e0a498fe7ae209f3a21b/element - {"using":"xpath","value":"//*[@id=\"application-managepartners-display-component---masterPtm--smartFilterBar-filterItemControl_BASIC-YARD-vhi\"]"}
RESULT: {"using":"xpath","value":"//*[@id=\"application-managepartners-display-component---masterPtm--smartFilterBar-filterItemControl_BASIC-YARD-vhi\"]"}
COMMAND: POST /session/4bf8232c0472e0a498fe7ae209f3a21b/element/f.363B4D137147A2C10141CDA60C7BC6F9.d.6B26D82500DADFDD5EEF92294D31350A.e.8061/click - {}
RESULT: {}
COMMAND: GET /session/4bf8232c0472e0a498fe7ae209f3a21b/screenshot - {}
RESULT: {}
RESULT: undefined
COMMAND: POST /session/4bf8232c0472e0a498fe7ae209f3a21b/execute/async - {"script":"<script> [776 bytes]","args":[{"enterText":"Test","selector":{"id":"application-managepartners-display-component---masterPtm--smartFilterBar-filterItemControl_BASIC-YARD-valueHelpDialog-smartFilterBar-btnBasicSearch","searchOpenDialogs":true,"interaction":{"idSuffix":"I"}},"clearTextFirst":true,"interactionType":"ENTER_TEXT"}]}
RESULT: {"script":"<script> [776 bytes]","args":[{"enterText":"Test","selector":{"id":"application-managepartners-display-component---masterPtm--smartFilterBar-filterItemControl_BASIC-YARD-valueHelpDialog-smartFilterBar-btnBasicSearch","searchOpenDialogs":true,"interaction":{"idSuffix":"I"}},"clearTextFirst":true,"interactionType":"ENTER_TEXT"}]}
COMMAND: POST /session/4bf8232c0472e0a498fe7ae209f3a21b/actions - {"actions":[{"id":"action23","type":"key","parameters":{},"actions":[{"type":"keyDown","value":"î€‡"},{"type":"pause","duration":10},{"type":"keyUp","value":"î€‡"}]}]}
RESULT: {"actions":[{"id":"action23","type":"key","parameters":{},"actions":[{"type":"keyDown","value":"î€‡"},{"type":"pause","duration":10},{"type":"keyUp","value":"î€‡"}]}]}
COMMAND: POST /session/4bf8232c0472e0a498fe7ae209f3a21b/elements - {"using":"xpath","value":"//table[contains(@id, \"smartFilterBar-filterItemControl_BASIC-YARD-valueHelpDialog-table-table\")]/tbody/tr"}
COMMAND: GET /session/4bf8232c0472e0a498fe7ae209f3a21b/screenshot - {}
RESULT: {"using":"xpath","value":"//table[contains(@id, \"smartFilterBar-filterItemControl_BASIC-YARD-valueHelpDialog-table-table\")]/tbody/tr"}
COMMAND: POST /session/4bf8232c0472e0a498fe7ae209f3a21b/element - {"using":"xpath","value":"//table[contains(@id, \"smartFilterBar-filterItemControl_BASIC-YARD-valueHelpDialog-table-table\")]/tbody/tr[1]/td[1]/div/span"}
RESULT: {}
RESULT: {"using":"xpath","value":"//table[contains(@id, \"smartFilterBar-filterItemControl_BASIC-YARD-valueHelpDialog-table-table\")]/tbody/tr[1]/td[1]/div/span"}
COMMAND: POST /session/4bf8232c0472e0a498fe7ae209f3a21b/elements - {"using":"xpath","value":"//table[contains(@id, \"smartFilterBar-filterItemControl_BASIC-YARD-valueHelpDialog-table-table\")]/tbody/tr[1]/td[1]/div/span"}
RESULT: {"using":"xpath","value":"//table[contains(@id, \"smartFilterBar-filterItemControl_BASIC-YARD-valueHelpDialog-table-table\")]/tbody/tr[1]/td[1]/div/span"}
COMMAND: POST /session/4bf8232c0472e0a498fe7ae209f3a21b/execute/sync - {"script":"<script> [56 bytes]","args":[{"element-6066-11e4-a52e-4f735466cecf":"f.363B4D137147A2C10141CDA60C7BC6F9.d.6B26D82500DADFDD5EEF92294D31350A.e.8080","ELEMENT":"f.363B4D137147A2C10141CDA60C7BC6F9.d.6B26D82500DADFDD5EEF92294D31350A.e.8080"}]}
RESULT: {"script":"<script> [56 bytes]","args":[{"element-6066-11e4-a52e-4f735466cecf":"f.363B4D137147A2C10141CDA60C7BC6F9.d.6B26D82500DADFDD5EEF92294D31350A.e.8080","ELEMENT":"f.363B4D137147A2C10141CDA60C7BC6F9.d.6B26D82500DADFDD5EEF92294D31350A.e.8080"}]}
COMMAND: POST /session/4bf8232c0472e0a498fe7ae209f3a21b/element - {"using":"xpath","value":"//table[contains(@id, \"smartFilterBar-filterItemControl_BASIC-YARD-valueHelpDialog-table-table\")]/tbody/tr[2]/td[1]/div/span"}
COMMAND: GET /session/4bf8232c0472e0a498fe7ae209f3a21b/screenshot - {}
RESULT: {"using":"xpath","value":"//table[contains(@id, \"smartFilterBar-filterItemControl_BASIC-YARD-valueHelpDialog-table-table\")]/tbody/tr[2]/td[1]/div/span"}
COMMAND: POST /session/4bf8232c0472e0a498fe7ae209f3a21b/elements - {"using":"xpath","value":"//table[contains(@id, \"smartFilterBar-filterItemControl_BASIC-YARD-valueHelpDialog-table-table\")]/tbody/tr[2]/td[1]/div/span"}
RESULT: {}
RESULT: {"using":"xpath","value":"//table[contains(@id, \"smartFilterBar-filterItemControl_BASIC-YARD-valueHelpDialog-table-table\")]/tbody/tr[2]/td[1]/div/span"}
COMMAND: POST /session/4bf8232c0472e0a498fe7ae209f3a21b/execute/sync - {"script":"<script> [56 bytes]","args":[{"element-6066-11e4-a52e-4f735466cecf":"f.363B4D137147A2C10141CDA60C7BC6F9.d.6B26D82500DADFDD5EEF92294D31350A.e.8081","ELEMENT":"f.363B4D137147A2C10141CDA60C7BC6F9.d.6B26D82500DADFDD5EEF92294D31350A.e.8081"}]}
RESULT: {"script":"<script> [56 bytes]","args":[{"element-6066-11e4-a52e-4f735466cecf":"f.363B4D137147A2C10141CDA60C7BC6F9.d.6B26D82500DADFDD5EEF92294D31350A.e.8081","ELEMENT":"f.363B4D137147A2C10141CDA60C7BC6F9.d.6B26D82500DADFDD5EEF92294D31350A.e.8081"}]}
COMMAND: POST /session/4bf8232c0472e0a498fe7ae209f3a21b/element - {"using":"xpath","value":"//table[contains(@id, \"smartFilterBar-filterItemControl_BASIC-YARD-valueHelpDialog-table-table\")]/tbody/tr[3]/td[1]/div/span"}
COMMAND: GET /session/4bf8232c0472e0a498fe7ae209f3a21b/screenshot - {}
RESULT: {"using":"xpath","value":"//table[contains(@id, \"smartFilterBar-filterItemControl_BASIC-YARD-valueHelpDialog-table-table\")]/tbody/tr[3]/td[1]/div/span"}
COMMAND: POST /session/4bf8232c0472e0a498fe7ae209f3a21b/elements - {"using":"xpath","value":"//table[contains(@id, \"smartFilterBar-filterItemControl_BASIC-YARD-valueHelpDialog-table-table\")]/tbody/tr[3]/td[1]/div/span"}
RESULT: {}
RESULT: {"using":"xpath","value":"//table[contains(@id, \"smartFilterBar-filterItemControl_BASIC-YARD-valueHelpDialog-table-table\")]/tbody/tr[3]/td[1]/div/span"}
COMMAND: POST /session/4bf8232c0472e0a498fe7ae209f3a21b/execute/sync - {"script":"<script> [56 bytes]","args":[{"element-6066-11e4-a52e-4f735466cecf":"f.363B4D137147A2C10141CDA60C7BC6F9.d.6B26D82500DADFDD5EEF92294D31350A.e.8082","ELEMENT":"f.363B4D137147A2C10141CDA60C7BC6F9.d.6B26D82500DADFDD5EEF92294D31350A.e.8082"}]}
RESULT: {"script":"<script> [56 bytes]","args":[{"element-6066-11e4-a52e-4f735466cecf":"f.363B4D137147A2C10141CDA60C7BC6F9.d.6B26D82500DADFDD5EEF92294D31350A.e.8082","ELEMENT":"f.363B4D137147A2C10141CDA60C7BC6F9.d.6B26D82500DADFDD5EEF92294D31350A.e.8082"}]}
COMMAND: POST /session/4bf8232c0472e0a498fe7ae209f3a21b/element - {"using":"xpath","value":"//div[contains(@id, \"filterItemControl_BASIC-YARD-valueHelpDialog-table-rowsel2\")]"}
COMMAND: GET /session/4bf8232c0472e0a498fe7ae209f3a21b/screenshot - {}
RESULT: {"using":"xpath","value":"//div[contains(@id, \"filterItemControl_BASIC-YARD-valueHelpDialog-table-rowsel2\")]"}
COMMAND: POST /session/4bf8232c0472e0a498fe7ae209f3a21b/element/f.363B4D137147A2C10141CDA60C7BC6F9.d.6B26D82500DADFDD5EEF92294D31350A.e.8083/click - {}
RESULT: {}
RESULT: {}
COMMAND: GET /session/4bf8232c0472e0a498fe7ae209f3a21b/screenshot - {}
RESULT: {}
COMMAND: POST /session/4bf8232c0472e0a498fe7ae209f3a21b/element - {"using":"xpath","value":"(//bdi[contains(text(), \"OK\")])[1]"}
RESULT: {"using":"xpath","value":"(//bdi[contains(text(), \"OK\")])[1]"}
COMMAND: POST /session/4bf8232c0472e0a498fe7ae209f3a21b/element/f.363B4D137147A2C10141CDA60C7BC6F9.d.6B26D82500DADFDD5EEF92294D31350A.e.8085/click - {}
RESULT: {}
COMMAND: GET /session/4bf8232c0472e0a498fe7ae209f3a21b/screenshot - {}
RESULT: {}
COMMAND: POST /session/4bf8232c0472e0a498fe7ae209f3a21b/element - {"using":"xpath","value":"//span[@id=\"application-managepartners-display-component---masterPtm--smartTable-header-inner\"]"}
RESULT: {"using":"xpath","value":"//span[@id=\"application-managepartners-display-component---masterPtm--smartTable-header-inner\"]"}
COMMAND: POST /session/4bf8232c0472e0a498fe7ae209f3a21b/elements - {"using":"xpath","value":"//span[@id=\"application-managepartners-display-component---masterPtm--smartTable-header-inner\"]"}
RESULT: {"using":"xpath","value":"//span[@id=\"application-managepartners-display-component---masterPtm--smartTable-header-inner\"]"}
COMMAND: POST /session/4bf8232c0472e0a498fe7ae209f3a21b/execute/sync - {"script":"<script> [56 bytes]","args":[{"element-6066-11e4-a52e-4f735466cecf":"f.363B4D137147A2C10141CDA60C7BC6F9.d.6B26D82500DADFDD5EEF92294D31350A.e.7788","ELEMENT":"f.363B4D137147A2C10141CDA60C7BC6F9.d.6B26D82500DADFDD5EEF92294D31350A.e.7788"}]}
RESULT: {"script":"<script> [56 bytes]","args":[{"element-6066-11e4-a52e-4f735466cecf":"f.363B4D137147A2C10141CDA60C7BC6F9.d.6B26D82500DADFDD5EEF92294D31350A.e.7788","ELEMENT":"f.363B4D137147A2C10141CDA60C7BC6F9.d.6B26D82500DADFDD5EEF92294D31350A.e.7788"}]}
COMMAND: POST /session/4bf8232c0472e0a498fe7ae209f3a21b/element - {"using":"xpath","value":"//span[contains(@title, \"Remove\")]"}
COMMAND: GET /session/4bf8232c0472e0a498fe7ae209f3a21b/screenshot - {}
RESULT: {"using":"xpath","value":"//span[contains(@title, \"Remove\")]"}
COMMAND: POST /session/4bf8232c0472e0a498fe7ae209f3a21b/element/f.363B4D137147A2C10141CDA60C7BC6F9.d.6B26D82500DADFDD5EEF92294D31350A.e.8098/click - {}
RESULT: {}
RESULT: {}
COMMAND: GET /session/4bf8232c0472e0a498fe7ae209f3a21b/screenshot - {}
RESULT: {}
RESULT: undefined
COMMAND: POST /session/4bf8232c0472e0a498fe7ae209f3a21b/element - {"using":"xpath","value":"//*[@id=\"application-managepartners-display-component---masterPtm--smartFilterBar-filterItemControl_BASIC-MAIN_ADDRESS-vhi\"]"}
RESULT: {"using":"xpath","value":"//*[@id=\"application-managepartners-display-component---masterPtm--smartFilterBar-filterItemControl_BASIC-MAIN_ADDRESS-vhi\"]"}
COMMAND: POST /session/4bf8232c0472e0a498fe7ae209f3a21b/element/f.363B4D137147A2C10141CDA60C7BC6F9.d.6B26D82500DADFDD5EEF92294D31350A.e.8201/click - {}
RESULT: {}
COMMAND: GET /session/4bf8232c0472e0a498fe7ae209f3a21b/screenshot - {}
RESULT: {}
RESULT: undefined
COMMAND: POST /session/4bf8232c0472e0a498fe7ae209f3a21b/execute/async - {"script":"<script> [776 bytes]","args":[{"enterText":"Romania","selector":{"id":"application-managepartners-display-component---masterPtm--smartFilterBar-filterItemControl_BASIC-MAIN_ADDRESS-valueHelpDialog-smartFilterBar-btnBasicSearch","searchOpenDialogs":true,"interaction":{"idSuffix":"I"}},"clearTextFirst":true,"interactionType":"ENTER_TEXT"}]}
RESULT: {"script":"<script> [776 bytes]","args":[{"enterText":"Romania","selector":{"id":"application-managepartners-display-component---masterPtm--smartFilterBar-filterItemControl_BASIC-MAIN_ADDRESS-valueHelpDialog-smartFilterBar-btnBasicSearch","searchOpenDialogs":true,"interaction":{"idSuffix":"I"}},"clearTextFirst":true,"interactionType":"ENTER_TEXT"}]}
COMMAND: POST /session/4bf8232c0472e0a498fe7ae209f3a21b/actions - {"actions":[{"id":"action24","type":"key","parameters":{},"actions":[{"type":"keyDown","value":"î€‡"},{"type":"pause","duration":10},{"type":"keyUp","value":"î€‡"}]}]}
RESULT: {"actions":[{"id":"action24","type":"key","parameters":{},"actions":[{"type":"keyDown","value":"î€‡"},{"type":"pause","duration":10},{"type":"keyUp","value":"î€‡"}]}]}
COMMAND: POST /session/4bf8232c0472e0a498fe7ae209f3a21b/elements - {"using":"xpath","value":"//table[contains(@id, \"smartFilterBar-filterItemControl_BASIC-MAIN_ADDRESS-valueHelpDialog-table-table\")]/tbody/tr"}
COMMAND: GET /session/4bf8232c0472e0a498fe7ae209f3a21b/screenshot - {}
RESULT: {"using":"xpath","value":"//table[contains(@id, \"smartFilterBar-filterItemControl_BASIC-MAIN_ADDRESS-valueHelpDialog-table-table\")]/tbody/tr"}
COMMAND: POST /session/4bf8232c0472e0a498fe7ae209f3a21b/element - {"using":"xpath","value":"//table[contains(@id, \"smartFilterBar-filterItemControl_BASIC-MAIN_ADDRESS-valueHelpDialog-table-table\")]/tbody/tr[1]/td[1]/div/span"}
RESULT: {}
RESULT: {"using":"xpath","value":"//table[contains(@id, \"smartFilterBar-filterItemControl_BASIC-MAIN_ADDRESS-valueHelpDialog-table-table\")]/tbody/tr[1]/td[1]/div/span"}
COMMAND: POST /session/4bf8232c0472e0a498fe7ae209f3a21b/elements - {"using":"xpath","value":"//table[contains(@id, \"smartFilterBar-filterItemControl_BASIC-MAIN_ADDRESS-valueHelpDialog-table-table\")]/tbody/tr[1]/td[1]/div/span"}
RESULT: {"using":"xpath","value":"//table[contains(@id, \"smartFilterBar-filterItemControl_BASIC-MAIN_ADDRESS-valueHelpDialog-table-table\")]/tbody/tr[1]/td[1]/div/span"}
COMMAND: POST /session/4bf8232c0472e0a498fe7ae209f3a21b/execute/sync - {"script":"<script> [56 bytes]","args":[{"element-6066-11e4-a52e-4f735466cecf":"f.363B4D137147A2C10141CDA60C7BC6F9.d.6B26D82500DADFDD5EEF92294D31350A.e.8222","ELEMENT":"f.363B4D137147A2C10141CDA60C7BC6F9.d.6B26D82500DADFDD5EEF92294D31350A.e.8222"}]}
RESULT: {"script":"<script> [56 bytes]","args":[{"element-6066-11e4-a52e-4f735466cecf":"f.363B4D137147A2C10141CDA60C7BC6F9.d.6B26D82500DADFDD5EEF92294D31350A.e.8222","ELEMENT":"f.363B4D137147A2C10141CDA60C7BC6F9.d.6B26D82500DADFDD5EEF92294D31350A.e.8222"}]}
COMMAND: POST /session/4bf8232c0472e0a498fe7ae209f3a21b/element - {"using":"xpath","value":"//div[contains(@id, \"filterItemControl_BASIC-MAIN_ADDRESS-valueHelpDialog-table-rowsel0\")]"}
COMMAND: GET /session/4bf8232c0472e0a498fe7ae209f3a21b/screenshot - {}
RESULT: {"using":"xpath","value":"//div[contains(@id, \"filterItemControl_BASIC-MAIN_ADDRESS-valueHelpDialog-table-rowsel0\")]"}
COMMAND: POST /session/4bf8232c0472e0a498fe7ae209f3a21b/element/f.363B4D137147A2C10141CDA60C7BC6F9.d.6B26D82500DADFDD5EEF92294D31350A.e.8223/click - {}
RESULT: {}
RESULT: {}
COMMAND: GET /session/4bf8232c0472e0a498fe7ae209f3a21b/screenshot - {}
RESULT: {}
COMMAND: POST /session/4bf8232c0472e0a498fe7ae209f3a21b/element - {"using":"xpath","value":"(//bdi[contains(text(), \"OK\")])[1]"}
RESULT: {"using":"xpath","value":"(//bdi[contains(text(), \"OK\")])[1]"}
COMMAND: POST /session/4bf8232c0472e0a498fe7ae209f3a21b/element/f.363B4D137147A2C10141CDA60C7BC6F9.d.6B26D82500DADFDD5EEF92294D31350A.e.8225/click - {}
RESULT: {}
COMMAND: GET /session/4bf8232c0472e0a498fe7ae209f3a21b/screenshot - {}
RESULT: {}
COMMAND: POST /session/4bf8232c0472e0a498fe7ae209f3a21b/element - {"using":"xpath","value":"//span[@id=\"application-managepartners-display-component---masterPtm--smartTable-header-inner\"]"}
RESULT: {"using":"xpath","value":"//span[@id=\"application-managepartners-display-component---masterPtm--smartTable-header-inner\"]"}
COMMAND: POST /session/4bf8232c0472e0a498fe7ae209f3a21b/elements - {"using":"xpath","value":"//span[@id=\"application-managepartners-display-component---masterPtm--smartTable-header-inner\"]"}
RESULT: {"using":"xpath","value":"//span[@id=\"application-managepartners-display-component---masterPtm--smartTable-header-inner\"]"}
COMMAND: POST /session/4bf8232c0472e0a498fe7ae209f3a21b/execute/sync - {"script":"<script> [56 bytes]","args":[{"element-6066-11e4-a52e-4f735466cecf":"f.363B4D137147A2C10141CDA60C7BC6F9.d.6B26D82500DADFDD5EEF92294D31350A.e.7788","ELEMENT":"f.363B4D137147A2C10141CDA60C7BC6F9.d.6B26D82500DADFDD5EEF92294D31350A.e.7788"}]}
RESULT: {"script":"<script> [56 bytes]","args":[{"element-6066-11e4-a52e-4f735466cecf":"f.363B4D137147A2C10141CDA60C7BC6F9.d.6B26D82500DADFDD5EEF92294D31350A.e.7788","ELEMENT":"f.363B4D137147A2C10141CDA60C7BC6F9.d.6B26D82500DADFDD5EEF92294D31350A.e.7788"}]}
COMMAND: POST /session/4bf8232c0472e0a498fe7ae209f3a21b/element - {"using":"xpath","value":"//span[contains(@title, \"Remove\")]"}
COMMAND: GET /session/4bf8232c0472e0a498fe7ae209f3a21b/screenshot - {}
RESULT: {"using":"xpath","value":"//span[contains(@title, \"Remove\")]"}
COMMAND: POST /session/4bf8232c0472e0a498fe7ae209f3a21b/element/f.363B4D137147A2C10141CDA60C7BC6F9.d.6B26D82500DADFDD5EEF92294D31350A.e.8238/click - {}
RESULT: {}
RESULT: {}
COMMAND: GET /session/4bf8232c0472e0a498fe7ae209f3a21b/screenshot - {}
RESULT: {}
COMMAND: POST /session/4bf8232c0472e0a498fe7ae209f3a21b/execute/async - {"script":"<script> [1562 bytes]","args":[{"selector":{"id":"application-managepartners-display-component---masterPtm--catalogs-arrow"},"wdio_ui5_key":"applicationmanagepartners-display-component---masterPtm--catalogs-arrow"}]}
RESULT: {"script":"<script> [1562 bytes]","args":[{"selector":{"id":"application-managepartners-display-component---masterPtm--catalogs-arrow"},"wdio_ui5_key":"applicationmanagepartners-display-component---masterPtm--catalogs-arrow"}]}
RESULT: undefined
COMMAND: POST /session/4bf8232c0472e0a498fe7ae209f3a21b/element - {"using":"xpath","value":"//*[@id=\"application-managepartners-display-component---masterPtm--catalogs-arrow\"]"}
RESULT: {"using":"xpath","value":"//*[@id=\"application-managepartners-display-component---masterPtm--catalogs-arrow\"]"}
COMMAND: POST /session/4bf8232c0472e0a498fe7ae209f3a21b/element/f.363B4D137147A2C10141CDA60C7BC6F9.d.6B26D82500DADFDD5EEF92294D31350A.e.8345/click - {}
RESULT: {}
COMMAND: GET /session/4bf8232c0472e0a498fe7ae209f3a21b/screenshot - {}
RESULT: {}
COMMAND: POST /session/4bf8232c0472e0a498fe7ae209f3a21b/element - {"using":"xpath","value":"//li[.//span[text()=\"Webshop Catalog\"]]//div[contains(@class,\"sapMCbBg\")]"}
RESULT: {"using":"xpath","value":"//li[.//span[text()=\"Webshop Catalog\"]]//div[contains(@class,\"sapMCbBg\")]"}
COMMAND: POST /session/4bf8232c0472e0a498fe7ae209f3a21b/element/f.363B4D137147A2C10141CDA60C7BC6F9.d.6B26D82500DADFDD5EEF92294D31350A.e.8357/click - {}
RESULT: {}
COMMAND: GET /session/4bf8232c0472e0a498fe7ae209f3a21b/screenshot - {}
RESULT: {}
RESULT: undefined
COMMAND: POST /session/4bf8232c0472e0a498fe7ae209f3a21b/element - {"using":"xpath","value":"//*[@id=\"application-managepartners-display-component---masterPtm--catalogs-arrow\"]"}
RESULT: {"using":"xpath","value":"//*[@id=\"application-managepartners-display-component---masterPtm--catalogs-arrow\"]"}
COMMAND: POST /session/4bf8232c0472e0a498fe7ae209f3a21b/element/f.363B4D137147A2C10141CDA60C7BC6F9.d.6B26D82500DADFDD5EEF92294D31350A.e.8345/click - {}
RESULT: {}
COMMAND: POST /session/4bf8232c0472e0a498fe7ae209f3a21b/element - {"using":"xpath","value":"//span[@id=\"application-managepartners-display-component---masterPtm--smartTable-header-inner\"]"}
COMMAND: GET /session/4bf8232c0472e0a498fe7ae209f3a21b/screenshot - {}
RESULT: {"using":"xpath","value":"//span[@id=\"application-managepartners-display-component---masterPtm--smartTable-header-inner\"]"}
COMMAND: POST /session/4bf8232c0472e0a498fe7ae209f3a21b/elements - {"using":"xpath","value":"//span[@id=\"application-managepartners-display-component---masterPtm--smartTable-header-inner\"]"}
RESULT: {}
RESULT: {"using":"xpath","value":"//span[@id=\"application-managepartners-display-component---masterPtm--smartTable-header-inner\"]"}
COMMAND: POST /session/4bf8232c0472e0a498fe7ae209f3a21b/execute/sync - {"script":"<script> [56 bytes]","args":[{"element-6066-11e4-a52e-4f735466cecf":"f.363B4D137147A2C10141CDA60C7BC6F9.d.6B26D82500DADFDD5EEF92294D31350A.e.7788","ELEMENT":"f.363B4D137147A2C10141CDA60C7BC6F9.d.6B26D82500DADFDD5EEF92294D31350A.e.7788"}]}
RESULT: {"script":"<script> [56 bytes]","args":[{"element-6066-11e4-a52e-4f735466cecf":"f.363B4D137147A2C10141CDA60C7BC6F9.d.6B26D82500DADFDD5EEF92294D31350A.e.7788","ELEMENT":"f.363B4D137147A2C10141CDA60C7BC6F9.d.6B26D82500DADFDD5EEF92294D31350A.e.7788"}]}
COMMAND: POST /session/4bf8232c0472e0a498fe7ae209f3a21b/element - {"using":"xpath","value":"//span[contains(@title, \"Remove\")]"}
COMMAND: GET /session/4bf8232c0472e0a498fe7ae209f3a21b/screenshot - {}
RESULT: {"using":"xpath","value":"//span[contains(@title, \"Remove\")]"}
COMMAND: POST /session/4bf8232c0472e0a498fe7ae209f3a21b/element/f.363B4D137147A2C10141CDA60C7BC6F9.d.6B26D82500DADFDD5EEF92294D31350A.e.8373/click - {}
RESULT: {}
RESULT: {}
COMMAND: GET /session/4bf8232c0472e0a498fe7ae209f3a21b/screenshot - {}
RESULT: {}
COMMAND: POST /session/4bf8232c0472e0a498fe7ae209f3a21b/execute/async - {"script":"<script> [1562 bytes]","args":[{"selector":{"id":"application-managepartners-display-component---masterPtm--currencies-arrow"},"wdio_ui5_key":"applicationmanagepartners-display-component---masterPtm--currencies-arrow"}]}
RESULT: {"script":"<script> [1562 bytes]","args":[{"selector":{"id":"application-managepartners-display-component---masterPtm--currencies-arrow"},"wdio_ui5_key":"applicationmanagepartners-display-component---masterPtm--currencies-arrow"}]}
RESULT: undefined
COMMAND: POST /session/4bf8232c0472e0a498fe7ae209f3a21b/element - {"using":"xpath","value":"//*[@id=\"application-managepartners-display-component---masterPtm--currencies-arrow\"]"}
RESULT: {"using":"xpath","value":"//*[@id=\"application-managepartners-display-component---masterPtm--currencies-arrow\"]"}
COMMAND: POST /session/4bf8232c0472e0a498fe7ae209f3a21b/element/f.363B4D137147A2C10141CDA60C7BC6F9.d.6B26D82500DADFDD5EEF92294D31350A.e.8433/click - {}
RESULT: {}
COMMAND: GET /session/4bf8232c0472e0a498fe7ae209f3a21b/screenshot - {}
RESULT: {}
COMMAND: POST /session/4bf8232c0472e0a498fe7ae209f3a21b/element - {"using":"xpath","value":"//li[.//span[text()=\"US Dollar\"]]//div[contains(@class,\"sapMCbBg\")]"}
RESULT: {"using":"xpath","value":"//li[.//span[text()=\"US Dollar\"]]//div[contains(@class,\"sapMCbBg\")]"}
COMMAND: POST /session/4bf8232c0472e0a498fe7ae209f3a21b/element/f.363B4D137147A2C10141CDA60C7BC6F9.d.6B26D82500DADFDD5EEF92294D31350A.e.8436/click - {}
RESULT: {}
COMMAND: GET /session/4bf8232c0472e0a498fe7ae209f3a21b/screenshot - {}
RESULT: {}
RESULT: undefined
COMMAND: POST /session/4bf8232c0472e0a498fe7ae209f3a21b/element - {"using":"xpath","value":"//*[@id=\"application-managepartners-display-component---masterPtm--currencies-arrow\"]"}
RESULT: {"using":"xpath","value":"//*[@id=\"application-managepartners-display-component---masterPtm--currencies-arrow\"]"}
COMMAND: POST /session/4bf8232c0472e0a498fe7ae209f3a21b/element/f.363B4D137147A2C10141CDA60C7BC6F9.d.6B26D82500DADFDD5EEF92294D31350A.e.8433/click - {}
RESULT: {}
COMMAND: POST /session/4bf8232c0472e0a498fe7ae209f3a21b/element - {"using":"xpath","value":"//span[@id=\"application-managepartners-display-component---masterPtm--smartTable-header-inner\"]"}
COMMAND: GET /session/4bf8232c0472e0a498fe7ae209f3a21b/screenshot - {}
RESULT: {"using":"xpath","value":"//span[@id=\"application-managepartners-display-component---masterPtm--smartTable-header-inner\"]"}
COMMAND: POST /session/4bf8232c0472e0a498fe7ae209f3a21b/elements - {"using":"xpath","value":"//span[@id=\"application-managepartners-display-component---masterPtm--smartTable-header-inner\"]"}
RESULT: {}
RESULT: {"using":"xpath","value":"//span[@id=\"application-managepartners-display-component---masterPtm--smartTable-header-inner\"]"}
COMMAND: POST /session/4bf8232c0472e0a498fe7ae209f3a21b/execute/sync - {"script":"<script> [56 bytes]","args":[{"element-6066-11e4-a52e-4f735466cecf":"f.363B4D137147A2C10141CDA60C7BC6F9.d.6B26D82500DADFDD5EEF92294D31350A.e.7788","ELEMENT":"f.363B4D137147A2C10141CDA60C7BC6F9.d.6B26D82500DADFDD5EEF92294D31350A.e.7788"}]}
RESULT: {"script":"<script> [56 bytes]","args":[{"element-6066-11e4-a52e-4f735466cecf":"f.363B4D137147A2C10141CDA60C7BC6F9.d.6B26D82500DADFDD5EEF92294D31350A.e.7788","ELEMENT":"f.363B4D137147A2C10141CDA60C7BC6F9.d.6B26D82500DADFDD5EEF92294D31350A.e.7788"}]}
COMMAND: POST /session/4bf8232c0472e0a498fe7ae209f3a21b/element - {"using":"xpath","value":"//span[contains(@title, \"Remove\")]"}
COMMAND: GET /session/4bf8232c0472e0a498fe7ae209f3a21b/screenshot - {}
RESULT: {"using":"xpath","value":"//span[contains(@title, \"Remove\")]"}
COMMAND: POST /session/4bf8232c0472e0a498fe7ae209f3a21b/element/f.363B4D137147A2C10141CDA60C7BC6F9.d.6B26D82500DADFDD5EEF92294D31350A.e.8595/click - {}
RESULT: {}
RESULT: {}
COMMAND: GET /session/4bf8232c0472e0a498fe7ae209f3a21b/screenshot - {}
RESULT: {}
COMMAND: POST /session/4bf8232c0472e0a498fe7ae209f3a21b/execute/async - {"script":"<script> [1562 bytes]","args":[{"selector":{"id":"application-managepartners-display-component---masterPtm--languages-arrow"},"wdio_ui5_key":"applicationmanagepartners-display-component---masterPtm--languages-arrow"}]}
RESULT: {"script":"<script> [1562 bytes]","args":[{"selector":{"id":"application-managepartners-display-component---masterPtm--languages-arrow"},"wdio_ui5_key":"applicationmanagepartners-display-component---masterPtm--languages-arrow"}]}
RESULT: undefined
COMMAND: POST /session/4bf8232c0472e0a498fe7ae209f3a21b/element - {"using":"xpath","value":"//*[@id=\"application-managepartners-display-component---masterPtm--languages-arrow\"]"}
RESULT: {"using":"xpath","value":"//*[@id=\"application-managepartners-display-component---masterPtm--languages-arrow\"]"}
COMMAND: POST /session/4bf8232c0472e0a498fe7ae209f3a21b/element/f.363B4D137147A2C10141CDA60C7BC6F9.d.6B26D82500DADFDD5EEF92294D31350A.e.8677/click - {}
RESULT: {}
COMMAND: GET /session/4bf8232c0472e0a498fe7ae209f3a21b/screenshot - {}
RESULT: {}
COMMAND: POST /session/4bf8232c0472e0a498fe7ae209f3a21b/element - {"using":"xpath","value":"//li[.//span[text()=\"German\"]]//div[contains(@class,\"sapMCbBg\")]"}
RESULT: {"using":"xpath","value":"//li[.//span[text()=\"German\"]]//div[contains(@class,\"sapMCbBg\")]"}
COMMAND: POST /session/4bf8232c0472e0a498fe7ae209f3a21b/element/f.363B4D137147A2C10141CDA60C7BC6F9.d.6B26D82500DADFDD5EEF92294D31350A.e.8721/click - {}
RESULT: {}
COMMAND: GET /session/4bf8232c0472e0a498fe7ae209f3a21b/screenshot - {}
RESULT: {}
RESULT: undefined
COMMAND: POST /session/4bf8232c0472e0a498fe7ae209f3a21b/element - {"using":"xpath","value":"//*[@id=\"application-managepartners-display-component---masterPtm--languages-arrow\"]"}
RESULT: {"using":"xpath","value":"//*[@id=\"application-managepartners-display-component---masterPtm--languages-arrow\"]"}
COMMAND: POST /session/4bf8232c0472e0a498fe7ae209f3a21b/element/f.363B4D137147A2C10141CDA60C7BC6F9.d.6B26D82500DADFDD5EEF92294D31350A.e.8677/click - {}
RESULT: {}
COMMAND: POST /session/4bf8232c0472e0a498fe7ae209f3a21b/element - {"using":"xpath","value":"//span[@id=\"application-managepartners-display-component---masterPtm--smartTable-header-inner\"]"}
COMMAND: GET /session/4bf8232c0472e0a498fe7ae209f3a21b/screenshot - {}
RESULT: {"using":"xpath","value":"//span[@id=\"application-managepartners-display-component---masterPtm--smartTable-header-inner\"]"}
COMMAND: POST /session/4bf8232c0472e0a498fe7ae209f3a21b/elements - {"using":"xpath","value":"//span[@id=\"application-managepartners-display-component---masterPtm--smartTable-header-inner\"]"}
RESULT: {}
RESULT: {"using":"xpath","value":"//span[@id=\"application-managepartners-display-component---masterPtm--smartTable-header-inner\"]"}
COMMAND: POST /session/4bf8232c0472e0a498fe7ae209f3a21b/execute/sync - {"script":"<script> [56 bytes]","args":[{"element-6066-11e4-a52e-4f735466cecf":"f.363B4D137147A2C10141CDA60C7BC6F9.d.6B26D82500DADFDD5EEF92294D31350A.e.7788","ELEMENT":"f.363B4D137147A2C10141CDA60C7BC6F9.d.6B26D82500DADFDD5EEF92294D31350A.e.7788"}]}
RESULT: {"script":"<script> [56 bytes]","args":[{"element-6066-11e4-a52e-4f735466cecf":"f.363B4D137147A2C10141CDA60C7BC6F9.d.6B26D82500DADFDD5EEF92294D31350A.e.7788","ELEMENT":"f.363B4D137147A2C10141CDA60C7BC6F9.d.6B26D82500DADFDD5EEF92294D31350A.e.7788"}]}
COMMAND: POST /session/4bf8232c0472e0a498fe7ae209f3a21b/element - {"using":"css selector","value":"#shell-header-logo"}
COMMAND: GET /session/4bf8232c0472e0a498fe7ae209f3a21b/screenshot - {}
RESULT: {"using":"css selector","value":"#shell-header-logo"}
COMMAND: POST /session/4bf8232c0472e0a498fe7ae209f3a21b/element/f.363B4D137147A2C10141CDA60C7BC6F9.d.6B26D82500DADFDD5EEF92294D31350A.e.7616/click - {}
RESULT: {}
RESULT: {}
COMMAND: GET /session/4bf8232c0472e0a498fe7ae209f3a21b/screenshot - {}
RESULT: {}
]]></system-out>
    </testcase>
    <testcase classname="chrome.136_0_7103_93.windows.Partner_specific_tests_US150819_US151080_US151654_US151176_US103444_US151078_US151079_US151109_US151174_US151175_US151189" name="Should add a new Business Partner role same role US151541" time="72.968">
      <system-out><![CDATA[
COMMAND: POST /session/4bf8232c0472e0a498fe7ae209f3a21b/execute/async - {"script":"<script> [1562 bytes]","args":[{"selector":{"controlType":"sap.m.GenericTile","properties":{"header":"Data Explorer"}},"wdio_ui5_key":"sapm.GenericTile{\"header\":\"Data Explorer\"}"}]}
RESULT: {"script":"<script> [1562 bytes]","args":[{"selector":{"controlType":"sap.m.GenericTile","properties":{"header":"Data Explorer"}},"wdio_ui5_key":"sapm.GenericTile{\"header\":\"Data Explorer\"}"}]}
RESULT: undefined
COMMAND: POST /session/4bf8232c0472e0a498fe7ae209f3a21b/element - {"using":"xpath","value":"//*[@id=\"__tile117\"]"}
RESULT: {"using":"xpath","value":"//*[@id=\"__tile117\"]"}
COMMAND: POST /session/4bf8232c0472e0a498fe7ae209f3a21b/element/f.363B4D137147A2C10141CDA60C7BC6F9.d.6B26D82500DADFDD5EEF92294D31350A.e.8786/click - {}
RESULT: {}
COMMAND: GET /session/4bf8232c0472e0a498fe7ae209f3a21b/screenshot - {}
RESULT: {}
COMMAND: POST /session/4bf8232c0472e0a498fe7ae209f3a21b/elements - {"using":"xpath","value":"//span[text()='Error']"}
RESULT: {"using":"xpath","value":"//span[text()='Error']"}
COMMAND: POST /session/4bf8232c0472e0a498fe7ae209f3a21b/window/fullscreen - {}
RESULT: {}
COMMAND: POST /session/4bf8232c0472e0a498fe7ae209f3a21b/element - {"using":"xpath","value":"//input[@id=\"application-businessconfigurations-display-component---masterBusinessConfigurations--smartFilterBar-btnBasicSearch-I\"]"}
RESULT: {"using":"xpath","value":"//input[@id=\"application-businessconfigurations-display-component---masterBusinessConfigurations--smartFilterBar-btnBasicSearch-I\"]"}
COMMAND: POST /session/4bf8232c0472e0a498fe7ae209f3a21b/elements - {"using":"xpath","value":"//input[@id=\"application-businessconfigurations-display-component---masterBusinessConfigurations--smartFilterBar-btnBasicSearch-I\"]"}
RESULT: {"using":"xpath","value":"//input[@id=\"application-businessconfigurations-display-component---masterBusinessConfigurations--smartFilterBar-btnBasicSearch-I\"]"}
COMMAND: POST /session/4bf8232c0472e0a498fe7ae209f3a21b/execute/sync - {"script":"<script> [8489 bytes]","args":[{"element-6066-11e4-a52e-4f735466cecf":"f.363B4D137147A2C10141CDA60C7BC6F9.d.6B26D82500DADFDD5EEF92294D31350A.e.8844","ELEMENT":"f.363B4D137147A2C10141CDA60C7BC6F9.d.6B26D82500DADFDD5EEF92294D31350A.e.8844"}]}
RESULT: {"script":"<script> [8489 bytes]","args":[{"element-6066-11e4-a52e-4f735466cecf":"f.363B4D137147A2C10141CDA60C7BC6F9.d.6B26D82500DADFDD5EEF92294D31350A.e.8844","ELEMENT":"f.363B4D137147A2C10141CDA60C7BC6F9.d.6B26D82500DADFDD5EEF92294D31350A.e.8844"}]}
COMMAND: GET /session/4bf8232c0472e0a498fe7ae209f3a21b/element/f.363B4D137147A2C10141CDA60C7BC6F9.d.6B26D82500DADFDD5EEF92294D31350A.e.8844/enabled - {}
COMMAND: GET /session/4bf8232c0472e0a498fe7ae209f3a21b/screenshot - {}
RESULT: {}
COMMAND: POST /session/4bf8232c0472e0a498fe7ae209f3a21b/execute/sync - {"script":"<script> [8489 bytes]","args":[{"element-6066-11e4-a52e-4f735466cecf":"f.363B4D137147A2C10141CDA60C7BC6F9.d.6B26D82500DADFDD5EEF92294D31350A.e.8844","ELEMENT":"f.363B4D137147A2C10141CDA60C7BC6F9.d.6B26D82500DADFDD5EEF92294D31350A.e.8844"}]}
COMMAND: GET /session/4bf8232c0472e0a498fe7ae209f3a21b/screenshot - {}
RESULT: {}
RESULT: {"script":"<script> [8489 bytes]","args":[{"element-6066-11e4-a52e-4f735466cecf":"f.363B4D137147A2C10141CDA60C7BC6F9.d.6B26D82500DADFDD5EEF92294D31350A.e.8844","ELEMENT":"f.363B4D137147A2C10141CDA60C7BC6F9.d.6B26D82500DADFDD5EEF92294D31350A.e.8844"}]}
COMMAND: POST /session/4bf8232c0472e0a498fe7ae209f3a21b/execute/sync - {"script":"<script> [5351 bytes]","args":[{"element-6066-11e4-a52e-4f735466cecf":"f.363B4D137147A2C10141CDA60C7BC6F9.d.6B26D82500DADFDD5EEF92294D31350A.e.8844","ELEMENT":"f.363B4D137147A2C10141CDA60C7BC6F9.d.6B26D82500DADFDD5EEF92294D31350A.e.8844"}]}
COMMAND: GET /session/4bf8232c0472e0a498fe7ae209f3a21b/screenshot - {}
RESULT: {}
RESULT: {"script":"<script> [5351 bytes]","args":[{"element-6066-11e4-a52e-4f735466cecf":"f.363B4D137147A2C10141CDA60C7BC6F9.d.6B26D82500DADFDD5EEF92294D31350A.e.8844","ELEMENT":"f.363B4D137147A2C10141CDA60C7BC6F9.d.6B26D82500DADFDD5EEF92294D31350A.e.8844"}]}
COMMAND: GET /session/4bf8232c0472e0a498fe7ae209f3a21b/screenshot - {}
RESULT: {}
RESULT: {}
COMMAND: POST /session/4bf8232c0472e0a498fe7ae209f3a21b/element - {"using":"xpath","value":"//span[@id=\"application-businessconfigurations-display-component---masterBusinessConfigurations--masterListDataExplorerSmartTable-header-inner\"]"}
RESULT: {"using":"xpath","value":"//span[@id=\"application-businessconfigurations-display-component---masterBusinessConfigurations--masterListDataExplorerSmartTable-header-inner\"]"}
COMMAND: POST /session/4bf8232c0472e0a498fe7ae209f3a21b/elements - {"using":"xpath","value":"//span[@id=\"application-businessconfigurations-display-component---masterBusinessConfigurations--masterListDataExplorerSmartTable-header-inner\"]"}
RESULT: {"using":"xpath","value":"//span[@id=\"application-businessconfigurations-display-component---masterBusinessConfigurations--masterListDataExplorerSmartTable-header-inner\"]"}
COMMAND: POST /session/4bf8232c0472e0a498fe7ae209f3a21b/execute/sync - {"script":"<script> [56 bytes]","args":[{"element-6066-11e4-a52e-4f735466cecf":"f.363B4D137147A2C10141CDA60C7BC6F9.d.6B26D82500DADFDD5EEF92294D31350A.e.8972","ELEMENT":"f.363B4D137147A2C10141CDA60C7BC6F9.d.6B26D82500DADFDD5EEF92294D31350A.e.8972"}]}
RESULT: {"script":"<script> [56 bytes]","args":[{"element-6066-11e4-a52e-4f735466cecf":"f.363B4D137147A2C10141CDA60C7BC6F9.d.6B26D82500DADFDD5EEF92294D31350A.e.8972","ELEMENT":"f.363B4D137147A2C10141CDA60C7BC6F9.d.6B26D82500DADFDD5EEF92294D31350A.e.8972"}]}
COMMAND: POST /session/4bf8232c0472e0a498fe7ae209f3a21b/element/f.363B4D137147A2C10141CDA60C7BC6F9.d.6B26D82500DADFDD5EEF92294D31350A.e.8844/clear - {}
COMMAND: GET /session/4bf8232c0472e0a498fe7ae209f3a21b/screenshot - {}
RESULT: {}
COMMAND: POST /session/4bf8232c0472e0a498fe7ae209f3a21b/element/f.363B4D137147A2C10141CDA60C7BC6F9.d.6B26D82500DADFDD5EEF92294D31350A.e.8844/value - {"text":"NETM_C_BUSINESS_PARTNER_ROLES"}
COMMAND: GET /session/4bf8232c0472e0a498fe7ae209f3a21b/screenshot - {}
RESULT: {}
RESULT: {"text":"NETM_C_BUSINESS_PARTNER_ROLES"}
COMMAND: GET /session/4bf8232c0472e0a498fe7ae209f3a21b/screenshot - {}
RESULT: {}
RESULT: {}
COMMAND: POST /session/4bf8232c0472e0a498fe7ae209f3a21b/actions - {"actions":[{"id":"action25","type":"key","parameters":{},"actions":[{"type":"keyDown","value":"î€‡"},{"type":"pause","duration":10},{"type":"keyUp","value":"î€‡"}]}]}
RESULT: {"actions":[{"id":"action25","type":"key","parameters":{},"actions":[{"type":"keyDown","value":"î€‡"},{"type":"pause","duration":10},{"type":"keyUp","value":"î€‡"}]}]}
COMMAND: GET /session/4bf8232c0472e0a498fe7ae209f3a21b/screenshot - {}
RESULT: {}
COMMAND: POST /session/4bf8232c0472e0a498fe7ae209f3a21b/elements - {"using":"xpath","value":"//table[contains(@id, \"masterListDataExplorerTable-listUl\")]/tbody/tr"}
RESULT: {"using":"xpath","value":"//table[contains(@id, \"masterListDataExplorerTable-listUl\")]/tbody/tr"}
COMMAND: POST /session/4bf8232c0472e0a498fe7ae209f3a21b/element - {"using":"xpath","value":"//table[contains(@id, \"masterListDataExplorerTable-listUl\")]/tbody/tr[2]/td[4]/span"}
RESULT: {"using":"xpath","value":"//table[contains(@id, \"masterListDataExplorerTable-listUl\")]/tbody/tr[2]/td[4]/span"}
COMMAND: POST /session/4bf8232c0472e0a498fe7ae209f3a21b/elements - {"using":"xpath","value":"//table[contains(@id, \"masterListDataExplorerTable-listUl\")]/tbody/tr[2]/td[4]/span"}
RESULT: {"using":"xpath","value":"//table[contains(@id, \"masterListDataExplorerTable-listUl\")]/tbody/tr[2]/td[4]/span"}
COMMAND: POST /session/4bf8232c0472e0a498fe7ae209f3a21b/execute/sync - {"script":"<script> [56 bytes]","args":[{"element-6066-11e4-a52e-4f735466cecf":"f.363B4D137147A2C10141CDA60C7BC6F9.d.6B26D82500DADFDD5EEF92294D31350A.e.8980","ELEMENT":"f.363B4D137147A2C10141CDA60C7BC6F9.d.6B26D82500DADFDD5EEF92294D31350A.e.8980"}]}
RESULT: {"script":"<script> [56 bytes]","args":[{"element-6066-11e4-a52e-4f735466cecf":"f.363B4D137147A2C10141CDA60C7BC6F9.d.6B26D82500DADFDD5EEF92294D31350A.e.8980","ELEMENT":"f.363B4D137147A2C10141CDA60C7BC6F9.d.6B26D82500DADFDD5EEF92294D31350A.e.8980"}]}
COMMAND: POST /session/4bf8232c0472e0a498fe7ae209f3a21b/element - {"using":"xpath","value":"(//span[contains(@id, \"imgNav\")])[1]"}
COMMAND: GET /session/4bf8232c0472e0a498fe7ae209f3a21b/screenshot - {}
RESULT: {"using":"xpath","value":"(//span[contains(@id, \"imgNav\")])[1]"}
COMMAND: POST /session/4bf8232c0472e0a498fe7ae209f3a21b/element/f.363B4D137147A2C10141CDA60C7BC6F9.d.6B26D82500DADFDD5EEF92294D31350A.e.8981/click - {}
RESULT: {}
RESULT: {}
COMMAND: GET /session/4bf8232c0472e0a498fe7ae209f3a21b/screenshot - {}
RESULT: {}
COMMAND: POST /session/4bf8232c0472e0a498fe7ae209f3a21b/element - {"using":"xpath","value":"//bdi[contains(text(), \"Edit\")]"}
RESULT: {"using":"xpath","value":"//bdi[contains(text(), \"Edit\")]"}
COMMAND: POST /session/4bf8232c0472e0a498fe7ae209f3a21b/element/f.363B4D137147A2C10141CDA60C7BC6F9.d.6B26D82500DADFDD5EEF92294D31350A.e.9119/click - {}
RESULT: {}
COMMAND: GET /session/4bf8232c0472e0a498fe7ae209f3a21b/screenshot - {}
RESULT: {}
COMMAND: POST /session/4bf8232c0472e0a498fe7ae209f3a21b/element - {"using":"xpath","value":"//button[contains(@id, \"detailBusinessConfigurations--addButton\")]"}
RESULT: {"using":"xpath","value":"//button[contains(@id, \"detailBusinessConfigurations--addButton\")]"}
COMMAND: POST /session/4bf8232c0472e0a498fe7ae209f3a21b/element/f.363B4D137147A2C10141CDA60C7BC6F9.d.6B26D82500DADFDD5EEF92294D31350A.e.9129/click - {}
RESULT: {}
COMMAND: GET /session/4bf8232c0472e0a498fe7ae209f3a21b/screenshot - {}
RESULT: {}
COMMAND: POST /session/4bf8232c0472e0a498fe7ae209f3a21b/elements - {"using":"xpath","value":"//table[contains(@id, \"detailBusinessConfigurations--detailsTable-listUl\")]/tbody/tr"}
RESULT: {"using":"xpath","value":"//table[contains(@id, \"detailBusinessConfigurations--detailsTable-listUl\")]/tbody/tr"}
COMMAND: POST /session/4bf8232c0472e0a498fe7ae209f3a21b/element - {"using":"xpath","value":"//table[contains(@id, \"detailBusinessConfigurations--detailsTable-listUl\")]/tbody/tr[1]/td[3]/div/div/div/div/input"}
RESULT: {"using":"xpath","value":"//table[contains(@id, \"detailBusinessConfigurations--detailsTable-listUl\")]/tbody/tr[1]/td[3]/div/div/div/div/input"}
COMMAND: POST /session/4bf8232c0472e0a498fe7ae209f3a21b/element/f.363B4D137147A2C10141CDA60C7BC6F9.d.6B26D82500DADFDD5EEF92294D31350A.e.9132/clear - {}
RESULT: {}
COMMAND: POST /session/4bf8232c0472e0a498fe7ae209f3a21b/element/f.363B4D137147A2C10141CDA60C7BC6F9.d.6B26D82500DADFDD5EEF92294D31350A.e.9132/value - {"text":"WebDriver Testy"}
COMMAND: GET /session/4bf8232c0472e0a498fe7ae209f3a21b/screenshot - {}
RESULT: {}
RESULT: {"text":"WebDriver Testy"}
COMMAND: GET /session/4bf8232c0472e0a498fe7ae209f3a21b/screenshot - {}
RESULT: {}
COMMAND: POST /session/4bf8232c0472e0a498fe7ae209f3a21b/element - {"using":"xpath","value":"//button[contains(@id, \"detailBusinessConfigurations--addButton\")]"}
RESULT: {"using":"xpath","value":"//button[contains(@id, \"detailBusinessConfigurations--addButton\")]"}
COMMAND: POST /session/4bf8232c0472e0a498fe7ae209f3a21b/element/f.363B4D137147A2C10141CDA60C7BC6F9.d.6B26D82500DADFDD5EEF92294D31350A.e.9129/click - {}
RESULT: {}
COMMAND: GET /session/4bf8232c0472e0a498fe7ae209f3a21b/screenshot - {}
RESULT: {}
COMMAND: POST /session/4bf8232c0472e0a498fe7ae209f3a21b/element - {"using":"xpath","value":"//table[contains(@id, \"detailBusinessConfigurations--detailsTable-listUl\")]/tbody/tr[1]/td[3]/div/div/div/div/input"}
RESULT: {"using":"xpath","value":"//table[contains(@id, \"detailBusinessConfigurations--detailsTable-listUl\")]/tbody/tr[1]/td[3]/div/div/div/div/input"}
COMMAND: POST /session/4bf8232c0472e0a498fe7ae209f3a21b/element/f.363B4D137147A2C10141CDA60C7BC6F9.d.6B26D82500DADFDD5EEF92294D31350A.e.9145/clear - {}
RESULT: {}
COMMAND: POST /session/4bf8232c0472e0a498fe7ae209f3a21b/element/f.363B4D137147A2C10141CDA60C7BC6F9.d.6B26D82500DADFDD5EEF92294D31350A.e.9145/value - {"text":"WebDriver Testy"}
COMMAND: GET /session/4bf8232c0472e0a498fe7ae209f3a21b/screenshot - {}
RESULT: {"text":"WebDriver Testy"}
COMMAND: GET /session/4bf8232c0472e0a498fe7ae209f3a21b/screenshot - {}
RESULT: {}
RESULT: {}
COMMAND: POST /session/4bf8232c0472e0a498fe7ae209f3a21b/element - {"using":"xpath","value":"//bdi[text()=\"Save\"]"}
RESULT: {"using":"xpath","value":"//bdi[text()=\"Save\"]"}
COMMAND: POST /session/4bf8232c0472e0a498fe7ae209f3a21b/element/f.363B4D137147A2C10141CDA60C7BC6F9.d.6B26D82500DADFDD5EEF92294D31350A.e.9152/click - {}
RESULT: {}
COMMAND: GET /session/4bf8232c0472e0a498fe7ae209f3a21b/screenshot - {}
RESULT: {}
COMMAND: POST /session/4bf8232c0472e0a498fe7ae209f3a21b/element - {"using":"xpath","value":"//span[contains(@class, \"sapMMsgBoxText\")]"}
RESULT: {"using":"xpath","value":"//span[contains(@class, \"sapMMsgBoxText\")]"}
COMMAND: POST /session/4bf8232c0472e0a498fe7ae209f3a21b/elements - {"using":"xpath","value":"//span[contains(@class, \"sapMMsgBoxText\")]"}
RESULT: {"using":"xpath","value":"//span[contains(@class, \"sapMMsgBoxText\")]"}
COMMAND: POST /session/4bf8232c0472e0a498fe7ae209f3a21b/execute/sync - {"script":"<script> [56 bytes]","args":[{"element-6066-11e4-a52e-4f735466cecf":"f.363B4D137147A2C10141CDA60C7BC6F9.d.6B26D82500DADFDD5EEF92294D31350A.e.9170","ELEMENT":"f.363B4D137147A2C10141CDA60C7BC6F9.d.6B26D82500DADFDD5EEF92294D31350A.e.9170"}]}
RESULT: {"script":"<script> [56 bytes]","args":[{"element-6066-11e4-a52e-4f735466cecf":"f.363B4D137147A2C10141CDA60C7BC6F9.d.6B26D82500DADFDD5EEF92294D31350A.e.9170","ELEMENT":"f.363B4D137147A2C10141CDA60C7BC6F9.d.6B26D82500DADFDD5EEF92294D31350A.e.9170"}]}
COMMAND: POST /session/4bf8232c0472e0a498fe7ae209f3a21b/element - {"using":"xpath","value":"//bdi[text()=\"Close\"]"}
COMMAND: GET /session/4bf8232c0472e0a498fe7ae209f3a21b/screenshot - {}
RESULT: {"using":"xpath","value":"//bdi[text()=\"Close\"]"}
COMMAND: POST /session/4bf8232c0472e0a498fe7ae209f3a21b/element/f.363B4D137147A2C10141CDA60C7BC6F9.d.6B26D82500DADFDD5EEF92294D31350A.e.9172/click - {}
RESULT: {}
RESULT: {}
COMMAND: GET /session/4bf8232c0472e0a498fe7ae209f3a21b/screenshot - {}
RESULT: {}
COMMAND: POST /session/4bf8232c0472e0a498fe7ae209f3a21b/element - {"using":"css selector","value":"#shell-header-logo"}
RESULT: {"using":"css selector","value":"#shell-header-logo"}
COMMAND: POST /session/4bf8232c0472e0a498fe7ae209f3a21b/element/f.363B4D137147A2C10141CDA60C7BC6F9.d.6B26D82500DADFDD5EEF92294D31350A.e.8793/click - {}
RESULT: {}
COMMAND: GET /session/4bf8232c0472e0a498fe7ae209f3a21b/screenshot - {}
RESULT: {}
]]></system-out>
    </testcase>
  </testsuite>
  <testsuite timestamp="2025-06-04T05:46:08" time="564.413" tests="4" failures="1" errors="1" skipped="0">
    <properties>
      <property name="specId" value="0" />
      <property name="suiteName" value="Create partner US118246" />
      <property name="capabilities" value="chrome.136_0_7103_93.windows" />
      <property name="file" value="file:///D:/a/1/s/test/specs/BTS/create-partner.spec.js" />
    </properties>
    <testcase classname="chrome.136_0_7103_93.windows.Create_partner_US118246" name="Should create a new yard in case create yard failed" time="135.043">
      <system-out><![CDATA[
COMMAND: POST /session/4bf8232c0472e0a498fe7ae209f3a21b/window/fullscreen - {}
RESULT: {}
COMMAND: POST /session/4bf8232c0472e0a498fe7ae209f3a21b/execute/async - {"script":"<script> [1562 bytes]","args":[{"selector":{"controlType":"sap.m.GenericTile","properties":{"header":"Manage Yards"}},"wdio_ui5_key":"sapm.GenericTile{\"header\":\"Manage Yards\"}"}]}
RESULT: {"script":"<script> [1562 bytes]","args":[{"selector":{"controlType":"sap.m.GenericTile","properties":{"header":"Manage Yards"}},"wdio_ui5_key":"sapm.GenericTile{\"header\":\"Manage Yards\"}"}]}
RESULT: undefined
COMMAND: POST /session/4bf8232c0472e0a498fe7ae209f3a21b/element - {"using":"xpath","value":"//*[@id=\"__tile41\"]"}
RESULT: {"using":"xpath","value":"//*[@id=\"__tile41\"]"}
COMMAND: POST /session/4bf8232c0472e0a498fe7ae209f3a21b/element/f.363B4D137147A2C10141CDA60C7BC6F9.d.68563401057EDF5469AF99C0C8E33891.e.9683/click - {}
RESULT: {}
COMMAND: GET /session/4bf8232c0472e0a498fe7ae209f3a21b/screenshot - {}
RESULT: {}
COMMAND: POST /session/4bf8232c0472e0a498fe7ae209f3a21b/elements - {"using":"xpath","value":"//span[text()='Error']"}
RESULT: {"using":"xpath","value":"//span[text()='Error']"}
COMMAND: POST /session/4bf8232c0472e0a498fe7ae209f3a21b/element - {"using":"xpath","value":"//button[@data-kt=\"addNewYardOverflowToolbarButton\"]"}
RESULT: {"using":"xpath","value":"//button[@data-kt=\"addNewYardOverflowToolbarButton\"]"}
COMMAND: POST /session/4bf8232c0472e0a498fe7ae209f3a21b/elements - {"using":"xpath","value":"//button[@data-kt=\"addNewYardOverflowToolbarButton\"]"}
RESULT: {"using":"xpath","value":"//button[@data-kt=\"addNewYardOverflowToolbarButton\"]"}
COMMAND: POST /session/4bf8232c0472e0a498fe7ae209f3a21b/elements - {"using":"xpath","value":"//button[@data-kt=\"addNewYardOverflowToolbarButton\"]"}
RESULT: {"using":"xpath","value":"//button[@data-kt=\"addNewYardOverflowToolbarButton\"]"}
COMMAND: POST /session/4bf8232c0472e0a498fe7ae209f3a21b/elements - {"using":"xpath","value":"//button[@data-kt=\"addNewYardOverflowToolbarButton\"]"}
RESULT: {"using":"xpath","value":"//button[@data-kt=\"addNewYardOverflowToolbarButton\"]"}
COMMAND: POST /session/4bf8232c0472e0a498fe7ae209f3a21b/elements - {"using":"xpath","value":"//button[@data-kt=\"addNewYardOverflowToolbarButton\"]"}
RESULT: {"using":"xpath","value":"//button[@data-kt=\"addNewYardOverflowToolbarButton\"]"}
COMMAND: POST /session/4bf8232c0472e0a498fe7ae209f3a21b/elements - {"using":"xpath","value":"//button[@data-kt=\"addNewYardOverflowToolbarButton\"]"}
RESULT: {"using":"xpath","value":"//button[@data-kt=\"addNewYardOverflowToolbarButton\"]"}
COMMAND: POST /session/4bf8232c0472e0a498fe7ae209f3a21b/elements - {"using":"xpath","value":"//button[@data-kt=\"addNewYardOverflowToolbarButton\"]"}
RESULT: {"using":"xpath","value":"//button[@data-kt=\"addNewYardOverflowToolbarButton\"]"}
COMMAND: POST /session/4bf8232c0472e0a498fe7ae209f3a21b/elements - {"using":"xpath","value":"//button[@data-kt=\"addNewYardOverflowToolbarButton\"]"}
RESULT: {"using":"xpath","value":"//button[@data-kt=\"addNewYardOverflowToolbarButton\"]"}
COMMAND: POST /session/4bf8232c0472e0a498fe7ae209f3a21b/elements - {"using":"xpath","value":"//button[@data-kt=\"addNewYardOverflowToolbarButton\"]"}
RESULT: {"using":"xpath","value":"//button[@data-kt=\"addNewYardOverflowToolbarButton\"]"}
COMMAND: POST /session/4bf8232c0472e0a498fe7ae209f3a21b/elements - {"using":"xpath","value":"//button[@data-kt=\"addNewYardOverflowToolbarButton\"]"}
RESULT: {"using":"xpath","value":"//button[@data-kt=\"addNewYardOverflowToolbarButton\"]"}
COMMAND: POST /session/4bf8232c0472e0a498fe7ae209f3a21b/elements - {"using":"xpath","value":"//button[@data-kt=\"addNewYardOverflowToolbarButton\"]"}
RESULT: {"using":"xpath","value":"//button[@data-kt=\"addNewYardOverflowToolbarButton\"]"}
COMMAND: POST /session/4bf8232c0472e0a498fe7ae209f3a21b/elements - {"using":"xpath","value":"//button[@data-kt=\"addNewYardOverflowToolbarButton\"]"}
RESULT: {"using":"xpath","value":"//button[@data-kt=\"addNewYardOverflowToolbarButton\"]"}
COMMAND: POST /session/4bf8232c0472e0a498fe7ae209f3a21b/elements - {"using":"xpath","value":"//button[@data-kt=\"addNewYardOverflowToolbarButton\"]"}
RESULT: {"using":"xpath","value":"//button[@data-kt=\"addNewYardOverflowToolbarButton\"]"}
COMMAND: POST /session/4bf8232c0472e0a498fe7ae209f3a21b/elements - {"using":"xpath","value":"//button[@data-kt=\"addNewYardOverflowToolbarButton\"]"}
RESULT: {"using":"xpath","value":"//button[@data-kt=\"addNewYardOverflowToolbarButton\"]"}
COMMAND: POST /session/4bf8232c0472e0a498fe7ae209f3a21b/elements - {"using":"xpath","value":"//button[@data-kt=\"addNewYardOverflowToolbarButton\"]"}
RESULT: {"using":"xpath","value":"//button[@data-kt=\"addNewYardOverflowToolbarButton\"]"}
COMMAND: POST /session/4bf8232c0472e0a498fe7ae209f3a21b/elements - {"using":"xpath","value":"//button[@data-kt=\"addNewYardOverflowToolbarButton\"]"}
RESULT: {"using":"xpath","value":"//button[@data-kt=\"addNewYardOverflowToolbarButton\"]"}
COMMAND: POST /session/4bf8232c0472e0a498fe7ae209f3a21b/elements - {"using":"xpath","value":"//button[@data-kt=\"addNewYardOverflowToolbarButton\"]"}
RESULT: {"using":"xpath","value":"//button[@data-kt=\"addNewYardOverflowToolbarButton\"]"}
COMMAND: POST /session/4bf8232c0472e0a498fe7ae209f3a21b/elements - {"using":"xpath","value":"//button[@data-kt=\"addNewYardOverflowToolbarButton\"]"}
RESULT: {"using":"xpath","value":"//button[@data-kt=\"addNewYardOverflowToolbarButton\"]"}
COMMAND: POST /session/4bf8232c0472e0a498fe7ae209f3a21b/elements - {"using":"xpath","value":"//button[@data-kt=\"addNewYardOverflowToolbarButton\"]"}
RESULT: {"using":"xpath","value":"//button[@data-kt=\"addNewYardOverflowToolbarButton\"]"}
COMMAND: POST /session/4bf8232c0472e0a498fe7ae209f3a21b/elements - {"using":"xpath","value":"//button[@data-kt=\"addNewYardOverflowToolbarButton\"]"}
RESULT: {"using":"xpath","value":"//button[@data-kt=\"addNewYardOverflowToolbarButton\"]"}
COMMAND: POST /session/4bf8232c0472e0a498fe7ae209f3a21b/elements - {"using":"xpath","value":"//button[@data-kt=\"addNewYardOverflowToolbarButton\"]"}
RESULT: {"using":"xpath","value":"//button[@data-kt=\"addNewYardOverflowToolbarButton\"]"}
COMMAND: POST /session/4bf8232c0472e0a498fe7ae209f3a21b/elements - {"using":"xpath","value":"//button[@data-kt=\"addNewYardOverflowToolbarButton\"]"}
RESULT: {"using":"xpath","value":"//button[@data-kt=\"addNewYardOverflowToolbarButton\"]"}
COMMAND: POST /session/4bf8232c0472e0a498fe7ae209f3a21b/elements - {"using":"xpath","value":"//button[@data-kt=\"addNewYardOverflowToolbarButton\"]"}
RESULT: {"using":"xpath","value":"//button[@data-kt=\"addNewYardOverflowToolbarButton\"]"}
COMMAND: POST /session/4bf8232c0472e0a498fe7ae209f3a21b/elements - {"using":"xpath","value":"//button[@data-kt=\"addNewYardOverflowToolbarButton\"]"}
RESULT: {"using":"xpath","value":"//button[@data-kt=\"addNewYardOverflowToolbarButton\"]"}
COMMAND: POST /session/4bf8232c0472e0a498fe7ae209f3a21b/elements - {"using":"xpath","value":"//button[@data-kt=\"addNewYardOverflowToolbarButton\"]"}
RESULT: {"using":"xpath","value":"//button[@data-kt=\"addNewYardOverflowToolbarButton\"]"}
COMMAND: POST /session/4bf8232c0472e0a498fe7ae209f3a21b/elements - {"using":"xpath","value":"//button[@data-kt=\"addNewYardOverflowToolbarButton\"]"}
RESULT: {"using":"xpath","value":"//button[@data-kt=\"addNewYardOverflowToolbarButton\"]"}
COMMAND: POST /session/4bf8232c0472e0a498fe7ae209f3a21b/elements - {"using":"xpath","value":"//button[@data-kt=\"addNewYardOverflowToolbarButton\"]"}
RESULT: {"using":"xpath","value":"//button[@data-kt=\"addNewYardOverflowToolbarButton\"]"}
COMMAND: POST /session/4bf8232c0472e0a498fe7ae209f3a21b/elements - {"using":"xpath","value":"//button[@data-kt=\"addNewYardOverflowToolbarButton\"]"}
RESULT: {"using":"xpath","value":"//button[@data-kt=\"addNewYardOverflowToolbarButton\"]"}
COMMAND: POST /session/4bf8232c0472e0a498fe7ae209f3a21b/elements - {"using":"xpath","value":"//button[@data-kt=\"addNewYardOverflowToolbarButton\"]"}
RESULT: {"using":"xpath","value":"//button[@data-kt=\"addNewYardOverflowToolbarButton\"]"}
COMMAND: POST /session/4bf8232c0472e0a498fe7ae209f3a21b/elements - {"using":"xpath","value":"//button[@data-kt=\"addNewYardOverflowToolbarButton\"]"}
RESULT: {"using":"xpath","value":"//button[@data-kt=\"addNewYardOverflowToolbarButton\"]"}
COMMAND: POST /session/4bf8232c0472e0a498fe7ae209f3a21b/elements - {"using":"xpath","value":"//button[@data-kt=\"addNewYardOverflowToolbarButton\"]"}
RESULT: {"using":"xpath","value":"//button[@data-kt=\"addNewYardOverflowToolbarButton\"]"}
COMMAND: POST /session/4bf8232c0472e0a498fe7ae209f3a21b/elements - {"using":"xpath","value":"//button[@data-kt=\"addNewYardOverflowToolbarButton\"]"}
RESULT: {"using":"xpath","value":"//button[@data-kt=\"addNewYardOverflowToolbarButton\"]"}
COMMAND: POST /session/4bf8232c0472e0a498fe7ae209f3a21b/elements - {"using":"xpath","value":"//button[@data-kt=\"addNewYardOverflowToolbarButton\"]"}
RESULT: {"using":"xpath","value":"//button[@data-kt=\"addNewYardOverflowToolbarButton\"]"}
COMMAND: POST /session/4bf8232c0472e0a498fe7ae209f3a21b/elements - {"using":"xpath","value":"//button[@data-kt=\"addNewYardOverflowToolbarButton\"]"}
RESULT: {"using":"xpath","value":"//button[@data-kt=\"addNewYardOverflowToolbarButton\"]"}
COMMAND: POST /session/4bf8232c0472e0a498fe7ae209f3a21b/elements - {"using":"xpath","value":"//button[@data-kt=\"addNewYardOverflowToolbarButton\"]"}
RESULT: {"using":"xpath","value":"//button[@data-kt=\"addNewYardOverflowToolbarButton\"]"}
COMMAND: POST /session/4bf8232c0472e0a498fe7ae209f3a21b/elements - {"using":"xpath","value":"//button[@data-kt=\"addNewYardOverflowToolbarButton\"]"}
RESULT: {"using":"xpath","value":"//button[@data-kt=\"addNewYardOverflowToolbarButton\"]"}
COMMAND: POST /session/4bf8232c0472e0a498fe7ae209f3a21b/elements - {"using":"xpath","value":"//button[@data-kt=\"addNewYardOverflowToolbarButton\"]"}
RESULT: {"using":"xpath","value":"//button[@data-kt=\"addNewYardOverflowToolbarButton\"]"}
COMMAND: POST /session/4bf8232c0472e0a498fe7ae209f3a21b/elements - {"using":"xpath","value":"//button[@data-kt=\"addNewYardOverflowToolbarButton\"]"}
RESULT: {"using":"xpath","value":"//button[@data-kt=\"addNewYardOverflowToolbarButton\"]"}
COMMAND: POST /session/4bf8232c0472e0a498fe7ae209f3a21b/elements - {"using":"xpath","value":"//button[@data-kt=\"addNewYardOverflowToolbarButton\"]"}
RESULT: {"using":"xpath","value":"//button[@data-kt=\"addNewYardOverflowToolbarButton\"]"}
COMMAND: POST /session/4bf8232c0472e0a498fe7ae209f3a21b/elements - {"using":"xpath","value":"//button[@data-kt=\"addNewYardOverflowToolbarButton\"]"}
RESULT: {"using":"xpath","value":"//button[@data-kt=\"addNewYardOverflowToolbarButton\"]"}
COMMAND: POST /session/4bf8232c0472e0a498fe7ae209f3a21b/elements - {"using":"xpath","value":"//button[@data-kt=\"addNewYardOverflowToolbarButton\"]"}
RESULT: {"using":"xpath","value":"//button[@data-kt=\"addNewYardOverflowToolbarButton\"]"}
COMMAND: POST /session/4bf8232c0472e0a498fe7ae209f3a21b/elements - {"using":"xpath","value":"//button[@data-kt=\"addNewYardOverflowToolbarButton\"]"}
RESULT: {"using":"xpath","value":"//button[@data-kt=\"addNewYardOverflowToolbarButton\"]"}
COMMAND: POST /session/4bf8232c0472e0a498fe7ae209f3a21b/element - {"using":"xpath","value":"//button[@data-kt=\"addNewYardOverflowToolbarButton\"]"}
RESULT: {"using":"xpath","value":"//button[@data-kt=\"addNewYardOverflowToolbarButton\"]"}
COMMAND: POST /session/4bf8232c0472e0a498fe7ae209f3a21b/execute/sync - {"script":"<script> [8489 bytes]","args":[{"element-6066-11e4-a52e-4f735466cecf":"f.363B4D137147A2C10141CDA60C7BC6F9.d.68563401057EDF5469AF99C0C8E33891.e.9809","ELEMENT":"f.363B4D137147A2C10141CDA60C7BC6F9.d.68563401057EDF5469AF99C0C8E33891.e.9809"}]}
RESULT: {"script":"<script> [8489 bytes]","args":[{"element-6066-11e4-a52e-4f735466cecf":"f.363B4D137147A2C10141CDA60C7BC6F9.d.68563401057EDF5469AF99C0C8E33891.e.9809","ELEMENT":"f.363B4D137147A2C10141CDA60C7BC6F9.d.68563401057EDF5469AF99C0C8E33891.e.9809"}]}
COMMAND: GET /session/4bf8232c0472e0a498fe7ae209f3a21b/element/f.363B4D137147A2C10141CDA60C7BC6F9.d.68563401057EDF5469AF99C0C8E33891.e.9809/enabled - {}
COMMAND: GET /session/4bf8232c0472e0a498fe7ae209f3a21b/screenshot - {}
RESULT: {}
COMMAND: POST /session/4bf8232c0472e0a498fe7ae209f3a21b/execute/sync - {"script":"<script> [8489 bytes]","args":[{"element-6066-11e4-a52e-4f735466cecf":"f.363B4D137147A2C10141CDA60C7BC6F9.d.68563401057EDF5469AF99C0C8E33891.e.9809","ELEMENT":"f.363B4D137147A2C10141CDA60C7BC6F9.d.68563401057EDF5469AF99C0C8E33891.e.9809"}]}
COMMAND: GET /session/4bf8232c0472e0a498fe7ae209f3a21b/screenshot - {}
RESULT: {}
RESULT: {"script":"<script> [8489 bytes]","args":[{"element-6066-11e4-a52e-4f735466cecf":"f.363B4D137147A2C10141CDA60C7BC6F9.d.68563401057EDF5469AF99C0C8E33891.e.9809","ELEMENT":"f.363B4D137147A2C10141CDA60C7BC6F9.d.68563401057EDF5469AF99C0C8E33891.e.9809"}]}
COMMAND: POST /session/4bf8232c0472e0a498fe7ae209f3a21b/execute/sync - {"script":"<script> [5351 bytes]","args":[{"element-6066-11e4-a52e-4f735466cecf":"f.363B4D137147A2C10141CDA60C7BC6F9.d.68563401057EDF5469AF99C0C8E33891.e.9809","ELEMENT":"f.363B4D137147A2C10141CDA60C7BC6F9.d.68563401057EDF5469AF99C0C8E33891.e.9809"}]}
COMMAND: GET /session/4bf8232c0472e0a498fe7ae209f3a21b/screenshot - {}
RESULT: {}
RESULT: {"script":"<script> [5351 bytes]","args":[{"element-6066-11e4-a52e-4f735466cecf":"f.363B4D137147A2C10141CDA60C7BC6F9.d.68563401057EDF5469AF99C0C8E33891.e.9809","ELEMENT":"f.363B4D137147A2C10141CDA60C7BC6F9.d.68563401057EDF5469AF99C0C8E33891.e.9809"}]}
COMMAND: POST /session/4bf8232c0472e0a498fe7ae209f3a21b/element/f.363B4D137147A2C10141CDA60C7BC6F9.d.68563401057EDF5469AF99C0C8E33891.e.9809/click - {}
COMMAND: GET /session/4bf8232c0472e0a498fe7ae209f3a21b/screenshot - {}
RESULT: {}
RESULT: {}
COMMAND: GET /session/4bf8232c0472e0a498fe7ae209f3a21b/screenshot - {}
RESULT: {}
RESULT: {}
COMMAND: POST /session/4bf8232c0472e0a498fe7ae209f3a21b/element - {"using":"xpath","value":"//input[@id=\"application-manageyards-display-component---NewYard--yardId-inner\"]"}
RESULT: {"using":"xpath","value":"//input[@id=\"application-manageyards-display-component---NewYard--yardId-inner\"]"}
COMMAND: POST /session/4bf8232c0472e0a498fe7ae209f3a21b/element - {"using":"xpath","value":"//input[@id=\"application-manageyards-display-component---NewYard--yardId-inner\"]"}
RESULT: {"using":"xpath","value":"//input[@id=\"application-manageyards-display-component---NewYard--yardId-inner\"]"}
COMMAND: POST /session/4bf8232c0472e0a498fe7ae209f3a21b/execute/async - {"script":"<script> [1562 bytes]","args":[{"selector":{"id":"application-manageyards-display-component---NewYard--addressDetailDetailsName1","interaction":{"idSuffix":"inner"}},"wdio_ui5_key":"applicationmanageyards-display-component---NewYard--addressDetailDetailsName1"}]}
RESULT: {"script":"<script> [1562 bytes]","args":[{"selector":{"id":"application-manageyards-display-component---NewYard--addressDetailDetailsName1","interaction":{"idSuffix":"inner"}},"wdio_ui5_key":"applicationmanageyards-display-component---NewYard--addressDetailDetailsName1"}]}
RESULT: undefined
COMMAND: POST /session/4bf8232c0472e0a498fe7ae209f3a21b/execute/async - {"script":"<script> [776 bytes]","args":[{"enterText":"Intracompany Yard wdIO","selector":{"id":"application-manageyards-display-component---NewYard--addressDetailDetailsName1","interaction":{"idSuffix":"inner"}},"clearTextFirst":true,"interactionType":"ENTER_TEXT"}]}
RESULT: {"script":"<script> [776 bytes]","args":[{"enterText":"Intracompany Yard wdIO","selector":{"id":"application-manageyards-display-component---NewYard--addressDetailDetailsName1","interaction":{"idSuffix":"inner"}},"clearTextFirst":true,"interactionType":"ENTER_TEXT"}]}
COMMAND: POST /session/4bf8232c0472e0a498fe7ae209f3a21b/execute/async - {"script":"<script> [1562 bytes]","args":[{"selector":{"id":"application-manageyards-display-component---NewYard--addressDetailDetailsLanguage-arrow"},"wdio_ui5_key":"applicationmanageyards-display-component---NewYard--addressDetailDetailsLanguage-arrow"}]}
RESULT: {"script":"<script> [1562 bytes]","args":[{"selector":{"id":"application-manageyards-display-component---NewYard--addressDetailDetailsLanguage-arrow"},"wdio_ui5_key":"applicationmanageyards-display-component---NewYard--addressDetailDetailsLanguage-arrow"}]}
RESULT: undefined
COMMAND: POST /session/4bf8232c0472e0a498fe7ae209f3a21b/element - {"using":"xpath","value":"//*[@id=\"application-manageyards-display-component---NewYard--addressDetailDetailsLanguage-arrow\"]"}
RESULT: {"using":"xpath","value":"//*[@id=\"application-manageyards-display-component---NewYard--addressDetailDetailsLanguage-arrow\"]"}
COMMAND: POST /session/4bf8232c0472e0a498fe7ae209f3a21b/element/f.363B4D137147A2C10141CDA60C7BC6F9.d.68563401057EDF5469AF99C0C8E33891.e.10240/click - {}
RESULT: {}
COMMAND: POST /session/4bf8232c0472e0a498fe7ae209f3a21b/element - {"using":"xpath","value":"//span[contains(text(), \"English\")]"}
COMMAND: GET /session/4bf8232c0472e0a498fe7ae209f3a21b/screenshot - {}
RESULT: {"using":"xpath","value":"//span[contains(text(), \"English\")]"}
COMMAND: POST /session/4bf8232c0472e0a498fe7ae209f3a21b/element/f.363B4D137147A2C10141CDA60C7BC6F9.d.68563401057EDF5469AF99C0C8E33891.e.10241/click - {}
RESULT: {}
RESULT: {}
COMMAND: POST /session/4bf8232c0472e0a498fe7ae209f3a21b/execute/async - {"script":"<script> [1562 bytes]","args":[{"selector":{"id":"application-manageyards-display-component---NewYard--addressDetailDetailsCity1","interaction":{"idSuffix":"inner"}},"wdio_ui5_key":"applicationmanageyards-display-component---NewYard--addressDetailDetailsCity1"}]}
COMMAND: GET /session/4bf8232c0472e0a498fe7ae209f3a21b/screenshot - {}
RESULT: {"script":"<script> [1562 bytes]","args":[{"selector":{"id":"application-manageyards-display-component---NewYard--addressDetailDetailsCity1","interaction":{"idSuffix":"inner"}},"wdio_ui5_key":"applicationmanageyards-display-component---NewYard--addressDetailDetailsCity1"}]}
RESULT: undefined
COMMAND: POST /session/4bf8232c0472e0a498fe7ae209f3a21b/execute/async - {"script":"<script> [776 bytes]","args":[{"enterText":"Rosario","selector":{"id":"application-manageyards-display-component---NewYard--addressDetailDetailsCity1","interaction":{"idSuffix":"inner"}},"clearTextFirst":true,"interactionType":"ENTER_TEXT"}]}
RESULT: {}
RESULT: {"script":"<script> [776 bytes]","args":[{"enterText":"Rosario","selector":{"id":"application-manageyards-display-component---NewYard--addressDetailDetailsCity1","interaction":{"idSuffix":"inner"}},"clearTextFirst":true,"interactionType":"ENTER_TEXT"}]}
COMMAND: POST /session/4bf8232c0472e0a498fe7ae209f3a21b/execute/async - {"script":"<script> [1562 bytes]","args":[{"selector":{"id":"application-manageyards-display-component---NewYard--addressDetailDetailsCountry-arrow"},"wdio_ui5_key":"applicationmanageyards-display-component---NewYard--addressDetailDetailsCountry-arrow"}]}
RESULT: {"script":"<script> [1562 bytes]","args":[{"selector":{"id":"application-manageyards-display-component---NewYard--addressDetailDetailsCountry-arrow"},"wdio_ui5_key":"applicationmanageyards-display-component---NewYard--addressDetailDetailsCountry-arrow"}]}
RESULT: undefined
COMMAND: POST /session/4bf8232c0472e0a498fe7ae209f3a21b/element - {"using":"xpath","value":"//*[@id=\"application-manageyards-display-component---NewYard--addressDetailDetailsCountry-arrow\"]"}
RESULT: {"using":"xpath","value":"//*[@id=\"application-manageyards-display-component---NewYard--addressDetailDetailsCountry-arrow\"]"}
COMMAND: POST /session/4bf8232c0472e0a498fe7ae209f3a21b/element/f.363B4D137147A2C10141CDA60C7BC6F9.d.68563401057EDF5469AF99C0C8E33891.e.10243/click - {}
RESULT: {}
COMMAND: POST /session/4bf8232c0472e0a498fe7ae209f3a21b/element - {"using":"xpath","value":"//span[contains(text(), \"Argentina\")]"}
COMMAND: GET /session/4bf8232c0472e0a498fe7ae209f3a21b/screenshot - {}
RESULT: {"using":"xpath","value":"//span[contains(text(), \"Argentina\")]"}
COMMAND: POST /session/4bf8232c0472e0a498fe7ae209f3a21b/element/f.363B4D137147A2C10141CDA60C7BC6F9.d.68563401057EDF5469AF99C0C8E33891.e.10244/click - {}
RESULT: {}
RESULT: {}
COMMAND: POST /session/4bf8232c0472e0a498fe7ae209f3a21b/execute/async - {"script":"<script> [1562 bytes]","args":[{"selector":{"id":"application-manageyards-display-component---NewYard--addressEditDetailsCostObjectCstType-arrow"},"wdio_ui5_key":"applicationmanageyards-display-component---NewYard--addressEditDetailsCostObjectCstType-arrow"}]}
COMMAND: GET /session/4bf8232c0472e0a498fe7ae209f3a21b/screenshot - {}
RESULT: {"script":"<script> [1562 bytes]","args":[{"selector":{"id":"application-manageyards-display-component---NewYard--addressEditDetailsCostObjectCstType-arrow"},"wdio_ui5_key":"applicationmanageyards-display-component---NewYard--addressEditDetailsCostObjectCstType-arrow"}]}
RESULT: undefined
COMMAND: POST /session/4bf8232c0472e0a498fe7ae209f3a21b/element - {"using":"xpath","value":"//*[@id=\"application-manageyards-display-component---NewYard--addressEditDetailsCostObjectCstType-arrow\"]"}
RESULT: {}
RESULT: {"using":"xpath","value":"//*[@id=\"application-manageyards-display-component---NewYard--addressEditDetailsCostObjectCstType-arrow\"]"}
COMMAND: POST /session/4bf8232c0472e0a498fe7ae209f3a21b/element/f.363B4D137147A2C10141CDA60C7BC6F9.d.68563401057EDF5469AF99C0C8E33891.e.10246/click - {}
RESULT: {}
COMMAND: POST /session/4bf8232c0472e0a498fe7ae209f3a21b/element - {"using":"xpath","value":"//span[contains(text(), \"Cost Center\")]"}
COMMAND: GET /session/4bf8232c0472e0a498fe7ae209f3a21b/screenshot - {}
RESULT: {"using":"xpath","value":"//span[contains(text(), \"Cost Center\")]"}
COMMAND: POST /session/4bf8232c0472e0a498fe7ae209f3a21b/element/f.363B4D137147A2C10141CDA60C7BC6F9.d.68563401057EDF5469AF99C0C8E33891.e.10247/click - {}
RESULT: {}
RESULT: {}
COMMAND: GET /session/4bf8232c0472e0a498fe7ae209f3a21b/screenshot - {}
RESULT: {}
COMMAND: POST /session/4bf8232c0472e0a498fe7ae209f3a21b/element - {"using":"xpath","value":"//span[@id=\"application-manageyards-display-component---NewYard--addressNewCostObjectCstID-vhi\"]"}
RESULT: {"using":"xpath","value":"//span[@id=\"application-manageyards-display-component---NewYard--addressNewCostObjectCstID-vhi\"]"}
COMMAND: POST /session/4bf8232c0472e0a498fe7ae209f3a21b/execute/sync - {"script":"<script> [8489 bytes]","args":[{"element-6066-11e4-a52e-4f735466cecf":"f.363B4D137147A2C10141CDA60C7BC6F9.d.68563401057EDF5469AF99C0C8E33891.e.10251","ELEMENT":"f.363B4D137147A2C10141CDA60C7BC6F9.d.68563401057EDF5469AF99C0C8E33891.e.10251"}]}
RESULT: {"script":"<script> [8489 bytes]","args":[{"element-6066-11e4-a52e-4f735466cecf":"f.363B4D137147A2C10141CDA60C7BC6F9.d.68563401057EDF5469AF99C0C8E33891.e.10251","ELEMENT":"f.363B4D137147A2C10141CDA60C7BC6F9.d.68563401057EDF5469AF99C0C8E33891.e.10251"}]}
COMMAND: POST /session/4bf8232c0472e0a498fe7ae209f3a21b/execute/async - {"script":"<script> [1562 bytes]","args":[{"selector":{"id":"application-manageyards-display-component---NewYard--addressNewCostObjectCstID-vhi"},"wdio_ui5_key":"applicationmanageyards-display-component---NewYard--addressNewCostObjectCstID-vhi"}]}
COMMAND: GET /session/4bf8232c0472e0a498fe7ae209f3a21b/screenshot - {}
RESULT: {"script":"<script> [1562 bytes]","args":[{"selector":{"id":"application-manageyards-display-component---NewYard--addressNewCostObjectCstID-vhi"},"wdio_ui5_key":"applicationmanageyards-display-component---NewYard--addressNewCostObjectCstID-vhi"}]}
RESULT: undefined
COMMAND: POST /session/4bf8232c0472e0a498fe7ae209f3a21b/element - {"using":"xpath","value":"//*[@id=\"application-manageyards-display-component---NewYard--addressNewCostObjectCstID-vhi\"]"}
RESULT: {}
RESULT: {"using":"xpath","value":"//*[@id=\"application-manageyards-display-component---NewYard--addressNewCostObjectCstID-vhi\"]"}
COMMAND: POST /session/4bf8232c0472e0a498fe7ae209f3a21b/element/f.363B4D137147A2C10141CDA60C7BC6F9.d.68563401057EDF5469AF99C0C8E33891.e.10251/click - {}
RESULT: {}
COMMAND: GET /session/4bf8232c0472e0a498fe7ae209f3a21b/screenshot - {}
RESULT: {}
COMMAND: POST /session/4bf8232c0472e0a498fe7ae209f3a21b/execute/async - {"script":"<script> [1562 bytes]","args":[{"selector":{"controlType":"sap.m.SearchField","properties":{"placeholder":"Search"},"searchOpenDialogs":true,"interaction":{"idSuffix":"I"}},"wdio_ui5_key":"sapm.SearchField{\"placeholder\":\"Search\"}"}]}
RESULT: {"script":"<script> [1562 bytes]","args":[{"selector":{"controlType":"sap.m.SearchField","properties":{"placeholder":"Search"},"searchOpenDialogs":true,"interaction":{"idSuffix":"I"}},"wdio_ui5_key":"sapm.SearchField{\"placeholder\":\"Search\"}"}]}
RESULT: undefined
COMMAND: POST /session/4bf8232c0472e0a498fe7ae209f3a21b/execute/async - {"script":"<script> [776 bytes]","args":[{"enterText":"bauh_b","selector":{"controlType":"sap.m.SearchField","properties":{"placeholder":"Search"},"searchOpenDialogs":true,"interaction":{"idSuffix":"I"}},"clearTextFirst":true,"interactionType":"ENTER_TEXT"}]}
RESULT: {"script":"<script> [776 bytes]","args":[{"enterText":"bauh_b","selector":{"controlType":"sap.m.SearchField","properties":{"placeholder":"Search"},"searchOpenDialogs":true,"interaction":{"idSuffix":"I"}},"clearTextFirst":true,"interactionType":"ENTER_TEXT"}]}
COMMAND: POST /session/4bf8232c0472e0a498fe7ae209f3a21b/actions - {"actions":[{"id":"action30","type":"key","parameters":{},"actions":[{"type":"keyDown","value":"î€‡"},{"type":"pause","duration":10},{"type":"keyUp","value":"î€‡"}]}]}
RESULT: {"actions":[{"id":"action30","type":"key","parameters":{},"actions":[{"type":"keyDown","value":"î€‡"},{"type":"pause","duration":10},{"type":"keyUp","value":"î€‡"}]}]}
COMMAND: GET /session/4bf8232c0472e0a498fe7ae209f3a21b/screenshot - {}
RESULT: {}
COMMAND: POST /session/4bf8232c0472e0a498fe7ae209f3a21b/element - {"using":"xpath","value":"//span[contains(text(), \"Demo Yard\")]"}
RESULT: {"using":"xpath","value":"//span[contains(text(), \"Demo Yard\")]"}
COMMAND: POST /session/4bf8232c0472e0a498fe7ae209f3a21b/element/f.363B4D137147A2C10141CDA60C7BC6F9.d.68563401057EDF5469AF99C0C8E33891.e.10291/click - {}
RESULT: {}
COMMAND: GET /session/4bf8232c0472e0a498fe7ae209f3a21b/screenshot - {}
RESULT: {}
COMMAND: POST /session/4bf8232c0472e0a498fe7ae209f3a21b/element - {"using":"xpath","value":"//bdi[contains(text(), \"OK\")]"}
RESULT: {"using":"xpath","value":"//bdi[contains(text(), \"OK\")]"}
COMMAND: POST /session/4bf8232c0472e0a498fe7ae209f3a21b/element/f.363B4D137147A2C10141CDA60C7BC6F9.d.68563401057EDF5469AF99C0C8E33891.e.10292/click - {}
RESULT: {}
COMMAND: GET /session/4bf8232c0472e0a498fe7ae209f3a21b/screenshot - {}
RESULT: {}
COMMAND: POST /session/4bf8232c0472e0a498fe7ae209f3a21b/execute/async - {"script":"<script> [1562 bytes]","args":[{"selector":{"id":"application-manageyards-display-component---NewYard--addressEditDetailsCurrency-arrow"},"wdio_ui5_key":"applicationmanageyards-display-component---NewYard--addressEditDetailsCurrency-arrow"}]}
RESULT: {"script":"<script> [1562 bytes]","args":[{"selector":{"id":"application-manageyards-display-component---NewYard--addressEditDetailsCurrency-arrow"},"wdio_ui5_key":"applicationmanageyards-display-component---NewYard--addressEditDetailsCurrency-arrow"}]}
RESULT: undefined
COMMAND: POST /session/4bf8232c0472e0a498fe7ae209f3a21b/element - {"using":"xpath","value":"//*[@id=\"application-manageyards-display-component---NewYard--addressEditDetailsCurrency-arrow\"]"}
RESULT: {"using":"xpath","value":"//*[@id=\"application-manageyards-display-component---NewYard--addressEditDetailsCurrency-arrow\"]"}
COMMAND: POST /session/4bf8232c0472e0a498fe7ae209f3a21b/element/f.363B4D137147A2C10141CDA60C7BC6F9.d.68563401057EDF5469AF99C0C8E33891.e.10295/click - {}
RESULT: {}
COMMAND: POST /session/4bf8232c0472e0a498fe7ae209f3a21b/element - {"using":"xpath","value":"//span[contains(text(), \"Euro\")]"}
COMMAND: GET /session/4bf8232c0472e0a498fe7ae209f3a21b/screenshot - {}
RESULT: {"using":"xpath","value":"//span[contains(text(), \"Euro\")]"}
COMMAND: POST /session/4bf8232c0472e0a498fe7ae209f3a21b/element/f.363B4D137147A2C10141CDA60C7BC6F9.d.68563401057EDF5469AF99C0C8E33891.e.10296/click - {}
RESULT: {}
RESULT: {}
COMMAND: POST /session/4bf8232c0472e0a498fe7ae209f3a21b/execute/async - {"script":"<script> [1562 bytes]","args":[{"selector":{"controlType":"sap.m.Input","viewName":"etm.portal.ui.manageyards.view.New","viewId":"application-manageyards-display-component---NewYard","bindingPath":{"path":"","propertyPath":"/CONTROLLING_AREA","modelName":"NewYardModel"},"interaction":{"idSuffix":"inner"}},"wdio_ui5_key":"etmportal.ui.manageyards.view.Newsap.m.Input{\"path\":\"\",\"propertyPath\":\"/CONTROLLING_AREA\",\"modelName\":\"NewYardModel\"}"}]}
COMMAND: GET /session/4bf8232c0472e0a498fe7ae209f3a21b/screenshot - {}
RESULT: {"script":"<script> [1562 bytes]","args":[{"selector":{"controlType":"sap.m.Input","viewName":"etm.portal.ui.manageyards.view.New","viewId":"application-manageyards-display-component---NewYard","bindingPath":{"path":"","propertyPath":"/CONTROLLING_AREA","modelName":"NewYardModel"},"interaction":{"idSuffix":"inner"}},"wdio_ui5_key":"etmportal.ui.manageyards.view.Newsap.m.Input{\"path\":\"\",\"propertyPath\":\"/CONTROLLING_AREA\",\"modelName\":\"NewYardModel\"}"}]}
RESULT: undefined
COMMAND: POST /session/4bf8232c0472e0a498fe7ae209f3a21b/execute/async - {"script":"<script> [776 bytes]","args":[{"enterText":"Z001","selector":{"controlType":"sap.m.Input","viewName":"etm.portal.ui.manageyards.view.New","viewId":"application-manageyards-display-component---NewYard","bindingPath":{"path":"","propertyPath":"/CONTROLLING_AREA","modelName":"NewYardModel"},"interaction":{"idSuffix":"inner"}},"clearTextFirst":true,"interactionType":"ENTER_TEXT"}]}
RESULT: {}
RESULT: {"script":"<script> [776 bytes]","args":[{"enterText":"Z001","selector":{"controlType":"sap.m.Input","viewName":"etm.portal.ui.manageyards.view.New","viewId":"application-manageyards-display-component---NewYard","bindingPath":{"path":"","propertyPath":"/CONTROLLING_AREA","modelName":"NewYardModel"},"interaction":{"idSuffix":"inner"}},"clearTextFirst":true,"interactionType":"ENTER_TEXT"}]}
COMMAND: POST /session/4bf8232c0472e0a498fe7ae209f3a21b/execute/async - {"script":"<script> [1562 bytes]","args":[{"selector":{"id":"application-manageyards-display-component---NewYard--companyCodeComboBox","interaction":{"idSuffix":"inner"}},"wdio_ui5_key":"applicationmanageyards-display-component---NewYard--companyCodeComboBox"}]}
RESULT: {"script":"<script> [1562 bytes]","args":[{"selector":{"id":"application-manageyards-display-component---NewYard--companyCodeComboBox","interaction":{"idSuffix":"inner"}},"wdio_ui5_key":"applicationmanageyards-display-component---NewYard--companyCodeComboBox"}]}
RESULT: undefined
COMMAND: POST /session/4bf8232c0472e0a498fe7ae209f3a21b/execute/async - {"script":"<script> [776 bytes]","args":[{"enterText":"1000","selector":{"id":"application-manageyards-display-component---NewYard--companyCodeComboBox","interaction":{"idSuffix":"inner"}},"clearTextFirst":true,"interactionType":"ENTER_TEXT"}]}
RESULT: {"script":"<script> [776 bytes]","args":[{"enterText":"1000","selector":{"id":"application-manageyards-display-component---NewYard--companyCodeComboBox","interaction":{"idSuffix":"inner"}},"clearTextFirst":true,"interactionType":"ENTER_TEXT"}]}
COMMAND: POST /session/4bf8232c0472e0a498fe7ae209f3a21b/execute/async - {"script":"<script> [1562 bytes]","args":[{"selector":{"controlType":"sap.m.Input","viewName":"etm.portal.ui.manageyards.view.New","viewId":"application-manageyards-display-component---NewYard","bindingPath":{"path":"","propertyPath":"/PLANT","modelName":"NewYardModel"},"interaction":{"idSuffix":"inner"}},"wdio_ui5_key":"etmportal.ui.manageyards.view.Newsap.m.Input{\"path\":\"\",\"propertyPath\":\"/PLANT\",\"modelName\":\"NewYardModel\"}"}]}
RESULT: {"script":"<script> [1562 bytes]","args":[{"selector":{"controlType":"sap.m.Input","viewName":"etm.portal.ui.manageyards.view.New","viewId":"application-manageyards-display-component---NewYard","bindingPath":{"path":"","propertyPath":"/PLANT","modelName":"NewYardModel"},"interaction":{"idSuffix":"inner"}},"wdio_ui5_key":"etmportal.ui.manageyards.view.Newsap.m.Input{\"path\":\"\",\"propertyPath\":\"/PLANT\",\"modelName\":\"NewYardModel\"}"}]}
RESULT: undefined
COMMAND: POST /session/4bf8232c0472e0a498fe7ae209f3a21b/execute/async - {"script":"<script> [776 bytes]","args":[{"enterText":"1001","selector":{"controlType":"sap.m.Input","viewName":"etm.portal.ui.manageyards.view.New","viewId":"application-manageyards-display-component---NewYard","bindingPath":{"path":"","propertyPath":"/PLANT","modelName":"NewYardModel"},"interaction":{"idSuffix":"inner"}},"clearTextFirst":true,"interactionType":"ENTER_TEXT"}]}
RESULT: {"script":"<script> [776 bytes]","args":[{"enterText":"1001","selector":{"controlType":"sap.m.Input","viewName":"etm.portal.ui.manageyards.view.New","viewId":"application-manageyards-display-component---NewYard","bindingPath":{"path":"","propertyPath":"/PLANT","modelName":"NewYardModel"},"interaction":{"idSuffix":"inner"}},"clearTextFirst":true,"interactionType":"ENTER_TEXT"}]}
COMMAND: POST /session/4bf8232c0472e0a498fe7ae209f3a21b/execute/async - {"script":"<script> [1562 bytes]","args":[{"selector":{"controlType":"sap.m.Input","viewName":"etm.portal.ui.manageyards.view.New","viewId":"application-manageyards-display-component---NewYard","bindingPath":{"path":"","propertyPath":"/SALES_AREA_VKORG","modelName":"NewYardModel"},"interaction":{"idSuffix":"inner"}},"wdio_ui5_key":"etmportal.ui.manageyards.view.Newsap.m.Input{\"path\":\"\",\"propertyPath\":\"/SALES_AREA_VKORG\",\"modelName\":\"NewYardModel\"}"}]}
RESULT: {"script":"<script> [1562 bytes]","args":[{"selector":{"controlType":"sap.m.Input","viewName":"etm.portal.ui.manageyards.view.New","viewId":"application-manageyards-display-component---NewYard","bindingPath":{"path":"","propertyPath":"/SALES_AREA_VKORG","modelName":"NewYardModel"},"interaction":{"idSuffix":"inner"}},"wdio_ui5_key":"etmportal.ui.manageyards.view.Newsap.m.Input{\"path\":\"\",\"propertyPath\":\"/SALES_AREA_VKORG\",\"modelName\":\"NewYardModel\"}"}]}
RESULT: undefined
COMMAND: POST /session/4bf8232c0472e0a498fe7ae209f3a21b/execute/async - {"script":"<script> [776 bytes]","args":[{"enterText":"C002","selector":{"controlType":"sap.m.Input","viewName":"etm.portal.ui.manageyards.view.New","viewId":"application-manageyards-display-component---NewYard","bindingPath":{"path":"","propertyPath":"/SALES_AREA_VKORG","modelName":"NewYardModel"},"interaction":{"idSuffix":"inner"}},"clearTextFirst":true,"interactionType":"ENTER_TEXT"}]}
RESULT: {"script":"<script> [776 bytes]","args":[{"enterText":"C002","selector":{"controlType":"sap.m.Input","viewName":"etm.portal.ui.manageyards.view.New","viewId":"application-manageyards-display-component---NewYard","bindingPath":{"path":"","propertyPath":"/SALES_AREA_VKORG","modelName":"NewYardModel"},"interaction":{"idSuffix":"inner"}},"clearTextFirst":true,"interactionType":"ENTER_TEXT"}]}
COMMAND: POST /session/4bf8232c0472e0a498fe7ae209f3a21b/execute/async - {"script":"<script> [1562 bytes]","args":[{"selector":{"controlType":"sap.m.Input","viewName":"etm.portal.ui.manageyards.view.New","viewId":"application-manageyards-display-component---NewYard","bindingPath":{"path":"","propertyPath":"/SALES_AREA_VTWEG","modelName":"NewYardModel"},"interaction":{"idSuffix":"inner"}},"wdio_ui5_key":"etmportal.ui.manageyards.view.Newsap.m.Input{\"path\":\"\",\"propertyPath\":\"/SALES_AREA_VTWEG\",\"modelName\":\"NewYardModel\"}"}]}
RESULT: {"script":"<script> [1562 bytes]","args":[{"selector":{"controlType":"sap.m.Input","viewName":"etm.portal.ui.manageyards.view.New","viewId":"application-manageyards-display-component---NewYard","bindingPath":{"path":"","propertyPath":"/SALES_AREA_VTWEG","modelName":"NewYardModel"},"interaction":{"idSuffix":"inner"}},"wdio_ui5_key":"etmportal.ui.manageyards.view.Newsap.m.Input{\"path\":\"\",\"propertyPath\":\"/SALES_AREA_VTWEG\",\"modelName\":\"NewYardModel\"}"}]}
RESULT: undefined
COMMAND: POST /session/4bf8232c0472e0a498fe7ae209f3a21b/execute/async - {"script":"<script> [776 bytes]","args":[{"enterText":"C2","selector":{"controlType":"sap.m.Input","viewName":"etm.portal.ui.manageyards.view.New","viewId":"application-manageyards-display-component---NewYard","bindingPath":{"path":"","propertyPath":"/SALES_AREA_VTWEG","modelName":"NewYardModel"},"interaction":{"idSuffix":"inner"}},"clearTextFirst":true,"interactionType":"ENTER_TEXT"}]}
RESULT: {"script":"<script> [776 bytes]","args":[{"enterText":"C2","selector":{"controlType":"sap.m.Input","viewName":"etm.portal.ui.manageyards.view.New","viewId":"application-manageyards-display-component---NewYard","bindingPath":{"path":"","propertyPath":"/SALES_AREA_VTWEG","modelName":"NewYardModel"},"interaction":{"idSuffix":"inner"}},"clearTextFirst":true,"interactionType":"ENTER_TEXT"}]}
COMMAND: POST /session/4bf8232c0472e0a498fe7ae209f3a21b/execute/async - {"script":"<script> [1562 bytes]","args":[{"selector":{"controlType":"sap.m.Input","viewName":"etm.portal.ui.manageyards.view.New","viewId":"application-manageyards-display-component---NewYard","bindingPath":{"path":"","propertyPath":"/SALES_AREA_SPART","modelName":"NewYardModel"},"interaction":{"idSuffix":"inner"}},"wdio_ui5_key":"etmportal.ui.manageyards.view.Newsap.m.Input{\"path\":\"\",\"propertyPath\":\"/SALES_AREA_SPART\",\"modelName\":\"NewYardModel\"}"}]}
RESULT: {"script":"<script> [1562 bytes]","args":[{"selector":{"controlType":"sap.m.Input","viewName":"etm.portal.ui.manageyards.view.New","viewId":"application-manageyards-display-component---NewYard","bindingPath":{"path":"","propertyPath":"/SALES_AREA_SPART","modelName":"NewYardModel"},"interaction":{"idSuffix":"inner"}},"wdio_ui5_key":"etmportal.ui.manageyards.view.Newsap.m.Input{\"path\":\"\",\"propertyPath\":\"/SALES_AREA_SPART\",\"modelName\":\"NewYardModel\"}"}]}
RESULT: undefined
COMMAND: POST /session/4bf8232c0472e0a498fe7ae209f3a21b/execute/async - {"script":"<script> [776 bytes]","args":[{"enterText":"C2","selector":{"controlType":"sap.m.Input","viewName":"etm.portal.ui.manageyards.view.New","viewId":"application-manageyards-display-component---NewYard","bindingPath":{"path":"","propertyPath":"/SALES_AREA_SPART","modelName":"NewYardModel"},"interaction":{"idSuffix":"inner"}},"clearTextFirst":true,"interactionType":"ENTER_TEXT"}]}
RESULT: {"script":"<script> [776 bytes]","args":[{"enterText":"C2","selector":{"controlType":"sap.m.Input","viewName":"etm.portal.ui.manageyards.view.New","viewId":"application-manageyards-display-component---NewYard","bindingPath":{"path":"","propertyPath":"/SALES_AREA_SPART","modelName":"NewYardModel"},"interaction":{"idSuffix":"inner"}},"clearTextFirst":true,"interactionType":"ENTER_TEXT"}]}
COMMAND: POST /session/4bf8232c0472e0a498fe7ae209f3a21b/execute/async - {"script":"<script> [1562 bytes]","args":[{"selector":{"controlType":"sap.m.Input","viewName":"etm.portal.ui.manageyards.view.New","viewId":"application-manageyards-display-component---NewYard","bindingPath":{"path":"","propertyPath":"/SHIP_POINT","modelName":"NewYardModel"},"interaction":{"idSuffix":"inner"}},"wdio_ui5_key":"etmportal.ui.manageyards.view.Newsap.m.Input{\"path\":\"\",\"propertyPath\":\"/SHIP_POINT\",\"modelName\":\"NewYardModel\"}"}]}
RESULT: {"script":"<script> [1562 bytes]","args":[{"selector":{"controlType":"sap.m.Input","viewName":"etm.portal.ui.manageyards.view.New","viewId":"application-manageyards-display-component---NewYard","bindingPath":{"path":"","propertyPath":"/SHIP_POINT","modelName":"NewYardModel"},"interaction":{"idSuffix":"inner"}},"wdio_ui5_key":"etmportal.ui.manageyards.view.Newsap.m.Input{\"path\":\"\",\"propertyPath\":\"/SHIP_POINT\",\"modelName\":\"NewYardModel\"}"}]}
RESULT: undefined
COMMAND: POST /session/4bf8232c0472e0a498fe7ae209f3a21b/execute/async - {"script":"<script> [776 bytes]","args":[{"enterText":"1710","selector":{"controlType":"sap.m.Input","viewName":"etm.portal.ui.manageyards.view.New","viewId":"application-manageyards-display-component---NewYard","bindingPath":{"path":"","propertyPath":"/SHIP_POINT","modelName":"NewYardModel"},"interaction":{"idSuffix":"inner"}},"clearTextFirst":true,"interactionType":"ENTER_TEXT"}]}
RESULT: {"script":"<script> [776 bytes]","args":[{"enterText":"1710","selector":{"controlType":"sap.m.Input","viewName":"etm.portal.ui.manageyards.view.New","viewId":"application-manageyards-display-component---NewYard","bindingPath":{"path":"","propertyPath":"/SHIP_POINT","modelName":"NewYardModel"},"interaction":{"idSuffix":"inner"}},"clearTextFirst":true,"interactionType":"ENTER_TEXT"}]}
COMMAND: POST /session/4bf8232c0472e0a498fe7ae209f3a21b/execute/async - {"script":"<script> [1562 bytes]","args":[{"selector":{"controlType":"sap.m.Input","viewName":"etm.portal.ui.manageyards.view.New","viewId":"application-manageyards-display-component---NewYard","bindingPath":{"path":"","propertyPath":"/DELIVERY_TYPE","modelName":"NewYardModel"},"interaction":{"idSuffix":"inner"}},"wdio_ui5_key":"etmportal.ui.manageyards.view.Newsap.m.Input{\"path\":\"\",\"propertyPath\":\"/DELIVERY_TYPE\",\"modelName\":\"NewYardModel\"}"}]}
RESULT: {"script":"<script> [1562 bytes]","args":[{"selector":{"controlType":"sap.m.Input","viewName":"etm.portal.ui.manageyards.view.New","viewId":"application-manageyards-display-component---NewYard","bindingPath":{"path":"","propertyPath":"/DELIVERY_TYPE","modelName":"NewYardModel"},"interaction":{"idSuffix":"inner"}},"wdio_ui5_key":"etmportal.ui.manageyards.view.Newsap.m.Input{\"path\":\"\",\"propertyPath\":\"/DELIVERY_TYPE\",\"modelName\":\"NewYardModel\"}"}]}
RESULT: undefined
COMMAND: POST /session/4bf8232c0472e0a498fe7ae209f3a21b/execute/async - {"script":"<script> [776 bytes]","args":[{"enterText":"ZL01","selector":{"controlType":"sap.m.Input","viewName":"etm.portal.ui.manageyards.view.New","viewId":"application-manageyards-display-component---NewYard","bindingPath":{"path":"","propertyPath":"/DELIVERY_TYPE","modelName":"NewYardModel"},"interaction":{"idSuffix":"inner"}},"clearTextFirst":true,"interactionType":"ENTER_TEXT"}]}
RESULT: {"script":"<script> [776 bytes]","args":[{"enterText":"ZL01","selector":{"controlType":"sap.m.Input","viewName":"etm.portal.ui.manageyards.view.New","viewId":"application-manageyards-display-component---NewYard","bindingPath":{"path":"","propertyPath":"/DELIVERY_TYPE","modelName":"NewYardModel"},"interaction":{"idSuffix":"inner"}},"clearTextFirst":true,"interactionType":"ENTER_TEXT"}]}
COMMAND: POST /session/4bf8232c0472e0a498fe7ae209f3a21b/execute/async - {"script":"<script> [1562 bytes]","args":[{"selector":{"controlType":"sap.m.Input","viewName":"etm.portal.ui.manageyards.view.New","viewId":"application-manageyards-display-component---NewYard","bindingPath":{"path":"","propertyPath":"/AUART","modelName":"NewYardModel"},"interaction":{"idSuffix":"inner"}},"wdio_ui5_key":"etmportal.ui.manageyards.view.Newsap.m.Input{\"path\":\"\",\"propertyPath\":\"/AUART\",\"modelName\":\"NewYardModel\"}"}]}
RESULT: {"script":"<script> [1562 bytes]","args":[{"selector":{"controlType":"sap.m.Input","viewName":"etm.portal.ui.manageyards.view.New","viewId":"application-manageyards-display-component---NewYard","bindingPath":{"path":"","propertyPath":"/AUART","modelName":"NewYardModel"},"interaction":{"idSuffix":"inner"}},"wdio_ui5_key":"etmportal.ui.manageyards.view.Newsap.m.Input{\"path\":\"\",\"propertyPath\":\"/AUART\",\"modelName\":\"NewYardModel\"}"}]}
RESULT: undefined
COMMAND: POST /session/4bf8232c0472e0a498fe7ae209f3a21b/execute/async - {"script":"<script> [776 bytes]","args":[{"enterText":"TA","selector":{"controlType":"sap.m.Input","viewName":"etm.portal.ui.manageyards.view.New","viewId":"application-manageyards-display-component---NewYard","bindingPath":{"path":"","propertyPath":"/AUART","modelName":"NewYardModel"},"interaction":{"idSuffix":"inner"}},"clearTextFirst":true,"interactionType":"ENTER_TEXT"}]}
RESULT: {"script":"<script> [776 bytes]","args":[{"enterText":"TA","selector":{"controlType":"sap.m.Input","viewName":"etm.portal.ui.manageyards.view.New","viewId":"application-manageyards-display-component---NewYard","bindingPath":{"path":"","propertyPath":"/AUART","modelName":"NewYardModel"},"interaction":{"idSuffix":"inner"}},"clearTextFirst":true,"interactionType":"ENTER_TEXT"}]}
COMMAND: POST /session/4bf8232c0472e0a498fe7ae209f3a21b/element - {"using":"xpath","value":"//button[@data-kt=\"newYardSaveButton\"]"}
RESULT: {"using":"xpath","value":"//button[@data-kt=\"newYardSaveButton\"]"}
COMMAND: POST /session/4bf8232c0472e0a498fe7ae209f3a21b/element/f.363B4D137147A2C10141CDA60C7BC6F9.d.68563401057EDF5469AF99C0C8E33891.e.10221/click - {}
RESULT: {}
COMMAND: GET /session/4bf8232c0472e0a498fe7ae209f3a21b/screenshot - {}
RESULT: {}
COMMAND: POST /session/4bf8232c0472e0a498fe7ae209f3a21b/element - {"using":"xpath","value":"//header[contains(@id, 'ObjectPageLayout-headerTitle')]/div[1]/div[2]/div[1]/span[1]"}
RESULT: {"using":"xpath","value":"//header[contains(@id, 'ObjectPageLayout-headerTitle')]/div[1]/div[2]/div[1]/span[1]"}
COMMAND: POST /session/4bf8232c0472e0a498fe7ae209f3a21b/elements - {"using":"xpath","value":"//header[contains(@id, 'ObjectPageLayout-headerTitle')]/div[1]/div[2]/div[1]/span[1]"}
RESULT: {"using":"xpath","value":"//header[contains(@id, 'ObjectPageLayout-headerTitle')]/div[1]/div[2]/div[1]/span[1]"}
COMMAND: POST /session/4bf8232c0472e0a498fe7ae209f3a21b/execute/sync - {"script":"<script> [56 bytes]","args":[{"element-6066-11e4-a52e-4f735466cecf":"f.363B4D137147A2C10141CDA60C7BC6F9.d.68563401057EDF5469AF99C0C8E33891.e.10514","ELEMENT":"f.363B4D137147A2C10141CDA60C7BC6F9.d.68563401057EDF5469AF99C0C8E33891.e.10514"}]}
RESULT: {"script":"<script> [56 bytes]","args":[{"element-6066-11e4-a52e-4f735466cecf":"f.363B4D137147A2C10141CDA60C7BC6F9.d.68563401057EDF5469AF99C0C8E33891.e.10514","ELEMENT":"f.363B4D137147A2C10141CDA60C7BC6F9.d.68563401057EDF5469AF99C0C8E33891.e.10514"}]}
COMMAND: GET /session/4bf8232c0472e0a498fe7ae209f3a21b/screenshot - {}
RESULT: {}
COMMAND: POST /session/4bf8232c0472e0a498fe7ae209f3a21b/element - {"using":"css selector","value":"#shell-header-logo"}
RESULT: {"using":"css selector","value":"#shell-header-logo"}
COMMAND: POST /session/4bf8232c0472e0a498fe7ae209f3a21b/element/f.363B4D137147A2C10141CDA60C7BC6F9.d.68563401057EDF5469AF99C0C8E33891.e.9779/click - {}
RESULT: {}
COMMAND: GET /session/4bf8232c0472e0a498fe7ae209f3a21b/screenshot - {}
RESULT: {}
COMMAND: POST /session/4bf8232c0472e0a498fe7ae209f3a21b/execute/sync - {"script":"<script> [299 bytes]","args":[["getModel","getResource"]]}
RESULT: {"script":"<script> [299 bytes]","args":[["getModel","getResource"]]}
COMMAND: GET /session/4bf8232c0472e0a498fe7ae209f3a21b/screenshot - {}
]]></system-out>
    </testcase>
    <testcase classname="chrome.136_0_7103_93.windows.Create_partner_US118246" name="Should create new external partner" time="95.818">
      <system-out><![CDATA[
COMMAND: POST /session/4bf8232c0472e0a498fe7ae209f3a21b/window/fullscreen - {}
RESULT: {}
RESULT: {}
COMMAND: POST /session/4bf8232c0472e0a498fe7ae209f3a21b/execute/async - {"script":"<script> [1562 bytes]","args":[{"selector":{"controlType":"sap.m.GenericTile","properties":{"header":"Manage Partners"}},"wdio_ui5_key":"sapm.GenericTile{\"header\":\"Manage Partners\"}"}]}
RESULT: {"script":"<script> [1562 bytes]","args":[{"selector":{"controlType":"sap.m.GenericTile","properties":{"header":"Manage Partners"}},"wdio_ui5_key":"sapm.GenericTile{\"header\":\"Manage Partners\"}"}]}
RESULT: undefined
COMMAND: POST /session/4bf8232c0472e0a498fe7ae209f3a21b/element - {"using":"xpath","value":"//*[@id=\"__tile38\"]"}
RESULT: {"using":"xpath","value":"//*[@id=\"__tile38\"]"}
COMMAND: POST /session/4bf8232c0472e0a498fe7ae209f3a21b/element/f.363B4D137147A2C10141CDA60C7BC6F9.d.68563401057EDF5469AF99C0C8E33891.e.9674/click - {}
RESULT: {}
COMMAND: GET /session/4bf8232c0472e0a498fe7ae209f3a21b/screenshot - {}
RESULT: {}
COMMAND: POST /session/4bf8232c0472e0a498fe7ae209f3a21b/elements - {"using":"xpath","value":"//span[text()='Error']"}
RESULT: {"using":"xpath","value":"//span[text()='Error']"}
COMMAND: POST /session/4bf8232c0472e0a498fe7ae209f3a21b/element - {"using":"xpath","value":"//button[@data-kt=\"addButton\"]"}
RESULT: {"using":"xpath","value":"//button[@data-kt=\"addButton\"]"}
COMMAND: POST /session/4bf8232c0472e0a498fe7ae209f3a21b/elements - {"using":"xpath","value":"//button[@data-kt=\"addButton\"]"}
RESULT: {"using":"xpath","value":"//button[@data-kt=\"addButton\"]"}
COMMAND: POST /session/4bf8232c0472e0a498fe7ae209f3a21b/execute/sync - {"script":"<script> [8489 bytes]","args":[{"element-6066-11e4-a52e-4f735466cecf":"f.363B4D137147A2C10141CDA60C7BC6F9.d.68563401057EDF5469AF99C0C8E33891.e.10561","ELEMENT":"f.363B4D137147A2C10141CDA60C7BC6F9.d.68563401057EDF5469AF99C0C8E33891.e.10561"}]}
RESULT: {"script":"<script> [8489 bytes]","args":[{"element-6066-11e4-a52e-4f735466cecf":"f.363B4D137147A2C10141CDA60C7BC6F9.d.68563401057EDF5469AF99C0C8E33891.e.10561","ELEMENT":"f.363B4D137147A2C10141CDA60C7BC6F9.d.68563401057EDF5469AF99C0C8E33891.e.10561"}]}
COMMAND: GET /session/4bf8232c0472e0a498fe7ae209f3a21b/element/f.363B4D137147A2C10141CDA60C7BC6F9.d.68563401057EDF5469AF99C0C8E33891.e.10561/enabled - {}
COMMAND: GET /session/4bf8232c0472e0a498fe7ae209f3a21b/screenshot - {}
RESULT: {}
COMMAND: POST /session/4bf8232c0472e0a498fe7ae209f3a21b/execute/sync - {"script":"<script> [8489 bytes]","args":[{"element-6066-11e4-a52e-4f735466cecf":"f.363B4D137147A2C10141CDA60C7BC6F9.d.68563401057EDF5469AF99C0C8E33891.e.10561","ELEMENT":"f.363B4D137147A2C10141CDA60C7BC6F9.d.68563401057EDF5469AF99C0C8E33891.e.10561"}]}
COMMAND: GET /session/4bf8232c0472e0a498fe7ae209f3a21b/screenshot - {}
RESULT: {}
RESULT: {"script":"<script> [8489 bytes]","args":[{"element-6066-11e4-a52e-4f735466cecf":"f.363B4D137147A2C10141CDA60C7BC6F9.d.68563401057EDF5469AF99C0C8E33891.e.10561","ELEMENT":"f.363B4D137147A2C10141CDA60C7BC6F9.d.68563401057EDF5469AF99C0C8E33891.e.10561"}]}
COMMAND: POST /session/4bf8232c0472e0a498fe7ae209f3a21b/execute/sync - {"script":"<script> [5351 bytes]","args":[{"element-6066-11e4-a52e-4f735466cecf":"f.363B4D137147A2C10141CDA60C7BC6F9.d.68563401057EDF5469AF99C0C8E33891.e.10561","ELEMENT":"f.363B4D137147A2C10141CDA60C7BC6F9.d.68563401057EDF5469AF99C0C8E33891.e.10561"}]}
COMMAND: GET /session/4bf8232c0472e0a498fe7ae209f3a21b/screenshot - {}
RESULT: {}
RESULT: {"script":"<script> [5351 bytes]","args":[{"element-6066-11e4-a52e-4f735466cecf":"f.363B4D137147A2C10141CDA60C7BC6F9.d.68563401057EDF5469AF99C0C8E33891.e.10561","ELEMENT":"f.363B4D137147A2C10141CDA60C7BC6F9.d.68563401057EDF5469AF99C0C8E33891.e.10561"}]}
COMMAND: POST /session/4bf8232c0472e0a498fe7ae209f3a21b/element/f.363B4D137147A2C10141CDA60C7BC6F9.d.68563401057EDF5469AF99C0C8E33891.e.10561/click - {}
COMMAND: GET /session/4bf8232c0472e0a498fe7ae209f3a21b/screenshot - {}
RESULT: {}
RESULT: {}
COMMAND: GET /session/4bf8232c0472e0a498fe7ae209f3a21b/screenshot - {}
COMMAND: POST /session/4bf8232c0472e0a498fe7ae209f3a21b/execute/async - {"script":"<script> [1562 bytes]","args":[{"selector":{"id":"application-managepartners-display-component---NewPartner--addressDetailDetailsName1","interaction":{"idSuffix":"inner"}},"wdio_ui5_key":"applicationmanagepartners-display-component---NewPartner--addressDetailDetailsName1"}]}
RESULT: {}
RESULT: {}
RESULT: {"script":"<script> [1562 bytes]","args":[{"selector":{"id":"application-managepartners-display-component---NewPartner--addressDetailDetailsName1","interaction":{"idSuffix":"inner"}},"wdio_ui5_key":"applicationmanagepartners-display-component---NewPartner--addressDetailDetailsName1"}]}
RESULT: undefined
COMMAND: POST /session/4bf8232c0472e0a498fe7ae209f3a21b/execute/async - {"script":"<script> [776 bytes]","args":[{"enterText":"External Partner WDIO","selector":{"id":"application-managepartners-display-component---NewPartner--addressDetailDetailsName1","interaction":{"idSuffix":"inner"}},"clearTextFirst":true,"interactionType":"ENTER_TEXT"}]}
RESULT: {"script":"<script> [776 bytes]","args":[{"enterText":"External Partner WDIO","selector":{"id":"application-managepartners-display-component---NewPartner--addressDetailDetailsName1","interaction":{"idSuffix":"inner"}},"clearTextFirst":true,"interactionType":"ENTER_TEXT"}]}
COMMAND: POST /session/4bf8232c0472e0a498fe7ae209f3a21b/execute/async - {"script":"<script> [1562 bytes]","args":[{"selector":{"id":"application-managepartners-display-component---NewPartner--addressDetailDetailsLanguage-arrow"},"wdio_ui5_key":"applicationmanagepartners-display-component---NewPartner--addressDetailDetailsLanguage-arrow"}]}
RESULT: {"script":"<script> [1562 bytes]","args":[{"selector":{"id":"application-managepartners-display-component---NewPartner--addressDetailDetailsLanguage-arrow"},"wdio_ui5_key":"applicationmanagepartners-display-component---NewPartner--addressDetailDetailsLanguage-arrow"}]}
RESULT: undefined
COMMAND: POST /session/4bf8232c0472e0a498fe7ae209f3a21b/element - {"using":"xpath","value":"//*[@id=\"application-managepartners-display-component---NewPartner--addressDetailDetailsLanguage-arrow\"]"}
RESULT: {"using":"xpath","value":"//*[@id=\"application-managepartners-display-component---NewPartner--addressDetailDetailsLanguage-arrow\"]"}
COMMAND: POST /session/4bf8232c0472e0a498fe7ae209f3a21b/element/f.363B4D137147A2C10141CDA60C7BC6F9.d.68563401057EDF5469AF99C0C8E33891.e.11006/click - {}
RESULT: {}
COMMAND: POST /session/4bf8232c0472e0a498fe7ae209f3a21b/element - {"using":"xpath","value":"//span[contains(text(), \"English\")]"}
COMMAND: GET /session/4bf8232c0472e0a498fe7ae209f3a21b/screenshot - {}
RESULT: {"using":"xpath","value":"//span[contains(text(), \"English\")]"}
COMMAND: POST /session/4bf8232c0472e0a498fe7ae209f3a21b/element/f.363B4D137147A2C10141CDA60C7BC6F9.d.68563401057EDF5469AF99C0C8E33891.e.11007/click - {}
RESULT: {}
RESULT: {}
COMMAND: GET /session/4bf8232c0472e0a498fe7ae209f3a21b/screenshot - {}
RESULT: {}
COMMAND: POST /session/4bf8232c0472e0a498fe7ae209f3a21b/execute/async - {"script":"<script> [1562 bytes]","args":[{"selector":{"id":"application-managepartners-display-component---NewPartner--addressDetailDetailsCity1","interaction":{"idSuffix":"inner"}},"wdio_ui5_key":"applicationmanagepartners-display-component---NewPartner--addressDetailDetailsCity1"}]}
RESULT: {"script":"<script> [1562 bytes]","args":[{"selector":{"id":"application-managepartners-display-component---NewPartner--addressDetailDetailsCity1","interaction":{"idSuffix":"inner"}},"wdio_ui5_key":"applicationmanagepartners-display-component---NewPartner--addressDetailDetailsCity1"}]}
RESULT: undefined
COMMAND: POST /session/4bf8232c0472e0a498fe7ae209f3a21b/execute/async - {"script":"<script> [776 bytes]","args":[{"enterText":"Rosario","selector":{"id":"application-managepartners-display-component---NewPartner--addressDetailDetailsCity1","interaction":{"idSuffix":"inner"}},"clearTextFirst":true,"interactionType":"ENTER_TEXT"}]}
RESULT: {"script":"<script> [776 bytes]","args":[{"enterText":"Rosario","selector":{"id":"application-managepartners-display-component---NewPartner--addressDetailDetailsCity1","interaction":{"idSuffix":"inner"}},"clearTextFirst":true,"interactionType":"ENTER_TEXT"}]}
COMMAND: POST /session/4bf8232c0472e0a498fe7ae209f3a21b/execute/async - {"script":"<script> [1562 bytes]","args":[{"selector":{"id":"application-managepartners-display-component---NewPartner--addressDetailDetailsCountry-arrow"},"wdio_ui5_key":"applicationmanagepartners-display-component---NewPartner--addressDetailDetailsCountry-arrow"}]}
RESULT: {"script":"<script> [1562 bytes]","args":[{"selector":{"id":"application-managepartners-display-component---NewPartner--addressDetailDetailsCountry-arrow"},"wdio_ui5_key":"applicationmanagepartners-display-component---NewPartner--addressDetailDetailsCountry-arrow"}]}
RESULT: undefined
COMMAND: POST /session/4bf8232c0472e0a498fe7ae209f3a21b/element - {"using":"xpath","value":"//*[@id=\"application-managepartners-display-component---NewPartner--addressDetailDetailsCountry-arrow\"]"}
RESULT: {"using":"xpath","value":"//*[@id=\"application-managepartners-display-component---NewPartner--addressDetailDetailsCountry-arrow\"]"}
COMMAND: POST /session/4bf8232c0472e0a498fe7ae209f3a21b/element/f.363B4D137147A2C10141CDA60C7BC6F9.d.68563401057EDF5469AF99C0C8E33891.e.10970/click - {}
RESULT: {}
COMMAND: POST /session/4bf8232c0472e0a498fe7ae209f3a21b/element - {"using":"xpath","value":"//span[contains(text(), \"Argentina\")]"}
COMMAND: GET /session/4bf8232c0472e0a498fe7ae209f3a21b/screenshot - {}
RESULT: {"using":"xpath","value":"//span[contains(text(), \"Argentina\")]"}
COMMAND: POST /session/4bf8232c0472e0a498fe7ae209f3a21b/element/f.363B4D137147A2C10141CDA60C7BC6F9.d.68563401057EDF5469AF99C0C8E33891.e.11009/click - {}
RESULT: {}
RESULT: {}
COMMAND: GET /session/4bf8232c0472e0a498fe7ae209f3a21b/screenshot - {}
RESULT: {}
COMMAND: POST /session/4bf8232c0472e0a498fe7ae209f3a21b/element - {"using":"xpath","value":"//bdi[contains(text(), \"Commercial\")]"}
RESULT: {"using":"xpath","value":"//bdi[contains(text(), \"Commercial\")]"}
COMMAND: POST /session/4bf8232c0472e0a498fe7ae209f3a21b/element/f.363B4D137147A2C10141CDA60C7BC6F9.d.68563401057EDF5469AF99C0C8E33891.e.11010/click - {}
RESULT: {}
COMMAND: GET /session/4bf8232c0472e0a498fe7ae209f3a21b/screenshot - {}
RESULT: {}
COMMAND: POST /session/4bf8232c0472e0a498fe7ae209f3a21b/execute/async - {"script":"<script> [1562 bytes]","args":[{"selector":{"id":"application-managepartners-display-component---NewPartner--partnerDetailInternal-arrow"},"wdio_ui5_key":"applicationmanagepartners-display-component---NewPartner--partnerDetailInternal-arrow"}]}
RESULT: {"script":"<script> [1562 bytes]","args":[{"selector":{"id":"application-managepartners-display-component---NewPartner--partnerDetailInternal-arrow"},"wdio_ui5_key":"applicationmanagepartners-display-component---NewPartner--partnerDetailInternal-arrow"}]}
RESULT: undefined
COMMAND: POST /session/4bf8232c0472e0a498fe7ae209f3a21b/element - {"using":"xpath","value":"//*[@id=\"application-managepartners-display-component---NewPartner--partnerDetailInternal-arrow\"]"}
RESULT: {"using":"xpath","value":"//*[@id=\"application-managepartners-display-component---NewPartner--partnerDetailInternal-arrow\"]"}
COMMAND: POST /session/4bf8232c0472e0a498fe7ae209f3a21b/element/f.363B4D137147A2C10141CDA60C7BC6F9.d.68563401057EDF5469AF99C0C8E33891.e.11016/click - {}
RESULT: {}
COMMAND: POST /session/4bf8232c0472e0a498fe7ae209f3a21b/element - {"using":"xpath","value":"//span[contains(text(), \"External partner\")]"}
COMMAND: GET /session/4bf8232c0472e0a498fe7ae209f3a21b/screenshot - {}
RESULT: {"using":"xpath","value":"//span[contains(text(), \"External partner\")]"}
COMMAND: POST /session/4bf8232c0472e0a498fe7ae209f3a21b/element/f.363B4D137147A2C10141CDA60C7BC6F9.d.68563401057EDF5469AF99C0C8E33891.e.11017/click - {}
RESULT: {}
RESULT: {}
COMMAND: POST /session/4bf8232c0472e0a498fe7ae209f3a21b/execute/async - {"script":"<script> [1562 bytes]","args":[{"selector":{"id":"application-managepartners-display-component---NewPartner--partnerDetailsCurrency-arrow"},"wdio_ui5_key":"applicationmanagepartners-display-component---NewPartner--partnerDetailsCurrency-arrow"}]}
COMMAND: GET /session/4bf8232c0472e0a498fe7ae209f3a21b/screenshot - {}
RESULT: {"script":"<script> [1562 bytes]","args":[{"selector":{"id":"application-managepartners-display-component---NewPartner--partnerDetailsCurrency-arrow"},"wdio_ui5_key":"applicationmanagepartners-display-component---NewPartner--partnerDetailsCurrency-arrow"}]}
RESULT: undefined
COMMAND: POST /session/4bf8232c0472e0a498fe7ae209f3a21b/element - {"using":"xpath","value":"//*[@id=\"application-managepartners-display-component---NewPartner--partnerDetailsCurrency-arrow\"]"}
RESULT: {}
RESULT: {"using":"xpath","value":"//*[@id=\"application-managepartners-display-component---NewPartner--partnerDetailsCurrency-arrow\"]"}
COMMAND: POST /session/4bf8232c0472e0a498fe7ae209f3a21b/element/f.363B4D137147A2C10141CDA60C7BC6F9.d.68563401057EDF5469AF99C0C8E33891.e.11022/click - {}
RESULT: {}
COMMAND: POST /session/4bf8232c0472e0a498fe7ae209f3a21b/element - {"using":"xpath","value":"//span[contains(text(), \"US Dollar\")]"}
COMMAND: GET /session/4bf8232c0472e0a498fe7ae209f3a21b/screenshot - {}
RESULT: {"using":"xpath","value":"//span[contains(text(), \"US Dollar\")]"}
COMMAND: POST /session/4bf8232c0472e0a498fe7ae209f3a21b/element/f.363B4D137147A2C10141CDA60C7BC6F9.d.68563401057EDF5469AF99C0C8E33891.e.11023/click - {}
RESULT: {}
RESULT: {}
COMMAND: GET /session/4bf8232c0472e0a498fe7ae209f3a21b/screenshot - {}
RESULT: {}
COMMAND: POST /session/4bf8232c0472e0a498fe7ae209f3a21b/element - {"using":"xpath","value":"//input[@id=\"application-managepartners-display-component---NewPartner--companyCodeComboBox-inner\"]"}
RESULT: {"using":"xpath","value":"//input[@id=\"application-managepartners-display-component---NewPartner--companyCodeComboBox-inner\"]"}
COMMAND: POST /session/4bf8232c0472e0a498fe7ae209f3a21b/element/f.363B4D137147A2C10141CDA60C7BC6F9.d.68563401057EDF5469AF99C0C8E33891.e.10862/clear - {}
RESULT: {}
COMMAND: POST /session/4bf8232c0472e0a498fe7ae209f3a21b/element/f.363B4D137147A2C10141CDA60C7BC6F9.d.68563401057EDF5469AF99C0C8E33891.e.10862/value - {"text":"C002"}
COMMAND: GET /session/4bf8232c0472e0a498fe7ae209f3a21b/screenshot - {}
RESULT: {"text":"C002"}
COMMAND: GET /session/4bf8232c0472e0a498fe7ae209f3a21b/screenshot - {}
RESULT: {}
RESULT: {}
COMMAND: POST /session/4bf8232c0472e0a498fe7ae209f3a21b/element - {"using":"xpath","value":"//li[.//span[text()= \"C002\"]]"}
RESULT: {"using":"xpath","value":"//li[.//span[text()= \"C002\"]]"}
COMMAND: POST /session/4bf8232c0472e0a498fe7ae209f3a21b/element/f.363B4D137147A2C10141CDA60C7BC6F9.d.68563401057EDF5469AF99C0C8E33891.e.11027/click - {}
RESULT: {}
COMMAND: GET /session/4bf8232c0472e0a498fe7ae209f3a21b/screenshot - {}
RESULT: {}
COMMAND: POST /session/4bf8232c0472e0a498fe7ae209f3a21b/execute/async - {"script":"<script> [1562 bytes]","args":[{"selector":{"controlType":"sap.ui.core.Icon","viewName":"etm.portal.ui.managepartners.view.NewPartner","viewId":"application-managepartners-display-component---NewPartner","properties":{"src":{"regex":{"source":"slim\\-arrow\\-down"}}},"ancestor":{"controlType":"sap.m.ComboBox","viewName":"etm.portal.ui.managepartners.view.NewPartner","viewId":"application-managepartners-display-component---NewPartner","bindingPath":{"path":"","propertyPath":"/CATALOG","modelName":"oNewPartnerModel"}}},"wdio_ui5_key":"etmportal.ui.managepartners.view.NewPartnersap.ui.core.Icon{\"src\":{\"regex\":{\"source\":\"slim\\\\-arrow\\\\-down\"}}}{\"controlType\":\"sap.m.ComboBox\",\"viewName\":\"etm.portal.ui.managepartners.view.NewPartner\",\"viewId\":\"application-managepartners-display-component---NewPartner\",\"bindingPath\":{\"path\":\"\",\"propertyPath\":\"/CATALOG\",\"modelName\":\"oNewPartnerModel\"}}"}]}
RESULT: {"script":"<script> [1562 bytes]","args":[{"selector":{"controlType":"sap.ui.core.Icon","viewName":"etm.portal.ui.managepartners.view.NewPartner","viewId":"application-managepartners-display-component---NewPartner","properties":{"src":{"regex":{"source":"slim\\-arrow\\-down"}}},"ancestor":{"controlType":"sap.m.ComboBox","viewName":"etm.portal.ui.managepartners.view.NewPartner","viewId":"application-managepartners-display-component---NewPartner","bindingPath":{"path":"","propertyPath":"/CATALOG","modelName":"oNewPartnerModel"}}},"wdio_ui5_key":"etmportal.ui.managepartners.view.NewPartnersap.ui.core.Icon{\"src\":{\"regex\":{\"source\":\"slim\\\\-arrow\\\\-down\"}}}{\"controlType\":\"sap.m.ComboBox\",\"viewName\":\"etm.portal.ui.managepartners.view.NewPartner\",\"viewId\":\"application-managepartners-display-component---NewPartner\",\"bindingPath\":{\"path\":\"\",\"propertyPath\":\"/CATALOG\",\"modelName\":\"oNewPartnerModel\"}}"}]}
RESULT: undefined
COMMAND: POST /session/4bf8232c0472e0a498fe7ae209f3a21b/element - {"using":"xpath","value":"//*[@id=\"__box22-arrow\"]"}
RESULT: {"using":"xpath","value":"//*[@id=\"__box22-arrow\"]"}
COMMAND: POST /session/4bf8232c0472e0a498fe7ae209f3a21b/element/f.363B4D137147A2C10141CDA60C7BC6F9.d.68563401057EDF5469AF99C0C8E33891.e.10971/click - {}
RESULT: {}
COMMAND: GET /session/4bf8232c0472e0a498fe7ae209f3a21b/screenshot - {}
RESULT: {}
COMMAND: POST /session/4bf8232c0472e0a498fe7ae209f3a21b/element - {"using":"xpath","value":"//ul[contains(@id,\"popup-list-listUl\")]//li[.//span[text()= \"Webshop Catalog\"]]"}
RESULT: {"using":"xpath","value":"//ul[contains(@id,\"popup-list-listUl\")]//li[.//span[text()= \"Webshop Catalog\"]]"}
COMMAND: POST /session/4bf8232c0472e0a498fe7ae209f3a21b/element/f.363B4D137147A2C10141CDA60C7BC6F9.d.68563401057EDF5469AF99C0C8E33891.e.11029/click - {}
RESULT: {}
COMMAND: GET /session/4bf8232c0472e0a498fe7ae209f3a21b/screenshot - {}
RESULT: {}
COMMAND: POST /session/4bf8232c0472e0a498fe7ae209f3a21b/execute/async - {"script":"<script> [1562 bytes]","args":[{"selector":{"id":"application-managepartners-display-component---NewPartner--btnAddTableRow-img"},"wdio_ui5_key":"applicationmanagepartners-display-component---NewPartner--btnAddTableRow-img"}]}
RESULT: {"script":"<script> [1562 bytes]","args":[{"selector":{"id":"application-managepartners-display-component---NewPartner--btnAddTableRow-img"},"wdio_ui5_key":"applicationmanagepartners-display-component---NewPartner--btnAddTableRow-img"}]}
RESULT: undefined
COMMAND: POST /session/4bf8232c0472e0a498fe7ae209f3a21b/element - {"using":"xpath","value":"//*[@id=\"application-managepartners-display-component---NewPartner--btnAddTableRow-img\"]"}
RESULT: {"using":"xpath","value":"//*[@id=\"application-managepartners-display-component---NewPartner--btnAddTableRow-img\"]"}
COMMAND: POST /session/4bf8232c0472e0a498fe7ae209f3a21b/element/f.363B4D137147A2C10141CDA60C7BC6F9.d.68563401057EDF5469AF99C0C8E33891.e.11030/click - {}
RESULT: {}
COMMAND: GET /session/4bf8232c0472e0a498fe7ae209f3a21b/screenshot - {}
RESULT: {}
COMMAND: POST /session/4bf8232c0472e0a498fe7ae209f3a21b/element - {"using":"xpath","value":"//input[@id=\"application-managepartners-display-component---NewPartner--assignmentYard-application-managepartners-display-component---NewPartner--assignmentsTable-0-inner\"]"}
RESULT: {"using":"xpath","value":"//input[@id=\"application-managepartners-display-component---NewPartner--assignmentYard-application-managepartners-display-component---NewPartner--assignmentsTable-0-inner\"]"}
COMMAND: POST /session/4bf8232c0472e0a498fe7ae209f3a21b/element/f.363B4D137147A2C10141CDA60C7BC6F9.d.68563401057EDF5469AF99C0C8E33891.e.11033/clear - {}
RESULT: {}
COMMAND: POST /session/4bf8232c0472e0a498fe7ae209f3a21b/element/f.363B4D137147A2C10141CDA60C7BC6F9.d.68563401057EDF5469AF99C0C8E33891.e.11033/value - {"text":"635"}
COMMAND: GET /session/4bf8232c0472e0a498fe7ae209f3a21b/screenshot - {}
RESULT: {"text":"635"}
COMMAND: GET /session/4bf8232c0472e0a498fe7ae209f3a21b/screenshot - {}
RESULT: {}
RESULT: {}
COMMAND: POST /session/4bf8232c0472e0a498fe7ae209f3a21b/element - {"using":"xpath","value":"//li[.//span[text()='635']]"}
RESULT: {"using":"xpath","value":"//li[.//span[text()='635']]"}
COMMAND: POST /session/4bf8232c0472e0a498fe7ae209f3a21b/element/f.363B4D137147A2C10141CDA60C7BC6F9.d.68563401057EDF5469AF99C0C8E33891.e.11040/click - {}
RESULT: {}
COMMAND: GET /session/4bf8232c0472e0a498fe7ae209f3a21b/screenshot - {}
RESULT: {}
COMMAND: POST /session/4bf8232c0472e0a498fe7ae209f3a21b/actions - {"actions":[{"id":"action31","type":"key","parameters":{},"actions":[{"type":"keyDown","value":"î€‡"},{"type":"pause","duration":10},{"type":"keyUp","value":"î€‡"}]}]}
RESULT: {"actions":[{"id":"action31","type":"key","parameters":{},"actions":[{"type":"keyDown","value":"î€‡"},{"type":"pause","duration":10},{"type":"keyUp","value":"î€‡"}]}]}
COMMAND: POST /session/4bf8232c0472e0a498fe7ae209f3a21b/element - {"using":"xpath","value":"//td[contains(@id, \"assignmentsTable-0-cell2\")]/div/div"}
COMMAND: GET /session/4bf8232c0472e0a498fe7ae209f3a21b/screenshot - {}
RESULT: {"using":"xpath","value":"//td[contains(@id, \"assignmentsTable-0-cell2\")]/div/div"}
COMMAND: POST /session/4bf8232c0472e0a498fe7ae209f3a21b/element/f.363B4D137147A2C10141CDA60C7BC6F9.d.68563401057EDF5469AF99C0C8E33891.e.11043/click - {}
RESULT: {}
RESULT: {}
COMMAND: GET /session/4bf8232c0472e0a498fe7ae209f3a21b/screenshot - {}
RESULT: {}
COMMAND: POST /session/4bf8232c0472e0a498fe7ae209f3a21b/element - {"using":"xpath","value":"//button[@data-kt=\"saveButton\"]"}
RESULT: {"using":"xpath","value":"//button[@data-kt=\"saveButton\"]"}
COMMAND: POST /session/4bf8232c0472e0a498fe7ae209f3a21b/element/f.363B4D137147A2C10141CDA60C7BC6F9.d.68563401057EDF5469AF99C0C8E33891.e.10972/click - {}
RESULT: {}
COMMAND: GET /session/4bf8232c0472e0a498fe7ae209f3a21b/screenshot - {}
RESULT: {}
COMMAND: POST /session/4bf8232c0472e0a498fe7ae209f3a21b/element - {"using":"xpath","value":"//header[contains(@id, 'ObjectPageLayout-headerTitle')]/div[1]/div[2]/div[2]/span[1]"}
RESULT: {"using":"xpath","value":"//header[contains(@id, 'ObjectPageLayout-headerTitle')]/div[1]/div[2]/div[2]/span[1]"}
COMMAND: POST /session/4bf8232c0472e0a498fe7ae209f3a21b/elements - {"using":"xpath","value":"//header[contains(@id, 'ObjectPageLayout-headerTitle')]/div[1]/div[2]/div[2]/span[1]"}
RESULT: {"using":"xpath","value":"//header[contains(@id, 'ObjectPageLayout-headerTitle')]/div[1]/div[2]/div[2]/span[1]"}
COMMAND: POST /session/4bf8232c0472e0a498fe7ae209f3a21b/execute/sync - {"script":"<script> [56 bytes]","args":[{"element-6066-11e4-a52e-4f735466cecf":"f.363B4D137147A2C10141CDA60C7BC6F9.d.68563401057EDF5469AF99C0C8E33891.e.11206","ELEMENT":"f.363B4D137147A2C10141CDA60C7BC6F9.d.68563401057EDF5469AF99C0C8E33891.e.11206"}]}
RESULT: {"script":"<script> [56 bytes]","args":[{"element-6066-11e4-a52e-4f735466cecf":"f.363B4D137147A2C10141CDA60C7BC6F9.d.68563401057EDF5469AF99C0C8E33891.e.11206","ELEMENT":"f.363B4D137147A2C10141CDA60C7BC6F9.d.68563401057EDF5469AF99C0C8E33891.e.11206"}]}
COMMAND: POST /session/4bf8232c0472e0a498fe7ae209f3a21b/element - {"using":"css selector","value":"#shell-header-logo"}
COMMAND: GET /session/4bf8232c0472e0a498fe7ae209f3a21b/screenshot - {}
RESULT: {"using":"css selector","value":"#shell-header-logo"}
COMMAND: POST /session/4bf8232c0472e0a498fe7ae209f3a21b/element/f.363B4D137147A2C10141CDA60C7BC6F9.d.68563401057EDF5469AF99C0C8E33891.e.10517/click - {}
RESULT: {}
RESULT: {}
COMMAND: GET /session/4bf8232c0472e0a498fe7ae209f3a21b/screenshot - {}
RESULT: {}
COMMAND: POST /session/4bf8232c0472e0a498fe7ae209f3a21b/execute/sync - {"script":"<script> [299 bytes]","args":[["getModel","getResource"]]}
RESULT: {"script":"<script> [299 bytes]","args":[["getModel","getResource"]]}
]]></system-out>
    </testcase>
    <testcase classname="chrome.136_0_7103_93.windows.Create_partner_US118246" name="Should create a new yard in case create yard failed" time="110.009">
      <system-out><![CDATA[
RESULT: undefined
COMMAND: POST /session/4bf8232c0472e0a498fe7ae209f3a21b/element - {"using":"xpath","value":"//*[@id=\"__tile41\"]"}
COMMAND: GET /session/4bf8232c0472e0a498fe7ae209f3a21b/screenshot - {}
RESULT: {"using":"xpath","value":"//*[@id=\"__tile41\"]"}
COMMAND: POST /session/4bf8232c0472e0a498fe7ae209f3a21b/element/f.363B4D137147A2C10141CDA60C7BC6F9.d.68563401057EDF5469AF99C0C8E33891.e.9683/click - {}
RESULT: {}
RESULT: {}
COMMAND: GET /session/4bf8232c0472e0a498fe7ae209f3a21b/screenshot - {}
RESULT: {}
COMMAND: POST /session/4bf8232c0472e0a498fe7ae209f3a21b/elements - {"using":"xpath","value":"//span[text()='Error']"}
RESULT: {"using":"xpath","value":"//span[text()='Error']"}
COMMAND: POST /session/4bf8232c0472e0a498fe7ae209f3a21b/element - {"using":"xpath","value":"//button[@data-kt=\"addNewYardOverflowToolbarButton\"]"}
RESULT: {"using":"xpath","value":"//button[@data-kt=\"addNewYardOverflowToolbarButton\"]"}
COMMAND: POST /session/4bf8232c0472e0a498fe7ae209f3a21b/elements - {"using":"xpath","value":"//button[@data-kt=\"addNewYardOverflowToolbarButton\"]"}
RESULT: {"using":"xpath","value":"//button[@data-kt=\"addNewYardOverflowToolbarButton\"]"}
COMMAND: POST /session/4bf8232c0472e0a498fe7ae209f3a21b/execute/sync - {"script":"<script> [8489 bytes]","args":[{"element-6066-11e4-a52e-4f735466cecf":"f.363B4D137147A2C10141CDA60C7BC6F9.d.68563401057EDF5469AF99C0C8E33891.e.11249","ELEMENT":"f.363B4D137147A2C10141CDA60C7BC6F9.d.68563401057EDF5469AF99C0C8E33891.e.11249"}]}
RESULT: {"script":"<script> [8489 bytes]","args":[{"element-6066-11e4-a52e-4f735466cecf":"f.363B4D137147A2C10141CDA60C7BC6F9.d.68563401057EDF5469AF99C0C8E33891.e.11249","ELEMENT":"f.363B4D137147A2C10141CDA60C7BC6F9.d.68563401057EDF5469AF99C0C8E33891.e.11249"}]}
COMMAND: GET /session/4bf8232c0472e0a498fe7ae209f3a21b/element/f.363B4D137147A2C10141CDA60C7BC6F9.d.68563401057EDF5469AF99C0C8E33891.e.11249/enabled - {}
COMMAND: GET /session/4bf8232c0472e0a498fe7ae209f3a21b/screenshot - {}
RESULT: {}
COMMAND: POST /session/4bf8232c0472e0a498fe7ae209f3a21b/execute/sync - {"script":"<script> [8489 bytes]","args":[{"element-6066-11e4-a52e-4f735466cecf":"f.363B4D137147A2C10141CDA60C7BC6F9.d.68563401057EDF5469AF99C0C8E33891.e.11249","ELEMENT":"f.363B4D137147A2C10141CDA60C7BC6F9.d.68563401057EDF5469AF99C0C8E33891.e.11249"}]}
COMMAND: GET /session/4bf8232c0472e0a498fe7ae209f3a21b/screenshot - {}
RESULT: {}
RESULT: {"script":"<script> [8489 bytes]","args":[{"element-6066-11e4-a52e-4f735466cecf":"f.363B4D137147A2C10141CDA60C7BC6F9.d.68563401057EDF5469AF99C0C8E33891.e.11249","ELEMENT":"f.363B4D137147A2C10141CDA60C7BC6F9.d.68563401057EDF5469AF99C0C8E33891.e.11249"}]}
COMMAND: POST /session/4bf8232c0472e0a498fe7ae209f3a21b/execute/sync - {"script":"<script> [5351 bytes]","args":[{"element-6066-11e4-a52e-4f735466cecf":"f.363B4D137147A2C10141CDA60C7BC6F9.d.68563401057EDF5469AF99C0C8E33891.e.11249","ELEMENT":"f.363B4D137147A2C10141CDA60C7BC6F9.d.68563401057EDF5469AF99C0C8E33891.e.11249"}]}
COMMAND: GET /session/4bf8232c0472e0a498fe7ae209f3a21b/screenshot - {}
RESULT: {}
RESULT: {"script":"<script> [5351 bytes]","args":[{"element-6066-11e4-a52e-4f735466cecf":"f.363B4D137147A2C10141CDA60C7BC6F9.d.68563401057EDF5469AF99C0C8E33891.e.11249","ELEMENT":"f.363B4D137147A2C10141CDA60C7BC6F9.d.68563401057EDF5469AF99C0C8E33891.e.11249"}]}
COMMAND: POST /session/4bf8232c0472e0a498fe7ae209f3a21b/element/f.363B4D137147A2C10141CDA60C7BC6F9.d.68563401057EDF5469AF99C0C8E33891.e.11249/click - {}
COMMAND: GET /session/4bf8232c0472e0a498fe7ae209f3a21b/screenshot - {}
RESULT: {}
RESULT: {}
COMMAND: GET /session/4bf8232c0472e0a498fe7ae209f3a21b/screenshot - {}
COMMAND: POST /session/4bf8232c0472e0a498fe7ae209f3a21b/element - {"using":"xpath","value":"//input[@id=\"application-manageyards-display-component---NewYard--yardId-inner\"]"}
RESULT: {}
RESULT: {}
RESULT: {"using":"xpath","value":"//input[@id=\"application-manageyards-display-component---NewYard--yardId-inner\"]"}
COMMAND: POST /session/4bf8232c0472e0a498fe7ae209f3a21b/element - {"using":"xpath","value":"//input[@id=\"application-manageyards-display-component---NewYard--yardId-inner\"]"}
RESULT: {"using":"xpath","value":"//input[@id=\"application-manageyards-display-component---NewYard--yardId-inner\"]"}
RESULT: undefined
COMMAND: POST /session/4bf8232c0472e0a498fe7ae209f3a21b/execute/async - {"script":"<script> [776 bytes]","args":[{"enterText":"Warehouse Managed WDIO","selector":{"id":"application-manageyards-display-component---NewYard--addressDetailDetailsName1","interaction":{"idSuffix":"inner"}},"clearTextFirst":true,"interactionType":"ENTER_TEXT"}]}
RESULT: {"script":"<script> [776 bytes]","args":[{"enterText":"Warehouse Managed WDIO","selector":{"id":"application-manageyards-display-component---NewYard--addressDetailDetailsName1","interaction":{"idSuffix":"inner"}},"clearTextFirst":true,"interactionType":"ENTER_TEXT"}]}
RESULT: undefined
COMMAND: POST /session/4bf8232c0472e0a498fe7ae209f3a21b/element - {"using":"xpath","value":"//*[@id=\"application-manageyards-display-component---NewYard--addressDetailDetailsLanguage-arrow\"]"}
RESULT: {"using":"xpath","value":"//*[@id=\"application-manageyards-display-component---NewYard--addressDetailDetailsLanguage-arrow\"]"}
COMMAND: POST /session/4bf8232c0472e0a498fe7ae209f3a21b/element/f.363B4D137147A2C10141CDA60C7BC6F9.d.68563401057EDF5469AF99C0C8E33891.e.11739/click - {}
RESULT: {}
COMMAND: POST /session/4bf8232c0472e0a498fe7ae209f3a21b/element - {"using":"xpath","value":"//span[contains(text(), \"English\")]"}
COMMAND: GET /session/4bf8232c0472e0a498fe7ae209f3a21b/screenshot - {}
RESULT: {"using":"xpath","value":"//span[contains(text(), \"English\")]"}
COMMAND: POST /session/4bf8232c0472e0a498fe7ae209f3a21b/element/f.363B4D137147A2C10141CDA60C7BC6F9.d.68563401057EDF5469AF99C0C8E33891.e.11740/click - {}
RESULT: {}
RESULT: {}
RESULT: undefined
COMMAND: POST /session/4bf8232c0472e0a498fe7ae209f3a21b/execute/async - {"script":"<script> [776 bytes]","args":[{"enterText":"Rosario","selector":{"id":"application-manageyards-display-component---NewYard--addressDetailDetailsCity1","interaction":{"idSuffix":"inner"}},"clearTextFirst":true,"interactionType":"ENTER_TEXT"}]}
COMMAND: GET /session/4bf8232c0472e0a498fe7ae209f3a21b/screenshot - {}
RESULT: {"script":"<script> [776 bytes]","args":[{"enterText":"Rosario","selector":{"id":"application-manageyards-display-component---NewYard--addressDetailDetailsCity1","interaction":{"idSuffix":"inner"}},"clearTextFirst":true,"interactionType":"ENTER_TEXT"}]}
RESULT: undefined
COMMAND: POST /session/4bf8232c0472e0a498fe7ae209f3a21b/element - {"using":"xpath","value":"//*[@id=\"application-manageyards-display-component---NewYard--addressDetailDetailsCountry-arrow\"]"}
RESULT: {}
RESULT: {"using":"xpath","value":"//*[@id=\"application-manageyards-display-component---NewYard--addressDetailDetailsCountry-arrow\"]"}
COMMAND: POST /session/4bf8232c0472e0a498fe7ae209f3a21b/element/f.363B4D137147A2C10141CDA60C7BC6F9.d.68563401057EDF5469AF99C0C8E33891.e.11741/click - {}
RESULT: {}
COMMAND: POST /session/4bf8232c0472e0a498fe7ae209f3a21b/element - {"using":"xpath","value":"//span[contains(text(), \"Argentina\")]"}
COMMAND: GET /session/4bf8232c0472e0a498fe7ae209f3a21b/screenshot - {}
RESULT: {"using":"xpath","value":"//span[contains(text(), \"Argentina\")]"}
COMMAND: POST /session/4bf8232c0472e0a498fe7ae209f3a21b/element/f.363B4D137147A2C10141CDA60C7BC6F9.d.68563401057EDF5469AF99C0C8E33891.e.11743/click - {}
RESULT: {}
RESULT: {}
RESULT: undefined
COMMAND: POST /session/4bf8232c0472e0a498fe7ae209f3a21b/element - {"using":"xpath","value":"//*[@id=\"application-manageyards-display-component---NewYard--addressEditDetailsCostObjectCstType-arrow\"]"}
COMMAND: GET /session/4bf8232c0472e0a498fe7ae209f3a21b/screenshot - {}
RESULT: {"using":"xpath","value":"//*[@id=\"application-manageyards-display-component---NewYard--addressEditDetailsCostObjectCstType-arrow\"]"}
COMMAND: POST /session/4bf8232c0472e0a498fe7ae209f3a21b/element/f.363B4D137147A2C10141CDA60C7BC6F9.d.68563401057EDF5469AF99C0C8E33891.e.11744/click - {}
RESULT: {}
RESULT: {}
COMMAND: POST /session/4bf8232c0472e0a498fe7ae209f3a21b/element - {"using":"xpath","value":"//span[contains(text(), \"Cost Center\")]"}
COMMAND: GET /session/4bf8232c0472e0a498fe7ae209f3a21b/screenshot - {}
RESULT: {"using":"xpath","value":"//span[contains(text(), \"Cost Center\")]"}
COMMAND: POST /session/4bf8232c0472e0a498fe7ae209f3a21b/element/f.363B4D137147A2C10141CDA60C7BC6F9.d.68563401057EDF5469AF99C0C8E33891.e.11745/click - {}
RESULT: {}
RESULT: {}
COMMAND: GET /session/4bf8232c0472e0a498fe7ae209f3a21b/screenshot - {}
RESULT: {}
COMMAND: POST /session/4bf8232c0472e0a498fe7ae209f3a21b/element - {"using":"xpath","value":"//span[@id=\"application-manageyards-display-component---NewYard--addressNewCostObjectCstID-vhi\"]"}
RESULT: {"using":"xpath","value":"//span[@id=\"application-manageyards-display-component---NewYard--addressNewCostObjectCstID-vhi\"]"}
COMMAND: POST /session/4bf8232c0472e0a498fe7ae209f3a21b/execute/sync - {"script":"<script> [8489 bytes]","args":[{"element-6066-11e4-a52e-4f735466cecf":"f.363B4D137147A2C10141CDA60C7BC6F9.d.68563401057EDF5469AF99C0C8E33891.e.11749","ELEMENT":"f.363B4D137147A2C10141CDA60C7BC6F9.d.68563401057EDF5469AF99C0C8E33891.e.11749"}]}
RESULT: {"script":"<script> [8489 bytes]","args":[{"element-6066-11e4-a52e-4f735466cecf":"f.363B4D137147A2C10141CDA60C7BC6F9.d.68563401057EDF5469AF99C0C8E33891.e.11749","ELEMENT":"f.363B4D137147A2C10141CDA60C7BC6F9.d.68563401057EDF5469AF99C0C8E33891.e.11749"}]}
RESULT: undefined
COMMAND: POST /session/4bf8232c0472e0a498fe7ae209f3a21b/element - {"using":"xpath","value":"//*[@id=\"application-manageyards-display-component---NewYard--addressNewCostObjectCstID-vhi\"]"}
COMMAND: GET /session/4bf8232c0472e0a498fe7ae209f3a21b/screenshot - {}
RESULT: {"using":"xpath","value":"//*[@id=\"application-manageyards-display-component---NewYard--addressNewCostObjectCstID-vhi\"]"}
COMMAND: POST /session/4bf8232c0472e0a498fe7ae209f3a21b/element/f.363B4D137147A2C10141CDA60C7BC6F9.d.68563401057EDF5469AF99C0C8E33891.e.11749/click - {}
RESULT: {}
RESULT: {}
COMMAND: GET /session/4bf8232c0472e0a498fe7ae209f3a21b/screenshot - {}
RESULT: {}
RESULT: undefined
COMMAND: POST /session/4bf8232c0472e0a498fe7ae209f3a21b/execute/async - {"script":"<script> [776 bytes]","args":[{"enterText":"bauh_b","selector":{"controlType":"sap.m.SearchField","properties":{"placeholder":"Search"},"searchOpenDialogs":true,"interaction":{"idSuffix":"I"}},"clearTextFirst":true,"interactionType":"ENTER_TEXT"}]}
RESULT: {"script":"<script> [776 bytes]","args":[{"enterText":"bauh_b","selector":{"controlType":"sap.m.SearchField","properties":{"placeholder":"Search"},"searchOpenDialogs":true,"interaction":{"idSuffix":"I"}},"clearTextFirst":true,"interactionType":"ENTER_TEXT"}]}
COMMAND: POST /session/4bf8232c0472e0a498fe7ae209f3a21b/actions - {"actions":[{"id":"action32","type":"key","parameters":{},"actions":[{"type":"keyDown","value":"î€‡"},{"type":"pause","duration":10},{"type":"keyUp","value":"î€‡"}]}]}
RESULT: {"actions":[{"id":"action32","type":"key","parameters":{},"actions":[{"type":"keyDown","value":"î€‡"},{"type":"pause","duration":10},{"type":"keyUp","value":"î€‡"}]}]}
COMMAND: GET /session/4bf8232c0472e0a498fe7ae209f3a21b/screenshot - {}
RESULT: {}
COMMAND: POST /session/4bf8232c0472e0a498fe7ae209f3a21b/element - {"using":"xpath","value":"//span[contains(text(), \"Demo Yard\")]"}
RESULT: {"using":"xpath","value":"//span[contains(text(), \"Demo Yard\")]"}
COMMAND: POST /session/4bf8232c0472e0a498fe7ae209f3a21b/element/f.363B4D137147A2C10141CDA60C7BC6F9.d.68563401057EDF5469AF99C0C8E33891.e.11787/click - {}
RESULT: {}
COMMAND: GET /session/4bf8232c0472e0a498fe7ae209f3a21b/screenshot - {}
RESULT: {}
COMMAND: POST /session/4bf8232c0472e0a498fe7ae209f3a21b/element - {"using":"xpath","value":"//bdi[contains(text(), \"OK\")]"}
RESULT: {"using":"xpath","value":"//bdi[contains(text(), \"OK\")]"}
COMMAND: POST /session/4bf8232c0472e0a498fe7ae209f3a21b/element/f.363B4D137147A2C10141CDA60C7BC6F9.d.68563401057EDF5469AF99C0C8E33891.e.11788/click - {}
RESULT: {}
COMMAND: GET /session/4bf8232c0472e0a498fe7ae209f3a21b/screenshot - {}
RESULT: {}
RESULT: undefined
COMMAND: POST /session/4bf8232c0472e0a498fe7ae209f3a21b/element - {"using":"xpath","value":"//*[@id=\"application-manageyards-display-component---NewYard--addressEditDetailsCurrency-arrow\"]"}
RESULT: {"using":"xpath","value":"//*[@id=\"application-manageyards-display-component---NewYard--addressEditDetailsCurrency-arrow\"]"}
COMMAND: POST /session/4bf8232c0472e0a498fe7ae209f3a21b/element/f.363B4D137147A2C10141CDA60C7BC6F9.d.68563401057EDF5469AF99C0C8E33891.e.11791/click - {}
RESULT: {}
COMMAND: POST /session/4bf8232c0472e0a498fe7ae209f3a21b/element - {"using":"xpath","value":"//span[contains(text(), \"Euro\")]"}
COMMAND: GET /session/4bf8232c0472e0a498fe7ae209f3a21b/screenshot - {}
RESULT: {"using":"xpath","value":"//span[contains(text(), \"Euro\")]"}
COMMAND: POST /session/4bf8232c0472e0a498fe7ae209f3a21b/element/f.363B4D137147A2C10141CDA60C7BC6F9.d.68563401057EDF5469AF99C0C8E33891.e.11792/click - {}
RESULT: {}
RESULT: {}
RESULT: undefined
COMMAND: POST /session/4bf8232c0472e0a498fe7ae209f3a21b/execute/async - {"script":"<script> [776 bytes]","args":[{"enterText":"Z001","selector":{"controlType":"sap.m.Input","viewName":"etm.portal.ui.manageyards.view.New","viewId":"application-manageyards-display-component---NewYard","bindingPath":{"path":"","propertyPath":"/CONTROLLING_AREA","modelName":"NewYardModel"},"interaction":{"idSuffix":"inner"}},"clearTextFirst":true,"interactionType":"ENTER_TEXT"}]}
COMMAND: GET /session/4bf8232c0472e0a498fe7ae209f3a21b/screenshot - {}
RESULT: {"script":"<script> [776 bytes]","args":[{"enterText":"Z001","selector":{"controlType":"sap.m.Input","viewName":"etm.portal.ui.manageyards.view.New","viewId":"application-manageyards-display-component---NewYard","bindingPath":{"path":"","propertyPath":"/CONTROLLING_AREA","modelName":"NewYardModel"},"interaction":{"idSuffix":"inner"}},"clearTextFirst":true,"interactionType":"ENTER_TEXT"}]}
RESULT: undefined
COMMAND: POST /session/4bf8232c0472e0a498fe7ae209f3a21b/execute/async - {"script":"<script> [776 bytes]","args":[{"enterText":"1000","selector":{"id":"application-manageyards-display-component---NewYard--companyCodeComboBox","interaction":{"idSuffix":"inner"}},"clearTextFirst":true,"interactionType":"ENTER_TEXT"}]}
RESULT: {}
RESULT: {"script":"<script> [776 bytes]","args":[{"enterText":"1000","selector":{"id":"application-manageyards-display-component---NewYard--companyCodeComboBox","interaction":{"idSuffix":"inner"}},"clearTextFirst":true,"interactionType":"ENTER_TEXT"}]}
RESULT: undefined
COMMAND: POST /session/4bf8232c0472e0a498fe7ae209f3a21b/execute/async - {"script":"<script> [776 bytes]","args":[{"enterText":"1001","selector":{"controlType":"sap.m.Input","viewName":"etm.portal.ui.manageyards.view.New","viewId":"application-manageyards-display-component---NewYard","bindingPath":{"path":"","propertyPath":"/PLANT","modelName":"NewYardModel"},"interaction":{"idSuffix":"inner"}},"clearTextFirst":true,"interactionType":"ENTER_TEXT"}]}
RESULT: {"script":"<script> [776 bytes]","args":[{"enterText":"1001","selector":{"controlType":"sap.m.Input","viewName":"etm.portal.ui.manageyards.view.New","viewId":"application-manageyards-display-component---NewYard","bindingPath":{"path":"","propertyPath":"/PLANT","modelName":"NewYardModel"},"interaction":{"idSuffix":"inner"}},"clearTextFirst":true,"interactionType":"ENTER_TEXT"}]}
RESULT: undefined
COMMAND: POST /session/4bf8232c0472e0a498fe7ae209f3a21b/execute/async - {"script":"<script> [776 bytes]","args":[{"enterText":"C002","selector":{"controlType":"sap.m.Input","viewName":"etm.portal.ui.manageyards.view.New","viewId":"application-manageyards-display-component---NewYard","bindingPath":{"path":"","propertyPath":"/SALES_AREA_VKORG","modelName":"NewYardModel"},"interaction":{"idSuffix":"inner"}},"clearTextFirst":true,"interactionType":"ENTER_TEXT"}]}
RESULT: {"script":"<script> [776 bytes]","args":[{"enterText":"C002","selector":{"controlType":"sap.m.Input","viewName":"etm.portal.ui.manageyards.view.New","viewId":"application-manageyards-display-component---NewYard","bindingPath":{"path":"","propertyPath":"/SALES_AREA_VKORG","modelName":"NewYardModel"},"interaction":{"idSuffix":"inner"}},"clearTextFirst":true,"interactionType":"ENTER_TEXT"}]}
RESULT: undefined
COMMAND: POST /session/4bf8232c0472e0a498fe7ae209f3a21b/execute/async - {"script":"<script> [776 bytes]","args":[{"enterText":"C2","selector":{"controlType":"sap.m.Input","viewName":"etm.portal.ui.manageyards.view.New","viewId":"application-manageyards-display-component---NewYard","bindingPath":{"path":"","propertyPath":"/SALES_AREA_VTWEG","modelName":"NewYardModel"},"interaction":{"idSuffix":"inner"}},"clearTextFirst":true,"interactionType":"ENTER_TEXT"}]}
RESULT: {"script":"<script> [776 bytes]","args":[{"enterText":"C2","selector":{"controlType":"sap.m.Input","viewName":"etm.portal.ui.manageyards.view.New","viewId":"application-manageyards-display-component---NewYard","bindingPath":{"path":"","propertyPath":"/SALES_AREA_VTWEG","modelName":"NewYardModel"},"interaction":{"idSuffix":"inner"}},"clearTextFirst":true,"interactionType":"ENTER_TEXT"}]}
RESULT: undefined
COMMAND: POST /session/4bf8232c0472e0a498fe7ae209f3a21b/execute/async - {"script":"<script> [776 bytes]","args":[{"enterText":"C2","selector":{"controlType":"sap.m.Input","viewName":"etm.portal.ui.manageyards.view.New","viewId":"application-manageyards-display-component---NewYard","bindingPath":{"path":"","propertyPath":"/SALES_AREA_SPART","modelName":"NewYardModel"},"interaction":{"idSuffix":"inner"}},"clearTextFirst":true,"interactionType":"ENTER_TEXT"}]}
RESULT: {"script":"<script> [776 bytes]","args":[{"enterText":"C2","selector":{"controlType":"sap.m.Input","viewName":"etm.portal.ui.manageyards.view.New","viewId":"application-manageyards-display-component---NewYard","bindingPath":{"path":"","propertyPath":"/SALES_AREA_SPART","modelName":"NewYardModel"},"interaction":{"idSuffix":"inner"}},"clearTextFirst":true,"interactionType":"ENTER_TEXT"}]}
RESULT: undefined
COMMAND: POST /session/4bf8232c0472e0a498fe7ae209f3a21b/execute/async - {"script":"<script> [776 bytes]","args":[{"enterText":"1710","selector":{"controlType":"sap.m.Input","viewName":"etm.portal.ui.manageyards.view.New","viewId":"application-manageyards-display-component---NewYard","bindingPath":{"path":"","propertyPath":"/SHIP_POINT","modelName":"NewYardModel"},"interaction":{"idSuffix":"inner"}},"clearTextFirst":true,"interactionType":"ENTER_TEXT"}]}
RESULT: {"script":"<script> [776 bytes]","args":[{"enterText":"1710","selector":{"controlType":"sap.m.Input","viewName":"etm.portal.ui.manageyards.view.New","viewId":"application-manageyards-display-component---NewYard","bindingPath":{"path":"","propertyPath":"/SHIP_POINT","modelName":"NewYardModel"},"interaction":{"idSuffix":"inner"}},"clearTextFirst":true,"interactionType":"ENTER_TEXT"}]}
RESULT: undefined
COMMAND: POST /session/4bf8232c0472e0a498fe7ae209f3a21b/execute/async - {"script":"<script> [776 bytes]","args":[{"enterText":"ZL01","selector":{"controlType":"sap.m.Input","viewName":"etm.portal.ui.manageyards.view.New","viewId":"application-manageyards-display-component---NewYard","bindingPath":{"path":"","propertyPath":"/DELIVERY_TYPE","modelName":"NewYardModel"},"interaction":{"idSuffix":"inner"}},"clearTextFirst":true,"interactionType":"ENTER_TEXT"}]}
RESULT: {"script":"<script> [776 bytes]","args":[{"enterText":"ZL01","selector":{"controlType":"sap.m.Input","viewName":"etm.portal.ui.manageyards.view.New","viewId":"application-manageyards-display-component---NewYard","bindingPath":{"path":"","propertyPath":"/DELIVERY_TYPE","modelName":"NewYardModel"},"interaction":{"idSuffix":"inner"}},"clearTextFirst":true,"interactionType":"ENTER_TEXT"}]}
RESULT: undefined
COMMAND: POST /session/4bf8232c0472e0a498fe7ae209f3a21b/execute/async - {"script":"<script> [776 bytes]","args":[{"enterText":"TA","selector":{"controlType":"sap.m.Input","viewName":"etm.portal.ui.manageyards.view.New","viewId":"application-manageyards-display-component---NewYard","bindingPath":{"path":"","propertyPath":"/AUART","modelName":"NewYardModel"},"interaction":{"idSuffix":"inner"}},"clearTextFirst":true,"interactionType":"ENTER_TEXT"}]}
RESULT: {"script":"<script> [776 bytes]","args":[{"enterText":"TA","selector":{"controlType":"sap.m.Input","viewName":"etm.portal.ui.manageyards.view.New","viewId":"application-manageyards-display-component---NewYard","bindingPath":{"path":"","propertyPath":"/AUART","modelName":"NewYardModel"},"interaction":{"idSuffix":"inner"}},"clearTextFirst":true,"interactionType":"ENTER_TEXT"}]}
COMMAND: POST /session/4bf8232c0472e0a498fe7ae209f3a21b/execute/async - {"script":"<script> [1562 bytes]","args":[{"selector":{"id":"application-manageyards-display-component---NewYard--whmCheckBox","interaction":{"idSuffix":"CbBg"}},"wdio_ui5_key":"applicationmanageyards-display-component---NewYard--whmCheckBox"}]}
RESULT: {"script":"<script> [1562 bytes]","args":[{"selector":{"id":"application-manageyards-display-component---NewYard--whmCheckBox","interaction":{"idSuffix":"CbBg"}},"wdio_ui5_key":"applicationmanageyards-display-component---NewYard--whmCheckBox"}]}
RESULT: undefined
COMMAND: POST /session/4bf8232c0472e0a498fe7ae209f3a21b/element - {"using":"xpath","value":"//*[@id=\"application-manageyards-display-component---NewYard--whmCheckBox\"]"}
RESULT: {"using":"xpath","value":"//*[@id=\"application-manageyards-display-component---NewYard--whmCheckBox\"]"}
COMMAND: POST /session/4bf8232c0472e0a498fe7ae209f3a21b/element/f.363B4D137147A2C10141CDA60C7BC6F9.d.68563401057EDF5469AF99C0C8E33891.e.11802/click - {}
RESULT: {}
COMMAND: GET /session/4bf8232c0472e0a498fe7ae209f3a21b/screenshot - {}
RESULT: {}
COMMAND: POST /session/4bf8232c0472e0a498fe7ae209f3a21b/element - {"using":"xpath","value":"//button[@data-kt=\"newYardSaveButton\"]"}
RESULT: {"using":"xpath","value":"//button[@data-kt=\"newYardSaveButton\"]"}
COMMAND: POST /session/4bf8232c0472e0a498fe7ae209f3a21b/element/f.363B4D137147A2C10141CDA60C7BC6F9.d.68563401057EDF5469AF99C0C8E33891.e.11725/click - {}
RESULT: {}
COMMAND: GET /session/4bf8232c0472e0a498fe7ae209f3a21b/screenshot - {}
RESULT: {}
COMMAND: POST /session/4bf8232c0472e0a498fe7ae209f3a21b/element - {"using":"xpath","value":"//header[contains(@id, 'ObjectPageLayout-headerTitle')]/div[1]/div[2]/div[1]/span[1]"}
RESULT: {"using":"xpath","value":"//header[contains(@id, 'ObjectPageLayout-headerTitle')]/div[1]/div[2]/div[1]/span[1]"}
COMMAND: POST /session/4bf8232c0472e0a498fe7ae209f3a21b/elements - {"using":"xpath","value":"//header[contains(@id, 'ObjectPageLayout-headerTitle')]/div[1]/div[2]/div[1]/span[1]"}
RESULT: {"using":"xpath","value":"//header[contains(@id, 'ObjectPageLayout-headerTitle')]/div[1]/div[2]/div[1]/span[1]"}
COMMAND: POST /session/4bf8232c0472e0a498fe7ae209f3a21b/execute/sync - {"script":"<script> [56 bytes]","args":[{"element-6066-11e4-a52e-4f735466cecf":"f.363B4D137147A2C10141CDA60C7BC6F9.d.68563401057EDF5469AF99C0C8E33891.e.12001","ELEMENT":"f.363B4D137147A2C10141CDA60C7BC6F9.d.68563401057EDF5469AF99C0C8E33891.e.12001"}]}
RESULT: {"script":"<script> [56 bytes]","args":[{"element-6066-11e4-a52e-4f735466cecf":"f.363B4D137147A2C10141CDA60C7BC6F9.d.68563401057EDF5469AF99C0C8E33891.e.12001","ELEMENT":"f.363B4D137147A2C10141CDA60C7BC6F9.d.68563401057EDF5469AF99C0C8E33891.e.12001"}]}
COMMAND: GET /session/4bf8232c0472e0a498fe7ae209f3a21b/screenshot - {}
RESULT: {}
COMMAND: POST /session/4bf8232c0472e0a498fe7ae209f3a21b/element - {"using":"css selector","value":"#shell-header-logo"}
RESULT: {"using":"css selector","value":"#shell-header-logo"}
COMMAND: POST /session/4bf8232c0472e0a498fe7ae209f3a21b/element/f.363B4D137147A2C10141CDA60C7BC6F9.d.68563401057EDF5469AF99C0C8E33891.e.11210/click - {}
RESULT: {}
COMMAND: GET /session/4bf8232c0472e0a498fe7ae209f3a21b/screenshot - {}
RESULT: {}
COMMAND: POST /session/4bf8232c0472e0a498fe7ae209f3a21b/execute/sync - {"script":"<script> [299 bytes]","args":[["getModel","getResource"]]}
RESULT: {"script":"<script> [299 bytes]","args":[["getModel","getResource"]]}
]]></system-out>
    </testcase>
  </testsuite>
</testsuites>