<?xml version="1.0" encoding="UTF-8"?>
<testsuites tests="58" failures="4" errors="4" skipped="0">
  <testsuite timestamp="2025-05-07T17:12:06" time="947.955" tests="11" failures="0" errors="0" skipped="0">
    <properties>
      <property name="specId" value="0" />
      <property name="suiteName" value="Billing confirm US117289" />
      <property name="capabilities" value="chrome.135_0_7049_115.windows" />
      <property name="file" value="file:///D:/a/1/s/test/specs/BTS/billing-confirm.spec.js" />
    </properties>
    <testcase classname="chrome.135_0_7049_115.windows.Billing_confirm_US117289" name="Should create a new yard" time="106.853">
      <system-out><![CDATA[
COMMAND: POST /session/e4ca631e3efb970409c1f6ae88247928/window/fullscreen - {}
RESULT: {}
COMMAND: POST /session/e4ca631e3efb970409c1f6ae88247928/execute/async - {"script":"<script> [1562 bytes]","args":[{"selector":{"controlType":"sap.m.GenericTile","properties":{"header":"Manage Yards"}},"wdio_ui5_key":"sapm.GenericTile{\"header\":\"Manage Yards\"}"}]}
RESULT: {"script":"<script> [1562 bytes]","args":[{"selector":{"controlType":"sap.m.GenericTile","properties":{"header":"Manage Yards"}},"wdio_ui5_key":"sapm.GenericTile{\"header\":\"Manage Yards\"}"}]}
RESULT: undefined
COMMAND: POST /session/e4ca631e3efb970409c1f6ae88247928/element - {"using":"xpath","value":"//*[@id=\"__tile41\"]"}
RESULT: {"using":"xpath","value":"//*[@id=\"__tile41\"]"}
COMMAND: POST /session/e4ca631e3efb970409c1f6ae88247928/element/f.C691F06ADA7EF9549F3769A53F800D74.d.3C3929C3832D6F1FFA3515CDF0710FA5.e.165/click - {}
RESULT: {}
COMMAND: POST /session/e4ca631e3efb970409c1f6ae88247928/element - {"using":"xpath","value":"//button[@data-kt=\"addNewYardOverflowToolbarButton\"]"}
COMMAND: GET /session/e4ca631e3efb970409c1f6ae88247928/screenshot - {}
RESULT: {"using":"xpath","value":"//button[@data-kt=\"addNewYardOverflowToolbarButton\"]"}
COMMAND: POST /session/e4ca631e3efb970409c1f6ae88247928/elements - {"using":"xpath","value":"//button[@data-kt=\"addNewYardOverflowToolbarButton\"]"}
RESULT: {}
RESULT: {"using":"xpath","value":"//button[@data-kt=\"addNewYardOverflowToolbarButton\"]"}
COMMAND: POST /session/e4ca631e3efb970409c1f6ae88247928/elements - {"using":"xpath","value":"//button[@data-kt=\"addNewYardOverflowToolbarButton\"]"}
RESULT: {"using":"xpath","value":"//button[@data-kt=\"addNewYardOverflowToolbarButton\"]"}
COMMAND: POST /session/e4ca631e3efb970409c1f6ae88247928/elements - {"using":"xpath","value":"//button[@data-kt=\"addNewYardOverflowToolbarButton\"]"}
RESULT: {"using":"xpath","value":"//button[@data-kt=\"addNewYardOverflowToolbarButton\"]"}
COMMAND: POST /session/e4ca631e3efb970409c1f6ae88247928/elements - {"using":"xpath","value":"//button[@data-kt=\"addNewYardOverflowToolbarButton\"]"}
RESULT: {"using":"xpath","value":"//button[@data-kt=\"addNewYardOverflowToolbarButton\"]"}
COMMAND: POST /session/e4ca631e3efb970409c1f6ae88247928/elements - {"using":"xpath","value":"//button[@data-kt=\"addNewYardOverflowToolbarButton\"]"}
RESULT: {"using":"xpath","value":"//button[@data-kt=\"addNewYardOverflowToolbarButton\"]"}
COMMAND: POST /session/e4ca631e3efb970409c1f6ae88247928/elements - {"using":"xpath","value":"//button[@data-kt=\"addNewYardOverflowToolbarButton\"]"}
RESULT: {"using":"xpath","value":"//button[@data-kt=\"addNewYardOverflowToolbarButton\"]"}
COMMAND: POST /session/e4ca631e3efb970409c1f6ae88247928/elements - {"using":"xpath","value":"//button[@data-kt=\"addNewYardOverflowToolbarButton\"]"}
RESULT: {"using":"xpath","value":"//button[@data-kt=\"addNewYardOverflowToolbarButton\"]"}
COMMAND: POST /session/e4ca631e3efb970409c1f6ae88247928/elements - {"using":"xpath","value":"//button[@data-kt=\"addNewYardOverflowToolbarButton\"]"}
RESULT: {"using":"xpath","value":"//button[@data-kt=\"addNewYardOverflowToolbarButton\"]"}
COMMAND: POST /session/e4ca631e3efb970409c1f6ae88247928/elements - {"using":"xpath","value":"//button[@data-kt=\"addNewYardOverflowToolbarButton\"]"}
RESULT: {"using":"xpath","value":"//button[@data-kt=\"addNewYardOverflowToolbarButton\"]"}
COMMAND: POST /session/e4ca631e3efb970409c1f6ae88247928/elements - {"using":"xpath","value":"//button[@data-kt=\"addNewYardOverflowToolbarButton\"]"}
RESULT: {"using":"xpath","value":"//button[@data-kt=\"addNewYardOverflowToolbarButton\"]"}
COMMAND: POST /session/e4ca631e3efb970409c1f6ae88247928/elements - {"using":"xpath","value":"//button[@data-kt=\"addNewYardOverflowToolbarButton\"]"}
RESULT: {"using":"xpath","value":"//button[@data-kt=\"addNewYardOverflowToolbarButton\"]"}
COMMAND: POST /session/e4ca631e3efb970409c1f6ae88247928/elements - {"using":"xpath","value":"//button[@data-kt=\"addNewYardOverflowToolbarButton\"]"}
RESULT: {"using":"xpath","value":"//button[@data-kt=\"addNewYardOverflowToolbarButton\"]"}
COMMAND: POST /session/e4ca631e3efb970409c1f6ae88247928/elements - {"using":"xpath","value":"//button[@data-kt=\"addNewYardOverflowToolbarButton\"]"}
RESULT: {"using":"xpath","value":"//button[@data-kt=\"addNewYardOverflowToolbarButton\"]"}
COMMAND: POST /session/e4ca631e3efb970409c1f6ae88247928/elements - {"using":"xpath","value":"//button[@data-kt=\"addNewYardOverflowToolbarButton\"]"}
RESULT: {"using":"xpath","value":"//button[@data-kt=\"addNewYardOverflowToolbarButton\"]"}
COMMAND: POST /session/e4ca631e3efb970409c1f6ae88247928/elements - {"using":"xpath","value":"//button[@data-kt=\"addNewYardOverflowToolbarButton\"]"}
RESULT: {"using":"xpath","value":"//button[@data-kt=\"addNewYardOverflowToolbarButton\"]"}
COMMAND: POST /session/e4ca631e3efb970409c1f6ae88247928/elements - {"using":"xpath","value":"//button[@data-kt=\"addNewYardOverflowToolbarButton\"]"}
RESULT: {"using":"xpath","value":"//button[@data-kt=\"addNewYardOverflowToolbarButton\"]"}
COMMAND: POST /session/e4ca631e3efb970409c1f6ae88247928/elements - {"using":"xpath","value":"//button[@data-kt=\"addNewYardOverflowToolbarButton\"]"}
RESULT: {"using":"xpath","value":"//button[@data-kt=\"addNewYardOverflowToolbarButton\"]"}
COMMAND: POST /session/e4ca631e3efb970409c1f6ae88247928/elements - {"using":"xpath","value":"//button[@data-kt=\"addNewYardOverflowToolbarButton\"]"}
RESULT: {"using":"xpath","value":"//button[@data-kt=\"addNewYardOverflowToolbarButton\"]"}
COMMAND: POST /session/e4ca631e3efb970409c1f6ae88247928/elements - {"using":"xpath","value":"//button[@data-kt=\"addNewYardOverflowToolbarButton\"]"}
RESULT: {"using":"xpath","value":"//button[@data-kt=\"addNewYardOverflowToolbarButton\"]"}
COMMAND: POST /session/e4ca631e3efb970409c1f6ae88247928/elements - {"using":"xpath","value":"//button[@data-kt=\"addNewYardOverflowToolbarButton\"]"}
RESULT: {"using":"xpath","value":"//button[@data-kt=\"addNewYardOverflowToolbarButton\"]"}
COMMAND: POST /session/e4ca631e3efb970409c1f6ae88247928/elements - {"using":"xpath","value":"//button[@data-kt=\"addNewYardOverflowToolbarButton\"]"}
RESULT: {"using":"xpath","value":"//button[@data-kt=\"addNewYardOverflowToolbarButton\"]"}
COMMAND: POST /session/e4ca631e3efb970409c1f6ae88247928/elements - {"using":"xpath","value":"//button[@data-kt=\"addNewYardOverflowToolbarButton\"]"}
RESULT: {"using":"xpath","value":"//button[@data-kt=\"addNewYardOverflowToolbarButton\"]"}
COMMAND: POST /session/e4ca631e3efb970409c1f6ae88247928/elements - {"using":"xpath","value":"//button[@data-kt=\"addNewYardOverflowToolbarButton\"]"}
RESULT: {"using":"xpath","value":"//button[@data-kt=\"addNewYardOverflowToolbarButton\"]"}
COMMAND: POST /session/e4ca631e3efb970409c1f6ae88247928/elements - {"using":"xpath","value":"//button[@data-kt=\"addNewYardOverflowToolbarButton\"]"}
RESULT: {"using":"xpath","value":"//button[@data-kt=\"addNewYardOverflowToolbarButton\"]"}
COMMAND: POST /session/e4ca631e3efb970409c1f6ae88247928/elements - {"using":"xpath","value":"//button[@data-kt=\"addNewYardOverflowToolbarButton\"]"}
RESULT: {"using":"xpath","value":"//button[@data-kt=\"addNewYardOverflowToolbarButton\"]"}
COMMAND: POST /session/e4ca631e3efb970409c1f6ae88247928/elements - {"using":"xpath","value":"//button[@data-kt=\"addNewYardOverflowToolbarButton\"]"}
RESULT: {"using":"xpath","value":"//button[@data-kt=\"addNewYardOverflowToolbarButton\"]"}
COMMAND: POST /session/e4ca631e3efb970409c1f6ae88247928/elements - {"using":"xpath","value":"//button[@data-kt=\"addNewYardOverflowToolbarButton\"]"}
RESULT: {"using":"xpath","value":"//button[@data-kt=\"addNewYardOverflowToolbarButton\"]"}
COMMAND: POST /session/e4ca631e3efb970409c1f6ae88247928/element - {"using":"xpath","value":"//button[@data-kt=\"addNewYardOverflowToolbarButton\"]"}
RESULT: {"using":"xpath","value":"//button[@data-kt=\"addNewYardOverflowToolbarButton\"]"}
COMMAND: POST /session/e4ca631e3efb970409c1f6ae88247928/execute/sync - {"script":"<script> [8489 bytes]","args":[{"element-6066-11e4-a52e-4f735466cecf":"f.C691F06ADA7EF9549F3769A53F800D74.d.3C3929C3832D6F1FFA3515CDF0710FA5.e.300","ELEMENT":"f.C691F06ADA7EF9549F3769A53F800D74.d.3C3929C3832D6F1FFA3515CDF0710FA5.e.300"}]}
RESULT: {"script":"<script> [8489 bytes]","args":[{"element-6066-11e4-a52e-4f735466cecf":"f.C691F06ADA7EF9549F3769A53F800D74.d.3C3929C3832D6F1FFA3515CDF0710FA5.e.300","ELEMENT":"f.C691F06ADA7EF9549F3769A53F800D74.d.3C3929C3832D6F1FFA3515CDF0710FA5.e.300"}]}
COMMAND: GET /session/e4ca631e3efb970409c1f6ae88247928/element/f.C691F06ADA7EF9549F3769A53F800D74.d.3C3929C3832D6F1FFA3515CDF0710FA5.e.300/enabled - {}
COMMAND: GET /session/e4ca631e3efb970409c1f6ae88247928/screenshot - {}
RESULT: {}
COMMAND: POST /session/e4ca631e3efb970409c1f6ae88247928/execute/sync - {"script":"<script> [8489 bytes]","args":[{"element-6066-11e4-a52e-4f735466cecf":"f.C691F06ADA7EF9549F3769A53F800D74.d.3C3929C3832D6F1FFA3515CDF0710FA5.e.300","ELEMENT":"f.C691F06ADA7EF9549F3769A53F800D74.d.3C3929C3832D6F1FFA3515CDF0710FA5.e.300"}]}
COMMAND: GET /session/e4ca631e3efb970409c1f6ae88247928/screenshot - {}
RESULT: {}
RESULT: {"script":"<script> [8489 bytes]","args":[{"element-6066-11e4-a52e-4f735466cecf":"f.C691F06ADA7EF9549F3769A53F800D74.d.3C3929C3832D6F1FFA3515CDF0710FA5.e.300","ELEMENT":"f.C691F06ADA7EF9549F3769A53F800D74.d.3C3929C3832D6F1FFA3515CDF0710FA5.e.300"}]}
COMMAND: POST /session/e4ca631e3efb970409c1f6ae88247928/execute/sync - {"script":"<script> [5351 bytes]","args":[{"element-6066-11e4-a52e-4f735466cecf":"f.C691F06ADA7EF9549F3769A53F800D74.d.3C3929C3832D6F1FFA3515CDF0710FA5.e.300","ELEMENT":"f.C691F06ADA7EF9549F3769A53F800D74.d.3C3929C3832D6F1FFA3515CDF0710FA5.e.300"}]}
COMMAND: GET /session/e4ca631e3efb970409c1f6ae88247928/screenshot - {}
RESULT: {}
RESULT: {"script":"<script> [5351 bytes]","args":[{"element-6066-11e4-a52e-4f735466cecf":"f.C691F06ADA7EF9549F3769A53F800D74.d.3C3929C3832D6F1FFA3515CDF0710FA5.e.300","ELEMENT":"f.C691F06ADA7EF9549F3769A53F800D74.d.3C3929C3832D6F1FFA3515CDF0710FA5.e.300"}]}
COMMAND: POST /session/e4ca631e3efb970409c1f6ae88247928/element/f.C691F06ADA7EF9549F3769A53F800D74.d.3C3929C3832D6F1FFA3515CDF0710FA5.e.300/click - {}
COMMAND: GET /session/e4ca631e3efb970409c1f6ae88247928/screenshot - {}
RESULT: {}
RESULT: {}
COMMAND: GET /session/e4ca631e3efb970409c1f6ae88247928/screenshot - {}
COMMAND: POST /session/e4ca631e3efb970409c1f6ae88247928/element - {"using":"xpath","value":"//input[@id=\"application-manageyards-display-component---NewYard--yardId-inner\"]"}
RESULT: {}
RESULT: {}
RESULT: {"using":"xpath","value":"//input[@id=\"application-manageyards-display-component---NewYard--yardId-inner\"]"}
COMMAND: POST /session/e4ca631e3efb970409c1f6ae88247928/element - {"using":"xpath","value":"//input[@id=\"application-manageyards-display-component---NewYard--yardId-inner\"]"}
RESULT: {"using":"xpath","value":"//input[@id=\"application-manageyards-display-component---NewYard--yardId-inner\"]"}
COMMAND: POST /session/e4ca631e3efb970409c1f6ae88247928/execute/async - {"script":"<script> [1562 bytes]","args":[{"selector":{"id":"application-manageyards-display-component---NewYard--addressDetailDetailsName1","interaction":{"idSuffix":"inner"}},"wdio_ui5_key":"applicationmanageyards-display-component---NewYard--addressDetailDetailsName1"}]}
RESULT: {"script":"<script> [1562 bytes]","args":[{"selector":{"id":"application-manageyards-display-component---NewYard--addressDetailDetailsName1","interaction":{"idSuffix":"inner"}},"wdio_ui5_key":"applicationmanageyards-display-component---NewYard--addressDetailDetailsName1"}]}
RESULT: undefined
COMMAND: POST /session/e4ca631e3efb970409c1f6ae88247928/execute/async - {"script":"<script> [776 bytes]","args":[{"enterText":"Intracompany Yard wdIO","selector":{"id":"application-manageyards-display-component---NewYard--addressDetailDetailsName1","interaction":{"idSuffix":"inner"}},"clearTextFirst":true,"interactionType":"ENTER_TEXT"}]}
RESULT: {"script":"<script> [776 bytes]","args":[{"enterText":"Intracompany Yard wdIO","selector":{"id":"application-manageyards-display-component---NewYard--addressDetailDetailsName1","interaction":{"idSuffix":"inner"}},"clearTextFirst":true,"interactionType":"ENTER_TEXT"}]}
COMMAND: POST /session/e4ca631e3efb970409c1f6ae88247928/execute/async - {"script":"<script> [1562 bytes]","args":[{"selector":{"id":"application-manageyards-display-component---NewYard--addressDetailDetailsLanguage-arrow"},"wdio_ui5_key":"applicationmanageyards-display-component---NewYard--addressDetailDetailsLanguage-arrow"}]}
RESULT: {"script":"<script> [1562 bytes]","args":[{"selector":{"id":"application-manageyards-display-component---NewYard--addressDetailDetailsLanguage-arrow"},"wdio_ui5_key":"applicationmanageyards-display-component---NewYard--addressDetailDetailsLanguage-arrow"}]}
RESULT: undefined
COMMAND: POST /session/e4ca631e3efb970409c1f6ae88247928/element - {"using":"xpath","value":"//*[@id=\"application-manageyards-display-component---NewYard--addressDetailDetailsLanguage-arrow\"]"}
RESULT: {"using":"xpath","value":"//*[@id=\"application-manageyards-display-component---NewYard--addressDetailDetailsLanguage-arrow\"]"}
COMMAND: POST /session/e4ca631e3efb970409c1f6ae88247928/element/f.C691F06ADA7EF9549F3769A53F800D74.d.3C3929C3832D6F1FFA3515CDF0710FA5.e.734/click - {}
RESULT: {}
COMMAND: POST /session/e4ca631e3efb970409c1f6ae88247928/element - {"using":"xpath","value":"//span[contains(text(), \"English\")]"}
COMMAND: GET /session/e4ca631e3efb970409c1f6ae88247928/screenshot - {}
RESULT: {"using":"xpath","value":"//span[contains(text(), \"English\")]"}
COMMAND: POST /session/e4ca631e3efb970409c1f6ae88247928/element/f.C691F06ADA7EF9549F3769A53F800D74.d.3C3929C3832D6F1FFA3515CDF0710FA5.e.735/click - {}
RESULT: {}
RESULT: {}
COMMAND: POST /session/e4ca631e3efb970409c1f6ae88247928/execute/async - {"script":"<script> [1562 bytes]","args":[{"selector":{"id":"application-manageyards-display-component---NewYard--addressDetailDetailsCity1","interaction":{"idSuffix":"inner"}},"wdio_ui5_key":"applicationmanageyards-display-component---NewYard--addressDetailDetailsCity1"}]}
COMMAND: GET /session/e4ca631e3efb970409c1f6ae88247928/screenshot - {}
RESULT: {"script":"<script> [1562 bytes]","args":[{"selector":{"id":"application-manageyards-display-component---NewYard--addressDetailDetailsCity1","interaction":{"idSuffix":"inner"}},"wdio_ui5_key":"applicationmanageyards-display-component---NewYard--addressDetailDetailsCity1"}]}
RESULT: undefined
COMMAND: POST /session/e4ca631e3efb970409c1f6ae88247928/execute/async - {"script":"<script> [776 bytes]","args":[{"enterText":"Rosario","selector":{"id":"application-manageyards-display-component---NewYard--addressDetailDetailsCity1","interaction":{"idSuffix":"inner"}},"clearTextFirst":true,"interactionType":"ENTER_TEXT"}]}
RESULT: {}
RESULT: {"script":"<script> [776 bytes]","args":[{"enterText":"Rosario","selector":{"id":"application-manageyards-display-component---NewYard--addressDetailDetailsCity1","interaction":{"idSuffix":"inner"}},"clearTextFirst":true,"interactionType":"ENTER_TEXT"}]}
COMMAND: POST /session/e4ca631e3efb970409c1f6ae88247928/execute/async - {"script":"<script> [1562 bytes]","args":[{"selector":{"id":"application-manageyards-display-component---NewYard--addressDetailDetailsCountry-arrow"},"wdio_ui5_key":"applicationmanageyards-display-component---NewYard--addressDetailDetailsCountry-arrow"}]}
RESULT: {"script":"<script> [1562 bytes]","args":[{"selector":{"id":"application-manageyards-display-component---NewYard--addressDetailDetailsCountry-arrow"},"wdio_ui5_key":"applicationmanageyards-display-component---NewYard--addressDetailDetailsCountry-arrow"}]}
RESULT: undefined
COMMAND: POST /session/e4ca631e3efb970409c1f6ae88247928/element - {"using":"xpath","value":"//*[@id=\"application-manageyards-display-component---NewYard--addressDetailDetailsCountry-arrow\"]"}
RESULT: {"using":"xpath","value":"//*[@id=\"application-manageyards-display-component---NewYard--addressDetailDetailsCountry-arrow\"]"}
COMMAND: POST /session/e4ca631e3efb970409c1f6ae88247928/element/f.C691F06ADA7EF9549F3769A53F800D74.d.3C3929C3832D6F1FFA3515CDF0710FA5.e.737/click - {}
RESULT: {}
COMMAND: POST /session/e4ca631e3efb970409c1f6ae88247928/element - {"using":"xpath","value":"//span[contains(text(), \"Argentina\")]"}
COMMAND: GET /session/e4ca631e3efb970409c1f6ae88247928/screenshot - {}
RESULT: {"using":"xpath","value":"//span[contains(text(), \"Argentina\")]"}
COMMAND: POST /session/e4ca631e3efb970409c1f6ae88247928/element/f.C691F06ADA7EF9549F3769A53F800D74.d.3C3929C3832D6F1FFA3515CDF0710FA5.e.738/click - {}
RESULT: {}
RESULT: {}
COMMAND: POST /session/e4ca631e3efb970409c1f6ae88247928/execute/async - {"script":"<script> [1562 bytes]","args":[{"selector":{"id":"application-manageyards-display-component---NewYard--addressEditDetailsCostObjectCstType-arrow"},"wdio_ui5_key":"applicationmanageyards-display-component---NewYard--addressEditDetailsCostObjectCstType-arrow"}]}
COMMAND: GET /session/e4ca631e3efb970409c1f6ae88247928/screenshot - {}
RESULT: {"script":"<script> [1562 bytes]","args":[{"selector":{"id":"application-manageyards-display-component---NewYard--addressEditDetailsCostObjectCstType-arrow"},"wdio_ui5_key":"applicationmanageyards-display-component---NewYard--addressEditDetailsCostObjectCstType-arrow"}]}
RESULT: undefined
COMMAND: POST /session/e4ca631e3efb970409c1f6ae88247928/element - {"using":"xpath","value":"//*[@id=\"application-manageyards-display-component---NewYard--addressEditDetailsCostObjectCstType-arrow\"]"}
RESULT: {}
RESULT: {"using":"xpath","value":"//*[@id=\"application-manageyards-display-component---NewYard--addressEditDetailsCostObjectCstType-arrow\"]"}
COMMAND: POST /session/e4ca631e3efb970409c1f6ae88247928/element/f.C691F06ADA7EF9549F3769A53F800D74.d.3C3929C3832D6F1FFA3515CDF0710FA5.e.740/click - {}
RESULT: {}
COMMAND: POST /session/e4ca631e3efb970409c1f6ae88247928/element - {"using":"xpath","value":"//span[contains(text(), \"Cost Center\")]"}
COMMAND: GET /session/e4ca631e3efb970409c1f6ae88247928/screenshot - {}
RESULT: {"using":"xpath","value":"//span[contains(text(), \"Cost Center\")]"}
COMMAND: POST /session/e4ca631e3efb970409c1f6ae88247928/element/f.C691F06ADA7EF9549F3769A53F800D74.d.3C3929C3832D6F1FFA3515CDF0710FA5.e.741/click - {}
RESULT: {}
RESULT: {}
COMMAND: GET /session/e4ca631e3efb970409c1f6ae88247928/screenshot - {}
RESULT: {}
COMMAND: POST /session/e4ca631e3efb970409c1f6ae88247928/element - {"using":"xpath","value":"//span[@id=\"application-manageyards-display-component---NewYard--addressNewCostObjectCstID-vhi\"]"}
RESULT: {"using":"xpath","value":"//span[@id=\"application-manageyards-display-component---NewYard--addressNewCostObjectCstID-vhi\"]"}
COMMAND: POST /session/e4ca631e3efb970409c1f6ae88247928/execute/sync - {"script":"<script> [8489 bytes]","args":[{"element-6066-11e4-a52e-4f735466cecf":"f.C691F06ADA7EF9549F3769A53F800D74.d.3C3929C3832D6F1FFA3515CDF0710FA5.e.745","ELEMENT":"f.C691F06ADA7EF9549F3769A53F800D74.d.3C3929C3832D6F1FFA3515CDF0710FA5.e.745"}]}
RESULT: {"script":"<script> [8489 bytes]","args":[{"element-6066-11e4-a52e-4f735466cecf":"f.C691F06ADA7EF9549F3769A53F800D74.d.3C3929C3832D6F1FFA3515CDF0710FA5.e.745","ELEMENT":"f.C691F06ADA7EF9549F3769A53F800D74.d.3C3929C3832D6F1FFA3515CDF0710FA5.e.745"}]}
COMMAND: POST /session/e4ca631e3efb970409c1f6ae88247928/execute/async - {"script":"<script> [1562 bytes]","args":[{"selector":{"id":"application-manageyards-display-component---NewYard--addressNewCostObjectCstID-vhi"},"wdio_ui5_key":"applicationmanageyards-display-component---NewYard--addressNewCostObjectCstID-vhi"}]}
COMMAND: GET /session/e4ca631e3efb970409c1f6ae88247928/screenshot - {}
RESULT: {"script":"<script> [1562 bytes]","args":[{"selector":{"id":"application-manageyards-display-component---NewYard--addressNewCostObjectCstID-vhi"},"wdio_ui5_key":"applicationmanageyards-display-component---NewYard--addressNewCostObjectCstID-vhi"}]}
RESULT: undefined
COMMAND: POST /session/e4ca631e3efb970409c1f6ae88247928/element - {"using":"xpath","value":"//*[@id=\"application-manageyards-display-component---NewYard--addressNewCostObjectCstID-vhi\"]"}
RESULT: {}
RESULT: {"using":"xpath","value":"//*[@id=\"application-manageyards-display-component---NewYard--addressNewCostObjectCstID-vhi\"]"}
COMMAND: POST /session/e4ca631e3efb970409c1f6ae88247928/element/f.C691F06ADA7EF9549F3769A53F800D74.d.3C3929C3832D6F1FFA3515CDF0710FA5.e.745/click - {}
RESULT: {}
COMMAND: GET /session/e4ca631e3efb970409c1f6ae88247928/screenshot - {}
RESULT: {}
COMMAND: POST /session/e4ca631e3efb970409c1f6ae88247928/execute/async - {"script":"<script> [1562 bytes]","args":[{"selector":{"controlType":"sap.m.SearchField","properties":{"placeholder":"Search"},"searchOpenDialogs":true,"interaction":{"idSuffix":"I"}},"wdio_ui5_key":"sapm.SearchField{\"placeholder\":\"Search\"}"}]}
RESULT: {"script":"<script> [1562 bytes]","args":[{"selector":{"controlType":"sap.m.SearchField","properties":{"placeholder":"Search"},"searchOpenDialogs":true,"interaction":{"idSuffix":"I"}},"wdio_ui5_key":"sapm.SearchField{\"placeholder\":\"Search\"}"}]}
RESULT: undefined
COMMAND: POST /session/e4ca631e3efb970409c1f6ae88247928/execute/async - {"script":"<script> [776 bytes]","args":[{"enterText":"10001013","selector":{"controlType":"sap.m.SearchField","properties":{"placeholder":"Search"},"searchOpenDialogs":true,"interaction":{"idSuffix":"I"}},"clearTextFirst":true,"interactionType":"ENTER_TEXT"}]}
RESULT: {"script":"<script> [776 bytes]","args":[{"enterText":"10001013","selector":{"controlType":"sap.m.SearchField","properties":{"placeholder":"Search"},"searchOpenDialogs":true,"interaction":{"idSuffix":"I"}},"clearTextFirst":true,"interactionType":"ENTER_TEXT"}]}
COMMAND: POST /session/e4ca631e3efb970409c1f6ae88247928/actions - {"actions":[{"id":"action1","type":"key","parameters":{},"actions":[{"type":"keyDown","value":"î€‡"},{"type":"pause","duration":10},{"type":"keyUp","value":"î€‡"}]}]}
RESULT: {"actions":[{"id":"action1","type":"key","parameters":{},"actions":[{"type":"keyDown","value":"î€‡"},{"type":"pause","duration":10},{"type":"keyUp","value":"î€‡"}]}]}
COMMAND: GET /session/e4ca631e3efb970409c1f6ae88247928/screenshot - {}
RESULT: {}
COMMAND: POST /session/e4ca631e3efb970409c1f6ae88247928/element - {"using":"xpath","value":"//span[contains(text(), \"General Management\")]"}
RESULT: {"using":"xpath","value":"//span[contains(text(), \"General Management\")]"}
COMMAND: POST /session/e4ca631e3efb970409c1f6ae88247928/element/f.C691F06ADA7EF9549F3769A53F800D74.d.3C3929C3832D6F1FFA3515CDF0710FA5.e.785/click - {}
RESULT: {}
COMMAND: GET /session/e4ca631e3efb970409c1f6ae88247928/screenshot - {}
RESULT: {}
COMMAND: POST /session/e4ca631e3efb970409c1f6ae88247928/element - {"using":"xpath","value":"//bdi[contains(text(), \"OK\")]"}
RESULT: {"using":"xpath","value":"//bdi[contains(text(), \"OK\")]"}
COMMAND: POST /session/e4ca631e3efb970409c1f6ae88247928/element/f.C691F06ADA7EF9549F3769A53F800D74.d.3C3929C3832D6F1FFA3515CDF0710FA5.e.786/click - {}
RESULT: {}
COMMAND: GET /session/e4ca631e3efb970409c1f6ae88247928/screenshot - {}
RESULT: {}
COMMAND: POST /session/e4ca631e3efb970409c1f6ae88247928/execute/async - {"script":"<script> [1562 bytes]","args":[{"selector":{"id":"application-manageyards-display-component---NewYard--addressEditDetailsCurrency-arrow"},"wdio_ui5_key":"applicationmanageyards-display-component---NewYard--addressEditDetailsCurrency-arrow"}]}
RESULT: {"script":"<script> [1562 bytes]","args":[{"selector":{"id":"application-manageyards-display-component---NewYard--addressEditDetailsCurrency-arrow"},"wdio_ui5_key":"applicationmanageyards-display-component---NewYard--addressEditDetailsCurrency-arrow"}]}
RESULT: undefined
COMMAND: POST /session/e4ca631e3efb970409c1f6ae88247928/element - {"using":"xpath","value":"//*[@id=\"application-manageyards-display-component---NewYard--addressEditDetailsCurrency-arrow\"]"}
RESULT: {"using":"xpath","value":"//*[@id=\"application-manageyards-display-component---NewYard--addressEditDetailsCurrency-arrow\"]"}
COMMAND: POST /session/e4ca631e3efb970409c1f6ae88247928/element/f.C691F06ADA7EF9549F3769A53F800D74.d.3C3929C3832D6F1FFA3515CDF0710FA5.e.789/click - {}
RESULT: {}
COMMAND: POST /session/e4ca631e3efb970409c1f6ae88247928/element - {"using":"xpath","value":"//span[contains(text(), \"Euro\")]"}
COMMAND: GET /session/e4ca631e3efb970409c1f6ae88247928/screenshot - {}
RESULT: {"using":"xpath","value":"//span[contains(text(), \"Euro\")]"}
COMMAND: POST /session/e4ca631e3efb970409c1f6ae88247928/element/f.C691F06ADA7EF9549F3769A53F800D74.d.3C3929C3832D6F1FFA3515CDF0710FA5.e.790/click - {}
RESULT: {}
RESULT: {}
COMMAND: POST /session/e4ca631e3efb970409c1f6ae88247928/execute/async - {"script":"<script> [1562 bytes]","args":[{"selector":{"controlType":"sap.m.Input","viewName":"etm.portal.ui.manageyards.view.New","viewId":"application-manageyards-display-component---NewYard","bindingPath":{"path":"","propertyPath":"/CONTROLLING_AREA","modelName":"NewYardModel"},"interaction":{"idSuffix":"inner"}},"wdio_ui5_key":"etmportal.ui.manageyards.view.Newsap.m.Input{\"path\":\"\",\"propertyPath\":\"/CONTROLLING_AREA\",\"modelName\":\"NewYardModel\"}"}]}
COMMAND: GET /session/e4ca631e3efb970409c1f6ae88247928/screenshot - {}
RESULT: {"script":"<script> [1562 bytes]","args":[{"selector":{"controlType":"sap.m.Input","viewName":"etm.portal.ui.manageyards.view.New","viewId":"application-manageyards-display-component---NewYard","bindingPath":{"path":"","propertyPath":"/CONTROLLING_AREA","modelName":"NewYardModel"},"interaction":{"idSuffix":"inner"}},"wdio_ui5_key":"etmportal.ui.manageyards.view.Newsap.m.Input{\"path\":\"\",\"propertyPath\":\"/CONTROLLING_AREA\",\"modelName\":\"NewYardModel\"}"}]}
RESULT: undefined
COMMAND: POST /session/e4ca631e3efb970409c1f6ae88247928/execute/async - {"script":"<script> [776 bytes]","args":[{"enterText":"Z001","selector":{"controlType":"sap.m.Input","viewName":"etm.portal.ui.manageyards.view.New","viewId":"application-manageyards-display-component---NewYard","bindingPath":{"path":"","propertyPath":"/CONTROLLING_AREA","modelName":"NewYardModel"},"interaction":{"idSuffix":"inner"}},"clearTextFirst":true,"interactionType":"ENTER_TEXT"}]}
RESULT: {}
RESULT: {"script":"<script> [776 bytes]","args":[{"enterText":"Z001","selector":{"controlType":"sap.m.Input","viewName":"etm.portal.ui.manageyards.view.New","viewId":"application-manageyards-display-component---NewYard","bindingPath":{"path":"","propertyPath":"/CONTROLLING_AREA","modelName":"NewYardModel"},"interaction":{"idSuffix":"inner"}},"clearTextFirst":true,"interactionType":"ENTER_TEXT"}]}
COMMAND: POST /session/e4ca631e3efb970409c1f6ae88247928/execute/async - {"script":"<script> [1562 bytes]","args":[{"selector":{"id":"application-manageyards-display-component---NewYard--companyCodeComboBox","interaction":{"idSuffix":"inner"}},"wdio_ui5_key":"applicationmanageyards-display-component---NewYard--companyCodeComboBox"}]}
RESULT: {"script":"<script> [1562 bytes]","args":[{"selector":{"id":"application-manageyards-display-component---NewYard--companyCodeComboBox","interaction":{"idSuffix":"inner"}},"wdio_ui5_key":"applicationmanageyards-display-component---NewYard--companyCodeComboBox"}]}
RESULT: undefined
COMMAND: POST /session/e4ca631e3efb970409c1f6ae88247928/execute/async - {"script":"<script> [776 bytes]","args":[{"enterText":"1000","selector":{"id":"application-manageyards-display-component---NewYard--companyCodeComboBox","interaction":{"idSuffix":"inner"}},"clearTextFirst":true,"interactionType":"ENTER_TEXT"}]}
RESULT: {"script":"<script> [776 bytes]","args":[{"enterText":"1000","selector":{"id":"application-manageyards-display-component---NewYard--companyCodeComboBox","interaction":{"idSuffix":"inner"}},"clearTextFirst":true,"interactionType":"ENTER_TEXT"}]}
COMMAND: POST /session/e4ca631e3efb970409c1f6ae88247928/execute/async - {"script":"<script> [1562 bytes]","args":[{"selector":{"controlType":"sap.m.Input","viewName":"etm.portal.ui.manageyards.view.New","viewId":"application-manageyards-display-component---NewYard","bindingPath":{"path":"","propertyPath":"/PLANT","modelName":"NewYardModel"},"interaction":{"idSuffix":"inner"}},"wdio_ui5_key":"etmportal.ui.manageyards.view.Newsap.m.Input{\"path\":\"\",\"propertyPath\":\"/PLANT\",\"modelName\":\"NewYardModel\"}"}]}
RESULT: {"script":"<script> [1562 bytes]","args":[{"selector":{"controlType":"sap.m.Input","viewName":"etm.portal.ui.manageyards.view.New","viewId":"application-manageyards-display-component---NewYard","bindingPath":{"path":"","propertyPath":"/PLANT","modelName":"NewYardModel"},"interaction":{"idSuffix":"inner"}},"wdio_ui5_key":"etmportal.ui.manageyards.view.Newsap.m.Input{\"path\":\"\",\"propertyPath\":\"/PLANT\",\"modelName\":\"NewYardModel\"}"}]}
RESULT: undefined
COMMAND: POST /session/e4ca631e3efb970409c1f6ae88247928/execute/async - {"script":"<script> [776 bytes]","args":[{"enterText":"1001","selector":{"controlType":"sap.m.Input","viewName":"etm.portal.ui.manageyards.view.New","viewId":"application-manageyards-display-component---NewYard","bindingPath":{"path":"","propertyPath":"/PLANT","modelName":"NewYardModel"},"interaction":{"idSuffix":"inner"}},"clearTextFirst":true,"interactionType":"ENTER_TEXT"}]}
RESULT: {"script":"<script> [776 bytes]","args":[{"enterText":"1001","selector":{"controlType":"sap.m.Input","viewName":"etm.portal.ui.manageyards.view.New","viewId":"application-manageyards-display-component---NewYard","bindingPath":{"path":"","propertyPath":"/PLANT","modelName":"NewYardModel"},"interaction":{"idSuffix":"inner"}},"clearTextFirst":true,"interactionType":"ENTER_TEXT"}]}
COMMAND: POST /session/e4ca631e3efb970409c1f6ae88247928/execute/async - {"script":"<script> [1562 bytes]","args":[{"selector":{"controlType":"sap.m.Input","viewName":"etm.portal.ui.manageyards.view.New","viewId":"application-manageyards-display-component---NewYard","bindingPath":{"path":"","propertyPath":"/SALES_AREA_VKORG","modelName":"NewYardModel"},"interaction":{"idSuffix":"inner"}},"wdio_ui5_key":"etmportal.ui.manageyards.view.Newsap.m.Input{\"path\":\"\",\"propertyPath\":\"/SALES_AREA_VKORG\",\"modelName\":\"NewYardModel\"}"}]}
RESULT: {"script":"<script> [1562 bytes]","args":[{"selector":{"controlType":"sap.m.Input","viewName":"etm.portal.ui.manageyards.view.New","viewId":"application-manageyards-display-component---NewYard","bindingPath":{"path":"","propertyPath":"/SALES_AREA_VKORG","modelName":"NewYardModel"},"interaction":{"idSuffix":"inner"}},"wdio_ui5_key":"etmportal.ui.manageyards.view.Newsap.m.Input{\"path\":\"\",\"propertyPath\":\"/SALES_AREA_VKORG\",\"modelName\":\"NewYardModel\"}"}]}
RESULT: undefined
COMMAND: POST /session/e4ca631e3efb970409c1f6ae88247928/execute/async - {"script":"<script> [776 bytes]","args":[{"enterText":"C002","selector":{"controlType":"sap.m.Input","viewName":"etm.portal.ui.manageyards.view.New","viewId":"application-manageyards-display-component---NewYard","bindingPath":{"path":"","propertyPath":"/SALES_AREA_VKORG","modelName":"NewYardModel"},"interaction":{"idSuffix":"inner"}},"clearTextFirst":true,"interactionType":"ENTER_TEXT"}]}
RESULT: {"script":"<script> [776 bytes]","args":[{"enterText":"C002","selector":{"controlType":"sap.m.Input","viewName":"etm.portal.ui.manageyards.view.New","viewId":"application-manageyards-display-component---NewYard","bindingPath":{"path":"","propertyPath":"/SALES_AREA_VKORG","modelName":"NewYardModel"},"interaction":{"idSuffix":"inner"}},"clearTextFirst":true,"interactionType":"ENTER_TEXT"}]}
COMMAND: POST /session/e4ca631e3efb970409c1f6ae88247928/execute/async - {"script":"<script> [1562 bytes]","args":[{"selector":{"controlType":"sap.m.Input","viewName":"etm.portal.ui.manageyards.view.New","viewId":"application-manageyards-display-component---NewYard","bindingPath":{"path":"","propertyPath":"/SALES_AREA_VTWEG","modelName":"NewYardModel"},"interaction":{"idSuffix":"inner"}},"wdio_ui5_key":"etmportal.ui.manageyards.view.Newsap.m.Input{\"path\":\"\",\"propertyPath\":\"/SALES_AREA_VTWEG\",\"modelName\":\"NewYardModel\"}"}]}
RESULT: {"script":"<script> [1562 bytes]","args":[{"selector":{"controlType":"sap.m.Input","viewName":"etm.portal.ui.manageyards.view.New","viewId":"application-manageyards-display-component---NewYard","bindingPath":{"path":"","propertyPath":"/SALES_AREA_VTWEG","modelName":"NewYardModel"},"interaction":{"idSuffix":"inner"}},"wdio_ui5_key":"etmportal.ui.manageyards.view.Newsap.m.Input{\"path\":\"\",\"propertyPath\":\"/SALES_AREA_VTWEG\",\"modelName\":\"NewYardModel\"}"}]}
RESULT: undefined
COMMAND: POST /session/e4ca631e3efb970409c1f6ae88247928/execute/async - {"script":"<script> [776 bytes]","args":[{"enterText":"C2","selector":{"controlType":"sap.m.Input","viewName":"etm.portal.ui.manageyards.view.New","viewId":"application-manageyards-display-component---NewYard","bindingPath":{"path":"","propertyPath":"/SALES_AREA_VTWEG","modelName":"NewYardModel"},"interaction":{"idSuffix":"inner"}},"clearTextFirst":true,"interactionType":"ENTER_TEXT"}]}
RESULT: {"script":"<script> [776 bytes]","args":[{"enterText":"C2","selector":{"controlType":"sap.m.Input","viewName":"etm.portal.ui.manageyards.view.New","viewId":"application-manageyards-display-component---NewYard","bindingPath":{"path":"","propertyPath":"/SALES_AREA_VTWEG","modelName":"NewYardModel"},"interaction":{"idSuffix":"inner"}},"clearTextFirst":true,"interactionType":"ENTER_TEXT"}]}
COMMAND: POST /session/e4ca631e3efb970409c1f6ae88247928/execute/async - {"script":"<script> [1562 bytes]","args":[{"selector":{"controlType":"sap.m.Input","viewName":"etm.portal.ui.manageyards.view.New","viewId":"application-manageyards-display-component---NewYard","bindingPath":{"path":"","propertyPath":"/SALES_AREA_SPART","modelName":"NewYardModel"},"interaction":{"idSuffix":"inner"}},"wdio_ui5_key":"etmportal.ui.manageyards.view.Newsap.m.Input{\"path\":\"\",\"propertyPath\":\"/SALES_AREA_SPART\",\"modelName\":\"NewYardModel\"}"}]}
RESULT: {"script":"<script> [1562 bytes]","args":[{"selector":{"controlType":"sap.m.Input","viewName":"etm.portal.ui.manageyards.view.New","viewId":"application-manageyards-display-component---NewYard","bindingPath":{"path":"","propertyPath":"/SALES_AREA_SPART","modelName":"NewYardModel"},"interaction":{"idSuffix":"inner"}},"wdio_ui5_key":"etmportal.ui.manageyards.view.Newsap.m.Input{\"path\":\"\",\"propertyPath\":\"/SALES_AREA_SPART\",\"modelName\":\"NewYardModel\"}"}]}
RESULT: undefined
COMMAND: POST /session/e4ca631e3efb970409c1f6ae88247928/execute/async - {"script":"<script> [776 bytes]","args":[{"enterText":"C2","selector":{"controlType":"sap.m.Input","viewName":"etm.portal.ui.manageyards.view.New","viewId":"application-manageyards-display-component---NewYard","bindingPath":{"path":"","propertyPath":"/SALES_AREA_SPART","modelName":"NewYardModel"},"interaction":{"idSuffix":"inner"}},"clearTextFirst":true,"interactionType":"ENTER_TEXT"}]}
RESULT: {"script":"<script> [776 bytes]","args":[{"enterText":"C2","selector":{"controlType":"sap.m.Input","viewName":"etm.portal.ui.manageyards.view.New","viewId":"application-manageyards-display-component---NewYard","bindingPath":{"path":"","propertyPath":"/SALES_AREA_SPART","modelName":"NewYardModel"},"interaction":{"idSuffix":"inner"}},"clearTextFirst":true,"interactionType":"ENTER_TEXT"}]}
COMMAND: POST /session/e4ca631e3efb970409c1f6ae88247928/execute/async - {"script":"<script> [1562 bytes]","args":[{"selector":{"controlType":"sap.m.Input","viewName":"etm.portal.ui.manageyards.view.New","viewId":"application-manageyards-display-component---NewYard","bindingPath":{"path":"","propertyPath":"/SHIP_POINT","modelName":"NewYardModel"},"interaction":{"idSuffix":"inner"}},"wdio_ui5_key":"etmportal.ui.manageyards.view.Newsap.m.Input{\"path\":\"\",\"propertyPath\":\"/SHIP_POINT\",\"modelName\":\"NewYardModel\"}"}]}
RESULT: {"script":"<script> [1562 bytes]","args":[{"selector":{"controlType":"sap.m.Input","viewName":"etm.portal.ui.manageyards.view.New","viewId":"application-manageyards-display-component---NewYard","bindingPath":{"path":"","propertyPath":"/SHIP_POINT","modelName":"NewYardModel"},"interaction":{"idSuffix":"inner"}},"wdio_ui5_key":"etmportal.ui.manageyards.view.Newsap.m.Input{\"path\":\"\",\"propertyPath\":\"/SHIP_POINT\",\"modelName\":\"NewYardModel\"}"}]}
RESULT: undefined
COMMAND: POST /session/e4ca631e3efb970409c1f6ae88247928/execute/async - {"script":"<script> [776 bytes]","args":[{"enterText":"1710","selector":{"controlType":"sap.m.Input","viewName":"etm.portal.ui.manageyards.view.New","viewId":"application-manageyards-display-component---NewYard","bindingPath":{"path":"","propertyPath":"/SHIP_POINT","modelName":"NewYardModel"},"interaction":{"idSuffix":"inner"}},"clearTextFirst":true,"interactionType":"ENTER_TEXT"}]}
RESULT: {"script":"<script> [776 bytes]","args":[{"enterText":"1710","selector":{"controlType":"sap.m.Input","viewName":"etm.portal.ui.manageyards.view.New","viewId":"application-manageyards-display-component---NewYard","bindingPath":{"path":"","propertyPath":"/SHIP_POINT","modelName":"NewYardModel"},"interaction":{"idSuffix":"inner"}},"clearTextFirst":true,"interactionType":"ENTER_TEXT"}]}
COMMAND: POST /session/e4ca631e3efb970409c1f6ae88247928/execute/async - {"script":"<script> [1562 bytes]","args":[{"selector":{"controlType":"sap.m.Input","viewName":"etm.portal.ui.manageyards.view.New","viewId":"application-manageyards-display-component---NewYard","bindingPath":{"path":"","propertyPath":"/DELIVERY_TYPE","modelName":"NewYardModel"},"interaction":{"idSuffix":"inner"}},"wdio_ui5_key":"etmportal.ui.manageyards.view.Newsap.m.Input{\"path\":\"\",\"propertyPath\":\"/DELIVERY_TYPE\",\"modelName\":\"NewYardModel\"}"}]}
RESULT: {"script":"<script> [1562 bytes]","args":[{"selector":{"controlType":"sap.m.Input","viewName":"etm.portal.ui.manageyards.view.New","viewId":"application-manageyards-display-component---NewYard","bindingPath":{"path":"","propertyPath":"/DELIVERY_TYPE","modelName":"NewYardModel"},"interaction":{"idSuffix":"inner"}},"wdio_ui5_key":"etmportal.ui.manageyards.view.Newsap.m.Input{\"path\":\"\",\"propertyPath\":\"/DELIVERY_TYPE\",\"modelName\":\"NewYardModel\"}"}]}
RESULT: undefined
COMMAND: POST /session/e4ca631e3efb970409c1f6ae88247928/execute/async - {"script":"<script> [776 bytes]","args":[{"enterText":"ZL01","selector":{"controlType":"sap.m.Input","viewName":"etm.portal.ui.manageyards.view.New","viewId":"application-manageyards-display-component---NewYard","bindingPath":{"path":"","propertyPath":"/DELIVERY_TYPE","modelName":"NewYardModel"},"interaction":{"idSuffix":"inner"}},"clearTextFirst":true,"interactionType":"ENTER_TEXT"}]}
RESULT: {"script":"<script> [776 bytes]","args":[{"enterText":"ZL01","selector":{"controlType":"sap.m.Input","viewName":"etm.portal.ui.manageyards.view.New","viewId":"application-manageyards-display-component---NewYard","bindingPath":{"path":"","propertyPath":"/DELIVERY_TYPE","modelName":"NewYardModel"},"interaction":{"idSuffix":"inner"}},"clearTextFirst":true,"interactionType":"ENTER_TEXT"}]}
COMMAND: POST /session/e4ca631e3efb970409c1f6ae88247928/execute/async - {"script":"<script> [1562 bytes]","args":[{"selector":{"controlType":"sap.m.Input","viewName":"etm.portal.ui.manageyards.view.New","viewId":"application-manageyards-display-component---NewYard","bindingPath":{"path":"","propertyPath":"/AUART","modelName":"NewYardModel"},"interaction":{"idSuffix":"inner"}},"wdio_ui5_key":"etmportal.ui.manageyards.view.Newsap.m.Input{\"path\":\"\",\"propertyPath\":\"/AUART\",\"modelName\":\"NewYardModel\"}"}]}
RESULT: {"script":"<script> [1562 bytes]","args":[{"selector":{"controlType":"sap.m.Input","viewName":"etm.portal.ui.manageyards.view.New","viewId":"application-manageyards-display-component---NewYard","bindingPath":{"path":"","propertyPath":"/AUART","modelName":"NewYardModel"},"interaction":{"idSuffix":"inner"}},"wdio_ui5_key":"etmportal.ui.manageyards.view.Newsap.m.Input{\"path\":\"\",\"propertyPath\":\"/AUART\",\"modelName\":\"NewYardModel\"}"}]}
RESULT: undefined
COMMAND: POST /session/e4ca631e3efb970409c1f6ae88247928/execute/async - {"script":"<script> [776 bytes]","args":[{"enterText":"TA","selector":{"controlType":"sap.m.Input","viewName":"etm.portal.ui.manageyards.view.New","viewId":"application-manageyards-display-component---NewYard","bindingPath":{"path":"","propertyPath":"/AUART","modelName":"NewYardModel"},"interaction":{"idSuffix":"inner"}},"clearTextFirst":true,"interactionType":"ENTER_TEXT"}]}
RESULT: {"script":"<script> [776 bytes]","args":[{"enterText":"TA","selector":{"controlType":"sap.m.Input","viewName":"etm.portal.ui.manageyards.view.New","viewId":"application-manageyards-display-component---NewYard","bindingPath":{"path":"","propertyPath":"/AUART","modelName":"NewYardModel"},"interaction":{"idSuffix":"inner"}},"clearTextFirst":true,"interactionType":"ENTER_TEXT"}]}
COMMAND: POST /session/e4ca631e3efb970409c1f6ae88247928/element - {"using":"xpath","value":"//button[@data-kt=\"newYardSaveButton\"]"}
RESULT: {"using":"xpath","value":"//button[@data-kt=\"newYardSaveButton\"]"}
COMMAND: POST /session/e4ca631e3efb970409c1f6ae88247928/element/f.C691F06ADA7EF9549F3769A53F800D74.d.3C3929C3832D6F1FFA3515CDF0710FA5.e.717/click - {}
RESULT: {}
COMMAND: GET /session/e4ca631e3efb970409c1f6ae88247928/screenshot - {}
RESULT: {}
COMMAND: POST /session/e4ca631e3efb970409c1f6ae88247928/element - {"using":"xpath","value":"//header[contains(@id, 'ObjectPageLayout-headerTitle')]/div[1]/div[2]/div[1]/span[1]"}
RESULT: {"using":"xpath","value":"//header[contains(@id, 'ObjectPageLayout-headerTitle')]/div[1]/div[2]/div[1]/span[1]"}
COMMAND: POST /session/e4ca631e3efb970409c1f6ae88247928/elements - {"using":"xpath","value":"//header[contains(@id, 'ObjectPageLayout-headerTitle')]/div[1]/div[2]/div[1]/span[1]"}
RESULT: {"using":"xpath","value":"//header[contains(@id, 'ObjectPageLayout-headerTitle')]/div[1]/div[2]/div[1]/span[1]"}
COMMAND: POST /session/e4ca631e3efb970409c1f6ae88247928/execute/sync - {"script":"<script> [56 bytes]","args":[{"element-6066-11e4-a52e-4f735466cecf":"f.C691F06ADA7EF9549F3769A53F800D74.d.3C3929C3832D6F1FFA3515CDF0710FA5.e.1011","ELEMENT":"f.C691F06ADA7EF9549F3769A53F800D74.d.3C3929C3832D6F1FFA3515CDF0710FA5.e.1011"}]}
RESULT: {"script":"<script> [56 bytes]","args":[{"element-6066-11e4-a52e-4f735466cecf":"f.C691F06ADA7EF9549F3769A53F800D74.d.3C3929C3832D6F1FFA3515CDF0710FA5.e.1011","ELEMENT":"f.C691F06ADA7EF9549F3769A53F800D74.d.3C3929C3832D6F1FFA3515CDF0710FA5.e.1011"}]}
COMMAND: GET /session/e4ca631e3efb970409c1f6ae88247928/screenshot - {}
COMMAND: POST /session/e4ca631e3efb970409c1f6ae88247928/execute/sync - {"script":"<script> [56 bytes]","args":[{"element-6066-11e4-a52e-4f735466cecf":"f.C691F06ADA7EF9549F3769A53F800D74.d.3C3929C3832D6F1FFA3515CDF0710FA5.e.1011","ELEMENT":"f.C691F06ADA7EF9549F3769A53F800D74.d.3C3929C3832D6F1FFA3515CDF0710FA5.e.1011"}]}
RESULT: {}
RESULT: {"script":"<script> [56 bytes]","args":[{"element-6066-11e4-a52e-4f735466cecf":"f.C691F06ADA7EF9549F3769A53F800D74.d.3C3929C3832D6F1FFA3515CDF0710FA5.e.1011","ELEMENT":"f.C691F06ADA7EF9549F3769A53F800D74.d.3C3929C3832D6F1FFA3515CDF0710FA5.e.1011"}]}
COMMAND: GET /session/e4ca631e3efb970409c1f6ae88247928/screenshot - {}
RESULT: {}
COMMAND: POST /session/e4ca631e3efb970409c1f6ae88247928/element - {"using":"css selector","value":"#shell-header-logo"}
RESULT: {"using":"css selector","value":"#shell-header-logo"}
COMMAND: POST /session/e4ca631e3efb970409c1f6ae88247928/element/f.C691F06ADA7EF9549F3769A53F800D74.d.3C3929C3832D6F1FFA3515CDF0710FA5.e.269/click - {}
RESULT: {}
COMMAND: GET /session/e4ca631e3efb970409c1f6ae88247928/screenshot - {}
RESULT: {}
COMMAND: POST /session/e4ca631e3efb970409c1f6ae88247928/execute/sync - {"script":"<script> [299 bytes]","args":[["getModel","getResource"]]}
RESULT: {"script":"<script> [299 bytes]","args":[["getModel","getResource"]]}
]]></system-out>
    </testcase>
    <testcase classname="chrome.135_0_7049_115.windows.Billing_confirm_US117289" name="Should create a new partner" time="121.083">
      <system-out><![CDATA[
COMMAND: GET /session/e4ca631e3efb970409c1f6ae88247928/screenshot - {}
COMMAND: POST /session/e4ca631e3efb970409c1f6ae88247928/window/fullscreen - {}
RESULT: {}
COMMAND: POST /session/e4ca631e3efb970409c1f6ae88247928/execute/async - {"script":"<script> [1562 bytes]","args":[{"selector":{"controlType":"sap.m.GenericTile","properties":{"header":"Manage Partners"}},"wdio_ui5_key":"sapm.GenericTile{\"header\":\"Manage Partners\"}"}]}
RESULT: {}
RESULT: {"script":"<script> [1562 bytes]","args":[{"selector":{"controlType":"sap.m.GenericTile","properties":{"header":"Manage Partners"}},"wdio_ui5_key":"sapm.GenericTile{\"header\":\"Manage Partners\"}"}]}
RESULT: undefined
COMMAND: POST /session/e4ca631e3efb970409c1f6ae88247928/element - {"using":"xpath","value":"//*[@id=\"__tile38\"]"}
RESULT: {"using":"xpath","value":"//*[@id=\"__tile38\"]"}
COMMAND: POST /session/e4ca631e3efb970409c1f6ae88247928/element/f.C691F06ADA7EF9549F3769A53F800D74.d.3C3929C3832D6F1FFA3515CDF0710FA5.e.156/click - {}
RESULT: {}
COMMAND: POST /session/e4ca631e3efb970409c1f6ae88247928/element - {"using":"xpath","value":"//button[@data-kt=\"addButton\"]"}
COMMAND: GET /session/e4ca631e3efb970409c1f6ae88247928/screenshot - {}
RESULT: {"using":"xpath","value":"//button[@data-kt=\"addButton\"]"}
COMMAND: POST /session/e4ca631e3efb970409c1f6ae88247928/elements - {"using":"xpath","value":"//button[@data-kt=\"addButton\"]"}
RESULT: {}
RESULT: {"using":"xpath","value":"//button[@data-kt=\"addButton\"]"}
COMMAND: POST /session/e4ca631e3efb970409c1f6ae88247928/elements - {"using":"xpath","value":"//button[@data-kt=\"addButton\"]"}
RESULT: {"using":"xpath","value":"//button[@data-kt=\"addButton\"]"}
COMMAND: POST /session/e4ca631e3efb970409c1f6ae88247928/elements - {"using":"xpath","value":"//button[@data-kt=\"addButton\"]"}
RESULT: {"using":"xpath","value":"//button[@data-kt=\"addButton\"]"}
COMMAND: POST /session/e4ca631e3efb970409c1f6ae88247928/elements - {"using":"xpath","value":"//button[@data-kt=\"addButton\"]"}
RESULT: {"using":"xpath","value":"//button[@data-kt=\"addButton\"]"}
COMMAND: POST /session/e4ca631e3efb970409c1f6ae88247928/elements - {"using":"xpath","value":"//button[@data-kt=\"addButton\"]"}
RESULT: {"using":"xpath","value":"//button[@data-kt=\"addButton\"]"}
COMMAND: POST /session/e4ca631e3efb970409c1f6ae88247928/elements - {"using":"xpath","value":"//button[@data-kt=\"addButton\"]"}
RESULT: {"using":"xpath","value":"//button[@data-kt=\"addButton\"]"}
COMMAND: POST /session/e4ca631e3efb970409c1f6ae88247928/elements - {"using":"xpath","value":"//button[@data-kt=\"addButton\"]"}
RESULT: {"using":"xpath","value":"//button[@data-kt=\"addButton\"]"}
COMMAND: POST /session/e4ca631e3efb970409c1f6ae88247928/elements - {"using":"xpath","value":"//button[@data-kt=\"addButton\"]"}
RESULT: {"using":"xpath","value":"//button[@data-kt=\"addButton\"]"}
COMMAND: POST /session/e4ca631e3efb970409c1f6ae88247928/elements - {"using":"xpath","value":"//button[@data-kt=\"addButton\"]"}
RESULT: {"using":"xpath","value":"//button[@data-kt=\"addButton\"]"}
COMMAND: POST /session/e4ca631e3efb970409c1f6ae88247928/elements - {"using":"xpath","value":"//button[@data-kt=\"addButton\"]"}
RESULT: {"using":"xpath","value":"//button[@data-kt=\"addButton\"]"}
COMMAND: POST /session/e4ca631e3efb970409c1f6ae88247928/elements - {"using":"xpath","value":"//button[@data-kt=\"addButton\"]"}
RESULT: {"using":"xpath","value":"//button[@data-kt=\"addButton\"]"}
COMMAND: POST /session/e4ca631e3efb970409c1f6ae88247928/elements - {"using":"xpath","value":"//button[@data-kt=\"addButton\"]"}
RESULT: {"using":"xpath","value":"//button[@data-kt=\"addButton\"]"}
COMMAND: POST /session/e4ca631e3efb970409c1f6ae88247928/elements - {"using":"xpath","value":"//button[@data-kt=\"addButton\"]"}
RESULT: {"using":"xpath","value":"//button[@data-kt=\"addButton\"]"}
COMMAND: POST /session/e4ca631e3efb970409c1f6ae88247928/elements - {"using":"xpath","value":"//button[@data-kt=\"addButton\"]"}
RESULT: {"using":"xpath","value":"//button[@data-kt=\"addButton\"]"}
COMMAND: POST /session/e4ca631e3efb970409c1f6ae88247928/elements - {"using":"xpath","value":"//button[@data-kt=\"addButton\"]"}
RESULT: {"using":"xpath","value":"//button[@data-kt=\"addButton\"]"}
COMMAND: POST /session/e4ca631e3efb970409c1f6ae88247928/elements - {"using":"xpath","value":"//button[@data-kt=\"addButton\"]"}
RESULT: {"using":"xpath","value":"//button[@data-kt=\"addButton\"]"}
COMMAND: POST /session/e4ca631e3efb970409c1f6ae88247928/elements - {"using":"xpath","value":"//button[@data-kt=\"addButton\"]"}
RESULT: {"using":"xpath","value":"//button[@data-kt=\"addButton\"]"}
COMMAND: POST /session/e4ca631e3efb970409c1f6ae88247928/elements - {"using":"xpath","value":"//button[@data-kt=\"addButton\"]"}
RESULT: {"using":"xpath","value":"//button[@data-kt=\"addButton\"]"}
COMMAND: POST /session/e4ca631e3efb970409c1f6ae88247928/elements - {"using":"xpath","value":"//button[@data-kt=\"addButton\"]"}
RESULT: {"using":"xpath","value":"//button[@data-kt=\"addButton\"]"}
COMMAND: POST /session/e4ca631e3efb970409c1f6ae88247928/elements - {"using":"xpath","value":"//button[@data-kt=\"addButton\"]"}
RESULT: {"using":"xpath","value":"//button[@data-kt=\"addButton\"]"}
COMMAND: POST /session/e4ca631e3efb970409c1f6ae88247928/elements - {"using":"xpath","value":"//button[@data-kt=\"addButton\"]"}
RESULT: {"using":"xpath","value":"//button[@data-kt=\"addButton\"]"}
COMMAND: POST /session/e4ca631e3efb970409c1f6ae88247928/element - {"using":"xpath","value":"//button[@data-kt=\"addButton\"]"}
RESULT: {"using":"xpath","value":"//button[@data-kt=\"addButton\"]"}
COMMAND: POST /session/e4ca631e3efb970409c1f6ae88247928/execute/sync - {"script":"<script> [8489 bytes]","args":[{"element-6066-11e4-a52e-4f735466cecf":"f.C691F06ADA7EF9549F3769A53F800D74.d.3C3929C3832D6F1FFA3515CDF0710FA5.e.1053","ELEMENT":"f.C691F06ADA7EF9549F3769A53F800D74.d.3C3929C3832D6F1FFA3515CDF0710FA5.e.1053"}]}
RESULT: {"script":"<script> [8489 bytes]","args":[{"element-6066-11e4-a52e-4f735466cecf":"f.C691F06ADA7EF9549F3769A53F800D74.d.3C3929C3832D6F1FFA3515CDF0710FA5.e.1053","ELEMENT":"f.C691F06ADA7EF9549F3769A53F800D74.d.3C3929C3832D6F1FFA3515CDF0710FA5.e.1053"}]}
COMMAND: GET /session/e4ca631e3efb970409c1f6ae88247928/element/f.C691F06ADA7EF9549F3769A53F800D74.d.3C3929C3832D6F1FFA3515CDF0710FA5.e.1053/enabled - {}
COMMAND: GET /session/e4ca631e3efb970409c1f6ae88247928/screenshot - {}
RESULT: {}
COMMAND: POST /session/e4ca631e3efb970409c1f6ae88247928/execute/sync - {"script":"<script> [8489 bytes]","args":[{"element-6066-11e4-a52e-4f735466cecf":"f.C691F06ADA7EF9549F3769A53F800D74.d.3C3929C3832D6F1FFA3515CDF0710FA5.e.1053","ELEMENT":"f.C691F06ADA7EF9549F3769A53F800D74.d.3C3929C3832D6F1FFA3515CDF0710FA5.e.1053"}]}
COMMAND: GET /session/e4ca631e3efb970409c1f6ae88247928/screenshot - {}
RESULT: {}
RESULT: {"script":"<script> [8489 bytes]","args":[{"element-6066-11e4-a52e-4f735466cecf":"f.C691F06ADA7EF9549F3769A53F800D74.d.3C3929C3832D6F1FFA3515CDF0710FA5.e.1053","ELEMENT":"f.C691F06ADA7EF9549F3769A53F800D74.d.3C3929C3832D6F1FFA3515CDF0710FA5.e.1053"}]}
COMMAND: POST /session/e4ca631e3efb970409c1f6ae88247928/execute/sync - {"script":"<script> [5351 bytes]","args":[{"element-6066-11e4-a52e-4f735466cecf":"f.C691F06ADA7EF9549F3769A53F800D74.d.3C3929C3832D6F1FFA3515CDF0710FA5.e.1053","ELEMENT":"f.C691F06ADA7EF9549F3769A53F800D74.d.3C3929C3832D6F1FFA3515CDF0710FA5.e.1053"}]}
COMMAND: GET /session/e4ca631e3efb970409c1f6ae88247928/screenshot - {}
RESULT: {}
RESULT: {"script":"<script> [5351 bytes]","args":[{"element-6066-11e4-a52e-4f735466cecf":"f.C691F06ADA7EF9549F3769A53F800D74.d.3C3929C3832D6F1FFA3515CDF0710FA5.e.1053","ELEMENT":"f.C691F06ADA7EF9549F3769A53F800D74.d.3C3929C3832D6F1FFA3515CDF0710FA5.e.1053"}]}
COMMAND: POST /session/e4ca631e3efb970409c1f6ae88247928/element/f.C691F06ADA7EF9549F3769A53F800D74.d.3C3929C3832D6F1FFA3515CDF0710FA5.e.1053/click - {}
COMMAND: GET /session/e4ca631e3efb970409c1f6ae88247928/screenshot - {}
RESULT: {}
RESULT: {}
COMMAND: GET /session/e4ca631e3efb970409c1f6ae88247928/screenshot - {}
COMMAND: POST /session/e4ca631e3efb970409c1f6ae88247928/execute/async - {"script":"<script> [1562 bytes]","args":[{"selector":{"id":"application-managepartners-display-component---NewPartner--addressDetailDetailsName1","interaction":{"idSuffix":"inner"}},"wdio_ui5_key":"applicationmanagepartners-display-component---NewPartner--addressDetailDetailsName1"}]}
RESULT: {}
RESULT: {}
RESULT: {"script":"<script> [1562 bytes]","args":[{"selector":{"id":"application-managepartners-display-component---NewPartner--addressDetailDetailsName1","interaction":{"idSuffix":"inner"}},"wdio_ui5_key":"applicationmanagepartners-display-component---NewPartner--addressDetailDetailsName1"}]}
RESULT: undefined
COMMAND: POST /session/e4ca631e3efb970409c1f6ae88247928/execute/async - {"script":"<script> [776 bytes]","args":[{"enterText":"Intracompany Partner WDIO","selector":{"id":"application-managepartners-display-component---NewPartner--addressDetailDetailsName1","interaction":{"idSuffix":"inner"}},"clearTextFirst":true,"interactionType":"ENTER_TEXT"}]}
RESULT: {"script":"<script> [776 bytes]","args":[{"enterText":"Intracompany Partner WDIO","selector":{"id":"application-managepartners-display-component---NewPartner--addressDetailDetailsName1","interaction":{"idSuffix":"inner"}},"clearTextFirst":true,"interactionType":"ENTER_TEXT"}]}
COMMAND: POST /session/e4ca631e3efb970409c1f6ae88247928/execute/async - {"script":"<script> [1562 bytes]","args":[{"selector":{"id":"application-managepartners-display-component---NewPartner--addressDetailDetailsLanguage-arrow"},"wdio_ui5_key":"applicationmanagepartners-display-component---NewPartner--addressDetailDetailsLanguage-arrow"}]}
RESULT: {"script":"<script> [1562 bytes]","args":[{"selector":{"id":"application-managepartners-display-component---NewPartner--addressDetailDetailsLanguage-arrow"},"wdio_ui5_key":"applicationmanagepartners-display-component---NewPartner--addressDetailDetailsLanguage-arrow"}]}
RESULT: undefined
COMMAND: POST /session/e4ca631e3efb970409c1f6ae88247928/element - {"using":"xpath","value":"//*[@id=\"application-managepartners-display-component---NewPartner--addressDetailDetailsLanguage-arrow\"]"}
RESULT: {"using":"xpath","value":"//*[@id=\"application-managepartners-display-component---NewPartner--addressDetailDetailsLanguage-arrow\"]"}
COMMAND: POST /session/e4ca631e3efb970409c1f6ae88247928/element/f.C691F06ADA7EF9549F3769A53F800D74.d.3C3929C3832D6F1FFA3515CDF0710FA5.e.1510/click - {}
RESULT: {}
COMMAND: POST /session/e4ca631e3efb970409c1f6ae88247928/element - {"using":"xpath","value":"//span[contains(text(), \"English\")]"}
COMMAND: GET /session/e4ca631e3efb970409c1f6ae88247928/screenshot - {}
RESULT: {"using":"xpath","value":"//span[contains(text(), \"English\")]"}
COMMAND: POST /session/e4ca631e3efb970409c1f6ae88247928/element/f.C691F06ADA7EF9549F3769A53F800D74.d.3C3929C3832D6F1FFA3515CDF0710FA5.e.1511/click - {}
RESULT: {}
RESULT: {}
COMMAND: GET /session/e4ca631e3efb970409c1f6ae88247928/screenshot - {}
RESULT: {}
COMMAND: POST /session/e4ca631e3efb970409c1f6ae88247928/execute/async - {"script":"<script> [1562 bytes]","args":[{"selector":{"id":"application-managepartners-display-component---NewPartner--addressDetailDetailsCity1","interaction":{"idSuffix":"inner"}},"wdio_ui5_key":"applicationmanagepartners-display-component---NewPartner--addressDetailDetailsCity1"}]}
RESULT: {"script":"<script> [1562 bytes]","args":[{"selector":{"id":"application-managepartners-display-component---NewPartner--addressDetailDetailsCity1","interaction":{"idSuffix":"inner"}},"wdio_ui5_key":"applicationmanagepartners-display-component---NewPartner--addressDetailDetailsCity1"}]}
RESULT: undefined
COMMAND: POST /session/e4ca631e3efb970409c1f6ae88247928/execute/async - {"script":"<script> [776 bytes]","args":[{"enterText":"Rosario","selector":{"id":"application-managepartners-display-component---NewPartner--addressDetailDetailsCity1","interaction":{"idSuffix":"inner"}},"clearTextFirst":true,"interactionType":"ENTER_TEXT"}]}
RESULT: {"script":"<script> [776 bytes]","args":[{"enterText":"Rosario","selector":{"id":"application-managepartners-display-component---NewPartner--addressDetailDetailsCity1","interaction":{"idSuffix":"inner"}},"clearTextFirst":true,"interactionType":"ENTER_TEXT"}]}
COMMAND: POST /session/e4ca631e3efb970409c1f6ae88247928/execute/async - {"script":"<script> [1562 bytes]","args":[{"selector":{"id":"application-managepartners-display-component---NewPartner--addressDetailDetailsCountry-arrow"},"wdio_ui5_key":"applicationmanagepartners-display-component---NewPartner--addressDetailDetailsCountry-arrow"}]}
RESULT: {"script":"<script> [1562 bytes]","args":[{"selector":{"id":"application-managepartners-display-component---NewPartner--addressDetailDetailsCountry-arrow"},"wdio_ui5_key":"applicationmanagepartners-display-component---NewPartner--addressDetailDetailsCountry-arrow"}]}
RESULT: undefined
COMMAND: POST /session/e4ca631e3efb970409c1f6ae88247928/element - {"using":"xpath","value":"//*[@id=\"application-managepartners-display-component---NewPartner--addressDetailDetailsCountry-arrow\"]"}
RESULT: {"using":"xpath","value":"//*[@id=\"application-managepartners-display-component---NewPartner--addressDetailDetailsCountry-arrow\"]"}
COMMAND: POST /session/e4ca631e3efb970409c1f6ae88247928/element/f.C691F06ADA7EF9549F3769A53F800D74.d.3C3929C3832D6F1FFA3515CDF0710FA5.e.1497/click - {}
RESULT: {}
COMMAND: POST /session/e4ca631e3efb970409c1f6ae88247928/element - {"using":"xpath","value":"//span[contains(text(), \"Argentina\")]"}
COMMAND: GET /session/e4ca631e3efb970409c1f6ae88247928/screenshot - {}
RESULT: {"using":"xpath","value":"//span[contains(text(), \"Argentina\")]"}
COMMAND: POST /session/e4ca631e3efb970409c1f6ae88247928/element/f.C691F06ADA7EF9549F3769A53F800D74.d.3C3929C3832D6F1FFA3515CDF0710FA5.e.1513/click - {}
RESULT: {}
RESULT: {}
COMMAND: GET /session/e4ca631e3efb970409c1f6ae88247928/screenshot - {}
RESULT: {}
COMMAND: POST /session/e4ca631e3efb970409c1f6ae88247928/element - {"using":"xpath","value":"//bdi[contains(text(), \"Commercial\")]"}
RESULT: {"using":"xpath","value":"//bdi[contains(text(), \"Commercial\")]"}
COMMAND: POST /session/e4ca631e3efb970409c1f6ae88247928/element/f.C691F06ADA7EF9549F3769A53F800D74.d.3C3929C3832D6F1FFA3515CDF0710FA5.e.1514/click - {}
RESULT: {}
COMMAND: GET /session/e4ca631e3efb970409c1f6ae88247928/screenshot - {}
RESULT: {}
COMMAND: POST /session/e4ca631e3efb970409c1f6ae88247928/execute/async - {"script":"<script> [1562 bytes]","args":[{"selector":{"id":"application-managepartners-display-component---NewPartner--partnerDetailInternal-arrow"},"wdio_ui5_key":"applicationmanagepartners-display-component---NewPartner--partnerDetailInternal-arrow"}]}
RESULT: {"script":"<script> [1562 bytes]","args":[{"selector":{"id":"application-managepartners-display-component---NewPartner--partnerDetailInternal-arrow"},"wdio_ui5_key":"applicationmanagepartners-display-component---NewPartner--partnerDetailInternal-arrow"}]}
RESULT: undefined
COMMAND: POST /session/e4ca631e3efb970409c1f6ae88247928/element - {"using":"xpath","value":"//*[@id=\"application-managepartners-display-component---NewPartner--partnerDetailInternal-arrow\"]"}
RESULT: {"using":"xpath","value":"//*[@id=\"application-managepartners-display-component---NewPartner--partnerDetailInternal-arrow\"]"}
COMMAND: POST /session/e4ca631e3efb970409c1f6ae88247928/element/f.C691F06ADA7EF9549F3769A53F800D74.d.3C3929C3832D6F1FFA3515CDF0710FA5.e.1520/click - {}
RESULT: {}
COMMAND: POST /session/e4ca631e3efb970409c1f6ae88247928/element - {"using":"xpath","value":"//span[contains(text(), \"Affiliated company\")]"}
COMMAND: GET /session/e4ca631e3efb970409c1f6ae88247928/screenshot - {}
RESULT: {"using":"xpath","value":"//span[contains(text(), \"Affiliated company\")]"}
COMMAND: POST /session/e4ca631e3efb970409c1f6ae88247928/element/f.C691F06ADA7EF9549F3769A53F800D74.d.3C3929C3832D6F1FFA3515CDF0710FA5.e.1523/click - {}
RESULT: {}
RESULT: {}
COMMAND: POST /session/e4ca631e3efb970409c1f6ae88247928/execute/async - {"script":"<script> [1562 bytes]","args":[{"selector":{"id":"application-managepartners-display-component---NewPartner--partnerDetailsCurrency-arrow"},"wdio_ui5_key":"applicationmanagepartners-display-component---NewPartner--partnerDetailsCurrency-arrow"}]}
COMMAND: GET /session/e4ca631e3efb970409c1f6ae88247928/screenshot - {}
RESULT: {"script":"<script> [1562 bytes]","args":[{"selector":{"id":"application-managepartners-display-component---NewPartner--partnerDetailsCurrency-arrow"},"wdio_ui5_key":"applicationmanagepartners-display-component---NewPartner--partnerDetailsCurrency-arrow"}]}
RESULT: undefined
COMMAND: POST /session/e4ca631e3efb970409c1f6ae88247928/element - {"using":"xpath","value":"//*[@id=\"application-managepartners-display-component---NewPartner--partnerDetailsCurrency-arrow\"]"}
RESULT: {}
RESULT: {"using":"xpath","value":"//*[@id=\"application-managepartners-display-component---NewPartner--partnerDetailsCurrency-arrow\"]"}
COMMAND: POST /session/e4ca631e3efb970409c1f6ae88247928/element/f.C691F06ADA7EF9549F3769A53F800D74.d.3C3929C3832D6F1FFA3515CDF0710FA5.e.1530/click - {}
RESULT: {}
COMMAND: POST /session/e4ca631e3efb970409c1f6ae88247928/element - {"using":"xpath","value":"//span[contains(text(), \"Euro\")]"}
COMMAND: GET /session/e4ca631e3efb970409c1f6ae88247928/screenshot - {}
RESULT: {"using":"xpath","value":"//span[contains(text(), \"Euro\")]"}
COMMAND: POST /session/e4ca631e3efb970409c1f6ae88247928/element/f.C691F06ADA7EF9549F3769A53F800D74.d.3C3929C3832D6F1FFA3515CDF0710FA5.e.1531/click - {}
RESULT: {}
RESULT: {}
COMMAND: POST /session/e4ca631e3efb970409c1f6ae88247928/execute/async - {"script":"<script> [1562 bytes]","args":[{"selector":{"id":"application-managepartners-display-component---NewPartner--addressEditDetailsCostObjectCstType-arrow"},"wdio_ui5_key":"applicationmanagepartners-display-component---NewPartner--addressEditDetailsCostObjectCstType-arrow"}]}
COMMAND: GET /session/e4ca631e3efb970409c1f6ae88247928/screenshot - {}
RESULT: {"script":"<script> [1562 bytes]","args":[{"selector":{"id":"application-managepartners-display-component---NewPartner--addressEditDetailsCostObjectCstType-arrow"},"wdio_ui5_key":"applicationmanagepartners-display-component---NewPartner--addressEditDetailsCostObjectCstType-arrow"}]}
RESULT: undefined
COMMAND: POST /session/e4ca631e3efb970409c1f6ae88247928/element - {"using":"xpath","value":"//*[@id=\"application-managepartners-display-component---NewPartner--addressEditDetailsCostObjectCstType-arrow\"]"}
RESULT: {}
RESULT: {"using":"xpath","value":"//*[@id=\"application-managepartners-display-component---NewPartner--addressEditDetailsCostObjectCstType-arrow\"]"}
COMMAND: POST /session/e4ca631e3efb970409c1f6ae88247928/element/f.C691F06ADA7EF9549F3769A53F800D74.d.3C3929C3832D6F1FFA3515CDF0710FA5.e.1532/click - {}
RESULT: {}
COMMAND: POST /session/e4ca631e3efb970409c1f6ae88247928/element - {"using":"xpath","value":"//span[contains(text(), \"Cost Center\")]"}
COMMAND: GET /session/e4ca631e3efb970409c1f6ae88247928/screenshot - {}
RESULT: {"using":"xpath","value":"//span[contains(text(), \"Cost Center\")]"}
COMMAND: POST /session/e4ca631e3efb970409c1f6ae88247928/element/f.C691F06ADA7EF9549F3769A53F800D74.d.3C3929C3832D6F1FFA3515CDF0710FA5.e.1533/click - {}
RESULT: {}
RESULT: {}
COMMAND: GET /session/e4ca631e3efb970409c1f6ae88247928/screenshot - {}
RESULT: {}
COMMAND: POST /session/e4ca631e3efb970409c1f6ae88247928/element - {"using":"xpath","value":"//span[@id=\"application-managepartners-display-component---NewPartner--addressNewCostObjectCstID-vhi\"]"}
RESULT: {"using":"xpath","value":"//span[@id=\"application-managepartners-display-component---NewPartner--addressNewCostObjectCstID-vhi\"]"}
COMMAND: POST /session/e4ca631e3efb970409c1f6ae88247928/execute/sync - {"script":"<script> [8489 bytes]","args":[{"element-6066-11e4-a52e-4f735466cecf":"f.C691F06ADA7EF9549F3769A53F800D74.d.3C3929C3832D6F1FFA3515CDF0710FA5.e.1537","ELEMENT":"f.C691F06ADA7EF9549F3769A53F800D74.d.3C3929C3832D6F1FFA3515CDF0710FA5.e.1537"}]}
RESULT: {"script":"<script> [8489 bytes]","args":[{"element-6066-11e4-a52e-4f735466cecf":"f.C691F06ADA7EF9549F3769A53F800D74.d.3C3929C3832D6F1FFA3515CDF0710FA5.e.1537","ELEMENT":"f.C691F06ADA7EF9549F3769A53F800D74.d.3C3929C3832D6F1FFA3515CDF0710FA5.e.1537"}]}
COMMAND: POST /session/e4ca631e3efb970409c1f6ae88247928/execute/async - {"script":"<script> [1562 bytes]","args":[{"selector":{"id":"application-managepartners-display-component---NewPartner--addressNewCostObjectCstID-vhi"},"wdio_ui5_key":"applicationmanagepartners-display-component---NewPartner--addressNewCostObjectCstID-vhi"}]}
COMMAND: GET /session/e4ca631e3efb970409c1f6ae88247928/screenshot - {}
RESULT: {"script":"<script> [1562 bytes]","args":[{"selector":{"id":"application-managepartners-display-component---NewPartner--addressNewCostObjectCstID-vhi"},"wdio_ui5_key":"applicationmanagepartners-display-component---NewPartner--addressNewCostObjectCstID-vhi"}]}
RESULT: undefined
COMMAND: POST /session/e4ca631e3efb970409c1f6ae88247928/element - {"using":"xpath","value":"//*[@id=\"application-managepartners-display-component---NewPartner--addressNewCostObjectCstID-vhi\"]"}
RESULT: {}
RESULT: {"using":"xpath","value":"//*[@id=\"application-managepartners-display-component---NewPartner--addressNewCostObjectCstID-vhi\"]"}
COMMAND: POST /session/e4ca631e3efb970409c1f6ae88247928/element/f.C691F06ADA7EF9549F3769A53F800D74.d.3C3929C3832D6F1FFA3515CDF0710FA5.e.1537/click - {}
RESULT: {}
COMMAND: GET /session/e4ca631e3efb970409c1f6ae88247928/screenshot - {}
RESULT: {}
RESULT: undefined
COMMAND: POST /session/e4ca631e3efb970409c1f6ae88247928/execute/async - {"script":"<script> [776 bytes]","args":[{"enterText":"10001013","selector":{"controlType":"sap.m.SearchField","properties":{"placeholder":"Search"},"searchOpenDialogs":true,"interaction":{"idSuffix":"I"}},"clearTextFirst":true,"interactionType":"ENTER_TEXT"}]}
RESULT: {"script":"<script> [776 bytes]","args":[{"enterText":"10001013","selector":{"controlType":"sap.m.SearchField","properties":{"placeholder":"Search"},"searchOpenDialogs":true,"interaction":{"idSuffix":"I"}},"clearTextFirst":true,"interactionType":"ENTER_TEXT"}]}
COMMAND: POST /session/e4ca631e3efb970409c1f6ae88247928/actions - {"actions":[{"id":"action2","type":"key","parameters":{},"actions":[{"type":"keyDown","value":"î€‡"},{"type":"pause","duration":10},{"type":"keyUp","value":"î€‡"}]}]}
RESULT: {"actions":[{"id":"action2","type":"key","parameters":{},"actions":[{"type":"keyDown","value":"î€‡"},{"type":"pause","duration":10},{"type":"keyUp","value":"î€‡"}]}]}
COMMAND: GET /session/e4ca631e3efb970409c1f6ae88247928/screenshot - {}
RESULT: {}
COMMAND: POST /session/e4ca631e3efb970409c1f6ae88247928/element - {"using":"xpath","value":"//span[contains(text(), \"General Management\")]"}
RESULT: {"using":"xpath","value":"//span[contains(text(), \"General Management\")]"}
COMMAND: POST /session/e4ca631e3efb970409c1f6ae88247928/element/f.C691F06ADA7EF9549F3769A53F800D74.d.3C3929C3832D6F1FFA3515CDF0710FA5.e.1576/click - {}
RESULT: {}
COMMAND: GET /session/e4ca631e3efb970409c1f6ae88247928/screenshot - {}
RESULT: {}
COMMAND: POST /session/e4ca631e3efb970409c1f6ae88247928/element - {"using":"xpath","value":"//bdi[contains(text(), \"OK\")]"}
RESULT: {"using":"xpath","value":"//bdi[contains(text(), \"OK\")]"}
COMMAND: POST /session/e4ca631e3efb970409c1f6ae88247928/element/f.C691F06ADA7EF9549F3769A53F800D74.d.3C3929C3832D6F1FFA3515CDF0710FA5.e.1577/click - {}
RESULT: {}
COMMAND: GET /session/e4ca631e3efb970409c1f6ae88247928/screenshot - {}
RESULT: {}
COMMAND: POST /session/e4ca631e3efb970409c1f6ae88247928/element - {"using":"xpath","value":"//input[@id=\"application-managepartners-display-component---NewPartner--companyCodeComboBox-inner\"]"}
RESULT: {"using":"xpath","value":"//input[@id=\"application-managepartners-display-component---NewPartner--companyCodeComboBox-inner\"]"}
COMMAND: POST /session/e4ca631e3efb970409c1f6ae88247928/element/f.C691F06ADA7EF9549F3769A53F800D74.d.3C3929C3832D6F1FFA3515CDF0710FA5.e.1365/clear - {}
RESULT: {}
COMMAND: POST /session/e4ca631e3efb970409c1f6ae88247928/element/f.C691F06ADA7EF9549F3769A53F800D74.d.3C3929C3832D6F1FFA3515CDF0710FA5.e.1365/value - {"text":"1000"}
COMMAND: GET /session/e4ca631e3efb970409c1f6ae88247928/screenshot - {}
RESULT: {"text":"1000"}
COMMAND: GET /session/e4ca631e3efb970409c1f6ae88247928/screenshot - {}
RESULT: {}
RESULT: {}
COMMAND: POST /session/e4ca631e3efb970409c1f6ae88247928/element - {"using":"xpath","value":"//li[.//span[text()= \"1000\"]]"}
RESULT: {"using":"xpath","value":"//li[.//span[text()= \"1000\"]]"}
COMMAND: POST /session/e4ca631e3efb970409c1f6ae88247928/element/f.C691F06ADA7EF9549F3769A53F800D74.d.3C3929C3832D6F1FFA3515CDF0710FA5.e.1583/click - {}
RESULT: {}
COMMAND: GET /session/e4ca631e3efb970409c1f6ae88247928/screenshot - {}
RESULT: {}
COMMAND: POST /session/e4ca631e3efb970409c1f6ae88247928/execute/async - {"script":"<script> [1562 bytes]","args":[{"selector":{"id":"application-managepartners-display-component---NewPartner--btnAddTableRow-img"},"wdio_ui5_key":"applicationmanagepartners-display-component---NewPartner--btnAddTableRow-img"}]}
RESULT: {"script":"<script> [1562 bytes]","args":[{"selector":{"id":"application-managepartners-display-component---NewPartner--btnAddTableRow-img"},"wdio_ui5_key":"applicationmanagepartners-display-component---NewPartner--btnAddTableRow-img"}]}
RESULT: undefined
COMMAND: POST /session/e4ca631e3efb970409c1f6ae88247928/element - {"using":"xpath","value":"//*[@id=\"application-managepartners-display-component---NewPartner--btnAddTableRow-img\"]"}
RESULT: {"using":"xpath","value":"//*[@id=\"application-managepartners-display-component---NewPartner--btnAddTableRow-img\"]"}
COMMAND: POST /session/e4ca631e3efb970409c1f6ae88247928/element/f.C691F06ADA7EF9549F3769A53F800D74.d.3C3929C3832D6F1FFA3515CDF0710FA5.e.1584/click - {}
RESULT: {}
COMMAND: GET /session/e4ca631e3efb970409c1f6ae88247928/screenshot - {}
RESULT: {}
COMMAND: POST /session/e4ca631e3efb970409c1f6ae88247928/element - {"using":"xpath","value":"//input[@id=\"application-managepartners-display-component---NewPartner--assignmentYard-application-managepartners-display-component---NewPartner--assignmentsTable-0-inner\"]"}
RESULT: {"using":"xpath","value":"//input[@id=\"application-managepartners-display-component---NewPartner--assignmentYard-application-managepartners-display-component---NewPartner--assignmentsTable-0-inner\"]"}
COMMAND: POST /session/e4ca631e3efb970409c1f6ae88247928/element/f.C691F06ADA7EF9549F3769A53F800D74.d.3C3929C3832D6F1FFA3515CDF0710FA5.e.1587/clear - {}
RESULT: {}
COMMAND: POST /session/e4ca631e3efb970409c1f6ae88247928/element/f.C691F06ADA7EF9549F3769A53F800D74.d.3C3929C3832D6F1FFA3515CDF0710FA5.e.1587/value - {"text":"667"}
COMMAND: GET /session/e4ca631e3efb970409c1f6ae88247928/screenshot - {}
RESULT: {"text":"667"}
COMMAND: GET /session/e4ca631e3efb970409c1f6ae88247928/screenshot - {}
RESULT: {}
RESULT: {}
COMMAND: POST /session/e4ca631e3efb970409c1f6ae88247928/element - {"using":"xpath","value":"//li[.//span[text()='667']]"}
RESULT: {"using":"xpath","value":"//li[.//span[text()='667']]"}
COMMAND: POST /session/e4ca631e3efb970409c1f6ae88247928/element/f.C691F06ADA7EF9549F3769A53F800D74.d.3C3929C3832D6F1FFA3515CDF0710FA5.e.1596/click - {}
RESULT: {}
COMMAND: GET /session/e4ca631e3efb970409c1f6ae88247928/screenshot - {}
RESULT: {}
COMMAND: POST /session/e4ca631e3efb970409c1f6ae88247928/actions - {"actions":[{"id":"action3","type":"key","parameters":{},"actions":[{"type":"keyDown","value":"î€‡"},{"type":"pause","duration":10},{"type":"keyUp","value":"î€‡"}]}]}
RESULT: {"actions":[{"id":"action3","type":"key","parameters":{},"actions":[{"type":"keyDown","value":"î€‡"},{"type":"pause","duration":10},{"type":"keyUp","value":"î€‡"}]}]}
COMMAND: POST /session/e4ca631e3efb970409c1f6ae88247928/execute/async - {"script":"<script> [1562 bytes]","args":[{"selector":{"id":"application-managepartners-display-component---NewPartner--externalCustomerComboBox-application-managepartners-display-component---NewPartner--assignmentsTable-0-vhi"},"wdio_ui5_key":"applicationmanagepartners-display-component---NewPartner--externalCustomerComboBox-application-managepartners-display-component---NewPartner--assignmentsTable-0-vhi"}]}
COMMAND: GET /session/e4ca631e3efb970409c1f6ae88247928/screenshot - {}
RESULT: {"script":"<script> [1562 bytes]","args":[{"selector":{"id":"application-managepartners-display-component---NewPartner--externalCustomerComboBox-application-managepartners-display-component---NewPartner--assignmentsTable-0-vhi"},"wdio_ui5_key":"applicationmanagepartners-display-component---NewPartner--externalCustomerComboBox-application-managepartners-display-component---NewPartner--assignmentsTable-0-vhi"}]}
RESULT: undefined
COMMAND: POST /session/e4ca631e3efb970409c1f6ae88247928/element - {"using":"xpath","value":"//*[@id=\"application-managepartners-display-component---NewPartner--externalCustomerComboBox-application-managepartners-display-component---NewPartner--assignmentsTable-0-vhi\"]"}
RESULT: {}
RESULT: {"using":"xpath","value":"//*[@id=\"application-managepartners-display-component---NewPartner--externalCustomerComboBox-application-managepartners-display-component---NewPartner--assignmentsTable-0-vhi\"]"}
COMMAND: POST /session/e4ca631e3efb970409c1f6ae88247928/element/f.C691F06ADA7EF9549F3769A53F800D74.d.3C3929C3832D6F1FFA3515CDF0710FA5.e.1600/click - {}
RESULT: {}
RESULT: undefined
COMMAND: POST /session/e4ca631e3efb970409c1f6ae88247928/execute/async - {"script":"<script> [776 bytes]","args":[{"enterText":"300003","selector":{"controlType":"sap.m.SearchField","properties":{"placeholder":"Search"},"searchOpenDialogs":true,"interaction":{"idSuffix":"I"}},"clearTextFirst":true,"interactionType":"ENTER_TEXT"}]}
COMMAND: GET /session/e4ca631e3efb970409c1f6ae88247928/screenshot - {}
RESULT: {"script":"<script> [776 bytes]","args":[{"enterText":"300003","selector":{"controlType":"sap.m.SearchField","properties":{"placeholder":"Search"},"searchOpenDialogs":true,"interaction":{"idSuffix":"I"}},"clearTextFirst":true,"interactionType":"ENTER_TEXT"}]}
COMMAND: POST /session/e4ca631e3efb970409c1f6ae88247928/actions - {"actions":[{"id":"action4","type":"key","parameters":{},"actions":[{"type":"keyDown","value":"î€‡"},{"type":"pause","duration":10},{"type":"keyUp","value":"î€‡"}]}]}
RESULT: {}
RESULT: {"actions":[{"id":"action4","type":"key","parameters":{},"actions":[{"type":"keyDown","value":"î€‡"},{"type":"pause","duration":10},{"type":"keyUp","value":"î€‡"}]}]}
COMMAND: GET /session/e4ca631e3efb970409c1f6ae88247928/screenshot - {}
RESULT: {}
COMMAND: POST /session/e4ca631e3efb970409c1f6ae88247928/element - {"using":"xpath","value":"//span[contains(text(), \"300003\")]"}
RESULT: {"using":"xpath","value":"//span[contains(text(), \"300003\")]"}
COMMAND: POST /session/e4ca631e3efb970409c1f6ae88247928/element/f.C691F06ADA7EF9549F3769A53F800D74.d.3C3929C3832D6F1FFA3515CDF0710FA5.e.1617/click - {}
RESULT: {}
COMMAND: GET /session/e4ca631e3efb970409c1f6ae88247928/screenshot - {}
RESULT: {}
COMMAND: POST /session/e4ca631e3efb970409c1f6ae88247928/element - {"using":"xpath","value":"//bdi[contains(text(), \"OK\")]"}
RESULT: {"using":"xpath","value":"//bdi[contains(text(), \"OK\")]"}
COMMAND: POST /session/e4ca631e3efb970409c1f6ae88247928/element/f.C691F06ADA7EF9549F3769A53F800D74.d.3C3929C3832D6F1FFA3515CDF0710FA5.e.1619/click - {}
RESULT: {}
COMMAND: GET /session/e4ca631e3efb970409c1f6ae88247928/screenshot - {}
RESULT: {}
COMMAND: POST /session/e4ca631e3efb970409c1f6ae88247928/execute/async - {"script":"<script> [1562 bytes]","args":[{"selector":{"id":"application-managepartners-display-component---NewPartner--intercompVendorComboBox-application-managepartners-display-component---NewPartner--assignmentsTable-0-vhi"},"wdio_ui5_key":"applicationmanagepartners-display-component---NewPartner--intercompVendorComboBox-application-managepartners-display-component---NewPartner--assignmentsTable-0-vhi"}]}
RESULT: {"script":"<script> [1562 bytes]","args":[{"selector":{"id":"application-managepartners-display-component---NewPartner--intercompVendorComboBox-application-managepartners-display-component---NewPartner--assignmentsTable-0-vhi"},"wdio_ui5_key":"applicationmanagepartners-display-component---NewPartner--intercompVendorComboBox-application-managepartners-display-component---NewPartner--assignmentsTable-0-vhi"}]}
RESULT: undefined
COMMAND: POST /session/e4ca631e3efb970409c1f6ae88247928/element - {"using":"xpath","value":"//*[@id=\"application-managepartners-display-component---NewPartner--intercompVendorComboBox-application-managepartners-display-component---NewPartner--assignmentsTable-0-vhi\"]"}
RESULT: {"using":"xpath","value":"//*[@id=\"application-managepartners-display-component---NewPartner--intercompVendorComboBox-application-managepartners-display-component---NewPartner--assignmentsTable-0-vhi\"]"}
COMMAND: POST /session/e4ca631e3efb970409c1f6ae88247928/element/f.C691F06ADA7EF9549F3769A53F800D74.d.3C3929C3832D6F1FFA3515CDF0710FA5.e.1623/click - {}
RESULT: {}
RESULT: undefined
COMMAND: POST /session/e4ca631e3efb970409c1f6ae88247928/execute/async - {"script":"<script> [776 bytes]","args":[{"enterText":"100005","selector":{"controlType":"sap.m.SearchField","properties":{"placeholder":"Search"},"searchOpenDialogs":true,"interaction":{"idSuffix":"I"}},"clearTextFirst":true,"interactionType":"ENTER_TEXT"}]}
COMMAND: GET /session/e4ca631e3efb970409c1f6ae88247928/screenshot - {}
RESULT: {"script":"<script> [776 bytes]","args":[{"enterText":"100005","selector":{"controlType":"sap.m.SearchField","properties":{"placeholder":"Search"},"searchOpenDialogs":true,"interaction":{"idSuffix":"I"}},"clearTextFirst":true,"interactionType":"ENTER_TEXT"}]}
COMMAND: POST /session/e4ca631e3efb970409c1f6ae88247928/actions - {"actions":[{"id":"action5","type":"key","parameters":{},"actions":[{"type":"keyDown","value":"î€‡"},{"type":"pause","duration":10},{"type":"keyUp","value":"î€‡"}]}]}
RESULT: {}
RESULT: {"actions":[{"id":"action5","type":"key","parameters":{},"actions":[{"type":"keyDown","value":"î€‡"},{"type":"pause","duration":10},{"type":"keyUp","value":"î€‡"}]}]}
COMMAND: GET /session/e4ca631e3efb970409c1f6ae88247928/screenshot - {}
RESULT: {}
COMMAND: POST /session/e4ca631e3efb970409c1f6ae88247928/element - {"using":"xpath","value":"//span[contains(text(), \"Penguins - Field/12345 Berlin\")]"}
RESULT: {"using":"xpath","value":"//span[contains(text(), \"Penguins - Field/12345 Berlin\")]"}
COMMAND: POST /session/e4ca631e3efb970409c1f6ae88247928/element/f.C691F06ADA7EF9549F3769A53F800D74.d.3C3929C3832D6F1FFA3515CDF0710FA5.e.1641/click - {}
RESULT: {}
COMMAND: GET /session/e4ca631e3efb970409c1f6ae88247928/screenshot - {}
RESULT: {}
COMMAND: POST /session/e4ca631e3efb970409c1f6ae88247928/element - {"using":"xpath","value":"//bdi[contains(text(), \"OK\")]"}
RESULT: {"using":"xpath","value":"//bdi[contains(text(), \"OK\")]"}
COMMAND: POST /session/e4ca631e3efb970409c1f6ae88247928/element/f.C691F06ADA7EF9549F3769A53F800D74.d.3C3929C3832D6F1FFA3515CDF0710FA5.e.1642/click - {}
RESULT: {}
COMMAND: GET /session/e4ca631e3efb970409c1f6ae88247928/screenshot - {}
RESULT: {}
COMMAND: POST /session/e4ca631e3efb970409c1f6ae88247928/element - {"using":"xpath","value":"//button[@data-kt=\"saveButton\"]"}
RESULT: {"using":"xpath","value":"//button[@data-kt=\"saveButton\"]"}
COMMAND: POST /session/e4ca631e3efb970409c1f6ae88247928/element/f.C691F06ADA7EF9549F3769A53F800D74.d.3C3929C3832D6F1FFA3515CDF0710FA5.e.1447/click - {}
RESULT: {}
COMMAND: GET /session/e4ca631e3efb970409c1f6ae88247928/screenshot - {}
RESULT: {}
COMMAND: POST /session/e4ca631e3efb970409c1f6ae88247928/element - {"using":"xpath","value":"//header[contains(@id, 'ObjectPageLayout-headerTitle')]/div[1]/div[2]/div[2]/span[1]"}
RESULT: {"using":"xpath","value":"//header[contains(@id, 'ObjectPageLayout-headerTitle')]/div[1]/div[2]/div[2]/span[1]"}
COMMAND: POST /session/e4ca631e3efb970409c1f6ae88247928/elements - {"using":"xpath","value":"//header[contains(@id, 'ObjectPageLayout-headerTitle')]/div[1]/div[2]/div[2]/span[1]"}
RESULT: {"using":"xpath","value":"//header[contains(@id, 'ObjectPageLayout-headerTitle')]/div[1]/div[2]/div[2]/span[1]"}
COMMAND: POST /session/e4ca631e3efb970409c1f6ae88247928/execute/sync - {"script":"<script> [56 bytes]","args":[{"element-6066-11e4-a52e-4f735466cecf":"f.C691F06ADA7EF9549F3769A53F800D74.d.3C3929C3832D6F1FFA3515CDF0710FA5.e.1807","ELEMENT":"f.C691F06ADA7EF9549F3769A53F800D74.d.3C3929C3832D6F1FFA3515CDF0710FA5.e.1807"}]}
RESULT: {"script":"<script> [56 bytes]","args":[{"element-6066-11e4-a52e-4f735466cecf":"f.C691F06ADA7EF9549F3769A53F800D74.d.3C3929C3832D6F1FFA3515CDF0710FA5.e.1807","ELEMENT":"f.C691F06ADA7EF9549F3769A53F800D74.d.3C3929C3832D6F1FFA3515CDF0710FA5.e.1807"}]}
COMMAND: POST /session/e4ca631e3efb970409c1f6ae88247928/element - {"using":"css selector","value":"#shell-header-logo"}
COMMAND: GET /session/e4ca631e3efb970409c1f6ae88247928/screenshot - {}
RESULT: {"using":"css selector","value":"#shell-header-logo"}
COMMAND: POST /session/e4ca631e3efb970409c1f6ae88247928/element/f.C691F06ADA7EF9549F3769A53F800D74.d.3C3929C3832D6F1FFA3515CDF0710FA5.e.1020/click - {}
RESULT: {}
RESULT: {}
COMMAND: GET /session/e4ca631e3efb970409c1f6ae88247928/screenshot - {}
RESULT: {}
COMMAND: POST /session/e4ca631e3efb970409c1f6ae88247928/execute/sync - {"script":"<script> [299 bytes]","args":[["getModel","getResource"]]}
RESULT: {"script":"<script> [299 bytes]","args":[["getModel","getResource"]]}
COMMAND: GET /session/e4ca631e3efb970409c1f6ae88247928/screenshot - {}
]]></system-out>
    </testcase>
    <testcase classname="chrome.135_0_7049_115.windows.Billing_confirm_US117289" name="Should create a new site" time="93.077">
      <system-out><![CDATA[
COMMAND: POST /session/e4ca631e3efb970409c1f6ae88247928/execute/async - {"script":"<script> [1562 bytes]","args":[{"selector":{"controlType":"sap.m.TileContent","bindingPath":{"path":"","propertyPath":"/properties/info"},"ancestor":{"controlType":"sap.m.GenericTile","properties":{"header":"Manage Sites"}}},"wdio_ui5_key":"sapm.TileContent{\"path\":\"\",\"propertyPath\":\"/properties/info\"}{\"controlType\":\"sap.m.GenericTile\",\"properties\":{\"header\":\"Manage Sites\"}}"}]}
RESULT: {}
RESULT: {"script":"<script> [1562 bytes]","args":[{"selector":{"controlType":"sap.m.TileContent","bindingPath":{"path":"","propertyPath":"/properties/info"},"ancestor":{"controlType":"sap.m.GenericTile","properties":{"header":"Manage Sites"}}},"wdio_ui5_key":"sapm.TileContent{\"path\":\"\",\"propertyPath\":\"/properties/info\"}{\"controlType\":\"sap.m.GenericTile\",\"properties\":{\"header\":\"Manage Sites\"}}"}]}
RESULT: undefined
COMMAND: POST /session/e4ca631e3efb970409c1f6ae88247928/element - {"using":"xpath","value":"//*[@id=\"__xmlview7--numericTileContent\"]"}
RESULT: {"using":"xpath","value":"//*[@id=\"__xmlview7--numericTileContent\"]"}
COMMAND: POST /session/e4ca631e3efb970409c1f6ae88247928/element/f.C691F06ADA7EF9549F3769A53F800D74.d.3C3929C3832D6F1FFA3515CDF0710FA5.e.1809/click - {}
RESULT: {}
COMMAND: POST /session/e4ca631e3efb970409c1f6ae88247928/element - {"using":"xpath","value":"//button[@data-kt=\"addOverflowToolbarButton\"]"}
COMMAND: GET /session/e4ca631e3efb970409c1f6ae88247928/screenshot - {}
RESULT: {"using":"xpath","value":"//button[@data-kt=\"addOverflowToolbarButton\"]"}
COMMAND: POST /session/e4ca631e3efb970409c1f6ae88247928/elements - {"using":"xpath","value":"//button[@data-kt=\"addOverflowToolbarButton\"]"}
RESULT: {}
RESULT: {"using":"xpath","value":"//button[@data-kt=\"addOverflowToolbarButton\"]"}
COMMAND: POST /session/e4ca631e3efb970409c1f6ae88247928/elements - {"using":"xpath","value":"//button[@data-kt=\"addOverflowToolbarButton\"]"}
RESULT: {"using":"xpath","value":"//button[@data-kt=\"addOverflowToolbarButton\"]"}
COMMAND: POST /session/e4ca631e3efb970409c1f6ae88247928/elements - {"using":"xpath","value":"//button[@data-kt=\"addOverflowToolbarButton\"]"}
RESULT: {"using":"xpath","value":"//button[@data-kt=\"addOverflowToolbarButton\"]"}
COMMAND: POST /session/e4ca631e3efb970409c1f6ae88247928/element - {"using":"xpath","value":"//button[@data-kt=\"addOverflowToolbarButton\"]"}
RESULT: {"using":"xpath","value":"//button[@data-kt=\"addOverflowToolbarButton\"]"}
COMMAND: POST /session/e4ca631e3efb970409c1f6ae88247928/execute/sync - {"script":"<script> [8489 bytes]","args":[{"element-6066-11e4-a52e-4f735466cecf":"f.C691F06ADA7EF9549F3769A53F800D74.d.3C3929C3832D6F1FFA3515CDF0710FA5.e.1856","ELEMENT":"f.C691F06ADA7EF9549F3769A53F800D74.d.3C3929C3832D6F1FFA3515CDF0710FA5.e.1856"}]}
RESULT: {"script":"<script> [8489 bytes]","args":[{"element-6066-11e4-a52e-4f735466cecf":"f.C691F06ADA7EF9549F3769A53F800D74.d.3C3929C3832D6F1FFA3515CDF0710FA5.e.1856","ELEMENT":"f.C691F06ADA7EF9549F3769A53F800D74.d.3C3929C3832D6F1FFA3515CDF0710FA5.e.1856"}]}
COMMAND: GET /session/e4ca631e3efb970409c1f6ae88247928/element/f.C691F06ADA7EF9549F3769A53F800D74.d.3C3929C3832D6F1FFA3515CDF0710FA5.e.1856/enabled - {}
COMMAND: GET /session/e4ca631e3efb970409c1f6ae88247928/screenshot - {}
RESULT: {}
COMMAND: POST /session/e4ca631e3efb970409c1f6ae88247928/execute/sync - {"script":"<script> [8489 bytes]","args":[{"element-6066-11e4-a52e-4f735466cecf":"f.C691F06ADA7EF9549F3769A53F800D74.d.3C3929C3832D6F1FFA3515CDF0710FA5.e.1856","ELEMENT":"f.C691F06ADA7EF9549F3769A53F800D74.d.3C3929C3832D6F1FFA3515CDF0710FA5.e.1856"}]}
COMMAND: GET /session/e4ca631e3efb970409c1f6ae88247928/screenshot - {}
RESULT: {}
RESULT: {"script":"<script> [8489 bytes]","args":[{"element-6066-11e4-a52e-4f735466cecf":"f.C691F06ADA7EF9549F3769A53F800D74.d.3C3929C3832D6F1FFA3515CDF0710FA5.e.1856","ELEMENT":"f.C691F06ADA7EF9549F3769A53F800D74.d.3C3929C3832D6F1FFA3515CDF0710FA5.e.1856"}]}
COMMAND: POST /session/e4ca631e3efb970409c1f6ae88247928/execute/sync - {"script":"<script> [5351 bytes]","args":[{"element-6066-11e4-a52e-4f735466cecf":"f.C691F06ADA7EF9549F3769A53F800D74.d.3C3929C3832D6F1FFA3515CDF0710FA5.e.1856","ELEMENT":"f.C691F06ADA7EF9549F3769A53F800D74.d.3C3929C3832D6F1FFA3515CDF0710FA5.e.1856"}]}
COMMAND: GET /session/e4ca631e3efb970409c1f6ae88247928/screenshot - {}
RESULT: {}
RESULT: {"script":"<script> [5351 bytes]","args":[{"element-6066-11e4-a52e-4f735466cecf":"f.C691F06ADA7EF9549F3769A53F800D74.d.3C3929C3832D6F1FFA3515CDF0710FA5.e.1856","ELEMENT":"f.C691F06ADA7EF9549F3769A53F800D74.d.3C3929C3832D6F1FFA3515CDF0710FA5.e.1856"}]}
COMMAND: POST /session/e4ca631e3efb970409c1f6ae88247928/element/f.C691F06ADA7EF9549F3769A53F800D74.d.3C3929C3832D6F1FFA3515CDF0710FA5.e.1856/click - {}
COMMAND: GET /session/e4ca631e3efb970409c1f6ae88247928/screenshot - {}
RESULT: {}
RESULT: {}
COMMAND: GET /session/e4ca631e3efb970409c1f6ae88247928/screenshot - {}
RESULT: {}
COMMAND: POST /session/e4ca631e3efb970409c1f6ae88247928/element - {"using":"xpath","value":"//input[@id=\"application-managesites-display-component---NewSite--siteId-inner\"]"}
RESULT: {}
RESULT: {"using":"xpath","value":"//input[@id=\"application-managesites-display-component---NewSite--siteId-inner\"]"}
COMMAND: POST /session/e4ca631e3efb970409c1f6ae88247928/element - {"using":"xpath","value":"//input[@id=\"application-managesites-display-component---NewSite--siteId-inner\"]"}
RESULT: {"using":"xpath","value":"//input[@id=\"application-managesites-display-component---NewSite--siteId-inner\"]"}
COMMAND: POST /session/e4ca631e3efb970409c1f6ae88247928/execute/async - {"script":"<script> [1562 bytes]","args":[{"selector":{"id":"application-managesites-display-component---NewSite--addressDetailDetailsName1","interaction":{"idSuffix":"inner"}},"wdio_ui5_key":"applicationmanagesites-display-component---NewSite--addressDetailDetailsName1"}]}
RESULT: {"script":"<script> [1562 bytes]","args":[{"selector":{"id":"application-managesites-display-component---NewSite--addressDetailDetailsName1","interaction":{"idSuffix":"inner"}},"wdio_ui5_key":"applicationmanagesites-display-component---NewSite--addressDetailDetailsName1"}]}
RESULT: undefined
COMMAND: POST /session/e4ca631e3efb970409c1f6ae88247928/execute/async - {"script":"<script> [776 bytes]","args":[{"enterText":"Intracompany Site wdIO","selector":{"id":"application-managesites-display-component---NewSite--addressDetailDetailsName1","interaction":{"idSuffix":"inner"}},"clearTextFirst":true,"interactionType":"ENTER_TEXT"}]}
RESULT: {"script":"<script> [776 bytes]","args":[{"enterText":"Intracompany Site wdIO","selector":{"id":"application-managesites-display-component---NewSite--addressDetailDetailsName1","interaction":{"idSuffix":"inner"}},"clearTextFirst":true,"interactionType":"ENTER_TEXT"}]}
COMMAND: POST /session/e4ca631e3efb970409c1f6ae88247928/execute/async - {"script":"<script> [1562 bytes]","args":[{"selector":{"id":"application-managesites-display-component---NewSite--addressDetailDetailsLanguage-arrow"},"wdio_ui5_key":"applicationmanagesites-display-component---NewSite--addressDetailDetailsLanguage-arrow"}]}
RESULT: {"script":"<script> [1562 bytes]","args":[{"selector":{"id":"application-managesites-display-component---NewSite--addressDetailDetailsLanguage-arrow"},"wdio_ui5_key":"applicationmanagesites-display-component---NewSite--addressDetailDetailsLanguage-arrow"}]}
RESULT: undefined
COMMAND: POST /session/e4ca631e3efb970409c1f6ae88247928/element - {"using":"xpath","value":"//*[@id=\"application-managesites-display-component---NewSite--addressDetailDetailsLanguage-arrow\"]"}
RESULT: {"using":"xpath","value":"//*[@id=\"application-managesites-display-component---NewSite--addressDetailDetailsLanguage-arrow\"]"}
COMMAND: POST /session/e4ca631e3efb970409c1f6ae88247928/element/f.C691F06ADA7EF9549F3769A53F800D74.d.3C3929C3832D6F1FFA3515CDF0710FA5.e.2265/click - {}
RESULT: {}
COMMAND: POST /session/e4ca631e3efb970409c1f6ae88247928/element - {"using":"xpath","value":"//span[contains(text(), \"English\")]"}
COMMAND: GET /session/e4ca631e3efb970409c1f6ae88247928/screenshot - {}
RESULT: {"using":"xpath","value":"//span[contains(text(), \"English\")]"}
COMMAND: POST /session/e4ca631e3efb970409c1f6ae88247928/element/f.C691F06ADA7EF9549F3769A53F800D74.d.3C3929C3832D6F1FFA3515CDF0710FA5.e.2266/click - {}
RESULT: {}
RESULT: {}
COMMAND: POST /session/e4ca631e3efb970409c1f6ae88247928/execute/async - {"script":"<script> [1562 bytes]","args":[{"selector":{"id":"application-managesites-display-component---NewSite--addressDetailDetailsCity1","interaction":{"idSuffix":"inner"}},"wdio_ui5_key":"applicationmanagesites-display-component---NewSite--addressDetailDetailsCity1"}]}
COMMAND: GET /session/e4ca631e3efb970409c1f6ae88247928/screenshot - {}
RESULT: {"script":"<script> [1562 bytes]","args":[{"selector":{"id":"application-managesites-display-component---NewSite--addressDetailDetailsCity1","interaction":{"idSuffix":"inner"}},"wdio_ui5_key":"applicationmanagesites-display-component---NewSite--addressDetailDetailsCity1"}]}
RESULT: undefined
COMMAND: POST /session/e4ca631e3efb970409c1f6ae88247928/execute/async - {"script":"<script> [776 bytes]","args":[{"enterText":"Rosario","selector":{"id":"application-managesites-display-component---NewSite--addressDetailDetailsCity1","interaction":{"idSuffix":"inner"}},"clearTextFirst":true,"interactionType":"ENTER_TEXT"}]}
RESULT: {}
RESULT: {"script":"<script> [776 bytes]","args":[{"enterText":"Rosario","selector":{"id":"application-managesites-display-component---NewSite--addressDetailDetailsCity1","interaction":{"idSuffix":"inner"}},"clearTextFirst":true,"interactionType":"ENTER_TEXT"}]}
COMMAND: POST /session/e4ca631e3efb970409c1f6ae88247928/execute/async - {"script":"<script> [1562 bytes]","args":[{"selector":{"id":"application-managesites-display-component---NewSite--addressDetailDetailsCountry-arrow"},"wdio_ui5_key":"applicationmanagesites-display-component---NewSite--addressDetailDetailsCountry-arrow"}]}
RESULT: {"script":"<script> [1562 bytes]","args":[{"selector":{"id":"application-managesites-display-component---NewSite--addressDetailDetailsCountry-arrow"},"wdio_ui5_key":"applicationmanagesites-display-component---NewSite--addressDetailDetailsCountry-arrow"}]}
RESULT: undefined
COMMAND: POST /session/e4ca631e3efb970409c1f6ae88247928/element - {"using":"xpath","value":"//*[@id=\"application-managesites-display-component---NewSite--addressDetailDetailsCountry-arrow\"]"}
RESULT: {"using":"xpath","value":"//*[@id=\"application-managesites-display-component---NewSite--addressDetailDetailsCountry-arrow\"]"}
COMMAND: POST /session/e4ca631e3efb970409c1f6ae88247928/element/f.C691F06ADA7EF9549F3769A53F800D74.d.3C3929C3832D6F1FFA3515CDF0710FA5.e.2268/click - {}
RESULT: {}
COMMAND: POST /session/e4ca631e3efb970409c1f6ae88247928/element - {"using":"xpath","value":"//span[contains(text(), \"Argentina\")]"}
COMMAND: GET /session/e4ca631e3efb970409c1f6ae88247928/screenshot - {}
RESULT: {"using":"xpath","value":"//span[contains(text(), \"Argentina\")]"}
COMMAND: POST /session/e4ca631e3efb970409c1f6ae88247928/element/f.C691F06ADA7EF9549F3769A53F800D74.d.3C3929C3832D6F1FFA3515CDF0710FA5.e.2269/click - {}
RESULT: {}
RESULT: {}
COMMAND: GET /session/e4ca631e3efb970409c1f6ae88247928/screenshot - {}
RESULT: {}
COMMAND: POST /session/e4ca631e3efb970409c1f6ae88247928/execute/async - {"script":"<script> [1562 bytes]","args":[{"selector":{"id":"application-managesites-display-component---NewSite--addressEditDetailsCostObjectCstType-arrow"},"wdio_ui5_key":"applicationmanagesites-display-component---NewSite--addressEditDetailsCostObjectCstType-arrow"}]}
RESULT: {"script":"<script> [1562 bytes]","args":[{"selector":{"id":"application-managesites-display-component---NewSite--addressEditDetailsCostObjectCstType-arrow"},"wdio_ui5_key":"applicationmanagesites-display-component---NewSite--addressEditDetailsCostObjectCstType-arrow"}]}
RESULT: undefined
COMMAND: POST /session/e4ca631e3efb970409c1f6ae88247928/element - {"using":"xpath","value":"//*[@id=\"application-managesites-display-component---NewSite--addressEditDetailsCostObjectCstType-arrow\"]"}
RESULT: {"using":"xpath","value":"//*[@id=\"application-managesites-display-component---NewSite--addressEditDetailsCostObjectCstType-arrow\"]"}
COMMAND: POST /session/e4ca631e3efb970409c1f6ae88247928/element/f.C691F06ADA7EF9549F3769A53F800D74.d.3C3929C3832D6F1FFA3515CDF0710FA5.e.2271/click - {}
RESULT: {}
COMMAND: POST /session/e4ca631e3efb970409c1f6ae88247928/element - {"using":"xpath","value":"//span[contains(text(), \"Cost Center\")]"}
COMMAND: GET /session/e4ca631e3efb970409c1f6ae88247928/screenshot - {}
RESULT: {"using":"xpath","value":"//span[contains(text(), \"Cost Center\")]"}
COMMAND: POST /session/e4ca631e3efb970409c1f6ae88247928/element/f.C691F06ADA7EF9549F3769A53F800D74.d.3C3929C3832D6F1FFA3515CDF0710FA5.e.2272/click - {}
RESULT: {}
RESULT: {}
COMMAND: GET /session/e4ca631e3efb970409c1f6ae88247928/screenshot - {}
RESULT: {}
COMMAND: POST /session/e4ca631e3efb970409c1f6ae88247928/element - {"using":"xpath","value":"//span[@id=\"application-managesites-display-component---NewSite--addressNewCostObjectCstID-vhi\"]"}
RESULT: {"using":"xpath","value":"//span[@id=\"application-managesites-display-component---NewSite--addressNewCostObjectCstID-vhi\"]"}
COMMAND: POST /session/e4ca631e3efb970409c1f6ae88247928/execute/sync - {"script":"<script> [8489 bytes]","args":[{"element-6066-11e4-a52e-4f735466cecf":"f.C691F06ADA7EF9549F3769A53F800D74.d.3C3929C3832D6F1FFA3515CDF0710FA5.e.2277","ELEMENT":"f.C691F06ADA7EF9549F3769A53F800D74.d.3C3929C3832D6F1FFA3515CDF0710FA5.e.2277"}]}
RESULT: {"script":"<script> [8489 bytes]","args":[{"element-6066-11e4-a52e-4f735466cecf":"f.C691F06ADA7EF9549F3769A53F800D74.d.3C3929C3832D6F1FFA3515CDF0710FA5.e.2277","ELEMENT":"f.C691F06ADA7EF9549F3769A53F800D74.d.3C3929C3832D6F1FFA3515CDF0710FA5.e.2277"}]}
COMMAND: POST /session/e4ca631e3efb970409c1f6ae88247928/execute/async - {"script":"<script> [1562 bytes]","args":[{"selector":{"id":"application-managesites-display-component---NewSite--addressNewCostObjectCstID-vhi"},"wdio_ui5_key":"applicationmanagesites-display-component---NewSite--addressNewCostObjectCstID-vhi"}]}
COMMAND: GET /session/e4ca631e3efb970409c1f6ae88247928/screenshot - {}
RESULT: {"script":"<script> [1562 bytes]","args":[{"selector":{"id":"application-managesites-display-component---NewSite--addressNewCostObjectCstID-vhi"},"wdio_ui5_key":"applicationmanagesites-display-component---NewSite--addressNewCostObjectCstID-vhi"}]}
RESULT: undefined
COMMAND: POST /session/e4ca631e3efb970409c1f6ae88247928/element - {"using":"xpath","value":"//*[@id=\"application-managesites-display-component---NewSite--addressNewCostObjectCstID-vhi\"]"}
RESULT: {}
RESULT: {"using":"xpath","value":"//*[@id=\"application-managesites-display-component---NewSite--addressNewCostObjectCstID-vhi\"]"}
COMMAND: POST /session/e4ca631e3efb970409c1f6ae88247928/element/f.C691F06ADA7EF9549F3769A53F800D74.d.3C3929C3832D6F1FFA3515CDF0710FA5.e.2277/click - {}
RESULT: {}
COMMAND: GET /session/e4ca631e3efb970409c1f6ae88247928/screenshot - {}
RESULT: {}
RESULT: undefined
COMMAND: POST /session/e4ca631e3efb970409c1f6ae88247928/execute/async - {"script":"<script> [776 bytes]","args":[{"enterText":"10001013","selector":{"controlType":"sap.m.SearchField","properties":{"placeholder":"Search"},"searchOpenDialogs":true,"interaction":{"idSuffix":"I"}},"clearTextFirst":true,"interactionType":"ENTER_TEXT"}]}
RESULT: {"script":"<script> [776 bytes]","args":[{"enterText":"10001013","selector":{"controlType":"sap.m.SearchField","properties":{"placeholder":"Search"},"searchOpenDialogs":true,"interaction":{"idSuffix":"I"}},"clearTextFirst":true,"interactionType":"ENTER_TEXT"}]}
COMMAND: POST /session/e4ca631e3efb970409c1f6ae88247928/actions - {"actions":[{"id":"action6","type":"key","parameters":{},"actions":[{"type":"keyDown","value":"î€‡"},{"type":"pause","duration":10},{"type":"keyUp","value":"î€‡"}]}]}
RESULT: {"actions":[{"id":"action6","type":"key","parameters":{},"actions":[{"type":"keyDown","value":"î€‡"},{"type":"pause","duration":10},{"type":"keyUp","value":"î€‡"}]}]}
COMMAND: GET /session/e4ca631e3efb970409c1f6ae88247928/screenshot - {}
RESULT: {}
COMMAND: POST /session/e4ca631e3efb970409c1f6ae88247928/element - {"using":"xpath","value":"//span[contains(text(), \"General Management\")]"}
RESULT: {"using":"xpath","value":"//span[contains(text(), \"General Management\")]"}
COMMAND: POST /session/e4ca631e3efb970409c1f6ae88247928/element/f.C691F06ADA7EF9549F3769A53F800D74.d.3C3929C3832D6F1FFA3515CDF0710FA5.e.2316/click - {}
RESULT: {}
COMMAND: GET /session/e4ca631e3efb970409c1f6ae88247928/screenshot - {}
RESULT: {}
COMMAND: POST /session/e4ca631e3efb970409c1f6ae88247928/element - {"using":"xpath","value":"//bdi[contains(text(), \"OK\")]"}
RESULT: {"using":"xpath","value":"//bdi[contains(text(), \"OK\")]"}
COMMAND: POST /session/e4ca631e3efb970409c1f6ae88247928/element/f.C691F06ADA7EF9549F3769A53F800D74.d.3C3929C3832D6F1FFA3515CDF0710FA5.e.2317/click - {}
RESULT: {}
COMMAND: GET /session/e4ca631e3efb970409c1f6ae88247928/screenshot - {}
RESULT: {}
COMMAND: POST /session/e4ca631e3efb970409c1f6ae88247928/element - {"using":"xpath","value":"//input[@id=\"application-managesites-display-component---NewSite--addressDetailDetailsCalendar-inner\"]"}
RESULT: {"using":"xpath","value":"//input[@id=\"application-managesites-display-component---NewSite--addressDetailDetailsCalendar-inner\"]"}
COMMAND: POST /session/e4ca631e3efb970409c1f6ae88247928/element/f.C691F06ADA7EF9549F3769A53F800D74.d.3C3929C3832D6F1FFA3515CDF0710FA5.e.2060/clear - {}
RESULT: {}
COMMAND: POST /session/e4ca631e3efb970409c1f6ae88247928/element/f.C691F06ADA7EF9549F3769A53F800D74.d.3C3929C3832D6F1FFA3515CDF0710FA5.e.2060/value - {"text":"Unit"}
COMMAND: GET /session/e4ca631e3efb970409c1f6ae88247928/screenshot - {}
RESULT: {"text":"Unit"}
COMMAND: GET /session/e4ca631e3efb970409c1f6ae88247928/screenshot - {}
RESULT: {}
RESULT: {}
COMMAND: POST /session/e4ca631e3efb970409c1f6ae88247928/actions - {"actions":[{"id":"action7","type":"key","parameters":{},"actions":[{"type":"keyDown","value":"î€‡"},{"type":"pause","duration":10},{"type":"keyUp","value":"î€‡"}]}]}
RESULT: {"actions":[{"id":"action7","type":"key","parameters":{},"actions":[{"type":"keyDown","value":"î€‡"},{"type":"pause","duration":10},{"type":"keyUp","value":"î€‡"}]}]}
COMMAND: POST /session/e4ca631e3efb970409c1f6ae88247928/element - {"using":"xpath","value":"//input[@id=\"application-managesites-display-component---NewSite--addressDetailDetailsYard-inner\"]"}
COMMAND: GET /session/e4ca631e3efb970409c1f6ae88247928/screenshot - {}
RESULT: {"using":"xpath","value":"//input[@id=\"application-managesites-display-component---NewSite--addressDetailDetailsYard-inner\"]"}
COMMAND: POST /session/e4ca631e3efb970409c1f6ae88247928/element/f.C691F06ADA7EF9549F3769A53F800D74.d.3C3929C3832D6F1FFA3515CDF0710FA5.e.2061/clear - {}
RESULT: {}
RESULT: {}
COMMAND: POST /session/e4ca631e3efb970409c1f6ae88247928/element/f.C691F06ADA7EF9549F3769A53F800D74.d.3C3929C3832D6F1FFA3515CDF0710FA5.e.2061/value - {"text":"667"}
COMMAND: GET /session/e4ca631e3efb970409c1f6ae88247928/screenshot - {}
RESULT: {"text":"667"}
COMMAND: GET /session/e4ca631e3efb970409c1f6ae88247928/screenshot - {}
RESULT: {}
RESULT: {}
COMMAND: POST /session/e4ca631e3efb970409c1f6ae88247928/element - {"using":"xpath","value":"//li[.//span[text()='667']]"}
RESULT: {"using":"xpath","value":"//li[.//span[text()='667']]"}
COMMAND: POST /session/e4ca631e3efb970409c1f6ae88247928/element/f.C691F06ADA7EF9549F3769A53F800D74.d.3C3929C3832D6F1FFA3515CDF0710FA5.e.2325/click - {}
RESULT: {}
COMMAND: GET /session/e4ca631e3efb970409c1f6ae88247928/screenshot - {}
RESULT: {}
COMMAND: POST /session/e4ca631e3efb970409c1f6ae88247928/element - {"using":"xpath","value":"//input[@id=\"application-managesites-display-component---NewSite--addressDetailDetailsPartner-inner\"]"}
RESULT: {"using":"xpath","value":"//input[@id=\"application-managesites-display-component---NewSite--addressDetailDetailsPartner-inner\"]"}
COMMAND: POST /session/e4ca631e3efb970409c1f6ae88247928/element - {"using":"xpath","value":"//input[@id=\"application-managesites-display-component---NewSite--addressDetailDetailsPartner-inner\"]"}
RESULT: {"using":"xpath","value":"//input[@id=\"application-managesites-display-component---NewSite--addressDetailDetailsPartner-inner\"]"}
COMMAND: POST /session/e4ca631e3efb970409c1f6ae88247928/element - {"using":"xpath","value":"//button[@data-kt=\"saveButton\"]"}
RESULT: {"using":"xpath","value":"//button[@data-kt=\"saveButton\"]"}
COMMAND: POST /session/e4ca631e3efb970409c1f6ae88247928/element/f.C691F06ADA7EF9549F3769A53F800D74.d.3C3929C3832D6F1FFA3515CDF0710FA5.e.2245/click - {}
RESULT: {}
COMMAND: GET /session/e4ca631e3efb970409c1f6ae88247928/screenshot - {}
RESULT: {}
COMMAND: POST /session/e4ca631e3efb970409c1f6ae88247928/element - {"using":"xpath","value":"//header[contains(@id, 'ObjectPageLayout-headerTitle')]/div[1]/div[2]/div[2]/span[1]"}
RESULT: {"using":"xpath","value":"//header[contains(@id, 'ObjectPageLayout-headerTitle')]/div[1]/div[2]/div[2]/span[1]"}
COMMAND: POST /session/e4ca631e3efb970409c1f6ae88247928/elements - {"using":"xpath","value":"//header[contains(@id, 'ObjectPageLayout-headerTitle')]/div[1]/div[2]/div[2]/span[1]"}
RESULT: {"using":"xpath","value":"//header[contains(@id, 'ObjectPageLayout-headerTitle')]/div[1]/div[2]/div[2]/span[1]"}
COMMAND: POST /session/e4ca631e3efb970409c1f6ae88247928/execute/sync - {"script":"<script> [56 bytes]","args":[{"element-6066-11e4-a52e-4f735466cecf":"f.C691F06ADA7EF9549F3769A53F800D74.d.3C3929C3832D6F1FFA3515CDF0710FA5.e.2530","ELEMENT":"f.C691F06ADA7EF9549F3769A53F800D74.d.3C3929C3832D6F1FFA3515CDF0710FA5.e.2530"}]}
RESULT: {"script":"<script> [56 bytes]","args":[{"element-6066-11e4-a52e-4f735466cecf":"f.C691F06ADA7EF9549F3769A53F800D74.d.3C3929C3832D6F1FFA3515CDF0710FA5.e.2530","ELEMENT":"f.C691F06ADA7EF9549F3769A53F800D74.d.3C3929C3832D6F1FFA3515CDF0710FA5.e.2530"}]}
COMMAND: POST /session/e4ca631e3efb970409c1f6ae88247928/element - {"using":"css selector","value":"#shell-header-logo"}
COMMAND: GET /session/e4ca631e3efb970409c1f6ae88247928/screenshot - {}
RESULT: {"using":"css selector","value":"#shell-header-logo"}
COMMAND: POST /session/e4ca631e3efb970409c1f6ae88247928/element/f.C691F06ADA7EF9549F3769A53F800D74.d.3C3929C3832D6F1FFA3515CDF0710FA5.e.1813/click - {}
RESULT: {}
RESULT: {}
COMMAND: GET /session/e4ca631e3efb970409c1f6ae88247928/screenshot - {}
RESULT: {}
COMMAND: POST /session/e4ca631e3efb970409c1f6ae88247928/execute/sync - {"script":"<script> [299 bytes]","args":[["getModel","getResource"]]}
RESULT: {"script":"<script> [299 bytes]","args":[["getModel","getResource"]]}
]]></system-out>
    </testcase>
    <testcase classname="chrome.135_0_7049_115.windows.Billing_confirm_US117289" name="Should create a new equipment" time="122.27">
      <system-out><![CDATA[
COMMAND: GET /session/e4ca631e3efb970409c1f6ae88247928/screenshot - {}
COMMAND: POST /session/e4ca631e3efb970409c1f6ae88247928/execute/async - {"script":"<script> [1562 bytes]","args":[{"selector":{"controlType":"sap.m.GenericTile","properties":{"header":"Manage Resources"}},"wdio_ui5_key":"sapm.GenericTile{\"header\":\"Manage Resources\"}"}]}
RESULT: {}
RESULT: {"script":"<script> [1562 bytes]","args":[{"selector":{"controlType":"sap.m.GenericTile","properties":{"header":"Manage Resources"}},"wdio_ui5_key":"sapm.GenericTile{\"header\":\"Manage Resources\"}"}]}
RESULT: undefined
COMMAND: POST /session/e4ca631e3efb970409c1f6ae88247928/element - {"using":"xpath","value":"//*[@id=\"__tile39\"]"}
RESULT: {"using":"xpath","value":"//*[@id=\"__tile39\"]"}
COMMAND: POST /session/e4ca631e3efb970409c1f6ae88247928/element/f.C691F06ADA7EF9549F3769A53F800D74.d.3C3929C3832D6F1FFA3515CDF0710FA5.e.159/click - {}
RESULT: {}
COMMAND: POST /session/e4ca631e3efb970409c1f6ae88247928/element - {"using":"xpath","value":"//button[@data-kt=\"addNewRUOverflowToolbarButton\"]"}
COMMAND: GET /session/e4ca631e3efb970409c1f6ae88247928/screenshot - {}
RESULT: {"using":"xpath","value":"//button[@data-kt=\"addNewRUOverflowToolbarButton\"]"}
COMMAND: POST /session/e4ca631e3efb970409c1f6ae88247928/elements - {"using":"xpath","value":"//button[@data-kt=\"addNewRUOverflowToolbarButton\"]"}
RESULT: {}
RESULT: {"using":"xpath","value":"//button[@data-kt=\"addNewRUOverflowToolbarButton\"]"}
COMMAND: POST /session/e4ca631e3efb970409c1f6ae88247928/elements - {"using":"xpath","value":"//button[@data-kt=\"addNewRUOverflowToolbarButton\"]"}
RESULT: {"using":"xpath","value":"//button[@data-kt=\"addNewRUOverflowToolbarButton\"]"}
COMMAND: POST /session/e4ca631e3efb970409c1f6ae88247928/elements - {"using":"xpath","value":"//button[@data-kt=\"addNewRUOverflowToolbarButton\"]"}
RESULT: {"using":"xpath","value":"//button[@data-kt=\"addNewRUOverflowToolbarButton\"]"}
COMMAND: POST /session/e4ca631e3efb970409c1f6ae88247928/elements - {"using":"xpath","value":"//button[@data-kt=\"addNewRUOverflowToolbarButton\"]"}
RESULT: {"using":"xpath","value":"//button[@data-kt=\"addNewRUOverflowToolbarButton\"]"}
COMMAND: POST /session/e4ca631e3efb970409c1f6ae88247928/elements - {"using":"xpath","value":"//button[@data-kt=\"addNewRUOverflowToolbarButton\"]"}
RESULT: {"using":"xpath","value":"//button[@data-kt=\"addNewRUOverflowToolbarButton\"]"}
COMMAND: POST /session/e4ca631e3efb970409c1f6ae88247928/elements - {"using":"xpath","value":"//button[@data-kt=\"addNewRUOverflowToolbarButton\"]"}
RESULT: {"using":"xpath","value":"//button[@data-kt=\"addNewRUOverflowToolbarButton\"]"}
COMMAND: POST /session/e4ca631e3efb970409c1f6ae88247928/elements - {"using":"xpath","value":"//button[@data-kt=\"addNewRUOverflowToolbarButton\"]"}
RESULT: {"using":"xpath","value":"//button[@data-kt=\"addNewRUOverflowToolbarButton\"]"}
COMMAND: POST /session/e4ca631e3efb970409c1f6ae88247928/elements - {"using":"xpath","value":"//button[@data-kt=\"addNewRUOverflowToolbarButton\"]"}
RESULT: {"using":"xpath","value":"//button[@data-kt=\"addNewRUOverflowToolbarButton\"]"}
COMMAND: POST /session/e4ca631e3efb970409c1f6ae88247928/elements - {"using":"xpath","value":"//button[@data-kt=\"addNewRUOverflowToolbarButton\"]"}
RESULT: {"using":"xpath","value":"//button[@data-kt=\"addNewRUOverflowToolbarButton\"]"}
COMMAND: POST /session/e4ca631e3efb970409c1f6ae88247928/elements - {"using":"xpath","value":"//button[@data-kt=\"addNewRUOverflowToolbarButton\"]"}
RESULT: {"using":"xpath","value":"//button[@data-kt=\"addNewRUOverflowToolbarButton\"]"}
COMMAND: POST /session/e4ca631e3efb970409c1f6ae88247928/elements - {"using":"xpath","value":"//button[@data-kt=\"addNewRUOverflowToolbarButton\"]"}
RESULT: {"using":"xpath","value":"//button[@data-kt=\"addNewRUOverflowToolbarButton\"]"}
COMMAND: POST /session/e4ca631e3efb970409c1f6ae88247928/elements - {"using":"xpath","value":"//button[@data-kt=\"addNewRUOverflowToolbarButton\"]"}
RESULT: {"using":"xpath","value":"//button[@data-kt=\"addNewRUOverflowToolbarButton\"]"}
COMMAND: POST /session/e4ca631e3efb970409c1f6ae88247928/elements - {"using":"xpath","value":"//button[@data-kt=\"addNewRUOverflowToolbarButton\"]"}
RESULT: {"using":"xpath","value":"//button[@data-kt=\"addNewRUOverflowToolbarButton\"]"}
COMMAND: POST /session/e4ca631e3efb970409c1f6ae88247928/elements - {"using":"xpath","value":"//button[@data-kt=\"addNewRUOverflowToolbarButton\"]"}
RESULT: {"using":"xpath","value":"//button[@data-kt=\"addNewRUOverflowToolbarButton\"]"}
COMMAND: POST /session/e4ca631e3efb970409c1f6ae88247928/elements - {"using":"xpath","value":"//button[@data-kt=\"addNewRUOverflowToolbarButton\"]"}
RESULT: {"using":"xpath","value":"//button[@data-kt=\"addNewRUOverflowToolbarButton\"]"}
COMMAND: POST /session/e4ca631e3efb970409c1f6ae88247928/elements - {"using":"xpath","value":"//button[@data-kt=\"addNewRUOverflowToolbarButton\"]"}
RESULT: {"using":"xpath","value":"//button[@data-kt=\"addNewRUOverflowToolbarButton\"]"}
COMMAND: POST /session/e4ca631e3efb970409c1f6ae88247928/elements - {"using":"xpath","value":"//button[@data-kt=\"addNewRUOverflowToolbarButton\"]"}
RESULT: {"using":"xpath","value":"//button[@data-kt=\"addNewRUOverflowToolbarButton\"]"}
COMMAND: POST /session/e4ca631e3efb970409c1f6ae88247928/elements - {"using":"xpath","value":"//button[@data-kt=\"addNewRUOverflowToolbarButton\"]"}
RESULT: {"using":"xpath","value":"//button[@data-kt=\"addNewRUOverflowToolbarButton\"]"}
COMMAND: POST /session/e4ca631e3efb970409c1f6ae88247928/elements - {"using":"xpath","value":"//button[@data-kt=\"addNewRUOverflowToolbarButton\"]"}
RESULT: {"using":"xpath","value":"//button[@data-kt=\"addNewRUOverflowToolbarButton\"]"}
COMMAND: POST /session/e4ca631e3efb970409c1f6ae88247928/element - {"using":"xpath","value":"//button[@data-kt=\"addNewRUOverflowToolbarButton\"]"}
RESULT: {"using":"xpath","value":"//button[@data-kt=\"addNewRUOverflowToolbarButton\"]"}
COMMAND: POST /session/e4ca631e3efb970409c1f6ae88247928/execute/sync - {"script":"<script> [8489 bytes]","args":[{"element-6066-11e4-a52e-4f735466cecf":"f.C691F06ADA7EF9549F3769A53F800D74.d.3C3929C3832D6F1FFA3515CDF0710FA5.e.2563","ELEMENT":"f.C691F06ADA7EF9549F3769A53F800D74.d.3C3929C3832D6F1FFA3515CDF0710FA5.e.2563"}]}
RESULT: {"script":"<script> [8489 bytes]","args":[{"element-6066-11e4-a52e-4f735466cecf":"f.C691F06ADA7EF9549F3769A53F800D74.d.3C3929C3832D6F1FFA3515CDF0710FA5.e.2563","ELEMENT":"f.C691F06ADA7EF9549F3769A53F800D74.d.3C3929C3832D6F1FFA3515CDF0710FA5.e.2563"}]}
COMMAND: GET /session/e4ca631e3efb970409c1f6ae88247928/element/f.C691F06ADA7EF9549F3769A53F800D74.d.3C3929C3832D6F1FFA3515CDF0710FA5.e.2563/enabled - {}
COMMAND: GET /session/e4ca631e3efb970409c1f6ae88247928/screenshot - {}
RESULT: {}
COMMAND: POST /session/e4ca631e3efb970409c1f6ae88247928/execute/sync - {"script":"<script> [8489 bytes]","args":[{"element-6066-11e4-a52e-4f735466cecf":"f.C691F06ADA7EF9549F3769A53F800D74.d.3C3929C3832D6F1FFA3515CDF0710FA5.e.2563","ELEMENT":"f.C691F06ADA7EF9549F3769A53F800D74.d.3C3929C3832D6F1FFA3515CDF0710FA5.e.2563"}]}
COMMAND: GET /session/e4ca631e3efb970409c1f6ae88247928/screenshot - {}
RESULT: {}
RESULT: {"script":"<script> [8489 bytes]","args":[{"element-6066-11e4-a52e-4f735466cecf":"f.C691F06ADA7EF9549F3769A53F800D74.d.3C3929C3832D6F1FFA3515CDF0710FA5.e.2563","ELEMENT":"f.C691F06ADA7EF9549F3769A53F800D74.d.3C3929C3832D6F1FFA3515CDF0710FA5.e.2563"}]}
COMMAND: POST /session/e4ca631e3efb970409c1f6ae88247928/execute/sync - {"script":"<script> [5351 bytes]","args":[{"element-6066-11e4-a52e-4f735466cecf":"f.C691F06ADA7EF9549F3769A53F800D74.d.3C3929C3832D6F1FFA3515CDF0710FA5.e.2563","ELEMENT":"f.C691F06ADA7EF9549F3769A53F800D74.d.3C3929C3832D6F1FFA3515CDF0710FA5.e.2563"}]}
COMMAND: GET /session/e4ca631e3efb970409c1f6ae88247928/screenshot - {}
RESULT: {}
RESULT: {"script":"<script> [5351 bytes]","args":[{"element-6066-11e4-a52e-4f735466cecf":"f.C691F06ADA7EF9549F3769A53F800D74.d.3C3929C3832D6F1FFA3515CDF0710FA5.e.2563","ELEMENT":"f.C691F06ADA7EF9549F3769A53F800D74.d.3C3929C3832D6F1FFA3515CDF0710FA5.e.2563"}]}
COMMAND: POST /session/e4ca631e3efb970409c1f6ae88247928/element/f.C691F06ADA7EF9549F3769A53F800D74.d.3C3929C3832D6F1FFA3515CDF0710FA5.e.2563/click - {}
COMMAND: GET /session/e4ca631e3efb970409c1f6ae88247928/screenshot - {}
RESULT: {}
RESULT: {}
COMMAND: GET /session/e4ca631e3efb970409c1f6ae88247928/screenshot - {}
RESULT: {}
RESULT: {}
COMMAND: POST /session/e4ca631e3efb970409c1f6ae88247928/execute/async - {"script":"<script> [1562 bytes]","args":[{"selector":{"id":"application-manageresources-display-component---newResourceUnit--TYPE-arrow"},"wdio_ui5_key":"applicationmanageresources-display-component---newResourceUnit--TYPE-arrow"}]}
RESULT: {"script":"<script> [1562 bytes]","args":[{"selector":{"id":"application-manageresources-display-component---newResourceUnit--TYPE-arrow"},"wdio_ui5_key":"applicationmanageresources-display-component---newResourceUnit--TYPE-arrow"}]}
RESULT: undefined
COMMAND: POST /session/e4ca631e3efb970409c1f6ae88247928/element - {"using":"xpath","value":"//*[@id=\"application-manageresources-display-component---newResourceUnit--TYPE-arrow\"]"}
RESULT: {"using":"xpath","value":"//*[@id=\"application-manageresources-display-component---newResourceUnit--TYPE-arrow\"]"}
COMMAND: POST /session/e4ca631e3efb970409c1f6ae88247928/element/f.C691F06ADA7EF9549F3769A53F800D74.d.3C3929C3832D6F1FFA3515CDF0710FA5.e.2939/click - {}
RESULT: {}
COMMAND: POST /session/e4ca631e3efb970409c1f6ae88247928/element - {"using":"xpath","value":"//input[@id=\"application-manageresources-display-component---newResourceUnit--TYPE-inner\"]"}
COMMAND: GET /session/e4ca631e3efb970409c1f6ae88247928/screenshot - {}
RESULT: {"using":"xpath","value":"//input[@id=\"application-manageresources-display-component---newResourceUnit--TYPE-inner\"]"}
COMMAND: POST /session/e4ca631e3efb970409c1f6ae88247928/element/f.C691F06ADA7EF9549F3769A53F800D74.d.3C3929C3832D6F1FFA3515CDF0710FA5.e.2920/clear - {}
RESULT: {}
RESULT: {}
COMMAND: POST /session/e4ca631e3efb970409c1f6ae88247928/element/f.C691F06ADA7EF9549F3769A53F800D74.d.3C3929C3832D6F1FFA3515CDF0710FA5.e.2920/value - {"text":"Equipment"}
COMMAND: GET /session/e4ca631e3efb970409c1f6ae88247928/screenshot - {}
RESULT: {"text":"Equipment"}
COMMAND: GET /session/e4ca631e3efb970409c1f6ae88247928/screenshot - {}
RESULT: {}
RESULT: {}
COMMAND: POST /session/e4ca631e3efb970409c1f6ae88247928/actions - {"actions":[{"id":"action8","type":"key","parameters":{},"actions":[{"type":"keyDown","value":"î€‡"},{"type":"pause","duration":10},{"type":"keyUp","value":"î€‡"}]}]}
RESULT: {"actions":[{"id":"action8","type":"key","parameters":{},"actions":[{"type":"keyDown","value":"î€‡"},{"type":"pause","duration":10},{"type":"keyUp","value":"î€‡"}]}]}
COMMAND: POST /session/e4ca631e3efb970409c1f6ae88247928/execute/async - {"script":"<script> [1562 bytes]","args":[{"selector":{"id":"application-manageresources-display-component---newResourceUnit--resourceId","interaction":{"idSuffix":"inner"}},"wdio_ui5_key":"applicationmanageresources-display-component---newResourceUnit--resourceId"}]}
COMMAND: GET /session/e4ca631e3efb970409c1f6ae88247928/screenshot - {}
RESULT: {"script":"<script> [1562 bytes]","args":[{"selector":{"id":"application-manageresources-display-component---newResourceUnit--resourceId","interaction":{"idSuffix":"inner"}},"wdio_ui5_key":"applicationmanageresources-display-component---newResourceUnit--resourceId"}]}
RESULT: undefined
COMMAND: POST /session/e4ca631e3efb970409c1f6ae88247928/execute/async - {"script":"<script> [776 bytes]","args":[{"enterText":"Jm7moJCu2o","selector":{"id":"application-manageresources-display-component---newResourceUnit--resourceId","interaction":{"idSuffix":"inner"}},"clearTextFirst":true,"interactionType":"ENTER_TEXT"}]}
RESULT: {}
RESULT: {"script":"<script> [776 bytes]","args":[{"enterText":"Jm7moJCu2o","selector":{"id":"application-manageresources-display-component---newResourceUnit--resourceId","interaction":{"idSuffix":"inner"}},"clearTextFirst":true,"interactionType":"ENTER_TEXT"}]}
COMMAND: POST /session/e4ca631e3efb970409c1f6ae88247928/execute/async - {"script":"<script> [1562 bytes]","args":[{"selector":{"id":"application-manageresources-display-component---newResourceUnit--SHORT_TEXT","interaction":{"idSuffix":"inner"}},"wdio_ui5_key":"applicationmanageresources-display-component---newResourceUnit--SHORT_TEXT"}]}
RESULT: {"script":"<script> [1562 bytes]","args":[{"selector":{"id":"application-manageresources-display-component---newResourceUnit--SHORT_TEXT","interaction":{"idSuffix":"inner"}},"wdio_ui5_key":"applicationmanageresources-display-component---newResourceUnit--SHORT_TEXT"}]}
RESULT: undefined
COMMAND: POST /session/e4ca631e3efb970409c1f6ae88247928/execute/async - {"script":"<script> [776 bytes]","args":[{"enterText":"Intercompany Equipment WDIO","selector":{"id":"application-manageresources-display-component---newResourceUnit--SHORT_TEXT","interaction":{"idSuffix":"inner"}},"clearTextFirst":true,"interactionType":"ENTER_TEXT"}]}
RESULT: {"script":"<script> [776 bytes]","args":[{"enterText":"Intercompany Equipment WDIO","selector":{"id":"application-manageresources-display-component---newResourceUnit--SHORT_TEXT","interaction":{"idSuffix":"inner"}},"clearTextFirst":true,"interactionType":"ENTER_TEXT"}]}
COMMAND: POST /session/e4ca631e3efb970409c1f6ae88247928/execute/async - {"script":"<script> [1562 bytes]","args":[{"selector":{"id":"application-manageresources-display-component---newResourceUnit--BASE_UNIT_OF_MEASURE","interaction":{"idSuffix":"inner"}},"wdio_ui5_key":"applicationmanageresources-display-component---newResourceUnit--BASE_UNIT_OF_MEASURE"}]}
RESULT: {"script":"<script> [1562 bytes]","args":[{"selector":{"id":"application-manageresources-display-component---newResourceUnit--BASE_UNIT_OF_MEASURE","interaction":{"idSuffix":"inner"}},"wdio_ui5_key":"applicationmanageresources-display-component---newResourceUnit--BASE_UNIT_OF_MEASURE"}]}
RESULT: undefined
COMMAND: POST /session/e4ca631e3efb970409c1f6ae88247928/execute/async - {"script":"<script> [776 bytes]","args":[{"enterText":"Piece","selector":{"id":"application-manageresources-display-component---newResourceUnit--BASE_UNIT_OF_MEASURE","interaction":{"idSuffix":"inner"}},"clearTextFirst":true,"interactionType":"ENTER_TEXT"}]}
RESULT: {"script":"<script> [776 bytes]","args":[{"enterText":"Piece","selector":{"id":"application-manageresources-display-component---newResourceUnit--BASE_UNIT_OF_MEASURE","interaction":{"idSuffix":"inner"}},"clearTextFirst":true,"interactionType":"ENTER_TEXT"}]}
COMMAND: POST /session/e4ca631e3efb970409c1f6ae88247928/execute/async - {"script":"<script> [1562 bytes]","args":[{"selector":{"id":"application-manageresources-display-component---newResourceUnit--WEIGHT_UNIT","interaction":{"idSuffix":"inner"}},"wdio_ui5_key":"applicationmanageresources-display-component---newResourceUnit--WEIGHT_UNIT"}]}
RESULT: {"script":"<script> [1562 bytes]","args":[{"selector":{"id":"application-manageresources-display-component---newResourceUnit--WEIGHT_UNIT","interaction":{"idSuffix":"inner"}},"wdio_ui5_key":"applicationmanageresources-display-component---newResourceUnit--WEIGHT_UNIT"}]}
RESULT: undefined
COMMAND: POST /session/e4ca631e3efb970409c1f6ae88247928/execute/async - {"script":"<script> [776 bytes]","args":[{"enterText":"Gram","selector":{"id":"application-manageresources-display-component---newResourceUnit--WEIGHT_UNIT","interaction":{"idSuffix":"inner"}},"clearTextFirst":true,"interactionType":"ENTER_TEXT"}]}
RESULT: {"script":"<script> [776 bytes]","args":[{"enterText":"Gram","selector":{"id":"application-manageresources-display-component---newResourceUnit--WEIGHT_UNIT","interaction":{"idSuffix":"inner"}},"clearTextFirst":true,"interactionType":"ENTER_TEXT"}]}
COMMAND: POST /session/e4ca631e3efb970409c1f6ae88247928/execute/async - {"script":"<script> [1562 bytes]","args":[{"selector":{"id":"application-manageresources-display-component---newResourceUnit--DIMENSION_UNIT","interaction":{"idSuffix":"inner"}},"wdio_ui5_key":"applicationmanageresources-display-component---newResourceUnit--DIMENSION_UNIT"}]}
RESULT: {"script":"<script> [1562 bytes]","args":[{"selector":{"id":"application-manageresources-display-component---newResourceUnit--DIMENSION_UNIT","interaction":{"idSuffix":"inner"}},"wdio_ui5_key":"applicationmanageresources-display-component---newResourceUnit--DIMENSION_UNIT"}]}
RESULT: undefined
COMMAND: POST /session/e4ca631e3efb970409c1f6ae88247928/execute/async - {"script":"<script> [776 bytes]","args":[{"enterText":"Meter","selector":{"id":"application-manageresources-display-component---newResourceUnit--DIMENSION_UNIT","interaction":{"idSuffix":"inner"}},"clearTextFirst":true,"interactionType":"ENTER_TEXT"}]}
RESULT: {"script":"<script> [776 bytes]","args":[{"enterText":"Meter","selector":{"id":"application-manageresources-display-component---newResourceUnit--DIMENSION_UNIT","interaction":{"idSuffix":"inner"}},"clearTextFirst":true,"interactionType":"ENTER_TEXT"}]}
COMMAND: POST /session/e4ca631e3efb970409c1f6ae88247928/execute/async - {"script":"<script> [1562 bytes]","args":[{"selector":{"id":"application-manageresources-display-component---newResourceUnit--newRRUPage-anchBar-application-manageresources-display-component---newResourceUnit--control-anchor","interaction":{"idSuffix":"BDI-content"}},"wdio_ui5_key":"applicationmanageresources-display-component---newResourceUnit--newRRUPage-anchBar-application-manageresources-display-component---newResourceUnit--control-anchor"}]}
RESULT: {"script":"<script> [1562 bytes]","args":[{"selector":{"id":"application-manageresources-display-component---newResourceUnit--newRRUPage-anchBar-application-manageresources-display-component---newResourceUnit--control-anchor","interaction":{"idSuffix":"BDI-content"}},"wdio_ui5_key":"applicationmanageresources-display-component---newResourceUnit--newRRUPage-anchBar-application-manageresources-display-component---newResourceUnit--control-anchor"}]}
RESULT: undefined
COMMAND: POST /session/e4ca631e3efb970409c1f6ae88247928/element - {"using":"xpath","value":"//*[@id=\"application-manageresources-display-component---newResourceUnit--newRRUPage-anchBar-application-manageresources-display-component---newResourceUnit--control-anchor\"]"}
RESULT: {"using":"xpath","value":"//*[@id=\"application-manageresources-display-component---newResourceUnit--newRRUPage-anchBar-application-manageresources-display-component---newResourceUnit--control-anchor\"]"}
COMMAND: POST /session/e4ca631e3efb970409c1f6ae88247928/element/f.C691F06ADA7EF9549F3769A53F800D74.d.3C3929C3832D6F1FFA3515CDF0710FA5.e.3072/click - {}
RESULT: {}
COMMAND: POST /session/e4ca631e3efb970409c1f6ae88247928/execute/async - {"script":"<script> [1562 bytes]","args":[{"selector":{"id":"application-manageresources-display-component---newResourceUnit--PLANNING_GROUP","interaction":{"idSuffix":"inner"}},"wdio_ui5_key":"applicationmanageresources-display-component---newResourceUnit--PLANNING_GROUP"}]}
COMMAND: GET /session/e4ca631e3efb970409c1f6ae88247928/screenshot - {}
RESULT: {"script":"<script> [1562 bytes]","args":[{"selector":{"id":"application-manageresources-display-component---newResourceUnit--PLANNING_GROUP","interaction":{"idSuffix":"inner"}},"wdio_ui5_key":"applicationmanageresources-display-component---newResourceUnit--PLANNING_GROUP"}]}
RESULT: undefined
COMMAND: POST /session/e4ca631e3efb970409c1f6ae88247928/execute/async - {"script":"<script> [776 bytes]","args":[{"enterText":"Heavy Equi","selector":{"id":"application-manageresources-display-component---newResourceUnit--PLANNING_GROUP","interaction":{"idSuffix":"inner"}},"clearTextFirst":true,"interactionType":"ENTER_TEXT"}]}
RESULT: {}
RESULT: {"script":"<script> [776 bytes]","args":[{"enterText":"Heavy Equi","selector":{"id":"application-manageresources-display-component---newResourceUnit--PLANNING_GROUP","interaction":{"idSuffix":"inner"}},"clearTextFirst":true,"interactionType":"ENTER_TEXT"}]}
COMMAND: POST /session/e4ca631e3efb970409c1f6ae88247928/execute/async - {"script":"<script> [1562 bytes]","args":[{"selector":{"id":"application-manageresources-display-component---newResourceUnit--ITEM_TYPE-arrow"},"wdio_ui5_key":"applicationmanageresources-display-component---newResourceUnit--ITEM_TYPE-arrow"}]}
RESULT: {"script":"<script> [1562 bytes]","args":[{"selector":{"id":"application-manageresources-display-component---newResourceUnit--ITEM_TYPE-arrow"},"wdio_ui5_key":"applicationmanageresources-display-component---newResourceUnit--ITEM_TYPE-arrow"}]}
RESULT: undefined
COMMAND: POST /session/e4ca631e3efb970409c1f6ae88247928/element - {"using":"xpath","value":"//*[@id=\"application-manageresources-display-component---newResourceUnit--ITEM_TYPE-arrow\"]"}
RESULT: {"using":"xpath","value":"//*[@id=\"application-manageresources-display-component---newResourceUnit--ITEM_TYPE-arrow\"]"}
COMMAND: POST /session/e4ca631e3efb970409c1f6ae88247928/element/f.C691F06ADA7EF9549F3769A53F800D74.d.3C3929C3832D6F1FFA3515CDF0710FA5.e.3081/click - {}
RESULT: {}
COMMAND: POST /session/e4ca631e3efb970409c1f6ae88247928/element - {"using":"xpath","value":"(//span[contains(text(), \"Resource Unit\")])[2]"}
COMMAND: GET /session/e4ca631e3efb970409c1f6ae88247928/screenshot - {}
RESULT: {"using":"xpath","value":"(//span[contains(text(), \"Resource Unit\")])[2]"}
COMMAND: POST /session/e4ca631e3efb970409c1f6ae88247928/element/f.C691F06ADA7EF9549F3769A53F800D74.d.3C3929C3832D6F1FFA3515CDF0710FA5.e.3082/click - {}
RESULT: {}
RESULT: {}
COMMAND: GET /session/e4ca631e3efb970409c1f6ae88247928/screenshot - {}
RESULT: {}
COMMAND: POST /session/e4ca631e3efb970409c1f6ae88247928/element - {"using":"css selector","value":"#application-manageresources-display-component---newResourceUnit--btnAddTimeSegment"}
RESULT: {"using":"css selector","value":"#application-manageresources-display-component---newResourceUnit--btnAddTimeSegment"}
COMMAND: GET /session/e4ca631e3efb970409c1f6ae88247928/element/f.C691F06ADA7EF9549F3769A53F800D74.d.3C3929C3832D6F1FFA3515CDF0710FA5.e.3083/rect - {}
RESULT: {}
COMMAND: GET /session/e4ca631e3efb970409c1f6ae88247928/window/rect - {}
RESULT: {}
COMMAND: POST /session/e4ca631e3efb970409c1f6ae88247928/execute/sync - {"script":"<script> [92 bytes]","args":[]}
RESULT: {"script":"<script> [92 bytes]","args":[]}
COMMAND: POST /session/e4ca631e3efb970409c1f6ae88247928/actions - {"actions":[{"id":"action9","type":"wheel","parameters":{},"actions":[{"type":"scroll","x":-1888,"y":-32,"deltaX":0,"deltaY":0,"duration":0,"origin":{"element-6066-11e4-a52e-4f735466cecf":"f.C691F06ADA7EF9549F3769A53F800D74.d.3C3929C3832D6F1FFA3515CDF0710FA5.e.3083"}}]}]}
COMMAND: GET /session/e4ca631e3efb970409c1f6ae88247928/screenshot - {}
RESULT: {}
COMMAND: POST /session/e4ca631e3efb970409c1f6ae88247928/execute/sync - {"script":"<script> [79 bytes]","args":[{"element-6066-11e4-a52e-4f735466cecf":"f.C691F06ADA7EF9549F3769A53F800D74.d.3C3929C3832D6F1FFA3515CDF0710FA5.e.3083","ELEMENT":"f.C691F06ADA7EF9549F3769A53F800D74.d.3C3929C3832D6F1FFA3515CDF0710FA5.e.3083"},{"block":"start","inline":"nearest"}]}
RESULT: {"script":"<script> [79 bytes]","args":[{"element-6066-11e4-a52e-4f735466cecf":"f.C691F06ADA7EF9549F3769A53F800D74.d.3C3929C3832D6F1FFA3515CDF0710FA5.e.3083","ELEMENT":"f.C691F06ADA7EF9549F3769A53F800D74.d.3C3929C3832D6F1FFA3515CDF0710FA5.e.3083"},{"block":"start","inline":"nearest"}]}
COMMAND: POST /session/e4ca631e3efb970409c1f6ae88247928/execute/async - {"script":"<script> [1562 bytes]","args":[{"selector":{"id":"application-manageresources-display-component---newResourceUnit--btnAddTimeSegment","interaction":{"idSuffix":"inner"}},"wdio_ui5_key":"applicationmanageresources-display-component---newResourceUnit--btnAddTimeSegment"}]}
COMMAND: GET /session/e4ca631e3efb970409c1f6ae88247928/screenshot - {}
RESULT: {"script":"<script> [1562 bytes]","args":[{"selector":{"id":"application-manageresources-display-component---newResourceUnit--btnAddTimeSegment","interaction":{"idSuffix":"inner"}},"wdio_ui5_key":"applicationmanageresources-display-component---newResourceUnit--btnAddTimeSegment"}]}
RESULT: undefined
COMMAND: POST /session/e4ca631e3efb970409c1f6ae88247928/element - {"using":"xpath","value":"//*[@id=\"application-manageresources-display-component---newResourceUnit--btnAddTimeSegment\"]"}
RESULT: {}
RESULT: {"using":"xpath","value":"//*[@id=\"application-manageresources-display-component---newResourceUnit--btnAddTimeSegment\"]"}
COMMAND: POST /session/e4ca631e3efb970409c1f6ae88247928/element/f.C691F06ADA7EF9549F3769A53F800D74.d.3C3929C3832D6F1FFA3515CDF0710FA5.e.3083/click - {}
RESULT: {}
COMMAND: GET /session/e4ca631e3efb970409c1f6ae88247928/screenshot - {}
RESULT: {}
COMMAND: POST /session/e4ca631e3efb970409c1f6ae88247928/element - {"using":"xpath","value":"//input[@id=\"application-manageresources-display-component---newResourceUnit--idRuTSAdmin-application-manageresources-display-component---newResourceUnit--RUTimeSegment-0-inner\"]"}
RESULT: {"using":"xpath","value":"//input[@id=\"application-manageresources-display-component---newResourceUnit--idRuTSAdmin-application-manageresources-display-component---newResourceUnit--RUTimeSegment-0-inner\"]"}
COMMAND: POST /session/e4ca631e3efb970409c1f6ae88247928/element/f.C691F06ADA7EF9549F3769A53F800D74.d.3C3929C3832D6F1FFA3515CDF0710FA5.e.3089/clear - {}
RESULT: {}
COMMAND: POST /session/e4ca631e3efb970409c1f6ae88247928/element/f.C691F06ADA7EF9549F3769A53F800D74.d.3C3929C3832D6F1FFA3515CDF0710FA5.e.3089/value - {"text":"667"}
COMMAND: GET /session/e4ca631e3efb970409c1f6ae88247928/screenshot - {}
RESULT: {"text":"667"}
COMMAND: GET /session/e4ca631e3efb970409c1f6ae88247928/screenshot - {}
RESULT: {}
RESULT: {}
COMMAND: POST /session/e4ca631e3efb970409c1f6ae88247928/element - {"using":"xpath","value":"//li[.//span[text()='667']]"}
RESULT: {"using":"xpath","value":"//li[.//span[text()='667']]"}
COMMAND: POST /session/e4ca631e3efb970409c1f6ae88247928/element/f.C691F06ADA7EF9549F3769A53F800D74.d.3C3929C3832D6F1FFA3515CDF0710FA5.e.3101/click - {}
RESULT: {}
COMMAND: GET /session/e4ca631e3efb970409c1f6ae88247928/screenshot - {}
RESULT: {}
COMMAND: POST /session/e4ca631e3efb970409c1f6ae88247928/element - {"using":"xpath","value":"(//span[contains(@id, \"-application-manageresources-display-component---newResourceUnit--RUTimeSegment-0-arrow\")])[6]"}
RESULT: {"using":"xpath","value":"(//span[contains(@id, \"-application-manageresources-display-component---newResourceUnit--RUTimeSegment-0-arrow\")])[6]"}
COMMAND: POST /session/e4ca631e3efb970409c1f6ae88247928/element/f.C691F06ADA7EF9549F3769A53F800D74.d.3C3929C3832D6F1FFA3515CDF0710FA5.e.3102/click - {}
RESULT: {}
COMMAND: GET /session/e4ca631e3efb970409c1f6ae88247928/screenshot - {}
RESULT: {}
COMMAND: POST /session/e4ca631e3efb970409c1f6ae88247928/element - {"using":"xpath","value":"//span[contains(text(), \"PM Order\")]"}
RESULT: {"using":"xpath","value":"//span[contains(text(), \"PM Order\")]"}
COMMAND: POST /session/e4ca631e3efb970409c1f6ae88247928/element/f.C691F06ADA7EF9549F3769A53F800D74.d.3C3929C3832D6F1FFA3515CDF0710FA5.e.3105/click - {}
RESULT: {}
COMMAND: GET /session/e4ca631e3efb970409c1f6ae88247928/screenshot - {}
RESULT: {}
COMMAND: POST /session/e4ca631e3efb970409c1f6ae88247928/element - {"using":"xpath","value":"(//span[contains(@id ,\"manageresources-display-component---newResourceUnit--RUTimeSegment-0-vhi\")])[1]"}
RESULT: {"using":"xpath","value":"(//span[contains(@id ,\"manageresources-display-component---newResourceUnit--RUTimeSegment-0-vhi\")])[1]"}
COMMAND: GET /session/e4ca631e3efb970409c1f6ae88247928/element/f.C691F06ADA7EF9549F3769A53F800D74.d.3C3929C3832D6F1FFA3515CDF0710FA5.e.3109/rect - {}
RESULT: {}
COMMAND: GET /session/e4ca631e3efb970409c1f6ae88247928/window/rect - {}
RESULT: {}
COMMAND: POST /session/e4ca631e3efb970409c1f6ae88247928/execute/sync - {"script":"<script> [92 bytes]","args":[]}
RESULT: {"script":"<script> [92 bytes]","args":[]}
COMMAND: POST /session/e4ca631e3efb970409c1f6ae88247928/actions - {"actions":[{"id":"action10","type":"wheel","parameters":{},"actions":[{"type":"scroll","x":-869,"y":-24,"deltaX":0,"deltaY":0,"duration":0,"origin":{"element-6066-11e4-a52e-4f735466cecf":"f.C691F06ADA7EF9549F3769A53F800D74.d.3C3929C3832D6F1FFA3515CDF0710FA5.e.3109"}}]}]}
COMMAND: GET /session/e4ca631e3efb970409c1f6ae88247928/screenshot - {}
RESULT: {"actions":[{"id":"action10","type":"wheel","parameters":{},"actions":[{"type":"scroll","x":-869,"y":-24,"deltaX":0,"deltaY":0,"duration":0,"origin":{"element-6066-11e4-a52e-4f735466cecf":"f.C691F06ADA7EF9549F3769A53F800D74.d.3C3929C3832D6F1FFA3515CDF0710FA5.e.3109"}}]}]}
COMMAND: DELETE /session/e4ca631e3efb970409c1f6ae88247928/actions - {}
COMMAND: GET /session/e4ca631e3efb970409c1f6ae88247928/screenshot - {}
RESULT: {}
RESULT: {}
COMMAND: GET /session/e4ca631e3efb970409c1f6ae88247928/screenshot - {}
RESULT: {}
RESULT: {}
COMMAND: POST /session/e4ca631e3efb970409c1f6ae88247928/element/f.C691F06ADA7EF9549F3769A53F800D74.d.3C3929C3832D6F1FFA3515CDF0710FA5.e.3109/click - {}
RESULT: {}
COMMAND: GET /session/e4ca631e3efb970409c1f6ae88247928/screenshot - {}
RESULT: {}
RESULT: undefined
COMMAND: POST /session/e4ca631e3efb970409c1f6ae88247928/execute/async - {"script":"<script> [776 bytes]","args":[{"enterText":"4000360","selector":{"controlType":"sap.m.SearchField","properties":{"placeholder":"Search"},"searchOpenDialogs":true,"interaction":{"idSuffix":"I"}},"clearTextFirst":true,"interactionType":"ENTER_TEXT"}]}
RESULT: {"script":"<script> [776 bytes]","args":[{"enterText":"4000360","selector":{"controlType":"sap.m.SearchField","properties":{"placeholder":"Search"},"searchOpenDialogs":true,"interaction":{"idSuffix":"I"}},"clearTextFirst":true,"interactionType":"ENTER_TEXT"}]}
COMMAND: POST /session/e4ca631e3efb970409c1f6ae88247928/actions - {"actions":[{"id":"action11","type":"key","parameters":{},"actions":[{"type":"keyDown","value":"î€‡"},{"type":"pause","duration":10},{"type":"keyUp","value":"î€‡"}]}]}
RESULT: {"actions":[{"id":"action11","type":"key","parameters":{},"actions":[{"type":"keyDown","value":"î€‡"},{"type":"pause","duration":10},{"type":"keyUp","value":"î€‡"}]}]}
COMMAND: GET /session/e4ca631e3efb970409c1f6ae88247928/screenshot - {}
RESULT: {}
COMMAND: POST /session/e4ca631e3efb970409c1f6ae88247928/element - {"using":"xpath","value":"//td/div/span[contains(text(), \"BGL Vehicles\")]"}
RESULT: {"using":"xpath","value":"//td/div/span[contains(text(), \"BGL Vehicles\")]"}
COMMAND: POST /session/e4ca631e3efb970409c1f6ae88247928/element/f.C691F06ADA7EF9549F3769A53F800D74.d.3C3929C3832D6F1FFA3515CDF0710FA5.e.3129/click - {}
RESULT: {}
COMMAND: GET /session/e4ca631e3efb970409c1f6ae88247928/screenshot - {}
RESULT: {}
COMMAND: POST /session/e4ca631e3efb970409c1f6ae88247928/element - {"using":"xpath","value":"//bdi[contains(text(), \"OK\")]"}
RESULT: {"using":"xpath","value":"//bdi[contains(text(), \"OK\")]"}
COMMAND: POST /session/e4ca631e3efb970409c1f6ae88247928/element/f.C691F06ADA7EF9549F3769A53F800D74.d.3C3929C3832D6F1FFA3515CDF0710FA5.e.3130/click - {}
RESULT: {}
COMMAND: GET /session/e4ca631e3efb970409c1f6ae88247928/screenshot - {}
RESULT: {}
COMMAND: POST /session/e4ca631e3efb970409c1f6ae88247928/execute/async - {"script":"<script> [1562 bytes]","args":[{"selector":{"id":"application-manageresources-display-component---newResourceUnit--newRRUPage-anchBar-application-manageresources-display-component---newResourceUnit--resource-anchor","interaction":{"idSuffix":"BDI-content"}},"wdio_ui5_key":"applicationmanageresources-display-component---newResourceUnit--newRRUPage-anchBar-application-manageresources-display-component---newResourceUnit--resource-anchor"}]}
RESULT: {"script":"<script> [1562 bytes]","args":[{"selector":{"id":"application-manageresources-display-component---newResourceUnit--newRRUPage-anchBar-application-manageresources-display-component---newResourceUnit--resource-anchor","interaction":{"idSuffix":"BDI-content"}},"wdio_ui5_key":"applicationmanageresources-display-component---newResourceUnit--newRRUPage-anchBar-application-manageresources-display-component---newResourceUnit--resource-anchor"}]}
RESULT: undefined
COMMAND: POST /session/e4ca631e3efb970409c1f6ae88247928/element - {"using":"xpath","value":"//*[@id=\"application-manageresources-display-component---newResourceUnit--newRRUPage-anchBar-application-manageresources-display-component---newResourceUnit--resource-anchor\"]"}
RESULT: {"using":"xpath","value":"//*[@id=\"application-manageresources-display-component---newResourceUnit--newRRUPage-anchBar-application-manageresources-display-component---newResourceUnit--resource-anchor\"]"}
COMMAND: POST /session/e4ca631e3efb970409c1f6ae88247928/element/f.C691F06ADA7EF9549F3769A53F800D74.d.3C3929C3832D6F1FFA3515CDF0710FA5.e.3134/click - {}
RESULT: {}
COMMAND: POST /session/e4ca631e3efb970409c1f6ae88247928/execute/async - {"script":"<script> [1562 bytes]","args":[{"selector":{"id":"application-manageresources-display-component---newResourceUnit--PLANNED_DELIVERY_DATE","interaction":{"idSuffix":"inner"}},"wdio_ui5_key":"applicationmanageresources-display-component---newResourceUnit--PLANNED_DELIVERY_DATE"}]}
COMMAND: GET /session/e4ca631e3efb970409c1f6ae88247928/screenshot - {}
RESULT: {"script":"<script> [1562 bytes]","args":[{"selector":{"id":"application-manageresources-display-component---newResourceUnit--PLANNED_DELIVERY_DATE","interaction":{"idSuffix":"inner"}},"wdio_ui5_key":"applicationmanageresources-display-component---newResourceUnit--PLANNED_DELIVERY_DATE"}]}
RESULT: undefined
COMMAND: POST /session/e4ca631e3efb970409c1f6ae88247928/execute/async - {"script":"<script> [6424 bytes]","args":[{"element-6066-11e4-a52e-4f735466cecf":"f.C691F06ADA7EF9549F3769A53F800D74.d.3C3929C3832D6F1FFA3515CDF0710FA5.e.2995"},"setValue",["5/7/25"]]}
RESULT: {}
RESULT: {"script":"<script> [6424 bytes]","args":[{"element-6066-11e4-a52e-4f735466cecf":"f.C691F06ADA7EF9549F3769A53F800D74.d.3C3929C3832D6F1FFA3515CDF0710FA5.e.2995"},"setValue",["5/7/25"]]}
COMMAND: POST /session/e4ca631e3efb970409c1f6ae88247928/element - {"using":"xpath","value":"//label[contains(@class, 'sapMLabelRequired') and .//bdi[contains(text(), 'Planned Retirement')]]"}
RESULT: {"using":"xpath","value":"//label[contains(@class, 'sapMLabelRequired') and .//bdi[contains(text(), 'Planned Retirement')]]"}
COMMAND: POST /session/e4ca631e3efb970409c1f6ae88247928/elements - {"using":"xpath","value":"//label[contains(@class, 'sapMLabelRequired') and .//bdi[contains(text(), 'Planned Retirement')]]"}
RESULT: {"using":"xpath","value":"//label[contains(@class, 'sapMLabelRequired') and .//bdi[contains(text(), 'Planned Retirement')]]"}
COMMAND: POST /session/e4ca631e3efb970409c1f6ae88247928/element - {"using":"xpath","value":"//button[@data-kt=\"resourceUnitSaveButton\"]"}
RESULT: {"using":"xpath","value":"//button[@data-kt=\"resourceUnitSaveButton\"]"}
COMMAND: POST /session/e4ca631e3efb970409c1f6ae88247928/element/f.C691F06ADA7EF9549F3769A53F800D74.d.3C3929C3832D6F1FFA3515CDF0710FA5.e.2956/click - {}
RESULT: {}
COMMAND: GET /session/e4ca631e3efb970409c1f6ae88247928/screenshot - {}
RESULT: {}
COMMAND: POST /session/e4ca631e3efb970409c1f6ae88247928/element - {"using":"xpath","value":"//bdi[contains(text(), \"Close\")]"}
RESULT: {"using":"xpath","value":"//bdi[contains(text(), \"Close\")]"}
COMMAND: POST /session/e4ca631e3efb970409c1f6ae88247928/element/f.C691F06ADA7EF9549F3769A53F800D74.d.3C3929C3832D6F1FFA3515CDF0710FA5.e.3142/click - {}
RESULT: {}
COMMAND: GET /session/e4ca631e3efb970409c1f6ae88247928/screenshot - {}
RESULT: {}
COMMAND: POST /session/e4ca631e3efb970409c1f6ae88247928/element - {"using":"xpath","value":"(//button[contains(@id ,\"actionsToolbar-overflowButton\")])[1]"}
RESULT: {"using":"xpath","value":"(//button[contains(@id ,\"actionsToolbar-overflowButton\")])[1]"}
COMMAND: POST /session/e4ca631e3efb970409c1f6ae88247928/element/f.C691F06ADA7EF9549F3769A53F800D74.d.3C3929C3832D6F1FFA3515CDF0710FA5.e.3175/click - {}
RESULT: {}
COMMAND: GET /session/e4ca631e3efb970409c1f6ae88247928/screenshot - {}
RESULT: {}
COMMAND: POST /session/e4ca631e3efb970409c1f6ae88247928/element - {"using":"xpath","value":"//button[@data-kt=\"priceInfoButton\"]"}
RESULT: {"using":"xpath","value":"//button[@data-kt=\"priceInfoButton\"]"}
COMMAND: POST /session/e4ca631e3efb970409c1f6ae88247928/element/f.C691F06ADA7EF9549F3769A53F800D74.d.3C3929C3832D6F1FFA3515CDF0710FA5.e.3177/click - {}
RESULT: {}
COMMAND: GET /session/e4ca631e3efb970409c1f6ae88247928/screenshot - {}
RESULT: {}
]]></system-out>
    </testcase>
    <testcase classname="chrome.135_0_7049_115.windows.Billing_confirm_US117289" name="Should create new pricing rule" time="52.881">
      <system-out><![CDATA[
COMMAND: POST /session/e4ca631e3efb970409c1f6ae88247928/element - {"using":"xpath","value":"//button[@data-kt=\"addButton\"]"}
RESULT: {"using":"xpath","value":"//button[@data-kt=\"addButton\"]"}
COMMAND: POST /session/e4ca631e3efb970409c1f6ae88247928/elements - {"using":"xpath","value":"//button[@data-kt=\"addButton\"]"}
RESULT: {"using":"xpath","value":"//button[@data-kt=\"addButton\"]"}
COMMAND: POST /session/e4ca631e3efb970409c1f6ae88247928/elements - {"using":"xpath","value":"//button[@data-kt=\"addButton\"]"}
RESULT: {"using":"xpath","value":"//button[@data-kt=\"addButton\"]"}
COMMAND: POST /session/e4ca631e3efb970409c1f6ae88247928/element - {"using":"xpath","value":"//button[@data-kt=\"addButton\"]"}
RESULT: {"using":"xpath","value":"//button[@data-kt=\"addButton\"]"}
COMMAND: POST /session/e4ca631e3efb970409c1f6ae88247928/execute/sync - {"script":"<script> [8489 bytes]","args":[{"element-6066-11e4-a52e-4f735466cecf":"f.C691F06ADA7EF9549F3769A53F800D74.d.3C3929C3832D6F1FFA3515CDF0710FA5.e.3214","ELEMENT":"f.C691F06ADA7EF9549F3769A53F800D74.d.3C3929C3832D6F1FFA3515CDF0710FA5.e.3214"}]}
RESULT: {"script":"<script> [8489 bytes]","args":[{"element-6066-11e4-a52e-4f735466cecf":"f.C691F06ADA7EF9549F3769A53F800D74.d.3C3929C3832D6F1FFA3515CDF0710FA5.e.3214","ELEMENT":"f.C691F06ADA7EF9549F3769A53F800D74.d.3C3929C3832D6F1FFA3515CDF0710FA5.e.3214"}]}
COMMAND: GET /session/e4ca631e3efb970409c1f6ae88247928/element/f.C691F06ADA7EF9549F3769A53F800D74.d.3C3929C3832D6F1FFA3515CDF0710FA5.e.3214/enabled - {}
COMMAND: GET /session/e4ca631e3efb970409c1f6ae88247928/screenshot - {}
RESULT: {}
COMMAND: POST /session/e4ca631e3efb970409c1f6ae88247928/execute/sync - {"script":"<script> [8489 bytes]","args":[{"element-6066-11e4-a52e-4f735466cecf":"f.C691F06ADA7EF9549F3769A53F800D74.d.3C3929C3832D6F1FFA3515CDF0710FA5.e.3214","ELEMENT":"f.C691F06ADA7EF9549F3769A53F800D74.d.3C3929C3832D6F1FFA3515CDF0710FA5.e.3214"}]}
COMMAND: GET /session/e4ca631e3efb970409c1f6ae88247928/screenshot - {}
RESULT: {}
RESULT: {"script":"<script> [8489 bytes]","args":[{"element-6066-11e4-a52e-4f735466cecf":"f.C691F06ADA7EF9549F3769A53F800D74.d.3C3929C3832D6F1FFA3515CDF0710FA5.e.3214","ELEMENT":"f.C691F06ADA7EF9549F3769A53F800D74.d.3C3929C3832D6F1FFA3515CDF0710FA5.e.3214"}]}
COMMAND: POST /session/e4ca631e3efb970409c1f6ae88247928/execute/sync - {"script":"<script> [5351 bytes]","args":[{"element-6066-11e4-a52e-4f735466cecf":"f.C691F06ADA7EF9549F3769A53F800D74.d.3C3929C3832D6F1FFA3515CDF0710FA5.e.3214","ELEMENT":"f.C691F06ADA7EF9549F3769A53F800D74.d.3C3929C3832D6F1FFA3515CDF0710FA5.e.3214"}]}
COMMAND: GET /session/e4ca631e3efb970409c1f6ae88247928/screenshot - {}
RESULT: {}
RESULT: {"script":"<script> [5351 bytes]","args":[{"element-6066-11e4-a52e-4f735466cecf":"f.C691F06ADA7EF9549F3769A53F800D74.d.3C3929C3832D6F1FFA3515CDF0710FA5.e.3214","ELEMENT":"f.C691F06ADA7EF9549F3769A53F800D74.d.3C3929C3832D6F1FFA3515CDF0710FA5.e.3214"}]}
COMMAND: POST /session/e4ca631e3efb970409c1f6ae88247928/element/f.C691F06ADA7EF9549F3769A53F800D74.d.3C3929C3832D6F1FFA3515CDF0710FA5.e.3214/click - {}
COMMAND: GET /session/e4ca631e3efb970409c1f6ae88247928/screenshot - {}
RESULT: {}
RESULT: {}
COMMAND: GET /session/e4ca631e3efb970409c1f6ae88247928/screenshot - {}
RESULT: {}
RESULT: {}
COMMAND: POST /session/e4ca631e3efb970409c1f6ae88247928/execute/async - {"script":"<script> [1562 bytes]","args":[{"selector":{"controlType":"sap.m.Title","viewName":"etm.portal.ui.managepricingrules.view.NewItem","viewId":"application-managepricingrules-display-component---newInfoPriceItem","properties":{"text":"New Pricing Rules - Item Level"}},"wdio_ui5_key":"etmportal.ui.managepricingrules.view.NewItemsap.m.Title{\"text\":\"New Pricing Rules - Item Level\"}"}]}
RESULT: {"script":"<script> [1562 bytes]","args":[{"selector":{"controlType":"sap.m.Title","viewName":"etm.portal.ui.managepricingrules.view.NewItem","viewId":"application-managepricingrules-display-component---newInfoPriceItem","properties":{"text":"New Pricing Rules - Item Level"}},"wdio_ui5_key":"etmportal.ui.managepricingrules.view.NewItemsap.m.Title{\"text\":\"New Pricing Rules - Item Level\"}"}]}
RESULT: undefined
COMMAND: POST /session/e4ca631e3efb970409c1f6ae88247928/execute/async - {"script":"<script> [6424 bytes]","args":[{"element-6066-11e4-a52e-4f735466cecf":"f.C691F06ADA7EF9549F3769A53F800D74.d.3C3929C3832D6F1FFA3515CDF0710FA5.e.3380"},"getText",[]]}
RESULT: {"script":"<script> [6424 bytes]","args":[{"element-6066-11e4-a52e-4f735466cecf":"f.C691F06ADA7EF9549F3769A53F800D74.d.3C3929C3832D6F1FFA3515CDF0710FA5.e.3380"},"getText",[]]}
COMMAND: POST /session/e4ca631e3efb970409c1f6ae88247928/execute/async - {"script":"<script> [1562 bytes]","args":[{"selector":{"id":"application-managepricingrules-display-component---newInfoPriceItem--condValidTo","interaction":{"idSuffix":"inner"}},"wdio_ui5_key":"applicationmanagepricingrules-display-component---newInfoPriceItem--condValidTo"}]}
RESULT: {"script":"<script> [1562 bytes]","args":[{"selector":{"id":"application-managepricingrules-display-component---newInfoPriceItem--condValidTo","interaction":{"idSuffix":"inner"}},"wdio_ui5_key":"applicationmanagepricingrules-display-component---newInfoPriceItem--condValidTo"}]}
RESULT: undefined
COMMAND: POST /session/e4ca631e3efb970409c1f6ae88247928/execute/async - {"script":"<script> [776 bytes]","args":[{"enterText":"01/07/26","selector":{"id":"application-managepricingrules-display-component---newInfoPriceItem--condValidTo","interaction":{"idSuffix":"inner"}},"clearTextFirst":true,"interactionType":"ENTER_TEXT"}]}
RESULT: {"script":"<script> [776 bytes]","args":[{"enterText":"01/07/26","selector":{"id":"application-managepricingrules-display-component---newInfoPriceItem--condValidTo","interaction":{"idSuffix":"inner"}},"clearTextFirst":true,"interactionType":"ENTER_TEXT"}]}
COMMAND: POST /session/e4ca631e3efb970409c1f6ae88247928/execute/async - {"script":"<script> [1562 bytes]","args":[{"selector":{"id":"application-managepricingrules-display-component---newInfoPriceItem--billType-arrow"},"wdio_ui5_key":"applicationmanagepricingrules-display-component---newInfoPriceItem--billType-arrow"}]}
RESULT: {"script":"<script> [1562 bytes]","args":[{"selector":{"id":"application-managepricingrules-display-component---newInfoPriceItem--billType-arrow"},"wdio_ui5_key":"applicationmanagepricingrules-display-component---newInfoPriceItem--billType-arrow"}]}
RESULT: undefined
COMMAND: POST /session/e4ca631e3efb970409c1f6ae88247928/element - {"using":"xpath","value":"//*[@id=\"application-managepricingrules-display-component---newInfoPriceItem--billType-arrow\"]"}
RESULT: {"using":"xpath","value":"//*[@id=\"application-managepricingrules-display-component---newInfoPriceItem--billType-arrow\"]"}
COMMAND: POST /session/e4ca631e3efb970409c1f6ae88247928/element/f.C691F06ADA7EF9549F3769A53F800D74.d.3C3929C3832D6F1FFA3515CDF0710FA5.e.3382/click - {}
RESULT: {}
COMMAND: POST /session/e4ca631e3efb970409c1f6ae88247928/element - {"using":"xpath","value":"//span[contains(text(), \"TB - Time based\")]"}
COMMAND: GET /session/e4ca631e3efb970409c1f6ae88247928/screenshot - {}
RESULT: {"using":"xpath","value":"//span[contains(text(), \"TB - Time based\")]"}
COMMAND: POST /session/e4ca631e3efb970409c1f6ae88247928/element/f.C691F06ADA7EF9549F3769A53F800D74.d.3C3929C3832D6F1FFA3515CDF0710FA5.e.3383/click - {}
RESULT: {}
RESULT: {}
COMMAND: POST /session/e4ca631e3efb970409c1f6ae88247928/execute/async - {"script":"<script> [1562 bytes]","args":[{"selector":{"id":"application-managepricingrules-display-component---newInfoPriceItem--priceProc-arrow"},"wdio_ui5_key":"applicationmanagepricingrules-display-component---newInfoPriceItem--priceProc-arrow"}]}
COMMAND: GET /session/e4ca631e3efb970409c1f6ae88247928/screenshot - {}
RESULT: {"script":"<script> [1562 bytes]","args":[{"selector":{"id":"application-managepricingrules-display-component---newInfoPriceItem--priceProc-arrow"},"wdio_ui5_key":"applicationmanagepricingrules-display-component---newInfoPriceItem--priceProc-arrow"}]}
RESULT: undefined
COMMAND: POST /session/e4ca631e3efb970409c1f6ae88247928/element - {"using":"xpath","value":"//*[@id=\"application-managepricingrules-display-component---newInfoPriceItem--priceProc-arrow\"]"}
RESULT: {}
RESULT: {"using":"xpath","value":"//*[@id=\"application-managepricingrules-display-component---newInfoPriceItem--priceProc-arrow\"]"}
COMMAND: POST /session/e4ca631e3efb970409c1f6ae88247928/element/f.C691F06ADA7EF9549F3769A53F800D74.d.3C3929C3832D6F1FFA3515CDF0710FA5.e.3348/click - {}
RESULT: {}
COMMAND: POST /session/e4ca631e3efb970409c1f6ae88247928/element - {"using":"xpath","value":"//span[contains(text(), \"TBS - Time based standard\")]"}
COMMAND: GET /session/e4ca631e3efb970409c1f6ae88247928/screenshot - {}
RESULT: {"using":"xpath","value":"//span[contains(text(), \"TBS - Time based standard\")]"}
COMMAND: POST /session/e4ca631e3efb970409c1f6ae88247928/element/f.C691F06ADA7EF9549F3769A53F800D74.d.3C3929C3832D6F1FFA3515CDF0710FA5.e.3384/click - {}
RESULT: {}
RESULT: {}
COMMAND: POST /session/e4ca631e3efb970409c1f6ae88247928/execute/async - {"script":"<script> [1562 bytes]","args":[{"selector":{"id":"application-managepricingrules-display-component---newInfoPriceItem--calcBase-arrow"},"wdio_ui5_key":"applicationmanagepricingrules-display-component---newInfoPriceItem--calcBase-arrow"}]}
COMMAND: GET /session/e4ca631e3efb970409c1f6ae88247928/screenshot - {}
RESULT: {"script":"<script> [1562 bytes]","args":[{"selector":{"id":"application-managepricingrules-display-component---newInfoPriceItem--calcBase-arrow"},"wdio_ui5_key":"applicationmanagepricingrules-display-component---newInfoPriceItem--calcBase-arrow"}]}
RESULT: undefined
COMMAND: POST /session/e4ca631e3efb970409c1f6ae88247928/element - {"using":"xpath","value":"//*[@id=\"application-managepricingrules-display-component---newInfoPriceItem--calcBase-arrow\"]"}
RESULT: {}
RESULT: {"using":"xpath","value":"//*[@id=\"application-managepricingrules-display-component---newInfoPriceItem--calcBase-arrow\"]"}
COMMAND: POST /session/e4ca631e3efb970409c1f6ae88247928/element/f.C691F06ADA7EF9549F3769A53F800D74.d.3C3929C3832D6F1FFA3515CDF0710FA5.e.3355/click - {}
RESULT: {}
COMMAND: GET /session/e4ca631e3efb970409c1f6ae88247928/screenshot - {}
RESULT: {}
COMMAND: POST /session/e4ca631e3efb970409c1f6ae88247928/element - {"using":"xpath","value":"//span[contains(text(), \"0006 - TB(calendar days)\")]"}
RESULT: {"using":"xpath","value":"//span[contains(text(), \"0006 - TB(calendar days)\")]"}
COMMAND: POST /session/e4ca631e3efb970409c1f6ae88247928/element/f.C691F06ADA7EF9549F3769A53F800D74.d.3C3929C3832D6F1FFA3515CDF0710FA5.e.3385/click - {}
RESULT: {}
COMMAND: GET /session/e4ca631e3efb970409c1f6ae88247928/screenshot - {}
RESULT: {}
COMMAND: POST /session/e4ca631e3efb970409c1f6ae88247928/execute/async - {"script":"<script> [1562 bytes]","args":[{"selector":{"id":"application-managepricingrules-display-component---newInfoPriceItem--daysMonth","interaction":{"idSuffix":"inner"}},"wdio_ui5_key":"applicationmanagepricingrules-display-component---newInfoPriceItem--daysMonth"}]}
RESULT: {"script":"<script> [1562 bytes]","args":[{"selector":{"id":"application-managepricingrules-display-component---newInfoPriceItem--daysMonth","interaction":{"idSuffix":"inner"}},"wdio_ui5_key":"applicationmanagepricingrules-display-component---newInfoPriceItem--daysMonth"}]}
RESULT: undefined
COMMAND: POST /session/e4ca631e3efb970409c1f6ae88247928/execute/async - {"script":"<script> [776 bytes]","args":[{"enterText":"30","selector":{"id":"application-managepricingrules-display-component---newInfoPriceItem--daysMonth","interaction":{"idSuffix":"inner"}},"clearTextFirst":true,"interactionType":"ENTER_TEXT"}]}
RESULT: {"script":"<script> [776 bytes]","args":[{"enterText":"30","selector":{"id":"application-managepricingrules-display-component---newInfoPriceItem--daysMonth","interaction":{"idSuffix":"inner"}},"clearTextFirst":true,"interactionType":"ENTER_TEXT"}]}
COMMAND: POST /session/e4ca631e3efb970409c1f6ae88247928/element - {"using":"xpath","value":"//button[@data-kt=\"saveNewRuleButton\"]"}
RESULT: {"using":"xpath","value":"//button[@data-kt=\"saveNewRuleButton\"]"}
COMMAND: POST /session/e4ca631e3efb970409c1f6ae88247928/element/f.C691F06ADA7EF9549F3769A53F800D74.d.3C3929C3832D6F1FFA3515CDF0710FA5.e.3371/click - {}
RESULT: {}
COMMAND: GET /session/e4ca631e3efb970409c1f6ae88247928/screenshot - {}
RESULT: {}
COMMAND: POST /session/e4ca631e3efb970409c1f6ae88247928/execute/async - {"script":"<script> [1562 bytes]","args":[{"selector":{"id":"application-managepricingrules-display-component---priceInfoItem--smartFilterBar-btnBasicSearch","interaction":{"idSuffix":"I"}},"wdio_ui5_key":"applicationmanagepricingrules-display-component---priceInfoItem--smartFilterBar-btnBasicSearch"}]}
RESULT: {"script":"<script> [1562 bytes]","args":[{"selector":{"id":"application-managepricingrules-display-component---priceInfoItem--smartFilterBar-btnBasicSearch","interaction":{"idSuffix":"I"}},"wdio_ui5_key":"applicationmanagepricingrules-display-component---priceInfoItem--smartFilterBar-btnBasicSearch"}]}
RESULT: undefined
COMMAND: POST /session/e4ca631e3efb970409c1f6ae88247928/execute/async - {"script":"<script> [776 bytes]","args":[{"enterText":"Jm7moJCu2o","selector":{"id":"application-managepricingrules-display-component---priceInfoItem--smartFilterBar-btnBasicSearch","interaction":{"idSuffix":"I"}},"clearTextFirst":true,"interactionType":"ENTER_TEXT"}]}
RESULT: {"script":"<script> [776 bytes]","args":[{"enterText":"Jm7moJCu2o","selector":{"id":"application-managepricingrules-display-component---priceInfoItem--smartFilterBar-btnBasicSearch","interaction":{"idSuffix":"I"}},"clearTextFirst":true,"interactionType":"ENTER_TEXT"}]}
COMMAND: POST /session/e4ca631e3efb970409c1f6ae88247928/actions - {"actions":[{"id":"action12","type":"key","parameters":{},"actions":[{"type":"keyDown","value":"î€‡"},{"type":"pause","duration":10},{"type":"keyUp","value":"î€‡"}]}]}
RESULT: {"actions":[{"id":"action12","type":"key","parameters":{},"actions":[{"type":"keyDown","value":"î€‡"},{"type":"pause","duration":10},{"type":"keyUp","value":"î€‡"}]}]}
COMMAND: GET /session/e4ca631e3efb970409c1f6ae88247928/screenshot - {}
RESULT: {}
COMMAND: POST /session/e4ca631e3efb970409c1f6ae88247928/element - {"using":"xpath","value":"//span[@id=\"application-managepricingrules-display-component---priceInfoItem--smartTable-header-inner\"]"}
RESULT: {"using":"xpath","value":"//span[@id=\"application-managepricingrules-display-component---priceInfoItem--smartTable-header-inner\"]"}
COMMAND: POST /session/e4ca631e3efb970409c1f6ae88247928/elements - {"using":"xpath","value":"//span[@id=\"application-managepricingrules-display-component---priceInfoItem--smartTable-header-inner\"]"}
RESULT: {"using":"xpath","value":"//span[@id=\"application-managepricingrules-display-component---priceInfoItem--smartTable-header-inner\"]"}
COMMAND: POST /session/e4ca631e3efb970409c1f6ae88247928/execute/sync - {"script":"<script> [56 bytes]","args":[{"element-6066-11e4-a52e-4f735466cecf":"f.C691F06ADA7EF9549F3769A53F800D74.d.3C3929C3832D6F1FFA3515CDF0710FA5.e.3398","ELEMENT":"f.C691F06ADA7EF9549F3769A53F800D74.d.3C3929C3832D6F1FFA3515CDF0710FA5.e.3398"}]}
RESULT: {"script":"<script> [56 bytes]","args":[{"element-6066-11e4-a52e-4f735466cecf":"f.C691F06ADA7EF9549F3769A53F800D74.d.3C3929C3832D6F1FFA3515CDF0710FA5.e.3398","ELEMENT":"f.C691F06ADA7EF9549F3769A53F800D74.d.3C3929C3832D6F1FFA3515CDF0710FA5.e.3398"}]}
COMMAND: POST /session/e4ca631e3efb970409c1f6ae88247928/element - {"using":"css selector","value":"#shell-header-logo"}
COMMAND: GET /session/e4ca631e3efb970409c1f6ae88247928/screenshot - {}
RESULT: {"using":"css selector","value":"#shell-header-logo"}
COMMAND: POST /session/e4ca631e3efb970409c1f6ae88247928/element/f.C691F06ADA7EF9549F3769A53F800D74.d.3C3929C3832D6F1FFA3515CDF0710FA5.e.2534/click - {}
RESULT: {}
RESULT: {}
COMMAND: GET /session/e4ca631e3efb970409c1f6ae88247928/screenshot - {}
RESULT: {}
]]></system-out>
    </testcase>
    <testcase classname="chrome.135_0_7049_115.windows.Billing_confirm_US117289" name="Should create new condition for equipment" time="66.118">
      <system-out><![CDATA[
COMMAND: POST /session/e4ca631e3efb970409c1f6ae88247928/execute/async - {"script":"<script> [1562 bytes]","args":[{"selector":{"controlType":"sap.m.Text","properties":{"text":"Manage Conditions & Prices"},"interaction":{"idSuffix":"inner"}},"wdio_ui5_key":"sapm.Text{\"text\":\"Manage Conditions & Prices\"}"}]}
RESULT: {"script":"<script> [1562 bytes]","args":[{"selector":{"controlType":"sap.m.Text","properties":{"text":"Manage Conditions & Prices"},"interaction":{"idSuffix":"inner"}},"wdio_ui5_key":"sapm.Text{\"text\":\"Manage Conditions & Prices\"}"}]}
RESULT: undefined
COMMAND: POST /session/e4ca631e3efb970409c1f6ae88247928/element - {"using":"xpath","value":"//*[@id=\"__tile53-title\"]"}
RESULT: {"using":"xpath","value":"//*[@id=\"__tile53-title\"]"}
COMMAND: POST /session/e4ca631e3efb970409c1f6ae88247928/element/f.C691F06ADA7EF9549F3769A53F800D74.d.3C3929C3832D6F1FFA3515CDF0710FA5.e.3401/click - {}
RESULT: {}
COMMAND: POST /session/e4ca631e3efb970409c1f6ae88247928/element - {"using":"xpath","value":"//button[@aria-label=\"Create\"]"}
COMMAND: GET /session/e4ca631e3efb970409c1f6ae88247928/screenshot - {}
RESULT: {"using":"xpath","value":"//button[@aria-label=\"Create\"]"}
COMMAND: POST /session/e4ca631e3efb970409c1f6ae88247928/elements - {"using":"xpath","value":"//button[@aria-label=\"Create\"]"}
RESULT: {}
RESULT: {"using":"xpath","value":"//button[@aria-label=\"Create\"]"}
COMMAND: POST /session/e4ca631e3efb970409c1f6ae88247928/elements - {"using":"xpath","value":"//button[@aria-label=\"Create\"]"}
RESULT: {"using":"xpath","value":"//button[@aria-label=\"Create\"]"}
COMMAND: POST /session/e4ca631e3efb970409c1f6ae88247928/elements - {"using":"xpath","value":"//button[@aria-label=\"Create\"]"}
RESULT: {"using":"xpath","value":"//button[@aria-label=\"Create\"]"}
COMMAND: POST /session/e4ca631e3efb970409c1f6ae88247928/elements - {"using":"xpath","value":"//button[@aria-label=\"Create\"]"}
RESULT: {"using":"xpath","value":"//button[@aria-label=\"Create\"]"}
COMMAND: POST /session/e4ca631e3efb970409c1f6ae88247928/elements - {"using":"xpath","value":"//button[@aria-label=\"Create\"]"}
RESULT: {"using":"xpath","value":"//button[@aria-label=\"Create\"]"}
COMMAND: POST /session/e4ca631e3efb970409c1f6ae88247928/elements - {"using":"xpath","value":"//button[@aria-label=\"Create\"]"}
RESULT: {"using":"xpath","value":"//button[@aria-label=\"Create\"]"}
COMMAND: POST /session/e4ca631e3efb970409c1f6ae88247928/elements - {"using":"xpath","value":"//button[@aria-label=\"Create\"]"}
RESULT: {"using":"xpath","value":"//button[@aria-label=\"Create\"]"}
COMMAND: POST /session/e4ca631e3efb970409c1f6ae88247928/elements - {"using":"xpath","value":"//button[@aria-label=\"Create\"]"}
RESULT: {"using":"xpath","value":"//button[@aria-label=\"Create\"]"}
COMMAND: POST /session/e4ca631e3efb970409c1f6ae88247928/elements - {"using":"xpath","value":"//button[@aria-label=\"Create\"]"}
RESULT: {"using":"xpath","value":"//button[@aria-label=\"Create\"]"}
COMMAND: POST /session/e4ca631e3efb970409c1f6ae88247928/elements - {"using":"xpath","value":"//button[@aria-label=\"Create\"]"}
RESULT: {"using":"xpath","value":"//button[@aria-label=\"Create\"]"}
COMMAND: POST /session/e4ca631e3efb970409c1f6ae88247928/elements - {"using":"xpath","value":"//button[@aria-label=\"Create\"]"}
RESULT: {"using":"xpath","value":"//button[@aria-label=\"Create\"]"}
COMMAND: POST /session/e4ca631e3efb970409c1f6ae88247928/elements - {"using":"xpath","value":"//button[@aria-label=\"Create\"]"}
RESULT: {"using":"xpath","value":"//button[@aria-label=\"Create\"]"}
COMMAND: POST /session/e4ca631e3efb970409c1f6ae88247928/element - {"using":"xpath","value":"//button[@aria-label=\"Create\"]"}
RESULT: {"using":"xpath","value":"//button[@aria-label=\"Create\"]"}
COMMAND: POST /session/e4ca631e3efb970409c1f6ae88247928/execute/sync - {"script":"<script> [8489 bytes]","args":[{"element-6066-11e4-a52e-4f735466cecf":"f.C691F06ADA7EF9549F3769A53F800D74.d.3C3929C3832D6F1FFA3515CDF0710FA5.e.3436","ELEMENT":"f.C691F06ADA7EF9549F3769A53F800D74.d.3C3929C3832D6F1FFA3515CDF0710FA5.e.3436"}]}
RESULT: {"script":"<script> [8489 bytes]","args":[{"element-6066-11e4-a52e-4f735466cecf":"f.C691F06ADA7EF9549F3769A53F800D74.d.3C3929C3832D6F1FFA3515CDF0710FA5.e.3436","ELEMENT":"f.C691F06ADA7EF9549F3769A53F800D74.d.3C3929C3832D6F1FFA3515CDF0710FA5.e.3436"}]}
COMMAND: GET /session/e4ca631e3efb970409c1f6ae88247928/element/f.C691F06ADA7EF9549F3769A53F800D74.d.3C3929C3832D6F1FFA3515CDF0710FA5.e.3436/enabled - {}
COMMAND: GET /session/e4ca631e3efb970409c1f6ae88247928/screenshot - {}
RESULT: {}
COMMAND: POST /session/e4ca631e3efb970409c1f6ae88247928/execute/sync - {"script":"<script> [8489 bytes]","args":[{"element-6066-11e4-a52e-4f735466cecf":"f.C691F06ADA7EF9549F3769A53F800D74.d.3C3929C3832D6F1FFA3515CDF0710FA5.e.3436","ELEMENT":"f.C691F06ADA7EF9549F3769A53F800D74.d.3C3929C3832D6F1FFA3515CDF0710FA5.e.3436"}]}
COMMAND: GET /session/e4ca631e3efb970409c1f6ae88247928/screenshot - {}
RESULT: {}
RESULT: {"script":"<script> [8489 bytes]","args":[{"element-6066-11e4-a52e-4f735466cecf":"f.C691F06ADA7EF9549F3769A53F800D74.d.3C3929C3832D6F1FFA3515CDF0710FA5.e.3436","ELEMENT":"f.C691F06ADA7EF9549F3769A53F800D74.d.3C3929C3832D6F1FFA3515CDF0710FA5.e.3436"}]}
COMMAND: POST /session/e4ca631e3efb970409c1f6ae88247928/execute/sync - {"script":"<script> [5351 bytes]","args":[{"element-6066-11e4-a52e-4f735466cecf":"f.C691F06ADA7EF9549F3769A53F800D74.d.3C3929C3832D6F1FFA3515CDF0710FA5.e.3436","ELEMENT":"f.C691F06ADA7EF9549F3769A53F800D74.d.3C3929C3832D6F1FFA3515CDF0710FA5.e.3436"}]}
COMMAND: GET /session/e4ca631e3efb970409c1f6ae88247928/screenshot - {}
RESULT: {}
RESULT: {"script":"<script> [5351 bytes]","args":[{"element-6066-11e4-a52e-4f735466cecf":"f.C691F06ADA7EF9549F3769A53F800D74.d.3C3929C3832D6F1FFA3515CDF0710FA5.e.3436","ELEMENT":"f.C691F06ADA7EF9549F3769A53F800D74.d.3C3929C3832D6F1FFA3515CDF0710FA5.e.3436"}]}
COMMAND: POST /session/e4ca631e3efb970409c1f6ae88247928/element/f.C691F06ADA7EF9549F3769A53F800D74.d.3C3929C3832D6F1FFA3515CDF0710FA5.e.3436/click - {}
COMMAND: GET /session/e4ca631e3efb970409c1f6ae88247928/screenshot - {}
RESULT: {}
RESULT: {}
COMMAND: GET /session/e4ca631e3efb970409c1f6ae88247928/screenshot - {}
RESULT: {}
RESULT: {}
COMMAND: POST /session/e4ca631e3efb970409c1f6ae88247928/actions - {"actions":[{"id":"action13","type":"key","parameters":{},"actions":[{"type":"keyDown","value":"î€‡"},{"type":"pause","duration":10},{"type":"keyUp","value":"î€‡"}]}]}
RESULT: {"actions":[{"id":"action13","type":"key","parameters":{},"actions":[{"type":"keyDown","value":"î€‡"},{"type":"pause","duration":10},{"type":"keyUp","value":"î€‡"}]}]}
COMMAND: GET /session/e4ca631e3efb970409c1f6ae88247928/screenshot - {}
RESULT: {}
COMMAND: POST /session/e4ca631e3efb970409c1f6ae88247928/execute/async - {"script":"<script> [1562 bytes]","args":[{"selector":{"id":"application-manageconditionprice-display-component---newCondition--condBillCond-arrow"},"wdio_ui5_key":"applicationmanageconditionprice-display-component---newCondition--condBillCond-arrow"}]}
RESULT: {"script":"<script> [1562 bytes]","args":[{"selector":{"id":"application-manageconditionprice-display-component---newCondition--condBillCond-arrow"},"wdio_ui5_key":"applicationmanageconditionprice-display-component---newCondition--condBillCond-arrow"}]}
RESULT: undefined
COMMAND: POST /session/e4ca631e3efb970409c1f6ae88247928/element - {"using":"xpath","value":"//*[@id=\"application-manageconditionprice-display-component---newCondition--condBillCond-arrow\"]"}
RESULT: {"using":"xpath","value":"//*[@id=\"application-manageconditionprice-display-component---newCondition--condBillCond-arrow\"]"}
COMMAND: POST /session/e4ca631e3efb970409c1f6ae88247928/element/f.C691F06ADA7EF9549F3769A53F800D74.d.3C3929C3832D6F1FFA3515CDF0710FA5.e.3613/click - {}
RESULT: {}
COMMAND: GET /session/e4ca631e3efb970409c1f6ae88247928/screenshot - {}
RESULT: {}
COMMAND: POST /session/e4ca631e3efb970409c1f6ae88247928/element - {"using":"xpath","value":"//li[.//span[contains(text(), \"DISP - D&I special price\")]]"}
RESULT: {"using":"xpath","value":"//li[.//span[contains(text(), \"DISP - D&I special price\")]]"}
COMMAND: POST /session/e4ca631e3efb970409c1f6ae88247928/element/f.C691F06ADA7EF9549F3769A53F800D74.d.3C3929C3832D6F1FFA3515CDF0710FA5.e.3616/click - {}
RESULT: {}
COMMAND: GET /session/e4ca631e3efb970409c1f6ae88247928/screenshot - {}
RESULT: {}
COMMAND: POST /session/e4ca631e3efb970409c1f6ae88247928/execute/async - {"script":"<script> [1562 bytes]","args":[{"selector":{"id":"application-manageconditionprice-display-component---newCondition--condValidTo","interaction":{"idSuffix":"inner"}},"wdio_ui5_key":"applicationmanageconditionprice-display-component---newCondition--condValidTo"}]}
RESULT: {"script":"<script> [1562 bytes]","args":[{"selector":{"id":"application-manageconditionprice-display-component---newCondition--condValidTo","interaction":{"idSuffix":"inner"}},"wdio_ui5_key":"applicationmanageconditionprice-display-component---newCondition--condValidTo"}]}
RESULT: undefined
COMMAND: POST /session/e4ca631e3efb970409c1f6ae88247928/execute/async - {"script":"<script> [776 bytes]","args":[{"enterText":"01/07/26","selector":{"id":"application-manageconditionprice-display-component---newCondition--condValidTo","interaction":{"idSuffix":"inner"}},"clearTextFirst":true,"interactionType":"ENTER_TEXT"}]}
RESULT: {"script":"<script> [776 bytes]","args":[{"enterText":"01/07/26","selector":{"id":"application-manageconditionprice-display-component---newCondition--condValidTo","interaction":{"idSuffix":"inner"}},"clearTextFirst":true,"interactionType":"ENTER_TEXT"}]}
COMMAND: POST /session/e4ca631e3efb970409c1f6ae88247928/element - {"using":"xpath","value":"//input[@id=\"application-manageconditionprice-display-component---newCondition--condRU-inner\"]"}
RESULT: {"using":"xpath","value":"//input[@id=\"application-manageconditionprice-display-component---newCondition--condRU-inner\"]"}
COMMAND: POST /session/e4ca631e3efb970409c1f6ae88247928/element/f.C691F06ADA7EF9549F3769A53F800D74.d.3C3929C3832D6F1FFA3515CDF0710FA5.e.3478/clear - {}
RESULT: {}
COMMAND: POST /session/e4ca631e3efb970409c1f6ae88247928/element/f.C691F06ADA7EF9549F3769A53F800D74.d.3C3929C3832D6F1FFA3515CDF0710FA5.e.3478/value - {"text":"Jm7moJCu2o"}
COMMAND: GET /session/e4ca631e3efb970409c1f6ae88247928/screenshot - {}
RESULT: {"text":"Jm7moJCu2o"}
COMMAND: GET /session/e4ca631e3efb970409c1f6ae88247928/screenshot - {}
RESULT: {}
RESULT: {}
COMMAND: POST /session/e4ca631e3efb970409c1f6ae88247928/actions - {"actions":[{"id":"action14","type":"key","parameters":{},"actions":[{"type":"keyDown","value":"î€‡"},{"type":"pause","duration":10},{"type":"keyUp","value":"î€‡"}]}]}
RESULT: {"actions":[{"id":"action14","type":"key","parameters":{},"actions":[{"type":"keyDown","value":"î€‡"},{"type":"pause","duration":10},{"type":"keyUp","value":"î€‡"}]}]}
COMMAND: POST /session/e4ca631e3efb970409c1f6ae88247928/execute/async - {"script":"<script> [1562 bytes]","args":[{"selector":{"id":"application-manageconditionprice-display-component---newCondition--condBaseQty","interaction":{"idSuffix":"inner"}},"wdio_ui5_key":"applicationmanageconditionprice-display-component---newCondition--condBaseQty"}]}
COMMAND: GET /session/e4ca631e3efb970409c1f6ae88247928/screenshot - {}
RESULT: {"script":"<script> [1562 bytes]","args":[{"selector":{"id":"application-manageconditionprice-display-component---newCondition--condBaseQty","interaction":{"idSuffix":"inner"}},"wdio_ui5_key":"applicationmanageconditionprice-display-component---newCondition--condBaseQty"}]}
RESULT: undefined
COMMAND: POST /session/e4ca631e3efb970409c1f6ae88247928/execute/async - {"script":"<script> [776 bytes]","args":[{"enterText":"1","selector":{"id":"application-manageconditionprice-display-component---newCondition--condBaseQty","interaction":{"idSuffix":"inner"}},"clearTextFirst":true,"interactionType":"ENTER_TEXT"}]}
RESULT: {}
RESULT: {"script":"<script> [776 bytes]","args":[{"enterText":"1","selector":{"id":"application-manageconditionprice-display-component---newCondition--condBaseQty","interaction":{"idSuffix":"inner"}},"clearTextFirst":true,"interactionType":"ENTER_TEXT"}]}
COMMAND: POST /session/e4ca631e3efb970409c1f6ae88247928/execute/async - {"script":"<script> [1562 bytes]","args":[{"selector":{"id":"application-manageconditionprice-display-component---newCondition--condValue","interaction":{"idSuffix":"inner"}},"wdio_ui5_key":"applicationmanageconditionprice-display-component---newCondition--condValue"}]}
RESULT: {"script":"<script> [1562 bytes]","args":[{"selector":{"id":"application-manageconditionprice-display-component---newCondition--condValue","interaction":{"idSuffix":"inner"}},"wdio_ui5_key":"applicationmanageconditionprice-display-component---newCondition--condValue"}]}
RESULT: undefined
COMMAND: POST /session/e4ca631e3efb970409c1f6ae88247928/execute/async - {"script":"<script> [776 bytes]","args":[{"enterText":"100","selector":{"id":"application-manageconditionprice-display-component---newCondition--condValue","interaction":{"idSuffix":"inner"}},"clearTextFirst":true,"interactionType":"ENTER_TEXT"}]}
RESULT: {"script":"<script> [776 bytes]","args":[{"enterText":"100","selector":{"id":"application-manageconditionprice-display-component---newCondition--condValue","interaction":{"idSuffix":"inner"}},"clearTextFirst":true,"interactionType":"ENTER_TEXT"}]}
COMMAND: POST /session/e4ca631e3efb970409c1f6ae88247928/execute/async - {"script":"<script> [1562 bytes]","args":[{"selector":{"id":"application-manageconditionprice-display-component---newCondition--condCurr-arrow"},"wdio_ui5_key":"applicationmanageconditionprice-display-component---newCondition--condCurr-arrow"}]}
RESULT: {"script":"<script> [1562 bytes]","args":[{"selector":{"id":"application-manageconditionprice-display-component---newCondition--condCurr-arrow"},"wdio_ui5_key":"applicationmanageconditionprice-display-component---newCondition--condCurr-arrow"}]}
RESULT: undefined
COMMAND: POST /session/e4ca631e3efb970409c1f6ae88247928/element - {"using":"xpath","value":"//*[@id=\"application-manageconditionprice-display-component---newCondition--condCurr-arrow\"]"}
RESULT: {"using":"xpath","value":"//*[@id=\"application-manageconditionprice-display-component---newCondition--condCurr-arrow\"]"}
COMMAND: POST /session/e4ca631e3efb970409c1f6ae88247928/element/f.C691F06ADA7EF9549F3769A53F800D74.d.3C3929C3832D6F1FFA3515CDF0710FA5.e.3593/click - {}
RESULT: {}
COMMAND: POST /session/e4ca631e3efb970409c1f6ae88247928/element - {"using":"xpath","value":"//span[contains(text(), \"Euro\")]"}
COMMAND: GET /session/e4ca631e3efb970409c1f6ae88247928/screenshot - {}
RESULT: {"using":"xpath","value":"//span[contains(text(), \"Euro\")]"}
COMMAND: POST /session/e4ca631e3efb970409c1f6ae88247928/element/f.C691F06ADA7EF9549F3769A53F800D74.d.3C3929C3832D6F1FFA3515CDF0710FA5.e.3653/click - {}
RESULT: {}
RESULT: {}
COMMAND: POST /session/e4ca631e3efb970409c1f6ae88247928/element - {"using":"xpath","value":"//button[@data-kt=\"saveButton\"]"}
COMMAND: GET /session/e4ca631e3efb970409c1f6ae88247928/screenshot - {}
RESULT: {"using":"xpath","value":"//button[@data-kt=\"saveButton\"]"}
COMMAND: POST /session/e4ca631e3efb970409c1f6ae88247928/element/f.C691F06ADA7EF9549F3769A53F800D74.d.3C3929C3832D6F1FFA3515CDF0710FA5.e.3594/click - {}
RESULT: {}
RESULT: {}
COMMAND: GET /session/e4ca631e3efb970409c1f6ae88247928/screenshot - {}
RESULT: {}
COMMAND: POST /session/e4ca631e3efb970409c1f6ae88247928/execute/async - {"script":"<script> [1562 bytes]","args":[{"selector":{"id":"application-manageconditionprice-display-component---conditions--smartFilterBar-btnBasicSearch","interaction":{"idSuffix":"I"}},"wdio_ui5_key":"applicationmanageconditionprice-display-component---conditions--smartFilterBar-btnBasicSearch"}]}
RESULT: {"script":"<script> [1562 bytes]","args":[{"selector":{"id":"application-manageconditionprice-display-component---conditions--smartFilterBar-btnBasicSearch","interaction":{"idSuffix":"I"}},"wdio_ui5_key":"applicationmanageconditionprice-display-component---conditions--smartFilterBar-btnBasicSearch"}]}
RESULT: undefined
COMMAND: POST /session/e4ca631e3efb970409c1f6ae88247928/execute/async - {"script":"<script> [776 bytes]","args":[{"enterText":"Jm7moJCu2o","selector":{"id":"application-manageconditionprice-display-component---conditions--smartFilterBar-btnBasicSearch","interaction":{"idSuffix":"I"}},"clearTextFirst":true,"interactionType":"ENTER_TEXT"}]}
RESULT: {"script":"<script> [776 bytes]","args":[{"enterText":"Jm7moJCu2o","selector":{"id":"application-manageconditionprice-display-component---conditions--smartFilterBar-btnBasicSearch","interaction":{"idSuffix":"I"}},"clearTextFirst":true,"interactionType":"ENTER_TEXT"}]}
COMMAND: POST /session/e4ca631e3efb970409c1f6ae88247928/actions - {"actions":[{"id":"action15","type":"key","parameters":{},"actions":[{"type":"keyDown","value":"î€‡"},{"type":"pause","duration":10},{"type":"keyUp","value":"î€‡"}]}]}
RESULT: {"actions":[{"id":"action15","type":"key","parameters":{},"actions":[{"type":"keyDown","value":"î€‡"},{"type":"pause","duration":10},{"type":"keyUp","value":"î€‡"}]}]}
COMMAND: GET /session/e4ca631e3efb970409c1f6ae88247928/screenshot - {}
RESULT: {}
COMMAND: POST /session/e4ca631e3efb970409c1f6ae88247928/execute/async - {"script":"<script> [1562 bytes]","args":[{"selector":{"id":"application-manageconditionprice-display-component---conditions--smartFilterBar-filterItemControl_BASIC-BILL_TYPES-vhi"},"wdio_ui5_key":"applicationmanageconditionprice-display-component---conditions--smartFilterBar-filterItemControl_BASIC-BILL_TYPES-vhi"}]}
RESULT: {"script":"<script> [1562 bytes]","args":[{"selector":{"id":"application-manageconditionprice-display-component---conditions--smartFilterBar-filterItemControl_BASIC-BILL_TYPES-vhi"},"wdio_ui5_key":"applicationmanageconditionprice-display-component---conditions--smartFilterBar-filterItemControl_BASIC-BILL_TYPES-vhi"}]}
RESULT: undefined
COMMAND: POST /session/e4ca631e3efb970409c1f6ae88247928/element - {"using":"xpath","value":"//*[@id=\"application-manageconditionprice-display-component---conditions--smartFilterBar-filterItemControl_BASIC-BILL_TYPES-vhi\"]"}
RESULT: {"using":"xpath","value":"//*[@id=\"application-manageconditionprice-display-component---conditions--smartFilterBar-filterItemControl_BASIC-BILL_TYPES-vhi\"]"}
COMMAND: POST /session/e4ca631e3efb970409c1f6ae88247928/element/f.C691F06ADA7EF9549F3769A53F800D74.d.3C3929C3832D6F1FFA3515CDF0710FA5.e.3761/click - {}
RESULT: {}
COMMAND: POST /session/e4ca631e3efb970409c1f6ae88247928/execute/async - {"script":"<script> [1562 bytes]","args":[{"selector":{"id":"application-manageconditionprice-display-component---conditions--smartFilterBar-filterItemControl_BASIC-BILL_TYPES-valueHelpDialog-smartFilterBar-btnBasicSearch","searchOpenDialogs":true,"interaction":{"idSuffix":"I"}},"wdio_ui5_key":"applicationmanageconditionprice-display-component---conditions--smartFilterBar-filterItemControl_BASIC-BILL_TYPES-valueHelpDialog-smartFilterBar-btnBasicSearch"}]}
COMMAND: GET /session/e4ca631e3efb970409c1f6ae88247928/screenshot - {}
RESULT: {"script":"<script> [1562 bytes]","args":[{"selector":{"id":"application-manageconditionprice-display-component---conditions--smartFilterBar-filterItemControl_BASIC-BILL_TYPES-valueHelpDialog-smartFilterBar-btnBasicSearch","searchOpenDialogs":true,"interaction":{"idSuffix":"I"}},"wdio_ui5_key":"applicationmanageconditionprice-display-component---conditions--smartFilterBar-filterItemControl_BASIC-BILL_TYPES-valueHelpDialog-smartFilterBar-btnBasicSearch"}]}
RESULT: undefined
COMMAND: POST /session/e4ca631e3efb970409c1f6ae88247928/execute/async - {"script":"<script> [776 bytes]","args":[{"enterText":"TB","selector":{"id":"application-manageconditionprice-display-component---conditions--smartFilterBar-filterItemControl_BASIC-BILL_TYPES-valueHelpDialog-smartFilterBar-btnBasicSearch","searchOpenDialogs":true,"interaction":{"idSuffix":"I"}},"clearTextFirst":true,"interactionType":"ENTER_TEXT"}]}
RESULT: {}
RESULT: {"script":"<script> [776 bytes]","args":[{"enterText":"TB","selector":{"id":"application-manageconditionprice-display-component---conditions--smartFilterBar-filterItemControl_BASIC-BILL_TYPES-valueHelpDialog-smartFilterBar-btnBasicSearch","searchOpenDialogs":true,"interaction":{"idSuffix":"I"}},"clearTextFirst":true,"interactionType":"ENTER_TEXT"}]}
COMMAND: POST /session/e4ca631e3efb970409c1f6ae88247928/actions - {"actions":[{"id":"action16","type":"key","parameters":{},"actions":[{"type":"keyDown","value":"î€‡"},{"type":"pause","duration":10},{"type":"keyUp","value":"î€‡"}]}]}
RESULT: {"actions":[{"id":"action16","type":"key","parameters":{},"actions":[{"type":"keyDown","value":"î€‡"},{"type":"pause","duration":10},{"type":"keyUp","value":"î€‡"}]}]}
COMMAND: GET /session/e4ca631e3efb970409c1f6ae88247928/screenshot - {}
RESULT: {}
COMMAND: POST /session/e4ca631e3efb970409c1f6ae88247928/element - {"using":"xpath","value":"//div[contains(@id, 'application-manageconditionprice-display-component---conditions--smartFilterBar-filterItemControl_BASIC-BILL_TYPES-valueHelpDialog-table-rowsel0')]"}
RESULT: {"using":"xpath","value":"//div[contains(@id, 'application-manageconditionprice-display-component---conditions--smartFilterBar-filterItemControl_BASIC-BILL_TYPES-valueHelpDialog-table-rowsel0')]"}
COMMAND: POST /session/e4ca631e3efb970409c1f6ae88247928/element/f.C691F06ADA7EF9549F3769A53F800D74.d.3C3929C3832D6F1FFA3515CDF0710FA5.e.3770/click - {}
RESULT: {}
COMMAND: GET /session/e4ca631e3efb970409c1f6ae88247928/screenshot - {}
RESULT: {}
COMMAND: POST /session/e4ca631e3efb970409c1f6ae88247928/element - {"using":"xpath","value":"//bdi[contains(text(), \"OK\")]"}
RESULT: {"using":"xpath","value":"//bdi[contains(text(), \"OK\")]"}
COMMAND: POST /session/e4ca631e3efb970409c1f6ae88247928/element/f.C691F06ADA7EF9549F3769A53F800D74.d.3C3929C3832D6F1FFA3515CDF0710FA5.e.3772/click - {}
RESULT: {}
COMMAND: GET /session/e4ca631e3efb970409c1f6ae88247928/screenshot - {}
RESULT: {}
COMMAND: POST /session/e4ca631e3efb970409c1f6ae88247928/element - {"using":"xpath","value":"//span[@id=\"application-manageconditionprice-display-component---conditions--smartTable-header-inner\"]"}
RESULT: {"using":"xpath","value":"//span[@id=\"application-manageconditionprice-display-component---conditions--smartTable-header-inner\"]"}
COMMAND: POST /session/e4ca631e3efb970409c1f6ae88247928/elements - {"using":"xpath","value":"//span[@id=\"application-manageconditionprice-display-component---conditions--smartTable-header-inner\"]"}
RESULT: {"using":"xpath","value":"//span[@id=\"application-manageconditionprice-display-component---conditions--smartTable-header-inner\"]"}
COMMAND: POST /session/e4ca631e3efb970409c1f6ae88247928/execute/sync - {"script":"<script> [56 bytes]","args":[{"element-6066-11e4-a52e-4f735466cecf":"f.C691F06ADA7EF9549F3769A53F800D74.d.3C3929C3832D6F1FFA3515CDF0710FA5.e.3775","ELEMENT":"f.C691F06ADA7EF9549F3769A53F800D74.d.3C3929C3832D6F1FFA3515CDF0710FA5.e.3775"}]}
RESULT: {"script":"<script> [56 bytes]","args":[{"element-6066-11e4-a52e-4f735466cecf":"f.C691F06ADA7EF9549F3769A53F800D74.d.3C3929C3832D6F1FFA3515CDF0710FA5.e.3775","ELEMENT":"f.C691F06ADA7EF9549F3769A53F800D74.d.3C3929C3832D6F1FFA3515CDF0710FA5.e.3775"}]}
COMMAND: POST /session/e4ca631e3efb970409c1f6ae88247928/element - {"using":"css selector","value":"#shell-header-logo"}
COMMAND: GET /session/e4ca631e3efb970409c1f6ae88247928/screenshot - {}
RESULT: {"using":"css selector","value":"#shell-header-logo"}
COMMAND: POST /session/e4ca631e3efb970409c1f6ae88247928/element/f.C691F06ADA7EF9549F3769A53F800D74.d.3C3929C3832D6F1FFA3515CDF0710FA5.e.3404/click - {}
RESULT: {}
RESULT: {}
COMMAND: GET /session/e4ca631e3efb970409c1f6ae88247928/screenshot - {}
RESULT: {}
]]></system-out>
    </testcase>
    <testcase classname="chrome.135_0_7049_115.windows.Billing_confirm_US117289" name="Should do a stock increase" time="83.1">
      <system-out><![CDATA[
COMMAND: POST /session/e4ca631e3efb970409c1f6ae88247928/execute/async - {"script":"<script> [1562 bytes]","args":[{"selector":{"controlType":"sap.m.Text","viewName":"etm.portal.ui.managehandoverstile.view.Master","properties":{"text":"Manage Handovers"},"interaction":{"idSuffix":"inner"}},"wdio_ui5_key":"etmportal.ui.managehandoverstile.view.Mastersap.m.Text{\"text\":\"Manage Handovers\"}"}]}
RESULT: {"script":"<script> [1562 bytes]","args":[{"selector":{"controlType":"sap.m.Text","viewName":"etm.portal.ui.managehandoverstile.view.Master","properties":{"text":"Manage Handovers"},"interaction":{"idSuffix":"inner"}},"wdio_ui5_key":"etmportal.ui.managehandoverstile.view.Mastersap.m.Text{\"text\":\"Manage Handovers\"}"}]}
RESULT: undefined
COMMAND: POST /session/e4ca631e3efb970409c1f6ae88247928/element - {"using":"xpath","value":"//*[@id=\"__tile132-title\"]"}
RESULT: {"using":"xpath","value":"//*[@id=\"__tile132-title\"]"}
COMMAND: POST /session/e4ca631e3efb970409c1f6ae88247928/element/f.C691F06ADA7EF9549F3769A53F800D74.d.3C3929C3832D6F1FFA3515CDF0710FA5.e.3780/click - {}
RESULT: {}
COMMAND: POST /session/e4ca631e3efb970409c1f6ae88247928/element - {"using":"xpath","value":"//button[@data-kt=\"masterHOAddButton\"]"}
COMMAND: GET /session/e4ca631e3efb970409c1f6ae88247928/screenshot - {}
RESULT: {"using":"xpath","value":"//button[@data-kt=\"masterHOAddButton\"]"}
COMMAND: POST /session/e4ca631e3efb970409c1f6ae88247928/elements - {"using":"xpath","value":"//button[@data-kt=\"masterHOAddButton\"]"}
RESULT: {}
RESULT: {"using":"xpath","value":"//button[@data-kt=\"masterHOAddButton\"]"}
COMMAND: POST /session/e4ca631e3efb970409c1f6ae88247928/elements - {"using":"xpath","value":"//button[@data-kt=\"masterHOAddButton\"]"}
RESULT: {"using":"xpath","value":"//button[@data-kt=\"masterHOAddButton\"]"}
COMMAND: POST /session/e4ca631e3efb970409c1f6ae88247928/elements - {"using":"xpath","value":"//button[@data-kt=\"masterHOAddButton\"]"}
RESULT: {"using":"xpath","value":"//button[@data-kt=\"masterHOAddButton\"]"}
COMMAND: POST /session/e4ca631e3efb970409c1f6ae88247928/elements - {"using":"xpath","value":"//button[@data-kt=\"masterHOAddButton\"]"}
RESULT: {"using":"xpath","value":"//button[@data-kt=\"masterHOAddButton\"]"}
COMMAND: POST /session/e4ca631e3efb970409c1f6ae88247928/elements - {"using":"xpath","value":"//button[@data-kt=\"masterHOAddButton\"]"}
RESULT: {"using":"xpath","value":"//button[@data-kt=\"masterHOAddButton\"]"}
COMMAND: POST /session/e4ca631e3efb970409c1f6ae88247928/elements - {"using":"xpath","value":"//button[@data-kt=\"masterHOAddButton\"]"}
RESULT: {"using":"xpath","value":"//button[@data-kt=\"masterHOAddButton\"]"}
COMMAND: POST /session/e4ca631e3efb970409c1f6ae88247928/elements - {"using":"xpath","value":"//button[@data-kt=\"masterHOAddButton\"]"}
RESULT: {"using":"xpath","value":"//button[@data-kt=\"masterHOAddButton\"]"}
COMMAND: POST /session/e4ca631e3efb970409c1f6ae88247928/elements - {"using":"xpath","value":"//button[@data-kt=\"masterHOAddButton\"]"}
RESULT: {"using":"xpath","value":"//button[@data-kt=\"masterHOAddButton\"]"}
COMMAND: POST /session/e4ca631e3efb970409c1f6ae88247928/elements - {"using":"xpath","value":"//button[@data-kt=\"masterHOAddButton\"]"}
RESULT: {"using":"xpath","value":"//button[@data-kt=\"masterHOAddButton\"]"}
COMMAND: POST /session/e4ca631e3efb970409c1f6ae88247928/elements - {"using":"xpath","value":"//button[@data-kt=\"masterHOAddButton\"]"}
RESULT: {"using":"xpath","value":"//button[@data-kt=\"masterHOAddButton\"]"}
COMMAND: POST /session/e4ca631e3efb970409c1f6ae88247928/elements - {"using":"xpath","value":"//button[@data-kt=\"masterHOAddButton\"]"}
RESULT: {"using":"xpath","value":"//button[@data-kt=\"masterHOAddButton\"]"}
COMMAND: POST /session/e4ca631e3efb970409c1f6ae88247928/elements - {"using":"xpath","value":"//button[@data-kt=\"masterHOAddButton\"]"}
RESULT: {"using":"xpath","value":"//button[@data-kt=\"masterHOAddButton\"]"}
COMMAND: POST /session/e4ca631e3efb970409c1f6ae88247928/elements - {"using":"xpath","value":"//button[@data-kt=\"masterHOAddButton\"]"}
RESULT: {"using":"xpath","value":"//button[@data-kt=\"masterHOAddButton\"]"}
COMMAND: POST /session/e4ca631e3efb970409c1f6ae88247928/elements - {"using":"xpath","value":"//button[@data-kt=\"masterHOAddButton\"]"}
RESULT: {"using":"xpath","value":"//button[@data-kt=\"masterHOAddButton\"]"}
COMMAND: POST /session/e4ca631e3efb970409c1f6ae88247928/elements - {"using":"xpath","value":"//button[@data-kt=\"masterHOAddButton\"]"}
RESULT: {"using":"xpath","value":"//button[@data-kt=\"masterHOAddButton\"]"}
COMMAND: POST /session/e4ca631e3efb970409c1f6ae88247928/elements - {"using":"xpath","value":"//button[@data-kt=\"masterHOAddButton\"]"}
RESULT: {"using":"xpath","value":"//button[@data-kt=\"masterHOAddButton\"]"}
COMMAND: POST /session/e4ca631e3efb970409c1f6ae88247928/elements - {"using":"xpath","value":"//button[@data-kt=\"masterHOAddButton\"]"}
RESULT: {"using":"xpath","value":"//button[@data-kt=\"masterHOAddButton\"]"}
COMMAND: POST /session/e4ca631e3efb970409c1f6ae88247928/elements - {"using":"xpath","value":"//button[@data-kt=\"masterHOAddButton\"]"}
RESULT: {"using":"xpath","value":"//button[@data-kt=\"masterHOAddButton\"]"}
COMMAND: POST /session/e4ca631e3efb970409c1f6ae88247928/elements - {"using":"xpath","value":"//button[@data-kt=\"masterHOAddButton\"]"}
RESULT: {"using":"xpath","value":"//button[@data-kt=\"masterHOAddButton\"]"}
COMMAND: POST /session/e4ca631e3efb970409c1f6ae88247928/elements - {"using":"xpath","value":"//button[@data-kt=\"masterHOAddButton\"]"}
RESULT: {"using":"xpath","value":"//button[@data-kt=\"masterHOAddButton\"]"}
COMMAND: POST /session/e4ca631e3efb970409c1f6ae88247928/elements - {"using":"xpath","value":"//button[@data-kt=\"masterHOAddButton\"]"}
RESULT: {"using":"xpath","value":"//button[@data-kt=\"masterHOAddButton\"]"}
COMMAND: POST /session/e4ca631e3efb970409c1f6ae88247928/element - {"using":"xpath","value":"//button[@data-kt=\"masterHOAddButton\"]"}
RESULT: {"using":"xpath","value":"//button[@data-kt=\"masterHOAddButton\"]"}
COMMAND: POST /session/e4ca631e3efb970409c1f6ae88247928/execute/sync - {"script":"<script> [8489 bytes]","args":[{"element-6066-11e4-a52e-4f735466cecf":"f.C691F06ADA7EF9549F3769A53F800D74.d.3C3929C3832D6F1FFA3515CDF0710FA5.e.3807","ELEMENT":"f.C691F06ADA7EF9549F3769A53F800D74.d.3C3929C3832D6F1FFA3515CDF0710FA5.e.3807"}]}
RESULT: {"script":"<script> [8489 bytes]","args":[{"element-6066-11e4-a52e-4f735466cecf":"f.C691F06ADA7EF9549F3769A53F800D74.d.3C3929C3832D6F1FFA3515CDF0710FA5.e.3807","ELEMENT":"f.C691F06ADA7EF9549F3769A53F800D74.d.3C3929C3832D6F1FFA3515CDF0710FA5.e.3807"}]}
COMMAND: GET /session/e4ca631e3efb970409c1f6ae88247928/element/f.C691F06ADA7EF9549F3769A53F800D74.d.3C3929C3832D6F1FFA3515CDF0710FA5.e.3807/enabled - {}
COMMAND: GET /session/e4ca631e3efb970409c1f6ae88247928/screenshot - {}
RESULT: {}
COMMAND: POST /session/e4ca631e3efb970409c1f6ae88247928/execute/sync - {"script":"<script> [8489 bytes]","args":[{"element-6066-11e4-a52e-4f735466cecf":"f.C691F06ADA7EF9549F3769A53F800D74.d.3C3929C3832D6F1FFA3515CDF0710FA5.e.3807","ELEMENT":"f.C691F06ADA7EF9549F3769A53F800D74.d.3C3929C3832D6F1FFA3515CDF0710FA5.e.3807"}]}
COMMAND: GET /session/e4ca631e3efb970409c1f6ae88247928/screenshot - {}
RESULT: {}
RESULT: {"script":"<script> [8489 bytes]","args":[{"element-6066-11e4-a52e-4f735466cecf":"f.C691F06ADA7EF9549F3769A53F800D74.d.3C3929C3832D6F1FFA3515CDF0710FA5.e.3807","ELEMENT":"f.C691F06ADA7EF9549F3769A53F800D74.d.3C3929C3832D6F1FFA3515CDF0710FA5.e.3807"}]}
COMMAND: POST /session/e4ca631e3efb970409c1f6ae88247928/execute/sync - {"script":"<script> [5351 bytes]","args":[{"element-6066-11e4-a52e-4f735466cecf":"f.C691F06ADA7EF9549F3769A53F800D74.d.3C3929C3832D6F1FFA3515CDF0710FA5.e.3807","ELEMENT":"f.C691F06ADA7EF9549F3769A53F800D74.d.3C3929C3832D6F1FFA3515CDF0710FA5.e.3807"}]}
COMMAND: GET /session/e4ca631e3efb970409c1f6ae88247928/screenshot - {}
RESULT: {}
RESULT: {"script":"<script> [5351 bytes]","args":[{"element-6066-11e4-a52e-4f735466cecf":"f.C691F06ADA7EF9549F3769A53F800D74.d.3C3929C3832D6F1FFA3515CDF0710FA5.e.3807","ELEMENT":"f.C691F06ADA7EF9549F3769A53F800D74.d.3C3929C3832D6F1FFA3515CDF0710FA5.e.3807"}]}
COMMAND: POST /session/e4ca631e3efb970409c1f6ae88247928/element/f.C691F06ADA7EF9549F3769A53F800D74.d.3C3929C3832D6F1FFA3515CDF0710FA5.e.3807/click - {}
COMMAND: GET /session/e4ca631e3efb970409c1f6ae88247928/screenshot - {}
RESULT: {}
RESULT: {}
COMMAND: GET /session/e4ca631e3efb970409c1f6ae88247928/screenshot - {}
RESULT: {}
RESULT: {}
COMMAND: POST /session/e4ca631e3efb970409c1f6ae88247928/element - {"using":"xpath","value":"//span[contains(@id ,\"AddNewHO--typeSelect-arrow\")]"}
RESULT: {"using":"xpath","value":"//span[contains(@id ,\"AddNewHO--typeSelect-arrow\")]"}
COMMAND: POST /session/e4ca631e3efb970409c1f6ae88247928/element/f.C691F06ADA7EF9549F3769A53F800D74.d.3C3929C3832D6F1FFA3515CDF0710FA5.e.4180/click - {}
RESULT: {}
COMMAND: GET /session/e4ca631e3efb970409c1f6ae88247928/screenshot - {}
RESULT: {}
COMMAND: POST /session/e4ca631e3efb970409c1f6ae88247928/element - {"using":"xpath","value":"(//li[contains(text(), \"stock increase yard\")])[1]"}
RESULT: {"using":"xpath","value":"(//li[contains(text(), \"stock increase yard\")])[1]"}
COMMAND: POST /session/e4ca631e3efb970409c1f6ae88247928/element/f.C691F06ADA7EF9549F3769A53F800D74.d.3C3929C3832D6F1FFA3515CDF0710FA5.e.4181/click - {}
RESULT: {}
COMMAND: GET /session/e4ca631e3efb970409c1f6ae88247928/screenshot - {}
RESULT: {}
COMMAND: POST /session/e4ca631e3efb970409c1f6ae88247928/execute/async - {"script":"<script> [1562 bytes]","args":[{"selector":{"id":"application-managehandovers-display-component---AddNewHO--dueDate","interaction":{"idSuffix":"inner"}},"wdio_ui5_key":"applicationmanagehandovers-display-component---AddNewHO--dueDate"}]}
RESULT: {"script":"<script> [1562 bytes]","args":[{"selector":{"id":"application-managehandovers-display-component---AddNewHO--dueDate","interaction":{"idSuffix":"inner"}},"wdio_ui5_key":"applicationmanagehandovers-display-component---AddNewHO--dueDate"}]}
RESULT: undefined
COMMAND: POST /session/e4ca631e3efb970409c1f6ae88247928/execute/async - {"script":"<script> [6424 bytes]","args":[{"element-6066-11e4-a52e-4f735466cecf":"f.C691F06ADA7EF9549F3769A53F800D74.d.3C3929C3832D6F1FFA3515CDF0710FA5.e.4183"},"setValue",["05/07/2025"]]}
RESULT: {"script":"<script> [6424 bytes]","args":[{"element-6066-11e4-a52e-4f735466cecf":"f.C691F06ADA7EF9549F3769A53F800D74.d.3C3929C3832D6F1FFA3515CDF0710FA5.e.4183"},"setValue",["05/07/2025"]]}
COMMAND: POST /session/e4ca631e3efb970409c1f6ae88247928/element - {"using":"xpath","value":"//input[@id=\"generalSectionFrg--receiveYard-inner\"]"}
RESULT: {"using":"xpath","value":"//input[@id=\"generalSectionFrg--receiveYard-inner\"]"}
COMMAND: POST /session/e4ca631e3efb970409c1f6ae88247928/element/f.C691F06ADA7EF9549F3769A53F800D74.d.3C3929C3832D6F1FFA3515CDF0710FA5.e.4189/clear - {}
RESULT: {}
COMMAND: POST /session/e4ca631e3efb970409c1f6ae88247928/element/f.C691F06ADA7EF9549F3769A53F800D74.d.3C3929C3832D6F1FFA3515CDF0710FA5.e.4189/value - {"text":"667"}
COMMAND: GET /session/e4ca631e3efb970409c1f6ae88247928/screenshot - {}
RESULT: {"text":"667"}
COMMAND: GET /session/e4ca631e3efb970409c1f6ae88247928/screenshot - {}
RESULT: {}
RESULT: {}
COMMAND: POST /session/e4ca631e3efb970409c1f6ae88247928/element - {"using":"xpath","value":"//li[.//span[text()='667']]"}
RESULT: {"using":"xpath","value":"//li[.//span[text()='667']]"}
COMMAND: POST /session/e4ca631e3efb970409c1f6ae88247928/element/f.C691F06ADA7EF9549F3769A53F800D74.d.3C3929C3832D6F1FFA3515CDF0710FA5.e.4207/click - {}
RESULT: {}
COMMAND: GET /session/e4ca631e3efb970409c1f6ae88247928/screenshot - {}
RESULT: {}
COMMAND: POST /session/e4ca631e3efb970409c1f6ae88247928/execute/async - {"script":"<script> [1562 bytes]","args":[{"selector":{"id":"application-managehandovers-display-component---AddNewHO--ObjectPageLayout-anchBar-application-managehandovers-display-component---AddNewHO--section4-anchor","interaction":{"idSuffix":"BDI-content"}},"wdio_ui5_key":"applicationmanagehandovers-display-component---AddNewHO--ObjectPageLayout-anchBar-application-managehandovers-display-component---AddNewHO--section4-anchor"}]}
RESULT: {"script":"<script> [1562 bytes]","args":[{"selector":{"id":"application-managehandovers-display-component---AddNewHO--ObjectPageLayout-anchBar-application-managehandovers-display-component---AddNewHO--section4-anchor","interaction":{"idSuffix":"BDI-content"}},"wdio_ui5_key":"applicationmanagehandovers-display-component---AddNewHO--ObjectPageLayout-anchBar-application-managehandovers-display-component---AddNewHO--section4-anchor"}]}
RESULT: undefined
COMMAND: POST /session/e4ca631e3efb970409c1f6ae88247928/element - {"using":"xpath","value":"//*[@id=\"application-managehandovers-display-component---AddNewHO--ObjectPageLayout-anchBar-application-managehandovers-display-component---AddNewHO--section4-anchor\"]"}
RESULT: {"using":"xpath","value":"//*[@id=\"application-managehandovers-display-component---AddNewHO--ObjectPageLayout-anchBar-application-managehandovers-display-component---AddNewHO--section4-anchor\"]"}
COMMAND: POST /session/e4ca631e3efb970409c1f6ae88247928/element/f.C691F06ADA7EF9549F3769A53F800D74.d.3C3929C3832D6F1FFA3515CDF0710FA5.e.4209/click - {}
RESULT: {}
COMMAND: POST /session/e4ca631e3efb970409c1f6ae88247928/element - {"using":"xpath","value":"//button[@aria-label=\"Add\"]"}
COMMAND: GET /session/e4ca631e3efb970409c1f6ae88247928/screenshot - {}
RESULT: {"using":"xpath","value":"//button[@aria-label=\"Add\"]"}
COMMAND: POST /session/e4ca631e3efb970409c1f6ae88247928/element/f.C691F06ADA7EF9549F3769A53F800D74.d.3C3929C3832D6F1FFA3515CDF0710FA5.e.4211/click - {}
RESULT: {}
RESULT: {}
COMMAND: GET /session/e4ca631e3efb970409c1f6ae88247928/screenshot - {}
RESULT: {}
COMMAND: POST /session/e4ca631e3efb970409c1f6ae88247928/execute/async - {"script":"<script> [1562 bytes]","args":[{"selector":{"id":"application-managehandovers-display-component---AddNewHO--smartFilterBar-btnBasicSearch","searchOpenDialogs":true,"interaction":{"idSuffix":"I"}},"wdio_ui5_key":"applicationmanagehandovers-display-component---AddNewHO--smartFilterBar-btnBasicSearch"}]}
RESULT: {"script":"<script> [1562 bytes]","args":[{"selector":{"id":"application-managehandovers-display-component---AddNewHO--smartFilterBar-btnBasicSearch","searchOpenDialogs":true,"interaction":{"idSuffix":"I"}},"wdio_ui5_key":"applicationmanagehandovers-display-component---AddNewHO--smartFilterBar-btnBasicSearch"}]}
RESULT: undefined
COMMAND: POST /session/e4ca631e3efb970409c1f6ae88247928/execute/async - {"script":"<script> [776 bytes]","args":[{"enterText":"Jm7moJCu2o","selector":{"id":"application-managehandovers-display-component---AddNewHO--smartFilterBar-btnBasicSearch","searchOpenDialogs":true,"interaction":{"idSuffix":"I"}},"clearTextFirst":true,"interactionType":"ENTER_TEXT"}]}
RESULT: {"script":"<script> [776 bytes]","args":[{"enterText":"Jm7moJCu2o","selector":{"id":"application-managehandovers-display-component---AddNewHO--smartFilterBar-btnBasicSearch","searchOpenDialogs":true,"interaction":{"idSuffix":"I"}},"clearTextFirst":true,"interactionType":"ENTER_TEXT"}]}
COMMAND: POST /session/e4ca631e3efb970409c1f6ae88247928/actions - {"actions":[{"id":"action17","type":"key","parameters":{},"actions":[{"type":"keyDown","value":"î€‡"},{"type":"pause","duration":10},{"type":"keyUp","value":"î€‡"}]}]}
RESULT: {"actions":[{"id":"action17","type":"key","parameters":{},"actions":[{"type":"keyDown","value":"î€‡"},{"type":"pause","duration":10},{"type":"keyUp","value":"î€‡"}]}]}
COMMAND: GET /session/e4ca631e3efb970409c1f6ae88247928/screenshot - {}
RESULT: {}
COMMAND: POST /session/e4ca631e3efb970409c1f6ae88247928/execute/async - {"script":"<script> [1562 bytes]","args":[{"selector":{"id":"application-managehandovers-display-component---AddNewHO--popup-sa","searchOpenDialogs":true,"interaction":{"idSuffix":"CbBg"}},"wdio_ui5_key":"applicationmanagehandovers-display-component---AddNewHO--popup-sa"}]}
RESULT: {"script":"<script> [1562 bytes]","args":[{"selector":{"id":"application-managehandovers-display-component---AddNewHO--popup-sa","searchOpenDialogs":true,"interaction":{"idSuffix":"CbBg"}},"wdio_ui5_key":"applicationmanagehandovers-display-component---AddNewHO--popup-sa"}]}
RESULT: undefined
COMMAND: POST /session/e4ca631e3efb970409c1f6ae88247928/element - {"using":"xpath","value":"//*[@id=\"application-managehandovers-display-component---AddNewHO--popup-sa\"]"}
RESULT: {"using":"xpath","value":"//*[@id=\"application-managehandovers-display-component---AddNewHO--popup-sa\"]"}
COMMAND: POST /session/e4ca631e3efb970409c1f6ae88247928/element/f.C691F06ADA7EF9549F3769A53F800D74.d.3C3929C3832D6F1FFA3515CDF0710FA5.e.4364/click - {}
RESULT: {}
COMMAND: GET /session/e4ca631e3efb970409c1f6ae88247928/screenshot - {}
RESULT: {}
COMMAND: POST /session/e4ca631e3efb970409c1f6ae88247928/element - {"using":"xpath","value":"//bdi[contains(text(), \"Select\")]"}
RESULT: {"using":"xpath","value":"//bdi[contains(text(), \"Select\")]"}
COMMAND: POST /session/e4ca631e3efb970409c1f6ae88247928/element/f.C691F06ADA7EF9549F3769A53F800D74.d.3C3929C3832D6F1FFA3515CDF0710FA5.e.4365/click - {}
RESULT: {}
COMMAND: GET /session/e4ca631e3efb970409c1f6ae88247928/screenshot - {}
RESULT: {}
COMMAND: POST /session/e4ca631e3efb970409c1f6ae88247928/element - {"using":"xpath","value":"//button[@data-kt=\"AddNewHOSaveButton\"]"}
RESULT: {"using":"xpath","value":"//button[@data-kt=\"AddNewHOSaveButton\"]"}
COMMAND: POST /session/e4ca631e3efb970409c1f6ae88247928/element/f.C691F06ADA7EF9549F3769A53F800D74.d.3C3929C3832D6F1FFA3515CDF0710FA5.e.4369/click - {}
RESULT: {}
COMMAND: GET /session/e4ca631e3efb970409c1f6ae88247928/screenshot - {}
RESULT: {}
COMMAND: POST /session/e4ca631e3efb970409c1f6ae88247928/execute/async - {"script":"<script> [1562 bytes]","args":[{"selector":{"id":"receiptDatePicker","viewName":"etm.portal.ui.managehandovers.view.DetailExecuteHO","interaction":{"idSuffix":"inner"}},"wdio_ui5_key":"receiptDatePickeretmportal.ui.managehandovers.view.DetailExecuteHO"}]}
RESULT: {"script":"<script> [1562 bytes]","args":[{"selector":{"id":"receiptDatePicker","viewName":"etm.portal.ui.managehandovers.view.DetailExecuteHO","interaction":{"idSuffix":"inner"}},"wdio_ui5_key":"receiptDatePickeretmportal.ui.managehandovers.view.DetailExecuteHO"}]}
RESULT: undefined
COMMAND: POST /session/e4ca631e3efb970409c1f6ae88247928/execute/async - {"script":"<script> [6424 bytes]","args":[{"element-6066-11e4-a52e-4f735466cecf":"f.C691F06ADA7EF9549F3769A53F800D74.d.3C3929C3832D6F1FFA3515CDF0710FA5.e.4399"},"setValue",["05/07/2025"]]}
RESULT: {"script":"<script> [6424 bytes]","args":[{"element-6066-11e4-a52e-4f735466cecf":"f.C691F06ADA7EF9549F3769A53F800D74.d.3C3929C3832D6F1FFA3515CDF0710FA5.e.4399"},"setValue",["05/07/2025"]]}
COMMAND: POST /session/e4ca631e3efb970409c1f6ae88247928/element - {"using":"xpath","value":"//button[@data-kt=\"PickingTableConfirmAllButton\"]"}
RESULT: {"using":"xpath","value":"//button[@data-kt=\"PickingTableConfirmAllButton\"]"}
COMMAND: POST /session/e4ca631e3efb970409c1f6ae88247928/element/f.C691F06ADA7EF9549F3769A53F800D74.d.3C3929C3832D6F1FFA3515CDF0710FA5.e.4414/click - {}
RESULT: {}
COMMAND: GET /session/e4ca631e3efb970409c1f6ae88247928/screenshot - {}
RESULT: {}
COMMAND: POST /session/e4ca631e3efb970409c1f6ae88247928/element - {"using":"xpath","value":"//bdi[contains(text(), \"OK\")]"}
RESULT: {"using":"xpath","value":"//bdi[contains(text(), \"OK\")]"}
COMMAND: POST /session/e4ca631e3efb970409c1f6ae88247928/element/f.C691F06ADA7EF9549F3769A53F800D74.d.3C3929C3832D6F1FFA3515CDF0710FA5.e.4416/click - {}
RESULT: {}
COMMAND: GET /session/e4ca631e3efb970409c1f6ae88247928/screenshot - {}
RESULT: {}
COMMAND: POST /session/e4ca631e3efb970409c1f6ae88247928/element - {"using":"xpath","value":"(//bdi[contains(text(), \"Receive\")])[2]"}
RESULT: {"using":"xpath","value":"(//bdi[contains(text(), \"Receive\")])[2]"}
COMMAND: POST /session/e4ca631e3efb970409c1f6ae88247928/element/f.C691F06ADA7EF9549F3769A53F800D74.d.3C3929C3832D6F1FFA3515CDF0710FA5.e.4418/click - {}
RESULT: {}
COMMAND: GET /session/e4ca631e3efb970409c1f6ae88247928/screenshot - {}
RESULT: {}
COMMAND: POST /session/e4ca631e3efb970409c1f6ae88247928/element - {"using":"css selector","value":"#shell-header-logo"}
RESULT: {"using":"css selector","value":"#shell-header-logo"}
COMMAND: POST /session/e4ca631e3efb970409c1f6ae88247928/element/f.C691F06ADA7EF9549F3769A53F800D74.d.3C3929C3832D6F1FFA3515CDF0710FA5.e.3783/click - {}
RESULT: {}
COMMAND: GET /session/e4ca631e3efb970409c1f6ae88247928/screenshot - {}
RESULT: {}
]]></system-out>
    </testcase>
    <testcase classname="chrome.135_0_7049_115.windows.Billing_confirm_US117289" name="Should create a new contract" time="65.701">
      <system-out><![CDATA[
COMMAND: POST /session/e4ca631e3efb970409c1f6ae88247928/execute/async - {"script":"<script> [1562 bytes]","args":[{"selector":{"controlType":"sap.m.Text","viewName":"etm.portal.ui.managecontractstile.view.Master","properties":{"text":"Manage Contracts"},"interaction":{"idSuffix":"inner"}},"wdio_ui5_key":"etmportal.ui.managecontractstile.view.Mastersap.m.Text{\"text\":\"Manage Contracts\"}"}]}
RESULT: {"script":"<script> [1562 bytes]","args":[{"selector":{"controlType":"sap.m.Text","viewName":"etm.portal.ui.managecontractstile.view.Master","properties":{"text":"Manage Contracts"},"interaction":{"idSuffix":"inner"}},"wdio_ui5_key":"etmportal.ui.managecontractstile.view.Mastersap.m.Text{\"text\":\"Manage Contracts\"}"}]}
RESULT: undefined
COMMAND: POST /session/e4ca631e3efb970409c1f6ae88247928/element - {"using":"xpath","value":"//*[@id=\"__tile131-title\"]"}
RESULT: {"using":"xpath","value":"//*[@id=\"__tile131-title\"]"}
COMMAND: POST /session/e4ca631e3efb970409c1f6ae88247928/element/f.C691F06ADA7EF9549F3769A53F800D74.d.3C3929C3832D6F1FFA3515CDF0710FA5.e.4590/click - {}
RESULT: {}
COMMAND: GET /session/e4ca631e3efb970409c1f6ae88247928/screenshot - {}
RESULT: {}
COMMAND: POST /session/e4ca631e3efb970409c1f6ae88247928/element - {"using":"xpath","value":"//button[@data-kt=\"addButton\"]"}
RESULT: {"using":"xpath","value":"//button[@data-kt=\"addButton\"]"}
COMMAND: POST /session/e4ca631e3efb970409c1f6ae88247928/elements - {"using":"xpath","value":"//button[@data-kt=\"addButton\"]"}
RESULT: {"using":"xpath","value":"//button[@data-kt=\"addButton\"]"}
COMMAND: POST /session/e4ca631e3efb970409c1f6ae88247928/execute/sync - {"script":"<script> [8489 bytes]","args":[{"element-6066-11e4-a52e-4f735466cecf":"f.C691F06ADA7EF9549F3769A53F800D74.d.3C3929C3832D6F1FFA3515CDF0710FA5.e.4664","ELEMENT":"f.C691F06ADA7EF9549F3769A53F800D74.d.3C3929C3832D6F1FFA3515CDF0710FA5.e.4664"}]}
RESULT: {"script":"<script> [8489 bytes]","args":[{"element-6066-11e4-a52e-4f735466cecf":"f.C691F06ADA7EF9549F3769A53F800D74.d.3C3929C3832D6F1FFA3515CDF0710FA5.e.4664","ELEMENT":"f.C691F06ADA7EF9549F3769A53F800D74.d.3C3929C3832D6F1FFA3515CDF0710FA5.e.4664"}]}
COMMAND: GET /session/e4ca631e3efb970409c1f6ae88247928/element/f.C691F06ADA7EF9549F3769A53F800D74.d.3C3929C3832D6F1FFA3515CDF0710FA5.e.4664/enabled - {}
COMMAND: GET /session/e4ca631e3efb970409c1f6ae88247928/screenshot - {}
RESULT: {}
COMMAND: POST /session/e4ca631e3efb970409c1f6ae88247928/execute/sync - {"script":"<script> [8489 bytes]","args":[{"element-6066-11e4-a52e-4f735466cecf":"f.C691F06ADA7EF9549F3769A53F800D74.d.3C3929C3832D6F1FFA3515CDF0710FA5.e.4664","ELEMENT":"f.C691F06ADA7EF9549F3769A53F800D74.d.3C3929C3832D6F1FFA3515CDF0710FA5.e.4664"}]}
COMMAND: GET /session/e4ca631e3efb970409c1f6ae88247928/screenshot - {}
RESULT: {}
RESULT: {"script":"<script> [8489 bytes]","args":[{"element-6066-11e4-a52e-4f735466cecf":"f.C691F06ADA7EF9549F3769A53F800D74.d.3C3929C3832D6F1FFA3515CDF0710FA5.e.4664","ELEMENT":"f.C691F06ADA7EF9549F3769A53F800D74.d.3C3929C3832D6F1FFA3515CDF0710FA5.e.4664"}]}
COMMAND: POST /session/e4ca631e3efb970409c1f6ae88247928/execute/sync - {"script":"<script> [5351 bytes]","args":[{"element-6066-11e4-a52e-4f735466cecf":"f.C691F06ADA7EF9549F3769A53F800D74.d.3C3929C3832D6F1FFA3515CDF0710FA5.e.4664","ELEMENT":"f.C691F06ADA7EF9549F3769A53F800D74.d.3C3929C3832D6F1FFA3515CDF0710FA5.e.4664"}]}
COMMAND: GET /session/e4ca631e3efb970409c1f6ae88247928/screenshot - {}
RESULT: {}
RESULT: {"script":"<script> [5351 bytes]","args":[{"element-6066-11e4-a52e-4f735466cecf":"f.C691F06ADA7EF9549F3769A53F800D74.d.3C3929C3832D6F1FFA3515CDF0710FA5.e.4664","ELEMENT":"f.C691F06ADA7EF9549F3769A53F800D74.d.3C3929C3832D6F1FFA3515CDF0710FA5.e.4664"}]}
COMMAND: GET /session/e4ca631e3efb970409c1f6ae88247928/screenshot - {}
RESULT: {}
RESULT: {}
COMMAND: POST /session/e4ca631e3efb970409c1f6ae88247928/element/f.C691F06ADA7EF9549F3769A53F800D74.d.3C3929C3832D6F1FFA3515CDF0710FA5.e.4664/click - {}
RESULT: {}
COMMAND: GET /session/e4ca631e3efb970409c1f6ae88247928/screenshot - {}
RESULT: {}
COMMAND: POST /session/e4ca631e3efb970409c1f6ae88247928/execute/async - {"script":"<script> [1562 bytes]","args":[{"selector":{"id":"application-managecontracts-display-component---AddNewContract--projectDescription","interaction":{"idSuffix":"inner"}},"wdio_ui5_key":"applicationmanagecontracts-display-component---AddNewContract--projectDescription"}]}
RESULT: {"script":"<script> [1562 bytes]","args":[{"selector":{"id":"application-managecontracts-display-component---AddNewContract--projectDescription","interaction":{"idSuffix":"inner"}},"wdio_ui5_key":"applicationmanagecontracts-display-component---AddNewContract--projectDescription"}]}
RESULT: undefined
COMMAND: POST /session/e4ca631e3efb970409c1f6ae88247928/execute/async - {"script":"<script> [776 bytes]","args":[{"enterText":"Contract WDIO","selector":{"id":"application-managecontracts-display-component---AddNewContract--projectDescription","interaction":{"idSuffix":"inner"}},"clearTextFirst":true,"interactionType":"ENTER_TEXT"}]}
RESULT: {"script":"<script> [776 bytes]","args":[{"enterText":"Contract WDIO","selector":{"id":"application-managecontracts-display-component---AddNewContract--projectDescription","interaction":{"idSuffix":"inner"}},"clearTextFirst":true,"interactionType":"ENTER_TEXT"}]}
COMMAND: POST /session/e4ca631e3efb970409c1f6ae88247928/element - {"using":"xpath","value":"//input[@id=\"application-managecontracts-display-component---AddNewContract--site-inner\"]"}
RESULT: {"using":"xpath","value":"//input[@id=\"application-managecontracts-display-component---AddNewContract--site-inner\"]"}
COMMAND: POST /session/e4ca631e3efb970409c1f6ae88247928/element/f.C691F06ADA7EF9549F3769A53F800D74.d.3C3929C3832D6F1FFA3515CDF0710FA5.e.4957/clear - {}
RESULT: {}
COMMAND: POST /session/e4ca631e3efb970409c1f6ae88247928/element/f.C691F06ADA7EF9549F3769A53F800D74.d.3C3929C3832D6F1FFA3515CDF0710FA5.e.4957/value - {"text":"2496"}
COMMAND: GET /session/e4ca631e3efb970409c1f6ae88247928/screenshot - {}
RESULT: {"text":"2496"}
COMMAND: GET /session/e4ca631e3efb970409c1f6ae88247928/screenshot - {}
RESULT: {}
RESULT: {}
COMMAND: POST /session/e4ca631e3efb970409c1f6ae88247928/element - {"using":"xpath","value":"//li[.//span[text()='2496']]"}
RESULT: {"using":"xpath","value":"//li[.//span[text()='2496']]"}
COMMAND: POST /session/e4ca631e3efb970409c1f6ae88247928/element/f.C691F06ADA7EF9549F3769A53F800D74.d.3C3929C3832D6F1FFA3515CDF0710FA5.e.4979/click - {}
RESULT: {}
COMMAND: GET /session/e4ca631e3efb970409c1f6ae88247928/screenshot - {}
RESULT: {}
COMMAND: POST /session/e4ca631e3efb970409c1f6ae88247928/element - {"using":"xpath","value":"//input[@id=\"application-managecontracts-display-component---AddNewContract--yardId-inner\"]"}
RESULT: {"using":"xpath","value":"//input[@id=\"application-managecontracts-display-component---AddNewContract--yardId-inner\"]"}
COMMAND: GET /session/e4ca631e3efb970409c1f6ae88247928/element/f.C691F06ADA7EF9549F3769A53F800D74.d.3C3929C3832D6F1FFA3515CDF0710FA5.e.4958/property/value - {}
RESULT: {}
COMMAND: POST /session/e4ca631e3efb970409c1f6ae88247928/element - {"using":"xpath","value":"//input[@id=\"application-managecontracts-display-component---AddNewContract--customerSelect-inner\"]"}
COMMAND: GET /session/e4ca631e3efb970409c1f6ae88247928/screenshot - {}
RESULT: {"using":"xpath","value":"//input[@id=\"application-managecontracts-display-component---AddNewContract--customerSelect-inner\"]"}
COMMAND: POST /session/e4ca631e3efb970409c1f6ae88247928/element/f.C691F06ADA7EF9549F3769A53F800D74.d.3C3929C3832D6F1FFA3515CDF0710FA5.e.4956/clear - {}
RESULT: {}
RESULT: {}
COMMAND: POST /session/e4ca631e3efb970409c1f6ae88247928/element/f.C691F06ADA7EF9549F3769A53F800D74.d.3C3929C3832D6F1FFA3515CDF0710FA5.e.4956/value - {"text":"1541"}
COMMAND: GET /session/e4ca631e3efb970409c1f6ae88247928/screenshot - {}
RESULT: {"text":"1541"}
COMMAND: GET /session/e4ca631e3efb970409c1f6ae88247928/screenshot - {}
RESULT: {}
COMMAND: POST /session/e4ca631e3efb970409c1f6ae88247928/element - {"using":"xpath","value":"//li[.//span[text()='1541']]"}
RESULT: {}
RESULT: {"using":"xpath","value":"//li[.//span[text()='1541']]"}
COMMAND: POST /session/e4ca631e3efb970409c1f6ae88247928/element/f.C691F06ADA7EF9549F3769A53F800D74.d.3C3929C3832D6F1FFA3515CDF0710FA5.e.4982/click - {}
RESULT: {}
COMMAND: GET /session/e4ca631e3efb970409c1f6ae88247928/screenshot - {}
RESULT: {}
COMMAND: POST /session/e4ca631e3efb970409c1f6ae88247928/element - {"using":"xpath","value":"//button[@data-kt=\"saveButton\"]"}
RESULT: {"using":"xpath","value":"//button[@data-kt=\"saveButton\"]"}
COMMAND: POST /session/e4ca631e3efb970409c1f6ae88247928/element/f.C691F06ADA7EF9549F3769A53F800D74.d.3C3929C3832D6F1FFA3515CDF0710FA5.e.4971/click - {}
RESULT: {}
COMMAND: GET /session/e4ca631e3efb970409c1f6ae88247928/screenshot - {}
RESULT: {}
COMMAND: POST /session/e4ca631e3efb970409c1f6ae88247928/element - {"using":"xpath","value":"//span[contains(@id ,\"contractDetailTitleNoExpanded\")]"}
RESULT: {"using":"xpath","value":"//span[contains(@id ,\"contractDetailTitleNoExpanded\")]"}
COMMAND: POST /session/e4ca631e3efb970409c1f6ae88247928/elements - {"using":"xpath","value":"//span[contains(@id ,\"contractDetailTitleNoExpanded\")]"}
RESULT: {"using":"xpath","value":"//span[contains(@id ,\"contractDetailTitleNoExpanded\")]"}
COMMAND: POST /session/e4ca631e3efb970409c1f6ae88247928/execute/sync - {"script":"<script> [56 bytes]","args":[{"element-6066-11e4-a52e-4f735466cecf":"f.C691F06ADA7EF9549F3769A53F800D74.d.3C3929C3832D6F1FFA3515CDF0710FA5.e.5052","ELEMENT":"f.C691F06ADA7EF9549F3769A53F800D74.d.3C3929C3832D6F1FFA3515CDF0710FA5.e.5052"}]}
RESULT: {"script":"<script> [56 bytes]","args":[{"element-6066-11e4-a52e-4f735466cecf":"f.C691F06ADA7EF9549F3769A53F800D74.d.3C3929C3832D6F1FFA3515CDF0710FA5.e.5052","ELEMENT":"f.C691F06ADA7EF9549F3769A53F800D74.d.3C3929C3832D6F1FFA3515CDF0710FA5.e.5052"}]}
COMMAND: GET /session/e4ca631e3efb970409c1f6ae88247928/screenshot - {}
RESULT: {}
]]></system-out>
    </testcase>
    <testcase classname="chrome.135_0_7049_115.windows.Billing_confirm_US117289" name="Should add created equipment to contract" time="50.224">
      <system-out><![CDATA[
COMMAND: POST /session/e4ca631e3efb970409c1f6ae88247928/element - {"using":"xpath","value":"//button[@data-kt=\"contractDetailEditBtnButton\"]"}
RESULT: {"using":"xpath","value":"//button[@data-kt=\"contractDetailEditBtnButton\"]"}
COMMAND: POST /session/e4ca631e3efb970409c1f6ae88247928/element/f.C691F06ADA7EF9549F3769A53F800D74.d.3C3929C3832D6F1FFA3515CDF0710FA5.e.5055/click - {}
RESULT: {}
COMMAND: GET /session/e4ca631e3efb970409c1f6ae88247928/screenshot - {}
RESULT: {}
COMMAND: POST /session/e4ca631e3efb970409c1f6ae88247928/element - {"using":"xpath","value":"(//span[contains(text(), \"Additional Addresses\")])[2]"}
RESULT: {"using":"xpath","value":"(//span[contains(text(), \"Additional Addresses\")])[2]"}
COMMAND: POST /session/e4ca631e3efb970409c1f6ae88247928/element/f.C691F06ADA7EF9549F3769A53F800D74.d.3C3929C3832D6F1FFA3515CDF0710FA5.e.5109/click - {}
RESULT: {}
COMMAND: GET /session/e4ca631e3efb970409c1f6ae88247928/screenshot - {}
RESULT: {}
COMMAND: POST /session/e4ca631e3efb970409c1f6ae88247928/element - {"using":"xpath","value":"//button[@data-kt=\"btnAddTableRowOverflowToolbarButton\"]"}
RESULT: {"using":"xpath","value":"//button[@data-kt=\"btnAddTableRowOverflowToolbarButton\"]"}
COMMAND: POST /session/e4ca631e3efb970409c1f6ae88247928/element/f.C691F06ADA7EF9549F3769A53F800D74.d.3C3929C3832D6F1FFA3515CDF0710FA5.e.5114/click - {}
RESULT: {}
COMMAND: GET /session/e4ca631e3efb970409c1f6ae88247928/screenshot - {}
RESULT: {}
COMMAND: POST /session/e4ca631e3efb970409c1f6ae88247928/element - {"using":"xpath","value":"//div[(text() = 'Standard Entry' or . = 'Standard Entry')]"}
RESULT: {"using":"xpath","value":"//div[(text() = 'Standard Entry' or . = 'Standard Entry')]"}
COMMAND: POST /session/e4ca631e3efb970409c1f6ae88247928/element/f.C691F06ADA7EF9549F3769A53F800D74.d.3C3929C3832D6F1FFA3515CDF0710FA5.e.5115/click - {}
RESULT: {}
COMMAND: GET /session/e4ca631e3efb970409c1f6ae88247928/screenshot - {}
RESULT: {}
COMMAND: POST /session/e4ca631e3efb970409c1f6ae88247928/element - {"using":"xpath","value":"//td[7]/div/div/input"}
RESULT: {"using":"xpath","value":"//td[7]/div/div/input"}
COMMAND: POST /session/e4ca631e3efb970409c1f6ae88247928/element/f.C691F06ADA7EF9549F3769A53F800D74.d.3C3929C3832D6F1FFA3515CDF0710FA5.e.5124/clear - {}
RESULT: {}
COMMAND: POST /session/e4ca631e3efb970409c1f6ae88247928/element/f.C691F06ADA7EF9549F3769A53F800D74.d.3C3929C3832D6F1FFA3515CDF0710FA5.e.5124/value - {"text":"Jm7moJCu2o"}
COMMAND: GET /session/e4ca631e3efb970409c1f6ae88247928/screenshot - {}
RESULT: {"text":"Jm7moJCu2o"}
COMMAND: GET /session/e4ca631e3efb970409c1f6ae88247928/screenshot - {}
RESULT: {}
RESULT: {}
COMMAND: POST /session/e4ca631e3efb970409c1f6ae88247928/actions - {"actions":[{"id":"action18","type":"key","parameters":{},"actions":[{"type":"keyDown","value":"î€‡"},{"type":"pause","duration":10},{"type":"keyUp","value":"î€‡"}]}]}
RESULT: {"actions":[{"id":"action18","type":"key","parameters":{},"actions":[{"type":"keyDown","value":"î€‡"},{"type":"pause","duration":10},{"type":"keyUp","value":"î€‡"}]}]}
COMMAND: GET /session/e4ca631e3efb970409c1f6ae88247928/screenshot - {}
RESULT: {}
COMMAND: POST /session/e4ca631e3efb970409c1f6ae88247928/execute/sync - {"script":"<script> [276 bytes]","args":["No pricing information was found"]}
RESULT: {"script":"<script> [276 bytes]","args":["No pricing information was found"]}
COMMAND: POST /session/e4ca631e3efb970409c1f6ae88247928/element - {"using":"xpath","value":"(//button[@data-kt=\"saveButton\"])[2]"}
COMMAND: GET /session/e4ca631e3efb970409c1f6ae88247928/screenshot - {}
RESULT: {"using":"xpath","value":"(//button[@data-kt=\"saveButton\"])[2]"}
COMMAND: POST /session/e4ca631e3efb970409c1f6ae88247928/element/f.C691F06ADA7EF9549F3769A53F800D74.d.3C3929C3832D6F1FFA3515CDF0710FA5.e.5139/click - {}
RESULT: {}
RESULT: {}
COMMAND: GET /session/e4ca631e3efb970409c1f6ae88247928/screenshot - {}
RESULT: {}
COMMAND: POST /session/e4ca631e3efb970409c1f6ae88247928/execute/sync - {"script":"<script> [276 bytes]","args":["Some contract items are having rental validity exceeding header rental validity"]}
RESULT: {"script":"<script> [276 bytes]","args":["Some contract items are having rental validity exceeding header rental validity"]}
COMMAND: GET /session/e4ca631e3efb970409c1f6ae88247928/screenshot - {}
RESULT: {}
COMMAND: POST /session/e4ca631e3efb970409c1f6ae88247928/element - {"using":"xpath","value":"//span[contains(@id ,\"contractItemsSmartTable-header-inner\")]"}
RESULT: {"using":"xpath","value":"//span[contains(@id ,\"contractItemsSmartTable-header-inner\")]"}
COMMAND: POST /session/e4ca631e3efb970409c1f6ae88247928/elements - {"using":"xpath","value":"//span[contains(@id ,\"contractItemsSmartTable-header-inner\")]"}
RESULT: {"using":"xpath","value":"//span[contains(@id ,\"contractItemsSmartTable-header-inner\")]"}
COMMAND: POST /session/e4ca631e3efb970409c1f6ae88247928/execute/sync - {"script":"<script> [56 bytes]","args":[{"element-6066-11e4-a52e-4f735466cecf":"f.C691F06ADA7EF9549F3769A53F800D74.d.3C3929C3832D6F1FFA3515CDF0710FA5.e.5146","ELEMENT":"f.C691F06ADA7EF9549F3769A53F800D74.d.3C3929C3832D6F1FFA3515CDF0710FA5.e.5146"}]}
RESULT: {"script":"<script> [56 bytes]","args":[{"element-6066-11e4-a52e-4f735466cecf":"f.C691F06ADA7EF9549F3769A53F800D74.d.3C3929C3832D6F1FFA3515CDF0710FA5.e.5146","ELEMENT":"f.C691F06ADA7EF9549F3769A53F800D74.d.3C3929C3832D6F1FFA3515CDF0710FA5.e.5146"}]}
]]></system-out>
    </testcase>
    <testcase classname="chrome.135_0_7049_115.windows.Billing_confirm_US117289" name="Should do a provide to site handover" time="64.31">
      <system-out><![CDATA[
COMMAND: GET /session/e4ca631e3efb970409c1f6ae88247928/screenshot - {}
COMMAND: POST /session/e4ca631e3efb970409c1f6ae88247928/element - {"using":"xpath","value":"//button[@data-kt=\"provideButton\"]"}
RESULT: {"using":"xpath","value":"//button[@data-kt=\"provideButton\"]"}
COMMAND: POST /session/e4ca631e3efb970409c1f6ae88247928/element/f.C691F06ADA7EF9549F3769A53F800D74.d.3C3929C3832D6F1FFA3515CDF0710FA5.e.5147/click - {}
RESULT: {}
RESULT: {}
COMMAND: GET /session/e4ca631e3efb970409c1f6ae88247928/screenshot - {}
RESULT: {}
RESULT: undefined
COMMAND: POST /session/e4ca631e3efb970409c1f6ae88247928/execute/async - {"script":"<script> [6424 bytes]","args":[{"element-6066-11e4-a52e-4f735466cecf":"f.C691F06ADA7EF9549F3769A53F800D74.d.3C3929C3832D6F1FFA3515CDF0710FA5.e.4183"},"setValue",["05/07/2025"]]}
COMMAND: POST /session/e4ca631e3efb970409c1f6ae88247928/execute/async - {"script":"<script> [1562 bytes]","args":[{"selector":{"id":"application-managehandovers-display-component---AddNewHO--dueDate","interaction":{"idSuffix":"inner"}},"wdio_ui5_key":"applicationmanagehandovers-display-component---AddNewHO--dueDate"}]}
RESULT: {"script":"<script> [1562 bytes]","args":[{"selector":{"id":"application-managehandovers-display-component---AddNewHO--dueDate","interaction":{"idSuffix":"inner"}},"wdio_ui5_key":"applicationmanagehandovers-display-component---AddNewHO--dueDate"}]}
COMMAND: POST /session/e4ca631e3efb970409c1f6ae88247928/execute/async - {"script":"<script> [6424 bytes]","args":[{"element-6066-11e4-a52e-4f735466cecf":"f.C691F06ADA7EF9549F3769A53F800D74.d.3C3929C3832D6F1FFA3515CDF0710FA5.e.5223"},"setValue",["05/07/2025"]]}
RESULT: {"script":"<script> [6424 bytes]","args":[{"element-6066-11e4-a52e-4f735466cecf":"f.C691F06ADA7EF9549F3769A53F800D74.d.3C3929C3832D6F1FFA3515CDF0710FA5.e.5223"},"setValue",["05/07/2025"]]}
COMMAND: POST /session/e4ca631e3efb970409c1f6ae88247928/element - {"using":"xpath","value":"//bdi[contains(text(), \"Instructions\")]"}
RESULT: {"using":"xpath","value":"//bdi[contains(text(), \"Instructions\")]"}
COMMAND: POST /session/e4ca631e3efb970409c1f6ae88247928/element/f.C691F06ADA7EF9549F3769A53F800D74.d.3C3929C3832D6F1FFA3515CDF0710FA5.e.5466/click - {}
RESULT: {}
COMMAND: GET /session/e4ca631e3efb970409c1f6ae88247928/screenshot - {}
RESULT: {}
COMMAND: POST /session/e4ca631e3efb970409c1f6ae88247928/element - {"using":"xpath","value":"//button[@data-kt=\"AddNewHOProvideAddItemsButton\"]"}
RESULT: {"using":"xpath","value":"//button[@data-kt=\"AddNewHOProvideAddItemsButton\"]"}
COMMAND: POST /session/e4ca631e3efb970409c1f6ae88247928/element/f.C691F06ADA7EF9549F3769A53F800D74.d.3C3929C3832D6F1FFA3515CDF0710FA5.e.5470/click - {}
RESULT: {}
COMMAND: GET /session/e4ca631e3efb970409c1f6ae88247928/screenshot - {}
RESULT: {}
RESULT: undefined
COMMAND: POST /session/e4ca631e3efb970409c1f6ae88247928/element - {"using":"xpath","value":"//*[@id=\"application-managehandovers-display-component---AddNewHO--popup-sa\"]"}
RESULT: {"using":"xpath","value":"//*[@id=\"application-managehandovers-display-component---AddNewHO--popup-sa\"]"}
COMMAND: POST /session/e4ca631e3efb970409c1f6ae88247928/element/f.C691F06ADA7EF9549F3769A53F800D74.d.3C3929C3832D6F1FFA3515CDF0710FA5.e.5481/click - {}
RESULT: {}
COMMAND: GET /session/e4ca631e3efb970409c1f6ae88247928/screenshot - {}
RESULT: {}
COMMAND: POST /session/e4ca631e3efb970409c1f6ae88247928/element - {"using":"xpath","value":"//*[contains(@id ,\"BDI-content\")][contains(text(), \"Select\")]"}
RESULT: {"using":"xpath","value":"//*[contains(@id ,\"BDI-content\")][contains(text(), \"Select\")]"}
COMMAND: POST /session/e4ca631e3efb970409c1f6ae88247928/element/f.C691F06ADA7EF9549F3769A53F800D74.d.3C3929C3832D6F1FFA3515CDF0710FA5.e.5482/click - {}
RESULT: {}
COMMAND: GET /session/e4ca631e3efb970409c1f6ae88247928/screenshot - {}
RESULT: {}
COMMAND: POST /session/e4ca631e3efb970409c1f6ae88247928/execute/async - {"script":"<script> [1562 bytes]","args":[{"selector":{"id":"application-managehandovers-display-component---AddNewHO--confirmCreationButton","interaction":{"idSuffix":"BDI-content"}},"wdio_ui5_key":"applicationmanagehandovers-display-component---AddNewHO--confirmCreationButton"}]}
RESULT: {"script":"<script> [1562 bytes]","args":[{"selector":{"id":"application-managehandovers-display-component---AddNewHO--confirmCreationButton","interaction":{"idSuffix":"BDI-content"}},"wdio_ui5_key":"applicationmanagehandovers-display-component---AddNewHO--confirmCreationButton"}]}
RESULT: undefined
COMMAND: POST /session/e4ca631e3efb970409c1f6ae88247928/element - {"using":"xpath","value":"//*[@id=\"application-managehandovers-display-component---AddNewHO--confirmCreationButton\"]"}
RESULT: {"using":"xpath","value":"//*[@id=\"application-managehandovers-display-component---AddNewHO--confirmCreationButton\"]"}
COMMAND: POST /session/e4ca631e3efb970409c1f6ae88247928/element/f.C691F06ADA7EF9549F3769A53F800D74.d.3C3929C3832D6F1FFA3515CDF0710FA5.e.5271/click - {}
RESULT: {}
COMMAND: GET /session/e4ca631e3efb970409c1f6ae88247928/screenshot - {}
RESULT: {}
COMMAND: POST /session/e4ca631e3efb970409c1f6ae88247928/element - {"using":"xpath","value":"//button[@data-kt=\"PickingTableConfirmAllButton\"]"}
RESULT: {"using":"xpath","value":"//button[@data-kt=\"PickingTableConfirmAllButton\"]"}
COMMAND: POST /session/e4ca631e3efb970409c1f6ae88247928/elements - {"using":"xpath","value":"//button[@data-kt=\"PickingTableConfirmAllButton\"]"}
RESULT: {"using":"xpath","value":"//button[@data-kt=\"PickingTableConfirmAllButton\"]"}
COMMAND: POST /session/e4ca631e3efb970409c1f6ae88247928/elements - {"using":"xpath","value":"//button[@data-kt=\"PickingTableConfirmAllButton\"]"}
RESULT: {"using":"xpath","value":"//button[@data-kt=\"PickingTableConfirmAllButton\"]"}
COMMAND: POST /session/e4ca631e3efb970409c1f6ae88247928/element - {"using":"xpath","value":"//button[@data-kt=\"PickingTableConfirmAllButton\"]"}
RESULT: {"using":"xpath","value":"//button[@data-kt=\"PickingTableConfirmAllButton\"]"}
COMMAND: POST /session/e4ca631e3efb970409c1f6ae88247928/element/f.C691F06ADA7EF9549F3769A53F800D74.d.3C3929C3832D6F1FFA3515CDF0710FA5.e.5518/click - {}
COMMAND: POST /session/e4ca631e3efb970409c1f6ae88247928/element - {"using":"xpath","value":"//button[@data-kt=\"PickingTableConfirmAllButton\"]"}
RESULT: {"using":"xpath","value":"//button[@data-kt=\"PickingTableConfirmAllButton\"]"}
COMMAND: POST /session/e4ca631e3efb970409c1f6ae88247928/element/f.C691F06ADA7EF9549F3769A53F800D74.d.3C3929C3832D6F1FFA3515CDF0710FA5.e.5518/click - {}
COMMAND: POST /session/e4ca631e3efb970409c1f6ae88247928/element - {"using":"xpath","value":"//button[@data-kt=\"PickingTableConfirmAllButton\"]"}
RESULT: {"using":"xpath","value":"//button[@data-kt=\"PickingTableConfirmAllButton\"]"}
COMMAND: POST /session/e4ca631e3efb970409c1f6ae88247928/element/f.C691F06ADA7EF9549F3769A53F800D74.d.3C3929C3832D6F1FFA3515CDF0710FA5.e.5540/click - {}
RESULT: {}
COMMAND: GET /session/e4ca631e3efb970409c1f6ae88247928/screenshot - {}
RESULT: {}
COMMAND: POST /session/e4ca631e3efb970409c1f6ae88247928/element - {"using":"xpath","value":"//bdi[contains(text(), \"OK\")]"}
RESULT: {"using":"xpath","value":"//bdi[contains(text(), \"OK\")]"}
COMMAND: POST /session/e4ca631e3efb970409c1f6ae88247928/element/f.C691F06ADA7EF9549F3769A53F800D74.d.3C3929C3832D6F1FFA3515CDF0710FA5.e.5543/click - {}
RESULT: {}
COMMAND: GET /session/e4ca631e3efb970409c1f6ae88247928/screenshot - {}
RESULT: {}
COMMAND: POST /session/e4ca631e3efb970409c1f6ae88247928/element - {"using":"xpath","value":"//bdi[contains(text(), \"Issue\")]"}
RESULT: {"using":"xpath","value":"//bdi[contains(text(), \"Issue\")]"}
COMMAND: POST /session/e4ca631e3efb970409c1f6ae88247928/element/f.C691F06ADA7EF9549F3769A53F800D74.d.3C3929C3832D6F1FFA3515CDF0710FA5.e.5544/click - {}
RESULT: {}
COMMAND: GET /session/e4ca631e3efb970409c1f6ae88247928/screenshot - {}
RESULT: {}
COMMAND: POST /session/e4ca631e3efb970409c1f6ae88247928/element - {"using":"css selector","value":"#shell-header-logo"}
RESULT: {"using":"css selector","value":"#shell-header-logo"}
COMMAND: POST /session/e4ca631e3efb970409c1f6ae88247928/element/f.C691F06ADA7EF9549F3769A53F800D74.d.3C3929C3832D6F1FFA3515CDF0710FA5.e.4594/click - {}
RESULT: {}
COMMAND: GET /session/e4ca631e3efb970409c1f6ae88247928/screenshot - {}
RESULT: {}
]]></system-out>
    </testcase>
    <testcase classname="chrome.135_0_7049_115.windows.Billing_confirm_US117289" name="Should trigger calculation" time="71.162">
      <system-out><![CDATA[
COMMAND: POST /session/e4ca631e3efb970409c1f6ae88247928/execute/async - {"script":"<script> [1562 bytes]","args":[{"selector":{"controlType":"sap.m.GenericTile","properties":{"header":"Manage Billings"}},"wdio_ui5_key":"sapm.GenericTile{\"header\":\"Manage Billings\"}"}]}
RESULT: {"script":"<script> [1562 bytes]","args":[{"selector":{"controlType":"sap.m.GenericTile","properties":{"header":"Manage Billings"}},"wdio_ui5_key":"sapm.GenericTile{\"header\":\"Manage Billings\"}"}]}
RESULT: undefined
COMMAND: POST /session/e4ca631e3efb970409c1f6ae88247928/element - {"using":"xpath","value":"//*[@id=\"__tile51\"]"}
RESULT: {"using":"xpath","value":"//*[@id=\"__tile51\"]"}
COMMAND: POST /session/e4ca631e3efb970409c1f6ae88247928/element/f.C691F06ADA7EF9549F3769A53F800D74.d.3C3929C3832D6F1FFA3515CDF0710FA5.e.202/click - {}
RESULT: {}
COMMAND: GET /session/e4ca631e3efb970409c1f6ae88247928/screenshot - {}
RESULT: {}
COMMAND: POST /session/e4ca631e3efb970409c1f6ae88247928/execute/async - {"script":"<script> [1562 bytes]","args":[{"selector":{"id":"application-managebillings-display-component---billRunCalcResult--smartFilterBar-btnBasicSearch","interaction":{"idSuffix":"I"}},"wdio_ui5_key":"applicationmanagebillings-display-component---billRunCalcResult--smartFilterBar-btnBasicSearch"}]}
RESULT: {"script":"<script> [1562 bytes]","args":[{"selector":{"id":"application-managebillings-display-component---billRunCalcResult--smartFilterBar-btnBasicSearch","interaction":{"idSuffix":"I"}},"wdio_ui5_key":"applicationmanagebillings-display-component---billRunCalcResult--smartFilterBar-btnBasicSearch"}]}
RESULT: undefined
COMMAND: POST /session/e4ca631e3efb970409c1f6ae88247928/execute/async - {"script":"<script> [776 bytes]","args":[{"enterText":"10615","selector":{"id":"application-managebillings-display-component---billRunCalcResult--smartFilterBar-btnBasicSearch","interaction":{"idSuffix":"I"}},"clearTextFirst":true,"interactionType":"ENTER_TEXT"}]}
RESULT: {"script":"<script> [776 bytes]","args":[{"enterText":"10615","selector":{"id":"application-managebillings-display-component---billRunCalcResult--smartFilterBar-btnBasicSearch","interaction":{"idSuffix":"I"}},"clearTextFirst":true,"interactionType":"ENTER_TEXT"}]}
COMMAND: POST /session/e4ca631e3efb970409c1f6ae88247928/actions - {"actions":[{"id":"action19","type":"key","parameters":{},"actions":[{"type":"keyDown","value":"î€‡"},{"type":"pause","duration":10},{"type":"keyUp","value":"î€‡"}]}]}
RESULT: {"actions":[{"id":"action19","type":"key","parameters":{},"actions":[{"type":"keyDown","value":"î€‡"},{"type":"pause","duration":10},{"type":"keyUp","value":"î€‡"}]}]}
COMMAND: GET /session/e4ca631e3efb970409c1f6ae88247928/screenshot - {}
RESULT: {}
COMMAND: POST /session/e4ca631e3efb970409c1f6ae88247928/element - {"using":"xpath","value":"//td[@aria-colindex=\"1\"]/div/div[contains(@class, \"sapMCbBg\")]"}
RESULT: {"using":"xpath","value":"//td[@aria-colindex=\"1\"]/div/div[contains(@class, \"sapMCbBg\")]"}
COMMAND: POST /session/e4ca631e3efb970409c1f6ae88247928/element/f.C691F06ADA7EF9549F3769A53F800D74.d.3C3929C3832D6F1FFA3515CDF0710FA5.e.5941/click - {}
RESULT: {}
COMMAND: GET /session/e4ca631e3efb970409c1f6ae88247928/screenshot - {}
RESULT: {}
COMMAND: POST /session/e4ca631e3efb970409c1f6ae88247928/execute/async - {"script":"<script> [1562 bytes]","args":[{"selector":{"id":"application-managebillings-display-component---billRunCalcResult--contractBillRunDate","interaction":{"idSuffix":"inner"}},"wdio_ui5_key":"applicationmanagebillings-display-component---billRunCalcResult--contractBillRunDate"}]}
RESULT: {"script":"<script> [1562 bytes]","args":[{"selector":{"id":"application-managebillings-display-component---billRunCalcResult--contractBillRunDate","interaction":{"idSuffix":"inner"}},"wdio_ui5_key":"applicationmanagebillings-display-component---billRunCalcResult--contractBillRunDate"}]}
RESULT: undefined
COMMAND: POST /session/e4ca631e3efb970409c1f6ae88247928/execute/async - {"script":"<script> [776 bytes]","args":[{"enterText":"06/07/25","selector":{"id":"application-managebillings-display-component---billRunCalcResult--contractBillRunDate","interaction":{"idSuffix":"inner"}},"clearTextFirst":true,"interactionType":"ENTER_TEXT"}]}
RESULT: {"script":"<script> [776 bytes]","args":[{"enterText":"06/07/25","selector":{"id":"application-managebillings-display-component---billRunCalcResult--contractBillRunDate","interaction":{"idSuffix":"inner"}},"clearTextFirst":true,"interactionType":"ENTER_TEXT"}]}
COMMAND: POST /session/e4ca631e3efb970409c1f6ae88247928/element - {"using":"xpath","value":"//bdi[contains(text(), \"Trigger Calculation\")]"}
RESULT: {"using":"xpath","value":"//bdi[contains(text(), \"Trigger Calculation\")]"}
COMMAND: POST /session/e4ca631e3efb970409c1f6ae88247928/element/f.C691F06ADA7EF9549F3769A53F800D74.d.3C3929C3832D6F1FFA3515CDF0710FA5.e.5993/click - {}
RESULT: {}
COMMAND: GET /session/e4ca631e3efb970409c1f6ae88247928/screenshot - {}
RESULT: {}
COMMAND: POST /session/e4ca631e3efb970409c1f6ae88247928/element - {"using":"xpath","value":"(//span[contains(@id, \"imgNav\")])[1]"}
RESULT: {"using":"xpath","value":"(//span[contains(@id, \"imgNav\")])[1]"}
COMMAND: POST /session/e4ca631e3efb970409c1f6ae88247928/element/f.C691F06ADA7EF9549F3769A53F800D74.d.3C3929C3832D6F1FFA3515CDF0710FA5.e.5942/click - {}
RESULT: {}
COMMAND: GET /session/e4ca631e3efb970409c1f6ae88247928/screenshot - {}
RESULT: {}
COMMAND: POST /session/e4ca631e3efb970409c1f6ae88247928/element - {"using":"xpath","value":"//tr/td[6]/div[1]/span[1]/span[1]"}
RESULT: {"using":"xpath","value":"//tr/td[6]/div[1]/span[1]/span[1]"}
COMMAND: GET /session/e4ca631e3efb970409c1f6ae88247928/element/f.C691F06ADA7EF9549F3769A53F800D74.d.3C3929C3832D6F1FFA3515CDF0710FA5.e.5998/text - {}
RESULT: {}
COMMAND: POST /session/e4ca631e3efb970409c1f6ae88247928/element - {"using":"xpath","value":"(//span[contains(@id, \"imgNav\")])[2]"}
RESULT: {"using":"xpath","value":"(//span[contains(@id, \"imgNav\")])[2]"}
COMMAND: POST /session/e4ca631e3efb970409c1f6ae88247928/element/f.C691F06ADA7EF9549F3769A53F800D74.d.3C3929C3832D6F1FFA3515CDF0710FA5.e.5999/click - {}
RESULT: {}
COMMAND: GET /session/e4ca631e3efb970409c1f6ae88247928/screenshot - {}
RESULT: {}
COMMAND: POST /session/e4ca631e3efb970409c1f6ae88247928/element - {"using":"xpath","value":"//bdi[contains(text(), \"Business Confirm\")]"}
RESULT: {"using":"xpath","value":"//bdi[contains(text(), \"Business Confirm\")]"}
COMMAND: POST /session/e4ca631e3efb970409c1f6ae88247928/element/f.C691F06ADA7EF9549F3769A53F800D74.d.3C3929C3832D6F1FFA3515CDF0710FA5.e.6073/click - {}
RESULT: {}
COMMAND: GET /session/e4ca631e3efb970409c1f6ae88247928/screenshot - {}
RESULT: {}
COMMAND: POST /session/e4ca631e3efb970409c1f6ae88247928/element - {"using":"xpath","value":"//bdi[contains(text(), \"Business Confirmed\")]"}
RESULT: {"using":"xpath","value":"//bdi[contains(text(), \"Business Confirmed\")]"}
COMMAND: POST /session/e4ca631e3efb970409c1f6ae88247928/execute/sync - {"script":"<script> [56 bytes]","args":[{"element-6066-11e4-a52e-4f735466cecf":"f.C691F06ADA7EF9549F3769A53F800D74.d.3C3929C3832D6F1FFA3515CDF0710FA5.e.6073","ELEMENT":"f.C691F06ADA7EF9549F3769A53F800D74.d.3C3929C3832D6F1FFA3515CDF0710FA5.e.6073"}]}
RESULT: {"script":"<script> [56 bytes]","args":[{"element-6066-11e4-a52e-4f735466cecf":"f.C691F06ADA7EF9549F3769A53F800D74.d.3C3929C3832D6F1FFA3515CDF0710FA5.e.6073","ELEMENT":"f.C691F06ADA7EF9549F3769A53F800D74.d.3C3929C3832D6F1FFA3515CDF0710FA5.e.6073"}]}
COMMAND: POST /session/e4ca631e3efb970409c1f6ae88247928/element - {"using":"css selector","value":"#shell-header-logo"}
COMMAND: GET /session/e4ca631e3efb970409c1f6ae88247928/screenshot - {}
RESULT: {"using":"css selector","value":"#shell-header-logo"}
COMMAND: POST /session/e4ca631e3efb970409c1f6ae88247928/element/f.C691F06ADA7EF9549F3769A53F800D74.d.3C3929C3832D6F1FFA3515CDF0710FA5.e.5728/click - {}
RESULT: {}
RESULT: {}
COMMAND: GET /session/e4ca631e3efb970409c1f6ae88247928/screenshot - {}
RESULT: {}
COMMAND: POST /session/e4ca631e3efb970409c1f6ae88247928/element - {"using":"css selector","value":"#j_username"}
COMMAND: POST /session/e4ca631e3efb970409c1f6ae88247928/url - {"url":"https://qa-testing-00-live-etm-ui.cfapps.eu10-004.hana.ondemand.com/"}
RESULT: {"using":"css selector","value":"#j_username"}
COMMAND: POST /session/e4ca631e3efb970409c1f6ae88247928/element - {"using":"css selector","value":"#j_username"}
RESULT: {"url":"https://qa-testing-00-live-etm-ui.cfapps.eu10-004.hana.ondemand.com/"}
RESULT: undefined
COMMAND: GET /session/e4ca631e3efb970409c1f6ae88247928/screenshot - {}
RESULT: {"using":"css selector","value":"#j_username"}
COMMAND: POST /session/e4ca631e3efb970409c1f6ae88247928/element - {"using":"css selector","value":"#shell-header-logo"}
RESULT: {}
RESULT: {"using":"css selector","value":"#shell-header-logo"}
COMMAND: POST /session/e4ca631e3efb970409c1f6ae88247928/execute/sync - {"script":"<script> [8489 bytes]","args":[{"element-6066-11e4-a52e-4f735466cecf":"f.C691F06ADA7EF9549F3769A53F800D74.d.A114EC5AF4026F9924CFE08DD96609CB.e.6084","ELEMENT":"f.C691F06ADA7EF9549F3769A53F800D74.d.A114EC5AF4026F9924CFE08DD96609CB.e.6084"}]}
RESULT: {"script":"<script> [8489 bytes]","args":[{"element-6066-11e4-a52e-4f735466cecf":"f.C691F06ADA7EF9549F3769A53F800D74.d.A114EC5AF4026F9924CFE08DD96609CB.e.6084","ELEMENT":"f.C691F06ADA7EF9549F3769A53F800D74.d.A114EC5AF4026F9924CFE08DD96609CB.e.6084"}]}
COMMAND: POST /session/e4ca631e3efb970409c1f6ae88247928/element - {"using":"css selector","value":"#shell-header-logo"}
COMMAND: GET /session/e4ca631e3efb970409c1f6ae88247928/screenshot - {}
RESULT: {"using":"css selector","value":"#shell-header-logo"}
COMMAND: POST /session/e4ca631e3efb970409c1f6ae88247928/execute/sync - {"script":"<script> [8489 bytes]","args":[{"element-6066-11e4-a52e-4f735466cecf":"f.C691F06ADA7EF9549F3769A53F800D74.d.A114EC5AF4026F9924CFE08DD96609CB.e.6084","ELEMENT":"f.C691F06ADA7EF9549F3769A53F800D74.d.A114EC5AF4026F9924CFE08DD96609CB.e.6084"}]}
RESULT: {}
RESULT: {"script":"<script> [8489 bytes]","args":[{"element-6066-11e4-a52e-4f735466cecf":"f.C691F06ADA7EF9549F3769A53F800D74.d.A114EC5AF4026F9924CFE08DD96609CB.e.6084","ELEMENT":"f.C691F06ADA7EF9549F3769A53F800D74.d.A114EC5AF4026F9924CFE08DD96609CB.e.6084"}]}
COMMAND: POST /session/e4ca631e3efb970409c1f6ae88247928/execute/sync - {"script":"<script> [5351 bytes]","args":[{"element-6066-11e4-a52e-4f735466cecf":"f.C691F06ADA7EF9549F3769A53F800D74.d.A114EC5AF4026F9924CFE08DD96609CB.e.6084","ELEMENT":"f.C691F06ADA7EF9549F3769A53F800D74.d.A114EC5AF4026F9924CFE08DD96609CB.e.6084"}]}
COMMAND: GET /session/e4ca631e3efb970409c1f6ae88247928/screenshot - {}
RESULT: {"script":"<script> [5351 bytes]","args":[{"element-6066-11e4-a52e-4f735466cecf":"f.C691F06ADA7EF9549F3769A53F800D74.d.A114EC5AF4026F9924CFE08DD96609CB.e.6084","ELEMENT":"f.C691F06ADA7EF9549F3769A53F800D74.d.A114EC5AF4026F9924CFE08DD96609CB.e.6084"}]}
COMMAND: POST /session/e4ca631e3efb970409c1f6ae88247928/element - {"using":"css selector","value":"#shell-header-logo"}
COMMAND: GET /session/e4ca631e3efb970409c1f6ae88247928/screenshot - {}
RESULT: {}
RESULT: {"using":"css selector","value":"#shell-header-logo"}
COMMAND: POST /session/e4ca631e3efb970409c1f6ae88247928/element/f.C691F06ADA7EF9549F3769A53F800D74.d.A114EC5AF4026F9924CFE08DD96609CB.e.6084/click - {}
RESULT: {}
RESULT: {}
COMMAND: GET /session/e4ca631e3efb970409c1f6ae88247928/screenshot - {}
RESULT: {}
COMMAND: POST /session/e4ca631e3efb970409c1f6ae88247928/execute/async - {"script":"<script> [189 bytes]","args":[]}
RESULT: {"script":"<script> [189 bytes]","args":[]}
COMMAND: POST /session/e4ca631e3efb970409c1f6ae88247928/execute/async - {"script":"<script> [123 bytes]","args":[]}
RESULT: {"script":"<script> [123 bytes]","args":[]}
COMMAND: POST /session/e4ca631e3efb970409c1f6ae88247928/timeouts - {"script":"<number>"}
RESULT: {"script":"<number>"}
COMMAND: GET /session/e4ca631e3efb970409c1f6ae88247928/timeouts - {}
RESULT: {}
RESULT: undefined
COMMAND: POST /session/e4ca631e3efb970409c1f6ae88247928/execute/async - {"script":"<script> [2676 bytes]","args":[]}
RESULT: {"script":"<script> [2676 bytes]","args":[]}
COMMAND: POST /session/e4ca631e3efb970409c1f6ae88247928/execute/async - {"script":"<script> [2342 bytes]","args":[{"protocol":"http","hostname":"0.0.0.0","path":"/","capabilities":{"browserName":"chrome","goog:chromeOptions":{"binary":"C:\\Program Files\\Google\\Chrome\\Application\\chrome.exe","args":["--start-maximized"]}},"logLevel":"warn","connectionRetryTimeout":120000,"connectionRetryCount":3,"logLevels":{},"enableDirectConnect":true,"strictSSL":true,"_":"65 more keys: [\"cacheDir\",\"port\",\"requestedCapabilities\",\"automationProtocol\",\"baseUrl\",\"waitforInterval\",\"waitforTimeout\",\"onReload\",\"beforeCommand\",\"afterCommand\",\"rootDir\",\"specs\",\"suites\",\"exclude\",\"groupLogsByTestSpec\",\"excludeDriverLogs\",\"bail\",\"framework\",\"reporters\",\"services\",\"maxInstances\",\"maxInstancesPerCapability\",\"injectGlobals\",\"filesToWatch\",\"execArgv\",\"runnerEnv\",\"runner\",\"shard\",\"specFileRetries\",\"specFileRetriesDelay\",\"specFileRetriesDeferred\",\"reporterSyncInterval\",\"reporterSyncTimeout\",\"cucumberFeaturesWithLineNumbers\",\"autoCompileOpts\",\"mochaOpts\",\"jasmineOpts\",\"cucumberOpts\",\"onPrepare\",\"onWorkerStart\",\"onWorkerEnd\",\"before\",\"beforeSession\",\"beforeSuite\",\"beforeHook\",\"beforeTest\",\"afterTest\",\"afterHook\",\"afterSuite\",\"afterSession\",\"after\",\"onComplete\",\"beforeAssertion\",\"afterAssertion\",\"beforeFeature\",\"beforeScenario\",\"beforeStep\",\"afterStep\",\"afterScenario\",\"afterFeature\",\"_\",\"suite\",\"$0\",\"ignoredWorkerServices\",\"wdi5\"]"}]}
RESULT: {"script":"<script> [2342 bytes]","args":[{"protocol":"http","hostname":"0.0.0.0","path":"/","capabilities":{"browserName":"chrome","goog:chromeOptions":{"binary":"C:\\Program Files\\Google\\Chrome\\Application\\chrome.exe","args":["--start-maximized"]}},"logLevel":"warn","connectionRetryTimeout":120000,"connectionRetryCount":3,"logLevels":{},"enableDirectConnect":true,"strictSSL":true,"_":"65 more keys: [\"cacheDir\",\"port\",\"requestedCapabilities\",\"automationProtocol\",\"baseUrl\",\"waitforInterval\",\"waitforTimeout\",\"onReload\",\"beforeCommand\",\"afterCommand\",\"rootDir\",\"specs\",\"suites\",\"exclude\",\"groupLogsByTestSpec\",\"excludeDriverLogs\",\"bail\",\"framework\",\"reporters\",\"services\",\"maxInstances\",\"maxInstancesPerCapability\",\"injectGlobals\",\"filesToWatch\",\"execArgv\",\"runnerEnv\",\"runner\",\"shard\",\"specFileRetries\",\"specFileRetriesDelay\",\"specFileRetriesDeferred\",\"reporterSyncInterval\",\"reporterSyncTimeout\",\"cucumberFeaturesWithLineNumbers\",\"autoCompileOpts\",\"mochaOpts\",\"jasmineOpts\",\"cucumberOpts\",\"onPrepare\",\"onWorkerStart\",\"onWorkerEnd\",\"before\",\"beforeSession\",\"beforeSuite\",\"beforeHook\",\"beforeTest\",\"afterTest\",\"afterHook\",\"afterSuite\",\"afterSession\",\"after\",\"onComplete\",\"beforeAssertion\",\"afterAssertion\",\"beforeFeature\",\"beforeScenario\",\"beforeStep\",\"afterStep\",\"afterScenario\",\"afterFeature\",\"_\",\"suite\",\"$0\",\"ignoredWorkerServices\",\"wdi5\"]"}]}
COMMAND: POST /session/e4ca631e3efb970409c1f6ae88247928/execute/async - {"script":"<script> [21126 bytes]","args":[35000]}
RESULT: {"script":"<script> [21126 bytes]","args":[35000]}
COMMAND: POST /session/e4ca631e3efb970409c1f6ae88247928/window/maximize - {}
RESULT: {}
COMMAND: POST /session/e4ca631e3efb970409c1f6ae88247928/execute/async - {"script":"<script> [1562 bytes]","args":[{"selector":{"id":"shell-header","interaction":{"idSuffix":"icon"}},"wdio_ui5_key":"shellheader"}]}
COMMAND: GET /session/e4ca631e3efb970409c1f6ae88247928/screenshot - {}
RESULT: {"script":"<script> [1562 bytes]","args":[{"selector":{"id":"shell-header","interaction":{"idSuffix":"icon"}},"wdio_ui5_key":"shellheader"}]}
RESULT: undefined
COMMAND: POST /session/e4ca631e3efb970409c1f6ae88247928/refresh - {}
RESULT: {}
RESULT: {}
COMMAND: GET /session/e4ca631e3efb970409c1f6ae88247928/screenshot - {}
RESULT: {}
COMMAND: POST /session/e4ca631e3efb970409c1f6ae88247928/refresh - {}
RESULT: {}
COMMAND: GET /session/e4ca631e3efb970409c1f6ae88247928/screenshot - {}
RESULT: {}
COMMAND: POST /session/e4ca631e3efb970409c1f6ae88247928/window/fullscreen - {}
RESULT: {}
COMMAND: POST /session/e4ca631e3efb970409c1f6ae88247928/execute/async - {"script":"<script> [189 bytes]","args":[]}
RESULT: {"script":"<script> [189 bytes]","args":[]}
COMMAND: POST /session/e4ca631e3efb970409c1f6ae88247928/execute/async - {"script":"<script> [123 bytes]","args":[]}
RESULT: {"script":"<script> [123 bytes]","args":[]}
COMMAND: POST /session/e4ca631e3efb970409c1f6ae88247928/timeouts - {"script":"<number>"}
RESULT: {"script":"<number>"}
COMMAND: GET /session/e4ca631e3efb970409c1f6ae88247928/timeouts - {}
RESULT: {}
RESULT: undefined
COMMAND: POST /session/e4ca631e3efb970409c1f6ae88247928/execute/async - {"script":"<script> [2676 bytes]","args":[]}
RESULT: {"script":"<script> [2676 bytes]","args":[]}
COMMAND: POST /session/e4ca631e3efb970409c1f6ae88247928/execute/async - {"script":"<script> [2342 bytes]","args":[{"protocol":"http","hostname":"0.0.0.0","path":"/","capabilities":{"browserName":"chrome","goog:chromeOptions":{"binary":"C:\\Program Files\\Google\\Chrome\\Application\\chrome.exe","args":["--start-maximized"]}},"logLevel":"warn","connectionRetryTimeout":120000,"connectionRetryCount":3,"logLevels":{},"enableDirectConnect":true,"strictSSL":true,"_":"65 more keys: [\"cacheDir\",\"port\",\"requestedCapabilities\",\"automationProtocol\",\"baseUrl\",\"waitforInterval\",\"waitforTimeout\",\"onReload\",\"beforeCommand\",\"afterCommand\",\"rootDir\",\"specs\",\"suites\",\"exclude\",\"groupLogsByTestSpec\",\"excludeDriverLogs\",\"bail\",\"framework\",\"reporters\",\"services\",\"maxInstances\",\"maxInstancesPerCapability\",\"injectGlobals\",\"filesToWatch\",\"execArgv\",\"runnerEnv\",\"runner\",\"shard\",\"specFileRetries\",\"specFileRetriesDelay\",\"specFileRetriesDeferred\",\"reporterSyncInterval\",\"reporterSyncTimeout\",\"cucumberFeaturesWithLineNumbers\",\"autoCompileOpts\",\"mochaOpts\",\"jasmineOpts\",\"cucumberOpts\",\"onPrepare\",\"onWorkerStart\",\"onWorkerEnd\",\"before\",\"beforeSession\",\"beforeSuite\",\"beforeHook\",\"beforeTest\",\"afterTest\",\"afterHook\",\"afterSuite\",\"afterSession\",\"after\",\"onComplete\",\"beforeAssertion\",\"afterAssertion\",\"beforeFeature\",\"beforeScenario\",\"beforeStep\",\"afterStep\",\"afterScenario\",\"afterFeature\",\"_\",\"suite\",\"$0\",\"ignoredWorkerServices\",\"wdi5\"]"}]}
RESULT: {"script":"<script> [2342 bytes]","args":[{"protocol":"http","hostname":"0.0.0.0","path":"/","capabilities":{"browserName":"chrome","goog:chromeOptions":{"binary":"C:\\Program Files\\Google\\Chrome\\Application\\chrome.exe","args":["--start-maximized"]}},"logLevel":"warn","connectionRetryTimeout":120000,"connectionRetryCount":3,"logLevels":{},"enableDirectConnect":true,"strictSSL":true,"_":"65 more keys: [\"cacheDir\",\"port\",\"requestedCapabilities\",\"automationProtocol\",\"baseUrl\",\"waitforInterval\",\"waitforTimeout\",\"onReload\",\"beforeCommand\",\"afterCommand\",\"rootDir\",\"specs\",\"suites\",\"exclude\",\"groupLogsByTestSpec\",\"excludeDriverLogs\",\"bail\",\"framework\",\"reporters\",\"services\",\"maxInstances\",\"maxInstancesPerCapability\",\"injectGlobals\",\"filesToWatch\",\"execArgv\",\"runnerEnv\",\"runner\",\"shard\",\"specFileRetries\",\"specFileRetriesDelay\",\"specFileRetriesDeferred\",\"reporterSyncInterval\",\"reporterSyncTimeout\",\"cucumberFeaturesWithLineNumbers\",\"autoCompileOpts\",\"mochaOpts\",\"jasmineOpts\",\"cucumberOpts\",\"onPrepare\",\"onWorkerStart\",\"onWorkerEnd\",\"before\",\"beforeSession\",\"beforeSuite\",\"beforeHook\",\"beforeTest\",\"afterTest\",\"afterHook\",\"afterSuite\",\"afterSession\",\"after\",\"onComplete\",\"beforeAssertion\",\"afterAssertion\",\"beforeFeature\",\"beforeScenario\",\"beforeStep\",\"afterStep\",\"afterScenario\",\"afterFeature\",\"_\",\"suite\",\"$0\",\"ignoredWorkerServices\",\"wdi5\"]"}]}
COMMAND: POST /session/e4ca631e3efb970409c1f6ae88247928/execute/async - {"script":"<script> [21126 bytes]","args":[35000]}
RESULT: {"script":"<script> [21126 bytes]","args":[35000]}
]]></system-out>
    </testcase>
  </testsuite>
  <testsuite timestamp="2025-05-07T17:27:54" time="1248.615" tests="14" failures="0" errors="0" skipped="0">
    <properties>
      <property name="specId" value="0" />
      <property name="suiteName" value="Create master data for mixed billing &amp; do billing calculation US151661" />
      <property name="capabilities" value="chrome.135_0_7049_115.windows" />
      <property name="file" value="file:///D:/a/1/s/test/specs/BTS/billing-calculation-mixed.spec.js" />
    </properties>
    <testcase classname="chrome.135_0_7049_115.windows.Create_master_data_for_mixed_billing_&amp;_do_billing_calculation_US151661" name="Should create a new yard" time="110.259">
      <system-out><![CDATA[
COMMAND: POST /session/e4ca631e3efb970409c1f6ae88247928/window/fullscreen - {}
RESULT: {}
COMMAND: POST /session/e4ca631e3efb970409c1f6ae88247928/execute/async - {"script":"<script> [1562 bytes]","args":[{"selector":{"controlType":"sap.m.GenericTile","properties":{"header":"Manage Yards"}},"wdio_ui5_key":"sapm.GenericTile{\"header\":\"Manage Yards\"}"}]}
RESULT: {"script":"<script> [1562 bytes]","args":[{"selector":{"controlType":"sap.m.GenericTile","properties":{"header":"Manage Yards"}},"wdio_ui5_key":"sapm.GenericTile{\"header\":\"Manage Yards\"}"}]}
RESULT: undefined
COMMAND: POST /session/e4ca631e3efb970409c1f6ae88247928/element - {"using":"xpath","value":"//*[@id=\"__tile41\"]"}
RESULT: {"using":"xpath","value":"//*[@id=\"__tile41\"]"}
COMMAND: POST /session/e4ca631e3efb970409c1f6ae88247928/element/f.C691F06ADA7EF9549F3769A53F800D74.d.A4E124C6FFBD801569F833A075EA4330.e.6250/click - {}
RESULT: {}
COMMAND: POST /session/e4ca631e3efb970409c1f6ae88247928/element - {"using":"xpath","value":"//button[@data-kt=\"addNewYardOverflowToolbarButton\"]"}
COMMAND: GET /session/e4ca631e3efb970409c1f6ae88247928/screenshot - {}
RESULT: {"using":"xpath","value":"//button[@data-kt=\"addNewYardOverflowToolbarButton\"]"}
COMMAND: POST /session/e4ca631e3efb970409c1f6ae88247928/elements - {"using":"xpath","value":"//button[@data-kt=\"addNewYardOverflowToolbarButton\"]"}
RESULT: {}
RESULT: {"using":"xpath","value":"//button[@data-kt=\"addNewYardOverflowToolbarButton\"]"}
COMMAND: POST /session/e4ca631e3efb970409c1f6ae88247928/elements - {"using":"xpath","value":"//button[@data-kt=\"addNewYardOverflowToolbarButton\"]"}
RESULT: {"using":"xpath","value":"//button[@data-kt=\"addNewYardOverflowToolbarButton\"]"}
COMMAND: POST /session/e4ca631e3efb970409c1f6ae88247928/elements - {"using":"xpath","value":"//button[@data-kt=\"addNewYardOverflowToolbarButton\"]"}
RESULT: {"using":"xpath","value":"//button[@data-kt=\"addNewYardOverflowToolbarButton\"]"}
COMMAND: POST /session/e4ca631e3efb970409c1f6ae88247928/elements - {"using":"xpath","value":"//button[@data-kt=\"addNewYardOverflowToolbarButton\"]"}
RESULT: {"using":"xpath","value":"//button[@data-kt=\"addNewYardOverflowToolbarButton\"]"}
COMMAND: POST /session/e4ca631e3efb970409c1f6ae88247928/elements - {"using":"xpath","value":"//button[@data-kt=\"addNewYardOverflowToolbarButton\"]"}
RESULT: {"using":"xpath","value":"//button[@data-kt=\"addNewYardOverflowToolbarButton\"]"}
COMMAND: POST /session/e4ca631e3efb970409c1f6ae88247928/elements - {"using":"xpath","value":"//button[@data-kt=\"addNewYardOverflowToolbarButton\"]"}
RESULT: {"using":"xpath","value":"//button[@data-kt=\"addNewYardOverflowToolbarButton\"]"}
COMMAND: POST /session/e4ca631e3efb970409c1f6ae88247928/elements - {"using":"xpath","value":"//button[@data-kt=\"addNewYardOverflowToolbarButton\"]"}
RESULT: {"using":"xpath","value":"//button[@data-kt=\"addNewYardOverflowToolbarButton\"]"}
COMMAND: POST /session/e4ca631e3efb970409c1f6ae88247928/elements - {"using":"xpath","value":"//button[@data-kt=\"addNewYardOverflowToolbarButton\"]"}
RESULT: {"using":"xpath","value":"//button[@data-kt=\"addNewYardOverflowToolbarButton\"]"}
COMMAND: POST /session/e4ca631e3efb970409c1f6ae88247928/elements - {"using":"xpath","value":"//button[@data-kt=\"addNewYardOverflowToolbarButton\"]"}
RESULT: {"using":"xpath","value":"//button[@data-kt=\"addNewYardOverflowToolbarButton\"]"}
COMMAND: POST /session/e4ca631e3efb970409c1f6ae88247928/elements - {"using":"xpath","value":"//button[@data-kt=\"addNewYardOverflowToolbarButton\"]"}
RESULT: {"using":"xpath","value":"//button[@data-kt=\"addNewYardOverflowToolbarButton\"]"}
COMMAND: POST /session/e4ca631e3efb970409c1f6ae88247928/elements - {"using":"xpath","value":"//button[@data-kt=\"addNewYardOverflowToolbarButton\"]"}
RESULT: {"using":"xpath","value":"//button[@data-kt=\"addNewYardOverflowToolbarButton\"]"}
COMMAND: POST /session/e4ca631e3efb970409c1f6ae88247928/elements - {"using":"xpath","value":"//button[@data-kt=\"addNewYardOverflowToolbarButton\"]"}
RESULT: {"using":"xpath","value":"//button[@data-kt=\"addNewYardOverflowToolbarButton\"]"}
COMMAND: POST /session/e4ca631e3efb970409c1f6ae88247928/elements - {"using":"xpath","value":"//button[@data-kt=\"addNewYardOverflowToolbarButton\"]"}
RESULT: {"using":"xpath","value":"//button[@data-kt=\"addNewYardOverflowToolbarButton\"]"}
COMMAND: POST /session/e4ca631e3efb970409c1f6ae88247928/elements - {"using":"xpath","value":"//button[@data-kt=\"addNewYardOverflowToolbarButton\"]"}
RESULT: {"using":"xpath","value":"//button[@data-kt=\"addNewYardOverflowToolbarButton\"]"}
COMMAND: POST /session/e4ca631e3efb970409c1f6ae88247928/elements - {"using":"xpath","value":"//button[@data-kt=\"addNewYardOverflowToolbarButton\"]"}
RESULT: {"using":"xpath","value":"//button[@data-kt=\"addNewYardOverflowToolbarButton\"]"}
COMMAND: POST /session/e4ca631e3efb970409c1f6ae88247928/elements - {"using":"xpath","value":"//button[@data-kt=\"addNewYardOverflowToolbarButton\"]"}
RESULT: {"using":"xpath","value":"//button[@data-kt=\"addNewYardOverflowToolbarButton\"]"}
COMMAND: POST /session/e4ca631e3efb970409c1f6ae88247928/elements - {"using":"xpath","value":"//button[@data-kt=\"addNewYardOverflowToolbarButton\"]"}
RESULT: {"using":"xpath","value":"//button[@data-kt=\"addNewYardOverflowToolbarButton\"]"}
COMMAND: POST /session/e4ca631e3efb970409c1f6ae88247928/elements - {"using":"xpath","value":"//button[@data-kt=\"addNewYardOverflowToolbarButton\"]"}
RESULT: {"using":"xpath","value":"//button[@data-kt=\"addNewYardOverflowToolbarButton\"]"}
COMMAND: POST /session/e4ca631e3efb970409c1f6ae88247928/elements - {"using":"xpath","value":"//button[@data-kt=\"addNewYardOverflowToolbarButton\"]"}
RESULT: {"using":"xpath","value":"//button[@data-kt=\"addNewYardOverflowToolbarButton\"]"}
COMMAND: POST /session/e4ca631e3efb970409c1f6ae88247928/elements - {"using":"xpath","value":"//button[@data-kt=\"addNewYardOverflowToolbarButton\"]"}
RESULT: {"using":"xpath","value":"//button[@data-kt=\"addNewYardOverflowToolbarButton\"]"}
COMMAND: POST /session/e4ca631e3efb970409c1f6ae88247928/elements - {"using":"xpath","value":"//button[@data-kt=\"addNewYardOverflowToolbarButton\"]"}
RESULT: {"using":"xpath","value":"//button[@data-kt=\"addNewYardOverflowToolbarButton\"]"}
COMMAND: POST /session/e4ca631e3efb970409c1f6ae88247928/elements - {"using":"xpath","value":"//button[@data-kt=\"addNewYardOverflowToolbarButton\"]"}
RESULT: {"using":"xpath","value":"//button[@data-kt=\"addNewYardOverflowToolbarButton\"]"}
COMMAND: POST /session/e4ca631e3efb970409c1f6ae88247928/elements - {"using":"xpath","value":"//button[@data-kt=\"addNewYardOverflowToolbarButton\"]"}
RESULT: {"using":"xpath","value":"//button[@data-kt=\"addNewYardOverflowToolbarButton\"]"}
COMMAND: POST /session/e4ca631e3efb970409c1f6ae88247928/elements - {"using":"xpath","value":"//button[@data-kt=\"addNewYardOverflowToolbarButton\"]"}
RESULT: {"using":"xpath","value":"//button[@data-kt=\"addNewYardOverflowToolbarButton\"]"}
COMMAND: POST /session/e4ca631e3efb970409c1f6ae88247928/elements - {"using":"xpath","value":"//button[@data-kt=\"addNewYardOverflowToolbarButton\"]"}
RESULT: {"using":"xpath","value":"//button[@data-kt=\"addNewYardOverflowToolbarButton\"]"}
COMMAND: POST /session/e4ca631e3efb970409c1f6ae88247928/elements - {"using":"xpath","value":"//button[@data-kt=\"addNewYardOverflowToolbarButton\"]"}
RESULT: {"using":"xpath","value":"//button[@data-kt=\"addNewYardOverflowToolbarButton\"]"}
COMMAND: POST /session/e4ca631e3efb970409c1f6ae88247928/element - {"using":"xpath","value":"//button[@data-kt=\"addNewYardOverflowToolbarButton\"]"}
RESULT: {"using":"xpath","value":"//button[@data-kt=\"addNewYardOverflowToolbarButton\"]"}
COMMAND: POST /session/e4ca631e3efb970409c1f6ae88247928/execute/sync - {"script":"<script> [8489 bytes]","args":[{"element-6066-11e4-a52e-4f735466cecf":"f.C691F06ADA7EF9549F3769A53F800D74.d.A4E124C6FFBD801569F833A075EA4330.e.6384","ELEMENT":"f.C691F06ADA7EF9549F3769A53F800D74.d.A4E124C6FFBD801569F833A075EA4330.e.6384"}]}
RESULT: {"script":"<script> [8489 bytes]","args":[{"element-6066-11e4-a52e-4f735466cecf":"f.C691F06ADA7EF9549F3769A53F800D74.d.A4E124C6FFBD801569F833A075EA4330.e.6384","ELEMENT":"f.C691F06ADA7EF9549F3769A53F800D74.d.A4E124C6FFBD801569F833A075EA4330.e.6384"}]}
COMMAND: GET /session/e4ca631e3efb970409c1f6ae88247928/element/f.C691F06ADA7EF9549F3769A53F800D74.d.A4E124C6FFBD801569F833A075EA4330.e.6384/enabled - {}
COMMAND: GET /session/e4ca631e3efb970409c1f6ae88247928/screenshot - {}
RESULT: {}
COMMAND: POST /session/e4ca631e3efb970409c1f6ae88247928/execute/sync - {"script":"<script> [8489 bytes]","args":[{"element-6066-11e4-a52e-4f735466cecf":"f.C691F06ADA7EF9549F3769A53F800D74.d.A4E124C6FFBD801569F833A075EA4330.e.6384","ELEMENT":"f.C691F06ADA7EF9549F3769A53F800D74.d.A4E124C6FFBD801569F833A075EA4330.e.6384"}]}
COMMAND: GET /session/e4ca631e3efb970409c1f6ae88247928/screenshot - {}
RESULT: {}
RESULT: {"script":"<script> [8489 bytes]","args":[{"element-6066-11e4-a52e-4f735466cecf":"f.C691F06ADA7EF9549F3769A53F800D74.d.A4E124C6FFBD801569F833A075EA4330.e.6384","ELEMENT":"f.C691F06ADA7EF9549F3769A53F800D74.d.A4E124C6FFBD801569F833A075EA4330.e.6384"}]}
COMMAND: POST /session/e4ca631e3efb970409c1f6ae88247928/execute/sync - {"script":"<script> [5351 bytes]","args":[{"element-6066-11e4-a52e-4f735466cecf":"f.C691F06ADA7EF9549F3769A53F800D74.d.A4E124C6FFBD801569F833A075EA4330.e.6384","ELEMENT":"f.C691F06ADA7EF9549F3769A53F800D74.d.A4E124C6FFBD801569F833A075EA4330.e.6384"}]}
COMMAND: GET /session/e4ca631e3efb970409c1f6ae88247928/screenshot - {}
RESULT: {}
RESULT: {"script":"<script> [5351 bytes]","args":[{"element-6066-11e4-a52e-4f735466cecf":"f.C691F06ADA7EF9549F3769A53F800D74.d.A4E124C6FFBD801569F833A075EA4330.e.6384","ELEMENT":"f.C691F06ADA7EF9549F3769A53F800D74.d.A4E124C6FFBD801569F833A075EA4330.e.6384"}]}
COMMAND: POST /session/e4ca631e3efb970409c1f6ae88247928/element/f.C691F06ADA7EF9549F3769A53F800D74.d.A4E124C6FFBD801569F833A075EA4330.e.6384/click - {}
COMMAND: GET /session/e4ca631e3efb970409c1f6ae88247928/screenshot - {}
RESULT: {}
RESULT: {}
COMMAND: GET /session/e4ca631e3efb970409c1f6ae88247928/screenshot - {}
COMMAND: POST /session/e4ca631e3efb970409c1f6ae88247928/element - {"using":"xpath","value":"//input[@id=\"application-manageyards-display-component---NewYard--yardId-inner\"]"}
RESULT: {}
RESULT: {}
RESULT: {"using":"xpath","value":"//input[@id=\"application-manageyards-display-component---NewYard--yardId-inner\"]"}
COMMAND: POST /session/e4ca631e3efb970409c1f6ae88247928/element - {"using":"xpath","value":"//input[@id=\"application-manageyards-display-component---NewYard--yardId-inner\"]"}
RESULT: {"using":"xpath","value":"//input[@id=\"application-manageyards-display-component---NewYard--yardId-inner\"]"}
COMMAND: POST /session/e4ca631e3efb970409c1f6ae88247928/execute/async - {"script":"<script> [1562 bytes]","args":[{"selector":{"id":"application-manageyards-display-component---NewYard--addressDetailDetailsName1","interaction":{"idSuffix":"inner"}},"wdio_ui5_key":"applicationmanageyards-display-component---NewYard--addressDetailDetailsName1"}]}
RESULT: {"script":"<script> [1562 bytes]","args":[{"selector":{"id":"application-manageyards-display-component---NewYard--addressDetailDetailsName1","interaction":{"idSuffix":"inner"}},"wdio_ui5_key":"applicationmanageyards-display-component---NewYard--addressDetailDetailsName1"}]}
RESULT: undefined
COMMAND: POST /session/e4ca631e3efb970409c1f6ae88247928/execute/async - {"script":"<script> [776 bytes]","args":[{"enterText":"Intercompany Yard wdIO","selector":{"id":"application-manageyards-display-component---NewYard--addressDetailDetailsName1","interaction":{"idSuffix":"inner"}},"clearTextFirst":true,"interactionType":"ENTER_TEXT"}]}
RESULT: {"script":"<script> [776 bytes]","args":[{"enterText":"Intercompany Yard wdIO","selector":{"id":"application-manageyards-display-component---NewYard--addressDetailDetailsName1","interaction":{"idSuffix":"inner"}},"clearTextFirst":true,"interactionType":"ENTER_TEXT"}]}
COMMAND: POST /session/e4ca631e3efb970409c1f6ae88247928/execute/async - {"script":"<script> [1562 bytes]","args":[{"selector":{"id":"application-manageyards-display-component---NewYard--addressDetailDetailsLanguage-arrow"},"wdio_ui5_key":"applicationmanageyards-display-component---NewYard--addressDetailDetailsLanguage-arrow"}]}
RESULT: {"script":"<script> [1562 bytes]","args":[{"selector":{"id":"application-manageyards-display-component---NewYard--addressDetailDetailsLanguage-arrow"},"wdio_ui5_key":"applicationmanageyards-display-component---NewYard--addressDetailDetailsLanguage-arrow"}]}
RESULT: undefined
COMMAND: POST /session/e4ca631e3efb970409c1f6ae88247928/element - {"using":"xpath","value":"//*[@id=\"application-manageyards-display-component---NewYard--addressDetailDetailsLanguage-arrow\"]"}
RESULT: {"using":"xpath","value":"//*[@id=\"application-manageyards-display-component---NewYard--addressDetailDetailsLanguage-arrow\"]"}
COMMAND: POST /session/e4ca631e3efb970409c1f6ae88247928/element/f.C691F06ADA7EF9549F3769A53F800D74.d.A4E124C6FFBD801569F833A075EA4330.e.6817/click - {}
RESULT: {}
COMMAND: POST /session/e4ca631e3efb970409c1f6ae88247928/element - {"using":"xpath","value":"//span[contains(text(), \"English\")]"}
COMMAND: GET /session/e4ca631e3efb970409c1f6ae88247928/screenshot - {}
RESULT: {"using":"xpath","value":"//span[contains(text(), \"English\")]"}
COMMAND: POST /session/e4ca631e3efb970409c1f6ae88247928/element/f.C691F06ADA7EF9549F3769A53F800D74.d.A4E124C6FFBD801569F833A075EA4330.e.6818/click - {}
RESULT: {}
RESULT: {}
COMMAND: POST /session/e4ca631e3efb970409c1f6ae88247928/execute/async - {"script":"<script> [1562 bytes]","args":[{"selector":{"id":"application-manageyards-display-component---NewYard--addressDetailDetailsCity1","interaction":{"idSuffix":"inner"}},"wdio_ui5_key":"applicationmanageyards-display-component---NewYard--addressDetailDetailsCity1"}]}
COMMAND: GET /session/e4ca631e3efb970409c1f6ae88247928/screenshot - {}
RESULT: {"script":"<script> [1562 bytes]","args":[{"selector":{"id":"application-manageyards-display-component---NewYard--addressDetailDetailsCity1","interaction":{"idSuffix":"inner"}},"wdio_ui5_key":"applicationmanageyards-display-component---NewYard--addressDetailDetailsCity1"}]}
RESULT: undefined
COMMAND: POST /session/e4ca631e3efb970409c1f6ae88247928/execute/async - {"script":"<script> [776 bytes]","args":[{"enterText":"Rosario","selector":{"id":"application-manageyards-display-component---NewYard--addressDetailDetailsCity1","interaction":{"idSuffix":"inner"}},"clearTextFirst":true,"interactionType":"ENTER_TEXT"}]}
RESULT: {}
RESULT: {"script":"<script> [776 bytes]","args":[{"enterText":"Rosario","selector":{"id":"application-manageyards-display-component---NewYard--addressDetailDetailsCity1","interaction":{"idSuffix":"inner"}},"clearTextFirst":true,"interactionType":"ENTER_TEXT"}]}
COMMAND: POST /session/e4ca631e3efb970409c1f6ae88247928/execute/async - {"script":"<script> [1562 bytes]","args":[{"selector":{"id":"application-manageyards-display-component---NewYard--addressDetailDetailsCountry-arrow"},"wdio_ui5_key":"applicationmanageyards-display-component---NewYard--addressDetailDetailsCountry-arrow"}]}
RESULT: {"script":"<script> [1562 bytes]","args":[{"selector":{"id":"application-manageyards-display-component---NewYard--addressDetailDetailsCountry-arrow"},"wdio_ui5_key":"applicationmanageyards-display-component---NewYard--addressDetailDetailsCountry-arrow"}]}
RESULT: undefined
COMMAND: POST /session/e4ca631e3efb970409c1f6ae88247928/element - {"using":"xpath","value":"//*[@id=\"application-manageyards-display-component---NewYard--addressDetailDetailsCountry-arrow\"]"}
RESULT: {"using":"xpath","value":"//*[@id=\"application-manageyards-display-component---NewYard--addressDetailDetailsCountry-arrow\"]"}
COMMAND: POST /session/e4ca631e3efb970409c1f6ae88247928/element/f.C691F06ADA7EF9549F3769A53F800D74.d.A4E124C6FFBD801569F833A075EA4330.e.6820/click - {}
RESULT: {}
COMMAND: POST /session/e4ca631e3efb970409c1f6ae88247928/element - {"using":"xpath","value":"//span[contains(text(), \"Argentina\")]"}
COMMAND: GET /session/e4ca631e3efb970409c1f6ae88247928/screenshot - {}
RESULT: {"using":"xpath","value":"//span[contains(text(), \"Argentina\")]"}
COMMAND: POST /session/e4ca631e3efb970409c1f6ae88247928/element/f.C691F06ADA7EF9549F3769A53F800D74.d.A4E124C6FFBD801569F833A075EA4330.e.6821/click - {}
RESULT: {}
RESULT: {}
COMMAND: POST /session/e4ca631e3efb970409c1f6ae88247928/execute/async - {"script":"<script> [1562 bytes]","args":[{"selector":{"id":"application-manageyards-display-component---NewYard--addressEditDetailsCostObjectCstType-arrow"},"wdio_ui5_key":"applicationmanageyards-display-component---NewYard--addressEditDetailsCostObjectCstType-arrow"}]}
COMMAND: GET /session/e4ca631e3efb970409c1f6ae88247928/screenshot - {}
RESULT: {"script":"<script> [1562 bytes]","args":[{"selector":{"id":"application-manageyards-display-component---NewYard--addressEditDetailsCostObjectCstType-arrow"},"wdio_ui5_key":"applicationmanageyards-display-component---NewYard--addressEditDetailsCostObjectCstType-arrow"}]}
RESULT: undefined
COMMAND: POST /session/e4ca631e3efb970409c1f6ae88247928/element - {"using":"xpath","value":"//*[@id=\"application-manageyards-display-component---NewYard--addressEditDetailsCostObjectCstType-arrow\"]"}
RESULT: {}
RESULT: {"using":"xpath","value":"//*[@id=\"application-manageyards-display-component---NewYard--addressEditDetailsCostObjectCstType-arrow\"]"}
COMMAND: POST /session/e4ca631e3efb970409c1f6ae88247928/element/f.C691F06ADA7EF9549F3769A53F800D74.d.A4E124C6FFBD801569F833A075EA4330.e.6823/click - {}
RESULT: {}
COMMAND: POST /session/e4ca631e3efb970409c1f6ae88247928/element - {"using":"xpath","value":"//span[contains(text(), \"Cost Center\")]"}
COMMAND: GET /session/e4ca631e3efb970409c1f6ae88247928/screenshot - {}
RESULT: {"using":"xpath","value":"//span[contains(text(), \"Cost Center\")]"}
COMMAND: POST /session/e4ca631e3efb970409c1f6ae88247928/element/f.C691F06ADA7EF9549F3769A53F800D74.d.A4E124C6FFBD801569F833A075EA4330.e.6824/click - {}
RESULT: {}
RESULT: {}
COMMAND: GET /session/e4ca631e3efb970409c1f6ae88247928/screenshot - {}
RESULT: {}
COMMAND: POST /session/e4ca631e3efb970409c1f6ae88247928/element - {"using":"xpath","value":"//span[@id=\"application-manageyards-display-component---NewYard--addressNewCostObjectCstID-vhi\"]"}
RESULT: {"using":"xpath","value":"//span[@id=\"application-manageyards-display-component---NewYard--addressNewCostObjectCstID-vhi\"]"}
COMMAND: POST /session/e4ca631e3efb970409c1f6ae88247928/execute/sync - {"script":"<script> [8489 bytes]","args":[{"element-6066-11e4-a52e-4f735466cecf":"f.C691F06ADA7EF9549F3769A53F800D74.d.A4E124C6FFBD801569F833A075EA4330.e.6828","ELEMENT":"f.C691F06ADA7EF9549F3769A53F800D74.d.A4E124C6FFBD801569F833A075EA4330.e.6828"}]}
RESULT: {"script":"<script> [8489 bytes]","args":[{"element-6066-11e4-a52e-4f735466cecf":"f.C691F06ADA7EF9549F3769A53F800D74.d.A4E124C6FFBD801569F833A075EA4330.e.6828","ELEMENT":"f.C691F06ADA7EF9549F3769A53F800D74.d.A4E124C6FFBD801569F833A075EA4330.e.6828"}]}
COMMAND: POST /session/e4ca631e3efb970409c1f6ae88247928/execute/async - {"script":"<script> [1562 bytes]","args":[{"selector":{"id":"application-manageyards-display-component---NewYard--addressNewCostObjectCstID-vhi"},"wdio_ui5_key":"applicationmanageyards-display-component---NewYard--addressNewCostObjectCstID-vhi"}]}
COMMAND: GET /session/e4ca631e3efb970409c1f6ae88247928/screenshot - {}
RESULT: {"script":"<script> [1562 bytes]","args":[{"selector":{"id":"application-manageyards-display-component---NewYard--addressNewCostObjectCstID-vhi"},"wdio_ui5_key":"applicationmanageyards-display-component---NewYard--addressNewCostObjectCstID-vhi"}]}
RESULT: undefined
COMMAND: POST /session/e4ca631e3efb970409c1f6ae88247928/element - {"using":"xpath","value":"//*[@id=\"application-manageyards-display-component---NewYard--addressNewCostObjectCstID-vhi\"]"}
RESULT: {}
RESULT: {"using":"xpath","value":"//*[@id=\"application-manageyards-display-component---NewYard--addressNewCostObjectCstID-vhi\"]"}
COMMAND: POST /session/e4ca631e3efb970409c1f6ae88247928/element/f.C691F06ADA7EF9549F3769A53F800D74.d.A4E124C6FFBD801569F833A075EA4330.e.6828/click - {}
RESULT: {}
COMMAND: GET /session/e4ca631e3efb970409c1f6ae88247928/screenshot - {}
RESULT: {}
COMMAND: POST /session/e4ca631e3efb970409c1f6ae88247928/execute/async - {"script":"<script> [1562 bytes]","args":[{"selector":{"controlType":"sap.m.SearchField","properties":{"placeholder":"Search"},"searchOpenDialogs":true,"interaction":{"idSuffix":"I"}},"wdio_ui5_key":"sapm.SearchField{\"placeholder\":\"Search\"}"}]}
RESULT: {"script":"<script> [1562 bytes]","args":[{"selector":{"controlType":"sap.m.SearchField","properties":{"placeholder":"Search"},"searchOpenDialogs":true,"interaction":{"idSuffix":"I"}},"wdio_ui5_key":"sapm.SearchField{\"placeholder\":\"Search\"}"}]}
RESULT: undefined
COMMAND: POST /session/e4ca631e3efb970409c1f6ae88247928/execute/async - {"script":"<script> [776 bytes]","args":[{"enterText":"10001013","selector":{"controlType":"sap.m.SearchField","properties":{"placeholder":"Search"},"searchOpenDialogs":true,"interaction":{"idSuffix":"I"}},"clearTextFirst":true,"interactionType":"ENTER_TEXT"}]}
RESULT: {"script":"<script> [776 bytes]","args":[{"enterText":"10001013","selector":{"controlType":"sap.m.SearchField","properties":{"placeholder":"Search"},"searchOpenDialogs":true,"interaction":{"idSuffix":"I"}},"clearTextFirst":true,"interactionType":"ENTER_TEXT"}]}
COMMAND: POST /session/e4ca631e3efb970409c1f6ae88247928/actions - {"actions":[{"id":"action20","type":"key","parameters":{},"actions":[{"type":"keyDown","value":"î€‡"},{"type":"pause","duration":10},{"type":"keyUp","value":"î€‡"}]}]}
RESULT: {"actions":[{"id":"action20","type":"key","parameters":{},"actions":[{"type":"keyDown","value":"î€‡"},{"type":"pause","duration":10},{"type":"keyUp","value":"î€‡"}]}]}
COMMAND: GET /session/e4ca631e3efb970409c1f6ae88247928/screenshot - {}
RESULT: {}
COMMAND: POST /session/e4ca631e3efb970409c1f6ae88247928/element - {"using":"xpath","value":"//span[contains(text(), \"General Management\")]"}
RESULT: {"using":"xpath","value":"//span[contains(text(), \"General Management\")]"}
COMMAND: POST /session/e4ca631e3efb970409c1f6ae88247928/element/f.C691F06ADA7EF9549F3769A53F800D74.d.A4E124C6FFBD801569F833A075EA4330.e.6870/click - {}
RESULT: {}
COMMAND: GET /session/e4ca631e3efb970409c1f6ae88247928/screenshot - {}
RESULT: {}
COMMAND: POST /session/e4ca631e3efb970409c1f6ae88247928/element - {"using":"xpath","value":"//bdi[contains(text(), \"OK\")]"}
RESULT: {"using":"xpath","value":"//bdi[contains(text(), \"OK\")]"}
COMMAND: POST /session/e4ca631e3efb970409c1f6ae88247928/element/f.C691F06ADA7EF9549F3769A53F800D74.d.A4E124C6FFBD801569F833A075EA4330.e.6871/click - {}
RESULT: {}
COMMAND: GET /session/e4ca631e3efb970409c1f6ae88247928/screenshot - {}
RESULT: {}
COMMAND: POST /session/e4ca631e3efb970409c1f6ae88247928/execute/async - {"script":"<script> [1562 bytes]","args":[{"selector":{"id":"application-manageyards-display-component---NewYard--addressEditDetailsCurrency-arrow"},"wdio_ui5_key":"applicationmanageyards-display-component---NewYard--addressEditDetailsCurrency-arrow"}]}
RESULT: {"script":"<script> [1562 bytes]","args":[{"selector":{"id":"application-manageyards-display-component---NewYard--addressEditDetailsCurrency-arrow"},"wdio_ui5_key":"applicationmanageyards-display-component---NewYard--addressEditDetailsCurrency-arrow"}]}
RESULT: undefined
COMMAND: POST /session/e4ca631e3efb970409c1f6ae88247928/element - {"using":"xpath","value":"//*[@id=\"application-manageyards-display-component---NewYard--addressEditDetailsCurrency-arrow\"]"}
RESULT: {"using":"xpath","value":"//*[@id=\"application-manageyards-display-component---NewYard--addressEditDetailsCurrency-arrow\"]"}
COMMAND: POST /session/e4ca631e3efb970409c1f6ae88247928/element/f.C691F06ADA7EF9549F3769A53F800D74.d.A4E124C6FFBD801569F833A075EA4330.e.6874/click - {}
RESULT: {}
COMMAND: POST /session/e4ca631e3efb970409c1f6ae88247928/element - {"using":"xpath","value":"//span[contains(text(), \"Euro\")]"}
COMMAND: GET /session/e4ca631e3efb970409c1f6ae88247928/screenshot - {}
RESULT: {"using":"xpath","value":"//span[contains(text(), \"Euro\")]"}
COMMAND: POST /session/e4ca631e3efb970409c1f6ae88247928/element/f.C691F06ADA7EF9549F3769A53F800D74.d.A4E124C6FFBD801569F833A075EA4330.e.6875/click - {}
RESULT: {}
RESULT: {}
COMMAND: POST /session/e4ca631e3efb970409c1f6ae88247928/execute/async - {"script":"<script> [1562 bytes]","args":[{"selector":{"controlType":"sap.m.Input","viewName":"etm.portal.ui.manageyards.view.New","viewId":"application-manageyards-display-component---NewYard","bindingPath":{"path":"","propertyPath":"/CONTROLLING_AREA","modelName":"NewYardModel"},"interaction":{"idSuffix":"inner"}},"wdio_ui5_key":"etmportal.ui.manageyards.view.Newsap.m.Input{\"path\":\"\",\"propertyPath\":\"/CONTROLLING_AREA\",\"modelName\":\"NewYardModel\"}"}]}
COMMAND: GET /session/e4ca631e3efb970409c1f6ae88247928/screenshot - {}
RESULT: {"script":"<script> [1562 bytes]","args":[{"selector":{"controlType":"sap.m.Input","viewName":"etm.portal.ui.manageyards.view.New","viewId":"application-manageyards-display-component---NewYard","bindingPath":{"path":"","propertyPath":"/CONTROLLING_AREA","modelName":"NewYardModel"},"interaction":{"idSuffix":"inner"}},"wdio_ui5_key":"etmportal.ui.manageyards.view.Newsap.m.Input{\"path\":\"\",\"propertyPath\":\"/CONTROLLING_AREA\",\"modelName\":\"NewYardModel\"}"}]}
RESULT: undefined
COMMAND: POST /session/e4ca631e3efb970409c1f6ae88247928/execute/async - {"script":"<script> [776 bytes]","args":[{"enterText":"Z001","selector":{"controlType":"sap.m.Input","viewName":"etm.portal.ui.manageyards.view.New","viewId":"application-manageyards-display-component---NewYard","bindingPath":{"path":"","propertyPath":"/CONTROLLING_AREA","modelName":"NewYardModel"},"interaction":{"idSuffix":"inner"}},"clearTextFirst":true,"interactionType":"ENTER_TEXT"}]}
RESULT: {}
RESULT: {"script":"<script> [776 bytes]","args":[{"enterText":"Z001","selector":{"controlType":"sap.m.Input","viewName":"etm.portal.ui.manageyards.view.New","viewId":"application-manageyards-display-component---NewYard","bindingPath":{"path":"","propertyPath":"/CONTROLLING_AREA","modelName":"NewYardModel"},"interaction":{"idSuffix":"inner"}},"clearTextFirst":true,"interactionType":"ENTER_TEXT"}]}
COMMAND: POST /session/e4ca631e3efb970409c1f6ae88247928/execute/async - {"script":"<script> [1562 bytes]","args":[{"selector":{"id":"application-manageyards-display-component---NewYard--companyCodeComboBox","interaction":{"idSuffix":"inner"}},"wdio_ui5_key":"applicationmanageyards-display-component---NewYard--companyCodeComboBox"}]}
RESULT: {"script":"<script> [1562 bytes]","args":[{"selector":{"id":"application-manageyards-display-component---NewYard--companyCodeComboBox","interaction":{"idSuffix":"inner"}},"wdio_ui5_key":"applicationmanageyards-display-component---NewYard--companyCodeComboBox"}]}
RESULT: undefined
COMMAND: POST /session/e4ca631e3efb970409c1f6ae88247928/execute/async - {"script":"<script> [776 bytes]","args":[{"enterText":"1000","selector":{"id":"application-manageyards-display-component---NewYard--companyCodeComboBox","interaction":{"idSuffix":"inner"}},"clearTextFirst":true,"interactionType":"ENTER_TEXT"}]}
RESULT: {"script":"<script> [776 bytes]","args":[{"enterText":"1000","selector":{"id":"application-manageyards-display-component---NewYard--companyCodeComboBox","interaction":{"idSuffix":"inner"}},"clearTextFirst":true,"interactionType":"ENTER_TEXT"}]}
COMMAND: POST /session/e4ca631e3efb970409c1f6ae88247928/execute/async - {"script":"<script> [1562 bytes]","args":[{"selector":{"controlType":"sap.m.Input","viewName":"etm.portal.ui.manageyards.view.New","viewId":"application-manageyards-display-component---NewYard","bindingPath":{"path":"","propertyPath":"/PLANT","modelName":"NewYardModel"},"interaction":{"idSuffix":"inner"}},"wdio_ui5_key":"etmportal.ui.manageyards.view.Newsap.m.Input{\"path\":\"\",\"propertyPath\":\"/PLANT\",\"modelName\":\"NewYardModel\"}"}]}
RESULT: {"script":"<script> [1562 bytes]","args":[{"selector":{"controlType":"sap.m.Input","viewName":"etm.portal.ui.manageyards.view.New","viewId":"application-manageyards-display-component---NewYard","bindingPath":{"path":"","propertyPath":"/PLANT","modelName":"NewYardModel"},"interaction":{"idSuffix":"inner"}},"wdio_ui5_key":"etmportal.ui.manageyards.view.Newsap.m.Input{\"path\":\"\",\"propertyPath\":\"/PLANT\",\"modelName\":\"NewYardModel\"}"}]}
RESULT: undefined
COMMAND: POST /session/e4ca631e3efb970409c1f6ae88247928/execute/async - {"script":"<script> [776 bytes]","args":[{"enterText":"1001","selector":{"controlType":"sap.m.Input","viewName":"etm.portal.ui.manageyards.view.New","viewId":"application-manageyards-display-component---NewYard","bindingPath":{"path":"","propertyPath":"/PLANT","modelName":"NewYardModel"},"interaction":{"idSuffix":"inner"}},"clearTextFirst":true,"interactionType":"ENTER_TEXT"}]}
RESULT: {"script":"<script> [776 bytes]","args":[{"enterText":"1001","selector":{"controlType":"sap.m.Input","viewName":"etm.portal.ui.manageyards.view.New","viewId":"application-manageyards-display-component---NewYard","bindingPath":{"path":"","propertyPath":"/PLANT","modelName":"NewYardModel"},"interaction":{"idSuffix":"inner"}},"clearTextFirst":true,"interactionType":"ENTER_TEXT"}]}
COMMAND: POST /session/e4ca631e3efb970409c1f6ae88247928/execute/async - {"script":"<script> [1562 bytes]","args":[{"selector":{"controlType":"sap.m.Input","viewName":"etm.portal.ui.manageyards.view.New","viewId":"application-manageyards-display-component---NewYard","bindingPath":{"path":"","propertyPath":"/SALES_AREA_VKORG","modelName":"NewYardModel"},"interaction":{"idSuffix":"inner"}},"wdio_ui5_key":"etmportal.ui.manageyards.view.Newsap.m.Input{\"path\":\"\",\"propertyPath\":\"/SALES_AREA_VKORG\",\"modelName\":\"NewYardModel\"}"}]}
RESULT: {"script":"<script> [1562 bytes]","args":[{"selector":{"controlType":"sap.m.Input","viewName":"etm.portal.ui.manageyards.view.New","viewId":"application-manageyards-display-component---NewYard","bindingPath":{"path":"","propertyPath":"/SALES_AREA_VKORG","modelName":"NewYardModel"},"interaction":{"idSuffix":"inner"}},"wdio_ui5_key":"etmportal.ui.manageyards.view.Newsap.m.Input{\"path\":\"\",\"propertyPath\":\"/SALES_AREA_VKORG\",\"modelName\":\"NewYardModel\"}"}]}
RESULT: undefined
COMMAND: POST /session/e4ca631e3efb970409c1f6ae88247928/execute/async - {"script":"<script> [776 bytes]","args":[{"enterText":"C002","selector":{"controlType":"sap.m.Input","viewName":"etm.portal.ui.manageyards.view.New","viewId":"application-manageyards-display-component---NewYard","bindingPath":{"path":"","propertyPath":"/SALES_AREA_VKORG","modelName":"NewYardModel"},"interaction":{"idSuffix":"inner"}},"clearTextFirst":true,"interactionType":"ENTER_TEXT"}]}
RESULT: {"script":"<script> [776 bytes]","args":[{"enterText":"C002","selector":{"controlType":"sap.m.Input","viewName":"etm.portal.ui.manageyards.view.New","viewId":"application-manageyards-display-component---NewYard","bindingPath":{"path":"","propertyPath":"/SALES_AREA_VKORG","modelName":"NewYardModel"},"interaction":{"idSuffix":"inner"}},"clearTextFirst":true,"interactionType":"ENTER_TEXT"}]}
COMMAND: POST /session/e4ca631e3efb970409c1f6ae88247928/execute/async - {"script":"<script> [1562 bytes]","args":[{"selector":{"controlType":"sap.m.Input","viewName":"etm.portal.ui.manageyards.view.New","viewId":"application-manageyards-display-component---NewYard","bindingPath":{"path":"","propertyPath":"/SALES_AREA_VTWEG","modelName":"NewYardModel"},"interaction":{"idSuffix":"inner"}},"wdio_ui5_key":"etmportal.ui.manageyards.view.Newsap.m.Input{\"path\":\"\",\"propertyPath\":\"/SALES_AREA_VTWEG\",\"modelName\":\"NewYardModel\"}"}]}
RESULT: {"script":"<script> [1562 bytes]","args":[{"selector":{"controlType":"sap.m.Input","viewName":"etm.portal.ui.manageyards.view.New","viewId":"application-manageyards-display-component---NewYard","bindingPath":{"path":"","propertyPath":"/SALES_AREA_VTWEG","modelName":"NewYardModel"},"interaction":{"idSuffix":"inner"}},"wdio_ui5_key":"etmportal.ui.manageyards.view.Newsap.m.Input{\"path\":\"\",\"propertyPath\":\"/SALES_AREA_VTWEG\",\"modelName\":\"NewYardModel\"}"}]}
RESULT: undefined
COMMAND: POST /session/e4ca631e3efb970409c1f6ae88247928/execute/async - {"script":"<script> [776 bytes]","args":[{"enterText":"C2","selector":{"controlType":"sap.m.Input","viewName":"etm.portal.ui.manageyards.view.New","viewId":"application-manageyards-display-component---NewYard","bindingPath":{"path":"","propertyPath":"/SALES_AREA_VTWEG","modelName":"NewYardModel"},"interaction":{"idSuffix":"inner"}},"clearTextFirst":true,"interactionType":"ENTER_TEXT"}]}
RESULT: {"script":"<script> [776 bytes]","args":[{"enterText":"C2","selector":{"controlType":"sap.m.Input","viewName":"etm.portal.ui.manageyards.view.New","viewId":"application-manageyards-display-component---NewYard","bindingPath":{"path":"","propertyPath":"/SALES_AREA_VTWEG","modelName":"NewYardModel"},"interaction":{"idSuffix":"inner"}},"clearTextFirst":true,"interactionType":"ENTER_TEXT"}]}
COMMAND: POST /session/e4ca631e3efb970409c1f6ae88247928/execute/async - {"script":"<script> [1562 bytes]","args":[{"selector":{"controlType":"sap.m.Input","viewName":"etm.portal.ui.manageyards.view.New","viewId":"application-manageyards-display-component---NewYard","bindingPath":{"path":"","propertyPath":"/SALES_AREA_SPART","modelName":"NewYardModel"},"interaction":{"idSuffix":"inner"}},"wdio_ui5_key":"etmportal.ui.manageyards.view.Newsap.m.Input{\"path\":\"\",\"propertyPath\":\"/SALES_AREA_SPART\",\"modelName\":\"NewYardModel\"}"}]}
RESULT: {"script":"<script> [1562 bytes]","args":[{"selector":{"controlType":"sap.m.Input","viewName":"etm.portal.ui.manageyards.view.New","viewId":"application-manageyards-display-component---NewYard","bindingPath":{"path":"","propertyPath":"/SALES_AREA_SPART","modelName":"NewYardModel"},"interaction":{"idSuffix":"inner"}},"wdio_ui5_key":"etmportal.ui.manageyards.view.Newsap.m.Input{\"path\":\"\",\"propertyPath\":\"/SALES_AREA_SPART\",\"modelName\":\"NewYardModel\"}"}]}
RESULT: undefined
COMMAND: POST /session/e4ca631e3efb970409c1f6ae88247928/execute/async - {"script":"<script> [776 bytes]","args":[{"enterText":"C2","selector":{"controlType":"sap.m.Input","viewName":"etm.portal.ui.manageyards.view.New","viewId":"application-manageyards-display-component---NewYard","bindingPath":{"path":"","propertyPath":"/SALES_AREA_SPART","modelName":"NewYardModel"},"interaction":{"idSuffix":"inner"}},"clearTextFirst":true,"interactionType":"ENTER_TEXT"}]}
RESULT: {"script":"<script> [776 bytes]","args":[{"enterText":"C2","selector":{"controlType":"sap.m.Input","viewName":"etm.portal.ui.manageyards.view.New","viewId":"application-manageyards-display-component---NewYard","bindingPath":{"path":"","propertyPath":"/SALES_AREA_SPART","modelName":"NewYardModel"},"interaction":{"idSuffix":"inner"}},"clearTextFirst":true,"interactionType":"ENTER_TEXT"}]}
COMMAND: POST /session/e4ca631e3efb970409c1f6ae88247928/execute/async - {"script":"<script> [1562 bytes]","args":[{"selector":{"controlType":"sap.m.Input","viewName":"etm.portal.ui.manageyards.view.New","viewId":"application-manageyards-display-component---NewYard","bindingPath":{"path":"","propertyPath":"/SHIP_POINT","modelName":"NewYardModel"},"interaction":{"idSuffix":"inner"}},"wdio_ui5_key":"etmportal.ui.manageyards.view.Newsap.m.Input{\"path\":\"\",\"propertyPath\":\"/SHIP_POINT\",\"modelName\":\"NewYardModel\"}"}]}
RESULT: {"script":"<script> [1562 bytes]","args":[{"selector":{"controlType":"sap.m.Input","viewName":"etm.portal.ui.manageyards.view.New","viewId":"application-manageyards-display-component---NewYard","bindingPath":{"path":"","propertyPath":"/SHIP_POINT","modelName":"NewYardModel"},"interaction":{"idSuffix":"inner"}},"wdio_ui5_key":"etmportal.ui.manageyards.view.Newsap.m.Input{\"path\":\"\",\"propertyPath\":\"/SHIP_POINT\",\"modelName\":\"NewYardModel\"}"}]}
RESULT: undefined
COMMAND: POST /session/e4ca631e3efb970409c1f6ae88247928/execute/async - {"script":"<script> [776 bytes]","args":[{"enterText":"1710","selector":{"controlType":"sap.m.Input","viewName":"etm.portal.ui.manageyards.view.New","viewId":"application-manageyards-display-component---NewYard","bindingPath":{"path":"","propertyPath":"/SHIP_POINT","modelName":"NewYardModel"},"interaction":{"idSuffix":"inner"}},"clearTextFirst":true,"interactionType":"ENTER_TEXT"}]}
RESULT: {"script":"<script> [776 bytes]","args":[{"enterText":"1710","selector":{"controlType":"sap.m.Input","viewName":"etm.portal.ui.manageyards.view.New","viewId":"application-manageyards-display-component---NewYard","bindingPath":{"path":"","propertyPath":"/SHIP_POINT","modelName":"NewYardModel"},"interaction":{"idSuffix":"inner"}},"clearTextFirst":true,"interactionType":"ENTER_TEXT"}]}
COMMAND: POST /session/e4ca631e3efb970409c1f6ae88247928/execute/async - {"script":"<script> [1562 bytes]","args":[{"selector":{"controlType":"sap.m.Input","viewName":"etm.portal.ui.manageyards.view.New","viewId":"application-manageyards-display-component---NewYard","bindingPath":{"path":"","propertyPath":"/DELIVERY_TYPE","modelName":"NewYardModel"},"interaction":{"idSuffix":"inner"}},"wdio_ui5_key":"etmportal.ui.manageyards.view.Newsap.m.Input{\"path\":\"\",\"propertyPath\":\"/DELIVERY_TYPE\",\"modelName\":\"NewYardModel\"}"}]}
RESULT: {"script":"<script> [1562 bytes]","args":[{"selector":{"controlType":"sap.m.Input","viewName":"etm.portal.ui.manageyards.view.New","viewId":"application-manageyards-display-component---NewYard","bindingPath":{"path":"","propertyPath":"/DELIVERY_TYPE","modelName":"NewYardModel"},"interaction":{"idSuffix":"inner"}},"wdio_ui5_key":"etmportal.ui.manageyards.view.Newsap.m.Input{\"path\":\"\",\"propertyPath\":\"/DELIVERY_TYPE\",\"modelName\":\"NewYardModel\"}"}]}
RESULT: undefined
COMMAND: POST /session/e4ca631e3efb970409c1f6ae88247928/execute/async - {"script":"<script> [776 bytes]","args":[{"enterText":"ZL01","selector":{"controlType":"sap.m.Input","viewName":"etm.portal.ui.manageyards.view.New","viewId":"application-manageyards-display-component---NewYard","bindingPath":{"path":"","propertyPath":"/DELIVERY_TYPE","modelName":"NewYardModel"},"interaction":{"idSuffix":"inner"}},"clearTextFirst":true,"interactionType":"ENTER_TEXT"}]}
RESULT: {"script":"<script> [776 bytes]","args":[{"enterText":"ZL01","selector":{"controlType":"sap.m.Input","viewName":"etm.portal.ui.manageyards.view.New","viewId":"application-manageyards-display-component---NewYard","bindingPath":{"path":"","propertyPath":"/DELIVERY_TYPE","modelName":"NewYardModel"},"interaction":{"idSuffix":"inner"}},"clearTextFirst":true,"interactionType":"ENTER_TEXT"}]}
COMMAND: POST /session/e4ca631e3efb970409c1f6ae88247928/execute/async - {"script":"<script> [1562 bytes]","args":[{"selector":{"controlType":"sap.m.Input","viewName":"etm.portal.ui.manageyards.view.New","viewId":"application-manageyards-display-component---NewYard","bindingPath":{"path":"","propertyPath":"/AUART","modelName":"NewYardModel"},"interaction":{"idSuffix":"inner"}},"wdio_ui5_key":"etmportal.ui.manageyards.view.Newsap.m.Input{\"path\":\"\",\"propertyPath\":\"/AUART\",\"modelName\":\"NewYardModel\"}"}]}
RESULT: {"script":"<script> [1562 bytes]","args":[{"selector":{"controlType":"sap.m.Input","viewName":"etm.portal.ui.manageyards.view.New","viewId":"application-manageyards-display-component---NewYard","bindingPath":{"path":"","propertyPath":"/AUART","modelName":"NewYardModel"},"interaction":{"idSuffix":"inner"}},"wdio_ui5_key":"etmportal.ui.manageyards.view.Newsap.m.Input{\"path\":\"\",\"propertyPath\":\"/AUART\",\"modelName\":\"NewYardModel\"}"}]}
RESULT: undefined
COMMAND: POST /session/e4ca631e3efb970409c1f6ae88247928/execute/async - {"script":"<script> [776 bytes]","args":[{"enterText":"TA","selector":{"controlType":"sap.m.Input","viewName":"etm.portal.ui.manageyards.view.New","viewId":"application-manageyards-display-component---NewYard","bindingPath":{"path":"","propertyPath":"/AUART","modelName":"NewYardModel"},"interaction":{"idSuffix":"inner"}},"clearTextFirst":true,"interactionType":"ENTER_TEXT"}]}
RESULT: {"script":"<script> [776 bytes]","args":[{"enterText":"TA","selector":{"controlType":"sap.m.Input","viewName":"etm.portal.ui.manageyards.view.New","viewId":"application-manageyards-display-component---NewYard","bindingPath":{"path":"","propertyPath":"/AUART","modelName":"NewYardModel"},"interaction":{"idSuffix":"inner"}},"clearTextFirst":true,"interactionType":"ENTER_TEXT"}]}
COMMAND: POST /session/e4ca631e3efb970409c1f6ae88247928/element - {"using":"xpath","value":"//button[@data-kt=\"newYardSaveButton\"]"}
RESULT: {"using":"xpath","value":"//button[@data-kt=\"newYardSaveButton\"]"}
COMMAND: POST /session/e4ca631e3efb970409c1f6ae88247928/element/f.C691F06ADA7EF9549F3769A53F800D74.d.A4E124C6FFBD801569F833A075EA4330.e.6801/click - {}
RESULT: {}
COMMAND: GET /session/e4ca631e3efb970409c1f6ae88247928/screenshot - {}
RESULT: {}
COMMAND: POST /session/e4ca631e3efb970409c1f6ae88247928/element - {"using":"xpath","value":"//header[contains(@id, 'ObjectPageLayout-headerTitle')]/div[1]/div[2]/div[1]/span[1]"}
RESULT: {"using":"xpath","value":"//header[contains(@id, 'ObjectPageLayout-headerTitle')]/div[1]/div[2]/div[1]/span[1]"}
COMMAND: POST /session/e4ca631e3efb970409c1f6ae88247928/elements - {"using":"xpath","value":"//header[contains(@id, 'ObjectPageLayout-headerTitle')]/div[1]/div[2]/div[1]/span[1]"}
RESULT: {"using":"xpath","value":"//header[contains(@id, 'ObjectPageLayout-headerTitle')]/div[1]/div[2]/div[1]/span[1]"}
COMMAND: POST /session/e4ca631e3efb970409c1f6ae88247928/execute/sync - {"script":"<script> [56 bytes]","args":[{"element-6066-11e4-a52e-4f735466cecf":"f.C691F06ADA7EF9549F3769A53F800D74.d.A4E124C6FFBD801569F833A075EA4330.e.7100","ELEMENT":"f.C691F06ADA7EF9549F3769A53F800D74.d.A4E124C6FFBD801569F833A075EA4330.e.7100"}]}
RESULT: {"script":"<script> [56 bytes]","args":[{"element-6066-11e4-a52e-4f735466cecf":"f.C691F06ADA7EF9549F3769A53F800D74.d.A4E124C6FFBD801569F833A075EA4330.e.7100","ELEMENT":"f.C691F06ADA7EF9549F3769A53F800D74.d.A4E124C6FFBD801569F833A075EA4330.e.7100"}]}
COMMAND: GET /session/e4ca631e3efb970409c1f6ae88247928/screenshot - {}
RESULT: {}
COMMAND: POST /session/e4ca631e3efb970409c1f6ae88247928/element - {"using":"css selector","value":"#shell-header-logo"}
RESULT: {"using":"css selector","value":"#shell-header-logo"}
COMMAND: POST /session/e4ca631e3efb970409c1f6ae88247928/element/f.C691F06ADA7EF9549F3769A53F800D74.d.A4E124C6FFBD801569F833A075EA4330.e.6355/click - {}
RESULT: {}
COMMAND: GET /session/e4ca631e3efb970409c1f6ae88247928/screenshot - {}
RESULT: {}
COMMAND: POST /session/e4ca631e3efb970409c1f6ae88247928/execute/sync - {"script":"<script> [299 bytes]","args":[["getModel","getResource"]]}
RESULT: {"script":"<script> [299 bytes]","args":[["getModel","getResource"]]}
COMMAND: GET /session/e4ca631e3efb970409c1f6ae88247928/screenshot - {}
]]></system-out>
    </testcase>
    <testcase classname="chrome.135_0_7049_115.windows.Create_master_data_for_mixed_billing_&amp;_do_billing_calculation_US151661" name="Should create a new partner" time="118.715">
      <system-out><![CDATA[
COMMAND: POST /session/e4ca631e3efb970409c1f6ae88247928/window/fullscreen - {}
RESULT: {}
RESULT: {}
COMMAND: POST /session/e4ca631e3efb970409c1f6ae88247928/execute/async - {"script":"<script> [1562 bytes]","args":[{"selector":{"controlType":"sap.m.GenericTile","properties":{"header":"Manage Partners"}},"wdio_ui5_key":"sapm.GenericTile{\"header\":\"Manage Partners\"}"}]}
RESULT: {"script":"<script> [1562 bytes]","args":[{"selector":{"controlType":"sap.m.GenericTile","properties":{"header":"Manage Partners"}},"wdio_ui5_key":"sapm.GenericTile{\"header\":\"Manage Partners\"}"}]}
RESULT: undefined
COMMAND: POST /session/e4ca631e3efb970409c1f6ae88247928/element - {"using":"xpath","value":"//*[@id=\"__tile38\"]"}
RESULT: {"using":"xpath","value":"//*[@id=\"__tile38\"]"}
COMMAND: POST /session/e4ca631e3efb970409c1f6ae88247928/element/f.C691F06ADA7EF9549F3769A53F800D74.d.A4E124C6FFBD801569F833A075EA4330.e.6241/click - {}
RESULT: {}
COMMAND: POST /session/e4ca631e3efb970409c1f6ae88247928/element - {"using":"xpath","value":"//button[@data-kt=\"addButton\"]"}
COMMAND: GET /session/e4ca631e3efb970409c1f6ae88247928/screenshot - {}
RESULT: {"using":"xpath","value":"//button[@data-kt=\"addButton\"]"}
COMMAND: POST /session/e4ca631e3efb970409c1f6ae88247928/elements - {"using":"xpath","value":"//button[@data-kt=\"addButton\"]"}
RESULT: {}
RESULT: {"using":"xpath","value":"//button[@data-kt=\"addButton\"]"}
COMMAND: POST /session/e4ca631e3efb970409c1f6ae88247928/elements - {"using":"xpath","value":"//button[@data-kt=\"addButton\"]"}
RESULT: {"using":"xpath","value":"//button[@data-kt=\"addButton\"]"}
COMMAND: POST /session/e4ca631e3efb970409c1f6ae88247928/elements - {"using":"xpath","value":"//button[@data-kt=\"addButton\"]"}
RESULT: {"using":"xpath","value":"//button[@data-kt=\"addButton\"]"}
COMMAND: POST /session/e4ca631e3efb970409c1f6ae88247928/elements - {"using":"xpath","value":"//button[@data-kt=\"addButton\"]"}
RESULT: {"using":"xpath","value":"//button[@data-kt=\"addButton\"]"}
COMMAND: POST /session/e4ca631e3efb970409c1f6ae88247928/elements - {"using":"xpath","value":"//button[@data-kt=\"addButton\"]"}
RESULT: {"using":"xpath","value":"//button[@data-kt=\"addButton\"]"}
COMMAND: POST /session/e4ca631e3efb970409c1f6ae88247928/elements - {"using":"xpath","value":"//button[@data-kt=\"addButton\"]"}
RESULT: {"using":"xpath","value":"//button[@data-kt=\"addButton\"]"}
COMMAND: POST /session/e4ca631e3efb970409c1f6ae88247928/elements - {"using":"xpath","value":"//button[@data-kt=\"addButton\"]"}
RESULT: {"using":"xpath","value":"//button[@data-kt=\"addButton\"]"}
COMMAND: POST /session/e4ca631e3efb970409c1f6ae88247928/elements - {"using":"xpath","value":"//button[@data-kt=\"addButton\"]"}
RESULT: {"using":"xpath","value":"//button[@data-kt=\"addButton\"]"}
COMMAND: POST /session/e4ca631e3efb970409c1f6ae88247928/elements - {"using":"xpath","value":"//button[@data-kt=\"addButton\"]"}
RESULT: {"using":"xpath","value":"//button[@data-kt=\"addButton\"]"}
COMMAND: POST /session/e4ca631e3efb970409c1f6ae88247928/elements - {"using":"xpath","value":"//button[@data-kt=\"addButton\"]"}
RESULT: {"using":"xpath","value":"//button[@data-kt=\"addButton\"]"}
COMMAND: POST /session/e4ca631e3efb970409c1f6ae88247928/elements - {"using":"xpath","value":"//button[@data-kt=\"addButton\"]"}
RESULT: {"using":"xpath","value":"//button[@data-kt=\"addButton\"]"}
COMMAND: POST /session/e4ca631e3efb970409c1f6ae88247928/element - {"using":"xpath","value":"//button[@data-kt=\"addButton\"]"}
RESULT: {"using":"xpath","value":"//button[@data-kt=\"addButton\"]"}
COMMAND: POST /session/e4ca631e3efb970409c1f6ae88247928/execute/sync - {"script":"<script> [8489 bytes]","args":[{"element-6066-11e4-a52e-4f735466cecf":"f.C691F06ADA7EF9549F3769A53F800D74.d.A4E124C6FFBD801569F833A075EA4330.e.7138","ELEMENT":"f.C691F06ADA7EF9549F3769A53F800D74.d.A4E124C6FFBD801569F833A075EA4330.e.7138"}]}
RESULT: {"script":"<script> [8489 bytes]","args":[{"element-6066-11e4-a52e-4f735466cecf":"f.C691F06ADA7EF9549F3769A53F800D74.d.A4E124C6FFBD801569F833A075EA4330.e.7138","ELEMENT":"f.C691F06ADA7EF9549F3769A53F800D74.d.A4E124C6FFBD801569F833A075EA4330.e.7138"}]}
COMMAND: GET /session/e4ca631e3efb970409c1f6ae88247928/element/f.C691F06ADA7EF9549F3769A53F800D74.d.A4E124C6FFBD801569F833A075EA4330.e.7138/enabled - {}
COMMAND: GET /session/e4ca631e3efb970409c1f6ae88247928/screenshot - {}
RESULT: {}
COMMAND: POST /session/e4ca631e3efb970409c1f6ae88247928/execute/sync - {"script":"<script> [8489 bytes]","args":[{"element-6066-11e4-a52e-4f735466cecf":"f.C691F06ADA7EF9549F3769A53F800D74.d.A4E124C6FFBD801569F833A075EA4330.e.7138","ELEMENT":"f.C691F06ADA7EF9549F3769A53F800D74.d.A4E124C6FFBD801569F833A075EA4330.e.7138"}]}
COMMAND: GET /session/e4ca631e3efb970409c1f6ae88247928/screenshot - {}
RESULT: {}
RESULT: {"script":"<script> [8489 bytes]","args":[{"element-6066-11e4-a52e-4f735466cecf":"f.C691F06ADA7EF9549F3769A53F800D74.d.A4E124C6FFBD801569F833A075EA4330.e.7138","ELEMENT":"f.C691F06ADA7EF9549F3769A53F800D74.d.A4E124C6FFBD801569F833A075EA4330.e.7138"}]}
COMMAND: POST /session/e4ca631e3efb970409c1f6ae88247928/execute/sync - {"script":"<script> [5351 bytes]","args":[{"element-6066-11e4-a52e-4f735466cecf":"f.C691F06ADA7EF9549F3769A53F800D74.d.A4E124C6FFBD801569F833A075EA4330.e.7138","ELEMENT":"f.C691F06ADA7EF9549F3769A53F800D74.d.A4E124C6FFBD801569F833A075EA4330.e.7138"}]}
COMMAND: GET /session/e4ca631e3efb970409c1f6ae88247928/screenshot - {}
RESULT: {}
RESULT: {}
RESULT: {"script":"<script> [5351 bytes]","args":[{"element-6066-11e4-a52e-4f735466cecf":"f.C691F06ADA7EF9549F3769A53F800D74.d.A4E124C6FFBD801569F833A075EA4330.e.7138","ELEMENT":"f.C691F06ADA7EF9549F3769A53F800D74.d.A4E124C6FFBD801569F833A075EA4330.e.7138"}]}
COMMAND: POST /session/e4ca631e3efb970409c1f6ae88247928/element/f.C691F06ADA7EF9549F3769A53F800D74.d.A4E124C6FFBD801569F833A075EA4330.e.7138/click - {}
COMMAND: GET /session/e4ca631e3efb970409c1f6ae88247928/screenshot - {}
RESULT: {}
COMMAND: GET /session/e4ca631e3efb970409c1f6ae88247928/screenshot - {}
COMMAND: POST /session/e4ca631e3efb970409c1f6ae88247928/execute/async - {"script":"<script> [1562 bytes]","args":[{"selector":{"id":"application-managepartners-display-component---NewPartner--addressDetailDetailsName1","interaction":{"idSuffix":"inner"}},"wdio_ui5_key":"applicationmanagepartners-display-component---NewPartner--addressDetailDetailsName1"}]}
RESULT: {}
RESULT: {}
RESULT: {"script":"<script> [1562 bytes]","args":[{"selector":{"id":"application-managepartners-display-component---NewPartner--addressDetailDetailsName1","interaction":{"idSuffix":"inner"}},"wdio_ui5_key":"applicationmanagepartners-display-component---NewPartner--addressDetailDetailsName1"}]}
RESULT: undefined
COMMAND: POST /session/e4ca631e3efb970409c1f6ae88247928/execute/async - {"script":"<script> [776 bytes]","args":[{"enterText":"Intercompany Partner WDIO","selector":{"id":"application-managepartners-display-component---NewPartner--addressDetailDetailsName1","interaction":{"idSuffix":"inner"}},"clearTextFirst":true,"interactionType":"ENTER_TEXT"}]}
RESULT: {"script":"<script> [776 bytes]","args":[{"enterText":"Intercompany Partner WDIO","selector":{"id":"application-managepartners-display-component---NewPartner--addressDetailDetailsName1","interaction":{"idSuffix":"inner"}},"clearTextFirst":true,"interactionType":"ENTER_TEXT"}]}
COMMAND: POST /session/e4ca631e3efb970409c1f6ae88247928/execute/async - {"script":"<script> [1562 bytes]","args":[{"selector":{"id":"application-managepartners-display-component---NewPartner--addressDetailDetailsLanguage-arrow"},"wdio_ui5_key":"applicationmanagepartners-display-component---NewPartner--addressDetailDetailsLanguage-arrow"}]}
RESULT: {"script":"<script> [1562 bytes]","args":[{"selector":{"id":"application-managepartners-display-component---NewPartner--addressDetailDetailsLanguage-arrow"},"wdio_ui5_key":"applicationmanagepartners-display-component---NewPartner--addressDetailDetailsLanguage-arrow"}]}
RESULT: undefined
COMMAND: POST /session/e4ca631e3efb970409c1f6ae88247928/element - {"using":"xpath","value":"//*[@id=\"application-managepartners-display-component---NewPartner--addressDetailDetailsLanguage-arrow\"]"}
RESULT: {"using":"xpath","value":"//*[@id=\"application-managepartners-display-component---NewPartner--addressDetailDetailsLanguage-arrow\"]"}
COMMAND: POST /session/e4ca631e3efb970409c1f6ae88247928/element/f.C691F06ADA7EF9549F3769A53F800D74.d.A4E124C6FFBD801569F833A075EA4330.e.7592/click - {}
RESULT: {}
COMMAND: POST /session/e4ca631e3efb970409c1f6ae88247928/element - {"using":"xpath","value":"//span[contains(text(), \"English\")]"}
COMMAND: GET /session/e4ca631e3efb970409c1f6ae88247928/screenshot - {}
RESULT: {"using":"xpath","value":"//span[contains(text(), \"English\")]"}
COMMAND: POST /session/e4ca631e3efb970409c1f6ae88247928/element/f.C691F06ADA7EF9549F3769A53F800D74.d.A4E124C6FFBD801569F833A075EA4330.e.7593/click - {}
RESULT: {}
RESULT: {}
COMMAND: GET /session/e4ca631e3efb970409c1f6ae88247928/screenshot - {}
RESULT: {}
COMMAND: POST /session/e4ca631e3efb970409c1f6ae88247928/execute/async - {"script":"<script> [1562 bytes]","args":[{"selector":{"id":"application-managepartners-display-component---NewPartner--addressDetailDetailsCity1","interaction":{"idSuffix":"inner"}},"wdio_ui5_key":"applicationmanagepartners-display-component---NewPartner--addressDetailDetailsCity1"}]}
RESULT: {"script":"<script> [1562 bytes]","args":[{"selector":{"id":"application-managepartners-display-component---NewPartner--addressDetailDetailsCity1","interaction":{"idSuffix":"inner"}},"wdio_ui5_key":"applicationmanagepartners-display-component---NewPartner--addressDetailDetailsCity1"}]}
RESULT: undefined
COMMAND: POST /session/e4ca631e3efb970409c1f6ae88247928/execute/async - {"script":"<script> [776 bytes]","args":[{"enterText":"Rosario","selector":{"id":"application-managepartners-display-component---NewPartner--addressDetailDetailsCity1","interaction":{"idSuffix":"inner"}},"clearTextFirst":true,"interactionType":"ENTER_TEXT"}]}
RESULT: {"script":"<script> [776 bytes]","args":[{"enterText":"Rosario","selector":{"id":"application-managepartners-display-component---NewPartner--addressDetailDetailsCity1","interaction":{"idSuffix":"inner"}},"clearTextFirst":true,"interactionType":"ENTER_TEXT"}]}
COMMAND: POST /session/e4ca631e3efb970409c1f6ae88247928/execute/async - {"script":"<script> [1562 bytes]","args":[{"selector":{"id":"application-managepartners-display-component---NewPartner--addressDetailDetailsCountry-arrow"},"wdio_ui5_key":"applicationmanagepartners-display-component---NewPartner--addressDetailDetailsCountry-arrow"}]}
RESULT: {"script":"<script> [1562 bytes]","args":[{"selector":{"id":"application-managepartners-display-component---NewPartner--addressDetailDetailsCountry-arrow"},"wdio_ui5_key":"applicationmanagepartners-display-component---NewPartner--addressDetailDetailsCountry-arrow"}]}
RESULT: undefined
COMMAND: POST /session/e4ca631e3efb970409c1f6ae88247928/element - {"using":"xpath","value":"//*[@id=\"application-managepartners-display-component---NewPartner--addressDetailDetailsCountry-arrow\"]"}
RESULT: {"using":"xpath","value":"//*[@id=\"application-managepartners-display-component---NewPartner--addressDetailDetailsCountry-arrow\"]"}
COMMAND: POST /session/e4ca631e3efb970409c1f6ae88247928/element/f.C691F06ADA7EF9549F3769A53F800D74.d.A4E124C6FFBD801569F833A075EA4330.e.7579/click - {}
RESULT: {}
COMMAND: POST /session/e4ca631e3efb970409c1f6ae88247928/element - {"using":"xpath","value":"//span[contains(text(), \"Argentina\")]"}
COMMAND: GET /session/e4ca631e3efb970409c1f6ae88247928/screenshot - {}
RESULT: {"using":"xpath","value":"//span[contains(text(), \"Argentina\")]"}
COMMAND: POST /session/e4ca631e3efb970409c1f6ae88247928/element/f.C691F06ADA7EF9549F3769A53F800D74.d.A4E124C6FFBD801569F833A075EA4330.e.7595/click - {}
RESULT: {}
RESULT: {}
COMMAND: GET /session/e4ca631e3efb970409c1f6ae88247928/screenshot - {}
RESULT: {}
COMMAND: POST /session/e4ca631e3efb970409c1f6ae88247928/element - {"using":"xpath","value":"//bdi[contains(text(), \"Commercial\")]"}
RESULT: {"using":"xpath","value":"//bdi[contains(text(), \"Commercial\")]"}
COMMAND: POST /session/e4ca631e3efb970409c1f6ae88247928/element/f.C691F06ADA7EF9549F3769A53F800D74.d.A4E124C6FFBD801569F833A075EA4330.e.7596/click - {}
RESULT: {}
COMMAND: GET /session/e4ca631e3efb970409c1f6ae88247928/screenshot - {}
RESULT: {}
COMMAND: POST /session/e4ca631e3efb970409c1f6ae88247928/execute/async - {"script":"<script> [1562 bytes]","args":[{"selector":{"id":"application-managepartners-display-component---NewPartner--partnerDetailInternal-arrow"},"wdio_ui5_key":"applicationmanagepartners-display-component---NewPartner--partnerDetailInternal-arrow"}]}
RESULT: {"script":"<script> [1562 bytes]","args":[{"selector":{"id":"application-managepartners-display-component---NewPartner--partnerDetailInternal-arrow"},"wdio_ui5_key":"applicationmanagepartners-display-component---NewPartner--partnerDetailInternal-arrow"}]}
RESULT: undefined
COMMAND: POST /session/e4ca631e3efb970409c1f6ae88247928/element - {"using":"xpath","value":"//*[@id=\"application-managepartners-display-component---NewPartner--partnerDetailInternal-arrow\"]"}
RESULT: {"using":"xpath","value":"//*[@id=\"application-managepartners-display-component---NewPartner--partnerDetailInternal-arrow\"]"}
COMMAND: POST /session/e4ca631e3efb970409c1f6ae88247928/element/f.C691F06ADA7EF9549F3769A53F800D74.d.A4E124C6FFBD801569F833A075EA4330.e.7602/click - {}
RESULT: {}
COMMAND: POST /session/e4ca631e3efb970409c1f6ae88247928/element - {"using":"xpath","value":"//span[contains(text(), \"Affiliated company\")]"}
COMMAND: GET /session/e4ca631e3efb970409c1f6ae88247928/screenshot - {}
RESULT: {"using":"xpath","value":"//span[contains(text(), \"Affiliated company\")]"}
COMMAND: POST /session/e4ca631e3efb970409c1f6ae88247928/element/f.C691F06ADA7EF9549F3769A53F800D74.d.A4E124C6FFBD801569F833A075EA4330.e.7603/click - {}
RESULT: {}
RESULT: {}
COMMAND: POST /session/e4ca631e3efb970409c1f6ae88247928/execute/async - {"script":"<script> [1562 bytes]","args":[{"selector":{"id":"application-managepartners-display-component---NewPartner--partnerDetailsCurrency-arrow"},"wdio_ui5_key":"applicationmanagepartners-display-component---NewPartner--partnerDetailsCurrency-arrow"}]}
COMMAND: GET /session/e4ca631e3efb970409c1f6ae88247928/screenshot - {}
RESULT: {"script":"<script> [1562 bytes]","args":[{"selector":{"id":"application-managepartners-display-component---NewPartner--partnerDetailsCurrency-arrow"},"wdio_ui5_key":"applicationmanagepartners-display-component---NewPartner--partnerDetailsCurrency-arrow"}]}
RESULT: undefined
COMMAND: POST /session/e4ca631e3efb970409c1f6ae88247928/element - {"using":"xpath","value":"//*[@id=\"application-managepartners-display-component---NewPartner--partnerDetailsCurrency-arrow\"]"}
RESULT: {}
RESULT: {"using":"xpath","value":"//*[@id=\"application-managepartners-display-component---NewPartner--partnerDetailsCurrency-arrow\"]"}
COMMAND: POST /session/e4ca631e3efb970409c1f6ae88247928/element/f.C691F06ADA7EF9549F3769A53F800D74.d.A4E124C6FFBD801569F833A075EA4330.e.7610/click - {}
RESULT: {}
COMMAND: POST /session/e4ca631e3efb970409c1f6ae88247928/element - {"using":"xpath","value":"//span[contains(text(), \"Euro\")]"}
COMMAND: GET /session/e4ca631e3efb970409c1f6ae88247928/screenshot - {}
RESULT: {"using":"xpath","value":"//span[contains(text(), \"Euro\")]"}
COMMAND: POST /session/e4ca631e3efb970409c1f6ae88247928/element/f.C691F06ADA7EF9549F3769A53F800D74.d.A4E124C6FFBD801569F833A075EA4330.e.7611/click - {}
RESULT: {}
RESULT: {}
COMMAND: POST /session/e4ca631e3efb970409c1f6ae88247928/execute/async - {"script":"<script> [1562 bytes]","args":[{"selector":{"id":"application-managepartners-display-component---NewPartner--addressEditDetailsCostObjectCstType-arrow"},"wdio_ui5_key":"applicationmanagepartners-display-component---NewPartner--addressEditDetailsCostObjectCstType-arrow"}]}
COMMAND: GET /session/e4ca631e3efb970409c1f6ae88247928/screenshot - {}
RESULT: {"script":"<script> [1562 bytes]","args":[{"selector":{"id":"application-managepartners-display-component---NewPartner--addressEditDetailsCostObjectCstType-arrow"},"wdio_ui5_key":"applicationmanagepartners-display-component---NewPartner--addressEditDetailsCostObjectCstType-arrow"}]}
RESULT: undefined
COMMAND: POST /session/e4ca631e3efb970409c1f6ae88247928/element - {"using":"xpath","value":"//*[@id=\"application-managepartners-display-component---NewPartner--addressEditDetailsCostObjectCstType-arrow\"]"}
RESULT: {}
RESULT: {"using":"xpath","value":"//*[@id=\"application-managepartners-display-component---NewPartner--addressEditDetailsCostObjectCstType-arrow\"]"}
COMMAND: POST /session/e4ca631e3efb970409c1f6ae88247928/element/f.C691F06ADA7EF9549F3769A53F800D74.d.A4E124C6FFBD801569F833A075EA4330.e.7612/click - {}
RESULT: {}
COMMAND: POST /session/e4ca631e3efb970409c1f6ae88247928/element - {"using":"xpath","value":"//span[contains(text(), \"Cost Center\")]"}
COMMAND: GET /session/e4ca631e3efb970409c1f6ae88247928/screenshot - {}
RESULT: {"using":"xpath","value":"//span[contains(text(), \"Cost Center\")]"}
COMMAND: POST /session/e4ca631e3efb970409c1f6ae88247928/element/f.C691F06ADA7EF9549F3769A53F800D74.d.A4E124C6FFBD801569F833A075EA4330.e.7613/click - {}
RESULT: {}
RESULT: {}
COMMAND: GET /session/e4ca631e3efb970409c1f6ae88247928/screenshot - {}
RESULT: {}
COMMAND: POST /session/e4ca631e3efb970409c1f6ae88247928/element - {"using":"xpath","value":"//span[@id=\"application-managepartners-display-component---NewPartner--addressNewCostObjectCstID-vhi\"]"}
RESULT: {"using":"xpath","value":"//span[@id=\"application-managepartners-display-component---NewPartner--addressNewCostObjectCstID-vhi\"]"}
COMMAND: POST /session/e4ca631e3efb970409c1f6ae88247928/execute/sync - {"script":"<script> [8489 bytes]","args":[{"element-6066-11e4-a52e-4f735466cecf":"f.C691F06ADA7EF9549F3769A53F800D74.d.A4E124C6FFBD801569F833A075EA4330.e.7617","ELEMENT":"f.C691F06ADA7EF9549F3769A53F800D74.d.A4E124C6FFBD801569F833A075EA4330.e.7617"}]}
RESULT: {"script":"<script> [8489 bytes]","args":[{"element-6066-11e4-a52e-4f735466cecf":"f.C691F06ADA7EF9549F3769A53F800D74.d.A4E124C6FFBD801569F833A075EA4330.e.7617","ELEMENT":"f.C691F06ADA7EF9549F3769A53F800D74.d.A4E124C6FFBD801569F833A075EA4330.e.7617"}]}
COMMAND: POST /session/e4ca631e3efb970409c1f6ae88247928/execute/async - {"script":"<script> [1562 bytes]","args":[{"selector":{"id":"application-managepartners-display-component---NewPartner--addressNewCostObjectCstID-vhi"},"wdio_ui5_key":"applicationmanagepartners-display-component---NewPartner--addressNewCostObjectCstID-vhi"}]}
COMMAND: GET /session/e4ca631e3efb970409c1f6ae88247928/screenshot - {}
RESULT: {"script":"<script> [1562 bytes]","args":[{"selector":{"id":"application-managepartners-display-component---NewPartner--addressNewCostObjectCstID-vhi"},"wdio_ui5_key":"applicationmanagepartners-display-component---NewPartner--addressNewCostObjectCstID-vhi"}]}
RESULT: undefined
COMMAND: POST /session/e4ca631e3efb970409c1f6ae88247928/element - {"using":"xpath","value":"//*[@id=\"application-managepartners-display-component---NewPartner--addressNewCostObjectCstID-vhi\"]"}
RESULT: {}
RESULT: {"using":"xpath","value":"//*[@id=\"application-managepartners-display-component---NewPartner--addressNewCostObjectCstID-vhi\"]"}
COMMAND: POST /session/e4ca631e3efb970409c1f6ae88247928/element/f.C691F06ADA7EF9549F3769A53F800D74.d.A4E124C6FFBD801569F833A075EA4330.e.7617/click - {}
RESULT: {}
COMMAND: GET /session/e4ca631e3efb970409c1f6ae88247928/screenshot - {}
RESULT: {}
RESULT: undefined
COMMAND: POST /session/e4ca631e3efb970409c1f6ae88247928/execute/async - {"script":"<script> [776 bytes]","args":[{"enterText":"10001013","selector":{"controlType":"sap.m.SearchField","properties":{"placeholder":"Search"},"searchOpenDialogs":true,"interaction":{"idSuffix":"I"}},"clearTextFirst":true,"interactionType":"ENTER_TEXT"}]}
RESULT: {"script":"<script> [776 bytes]","args":[{"enterText":"10001013","selector":{"controlType":"sap.m.SearchField","properties":{"placeholder":"Search"},"searchOpenDialogs":true,"interaction":{"idSuffix":"I"}},"clearTextFirst":true,"interactionType":"ENTER_TEXT"}]}
COMMAND: POST /session/e4ca631e3efb970409c1f6ae88247928/actions - {"actions":[{"id":"action21","type":"key","parameters":{},"actions":[{"type":"keyDown","value":"î€‡"},{"type":"pause","duration":10},{"type":"keyUp","value":"î€‡"}]}]}
RESULT: {"actions":[{"id":"action21","type":"key","parameters":{},"actions":[{"type":"keyDown","value":"î€‡"},{"type":"pause","duration":10},{"type":"keyUp","value":"î€‡"}]}]}
COMMAND: GET /session/e4ca631e3efb970409c1f6ae88247928/screenshot - {}
RESULT: {}
COMMAND: POST /session/e4ca631e3efb970409c1f6ae88247928/element - {"using":"xpath","value":"//span[contains(text(), \"General Management\")]"}
RESULT: {"using":"xpath","value":"//span[contains(text(), \"General Management\")]"}
COMMAND: POST /session/e4ca631e3efb970409c1f6ae88247928/element/f.C691F06ADA7EF9549F3769A53F800D74.d.A4E124C6FFBD801569F833A075EA4330.e.7656/click - {}
RESULT: {}
COMMAND: GET /session/e4ca631e3efb970409c1f6ae88247928/screenshot - {}
RESULT: {}
COMMAND: POST /session/e4ca631e3efb970409c1f6ae88247928/element - {"using":"xpath","value":"//bdi[contains(text(), \"OK\")]"}
RESULT: {"using":"xpath","value":"//bdi[contains(text(), \"OK\")]"}
COMMAND: POST /session/e4ca631e3efb970409c1f6ae88247928/element/f.C691F06ADA7EF9549F3769A53F800D74.d.A4E124C6FFBD801569F833A075EA4330.e.7657/click - {}
RESULT: {}
COMMAND: GET /session/e4ca631e3efb970409c1f6ae88247928/screenshot - {}
RESULT: {}
COMMAND: POST /session/e4ca631e3efb970409c1f6ae88247928/element - {"using":"xpath","value":"//input[@id=\"application-managepartners-display-component---NewPartner--companyCodeComboBox-inner\"]"}
RESULT: {"using":"xpath","value":"//input[@id=\"application-managepartners-display-component---NewPartner--companyCodeComboBox-inner\"]"}
COMMAND: POST /session/e4ca631e3efb970409c1f6ae88247928/element/f.C691F06ADA7EF9549F3769A53F800D74.d.A4E124C6FFBD801569F833A075EA4330.e.7450/clear - {}
RESULT: {}
COMMAND: POST /session/e4ca631e3efb970409c1f6ae88247928/element/f.C691F06ADA7EF9549F3769A53F800D74.d.A4E124C6FFBD801569F833A075EA4330.e.7450/value - {"text":"C002"}
COMMAND: GET /session/e4ca631e3efb970409c1f6ae88247928/screenshot - {}
RESULT: {"text":"C002"}
COMMAND: GET /session/e4ca631e3efb970409c1f6ae88247928/screenshot - {}
RESULT: {}
RESULT: {}
COMMAND: POST /session/e4ca631e3efb970409c1f6ae88247928/element - {"using":"xpath","value":"//li[.//span[text()= \"C002\"]]"}
RESULT: {"using":"xpath","value":"//li[.//span[text()= \"C002\"]]"}
COMMAND: POST /session/e4ca631e3efb970409c1f6ae88247928/element/f.C691F06ADA7EF9549F3769A53F800D74.d.A4E124C6FFBD801569F833A075EA4330.e.7663/click - {}
RESULT: {}
COMMAND: GET /session/e4ca631e3efb970409c1f6ae88247928/screenshot - {}
RESULT: {}
COMMAND: POST /session/e4ca631e3efb970409c1f6ae88247928/execute/async - {"script":"<script> [1562 bytes]","args":[{"selector":{"id":"application-managepartners-display-component---NewPartner--btnAddTableRow-img"},"wdio_ui5_key":"applicationmanagepartners-display-component---NewPartner--btnAddTableRow-img"}]}
RESULT: {"script":"<script> [1562 bytes]","args":[{"selector":{"id":"application-managepartners-display-component---NewPartner--btnAddTableRow-img"},"wdio_ui5_key":"applicationmanagepartners-display-component---NewPartner--btnAddTableRow-img"}]}
RESULT: undefined
COMMAND: POST /session/e4ca631e3efb970409c1f6ae88247928/element - {"using":"xpath","value":"//*[@id=\"application-managepartners-display-component---NewPartner--btnAddTableRow-img\"]"}
RESULT: {"using":"xpath","value":"//*[@id=\"application-managepartners-display-component---NewPartner--btnAddTableRow-img\"]"}
COMMAND: POST /session/e4ca631e3efb970409c1f6ae88247928/element/f.C691F06ADA7EF9549F3769A53F800D74.d.A4E124C6FFBD801569F833A075EA4330.e.7664/click - {}
RESULT: {}
COMMAND: GET /session/e4ca631e3efb970409c1f6ae88247928/screenshot - {}
RESULT: {}
COMMAND: POST /session/e4ca631e3efb970409c1f6ae88247928/element - {"using":"xpath","value":"//input[@id=\"application-managepartners-display-component---NewPartner--assignmentYard-application-managepartners-display-component---NewPartner--assignmentsTable-0-inner\"]"}
RESULT: {"using":"xpath","value":"//input[@id=\"application-managepartners-display-component---NewPartner--assignmentYard-application-managepartners-display-component---NewPartner--assignmentsTable-0-inner\"]"}
COMMAND: POST /session/e4ca631e3efb970409c1f6ae88247928/element/f.C691F06ADA7EF9549F3769A53F800D74.d.A4E124C6FFBD801569F833A075EA4330.e.7667/clear - {}
RESULT: {}
COMMAND: POST /session/e4ca631e3efb970409c1f6ae88247928/element/f.C691F06ADA7EF9549F3769A53F800D74.d.A4E124C6FFBD801569F833A075EA4330.e.7667/value - {"text":"669"}
COMMAND: GET /session/e4ca631e3efb970409c1f6ae88247928/screenshot - {}
RESULT: {"text":"669"}
COMMAND: GET /session/e4ca631e3efb970409c1f6ae88247928/screenshot - {}
RESULT: {}
RESULT: {}
COMMAND: POST /session/e4ca631e3efb970409c1f6ae88247928/element - {"using":"xpath","value":"//li[.//span[text()='669']]"}
RESULT: {"using":"xpath","value":"//li[.//span[text()='669']]"}
COMMAND: POST /session/e4ca631e3efb970409c1f6ae88247928/element/f.C691F06ADA7EF9549F3769A53F800D74.d.A4E124C6FFBD801569F833A075EA4330.e.7676/click - {}
RESULT: {}
COMMAND: GET /session/e4ca631e3efb970409c1f6ae88247928/screenshot - {}
RESULT: {}
COMMAND: POST /session/e4ca631e3efb970409c1f6ae88247928/actions - {"actions":[{"id":"action22","type":"key","parameters":{},"actions":[{"type":"keyDown","value":"î€‡"},{"type":"pause","duration":10},{"type":"keyUp","value":"î€‡"}]}]}
RESULT: {"actions":[{"id":"action22","type":"key","parameters":{},"actions":[{"type":"keyDown","value":"î€‡"},{"type":"pause","duration":10},{"type":"keyUp","value":"î€‡"}]}]}
COMMAND: POST /session/e4ca631e3efb970409c1f6ae88247928/execute/async - {"script":"<script> [1562 bytes]","args":[{"selector":{"id":"application-managepartners-display-component---NewPartner--externalCustomerComboBox-application-managepartners-display-component---NewPartner--assignmentsTable-0-vhi"},"wdio_ui5_key":"applicationmanagepartners-display-component---NewPartner--externalCustomerComboBox-application-managepartners-display-component---NewPartner--assignmentsTable-0-vhi"}]}
COMMAND: GET /session/e4ca631e3efb970409c1f6ae88247928/screenshot - {}
RESULT: {"script":"<script> [1562 bytes]","args":[{"selector":{"id":"application-managepartners-display-component---NewPartner--externalCustomerComboBox-application-managepartners-display-component---NewPartner--assignmentsTable-0-vhi"},"wdio_ui5_key":"applicationmanagepartners-display-component---NewPartner--externalCustomerComboBox-application-managepartners-display-component---NewPartner--assignmentsTable-0-vhi"}]}
RESULT: undefined
COMMAND: POST /session/e4ca631e3efb970409c1f6ae88247928/element - {"using":"xpath","value":"//*[@id=\"application-managepartners-display-component---NewPartner--externalCustomerComboBox-application-managepartners-display-component---NewPartner--assignmentsTable-0-vhi\"]"}
RESULT: {}
RESULT: {"using":"xpath","value":"//*[@id=\"application-managepartners-display-component---NewPartner--externalCustomerComboBox-application-managepartners-display-component---NewPartner--assignmentsTable-0-vhi\"]"}
COMMAND: POST /session/e4ca631e3efb970409c1f6ae88247928/element/f.C691F06ADA7EF9549F3769A53F800D74.d.A4E124C6FFBD801569F833A075EA4330.e.7680/click - {}
RESULT: {}
RESULT: undefined
COMMAND: POST /session/e4ca631e3efb970409c1f6ae88247928/execute/async - {"script":"<script> [776 bytes]","args":[{"enterText":"300003","selector":{"controlType":"sap.m.SearchField","properties":{"placeholder":"Search"},"searchOpenDialogs":true,"interaction":{"idSuffix":"I"}},"clearTextFirst":true,"interactionType":"ENTER_TEXT"}]}
COMMAND: GET /session/e4ca631e3efb970409c1f6ae88247928/screenshot - {}
RESULT: {}
RESULT: {"script":"<script> [776 bytes]","args":[{"enterText":"300003","selector":{"controlType":"sap.m.SearchField","properties":{"placeholder":"Search"},"searchOpenDialogs":true,"interaction":{"idSuffix":"I"}},"clearTextFirst":true,"interactionType":"ENTER_TEXT"}]}
COMMAND: POST /session/e4ca631e3efb970409c1f6ae88247928/actions - {"actions":[{"id":"action23","type":"key","parameters":{},"actions":[{"type":"keyDown","value":"î€‡"},{"type":"pause","duration":10},{"type":"keyUp","value":"î€‡"}]}]}
RESULT: {"actions":[{"id":"action23","type":"key","parameters":{},"actions":[{"type":"keyDown","value":"î€‡"},{"type":"pause","duration":10},{"type":"keyUp","value":"î€‡"}]}]}
COMMAND: GET /session/e4ca631e3efb970409c1f6ae88247928/screenshot - {}
RESULT: {}
COMMAND: POST /session/e4ca631e3efb970409c1f6ae88247928/element - {"using":"xpath","value":"//span[contains(text(), \"300003\")]"}
RESULT: {"using":"xpath","value":"//span[contains(text(), \"300003\")]"}
COMMAND: POST /session/e4ca631e3efb970409c1f6ae88247928/element/f.C691F06ADA7EF9549F3769A53F800D74.d.A4E124C6FFBD801569F833A075EA4330.e.7697/click - {}
RESULT: {}
COMMAND: GET /session/e4ca631e3efb970409c1f6ae88247928/screenshot - {}
RESULT: {}
COMMAND: POST /session/e4ca631e3efb970409c1f6ae88247928/element - {"using":"xpath","value":"//bdi[contains(text(), \"OK\")]"}
RESULT: {"using":"xpath","value":"//bdi[contains(text(), \"OK\")]"}
COMMAND: POST /session/e4ca631e3efb970409c1f6ae88247928/element/f.C691F06ADA7EF9549F3769A53F800D74.d.A4E124C6FFBD801569F833A075EA4330.e.7699/click - {}
RESULT: {}
COMMAND: GET /session/e4ca631e3efb970409c1f6ae88247928/screenshot - {}
RESULT: {}
COMMAND: POST /session/e4ca631e3efb970409c1f6ae88247928/execute/async - {"script":"<script> [1562 bytes]","args":[{"selector":{"id":"application-managepartners-display-component---NewPartner--intercompVendorComboBox-application-managepartners-display-component---NewPartner--assignmentsTable-0-vhi"},"wdio_ui5_key":"applicationmanagepartners-display-component---NewPartner--intercompVendorComboBox-application-managepartners-display-component---NewPartner--assignmentsTable-0-vhi"}]}
RESULT: {"script":"<script> [1562 bytes]","args":[{"selector":{"id":"application-managepartners-display-component---NewPartner--intercompVendorComboBox-application-managepartners-display-component---NewPartner--assignmentsTable-0-vhi"},"wdio_ui5_key":"applicationmanagepartners-display-component---NewPartner--intercompVendorComboBox-application-managepartners-display-component---NewPartner--assignmentsTable-0-vhi"}]}
RESULT: undefined
COMMAND: POST /session/e4ca631e3efb970409c1f6ae88247928/element - {"using":"xpath","value":"//*[@id=\"application-managepartners-display-component---NewPartner--intercompVendorComboBox-application-managepartners-display-component---NewPartner--assignmentsTable-0-vhi\"]"}
RESULT: {"using":"xpath","value":"//*[@id=\"application-managepartners-display-component---NewPartner--intercompVendorComboBox-application-managepartners-display-component---NewPartner--assignmentsTable-0-vhi\"]"}
COMMAND: POST /session/e4ca631e3efb970409c1f6ae88247928/element/f.C691F06ADA7EF9549F3769A53F800D74.d.A4E124C6FFBD801569F833A075EA4330.e.7703/click - {}
RESULT: {}
RESULT: undefined
COMMAND: POST /session/e4ca631e3efb970409c1f6ae88247928/execute/async - {"script":"<script> [776 bytes]","args":[{"enterText":"100005","selector":{"controlType":"sap.m.SearchField","properties":{"placeholder":"Search"},"searchOpenDialogs":true,"interaction":{"idSuffix":"I"}},"clearTextFirst":true,"interactionType":"ENTER_TEXT"}]}
COMMAND: GET /session/e4ca631e3efb970409c1f6ae88247928/screenshot - {}
RESULT: {"script":"<script> [776 bytes]","args":[{"enterText":"100005","selector":{"controlType":"sap.m.SearchField","properties":{"placeholder":"Search"},"searchOpenDialogs":true,"interaction":{"idSuffix":"I"}},"clearTextFirst":true,"interactionType":"ENTER_TEXT"}]}
COMMAND: POST /session/e4ca631e3efb970409c1f6ae88247928/actions - {"actions":[{"id":"action24","type":"key","parameters":{},"actions":[{"type":"keyDown","value":"î€‡"},{"type":"pause","duration":10},{"type":"keyUp","value":"î€‡"}]}]}
RESULT: {}
RESULT: {"actions":[{"id":"action24","type":"key","parameters":{},"actions":[{"type":"keyDown","value":"î€‡"},{"type":"pause","duration":10},{"type":"keyUp","value":"î€‡"}]}]}
COMMAND: GET /session/e4ca631e3efb970409c1f6ae88247928/screenshot - {}
RESULT: {}
COMMAND: POST /session/e4ca631e3efb970409c1f6ae88247928/element - {"using":"xpath","value":"//span[contains(text(), \"Penguins - Field/12345 Berlin\")]"}
RESULT: {"using":"xpath","value":"//span[contains(text(), \"Penguins - Field/12345 Berlin\")]"}
COMMAND: POST /session/e4ca631e3efb970409c1f6ae88247928/element/f.C691F06ADA7EF9549F3769A53F800D74.d.A4E124C6FFBD801569F833A075EA4330.e.7721/click - {}
RESULT: {}
COMMAND: GET /session/e4ca631e3efb970409c1f6ae88247928/screenshot - {}
RESULT: {}
COMMAND: POST /session/e4ca631e3efb970409c1f6ae88247928/element - {"using":"xpath","value":"//bdi[contains(text(), \"OK\")]"}
RESULT: {"using":"xpath","value":"//bdi[contains(text(), \"OK\")]"}
COMMAND: POST /session/e4ca631e3efb970409c1f6ae88247928/element/f.C691F06ADA7EF9549F3769A53F800D74.d.A4E124C6FFBD801569F833A075EA4330.e.7722/click - {}
RESULT: {}
COMMAND: GET /session/e4ca631e3efb970409c1f6ae88247928/screenshot - {}
RESULT: {}
COMMAND: POST /session/e4ca631e3efb970409c1f6ae88247928/element - {"using":"xpath","value":"//button[@data-kt=\"saveButton\"]"}
RESULT: {"using":"xpath","value":"//button[@data-kt=\"saveButton\"]"}
COMMAND: POST /session/e4ca631e3efb970409c1f6ae88247928/element/f.C691F06ADA7EF9549F3769A53F800D74.d.A4E124C6FFBD801569F833A075EA4330.e.7529/click - {}
RESULT: {}
COMMAND: GET /session/e4ca631e3efb970409c1f6ae88247928/screenshot - {}
RESULT: {}
COMMAND: POST /session/e4ca631e3efb970409c1f6ae88247928/element - {"using":"xpath","value":"//header[contains(@id, 'ObjectPageLayout-headerTitle')]/div[1]/div[2]/div[2]/span[1]"}
RESULT: {"using":"xpath","value":"//header[contains(@id, 'ObjectPageLayout-headerTitle')]/div[1]/div[2]/div[2]/span[1]"}
COMMAND: POST /session/e4ca631e3efb970409c1f6ae88247928/elements - {"using":"xpath","value":"//header[contains(@id, 'ObjectPageLayout-headerTitle')]/div[1]/div[2]/div[2]/span[1]"}
RESULT: {"using":"xpath","value":"//header[contains(@id, 'ObjectPageLayout-headerTitle')]/div[1]/div[2]/div[2]/span[1]"}
COMMAND: POST /session/e4ca631e3efb970409c1f6ae88247928/execute/sync - {"script":"<script> [56 bytes]","args":[{"element-6066-11e4-a52e-4f735466cecf":"f.C691F06ADA7EF9549F3769A53F800D74.d.A4E124C6FFBD801569F833A075EA4330.e.7887","ELEMENT":"f.C691F06ADA7EF9549F3769A53F800D74.d.A4E124C6FFBD801569F833A075EA4330.e.7887"}]}
RESULT: {"script":"<script> [56 bytes]","args":[{"element-6066-11e4-a52e-4f735466cecf":"f.C691F06ADA7EF9549F3769A53F800D74.d.A4E124C6FFBD801569F833A075EA4330.e.7887","ELEMENT":"f.C691F06ADA7EF9549F3769A53F800D74.d.A4E124C6FFBD801569F833A075EA4330.e.7887"}]}
COMMAND: POST /session/e4ca631e3efb970409c1f6ae88247928/element - {"using":"css selector","value":"#shell-header-logo"}
COMMAND: GET /session/e4ca631e3efb970409c1f6ae88247928/screenshot - {}
RESULT: {"using":"css selector","value":"#shell-header-logo"}
COMMAND: POST /session/e4ca631e3efb970409c1f6ae88247928/element/f.C691F06ADA7EF9549F3769A53F800D74.d.A4E124C6FFBD801569F833A075EA4330.e.7105/click - {}
RESULT: {}
RESULT: {}
COMMAND: GET /session/e4ca631e3efb970409c1f6ae88247928/screenshot - {}
RESULT: {}
COMMAND: POST /session/e4ca631e3efb970409c1f6ae88247928/execute/sync - {"script":"<script> [299 bytes]","args":[["getModel","getResource"]]}
RESULT: {"script":"<script> [299 bytes]","args":[["getModel","getResource"]]}
COMMAND: GET /session/e4ca631e3efb970409c1f6ae88247928/screenshot - {}
]]></system-out>
    </testcase>
    <testcase classname="chrome.135_0_7049_115.windows.Create_master_data_for_mixed_billing_&amp;_do_billing_calculation_US151661" name="Should create a new site" time="148.282">
      <system-out><![CDATA[
COMMAND: POST /session/e4ca631e3efb970409c1f6ae88247928/execute/async - {"script":"<script> [1562 bytes]","args":[{"selector":{"controlType":"sap.m.TileContent","bindingPath":{"path":"","propertyPath":"/properties/info"},"ancestor":{"controlType":"sap.m.GenericTile","properties":{"header":"Manage Sites"}}},"wdio_ui5_key":"sapm.TileContent{\"path\":\"\",\"propertyPath\":\"/properties/info\"}{\"controlType\":\"sap.m.GenericTile\",\"properties\":{\"header\":\"Manage Sites\"}}"}]}
RESULT: {}
RESULT: {"script":"<script> [1562 bytes]","args":[{"selector":{"controlType":"sap.m.TileContent","bindingPath":{"path":"","propertyPath":"/properties/info"},"ancestor":{"controlType":"sap.m.GenericTile","properties":{"header":"Manage Sites"}}},"wdio_ui5_key":"sapm.TileContent{\"path\":\"\",\"propertyPath\":\"/properties/info\"}{\"controlType\":\"sap.m.GenericTile\",\"properties\":{\"header\":\"Manage Sites\"}}"}]}
RESULT: undefined
COMMAND: POST /session/e4ca631e3efb970409c1f6ae88247928/element - {"using":"xpath","value":"//*[@id=\"__xmlview7--numericTileContent\"]"}
RESULT: {"using":"xpath","value":"//*[@id=\"__xmlview7--numericTileContent\"]"}
COMMAND: POST /session/e4ca631e3efb970409c1f6ae88247928/element/f.C691F06ADA7EF9549F3769A53F800D74.d.A4E124C6FFBD801569F833A075EA4330.e.7889/click - {}
RESULT: {}
COMMAND: POST /session/e4ca631e3efb970409c1f6ae88247928/element - {"using":"xpath","value":"//button[@data-kt=\"addOverflowToolbarButton\"]"}
COMMAND: GET /session/e4ca631e3efb970409c1f6ae88247928/screenshot - {}
RESULT: {"using":"xpath","value":"//button[@data-kt=\"addOverflowToolbarButton\"]"}
COMMAND: POST /session/e4ca631e3efb970409c1f6ae88247928/elements - {"using":"xpath","value":"//button[@data-kt=\"addOverflowToolbarButton\"]"}
RESULT: {}
RESULT: {"using":"xpath","value":"//button[@data-kt=\"addOverflowToolbarButton\"]"}
COMMAND: POST /session/e4ca631e3efb970409c1f6ae88247928/elements - {"using":"xpath","value":"//button[@data-kt=\"addOverflowToolbarButton\"]"}
RESULT: {"using":"xpath","value":"//button[@data-kt=\"addOverflowToolbarButton\"]"}
COMMAND: POST /session/e4ca631e3efb970409c1f6ae88247928/element - {"using":"xpath","value":"//button[@data-kt=\"addOverflowToolbarButton\"]"}
RESULT: {"using":"xpath","value":"//button[@data-kt=\"addOverflowToolbarButton\"]"}
COMMAND: POST /session/e4ca631e3efb970409c1f6ae88247928/execute/sync - {"script":"<script> [8489 bytes]","args":[{"element-6066-11e4-a52e-4f735466cecf":"f.C691F06ADA7EF9549F3769A53F800D74.d.A4E124C6FFBD801569F833A075EA4330.e.7928","ELEMENT":"f.C691F06ADA7EF9549F3769A53F800D74.d.A4E124C6FFBD801569F833A075EA4330.e.7928"}]}
RESULT: {"script":"<script> [8489 bytes]","args":[{"element-6066-11e4-a52e-4f735466cecf":"f.C691F06ADA7EF9549F3769A53F800D74.d.A4E124C6FFBD801569F833A075EA4330.e.7928","ELEMENT":"f.C691F06ADA7EF9549F3769A53F800D74.d.A4E124C6FFBD801569F833A075EA4330.e.7928"}]}
COMMAND: GET /session/e4ca631e3efb970409c1f6ae88247928/element/f.C691F06ADA7EF9549F3769A53F800D74.d.A4E124C6FFBD801569F833A075EA4330.e.7928/enabled - {}
COMMAND: GET /session/e4ca631e3efb970409c1f6ae88247928/screenshot - {}
RESULT: {}
COMMAND: POST /session/e4ca631e3efb970409c1f6ae88247928/execute/sync - {"script":"<script> [8489 bytes]","args":[{"element-6066-11e4-a52e-4f735466cecf":"f.C691F06ADA7EF9549F3769A53F800D74.d.A4E124C6FFBD801569F833A075EA4330.e.7928","ELEMENT":"f.C691F06ADA7EF9549F3769A53F800D74.d.A4E124C6FFBD801569F833A075EA4330.e.7928"}]}
COMMAND: GET /session/e4ca631e3efb970409c1f6ae88247928/screenshot - {}
RESULT: {}
RESULT: {"script":"<script> [8489 bytes]","args":[{"element-6066-11e4-a52e-4f735466cecf":"f.C691F06ADA7EF9549F3769A53F800D74.d.A4E124C6FFBD801569F833A075EA4330.e.7928","ELEMENT":"f.C691F06ADA7EF9549F3769A53F800D74.d.A4E124C6FFBD801569F833A075EA4330.e.7928"}]}
COMMAND: POST /session/e4ca631e3efb970409c1f6ae88247928/execute/sync - {"script":"<script> [5351 bytes]","args":[{"element-6066-11e4-a52e-4f735466cecf":"f.C691F06ADA7EF9549F3769A53F800D74.d.A4E124C6FFBD801569F833A075EA4330.e.7928","ELEMENT":"f.C691F06ADA7EF9549F3769A53F800D74.d.A4E124C6FFBD801569F833A075EA4330.e.7928"}]}
COMMAND: GET /session/e4ca631e3efb970409c1f6ae88247928/screenshot - {}
RESULT: {}
RESULT: {"script":"<script> [5351 bytes]","args":[{"element-6066-11e4-a52e-4f735466cecf":"f.C691F06ADA7EF9549F3769A53F800D74.d.A4E124C6FFBD801569F833A075EA4330.e.7928","ELEMENT":"f.C691F06ADA7EF9549F3769A53F800D74.d.A4E124C6FFBD801569F833A075EA4330.e.7928"}]}
COMMAND: POST /session/e4ca631e3efb970409c1f6ae88247928/element/f.C691F06ADA7EF9549F3769A53F800D74.d.A4E124C6FFBD801569F833A075EA4330.e.7928/click - {}
COMMAND: GET /session/e4ca631e3efb970409c1f6ae88247928/screenshot - {}
RESULT: {}
RESULT: {}
COMMAND: GET /session/e4ca631e3efb970409c1f6ae88247928/screenshot - {}
RESULT: {}
COMMAND: POST /session/e4ca631e3efb970409c1f6ae88247928/element - {"using":"xpath","value":"//input[@id=\"application-managesites-display-component---NewSite--siteId-inner\"]"}
RESULT: {}
RESULT: {"using":"xpath","value":"//input[@id=\"application-managesites-display-component---NewSite--siteId-inner\"]"}
COMMAND: POST /session/e4ca631e3efb970409c1f6ae88247928/element - {"using":"xpath","value":"//input[@id=\"application-managesites-display-component---NewSite--siteId-inner\"]"}
RESULT: {"using":"xpath","value":"//input[@id=\"application-managesites-display-component---NewSite--siteId-inner\"]"}
COMMAND: POST /session/e4ca631e3efb970409c1f6ae88247928/execute/async - {"script":"<script> [1562 bytes]","args":[{"selector":{"id":"application-managesites-display-component---NewSite--addressDetailDetailsName1","interaction":{"idSuffix":"inner"}},"wdio_ui5_key":"applicationmanagesites-display-component---NewSite--addressDetailDetailsName1"}]}
RESULT: {"script":"<script> [1562 bytes]","args":[{"selector":{"id":"application-managesites-display-component---NewSite--addressDetailDetailsName1","interaction":{"idSuffix":"inner"}},"wdio_ui5_key":"applicationmanagesites-display-component---NewSite--addressDetailDetailsName1"}]}
RESULT: undefined
COMMAND: POST /session/e4ca631e3efb970409c1f6ae88247928/execute/async - {"script":"<script> [776 bytes]","args":[{"enterText":"Intercompany Site wdIO","selector":{"id":"application-managesites-display-component---NewSite--addressDetailDetailsName1","interaction":{"idSuffix":"inner"}},"clearTextFirst":true,"interactionType":"ENTER_TEXT"}]}
RESULT: {"script":"<script> [776 bytes]","args":[{"enterText":"Intercompany Site wdIO","selector":{"id":"application-managesites-display-component---NewSite--addressDetailDetailsName1","interaction":{"idSuffix":"inner"}},"clearTextFirst":true,"interactionType":"ENTER_TEXT"}]}
COMMAND: POST /session/e4ca631e3efb970409c1f6ae88247928/execute/async - {"script":"<script> [1562 bytes]","args":[{"selector":{"id":"application-managesites-display-component---NewSite--addressDetailDetailsLanguage-arrow"},"wdio_ui5_key":"applicationmanagesites-display-component---NewSite--addressDetailDetailsLanguage-arrow"}]}
RESULT: {"script":"<script> [1562 bytes]","args":[{"selector":{"id":"application-managesites-display-component---NewSite--addressDetailDetailsLanguage-arrow"},"wdio_ui5_key":"applicationmanagesites-display-component---NewSite--addressDetailDetailsLanguage-arrow"}]}
RESULT: undefined
COMMAND: POST /session/e4ca631e3efb970409c1f6ae88247928/element - {"using":"xpath","value":"//*[@id=\"application-managesites-display-component---NewSite--addressDetailDetailsLanguage-arrow\"]"}
RESULT: {"using":"xpath","value":"//*[@id=\"application-managesites-display-component---NewSite--addressDetailDetailsLanguage-arrow\"]"}
COMMAND: POST /session/e4ca631e3efb970409c1f6ae88247928/element/f.C691F06ADA7EF9549F3769A53F800D74.d.A4E124C6FFBD801569F833A075EA4330.e.8395/click - {}
RESULT: {}
COMMAND: POST /session/e4ca631e3efb970409c1f6ae88247928/element - {"using":"xpath","value":"//span[contains(text(), \"English\")]"}
COMMAND: GET /session/e4ca631e3efb970409c1f6ae88247928/screenshot - {}
RESULT: {"using":"xpath","value":"//span[contains(text(), \"English\")]"}
COMMAND: POST /session/e4ca631e3efb970409c1f6ae88247928/element/f.C691F06ADA7EF9549F3769A53F800D74.d.A4E124C6FFBD801569F833A075EA4330.e.8396/click - {}
RESULT: {}
RESULT: {}
COMMAND: POST /session/e4ca631e3efb970409c1f6ae88247928/execute/async - {"script":"<script> [1562 bytes]","args":[{"selector":{"id":"application-managesites-display-component---NewSite--addressDetailDetailsCity1","interaction":{"idSuffix":"inner"}},"wdio_ui5_key":"applicationmanagesites-display-component---NewSite--addressDetailDetailsCity1"}]}
COMMAND: GET /session/e4ca631e3efb970409c1f6ae88247928/screenshot - {}
RESULT: {"script":"<script> [1562 bytes]","args":[{"selector":{"id":"application-managesites-display-component---NewSite--addressDetailDetailsCity1","interaction":{"idSuffix":"inner"}},"wdio_ui5_key":"applicationmanagesites-display-component---NewSite--addressDetailDetailsCity1"}]}
RESULT: undefined
COMMAND: POST /session/e4ca631e3efb970409c1f6ae88247928/execute/async - {"script":"<script> [776 bytes]","args":[{"enterText":"Rosario","selector":{"id":"application-managesites-display-component---NewSite--addressDetailDetailsCity1","interaction":{"idSuffix":"inner"}},"clearTextFirst":true,"interactionType":"ENTER_TEXT"}]}
RESULT: {}
RESULT: {"script":"<script> [776 bytes]","args":[{"enterText":"Rosario","selector":{"id":"application-managesites-display-component---NewSite--addressDetailDetailsCity1","interaction":{"idSuffix":"inner"}},"clearTextFirst":true,"interactionType":"ENTER_TEXT"}]}
COMMAND: POST /session/e4ca631e3efb970409c1f6ae88247928/execute/async - {"script":"<script> [1562 bytes]","args":[{"selector":{"id":"application-managesites-display-component---NewSite--addressDetailDetailsCountry-arrow"},"wdio_ui5_key":"applicationmanagesites-display-component---NewSite--addressDetailDetailsCountry-arrow"}]}
RESULT: {"script":"<script> [1562 bytes]","args":[{"selector":{"id":"application-managesites-display-component---NewSite--addressDetailDetailsCountry-arrow"},"wdio_ui5_key":"applicationmanagesites-display-component---NewSite--addressDetailDetailsCountry-arrow"}]}
RESULT: undefined
COMMAND: POST /session/e4ca631e3efb970409c1f6ae88247928/element - {"using":"xpath","value":"//*[@id=\"application-managesites-display-component---NewSite--addressDetailDetailsCountry-arrow\"]"}
RESULT: {"using":"xpath","value":"//*[@id=\"application-managesites-display-component---NewSite--addressDetailDetailsCountry-arrow\"]"}
COMMAND: POST /session/e4ca631e3efb970409c1f6ae88247928/element/f.C691F06ADA7EF9549F3769A53F800D74.d.A4E124C6FFBD801569F833A075EA4330.e.8398/click - {}
RESULT: {}
COMMAND: POST /session/e4ca631e3efb970409c1f6ae88247928/element - {"using":"xpath","value":"//span[contains(text(), \"Argentina\")]"}
COMMAND: GET /session/e4ca631e3efb970409c1f6ae88247928/screenshot - {}
RESULT: {"using":"xpath","value":"//span[contains(text(), \"Argentina\")]"}
COMMAND: POST /session/e4ca631e3efb970409c1f6ae88247928/element/f.C691F06ADA7EF9549F3769A53F800D74.d.A4E124C6FFBD801569F833A075EA4330.e.8400/click - {}
RESULT: {}
RESULT: {}
COMMAND: GET /session/e4ca631e3efb970409c1f6ae88247928/screenshot - {}
RESULT: {}
COMMAND: POST /session/e4ca631e3efb970409c1f6ae88247928/execute/async - {"script":"<script> [1562 bytes]","args":[{"selector":{"id":"application-managesites-display-component---NewSite--addressEditDetailsCostObjectCstType-arrow"},"wdio_ui5_key":"applicationmanagesites-display-component---NewSite--addressEditDetailsCostObjectCstType-arrow"}]}
RESULT: {"script":"<script> [1562 bytes]","args":[{"selector":{"id":"application-managesites-display-component---NewSite--addressEditDetailsCostObjectCstType-arrow"},"wdio_ui5_key":"applicationmanagesites-display-component---NewSite--addressEditDetailsCostObjectCstType-arrow"}]}
RESULT: undefined
COMMAND: POST /session/e4ca631e3efb970409c1f6ae88247928/element - {"using":"xpath","value":"//*[@id=\"application-managesites-display-component---NewSite--addressEditDetailsCostObjectCstType-arrow\"]"}
RESULT: {"using":"xpath","value":"//*[@id=\"application-managesites-display-component---NewSite--addressEditDetailsCostObjectCstType-arrow\"]"}
COMMAND: POST /session/e4ca631e3efb970409c1f6ae88247928/element/f.C691F06ADA7EF9549F3769A53F800D74.d.A4E124C6FFBD801569F833A075EA4330.e.8401/click - {}
RESULT: {}
COMMAND: POST /session/e4ca631e3efb970409c1f6ae88247928/element - {"using":"xpath","value":"//span[contains(text(), \"Cost Center\")]"}
COMMAND: GET /session/e4ca631e3efb970409c1f6ae88247928/screenshot - {}
RESULT: {"using":"xpath","value":"//span[contains(text(), \"Cost Center\")]"}
COMMAND: POST /session/e4ca631e3efb970409c1f6ae88247928/element/f.C691F06ADA7EF9549F3769A53F800D74.d.A4E124C6FFBD801569F833A075EA4330.e.8402/click - {}
RESULT: {}
RESULT: {}
COMMAND: GET /session/e4ca631e3efb970409c1f6ae88247928/screenshot - {}
RESULT: {}
COMMAND: POST /session/e4ca631e3efb970409c1f6ae88247928/element - {"using":"xpath","value":"//span[@id=\"application-managesites-display-component---NewSite--addressNewCostObjectCstID-vhi\"]"}
RESULT: {"using":"xpath","value":"//span[@id=\"application-managesites-display-component---NewSite--addressNewCostObjectCstID-vhi\"]"}
COMMAND: POST /session/e4ca631e3efb970409c1f6ae88247928/execute/sync - {"script":"<script> [8489 bytes]","args":[{"element-6066-11e4-a52e-4f735466cecf":"f.C691F06ADA7EF9549F3769A53F800D74.d.A4E124C6FFBD801569F833A075EA4330.e.8407","ELEMENT":"f.C691F06ADA7EF9549F3769A53F800D74.d.A4E124C6FFBD801569F833A075EA4330.e.8407"}]}
RESULT: {"script":"<script> [8489 bytes]","args":[{"element-6066-11e4-a52e-4f735466cecf":"f.C691F06ADA7EF9549F3769A53F800D74.d.A4E124C6FFBD801569F833A075EA4330.e.8407","ELEMENT":"f.C691F06ADA7EF9549F3769A53F800D74.d.A4E124C6FFBD801569F833A075EA4330.e.8407"}]}
COMMAND: POST /session/e4ca631e3efb970409c1f6ae88247928/execute/async - {"script":"<script> [1562 bytes]","args":[{"selector":{"id":"application-managesites-display-component---NewSite--addressNewCostObjectCstID-vhi"},"wdio_ui5_key":"applicationmanagesites-display-component---NewSite--addressNewCostObjectCstID-vhi"}]}
COMMAND: GET /session/e4ca631e3efb970409c1f6ae88247928/screenshot - {}
RESULT: {"script":"<script> [1562 bytes]","args":[{"selector":{"id":"application-managesites-display-component---NewSite--addressNewCostObjectCstID-vhi"},"wdio_ui5_key":"applicationmanagesites-display-component---NewSite--addressNewCostObjectCstID-vhi"}]}
RESULT: undefined
COMMAND: POST /session/e4ca631e3efb970409c1f6ae88247928/element - {"using":"xpath","value":"//*[@id=\"application-managesites-display-component---NewSite--addressNewCostObjectCstID-vhi\"]"}
RESULT: {}
RESULT: {"using":"xpath","value":"//*[@id=\"application-managesites-display-component---NewSite--addressNewCostObjectCstID-vhi\"]"}
COMMAND: POST /session/e4ca631e3efb970409c1f6ae88247928/element/f.C691F06ADA7EF9549F3769A53F800D74.d.A4E124C6FFBD801569F833A075EA4330.e.8407/click - {}
RESULT: {}
COMMAND: GET /session/e4ca631e3efb970409c1f6ae88247928/screenshot - {}
RESULT: {}
RESULT: undefined
COMMAND: POST /session/e4ca631e3efb970409c1f6ae88247928/execute/async - {"script":"<script> [776 bytes]","args":[{"enterText":"10001013","selector":{"controlType":"sap.m.SearchField","properties":{"placeholder":"Search"},"searchOpenDialogs":true,"interaction":{"idSuffix":"I"}},"clearTextFirst":true,"interactionType":"ENTER_TEXT"}]}
RESULT: {"script":"<script> [776 bytes]","args":[{"enterText":"10001013","selector":{"controlType":"sap.m.SearchField","properties":{"placeholder":"Search"},"searchOpenDialogs":true,"interaction":{"idSuffix":"I"}},"clearTextFirst":true,"interactionType":"ENTER_TEXT"}]}
COMMAND: POST /session/e4ca631e3efb970409c1f6ae88247928/actions - {"actions":[{"id":"action25","type":"key","parameters":{},"actions":[{"type":"keyDown","value":"î€‡"},{"type":"pause","duration":10},{"type":"keyUp","value":"î€‡"}]}]}
RESULT: {"actions":[{"id":"action25","type":"key","parameters":{},"actions":[{"type":"keyDown","value":"î€‡"},{"type":"pause","duration":10},{"type":"keyUp","value":"î€‡"}]}]}
COMMAND: GET /session/e4ca631e3efb970409c1f6ae88247928/screenshot - {}
RESULT: {}
COMMAND: POST /session/e4ca631e3efb970409c1f6ae88247928/element - {"using":"xpath","value":"//span[contains(text(), \"General Management\")]"}
RESULT: {"using":"xpath","value":"//span[contains(text(), \"General Management\")]"}
COMMAND: POST /session/e4ca631e3efb970409c1f6ae88247928/element/f.C691F06ADA7EF9549F3769A53F800D74.d.A4E124C6FFBD801569F833A075EA4330.e.8447/click - {}
RESULT: {}
COMMAND: GET /session/e4ca631e3efb970409c1f6ae88247928/screenshot - {}
RESULT: {}
COMMAND: POST /session/e4ca631e3efb970409c1f6ae88247928/element - {"using":"xpath","value":"//bdi[contains(text(), \"OK\")]"}
RESULT: {"using":"xpath","value":"//bdi[contains(text(), \"OK\")]"}
COMMAND: POST /session/e4ca631e3efb970409c1f6ae88247928/element/f.C691F06ADA7EF9549F3769A53F800D74.d.A4E124C6FFBD801569F833A075EA4330.e.8448/click - {}
RESULT: {}
COMMAND: GET /session/e4ca631e3efb970409c1f6ae88247928/screenshot - {}
RESULT: {}
COMMAND: POST /session/e4ca631e3efb970409c1f6ae88247928/element - {"using":"xpath","value":"//input[@id=\"application-managesites-display-component---NewSite--addressDetailDetailsCalendar-inner\"]"}
RESULT: {"using":"xpath","value":"//input[@id=\"application-managesites-display-component---NewSite--addressDetailDetailsCalendar-inner\"]"}
COMMAND: POST /session/e4ca631e3efb970409c1f6ae88247928/element/f.C691F06ADA7EF9549F3769A53F800D74.d.A4E124C6FFBD801569F833A075EA4330.e.8190/clear - {}
RESULT: {}
COMMAND: POST /session/e4ca631e3efb970409c1f6ae88247928/element/f.C691F06ADA7EF9549F3769A53F800D74.d.A4E124C6FFBD801569F833A075EA4330.e.8190/value - {"text":"Unit"}
COMMAND: GET /session/e4ca631e3efb970409c1f6ae88247928/screenshot - {}
RESULT: {"text":"Unit"}
COMMAND: GET /session/e4ca631e3efb970409c1f6ae88247928/screenshot - {}
RESULT: {}
RESULT: {}
COMMAND: POST /session/e4ca631e3efb970409c1f6ae88247928/actions - {"actions":[{"id":"action26","type":"key","parameters":{},"actions":[{"type":"keyDown","value":"î€‡"},{"type":"pause","duration":10},{"type":"keyUp","value":"î€‡"}]}]}
RESULT: {"actions":[{"id":"action26","type":"key","parameters":{},"actions":[{"type":"keyDown","value":"î€‡"},{"type":"pause","duration":10},{"type":"keyUp","value":"î€‡"}]}]}
COMMAND: POST /session/e4ca631e3efb970409c1f6ae88247928/element - {"using":"xpath","value":"//input[@id=\"application-managesites-display-component---NewSite--addressDetailDetailsYard-inner\"]"}
COMMAND: GET /session/e4ca631e3efb970409c1f6ae88247928/screenshot - {}
RESULT: {"using":"xpath","value":"//input[@id=\"application-managesites-display-component---NewSite--addressDetailDetailsYard-inner\"]"}
COMMAND: POST /session/e4ca631e3efb970409c1f6ae88247928/element/f.C691F06ADA7EF9549F3769A53F800D74.d.A4E124C6FFBD801569F833A075EA4330.e.8191/clear - {}
RESULT: {}
RESULT: {}
COMMAND: POST /session/e4ca631e3efb970409c1f6ae88247928/element/f.C691F06ADA7EF9549F3769A53F800D74.d.A4E124C6FFBD801569F833A075EA4330.e.8191/value - {"text":"669"}
COMMAND: GET /session/e4ca631e3efb970409c1f6ae88247928/screenshot - {}
RESULT: {"text":"669"}
COMMAND: GET /session/e4ca631e3efb970409c1f6ae88247928/screenshot - {}
RESULT: {}
RESULT: {}
COMMAND: POST /session/e4ca631e3efb970409c1f6ae88247928/element - {"using":"xpath","value":"//li[.//span[text()='669']]"}
RESULT: {"using":"xpath","value":"//li[.//span[text()='669']]"}
COMMAND: POST /session/e4ca631e3efb970409c1f6ae88247928/element/f.C691F06ADA7EF9549F3769A53F800D74.d.A4E124C6FFBD801569F833A075EA4330.e.8456/click - {}
RESULT: {}
COMMAND: GET /session/e4ca631e3efb970409c1f6ae88247928/screenshot - {}
RESULT: {}
COMMAND: POST /session/e4ca631e3efb970409c1f6ae88247928/element - {"using":"xpath","value":"//input[@id=\"application-managesites-display-component---NewSite--addressDetailDetailsPartner-inner\"]"}
RESULT: {"using":"xpath","value":"//input[@id=\"application-managesites-display-component---NewSite--addressDetailDetailsPartner-inner\"]"}
COMMAND: POST /session/e4ca631e3efb970409c1f6ae88247928/element - {"using":"xpath","value":"//input[@id=\"application-managesites-display-component---NewSite--addressDetailDetailsPartner-inner\"]"}
RESULT: {"using":"xpath","value":"//input[@id=\"application-managesites-display-component---NewSite--addressDetailDetailsPartner-inner\"]"}
COMMAND: POST /session/e4ca631e3efb970409c1f6ae88247928/element - {"using":"xpath","value":"//button[@data-kt=\"saveButton\"]"}
RESULT: {"using":"xpath","value":"//button[@data-kt=\"saveButton\"]"}
COMMAND: POST /session/e4ca631e3efb970409c1f6ae88247928/element/f.C691F06ADA7EF9549F3769A53F800D74.d.A4E124C6FFBD801569F833A075EA4330.e.8380/click - {}
RESULT: {}
COMMAND: GET /session/e4ca631e3efb970409c1f6ae88247928/screenshot - {}
RESULT: {}
COMMAND: POST /session/e4ca631e3efb970409c1f6ae88247928/element - {"using":"xpath","value":"//header[contains(@id, 'ObjectPageLayout-headerTitle')]/div[1]/div[2]/div[2]/span[1]"}
RESULT: {"using":"xpath","value":"//header[contains(@id, 'ObjectPageLayout-headerTitle')]/div[1]/div[2]/div[2]/span[1]"}
COMMAND: POST /session/e4ca631e3efb970409c1f6ae88247928/elements - {"using":"xpath","value":"//header[contains(@id, 'ObjectPageLayout-headerTitle')]/div[1]/div[2]/div[2]/span[1]"}
RESULT: {"using":"xpath","value":"//header[contains(@id, 'ObjectPageLayout-headerTitle')]/div[1]/div[2]/div[2]/span[1]"}
COMMAND: POST /session/e4ca631e3efb970409c1f6ae88247928/execute/sync - {"script":"<script> [56 bytes]","args":[{"element-6066-11e4-a52e-4f735466cecf":"f.C691F06ADA7EF9549F3769A53F800D74.d.A4E124C6FFBD801569F833A075EA4330.e.8658","ELEMENT":"f.C691F06ADA7EF9549F3769A53F800D74.d.A4E124C6FFBD801569F833A075EA4330.e.8658"}]}
RESULT: {"script":"<script> [56 bytes]","args":[{"element-6066-11e4-a52e-4f735466cecf":"f.C691F06ADA7EF9549F3769A53F800D74.d.A4E124C6FFBD801569F833A075EA4330.e.8658","ELEMENT":"f.C691F06ADA7EF9549F3769A53F800D74.d.A4E124C6FFBD801569F833A075EA4330.e.8658"}]}
COMMAND: POST /session/e4ca631e3efb970409c1f6ae88247928/element - {"using":"css selector","value":"#shell-header-logo"}
COMMAND: GET /session/e4ca631e3efb970409c1f6ae88247928/screenshot - {}
RESULT: {"using":"css selector","value":"#shell-header-logo"}
COMMAND: POST /session/e4ca631e3efb970409c1f6ae88247928/element/f.C691F06ADA7EF9549F3769A53F800D74.d.A4E124C6FFBD801569F833A075EA4330.e.7893/click - {}
RESULT: {}
RESULT: {}
COMMAND: GET /session/e4ca631e3efb970409c1f6ae88247928/screenshot - {}
RESULT: {}
COMMAND: POST /session/e4ca631e3efb970409c1f6ae88247928/execute/sync - {"script":"<script> [299 bytes]","args":[["getModel","getResource"]]}
RESULT: {"script":"<script> [299 bytes]","args":[["getModel","getResource"]]}
COMMAND: POST /session/e4ca631e3efb970409c1f6ae88247928/actions - {"actions":[{"id":"action27","type":"key","parameters":{},"actions":[{"type":"keyDown","value":"î€‡"},{"type":"pause","duration":10},{"type":"keyUp","value":"î€‡"}]}]}
COMMAND: GET /session/e4ca631e3efb970409c1f6ae88247928/screenshot - {}
RESULT: {"actions":[{"id":"action27","type":"key","parameters":{},"actions":[{"type":"keyDown","value":"î€‡"},{"type":"pause","duration":10},{"type":"keyUp","value":"î€‡"}]}]}
COMMAND: GET /session/e4ca631e3efb970409c1f6ae88247928/screenshot - {}
RESULT: {}
RESULT: {}
COMMAND: POST /session/e4ca631e3efb970409c1f6ae88247928/refresh - {}
RESULT: {}
COMMAND: GET /session/e4ca631e3efb970409c1f6ae88247928/screenshot - {}
RESULT: {}
COMMAND: POST /session/e4ca631e3efb970409c1f6ae88247928/refresh - {}
RESULT: {}
COMMAND: GET /session/e4ca631e3efb970409c1f6ae88247928/screenshot - {}
RESULT: {}
COMMAND: POST /session/e4ca631e3efb970409c1f6ae88247928/window/fullscreen - {}
RESULT: {}
COMMAND: POST /session/e4ca631e3efb970409c1f6ae88247928/execute/async - {"script":"<script> [189 bytes]","args":[]}
RESULT: {"script":"<script> [189 bytes]","args":[]}
COMMAND: POST /session/e4ca631e3efb970409c1f6ae88247928/execute/async - {"script":"<script> [123 bytes]","args":[]}
RESULT: {"script":"<script> [123 bytes]","args":[]}
COMMAND: POST /session/e4ca631e3efb970409c1f6ae88247928/timeouts - {"script":"<number>"}
RESULT: {"script":"<number>"}
COMMAND: GET /session/e4ca631e3efb970409c1f6ae88247928/timeouts - {}
RESULT: {}
RESULT: undefined
COMMAND: POST /session/e4ca631e3efb970409c1f6ae88247928/execute/async - {"script":"<script> [2676 bytes]","args":[]}
RESULT: {"script":"<script> [2676 bytes]","args":[]}
COMMAND: POST /session/e4ca631e3efb970409c1f6ae88247928/execute/async - {"script":"<script> [2342 bytes]","args":[{"protocol":"http","hostname":"0.0.0.0","path":"/","capabilities":{"browserName":"chrome","goog:chromeOptions":{"binary":"C:\\Program Files\\Google\\Chrome\\Application\\chrome.exe","args":["--start-maximized"]}},"logLevel":"warn","connectionRetryTimeout":120000,"connectionRetryCount":3,"logLevels":{},"enableDirectConnect":true,"strictSSL":true,"_":"65 more keys: [\"cacheDir\",\"port\",\"requestedCapabilities\",\"automationProtocol\",\"baseUrl\",\"waitforInterval\",\"waitforTimeout\",\"onReload\",\"beforeCommand\",\"afterCommand\",\"rootDir\",\"specs\",\"suites\",\"exclude\",\"groupLogsByTestSpec\",\"excludeDriverLogs\",\"bail\",\"framework\",\"reporters\",\"services\",\"maxInstances\",\"maxInstancesPerCapability\",\"injectGlobals\",\"filesToWatch\",\"execArgv\",\"runnerEnv\",\"runner\",\"shard\",\"specFileRetries\",\"specFileRetriesDelay\",\"specFileRetriesDeferred\",\"reporterSyncInterval\",\"reporterSyncTimeout\",\"cucumberFeaturesWithLineNumbers\",\"autoCompileOpts\",\"mochaOpts\",\"jasmineOpts\",\"cucumberOpts\",\"onPrepare\",\"onWorkerStart\",\"onWorkerEnd\",\"before\",\"beforeSession\",\"beforeSuite\",\"beforeHook\",\"beforeTest\",\"afterTest\",\"afterHook\",\"afterSuite\",\"afterSession\",\"after\",\"onComplete\",\"beforeAssertion\",\"afterAssertion\",\"beforeFeature\",\"beforeScenario\",\"beforeStep\",\"afterStep\",\"afterScenario\",\"afterFeature\",\"_\",\"suite\",\"$0\",\"ignoredWorkerServices\",\"wdi5\"]"}]}
RESULT: {"script":"<script> [2342 bytes]","args":[{"protocol":"http","hostname":"0.0.0.0","path":"/","capabilities":{"browserName":"chrome","goog:chromeOptions":{"binary":"C:\\Program Files\\Google\\Chrome\\Application\\chrome.exe","args":["--start-maximized"]}},"logLevel":"warn","connectionRetryTimeout":120000,"connectionRetryCount":3,"logLevels":{},"enableDirectConnect":true,"strictSSL":true,"_":"65 more keys: [\"cacheDir\",\"port\",\"requestedCapabilities\",\"automationProtocol\",\"baseUrl\",\"waitforInterval\",\"waitforTimeout\",\"onReload\",\"beforeCommand\",\"afterCommand\",\"rootDir\",\"specs\",\"suites\",\"exclude\",\"groupLogsByTestSpec\",\"excludeDriverLogs\",\"bail\",\"framework\",\"reporters\",\"services\",\"maxInstances\",\"maxInstancesPerCapability\",\"injectGlobals\",\"filesToWatch\",\"execArgv\",\"runnerEnv\",\"runner\",\"shard\",\"specFileRetries\",\"specFileRetriesDelay\",\"specFileRetriesDeferred\",\"reporterSyncInterval\",\"reporterSyncTimeout\",\"cucumberFeaturesWithLineNumbers\",\"autoCompileOpts\",\"mochaOpts\",\"jasmineOpts\",\"cucumberOpts\",\"onPrepare\",\"onWorkerStart\",\"onWorkerEnd\",\"before\",\"beforeSession\",\"beforeSuite\",\"beforeHook\",\"beforeTest\",\"afterTest\",\"afterHook\",\"afterSuite\",\"afterSession\",\"after\",\"onComplete\",\"beforeAssertion\",\"afterAssertion\",\"beforeFeature\",\"beforeScenario\",\"beforeStep\",\"afterStep\",\"afterScenario\",\"afterFeature\",\"_\",\"suite\",\"$0\",\"ignoredWorkerServices\",\"wdi5\"]"}]}
COMMAND: POST /session/e4ca631e3efb970409c1f6ae88247928/execute/async - {"script":"<script> [21126 bytes]","args":[35000]}
RESULT: {"script":"<script> [21126 bytes]","args":[35000]}
COMMAND: POST /session/e4ca631e3efb970409c1f6ae88247928/window/fullscreen - {}
RESULT: {}
]]></system-out>
    </testcase>
    <testcase classname="chrome.135_0_7049_115.windows.Create_master_data_for_mixed_billing_&amp;_do_billing_calculation_US151661" name="Should create a new equipment and add a counter to it" time="165.102">
      <system-out><![CDATA[
COMMAND: POST /session/e4ca631e3efb970409c1f6ae88247928/execute/async - {"script":"<script> [1562 bytes]","args":[{"selector":{"controlType":"sap.m.GenericTile","properties":{"header":"Manage Resources"}},"wdio_ui5_key":"sapm.GenericTile{\"header\":\"Manage Resources\"}"}]}
RESULT: {"script":"<script> [1562 bytes]","args":[{"selector":{"controlType":"sap.m.GenericTile","properties":{"header":"Manage Resources"}},"wdio_ui5_key":"sapm.GenericTile{\"header\":\"Manage Resources\"}"}]}
RESULT: undefined
COMMAND: POST /session/e4ca631e3efb970409c1f6ae88247928/element - {"using":"xpath","value":"//*[@id=\"__tile31\"]"}
RESULT: {"using":"xpath","value":"//*[@id=\"__tile31\"]"}
COMMAND: POST /session/e4ca631e3efb970409c1f6ae88247928/element/f.C691F06ADA7EF9549F3769A53F800D74.d.D20752FE79497C965C51BD0B37308D38.e.8732/click - {}
RESULT: {}
COMMAND: POST /session/e4ca631e3efb970409c1f6ae88247928/element - {"using":"xpath","value":"//button[@data-kt=\"addNewRUOverflowToolbarButton\"]"}
COMMAND: GET /session/e4ca631e3efb970409c1f6ae88247928/screenshot - {}
RESULT: {"using":"xpath","value":"//button[@data-kt=\"addNewRUOverflowToolbarButton\"]"}
COMMAND: POST /session/e4ca631e3efb970409c1f6ae88247928/elements - {"using":"xpath","value":"//button[@data-kt=\"addNewRUOverflowToolbarButton\"]"}
RESULT: {}
RESULT: {"using":"xpath","value":"//button[@data-kt=\"addNewRUOverflowToolbarButton\"]"}
COMMAND: POST /session/e4ca631e3efb970409c1f6ae88247928/elements - {"using":"xpath","value":"//button[@data-kt=\"addNewRUOverflowToolbarButton\"]"}
RESULT: {"using":"xpath","value":"//button[@data-kt=\"addNewRUOverflowToolbarButton\"]"}
COMMAND: POST /session/e4ca631e3efb970409c1f6ae88247928/elements - {"using":"xpath","value":"//button[@data-kt=\"addNewRUOverflowToolbarButton\"]"}
RESULT: {"using":"xpath","value":"//button[@data-kt=\"addNewRUOverflowToolbarButton\"]"}
COMMAND: POST /session/e4ca631e3efb970409c1f6ae88247928/elements - {"using":"xpath","value":"//button[@data-kt=\"addNewRUOverflowToolbarButton\"]"}
RESULT: {"using":"xpath","value":"//button[@data-kt=\"addNewRUOverflowToolbarButton\"]"}
COMMAND: POST /session/e4ca631e3efb970409c1f6ae88247928/elements - {"using":"xpath","value":"//button[@data-kt=\"addNewRUOverflowToolbarButton\"]"}
RESULT: {"using":"xpath","value":"//button[@data-kt=\"addNewRUOverflowToolbarButton\"]"}
COMMAND: POST /session/e4ca631e3efb970409c1f6ae88247928/elements - {"using":"xpath","value":"//button[@data-kt=\"addNewRUOverflowToolbarButton\"]"}
RESULT: {"using":"xpath","value":"//button[@data-kt=\"addNewRUOverflowToolbarButton\"]"}
COMMAND: POST /session/e4ca631e3efb970409c1f6ae88247928/elements - {"using":"xpath","value":"//button[@data-kt=\"addNewRUOverflowToolbarButton\"]"}
RESULT: {"using":"xpath","value":"//button[@data-kt=\"addNewRUOverflowToolbarButton\"]"}
COMMAND: POST /session/e4ca631e3efb970409c1f6ae88247928/elements - {"using":"xpath","value":"//button[@data-kt=\"addNewRUOverflowToolbarButton\"]"}
RESULT: {"using":"xpath","value":"//button[@data-kt=\"addNewRUOverflowToolbarButton\"]"}
COMMAND: POST /session/e4ca631e3efb970409c1f6ae88247928/elements - {"using":"xpath","value":"//button[@data-kt=\"addNewRUOverflowToolbarButton\"]"}
RESULT: {"using":"xpath","value":"//button[@data-kt=\"addNewRUOverflowToolbarButton\"]"}
COMMAND: POST /session/e4ca631e3efb970409c1f6ae88247928/elements - {"using":"xpath","value":"//button[@data-kt=\"addNewRUOverflowToolbarButton\"]"}
RESULT: {"using":"xpath","value":"//button[@data-kt=\"addNewRUOverflowToolbarButton\"]"}
COMMAND: POST /session/e4ca631e3efb970409c1f6ae88247928/elements - {"using":"xpath","value":"//button[@data-kt=\"addNewRUOverflowToolbarButton\"]"}
RESULT: {"using":"xpath","value":"//button[@data-kt=\"addNewRUOverflowToolbarButton\"]"}
COMMAND: POST /session/e4ca631e3efb970409c1f6ae88247928/elements - {"using":"xpath","value":"//button[@data-kt=\"addNewRUOverflowToolbarButton\"]"}
RESULT: {"using":"xpath","value":"//button[@data-kt=\"addNewRUOverflowToolbarButton\"]"}
COMMAND: POST /session/e4ca631e3efb970409c1f6ae88247928/elements - {"using":"xpath","value":"//button[@data-kt=\"addNewRUOverflowToolbarButton\"]"}
RESULT: {"using":"xpath","value":"//button[@data-kt=\"addNewRUOverflowToolbarButton\"]"}
COMMAND: POST /session/e4ca631e3efb970409c1f6ae88247928/elements - {"using":"xpath","value":"//button[@data-kt=\"addNewRUOverflowToolbarButton\"]"}
RESULT: {"using":"xpath","value":"//button[@data-kt=\"addNewRUOverflowToolbarButton\"]"}
COMMAND: POST /session/e4ca631e3efb970409c1f6ae88247928/elements - {"using":"xpath","value":"//button[@data-kt=\"addNewRUOverflowToolbarButton\"]"}
RESULT: {"using":"xpath","value":"//button[@data-kt=\"addNewRUOverflowToolbarButton\"]"}
COMMAND: POST /session/e4ca631e3efb970409c1f6ae88247928/elements - {"using":"xpath","value":"//button[@data-kt=\"addNewRUOverflowToolbarButton\"]"}
RESULT: {"using":"xpath","value":"//button[@data-kt=\"addNewRUOverflowToolbarButton\"]"}
COMMAND: POST /session/e4ca631e3efb970409c1f6ae88247928/elements - {"using":"xpath","value":"//button[@data-kt=\"addNewRUOverflowToolbarButton\"]"}
RESULT: {"using":"xpath","value":"//button[@data-kt=\"addNewRUOverflowToolbarButton\"]"}
COMMAND: POST /session/e4ca631e3efb970409c1f6ae88247928/elements - {"using":"xpath","value":"//button[@data-kt=\"addNewRUOverflowToolbarButton\"]"}
RESULT: {"using":"xpath","value":"//button[@data-kt=\"addNewRUOverflowToolbarButton\"]"}
COMMAND: POST /session/e4ca631e3efb970409c1f6ae88247928/elements - {"using":"xpath","value":"//button[@data-kt=\"addNewRUOverflowToolbarButton\"]"}
RESULT: {"using":"xpath","value":"//button[@data-kt=\"addNewRUOverflowToolbarButton\"]"}
COMMAND: POST /session/e4ca631e3efb970409c1f6ae88247928/elements - {"using":"xpath","value":"//button[@data-kt=\"addNewRUOverflowToolbarButton\"]"}
RESULT: {"using":"xpath","value":"//button[@data-kt=\"addNewRUOverflowToolbarButton\"]"}
COMMAND: POST /session/e4ca631e3efb970409c1f6ae88247928/elements - {"using":"xpath","value":"//button[@data-kt=\"addNewRUOverflowToolbarButton\"]"}
RESULT: {"using":"xpath","value":"//button[@data-kt=\"addNewRUOverflowToolbarButton\"]"}
COMMAND: POST /session/e4ca631e3efb970409c1f6ae88247928/element - {"using":"xpath","value":"//button[@data-kt=\"addNewRUOverflowToolbarButton\"]"}
RESULT: {"using":"xpath","value":"//button[@data-kt=\"addNewRUOverflowToolbarButton\"]"}
COMMAND: POST /session/e4ca631e3efb970409c1f6ae88247928/execute/sync - {"script":"<script> [8489 bytes]","args":[{"element-6066-11e4-a52e-4f735466cecf":"f.C691F06ADA7EF9549F3769A53F800D74.d.D20752FE79497C965C51BD0B37308D38.e.8841","ELEMENT":"f.C691F06ADA7EF9549F3769A53F800D74.d.D20752FE79497C965C51BD0B37308D38.e.8841"}]}
RESULT: {"script":"<script> [8489 bytes]","args":[{"element-6066-11e4-a52e-4f735466cecf":"f.C691F06ADA7EF9549F3769A53F800D74.d.D20752FE79497C965C51BD0B37308D38.e.8841","ELEMENT":"f.C691F06ADA7EF9549F3769A53F800D74.d.D20752FE79497C965C51BD0B37308D38.e.8841"}]}
COMMAND: GET /session/e4ca631e3efb970409c1f6ae88247928/element/f.C691F06ADA7EF9549F3769A53F800D74.d.D20752FE79497C965C51BD0B37308D38.e.8841/enabled - {}
COMMAND: GET /session/e4ca631e3efb970409c1f6ae88247928/screenshot - {}
RESULT: {}
COMMAND: POST /session/e4ca631e3efb970409c1f6ae88247928/execute/sync - {"script":"<script> [8489 bytes]","args":[{"element-6066-11e4-a52e-4f735466cecf":"f.C691F06ADA7EF9549F3769A53F800D74.d.D20752FE79497C965C51BD0B37308D38.e.8841","ELEMENT":"f.C691F06ADA7EF9549F3769A53F800D74.d.D20752FE79497C965C51BD0B37308D38.e.8841"}]}
COMMAND: GET /session/e4ca631e3efb970409c1f6ae88247928/screenshot - {}
RESULT: {}
RESULT: {"script":"<script> [8489 bytes]","args":[{"element-6066-11e4-a52e-4f735466cecf":"f.C691F06ADA7EF9549F3769A53F800D74.d.D20752FE79497C965C51BD0B37308D38.e.8841","ELEMENT":"f.C691F06ADA7EF9549F3769A53F800D74.d.D20752FE79497C965C51BD0B37308D38.e.8841"}]}
COMMAND: POST /session/e4ca631e3efb970409c1f6ae88247928/execute/sync - {"script":"<script> [5351 bytes]","args":[{"element-6066-11e4-a52e-4f735466cecf":"f.C691F06ADA7EF9549F3769A53F800D74.d.D20752FE79497C965C51BD0B37308D38.e.8841","ELEMENT":"f.C691F06ADA7EF9549F3769A53F800D74.d.D20752FE79497C965C51BD0B37308D38.e.8841"}]}
COMMAND: GET /session/e4ca631e3efb970409c1f6ae88247928/screenshot - {}
RESULT: {}
RESULT: {"script":"<script> [5351 bytes]","args":[{"element-6066-11e4-a52e-4f735466cecf":"f.C691F06ADA7EF9549F3769A53F800D74.d.D20752FE79497C965C51BD0B37308D38.e.8841","ELEMENT":"f.C691F06ADA7EF9549F3769A53F800D74.d.D20752FE79497C965C51BD0B37308D38.e.8841"}]}
COMMAND: POST /session/e4ca631e3efb970409c1f6ae88247928/element/f.C691F06ADA7EF9549F3769A53F800D74.d.D20752FE79497C965C51BD0B37308D38.e.8841/click - {}
COMMAND: GET /session/e4ca631e3efb970409c1f6ae88247928/screenshot - {}
RESULT: {}
RESULT: {}
COMMAND: GET /session/e4ca631e3efb970409c1f6ae88247928/screenshot - {}
COMMAND: POST /session/e4ca631e3efb970409c1f6ae88247928/execute/async - {"script":"<script> [1562 bytes]","args":[{"selector":{"id":"application-manageresources-display-component---newResourceUnit--TYPE-arrow"},"wdio_ui5_key":"applicationmanageresources-display-component---newResourceUnit--TYPE-arrow"}]}
RESULT: {}
RESULT: {}
RESULT: {"script":"<script> [1562 bytes]","args":[{"selector":{"id":"application-manageresources-display-component---newResourceUnit--TYPE-arrow"},"wdio_ui5_key":"applicationmanageresources-display-component---newResourceUnit--TYPE-arrow"}]}
RESULT: undefined
COMMAND: POST /session/e4ca631e3efb970409c1f6ae88247928/element - {"using":"xpath","value":"//*[@id=\"application-manageresources-display-component---newResourceUnit--TYPE-arrow\"]"}
RESULT: {"using":"xpath","value":"//*[@id=\"application-manageresources-display-component---newResourceUnit--TYPE-arrow\"]"}
COMMAND: POST /session/e4ca631e3efb970409c1f6ae88247928/element/f.C691F06ADA7EF9549F3769A53F800D74.d.D20752FE79497C965C51BD0B37308D38.e.9207/click - {}
RESULT: {}
COMMAND: POST /session/e4ca631e3efb970409c1f6ae88247928/element - {"using":"xpath","value":"//input[@id=\"application-manageresources-display-component---newResourceUnit--TYPE-inner\"]"}
COMMAND: GET /session/e4ca631e3efb970409c1f6ae88247928/screenshot - {}
RESULT: {"using":"xpath","value":"//input[@id=\"application-manageresources-display-component---newResourceUnit--TYPE-inner\"]"}
COMMAND: POST /session/e4ca631e3efb970409c1f6ae88247928/element/f.C691F06ADA7EF9549F3769A53F800D74.d.D20752FE79497C965C51BD0B37308D38.e.9193/clear - {}
RESULT: {}
RESULT: {}
COMMAND: POST /session/e4ca631e3efb970409c1f6ae88247928/element/f.C691F06ADA7EF9549F3769A53F800D74.d.D20752FE79497C965C51BD0B37308D38.e.9193/value - {"text":"Equipment"}
COMMAND: GET /session/e4ca631e3efb970409c1f6ae88247928/screenshot - {}
RESULT: {"text":"Equipment"}
COMMAND: GET /session/e4ca631e3efb970409c1f6ae88247928/screenshot - {}
RESULT: {}
RESULT: {}
COMMAND: POST /session/e4ca631e3efb970409c1f6ae88247928/actions - {"actions":[{"id":"action28","type":"key","parameters":{},"actions":[{"type":"keyDown","value":"î€‡"},{"type":"pause","duration":10},{"type":"keyUp","value":"î€‡"}]}]}
RESULT: {"actions":[{"id":"action28","type":"key","parameters":{},"actions":[{"type":"keyDown","value":"î€‡"},{"type":"pause","duration":10},{"type":"keyUp","value":"î€‡"}]}]}
COMMAND: POST /session/e4ca631e3efb970409c1f6ae88247928/execute/async - {"script":"<script> [1562 bytes]","args":[{"selector":{"id":"application-manageresources-display-component---newResourceUnit--resourceId","interaction":{"idSuffix":"inner"}},"wdio_ui5_key":"applicationmanageresources-display-component---newResourceUnit--resourceId"}]}
COMMAND: GET /session/e4ca631e3efb970409c1f6ae88247928/screenshot - {}
RESULT: {"script":"<script> [1562 bytes]","args":[{"selector":{"id":"application-manageresources-display-component---newResourceUnit--resourceId","interaction":{"idSuffix":"inner"}},"wdio_ui5_key":"applicationmanageresources-display-component---newResourceUnit--resourceId"}]}
RESULT: undefined
COMMAND: POST /session/e4ca631e3efb970409c1f6ae88247928/execute/async - {"script":"<script> [776 bytes]","args":[{"enterText":"G4Xzp5LISS","selector":{"id":"application-manageresources-display-component---newResourceUnit--resourceId","interaction":{"idSuffix":"inner"}},"clearTextFirst":true,"interactionType":"ENTER_TEXT"}]}
RESULT: {}
RESULT: {"script":"<script> [776 bytes]","args":[{"enterText":"G4Xzp5LISS","selector":{"id":"application-manageresources-display-component---newResourceUnit--resourceId","interaction":{"idSuffix":"inner"}},"clearTextFirst":true,"interactionType":"ENTER_TEXT"}]}
COMMAND: POST /session/e4ca631e3efb970409c1f6ae88247928/execute/async - {"script":"<script> [1562 bytes]","args":[{"selector":{"id":"application-manageresources-display-component---newResourceUnit--SHORT_TEXT","interaction":{"idSuffix":"inner"}},"wdio_ui5_key":"applicationmanageresources-display-component---newResourceUnit--SHORT_TEXT"}]}
RESULT: {"script":"<script> [1562 bytes]","args":[{"selector":{"id":"application-manageresources-display-component---newResourceUnit--SHORT_TEXT","interaction":{"idSuffix":"inner"}},"wdio_ui5_key":"applicationmanageresources-display-component---newResourceUnit--SHORT_TEXT"}]}
RESULT: undefined
COMMAND: POST /session/e4ca631e3efb970409c1f6ae88247928/execute/async - {"script":"<script> [776 bytes]","args":[{"enterText":"Intercompany Equipment WDIO","selector":{"id":"application-manageresources-display-component---newResourceUnit--SHORT_TEXT","interaction":{"idSuffix":"inner"}},"clearTextFirst":true,"interactionType":"ENTER_TEXT"}]}
RESULT: {"script":"<script> [776 bytes]","args":[{"enterText":"Intercompany Equipment WDIO","selector":{"id":"application-manageresources-display-component---newResourceUnit--SHORT_TEXT","interaction":{"idSuffix":"inner"}},"clearTextFirst":true,"interactionType":"ENTER_TEXT"}]}
COMMAND: POST /session/e4ca631e3efb970409c1f6ae88247928/execute/async - {"script":"<script> [1562 bytes]","args":[{"selector":{"id":"application-manageresources-display-component---newResourceUnit--BASE_UNIT_OF_MEASURE","interaction":{"idSuffix":"inner"}},"wdio_ui5_key":"applicationmanageresources-display-component---newResourceUnit--BASE_UNIT_OF_MEASURE"}]}
RESULT: {"script":"<script> [1562 bytes]","args":[{"selector":{"id":"application-manageresources-display-component---newResourceUnit--BASE_UNIT_OF_MEASURE","interaction":{"idSuffix":"inner"}},"wdio_ui5_key":"applicationmanageresources-display-component---newResourceUnit--BASE_UNIT_OF_MEASURE"}]}
RESULT: undefined
COMMAND: POST /session/e4ca631e3efb970409c1f6ae88247928/execute/async - {"script":"<script> [776 bytes]","args":[{"enterText":"Piece","selector":{"id":"application-manageresources-display-component---newResourceUnit--BASE_UNIT_OF_MEASURE","interaction":{"idSuffix":"inner"}},"clearTextFirst":true,"interactionType":"ENTER_TEXT"}]}
RESULT: {"script":"<script> [776 bytes]","args":[{"enterText":"Piece","selector":{"id":"application-manageresources-display-component---newResourceUnit--BASE_UNIT_OF_MEASURE","interaction":{"idSuffix":"inner"}},"clearTextFirst":true,"interactionType":"ENTER_TEXT"}]}
COMMAND: POST /session/e4ca631e3efb970409c1f6ae88247928/execute/async - {"script":"<script> [1562 bytes]","args":[{"selector":{"id":"application-manageresources-display-component---newResourceUnit--WEIGHT_UNIT","interaction":{"idSuffix":"inner"}},"wdio_ui5_key":"applicationmanageresources-display-component---newResourceUnit--WEIGHT_UNIT"}]}
RESULT: {"script":"<script> [1562 bytes]","args":[{"selector":{"id":"application-manageresources-display-component---newResourceUnit--WEIGHT_UNIT","interaction":{"idSuffix":"inner"}},"wdio_ui5_key":"applicationmanageresources-display-component---newResourceUnit--WEIGHT_UNIT"}]}
RESULT: undefined
COMMAND: POST /session/e4ca631e3efb970409c1f6ae88247928/execute/async - {"script":"<script> [776 bytes]","args":[{"enterText":"Gram","selector":{"id":"application-manageresources-display-component---newResourceUnit--WEIGHT_UNIT","interaction":{"idSuffix":"inner"}},"clearTextFirst":true,"interactionType":"ENTER_TEXT"}]}
RESULT: {"script":"<script> [776 bytes]","args":[{"enterText":"Gram","selector":{"id":"application-manageresources-display-component---newResourceUnit--WEIGHT_UNIT","interaction":{"idSuffix":"inner"}},"clearTextFirst":true,"interactionType":"ENTER_TEXT"}]}
COMMAND: POST /session/e4ca631e3efb970409c1f6ae88247928/execute/async - {"script":"<script> [1562 bytes]","args":[{"selector":{"id":"application-manageresources-display-component---newResourceUnit--DIMENSION_UNIT","interaction":{"idSuffix":"inner"}},"wdio_ui5_key":"applicationmanageresources-display-component---newResourceUnit--DIMENSION_UNIT"}]}
RESULT: {"script":"<script> [1562 bytes]","args":[{"selector":{"id":"application-manageresources-display-component---newResourceUnit--DIMENSION_UNIT","interaction":{"idSuffix":"inner"}},"wdio_ui5_key":"applicationmanageresources-display-component---newResourceUnit--DIMENSION_UNIT"}]}
RESULT: undefined
COMMAND: POST /session/e4ca631e3efb970409c1f6ae88247928/execute/async - {"script":"<script> [776 bytes]","args":[{"enterText":"Meter","selector":{"id":"application-manageresources-display-component---newResourceUnit--DIMENSION_UNIT","interaction":{"idSuffix":"inner"}},"clearTextFirst":true,"interactionType":"ENTER_TEXT"}]}
RESULT: {"script":"<script> [776 bytes]","args":[{"enterText":"Meter","selector":{"id":"application-manageresources-display-component---newResourceUnit--DIMENSION_UNIT","interaction":{"idSuffix":"inner"}},"clearTextFirst":true,"interactionType":"ENTER_TEXT"}]}
COMMAND: POST /session/e4ca631e3efb970409c1f6ae88247928/execute/async - {"script":"<script> [1562 bytes]","args":[{"selector":{"id":"application-manageresources-display-component---newResourceUnit--newRRUPage-anchBar-application-manageresources-display-component---newResourceUnit--control-anchor","interaction":{"idSuffix":"BDI-content"}},"wdio_ui5_key":"applicationmanageresources-display-component---newResourceUnit--newRRUPage-anchBar-application-manageresources-display-component---newResourceUnit--control-anchor"}]}
RESULT: {"script":"<script> [1562 bytes]","args":[{"selector":{"id":"application-manageresources-display-component---newResourceUnit--newRRUPage-anchBar-application-manageresources-display-component---newResourceUnit--control-anchor","interaction":{"idSuffix":"BDI-content"}},"wdio_ui5_key":"applicationmanageresources-display-component---newResourceUnit--newRRUPage-anchBar-application-manageresources-display-component---newResourceUnit--control-anchor"}]}
RESULT: undefined
COMMAND: POST /session/e4ca631e3efb970409c1f6ae88247928/element - {"using":"xpath","value":"//*[@id=\"application-manageresources-display-component---newResourceUnit--newRRUPage-anchBar-application-manageresources-display-component---newResourceUnit--control-anchor\"]"}
RESULT: {"using":"xpath","value":"//*[@id=\"application-manageresources-display-component---newResourceUnit--newRRUPage-anchBar-application-manageresources-display-component---newResourceUnit--control-anchor\"]"}
COMMAND: POST /session/e4ca631e3efb970409c1f6ae88247928/element/f.C691F06ADA7EF9549F3769A53F800D74.d.D20752FE79497C965C51BD0B37308D38.e.9342/click - {}
RESULT: {}
COMMAND: POST /session/e4ca631e3efb970409c1f6ae88247928/execute/async - {"script":"<script> [1562 bytes]","args":[{"selector":{"id":"application-manageresources-display-component---newResourceUnit--PLANNING_GROUP","interaction":{"idSuffix":"inner"}},"wdio_ui5_key":"applicationmanageresources-display-component---newResourceUnit--PLANNING_GROUP"}]}
COMMAND: GET /session/e4ca631e3efb970409c1f6ae88247928/screenshot - {}
RESULT: {"script":"<script> [1562 bytes]","args":[{"selector":{"id":"application-manageresources-display-component---newResourceUnit--PLANNING_GROUP","interaction":{"idSuffix":"inner"}},"wdio_ui5_key":"applicationmanageresources-display-component---newResourceUnit--PLANNING_GROUP"}]}
RESULT: undefined
COMMAND: POST /session/e4ca631e3efb970409c1f6ae88247928/execute/async - {"script":"<script> [776 bytes]","args":[{"enterText":"Heavy Equi","selector":{"id":"application-manageresources-display-component---newResourceUnit--PLANNING_GROUP","interaction":{"idSuffix":"inner"}},"clearTextFirst":true,"interactionType":"ENTER_TEXT"}]}
RESULT: {}
RESULT: {"script":"<script> [776 bytes]","args":[{"enterText":"Heavy Equi","selector":{"id":"application-manageresources-display-component---newResourceUnit--PLANNING_GROUP","interaction":{"idSuffix":"inner"}},"clearTextFirst":true,"interactionType":"ENTER_TEXT"}]}
COMMAND: POST /session/e4ca631e3efb970409c1f6ae88247928/execute/async - {"script":"<script> [1562 bytes]","args":[{"selector":{"id":"application-manageresources-display-component---newResourceUnit--ITEM_TYPE-arrow"},"wdio_ui5_key":"applicationmanageresources-display-component---newResourceUnit--ITEM_TYPE-arrow"}]}
RESULT: {"script":"<script> [1562 bytes]","args":[{"selector":{"id":"application-manageresources-display-component---newResourceUnit--ITEM_TYPE-arrow"},"wdio_ui5_key":"applicationmanageresources-display-component---newResourceUnit--ITEM_TYPE-arrow"}]}
RESULT: undefined
COMMAND: POST /session/e4ca631e3efb970409c1f6ae88247928/element - {"using":"xpath","value":"//*[@id=\"application-manageresources-display-component---newResourceUnit--ITEM_TYPE-arrow\"]"}
RESULT: {"using":"xpath","value":"//*[@id=\"application-manageresources-display-component---newResourceUnit--ITEM_TYPE-arrow\"]"}
COMMAND: POST /session/e4ca631e3efb970409c1f6ae88247928/element/f.C691F06ADA7EF9549F3769A53F800D74.d.D20752FE79497C965C51BD0B37308D38.e.9349/click - {}
RESULT: {}
COMMAND: POST /session/e4ca631e3efb970409c1f6ae88247928/element - {"using":"xpath","value":"(//span[contains(text(), \"Resource Unit\")])[2]"}
COMMAND: GET /session/e4ca631e3efb970409c1f6ae88247928/screenshot - {}
RESULT: {"using":"xpath","value":"(//span[contains(text(), \"Resource Unit\")])[2]"}
COMMAND: POST /session/e4ca631e3efb970409c1f6ae88247928/element/f.C691F06ADA7EF9549F3769A53F800D74.d.D20752FE79497C965C51BD0B37308D38.e.9350/click - {}
RESULT: {}
RESULT: {}
COMMAND: GET /session/e4ca631e3efb970409c1f6ae88247928/screenshot - {}
RESULT: {}
COMMAND: POST /session/e4ca631e3efb970409c1f6ae88247928/element - {"using":"css selector","value":"#application-manageresources-display-component---newResourceUnit--btnAddTimeSegment"}
RESULT: {"using":"css selector","value":"#application-manageresources-display-component---newResourceUnit--btnAddTimeSegment"}
COMMAND: GET /session/e4ca631e3efb970409c1f6ae88247928/element/f.C691F06ADA7EF9549F3769A53F800D74.d.D20752FE79497C965C51BD0B37308D38.e.9351/rect - {}
RESULT: {}
COMMAND: GET /session/e4ca631e3efb970409c1f6ae88247928/window/rect - {}
RESULT: {}
COMMAND: POST /session/e4ca631e3efb970409c1f6ae88247928/execute/sync - {"script":"<script> [92 bytes]","args":[]}
RESULT: {"script":"<script> [92 bytes]","args":[]}
COMMAND: POST /session/e4ca631e3efb970409c1f6ae88247928/actions - {"actions":[{"id":"action29","type":"wheel","parameters":{},"actions":[{"type":"scroll","x":-1888,"y":-32,"deltaX":0,"deltaY":0,"duration":0,"origin":{"element-6066-11e4-a52e-4f735466cecf":"f.C691F06ADA7EF9549F3769A53F800D74.d.D20752FE79497C965C51BD0B37308D38.e.9351"}}]}]}
COMMAND: GET /session/e4ca631e3efb970409c1f6ae88247928/screenshot - {}
RESULT: {}
COMMAND: POST /session/e4ca631e3efb970409c1f6ae88247928/execute/sync - {"script":"<script> [79 bytes]","args":[{"element-6066-11e4-a52e-4f735466cecf":"f.C691F06ADA7EF9549F3769A53F800D74.d.D20752FE79497C965C51BD0B37308D38.e.9351","ELEMENT":"f.C691F06ADA7EF9549F3769A53F800D74.d.D20752FE79497C965C51BD0B37308D38.e.9351"},{"block":"start","inline":"nearest"}]}
RESULT: {"script":"<script> [79 bytes]","args":[{"element-6066-11e4-a52e-4f735466cecf":"f.C691F06ADA7EF9549F3769A53F800D74.d.D20752FE79497C965C51BD0B37308D38.e.9351","ELEMENT":"f.C691F06ADA7EF9549F3769A53F800D74.d.D20752FE79497C965C51BD0B37308D38.e.9351"},{"block":"start","inline":"nearest"}]}
COMMAND: POST /session/e4ca631e3efb970409c1f6ae88247928/execute/async - {"script":"<script> [1562 bytes]","args":[{"selector":{"id":"application-manageresources-display-component---newResourceUnit--btnAddTimeSegment","interaction":{"idSuffix":"inner"}},"wdio_ui5_key":"applicationmanageresources-display-component---newResourceUnit--btnAddTimeSegment"}]}
COMMAND: GET /session/e4ca631e3efb970409c1f6ae88247928/screenshot - {}
RESULT: {"script":"<script> [1562 bytes]","args":[{"selector":{"id":"application-manageresources-display-component---newResourceUnit--btnAddTimeSegment","interaction":{"idSuffix":"inner"}},"wdio_ui5_key":"applicationmanageresources-display-component---newResourceUnit--btnAddTimeSegment"}]}
RESULT: undefined
COMMAND: POST /session/e4ca631e3efb970409c1f6ae88247928/element - {"using":"xpath","value":"//*[@id=\"application-manageresources-display-component---newResourceUnit--btnAddTimeSegment\"]"}
RESULT: {}
RESULT: {"using":"xpath","value":"//*[@id=\"application-manageresources-display-component---newResourceUnit--btnAddTimeSegment\"]"}
COMMAND: POST /session/e4ca631e3efb970409c1f6ae88247928/element/f.C691F06ADA7EF9549F3769A53F800D74.d.D20752FE79497C965C51BD0B37308D38.e.9351/click - {}
RESULT: {}
COMMAND: GET /session/e4ca631e3efb970409c1f6ae88247928/screenshot - {}
RESULT: {}
COMMAND: POST /session/e4ca631e3efb970409c1f6ae88247928/element - {"using":"xpath","value":"//input[@id=\"application-manageresources-display-component---newResourceUnit--idRuTSAdmin-application-manageresources-display-component---newResourceUnit--RUTimeSegment-0-inner\"]"}
RESULT: {"using":"xpath","value":"//input[@id=\"application-manageresources-display-component---newResourceUnit--idRuTSAdmin-application-manageresources-display-component---newResourceUnit--RUTimeSegment-0-inner\"]"}
COMMAND: POST /session/e4ca631e3efb970409c1f6ae88247928/element/f.C691F06ADA7EF9549F3769A53F800D74.d.D20752FE79497C965C51BD0B37308D38.e.9357/clear - {}
RESULT: {}
COMMAND: POST /session/e4ca631e3efb970409c1f6ae88247928/element/f.C691F06ADA7EF9549F3769A53F800D74.d.D20752FE79497C965C51BD0B37308D38.e.9357/value - {"text":"669"}
COMMAND: GET /session/e4ca631e3efb970409c1f6ae88247928/screenshot - {}
RESULT: {"text":"669"}
COMMAND: GET /session/e4ca631e3efb970409c1f6ae88247928/screenshot - {}
RESULT: {}
RESULT: {}
COMMAND: POST /session/e4ca631e3efb970409c1f6ae88247928/element - {"using":"xpath","value":"//li[.//span[text()='669']]"}
RESULT: {"using":"xpath","value":"//li[.//span[text()='669']]"}
COMMAND: POST /session/e4ca631e3efb970409c1f6ae88247928/element/f.C691F06ADA7EF9549F3769A53F800D74.d.D20752FE79497C965C51BD0B37308D38.e.9371/click - {}
RESULT: {}
COMMAND: GET /session/e4ca631e3efb970409c1f6ae88247928/screenshot - {}
RESULT: {}
COMMAND: POST /session/e4ca631e3efb970409c1f6ae88247928/element - {"using":"xpath","value":"(//span[contains(@id, \"-application-manageresources-display-component---newResourceUnit--RUTimeSegment-0-arrow\")])[6]"}
RESULT: {"using":"xpath","value":"(//span[contains(@id, \"-application-manageresources-display-component---newResourceUnit--RUTimeSegment-0-arrow\")])[6]"}
COMMAND: POST /session/e4ca631e3efb970409c1f6ae88247928/element/f.C691F06ADA7EF9549F3769A53F800D74.d.D20752FE79497C965C51BD0B37308D38.e.9372/click - {}
RESULT: {}
COMMAND: GET /session/e4ca631e3efb970409c1f6ae88247928/screenshot - {}
RESULT: {}
COMMAND: POST /session/e4ca631e3efb970409c1f6ae88247928/element - {"using":"xpath","value":"//span[contains(text(), \"PM Order\")]"}
RESULT: {"using":"xpath","value":"//span[contains(text(), \"PM Order\")]"}
COMMAND: POST /session/e4ca631e3efb970409c1f6ae88247928/element/f.C691F06ADA7EF9549F3769A53F800D74.d.D20752FE79497C965C51BD0B37308D38.e.9375/click - {}
RESULT: {}
COMMAND: GET /session/e4ca631e3efb970409c1f6ae88247928/screenshot - {}
RESULT: {}
COMMAND: POST /session/e4ca631e3efb970409c1f6ae88247928/element - {"using":"xpath","value":"(//span[contains(@id ,\"manageresources-display-component---newResourceUnit--RUTimeSegment-0-vhi\")])[1]"}
RESULT: {"using":"xpath","value":"(//span[contains(@id ,\"manageresources-display-component---newResourceUnit--RUTimeSegment-0-vhi\")])[1]"}
COMMAND: GET /session/e4ca631e3efb970409c1f6ae88247928/element/f.C691F06ADA7EF9549F3769A53F800D74.d.D20752FE79497C965C51BD0B37308D38.e.9379/rect - {}
RESULT: {}
COMMAND: GET /session/e4ca631e3efb970409c1f6ae88247928/window/rect - {}
RESULT: {}
COMMAND: POST /session/e4ca631e3efb970409c1f6ae88247928/execute/sync - {"script":"<script> [92 bytes]","args":[]}
RESULT: {"script":"<script> [92 bytes]","args":[]}
COMMAND: POST /session/e4ca631e3efb970409c1f6ae88247928/actions - {"actions":[{"id":"action30","type":"wheel","parameters":{},"actions":[{"type":"scroll","x":-869,"y":-24,"deltaX":0,"deltaY":0,"duration":0,"origin":{"element-6066-11e4-a52e-4f735466cecf":"f.C691F06ADA7EF9549F3769A53F800D74.d.D20752FE79497C965C51BD0B37308D38.e.9379"}}]}]}
COMMAND: GET /session/e4ca631e3efb970409c1f6ae88247928/screenshot - {}
RESULT: {"actions":[{"id":"action30","type":"wheel","parameters":{},"actions":[{"type":"scroll","x":-869,"y":-24,"deltaX":0,"deltaY":0,"duration":0,"origin":{"element-6066-11e4-a52e-4f735466cecf":"f.C691F06ADA7EF9549F3769A53F800D74.d.D20752FE79497C965C51BD0B37308D38.e.9379"}}]}]}
COMMAND: DELETE /session/e4ca631e3efb970409c1f6ae88247928/actions - {}
COMMAND: GET /session/e4ca631e3efb970409c1f6ae88247928/screenshot - {}
RESULT: {}
RESULT: {}
COMMAND: GET /session/e4ca631e3efb970409c1f6ae88247928/screenshot - {}
RESULT: {}
RESULT: {}
COMMAND: POST /session/e4ca631e3efb970409c1f6ae88247928/element/f.C691F06ADA7EF9549F3769A53F800D74.d.D20752FE79497C965C51BD0B37308D38.e.9379/click - {}
RESULT: {}
COMMAND: GET /session/e4ca631e3efb970409c1f6ae88247928/screenshot - {}
RESULT: {}
COMMAND: POST /session/e4ca631e3efb970409c1f6ae88247928/execute/async - {"script":"<script> [1562 bytes]","args":[{"selector":{"controlType":"sap.m.SearchField","properties":{"placeholder":"Search"},"searchOpenDialogs":true,"interaction":{"idSuffix":"I"}},"wdio_ui5_key":"sapm.SearchField{\"placeholder\":\"Search\"}"}]}
RESULT: {"script":"<script> [1562 bytes]","args":[{"selector":{"controlType":"sap.m.SearchField","properties":{"placeholder":"Search"},"searchOpenDialogs":true,"interaction":{"idSuffix":"I"}},"wdio_ui5_key":"sapm.SearchField{\"placeholder\":\"Search\"}"}]}
RESULT: undefined
COMMAND: POST /session/e4ca631e3efb970409c1f6ae88247928/execute/async - {"script":"<script> [776 bytes]","args":[{"enterText":"4000360","selector":{"controlType":"sap.m.SearchField","properties":{"placeholder":"Search"},"searchOpenDialogs":true,"interaction":{"idSuffix":"I"}},"clearTextFirst":true,"interactionType":"ENTER_TEXT"}]}
RESULT: {"script":"<script> [776 bytes]","args":[{"enterText":"4000360","selector":{"controlType":"sap.m.SearchField","properties":{"placeholder":"Search"},"searchOpenDialogs":true,"interaction":{"idSuffix":"I"}},"clearTextFirst":true,"interactionType":"ENTER_TEXT"}]}
COMMAND: POST /session/e4ca631e3efb970409c1f6ae88247928/actions - {"actions":[{"id":"action31","type":"key","parameters":{},"actions":[{"type":"keyDown","value":"î€‡"},{"type":"pause","duration":10},{"type":"keyUp","value":"î€‡"}]}]}
RESULT: {"actions":[{"id":"action31","type":"key","parameters":{},"actions":[{"type":"keyDown","value":"î€‡"},{"type":"pause","duration":10},{"type":"keyUp","value":"î€‡"}]}]}
COMMAND: GET /session/e4ca631e3efb970409c1f6ae88247928/screenshot - {}
RESULT: {}
COMMAND: POST /session/e4ca631e3efb970409c1f6ae88247928/element - {"using":"xpath","value":"//td/div/span[contains(text(), \"BGL Vehicles\")]"}
RESULT: {"using":"xpath","value":"//td/div/span[contains(text(), \"BGL Vehicles\")]"}
COMMAND: POST /session/e4ca631e3efb970409c1f6ae88247928/element/f.C691F06ADA7EF9549F3769A53F800D74.d.D20752FE79497C965C51BD0B37308D38.e.9401/click - {}
RESULT: {}
COMMAND: GET /session/e4ca631e3efb970409c1f6ae88247928/screenshot - {}
RESULT: {}
COMMAND: POST /session/e4ca631e3efb970409c1f6ae88247928/element - {"using":"xpath","value":"//bdi[contains(text(), \"OK\")]"}
RESULT: {"using":"xpath","value":"//bdi[contains(text(), \"OK\")]"}
COMMAND: POST /session/e4ca631e3efb970409c1f6ae88247928/element/f.C691F06ADA7EF9549F3769A53F800D74.d.D20752FE79497C965C51BD0B37308D38.e.9402/click - {}
RESULT: {}
COMMAND: GET /session/e4ca631e3efb970409c1f6ae88247928/screenshot - {}
RESULT: {}
COMMAND: POST /session/e4ca631e3efb970409c1f6ae88247928/execute/async - {"script":"<script> [1562 bytes]","args":[{"selector":{"id":"application-manageresources-display-component---newResourceUnit--newRRUPage-anchBar-application-manageresources-display-component---newResourceUnit--resource-anchor","interaction":{"idSuffix":"BDI-content"}},"wdio_ui5_key":"applicationmanageresources-display-component---newResourceUnit--newRRUPage-anchBar-application-manageresources-display-component---newResourceUnit--resource-anchor"}]}
RESULT: {"script":"<script> [1562 bytes]","args":[{"selector":{"id":"application-manageresources-display-component---newResourceUnit--newRRUPage-anchBar-application-manageresources-display-component---newResourceUnit--resource-anchor","interaction":{"idSuffix":"BDI-content"}},"wdio_ui5_key":"applicationmanageresources-display-component---newResourceUnit--newRRUPage-anchBar-application-manageresources-display-component---newResourceUnit--resource-anchor"}]}
RESULT: undefined
COMMAND: POST /session/e4ca631e3efb970409c1f6ae88247928/element - {"using":"xpath","value":"//*[@id=\"application-manageresources-display-component---newResourceUnit--newRRUPage-anchBar-application-manageresources-display-component---newResourceUnit--resource-anchor\"]"}
RESULT: {"using":"xpath","value":"//*[@id=\"application-manageresources-display-component---newResourceUnit--newRRUPage-anchBar-application-manageresources-display-component---newResourceUnit--resource-anchor\"]"}
COMMAND: POST /session/e4ca631e3efb970409c1f6ae88247928/element/f.C691F06ADA7EF9549F3769A53F800D74.d.D20752FE79497C965C51BD0B37308D38.e.9406/click - {}
RESULT: {}
COMMAND: POST /session/e4ca631e3efb970409c1f6ae88247928/execute/async - {"script":"<script> [1562 bytes]","args":[{"selector":{"id":"application-manageresources-display-component---newResourceUnit--PLANNED_DELIVERY_DATE","interaction":{"idSuffix":"inner"}},"wdio_ui5_key":"applicationmanageresources-display-component---newResourceUnit--PLANNED_DELIVERY_DATE"}]}
COMMAND: GET /session/e4ca631e3efb970409c1f6ae88247928/screenshot - {}
RESULT: {"script":"<script> [1562 bytes]","args":[{"selector":{"id":"application-manageresources-display-component---newResourceUnit--PLANNED_DELIVERY_DATE","interaction":{"idSuffix":"inner"}},"wdio_ui5_key":"applicationmanageresources-display-component---newResourceUnit--PLANNED_DELIVERY_DATE"}]}
RESULT: undefined
COMMAND: POST /session/e4ca631e3efb970409c1f6ae88247928/execute/async - {"script":"<script> [6424 bytes]","args":[{"element-6066-11e4-a52e-4f735466cecf":"f.C691F06ADA7EF9549F3769A53F800D74.d.D20752FE79497C965C51BD0B37308D38.e.9264"},"setValue",["5/7/25"]]}
RESULT: {}
RESULT: {"script":"<script> [6424 bytes]","args":[{"element-6066-11e4-a52e-4f735466cecf":"f.C691F06ADA7EF9549F3769A53F800D74.d.D20752FE79497C965C51BD0B37308D38.e.9264"},"setValue",["5/7/25"]]}
COMMAND: POST /session/e4ca631e3efb970409c1f6ae88247928/element - {"using":"xpath","value":"//label[contains(@class, 'sapMLabelRequired') and .//bdi[contains(text(), 'Planned Retirement')]]"}
RESULT: {"using":"xpath","value":"//label[contains(@class, 'sapMLabelRequired') and .//bdi[contains(text(), 'Planned Retirement')]]"}
COMMAND: POST /session/e4ca631e3efb970409c1f6ae88247928/elements - {"using":"xpath","value":"//label[contains(@class, 'sapMLabelRequired') and .//bdi[contains(text(), 'Planned Retirement')]]"}
RESULT: {"using":"xpath","value":"//label[contains(@class, 'sapMLabelRequired') and .//bdi[contains(text(), 'Planned Retirement')]]"}
COMMAND: POST /session/e4ca631e3efb970409c1f6ae88247928/element - {"using":"xpath","value":"//button[@data-kt=\"resourceUnitSaveButton\"]"}
RESULT: {"using":"xpath","value":"//button[@data-kt=\"resourceUnitSaveButton\"]"}
COMMAND: POST /session/e4ca631e3efb970409c1f6ae88247928/element/f.C691F06ADA7EF9549F3769A53F800D74.d.D20752FE79497C965C51BD0B37308D38.e.9225/click - {}
RESULT: {}
COMMAND: GET /session/e4ca631e3efb970409c1f6ae88247928/screenshot - {}
RESULT: {}
COMMAND: POST /session/e4ca631e3efb970409c1f6ae88247928/element - {"using":"xpath","value":"//bdi[contains(text(), \"Close\")]"}
RESULT: {"using":"xpath","value":"//bdi[contains(text(), \"Close\")]"}
COMMAND: POST /session/e4ca631e3efb970409c1f6ae88247928/element/f.C691F06ADA7EF9549F3769A53F800D74.d.D20752FE79497C965C51BD0B37308D38.e.9416/click - {}
RESULT: {}
COMMAND: GET /session/e4ca631e3efb970409c1f6ae88247928/screenshot - {}
RESULT: {}
COMMAND: POST /session/e4ca631e3efb970409c1f6ae88247928/element - {"using":"xpath","value":"//bdi[contains(text(), \"Edit\")]"}
RESULT: {"using":"xpath","value":"//bdi[contains(text(), \"Edit\")]"}
COMMAND: POST /session/e4ca631e3efb970409c1f6ae88247928/execute/sync - {"script":"<script> [8489 bytes]","args":[{"element-6066-11e4-a52e-4f735466cecf":"f.C691F06ADA7EF9549F3769A53F800D74.d.D20752FE79497C965C51BD0B37308D38.e.9466","ELEMENT":"f.C691F06ADA7EF9549F3769A53F800D74.d.D20752FE79497C965C51BD0B37308D38.e.9466"}]}
RESULT: {"script":"<script> [8489 bytes]","args":[{"element-6066-11e4-a52e-4f735466cecf":"f.C691F06ADA7EF9549F3769A53F800D74.d.D20752FE79497C965C51BD0B37308D38.e.9466","ELEMENT":"f.C691F06ADA7EF9549F3769A53F800D74.d.D20752FE79497C965C51BD0B37308D38.e.9466"}]}
COMMAND: POST /session/e4ca631e3efb970409c1f6ae88247928/element/f.C691F06ADA7EF9549F3769A53F800D74.d.D20752FE79497C965C51BD0B37308D38.e.9466/click - {}
COMMAND: GET /session/e4ca631e3efb970409c1f6ae88247928/screenshot - {}
RESULT: {}
COMMAND: GET /session/e4ca631e3efb970409c1f6ae88247928/screenshot - {}
RESULT: {}
RESULT: {}
COMMAND: POST /session/e4ca631e3efb970409c1f6ae88247928/execute/async - {"script":"<script> [1562 bytes]","args":[{"selector":{"id":"application-manageresources-display-component---editResource--editRruPage-anchBar-application-manageresources-display-component---editResource--counters-anchor","interaction":{"idSuffix":"BDI-content"}},"wdio_ui5_key":"applicationmanageresources-display-component---editResource--editRruPage-anchBar-application-manageresources-display-component---editResource--counters-anchor"}]}
RESULT: {"script":"<script> [1562 bytes]","args":[{"selector":{"id":"application-manageresources-display-component---editResource--editRruPage-anchBar-application-manageresources-display-component---editResource--counters-anchor","interaction":{"idSuffix":"BDI-content"}},"wdio_ui5_key":"applicationmanageresources-display-component---editResource--editRruPage-anchBar-application-manageresources-display-component---editResource--counters-anchor"}]}
RESULT: undefined
COMMAND: POST /session/e4ca631e3efb970409c1f6ae88247928/element - {"using":"xpath","value":"//*[@id=\"application-manageresources-display-component---editResource--editRruPage-anchBar-application-manageresources-display-component---editResource--counters-anchor\"]"}
RESULT: {"using":"xpath","value":"//*[@id=\"application-manageresources-display-component---editResource--editRruPage-anchBar-application-manageresources-display-component---editResource--counters-anchor\"]"}
COMMAND: POST /session/e4ca631e3efb970409c1f6ae88247928/element/f.C691F06ADA7EF9549F3769A53F800D74.d.D20752FE79497C965C51BD0B37308D38.e.9587/click - {}
RESULT: {}
COMMAND: GET /session/e4ca631e3efb970409c1f6ae88247928/screenshot - {}
RESULT: {}
COMMAND: POST /session/e4ca631e3efb970409c1f6ae88247928/execute/async - {"script":"<script> [1562 bytes]","args":[{"selector":{"id":"application-manageresources-display-component---editResource--btnAddCounter-img"},"wdio_ui5_key":"applicationmanageresources-display-component---editResource--btnAddCounter-img"}]}
RESULT: {"script":"<script> [1562 bytes]","args":[{"selector":{"id":"application-manageresources-display-component---editResource--btnAddCounter-img"},"wdio_ui5_key":"applicationmanageresources-display-component---editResource--btnAddCounter-img"}]}
RESULT: undefined
COMMAND: POST /session/e4ca631e3efb970409c1f6ae88247928/element - {"using":"xpath","value":"//*[@id=\"application-manageresources-display-component---editResource--btnAddCounter-img\"]"}
RESULT: {"using":"xpath","value":"//*[@id=\"application-manageresources-display-component---editResource--btnAddCounter-img\"]"}
COMMAND: POST /session/e4ca631e3efb970409c1f6ae88247928/element/f.C691F06ADA7EF9549F3769A53F800D74.d.D20752FE79497C965C51BD0B37308D38.e.9621/click - {}
RESULT: {}
COMMAND: POST /session/e4ca631e3efb970409c1f6ae88247928/execute/async - {"script":"<script> [1562 bytes]","args":[{"selector":{"id":"application-manageresources-display-component---editResource--COUNTER_ID-application-manageresources-display-component---editResource--RUCounters-0-arrow"},"wdio_ui5_key":"applicationmanageresources-display-component---editResource--COUNTER_ID-application-manageresources-display-component---editResource--RUCounters-0-arrow"}]}
COMMAND: GET /session/e4ca631e3efb970409c1f6ae88247928/screenshot - {}
RESULT: {"script":"<script> [1562 bytes]","args":[{"selector":{"id":"application-manageresources-display-component---editResource--COUNTER_ID-application-manageresources-display-component---editResource--RUCounters-0-arrow"},"wdio_ui5_key":"applicationmanageresources-display-component---editResource--COUNTER_ID-application-manageresources-display-component---editResource--RUCounters-0-arrow"}]}
RESULT: undefined
COMMAND: POST /session/e4ca631e3efb970409c1f6ae88247928/element - {"using":"xpath","value":"//*[@id=\"application-manageresources-display-component---editResource--COUNTER_ID-application-manageresources-display-component---editResource--RUCounters-0-arrow\"]"}
RESULT: {}
RESULT: {"using":"xpath","value":"//*[@id=\"application-manageresources-display-component---editResource--COUNTER_ID-application-manageresources-display-component---editResource--RUCounters-0-arrow\"]"}
COMMAND: POST /session/e4ca631e3efb970409c1f6ae88247928/element/f.C691F06ADA7EF9549F3769A53F800D74.d.D20752FE79497C965C51BD0B37308D38.e.9626/click - {}
RESULT: {}
COMMAND: POST /session/e4ca631e3efb970409c1f6ae88247928/execute/async - {"script":"<script> [1562 bytes]","args":[{"selector":{"controlType":"sap.m.StandardListItem","viewName":"etm.portal.ui.manageresources.view.EditResource","viewId":"application-manageresources-display-component---editResource","properties":{"title":"fuel"},"searchOpenDialogs":true,"interaction":{"idSuffix":"content"}},"wdio_ui5_key":"etmportal.ui.manageresources.view.EditResourcesap.m.StandardListItem{\"title\":\"fuel\"}"}]}
COMMAND: GET /session/e4ca631e3efb970409c1f6ae88247928/screenshot - {}
RESULT: {"script":"<script> [1562 bytes]","args":[{"selector":{"controlType":"sap.m.StandardListItem","viewName":"etm.portal.ui.manageresources.view.EditResource","viewId":"application-manageresources-display-component---editResource","properties":{"title":"fuel"},"searchOpenDialogs":true,"interaction":{"idSuffix":"content"}},"wdio_ui5_key":"etmportal.ui.manageresources.view.EditResourcesap.m.StandardListItem{\"title\":\"fuel\"}"}]}
RESULT: undefined
COMMAND: POST /session/e4ca631e3efb970409c1f6ae88247928/element - {"using":"xpath","value":"//*[@id=\"__item1311\"]"}
RESULT: {}
RESULT: {"using":"xpath","value":"//*[@id=\"__item1311\"]"}
COMMAND: POST /session/e4ca631e3efb970409c1f6ae88247928/element/f.C691F06ADA7EF9549F3769A53F800D74.d.D20752FE79497C965C51BD0B37308D38.e.9628/click - {}
RESULT: {}
COMMAND: GET /session/e4ca631e3efb970409c1f6ae88247928/screenshot - {}
RESULT: {}
COMMAND: POST /session/e4ca631e3efb970409c1f6ae88247928/element - {"using":"xpath","value":"//button[@data-kt=\"saveButton\"]"}
RESULT: {"using":"xpath","value":"//button[@data-kt=\"saveButton\"]"}
COMMAND: POST /session/e4ca631e3efb970409c1f6ae88247928/element/f.C691F06ADA7EF9549F3769A53F800D74.d.D20752FE79497C965C51BD0B37308D38.e.9629/click - {}
RESULT: {}
COMMAND: GET /session/e4ca631e3efb970409c1f6ae88247928/screenshot - {}
RESULT: {}
COMMAND: POST /session/e4ca631e3efb970409c1f6ae88247928/element - {"using":"xpath","value":"(//button[contains(@id ,\"actionsToolbar-overflowButton\")])[1]"}
RESULT: {"using":"xpath","value":"(//button[contains(@id ,\"actionsToolbar-overflowButton\")])[1]"}
COMMAND: POST /session/e4ca631e3efb970409c1f6ae88247928/element/f.C691F06ADA7EF9549F3769A53F800D74.d.D20752FE79497C965C51BD0B37308D38.e.9640/click - {}
RESULT: {}
COMMAND: GET /session/e4ca631e3efb970409c1f6ae88247928/screenshot - {}
RESULT: {}
COMMAND: POST /session/e4ca631e3efb970409c1f6ae88247928/element - {"using":"xpath","value":"//button[@data-kt=\"priceInfoButton\"]"}
RESULT: {"using":"xpath","value":"//button[@data-kt=\"priceInfoButton\"]"}
COMMAND: POST /session/e4ca631e3efb970409c1f6ae88247928/element/f.C691F06ADA7EF9549F3769A53F800D74.d.D20752FE79497C965C51BD0B37308D38.e.9642/click - {}
RESULT: {}
COMMAND: GET /session/e4ca631e3efb970409c1f6ae88247928/screenshot - {}
RESULT: {}
]]></system-out>
    </testcase>
    <testcase classname="chrome.135_0_7049_115.windows.Create_master_data_for_mixed_billing_&amp;_do_billing_calculation_US151661" name="Should create a TB pricing procedure" time="52.341">
      <system-out><![CDATA[
COMMAND: POST /session/e4ca631e3efb970409c1f6ae88247928/element - {"using":"xpath","value":"//button[@data-kt=\"addButton\"]"}
RESULT: {"using":"xpath","value":"//button[@data-kt=\"addButton\"]"}
COMMAND: POST /session/e4ca631e3efb970409c1f6ae88247928/elements - {"using":"xpath","value":"//button[@data-kt=\"addButton\"]"}
RESULT: {"using":"xpath","value":"//button[@data-kt=\"addButton\"]"}
COMMAND: POST /session/e4ca631e3efb970409c1f6ae88247928/elements - {"using":"xpath","value":"//button[@data-kt=\"addButton\"]"}
RESULT: {"using":"xpath","value":"//button[@data-kt=\"addButton\"]"}
COMMAND: POST /session/e4ca631e3efb970409c1f6ae88247928/element - {"using":"xpath","value":"//button[@data-kt=\"addButton\"]"}
RESULT: {"using":"xpath","value":"//button[@data-kt=\"addButton\"]"}
COMMAND: POST /session/e4ca631e3efb970409c1f6ae88247928/execute/sync - {"script":"<script> [8489 bytes]","args":[{"element-6066-11e4-a52e-4f735466cecf":"f.C691F06ADA7EF9549F3769A53F800D74.d.D20752FE79497C965C51BD0B37308D38.e.9678","ELEMENT":"f.C691F06ADA7EF9549F3769A53F800D74.d.D20752FE79497C965C51BD0B37308D38.e.9678"}]}
RESULT: {"script":"<script> [8489 bytes]","args":[{"element-6066-11e4-a52e-4f735466cecf":"f.C691F06ADA7EF9549F3769A53F800D74.d.D20752FE79497C965C51BD0B37308D38.e.9678","ELEMENT":"f.C691F06ADA7EF9549F3769A53F800D74.d.D20752FE79497C965C51BD0B37308D38.e.9678"}]}
COMMAND: GET /session/e4ca631e3efb970409c1f6ae88247928/element/f.C691F06ADA7EF9549F3769A53F800D74.d.D20752FE79497C965C51BD0B37308D38.e.9678/enabled - {}
COMMAND: GET /session/e4ca631e3efb970409c1f6ae88247928/screenshot - {}
RESULT: {}
COMMAND: POST /session/e4ca631e3efb970409c1f6ae88247928/execute/sync - {"script":"<script> [8489 bytes]","args":[{"element-6066-11e4-a52e-4f735466cecf":"f.C691F06ADA7EF9549F3769A53F800D74.d.D20752FE79497C965C51BD0B37308D38.e.9678","ELEMENT":"f.C691F06ADA7EF9549F3769A53F800D74.d.D20752FE79497C965C51BD0B37308D38.e.9678"}]}
COMMAND: GET /session/e4ca631e3efb970409c1f6ae88247928/screenshot - {}
RESULT: {}
RESULT: {"script":"<script> [8489 bytes]","args":[{"element-6066-11e4-a52e-4f735466cecf":"f.C691F06ADA7EF9549F3769A53F800D74.d.D20752FE79497C965C51BD0B37308D38.e.9678","ELEMENT":"f.C691F06ADA7EF9549F3769A53F800D74.d.D20752FE79497C965C51BD0B37308D38.e.9678"}]}
COMMAND: POST /session/e4ca631e3efb970409c1f6ae88247928/execute/sync - {"script":"<script> [5351 bytes]","args":[{"element-6066-11e4-a52e-4f735466cecf":"f.C691F06ADA7EF9549F3769A53F800D74.d.D20752FE79497C965C51BD0B37308D38.e.9678","ELEMENT":"f.C691F06ADA7EF9549F3769A53F800D74.d.D20752FE79497C965C51BD0B37308D38.e.9678"}]}
COMMAND: GET /session/e4ca631e3efb970409c1f6ae88247928/screenshot - {}
RESULT: {}
RESULT: {"script":"<script> [5351 bytes]","args":[{"element-6066-11e4-a52e-4f735466cecf":"f.C691F06ADA7EF9549F3769A53F800D74.d.D20752FE79497C965C51BD0B37308D38.e.9678","ELEMENT":"f.C691F06ADA7EF9549F3769A53F800D74.d.D20752FE79497C965C51BD0B37308D38.e.9678"}]}
COMMAND: POST /session/e4ca631e3efb970409c1f6ae88247928/element/f.C691F06ADA7EF9549F3769A53F800D74.d.D20752FE79497C965C51BD0B37308D38.e.9678/click - {}
COMMAND: GET /session/e4ca631e3efb970409c1f6ae88247928/screenshot - {}
RESULT: {}
RESULT: {}
COMMAND: GET /session/e4ca631e3efb970409c1f6ae88247928/screenshot - {}
RESULT: {}
RESULT: {}
COMMAND: POST /session/e4ca631e3efb970409c1f6ae88247928/execute/async - {"script":"<script> [1562 bytes]","args":[{"selector":{"controlType":"sap.m.Title","viewName":"etm.portal.ui.managepricingrules.view.NewItem","viewId":"application-managepricingrules-display-component---newInfoPriceItem","properties":{"text":"New Pricing Rules - Item Level"}},"wdio_ui5_key":"etmportal.ui.managepricingrules.view.NewItemsap.m.Title{\"text\":\"New Pricing Rules - Item Level\"}"}]}
RESULT: {"script":"<script> [1562 bytes]","args":[{"selector":{"controlType":"sap.m.Title","viewName":"etm.portal.ui.managepricingrules.view.NewItem","viewId":"application-managepricingrules-display-component---newInfoPriceItem","properties":{"text":"New Pricing Rules - Item Level"}},"wdio_ui5_key":"etmportal.ui.managepricingrules.view.NewItemsap.m.Title{\"text\":\"New Pricing Rules - Item Level\"}"}]}
RESULT: undefined
COMMAND: POST /session/e4ca631e3efb970409c1f6ae88247928/execute/async - {"script":"<script> [6424 bytes]","args":[{"element-6066-11e4-a52e-4f735466cecf":"f.C691F06ADA7EF9549F3769A53F800D74.d.D20752FE79497C965C51BD0B37308D38.e.9848"},"getText",[]]}
RESULT: {"script":"<script> [6424 bytes]","args":[{"element-6066-11e4-a52e-4f735466cecf":"f.C691F06ADA7EF9549F3769A53F800D74.d.D20752FE79497C965C51BD0B37308D38.e.9848"},"getText",[]]}
COMMAND: POST /session/e4ca631e3efb970409c1f6ae88247928/execute/async - {"script":"<script> [1562 bytes]","args":[{"selector":{"id":"application-managepricingrules-display-component---newInfoPriceItem--condValidTo","interaction":{"idSuffix":"inner"}},"wdio_ui5_key":"applicationmanagepricingrules-display-component---newInfoPriceItem--condValidTo"}]}
RESULT: {"script":"<script> [1562 bytes]","args":[{"selector":{"id":"application-managepricingrules-display-component---newInfoPriceItem--condValidTo","interaction":{"idSuffix":"inner"}},"wdio_ui5_key":"applicationmanagepricingrules-display-component---newInfoPriceItem--condValidTo"}]}
RESULT: undefined
COMMAND: POST /session/e4ca631e3efb970409c1f6ae88247928/execute/async - {"script":"<script> [776 bytes]","args":[{"enterText":"01/07/26","selector":{"id":"application-managepricingrules-display-component---newInfoPriceItem--condValidTo","interaction":{"idSuffix":"inner"}},"clearTextFirst":true,"interactionType":"ENTER_TEXT"}]}
RESULT: {"script":"<script> [776 bytes]","args":[{"enterText":"01/07/26","selector":{"id":"application-managepricingrules-display-component---newInfoPriceItem--condValidTo","interaction":{"idSuffix":"inner"}},"clearTextFirst":true,"interactionType":"ENTER_TEXT"}]}
COMMAND: POST /session/e4ca631e3efb970409c1f6ae88247928/execute/async - {"script":"<script> [1562 bytes]","args":[{"selector":{"id":"application-managepricingrules-display-component---newInfoPriceItem--billType-arrow"},"wdio_ui5_key":"applicationmanagepricingrules-display-component---newInfoPriceItem--billType-arrow"}]}
RESULT: {"script":"<script> [1562 bytes]","args":[{"selector":{"id":"application-managepricingrules-display-component---newInfoPriceItem--billType-arrow"},"wdio_ui5_key":"applicationmanagepricingrules-display-component---newInfoPriceItem--billType-arrow"}]}
RESULT: undefined
COMMAND: POST /session/e4ca631e3efb970409c1f6ae88247928/element - {"using":"xpath","value":"//*[@id=\"application-managepricingrules-display-component---newInfoPriceItem--billType-arrow\"]"}
RESULT: {"using":"xpath","value":"//*[@id=\"application-managepricingrules-display-component---newInfoPriceItem--billType-arrow\"]"}
COMMAND: POST /session/e4ca631e3efb970409c1f6ae88247928/element/f.C691F06ADA7EF9549F3769A53F800D74.d.D20752FE79497C965C51BD0B37308D38.e.9808/click - {}
RESULT: {}
COMMAND: POST /session/e4ca631e3efb970409c1f6ae88247928/element - {"using":"xpath","value":"//span[contains(text(), \"TB - Time based\")]"}
COMMAND: GET /session/e4ca631e3efb970409c1f6ae88247928/screenshot - {}
RESULT: {"using":"xpath","value":"//span[contains(text(), \"TB - Time based\")]"}
COMMAND: POST /session/e4ca631e3efb970409c1f6ae88247928/element/f.C691F06ADA7EF9549F3769A53F800D74.d.D20752FE79497C965C51BD0B37308D38.e.9850/click - {}
RESULT: {}
RESULT: {}
COMMAND: POST /session/e4ca631e3efb970409c1f6ae88247928/execute/async - {"script":"<script> [1562 bytes]","args":[{"selector":{"id":"application-managepricingrules-display-component---newInfoPriceItem--priceProc-arrow"},"wdio_ui5_key":"applicationmanagepricingrules-display-component---newInfoPriceItem--priceProc-arrow"}]}
COMMAND: GET /session/e4ca631e3efb970409c1f6ae88247928/screenshot - {}
RESULT: {"script":"<script> [1562 bytes]","args":[{"selector":{"id":"application-managepricingrules-display-component---newInfoPriceItem--priceProc-arrow"},"wdio_ui5_key":"applicationmanagepricingrules-display-component---newInfoPriceItem--priceProc-arrow"}]}
RESULT: undefined
COMMAND: POST /session/e4ca631e3efb970409c1f6ae88247928/element - {"using":"xpath","value":"//*[@id=\"application-managepricingrules-display-component---newInfoPriceItem--priceProc-arrow\"]"}
RESULT: {}
RESULT: {"using":"xpath","value":"//*[@id=\"application-managepricingrules-display-component---newInfoPriceItem--priceProc-arrow\"]"}
COMMAND: POST /session/e4ca631e3efb970409c1f6ae88247928/element/f.C691F06ADA7EF9549F3769A53F800D74.d.D20752FE79497C965C51BD0B37308D38.e.9815/click - {}
RESULT: {}
COMMAND: POST /session/e4ca631e3efb970409c1f6ae88247928/element - {"using":"xpath","value":"//span[contains(text(), \"TB - Time based BGL\")]"}
COMMAND: GET /session/e4ca631e3efb970409c1f6ae88247928/screenshot - {}
RESULT: {"using":"xpath","value":"//span[contains(text(), \"TB - Time based BGL\")]"}
COMMAND: POST /session/e4ca631e3efb970409c1f6ae88247928/element/f.C691F06ADA7EF9549F3769A53F800D74.d.D20752FE79497C965C51BD0B37308D38.e.9851/click - {}
RESULT: {}
RESULT: {}
COMMAND: POST /session/e4ca631e3efb970409c1f6ae88247928/execute/async - {"script":"<script> [1562 bytes]","args":[{"selector":{"id":"application-managepricingrules-display-component---newInfoPriceItem--calcBase-arrow"},"wdio_ui5_key":"applicationmanagepricingrules-display-component---newInfoPriceItem--calcBase-arrow"}]}
COMMAND: GET /session/e4ca631e3efb970409c1f6ae88247928/screenshot - {}
RESULT: {"script":"<script> [1562 bytes]","args":[{"selector":{"id":"application-managepricingrules-display-component---newInfoPriceItem--calcBase-arrow"},"wdio_ui5_key":"applicationmanagepricingrules-display-component---newInfoPriceItem--calcBase-arrow"}]}
RESULT: undefined
COMMAND: POST /session/e4ca631e3efb970409c1f6ae88247928/element - {"using":"xpath","value":"//*[@id=\"application-managepricingrules-display-component---newInfoPriceItem--calcBase-arrow\"]"}
RESULT: {}
RESULT: {"using":"xpath","value":"//*[@id=\"application-managepricingrules-display-component---newInfoPriceItem--calcBase-arrow\"]"}
COMMAND: POST /session/e4ca631e3efb970409c1f6ae88247928/element/f.C691F06ADA7EF9549F3769A53F800D74.d.D20752FE79497C965C51BD0B37308D38.e.9822/click - {}
RESULT: {}
COMMAND: GET /session/e4ca631e3efb970409c1f6ae88247928/screenshot - {}
RESULT: {}
COMMAND: POST /session/e4ca631e3efb970409c1f6ae88247928/element - {"using":"xpath","value":"//span[contains(text(), \"0006 - TB(calendar days)\")]"}
RESULT: {"using":"xpath","value":"//span[contains(text(), \"0006 - TB(calendar days)\")]"}
COMMAND: POST /session/e4ca631e3efb970409c1f6ae88247928/element/f.C691F06ADA7EF9549F3769A53F800D74.d.D20752FE79497C965C51BD0B37308D38.e.9852/click - {}
RESULT: {}
COMMAND: GET /session/e4ca631e3efb970409c1f6ae88247928/screenshot - {}
RESULT: {}
COMMAND: POST /session/e4ca631e3efb970409c1f6ae88247928/execute/async - {"script":"<script> [1562 bytes]","args":[{"selector":{"id":"application-managepricingrules-display-component---newInfoPriceItem--hoursMonth","interaction":{"idSuffix":"inner"}},"wdio_ui5_key":"applicationmanagepricingrules-display-component---newInfoPriceItem--hoursMonth"}]}
RESULT: {"script":"<script> [1562 bytes]","args":[{"selector":{"id":"application-managepricingrules-display-component---newInfoPriceItem--hoursMonth","interaction":{"idSuffix":"inner"}},"wdio_ui5_key":"applicationmanagepricingrules-display-component---newInfoPriceItem--hoursMonth"}]}
RESULT: undefined
COMMAND: POST /session/e4ca631e3efb970409c1f6ae88247928/execute/async - {"script":"<script> [776 bytes]","args":[{"enterText":"160","selector":{"id":"application-managepricingrules-display-component---newInfoPriceItem--hoursMonth","interaction":{"idSuffix":"inner"}},"clearTextFirst":true,"interactionType":"ENTER_TEXT"}]}
RESULT: {"script":"<script> [776 bytes]","args":[{"enterText":"160","selector":{"id":"application-managepricingrules-display-component---newInfoPriceItem--hoursMonth","interaction":{"idSuffix":"inner"}},"clearTextFirst":true,"interactionType":"ENTER_TEXT"}]}
COMMAND: POST /session/e4ca631e3efb970409c1f6ae88247928/execute/async - {"script":"<script> [1562 bytes]","args":[{"selector":{"id":"application-managepricingrules-display-component---newInfoPriceItem--daysMonth","interaction":{"idSuffix":"inner"}},"wdio_ui5_key":"applicationmanagepricingrules-display-component---newInfoPriceItem--daysMonth"}]}
RESULT: {"script":"<script> [1562 bytes]","args":[{"selector":{"id":"application-managepricingrules-display-component---newInfoPriceItem--daysMonth","interaction":{"idSuffix":"inner"}},"wdio_ui5_key":"applicationmanagepricingrules-display-component---newInfoPriceItem--daysMonth"}]}
RESULT: undefined
COMMAND: POST /session/e4ca631e3efb970409c1f6ae88247928/execute/async - {"script":"<script> [776 bytes]","args":[{"enterText":"30","selector":{"id":"application-managepricingrules-display-component---newInfoPriceItem--daysMonth","interaction":{"idSuffix":"inner"}},"clearTextFirst":true,"interactionType":"ENTER_TEXT"}]}
RESULT: {"script":"<script> [776 bytes]","args":[{"enterText":"30","selector":{"id":"application-managepricingrules-display-component---newInfoPriceItem--daysMonth","interaction":{"idSuffix":"inner"}},"clearTextFirst":true,"interactionType":"ENTER_TEXT"}]}
COMMAND: POST /session/e4ca631e3efb970409c1f6ae88247928/element - {"using":"xpath","value":"//button[@data-kt=\"saveNewRuleButton\"]"}
RESULT: {"using":"xpath","value":"//button[@data-kt=\"saveNewRuleButton\"]"}
COMMAND: POST /session/e4ca631e3efb970409c1f6ae88247928/element/f.C691F06ADA7EF9549F3769A53F800D74.d.D20752FE79497C965C51BD0B37308D38.e.9842/click - {}
RESULT: {}
COMMAND: GET /session/e4ca631e3efb970409c1f6ae88247928/screenshot - {}
RESULT: {}
COMMAND: POST /session/e4ca631e3efb970409c1f6ae88247928/execute/async - {"script":"<script> [1562 bytes]","args":[{"selector":{"id":"application-managepricingrules-display-component---priceInfoItem--smartFilterBar-btnBasicSearch","interaction":{"idSuffix":"I"}},"wdio_ui5_key":"applicationmanagepricingrules-display-component---priceInfoItem--smartFilterBar-btnBasicSearch"}]}
RESULT: {"script":"<script> [1562 bytes]","args":[{"selector":{"id":"application-managepricingrules-display-component---priceInfoItem--smartFilterBar-btnBasicSearch","interaction":{"idSuffix":"I"}},"wdio_ui5_key":"applicationmanagepricingrules-display-component---priceInfoItem--smartFilterBar-btnBasicSearch"}]}
RESULT: undefined
COMMAND: POST /session/e4ca631e3efb970409c1f6ae88247928/execute/async - {"script":"<script> [776 bytes]","args":[{"enterText":"G4Xzp5LISS","selector":{"id":"application-managepricingrules-display-component---priceInfoItem--smartFilterBar-btnBasicSearch","interaction":{"idSuffix":"I"}},"clearTextFirst":true,"interactionType":"ENTER_TEXT"}]}
RESULT: {"script":"<script> [776 bytes]","args":[{"enterText":"G4Xzp5LISS","selector":{"id":"application-managepricingrules-display-component---priceInfoItem--smartFilterBar-btnBasicSearch","interaction":{"idSuffix":"I"}},"clearTextFirst":true,"interactionType":"ENTER_TEXT"}]}
COMMAND: POST /session/e4ca631e3efb970409c1f6ae88247928/actions - {"actions":[{"id":"action32","type":"key","parameters":{},"actions":[{"type":"keyDown","value":"î€‡"},{"type":"pause","duration":10},{"type":"keyUp","value":"î€‡"}]}]}
RESULT: {"actions":[{"id":"action32","type":"key","parameters":{},"actions":[{"type":"keyDown","value":"î€‡"},{"type":"pause","duration":10},{"type":"keyUp","value":"î€‡"}]}]}
COMMAND: GET /session/e4ca631e3efb970409c1f6ae88247928/screenshot - {}
RESULT: {}
COMMAND: POST /session/e4ca631e3efb970409c1f6ae88247928/element - {"using":"xpath","value":"//span[@id=\"application-managepricingrules-display-component---priceInfoItem--smartTable-header-inner\"]"}
RESULT: {"using":"xpath","value":"//span[@id=\"application-managepricingrules-display-component---priceInfoItem--smartTable-header-inner\"]"}
COMMAND: POST /session/e4ca631e3efb970409c1f6ae88247928/elements - {"using":"xpath","value":"//span[@id=\"application-managepricingrules-display-component---priceInfoItem--smartTable-header-inner\"]"}
RESULT: {"using":"xpath","value":"//span[@id=\"application-managepricingrules-display-component---priceInfoItem--smartTable-header-inner\"]"}
COMMAND: POST /session/e4ca631e3efb970409c1f6ae88247928/execute/sync - {"script":"<script> [56 bytes]","args":[{"element-6066-11e4-a52e-4f735466cecf":"f.C691F06ADA7EF9549F3769A53F800D74.d.D20752FE79497C965C51BD0B37308D38.e.9877","ELEMENT":"f.C691F06ADA7EF9549F3769A53F800D74.d.D20752FE79497C965C51BD0B37308D38.e.9877"}]}
RESULT: {"script":"<script> [56 bytes]","args":[{"element-6066-11e4-a52e-4f735466cecf":"f.C691F06ADA7EF9549F3769A53F800D74.d.D20752FE79497C965C51BD0B37308D38.e.9877","ELEMENT":"f.C691F06ADA7EF9549F3769A53F800D74.d.D20752FE79497C965C51BD0B37308D38.e.9877"}]}
COMMAND: POST /session/e4ca631e3efb970409c1f6ae88247928/element - {"using":"css selector","value":"#shell-header-logo"}
COMMAND: GET /session/e4ca631e3efb970409c1f6ae88247928/screenshot - {}
RESULT: {"using":"css selector","value":"#shell-header-logo"}
COMMAND: POST /session/e4ca631e3efb970409c1f6ae88247928/element/f.C691F06ADA7EF9549F3769A53F800D74.d.D20752FE79497C965C51BD0B37308D38.e.8809/click - {}
RESULT: {}
RESULT: {}
COMMAND: GET /session/e4ca631e3efb970409c1f6ae88247928/screenshot - {}
RESULT: {}
]]></system-out>
    </testcase>
    <testcase classname="chrome.135_0_7049_115.windows.Create_master_data_for_mixed_billing_&amp;_do_billing_calculation_US151661" name="Should add one time condition" time="63.111">
      <system-out><![CDATA[
COMMAND: POST /session/e4ca631e3efb970409c1f6ae88247928/execute/async - {"script":"<script> [1562 bytes]","args":[{"selector":{"controlType":"sap.m.Text","properties":{"text":"Manage Conditions & Prices"},"interaction":{"idSuffix":"inner"}},"wdio_ui5_key":"sapm.Text{\"text\":\"Manage Conditions & Prices\"}"}]}
RESULT: {"script":"<script> [1562 bytes]","args":[{"selector":{"controlType":"sap.m.Text","properties":{"text":"Manage Conditions & Prices"},"interaction":{"idSuffix":"inner"}},"wdio_ui5_key":"sapm.Text{\"text\":\"Manage Conditions & Prices\"}"}]}
RESULT: undefined
COMMAND: POST /session/e4ca631e3efb970409c1f6ae88247928/element - {"using":"xpath","value":"//*[@id=\"__tile93-title\"]"}
RESULT: {"using":"xpath","value":"//*[@id=\"__tile93-title\"]"}
COMMAND: POST /session/e4ca631e3efb970409c1f6ae88247928/element/f.C691F06ADA7EF9549F3769A53F800D74.d.D20752FE79497C965C51BD0B37308D38.e.9880/click - {}
RESULT: {}
COMMAND: POST /session/e4ca631e3efb970409c1f6ae88247928/element - {"using":"xpath","value":"//button[@aria-label=\"Create\"]"}
COMMAND: GET /session/e4ca631e3efb970409c1f6ae88247928/screenshot - {}
RESULT: {"using":"xpath","value":"//button[@aria-label=\"Create\"]"}
COMMAND: POST /session/e4ca631e3efb970409c1f6ae88247928/elements - {"using":"xpath","value":"//button[@aria-label=\"Create\"]"}
RESULT: {}
RESULT: {"using":"xpath","value":"//button[@aria-label=\"Create\"]"}
COMMAND: POST /session/e4ca631e3efb970409c1f6ae88247928/elements - {"using":"xpath","value":"//button[@aria-label=\"Create\"]"}
RESULT: {"using":"xpath","value":"//button[@aria-label=\"Create\"]"}
COMMAND: POST /session/e4ca631e3efb970409c1f6ae88247928/elements - {"using":"xpath","value":"//button[@aria-label=\"Create\"]"}
RESULT: {"using":"xpath","value":"//button[@aria-label=\"Create\"]"}
COMMAND: POST /session/e4ca631e3efb970409c1f6ae88247928/elements - {"using":"xpath","value":"//button[@aria-label=\"Create\"]"}
RESULT: {"using":"xpath","value":"//button[@aria-label=\"Create\"]"}
COMMAND: POST /session/e4ca631e3efb970409c1f6ae88247928/elements - {"using":"xpath","value":"//button[@aria-label=\"Create\"]"}
RESULT: {"using":"xpath","value":"//button[@aria-label=\"Create\"]"}
COMMAND: POST /session/e4ca631e3efb970409c1f6ae88247928/elements - {"using":"xpath","value":"//button[@aria-label=\"Create\"]"}
RESULT: {"using":"xpath","value":"//button[@aria-label=\"Create\"]"}
COMMAND: POST /session/e4ca631e3efb970409c1f6ae88247928/elements - {"using":"xpath","value":"//button[@aria-label=\"Create\"]"}
RESULT: {"using":"xpath","value":"//button[@aria-label=\"Create\"]"}
COMMAND: POST /session/e4ca631e3efb970409c1f6ae88247928/elements - {"using":"xpath","value":"//button[@aria-label=\"Create\"]"}
RESULT: {"using":"xpath","value":"//button[@aria-label=\"Create\"]"}
COMMAND: POST /session/e4ca631e3efb970409c1f6ae88247928/elements - {"using":"xpath","value":"//button[@aria-label=\"Create\"]"}
RESULT: {"using":"xpath","value":"//button[@aria-label=\"Create\"]"}
COMMAND: POST /session/e4ca631e3efb970409c1f6ae88247928/elements - {"using":"xpath","value":"//button[@aria-label=\"Create\"]"}
RESULT: {"using":"xpath","value":"//button[@aria-label=\"Create\"]"}
COMMAND: POST /session/e4ca631e3efb970409c1f6ae88247928/elements - {"using":"xpath","value":"//button[@aria-label=\"Create\"]"}
RESULT: {"using":"xpath","value":"//button[@aria-label=\"Create\"]"}
COMMAND: POST /session/e4ca631e3efb970409c1f6ae88247928/element - {"using":"xpath","value":"//button[@aria-label=\"Create\"]"}
RESULT: {"using":"xpath","value":"//button[@aria-label=\"Create\"]"}
COMMAND: POST /session/e4ca631e3efb970409c1f6ae88247928/execute/sync - {"script":"<script> [8489 bytes]","args":[{"element-6066-11e4-a52e-4f735466cecf":"f.C691F06ADA7EF9549F3769A53F800D74.d.D20752FE79497C965C51BD0B37308D38.e.9914","ELEMENT":"f.C691F06ADA7EF9549F3769A53F800D74.d.D20752FE79497C965C51BD0B37308D38.e.9914"}]}
RESULT: {"script":"<script> [8489 bytes]","args":[{"element-6066-11e4-a52e-4f735466cecf":"f.C691F06ADA7EF9549F3769A53F800D74.d.D20752FE79497C965C51BD0B37308D38.e.9914","ELEMENT":"f.C691F06ADA7EF9549F3769A53F800D74.d.D20752FE79497C965C51BD0B37308D38.e.9914"}]}
COMMAND: GET /session/e4ca631e3efb970409c1f6ae88247928/element/f.C691F06ADA7EF9549F3769A53F800D74.d.D20752FE79497C965C51BD0B37308D38.e.9914/enabled - {}
COMMAND: GET /session/e4ca631e3efb970409c1f6ae88247928/screenshot - {}
RESULT: {}
COMMAND: POST /session/e4ca631e3efb970409c1f6ae88247928/execute/sync - {"script":"<script> [8489 bytes]","args":[{"element-6066-11e4-a52e-4f735466cecf":"f.C691F06ADA7EF9549F3769A53F800D74.d.D20752FE79497C965C51BD0B37308D38.e.9914","ELEMENT":"f.C691F06ADA7EF9549F3769A53F800D74.d.D20752FE79497C965C51BD0B37308D38.e.9914"}]}
COMMAND: GET /session/e4ca631e3efb970409c1f6ae88247928/screenshot - {}
RESULT: {}
RESULT: {"script":"<script> [8489 bytes]","args":[{"element-6066-11e4-a52e-4f735466cecf":"f.C691F06ADA7EF9549F3769A53F800D74.d.D20752FE79497C965C51BD0B37308D38.e.9914","ELEMENT":"f.C691F06ADA7EF9549F3769A53F800D74.d.D20752FE79497C965C51BD0B37308D38.e.9914"}]}
COMMAND: POST /session/e4ca631e3efb970409c1f6ae88247928/execute/sync - {"script":"<script> [5351 bytes]","args":[{"element-6066-11e4-a52e-4f735466cecf":"f.C691F06ADA7EF9549F3769A53F800D74.d.D20752FE79497C965C51BD0B37308D38.e.9914","ELEMENT":"f.C691F06ADA7EF9549F3769A53F800D74.d.D20752FE79497C965C51BD0B37308D38.e.9914"}]}
COMMAND: GET /session/e4ca631e3efb970409c1f6ae88247928/screenshot - {}
RESULT: {}
RESULT: {"script":"<script> [5351 bytes]","args":[{"element-6066-11e4-a52e-4f735466cecf":"f.C691F06ADA7EF9549F3769A53F800D74.d.D20752FE79497C965C51BD0B37308D38.e.9914","ELEMENT":"f.C691F06ADA7EF9549F3769A53F800D74.d.D20752FE79497C965C51BD0B37308D38.e.9914"}]}
COMMAND: POST /session/e4ca631e3efb970409c1f6ae88247928/element/f.C691F06ADA7EF9549F3769A53F800D74.d.D20752FE79497C965C51BD0B37308D38.e.9914/click - {}
COMMAND: GET /session/e4ca631e3efb970409c1f6ae88247928/screenshot - {}
RESULT: {}
RESULT: {}
COMMAND: GET /session/e4ca631e3efb970409c1f6ae88247928/screenshot - {}
RESULT: {}
RESULT: {}
COMMAND: POST /session/e4ca631e3efb970409c1f6ae88247928/actions - {"actions":[{"id":"action33","type":"key","parameters":{},"actions":[{"type":"keyDown","value":"î€‡"},{"type":"pause","duration":10},{"type":"keyUp","value":"î€‡"}]}]}
RESULT: {"actions":[{"id":"action33","type":"key","parameters":{},"actions":[{"type":"keyDown","value":"î€‡"},{"type":"pause","duration":10},{"type":"keyUp","value":"î€‡"}]}]}
COMMAND: GET /session/e4ca631e3efb970409c1f6ae88247928/screenshot - {}
RESULT: {}
COMMAND: POST /session/e4ca631e3efb970409c1f6ae88247928/execute/async - {"script":"<script> [1562 bytes]","args":[{"selector":{"id":"application-manageconditionprice-display-component---newCondition--condBillCond-arrow"},"wdio_ui5_key":"applicationmanageconditionprice-display-component---newCondition--condBillCond-arrow"}]}
RESULT: {"script":"<script> [1562 bytes]","args":[{"selector":{"id":"application-manageconditionprice-display-component---newCondition--condBillCond-arrow"},"wdio_ui5_key":"applicationmanageconditionprice-display-component---newCondition--condBillCond-arrow"}]}
RESULT: undefined
COMMAND: POST /session/e4ca631e3efb970409c1f6ae88247928/element - {"using":"xpath","value":"//*[@id=\"application-manageconditionprice-display-component---newCondition--condBillCond-arrow\"]"}
RESULT: {"using":"xpath","value":"//*[@id=\"application-manageconditionprice-display-component---newCondition--condBillCond-arrow\"]"}
COMMAND: POST /session/e4ca631e3efb970409c1f6ae88247928/element/f.C691F06ADA7EF9549F3769A53F800D74.d.D20752FE79497C965C51BD0B37308D38.e.10090/click - {}
RESULT: {}
COMMAND: GET /session/e4ca631e3efb970409c1f6ae88247928/screenshot - {}
RESULT: {}
COMMAND: POST /session/e4ca631e3efb970409c1f6ae88247928/element - {"using":"xpath","value":"//li[.//span[contains(text(), \"SAPR - Sales price\")]]"}
RESULT: {"using":"xpath","value":"//li[.//span[contains(text(), \"SAPR - Sales price\")]]"}
COMMAND: POST /session/e4ca631e3efb970409c1f6ae88247928/element/f.C691F06ADA7EF9549F3769A53F800D74.d.D20752FE79497C965C51BD0B37308D38.e.10094/click - {}
RESULT: {}
COMMAND: GET /session/e4ca631e3efb970409c1f6ae88247928/screenshot - {}
RESULT: {}
COMMAND: POST /session/e4ca631e3efb970409c1f6ae88247928/execute/async - {"script":"<script> [1562 bytes]","args":[{"selector":{"id":"application-manageconditionprice-display-component---newCondition--condValidTo","interaction":{"idSuffix":"inner"}},"wdio_ui5_key":"applicationmanageconditionprice-display-component---newCondition--condValidTo"}]}
RESULT: {"script":"<script> [1562 bytes]","args":[{"selector":{"id":"application-manageconditionprice-display-component---newCondition--condValidTo","interaction":{"idSuffix":"inner"}},"wdio_ui5_key":"applicationmanageconditionprice-display-component---newCondition--condValidTo"}]}
RESULT: undefined
COMMAND: POST /session/e4ca631e3efb970409c1f6ae88247928/execute/async - {"script":"<script> [776 bytes]","args":[{"enterText":"01/07/26","selector":{"id":"application-manageconditionprice-display-component---newCondition--condValidTo","interaction":{"idSuffix":"inner"}},"clearTextFirst":true,"interactionType":"ENTER_TEXT"}]}
RESULT: {"script":"<script> [776 bytes]","args":[{"enterText":"01/07/26","selector":{"id":"application-manageconditionprice-display-component---newCondition--condValidTo","interaction":{"idSuffix":"inner"}},"clearTextFirst":true,"interactionType":"ENTER_TEXT"}]}
COMMAND: POST /session/e4ca631e3efb970409c1f6ae88247928/element - {"using":"xpath","value":"//input[@id=\"application-manageconditionprice-display-component---newCondition--condRU-inner\"]"}
RESULT: {"using":"xpath","value":"//input[@id=\"application-manageconditionprice-display-component---newCondition--condRU-inner\"]"}
COMMAND: POST /session/e4ca631e3efb970409c1f6ae88247928/element/f.C691F06ADA7EF9549F3769A53F800D74.d.D20752FE79497C965C51BD0B37308D38.e.9955/clear - {}
RESULT: {}
COMMAND: POST /session/e4ca631e3efb970409c1f6ae88247928/element/f.C691F06ADA7EF9549F3769A53F800D74.d.D20752FE79497C965C51BD0B37308D38.e.9955/value - {"text":"G4Xzp5LISS"}
COMMAND: GET /session/e4ca631e3efb970409c1f6ae88247928/screenshot - {}
RESULT: {"text":"G4Xzp5LISS"}
COMMAND: GET /session/e4ca631e3efb970409c1f6ae88247928/screenshot - {}
RESULT: {}
RESULT: {}
COMMAND: POST /session/e4ca631e3efb970409c1f6ae88247928/actions - {"actions":[{"id":"action34","type":"key","parameters":{},"actions":[{"type":"keyDown","value":"î€‡"},{"type":"pause","duration":10},{"type":"keyUp","value":"î€‡"}]}]}
RESULT: {"actions":[{"id":"action34","type":"key","parameters":{},"actions":[{"type":"keyDown","value":"î€‡"},{"type":"pause","duration":10},{"type":"keyUp","value":"î€‡"}]}]}
COMMAND: POST /session/e4ca631e3efb970409c1f6ae88247928/execute/async - {"script":"<script> [1562 bytes]","args":[{"selector":{"id":"application-manageconditionprice-display-component---newCondition--condBaseQty","interaction":{"idSuffix":"inner"}},"wdio_ui5_key":"applicationmanageconditionprice-display-component---newCondition--condBaseQty"}]}
COMMAND: GET /session/e4ca631e3efb970409c1f6ae88247928/screenshot - {}
RESULT: {"script":"<script> [1562 bytes]","args":[{"selector":{"id":"application-manageconditionprice-display-component---newCondition--condBaseQty","interaction":{"idSuffix":"inner"}},"wdio_ui5_key":"applicationmanageconditionprice-display-component---newCondition--condBaseQty"}]}
RESULT: undefined
COMMAND: POST /session/e4ca631e3efb970409c1f6ae88247928/execute/async - {"script":"<script> [776 bytes]","args":[{"enterText":"1","selector":{"id":"application-manageconditionprice-display-component---newCondition--condBaseQty","interaction":{"idSuffix":"inner"}},"clearTextFirst":true,"interactionType":"ENTER_TEXT"}]}
RESULT: {}
RESULT: {"script":"<script> [776 bytes]","args":[{"enterText":"1","selector":{"id":"application-manageconditionprice-display-component---newCondition--condBaseQty","interaction":{"idSuffix":"inner"}},"clearTextFirst":true,"interactionType":"ENTER_TEXT"}]}
COMMAND: POST /session/e4ca631e3efb970409c1f6ae88247928/execute/async - {"script":"<script> [1562 bytes]","args":[{"selector":{"id":"application-manageconditionprice-display-component---newCondition--condValue","interaction":{"idSuffix":"inner"}},"wdio_ui5_key":"applicationmanageconditionprice-display-component---newCondition--condValue"}]}
RESULT: {"script":"<script> [1562 bytes]","args":[{"selector":{"id":"application-manageconditionprice-display-component---newCondition--condValue","interaction":{"idSuffix":"inner"}},"wdio_ui5_key":"applicationmanageconditionprice-display-component---newCondition--condValue"}]}
RESULT: undefined
COMMAND: POST /session/e4ca631e3efb970409c1f6ae88247928/execute/async - {"script":"<script> [776 bytes]","args":[{"enterText":"200","selector":{"id":"application-manageconditionprice-display-component---newCondition--condValue","interaction":{"idSuffix":"inner"}},"clearTextFirst":true,"interactionType":"ENTER_TEXT"}]}
RESULT: {"script":"<script> [776 bytes]","args":[{"enterText":"200","selector":{"id":"application-manageconditionprice-display-component---newCondition--condValue","interaction":{"idSuffix":"inner"}},"clearTextFirst":true,"interactionType":"ENTER_TEXT"}]}
COMMAND: POST /session/e4ca631e3efb970409c1f6ae88247928/execute/async - {"script":"<script> [1562 bytes]","args":[{"selector":{"id":"application-manageconditionprice-display-component---newCondition--condCurr-arrow"},"wdio_ui5_key":"applicationmanageconditionprice-display-component---newCondition--condCurr-arrow"}]}
RESULT: {"script":"<script> [1562 bytes]","args":[{"selector":{"id":"application-manageconditionprice-display-component---newCondition--condCurr-arrow"},"wdio_ui5_key":"applicationmanageconditionprice-display-component---newCondition--condCurr-arrow"}]}
RESULT: undefined
COMMAND: POST /session/e4ca631e3efb970409c1f6ae88247928/element - {"using":"xpath","value":"//*[@id=\"application-manageconditionprice-display-component---newCondition--condCurr-arrow\"]"}
RESULT: {"using":"xpath","value":"//*[@id=\"application-manageconditionprice-display-component---newCondition--condCurr-arrow\"]"}
COMMAND: POST /session/e4ca631e3efb970409c1f6ae88247928/element/f.C691F06ADA7EF9549F3769A53F800D74.d.D20752FE79497C965C51BD0B37308D38.e.10075/click - {}
RESULT: {}
COMMAND: POST /session/e4ca631e3efb970409c1f6ae88247928/element - {"using":"xpath","value":"//span[contains(text(), \"Euro\")]"}
COMMAND: GET /session/e4ca631e3efb970409c1f6ae88247928/screenshot - {}
RESULT: {"using":"xpath","value":"//span[contains(text(), \"Euro\")]"}
COMMAND: POST /session/e4ca631e3efb970409c1f6ae88247928/element/f.C691F06ADA7EF9549F3769A53F800D74.d.D20752FE79497C965C51BD0B37308D38.e.10132/click - {}
RESULT: {}
RESULT: {}
COMMAND: POST /session/e4ca631e3efb970409c1f6ae88247928/element - {"using":"xpath","value":"//button[@data-kt=\"saveButton\"]"}
COMMAND: GET /session/e4ca631e3efb970409c1f6ae88247928/screenshot - {}
RESULT: {"using":"xpath","value":"//button[@data-kt=\"saveButton\"]"}
COMMAND: POST /session/e4ca631e3efb970409c1f6ae88247928/element/f.C691F06ADA7EF9549F3769A53F800D74.d.D20752FE79497C965C51BD0B37308D38.e.10076/click - {}
RESULT: {}
RESULT: {}
COMMAND: GET /session/e4ca631e3efb970409c1f6ae88247928/screenshot - {}
RESULT: {}
COMMAND: POST /session/e4ca631e3efb970409c1f6ae88247928/execute/async - {"script":"<script> [1562 bytes]","args":[{"selector":{"id":"application-manageconditionprice-display-component---conditions--smartFilterBar-btnBasicSearch","interaction":{"idSuffix":"I"}},"wdio_ui5_key":"applicationmanageconditionprice-display-component---conditions--smartFilterBar-btnBasicSearch"}]}
RESULT: {"script":"<script> [1562 bytes]","args":[{"selector":{"id":"application-manageconditionprice-display-component---conditions--smartFilterBar-btnBasicSearch","interaction":{"idSuffix":"I"}},"wdio_ui5_key":"applicationmanageconditionprice-display-component---conditions--smartFilterBar-btnBasicSearch"}]}
RESULT: undefined
COMMAND: POST /session/e4ca631e3efb970409c1f6ae88247928/execute/async - {"script":"<script> [776 bytes]","args":[{"enterText":"G4Xzp5LISS","selector":{"id":"application-manageconditionprice-display-component---conditions--smartFilterBar-btnBasicSearch","interaction":{"idSuffix":"I"}},"clearTextFirst":true,"interactionType":"ENTER_TEXT"}]}
RESULT: {"script":"<script> [776 bytes]","args":[{"enterText":"G4Xzp5LISS","selector":{"id":"application-manageconditionprice-display-component---conditions--smartFilterBar-btnBasicSearch","interaction":{"idSuffix":"I"}},"clearTextFirst":true,"interactionType":"ENTER_TEXT"}]}
COMMAND: POST /session/e4ca631e3efb970409c1f6ae88247928/actions - {"actions":[{"id":"action35","type":"key","parameters":{},"actions":[{"type":"keyDown","value":"î€‡"},{"type":"pause","duration":10},{"type":"keyUp","value":"î€‡"}]}]}
RESULT: {"actions":[{"id":"action35","type":"key","parameters":{},"actions":[{"type":"keyDown","value":"î€‡"},{"type":"pause","duration":10},{"type":"keyUp","value":"î€‡"}]}]}
COMMAND: GET /session/e4ca631e3efb970409c1f6ae88247928/screenshot - {}
RESULT: {}
COMMAND: POST /session/e4ca631e3efb970409c1f6ae88247928/execute/async - {"script":"<script> [1562 bytes]","args":[{"selector":{"id":"application-manageconditionprice-display-component---conditions--smartFilterBar-filterItemControl_BASIC-BILL_TYPES-vhi"},"wdio_ui5_key":"applicationmanageconditionprice-display-component---conditions--smartFilterBar-filterItemControl_BASIC-BILL_TYPES-vhi"}]}
RESULT: {"script":"<script> [1562 bytes]","args":[{"selector":{"id":"application-manageconditionprice-display-component---conditions--smartFilterBar-filterItemControl_BASIC-BILL_TYPES-vhi"},"wdio_ui5_key":"applicationmanageconditionprice-display-component---conditions--smartFilterBar-filterItemControl_BASIC-BILL_TYPES-vhi"}]}
RESULT: undefined
COMMAND: POST /session/e4ca631e3efb970409c1f6ae88247928/element - {"using":"xpath","value":"//*[@id=\"application-manageconditionprice-display-component---conditions--smartFilterBar-filterItemControl_BASIC-BILL_TYPES-vhi\"]"}
RESULT: {"using":"xpath","value":"//*[@id=\"application-manageconditionprice-display-component---conditions--smartFilterBar-filterItemControl_BASIC-BILL_TYPES-vhi\"]"}
COMMAND: POST /session/e4ca631e3efb970409c1f6ae88247928/element/f.C691F06ADA7EF9549F3769A53F800D74.d.D20752FE79497C965C51BD0B37308D38.e.10148/click - {}
RESULT: {}
COMMAND: POST /session/e4ca631e3efb970409c1f6ae88247928/execute/async - {"script":"<script> [1562 bytes]","args":[{"selector":{"id":"application-manageconditionprice-display-component---conditions--smartFilterBar-filterItemControl_BASIC-BILL_TYPES-valueHelpDialog-smartFilterBar-btnBasicSearch","searchOpenDialogs":true,"interaction":{"idSuffix":"I"}},"wdio_ui5_key":"applicationmanageconditionprice-display-component---conditions--smartFilterBar-filterItemControl_BASIC-BILL_TYPES-valueHelpDialog-smartFilterBar-btnBasicSearch"}]}
COMMAND: GET /session/e4ca631e3efb970409c1f6ae88247928/screenshot - {}
RESULT: {"script":"<script> [1562 bytes]","args":[{"selector":{"id":"application-manageconditionprice-display-component---conditions--smartFilterBar-filterItemControl_BASIC-BILL_TYPES-valueHelpDialog-smartFilterBar-btnBasicSearch","searchOpenDialogs":true,"interaction":{"idSuffix":"I"}},"wdio_ui5_key":"applicationmanageconditionprice-display-component---conditions--smartFilterBar-filterItemControl_BASIC-BILL_TYPES-valueHelpDialog-smartFilterBar-btnBasicSearch"}]}
RESULT: undefined
COMMAND: POST /session/e4ca631e3efb970409c1f6ae88247928/execute/async - {"script":"<script> [776 bytes]","args":[{"enterText":"one","selector":{"id":"application-manageconditionprice-display-component---conditions--smartFilterBar-filterItemControl_BASIC-BILL_TYPES-valueHelpDialog-smartFilterBar-btnBasicSearch","searchOpenDialogs":true,"interaction":{"idSuffix":"I"}},"clearTextFirst":true,"interactionType":"ENTER_TEXT"}]}
RESULT: {}
RESULT: {"script":"<script> [776 bytes]","args":[{"enterText":"one","selector":{"id":"application-manageconditionprice-display-component---conditions--smartFilterBar-filterItemControl_BASIC-BILL_TYPES-valueHelpDialog-smartFilterBar-btnBasicSearch","searchOpenDialogs":true,"interaction":{"idSuffix":"I"}},"clearTextFirst":true,"interactionType":"ENTER_TEXT"}]}
COMMAND: POST /session/e4ca631e3efb970409c1f6ae88247928/actions - {"actions":[{"id":"action36","type":"key","parameters":{},"actions":[{"type":"keyDown","value":"î€‡"},{"type":"pause","duration":10},{"type":"keyUp","value":"î€‡"}]}]}
RESULT: {"actions":[{"id":"action36","type":"key","parameters":{},"actions":[{"type":"keyDown","value":"î€‡"},{"type":"pause","duration":10},{"type":"keyUp","value":"î€‡"}]}]}
COMMAND: GET /session/e4ca631e3efb970409c1f6ae88247928/screenshot - {}
RESULT: {}
COMMAND: POST /session/e4ca631e3efb970409c1f6ae88247928/element - {"using":"xpath","value":"//div[contains(@id, 'application-manageconditionprice-display-component---conditions--smartFilterBar-filterItemControl_BASIC-BILL_TYPES-valueHelpDialog-table-rowsel0')]"}
RESULT: {"using":"xpath","value":"//div[contains(@id, 'application-manageconditionprice-display-component---conditions--smartFilterBar-filterItemControl_BASIC-BILL_TYPES-valueHelpDialog-table-rowsel0')]"}
COMMAND: POST /session/e4ca631e3efb970409c1f6ae88247928/element/f.C691F06ADA7EF9549F3769A53F800D74.d.D20752FE79497C965C51BD0B37308D38.e.10158/click - {}
RESULT: {}
COMMAND: GET /session/e4ca631e3efb970409c1f6ae88247928/screenshot - {}
RESULT: {}
COMMAND: POST /session/e4ca631e3efb970409c1f6ae88247928/element - {"using":"xpath","value":"//bdi[contains(text(), \"OK\")]"}
RESULT: {"using":"xpath","value":"//bdi[contains(text(), \"OK\")]"}
COMMAND: POST /session/e4ca631e3efb970409c1f6ae88247928/element/f.C691F06ADA7EF9549F3769A53F800D74.d.D20752FE79497C965C51BD0B37308D38.e.10160/click - {}
RESULT: {}
COMMAND: GET /session/e4ca631e3efb970409c1f6ae88247928/screenshot - {}
RESULT: {}
COMMAND: POST /session/e4ca631e3efb970409c1f6ae88247928/element - {"using":"xpath","value":"//span[@id=\"application-manageconditionprice-display-component---conditions--smartTable-header-inner\"]"}
RESULT: {"using":"xpath","value":"//span[@id=\"application-manageconditionprice-display-component---conditions--smartTable-header-inner\"]"}
COMMAND: POST /session/e4ca631e3efb970409c1f6ae88247928/elements - {"using":"xpath","value":"//span[@id=\"application-manageconditionprice-display-component---conditions--smartTable-header-inner\"]"}
RESULT: {"using":"xpath","value":"//span[@id=\"application-manageconditionprice-display-component---conditions--smartTable-header-inner\"]"}
COMMAND: POST /session/e4ca631e3efb970409c1f6ae88247928/execute/sync - {"script":"<script> [56 bytes]","args":[{"element-6066-11e4-a52e-4f735466cecf":"f.C691F06ADA7EF9549F3769A53F800D74.d.D20752FE79497C965C51BD0B37308D38.e.10163","ELEMENT":"f.C691F06ADA7EF9549F3769A53F800D74.d.D20752FE79497C965C51BD0B37308D38.e.10163"}]}
RESULT: {"script":"<script> [56 bytes]","args":[{"element-6066-11e4-a52e-4f735466cecf":"f.C691F06ADA7EF9549F3769A53F800D74.d.D20752FE79497C965C51BD0B37308D38.e.10163","ELEMENT":"f.C691F06ADA7EF9549F3769A53F800D74.d.D20752FE79497C965C51BD0B37308D38.e.10163"}]}
COMMAND: POST /session/e4ca631e3efb970409c1f6ae88247928/element - {"using":"css selector","value":"#shell-header-logo"}
COMMAND: GET /session/e4ca631e3efb970409c1f6ae88247928/screenshot - {}
RESULT: {"using":"css selector","value":"#shell-header-logo"}
COMMAND: POST /session/e4ca631e3efb970409c1f6ae88247928/element/f.C691F06ADA7EF9549F3769A53F800D74.d.D20752FE79497C965C51BD0B37308D38.e.9882/click - {}
RESULT: {}
RESULT: {}
COMMAND: GET /session/e4ca631e3efb970409c1f6ae88247928/screenshot - {}
RESULT: {}
]]></system-out>
    </testcase>
    <testcase classname="chrome.135_0_7049_115.windows.Create_master_data_for_mixed_billing_&amp;_do_billing_calculation_US151661" name="Should add performance based condition" time="62.238">
      <system-out><![CDATA[
RESULT: undefined
COMMAND: POST /session/e4ca631e3efb970409c1f6ae88247928/element - {"using":"xpath","value":"//*[@id=\"__tile93-title\"]"}
RESULT: {"using":"xpath","value":"//*[@id=\"__tile93-title\"]"}
COMMAND: POST /session/e4ca631e3efb970409c1f6ae88247928/element/f.C691F06ADA7EF9549F3769A53F800D74.d.D20752FE79497C965C51BD0B37308D38.e.9880/click - {}
RESULT: {}
COMMAND: POST /session/e4ca631e3efb970409c1f6ae88247928/element - {"using":"xpath","value":"//button[@aria-label=\"Create\"]"}
COMMAND: GET /session/e4ca631e3efb970409c1f6ae88247928/screenshot - {}
RESULT: {"using":"xpath","value":"//button[@aria-label=\"Create\"]"}
COMMAND: POST /session/e4ca631e3efb970409c1f6ae88247928/elements - {"using":"xpath","value":"//button[@aria-label=\"Create\"]"}
RESULT: {}
RESULT: {"using":"xpath","value":"//button[@aria-label=\"Create\"]"}
COMMAND: POST /session/e4ca631e3efb970409c1f6ae88247928/element - {"using":"xpath","value":"//button[@aria-label=\"Create\"]"}
RESULT: {"using":"xpath","value":"//button[@aria-label=\"Create\"]"}
COMMAND: POST /session/e4ca631e3efb970409c1f6ae88247928/execute/sync - {"script":"<script> [8489 bytes]","args":[{"element-6066-11e4-a52e-4f735466cecf":"f.C691F06ADA7EF9549F3769A53F800D74.d.D20752FE79497C965C51BD0B37308D38.e.10219","ELEMENT":"f.C691F06ADA7EF9549F3769A53F800D74.d.D20752FE79497C965C51BD0B37308D38.e.10219"}]}
RESULT: {"script":"<script> [8489 bytes]","args":[{"element-6066-11e4-a52e-4f735466cecf":"f.C691F06ADA7EF9549F3769A53F800D74.d.D20752FE79497C965C51BD0B37308D38.e.10219","ELEMENT":"f.C691F06ADA7EF9549F3769A53F800D74.d.D20752FE79497C965C51BD0B37308D38.e.10219"}]}
COMMAND: GET /session/e4ca631e3efb970409c1f6ae88247928/element/f.C691F06ADA7EF9549F3769A53F800D74.d.D20752FE79497C965C51BD0B37308D38.e.10219/enabled - {}
COMMAND: GET /session/e4ca631e3efb970409c1f6ae88247928/screenshot - {}
RESULT: {}
COMMAND: POST /session/e4ca631e3efb970409c1f6ae88247928/execute/sync - {"script":"<script> [8489 bytes]","args":[{"element-6066-11e4-a52e-4f735466cecf":"f.C691F06ADA7EF9549F3769A53F800D74.d.D20752FE79497C965C51BD0B37308D38.e.10219","ELEMENT":"f.C691F06ADA7EF9549F3769A53F800D74.d.D20752FE79497C965C51BD0B37308D38.e.10219"}]}
COMMAND: GET /session/e4ca631e3efb970409c1f6ae88247928/screenshot - {}
RESULT: {}
RESULT: {"script":"<script> [8489 bytes]","args":[{"element-6066-11e4-a52e-4f735466cecf":"f.C691F06ADA7EF9549F3769A53F800D74.d.D20752FE79497C965C51BD0B37308D38.e.10219","ELEMENT":"f.C691F06ADA7EF9549F3769A53F800D74.d.D20752FE79497C965C51BD0B37308D38.e.10219"}]}
COMMAND: POST /session/e4ca631e3efb970409c1f6ae88247928/execute/sync - {"script":"<script> [5351 bytes]","args":[{"element-6066-11e4-a52e-4f735466cecf":"f.C691F06ADA7EF9549F3769A53F800D74.d.D20752FE79497C965C51BD0B37308D38.e.10219","ELEMENT":"f.C691F06ADA7EF9549F3769A53F800D74.d.D20752FE79497C965C51BD0B37308D38.e.10219"}]}
COMMAND: GET /session/e4ca631e3efb970409c1f6ae88247928/screenshot - {}
RESULT: {}
RESULT: {"script":"<script> [5351 bytes]","args":[{"element-6066-11e4-a52e-4f735466cecf":"f.C691F06ADA7EF9549F3769A53F800D74.d.D20752FE79497C965C51BD0B37308D38.e.10219","ELEMENT":"f.C691F06ADA7EF9549F3769A53F800D74.d.D20752FE79497C965C51BD0B37308D38.e.10219"}]}
COMMAND: POST /session/e4ca631e3efb970409c1f6ae88247928/element/f.C691F06ADA7EF9549F3769A53F800D74.d.D20752FE79497C965C51BD0B37308D38.e.10219/click - {}
COMMAND: GET /session/e4ca631e3efb970409c1f6ae88247928/screenshot - {}
RESULT: {}
RESULT: {}
COMMAND: GET /session/e4ca631e3efb970409c1f6ae88247928/screenshot - {}
RESULT: {}
RESULT: {}
COMMAND: POST /session/e4ca631e3efb970409c1f6ae88247928/actions - {"actions":[{"id":"action37","type":"key","parameters":{},"actions":[{"type":"keyDown","value":"î€‡"},{"type":"pause","duration":10},{"type":"keyUp","value":"î€‡"}]}]}
RESULT: {"actions":[{"id":"action37","type":"key","parameters":{},"actions":[{"type":"keyDown","value":"î€‡"},{"type":"pause","duration":10},{"type":"keyUp","value":"î€‡"}]}]}
COMMAND: GET /session/e4ca631e3efb970409c1f6ae88247928/screenshot - {}
RESULT: undefined
COMMAND: POST /session/e4ca631e3efb970409c1f6ae88247928/element - {"using":"xpath","value":"//*[@id=\"application-manageconditionprice-display-component---newCondition--condBillCond-arrow\"]"}
RESULT: {}
RESULT: {"using":"xpath","value":"//*[@id=\"application-manageconditionprice-display-component---newCondition--condBillCond-arrow\"]"}
COMMAND: POST /session/e4ca631e3efb970409c1f6ae88247928/element/f.C691F06ADA7EF9549F3769A53F800D74.d.D20752FE79497C965C51BD0B37308D38.e.10678/click - {}
RESULT: {}
COMMAND: GET /session/e4ca631e3efb970409c1f6ae88247928/screenshot - {}
RESULT: {}
COMMAND: POST /session/e4ca631e3efb970409c1f6ae88247928/element - {"using":"xpath","value":"//li[.//span[contains(text(), \"PC06 - Performance Price - fuel\")]]"}
RESULT: {"using":"xpath","value":"//li[.//span[contains(text(), \"PC06 - Performance Price - fuel\")]]"}
COMMAND: POST /session/e4ca631e3efb970409c1f6ae88247928/element/f.C691F06ADA7EF9549F3769A53F800D74.d.D20752FE79497C965C51BD0B37308D38.e.10681/click - {}
RESULT: {}
COMMAND: GET /session/e4ca631e3efb970409c1f6ae88247928/screenshot - {}
RESULT: {}
RESULT: undefined
COMMAND: POST /session/e4ca631e3efb970409c1f6ae88247928/execute/async - {"script":"<script> [776 bytes]","args":[{"enterText":"01/07/26","selector":{"id":"application-manageconditionprice-display-component---newCondition--condValidTo","interaction":{"idSuffix":"inner"}},"clearTextFirst":true,"interactionType":"ENTER_TEXT"}]}
RESULT: {"script":"<script> [776 bytes]","args":[{"enterText":"01/07/26","selector":{"id":"application-manageconditionprice-display-component---newCondition--condValidTo","interaction":{"idSuffix":"inner"}},"clearTextFirst":true,"interactionType":"ENTER_TEXT"}]}
COMMAND: POST /session/e4ca631e3efb970409c1f6ae88247928/element - {"using":"xpath","value":"//input[@id=\"application-manageconditionprice-display-component---newCondition--condRU-inner\"]"}
RESULT: {"using":"xpath","value":"//input[@id=\"application-manageconditionprice-display-component---newCondition--condRU-inner\"]"}
COMMAND: POST /session/e4ca631e3efb970409c1f6ae88247928/element/f.C691F06ADA7EF9549F3769A53F800D74.d.D20752FE79497C965C51BD0B37308D38.e.10411/clear - {}
RESULT: {}
COMMAND: POST /session/e4ca631e3efb970409c1f6ae88247928/element/f.C691F06ADA7EF9549F3769A53F800D74.d.D20752FE79497C965C51BD0B37308D38.e.10411/value - {"text":"G4Xzp5LISS"}
COMMAND: GET /session/e4ca631e3efb970409c1f6ae88247928/screenshot - {}
RESULT: {"text":"G4Xzp5LISS"}
COMMAND: GET /session/e4ca631e3efb970409c1f6ae88247928/screenshot - {}
RESULT: {}
RESULT: {}
COMMAND: POST /session/e4ca631e3efb970409c1f6ae88247928/actions - {"actions":[{"id":"action38","type":"key","parameters":{},"actions":[{"type":"keyDown","value":"î€‡"},{"type":"pause","duration":10},{"type":"keyUp","value":"î€‡"}]}]}
RESULT: {"actions":[{"id":"action38","type":"key","parameters":{},"actions":[{"type":"keyDown","value":"î€‡"},{"type":"pause","duration":10},{"type":"keyUp","value":"î€‡"}]}]}
RESULT: undefined
COMMAND: POST /session/e4ca631e3efb970409c1f6ae88247928/execute/async - {"script":"<script> [776 bytes]","args":[{"enterText":"1","selector":{"id":"application-manageconditionprice-display-component---newCondition--condBaseQty","interaction":{"idSuffix":"inner"}},"clearTextFirst":true,"interactionType":"ENTER_TEXT"}]}
COMMAND: GET /session/e4ca631e3efb970409c1f6ae88247928/screenshot - {}
RESULT: {"script":"<script> [776 bytes]","args":[{"enterText":"1","selector":{"id":"application-manageconditionprice-display-component---newCondition--condBaseQty","interaction":{"idSuffix":"inner"}},"clearTextFirst":true,"interactionType":"ENTER_TEXT"}]}
RESULT: undefined
COMMAND: POST /session/e4ca631e3efb970409c1f6ae88247928/execute/async - {"script":"<script> [776 bytes]","args":[{"enterText":"10","selector":{"id":"application-manageconditionprice-display-component---newCondition--condValue","interaction":{"idSuffix":"inner"}},"clearTextFirst":true,"interactionType":"ENTER_TEXT"}]}
RESULT: {}
RESULT: {"script":"<script> [776 bytes]","args":[{"enterText":"10","selector":{"id":"application-manageconditionprice-display-component---newCondition--condValue","interaction":{"idSuffix":"inner"}},"clearTextFirst":true,"interactionType":"ENTER_TEXT"}]}
RESULT: undefined
COMMAND: POST /session/e4ca631e3efb970409c1f6ae88247928/element - {"using":"xpath","value":"//*[@id=\"application-manageconditionprice-display-component---newCondition--condCurr-arrow\"]"}
RESULT: {"using":"xpath","value":"//*[@id=\"application-manageconditionprice-display-component---newCondition--condCurr-arrow\"]"}
COMMAND: POST /session/e4ca631e3efb970409c1f6ae88247928/element/f.C691F06ADA7EF9549F3769A53F800D74.d.D20752FE79497C965C51BD0B37308D38.e.10635/click - {}
RESULT: {}
COMMAND: POST /session/e4ca631e3efb970409c1f6ae88247928/element - {"using":"xpath","value":"//span[contains(text(), \"Euro\")]"}
COMMAND: GET /session/e4ca631e3efb970409c1f6ae88247928/screenshot - {}
RESULT: {"using":"xpath","value":"//span[contains(text(), \"Euro\")]"}
COMMAND: POST /session/e4ca631e3efb970409c1f6ae88247928/element/f.C691F06ADA7EF9549F3769A53F800D74.d.D20752FE79497C965C51BD0B37308D38.e.10714/click - {}
RESULT: {}
RESULT: {}
COMMAND: POST /session/e4ca631e3efb970409c1f6ae88247928/element - {"using":"xpath","value":"//button[@data-kt=\"saveButton\"]"}
COMMAND: GET /session/e4ca631e3efb970409c1f6ae88247928/screenshot - {}
RESULT: {"using":"xpath","value":"//button[@data-kt=\"saveButton\"]"}
COMMAND: POST /session/e4ca631e3efb970409c1f6ae88247928/element/f.C691F06ADA7EF9549F3769A53F800D74.d.D20752FE79497C965C51BD0B37308D38.e.10636/click - {}
RESULT: {}
RESULT: {}
COMMAND: GET /session/e4ca631e3efb970409c1f6ae88247928/screenshot - {}
RESULT: {}
RESULT: undefined
COMMAND: POST /session/e4ca631e3efb970409c1f6ae88247928/execute/async - {"script":"<script> [776 bytes]","args":[{"enterText":"G4Xzp5LISS","selector":{"id":"application-manageconditionprice-display-component---conditions--smartFilterBar-btnBasicSearch","interaction":{"idSuffix":"I"}},"clearTextFirst":true,"interactionType":"ENTER_TEXT"}]}
RESULT: {"script":"<script> [776 bytes]","args":[{"enterText":"G4Xzp5LISS","selector":{"id":"application-manageconditionprice-display-component---conditions--smartFilterBar-btnBasicSearch","interaction":{"idSuffix":"I"}},"clearTextFirst":true,"interactionType":"ENTER_TEXT"}]}
COMMAND: POST /session/e4ca631e3efb970409c1f6ae88247928/actions - {"actions":[{"id":"action39","type":"key","parameters":{},"actions":[{"type":"keyDown","value":"î€‡"},{"type":"pause","duration":10},{"type":"keyUp","value":"î€‡"}]}]}
RESULT: {"actions":[{"id":"action39","type":"key","parameters":{},"actions":[{"type":"keyDown","value":"î€‡"},{"type":"pause","duration":10},{"type":"keyUp","value":"î€‡"}]}]}
COMMAND: GET /session/e4ca631e3efb970409c1f6ae88247928/screenshot - {}
RESULT: {}
RESULT: undefined
COMMAND: POST /session/e4ca631e3efb970409c1f6ae88247928/element - {"using":"xpath","value":"//*[@id=\"application-manageconditionprice-display-component---conditions--smartFilterBar-filterItemControl_BASIC-BILL_TYPES-vhi\"]"}
RESULT: {"using":"xpath","value":"//*[@id=\"application-manageconditionprice-display-component---conditions--smartFilterBar-filterItemControl_BASIC-BILL_TYPES-vhi\"]"}
COMMAND: POST /session/e4ca631e3efb970409c1f6ae88247928/element/f.C691F06ADA7EF9549F3769A53F800D74.d.D20752FE79497C965C51BD0B37308D38.e.10741/click - {}
RESULT: {}
RESULT: undefined
COMMAND: POST /session/e4ca631e3efb970409c1f6ae88247928/execute/async - {"script":"<script> [776 bytes]","args":[{"enterText":"PB","selector":{"id":"application-manageconditionprice-display-component---conditions--smartFilterBar-filterItemControl_BASIC-BILL_TYPES-valueHelpDialog-smartFilterBar-btnBasicSearch","searchOpenDialogs":true,"interaction":{"idSuffix":"I"}},"clearTextFirst":true,"interactionType":"ENTER_TEXT"}]}
COMMAND: GET /session/e4ca631e3efb970409c1f6ae88247928/screenshot - {}
RESULT: {"script":"<script> [776 bytes]","args":[{"enterText":"PB","selector":{"id":"application-manageconditionprice-display-component---conditions--smartFilterBar-filterItemControl_BASIC-BILL_TYPES-valueHelpDialog-smartFilterBar-btnBasicSearch","searchOpenDialogs":true,"interaction":{"idSuffix":"I"}},"clearTextFirst":true,"interactionType":"ENTER_TEXT"}]}
COMMAND: POST /session/e4ca631e3efb970409c1f6ae88247928/actions - {"actions":[{"id":"action40","type":"key","parameters":{},"actions":[{"type":"keyDown","value":"î€‡"},{"type":"pause","duration":10},{"type":"keyUp","value":"î€‡"}]}]}
RESULT: {}
RESULT: {"actions":[{"id":"action40","type":"key","parameters":{},"actions":[{"type":"keyDown","value":"î€‡"},{"type":"pause","duration":10},{"type":"keyUp","value":"î€‡"}]}]}
COMMAND: GET /session/e4ca631e3efb970409c1f6ae88247928/screenshot - {}
RESULT: {}
COMMAND: POST /session/e4ca631e3efb970409c1f6ae88247928/element - {"using":"xpath","value":"//div[contains(@id, 'application-manageconditionprice-display-component---conditions--smartFilterBar-filterItemControl_BASIC-BILL_TYPES-valueHelpDialog-table-rowsel0')]"}
RESULT: {"using":"xpath","value":"//div[contains(@id, 'application-manageconditionprice-display-component---conditions--smartFilterBar-filterItemControl_BASIC-BILL_TYPES-valueHelpDialog-table-rowsel0')]"}
COMMAND: POST /session/e4ca631e3efb970409c1f6ae88247928/element/f.C691F06ADA7EF9549F3769A53F800D74.d.D20752FE79497C965C51BD0B37308D38.e.10749/click - {}
RESULT: {}
COMMAND: GET /session/e4ca631e3efb970409c1f6ae88247928/screenshot - {}
RESULT: {}
COMMAND: POST /session/e4ca631e3efb970409c1f6ae88247928/element - {"using":"xpath","value":"//bdi[contains(text(), \"OK\")]"}
RESULT: {"using":"xpath","value":"//bdi[contains(text(), \"OK\")]"}
COMMAND: POST /session/e4ca631e3efb970409c1f6ae88247928/element/f.C691F06ADA7EF9549F3769A53F800D74.d.D20752FE79497C965C51BD0B37308D38.e.10751/click - {}
RESULT: {}
COMMAND: GET /session/e4ca631e3efb970409c1f6ae88247928/screenshot - {}
RESULT: {}
COMMAND: POST /session/e4ca631e3efb970409c1f6ae88247928/element - {"using":"xpath","value":"//span[@id=\"application-manageconditionprice-display-component---conditions--smartTable-header-inner\"]"}
RESULT: {"using":"xpath","value":"//span[@id=\"application-manageconditionprice-display-component---conditions--smartTable-header-inner\"]"}
COMMAND: POST /session/e4ca631e3efb970409c1f6ae88247928/elements - {"using":"xpath","value":"//span[@id=\"application-manageconditionprice-display-component---conditions--smartTable-header-inner\"]"}
RESULT: {"using":"xpath","value":"//span[@id=\"application-manageconditionprice-display-component---conditions--smartTable-header-inner\"]"}
COMMAND: POST /session/e4ca631e3efb970409c1f6ae88247928/execute/sync - {"script":"<script> [56 bytes]","args":[{"element-6066-11e4-a52e-4f735466cecf":"f.C691F06ADA7EF9549F3769A53F800D74.d.D20752FE79497C965C51BD0B37308D38.e.10754","ELEMENT":"f.C691F06ADA7EF9549F3769A53F800D74.d.D20752FE79497C965C51BD0B37308D38.e.10754"}]}
RESULT: {"script":"<script> [56 bytes]","args":[{"element-6066-11e4-a52e-4f735466cecf":"f.C691F06ADA7EF9549F3769A53F800D74.d.D20752FE79497C965C51BD0B37308D38.e.10754","ELEMENT":"f.C691F06ADA7EF9549F3769A53F800D74.d.D20752FE79497C965C51BD0B37308D38.e.10754"}]}
COMMAND: POST /session/e4ca631e3efb970409c1f6ae88247928/element - {"using":"css selector","value":"#shell-header-logo"}
COMMAND: GET /session/e4ca631e3efb970409c1f6ae88247928/screenshot - {}
RESULT: {"using":"css selector","value":"#shell-header-logo"}
COMMAND: POST /session/e4ca631e3efb970409c1f6ae88247928/element/f.C691F06ADA7EF9549F3769A53F800D74.d.D20752FE79497C965C51BD0B37308D38.e.10170/click - {}
RESULT: {}
RESULT: {}
COMMAND: GET /session/e4ca631e3efb970409c1f6ae88247928/screenshot - {}
RESULT: {}
]]></system-out>
    </testcase>
    <testcase classname="chrome.135_0_7049_115.windows.Create_master_data_for_mixed_billing_&amp;_do_billing_calculation_US151661" name="Should add time based condition" time="60.603">
      <system-out><![CDATA[
RESULT: undefined
COMMAND: POST /session/e4ca631e3efb970409c1f6ae88247928/element - {"using":"xpath","value":"//*[@id=\"__tile93-title\"]"}
RESULT: {"using":"xpath","value":"//*[@id=\"__tile93-title\"]"}
COMMAND: POST /session/e4ca631e3efb970409c1f6ae88247928/element/f.C691F06ADA7EF9549F3769A53F800D74.d.D20752FE79497C965C51BD0B37308D38.e.9880/click - {}
RESULT: {}
COMMAND: POST /session/e4ca631e3efb970409c1f6ae88247928/element - {"using":"xpath","value":"//button[@aria-label=\"Create\"]"}
COMMAND: GET /session/e4ca631e3efb970409c1f6ae88247928/screenshot - {}
RESULT: {"using":"xpath","value":"//button[@aria-label=\"Create\"]"}
COMMAND: POST /session/e4ca631e3efb970409c1f6ae88247928/elements - {"using":"xpath","value":"//button[@aria-label=\"Create\"]"}
RESULT: {}
RESULT: {"using":"xpath","value":"//button[@aria-label=\"Create\"]"}
COMMAND: POST /session/e4ca631e3efb970409c1f6ae88247928/element - {"using":"xpath","value":"//button[@aria-label=\"Create\"]"}
RESULT: {"using":"xpath","value":"//button[@aria-label=\"Create\"]"}
COMMAND: POST /session/e4ca631e3efb970409c1f6ae88247928/execute/sync - {"script":"<script> [8489 bytes]","args":[{"element-6066-11e4-a52e-4f735466cecf":"f.C691F06ADA7EF9549F3769A53F800D74.d.D20752FE79497C965C51BD0B37308D38.e.10809","ELEMENT":"f.C691F06ADA7EF9549F3769A53F800D74.d.D20752FE79497C965C51BD0B37308D38.e.10809"}]}
RESULT: {"script":"<script> [8489 bytes]","args":[{"element-6066-11e4-a52e-4f735466cecf":"f.C691F06ADA7EF9549F3769A53F800D74.d.D20752FE79497C965C51BD0B37308D38.e.10809","ELEMENT":"f.C691F06ADA7EF9549F3769A53F800D74.d.D20752FE79497C965C51BD0B37308D38.e.10809"}]}
COMMAND: GET /session/e4ca631e3efb970409c1f6ae88247928/element/f.C691F06ADA7EF9549F3769A53F800D74.d.D20752FE79497C965C51BD0B37308D38.e.10809/enabled - {}
COMMAND: GET /session/e4ca631e3efb970409c1f6ae88247928/screenshot - {}
RESULT: {}
COMMAND: POST /session/e4ca631e3efb970409c1f6ae88247928/execute/sync - {"script":"<script> [8489 bytes]","args":[{"element-6066-11e4-a52e-4f735466cecf":"f.C691F06ADA7EF9549F3769A53F800D74.d.D20752FE79497C965C51BD0B37308D38.e.10809","ELEMENT":"f.C691F06ADA7EF9549F3769A53F800D74.d.D20752FE79497C965C51BD0B37308D38.e.10809"}]}
COMMAND: GET /session/e4ca631e3efb970409c1f6ae88247928/screenshot - {}
RESULT: {}
RESULT: {"script":"<script> [8489 bytes]","args":[{"element-6066-11e4-a52e-4f735466cecf":"f.C691F06ADA7EF9549F3769A53F800D74.d.D20752FE79497C965C51BD0B37308D38.e.10809","ELEMENT":"f.C691F06ADA7EF9549F3769A53F800D74.d.D20752FE79497C965C51BD0B37308D38.e.10809"}]}
COMMAND: POST /session/e4ca631e3efb970409c1f6ae88247928/execute/sync - {"script":"<script> [5351 bytes]","args":[{"element-6066-11e4-a52e-4f735466cecf":"f.C691F06ADA7EF9549F3769A53F800D74.d.D20752FE79497C965C51BD0B37308D38.e.10809","ELEMENT":"f.C691F06ADA7EF9549F3769A53F800D74.d.D20752FE79497C965C51BD0B37308D38.e.10809"}]}
COMMAND: GET /session/e4ca631e3efb970409c1f6ae88247928/screenshot - {}
RESULT: {}
RESULT: {"script":"<script> [5351 bytes]","args":[{"element-6066-11e4-a52e-4f735466cecf":"f.C691F06ADA7EF9549F3769A53F800D74.d.D20752FE79497C965C51BD0B37308D38.e.10809","ELEMENT":"f.C691F06ADA7EF9549F3769A53F800D74.d.D20752FE79497C965C51BD0B37308D38.e.10809"}]}
COMMAND: POST /session/e4ca631e3efb970409c1f6ae88247928/element/f.C691F06ADA7EF9549F3769A53F800D74.d.D20752FE79497C965C51BD0B37308D38.e.10809/click - {}
COMMAND: GET /session/e4ca631e3efb970409c1f6ae88247928/screenshot - {}
RESULT: {}
RESULT: {}
COMMAND: GET /session/e4ca631e3efb970409c1f6ae88247928/screenshot - {}
RESULT: {}
RESULT: {}
COMMAND: POST /session/e4ca631e3efb970409c1f6ae88247928/actions - {"actions":[{"id":"action41","type":"key","parameters":{},"actions":[{"type":"keyDown","value":"î€‡"},{"type":"pause","duration":10},{"type":"keyUp","value":"î€‡"}]}]}
RESULT: {"actions":[{"id":"action41","type":"key","parameters":{},"actions":[{"type":"keyDown","value":"î€‡"},{"type":"pause","duration":10},{"type":"keyUp","value":"î€‡"}]}]}
COMMAND: GET /session/e4ca631e3efb970409c1f6ae88247928/screenshot - {}
RESULT: undefined
COMMAND: POST /session/e4ca631e3efb970409c1f6ae88247928/element - {"using":"xpath","value":"//*[@id=\"application-manageconditionprice-display-component---newCondition--condBillCond-arrow\"]"}
RESULT: {}
RESULT: {"using":"xpath","value":"//*[@id=\"application-manageconditionprice-display-component---newCondition--condBillCond-arrow\"]"}
COMMAND: POST /session/e4ca631e3efb970409c1f6ae88247928/element/f.C691F06ADA7EF9549F3769A53F800D74.d.D20752FE79497C965C51BD0B37308D38.e.11259/click - {}
RESULT: {}
COMMAND: GET /session/e4ca631e3efb970409c1f6ae88247928/screenshot - {}
RESULT: {}
COMMAND: POST /session/e4ca631e3efb970409c1f6ae88247928/element - {"using":"xpath","value":"//li[.//span[contains(text(), \"DISP - D&I special price\")]]"}
RESULT: {"using":"xpath","value":"//li[.//span[contains(text(), \"DISP - D&I special price\")]]"}
COMMAND: POST /session/e4ca631e3efb970409c1f6ae88247928/element/f.C691F06ADA7EF9549F3769A53F800D74.d.D20752FE79497C965C51BD0B37308D38.e.11262/click - {}
RESULT: {}
COMMAND: GET /session/e4ca631e3efb970409c1f6ae88247928/screenshot - {}
RESULT: {}
RESULT: undefined
COMMAND: POST /session/e4ca631e3efb970409c1f6ae88247928/execute/async - {"script":"<script> [776 bytes]","args":[{"enterText":"01/07/26","selector":{"id":"application-manageconditionprice-display-component---newCondition--condValidTo","interaction":{"idSuffix":"inner"}},"clearTextFirst":true,"interactionType":"ENTER_TEXT"}]}
RESULT: {"script":"<script> [776 bytes]","args":[{"enterText":"01/07/26","selector":{"id":"application-manageconditionprice-display-component---newCondition--condValidTo","interaction":{"idSuffix":"inner"}},"clearTextFirst":true,"interactionType":"ENTER_TEXT"}]}
COMMAND: POST /session/e4ca631e3efb970409c1f6ae88247928/element - {"using":"xpath","value":"//input[@id=\"application-manageconditionprice-display-component---newCondition--condRU-inner\"]"}
RESULT: {"using":"xpath","value":"//input[@id=\"application-manageconditionprice-display-component---newCondition--condRU-inner\"]"}
COMMAND: POST /session/e4ca631e3efb970409c1f6ae88247928/element/f.C691F06ADA7EF9549F3769A53F800D74.d.D20752FE79497C965C51BD0B37308D38.e.10980/clear - {}
RESULT: {}
COMMAND: POST /session/e4ca631e3efb970409c1f6ae88247928/element/f.C691F06ADA7EF9549F3769A53F800D74.d.D20752FE79497C965C51BD0B37308D38.e.10980/value - {"text":"G4Xzp5LISS"}
COMMAND: GET /session/e4ca631e3efb970409c1f6ae88247928/screenshot - {}
RESULT: {"text":"G4Xzp5LISS"}
COMMAND: GET /session/e4ca631e3efb970409c1f6ae88247928/screenshot - {}
RESULT: {}
RESULT: {}
COMMAND: POST /session/e4ca631e3efb970409c1f6ae88247928/actions - {"actions":[{"id":"action42","type":"key","parameters":{},"actions":[{"type":"keyDown","value":"î€‡"},{"type":"pause","duration":10},{"type":"keyUp","value":"î€‡"}]}]}
RESULT: {"actions":[{"id":"action42","type":"key","parameters":{},"actions":[{"type":"keyDown","value":"î€‡"},{"type":"pause","duration":10},{"type":"keyUp","value":"î€‡"}]}]}
RESULT: undefined
COMMAND: POST /session/e4ca631e3efb970409c1f6ae88247928/execute/async - {"script":"<script> [776 bytes]","args":[{"enterText":"1","selector":{"id":"application-manageconditionprice-display-component---newCondition--condBaseQty","interaction":{"idSuffix":"inner"}},"clearTextFirst":true,"interactionType":"ENTER_TEXT"}]}
COMMAND: GET /session/e4ca631e3efb970409c1f6ae88247928/screenshot - {}
RESULT: {"script":"<script> [776 bytes]","args":[{"enterText":"1","selector":{"id":"application-manageconditionprice-display-component---newCondition--condBaseQty","interaction":{"idSuffix":"inner"}},"clearTextFirst":true,"interactionType":"ENTER_TEXT"}]}
RESULT: undefined
COMMAND: POST /session/e4ca631e3efb970409c1f6ae88247928/execute/async - {"script":"<script> [776 bytes]","args":[{"enterText":"100","selector":{"id":"application-manageconditionprice-display-component---newCondition--condValue","interaction":{"idSuffix":"inner"}},"clearTextFirst":true,"interactionType":"ENTER_TEXT"}]}
RESULT: {}
RESULT: {"script":"<script> [776 bytes]","args":[{"enterText":"100","selector":{"id":"application-manageconditionprice-display-component---newCondition--condValue","interaction":{"idSuffix":"inner"}},"clearTextFirst":true,"interactionType":"ENTER_TEXT"}]}
RESULT: undefined
COMMAND: POST /session/e4ca631e3efb970409c1f6ae88247928/element - {"using":"xpath","value":"//*[@id=\"application-manageconditionprice-display-component---newCondition--condCurr-arrow\"]"}
RESULT: {"using":"xpath","value":"//*[@id=\"application-manageconditionprice-display-component---newCondition--condCurr-arrow\"]"}
COMMAND: POST /session/e4ca631e3efb970409c1f6ae88247928/element/f.C691F06ADA7EF9549F3769A53F800D74.d.D20752FE79497C965C51BD0B37308D38.e.11223/click - {}
RESULT: {}
COMMAND: POST /session/e4ca631e3efb970409c1f6ae88247928/element - {"using":"xpath","value":"//span[contains(text(), \"Euro\")]"}
COMMAND: GET /session/e4ca631e3efb970409c1f6ae88247928/screenshot - {}
RESULT: {"using":"xpath","value":"//span[contains(text(), \"Euro\")]"}
COMMAND: POST /session/e4ca631e3efb970409c1f6ae88247928/element/f.C691F06ADA7EF9549F3769A53F800D74.d.D20752FE79497C965C51BD0B37308D38.e.11297/click - {}
RESULT: {}
RESULT: {}
COMMAND: POST /session/e4ca631e3efb970409c1f6ae88247928/element - {"using":"xpath","value":"//button[@data-kt=\"saveButton\"]"}
COMMAND: GET /session/e4ca631e3efb970409c1f6ae88247928/screenshot - {}
RESULT: {"using":"xpath","value":"//button[@data-kt=\"saveButton\"]"}
COMMAND: POST /session/e4ca631e3efb970409c1f6ae88247928/element/f.C691F06ADA7EF9549F3769A53F800D74.d.D20752FE79497C965C51BD0B37308D38.e.11224/click - {}
RESULT: {}
RESULT: {}
COMMAND: GET /session/e4ca631e3efb970409c1f6ae88247928/screenshot - {}
RESULT: {}
RESULT: undefined
COMMAND: POST /session/e4ca631e3efb970409c1f6ae88247928/execute/async - {"script":"<script> [776 bytes]","args":[{"enterText":"G4Xzp5LISS","selector":{"id":"application-manageconditionprice-display-component---conditions--smartFilterBar-btnBasicSearch","interaction":{"idSuffix":"I"}},"clearTextFirst":true,"interactionType":"ENTER_TEXT"}]}
RESULT: {"script":"<script> [776 bytes]","args":[{"enterText":"G4Xzp5LISS","selector":{"id":"application-manageconditionprice-display-component---conditions--smartFilterBar-btnBasicSearch","interaction":{"idSuffix":"I"}},"clearTextFirst":true,"interactionType":"ENTER_TEXT"}]}
COMMAND: POST /session/e4ca631e3efb970409c1f6ae88247928/actions - {"actions":[{"id":"action43","type":"key","parameters":{},"actions":[{"type":"keyDown","value":"î€‡"},{"type":"pause","duration":10},{"type":"keyUp","value":"î€‡"}]}]}
RESULT: {"actions":[{"id":"action43","type":"key","parameters":{},"actions":[{"type":"keyDown","value":"î€‡"},{"type":"pause","duration":10},{"type":"keyUp","value":"î€‡"}]}]}
COMMAND: GET /session/e4ca631e3efb970409c1f6ae88247928/screenshot - {}
RESULT: {}
RESULT: undefined
COMMAND: POST /session/e4ca631e3efb970409c1f6ae88247928/element - {"using":"xpath","value":"//*[@id=\"application-manageconditionprice-display-component---conditions--smartFilterBar-filterItemControl_BASIC-BILL_TYPES-vhi\"]"}
RESULT: {"using":"xpath","value":"//*[@id=\"application-manageconditionprice-display-component---conditions--smartFilterBar-filterItemControl_BASIC-BILL_TYPES-vhi\"]"}
COMMAND: POST /session/e4ca631e3efb970409c1f6ae88247928/element/f.C691F06ADA7EF9549F3769A53F800D74.d.D20752FE79497C965C51BD0B37308D38.e.11530/click - {}
RESULT: {}
RESULT: undefined
COMMAND: POST /session/e4ca631e3efb970409c1f6ae88247928/execute/async - {"script":"<script> [776 bytes]","args":[{"enterText":"TB","selector":{"id":"application-manageconditionprice-display-component---conditions--smartFilterBar-filterItemControl_BASIC-BILL_TYPES-valueHelpDialog-smartFilterBar-btnBasicSearch","searchOpenDialogs":true,"interaction":{"idSuffix":"I"}},"clearTextFirst":true,"interactionType":"ENTER_TEXT"}]}
COMMAND: GET /session/e4ca631e3efb970409c1f6ae88247928/screenshot - {}
RESULT: {"script":"<script> [776 bytes]","args":[{"enterText":"TB","selector":{"id":"application-manageconditionprice-display-component---conditions--smartFilterBar-filterItemControl_BASIC-BILL_TYPES-valueHelpDialog-smartFilterBar-btnBasicSearch","searchOpenDialogs":true,"interaction":{"idSuffix":"I"}},"clearTextFirst":true,"interactionType":"ENTER_TEXT"}]}
COMMAND: POST /session/e4ca631e3efb970409c1f6ae88247928/actions - {"actions":[{"id":"action44","type":"key","parameters":{},"actions":[{"type":"keyDown","value":"î€‡"},{"type":"pause","duration":10},{"type":"keyUp","value":"î€‡"}]}]}
RESULT: {}
RESULT: {"actions":[{"id":"action44","type":"key","parameters":{},"actions":[{"type":"keyDown","value":"î€‡"},{"type":"pause","duration":10},{"type":"keyUp","value":"î€‡"}]}]}
COMMAND: GET /session/e4ca631e3efb970409c1f6ae88247928/screenshot - {}
RESULT: {}
COMMAND: POST /session/e4ca631e3efb970409c1f6ae88247928/element - {"using":"xpath","value":"//div[contains(@id, 'application-manageconditionprice-display-component---conditions--smartFilterBar-filterItemControl_BASIC-BILL_TYPES-valueHelpDialog-table-rowsel0')]"}
RESULT: {"using":"xpath","value":"//div[contains(@id, 'application-manageconditionprice-display-component---conditions--smartFilterBar-filterItemControl_BASIC-BILL_TYPES-valueHelpDialog-table-rowsel0')]"}
COMMAND: POST /session/e4ca631e3efb970409c1f6ae88247928/element/f.C691F06ADA7EF9549F3769A53F800D74.d.D20752FE79497C965C51BD0B37308D38.e.11539/click - {}
RESULT: {}
COMMAND: GET /session/e4ca631e3efb970409c1f6ae88247928/screenshot - {}
RESULT: {}
COMMAND: POST /session/e4ca631e3efb970409c1f6ae88247928/element - {"using":"xpath","value":"//bdi[contains(text(), \"OK\")]"}
RESULT: {"using":"xpath","value":"//bdi[contains(text(), \"OK\")]"}
COMMAND: POST /session/e4ca631e3efb970409c1f6ae88247928/element/f.C691F06ADA7EF9549F3769A53F800D74.d.D20752FE79497C965C51BD0B37308D38.e.11541/click - {}
RESULT: {}
COMMAND: GET /session/e4ca631e3efb970409c1f6ae88247928/screenshot - {}
RESULT: {}
COMMAND: POST /session/e4ca631e3efb970409c1f6ae88247928/element - {"using":"xpath","value":"//span[@id=\"application-manageconditionprice-display-component---conditions--smartTable-header-inner\"]"}
RESULT: {"using":"xpath","value":"//span[@id=\"application-manageconditionprice-display-component---conditions--smartTable-header-inner\"]"}
COMMAND: POST /session/e4ca631e3efb970409c1f6ae88247928/elements - {"using":"xpath","value":"//span[@id=\"application-manageconditionprice-display-component---conditions--smartTable-header-inner\"]"}
RESULT: {"using":"xpath","value":"//span[@id=\"application-manageconditionprice-display-component---conditions--smartTable-header-inner\"]"}
COMMAND: POST /session/e4ca631e3efb970409c1f6ae88247928/execute/sync - {"script":"<script> [56 bytes]","args":[{"element-6066-11e4-a52e-4f735466cecf":"f.C691F06ADA7EF9549F3769A53F800D74.d.D20752FE79497C965C51BD0B37308D38.e.11579","ELEMENT":"f.C691F06ADA7EF9549F3769A53F800D74.d.D20752FE79497C965C51BD0B37308D38.e.11579"}]}
RESULT: {"script":"<script> [56 bytes]","args":[{"element-6066-11e4-a52e-4f735466cecf":"f.C691F06ADA7EF9549F3769A53F800D74.d.D20752FE79497C965C51BD0B37308D38.e.11579","ELEMENT":"f.C691F06ADA7EF9549F3769A53F800D74.d.D20752FE79497C965C51BD0B37308D38.e.11579"}]}
COMMAND: POST /session/e4ca631e3efb970409c1f6ae88247928/element - {"using":"css selector","value":"#shell-header-logo"}
COMMAND: GET /session/e4ca631e3efb970409c1f6ae88247928/screenshot - {}
RESULT: {"using":"css selector","value":"#shell-header-logo"}
COMMAND: POST /session/e4ca631e3efb970409c1f6ae88247928/element/f.C691F06ADA7EF9549F3769A53F800D74.d.D20752FE79497C965C51BD0B37308D38.e.10759/click - {}
RESULT: {}
RESULT: {}
COMMAND: GET /session/e4ca631e3efb970409c1f6ae88247928/screenshot - {}
RESULT: {}
]]></system-out>
    </testcase>
    <testcase classname="chrome.135_0_7049_115.windows.Create_master_data_for_mixed_billing_&amp;_do_billing_calculation_US151661" name="Should do a stock increase handover" time="84.876">
      <system-out><![CDATA[
COMMAND: POST /session/e4ca631e3efb970409c1f6ae88247928/execute/async - {"script":"<script> [1562 bytes]","args":[{"selector":{"controlType":"sap.m.Text","viewName":"etm.portal.ui.managehandoverstile.view.Master","properties":{"text":"Manage Handovers"},"interaction":{"idSuffix":"inner"}},"wdio_ui5_key":"etmportal.ui.managehandoverstile.view.Mastersap.m.Text{\"text\":\"Manage Handovers\"}"}]}
RESULT: {"script":"<script> [1562 bytes]","args":[{"selector":{"controlType":"sap.m.Text","viewName":"etm.portal.ui.managehandoverstile.view.Master","properties":{"text":"Manage Handovers"},"interaction":{"idSuffix":"inner"}},"wdio_ui5_key":"etmportal.ui.managehandoverstile.view.Mastersap.m.Text{\"text\":\"Manage Handovers\"}"}]}
RESULT: undefined
COMMAND: POST /session/e4ca631e3efb970409c1f6ae88247928/element - {"using":"xpath","value":"//*[@id=\"__tile132-title\"]"}
RESULT: {"using":"xpath","value":"//*[@id=\"__tile132-title\"]"}
COMMAND: POST /session/e4ca631e3efb970409c1f6ae88247928/element/f.C691F06ADA7EF9549F3769A53F800D74.d.D20752FE79497C965C51BD0B37308D38.e.11582/click - {}
RESULT: {}
COMMAND: POST /session/e4ca631e3efb970409c1f6ae88247928/element - {"using":"xpath","value":"//button[@data-kt=\"masterHOAddButton\"]"}
COMMAND: GET /session/e4ca631e3efb970409c1f6ae88247928/screenshot - {}
RESULT: {"using":"xpath","value":"//button[@data-kt=\"masterHOAddButton\"]"}
COMMAND: POST /session/e4ca631e3efb970409c1f6ae88247928/elements - {"using":"xpath","value":"//button[@data-kt=\"masterHOAddButton\"]"}
RESULT: {}
RESULT: {"using":"xpath","value":"//button[@data-kt=\"masterHOAddButton\"]"}
COMMAND: POST /session/e4ca631e3efb970409c1f6ae88247928/elements - {"using":"xpath","value":"//button[@data-kt=\"masterHOAddButton\"]"}
RESULT: {"using":"xpath","value":"//button[@data-kt=\"masterHOAddButton\"]"}
COMMAND: POST /session/e4ca631e3efb970409c1f6ae88247928/elements - {"using":"xpath","value":"//button[@data-kt=\"masterHOAddButton\"]"}
RESULT: {"using":"xpath","value":"//button[@data-kt=\"masterHOAddButton\"]"}
COMMAND: POST /session/e4ca631e3efb970409c1f6ae88247928/elements - {"using":"xpath","value":"//button[@data-kt=\"masterHOAddButton\"]"}
RESULT: {"using":"xpath","value":"//button[@data-kt=\"masterHOAddButton\"]"}
COMMAND: POST /session/e4ca631e3efb970409c1f6ae88247928/elements - {"using":"xpath","value":"//button[@data-kt=\"masterHOAddButton\"]"}
RESULT: {"using":"xpath","value":"//button[@data-kt=\"masterHOAddButton\"]"}
COMMAND: POST /session/e4ca631e3efb970409c1f6ae88247928/elements - {"using":"xpath","value":"//button[@data-kt=\"masterHOAddButton\"]"}
RESULT: {"using":"xpath","value":"//button[@data-kt=\"masterHOAddButton\"]"}
COMMAND: POST /session/e4ca631e3efb970409c1f6ae88247928/elements - {"using":"xpath","value":"//button[@data-kt=\"masterHOAddButton\"]"}
RESULT: {"using":"xpath","value":"//button[@data-kt=\"masterHOAddButton\"]"}
COMMAND: POST /session/e4ca631e3efb970409c1f6ae88247928/elements - {"using":"xpath","value":"//button[@data-kt=\"masterHOAddButton\"]"}
RESULT: {"using":"xpath","value":"//button[@data-kt=\"masterHOAddButton\"]"}
COMMAND: POST /session/e4ca631e3efb970409c1f6ae88247928/elements - {"using":"xpath","value":"//button[@data-kt=\"masterHOAddButton\"]"}
RESULT: {"using":"xpath","value":"//button[@data-kt=\"masterHOAddButton\"]"}
COMMAND: POST /session/e4ca631e3efb970409c1f6ae88247928/elements - {"using":"xpath","value":"//button[@data-kt=\"masterHOAddButton\"]"}
RESULT: {"using":"xpath","value":"//button[@data-kt=\"masterHOAddButton\"]"}
COMMAND: POST /session/e4ca631e3efb970409c1f6ae88247928/elements - {"using":"xpath","value":"//button[@data-kt=\"masterHOAddButton\"]"}
RESULT: {"using":"xpath","value":"//button[@data-kt=\"masterHOAddButton\"]"}
COMMAND: POST /session/e4ca631e3efb970409c1f6ae88247928/elements - {"using":"xpath","value":"//button[@data-kt=\"masterHOAddButton\"]"}
RESULT: {"using":"xpath","value":"//button[@data-kt=\"masterHOAddButton\"]"}
COMMAND: POST /session/e4ca631e3efb970409c1f6ae88247928/elements - {"using":"xpath","value":"//button[@data-kt=\"masterHOAddButton\"]"}
RESULT: {"using":"xpath","value":"//button[@data-kt=\"masterHOAddButton\"]"}
COMMAND: POST /session/e4ca631e3efb970409c1f6ae88247928/elements - {"using":"xpath","value":"//button[@data-kt=\"masterHOAddButton\"]"}
RESULT: {"using":"xpath","value":"//button[@data-kt=\"masterHOAddButton\"]"}
COMMAND: POST /session/e4ca631e3efb970409c1f6ae88247928/elements - {"using":"xpath","value":"//button[@data-kt=\"masterHOAddButton\"]"}
RESULT: {"using":"xpath","value":"//button[@data-kt=\"masterHOAddButton\"]"}
COMMAND: POST /session/e4ca631e3efb970409c1f6ae88247928/elements - {"using":"xpath","value":"//button[@data-kt=\"masterHOAddButton\"]"}
RESULT: {"using":"xpath","value":"//button[@data-kt=\"masterHOAddButton\"]"}
COMMAND: POST /session/e4ca631e3efb970409c1f6ae88247928/elements - {"using":"xpath","value":"//button[@data-kt=\"masterHOAddButton\"]"}
RESULT: {"using":"xpath","value":"//button[@data-kt=\"masterHOAddButton\"]"}
COMMAND: POST /session/e4ca631e3efb970409c1f6ae88247928/elements - {"using":"xpath","value":"//button[@data-kt=\"masterHOAddButton\"]"}
RESULT: {"using":"xpath","value":"//button[@data-kt=\"masterHOAddButton\"]"}
COMMAND: POST /session/e4ca631e3efb970409c1f6ae88247928/elements - {"using":"xpath","value":"//button[@data-kt=\"masterHOAddButton\"]"}
RESULT: {"using":"xpath","value":"//button[@data-kt=\"masterHOAddButton\"]"}
COMMAND: POST /session/e4ca631e3efb970409c1f6ae88247928/elements - {"using":"xpath","value":"//button[@data-kt=\"masterHOAddButton\"]"}
RESULT: {"using":"xpath","value":"//button[@data-kt=\"masterHOAddButton\"]"}
COMMAND: POST /session/e4ca631e3efb970409c1f6ae88247928/elements - {"using":"xpath","value":"//button[@data-kt=\"masterHOAddButton\"]"}
RESULT: {"using":"xpath","value":"//button[@data-kt=\"masterHOAddButton\"]"}
COMMAND: POST /session/e4ca631e3efb970409c1f6ae88247928/elements - {"using":"xpath","value":"//button[@data-kt=\"masterHOAddButton\"]"}
RESULT: {"using":"xpath","value":"//button[@data-kt=\"masterHOAddButton\"]"}
COMMAND: POST /session/e4ca631e3efb970409c1f6ae88247928/elements - {"using":"xpath","value":"//button[@data-kt=\"masterHOAddButton\"]"}
RESULT: {"using":"xpath","value":"//button[@data-kt=\"masterHOAddButton\"]"}
COMMAND: POST /session/e4ca631e3efb970409c1f6ae88247928/elements - {"using":"xpath","value":"//button[@data-kt=\"masterHOAddButton\"]"}
RESULT: {"using":"xpath","value":"//button[@data-kt=\"masterHOAddButton\"]"}
COMMAND: POST /session/e4ca631e3efb970409c1f6ae88247928/elements - {"using":"xpath","value":"//button[@data-kt=\"masterHOAddButton\"]"}
RESULT: {"using":"xpath","value":"//button[@data-kt=\"masterHOAddButton\"]"}
COMMAND: POST /session/e4ca631e3efb970409c1f6ae88247928/elements - {"using":"xpath","value":"//button[@data-kt=\"masterHOAddButton\"]"}
RESULT: {"using":"xpath","value":"//button[@data-kt=\"masterHOAddButton\"]"}
COMMAND: POST /session/e4ca631e3efb970409c1f6ae88247928/element - {"using":"xpath","value":"//button[@data-kt=\"masterHOAddButton\"]"}
RESULT: {"using":"xpath","value":"//button[@data-kt=\"masterHOAddButton\"]"}
COMMAND: POST /session/e4ca631e3efb970409c1f6ae88247928/execute/sync - {"script":"<script> [8489 bytes]","args":[{"element-6066-11e4-a52e-4f735466cecf":"f.C691F06ADA7EF9549F3769A53F800D74.d.D20752FE79497C965C51BD0B37308D38.e.11612","ELEMENT":"f.C691F06ADA7EF9549F3769A53F800D74.d.D20752FE79497C965C51BD0B37308D38.e.11612"}]}
RESULT: {"script":"<script> [8489 bytes]","args":[{"element-6066-11e4-a52e-4f735466cecf":"f.C691F06ADA7EF9549F3769A53F800D74.d.D20752FE79497C965C51BD0B37308D38.e.11612","ELEMENT":"f.C691F06ADA7EF9549F3769A53F800D74.d.D20752FE79497C965C51BD0B37308D38.e.11612"}]}
COMMAND: GET /session/e4ca631e3efb970409c1f6ae88247928/element/f.C691F06ADA7EF9549F3769A53F800D74.d.D20752FE79497C965C51BD0B37308D38.e.11612/enabled - {}
COMMAND: GET /session/e4ca631e3efb970409c1f6ae88247928/screenshot - {}
RESULT: {}
COMMAND: POST /session/e4ca631e3efb970409c1f6ae88247928/execute/sync - {"script":"<script> [8489 bytes]","args":[{"element-6066-11e4-a52e-4f735466cecf":"f.C691F06ADA7EF9549F3769A53F800D74.d.D20752FE79497C965C51BD0B37308D38.e.11612","ELEMENT":"f.C691F06ADA7EF9549F3769A53F800D74.d.D20752FE79497C965C51BD0B37308D38.e.11612"}]}
COMMAND: GET /session/e4ca631e3efb970409c1f6ae88247928/screenshot - {}
RESULT: {}
RESULT: {"script":"<script> [8489 bytes]","args":[{"element-6066-11e4-a52e-4f735466cecf":"f.C691F06ADA7EF9549F3769A53F800D74.d.D20752FE79497C965C51BD0B37308D38.e.11612","ELEMENT":"f.C691F06ADA7EF9549F3769A53F800D74.d.D20752FE79497C965C51BD0B37308D38.e.11612"}]}
COMMAND: POST /session/e4ca631e3efb970409c1f6ae88247928/execute/sync - {"script":"<script> [5351 bytes]","args":[{"element-6066-11e4-a52e-4f735466cecf":"f.C691F06ADA7EF9549F3769A53F800D74.d.D20752FE79497C965C51BD0B37308D38.e.11612","ELEMENT":"f.C691F06ADA7EF9549F3769A53F800D74.d.D20752FE79497C965C51BD0B37308D38.e.11612"}]}
COMMAND: GET /session/e4ca631e3efb970409c1f6ae88247928/screenshot - {}
RESULT: {}
RESULT: {"script":"<script> [5351 bytes]","args":[{"element-6066-11e4-a52e-4f735466cecf":"f.C691F06ADA7EF9549F3769A53F800D74.d.D20752FE79497C965C51BD0B37308D38.e.11612","ELEMENT":"f.C691F06ADA7EF9549F3769A53F800D74.d.D20752FE79497C965C51BD0B37308D38.e.11612"}]}
COMMAND: POST /session/e4ca631e3efb970409c1f6ae88247928/element/f.C691F06ADA7EF9549F3769A53F800D74.d.D20752FE79497C965C51BD0B37308D38.e.11612/click - {}
COMMAND: GET /session/e4ca631e3efb970409c1f6ae88247928/screenshot - {}
RESULT: {}
RESULT: {}
COMMAND: GET /session/e4ca631e3efb970409c1f6ae88247928/screenshot - {}
RESULT: {}
COMMAND: POST /session/e4ca631e3efb970409c1f6ae88247928/element - {"using":"xpath","value":"//span[contains(@id ,\"AddNewHO--typeSelect-arrow\")]"}
RESULT: {}
RESULT: {"using":"xpath","value":"//span[contains(@id ,\"AddNewHO--typeSelect-arrow\")]"}
COMMAND: POST /session/e4ca631e3efb970409c1f6ae88247928/element/f.C691F06ADA7EF9549F3769A53F800D74.d.D20752FE79497C965C51BD0B37308D38.e.11875/click - {}
RESULT: {}
COMMAND: GET /session/e4ca631e3efb970409c1f6ae88247928/screenshot - {}
RESULT: {}
COMMAND: POST /session/e4ca631e3efb970409c1f6ae88247928/element - {"using":"xpath","value":"(//li[contains(text(), \"stock increase yard\")])[1]"}
RESULT: {"using":"xpath","value":"(//li[contains(text(), \"stock increase yard\")])[1]"}
COMMAND: POST /session/e4ca631e3efb970409c1f6ae88247928/element/f.C691F06ADA7EF9549F3769A53F800D74.d.D20752FE79497C965C51BD0B37308D38.e.11876/click - {}
RESULT: {}
COMMAND: GET /session/e4ca631e3efb970409c1f6ae88247928/screenshot - {}
RESULT: {}
COMMAND: POST /session/e4ca631e3efb970409c1f6ae88247928/execute/async - {"script":"<script> [1562 bytes]","args":[{"selector":{"id":"application-managehandovers-display-component---AddNewHO--dueDate","interaction":{"idSuffix":"inner"}},"wdio_ui5_key":"applicationmanagehandovers-display-component---AddNewHO--dueDate"}]}
RESULT: {"script":"<script> [1562 bytes]","args":[{"selector":{"id":"application-managehandovers-display-component---AddNewHO--dueDate","interaction":{"idSuffix":"inner"}},"wdio_ui5_key":"applicationmanagehandovers-display-component---AddNewHO--dueDate"}]}
RESULT: undefined
COMMAND: POST /session/e4ca631e3efb970409c1f6ae88247928/execute/async - {"script":"<script> [6424 bytes]","args":[{"element-6066-11e4-a52e-4f735466cecf":"f.C691F06ADA7EF9549F3769A53F800D74.d.D20752FE79497C965C51BD0B37308D38.e.11878"},"setValue",["05/07/2025"]]}
RESULT: {"script":"<script> [6424 bytes]","args":[{"element-6066-11e4-a52e-4f735466cecf":"f.C691F06ADA7EF9549F3769A53F800D74.d.D20752FE79497C965C51BD0B37308D38.e.11878"},"setValue",["05/07/2025"]]}
COMMAND: POST /session/e4ca631e3efb970409c1f6ae88247928/element - {"using":"xpath","value":"//input[@id=\"generalSectionFrg--receiveYard-inner\"]"}
RESULT: {"using":"xpath","value":"//input[@id=\"generalSectionFrg--receiveYard-inner\"]"}
COMMAND: POST /session/e4ca631e3efb970409c1f6ae88247928/element/f.C691F06ADA7EF9549F3769A53F800D74.d.D20752FE79497C965C51BD0B37308D38.e.11884/clear - {}
RESULT: {}
COMMAND: POST /session/e4ca631e3efb970409c1f6ae88247928/element/f.C691F06ADA7EF9549F3769A53F800D74.d.D20752FE79497C965C51BD0B37308D38.e.11884/value - {"text":"669"}
COMMAND: GET /session/e4ca631e3efb970409c1f6ae88247928/screenshot - {}
RESULT: {"text":"669"}
COMMAND: GET /session/e4ca631e3efb970409c1f6ae88247928/screenshot - {}
RESULT: {}
RESULT: {}
COMMAND: POST /session/e4ca631e3efb970409c1f6ae88247928/element - {"using":"xpath","value":"//li[.//span[text()='669']]"}
RESULT: {"using":"xpath","value":"//li[.//span[text()='669']]"}
COMMAND: POST /session/e4ca631e3efb970409c1f6ae88247928/element/f.C691F06ADA7EF9549F3769A53F800D74.d.D20752FE79497C965C51BD0B37308D38.e.11902/click - {}
RESULT: {}
COMMAND: GET /session/e4ca631e3efb970409c1f6ae88247928/screenshot - {}
RESULT: {}
COMMAND: POST /session/e4ca631e3efb970409c1f6ae88247928/execute/async - {"script":"<script> [1562 bytes]","args":[{"selector":{"id":"application-managehandovers-display-component---AddNewHO--ObjectPageLayout-anchBar-application-managehandovers-display-component---AddNewHO--section4-anchor","interaction":{"idSuffix":"BDI-content"}},"wdio_ui5_key":"applicationmanagehandovers-display-component---AddNewHO--ObjectPageLayout-anchBar-application-managehandovers-display-component---AddNewHO--section4-anchor"}]}
RESULT: {"script":"<script> [1562 bytes]","args":[{"selector":{"id":"application-managehandovers-display-component---AddNewHO--ObjectPageLayout-anchBar-application-managehandovers-display-component---AddNewHO--section4-anchor","interaction":{"idSuffix":"BDI-content"}},"wdio_ui5_key":"applicationmanagehandovers-display-component---AddNewHO--ObjectPageLayout-anchBar-application-managehandovers-display-component---AddNewHO--section4-anchor"}]}
RESULT: undefined
COMMAND: POST /session/e4ca631e3efb970409c1f6ae88247928/element - {"using":"xpath","value":"//*[@id=\"application-managehandovers-display-component---AddNewHO--ObjectPageLayout-anchBar-application-managehandovers-display-component---AddNewHO--section4-anchor\"]"}
RESULT: {"using":"xpath","value":"//*[@id=\"application-managehandovers-display-component---AddNewHO--ObjectPageLayout-anchBar-application-managehandovers-display-component---AddNewHO--section4-anchor\"]"}
COMMAND: POST /session/e4ca631e3efb970409c1f6ae88247928/element/f.C691F06ADA7EF9549F3769A53F800D74.d.D20752FE79497C965C51BD0B37308D38.e.11904/click - {}
RESULT: {}
COMMAND: POST /session/e4ca631e3efb970409c1f6ae88247928/element - {"using":"xpath","value":"//button[@aria-label=\"Add\"]"}
COMMAND: GET /session/e4ca631e3efb970409c1f6ae88247928/screenshot - {}
RESULT: {"using":"xpath","value":"//button[@aria-label=\"Add\"]"}
COMMAND: POST /session/e4ca631e3efb970409c1f6ae88247928/element/f.C691F06ADA7EF9549F3769A53F800D74.d.D20752FE79497C965C51BD0B37308D38.e.11906/click - {}
RESULT: {}
RESULT: {}
COMMAND: GET /session/e4ca631e3efb970409c1f6ae88247928/screenshot - {}
RESULT: {}
COMMAND: POST /session/e4ca631e3efb970409c1f6ae88247928/execute/async - {"script":"<script> [1562 bytes]","args":[{"selector":{"id":"application-managehandovers-display-component---AddNewHO--smartFilterBar-btnBasicSearch","searchOpenDialogs":true,"interaction":{"idSuffix":"I"}},"wdio_ui5_key":"applicationmanagehandovers-display-component---AddNewHO--smartFilterBar-btnBasicSearch"}]}
RESULT: {"script":"<script> [1562 bytes]","args":[{"selector":{"id":"application-managehandovers-display-component---AddNewHO--smartFilterBar-btnBasicSearch","searchOpenDialogs":true,"interaction":{"idSuffix":"I"}},"wdio_ui5_key":"applicationmanagehandovers-display-component---AddNewHO--smartFilterBar-btnBasicSearch"}]}
RESULT: undefined
COMMAND: POST /session/e4ca631e3efb970409c1f6ae88247928/execute/async - {"script":"<script> [776 bytes]","args":[{"enterText":"G4Xzp5LISS","selector":{"id":"application-managehandovers-display-component---AddNewHO--smartFilterBar-btnBasicSearch","searchOpenDialogs":true,"interaction":{"idSuffix":"I"}},"clearTextFirst":true,"interactionType":"ENTER_TEXT"}]}
RESULT: {"script":"<script> [776 bytes]","args":[{"enterText":"G4Xzp5LISS","selector":{"id":"application-managehandovers-display-component---AddNewHO--smartFilterBar-btnBasicSearch","searchOpenDialogs":true,"interaction":{"idSuffix":"I"}},"clearTextFirst":true,"interactionType":"ENTER_TEXT"}]}
COMMAND: POST /session/e4ca631e3efb970409c1f6ae88247928/actions - {"actions":[{"id":"action45","type":"key","parameters":{},"actions":[{"type":"keyDown","value":"î€‡"},{"type":"pause","duration":10},{"type":"keyUp","value":"î€‡"}]}]}
RESULT: {"actions":[{"id":"action45","type":"key","parameters":{},"actions":[{"type":"keyDown","value":"î€‡"},{"type":"pause","duration":10},{"type":"keyUp","value":"î€‡"}]}]}
COMMAND: GET /session/e4ca631e3efb970409c1f6ae88247928/screenshot - {}
RESULT: {}
COMMAND: POST /session/e4ca631e3efb970409c1f6ae88247928/execute/async - {"script":"<script> [1562 bytes]","args":[{"selector":{"id":"application-managehandovers-display-component---AddNewHO--popup-sa","searchOpenDialogs":true,"interaction":{"idSuffix":"CbBg"}},"wdio_ui5_key":"applicationmanagehandovers-display-component---AddNewHO--popup-sa"}]}
RESULT: {"script":"<script> [1562 bytes]","args":[{"selector":{"id":"application-managehandovers-display-component---AddNewHO--popup-sa","searchOpenDialogs":true,"interaction":{"idSuffix":"CbBg"}},"wdio_ui5_key":"applicationmanagehandovers-display-component---AddNewHO--popup-sa"}]}
RESULT: undefined
COMMAND: POST /session/e4ca631e3efb970409c1f6ae88247928/element - {"using":"xpath","value":"//*[@id=\"application-managehandovers-display-component---AddNewHO--popup-sa\"]"}
RESULT: {"using":"xpath","value":"//*[@id=\"application-managehandovers-display-component---AddNewHO--popup-sa\"]"}
COMMAND: POST /session/e4ca631e3efb970409c1f6ae88247928/element/f.C691F06ADA7EF9549F3769A53F800D74.d.D20752FE79497C965C51BD0B37308D38.e.12062/click - {}
RESULT: {}
COMMAND: GET /session/e4ca631e3efb970409c1f6ae88247928/screenshot - {}
RESULT: {}
COMMAND: POST /session/e4ca631e3efb970409c1f6ae88247928/element - {"using":"xpath","value":"//bdi[contains(text(), \"Select\")]"}
RESULT: {"using":"xpath","value":"//bdi[contains(text(), \"Select\")]"}
COMMAND: POST /session/e4ca631e3efb970409c1f6ae88247928/element/f.C691F06ADA7EF9549F3769A53F800D74.d.D20752FE79497C965C51BD0B37308D38.e.12063/click - {}
RESULT: {}
COMMAND: GET /session/e4ca631e3efb970409c1f6ae88247928/screenshot - {}
RESULT: {}
COMMAND: POST /session/e4ca631e3efb970409c1f6ae88247928/element - {"using":"xpath","value":"//button[@data-kt=\"AddNewHOSaveButton\"]"}
RESULT: {"using":"xpath","value":"//button[@data-kt=\"AddNewHOSaveButton\"]"}
COMMAND: POST /session/e4ca631e3efb970409c1f6ae88247928/element/f.C691F06ADA7EF9549F3769A53F800D74.d.D20752FE79497C965C51BD0B37308D38.e.12067/click - {}
RESULT: {}
COMMAND: GET /session/e4ca631e3efb970409c1f6ae88247928/screenshot - {}
RESULT: {}
COMMAND: POST /session/e4ca631e3efb970409c1f6ae88247928/execute/async - {"script":"<script> [1562 bytes]","args":[{"selector":{"id":"receiptDatePicker","viewName":"etm.portal.ui.managehandovers.view.DetailExecuteHO","interaction":{"idSuffix":"inner"}},"wdio_ui5_key":"receiptDatePickeretmportal.ui.managehandovers.view.DetailExecuteHO"}]}
RESULT: {"script":"<script> [1562 bytes]","args":[{"selector":{"id":"receiptDatePicker","viewName":"etm.portal.ui.managehandovers.view.DetailExecuteHO","interaction":{"idSuffix":"inner"}},"wdio_ui5_key":"receiptDatePickeretmportal.ui.managehandovers.view.DetailExecuteHO"}]}
RESULT: undefined
COMMAND: POST /session/e4ca631e3efb970409c1f6ae88247928/execute/async - {"script":"<script> [6424 bytes]","args":[{"element-6066-11e4-a52e-4f735466cecf":"f.C691F06ADA7EF9549F3769A53F800D74.d.D20752FE79497C965C51BD0B37308D38.e.12097"},"setValue",["05/07/2025"]]}
RESULT: {"script":"<script> [6424 bytes]","args":[{"element-6066-11e4-a52e-4f735466cecf":"f.C691F06ADA7EF9549F3769A53F800D74.d.D20752FE79497C965C51BD0B37308D38.e.12097"},"setValue",["05/07/2025"]]}
COMMAND: POST /session/e4ca631e3efb970409c1f6ae88247928/element - {"using":"xpath","value":"//button[@data-kt=\"PickingTableConfirmAllButton\"]"}
RESULT: {"using":"xpath","value":"//button[@data-kt=\"PickingTableConfirmAllButton\"]"}
COMMAND: POST /session/e4ca631e3efb970409c1f6ae88247928/element/f.C691F06ADA7EF9549F3769A53F800D74.d.D20752FE79497C965C51BD0B37308D38.e.12112/click - {}
RESULT: {}
COMMAND: GET /session/e4ca631e3efb970409c1f6ae88247928/screenshot - {}
RESULT: {}
COMMAND: POST /session/e4ca631e3efb970409c1f6ae88247928/element - {"using":"xpath","value":"//bdi[contains(text(), \"OK\")]"}
RESULT: {"using":"xpath","value":"//bdi[contains(text(), \"OK\")]"}
COMMAND: POST /session/e4ca631e3efb970409c1f6ae88247928/element/f.C691F06ADA7EF9549F3769A53F800D74.d.D20752FE79497C965C51BD0B37308D38.e.12114/click - {}
RESULT: {}
COMMAND: GET /session/e4ca631e3efb970409c1f6ae88247928/screenshot - {}
RESULT: {}
COMMAND: POST /session/e4ca631e3efb970409c1f6ae88247928/element - {"using":"xpath","value":"(//bdi[contains(text(), \"Receive\")])[2]"}
RESULT: {"using":"xpath","value":"(//bdi[contains(text(), \"Receive\")])[2]"}
COMMAND: POST /session/e4ca631e3efb970409c1f6ae88247928/element/f.C691F06ADA7EF9549F3769A53F800D74.d.D20752FE79497C965C51BD0B37308D38.e.12116/click - {}
RESULT: {}
COMMAND: GET /session/e4ca631e3efb970409c1f6ae88247928/screenshot - {}
RESULT: {}
COMMAND: POST /session/e4ca631e3efb970409c1f6ae88247928/element - {"using":"css selector","value":"#shell-header-logo"}
RESULT: {"using":"css selector","value":"#shell-header-logo"}
COMMAND: POST /session/e4ca631e3efb970409c1f6ae88247928/element/f.C691F06ADA7EF9549F3769A53F800D74.d.D20752FE79497C965C51BD0B37308D38.e.11584/click - {}
RESULT: {}
COMMAND: GET /session/e4ca631e3efb970409c1f6ae88247928/screenshot - {}
RESULT: {}
]]></system-out>
    </testcase>
    <testcase classname="chrome.135_0_7049_115.windows.Create_master_data_for_mixed_billing_&amp;_do_billing_calculation_US151661" name="Should create a new contract" time="57.365">
      <system-out><![CDATA[
COMMAND: POST /session/e4ca631e3efb970409c1f6ae88247928/execute/async - {"script":"<script> [1562 bytes]","args":[{"selector":{"controlType":"sap.m.Text","viewName":"etm.portal.ui.managecontractstile.view.Master","properties":{"text":"Manage Contracts"},"interaction":{"idSuffix":"inner"}},"wdio_ui5_key":"etmportal.ui.managecontractstile.view.Mastersap.m.Text{\"text\":\"Manage Contracts\"}"}]}
RESULT: {"script":"<script> [1562 bytes]","args":[{"selector":{"controlType":"sap.m.Text","viewName":"etm.portal.ui.managecontractstile.view.Master","properties":{"text":"Manage Contracts"},"interaction":{"idSuffix":"inner"}},"wdio_ui5_key":"etmportal.ui.managecontractstile.view.Mastersap.m.Text{\"text\":\"Manage Contracts\"}"}]}
RESULT: undefined
COMMAND: POST /session/e4ca631e3efb970409c1f6ae88247928/element - {"using":"xpath","value":"//*[@id=\"__tile133-title\"]"}
RESULT: {"using":"xpath","value":"//*[@id=\"__tile133-title\"]"}
COMMAND: POST /session/e4ca631e3efb970409c1f6ae88247928/element/f.C691F06ADA7EF9549F3769A53F800D74.d.D20752FE79497C965C51BD0B37308D38.e.12289/click - {}
RESULT: {}
COMMAND: GET /session/e4ca631e3efb970409c1f6ae88247928/screenshot - {}
RESULT: {}
COMMAND: POST /session/e4ca631e3efb970409c1f6ae88247928/element - {"using":"xpath","value":"//button[@data-kt=\"addButton\"]"}
RESULT: {"using":"xpath","value":"//button[@data-kt=\"addButton\"]"}
COMMAND: POST /session/e4ca631e3efb970409c1f6ae88247928/elements - {"using":"xpath","value":"//button[@data-kt=\"addButton\"]"}
RESULT: {"using":"xpath","value":"//button[@data-kt=\"addButton\"]"}
COMMAND: POST /session/e4ca631e3efb970409c1f6ae88247928/element - {"using":"xpath","value":"//button[@data-kt=\"addButton\"]"}
RESULT: {"using":"xpath","value":"//button[@data-kt=\"addButton\"]"}
COMMAND: POST /session/e4ca631e3efb970409c1f6ae88247928/execute/sync - {"script":"<script> [8489 bytes]","args":[{"element-6066-11e4-a52e-4f735466cecf":"f.C691F06ADA7EF9549F3769A53F800D74.d.D20752FE79497C965C51BD0B37308D38.e.12363","ELEMENT":"f.C691F06ADA7EF9549F3769A53F800D74.d.D20752FE79497C965C51BD0B37308D38.e.12363"}]}
RESULT: {"script":"<script> [8489 bytes]","args":[{"element-6066-11e4-a52e-4f735466cecf":"f.C691F06ADA7EF9549F3769A53F800D74.d.D20752FE79497C965C51BD0B37308D38.e.12363","ELEMENT":"f.C691F06ADA7EF9549F3769A53F800D74.d.D20752FE79497C965C51BD0B37308D38.e.12363"}]}
COMMAND: GET /session/e4ca631e3efb970409c1f6ae88247928/element/f.C691F06ADA7EF9549F3769A53F800D74.d.D20752FE79497C965C51BD0B37308D38.e.12363/enabled - {}
COMMAND: GET /session/e4ca631e3efb970409c1f6ae88247928/screenshot - {}
RESULT: {}
COMMAND: POST /session/e4ca631e3efb970409c1f6ae88247928/execute/sync - {"script":"<script> [8489 bytes]","args":[{"element-6066-11e4-a52e-4f735466cecf":"f.C691F06ADA7EF9549F3769A53F800D74.d.D20752FE79497C965C51BD0B37308D38.e.12363","ELEMENT":"f.C691F06ADA7EF9549F3769A53F800D74.d.D20752FE79497C965C51BD0B37308D38.e.12363"}]}
COMMAND: GET /session/e4ca631e3efb970409c1f6ae88247928/screenshot - {}
RESULT: {}
RESULT: {"script":"<script> [8489 bytes]","args":[{"element-6066-11e4-a52e-4f735466cecf":"f.C691F06ADA7EF9549F3769A53F800D74.d.D20752FE79497C965C51BD0B37308D38.e.12363","ELEMENT":"f.C691F06ADA7EF9549F3769A53F800D74.d.D20752FE79497C965C51BD0B37308D38.e.12363"}]}
COMMAND: POST /session/e4ca631e3efb970409c1f6ae88247928/execute/sync - {"script":"<script> [5351 bytes]","args":[{"element-6066-11e4-a52e-4f735466cecf":"f.C691F06ADA7EF9549F3769A53F800D74.d.D20752FE79497C965C51BD0B37308D38.e.12363","ELEMENT":"f.C691F06ADA7EF9549F3769A53F800D74.d.D20752FE79497C965C51BD0B37308D38.e.12363"}]}
COMMAND: GET /session/e4ca631e3efb970409c1f6ae88247928/screenshot - {}
RESULT: {}
RESULT: {"script":"<script> [5351 bytes]","args":[{"element-6066-11e4-a52e-4f735466cecf":"f.C691F06ADA7EF9549F3769A53F800D74.d.D20752FE79497C965C51BD0B37308D38.e.12363","ELEMENT":"f.C691F06ADA7EF9549F3769A53F800D74.d.D20752FE79497C965C51BD0B37308D38.e.12363"}]}
COMMAND: GET /session/e4ca631e3efb970409c1f6ae88247928/screenshot - {}
RESULT: {}
RESULT: {}
COMMAND: POST /session/e4ca631e3efb970409c1f6ae88247928/element/f.C691F06ADA7EF9549F3769A53F800D74.d.D20752FE79497C965C51BD0B37308D38.e.12363/click - {}
RESULT: {}
COMMAND: GET /session/e4ca631e3efb970409c1f6ae88247928/screenshot - {}
COMMAND: POST /session/e4ca631e3efb970409c1f6ae88247928/execute/async - {"script":"<script> [1562 bytes]","args":[{"selector":{"id":"application-managecontracts-display-component---AddNewContract--projectDescription","interaction":{"idSuffix":"inner"}},"wdio_ui5_key":"applicationmanagecontracts-display-component---AddNewContract--projectDescription"}]}
RESULT: {}
RESULT: {"script":"<script> [1562 bytes]","args":[{"selector":{"id":"application-managecontracts-display-component---AddNewContract--projectDescription","interaction":{"idSuffix":"inner"}},"wdio_ui5_key":"applicationmanagecontracts-display-component---AddNewContract--projectDescription"}]}
RESULT: undefined
COMMAND: POST /session/e4ca631e3efb970409c1f6ae88247928/execute/async - {"script":"<script> [776 bytes]","args":[{"enterText":"Mixed Contract WDIO","selector":{"id":"application-managecontracts-display-component---AddNewContract--projectDescription","interaction":{"idSuffix":"inner"}},"clearTextFirst":true,"interactionType":"ENTER_TEXT"}]}
RESULT: {"script":"<script> [776 bytes]","args":[{"enterText":"Mixed Contract WDIO","selector":{"id":"application-managecontracts-display-component---AddNewContract--projectDescription","interaction":{"idSuffix":"inner"}},"clearTextFirst":true,"interactionType":"ENTER_TEXT"}]}
COMMAND: POST /session/e4ca631e3efb970409c1f6ae88247928/element - {"using":"xpath","value":"//input[@id=\"application-managecontracts-display-component---AddNewContract--site-inner\"]"}
RESULT: {"using":"xpath","value":"//input[@id=\"application-managecontracts-display-component---AddNewContract--site-inner\"]"}
COMMAND: POST /session/e4ca631e3efb970409c1f6ae88247928/element/f.C691F06ADA7EF9549F3769A53F800D74.d.D20752FE79497C965C51BD0B37308D38.e.12654/clear - {}
RESULT: {}
COMMAND: POST /session/e4ca631e3efb970409c1f6ae88247928/element/f.C691F06ADA7EF9549F3769A53F800D74.d.D20752FE79497C965C51BD0B37308D38.e.12654/value - {"text":"2498"}
COMMAND: GET /session/e4ca631e3efb970409c1f6ae88247928/screenshot - {}
RESULT: {"text":"2498"}
COMMAND: GET /session/e4ca631e3efb970409c1f6ae88247928/screenshot - {}
RESULT: {}
RESULT: {}
COMMAND: POST /session/e4ca631e3efb970409c1f6ae88247928/element - {"using":"xpath","value":"//li[.//span[text()='2498']]"}
RESULT: {"using":"xpath","value":"//li[.//span[text()='2498']]"}
COMMAND: POST /session/e4ca631e3efb970409c1f6ae88247928/element/f.C691F06ADA7EF9549F3769A53F800D74.d.D20752FE79497C965C51BD0B37308D38.e.12678/click - {}
RESULT: {}
COMMAND: GET /session/e4ca631e3efb970409c1f6ae88247928/screenshot - {}
RESULT: {}
COMMAND: POST /session/e4ca631e3efb970409c1f6ae88247928/element - {"using":"xpath","value":"//input[@id=\"application-managecontracts-display-component---AddNewContract--yardId-inner\"]"}
RESULT: {"using":"xpath","value":"//input[@id=\"application-managecontracts-display-component---AddNewContract--yardId-inner\"]"}
COMMAND: GET /session/e4ca631e3efb970409c1f6ae88247928/element/f.C691F06ADA7EF9549F3769A53F800D74.d.D20752FE79497C965C51BD0B37308D38.e.12655/property/value - {}
RESULT: {}
COMMAND: POST /session/e4ca631e3efb970409c1f6ae88247928/element - {"using":"xpath","value":"//input[@id=\"application-managecontracts-display-component---AddNewContract--customerSelect-inner\"]"}
COMMAND: GET /session/e4ca631e3efb970409c1f6ae88247928/screenshot - {}
RESULT: {"using":"xpath","value":"//input[@id=\"application-managecontracts-display-component---AddNewContract--customerSelect-inner\"]"}
COMMAND: POST /session/e4ca631e3efb970409c1f6ae88247928/element/f.C691F06ADA7EF9549F3769A53F800D74.d.D20752FE79497C965C51BD0B37308D38.e.12653/clear - {}
RESULT: {}
RESULT: {}
COMMAND: POST /session/e4ca631e3efb970409c1f6ae88247928/element/f.C691F06ADA7EF9549F3769A53F800D74.d.D20752FE79497C965C51BD0B37308D38.e.12653/value - {"text":"1543"}
COMMAND: GET /session/e4ca631e3efb970409c1f6ae88247928/screenshot - {}
RESULT: {"text":"1543"}
COMMAND: GET /session/e4ca631e3efb970409c1f6ae88247928/screenshot - {}
RESULT: {}
RESULT: {}
COMMAND: POST /session/e4ca631e3efb970409c1f6ae88247928/element - {"using":"xpath","value":"//li[.//span[text()='1543']]"}
RESULT: {"using":"xpath","value":"//li[.//span[text()='1543']]"}
COMMAND: POST /session/e4ca631e3efb970409c1f6ae88247928/element/f.C691F06ADA7EF9549F3769A53F800D74.d.D20752FE79497C965C51BD0B37308D38.e.12681/click - {}
RESULT: {}
COMMAND: GET /session/e4ca631e3efb970409c1f6ae88247928/screenshot - {}
RESULT: {}
COMMAND: POST /session/e4ca631e3efb970409c1f6ae88247928/element - {"using":"xpath","value":"//button[@data-kt=\"saveButton\"]"}
RESULT: {"using":"xpath","value":"//button[@data-kt=\"saveButton\"]"}
COMMAND: POST /session/e4ca631e3efb970409c1f6ae88247928/element/f.C691F06ADA7EF9549F3769A53F800D74.d.D20752FE79497C965C51BD0B37308D38.e.12671/click - {}
RESULT: {}
COMMAND: GET /session/e4ca631e3efb970409c1f6ae88247928/screenshot - {}
RESULT: {}
COMMAND: POST /session/e4ca631e3efb970409c1f6ae88247928/element - {"using":"xpath","value":"//span[contains(@id ,\"contractDetailTitleNoExpanded\")]"}
RESULT: {"using":"xpath","value":"//span[contains(@id ,\"contractDetailTitleNoExpanded\")]"}
COMMAND: POST /session/e4ca631e3efb970409c1f6ae88247928/elements - {"using":"xpath","value":"//span[contains(@id ,\"contractDetailTitleNoExpanded\")]"}
RESULT: {"using":"xpath","value":"//span[contains(@id ,\"contractDetailTitleNoExpanded\")]"}
COMMAND: POST /session/e4ca631e3efb970409c1f6ae88247928/execute/sync - {"script":"<script> [56 bytes]","args":[{"element-6066-11e4-a52e-4f735466cecf":"f.C691F06ADA7EF9549F3769A53F800D74.d.D20752FE79497C965C51BD0B37308D38.e.12753","ELEMENT":"f.C691F06ADA7EF9549F3769A53F800D74.d.D20752FE79497C965C51BD0B37308D38.e.12753"}]}
RESULT: {"script":"<script> [56 bytes]","args":[{"element-6066-11e4-a52e-4f735466cecf":"f.C691F06ADA7EF9549F3769A53F800D74.d.D20752FE79497C965C51BD0B37308D38.e.12753","ELEMENT":"f.C691F06ADA7EF9549F3769A53F800D74.d.D20752FE79497C965C51BD0B37308D38.e.12753"}]}
COMMAND: GET /session/e4ca631e3efb970409c1f6ae88247928/screenshot - {}
RESULT: {}
]]></system-out>
    </testcase>
    <testcase classname="chrome.135_0_7049_115.windows.Create_master_data_for_mixed_billing_&amp;_do_billing_calculation_US151661" name="Should add equipment to the contract" time="47.217">
      <system-out><![CDATA[
COMMAND: POST /session/e4ca631e3efb970409c1f6ae88247928/element - {"using":"xpath","value":"//button[@data-kt=\"contractDetailEditBtnButton\"]"}
RESULT: {"using":"xpath","value":"//button[@data-kt=\"contractDetailEditBtnButton\"]"}
COMMAND: POST /session/e4ca631e3efb970409c1f6ae88247928/element/f.C691F06ADA7EF9549F3769A53F800D74.d.D20752FE79497C965C51BD0B37308D38.e.12754/click - {}
RESULT: {}
COMMAND: GET /session/e4ca631e3efb970409c1f6ae88247928/screenshot - {}
RESULT: {}
COMMAND: POST /session/e4ca631e3efb970409c1f6ae88247928/element - {"using":"xpath","value":"(//span[contains(text(), \"Additional Addresses\")])[2]"}
RESULT: {"using":"xpath","value":"(//span[contains(text(), \"Additional Addresses\")])[2]"}
COMMAND: POST /session/e4ca631e3efb970409c1f6ae88247928/element/f.C691F06ADA7EF9549F3769A53F800D74.d.D20752FE79497C965C51BD0B37308D38.e.12809/click - {}
RESULT: {}
COMMAND: GET /session/e4ca631e3efb970409c1f6ae88247928/screenshot - {}
RESULT: {}
COMMAND: POST /session/e4ca631e3efb970409c1f6ae88247928/element - {"using":"xpath","value":"//button[@data-kt=\"btnAddTableRowOverflowToolbarButton\"]"}
RESULT: {"using":"xpath","value":"//button[@data-kt=\"btnAddTableRowOverflowToolbarButton\"]"}
COMMAND: POST /session/e4ca631e3efb970409c1f6ae88247928/element/f.C691F06ADA7EF9549F3769A53F800D74.d.D20752FE79497C965C51BD0B37308D38.e.12813/click - {}
RESULT: {}
COMMAND: GET /session/e4ca631e3efb970409c1f6ae88247928/screenshot - {}
RESULT: {}
COMMAND: POST /session/e4ca631e3efb970409c1f6ae88247928/element - {"using":"xpath","value":"//div[(text() = 'Standard Entry' or . = 'Standard Entry')]"}
RESULT: {"using":"xpath","value":"//div[(text() = 'Standard Entry' or . = 'Standard Entry')]"}
COMMAND: POST /session/e4ca631e3efb970409c1f6ae88247928/element/f.C691F06ADA7EF9549F3769A53F800D74.d.D20752FE79497C965C51BD0B37308D38.e.12815/click - {}
RESULT: {}
COMMAND: GET /session/e4ca631e3efb970409c1f6ae88247928/screenshot - {}
RESULT: {}
COMMAND: POST /session/e4ca631e3efb970409c1f6ae88247928/element - {"using":"xpath","value":"//td[7]/div/div/input"}
RESULT: {"using":"xpath","value":"//td[7]/div/div/input"}
COMMAND: POST /session/e4ca631e3efb970409c1f6ae88247928/element/f.C691F06ADA7EF9549F3769A53F800D74.d.D20752FE79497C965C51BD0B37308D38.e.12824/clear - {}
RESULT: {}
COMMAND: POST /session/e4ca631e3efb970409c1f6ae88247928/element/f.C691F06ADA7EF9549F3769A53F800D74.d.D20752FE79497C965C51BD0B37308D38.e.12824/value - {"text":"G4Xzp5LISS"}
COMMAND: GET /session/e4ca631e3efb970409c1f6ae88247928/screenshot - {}
RESULT: {"text":"G4Xzp5LISS"}
COMMAND: GET /session/e4ca631e3efb970409c1f6ae88247928/screenshot - {}
RESULT: {}
RESULT: {}
COMMAND: POST /session/e4ca631e3efb970409c1f6ae88247928/actions - {"actions":[{"id":"action46","type":"key","parameters":{},"actions":[{"type":"keyDown","value":"î€‡"},{"type":"pause","duration":10},{"type":"keyUp","value":"î€‡"}]}]}
RESULT: {"actions":[{"id":"action46","type":"key","parameters":{},"actions":[{"type":"keyDown","value":"î€‡"},{"type":"pause","duration":10},{"type":"keyUp","value":"î€‡"}]}]}
COMMAND: GET /session/e4ca631e3efb970409c1f6ae88247928/screenshot - {}
RESULT: {}
COMMAND: POST /session/e4ca631e3efb970409c1f6ae88247928/execute/sync - {"script":"<script> [276 bytes]","args":["No pricing information was found"]}
RESULT: {"script":"<script> [276 bytes]","args":["No pricing information was found"]}
COMMAND: POST /session/e4ca631e3efb970409c1f6ae88247928/element - {"using":"xpath","value":"(//button[@data-kt=\"saveButton\"])[2]"}
COMMAND: GET /session/e4ca631e3efb970409c1f6ae88247928/screenshot - {}
RESULT: {"using":"xpath","value":"(//button[@data-kt=\"saveButton\"])[2]"}
COMMAND: POST /session/e4ca631e3efb970409c1f6ae88247928/element/f.C691F06ADA7EF9549F3769A53F800D74.d.D20752FE79497C965C51BD0B37308D38.e.12839/click - {}
RESULT: {}
RESULT: {}
COMMAND: GET /session/e4ca631e3efb970409c1f6ae88247928/screenshot - {}
RESULT: {}
COMMAND: POST /session/e4ca631e3efb970409c1f6ae88247928/execute/sync - {"script":"<script> [276 bytes]","args":["Some contract items are having rental validity exceeding header rental validity"]}
RESULT: {"script":"<script> [276 bytes]","args":["Some contract items are having rental validity exceeding header rental validity"]}
COMMAND: GET /session/e4ca631e3efb970409c1f6ae88247928/screenshot - {}
RESULT: {}
COMMAND: POST /session/e4ca631e3efb970409c1f6ae88247928/element - {"using":"xpath","value":"//span[contains(@id ,\"contractItemsSmartTable-header-inner\")]"}
RESULT: {"using":"xpath","value":"//span[contains(@id ,\"contractItemsSmartTable-header-inner\")]"}
COMMAND: POST /session/e4ca631e3efb970409c1f6ae88247928/elements - {"using":"xpath","value":"//span[contains(@id ,\"contractItemsSmartTable-header-inner\")]"}
RESULT: {"using":"xpath","value":"//span[contains(@id ,\"contractItemsSmartTable-header-inner\")]"}
COMMAND: POST /session/e4ca631e3efb970409c1f6ae88247928/execute/sync - {"script":"<script> [56 bytes]","args":[{"element-6066-11e4-a52e-4f735466cecf":"f.C691F06ADA7EF9549F3769A53F800D74.d.D20752FE79497C965C51BD0B37308D38.e.12845","ELEMENT":"f.C691F06ADA7EF9549F3769A53F800D74.d.D20752FE79497C965C51BD0B37308D38.e.12845"}]}
RESULT: {"script":"<script> [56 bytes]","args":[{"element-6066-11e4-a52e-4f735466cecf":"f.C691F06ADA7EF9549F3769A53F800D74.d.D20752FE79497C965C51BD0B37308D38.e.12845","ELEMENT":"f.C691F06ADA7EF9549F3769A53F800D74.d.D20752FE79497C965C51BD0B37308D38.e.12845"}]}
]]></system-out>
    </testcase>
    <testcase classname="chrome.135_0_7049_115.windows.Create_master_data_for_mixed_billing_&amp;_do_billing_calculation_US151661" name="Should do a provide to site handover" time="60.188">
      <system-out><![CDATA[
COMMAND: POST /session/e4ca631e3efb970409c1f6ae88247928/element - {"using":"xpath","value":"//button[@data-kt=\"provideButton\"]"}
COMMAND: GET /session/e4ca631e3efb970409c1f6ae88247928/screenshot - {}
RESULT: {"using":"xpath","value":"//button[@data-kt=\"provideButton\"]"}
COMMAND: POST /session/e4ca631e3efb970409c1f6ae88247928/element/f.C691F06ADA7EF9549F3769A53F800D74.d.D20752FE79497C965C51BD0B37308D38.e.12846/click - {}
RESULT: {}
RESULT: {}
COMMAND: GET /session/e4ca631e3efb970409c1f6ae88247928/screenshot - {}
RESULT: undefined
COMMAND: POST /session/e4ca631e3efb970409c1f6ae88247928/execute/async - {"script":"<script> [6424 bytes]","args":[{"element-6066-11e4-a52e-4f735466cecf":"f.C691F06ADA7EF9549F3769A53F800D74.d.D20752FE79497C965C51BD0B37308D38.e.11878"},"setValue",["05/07/2025"]]}
RESULT: {}
COMMAND: POST /session/e4ca631e3efb970409c1f6ae88247928/execute/async - {"script":"<script> [1562 bytes]","args":[{"selector":{"id":"application-managehandovers-display-component---AddNewHO--dueDate","interaction":{"idSuffix":"inner"}},"wdio_ui5_key":"applicationmanagehandovers-display-component---AddNewHO--dueDate"}]}
RESULT: {"script":"<script> [1562 bytes]","args":[{"selector":{"id":"application-managehandovers-display-component---AddNewHO--dueDate","interaction":{"idSuffix":"inner"}},"wdio_ui5_key":"applicationmanagehandovers-display-component---AddNewHO--dueDate"}]}
COMMAND: POST /session/e4ca631e3efb970409c1f6ae88247928/execute/async - {"script":"<script> [6424 bytes]","args":[{"element-6066-11e4-a52e-4f735466cecf":"f.C691F06ADA7EF9549F3769A53F800D74.d.D20752FE79497C965C51BD0B37308D38.e.12904"},"setValue",["05/07/2025"]]}
RESULT: {"script":"<script> [6424 bytes]","args":[{"element-6066-11e4-a52e-4f735466cecf":"f.C691F06ADA7EF9549F3769A53F800D74.d.D20752FE79497C965C51BD0B37308D38.e.12904"},"setValue",["05/07/2025"]]}
COMMAND: POST /session/e4ca631e3efb970409c1f6ae88247928/element - {"using":"xpath","value":"//bdi[contains(text(), \"Instructions\")]"}
RESULT: {"using":"xpath","value":"//bdi[contains(text(), \"Instructions\")]"}
COMMAND: POST /session/e4ca631e3efb970409c1f6ae88247928/element/f.C691F06ADA7EF9549F3769A53F800D74.d.D20752FE79497C965C51BD0B37308D38.e.13158/click - {}
RESULT: {}
COMMAND: GET /session/e4ca631e3efb970409c1f6ae88247928/screenshot - {}
RESULT: {}
COMMAND: POST /session/e4ca631e3efb970409c1f6ae88247928/element - {"using":"xpath","value":"//button[@data-kt=\"AddNewHOProvideAddItemsButton\"]"}
RESULT: {"using":"xpath","value":"//button[@data-kt=\"AddNewHOProvideAddItemsButton\"]"}
COMMAND: POST /session/e4ca631e3efb970409c1f6ae88247928/element/f.C691F06ADA7EF9549F3769A53F800D74.d.D20752FE79497C965C51BD0B37308D38.e.13162/click - {}
RESULT: {}
COMMAND: GET /session/e4ca631e3efb970409c1f6ae88247928/screenshot - {}
RESULT: {}
RESULT: undefined
COMMAND: POST /session/e4ca631e3efb970409c1f6ae88247928/element - {"using":"xpath","value":"//*[@id=\"application-managehandovers-display-component---AddNewHO--popup-sa\"]"}
RESULT: {"using":"xpath","value":"//*[@id=\"application-managehandovers-display-component---AddNewHO--popup-sa\"]"}
COMMAND: POST /session/e4ca631e3efb970409c1f6ae88247928/element/f.C691F06ADA7EF9549F3769A53F800D74.d.D20752FE79497C965C51BD0B37308D38.e.13177/click - {}
RESULT: {}
COMMAND: GET /session/e4ca631e3efb970409c1f6ae88247928/screenshot - {}
RESULT: {}
COMMAND: POST /session/e4ca631e3efb970409c1f6ae88247928/element - {"using":"xpath","value":"//*[contains(@id ,\"BDI-content\")][contains(text(), \"Select\")]"}
RESULT: {"using":"xpath","value":"//*[contains(@id ,\"BDI-content\")][contains(text(), \"Select\")]"}
COMMAND: POST /session/e4ca631e3efb970409c1f6ae88247928/element/f.C691F06ADA7EF9549F3769A53F800D74.d.D20752FE79497C965C51BD0B37308D38.e.13178/click - {}
RESULT: {}
COMMAND: GET /session/e4ca631e3efb970409c1f6ae88247928/screenshot - {}
RESULT: {}
COMMAND: POST /session/e4ca631e3efb970409c1f6ae88247928/execute/async - {"script":"<script> [1562 bytes]","args":[{"selector":{"id":"application-managehandovers-display-component---AddNewHO--confirmCreationButton","interaction":{"idSuffix":"BDI-content"}},"wdio_ui5_key":"applicationmanagehandovers-display-component---AddNewHO--confirmCreationButton"}]}
RESULT: {"script":"<script> [1562 bytes]","args":[{"selector":{"id":"application-managehandovers-display-component---AddNewHO--confirmCreationButton","interaction":{"idSuffix":"BDI-content"}},"wdio_ui5_key":"applicationmanagehandovers-display-component---AddNewHO--confirmCreationButton"}]}
RESULT: undefined
COMMAND: POST /session/e4ca631e3efb970409c1f6ae88247928/element - {"using":"xpath","value":"//*[@id=\"application-managehandovers-display-component---AddNewHO--confirmCreationButton\"]"}
RESULT: {"using":"xpath","value":"//*[@id=\"application-managehandovers-display-component---AddNewHO--confirmCreationButton\"]"}
COMMAND: POST /session/e4ca631e3efb970409c1f6ae88247928/element/f.C691F06ADA7EF9549F3769A53F800D74.d.D20752FE79497C965C51BD0B37308D38.e.12984/click - {}
RESULT: {}
COMMAND: GET /session/e4ca631e3efb970409c1f6ae88247928/screenshot - {}
RESULT: {}
COMMAND: POST /session/e4ca631e3efb970409c1f6ae88247928/element - {"using":"xpath","value":"//button[@data-kt=\"PickingTableConfirmAllButton\"]"}
RESULT: {"using":"xpath","value":"//button[@data-kt=\"PickingTableConfirmAllButton\"]"}
COMMAND: POST /session/e4ca631e3efb970409c1f6ae88247928/element/f.C691F06ADA7EF9549F3769A53F800D74.d.D20752FE79497C965C51BD0B37308D38.e.13214/click - {}
COMMAND: POST /session/e4ca631e3efb970409c1f6ae88247928/element - {"using":"xpath","value":"//button[@data-kt=\"PickingTableConfirmAllButton\"]"}
RESULT: {"using":"xpath","value":"//button[@data-kt=\"PickingTableConfirmAllButton\"]"}
COMMAND: POST /session/e4ca631e3efb970409c1f6ae88247928/element/f.C691F06ADA7EF9549F3769A53F800D74.d.D20752FE79497C965C51BD0B37308D38.e.13214/click - {}
COMMAND: POST /session/e4ca631e3efb970409c1f6ae88247928/element - {"using":"xpath","value":"//button[@data-kt=\"PickingTableConfirmAllButton\"]"}
RESULT: {"using":"xpath","value":"//button[@data-kt=\"PickingTableConfirmAllButton\"]"}
COMMAND: POST /session/e4ca631e3efb970409c1f6ae88247928/element/f.C691F06ADA7EF9549F3769A53F800D74.d.D20752FE79497C965C51BD0B37308D38.e.13233/click - {}
RESULT: {}
COMMAND: GET /session/e4ca631e3efb970409c1f6ae88247928/screenshot - {}
RESULT: {}
COMMAND: POST /session/e4ca631e3efb970409c1f6ae88247928/element - {"using":"xpath","value":"//bdi[contains(text(), \"OK\")]"}
RESULT: {"using":"xpath","value":"//bdi[contains(text(), \"OK\")]"}
COMMAND: POST /session/e4ca631e3efb970409c1f6ae88247928/element/f.C691F06ADA7EF9549F3769A53F800D74.d.D20752FE79497C965C51BD0B37308D38.e.13238/click - {}
RESULT: {}
COMMAND: GET /session/e4ca631e3efb970409c1f6ae88247928/screenshot - {}
RESULT: {}
COMMAND: POST /session/e4ca631e3efb970409c1f6ae88247928/element - {"using":"xpath","value":"//bdi[contains(text(), \"Ok\")]"}
RESULT: {"using":"xpath","value":"//bdi[contains(text(), \"Ok\")]"}
COMMAND: POST /session/e4ca631e3efb970409c1f6ae88247928/element/f.C691F06ADA7EF9549F3769A53F800D74.d.D20752FE79497C965C51BD0B37308D38.e.13247/click - {}
RESULT: {}
COMMAND: GET /session/e4ca631e3efb970409c1f6ae88247928/screenshot - {}
RESULT: {}
COMMAND: POST /session/e4ca631e3efb970409c1f6ae88247928/element - {"using":"xpath","value":"//bdi[contains(text(), \"Issue\")]"}
RESULT: {"using":"xpath","value":"//bdi[contains(text(), \"Issue\")]"}
COMMAND: POST /session/e4ca631e3efb970409c1f6ae88247928/element/f.C691F06ADA7EF9549F3769A53F800D74.d.D20752FE79497C965C51BD0B37308D38.e.13249/click - {}
RESULT: {}
COMMAND: GET /session/e4ca631e3efb970409c1f6ae88247928/screenshot - {}
RESULT: {}
COMMAND: POST /session/e4ca631e3efb970409c1f6ae88247928/element - {"using":"css selector","value":"#shell-header-logo"}
RESULT: {"using":"css selector","value":"#shell-header-logo"}
COMMAND: POST /session/e4ca631e3efb970409c1f6ae88247928/element/f.C691F06ADA7EF9549F3769A53F800D74.d.D20752FE79497C965C51BD0B37308D38.e.12292/click - {}
RESULT: {}
COMMAND: GET /session/e4ca631e3efb970409c1f6ae88247928/screenshot - {}
RESULT: {}
]]></system-out>
    </testcase>
    <testcase classname="chrome.135_0_7049_115.windows.Create_master_data_for_mixed_billing_&amp;_do_billing_calculation_US151661" name="Should create a few performance documents" time="107.887">
      <system-out><![CDATA[
COMMAND: POST /session/e4ca631e3efb970409c1f6ae88247928/window/fullscreen - {}
RESULT: {}
COMMAND: POST /session/e4ca631e3efb970409c1f6ae88247928/execute/async - {"script":"<script> [1562 bytes]","args":[{"selector":{"controlType":"sap.m.GenericTile","properties":{"header":"Manage States & Performance"}},"wdio_ui5_key":"sapm.GenericTile{\"header\":\"Manage States & Performance\"}"}]}
RESULT: {"script":"<script> [1562 bytes]","args":[{"selector":{"controlType":"sap.m.GenericTile","properties":{"header":"Manage States & Performance"}},"wdio_ui5_key":"sapm.GenericTile{\"header\":\"Manage States & Performance\"}"}]}
RESULT: undefined
COMMAND: POST /session/e4ca631e3efb970409c1f6ae88247928/element - {"using":"xpath","value":"//*[@id=\"__tile96\"]"}
RESULT: {"using":"xpath","value":"//*[@id=\"__tile96\"]"}
COMMAND: POST /session/e4ca631e3efb970409c1f6ae88247928/element/f.C691F06ADA7EF9549F3769A53F800D74.d.D20752FE79497C965C51BD0B37308D38.e.8804/click - {}
RESULT: {}
COMMAND: POST /session/e4ca631e3efb970409c1f6ae88247928/execute/async - {"script":"<script> [1562 bytes]","args":[{"selector":{"id":"application-managestatesandperformance-display-component---stateAndPerform--smartFilterBarResources-btnBasicSearch","interaction":{"idSuffix":"I"}},"wdio_ui5_key":"applicationmanagestatesandperformance-display-component---stateAndPerform--smartFilterBarResources-btnBasicSearch"}]}
COMMAND: GET /session/e4ca631e3efb970409c1f6ae88247928/screenshot - {}
RESULT: {"script":"<script> [1562 bytes]","args":[{"selector":{"id":"application-managestatesandperformance-display-component---stateAndPerform--smartFilterBarResources-btnBasicSearch","interaction":{"idSuffix":"I"}},"wdio_ui5_key":"applicationmanagestatesandperformance-display-component---stateAndPerform--smartFilterBarResources-btnBasicSearch"}]}
RESULT: undefined
COMMAND: POST /session/e4ca631e3efb970409c1f6ae88247928/execute/async - {"script":"<script> [776 bytes]","args":[{"enterText":"G4Xzp5LISS","selector":{"id":"application-managestatesandperformance-display-component---stateAndPerform--smartFilterBarResources-btnBasicSearch","interaction":{"idSuffix":"I"}},"clearTextFirst":true,"interactionType":"ENTER_TEXT"}]}
RESULT: {}
RESULT: {"script":"<script> [776 bytes]","args":[{"enterText":"G4Xzp5LISS","selector":{"id":"application-managestatesandperformance-display-component---stateAndPerform--smartFilterBarResources-btnBasicSearch","interaction":{"idSuffix":"I"}},"clearTextFirst":true,"interactionType":"ENTER_TEXT"}]}
COMMAND: POST /session/e4ca631e3efb970409c1f6ae88247928/actions - {"actions":[{"id":"action47","type":"key","parameters":{},"actions":[{"type":"keyDown","value":"î€‡"},{"type":"pause","duration":10},{"type":"keyUp","value":"î€‡"}]}]}
RESULT: {"actions":[{"id":"action47","type":"key","parameters":{},"actions":[{"type":"keyDown","value":"î€‡"},{"type":"pause","duration":10},{"type":"keyUp","value":"î€‡"}]}]}
COMMAND: GET /session/e4ca631e3efb970409c1f6ae88247928/screenshot - {}
RESULT: {}
COMMAND: POST /session/e4ca631e3efb970409c1f6ae88247928/execute/async - {"script":"<script> [1562 bytes]","args":[{"selector":{"id":"application-managestatesandperformance-display-component---stateAndPerform--stateAndPerformResourcesSmartTable-header"},"wdio_ui5_key":"applicationmanagestatesandperformance-display-component---stateAndPerform--stateAndPerformResourcesSmartTable-header"}]}
RESULT: {"script":"<script> [1562 bytes]","args":[{"selector":{"id":"application-managestatesandperformance-display-component---stateAndPerform--stateAndPerformResourcesSmartTable-header"},"wdio_ui5_key":"applicationmanagestatesandperformance-display-component---stateAndPerform--stateAndPerformResourcesSmartTable-header"}]}
RESULT: undefined
COMMAND: POST /session/e4ca631e3efb970409c1f6ae88247928/execute/async - {"script":"<script> [6424 bytes]","args":[{"element-6066-11e4-a52e-4f735466cecf":"f.C691F06ADA7EF9549F3769A53F800D74.d.D20752FE79497C965C51BD0B37308D38.e.13642"},"getText",[]]}
RESULT: {"script":"<script> [6424 bytes]","args":[{"element-6066-11e4-a52e-4f735466cecf":"f.C691F06ADA7EF9549F3769A53F800D74.d.D20752FE79497C965C51BD0B37308D38.e.13642"},"getText",[]]}
COMMAND: POST /session/e4ca631e3efb970409c1f6ae88247928/execute/async - {"script":"<script> [1562 bytes]","args":[{"selector":{"controlType":"sap.ui.core.Icon","viewName":"etm.portal.ui.managestatesandperformance.view.Master","viewId":"application-managestatesandperformance-display-component---stateAndPerform","properties":{"src":{"regex":{"source":"slim\\-arrow\\-right"}}}},"wdio_ui5_key":"etmportal.ui.managestatesandperformance.view.Mastersap.ui.core.Icon{\"src\":{\"regex\":{\"source\":\"slim\\\\-arrow\\\\-right\"}}}"}]}
RESULT: {"script":"<script> [1562 bytes]","args":[{"selector":{"controlType":"sap.ui.core.Icon","viewName":"etm.portal.ui.managestatesandperformance.view.Master","viewId":"application-managestatesandperformance-display-component---stateAndPerform","properties":{"src":{"regex":{"source":"slim\\-arrow\\-right"}}}},"wdio_ui5_key":"etmportal.ui.managestatesandperformance.view.Mastersap.ui.core.Icon{\"src\":{\"regex\":{\"source\":\"slim\\\\-arrow\\\\-right\"}}}"}]}
RESULT: undefined
COMMAND: POST /session/e4ca631e3efb970409c1f6ae88247928/element - {"using":"xpath","value":"//*[@id=\"__item3472-__clone12192-imgNav\"]"}
RESULT: {"using":"xpath","value":"//*[@id=\"__item3472-__clone12192-imgNav\"]"}
COMMAND: POST /session/e4ca631e3efb970409c1f6ae88247928/element/f.C691F06ADA7EF9549F3769A53F800D74.d.D20752FE79497C965C51BD0B37308D38.e.13641/click - {}
RESULT: {}
COMMAND: GET /session/e4ca631e3efb970409c1f6ae88247928/screenshot - {}
RESULT: {}
COMMAND: POST /session/e4ca631e3efb970409c1f6ae88247928/execute/async - {"script":"<script> [1562 bytes]","args":[{"selector":{"controlType":"sap.m.Button","viewName":"etm.portal.ui.managestatesandperformance.view.Detail","viewId":"application-managestatesandperformance-display-component---detailStateAndPerform","properties":{"text":"Performance Documents"}},"wdio_ui5_key":"etmportal.ui.managestatesandperformance.view.Detailsap.m.Button{\"text\":\"Performance Documents\"}"}]}
RESULT: {"script":"<script> [1562 bytes]","args":[{"selector":{"controlType":"sap.m.Button","viewName":"etm.portal.ui.managestatesandperformance.view.Detail","viewId":"application-managestatesandperformance-display-component---detailStateAndPerform","properties":{"text":"Performance Documents"}},"wdio_ui5_key":"etmportal.ui.managestatesandperformance.view.Detailsap.m.Button{\"text\":\"Performance Documents\"}"}]}
RESULT: undefined
COMMAND: POST /session/e4ca631e3efb970409c1f6ae88247928/element - {"using":"xpath","value":"//*[@id=\"__item3495-button\"]"}
RESULT: {"using":"xpath","value":"//*[@id=\"__item3495-button\"]"}
COMMAND: POST /session/e4ca631e3efb970409c1f6ae88247928/element/f.C691F06ADA7EF9549F3769A53F800D74.d.D20752FE79497C965C51BD0B37308D38.e.13687/click - {}
RESULT: {}
COMMAND: POST /session/e4ca631e3efb970409c1f6ae88247928/execute/async - {"script":"<script> [1562 bytes]","args":[{"selector":{"controlType":"sap.m.Button","viewName":"etm.portal.ui.managestatesandperformance.view.Detail","viewId":"application-managestatesandperformance-display-component---detailStateAndPerform","i18NText":{"propertyName":"text","key":"createPerformanceDoc"},"interaction":{"idSuffix":"BDI-content"}},"wdio_ui5_key":"etmportal.ui.managestatesandperformance.view.Detailsap.m.Button{\"propertyName\":\"text\",\"key\":\"createPerformanceDoc\"}"}]}
COMMAND: GET /session/e4ca631e3efb970409c1f6ae88247928/screenshot - {}
RESULT: {"script":"<script> [1562 bytes]","args":[{"selector":{"controlType":"sap.m.Button","viewName":"etm.portal.ui.managestatesandperformance.view.Detail","viewId":"application-managestatesandperformance-display-component---detailStateAndPerform","i18NText":{"propertyName":"text","key":"createPerformanceDoc"},"interaction":{"idSuffix":"BDI-content"}},"wdio_ui5_key":"etmportal.ui.managestatesandperformance.view.Detailsap.m.Button{\"propertyName\":\"text\",\"key\":\"createPerformanceDoc\"}"}]}
RESULT: undefined
COMMAND: POST /session/e4ca631e3efb970409c1f6ae88247928/element - {"using":"xpath","value":"//*[@id=\"__button367\"]"}
RESULT: {}
RESULT: {"using":"xpath","value":"//*[@id=\"__button367\"]"}
COMMAND: POST /session/e4ca631e3efb970409c1f6ae88247928/element/f.C691F06ADA7EF9549F3769A53F800D74.d.D20752FE79497C965C51BD0B37308D38.e.13691/click - {}
RESULT: {}
COMMAND: POST /session/e4ca631e3efb970409c1f6ae88247928/execute/async - {"script":"<script> [1562 bytes]","args":[{"selector":{"id":"application-managestatesandperformance-display-component---detailStateAndPerform--perfDocDatePicker","searchOpenDialogs":true,"interaction":{"idSuffix":"inner"}},"wdio_ui5_key":"applicationmanagestatesandperformance-display-component---detailStateAndPerform--perfDocDatePicker"}]}
COMMAND: GET /session/e4ca631e3efb970409c1f6ae88247928/screenshot - {}
RESULT: {"script":"<script> [1562 bytes]","args":[{"selector":{"id":"application-managestatesandperformance-display-component---detailStateAndPerform--perfDocDatePicker","searchOpenDialogs":true,"interaction":{"idSuffix":"inner"}},"wdio_ui5_key":"applicationmanagestatesandperformance-display-component---detailStateAndPerform--perfDocDatePicker"}]}
RESULT: undefined
COMMAND: POST /session/e4ca631e3efb970409c1f6ae88247928/execute/async - {"script":"<script> [776 bytes]","args":[{"enterText":"05/09/25","selector":{"id":"application-managestatesandperformance-display-component---detailStateAndPerform--perfDocDatePicker","searchOpenDialogs":true,"interaction":{"idSuffix":"inner"}},"clearTextFirst":true,"interactionType":"ENTER_TEXT"}]}
RESULT: {}
RESULT: {"script":"<script> [776 bytes]","args":[{"enterText":"05/09/25","selector":{"id":"application-managestatesandperformance-display-component---detailStateAndPerform--perfDocDatePicker","searchOpenDialogs":true,"interaction":{"idSuffix":"inner"}},"clearTextFirst":true,"interactionType":"ENTER_TEXT"}]}
COMMAND: POST /session/e4ca631e3efb970409c1f6ae88247928/execute/async - {"script":"<script> [1562 bytes]","args":[{"selector":{"id":"application-managestatesandperformance-display-component---detailStateAndPerform--counterValue-input","searchOpenDialogs":true,"interaction":{"idSuffix":"inner"}},"wdio_ui5_key":"applicationmanagestatesandperformance-display-component---detailStateAndPerform--counterValue-input"}]}
RESULT: {"script":"<script> [1562 bytes]","args":[{"selector":{"id":"application-managestatesandperformance-display-component---detailStateAndPerform--counterValue-input","searchOpenDialogs":true,"interaction":{"idSuffix":"inner"}},"wdio_ui5_key":"applicationmanagestatesandperformance-display-component---detailStateAndPerform--counterValue-input"}]}
RESULT: undefined
COMMAND: POST /session/e4ca631e3efb970409c1f6ae88247928/execute/async - {"script":"<script> [776 bytes]","args":[{"enterText":"15.00","selector":{"id":"application-managestatesandperformance-display-component---detailStateAndPerform--counterValue-input","searchOpenDialogs":true,"interaction":{"idSuffix":"inner"}},"clearTextFirst":true,"interactionType":"ENTER_TEXT"}]}
RESULT: {"script":"<script> [776 bytes]","args":[{"enterText":"15.00","selector":{"id":"application-managestatesandperformance-display-component---detailStateAndPerform--counterValue-input","searchOpenDialogs":true,"interaction":{"idSuffix":"inner"}},"clearTextFirst":true,"interactionType":"ENTER_TEXT"}]}
COMMAND: POST /session/e4ca631e3efb970409c1f6ae88247928/execute/async - {"script":"<script> [1562 bytes]","args":[{"selector":{"controlType":"sap.m.Button","viewName":"etm.portal.ui.managestatesandperformance.view.Detail","viewId":"application-managestatesandperformance-display-component---detailStateAndPerform","bindingPath":{"path":"","propertyPath":"/allowAddEdit","modelName":"oScreenModel"},"searchOpenDialogs":true,"interaction":{"idSuffix":"BDI-content"}},"wdio_ui5_key":"etmportal.ui.managestatesandperformance.view.Detailsap.m.Button{\"path\":\"\",\"propertyPath\":\"/allowAddEdit\",\"modelName\":\"oScreenModel\"}"}]}
RESULT: {"script":"<script> [1562 bytes]","args":[{"selector":{"controlType":"sap.m.Button","viewName":"etm.portal.ui.managestatesandperformance.view.Detail","viewId":"application-managestatesandperformance-display-component---detailStateAndPerform","bindingPath":{"path":"","propertyPath":"/allowAddEdit","modelName":"oScreenModel"},"searchOpenDialogs":true,"interaction":{"idSuffix":"BDI-content"}},"wdio_ui5_key":"etmportal.ui.managestatesandperformance.view.Detailsap.m.Button{\"path\":\"\",\"propertyPath\":\"/allowAddEdit\",\"modelName\":\"oScreenModel\"}"}]}
RESULT: undefined
COMMAND: POST /session/e4ca631e3efb970409c1f6ae88247928/element - {"using":"xpath","value":"//*[@id=\"__button374\"]"}
RESULT: {"using":"xpath","value":"//*[@id=\"__button374\"]"}
COMMAND: POST /session/e4ca631e3efb970409c1f6ae88247928/element/f.C691F06ADA7EF9549F3769A53F800D74.d.D20752FE79497C965C51BD0B37308D38.e.13711/click - {}
RESULT: {}
RESULT: undefined
COMMAND: POST /session/e4ca631e3efb970409c1f6ae88247928/element - {"using":"xpath","value":"//*[@id=\"__button367\"]"}
COMMAND: GET /session/e4ca631e3efb970409c1f6ae88247928/screenshot - {}
RESULT: {"using":"xpath","value":"//*[@id=\"__button367\"]"}
COMMAND: POST /session/e4ca631e3efb970409c1f6ae88247928/element/f.C691F06ADA7EF9549F3769A53F800D74.d.D20752FE79497C965C51BD0B37308D38.e.13691/click - {}
RESULT: {}
RESULT: {}
RESULT: undefined
COMMAND: POST /session/e4ca631e3efb970409c1f6ae88247928/execute/async - {"script":"<script> [776 bytes]","args":[{"enterText":"05/13/25","selector":{"id":"application-managestatesandperformance-display-component---detailStateAndPerform--perfDocDatePicker","searchOpenDialogs":true,"interaction":{"idSuffix":"inner"}},"clearTextFirst":true,"interactionType":"ENTER_TEXT"}]}
COMMAND: GET /session/e4ca631e3efb970409c1f6ae88247928/screenshot - {}
RESULT: {"script":"<script> [776 bytes]","args":[{"enterText":"05/13/25","selector":{"id":"application-managestatesandperformance-display-component---detailStateAndPerform--perfDocDatePicker","searchOpenDialogs":true,"interaction":{"idSuffix":"inner"}},"clearTextFirst":true,"interactionType":"ENTER_TEXT"}]}
RESULT: undefined
COMMAND: POST /session/e4ca631e3efb970409c1f6ae88247928/execute/async - {"script":"<script> [776 bytes]","args":[{"enterText":"20.00","selector":{"id":"application-managestatesandperformance-display-component---detailStateAndPerform--counterValue-input","searchOpenDialogs":true,"interaction":{"idSuffix":"inner"}},"clearTextFirst":true,"interactionType":"ENTER_TEXT"}]}
RESULT: {}
RESULT: {"script":"<script> [776 bytes]","args":[{"enterText":"20.00","selector":{"id":"application-managestatesandperformance-display-component---detailStateAndPerform--counterValue-input","searchOpenDialogs":true,"interaction":{"idSuffix":"inner"}},"clearTextFirst":true,"interactionType":"ENTER_TEXT"}]}
COMMAND: POST /session/e4ca631e3efb970409c1f6ae88247928/actions - {"actions":[{"id":"action48","type":"key","parameters":{},"actions":[{"type":"keyDown","value":"î€„"},{"type":"keyDown","value":"î€„"},{"type":"pause","duration":10},{"type":"keyUp","value":"î€„"},{"type":"keyUp","value":"î€„"}]}]}
RESULT: {"actions":[{"id":"action48","type":"key","parameters":{},"actions":[{"type":"keyDown","value":"î€„"},{"type":"keyDown","value":"î€„"},{"type":"pause","duration":10},{"type":"keyUp","value":"î€„"},{"type":"keyUp","value":"î€„"}]}]}
COMMAND: POST /session/e4ca631e3efb970409c1f6ae88247928/actions - {"actions":[{"id":"action49","type":"key","parameters":{},"actions":[{"type":"keyDown","value":"î€‡"},{"type":"pause","duration":10},{"type":"keyUp","value":"î€‡"}]}]}
COMMAND: GET /session/e4ca631e3efb970409c1f6ae88247928/screenshot - {}
RESULT: {"actions":[{"id":"action49","type":"key","parameters":{},"actions":[{"type":"keyDown","value":"î€‡"},{"type":"pause","duration":10},{"type":"keyUp","value":"î€‡"}]}]}
RESULT: undefined
COMMAND: POST /session/e4ca631e3efb970409c1f6ae88247928/element - {"using":"xpath","value":"//*[@id=\"__button374\"]"}
COMMAND: GET /session/e4ca631e3efb970409c1f6ae88247928/screenshot - {}
RESULT: {}
RESULT: {"using":"xpath","value":"//*[@id=\"__button374\"]"}
COMMAND: POST /session/e4ca631e3efb970409c1f6ae88247928/elements - {"using":"xpath","value":"//*[@id=\"__button374\"]"}
RESULT: {}
RESULT: {"using":"xpath","value":"//*[@id=\"__button374\"]"}
COMMAND: POST /session/e4ca631e3efb970409c1f6ae88247928/elements - {"using":"xpath","value":"//*[@id=\"__button374\"]"}
RESULT: {"using":"xpath","value":"//*[@id=\"__button374\"]"}
COMMAND: POST /session/e4ca631e3efb970409c1f6ae88247928/elements - {"using":"xpath","value":"//*[@id=\"__button374\"]"}
RESULT: {"using":"xpath","value":"//*[@id=\"__button374\"]"}
COMMAND: POST /session/e4ca631e3efb970409c1f6ae88247928/elements - {"using":"xpath","value":"//*[@id=\"__button374\"]"}
RESULT: {"using":"xpath","value":"//*[@id=\"__button374\"]"}
COMMAND: POST /session/e4ca631e3efb970409c1f6ae88247928/elements - {"using":"xpath","value":"//*[@id=\"__button374\"]"}
RESULT: {"using":"xpath","value":"//*[@id=\"__button374\"]"}
COMMAND: POST /session/e4ca631e3efb970409c1f6ae88247928/elements - {"using":"xpath","value":"//*[@id=\"__button374\"]"}
RESULT: {"using":"xpath","value":"//*[@id=\"__button374\"]"}
COMMAND: POST /session/e4ca631e3efb970409c1f6ae88247928/elements - {"using":"xpath","value":"//*[@id=\"__button374\"]"}
RESULT: {"using":"xpath","value":"//*[@id=\"__button374\"]"}
COMMAND: POST /session/e4ca631e3efb970409c1f6ae88247928/elements - {"using":"xpath","value":"//*[@id=\"__button374\"]"}
RESULT: {"using":"xpath","value":"//*[@id=\"__button374\"]"}
COMMAND: POST /session/e4ca631e3efb970409c1f6ae88247928/elements - {"using":"xpath","value":"//*[@id=\"__button374\"]"}
RESULT: {"using":"xpath","value":"//*[@id=\"__button374\"]"}
COMMAND: POST /session/e4ca631e3efb970409c1f6ae88247928/elements - {"using":"xpath","value":"//*[@id=\"__button374\"]"}
RESULT: {"using":"xpath","value":"//*[@id=\"__button374\"]"}
COMMAND: POST /session/e4ca631e3efb970409c1f6ae88247928/elements - {"using":"xpath","value":"//*[@id=\"__button374\"]"}
RESULT: {"using":"xpath","value":"//*[@id=\"__button374\"]"}
COMMAND: POST /session/e4ca631e3efb970409c1f6ae88247928/elements - {"using":"xpath","value":"//*[@id=\"__button374\"]"}
RESULT: {"using":"xpath","value":"//*[@id=\"__button374\"]"}
COMMAND: POST /session/e4ca631e3efb970409c1f6ae88247928/elements - {"using":"xpath","value":"//*[@id=\"__button374\"]"}
RESULT: {"using":"xpath","value":"//*[@id=\"__button374\"]"}
COMMAND: POST /session/e4ca631e3efb970409c1f6ae88247928/elements - {"using":"xpath","value":"//*[@id=\"__button374\"]"}
RESULT: {"using":"xpath","value":"//*[@id=\"__button374\"]"}
COMMAND: POST /session/e4ca631e3efb970409c1f6ae88247928/elements - {"using":"xpath","value":"//*[@id=\"__button374\"]"}
RESULT: {"using":"xpath","value":"//*[@id=\"__button374\"]"}
COMMAND: POST /session/e4ca631e3efb970409c1f6ae88247928/elements - {"using":"xpath","value":"//*[@id=\"__button374\"]"}
RESULT: {"using":"xpath","value":"//*[@id=\"__button374\"]"}
COMMAND: POST /session/e4ca631e3efb970409c1f6ae88247928/elements - {"using":"xpath","value":"//*[@id=\"__button374\"]"}
RESULT: {"using":"xpath","value":"//*[@id=\"__button374\"]"}
COMMAND: POST /session/e4ca631e3efb970409c1f6ae88247928/elements - {"using":"xpath","value":"//*[@id=\"__button374\"]"}
RESULT: {"using":"xpath","value":"//*[@id=\"__button374\"]"}
COMMAND: POST /session/e4ca631e3efb970409c1f6ae88247928/elements - {"using":"xpath","value":"//*[@id=\"__button374\"]"}
RESULT: {"using":"xpath","value":"//*[@id=\"__button374\"]"}
COMMAND: POST /session/e4ca631e3efb970409c1f6ae88247928/elements - {"using":"xpath","value":"//*[@id=\"__button374\"]"}
RESULT: {"using":"xpath","value":"//*[@id=\"__button374\"]"}
COMMAND: POST /session/e4ca631e3efb970409c1f6ae88247928/elements - {"using":"xpath","value":"//*[@id=\"__button374\"]"}
RESULT: {"using":"xpath","value":"//*[@id=\"__button374\"]"}
COMMAND: POST /session/e4ca631e3efb970409c1f6ae88247928/elements - {"using":"xpath","value":"//*[@id=\"__button374\"]"}
RESULT: {"using":"xpath","value":"//*[@id=\"__button374\"]"}
COMMAND: POST /session/e4ca631e3efb970409c1f6ae88247928/elements - {"using":"xpath","value":"//*[@id=\"__button374\"]"}
RESULT: {"using":"xpath","value":"//*[@id=\"__button374\"]"}
COMMAND: POST /session/e4ca631e3efb970409c1f6ae88247928/elements - {"using":"xpath","value":"//*[@id=\"__button374\"]"}
RESULT: {"using":"xpath","value":"//*[@id=\"__button374\"]"}
COMMAND: POST /session/e4ca631e3efb970409c1f6ae88247928/elements - {"using":"xpath","value":"//*[@id=\"__button374\"]"}
RESULT: {"using":"xpath","value":"//*[@id=\"__button374\"]"}
COMMAND: POST /session/e4ca631e3efb970409c1f6ae88247928/elements - {"using":"xpath","value":"//*[@id=\"__button374\"]"}
RESULT: {"using":"xpath","value":"//*[@id=\"__button374\"]"}
COMMAND: POST /session/e4ca631e3efb970409c1f6ae88247928/elements - {"using":"xpath","value":"//*[@id=\"__button374\"]"}
RESULT: {"using":"xpath","value":"//*[@id=\"__button374\"]"}
COMMAND: POST /session/e4ca631e3efb970409c1f6ae88247928/elements - {"using":"xpath","value":"//*[@id=\"__button374\"]"}
RESULT: {"using":"xpath","value":"//*[@id=\"__button374\"]"}
COMMAND: POST /session/e4ca631e3efb970409c1f6ae88247928/elements - {"using":"xpath","value":"//*[@id=\"__button374\"]"}
RESULT: {"using":"xpath","value":"//*[@id=\"__button374\"]"}
COMMAND: POST /session/e4ca631e3efb970409c1f6ae88247928/elements - {"using":"xpath","value":"//*[@id=\"__button374\"]"}
RESULT: {"using":"xpath","value":"//*[@id=\"__button374\"]"}
COMMAND: POST /session/e4ca631e3efb970409c1f6ae88247928/elements - {"using":"xpath","value":"//*[@id=\"__button374\"]"}
RESULT: {"using":"xpath","value":"//*[@id=\"__button374\"]"}
COMMAND: POST /session/e4ca631e3efb970409c1f6ae88247928/elements - {"using":"xpath","value":"//*[@id=\"__button374\"]"}
RESULT: {"using":"xpath","value":"//*[@id=\"__button374\"]"}
COMMAND: POST /session/e4ca631e3efb970409c1f6ae88247928/elements - {"using":"xpath","value":"//*[@id=\"__button374\"]"}
RESULT: {"using":"xpath","value":"//*[@id=\"__button374\"]"}
COMMAND: POST /session/e4ca631e3efb970409c1f6ae88247928/elements - {"using":"xpath","value":"//*[@id=\"__button374\"]"}
RESULT: {"using":"xpath","value":"//*[@id=\"__button374\"]"}
COMMAND: POST /session/e4ca631e3efb970409c1f6ae88247928/elements - {"using":"xpath","value":"//*[@id=\"__button374\"]"}
RESULT: {"using":"xpath","value":"//*[@id=\"__button374\"]"}
COMMAND: POST /session/e4ca631e3efb970409c1f6ae88247928/elements - {"using":"xpath","value":"//*[@id=\"__button374\"]"}
RESULT: {"using":"xpath","value":"//*[@id=\"__button374\"]"}
COMMAND: POST /session/e4ca631e3efb970409c1f6ae88247928/elements - {"using":"xpath","value":"//*[@id=\"__button374\"]"}
RESULT: {"using":"xpath","value":"//*[@id=\"__button374\"]"}
COMMAND: POST /session/e4ca631e3efb970409c1f6ae88247928/elements - {"using":"xpath","value":"//*[@id=\"__button374\"]"}
RESULT: {"using":"xpath","value":"//*[@id=\"__button374\"]"}
COMMAND: POST /session/e4ca631e3efb970409c1f6ae88247928/elements - {"using":"xpath","value":"//*[@id=\"__button374\"]"}
RESULT: {"using":"xpath","value":"//*[@id=\"__button374\"]"}
COMMAND: POST /session/e4ca631e3efb970409c1f6ae88247928/elements - {"using":"xpath","value":"//*[@id=\"__button374\"]"}
RESULT: {"using":"xpath","value":"//*[@id=\"__button374\"]"}
COMMAND: POST /session/e4ca631e3efb970409c1f6ae88247928/elements - {"using":"xpath","value":"//*[@id=\"__button374\"]"}
RESULT: {"using":"xpath","value":"//*[@id=\"__button374\"]"}
COMMAND: POST /session/e4ca631e3efb970409c1f6ae88247928/elements - {"using":"xpath","value":"//*[@id=\"__button374\"]"}
RESULT: {"using":"xpath","value":"//*[@id=\"__button374\"]"}
COMMAND: POST /session/e4ca631e3efb970409c1f6ae88247928/elements - {"using":"xpath","value":"//*[@id=\"__button374\"]"}
RESULT: {"using":"xpath","value":"//*[@id=\"__button374\"]"}
COMMAND: POST /session/e4ca631e3efb970409c1f6ae88247928/elements - {"using":"xpath","value":"//*[@id=\"__button374\"]"}
RESULT: {"using":"xpath","value":"//*[@id=\"__button374\"]"}
COMMAND: POST /session/e4ca631e3efb970409c1f6ae88247928/elements - {"using":"xpath","value":"//*[@id=\"__button374\"]"}
RESULT: {"using":"xpath","value":"//*[@id=\"__button374\"]"}
COMMAND: POST /session/e4ca631e3efb970409c1f6ae88247928/elements - {"using":"xpath","value":"//*[@id=\"__button374\"]"}
RESULT: {"using":"xpath","value":"//*[@id=\"__button374\"]"}
COMMAND: POST /session/e4ca631e3efb970409c1f6ae88247928/elements - {"using":"xpath","value":"//*[@id=\"__button374\"]"}
RESULT: {"using":"xpath","value":"//*[@id=\"__button374\"]"}
COMMAND: POST /session/e4ca631e3efb970409c1f6ae88247928/elements - {"using":"xpath","value":"//*[@id=\"__button374\"]"}
RESULT: {"using":"xpath","value":"//*[@id=\"__button374\"]"}
COMMAND: POST /session/e4ca631e3efb970409c1f6ae88247928/elements - {"using":"xpath","value":"//*[@id=\"__button374\"]"}
RESULT: {"using":"xpath","value":"//*[@id=\"__button374\"]"}
COMMAND: POST /session/e4ca631e3efb970409c1f6ae88247928/elements - {"using":"xpath","value":"//*[@id=\"__button374\"]"}
RESULT: {"using":"xpath","value":"//*[@id=\"__button374\"]"}
COMMAND: POST /session/e4ca631e3efb970409c1f6ae88247928/elements - {"using":"xpath","value":"//*[@id=\"__button374\"]"}
RESULT: {"using":"xpath","value":"//*[@id=\"__button374\"]"}
COMMAND: POST /session/e4ca631e3efb970409c1f6ae88247928/elements - {"using":"xpath","value":"//*[@id=\"__button374\"]"}
RESULT: {"using":"xpath","value":"//*[@id=\"__button374\"]"}
COMMAND: POST /session/e4ca631e3efb970409c1f6ae88247928/elements - {"using":"xpath","value":"//*[@id=\"__button374\"]"}
RESULT: {"using":"xpath","value":"//*[@id=\"__button374\"]"}
COMMAND: POST /session/e4ca631e3efb970409c1f6ae88247928/elements - {"using":"xpath","value":"//*[@id=\"__button374\"]"}
RESULT: {"using":"xpath","value":"//*[@id=\"__button374\"]"}
COMMAND: POST /session/e4ca631e3efb970409c1f6ae88247928/elements - {"using":"xpath","value":"//*[@id=\"__button374\"]"}
RESULT: {"using":"xpath","value":"//*[@id=\"__button374\"]"}
COMMAND: POST /session/e4ca631e3efb970409c1f6ae88247928/elements - {"using":"xpath","value":"//*[@id=\"__button374\"]"}
RESULT: {"using":"xpath","value":"//*[@id=\"__button374\"]"}
COMMAND: POST /session/e4ca631e3efb970409c1f6ae88247928/elements - {"using":"xpath","value":"//*[@id=\"__button374\"]"}
RESULT: {"using":"xpath","value":"//*[@id=\"__button374\"]"}
COMMAND: POST /session/e4ca631e3efb970409c1f6ae88247928/elements - {"using":"xpath","value":"//*[@id=\"__button374\"]"}
RESULT: {"using":"xpath","value":"//*[@id=\"__button374\"]"}
COMMAND: POST /session/e4ca631e3efb970409c1f6ae88247928/elements - {"using":"xpath","value":"//*[@id=\"__button374\"]"}
RESULT: {"using":"xpath","value":"//*[@id=\"__button374\"]"}
COMMAND: POST /session/e4ca631e3efb970409c1f6ae88247928/elements - {"using":"xpath","value":"//*[@id=\"__button374\"]"}
RESULT: {"using":"xpath","value":"//*[@id=\"__button374\"]"}
COMMAND: POST /session/e4ca631e3efb970409c1f6ae88247928/elements - {"using":"xpath","value":"//*[@id=\"__button374\"]"}
RESULT: {"using":"xpath","value":"//*[@id=\"__button374\"]"}
COMMAND: POST /session/e4ca631e3efb970409c1f6ae88247928/elements - {"using":"xpath","value":"//*[@id=\"__button374\"]"}
RESULT: {"using":"xpath","value":"//*[@id=\"__button374\"]"}
COMMAND: POST /session/e4ca631e3efb970409c1f6ae88247928/elements - {"using":"xpath","value":"//*[@id=\"__button374\"]"}
RESULT: {"using":"xpath","value":"//*[@id=\"__button374\"]"}
COMMAND: POST /session/e4ca631e3efb970409c1f6ae88247928/elements - {"using":"xpath","value":"//*[@id=\"__button374\"]"}
RESULT: {"using":"xpath","value":"//*[@id=\"__button374\"]"}
COMMAND: POST /session/e4ca631e3efb970409c1f6ae88247928/elements - {"using":"xpath","value":"//*[@id=\"__button374\"]"}
RESULT: {"using":"xpath","value":"//*[@id=\"__button374\"]"}
COMMAND: POST /session/e4ca631e3efb970409c1f6ae88247928/elements - {"using":"xpath","value":"//*[@id=\"__button374\"]"}
RESULT: {"using":"xpath","value":"//*[@id=\"__button374\"]"}
COMMAND: POST /session/e4ca631e3efb970409c1f6ae88247928/elements - {"using":"xpath","value":"//*[@id=\"__button374\"]"}
RESULT: {"using":"xpath","value":"//*[@id=\"__button374\"]"}
COMMAND: POST /session/e4ca631e3efb970409c1f6ae88247928/elements - {"using":"xpath","value":"//*[@id=\"__button374\"]"}
RESULT: {"using":"xpath","value":"//*[@id=\"__button374\"]"}
COMMAND: POST /session/e4ca631e3efb970409c1f6ae88247928/elements - {"using":"xpath","value":"//*[@id=\"__button374\"]"}
RESULT: {"using":"xpath","value":"//*[@id=\"__button374\"]"}
COMMAND: POST /session/e4ca631e3efb970409c1f6ae88247928/elements - {"using":"xpath","value":"//*[@id=\"__button374\"]"}
RESULT: {"using":"xpath","value":"//*[@id=\"__button374\"]"}
COMMAND: POST /session/e4ca631e3efb970409c1f6ae88247928/elements - {"using":"xpath","value":"//*[@id=\"__button374\"]"}
RESULT: {"using":"xpath","value":"//*[@id=\"__button374\"]"}
COMMAND: POST /session/e4ca631e3efb970409c1f6ae88247928/elements - {"using":"xpath","value":"//*[@id=\"__button374\"]"}
RESULT: {"using":"xpath","value":"//*[@id=\"__button374\"]"}
COMMAND: POST /session/e4ca631e3efb970409c1f6ae88247928/elements - {"using":"xpath","value":"//*[@id=\"__button374\"]"}
RESULT: {"using":"xpath","value":"//*[@id=\"__button374\"]"}
COMMAND: POST /session/e4ca631e3efb970409c1f6ae88247928/elements - {"using":"xpath","value":"//*[@id=\"__button374\"]"}
RESULT: {"using":"xpath","value":"//*[@id=\"__button374\"]"}
COMMAND: POST /session/e4ca631e3efb970409c1f6ae88247928/elements - {"using":"xpath","value":"//*[@id=\"__button374\"]"}
RESULT: {"using":"xpath","value":"//*[@id=\"__button374\"]"}
COMMAND: POST /session/e4ca631e3efb970409c1f6ae88247928/elements - {"using":"xpath","value":"//*[@id=\"__button374\"]"}
RESULT: {"using":"xpath","value":"//*[@id=\"__button374\"]"}
COMMAND: POST /session/e4ca631e3efb970409c1f6ae88247928/elements - {"using":"xpath","value":"//*[@id=\"__button374\"]"}
RESULT: {"using":"xpath","value":"//*[@id=\"__button374\"]"}
COMMAND: POST /session/e4ca631e3efb970409c1f6ae88247928/elements - {"using":"xpath","value":"//*[@id=\"__button374\"]"}
RESULT: {"using":"xpath","value":"//*[@id=\"__button374\"]"}
COMMAND: POST /session/e4ca631e3efb970409c1f6ae88247928/elements - {"using":"xpath","value":"//*[@id=\"__button374\"]"}
RESULT: {"using":"xpath","value":"//*[@id=\"__button374\"]"}
COMMAND: POST /session/e4ca631e3efb970409c1f6ae88247928/elements - {"using":"xpath","value":"//*[@id=\"__button374\"]"}
RESULT: {"using":"xpath","value":"//*[@id=\"__button374\"]"}
COMMAND: POST /session/e4ca631e3efb970409c1f6ae88247928/elements - {"using":"xpath","value":"//*[@id=\"__button374\"]"}
RESULT: {"using":"xpath","value":"//*[@id=\"__button374\"]"}
COMMAND: POST /session/e4ca631e3efb970409c1f6ae88247928/elements - {"using":"xpath","value":"//*[@id=\"__button374\"]"}
RESULT: {"using":"xpath","value":"//*[@id=\"__button374\"]"}
COMMAND: POST /session/e4ca631e3efb970409c1f6ae88247928/elements - {"using":"xpath","value":"//*[@id=\"__button374\"]"}
RESULT: {"using":"xpath","value":"//*[@id=\"__button374\"]"}
COMMAND: POST /session/e4ca631e3efb970409c1f6ae88247928/elements - {"using":"xpath","value":"//*[@id=\"__button374\"]"}
RESULT: {"using":"xpath","value":"//*[@id=\"__button374\"]"}
COMMAND: POST /session/e4ca631e3efb970409c1f6ae88247928/elements - {"using":"xpath","value":"//*[@id=\"__button374\"]"}
RESULT: {"using":"xpath","value":"//*[@id=\"__button374\"]"}
COMMAND: POST /session/e4ca631e3efb970409c1f6ae88247928/elements - {"using":"xpath","value":"//*[@id=\"__button374\"]"}
RESULT: {"using":"xpath","value":"//*[@id=\"__button374\"]"}
COMMAND: POST /session/e4ca631e3efb970409c1f6ae88247928/elements - {"using":"xpath","value":"//*[@id=\"__button374\"]"}
RESULT: {"using":"xpath","value":"//*[@id=\"__button374\"]"}
COMMAND: POST /session/e4ca631e3efb970409c1f6ae88247928/elements - {"using":"xpath","value":"//*[@id=\"__button374\"]"}
RESULT: {"using":"xpath","value":"//*[@id=\"__button374\"]"}
COMMAND: POST /session/e4ca631e3efb970409c1f6ae88247928/elements - {"using":"xpath","value":"//*[@id=\"__button374\"]"}
RESULT: {"using":"xpath","value":"//*[@id=\"__button374\"]"}
COMMAND: POST /session/e4ca631e3efb970409c1f6ae88247928/elements - {"using":"xpath","value":"//*[@id=\"__button374\"]"}
RESULT: {"using":"xpath","value":"//*[@id=\"__button374\"]"}
COMMAND: POST /session/e4ca631e3efb970409c1f6ae88247928/elements - {"using":"xpath","value":"//*[@id=\"__button374\"]"}
RESULT: {"using":"xpath","value":"//*[@id=\"__button374\"]"}
COMMAND: POST /session/e4ca631e3efb970409c1f6ae88247928/elements - {"using":"xpath","value":"//*[@id=\"__button374\"]"}
RESULT: {"using":"xpath","value":"//*[@id=\"__button374\"]"}
COMMAND: POST /session/e4ca631e3efb970409c1f6ae88247928/elements - {"using":"xpath","value":"//*[@id=\"__button374\"]"}
RESULT: {"using":"xpath","value":"//*[@id=\"__button374\"]"}
COMMAND: POST /session/e4ca631e3efb970409c1f6ae88247928/elements - {"using":"xpath","value":"//*[@id=\"__button374\"]"}
RESULT: {"using":"xpath","value":"//*[@id=\"__button374\"]"}
COMMAND: POST /session/e4ca631e3efb970409c1f6ae88247928/elements - {"using":"xpath","value":"//*[@id=\"__button374\"]"}
RESULT: {"using":"xpath","value":"//*[@id=\"__button374\"]"}
COMMAND: POST /session/e4ca631e3efb970409c1f6ae88247928/elements - {"using":"xpath","value":"//*[@id=\"__button374\"]"}
RESULT: {"using":"xpath","value":"//*[@id=\"__button374\"]"}
COMMAND: POST /session/e4ca631e3efb970409c1f6ae88247928/elements - {"using":"xpath","value":"//*[@id=\"__button374\"]"}
RESULT: {"using":"xpath","value":"//*[@id=\"__button374\"]"}
COMMAND: POST /session/e4ca631e3efb970409c1f6ae88247928/elements - {"using":"xpath","value":"//*[@id=\"__button374\"]"}
RESULT: {"using":"xpath","value":"//*[@id=\"__button374\"]"}
COMMAND: POST /session/e4ca631e3efb970409c1f6ae88247928/elements - {"using":"xpath","value":"//*[@id=\"__button374\"]"}
RESULT: {"using":"xpath","value":"//*[@id=\"__button374\"]"}
COMMAND: POST /session/e4ca631e3efb970409c1f6ae88247928/elements - {"using":"xpath","value":"//*[@id=\"__button374\"]"}
RESULT: {"using":"xpath","value":"//*[@id=\"__button374\"]"}
COMMAND: POST /session/e4ca631e3efb970409c1f6ae88247928/elements - {"using":"xpath","value":"//*[@id=\"__button374\"]"}
RESULT: {"using":"xpath","value":"//*[@id=\"__button374\"]"}
COMMAND: POST /session/e4ca631e3efb970409c1f6ae88247928/elements - {"using":"xpath","value":"//*[@id=\"__button374\"]"}
RESULT: {"using":"xpath","value":"//*[@id=\"__button374\"]"}
COMMAND: POST /session/e4ca631e3efb970409c1f6ae88247928/elements - {"using":"xpath","value":"//*[@id=\"__button374\"]"}
RESULT: {"using":"xpath","value":"//*[@id=\"__button374\"]"}
COMMAND: POST /session/e4ca631e3efb970409c1f6ae88247928/elements - {"using":"xpath","value":"//*[@id=\"__button374\"]"}
RESULT: {"using":"xpath","value":"//*[@id=\"__button374\"]"}
COMMAND: POST /session/e4ca631e3efb970409c1f6ae88247928/elements - {"using":"xpath","value":"//*[@id=\"__button374\"]"}
RESULT: {"using":"xpath","value":"//*[@id=\"__button374\"]"}
COMMAND: POST /session/e4ca631e3efb970409c1f6ae88247928/elements - {"using":"xpath","value":"//*[@id=\"__button374\"]"}
RESULT: {"using":"xpath","value":"//*[@id=\"__button374\"]"}
COMMAND: POST /session/e4ca631e3efb970409c1f6ae88247928/elements - {"using":"xpath","value":"//*[@id=\"__button374\"]"}
RESULT: {"using":"xpath","value":"//*[@id=\"__button374\"]"}
COMMAND: POST /session/e4ca631e3efb970409c1f6ae88247928/elements - {"using":"xpath","value":"//*[@id=\"__button374\"]"}
RESULT: {"using":"xpath","value":"//*[@id=\"__button374\"]"}
COMMAND: POST /session/e4ca631e3efb970409c1f6ae88247928/elements - {"using":"xpath","value":"//*[@id=\"__button374\"]"}
RESULT: {"using":"xpath","value":"//*[@id=\"__button374\"]"}
COMMAND: POST /session/e4ca631e3efb970409c1f6ae88247928/elements - {"using":"xpath","value":"//*[@id=\"__button374\"]"}
RESULT: {"using":"xpath","value":"//*[@id=\"__button374\"]"}
COMMAND: POST /session/e4ca631e3efb970409c1f6ae88247928/elements - {"using":"xpath","value":"//*[@id=\"__button374\"]"}
RESULT: {"using":"xpath","value":"//*[@id=\"__button374\"]"}
COMMAND: POST /session/e4ca631e3efb970409c1f6ae88247928/elements - {"using":"xpath","value":"//*[@id=\"__button374\"]"}
RESULT: {"using":"xpath","value":"//*[@id=\"__button374\"]"}
COMMAND: POST /session/e4ca631e3efb970409c1f6ae88247928/elements - {"using":"xpath","value":"//*[@id=\"__button374\"]"}
RESULT: {"using":"xpath","value":"//*[@id=\"__button374\"]"}
COMMAND: POST /session/e4ca631e3efb970409c1f6ae88247928/elements - {"using":"xpath","value":"//*[@id=\"__button374\"]"}
RESULT: {"using":"xpath","value":"//*[@id=\"__button374\"]"}
COMMAND: POST /session/e4ca631e3efb970409c1f6ae88247928/elements - {"using":"xpath","value":"//*[@id=\"__button374\"]"}
RESULT: {"using":"xpath","value":"//*[@id=\"__button374\"]"}
COMMAND: POST /session/e4ca631e3efb970409c1f6ae88247928/elements - {"using":"xpath","value":"//*[@id=\"__button374\"]"}
RESULT: {"using":"xpath","value":"//*[@id=\"__button374\"]"}
COMMAND: POST /session/e4ca631e3efb970409c1f6ae88247928/elements - {"using":"xpath","value":"//*[@id=\"__button374\"]"}
RESULT: {"using":"xpath","value":"//*[@id=\"__button374\"]"}
COMMAND: POST /session/e4ca631e3efb970409c1f6ae88247928/elements - {"using":"xpath","value":"//*[@id=\"__button374\"]"}
RESULT: {"using":"xpath","value":"//*[@id=\"__button374\"]"}
COMMAND: POST /session/e4ca631e3efb970409c1f6ae88247928/elements - {"using":"xpath","value":"//*[@id=\"__button374\"]"}
RESULT: {"using":"xpath","value":"//*[@id=\"__button374\"]"}
COMMAND: POST /session/e4ca631e3efb970409c1f6ae88247928/elements - {"using":"xpath","value":"//*[@id=\"__button374\"]"}
RESULT: {"using":"xpath","value":"//*[@id=\"__button374\"]"}
COMMAND: POST /session/e4ca631e3efb970409c1f6ae88247928/elements - {"using":"xpath","value":"//*[@id=\"__button374\"]"}
COMMAND: POST /session/e4ca631e3efb970409c1f6ae88247928/element - {"using":"css selector","value":"#shell-header-logo"}
RESULT: {"using":"xpath","value":"//*[@id=\"__button374\"]"}
RESULT: {"using":"css selector","value":"#shell-header-logo"}
COMMAND: POST /session/e4ca631e3efb970409c1f6ae88247928/execute/sync - {"script":"<script> [8489 bytes]","args":[{"element-6066-11e4-a52e-4f735466cecf":"f.C691F06ADA7EF9549F3769A53F800D74.d.D20752FE79497C965C51BD0B37308D38.e.13540","ELEMENT":"f.C691F06ADA7EF9549F3769A53F800D74.d.D20752FE79497C965C51BD0B37308D38.e.13540"}]}
RESULT: {"script":"<script> [8489 bytes]","args":[{"element-6066-11e4-a52e-4f735466cecf":"f.C691F06ADA7EF9549F3769A53F800D74.d.D20752FE79497C965C51BD0B37308D38.e.13540","ELEMENT":"f.C691F06ADA7EF9549F3769A53F800D74.d.D20752FE79497C965C51BD0B37308D38.e.13540"}]}
COMMAND: POST /session/e4ca631e3efb970409c1f6ae88247928/execute/sync - {"script":"<script> [5351 bytes]","args":[{"element-6066-11e4-a52e-4f735466cecf":"f.C691F06ADA7EF9549F3769A53F800D74.d.D20752FE79497C965C51BD0B37308D38.e.13540","ELEMENT":"f.C691F06ADA7EF9549F3769A53F800D74.d.D20752FE79497C965C51BD0B37308D38.e.13540"}]}
COMMAND: GET /session/e4ca631e3efb970409c1f6ae88247928/screenshot - {}
RESULT: {"script":"<script> [5351 bytes]","args":[{"element-6066-11e4-a52e-4f735466cecf":"f.C691F06ADA7EF9549F3769A53F800D74.d.D20752FE79497C965C51BD0B37308D38.e.13540","ELEMENT":"f.C691F06ADA7EF9549F3769A53F800D74.d.D20752FE79497C965C51BD0B37308D38.e.13540"}]}
COMMAND: POST /session/e4ca631e3efb970409c1f6ae88247928/element/f.C691F06ADA7EF9549F3769A53F800D74.d.D20752FE79497C965C51BD0B37308D38.e.13540/click - {}
COMMAND: GET /session/e4ca631e3efb970409c1f6ae88247928/screenshot - {}
RESULT: {}
RESULT: {}
]]></system-out>
    </testcase>
    <testcase classname="chrome.135_0_7049_115.windows.Create_master_data_for_mixed_billing_&amp;_do_billing_calculation_US151661" name="Should go to Manage Billings and trigger calculation check the conditions applied" time="62.838">
      <system-out><![CDATA[
COMMAND: GET /session/e4ca631e3efb970409c1f6ae88247928/screenshot - {}
COMMAND: POST /session/e4ca631e3efb970409c1f6ae88247928/execute/async - {"script":"<script> [1562 bytes]","args":[{"selector":{"controlType":"sap.m.GenericTile","properties":{"header":"Manage Billings"}},"wdio_ui5_key":"sapm.GenericTile{\"header\":\"Manage Billings\"}"}]}
RESULT: {}
RESULT: {}
RESULT: {"script":"<script> [1562 bytes]","args":[{"selector":{"controlType":"sap.m.GenericTile","properties":{"header":"Manage Billings"}},"wdio_ui5_key":"sapm.GenericTile{\"header\":\"Manage Billings\"}"}]}
RESULT: undefined
COMMAND: POST /session/e4ca631e3efb970409c1f6ae88247928/element - {"using":"xpath","value":"//*[@id=\"__tile91\"]"}
RESULT: {"using":"xpath","value":"//*[@id=\"__tile91\"]"}
COMMAND: POST /session/e4ca631e3efb970409c1f6ae88247928/element/f.C691F06ADA7EF9549F3769A53F800D74.d.D20752FE79497C965C51BD0B37308D38.e.8789/click - {}
RESULT: {}
COMMAND: GET /session/e4ca631e3efb970409c1f6ae88247928/screenshot - {}
COMMAND: POST /session/e4ca631e3efb970409c1f6ae88247928/execute/async - {"script":"<script> [1562 bytes]","args":[{"selector":{"id":"application-managebillings-display-component---billRunCalcResult--smartFilterBar-btnBasicSearch","interaction":{"idSuffix":"I"}},"wdio_ui5_key":"applicationmanagebillings-display-component---billRunCalcResult--smartFilterBar-btnBasicSearch"}]}
RESULT: {}
RESULT: {"script":"<script> [1562 bytes]","args":[{"selector":{"id":"application-managebillings-display-component---billRunCalcResult--smartFilterBar-btnBasicSearch","interaction":{"idSuffix":"I"}},"wdio_ui5_key":"applicationmanagebillings-display-component---billRunCalcResult--smartFilterBar-btnBasicSearch"}]}
RESULT: undefined
COMMAND: POST /session/e4ca631e3efb970409c1f6ae88247928/execute/async - {"script":"<script> [776 bytes]","args":[{"enterText":"10618","selector":{"id":"application-managebillings-display-component---billRunCalcResult--smartFilterBar-btnBasicSearch","interaction":{"idSuffix":"I"}},"clearTextFirst":true,"interactionType":"ENTER_TEXT"}]}
RESULT: {"script":"<script> [776 bytes]","args":[{"enterText":"10618","selector":{"id":"application-managebillings-display-component---billRunCalcResult--smartFilterBar-btnBasicSearch","interaction":{"idSuffix":"I"}},"clearTextFirst":true,"interactionType":"ENTER_TEXT"}]}
COMMAND: POST /session/e4ca631e3efb970409c1f6ae88247928/actions - {"actions":[{"id":"action50","type":"key","parameters":{},"actions":[{"type":"keyDown","value":"î€‡"},{"type":"pause","duration":10},{"type":"keyUp","value":"î€‡"}]}]}
RESULT: {"actions":[{"id":"action50","type":"key","parameters":{},"actions":[{"type":"keyDown","value":"î€‡"},{"type":"pause","duration":10},{"type":"keyUp","value":"î€‡"}]}]}
COMMAND: GET /session/e4ca631e3efb970409c1f6ae88247928/screenshot - {}
RESULT: {}
COMMAND: POST /session/e4ca631e3efb970409c1f6ae88247928/element - {"using":"xpath","value":"//td[@aria-colindex=\"1\"]/div/div[contains(@class, \"sapMCbBg\")]"}
RESULT: {"using":"xpath","value":"//td[@aria-colindex=\"1\"]/div/div[contains(@class, \"sapMCbBg\")]"}
COMMAND: POST /session/e4ca631e3efb970409c1f6ae88247928/element/f.C691F06ADA7EF9549F3769A53F800D74.d.D20752FE79497C965C51BD0B37308D38.e.13936/click - {}
RESULT: {}
COMMAND: GET /session/e4ca631e3efb970409c1f6ae88247928/screenshot - {}
RESULT: {}
COMMAND: POST /session/e4ca631e3efb970409c1f6ae88247928/execute/async - {"script":"<script> [1562 bytes]","args":[{"selector":{"id":"application-managebillings-display-component---billRunCalcResult--contractBillRunDate","interaction":{"idSuffix":"inner"}},"wdio_ui5_key":"applicationmanagebillings-display-component---billRunCalcResult--contractBillRunDate"}]}
RESULT: {"script":"<script> [1562 bytes]","args":[{"selector":{"id":"application-managebillings-display-component---billRunCalcResult--contractBillRunDate","interaction":{"idSuffix":"inner"}},"wdio_ui5_key":"applicationmanagebillings-display-component---billRunCalcResult--contractBillRunDate"}]}
RESULT: undefined
COMMAND: POST /session/e4ca631e3efb970409c1f6ae88247928/execute/async - {"script":"<script> [776 bytes]","args":[{"enterText":"06/07/25","selector":{"id":"application-managebillings-display-component---billRunCalcResult--contractBillRunDate","interaction":{"idSuffix":"inner"}},"clearTextFirst":true,"interactionType":"ENTER_TEXT"}]}
RESULT: {"script":"<script> [776 bytes]","args":[{"enterText":"06/07/25","selector":{"id":"application-managebillings-display-component---billRunCalcResult--contractBillRunDate","interaction":{"idSuffix":"inner"}},"clearTextFirst":true,"interactionType":"ENTER_TEXT"}]}
COMMAND: POST /session/e4ca631e3efb970409c1f6ae88247928/element - {"using":"xpath","value":"//bdi[contains(text(), \"Trigger Calculation\")]"}
RESULT: {"using":"xpath","value":"//bdi[contains(text(), \"Trigger Calculation\")]"}
COMMAND: POST /session/e4ca631e3efb970409c1f6ae88247928/element/f.C691F06ADA7EF9549F3769A53F800D74.d.D20752FE79497C965C51BD0B37308D38.e.13987/click - {}
RESULT: {}
COMMAND: GET /session/e4ca631e3efb970409c1f6ae88247928/screenshot - {}
RESULT: {}
COMMAND: POST /session/e4ca631e3efb970409c1f6ae88247928/element - {"using":"xpath","value":"(//span[contains(@id, \"imgNav\")])[1]"}
RESULT: {"using":"xpath","value":"(//span[contains(@id, \"imgNav\")])[1]"}
COMMAND: POST /session/e4ca631e3efb970409c1f6ae88247928/element/f.C691F06ADA7EF9549F3769A53F800D74.d.D20752FE79497C965C51BD0B37308D38.e.13937/click - {}
RESULT: {}
COMMAND: GET /session/e4ca631e3efb970409c1f6ae88247928/screenshot - {}
RESULT: {}
COMMAND: POST /session/e4ca631e3efb970409c1f6ae88247928/element - {"using":"xpath","value":"//tr/td[6]/div[1]/span[1]/span[1]"}
RESULT: {"using":"xpath","value":"//tr/td[6]/div[1]/span[1]/span[1]"}
COMMAND: GET /session/e4ca631e3efb970409c1f6ae88247928/element/f.C691F06ADA7EF9549F3769A53F800D74.d.D20752FE79497C965C51BD0B37308D38.e.13992/text - {}
RESULT: {}
COMMAND: POST /session/e4ca631e3efb970409c1f6ae88247928/element - {"using":"xpath","value":"(//span[contains(@id, \"imgNav\")])[2]"}
RESULT: {"using":"xpath","value":"(//span[contains(@id, \"imgNav\")])[2]"}
COMMAND: POST /session/e4ca631e3efb970409c1f6ae88247928/element/f.C691F06ADA7EF9549F3769A53F800D74.d.D20752FE79497C965C51BD0B37308D38.e.13993/click - {}
RESULT: {}
COMMAND: POST /session/e4ca631e3efb970409c1f6ae88247928/element - {"using":"xpath","value":"//bdi[contains(text(), \"Business Confirm\")]"}
COMMAND: GET /session/e4ca631e3efb970409c1f6ae88247928/screenshot - {}
RESULT: {"using":"xpath","value":"//bdi[contains(text(), \"Business Confirm\")]"}
COMMAND: POST /session/e4ca631e3efb970409c1f6ae88247928/elements - {"using":"xpath","value":"//bdi[contains(text(), \"Business Confirm\")]"}
RESULT: {}
RESULT: {"using":"xpath","value":"//bdi[contains(text(), \"Business Confirm\")]"}
COMMAND: POST /session/e4ca631e3efb970409c1f6ae88247928/elements - {"using":"xpath","value":"//bdi[contains(text(), \"Business Confirm\")]"}
RESULT: {"using":"xpath","value":"//bdi[contains(text(), \"Business Confirm\")]"}
COMMAND: POST /session/e4ca631e3efb970409c1f6ae88247928/element - {"using":"xpath","value":"//bdi[contains(text(), \"Business Confirm\")]"}
RESULT: {"using":"xpath","value":"//bdi[contains(text(), \"Business Confirm\")]"}
COMMAND: POST /session/e4ca631e3efb970409c1f6ae88247928/element/f.C691F06ADA7EF9549F3769A53F800D74.d.D20752FE79497C965C51BD0B37308D38.e.14042/click - {}
RESULT: {}
COMMAND: POST /session/e4ca631e3efb970409c1f6ae88247928/element - {"using":"css selector","value":"#shell-header-logo"}
COMMAND: GET /session/e4ca631e3efb970409c1f6ae88247928/screenshot - {}
RESULT: {"using":"css selector","value":"#shell-header-logo"}
COMMAND: POST /session/e4ca631e3efb970409c1f6ae88247928/element/f.C691F06ADA7EF9549F3769A53F800D74.d.D20752FE79497C965C51BD0B37308D38.e.13728/click - {}
RESULT: {}
RESULT: {}
COMMAND: GET /session/e4ca631e3efb970409c1f6ae88247928/screenshot - {}
RESULT: {}
COMMAND: POST /session/e4ca631e3efb970409c1f6ae88247928/element - {"using":"css selector","value":"#j_username"}
COMMAND: POST /session/e4ca631e3efb970409c1f6ae88247928/url - {"url":"https://qa-testing-00-live-etm-ui.cfapps.eu10-004.hana.ondemand.com/"}
RESULT: {"using":"css selector","value":"#j_username"}
COMMAND: POST /session/e4ca631e3efb970409c1f6ae88247928/element - {"using":"css selector","value":"#j_username"}
RESULT: {"url":"https://qa-testing-00-live-etm-ui.cfapps.eu10-004.hana.ondemand.com/"}
RESULT: undefined
COMMAND: GET /session/e4ca631e3efb970409c1f6ae88247928/screenshot - {}
RESULT: {"using":"css selector","value":"#j_username"}
COMMAND: POST /session/e4ca631e3efb970409c1f6ae88247928/element - {"using":"css selector","value":"#shell-header-logo"}
RESULT: {}
RESULT: {"using":"css selector","value":"#shell-header-logo"}
COMMAND: POST /session/e4ca631e3efb970409c1f6ae88247928/execute/sync - {"script":"<script> [8489 bytes]","args":[{"element-6066-11e4-a52e-4f735466cecf":"f.C691F06ADA7EF9549F3769A53F800D74.d.CF9B9DB1763FA14E74DD0E5D95327722.e.14084","ELEMENT":"f.C691F06ADA7EF9549F3769A53F800D74.d.CF9B9DB1763FA14E74DD0E5D95327722.e.14084"}]}
RESULT: {"script":"<script> [8489 bytes]","args":[{"element-6066-11e4-a52e-4f735466cecf":"f.C691F06ADA7EF9549F3769A53F800D74.d.CF9B9DB1763FA14E74DD0E5D95327722.e.14084","ELEMENT":"f.C691F06ADA7EF9549F3769A53F800D74.d.CF9B9DB1763FA14E74DD0E5D95327722.e.14084"}]}
COMMAND: POST /session/e4ca631e3efb970409c1f6ae88247928/element - {"using":"css selector","value":"#shell-header-logo"}
COMMAND: GET /session/e4ca631e3efb970409c1f6ae88247928/screenshot - {}
RESULT: {"using":"css selector","value":"#shell-header-logo"}
COMMAND: POST /session/e4ca631e3efb970409c1f6ae88247928/execute/sync - {"script":"<script> [8489 bytes]","args":[{"element-6066-11e4-a52e-4f735466cecf":"f.C691F06ADA7EF9549F3769A53F800D74.d.CF9B9DB1763FA14E74DD0E5D95327722.e.14084","ELEMENT":"f.C691F06ADA7EF9549F3769A53F800D74.d.CF9B9DB1763FA14E74DD0E5D95327722.e.14084"}]}
RESULT: {}
RESULT: {"script":"<script> [8489 bytes]","args":[{"element-6066-11e4-a52e-4f735466cecf":"f.C691F06ADA7EF9549F3769A53F800D74.d.CF9B9DB1763FA14E74DD0E5D95327722.e.14084","ELEMENT":"f.C691F06ADA7EF9549F3769A53F800D74.d.CF9B9DB1763FA14E74DD0E5D95327722.e.14084"}]}
COMMAND: POST /session/e4ca631e3efb970409c1f6ae88247928/execute/sync - {"script":"<script> [5351 bytes]","args":[{"element-6066-11e4-a52e-4f735466cecf":"f.C691F06ADA7EF9549F3769A53F800D74.d.CF9B9DB1763FA14E74DD0E5D95327722.e.14084","ELEMENT":"f.C691F06ADA7EF9549F3769A53F800D74.d.CF9B9DB1763FA14E74DD0E5D95327722.e.14084"}]}
COMMAND: GET /session/e4ca631e3efb970409c1f6ae88247928/screenshot - {}
RESULT: {"script":"<script> [5351 bytes]","args":[{"element-6066-11e4-a52e-4f735466cecf":"f.C691F06ADA7EF9549F3769A53F800D74.d.CF9B9DB1763FA14E74DD0E5D95327722.e.14084","ELEMENT":"f.C691F06ADA7EF9549F3769A53F800D74.d.CF9B9DB1763FA14E74DD0E5D95327722.e.14084"}]}
COMMAND: POST /session/e4ca631e3efb970409c1f6ae88247928/element - {"using":"css selector","value":"#shell-header-logo"}
COMMAND: GET /session/e4ca631e3efb970409c1f6ae88247928/screenshot - {}
RESULT: {}
RESULT: {"using":"css selector","value":"#shell-header-logo"}
COMMAND: POST /session/e4ca631e3efb970409c1f6ae88247928/element/f.C691F06ADA7EF9549F3769A53F800D74.d.CF9B9DB1763FA14E74DD0E5D95327722.e.14084/click - {}
RESULT: {}
RESULT: {}
COMMAND: GET /session/e4ca631e3efb970409c1f6ae88247928/screenshot - {}
RESULT: {}
COMMAND: POST /session/e4ca631e3efb970409c1f6ae88247928/execute/async - {"script":"<script> [189 bytes]","args":[]}
RESULT: {"script":"<script> [189 bytes]","args":[]}
COMMAND: POST /session/e4ca631e3efb970409c1f6ae88247928/execute/async - {"script":"<script> [123 bytes]","args":[]}
RESULT: {"script":"<script> [123 bytes]","args":[]}
COMMAND: POST /session/e4ca631e3efb970409c1f6ae88247928/timeouts - {"script":"<number>"}
RESULT: {"script":"<number>"}
COMMAND: GET /session/e4ca631e3efb970409c1f6ae88247928/timeouts - {}
RESULT: {}
RESULT: undefined
COMMAND: POST /session/e4ca631e3efb970409c1f6ae88247928/execute/async - {"script":"<script> [2676 bytes]","args":[]}
RESULT: {"script":"<script> [2676 bytes]","args":[]}
COMMAND: POST /session/e4ca631e3efb970409c1f6ae88247928/execute/async - {"script":"<script> [2342 bytes]","args":[{"protocol":"http","hostname":"0.0.0.0","path":"/","capabilities":{"browserName":"chrome","goog:chromeOptions":{"binary":"C:\\Program Files\\Google\\Chrome\\Application\\chrome.exe","args":["--start-maximized"]}},"logLevel":"warn","connectionRetryTimeout":120000,"connectionRetryCount":3,"logLevels":{},"enableDirectConnect":true,"strictSSL":true,"_":"65 more keys: [\"cacheDir\",\"port\",\"requestedCapabilities\",\"automationProtocol\",\"baseUrl\",\"waitforInterval\",\"waitforTimeout\",\"onReload\",\"beforeCommand\",\"afterCommand\",\"rootDir\",\"specs\",\"suites\",\"exclude\",\"groupLogsByTestSpec\",\"excludeDriverLogs\",\"bail\",\"framework\",\"reporters\",\"services\",\"maxInstances\",\"maxInstancesPerCapability\",\"injectGlobals\",\"filesToWatch\",\"execArgv\",\"runnerEnv\",\"runner\",\"shard\",\"specFileRetries\",\"specFileRetriesDelay\",\"specFileRetriesDeferred\",\"reporterSyncInterval\",\"reporterSyncTimeout\",\"cucumberFeaturesWithLineNumbers\",\"autoCompileOpts\",\"mochaOpts\",\"jasmineOpts\",\"cucumberOpts\",\"onPrepare\",\"onWorkerStart\",\"onWorkerEnd\",\"before\",\"beforeSession\",\"beforeSuite\",\"beforeHook\",\"beforeTest\",\"afterTest\",\"afterHook\",\"afterSuite\",\"afterSession\",\"after\",\"onComplete\",\"beforeAssertion\",\"afterAssertion\",\"beforeFeature\",\"beforeScenario\",\"beforeStep\",\"afterStep\",\"afterScenario\",\"afterFeature\",\"_\",\"suite\",\"$0\",\"ignoredWorkerServices\",\"wdi5\"]"}]}
RESULT: {"script":"<script> [2342 bytes]","args":[{"protocol":"http","hostname":"0.0.0.0","path":"/","capabilities":{"browserName":"chrome","goog:chromeOptions":{"binary":"C:\\Program Files\\Google\\Chrome\\Application\\chrome.exe","args":["--start-maximized"]}},"logLevel":"warn","connectionRetryTimeout":120000,"connectionRetryCount":3,"logLevels":{},"enableDirectConnect":true,"strictSSL":true,"_":"65 more keys: [\"cacheDir\",\"port\",\"requestedCapabilities\",\"automationProtocol\",\"baseUrl\",\"waitforInterval\",\"waitforTimeout\",\"onReload\",\"beforeCommand\",\"afterCommand\",\"rootDir\",\"specs\",\"suites\",\"exclude\",\"groupLogsByTestSpec\",\"excludeDriverLogs\",\"bail\",\"framework\",\"reporters\",\"services\",\"maxInstances\",\"maxInstancesPerCapability\",\"injectGlobals\",\"filesToWatch\",\"execArgv\",\"runnerEnv\",\"runner\",\"shard\",\"specFileRetries\",\"specFileRetriesDelay\",\"specFileRetriesDeferred\",\"reporterSyncInterval\",\"reporterSyncTimeout\",\"cucumberFeaturesWithLineNumbers\",\"autoCompileOpts\",\"mochaOpts\",\"jasmineOpts\",\"cucumberOpts\",\"onPrepare\",\"onWorkerStart\",\"onWorkerEnd\",\"before\",\"beforeSession\",\"beforeSuite\",\"beforeHook\",\"beforeTest\",\"afterTest\",\"afterHook\",\"afterSuite\",\"afterSession\",\"after\",\"onComplete\",\"beforeAssertion\",\"afterAssertion\",\"beforeFeature\",\"beforeScenario\",\"beforeStep\",\"afterStep\",\"afterScenario\",\"afterFeature\",\"_\",\"suite\",\"$0\",\"ignoredWorkerServices\",\"wdi5\"]"}]}
COMMAND: POST /session/e4ca631e3efb970409c1f6ae88247928/execute/async - {"script":"<script> [21126 bytes]","args":[35000]}
RESULT: {"script":"<script> [21126 bytes]","args":[35000]}
COMMAND: POST /session/e4ca631e3efb970409c1f6ae88247928/window/maximize - {}
RESULT: {}
COMMAND: POST /session/e4ca631e3efb970409c1f6ae88247928/execute/async - {"script":"<script> [1562 bytes]","args":[{"selector":{"id":"shell-header","interaction":{"idSuffix":"icon"}},"wdio_ui5_key":"shellheader"}]}
COMMAND: GET /session/e4ca631e3efb970409c1f6ae88247928/screenshot - {}
RESULT: {"script":"<script> [1562 bytes]","args":[{"selector":{"id":"shell-header","interaction":{"idSuffix":"icon"}},"wdio_ui5_key":"shellheader"}]}
RESULT: undefined
COMMAND: POST /session/e4ca631e3efb970409c1f6ae88247928/refresh - {}
RESULT: {}
RESULT: {}
COMMAND: GET /session/e4ca631e3efb970409c1f6ae88247928/screenshot - {}
RESULT: {}
COMMAND: POST /session/e4ca631e3efb970409c1f6ae88247928/refresh - {}
RESULT: {}
COMMAND: GET /session/e4ca631e3efb970409c1f6ae88247928/screenshot - {}
RESULT: {}
COMMAND: POST /session/e4ca631e3efb970409c1f6ae88247928/window/fullscreen - {}
RESULT: {}
COMMAND: POST /session/e4ca631e3efb970409c1f6ae88247928/execute/async - {"script":"<script> [189 bytes]","args":[]}
RESULT: {"script":"<script> [189 bytes]","args":[]}
COMMAND: POST /session/e4ca631e3efb970409c1f6ae88247928/execute/async - {"script":"<script> [123 bytes]","args":[]}
RESULT: {"script":"<script> [123 bytes]","args":[]}
COMMAND: POST /session/e4ca631e3efb970409c1f6ae88247928/timeouts - {"script":"<number>"}
RESULT: {"script":"<number>"}
COMMAND: GET /session/e4ca631e3efb970409c1f6ae88247928/timeouts - {}
RESULT: {}
RESULT: undefined
COMMAND: POST /session/e4ca631e3efb970409c1f6ae88247928/execute/async - {"script":"<script> [2676 bytes]","args":[]}
RESULT: {"script":"<script> [2676 bytes]","args":[]}
COMMAND: POST /session/e4ca631e3efb970409c1f6ae88247928/execute/async - {"script":"<script> [2342 bytes]","args":[{"protocol":"http","hostname":"0.0.0.0","path":"/","capabilities":{"browserName":"chrome","goog:chromeOptions":{"binary":"C:\\Program Files\\Google\\Chrome\\Application\\chrome.exe","args":["--start-maximized"]}},"logLevel":"warn","connectionRetryTimeout":120000,"connectionRetryCount":3,"logLevels":{},"enableDirectConnect":true,"strictSSL":true,"_":"65 more keys: [\"cacheDir\",\"port\",\"requestedCapabilities\",\"automationProtocol\",\"baseUrl\",\"waitforInterval\",\"waitforTimeout\",\"onReload\",\"beforeCommand\",\"afterCommand\",\"rootDir\",\"specs\",\"suites\",\"exclude\",\"groupLogsByTestSpec\",\"excludeDriverLogs\",\"bail\",\"framework\",\"reporters\",\"services\",\"maxInstances\",\"maxInstancesPerCapability\",\"injectGlobals\",\"filesToWatch\",\"execArgv\",\"runnerEnv\",\"runner\",\"shard\",\"specFileRetries\",\"specFileRetriesDelay\",\"specFileRetriesDeferred\",\"reporterSyncInterval\",\"reporterSyncTimeout\",\"cucumberFeaturesWithLineNumbers\",\"autoCompileOpts\",\"mochaOpts\",\"jasmineOpts\",\"cucumberOpts\",\"onPrepare\",\"onWorkerStart\",\"onWorkerEnd\",\"before\",\"beforeSession\",\"beforeSuite\",\"beforeHook\",\"beforeTest\",\"afterTest\",\"afterHook\",\"afterSuite\",\"afterSession\",\"after\",\"onComplete\",\"beforeAssertion\",\"afterAssertion\",\"beforeFeature\",\"beforeScenario\",\"beforeStep\",\"afterStep\",\"afterScenario\",\"afterFeature\",\"_\",\"suite\",\"$0\",\"ignoredWorkerServices\",\"wdi5\"]"}]}
RESULT: {"script":"<script> [2342 bytes]","args":[{"protocol":"http","hostname":"0.0.0.0","path":"/","capabilities":{"browserName":"chrome","goog:chromeOptions":{"binary":"C:\\Program Files\\Google\\Chrome\\Application\\chrome.exe","args":["--start-maximized"]}},"logLevel":"warn","connectionRetryTimeout":120000,"connectionRetryCount":3,"logLevels":{},"enableDirectConnect":true,"strictSSL":true,"_":"65 more keys: [\"cacheDir\",\"port\",\"requestedCapabilities\",\"automationProtocol\",\"baseUrl\",\"waitforInterval\",\"waitforTimeout\",\"onReload\",\"beforeCommand\",\"afterCommand\",\"rootDir\",\"specs\",\"suites\",\"exclude\",\"groupLogsByTestSpec\",\"excludeDriverLogs\",\"bail\",\"framework\",\"reporters\",\"services\",\"maxInstances\",\"maxInstancesPerCapability\",\"injectGlobals\",\"filesToWatch\",\"execArgv\",\"runnerEnv\",\"runner\",\"shard\",\"specFileRetries\",\"specFileRetriesDelay\",\"specFileRetriesDeferred\",\"reporterSyncInterval\",\"reporterSyncTimeout\",\"cucumberFeaturesWithLineNumbers\",\"autoCompileOpts\",\"mochaOpts\",\"jasmineOpts\",\"cucumberOpts\",\"onPrepare\",\"onWorkerStart\",\"onWorkerEnd\",\"before\",\"beforeSession\",\"beforeSuite\",\"beforeHook\",\"beforeTest\",\"afterTest\",\"afterHook\",\"afterSuite\",\"afterSession\",\"after\",\"onComplete\",\"beforeAssertion\",\"afterAssertion\",\"beforeFeature\",\"beforeScenario\",\"beforeStep\",\"afterStep\",\"afterScenario\",\"afterFeature\",\"_\",\"suite\",\"$0\",\"ignoredWorkerServices\",\"wdi5\"]"}]}
COMMAND: POST /session/e4ca631e3efb970409c1f6ae88247928/execute/async - {"script":"<script> [21126 bytes]","args":[35000]}
RESULT: {"script":"<script> [21126 bytes]","args":[35000]}
]]></system-out>
    </testcase>
  </testsuite>
  <testsuite timestamp="2025-05-07T17:48:42" time="758.583" tests="13" failures="0" errors="0" skipped="0">
    <properties>
      <property name="specId" value="0" />
      <property name="suiteName" value="Performance based billing (work days) US139742" />
      <property name="capabilities" value="chrome.135_0_7049_115.windows" />
      <property name="file" value="file:///D:/a/1/s/test/specs/BTS/billing-performance-workdays.spec.js" />
    </properties>
    <testcase classname="chrome.135_0_7049_115.windows.Performance_based_billing_(work_days)_US139742" name="Should create a new yard" time="0.024">
      <system-out><![CDATA[
COMMAND: POST /session/e4ca631e3efb970409c1f6ae88247928/window/fullscreen - {}
RESULT: {}
]]></system-out>
    </testcase>
    <testcase classname="chrome.135_0_7049_115.windows.Performance_based_billing_(work_days)_US139742" name="Should create a new partner" time="0.004" />
    <testcase classname="chrome.135_0_7049_115.windows.Performance_based_billing_(work_days)_US139742" name="Should create a new site" time="0.004" />
    <testcase classname="chrome.135_0_7049_115.windows.Performance_based_billing_(work_days)_US139742" name="Should do prerequisite steps add equipment" time="131.459">
      <system-out><![CDATA[
COMMAND: POST /session/e4ca631e3efb970409c1f6ae88247928/execute/async - {"script":"<script> [1562 bytes]","args":[{"selector":{"controlType":"sap.m.GenericTile","properties":{"header":"Manage Resources"}},"wdio_ui5_key":"sapm.GenericTile{\"header\":\"Manage Resources\"}"}]}
RESULT: {"script":"<script> [1562 bytes]","args":[{"selector":{"controlType":"sap.m.GenericTile","properties":{"header":"Manage Resources"}},"wdio_ui5_key":"sapm.GenericTile{\"header\":\"Manage Resources\"}"}]}
RESULT: undefined
COMMAND: POST /session/e4ca631e3efb970409c1f6ae88247928/element - {"using":"xpath","value":"//*[@id=\"__tile39\"]"}
RESULT: {"using":"xpath","value":"//*[@id=\"__tile39\"]"}
COMMAND: POST /session/e4ca631e3efb970409c1f6ae88247928/element/f.C691F06ADA7EF9549F3769A53F800D74.d.8F7EFD0CDD1F97E84366A70250179B32.e.14232/click - {}
RESULT: {}
COMMAND: POST /session/e4ca631e3efb970409c1f6ae88247928/element - {"using":"xpath","value":"//button[@data-kt=\"addNewRUOverflowToolbarButton\"]"}
COMMAND: GET /session/e4ca631e3efb970409c1f6ae88247928/screenshot - {}
RESULT: {"using":"xpath","value":"//button[@data-kt=\"addNewRUOverflowToolbarButton\"]"}
COMMAND: POST /session/e4ca631e3efb970409c1f6ae88247928/elements - {"using":"xpath","value":"//button[@data-kt=\"addNewRUOverflowToolbarButton\"]"}
RESULT: {}
RESULT: {"using":"xpath","value":"//button[@data-kt=\"addNewRUOverflowToolbarButton\"]"}
COMMAND: POST /session/e4ca631e3efb970409c1f6ae88247928/elements - {"using":"xpath","value":"//button[@data-kt=\"addNewRUOverflowToolbarButton\"]"}
RESULT: {"using":"xpath","value":"//button[@data-kt=\"addNewRUOverflowToolbarButton\"]"}
COMMAND: POST /session/e4ca631e3efb970409c1f6ae88247928/elements - {"using":"xpath","value":"//button[@data-kt=\"addNewRUOverflowToolbarButton\"]"}
RESULT: {"using":"xpath","value":"//button[@data-kt=\"addNewRUOverflowToolbarButton\"]"}
COMMAND: POST /session/e4ca631e3efb970409c1f6ae88247928/elements - {"using":"xpath","value":"//button[@data-kt=\"addNewRUOverflowToolbarButton\"]"}
RESULT: {"using":"xpath","value":"//button[@data-kt=\"addNewRUOverflowToolbarButton\"]"}
COMMAND: POST /session/e4ca631e3efb970409c1f6ae88247928/elements - {"using":"xpath","value":"//button[@data-kt=\"addNewRUOverflowToolbarButton\"]"}
RESULT: {"using":"xpath","value":"//button[@data-kt=\"addNewRUOverflowToolbarButton\"]"}
COMMAND: POST /session/e4ca631e3efb970409c1f6ae88247928/elements - {"using":"xpath","value":"//button[@data-kt=\"addNewRUOverflowToolbarButton\"]"}
RESULT: {"using":"xpath","value":"//button[@data-kt=\"addNewRUOverflowToolbarButton\"]"}
COMMAND: POST /session/e4ca631e3efb970409c1f6ae88247928/elements - {"using":"xpath","value":"//button[@data-kt=\"addNewRUOverflowToolbarButton\"]"}
RESULT: {"using":"xpath","value":"//button[@data-kt=\"addNewRUOverflowToolbarButton\"]"}
COMMAND: POST /session/e4ca631e3efb970409c1f6ae88247928/elements - {"using":"xpath","value":"//button[@data-kt=\"addNewRUOverflowToolbarButton\"]"}
RESULT: {"using":"xpath","value":"//button[@data-kt=\"addNewRUOverflowToolbarButton\"]"}
COMMAND: POST /session/e4ca631e3efb970409c1f6ae88247928/elements - {"using":"xpath","value":"//button[@data-kt=\"addNewRUOverflowToolbarButton\"]"}
RESULT: {"using":"xpath","value":"//button[@data-kt=\"addNewRUOverflowToolbarButton\"]"}
COMMAND: POST /session/e4ca631e3efb970409c1f6ae88247928/elements - {"using":"xpath","value":"//button[@data-kt=\"addNewRUOverflowToolbarButton\"]"}
RESULT: {"using":"xpath","value":"//button[@data-kt=\"addNewRUOverflowToolbarButton\"]"}
COMMAND: POST /session/e4ca631e3efb970409c1f6ae88247928/elements - {"using":"xpath","value":"//button[@data-kt=\"addNewRUOverflowToolbarButton\"]"}
RESULT: {"using":"xpath","value":"//button[@data-kt=\"addNewRUOverflowToolbarButton\"]"}
COMMAND: POST /session/e4ca631e3efb970409c1f6ae88247928/elements - {"using":"xpath","value":"//button[@data-kt=\"addNewRUOverflowToolbarButton\"]"}
RESULT: {"using":"xpath","value":"//button[@data-kt=\"addNewRUOverflowToolbarButton\"]"}
COMMAND: POST /session/e4ca631e3efb970409c1f6ae88247928/elements - {"using":"xpath","value":"//button[@data-kt=\"addNewRUOverflowToolbarButton\"]"}
RESULT: {"using":"xpath","value":"//button[@data-kt=\"addNewRUOverflowToolbarButton\"]"}
COMMAND: POST /session/e4ca631e3efb970409c1f6ae88247928/elements - {"using":"xpath","value":"//button[@data-kt=\"addNewRUOverflowToolbarButton\"]"}
RESULT: {"using":"xpath","value":"//button[@data-kt=\"addNewRUOverflowToolbarButton\"]"}
COMMAND: POST /session/e4ca631e3efb970409c1f6ae88247928/elements - {"using":"xpath","value":"//button[@data-kt=\"addNewRUOverflowToolbarButton\"]"}
RESULT: {"using":"xpath","value":"//button[@data-kt=\"addNewRUOverflowToolbarButton\"]"}
COMMAND: POST /session/e4ca631e3efb970409c1f6ae88247928/elements - {"using":"xpath","value":"//button[@data-kt=\"addNewRUOverflowToolbarButton\"]"}
RESULT: {"using":"xpath","value":"//button[@data-kt=\"addNewRUOverflowToolbarButton\"]"}
COMMAND: POST /session/e4ca631e3efb970409c1f6ae88247928/elements - {"using":"xpath","value":"//button[@data-kt=\"addNewRUOverflowToolbarButton\"]"}
RESULT: {"using":"xpath","value":"//button[@data-kt=\"addNewRUOverflowToolbarButton\"]"}
COMMAND: POST /session/e4ca631e3efb970409c1f6ae88247928/elements - {"using":"xpath","value":"//button[@data-kt=\"addNewRUOverflowToolbarButton\"]"}
RESULT: {"using":"xpath","value":"//button[@data-kt=\"addNewRUOverflowToolbarButton\"]"}
COMMAND: POST /session/e4ca631e3efb970409c1f6ae88247928/elements - {"using":"xpath","value":"//button[@data-kt=\"addNewRUOverflowToolbarButton\"]"}
RESULT: {"using":"xpath","value":"//button[@data-kt=\"addNewRUOverflowToolbarButton\"]"}
COMMAND: POST /session/e4ca631e3efb970409c1f6ae88247928/elements - {"using":"xpath","value":"//button[@data-kt=\"addNewRUOverflowToolbarButton\"]"}
RESULT: {"using":"xpath","value":"//button[@data-kt=\"addNewRUOverflowToolbarButton\"]"}
COMMAND: POST /session/e4ca631e3efb970409c1f6ae88247928/elements - {"using":"xpath","value":"//button[@data-kt=\"addNewRUOverflowToolbarButton\"]"}
RESULT: {"using":"xpath","value":"//button[@data-kt=\"addNewRUOverflowToolbarButton\"]"}
COMMAND: POST /session/e4ca631e3efb970409c1f6ae88247928/elements - {"using":"xpath","value":"//button[@data-kt=\"addNewRUOverflowToolbarButton\"]"}
RESULT: {"using":"xpath","value":"//button[@data-kt=\"addNewRUOverflowToolbarButton\"]"}
COMMAND: POST /session/e4ca631e3efb970409c1f6ae88247928/elements - {"using":"xpath","value":"//button[@data-kt=\"addNewRUOverflowToolbarButton\"]"}
RESULT: {"using":"xpath","value":"//button[@data-kt=\"addNewRUOverflowToolbarButton\"]"}
COMMAND: POST /session/e4ca631e3efb970409c1f6ae88247928/elements - {"using":"xpath","value":"//button[@data-kt=\"addNewRUOverflowToolbarButton\"]"}
RESULT: {"using":"xpath","value":"//button[@data-kt=\"addNewRUOverflowToolbarButton\"]"}
COMMAND: POST /session/e4ca631e3efb970409c1f6ae88247928/elements - {"using":"xpath","value":"//button[@data-kt=\"addNewRUOverflowToolbarButton\"]"}
RESULT: {"using":"xpath","value":"//button[@data-kt=\"addNewRUOverflowToolbarButton\"]"}
COMMAND: POST /session/e4ca631e3efb970409c1f6ae88247928/elements - {"using":"xpath","value":"//button[@data-kt=\"addNewRUOverflowToolbarButton\"]"}
RESULT: {"using":"xpath","value":"//button[@data-kt=\"addNewRUOverflowToolbarButton\"]"}
COMMAND: POST /session/e4ca631e3efb970409c1f6ae88247928/elements - {"using":"xpath","value":"//button[@data-kt=\"addNewRUOverflowToolbarButton\"]"}
RESULT: {"using":"xpath","value":"//button[@data-kt=\"addNewRUOverflowToolbarButton\"]"}
COMMAND: POST /session/e4ca631e3efb970409c1f6ae88247928/elements - {"using":"xpath","value":"//button[@data-kt=\"addNewRUOverflowToolbarButton\"]"}
RESULT: {"using":"xpath","value":"//button[@data-kt=\"addNewRUOverflowToolbarButton\"]"}
COMMAND: POST /session/e4ca631e3efb970409c1f6ae88247928/element - {"using":"xpath","value":"//button[@data-kt=\"addNewRUOverflowToolbarButton\"]"}
RESULT: {"using":"xpath","value":"//button[@data-kt=\"addNewRUOverflowToolbarButton\"]"}
COMMAND: POST /session/e4ca631e3efb970409c1f6ae88247928/execute/sync - {"script":"<script> [8489 bytes]","args":[{"element-6066-11e4-a52e-4f735466cecf":"f.C691F06ADA7EF9549F3769A53F800D74.d.8F7EFD0CDD1F97E84366A70250179B32.e.14372","ELEMENT":"f.C691F06ADA7EF9549F3769A53F800D74.d.8F7EFD0CDD1F97E84366A70250179B32.e.14372"}]}
RESULT: {"script":"<script> [8489 bytes]","args":[{"element-6066-11e4-a52e-4f735466cecf":"f.C691F06ADA7EF9549F3769A53F800D74.d.8F7EFD0CDD1F97E84366A70250179B32.e.14372","ELEMENT":"f.C691F06ADA7EF9549F3769A53F800D74.d.8F7EFD0CDD1F97E84366A70250179B32.e.14372"}]}
COMMAND: GET /session/e4ca631e3efb970409c1f6ae88247928/element/f.C691F06ADA7EF9549F3769A53F800D74.d.8F7EFD0CDD1F97E84366A70250179B32.e.14372/enabled - {}
COMMAND: GET /session/e4ca631e3efb970409c1f6ae88247928/screenshot - {}
RESULT: {}
COMMAND: POST /session/e4ca631e3efb970409c1f6ae88247928/execute/sync - {"script":"<script> [8489 bytes]","args":[{"element-6066-11e4-a52e-4f735466cecf":"f.C691F06ADA7EF9549F3769A53F800D74.d.8F7EFD0CDD1F97E84366A70250179B32.e.14372","ELEMENT":"f.C691F06ADA7EF9549F3769A53F800D74.d.8F7EFD0CDD1F97E84366A70250179B32.e.14372"}]}
COMMAND: GET /session/e4ca631e3efb970409c1f6ae88247928/screenshot - {}
RESULT: {}
RESULT: {"script":"<script> [8489 bytes]","args":[{"element-6066-11e4-a52e-4f735466cecf":"f.C691F06ADA7EF9549F3769A53F800D74.d.8F7EFD0CDD1F97E84366A70250179B32.e.14372","ELEMENT":"f.C691F06ADA7EF9549F3769A53F800D74.d.8F7EFD0CDD1F97E84366A70250179B32.e.14372"}]}
COMMAND: POST /session/e4ca631e3efb970409c1f6ae88247928/execute/sync - {"script":"<script> [5351 bytes]","args":[{"element-6066-11e4-a52e-4f735466cecf":"f.C691F06ADA7EF9549F3769A53F800D74.d.8F7EFD0CDD1F97E84366A70250179B32.e.14372","ELEMENT":"f.C691F06ADA7EF9549F3769A53F800D74.d.8F7EFD0CDD1F97E84366A70250179B32.e.14372"}]}
COMMAND: GET /session/e4ca631e3efb970409c1f6ae88247928/screenshot - {}
RESULT: {}
RESULT: {"script":"<script> [5351 bytes]","args":[{"element-6066-11e4-a52e-4f735466cecf":"f.C691F06ADA7EF9549F3769A53F800D74.d.8F7EFD0CDD1F97E84366A70250179B32.e.14372","ELEMENT":"f.C691F06ADA7EF9549F3769A53F800D74.d.8F7EFD0CDD1F97E84366A70250179B32.e.14372"}]}
COMMAND: POST /session/e4ca631e3efb970409c1f6ae88247928/element/f.C691F06ADA7EF9549F3769A53F800D74.d.8F7EFD0CDD1F97E84366A70250179B32.e.14372/click - {}
COMMAND: GET /session/e4ca631e3efb970409c1f6ae88247928/screenshot - {}
RESULT: {}
RESULT: {}
COMMAND: GET /session/e4ca631e3efb970409c1f6ae88247928/screenshot - {}
RESULT: {}
RESULT: {}
COMMAND: POST /session/e4ca631e3efb970409c1f6ae88247928/execute/async - {"script":"<script> [1562 bytes]","args":[{"selector":{"id":"application-manageresources-display-component---newResourceUnit--TYPE-arrow"},"wdio_ui5_key":"applicationmanageresources-display-component---newResourceUnit--TYPE-arrow"}]}
RESULT: {"script":"<script> [1562 bytes]","args":[{"selector":{"id":"application-manageresources-display-component---newResourceUnit--TYPE-arrow"},"wdio_ui5_key":"applicationmanageresources-display-component---newResourceUnit--TYPE-arrow"}]}
RESULT: undefined
COMMAND: POST /session/e4ca631e3efb970409c1f6ae88247928/element - {"using":"xpath","value":"//*[@id=\"application-manageresources-display-component---newResourceUnit--TYPE-arrow\"]"}
RESULT: {"using":"xpath","value":"//*[@id=\"application-manageresources-display-component---newResourceUnit--TYPE-arrow\"]"}
COMMAND: POST /session/e4ca631e3efb970409c1f6ae88247928/element/f.C691F06ADA7EF9549F3769A53F800D74.d.8F7EFD0CDD1F97E84366A70250179B32.e.14742/click - {}
RESULT: {}
COMMAND: POST /session/e4ca631e3efb970409c1f6ae88247928/element - {"using":"xpath","value":"//input[@id=\"application-manageresources-display-component---newResourceUnit--TYPE-inner\"]"}
COMMAND: GET /session/e4ca631e3efb970409c1f6ae88247928/screenshot - {}
RESULT: {"using":"xpath","value":"//input[@id=\"application-manageresources-display-component---newResourceUnit--TYPE-inner\"]"}
COMMAND: POST /session/e4ca631e3efb970409c1f6ae88247928/element/f.C691F06ADA7EF9549F3769A53F800D74.d.8F7EFD0CDD1F97E84366A70250179B32.e.14726/clear - {}
RESULT: {}
RESULT: {}
COMMAND: POST /session/e4ca631e3efb970409c1f6ae88247928/element/f.C691F06ADA7EF9549F3769A53F800D74.d.8F7EFD0CDD1F97E84366A70250179B32.e.14726/value - {"text":"Equipment"}
COMMAND: GET /session/e4ca631e3efb970409c1f6ae88247928/screenshot - {}
RESULT: {"text":"Equipment"}
COMMAND: GET /session/e4ca631e3efb970409c1f6ae88247928/screenshot - {}
RESULT: {}
RESULT: {}
COMMAND: POST /session/e4ca631e3efb970409c1f6ae88247928/actions - {"actions":[{"id":"action51","type":"key","parameters":{},"actions":[{"type":"keyDown","value":"î€‡"},{"type":"pause","duration":10},{"type":"keyUp","value":"î€‡"}]}]}
RESULT: {"actions":[{"id":"action51","type":"key","parameters":{},"actions":[{"type":"keyDown","value":"î€‡"},{"type":"pause","duration":10},{"type":"keyUp","value":"î€‡"}]}]}
COMMAND: POST /session/e4ca631e3efb970409c1f6ae88247928/execute/async - {"script":"<script> [1562 bytes]","args":[{"selector":{"id":"application-manageresources-display-component---newResourceUnit--resourceId","interaction":{"idSuffix":"inner"}},"wdio_ui5_key":"applicationmanageresources-display-component---newResourceUnit--resourceId"}]}
COMMAND: GET /session/e4ca631e3efb970409c1f6ae88247928/screenshot - {}
RESULT: {"script":"<script> [1562 bytes]","args":[{"selector":{"id":"application-manageresources-display-component---newResourceUnit--resourceId","interaction":{"idSuffix":"inner"}},"wdio_ui5_key":"applicationmanageresources-display-component---newResourceUnit--resourceId"}]}
RESULT: undefined
COMMAND: POST /session/e4ca631e3efb970409c1f6ae88247928/execute/async - {"script":"<script> [776 bytes]","args":[{"enterText":"xv1jS8yWkL","selector":{"id":"application-manageresources-display-component---newResourceUnit--resourceId","interaction":{"idSuffix":"inner"}},"clearTextFirst":true,"interactionType":"ENTER_TEXT"}]}
RESULT: {}
RESULT: {"script":"<script> [776 bytes]","args":[{"enterText":"xv1jS8yWkL","selector":{"id":"application-manageresources-display-component---newResourceUnit--resourceId","interaction":{"idSuffix":"inner"}},"clearTextFirst":true,"interactionType":"ENTER_TEXT"}]}
COMMAND: POST /session/e4ca631e3efb970409c1f6ae88247928/execute/async - {"script":"<script> [1562 bytes]","args":[{"selector":{"id":"application-manageresources-display-component---newResourceUnit--SHORT_TEXT","interaction":{"idSuffix":"inner"}},"wdio_ui5_key":"applicationmanageresources-display-component---newResourceUnit--SHORT_TEXT"}]}
RESULT: {"script":"<script> [1562 bytes]","args":[{"selector":{"id":"application-manageresources-display-component---newResourceUnit--SHORT_TEXT","interaction":{"idSuffix":"inner"}},"wdio_ui5_key":"applicationmanageresources-display-component---newResourceUnit--SHORT_TEXT"}]}
RESULT: undefined
COMMAND: POST /session/e4ca631e3efb970409c1f6ae88247928/execute/async - {"script":"<script> [776 bytes]","args":[{"enterText":"Intercompany Equipment WDIO","selector":{"id":"application-manageresources-display-component---newResourceUnit--SHORT_TEXT","interaction":{"idSuffix":"inner"}},"clearTextFirst":true,"interactionType":"ENTER_TEXT"}]}
RESULT: {"script":"<script> [776 bytes]","args":[{"enterText":"Intercompany Equipment WDIO","selector":{"id":"application-manageresources-display-component---newResourceUnit--SHORT_TEXT","interaction":{"idSuffix":"inner"}},"clearTextFirst":true,"interactionType":"ENTER_TEXT"}]}
COMMAND: POST /session/e4ca631e3efb970409c1f6ae88247928/execute/async - {"script":"<script> [1562 bytes]","args":[{"selector":{"id":"application-manageresources-display-component---newResourceUnit--BASE_UNIT_OF_MEASURE","interaction":{"idSuffix":"inner"}},"wdio_ui5_key":"applicationmanageresources-display-component---newResourceUnit--BASE_UNIT_OF_MEASURE"}]}
RESULT: {"script":"<script> [1562 bytes]","args":[{"selector":{"id":"application-manageresources-display-component---newResourceUnit--BASE_UNIT_OF_MEASURE","interaction":{"idSuffix":"inner"}},"wdio_ui5_key":"applicationmanageresources-display-component---newResourceUnit--BASE_UNIT_OF_MEASURE"}]}
RESULT: undefined
COMMAND: POST /session/e4ca631e3efb970409c1f6ae88247928/execute/async - {"script":"<script> [776 bytes]","args":[{"enterText":"Piece","selector":{"id":"application-manageresources-display-component---newResourceUnit--BASE_UNIT_OF_MEASURE","interaction":{"idSuffix":"inner"}},"clearTextFirst":true,"interactionType":"ENTER_TEXT"}]}
RESULT: {"script":"<script> [776 bytes]","args":[{"enterText":"Piece","selector":{"id":"application-manageresources-display-component---newResourceUnit--BASE_UNIT_OF_MEASURE","interaction":{"idSuffix":"inner"}},"clearTextFirst":true,"interactionType":"ENTER_TEXT"}]}
COMMAND: POST /session/e4ca631e3efb970409c1f6ae88247928/execute/async - {"script":"<script> [1562 bytes]","args":[{"selector":{"id":"application-manageresources-display-component---newResourceUnit--WEIGHT_UNIT","interaction":{"idSuffix":"inner"}},"wdio_ui5_key":"applicationmanageresources-display-component---newResourceUnit--WEIGHT_UNIT"}]}
RESULT: {"script":"<script> [1562 bytes]","args":[{"selector":{"id":"application-manageresources-display-component---newResourceUnit--WEIGHT_UNIT","interaction":{"idSuffix":"inner"}},"wdio_ui5_key":"applicationmanageresources-display-component---newResourceUnit--WEIGHT_UNIT"}]}
RESULT: undefined
COMMAND: POST /session/e4ca631e3efb970409c1f6ae88247928/execute/async - {"script":"<script> [776 bytes]","args":[{"enterText":"Gram","selector":{"id":"application-manageresources-display-component---newResourceUnit--WEIGHT_UNIT","interaction":{"idSuffix":"inner"}},"clearTextFirst":true,"interactionType":"ENTER_TEXT"}]}
RESULT: {"script":"<script> [776 bytes]","args":[{"enterText":"Gram","selector":{"id":"application-manageresources-display-component---newResourceUnit--WEIGHT_UNIT","interaction":{"idSuffix":"inner"}},"clearTextFirst":true,"interactionType":"ENTER_TEXT"}]}
COMMAND: POST /session/e4ca631e3efb970409c1f6ae88247928/execute/async - {"script":"<script> [1562 bytes]","args":[{"selector":{"id":"application-manageresources-display-component---newResourceUnit--DIMENSION_UNIT","interaction":{"idSuffix":"inner"}},"wdio_ui5_key":"applicationmanageresources-display-component---newResourceUnit--DIMENSION_UNIT"}]}
RESULT: {"script":"<script> [1562 bytes]","args":[{"selector":{"id":"application-manageresources-display-component---newResourceUnit--DIMENSION_UNIT","interaction":{"idSuffix":"inner"}},"wdio_ui5_key":"applicationmanageresources-display-component---newResourceUnit--DIMENSION_UNIT"}]}
RESULT: undefined
COMMAND: POST /session/e4ca631e3efb970409c1f6ae88247928/execute/async - {"script":"<script> [776 bytes]","args":[{"enterText":"Meter","selector":{"id":"application-manageresources-display-component---newResourceUnit--DIMENSION_UNIT","interaction":{"idSuffix":"inner"}},"clearTextFirst":true,"interactionType":"ENTER_TEXT"}]}
RESULT: {"script":"<script> [776 bytes]","args":[{"enterText":"Meter","selector":{"id":"application-manageresources-display-component---newResourceUnit--DIMENSION_UNIT","interaction":{"idSuffix":"inner"}},"clearTextFirst":true,"interactionType":"ENTER_TEXT"}]}
COMMAND: POST /session/e4ca631e3efb970409c1f6ae88247928/execute/async - {"script":"<script> [1562 bytes]","args":[{"selector":{"id":"application-manageresources-display-component---newResourceUnit--newRRUPage-anchBar-application-manageresources-display-component---newResourceUnit--control-anchor","interaction":{"idSuffix":"BDI-content"}},"wdio_ui5_key":"applicationmanageresources-display-component---newResourceUnit--newRRUPage-anchBar-application-manageresources-display-component---newResourceUnit--control-anchor"}]}
RESULT: {"script":"<script> [1562 bytes]","args":[{"selector":{"id":"application-manageresources-display-component---newResourceUnit--newRRUPage-anchBar-application-manageresources-display-component---newResourceUnit--control-anchor","interaction":{"idSuffix":"BDI-content"}},"wdio_ui5_key":"applicationmanageresources-display-component---newResourceUnit--newRRUPage-anchBar-application-manageresources-display-component---newResourceUnit--control-anchor"}]}
RESULT: undefined
COMMAND: POST /session/e4ca631e3efb970409c1f6ae88247928/element - {"using":"xpath","value":"//*[@id=\"application-manageresources-display-component---newResourceUnit--newRRUPage-anchBar-application-manageresources-display-component---newResourceUnit--control-anchor\"]"}
RESULT: {"using":"xpath","value":"//*[@id=\"application-manageresources-display-component---newResourceUnit--newRRUPage-anchBar-application-manageresources-display-component---newResourceUnit--control-anchor\"]"}
COMMAND: POST /session/e4ca631e3efb970409c1f6ae88247928/element/f.C691F06ADA7EF9549F3769A53F800D74.d.8F7EFD0CDD1F97E84366A70250179B32.e.14875/click - {}
RESULT: {}
COMMAND: POST /session/e4ca631e3efb970409c1f6ae88247928/execute/async - {"script":"<script> [1562 bytes]","args":[{"selector":{"id":"application-manageresources-display-component---newResourceUnit--PLANNING_GROUP","interaction":{"idSuffix":"inner"}},"wdio_ui5_key":"applicationmanageresources-display-component---newResourceUnit--PLANNING_GROUP"}]}
COMMAND: GET /session/e4ca631e3efb970409c1f6ae88247928/screenshot - {}
RESULT: {"script":"<script> [1562 bytes]","args":[{"selector":{"id":"application-manageresources-display-component---newResourceUnit--PLANNING_GROUP","interaction":{"idSuffix":"inner"}},"wdio_ui5_key":"applicationmanageresources-display-component---newResourceUnit--PLANNING_GROUP"}]}
RESULT: undefined
COMMAND: POST /session/e4ca631e3efb970409c1f6ae88247928/execute/async - {"script":"<script> [776 bytes]","args":[{"enterText":"Heavy Equi","selector":{"id":"application-manageresources-display-component---newResourceUnit--PLANNING_GROUP","interaction":{"idSuffix":"inner"}},"clearTextFirst":true,"interactionType":"ENTER_TEXT"}]}
RESULT: {}
RESULT: {"script":"<script> [776 bytes]","args":[{"enterText":"Heavy Equi","selector":{"id":"application-manageresources-display-component---newResourceUnit--PLANNING_GROUP","interaction":{"idSuffix":"inner"}},"clearTextFirst":true,"interactionType":"ENTER_TEXT"}]}
COMMAND: POST /session/e4ca631e3efb970409c1f6ae88247928/execute/async - {"script":"<script> [1562 bytes]","args":[{"selector":{"id":"application-manageresources-display-component---newResourceUnit--ITEM_TYPE-arrow"},"wdio_ui5_key":"applicationmanageresources-display-component---newResourceUnit--ITEM_TYPE-arrow"}]}
RESULT: {"script":"<script> [1562 bytes]","args":[{"selector":{"id":"application-manageresources-display-component---newResourceUnit--ITEM_TYPE-arrow"},"wdio_ui5_key":"applicationmanageresources-display-component---newResourceUnit--ITEM_TYPE-arrow"}]}
RESULT: undefined
COMMAND: POST /session/e4ca631e3efb970409c1f6ae88247928/element - {"using":"xpath","value":"//*[@id=\"application-manageresources-display-component---newResourceUnit--ITEM_TYPE-arrow\"]"}
RESULT: {"using":"xpath","value":"//*[@id=\"application-manageresources-display-component---newResourceUnit--ITEM_TYPE-arrow\"]"}
COMMAND: POST /session/e4ca631e3efb970409c1f6ae88247928/element/f.C691F06ADA7EF9549F3769A53F800D74.d.8F7EFD0CDD1F97E84366A70250179B32.e.14884/click - {}
RESULT: {}
COMMAND: POST /session/e4ca631e3efb970409c1f6ae88247928/element - {"using":"xpath","value":"(//span[contains(text(), \"Resource Unit\")])[2]"}
COMMAND: GET /session/e4ca631e3efb970409c1f6ae88247928/screenshot - {}
RESULT: {"using":"xpath","value":"(//span[contains(text(), \"Resource Unit\")])[2]"}
COMMAND: POST /session/e4ca631e3efb970409c1f6ae88247928/element/f.C691F06ADA7EF9549F3769A53F800D74.d.8F7EFD0CDD1F97E84366A70250179B32.e.14885/click - {}
RESULT: {}
RESULT: {}
COMMAND: GET /session/e4ca631e3efb970409c1f6ae88247928/screenshot - {}
RESULT: {}
COMMAND: POST /session/e4ca631e3efb970409c1f6ae88247928/element - {"using":"css selector","value":"#application-manageresources-display-component---newResourceUnit--btnAddTimeSegment"}
RESULT: {"using":"css selector","value":"#application-manageresources-display-component---newResourceUnit--btnAddTimeSegment"}
COMMAND: GET /session/e4ca631e3efb970409c1f6ae88247928/element/f.C691F06ADA7EF9549F3769A53F800D74.d.8F7EFD0CDD1F97E84366A70250179B32.e.14886/rect - {}
RESULT: {}
COMMAND: GET /session/e4ca631e3efb970409c1f6ae88247928/window/rect - {}
RESULT: {}
COMMAND: POST /session/e4ca631e3efb970409c1f6ae88247928/execute/sync - {"script":"<script> [92 bytes]","args":[]}
RESULT: {"script":"<script> [92 bytes]","args":[]}
COMMAND: POST /session/e4ca631e3efb970409c1f6ae88247928/actions - {"actions":[{"id":"action52","type":"wheel","parameters":{},"actions":[{"type":"scroll","x":-1888,"y":-32,"deltaX":0,"deltaY":0,"duration":0,"origin":{"element-6066-11e4-a52e-4f735466cecf":"f.C691F06ADA7EF9549F3769A53F800D74.d.8F7EFD0CDD1F97E84366A70250179B32.e.14886"}}]}]}
COMMAND: GET /session/e4ca631e3efb970409c1f6ae88247928/screenshot - {}
RESULT: {}
COMMAND: POST /session/e4ca631e3efb970409c1f6ae88247928/execute/sync - {"script":"<script> [79 bytes]","args":[{"element-6066-11e4-a52e-4f735466cecf":"f.C691F06ADA7EF9549F3769A53F800D74.d.8F7EFD0CDD1F97E84366A70250179B32.e.14886","ELEMENT":"f.C691F06ADA7EF9549F3769A53F800D74.d.8F7EFD0CDD1F97E84366A70250179B32.e.14886"},{"block":"start","inline":"nearest"}]}
RESULT: {"script":"<script> [79 bytes]","args":[{"element-6066-11e4-a52e-4f735466cecf":"f.C691F06ADA7EF9549F3769A53F800D74.d.8F7EFD0CDD1F97E84366A70250179B32.e.14886","ELEMENT":"f.C691F06ADA7EF9549F3769A53F800D74.d.8F7EFD0CDD1F97E84366A70250179B32.e.14886"},{"block":"start","inline":"nearest"}]}
COMMAND: POST /session/e4ca631e3efb970409c1f6ae88247928/execute/async - {"script":"<script> [1562 bytes]","args":[{"selector":{"id":"application-manageresources-display-component---newResourceUnit--btnAddTimeSegment","interaction":{"idSuffix":"inner"}},"wdio_ui5_key":"applicationmanageresources-display-component---newResourceUnit--btnAddTimeSegment"}]}
COMMAND: GET /session/e4ca631e3efb970409c1f6ae88247928/screenshot - {}
RESULT: {"script":"<script> [1562 bytes]","args":[{"selector":{"id":"application-manageresources-display-component---newResourceUnit--btnAddTimeSegment","interaction":{"idSuffix":"inner"}},"wdio_ui5_key":"applicationmanageresources-display-component---newResourceUnit--btnAddTimeSegment"}]}
RESULT: undefined
COMMAND: POST /session/e4ca631e3efb970409c1f6ae88247928/element - {"using":"xpath","value":"//*[@id=\"application-manageresources-display-component---newResourceUnit--btnAddTimeSegment\"]"}
RESULT: {}
RESULT: {"using":"xpath","value":"//*[@id=\"application-manageresources-display-component---newResourceUnit--btnAddTimeSegment\"]"}
COMMAND: POST /session/e4ca631e3efb970409c1f6ae88247928/element/f.C691F06ADA7EF9549F3769A53F800D74.d.8F7EFD0CDD1F97E84366A70250179B32.e.14886/click - {}
RESULT: {}
COMMAND: GET /session/e4ca631e3efb970409c1f6ae88247928/screenshot - {}
RESULT: {}
COMMAND: POST /session/e4ca631e3efb970409c1f6ae88247928/element - {"using":"xpath","value":"//input[@id=\"application-manageresources-display-component---newResourceUnit--idRuTSAdmin-application-manageresources-display-component---newResourceUnit--RUTimeSegment-0-inner\"]"}
RESULT: {"using":"xpath","value":"//input[@id=\"application-manageresources-display-component---newResourceUnit--idRuTSAdmin-application-manageresources-display-component---newResourceUnit--RUTimeSegment-0-inner\"]"}
COMMAND: POST /session/e4ca631e3efb970409c1f6ae88247928/element/f.C691F06ADA7EF9549F3769A53F800D74.d.8F7EFD0CDD1F97E84366A70250179B32.e.14892/clear - {}
RESULT: {}
COMMAND: POST /session/e4ca631e3efb970409c1f6ae88247928/element/f.C691F06ADA7EF9549F3769A53F800D74.d.8F7EFD0CDD1F97E84366A70250179B32.e.14892/value - {"text":"669"}
COMMAND: GET /session/e4ca631e3efb970409c1f6ae88247928/screenshot - {}
RESULT: {"text":"669"}
COMMAND: GET /session/e4ca631e3efb970409c1f6ae88247928/screenshot - {}
RESULT: {}
RESULT: {}
COMMAND: POST /session/e4ca631e3efb970409c1f6ae88247928/element - {"using":"xpath","value":"//li[.//span[text()='669']]"}
RESULT: {"using":"xpath","value":"//li[.//span[text()='669']]"}
COMMAND: POST /session/e4ca631e3efb970409c1f6ae88247928/element/f.C691F06ADA7EF9549F3769A53F800D74.d.8F7EFD0CDD1F97E84366A70250179B32.e.14906/click - {}
RESULT: {}
COMMAND: GET /session/e4ca631e3efb970409c1f6ae88247928/screenshot - {}
RESULT: {}
COMMAND: POST /session/e4ca631e3efb970409c1f6ae88247928/element - {"using":"xpath","value":"(//span[contains(@id, \"-application-manageresources-display-component---newResourceUnit--RUTimeSegment-0-arrow\")])[6]"}
RESULT: {"using":"xpath","value":"(//span[contains(@id, \"-application-manageresources-display-component---newResourceUnit--RUTimeSegment-0-arrow\")])[6]"}
COMMAND: POST /session/e4ca631e3efb970409c1f6ae88247928/element/f.C691F06ADA7EF9549F3769A53F800D74.d.8F7EFD0CDD1F97E84366A70250179B32.e.14907/click - {}
RESULT: {}
COMMAND: GET /session/e4ca631e3efb970409c1f6ae88247928/screenshot - {}
RESULT: {}
COMMAND: POST /session/e4ca631e3efb970409c1f6ae88247928/element - {"using":"xpath","value":"//span[contains(text(), \"PM Order\")]"}
RESULT: {"using":"xpath","value":"//span[contains(text(), \"PM Order\")]"}
COMMAND: POST /session/e4ca631e3efb970409c1f6ae88247928/element/f.C691F06ADA7EF9549F3769A53F800D74.d.8F7EFD0CDD1F97E84366A70250179B32.e.14910/click - {}
RESULT: {}
COMMAND: GET /session/e4ca631e3efb970409c1f6ae88247928/screenshot - {}
RESULT: {}
COMMAND: POST /session/e4ca631e3efb970409c1f6ae88247928/element - {"using":"xpath","value":"(//span[contains(@id ,\"manageresources-display-component---newResourceUnit--RUTimeSegment-0-vhi\")])[1]"}
RESULT: {"using":"xpath","value":"(//span[contains(@id ,\"manageresources-display-component---newResourceUnit--RUTimeSegment-0-vhi\")])[1]"}
COMMAND: GET /session/e4ca631e3efb970409c1f6ae88247928/element/f.C691F06ADA7EF9549F3769A53F800D74.d.8F7EFD0CDD1F97E84366A70250179B32.e.14914/rect - {}
RESULT: {}
COMMAND: GET /session/e4ca631e3efb970409c1f6ae88247928/window/rect - {}
RESULT: {}
COMMAND: POST /session/e4ca631e3efb970409c1f6ae88247928/execute/sync - {"script":"<script> [92 bytes]","args":[]}
RESULT: {"script":"<script> [92 bytes]","args":[]}
COMMAND: POST /session/e4ca631e3efb970409c1f6ae88247928/actions - {"actions":[{"id":"action53","type":"wheel","parameters":{},"actions":[{"type":"scroll","x":-869,"y":-24,"deltaX":0,"deltaY":0,"duration":0,"origin":{"element-6066-11e4-a52e-4f735466cecf":"f.C691F06ADA7EF9549F3769A53F800D74.d.8F7EFD0CDD1F97E84366A70250179B32.e.14914"}}]}]}
COMMAND: GET /session/e4ca631e3efb970409c1f6ae88247928/screenshot - {}
RESULT: {"actions":[{"id":"action53","type":"wheel","parameters":{},"actions":[{"type":"scroll","x":-869,"y":-24,"deltaX":0,"deltaY":0,"duration":0,"origin":{"element-6066-11e4-a52e-4f735466cecf":"f.C691F06ADA7EF9549F3769A53F800D74.d.8F7EFD0CDD1F97E84366A70250179B32.e.14914"}}]}]}
COMMAND: DELETE /session/e4ca631e3efb970409c1f6ae88247928/actions - {}
COMMAND: GET /session/e4ca631e3efb970409c1f6ae88247928/screenshot - {}
RESULT: {}
RESULT: {}
COMMAND: GET /session/e4ca631e3efb970409c1f6ae88247928/screenshot - {}
RESULT: {}
RESULT: {}
COMMAND: POST /session/e4ca631e3efb970409c1f6ae88247928/element/f.C691F06ADA7EF9549F3769A53F800D74.d.8F7EFD0CDD1F97E84366A70250179B32.e.14914/click - {}
RESULT: {}
COMMAND: GET /session/e4ca631e3efb970409c1f6ae88247928/screenshot - {}
RESULT: {}
COMMAND: POST /session/e4ca631e3efb970409c1f6ae88247928/execute/async - {"script":"<script> [1562 bytes]","args":[{"selector":{"controlType":"sap.m.SearchField","properties":{"placeholder":"Search"},"searchOpenDialogs":true,"interaction":{"idSuffix":"I"}},"wdio_ui5_key":"sapm.SearchField{\"placeholder\":\"Search\"}"}]}
RESULT: {"script":"<script> [1562 bytes]","args":[{"selector":{"controlType":"sap.m.SearchField","properties":{"placeholder":"Search"},"searchOpenDialogs":true,"interaction":{"idSuffix":"I"}},"wdio_ui5_key":"sapm.SearchField{\"placeholder\":\"Search\"}"}]}
RESULT: undefined
COMMAND: POST /session/e4ca631e3efb970409c1f6ae88247928/execute/async - {"script":"<script> [776 bytes]","args":[{"enterText":"4000360","selector":{"controlType":"sap.m.SearchField","properties":{"placeholder":"Search"},"searchOpenDialogs":true,"interaction":{"idSuffix":"I"}},"clearTextFirst":true,"interactionType":"ENTER_TEXT"}]}
RESULT: {"script":"<script> [776 bytes]","args":[{"enterText":"4000360","selector":{"controlType":"sap.m.SearchField","properties":{"placeholder":"Search"},"searchOpenDialogs":true,"interaction":{"idSuffix":"I"}},"clearTextFirst":true,"interactionType":"ENTER_TEXT"}]}
COMMAND: POST /session/e4ca631e3efb970409c1f6ae88247928/actions - {"actions":[{"id":"action54","type":"key","parameters":{},"actions":[{"type":"keyDown","value":"î€‡"},{"type":"pause","duration":10},{"type":"keyUp","value":"î€‡"}]}]}
RESULT: {"actions":[{"id":"action54","type":"key","parameters":{},"actions":[{"type":"keyDown","value":"î€‡"},{"type":"pause","duration":10},{"type":"keyUp","value":"î€‡"}]}]}
COMMAND: GET /session/e4ca631e3efb970409c1f6ae88247928/screenshot - {}
RESULT: {}
COMMAND: POST /session/e4ca631e3efb970409c1f6ae88247928/element - {"using":"xpath","value":"//td/div/span[contains(text(), \"BGL Vehicles\")]"}
RESULT: {"using":"xpath","value":"//td/div/span[contains(text(), \"BGL Vehicles\")]"}
COMMAND: POST /session/e4ca631e3efb970409c1f6ae88247928/element/f.C691F06ADA7EF9549F3769A53F800D74.d.8F7EFD0CDD1F97E84366A70250179B32.e.14925/click - {}
RESULT: {}
COMMAND: GET /session/e4ca631e3efb970409c1f6ae88247928/screenshot - {}
RESULT: {}
COMMAND: POST /session/e4ca631e3efb970409c1f6ae88247928/element - {"using":"xpath","value":"//bdi[contains(text(), \"OK\")]"}
RESULT: {"using":"xpath","value":"//bdi[contains(text(), \"OK\")]"}
COMMAND: POST /session/e4ca631e3efb970409c1f6ae88247928/element/f.C691F06ADA7EF9549F3769A53F800D74.d.8F7EFD0CDD1F97E84366A70250179B32.e.14927/click - {}
RESULT: {}
COMMAND: GET /session/e4ca631e3efb970409c1f6ae88247928/screenshot - {}
RESULT: {}
COMMAND: POST /session/e4ca631e3efb970409c1f6ae88247928/execute/async - {"script":"<script> [1562 bytes]","args":[{"selector":{"id":"application-manageresources-display-component---newResourceUnit--newRRUPage-anchBar-application-manageresources-display-component---newResourceUnit--resource-anchor","interaction":{"idSuffix":"BDI-content"}},"wdio_ui5_key":"applicationmanageresources-display-component---newResourceUnit--newRRUPage-anchBar-application-manageresources-display-component---newResourceUnit--resource-anchor"}]}
RESULT: {"script":"<script> [1562 bytes]","args":[{"selector":{"id":"application-manageresources-display-component---newResourceUnit--newRRUPage-anchBar-application-manageresources-display-component---newResourceUnit--resource-anchor","interaction":{"idSuffix":"BDI-content"}},"wdio_ui5_key":"applicationmanageresources-display-component---newResourceUnit--newRRUPage-anchBar-application-manageresources-display-component---newResourceUnit--resource-anchor"}]}
RESULT: undefined
COMMAND: POST /session/e4ca631e3efb970409c1f6ae88247928/element - {"using":"xpath","value":"//*[@id=\"application-manageresources-display-component---newResourceUnit--newRRUPage-anchBar-application-manageresources-display-component---newResourceUnit--resource-anchor\"]"}
RESULT: {"using":"xpath","value":"//*[@id=\"application-manageresources-display-component---newResourceUnit--newRRUPage-anchBar-application-manageresources-display-component---newResourceUnit--resource-anchor\"]"}
COMMAND: POST /session/e4ca631e3efb970409c1f6ae88247928/element/f.C691F06ADA7EF9549F3769A53F800D74.d.8F7EFD0CDD1F97E84366A70250179B32.e.14931/click - {}
RESULT: {}
COMMAND: POST /session/e4ca631e3efb970409c1f6ae88247928/execute/async - {"script":"<script> [1562 bytes]","args":[{"selector":{"id":"application-manageresources-display-component---newResourceUnit--PLANNED_DELIVERY_DATE","interaction":{"idSuffix":"inner"}},"wdio_ui5_key":"applicationmanageresources-display-component---newResourceUnit--PLANNED_DELIVERY_DATE"}]}
COMMAND: GET /session/e4ca631e3efb970409c1f6ae88247928/screenshot - {}
RESULT: {"script":"<script> [1562 bytes]","args":[{"selector":{"id":"application-manageresources-display-component---newResourceUnit--PLANNED_DELIVERY_DATE","interaction":{"idSuffix":"inner"}},"wdio_ui5_key":"applicationmanageresources-display-component---newResourceUnit--PLANNED_DELIVERY_DATE"}]}
RESULT: undefined
COMMAND: POST /session/e4ca631e3efb970409c1f6ae88247928/execute/async - {"script":"<script> [6424 bytes]","args":[{"element-6066-11e4-a52e-4f735466cecf":"f.C691F06ADA7EF9549F3769A53F800D74.d.8F7EFD0CDD1F97E84366A70250179B32.e.14798"},"setValue",["5/7/25"]]}
RESULT: {}
RESULT: {"script":"<script> [6424 bytes]","args":[{"element-6066-11e4-a52e-4f735466cecf":"f.C691F06ADA7EF9549F3769A53F800D74.d.8F7EFD0CDD1F97E84366A70250179B32.e.14798"},"setValue",["5/7/25"]]}
COMMAND: POST /session/e4ca631e3efb970409c1f6ae88247928/element - {"using":"xpath","value":"//label[contains(@class, 'sapMLabelRequired') and .//bdi[contains(text(), 'Planned Retirement')]]"}
RESULT: {"using":"xpath","value":"//label[contains(@class, 'sapMLabelRequired') and .//bdi[contains(text(), 'Planned Retirement')]]"}
COMMAND: POST /session/e4ca631e3efb970409c1f6ae88247928/elements - {"using":"xpath","value":"//label[contains(@class, 'sapMLabelRequired') and .//bdi[contains(text(), 'Planned Retirement')]]"}
RESULT: {"using":"xpath","value":"//label[contains(@class, 'sapMLabelRequired') and .//bdi[contains(text(), 'Planned Retirement')]]"}
COMMAND: POST /session/e4ca631e3efb970409c1f6ae88247928/element - {"using":"xpath","value":"//button[@data-kt=\"resourceUnitSaveButton\"]"}
RESULT: {"using":"xpath","value":"//button[@data-kt=\"resourceUnitSaveButton\"]"}
COMMAND: POST /session/e4ca631e3efb970409c1f6ae88247928/element/f.C691F06ADA7EF9549F3769A53F800D74.d.8F7EFD0CDD1F97E84366A70250179B32.e.14758/click - {}
RESULT: {}
COMMAND: GET /session/e4ca631e3efb970409c1f6ae88247928/screenshot - {}
RESULT: {}
COMMAND: POST /session/e4ca631e3efb970409c1f6ae88247928/element - {"using":"xpath","value":"//bdi[contains(text(), \"Close\")]"}
RESULT: {"using":"xpath","value":"//bdi[contains(text(), \"Close\")]"}
COMMAND: POST /session/e4ca631e3efb970409c1f6ae88247928/element/f.C691F06ADA7EF9549F3769A53F800D74.d.8F7EFD0CDD1F97E84366A70250179B32.e.14940/click - {}
RESULT: {}
COMMAND: GET /session/e4ca631e3efb970409c1f6ae88247928/screenshot - {}
RESULT: {}
COMMAND: POST /session/e4ca631e3efb970409c1f6ae88247928/element - {"using":"xpath","value":"(//button[contains(@id ,\"actionsToolbar-overflowButton\")])[1]"}
RESULT: {"using":"xpath","value":"(//button[contains(@id ,\"actionsToolbar-overflowButton\")])[1]"}
COMMAND: POST /session/e4ca631e3efb970409c1f6ae88247928/element/f.C691F06ADA7EF9549F3769A53F800D74.d.8F7EFD0CDD1F97E84366A70250179B32.e.14996/click - {}
RESULT: {}
COMMAND: GET /session/e4ca631e3efb970409c1f6ae88247928/screenshot - {}
RESULT: {}
COMMAND: POST /session/e4ca631e3efb970409c1f6ae88247928/element - {"using":"xpath","value":"//button[@data-kt=\"priceInfoButton\"]"}
RESULT: {"using":"xpath","value":"//button[@data-kt=\"priceInfoButton\"]"}
COMMAND: POST /session/e4ca631e3efb970409c1f6ae88247928/element/f.C691F06ADA7EF9549F3769A53F800D74.d.8F7EFD0CDD1F97E84366A70250179B32.e.14998/click - {}
RESULT: {}
COMMAND: GET /session/e4ca631e3efb970409c1f6ae88247928/screenshot - {}
RESULT: {}
]]></system-out>
    </testcase>
    <testcase classname="chrome.135_0_7049_115.windows.Performance_based_billing_(work_days)_US139742" name="Should create a pricing rule perf based on the equipment" time="50.041">
      <system-out><![CDATA[
COMMAND: POST /session/e4ca631e3efb970409c1f6ae88247928/element - {"using":"xpath","value":"//button[@data-kt=\"addButton\"]"}
RESULT: {"using":"xpath","value":"//button[@data-kt=\"addButton\"]"}
COMMAND: POST /session/e4ca631e3efb970409c1f6ae88247928/elements - {"using":"xpath","value":"//button[@data-kt=\"addButton\"]"}
RESULT: {"using":"xpath","value":"//button[@data-kt=\"addButton\"]"}
COMMAND: POST /session/e4ca631e3efb970409c1f6ae88247928/elements - {"using":"xpath","value":"//button[@data-kt=\"addButton\"]"}
RESULT: {"using":"xpath","value":"//button[@data-kt=\"addButton\"]"}
COMMAND: POST /session/e4ca631e3efb970409c1f6ae88247928/element - {"using":"xpath","value":"//button[@data-kt=\"addButton\"]"}
RESULT: {"using":"xpath","value":"//button[@data-kt=\"addButton\"]"}
COMMAND: POST /session/e4ca631e3efb970409c1f6ae88247928/execute/sync - {"script":"<script> [8489 bytes]","args":[{"element-6066-11e4-a52e-4f735466cecf":"f.C691F06ADA7EF9549F3769A53F800D74.d.8F7EFD0CDD1F97E84366A70250179B32.e.15035","ELEMENT":"f.C691F06ADA7EF9549F3769A53F800D74.d.8F7EFD0CDD1F97E84366A70250179B32.e.15035"}]}
RESULT: {"script":"<script> [8489 bytes]","args":[{"element-6066-11e4-a52e-4f735466cecf":"f.C691F06ADA7EF9549F3769A53F800D74.d.8F7EFD0CDD1F97E84366A70250179B32.e.15035","ELEMENT":"f.C691F06ADA7EF9549F3769A53F800D74.d.8F7EFD0CDD1F97E84366A70250179B32.e.15035"}]}
COMMAND: GET /session/e4ca631e3efb970409c1f6ae88247928/element/f.C691F06ADA7EF9549F3769A53F800D74.d.8F7EFD0CDD1F97E84366A70250179B32.e.15035/enabled - {}
COMMAND: GET /session/e4ca631e3efb970409c1f6ae88247928/screenshot - {}
RESULT: {}
COMMAND: POST /session/e4ca631e3efb970409c1f6ae88247928/execute/sync - {"script":"<script> [8489 bytes]","args":[{"element-6066-11e4-a52e-4f735466cecf":"f.C691F06ADA7EF9549F3769A53F800D74.d.8F7EFD0CDD1F97E84366A70250179B32.e.15035","ELEMENT":"f.C691F06ADA7EF9549F3769A53F800D74.d.8F7EFD0CDD1F97E84366A70250179B32.e.15035"}]}
COMMAND: GET /session/e4ca631e3efb970409c1f6ae88247928/screenshot - {}
RESULT: {}
RESULT: {"script":"<script> [8489 bytes]","args":[{"element-6066-11e4-a52e-4f735466cecf":"f.C691F06ADA7EF9549F3769A53F800D74.d.8F7EFD0CDD1F97E84366A70250179B32.e.15035","ELEMENT":"f.C691F06ADA7EF9549F3769A53F800D74.d.8F7EFD0CDD1F97E84366A70250179B32.e.15035"}]}
COMMAND: POST /session/e4ca631e3efb970409c1f6ae88247928/execute/sync - {"script":"<script> [5351 bytes]","args":[{"element-6066-11e4-a52e-4f735466cecf":"f.C691F06ADA7EF9549F3769A53F800D74.d.8F7EFD0CDD1F97E84366A70250179B32.e.15035","ELEMENT":"f.C691F06ADA7EF9549F3769A53F800D74.d.8F7EFD0CDD1F97E84366A70250179B32.e.15035"}]}
COMMAND: GET /session/e4ca631e3efb970409c1f6ae88247928/screenshot - {}
RESULT: {}
RESULT: {"script":"<script> [5351 bytes]","args":[{"element-6066-11e4-a52e-4f735466cecf":"f.C691F06ADA7EF9549F3769A53F800D74.d.8F7EFD0CDD1F97E84366A70250179B32.e.15035","ELEMENT":"f.C691F06ADA7EF9549F3769A53F800D74.d.8F7EFD0CDD1F97E84366A70250179B32.e.15035"}]}
COMMAND: POST /session/e4ca631e3efb970409c1f6ae88247928/element/f.C691F06ADA7EF9549F3769A53F800D74.d.8F7EFD0CDD1F97E84366A70250179B32.e.15035/click - {}
COMMAND: GET /session/e4ca631e3efb970409c1f6ae88247928/screenshot - {}
RESULT: {}
RESULT: {}
COMMAND: GET /session/e4ca631e3efb970409c1f6ae88247928/screenshot - {}
RESULT: {}
RESULT: {}
COMMAND: POST /session/e4ca631e3efb970409c1f6ae88247928/execute/async - {"script":"<script> [1562 bytes]","args":[{"selector":{"controlType":"sap.m.Title","viewName":"etm.portal.ui.managepricingrules.view.NewItem","viewId":"application-managepricingrules-display-component---newInfoPriceItem","properties":{"text":"New Pricing Rules - Item Level"}},"wdio_ui5_key":"etmportal.ui.managepricingrules.view.NewItemsap.m.Title{\"text\":\"New Pricing Rules - Item Level\"}"}]}
RESULT: {"script":"<script> [1562 bytes]","args":[{"selector":{"controlType":"sap.m.Title","viewName":"etm.portal.ui.managepricingrules.view.NewItem","viewId":"application-managepricingrules-display-component---newInfoPriceItem","properties":{"text":"New Pricing Rules - Item Level"}},"wdio_ui5_key":"etmportal.ui.managepricingrules.view.NewItemsap.m.Title{\"text\":\"New Pricing Rules - Item Level\"}"}]}
RESULT: undefined
COMMAND: POST /session/e4ca631e3efb970409c1f6ae88247928/execute/async - {"script":"<script> [6424 bytes]","args":[{"element-6066-11e4-a52e-4f735466cecf":"f.C691F06ADA7EF9549F3769A53F800D74.d.8F7EFD0CDD1F97E84366A70250179B32.e.15196"},"getText",[]]}
RESULT: {"script":"<script> [6424 bytes]","args":[{"element-6066-11e4-a52e-4f735466cecf":"f.C691F06ADA7EF9549F3769A53F800D74.d.8F7EFD0CDD1F97E84366A70250179B32.e.15196"},"getText",[]]}
COMMAND: POST /session/e4ca631e3efb970409c1f6ae88247928/execute/async - {"script":"<script> [1562 bytes]","args":[{"selector":{"id":"application-managepricingrules-display-component---newInfoPriceItem--condValidTo","interaction":{"idSuffix":"inner"}},"wdio_ui5_key":"applicationmanagepricingrules-display-component---newInfoPriceItem--condValidTo"}]}
RESULT: {"script":"<script> [1562 bytes]","args":[{"selector":{"id":"application-managepricingrules-display-component---newInfoPriceItem--condValidTo","interaction":{"idSuffix":"inner"}},"wdio_ui5_key":"applicationmanagepricingrules-display-component---newInfoPriceItem--condValidTo"}]}
RESULT: undefined
COMMAND: POST /session/e4ca631e3efb970409c1f6ae88247928/execute/async - {"script":"<script> [776 bytes]","args":[{"enterText":"01/07/26","selector":{"id":"application-managepricingrules-display-component---newInfoPriceItem--condValidTo","interaction":{"idSuffix":"inner"}},"clearTextFirst":true,"interactionType":"ENTER_TEXT"}]}
RESULT: {"script":"<script> [776 bytes]","args":[{"enterText":"01/07/26","selector":{"id":"application-managepricingrules-display-component---newInfoPriceItem--condValidTo","interaction":{"idSuffix":"inner"}},"clearTextFirst":true,"interactionType":"ENTER_TEXT"}]}
COMMAND: POST /session/e4ca631e3efb970409c1f6ae88247928/execute/async - {"script":"<script> [1562 bytes]","args":[{"selector":{"id":"application-managepricingrules-display-component---newInfoPriceItem--billType-arrow"},"wdio_ui5_key":"applicationmanagepricingrules-display-component---newInfoPriceItem--billType-arrow"}]}
RESULT: {"script":"<script> [1562 bytes]","args":[{"selector":{"id":"application-managepricingrules-display-component---newInfoPriceItem--billType-arrow"},"wdio_ui5_key":"applicationmanagepricingrules-display-component---newInfoPriceItem--billType-arrow"}]}
RESULT: undefined
COMMAND: POST /session/e4ca631e3efb970409c1f6ae88247928/element - {"using":"xpath","value":"//*[@id=\"application-managepricingrules-display-component---newInfoPriceItem--billType-arrow\"]"}
RESULT: {"using":"xpath","value":"//*[@id=\"application-managepricingrules-display-component---newInfoPriceItem--billType-arrow\"]"}
COMMAND: POST /session/e4ca631e3efb970409c1f6ae88247928/element/f.C691F06ADA7EF9549F3769A53F800D74.d.8F7EFD0CDD1F97E84366A70250179B32.e.15198/click - {}
RESULT: {}
COMMAND: POST /session/e4ca631e3efb970409c1f6ae88247928/element - {"using":"xpath","value":"//span[contains(text(), \"PB - Performance based\")]"}
COMMAND: GET /session/e4ca631e3efb970409c1f6ae88247928/screenshot - {}
RESULT: {"using":"xpath","value":"//span[contains(text(), \"PB - Performance based\")]"}
COMMAND: POST /session/e4ca631e3efb970409c1f6ae88247928/element/f.C691F06ADA7EF9549F3769A53F800D74.d.8F7EFD0CDD1F97E84366A70250179B32.e.15199/click - {}
RESULT: {}
RESULT: {}
COMMAND: POST /session/e4ca631e3efb970409c1f6ae88247928/execute/async - {"script":"<script> [1562 bytes]","args":[{"selector":{"id":"application-managepricingrules-display-component---newInfoPriceItem--priceProc-arrow"},"wdio_ui5_key":"applicationmanagepricingrules-display-component---newInfoPriceItem--priceProc-arrow"}]}
COMMAND: GET /session/e4ca631e3efb970409c1f6ae88247928/screenshot - {}
RESULT: {"script":"<script> [1562 bytes]","args":[{"selector":{"id":"application-managepricingrules-display-component---newInfoPriceItem--priceProc-arrow"},"wdio_ui5_key":"applicationmanagepricingrules-display-component---newInfoPriceItem--priceProc-arrow"}]}
RESULT: undefined
COMMAND: POST /session/e4ca631e3efb970409c1f6ae88247928/element - {"using":"xpath","value":"//*[@id=\"application-managepricingrules-display-component---newInfoPriceItem--priceProc-arrow\"]"}
RESULT: {}
RESULT: {"using":"xpath","value":"//*[@id=\"application-managepricingrules-display-component---newInfoPriceItem--priceProc-arrow\"]"}
COMMAND: POST /session/e4ca631e3efb970409c1f6ae88247928/element/f.C691F06ADA7EF9549F3769A53F800D74.d.8F7EFD0CDD1F97E84366A70250179B32.e.15162/click - {}
RESULT: {}
COMMAND: POST /session/e4ca631e3efb970409c1f6ae88247928/element - {"using":"xpath","value":"//span[contains(text(), \"PRF - Performance based\")]"}
COMMAND: GET /session/e4ca631e3efb970409c1f6ae88247928/screenshot - {}
RESULT: {"using":"xpath","value":"//span[contains(text(), \"PRF - Performance based\")]"}
COMMAND: POST /session/e4ca631e3efb970409c1f6ae88247928/element/f.C691F06ADA7EF9549F3769A53F800D74.d.8F7EFD0CDD1F97E84366A70250179B32.e.15200/click - {}
RESULT: {}
RESULT: {}
COMMAND: POST /session/e4ca631e3efb970409c1f6ae88247928/execute/async - {"script":"<script> [1562 bytes]","args":[{"selector":{"id":"application-managepricingrules-display-component---newInfoPriceItem--calcBase-arrow"},"wdio_ui5_key":"applicationmanagepricingrules-display-component---newInfoPriceItem--calcBase-arrow"}]}
COMMAND: GET /session/e4ca631e3efb970409c1f6ae88247928/screenshot - {}
RESULT: {"script":"<script> [1562 bytes]","args":[{"selector":{"id":"application-managepricingrules-display-component---newInfoPriceItem--calcBase-arrow"},"wdio_ui5_key":"applicationmanagepricingrules-display-component---newInfoPriceItem--calcBase-arrow"}]}
RESULT: undefined
COMMAND: POST /session/e4ca631e3efb970409c1f6ae88247928/element - {"using":"xpath","value":"//*[@id=\"application-managepricingrules-display-component---newInfoPriceItem--calcBase-arrow\"]"}
RESULT: {}
RESULT: {"using":"xpath","value":"//*[@id=\"application-managepricingrules-display-component---newInfoPriceItem--calcBase-arrow\"]"}
COMMAND: POST /session/e4ca631e3efb970409c1f6ae88247928/element/f.C691F06ADA7EF9549F3769A53F800D74.d.8F7EFD0CDD1F97E84366A70250179B32.e.15169/click - {}
RESULT: {}
COMMAND: GET /session/e4ca631e3efb970409c1f6ae88247928/screenshot - {}
RESULT: {}
COMMAND: POST /session/e4ca631e3efb970409c1f6ae88247928/element - {"using":"xpath","value":"//span[contains(text(), \"0007 - PB(work days)\")]"}
RESULT: {"using":"xpath","value":"//span[contains(text(), \"0007 - PB(work days)\")]"}
COMMAND: POST /session/e4ca631e3efb970409c1f6ae88247928/element/f.C691F06ADA7EF9549F3769A53F800D74.d.8F7EFD0CDD1F97E84366A70250179B32.e.15201/click - {}
RESULT: {}
COMMAND: GET /session/e4ca631e3efb970409c1f6ae88247928/screenshot - {}
RESULT: {}
COMMAND: POST /session/e4ca631e3efb970409c1f6ae88247928/execute/async - {"script":"<script> [1562 bytes]","args":[{"selector":{"id":"application-managepricingrules-display-component---newInfoPriceItem--hoursMonth","interaction":{"idSuffix":"inner"}},"wdio_ui5_key":"applicationmanagepricingrules-display-component---newInfoPriceItem--hoursMonth"}]}
RESULT: {"script":"<script> [1562 bytes]","args":[{"selector":{"id":"application-managepricingrules-display-component---newInfoPriceItem--hoursMonth","interaction":{"idSuffix":"inner"}},"wdio_ui5_key":"applicationmanagepricingrules-display-component---newInfoPriceItem--hoursMonth"}]}
RESULT: undefined
COMMAND: POST /session/e4ca631e3efb970409c1f6ae88247928/execute/async - {"script":"<script> [776 bytes]","args":[{"enterText":"160","selector":{"id":"application-managepricingrules-display-component---newInfoPriceItem--hoursMonth","interaction":{"idSuffix":"inner"}},"clearTextFirst":true,"interactionType":"ENTER_TEXT"}]}
RESULT: {"script":"<script> [776 bytes]","args":[{"enterText":"160","selector":{"id":"application-managepricingrules-display-component---newInfoPriceItem--hoursMonth","interaction":{"idSuffix":"inner"}},"clearTextFirst":true,"interactionType":"ENTER_TEXT"}]}
COMMAND: POST /session/e4ca631e3efb970409c1f6ae88247928/element - {"using":"xpath","value":"//button[@data-kt=\"saveNewRuleButton\"]"}
RESULT: {"using":"xpath","value":"//button[@data-kt=\"saveNewRuleButton\"]"}
COMMAND: POST /session/e4ca631e3efb970409c1f6ae88247928/element/f.C691F06ADA7EF9549F3769A53F800D74.d.8F7EFD0CDD1F97E84366A70250179B32.e.15187/click - {}
RESULT: {}
COMMAND: GET /session/e4ca631e3efb970409c1f6ae88247928/screenshot - {}
RESULT: {}
COMMAND: POST /session/e4ca631e3efb970409c1f6ae88247928/execute/async - {"script":"<script> [1562 bytes]","args":[{"selector":{"id":"application-managepricingrules-display-component---priceInfoItem--smartFilterBar-btnBasicSearch","interaction":{"idSuffix":"I"}},"wdio_ui5_key":"applicationmanagepricingrules-display-component---priceInfoItem--smartFilterBar-btnBasicSearch"}]}
RESULT: {"script":"<script> [1562 bytes]","args":[{"selector":{"id":"application-managepricingrules-display-component---priceInfoItem--smartFilterBar-btnBasicSearch","interaction":{"idSuffix":"I"}},"wdio_ui5_key":"applicationmanagepricingrules-display-component---priceInfoItem--smartFilterBar-btnBasicSearch"}]}
RESULT: undefined
COMMAND: POST /session/e4ca631e3efb970409c1f6ae88247928/execute/async - {"script":"<script> [776 bytes]","args":[{"enterText":"xv1jS8yWkL","selector":{"id":"application-managepricingrules-display-component---priceInfoItem--smartFilterBar-btnBasicSearch","interaction":{"idSuffix":"I"}},"clearTextFirst":true,"interactionType":"ENTER_TEXT"}]}
RESULT: {"script":"<script> [776 bytes]","args":[{"enterText":"xv1jS8yWkL","selector":{"id":"application-managepricingrules-display-component---priceInfoItem--smartFilterBar-btnBasicSearch","interaction":{"idSuffix":"I"}},"clearTextFirst":true,"interactionType":"ENTER_TEXT"}]}
COMMAND: POST /session/e4ca631e3efb970409c1f6ae88247928/actions - {"actions":[{"id":"action55","type":"key","parameters":{},"actions":[{"type":"keyDown","value":"î€‡"},{"type":"pause","duration":10},{"type":"keyUp","value":"î€‡"}]}]}
RESULT: {"actions":[{"id":"action55","type":"key","parameters":{},"actions":[{"type":"keyDown","value":"î€‡"},{"type":"pause","duration":10},{"type":"keyUp","value":"î€‡"}]}]}
COMMAND: GET /session/e4ca631e3efb970409c1f6ae88247928/screenshot - {}
RESULT: {}
COMMAND: POST /session/e4ca631e3efb970409c1f6ae88247928/element - {"using":"xpath","value":"//span[@id=\"application-managepricingrules-display-component---priceInfoItem--smartTable-header-inner\"]"}
RESULT: {"using":"xpath","value":"//span[@id=\"application-managepricingrules-display-component---priceInfoItem--smartTable-header-inner\"]"}
COMMAND: POST /session/e4ca631e3efb970409c1f6ae88247928/elements - {"using":"xpath","value":"//span[@id=\"application-managepricingrules-display-component---priceInfoItem--smartTable-header-inner\"]"}
RESULT: {"using":"xpath","value":"//span[@id=\"application-managepricingrules-display-component---priceInfoItem--smartTable-header-inner\"]"}
COMMAND: POST /session/e4ca631e3efb970409c1f6ae88247928/execute/sync - {"script":"<script> [56 bytes]","args":[{"element-6066-11e4-a52e-4f735466cecf":"f.C691F06ADA7EF9549F3769A53F800D74.d.8F7EFD0CDD1F97E84366A70250179B32.e.15224","ELEMENT":"f.C691F06ADA7EF9549F3769A53F800D74.d.8F7EFD0CDD1F97E84366A70250179B32.e.15224"}]}
RESULT: {"script":"<script> [56 bytes]","args":[{"element-6066-11e4-a52e-4f735466cecf":"f.C691F06ADA7EF9549F3769A53F800D74.d.8F7EFD0CDD1F97E84366A70250179B32.e.15224","ELEMENT":"f.C691F06ADA7EF9549F3769A53F800D74.d.8F7EFD0CDD1F97E84366A70250179B32.e.15224"}]}
COMMAND: POST /session/e4ca631e3efb970409c1f6ae88247928/element - {"using":"css selector","value":"#shell-header-logo"}
COMMAND: GET /session/e4ca631e3efb970409c1f6ae88247928/screenshot - {}
RESULT: {"using":"css selector","value":"#shell-header-logo"}
COMMAND: POST /session/e4ca631e3efb970409c1f6ae88247928/element/f.C691F06ADA7EF9549F3769A53F800D74.d.8F7EFD0CDD1F97E84366A70250179B32.e.14341/click - {}
RESULT: {}
RESULT: {}
COMMAND: GET /session/e4ca631e3efb970409c1f6ae88247928/screenshot - {}
RESULT: {}
]]></system-out>
    </testcase>
    <testcase classname="chrome.135_0_7049_115.windows.Performance_based_billing_(work_days)_US139742" name="Should create a performance based billing condition on the equipment" time="64.047">
      <system-out><![CDATA[
COMMAND: POST /session/e4ca631e3efb970409c1f6ae88247928/execute/async - {"script":"<script> [1562 bytes]","args":[{"selector":{"controlType":"sap.m.Text","properties":{"text":"Manage Conditions & Prices"},"interaction":{"idSuffix":"inner"}},"wdio_ui5_key":"sapm.Text{\"text\":\"Manage Conditions & Prices\"}"}]}
RESULT: {"script":"<script> [1562 bytes]","args":[{"selector":{"controlType":"sap.m.Text","properties":{"text":"Manage Conditions & Prices"},"interaction":{"idSuffix":"inner"}},"wdio_ui5_key":"sapm.Text{\"text\":\"Manage Conditions & Prices\"}"}]}
RESULT: undefined
COMMAND: POST /session/e4ca631e3efb970409c1f6ae88247928/element - {"using":"xpath","value":"//*[@id=\"__tile53-title\"]"}
RESULT: {"using":"xpath","value":"//*[@id=\"__tile53-title\"]"}
COMMAND: POST /session/e4ca631e3efb970409c1f6ae88247928/element/f.C691F06ADA7EF9549F3769A53F800D74.d.8F7EFD0CDD1F97E84366A70250179B32.e.15227/click - {}
RESULT: {}
COMMAND: POST /session/e4ca631e3efb970409c1f6ae88247928/element - {"using":"xpath","value":"//button[@aria-label=\"Create\"]"}
COMMAND: GET /session/e4ca631e3efb970409c1f6ae88247928/screenshot - {}
RESULT: {"using":"xpath","value":"//button[@aria-label=\"Create\"]"}
COMMAND: POST /session/e4ca631e3efb970409c1f6ae88247928/elements - {"using":"xpath","value":"//button[@aria-label=\"Create\"]"}
RESULT: {}
RESULT: {"using":"xpath","value":"//button[@aria-label=\"Create\"]"}
COMMAND: POST /session/e4ca631e3efb970409c1f6ae88247928/elements - {"using":"xpath","value":"//button[@aria-label=\"Create\"]"}
RESULT: {"using":"xpath","value":"//button[@aria-label=\"Create\"]"}
COMMAND: POST /session/e4ca631e3efb970409c1f6ae88247928/elements - {"using":"xpath","value":"//button[@aria-label=\"Create\"]"}
RESULT: {"using":"xpath","value":"//button[@aria-label=\"Create\"]"}
COMMAND: POST /session/e4ca631e3efb970409c1f6ae88247928/elements - {"using":"xpath","value":"//button[@aria-label=\"Create\"]"}
RESULT: {"using":"xpath","value":"//button[@aria-label=\"Create\"]"}
COMMAND: POST /session/e4ca631e3efb970409c1f6ae88247928/elements - {"using":"xpath","value":"//button[@aria-label=\"Create\"]"}
RESULT: {"using":"xpath","value":"//button[@aria-label=\"Create\"]"}
COMMAND: POST /session/e4ca631e3efb970409c1f6ae88247928/elements - {"using":"xpath","value":"//button[@aria-label=\"Create\"]"}
RESULT: {"using":"xpath","value":"//button[@aria-label=\"Create\"]"}
COMMAND: POST /session/e4ca631e3efb970409c1f6ae88247928/elements - {"using":"xpath","value":"//button[@aria-label=\"Create\"]"}
RESULT: {"using":"xpath","value":"//button[@aria-label=\"Create\"]"}
COMMAND: POST /session/e4ca631e3efb970409c1f6ae88247928/element - {"using":"xpath","value":"//button[@aria-label=\"Create\"]"}
RESULT: {"using":"xpath","value":"//button[@aria-label=\"Create\"]"}
COMMAND: POST /session/e4ca631e3efb970409c1f6ae88247928/execute/sync - {"script":"<script> [8489 bytes]","args":[{"element-6066-11e4-a52e-4f735466cecf":"f.C691F06ADA7EF9549F3769A53F800D74.d.8F7EFD0CDD1F97E84366A70250179B32.e.15261","ELEMENT":"f.C691F06ADA7EF9549F3769A53F800D74.d.8F7EFD0CDD1F97E84366A70250179B32.e.15261"}]}
RESULT: {"script":"<script> [8489 bytes]","args":[{"element-6066-11e4-a52e-4f735466cecf":"f.C691F06ADA7EF9549F3769A53F800D74.d.8F7EFD0CDD1F97E84366A70250179B32.e.15261","ELEMENT":"f.C691F06ADA7EF9549F3769A53F800D74.d.8F7EFD0CDD1F97E84366A70250179B32.e.15261"}]}
COMMAND: GET /session/e4ca631e3efb970409c1f6ae88247928/element/f.C691F06ADA7EF9549F3769A53F800D74.d.8F7EFD0CDD1F97E84366A70250179B32.e.15261/enabled - {}
COMMAND: GET /session/e4ca631e3efb970409c1f6ae88247928/screenshot - {}
RESULT: {}
COMMAND: POST /session/e4ca631e3efb970409c1f6ae88247928/execute/sync - {"script":"<script> [8489 bytes]","args":[{"element-6066-11e4-a52e-4f735466cecf":"f.C691F06ADA7EF9549F3769A53F800D74.d.8F7EFD0CDD1F97E84366A70250179B32.e.15261","ELEMENT":"f.C691F06ADA7EF9549F3769A53F800D74.d.8F7EFD0CDD1F97E84366A70250179B32.e.15261"}]}
COMMAND: GET /session/e4ca631e3efb970409c1f6ae88247928/screenshot - {}
RESULT: {}
RESULT: {"script":"<script> [8489 bytes]","args":[{"element-6066-11e4-a52e-4f735466cecf":"f.C691F06ADA7EF9549F3769A53F800D74.d.8F7EFD0CDD1F97E84366A70250179B32.e.15261","ELEMENT":"f.C691F06ADA7EF9549F3769A53F800D74.d.8F7EFD0CDD1F97E84366A70250179B32.e.15261"}]}
COMMAND: POST /session/e4ca631e3efb970409c1f6ae88247928/execute/sync - {"script":"<script> [5351 bytes]","args":[{"element-6066-11e4-a52e-4f735466cecf":"f.C691F06ADA7EF9549F3769A53F800D74.d.8F7EFD0CDD1F97E84366A70250179B32.e.15261","ELEMENT":"f.C691F06ADA7EF9549F3769A53F800D74.d.8F7EFD0CDD1F97E84366A70250179B32.e.15261"}]}
COMMAND: GET /session/e4ca631e3efb970409c1f6ae88247928/screenshot - {}
RESULT: {}
RESULT: {"script":"<script> [5351 bytes]","args":[{"element-6066-11e4-a52e-4f735466cecf":"f.C691F06ADA7EF9549F3769A53F800D74.d.8F7EFD0CDD1F97E84366A70250179B32.e.15261","ELEMENT":"f.C691F06ADA7EF9549F3769A53F800D74.d.8F7EFD0CDD1F97E84366A70250179B32.e.15261"}]}
COMMAND: POST /session/e4ca631e3efb970409c1f6ae88247928/element/f.C691F06ADA7EF9549F3769A53F800D74.d.8F7EFD0CDD1F97E84366A70250179B32.e.15261/click - {}
COMMAND: GET /session/e4ca631e3efb970409c1f6ae88247928/screenshot - {}
RESULT: {}
RESULT: {}
COMMAND: GET /session/e4ca631e3efb970409c1f6ae88247928/screenshot - {}
RESULT: {}
RESULT: {}
COMMAND: POST /session/e4ca631e3efb970409c1f6ae88247928/actions - {"actions":[{"id":"action56","type":"key","parameters":{},"actions":[{"type":"keyDown","value":"î€‡"},{"type":"pause","duration":10},{"type":"keyUp","value":"î€‡"}]}]}
RESULT: {"actions":[{"id":"action56","type":"key","parameters":{},"actions":[{"type":"keyDown","value":"î€‡"},{"type":"pause","duration":10},{"type":"keyUp","value":"î€‡"}]}]}
COMMAND: GET /session/e4ca631e3efb970409c1f6ae88247928/screenshot - {}
RESULT: {}
COMMAND: POST /session/e4ca631e3efb970409c1f6ae88247928/execute/async - {"script":"<script> [1562 bytes]","args":[{"selector":{"id":"application-manageconditionprice-display-component---newCondition--condBillCond-arrow"},"wdio_ui5_key":"applicationmanageconditionprice-display-component---newCondition--condBillCond-arrow"}]}
RESULT: {"script":"<script> [1562 bytes]","args":[{"selector":{"id":"application-manageconditionprice-display-component---newCondition--condBillCond-arrow"},"wdio_ui5_key":"applicationmanageconditionprice-display-component---newCondition--condBillCond-arrow"}]}
RESULT: undefined
COMMAND: POST /session/e4ca631e3efb970409c1f6ae88247928/element - {"using":"xpath","value":"//*[@id=\"application-manageconditionprice-display-component---newCondition--condBillCond-arrow\"]"}
RESULT: {"using":"xpath","value":"//*[@id=\"application-manageconditionprice-display-component---newCondition--condBillCond-arrow\"]"}
COMMAND: POST /session/e4ca631e3efb970409c1f6ae88247928/element/f.C691F06ADA7EF9549F3769A53F800D74.d.8F7EFD0CDD1F97E84366A70250179B32.e.15440/click - {}
RESULT: {}
COMMAND: GET /session/e4ca631e3efb970409c1f6ae88247928/screenshot - {}
RESULT: {}
COMMAND: POST /session/e4ca631e3efb970409c1f6ae88247928/element - {"using":"xpath","value":"//li[.//span[contains(text(), \"PC06 - Performance Price - fuel\")]]"}
RESULT: {"using":"xpath","value":"//li[.//span[contains(text(), \"PC06 - Performance Price - fuel\")]]"}
COMMAND: POST /session/e4ca631e3efb970409c1f6ae88247928/element/f.C691F06ADA7EF9549F3769A53F800D74.d.8F7EFD0CDD1F97E84366A70250179B32.e.15444/click - {}
RESULT: {}
COMMAND: GET /session/e4ca631e3efb970409c1f6ae88247928/screenshot - {}
RESULT: {}
COMMAND: POST /session/e4ca631e3efb970409c1f6ae88247928/execute/async - {"script":"<script> [1562 bytes]","args":[{"selector":{"id":"application-manageconditionprice-display-component---newCondition--condValidTo","interaction":{"idSuffix":"inner"}},"wdio_ui5_key":"applicationmanageconditionprice-display-component---newCondition--condValidTo"}]}
RESULT: {"script":"<script> [1562 bytes]","args":[{"selector":{"id":"application-manageconditionprice-display-component---newCondition--condValidTo","interaction":{"idSuffix":"inner"}},"wdio_ui5_key":"applicationmanageconditionprice-display-component---newCondition--condValidTo"}]}
RESULT: undefined
COMMAND: POST /session/e4ca631e3efb970409c1f6ae88247928/execute/async - {"script":"<script> [776 bytes]","args":[{"enterText":"01/07/26","selector":{"id":"application-manageconditionprice-display-component---newCondition--condValidTo","interaction":{"idSuffix":"inner"}},"clearTextFirst":true,"interactionType":"ENTER_TEXT"}]}
RESULT: {"script":"<script> [776 bytes]","args":[{"enterText":"01/07/26","selector":{"id":"application-manageconditionprice-display-component---newCondition--condValidTo","interaction":{"idSuffix":"inner"}},"clearTextFirst":true,"interactionType":"ENTER_TEXT"}]}
COMMAND: POST /session/e4ca631e3efb970409c1f6ae88247928/element - {"using":"xpath","value":"//input[@id=\"application-manageconditionprice-display-component---newCondition--condRU-inner\"]"}
RESULT: {"using":"xpath","value":"//input[@id=\"application-manageconditionprice-display-component---newCondition--condRU-inner\"]"}
COMMAND: POST /session/e4ca631e3efb970409c1f6ae88247928/element/f.C691F06ADA7EF9549F3769A53F800D74.d.8F7EFD0CDD1F97E84366A70250179B32.e.15305/clear - {}
RESULT: {}
COMMAND: POST /session/e4ca631e3efb970409c1f6ae88247928/element/f.C691F06ADA7EF9549F3769A53F800D74.d.8F7EFD0CDD1F97E84366A70250179B32.e.15305/value - {"text":"xv1jS8yWkL"}
COMMAND: GET /session/e4ca631e3efb970409c1f6ae88247928/screenshot - {}
RESULT: {"text":"xv1jS8yWkL"}
COMMAND: GET /session/e4ca631e3efb970409c1f6ae88247928/screenshot - {}
RESULT: {}
RESULT: {}
COMMAND: POST /session/e4ca631e3efb970409c1f6ae88247928/actions - {"actions":[{"id":"action57","type":"key","parameters":{},"actions":[{"type":"keyDown","value":"î€‡"},{"type":"pause","duration":10},{"type":"keyUp","value":"î€‡"}]}]}
RESULT: {"actions":[{"id":"action57","type":"key","parameters":{},"actions":[{"type":"keyDown","value":"î€‡"},{"type":"pause","duration":10},{"type":"keyUp","value":"î€‡"}]}]}
COMMAND: POST /session/e4ca631e3efb970409c1f6ae88247928/execute/async - {"script":"<script> [1562 bytes]","args":[{"selector":{"id":"application-manageconditionprice-display-component---newCondition--condBaseQty","interaction":{"idSuffix":"inner"}},"wdio_ui5_key":"applicationmanageconditionprice-display-component---newCondition--condBaseQty"}]}
COMMAND: GET /session/e4ca631e3efb970409c1f6ae88247928/screenshot - {}
RESULT: {"script":"<script> [1562 bytes]","args":[{"selector":{"id":"application-manageconditionprice-display-component---newCondition--condBaseQty","interaction":{"idSuffix":"inner"}},"wdio_ui5_key":"applicationmanageconditionprice-display-component---newCondition--condBaseQty"}]}
RESULT: undefined
COMMAND: POST /session/e4ca631e3efb970409c1f6ae88247928/execute/async - {"script":"<script> [776 bytes]","args":[{"enterText":"1","selector":{"id":"application-manageconditionprice-display-component---newCondition--condBaseQty","interaction":{"idSuffix":"inner"}},"clearTextFirst":true,"interactionType":"ENTER_TEXT"}]}
RESULT: {}
RESULT: {"script":"<script> [776 bytes]","args":[{"enterText":"1","selector":{"id":"application-manageconditionprice-display-component---newCondition--condBaseQty","interaction":{"idSuffix":"inner"}},"clearTextFirst":true,"interactionType":"ENTER_TEXT"}]}
COMMAND: POST /session/e4ca631e3efb970409c1f6ae88247928/execute/async - {"script":"<script> [1562 bytes]","args":[{"selector":{"id":"application-manageconditionprice-display-component---newCondition--condValue","interaction":{"idSuffix":"inner"}},"wdio_ui5_key":"applicationmanageconditionprice-display-component---newCondition--condValue"}]}
RESULT: {"script":"<script> [1562 bytes]","args":[{"selector":{"id":"application-manageconditionprice-display-component---newCondition--condValue","interaction":{"idSuffix":"inner"}},"wdio_ui5_key":"applicationmanageconditionprice-display-component---newCondition--condValue"}]}
RESULT: undefined
COMMAND: POST /session/e4ca631e3efb970409c1f6ae88247928/execute/async - {"script":"<script> [776 bytes]","args":[{"enterText":"10","selector":{"id":"application-manageconditionprice-display-component---newCondition--condValue","interaction":{"idSuffix":"inner"}},"clearTextFirst":true,"interactionType":"ENTER_TEXT"}]}
RESULT: {"script":"<script> [776 bytes]","args":[{"enterText":"10","selector":{"id":"application-manageconditionprice-display-component---newCondition--condValue","interaction":{"idSuffix":"inner"}},"clearTextFirst":true,"interactionType":"ENTER_TEXT"}]}
COMMAND: POST /session/e4ca631e3efb970409c1f6ae88247928/execute/async - {"script":"<script> [1562 bytes]","args":[{"selector":{"id":"application-manageconditionprice-display-component---newCondition--condCurr-arrow"},"wdio_ui5_key":"applicationmanageconditionprice-display-component---newCondition--condCurr-arrow"}]}
RESULT: {"script":"<script> [1562 bytes]","args":[{"selector":{"id":"application-manageconditionprice-display-component---newCondition--condCurr-arrow"},"wdio_ui5_key":"applicationmanageconditionprice-display-component---newCondition--condCurr-arrow"}]}
RESULT: undefined
COMMAND: POST /session/e4ca631e3efb970409c1f6ae88247928/element - {"using":"xpath","value":"//*[@id=\"application-manageconditionprice-display-component---newCondition--condCurr-arrow\"]"}
RESULT: {"using":"xpath","value":"//*[@id=\"application-manageconditionprice-display-component---newCondition--condCurr-arrow\"]"}
COMMAND: POST /session/e4ca631e3efb970409c1f6ae88247928/element/f.C691F06ADA7EF9549F3769A53F800D74.d.8F7EFD0CDD1F97E84366A70250179B32.e.15425/click - {}
RESULT: {}
COMMAND: POST /session/e4ca631e3efb970409c1f6ae88247928/element - {"using":"xpath","value":"//span[contains(text(), \"Euro\")]"}
COMMAND: GET /session/e4ca631e3efb970409c1f6ae88247928/screenshot - {}
RESULT: {"using":"xpath","value":"//span[contains(text(), \"Euro\")]"}
COMMAND: POST /session/e4ca631e3efb970409c1f6ae88247928/element/f.C691F06ADA7EF9549F3769A53F800D74.d.8F7EFD0CDD1F97E84366A70250179B32.e.15479/click - {}
RESULT: {}
RESULT: {}
COMMAND: POST /session/e4ca631e3efb970409c1f6ae88247928/element - {"using":"xpath","value":"//button[@data-kt=\"saveButton\"]"}
COMMAND: GET /session/e4ca631e3efb970409c1f6ae88247928/screenshot - {}
RESULT: {"using":"xpath","value":"//button[@data-kt=\"saveButton\"]"}
COMMAND: POST /session/e4ca631e3efb970409c1f6ae88247928/element/f.C691F06ADA7EF9549F3769A53F800D74.d.8F7EFD0CDD1F97E84366A70250179B32.e.15426/click - {}
RESULT: {}
RESULT: {}
COMMAND: GET /session/e4ca631e3efb970409c1f6ae88247928/screenshot - {}
RESULT: {}
COMMAND: POST /session/e4ca631e3efb970409c1f6ae88247928/execute/async - {"script":"<script> [1562 bytes]","args":[{"selector":{"id":"application-manageconditionprice-display-component---conditions--smartFilterBar-btnBasicSearch","interaction":{"idSuffix":"I"}},"wdio_ui5_key":"applicationmanageconditionprice-display-component---conditions--smartFilterBar-btnBasicSearch"}]}
RESULT: {"script":"<script> [1562 bytes]","args":[{"selector":{"id":"application-manageconditionprice-display-component---conditions--smartFilterBar-btnBasicSearch","interaction":{"idSuffix":"I"}},"wdio_ui5_key":"applicationmanageconditionprice-display-component---conditions--smartFilterBar-btnBasicSearch"}]}
RESULT: undefined
COMMAND: POST /session/e4ca631e3efb970409c1f6ae88247928/execute/async - {"script":"<script> [776 bytes]","args":[{"enterText":"xv1jS8yWkL","selector":{"id":"application-manageconditionprice-display-component---conditions--smartFilterBar-btnBasicSearch","interaction":{"idSuffix":"I"}},"clearTextFirst":true,"interactionType":"ENTER_TEXT"}]}
RESULT: {"script":"<script> [776 bytes]","args":[{"enterText":"xv1jS8yWkL","selector":{"id":"application-manageconditionprice-display-component---conditions--smartFilterBar-btnBasicSearch","interaction":{"idSuffix":"I"}},"clearTextFirst":true,"interactionType":"ENTER_TEXT"}]}
COMMAND: POST /session/e4ca631e3efb970409c1f6ae88247928/actions - {"actions":[{"id":"action58","type":"key","parameters":{},"actions":[{"type":"keyDown","value":"î€‡"},{"type":"pause","duration":10},{"type":"keyUp","value":"î€‡"}]}]}
RESULT: {"actions":[{"id":"action58","type":"key","parameters":{},"actions":[{"type":"keyDown","value":"î€‡"},{"type":"pause","duration":10},{"type":"keyUp","value":"î€‡"}]}]}
COMMAND: GET /session/e4ca631e3efb970409c1f6ae88247928/screenshot - {}
RESULT: {}
COMMAND: POST /session/e4ca631e3efb970409c1f6ae88247928/execute/async - {"script":"<script> [1562 bytes]","args":[{"selector":{"id":"application-manageconditionprice-display-component---conditions--smartFilterBar-filterItemControl_BASIC-BILL_TYPES-vhi"},"wdio_ui5_key":"applicationmanageconditionprice-display-component---conditions--smartFilterBar-filterItemControl_BASIC-BILL_TYPES-vhi"}]}
RESULT: {"script":"<script> [1562 bytes]","args":[{"selector":{"id":"application-manageconditionprice-display-component---conditions--smartFilterBar-filterItemControl_BASIC-BILL_TYPES-vhi"},"wdio_ui5_key":"applicationmanageconditionprice-display-component---conditions--smartFilterBar-filterItemControl_BASIC-BILL_TYPES-vhi"}]}
RESULT: undefined
COMMAND: POST /session/e4ca631e3efb970409c1f6ae88247928/element - {"using":"xpath","value":"//*[@id=\"application-manageconditionprice-display-component---conditions--smartFilterBar-filterItemControl_BASIC-BILL_TYPES-vhi\"]"}
RESULT: {"using":"xpath","value":"//*[@id=\"application-manageconditionprice-display-component---conditions--smartFilterBar-filterItemControl_BASIC-BILL_TYPES-vhi\"]"}
COMMAND: POST /session/e4ca631e3efb970409c1f6ae88247928/element/f.C691F06ADA7EF9549F3769A53F800D74.d.8F7EFD0CDD1F97E84366A70250179B32.e.15495/click - {}
RESULT: {}
COMMAND: POST /session/e4ca631e3efb970409c1f6ae88247928/execute/async - {"script":"<script> [1562 bytes]","args":[{"selector":{"id":"application-manageconditionprice-display-component---conditions--smartFilterBar-filterItemControl_BASIC-BILL_TYPES-valueHelpDialog-smartFilterBar-btnBasicSearch","searchOpenDialogs":true,"interaction":{"idSuffix":"I"}},"wdio_ui5_key":"applicationmanageconditionprice-display-component---conditions--smartFilterBar-filterItemControl_BASIC-BILL_TYPES-valueHelpDialog-smartFilterBar-btnBasicSearch"}]}
COMMAND: GET /session/e4ca631e3efb970409c1f6ae88247928/screenshot - {}
RESULT: {"script":"<script> [1562 bytes]","args":[{"selector":{"id":"application-manageconditionprice-display-component---conditions--smartFilterBar-filterItemControl_BASIC-BILL_TYPES-valueHelpDialog-smartFilterBar-btnBasicSearch","searchOpenDialogs":true,"interaction":{"idSuffix":"I"}},"wdio_ui5_key":"applicationmanageconditionprice-display-component---conditions--smartFilterBar-filterItemControl_BASIC-BILL_TYPES-valueHelpDialog-smartFilterBar-btnBasicSearch"}]}
RESULT: undefined
COMMAND: POST /session/e4ca631e3efb970409c1f6ae88247928/execute/async - {"script":"<script> [776 bytes]","args":[{"enterText":"PB","selector":{"id":"application-manageconditionprice-display-component---conditions--smartFilterBar-filterItemControl_BASIC-BILL_TYPES-valueHelpDialog-smartFilterBar-btnBasicSearch","searchOpenDialogs":true,"interaction":{"idSuffix":"I"}},"clearTextFirst":true,"interactionType":"ENTER_TEXT"}]}
RESULT: {}
RESULT: {"script":"<script> [776 bytes]","args":[{"enterText":"PB","selector":{"id":"application-manageconditionprice-display-component---conditions--smartFilterBar-filterItemControl_BASIC-BILL_TYPES-valueHelpDialog-smartFilterBar-btnBasicSearch","searchOpenDialogs":true,"interaction":{"idSuffix":"I"}},"clearTextFirst":true,"interactionType":"ENTER_TEXT"}]}
COMMAND: POST /session/e4ca631e3efb970409c1f6ae88247928/actions - {"actions":[{"id":"action59","type":"key","parameters":{},"actions":[{"type":"keyDown","value":"î€‡"},{"type":"pause","duration":10},{"type":"keyUp","value":"î€‡"}]}]}
RESULT: {"actions":[{"id":"action59","type":"key","parameters":{},"actions":[{"type":"keyDown","value":"î€‡"},{"type":"pause","duration":10},{"type":"keyUp","value":"î€‡"}]}]}
COMMAND: GET /session/e4ca631e3efb970409c1f6ae88247928/screenshot - {}
RESULT: {}
COMMAND: POST /session/e4ca631e3efb970409c1f6ae88247928/element - {"using":"xpath","value":"//div[contains(@id, 'application-manageconditionprice-display-component---conditions--smartFilterBar-filterItemControl_BASIC-BILL_TYPES-valueHelpDialog-table-rowsel0')]"}
RESULT: {"using":"xpath","value":"//div[contains(@id, 'application-manageconditionprice-display-component---conditions--smartFilterBar-filterItemControl_BASIC-BILL_TYPES-valueHelpDialog-table-rowsel0')]"}
COMMAND: POST /session/e4ca631e3efb970409c1f6ae88247928/element/f.C691F06ADA7EF9549F3769A53F800D74.d.8F7EFD0CDD1F97E84366A70250179B32.e.15504/click - {}
RESULT: {}
COMMAND: GET /session/e4ca631e3efb970409c1f6ae88247928/screenshot - {}
RESULT: {}
COMMAND: POST /session/e4ca631e3efb970409c1f6ae88247928/element - {"using":"xpath","value":"//bdi[contains(text(), \"OK\")]"}
RESULT: {"using":"xpath","value":"//bdi[contains(text(), \"OK\")]"}
COMMAND: POST /session/e4ca631e3efb970409c1f6ae88247928/element/f.C691F06ADA7EF9549F3769A53F800D74.d.8F7EFD0CDD1F97E84366A70250179B32.e.15506/click - {}
RESULT: {}
COMMAND: GET /session/e4ca631e3efb970409c1f6ae88247928/screenshot - {}
RESULT: {}
COMMAND: POST /session/e4ca631e3efb970409c1f6ae88247928/element - {"using":"xpath","value":"//span[@id=\"application-manageconditionprice-display-component---conditions--smartTable-header-inner\"]"}
RESULT: {"using":"xpath","value":"//span[@id=\"application-manageconditionprice-display-component---conditions--smartTable-header-inner\"]"}
COMMAND: POST /session/e4ca631e3efb970409c1f6ae88247928/elements - {"using":"xpath","value":"//span[@id=\"application-manageconditionprice-display-component---conditions--smartTable-header-inner\"]"}
RESULT: {"using":"xpath","value":"//span[@id=\"application-manageconditionprice-display-component---conditions--smartTable-header-inner\"]"}
COMMAND: POST /session/e4ca631e3efb970409c1f6ae88247928/execute/sync - {"script":"<script> [56 bytes]","args":[{"element-6066-11e4-a52e-4f735466cecf":"f.C691F06ADA7EF9549F3769A53F800D74.d.8F7EFD0CDD1F97E84366A70250179B32.e.15509","ELEMENT":"f.C691F06ADA7EF9549F3769A53F800D74.d.8F7EFD0CDD1F97E84366A70250179B32.e.15509"}]}
RESULT: {"script":"<script> [56 bytes]","args":[{"element-6066-11e4-a52e-4f735466cecf":"f.C691F06ADA7EF9549F3769A53F800D74.d.8F7EFD0CDD1F97E84366A70250179B32.e.15509","ELEMENT":"f.C691F06ADA7EF9549F3769A53F800D74.d.8F7EFD0CDD1F97E84366A70250179B32.e.15509"}]}
COMMAND: POST /session/e4ca631e3efb970409c1f6ae88247928/element - {"using":"css selector","value":"#shell-header-logo"}
COMMAND: GET /session/e4ca631e3efb970409c1f6ae88247928/screenshot - {}
RESULT: {"using":"css selector","value":"#shell-header-logo"}
COMMAND: POST /session/e4ca631e3efb970409c1f6ae88247928/element/f.C691F06ADA7EF9549F3769A53F800D74.d.8F7EFD0CDD1F97E84366A70250179B32.e.15229/click - {}
RESULT: {}
RESULT: {}
COMMAND: GET /session/e4ca631e3efb970409c1f6ae88247928/screenshot - {}
RESULT: {}
]]></system-out>
    </testcase>
    <testcase classname="chrome.135_0_7049_115.windows.Performance_based_billing_(work_days)_US139742" name="Should add a counter to the equipment" time="52.068">
      <system-out><![CDATA[
RESULT: undefined
COMMAND: POST /session/e4ca631e3efb970409c1f6ae88247928/element - {"using":"xpath","value":"//*[@id=\"__tile39\"]"}
RESULT: {"using":"xpath","value":"//*[@id=\"__tile39\"]"}
COMMAND: POST /session/e4ca631e3efb970409c1f6ae88247928/element/f.C691F06ADA7EF9549F3769A53F800D74.d.8F7EFD0CDD1F97E84366A70250179B32.e.14232/click - {}
RESULT: {}
COMMAND: POST /session/e4ca631e3efb970409c1f6ae88247928/execute/async - {"script":"<script> [1562 bytes]","args":[{"selector":{"id":"application-manageresources-display-component---masterRU--smartFilterBar-btnBasicSearch","interaction":{"idSuffix":"I"}},"wdio_ui5_key":"applicationmanageresources-display-component---masterRU--smartFilterBar-btnBasicSearch"}]}
COMMAND: GET /session/e4ca631e3efb970409c1f6ae88247928/screenshot - {}
RESULT: {"script":"<script> [1562 bytes]","args":[{"selector":{"id":"application-manageresources-display-component---masterRU--smartFilterBar-btnBasicSearch","interaction":{"idSuffix":"I"}},"wdio_ui5_key":"applicationmanageresources-display-component---masterRU--smartFilterBar-btnBasicSearch"}]}
RESULT: undefined
COMMAND: POST /session/e4ca631e3efb970409c1f6ae88247928/execute/async - {"script":"<script> [776 bytes]","args":[{"enterText":"xv1jS8yWkL","selector":{"id":"application-manageresources-display-component---masterRU--smartFilterBar-btnBasicSearch","interaction":{"idSuffix":"I"}},"clearTextFirst":true,"interactionType":"ENTER_TEXT"}]}
RESULT: {}
RESULT: {"script":"<script> [776 bytes]","args":[{"enterText":"xv1jS8yWkL","selector":{"id":"application-manageresources-display-component---masterRU--smartFilterBar-btnBasicSearch","interaction":{"idSuffix":"I"}},"clearTextFirst":true,"interactionType":"ENTER_TEXT"}]}
COMMAND: POST /session/e4ca631e3efb970409c1f6ae88247928/actions - {"actions":[{"id":"action60","type":"key","parameters":{},"actions":[{"type":"keyDown","value":"î€‡"},{"type":"pause","duration":10},{"type":"keyUp","value":"î€‡"}]}]}
RESULT: {"actions":[{"id":"action60","type":"key","parameters":{},"actions":[{"type":"keyDown","value":"î€‡"},{"type":"pause","duration":10},{"type":"keyUp","value":"î€‡"}]}]}
COMMAND: GET /session/e4ca631e3efb970409c1f6ae88247928/screenshot - {}
RESULT: {}
COMMAND: POST /session/e4ca631e3efb970409c1f6ae88247928/execute/async - {"script":"<script> [1562 bytes]","args":[{"selector":{"id":"application-manageresources-display-component---masterRU--smartTable-header"},"wdio_ui5_key":"applicationmanageresources-display-component---masterRU--smartTable-header"}]}
RESULT: {"script":"<script> [1562 bytes]","args":[{"selector":{"id":"application-manageresources-display-component---masterRU--smartTable-header"},"wdio_ui5_key":"applicationmanageresources-display-component---masterRU--smartTable-header"}]}
RESULT: undefined
COMMAND: POST /session/e4ca631e3efb970409c1f6ae88247928/execute/async - {"script":"<script> [6424 bytes]","args":[{"element-6066-11e4-a52e-4f735466cecf":"f.C691F06ADA7EF9549F3769A53F800D74.d.8F7EFD0CDD1F97E84366A70250179B32.e.15710"},"getText",[]]}
RESULT: {"script":"<script> [6424 bytes]","args":[{"element-6066-11e4-a52e-4f735466cecf":"f.C691F06ADA7EF9549F3769A53F800D74.d.8F7EFD0CDD1F97E84366A70250179B32.e.15710"},"getText",[]]}
COMMAND: POST /session/e4ca631e3efb970409c1f6ae88247928/execute/async - {"script":"<script> [1562 bytes]","args":[{"selector":{"controlType":"sap.ui.core.Icon","viewName":"etm.portal.ui.manageresources.view.Master","viewId":"application-manageresources-display-component---masterRU","properties":{"src":{"regex":{"source":"slim\\-arrow\\-right"}}}},"wdio_ui5_key":"etmportal.ui.manageresources.view.Mastersap.ui.core.Icon{\"src\":{\"regex\":{\"source\":\"slim\\\\-arrow\\\\-right\"}}}"}]}
RESULT: {"script":"<script> [1562 bytes]","args":[{"selector":{"controlType":"sap.ui.core.Icon","viewName":"etm.portal.ui.manageresources.view.Master","viewId":"application-manageresources-display-component---masterRU","properties":{"src":{"regex":{"source":"slim\\-arrow\\-right"}}}},"wdio_ui5_key":"etmportal.ui.manageresources.view.Mastersap.ui.core.Icon{\"src\":{\"regex\":{\"source\":\"slim\\\\-arrow\\\\-right\"}}}"}]}
RESULT: undefined
COMMAND: POST /session/e4ca631e3efb970409c1f6ae88247928/element - {"using":"xpath","value":"//*[@id=\"__item1368-__clone3693-imgNav\"]"}
RESULT: {"using":"xpath","value":"//*[@id=\"__item1368-__clone3693-imgNav\"]"}
COMMAND: POST /session/e4ca631e3efb970409c1f6ae88247928/element/f.C691F06ADA7EF9549F3769A53F800D74.d.8F7EFD0CDD1F97E84366A70250179B32.e.15709/click - {}
RESULT: {}
COMMAND: GET /session/e4ca631e3efb970409c1f6ae88247928/screenshot - {}
COMMAND: POST /session/e4ca631e3efb970409c1f6ae88247928/element - {"using":"xpath","value":"//bdi[contains(text(), \"Edit\")]"}
RESULT: {}
RESULT: {"using":"xpath","value":"//bdi[contains(text(), \"Edit\")]"}
COMMAND: POST /session/e4ca631e3efb970409c1f6ae88247928/execute/sync - {"script":"<script> [8489 bytes]","args":[{"element-6066-11e4-a52e-4f735466cecf":"f.C691F06ADA7EF9549F3769A53F800D74.d.8F7EFD0CDD1F97E84366A70250179B32.e.15816","ELEMENT":"f.C691F06ADA7EF9549F3769A53F800D74.d.8F7EFD0CDD1F97E84366A70250179B32.e.15816"}]}
RESULT: {"script":"<script> [8489 bytes]","args":[{"element-6066-11e4-a52e-4f735466cecf":"f.C691F06ADA7EF9549F3769A53F800D74.d.8F7EFD0CDD1F97E84366A70250179B32.e.15816","ELEMENT":"f.C691F06ADA7EF9549F3769A53F800D74.d.8F7EFD0CDD1F97E84366A70250179B32.e.15816"}]}
COMMAND: POST /session/e4ca631e3efb970409c1f6ae88247928/element/f.C691F06ADA7EF9549F3769A53F800D74.d.8F7EFD0CDD1F97E84366A70250179B32.e.15816/click - {}
COMMAND: GET /session/e4ca631e3efb970409c1f6ae88247928/screenshot - {}
RESULT: {}
COMMAND: GET /session/e4ca631e3efb970409c1f6ae88247928/screenshot - {}
RESULT: {}
RESULT: {}
COMMAND: POST /session/e4ca631e3efb970409c1f6ae88247928/execute/async - {"script":"<script> [1562 bytes]","args":[{"selector":{"id":"application-manageresources-display-component---editResource--editRruPage-anchBar-application-manageresources-display-component---editResource--counters-anchor","interaction":{"idSuffix":"BDI-content"}},"wdio_ui5_key":"applicationmanageresources-display-component---editResource--editRruPage-anchBar-application-manageresources-display-component---editResource--counters-anchor"}]}
RESULT: {"script":"<script> [1562 bytes]","args":[{"selector":{"id":"application-manageresources-display-component---editResource--editRruPage-anchBar-application-manageresources-display-component---editResource--counters-anchor","interaction":{"idSuffix":"BDI-content"}},"wdio_ui5_key":"applicationmanageresources-display-component---editResource--editRruPage-anchBar-application-manageresources-display-component---editResource--counters-anchor"}]}
RESULT: undefined
COMMAND: POST /session/e4ca631e3efb970409c1f6ae88247928/element - {"using":"xpath","value":"//*[@id=\"application-manageresources-display-component---editResource--editRruPage-anchBar-application-manageresources-display-component---editResource--counters-anchor\"]"}
RESULT: {"using":"xpath","value":"//*[@id=\"application-manageresources-display-component---editResource--editRruPage-anchBar-application-manageresources-display-component---editResource--counters-anchor\"]"}
COMMAND: POST /session/e4ca631e3efb970409c1f6ae88247928/element/f.C691F06ADA7EF9549F3769A53F800D74.d.8F7EFD0CDD1F97E84366A70250179B32.e.15978/click - {}
RESULT: {}
COMMAND: GET /session/e4ca631e3efb970409c1f6ae88247928/screenshot - {}
RESULT: {}
COMMAND: POST /session/e4ca631e3efb970409c1f6ae88247928/execute/async - {"script":"<script> [1562 bytes]","args":[{"selector":{"id":"application-manageresources-display-component---editResource--btnAddCounter-img"},"wdio_ui5_key":"applicationmanageresources-display-component---editResource--btnAddCounter-img"}]}
RESULT: {"script":"<script> [1562 bytes]","args":[{"selector":{"id":"application-manageresources-display-component---editResource--btnAddCounter-img"},"wdio_ui5_key":"applicationmanageresources-display-component---editResource--btnAddCounter-img"}]}
RESULT: undefined
COMMAND: POST /session/e4ca631e3efb970409c1f6ae88247928/element - {"using":"xpath","value":"//*[@id=\"application-manageresources-display-component---editResource--btnAddCounter-img\"]"}
RESULT: {"using":"xpath","value":"//*[@id=\"application-manageresources-display-component---editResource--btnAddCounter-img\"]"}
COMMAND: POST /session/e4ca631e3efb970409c1f6ae88247928/element/f.C691F06ADA7EF9549F3769A53F800D74.d.8F7EFD0CDD1F97E84366A70250179B32.e.15983/click - {}
RESULT: {}
COMMAND: POST /session/e4ca631e3efb970409c1f6ae88247928/execute/async - {"script":"<script> [1562 bytes]","args":[{"selector":{"id":"application-manageresources-display-component---editResource--COUNTER_ID-application-manageresources-display-component---editResource--RUCounters-0-arrow"},"wdio_ui5_key":"applicationmanageresources-display-component---editResource--COUNTER_ID-application-manageresources-display-component---editResource--RUCounters-0-arrow"}]}
COMMAND: GET /session/e4ca631e3efb970409c1f6ae88247928/screenshot - {}
RESULT: {"script":"<script> [1562 bytes]","args":[{"selector":{"id":"application-manageresources-display-component---editResource--COUNTER_ID-application-manageresources-display-component---editResource--RUCounters-0-arrow"},"wdio_ui5_key":"applicationmanageresources-display-component---editResource--COUNTER_ID-application-manageresources-display-component---editResource--RUCounters-0-arrow"}]}
RESULT: undefined
COMMAND: POST /session/e4ca631e3efb970409c1f6ae88247928/element - {"using":"xpath","value":"//*[@id=\"application-manageresources-display-component---editResource--COUNTER_ID-application-manageresources-display-component---editResource--RUCounters-0-arrow\"]"}
RESULT: {}
RESULT: {"using":"xpath","value":"//*[@id=\"application-manageresources-display-component---editResource--COUNTER_ID-application-manageresources-display-component---editResource--RUCounters-0-arrow\"]"}
COMMAND: POST /session/e4ca631e3efb970409c1f6ae88247928/element/f.C691F06ADA7EF9549F3769A53F800D74.d.8F7EFD0CDD1F97E84366A70250179B32.e.15998/click - {}
RESULT: {}
COMMAND: POST /session/e4ca631e3efb970409c1f6ae88247928/execute/async - {"script":"<script> [1562 bytes]","args":[{"selector":{"controlType":"sap.m.StandardListItem","viewName":"etm.portal.ui.manageresources.view.EditResource","viewId":"application-manageresources-display-component---editResource","properties":{"title":"fuel"},"searchOpenDialogs":true,"interaction":{"idSuffix":"content"}},"wdio_ui5_key":"etmportal.ui.manageresources.view.EditResourcesap.m.StandardListItem{\"title\":\"fuel\"}"}]}
COMMAND: GET /session/e4ca631e3efb970409c1f6ae88247928/screenshot - {}
RESULT: {"script":"<script> [1562 bytes]","args":[{"selector":{"controlType":"sap.m.StandardListItem","viewName":"etm.portal.ui.manageresources.view.EditResource","viewId":"application-manageresources-display-component---editResource","properties":{"title":"fuel"},"searchOpenDialogs":true,"interaction":{"idSuffix":"content"}},"wdio_ui5_key":"etmportal.ui.manageresources.view.EditResourcesap.m.StandardListItem{\"title\":\"fuel\"}"}]}
RESULT: undefined
COMMAND: POST /session/e4ca631e3efb970409c1f6ae88247928/element - {"using":"xpath","value":"//*[@id=\"__item1673\"]"}
RESULT: {}
RESULT: {"using":"xpath","value":"//*[@id=\"__item1673\"]"}
COMMAND: POST /session/e4ca631e3efb970409c1f6ae88247928/element/f.C691F06ADA7EF9549F3769A53F800D74.d.8F7EFD0CDD1F97E84366A70250179B32.e.16000/click - {}
RESULT: {}
COMMAND: POST /session/e4ca631e3efb970409c1f6ae88247928/execute/async - {"script":"<script> [1562 bytes]","args":[{"selector":{"controlType":"sap.m.Button","viewName":"etm.portal.ui.manageresources.view.EditResource","viewId":"application-manageresources-display-component---editResource","i18NText":{"propertyName":"text","key":"save"},"interaction":{"idSuffix":"BDI-content"}},"wdio_ui5_key":"etmportal.ui.manageresources.view.EditResourcesap.m.Button{\"propertyName\":\"text\",\"key\":\"save\"}"}]}
COMMAND: GET /session/e4ca631e3efb970409c1f6ae88247928/screenshot - {}
RESULT: {"script":"<script> [1562 bytes]","args":[{"selector":{"controlType":"sap.m.Button","viewName":"etm.portal.ui.manageresources.view.EditResource","viewId":"application-manageresources-display-component---editResource","i18NText":{"propertyName":"text","key":"save"},"interaction":{"idSuffix":"BDI-content"}},"wdio_ui5_key":"etmportal.ui.manageresources.view.EditResourcesap.m.Button{\"propertyName\":\"text\",\"key\":\"save\"}"}]}
RESULT: undefined
COMMAND: POST /session/e4ca631e3efb970409c1f6ae88247928/element - {"using":"xpath","value":"//*[@id=\"__button181\"]"}
RESULT: {}
RESULT: {"using":"xpath","value":"//*[@id=\"__button181\"]"}
COMMAND: POST /session/e4ca631e3efb970409c1f6ae88247928/element/f.C691F06ADA7EF9549F3769A53F800D74.d.8F7EFD0CDD1F97E84366A70250179B32.e.16002/click - {}
RESULT: {}
COMMAND: GET /session/e4ca631e3efb970409c1f6ae88247928/screenshot - {}
RESULT: {}
COMMAND: POST /session/e4ca631e3efb970409c1f6ae88247928/element - {"using":"css selector","value":"#shell-header-logo"}
RESULT: {"using":"css selector","value":"#shell-header-logo"}
COMMAND: POST /session/e4ca631e3efb970409c1f6ae88247928/element/f.C691F06ADA7EF9549F3769A53F800D74.d.8F7EFD0CDD1F97E84366A70250179B32.e.15515/click - {}
RESULT: {}
COMMAND: GET /session/e4ca631e3efb970409c1f6ae88247928/screenshot - {}
RESULT: {}
]]></system-out>
    </testcase>
    <testcase classname="chrome.135_0_7049_115.windows.Performance_based_billing_(work_days)_US139742" name="Should do a stock increase on the yard for the equipment" time="81.053">
      <system-out><![CDATA[
COMMAND: POST /session/e4ca631e3efb970409c1f6ae88247928/execute/async - {"script":"<script> [1562 bytes]","args":[{"selector":{"controlType":"sap.m.Text","viewName":"etm.portal.ui.managehandoverstile.view.Master","properties":{"text":"Manage Handovers"},"interaction":{"idSuffix":"inner"}},"wdio_ui5_key":"etmportal.ui.managehandoverstile.view.Mastersap.m.Text{\"text\":\"Manage Handovers\"}"}]}
RESULT: {"script":"<script> [1562 bytes]","args":[{"selector":{"controlType":"sap.m.Text","viewName":"etm.portal.ui.managehandoverstile.view.Master","properties":{"text":"Manage Handovers"},"interaction":{"idSuffix":"inner"}},"wdio_ui5_key":"etmportal.ui.managehandoverstile.view.Mastersap.m.Text{\"text\":\"Manage Handovers\"}"}]}
RESULT: undefined
COMMAND: POST /session/e4ca631e3efb970409c1f6ae88247928/element - {"using":"xpath","value":"//*[@id=\"__tile131-title\"]"}
RESULT: {"using":"xpath","value":"//*[@id=\"__tile131-title\"]"}
COMMAND: POST /session/e4ca631e3efb970409c1f6ae88247928/element/f.C691F06ADA7EF9549F3769A53F800D74.d.8F7EFD0CDD1F97E84366A70250179B32.e.16012/click - {}
RESULT: {}
COMMAND: POST /session/e4ca631e3efb970409c1f6ae88247928/element - {"using":"xpath","value":"//button[@data-kt=\"masterHOAddButton\"]"}
COMMAND: GET /session/e4ca631e3efb970409c1f6ae88247928/screenshot - {}
RESULT: {"using":"xpath","value":"//button[@data-kt=\"masterHOAddButton\"]"}
COMMAND: POST /session/e4ca631e3efb970409c1f6ae88247928/elements - {"using":"xpath","value":"//button[@data-kt=\"masterHOAddButton\"]"}
RESULT: {}
RESULT: {"using":"xpath","value":"//button[@data-kt=\"masterHOAddButton\"]"}
COMMAND: POST /session/e4ca631e3efb970409c1f6ae88247928/elements - {"using":"xpath","value":"//button[@data-kt=\"masterHOAddButton\"]"}
RESULT: {"using":"xpath","value":"//button[@data-kt=\"masterHOAddButton\"]"}
COMMAND: POST /session/e4ca631e3efb970409c1f6ae88247928/elements - {"using":"xpath","value":"//button[@data-kt=\"masterHOAddButton\"]"}
RESULT: {"using":"xpath","value":"//button[@data-kt=\"masterHOAddButton\"]"}
COMMAND: POST /session/e4ca631e3efb970409c1f6ae88247928/elements - {"using":"xpath","value":"//button[@data-kt=\"masterHOAddButton\"]"}
RESULT: {"using":"xpath","value":"//button[@data-kt=\"masterHOAddButton\"]"}
COMMAND: POST /session/e4ca631e3efb970409c1f6ae88247928/elements - {"using":"xpath","value":"//button[@data-kt=\"masterHOAddButton\"]"}
RESULT: {"using":"xpath","value":"//button[@data-kt=\"masterHOAddButton\"]"}
COMMAND: POST /session/e4ca631e3efb970409c1f6ae88247928/elements - {"using":"xpath","value":"//button[@data-kt=\"masterHOAddButton\"]"}
RESULT: {"using":"xpath","value":"//button[@data-kt=\"masterHOAddButton\"]"}
COMMAND: POST /session/e4ca631e3efb970409c1f6ae88247928/elements - {"using":"xpath","value":"//button[@data-kt=\"masterHOAddButton\"]"}
RESULT: {"using":"xpath","value":"//button[@data-kt=\"masterHOAddButton\"]"}
COMMAND: POST /session/e4ca631e3efb970409c1f6ae88247928/elements - {"using":"xpath","value":"//button[@data-kt=\"masterHOAddButton\"]"}
RESULT: {"using":"xpath","value":"//button[@data-kt=\"masterHOAddButton\"]"}
COMMAND: POST /session/e4ca631e3efb970409c1f6ae88247928/elements - {"using":"xpath","value":"//button[@data-kt=\"masterHOAddButton\"]"}
RESULT: {"using":"xpath","value":"//button[@data-kt=\"masterHOAddButton\"]"}
COMMAND: POST /session/e4ca631e3efb970409c1f6ae88247928/elements - {"using":"xpath","value":"//button[@data-kt=\"masterHOAddButton\"]"}
RESULT: {"using":"xpath","value":"//button[@data-kt=\"masterHOAddButton\"]"}
COMMAND: POST /session/e4ca631e3efb970409c1f6ae88247928/elements - {"using":"xpath","value":"//button[@data-kt=\"masterHOAddButton\"]"}
RESULT: {"using":"xpath","value":"//button[@data-kt=\"masterHOAddButton\"]"}
COMMAND: POST /session/e4ca631e3efb970409c1f6ae88247928/elements - {"using":"xpath","value":"//button[@data-kt=\"masterHOAddButton\"]"}
RESULT: {"using":"xpath","value":"//button[@data-kt=\"masterHOAddButton\"]"}
COMMAND: POST /session/e4ca631e3efb970409c1f6ae88247928/elements - {"using":"xpath","value":"//button[@data-kt=\"masterHOAddButton\"]"}
RESULT: {"using":"xpath","value":"//button[@data-kt=\"masterHOAddButton\"]"}
COMMAND: POST /session/e4ca631e3efb970409c1f6ae88247928/elements - {"using":"xpath","value":"//button[@data-kt=\"masterHOAddButton\"]"}
RESULT: {"using":"xpath","value":"//button[@data-kt=\"masterHOAddButton\"]"}
COMMAND: POST /session/e4ca631e3efb970409c1f6ae88247928/elements - {"using":"xpath","value":"//button[@data-kt=\"masterHOAddButton\"]"}
RESULT: {"using":"xpath","value":"//button[@data-kt=\"masterHOAddButton\"]"}
COMMAND: POST /session/e4ca631e3efb970409c1f6ae88247928/elements - {"using":"xpath","value":"//button[@data-kt=\"masterHOAddButton\"]"}
RESULT: {"using":"xpath","value":"//button[@data-kt=\"masterHOAddButton\"]"}
COMMAND: POST /session/e4ca631e3efb970409c1f6ae88247928/elements - {"using":"xpath","value":"//button[@data-kt=\"masterHOAddButton\"]"}
RESULT: {"using":"xpath","value":"//button[@data-kt=\"masterHOAddButton\"]"}
COMMAND: POST /session/e4ca631e3efb970409c1f6ae88247928/elements - {"using":"xpath","value":"//button[@data-kt=\"masterHOAddButton\"]"}
RESULT: {"using":"xpath","value":"//button[@data-kt=\"masterHOAddButton\"]"}
COMMAND: POST /session/e4ca631e3efb970409c1f6ae88247928/elements - {"using":"xpath","value":"//button[@data-kt=\"masterHOAddButton\"]"}
RESULT: {"using":"xpath","value":"//button[@data-kt=\"masterHOAddButton\"]"}
COMMAND: POST /session/e4ca631e3efb970409c1f6ae88247928/element - {"using":"xpath","value":"//button[@data-kt=\"masterHOAddButton\"]"}
RESULT: {"using":"xpath","value":"//button[@data-kt=\"masterHOAddButton\"]"}
COMMAND: POST /session/e4ca631e3efb970409c1f6ae88247928/execute/sync - {"script":"<script> [8489 bytes]","args":[{"element-6066-11e4-a52e-4f735466cecf":"f.C691F06ADA7EF9549F3769A53F800D74.d.8F7EFD0CDD1F97E84366A70250179B32.e.16047","ELEMENT":"f.C691F06ADA7EF9549F3769A53F800D74.d.8F7EFD0CDD1F97E84366A70250179B32.e.16047"}]}
RESULT: {"script":"<script> [8489 bytes]","args":[{"element-6066-11e4-a52e-4f735466cecf":"f.C691F06ADA7EF9549F3769A53F800D74.d.8F7EFD0CDD1F97E84366A70250179B32.e.16047","ELEMENT":"f.C691F06ADA7EF9549F3769A53F800D74.d.8F7EFD0CDD1F97E84366A70250179B32.e.16047"}]}
COMMAND: GET /session/e4ca631e3efb970409c1f6ae88247928/element/f.C691F06ADA7EF9549F3769A53F800D74.d.8F7EFD0CDD1F97E84366A70250179B32.e.16047/enabled - {}
COMMAND: GET /session/e4ca631e3efb970409c1f6ae88247928/screenshot - {}
RESULT: {}
COMMAND: POST /session/e4ca631e3efb970409c1f6ae88247928/execute/sync - {"script":"<script> [8489 bytes]","args":[{"element-6066-11e4-a52e-4f735466cecf":"f.C691F06ADA7EF9549F3769A53F800D74.d.8F7EFD0CDD1F97E84366A70250179B32.e.16047","ELEMENT":"f.C691F06ADA7EF9549F3769A53F800D74.d.8F7EFD0CDD1F97E84366A70250179B32.e.16047"}]}
COMMAND: GET /session/e4ca631e3efb970409c1f6ae88247928/screenshot - {}
RESULT: {}
RESULT: {"script":"<script> [8489 bytes]","args":[{"element-6066-11e4-a52e-4f735466cecf":"f.C691F06ADA7EF9549F3769A53F800D74.d.8F7EFD0CDD1F97E84366A70250179B32.e.16047","ELEMENT":"f.C691F06ADA7EF9549F3769A53F800D74.d.8F7EFD0CDD1F97E84366A70250179B32.e.16047"}]}
COMMAND: POST /session/e4ca631e3efb970409c1f6ae88247928/execute/sync - {"script":"<script> [5351 bytes]","args":[{"element-6066-11e4-a52e-4f735466cecf":"f.C691F06ADA7EF9549F3769A53F800D74.d.8F7EFD0CDD1F97E84366A70250179B32.e.16047","ELEMENT":"f.C691F06ADA7EF9549F3769A53F800D74.d.8F7EFD0CDD1F97E84366A70250179B32.e.16047"}]}
COMMAND: GET /session/e4ca631e3efb970409c1f6ae88247928/screenshot - {}
RESULT: {}
RESULT: {"script":"<script> [5351 bytes]","args":[{"element-6066-11e4-a52e-4f735466cecf":"f.C691F06ADA7EF9549F3769A53F800D74.d.8F7EFD0CDD1F97E84366A70250179B32.e.16047","ELEMENT":"f.C691F06ADA7EF9549F3769A53F800D74.d.8F7EFD0CDD1F97E84366A70250179B32.e.16047"}]}
COMMAND: POST /session/e4ca631e3efb970409c1f6ae88247928/element/f.C691F06ADA7EF9549F3769A53F800D74.d.8F7EFD0CDD1F97E84366A70250179B32.e.16047/click - {}
COMMAND: GET /session/e4ca631e3efb970409c1f6ae88247928/screenshot - {}
RESULT: {}
RESULT: {}
COMMAND: GET /session/e4ca631e3efb970409c1f6ae88247928/screenshot - {}
RESULT: {}
RESULT: {}
COMMAND: POST /session/e4ca631e3efb970409c1f6ae88247928/element - {"using":"xpath","value":"//span[contains(@id ,\"AddNewHO--typeSelect-arrow\")]"}
RESULT: {"using":"xpath","value":"//span[contains(@id ,\"AddNewHO--typeSelect-arrow\")]"}
COMMAND: POST /session/e4ca631e3efb970409c1f6ae88247928/element/f.C691F06ADA7EF9549F3769A53F800D74.d.8F7EFD0CDD1F97E84366A70250179B32.e.16386/click - {}
RESULT: {}
COMMAND: GET /session/e4ca631e3efb970409c1f6ae88247928/screenshot - {}
RESULT: {}
COMMAND: POST /session/e4ca631e3efb970409c1f6ae88247928/element - {"using":"xpath","value":"(//li[contains(text(), \"stock increase yard\")])[1]"}
RESULT: {"using":"xpath","value":"(//li[contains(text(), \"stock increase yard\")])[1]"}
COMMAND: POST /session/e4ca631e3efb970409c1f6ae88247928/element/f.C691F06ADA7EF9549F3769A53F800D74.d.8F7EFD0CDD1F97E84366A70250179B32.e.16387/click - {}
RESULT: {}
COMMAND: GET /session/e4ca631e3efb970409c1f6ae88247928/screenshot - {}
RESULT: {}
COMMAND: POST /session/e4ca631e3efb970409c1f6ae88247928/execute/async - {"script":"<script> [1562 bytes]","args":[{"selector":{"id":"application-managehandovers-display-component---AddNewHO--dueDate","interaction":{"idSuffix":"inner"}},"wdio_ui5_key":"applicationmanagehandovers-display-component---AddNewHO--dueDate"}]}
RESULT: {"script":"<script> [1562 bytes]","args":[{"selector":{"id":"application-managehandovers-display-component---AddNewHO--dueDate","interaction":{"idSuffix":"inner"}},"wdio_ui5_key":"applicationmanagehandovers-display-component---AddNewHO--dueDate"}]}
RESULT: undefined
COMMAND: POST /session/e4ca631e3efb970409c1f6ae88247928/execute/async - {"script":"<script> [6424 bytes]","args":[{"element-6066-11e4-a52e-4f735466cecf":"f.C691F06ADA7EF9549F3769A53F800D74.d.8F7EFD0CDD1F97E84366A70250179B32.e.16389"},"setValue",["05/07/2025"]]}
RESULT: {"script":"<script> [6424 bytes]","args":[{"element-6066-11e4-a52e-4f735466cecf":"f.C691F06ADA7EF9549F3769A53F800D74.d.8F7EFD0CDD1F97E84366A70250179B32.e.16389"},"setValue",["05/07/2025"]]}
COMMAND: POST /session/e4ca631e3efb970409c1f6ae88247928/element - {"using":"xpath","value":"//input[@id=\"generalSectionFrg--receiveYard-inner\"]"}
RESULT: {"using":"xpath","value":"//input[@id=\"generalSectionFrg--receiveYard-inner\"]"}
COMMAND: POST /session/e4ca631e3efb970409c1f6ae88247928/element/f.C691F06ADA7EF9549F3769A53F800D74.d.8F7EFD0CDD1F97E84366A70250179B32.e.16395/clear - {}
RESULT: {}
COMMAND: POST /session/e4ca631e3efb970409c1f6ae88247928/element/f.C691F06ADA7EF9549F3769A53F800D74.d.8F7EFD0CDD1F97E84366A70250179B32.e.16395/value - {"text":"669"}
COMMAND: GET /session/e4ca631e3efb970409c1f6ae88247928/screenshot - {}
RESULT: {"text":"669"}
COMMAND: GET /session/e4ca631e3efb970409c1f6ae88247928/screenshot - {}
RESULT: {}
RESULT: {}
COMMAND: POST /session/e4ca631e3efb970409c1f6ae88247928/element - {"using":"xpath","value":"//li[.//span[text()='669']]"}
RESULT: {"using":"xpath","value":"//li[.//span[text()='669']]"}
COMMAND: POST /session/e4ca631e3efb970409c1f6ae88247928/element/f.C691F06ADA7EF9549F3769A53F800D74.d.8F7EFD0CDD1F97E84366A70250179B32.e.16413/click - {}
RESULT: {}
COMMAND: GET /session/e4ca631e3efb970409c1f6ae88247928/screenshot - {}
RESULT: {}
COMMAND: POST /session/e4ca631e3efb970409c1f6ae88247928/execute/async - {"script":"<script> [1562 bytes]","args":[{"selector":{"id":"application-managehandovers-display-component---AddNewHO--ObjectPageLayout-anchBar-application-managehandovers-display-component---AddNewHO--section4-anchor","interaction":{"idSuffix":"BDI-content"}},"wdio_ui5_key":"applicationmanagehandovers-display-component---AddNewHO--ObjectPageLayout-anchBar-application-managehandovers-display-component---AddNewHO--section4-anchor"}]}
RESULT: {"script":"<script> [1562 bytes]","args":[{"selector":{"id":"application-managehandovers-display-component---AddNewHO--ObjectPageLayout-anchBar-application-managehandovers-display-component---AddNewHO--section4-anchor","interaction":{"idSuffix":"BDI-content"}},"wdio_ui5_key":"applicationmanagehandovers-display-component---AddNewHO--ObjectPageLayout-anchBar-application-managehandovers-display-component---AddNewHO--section4-anchor"}]}
RESULT: undefined
COMMAND: POST /session/e4ca631e3efb970409c1f6ae88247928/element - {"using":"xpath","value":"//*[@id=\"application-managehandovers-display-component---AddNewHO--ObjectPageLayout-anchBar-application-managehandovers-display-component---AddNewHO--section4-anchor\"]"}
RESULT: {"using":"xpath","value":"//*[@id=\"application-managehandovers-display-component---AddNewHO--ObjectPageLayout-anchBar-application-managehandovers-display-component---AddNewHO--section4-anchor\"]"}
COMMAND: POST /session/e4ca631e3efb970409c1f6ae88247928/element/f.C691F06ADA7EF9549F3769A53F800D74.d.8F7EFD0CDD1F97E84366A70250179B32.e.16415/click - {}
RESULT: {}
COMMAND: POST /session/e4ca631e3efb970409c1f6ae88247928/element - {"using":"xpath","value":"//button[@aria-label=\"Add\"]"}
COMMAND: GET /session/e4ca631e3efb970409c1f6ae88247928/screenshot - {}
RESULT: {"using":"xpath","value":"//button[@aria-label=\"Add\"]"}
COMMAND: POST /session/e4ca631e3efb970409c1f6ae88247928/element/f.C691F06ADA7EF9549F3769A53F800D74.d.8F7EFD0CDD1F97E84366A70250179B32.e.16417/click - {}
RESULT: {}
RESULT: {}
COMMAND: GET /session/e4ca631e3efb970409c1f6ae88247928/screenshot - {}
RESULT: {}
COMMAND: POST /session/e4ca631e3efb970409c1f6ae88247928/execute/async - {"script":"<script> [1562 bytes]","args":[{"selector":{"id":"application-managehandovers-display-component---AddNewHO--smartFilterBar-btnBasicSearch","searchOpenDialogs":true,"interaction":{"idSuffix":"I"}},"wdio_ui5_key":"applicationmanagehandovers-display-component---AddNewHO--smartFilterBar-btnBasicSearch"}]}
RESULT: {"script":"<script> [1562 bytes]","args":[{"selector":{"id":"application-managehandovers-display-component---AddNewHO--smartFilterBar-btnBasicSearch","searchOpenDialogs":true,"interaction":{"idSuffix":"I"}},"wdio_ui5_key":"applicationmanagehandovers-display-component---AddNewHO--smartFilterBar-btnBasicSearch"}]}
RESULT: undefined
COMMAND: POST /session/e4ca631e3efb970409c1f6ae88247928/execute/async - {"script":"<script> [776 bytes]","args":[{"enterText":"xv1jS8yWkL","selector":{"id":"application-managehandovers-display-component---AddNewHO--smartFilterBar-btnBasicSearch","searchOpenDialogs":true,"interaction":{"idSuffix":"I"}},"clearTextFirst":true,"interactionType":"ENTER_TEXT"}]}
RESULT: {"script":"<script> [776 bytes]","args":[{"enterText":"xv1jS8yWkL","selector":{"id":"application-managehandovers-display-component---AddNewHO--smartFilterBar-btnBasicSearch","searchOpenDialogs":true,"interaction":{"idSuffix":"I"}},"clearTextFirst":true,"interactionType":"ENTER_TEXT"}]}
COMMAND: POST /session/e4ca631e3efb970409c1f6ae88247928/actions - {"actions":[{"id":"action61","type":"key","parameters":{},"actions":[{"type":"keyDown","value":"î€‡"},{"type":"pause","duration":10},{"type":"keyUp","value":"î€‡"}]}]}
RESULT: {"actions":[{"id":"action61","type":"key","parameters":{},"actions":[{"type":"keyDown","value":"î€‡"},{"type":"pause","duration":10},{"type":"keyUp","value":"î€‡"}]}]}
COMMAND: GET /session/e4ca631e3efb970409c1f6ae88247928/screenshot - {}
RESULT: {}
COMMAND: POST /session/e4ca631e3efb970409c1f6ae88247928/execute/async - {"script":"<script> [1562 bytes]","args":[{"selector":{"id":"application-managehandovers-display-component---AddNewHO--popup-sa","searchOpenDialogs":true,"interaction":{"idSuffix":"CbBg"}},"wdio_ui5_key":"applicationmanagehandovers-display-component---AddNewHO--popup-sa"}]}
RESULT: {"script":"<script> [1562 bytes]","args":[{"selector":{"id":"application-managehandovers-display-component---AddNewHO--popup-sa","searchOpenDialogs":true,"interaction":{"idSuffix":"CbBg"}},"wdio_ui5_key":"applicationmanagehandovers-display-component---AddNewHO--popup-sa"}]}
RESULT: undefined
COMMAND: POST /session/e4ca631e3efb970409c1f6ae88247928/element - {"using":"xpath","value":"//*[@id=\"application-managehandovers-display-component---AddNewHO--popup-sa\"]"}
RESULT: {"using":"xpath","value":"//*[@id=\"application-managehandovers-display-component---AddNewHO--popup-sa\"]"}
COMMAND: POST /session/e4ca631e3efb970409c1f6ae88247928/element/f.C691F06ADA7EF9549F3769A53F800D74.d.8F7EFD0CDD1F97E84366A70250179B32.e.16572/click - {}
RESULT: {}
COMMAND: GET /session/e4ca631e3efb970409c1f6ae88247928/screenshot - {}
RESULT: {}
COMMAND: POST /session/e4ca631e3efb970409c1f6ae88247928/element - {"using":"xpath","value":"//bdi[contains(text(), \"Select\")]"}
RESULT: {"using":"xpath","value":"//bdi[contains(text(), \"Select\")]"}
COMMAND: POST /session/e4ca631e3efb970409c1f6ae88247928/element/f.C691F06ADA7EF9549F3769A53F800D74.d.8F7EFD0CDD1F97E84366A70250179B32.e.16573/click - {}
RESULT: {}
COMMAND: GET /session/e4ca631e3efb970409c1f6ae88247928/screenshot - {}
RESULT: {}
COMMAND: POST /session/e4ca631e3efb970409c1f6ae88247928/element - {"using":"xpath","value":"//button[@data-kt=\"AddNewHOSaveButton\"]"}
RESULT: {"using":"xpath","value":"//button[@data-kt=\"AddNewHOSaveButton\"]"}
COMMAND: POST /session/e4ca631e3efb970409c1f6ae88247928/element/f.C691F06ADA7EF9549F3769A53F800D74.d.8F7EFD0CDD1F97E84366A70250179B32.e.16577/click - {}
RESULT: {}
COMMAND: GET /session/e4ca631e3efb970409c1f6ae88247928/screenshot - {}
COMMAND: POST /session/e4ca631e3efb970409c1f6ae88247928/execute/async - {"script":"<script> [1562 bytes]","args":[{"selector":{"id":"receiptDatePicker","viewName":"etm.portal.ui.managehandovers.view.DetailExecuteHO","interaction":{"idSuffix":"inner"}},"wdio_ui5_key":"receiptDatePickeretmportal.ui.managehandovers.view.DetailExecuteHO"}]}
RESULT: {}
RESULT: {"script":"<script> [1562 bytes]","args":[{"selector":{"id":"receiptDatePicker","viewName":"etm.portal.ui.managehandovers.view.DetailExecuteHO","interaction":{"idSuffix":"inner"}},"wdio_ui5_key":"receiptDatePickeretmportal.ui.managehandovers.view.DetailExecuteHO"}]}
RESULT: undefined
COMMAND: POST /session/e4ca631e3efb970409c1f6ae88247928/execute/async - {"script":"<script> [6424 bytes]","args":[{"element-6066-11e4-a52e-4f735466cecf":"f.C691F06ADA7EF9549F3769A53F800D74.d.8F7EFD0CDD1F97E84366A70250179B32.e.16606"},"setValue",["05/07/2025"]]}
RESULT: {"script":"<script> [6424 bytes]","args":[{"element-6066-11e4-a52e-4f735466cecf":"f.C691F06ADA7EF9549F3769A53F800D74.d.8F7EFD0CDD1F97E84366A70250179B32.e.16606"},"setValue",["05/07/2025"]]}
COMMAND: POST /session/e4ca631e3efb970409c1f6ae88247928/element - {"using":"xpath","value":"//button[@data-kt=\"PickingTableConfirmAllButton\"]"}
RESULT: {"using":"xpath","value":"//button[@data-kt=\"PickingTableConfirmAllButton\"]"}
COMMAND: POST /session/e4ca631e3efb970409c1f6ae88247928/element/f.C691F06ADA7EF9549F3769A53F800D74.d.8F7EFD0CDD1F97E84366A70250179B32.e.16621/click - {}
RESULT: {}
COMMAND: GET /session/e4ca631e3efb970409c1f6ae88247928/screenshot - {}
RESULT: {}
COMMAND: POST /session/e4ca631e3efb970409c1f6ae88247928/element - {"using":"xpath","value":"//bdi[contains(text(), \"OK\")]"}
RESULT: {"using":"xpath","value":"//bdi[contains(text(), \"OK\")]"}
COMMAND: POST /session/e4ca631e3efb970409c1f6ae88247928/element/f.C691F06ADA7EF9549F3769A53F800D74.d.8F7EFD0CDD1F97E84366A70250179B32.e.16623/click - {}
RESULT: {}
COMMAND: GET /session/e4ca631e3efb970409c1f6ae88247928/screenshot - {}
RESULT: {}
COMMAND: POST /session/e4ca631e3efb970409c1f6ae88247928/element - {"using":"xpath","value":"(//bdi[contains(text(), \"Receive\")])[2]"}
RESULT: {"using":"xpath","value":"(//bdi[contains(text(), \"Receive\")])[2]"}
COMMAND: POST /session/e4ca631e3efb970409c1f6ae88247928/element/f.C691F06ADA7EF9549F3769A53F800D74.d.8F7EFD0CDD1F97E84366A70250179B32.e.16625/click - {}
RESULT: {}
COMMAND: GET /session/e4ca631e3efb970409c1f6ae88247928/screenshot - {}
RESULT: {}
COMMAND: POST /session/e4ca631e3efb970409c1f6ae88247928/element - {"using":"css selector","value":"#shell-header-logo"}
RESULT: {"using":"css selector","value":"#shell-header-logo"}
COMMAND: POST /session/e4ca631e3efb970409c1f6ae88247928/element/f.C691F06ADA7EF9549F3769A53F800D74.d.8F7EFD0CDD1F97E84366A70250179B32.e.16014/click - {}
RESULT: {}
COMMAND: GET /session/e4ca631e3efb970409c1f6ae88247928/screenshot - {}
RESULT: {}
]]></system-out>
    </testcase>
    <testcase classname="chrome.135_0_7049_115.windows.Performance_based_billing_(work_days)_US139742" name="Should create a new contract" time="58.484">
      <system-out><![CDATA[
COMMAND: POST /session/e4ca631e3efb970409c1f6ae88247928/execute/async - {"script":"<script> [1562 bytes]","args":[{"selector":{"controlType":"sap.m.Text","viewName":"etm.portal.ui.managecontractstile.view.Master","properties":{"text":"Manage Contracts"},"interaction":{"idSuffix":"inner"}},"wdio_ui5_key":"etmportal.ui.managecontractstile.view.Mastersap.m.Text{\"text\":\"Manage Contracts\"}"}]}
RESULT: {"script":"<script> [1562 bytes]","args":[{"selector":{"controlType":"sap.m.Text","viewName":"etm.portal.ui.managecontractstile.view.Master","properties":{"text":"Manage Contracts"},"interaction":{"idSuffix":"inner"}},"wdio_ui5_key":"etmportal.ui.managecontractstile.view.Mastersap.m.Text{\"text\":\"Manage Contracts\"}"}]}
RESULT: undefined
COMMAND: POST /session/e4ca631e3efb970409c1f6ae88247928/element - {"using":"xpath","value":"//*[@id=\"__tile130-title\"]"}
RESULT: {"using":"xpath","value":"//*[@id=\"__tile130-title\"]"}
COMMAND: POST /session/e4ca631e3efb970409c1f6ae88247928/element/f.C691F06ADA7EF9549F3769A53F800D74.d.8F7EFD0CDD1F97E84366A70250179B32.e.16902/click - {}
RESULT: {}
COMMAND: GET /session/e4ca631e3efb970409c1f6ae88247928/screenshot - {}
COMMAND: POST /session/e4ca631e3efb970409c1f6ae88247928/element - {"using":"xpath","value":"//button[@data-kt=\"addButton\"]"}
RESULT: {}
RESULT: {"using":"xpath","value":"//button[@data-kt=\"addButton\"]"}
COMMAND: POST /session/e4ca631e3efb970409c1f6ae88247928/elements - {"using":"xpath","value":"//button[@data-kt=\"addButton\"]"}
RESULT: {"using":"xpath","value":"//button[@data-kt=\"addButton\"]"}
COMMAND: POST /session/e4ca631e3efb970409c1f6ae88247928/execute/sync - {"script":"<script> [8489 bytes]","args":[{"element-6066-11e4-a52e-4f735466cecf":"f.C691F06ADA7EF9549F3769A53F800D74.d.8F7EFD0CDD1F97E84366A70250179B32.e.16973","ELEMENT":"f.C691F06ADA7EF9549F3769A53F800D74.d.8F7EFD0CDD1F97E84366A70250179B32.e.16973"}]}
RESULT: {"script":"<script> [8489 bytes]","args":[{"element-6066-11e4-a52e-4f735466cecf":"f.C691F06ADA7EF9549F3769A53F800D74.d.8F7EFD0CDD1F97E84366A70250179B32.e.16973","ELEMENT":"f.C691F06ADA7EF9549F3769A53F800D74.d.8F7EFD0CDD1F97E84366A70250179B32.e.16973"}]}
COMMAND: GET /session/e4ca631e3efb970409c1f6ae88247928/element/f.C691F06ADA7EF9549F3769A53F800D74.d.8F7EFD0CDD1F97E84366A70250179B32.e.16973/enabled - {}
COMMAND: GET /session/e4ca631e3efb970409c1f6ae88247928/screenshot - {}
RESULT: {}
COMMAND: POST /session/e4ca631e3efb970409c1f6ae88247928/execute/sync - {"script":"<script> [8489 bytes]","args":[{"element-6066-11e4-a52e-4f735466cecf":"f.C691F06ADA7EF9549F3769A53F800D74.d.8F7EFD0CDD1F97E84366A70250179B32.e.16973","ELEMENT":"f.C691F06ADA7EF9549F3769A53F800D74.d.8F7EFD0CDD1F97E84366A70250179B32.e.16973"}]}
COMMAND: GET /session/e4ca631e3efb970409c1f6ae88247928/screenshot - {}
RESULT: {}
RESULT: {"script":"<script> [8489 bytes]","args":[{"element-6066-11e4-a52e-4f735466cecf":"f.C691F06ADA7EF9549F3769A53F800D74.d.8F7EFD0CDD1F97E84366A70250179B32.e.16973","ELEMENT":"f.C691F06ADA7EF9549F3769A53F800D74.d.8F7EFD0CDD1F97E84366A70250179B32.e.16973"}]}
COMMAND: POST /session/e4ca631e3efb970409c1f6ae88247928/execute/sync - {"script":"<script> [5351 bytes]","args":[{"element-6066-11e4-a52e-4f735466cecf":"f.C691F06ADA7EF9549F3769A53F800D74.d.8F7EFD0CDD1F97E84366A70250179B32.e.16973","ELEMENT":"f.C691F06ADA7EF9549F3769A53F800D74.d.8F7EFD0CDD1F97E84366A70250179B32.e.16973"}]}
COMMAND: GET /session/e4ca631e3efb970409c1f6ae88247928/screenshot - {}
RESULT: {}
RESULT: {"script":"<script> [5351 bytes]","args":[{"element-6066-11e4-a52e-4f735466cecf":"f.C691F06ADA7EF9549F3769A53F800D74.d.8F7EFD0CDD1F97E84366A70250179B32.e.16973","ELEMENT":"f.C691F06ADA7EF9549F3769A53F800D74.d.8F7EFD0CDD1F97E84366A70250179B32.e.16973"}]}
COMMAND: GET /session/e4ca631e3efb970409c1f6ae88247928/screenshot - {}
RESULT: {}
RESULT: {}
COMMAND: POST /session/e4ca631e3efb970409c1f6ae88247928/element/f.C691F06ADA7EF9549F3769A53F800D74.d.8F7EFD0CDD1F97E84366A70250179B32.e.16973/click - {}
RESULT: {}
COMMAND: GET /session/e4ca631e3efb970409c1f6ae88247928/screenshot - {}
COMMAND: POST /session/e4ca631e3efb970409c1f6ae88247928/execute/async - {"script":"<script> [1562 bytes]","args":[{"selector":{"id":"application-managecontracts-display-component---AddNewContract--projectDescription","interaction":{"idSuffix":"inner"}},"wdio_ui5_key":"applicationmanagecontracts-display-component---AddNewContract--projectDescription"}]}
RESULT: {}
RESULT: {"script":"<script> [1562 bytes]","args":[{"selector":{"id":"application-managecontracts-display-component---AddNewContract--projectDescription","interaction":{"idSuffix":"inner"}},"wdio_ui5_key":"applicationmanagecontracts-display-component---AddNewContract--projectDescription"}]}
RESULT: undefined
COMMAND: POST /session/e4ca631e3efb970409c1f6ae88247928/execute/async - {"script":"<script> [776 bytes]","args":[{"enterText":"Performance Contract WDIO","selector":{"id":"application-managecontracts-display-component---AddNewContract--projectDescription","interaction":{"idSuffix":"inner"}},"clearTextFirst":true,"interactionType":"ENTER_TEXT"}]}
RESULT: {"script":"<script> [776 bytes]","args":[{"enterText":"Performance Contract WDIO","selector":{"id":"application-managecontracts-display-component---AddNewContract--projectDescription","interaction":{"idSuffix":"inner"}},"clearTextFirst":true,"interactionType":"ENTER_TEXT"}]}
COMMAND: POST /session/e4ca631e3efb970409c1f6ae88247928/element - {"using":"xpath","value":"//input[@id=\"application-managecontracts-display-component---AddNewContract--site-inner\"]"}
RESULT: {"using":"xpath","value":"//input[@id=\"application-managecontracts-display-component---AddNewContract--site-inner\"]"}
COMMAND: POST /session/e4ca631e3efb970409c1f6ae88247928/element/f.C691F06ADA7EF9549F3769A53F800D74.d.8F7EFD0CDD1F97E84366A70250179B32.e.17267/clear - {}
RESULT: {}
COMMAND: POST /session/e4ca631e3efb970409c1f6ae88247928/element/f.C691F06ADA7EF9549F3769A53F800D74.d.8F7EFD0CDD1F97E84366A70250179B32.e.17267/value - {"text":"2498"}
COMMAND: GET /session/e4ca631e3efb970409c1f6ae88247928/screenshot - {}
RESULT: {"text":"2498"}
COMMAND: GET /session/e4ca631e3efb970409c1f6ae88247928/screenshot - {}
RESULT: {}
RESULT: {}
COMMAND: POST /session/e4ca631e3efb970409c1f6ae88247928/element - {"using":"xpath","value":"//li[.//span[text()='2498']]"}
RESULT: {"using":"xpath","value":"//li[.//span[text()='2498']]"}
COMMAND: POST /session/e4ca631e3efb970409c1f6ae88247928/element/f.C691F06ADA7EF9549F3769A53F800D74.d.8F7EFD0CDD1F97E84366A70250179B32.e.17292/click - {}
RESULT: {}
COMMAND: GET /session/e4ca631e3efb970409c1f6ae88247928/screenshot - {}
RESULT: {}
COMMAND: POST /session/e4ca631e3efb970409c1f6ae88247928/element - {"using":"xpath","value":"//input[@id=\"application-managecontracts-display-component---AddNewContract--yardId-inner\"]"}
RESULT: {"using":"xpath","value":"//input[@id=\"application-managecontracts-display-component---AddNewContract--yardId-inner\"]"}
COMMAND: GET /session/e4ca631e3efb970409c1f6ae88247928/element/f.C691F06ADA7EF9549F3769A53F800D74.d.8F7EFD0CDD1F97E84366A70250179B32.e.17268/property/value - {}
RESULT: {}
COMMAND: POST /session/e4ca631e3efb970409c1f6ae88247928/element - {"using":"xpath","value":"//input[@id=\"application-managecontracts-display-component---AddNewContract--customerSelect-inner\"]"}
COMMAND: GET /session/e4ca631e3efb970409c1f6ae88247928/screenshot - {}
RESULT: {"using":"xpath","value":"//input[@id=\"application-managecontracts-display-component---AddNewContract--customerSelect-inner\"]"}
COMMAND: POST /session/e4ca631e3efb970409c1f6ae88247928/element/f.C691F06ADA7EF9549F3769A53F800D74.d.8F7EFD0CDD1F97E84366A70250179B32.e.17266/clear - {}
RESULT: {}
RESULT: {}
COMMAND: POST /session/e4ca631e3efb970409c1f6ae88247928/element/f.C691F06ADA7EF9549F3769A53F800D74.d.8F7EFD0CDD1F97E84366A70250179B32.e.17266/value - {"text":"1543"}
COMMAND: GET /session/e4ca631e3efb970409c1f6ae88247928/screenshot - {}
RESULT: {"text":"1543"}
COMMAND: GET /session/e4ca631e3efb970409c1f6ae88247928/screenshot - {}
RESULT: {}
RESULT: {}
COMMAND: POST /session/e4ca631e3efb970409c1f6ae88247928/element - {"using":"xpath","value":"//li[.//span[text()='1543']]"}
RESULT: {"using":"xpath","value":"//li[.//span[text()='1543']]"}
COMMAND: POST /session/e4ca631e3efb970409c1f6ae88247928/element/f.C691F06ADA7EF9549F3769A53F800D74.d.8F7EFD0CDD1F97E84366A70250179B32.e.17295/click - {}
RESULT: {}
COMMAND: GET /session/e4ca631e3efb970409c1f6ae88247928/screenshot - {}
RESULT: {}
COMMAND: POST /session/e4ca631e3efb970409c1f6ae88247928/element - {"using":"xpath","value":"//button[@data-kt=\"saveButton\"]"}
RESULT: {"using":"xpath","value":"//button[@data-kt=\"saveButton\"]"}
COMMAND: POST /session/e4ca631e3efb970409c1f6ae88247928/element/f.C691F06ADA7EF9549F3769A53F800D74.d.8F7EFD0CDD1F97E84366A70250179B32.e.17285/click - {}
RESULT: {}
COMMAND: GET /session/e4ca631e3efb970409c1f6ae88247928/screenshot - {}
RESULT: {}
COMMAND: POST /session/e4ca631e3efb970409c1f6ae88247928/element - {"using":"xpath","value":"//span[contains(@id ,\"contractDetailTitleNoExpanded\")]"}
RESULT: {"using":"xpath","value":"//span[contains(@id ,\"contractDetailTitleNoExpanded\")]"}
COMMAND: POST /session/e4ca631e3efb970409c1f6ae88247928/elements - {"using":"xpath","value":"//span[contains(@id ,\"contractDetailTitleNoExpanded\")]"}
RESULT: {"using":"xpath","value":"//span[contains(@id ,\"contractDetailTitleNoExpanded\")]"}
COMMAND: POST /session/e4ca631e3efb970409c1f6ae88247928/execute/sync - {"script":"<script> [56 bytes]","args":[{"element-6066-11e4-a52e-4f735466cecf":"f.C691F06ADA7EF9549F3769A53F800D74.d.8F7EFD0CDD1F97E84366A70250179B32.e.17366","ELEMENT":"f.C691F06ADA7EF9549F3769A53F800D74.d.8F7EFD0CDD1F97E84366A70250179B32.e.17366"}]}
RESULT: {"script":"<script> [56 bytes]","args":[{"element-6066-11e4-a52e-4f735466cecf":"f.C691F06ADA7EF9549F3769A53F800D74.d.8F7EFD0CDD1F97E84366A70250179B32.e.17366","ELEMENT":"f.C691F06ADA7EF9549F3769A53F800D74.d.8F7EFD0CDD1F97E84366A70250179B32.e.17366"}]}
COMMAND: GET /session/e4ca631e3efb970409c1f6ae88247928/screenshot - {}
RESULT: {}
]]></system-out>
    </testcase>
    <testcase classname="chrome.135_0_7049_115.windows.Performance_based_billing_(work_days)_US139742" name="Should add equipment to the contract" time="47.869">
      <system-out><![CDATA[
COMMAND: POST /session/e4ca631e3efb970409c1f6ae88247928/element - {"using":"xpath","value":"//button[@data-kt=\"contractDetailEditBtnButton\"]"}
RESULT: {"using":"xpath","value":"//button[@data-kt=\"contractDetailEditBtnButton\"]"}
COMMAND: POST /session/e4ca631e3efb970409c1f6ae88247928/element/f.C691F06ADA7EF9549F3769A53F800D74.d.8F7EFD0CDD1F97E84366A70250179B32.e.17369/click - {}
RESULT: {}
COMMAND: GET /session/e4ca631e3efb970409c1f6ae88247928/screenshot - {}
RESULT: {}
COMMAND: POST /session/e4ca631e3efb970409c1f6ae88247928/element - {"using":"xpath","value":"(//span[contains(text(), \"Additional Addresses\")])[2]"}
RESULT: {"using":"xpath","value":"(//span[contains(text(), \"Additional Addresses\")])[2]"}
COMMAND: POST /session/e4ca631e3efb970409c1f6ae88247928/element/f.C691F06ADA7EF9549F3769A53F800D74.d.8F7EFD0CDD1F97E84366A70250179B32.e.17424/click - {}
RESULT: {}
COMMAND: GET /session/e4ca631e3efb970409c1f6ae88247928/screenshot - {}
RESULT: {}
COMMAND: POST /session/e4ca631e3efb970409c1f6ae88247928/element - {"using":"xpath","value":"//button[@data-kt=\"btnAddTableRowOverflowToolbarButton\"]"}
RESULT: {"using":"xpath","value":"//button[@data-kt=\"btnAddTableRowOverflowToolbarButton\"]"}
COMMAND: POST /session/e4ca631e3efb970409c1f6ae88247928/element/f.C691F06ADA7EF9549F3769A53F800D74.d.8F7EFD0CDD1F97E84366A70250179B32.e.17427/click - {}
RESULT: {}
COMMAND: GET /session/e4ca631e3efb970409c1f6ae88247928/screenshot - {}
RESULT: {}
COMMAND: POST /session/e4ca631e3efb970409c1f6ae88247928/element - {"using":"xpath","value":"//div[(text() = 'Standard Entry' or . = 'Standard Entry')]"}
RESULT: {"using":"xpath","value":"//div[(text() = 'Standard Entry' or . = 'Standard Entry')]"}
COMMAND: POST /session/e4ca631e3efb970409c1f6ae88247928/element/f.C691F06ADA7EF9549F3769A53F800D74.d.8F7EFD0CDD1F97E84366A70250179B32.e.17429/click - {}
RESULT: {}
COMMAND: GET /session/e4ca631e3efb970409c1f6ae88247928/screenshot - {}
RESULT: {}
COMMAND: POST /session/e4ca631e3efb970409c1f6ae88247928/element - {"using":"xpath","value":"//td[7]/div/div/input"}
RESULT: {"using":"xpath","value":"//td[7]/div/div/input"}
COMMAND: POST /session/e4ca631e3efb970409c1f6ae88247928/element/f.C691F06ADA7EF9549F3769A53F800D74.d.8F7EFD0CDD1F97E84366A70250179B32.e.17438/clear - {}
RESULT: {}
COMMAND: POST /session/e4ca631e3efb970409c1f6ae88247928/element/f.C691F06ADA7EF9549F3769A53F800D74.d.8F7EFD0CDD1F97E84366A70250179B32.e.17438/value - {"text":"xv1jS8yWkL"}
COMMAND: GET /session/e4ca631e3efb970409c1f6ae88247928/screenshot - {}
RESULT: {"text":"xv1jS8yWkL"}
COMMAND: GET /session/e4ca631e3efb970409c1f6ae88247928/screenshot - {}
RESULT: {}
RESULT: {}
COMMAND: POST /session/e4ca631e3efb970409c1f6ae88247928/actions - {"actions":[{"id":"action62","type":"key","parameters":{},"actions":[{"type":"keyDown","value":"î€‡"},{"type":"pause","duration":10},{"type":"keyUp","value":"î€‡"}]}]}
RESULT: {"actions":[{"id":"action62","type":"key","parameters":{},"actions":[{"type":"keyDown","value":"î€‡"},{"type":"pause","duration":10},{"type":"keyUp","value":"î€‡"}]}]}
COMMAND: GET /session/e4ca631e3efb970409c1f6ae88247928/screenshot - {}
RESULT: {}
COMMAND: POST /session/e4ca631e3efb970409c1f6ae88247928/execute/sync - {"script":"<script> [276 bytes]","args":["No pricing information was found"]}
RESULT: {"script":"<script> [276 bytes]","args":["No pricing information was found"]}
COMMAND: POST /session/e4ca631e3efb970409c1f6ae88247928/element - {"using":"xpath","value":"(//button[@data-kt=\"saveButton\"])[2]"}
COMMAND: GET /session/e4ca631e3efb970409c1f6ae88247928/screenshot - {}
RESULT: {"using":"xpath","value":"(//button[@data-kt=\"saveButton\"])[2]"}
COMMAND: POST /session/e4ca631e3efb970409c1f6ae88247928/element/f.C691F06ADA7EF9549F3769A53F800D74.d.8F7EFD0CDD1F97E84366A70250179B32.e.17453/click - {}
RESULT: {}
RESULT: {}
COMMAND: GET /session/e4ca631e3efb970409c1f6ae88247928/screenshot - {}
RESULT: {}
COMMAND: POST /session/e4ca631e3efb970409c1f6ae88247928/execute/sync - {"script":"<script> [276 bytes]","args":["Some contract items are having rental validity exceeding header rental validity"]}
RESULT: {"script":"<script> [276 bytes]","args":["Some contract items are having rental validity exceeding header rental validity"]}
COMMAND: GET /session/e4ca631e3efb970409c1f6ae88247928/screenshot - {}
RESULT: {}
COMMAND: POST /session/e4ca631e3efb970409c1f6ae88247928/element - {"using":"xpath","value":"//span[contains(@id ,\"contractItemsSmartTable-header-inner\")]"}
RESULT: {"using":"xpath","value":"//span[contains(@id ,\"contractItemsSmartTable-header-inner\")]"}
COMMAND: POST /session/e4ca631e3efb970409c1f6ae88247928/elements - {"using":"xpath","value":"//span[contains(@id ,\"contractItemsSmartTable-header-inner\")]"}
RESULT: {"using":"xpath","value":"//span[contains(@id ,\"contractItemsSmartTable-header-inner\")]"}
COMMAND: POST /session/e4ca631e3efb970409c1f6ae88247928/execute/sync - {"script":"<script> [56 bytes]","args":[{"element-6066-11e4-a52e-4f735466cecf":"f.C691F06ADA7EF9549F3769A53F800D74.d.8F7EFD0CDD1F97E84366A70250179B32.e.17459","ELEMENT":"f.C691F06ADA7EF9549F3769A53F800D74.d.8F7EFD0CDD1F97E84366A70250179B32.e.17459"}]}
RESULT: {"script":"<script> [56 bytes]","args":[{"element-6066-11e4-a52e-4f735466cecf":"f.C691F06ADA7EF9549F3769A53F800D74.d.8F7EFD0CDD1F97E84366A70250179B32.e.17459","ELEMENT":"f.C691F06ADA7EF9549F3769A53F800D74.d.8F7EFD0CDD1F97E84366A70250179B32.e.17459"}]}
]]></system-out>
    </testcase>
    <testcase classname="chrome.135_0_7049_115.windows.Performance_based_billing_(work_days)_US139742" name="Should do a provide to site handover" time="62.173">
      <system-out><![CDATA[
COMMAND: POST /session/e4ca631e3efb970409c1f6ae88247928/element - {"using":"xpath","value":"//button[@data-kt=\"provideButton\"]"}
COMMAND: GET /session/e4ca631e3efb970409c1f6ae88247928/screenshot - {}
RESULT: {"using":"xpath","value":"//button[@data-kt=\"provideButton\"]"}
COMMAND: POST /session/e4ca631e3efb970409c1f6ae88247928/element/f.C691F06ADA7EF9549F3769A53F800D74.d.8F7EFD0CDD1F97E84366A70250179B32.e.17460/click - {}
RESULT: {}
RESULT: {}
COMMAND: GET /session/e4ca631e3efb970409c1f6ae88247928/screenshot - {}
RESULT: undefined
COMMAND: POST /session/e4ca631e3efb970409c1f6ae88247928/execute/async - {"script":"<script> [6424 bytes]","args":[{"element-6066-11e4-a52e-4f735466cecf":"f.C691F06ADA7EF9549F3769A53F800D74.d.8F7EFD0CDD1F97E84366A70250179B32.e.16389"},"setValue",["05/07/2025"]]}
RESULT: {}
COMMAND: POST /session/e4ca631e3efb970409c1f6ae88247928/execute/async - {"script":"<script> [1562 bytes]","args":[{"selector":{"id":"application-managehandovers-display-component---AddNewHO--dueDate","interaction":{"idSuffix":"inner"}},"wdio_ui5_key":"applicationmanagehandovers-display-component---AddNewHO--dueDate"}]}
RESULT: {"script":"<script> [1562 bytes]","args":[{"selector":{"id":"application-managehandovers-display-component---AddNewHO--dueDate","interaction":{"idSuffix":"inner"}},"wdio_ui5_key":"applicationmanagehandovers-display-component---AddNewHO--dueDate"}]}
COMMAND: POST /session/e4ca631e3efb970409c1f6ae88247928/execute/async - {"script":"<script> [6424 bytes]","args":[{"element-6066-11e4-a52e-4f735466cecf":"f.C691F06ADA7EF9549F3769A53F800D74.d.8F7EFD0CDD1F97E84366A70250179B32.e.17523"},"setValue",["05/07/2025"]]}
RESULT: {"script":"<script> [6424 bytes]","args":[{"element-6066-11e4-a52e-4f735466cecf":"f.C691F06ADA7EF9549F3769A53F800D74.d.8F7EFD0CDD1F97E84366A70250179B32.e.17523"},"setValue",["05/07/2025"]]}
COMMAND: POST /session/e4ca631e3efb970409c1f6ae88247928/element - {"using":"xpath","value":"//bdi[contains(text(), \"Instructions\")]"}
RESULT: {"using":"xpath","value":"//bdi[contains(text(), \"Instructions\")]"}
COMMAND: POST /session/e4ca631e3efb970409c1f6ae88247928/element/f.C691F06ADA7EF9549F3769A53F800D74.d.8F7EFD0CDD1F97E84366A70250179B32.e.17775/click - {}
RESULT: {}
COMMAND: GET /session/e4ca631e3efb970409c1f6ae88247928/screenshot - {}
RESULT: {}
COMMAND: POST /session/e4ca631e3efb970409c1f6ae88247928/element - {"using":"xpath","value":"//button[@data-kt=\"AddNewHOProvideAddItemsButton\"]"}
RESULT: {"using":"xpath","value":"//button[@data-kt=\"AddNewHOProvideAddItemsButton\"]"}
COMMAND: POST /session/e4ca631e3efb970409c1f6ae88247928/element/f.C691F06ADA7EF9549F3769A53F800D74.d.8F7EFD0CDD1F97E84366A70250179B32.e.17781/click - {}
RESULT: {}
COMMAND: GET /session/e4ca631e3efb970409c1f6ae88247928/screenshot - {}
RESULT: {}
RESULT: undefined
COMMAND: POST /session/e4ca631e3efb970409c1f6ae88247928/element - {"using":"xpath","value":"//*[@id=\"application-managehandovers-display-component---AddNewHO--popup-sa\"]"}
RESULT: {"using":"xpath","value":"//*[@id=\"application-managehandovers-display-component---AddNewHO--popup-sa\"]"}
COMMAND: POST /session/e4ca631e3efb970409c1f6ae88247928/element/f.C691F06ADA7EF9549F3769A53F800D74.d.8F7EFD0CDD1F97E84366A70250179B32.e.17796/click - {}
RESULT: {}
COMMAND: GET /session/e4ca631e3efb970409c1f6ae88247928/screenshot - {}
RESULT: {}
COMMAND: POST /session/e4ca631e3efb970409c1f6ae88247928/element - {"using":"xpath","value":"//*[contains(@id ,\"BDI-content\")][contains(text(), \"Select\")]"}
RESULT: {"using":"xpath","value":"//*[contains(@id ,\"BDI-content\")][contains(text(), \"Select\")]"}
COMMAND: POST /session/e4ca631e3efb970409c1f6ae88247928/element/f.C691F06ADA7EF9549F3769A53F800D74.d.8F7EFD0CDD1F97E84366A70250179B32.e.17798/click - {}
RESULT: {}
COMMAND: GET /session/e4ca631e3efb970409c1f6ae88247928/screenshot - {}
RESULT: {}
COMMAND: POST /session/e4ca631e3efb970409c1f6ae88247928/execute/async - {"script":"<script> [1562 bytes]","args":[{"selector":{"id":"application-managehandovers-display-component---AddNewHO--confirmCreationButton","interaction":{"idSuffix":"BDI-content"}},"wdio_ui5_key":"applicationmanagehandovers-display-component---AddNewHO--confirmCreationButton"}]}
RESULT: {"script":"<script> [1562 bytes]","args":[{"selector":{"id":"application-managehandovers-display-component---AddNewHO--confirmCreationButton","interaction":{"idSuffix":"BDI-content"}},"wdio_ui5_key":"applicationmanagehandovers-display-component---AddNewHO--confirmCreationButton"}]}
RESULT: undefined
COMMAND: POST /session/e4ca631e3efb970409c1f6ae88247928/element - {"using":"xpath","value":"//*[@id=\"application-managehandovers-display-component---AddNewHO--confirmCreationButton\"]"}
RESULT: {"using":"xpath","value":"//*[@id=\"application-managehandovers-display-component---AddNewHO--confirmCreationButton\"]"}
COMMAND: POST /session/e4ca631e3efb970409c1f6ae88247928/element/f.C691F06ADA7EF9549F3769A53F800D74.d.8F7EFD0CDD1F97E84366A70250179B32.e.17570/click - {}
RESULT: {}
COMMAND: GET /session/e4ca631e3efb970409c1f6ae88247928/screenshot - {}
RESULT: {}
COMMAND: POST /session/e4ca631e3efb970409c1f6ae88247928/element - {"using":"xpath","value":"//button[@data-kt=\"PickingTableConfirmAllButton\"]"}
RESULT: {"using":"xpath","value":"//button[@data-kt=\"PickingTableConfirmAllButton\"]"}
COMMAND: POST /session/e4ca631e3efb970409c1f6ae88247928/element/f.C691F06ADA7EF9549F3769A53F800D74.d.8F7EFD0CDD1F97E84366A70250179B32.e.17835/click - {}
COMMAND: POST /session/e4ca631e3efb970409c1f6ae88247928/element - {"using":"xpath","value":"//button[@data-kt=\"PickingTableConfirmAllButton\"]"}
RESULT: {"using":"xpath","value":"//button[@data-kt=\"PickingTableConfirmAllButton\"]"}
COMMAND: POST /session/e4ca631e3efb970409c1f6ae88247928/element/f.C691F06ADA7EF9549F3769A53F800D74.d.8F7EFD0CDD1F97E84366A70250179B32.e.17835/click - {}
COMMAND: POST /session/e4ca631e3efb970409c1f6ae88247928/element - {"using":"xpath","value":"//button[@data-kt=\"PickingTableConfirmAllButton\"]"}
RESULT: {"using":"xpath","value":"//button[@data-kt=\"PickingTableConfirmAllButton\"]"}
COMMAND: POST /session/e4ca631e3efb970409c1f6ae88247928/element/f.C691F06ADA7EF9549F3769A53F800D74.d.8F7EFD0CDD1F97E84366A70250179B32.e.17856/click - {}
RESULT: {}
COMMAND: GET /session/e4ca631e3efb970409c1f6ae88247928/screenshot - {}
RESULT: {}
COMMAND: POST /session/e4ca631e3efb970409c1f6ae88247928/element - {"using":"xpath","value":"//bdi[contains(text(), \"OK\")]"}
RESULT: {"using":"xpath","value":"//bdi[contains(text(), \"OK\")]"}
COMMAND: POST /session/e4ca631e3efb970409c1f6ae88247928/element/f.C691F06ADA7EF9549F3769A53F800D74.d.8F7EFD0CDD1F97E84366A70250179B32.e.17860/click - {}
RESULT: {}
COMMAND: GET /session/e4ca631e3efb970409c1f6ae88247928/screenshot - {}
RESULT: {}
COMMAND: POST /session/e4ca631e3efb970409c1f6ae88247928/element - {"using":"xpath","value":"//bdi[contains(text(), \"Ok\")]"}
RESULT: {"using":"xpath","value":"//bdi[contains(text(), \"Ok\")]"}
COMMAND: POST /session/e4ca631e3efb970409c1f6ae88247928/element/f.C691F06ADA7EF9549F3769A53F800D74.d.8F7EFD0CDD1F97E84366A70250179B32.e.17867/click - {}
RESULT: {}
COMMAND: GET /session/e4ca631e3efb970409c1f6ae88247928/screenshot - {}
RESULT: {}
COMMAND: POST /session/e4ca631e3efb970409c1f6ae88247928/element - {"using":"xpath","value":"//bdi[contains(text(), \"Issue\")]"}
RESULT: {"using":"xpath","value":"//bdi[contains(text(), \"Issue\")]"}
COMMAND: POST /session/e4ca631e3efb970409c1f6ae88247928/element/f.C691F06ADA7EF9549F3769A53F800D74.d.8F7EFD0CDD1F97E84366A70250179B32.e.17871/click - {}
RESULT: {}
COMMAND: GET /session/e4ca631e3efb970409c1f6ae88247928/screenshot - {}
RESULT: {}
COMMAND: POST /session/e4ca631e3efb970409c1f6ae88247928/element - {"using":"css selector","value":"#shell-header-logo"}
RESULT: {"using":"css selector","value":"#shell-header-logo"}
COMMAND: POST /session/e4ca631e3efb970409c1f6ae88247928/element/f.C691F06ADA7EF9549F3769A53F800D74.d.8F7EFD0CDD1F97E84366A70250179B32.e.16905/click - {}
RESULT: {}
COMMAND: GET /session/e4ca631e3efb970409c1f6ae88247928/screenshot - {}
RESULT: {}
]]></system-out>
    </testcase>
    <testcase classname="chrome.135_0_7049_115.windows.Performance_based_billing_(work_days)_US139742" name="Should create a few performance documents" time="103.156">
      <system-out><![CDATA[
COMMAND: POST /session/e4ca631e3efb970409c1f6ae88247928/window/fullscreen - {}
RESULT: {}
COMMAND: POST /session/e4ca631e3efb970409c1f6ae88247928/execute/async - {"script":"<script> [1562 bytes]","args":[{"selector":{"controlType":"sap.m.GenericTile","properties":{"header":"Manage States & Performance"}},"wdio_ui5_key":"sapm.GenericTile{\"header\":\"Manage States & Performance\"}"}]}
RESULT: {"script":"<script> [1562 bytes]","args":[{"selector":{"controlType":"sap.m.GenericTile","properties":{"header":"Manage States & Performance"}},"wdio_ui5_key":"sapm.GenericTile{\"header\":\"Manage States & Performance\"}"}]}
RESULT: undefined
COMMAND: POST /session/e4ca631e3efb970409c1f6ae88247928/element - {"using":"xpath","value":"//*[@id=\"__tile56\"]"}
RESULT: {"using":"xpath","value":"//*[@id=\"__tile56\"]"}
COMMAND: POST /session/e4ca631e3efb970409c1f6ae88247928/element/f.C691F06ADA7EF9549F3769A53F800D74.d.8F7EFD0CDD1F97E84366A70250179B32.e.14338/click - {}
RESULT: {}
COMMAND: POST /session/e4ca631e3efb970409c1f6ae88247928/element - {"using":"xpath","value":"//div[@id=\"application-managestatesandperformance-display-component---stateAndPerform--smartFilterBarResources-btnBasicSearch\"]"}
COMMAND: GET /session/e4ca631e3efb970409c1f6ae88247928/screenshot - {}
RESULT: {"using":"xpath","value":"//div[@id=\"application-managestatesandperformance-display-component---stateAndPerform--smartFilterBarResources-btnBasicSearch\"]"}
COMMAND: POST /session/e4ca631e3efb970409c1f6ae88247928/elements - {"using":"xpath","value":"//div[@id=\"application-managestatesandperformance-display-component---stateAndPerform--smartFilterBarResources-btnBasicSearch\"]"}
RESULT: {}
RESULT: {"using":"xpath","value":"//div[@id=\"application-managestatesandperformance-display-component---stateAndPerform--smartFilterBarResources-btnBasicSearch\"]"}
COMMAND: POST /session/e4ca631e3efb970409c1f6ae88247928/elements - {"using":"xpath","value":"//div[@id=\"application-managestatesandperformance-display-component---stateAndPerform--smartFilterBarResources-btnBasicSearch\"]"}
RESULT: {"using":"xpath","value":"//div[@id=\"application-managestatesandperformance-display-component---stateAndPerform--smartFilterBarResources-btnBasicSearch\"]"}
COMMAND: POST /session/e4ca631e3efb970409c1f6ae88247928/element - {"using":"xpath","value":"//div[@id=\"application-managestatesandperformance-display-component---stateAndPerform--smartFilterBarResources-btnBasicSearch\"]"}
RESULT: {"using":"xpath","value":"//div[@id=\"application-managestatesandperformance-display-component---stateAndPerform--smartFilterBarResources-btnBasicSearch\"]"}
COMMAND: POST /session/e4ca631e3efb970409c1f6ae88247928/execute/sync - {"script":"<script> [8489 bytes]","args":[{"element-6066-11e4-a52e-4f735466cecf":"f.C691F06ADA7EF9549F3769A53F800D74.d.8F7EFD0CDD1F97E84366A70250179B32.e.18101","ELEMENT":"f.C691F06ADA7EF9549F3769A53F800D74.d.8F7EFD0CDD1F97E84366A70250179B32.e.18101"}]}
RESULT: {"script":"<script> [8489 bytes]","args":[{"element-6066-11e4-a52e-4f735466cecf":"f.C691F06ADA7EF9549F3769A53F800D74.d.8F7EFD0CDD1F97E84366A70250179B32.e.18101","ELEMENT":"f.C691F06ADA7EF9549F3769A53F800D74.d.8F7EFD0CDD1F97E84366A70250179B32.e.18101"}]}
COMMAND: GET /session/e4ca631e3efb970409c1f6ae88247928/element/f.C691F06ADA7EF9549F3769A53F800D74.d.8F7EFD0CDD1F97E84366A70250179B32.e.18101/enabled - {}
COMMAND: GET /session/e4ca631e3efb970409c1f6ae88247928/screenshot - {}
RESULT: {}
COMMAND: POST /session/e4ca631e3efb970409c1f6ae88247928/execute/sync - {"script":"<script> [8489 bytes]","args":[{"element-6066-11e4-a52e-4f735466cecf":"f.C691F06ADA7EF9549F3769A53F800D74.d.8F7EFD0CDD1F97E84366A70250179B32.e.18101","ELEMENT":"f.C691F06ADA7EF9549F3769A53F800D74.d.8F7EFD0CDD1F97E84366A70250179B32.e.18101"}]}
COMMAND: GET /session/e4ca631e3efb970409c1f6ae88247928/screenshot - {}
RESULT: {}
RESULT: {"script":"<script> [8489 bytes]","args":[{"element-6066-11e4-a52e-4f735466cecf":"f.C691F06ADA7EF9549F3769A53F800D74.d.8F7EFD0CDD1F97E84366A70250179B32.e.18101","ELEMENT":"f.C691F06ADA7EF9549F3769A53F800D74.d.8F7EFD0CDD1F97E84366A70250179B32.e.18101"}]}
COMMAND: POST /session/e4ca631e3efb970409c1f6ae88247928/execute/sync - {"script":"<script> [5351 bytes]","args":[{"element-6066-11e4-a52e-4f735466cecf":"f.C691F06ADA7EF9549F3769A53F800D74.d.8F7EFD0CDD1F97E84366A70250179B32.e.18101","ELEMENT":"f.C691F06ADA7EF9549F3769A53F800D74.d.8F7EFD0CDD1F97E84366A70250179B32.e.18101"}]}
COMMAND: GET /session/e4ca631e3efb970409c1f6ae88247928/screenshot - {}
RESULT: {}
RESULT: {"script":"<script> [5351 bytes]","args":[{"element-6066-11e4-a52e-4f735466cecf":"f.C691F06ADA7EF9549F3769A53F800D74.d.8F7EFD0CDD1F97E84366A70250179B32.e.18101","ELEMENT":"f.C691F06ADA7EF9549F3769A53F800D74.d.8F7EFD0CDD1F97E84366A70250179B32.e.18101"}]}
COMMAND: POST /session/e4ca631e3efb970409c1f6ae88247928/execute/async - {"script":"<script> [1562 bytes]","args":[{"selector":{"id":"application-managestatesandperformance-display-component---stateAndPerform--smartFilterBarResources-btnBasicSearch","interaction":{"idSuffix":"I"}},"wdio_ui5_key":"applicationmanagestatesandperformance-display-component---stateAndPerform--smartFilterBarResources-btnBasicSearch"}]}
COMMAND: GET /session/e4ca631e3efb970409c1f6ae88247928/screenshot - {}
RESULT: {}
RESULT: {"script":"<script> [1562 bytes]","args":[{"selector":{"id":"application-managestatesandperformance-display-component---stateAndPerform--smartFilterBarResources-btnBasicSearch","interaction":{"idSuffix":"I"}},"wdio_ui5_key":"applicationmanagestatesandperformance-display-component---stateAndPerform--smartFilterBarResources-btnBasicSearch"}]}
RESULT: undefined
COMMAND: POST /session/e4ca631e3efb970409c1f6ae88247928/execute/async - {"script":"<script> [776 bytes]","args":[{"enterText":"xv1jS8yWkL","selector":{"id":"application-managestatesandperformance-display-component---stateAndPerform--smartFilterBarResources-btnBasicSearch","interaction":{"idSuffix":"I"}},"clearTextFirst":true,"interactionType":"ENTER_TEXT"}]}
RESULT: {}
RESULT: {"script":"<script> [776 bytes]","args":[{"enterText":"xv1jS8yWkL","selector":{"id":"application-managestatesandperformance-display-component---stateAndPerform--smartFilterBarResources-btnBasicSearch","interaction":{"idSuffix":"I"}},"clearTextFirst":true,"interactionType":"ENTER_TEXT"}]}
COMMAND: POST /session/e4ca631e3efb970409c1f6ae88247928/actions - {"actions":[{"id":"action63","type":"key","parameters":{},"actions":[{"type":"keyDown","value":"î€‡"},{"type":"pause","duration":10},{"type":"keyUp","value":"î€‡"}]}]}
RESULT: {"actions":[{"id":"action63","type":"key","parameters":{},"actions":[{"type":"keyDown","value":"î€‡"},{"type":"pause","duration":10},{"type":"keyUp","value":"î€‡"}]}]}
COMMAND: GET /session/e4ca631e3efb970409c1f6ae88247928/screenshot - {}
RESULT: {}
COMMAND: POST /session/e4ca631e3efb970409c1f6ae88247928/execute/async - {"script":"<script> [1562 bytes]","args":[{"selector":{"id":"application-managestatesandperformance-display-component---stateAndPerform--stateAndPerformResourcesSmartTable-header"},"wdio_ui5_key":"applicationmanagestatesandperformance-display-component---stateAndPerform--stateAndPerformResourcesSmartTable-header"}]}
RESULT: {"script":"<script> [1562 bytes]","args":[{"selector":{"id":"application-managestatesandperformance-display-component---stateAndPerform--stateAndPerformResourcesSmartTable-header"},"wdio_ui5_key":"applicationmanagestatesandperformance-display-component---stateAndPerform--stateAndPerformResourcesSmartTable-header"}]}
RESULT: undefined
COMMAND: POST /session/e4ca631e3efb970409c1f6ae88247928/execute/async - {"script":"<script> [6424 bytes]","args":[{"element-6066-11e4-a52e-4f735466cecf":"f.C691F06ADA7EF9549F3769A53F800D74.d.8F7EFD0CDD1F97E84366A70250179B32.e.18165"},"getText",[]]}
RESULT: {"script":"<script> [6424 bytes]","args":[{"element-6066-11e4-a52e-4f735466cecf":"f.C691F06ADA7EF9549F3769A53F800D74.d.8F7EFD0CDD1F97E84366A70250179B32.e.18165"},"getText",[]]}
COMMAND: POST /session/e4ca631e3efb970409c1f6ae88247928/execute/async - {"script":"<script> [1562 bytes]","args":[{"selector":{"controlType":"sap.ui.core.Icon","viewName":"etm.portal.ui.managestatesandperformance.view.Master","viewId":"application-managestatesandperformance-display-component---stateAndPerform","properties":{"src":{"regex":{"source":"slim\\-arrow\\-right"}}}},"wdio_ui5_key":"etmportal.ui.managestatesandperformance.view.Mastersap.ui.core.Icon{\"src\":{\"regex\":{\"source\":\"slim\\\\-arrow\\\\-right\"}}}"}]}
RESULT: {"script":"<script> [1562 bytes]","args":[{"selector":{"controlType":"sap.ui.core.Icon","viewName":"etm.portal.ui.managestatesandperformance.view.Master","viewId":"application-managestatesandperformance-display-component---stateAndPerform","properties":{"src":{"regex":{"source":"slim\\-arrow\\-right"}}}},"wdio_ui5_key":"etmportal.ui.managestatesandperformance.view.Mastersap.ui.core.Icon{\"src\":{\"regex\":{\"source\":\"slim\\\\-arrow\\\\-right\"}}}"}]}
RESULT: undefined
COMMAND: POST /session/e4ca631e3efb970409c1f6ae88247928/element - {"using":"xpath","value":"//*[@id=\"__item3112-__clone5782-imgNav\"]"}
RESULT: {"using":"xpath","value":"//*[@id=\"__item3112-__clone5782-imgNav\"]"}
COMMAND: POST /session/e4ca631e3efb970409c1f6ae88247928/element/f.C691F06ADA7EF9549F3769A53F800D74.d.8F7EFD0CDD1F97E84366A70250179B32.e.18164/click - {}
RESULT: {}
COMMAND: GET /session/e4ca631e3efb970409c1f6ae88247928/screenshot - {}
RESULT: {}
COMMAND: POST /session/e4ca631e3efb970409c1f6ae88247928/execute/async - {"script":"<script> [1562 bytes]","args":[{"selector":{"controlType":"sap.m.Button","viewName":"etm.portal.ui.managestatesandperformance.view.Detail","viewId":"application-managestatesandperformance-display-component---detailStateAndPerform","properties":{"text":"Performance Documents"}},"wdio_ui5_key":"etmportal.ui.managestatesandperformance.view.Detailsap.m.Button{\"text\":\"Performance Documents\"}"}]}
RESULT: {"script":"<script> [1562 bytes]","args":[{"selector":{"controlType":"sap.m.Button","viewName":"etm.portal.ui.managestatesandperformance.view.Detail","viewId":"application-managestatesandperformance-display-component---detailStateAndPerform","properties":{"text":"Performance Documents"}},"wdio_ui5_key":"etmportal.ui.managestatesandperformance.view.Detailsap.m.Button{\"text\":\"Performance Documents\"}"}]}
RESULT: undefined
COMMAND: POST /session/e4ca631e3efb970409c1f6ae88247928/element - {"using":"xpath","value":"//*[@id=\"__item3135-button\"]"}
RESULT: {"using":"xpath","value":"//*[@id=\"__item3135-button\"]"}
COMMAND: POST /session/e4ca631e3efb970409c1f6ae88247928/element/f.C691F06ADA7EF9549F3769A53F800D74.d.8F7EFD0CDD1F97E84366A70250179B32.e.18208/click - {}
RESULT: {}
COMMAND: POST /session/e4ca631e3efb970409c1f6ae88247928/execute/async - {"script":"<script> [1562 bytes]","args":[{"selector":{"controlType":"sap.m.Button","viewName":"etm.portal.ui.managestatesandperformance.view.Detail","viewId":"application-managestatesandperformance-display-component---detailStateAndPerform","i18NText":{"propertyName":"text","key":"createPerformanceDoc"},"interaction":{"idSuffix":"BDI-content"}},"wdio_ui5_key":"etmportal.ui.managestatesandperformance.view.Detailsap.m.Button{\"propertyName\":\"text\",\"key\":\"createPerformanceDoc\"}"}]}
COMMAND: GET /session/e4ca631e3efb970409c1f6ae88247928/screenshot - {}
RESULT: {"script":"<script> [1562 bytes]","args":[{"selector":{"controlType":"sap.m.Button","viewName":"etm.portal.ui.managestatesandperformance.view.Detail","viewId":"application-managestatesandperformance-display-component---detailStateAndPerform","i18NText":{"propertyName":"text","key":"createPerformanceDoc"},"interaction":{"idSuffix":"BDI-content"}},"wdio_ui5_key":"etmportal.ui.managestatesandperformance.view.Detailsap.m.Button{\"propertyName\":\"text\",\"key\":\"createPerformanceDoc\"}"}]}
RESULT: undefined
COMMAND: POST /session/e4ca631e3efb970409c1f6ae88247928/element - {"using":"xpath","value":"//*[@id=\"__button378\"]"}
RESULT: {}
RESULT: {"using":"xpath","value":"//*[@id=\"__button378\"]"}
COMMAND: POST /session/e4ca631e3efb970409c1f6ae88247928/element/f.C691F06ADA7EF9549F3769A53F800D74.d.8F7EFD0CDD1F97E84366A70250179B32.e.18212/click - {}
RESULT: {}
COMMAND: POST /session/e4ca631e3efb970409c1f6ae88247928/execute/async - {"script":"<script> [1562 bytes]","args":[{"selector":{"id":"application-managestatesandperformance-display-component---detailStateAndPerform--perfDocDatePicker","searchOpenDialogs":true,"interaction":{"idSuffix":"inner"}},"wdio_ui5_key":"applicationmanagestatesandperformance-display-component---detailStateAndPerform--perfDocDatePicker"}]}
COMMAND: GET /session/e4ca631e3efb970409c1f6ae88247928/screenshot - {}
RESULT: {"script":"<script> [1562 bytes]","args":[{"selector":{"id":"application-managestatesandperformance-display-component---detailStateAndPerform--perfDocDatePicker","searchOpenDialogs":true,"interaction":{"idSuffix":"inner"}},"wdio_ui5_key":"applicationmanagestatesandperformance-display-component---detailStateAndPerform--perfDocDatePicker"}]}
RESULT: undefined
COMMAND: POST /session/e4ca631e3efb970409c1f6ae88247928/execute/async - {"script":"<script> [776 bytes]","args":[{"enterText":"05/09/25","selector":{"id":"application-managestatesandperformance-display-component---detailStateAndPerform--perfDocDatePicker","searchOpenDialogs":true,"interaction":{"idSuffix":"inner"}},"clearTextFirst":true,"interactionType":"ENTER_TEXT"}]}
RESULT: {}
RESULT: {"script":"<script> [776 bytes]","args":[{"enterText":"05/09/25","selector":{"id":"application-managestatesandperformance-display-component---detailStateAndPerform--perfDocDatePicker","searchOpenDialogs":true,"interaction":{"idSuffix":"inner"}},"clearTextFirst":true,"interactionType":"ENTER_TEXT"}]}
COMMAND: POST /session/e4ca631e3efb970409c1f6ae88247928/execute/async - {"script":"<script> [1562 bytes]","args":[{"selector":{"id":"application-managestatesandperformance-display-component---detailStateAndPerform--counterValue-input","searchOpenDialogs":true,"interaction":{"idSuffix":"inner"}},"wdio_ui5_key":"applicationmanagestatesandperformance-display-component---detailStateAndPerform--counterValue-input"}]}
RESULT: {"script":"<script> [1562 bytes]","args":[{"selector":{"id":"application-managestatesandperformance-display-component---detailStateAndPerform--counterValue-input","searchOpenDialogs":true,"interaction":{"idSuffix":"inner"}},"wdio_ui5_key":"applicationmanagestatesandperformance-display-component---detailStateAndPerform--counterValue-input"}]}
RESULT: undefined
COMMAND: POST /session/e4ca631e3efb970409c1f6ae88247928/execute/async - {"script":"<script> [776 bytes]","args":[{"enterText":"15.00","selector":{"id":"application-managestatesandperformance-display-component---detailStateAndPerform--counterValue-input","searchOpenDialogs":true,"interaction":{"idSuffix":"inner"}},"clearTextFirst":true,"interactionType":"ENTER_TEXT"}]}
RESULT: {"script":"<script> [776 bytes]","args":[{"enterText":"15.00","selector":{"id":"application-managestatesandperformance-display-component---detailStateAndPerform--counterValue-input","searchOpenDialogs":true,"interaction":{"idSuffix":"inner"}},"clearTextFirst":true,"interactionType":"ENTER_TEXT"}]}
COMMAND: POST /session/e4ca631e3efb970409c1f6ae88247928/execute/async - {"script":"<script> [1562 bytes]","args":[{"selector":{"controlType":"sap.m.Button","viewName":"etm.portal.ui.managestatesandperformance.view.Detail","viewId":"application-managestatesandperformance-display-component---detailStateAndPerform","bindingPath":{"path":"","propertyPath":"/allowAddEdit","modelName":"oScreenModel"},"searchOpenDialogs":true,"interaction":{"idSuffix":"BDI-content"}},"wdio_ui5_key":"etmportal.ui.managestatesandperformance.view.Detailsap.m.Button{\"path\":\"\",\"propertyPath\":\"/allowAddEdit\",\"modelName\":\"oScreenModel\"}"}]}
RESULT: {"script":"<script> [1562 bytes]","args":[{"selector":{"controlType":"sap.m.Button","viewName":"etm.portal.ui.managestatesandperformance.view.Detail","viewId":"application-managestatesandperformance-display-component---detailStateAndPerform","bindingPath":{"path":"","propertyPath":"/allowAddEdit","modelName":"oScreenModel"},"searchOpenDialogs":true,"interaction":{"idSuffix":"BDI-content"}},"wdio_ui5_key":"etmportal.ui.managestatesandperformance.view.Detailsap.m.Button{\"path\":\"\",\"propertyPath\":\"/allowAddEdit\",\"modelName\":\"oScreenModel\"}"}]}
RESULT: undefined
COMMAND: POST /session/e4ca631e3efb970409c1f6ae88247928/element - {"using":"xpath","value":"//*[@id=\"__button385\"]"}
RESULT: {"using":"xpath","value":"//*[@id=\"__button385\"]"}
COMMAND: POST /session/e4ca631e3efb970409c1f6ae88247928/element/f.C691F06ADA7EF9549F3769A53F800D74.d.8F7EFD0CDD1F97E84366A70250179B32.e.18232/click - {}
RESULT: {}
RESULT: undefined
COMMAND: POST /session/e4ca631e3efb970409c1f6ae88247928/element - {"using":"xpath","value":"//*[@id=\"__button378\"]"}
COMMAND: GET /session/e4ca631e3efb970409c1f6ae88247928/screenshot - {}
RESULT: {"using":"xpath","value":"//*[@id=\"__button378\"]"}
COMMAND: POST /session/e4ca631e3efb970409c1f6ae88247928/element/f.C691F06ADA7EF9549F3769A53F800D74.d.8F7EFD0CDD1F97E84366A70250179B32.e.18212/click - {}
RESULT: {}
RESULT: {}
RESULT: undefined
COMMAND: POST /session/e4ca631e3efb970409c1f6ae88247928/execute/async - {"script":"<script> [776 bytes]","args":[{"enterText":"05/13/25","selector":{"id":"application-managestatesandperformance-display-component---detailStateAndPerform--perfDocDatePicker","searchOpenDialogs":true,"interaction":{"idSuffix":"inner"}},"clearTextFirst":true,"interactionType":"ENTER_TEXT"}]}
COMMAND: GET /session/e4ca631e3efb970409c1f6ae88247928/screenshot - {}
RESULT: {"script":"<script> [776 bytes]","args":[{"enterText":"05/13/25","selector":{"id":"application-managestatesandperformance-display-component---detailStateAndPerform--perfDocDatePicker","searchOpenDialogs":true,"interaction":{"idSuffix":"inner"}},"clearTextFirst":true,"interactionType":"ENTER_TEXT"}]}
RESULT: undefined
COMMAND: POST /session/e4ca631e3efb970409c1f6ae88247928/execute/async - {"script":"<script> [776 bytes]","args":[{"enterText":"20.00","selector":{"id":"application-managestatesandperformance-display-component---detailStateAndPerform--counterValue-input","searchOpenDialogs":true,"interaction":{"idSuffix":"inner"}},"clearTextFirst":true,"interactionType":"ENTER_TEXT"}]}
RESULT: {}
RESULT: {"script":"<script> [776 bytes]","args":[{"enterText":"20.00","selector":{"id":"application-managestatesandperformance-display-component---detailStateAndPerform--counterValue-input","searchOpenDialogs":true,"interaction":{"idSuffix":"inner"}},"clearTextFirst":true,"interactionType":"ENTER_TEXT"}]}
COMMAND: POST /session/e4ca631e3efb970409c1f6ae88247928/actions - {"actions":[{"id":"action64","type":"key","parameters":{},"actions":[{"type":"keyDown","value":"î€„"},{"type":"keyDown","value":"î€„"},{"type":"pause","duration":10},{"type":"keyUp","value":"î€„"},{"type":"keyUp","value":"î€„"}]}]}
RESULT: {"actions":[{"id":"action64","type":"key","parameters":{},"actions":[{"type":"keyDown","value":"î€„"},{"type":"keyDown","value":"î€„"},{"type":"pause","duration":10},{"type":"keyUp","value":"î€„"},{"type":"keyUp","value":"î€„"}]}]}
COMMAND: POST /session/e4ca631e3efb970409c1f6ae88247928/actions - {"actions":[{"id":"action65","type":"key","parameters":{},"actions":[{"type":"keyDown","value":"î€‡"},{"type":"pause","duration":10},{"type":"keyUp","value":"î€‡"}]}]}
COMMAND: GET /session/e4ca631e3efb970409c1f6ae88247928/screenshot - {}
RESULT: {"actions":[{"id":"action65","type":"key","parameters":{},"actions":[{"type":"keyDown","value":"î€‡"},{"type":"pause","duration":10},{"type":"keyUp","value":"î€‡"}]}]}
RESULT: undefined
COMMAND: POST /session/e4ca631e3efb970409c1f6ae88247928/element - {"using":"xpath","value":"//*[@id=\"__button385\"]"}
COMMAND: GET /session/e4ca631e3efb970409c1f6ae88247928/screenshot - {}
RESULT: {}
RESULT: {"using":"xpath","value":"//*[@id=\"__button385\"]"}
COMMAND: POST /session/e4ca631e3efb970409c1f6ae88247928/elements - {"using":"xpath","value":"//*[@id=\"__button385\"]"}
RESULT: {}
RESULT: {"using":"xpath","value":"//*[@id=\"__button385\"]"}
COMMAND: POST /session/e4ca631e3efb970409c1f6ae88247928/elements - {"using":"xpath","value":"//*[@id=\"__button385\"]"}
RESULT: {"using":"xpath","value":"//*[@id=\"__button385\"]"}
COMMAND: POST /session/e4ca631e3efb970409c1f6ae88247928/elements - {"using":"xpath","value":"//*[@id=\"__button385\"]"}
RESULT: {"using":"xpath","value":"//*[@id=\"__button385\"]"}
COMMAND: POST /session/e4ca631e3efb970409c1f6ae88247928/elements - {"using":"xpath","value":"//*[@id=\"__button385\"]"}
RESULT: {"using":"xpath","value":"//*[@id=\"__button385\"]"}
COMMAND: POST /session/e4ca631e3efb970409c1f6ae88247928/elements - {"using":"xpath","value":"//*[@id=\"__button385\"]"}
RESULT: {"using":"xpath","value":"//*[@id=\"__button385\"]"}
COMMAND: POST /session/e4ca631e3efb970409c1f6ae88247928/elements - {"using":"xpath","value":"//*[@id=\"__button385\"]"}
RESULT: {"using":"xpath","value":"//*[@id=\"__button385\"]"}
COMMAND: POST /session/e4ca631e3efb970409c1f6ae88247928/elements - {"using":"xpath","value":"//*[@id=\"__button385\"]"}
RESULT: {"using":"xpath","value":"//*[@id=\"__button385\"]"}
COMMAND: POST /session/e4ca631e3efb970409c1f6ae88247928/elements - {"using":"xpath","value":"//*[@id=\"__button385\"]"}
RESULT: {"using":"xpath","value":"//*[@id=\"__button385\"]"}
COMMAND: POST /session/e4ca631e3efb970409c1f6ae88247928/elements - {"using":"xpath","value":"//*[@id=\"__button385\"]"}
RESULT: {"using":"xpath","value":"//*[@id=\"__button385\"]"}
COMMAND: POST /session/e4ca631e3efb970409c1f6ae88247928/elements - {"using":"xpath","value":"//*[@id=\"__button385\"]"}
RESULT: {"using":"xpath","value":"//*[@id=\"__button385\"]"}
COMMAND: POST /session/e4ca631e3efb970409c1f6ae88247928/elements - {"using":"xpath","value":"//*[@id=\"__button385\"]"}
RESULT: {"using":"xpath","value":"//*[@id=\"__button385\"]"}
COMMAND: POST /session/e4ca631e3efb970409c1f6ae88247928/elements - {"using":"xpath","value":"//*[@id=\"__button385\"]"}
RESULT: {"using":"xpath","value":"//*[@id=\"__button385\"]"}
COMMAND: POST /session/e4ca631e3efb970409c1f6ae88247928/elements - {"using":"xpath","value":"//*[@id=\"__button385\"]"}
RESULT: {"using":"xpath","value":"//*[@id=\"__button385\"]"}
COMMAND: POST /session/e4ca631e3efb970409c1f6ae88247928/elements - {"using":"xpath","value":"//*[@id=\"__button385\"]"}
RESULT: {"using":"xpath","value":"//*[@id=\"__button385\"]"}
COMMAND: POST /session/e4ca631e3efb970409c1f6ae88247928/elements - {"using":"xpath","value":"//*[@id=\"__button385\"]"}
RESULT: {"using":"xpath","value":"//*[@id=\"__button385\"]"}
COMMAND: POST /session/e4ca631e3efb970409c1f6ae88247928/elements - {"using":"xpath","value":"//*[@id=\"__button385\"]"}
RESULT: {"using":"xpath","value":"//*[@id=\"__button385\"]"}
COMMAND: POST /session/e4ca631e3efb970409c1f6ae88247928/elements - {"using":"xpath","value":"//*[@id=\"__button385\"]"}
RESULT: {"using":"xpath","value":"//*[@id=\"__button385\"]"}
COMMAND: POST /session/e4ca631e3efb970409c1f6ae88247928/elements - {"using":"xpath","value":"//*[@id=\"__button385\"]"}
RESULT: {"using":"xpath","value":"//*[@id=\"__button385\"]"}
COMMAND: POST /session/e4ca631e3efb970409c1f6ae88247928/elements - {"using":"xpath","value":"//*[@id=\"__button385\"]"}
RESULT: {"using":"xpath","value":"//*[@id=\"__button385\"]"}
COMMAND: POST /session/e4ca631e3efb970409c1f6ae88247928/elements - {"using":"xpath","value":"//*[@id=\"__button385\"]"}
RESULT: {"using":"xpath","value":"//*[@id=\"__button385\"]"}
COMMAND: POST /session/e4ca631e3efb970409c1f6ae88247928/elements - {"using":"xpath","value":"//*[@id=\"__button385\"]"}
RESULT: {"using":"xpath","value":"//*[@id=\"__button385\"]"}
COMMAND: POST /session/e4ca631e3efb970409c1f6ae88247928/elements - {"using":"xpath","value":"//*[@id=\"__button385\"]"}
RESULT: {"using":"xpath","value":"//*[@id=\"__button385\"]"}
COMMAND: POST /session/e4ca631e3efb970409c1f6ae88247928/elements - {"using":"xpath","value":"//*[@id=\"__button385\"]"}
RESULT: {"using":"xpath","value":"//*[@id=\"__button385\"]"}
COMMAND: POST /session/e4ca631e3efb970409c1f6ae88247928/elements - {"using":"xpath","value":"//*[@id=\"__button385\"]"}
RESULT: {"using":"xpath","value":"//*[@id=\"__button385\"]"}
COMMAND: POST /session/e4ca631e3efb970409c1f6ae88247928/elements - {"using":"xpath","value":"//*[@id=\"__button385\"]"}
RESULT: {"using":"xpath","value":"//*[@id=\"__button385\"]"}
COMMAND: POST /session/e4ca631e3efb970409c1f6ae88247928/elements - {"using":"xpath","value":"//*[@id=\"__button385\"]"}
RESULT: {"using":"xpath","value":"//*[@id=\"__button385\"]"}
COMMAND: POST /session/e4ca631e3efb970409c1f6ae88247928/elements - {"using":"xpath","value":"//*[@id=\"__button385\"]"}
RESULT: {"using":"xpath","value":"//*[@id=\"__button385\"]"}
COMMAND: POST /session/e4ca631e3efb970409c1f6ae88247928/elements - {"using":"xpath","value":"//*[@id=\"__button385\"]"}
RESULT: {"using":"xpath","value":"//*[@id=\"__button385\"]"}
COMMAND: POST /session/e4ca631e3efb970409c1f6ae88247928/elements - {"using":"xpath","value":"//*[@id=\"__button385\"]"}
RESULT: {"using":"xpath","value":"//*[@id=\"__button385\"]"}
COMMAND: POST /session/e4ca631e3efb970409c1f6ae88247928/elements - {"using":"xpath","value":"//*[@id=\"__button385\"]"}
RESULT: {"using":"xpath","value":"//*[@id=\"__button385\"]"}
COMMAND: POST /session/e4ca631e3efb970409c1f6ae88247928/elements - {"using":"xpath","value":"//*[@id=\"__button385\"]"}
RESULT: {"using":"xpath","value":"//*[@id=\"__button385\"]"}
COMMAND: POST /session/e4ca631e3efb970409c1f6ae88247928/elements - {"using":"xpath","value":"//*[@id=\"__button385\"]"}
RESULT: {"using":"xpath","value":"//*[@id=\"__button385\"]"}
COMMAND: POST /session/e4ca631e3efb970409c1f6ae88247928/elements - {"using":"xpath","value":"//*[@id=\"__button385\"]"}
RESULT: {"using":"xpath","value":"//*[@id=\"__button385\"]"}
COMMAND: POST /session/e4ca631e3efb970409c1f6ae88247928/elements - {"using":"xpath","value":"//*[@id=\"__button385\"]"}
RESULT: {"using":"xpath","value":"//*[@id=\"__button385\"]"}
COMMAND: POST /session/e4ca631e3efb970409c1f6ae88247928/elements - {"using":"xpath","value":"//*[@id=\"__button385\"]"}
RESULT: {"using":"xpath","value":"//*[@id=\"__button385\"]"}
COMMAND: POST /session/e4ca631e3efb970409c1f6ae88247928/elements - {"using":"xpath","value":"//*[@id=\"__button385\"]"}
RESULT: {"using":"xpath","value":"//*[@id=\"__button385\"]"}
COMMAND: POST /session/e4ca631e3efb970409c1f6ae88247928/elements - {"using":"xpath","value":"//*[@id=\"__button385\"]"}
RESULT: {"using":"xpath","value":"//*[@id=\"__button385\"]"}
COMMAND: POST /session/e4ca631e3efb970409c1f6ae88247928/elements - {"using":"xpath","value":"//*[@id=\"__button385\"]"}
RESULT: {"using":"xpath","value":"//*[@id=\"__button385\"]"}
COMMAND: POST /session/e4ca631e3efb970409c1f6ae88247928/elements - {"using":"xpath","value":"//*[@id=\"__button385\"]"}
RESULT: {"using":"xpath","value":"//*[@id=\"__button385\"]"}
COMMAND: POST /session/e4ca631e3efb970409c1f6ae88247928/elements - {"using":"xpath","value":"//*[@id=\"__button385\"]"}
RESULT: {"using":"xpath","value":"//*[@id=\"__button385\"]"}
COMMAND: POST /session/e4ca631e3efb970409c1f6ae88247928/elements - {"using":"xpath","value":"//*[@id=\"__button385\"]"}
RESULT: {"using":"xpath","value":"//*[@id=\"__button385\"]"}
COMMAND: POST /session/e4ca631e3efb970409c1f6ae88247928/elements - {"using":"xpath","value":"//*[@id=\"__button385\"]"}
RESULT: {"using":"xpath","value":"//*[@id=\"__button385\"]"}
COMMAND: POST /session/e4ca631e3efb970409c1f6ae88247928/elements - {"using":"xpath","value":"//*[@id=\"__button385\"]"}
RESULT: {"using":"xpath","value":"//*[@id=\"__button385\"]"}
COMMAND: POST /session/e4ca631e3efb970409c1f6ae88247928/elements - {"using":"xpath","value":"//*[@id=\"__button385\"]"}
RESULT: {"using":"xpath","value":"//*[@id=\"__button385\"]"}
COMMAND: POST /session/e4ca631e3efb970409c1f6ae88247928/elements - {"using":"xpath","value":"//*[@id=\"__button385\"]"}
RESULT: {"using":"xpath","value":"//*[@id=\"__button385\"]"}
COMMAND: POST /session/e4ca631e3efb970409c1f6ae88247928/elements - {"using":"xpath","value":"//*[@id=\"__button385\"]"}
RESULT: {"using":"xpath","value":"//*[@id=\"__button385\"]"}
COMMAND: POST /session/e4ca631e3efb970409c1f6ae88247928/elements - {"using":"xpath","value":"//*[@id=\"__button385\"]"}
RESULT: {"using":"xpath","value":"//*[@id=\"__button385\"]"}
COMMAND: POST /session/e4ca631e3efb970409c1f6ae88247928/elements - {"using":"xpath","value":"//*[@id=\"__button385\"]"}
RESULT: {"using":"xpath","value":"//*[@id=\"__button385\"]"}
COMMAND: POST /session/e4ca631e3efb970409c1f6ae88247928/elements - {"using":"xpath","value":"//*[@id=\"__button385\"]"}
RESULT: {"using":"xpath","value":"//*[@id=\"__button385\"]"}
COMMAND: POST /session/e4ca631e3efb970409c1f6ae88247928/elements - {"using":"xpath","value":"//*[@id=\"__button385\"]"}
RESULT: {"using":"xpath","value":"//*[@id=\"__button385\"]"}
COMMAND: POST /session/e4ca631e3efb970409c1f6ae88247928/elements - {"using":"xpath","value":"//*[@id=\"__button385\"]"}
RESULT: {"using":"xpath","value":"//*[@id=\"__button385\"]"}
COMMAND: POST /session/e4ca631e3efb970409c1f6ae88247928/elements - {"using":"xpath","value":"//*[@id=\"__button385\"]"}
RESULT: {"using":"xpath","value":"//*[@id=\"__button385\"]"}
COMMAND: POST /session/e4ca631e3efb970409c1f6ae88247928/elements - {"using":"xpath","value":"//*[@id=\"__button385\"]"}
RESULT: {"using":"xpath","value":"//*[@id=\"__button385\"]"}
COMMAND: POST /session/e4ca631e3efb970409c1f6ae88247928/elements - {"using":"xpath","value":"//*[@id=\"__button385\"]"}
RESULT: {"using":"xpath","value":"//*[@id=\"__button385\"]"}
COMMAND: POST /session/e4ca631e3efb970409c1f6ae88247928/elements - {"using":"xpath","value":"//*[@id=\"__button385\"]"}
RESULT: {"using":"xpath","value":"//*[@id=\"__button385\"]"}
COMMAND: POST /session/e4ca631e3efb970409c1f6ae88247928/elements - {"using":"xpath","value":"//*[@id=\"__button385\"]"}
RESULT: {"using":"xpath","value":"//*[@id=\"__button385\"]"}
COMMAND: POST /session/e4ca631e3efb970409c1f6ae88247928/elements - {"using":"xpath","value":"//*[@id=\"__button385\"]"}
RESULT: {"using":"xpath","value":"//*[@id=\"__button385\"]"}
COMMAND: POST /session/e4ca631e3efb970409c1f6ae88247928/elements - {"using":"xpath","value":"//*[@id=\"__button385\"]"}
RESULT: {"using":"xpath","value":"//*[@id=\"__button385\"]"}
COMMAND: POST /session/e4ca631e3efb970409c1f6ae88247928/elements - {"using":"xpath","value":"//*[@id=\"__button385\"]"}
RESULT: {"using":"xpath","value":"//*[@id=\"__button385\"]"}
COMMAND: POST /session/e4ca631e3efb970409c1f6ae88247928/elements - {"using":"xpath","value":"//*[@id=\"__button385\"]"}
RESULT: {"using":"xpath","value":"//*[@id=\"__button385\"]"}
COMMAND: POST /session/e4ca631e3efb970409c1f6ae88247928/elements - {"using":"xpath","value":"//*[@id=\"__button385\"]"}
RESULT: {"using":"xpath","value":"//*[@id=\"__button385\"]"}
COMMAND: POST /session/e4ca631e3efb970409c1f6ae88247928/elements - {"using":"xpath","value":"//*[@id=\"__button385\"]"}
RESULT: {"using":"xpath","value":"//*[@id=\"__button385\"]"}
COMMAND: POST /session/e4ca631e3efb970409c1f6ae88247928/elements - {"using":"xpath","value":"//*[@id=\"__button385\"]"}
RESULT: {"using":"xpath","value":"//*[@id=\"__button385\"]"}
COMMAND: POST /session/e4ca631e3efb970409c1f6ae88247928/elements - {"using":"xpath","value":"//*[@id=\"__button385\"]"}
RESULT: {"using":"xpath","value":"//*[@id=\"__button385\"]"}
COMMAND: POST /session/e4ca631e3efb970409c1f6ae88247928/elements - {"using":"xpath","value":"//*[@id=\"__button385\"]"}
RESULT: {"using":"xpath","value":"//*[@id=\"__button385\"]"}
COMMAND: POST /session/e4ca631e3efb970409c1f6ae88247928/elements - {"using":"xpath","value":"//*[@id=\"__button385\"]"}
RESULT: {"using":"xpath","value":"//*[@id=\"__button385\"]"}
COMMAND: POST /session/e4ca631e3efb970409c1f6ae88247928/elements - {"using":"xpath","value":"//*[@id=\"__button385\"]"}
RESULT: {"using":"xpath","value":"//*[@id=\"__button385\"]"}
COMMAND: POST /session/e4ca631e3efb970409c1f6ae88247928/elements - {"using":"xpath","value":"//*[@id=\"__button385\"]"}
RESULT: {"using":"xpath","value":"//*[@id=\"__button385\"]"}
COMMAND: POST /session/e4ca631e3efb970409c1f6ae88247928/elements - {"using":"xpath","value":"//*[@id=\"__button385\"]"}
RESULT: {"using":"xpath","value":"//*[@id=\"__button385\"]"}
COMMAND: POST /session/e4ca631e3efb970409c1f6ae88247928/elements - {"using":"xpath","value":"//*[@id=\"__button385\"]"}
RESULT: {"using":"xpath","value":"//*[@id=\"__button385\"]"}
COMMAND: POST /session/e4ca631e3efb970409c1f6ae88247928/elements - {"using":"xpath","value":"//*[@id=\"__button385\"]"}
RESULT: {"using":"xpath","value":"//*[@id=\"__button385\"]"}
COMMAND: POST /session/e4ca631e3efb970409c1f6ae88247928/elements - {"using":"xpath","value":"//*[@id=\"__button385\"]"}
RESULT: {"using":"xpath","value":"//*[@id=\"__button385\"]"}
COMMAND: POST /session/e4ca631e3efb970409c1f6ae88247928/elements - {"using":"xpath","value":"//*[@id=\"__button385\"]"}
RESULT: {"using":"xpath","value":"//*[@id=\"__button385\"]"}
COMMAND: POST /session/e4ca631e3efb970409c1f6ae88247928/elements - {"using":"xpath","value":"//*[@id=\"__button385\"]"}
RESULT: {"using":"xpath","value":"//*[@id=\"__button385\"]"}
COMMAND: POST /session/e4ca631e3efb970409c1f6ae88247928/elements - {"using":"xpath","value":"//*[@id=\"__button385\"]"}
RESULT: {"using":"xpath","value":"//*[@id=\"__button385\"]"}
COMMAND: POST /session/e4ca631e3efb970409c1f6ae88247928/elements - {"using":"xpath","value":"//*[@id=\"__button385\"]"}
RESULT: {"using":"xpath","value":"//*[@id=\"__button385\"]"}
COMMAND: POST /session/e4ca631e3efb970409c1f6ae88247928/elements - {"using":"xpath","value":"//*[@id=\"__button385\"]"}
RESULT: {"using":"xpath","value":"//*[@id=\"__button385\"]"}
COMMAND: POST /session/e4ca631e3efb970409c1f6ae88247928/elements - {"using":"xpath","value":"//*[@id=\"__button385\"]"}
RESULT: {"using":"xpath","value":"//*[@id=\"__button385\"]"}
COMMAND: POST /session/e4ca631e3efb970409c1f6ae88247928/elements - {"using":"xpath","value":"//*[@id=\"__button385\"]"}
RESULT: {"using":"xpath","value":"//*[@id=\"__button385\"]"}
COMMAND: POST /session/e4ca631e3efb970409c1f6ae88247928/elements - {"using":"xpath","value":"//*[@id=\"__button385\"]"}
RESULT: {"using":"xpath","value":"//*[@id=\"__button385\"]"}
COMMAND: POST /session/e4ca631e3efb970409c1f6ae88247928/elements - {"using":"xpath","value":"//*[@id=\"__button385\"]"}
RESULT: {"using":"xpath","value":"//*[@id=\"__button385\"]"}
COMMAND: POST /session/e4ca631e3efb970409c1f6ae88247928/elements - {"using":"xpath","value":"//*[@id=\"__button385\"]"}
RESULT: {"using":"xpath","value":"//*[@id=\"__button385\"]"}
COMMAND: POST /session/e4ca631e3efb970409c1f6ae88247928/elements - {"using":"xpath","value":"//*[@id=\"__button385\"]"}
RESULT: {"using":"xpath","value":"//*[@id=\"__button385\"]"}
COMMAND: POST /session/e4ca631e3efb970409c1f6ae88247928/elements - {"using":"xpath","value":"//*[@id=\"__button385\"]"}
RESULT: {"using":"xpath","value":"//*[@id=\"__button385\"]"}
COMMAND: POST /session/e4ca631e3efb970409c1f6ae88247928/elements - {"using":"xpath","value":"//*[@id=\"__button385\"]"}
RESULT: {"using":"xpath","value":"//*[@id=\"__button385\"]"}
COMMAND: POST /session/e4ca631e3efb970409c1f6ae88247928/elements - {"using":"xpath","value":"//*[@id=\"__button385\"]"}
RESULT: {"using":"xpath","value":"//*[@id=\"__button385\"]"}
COMMAND: POST /session/e4ca631e3efb970409c1f6ae88247928/elements - {"using":"xpath","value":"//*[@id=\"__button385\"]"}
RESULT: {"using":"xpath","value":"//*[@id=\"__button385\"]"}
COMMAND: POST /session/e4ca631e3efb970409c1f6ae88247928/elements - {"using":"xpath","value":"//*[@id=\"__button385\"]"}
RESULT: {"using":"xpath","value":"//*[@id=\"__button385\"]"}
COMMAND: POST /session/e4ca631e3efb970409c1f6ae88247928/elements - {"using":"xpath","value":"//*[@id=\"__button385\"]"}
RESULT: {"using":"xpath","value":"//*[@id=\"__button385\"]"}
COMMAND: POST /session/e4ca631e3efb970409c1f6ae88247928/elements - {"using":"xpath","value":"//*[@id=\"__button385\"]"}
RESULT: {"using":"xpath","value":"//*[@id=\"__button385\"]"}
COMMAND: POST /session/e4ca631e3efb970409c1f6ae88247928/elements - {"using":"xpath","value":"//*[@id=\"__button385\"]"}
RESULT: {"using":"xpath","value":"//*[@id=\"__button385\"]"}
COMMAND: POST /session/e4ca631e3efb970409c1f6ae88247928/elements - {"using":"xpath","value":"//*[@id=\"__button385\"]"}
RESULT: {"using":"xpath","value":"//*[@id=\"__button385\"]"}
COMMAND: POST /session/e4ca631e3efb970409c1f6ae88247928/elements - {"using":"xpath","value":"//*[@id=\"__button385\"]"}
RESULT: {"using":"xpath","value":"//*[@id=\"__button385\"]"}
COMMAND: POST /session/e4ca631e3efb970409c1f6ae88247928/elements - {"using":"xpath","value":"//*[@id=\"__button385\"]"}
RESULT: {"using":"xpath","value":"//*[@id=\"__button385\"]"}
COMMAND: POST /session/e4ca631e3efb970409c1f6ae88247928/elements - {"using":"xpath","value":"//*[@id=\"__button385\"]"}
RESULT: {"using":"xpath","value":"//*[@id=\"__button385\"]"}
COMMAND: POST /session/e4ca631e3efb970409c1f6ae88247928/elements - {"using":"xpath","value":"//*[@id=\"__button385\"]"}
RESULT: {"using":"xpath","value":"//*[@id=\"__button385\"]"}
COMMAND: POST /session/e4ca631e3efb970409c1f6ae88247928/elements - {"using":"xpath","value":"//*[@id=\"__button385\"]"}
RESULT: {"using":"xpath","value":"//*[@id=\"__button385\"]"}
COMMAND: POST /session/e4ca631e3efb970409c1f6ae88247928/elements - {"using":"xpath","value":"//*[@id=\"__button385\"]"}
RESULT: {"using":"xpath","value":"//*[@id=\"__button385\"]"}
COMMAND: POST /session/e4ca631e3efb970409c1f6ae88247928/elements - {"using":"xpath","value":"//*[@id=\"__button385\"]"}
RESULT: {"using":"xpath","value":"//*[@id=\"__button385\"]"}
COMMAND: POST /session/e4ca631e3efb970409c1f6ae88247928/elements - {"using":"xpath","value":"//*[@id=\"__button385\"]"}
RESULT: {"using":"xpath","value":"//*[@id=\"__button385\"]"}
COMMAND: POST /session/e4ca631e3efb970409c1f6ae88247928/elements - {"using":"xpath","value":"//*[@id=\"__button385\"]"}
RESULT: {"using":"xpath","value":"//*[@id=\"__button385\"]"}
COMMAND: POST /session/e4ca631e3efb970409c1f6ae88247928/elements - {"using":"xpath","value":"//*[@id=\"__button385\"]"}
RESULT: {"using":"xpath","value":"//*[@id=\"__button385\"]"}
COMMAND: POST /session/e4ca631e3efb970409c1f6ae88247928/elements - {"using":"xpath","value":"//*[@id=\"__button385\"]"}
RESULT: {"using":"xpath","value":"//*[@id=\"__button385\"]"}
COMMAND: POST /session/e4ca631e3efb970409c1f6ae88247928/elements - {"using":"xpath","value":"//*[@id=\"__button385\"]"}
RESULT: {"using":"xpath","value":"//*[@id=\"__button385\"]"}
COMMAND: POST /session/e4ca631e3efb970409c1f6ae88247928/elements - {"using":"xpath","value":"//*[@id=\"__button385\"]"}
RESULT: {"using":"xpath","value":"//*[@id=\"__button385\"]"}
COMMAND: POST /session/e4ca631e3efb970409c1f6ae88247928/elements - {"using":"xpath","value":"//*[@id=\"__button385\"]"}
RESULT: {"using":"xpath","value":"//*[@id=\"__button385\"]"}
COMMAND: POST /session/e4ca631e3efb970409c1f6ae88247928/elements - {"using":"xpath","value":"//*[@id=\"__button385\"]"}
RESULT: {"using":"xpath","value":"//*[@id=\"__button385\"]"}
COMMAND: POST /session/e4ca631e3efb970409c1f6ae88247928/elements - {"using":"xpath","value":"//*[@id=\"__button385\"]"}
RESULT: {"using":"xpath","value":"//*[@id=\"__button385\"]"}
COMMAND: POST /session/e4ca631e3efb970409c1f6ae88247928/elements - {"using":"xpath","value":"//*[@id=\"__button385\"]"}
RESULT: {"using":"xpath","value":"//*[@id=\"__button385\"]"}
COMMAND: POST /session/e4ca631e3efb970409c1f6ae88247928/elements - {"using":"xpath","value":"//*[@id=\"__button385\"]"}
RESULT: {"using":"xpath","value":"//*[@id=\"__button385\"]"}
COMMAND: POST /session/e4ca631e3efb970409c1f6ae88247928/elements - {"using":"xpath","value":"//*[@id=\"__button385\"]"}
RESULT: {"using":"xpath","value":"//*[@id=\"__button385\"]"}
COMMAND: POST /session/e4ca631e3efb970409c1f6ae88247928/elements - {"using":"xpath","value":"//*[@id=\"__button385\"]"}
RESULT: {"using":"xpath","value":"//*[@id=\"__button385\"]"}
COMMAND: POST /session/e4ca631e3efb970409c1f6ae88247928/elements - {"using":"xpath","value":"//*[@id=\"__button385\"]"}
RESULT: {"using":"xpath","value":"//*[@id=\"__button385\"]"}
COMMAND: POST /session/e4ca631e3efb970409c1f6ae88247928/elements - {"using":"xpath","value":"//*[@id=\"__button385\"]"}
RESULT: {"using":"xpath","value":"//*[@id=\"__button385\"]"}
COMMAND: POST /session/e4ca631e3efb970409c1f6ae88247928/elements - {"using":"xpath","value":"//*[@id=\"__button385\"]"}
RESULT: {"using":"xpath","value":"//*[@id=\"__button385\"]"}
COMMAND: POST /session/e4ca631e3efb970409c1f6ae88247928/elements - {"using":"xpath","value":"//*[@id=\"__button385\"]"}
RESULT: {"using":"xpath","value":"//*[@id=\"__button385\"]"}
COMMAND: POST /session/e4ca631e3efb970409c1f6ae88247928/elements - {"using":"xpath","value":"//*[@id=\"__button385\"]"}
RESULT: {"using":"xpath","value":"//*[@id=\"__button385\"]"}
COMMAND: POST /session/e4ca631e3efb970409c1f6ae88247928/elements - {"using":"xpath","value":"//*[@id=\"__button385\"]"}
RESULT: {"using":"xpath","value":"//*[@id=\"__button385\"]"}
COMMAND: POST /session/e4ca631e3efb970409c1f6ae88247928/elements - {"using":"xpath","value":"//*[@id=\"__button385\"]"}
RESULT: {"using":"xpath","value":"//*[@id=\"__button385\"]"}
COMMAND: POST /session/e4ca631e3efb970409c1f6ae88247928/elements - {"using":"xpath","value":"//*[@id=\"__button385\"]"}
RESULT: {"using":"xpath","value":"//*[@id=\"__button385\"]"}
COMMAND: POST /session/e4ca631e3efb970409c1f6ae88247928/element - {"using":"css selector","value":"#shell-header-logo"}
RESULT: {"using":"css selector","value":"#shell-header-logo"}
COMMAND: POST /session/e4ca631e3efb970409c1f6ae88247928/execute/sync - {"script":"<script> [8489 bytes]","args":[{"element-6066-11e4-a52e-4f735466cecf":"f.C691F06ADA7EF9549F3769A53F800D74.d.8F7EFD0CDD1F97E84366A70250179B32.e.18053","ELEMENT":"f.C691F06ADA7EF9549F3769A53F800D74.d.8F7EFD0CDD1F97E84366A70250179B32.e.18053"}]}
RESULT: {"script":"<script> [8489 bytes]","args":[{"element-6066-11e4-a52e-4f735466cecf":"f.C691F06ADA7EF9549F3769A53F800D74.d.8F7EFD0CDD1F97E84366A70250179B32.e.18053","ELEMENT":"f.C691F06ADA7EF9549F3769A53F800D74.d.8F7EFD0CDD1F97E84366A70250179B32.e.18053"}]}
COMMAND: POST /session/e4ca631e3efb970409c1f6ae88247928/execute/sync - {"script":"<script> [5351 bytes]","args":[{"element-6066-11e4-a52e-4f735466cecf":"f.C691F06ADA7EF9549F3769A53F800D74.d.8F7EFD0CDD1F97E84366A70250179B32.e.18053","ELEMENT":"f.C691F06ADA7EF9549F3769A53F800D74.d.8F7EFD0CDD1F97E84366A70250179B32.e.18053"}]}
COMMAND: GET /session/e4ca631e3efb970409c1f6ae88247928/screenshot - {}
RESULT: {"script":"<script> [5351 bytes]","args":[{"element-6066-11e4-a52e-4f735466cecf":"f.C691F06ADA7EF9549F3769A53F800D74.d.8F7EFD0CDD1F97E84366A70250179B32.e.18053","ELEMENT":"f.C691F06ADA7EF9549F3769A53F800D74.d.8F7EFD0CDD1F97E84366A70250179B32.e.18053"}]}
COMMAND: POST /session/e4ca631e3efb970409c1f6ae88247928/element/f.C691F06ADA7EF9549F3769A53F800D74.d.8F7EFD0CDD1F97E84366A70250179B32.e.18053/click - {}
COMMAND: GET /session/e4ca631e3efb970409c1f6ae88247928/screenshot - {}
RESULT: {}
RESULT: {}
]]></system-out>
    </testcase>
    <testcase classname="chrome.135_0_7049_115.windows.Performance_based_billing_(work_days)_US139742" name="Should go to Manage Billings and trigger calculation check the conditions applied" time="54.259">
      <system-out><![CDATA[
COMMAND: POST /session/e4ca631e3efb970409c1f6ae88247928/execute/async - {"script":"<script> [1562 bytes]","args":[{"selector":{"controlType":"sap.m.GenericTile","properties":{"header":"Manage Billings"}},"wdio_ui5_key":"sapm.GenericTile{\"header\":\"Manage Billings\"}"}]}
COMMAND: GET /session/e4ca631e3efb970409c1f6ae88247928/screenshot - {}
RESULT: {}
RESULT: {"script":"<script> [1562 bytes]","args":[{"selector":{"controlType":"sap.m.GenericTile","properties":{"header":"Manage Billings"}},"wdio_ui5_key":"sapm.GenericTile{\"header\":\"Manage Billings\"}"}]}
RESULT: undefined
COMMAND: POST /session/e4ca631e3efb970409c1f6ae88247928/element - {"using":"xpath","value":"//*[@id=\"__tile51\"]"}
RESULT: {}
RESULT: {"using":"xpath","value":"//*[@id=\"__tile51\"]"}
COMMAND: POST /session/e4ca631e3efb970409c1f6ae88247928/element/f.C691F06ADA7EF9549F3769A53F800D74.d.8F7EFD0CDD1F97E84366A70250179B32.e.14275/click - {}
RESULT: {}
COMMAND: GET /session/e4ca631e3efb970409c1f6ae88247928/screenshot - {}
RESULT: {}
COMMAND: POST /session/e4ca631e3efb970409c1f6ae88247928/execute/async - {"script":"<script> [1562 bytes]","args":[{"selector":{"id":"application-managebillings-display-component---billRunCalcResult--smartFilterBar-btnBasicSearch","interaction":{"idSuffix":"I"}},"wdio_ui5_key":"applicationmanagebillings-display-component---billRunCalcResult--smartFilterBar-btnBasicSearch"}]}
RESULT: {"script":"<script> [1562 bytes]","args":[{"selector":{"id":"application-managebillings-display-component---billRunCalcResult--smartFilterBar-btnBasicSearch","interaction":{"idSuffix":"I"}},"wdio_ui5_key":"applicationmanagebillings-display-component---billRunCalcResult--smartFilterBar-btnBasicSearch"}]}
RESULT: undefined
COMMAND: POST /session/e4ca631e3efb970409c1f6ae88247928/execute/async - {"script":"<script> [776 bytes]","args":[{"enterText":"10620","selector":{"id":"application-managebillings-display-component---billRunCalcResult--smartFilterBar-btnBasicSearch","interaction":{"idSuffix":"I"}},"clearTextFirst":true,"interactionType":"ENTER_TEXT"}]}
RESULT: {"script":"<script> [776 bytes]","args":[{"enterText":"10620","selector":{"id":"application-managebillings-display-component---billRunCalcResult--smartFilterBar-btnBasicSearch","interaction":{"idSuffix":"I"}},"clearTextFirst":true,"interactionType":"ENTER_TEXT"}]}
COMMAND: POST /session/e4ca631e3efb970409c1f6ae88247928/actions - {"actions":[{"id":"action66","type":"key","parameters":{},"actions":[{"type":"keyDown","value":"î€‡"},{"type":"pause","duration":10},{"type":"keyUp","value":"î€‡"}]}]}
RESULT: {"actions":[{"id":"action66","type":"key","parameters":{},"actions":[{"type":"keyDown","value":"î€‡"},{"type":"pause","duration":10},{"type":"keyUp","value":"î€‡"}]}]}
COMMAND: GET /session/e4ca631e3efb970409c1f6ae88247928/screenshot - {}
RESULT: {}
COMMAND: POST /session/e4ca631e3efb970409c1f6ae88247928/element - {"using":"xpath","value":"//td[@aria-colindex=\"1\"]/div/div[contains(@class, \"sapMCbBg\")]"}
RESULT: {"using":"xpath","value":"//td[@aria-colindex=\"1\"]/div/div[contains(@class, \"sapMCbBg\")]"}
COMMAND: POST /session/e4ca631e3efb970409c1f6ae88247928/element/f.C691F06ADA7EF9549F3769A53F800D74.d.8F7EFD0CDD1F97E84366A70250179B32.e.18457/click - {}
RESULT: {}
COMMAND: GET /session/e4ca631e3efb970409c1f6ae88247928/screenshot - {}
RESULT: {}
COMMAND: POST /session/e4ca631e3efb970409c1f6ae88247928/execute/async - {"script":"<script> [1562 bytes]","args":[{"selector":{"id":"application-managebillings-display-component---billRunCalcResult--contractBillRunDate","interaction":{"idSuffix":"inner"}},"wdio_ui5_key":"applicationmanagebillings-display-component---billRunCalcResult--contractBillRunDate"}]}
RESULT: {"script":"<script> [1562 bytes]","args":[{"selector":{"id":"application-managebillings-display-component---billRunCalcResult--contractBillRunDate","interaction":{"idSuffix":"inner"}},"wdio_ui5_key":"applicationmanagebillings-display-component---billRunCalcResult--contractBillRunDate"}]}
RESULT: undefined
COMMAND: POST /session/e4ca631e3efb970409c1f6ae88247928/execute/async - {"script":"<script> [776 bytes]","args":[{"enterText":"06/07/25","selector":{"id":"application-managebillings-display-component---billRunCalcResult--contractBillRunDate","interaction":{"idSuffix":"inner"}},"clearTextFirst":true,"interactionType":"ENTER_TEXT"}]}
RESULT: {"script":"<script> [776 bytes]","args":[{"enterText":"06/07/25","selector":{"id":"application-managebillings-display-component---billRunCalcResult--contractBillRunDate","interaction":{"idSuffix":"inner"}},"clearTextFirst":true,"interactionType":"ENTER_TEXT"}]}
COMMAND: POST /session/e4ca631e3efb970409c1f6ae88247928/element - {"using":"xpath","value":"//bdi[contains(text(), \"Trigger Calculation\")]"}
RESULT: {"using":"xpath","value":"//bdi[contains(text(), \"Trigger Calculation\")]"}
COMMAND: POST /session/e4ca631e3efb970409c1f6ae88247928/element/f.C691F06ADA7EF9549F3769A53F800D74.d.8F7EFD0CDD1F97E84366A70250179B32.e.18507/click - {}
RESULT: {}
COMMAND: GET /session/e4ca631e3efb970409c1f6ae88247928/screenshot - {}
RESULT: {}
COMMAND: POST /session/e4ca631e3efb970409c1f6ae88247928/element - {"using":"xpath","value":"(//span[contains(@id, \"imgNav\")])[1]"}
RESULT: {"using":"xpath","value":"(//span[contains(@id, \"imgNav\")])[1]"}
COMMAND: POST /session/e4ca631e3efb970409c1f6ae88247928/element/f.C691F06ADA7EF9549F3769A53F800D74.d.8F7EFD0CDD1F97E84366A70250179B32.e.18458/click - {}
RESULT: {}
COMMAND: GET /session/e4ca631e3efb970409c1f6ae88247928/screenshot - {}
RESULT: {}
COMMAND: POST /session/e4ca631e3efb970409c1f6ae88247928/element - {"using":"xpath","value":"//tr/td[6]/div[1]/span[1]/span[1]"}
RESULT: {"using":"xpath","value":"//tr/td[6]/div[1]/span[1]/span[1]"}
COMMAND: GET /session/e4ca631e3efb970409c1f6ae88247928/element/f.C691F06ADA7EF9549F3769A53F800D74.d.8F7EFD0CDD1F97E84366A70250179B32.e.18512/text - {}
RESULT: {}
COMMAND: POST /session/e4ca631e3efb970409c1f6ae88247928/element - {"using":"xpath","value":"(//span[contains(@id, \"imgNav\")])[2]"}
RESULT: {"using":"xpath","value":"(//span[contains(@id, \"imgNav\")])[2]"}
COMMAND: POST /session/e4ca631e3efb970409c1f6ae88247928/element/f.C691F06ADA7EF9549F3769A53F800D74.d.8F7EFD0CDD1F97E84366A70250179B32.e.18513/click - {}
RESULT: {}
COMMAND: POST /session/e4ca631e3efb970409c1f6ae88247928/element - {"using":"xpath","value":"//bdi[contains(text(), \"Business Confirm\")]"}
COMMAND: GET /session/e4ca631e3efb970409c1f6ae88247928/screenshot - {}
RESULT: {"using":"xpath","value":"//bdi[contains(text(), \"Business Confirm\")]"}
COMMAND: POST /session/e4ca631e3efb970409c1f6ae88247928/elements - {"using":"xpath","value":"//bdi[contains(text(), \"Business Confirm\")]"}
RESULT: {}
RESULT: {"using":"xpath","value":"//bdi[contains(text(), \"Business Confirm\")]"}
COMMAND: POST /session/e4ca631e3efb970409c1f6ae88247928/element - {"using":"xpath","value":"//bdi[contains(text(), \"Business Confirm\")]"}
RESULT: {"using":"xpath","value":"//bdi[contains(text(), \"Business Confirm\")]"}
COMMAND: POST /session/e4ca631e3efb970409c1f6ae88247928/element/f.C691F06ADA7EF9549F3769A53F800D74.d.8F7EFD0CDD1F97E84366A70250179B32.e.18517/click - {}
RESULT: {}
COMMAND: POST /session/e4ca631e3efb970409c1f6ae88247928/element - {"using":"css selector","value":"#shell-header-logo"}
COMMAND: GET /session/e4ca631e3efb970409c1f6ae88247928/screenshot - {}
RESULT: {"using":"css selector","value":"#shell-header-logo"}
COMMAND: POST /session/e4ca631e3efb970409c1f6ae88247928/element/f.C691F06ADA7EF9549F3769A53F800D74.d.8F7EFD0CDD1F97E84366A70250179B32.e.18249/click - {}
RESULT: {}
RESULT: {}
COMMAND: GET /session/e4ca631e3efb970409c1f6ae88247928/screenshot - {}
RESULT: {}
COMMAND: POST /session/e4ca631e3efb970409c1f6ae88247928/element - {"using":"css selector","value":"#j_username"}
COMMAND: POST /session/e4ca631e3efb970409c1f6ae88247928/url - {"url":"https://qa-testing-00-live-etm-ui.cfapps.eu10-004.hana.ondemand.com/"}
RESULT: {"using":"css selector","value":"#j_username"}
COMMAND: POST /session/e4ca631e3efb970409c1f6ae88247928/element - {"using":"css selector","value":"#j_username"}
RESULT: {"url":"https://qa-testing-00-live-etm-ui.cfapps.eu10-004.hana.ondemand.com/"}
RESULT: undefined
COMMAND: GET /session/e4ca631e3efb970409c1f6ae88247928/screenshot - {}
RESULT: {"using":"css selector","value":"#j_username"}
COMMAND: POST /session/e4ca631e3efb970409c1f6ae88247928/element - {"using":"css selector","value":"#shell-header-logo"}
RESULT: {}
RESULT: {"using":"css selector","value":"#shell-header-logo"}
COMMAND: POST /session/e4ca631e3efb970409c1f6ae88247928/execute/sync - {"script":"<script> [8489 bytes]","args":[{"element-6066-11e4-a52e-4f735466cecf":"f.C691F06ADA7EF9549F3769A53F800D74.d.A7CC0BC597895B4CBBC71A5056912BB8.e.18599","ELEMENT":"f.C691F06ADA7EF9549F3769A53F800D74.d.A7CC0BC597895B4CBBC71A5056912BB8.e.18599"}]}
RESULT: {"script":"<script> [8489 bytes]","args":[{"element-6066-11e4-a52e-4f735466cecf":"f.C691F06ADA7EF9549F3769A53F800D74.d.A7CC0BC597895B4CBBC71A5056912BB8.e.18599","ELEMENT":"f.C691F06ADA7EF9549F3769A53F800D74.d.A7CC0BC597895B4CBBC71A5056912BB8.e.18599"}]}
COMMAND: POST /session/e4ca631e3efb970409c1f6ae88247928/element - {"using":"css selector","value":"#shell-header-logo"}
COMMAND: GET /session/e4ca631e3efb970409c1f6ae88247928/screenshot - {}
RESULT: {"using":"css selector","value":"#shell-header-logo"}
COMMAND: POST /session/e4ca631e3efb970409c1f6ae88247928/execute/sync - {"script":"<script> [8489 bytes]","args":[{"element-6066-11e4-a52e-4f735466cecf":"f.C691F06ADA7EF9549F3769A53F800D74.d.A7CC0BC597895B4CBBC71A5056912BB8.e.18599","ELEMENT":"f.C691F06ADA7EF9549F3769A53F800D74.d.A7CC0BC597895B4CBBC71A5056912BB8.e.18599"}]}
RESULT: {}
RESULT: {"script":"<script> [8489 bytes]","args":[{"element-6066-11e4-a52e-4f735466cecf":"f.C691F06ADA7EF9549F3769A53F800D74.d.A7CC0BC597895B4CBBC71A5056912BB8.e.18599","ELEMENT":"f.C691F06ADA7EF9549F3769A53F800D74.d.A7CC0BC597895B4CBBC71A5056912BB8.e.18599"}]}
COMMAND: POST /session/e4ca631e3efb970409c1f6ae88247928/execute/sync - {"script":"<script> [5351 bytes]","args":[{"element-6066-11e4-a52e-4f735466cecf":"f.C691F06ADA7EF9549F3769A53F800D74.d.A7CC0BC597895B4CBBC71A5056912BB8.e.18599","ELEMENT":"f.C691F06ADA7EF9549F3769A53F800D74.d.A7CC0BC597895B4CBBC71A5056912BB8.e.18599"}]}
COMMAND: GET /session/e4ca631e3efb970409c1f6ae88247928/screenshot - {}
RESULT: {"script":"<script> [5351 bytes]","args":[{"element-6066-11e4-a52e-4f735466cecf":"f.C691F06ADA7EF9549F3769A53F800D74.d.A7CC0BC597895B4CBBC71A5056912BB8.e.18599","ELEMENT":"f.C691F06ADA7EF9549F3769A53F800D74.d.A7CC0BC597895B4CBBC71A5056912BB8.e.18599"}]}
COMMAND: POST /session/e4ca631e3efb970409c1f6ae88247928/element - {"using":"css selector","value":"#shell-header-logo"}
COMMAND: GET /session/e4ca631e3efb970409c1f6ae88247928/screenshot - {}
RESULT: {}
RESULT: {"using":"css selector","value":"#shell-header-logo"}
COMMAND: POST /session/e4ca631e3efb970409c1f6ae88247928/element/f.C691F06ADA7EF9549F3769A53F800D74.d.A7CC0BC597895B4CBBC71A5056912BB8.e.18599/click - {}
RESULT: {}
RESULT: {}
COMMAND: GET /session/e4ca631e3efb970409c1f6ae88247928/screenshot - {}
RESULT: {}
COMMAND: POST /session/e4ca631e3efb970409c1f6ae88247928/execute/async - {"script":"<script> [189 bytes]","args":[]}
RESULT: {"script":"<script> [189 bytes]","args":[]}
COMMAND: POST /session/e4ca631e3efb970409c1f6ae88247928/execute/async - {"script":"<script> [123 bytes]","args":[]}
RESULT: {"script":"<script> [123 bytes]","args":[]}
COMMAND: POST /session/e4ca631e3efb970409c1f6ae88247928/timeouts - {"script":"<number>"}
RESULT: {"script":"<number>"}
COMMAND: GET /session/e4ca631e3efb970409c1f6ae88247928/timeouts - {}
RESULT: {}
RESULT: undefined
COMMAND: POST /session/e4ca631e3efb970409c1f6ae88247928/execute/async - {"script":"<script> [2676 bytes]","args":[]}
RESULT: {"script":"<script> [2676 bytes]","args":[]}
COMMAND: POST /session/e4ca631e3efb970409c1f6ae88247928/execute/async - {"script":"<script> [2342 bytes]","args":[{"protocol":"http","hostname":"0.0.0.0","path":"/","capabilities":{"browserName":"chrome","goog:chromeOptions":{"binary":"C:\\Program Files\\Google\\Chrome\\Application\\chrome.exe","args":["--start-maximized"]}},"logLevel":"warn","connectionRetryTimeout":120000,"connectionRetryCount":3,"logLevels":{},"enableDirectConnect":true,"strictSSL":true,"_":"65 more keys: [\"cacheDir\",\"port\",\"requestedCapabilities\",\"automationProtocol\",\"baseUrl\",\"waitforInterval\",\"waitforTimeout\",\"onReload\",\"beforeCommand\",\"afterCommand\",\"rootDir\",\"specs\",\"suites\",\"exclude\",\"groupLogsByTestSpec\",\"excludeDriverLogs\",\"bail\",\"framework\",\"reporters\",\"services\",\"maxInstances\",\"maxInstancesPerCapability\",\"injectGlobals\",\"filesToWatch\",\"execArgv\",\"runnerEnv\",\"runner\",\"shard\",\"specFileRetries\",\"specFileRetriesDelay\",\"specFileRetriesDeferred\",\"reporterSyncInterval\",\"reporterSyncTimeout\",\"cucumberFeaturesWithLineNumbers\",\"autoCompileOpts\",\"mochaOpts\",\"jasmineOpts\",\"cucumberOpts\",\"onPrepare\",\"onWorkerStart\",\"onWorkerEnd\",\"before\",\"beforeSession\",\"beforeSuite\",\"beforeHook\",\"beforeTest\",\"afterTest\",\"afterHook\",\"afterSuite\",\"afterSession\",\"after\",\"onComplete\",\"beforeAssertion\",\"afterAssertion\",\"beforeFeature\",\"beforeScenario\",\"beforeStep\",\"afterStep\",\"afterScenario\",\"afterFeature\",\"_\",\"suite\",\"$0\",\"ignoredWorkerServices\",\"wdi5\"]"}]}
RESULT: {"script":"<script> [2342 bytes]","args":[{"protocol":"http","hostname":"0.0.0.0","path":"/","capabilities":{"browserName":"chrome","goog:chromeOptions":{"binary":"C:\\Program Files\\Google\\Chrome\\Application\\chrome.exe","args":["--start-maximized"]}},"logLevel":"warn","connectionRetryTimeout":120000,"connectionRetryCount":3,"logLevels":{},"enableDirectConnect":true,"strictSSL":true,"_":"65 more keys: [\"cacheDir\",\"port\",\"requestedCapabilities\",\"automationProtocol\",\"baseUrl\",\"waitforInterval\",\"waitforTimeout\",\"onReload\",\"beforeCommand\",\"afterCommand\",\"rootDir\",\"specs\",\"suites\",\"exclude\",\"groupLogsByTestSpec\",\"excludeDriverLogs\",\"bail\",\"framework\",\"reporters\",\"services\",\"maxInstances\",\"maxInstancesPerCapability\",\"injectGlobals\",\"filesToWatch\",\"execArgv\",\"runnerEnv\",\"runner\",\"shard\",\"specFileRetries\",\"specFileRetriesDelay\",\"specFileRetriesDeferred\",\"reporterSyncInterval\",\"reporterSyncTimeout\",\"cucumberFeaturesWithLineNumbers\",\"autoCompileOpts\",\"mochaOpts\",\"jasmineOpts\",\"cucumberOpts\",\"onPrepare\",\"onWorkerStart\",\"onWorkerEnd\",\"before\",\"beforeSession\",\"beforeSuite\",\"beforeHook\",\"beforeTest\",\"afterTest\",\"afterHook\",\"afterSuite\",\"afterSession\",\"after\",\"onComplete\",\"beforeAssertion\",\"afterAssertion\",\"beforeFeature\",\"beforeScenario\",\"beforeStep\",\"afterStep\",\"afterScenario\",\"afterFeature\",\"_\",\"suite\",\"$0\",\"ignoredWorkerServices\",\"wdi5\"]"}]}
COMMAND: POST /session/e4ca631e3efb970409c1f6ae88247928/execute/async - {"script":"<script> [21126 bytes]","args":[35000]}
RESULT: {"script":"<script> [21126 bytes]","args":[35000]}
COMMAND: POST /session/e4ca631e3efb970409c1f6ae88247928/window/maximize - {}
RESULT: {}
COMMAND: POST /session/e4ca631e3efb970409c1f6ae88247928/execute/async - {"script":"<script> [1562 bytes]","args":[{"selector":{"id":"shell-header","interaction":{"idSuffix":"icon"}},"wdio_ui5_key":"shellheader"}]}
COMMAND: GET /session/e4ca631e3efb970409c1f6ae88247928/screenshot - {}
RESULT: {"script":"<script> [1562 bytes]","args":[{"selector":{"id":"shell-header","interaction":{"idSuffix":"icon"}},"wdio_ui5_key":"shellheader"}]}
RESULT: undefined
COMMAND: POST /session/e4ca631e3efb970409c1f6ae88247928/refresh - {}
RESULT: {}
RESULT: {}
COMMAND: GET /session/e4ca631e3efb970409c1f6ae88247928/screenshot - {}
RESULT: {}
COMMAND: POST /session/e4ca631e3efb970409c1f6ae88247928/refresh - {}
RESULT: {}
COMMAND: GET /session/e4ca631e3efb970409c1f6ae88247928/screenshot - {}
RESULT: {}
COMMAND: POST /session/e4ca631e3efb970409c1f6ae88247928/window/fullscreen - {}
RESULT: {}
COMMAND: POST /session/e4ca631e3efb970409c1f6ae88247928/execute/async - {"script":"<script> [189 bytes]","args":[]}
RESULT: {"script":"<script> [189 bytes]","args":[]}
COMMAND: POST /session/e4ca631e3efb970409c1f6ae88247928/execute/async - {"script":"<script> [123 bytes]","args":[]}
RESULT: {"script":"<script> [123 bytes]","args":[]}
COMMAND: POST /session/e4ca631e3efb970409c1f6ae88247928/timeouts - {"script":"<number>"}
RESULT: {"script":"<number>"}
COMMAND: GET /session/e4ca631e3efb970409c1f6ae88247928/timeouts - {}
RESULT: {}
RESULT: undefined
COMMAND: POST /session/e4ca631e3efb970409c1f6ae88247928/execute/async - {"script":"<script> [2676 bytes]","args":[]}
RESULT: {"script":"<script> [2676 bytes]","args":[]}
COMMAND: POST /session/e4ca631e3efb970409c1f6ae88247928/execute/async - {"script":"<script> [2342 bytes]","args":[{"protocol":"http","hostname":"0.0.0.0","path":"/","capabilities":{"browserName":"chrome","goog:chromeOptions":{"binary":"C:\\Program Files\\Google\\Chrome\\Application\\chrome.exe","args":["--start-maximized"]}},"logLevel":"warn","connectionRetryTimeout":120000,"connectionRetryCount":3,"logLevels":{},"enableDirectConnect":true,"strictSSL":true,"_":"65 more keys: [\"cacheDir\",\"port\",\"requestedCapabilities\",\"automationProtocol\",\"baseUrl\",\"waitforInterval\",\"waitforTimeout\",\"onReload\",\"beforeCommand\",\"afterCommand\",\"rootDir\",\"specs\",\"suites\",\"exclude\",\"groupLogsByTestSpec\",\"excludeDriverLogs\",\"bail\",\"framework\",\"reporters\",\"services\",\"maxInstances\",\"maxInstancesPerCapability\",\"injectGlobals\",\"filesToWatch\",\"execArgv\",\"runnerEnv\",\"runner\",\"shard\",\"specFileRetries\",\"specFileRetriesDelay\",\"specFileRetriesDeferred\",\"reporterSyncInterval\",\"reporterSyncTimeout\",\"cucumberFeaturesWithLineNumbers\",\"autoCompileOpts\",\"mochaOpts\",\"jasmineOpts\",\"cucumberOpts\",\"onPrepare\",\"onWorkerStart\",\"onWorkerEnd\",\"before\",\"beforeSession\",\"beforeSuite\",\"beforeHook\",\"beforeTest\",\"afterTest\",\"afterHook\",\"afterSuite\",\"afterSession\",\"after\",\"onComplete\",\"beforeAssertion\",\"afterAssertion\",\"beforeFeature\",\"beforeScenario\",\"beforeStep\",\"afterStep\",\"afterScenario\",\"afterFeature\",\"_\",\"suite\",\"$0\",\"ignoredWorkerServices\",\"wdi5\"]"}]}
RESULT: {"script":"<script> [2342 bytes]","args":[{"protocol":"http","hostname":"0.0.0.0","path":"/","capabilities":{"browserName":"chrome","goog:chromeOptions":{"binary":"C:\\Program Files\\Google\\Chrome\\Application\\chrome.exe","args":["--start-maximized"]}},"logLevel":"warn","connectionRetryTimeout":120000,"connectionRetryCount":3,"logLevels":{},"enableDirectConnect":true,"strictSSL":true,"_":"65 more keys: [\"cacheDir\",\"port\",\"requestedCapabilities\",\"automationProtocol\",\"baseUrl\",\"waitforInterval\",\"waitforTimeout\",\"onReload\",\"beforeCommand\",\"afterCommand\",\"rootDir\",\"specs\",\"suites\",\"exclude\",\"groupLogsByTestSpec\",\"excludeDriverLogs\",\"bail\",\"framework\",\"reporters\",\"services\",\"maxInstances\",\"maxInstancesPerCapability\",\"injectGlobals\",\"filesToWatch\",\"execArgv\",\"runnerEnv\",\"runner\",\"shard\",\"specFileRetries\",\"specFileRetriesDelay\",\"specFileRetriesDeferred\",\"reporterSyncInterval\",\"reporterSyncTimeout\",\"cucumberFeaturesWithLineNumbers\",\"autoCompileOpts\",\"mochaOpts\",\"jasmineOpts\",\"cucumberOpts\",\"onPrepare\",\"onWorkerStart\",\"onWorkerEnd\",\"before\",\"beforeSession\",\"beforeSuite\",\"beforeHook\",\"beforeTest\",\"afterTest\",\"afterHook\",\"afterSuite\",\"afterSession\",\"after\",\"onComplete\",\"beforeAssertion\",\"afterAssertion\",\"beforeFeature\",\"beforeScenario\",\"beforeStep\",\"afterStep\",\"afterScenario\",\"afterFeature\",\"_\",\"suite\",\"$0\",\"ignoredWorkerServices\",\"wdi5\"]"}]}
COMMAND: POST /session/e4ca631e3efb970409c1f6ae88247928/execute/async - {"script":"<script> [21126 bytes]","args":[35000]}
RESULT: {"script":"<script> [21126 bytes]","args":[35000]}
]]></system-out>
    </testcase>
  </testsuite>
  <testsuite timestamp="2025-05-07T18:01:21" time="1335.016" tests="20" failures="4" errors="4" skipped="0">
    <properties>
      <property name="specId" value="0" />
      <property name="suiteName" value="Billing Calculation - Time based (considering transport times) US139738" />
      <property name="capabilities" value="chrome.135_0_7049_115.windows" />
      <property name="file" value="file:///D:/a/1/s/test/specs/BTS/billing-calculation-transp-times.spec.js" />
    </properties>
    <testcase classname="chrome.135_0_7049_115.windows.Billing_Calculation_-_Time_based_(considering_transport_times)_US139738" name="Should create a new yard" time="0.02">
      <system-out><![CDATA[
COMMAND: POST /session/e4ca631e3efb970409c1f6ae88247928/window/fullscreen - {}
RESULT: {}
]]></system-out>
    </testcase>
    <testcase classname="chrome.135_0_7049_115.windows.Billing_Calculation_-_Time_based_(considering_transport_times)_US139738" name="Should create a new partner" time="0.003" />
    <testcase classname="chrome.135_0_7049_115.windows.Billing_Calculation_-_Time_based_(considering_transport_times)_US139738" name="Should create a new site" time="0.003" />
    <testcase classname="chrome.135_0_7049_115.windows.Billing_Calculation_-_Time_based_(considering_transport_times)_US139738" name="Should create the equipment" time="130.736">
      <system-out><![CDATA[
COMMAND: POST /session/e4ca631e3efb970409c1f6ae88247928/execute/async - {"script":"<script> [1562 bytes]","args":[{"selector":{"controlType":"sap.m.GenericTile","properties":{"header":"Manage Resources"}},"wdio_ui5_key":"sapm.GenericTile{\"header\":\"Manage Resources\"}"}]}
RESULT: {"script":"<script> [1562 bytes]","args":[{"selector":{"controlType":"sap.m.GenericTile","properties":{"header":"Manage Resources"}},"wdio_ui5_key":"sapm.GenericTile{\"header\":\"Manage Resources\"}"}]}
RESULT: undefined
COMMAND: POST /session/e4ca631e3efb970409c1f6ae88247928/element - {"using":"xpath","value":"//*[@id=\"__tile39\"]"}
RESULT: {"using":"xpath","value":"//*[@id=\"__tile39\"]"}
COMMAND: POST /session/e4ca631e3efb970409c1f6ae88247928/element/f.C691F06ADA7EF9549F3769A53F800D74.d.635144CC945D657558E4D4F04EFC06E9.e.18757/click - {}
RESULT: {}
COMMAND: POST /session/e4ca631e3efb970409c1f6ae88247928/element - {"using":"xpath","value":"//button[@data-kt=\"addNewRUOverflowToolbarButton\"]"}
COMMAND: GET /session/e4ca631e3efb970409c1f6ae88247928/screenshot - {}
RESULT: {"using":"xpath","value":"//button[@data-kt=\"addNewRUOverflowToolbarButton\"]"}
COMMAND: POST /session/e4ca631e3efb970409c1f6ae88247928/elements - {"using":"xpath","value":"//button[@data-kt=\"addNewRUOverflowToolbarButton\"]"}
RESULT: {}
RESULT: {"using":"xpath","value":"//button[@data-kt=\"addNewRUOverflowToolbarButton\"]"}
COMMAND: POST /session/e4ca631e3efb970409c1f6ae88247928/elements - {"using":"xpath","value":"//button[@data-kt=\"addNewRUOverflowToolbarButton\"]"}
RESULT: {"using":"xpath","value":"//button[@data-kt=\"addNewRUOverflowToolbarButton\"]"}
COMMAND: POST /session/e4ca631e3efb970409c1f6ae88247928/elements - {"using":"xpath","value":"//button[@data-kt=\"addNewRUOverflowToolbarButton\"]"}
RESULT: {"using":"xpath","value":"//button[@data-kt=\"addNewRUOverflowToolbarButton\"]"}
COMMAND: POST /session/e4ca631e3efb970409c1f6ae88247928/elements - {"using":"xpath","value":"//button[@data-kt=\"addNewRUOverflowToolbarButton\"]"}
RESULT: {"using":"xpath","value":"//button[@data-kt=\"addNewRUOverflowToolbarButton\"]"}
COMMAND: POST /session/e4ca631e3efb970409c1f6ae88247928/elements - {"using":"xpath","value":"//button[@data-kt=\"addNewRUOverflowToolbarButton\"]"}
RESULT: {"using":"xpath","value":"//button[@data-kt=\"addNewRUOverflowToolbarButton\"]"}
COMMAND: POST /session/e4ca631e3efb970409c1f6ae88247928/elements - {"using":"xpath","value":"//button[@data-kt=\"addNewRUOverflowToolbarButton\"]"}
RESULT: {"using":"xpath","value":"//button[@data-kt=\"addNewRUOverflowToolbarButton\"]"}
COMMAND: POST /session/e4ca631e3efb970409c1f6ae88247928/elements - {"using":"xpath","value":"//button[@data-kt=\"addNewRUOverflowToolbarButton\"]"}
RESULT: {"using":"xpath","value":"//button[@data-kt=\"addNewRUOverflowToolbarButton\"]"}
COMMAND: POST /session/e4ca631e3efb970409c1f6ae88247928/elements - {"using":"xpath","value":"//button[@data-kt=\"addNewRUOverflowToolbarButton\"]"}
RESULT: {"using":"xpath","value":"//button[@data-kt=\"addNewRUOverflowToolbarButton\"]"}
COMMAND: POST /session/e4ca631e3efb970409c1f6ae88247928/elements - {"using":"xpath","value":"//button[@data-kt=\"addNewRUOverflowToolbarButton\"]"}
RESULT: {"using":"xpath","value":"//button[@data-kt=\"addNewRUOverflowToolbarButton\"]"}
COMMAND: POST /session/e4ca631e3efb970409c1f6ae88247928/elements - {"using":"xpath","value":"//button[@data-kt=\"addNewRUOverflowToolbarButton\"]"}
RESULT: {"using":"xpath","value":"//button[@data-kt=\"addNewRUOverflowToolbarButton\"]"}
COMMAND: POST /session/e4ca631e3efb970409c1f6ae88247928/elements - {"using":"xpath","value":"//button[@data-kt=\"addNewRUOverflowToolbarButton\"]"}
RESULT: {"using":"xpath","value":"//button[@data-kt=\"addNewRUOverflowToolbarButton\"]"}
COMMAND: POST /session/e4ca631e3efb970409c1f6ae88247928/elements - {"using":"xpath","value":"//button[@data-kt=\"addNewRUOverflowToolbarButton\"]"}
RESULT: {"using":"xpath","value":"//button[@data-kt=\"addNewRUOverflowToolbarButton\"]"}
COMMAND: POST /session/e4ca631e3efb970409c1f6ae88247928/elements - {"using":"xpath","value":"//button[@data-kt=\"addNewRUOverflowToolbarButton\"]"}
RESULT: {"using":"xpath","value":"//button[@data-kt=\"addNewRUOverflowToolbarButton\"]"}
COMMAND: POST /session/e4ca631e3efb970409c1f6ae88247928/elements - {"using":"xpath","value":"//button[@data-kt=\"addNewRUOverflowToolbarButton\"]"}
RESULT: {"using":"xpath","value":"//button[@data-kt=\"addNewRUOverflowToolbarButton\"]"}
COMMAND: POST /session/e4ca631e3efb970409c1f6ae88247928/elements - {"using":"xpath","value":"//button[@data-kt=\"addNewRUOverflowToolbarButton\"]"}
RESULT: {"using":"xpath","value":"//button[@data-kt=\"addNewRUOverflowToolbarButton\"]"}
COMMAND: POST /session/e4ca631e3efb970409c1f6ae88247928/elements - {"using":"xpath","value":"//button[@data-kt=\"addNewRUOverflowToolbarButton\"]"}
RESULT: {"using":"xpath","value":"//button[@data-kt=\"addNewRUOverflowToolbarButton\"]"}
COMMAND: POST /session/e4ca631e3efb970409c1f6ae88247928/elements - {"using":"xpath","value":"//button[@data-kt=\"addNewRUOverflowToolbarButton\"]"}
RESULT: {"using":"xpath","value":"//button[@data-kt=\"addNewRUOverflowToolbarButton\"]"}
COMMAND: POST /session/e4ca631e3efb970409c1f6ae88247928/elements - {"using":"xpath","value":"//button[@data-kt=\"addNewRUOverflowToolbarButton\"]"}
RESULT: {"using":"xpath","value":"//button[@data-kt=\"addNewRUOverflowToolbarButton\"]"}
COMMAND: POST /session/e4ca631e3efb970409c1f6ae88247928/elements - {"using":"xpath","value":"//button[@data-kt=\"addNewRUOverflowToolbarButton\"]"}
RESULT: {"using":"xpath","value":"//button[@data-kt=\"addNewRUOverflowToolbarButton\"]"}
COMMAND: POST /session/e4ca631e3efb970409c1f6ae88247928/elements - {"using":"xpath","value":"//button[@data-kt=\"addNewRUOverflowToolbarButton\"]"}
RESULT: {"using":"xpath","value":"//button[@data-kt=\"addNewRUOverflowToolbarButton\"]"}
COMMAND: POST /session/e4ca631e3efb970409c1f6ae88247928/elements - {"using":"xpath","value":"//button[@data-kt=\"addNewRUOverflowToolbarButton\"]"}
RESULT: {"using":"xpath","value":"//button[@data-kt=\"addNewRUOverflowToolbarButton\"]"}
COMMAND: POST /session/e4ca631e3efb970409c1f6ae88247928/elements - {"using":"xpath","value":"//button[@data-kt=\"addNewRUOverflowToolbarButton\"]"}
RESULT: {"using":"xpath","value":"//button[@data-kt=\"addNewRUOverflowToolbarButton\"]"}
COMMAND: POST /session/e4ca631e3efb970409c1f6ae88247928/elements - {"using":"xpath","value":"//button[@data-kt=\"addNewRUOverflowToolbarButton\"]"}
RESULT: {"using":"xpath","value":"//button[@data-kt=\"addNewRUOverflowToolbarButton\"]"}
COMMAND: POST /session/e4ca631e3efb970409c1f6ae88247928/elements - {"using":"xpath","value":"//button[@data-kt=\"addNewRUOverflowToolbarButton\"]"}
RESULT: {"using":"xpath","value":"//button[@data-kt=\"addNewRUOverflowToolbarButton\"]"}
COMMAND: POST /session/e4ca631e3efb970409c1f6ae88247928/elements - {"using":"xpath","value":"//button[@data-kt=\"addNewRUOverflowToolbarButton\"]"}
RESULT: {"using":"xpath","value":"//button[@data-kt=\"addNewRUOverflowToolbarButton\"]"}
COMMAND: POST /session/e4ca631e3efb970409c1f6ae88247928/element - {"using":"xpath","value":"//button[@data-kt=\"addNewRUOverflowToolbarButton\"]"}
RESULT: {"using":"xpath","value":"//button[@data-kt=\"addNewRUOverflowToolbarButton\"]"}
COMMAND: POST /session/e4ca631e3efb970409c1f6ae88247928/execute/sync - {"script":"<script> [8489 bytes]","args":[{"element-6066-11e4-a52e-4f735466cecf":"f.C691F06ADA7EF9549F3769A53F800D74.d.635144CC945D657558E4D4F04EFC06E9.e.18888","ELEMENT":"f.C691F06ADA7EF9549F3769A53F800D74.d.635144CC945D657558E4D4F04EFC06E9.e.18888"}]}
RESULT: {"script":"<script> [8489 bytes]","args":[{"element-6066-11e4-a52e-4f735466cecf":"f.C691F06ADA7EF9549F3769A53F800D74.d.635144CC945D657558E4D4F04EFC06E9.e.18888","ELEMENT":"f.C691F06ADA7EF9549F3769A53F800D74.d.635144CC945D657558E4D4F04EFC06E9.e.18888"}]}
COMMAND: GET /session/e4ca631e3efb970409c1f6ae88247928/element/f.C691F06ADA7EF9549F3769A53F800D74.d.635144CC945D657558E4D4F04EFC06E9.e.18888/enabled - {}
COMMAND: GET /session/e4ca631e3efb970409c1f6ae88247928/screenshot - {}
RESULT: {}
COMMAND: POST /session/e4ca631e3efb970409c1f6ae88247928/execute/sync - {"script":"<script> [8489 bytes]","args":[{"element-6066-11e4-a52e-4f735466cecf":"f.C691F06ADA7EF9549F3769A53F800D74.d.635144CC945D657558E4D4F04EFC06E9.e.18888","ELEMENT":"f.C691F06ADA7EF9549F3769A53F800D74.d.635144CC945D657558E4D4F04EFC06E9.e.18888"}]}
COMMAND: GET /session/e4ca631e3efb970409c1f6ae88247928/screenshot - {}
RESULT: {}
RESULT: {"script":"<script> [8489 bytes]","args":[{"element-6066-11e4-a52e-4f735466cecf":"f.C691F06ADA7EF9549F3769A53F800D74.d.635144CC945D657558E4D4F04EFC06E9.e.18888","ELEMENT":"f.C691F06ADA7EF9549F3769A53F800D74.d.635144CC945D657558E4D4F04EFC06E9.e.18888"}]}
COMMAND: POST /session/e4ca631e3efb970409c1f6ae88247928/execute/sync - {"script":"<script> [5351 bytes]","args":[{"element-6066-11e4-a52e-4f735466cecf":"f.C691F06ADA7EF9549F3769A53F800D74.d.635144CC945D657558E4D4F04EFC06E9.e.18888","ELEMENT":"f.C691F06ADA7EF9549F3769A53F800D74.d.635144CC945D657558E4D4F04EFC06E9.e.18888"}]}
COMMAND: GET /session/e4ca631e3efb970409c1f6ae88247928/screenshot - {}
RESULT: {}
RESULT: {"script":"<script> [5351 bytes]","args":[{"element-6066-11e4-a52e-4f735466cecf":"f.C691F06ADA7EF9549F3769A53F800D74.d.635144CC945D657558E4D4F04EFC06E9.e.18888","ELEMENT":"f.C691F06ADA7EF9549F3769A53F800D74.d.635144CC945D657558E4D4F04EFC06E9.e.18888"}]}
COMMAND: POST /session/e4ca631e3efb970409c1f6ae88247928/element/f.C691F06ADA7EF9549F3769A53F800D74.d.635144CC945D657558E4D4F04EFC06E9.e.18888/click - {}
COMMAND: GET /session/e4ca631e3efb970409c1f6ae88247928/screenshot - {}
RESULT: {}
RESULT: {}
COMMAND: GET /session/e4ca631e3efb970409c1f6ae88247928/screenshot - {}
RESULT: {}
COMMAND: POST /session/e4ca631e3efb970409c1f6ae88247928/execute/async - {"script":"<script> [1562 bytes]","args":[{"selector":{"id":"application-manageresources-display-component---newResourceUnit--TYPE-arrow"},"wdio_ui5_key":"applicationmanageresources-display-component---newResourceUnit--TYPE-arrow"}]}
RESULT: {}
RESULT: {"script":"<script> [1562 bytes]","args":[{"selector":{"id":"application-manageresources-display-component---newResourceUnit--TYPE-arrow"},"wdio_ui5_key":"applicationmanageresources-display-component---newResourceUnit--TYPE-arrow"}]}
RESULT: undefined
COMMAND: POST /session/e4ca631e3efb970409c1f6ae88247928/element - {"using":"xpath","value":"//*[@id=\"application-manageresources-display-component---newResourceUnit--TYPE-arrow\"]"}
RESULT: {"using":"xpath","value":"//*[@id=\"application-manageresources-display-component---newResourceUnit--TYPE-arrow\"]"}
COMMAND: POST /session/e4ca631e3efb970409c1f6ae88247928/element/f.C691F06ADA7EF9549F3769A53F800D74.d.635144CC945D657558E4D4F04EFC06E9.e.19260/click - {}
RESULT: {}
COMMAND: POST /session/e4ca631e3efb970409c1f6ae88247928/element - {"using":"xpath","value":"//input[@id=\"application-manageresources-display-component---newResourceUnit--TYPE-inner\"]"}
COMMAND: GET /session/e4ca631e3efb970409c1f6ae88247928/screenshot - {}
RESULT: {"using":"xpath","value":"//input[@id=\"application-manageresources-display-component---newResourceUnit--TYPE-inner\"]"}
COMMAND: POST /session/e4ca631e3efb970409c1f6ae88247928/element/f.C691F06ADA7EF9549F3769A53F800D74.d.635144CC945D657558E4D4F04EFC06E9.e.19241/clear - {}
RESULT: {}
RESULT: {}
COMMAND: POST /session/e4ca631e3efb970409c1f6ae88247928/element/f.C691F06ADA7EF9549F3769A53F800D74.d.635144CC945D657558E4D4F04EFC06E9.e.19241/value - {"text":"Equipment"}
COMMAND: GET /session/e4ca631e3efb970409c1f6ae88247928/screenshot - {}
RESULT: {"text":"Equipment"}
COMMAND: GET /session/e4ca631e3efb970409c1f6ae88247928/screenshot - {}
RESULT: {}
RESULT: {}
COMMAND: POST /session/e4ca631e3efb970409c1f6ae88247928/actions - {"actions":[{"id":"action67","type":"key","parameters":{},"actions":[{"type":"keyDown","value":"î€‡"},{"type":"pause","duration":10},{"type":"keyUp","value":"î€‡"}]}]}
RESULT: {"actions":[{"id":"action67","type":"key","parameters":{},"actions":[{"type":"keyDown","value":"î€‡"},{"type":"pause","duration":10},{"type":"keyUp","value":"î€‡"}]}]}
COMMAND: POST /session/e4ca631e3efb970409c1f6ae88247928/execute/async - {"script":"<script> [1562 bytes]","args":[{"selector":{"id":"application-manageresources-display-component---newResourceUnit--resourceId","interaction":{"idSuffix":"inner"}},"wdio_ui5_key":"applicationmanageresources-display-component---newResourceUnit--resourceId"}]}
COMMAND: GET /session/e4ca631e3efb970409c1f6ae88247928/screenshot - {}
RESULT: {"script":"<script> [1562 bytes]","args":[{"selector":{"id":"application-manageresources-display-component---newResourceUnit--resourceId","interaction":{"idSuffix":"inner"}},"wdio_ui5_key":"applicationmanageresources-display-component---newResourceUnit--resourceId"}]}
RESULT: undefined
COMMAND: POST /session/e4ca631e3efb970409c1f6ae88247928/execute/async - {"script":"<script> [776 bytes]","args":[{"enterText":"Q1NJ2kgLkc","selector":{"id":"application-manageresources-display-component---newResourceUnit--resourceId","interaction":{"idSuffix":"inner"}},"clearTextFirst":true,"interactionType":"ENTER_TEXT"}]}
RESULT: {}
RESULT: {"script":"<script> [776 bytes]","args":[{"enterText":"Q1NJ2kgLkc","selector":{"id":"application-manageresources-display-component---newResourceUnit--resourceId","interaction":{"idSuffix":"inner"}},"clearTextFirst":true,"interactionType":"ENTER_TEXT"}]}
COMMAND: POST /session/e4ca631e3efb970409c1f6ae88247928/execute/async - {"script":"<script> [1562 bytes]","args":[{"selector":{"id":"application-manageresources-display-component---newResourceUnit--SHORT_TEXT","interaction":{"idSuffix":"inner"}},"wdio_ui5_key":"applicationmanageresources-display-component---newResourceUnit--SHORT_TEXT"}]}
RESULT: {"script":"<script> [1562 bytes]","args":[{"selector":{"id":"application-manageresources-display-component---newResourceUnit--SHORT_TEXT","interaction":{"idSuffix":"inner"}},"wdio_ui5_key":"applicationmanageresources-display-component---newResourceUnit--SHORT_TEXT"}]}
RESULT: undefined
COMMAND: POST /session/e4ca631e3efb970409c1f6ae88247928/execute/async - {"script":"<script> [776 bytes]","args":[{"enterText":"Intercompany Equipment WDIO","selector":{"id":"application-manageresources-display-component---newResourceUnit--SHORT_TEXT","interaction":{"idSuffix":"inner"}},"clearTextFirst":true,"interactionType":"ENTER_TEXT"}]}
RESULT: {"script":"<script> [776 bytes]","args":[{"enterText":"Intercompany Equipment WDIO","selector":{"id":"application-manageresources-display-component---newResourceUnit--SHORT_TEXT","interaction":{"idSuffix":"inner"}},"clearTextFirst":true,"interactionType":"ENTER_TEXT"}]}
COMMAND: POST /session/e4ca631e3efb970409c1f6ae88247928/execute/async - {"script":"<script> [1562 bytes]","args":[{"selector":{"id":"application-manageresources-display-component---newResourceUnit--BASE_UNIT_OF_MEASURE","interaction":{"idSuffix":"inner"}},"wdio_ui5_key":"applicationmanageresources-display-component---newResourceUnit--BASE_UNIT_OF_MEASURE"}]}
RESULT: {"script":"<script> [1562 bytes]","args":[{"selector":{"id":"application-manageresources-display-component---newResourceUnit--BASE_UNIT_OF_MEASURE","interaction":{"idSuffix":"inner"}},"wdio_ui5_key":"applicationmanageresources-display-component---newResourceUnit--BASE_UNIT_OF_MEASURE"}]}
RESULT: undefined
COMMAND: POST /session/e4ca631e3efb970409c1f6ae88247928/execute/async - {"script":"<script> [776 bytes]","args":[{"enterText":"Piece","selector":{"id":"application-manageresources-display-component---newResourceUnit--BASE_UNIT_OF_MEASURE","interaction":{"idSuffix":"inner"}},"clearTextFirst":true,"interactionType":"ENTER_TEXT"}]}
RESULT: {"script":"<script> [776 bytes]","args":[{"enterText":"Piece","selector":{"id":"application-manageresources-display-component---newResourceUnit--BASE_UNIT_OF_MEASURE","interaction":{"idSuffix":"inner"}},"clearTextFirst":true,"interactionType":"ENTER_TEXT"}]}
COMMAND: POST /session/e4ca631e3efb970409c1f6ae88247928/execute/async - {"script":"<script> [1562 bytes]","args":[{"selector":{"id":"application-manageresources-display-component---newResourceUnit--WEIGHT_UNIT","interaction":{"idSuffix":"inner"}},"wdio_ui5_key":"applicationmanageresources-display-component---newResourceUnit--WEIGHT_UNIT"}]}
RESULT: {"script":"<script> [1562 bytes]","args":[{"selector":{"id":"application-manageresources-display-component---newResourceUnit--WEIGHT_UNIT","interaction":{"idSuffix":"inner"}},"wdio_ui5_key":"applicationmanageresources-display-component---newResourceUnit--WEIGHT_UNIT"}]}
RESULT: undefined
COMMAND: POST /session/e4ca631e3efb970409c1f6ae88247928/execute/async - {"script":"<script> [776 bytes]","args":[{"enterText":"Gram","selector":{"id":"application-manageresources-display-component---newResourceUnit--WEIGHT_UNIT","interaction":{"idSuffix":"inner"}},"clearTextFirst":true,"interactionType":"ENTER_TEXT"}]}
RESULT: {"script":"<script> [776 bytes]","args":[{"enterText":"Gram","selector":{"id":"application-manageresources-display-component---newResourceUnit--WEIGHT_UNIT","interaction":{"idSuffix":"inner"}},"clearTextFirst":true,"interactionType":"ENTER_TEXT"}]}
COMMAND: POST /session/e4ca631e3efb970409c1f6ae88247928/execute/async - {"script":"<script> [1562 bytes]","args":[{"selector":{"id":"application-manageresources-display-component---newResourceUnit--DIMENSION_UNIT","interaction":{"idSuffix":"inner"}},"wdio_ui5_key":"applicationmanageresources-display-component---newResourceUnit--DIMENSION_UNIT"}]}
RESULT: {"script":"<script> [1562 bytes]","args":[{"selector":{"id":"application-manageresources-display-component---newResourceUnit--DIMENSION_UNIT","interaction":{"idSuffix":"inner"}},"wdio_ui5_key":"applicationmanageresources-display-component---newResourceUnit--DIMENSION_UNIT"}]}
RESULT: undefined
COMMAND: POST /session/e4ca631e3efb970409c1f6ae88247928/execute/async - {"script":"<script> [776 bytes]","args":[{"enterText":"Meter","selector":{"id":"application-manageresources-display-component---newResourceUnit--DIMENSION_UNIT","interaction":{"idSuffix":"inner"}},"clearTextFirst":true,"interactionType":"ENTER_TEXT"}]}
RESULT: {"script":"<script> [776 bytes]","args":[{"enterText":"Meter","selector":{"id":"application-manageresources-display-component---newResourceUnit--DIMENSION_UNIT","interaction":{"idSuffix":"inner"}},"clearTextFirst":true,"interactionType":"ENTER_TEXT"}]}
COMMAND: POST /session/e4ca631e3efb970409c1f6ae88247928/execute/async - {"script":"<script> [1562 bytes]","args":[{"selector":{"id":"application-manageresources-display-component---newResourceUnit--newRRUPage-anchBar-application-manageresources-display-component---newResourceUnit--control-anchor","interaction":{"idSuffix":"BDI-content"}},"wdio_ui5_key":"applicationmanageresources-display-component---newResourceUnit--newRRUPage-anchBar-application-manageresources-display-component---newResourceUnit--control-anchor"}]}
RESULT: {"script":"<script> [1562 bytes]","args":[{"selector":{"id":"application-manageresources-display-component---newResourceUnit--newRRUPage-anchBar-application-manageresources-display-component---newResourceUnit--control-anchor","interaction":{"idSuffix":"BDI-content"}},"wdio_ui5_key":"applicationmanageresources-display-component---newResourceUnit--newRRUPage-anchBar-application-manageresources-display-component---newResourceUnit--control-anchor"}]}
RESULT: undefined
COMMAND: POST /session/e4ca631e3efb970409c1f6ae88247928/element - {"using":"xpath","value":"//*[@id=\"application-manageresources-display-component---newResourceUnit--newRRUPage-anchBar-application-manageresources-display-component---newResourceUnit--control-anchor\"]"}
RESULT: {"using":"xpath","value":"//*[@id=\"application-manageresources-display-component---newResourceUnit--newRRUPage-anchBar-application-manageresources-display-component---newResourceUnit--control-anchor\"]"}
COMMAND: POST /session/e4ca631e3efb970409c1f6ae88247928/element/f.C691F06ADA7EF9549F3769A53F800D74.d.635144CC945D657558E4D4F04EFC06E9.e.19395/click - {}
RESULT: {}
COMMAND: POST /session/e4ca631e3efb970409c1f6ae88247928/execute/async - {"script":"<script> [1562 bytes]","args":[{"selector":{"id":"application-manageresources-display-component---newResourceUnit--PLANNING_GROUP","interaction":{"idSuffix":"inner"}},"wdio_ui5_key":"applicationmanageresources-display-component---newResourceUnit--PLANNING_GROUP"}]}
COMMAND: GET /session/e4ca631e3efb970409c1f6ae88247928/screenshot - {}
RESULT: {"script":"<script> [1562 bytes]","args":[{"selector":{"id":"application-manageresources-display-component---newResourceUnit--PLANNING_GROUP","interaction":{"idSuffix":"inner"}},"wdio_ui5_key":"applicationmanageresources-display-component---newResourceUnit--PLANNING_GROUP"}]}
RESULT: undefined
COMMAND: POST /session/e4ca631e3efb970409c1f6ae88247928/execute/async - {"script":"<script> [776 bytes]","args":[{"enterText":"Heavy Equi","selector":{"id":"application-manageresources-display-component---newResourceUnit--PLANNING_GROUP","interaction":{"idSuffix":"inner"}},"clearTextFirst":true,"interactionType":"ENTER_TEXT"}]}
RESULT: {}
RESULT: {"script":"<script> [776 bytes]","args":[{"enterText":"Heavy Equi","selector":{"id":"application-manageresources-display-component---newResourceUnit--PLANNING_GROUP","interaction":{"idSuffix":"inner"}},"clearTextFirst":true,"interactionType":"ENTER_TEXT"}]}
COMMAND: POST /session/e4ca631e3efb970409c1f6ae88247928/execute/async - {"script":"<script> [1562 bytes]","args":[{"selector":{"id":"application-manageresources-display-component---newResourceUnit--ITEM_TYPE-arrow"},"wdio_ui5_key":"applicationmanageresources-display-component---newResourceUnit--ITEM_TYPE-arrow"}]}
RESULT: {"script":"<script> [1562 bytes]","args":[{"selector":{"id":"application-manageresources-display-component---newResourceUnit--ITEM_TYPE-arrow"},"wdio_ui5_key":"applicationmanageresources-display-component---newResourceUnit--ITEM_TYPE-arrow"}]}
RESULT: undefined
COMMAND: POST /session/e4ca631e3efb970409c1f6ae88247928/element - {"using":"xpath","value":"//*[@id=\"application-manageresources-display-component---newResourceUnit--ITEM_TYPE-arrow\"]"}
RESULT: {"using":"xpath","value":"//*[@id=\"application-manageresources-display-component---newResourceUnit--ITEM_TYPE-arrow\"]"}
COMMAND: POST /session/e4ca631e3efb970409c1f6ae88247928/element/f.C691F06ADA7EF9549F3769A53F800D74.d.635144CC945D657558E4D4F04EFC06E9.e.19402/click - {}
RESULT: {}
COMMAND: POST /session/e4ca631e3efb970409c1f6ae88247928/element - {"using":"xpath","value":"(//span[contains(text(), \"Resource Unit\")])[2]"}
COMMAND: GET /session/e4ca631e3efb970409c1f6ae88247928/screenshot - {}
RESULT: {"using":"xpath","value":"(//span[contains(text(), \"Resource Unit\")])[2]"}
COMMAND: POST /session/e4ca631e3efb970409c1f6ae88247928/element/f.C691F06ADA7EF9549F3769A53F800D74.d.635144CC945D657558E4D4F04EFC06E9.e.19403/click - {}
RESULT: {}
RESULT: {}
COMMAND: GET /session/e4ca631e3efb970409c1f6ae88247928/screenshot - {}
RESULT: {}
COMMAND: POST /session/e4ca631e3efb970409c1f6ae88247928/element - {"using":"css selector","value":"#application-manageresources-display-component---newResourceUnit--btnAddTimeSegment"}
RESULT: {"using":"css selector","value":"#application-manageresources-display-component---newResourceUnit--btnAddTimeSegment"}
COMMAND: GET /session/e4ca631e3efb970409c1f6ae88247928/element/f.C691F06ADA7EF9549F3769A53F800D74.d.635144CC945D657558E4D4F04EFC06E9.e.19404/rect - {}
RESULT: {}
COMMAND: GET /session/e4ca631e3efb970409c1f6ae88247928/window/rect - {}
RESULT: {}
COMMAND: POST /session/e4ca631e3efb970409c1f6ae88247928/execute/sync - {"script":"<script> [92 bytes]","args":[]}
RESULT: {"script":"<script> [92 bytes]","args":[]}
COMMAND: POST /session/e4ca631e3efb970409c1f6ae88247928/actions - {"actions":[{"id":"action68","type":"wheel","parameters":{},"actions":[{"type":"scroll","x":-1888,"y":-32,"deltaX":0,"deltaY":0,"duration":0,"origin":{"element-6066-11e4-a52e-4f735466cecf":"f.C691F06ADA7EF9549F3769A53F800D74.d.635144CC945D657558E4D4F04EFC06E9.e.19404"}}]}]}
COMMAND: GET /session/e4ca631e3efb970409c1f6ae88247928/screenshot - {}
RESULT: {}
COMMAND: POST /session/e4ca631e3efb970409c1f6ae88247928/execute/sync - {"script":"<script> [79 bytes]","args":[{"element-6066-11e4-a52e-4f735466cecf":"f.C691F06ADA7EF9549F3769A53F800D74.d.635144CC945D657558E4D4F04EFC06E9.e.19404","ELEMENT":"f.C691F06ADA7EF9549F3769A53F800D74.d.635144CC945D657558E4D4F04EFC06E9.e.19404"},{"block":"start","inline":"nearest"}]}
RESULT: {"script":"<script> [79 bytes]","args":[{"element-6066-11e4-a52e-4f735466cecf":"f.C691F06ADA7EF9549F3769A53F800D74.d.635144CC945D657558E4D4F04EFC06E9.e.19404","ELEMENT":"f.C691F06ADA7EF9549F3769A53F800D74.d.635144CC945D657558E4D4F04EFC06E9.e.19404"},{"block":"start","inline":"nearest"}]}
COMMAND: POST /session/e4ca631e3efb970409c1f6ae88247928/execute/async - {"script":"<script> [1562 bytes]","args":[{"selector":{"id":"application-manageresources-display-component---newResourceUnit--btnAddTimeSegment","interaction":{"idSuffix":"inner"}},"wdio_ui5_key":"applicationmanageresources-display-component---newResourceUnit--btnAddTimeSegment"}]}
COMMAND: GET /session/e4ca631e3efb970409c1f6ae88247928/screenshot - {}
RESULT: {"script":"<script> [1562 bytes]","args":[{"selector":{"id":"application-manageresources-display-component---newResourceUnit--btnAddTimeSegment","interaction":{"idSuffix":"inner"}},"wdio_ui5_key":"applicationmanageresources-display-component---newResourceUnit--btnAddTimeSegment"}]}
RESULT: undefined
COMMAND: POST /session/e4ca631e3efb970409c1f6ae88247928/element - {"using":"xpath","value":"//*[@id=\"application-manageresources-display-component---newResourceUnit--btnAddTimeSegment\"]"}
RESULT: {}
RESULT: {"using":"xpath","value":"//*[@id=\"application-manageresources-display-component---newResourceUnit--btnAddTimeSegment\"]"}
COMMAND: POST /session/e4ca631e3efb970409c1f6ae88247928/element/f.C691F06ADA7EF9549F3769A53F800D74.d.635144CC945D657558E4D4F04EFC06E9.e.19404/click - {}
RESULT: {}
COMMAND: GET /session/e4ca631e3efb970409c1f6ae88247928/screenshot - {}
RESULT: {}
COMMAND: POST /session/e4ca631e3efb970409c1f6ae88247928/element - {"using":"xpath","value":"//input[@id=\"application-manageresources-display-component---newResourceUnit--idRuTSAdmin-application-manageresources-display-component---newResourceUnit--RUTimeSegment-0-inner\"]"}
RESULT: {"using":"xpath","value":"//input[@id=\"application-manageresources-display-component---newResourceUnit--idRuTSAdmin-application-manageresources-display-component---newResourceUnit--RUTimeSegment-0-inner\"]"}
COMMAND: POST /session/e4ca631e3efb970409c1f6ae88247928/element/f.C691F06ADA7EF9549F3769A53F800D74.d.635144CC945D657558E4D4F04EFC06E9.e.19410/clear - {}
RESULT: {}
COMMAND: POST /session/e4ca631e3efb970409c1f6ae88247928/element/f.C691F06ADA7EF9549F3769A53F800D74.d.635144CC945D657558E4D4F04EFC06E9.e.19410/value - {"text":"667"}
COMMAND: GET /session/e4ca631e3efb970409c1f6ae88247928/screenshot - {}
RESULT: {"text":"667"}
COMMAND: GET /session/e4ca631e3efb970409c1f6ae88247928/screenshot - {}
RESULT: {}
RESULT: {}
COMMAND: POST /session/e4ca631e3efb970409c1f6ae88247928/element - {"using":"xpath","value":"//li[.//span[text()='667']]"}
RESULT: {"using":"xpath","value":"//li[.//span[text()='667']]"}
COMMAND: POST /session/e4ca631e3efb970409c1f6ae88247928/element/f.C691F06ADA7EF9549F3769A53F800D74.d.635144CC945D657558E4D4F04EFC06E9.e.19424/click - {}
RESULT: {}
COMMAND: GET /session/e4ca631e3efb970409c1f6ae88247928/screenshot - {}
RESULT: {}
COMMAND: POST /session/e4ca631e3efb970409c1f6ae88247928/element - {"using":"xpath","value":"(//span[contains(@id, \"-application-manageresources-display-component---newResourceUnit--RUTimeSegment-0-arrow\")])[6]"}
RESULT: {"using":"xpath","value":"(//span[contains(@id, \"-application-manageresources-display-component---newResourceUnit--RUTimeSegment-0-arrow\")])[6]"}
COMMAND: POST /session/e4ca631e3efb970409c1f6ae88247928/element/f.C691F06ADA7EF9549F3769A53F800D74.d.635144CC945D657558E4D4F04EFC06E9.e.19425/click - {}
RESULT: {}
COMMAND: GET /session/e4ca631e3efb970409c1f6ae88247928/screenshot - {}
RESULT: {}
COMMAND: POST /session/e4ca631e3efb970409c1f6ae88247928/element - {"using":"xpath","value":"//span[contains(text(), \"PM Order\")]"}
RESULT: {"using":"xpath","value":"//span[contains(text(), \"PM Order\")]"}
COMMAND: POST /session/e4ca631e3efb970409c1f6ae88247928/element/f.C691F06ADA7EF9549F3769A53F800D74.d.635144CC945D657558E4D4F04EFC06E9.e.19428/click - {}
RESULT: {}
COMMAND: GET /session/e4ca631e3efb970409c1f6ae88247928/screenshot - {}
RESULT: {}
COMMAND: POST /session/e4ca631e3efb970409c1f6ae88247928/element - {"using":"xpath","value":"(//span[contains(@id ,\"manageresources-display-component---newResourceUnit--RUTimeSegment-0-vhi\")])[1]"}
RESULT: {"using":"xpath","value":"(//span[contains(@id ,\"manageresources-display-component---newResourceUnit--RUTimeSegment-0-vhi\")])[1]"}
COMMAND: GET /session/e4ca631e3efb970409c1f6ae88247928/element/f.C691F06ADA7EF9549F3769A53F800D74.d.635144CC945D657558E4D4F04EFC06E9.e.19432/rect - {}
RESULT: {}
COMMAND: GET /session/e4ca631e3efb970409c1f6ae88247928/window/rect - {}
RESULT: {}
COMMAND: POST /session/e4ca631e3efb970409c1f6ae88247928/execute/sync - {"script":"<script> [92 bytes]","args":[]}
RESULT: {"script":"<script> [92 bytes]","args":[]}
COMMAND: POST /session/e4ca631e3efb970409c1f6ae88247928/actions - {"actions":[{"id":"action69","type":"wheel","parameters":{},"actions":[{"type":"scroll","x":-869,"y":-24,"deltaX":0,"deltaY":0,"duration":0,"origin":{"element-6066-11e4-a52e-4f735466cecf":"f.C691F06ADA7EF9549F3769A53F800D74.d.635144CC945D657558E4D4F04EFC06E9.e.19432"}}]}]}
COMMAND: GET /session/e4ca631e3efb970409c1f6ae88247928/screenshot - {}
RESULT: {"actions":[{"id":"action69","type":"wheel","parameters":{},"actions":[{"type":"scroll","x":-869,"y":-24,"deltaX":0,"deltaY":0,"duration":0,"origin":{"element-6066-11e4-a52e-4f735466cecf":"f.C691F06ADA7EF9549F3769A53F800D74.d.635144CC945D657558E4D4F04EFC06E9.e.19432"}}]}]}
COMMAND: DELETE /session/e4ca631e3efb970409c1f6ae88247928/actions - {}
COMMAND: GET /session/e4ca631e3efb970409c1f6ae88247928/screenshot - {}
RESULT: {}
RESULT: {}
COMMAND: GET /session/e4ca631e3efb970409c1f6ae88247928/screenshot - {}
RESULT: {}
RESULT: {}
COMMAND: POST /session/e4ca631e3efb970409c1f6ae88247928/element/f.C691F06ADA7EF9549F3769A53F800D74.d.635144CC945D657558E4D4F04EFC06E9.e.19432/click - {}
RESULT: {}
COMMAND: GET /session/e4ca631e3efb970409c1f6ae88247928/screenshot - {}
RESULT: {}
COMMAND: POST /session/e4ca631e3efb970409c1f6ae88247928/execute/async - {"script":"<script> [1562 bytes]","args":[{"selector":{"controlType":"sap.m.SearchField","properties":{"placeholder":"Search"},"searchOpenDialogs":true,"interaction":{"idSuffix":"I"}},"wdio_ui5_key":"sapm.SearchField{\"placeholder\":\"Search\"}"}]}
RESULT: {"script":"<script> [1562 bytes]","args":[{"selector":{"controlType":"sap.m.SearchField","properties":{"placeholder":"Search"},"searchOpenDialogs":true,"interaction":{"idSuffix":"I"}},"wdio_ui5_key":"sapm.SearchField{\"placeholder\":\"Search\"}"}]}
RESULT: undefined
COMMAND: POST /session/e4ca631e3efb970409c1f6ae88247928/execute/async - {"script":"<script> [776 bytes]","args":[{"enterText":"4000360","selector":{"controlType":"sap.m.SearchField","properties":{"placeholder":"Search"},"searchOpenDialogs":true,"interaction":{"idSuffix":"I"}},"clearTextFirst":true,"interactionType":"ENTER_TEXT"}]}
RESULT: {"script":"<script> [776 bytes]","args":[{"enterText":"4000360","selector":{"controlType":"sap.m.SearchField","properties":{"placeholder":"Search"},"searchOpenDialogs":true,"interaction":{"idSuffix":"I"}},"clearTextFirst":true,"interactionType":"ENTER_TEXT"}]}
COMMAND: POST /session/e4ca631e3efb970409c1f6ae88247928/actions - {"actions":[{"id":"action70","type":"key","parameters":{},"actions":[{"type":"keyDown","value":"î€‡"},{"type":"pause","duration":10},{"type":"keyUp","value":"î€‡"}]}]}
RESULT: {"actions":[{"id":"action70","type":"key","parameters":{},"actions":[{"type":"keyDown","value":"î€‡"},{"type":"pause","duration":10},{"type":"keyUp","value":"î€‡"}]}]}
COMMAND: GET /session/e4ca631e3efb970409c1f6ae88247928/screenshot - {}
RESULT: {}
COMMAND: POST /session/e4ca631e3efb970409c1f6ae88247928/element - {"using":"xpath","value":"//td/div/span[contains(text(), \"BGL Vehicles\")]"}
RESULT: {"using":"xpath","value":"//td/div/span[contains(text(), \"BGL Vehicles\")]"}
COMMAND: POST /session/e4ca631e3efb970409c1f6ae88247928/element/f.C691F06ADA7EF9549F3769A53F800D74.d.635144CC945D657558E4D4F04EFC06E9.e.19454/click - {}
RESULT: {}
COMMAND: GET /session/e4ca631e3efb970409c1f6ae88247928/screenshot - {}
RESULT: {}
COMMAND: POST /session/e4ca631e3efb970409c1f6ae88247928/element - {"using":"xpath","value":"//bdi[contains(text(), \"OK\")]"}
RESULT: {"using":"xpath","value":"//bdi[contains(text(), \"OK\")]"}
COMMAND: POST /session/e4ca631e3efb970409c1f6ae88247928/element/f.C691F06ADA7EF9549F3769A53F800D74.d.635144CC945D657558E4D4F04EFC06E9.e.19455/click - {}
RESULT: {}
COMMAND: GET /session/e4ca631e3efb970409c1f6ae88247928/screenshot - {}
RESULT: {}
COMMAND: POST /session/e4ca631e3efb970409c1f6ae88247928/execute/async - {"script":"<script> [1562 bytes]","args":[{"selector":{"id":"application-manageresources-display-component---newResourceUnit--newRRUPage-anchBar-application-manageresources-display-component---newResourceUnit--resource-anchor","interaction":{"idSuffix":"BDI-content"}},"wdio_ui5_key":"applicationmanageresources-display-component---newResourceUnit--newRRUPage-anchBar-application-manageresources-display-component---newResourceUnit--resource-anchor"}]}
RESULT: {"script":"<script> [1562 bytes]","args":[{"selector":{"id":"application-manageresources-display-component---newResourceUnit--newRRUPage-anchBar-application-manageresources-display-component---newResourceUnit--resource-anchor","interaction":{"idSuffix":"BDI-content"}},"wdio_ui5_key":"applicationmanageresources-display-component---newResourceUnit--newRRUPage-anchBar-application-manageresources-display-component---newResourceUnit--resource-anchor"}]}
RESULT: undefined
COMMAND: POST /session/e4ca631e3efb970409c1f6ae88247928/element - {"using":"xpath","value":"//*[@id=\"application-manageresources-display-component---newResourceUnit--newRRUPage-anchBar-application-manageresources-display-component---newResourceUnit--resource-anchor\"]"}
RESULT: {"using":"xpath","value":"//*[@id=\"application-manageresources-display-component---newResourceUnit--newRRUPage-anchBar-application-manageresources-display-component---newResourceUnit--resource-anchor\"]"}
COMMAND: POST /session/e4ca631e3efb970409c1f6ae88247928/element/f.C691F06ADA7EF9549F3769A53F800D74.d.635144CC945D657558E4D4F04EFC06E9.e.19459/click - {}
RESULT: {}
COMMAND: POST /session/e4ca631e3efb970409c1f6ae88247928/execute/async - {"script":"<script> [1562 bytes]","args":[{"selector":{"id":"application-manageresources-display-component---newResourceUnit--PLANNED_DELIVERY_DATE","interaction":{"idSuffix":"inner"}},"wdio_ui5_key":"applicationmanageresources-display-component---newResourceUnit--PLANNED_DELIVERY_DATE"}]}
COMMAND: GET /session/e4ca631e3efb970409c1f6ae88247928/screenshot - {}
RESULT: {"script":"<script> [1562 bytes]","args":[{"selector":{"id":"application-manageresources-display-component---newResourceUnit--PLANNED_DELIVERY_DATE","interaction":{"idSuffix":"inner"}},"wdio_ui5_key":"applicationmanageresources-display-component---newResourceUnit--PLANNED_DELIVERY_DATE"}]}
RESULT: undefined
COMMAND: POST /session/e4ca631e3efb970409c1f6ae88247928/execute/async - {"script":"<script> [6424 bytes]","args":[{"element-6066-11e4-a52e-4f735466cecf":"f.C691F06ADA7EF9549F3769A53F800D74.d.635144CC945D657558E4D4F04EFC06E9.e.19318"},"setValue",["5/7/25"]]}
RESULT: {}
RESULT: {"script":"<script> [6424 bytes]","args":[{"element-6066-11e4-a52e-4f735466cecf":"f.C691F06ADA7EF9549F3769A53F800D74.d.635144CC945D657558E4D4F04EFC06E9.e.19318"},"setValue",["5/7/25"]]}
COMMAND: POST /session/e4ca631e3efb970409c1f6ae88247928/element - {"using":"xpath","value":"//label[contains(@class, 'sapMLabelRequired') and .//bdi[contains(text(), 'Planned Retirement')]]"}
RESULT: {"using":"xpath","value":"//label[contains(@class, 'sapMLabelRequired') and .//bdi[contains(text(), 'Planned Retirement')]]"}
COMMAND: POST /session/e4ca631e3efb970409c1f6ae88247928/elements - {"using":"xpath","value":"//label[contains(@class, 'sapMLabelRequired') and .//bdi[contains(text(), 'Planned Retirement')]]"}
RESULT: {"using":"xpath","value":"//label[contains(@class, 'sapMLabelRequired') and .//bdi[contains(text(), 'Planned Retirement')]]"}
COMMAND: POST /session/e4ca631e3efb970409c1f6ae88247928/element - {"using":"xpath","value":"//button[@data-kt=\"resourceUnitSaveButton\"]"}
RESULT: {"using":"xpath","value":"//button[@data-kt=\"resourceUnitSaveButton\"]"}
COMMAND: POST /session/e4ca631e3efb970409c1f6ae88247928/element/f.C691F06ADA7EF9549F3769A53F800D74.d.635144CC945D657558E4D4F04EFC06E9.e.19279/click - {}
RESULT: {}
COMMAND: GET /session/e4ca631e3efb970409c1f6ae88247928/screenshot - {}
RESULT: {}
COMMAND: POST /session/e4ca631e3efb970409c1f6ae88247928/element - {"using":"xpath","value":"//bdi[contains(text(), \"Close\")]"}
RESULT: {"using":"xpath","value":"//bdi[contains(text(), \"Close\")]"}
COMMAND: POST /session/e4ca631e3efb970409c1f6ae88247928/element/f.C691F06ADA7EF9549F3769A53F800D74.d.635144CC945D657558E4D4F04EFC06E9.e.19467/click - {}
RESULT: {}
COMMAND: GET /session/e4ca631e3efb970409c1f6ae88247928/screenshot - {}
RESULT: {}
COMMAND: POST /session/e4ca631e3efb970409c1f6ae88247928/element - {"using":"xpath","value":"(//button[contains(@id ,\"actionsToolbar-overflowButton\")])[1]"}
RESULT: {"using":"xpath","value":"(//button[contains(@id ,\"actionsToolbar-overflowButton\")])[1]"}
COMMAND: POST /session/e4ca631e3efb970409c1f6ae88247928/element/f.C691F06ADA7EF9549F3769A53F800D74.d.635144CC945D657558E4D4F04EFC06E9.e.19522/click - {}
RESULT: {}
COMMAND: GET /session/e4ca631e3efb970409c1f6ae88247928/screenshot - {}
RESULT: {}
COMMAND: POST /session/e4ca631e3efb970409c1f6ae88247928/element - {"using":"xpath","value":"//button[@data-kt=\"priceInfoButton\"]"}
RESULT: {"using":"xpath","value":"//button[@data-kt=\"priceInfoButton\"]"}
COMMAND: POST /session/e4ca631e3efb970409c1f6ae88247928/element/f.C691F06ADA7EF9549F3769A53F800D74.d.635144CC945D657558E4D4F04EFC06E9.e.19524/click - {}
RESULT: {}
COMMAND: GET /session/e4ca631e3efb970409c1f6ae88247928/screenshot - {}
RESULT: {}
]]></system-out>
    </testcase>
    <testcase classname="chrome.135_0_7049_115.windows.Billing_Calculation_-_Time_based_(considering_transport_times)_US139738" name="Should create new pricing rule for the equipment" time="51.275">
      <system-out><![CDATA[
COMMAND: POST /session/e4ca631e3efb970409c1f6ae88247928/element - {"using":"xpath","value":"//button[@data-kt=\"addButton\"]"}
RESULT: {"using":"xpath","value":"//button[@data-kt=\"addButton\"]"}
COMMAND: POST /session/e4ca631e3efb970409c1f6ae88247928/elements - {"using":"xpath","value":"//button[@data-kt=\"addButton\"]"}
RESULT: {"using":"xpath","value":"//button[@data-kt=\"addButton\"]"}
COMMAND: POST /session/e4ca631e3efb970409c1f6ae88247928/elements - {"using":"xpath","value":"//button[@data-kt=\"addButton\"]"}
RESULT: {"using":"xpath","value":"//button[@data-kt=\"addButton\"]"}
COMMAND: POST /session/e4ca631e3efb970409c1f6ae88247928/element - {"using":"xpath","value":"//button[@data-kt=\"addButton\"]"}
RESULT: {"using":"xpath","value":"//button[@data-kt=\"addButton\"]"}
COMMAND: POST /session/e4ca631e3efb970409c1f6ae88247928/execute/sync - {"script":"<script> [8489 bytes]","args":[{"element-6066-11e4-a52e-4f735466cecf":"f.C691F06ADA7EF9549F3769A53F800D74.d.635144CC945D657558E4D4F04EFC06E9.e.19560","ELEMENT":"f.C691F06ADA7EF9549F3769A53F800D74.d.635144CC945D657558E4D4F04EFC06E9.e.19560"}]}
RESULT: {"script":"<script> [8489 bytes]","args":[{"element-6066-11e4-a52e-4f735466cecf":"f.C691F06ADA7EF9549F3769A53F800D74.d.635144CC945D657558E4D4F04EFC06E9.e.19560","ELEMENT":"f.C691F06ADA7EF9549F3769A53F800D74.d.635144CC945D657558E4D4F04EFC06E9.e.19560"}]}
COMMAND: GET /session/e4ca631e3efb970409c1f6ae88247928/element/f.C691F06ADA7EF9549F3769A53F800D74.d.635144CC945D657558E4D4F04EFC06E9.e.19560/enabled - {}
COMMAND: GET /session/e4ca631e3efb970409c1f6ae88247928/screenshot - {}
RESULT: {}
COMMAND: POST /session/e4ca631e3efb970409c1f6ae88247928/execute/sync - {"script":"<script> [8489 bytes]","args":[{"element-6066-11e4-a52e-4f735466cecf":"f.C691F06ADA7EF9549F3769A53F800D74.d.635144CC945D657558E4D4F04EFC06E9.e.19560","ELEMENT":"f.C691F06ADA7EF9549F3769A53F800D74.d.635144CC945D657558E4D4F04EFC06E9.e.19560"}]}
COMMAND: GET /session/e4ca631e3efb970409c1f6ae88247928/screenshot - {}
RESULT: {}
RESULT: {"script":"<script> [8489 bytes]","args":[{"element-6066-11e4-a52e-4f735466cecf":"f.C691F06ADA7EF9549F3769A53F800D74.d.635144CC945D657558E4D4F04EFC06E9.e.19560","ELEMENT":"f.C691F06ADA7EF9549F3769A53F800D74.d.635144CC945D657558E4D4F04EFC06E9.e.19560"}]}
COMMAND: POST /session/e4ca631e3efb970409c1f6ae88247928/execute/sync - {"script":"<script> [5351 bytes]","args":[{"element-6066-11e4-a52e-4f735466cecf":"f.C691F06ADA7EF9549F3769A53F800D74.d.635144CC945D657558E4D4F04EFC06E9.e.19560","ELEMENT":"f.C691F06ADA7EF9549F3769A53F800D74.d.635144CC945D657558E4D4F04EFC06E9.e.19560"}]}
COMMAND: GET /session/e4ca631e3efb970409c1f6ae88247928/screenshot - {}
RESULT: {}
RESULT: {"script":"<script> [5351 bytes]","args":[{"element-6066-11e4-a52e-4f735466cecf":"f.C691F06ADA7EF9549F3769A53F800D74.d.635144CC945D657558E4D4F04EFC06E9.e.19560","ELEMENT":"f.C691F06ADA7EF9549F3769A53F800D74.d.635144CC945D657558E4D4F04EFC06E9.e.19560"}]}
COMMAND: POST /session/e4ca631e3efb970409c1f6ae88247928/element/f.C691F06ADA7EF9549F3769A53F800D74.d.635144CC945D657558E4D4F04EFC06E9.e.19560/click - {}
COMMAND: GET /session/e4ca631e3efb970409c1f6ae88247928/screenshot - {}
RESULT: {}
RESULT: {}
COMMAND: GET /session/e4ca631e3efb970409c1f6ae88247928/screenshot - {}
RESULT: {}
RESULT: {}
COMMAND: POST /session/e4ca631e3efb970409c1f6ae88247928/execute/async - {"script":"<script> [1562 bytes]","args":[{"selector":{"controlType":"sap.m.Title","viewName":"etm.portal.ui.managepricingrules.view.NewItem","viewId":"application-managepricingrules-display-component---newInfoPriceItem","properties":{"text":"New Pricing Rules - Item Level"}},"wdio_ui5_key":"etmportal.ui.managepricingrules.view.NewItemsap.m.Title{\"text\":\"New Pricing Rules - Item Level\"}"}]}
RESULT: {"script":"<script> [1562 bytes]","args":[{"selector":{"controlType":"sap.m.Title","viewName":"etm.portal.ui.managepricingrules.view.NewItem","viewId":"application-managepricingrules-display-component---newInfoPriceItem","properties":{"text":"New Pricing Rules - Item Level"}},"wdio_ui5_key":"etmportal.ui.managepricingrules.view.NewItemsap.m.Title{\"text\":\"New Pricing Rules - Item Level\"}"}]}
RESULT: undefined
COMMAND: POST /session/e4ca631e3efb970409c1f6ae88247928/execute/async - {"script":"<script> [6424 bytes]","args":[{"element-6066-11e4-a52e-4f735466cecf":"f.C691F06ADA7EF9549F3769A53F800D74.d.635144CC945D657558E4D4F04EFC06E9.e.19720"},"getText",[]]}
RESULT: {"script":"<script> [6424 bytes]","args":[{"element-6066-11e4-a52e-4f735466cecf":"f.C691F06ADA7EF9549F3769A53F800D74.d.635144CC945D657558E4D4F04EFC06E9.e.19720"},"getText",[]]}
COMMAND: POST /session/e4ca631e3efb970409c1f6ae88247928/execute/async - {"script":"<script> [1562 bytes]","args":[{"selector":{"id":"application-managepricingrules-display-component---newInfoPriceItem--condValidTo","interaction":{"idSuffix":"inner"}},"wdio_ui5_key":"applicationmanagepricingrules-display-component---newInfoPriceItem--condValidTo"}]}
RESULT: {"script":"<script> [1562 bytes]","args":[{"selector":{"id":"application-managepricingrules-display-component---newInfoPriceItem--condValidTo","interaction":{"idSuffix":"inner"}},"wdio_ui5_key":"applicationmanagepricingrules-display-component---newInfoPriceItem--condValidTo"}]}
RESULT: undefined
COMMAND: POST /session/e4ca631e3efb970409c1f6ae88247928/execute/async - {"script":"<script> [776 bytes]","args":[{"enterText":"01/07/26","selector":{"id":"application-managepricingrules-display-component---newInfoPriceItem--condValidTo","interaction":{"idSuffix":"inner"}},"clearTextFirst":true,"interactionType":"ENTER_TEXT"}]}
RESULT: {"script":"<script> [776 bytes]","args":[{"enterText":"01/07/26","selector":{"id":"application-managepricingrules-display-component---newInfoPriceItem--condValidTo","interaction":{"idSuffix":"inner"}},"clearTextFirst":true,"interactionType":"ENTER_TEXT"}]}
COMMAND: POST /session/e4ca631e3efb970409c1f6ae88247928/execute/async - {"script":"<script> [1562 bytes]","args":[{"selector":{"id":"application-managepricingrules-display-component---newInfoPriceItem--billType-arrow"},"wdio_ui5_key":"applicationmanagepricingrules-display-component---newInfoPriceItem--billType-arrow"}]}
RESULT: {"script":"<script> [1562 bytes]","args":[{"selector":{"id":"application-managepricingrules-display-component---newInfoPriceItem--billType-arrow"},"wdio_ui5_key":"applicationmanagepricingrules-display-component---newInfoPriceItem--billType-arrow"}]}
RESULT: undefined
COMMAND: POST /session/e4ca631e3efb970409c1f6ae88247928/element - {"using":"xpath","value":"//*[@id=\"application-managepricingrules-display-component---newInfoPriceItem--billType-arrow\"]"}
RESULT: {"using":"xpath","value":"//*[@id=\"application-managepricingrules-display-component---newInfoPriceItem--billType-arrow\"]"}
COMMAND: POST /session/e4ca631e3efb970409c1f6ae88247928/element/f.C691F06ADA7EF9549F3769A53F800D74.d.635144CC945D657558E4D4F04EFC06E9.e.19722/click - {}
RESULT: {}
COMMAND: POST /session/e4ca631e3efb970409c1f6ae88247928/element - {"using":"xpath","value":"//span[contains(text(), \"TB - Time based\")]"}
COMMAND: GET /session/e4ca631e3efb970409c1f6ae88247928/screenshot - {}
RESULT: {"using":"xpath","value":"//span[contains(text(), \"TB - Time based\")]"}
COMMAND: POST /session/e4ca631e3efb970409c1f6ae88247928/element/f.C691F06ADA7EF9549F3769A53F800D74.d.635144CC945D657558E4D4F04EFC06E9.e.19723/click - {}
RESULT: {}
RESULT: {}
COMMAND: POST /session/e4ca631e3efb970409c1f6ae88247928/execute/async - {"script":"<script> [1562 bytes]","args":[{"selector":{"id":"application-managepricingrules-display-component---newInfoPriceItem--priceProc-arrow"},"wdio_ui5_key":"applicationmanagepricingrules-display-component---newInfoPriceItem--priceProc-arrow"}]}
COMMAND: GET /session/e4ca631e3efb970409c1f6ae88247928/screenshot - {}
RESULT: {"script":"<script> [1562 bytes]","args":[{"selector":{"id":"application-managepricingrules-display-component---newInfoPriceItem--priceProc-arrow"},"wdio_ui5_key":"applicationmanagepricingrules-display-component---newInfoPriceItem--priceProc-arrow"}]}
RESULT: undefined
COMMAND: POST /session/e4ca631e3efb970409c1f6ae88247928/element - {"using":"xpath","value":"//*[@id=\"application-managepricingrules-display-component---newInfoPriceItem--priceProc-arrow\"]"}
RESULT: {}
RESULT: {"using":"xpath","value":"//*[@id=\"application-managepricingrules-display-component---newInfoPriceItem--priceProc-arrow\"]"}
COMMAND: POST /session/e4ca631e3efb970409c1f6ae88247928/element/f.C691F06ADA7EF9549F3769A53F800D74.d.635144CC945D657558E4D4F04EFC06E9.e.19688/click - {}
RESULT: {}
COMMAND: POST /session/e4ca631e3efb970409c1f6ae88247928/element - {"using":"xpath","value":"//span[contains(text(), \"TBS - Time based standard\")]"}
COMMAND: GET /session/e4ca631e3efb970409c1f6ae88247928/screenshot - {}
RESULT: {"using":"xpath","value":"//span[contains(text(), \"TBS - Time based standard\")]"}
COMMAND: POST /session/e4ca631e3efb970409c1f6ae88247928/element/f.C691F06ADA7EF9549F3769A53F800D74.d.635144CC945D657558E4D4F04EFC06E9.e.19724/click - {}
RESULT: {}
RESULT: {}
COMMAND: POST /session/e4ca631e3efb970409c1f6ae88247928/execute/async - {"script":"<script> [1562 bytes]","args":[{"selector":{"id":"application-managepricingrules-display-component---newInfoPriceItem--calcBase-arrow"},"wdio_ui5_key":"applicationmanagepricingrules-display-component---newInfoPriceItem--calcBase-arrow"}]}
COMMAND: GET /session/e4ca631e3efb970409c1f6ae88247928/screenshot - {}
RESULT: {"script":"<script> [1562 bytes]","args":[{"selector":{"id":"application-managepricingrules-display-component---newInfoPriceItem--calcBase-arrow"},"wdio_ui5_key":"applicationmanagepricingrules-display-component---newInfoPriceItem--calcBase-arrow"}]}
RESULT: undefined
COMMAND: POST /session/e4ca631e3efb970409c1f6ae88247928/element - {"using":"xpath","value":"//*[@id=\"application-managepricingrules-display-component---newInfoPriceItem--calcBase-arrow\"]"}
RESULT: {}
RESULT: {"using":"xpath","value":"//*[@id=\"application-managepricingrules-display-component---newInfoPriceItem--calcBase-arrow\"]"}
COMMAND: POST /session/e4ca631e3efb970409c1f6ae88247928/element/f.C691F06ADA7EF9549F3769A53F800D74.d.635144CC945D657558E4D4F04EFC06E9.e.19695/click - {}
RESULT: {}
COMMAND: GET /session/e4ca631e3efb970409c1f6ae88247928/screenshot - {}
RESULT: {}
COMMAND: POST /session/e4ca631e3efb970409c1f6ae88247928/element - {"using":"xpath","value":"//span[contains(text(), \"0006 - TB(calendar days)\")]"}
RESULT: {"using":"xpath","value":"//span[contains(text(), \"0006 - TB(calendar days)\")]"}
COMMAND: POST /session/e4ca631e3efb970409c1f6ae88247928/element/f.C691F06ADA7EF9549F3769A53F800D74.d.635144CC945D657558E4D4F04EFC06E9.e.19725/click - {}
RESULT: {}
COMMAND: GET /session/e4ca631e3efb970409c1f6ae88247928/screenshot - {}
RESULT: {}
COMMAND: POST /session/e4ca631e3efb970409c1f6ae88247928/execute/async - {"script":"<script> [1562 bytes]","args":[{"selector":{"id":"application-managepricingrules-display-component---newInfoPriceItem--daysMonth","interaction":{"idSuffix":"inner"}},"wdio_ui5_key":"applicationmanagepricingrules-display-component---newInfoPriceItem--daysMonth"}]}
RESULT: {"script":"<script> [1562 bytes]","args":[{"selector":{"id":"application-managepricingrules-display-component---newInfoPriceItem--daysMonth","interaction":{"idSuffix":"inner"}},"wdio_ui5_key":"applicationmanagepricingrules-display-component---newInfoPriceItem--daysMonth"}]}
RESULT: undefined
COMMAND: POST /session/e4ca631e3efb970409c1f6ae88247928/execute/async - {"script":"<script> [776 bytes]","args":[{"enterText":"30","selector":{"id":"application-managepricingrules-display-component---newInfoPriceItem--daysMonth","interaction":{"idSuffix":"inner"}},"clearTextFirst":true,"interactionType":"ENTER_TEXT"}]}
RESULT: {"script":"<script> [776 bytes]","args":[{"enterText":"30","selector":{"id":"application-managepricingrules-display-component---newInfoPriceItem--daysMonth","interaction":{"idSuffix":"inner"}},"clearTextFirst":true,"interactionType":"ENTER_TEXT"}]}
COMMAND: POST /session/e4ca631e3efb970409c1f6ae88247928/element - {"using":"xpath","value":"//button[@data-kt=\"saveNewRuleButton\"]"}
RESULT: {"using":"xpath","value":"//button[@data-kt=\"saveNewRuleButton\"]"}
COMMAND: POST /session/e4ca631e3efb970409c1f6ae88247928/element/f.C691F06ADA7EF9549F3769A53F800D74.d.635144CC945D657558E4D4F04EFC06E9.e.19711/click - {}
RESULT: {}
COMMAND: GET /session/e4ca631e3efb970409c1f6ae88247928/screenshot - {}
RESULT: {}
COMMAND: POST /session/e4ca631e3efb970409c1f6ae88247928/execute/async - {"script":"<script> [1562 bytes]","args":[{"selector":{"id":"application-managepricingrules-display-component---priceInfoItem--smartFilterBar-btnBasicSearch","interaction":{"idSuffix":"I"}},"wdio_ui5_key":"applicationmanagepricingrules-display-component---priceInfoItem--smartFilterBar-btnBasicSearch"}]}
RESULT: {"script":"<script> [1562 bytes]","args":[{"selector":{"id":"application-managepricingrules-display-component---priceInfoItem--smartFilterBar-btnBasicSearch","interaction":{"idSuffix":"I"}},"wdio_ui5_key":"applicationmanagepricingrules-display-component---priceInfoItem--smartFilterBar-btnBasicSearch"}]}
RESULT: undefined
COMMAND: POST /session/e4ca631e3efb970409c1f6ae88247928/execute/async - {"script":"<script> [776 bytes]","args":[{"enterText":"Q1NJ2kgLkc","selector":{"id":"application-managepricingrules-display-component---priceInfoItem--smartFilterBar-btnBasicSearch","interaction":{"idSuffix":"I"}},"clearTextFirst":true,"interactionType":"ENTER_TEXT"}]}
RESULT: {"script":"<script> [776 bytes]","args":[{"enterText":"Q1NJ2kgLkc","selector":{"id":"application-managepricingrules-display-component---priceInfoItem--smartFilterBar-btnBasicSearch","interaction":{"idSuffix":"I"}},"clearTextFirst":true,"interactionType":"ENTER_TEXT"}]}
COMMAND: POST /session/e4ca631e3efb970409c1f6ae88247928/actions - {"actions":[{"id":"action71","type":"key","parameters":{},"actions":[{"type":"keyDown","value":"î€‡"},{"type":"pause","duration":10},{"type":"keyUp","value":"î€‡"}]}]}
RESULT: {"actions":[{"id":"action71","type":"key","parameters":{},"actions":[{"type":"keyDown","value":"î€‡"},{"type":"pause","duration":10},{"type":"keyUp","value":"î€‡"}]}]}
COMMAND: GET /session/e4ca631e3efb970409c1f6ae88247928/screenshot - {}
RESULT: {}
COMMAND: POST /session/e4ca631e3efb970409c1f6ae88247928/element - {"using":"xpath","value":"//span[@id=\"application-managepricingrules-display-component---priceInfoItem--smartTable-header-inner\"]"}
RESULT: {"using":"xpath","value":"//span[@id=\"application-managepricingrules-display-component---priceInfoItem--smartTable-header-inner\"]"}
COMMAND: POST /session/e4ca631e3efb970409c1f6ae88247928/elements - {"using":"xpath","value":"//span[@id=\"application-managepricingrules-display-component---priceInfoItem--smartTable-header-inner\"]"}
RESULT: {"using":"xpath","value":"//span[@id=\"application-managepricingrules-display-component---priceInfoItem--smartTable-header-inner\"]"}
COMMAND: POST /session/e4ca631e3efb970409c1f6ae88247928/execute/sync - {"script":"<script> [56 bytes]","args":[{"element-6066-11e4-a52e-4f735466cecf":"f.C691F06ADA7EF9549F3769A53F800D74.d.635144CC945D657558E4D4F04EFC06E9.e.19738","ELEMENT":"f.C691F06ADA7EF9549F3769A53F800D74.d.635144CC945D657558E4D4F04EFC06E9.e.19738"}]}
RESULT: {"script":"<script> [56 bytes]","args":[{"element-6066-11e4-a52e-4f735466cecf":"f.C691F06ADA7EF9549F3769A53F800D74.d.635144CC945D657558E4D4F04EFC06E9.e.19738","ELEMENT":"f.C691F06ADA7EF9549F3769A53F800D74.d.635144CC945D657558E4D4F04EFC06E9.e.19738"}]}
COMMAND: POST /session/e4ca631e3efb970409c1f6ae88247928/element - {"using":"css selector","value":"#shell-header-logo"}
COMMAND: GET /session/e4ca631e3efb970409c1f6ae88247928/screenshot - {}
RESULT: {"using":"css selector","value":"#shell-header-logo"}
COMMAND: POST /session/e4ca631e3efb970409c1f6ae88247928/element/f.C691F06ADA7EF9549F3769A53F800D74.d.635144CC945D657558E4D4F04EFC06E9.e.18858/click - {}
RESULT: {}
RESULT: {}
COMMAND: GET /session/e4ca631e3efb970409c1f6ae88247928/screenshot - {}
RESULT: {}
]]></system-out>
    </testcase>
    <testcase classname="chrome.135_0_7049_115.windows.Billing_Calculation_-_Time_based_(considering_transport_times)_US139738" name="Should create new pricing condition for the equipment" time="62.982">
      <system-out><![CDATA[
COMMAND: POST /session/e4ca631e3efb970409c1f6ae88247928/execute/async - {"script":"<script> [1562 bytes]","args":[{"selector":{"controlType":"sap.m.Text","properties":{"text":"Manage Conditions & Prices"},"interaction":{"idSuffix":"inner"}},"wdio_ui5_key":"sapm.Text{\"text\":\"Manage Conditions & Prices\"}"}]}
RESULT: {"script":"<script> [1562 bytes]","args":[{"selector":{"controlType":"sap.m.Text","properties":{"text":"Manage Conditions & Prices"},"interaction":{"idSuffix":"inner"}},"wdio_ui5_key":"sapm.Text{\"text\":\"Manage Conditions & Prices\"}"}]}
RESULT: undefined
COMMAND: POST /session/e4ca631e3efb970409c1f6ae88247928/element - {"using":"xpath","value":"//*[@id=\"__tile53-title\"]"}
RESULT: {"using":"xpath","value":"//*[@id=\"__tile53-title\"]"}
COMMAND: POST /session/e4ca631e3efb970409c1f6ae88247928/element/f.C691F06ADA7EF9549F3769A53F800D74.d.635144CC945D657558E4D4F04EFC06E9.e.19741/click - {}
RESULT: {}
COMMAND: POST /session/e4ca631e3efb970409c1f6ae88247928/element - {"using":"xpath","value":"//button[@aria-label=\"Create\"]"}
COMMAND: GET /session/e4ca631e3efb970409c1f6ae88247928/screenshot - {}
RESULT: {"using":"xpath","value":"//button[@aria-label=\"Create\"]"}
COMMAND: POST /session/e4ca631e3efb970409c1f6ae88247928/elements - {"using":"xpath","value":"//button[@aria-label=\"Create\"]"}
RESULT: {}
RESULT: {"using":"xpath","value":"//button[@aria-label=\"Create\"]"}
COMMAND: POST /session/e4ca631e3efb970409c1f6ae88247928/elements - {"using":"xpath","value":"//button[@aria-label=\"Create\"]"}
RESULT: {"using":"xpath","value":"//button[@aria-label=\"Create\"]"}
COMMAND: POST /session/e4ca631e3efb970409c1f6ae88247928/elements - {"using":"xpath","value":"//button[@aria-label=\"Create\"]"}
RESULT: {"using":"xpath","value":"//button[@aria-label=\"Create\"]"}
COMMAND: POST /session/e4ca631e3efb970409c1f6ae88247928/elements - {"using":"xpath","value":"//button[@aria-label=\"Create\"]"}
RESULT: {"using":"xpath","value":"//button[@aria-label=\"Create\"]"}
COMMAND: POST /session/e4ca631e3efb970409c1f6ae88247928/elements - {"using":"xpath","value":"//button[@aria-label=\"Create\"]"}
RESULT: {"using":"xpath","value":"//button[@aria-label=\"Create\"]"}
COMMAND: POST /session/e4ca631e3efb970409c1f6ae88247928/elements - {"using":"xpath","value":"//button[@aria-label=\"Create\"]"}
RESULT: {"using":"xpath","value":"//button[@aria-label=\"Create\"]"}
COMMAND: POST /session/e4ca631e3efb970409c1f6ae88247928/elements - {"using":"xpath","value":"//button[@aria-label=\"Create\"]"}
RESULT: {"using":"xpath","value":"//button[@aria-label=\"Create\"]"}
COMMAND: POST /session/e4ca631e3efb970409c1f6ae88247928/elements - {"using":"xpath","value":"//button[@aria-label=\"Create\"]"}
RESULT: {"using":"xpath","value":"//button[@aria-label=\"Create\"]"}
COMMAND: POST /session/e4ca631e3efb970409c1f6ae88247928/elements - {"using":"xpath","value":"//button[@aria-label=\"Create\"]"}
RESULT: {"using":"xpath","value":"//button[@aria-label=\"Create\"]"}
COMMAND: POST /session/e4ca631e3efb970409c1f6ae88247928/element - {"using":"xpath","value":"//button[@aria-label=\"Create\"]"}
RESULT: {"using":"xpath","value":"//button[@aria-label=\"Create\"]"}
COMMAND: POST /session/e4ca631e3efb970409c1f6ae88247928/execute/sync - {"script":"<script> [8489 bytes]","args":[{"element-6066-11e4-a52e-4f735466cecf":"f.C691F06ADA7EF9549F3769A53F800D74.d.635144CC945D657558E4D4F04EFC06E9.e.19775","ELEMENT":"f.C691F06ADA7EF9549F3769A53F800D74.d.635144CC945D657558E4D4F04EFC06E9.e.19775"}]}
RESULT: {"script":"<script> [8489 bytes]","args":[{"element-6066-11e4-a52e-4f735466cecf":"f.C691F06ADA7EF9549F3769A53F800D74.d.635144CC945D657558E4D4F04EFC06E9.e.19775","ELEMENT":"f.C691F06ADA7EF9549F3769A53F800D74.d.635144CC945D657558E4D4F04EFC06E9.e.19775"}]}
COMMAND: GET /session/e4ca631e3efb970409c1f6ae88247928/element/f.C691F06ADA7EF9549F3769A53F800D74.d.635144CC945D657558E4D4F04EFC06E9.e.19775/enabled - {}
COMMAND: GET /session/e4ca631e3efb970409c1f6ae88247928/screenshot - {}
RESULT: {}
COMMAND: POST /session/e4ca631e3efb970409c1f6ae88247928/execute/sync - {"script":"<script> [8489 bytes]","args":[{"element-6066-11e4-a52e-4f735466cecf":"f.C691F06ADA7EF9549F3769A53F800D74.d.635144CC945D657558E4D4F04EFC06E9.e.19775","ELEMENT":"f.C691F06ADA7EF9549F3769A53F800D74.d.635144CC945D657558E4D4F04EFC06E9.e.19775"}]}
COMMAND: GET /session/e4ca631e3efb970409c1f6ae88247928/screenshot - {}
RESULT: {}
RESULT: {"script":"<script> [8489 bytes]","args":[{"element-6066-11e4-a52e-4f735466cecf":"f.C691F06ADA7EF9549F3769A53F800D74.d.635144CC945D657558E4D4F04EFC06E9.e.19775","ELEMENT":"f.C691F06ADA7EF9549F3769A53F800D74.d.635144CC945D657558E4D4F04EFC06E9.e.19775"}]}
COMMAND: POST /session/e4ca631e3efb970409c1f6ae88247928/execute/sync - {"script":"<script> [5351 bytes]","args":[{"element-6066-11e4-a52e-4f735466cecf":"f.C691F06ADA7EF9549F3769A53F800D74.d.635144CC945D657558E4D4F04EFC06E9.e.19775","ELEMENT":"f.C691F06ADA7EF9549F3769A53F800D74.d.635144CC945D657558E4D4F04EFC06E9.e.19775"}]}
COMMAND: GET /session/e4ca631e3efb970409c1f6ae88247928/screenshot - {}
RESULT: {}
RESULT: {"script":"<script> [5351 bytes]","args":[{"element-6066-11e4-a52e-4f735466cecf":"f.C691F06ADA7EF9549F3769A53F800D74.d.635144CC945D657558E4D4F04EFC06E9.e.19775","ELEMENT":"f.C691F06ADA7EF9549F3769A53F800D74.d.635144CC945D657558E4D4F04EFC06E9.e.19775"}]}
COMMAND: POST /session/e4ca631e3efb970409c1f6ae88247928/element/f.C691F06ADA7EF9549F3769A53F800D74.d.635144CC945D657558E4D4F04EFC06E9.e.19775/click - {}
COMMAND: GET /session/e4ca631e3efb970409c1f6ae88247928/screenshot - {}
RESULT: {}
RESULT: {}
COMMAND: GET /session/e4ca631e3efb970409c1f6ae88247928/screenshot - {}
RESULT: {}
RESULT: {}
COMMAND: POST /session/e4ca631e3efb970409c1f6ae88247928/actions - {"actions":[{"id":"action72","type":"key","parameters":{},"actions":[{"type":"keyDown","value":"î€‡"},{"type":"pause","duration":10},{"type":"keyUp","value":"î€‡"}]}]}
RESULT: {"actions":[{"id":"action72","type":"key","parameters":{},"actions":[{"type":"keyDown","value":"î€‡"},{"type":"pause","duration":10},{"type":"keyUp","value":"î€‡"}]}]}
COMMAND: GET /session/e4ca631e3efb970409c1f6ae88247928/screenshot - {}
RESULT: {}
COMMAND: POST /session/e4ca631e3efb970409c1f6ae88247928/execute/async - {"script":"<script> [1562 bytes]","args":[{"selector":{"id":"application-manageconditionprice-display-component---newCondition--condBillCond-arrow"},"wdio_ui5_key":"applicationmanageconditionprice-display-component---newCondition--condBillCond-arrow"}]}
RESULT: {"script":"<script> [1562 bytes]","args":[{"selector":{"id":"application-manageconditionprice-display-component---newCondition--condBillCond-arrow"},"wdio_ui5_key":"applicationmanageconditionprice-display-component---newCondition--condBillCond-arrow"}]}
RESULT: undefined
COMMAND: POST /session/e4ca631e3efb970409c1f6ae88247928/element - {"using":"xpath","value":"//*[@id=\"application-manageconditionprice-display-component---newCondition--condBillCond-arrow\"]"}
RESULT: {"using":"xpath","value":"//*[@id=\"application-manageconditionprice-display-component---newCondition--condBillCond-arrow\"]"}
COMMAND: POST /session/e4ca631e3efb970409c1f6ae88247928/element/f.C691F06ADA7EF9549F3769A53F800D74.d.635144CC945D657558E4D4F04EFC06E9.e.19955/click - {}
RESULT: {}
COMMAND: GET /session/e4ca631e3efb970409c1f6ae88247928/screenshot - {}
RESULT: {}
COMMAND: POST /session/e4ca631e3efb970409c1f6ae88247928/element - {"using":"xpath","value":"//li[.//span[contains(text(), \"DISP - D&I special price\")]]"}
RESULT: {"using":"xpath","value":"//li[.//span[contains(text(), \"DISP - D&I special price\")]]"}
COMMAND: POST /session/e4ca631e3efb970409c1f6ae88247928/element/f.C691F06ADA7EF9549F3769A53F800D74.d.635144CC945D657558E4D4F04EFC06E9.e.19958/click - {}
RESULT: {}
COMMAND: GET /session/e4ca631e3efb970409c1f6ae88247928/screenshot - {}
RESULT: {}
COMMAND: POST /session/e4ca631e3efb970409c1f6ae88247928/execute/async - {"script":"<script> [1562 bytes]","args":[{"selector":{"id":"application-manageconditionprice-display-component---newCondition--condValidTo","interaction":{"idSuffix":"inner"}},"wdio_ui5_key":"applicationmanageconditionprice-display-component---newCondition--condValidTo"}]}
RESULT: {"script":"<script> [1562 bytes]","args":[{"selector":{"id":"application-manageconditionprice-display-component---newCondition--condValidTo","interaction":{"idSuffix":"inner"}},"wdio_ui5_key":"applicationmanageconditionprice-display-component---newCondition--condValidTo"}]}
RESULT: undefined
COMMAND: POST /session/e4ca631e3efb970409c1f6ae88247928/execute/async - {"script":"<script> [776 bytes]","args":[{"enterText":"01/07/26","selector":{"id":"application-manageconditionprice-display-component---newCondition--condValidTo","interaction":{"idSuffix":"inner"}},"clearTextFirst":true,"interactionType":"ENTER_TEXT"}]}
RESULT: {"script":"<script> [776 bytes]","args":[{"enterText":"01/07/26","selector":{"id":"application-manageconditionprice-display-component---newCondition--condValidTo","interaction":{"idSuffix":"inner"}},"clearTextFirst":true,"interactionType":"ENTER_TEXT"}]}
COMMAND: POST /session/e4ca631e3efb970409c1f6ae88247928/element - {"using":"xpath","value":"//input[@id=\"application-manageconditionprice-display-component---newCondition--condRU-inner\"]"}
RESULT: {"using":"xpath","value":"//input[@id=\"application-manageconditionprice-display-component---newCondition--condRU-inner\"]"}
COMMAND: POST /session/e4ca631e3efb970409c1f6ae88247928/element/f.C691F06ADA7EF9549F3769A53F800D74.d.635144CC945D657558E4D4F04EFC06E9.e.19791/clear - {}
RESULT: {}
COMMAND: POST /session/e4ca631e3efb970409c1f6ae88247928/element/f.C691F06ADA7EF9549F3769A53F800D74.d.635144CC945D657558E4D4F04EFC06E9.e.19791/value - {"text":"Q1NJ2kgLkc"}
COMMAND: GET /session/e4ca631e3efb970409c1f6ae88247928/screenshot - {}
RESULT: {"text":"Q1NJ2kgLkc"}
COMMAND: GET /session/e4ca631e3efb970409c1f6ae88247928/screenshot - {}
RESULT: {}
RESULT: {}
COMMAND: POST /session/e4ca631e3efb970409c1f6ae88247928/actions - {"actions":[{"id":"action73","type":"key","parameters":{},"actions":[{"type":"keyDown","value":"î€‡"},{"type":"pause","duration":10},{"type":"keyUp","value":"î€‡"}]}]}
RESULT: {"actions":[{"id":"action73","type":"key","parameters":{},"actions":[{"type":"keyDown","value":"î€‡"},{"type":"pause","duration":10},{"type":"keyUp","value":"î€‡"}]}]}
COMMAND: POST /session/e4ca631e3efb970409c1f6ae88247928/execute/async - {"script":"<script> [1562 bytes]","args":[{"selector":{"id":"application-manageconditionprice-display-component---newCondition--condBaseQty","interaction":{"idSuffix":"inner"}},"wdio_ui5_key":"applicationmanageconditionprice-display-component---newCondition--condBaseQty"}]}
COMMAND: GET /session/e4ca631e3efb970409c1f6ae88247928/screenshot - {}
RESULT: {"script":"<script> [1562 bytes]","args":[{"selector":{"id":"application-manageconditionprice-display-component---newCondition--condBaseQty","interaction":{"idSuffix":"inner"}},"wdio_ui5_key":"applicationmanageconditionprice-display-component---newCondition--condBaseQty"}]}
RESULT: undefined
COMMAND: POST /session/e4ca631e3efb970409c1f6ae88247928/execute/async - {"script":"<script> [776 bytes]","args":[{"enterText":"1","selector":{"id":"application-manageconditionprice-display-component---newCondition--condBaseQty","interaction":{"idSuffix":"inner"}},"clearTextFirst":true,"interactionType":"ENTER_TEXT"}]}
RESULT: {}
RESULT: {"script":"<script> [776 bytes]","args":[{"enterText":"1","selector":{"id":"application-manageconditionprice-display-component---newCondition--condBaseQty","interaction":{"idSuffix":"inner"}},"clearTextFirst":true,"interactionType":"ENTER_TEXT"}]}
COMMAND: POST /session/e4ca631e3efb970409c1f6ae88247928/execute/async - {"script":"<script> [1562 bytes]","args":[{"selector":{"id":"application-manageconditionprice-display-component---newCondition--condValue","interaction":{"idSuffix":"inner"}},"wdio_ui5_key":"applicationmanageconditionprice-display-component---newCondition--condValue"}]}
RESULT: {"script":"<script> [1562 bytes]","args":[{"selector":{"id":"application-manageconditionprice-display-component---newCondition--condValue","interaction":{"idSuffix":"inner"}},"wdio_ui5_key":"applicationmanageconditionprice-display-component---newCondition--condValue"}]}
RESULT: undefined
COMMAND: POST /session/e4ca631e3efb970409c1f6ae88247928/execute/async - {"script":"<script> [776 bytes]","args":[{"enterText":"100","selector":{"id":"application-manageconditionprice-display-component---newCondition--condValue","interaction":{"idSuffix":"inner"}},"clearTextFirst":true,"interactionType":"ENTER_TEXT"}]}
RESULT: {"script":"<script> [776 bytes]","args":[{"enterText":"100","selector":{"id":"application-manageconditionprice-display-component---newCondition--condValue","interaction":{"idSuffix":"inner"}},"clearTextFirst":true,"interactionType":"ENTER_TEXT"}]}
COMMAND: POST /session/e4ca631e3efb970409c1f6ae88247928/execute/async - {"script":"<script> [1562 bytes]","args":[{"selector":{"id":"application-manageconditionprice-display-component---newCondition--condCurr-arrow"},"wdio_ui5_key":"applicationmanageconditionprice-display-component---newCondition--condCurr-arrow"}]}
RESULT: {"script":"<script> [1562 bytes]","args":[{"selector":{"id":"application-manageconditionprice-display-component---newCondition--condCurr-arrow"},"wdio_ui5_key":"applicationmanageconditionprice-display-component---newCondition--condCurr-arrow"}]}
RESULT: undefined
COMMAND: POST /session/e4ca631e3efb970409c1f6ae88247928/element - {"using":"xpath","value":"//*[@id=\"application-manageconditionprice-display-component---newCondition--condCurr-arrow\"]"}
RESULT: {"using":"xpath","value":"//*[@id=\"application-manageconditionprice-display-component---newCondition--condCurr-arrow\"]"}
COMMAND: POST /session/e4ca631e3efb970409c1f6ae88247928/element/f.C691F06ADA7EF9549F3769A53F800D74.d.635144CC945D657558E4D4F04EFC06E9.e.19930/click - {}
RESULT: {}
COMMAND: POST /session/e4ca631e3efb970409c1f6ae88247928/element - {"using":"xpath","value":"//span[contains(text(), \"Euro\")]"}
COMMAND: GET /session/e4ca631e3efb970409c1f6ae88247928/screenshot - {}
RESULT: {"using":"xpath","value":"//span[contains(text(), \"Euro\")]"}
COMMAND: POST /session/e4ca631e3efb970409c1f6ae88247928/element/f.C691F06ADA7EF9549F3769A53F800D74.d.635144CC945D657558E4D4F04EFC06E9.e.19995/click - {}
RESULT: {}
RESULT: {}
COMMAND: POST /session/e4ca631e3efb970409c1f6ae88247928/element - {"using":"xpath","value":"//button[@data-kt=\"saveButton\"]"}
COMMAND: GET /session/e4ca631e3efb970409c1f6ae88247928/screenshot - {}
RESULT: {"using":"xpath","value":"//button[@data-kt=\"saveButton\"]"}
COMMAND: POST /session/e4ca631e3efb970409c1f6ae88247928/element/f.C691F06ADA7EF9549F3769A53F800D74.d.635144CC945D657558E4D4F04EFC06E9.e.19931/click - {}
RESULT: {}
RESULT: {}
COMMAND: GET /session/e4ca631e3efb970409c1f6ae88247928/screenshot - {}
RESULT: {}
COMMAND: POST /session/e4ca631e3efb970409c1f6ae88247928/execute/async - {"script":"<script> [1562 bytes]","args":[{"selector":{"id":"application-manageconditionprice-display-component---conditions--smartFilterBar-btnBasicSearch","interaction":{"idSuffix":"I"}},"wdio_ui5_key":"applicationmanageconditionprice-display-component---conditions--smartFilterBar-btnBasicSearch"}]}
RESULT: {"script":"<script> [1562 bytes]","args":[{"selector":{"id":"application-manageconditionprice-display-component---conditions--smartFilterBar-btnBasicSearch","interaction":{"idSuffix":"I"}},"wdio_ui5_key":"applicationmanageconditionprice-display-component---conditions--smartFilterBar-btnBasicSearch"}]}
RESULT: undefined
COMMAND: POST /session/e4ca631e3efb970409c1f6ae88247928/execute/async - {"script":"<script> [776 bytes]","args":[{"enterText":"Q1NJ2kgLkc","selector":{"id":"application-manageconditionprice-display-component---conditions--smartFilterBar-btnBasicSearch","interaction":{"idSuffix":"I"}},"clearTextFirst":true,"interactionType":"ENTER_TEXT"}]}
RESULT: {"script":"<script> [776 bytes]","args":[{"enterText":"Q1NJ2kgLkc","selector":{"id":"application-manageconditionprice-display-component---conditions--smartFilterBar-btnBasicSearch","interaction":{"idSuffix":"I"}},"clearTextFirst":true,"interactionType":"ENTER_TEXT"}]}
COMMAND: POST /session/e4ca631e3efb970409c1f6ae88247928/actions - {"actions":[{"id":"action74","type":"key","parameters":{},"actions":[{"type":"keyDown","value":"î€‡"},{"type":"pause","duration":10},{"type":"keyUp","value":"î€‡"}]}]}
RESULT: {"actions":[{"id":"action74","type":"key","parameters":{},"actions":[{"type":"keyDown","value":"î€‡"},{"type":"pause","duration":10},{"type":"keyUp","value":"î€‡"}]}]}
COMMAND: GET /session/e4ca631e3efb970409c1f6ae88247928/screenshot - {}
RESULT: {}
COMMAND: POST /session/e4ca631e3efb970409c1f6ae88247928/execute/async - {"script":"<script> [1562 bytes]","args":[{"selector":{"id":"application-manageconditionprice-display-component---conditions--smartFilterBar-filterItemControl_BASIC-BILL_TYPES-vhi"},"wdio_ui5_key":"applicationmanageconditionprice-display-component---conditions--smartFilterBar-filterItemControl_BASIC-BILL_TYPES-vhi"}]}
RESULT: {"script":"<script> [1562 bytes]","args":[{"selector":{"id":"application-manageconditionprice-display-component---conditions--smartFilterBar-filterItemControl_BASIC-BILL_TYPES-vhi"},"wdio_ui5_key":"applicationmanageconditionprice-display-component---conditions--smartFilterBar-filterItemControl_BASIC-BILL_TYPES-vhi"}]}
RESULT: undefined
COMMAND: POST /session/e4ca631e3efb970409c1f6ae88247928/element - {"using":"xpath","value":"//*[@id=\"application-manageconditionprice-display-component---conditions--smartFilterBar-filterItemControl_BASIC-BILL_TYPES-vhi\"]"}
RESULT: {"using":"xpath","value":"//*[@id=\"application-manageconditionprice-display-component---conditions--smartFilterBar-filterItemControl_BASIC-BILL_TYPES-vhi\"]"}
COMMAND: POST /session/e4ca631e3efb970409c1f6ae88247928/element/f.C691F06ADA7EF9549F3769A53F800D74.d.635144CC945D657558E4D4F04EFC06E9.e.20011/click - {}
RESULT: {}
COMMAND: POST /session/e4ca631e3efb970409c1f6ae88247928/execute/async - {"script":"<script> [1562 bytes]","args":[{"selector":{"id":"application-manageconditionprice-display-component---conditions--smartFilterBar-filterItemControl_BASIC-BILL_TYPES-valueHelpDialog-smartFilterBar-btnBasicSearch","searchOpenDialogs":true,"interaction":{"idSuffix":"I"}},"wdio_ui5_key":"applicationmanageconditionprice-display-component---conditions--smartFilterBar-filterItemControl_BASIC-BILL_TYPES-valueHelpDialog-smartFilterBar-btnBasicSearch"}]}
COMMAND: GET /session/e4ca631e3efb970409c1f6ae88247928/screenshot - {}
RESULT: {"script":"<script> [1562 bytes]","args":[{"selector":{"id":"application-manageconditionprice-display-component---conditions--smartFilterBar-filterItemControl_BASIC-BILL_TYPES-valueHelpDialog-smartFilterBar-btnBasicSearch","searchOpenDialogs":true,"interaction":{"idSuffix":"I"}},"wdio_ui5_key":"applicationmanageconditionprice-display-component---conditions--smartFilterBar-filterItemControl_BASIC-BILL_TYPES-valueHelpDialog-smartFilterBar-btnBasicSearch"}]}
RESULT: undefined
COMMAND: POST /session/e4ca631e3efb970409c1f6ae88247928/execute/async - {"script":"<script> [776 bytes]","args":[{"enterText":"TB","selector":{"id":"application-manageconditionprice-display-component---conditions--smartFilterBar-filterItemControl_BASIC-BILL_TYPES-valueHelpDialog-smartFilterBar-btnBasicSearch","searchOpenDialogs":true,"interaction":{"idSuffix":"I"}},"clearTextFirst":true,"interactionType":"ENTER_TEXT"}]}
RESULT: {}
RESULT: {"script":"<script> [776 bytes]","args":[{"enterText":"TB","selector":{"id":"application-manageconditionprice-display-component---conditions--smartFilterBar-filterItemControl_BASIC-BILL_TYPES-valueHelpDialog-smartFilterBar-btnBasicSearch","searchOpenDialogs":true,"interaction":{"idSuffix":"I"}},"clearTextFirst":true,"interactionType":"ENTER_TEXT"}]}
COMMAND: POST /session/e4ca631e3efb970409c1f6ae88247928/actions - {"actions":[{"id":"action75","type":"key","parameters":{},"actions":[{"type":"keyDown","value":"î€‡"},{"type":"pause","duration":10},{"type":"keyUp","value":"î€‡"}]}]}
RESULT: {"actions":[{"id":"action75","type":"key","parameters":{},"actions":[{"type":"keyDown","value":"î€‡"},{"type":"pause","duration":10},{"type":"keyUp","value":"î€‡"}]}]}
COMMAND: GET /session/e4ca631e3efb970409c1f6ae88247928/screenshot - {}
RESULT: {}
COMMAND: POST /session/e4ca631e3efb970409c1f6ae88247928/element - {"using":"xpath","value":"//div[contains(@id, 'application-manageconditionprice-display-component---conditions--smartFilterBar-filterItemControl_BASIC-BILL_TYPES-valueHelpDialog-table-rowsel0')]"}
RESULT: {"using":"xpath","value":"//div[contains(@id, 'application-manageconditionprice-display-component---conditions--smartFilterBar-filterItemControl_BASIC-BILL_TYPES-valueHelpDialog-table-rowsel0')]"}
COMMAND: POST /session/e4ca631e3efb970409c1f6ae88247928/element/f.C691F06ADA7EF9549F3769A53F800D74.d.635144CC945D657558E4D4F04EFC06E9.e.20021/click - {}
RESULT: {}
COMMAND: GET /session/e4ca631e3efb970409c1f6ae88247928/screenshot - {}
RESULT: {}
COMMAND: POST /session/e4ca631e3efb970409c1f6ae88247928/element - {"using":"xpath","value":"//bdi[contains(text(), \"OK\")]"}
RESULT: {"using":"xpath","value":"//bdi[contains(text(), \"OK\")]"}
COMMAND: POST /session/e4ca631e3efb970409c1f6ae88247928/element/f.C691F06ADA7EF9549F3769A53F800D74.d.635144CC945D657558E4D4F04EFC06E9.e.20023/click - {}
RESULT: {}
COMMAND: GET /session/e4ca631e3efb970409c1f6ae88247928/screenshot - {}
RESULT: {}
COMMAND: POST /session/e4ca631e3efb970409c1f6ae88247928/element - {"using":"xpath","value":"//span[@id=\"application-manageconditionprice-display-component---conditions--smartTable-header-inner\"]"}
RESULT: {"using":"xpath","value":"//span[@id=\"application-manageconditionprice-display-component---conditions--smartTable-header-inner\"]"}
COMMAND: POST /session/e4ca631e3efb970409c1f6ae88247928/elements - {"using":"xpath","value":"//span[@id=\"application-manageconditionprice-display-component---conditions--smartTable-header-inner\"]"}
RESULT: {"using":"xpath","value":"//span[@id=\"application-manageconditionprice-display-component---conditions--smartTable-header-inner\"]"}
COMMAND: POST /session/e4ca631e3efb970409c1f6ae88247928/execute/sync - {"script":"<script> [56 bytes]","args":[{"element-6066-11e4-a52e-4f735466cecf":"f.C691F06ADA7EF9549F3769A53F800D74.d.635144CC945D657558E4D4F04EFC06E9.e.20026","ELEMENT":"f.C691F06ADA7EF9549F3769A53F800D74.d.635144CC945D657558E4D4F04EFC06E9.e.20026"}]}
RESULT: {"script":"<script> [56 bytes]","args":[{"element-6066-11e4-a52e-4f735466cecf":"f.C691F06ADA7EF9549F3769A53F800D74.d.635144CC945D657558E4D4F04EFC06E9.e.20026","ELEMENT":"f.C691F06ADA7EF9549F3769A53F800D74.d.635144CC945D657558E4D4F04EFC06E9.e.20026"}]}
COMMAND: POST /session/e4ca631e3efb970409c1f6ae88247928/element - {"using":"css selector","value":"#shell-header-logo"}
COMMAND: GET /session/e4ca631e3efb970409c1f6ae88247928/screenshot - {}
RESULT: {"using":"css selector","value":"#shell-header-logo"}
COMMAND: POST /session/e4ca631e3efb970409c1f6ae88247928/element/f.C691F06ADA7EF9549F3769A53F800D74.d.635144CC945D657558E4D4F04EFC06E9.e.19743/click - {}
RESULT: {}
RESULT: {}
COMMAND: GET /session/e4ca631e3efb970409c1f6ae88247928/screenshot - {}
RESULT: {}
]]></system-out>
    </testcase>
    <testcase classname="chrome.135_0_7049_115.windows.Billing_Calculation_-_Time_based_(considering_transport_times)_US139738" name="Should do a stock increase for the equipment" time="87.986">
      <system-out><![CDATA[
COMMAND: POST /session/e4ca631e3efb970409c1f6ae88247928/execute/async - {"script":"<script> [1562 bytes]","args":[{"selector":{"controlType":"sap.m.Text","viewName":"etm.portal.ui.managehandoverstile.view.Master","properties":{"text":"Manage Handovers"},"interaction":{"idSuffix":"inner"}},"wdio_ui5_key":"etmportal.ui.managehandoverstile.view.Mastersap.m.Text{\"text\":\"Manage Handovers\"}"}]}
RESULT: {"script":"<script> [1562 bytes]","args":[{"selector":{"controlType":"sap.m.Text","viewName":"etm.portal.ui.managehandoverstile.view.Master","properties":{"text":"Manage Handovers"},"interaction":{"idSuffix":"inner"}},"wdio_ui5_key":"etmportal.ui.managehandoverstile.view.Mastersap.m.Text{\"text\":\"Manage Handovers\"}"}]}
RESULT: undefined
COMMAND: POST /session/e4ca631e3efb970409c1f6ae88247928/element - {"using":"xpath","value":"//*[@id=\"__tile133-title\"]"}
RESULT: {"using":"xpath","value":"//*[@id=\"__tile133-title\"]"}
COMMAND: POST /session/e4ca631e3efb970409c1f6ae88247928/element/f.C691F06ADA7EF9549F3769A53F800D74.d.635144CC945D657558E4D4F04EFC06E9.e.20031/click - {}
RESULT: {}
COMMAND: POST /session/e4ca631e3efb970409c1f6ae88247928/element - {"using":"xpath","value":"//button[@data-kt=\"masterHOAddButton\"]"}
COMMAND: GET /session/e4ca631e3efb970409c1f6ae88247928/screenshot - {}
RESULT: {"using":"xpath","value":"//button[@data-kt=\"masterHOAddButton\"]"}
COMMAND: POST /session/e4ca631e3efb970409c1f6ae88247928/elements - {"using":"xpath","value":"//button[@data-kt=\"masterHOAddButton\"]"}
RESULT: {}
RESULT: {"using":"xpath","value":"//button[@data-kt=\"masterHOAddButton\"]"}
COMMAND: POST /session/e4ca631e3efb970409c1f6ae88247928/elements - {"using":"xpath","value":"//button[@data-kt=\"masterHOAddButton\"]"}
RESULT: {"using":"xpath","value":"//button[@data-kt=\"masterHOAddButton\"]"}
COMMAND: POST /session/e4ca631e3efb970409c1f6ae88247928/elements - {"using":"xpath","value":"//button[@data-kt=\"masterHOAddButton\"]"}
RESULT: {"using":"xpath","value":"//button[@data-kt=\"masterHOAddButton\"]"}
COMMAND: POST /session/e4ca631e3efb970409c1f6ae88247928/elements - {"using":"xpath","value":"//button[@data-kt=\"masterHOAddButton\"]"}
RESULT: {"using":"xpath","value":"//button[@data-kt=\"masterHOAddButton\"]"}
COMMAND: POST /session/e4ca631e3efb970409c1f6ae88247928/elements - {"using":"xpath","value":"//button[@data-kt=\"masterHOAddButton\"]"}
RESULT: {"using":"xpath","value":"//button[@data-kt=\"masterHOAddButton\"]"}
COMMAND: POST /session/e4ca631e3efb970409c1f6ae88247928/elements - {"using":"xpath","value":"//button[@data-kt=\"masterHOAddButton\"]"}
RESULT: {"using":"xpath","value":"//button[@data-kt=\"masterHOAddButton\"]"}
COMMAND: POST /session/e4ca631e3efb970409c1f6ae88247928/elements - {"using":"xpath","value":"//button[@data-kt=\"masterHOAddButton\"]"}
RESULT: {"using":"xpath","value":"//button[@data-kt=\"masterHOAddButton\"]"}
COMMAND: POST /session/e4ca631e3efb970409c1f6ae88247928/elements - {"using":"xpath","value":"//button[@data-kt=\"masterHOAddButton\"]"}
RESULT: {"using":"xpath","value":"//button[@data-kt=\"masterHOAddButton\"]"}
COMMAND: POST /session/e4ca631e3efb970409c1f6ae88247928/elements - {"using":"xpath","value":"//button[@data-kt=\"masterHOAddButton\"]"}
RESULT: {"using":"xpath","value":"//button[@data-kt=\"masterHOAddButton\"]"}
COMMAND: POST /session/e4ca631e3efb970409c1f6ae88247928/elements - {"using":"xpath","value":"//button[@data-kt=\"masterHOAddButton\"]"}
RESULT: {"using":"xpath","value":"//button[@data-kt=\"masterHOAddButton\"]"}
COMMAND: POST /session/e4ca631e3efb970409c1f6ae88247928/elements - {"using":"xpath","value":"//button[@data-kt=\"masterHOAddButton\"]"}
RESULT: {"using":"xpath","value":"//button[@data-kt=\"masterHOAddButton\"]"}
COMMAND: POST /session/e4ca631e3efb970409c1f6ae88247928/elements - {"using":"xpath","value":"//button[@data-kt=\"masterHOAddButton\"]"}
RESULT: {"using":"xpath","value":"//button[@data-kt=\"masterHOAddButton\"]"}
COMMAND: POST /session/e4ca631e3efb970409c1f6ae88247928/elements - {"using":"xpath","value":"//button[@data-kt=\"masterHOAddButton\"]"}
RESULT: {"using":"xpath","value":"//button[@data-kt=\"masterHOAddButton\"]"}
COMMAND: POST /session/e4ca631e3efb970409c1f6ae88247928/elements - {"using":"xpath","value":"//button[@data-kt=\"masterHOAddButton\"]"}
RESULT: {"using":"xpath","value":"//button[@data-kt=\"masterHOAddButton\"]"}
COMMAND: POST /session/e4ca631e3efb970409c1f6ae88247928/elements - {"using":"xpath","value":"//button[@data-kt=\"masterHOAddButton\"]"}
RESULT: {"using":"xpath","value":"//button[@data-kt=\"masterHOAddButton\"]"}
COMMAND: POST /session/e4ca631e3efb970409c1f6ae88247928/elements - {"using":"xpath","value":"//button[@data-kt=\"masterHOAddButton\"]"}
RESULT: {"using":"xpath","value":"//button[@data-kt=\"masterHOAddButton\"]"}
COMMAND: POST /session/e4ca631e3efb970409c1f6ae88247928/elements - {"using":"xpath","value":"//button[@data-kt=\"masterHOAddButton\"]"}
RESULT: {"using":"xpath","value":"//button[@data-kt=\"masterHOAddButton\"]"}
COMMAND: POST /session/e4ca631e3efb970409c1f6ae88247928/elements - {"using":"xpath","value":"//button[@data-kt=\"masterHOAddButton\"]"}
RESULT: {"using":"xpath","value":"//button[@data-kt=\"masterHOAddButton\"]"}
COMMAND: POST /session/e4ca631e3efb970409c1f6ae88247928/elements - {"using":"xpath","value":"//button[@data-kt=\"masterHOAddButton\"]"}
RESULT: {"using":"xpath","value":"//button[@data-kt=\"masterHOAddButton\"]"}
COMMAND: POST /session/e4ca631e3efb970409c1f6ae88247928/elements - {"using":"xpath","value":"//button[@data-kt=\"masterHOAddButton\"]"}
RESULT: {"using":"xpath","value":"//button[@data-kt=\"masterHOAddButton\"]"}
COMMAND: POST /session/e4ca631e3efb970409c1f6ae88247928/elements - {"using":"xpath","value":"//button[@data-kt=\"masterHOAddButton\"]"}
RESULT: {"using":"xpath","value":"//button[@data-kt=\"masterHOAddButton\"]"}
COMMAND: POST /session/e4ca631e3efb970409c1f6ae88247928/elements - {"using":"xpath","value":"//button[@data-kt=\"masterHOAddButton\"]"}
RESULT: {"using":"xpath","value":"//button[@data-kt=\"masterHOAddButton\"]"}
COMMAND: POST /session/e4ca631e3efb970409c1f6ae88247928/elements - {"using":"xpath","value":"//button[@data-kt=\"masterHOAddButton\"]"}
RESULT: {"using":"xpath","value":"//button[@data-kt=\"masterHOAddButton\"]"}
COMMAND: POST /session/e4ca631e3efb970409c1f6ae88247928/elements - {"using":"xpath","value":"//button[@data-kt=\"masterHOAddButton\"]"}
RESULT: {"using":"xpath","value":"//button[@data-kt=\"masterHOAddButton\"]"}
COMMAND: POST /session/e4ca631e3efb970409c1f6ae88247928/elements - {"using":"xpath","value":"//button[@data-kt=\"masterHOAddButton\"]"}
RESULT: {"using":"xpath","value":"//button[@data-kt=\"masterHOAddButton\"]"}
COMMAND: POST /session/e4ca631e3efb970409c1f6ae88247928/elements - {"using":"xpath","value":"//button[@data-kt=\"masterHOAddButton\"]"}
RESULT: {"using":"xpath","value":"//button[@data-kt=\"masterHOAddButton\"]"}
COMMAND: POST /session/e4ca631e3efb970409c1f6ae88247928/elements - {"using":"xpath","value":"//button[@data-kt=\"masterHOAddButton\"]"}
RESULT: {"using":"xpath","value":"//button[@data-kt=\"masterHOAddButton\"]"}
COMMAND: POST /session/e4ca631e3efb970409c1f6ae88247928/elements - {"using":"xpath","value":"//button[@data-kt=\"masterHOAddButton\"]"}
RESULT: {"using":"xpath","value":"//button[@data-kt=\"masterHOAddButton\"]"}
COMMAND: POST /session/e4ca631e3efb970409c1f6ae88247928/elements - {"using":"xpath","value":"//button[@data-kt=\"masterHOAddButton\"]"}
RESULT: {"using":"xpath","value":"//button[@data-kt=\"masterHOAddButton\"]"}
COMMAND: POST /session/e4ca631e3efb970409c1f6ae88247928/elements - {"using":"xpath","value":"//button[@data-kt=\"masterHOAddButton\"]"}
RESULT: {"using":"xpath","value":"//button[@data-kt=\"masterHOAddButton\"]"}
COMMAND: POST /session/e4ca631e3efb970409c1f6ae88247928/elements - {"using":"xpath","value":"//button[@data-kt=\"masterHOAddButton\"]"}
RESULT: {"using":"xpath","value":"//button[@data-kt=\"masterHOAddButton\"]"}
COMMAND: POST /session/e4ca631e3efb970409c1f6ae88247928/elements - {"using":"xpath","value":"//button[@data-kt=\"masterHOAddButton\"]"}
RESULT: {"using":"xpath","value":"//button[@data-kt=\"masterHOAddButton\"]"}
COMMAND: POST /session/e4ca631e3efb970409c1f6ae88247928/elements - {"using":"xpath","value":"//button[@data-kt=\"masterHOAddButton\"]"}
RESULT: {"using":"xpath","value":"//button[@data-kt=\"masterHOAddButton\"]"}
COMMAND: POST /session/e4ca631e3efb970409c1f6ae88247928/elements - {"using":"xpath","value":"//button[@data-kt=\"masterHOAddButton\"]"}
RESULT: {"using":"xpath","value":"//button[@data-kt=\"masterHOAddButton\"]"}
COMMAND: POST /session/e4ca631e3efb970409c1f6ae88247928/elements - {"using":"xpath","value":"//button[@data-kt=\"masterHOAddButton\"]"}
RESULT: {"using":"xpath","value":"//button[@data-kt=\"masterHOAddButton\"]"}
COMMAND: POST /session/e4ca631e3efb970409c1f6ae88247928/elements - {"using":"xpath","value":"//button[@data-kt=\"masterHOAddButton\"]"}
RESULT: {"using":"xpath","value":"//button[@data-kt=\"masterHOAddButton\"]"}
COMMAND: POST /session/e4ca631e3efb970409c1f6ae88247928/elements - {"using":"xpath","value":"//button[@data-kt=\"masterHOAddButton\"]"}
RESULT: {"using":"xpath","value":"//button[@data-kt=\"masterHOAddButton\"]"}
COMMAND: POST /session/e4ca631e3efb970409c1f6ae88247928/elements - {"using":"xpath","value":"//button[@data-kt=\"masterHOAddButton\"]"}
RESULT: {"using":"xpath","value":"//button[@data-kt=\"masterHOAddButton\"]"}
COMMAND: POST /session/e4ca631e3efb970409c1f6ae88247928/elements - {"using":"xpath","value":"//button[@data-kt=\"masterHOAddButton\"]"}
RESULT: {"using":"xpath","value":"//button[@data-kt=\"masterHOAddButton\"]"}
COMMAND: POST /session/e4ca631e3efb970409c1f6ae88247928/elements - {"using":"xpath","value":"//button[@data-kt=\"masterHOAddButton\"]"}
RESULT: {"using":"xpath","value":"//button[@data-kt=\"masterHOAddButton\"]"}
COMMAND: POST /session/e4ca631e3efb970409c1f6ae88247928/element - {"using":"xpath","value":"//button[@data-kt=\"masterHOAddButton\"]"}
RESULT: {"using":"xpath","value":"//button[@data-kt=\"masterHOAddButton\"]"}
COMMAND: POST /session/e4ca631e3efb970409c1f6ae88247928/execute/sync - {"script":"<script> [8489 bytes]","args":[{"element-6066-11e4-a52e-4f735466cecf":"f.C691F06ADA7EF9549F3769A53F800D74.d.635144CC945D657558E4D4F04EFC06E9.e.20071","ELEMENT":"f.C691F06ADA7EF9549F3769A53F800D74.d.635144CC945D657558E4D4F04EFC06E9.e.20071"}]}
RESULT: {"script":"<script> [8489 bytes]","args":[{"element-6066-11e4-a52e-4f735466cecf":"f.C691F06ADA7EF9549F3769A53F800D74.d.635144CC945D657558E4D4F04EFC06E9.e.20071","ELEMENT":"f.C691F06ADA7EF9549F3769A53F800D74.d.635144CC945D657558E4D4F04EFC06E9.e.20071"}]}
COMMAND: GET /session/e4ca631e3efb970409c1f6ae88247928/element/f.C691F06ADA7EF9549F3769A53F800D74.d.635144CC945D657558E4D4F04EFC06E9.e.20071/enabled - {}
COMMAND: GET /session/e4ca631e3efb970409c1f6ae88247928/screenshot - {}
RESULT: {}
COMMAND: POST /session/e4ca631e3efb970409c1f6ae88247928/execute/sync - {"script":"<script> [8489 bytes]","args":[{"element-6066-11e4-a52e-4f735466cecf":"f.C691F06ADA7EF9549F3769A53F800D74.d.635144CC945D657558E4D4F04EFC06E9.e.20071","ELEMENT":"f.C691F06ADA7EF9549F3769A53F800D74.d.635144CC945D657558E4D4F04EFC06E9.e.20071"}]}
COMMAND: GET /session/e4ca631e3efb970409c1f6ae88247928/screenshot - {}
RESULT: {}
RESULT: {"script":"<script> [8489 bytes]","args":[{"element-6066-11e4-a52e-4f735466cecf":"f.C691F06ADA7EF9549F3769A53F800D74.d.635144CC945D657558E4D4F04EFC06E9.e.20071","ELEMENT":"f.C691F06ADA7EF9549F3769A53F800D74.d.635144CC945D657558E4D4F04EFC06E9.e.20071"}]}
COMMAND: POST /session/e4ca631e3efb970409c1f6ae88247928/execute/sync - {"script":"<script> [5351 bytes]","args":[{"element-6066-11e4-a52e-4f735466cecf":"f.C691F06ADA7EF9549F3769A53F800D74.d.635144CC945D657558E4D4F04EFC06E9.e.20071","ELEMENT":"f.C691F06ADA7EF9549F3769A53F800D74.d.635144CC945D657558E4D4F04EFC06E9.e.20071"}]}
COMMAND: GET /session/e4ca631e3efb970409c1f6ae88247928/screenshot - {}
RESULT: {}
RESULT: {"script":"<script> [5351 bytes]","args":[{"element-6066-11e4-a52e-4f735466cecf":"f.C691F06ADA7EF9549F3769A53F800D74.d.635144CC945D657558E4D4F04EFC06E9.e.20071","ELEMENT":"f.C691F06ADA7EF9549F3769A53F800D74.d.635144CC945D657558E4D4F04EFC06E9.e.20071"}]}
COMMAND: POST /session/e4ca631e3efb970409c1f6ae88247928/element/f.C691F06ADA7EF9549F3769A53F800D74.d.635144CC945D657558E4D4F04EFC06E9.e.20071/click - {}
COMMAND: GET /session/e4ca631e3efb970409c1f6ae88247928/screenshot - {}
RESULT: {}
RESULT: {}
COMMAND: GET /session/e4ca631e3efb970409c1f6ae88247928/screenshot - {}
RESULT: {}
RESULT: {}
COMMAND: POST /session/e4ca631e3efb970409c1f6ae88247928/element - {"using":"xpath","value":"//span[contains(@id ,\"AddNewHO--typeSelect-arrow\")]"}
RESULT: {"using":"xpath","value":"//span[contains(@id ,\"AddNewHO--typeSelect-arrow\")]"}
COMMAND: POST /session/e4ca631e3efb970409c1f6ae88247928/element/f.C691F06ADA7EF9549F3769A53F800D74.d.635144CC945D657558E4D4F04EFC06E9.e.20424/click - {}
RESULT: {}
COMMAND: GET /session/e4ca631e3efb970409c1f6ae88247928/screenshot - {}
RESULT: {}
COMMAND: POST /session/e4ca631e3efb970409c1f6ae88247928/element - {"using":"xpath","value":"(//li[contains(text(), \"stock increase yard\")])[1]"}
RESULT: {"using":"xpath","value":"(//li[contains(text(), \"stock increase yard\")])[1]"}
COMMAND: POST /session/e4ca631e3efb970409c1f6ae88247928/element/f.C691F06ADA7EF9549F3769A53F800D74.d.635144CC945D657558E4D4F04EFC06E9.e.20425/click - {}
RESULT: {}
COMMAND: GET /session/e4ca631e3efb970409c1f6ae88247928/screenshot - {}
RESULT: {}
COMMAND: POST /session/e4ca631e3efb970409c1f6ae88247928/execute/async - {"script":"<script> [1562 bytes]","args":[{"selector":{"id":"application-managehandovers-display-component---AddNewHO--dueDate","interaction":{"idSuffix":"inner"}},"wdio_ui5_key":"applicationmanagehandovers-display-component---AddNewHO--dueDate"}]}
RESULT: {"script":"<script> [1562 bytes]","args":[{"selector":{"id":"application-managehandovers-display-component---AddNewHO--dueDate","interaction":{"idSuffix":"inner"}},"wdio_ui5_key":"applicationmanagehandovers-display-component---AddNewHO--dueDate"}]}
RESULT: undefined
COMMAND: POST /session/e4ca631e3efb970409c1f6ae88247928/execute/async - {"script":"<script> [6424 bytes]","args":[{"element-6066-11e4-a52e-4f735466cecf":"f.C691F06ADA7EF9549F3769A53F800D74.d.635144CC945D657558E4D4F04EFC06E9.e.20427"},"setValue",["05/07/2025"]]}
RESULT: {"script":"<script> [6424 bytes]","args":[{"element-6066-11e4-a52e-4f735466cecf":"f.C691F06ADA7EF9549F3769A53F800D74.d.635144CC945D657558E4D4F04EFC06E9.e.20427"},"setValue",["05/07/2025"]]}
COMMAND: POST /session/e4ca631e3efb970409c1f6ae88247928/element - {"using":"xpath","value":"//input[@id=\"generalSectionFrg--receiveYard-inner\"]"}
RESULT: {"using":"xpath","value":"//input[@id=\"generalSectionFrg--receiveYard-inner\"]"}
COMMAND: POST /session/e4ca631e3efb970409c1f6ae88247928/element/f.C691F06ADA7EF9549F3769A53F800D74.d.635144CC945D657558E4D4F04EFC06E9.e.20433/clear - {}
RESULT: {}
COMMAND: POST /session/e4ca631e3efb970409c1f6ae88247928/element/f.C691F06ADA7EF9549F3769A53F800D74.d.635144CC945D657558E4D4F04EFC06E9.e.20433/value - {"text":"667"}
COMMAND: GET /session/e4ca631e3efb970409c1f6ae88247928/screenshot - {}
RESULT: {"text":"667"}
COMMAND: GET /session/e4ca631e3efb970409c1f6ae88247928/screenshot - {}
RESULT: {}
RESULT: {}
COMMAND: POST /session/e4ca631e3efb970409c1f6ae88247928/element - {"using":"xpath","value":"//li[.//span[text()='667']]"}
RESULT: {"using":"xpath","value":"//li[.//span[text()='667']]"}
COMMAND: POST /session/e4ca631e3efb970409c1f6ae88247928/element/f.C691F06ADA7EF9549F3769A53F800D74.d.635144CC945D657558E4D4F04EFC06E9.e.20449/click - {}
RESULT: {}
COMMAND: GET /session/e4ca631e3efb970409c1f6ae88247928/screenshot - {}
RESULT: {}
COMMAND: POST /session/e4ca631e3efb970409c1f6ae88247928/execute/async - {"script":"<script> [1562 bytes]","args":[{"selector":{"id":"application-managehandovers-display-component---AddNewHO--ObjectPageLayout-anchBar-application-managehandovers-display-component---AddNewHO--section4-anchor","interaction":{"idSuffix":"BDI-content"}},"wdio_ui5_key":"applicationmanagehandovers-display-component---AddNewHO--ObjectPageLayout-anchBar-application-managehandovers-display-component---AddNewHO--section4-anchor"}]}
RESULT: {"script":"<script> [1562 bytes]","args":[{"selector":{"id":"application-managehandovers-display-component---AddNewHO--ObjectPageLayout-anchBar-application-managehandovers-display-component---AddNewHO--section4-anchor","interaction":{"idSuffix":"BDI-content"}},"wdio_ui5_key":"applicationmanagehandovers-display-component---AddNewHO--ObjectPageLayout-anchBar-application-managehandovers-display-component---AddNewHO--section4-anchor"}]}
RESULT: undefined
COMMAND: POST /session/e4ca631e3efb970409c1f6ae88247928/element - {"using":"xpath","value":"//*[@id=\"application-managehandovers-display-component---AddNewHO--ObjectPageLayout-anchBar-application-managehandovers-display-component---AddNewHO--section4-anchor\"]"}
RESULT: {"using":"xpath","value":"//*[@id=\"application-managehandovers-display-component---AddNewHO--ObjectPageLayout-anchBar-application-managehandovers-display-component---AddNewHO--section4-anchor\"]"}
COMMAND: POST /session/e4ca631e3efb970409c1f6ae88247928/element/f.C691F06ADA7EF9549F3769A53F800D74.d.635144CC945D657558E4D4F04EFC06E9.e.20451/click - {}
RESULT: {}
COMMAND: POST /session/e4ca631e3efb970409c1f6ae88247928/element - {"using":"xpath","value":"//button[@aria-label=\"Add\"]"}
COMMAND: GET /session/e4ca631e3efb970409c1f6ae88247928/screenshot - {}
RESULT: {"using":"xpath","value":"//button[@aria-label=\"Add\"]"}
COMMAND: POST /session/e4ca631e3efb970409c1f6ae88247928/element/f.C691F06ADA7EF9549F3769A53F800D74.d.635144CC945D657558E4D4F04EFC06E9.e.20453/click - {}
RESULT: {}
RESULT: {}
COMMAND: GET /session/e4ca631e3efb970409c1f6ae88247928/screenshot - {}
RESULT: {}
COMMAND: POST /session/e4ca631e3efb970409c1f6ae88247928/execute/async - {"script":"<script> [1562 bytes]","args":[{"selector":{"id":"application-managehandovers-display-component---AddNewHO--smartFilterBar-btnBasicSearch","searchOpenDialogs":true,"interaction":{"idSuffix":"I"}},"wdio_ui5_key":"applicationmanagehandovers-display-component---AddNewHO--smartFilterBar-btnBasicSearch"}]}
RESULT: {"script":"<script> [1562 bytes]","args":[{"selector":{"id":"application-managehandovers-display-component---AddNewHO--smartFilterBar-btnBasicSearch","searchOpenDialogs":true,"interaction":{"idSuffix":"I"}},"wdio_ui5_key":"applicationmanagehandovers-display-component---AddNewHO--smartFilterBar-btnBasicSearch"}]}
RESULT: undefined
COMMAND: POST /session/e4ca631e3efb970409c1f6ae88247928/execute/async - {"script":"<script> [776 bytes]","args":[{"enterText":"Q1NJ2kgLkc","selector":{"id":"application-managehandovers-display-component---AddNewHO--smartFilterBar-btnBasicSearch","searchOpenDialogs":true,"interaction":{"idSuffix":"I"}},"clearTextFirst":true,"interactionType":"ENTER_TEXT"}]}
RESULT: {"script":"<script> [776 bytes]","args":[{"enterText":"Q1NJ2kgLkc","selector":{"id":"application-managehandovers-display-component---AddNewHO--smartFilterBar-btnBasicSearch","searchOpenDialogs":true,"interaction":{"idSuffix":"I"}},"clearTextFirst":true,"interactionType":"ENTER_TEXT"}]}
COMMAND: POST /session/e4ca631e3efb970409c1f6ae88247928/actions - {"actions":[{"id":"action76","type":"key","parameters":{},"actions":[{"type":"keyDown","value":"î€‡"},{"type":"pause","duration":10},{"type":"keyUp","value":"î€‡"}]}]}
RESULT: {"actions":[{"id":"action76","type":"key","parameters":{},"actions":[{"type":"keyDown","value":"î€‡"},{"type":"pause","duration":10},{"type":"keyUp","value":"î€‡"}]}]}
COMMAND: GET /session/e4ca631e3efb970409c1f6ae88247928/screenshot - {}
RESULT: {}
COMMAND: POST /session/e4ca631e3efb970409c1f6ae88247928/execute/async - {"script":"<script> [1562 bytes]","args":[{"selector":{"id":"application-managehandovers-display-component---AddNewHO--popup-sa","searchOpenDialogs":true,"interaction":{"idSuffix":"CbBg"}},"wdio_ui5_key":"applicationmanagehandovers-display-component---AddNewHO--popup-sa"}]}
RESULT: {"script":"<script> [1562 bytes]","args":[{"selector":{"id":"application-managehandovers-display-component---AddNewHO--popup-sa","searchOpenDialogs":true,"interaction":{"idSuffix":"CbBg"}},"wdio_ui5_key":"applicationmanagehandovers-display-component---AddNewHO--popup-sa"}]}
RESULT: undefined
COMMAND: POST /session/e4ca631e3efb970409c1f6ae88247928/element - {"using":"xpath","value":"//*[@id=\"application-managehandovers-display-component---AddNewHO--popup-sa\"]"}
RESULT: {"using":"xpath","value":"//*[@id=\"application-managehandovers-display-component---AddNewHO--popup-sa\"]"}
COMMAND: POST /session/e4ca631e3efb970409c1f6ae88247928/element/f.C691F06ADA7EF9549F3769A53F800D74.d.635144CC945D657558E4D4F04EFC06E9.e.20608/click - {}
RESULT: {}
COMMAND: GET /session/e4ca631e3efb970409c1f6ae88247928/screenshot - {}
RESULT: {}
COMMAND: POST /session/e4ca631e3efb970409c1f6ae88247928/element - {"using":"xpath","value":"//bdi[contains(text(), \"Select\")]"}
RESULT: {"using":"xpath","value":"//bdi[contains(text(), \"Select\")]"}
COMMAND: POST /session/e4ca631e3efb970409c1f6ae88247928/element/f.C691F06ADA7EF9549F3769A53F800D74.d.635144CC945D657558E4D4F04EFC06E9.e.20609/click - {}
RESULT: {}
COMMAND: GET /session/e4ca631e3efb970409c1f6ae88247928/screenshot - {}
RESULT: {}
COMMAND: POST /session/e4ca631e3efb970409c1f6ae88247928/element - {"using":"xpath","value":"//button[@data-kt=\"AddNewHOSaveButton\"]"}
RESULT: {"using":"xpath","value":"//button[@data-kt=\"AddNewHOSaveButton\"]"}
COMMAND: POST /session/e4ca631e3efb970409c1f6ae88247928/element/f.C691F06ADA7EF9549F3769A53F800D74.d.635144CC945D657558E4D4F04EFC06E9.e.20613/click - {}
RESULT: {}
COMMAND: GET /session/e4ca631e3efb970409c1f6ae88247928/screenshot - {}
RESULT: {}
COMMAND: POST /session/e4ca631e3efb970409c1f6ae88247928/execute/async - {"script":"<script> [1562 bytes]","args":[{"selector":{"id":"receiptDatePicker","viewName":"etm.portal.ui.managehandovers.view.DetailExecuteHO","interaction":{"idSuffix":"inner"}},"wdio_ui5_key":"receiptDatePickeretmportal.ui.managehandovers.view.DetailExecuteHO"}]}
RESULT: {"script":"<script> [1562 bytes]","args":[{"selector":{"id":"receiptDatePicker","viewName":"etm.portal.ui.managehandovers.view.DetailExecuteHO","interaction":{"idSuffix":"inner"}},"wdio_ui5_key":"receiptDatePickeretmportal.ui.managehandovers.view.DetailExecuteHO"}]}
RESULT: undefined
COMMAND: POST /session/e4ca631e3efb970409c1f6ae88247928/execute/async - {"script":"<script> [6424 bytes]","args":[{"element-6066-11e4-a52e-4f735466cecf":"f.C691F06ADA7EF9549F3769A53F800D74.d.635144CC945D657558E4D4F04EFC06E9.e.20640"},"setValue",["05/07/2025"]]}
RESULT: {"script":"<script> [6424 bytes]","args":[{"element-6066-11e4-a52e-4f735466cecf":"f.C691F06ADA7EF9549F3769A53F800D74.d.635144CC945D657558E4D4F04EFC06E9.e.20640"},"setValue",["05/07/2025"]]}
COMMAND: POST /session/e4ca631e3efb970409c1f6ae88247928/element - {"using":"xpath","value":"//button[@data-kt=\"PickingTableConfirmAllButton\"]"}
RESULT: {"using":"xpath","value":"//button[@data-kt=\"PickingTableConfirmAllButton\"]"}
COMMAND: POST /session/e4ca631e3efb970409c1f6ae88247928/element/f.C691F06ADA7EF9549F3769A53F800D74.d.635144CC945D657558E4D4F04EFC06E9.e.20655/click - {}
RESULT: {}
COMMAND: GET /session/e4ca631e3efb970409c1f6ae88247928/screenshot - {}
RESULT: {}
COMMAND: POST /session/e4ca631e3efb970409c1f6ae88247928/element - {"using":"xpath","value":"//bdi[contains(text(), \"OK\")]"}
RESULT: {"using":"xpath","value":"//bdi[contains(text(), \"OK\")]"}
COMMAND: POST /session/e4ca631e3efb970409c1f6ae88247928/element/f.C691F06ADA7EF9549F3769A53F800D74.d.635144CC945D657558E4D4F04EFC06E9.e.20657/click - {}
RESULT: {}
COMMAND: GET /session/e4ca631e3efb970409c1f6ae88247928/screenshot - {}
RESULT: {}
COMMAND: POST /session/e4ca631e3efb970409c1f6ae88247928/element - {"using":"xpath","value":"(//bdi[contains(text(), \"Receive\")])[2]"}
RESULT: {"using":"xpath","value":"(//bdi[contains(text(), \"Receive\")])[2]"}
COMMAND: POST /session/e4ca631e3efb970409c1f6ae88247928/element/f.C691F06ADA7EF9549F3769A53F800D74.d.635144CC945D657558E4D4F04EFC06E9.e.20659/click - {}
RESULT: {}
COMMAND: GET /session/e4ca631e3efb970409c1f6ae88247928/screenshot - {}
RESULT: {}
COMMAND: POST /session/e4ca631e3efb970409c1f6ae88247928/element - {"using":"css selector","value":"#shell-header-logo"}
RESULT: {"using":"css selector","value":"#shell-header-logo"}
COMMAND: POST /session/e4ca631e3efb970409c1f6ae88247928/element/f.C691F06ADA7EF9549F3769A53F800D74.d.635144CC945D657558E4D4F04EFC06E9.e.20033/click - {}
RESULT: {}
COMMAND: GET /session/e4ca631e3efb970409c1f6ae88247928/screenshot - {}
RESULT: {}
]]></system-out>
    </testcase>
    <testcase classname="chrome.135_0_7049_115.windows.Billing_Calculation_-_Time_based_(considering_transport_times)_US139738" name="Should create a new contract" time="62.269">
      <system-out><![CDATA[
COMMAND: POST /session/e4ca631e3efb970409c1f6ae88247928/execute/async - {"script":"<script> [1562 bytes]","args":[{"selector":{"controlType":"sap.m.Text","viewName":"etm.portal.ui.managecontractstile.view.Master","properties":{"text":"Manage Contracts"},"interaction":{"idSuffix":"inner"}},"wdio_ui5_key":"etmportal.ui.managecontractstile.view.Mastersap.m.Text{\"text\":\"Manage Contracts\"}"}]}
RESULT: {"script":"<script> [1562 bytes]","args":[{"selector":{"controlType":"sap.m.Text","viewName":"etm.portal.ui.managecontractstile.view.Master","properties":{"text":"Manage Contracts"},"interaction":{"idSuffix":"inner"}},"wdio_ui5_key":"etmportal.ui.managecontractstile.view.Mastersap.m.Text{\"text\":\"Manage Contracts\"}"}]}
RESULT: undefined
COMMAND: POST /session/e4ca631e3efb970409c1f6ae88247928/element - {"using":"xpath","value":"//*[@id=\"__tile130-title\"]"}
RESULT: {"using":"xpath","value":"//*[@id=\"__tile130-title\"]"}
COMMAND: POST /session/e4ca631e3efb970409c1f6ae88247928/element/f.C691F06ADA7EF9549F3769A53F800D74.d.635144CC945D657558E4D4F04EFC06E9.e.20944/click - {}
RESULT: {}
COMMAND: GET /session/e4ca631e3efb970409c1f6ae88247928/screenshot - {}
COMMAND: POST /session/e4ca631e3efb970409c1f6ae88247928/element - {"using":"xpath","value":"//button[@data-kt=\"addButton\"]"}
RESULT: {}
RESULT: {"using":"xpath","value":"//button[@data-kt=\"addButton\"]"}
COMMAND: POST /session/e4ca631e3efb970409c1f6ae88247928/elements - {"using":"xpath","value":"//button[@data-kt=\"addButton\"]"}
RESULT: {"using":"xpath","value":"//button[@data-kt=\"addButton\"]"}
COMMAND: POST /session/e4ca631e3efb970409c1f6ae88247928/execute/sync - {"script":"<script> [8489 bytes]","args":[{"element-6066-11e4-a52e-4f735466cecf":"f.C691F06ADA7EF9549F3769A53F800D74.d.635144CC945D657558E4D4F04EFC06E9.e.21014","ELEMENT":"f.C691F06ADA7EF9549F3769A53F800D74.d.635144CC945D657558E4D4F04EFC06E9.e.21014"}]}
RESULT: {"script":"<script> [8489 bytes]","args":[{"element-6066-11e4-a52e-4f735466cecf":"f.C691F06ADA7EF9549F3769A53F800D74.d.635144CC945D657558E4D4F04EFC06E9.e.21014","ELEMENT":"f.C691F06ADA7EF9549F3769A53F800D74.d.635144CC945D657558E4D4F04EFC06E9.e.21014"}]}
COMMAND: GET /session/e4ca631e3efb970409c1f6ae88247928/element/f.C691F06ADA7EF9549F3769A53F800D74.d.635144CC945D657558E4D4F04EFC06E9.e.21014/enabled - {}
COMMAND: GET /session/e4ca631e3efb970409c1f6ae88247928/screenshot - {}
RESULT: {}
COMMAND: POST /session/e4ca631e3efb970409c1f6ae88247928/execute/sync - {"script":"<script> [8489 bytes]","args":[{"element-6066-11e4-a52e-4f735466cecf":"f.C691F06ADA7EF9549F3769A53F800D74.d.635144CC945D657558E4D4F04EFC06E9.e.21014","ELEMENT":"f.C691F06ADA7EF9549F3769A53F800D74.d.635144CC945D657558E4D4F04EFC06E9.e.21014"}]}
COMMAND: GET /session/e4ca631e3efb970409c1f6ae88247928/screenshot - {}
RESULT: {}
RESULT: {"script":"<script> [8489 bytes]","args":[{"element-6066-11e4-a52e-4f735466cecf":"f.C691F06ADA7EF9549F3769A53F800D74.d.635144CC945D657558E4D4F04EFC06E9.e.21014","ELEMENT":"f.C691F06ADA7EF9549F3769A53F800D74.d.635144CC945D657558E4D4F04EFC06E9.e.21014"}]}
COMMAND: POST /session/e4ca631e3efb970409c1f6ae88247928/execute/sync - {"script":"<script> [5351 bytes]","args":[{"element-6066-11e4-a52e-4f735466cecf":"f.C691F06ADA7EF9549F3769A53F800D74.d.635144CC945D657558E4D4F04EFC06E9.e.21014","ELEMENT":"f.C691F06ADA7EF9549F3769A53F800D74.d.635144CC945D657558E4D4F04EFC06E9.e.21014"}]}
COMMAND: GET /session/e4ca631e3efb970409c1f6ae88247928/screenshot - {}
RESULT: {}
RESULT: {"script":"<script> [5351 bytes]","args":[{"element-6066-11e4-a52e-4f735466cecf":"f.C691F06ADA7EF9549F3769A53F800D74.d.635144CC945D657558E4D4F04EFC06E9.e.21014","ELEMENT":"f.C691F06ADA7EF9549F3769A53F800D74.d.635144CC945D657558E4D4F04EFC06E9.e.21014"}]}
COMMAND: GET /session/e4ca631e3efb970409c1f6ae88247928/screenshot - {}
RESULT: {}
RESULT: {}
COMMAND: POST /session/e4ca631e3efb970409c1f6ae88247928/element/f.C691F06ADA7EF9549F3769A53F800D74.d.635144CC945D657558E4D4F04EFC06E9.e.21014/click - {}
RESULT: {}
COMMAND: GET /session/e4ca631e3efb970409c1f6ae88247928/screenshot - {}
RESULT: {}
COMMAND: POST /session/e4ca631e3efb970409c1f6ae88247928/execute/async - {"script":"<script> [1562 bytes]","args":[{"selector":{"id":"application-managecontracts-display-component---AddNewContract--projectDescription","interaction":{"idSuffix":"inner"}},"wdio_ui5_key":"applicationmanagecontracts-display-component---AddNewContract--projectDescription"}]}
RESULT: {"script":"<script> [1562 bytes]","args":[{"selector":{"id":"application-managecontracts-display-component---AddNewContract--projectDescription","interaction":{"idSuffix":"inner"}},"wdio_ui5_key":"applicationmanagecontracts-display-component---AddNewContract--projectDescription"}]}
RESULT: undefined
COMMAND: POST /session/e4ca631e3efb970409c1f6ae88247928/execute/async - {"script":"<script> [776 bytes]","args":[{"enterText":"Contract WDIO","selector":{"id":"application-managecontracts-display-component---AddNewContract--projectDescription","interaction":{"idSuffix":"inner"}},"clearTextFirst":true,"interactionType":"ENTER_TEXT"}]}
RESULT: {"script":"<script> [776 bytes]","args":[{"enterText":"Contract WDIO","selector":{"id":"application-managecontracts-display-component---AddNewContract--projectDescription","interaction":{"idSuffix":"inner"}},"clearTextFirst":true,"interactionType":"ENTER_TEXT"}]}
COMMAND: POST /session/e4ca631e3efb970409c1f6ae88247928/element - {"using":"xpath","value":"//input[@id=\"application-managecontracts-display-component---AddNewContract--site-inner\"]"}
RESULT: {"using":"xpath","value":"//input[@id=\"application-managecontracts-display-component---AddNewContract--site-inner\"]"}
COMMAND: POST /session/e4ca631e3efb970409c1f6ae88247928/element/f.C691F06ADA7EF9549F3769A53F800D74.d.635144CC945D657558E4D4F04EFC06E9.e.21338/clear - {}
RESULT: {}
COMMAND: POST /session/e4ca631e3efb970409c1f6ae88247928/element/f.C691F06ADA7EF9549F3769A53F800D74.d.635144CC945D657558E4D4F04EFC06E9.e.21338/value - {"text":"2496"}
COMMAND: GET /session/e4ca631e3efb970409c1f6ae88247928/screenshot - {}
RESULT: {"text":"2496"}
COMMAND: GET /session/e4ca631e3efb970409c1f6ae88247928/screenshot - {}
RESULT: {}
RESULT: {}
COMMAND: POST /session/e4ca631e3efb970409c1f6ae88247928/element - {"using":"xpath","value":"//li[.//span[text()='2496']]"}
RESULT: {"using":"xpath","value":"//li[.//span[text()='2496']]"}
COMMAND: POST /session/e4ca631e3efb970409c1f6ae88247928/element/f.C691F06ADA7EF9549F3769A53F800D74.d.635144CC945D657558E4D4F04EFC06E9.e.21361/click - {}
RESULT: {}
COMMAND: GET /session/e4ca631e3efb970409c1f6ae88247928/screenshot - {}
RESULT: {}
COMMAND: POST /session/e4ca631e3efb970409c1f6ae88247928/element - {"using":"xpath","value":"//input[@id=\"application-managecontracts-display-component---AddNewContract--yardId-inner\"]"}
RESULT: {"using":"xpath","value":"//input[@id=\"application-managecontracts-display-component---AddNewContract--yardId-inner\"]"}
COMMAND: GET /session/e4ca631e3efb970409c1f6ae88247928/element/f.C691F06ADA7EF9549F3769A53F800D74.d.635144CC945D657558E4D4F04EFC06E9.e.21339/property/value - {}
RESULT: {}
COMMAND: POST /session/e4ca631e3efb970409c1f6ae88247928/element - {"using":"xpath","value":"//input[@id=\"application-managecontracts-display-component---AddNewContract--customerSelect-inner\"]"}
COMMAND: GET /session/e4ca631e3efb970409c1f6ae88247928/screenshot - {}
RESULT: {"using":"xpath","value":"//input[@id=\"application-managecontracts-display-component---AddNewContract--customerSelect-inner\"]"}
COMMAND: POST /session/e4ca631e3efb970409c1f6ae88247928/element/f.C691F06ADA7EF9549F3769A53F800D74.d.635144CC945D657558E4D4F04EFC06E9.e.21337/clear - {}
RESULT: {}
RESULT: {}
COMMAND: POST /session/e4ca631e3efb970409c1f6ae88247928/element/f.C691F06ADA7EF9549F3769A53F800D74.d.635144CC945D657558E4D4F04EFC06E9.e.21337/value - {"text":"1541"}
COMMAND: GET /session/e4ca631e3efb970409c1f6ae88247928/screenshot - {}
RESULT: {"text":"1541"}
COMMAND: GET /session/e4ca631e3efb970409c1f6ae88247928/screenshot - {}
RESULT: {}
RESULT: {}
COMMAND: POST /session/e4ca631e3efb970409c1f6ae88247928/element - {"using":"xpath","value":"//li[.//span[text()='1541']]"}
RESULT: {"using":"xpath","value":"//li[.//span[text()='1541']]"}
COMMAND: POST /session/e4ca631e3efb970409c1f6ae88247928/element/f.C691F06ADA7EF9549F3769A53F800D74.d.635144CC945D657558E4D4F04EFC06E9.e.21364/click - {}
RESULT: {}
COMMAND: GET /session/e4ca631e3efb970409c1f6ae88247928/screenshot - {}
RESULT: {}
COMMAND: POST /session/e4ca631e3efb970409c1f6ae88247928/element - {"using":"xpath","value":"//button[@data-kt=\"saveButton\"]"}
RESULT: {"using":"xpath","value":"//button[@data-kt=\"saveButton\"]"}
COMMAND: POST /session/e4ca631e3efb970409c1f6ae88247928/element/f.C691F06ADA7EF9549F3769A53F800D74.d.635144CC945D657558E4D4F04EFC06E9.e.21354/click - {}
RESULT: {}
COMMAND: GET /session/e4ca631e3efb970409c1f6ae88247928/screenshot - {}
RESULT: {}
COMMAND: POST /session/e4ca631e3efb970409c1f6ae88247928/element - {"using":"xpath","value":"//span[contains(@id ,\"contractDetailTitleNoExpanded\")]"}
RESULT: {"using":"xpath","value":"//span[contains(@id ,\"contractDetailTitleNoExpanded\")]"}
COMMAND: POST /session/e4ca631e3efb970409c1f6ae88247928/elements - {"using":"xpath","value":"//span[contains(@id ,\"contractDetailTitleNoExpanded\")]"}
RESULT: {"using":"xpath","value":"//span[contains(@id ,\"contractDetailTitleNoExpanded\")]"}
COMMAND: POST /session/e4ca631e3efb970409c1f6ae88247928/execute/sync - {"script":"<script> [56 bytes]","args":[{"element-6066-11e4-a52e-4f735466cecf":"f.C691F06ADA7EF9549F3769A53F800D74.d.635144CC945D657558E4D4F04EFC06E9.e.21374","ELEMENT":"f.C691F06ADA7EF9549F3769A53F800D74.d.635144CC945D657558E4D4F04EFC06E9.e.21374"}]}
RESULT: {"script":"<script> [56 bytes]","args":[{"element-6066-11e4-a52e-4f735466cecf":"f.C691F06ADA7EF9549F3769A53F800D74.d.635144CC945D657558E4D4F04EFC06E9.e.21374","ELEMENT":"f.C691F06ADA7EF9549F3769A53F800D74.d.635144CC945D657558E4D4F04EFC06E9.e.21374"}]}
COMMAND: GET /session/e4ca631e3efb970409c1f6ae88247928/screenshot - {}
RESULT: {}
]]></system-out>
    </testcase>
    <testcase classname="chrome.135_0_7049_115.windows.Billing_Calculation_-_Time_based_(considering_transport_times)_US139738" name="Should add transport time checkbox on contract details" time="16.136">
      <system-out><![CDATA[
COMMAND: POST /session/e4ca631e3efb970409c1f6ae88247928/element - {"using":"xpath","value":"//button[@data-kt=\"contractDetailEditBtnButton\"]"}
RESULT: {"using":"xpath","value":"//button[@data-kt=\"contractDetailEditBtnButton\"]"}
COMMAND: POST /session/e4ca631e3efb970409c1f6ae88247928/element/f.C691F06ADA7EF9549F3769A53F800D74.d.635144CC945D657558E4D4F04EFC06E9.e.21376/click - {}
RESULT: {}
COMMAND: GET /session/e4ca631e3efb970409c1f6ae88247928/screenshot - {}
RESULT: {}
COMMAND: POST /session/e4ca631e3efb970409c1f6ae88247928/element - {"using":"xpath","value":"(//span[contains(text(), \"Contract Billing\")])[2]"}
RESULT: {"using":"xpath","value":"(//span[contains(text(), \"Contract Billing\")])[2]"}
COMMAND: POST /session/e4ca631e3efb970409c1f6ae88247928/element/f.C691F06ADA7EF9549F3769A53F800D74.d.635144CC945D657558E4D4F04EFC06E9.e.21431/click - {}
RESULT: {}
COMMAND: GET /session/e4ca631e3efb970409c1f6ae88247928/screenshot - {}
RESULT: {}
COMMAND: POST /session/e4ca631e3efb970409c1f6ae88247928/element - {"using":"xpath","value":"(//div[contains(@id, \"transportTimesBilled-CbBg\")])"}
RESULT: {"using":"xpath","value":"(//div[contains(@id, \"transportTimesBilled-CbBg\")])"}
COMMAND: POST /session/e4ca631e3efb970409c1f6ae88247928/element/f.C691F06ADA7EF9549F3769A53F800D74.d.635144CC945D657558E4D4F04EFC06E9.e.21462/click - {}
RESULT: {}
COMMAND: GET /session/e4ca631e3efb970409c1f6ae88247928/screenshot - {}
RESULT: {}
COMMAND: POST /session/e4ca631e3efb970409c1f6ae88247928/element - {"using":"xpath","value":"(//button[@data-kt=\"saveButton\"])[2]"}
RESULT: {"using":"xpath","value":"(//button[@data-kt=\"saveButton\"])[2]"}
COMMAND: POST /session/e4ca631e3efb970409c1f6ae88247928/element/f.C691F06ADA7EF9549F3769A53F800D74.d.635144CC945D657558E4D4F04EFC06E9.e.21463/click - {}
RESULT: {}
COMMAND: GET /session/e4ca631e3efb970409c1f6ae88247928/screenshot - {}
RESULT: {}
]]></system-out>
    </testcase>
    <testcase classname="chrome.135_0_7049_115.windows.Billing_Calculation_-_Time_based_(considering_transport_times)_US139738" name="Should add created equipment to contract" time="46.831">
      <system-out><![CDATA[
COMMAND: POST /session/e4ca631e3efb970409c1f6ae88247928/element - {"using":"xpath","value":"//button[@data-kt=\"contractDetailEditBtnButton\"]"}
RESULT: {"using":"xpath","value":"//button[@data-kt=\"contractDetailEditBtnButton\"]"}
COMMAND: POST /session/e4ca631e3efb970409c1f6ae88247928/element/f.C691F06ADA7EF9549F3769A53F800D74.d.635144CC945D657558E4D4F04EFC06E9.e.21376/click - {}
RESULT: {}
COMMAND: GET /session/e4ca631e3efb970409c1f6ae88247928/screenshot - {}
RESULT: {}
COMMAND: POST /session/e4ca631e3efb970409c1f6ae88247928/element - {"using":"xpath","value":"(//span[contains(text(), \"Additional Addresses\")])[2]"}
RESULT: {"using":"xpath","value":"(//span[contains(text(), \"Additional Addresses\")])[2]"}
COMMAND: POST /session/e4ca631e3efb970409c1f6ae88247928/element/f.C691F06ADA7EF9549F3769A53F800D74.d.635144CC945D657558E4D4F04EFC06E9.e.21484/click - {}
RESULT: {}
COMMAND: GET /session/e4ca631e3efb970409c1f6ae88247928/screenshot - {}
RESULT: {}
COMMAND: POST /session/e4ca631e3efb970409c1f6ae88247928/element - {"using":"xpath","value":"//button[@data-kt=\"btnAddTableRowOverflowToolbarButton\"]"}
RESULT: {"using":"xpath","value":"//button[@data-kt=\"btnAddTableRowOverflowToolbarButton\"]"}
COMMAND: POST /session/e4ca631e3efb970409c1f6ae88247928/element/f.C691F06ADA7EF9549F3769A53F800D74.d.635144CC945D657558E4D4F04EFC06E9.e.21486/click - {}
RESULT: {}
COMMAND: GET /session/e4ca631e3efb970409c1f6ae88247928/screenshot - {}
RESULT: {}
COMMAND: POST /session/e4ca631e3efb970409c1f6ae88247928/element - {"using":"xpath","value":"//div[(text() = 'Standard Entry' or . = 'Standard Entry')]"}
RESULT: {"using":"xpath","value":"//div[(text() = 'Standard Entry' or . = 'Standard Entry')]"}
COMMAND: POST /session/e4ca631e3efb970409c1f6ae88247928/element/f.C691F06ADA7EF9549F3769A53F800D74.d.635144CC945D657558E4D4F04EFC06E9.e.21488/click - {}
RESULT: {}
COMMAND: GET /session/e4ca631e3efb970409c1f6ae88247928/screenshot - {}
RESULT: {}
COMMAND: POST /session/e4ca631e3efb970409c1f6ae88247928/element - {"using":"xpath","value":"//td[7]/div/div/input"}
RESULT: {"using":"xpath","value":"//td[7]/div/div/input"}
COMMAND: POST /session/e4ca631e3efb970409c1f6ae88247928/element/f.C691F06ADA7EF9549F3769A53F800D74.d.635144CC945D657558E4D4F04EFC06E9.e.21497/clear - {}
RESULT: {}
COMMAND: POST /session/e4ca631e3efb970409c1f6ae88247928/element/f.C691F06ADA7EF9549F3769A53F800D74.d.635144CC945D657558E4D4F04EFC06E9.e.21497/value - {"text":"Q1NJ2kgLkc"}
COMMAND: GET /session/e4ca631e3efb970409c1f6ae88247928/screenshot - {}
RESULT: {"text":"Q1NJ2kgLkc"}
COMMAND: GET /session/e4ca631e3efb970409c1f6ae88247928/screenshot - {}
RESULT: {}
RESULT: {}
COMMAND: POST /session/e4ca631e3efb970409c1f6ae88247928/actions - {"actions":[{"id":"action77","type":"key","parameters":{},"actions":[{"type":"keyDown","value":"î€‡"},{"type":"pause","duration":10},{"type":"keyUp","value":"î€‡"}]}]}
RESULT: {"actions":[{"id":"action77","type":"key","parameters":{},"actions":[{"type":"keyDown","value":"î€‡"},{"type":"pause","duration":10},{"type":"keyUp","value":"î€‡"}]}]}
COMMAND: GET /session/e4ca631e3efb970409c1f6ae88247928/screenshot - {}
RESULT: {}
COMMAND: POST /session/e4ca631e3efb970409c1f6ae88247928/execute/sync - {"script":"<script> [276 bytes]","args":["No pricing information was found"]}
RESULT: {"script":"<script> [276 bytes]","args":["No pricing information was found"]}
COMMAND: POST /session/e4ca631e3efb970409c1f6ae88247928/element - {"using":"xpath","value":"(//button[@data-kt=\"saveButton\"])[2]"}
COMMAND: GET /session/e4ca631e3efb970409c1f6ae88247928/screenshot - {}
RESULT: {"using":"xpath","value":"(//button[@data-kt=\"saveButton\"])[2]"}
COMMAND: POST /session/e4ca631e3efb970409c1f6ae88247928/element/f.C691F06ADA7EF9549F3769A53F800D74.d.635144CC945D657558E4D4F04EFC06E9.e.21463/click - {}
RESULT: {}
RESULT: {}
COMMAND: GET /session/e4ca631e3efb970409c1f6ae88247928/screenshot - {}
RESULT: {}
COMMAND: POST /session/e4ca631e3efb970409c1f6ae88247928/execute/sync - {"script":"<script> [276 bytes]","args":["Some contract items are having rental validity exceeding header rental validity"]}
RESULT: {"script":"<script> [276 bytes]","args":["Some contract items are having rental validity exceeding header rental validity"]}
COMMAND: GET /session/e4ca631e3efb970409c1f6ae88247928/screenshot - {}
RESULT: {}
COMMAND: POST /session/e4ca631e3efb970409c1f6ae88247928/element - {"using":"xpath","value":"//span[contains(@id ,\"contractItemsSmartTable-header-inner\")]"}
RESULT: {"using":"xpath","value":"//span[contains(@id ,\"contractItemsSmartTable-header-inner\")]"}
COMMAND: POST /session/e4ca631e3efb970409c1f6ae88247928/elements - {"using":"xpath","value":"//span[contains(@id ,\"contractItemsSmartTable-header-inner\")]"}
RESULT: {"using":"xpath","value":"//span[contains(@id ,\"contractItemsSmartTable-header-inner\")]"}
COMMAND: POST /session/e4ca631e3efb970409c1f6ae88247928/execute/sync - {"script":"<script> [56 bytes]","args":[{"element-6066-11e4-a52e-4f735466cecf":"f.C691F06ADA7EF9549F3769A53F800D74.d.635144CC945D657558E4D4F04EFC06E9.e.21519","ELEMENT":"f.C691F06ADA7EF9549F3769A53F800D74.d.635144CC945D657558E4D4F04EFC06E9.e.21519"}]}
RESULT: {"script":"<script> [56 bytes]","args":[{"element-6066-11e4-a52e-4f735466cecf":"f.C691F06ADA7EF9549F3769A53F800D74.d.635144CC945D657558E4D4F04EFC06E9.e.21519","ELEMENT":"f.C691F06ADA7EF9549F3769A53F800D74.d.635144CC945D657558E4D4F04EFC06E9.e.21519"}]}
]]></system-out>
    </testcase>
    <testcase classname="chrome.135_0_7049_115.windows.Billing_Calculation_-_Time_based_(considering_transport_times)_US139738" name="Should do a provide to site 2 step" time="124.943">
      <system-out><![CDATA[
COMMAND: POST /session/e4ca631e3efb970409c1f6ae88247928/element - {"using":"xpath","value":"//button[@data-kt=\"provideButton\"]"}
COMMAND: GET /session/e4ca631e3efb970409c1f6ae88247928/screenshot - {}
RESULT: {"using":"xpath","value":"//button[@data-kt=\"provideButton\"]"}
COMMAND: POST /session/e4ca631e3efb970409c1f6ae88247928/element/f.C691F06ADA7EF9549F3769A53F800D74.d.635144CC945D657558E4D4F04EFC06E9.e.21520/click - {}
RESULT: {}
RESULT: {}
COMMAND: GET /session/e4ca631e3efb970409c1f6ae88247928/screenshot - {}
RESULT: {}
COMMAND: POST /session/e4ca631e3efb970409c1f6ae88247928/element - {"using":"xpath","value":"(//div[contains(@id, \"application-managehandovers-display-component---AddNewHO--oneStep-CbBg\")])"}
RESULT: {"using":"xpath","value":"(//div[contains(@id, \"application-managehandovers-display-component---AddNewHO--oneStep-CbBg\")])"}
COMMAND: POST /session/e4ca631e3efb970409c1f6ae88247928/element - {"using":"xpath","value":"(//div[contains(@id, \"application-managehandovers-display-component---AddNewHO--oneStep-CbBg\")])/input"}
RESULT: {"using":"xpath","value":"(//div[contains(@id, \"application-managehandovers-display-component---AddNewHO--oneStep-CbBg\")])/input"}
COMMAND: GET /session/e4ca631e3efb970409c1f6ae88247928/element/f.C691F06ADA7EF9549F3769A53F800D74.d.635144CC945D657558E4D4F04EFC06E9.e.21581/attribute/checked - {}
RESULT: {}
RESULT: undefined
COMMAND: POST /session/e4ca631e3efb970409c1f6ae88247928/execute/async - {"script":"<script> [6424 bytes]","args":[{"element-6066-11e4-a52e-4f735466cecf":"f.C691F06ADA7EF9549F3769A53F800D74.d.635144CC945D657558E4D4F04EFC06E9.e.20427"},"setValue",["05/07/2025"]]}
COMMAND: POST /session/e4ca631e3efb970409c1f6ae88247928/element/f.C691F06ADA7EF9549F3769A53F800D74.d.635144CC945D657558E4D4F04EFC06E9.e.21829/click - {}
COMMAND: POST /session/e4ca631e3efb970409c1f6ae88247928/execute/async - {"script":"<script> [1562 bytes]","args":[{"selector":{"id":"application-managehandovers-display-component---AddNewHO--dueDate","interaction":{"idSuffix":"inner"}},"wdio_ui5_key":"applicationmanagehandovers-display-component---AddNewHO--dueDate"}]}
RESULT: {}
COMMAND: GET /session/e4ca631e3efb970409c1f6ae88247928/screenshot - {}
RESULT: {"script":"<script> [1562 bytes]","args":[{"selector":{"id":"application-managehandovers-display-component---AddNewHO--dueDate","interaction":{"idSuffix":"inner"}},"wdio_ui5_key":"applicationmanagehandovers-display-component---AddNewHO--dueDate"}]}
COMMAND: POST /session/e4ca631e3efb970409c1f6ae88247928/execute/async - {"script":"<script> [6424 bytes]","args":[{"element-6066-11e4-a52e-4f735466cecf":"f.C691F06ADA7EF9549F3769A53F800D74.d.635144CC945D657558E4D4F04EFC06E9.e.21577"},"setValue",["05/07/2025"]]}
RESULT: {}
RESULT: {"script":"<script> [6424 bytes]","args":[{"element-6066-11e4-a52e-4f735466cecf":"f.C691F06ADA7EF9549F3769A53F800D74.d.635144CC945D657558E4D4F04EFC06E9.e.21577"},"setValue",["05/07/2025"]]}
COMMAND: POST /session/e4ca631e3efb970409c1f6ae88247928/element - {"using":"xpath","value":"//bdi[contains(text(), \"Instructions\")]"}
RESULT: {"using":"xpath","value":"//bdi[contains(text(), \"Instructions\")]"}
COMMAND: POST /session/e4ca631e3efb970409c1f6ae88247928/element/f.C691F06ADA7EF9549F3769A53F800D74.d.635144CC945D657558E4D4F04EFC06E9.e.21833/click - {}
RESULT: {}
COMMAND: GET /session/e4ca631e3efb970409c1f6ae88247928/screenshot - {}
RESULT: {}
COMMAND: POST /session/e4ca631e3efb970409c1f6ae88247928/element - {"using":"xpath","value":"//button[@data-kt=\"AddNewHOProvideAddItemsButton\"]"}
RESULT: {"using":"xpath","value":"//button[@data-kt=\"AddNewHOProvideAddItemsButton\"]"}
COMMAND: POST /session/e4ca631e3efb970409c1f6ae88247928/element/f.C691F06ADA7EF9549F3769A53F800D74.d.635144CC945D657558E4D4F04EFC06E9.e.21835/click - {}
RESULT: {}
COMMAND: GET /session/e4ca631e3efb970409c1f6ae88247928/screenshot - {}
RESULT: {}
RESULT: undefined
COMMAND: POST /session/e4ca631e3efb970409c1f6ae88247928/element - {"using":"xpath","value":"//*[@id=\"application-managehandovers-display-component---AddNewHO--popup-sa\"]"}
RESULT: {"using":"xpath","value":"//*[@id=\"application-managehandovers-display-component---AddNewHO--popup-sa\"]"}
COMMAND: POST /session/e4ca631e3efb970409c1f6ae88247928/element/f.C691F06ADA7EF9549F3769A53F800D74.d.635144CC945D657558E4D4F04EFC06E9.e.21846/click - {}
RESULT: {}
COMMAND: GET /session/e4ca631e3efb970409c1f6ae88247928/screenshot - {}
RESULT: {}
COMMAND: POST /session/e4ca631e3efb970409c1f6ae88247928/element - {"using":"xpath","value":"//*[contains(@id ,\"BDI-content\")][contains(text(), \"Select\")]"}
RESULT: {"using":"xpath","value":"//*[contains(@id ,\"BDI-content\")][contains(text(), \"Select\")]"}
COMMAND: POST /session/e4ca631e3efb970409c1f6ae88247928/element/f.C691F06ADA7EF9549F3769A53F800D74.d.635144CC945D657558E4D4F04EFC06E9.e.21848/click - {}
RESULT: {}
COMMAND: GET /session/e4ca631e3efb970409c1f6ae88247928/screenshot - {}
RESULT: {}
COMMAND: POST /session/e4ca631e3efb970409c1f6ae88247928/execute/async - {"script":"<script> [1562 bytes]","args":[{"selector":{"id":"application-managehandovers-display-component---AddNewHO--confirmCreationButton","interaction":{"idSuffix":"BDI-content"}},"wdio_ui5_key":"applicationmanagehandovers-display-component---AddNewHO--confirmCreationButton"}]}
RESULT: {"script":"<script> [1562 bytes]","args":[{"selector":{"id":"application-managehandovers-display-component---AddNewHO--confirmCreationButton","interaction":{"idSuffix":"BDI-content"}},"wdio_ui5_key":"applicationmanagehandovers-display-component---AddNewHO--confirmCreationButton"}]}
RESULT: undefined
COMMAND: POST /session/e4ca631e3efb970409c1f6ae88247928/element - {"using":"xpath","value":"//*[@id=\"application-managehandovers-display-component---AddNewHO--confirmCreationButton\"]"}
RESULT: {"using":"xpath","value":"//*[@id=\"application-managehandovers-display-component---AddNewHO--confirmCreationButton\"]"}
COMMAND: POST /session/e4ca631e3efb970409c1f6ae88247928/element/f.C691F06ADA7EF9549F3769A53F800D74.d.635144CC945D657558E4D4F04EFC06E9.e.21643/click - {}
RESULT: {}
COMMAND: GET /session/e4ca631e3efb970409c1f6ae88247928/screenshot - {}
RESULT: {}
COMMAND: POST /session/e4ca631e3efb970409c1f6ae88247928/element - {"using":"xpath","value":"//button[@data-kt=\"PickingTableConfirmAllButton\"]"}
RESULT: {"using":"xpath","value":"//button[@data-kt=\"PickingTableConfirmAllButton\"]"}
COMMAND: POST /session/e4ca631e3efb970409c1f6ae88247928/element/f.C691F06ADA7EF9549F3769A53F800D74.d.635144CC945D657558E4D4F04EFC06E9.e.21896/click - {}
COMMAND: POST /session/e4ca631e3efb970409c1f6ae88247928/element - {"using":"xpath","value":"//button[@data-kt=\"PickingTableConfirmAllButton\"]"}
RESULT: {"using":"xpath","value":"//button[@data-kt=\"PickingTableConfirmAllButton\"]"}
COMMAND: POST /session/e4ca631e3efb970409c1f6ae88247928/element/f.C691F06ADA7EF9549F3769A53F800D74.d.635144CC945D657558E4D4F04EFC06E9.e.21896/click - {}
COMMAND: POST /session/e4ca631e3efb970409c1f6ae88247928/element - {"using":"xpath","value":"//button[@data-kt=\"PickingTableConfirmAllButton\"]"}
RESULT: {"using":"xpath","value":"//button[@data-kt=\"PickingTableConfirmAllButton\"]"}
COMMAND: POST /session/e4ca631e3efb970409c1f6ae88247928/element/f.C691F06ADA7EF9549F3769A53F800D74.d.635144CC945D657558E4D4F04EFC06E9.e.21899/click - {}
RESULT: {}
COMMAND: GET /session/e4ca631e3efb970409c1f6ae88247928/screenshot - {}
RESULT: {}
COMMAND: POST /session/e4ca631e3efb970409c1f6ae88247928/element - {"using":"xpath","value":"//bdi[contains(text(), \"OK\")]"}
RESULT: {"using":"xpath","value":"//bdi[contains(text(), \"OK\")]"}
COMMAND: POST /session/e4ca631e3efb970409c1f6ae88247928/element/f.C691F06ADA7EF9549F3769A53F800D74.d.635144CC945D657558E4D4F04EFC06E9.e.21912/click - {}
RESULT: {}
COMMAND: GET /session/e4ca631e3efb970409c1f6ae88247928/screenshot - {}
RESULT: {}
COMMAND: POST /session/e4ca631e3efb970409c1f6ae88247928/element - {"using":"xpath","value":"//button[@data-kt=\"execHoPickButton\"]"}
RESULT: {"using":"xpath","value":"//button[@data-kt=\"execHoPickButton\"]"}
COMMAND: POST /session/e4ca631e3efb970409c1f6ae88247928/element/f.C691F06ADA7EF9549F3769A53F800D74.d.635144CC945D657558E4D4F04EFC06E9.e.21914/click - {}
RESULT: {}
COMMAND: GET /session/e4ca631e3efb970409c1f6ae88247928/screenshot - {}
RESULT: {}
COMMAND: POST /session/e4ca631e3efb970409c1f6ae88247928/element - {"using":"xpath","value":"//span[contains(@id ,\"filterItemControl_BASIC-RECEIVE_CONTRACT-vhi\")]"}
RESULT: {"using":"xpath","value":"//span[contains(@id ,\"filterItemControl_BASIC-RECEIVE_CONTRACT-vhi\")]"}
COMMAND: POST /session/e4ca631e3efb970409c1f6ae88247928/element/f.C691F06ADA7EF9549F3769A53F800D74.d.635144CC945D657558E4D4F04EFC06E9.e.22244/click - {}
RESULT: {}
COMMAND: GET /session/e4ca631e3efb970409c1f6ae88247928/screenshot - {}
RESULT: {}
COMMAND: POST /session/e4ca631e3efb970409c1f6ae88247928/execute/async - {"script":"<script> [1562 bytes]","args":[{"selector":{"controlType":"sap.m.SearchField","viewName":"etm.portal.ui.managehandovers.view.MasterHO","bindingPath":{"path":"","propertyPath":"/_BASIC_SEARCH_FIELD","modelName":"fi1t3rM0d31"},"searchOpenDialogs":true,"interaction":{"idSuffix":"I"}},"wdio_ui5_key":"etmportal.ui.managehandovers.view.MasterHOsap.m.SearchField{\"path\":\"\",\"propertyPath\":\"/_BASIC_SEARCH_FIELD\",\"modelName\":\"fi1t3rM0d31\"}"}]}
RESULT: {"script":"<script> [1562 bytes]","args":[{"selector":{"controlType":"sap.m.SearchField","viewName":"etm.portal.ui.managehandovers.view.MasterHO","bindingPath":{"path":"","propertyPath":"/_BASIC_SEARCH_FIELD","modelName":"fi1t3rM0d31"},"searchOpenDialogs":true,"interaction":{"idSuffix":"I"}},"wdio_ui5_key":"etmportal.ui.managehandovers.view.MasterHOsap.m.SearchField{\"path\":\"\",\"propertyPath\":\"/_BASIC_SEARCH_FIELD\",\"modelName\":\"fi1t3rM0d31\"}"}]}
RESULT: undefined
COMMAND: POST /session/e4ca631e3efb970409c1f6ae88247928/execute/async - {"script":"<script> [776 bytes]","args":[{"enterText":"10622","selector":{"controlType":"sap.m.SearchField","viewName":"etm.portal.ui.managehandovers.view.MasterHO","bindingPath":{"path":"","propertyPath":"/_BASIC_SEARCH_FIELD","modelName":"fi1t3rM0d31"},"searchOpenDialogs":true,"interaction":{"idSuffix":"I"}},"clearTextFirst":true,"interactionType":"ENTER_TEXT"}]}
RESULT: {"script":"<script> [776 bytes]","args":[{"enterText":"10622","selector":{"controlType":"sap.m.SearchField","viewName":"etm.portal.ui.managehandovers.view.MasterHO","bindingPath":{"path":"","propertyPath":"/_BASIC_SEARCH_FIELD","modelName":"fi1t3rM0d31"},"searchOpenDialogs":true,"interaction":{"idSuffix":"I"}},"clearTextFirst":true,"interactionType":"ENTER_TEXT"}]}
COMMAND: POST /session/e4ca631e3efb970409c1f6ae88247928/actions - {"actions":[{"id":"action78","type":"key","parameters":{},"actions":[{"type":"keyDown","value":"î€‡"},{"type":"pause","duration":10},{"type":"keyUp","value":"î€‡"}]}]}
RESULT: {"actions":[{"id":"action78","type":"key","parameters":{},"actions":[{"type":"keyDown","value":"î€‡"},{"type":"pause","duration":10},{"type":"keyUp","value":"î€‡"}]}]}
COMMAND: GET /session/e4ca631e3efb970409c1f6ae88247928/screenshot - {}
RESULT: {}
COMMAND: POST /session/e4ca631e3efb970409c1f6ae88247928/element - {"using":"xpath","value":"//div[contains(@id, 'filterItemControl_BASIC-RECEIVE_CONTRACT-valueHelpDialog-table-rowsel0')]"}
RESULT: {"using":"xpath","value":"//div[contains(@id, 'filterItemControl_BASIC-RECEIVE_CONTRACT-valueHelpDialog-table-rowsel0')]"}
COMMAND: POST /session/e4ca631e3efb970409c1f6ae88247928/element/f.C691F06ADA7EF9549F3769A53F800D74.d.635144CC945D657558E4D4F04EFC06E9.e.22253/click - {}
RESULT: {}
COMMAND: GET /session/e4ca631e3efb970409c1f6ae88247928/screenshot - {}
RESULT: {}
COMMAND: POST /session/e4ca631e3efb970409c1f6ae88247928/element - {"using":"xpath","value":"//bdi[contains(text(), \"OK\")]"}
RESULT: {"using":"xpath","value":"//bdi[contains(text(), \"OK\")]"}
COMMAND: POST /session/e4ca631e3efb970409c1f6ae88247928/element/f.C691F06ADA7EF9549F3769A53F800D74.d.635144CC945D657558E4D4F04EFC06E9.e.22255/click - {}
RESULT: {}
COMMAND: GET /session/e4ca631e3efb970409c1f6ae88247928/screenshot - {}
RESULT: {}
COMMAND: POST /session/e4ca631e3efb970409c1f6ae88247928/element - {"using":"xpath","value":"//span[contains(@id, \"smartTable-header-inner\")]"}
RESULT: {"using":"xpath","value":"//span[contains(@id, \"smartTable-header-inner\")]"}
COMMAND: POST /session/e4ca631e3efb970409c1f6ae88247928/elements - {"using":"xpath","value":"//span[contains(@id, \"smartTable-header-inner\")]"}
RESULT: {"using":"xpath","value":"//span[contains(@id, \"smartTable-header-inner\")]"}
COMMAND: POST /session/e4ca631e3efb970409c1f6ae88247928/execute/sync - {"script":"<script> [56 bytes]","args":[{"element-6066-11e4-a52e-4f735466cecf":"f.C691F06ADA7EF9549F3769A53F800D74.d.635144CC945D657558E4D4F04EFC06E9.e.22282","ELEMENT":"f.C691F06ADA7EF9549F3769A53F800D74.d.635144CC945D657558E4D4F04EFC06E9.e.22282"}]}
RESULT: {"script":"<script> [56 bytes]","args":[{"element-6066-11e4-a52e-4f735466cecf":"f.C691F06ADA7EF9549F3769A53F800D74.d.635144CC945D657558E4D4F04EFC06E9.e.22282","ELEMENT":"f.C691F06ADA7EF9549F3769A53F800D74.d.635144CC945D657558E4D4F04EFC06E9.e.22282"}]}
COMMAND: POST /session/e4ca631e3efb970409c1f6ae88247928/element - {"using":"xpath","value":"//table[contains(@id, \"customHandovers\")]//tbody/tr[1]/td[2]/span"}
COMMAND: GET /session/e4ca631e3efb970409c1f6ae88247928/screenshot - {}
RESULT: {"using":"xpath","value":"//table[contains(@id, \"customHandovers\")]//tbody/tr[1]/td[2]/span"}
COMMAND: POST /session/e4ca631e3efb970409c1f6ae88247928/execute/sync - {"script":"<script> [56 bytes]","args":[{"element-6066-11e4-a52e-4f735466cecf":"f.C691F06ADA7EF9549F3769A53F800D74.d.635144CC945D657558E4D4F04EFC06E9.e.22284","ELEMENT":"f.C691F06ADA7EF9549F3769A53F800D74.d.635144CC945D657558E4D4F04EFC06E9.e.22284"}]}
RESULT: {}
RESULT: {"script":"<script> [56 bytes]","args":[{"element-6066-11e4-a52e-4f735466cecf":"f.C691F06ADA7EF9549F3769A53F800D74.d.635144CC945D657558E4D4F04EFC06E9.e.22284","ELEMENT":"f.C691F06ADA7EF9549F3769A53F800D74.d.635144CC945D657558E4D4F04EFC06E9.e.22284"}]}
COMMAND: POST /session/e4ca631e3efb970409c1f6ae88247928/element - {"using":"xpath","value":"(//span[contains(@id, \"imgNav\")])[1]"}
COMMAND: GET /session/e4ca631e3efb970409c1f6ae88247928/screenshot - {}
RESULT: {"using":"xpath","value":"(//span[contains(@id, \"imgNav\")])[1]"}
COMMAND: POST /session/e4ca631e3efb970409c1f6ae88247928/element/f.C691F06ADA7EF9549F3769A53F800D74.d.635144CC945D657558E4D4F04EFC06E9.e.22280/click - {}
RESULT: {}
RESULT: {}
COMMAND: GET /session/e4ca631e3efb970409c1f6ae88247928/screenshot - {}
RESULT: {}
COMMAND: POST /session/e4ca631e3efb970409c1f6ae88247928/element - {"using":"xpath","value":"//button[@data-kt=\"PickingTableConfirmAllButton\"]"}
RESULT: {"using":"xpath","value":"//button[@data-kt=\"PickingTableConfirmAllButton\"]"}
COMMAND: POST /session/e4ca631e3efb970409c1f6ae88247928/element/f.C691F06ADA7EF9549F3769A53F800D74.d.635144CC945D657558E4D4F04EFC06E9.e.22302/click - {}
RESULT: {}
COMMAND: GET /session/e4ca631e3efb970409c1f6ae88247928/screenshot - {}
RESULT: {}
COMMAND: POST /session/e4ca631e3efb970409c1f6ae88247928/element - {"using":"xpath","value":"//bdi[contains(text(), \"OK\")]"}
RESULT: {"using":"xpath","value":"//bdi[contains(text(), \"OK\")]"}
COMMAND: POST /session/e4ca631e3efb970409c1f6ae88247928/element/f.C691F06ADA7EF9549F3769A53F800D74.d.635144CC945D657558E4D4F04EFC06E9.e.22329/click - {}
RESULT: {}
COMMAND: GET /session/e4ca631e3efb970409c1f6ae88247928/screenshot - {}
RESULT: {}
COMMAND: POST /session/e4ca631e3efb970409c1f6ae88247928/element - {"using":"xpath","value":"//button[@data-kt=\"execHoIssueButton\"]"}
RESULT: {"using":"xpath","value":"//button[@data-kt=\"execHoIssueButton\"]"}
COMMAND: POST /session/e4ca631e3efb970409c1f6ae88247928/element/f.C691F06ADA7EF9549F3769A53F800D74.d.635144CC945D657558E4D4F04EFC06E9.e.22331/click - {}
RESULT: {}
COMMAND: GET /session/e4ca631e3efb970409c1f6ae88247928/screenshot - {}
RESULT: {}
COMMAND: POST /session/e4ca631e3efb970409c1f6ae88247928/element - {"using":"xpath","value":"//input[contains(@id ,\"smartFilterBar-btnBasicSearch-I\")]"}
RESULT: {"using":"xpath","value":"//input[contains(@id ,\"smartFilterBar-btnBasicSearch-I\")]"}
COMMAND: POST /session/e4ca631e3efb970409c1f6ae88247928/elements - {"using":"xpath","value":"//input[contains(@id ,\"smartFilterBar-btnBasicSearch-I\")]"}
RESULT: {"using":"xpath","value":"//input[contains(@id ,\"smartFilterBar-btnBasicSearch-I\")]"}
COMMAND: POST /session/e4ca631e3efb970409c1f6ae88247928/execute/sync - {"script":"<script> [8489 bytes]","args":[{"element-6066-11e4-a52e-4f735466cecf":"f.C691F06ADA7EF9549F3769A53F800D74.d.635144CC945D657558E4D4F04EFC06E9.e.21576","ELEMENT":"f.C691F06ADA7EF9549F3769A53F800D74.d.635144CC945D657558E4D4F04EFC06E9.e.21576"}]}
RESULT: {"script":"<script> [8489 bytes]","args":[{"element-6066-11e4-a52e-4f735466cecf":"f.C691F06ADA7EF9549F3769A53F800D74.d.635144CC945D657558E4D4F04EFC06E9.e.21576","ELEMENT":"f.C691F06ADA7EF9549F3769A53F800D74.d.635144CC945D657558E4D4F04EFC06E9.e.21576"}]}
COMMAND: GET /session/e4ca631e3efb970409c1f6ae88247928/element/f.C691F06ADA7EF9549F3769A53F800D74.d.635144CC945D657558E4D4F04EFC06E9.e.21576/enabled - {}
COMMAND: GET /session/e4ca631e3efb970409c1f6ae88247928/screenshot - {}
RESULT: {}
COMMAND: POST /session/e4ca631e3efb970409c1f6ae88247928/element/f.C691F06ADA7EF9549F3769A53F800D74.d.635144CC945D657558E4D4F04EFC06E9.e.21576/clear - {}
COMMAND: GET /session/e4ca631e3efb970409c1f6ae88247928/screenshot - {}
RESULT: {}
RESULT: {}
COMMAND: POST /session/e4ca631e3efb970409c1f6ae88247928/element/f.C691F06ADA7EF9549F3769A53F800D74.d.635144CC945D657558E4D4F04EFC06E9.e.21576/value - {"text":"30939"}
COMMAND: GET /session/e4ca631e3efb970409c1f6ae88247928/screenshot - {}
RESULT: {}
RESULT: {"text":"30939"}
COMMAND: GET /session/e4ca631e3efb970409c1f6ae88247928/screenshot - {}
RESULT: {}
RESULT: {}
COMMAND: POST /session/e4ca631e3efb970409c1f6ae88247928/actions - {"actions":[{"id":"action79","type":"key","parameters":{},"actions":[{"type":"keyDown","value":"î€‡"},{"type":"pause","duration":10},{"type":"keyUp","value":"î€‡"}]}]}
RESULT: {"actions":[{"id":"action79","type":"key","parameters":{},"actions":[{"type":"keyDown","value":"î€‡"},{"type":"pause","duration":10},{"type":"keyUp","value":"î€‡"}]}]}
COMMAND: GET /session/e4ca631e3efb970409c1f6ae88247928/screenshot - {}
RESULT: {}
COMMAND: POST /session/e4ca631e3efb970409c1f6ae88247928/element - {"using":"xpath","value":"//span[contains(@id, \"smartTable-header-inner\")]"}
RESULT: {"using":"xpath","value":"//span[contains(@id, \"smartTable-header-inner\")]"}
COMMAND: POST /session/e4ca631e3efb970409c1f6ae88247928/elements - {"using":"xpath","value":"//span[contains(@id, \"smartTable-header-inner\")]"}
RESULT: {"using":"xpath","value":"//span[contains(@id, \"smartTable-header-inner\")]"}
COMMAND: POST /session/e4ca631e3efb970409c1f6ae88247928/execute/sync - {"script":"<script> [56 bytes]","args":[{"element-6066-11e4-a52e-4f735466cecf":"f.C691F06ADA7EF9549F3769A53F800D74.d.635144CC945D657558E4D4F04EFC06E9.e.22282","ELEMENT":"f.C691F06ADA7EF9549F3769A53F800D74.d.635144CC945D657558E4D4F04EFC06E9.e.22282"}]}
RESULT: {"script":"<script> [56 bytes]","args":[{"element-6066-11e4-a52e-4f735466cecf":"f.C691F06ADA7EF9549F3769A53F800D74.d.635144CC945D657558E4D4F04EFC06E9.e.22282","ELEMENT":"f.C691F06ADA7EF9549F3769A53F800D74.d.635144CC945D657558E4D4F04EFC06E9.e.22282"}]}
COMMAND: POST /session/e4ca631e3efb970409c1f6ae88247928/elements - {"using":"xpath","value":"//thead[contains(@class, \"sapMTableTH\")]/tr/th"}
COMMAND: GET /session/e4ca631e3efb970409c1f6ae88247928/screenshot - {}
RESULT: {"using":"xpath","value":"//thead[contains(@class, \"sapMTableTH\")]/tr/th"}
COMMAND: GET /session/e4ca631e3efb970409c1f6ae88247928/element/f.C691F06ADA7EF9549F3769A53F800D74.d.635144CC945D657558E4D4F04EFC06E9.e.22381/text - {}
RESULT: {}
RESULT: {}
COMMAND: GET /session/e4ca631e3efb970409c1f6ae88247928/element/f.C691F06ADA7EF9549F3769A53F800D74.d.635144CC945D657558E4D4F04EFC06E9.e.22382/text - {}
RESULT: {}
COMMAND: GET /session/e4ca631e3efb970409c1f6ae88247928/element/f.C691F06ADA7EF9549F3769A53F800D74.d.635144CC945D657558E4D4F04EFC06E9.e.21609/text - {}
RESULT: {}
COMMAND: GET /session/e4ca631e3efb970409c1f6ae88247928/element/f.C691F06ADA7EF9549F3769A53F800D74.d.635144CC945D657558E4D4F04EFC06E9.e.21611/text - {}
RESULT: {}
COMMAND: GET /session/e4ca631e3efb970409c1f6ae88247928/element/f.C691F06ADA7EF9549F3769A53F800D74.d.635144CC945D657558E4D4F04EFC06E9.e.22335/text - {}
RESULT: {}
COMMAND: GET /session/e4ca631e3efb970409c1f6ae88247928/element/f.C691F06ADA7EF9549F3769A53F800D74.d.635144CC945D657558E4D4F04EFC06E9.e.22336/text - {}
RESULT: {}
COMMAND: GET /session/e4ca631e3efb970409c1f6ae88247928/element/f.C691F06ADA7EF9549F3769A53F800D74.d.635144CC945D657558E4D4F04EFC06E9.e.22337/text - {}
RESULT: {}
COMMAND: GET /session/e4ca631e3efb970409c1f6ae88247928/element/f.C691F06ADA7EF9549F3769A53F800D74.d.635144CC945D657558E4D4F04EFC06E9.e.22338/text - {}
RESULT: {}
COMMAND: GET /session/e4ca631e3efb970409c1f6ae88247928/element/f.C691F06ADA7EF9549F3769A53F800D74.d.635144CC945D657558E4D4F04EFC06E9.e.22339/text - {}
RESULT: {}
COMMAND: GET /session/e4ca631e3efb970409c1f6ae88247928/element/f.C691F06ADA7EF9549F3769A53F800D74.d.635144CC945D657558E4D4F04EFC06E9.e.22340/text - {}
RESULT: {}
COMMAND: GET /session/e4ca631e3efb970409c1f6ae88247928/element/f.C691F06ADA7EF9549F3769A53F800D74.d.635144CC945D657558E4D4F04EFC06E9.e.22341/text - {}
RESULT: {}
COMMAND: GET /session/e4ca631e3efb970409c1f6ae88247928/element/f.C691F06ADA7EF9549F3769A53F800D74.d.635144CC945D657558E4D4F04EFC06E9.e.22342/text - {}
RESULT: {}
COMMAND: GET /session/e4ca631e3efb970409c1f6ae88247928/element/f.C691F06ADA7EF9549F3769A53F800D74.d.635144CC945D657558E4D4F04EFC06E9.e.22343/text - {}
RESULT: {}
COMMAND: GET /session/e4ca631e3efb970409c1f6ae88247928/element/f.C691F06ADA7EF9549F3769A53F800D74.d.635144CC945D657558E4D4F04EFC06E9.e.21612/text - {}
RESULT: {}
COMMAND: POST /session/e4ca631e3efb970409c1f6ae88247928/element - {"using":"xpath","value":"//tbody[contains(@id, \"customHandoversTable-tblBody\")]/tr[1]/td[14]/div/span"}
RESULT: {"using":"xpath","value":"//tbody[contains(@id, \"customHandoversTable-tblBody\")]/tr[1]/td[14]/div/span"}
COMMAND: POST /session/e4ca631e3efb970409c1f6ae88247928/execute/sync - {"script":"<script> [56 bytes]","args":[{"element-6066-11e4-a52e-4f735466cecf":"f.C691F06ADA7EF9549F3769A53F800D74.d.635144CC945D657558E4D4F04EFC06E9.e.22434","ELEMENT":"f.C691F06ADA7EF9549F3769A53F800D74.d.635144CC945D657558E4D4F04EFC06E9.e.22434"}]}
RESULT: {"script":"<script> [56 bytes]","args":[{"element-6066-11e4-a52e-4f735466cecf":"f.C691F06ADA7EF9549F3769A53F800D74.d.635144CC945D657558E4D4F04EFC06E9.e.22434","ELEMENT":"f.C691F06ADA7EF9549F3769A53F800D74.d.635144CC945D657558E4D4F04EFC06E9.e.22434"}]}
COMMAND: POST /session/e4ca631e3efb970409c1f6ae88247928/element - {"using":"xpath","value":"(//span[contains(@id, \"imgNav\")])[1]"}
COMMAND: GET /session/e4ca631e3efb970409c1f6ae88247928/screenshot - {}
RESULT: {"using":"xpath","value":"(//span[contains(@id, \"imgNav\")])[1]"}
COMMAND: POST /session/e4ca631e3efb970409c1f6ae88247928/element/f.C691F06ADA7EF9549F3769A53F800D74.d.635144CC945D657558E4D4F04EFC06E9.e.22361/click - {}
RESULT: {}
RESULT: {}
COMMAND: GET /session/e4ca631e3efb970409c1f6ae88247928/screenshot - {}
RESULT: {}
RESULT: undefined
COMMAND: POST /session/e4ca631e3efb970409c1f6ae88247928/execute/async - {"script":"<script> [776 bytes]","args":[{"enterText":"05/14/25","selector":{"id":"receiptDatePicker","viewName":"etm.portal.ui.managehandovers.view.DetailExecuteHO","interaction":{"idSuffix":"inner"}},"clearTextFirst":true,"interactionType":"ENTER_TEXT"}]}
RESULT: {"script":"<script> [776 bytes]","args":[{"enterText":"05/14/25","selector":{"id":"receiptDatePicker","viewName":"etm.portal.ui.managehandovers.view.DetailExecuteHO","interaction":{"idSuffix":"inner"}},"clearTextFirst":true,"interactionType":"ENTER_TEXT"}]}
COMMAND: POST /session/e4ca631e3efb970409c1f6ae88247928/element - {"using":"xpath","value":"//button[@data-kt=\"PickingTableConfirmAllButton\"]"}
RESULT: {"using":"xpath","value":"//button[@data-kt=\"PickingTableConfirmAllButton\"]"}
COMMAND: POST /session/e4ca631e3efb970409c1f6ae88247928/element/f.C691F06ADA7EF9549F3769A53F800D74.d.635144CC945D657558E4D4F04EFC06E9.e.22448/click - {}
RESULT: {}
COMMAND: GET /session/e4ca631e3efb970409c1f6ae88247928/screenshot - {}
RESULT: {}
COMMAND: POST /session/e4ca631e3efb970409c1f6ae88247928/element - {"using":"xpath","value":"//bdi[contains(text(), \"OK\")]"}
RESULT: {"using":"xpath","value":"//bdi[contains(text(), \"OK\")]"}
COMMAND: POST /session/e4ca631e3efb970409c1f6ae88247928/element/f.C691F06ADA7EF9549F3769A53F800D74.d.635144CC945D657558E4D4F04EFC06E9.e.22464/click - {}
RESULT: {}
COMMAND: GET /session/e4ca631e3efb970409c1f6ae88247928/screenshot - {}
RESULT: {}
COMMAND: POST /session/e4ca631e3efb970409c1f6ae88247928/element - {"using":"xpath","value":"//button[@data-kt= \"execHoReceiveButton\"]"}
RESULT: {"using":"xpath","value":"//button[@data-kt= \"execHoReceiveButton\"]"}
COMMAND: POST /session/e4ca631e3efb970409c1f6ae88247928/element/f.C691F06ADA7EF9549F3769A53F800D74.d.635144CC945D657558E4D4F04EFC06E9.e.22466/click - {}
RESULT: {}
COMMAND: GET /session/e4ca631e3efb970409c1f6ae88247928/screenshot - {}
RESULT: {}
COMMAND: POST /session/e4ca631e3efb970409c1f6ae88247928/element - {"using":"xpath","value":"//input[contains(@id ,\"smartFilterBar-btnBasicSearch-I\")]"}
RESULT: {"using":"xpath","value":"//input[contains(@id ,\"smartFilterBar-btnBasicSearch-I\")]"}
COMMAND: POST /session/e4ca631e3efb970409c1f6ae88247928/elements - {"using":"xpath","value":"//input[contains(@id ,\"smartFilterBar-btnBasicSearch-I\")]"}
RESULT: {"using":"xpath","value":"//input[contains(@id ,\"smartFilterBar-btnBasicSearch-I\")]"}
COMMAND: POST /session/e4ca631e3efb970409c1f6ae88247928/execute/sync - {"script":"<script> [8489 bytes]","args":[{"element-6066-11e4-a52e-4f735466cecf":"f.C691F06ADA7EF9549F3769A53F800D74.d.635144CC945D657558E4D4F04EFC06E9.e.21576","ELEMENT":"f.C691F06ADA7EF9549F3769A53F800D74.d.635144CC945D657558E4D4F04EFC06E9.e.21576"}]}
RESULT: {"script":"<script> [8489 bytes]","args":[{"element-6066-11e4-a52e-4f735466cecf":"f.C691F06ADA7EF9549F3769A53F800D74.d.635144CC945D657558E4D4F04EFC06E9.e.21576","ELEMENT":"f.C691F06ADA7EF9549F3769A53F800D74.d.635144CC945D657558E4D4F04EFC06E9.e.21576"}]}
COMMAND: GET /session/e4ca631e3efb970409c1f6ae88247928/element/f.C691F06ADA7EF9549F3769A53F800D74.d.635144CC945D657558E4D4F04EFC06E9.e.21576/enabled - {}
COMMAND: GET /session/e4ca631e3efb970409c1f6ae88247928/screenshot - {}
RESULT: {}
COMMAND: POST /session/e4ca631e3efb970409c1f6ae88247928/element/f.C691F06ADA7EF9549F3769A53F800D74.d.635144CC945D657558E4D4F04EFC06E9.e.21576/clear - {}
COMMAND: GET /session/e4ca631e3efb970409c1f6ae88247928/screenshot - {}
RESULT: {}
RESULT: {}
COMMAND: POST /session/e4ca631e3efb970409c1f6ae88247928/element/f.C691F06ADA7EF9549F3769A53F800D74.d.635144CC945D657558E4D4F04EFC06E9.e.21576/value - {"text":"30939"}
COMMAND: GET /session/e4ca631e3efb970409c1f6ae88247928/screenshot - {}
RESULT: {}
RESULT: {"text":"30939"}
COMMAND: GET /session/e4ca631e3efb970409c1f6ae88247928/screenshot - {}
RESULT: {}
RESULT: {}
COMMAND: POST /session/e4ca631e3efb970409c1f6ae88247928/actions - {"actions":[{"id":"action80","type":"key","parameters":{},"actions":[{"type":"keyDown","value":"î€‡"},{"type":"pause","duration":10},{"type":"keyUp","value":"î€‡"}]}]}
RESULT: {"actions":[{"id":"action80","type":"key","parameters":{},"actions":[{"type":"keyDown","value":"î€‡"},{"type":"pause","duration":10},{"type":"keyUp","value":"î€‡"}]}]}
COMMAND: GET /session/e4ca631e3efb970409c1f6ae88247928/screenshot - {}
RESULT: {}
COMMAND: POST /session/e4ca631e3efb970409c1f6ae88247928/element - {"using":"xpath","value":"//span[contains(@id, \"smartTable-header-inner\")]"}
RESULT: {"using":"xpath","value":"//span[contains(@id, \"smartTable-header-inner\")]"}
COMMAND: POST /session/e4ca631e3efb970409c1f6ae88247928/elements - {"using":"xpath","value":"//span[contains(@id, \"smartTable-header-inner\")]"}
RESULT: {"using":"xpath","value":"//span[contains(@id, \"smartTable-header-inner\")]"}
COMMAND: POST /session/e4ca631e3efb970409c1f6ae88247928/execute/sync - {"script":"<script> [56 bytes]","args":[{"element-6066-11e4-a52e-4f735466cecf":"f.C691F06ADA7EF9549F3769A53F800D74.d.635144CC945D657558E4D4F04EFC06E9.e.22282","ELEMENT":"f.C691F06ADA7EF9549F3769A53F800D74.d.635144CC945D657558E4D4F04EFC06E9.e.22282"}]}
RESULT: {"script":"<script> [56 bytes]","args":[{"element-6066-11e4-a52e-4f735466cecf":"f.C691F06ADA7EF9549F3769A53F800D74.d.635144CC945D657558E4D4F04EFC06E9.e.22282","ELEMENT":"f.C691F06ADA7EF9549F3769A53F800D74.d.635144CC945D657558E4D4F04EFC06E9.e.22282"}]}
COMMAND: POST /session/e4ca631e3efb970409c1f6ae88247928/elements - {"using":"xpath","value":"//thead[contains(@class, \"sapMTableTH\")]/tr/th"}
COMMAND: GET /session/e4ca631e3efb970409c1f6ae88247928/screenshot - {}
RESULT: {"using":"xpath","value":"//thead[contains(@class, \"sapMTableTH\")]/tr/th"}
COMMAND: GET /session/e4ca631e3efb970409c1f6ae88247928/element/f.C691F06ADA7EF9549F3769A53F800D74.d.635144CC945D657558E4D4F04EFC06E9.e.22381/text - {}
RESULT: {}
RESULT: {}
COMMAND: GET /session/e4ca631e3efb970409c1f6ae88247928/element/f.C691F06ADA7EF9549F3769A53F800D74.d.635144CC945D657558E4D4F04EFC06E9.e.22382/text - {}
RESULT: {}
COMMAND: GET /session/e4ca631e3efb970409c1f6ae88247928/element/f.C691F06ADA7EF9549F3769A53F800D74.d.635144CC945D657558E4D4F04EFC06E9.e.21609/text - {}
RESULT: {}
COMMAND: GET /session/e4ca631e3efb970409c1f6ae88247928/element/f.C691F06ADA7EF9549F3769A53F800D74.d.635144CC945D657558E4D4F04EFC06E9.e.21611/text - {}
RESULT: {}
COMMAND: GET /session/e4ca631e3efb970409c1f6ae88247928/element/f.C691F06ADA7EF9549F3769A53F800D74.d.635144CC945D657558E4D4F04EFC06E9.e.22471/text - {}
RESULT: {}
COMMAND: GET /session/e4ca631e3efb970409c1f6ae88247928/element/f.C691F06ADA7EF9549F3769A53F800D74.d.635144CC945D657558E4D4F04EFC06E9.e.22472/text - {}
RESULT: {}
COMMAND: GET /session/e4ca631e3efb970409c1f6ae88247928/element/f.C691F06ADA7EF9549F3769A53F800D74.d.635144CC945D657558E4D4F04EFC06E9.e.22473/text - {}
RESULT: {}
COMMAND: GET /session/e4ca631e3efb970409c1f6ae88247928/element/f.C691F06ADA7EF9549F3769A53F800D74.d.635144CC945D657558E4D4F04EFC06E9.e.22474/text - {}
RESULT: {}
COMMAND: GET /session/e4ca631e3efb970409c1f6ae88247928/element/f.C691F06ADA7EF9549F3769A53F800D74.d.635144CC945D657558E4D4F04EFC06E9.e.22475/text - {}
RESULT: {}
COMMAND: GET /session/e4ca631e3efb970409c1f6ae88247928/element/f.C691F06ADA7EF9549F3769A53F800D74.d.635144CC945D657558E4D4F04EFC06E9.e.22476/text - {}
RESULT: {}
COMMAND: GET /session/e4ca631e3efb970409c1f6ae88247928/element/f.C691F06ADA7EF9549F3769A53F800D74.d.635144CC945D657558E4D4F04EFC06E9.e.22477/text - {}
RESULT: {}
COMMAND: GET /session/e4ca631e3efb970409c1f6ae88247928/element/f.C691F06ADA7EF9549F3769A53F800D74.d.635144CC945D657558E4D4F04EFC06E9.e.22478/text - {}
RESULT: {}
COMMAND: GET /session/e4ca631e3efb970409c1f6ae88247928/element/f.C691F06ADA7EF9549F3769A53F800D74.d.635144CC945D657558E4D4F04EFC06E9.e.22479/text - {}
RESULT: {}
COMMAND: GET /session/e4ca631e3efb970409c1f6ae88247928/element/f.C691F06ADA7EF9549F3769A53F800D74.d.635144CC945D657558E4D4F04EFC06E9.e.21612/text - {}
RESULT: {}
COMMAND: POST /session/e4ca631e3efb970409c1f6ae88247928/element - {"using":"xpath","value":"//tbody[contains(@id, \"customHandoversTable-tblBody\")]/tr[1]/td[14]/div/span"}
RESULT: {"using":"xpath","value":"//tbody[contains(@id, \"customHandoversTable-tblBody\")]/tr[1]/td[14]/div/span"}
COMMAND: POST /session/e4ca631e3efb970409c1f6ae88247928/execute/sync - {"script":"<script> [56 bytes]","args":[{"element-6066-11e4-a52e-4f735466cecf":"f.C691F06ADA7EF9549F3769A53F800D74.d.635144CC945D657558E4D4F04EFC06E9.e.22520","ELEMENT":"f.C691F06ADA7EF9549F3769A53F800D74.d.635144CC945D657558E4D4F04EFC06E9.e.22520"}]}
RESULT: {"script":"<script> [56 bytes]","args":[{"element-6066-11e4-a52e-4f735466cecf":"f.C691F06ADA7EF9549F3769A53F800D74.d.635144CC945D657558E4D4F04EFC06E9.e.22520","ELEMENT":"f.C691F06ADA7EF9549F3769A53F800D74.d.635144CC945D657558E4D4F04EFC06E9.e.22520"}]}
COMMAND: POST /session/e4ca631e3efb970409c1f6ae88247928/element - {"using":"css selector","value":"#shell-header-logo"}
COMMAND: GET /session/e4ca631e3efb970409c1f6ae88247928/screenshot - {}
RESULT: {"using":"css selector","value":"#shell-header-logo"}
COMMAND: POST /session/e4ca631e3efb970409c1f6ae88247928/element/f.C691F06ADA7EF9549F3769A53F800D74.d.635144CC945D657558E4D4F04EFC06E9.e.20947/click - {}
RESULT: {}
RESULT: {}
COMMAND: GET /session/e4ca631e3efb970409c1f6ae88247928/screenshot - {}
RESULT: {}
]]></system-out>
    </testcase>
    <testcase classname="chrome.135_0_7049_115.windows.Billing_Calculation_-_Time_based_(considering_transport_times)_US139738" name="Should navigate to Manage Billings and trigger contract calculation business confirm it" time="53.558">
      <system-out><![CDATA[
COMMAND: POST /session/e4ca631e3efb970409c1f6ae88247928/execute/async - {"script":"<script> [1562 bytes]","args":[{"selector":{"controlType":"sap.m.GenericTile","properties":{"header":"Manage Billings"}},"wdio_ui5_key":"sapm.GenericTile{\"header\":\"Manage Billings\"}"}]}
RESULT: {"script":"<script> [1562 bytes]","args":[{"selector":{"controlType":"sap.m.GenericTile","properties":{"header":"Manage Billings"}},"wdio_ui5_key":"sapm.GenericTile{\"header\":\"Manage Billings\"}"}]}
RESULT: undefined
COMMAND: POST /session/e4ca631e3efb970409c1f6ae88247928/element - {"using":"xpath","value":"//*[@id=\"__tile51\"]"}
RESULT: {"using":"xpath","value":"//*[@id=\"__tile51\"]"}
COMMAND: POST /session/e4ca631e3efb970409c1f6ae88247928/element/f.C691F06ADA7EF9549F3769A53F800D74.d.635144CC945D657558E4D4F04EFC06E9.e.18800/click - {}
RESULT: {}
COMMAND: GET /session/e4ca631e3efb970409c1f6ae88247928/screenshot - {}
COMMAND: POST /session/e4ca631e3efb970409c1f6ae88247928/execute/async - {"script":"<script> [1562 bytes]","args":[{"selector":{"id":"application-managebillings-display-component---billRunCalcResult--smartFilterBar-btnBasicSearch","interaction":{"idSuffix":"I"}},"wdio_ui5_key":"applicationmanagebillings-display-component---billRunCalcResult--smartFilterBar-btnBasicSearch"}]}
RESULT: {}
RESULT: {"script":"<script> [1562 bytes]","args":[{"selector":{"id":"application-managebillings-display-component---billRunCalcResult--smartFilterBar-btnBasicSearch","interaction":{"idSuffix":"I"}},"wdio_ui5_key":"applicationmanagebillings-display-component---billRunCalcResult--smartFilterBar-btnBasicSearch"}]}
RESULT: undefined
COMMAND: POST /session/e4ca631e3efb970409c1f6ae88247928/execute/async - {"script":"<script> [776 bytes]","args":[{"enterText":"10622","selector":{"id":"application-managebillings-display-component---billRunCalcResult--smartFilterBar-btnBasicSearch","interaction":{"idSuffix":"I"}},"clearTextFirst":true,"interactionType":"ENTER_TEXT"}]}
RESULT: {"script":"<script> [776 bytes]","args":[{"enterText":"10622","selector":{"id":"application-managebillings-display-component---billRunCalcResult--smartFilterBar-btnBasicSearch","interaction":{"idSuffix":"I"}},"clearTextFirst":true,"interactionType":"ENTER_TEXT"}]}
COMMAND: POST /session/e4ca631e3efb970409c1f6ae88247928/actions - {"actions":[{"id":"action81","type":"key","parameters":{},"actions":[{"type":"keyDown","value":"î€‡"},{"type":"pause","duration":10},{"type":"keyUp","value":"î€‡"}]}]}
RESULT: {"actions":[{"id":"action81","type":"key","parameters":{},"actions":[{"type":"keyDown","value":"î€‡"},{"type":"pause","duration":10},{"type":"keyUp","value":"î€‡"}]}]}
COMMAND: GET /session/e4ca631e3efb970409c1f6ae88247928/screenshot - {}
RESULT: {}
COMMAND: POST /session/e4ca631e3efb970409c1f6ae88247928/element - {"using":"xpath","value":"//td[@aria-colindex=\"1\"]/div/div[contains(@class, \"sapMCbBg\")]"}
RESULT: {"using":"xpath","value":"//td[@aria-colindex=\"1\"]/div/div[contains(@class, \"sapMCbBg\")]"}
COMMAND: POST /session/e4ca631e3efb970409c1f6ae88247928/element/f.C691F06ADA7EF9549F3769A53F800D74.d.635144CC945D657558E4D4F04EFC06E9.e.22735/click - {}
RESULT: {}
COMMAND: GET /session/e4ca631e3efb970409c1f6ae88247928/screenshot - {}
RESULT: {}
COMMAND: POST /session/e4ca631e3efb970409c1f6ae88247928/execute/async - {"script":"<script> [1562 bytes]","args":[{"selector":{"id":"application-managebillings-display-component---billRunCalcResult--contractBillRunDate","interaction":{"idSuffix":"inner"}},"wdio_ui5_key":"applicationmanagebillings-display-component---billRunCalcResult--contractBillRunDate"}]}
RESULT: {"script":"<script> [1562 bytes]","args":[{"selector":{"id":"application-managebillings-display-component---billRunCalcResult--contractBillRunDate","interaction":{"idSuffix":"inner"}},"wdio_ui5_key":"applicationmanagebillings-display-component---billRunCalcResult--contractBillRunDate"}]}
RESULT: undefined
COMMAND: POST /session/e4ca631e3efb970409c1f6ae88247928/execute/async - {"script":"<script> [776 bytes]","args":[{"enterText":"05/07/25","selector":{"id":"application-managebillings-display-component---billRunCalcResult--contractBillRunDate","interaction":{"idSuffix":"inner"}},"clearTextFirst":true,"interactionType":"ENTER_TEXT"}]}
RESULT: {"script":"<script> [776 bytes]","args":[{"enterText":"05/07/25","selector":{"id":"application-managebillings-display-component---billRunCalcResult--contractBillRunDate","interaction":{"idSuffix":"inner"}},"clearTextFirst":true,"interactionType":"ENTER_TEXT"}]}
COMMAND: POST /session/e4ca631e3efb970409c1f6ae88247928/element - {"using":"xpath","value":"//bdi[contains(text(), \"Trigger Calculation\")]"}
RESULT: {"using":"xpath","value":"//bdi[contains(text(), \"Trigger Calculation\")]"}
COMMAND: POST /session/e4ca631e3efb970409c1f6ae88247928/element/f.C691F06ADA7EF9549F3769A53F800D74.d.635144CC945D657558E4D4F04EFC06E9.e.22786/click - {}
RESULT: {}
COMMAND: GET /session/e4ca631e3efb970409c1f6ae88247928/screenshot - {}
RESULT: {}
COMMAND: POST /session/e4ca631e3efb970409c1f6ae88247928/element - {"using":"xpath","value":"(//span[contains(@id, \"imgNav\")])[1]"}
RESULT: {"using":"xpath","value":"(//span[contains(@id, \"imgNav\")])[1]"}
COMMAND: POST /session/e4ca631e3efb970409c1f6ae88247928/element/f.C691F06ADA7EF9549F3769A53F800D74.d.635144CC945D657558E4D4F04EFC06E9.e.22736/click - {}
RESULT: {}
COMMAND: GET /session/e4ca631e3efb970409c1f6ae88247928/screenshot - {}
RESULT: {}
COMMAND: POST /session/e4ca631e3efb970409c1f6ae88247928/element - {"using":"xpath","value":"//tr/td[6]/div[1]/span[1]/span[1]"}
RESULT: {"using":"xpath","value":"//tr/td[6]/div[1]/span[1]/span[1]"}
COMMAND: GET /session/e4ca631e3efb970409c1f6ae88247928/element/f.C691F06ADA7EF9549F3769A53F800D74.d.635144CC945D657558E4D4F04EFC06E9.e.22791/text - {}
RESULT: {}
COMMAND: POST /session/e4ca631e3efb970409c1f6ae88247928/element - {"using":"xpath","value":"(//span[contains(@id, \"imgNav\")])[2]"}
RESULT: {"using":"xpath","value":"(//span[contains(@id, \"imgNav\")])[2]"}
COMMAND: POST /session/e4ca631e3efb970409c1f6ae88247928/element/f.C691F06ADA7EF9549F3769A53F800D74.d.635144CC945D657558E4D4F04EFC06E9.e.22792/click - {}
RESULT: {}
COMMAND: POST /session/e4ca631e3efb970409c1f6ae88247928/element - {"using":"xpath","value":"//bdi[contains(text(), \"Business Confirm\")]"}
COMMAND: GET /session/e4ca631e3efb970409c1f6ae88247928/screenshot - {}
RESULT: {"using":"xpath","value":"//bdi[contains(text(), \"Business Confirm\")]"}
COMMAND: POST /session/e4ca631e3efb970409c1f6ae88247928/elements - {"using":"xpath","value":"//bdi[contains(text(), \"Business Confirm\")]"}
RESULT: {}
RESULT: {"using":"xpath","value":"//bdi[contains(text(), \"Business Confirm\")]"}
COMMAND: POST /session/e4ca631e3efb970409c1f6ae88247928/element - {"using":"xpath","value":"//bdi[contains(text(), \"Business Confirm\")]"}
RESULT: {"using":"xpath","value":"//bdi[contains(text(), \"Business Confirm\")]"}
COMMAND: POST /session/e4ca631e3efb970409c1f6ae88247928/element/f.C691F06ADA7EF9549F3769A53F800D74.d.635144CC945D657558E4D4F04EFC06E9.e.22846/click - {}
RESULT: {}
COMMAND: POST /session/e4ca631e3efb970409c1f6ae88247928/element - {"using":"css selector","value":"#shell-header-logo"}
COMMAND: GET /session/e4ca631e3efb970409c1f6ae88247928/screenshot - {}
RESULT: {"using":"css selector","value":"#shell-header-logo"}
COMMAND: POST /session/e4ca631e3efb970409c1f6ae88247928/element/f.C691F06ADA7EF9549F3769A53F800D74.d.635144CC945D657558E4D4F04EFC06E9.e.22526/click - {}
RESULT: {}
RESULT: {}
COMMAND: GET /session/e4ca631e3efb970409c1f6ae88247928/screenshot - {}
RESULT: {}
]]></system-out>
    </testcase>
    <testcase classname="chrome.135_0_7049_115.windows.Billing_Calculation_-_Time_based_(considering_transport_times)_US139738" name="Should transfer the billing all the way to completion" time="72.139">
      <system-out><![CDATA[
COMMAND: POST /session/e4ca631e3efb970409c1f6ae88247928/execute/async - {"script":"<script> [1562 bytes]","args":[{"selector":{"controlType":"sap.m.GenericTile","properties":{"header":"Billing Transfer"}},"wdio_ui5_key":"sapm.GenericTile{\"header\":\"Billing Transfer\"}"}]}
RESULT: {"script":"<script> [1562 bytes]","args":[{"selector":{"controlType":"sap.m.GenericTile","properties":{"header":"Billing Transfer"}},"wdio_ui5_key":"sapm.GenericTile{\"header\":\"Billing Transfer\"}"}]}
RESULT: undefined
COMMAND: POST /session/e4ca631e3efb970409c1f6ae88247928/element - {"using":"xpath","value":"//*[@id=\"__tile50\"]"}
RESULT: {"using":"xpath","value":"//*[@id=\"__tile50\"]"}
COMMAND: POST /session/e4ca631e3efb970409c1f6ae88247928/element/f.C691F06ADA7EF9549F3769A53F800D74.d.635144CC945D657558E4D4F04EFC06E9.e.18798/click - {}
RESULT: {}
COMMAND: POST /session/e4ca631e3efb970409c1f6ae88247928/element - {"using":"xpath","value":"//input[contains(@id ,\"application-billingtransfer-display-component---billingWorkbench--smartFilterBar-btnBasicSearch\")]"}
COMMAND: GET /session/e4ca631e3efb970409c1f6ae88247928/screenshot - {}
RESULT: {"using":"xpath","value":"//input[contains(@id ,\"application-billingtransfer-display-component---billingWorkbench--smartFilterBar-btnBasicSearch\")]"}
COMMAND: POST /session/e4ca631e3efb970409c1f6ae88247928/elements - {"using":"xpath","value":"//input[contains(@id ,\"application-billingtransfer-display-component---billingWorkbench--smartFilterBar-btnBasicSearch\")]"}
RESULT: {}
RESULT: {"using":"xpath","value":"//input[contains(@id ,\"application-billingtransfer-display-component---billingWorkbench--smartFilterBar-btnBasicSearch\")]"}
COMMAND: POST /session/e4ca631e3efb970409c1f6ae88247928/elements - {"using":"xpath","value":"//input[contains(@id ,\"application-billingtransfer-display-component---billingWorkbench--smartFilterBar-btnBasicSearch\")]"}
RESULT: {"using":"xpath","value":"//input[contains(@id ,\"application-billingtransfer-display-component---billingWorkbench--smartFilterBar-btnBasicSearch\")]"}
COMMAND: POST /session/e4ca631e3efb970409c1f6ae88247928/elements - {"using":"xpath","value":"//input[contains(@id ,\"application-billingtransfer-display-component---billingWorkbench--smartFilterBar-btnBasicSearch\")]"}
RESULT: {"using":"xpath","value":"//input[contains(@id ,\"application-billingtransfer-display-component---billingWorkbench--smartFilterBar-btnBasicSearch\")]"}
COMMAND: POST /session/e4ca631e3efb970409c1f6ae88247928/elements - {"using":"xpath","value":"//input[contains(@id ,\"application-billingtransfer-display-component---billingWorkbench--smartFilterBar-btnBasicSearch\")]"}
RESULT: {"using":"xpath","value":"//input[contains(@id ,\"application-billingtransfer-display-component---billingWorkbench--smartFilterBar-btnBasicSearch\")]"}
COMMAND: POST /session/e4ca631e3efb970409c1f6ae88247928/elements - {"using":"xpath","value":"//input[contains(@id ,\"application-billingtransfer-display-component---billingWorkbench--smartFilterBar-btnBasicSearch\")]"}
RESULT: {"using":"xpath","value":"//input[contains(@id ,\"application-billingtransfer-display-component---billingWorkbench--smartFilterBar-btnBasicSearch\")]"}
COMMAND: POST /session/e4ca631e3efb970409c1f6ae88247928/element - {"using":"xpath","value":"//input[contains(@id ,\"application-billingtransfer-display-component---billingWorkbench--smartFilterBar-btnBasicSearch\")]"}
RESULT: {"using":"xpath","value":"//input[contains(@id ,\"application-billingtransfer-display-component---billingWorkbench--smartFilterBar-btnBasicSearch\")]"}
COMMAND: POST /session/e4ca631e3efb970409c1f6ae88247928/execute/sync - {"script":"<script> [8489 bytes]","args":[{"element-6066-11e4-a52e-4f735466cecf":"f.C691F06ADA7EF9549F3769A53F800D74.d.635144CC945D657558E4D4F04EFC06E9.e.22873","ELEMENT":"f.C691F06ADA7EF9549F3769A53F800D74.d.635144CC945D657558E4D4F04EFC06E9.e.22873"}]}
RESULT: {"script":"<script> [8489 bytes]","args":[{"element-6066-11e4-a52e-4f735466cecf":"f.C691F06ADA7EF9549F3769A53F800D74.d.635144CC945D657558E4D4F04EFC06E9.e.22873","ELEMENT":"f.C691F06ADA7EF9549F3769A53F800D74.d.635144CC945D657558E4D4F04EFC06E9.e.22873"}]}
COMMAND: GET /session/e4ca631e3efb970409c1f6ae88247928/element/f.C691F06ADA7EF9549F3769A53F800D74.d.635144CC945D657558E4D4F04EFC06E9.e.22873/enabled - {}
COMMAND: GET /session/e4ca631e3efb970409c1f6ae88247928/screenshot - {}
RESULT: {}
COMMAND: POST /session/e4ca631e3efb970409c1f6ae88247928/element/f.C691F06ADA7EF9549F3769A53F800D74.d.635144CC945D657558E4D4F04EFC06E9.e.22873/click - {}
COMMAND: GET /session/e4ca631e3efb970409c1f6ae88247928/screenshot - {}
RESULT: {}
RESULT: {}
COMMAND: GET /session/e4ca631e3efb970409c1f6ae88247928/screenshot - {}
RESULT: {}
RESULT: {}
COMMAND: POST /session/e4ca631e3efb970409c1f6ae88247928/element/f.C691F06ADA7EF9549F3769A53F800D74.d.635144CC945D657558E4D4F04EFC06E9.e.22873/clear - {}
RESULT: {}
COMMAND: POST /session/e4ca631e3efb970409c1f6ae88247928/element/f.C691F06ADA7EF9549F3769A53F800D74.d.635144CC945D657558E4D4F04EFC06E9.e.22873/value - {"text":"10622"}
COMMAND: GET /session/e4ca631e3efb970409c1f6ae88247928/screenshot - {}
RESULT: {"text":"10622"}
COMMAND: POST /session/e4ca631e3efb970409c1f6ae88247928/actions - {"actions":[{"id":"action82","type":"key","parameters":{},"actions":[{"type":"keyDown","value":"î€‡"},{"type":"pause","duration":10},{"type":"keyUp","value":"î€‡"}]}]}
COMMAND: GET /session/e4ca631e3efb970409c1f6ae88247928/screenshot - {}
RESULT: {}
RESULT: {}
RESULT: {"actions":[{"id":"action82","type":"key","parameters":{},"actions":[{"type":"keyDown","value":"î€‡"},{"type":"pause","duration":10},{"type":"keyUp","value":"î€‡"}]}]}
COMMAND: GET /session/e4ca631e3efb970409c1f6ae88247928/screenshot - {}
RESULT: {}
COMMAND: POST /session/e4ca631e3efb970409c1f6ae88247928/element - {"using":"xpath","value":"//span[contains(@id ,\"application-billingtransfer-display-component---billingWorkbench--smartTableBillingRuns-header-inner\")]"}
RESULT: {"using":"xpath","value":"//span[contains(@id ,\"application-billingtransfer-display-component---billingWorkbench--smartTableBillingRuns-header-inner\")]"}
COMMAND: POST /session/e4ca631e3efb970409c1f6ae88247928/elements - {"using":"xpath","value":"//span[contains(@id ,\"application-billingtransfer-display-component---billingWorkbench--smartTableBillingRuns-header-inner\")]"}
RESULT: {"using":"xpath","value":"//span[contains(@id ,\"application-billingtransfer-display-component---billingWorkbench--smartTableBillingRuns-header-inner\")]"}
COMMAND: POST /session/e4ca631e3efb970409c1f6ae88247928/execute/sync - {"script":"<script> [56 bytes]","args":[{"element-6066-11e4-a52e-4f735466cecf":"f.C691F06ADA7EF9549F3769A53F800D74.d.635144CC945D657558E4D4F04EFC06E9.e.23045","ELEMENT":"f.C691F06ADA7EF9549F3769A53F800D74.d.635144CC945D657558E4D4F04EFC06E9.e.23045"}]}
RESULT: {"script":"<script> [56 bytes]","args":[{"element-6066-11e4-a52e-4f735466cecf":"f.C691F06ADA7EF9549F3769A53F800D74.d.635144CC945D657558E4D4F04EFC06E9.e.23045","ELEMENT":"f.C691F06ADA7EF9549F3769A53F800D74.d.635144CC945D657558E4D4F04EFC06E9.e.23045"}]}
COMMAND: POST /session/e4ca631e3efb970409c1f6ae88247928/element - {"using":"xpath","value":"//td[@aria-colindex=\"1\"]/div/div[contains(@class, \"sapMCbBg\")]"}
COMMAND: GET /session/e4ca631e3efb970409c1f6ae88247928/screenshot - {}
RESULT: {"using":"xpath","value":"//td[@aria-colindex=\"1\"]/div/div[contains(@class, \"sapMCbBg\")]"}
COMMAND: POST /session/e4ca631e3efb970409c1f6ae88247928/element/f.C691F06ADA7EF9549F3769A53F800D74.d.635144CC945D657558E4D4F04EFC06E9.e.23015/click - {}
RESULT: {}
RESULT: {}
COMMAND: GET /session/e4ca631e3efb970409c1f6ae88247928/screenshot - {}
RESULT: {}
COMMAND: POST /session/e4ca631e3efb970409c1f6ae88247928/element - {"using":"xpath","value":"//bdi[contains(text(), \"Check\")]"}
RESULT: {"using":"xpath","value":"//bdi[contains(text(), \"Check\")]"}
COMMAND: POST /session/e4ca631e3efb970409c1f6ae88247928/element/f.C691F06ADA7EF9549F3769A53F800D74.d.635144CC945D657558E4D4F04EFC06E9.e.23046/click - {}
RESULT: {}
COMMAND: GET /session/e4ca631e3efb970409c1f6ae88247928/screenshot - {}
RESULT: {}
COMMAND: POST /session/e4ca631e3efb970409c1f6ae88247928/element - {"using":"xpath","value":"//bdi[contains(text(), \"OK\")]"}
RESULT: {"using":"xpath","value":"//bdi[contains(text(), \"OK\")]"}
COMMAND: POST /session/e4ca631e3efb970409c1f6ae88247928/element/f.C691F06ADA7EF9549F3769A53F800D74.d.635144CC945D657558E4D4F04EFC06E9.e.23049/click - {}
RESULT: {}
COMMAND: GET /session/e4ca631e3efb970409c1f6ae88247928/screenshot - {}
RESULT: {}
COMMAND: POST /session/e4ca631e3efb970409c1f6ae88247928/element - {"using":"xpath","value":"(//span[contains(text(), \"CO/SD checked\")]/parent::div/preceding-sibling::div/span)[1]"}
RESULT: {"using":"xpath","value":"(//span[contains(text(), \"CO/SD checked\")]/parent::div/preceding-sibling::div/span)[1]"}
COMMAND: POST /session/e4ca631e3efb970409c1f6ae88247928/element/f.C691F06ADA7EF9549F3769A53F800D74.d.635144CC945D657558E4D4F04EFC06E9.e.23051/click - {}
RESULT: {}
COMMAND: GET /session/e4ca631e3efb970409c1f6ae88247928/screenshot - {}
RESULT: {}
COMMAND: POST /session/e4ca631e3efb970409c1f6ae88247928/element - {"using":"xpath","value":"//input[contains(@id ,\"application-billingtransfer-display-component---billingWorkbench--smartFilterBar-btnBasicSearch\")]"}
RESULT: {"using":"xpath","value":"//input[contains(@id ,\"application-billingtransfer-display-component---billingWorkbench--smartFilterBar-btnBasicSearch\")]"}
COMMAND: POST /session/e4ca631e3efb970409c1f6ae88247928/elements - {"using":"xpath","value":"//input[contains(@id ,\"application-billingtransfer-display-component---billingWorkbench--smartFilterBar-btnBasicSearch\")]"}
RESULT: {"using":"xpath","value":"//input[contains(@id ,\"application-billingtransfer-display-component---billingWorkbench--smartFilterBar-btnBasicSearch\")]"}
COMMAND: POST /session/e4ca631e3efb970409c1f6ae88247928/execute/sync - {"script":"<script> [8489 bytes]","args":[{"element-6066-11e4-a52e-4f735466cecf":"f.C691F06ADA7EF9549F3769A53F800D74.d.635144CC945D657558E4D4F04EFC06E9.e.22873","ELEMENT":"f.C691F06ADA7EF9549F3769A53F800D74.d.635144CC945D657558E4D4F04EFC06E9.e.22873"}]}
RESULT: {"script":"<script> [8489 bytes]","args":[{"element-6066-11e4-a52e-4f735466cecf":"f.C691F06ADA7EF9549F3769A53F800D74.d.635144CC945D657558E4D4F04EFC06E9.e.22873","ELEMENT":"f.C691F06ADA7EF9549F3769A53F800D74.d.635144CC945D657558E4D4F04EFC06E9.e.22873"}]}
COMMAND: GET /session/e4ca631e3efb970409c1f6ae88247928/element/f.C691F06ADA7EF9549F3769A53F800D74.d.635144CC945D657558E4D4F04EFC06E9.e.22873/enabled - {}
COMMAND: GET /session/e4ca631e3efb970409c1f6ae88247928/screenshot - {}
RESULT: {}
COMMAND: POST /session/e4ca631e3efb970409c1f6ae88247928/element/f.C691F06ADA7EF9549F3769A53F800D74.d.635144CC945D657558E4D4F04EFC06E9.e.22873/click - {}
COMMAND: GET /session/e4ca631e3efb970409c1f6ae88247928/screenshot - {}
RESULT: {}
RESULT: {}
COMMAND: GET /session/e4ca631e3efb970409c1f6ae88247928/screenshot - {}
RESULT: {}
RESULT: {}
COMMAND: POST /session/e4ca631e3efb970409c1f6ae88247928/element/f.C691F06ADA7EF9549F3769A53F800D74.d.635144CC945D657558E4D4F04EFC06E9.e.22873/clear - {}
RESULT: {}
COMMAND: POST /session/e4ca631e3efb970409c1f6ae88247928/element/f.C691F06ADA7EF9549F3769A53F800D74.d.635144CC945D657558E4D4F04EFC06E9.e.22873/value - {"text":"10622"}
COMMAND: GET /session/e4ca631e3efb970409c1f6ae88247928/screenshot - {}
RESULT: {"text":"10622"}
COMMAND: POST /session/e4ca631e3efb970409c1f6ae88247928/actions - {"actions":[{"id":"action83","type":"key","parameters":{},"actions":[{"type":"keyDown","value":"î€‡"},{"type":"pause","duration":10},{"type":"keyUp","value":"î€‡"}]}]}
COMMAND: GET /session/e4ca631e3efb970409c1f6ae88247928/screenshot - {}
RESULT: {}
RESULT: {"actions":[{"id":"action83","type":"key","parameters":{},"actions":[{"type":"keyDown","value":"î€‡"},{"type":"pause","duration":10},{"type":"keyUp","value":"î€‡"}]}]}
COMMAND: GET /session/e4ca631e3efb970409c1f6ae88247928/screenshot - {}
RESULT: {}
RESULT: {}
COMMAND: POST /session/e4ca631e3efb970409c1f6ae88247928/element - {"using":"xpath","value":"//span[contains(@id ,\"application-billingtransfer-display-component---billingWorkbench--smartTableBillingRuns-header-inner\")]"}
RESULT: {"using":"xpath","value":"//span[contains(@id ,\"application-billingtransfer-display-component---billingWorkbench--smartTableBillingRuns-header-inner\")]"}
COMMAND: POST /session/e4ca631e3efb970409c1f6ae88247928/elements - {"using":"xpath","value":"//span[contains(@id ,\"application-billingtransfer-display-component---billingWorkbench--smartTableBillingRuns-header-inner\")]"}
RESULT: {"using":"xpath","value":"//span[contains(@id ,\"application-billingtransfer-display-component---billingWorkbench--smartTableBillingRuns-header-inner\")]"}
COMMAND: POST /session/e4ca631e3efb970409c1f6ae88247928/execute/sync - {"script":"<script> [56 bytes]","args":[{"element-6066-11e4-a52e-4f735466cecf":"f.C691F06ADA7EF9549F3769A53F800D74.d.635144CC945D657558E4D4F04EFC06E9.e.23045","ELEMENT":"f.C691F06ADA7EF9549F3769A53F800D74.d.635144CC945D657558E4D4F04EFC06E9.e.23045"}]}
RESULT: {"script":"<script> [56 bytes]","args":[{"element-6066-11e4-a52e-4f735466cecf":"f.C691F06ADA7EF9549F3769A53F800D74.d.635144CC945D657558E4D4F04EFC06E9.e.23045","ELEMENT":"f.C691F06ADA7EF9549F3769A53F800D74.d.635144CC945D657558E4D4F04EFC06E9.e.23045"}]}
COMMAND: POST /session/e4ca631e3efb970409c1f6ae88247928/element - {"using":"xpath","value":"//td[@aria-colindex=\"1\"]/div/div[contains(@class, \"sapMCbBg\")]"}
COMMAND: GET /session/e4ca631e3efb970409c1f6ae88247928/screenshot - {}
RESULT: {"using":"xpath","value":"//td[@aria-colindex=\"1\"]/div/div[contains(@class, \"sapMCbBg\")]"}
COMMAND: POST /session/e4ca631e3efb970409c1f6ae88247928/element/f.C691F06ADA7EF9549F3769A53F800D74.d.635144CC945D657558E4D4F04EFC06E9.e.23054/click - {}
RESULT: {}
RESULT: {}
COMMAND: GET /session/e4ca631e3efb970409c1f6ae88247928/screenshot - {}
RESULT: {}
COMMAND: POST /session/e4ca631e3efb970409c1f6ae88247928/element - {"using":"xpath","value":"//bdi[text()=\"Transfer\"]"}
RESULT: {"using":"xpath","value":"//bdi[text()=\"Transfer\"]"}
COMMAND: POST /session/e4ca631e3efb970409c1f6ae88247928/element/f.C691F06ADA7EF9549F3769A53F800D74.d.635144CC945D657558E4D4F04EFC06E9.e.23055/click - {}
RESULT: {}
COMMAND: GET /session/e4ca631e3efb970409c1f6ae88247928/screenshot - {}
RESULT: {}
COMMAND: POST /session/e4ca631e3efb970409c1f6ae88247928/element - {"using":"xpath","value":"//bdi[contains(text(), \"OK\")]"}
RESULT: {"using":"xpath","value":"//bdi[contains(text(), \"OK\")]"}
COMMAND: POST /session/e4ca631e3efb970409c1f6ae88247928/element/f.C691F06ADA7EF9549F3769A53F800D74.d.635144CC945D657558E4D4F04EFC06E9.e.23058/click - {}
RESULT: {}
COMMAND: GET /session/e4ca631e3efb970409c1f6ae88247928/screenshot - {}
RESULT: {}
COMMAND: POST /session/e4ca631e3efb970409c1f6ae88247928/element - {"using":"xpath","value":"(//span[contains(text(), \"Completed\")]/parent::div/preceding-sibling::div/span)[1]"}
RESULT: {"using":"xpath","value":"(//span[contains(text(), \"Completed\")]/parent::div/preceding-sibling::div/span)[1]"}
COMMAND: POST /session/e4ca631e3efb970409c1f6ae88247928/element/f.C691F06ADA7EF9549F3769A53F800D74.d.635144CC945D657558E4D4F04EFC06E9.e.23067/click - {}
RESULT: {}
COMMAND: POST /session/e4ca631e3efb970409c1f6ae88247928/element - {"using":"xpath","value":"//input[contains(@id ,\"application-billingtransfer-display-component---billingWorkbench--smartFilterBar-btnBasicSearch\")]"}
COMMAND: GET /session/e4ca631e3efb970409c1f6ae88247928/screenshot - {}
RESULT: {"using":"xpath","value":"//input[contains(@id ,\"application-billingtransfer-display-component---billingWorkbench--smartFilterBar-btnBasicSearch\")]"}
COMMAND: POST /session/e4ca631e3efb970409c1f6ae88247928/elements - {"using":"xpath","value":"//input[contains(@id ,\"application-billingtransfer-display-component---billingWorkbench--smartFilterBar-btnBasicSearch\")]"}
RESULT: {}
RESULT: {"using":"xpath","value":"//input[contains(@id ,\"application-billingtransfer-display-component---billingWorkbench--smartFilterBar-btnBasicSearch\")]"}
COMMAND: POST /session/e4ca631e3efb970409c1f6ae88247928/execute/sync - {"script":"<script> [8489 bytes]","args":[{"element-6066-11e4-a52e-4f735466cecf":"f.C691F06ADA7EF9549F3769A53F800D74.d.635144CC945D657558E4D4F04EFC06E9.e.22873","ELEMENT":"f.C691F06ADA7EF9549F3769A53F800D74.d.635144CC945D657558E4D4F04EFC06E9.e.22873"}]}
RESULT: {"script":"<script> [8489 bytes]","args":[{"element-6066-11e4-a52e-4f735466cecf":"f.C691F06ADA7EF9549F3769A53F800D74.d.635144CC945D657558E4D4F04EFC06E9.e.22873","ELEMENT":"f.C691F06ADA7EF9549F3769A53F800D74.d.635144CC945D657558E4D4F04EFC06E9.e.22873"}]}
COMMAND: GET /session/e4ca631e3efb970409c1f6ae88247928/element/f.C691F06ADA7EF9549F3769A53F800D74.d.635144CC945D657558E4D4F04EFC06E9.e.22873/enabled - {}
COMMAND: GET /session/e4ca631e3efb970409c1f6ae88247928/screenshot - {}
RESULT: {}
COMMAND: POST /session/e4ca631e3efb970409c1f6ae88247928/element/f.C691F06ADA7EF9549F3769A53F800D74.d.635144CC945D657558E4D4F04EFC06E9.e.22873/click - {}
COMMAND: GET /session/e4ca631e3efb970409c1f6ae88247928/screenshot - {}
RESULT: {}
RESULT: {}
COMMAND: GET /session/e4ca631e3efb970409c1f6ae88247928/screenshot - {}
RESULT: {}
RESULT: {}
COMMAND: POST /session/e4ca631e3efb970409c1f6ae88247928/element/f.C691F06ADA7EF9549F3769A53F800D74.d.635144CC945D657558E4D4F04EFC06E9.e.22873/clear - {}
RESULT: {}
COMMAND: POST /session/e4ca631e3efb970409c1f6ae88247928/element/f.C691F06ADA7EF9549F3769A53F800D74.d.635144CC945D657558E4D4F04EFC06E9.e.22873/value - {"text":"10622"}
COMMAND: GET /session/e4ca631e3efb970409c1f6ae88247928/screenshot - {}
RESULT: {"text":"10622"}
COMMAND: POST /session/e4ca631e3efb970409c1f6ae88247928/actions - {"actions":[{"id":"action84","type":"key","parameters":{},"actions":[{"type":"keyDown","value":"î€‡"},{"type":"pause","duration":10},{"type":"keyUp","value":"î€‡"}]}]}
COMMAND: GET /session/e4ca631e3efb970409c1f6ae88247928/screenshot - {}
RESULT: {}
RESULT: {"actions":[{"id":"action84","type":"key","parameters":{},"actions":[{"type":"keyDown","value":"î€‡"},{"type":"pause","duration":10},{"type":"keyUp","value":"î€‡"}]}]}
COMMAND: GET /session/e4ca631e3efb970409c1f6ae88247928/screenshot - {}
RESULT: {}
RESULT: {}
COMMAND: POST /session/e4ca631e3efb970409c1f6ae88247928/element - {"using":"xpath","value":"//span[contains(@id ,\"application-billingtransfer-display-component---billingWorkbench--smartTableBillingRuns-header-inner\")]"}
RESULT: {"using":"xpath","value":"//span[contains(@id ,\"application-billingtransfer-display-component---billingWorkbench--smartTableBillingRuns-header-inner\")]"}
COMMAND: POST /session/e4ca631e3efb970409c1f6ae88247928/elements - {"using":"xpath","value":"//span[contains(@id ,\"application-billingtransfer-display-component---billingWorkbench--smartTableBillingRuns-header-inner\")]"}
RESULT: {"using":"xpath","value":"//span[contains(@id ,\"application-billingtransfer-display-component---billingWorkbench--smartTableBillingRuns-header-inner\")]"}
COMMAND: POST /session/e4ca631e3efb970409c1f6ae88247928/execute/sync - {"script":"<script> [56 bytes]","args":[{"element-6066-11e4-a52e-4f735466cecf":"f.C691F06ADA7EF9549F3769A53F800D74.d.635144CC945D657558E4D4F04EFC06E9.e.23045","ELEMENT":"f.C691F06ADA7EF9549F3769A53F800D74.d.635144CC945D657558E4D4F04EFC06E9.e.23045"}]}
RESULT: {"script":"<script> [56 bytes]","args":[{"element-6066-11e4-a52e-4f735466cecf":"f.C691F06ADA7EF9549F3769A53F800D74.d.635144CC945D657558E4D4F04EFC06E9.e.23045","ELEMENT":"f.C691F06ADA7EF9549F3769A53F800D74.d.635144CC945D657558E4D4F04EFC06E9.e.23045"}]}
COMMAND: POST /session/e4ca631e3efb970409c1f6ae88247928/element - {"using":"css selector","value":"#shell-header-logo"}
COMMAND: GET /session/e4ca631e3efb970409c1f6ae88247928/screenshot - {}
RESULT: {"using":"css selector","value":"#shell-header-logo"}
COMMAND: POST /session/e4ca631e3efb970409c1f6ae88247928/element/f.C691F06ADA7EF9549F3769A53F800D74.d.635144CC945D657558E4D4F04EFC06E9.e.22871/click - {}
RESULT: {}
RESULT: {}
COMMAND: GET /session/e4ca631e3efb970409c1f6ae88247928/screenshot - {}
RESULT: {}
]]></system-out>
    </testcase>
    <testcase classname="chrome.135_0_7049_115.windows.Billing_Calculation_-_Time_based_(considering_transport_times)_US139738" name="Should navigate to the contract item check the billed until field value" time="41.139">
      <system-out><![CDATA[
RESULT: undefined
COMMAND: POST /session/e4ca631e3efb970409c1f6ae88247928/element - {"using":"xpath","value":"//*[@id=\"__tile130-title\"]"}
RESULT: {"using":"xpath","value":"//*[@id=\"__tile130-title\"]"}
COMMAND: POST /session/e4ca631e3efb970409c1f6ae88247928/element/f.C691F06ADA7EF9549F3769A53F800D74.d.635144CC945D657558E4D4F04EFC06E9.e.20944/click - {}
RESULT: {}
COMMAND: GET /session/e4ca631e3efb970409c1f6ae88247928/screenshot - {}
RESULT: {}
COMMAND: POST /session/e4ca631e3efb970409c1f6ae88247928/element - {"using":"xpath","value":"//button[@data-kt=\"addButton\"]"}
RESULT: {"using":"xpath","value":"//button[@data-kt=\"addButton\"]"}
COMMAND: POST /session/e4ca631e3efb970409c1f6ae88247928/elements - {"using":"xpath","value":"//button[@data-kt=\"addButton\"]"}
RESULT: {"using":"xpath","value":"//button[@data-kt=\"addButton\"]"}
COMMAND: POST /session/e4ca631e3efb970409c1f6ae88247928/execute/sync - {"script":"<script> [8489 bytes]","args":[{"element-6066-11e4-a52e-4f735466cecf":"f.C691F06ADA7EF9549F3769A53F800D74.d.635144CC945D657558E4D4F04EFC06E9.e.23139","ELEMENT":"f.C691F06ADA7EF9549F3769A53F800D74.d.635144CC945D657558E4D4F04EFC06E9.e.23139"}]}
RESULT: {"script":"<script> [8489 bytes]","args":[{"element-6066-11e4-a52e-4f735466cecf":"f.C691F06ADA7EF9549F3769A53F800D74.d.635144CC945D657558E4D4F04EFC06E9.e.23139","ELEMENT":"f.C691F06ADA7EF9549F3769A53F800D74.d.635144CC945D657558E4D4F04EFC06E9.e.23139"}]}
COMMAND: GET /session/e4ca631e3efb970409c1f6ae88247928/element/f.C691F06ADA7EF9549F3769A53F800D74.d.635144CC945D657558E4D4F04EFC06E9.e.23139/enabled - {}
COMMAND: GET /session/e4ca631e3efb970409c1f6ae88247928/screenshot - {}
RESULT: {}
COMMAND: POST /session/e4ca631e3efb970409c1f6ae88247928/execute/sync - {"script":"<script> [8489 bytes]","args":[{"element-6066-11e4-a52e-4f735466cecf":"f.C691F06ADA7EF9549F3769A53F800D74.d.635144CC945D657558E4D4F04EFC06E9.e.23139","ELEMENT":"f.C691F06ADA7EF9549F3769A53F800D74.d.635144CC945D657558E4D4F04EFC06E9.e.23139"}]}
COMMAND: GET /session/e4ca631e3efb970409c1f6ae88247928/screenshot - {}
RESULT: {}
RESULT: {}
RESULT: {"script":"<script> [8489 bytes]","args":[{"element-6066-11e4-a52e-4f735466cecf":"f.C691F06ADA7EF9549F3769A53F800D74.d.635144CC945D657558E4D4F04EFC06E9.e.23139","ELEMENT":"f.C691F06ADA7EF9549F3769A53F800D74.d.635144CC945D657558E4D4F04EFC06E9.e.23139"}]}
COMMAND: POST /session/e4ca631e3efb970409c1f6ae88247928/execute/sync - {"script":"<script> [5351 bytes]","args":[{"element-6066-11e4-a52e-4f735466cecf":"f.C691F06ADA7EF9549F3769A53F800D74.d.635144CC945D657558E4D4F04EFC06E9.e.23139","ELEMENT":"f.C691F06ADA7EF9549F3769A53F800D74.d.635144CC945D657558E4D4F04EFC06E9.e.23139"}]}
COMMAND: GET /session/e4ca631e3efb970409c1f6ae88247928/screenshot - {}
RESULT: {"script":"<script> [5351 bytes]","args":[{"element-6066-11e4-a52e-4f735466cecf":"f.C691F06ADA7EF9549F3769A53F800D74.d.635144CC945D657558E4D4F04EFC06E9.e.23139","ELEMENT":"f.C691F06ADA7EF9549F3769A53F800D74.d.635144CC945D657558E4D4F04EFC06E9.e.23139"}]}
COMMAND: POST /session/e4ca631e3efb970409c1f6ae88247928/element - {"using":"xpath","value":"//input[contains(@id ,\"smartContractFilterBar-btnBasicSearch-I\")]"}
COMMAND: GET /session/e4ca631e3efb970409c1f6ae88247928/screenshot - {}
RESULT: {}
RESULT: {"using":"xpath","value":"//input[contains(@id ,\"smartContractFilterBar-btnBasicSearch-I\")]"}
COMMAND: POST /session/e4ca631e3efb970409c1f6ae88247928/elements - {"using":"xpath","value":"//input[contains(@id ,\"smartContractFilterBar-btnBasicSearch-I\")]"}
RESULT: {}
RESULT: {"using":"xpath","value":"//input[contains(@id ,\"smartContractFilterBar-btnBasicSearch-I\")]"}
COMMAND: POST /session/e4ca631e3efb970409c1f6ae88247928/execute/sync - {"script":"<script> [8489 bytes]","args":[{"element-6066-11e4-a52e-4f735466cecf":"f.C691F06ADA7EF9549F3769A53F800D74.d.635144CC945D657558E4D4F04EFC06E9.e.23073","ELEMENT":"f.C691F06ADA7EF9549F3769A53F800D74.d.635144CC945D657558E4D4F04EFC06E9.e.23073"}]}
RESULT: {"script":"<script> [8489 bytes]","args":[{"element-6066-11e4-a52e-4f735466cecf":"f.C691F06ADA7EF9549F3769A53F800D74.d.635144CC945D657558E4D4F04EFC06E9.e.23073","ELEMENT":"f.C691F06ADA7EF9549F3769A53F800D74.d.635144CC945D657558E4D4F04EFC06E9.e.23073"}]}
COMMAND: GET /session/e4ca631e3efb970409c1f6ae88247928/element/f.C691F06ADA7EF9549F3769A53F800D74.d.635144CC945D657558E4D4F04EFC06E9.e.23073/enabled - {}
COMMAND: GET /session/e4ca631e3efb970409c1f6ae88247928/screenshot - {}
RESULT: {}
COMMAND: POST /session/e4ca631e3efb970409c1f6ae88247928/element/f.C691F06ADA7EF9549F3769A53F800D74.d.635144CC945D657558E4D4F04EFC06E9.e.23073/clear - {}
COMMAND: GET /session/e4ca631e3efb970409c1f6ae88247928/screenshot - {}
RESULT: {}
RESULT: {}
COMMAND: POST /session/e4ca631e3efb970409c1f6ae88247928/element/f.C691F06ADA7EF9549F3769A53F800D74.d.635144CC945D657558E4D4F04EFC06E9.e.23073/value - {"text":"10622"}
COMMAND: GET /session/e4ca631e3efb970409c1f6ae88247928/screenshot - {}
RESULT: {}
RESULT: {"text":"10622"}
COMMAND: GET /session/e4ca631e3efb970409c1f6ae88247928/screenshot - {}
RESULT: {}
RESULT: {}
COMMAND: POST /session/e4ca631e3efb970409c1f6ae88247928/actions - {"actions":[{"id":"action85","type":"key","parameters":{},"actions":[{"type":"keyDown","value":"î€‡"},{"type":"pause","duration":10},{"type":"keyUp","value":"î€‡"}]}]}
RESULT: {"actions":[{"id":"action85","type":"key","parameters":{},"actions":[{"type":"keyDown","value":"î€‡"},{"type":"pause","duration":10},{"type":"keyUp","value":"î€‡"}]}]}
COMMAND: GET /session/e4ca631e3efb970409c1f6ae88247928/screenshot - {}
RESULT: {}
COMMAND: POST /session/e4ca631e3efb970409c1f6ae88247928/element - {"using":"xpath","value":"//span[contains(@id, \"masterListContractsSmartTable-header-inner\")]"}
RESULT: {"using":"xpath","value":"//span[contains(@id, \"masterListContractsSmartTable-header-inner\")]"}
COMMAND: POST /session/e4ca631e3efb970409c1f6ae88247928/elements - {"using":"xpath","value":"//span[contains(@id, \"masterListContractsSmartTable-header-inner\")]"}
RESULT: {"using":"xpath","value":"//span[contains(@id, \"masterListContractsSmartTable-header-inner\")]"}
COMMAND: POST /session/e4ca631e3efb970409c1f6ae88247928/execute/sync - {"script":"<script> [56 bytes]","args":[{"element-6066-11e4-a52e-4f735466cecf":"f.C691F06ADA7EF9549F3769A53F800D74.d.635144CC945D657558E4D4F04EFC06E9.e.23201","ELEMENT":"f.C691F06ADA7EF9549F3769A53F800D74.d.635144CC945D657558E4D4F04EFC06E9.e.23201"}]}
RESULT: {"script":"<script> [56 bytes]","args":[{"element-6066-11e4-a52e-4f735466cecf":"f.C691F06ADA7EF9549F3769A53F800D74.d.635144CC945D657558E4D4F04EFC06E9.e.23201","ELEMENT":"f.C691F06ADA7EF9549F3769A53F800D74.d.635144CC945D657558E4D4F04EFC06E9.e.23201"}]}
COMMAND: POST /session/e4ca631e3efb970409c1f6ae88247928/element - {"using":"xpath","value":"(//span[contains(@id, \"imgNav\")])[1]"}
COMMAND: GET /session/e4ca631e3efb970409c1f6ae88247928/screenshot - {}
RESULT: {"using":"xpath","value":"(//span[contains(@id, \"imgNav\")])[1]"}
COMMAND: POST /session/e4ca631e3efb970409c1f6ae88247928/element/f.C691F06ADA7EF9549F3769A53F800D74.d.635144CC945D657558E4D4F04EFC06E9.e.23199/click - {}
RESULT: {}
RESULT: {}
COMMAND: GET /session/e4ca631e3efb970409c1f6ae88247928/screenshot - {}
RESULT: {}
COMMAND: POST /session/e4ca631e3efb970409c1f6ae88247928/element - {"using":"xpath","value":"//tr[@data-kt=\"productsColumnListItem\"]//td//span[contains(@id, \"imgNav\")][1]"}
RESULT: {"using":"xpath","value":"//tr[@data-kt=\"productsColumnListItem\"]//td//span[contains(@id, \"imgNav\")][1]"}
COMMAND: POST /session/e4ca631e3efb970409c1f6ae88247928/element/f.C691F06ADA7EF9549F3769A53F800D74.d.635144CC945D657558E4D4F04EFC06E9.e.23365/click - {}
RESULT: {}
COMMAND: GET /session/e4ca631e3efb970409c1f6ae88247928/screenshot - {}
RESULT: {}
COMMAND: POST /session/e4ca631e3efb970409c1f6ae88247928/element - {"using":"xpath","value":"//section[contains(@id, \"application-managecontracts-display-component---BillingItem--ObjectPageLayout-OPHeaderContent\")]/div/div/div/div/div[2]/div/div[2]/span"}
RESULT: {"using":"xpath","value":"//section[contains(@id, \"application-managecontracts-display-component---BillingItem--ObjectPageLayout-OPHeaderContent\")]/div/div/div/div/div[2]/div/div[2]/span"}
COMMAND: POST /session/e4ca631e3efb970409c1f6ae88247928/execute/sync - {"script":"<script> [56 bytes]","args":[{"element-6066-11e4-a52e-4f735466cecf":"f.C691F06ADA7EF9549F3769A53F800D74.d.635144CC945D657558E4D4F04EFC06E9.e.23501","ELEMENT":"f.C691F06ADA7EF9549F3769A53F800D74.d.635144CC945D657558E4D4F04EFC06E9.e.23501"}]}
RESULT: {"script":"<script> [56 bytes]","args":[{"element-6066-11e4-a52e-4f735466cecf":"f.C691F06ADA7EF9549F3769A53F800D74.d.635144CC945D657558E4D4F04EFC06E9.e.23501","ELEMENT":"f.C691F06ADA7EF9549F3769A53F800D74.d.635144CC945D657558E4D4F04EFC06E9.e.23501"}]}
COMMAND: POST /session/e4ca631e3efb970409c1f6ae88247928/element - {"using":"xpath","value":"//table[contains(@id, \"application-managecontracts-display-component---BillingItem--billingList-listUl\")]//td//*[contains(text(), \"partial billed\")]"}
COMMAND: GET /session/e4ca631e3efb970409c1f6ae88247928/screenshot - {}
RESULT: {"using":"xpath","value":"//table[contains(@id, \"application-managecontracts-display-component---BillingItem--billingList-listUl\")]//td//*[contains(text(), \"partial billed\")]"}
COMMAND: POST /session/e4ca631e3efb970409c1f6ae88247928/execute/sync - {"script":"<script> [56 bytes]","args":[{"element-6066-11e4-a52e-4f735466cecf":"f.C691F06ADA7EF9549F3769A53F800D74.d.635144CC945D657558E4D4F04EFC06E9.e.23502","ELEMENT":"f.C691F06ADA7EF9549F3769A53F800D74.d.635144CC945D657558E4D4F04EFC06E9.e.23502"}]}
RESULT: {}
RESULT: {"script":"<script> [56 bytes]","args":[{"element-6066-11e4-a52e-4f735466cecf":"f.C691F06ADA7EF9549F3769A53F800D74.d.635144CC945D657558E4D4F04EFC06E9.e.23502","ELEMENT":"f.C691F06ADA7EF9549F3769A53F800D74.d.635144CC945D657558E4D4F04EFC06E9.e.23502"}]}
COMMAND: POST /session/e4ca631e3efb970409c1f6ae88247928/element - {"using":"css selector","value":"#shell-header-logo"}
COMMAND: GET /session/e4ca631e3efb970409c1f6ae88247928/screenshot - {}
RESULT: {"using":"css selector","value":"#shell-header-logo"}
COMMAND: POST /session/e4ca631e3efb970409c1f6ae88247928/element/f.C691F06ADA7EF9549F3769A53F800D74.d.635144CC945D657558E4D4F04EFC06E9.e.23085/click - {}
RESULT: {}
RESULT: {}
COMMAND: GET /session/e4ca631e3efb970409c1f6ae88247928/screenshot - {}
RESULT: {}
]]></system-out>
    </testcase>
    <testcase classname="chrome.135_0_7049_115.windows.Billing_Calculation_-_Time_based_(considering_transport_times)_US139738" name="Should do a handover return 2 step 7 days after provide or 14 days from today receive it in 21 days" time="159.552">
      <system-out><![CDATA[
RESULT: undefined
COMMAND: POST /session/e4ca631e3efb970409c1f6ae88247928/element - {"using":"xpath","value":"//*[@id=\"__tile130-title\"]"}
RESULT: {"using":"xpath","value":"//*[@id=\"__tile130-title\"]"}
COMMAND: POST /session/e4ca631e3efb970409c1f6ae88247928/element/f.C691F06ADA7EF9549F3769A53F800D74.d.635144CC945D657558E4D4F04EFC06E9.e.20944/click - {}
RESULT: {}
COMMAND: GET /session/e4ca631e3efb970409c1f6ae88247928/screenshot - {}
COMMAND: POST /session/e4ca631e3efb970409c1f6ae88247928/element - {"using":"xpath","value":"//button[@data-kt=\"addButton\"]"}
RESULT: {}
RESULT: {"using":"xpath","value":"//button[@data-kt=\"addButton\"]"}
COMMAND: POST /session/e4ca631e3efb970409c1f6ae88247928/elements - {"using":"xpath","value":"//button[@data-kt=\"addButton\"]"}
RESULT: {"using":"xpath","value":"//button[@data-kt=\"addButton\"]"}
COMMAND: POST /session/e4ca631e3efb970409c1f6ae88247928/execute/sync - {"script":"<script> [8489 bytes]","args":[{"element-6066-11e4-a52e-4f735466cecf":"f.C691F06ADA7EF9549F3769A53F800D74.d.635144CC945D657558E4D4F04EFC06E9.e.23576","ELEMENT":"f.C691F06ADA7EF9549F3769A53F800D74.d.635144CC945D657558E4D4F04EFC06E9.e.23576"}]}
RESULT: {"script":"<script> [8489 bytes]","args":[{"element-6066-11e4-a52e-4f735466cecf":"f.C691F06ADA7EF9549F3769A53F800D74.d.635144CC945D657558E4D4F04EFC06E9.e.23576","ELEMENT":"f.C691F06ADA7EF9549F3769A53F800D74.d.635144CC945D657558E4D4F04EFC06E9.e.23576"}]}
COMMAND: GET /session/e4ca631e3efb970409c1f6ae88247928/element/f.C691F06ADA7EF9549F3769A53F800D74.d.635144CC945D657558E4D4F04EFC06E9.e.23576/enabled - {}
COMMAND: GET /session/e4ca631e3efb970409c1f6ae88247928/screenshot - {}
RESULT: {}
COMMAND: POST /session/e4ca631e3efb970409c1f6ae88247928/execute/sync - {"script":"<script> [8489 bytes]","args":[{"element-6066-11e4-a52e-4f735466cecf":"f.C691F06ADA7EF9549F3769A53F800D74.d.635144CC945D657558E4D4F04EFC06E9.e.23576","ELEMENT":"f.C691F06ADA7EF9549F3769A53F800D74.d.635144CC945D657558E4D4F04EFC06E9.e.23576"}]}
COMMAND: GET /session/e4ca631e3efb970409c1f6ae88247928/screenshot - {}
RESULT: {}
RESULT: {"script":"<script> [8489 bytes]","args":[{"element-6066-11e4-a52e-4f735466cecf":"f.C691F06ADA7EF9549F3769A53F800D74.d.635144CC945D657558E4D4F04EFC06E9.e.23576","ELEMENT":"f.C691F06ADA7EF9549F3769A53F800D74.d.635144CC945D657558E4D4F04EFC06E9.e.23576"}]}
COMMAND: POST /session/e4ca631e3efb970409c1f6ae88247928/execute/sync - {"script":"<script> [5351 bytes]","args":[{"element-6066-11e4-a52e-4f735466cecf":"f.C691F06ADA7EF9549F3769A53F800D74.d.635144CC945D657558E4D4F04EFC06E9.e.23576","ELEMENT":"f.C691F06ADA7EF9549F3769A53F800D74.d.635144CC945D657558E4D4F04EFC06E9.e.23576"}]}
COMMAND: GET /session/e4ca631e3efb970409c1f6ae88247928/screenshot - {}
RESULT: {}
RESULT: {"script":"<script> [5351 bytes]","args":[{"element-6066-11e4-a52e-4f735466cecf":"f.C691F06ADA7EF9549F3769A53F800D74.d.635144CC945D657558E4D4F04EFC06E9.e.23576","ELEMENT":"f.C691F06ADA7EF9549F3769A53F800D74.d.635144CC945D657558E4D4F04EFC06E9.e.23576"}]}
COMMAND: GET /session/e4ca631e3efb970409c1f6ae88247928/screenshot - {}
RESULT: {}
RESULT: {}
COMMAND: POST /session/e4ca631e3efb970409c1f6ae88247928/element - {"using":"xpath","value":"//input[contains(@id ,\"smartContractFilterBar-btnBasicSearch-I\")]"}
RESULT: {"using":"xpath","value":"//input[contains(@id ,\"smartContractFilterBar-btnBasicSearch-I\")]"}
COMMAND: POST /session/e4ca631e3efb970409c1f6ae88247928/elements - {"using":"xpath","value":"//input[contains(@id ,\"smartContractFilterBar-btnBasicSearch-I\")]"}
RESULT: {"using":"xpath","value":"//input[contains(@id ,\"smartContractFilterBar-btnBasicSearch-I\")]"}
COMMAND: POST /session/e4ca631e3efb970409c1f6ae88247928/execute/sync - {"script":"<script> [8489 bytes]","args":[{"element-6066-11e4-a52e-4f735466cecf":"f.C691F06ADA7EF9549F3769A53F800D74.d.635144CC945D657558E4D4F04EFC06E9.e.23508","ELEMENT":"f.C691F06ADA7EF9549F3769A53F800D74.d.635144CC945D657558E4D4F04EFC06E9.e.23508"}]}
RESULT: {"script":"<script> [8489 bytes]","args":[{"element-6066-11e4-a52e-4f735466cecf":"f.C691F06ADA7EF9549F3769A53F800D74.d.635144CC945D657558E4D4F04EFC06E9.e.23508","ELEMENT":"f.C691F06ADA7EF9549F3769A53F800D74.d.635144CC945D657558E4D4F04EFC06E9.e.23508"}]}
COMMAND: GET /session/e4ca631e3efb970409c1f6ae88247928/element/f.C691F06ADA7EF9549F3769A53F800D74.d.635144CC945D657558E4D4F04EFC06E9.e.23508/enabled - {}
COMMAND: GET /session/e4ca631e3efb970409c1f6ae88247928/screenshot - {}
RESULT: {}
COMMAND: POST /session/e4ca631e3efb970409c1f6ae88247928/element/f.C691F06ADA7EF9549F3769A53F800D74.d.635144CC945D657558E4D4F04EFC06E9.e.23508/clear - {}
COMMAND: GET /session/e4ca631e3efb970409c1f6ae88247928/screenshot - {}
RESULT: {}
RESULT: {}
COMMAND: POST /session/e4ca631e3efb970409c1f6ae88247928/element/f.C691F06ADA7EF9549F3769A53F800D74.d.635144CC945D657558E4D4F04EFC06E9.e.23508/value - {"text":"10622"}
COMMAND: GET /session/e4ca631e3efb970409c1f6ae88247928/screenshot - {}
RESULT: {}
RESULT: {"text":"10622"}
COMMAND: GET /session/e4ca631e3efb970409c1f6ae88247928/screenshot - {}
RESULT: {}
RESULT: {}
COMMAND: POST /session/e4ca631e3efb970409c1f6ae88247928/actions - {"actions":[{"id":"action86","type":"key","parameters":{},"actions":[{"type":"keyDown","value":"î€‡"},{"type":"pause","duration":10},{"type":"keyUp","value":"î€‡"}]}]}
RESULT: {"actions":[{"id":"action86","type":"key","parameters":{},"actions":[{"type":"keyDown","value":"î€‡"},{"type":"pause","duration":10},{"type":"keyUp","value":"î€‡"}]}]}
COMMAND: GET /session/e4ca631e3efb970409c1f6ae88247928/screenshot - {}
RESULT: {}
COMMAND: POST /session/e4ca631e3efb970409c1f6ae88247928/element - {"using":"xpath","value":"//span[contains(@id, \"masterListContractsSmartTable-header-inner\")]"}
RESULT: {"using":"xpath","value":"//span[contains(@id, \"masterListContractsSmartTable-header-inner\")]"}
COMMAND: POST /session/e4ca631e3efb970409c1f6ae88247928/elements - {"using":"xpath","value":"//span[contains(@id, \"masterListContractsSmartTable-header-inner\")]"}
RESULT: {"using":"xpath","value":"//span[contains(@id, \"masterListContractsSmartTable-header-inner\")]"}
COMMAND: POST /session/e4ca631e3efb970409c1f6ae88247928/execute/sync - {"script":"<script> [56 bytes]","args":[{"element-6066-11e4-a52e-4f735466cecf":"f.C691F06ADA7EF9549F3769A53F800D74.d.635144CC945D657558E4D4F04EFC06E9.e.23635","ELEMENT":"f.C691F06ADA7EF9549F3769A53F800D74.d.635144CC945D657558E4D4F04EFC06E9.e.23635"}]}
RESULT: {"script":"<script> [56 bytes]","args":[{"element-6066-11e4-a52e-4f735466cecf":"f.C691F06ADA7EF9549F3769A53F800D74.d.635144CC945D657558E4D4F04EFC06E9.e.23635","ELEMENT":"f.C691F06ADA7EF9549F3769A53F800D74.d.635144CC945D657558E4D4F04EFC06E9.e.23635"}]}
COMMAND: POST /session/e4ca631e3efb970409c1f6ae88247928/element - {"using":"xpath","value":"(//span[contains(@id, \"imgNav\")])[1]"}
COMMAND: GET /session/e4ca631e3efb970409c1f6ae88247928/screenshot - {}
RESULT: {"using":"xpath","value":"(//span[contains(@id, \"imgNav\")])[1]"}
COMMAND: POST /session/e4ca631e3efb970409c1f6ae88247928/element/f.C691F06ADA7EF9549F3769A53F800D74.d.635144CC945D657558E4D4F04EFC06E9.e.23633/click - {}
RESULT: {}
RESULT: {}
COMMAND: GET /session/e4ca631e3efb970409c1f6ae88247928/screenshot - {}
RESULT: {}
COMMAND: POST /session/e4ca631e3efb970409c1f6ae88247928/element - {"using":"xpath","value":"//button[contains(@id, \"contractDetailReturnButton\")]"}
RESULT: {"using":"xpath","value":"//button[contains(@id, \"contractDetailReturnButton\")]"}
COMMAND: POST /session/e4ca631e3efb970409c1f6ae88247928/element/f.C691F06ADA7EF9549F3769A53F800D74.d.635144CC945D657558E4D4F04EFC06E9.e.23717/click - {}
RESULT: {}
COMMAND: GET /session/e4ca631e3efb970409c1f6ae88247928/screenshot - {}
RESULT: undefined
COMMAND: POST /session/e4ca631e3efb970409c1f6ae88247928/execute/async - {"script":"<script> [776 bytes]","args":[{"enterText":"05/21/25","selector":{"id":"application-managehandovers-display-component---AddNewHO--dueDate","interaction":{"idSuffix":"inner"}},"clearTextFirst":true,"interactionType":"ENTER_TEXT"}]}
RESULT: {}
RESULT: {"script":"<script> [776 bytes]","args":[{"enterText":"05/21/25","selector":{"id":"application-managehandovers-display-component---AddNewHO--dueDate","interaction":{"idSuffix":"inner"}},"clearTextFirst":true,"interactionType":"ENTER_TEXT"}]}
COMMAND: POST /session/e4ca631e3efb970409c1f6ae88247928/element - {"using":"xpath","value":"//bdi[contains(text(), \"Instructions\")]"}
RESULT: {"using":"xpath","value":"//bdi[contains(text(), \"Instructions\")]"}
COMMAND: POST /session/e4ca631e3efb970409c1f6ae88247928/element/f.C691F06ADA7EF9549F3769A53F800D74.d.635144CC945D657558E4D4F04EFC06E9.e.24103/click - {}
RESULT: {}
COMMAND: GET /session/e4ca631e3efb970409c1f6ae88247928/screenshot - {}
RESULT: {}
COMMAND: POST /session/e4ca631e3efb970409c1f6ae88247928/element - {"using":"xpath","value":"//button[@data-kt=\"AddNewHOProvideAddItemsButton\"]"}
RESULT: {"using":"xpath","value":"//button[@data-kt=\"AddNewHOProvideAddItemsButton\"]"}
COMMAND: POST /session/e4ca631e3efb970409c1f6ae88247928/element/f.C691F06ADA7EF9549F3769A53F800D74.d.635144CC945D657558E4D4F04EFC06E9.e.23910/click - {}
RESULT: {}
COMMAND: GET /session/e4ca631e3efb970409c1f6ae88247928/screenshot - {}
RESULT: {}
RESULT: undefined
COMMAND: POST /session/e4ca631e3efb970409c1f6ae88247928/element - {"using":"xpath","value":"//*[@id=\"application-managehandovers-display-component---AddNewHO--popup-sa\"]"}
RESULT: {"using":"xpath","value":"//*[@id=\"application-managehandovers-display-component---AddNewHO--popup-sa\"]"}
COMMAND: POST /session/e4ca631e3efb970409c1f6ae88247928/element/f.C691F06ADA7EF9549F3769A53F800D74.d.635144CC945D657558E4D4F04EFC06E9.e.24122/click - {}
RESULT: {}
COMMAND: GET /session/e4ca631e3efb970409c1f6ae88247928/screenshot - {}
RESULT: {}
COMMAND: POST /session/e4ca631e3efb970409c1f6ae88247928/element - {"using":"xpath","value":"//*[contains(@id ,\"BDI-content\")][contains(text(), \"Select\")]"}
RESULT: {"using":"xpath","value":"//*[contains(@id ,\"BDI-content\")][contains(text(), \"Select\")]"}
COMMAND: POST /session/e4ca631e3efb970409c1f6ae88247928/element/f.C691F06ADA7EF9549F3769A53F800D74.d.635144CC945D657558E4D4F04EFC06E9.e.24124/click - {}
RESULT: {}
COMMAND: GET /session/e4ca631e3efb970409c1f6ae88247928/screenshot - {}
RESULT: {}
COMMAND: POST /session/e4ca631e3efb970409c1f6ae88247928/element - {"using":"xpath","value":"(//div[contains(@id, \"application-managehandovers-display-component---AddNewHO--oneStep-CbBg\")])"}
RESULT: {"using":"xpath","value":"(//div[contains(@id, \"application-managehandovers-display-component---AddNewHO--oneStep-CbBg\")])"}
COMMAND: POST /session/e4ca631e3efb970409c1f6ae88247928/element/f.C691F06ADA7EF9549F3769A53F800D74.d.635144CC945D657558E4D4F04EFC06E9.e.24132/click - {}
RESULT: {}
RESULT: undefined
COMMAND: POST /session/e4ca631e3efb970409c1f6ae88247928/element - {"using":"xpath","value":"//*[@id=\"application-managehandovers-display-component---AddNewHO--confirmCreationButton\"]"}
COMMAND: GET /session/e4ca631e3efb970409c1f6ae88247928/screenshot - {}
RESULT: {"using":"xpath","value":"//*[@id=\"application-managehandovers-display-component---AddNewHO--confirmCreationButton\"]"}
COMMAND: POST /session/e4ca631e3efb970409c1f6ae88247928/element/f.C691F06ADA7EF9549F3769A53F800D74.d.635144CC945D657558E4D4F04EFC06E9.e.23917/click - {}
RESULT: {}
RESULT: {}
COMMAND: GET /session/e4ca631e3efb970409c1f6ae88247928/screenshot - {}
RESULT: {}
COMMAND: POST /session/e4ca631e3efb970409c1f6ae88247928/element - {"using":"xpath","value":"//button[@data-kt=\"PickingTableConfirmAllButton\"]"}
RESULT: {"using":"xpath","value":"//button[@data-kt=\"PickingTableConfirmAllButton\"]"}
COMMAND: POST /session/e4ca631e3efb970409c1f6ae88247928/element/f.C691F06ADA7EF9549F3769A53F800D74.d.635144CC945D657558E4D4F04EFC06E9.e.24162/click - {}
COMMAND: POST /session/e4ca631e3efb970409c1f6ae88247928/element - {"using":"xpath","value":"//button[@data-kt=\"PickingTableConfirmAllButton\"]"}
RESULT: {"using":"xpath","value":"//button[@data-kt=\"PickingTableConfirmAllButton\"]"}
COMMAND: POST /session/e4ca631e3efb970409c1f6ae88247928/element/f.C691F06ADA7EF9549F3769A53F800D74.d.635144CC945D657558E4D4F04EFC06E9.e.24162/click - {}
COMMAND: POST /session/e4ca631e3efb970409c1f6ae88247928/element - {"using":"xpath","value":"//button[@data-kt=\"PickingTableConfirmAllButton\"]"}
RESULT: {"using":"xpath","value":"//button[@data-kt=\"PickingTableConfirmAllButton\"]"}
COMMAND: POST /session/e4ca631e3efb970409c1f6ae88247928/element/f.C691F06ADA7EF9549F3769A53F800D74.d.635144CC945D657558E4D4F04EFC06E9.e.24180/click - {}
RESULT: {}
COMMAND: GET /session/e4ca631e3efb970409c1f6ae88247928/screenshot - {}
RESULT: {}
COMMAND: POST /session/e4ca631e3efb970409c1f6ae88247928/element - {"using":"xpath","value":"//bdi[contains(text(), \"OK\")]"}
RESULT: {"using":"xpath","value":"//bdi[contains(text(), \"OK\")]"}
COMMAND: POST /session/e4ca631e3efb970409c1f6ae88247928/element/f.C691F06ADA7EF9549F3769A53F800D74.d.635144CC945D657558E4D4F04EFC06E9.e.24184/click - {}
RESULT: {}
COMMAND: GET /session/e4ca631e3efb970409c1f6ae88247928/screenshot - {}
RESULT: {}
COMMAND: POST /session/e4ca631e3efb970409c1f6ae88247928/element - {"using":"xpath","value":"//button[@data-kt=\"execHoPickButton\"]"}
RESULT: {"using":"xpath","value":"//button[@data-kt=\"execHoPickButton\"]"}
COMMAND: POST /session/e4ca631e3efb970409c1f6ae88247928/element/f.C691F06ADA7EF9549F3769A53F800D74.d.635144CC945D657558E4D4F04EFC06E9.e.24185/click - {}
RESULT: {}
COMMAND: GET /session/e4ca631e3efb970409c1f6ae88247928/screenshot - {}
RESULT: {}
COMMAND: POST /session/e4ca631e3efb970409c1f6ae88247928/element - {"using":"xpath","value":"//span[contains(@id ,\"filterItemControl_BASIC-SEND_CONTRACT-vhi\")]"}
RESULT: {"using":"xpath","value":"//span[contains(@id ,\"filterItemControl_BASIC-SEND_CONTRACT-vhi\")]"}
COMMAND: POST /session/e4ca631e3efb970409c1f6ae88247928/element/f.C691F06ADA7EF9549F3769A53F800D74.d.635144CC945D657558E4D4F04EFC06E9.e.24360/click - {}
RESULT: {}
COMMAND: GET /session/e4ca631e3efb970409c1f6ae88247928/screenshot - {}
RESULT: {}
RESULT: undefined
COMMAND: POST /session/e4ca631e3efb970409c1f6ae88247928/execute/async - {"script":"<script> [776 bytes]","args":[{"enterText":"10622","selector":{"controlType":"sap.m.SearchField","viewName":"etm.portal.ui.managehandovers.view.MasterHO","bindingPath":{"path":"","propertyPath":"/_BASIC_SEARCH_FIELD","modelName":"fi1t3rM0d31"},"searchOpenDialogs":true,"interaction":{"idSuffix":"I"}},"clearTextFirst":true,"interactionType":"ENTER_TEXT"}]}
RESULT: {"script":"<script> [776 bytes]","args":[{"enterText":"10622","selector":{"controlType":"sap.m.SearchField","viewName":"etm.portal.ui.managehandovers.view.MasterHO","bindingPath":{"path":"","propertyPath":"/_BASIC_SEARCH_FIELD","modelName":"fi1t3rM0d31"},"searchOpenDialogs":true,"interaction":{"idSuffix":"I"}},"clearTextFirst":true,"interactionType":"ENTER_TEXT"}]}
COMMAND: POST /session/e4ca631e3efb970409c1f6ae88247928/actions - {"actions":[{"id":"action87","type":"key","parameters":{},"actions":[{"type":"keyDown","value":"î€‡"},{"type":"pause","duration":10},{"type":"keyUp","value":"î€‡"}]}]}
RESULT: {"actions":[{"id":"action87","type":"key","parameters":{},"actions":[{"type":"keyDown","value":"î€‡"},{"type":"pause","duration":10},{"type":"keyUp","value":"î€‡"}]}]}
COMMAND: GET /session/e4ca631e3efb970409c1f6ae88247928/screenshot - {}
RESULT: {}
COMMAND: POST /session/e4ca631e3efb970409c1f6ae88247928/element - {"using":"xpath","value":"//div[contains(@id, 'filterItemControl_BASIC-SEND_CONTRACT-valueHelpDialog-table-rowsel0')]"}
RESULT: {"using":"xpath","value":"//div[contains(@id, 'filterItemControl_BASIC-SEND_CONTRACT-valueHelpDialog-table-rowsel0')]"}
COMMAND: POST /session/e4ca631e3efb970409c1f6ae88247928/element/f.C691F06ADA7EF9549F3769A53F800D74.d.635144CC945D657558E4D4F04EFC06E9.e.24369/click - {}
RESULT: {}
COMMAND: GET /session/e4ca631e3efb970409c1f6ae88247928/screenshot - {}
RESULT: {}
COMMAND: POST /session/e4ca631e3efb970409c1f6ae88247928/element - {"using":"xpath","value":"//bdi[contains(text(), \"OK\")]"}
RESULT: {"using":"xpath","value":"//bdi[contains(text(), \"OK\")]"}
COMMAND: POST /session/e4ca631e3efb970409c1f6ae88247928/element/f.C691F06ADA7EF9549F3769A53F800D74.d.635144CC945D657558E4D4F04EFC06E9.e.24371/click - {}
RESULT: {}
COMMAND: GET /session/e4ca631e3efb970409c1f6ae88247928/screenshot - {}
RESULT: {}
COMMAND: POST /session/e4ca631e3efb970409c1f6ae88247928/element - {"using":"xpath","value":"//span[contains(@id, \"smartTable-header-inner\")]"}
RESULT: {"using":"xpath","value":"//span[contains(@id, \"smartTable-header-inner\")]"}
COMMAND: POST /session/e4ca631e3efb970409c1f6ae88247928/elements - {"using":"xpath","value":"//span[contains(@id, \"smartTable-header-inner\")]"}
RESULT: {"using":"xpath","value":"//span[contains(@id, \"smartTable-header-inner\")]"}
COMMAND: POST /session/e4ca631e3efb970409c1f6ae88247928/execute/sync - {"script":"<script> [56 bytes]","args":[{"element-6066-11e4-a52e-4f735466cecf":"f.C691F06ADA7EF9549F3769A53F800D74.d.635144CC945D657558E4D4F04EFC06E9.e.24401","ELEMENT":"f.C691F06ADA7EF9549F3769A53F800D74.d.635144CC945D657558E4D4F04EFC06E9.e.24401"}]}
RESULT: {"script":"<script> [56 bytes]","args":[{"element-6066-11e4-a52e-4f735466cecf":"f.C691F06ADA7EF9549F3769A53F800D74.d.635144CC945D657558E4D4F04EFC06E9.e.24401","ELEMENT":"f.C691F06ADA7EF9549F3769A53F800D74.d.635144CC945D657558E4D4F04EFC06E9.e.24401"}]}
COMMAND: POST /session/e4ca631e3efb970409c1f6ae88247928/element - {"using":"xpath","value":"//table[contains(@id, \"customHandovers\")]//tbody/tr[1]/td[2]/span"}
COMMAND: GET /session/e4ca631e3efb970409c1f6ae88247928/screenshot - {}
RESULT: {"using":"xpath","value":"//table[contains(@id, \"customHandovers\")]//tbody/tr[1]/td[2]/span"}
COMMAND: POST /session/e4ca631e3efb970409c1f6ae88247928/execute/sync - {"script":"<script> [56 bytes]","args":[{"element-6066-11e4-a52e-4f735466cecf":"f.C691F06ADA7EF9549F3769A53F800D74.d.635144CC945D657558E4D4F04EFC06E9.e.24402","ELEMENT":"f.C691F06ADA7EF9549F3769A53F800D74.d.635144CC945D657558E4D4F04EFC06E9.e.24402"}]}
RESULT: {}
RESULT: {"script":"<script> [56 bytes]","args":[{"element-6066-11e4-a52e-4f735466cecf":"f.C691F06ADA7EF9549F3769A53F800D74.d.635144CC945D657558E4D4F04EFC06E9.e.24402","ELEMENT":"f.C691F06ADA7EF9549F3769A53F800D74.d.635144CC945D657558E4D4F04EFC06E9.e.24402"}]}
COMMAND: POST /session/e4ca631e3efb970409c1f6ae88247928/element - {"using":"xpath","value":"(//span[contains(@id, \"imgNav\")])[1]"}
COMMAND: GET /session/e4ca631e3efb970409c1f6ae88247928/screenshot - {}
RESULT: {"using":"xpath","value":"(//span[contains(@id, \"imgNav\")])[1]"}
COMMAND: POST /session/e4ca631e3efb970409c1f6ae88247928/element/f.C691F06ADA7EF9549F3769A53F800D74.d.635144CC945D657558E4D4F04EFC06E9.e.24398/click - {}
RESULT: {}
RESULT: {}
COMMAND: GET /session/e4ca631e3efb970409c1f6ae88247928/screenshot - {}
RESULT: {}
COMMAND: POST /session/e4ca631e3efb970409c1f6ae88247928/element - {"using":"xpath","value":"//button[@data-kt=\"PickingTableConfirmAllButton\"]"}
RESULT: {"using":"xpath","value":"//button[@data-kt=\"PickingTableConfirmAllButton\"]"}
COMMAND: POST /session/e4ca631e3efb970409c1f6ae88247928/element/f.C691F06ADA7EF9549F3769A53F800D74.d.635144CC945D657558E4D4F04EFC06E9.e.24442/click - {}
RESULT: {}
COMMAND: GET /session/e4ca631e3efb970409c1f6ae88247928/screenshot - {}
RESULT: {}
COMMAND: POST /session/e4ca631e3efb970409c1f6ae88247928/element - {"using":"xpath","value":"//bdi[contains(text(), \"OK\")]"}
RESULT: {"using":"xpath","value":"//bdi[contains(text(), \"OK\")]"}
COMMAND: POST /session/e4ca631e3efb970409c1f6ae88247928/element/f.C691F06ADA7EF9549F3769A53F800D74.d.635144CC945D657558E4D4F04EFC06E9.e.24453/click - {}
RESULT: {}
COMMAND: GET /session/e4ca631e3efb970409c1f6ae88247928/screenshot - {}
RESULT: {}
COMMAND: POST /session/e4ca631e3efb970409c1f6ae88247928/element - {"using":"xpath","value":"//button[@data-kt=\"execHoIssueButton\"]"}
RESULT: {"using":"xpath","value":"//button[@data-kt=\"execHoIssueButton\"]"}
COMMAND: POST /session/e4ca631e3efb970409c1f6ae88247928/element/f.C691F06ADA7EF9549F3769A53F800D74.d.635144CC945D657558E4D4F04EFC06E9.e.24455/click - {}
RESULT: {}
COMMAND: GET /session/e4ca631e3efb970409c1f6ae88247928/screenshot - {}
RESULT: {}
COMMAND: POST /session/e4ca631e3efb970409c1f6ae88247928/element - {"using":"xpath","value":"//input[contains(@id ,\"smartFilterBar-btnBasicSearch-I\")]"}
RESULT: {"using":"xpath","value":"//input[contains(@id ,\"smartFilterBar-btnBasicSearch-I\")]"}
COMMAND: POST /session/e4ca631e3efb970409c1f6ae88247928/elements - {"using":"xpath","value":"//input[contains(@id ,\"smartFilterBar-btnBasicSearch-I\")]"}
RESULT: {"using":"xpath","value":"//input[contains(@id ,\"smartFilterBar-btnBasicSearch-I\")]"}
COMMAND: POST /session/e4ca631e3efb970409c1f6ae88247928/execute/sync - {"script":"<script> [8489 bytes]","args":[{"element-6066-11e4-a52e-4f735466cecf":"f.C691F06ADA7EF9549F3769A53F800D74.d.635144CC945D657558E4D4F04EFC06E9.e.23853","ELEMENT":"f.C691F06ADA7EF9549F3769A53F800D74.d.635144CC945D657558E4D4F04EFC06E9.e.23853"}]}
RESULT: {"script":"<script> [8489 bytes]","args":[{"element-6066-11e4-a52e-4f735466cecf":"f.C691F06ADA7EF9549F3769A53F800D74.d.635144CC945D657558E4D4F04EFC06E9.e.23853","ELEMENT":"f.C691F06ADA7EF9549F3769A53F800D74.d.635144CC945D657558E4D4F04EFC06E9.e.23853"}]}
COMMAND: GET /session/e4ca631e3efb970409c1f6ae88247928/element/f.C691F06ADA7EF9549F3769A53F800D74.d.635144CC945D657558E4D4F04EFC06E9.e.23853/enabled - {}
COMMAND: GET /session/e4ca631e3efb970409c1f6ae88247928/screenshot - {}
RESULT: {}
COMMAND: POST /session/e4ca631e3efb970409c1f6ae88247928/element/f.C691F06ADA7EF9549F3769A53F800D74.d.635144CC945D657558E4D4F04EFC06E9.e.23853/clear - {}
COMMAND: GET /session/e4ca631e3efb970409c1f6ae88247928/screenshot - {}
RESULT: {}
RESULT: {}
COMMAND: POST /session/e4ca631e3efb970409c1f6ae88247928/element/f.C691F06ADA7EF9549F3769A53F800D74.d.635144CC945D657558E4D4F04EFC06E9.e.23853/value - {"text":"30942"}
COMMAND: GET /session/e4ca631e3efb970409c1f6ae88247928/screenshot - {}
RESULT: {}
RESULT: {"text":"30942"}
COMMAND: GET /session/e4ca631e3efb970409c1f6ae88247928/screenshot - {}
RESULT: {}
RESULT: {}
COMMAND: POST /session/e4ca631e3efb970409c1f6ae88247928/actions - {"actions":[{"id":"action88","type":"key","parameters":{},"actions":[{"type":"keyDown","value":"î€‡"},{"type":"pause","duration":10},{"type":"keyUp","value":"î€‡"}]}]}
RESULT: {"actions":[{"id":"action88","type":"key","parameters":{},"actions":[{"type":"keyDown","value":"î€‡"},{"type":"pause","duration":10},{"type":"keyUp","value":"î€‡"}]}]}
COMMAND: GET /session/e4ca631e3efb970409c1f6ae88247928/screenshot - {}
RESULT: {}
COMMAND: POST /session/e4ca631e3efb970409c1f6ae88247928/element - {"using":"xpath","value":"//span[contains(@id, \"smartTable-header-inner\")]"}
RESULT: {"using":"xpath","value":"//span[contains(@id, \"smartTable-header-inner\")]"}
COMMAND: POST /session/e4ca631e3efb970409c1f6ae88247928/elements - {"using":"xpath","value":"//span[contains(@id, \"smartTable-header-inner\")]"}
RESULT: {"using":"xpath","value":"//span[contains(@id, \"smartTable-header-inner\")]"}
COMMAND: POST /session/e4ca631e3efb970409c1f6ae88247928/execute/sync - {"script":"<script> [56 bytes]","args":[{"element-6066-11e4-a52e-4f735466cecf":"f.C691F06ADA7EF9549F3769A53F800D74.d.635144CC945D657558E4D4F04EFC06E9.e.24401","ELEMENT":"f.C691F06ADA7EF9549F3769A53F800D74.d.635144CC945D657558E4D4F04EFC06E9.e.24401"}]}
RESULT: {"script":"<script> [56 bytes]","args":[{"element-6066-11e4-a52e-4f735466cecf":"f.C691F06ADA7EF9549F3769A53F800D74.d.635144CC945D657558E4D4F04EFC06E9.e.24401","ELEMENT":"f.C691F06ADA7EF9549F3769A53F800D74.d.635144CC945D657558E4D4F04EFC06E9.e.24401"}]}
COMMAND: POST /session/e4ca631e3efb970409c1f6ae88247928/elements - {"using":"xpath","value":"//thead[contains(@class, \"sapMTableTH\")]/tr/th"}
COMMAND: GET /session/e4ca631e3efb970409c1f6ae88247928/screenshot - {}
RESULT: {"using":"xpath","value":"//thead[contains(@class, \"sapMTableTH\")]/tr/th"}
COMMAND: GET /session/e4ca631e3efb970409c1f6ae88247928/element/f.C691F06ADA7EF9549F3769A53F800D74.d.635144CC945D657558E4D4F04EFC06E9.e.24490/text - {}
RESULT: {}
RESULT: {}
COMMAND: GET /session/e4ca631e3efb970409c1f6ae88247928/element/f.C691F06ADA7EF9549F3769A53F800D74.d.635144CC945D657558E4D4F04EFC06E9.e.24491/text - {}
RESULT: {}
COMMAND: GET /session/e4ca631e3efb970409c1f6ae88247928/element/f.C691F06ADA7EF9549F3769A53F800D74.d.635144CC945D657558E4D4F04EFC06E9.e.23884/text - {}
RESULT: {}
COMMAND: GET /session/e4ca631e3efb970409c1f6ae88247928/element/f.C691F06ADA7EF9549F3769A53F800D74.d.635144CC945D657558E4D4F04EFC06E9.e.23886/text - {}
RESULT: {}
COMMAND: GET /session/e4ca631e3efb970409c1f6ae88247928/element/f.C691F06ADA7EF9549F3769A53F800D74.d.635144CC945D657558E4D4F04EFC06E9.e.24457/text - {}
RESULT: {}
COMMAND: GET /session/e4ca631e3efb970409c1f6ae88247928/element/f.C691F06ADA7EF9549F3769A53F800D74.d.635144CC945D657558E4D4F04EFC06E9.e.24458/text - {}
RESULT: {}
COMMAND: GET /session/e4ca631e3efb970409c1f6ae88247928/element/f.C691F06ADA7EF9549F3769A53F800D74.d.635144CC945D657558E4D4F04EFC06E9.e.24459/text - {}
RESULT: {}
COMMAND: GET /session/e4ca631e3efb970409c1f6ae88247928/element/f.C691F06ADA7EF9549F3769A53F800D74.d.635144CC945D657558E4D4F04EFC06E9.e.24460/text - {}
RESULT: {}
COMMAND: GET /session/e4ca631e3efb970409c1f6ae88247928/element/f.C691F06ADA7EF9549F3769A53F800D74.d.635144CC945D657558E4D4F04EFC06E9.e.24461/text - {}
RESULT: {}
COMMAND: GET /session/e4ca631e3efb970409c1f6ae88247928/element/f.C691F06ADA7EF9549F3769A53F800D74.d.635144CC945D657558E4D4F04EFC06E9.e.24462/text - {}
RESULT: {}
COMMAND: GET /session/e4ca631e3efb970409c1f6ae88247928/element/f.C691F06ADA7EF9549F3769A53F800D74.d.635144CC945D657558E4D4F04EFC06E9.e.24463/text - {}
RESULT: {}
COMMAND: GET /session/e4ca631e3efb970409c1f6ae88247928/element/f.C691F06ADA7EF9549F3769A53F800D74.d.635144CC945D657558E4D4F04EFC06E9.e.24464/text - {}
RESULT: {}
COMMAND: GET /session/e4ca631e3efb970409c1f6ae88247928/element/f.C691F06ADA7EF9549F3769A53F800D74.d.635144CC945D657558E4D4F04EFC06E9.e.24465/text - {}
RESULT: {}
COMMAND: GET /session/e4ca631e3efb970409c1f6ae88247928/element/f.C691F06ADA7EF9549F3769A53F800D74.d.635144CC945D657558E4D4F04EFC06E9.e.23887/text - {}
RESULT: {}
COMMAND: POST /session/e4ca631e3efb970409c1f6ae88247928/element - {"using":"xpath","value":"//tbody[contains(@id, \"customHandoversTable-tblBody\")]/tr[1]/td[14]/div/span"}
RESULT: {"using":"xpath","value":"//tbody[contains(@id, \"customHandoversTable-tblBody\")]/tr[1]/td[14]/div/span"}
COMMAND: POST /session/e4ca631e3efb970409c1f6ae88247928/execute/sync - {"script":"<script> [56 bytes]","args":[{"element-6066-11e4-a52e-4f735466cecf":"f.C691F06ADA7EF9549F3769A53F800D74.d.635144CC945D657558E4D4F04EFC06E9.e.24544","ELEMENT":"f.C691F06ADA7EF9549F3769A53F800D74.d.635144CC945D657558E4D4F04EFC06E9.e.24544"}]}
RESULT: {"script":"<script> [56 bytes]","args":[{"element-6066-11e4-a52e-4f735466cecf":"f.C691F06ADA7EF9549F3769A53F800D74.d.635144CC945D657558E4D4F04EFC06E9.e.24544","ELEMENT":"f.C691F06ADA7EF9549F3769A53F800D74.d.635144CC945D657558E4D4F04EFC06E9.e.24544"}]}
COMMAND: POST /session/e4ca631e3efb970409c1f6ae88247928/element - {"using":"xpath","value":"(//span[contains(@id, \"imgNav\")])[1]"}
COMMAND: GET /session/e4ca631e3efb970409c1f6ae88247928/screenshot - {}
RESULT: {"using":"xpath","value":"(//span[contains(@id, \"imgNav\")])[1]"}
COMMAND: POST /session/e4ca631e3efb970409c1f6ae88247928/element/f.C691F06ADA7EF9549F3769A53F800D74.d.635144CC945D657558E4D4F04EFC06E9.e.24545/click - {}
RESULT: {}
RESULT: {}
COMMAND: GET /session/e4ca631e3efb970409c1f6ae88247928/screenshot - {}
RESULT: {}
RESULT: undefined
COMMAND: POST /session/e4ca631e3efb970409c1f6ae88247928/execute/async - {"script":"<script> [776 bytes]","args":[{"enterText":"05/28/25","selector":{"id":"receiptDatePicker","viewName":"etm.portal.ui.managehandovers.view.DetailExecuteHO","interaction":{"idSuffix":"inner"}},"clearTextFirst":true,"interactionType":"ENTER_TEXT"}]}
RESULT: {"script":"<script> [776 bytes]","args":[{"enterText":"05/28/25","selector":{"id":"receiptDatePicker","viewName":"etm.portal.ui.managehandovers.view.DetailExecuteHO","interaction":{"idSuffix":"inner"}},"clearTextFirst":true,"interactionType":"ENTER_TEXT"}]}
COMMAND: POST /session/e4ca631e3efb970409c1f6ae88247928/element - {"using":"xpath","value":"//bdi[contains(text(), \"OK\")]"}
RESULT: {"using":"xpath","value":"//bdi[contains(text(), \"OK\")]"}
COMMAND: POST /session/e4ca631e3efb970409c1f6ae88247928/element/f.C691F06ADA7EF9549F3769A53F800D74.d.635144CC945D657558E4D4F04EFC06E9.e.24582/click - {}
RESULT: {}
COMMAND: GET /session/e4ca631e3efb970409c1f6ae88247928/screenshot - {}
RESULT: {}
COMMAND: POST /session/e4ca631e3efb970409c1f6ae88247928/element - {"using":"xpath","value":"//button[@data-kt=\"PickingTableConfirmAllButton\"]"}
RESULT: {"using":"xpath","value":"//button[@data-kt=\"PickingTableConfirmAllButton\"]"}
COMMAND: POST /session/e4ca631e3efb970409c1f6ae88247928/element/f.C691F06ADA7EF9549F3769A53F800D74.d.635144CC945D657558E4D4F04EFC06E9.e.24564/click - {}
RESULT: {}
COMMAND: GET /session/e4ca631e3efb970409c1f6ae88247928/screenshot - {}
RESULT: {}
COMMAND: POST /session/e4ca631e3efb970409c1f6ae88247928/element - {"using":"xpath","value":"//bdi[contains(text(), \"OK\")]"}
RESULT: {"using":"xpath","value":"//bdi[contains(text(), \"OK\")]"}
COMMAND: POST /session/e4ca631e3efb970409c1f6ae88247928/element/f.C691F06ADA7EF9549F3769A53F800D74.d.635144CC945D657558E4D4F04EFC06E9.e.24600/click - {}
RESULT: {}
COMMAND: GET /session/e4ca631e3efb970409c1f6ae88247928/screenshot - {}
RESULT: {}
COMMAND: POST /session/e4ca631e3efb970409c1f6ae88247928/element - {"using":"xpath","value":"//button[@data-kt= \"execHoReceiveButton\"]"}
RESULT: {"using":"xpath","value":"//button[@data-kt= \"execHoReceiveButton\"]"}
COMMAND: POST /session/e4ca631e3efb970409c1f6ae88247928/element/f.C691F06ADA7EF9549F3769A53F800D74.d.635144CC945D657558E4D4F04EFC06E9.e.24601/click - {}
RESULT: {}
COMMAND: GET /session/e4ca631e3efb970409c1f6ae88247928/screenshot - {}
RESULT: {}
COMMAND: POST /session/e4ca631e3efb970409c1f6ae88247928/element - {"using":"xpath","value":"//input[contains(@id ,\"smartFilterBar-btnBasicSearch-I\")]"}
RESULT: {"using":"xpath","value":"//input[contains(@id ,\"smartFilterBar-btnBasicSearch-I\")]"}
COMMAND: POST /session/e4ca631e3efb970409c1f6ae88247928/elements - {"using":"xpath","value":"//input[contains(@id ,\"smartFilterBar-btnBasicSearch-I\")]"}
RESULT: {"using":"xpath","value":"//input[contains(@id ,\"smartFilterBar-btnBasicSearch-I\")]"}
COMMAND: POST /session/e4ca631e3efb970409c1f6ae88247928/execute/sync - {"script":"<script> [8489 bytes]","args":[{"element-6066-11e4-a52e-4f735466cecf":"f.C691F06ADA7EF9549F3769A53F800D74.d.635144CC945D657558E4D4F04EFC06E9.e.23853","ELEMENT":"f.C691F06ADA7EF9549F3769A53F800D74.d.635144CC945D657558E4D4F04EFC06E9.e.23853"}]}
RESULT: {"script":"<script> [8489 bytes]","args":[{"element-6066-11e4-a52e-4f735466cecf":"f.C691F06ADA7EF9549F3769A53F800D74.d.635144CC945D657558E4D4F04EFC06E9.e.23853","ELEMENT":"f.C691F06ADA7EF9549F3769A53F800D74.d.635144CC945D657558E4D4F04EFC06E9.e.23853"}]}
COMMAND: GET /session/e4ca631e3efb970409c1f6ae88247928/element/f.C691F06ADA7EF9549F3769A53F800D74.d.635144CC945D657558E4D4F04EFC06E9.e.23853/enabled - {}
COMMAND: GET /session/e4ca631e3efb970409c1f6ae88247928/screenshot - {}
RESULT: {}
COMMAND: POST /session/e4ca631e3efb970409c1f6ae88247928/element/f.C691F06ADA7EF9549F3769A53F800D74.d.635144CC945D657558E4D4F04EFC06E9.e.23853/clear - {}
COMMAND: GET /session/e4ca631e3efb970409c1f6ae88247928/screenshot - {}
RESULT: {}
RESULT: {}
COMMAND: POST /session/e4ca631e3efb970409c1f6ae88247928/element/f.C691F06ADA7EF9549F3769A53F800D74.d.635144CC945D657558E4D4F04EFC06E9.e.23853/value - {"text":"30942"}
COMMAND: GET /session/e4ca631e3efb970409c1f6ae88247928/screenshot - {}
RESULT: {}
RESULT: {"text":"30942"}
COMMAND: GET /session/e4ca631e3efb970409c1f6ae88247928/screenshot - {}
RESULT: {}
RESULT: {}
COMMAND: POST /session/e4ca631e3efb970409c1f6ae88247928/actions - {"actions":[{"id":"action89","type":"key","parameters":{},"actions":[{"type":"keyDown","value":"î€‡"},{"type":"pause","duration":10},{"type":"keyUp","value":"î€‡"}]}]}
RESULT: {"actions":[{"id":"action89","type":"key","parameters":{},"actions":[{"type":"keyDown","value":"î€‡"},{"type":"pause","duration":10},{"type":"keyUp","value":"î€‡"}]}]}
COMMAND: GET /session/e4ca631e3efb970409c1f6ae88247928/screenshot - {}
RESULT: {}
COMMAND: POST /session/e4ca631e3efb970409c1f6ae88247928/element - {"using":"xpath","value":"//span[contains(@id, \"smartTable-header-inner\")]"}
RESULT: {"using":"xpath","value":"//span[contains(@id, \"smartTable-header-inner\")]"}
COMMAND: POST /session/e4ca631e3efb970409c1f6ae88247928/elements - {"using":"xpath","value":"//span[contains(@id, \"smartTable-header-inner\")]"}
RESULT: {"using":"xpath","value":"//span[contains(@id, \"smartTable-header-inner\")]"}
COMMAND: POST /session/e4ca631e3efb970409c1f6ae88247928/execute/sync - {"script":"<script> [56 bytes]","args":[{"element-6066-11e4-a52e-4f735466cecf":"f.C691F06ADA7EF9549F3769A53F800D74.d.635144CC945D657558E4D4F04EFC06E9.e.24401","ELEMENT":"f.C691F06ADA7EF9549F3769A53F800D74.d.635144CC945D657558E4D4F04EFC06E9.e.24401"}]}
RESULT: {"script":"<script> [56 bytes]","args":[{"element-6066-11e4-a52e-4f735466cecf":"f.C691F06ADA7EF9549F3769A53F800D74.d.635144CC945D657558E4D4F04EFC06E9.e.24401","ELEMENT":"f.C691F06ADA7EF9549F3769A53F800D74.d.635144CC945D657558E4D4F04EFC06E9.e.24401"}]}
COMMAND: POST /session/e4ca631e3efb970409c1f6ae88247928/elements - {"using":"xpath","value":"//thead[contains(@class, \"sapMTableTH\")]/tr/th"}
COMMAND: GET /session/e4ca631e3efb970409c1f6ae88247928/screenshot - {}
RESULT: {"using":"xpath","value":"//thead[contains(@class, \"sapMTableTH\")]/tr/th"}
COMMAND: GET /session/e4ca631e3efb970409c1f6ae88247928/element/f.C691F06ADA7EF9549F3769A53F800D74.d.635144CC945D657558E4D4F04EFC06E9.e.24490/text - {}
RESULT: {}
RESULT: {}
COMMAND: GET /session/e4ca631e3efb970409c1f6ae88247928/element/f.C691F06ADA7EF9549F3769A53F800D74.d.635144CC945D657558E4D4F04EFC06E9.e.24491/text - {}
RESULT: {}
COMMAND: GET /session/e4ca631e3efb970409c1f6ae88247928/element/f.C691F06ADA7EF9549F3769A53F800D74.d.635144CC945D657558E4D4F04EFC06E9.e.23884/text - {}
RESULT: {}
COMMAND: GET /session/e4ca631e3efb970409c1f6ae88247928/element/f.C691F06ADA7EF9549F3769A53F800D74.d.635144CC945D657558E4D4F04EFC06E9.e.23886/text - {}
RESULT: {}
COMMAND: GET /session/e4ca631e3efb970409c1f6ae88247928/element/f.C691F06ADA7EF9549F3769A53F800D74.d.635144CC945D657558E4D4F04EFC06E9.e.24606/text - {}
RESULT: {}
COMMAND: GET /session/e4ca631e3efb970409c1f6ae88247928/element/f.C691F06ADA7EF9549F3769A53F800D74.d.635144CC945D657558E4D4F04EFC06E9.e.24607/text - {}
RESULT: {}
COMMAND: GET /session/e4ca631e3efb970409c1f6ae88247928/element/f.C691F06ADA7EF9549F3769A53F800D74.d.635144CC945D657558E4D4F04EFC06E9.e.24608/text - {}
RESULT: {}
COMMAND: GET /session/e4ca631e3efb970409c1f6ae88247928/element/f.C691F06ADA7EF9549F3769A53F800D74.d.635144CC945D657558E4D4F04EFC06E9.e.24609/text - {}
RESULT: {}
COMMAND: GET /session/e4ca631e3efb970409c1f6ae88247928/element/f.C691F06ADA7EF9549F3769A53F800D74.d.635144CC945D657558E4D4F04EFC06E9.e.24610/text - {}
RESULT: {}
COMMAND: GET /session/e4ca631e3efb970409c1f6ae88247928/element/f.C691F06ADA7EF9549F3769A53F800D74.d.635144CC945D657558E4D4F04EFC06E9.e.24611/text - {}
RESULT: {}
COMMAND: GET /session/e4ca631e3efb970409c1f6ae88247928/element/f.C691F06ADA7EF9549F3769A53F800D74.d.635144CC945D657558E4D4F04EFC06E9.e.24612/text - {}
RESULT: {}
COMMAND: GET /session/e4ca631e3efb970409c1f6ae88247928/element/f.C691F06ADA7EF9549F3769A53F800D74.d.635144CC945D657558E4D4F04EFC06E9.e.24613/text - {}
RESULT: {}
COMMAND: GET /session/e4ca631e3efb970409c1f6ae88247928/element/f.C691F06ADA7EF9549F3769A53F800D74.d.635144CC945D657558E4D4F04EFC06E9.e.24614/text - {}
RESULT: {}
COMMAND: GET /session/e4ca631e3efb970409c1f6ae88247928/element/f.C691F06ADA7EF9549F3769A53F800D74.d.635144CC945D657558E4D4F04EFC06E9.e.23887/text - {}
RESULT: {}
COMMAND: POST /session/e4ca631e3efb970409c1f6ae88247928/element - {"using":"xpath","value":"//tbody[contains(@id, \"customHandoversTable-tblBody\")]/tr[1]/td[14]/div/span"}
RESULT: {"using":"xpath","value":"//tbody[contains(@id, \"customHandoversTable-tblBody\")]/tr[1]/td[14]/div/span"}
COMMAND: POST /session/e4ca631e3efb970409c1f6ae88247928/execute/sync - {"script":"<script> [56 bytes]","args":[{"element-6066-11e4-a52e-4f735466cecf":"f.C691F06ADA7EF9549F3769A53F800D74.d.635144CC945D657558E4D4F04EFC06E9.e.24657","ELEMENT":"f.C691F06ADA7EF9549F3769A53F800D74.d.635144CC945D657558E4D4F04EFC06E9.e.24657"}]}
RESULT: {"script":"<script> [56 bytes]","args":[{"element-6066-11e4-a52e-4f735466cecf":"f.C691F06ADA7EF9549F3769A53F800D74.d.635144CC945D657558E4D4F04EFC06E9.e.24657","ELEMENT":"f.C691F06ADA7EF9549F3769A53F800D74.d.635144CC945D657558E4D4F04EFC06E9.e.24657"}]}
COMMAND: POST /session/e4ca631e3efb970409c1f6ae88247928/element - {"using":"css selector","value":"#shell-header-logo"}
COMMAND: GET /session/e4ca631e3efb970409c1f6ae88247928/screenshot - {}
RESULT: {"using":"css selector","value":"#shell-header-logo"}
COMMAND: POST /session/e4ca631e3efb970409c1f6ae88247928/element/f.C691F06ADA7EF9549F3769A53F800D74.d.635144CC945D657558E4D4F04EFC06E9.e.23506/click - {}
RESULT: {}
RESULT: {}
COMMAND: GET /session/e4ca631e3efb970409c1f6ae88247928/screenshot - {}
RESULT: {}
]]></system-out>
    </testcase>
    <testcase classname="chrome.135_0_7049_115.windows.Billing_Calculation_-_Time_based_(considering_transport_times)_US139738" name="Should do another billing run but in around 17 days from today" time="61.931">
      <system-out><![CDATA[
RESULT: undefined
COMMAND: POST /session/e4ca631e3efb970409c1f6ae88247928/element - {"using":"xpath","value":"//*[@id=\"__tile51\"]"}
RESULT: {"using":"xpath","value":"//*[@id=\"__tile51\"]"}
COMMAND: POST /session/e4ca631e3efb970409c1f6ae88247928/element/f.C691F06ADA7EF9549F3769A53F800D74.d.635144CC945D657558E4D4F04EFC06E9.e.18800/click - {}
RESULT: {}
COMMAND: GET /session/e4ca631e3efb970409c1f6ae88247928/screenshot - {}
RESULT: {}
RESULT: undefined
COMMAND: POST /session/e4ca631e3efb970409c1f6ae88247928/execute/async - {"script":"<script> [776 bytes]","args":[{"enterText":"10622","selector":{"id":"application-managebillings-display-component---billRunCalcResult--smartFilterBar-btnBasicSearch","interaction":{"idSuffix":"I"}},"clearTextFirst":true,"interactionType":"ENTER_TEXT"}]}
RESULT: {"script":"<script> [776 bytes]","args":[{"enterText":"10622","selector":{"id":"application-managebillings-display-component---billRunCalcResult--smartFilterBar-btnBasicSearch","interaction":{"idSuffix":"I"}},"clearTextFirst":true,"interactionType":"ENTER_TEXT"}]}
COMMAND: POST /session/e4ca631e3efb970409c1f6ae88247928/actions - {"actions":[{"id":"action90","type":"key","parameters":{},"actions":[{"type":"keyDown","value":"î€‡"},{"type":"pause","duration":10},{"type":"keyUp","value":"î€‡"}]}]}
RESULT: {"actions":[{"id":"action90","type":"key","parameters":{},"actions":[{"type":"keyDown","value":"î€‡"},{"type":"pause","duration":10},{"type":"keyUp","value":"î€‡"}]}]}
COMMAND: GET /session/e4ca631e3efb970409c1f6ae88247928/screenshot - {}
RESULT: {}
COMMAND: POST /session/e4ca631e3efb970409c1f6ae88247928/element - {"using":"xpath","value":"//td[@aria-colindex=\"1\"]/div/div[contains(@class, \"sapMCbBg\")]"}
RESULT: {"using":"xpath","value":"//td[@aria-colindex=\"1\"]/div/div[contains(@class, \"sapMCbBg\")]"}
COMMAND: POST /session/e4ca631e3efb970409c1f6ae88247928/element/f.C691F06ADA7EF9549F3769A53F800D74.d.635144CC945D657558E4D4F04EFC06E9.e.24873/click - {}
RESULT: {}
COMMAND: GET /session/e4ca631e3efb970409c1f6ae88247928/screenshot - {}
RESULT: {}
RESULT: undefined
COMMAND: POST /session/e4ca631e3efb970409c1f6ae88247928/execute/async - {"script":"<script> [776 bytes]","args":[{"enterText":"05/24/25","selector":{"id":"application-managebillings-display-component---billRunCalcResult--contractBillRunDate","interaction":{"idSuffix":"inner"}},"clearTextFirst":true,"interactionType":"ENTER_TEXT"}]}
RESULT: {"script":"<script> [776 bytes]","args":[{"enterText":"05/24/25","selector":{"id":"application-managebillings-display-component---billRunCalcResult--contractBillRunDate","interaction":{"idSuffix":"inner"}},"clearTextFirst":true,"interactionType":"ENTER_TEXT"}]}
COMMAND: POST /session/e4ca631e3efb970409c1f6ae88247928/element - {"using":"xpath","value":"//bdi[contains(text(), \"Trigger Calculation\")]"}
RESULT: {"using":"xpath","value":"//bdi[contains(text(), \"Trigger Calculation\")]"}
COMMAND: POST /session/e4ca631e3efb970409c1f6ae88247928/element/f.C691F06ADA7EF9549F3769A53F800D74.d.635144CC945D657558E4D4F04EFC06E9.e.24924/click - {}
RESULT: {}
COMMAND: GET /session/e4ca631e3efb970409c1f6ae88247928/screenshot - {}
RESULT: {}
COMMAND: POST /session/e4ca631e3efb970409c1f6ae88247928/element - {"using":"xpath","value":"(//span[contains(@id, \"imgNav\")])[1]"}
RESULT: {"using":"xpath","value":"(//span[contains(@id, \"imgNav\")])[1]"}
COMMAND: POST /session/e4ca631e3efb970409c1f6ae88247928/element/f.C691F06ADA7EF9549F3769A53F800D74.d.635144CC945D657558E4D4F04EFC06E9.e.24874/click - {}
RESULT: {}
COMMAND: GET /session/e4ca631e3efb970409c1f6ae88247928/screenshot - {}
RESULT: {}
COMMAND: POST /session/e4ca631e3efb970409c1f6ae88247928/element - {"using":"xpath","value":"//tr/td[6]/div[1]/span[1]/span[1]"}
RESULT: {"using":"xpath","value":"//tr/td[6]/div[1]/span[1]/span[1]"}
COMMAND: GET /session/e4ca631e3efb970409c1f6ae88247928/element/f.C691F06ADA7EF9549F3769A53F800D74.d.635144CC945D657558E4D4F04EFC06E9.e.24928/text - {}
RESULT: {}
COMMAND: POST /session/e4ca631e3efb970409c1f6ae88247928/element - {"using":"xpath","value":"(//span[contains(@id, \"imgNav\")])[2]"}
RESULT: {"using":"xpath","value":"(//span[contains(@id, \"imgNav\")])[2]"}
COMMAND: POST /session/e4ca631e3efb970409c1f6ae88247928/element/f.C691F06ADA7EF9549F3769A53F800D74.d.635144CC945D657558E4D4F04EFC06E9.e.24929/click - {}
RESULT: {}
COMMAND: POST /session/e4ca631e3efb970409c1f6ae88247928/element - {"using":"xpath","value":"//bdi[contains(text(), \"Business Confirm\")]"}
COMMAND: GET /session/e4ca631e3efb970409c1f6ae88247928/screenshot - {}
RESULT: {"using":"xpath","value":"//bdi[contains(text(), \"Business Confirm\")]"}
COMMAND: POST /session/e4ca631e3efb970409c1f6ae88247928/elements - {"using":"xpath","value":"//bdi[contains(text(), \"Business Confirm\")]"}
RESULT: {}
RESULT: {"using":"xpath","value":"//bdi[contains(text(), \"Business Confirm\")]"}
COMMAND: POST /session/e4ca631e3efb970409c1f6ae88247928/element - {"using":"xpath","value":"//bdi[contains(text(), \"Business Confirm\")]"}
RESULT: {"using":"xpath","value":"//bdi[contains(text(), \"Business Confirm\")]"}
COMMAND: POST /session/e4ca631e3efb970409c1f6ae88247928/element/f.C691F06ADA7EF9549F3769A53F800D74.d.635144CC945D657558E4D4F04EFC06E9.e.24973/click - {}
RESULT: {}
COMMAND: POST /session/e4ca631e3efb970409c1f6ae88247928/element - {"using":"css selector","value":"#shell-header-logo"}
COMMAND: GET /session/e4ca631e3efb970409c1f6ae88247928/screenshot - {}
RESULT: {"using":"css selector","value":"#shell-header-logo"}
COMMAND: POST /session/e4ca631e3efb970409c1f6ae88247928/element/f.C691F06ADA7EF9549F3769A53F800D74.d.635144CC945D657558E4D4F04EFC06E9.e.24661/click - {}
RESULT: {}
RESULT: {}
COMMAND: GET /session/e4ca631e3efb970409c1f6ae88247928/screenshot - {}
RESULT: {}
]]></system-out>
    </testcase>
  </testsuite>
</testsuites>